Avg_MHz	Busy%	Bzy_MHz	TSC_MHz	IPC	IRQ	SMI	POLL	C1	C1E	C3	C6	C7s	C8	C9	C10	POLL%	C1%	C1E%	C3%	C6%	C7s%	C8%	C9%	C10%	CPU%c1	CPU%c3	CPU%c6	CPU%c7	CoreTmp	CoreThr	PkgTmp	Totl%C0	Any%C0	GFX%C0	CPUGFX%	Pkg%pc2	Pkg%pc3	Pkg%pc6	Pkg%pc7	Pkg%pc8	Pkg%pc9	Pk%pc10	CPU%LPI	SYS%LPI	PkgWatt	CorWatt	GFXWatt	RAMWatt	PKG_%	RAM_%
194	11.89	1600	3150	0.80	93	0	0	2	2	0	36	0	8	0	0	0.00	1.47	0.44	0.00	71.94	0.00	16.17	0.00	0.00	15.53	0.00	69.43	3.15	55	0	56	98.64	81.55	0.00	0.00	1.06	15.46	0.00	0.00	0.00	0.00	0.00	0.00	0.00	6.29	2.57	0.00	1.18	0.00	0.00
185	11.56	1599	3102	0.82	49	0	0	0	1	1	41	0	4	0	0	0.00	0.00	0.09	0.59	80.00	0.00	8.26	0.00	0.00	15.59	1.05	71.80	0.00	55	0	56	90.53	79.96	0.00	0.00	2.21	14.45	0.00	0.00	0.00	0.00	0.00	0.00	0.00	5.23	2.58	0.00	0.96	0.00	0.00
339	22.63	1600	2900	0.86	43	0	0	0	2	4	43	0	5	0	0	0.00	0.00	0.34	1.21	63.84	0.00	7.41	0.00	0.00	21.41	1.19	53.24	1.52	56	0	56	134.78	89.58	0.00	0.00	0.00	0.00	0.00	0.00	0.00	0.00	0.00	0.00	0.00	6.07	2.94	0.00	1.06	0.00	0.00
462	27.87	1600	3208	0.81	52	0	0	0	1	4	40	0	5	0	0	0.00	0.00	0.21	2.13	61.90	0.00	10.81	0.00	0.00	26.51	2.73	42.88	0.00	56	0	56	220.55	106.86	0.00	0.00	0.00	0.00	0.00	0.00	0.00	0.00	0.00	0.00	0.00	8.12	5.03	0.00	1.30	0.00	0.00
372	22.99	1600	3129	0.87	50	0	0	2	2	1	29	0	15	0	0	0.00	0.02	0.23	0.46	48.25	0.00	29.22	0.00	0.00	22.35	0.78	53.88	0.00	57	0	56	179.19	100.39	0.00	0.00	0.00	0.00	0.00	0.00	0.00	0.00	0.00	0.00	0.00	7.59	4.08	0.00	1.20	0.00	0.00
431	26.20	1600	3181	1.00	50	0	0	0	1	1	37	0	6	0	0	0.00	0.00	0.35	0.70	65.51	0.00	9.59	0.00	0.00	25.12	1.18	47.50	0.00	57	0	57	170.52	102.80	0.00	0.00	0.00	0.00	0.00	0.00	0.00	0.00	0.00	0.00	0.00	7.51	4.16	0.00	1.14	0.00	0.00
345	22.54	1600	2959	0.75	49	0	0	0	4	7	50	0	1	0	0	0.00	0.00	0.77	2.17	70.63	0.00	0.87	0.00	0.00	25.21	2.53	49.72	0.00	56	0	56	184.14	96.27	0.00	0.00	0.00	0.00	0.00	0.00	0.00	0.00	0.00	0.00	0.00	6.36	3.93	0.00	0.99	0.00	0.00
414	26.41	1600	3036	0.64	45	0	0	0	12	11	60	0	2	0	0	0.00	0.00	2.42	3.90	62.29	0.00	4.07	0.00	0.00	29.20	2.86	41.54	0.00	56	0	56	192.07	95.35	0.00	0.00	0.00	0.00	0.00	0.00	0.00	0.00	0.00	0.00	0.00	7.49	4.26	0.00	1.14	0.00	0.00
385	23.29	1600	3204	0.71	52	0	0	2	6	6	55	0	2	0	0	0.00	0.02	2.04	3.10	70.59	0.00	4.07	0.00	0.00	25.98	4.37	46.36	0.00	56	0	56	187.23	105.01	0.00	0.00	0.00	0.00	0.00	0.00	0.00	0.00	0.00	0.00	0.00	8.55	4.45	0.00	1.32	0.00	0.00
449	28.21	1600	3077	0.59	50	0	0	1	20	19	68	0	0	0	0	0.00	0.02	5.04	7.96	58.95	0.00	0.00	0.00	0.00	35.91	10.39	25.49	0.00	56	0	56	200.13	100.02	0.00	0.00	0.00	0.00	0.00	0.00	0.00	0.00	0.00	0.00	0.00	6.63	4.44	0.00	0.96	0.00	0.00
487	30.41	1600	3098	0.61	49	0	0	6	21	19	54	0	1	0	0	0.00	0.21	8.28	7.41	53.59	0.00	0.69	0.00	0.00	33.61	5.73	30.24	0.00	57	0	57	204.78	101.31	0.00	0.00	0.00	0.00	0.00	0.00	0.00	0.00	0.00	0.00	0.00	8.38	4.78	0.00	1.13	0.00	0.00
395	27.13	1600	2819	0.77	49	0	0	12	7	11	90	0	0	0	0	0.00	4.75	0.91	2.53	58.71	0.00	0.00	0.00	0.00	25.11	4.26	43.50	0.00	56	0	56	130.51	71.50	0.00	0.00	0.00	0.00	0.00	0.00	0.00	0.00	0.00	0.00	0.00	5.03	2.70	0.00	0.73	0.00	0.00
331	22.79	1600	2813	0.43	130	0	0	3	3	1	124	0	11	0	0	0.00	0.68	0.38	0.24	64.10	0.00	5.09	0.00	0.00	17.17	0.47	57.47	2.11	56	0	56	121.80	52.48	0.00	0.00	0.00	0.00	0.00	0.00	0.00	0.00	0.00	0.00	0.00	3.43	2.23	0.00	0.55	0.00	0.00
217	53.18	1633	772	0.09	169	0	0	0	3	1	62	0	17	0	1	0.00	0.00	0.04	0.03	5.79	0.00	1.74	0.00	4.11	34.44	0.20	12.18	0.00	56	0	56	82.10	62.52	0.00	0.00	0.00	0.00	0.00	0.00	0.00	0.00	0.00	0.00	0.00	0.94	0.46	0.00	0.18	0.00	0.00
247	10.71	1836	3884	0.05	387	0	0	1	1	2	122	0	156	0	49	0.00	0.00	0.01	0.03	10.23	0.00	13.33	0.00	88.50	15.96	0.00	12.62	60.71	57	0	57	90.44	83.31	0.00	0.00	0.00	0.00	0.00	0.00	0.00	0.00	0.00	0.00	0.00	6.09	2.77	0.00	1.05	0.00	0.00
233	8.39	1606	5347	0.21	307	0	0	0	2	1	81	0	125	0	71	0.00	0.00	0.03	0.05	14.17	0.00	23.22	0.00	120.92	10.05	0.05	14.56	66.95	56	0	56	154.53	143.08	0.00	0.00	0.00	0.00	0.00	0.00	0.00	0.00	0.00	0.00	0.00	13.00	5.24	0.00	2.48	0.00	0.00
300	10.98	1600	5288	0.74	243	0	0	0	2	1	45	0	48	0	4	0.00	0.00	0.24	0.07	66.68	0.00	76.83	0.00	8.81	17.04	0.00	42.55	29.43	56	0	56	143.30	109.47	0.00	0.00	0.00	0.00	0.00	0.00	0.00	0.00	0.00	0.00	0.00	11.30	5.53	0.00	1.93	0.00	0.00
373	19.85	1600	3637	0.76	56	0	0	1	2	2	22	0	28	0	0	0.00	0.00	0.25	0.20	36.99	0.00	57.08	0.00	0.00	19.68	0.00	44.36	16.11	56	0	56	180.14	115.16	0.00	0.00	0.00	0.00	0.00	0.00	0.00	0.00	0.00	0.00	0.00	9.32	4.67	0.00	1.47	0.00	0.00
304	23.75	1600	2476	0.77	50	0	0	0	0	1	39	0	13	0	0	0.00	0.00	0.00	0.36	44.55	0.00	16.31	0.00	0.00	23.52	0.81	51.91	0.00	56	0	56	126.83	74.50	0.00	0.00	0.00	0.00	0.00	0.00	0.00	0.00	0.00	0.00	0.00	3.76	2.32	0.00	0.54	0.00	0.00
324	18.71	1600	3352	0.75	72	0	0	0	2	2	29	0	32	0	0	0.00	0.00	0.19	0.70	43.30	0.00	44.16	0.00	0.00	19.25	0.67	44.27	17.10	56	0	56	157.56	107.50	0.00	0.00	0.00	0.00	0.00	0.00	0.00	0.00	0.00	0.00	0.00	8.15	3.86	0.00	1.27	0.00	0.00
371	19.04	1600	3774	0.77	64	0	0	1	0	1	33	0	17	0	0	0.00	0.04	0.00	0.46	67.02	0.00	31.55	0.00	0.00	19.04	0.67	49.27	11.98	56	0	56	179.68	118.29	0.00	0.00	0.00	0.00	0.00	0.00	0.00	0.00	0.00	0.00	0.00	9.21	4.85	0.00	1.44	0.00	0.00
371	23.07	1600	3115	0.78	50	0	0	0	0	0	31	0	11	0	0	0.00	0.00	0.00	0.00	55.16	0.00	22.59	0.00	0.00	22.24	0.00	54.69	0.00	56	0	56	169.29	99.48	0.00	0.00	0.00	0.00	0.00	0.00	0.00	0.00	0.00	0.00	0.00	6.21	3.64	0.00	0.92	0.00	0.00
387	24.91	1600	3005	0.75	42	0	0	0	2	3	32	0	10	0	0	0.00	0.00	0.19	0.54	55.20	0.00	17.26	0.00	0.00	20.39	0.00	48.16	6.55	56	0	57	169.93	98.42	0.00	0.00	0.00	0.00	0.00	0.00	0.00	0.00	0.00	0.00	0.00	7.30	3.77	0.00	1.04	0.00	0.00
376	22.88	1600	3179	0.75	50	0	0	0	1	2	31	0	9	0	0	0.00	0.00	0.25	1.20	61.70	0.00	16.34	0.00	0.00	21.34	2.04	51.76	1.97	56	0	57	170.53	101.75	0.00	0.00	0.00	0.00	0.00	0.00	0.00	0.00	0.00	0.00	0.00	7.53	3.84	0.00	1.10	0.00	0.00
375	23.38	1600	3101	0.77	42	0	0	0	1	1	29	0	12	0	0	0.00	0.00	0.05	0.34	55.34	0.00	21.30	0.00	0.00	21.84	0.00	50.45	4.33	56	0	56	170.24	99.71	0.00	0.00	0.00	0.00	0.00	0.00	0.00	0.00	0.00	0.00	0.00	6.33	3.96	0.00	0.91	0.00	0.00
318	23.75	1600	2588	0.77	50	0	0	0	3	4	38	0	12	0	1	0.00	0.00	0.24	0.73	48.90	0.00	13.34	0.00	0.79	23.48	1.11	49.74	1.92	56	0	56	137.51	80.17	0.00	0.00	0.00	0.00	0.00	0.00	0.00	0.00	0.00	0.00	0.00	5.04	2.51	0.00	0.74	0.00	0.00
317	20.64	1600	2973	0.75	65	0	0	0	4	1	41	0	22	0	0	0.00	0.00	0.36	0.16	48.43	0.00	27.56	0.00	0.00	21.58	0.00	55.05	2.73	57	0	56	145.34	95.70	0.00	0.00	0.00	0.00	0.00	0.00	0.00	0.00	0.00	0.00	0.00	5.84	3.16	0.00	0.90	0.00	0.00
329	19.32	1600	3291	0.75	75	0	0	0	2	4	48	0	15	0	0	0.00	0.00	0.14	0.56	66.68	0.00	18.73	0.00	0.00	20.05	0.55	52.61	7.47	56	0	56	159.60	105.77	0.00	0.00	0.00	0.00	0.00	0.00	0.00	0.00	0.00	0.00	0.00	7.50	3.81	0.00	1.15	0.00	0.00
324	20.27	1600	3092	0.76	65	0	0	0	2	4	41	0	19	0	0	0.00	0.00	0.06	0.55	54.22	0.00	25.16	0.00	0.00	20.84	0.55	49.62	8.72	57	0	57	152.26	99.78	0.00	0.00	0.00	0.00	0.00	0.00	0.00	0.00	0.00	0.00	0.00	6.63	3.47	0.00	1.01	0.00	0.00
321	20.14	1600	3087	0.76	65	0	0	0	1	0	33	0	25	0	0	0.00	0.00	0.15	0.00	46.54	0.00	33.25	0.00	0.00	20.53	0.00	45.42	13.90	56	0	56	151.14	99.52	0.00	0.00	0.00	0.00	0.00	0.00	0.00	0.00	0.00	0.00	0.00	6.58	3.40	0.00	1.01	0.00	0.00
372	19.00	1600	3784	0.77	64	0	0	0	1	4	36	0	17	0	0	0.00	0.00	0.07	0.36	64.18	0.00	34.82	0.00	0.00	19.74	0.00	45.92	15.34	56	0	57	179.91	118.31	0.00	0.00	0.00	0.00	0.00	0.00	0.00	0.00	0.00	0.00	0.00	9.48	5.04	0.00	1.45	0.00	0.00
372	23.07	1600	3119	0.77	50	0	0	0	0	0	33	0	8	0	0	0.00	0.00	0.00	0.00	64.15	0.00	13.70	0.00	0.00	22.04	0.00	54.25	0.65	56	0	57	169.61	99.73	0.00	0.00	0.00	0.00	0.00	0.00	0.00	0.00	0.00	0.00	0.00	6.10	3.67	0.00	0.92	0.00	0.00
384	24.86	1600	2988	0.75	42	0	0	1	0	2	32	0	8	0	0	0.00	0.03	0.00	0.86	58.94	0.00	12.99	0.00	0.00	19.75	0.81	47.56	7.02	56	0	56	168.61	98.24	0.00	0.00	0.00	0.00	0.00	0.00	0.00	0.00	0.00	0.00	0.00	7.31	3.71	0.00	1.04	0.00	0.00
303	26.37	1600	2225	0.73	51	0	0	0	0	1	38	0	20	0	0	0.00	0.00	0.00	0.18	35.04	0.00	17.90	0.00	0.00	19.51	0.00	47.65	6.48	57	0	56	116.97	69.47	0.00	0.00	0.00	0.00	0.00	0.00	0.00	0.00	0.00	0.00	0.00	3.60	1.90	0.00	0.52	0.00	0.00
380	15.25	1600	4828	0.74	89	0	0	0	1	1	34	0	31	0	3	0.00	0.00	0.12	0.31	62.05	0.00	61.41	0.00	8.77	20.08	0.00	46.35	18.33	57	0	56	180.04	127.58	0.00	0.00	0.00	0.00	0.00	0.00	0.00	0.00	0.00	0.00	0.00	11.69	6.23	0.00	1.89	0.00	0.00
465	23.18	1787	3479	0.75	50	0	0	0	2	0	20	0	18	0	0	0.00	0.00	0.39	0.00	45.83	0.00	40.28	0.00	0.00	20.72	0.00	40.28	15.82	57	0	57	175.90	106.16	0.00	0.00	0.00	0.00	0.00	0.00	0.00	0.00	0.00	0.00	0.00	9.61	5.07	0.00	1.32	0.00	0.00
457	22.66	2000	3124	0.77	42	0	0	0	1	1	27	0	8	0	0	0.00	0.00	0.15	0.48	59.46	0.00	18.15	0.00	0.00	21.18	0.00	54.36	1.80	58	0	57	165.26	99.69	0.00	0.00	0.00	0.00	0.00	0.00	0.00	0.00	0.00	0.00	0.00	7.47	5.52	0.00	0.89	0.00	0.00
416	25.97	2303	2151	0.75	34	0	0	1	0	6	39	0	4	0	2	0.00	0.02	0.00	0.79	42.81	0.00	3.72	0.00	4.18	18.18	0.76	55.08	0.00	58	0	58	109.29	66.59	0.00	0.00	0.00	0.00	0.00	0.00	0.00	0.00	0.00	0.00	0.00	4.71	2.77	0.00	0.53	0.00	0.00
622	12.53	2688	5722	0.75	80	0	0	0	0	2	33	0	23	0	0	0.00	0.00	0.00	1.69	95.35	0.00	65.04	0.00	0.00	18.69	0.83	51.03	16.92	59	0	59	172.85	133.93	0.00	0.00	0.00	0.00	0.00	0.00	0.00	0.00	0.00	0.00	0.00	22.37	16.10	0.00	2.39	0.00	0.00
604	21.30	2800	3138	0.77	26	0	0	1	0	1	17	0	12	0	0	0.00	0.00	0.00	0.82	47.40	0.00	31.70	0.00	0.00	20.28	1.42	57.00	0.00	60	0	60	157.07	100.51	0.00	0.00	0.00	0.00	0.00	0.00	0.00	0.00	0.00	0.00	0.00	13.16	9.08	0.00	1.10	0.00	0.00
670	21.56	2952	3260	0.78	34	0	0	0	1	2	22	0	6	0	0	0.00	0.00	0.24	1.62	65.94	0.00	14.90	0.00	0.00	20.20	1.47	56.77	0.00	61	0	60	160.44	102.47	0.00	0.00	0.00	0.00	0.00	0.00	0.00	0.00	0.00	0.00	0.00	10.94	10.03	0.00	0.92	0.00	0.00
668	20.84	3200	3100	0.79	26	0	0	0	2	0	23	0	3	0	0	0.00	0.00	0.43	0.00	70.93	0.00	8.05	0.00	0.00	20.76	0.00	51.54	6.86	61	0	61	157.31	100.22	0.00	0.00	0.00	0.00	0.00	0.00	0.00	0.00	0.00	0.00	0.00	18.28	12.46	0.00	1.22	0.00	0.00
668	20.89	3200	3093	0.78	35	0	0	0	2	5	25	0	6	0	0	0.00	0.00	0.36	0.81	60.69	0.00	17.36	0.00	0.00	22.49	0.00	56.62	0.00	62	0	62	155.77	99.86	0.00	0.00	0.00	0.00	0.00	0.00	0.00	0.00	0.00	0.00	0.00	14.09	12.65	0.00	0.90	0.00	0.00
680	21.22	3454	2871	0.79	26	0	0	1	2	1	27	0	0	0	0	0.00	0.03	0.68	0.90	71.46	0.00	0.00	0.00	0.00	22.01	1.74	55.04	0.00	64	0	63	138.98	90.18	0.00	0.00	0.00	0.00	0.00	0.00	0.00	0.00	0.00	0.00	0.00	12.89	11.28	0.00	0.79	0.00	0.00
679	18.99	3600	3076	0.77	32	0	0	0	2	2	28	0	1	0	0	0.00	0.00	0.33	1.61	76.87	0.00	1.81	0.00	0.00	20.22	0.00	60.79	0.00	64	0	64	143.43	99.15	0.00	0.00	0.00	0.00	0.00	0.00	0.00	0.00	0.00	0.00	0.00	18.85	15.52	0.00	1.03	0.00	0.00
692	18.50	3759	3080	0.78	33	0	0	0	1	3	32	0	2	0	0	0.00	0.00	0.20	1.04	74.99	0.00	4.57	0.00	0.00	21.00	1.35	55.34	3.82	65	0	64	138.92	97.66	0.00	0.00	0.00	0.00	0.00	0.00	0.00	0.00	0.00	0.00	0.00	18.10	15.00	0.00	1.03	0.00	0.00
708	17.77	3996	3085	0.78	33	0	0	0	1	4	31	0	2	0	0	0.00	0.00	0.25	0.95	74.69	0.00	5.53	0.00	0.00	21.51	0.00	60.71	0.00	67	0	66	135.22	96.20	0.00	0.00	0.00	0.00	0.00	0.00	0.00	0.00	0.00	0.00	0.00	22.82	19.63	0.00	1.01	0.00	0.00
700	17.52	4014	3083	0.78	33	0	0	1	0	2	29	0	3	0	0	0.00	0.05	0.00	1.27	71.62	0.00	8.69	0.00	0.00	20.46	1.22	60.80	0.00	67	0	67	133.84	96.07	0.00	0.00	0.00	0.00	0.00	0.00	0.00	0.00	0.00	0.00	0.00	22.49	19.21	0.00	1.01	0.00	0.00
700	17.25	4078	3081	0.78	33	0	0	0	2	3	32	0	3	0	0	0.00	0.00	0.34	0.85	73.26	0.00	6.47	0.00	0.00	22.19	0.00	60.56	0.00	69	0	68	131.18	93.48	0.00	0.00	0.00	0.00	0.00	0.00	0.00	0.00	0.00	0.00	0.00	22.77	20.21	0.00	0.98	0.00	0.00
762	15.89	4090	3630	0.79	33	0	0	1	1	2	28	0	0	0	0	0.00	0.00	0.36	1.68	95.25	0.00	0.00	0.00	0.00	19.77	0.00	64.34	0.00	69	0	69	149.44	107.66	0.00	0.00	0.00	0.00	0.00	0.00	0.00	0.00	0.00	0.00	0.00	31.39	27.45	0.00	1.33	0.00	0.00
775	18.74	4091	3129	0.78	24	0	0	0	2	1	23	0	1	0	0	0.00	0.00	0.44	0.95	74.97	0.00	4.24	0.00	0.00	22.06	0.00	59.20	0.00	69	0	69	144.01	94.72	0.00	0.00	0.00	0.00	0.00	0.00	0.00	0.00	0.00	0.00	0.00	24.78	21.88	0.00	1.04	0.00	0.00
632	20.65	4091	2317	0.78	26	0	0	0	2	1	27	0	4	0	2	0.00	0.00	0.37	0.57	48.22	0.00	7.41	0.00	1.60	24.94	0.00	51.83	2.58	70	0	70	93.94	61.69	0.00	0.00	0.00	0.00	0.00	0.00	0.00	0.00	0.00	0.00	0.00	12.46	11.15	0.00	0.50	0.00	0.00
714	13.81	4088	3918	0.77	50	0	0	0	2	0	23	0	17	0	0	0.00	0.00	0.59	0.00	60.62	0.00	46.42	0.00	0.00	18.13	0.00	53.54	14.52	70	0	70	147.24	114.45	0.00	0.00	0.00	0.00	0.00	0.00	0.00	0.00	0.00	0.00	0.00	34.95	29.70	0.00	1.54	0.00	0.00
707	20.19	4088	2653	0.75	33	0	0	0	1	1	25	0	8	0	0	0.00	0.00	0.21	0.60	52.24	0.00	14.02	0.00	0.00	16.51	1.21	51.76	10.34	70	0	70	125.06	88.43	0.00	0.00	0.00	0.00	0.00	0.00	0.00	0.00	0.00	0.00	0.00	20.42	17.29	0.00	0.84	0.00	0.00
741	16.01	4088	3507	0.75	33	0	0	0	1	1	28	0	9	0	0	0.00	0.00	0.13	0.61	74.47	0.00	18.63	0.00	0.00	20.78	0.00	61.22	1.99	70	0	70	135.65	100.80	0.00	0.00	0.00	0.00	0.00	0.00	0.00	0.00	0.00	0.00	0.00	28.99	24.08	0.00	1.27	0.00	0.00
712	17.89	4089	3014	0.77	33	0	0	0	1	1	28	0	4	0	0	0.00	0.00	0.15	0.88	72.71	0.00	5.11	0.00	0.00	20.17	1.56	58.46	1.91	71	0	71	130.38	93.17	0.00	0.00	0.00	0.00	0.00	0.00	0.00	0.00	0.00	0.00	0.00	23.96	20.66	0.00	0.99	0.00	0.00
746	17.76	4087	3182	0.75	33	0	0	0	1	0	31	0	5	0	0	0.00	0.00	0.14	0.00	73.43	0.00	9.40	0.00	0.00	22.54	0.00	57.22	2.48	71	0	71	125.24	89.88	0.00	0.00	0.00	0.00	0.00	0.00	0.00	0.00	0.00	0.00	0.00	23.82	21.55	0.00	0.96	0.00	0.00
710	16.85	4091	3188	0.76	41	0	0	0	1	4	32	0	2	0	0	0.00	0.00	0.18	1.17	78.41	0.00	4.51	0.00	0.00	21.21	1.13	57.16	3.66	71	0	71	133.28	96.68	0.00	0.00	0.00	0.00	0.00	0.00	0.00	0.00	0.00	0.00	0.00	24.10	21.67	0.00	1.04	0.00	0.00
720	17.62	4090	3092	0.77	34	0	0	1	0	2	28	0	4	0	0	0.00	0.02	0.00	1.15	69.63	0.00	10.18	0.00	0.00	20.51	1.05	60.81	0.00	71	0	71	131.39	93.63	0.00	0.00	0.00	0.00	0.00	0.00	0.00	0.00	0.00	0.00	0.00	24.48	21.20	0.00	0.99	0.00	0.00
698	17.27	4089	3060	0.78	33	0	0	1	0	2	29	0	3	0	0	0.00	0.02	0.00	1.20	72.18	0.00	6.86	0.00	0.00	21.16	1.21	60.36	0.00	71	0	71	129.01	92.24	0.00	0.00	0.00	0.00	0.00	0.00	0.00	0.00	0.00	0.00	0.00	23.15	20.10	0.00	0.99	0.00	0.00
763	16.07	4091	3594	0.80	33	0	0	0	2	1	26	0	3	0	0	0.00	0.00	0.48	0.74	82.94	0.00	11.75	0.00	0.00	19.97	0.00	63.97	0.00	70	0	71	148.64	107.05	0.00	0.00	0.00	0.00	0.00	0.00	0.00	0.00	0.00	0.00	0.00	31.91	28.16	0.00	1.30	0.00	0.00
665	19.96	4090	2521	0.77	25	0	1	0	1	1	27	0	3	0	0	0.08	0.00	0.19	0.44	56.75	0.00	6.73	0.00	0.00	23.41	0.00	56.63	0.00	71	0	72	109.51	72.56	0.00	0.00	0.00	0.00	0.00	0.00	0.00	0.00	0.00	0.00	0.00	15.45	13.65	0.00	0.64	0.00	0.00
704	15.56	4088	3426	0.78	41	0	0	0	1	1	27	0	9	0	0	0.00	0.00	0.17	0.70	70.40	0.00	20.55	0.00	0.00	19.60	1.05	59.43	4.36	72	0	72	138.05	103.08	0.00	0.00	0.00	0.00	0.00	0.00	0.00	0.00	0.00	0.00	0.00	29.33	24.76	0.00	1.24	0.00	0.00
699	17.11	4090	3095	0.78	33	0	0	0	1	2	26	0	6	0	0	0.00	0.00	0.10	1.30	67.51	0.00	12.66	0.00	0.00	21.26	1.23	55.64	4.77	72	0	72	130.90	94.09	0.00	0.00	0.00	0.00	0.00	0.00	0.00	0.00	0.00	0.00	0.00	23.54	20.56	0.00	1.01	0.00	0.00
702	17.10	4090	3107	0.78	33	0	0	0	1	2	29	0	3	0	0	0.00	0.00	0.10	1.23	72.95	0.00	7.58	0.00	0.00	21.10	1.05	60.74	0.00	72	0	72	131.55	93.99	0.00	0.00	0.00	0.00	0.00	0.00	0.00	0.00	0.00	0.00	0.00	23.84	21.08	0.00	1.01	0.00	0.00
697	17.13	4090	3080	0.78	33	0	0	1	0	2	27	0	5	0	0	0.00	0.02	0.00	1.25	68.01	0.00	11.84	0.00	0.00	20.92	1.27	60.68	0.00	72	0	72	130.36	93.30	0.00	0.00	0.00	0.00	0.00	0.00	0.00	0.00	0.00	0.00	0.00	24.30	20.82	0.00	1.01	0.00	0.00
701	17.09	4091	3106	0.78	33	0	0	0	1	2	28	0	4	0	0	0.00	0.00	0.12	1.27	69.80	0.00	10.64	0.00	0.00	20.98	1.05	57.18	3.70	72	0	72	131.67	94.11	0.00	0.00	0.00	0.00	0.00	0.00	0.00	0.00	0.00	0.00	0.00	23.68	21.03	0.00	0.99	0.00	0.00
699	17.12	4090	3089	0.78	33	0	0	1	0	2	28	0	4	0	0	0.00	0.03	0.00	1.23	71.29	0.00	8.65	0.00	0.00	20.94	1.23	60.71	0.00	72	0	72	130.48	93.36	0.00	0.00	0.00	0.00	0.00	0.00	0.00	0.00	0.00	0.00	0.00	24.47	20.84	0.00	1.01	0.00	0.00
704	17.15	4091	3108	0.78	33	0	0	0	2	4	32	0	3	0	0	0.00	0.00	0.23	1.00	71.80	0.00	8.88	0.00	0.00	21.99	0.00	60.85	0.00	72	0	72	132.18	94.23	0.00	0.00	0.00	0.00	0.00	0.00	0.00	0.00	0.00	0.00	0.00	23.82	20.95	0.00	1.01	0.00	0.00
758	16.26	4089	3532	0.79	33	0	0	1	0	2	26	0	3	0	0	0.00	0.00	0.00	1.58	83.23	0.00	8.93	0.00	0.00	20.18	1.40	62.17	0.00	72	0	72	146.70	104.83	0.00	0.00	0.00	0.00	0.00	0.00	0.00	0.00	0.00	0.00	0.00	31.43	26.83	0.00	1.30	0.00	0.00
765	18.28	4092	3169	0.79	25	0	0	0	2	2	23	0	1	0	0	0.00	0.00	0.43	1.90	75.38	0.00	4.26	0.00	0.00	22.71	0.00	59.01	0.00	72	0	72	143.42	95.77	0.00	0.00	0.00	0.00	0.00	0.00	0.00	0.00	0.00	0.00	0.00	25.07	23.77	0.00	1.00	0.00	0.00
770	18.74	4090	3112	0.78	26	0	0	0	2	2	21	0	2	0	0	0.00	0.00	0.58	2.28	69.23	0.00	7.93	0.00	0.00	22.58	2.14	56.55	0.00	72	0	72	142.08	93.71	0.00	0.00	0.00	0.00	0.00	0.00	0.00	0.00	0.00	0.00	0.00	25.84	21.63	0.00	1.04	0.00	0.00
768	18.85	4091	3083	0.80	27	0	0	0	2	0	22	0	3	0	0	0.00	0.00	0.87	0.00	67.83	0.00	10.48	0.00	0.00	23.25	0.00	52.54	5.35	72	0	72	142.30	93.39	0.00	0.00	0.00	0.00	0.00	0.00	0.00	0.00	0.00	0.00	0.00	25.03	21.85	0.00	1.00	0.00	0.00
695	19.63	4091	2678	0.78	26	0	0	0	2	5	28	0	1	0	0	0.00	0.00	0.45	0.62	64.84	0.00	1.93	0.00	0.00	24.42	0.00	55.95	0.00	72	0	72	119.96	78.83	0.00	0.00	0.00	0.00	0.00	0.00	0.00	0.00	0.00	0.00	0.00	19.06	16.13	0.00	0.75	0.00	0.00
703	17.12	4090	3109	0.78	32	0	0	1	1	2	28	0	3	0	0	0.00	0.00	0.25	1.33	71.29	0.00	8.94	0.00	0.00	21.08	0.00	61.80	0.00	72	0	72	131.78	94.18	0.00	0.00	0.00	0.00	0.00	0.00	0.00	0.00	0.00	0.00	0.00	23.26	20.78	0.00	0.98	0.00	0.00
768	16.04	4089	3625	0.79	32	0	0	0	2	1	25	0	3	0	0	0.00	0.00	0.57	0.97	82.29	0.00	12.51	0.00	0.00	20.28	0.00	56.95	6.72	72	0	72	149.47	107.26	0.00	0.00	0.00	0.00	0.00	0.00	0.00	0.00	0.00	0.00	0.00	32.74	28.48	0.00	1.34	0.00	0.00
770	18.72	4090	3114	0.78	25	0	0	0	2	1	22	0	2	0	0	0.00	0.00	0.37	0.98	70.89	0.00	7.99	0.00	0.00	22.47	0.00	58.81	0.00	72	0	72	143.38	93.98	0.00	0.00	0.00	0.00	0.00	0.00	0.00	0.00	0.00	0.00	0.00	25.21	22.23	0.00	1.01	0.00	0.00
769	18.77	4090	3102	0.79	27	0	0	0	2	2	21	0	3	0	0	0.00	0.00	0.64	2.26	65.41	0.00	11.44	0.00	0.00	23.30	1.95	55.98	0.00	72	0	72	141.92	93.15	0.00	0.00	0.00	0.00	0.00	0.00	0.00	0.00	0.00	0.00	0.00	25.52	22.45	0.00	1.03	0.00	0.00
769	18.84	4090	3090	0.79	27	0	0	0	2	0	24	0	1	0	0	0.00	0.00	0.84	0.00	74.24	0.00	4.14	0.00	0.00	23.18	0.00	57.99	0.00	72	0	72	142.24	93.24	0.00	0.00	0.00	0.00	0.00	0.00	0.00	0.00	0.00	0.00	0.00	25.72	21.72	0.00	1.02	0.00	0.00
761	18.91	4089	3048	0.79	26	0	0	0	2	3	24	0	2	0	0	0.00	0.00	0.66	0.59	70.67	0.00	5.97	0.00	0.00	23.52	0.00	52.53	5.04	72	0	72	139.79	91.78	0.00	0.00	0.00	0.00	0.00	0.00	0.00	0.00	0.00	0.00	0.00	24.43	21.35	0.00	0.96	0.00	0.00
771	18.57	4090	3144	0.78	25	0	0	0	1	2	22	0	2	0	0	0.00	0.00	0.23	1.67	71.20	0.00	7.93	0.00	0.00	22.55	0.00	58.88	0.00	72	0	72	143.87	95.12	0.00	0.00	0.00	0.00	0.00	0.00	0.00	0.00	0.00	0.00	0.00	25.33	22.70	0.00	1.02	0.00	0.00
658	20.18	4091	2466	0.78	27	0	0	0	2	2	29	0	1	0	0	0.00	0.00	0.40	1.38	58.37	0.00	2.15	0.00	0.00	24.65	1.51	53.65	0.00	72	0	73	105.94	69.33	0.00	0.00	0.00	0.00	0.00	0.00	0.00	0.00	0.00	0.00	0.00	15.13	13.42	0.00	0.61	0.00	0.00
781	14.19	4088	4169	0.77	41	0	0	0	2	1	28	0	4	0	0	0.00	0.00	0.60	1.07	97.28	0.00	15.08	0.00	0.00	18.42	0.00	63.16	4.23	72	0	72	157.26	118.17	0.00	0.00	0.00	0.00	0.00	0.00	0.00	0.00	0.00	0.00	0.00	39.61	34.03	0.00	1.68	0.00	0.00
629	20.60	4090	2310	0.78	27	0	0	0	2	1	27	0	7	0	0	0.00	0.00	0.35	0.57	46.34	0.00	10.76	0.00	0.00	25.06	1.29	50.44	2.61	72	0	72	93.62	61.47	0.00	0.00	0.00	0.00	0.00	0.00	0.00	0.00	0.00	0.00	0.00	12.46	10.94	0.00	0.50	0.00	0.00
776	12.77	4086	4600	0.79	49	0	0	0	2	0	26	0	11	0	0	0.00	0.00	0.82	0.00	87.77	0.00	39.29	0.00	0.00	16.83	0.00	56.18	14.22	72	0	72	160.34	125.07	0.00	0.00	0.00	0.00	0.00	0.00	0.00	0.00	0.00	0.00	0.00	45.20	39.02	0.00	1.98	0.00	0.00
765	18.49	4091	3131	0.77	25	0	0	0	2	1	22	0	2	0	0	0.00	0.00	0.68	0.98	70.98	0.00	7.91	0.00	0.00	22.78	0.00	58.73	0.00	72	0	72	142.33	94.37	0.00	0.00	0.00	0.00	0.00	0.00	0.00	0.00	0.00	0.00	0.00	26.09	23.16	0.00	1.01	0.00	0.00
770	18.79	4090	3103	0.80	27	0	0	0	2	0	24	0	1	0	0	0.00	0.00	0.64	0.00	74.61	0.00	4.20	0.00	0.00	23.13	0.00	58.08	0.00	72	0	72	142.33	93.19	0.00	0.00	0.00	0.00	0.00	0.00	0.00	0.00	0.00	0.00	0.00	26.06	22.35	0.00	1.03	0.00	0.00
767	18.78	4091	3091	0.78	27	0	0	0	2	3	24	0	2	0	0	0.00	0.00	0.57	0.57	71.99	0.00	6.24	0.00	0.00	23.38	0.00	52.60	5.24	72	0	73	141.50	93.07	0.00	0.00	0.00	0.00	0.00	0.00	0.00	0.00	0.00	0.00	0.00	25.58	22.47	0.00	1.01	0.00	0.00
641	23.99	4091	2023	0.76	26	0	0	0	1	3	30	0	1	0	1	0.00	0.00	0.19	0.52	45.82	0.00	1.52	0.00	0.40	16.91	0.00	59.10	0.00	72	0	73	95.91	62.94	0.00	0.00	0.00	0.00	0.00	0.00	0.00	0.00	0.00	0.00	0.00	11.13	9.72	0.00	0.45	0.00	0.00
731	12.62	4087	4387	0.76	49	0	0	0	1	1	32	0	14	0	0	0.00	0.00	0.03	0.43	83.95	0.00	38.33	0.00	0.00	20.90	0.00	58.27	8.20	73	0	73	140.33	111.81	0.00	0.00	0.00	0.00	0.00	0.00	0.00	0.00	0.00	0.00	0.00	40.23	33.04	0.00	1.76	0.00	0.00
732	17.93	4088	3090	0.78	33	0	0	1	0	0	25	0	8	0	0	0.00	0.05	0.00	0.00	62.52	0.00	18.04	0.00	0.00	20.12	0.00	59.76	2.19	73	0	73	131.17	93.91	0.00	0.00	0.00	0.00	0.00	0.00	0.00	0.00	0.00	0.00	0.00	23.34	20.65	0.00	0.99	0.00	0.00
706	16.87	4090	3169	0.76	34	0	1	0	0	0	29	0	5	0	0	0.13	0.00	0.00	0.00	74.63	0.00	9.31	0.00	0.00	21.14	0.00	59.46	2.53	73	0	73	132.60	95.97	0.00	0.00	0.00	0.00	0.00	0.00	0.00	0.00	0.00	0.00	0.00	25.57	22.30	0.00	1.03	0.00	0.00
709	17.58	4089	3054	0.79	33	0	0	0	1	1	28	0	5	0	0	0.00	0.00	0.10	0.73	66.93	0.00	12.49	0.00	0.00	20.88	1.26	60.28	0.00	73	0	73	132.11	93.78	0.00	0.00	0.00	0.00	0.00	0.00	0.00	0.00	0.00	0.00	0.00	23.91	20.33	0.00	1.01	0.00	0.00
691	17.32	4086	3022	0.78	34	0	0	1	1	0	28	0	7	0	0	0.00	0.07	0.17	0.00	62.58	0.00	16.37	0.00	0.00	22.09	0.00	58.77	1.82	73	0	73	128.40	91.95	0.00	0.00	0.00	0.00	0.00	0.00	0.00	0.00	0.00	0.00	0.00	23.53	20.06	0.00	0.96	0.00	0.00
712	16.84	4088	3200	0.78	45	0	0	1	1	0	33	0	2	0	0	0.00	0.08	0.23	0.00	81.05	0.00	3.24	0.00	0.00	22.05	0.00	61.11	0.00	73	0	73	133.84	94.76	0.00	0.00	0.00	0.00	0.00	0.00	0.00	0.00	0.00	0.00	0.00	23.91	22.23	0.00	1.03	0.00	0.00
707	17.21	4089	3109	0.77	25	0	0	0	1	0	28	0	6	0	0	0.00	0.00	0.36	0.00	68.83	0.00	12.62	0.00	0.00	21.94	0.00	60.85	0.00	73	0	73	131.65	93.76	0.00	0.00	0.00	0.00	0.00	0.00	0.00	0.00	0.00	0.00	0.00	24.44	21.17	0.00	1.01	0.00	0.00
708	17.70	4090	3027	0.78	34	0	0	0	2	4	35	0	0	0	0	0.00	0.00	0.52	0.52	78.41	0.00	0.00	0.00	0.00	22.08	0.00	60.22	0.00	73	0	73	131.39	93.13	0.00	0.00	0.00	0.00	0.00	0.00	0.00	0.00	0.00	0.00	0.00	24.34	20.64	0.00	0.99	0.00	0.00
700	16.94	4089	3131	0.78	35	0	0	1	0	1	28	0	6	0	0	0.00	0.00	0.00	0.93	66.77	0.00	15.18	0.00	0.00	21.04	1.59	60.44	0.00	73	0	73	130.81	94.17	0.00	0.00	0.00	0.00	0.00	0.00	0.00	0.00	0.00	0.00	0.00	23.40	20.86	0.00	0.99	0.00	0.00
707	17.28	4089	3097	0.78	33	0	0	0	0	1	30	0	4	0	0	0.00	0.00	0.00	0.72	73.51	0.00	7.33	0.00	0.00	20.90	1.20	60.62	0.00	73	0	73	132.14	94.45	0.00	0.00	0.00	0.00	0.00	0.00	0.00	0.00	0.00	0.00	0.00	24.76	21.36	0.00	1.00	0.00	0.00
702	17.13	4088	3104	0.78	34	0	0	0	0	1	33	0	1	0	0	0.00	0.00	0.00	0.68	79.24	0.00	1.96	0.00	0.00	20.91	1.12	60.85	0.00	73	0	73	130.70	93.79	0.00	0.00	0.00	0.00	0.00	0.00	0.00	0.00	0.00	0.00	0.00	24.05	21.08	0.00	1.01	0.00	0.00
704	17.23	4089	3093	0.78	33	0	0	0	0	1	30	0	4	0	0	0.00	0.00	0.00	0.70	71.70	0.00	9.02	0.00	0.00	21.12	1.15	57.87	2.64	73	0	73	131.68	93.92	0.00	0.00	0.00	0.00	0.00	0.00	0.00	0.00	0.00	0.00	0.00	24.71	21.32	0.00	1.00	0.00	0.00
705	17.01	4089	3140	0.77	34	0	0	0	0	1	30	0	4	0	0	0.00	0.00	0.00	0.69	74.74	0.00	7.69	0.00	0.00	20.96	1.13	58.29	2.62	73	0	73	131.97	94.63	0.00	0.00	0.00	0.00	0.00	0.00	0.00	0.00	0.00	0.00	0.00	24.50	21.47	0.00	1.04	0.00	0.00
700	17.72	4089	2989	0.79	33	0	0	0	1	1	30	0	3	0	0	0.00	0.00	0.10	0.68	71.83	0.00	5.61	0.00	0.00	20.99	1.18	58.27	1.84	74	0	74	130.30	92.36	0.00	0.00	0.00	0.00	0.00	0.00	0.00	0.00	0.00	0.00	0.00	23.97	20.11	0.00	0.98	0.00	0.00
699	16.86	4088	3141	0.78	34	0	0	0	1	0	26	0	8	0	0	0.00	0.00	0.12	0.00	64.64	0.00	18.38	0.00	0.00	20.90	0.00	59.70	2.54	73	0	73	130.43	94.32	0.00	0.00	0.00	0.00	0.00	0.00	0.00	0.00	0.00	0.00	0.00	24.52	21.89	0.00	1.00	0.00	0.00
707	17.02	4089	3147	0.78	42	0	0	0	0	1	27	0	6	0	0	0.00	0.00	0.00	0.71	71.11	0.00	11.40	0.00	0.00	21.17	1.18	57.69	2.95	73	0	73	132.47	94.77	0.00	0.00	0.00	0.00	0.00	0.00	0.00	0.00	0.00	0.00	0.00	24.03	21.44	0.00	1.02	0.00	0.00
708	17.47	4090	3067	0.77	25	0	0	0	1	1	33	0	0	0	0	0.00	0.00	0.28	0.13	80.36	0.00	0.00	0.00	0.00	21.33	0.00	61.20	0.00	73	0	73	131.98	93.89	0.00	0.00	0.00	0.00	0.00	0.00	0.00	0.00	0.00	0.00	0.00	24.89	20.96	0.00	1.01	0.00	0.00
709	17.42	4089	3082	0.78	35	0	0	0	1	1	27	0	5	0	0	0.00	0.00	0.05	0.90	67.23	0.00	13.03	0.00	0.00	21.06	1.59	59.94	0.00	73	0	73	132.34	94.27	0.00	0.00	0.00	0.00	0.00	0.00	0.00	0.00	0.00	0.00	0.00	23.85	20.39	0.00	1.01	0.00	0.00
698	17.46	4088	3028	0.79	34	0	0	0	2	0	28	0	5	0	0	0.00	0.00	0.29	0.00	66.85	0.00	12.32	0.00	0.00	21.38	0.00	61.16	0.00	73	0	73	129.32	92.54	0.00	0.00	0.00	0.00	0.00	0.00	0.00	0.00	0.00	0.00	0.00	24.19	20.97	0.00	0.98	0.00	0.00
694	16.84	4088	3120	0.77	42	0	0	0	1	0	28	0	6	0	0	0.00	0.00	0.15	0.00	69.80	0.00	12.64	0.00	0.00	21.07	0.00	59.23	2.87	73	0	73	131.64	94.74	0.00	0.00	0.00	0.00	0.00	0.00	0.00	0.00	0.00	0.00	0.00	22.79	20.92	0.00	0.98	0.00	0.00
743	17.43	4089	3226	0.75	33	0	0	0	1	3	32	0	2	0	0	0.00	0.00	0.27	1.12	79.32	0.00	3.85	0.00	0.00	23.19	1.13	58.24	0.00	73	0	73	126.67	91.36	0.00	0.00	0.00	0.00	0.00	0.00	0.00	0.00	0.00	0.00	0.00	24.41	22.02	0.00	0.98	0.00	0.00
719	17.53	4088	3107	0.77	35	0	0	0	2	2	31	0	3	0	0	0.00	0.00	0.37	0.69	75.04	0.00	4.96	0.00	0.00	21.12	0.00	59.77	1.58	73	0	73	131.70	93.98	0.00	0.00	0.00	0.00	0.00	0.00	0.00	0.00	0.00	0.00	0.00	24.70	21.30	0.00	1.00	0.00	0.00
703	17.23	4090	3090	0.77	34	0	0	0	1	2	28	0	3	0	0	0.00	0.00	0.37	1.32	72.53	0.00	7.17	0.00	0.00	21.12	0.00	61.65	0.00	73	0	73	130.67	93.74	0.00	0.00	0.00	0.00	0.00	0.00	0.00	0.00	0.00	0.00	0.00	23.72	20.79	0.00	1.00	0.00	0.00
709	17.01	4090	3155	0.77	32	0	0	0	1	2	28	0	3	0	0	0.00	0.00	0.23	1.28	72.64	0.00	9.26	0.00	0.00	20.88	0.00	62.11	0.00	73	0	73	133.78	95.73	0.00	0.00	0.00	0.00	0.00	0.00	0.00	0.00	0.00	0.00	0.00	25.44	22.13	0.00	1.03	0.00	0.00
698	17.35	4089	3046	0.78	33	0	0	0	1	1	27	0	5	0	0	0.00	0.00	0.20	0.72	71.08	0.00	8.07	0.00	0.00	21.23	1.26	55.42	4.74	73	0	73	129.58	91.98	0.00	0.00	0.00	0.00	0.00	0.00	0.00	0.00	0.00	0.00	0.00	23.76	20.08	0.00	1.01	0.00	0.00
704	17.15	4090	3107	0.78	35	0	0	0	2	4	33	0	3	0	0	0.00	0.00	0.25	1.00	71.73	0.00	8.84	0.00	0.00	22.00	0.00	60.85	0.00	73	0	73	131.90	94.02	0.00	0.00	0.00	0.00	0.00	0.00	0.00	0.00	0.00	0.00	0.00	24.51	21.78	0.00	1.01	0.00	0.00
697	17.29	4089	3050	0.79	33	0	0	1	0	2	30	0	2	0	0	0.00	0.02	0.00	1.20	72.83	0.00	6.15	0.00	0.00	21.14	1.20	60.36	0.00	73	0	73	129.40	92.43	0.00	0.00	0.00	0.00	0.00	0.00	0.00	0.00	0.00	0.00	0.00	23.31	19.99	0.00	0.98	0.00	0.00
616	21.28	4091	2190	0.75	33	0	0	0	2	2	32	0	4	0	2	0.00	0.00	0.16	0.73	46.37	0.00	6.60	0.00	0.94	16.42	0.00	57.16	5.13	74	0	73	99.34	71.51	0.00	0.00	0.00	0.00	0.00	0.00	0.00	0.00	0.00	0.00	0.00	12.75	11.41	0.00	0.52	0.00	0.00
750	11.94	4084	4764	0.76	57	0	0	0	2	0	27	0	20	0	4	0.00	0.00	0.20	0.00	64.60	0.00	59.07	0.00	10.12	20.09	0.00	39.83	28.15	73	0	73	144.38	117.07	0.00	0.00	0.00	0.00	0.00	0.00	0.00	0.00	0.00	0.00	0.00	45.12	36.76	0.00	2.02	0.00	0.00
725	17.84	4089	3076	0.78	32	0	0	2	0	0	23	0	10	0	0	0.00	0.07	0.00	0.00	54.64	0.00	25.57	0.00	0.00	20.51	0.00	61.65	0.00	73	0	73	130.49	93.51	0.00	0.00	0.00	0.00	0.00	0.00	0.00	0.00	0.00	0.00	0.00	24.67	22.00	0.00	0.99	0.00	0.00
699	16.95	4089	3123	0.78	33	0	0	1	0	0	26	0	8	0	0	0.00	0.00	0.00	0.00	64.23	0.00	18.42	0.00	0.00	21.29	0.00	59.15	2.61	73	0	73	131.10	94.33	0.00	0.00	0.00	0.00	0.00	0.00	0.00	0.00	0.00	0.00	0.00	23.30	20.55	0.00	1.00	0.00	0.00
708	17.04	4089	3144	0.78	41	0	0	0	0	1	28	0	5	0	0	0.00	0.00	0.00	0.68	71.93	0.00	10.05	0.00	0.00	21.35	1.11	57.52	2.99	73	0	73	132.06	94.81	0.00	0.00	0.00	0.00	0.00	0.00	0.00	0.00	0.00	0.00	0.00	24.30	21.16	0.00	1.02	0.00	0.00
641	15.10	4089	3214	0.78	25	0	0	0	1	2	33	0	6	0	1	0.00	0.00	0.22	0.35	78.27	0.00	7.48	0.00	0.59	23.40	0.00	61.40	0.10	66	0	69	112.36	76.67	0.00	0.00	0.00	0.00	0.00	0.00	0.00	0.00	0.00	0.00	0.00	21.00	18.15	0.00	0.87	0.00	0.00
702	16.58	4090	3203	0.77	42	0	0	0	0	2	26	0	6	0	0	0.00	0.00	0.00	1.53	68.09	0.00	15.65	0.00	0.00	20.24	2.67	60.51	0.00	67	0	66	143.05	104.02	0.00	0.00	0.00	0.00	0.00	0.00	0.00	0.00	0.00	0.00	0.00	25.07	24.00	0.00	1.01	0.00	0.00
713	17.51	4085	3087	0.78	34	0	0	2	0	3	25	0	5	0	0	0.00	0.03	0.00	1.86	64.64	0.00	14.64	0.00	0.00	21.19	2.41	58.89	0.00	68	0	68	133.15	93.49	0.00	0.00	0.00	0.00	0.00	0.00	0.00	0.00	0.00	0.00	0.00	24.06	20.74	0.00	1.01	0.00	0.00
704	17.19	4090	3099	0.85	34	0	0	0	2	3	24	0	6	0	0	0.00	0.00	0.22	2.17	61.49	0.00	17.93	0.00	0.00	21.20	2.60	48.61	10.40	68	0	68	132.19	94.40	0.00	0.00	0.00	0.00	0.00	0.00	0.00	0.00	0.00	0.00	0.00	23.67	21.11	0.00	1.01	0.00	0.00
699	17.12	4090	3092	0.92	34	0	0	1	1	3	24	0	6	0	0	0.00	0.02	0.10	2.02	60.38	0.00	19.05	0.00	0.00	20.97	2.58	53.41	5.91	69	0	69	130.35	93.33	0.00	0.00	0.00	0.00	0.00	0.00	0.00	0.00	0.00	0.00	0.00	25.38	21.68	0.00	1.02	0.00	0.00
706	17.22	4090	3103	0.92	36	0	0	1	1	3	22	0	8	0	0	0.00	0.03	0.18	2.18	57.55	0.00	21.99	0.00	0.00	21.22	2.61	50.70	8.25	70	0	70	133.00	94.87	0.00	0.00	0.00	0.00	0.00	0.00	0.00	0.00	0.00	0.00	0.00	24.23	21.68	0.00	1.01	0.00	0.00
754	17.24	4089	3309	0.91	35	0	0	2	0	3	20	0	6	0	0	0.00	0.16	0.00	2.43	63.93	0.00	20.36	0.00	0.00	21.15	2.86	52.18	6.57	70	0	70	153.99	109.95	0.00	0.00	0.00	0.00	0.00	0.00	0.00	0.00	0.00	0.00	0.00	32.07	27.42	0.00	1.29	0.00	0.00
668	17.93	4091	2819	0.93	27	0	0	0	2	3	25	0	7	0	0	0.00	0.00	0.25	1.67	55.43	0.00	16.57	0.00	0.00	21.51	1.23	59.34	0.00	71	0	70	102.13	68.53	0.00	0.00	0.00	0.00	0.00	0.00	0.00	0.00	0.00	0.00	0.00	20.92	14.64	0.00	0.83	0.00	0.00
766	16.27	4088	3565	0.91	42	0	0	2	0	2	19	0	9	0	0	0.00	0.13	0.00	1.90	63.01	0.00	29.41	0.00	0.00	20.36	2.78	50.11	10.48	71	0	71	171.48	128.29	0.00	0.00	0.00	0.00	0.00	0.00	0.00	0.00	0.00	0.00	0.00	31.67	33.07	0.00	1.32	0.00	0.00
661	17.91	4088	2794	0.93	27	0	0	0	2	4	32	0	3	0	0	0.00	0.00	0.22	0.83	64.48	0.00	7.65	0.00	0.00	22.30	0.00	59.79	0.00	71	0	71	98.22	65.24	0.00	0.00	0.00	0.00	0.00	0.00	0.00	0.00	0.00	0.00	0.00	15.55	14.02	0.00	0.61	0.00	0.00
769	16.16	4086	3603	0.91	43	0	0	1	1	2	19	0	9	0	0	0.00	0.07	0.43	1.89	63.12	0.00	30.53	0.00	0.00	19.86	2.85	48.84	12.28	71	0	71	174.61	131.23	0.00	0.00	0.00	0.00	0.00	0.00	0.00	0.00	0.00	0.00	0.00	38.85	33.72	0.00	1.66	0.00	0.00
742	19.49	3845	3066	0.92	26	0	0	0	2	7	23	0	2	0	0	0.00	0.00	0.26	2.80	68.68	0.00	7.79	0.00	0.00	22.29	2.05	56.18	0.00	70	0	71	148.82	98.29	0.00	0.00	0.00	0.00	0.00	0.00	0.00	0.00	0.00	0.00	0.00	24.22	20.74	0.00	0.98	0.00	0.00
746	20.06	3700	3114	0.91	25	0	0	0	2	2	19	0	4	0	0	0.00	0.00	0.70	2.16	61.63	0.00	15.96	0.00	0.00	20.84	2.10	57.00	0.00	70	0	70	154.08	101.51	0.00	0.00	0.00	0.00	0.00	0.00	0.00	0.00	0.00	0.00	0.00	28.02	18.01	0.00	1.34	0.00	0.00
698	19.87	3700	2939	0.93	28	0	0	1	1	2	23	0	6	0	0	0.00	0.08	0.16	1.53	58.92	0.00	15.49	0.00	0.00	20.83	1.46	57.84	0.00	69	0	70	127.78	83.09	0.00	0.00	0.00	0.00	0.00	0.00	0.00	0.00	0.00	0.00	0.00	16.40	14.35	0.00	0.79	0.00	0.00
754	19.09	3700	3302	0.91	35	0	0	0	0	2	25	0	3	0	0	0.00	0.00	0.00	1.87	74.78	0.00	9.79	0.00	0.00	19.80	3.03	58.08	0.00	70	0	70	170.79	119.09	0.00	0.00	0.00	0.00	0.00	0.00	0.00	0.00	0.00	0.00	0.00	20.47	21.59	0.00	1.00	0.00	0.00
676	19.68	3700	2876	0.93	26	0	0	1	0	3	26	0	3	0	0	0.00	0.00	0.00	1.97	64.00	0.00	8.74	0.00	0.00	20.48	2.75	57.09	0.00	69	0	69	120.60	78.38	0.00	0.00	0.00	0.00	0.00	0.00	0.00	0.00	0.00	0.00	0.00	14.84	12.76	0.00	0.72	0.00	0.00
687	18.33	3700	3136	0.92	35	0	0	0	1	3	26	0	4	0	0	0.00	0.00	0.23	2.09	68.25	0.00	12.30	0.00	0.00	19.51	1.53	60.63	0.00	69	0	70	143.93	102.45	0.00	0.00	0.00	0.00	0.00	0.00	0.00	0.00	0.00	0.00	0.00	25.50	17.70	0.00	1.27	0.00	0.00
697	18.67	3700	3122	0.92	34	0	0	1	1	2	23	0	7	0	0	0.00	0.05	0.23	1.65	59.88	0.00	20.30	0.00	0.00	19.94	1.53	53.75	6.10	69	0	70	145.16	102.20	0.00	0.00	0.00	0.00	0.00	0.00	0.00	0.00	0.00	0.00	0.00	19.83	17.03	0.00	1.04	0.00	0.00
677	18.55	3700	3053	0.93	35	0	0	1	0	2	24	0	7	0	0	0.00	0.02	0.00	1.37	59.18	0.00	19.86	0.00	0.00	19.66	2.39	53.44	5.96	69	0	69	135.73	95.38	0.00	0.00	0.00	0.00	0.00	0.00	0.00	0.00	0.00	0.00	0.00	14.56	15.46	0.00	0.73	0.00	0.00
690	18.43	3700	3132	0.92	34	0	0	0	1	1	26	0	6	0	0	0.00	0.00	0.36	0.54	64.90	0.00	16.85	0.00	0.00	20.03	0.00	61.54	0.00	70	0	69	145.69	103.75	0.00	0.00	0.00	0.00	0.00	0.00	0.00	0.00	0.00	0.00	0.00	25.92	18.09	0.00	1.29	0.00	0.00
679	18.57	3700	3061	0.92	34	0	0	0	1	2	24	0	7	0	0	0.00	0.00	0.12	1.38	60.48	0.00	18.62	0.00	0.00	19.54	2.44	56.08	3.37	70	0	69	137.25	96.48	0.00	0.00	0.00	0.00	0.00	0.00	0.00	0.00	0.00	0.00	0.00	14.35	15.56	0.00	0.74	0.00	0.00
684	18.42	3700	3108	0.93	34	0	0	0	1	4	29	0	4	0	0	0.00	0.00	0.15	0.94	68.84	0.00	12.09	0.00	0.00	20.11	0.00	61.46	0.00	70	0	69	142.31	101.06	0.00	0.00	0.00	0.00	0.00	0.00	0.00	0.00	0.00	0.00	0.00	25.23	17.75	0.00	1.00	0.00	0.00
606	19.94	3700	2545	0.92	35	0	0	0	2	1	34	0	10	0	1	0.00	0.00	0.25	0.42	50.23	0.00	14.72	0.00	0.27	13.55	0.00	62.25	4.27	70	0	70	89.67	63.49	0.00	0.00	0.00	0.00	0.00	0.00	0.00	0.00	0.00	0.00	0.00	10.13	8.48	0.00	0.65	0.00	0.00
702	14.54	3700	4040	0.90	63	0	0	0	1	1	16	0	23	0	2	0.00	0.00	0.15	0.64	43.94	0.00	62.72	0.00	4.19	21.70	0.00	27.26	36.50	69	0	69	181.40	145.30	0.00	0.00	0.00	0.00	0.00	0.00	0.00	0.00	0.00	0.00	0.00	31.76	28.85	0.00	1.75	0.00	0.00
688	18.31	3700	3145	0.91	32	0	0	0	0	2	25	0	9	0	0	0.00	0.00	0.00	1.28	58.64	0.00	23.17	0.00	0.00	21.34	1.35	57.14	1.86	69	0	70	131.15	93.05	0.00	0.00	0.00	0.00	0.00	0.00	0.00	0.00	0.00	0.00	0.00	19.02	16.44	0.00	0.95	0.00	0.00
604	19.65	3700	2573	0.93	33	0	0	0	1	5	40	0	9	0	0	0.00	0.00	0.04	0.68	53.09	0.00	13.10	0.00	0.00	13.86	0.87	60.00	5.62	69	0	69	93.58	67.18	0.00	0.00	0.00	0.00	0.00	0.00	0.00	0.00	0.00	0.00	0.00	13.23	9.61	0.00	0.65	0.00	0.00
704	14.49	3700	4067	0.90	65	0	0	0	2	1	31	0	11	0	0	0.00	0.00	0.45	0.75	80.59	0.00	30.71	0.00	0.00	22.06	0.00	57.51	5.94	70	0	70	181.31	145.59	0.00	0.00	0.00	0.00	0.00	0.00	0.00	0.00	0.00	0.00	0.00	31.64	29.28	0.00	1.75	0.00	0.00
707	19.05	3700	3106	0.91	32	0	0	1	0	2	26	0	5	0	0	0.00	0.03	0.00	1.63	66.27	0.00	13.42	0.00	0.00	19.41	1.53	60.00	0.00	69	0	69	142.26	100.19	0.00	0.00	0.00	0.00	0.00	0.00	0.00	0.00	0.00	0.00	0.00	19.99	16.44	0.00	1.03	0.00	0.00
616	25.57	3700	2016	0.94	33	0	0	0	1	2	28	0	6	0	0	0.00	0.00	0.09	0.84	39.76	0.00	7.83	0.00	0.00	25.96	1.20	47.27	0.00	70	0	70	115.12	81.37	0.00	0.00	0.00	0.00	0.00	0.00	0.00	0.00	0.00	0.00	0.00	10.59	9.12	0.00	0.53	0.00	0.00
829	11.70	3700	5927	0.82	57	0	0	0	0	1	32	0	20	0	0	0.00	0.00	0.00	1.08	105.13	0.00	63.11	0.00	0.00	13.19	0.99	53.05	21.07	67	0	67	149.36	124.81	0.00	0.00	0.00	0.00	0.00	0.00	0.00	0.00	0.00	0.00	0.00	45.14	35.54	0.00	2.51	0.00	0.00
729	22.51	3700	2710	0.87	34	0	0	0	1	1	24	0	5	0	0	0.00	0.00	0.29	0.13	56.85	0.00	10.69	0.00	0.00	19.73	0.00	50.55	7.20	69	0	68	135.45	95.00	0.00	0.00	0.00	0.00	0.00	0.00	0.00	0.00	0.00	0.00	0.00	16.47	14.79	0.00	0.80	0.00	0.00
777	18.36	3700	3542	0.83	37	0	0	0	3	1	29	0	3	0	0	0.00	0.00	1.23	0.96	88.79	0.00	2.59	0.00	0.00	16.95	1.47	62.36	0.87	69	0	69	140.91	104.04	0.00	0.00	0.00	0.00	0.00	0.00	0.00	0.00	0.00	0.00	0.00	24.29	19.35	0.00	1.24	0.00	0.00
727	21.84	3700	2783	0.86	29	0	0	0	1	2	24	0	2	0	0	0.00	0.00	0.22	1.60	64.80	0.00	3.74	0.00	0.00	18.61	0.00	59.54	0.00	70	0	69	134.34	96.20	0.00	0.00	0.00	0.00	0.00	0.00	0.00	0.00	0.00	0.00	0.00	16.15	14.38	0.00	0.83	0.00	0.00
774	18.70	3700	3462	0.84	25	0	0	0	1	1	26	0	4	0	0	0.00	0.00	0.15	1.11	81.37	0.00	8.42	0.00	0.00	15.50	1.78	61.05	2.97	71	0	71	139.37	103.48	0.00	0.00	0.00	0.00	0.00	0.00	0.00	0.00	0.00	0.00	0.00	24.27	19.32	0.00	1.25	0.00	0.00
718	22.05	3700	2725	0.86	35	0	0	0	1	3	28	0	2	0	0	0.00	0.00	0.16	0.45	64.82	0.00	3.29	0.00	0.00	19.38	0.00	58.57	0.00	71	0	71	133.53	95.61	0.00	0.00	0.00	0.00	0.00	0.00	0.00	0.00	0.00	0.00	0.00	15.68	13.70	0.00	0.79	0.00	0.00
774	18.35	3700	3529	0.84	25	0	0	0	1	0	31	0	0	0	0	0.00	0.00	0.50	0.00	92.75	0.00	0.00	0.00	0.00	15.35	0.00	66.31	0.00	71	0	71	138.87	103.67	0.00	0.00	0.00	0.00	0.00	0.00	0.00	0.00	0.00	0.00	0.00	25.10	20.32	0.00	1.27	0.00	0.00
718	22.04	3700	2727	0.86	34	0	0	0	1	3	27	0	1	0	0	0.00	0.00	0.19	0.45	64.83	0.00	3.29	0.00	0.00	19.06	0.00	58.90	0.00	71	0	71	132.87	95.58	0.00	0.00	0.00	0.00	0.00	0.00	0.00	0.00	0.00	0.00	0.00	15.56	13.53	0.00	0.79	0.00	0.00
714	19.91	3700	2999	0.86	27	0	0	0	1	0	29	0	3	0	0	0.00	0.00	0.40	0.00	68.46	0.00	8.83	0.00	0.00	16.96	0.00	63.13	0.00	71	0	72	131.83	98.61	0.00	0.00	0.00	0.00	0.00	0.00	0.00	0.00	0.00	0.00	0.00	19.37	15.89	0.00	1.01	0.00	0.00
709	19.42	3700	3053	0.86	33	0	0	0	1	1	31	0	1	0	0	0.00	0.00	0.30	0.12	76.08	0.00	3.10	0.00	0.00	17.33	0.00	63.25	0.00	71	0	71	132.08	99.45	0.00	0.00	0.00	0.00	0.00	0.00	0.00	0.00	0.00	0.00	0.00	20.01	16.81	0.00	1.01	0.00	0.00
706	19.11	3700	3090	0.87	33	0	0	1	0	1	26	0	7	0	0	0.00	0.00	0.00	0.73	64.90	0.00	15.18	0.00	0.00	16.59	1.31	58.08	4.91	71	0	72	131.29	99.82	0.00	0.00	0.00	0.00	0.00	0.00	0.00	0.00	0.00	0.00	0.00	18.49	15.52	0.00	0.97	0.00	0.00
772	17.39	3700	3717	0.84	33	0	0	0	1	3	30	0	3	0	0	0.00	0.00	0.22	0.53	90.86	0.00	7.76	0.00	0.00	15.49	0.00	67.12	0.00	71	0	72	139.55	105.34	0.00	0.00	0.00	0.00	0.00	0.00	0.00	0.00	0.00	0.00	0.00	24.71	21.16	0.00	1.28	0.00	0.00
726	21.80	3700	2785	0.86	34	0	0	0	1	2	24	0	2	0	0	0.00	0.00	0.32	1.66	64.73	0.00	3.72	0.00	0.00	18.56	0.00	59.64	0.00	72	0	72	132.94	96.17	0.00	0.00	0.00	0.00	0.00	0.00	0.00	0.00	0.00	0.00	0.00	16.20	14.16	0.00	0.80	0.00	0.00
705	20.35	3700	2898	0.86	25	0	0	0	1	1	27	0	2	0	0	0.00	0.00	0.10	0.87	71.25	0.00	2.42	0.00	0.00	17.32	1.66	60.67	0.00	72	0	73	131.66	97.62	0.00	0.00	0.00	0.00	0.00	0.00	0.00	0.00	0.00	0.00	0.00	19.06	14.53	0.00	1.01	0.00	0.00
717	19.10	3700	3141	0.86	33	0	0	0	0	1	29	0	5	0	0	0.00	0.00	0.00	0.75	70.36	0.00	11.09	0.00	0.00	16.38	1.29	63.23	0.00	71	0	72	132.63	100.36	0.00	0.00	0.00	0.00	0.00	0.00	0.00	0.00	0.00	0.00	0.00	19.38	16.58	0.00	1.01	0.00	0.00
700	19.47	3700	3007	0.87	33	0	0	0	1	3	29	0	3	0	0	0.00	0.00	0.15	0.42	69.32	0.00	8.42	0.00	0.00	17.58	0.00	62.95	0.00	72	0	72	130.88	98.88	0.00	0.00	0.00	0.00	0.00	0.00	0.00	0.00	0.00	0.00	0.00	18.58	15.48	0.00	0.99	0.00	0.00
772	17.19	3700	3758	0.84	35	0	1	0	0	1	25	0	7	0	0	0.06	0.00	0.00	0.96	79.69	0.00	20.06	0.00	0.00	14.39	1.37	61.38	5.67	72	0	72	138.45	105.72	0.00	0.00	0.00	0.00	0.00	0.00	0.00	0.00	0.00	0.00	0.00	23.75	20.18	0.00	1.23	0.00	0.00
721	21.75	3700	2776	0.86	32	0	0	0	1	2	23	0	3	0	0	0.00	0.00	0.19	1.57	61.42	0.00	7.08	0.00	0.00	18.68	0.00	59.58	0.00	72	0	72	133.37	95.97	0.00	0.00	0.00	0.00	0.00	0.00	0.00	0.00	0.00	0.00	0.00	16.39	14.59	0.00	0.84	0.00	0.00
671	26.44	3700	2123	0.87	25	0	0	0	1	0	27	0	4	0	0	0.00	0.00	0.10	0.00	46.27	0.00	4.16	0.00	0.00	13.27	0.00	60.29	0.00	71	0	72	128.67	94.88	0.00	0.00	0.00	0.00	0.00	0.00	0.00	0.00	0.00	0.00	0.00	13.13	10.42	0.00	0.70	0.00	0.00
651	13.32	3700	4088	0.90	49	0	0	0	1	3	37	0	6	0	0	0.00	0.00	0.18	0.45	99.27	0.00	14.73	0.00	0.00	18.69	0.00	67.99	0.00	72	0	71	128.43	103.21	0.00	0.00	0.00	0.00	0.00	0.00	0.00	0.00	0.00	0.00	0.00	23.83	20.95	0.00	1.27	0.00	0.00
679	18.28	3700	3106	0.90	33	0	0	0	2	1	26	0	5	0	0	0.00	0.00	0.25	0.70	69.80	0.00	11.33	0.00	0.00	17.63	0.00	62.20	1.88	72	0	72	132.10	99.90	0.00	0.00	0.00	0.00	0.00	0.00	0.00	0.00	0.00	0.00	0.00	18.56	15.96	0.00	1.00	0.00	0.00
646	17.46	3700	3094	0.92	34	0	0	0	1	1	25	0	6	0	0	0.00	0.00	0.08	0.63	65.57	0.00	16.32	0.00	0.00	18.54	0.00	64.00	0.00	71	0	71	132.45	99.88	0.00	0.00	0.00	0.00	0.00	0.00	0.00	0.00	0.00	0.00	0.00	19.59	15.98	0.00	1.01	0.00	0.00
643	17.59	3700	3058	0.92	33	0	0	1	1	1	22	0	9	0	0	0.00	0.02	0.12	0.64	58.25	0.00	22.43	0.00	0.00	18.51	0.00	62.00	1.90	71	0	72	131.81	99.67	0.00	0.00	0.00	0.00	0.00	0.00	0.00	0.00	0.00	0.00	0.00	18.35	15.64	0.00	0.99	0.00	0.00
634	17.08	3700	3107	0.91	33	0	0	0	1	1	26	0	5	0	0	0.00	0.00	0.07	0.60	68.99	0.00	13.66	0.00	0.00	18.44	0.00	64.49	0.00	71	0	71	132.23	100.28	0.00	0.00	0.00	0.00	0.00	0.00	0.00	0.00	0.00	0.00	0.00	19.31	15.93	0.00	1.00	0.00	0.00
828	17.41	3700	3979	0.80	40	0	0	0	3	9	38	0	3	0	0	0.00	0.00	0.68	3.86	93.48	0.00	8.34	0.00	0.00	18.94	2.38	61.28	0.00	72	0	72	138.22	103.25	0.00	0.00	0.00	0.00	0.00	0.00	0.00	0.00	0.00	0.00	0.00	29.37	21.85	0.00	1.55	0.00	0.00
774	20.87	3700	3103	0.83	26	0	0	0	1	1	24	0	2	0	0	0.00	0.00	0.38	1.32	73.47	0.00	4.23	0.00	0.00	16.45	2.45	60.23	0.00	72	0	72	138.61	99.77	0.00	0.00	0.00	0.00	0.00	0.00	0.00	0.00	0.00	0.00	0.00	18.49	17.30	0.00	0.96	0.00	0.00
763	20.65	3700	3094	0.84	35	0	0	0	1	2	25	0	0	0	0	0.00	0.00	0.43	2.01	76.96	0.00	0.00	0.00	0.00	17.63	0.00	61.72	0.00	72	0	72	138.25	99.93	0.00	0.00	0.00	0.00	0.00	0.00	0.00	0.00	0.00	0.00	0.00	19.54	16.69	0.00	0.94	0.00	0.00
764	20.76	3699	3080	0.84	26	0	0	0	2	0	25	0	1	0	0	0.00	0.00	0.43	0.00	77.83	0.00	0.70	0.00	0.00	16.70	0.00	62.54	0.00	72	0	72	137.41	99.38	0.00	0.00	0.00	0.00	0.00	0.00	0.00	0.00	0.00	0.00	0.00	17.98	15.95	0.00	0.91	0.00	0.00
699	22.80	3701	2566	0.87	26	0	0	1	0	3	25	0	2	0	0	0.00	0.00	0.00	1.77	59.11	0.00	3.19	0.00	0.00	18.92	1.69	56.59	0.00	72	0	72	130.56	93.38	0.00	0.00	0.00	0.00	0.00	0.00	0.00	0.00	0.00	0.00	0.00	19.02	13.69	0.00	0.95	0.00	0.00
657	24.37	3700	2256	0.87	33	0	0	0	0	1	29	0	2	0	0	0.00	0.00	0.00	0.33	50.70	0.00	4.19	0.00	0.00	12.34	0.00	63.28	0.00	72	0	72	128.35	97.72	0.00	0.00	0.00	0.00	0.00	0.00	0.00	0.00	0.00	0.00	0.00	13.07	11.13	0.00	0.69	0.00	0.00
793	12.51	3706	5293	0.82	49	0	0	0	1	1	26	0	19	0	0	0.00	0.00	0.37	0.92	86.27	0.00	61.98	0.00	0.00	17.13	0.94	48.94	20.48	72	0	72	130.80	105.72	0.00	0.00	0.00	0.00	0.00	0.00	0.00	0.00	0.00	0.00	0.00	34.40	28.42	0.00	1.84	0.00	0.00
726	21.36	4019	2620	0.86	26	0	0	0	1	0	25	0	3	0	0	0.00	0.00	0.33	0.00	61.48	0.00	3.54	0.00	0.00	20.24	0.00	58.41	0.00	73	0	73	125.95	90.14	0.00	0.00	0.00	0.00	0.00	0.00	0.00	0.00	0.00	0.00	0.00	17.29	15.96	0.00	0.77	0.00	0.00
746	18.01	4085	3139	0.85	33	0	0	0	0	5	31	0	4	0	0	0.00	0.00	0.00	0.61	74.97	0.00	6.37	0.00	0.00	18.25	0.00	63.74	0.00	74	0	74	123.91	94.75	0.00	0.00	0.00	0.00	0.00	0.00	0.00	0.00	0.00	0.00	0.00	24.86	22.05	0.00	1.02	0.00	0.00
619	26.76	4091	1749	0.90	34	0	0	1	1	1	28	0	2	0	0	0.00	0.01	0.22	0.46	36.58	0.00	3.21	0.00	0.00	17.24	0.00	56.00	0.00	74	0	75	110.19	83.95	0.00	0.00	0.00	0.00	0.00	0.00	0.00	0.00	0.00	0.00	0.00	12.80	10.72	0.00	0.52	0.00	0.00
692	9.85	4080	5328	0.88	68	0	0	0	1	1	36	0	20	0	1	0.00	0.00	0.15	0.76	97.01	0.00	54.47	0.00	0.93	18.28	0.80	66.89	4.18	75	0	75	122.05	101.66	0.00	0.00	0.00	0.00	0.00	0.00	0.00	0.00	0.00	0.00	0.00	39.40	36.73	0.00	1.77	0.00	0.00
850	15.81	4087	4074	0.82	33	0	0	0	2	2	23	0	10	0	1	0.00	0.00	0.44	1.49	73.04	0.00	33.62	0.00	0.29	17.87	0.00	62.97	3.35	75	0	75	126.78	97.33	0.00	0.00	0.00	0.00	0.00	0.00	0.00	0.00	0.00	0.00	0.00	37.34	27.96	0.00	1.61	0.00	0.00
792	19.07	4090	3144	0.84	26	0	0	0	1	1	20	0	6	0	0	0.00	0.00	0.13	0.73	62.83	0.00	16.88	0.00	0.00	18.67	0.00	54.72	7.54	75	0	75	129.28	93.93	0.00	0.00	0.00	0.00	0.00	0.00	0.00	0.00	0.00	0.00	0.00	24.68	23.45	0.00	0.97	0.00	0.00
688	23.23	4089	2243	0.87	29	0	0	1	0	1	25	0	3	0	0	0.00	0.00	0.00	0.59	48.60	0.00	5.28	0.00	0.00	22.39	1.46	52.92	0.00	75	0	76	113.20	81.66	0.00	0.00	0.00	0.00	0.00	0.00	0.00	0.00	0.00	0.00	0.00	15.36	13.58	0.00	0.61	0.00	0.00
737	15.24	4084	3665	0.85	39	0	0	0	1	1	29	0	9	0	0	0.00	0.00	0.33	0.81	78.34	0.00	19.89	0.00	0.00	16.55	0.00	65.93	2.29	75	0	75	125.47	99.21	0.00	0.00	0.00	0.00	0.00	0.00	0.00	0.00	0.00	0.00	0.00	30.31	26.54	0.00	1.28	0.00	0.00
729	18.08	4087	3056	0.86	34	0	0	1	1	5	30	0	2	0	0	0.00	0.00	0.03	0.58	73.77	0.00	5.38	0.00	0.00	19.19	0.00	62.74	0.00	75	0	76	123.82	93.93	0.00	0.00	0.00	0.00	0.00	0.00	0.00	0.00	0.00	0.00	0.00	25.17	21.41	0.00	1.01	0.00	0.00
730	17.97	4088	3079	0.86	33	0	0	0	1	1	26	0	7	0	0	0.00	0.00	0.10	0.75	61.93	0.00	17.54	0.00	0.00	17.97	1.38	58.32	4.36	75	0	76	123.49	94.14	0.00	0.00	0.00	0.00	0.00	0.00	0.00	0.00	0.00	0.00	0.00	24.03	20.82	0.00	0.99	0.00	0.00
718	17.77	4089	3060	0.87	34	0	0	1	1	1	26	0	5	0	0	0.00	0.00	0.15	0.83	64.69	0.00	14.24	0.00	0.00	18.64	1.42	57.91	4.26	75	0	76	122.12	93.40	0.00	0.00	0.00	0.00	0.00	0.00	0.00	0.00	0.00	0.00	0.00	24.18	20.94	0.00	0.99	0.00	0.00
733	17.29	4087	3213	0.85	33	0	0	0	1	1	26	0	7	0	0	0.00	0.00	0.15	0.79	67.60	0.00	16.07	0.00	0.00	17.55	1.37	58.79	5.00	75	0	76	123.74	95.09	0.00	0.00	0.00	0.00	0.00	0.00	0.00	0.00	0.00	0.00	0.00	24.39	21.72	0.00	1.03	0.00	0.00
609	16.16	4087	2856	0.92	65	0	0	0	1	2	37	0	17	0	0	0.00	0.00	0.10	0.17	53.53	0.00	22.66	0.00	0.00	16.93	0.00	53.50	13.41	75	0	75	113.25	94.97	0.00	0.00	0.00	0.00	0.00	0.00	0.00	0.00	0.00	0.00	0.00	20.90	18.44	0.00	0.90	0.00	0.00
581	15.41	4088	2854	0.93	36	0	0	0	1	0	39	0	22	0	0	0.00	0.00	0.12	0.00	48.94	0.00	28.11	0.00	0.00	15.54	0.00	49.24	19.81	66	0	74	71.65	50.53	0.00	0.00	0.00	0.00	0.00	0.00	0.00	0.00	0.00	0.00	0.00	11.27	11.00	0.00	0.47	0.00	0.00
733	12.87	4086	4315	0.91	73	0	0	0	1	2	22	0	21	0	0	0.00	0.00	0.23	1.15	58.18	0.00	60.21	0.00	0.00	23.13	0.00	45.04	18.96	69	0	69	185.48	150.27	0.00	0.00	0.00	0.00	0.00	0.00	0.00	0.00	0.00	0.00	0.00	52.07	43.98	0.00	2.28	0.00	0.00
752	16.78	4089	3392	0.90	32	0	0	0	2	2	26	0	2	0	0	0.00	0.00	0.55	1.16	80.32	0.00	7.17	0.00	0.00	25.25	0.00	57.97	0.00	70	0	70	151.72	107.28	0.00	0.00	0.00	0.00	0.00	0.00	0.00	0.00	0.00	0.00	0.00	32.97	28.10	0.00	1.30	0.00	0.00
691	18.31	4091	2854	0.92	25	0	0	0	0	2	28	0	2	0	0	0.00	0.00	0.00	1.29	67.02	0.00	5.93	0.00	0.00	21.61	1.55	58.54	0.00	71	0	71	109.09	72.06	0.00	0.00	0.00	0.00	0.00	0.00	0.00	0.00	0.00	0.00	0.00	18.63	16.30	0.00	0.73	0.00	0.00
725	17.48	4089	3142	0.91	33	0	0	1	0	2	26	0	6	0	0	0.00	0.03	0.00	1.63	64.71	0.00	16.28	0.00	0.00	20.14	2.85	53.70	5.84	71	0	71	135.73	98.29	0.00	0.00	0.00	0.00	0.00	0.00	0.00	0.00	0.00	0.00	0.00	24.56	22.82	0.00	1.01	0.00	0.00
716	17.53	4089	3092	0.91	33	0	0	2	0	3	24	0	6	0	0	0.00	0.10	0.00	2.00	59.96	0.00	19.05	0.00	0.00	20.64	2.51	53.39	5.92	72	0	72	131.07	93.27	0.00	0.00	0.00	0.00	0.00	0.00	0.00	0.00	0.00	0.00	0.00	25.43	21.44	0.00	1.01	0.00	0.00
704	17.14	4090	3110	0.93	33	0	0	1	1	3	23	0	7	0	0	0.00	0.05	0.13	2.15	57.75	0.00	22.00	0.00	0.00	21.26	2.63	53.08	5.90	72	0	73	131.82	93.93	0.00	0.00	0.00	0.00	0.00	0.00	0.00	0.00	0.00	0.00	0.00	24.42	21.69	0.00	1.01	0.00	0.00
700	17.23	4090	3077	0.93	33	0	0	2	0	3	24	0	6	0	0	0.00	0.10	0.00	1.94	62.42	0.00	16.85	0.00	0.00	20.85	2.45	53.54	5.92	73	0	73	131.01	93.74	0.00	0.00	0.00	0.00	0.00	0.00	0.00	0.00	0.00	0.00	0.00	25.23	21.81	0.00	1.00	0.00	0.00
702	17.12	4089	3106	0.93	34	0	0	1	1	3	23	0	7	0	0	0.00	0.03	0.20	2.20	59.76	0.00	19.82	0.00	0.00	21.39	2.60	48.48	10.41	73	0	73	132.56	94.74	0.00	0.00	0.00	0.00	0.00	0.00	0.00	0.00	0.00	0.00	0.00	24.91	21.75	0.00	1.01	0.00	0.00
699	17.13	4089	3089	0.93	33	0	0	2	0	3	23	0	7	0	0	0.00	0.10	0.00	1.97	61.26	0.00	18.20	0.00	0.00	21.02	2.42	51.04	8.39	73	0	73	130.36	93.00	0.00	0.00	0.00	0.00	0.00	0.00	0.00	0.00	0.00	0.00	0.00	24.44	21.28	0.00	1.01	0.00	0.00
702	17.14	4090	3101	0.93	33	0	0	1	1	3	23	0	7	0	0	0.00	0.05	0.18	2.20	59.73	0.00	19.76	0.00	0.00	21.11	2.75	48.59	10.42	73	0	73	132.21	94.45	0.00	0.00	0.00	0.00	0.00	0.00	0.00	0.00	0.00	0.00	0.00	25.16	21.94	0.00	1.01	0.00	0.00
698	17.11	4090	3090	0.93	33	0	0	1	1	3	24	0	6	0	0	0.00	0.05	0.07	2.02	62.58	0.00	16.87	0.00	0.00	21.20	2.40	53.38	5.91	73	0	73	130.50	93.23	0.00	0.00	0.00	0.00	0.00	0.00	0.00	0.00	0.00	0.00	0.00	24.44	21.51	0.00	0.99	0.00	0.00
701	17.13	4090	3100	0.93	33	0	0	1	1	3	25	0	5	0	0	0.00	0.05	0.17	2.20	63.93	0.00	15.59	0.00	0.00	21.29	2.63	53.04	5.91	73	0	73	132.04	94.31	0.00	0.00	0.00	0.00	0.00	0.00	0.00	0.00	0.00	0.00	0.00	25.19	21.96	0.00	1.01	0.00	0.00
700	17.13	4090	3092	0.93	33	0	0	1	1	3	22	0	8	0	0	0.00	0.05	0.07	2.00	56.80	0.00	22.73	0.00	0.00	21.10	2.44	53.42	5.91	73	0	74	130.83	93.67	0.00	0.00	0.00	0.00	0.00	0.00	0.00	0.00	0.00	0.00	0.00	24.38	21.51	0.00	1.01	0.00	0.00
703	17.15	4090	3102	0.93	34	0	0	1	1	3	23	0	7	0	0	0.00	0.05	0.15	2.18	57.64	0.00	21.99	0.00	0.00	21.02	2.72	53.19	5.92	74	0	73	132.02	94.32	0.00	0.00	0.00	0.00	0.00	0.00	0.00	0.00	0.00	0.00	0.00	25.06	21.52	0.00	1.01	0.00	0.00
698	17.11	4090	3090	0.93	33	0	0	1	1	3	25	0	5	0	0	0.00	0.05	0.07	1.93	63.60	0.00	15.90	0.00	0.00	20.86	2.40	53.62	6.02	73	0	74	130.64	93.25	0.00	0.00	0.00	0.00	0.00	0.00	0.00	0.00	0.00	0.00	0.00	24.60	21.58	0.00	1.01	0.00	0.00
703	17.16	4090	3103	0.93	33	0	0	1	1	3	23	0	7	0	0	0.00	0.05	0.18	2.18	57.42	0.00	21.95	0.00	0.00	21.24	2.59	52.98	6.03	73	0	73	132.50	94.56	0.00	0.00	0.00	0.00	0.00	0.00	0.00	0.00	0.00	0.00	0.00	24.60	21.78	0.00	1.01	0.00	0.00
762	17.27	4090	3340	0.92	33	0	0	0	2	3	20	0	6	0	0	0.00	0.00	0.23	2.63	64.64	0.00	20.21	0.00	0.00	21.16	3.09	52.47	6.01	73	0	74	156.87	112.20	0.00	0.00	0.00	0.00	0.00	0.00	0.00	0.00	0.00	0.00	0.00	32.47	27.59	0.00	1.31	0.00	0.00
643	19.64	4088	2481	0.93	25	0	0	0	3	4	36	0	6	0	0	0.00	0.00	0.32	0.68	51.86	0.00	10.74	0.00	0.00	14.93	0.00	65.43	0.00	73	0	74	82.83	55.15	0.00	0.00	0.00	0.00	0.00	0.00	0.00	0.00	0.00	0.00	0.00	11.77	10.49	0.00	0.46	0.00	0.00
729	14.28	4088	3869	0.90	58	0	0	1	2	1	25	0	14	0	0	0.00	0.05	0.58	0.75	65.23	0.00	39.07	0.00	0.00	24.12	0.00	50.67	10.93	74	0	74	159.67	126.37	0.00	0.00	0.00	0.00	0.00	0.00	0.00	0.00	0.00	0.00	0.00	41.40	34.71	0.00	1.77	0.00	0.00
721	17.58	4089	3106	0.91	33	0	0	1	2	1	29	0	3	0	0	0.00	0.00	0.25	0.78	71.85	0.00	8.50	0.00	0.00	21.20	0.00	61.22	0.00	74	0	74	132.72	94.12	0.00	0.00	0.00	0.00	0.00	0.00	0.00	0.00	0.00	0.00	0.00	24.96	22.35	0.00	0.99	0.00	0.00
745	16.86	4089	3345	0.92	33	0	0	1	1	2	26	0	2	0	0	0.00	0.00	0.31	2.06	81.85	0.00	3.93	0.00	0.00	23.91	1.76	57.47	0.00	74	0	74	150.82	107.51	0.00	0.00	0.00	0.00	0.00	0.00	0.00	0.00	0.00	0.00	0.00	31.17	26.68	0.00	1.26	0.00	0.00
676	18.85	4090	2713	0.93	25	0	0	0	2	4	31	0	4	0	0	0.00	0.00	0.33	1.19	60.38	0.00	8.43	0.00	0.00	18.21	1.60	61.34	0.00	74	0	74	105.14	69.85	0.00	0.00	0.00	0.00	0.00	0.00	0.00	0.00	0.00	0.00	0.00	16.37	15.36	0.00	0.64	0.00	0.00
622	21.06	4092	2234	0.95	41	0	0	0	2	1	36	0	8	0	0	0.00	0.00	0.30	0.36	47.19	0.00	7.90	0.00	0.00	30.01	0.00	47.69	1.24	75	0	74	99.22	74.21	0.00	0.00	0.00	0.00	0.00	0.00	0.00	0.00	0.00	0.00	0.00	14.32	12.00	0.00	0.59	0.00	0.00
755	11.46	4079	5002	0.84	65	0	0	0	0	0	34	0	20	0	0	0.00	0.00	0.00	0.00	90.08	0.00	51.85	0.00	0.00	13.12	0.00	53.82	21.60	72	0	71	150.83	128.98	0.00	0.00	0.00	0.00	0.00	0.00	0.00	0.00	0.00	0.00	0.00	51.79	42.78	0.00	2.29	0.00	0.00
743	18.56	4082	3037	0.87	33	0	0	0	1	5	25	0	8	0	0	0.00	0.00	0.07	0.57	56.35	0.00	21.57	0.00	0.00	19.77	0.00	49.52	12.15	73	0	73	128.27	94.36	0.00	0.00	0.00	0.00	0.00	0.00	0.00	0.00	0.00	0.00	0.00	24.56	20.73	0.00	1.02	0.00	0.00
729	17.69	4087	3122	0.86	33	0	0	0	1	1	27	0	6	0	0	0.00	0.00	0.15	0.85	62.58	0.00	18.09	0.00	0.00	18.45	1.44	62.42	0.00	74	0	73	123.26	93.83	0.00	0.00	0.00	0.00	0.00	0.00	0.00	0.00	0.00	0.00	0.00	24.65	22.22	0.00	0.99	0.00	0.00
723	17.77	4090	3080	0.86	33	0	0	2	0	1	26	0	5	0	0	0.00	0.05	0.00	0.73	65.22	0.00	14.59	0.00	0.00	18.31	1.19	58.35	4.38	74	0	75	122.44	93.60	0.00	0.00	0.00	0.00	0.00	0.00	0.00	0.00	0.00	0.00	0.00	24.07	20.53	0.00	1.01	0.00	0.00
675	23.11	4090	2210	0.88	33	0	0	0	1	1	25	0	7	0	0	0.00	0.00	0.07	0.52	40.69	0.00	12.41	0.00	0.00	14.94	1.29	56.27	4.39	75	0	75	119.82	91.33	0.00	0.00	0.00	0.00	0.00	0.00	0.00	0.00	0.00	0.00	0.00	17.19	15.01	0.00	0.70	0.00	0.00
733	13.15	4087	4220	0.85	49	0	0	1	0	2	33	0	13	0	0	0.00	0.00	0.00	1.24	87.01	0.00	28.96	0.00	0.00	19.90	0.80	54.75	11.40	75	0	75	116.98	95.71	0.00	0.00	0.00	0.00	0.00	0.00	0.00	0.00	0.00	0.00	0.00	33.83	28.08	0.00	1.44	0.00	0.00
796	15.57	4086	3875	0.84	33	0	0	0	1	1	28	0	4	0	0	0.00	0.00	0.25	0.86	86.89	0.00	16.00	0.00	0.00	16.54	0.00	67.88	0.00	75	0	75	131.15	100.09	0.00	0.00	0.00	0.00	0.00	0.00	0.00	0.00	0.00	0.00	0.00	29.60	27.16	0.00	1.26	0.00	0.00
807	19.47	4088	3139	0.84	35	0	0	1	0	1	22	0	4	0	0	0.00	0.07	0.00	0.88	66.55	0.00	12.55	0.00	0.00	17.93	1.59	61.01	0.00	75	0	76	130.45	94.27	0.00	0.00	0.00	0.00	0.00	0.00	0.00	0.00	0.00	0.00	0.00	24.72	22.92	0.00	0.99	0.00	0.00
650	24.16	4091	2036	0.89	26	0	0	0	1	2	25	0	3	0	0	0.00	0.00	0.19	1.07	43.08	0.00	4.44	0.00	0.00	24.70	0.00	51.15	0.00	75	0	75	106.87	77.44	0.00	0.00	0.00	0.00	0.00	0.00	0.00	0.00	0.00	0.00	0.00	13.02	11.54	0.00	0.53	0.00	0.00
737	13.57	4088	4112	0.85	41	0	0	0	1	0	32	0	10	0	0	0.00	0.00	0.33	0.00	86.54	0.00	27.03	0.00	0.00	14.83	0.00	57.59	14.01	75	0	76	126.24	102.33	0.00	0.00	0.00	0.00	0.00	0.00	0.00	0.00	0.00	0.00	0.00	35.97	30.11	0.00	1.51	0.00	0.00
725	18.03	4089	3044	0.87	33	0	0	0	1	1	23	0	8	0	0	0.00	0.00	0.10	0.73	56.25	0.00	22.33	0.00	0.00	18.08	1.36	62.53	0.00	76	0	76	122.77	94.02	0.00	0.00	0.00	0.00	0.00	0.00	0.00	0.00	0.00	0.00	0.00	23.36	20.02	0.00	0.98	0.00	0.00
729	17.30	4086	3195	0.86	35	0	0	0	1	1	28	0	6	0	0	0.00	0.00	0.13	0.79	67.71	0.00	15.64	0.00	0.00	17.74	1.39	63.57	0.00	76	0	76	123.87	94.82	0.00	0.00	0.00	0.00	0.00	0.00	0.00	0.00	0.00	0.00	0.00	24.83	21.80	0.00	1.03	0.00	0.00
687	23.90	4089	2177	0.87	34	0	0	0	1	4	30	0	3	0	0	0.00	0.00	0.03	0.35	48.35	0.00	3.74	0.00	0.00	15.26	0.00	60.84	0.00	76	0	76	120.35	91.23	0.00	0.00	0.00	0.00	0.00	0.00	0.00	0.00	0.00	0.00	0.00	16.65	14.39	0.00	0.70	0.00	0.00
669	12.48	4084	4062	0.90	49	0	0	0	1	1	32	0	10	0	0	0.00	0.00	0.10	0.79	88.29	0.00	24.50	0.00	0.00	19.19	1.03	59.40	7.90	76	0	76	120.68	97.79	0.00	0.00	0.00	0.00	0.00	0.00	0.00	0.00	0.00	0.00	0.00	28.56	27.27	0.00	1.25	0.00	0.00
738	17.04	4088	3281	0.86	33	0	0	0	2	2	30	0	5	0	0	0.00	0.00	0.52	1.10	76.74	0.00	8.46	0.00	0.00	20.32	0.00	59.35	3.28	76	0	76	119.76	92.21	0.00	0.00	0.00	0.00	0.00	0.00	0.00	0.00	0.00	0.00	0.00	28.22	21.37	0.00	1.19	0.00	0.00
801	15.56	4087	3900	0.83	33	0	0	1	0	1	27	0	4	0	0	0.00	0.03	0.00	0.68	88.04	0.00	16.03	0.00	0.00	15.93	0.00	68.51	0.00	76	0	76	130.27	100.05	0.00	0.00	0.00	0.00	0.00	0.00	0.00	0.00	0.00	0.00	0.00	31.79	28.53	0.00	1.31	0.00	0.00
812	19.74	4087	3117	0.83	34	0	0	0	1	1	20	0	6	0	0	0.00	0.00	0.16	0.99	57.45	0.00	20.49	0.00	0.00	17.85	1.80	60.61	0.00	76	0	77	129.36	93.54	0.00	0.00	0.00	0.00	0.00	0.00	0.00	0.00	0.00	0.00	0.00	23.85	21.60	0.00	0.95	0.00	0.00
650	24.46	4091	2011	0.90	26	0	0	0	1	1	25	0	3	0	0	0.00	0.00	0.19	0.52	42.84	0.00	4.68	0.00	0.00	24.87	0.00	50.66	0.00	76	0	76	107.44	77.65	0.00	0.00	0.00	0.00	0.00	0.00	0.00	0.00	0.00	0.00	0.00	13.07	11.63	0.00	0.52	0.00	0.00
679	17.81	4088	2888	0.87	41	0	0	1	0	1	32	0	10	0	0	0.00	0.03	0.00	0.36	60.43	0.00	14.79	0.00	0.00	12.07	0.00	68.50	1.62	76	0	76	123.54	100.43	0.00	0.00	0.00	0.00	0.00	0.00	0.00	0.00	0.00	0.00	0.00	23.91	20.25	0.00	1.03	0.00	0.00
739	13.09	4087	4276	0.85	49	0	0	0	1	2	30	0	17	0	0	0.00	0.00	0.07	1.18	76.20	0.00	41.32	0.00	0.00	19.75	0.89	43.12	23.14	76	0	76	117.53	95.77	0.00	0.00	0.00	0.00	0.00	0.00	0.00	0.00	0.00	0.00	0.00	33.70	27.81	0.00	1.45	0.00	0.00
627	25.63	4091	1853	0.90	33	0	0	0	1	1	27	0	6	0	0	0.00	0.00	0.08	0.34	36.56	0.00	6.57	0.00	0.00	16.03	0.00	58.35	0.00	76	0	77	110.86	85.40	0.00	0.00	0.00	0.00	0.00	0.00	0.00	0.00	0.00	0.00	0.00	12.83	11.79	0.00	0.52	0.00	0.00
690	9.81	4046	5383	0.89	66	0	0	0	0	1	30	0	26	0	0	0.00	0.00	0.00	0.65	85.10	0.00	70.10	0.00	0.00	17.65	0.61	49.12	22.81	76	0	76	120.92	102.00	0.00	0.00	0.00	0.00	0.00	0.00	0.00	0.00	0.00	0.00	0.00	40.75	37.28	0.00	1.76	0.00	0.00
740	14.25	4002	4018	0.90	34	0	0	0	2	1	23	0	8	0	0	0.00	0.00	0.73	0.97	83.19	0.00	25.66	0.00	0.00	19.92	0.00	64.05	1.78	75	0	75	129.83	99.23	0.00	0.00	0.00	0.00	0.00	0.00	0.00	0.00	0.00	0.00	0.00	30.75	26.00	0.00	1.34	0.00	0.00
632	24.46	3996	2001	0.92	25	0	0	0	2	1	23	0	1	0	0	0.00	0.00	0.30	0.52	44.72	0.00	2.58	0.00	0.00	18.77	0.00	56.76	0.00	75	0	75	124.33	89.02	0.00	0.00	0.00	0.00	0.00	0.00	0.00	0.00	0.00	0.00	0.00	14.68	13.06	0.00	0.61	0.00	0.00
673	14.00	3995	3725	0.92	41	0	0	0	2	1	27	0	11	0	0	0.00	0.00	0.51	0.71	76.12	0.00	25.45	0.00	0.00	19.57	0.00	65.07	1.36	75	0	75	125.06	98.78	0.00	0.00	0.00	0.00	0.00	0.00	0.00	0.00	0.00	0.00	0.00	27.58	23.79	0.00	1.24	0.00	0.00
669	16.62	3996	3118	0.92	33	0	0	0	2	1	24	0	8	0	0	0.00	0.00	0.40	0.65	62.02	0.00	20.54	0.00	0.00	19.28	0.00	60.64	3.46	75	0	75	126.69	96.96	0.00	0.00	0.00	0.00	0.00	0.00	0.00	0.00	0.00	0.00	0.00	22.76	19.68	0.00	0.99	0.00	0.00
669	16.38	3996	3164	0.92	33	0	0	1	1	1	24	0	8	0	0	0.00	0.00	0.13	0.50	66.56	0.00	17.83	0.00	0.00	19.25	0.00	62.05	2.33	75	0	75	126.97	96.97	0.00	0.00	0.00	0.00	0.00	0.00	0.00	0.00	0.00	0.00	0.00	24.18	21.35	0.00	1.03	0.00	0.00
663	16.99	3996	3024	0.92	33	0	0	0	0	2	24	0	6	0	0	0.00	0.00	0.00	1.17	65.95	0.00	13.31	0.00	0.00	19.16	1.39	60.57	1.89	75	0	75	127.11	96.39	0.00	0.00	0.00	0.00	0.00	0.00	0.00	0.00	0.00	0.00	0.00	22.74	19.06	0.00	0.99	0.00	0.00
735	13.82	3995	4121	0.90	33	0	0	0	2	1	23	0	8	0	0	0.00	0.00	0.34	0.82	82.88	0.00	30.25	0.00	0.00	19.69	0.00	66.49	0.00	75	0	75	131.47	100.58	0.00	0.00	0.00	0.00	0.00	0.00	0.00	0.00	0.00	0.00	0.00	32.37	28.20	0.00	1.40	0.00	0.00
623	24.73	3996	1951	0.94	26	0	0	1	0	1	22	0	3	0	0	0.00	0.04	0.00	0.34	39.98	0.00	6.40	0.00	0.00	19.05	0.00	56.22	0.00	75	0	75	123.97	87.67	0.00	0.00	0.00	0.00	0.00	0.00	0.00	0.00	0.00	0.00	0.00	13.80	11.67	0.00	0.58	0.00	0.00
656	13.20	4030	3818	0.91	41	0	0	0	2	1	27	0	12	0	0	0.00	0.00	0.52	0.75	75.38	0.00	29.74	0.00	0.00	19.60	0.00	65.31	1.89	75	0	75	124.29	99.03	0.00	0.00	0.00	0.00	0.00	0.00	0.00	0.00	0.00	0.00	0.00	28.49	25.02	0.00	1.26	0.00	0.00
751	17.84	4083	3193	0.84	33	0	0	0	0	4	27	0	6	0	0	0.00	0.00	0.00	2.25	70.56	0.00	10.60	0.00	0.00	19.62	1.28	58.16	3.10	75	0	76	120.40	92.03	0.00	0.00	0.00	0.00	0.00	0.00	0.00	0.00	0.00	0.00	0.00	27.93	20.95	0.00	1.21	0.00	0.00
805	15.48	4084	3942	0.83	33	0	0	0	1	1	27	0	6	0	0	0.00	0.00	0.26	0.86	88.57	0.00	16.44	0.00	0.00	15.98	0.00	68.55	0.00	75	0	76	129.75	100.27	0.00	0.00	0.00	0.00	0.00	0.00	0.00	0.00	0.00	0.00	0.00	30.27	28.27	0.00	1.27	0.00	0.00
799	19.57	4086	3094	0.84	34	0	0	0	1	4	27	0	2	0	0	0.00	0.00	0.06	0.59	74.10	0.00	4.09	0.00	0.00	19.14	0.00	61.29	0.00	76	0	77	129.43	94.13	0.00	0.00	0.00	0.00	0.00	0.00	0.00	0.00	0.00	0.00	0.00	23.97	22.51	0.00	0.93	0.00	0.00
660	24.08	4089	2074	0.89	26	0	0	0	2	0	27	0	1	0	0	0.00	0.00	0.50	0.00	49.03	0.00	0.36	0.00	0.00	23.71	0.00	52.21	0.00	76	0	76	109.15	79.04	0.00	0.00	0.00	0.00	0.00	0.00	0.00	0.00	0.00	0.00	0.00	13.78	12.14	0.00	0.55	0.00	0.00
637	21.50	4089	2241	0.89	43	0	0	0	1	5	38	0	4	0	0	0.00	0.00	0.08	0.35	51.52	0.00	3.96	0.00	0.00	14.61	0.00	59.48	4.41	76	0	77	115.41	92.84	0.00	0.00	0.00	0.00	0.00	0.00	0.00	0.00	0.00	0.00	0.00	18.19	14.77	0.00	0.77	0.00	0.00
689	9.60	4080	5450	0.89	65	0	0	0	1	0	36	0	20	0	1	0.00	0.00	0.23	0.00	99.82	0.00	57.12	0.00	1.00	17.42	0.00	59.48	13.50	77	0	76	121.06	102.38	0.00	0.00	0.00	0.00	0.00	0.00	0.00	0.00	0.00	0.00	0.00	40.12	37.21	0.00	1.76	0.00	0.00
744	14.40	4084	3917	0.89	33	0	0	0	2	1	20	0	11	0	0	0.00	0.00	0.50	0.86	71.09	0.00	34.37	0.00	0.00	19.98	0.00	64.19	1.43	76	0	77	128.30	97.57	0.00	0.00	0.00	0.00	0.00	0.00	0.00	0.00	0.00	0.00	0.00	31.82	26.65	0.00	1.35	0.00	0.00
705	17.67	4086	3023	0.92	25	0	0	0	1	1	24	0	1	0	0	0.00	0.00	0.44	0.51	73.94	0.00	4.09	0.00	0.00	21.42	0.00	60.91	0.00	77	0	77	129.11	93.10	0.00	0.00	0.00	0.00	0.00	0.00	0.00	0.00	0.00	0.00	0.00	23.30	21.42	0.00	0.93	0.00	0.00
603	24.78	4091	1840	0.94	25	0	0	0	2	1	22	0	3	0	0	0.00	0.00	0.26	0.45	38.69	0.00	4.56	0.00	0.00	18.81	0.00	56.41	0.00	76	0	76	117.40	84.87	0.00	0.00	0.00	0.00	0.00	0.00	0.00	0.00	0.00	0.00	0.00	13.03	11.34	0.00	0.52	0.00	0.00
679	11.83	4084	4352	0.91	49	0	0	0	1	1	26	0	18	0	0	0.00	0.00	0.25	0.68	75.82	0.00	46.04	0.00	0.00	19.56	0.78	60.14	7.68	76	0	76	121.23	98.37	0.00	0.00	0.00	0.00	0.00	0.00	0.00	0.00	0.00	0.00	0.00	34.95	29.73	0.00	1.51	0.00	0.00
724	13.84	4084	3963	0.89	33	0	0	0	2	1	22	0	9	0	0	0.00	0.00	0.53	0.90	82.56	0.00	25.07	0.00	0.00	20.67	0.00	63.96	1.54	76	0	77	128.44	97.62	0.00	0.00	0.00	0.00	0.00	0.00	0.00	0.00	0.00	0.00	0.00	32.75	28.69	0.00	1.34	0.00	0.00
560	13.33	4085	3184	0.93	25	0	0	0	2	2	32	0	12	0	0	0.00	0.00	0.47	1.18	68.11	0.00	18.59	0.00	0.00	18.69	1.04	62.77	4.16	68	0	69	123.88	93.62	0.00	0.00	0.00	0.00	0.00	0.00	0.00	0.00	0.00	0.00	0.00	26.32	20.81	0.00	1.13	0.00	0.00
708	17.30	4088	3101	0.92	41	0	0	0	1	1	25	0	8	0	0	0.00	0.00	0.15	0.65	65.93	0.00	14.74	0.00	0.00	21.53	1.07	52.97	7.14	70	0	70	132.76	93.71	0.00	0.00	0.00	0.00	0.00	0.00	0.00	0.00	0.00	0.00	0.00	25.54	22.39	0.00	1.02	0.00	0.00
703	17.20	4083	3097	0.92	34	0	1	0	0	5	32	0	3	0	0	0.20	0.00	0.00	0.57	76.17	0.00	4.71	0.00	0.00	21.85	0.00	60.95	0.00	71	0	71	131.98	93.99	0.00	0.00	0.00	0.00	0.00	0.00	0.00	0.00	0.00	0.00	0.00	24.04	21.12	0.00	0.98	0.00	0.00
702	17.16	4086	3098	0.93	33	0	0	0	1	1	29	0	3	0	0	0.00	0.00	0.40	0.87	74.39	0.00	6.02	0.00	0.00	21.21	0.00	61.63	0.00	72	0	72	131.40	94.54	0.00	0.00	0.00	0.00	0.00	0.00	0.00	0.00	0.00	0.00	0.00	24.88	21.73	0.00	1.02	0.00	0.00
773	18.91	4083	3098	0.92	33	0	0	0	1	1	25	0	1	0	0	0.00	0.00	0.53	1.15	73.94	0.00	4.03	0.00	0.00	23.12	0.00	57.98	0.00	73	0	73	142.64	94.21	0.00	0.00	0.00	0.00	0.00	0.00	0.00	0.00	0.00	0.00	0.00	25.07	23.34	0.00	0.99	0.00	0.00
766	18.74	4086	3099	0.91	25	0	0	0	1	1	24	0	1	0	0	0.00	0.00	0.41	1.02	74.29	0.00	4.17	0.00	0.00	22.93	0.00	58.33	0.00	74	0	74	141.63	93.84	0.00	0.00	0.00	0.00	0.00	0.00	0.00	0.00	0.00	0.00	0.00	26.65	22.69	0.00	1.04	0.00	0.00
768	19.18	4025	3080	0.92	26	0	0	0	1	5	26	0	1	0	0	0.00	0.00	0.07	0.84	75.51	0.00	3.33	0.00	0.00	22.72	0.00	58.10	0.00	74	0	74	146.08	96.11	0.00	0.00	0.00	0.00	0.00	0.00	0.00	0.00	0.00	0.00	0.00	25.45	21.75	0.00	1.01	0.00	0.00
766	19.20	3997	3090	0.92	25	0	0	0	1	2	22	0	2	0	0	0.00	0.00	0.24	2.58	70.06	0.00	7.27	0.00	0.00	22.17	1.63	57.00	0.00	74	0	74	145.86	96.61	0.00	0.00	0.00	0.00	0.00	0.00	0.00	0.00	0.00	0.00	0.00	25.72	21.94	0.00	1.04	0.00	0.00
758	18.91	3996	3106	0.92	26	0	0	0	2	1	24	0	2	0	0	0.00	0.00	0.54	1.17	74.21	0.00	4.65	0.00	0.00	22.07	2.01	57.01	0.00	74	0	74	143.38	96.48	0.00	0.00	0.00	0.00	0.00	0.00	0.00	0.00	0.00	0.00	0.00	23.72	21.57	0.00	0.95	0.00	0.00
717	17.92	3995	3099	0.91	25	0	0	0	2	3	33	0	4	0	0	0.00	0.00	0.43	1.09	70.73	0.00	9.18	0.00	0.00	22.19	0.00	59.89	0.00	74	0	74	135.81	96.89	0.00	0.00	0.00	0.00	0.00	0.00	0.00	0.00	0.00	0.00	0.00	24.32	20.63	0.00	1.03	0.00	0.00
702	17.58	3996	3094	0.92	36	0	0	0	1	1	29	0	3	0	0	0.00	0.00	0.45	0.92	75.63	0.00	4.77	0.00	0.00	21.07	0.00	61.35	0.00	75	0	75	135.54	96.38	0.00	0.00	0.00	0.00	0.00	0.00	0.00	0.00	0.00	0.00	0.00	23.68	20.28	0.00	1.00	0.00	0.00
703	17.66	3996	3085	0.92	33	0	0	0	1	1	29	0	3	0	0	0.00	0.00	0.36	0.86	74.58	0.00	5.69	0.00	0.00	20.93	0.00	61.41	0.00	75	0	75	134.94	96.73	0.00	0.00	0.00	0.00	0.00	0.00	0.00	0.00	0.00	0.00	0.00	23.97	20.57	0.00	1.02	0.00	0.00
706	17.64	3997	3102	0.93	34	0	0	1	0	2	30	0	2	0	0	0.00	0.03	0.00	1.40	74.82	0.00	5.67	0.00	0.00	20.81	2.42	59.14	0.00	75	0	75	135.45	96.67	0.00	0.00	0.00	0.00	0.00	0.00	0.00	0.00	0.00	0.00	0.00	23.92	20.78	0.00	1.01	0.00	0.00
696	17.39	3996	3101	0.93	35	0	0	0	1	1	27	0	6	0	0	0.00	0.00	0.17	0.71	68.69	0.00	12.46	0.00	0.00	20.69	1.20	60.71	0.00	75	0	75	133.31	96.50	0.00	0.00	0.00	0.00	0.00	0.00	0.00	0.00	0.00	0.00	0.00	22.57	19.83	0.00	0.99	0.00	0.00
765	19.16	3996	3095	0.92	33	0	0	0	1	1	25	0	2	0	0	0.00	0.00	0.33	0.16	71.72	0.00	7.80	0.00	0.00	22.38	0.00	58.46	0.00	75	0	75	145.02	96.73	0.00	0.00	0.00	0.00	0.00	0.00	0.00	0.00	0.00	0.00	0.00	23.26	21.98	0.00	0.98	0.00	0.00
660	16.53	3995	3095	0.93	25	0	0	0	1	1	35	0	4	0	0	0.00	0.00	0.18	0.56	77.18	0.00	4.88	0.00	0.00	19.71	0.00	62.35	1.41	75	0	75	127.58	96.56	0.00	0.00	0.00	0.00	0.00	0.00	0.00	0.00	0.00	0.00	0.00	23.45	19.39	0.00	1.01	0.00	0.00
715	17.90	3996	3095	0.92	49	0	0	0	1	1	25	0	6	0	0	0.00	0.00	0.23	0.72	65.23	0.00	15.31	0.00	0.00	21.07	0.00	61.03	0.00	75	0	75	136.78	96.88	0.00	0.00	0.00	0.00	0.00	0.00	0.00	0.00	0.00	0.00	0.00	24.85	20.84	0.00	1.04	0.00	0.00
872	23.69	3993	2853	0.78	25	0	1	0	1	2	38	0	3	0	0	0.12	0.00	0.35	0.95	60.42	0.00	7.77	0.00	0.00	26.50	1.60	48.21	0.00	73	0	73	150.02	94.35	0.00	0.00	0.00	0.00	0.00	0.00	0.00	0.00	0.00	0.00	0.00	21.67	20.46	0.00	0.99	0.00	0.00
830	21.48	4000	2990	0.64	32	0	0	4	16	14	38	0	1	0	0	0.00	0.69	4.31	7.58	58.62	0.00	3.54	0.00	0.00	28.25	9.54	40.73	0.00	68	0	68	135.55	90.95	0.00	0.00	0.00	0.00	0.00	0.00	0.00	0.00	0.00	0.00	0.00	20.76	19.21	0.00	1.11	0.00	0.00
813	18.49	3992	3408	0.67	25	0	1	1	12	12	42	0	2	0	0	0.10	0.06	3.57	13.04	66.55	0.00	5.52	0.00	0.00	28.80	14.60	38.10	0.00	65	0	65	150.35	98.64	0.00	0.00	0.00	0.00	0.00	0.00	0.00	0.00	0.00	0.00	0.00	32.30	25.45	0.00	1.58	0.00	0.00
942	23.23	3965	3165	0.63	34	0	0	11	76	17	34	0	0	0	0	0.00	3.15	26.00	7.67	40.23	0.00	0.00	0.00	0.00	57.86	2.05	16.87	0.00	65	0	65	171.67	95.05	0.00	0.00	0.00	0.00	0.00	0.00	0.00	0.00	0.00	0.00	0.00	27.51	27.51	0.00	1.15	0.00	0.00
813	20.62	3909	3124	0.72	25	0	0	2	18	7	24	0	1	0	0	0.00	0.31	15.97	10.17	51.04	0.00	2.57	0.00	0.00	39.22	7.94	32.21	0.00	65	0	65	167.14	99.67	0.00	0.00	0.00	0.00	0.00	0.00	0.00	0.00	0.00	0.00	0.00	28.93	24.54	0.00	1.23	0.00	0.00
346	8.83	3900	3109	0.85	26	0	0	0	1	4	26	0	0	0	0	0.00	0.00	0.27	6.76	84.65	0.00	0.00	0.00	0.00	14.23	5.89	71.04	0.00	65	0	65	71.24	60.50	0.00	0.00	4.97	26.14	0.00	0.00	0.00	0.00	0.00	0.00	0.00	14.88	11.45	0.00	1.14	0.00	0.00
310	7.97	3900	3090	0.87	19	0	0	0	1	1	29	0	0	0	0	0.00	0.00	0.27	0.95	90.76	0.00	0.00	0.00	0.00	14.23	0.00	77.80	0.00	64	0	64	64.07	59.34	0.00	0.00	5.65	25.88	0.00	0.00	0.00	0.00	0.00	0.00	0.00	15.73	10.90	0.00	1.08	0.00	0.00
320	8.23	3900	3088	0.88	25	0	0	0	1	1	31	0	0	0	0	0.00	0.00	0.44	0.17	91.09	0.00	0.00	0.00	0.00	14.76	0.00	77.01	0.00	63	0	63	65.85	60.34	0.00	0.00	5.50	25.40	0.00	0.00	0.00	0.00	0.00	0.00	0.00	12.77	9.54	0.00	1.05	0.00	0.00
374	9.52	3900	3120	0.81	23	0	0	0	0	1	31	0	0	0	0	0.00	0.00	0.00	0.90	90.45	0.00	0.00	0.00	0.00	15.95	1.53	72.99	0.00	63	0	63	77.37	61.18	0.00	0.00	5.71	25.93	0.00	0.00	0.00	0.00	0.00	0.00	0.00	14.50	11.04	0.00	1.10	0.00	0.00
309	8.05	3895	3047	0.89	25	0	0	0	2	1	27	0	1	0	0	0.00	0.00	0.43	1.20	84.69	0.00	4.29	0.00	0.00	13.98	2.17	75.79	0.00	63	0	63	64.98	59.69	0.00	0.00	5.58	25.67	0.00	0.00	0.00	0.00	0.00	0.00	0.00	13.73	10.48	0.00	1.00	0.00	0.00
302	8.13	3733	3082	0.87	25	0	0	0	2	0	28	0	2	0	0	0.00	0.00	0.65	0.00	83.50	0.00	7.40	0.00	0.00	13.94	0.00	77.92	0.00	62	0	63	65.26	60.14	0.00	0.00	5.25	25.12	0.00	0.00	0.00	0.00	0.00	0.00	0.00	11.25	8.19	0.00	1.00	0.00	0.00
308	8.59	3600	3085	0.87	25	0	0	0	1	1	32	0	3	0	0	0.00	0.00	0.16	1.17	82.81	0.00	7.15	0.00	0.00	14.17	2.06	69.05	6.12	62	0	62	67.20	62.01	0.00	0.00	5.37	24.96	0.00	0.00	0.00	0.00	0.00	0.00	0.00	12.02	9.24	0.00	0.99	0.00	0.00
805	24.52	3569	2847	0.76	61	0	0	1	0	5	51	0	1	0	0	0.00	0.00	0.00	4.15	65.31	0.00	0.16	0.00	0.00	23.04	6.70	45.74	0.00	62	0	63	151.48	90.22	0.00	0.00	0.00	0.00	0.00	0.00	0.00	0.00	0.00	0.00	0.00	14.98	14.33	0.00	0.96	0.00	0.00
631	29.54	3322	1991	0.92	26	0	0	0	5	4	33	0	0	0	0	0.00	0.00	1.55	2.01	41.88	0.00	0.00	0.00	0.00	26.66	5.47	38.33	0.00	63	0	62	149.85	97.21	0.00	0.00	0.00	0.00	0.00	0.00	0.00	0.00	0.00	0.00	0.00	12.88	9.19	0.00	0.89	0.00	0.00
430	7.84	3289	5162	0.79	50	0	0	0	5	5	47	0	0	0	0	0.00	0.00	1.90	4.27	147.80	0.00	0.00	0.00	0.00	18.86	4.48	68.82	0.00	63	0	65	126.73	100.93	0.00	0.00	0.00	0.00	0.00	0.00	0.00	0.00	0.00	0.00	0.00	23.78	20.82	0.00	1.93	0.00	0.00
310	10.14	3028	3126	0.81	29	0	0	0	1	1	33	0	0	0	0	0.00	0.00	0.32	0.58	89.99	0.00	0.00	0.00	0.00	14.50	0.00	75.36	0.00	62	0	63	81.62	68.43	0.00	0.00	4.51	21.69	0.00	0.00	0.00	0.00	0.00	0.00	0.00	11.17	6.02	0.00	1.31	0.00	0.00
274	9.15	3000	3095	0.86	30	0	0	1	0	2	31	0	0	0	0	0.00	0.00	0.00	1.36	89.63	0.00	0.00	0.00	0.00	13.35	0.00	77.50	0.00	61	0	62	72.55	67.84	0.00	0.00	2.38	24.92	0.00	0.00	0.00	0.00	0.00	0.00	0.00	8.40	6.31	0.00	0.94	0.00	0.00
258	9.12	2919	3005	0.87	25	0	0	0	1	2	29	0	3	0	0	0.00	0.00	0.08	1.32	81.25	0.00	5.73	0.00	0.00	14.01	0.00	76.87	0.00	61	0	61	73.88	66.86	0.00	0.00	4.68	21.34	0.00	0.00	0.00	0.00	0.00	0.00	0.00	9.45	5.48	0.00	1.07	0.00	0.00
260	9.63	2700	3097	0.86	33	0	0	0	3	0	29	0	3	0	0	0.00	0.00	1.12	0.00	83.68	0.00	5.79	0.00	0.00	14.52	0.00	74.93	0.93	59	0	60	75.72	70.12	0.00	0.00	2.29	21.46	0.00	0.00	0.00	0.00	0.00	0.00	0.00	7.03	4.58	0.00	0.91	0.00	0.00
248	9.53	2683	3005	0.87	33	0	0	0	2	1	28	0	6	0	0	0.00	0.00	0.34	1.01	75.07	0.00	11.61	0.00	0.00	13.49	1.69	75.29	0.00	59	0	60	75.47	68.59	0.00	0.00	3.77	21.24	0.00	0.00	0.00	0.00	0.00	0.00	0.00	8.35	5.36	0.00	1.00	0.00	0.00
238	9.73	2453	3084	0.86	33	0	0	1	1	2	32	0	6	0	0	0.00	0.05	0.15	0.28	75.20	0.00	14.45	0.00	0.00	14.57	0.00	75.70	0.00	59	0	60	78.33	70.75	0.00	0.00	4.15	19.69	0.00	0.00	0.00	0.00	0.00	0.00	0.00	7.64	4.36	0.00	1.02	0.00	0.00
237	10.07	2398	3039	0.87	33	0	0	0	1	1	32	0	4	0	0	0.00	0.00	0.27	0.74	79.49	0.00	8.00	0.00	0.00	14.48	1.32	74.13	0.00	59	0	59	79.79	72.13	0.00	0.00	4.20	18.88	0.00	0.00	0.00	0.00	0.00	0.00	0.00	7.02	4.13	0.00	1.01	0.00	0.00
219	9.95	2246	3029	0.86	33	0	0	0	1	1	32	0	5	0	0	0.00	0.00	0.32	0.76	75.45	0.00	11.81	0.00	0.00	14.61	1.35	74.09	0.00	59	0	59	79.52	71.25	0.00	0.00	3.99	17.54	0.00	0.00	0.00	0.00	0.00	0.00	0.00	7.14	4.18	0.00	0.92	0.00	0.00
