Avg_MHz	Busy%	Bzy_MHz	TSC_MHz	IPC	IRQ	SMI	POLL	C1	C1E	C3	C6	C7s	C8	C9	C10	POLL%	C1%	C1E%	C3%	C6%	C7s%	C8%	C9%	C10%	CPU%c1	CPU%c3	CPU%c6	CPU%c7	CoreTmp	CoreThr	PkgTmp	Totl%C0	Any%C0	GFX%C0	CPUGFX%	Pkg%pc2	Pkg%pc3	Pkg%pc6	Pkg%pc7	Pkg%pc8	Pkg%pc9	Pk%pc10	CPU%LPI	SYS%LPI	PkgWatt	CorWatt	GFXWatt	RAMWatt	PKG_%	RAM_%
395	30.18	1600	2533	0.79	92	0	1	1	5	5	40	0	0	0	0	0.04	0.79	2.14	5.12	49.33	0.00	0.00	0.00	0.00	26.22	9.19	34.41	0.00	55	0	55	182.56	97.59	0.00	0.00	0.00	0.00	0.00	0.00	0.00	0.00	0.00	0.00	0.00	5.42	3.47	0.00	0.92	0.00	0.00
443	22.40	1600	3822	0.83	59	0	0	1	5	4	55	0	0	0	0	0.00	0.02	1.07	3.06	92.07	0.00	0.00	0.00	0.00	25.32	4.56	47.71	0.00	55	0	55	201.63	101.75	0.00	0.00	0.00	0.00	0.00	0.00	0.00	0.00	0.00	0.00	0.00	9.35	5.59	0.00	1.50	0.00	0.00
323	20.20	1600	3099	0.96	50	0	0	0	1	1	43	0	0	0	0	0.00	0.00	0.09	0.80	79.32	0.00	0.00	0.00	0.00	19.63	1.47	58.70	0.00	56	0	56	172.33	98.95	0.00	0.00	0.00	0.00	0.00	0.00	0.00	0.00	0.00	0.00	0.00	7.63	3.99	0.00	1.19	0.00	0.00
489	30.81	1600	3072	0.89	42	0	0	1	3	2	33	0	5	0	0	0.00	0.04	0.70	0.59	60.97	0.00	6.62	0.00	0.00	28.26	0.00	40.93	0.00	55	0	55	183.28	101.57	0.00	0.00	0.00	0.00	0.00	0.00	0.00	0.00	0.00	0.00	0.00	7.97	4.11	0.00	1.23	0.00	0.00
338	21.00	1600	3116	0.69	50	0	0	1	5	3	55	0	0	0	0	0.00	0.04	0.69	0.99	78.22	0.00	0.00	0.00	0.00	24.04	0.80	54.16	0.00	55	0	55	179.76	98.02	0.00	0.00	0.00	0.00	0.00	0.00	0.00	0.00	0.00	0.00	0.00	6.50	4.13	0.00	1.03	0.00	0.00
468	28.86	1600	3140	0.70	43	0	0	0	18	8	53	0	0	0	0	0.00	0.00	3.53	2.82	66.27	0.00	0.00	0.00	0.00	34.81	2.86	33.47	0.00	55	0	55	213.03	101.75	0.00	0.00	0.00	0.00	0.00	0.00	0.00	0.00	0.00	0.00	0.00	8.67	4.78	0.00	1.26	0.00	0.00
378	24.19	1600	3021	0.66	49	0	0	2	8	14	67	0	0	0	0	0.00	0.03	1.61	6.98	65.82	0.00	0.00	0.00	0.00	28.30	5.15	42.35	0.00	55	0	55	171.47	91.54	0.00	0.00	0.00	0.00	0.00	0.00	0.00	0.00	0.00	0.00	0.00	6.59	3.79	0.00	1.00	0.00	0.00
432	26.55	1600	3146	0.60	50	0	0	1	28	19	63	0	0	0	0	0.00	0.04	6.45	8.47	60.31	0.00	0.00	0.00	0.00	35.27	8.50	29.68	0.00	56	0	56	214.87	107.86	0.00	0.00	0.00	0.00	0.00	0.00	0.00	0.00	0.00	0.00	0.00	8.43	5.00	0.00	1.20	0.00	0.00
399	25.45	1600	3034	0.64	50	0	0	2	14	11	58	0	0	0	0	0.00	0.07	2.95	4.27	66.21	0.00	0.00	0.00	0.00	28.17	3.35	43.02	0.00	55	0	55	195.47	94.58	0.00	0.00	0.00	0.00	0.00	0.00	0.00	0.00	0.00	0.00	0.00	7.53	4.27	0.00	1.04	0.00	0.00
305	46.58	1600	1265	0.48	98	0	0	2	14	8	72	0	0	0	0	0.00	0.15	1.62	1.41	18.83	0.00	0.00	0.00	0.00	28.37	0.85	24.20	0.00	55	0	55	148.09	74.68	0.00	0.00	0.00	0.00	0.00	0.00	0.00	0.00	0.00	0.00	0.00	2.21	1.31	0.00	0.35	0.00	0.00
527	13.60	1600	7493	0.74	168	0	0	2	3	5	107	0	19	0	11	0.00	1.77	0.65	2.45	157.03	0.00	23.30	0.00	24.73	22.53	0.65	55.11	8.11	56	0	56	173.62	112.05	0.00	0.00	0.00	0.00	0.00	0.00	0.00	0.00	0.00	0.00	0.00	17.35	8.76	0.00	3.03	0.00	0.00
214	27.42	1626	1486	0.07	62	0	0	1	2	2	62	0	57	0	7	0.00	0.00	0.02	0.04	6.03	0.00	6.03	0.00	22.77	16.14	0.09	11.96	44.39	55	0	56	20.93	13.28	0.00	0.00	0.00	0.00	0.00	0.00	0.00	0.00	0.00	0.00	0.00	0.42	0.23	0.00	0.07	0.00	0.00
235	14.75	1780	2768	0.04	360	0	0	1	0	5	104	0	130	0	73	0.00	0.00	0.00	0.07	6.17	0.00	8.11	0.00	61.93	20.04	0.09	11.22	53.91	56	0	56	89.74	82.72	0.00	0.00	0.00	0.00	0.00	0.00	0.00	0.00	0.00	0.00	0.00	4.21	1.91	0.00	0.74	0.00	0.00
545	2.21	1641	46577	0.66	482	0	0	0	3	5	64	0	140	0	91	0.00	0.00	0.34	0.90	118.35	0.00	290.50	0.00	1063.28	4.76	0.06	10.31	82.67	54	0	55	204.81	188.86	0.00	0.00	0.00	0.00	0.00	0.00	0.00	0.00	0.00	0.00	0.00	149.49	60.25	0.00	28.63	0.00	0.00
370	22.73	1600	3148	0.75	47	0	0	1	0	0	22	0	21	0	0	0.00	0.00	0.00	0.00	40.35	0.00	38.56	0.00	0.00	21.66	0.00	48.07	7.54	55	0	55	168.70	101.08	0.00	0.00	0.00	0.00	0.00	0.00	0.00	0.00	0.00	0.00	0.00	7.12	3.76	0.00	1.08	0.00	0.00
383	23.50	1600	3150	0.76	42	0	0	0	1	1	32	0	8	0	0	0.00	0.00	0.24	0.29	66.03	0.00	11.58	0.00	0.00	21.41	0.00	55.09	0.00	55	0	55	171.31	100.49	0.00	0.00	0.00	0.00	0.00	0.00	0.00	0.00	0.00	0.00	0.00	7.61	3.83	0.00	1.14	0.00	0.00
368	23.05	1600	3088	0.78	51	0	0	0	3	4	36	0	6	0	0	0.00	0.00	0.54	1.00	67.20	0.00	8.35	0.00	0.00	22.55	1.26	50.26	2.88	56	0	55	171.53	99.94	0.00	0.00	0.00	0.00	0.00	0.00	0.00	0.00	0.00	0.00	0.00	6.00	3.72	0.00	0.92	0.00	0.00
369	23.00	1600	3107	0.77	50	0	0	0	1	0	31	0	10	0	0	0.00	0.00	0.09	0.00	62.22	0.00	15.25	0.00	0.00	22.09	0.00	54.20	0.71	56	0	55	170.05	99.87	0.00	0.00	0.00	0.00	0.00	0.00	0.00	0.00	0.00	0.00	0.00	7.71	3.83	0.00	1.11	0.00	0.00
367	22.93	1600	3099	0.78	41	0	0	0	3	1	30	0	9	0	0	0.00	0.00	0.29	0.54	61.04	0.00	15.58	0.00	0.00	21.95	0.95	54.18	0.00	56	0	56	170.86	99.94	0.00	0.00	0.00	0.00	0.00	0.00	0.00	0.00	0.00	0.00	0.00	6.13	3.75	0.00	0.90	0.00	0.00
290	26.09	1600	2151	0.75	50	0	0	0	0	0	32	0	24	0	0	0.00	0.00	0.00	0.00	29.45	0.00	22.08	0.00	0.00	19.85	0.00	41.54	12.52	56	0	55	112.37	65.90	0.00	0.00	0.00	0.00	0.00	0.00	0.00	0.00	0.00	0.00	0.00	3.59	1.80	0.00	0.51	0.00	0.00
341	17.08	1600	3864	0.74	97	0	0	0	1	1	34	0	41	0	0	0.00	0.00	0.13	0.36	47.09	0.00	56.31	0.00	0.00	18.10	0.00	42.43	22.39	55	0	55	163.35	117.52	0.00	0.00	0.00	0.00	0.00	0.00	0.00	0.00	0.00	0.00	0.00	9.10	4.53	0.00	1.48	0.00	0.00
329	20.22	1600	3148	0.76	65	0	0	1	0	1	26	0	30	0	2	0.00	0.00	0.00	0.38	36.20	0.00	43.51	0.00	1.36	20.21	0.00	36.44	23.14	55	0	56	152.73	100.92	0.00	0.00	0.00	0.00	0.00	0.00	0.00	0.00	0.00	0.00	0.00	6.68	3.53	0.00	1.03	0.00	0.00
326	20.48	1600	3082	0.76	66	0	0	0	1	2	28	0	27	0	1	0.00	0.00	0.07	0.60	39.77	0.00	37.42	0.00	1.61	20.53	0.00	39.10	19.89	56	0	55	152.74	99.49	0.00	0.00	0.00	0.00	0.00	0.00	0.00	0.00	0.00	0.00	0.00	6.55	3.40	0.00	1.00	0.00	0.00
318	20.25	1600	3038	0.75	66	0	0	0	1	1	33	0	23	0	2	0.00	0.00	0.04	0.31	45.99	0.00	30.64	0.00	1.59	20.38	0.00	51.20	8.18	56	0	56	152.06	99.43	0.00	0.00	0.00	0.00	0.00	0.00	0.00	0.00	0.00	0.00	0.00	6.41	3.32	0.00	0.99	0.00	0.00
375	18.66	1600	3892	0.74	66	0	0	0	1	0	32	0	23	0	0	0.00	0.00	0.07	0.00	57.25	0.00	45.33	0.00	0.00	21.96	0.00	48.78	10.59	56	0	56	170.79	112.72	0.00	0.00	0.00	0.00	0.00	0.00	0.00	0.00	0.00	0.00	0.00	9.07	4.87	0.00	1.39	0.00	0.00
322	26.77	1600	2327	0.74	42	0	0	0	2	1	30	0	16	0	2	0.00	0.00	0.23	0.26	34.05	0.00	17.85	0.00	2.86	18.24	0.00	47.80	7.19	56	0	55	128.89	76.02	0.00	0.00	0.00	0.00	0.00	0.00	0.00	0.00	0.00	0.00	0.00	4.15	2.13	0.00	0.60	0.00	0.00
373	16.62	1600	4343	0.75	83	0	0	0	1	3	39	0	25	0	1	0.00	0.00	0.10	0.49	70.30	0.00	46.03	0.00	0.52	21.30	0.00	49.89	12.20	56	0	56	174.53	120.53	0.00	0.00	0.00	0.00	0.00	0.00	0.00	0.00	0.00	0.00	0.00	10.73	5.49	0.00	1.71	0.00	0.00
390	23.40	1600	3221	0.75	47	0	0	0	1	2	15	0	24	0	0	0.00	0.00	0.15	0.98	29.39	0.00	49.48	0.00	0.00	20.74	0.82	23.43	31.61	56	0	56	170.55	101.81	0.00	0.00	0.00	0.00	0.00	0.00	0.00	0.00	0.00	0.00	0.00	7.57	4.05	0.00	1.09	0.00	0.00
403	23.59	1604	3299	0.77	51	0	0	0	1	3	26	0	13	0	0	0.00	0.00	0.23	1.69	52.53	0.00	27.24	0.00	0.00	21.71	2.03	44.20	8.48	56	0	56	174.25	101.89	0.00	0.00	0.00	0.00	0.00	0.00	0.00	0.00	0.00	0.00	0.00	6.53	4.03	0.00	0.97	0.00	0.00
385	23.26	1938	2644	0.78	42	0	0	0	1	0	22	0	19	0	0	0.00	0.00	0.18	0.00	36.07	0.00	29.44	0.00	0.00	22.70	0.00	38.78	15.25	56	0	56	139.56	83.46	0.00	0.00	0.00	0.00	0.00	0.00	0.00	0.00	0.00	0.00	0.00	5.84	3.56	0.00	0.75	0.00	0.00
421	20.06	2225	2923	0.76	57	0	0	1	2	0	29	0	22	0	1	0.00	0.00	0.16	0.00	42.75	0.00	32.45	0.00	0.29	20.03	0.00	53.00	6.91	58	0	57	135.37	92.10	0.00	0.00	0.00	0.00	0.00	0.00	0.00	0.00	0.00	0.00	0.00	7.43	4.38	0.00	0.91	0.00	0.00
279	12.30	2443	2873	0.76	57	0	0	1	1	4	37	0	23	0	0	0.00	0.03	0.18	0.26	48.69	0.00	32.41	0.00	0.00	20.89	0.00	46.38	20.43	59	0	58	143.25	104.88	0.00	0.00	0.00	0.00	0.00	0.00	0.00	0.00	0.00	0.00	0.00	8.20	5.92	0.00	0.91	0.00	0.00
1000	21.11	2782	5273	0.77	66	0	0	0	2	1	29	0	16	0	0	0.00	0.00	0.47	0.75	86.14	0.00	47.23	0.00	0.00	14.66	0.00	50.59	13.64	59	0	59	163.22	124.24	0.00	0.00	0.00	0.00	0.00	0.00	0.00	0.00	0.00	0.00	0.00	24.51	17.24	0.00	2.25	0.00	0.00
666	21.11	3041	3212	0.78	26	0	0	0	0	1	25	0	3	0	0	0.00	0.00	0.00	0.61	75.87	0.00	5.45	0.00	0.00	20.70	0.00	58.19	0.00	60	0	60	161.52	102.30	0.00	0.00	0.00	0.00	0.00	0.00	0.00	0.00	0.00	0.00	0.00	16.27	10.92	0.00	1.23	0.00	0.00
618	21.26	3200	2813	0.79	34	0	0	0	2	1	28	0	1	0	0	0.00	0.00	0.30	0.71	70.41	0.00	0.27	0.00	0.00	21.66	0.00	57.07	0.00	61	0	61	140.57	89.94	0.00	0.00	0.00	0.00	0.00	0.00	0.00	0.00	0.00	0.00	0.00	11.52	10.37	0.00	0.75	0.00	0.00
665	19.59	3320	3166	0.79	33	0	0	1	1	3	30	0	3	0	0	0.00	0.05	0.18	1.06	75.01	0.00	6.00	0.00	0.00	20.52	0.00	59.89	0.00	62	0	61	147.77	100.42	0.00	0.00	0.00	0.00	0.00	0.00	0.00	0.00	0.00	0.00	0.00	15.14	12.14	0.00	1.04	0.00	0.00
674	19.02	3600	3048	0.79	34	0	0	0	2	3	27	0	5	0	0	0.00	0.00	0.63	0.53	65.31	0.00	13.39	0.00	0.00	21.13	0.00	59.85	0.00	63	0	63	141.45	98.31	0.00	0.00	0.00	0.00	0.00	0.00	0.00	0.00	0.00	0.00	0.00	18.35	14.68	0.00	1.02	0.00	0.00
684	18.66	3649	3110	0.78	33	0	0	0	2	5	31	0	2	0	0	0.00	0.00	0.33	1.54	75.26	0.00	4.72	0.00	0.00	20.44	1.88	55.17	3.85	64	0	63	141.39	99.47	0.00	0.00	0.00	0.00	0.00	0.00	0.00	0.00	0.00	0.00	0.00	18.12	14.96	0.00	1.00	0.00	0.00
708	18.01	3945	3085	0.78	33	0	0	0	2	1	28	0	5	0	0	0.00	0.00	0.73	0.13	66.52	0.00	13.78	0.00	0.00	21.33	0.00	57.04	3.62	65	0	65	137.05	96.96	0.00	0.00	0.00	0.00	0.00	0.00	0.00	0.00	0.00	0.00	0.00	21.23	18.09	0.00	1.01	0.00	0.00
702	17.65	3996	3084	0.78	33	0	0	1	0	2	30	0	2	0	0	0.00	0.03	0.00	1.28	74.76	0.00	5.55	0.00	0.00	20.39	1.24	60.72	0.00	66	0	66	134.10	96.18	0.00	0.00	0.00	0.00	0.00	0.00	0.00	0.00	0.00	0.00	0.00	22.66	19.50	0.00	1.01	0.00	0.00
700	17.12	4071	3109	0.78	33	0	0	0	1	2	28	0	4	0	0	0.00	0.00	0.15	1.30	71.54	0.00	9.05	0.00	0.00	21.12	1.06	57.07	3.63	67	0	67	133.05	95.32	0.00	0.00	0.00	0.00	0.00	0.00	0.00	0.00	0.00	0.00	0.00	23.42	20.22	0.00	1.02	0.00	0.00
692	17.17	4090	3052	0.78	33	0	0	1	0	2	29	0	3	0	0	0.00	0.02	0.00	1.19	72.32	0.00	6.82	0.00	0.00	20.98	1.18	60.67	0.00	68	0	68	128.47	92.02	0.00	0.00	0.00	0.00	0.00	0.00	0.00	0.00	0.00	0.00	0.00	23.25	20.27	0.00	0.98	0.00	0.00
707	16.94	4090	3158	0.78	32	0	0	0	2	2	28	0	3	0	0	0.00	0.00	0.25	1.35	72.18	0.00	9.67	0.00	0.00	21.22	0.00	61.84	0.00	68	0	68	132.83	95.63	0.00	0.00	0.00	0.00	0.00	0.00	0.00	0.00	0.00	0.00	0.00	23.86	21.46	0.00	0.99	0.00	0.00
707	17.14	4090	3121	0.77	33	0	0	0	2	1	23	0	8	0	0	0.00	0.00	0.46	0.80	58.50	0.00	22.46	0.00	0.00	21.39	1.46	53.96	6.05	68	0	69	132.74	94.67	0.00	0.00	0.00	0.00	0.00	0.00	0.00	0.00	0.00	0.00	0.00	24.42	20.85	0.00	1.04	0.00	0.00
697	17.50	4089	3016	0.80	33	0	0	0	1	1	28	0	4	0	0	0.00	0.00	0.27	0.65	68.95	0.00	9.09	0.00	0.00	21.43	1.14	54.01	5.92	69	0	68	129.16	91.45	0.00	0.00	0.00	0.00	0.00	0.00	0.00	0.00	0.00	0.00	0.00	23.89	20.40	0.00	0.98	0.00	0.00
698	16.88	4091	3129	0.78	33	0	0	0	2	2	26	0	5	0	0	0.00	0.00	0.35	1.34	67.17	0.00	13.83	0.00	0.00	21.02	0.00	62.09	0.00	69	0	70	131.46	94.78	0.00	0.00	0.00	0.00	0.00	0.00	0.00	0.00	0.00	0.00	0.00	23.15	21.22	0.00	1.00	0.00	0.00
709	17.20	4090	3121	0.78	32	0	0	0	2	1	26	0	5	0	0	0.00	0.00	0.33	0.71	66.76	0.00	14.49	0.00	0.00	20.72	0.00	56.02	6.06	70	0	69	132.87	94.72	0.00	0.00	0.00	0.00	0.00	0.00	0.00	0.00	0.00	0.00	0.00	23.98	20.49	0.00	1.02	0.00	0.00
696	17.19	4090	3067	0.78	33	0	0	0	2	0	27	0	5	0	0	0.00	0.00	0.60	0.00	66.50	0.00	13.56	0.00	0.00	21.61	0.00	61.21	0.00	70	0	70	129.60	92.80	0.00	0.00	0.00	0.00	0.00	0.00	0.00	0.00	0.00	0.00	0.00	24.25	21.14	0.00	0.99	0.00	0.00
707	16.95	4090	3155	0.77	33	0	0	0	2	0	26	0	6	0	0	0.00	0.00	0.56	0.00	63.84	0.00	19.01	0.00	0.00	20.95	0.00	56.03	6.07	70	0	70	134.08	96.21	0.00	0.00	0.00	0.00	0.00	0.00	0.00	0.00	0.00	0.00	0.00	24.32	21.08	0.00	1.05	0.00	0.00
693	17.57	4088	2987	0.78	33	0	0	0	1	1	28	0	6	0	0	0.00	0.00	0.17	0.72	64.27	0.00	12.84	0.00	0.00	21.93	1.23	58.08	1.19	70	0	70	127.53	90.32	0.00	0.00	0.00	0.00	0.00	0.00	0.00	0.00	0.00	0.00	0.00	24.02	20.11	0.00	0.97	0.00	0.00
709	17.03	4089	3153	0.78	35	0	0	1	2	5	31	0	4	0	0	0.00	0.05	0.17	1.77	70.84	0.00	10.29	0.00	0.00	22.07	0.00	60.90	0.00	70	0	70	133.67	94.58	0.00	0.00	0.00	0.00	0.00	0.00	0.00	0.00	0.00	0.00	0.00	23.18	21.38	0.00	0.99	0.00	0.00
622	21.69	4090	2170	0.75	32	0	0	0	2	2	24	0	11	0	2	0.00	0.00	0.14	0.78	34.15	0.00	17.81	0.00	0.93	16.44	1.08	42.37	18.43	70	0	70	97.67	69.88	0.00	0.00	0.00	0.00	0.00	0.00	0.00	0.00	0.00	0.00	0.00	12.94	11.06	0.00	0.53	0.00	0.00
746	11.87	4086	4763	0.76	58	0	0	0	1	2	27	0	20	0	2	0.00	0.00	0.18	1.58	74.62	0.00	54.55	0.00	3.66	19.90	1.84	37.28	29.12	70	0	70	146.26	118.15	0.00	0.00	0.00	0.00	0.00	0.00	0.00	0.00	0.00	0.00	0.00	39.54	37.06	0.00	1.76	0.00	0.00
701	17.78	4089	2985	0.76	34	0	0	1	1	0	24	0	9	0	0	0.00	0.05	0.02	0.00	56.19	0.00	21.62	0.00	0.00	20.36	0.00	56.31	5.55	70	0	71	128.00	91.98	0.00	0.00	0.00	0.00	0.00	0.00	0.00	0.00	0.00	0.00	0.00	23.55	20.80	0.00	0.97	0.00	0.00
755	17.21	4089	3320	0.76	42	0	0	0	2	2	30	0	7	0	0	0.00	0.00	0.25	0.25	68.45	0.00	18.20	0.00	0.00	22.89	0.00	59.90	0.00	70	0	71	128.34	93.25	0.00	0.00	0.00	0.00	0.00	0.00	0.00	0.00	0.00	0.00	0.00	28.85	21.34	0.00	1.24	0.00	0.00
718	17.50	4088	3108	0.76	34	0	0	0	1	3	28	0	4	0	0	0.00	0.00	0.33	0.88	72.02	0.00	8.05	0.00	0.00	21.22	0.00	59.76	1.52	70	0	71	131.39	93.90	0.00	0.00	0.00	0.00	0.00	0.00	0.00	0.00	0.00	0.00	0.00	23.51	20.44	0.00	1.01	0.00	0.00
708	17.24	4089	3111	0.77	35	0	0	0	1	2	30	0	3	0	0	0.00	0.00	0.30	0.58	73.77	0.00	7.23	0.00	0.00	21.50	0.00	61.26	0.00	70	0	71	132.20	94.00	0.00	0.00	0.00	0.00	0.00	0.00	0.00	0.00	0.00	0.00	0.00	24.32	21.01	0.00	1.03	0.00	0.00
697	17.30	4088	3051	0.79	34	0	0	0	0	2	29	0	3	0	0	0.00	0.00	0.00	1.15	72.36	0.00	6.65	0.00	0.00	21.23	1.24	60.22	0.00	70	0	71	128.86	91.88	0.00	0.00	0.00	0.00	0.00	0.00	0.00	0.00	0.00	0.00	0.00	23.96	20.58	0.00	0.99	0.00	0.00
706	16.91	4091	3161	0.77	34	0	0	0	2	1	29	0	3	0	0	0.00	0.00	0.43	0.61	73.36	0.00	9.25	0.00	0.00	21.25	0.00	61.84	0.00	70	0	71	134.12	96.18	0.00	0.00	0.00	0.00	0.00	0.00	0.00	0.00	0.00	0.00	0.00	23.91	21.47	0.00	1.01	0.00	0.00
699	17.50	4088	3024	0.79	33	0	0	0	1	1	27	0	5	0	0	0.00	0.00	0.27	0.71	66.85	0.00	11.41	0.00	0.00	21.55	1.24	56.30	3.41	71	0	72	129.08	91.39	0.00	0.00	0.00	0.00	0.00	0.00	0.00	0.00	0.00	0.00	0.00	23.48	19.37	0.00	1.00	0.00	0.00
699	16.95	4090	3123	0.78	34	0	0	0	2	1	26	0	6	0	0	0.00	0.00	0.44	0.64	65.49	0.00	15.92	0.00	0.00	21.29	0.00	57.65	4.11	71	0	71	131.92	94.87	0.00	0.00	0.00	0.00	0.00	0.00	0.00	0.00	0.00	0.00	0.00	23.35	21.21	0.00	0.98	0.00	0.00
703	16.98	4089	3133	0.78	33	0	0	0	2	1	28	0	3	0	0	0.00	0.00	0.43	0.71	71.86	0.00	9.63	0.00	0.00	21.33	0.00	55.66	6.03	71	0	71	131.87	94.64	0.00	0.00	0.00	0.00	0.00	0.00	0.00	0.00	0.00	0.00	0.00	23.37	20.69	0.00	1.02	0.00	0.00
702	17.28	4089	3077	0.78	34	0	0	0	2	0	24	0	8	0	0	0.00	0.00	0.45	0.00	59.41	0.00	20.96	0.00	0.00	21.31	0.00	53.52	7.90	71	0	71	130.72	93.05	0.00	0.00	0.00	0.00	0.00	0.00	0.00	0.00	0.00	0.00	0.00	24.61	21.05	0.00	1.01	0.00	0.00
697	17.14	4089	3079	0.78	34	0	0	0	2	0	26	0	6	0	0	0.00	0.00	0.62	0.00	65.14	0.00	15.08	0.00	0.00	21.39	0.00	61.47	0.00	71	0	71	130.60	93.73	0.00	0.00	0.00	0.00	0.00	0.00	0.00	0.00	0.00	0.00	0.00	23.21	20.11	0.00	1.00	0.00	0.00
711	16.99	4090	3166	0.77	33	0	0	0	2	1	27	0	4	0	0	0.00	0.00	0.52	0.80	69.57	0.00	12.66	0.00	0.00	21.09	0.00	61.92	0.00	71	0	72	134.26	95.95	0.00	0.00	0.00	0.00	0.00	0.00	0.00	0.00	0.00	0.00	0.00	25.09	21.86	0.00	1.04	0.00	0.00
695	17.55	4088	2998	0.79	34	0	0	0	1	1	24	0	8	0	0	0.00	0.00	0.15	0.75	59.45	0.00	18.00	0.00	0.00	21.60	1.35	49.04	10.46	72	0	71	127.67	90.46	0.00	0.00	0.00	0.00	0.00	0.00	0.00	0.00	0.00	0.00	0.00	23.74	19.94	0.00	0.96	0.00	0.00
705	16.74	4091	3185	0.77	33	0	0	0	2	1	28	0	4	0	0	0.00	0.00	0.41	0.67	71.75	0.00	11.66	0.00	0.00	21.20	0.00	62.06	0.00	71	0	72	134.37	96.98	0.00	0.00	0.00	0.00	0.00	0.00	0.00	0.00	0.00	0.00	0.00	24.74	22.31	0.00	1.05	0.00	0.00
696	17.42	4088	3025	0.79	33	0	0	0	1	1	26	0	6	0	0	0.00	0.00	0.20	0.71	63.67	0.00	14.61	0.00	0.00	21.61	1.24	56.24	3.50	72	0	72	128.30	90.92	0.00	0.00	0.00	0.00	0.00	0.00	0.00	0.00	0.00	0.00	0.00	23.93	20.08	0.00	0.97	0.00	0.00
706	16.89	4091	3163	0.77	34	0	0	0	2	1	27	0	5	0	0	0.00	0.00	0.41	0.59	68.60	0.00	14.15	0.00	0.00	21.14	0.00	61.97	0.00	71	0	72	134.14	96.20	0.00	0.00	0.00	0.00	0.00	0.00	0.00	0.00	0.00	0.00	0.00	24.59	22.18	0.00	1.04	0.00	0.00
698	17.46	4088	3027	0.79	33	0	0	0	1	1	25	0	7	0	0	0.00	0.00	0.25	0.74	63.31	0.00	15.02	0.00	0.00	21.48	1.24	49.37	10.45	72	0	71	128.67	91.36	0.00	0.00	0.00	0.00	0.00	0.00	0.00	0.00	0.00	0.00	0.00	23.74	19.88	0.00	0.97	0.00	0.00
699	16.98	4090	3117	0.79	34	0	0	0	2	1	28	0	4	0	0	0.00	0.00	0.47	0.62	69.19	0.00	12.05	0.00	0.00	21.39	0.00	61.63	0.00	72	0	72	132.06	94.74	0.00	0.00	0.00	0.00	0.00	0.00	0.00	0.00	0.00	0.00	0.00	24.37	21.86	0.00	0.99	0.00	0.00
703	17.00	4089	3129	0.78	33	0	0	0	2	1	28	0	3	0	0	0.00	0.00	0.46	0.71	71.55	0.00	9.60	0.00	0.00	21.24	0.00	55.75	6.01	72	0	72	131.76	94.61	0.00	0.00	0.00	0.00	0.00	0.00	0.00	0.00	0.00	0.00	0.00	24.00	20.98	0.00	1.02	0.00	0.00
698	17.20	4090	3073	0.78	33	0	0	0	2	0	24	0	8	0	0	0.00	0.00	0.45	0.00	60.25	0.00	20.00	0.00	0.00	21.48	0.00	55.25	6.08	71	0	72	130.71	93.09	0.00	0.00	0.00	0.00	0.00	0.00	0.00	0.00	0.00	0.00	0.00	23.55	20.45	0.00	0.98	0.00	0.00
707	17.02	4090	3144	0.77	33	0	0	0	2	1	25	0	6	0	0	0.00	0.00	0.51	0.80	65.13	0.00	16.55	0.00	0.00	21.24	0.00	51.32	10.42	71	0	72	133.18	95.39	0.00	0.00	0.00	0.00	0.00	0.00	0.00	0.00	0.00	0.00	0.00	25.27	22.05	0.00	1.05	0.00	0.00
696	17.42	4089	3025	0.79	34	0	0	0	2	3	31	0	4	0	0	0.00	0.00	0.34	0.39	71.40	0.00	7.02	0.00	0.00	22.44	0.00	58.76	1.39	72	0	72	128.96	91.20	0.00	0.00	0.00	0.00	0.00	0.00	0.00	0.00	0.00	0.00	0.00	23.95	20.16	0.00	0.98	0.00	0.00
700	17.01	4090	3117	0.78	34	0	0	1	1	2	26	0	5	0	0	0.00	0.02	0.27	1.29	66.86	0.00	13.65	0.00	0.00	20.98	0.00	62.02	0.00	72	0	72	131.28	94.45	0.00	0.00	0.00	0.00	0.00	0.00	0.00	0.00	0.00	0.00	0.00	23.57	21.18	0.00	0.99	0.00	0.00
712	17.05	4090	3159	0.77	33	0	0	0	2	1	28	0	3	0	0	0.00	0.00	0.36	0.75	72.76	0.00	9.43	0.00	0.00	20.89	0.00	55.95	6.11	72	0	72	134.67	95.72	0.00	0.00	0.00	0.00	0.00	0.00	0.00	0.00	0.00	0.00	0.00	24.87	21.61	0.00	1.04	0.00	0.00
693	17.47	4088	3002	0.79	35	0	0	0	1	1	26	0	6	0	0	0.00	0.00	0.15	0.73	65.48	0.00	12.23	0.00	0.00	21.64	1.25	54.94	4.69	72	0	72	127.76	90.49	0.00	0.00	0.00	0.00	0.00	0.00	0.00	0.00	0.00	0.00	0.00	23.01	19.23	0.00	0.98	0.00	0.00
702	16.92	4090	3143	0.78	32	0	0	0	2	2	28	0	3	0	0	0.00	0.00	0.27	1.37	71.88	0.00	9.55	0.00	0.00	21.27	0.00	61.82	0.00	71	0	72	132.54	95.31	0.00	0.00	0.00	0.00	0.00	0.00	0.00	0.00	0.00	0.00	0.00	24.30	21.84	0.00	1.00	0.00	0.00
708	17.18	4089	3119	0.78	33	0	0	0	2	1	25	0	7	0	0	0.00	0.00	0.36	0.71	60.52	0.00	20.55	0.00	0.00	21.24	0.00	55.51	6.07	72	0	72	131.91	94.34	0.00	0.00	0.00	0.00	0.00	0.00	0.00	0.00	0.00	0.00	0.00	23.65	20.92	0.00	1.01	0.00	0.00
623	21.89	4091	2155	0.75	33	0	0	0	2	0	27	0	10	0	2	0.00	0.00	0.26	0.00	37.97	0.00	14.01	0.00	0.98	16.82	0.00	54.81	6.48	72	0	72	96.83	68.91	0.00	0.00	0.00	0.00	0.00	0.00	0.00	0.00	0.00	0.00	0.00	12.90	10.90	0.00	0.53	0.00	0.00
709	11.50	4086	4675	0.77	57	0	0	0	1	0	24	0	25	0	2	0.00	0.00	0.28	0.00	59.98	0.00	67.41	0.00	4.48	22.13	0.00	37.57	28.80	72	0	72	138.86	112.84	0.00	0.00	0.00	0.00	0.00	0.00	0.00	0.00	0.00	0.00	0.00	36.86	35.05	0.00	1.65	0.00	0.00
718	16.83	4090	3230	0.77	40	0	0	0	1	0	21	0	13	0	0	0.00	0.00	0.25	0.00	47.94	0.00	37.36	0.00	0.00	20.12	0.00	41.93	21.12	72	0	72	135.27	98.77	0.00	0.00	0.00	0.00	0.00	0.00	0.00	0.00	0.00	0.00	0.00	29.46	22.18	0.00	1.27	0.00	0.00
699	17.31	4089	3058	0.77	33	0	0	0	2	4	30	0	4	0	0	0.00	0.00	0.32	0.47	69.00	0.00	10.18	0.00	0.00	22.45	0.00	60.24	0.00	72	0	72	128.61	91.62	0.00	0.00	0.00	0.00	0.00	0.00	0.00	0.00	0.00	0.00	0.00	23.60	19.98	0.00	0.99	0.00	0.00
701	17.08	4089	3110	0.79	32	0	0	0	1	2	29	0	2	0	0	0.00	0.00	0.15	1.19	74.86	0.00	5.90	0.00	0.00	21.23	0.00	61.69	0.00	72	0	72	131.89	94.40	0.00	0.00	0.00	0.00	0.00	0.00	0.00	0.00	0.00	0.00	0.00	23.69	21.35	0.00	0.99	0.00	0.00
710	17.03	4089	3154	0.77	32	0	0	0	2	2	25	0	5	0	0	0.00	0.00	0.26	1.51	66.40	0.00	15.12	0.00	0.00	21.01	1.45	56.15	4.36	72	0	72	133.67	95.56	0.00	0.00	0.00	0.00	0.00	0.00	0.00	0.00	0.00	0.00	0.00	24.29	21.19	0.00	1.05	0.00	0.00
699	17.53	4089	3021	0.79	33	0	0	0	2	4	29	0	5	0	0	0.00	0.00	0.27	0.49	67.94	0.00	10.21	0.00	0.00	22.31	0.00	58.75	1.41	72	0	72	128.99	91.08	0.00	0.00	0.00	0.00	0.00	0.00	0.00	0.00	0.00	0.00	0.00	23.70	19.82	0.00	0.97	0.00	0.00
700	17.03	4090	3111	0.78	33	0	0	1	1	2	26	0	5	0	0	0.00	0.02	0.30	1.34	66.77	0.00	13.64	0.00	0.00	21.13	0.00	61.84	0.00	72	0	72	131.62	94.65	0.00	0.00	0.00	0.00	0.00	0.00	0.00	0.00	0.00	0.00	0.00	23.58	20.91	0.00	1.00	0.00	0.00
712	17.17	4089	3138	0.78	32	0	0	0	2	1	28	0	3	0	0	0.00	0.00	0.38	0.74	73.19	0.00	8.31	0.00	0.00	21.22	0.00	57.33	4.28	72	0	72	133.26	94.79	0.00	0.00	0.00	0.00	0.00	0.00	0.00	0.00	0.00	0.00	0.00	24.49	21.67	0.00	1.02	0.00	0.00
694	17.22	4090	3051	0.78	33	0	0	0	2	1	27	0	6	0	0	0.00	0.00	0.47	0.12	66.44	0.00	13.26	0.00	0.00	21.78	0.00	55.48	5.51	72	0	72	129.72	92.60	0.00	0.00	0.00	0.00	0.00	0.00	0.00	0.00	0.00	0.00	0.00	24.20	20.38	0.00	1.00	0.00	0.00
711	17.05	4090	3157	0.77	32	0	0	0	1	2	28	0	3	0	0	0.00	0.00	0.15	1.23	72.83	0.00	9.21	0.00	0.00	21.04	0.00	61.91	0.00	72	0	72	134.52	96.33	0.00	0.00	0.00	0.00	0.00	0.00	0.00	0.00	0.00	0.00	0.00	24.46	21.60	0.00	1.03	0.00	0.00
692	17.39	4089	3011	0.79	33	0	0	0	1	1	28	0	4	0	0	0.00	0.00	0.19	0.71	71.24	0.00	6.77	0.00	0.00	21.61	1.19	58.62	1.20	72	0	72	127.53	90.54	0.00	0.00	0.00	0.00	0.00	0.00	0.00	0.00	0.00	0.00	0.00	23.44	19.61	0.00	0.98	0.00	0.00
704	16.94	4090	3145	0.78	32	0	0	0	2	2	27	0	4	0	0	0.00	0.00	0.27	1.39	68.92	0.00	12.29	0.00	0.00	21.37	0.00	61.70	0.00	72	0	72	132.53	95.40	0.00	0.00	0.00	0.00	0.00	0.00	0.00	0.00	0.00	0.00	0.00	23.60	21.57	0.00	1.00	0.00	0.00
700	17.05	4090	3107	0.78	32	0	0	0	2	1	24	0	7	0	0	0.00	0.00	0.35	0.73	61.36	0.00	19.46	0.00	0.00	21.33	0.00	57.37	4.25	72	0	72	131.35	94.11	0.00	0.00	0.00	0.00	0.00	0.00	0.00	0.00	0.00	0.00	0.00	25.17	21.61	0.00	1.02	0.00	0.00
705	17.33	4089	3080	0.78	33	0	0	0	2	0	27	0	5	0	0	0.00	0.00	0.47	0.00	69.20	0.00	11.02	0.00	0.00	21.59	0.00	59.28	1.81	72	0	73	131.16	93.32	0.00	0.00	0.00	0.00	0.00	0.00	0.00	0.00	0.00	0.00	0.00	23.66	20.21	0.00	1.00	0.00	0.00
696	17.06	4090	3091	0.78	33	0	0	0	2	0	26	0	6	0	0	0.00	0.00	0.62	0.00	64.45	0.00	16.24	0.00	0.00	21.42	0.00	57.44	4.08	72	0	72	130.85	93.73	0.00	0.00	0.00	0.00	0.00	0.00	0.00	0.00	0.00	0.00	0.00	23.80	21.03	0.00	0.99	0.00	0.00
712	17.12	4090	3147	0.77	32	0	0	0	2	1	27	0	4	0	0	0.00	0.00	0.46	0.80	70.35	0.00	11.42	0.00	0.00	21.21	0.00	57.44	4.23	72	0	72	134.16	95.80	0.00	0.00	0.00	0.00	0.00	0.00	0.00	0.00	0.00	0.00	0.00	24.52	21.55	0.00	1.03	0.00	0.00
694	17.43	4088	3014	0.79	33	0	0	0	1	1	26	0	6	0	0	0.00	0.00	0.17	0.71	65.76	0.00	12.35	0.00	0.00	21.50	1.22	55.14	4.72	72	0	72	128.01	90.66	0.00	0.00	0.00	0.00	0.00	0.00	0.00	0.00	0.00	0.00	0.00	23.74	19.60	0.00	0.98	0.00	0.00
702	16.99	4091	3129	0.79	32	0	0	0	2	1	27	0	5	0	0	0.00	0.00	0.35	0.60	66.34	0.00	15.23	0.00	0.00	21.11	0.00	61.91	0.00	72	0	72	132.12	95.27	0.00	0.00	0.00	0.00	0.00	0.00	0.00	0.00	0.00	0.00	0.00	23.32	20.94	0.00	1.00	0.00	0.00
702	17.01	4090	3125	0.78	32	0	0	0	2	1	25	0	6	0	0	0.00	0.00	0.46	0.73	64.73	0.00	16.45	0.00	0.00	21.44	0.00	57.28	4.27	72	0	72	131.84	94.52	0.00	0.00	0.00	0.00	0.00	0.00	0.00	0.00	0.00	0.00	0.00	24.22	21.08	0.00	1.02	0.00	0.00
699	17.24	4089	3070	0.78	33	0	0	0	2	0	26	0	6	0	0	0.00	0.00	0.47	0.00	65.83	0.00	14.34	0.00	0.00	21.62	0.00	59.27	1.87	72	0	72	130.73	92.97	0.00	0.00	0.00	0.00	0.00	0.00	0.00	0.00	0.00	0.00	0.00	23.68	20.58	0.00	0.98	0.00	0.00
699	17.00	4090	3110	0.78	32	0	0	0	2	1	26	0	5	0	0	0.00	0.00	0.48	0.75	67.70	0.00	12.93	0.00	0.00	21.40	0.00	57.34	4.26	72	0	72	130.58	93.79	0.00	0.00	0.00	0.00	0.00	0.00	0.00	0.00	0.00	0.00	0.00	24.76	21.79	0.00	1.01	0.00	0.00
708	17.10	4090	3135	0.77	32	0	0	0	2	0	27	0	5	0	0	0.00	0.00	0.44	0.00	67.41	0.00	14.87	0.00	0.00	21.30	0.00	57.29	4.31	72	0	72	133.47	95.21	0.00	0.00	0.00	0.00	0.00	0.00	0.00	0.00	0.00	0.00	0.00	24.97	21.54	0.00	1.03	0.00	0.00
693	17.43	4089	3009	0.79	33	0	0	0	1	1	25	0	7	0	0	0.00	0.00	0.17	0.78	62.64	0.00	15.22	0.00	0.00	21.81	1.31	54.84	4.62	72	0	72	128.08	90.98	0.00	0.00	0.00	0.00	0.00	0.00	0.00	0.00	0.00	0.00	0.00	23.55	19.76	0.00	0.98	0.00	0.00
709	16.87	4090	3184	0.77	32	0	0	0	2	1	28	0	4	0	0	0.00	0.00	0.36	0.62	70.66	0.00	12.62	0.00	0.00	21.06	0.00	62.07	0.00	72	0	72	134.58	96.77	0.00	0.00	0.00	0.00	0.00	0.00	0.00	0.00	0.00	0.00	0.00	24.69	22.21	0.00	1.03	0.00	0.00
698	17.45	4088	3030	0.79	33	0	0	0	1	1	25	0	7	0	0	0.00	0.00	0.20	0.71	62.87	0.00	15.48	0.00	0.00	21.64	1.23	54.96	4.72	72	0	73	128.69	91.09	0.00	0.00	0.00	0.00	0.00	0.00	0.00	0.00	0.00	0.00	0.00	23.85	20.02	0.00	0.99	0.00	0.00
707	16.99	4091	3151	0.77	33	0	0	0	2	1	27	0	5	0	0	0.00	0.00	0.43	0.58	68.25	0.00	14.04	0.00	0.00	21.27	0.00	61.74	0.00	72	0	73	134.03	96.23	0.00	0.00	0.00	0.00	0.00	0.00	0.00	0.00	0.00	0.00	0.00	24.60	22.14	0.00	1.01	0.00	0.00
700	17.35	4090	3056	0.78	33	0	0	0	1	1	27	0	5	0	0	0.00	0.00	0.30	0.73	68.84	0.00	10.43	0.00	0.00	21.18	1.23	56.72	3.51	72	0	73	130.30	92.66	0.00	0.00	0.00	0.00	0.00	0.00	0.00	0.00	0.00	0.00	0.00	23.89	19.78	0.00	1.01	0.00	0.00
636	24.10	4093	1995	0.77	33	0	0	0	3	5	34	0	4	0	0	0.00	0.00	0.34	0.86	41.13	0.00	5.59	0.00	0.00	28.54	0.00	44.42	2.94	73	0	72	107.62	76.72	0.00	0.00	0.00	0.00	0.00	0.00	0.00	0.00	0.00	0.00	0.00	12.33	10.81	0.00	0.53	0.00	0.00
749	11.22	4080	5066	0.72	58	0	0	0	2	1	36	0	13	0	2	0.00	0.00	0.37	0.52	92.56	0.00	35.24	0.00	15.14	13.94	0.00	59.03	15.81	67	0	67	136.73	112.55	0.00	0.00	0.00	0.00	0.00	0.00	0.00	0.00	0.00	0.00	0.00	44.71	37.65	0.00	2.00	0.00	0.00
818	16.50	4080	3764	0.72	31	0	0	0	0	5	29	0	6	0	0	0.00	0.00	0.00	0.82	81.86	0.00	16.97	0.00	0.00	18.41	0.00	65.09	0.00	69	0	68	131.38	98.29	0.00	0.00	0.00	0.00	0.00	0.00	0.00	0.00	0.00	0.00	0.00	30.67	26.69	0.00	1.29	0.00	0.00
788	19.70	4089	3030	0.73	35	0	0	0	1	1	26	0	0	0	0	0.00	0.00	0.40	1.00	75.89	0.00	0.00	0.00	0.00	19.64	0.00	60.66	0.00	70	0	70	129.70	93.42	0.00	0.00	0.00	0.00	0.00	0.00	0.00	0.00	0.00	0.00	0.00	22.61	20.84	0.00	0.93	0.00	0.00
784	18.92	4090	3135	0.72	26	0	0	0	1	1	24	0	3	0	0	0.00	0.00	0.16	0.56	71.72	0.00	8.25	0.00	0.00	17.62	0.00	63.46	0.00	71	0	71	128.88	94.79	0.00	0.00	0.00	0.00	0.00	0.00	0.00	0.00	0.00	0.00	0.00	22.90	21.75	0.00	0.93	0.00	0.00
612	19.95	4089	2322	0.74	51	0	0	0	1	1	35	0	9	0	0	0.00	0.00	0.11	0.34	49.01	0.00	9.48	0.00	0.00	17.49	0.00	57.22	5.35	71	0	72	110.25	89.44	0.00	0.00	0.00	0.00	0.00	0.00	0.00	0.00	0.00	0.00	0.00	17.20	14.30	0.00	0.74	0.00	0.00
694	13.40	4086	3926	0.76	42	0	0	0	1	0	31	0	11	0	0	0.00	0.00	0.27	0.00	83.20	0.00	25.29	0.00	0.00	19.37	0.00	54.46	12.76	72	0	73	122.23	97.27	0.00	0.00	0.00	0.00	0.00	0.00	0.00	0.00	0.00	0.00	0.00	28.07	25.16	0.00	1.27	0.00	0.00
663	16.31	4087	3079	0.78	34	0	0	0	2	1	21	0	10	0	0	0.00	0.00	0.40	0.65	58.90	0.00	22.19	0.00	0.00	19.93	0.00	62.23	1.52	73	0	73	123.09	93.87	0.00	0.00	0.00	0.00	0.00	0.00	0.00	0.00	0.00	0.00	0.00	24.00	20.67	0.00	1.02	0.00	0.00
656	16.28	4087	3051	0.85	33	0	0	0	2	1	25	0	6	0	0	0.00	0.00	0.51	0.73	69.74	0.00	10.38	0.00	0.00	20.15	0.00	61.88	1.68	73	0	73	122.13	93.58	0.00	0.00	0.00	0.00	0.00	0.00	0.00	0.00	0.00	0.00	0.00	22.64	19.45	0.00	0.98	0.00	0.00
667	16.21	4087	3119	0.92	33	0	0	0	2	1	25	0	8	0	0	0.00	0.00	0.42	0.67	63.58	0.00	18.88	0.00	0.00	19.95	0.00	63.84	0.00	73	0	73	124.21	94.58	0.00	0.00	0.00	0.00	0.00	0.00	0.00	0.00	0.00	0.00	0.00	24.20	21.59	0.00	1.00	0.00	0.00
658	15.86	4089	3139	0.93	33	0	0	0	1	1	25	0	7	0	0	0.00	0.00	0.07	0.42	68.51	0.00	15.21	0.00	0.00	19.60	0.00	61.88	2.66	74	0	73	122.20	93.69	0.00	0.00	0.00	0.00	0.00	0.00	0.00	0.00	0.00	0.00	0.00	23.28	20.29	0.00	1.01	0.00	0.00
667	15.78	4089	3200	0.91	33	0	0	0	2	5	28	0	4	0	0	0.00	0.00	0.39	0.68	72.77	0.00	12.01	0.00	0.00	20.73	0.00	63.48	0.00	73	0	73	123.74	94.24	0.00	0.00	0.00	0.00	0.00	0.00	0.00	0.00	0.00	0.00	0.00	24.13	21.16	0.00	1.05	0.00	0.00
661	16.92	4087	2957	0.93	34	0	0	0	2	3	26	0	3	0	0	0.00	0.00	0.61	1.08	69.10	0.00	7.12	0.00	0.00	20.57	0.00	59.16	3.35	74	0	74	123.24	93.07	0.00	0.00	0.00	0.00	0.00	0.00	0.00	0.00	0.00	0.00	0.00	24.15	20.44	0.00	0.99	0.00	0.00
709	13.37	4088	4020	0.90	33	0	0	0	2	1	23	0	8	0	0	0.00	0.00	0.47	0.87	82.33	0.00	27.94	0.00	0.00	20.26	0.00	66.38	0.00	74	0	74	127.66	97.63	0.00	0.00	0.00	0.00	0.00	0.00	0.00	0.00	0.00	0.00	0.00	31.36	27.54	0.00	1.34	0.00	0.00
740	21.38	4091	2621	0.84	25	0	0	2	1	2	22	0	6	0	0	0.00	0.12	0.36	1.08	52.87	0.00	10.92	0.00	0.00	20.07	0.00	58.56	0.00	73	0	73	120.65	87.46	0.00	0.00	0.00	0.00	0.00	0.00	0.00	0.00	0.00	0.00	0.00	18.73	18.15	0.00	0.73	0.00	0.00
733	17.49	4090	3172	0.85	33	0	0	1	0	1	30	0	2	0	0	0.00	0.03	0.00	0.45	76.68	0.00	5.92	0.00	0.00	17.59	0.00	64.92	0.00	74	0	74	122.49	94.41	0.00	0.00	0.00	0.00	0.00	0.00	0.00	0.00	0.00	0.00	0.00	23.87	20.93	0.00	1.01	0.00	0.00
625	26.46	4092	1788	0.91	33	0	0	0	1	1	22	0	9	0	0	0.00	0.00	0.06	0.42	29.40	0.00	11.63	0.00	0.00	16.16	1.25	52.17	3.96	73	0	74	110.38	84.48	0.00	0.00	0.00	0.00	0.00	0.00	0.00	0.00	0.00	0.00	0.00	12.74	10.97	0.00	0.53	0.00	0.00
675	9.68	4081	5295	0.90	65	0	0	0	1	1	33	0	22	0	0	0.00	0.00	0.10	0.79	95.72	0.00	56.72	0.00	0.00	17.96	0.77	55.89	15.71	74	0	74	120.81	101.84	0.00	0.00	0.00	0.00	0.00	0.00	0.00	0.00	0.00	0.00	0.00	44.36	36.00	0.00	1.98	0.00	0.00
725	16.89	4088	3250	0.87	33	0	0	0	2	1	26	0	10	0	0	0.00	0.00	0.65	0.40	64.55	0.00	20.65	0.00	0.00	20.63	0.00	53.38	9.11	75	0	74	118.82	92.18	0.00	0.00	0.00	0.00	0.00	0.00	0.00	0.00	0.00	0.00	0.00	22.75	21.57	0.00	0.94	0.00	0.00
733	16.91	4088	3285	0.86	33	0	0	1	0	1	28	0	6	0	0	0.00	0.00	0.00	0.51	73.35	0.00	13.37	0.00	0.00	17.46	0.00	65.64	0.00	74	0	74	124.45	95.92	0.00	0.00	0.00	0.00	0.00	0.00	0.00	0.00	0.00	0.00	0.00	30.06	21.98	0.00	1.30	0.00	0.00
757	18.76	4087	3057	0.85	33	0	0	0	1	5	31	0	2	0	0	0.00	0.00	0.03	0.60	72.84	0.00	5.48	0.00	0.00	18.41	0.00	62.83	0.00	75	0	75	123.62	94.01	0.00	0.00	0.00	0.00	0.00	0.00	0.00	0.00	0.00	0.00	0.00	19.00	21.61	0.00	0.75	0.00	0.00
715	17.84	4090	3033	0.87	34	0	0	2	0	1	26	0	5	0	0	0.00	0.07	0.00	0.66	66.54	0.00	11.80	0.00	0.00	18.74	1.20	51.98	10.24	74	0	75	121.66	93.01	0.00	0.00	0.00	0.00	0.00	0.00	0.00	0.00	0.00	0.00	0.00	23.99	20.12	0.00	1.00	0.00	0.00
737	17.36	4087	3217	0.86	35	0	0	0	1	1	25	0	8	0	0	0.00	0.00	0.13	0.84	61.68	0.00	22.06	0.00	0.00	17.58	1.38	52.88	10.80	75	0	75	124.30	95.35	0.00	0.00	0.00	0.00	0.00	0.00	0.00	0.00	0.00	0.00	0.00	30.71	22.44	0.00	1.28	0.00	0.00
721	18.05	4089	3024	0.87	31	0	0	1	1	2	28	0	3	0	0	0.00	0.00	0.20	0.40	72.22	0.00	6.15	0.00	0.00	19.16	0.00	62.79	0.00	75	0	75	122.98	93.52	0.00	0.00	0.00	0.00	0.00	0.00	0.00	0.00	0.00	0.00	0.00	18.20	20.61	0.00	0.76	0.00	0.00
734	17.83	4088	3119	0.87	33	0	0	0	1	1	25	0	7	0	0	0.00	0.00	0.10	0.75	62.59	0.00	17.99	0.00	0.00	18.19	1.34	52.21	10.42	74	0	75	123.54	94.09	0.00	0.00	0.00	0.00	0.00	0.00	0.00	0.00	0.00	0.00	0.00	24.30	20.65	0.00	1.01	0.00	0.00
595	17.38	4088	2593	0.92	65	0	0	1	0	1	31	0	21	0	2	0.00	0.01	0.00	0.33	39.23	0.00	26.63	0.00	2.02	16.34	0.64	52.70	12.94	75	0	74	111.09	93.27	0.00	0.00	0.00	0.00	0.00	0.00	0.00	0.00	0.00	0.00	0.00	20.93	16.78	0.00	0.91	0.00	0.00
822	12.15	4086	5125	0.81	41	0	0	0	2	1	22	0	21	0	0	0.00	0.00	0.63	0.88	68.63	0.00	73.74	0.00	0.00	18.32	0.00	49.16	20.37	74	0	75	123.39	99.45	0.00	0.00	0.00	0.00	0.00	0.00	0.00	0.00	0.00	0.00	0.00	36.76	35.08	0.00	1.58	0.00	0.00
790	19.25	4090	3106	0.85	26	0	0	0	0	1	20	0	5	0	0	0.00	0.00	0.00	0.55	61.02	0.00	18.00	0.00	0.00	18.45	0.00	62.30	0.00	74	0	74	129.60	93.56	0.00	0.00	0.00	0.00	0.00	0.00	0.00	0.00	0.00	0.00	0.00	24.01	21.57	0.00	0.99	0.00	0.00
812	19.74	4087	3116	0.84	31	0	0	0	1	0	26	0	1	0	0	0.00	0.00	0.19	0.00	74.93	0.00	4.01	0.00	0.00	17.99	0.00	62.28	0.00	75	0	75	129.24	93.35	0.00	0.00	0.00	0.00	0.00	0.00	0.00	0.00	0.00	0.00	0.00	30.49	21.35	0.00	1.28	0.00	0.00
613	31.93	4092	1452	0.92	29	0	0	0	1	1	23	0	3	0	0	0.00	0.00	0.14	0.35	27.27	0.00	3.17	0.00	0.00	20.37	0.00	47.70	0.00	75	0	75	100.62	72.62	0.00	0.00	0.00	0.00	0.00	0.00	0.00	0.00	0.00	0.00	0.00	8.83	7.82	0.00	0.36	0.00	0.00
707	9.23	4080	5807	0.88	66	0	0	0	0	1	33	0	27	0	0	0.00	0.00	0.00	0.47	92.64	0.00	75.94	0.00	0.00	16.46	0.00	54.84	19.47	75	0	76	122.19	104.09	0.00	0.00	0.00	0.00	0.00	0.00	0.00	0.00	0.00	0.00	0.00	45.35	40.70	0.00	1.99	0.00	0.00
742	13.99	4086	4020	0.89	35	0	0	0	2	1	19	0	12	0	0	0.00	0.00	0.47	0.84	70.10	0.00	38.76	0.00	0.00	20.39	0.00	63.88	1.75	75	0	75	127.58	97.10	0.00	0.00	0.00	0.00	0.00	0.00	0.00	0.00	0.00	0.00	0.00	33.77	29.46	0.00	1.35	0.00	0.00
626	23.68	4090	2001	0.94	26	0	0	0	2	1	22	0	3	0	0	0.00	0.00	0.34	0.53	41.92	0.00	5.40	0.00	0.00	19.85	0.00	56.47	0.00	75	0	75	120.86	86.54	0.00	0.00	0.00	0.00	0.00	0.00	0.00	0.00	0.00	0.00	0.00	14.55	12.44	0.00	0.60	0.00	0.00
673	13.23	4088	3850	0.91	41	0	0	0	2	1	28	0	10	0	0	0.00	0.00	0.41	0.66	82.12	0.00	23.87	0.00	0.00	19.64	0.00	64.35	2.78	74	0	75	122.16	97.29	0.00	0.00	0.00	0.00	0.00	0.00	0.00	0.00	0.00	0.00	0.00	30.78	27.02	0.00	1.29	0.00	0.00
719	13.82	4088	3937	0.90	33	0	0	0	2	1	20	0	11	0	0	0.00	0.00	0.30	0.76	73.51	0.00	34.01	0.00	0.00	20.12	0.00	64.36	1.70	75	0	75	127.67	97.52	0.00	0.00	0.00	0.00	0.00	0.00	0.00	0.00	0.00	0.00	0.00	31.91	27.38	0.00	1.31	0.00	0.00
623	23.67	4088	1994	0.94	26	0	0	0	2	1	23	0	1	0	0	0.00	0.00	0.40	0.55	44.48	0.00	2.55	0.00	0.00	20.32	0.00	56.01	0.00	74	0	74	120.96	86.13	0.00	0.00	0.00	0.00	0.00	0.00	0.00	0.00	0.00	0.00	0.00	14.42	12.65	0.00	0.60	0.00	0.00
669	13.08	4088	3873	0.91	41	0	0	0	2	1	28	0	10	0	0	0.00	0.00	0.53	0.73	80.22	0.00	26.37	0.00	0.00	19.84	0.00	64.18	2.90	75	0	75	121.71	97.08	0.00	0.00	0.00	0.00	0.00	0.00	0.00	0.00	0.00	0.00	0.00	30.32	26.71	0.00	1.28	0.00	0.00
668	16.58	4088	3051	0.93	34	0	0	2	0	1	23	0	9	0	0	0.00	0.10	0.00	0.53	63.18	0.00	17.56	0.00	0.00	19.63	0.00	62.24	1.55	75	0	75	123.64	93.99	0.00	0.00	0.00	0.00	0.00	0.00	0.00	0.00	0.00	0.00	0.00	23.76	20.10	0.00	1.00	0.00	0.00
721	13.98	4084	3908	0.91	33	0	0	0	2	1	27	0	4	0	0	0.00	0.00	0.74	0.97	92.95	0.00	12.29	0.00	0.00	20.73	0.00	65.29	0.00	75	0	75	127.45	96.97	0.00	0.00	0.00	0.00	0.00	0.00	0.00	0.00	0.00	0.00	0.00	31.55	27.78	0.00	1.30	0.00	0.00
718	17.27	4089	3149	0.91	25	0	0	0	2	1	21	0	3	0	0	0.00	0.00	0.63	0.93	69.87	0.00	11.48	0.00	0.00	21.53	0.00	61.21	0.00	75	0	75	131.38	94.69	0.00	0.00	0.00	0.00	0.00	0.00	0.00	0.00	0.00	0.00	0.00	24.69	21.44	0.00	1.04	0.00	0.00
702	17.05	4091	3115	0.91	26	0	0	1	1	1	19	0	6	0	0	0.00	0.00	0.10	0.70	63.41	0.00	18.36	0.00	0.00	20.52	0.00	62.43	0.00	75	0	75	131.37	94.35	0.00	0.00	0.00	0.00	0.00	0.00	0.00	0.00	0.00	0.00	0.00	24.24	21.44	0.00	0.97	0.00	0.00
739	21.70	4091	2576	0.85	26	0	0	0	0	4	23	0	3	0	0	0.00	0.00	0.00	2.14	55.55	0.00	6.19	0.00	0.00	20.36	1.66	56.27	0.00	75	0	75	121.48	87.63	0.00	0.00	0.00	0.00	0.00	0.00	0.00	0.00	0.00	0.00	0.00	17.40	16.61	0.00	0.73	0.00	0.00
739	17.38	4085	3222	0.85	33	0	0	0	1	1	30	0	3	0	0	0.00	0.00	0.08	0.55	77.47	0.00	6.36	0.00	0.00	17.85	0.00	64.77	0.00	75	0	75	122.68	94.39	0.00	0.00	0.00	0.00	0.00	0.00	0.00	0.00	0.00	0.00	0.00	30.66	22.77	0.00	1.25	0.00	0.00
616	26.70	4091	1746	0.91	34	0	0	1	0	5	26	0	6	0	0	0.00	0.01	0.00	0.34	32.39	0.00	7.72	0.00	0.00	17.17	0.00	46.87	9.27	75	0	75	110.10	84.06	0.00	0.00	0.00	0.00	0.00	0.00	0.00	0.00	0.00	0.00	0.00	9.36	10.32	0.00	0.39	0.00	0.00
761	10.41	4083	5548	0.84	66	0	0	0	2	1	34	0	23	0	2	0.00	0.00	0.48	0.75	91.82	0.00	61.92	0.00	4.33	18.14	0.77	56.34	14.33	75	0	75	118.84	100.31	0.00	0.00	0.00	0.00	0.00	0.00	0.00	0.00	0.00	0.00	0.00	44.43	38.00	0.00	1.94	0.00	0.00
733	17.69	4089	3137	0.87	32	0	0	1	0	1	26	0	6	0	0	0.00	0.02	0.00	0.45	64.82	0.00	16.83	0.00	0.00	17.60	0.00	64.71	0.00	75	0	76	123.12	94.84	0.00	0.00	0.00	0.00	0.00	0.00	0.00	0.00	0.00	0.00	0.00	24.35	22.06	0.00	1.00	0.00	0.00
804	15.98	4083	3814	0.83	33	0	0	0	1	1	24	0	8	0	0	0.00	0.00	0.19	0.99	78.52	0.00	22.22	0.00	0.00	16.14	1.49	61.39	5.00	75	0	76	129.76	99.25	0.00	0.00	0.00	0.00	0.00	0.00	0.00	0.00	0.00	0.00	0.00	39.22	28.11	0.00	1.29	0.00	0.00
673	27.10	4089	1881	0.88	35	0	0	0	1	4	27	0	2	0	0	0.00	0.00	0.04	0.37	40.48	0.00	2.30	0.00	0.00	17.77	0.00	55.12	0.00	75	0	75	118.24	84.97	0.00	0.00	0.00	0.00	0.00	0.00	0.00	0.00	0.00	0.00	0.00	12.99	11.62	0.00	0.72	0.00	0.00
672	12.81	4085	3975	0.91	42	0	0	0	1	1	35	0	6	0	0	0.00	0.00	0.25	0.71	97.37	0.00	12.46	0.00	0.00	19.26	0.00	66.58	1.34	75	0	76	120.97	97.57	0.00	0.00	0.00	0.00	0.00	0.00	0.00	0.00	0.00	0.00	0.00	29.59	27.44	0.00	1.23	0.00	0.00
733	17.14	4088	3238	0.86	34	0	0	0	2	2	29	0	6	0	0	0.00	0.00	0.36	1.14	73.20	0.00	10.80	0.00	0.00	20.47	0.00	59.28	3.10	75	0	75	118.32	91.24	0.00	0.00	0.00	0.00	0.00	0.00	0.00	0.00	0.00	0.00	0.00	22.57	20.61	0.00	0.97	0.00	0.00
737	17.08	4086	3269	0.86	33	0	0	0	1	1	28	0	6	0	0	0.00	0.00	0.18	0.66	72.64	0.00	12.86	0.00	0.00	17.68	0.00	65.23	0.00	75	0	76	124.46	95.58	0.00	0.00	0.00	0.00	0.00	0.00	0.00	0.00	0.00	0.00	0.00	30.74	23.49	0.00	1.26	0.00	0.00
742	18.48	4087	3042	0.85	34	0	0	1	1	4	32	0	2	0	0	0.00	0.03	0.05	0.50	72.75	0.00	5.35	0.00	0.00	19.46	0.00	62.06	0.00	75	0	76	124.26	93.76	0.00	0.00	0.00	0.00	0.00	0.00	0.00	0.00	0.00	0.00	0.00	18.42	20.43	0.00	0.75	0.00	0.00
729	17.97	4086	3076	0.86	33	0	0	0	1	1	27	0	6	0	0	0.00	0.00	0.15	0.83	64.39	0.00	14.52	0.00	0.00	19.49	1.43	56.69	4.43	75	0	76	123.53	92.98	0.00	0.00	0.00	0.00	0.00	0.00	0.00	0.00	0.00	0.00	0.00	23.98	21.36	0.00	1.00	0.00	0.00
730	17.69	4085	3130	0.87	33	0	0	1	0	1	28	0	5	0	0	0.00	0.03	0.00	0.73	66.31	0.00	15.00	0.00	0.00	17.93	1.31	58.27	4.79	75	0	76	123.86	94.51	0.00	0.00	0.00	0.00	0.00	0.00	0.00	0.00	0.00	0.00	0.00	30.92	22.05	0.00	1.27	0.00	0.00
741	17.88	4085	3142	0.86	35	0	0	0	1	6	31	0	3	0	0	0.00	0.00	0.05	1.44	74.22	0.00	6.54	0.00	0.00	18.62	1.36	62.14	0.00	75	0	76	124.98	95.37	0.00	0.00	0.00	0.00	0.00	0.00	0.00	0.00	0.00	0.00	0.00	24.24	21.05	0.00	1.02	0.00	0.00
624	27.10	4091	1743	0.90	33	0	0	0	1	1	29	0	1	0	0	0.00	0.00	0.21	0.45	37.84	0.00	1.59	0.00	0.00	17.07	0.00	55.83	0.00	75	0	75	110.43	83.62	0.00	0.00	0.00	0.00	0.00	0.00	0.00	0.00	0.00	0.00	0.00	9.79	10.80	0.00	0.38	0.00	0.00
648	15.92	4088	3083	0.88	65	0	0	0	2	1	33	0	20	0	4	0.00	0.00	0.25	0.38	47.53	0.00	30.24	0.00	4.33	16.86	0.68	43.36	23.18	75	0	75	111.48	94.33	0.00	0.00	0.00	0.00	0.00	0.00	0.00	0.00	0.00	0.00	0.00	22.84	19.53	0.00	1.02	0.00	0.00
687	9.63	4082	5406	0.89	63	0	0	1	1	1	23	0	28	0	3	0.00	0.05	0.12	0.52	62.90	0.00	76.99	0.00	15.70	18.21	0.00	42.89	29.27	75	0	75	122.08	102.22	0.00	0.00	0.00	0.00	0.00	0.00	0.00	0.00	0.00	0.00	0.00	45.35	37.17	0.00	1.99	0.00	0.00
742	13.61	4087	4126	0.90	31	0	0	0	2	1	17	0	14	0	0	0.00	0.00	0.68	0.98	58.58	0.00	53.63	0.00	0.00	20.32	0.00	56.25	9.82	75	0	76	127.26	97.63	0.00	0.00	0.00	0.00	0.00	0.00	0.00	0.00	0.00	0.00	0.00	32.75	28.68	0.00	1.39	0.00	0.00
599	31.84	4093	1423	0.92	26	0	0	2	1	1	22	0	5	0	0	0.00	0.04	0.13	0.23	25.34	0.00	4.68	0.00	0.00	21.02	0.00	46.45	0.69	75	0	75	98.30	70.90	0.00	0.00	0.00	0.00	0.00	0.00	0.00	0.00	0.00	0.00	0.00	8.41	7.76	0.00	0.33	0.00	0.00
685	8.47	4080	6142	0.90	73	0	0	0	2	1	35	0	29	0	0	0.00	0.00	0.42	0.12	98.11	0.00	81.72	0.00	0.00	16.62	0.00	54.38	20.53	75	0	75	123.15	105.42	0.00	0.00	0.00	0.00	0.00	0.00	0.00	0.00	0.00	0.00	0.00	50.72	42.88	0.00	2.24	0.00	0.00
742	14.13	4087	3981	0.89	33	0	0	1	0	1	15	0	16	0	0	0.00	0.03	0.00	0.61	54.41	0.00	54.07	0.00	0.00	19.82	0.00	48.51	17.54	75	0	75	127.00	96.74	0.00	0.00	0.00	0.00	0.00	0.00	0.00	0.00	0.00	0.00	0.00	31.69	26.90	0.00	1.36	0.00	0.00
663	22.86	4090	2196	0.89	25	0	0	0	3	2	22	0	5	0	0	0.00	0.00	0.48	1.05	40.06	0.00	11.90	0.00	0.00	23.67	0.00	53.48	0.00	75	0	75	110.49	80.54	0.00	0.00	0.00	0.00	0.00	0.00	0.00	0.00	0.00	0.00	0.00	14.26	13.59	0.00	0.57	0.00	0.00
625	22.00	4091	2149	0.90	41	0	0	1	1	1	26	0	11	0	0	0.00	0.03	0.17	0.41	38.31	0.00	14.27	0.00	0.00	15.13	0.00	53.56	9.31	75	0	76	114.63	91.38	0.00	0.00	0.00	0.00	0.00	0.00	0.00	0.00	0.00	0.00	0.00	15.82	14.25	0.00	0.65	0.00	0.00
696	9.74	4081	5424	0.89	65	0	0	0	1	1	25	0	29	0	1	0.00	0.00	0.12	0.77	71.89	0.00	81.01	0.00	2.92	17.76	0.79	48.62	23.10	75	0	75	121.16	102.11	0.00	0.00	0.00	0.00	0.00	0.00	0.00	0.00	0.00	0.00	0.00	45.46	37.05	0.00	2.01	0.00	0.00
627	25.24	4092	1879	0.91	33	0	0	1	1	2	23	0	11	0	0	0.00	0.04	0.06	0.59	30.41	0.00	13.30	0.00	0.00	18.72	0.00	48.43	7.61	75	0	75	106.67	82.17	0.00	0.00	0.00	0.00	0.00	0.00	0.00	0.00	0.00	0.00	0.00	11.92	10.93	0.00	0.51	0.00	0.00
681	9.44	4082	5471	0.90	65	0	0	0	1	1	26	0	30	0	0	0.00	0.00	0.22	0.69	75.73	0.00	82.45	0.00	0.00	17.74	0.00	50.37	22.45	76	0	76	121.75	102.78	0.00	0.00	0.00	0.00	0.00	0.00	0.00	0.00	0.00	0.00	0.00	45.68	38.30	0.00	1.99	0.00	0.00
745	13.86	4087	4069	0.89	33	0	0	0	2	1	20	0	11	0	0	0.00	0.00	0.47	0.88	76.22	0.00	34.38	0.00	0.00	20.14	0.00	54.37	11.62	76	0	76	127.92	97.61	0.00	0.00	0.00	0.00	0.00	0.00	0.00	0.00	0.00	0.00	0.00	31.88	27.81	0.00	1.34	0.00	0.00
714	17.84	4087	3032	0.91	26	0	0	0	2	1	21	0	3	0	0	0.00	0.00	0.39	0.78	68.83	0.00	8.92	0.00	0.00	20.87	0.00	61.29	0.00	75	0	75	130.57	93.32	0.00	0.00	0.00	0.00	0.00	0.00	0.00	0.00	0.00	0.00	0.00	25.88	22.25	0.00	1.00	0.00	0.00
678	17.01	4089	3017	0.90	25	0	0	0	2	1	21	0	3	0	0	0.00	0.00	0.55	0.88	66.60	0.00	12.03	0.00	0.00	20.82	0.00	62.17	0.00	75	0	75	132.20	95.02	0.00	0.00	0.00	0.00	0.00	0.00	0.00	0.00	0.00	0.00	0.00	23.55	20.98	0.00	0.99	0.00	0.00
841	19.26	4089	3308	0.82	26	0	0	0	2	1	22	0	5	0	0	0.00	0.00	0.35	0.73	69.38	0.00	14.14	0.00	0.00	17.87	0.00	62.88	0.00	75	0	76	128.49	93.96	0.00	0.00	0.00	0.00	0.00	0.00	0.00	0.00	0.00	0.00	0.00	23.83	23.29	0.00	0.95	0.00	0.00
818	19.90	4083	3118	0.83	27	0	0	0	1	0	23	0	4	0	0	0.00	0.00	0.32	0.00	70.12	0.00	8.38	0.00	0.00	17.96	0.00	62.14	0.00	75	0	76	129.86	93.30	0.00	0.00	0.00	0.00	0.00	0.00	0.00	0.00	0.00	0.00	0.00	31.99	22.41	0.00	1.30	0.00	0.00
739	21.12	4087	2651	0.86	34	0	0	0	1	4	28	0	1	0	0	0.00	0.00	0.08	0.49	62.65	0.00	3.03	0.00	0.00	20.94	0.00	57.94	0.00	75	0	76	123.38	89.14	0.00	0.00	0.00	0.00	0.00	0.00	0.00	0.00	0.00	0.00	0.00	19.39	17.59	0.00	0.77	0.00	0.00
676	24.31	4090	2107	0.88	26	0	0	0	1	1	26	0	3	0	0	0.00	0.00	0.03	0.40	44.00	0.00	5.82	0.00	0.00	15.04	0.00	60.65	0.00	75	0	76	119.99	90.15	0.00	0.00	0.00	0.00	0.00	0.00	0.00	0.00	0.00	0.00	0.00	13.20	14.16	0.00	0.52	0.00	0.00
745	13.11	4086	4305	0.85	50	0	0	0	2	1	35	0	11	0	0	0.00	0.00	0.48	0.74	90.18	0.00	28.14	0.00	0.00	19.46	0.96	55.69	10.78	75	0	75	117.75	96.05	0.00	0.00	0.00	0.00	0.00	0.00	0.00	0.00	0.00	0.00	0.00	34.47	29.97	0.00	1.44	0.00	0.00
619	15.16	4087	3094	0.84	33	0	1	1	0	1	27	0	5	0	0	0.10	0.00	0.00	0.48	70.18	0.00	12.84	0.00	0.00	18.41	0.00	66.43	0.00	76	0	76	126.37	97.14	0.00	0.00	0.00	0.00	0.00	0.00	0.00	0.00	0.00	0.00	0.00	24.23	21.27	0.00	1.01	0.00	0.00
846	20.22	4089	3169	0.87	35	0	0	0	1	1	26	0	6	0	0	0.00	0.00	0.12	0.77	63.18	0.00	16.14	0.00	0.00	17.47	1.36	50.94	10.01	75	0	76	120.06	91.45	0.00	0.00	0.00	0.00	0.00	0.00	0.00	0.00	0.00	0.00	0.00	24.71	21.24	0.00	1.00	0.00	0.00
589	17.23	4089	2591	0.92	65	0	0	0	1	1	28	0	26	0	0	0.00	0.00	0.06	0.35	36.68	0.00	31.21	0.00	0.00	16.35	0.75	46.33	19.34	75	0	75	111.01	93.34	0.00	0.00	0.00	0.00	0.00	0.00	0.00	0.00	0.00	0.00	0.00	20.68	16.42	0.00	0.91	0.00	0.00
759	13.99	4087	4110	0.85	41	0	0	0	2	0	32	0	12	0	1	0.00	0.00	0.60	0.00	80.13	0.00	31.71	0.00	0.36	19.38	0.00	51.54	15.08	76	0	75	118.40	95.21	0.00	0.00	0.00	0.00	0.00	0.00	0.00	0.00	0.00	0.00	0.00	27.69	26.65	0.00	1.21	0.00	0.00
823	16.20	4087	3851	0.83	33	0	0	1	0	1	22	0	9	0	0	0.00	0.03	0.00	0.55	71.24	0.00	30.73	0.00	0.00	15.46	0.00	55.98	12.37	75	0	75	130.04	99.97	0.00	0.00	0.00	0.00	0.00	0.00	0.00	0.00	0.00	0.00	0.00	30.35	26.94	0.00	1.30	0.00	0.00
807	19.56	4087	3125	0.84	29	0	0	0	1	0	23	0	4	0	0	0.00	0.00	0.22	0.00	66.89	0.00	12.58	0.00	0.00	18.01	0.00	62.42	0.00	75	0	76	129.95	94.10	0.00	0.00	0.00	0.00	0.00	0.00	0.00	0.00	0.00	0.00	0.00	32.33	23.09	0.00	1.29	0.00	0.00
681	22.88	4089	2252	0.89	31	0	0	0	1	0	25	0	3	0	0	0.00	0.00	0.29	0.00	49.08	0.00	5.65	0.00	0.00	23.33	0.00	53.79	0.00	76	0	76	114.05	82.17	0.00	0.00	0.00	0.00	0.00	0.00	0.00	0.00	0.00	0.00	0.00	15.42	13.90	0.00	0.63	0.00	0.00
739	15.48	4085	3619	0.86	33	0	0	1	0	1	31	0	7	0	0	0.00	0.08	0.00	0.55	79.01	0.00	18.01	0.00	0.00	16.14	0.00	68.38	0.00	75	0	76	125.55	99.19	0.00	0.00	0.00	0.00	0.00	0.00	0.00	0.00	0.00	0.00	0.00	30.60	26.12	0.00	1.25	0.00	0.00
730	17.92	4087	3084	0.86	33	0	0	0	1	1	32	0	1	0	0	0.00	0.00	0.23	0.18	77.84	0.00	2.44	0.00	0.00	18.89	0.00	63.19	0.00	75	0	76	125.15	95.01	0.00	0.00	0.00	0.00	0.00	0.00	0.00	0.00	0.00	0.00	0.00	24.56	20.87	0.00	1.02	0.00	0.00
727	18.07	4088	3047	0.87	34	0	1	0	0	1	27	0	5	0	0	0.07	0.00	0.00	0.69	64.39	0.00	14.37	0.00	0.00	18.43	1.10	52.04	10.36	75	0	76	122.75	93.57	0.00	0.00	0.00	0.00	0.00	0.00	0.00	0.00	0.00	0.00	0.00	18.74	21.10	0.00	0.73	0.00	0.00
727	17.67	4089	3115	0.87	34	0	0	1	0	1	28	0	5	0	0	0.00	0.05	0.00	0.70	65.42	0.00	15.52	0.00	0.00	18.16	1.25	57.04	5.88	75	0	76	123.09	94.13	0.00	0.00	0.00	0.00	0.00	0.00	0.00	0.00	0.00	0.00	0.00	24.14	20.94	0.00	1.01	0.00	0.00
737	17.55	4088	3180	0.86	33	0	0	0	0	1	28	0	5	0	0	0.00	0.00	0.00	0.66	71.22	0.00	11.63	0.00	0.00	17.71	1.16	63.58	0.00	75	0	76	124.85	95.30	0.00	0.00	0.00	0.00	0.00	0.00	0.00	0.00	0.00	0.00	0.00	30.24	21.72	0.00	1.29	0.00	0.00
720	18.29	4088	2982	0.87	33	0	0	1	1	0	28	0	3	0	0	0.00	0.02	0.29	0.00	72.55	0.00	4.60	0.00	0.00	19.31	0.00	62.40	0.00	76	0	76	122.79	93.32	0.00	0.00	0.00	0.00	0.00	0.00	0.00	0.00	0.00	0.00	0.00	18.86	20.55	0.00	0.74	0.00	0.00
733	17.34	4087	3201	0.86	34	0	0	0	1	1	24	0	9	0	0	0.00	0.00	0.13	0.84	62.04	0.00	21.29	0.00	0.00	17.32	1.38	53.15	10.81	75	0	76	123.79	95.09	0.00	0.00	0.00	0.00	0.00	0.00	0.00	0.00	0.00	0.00	0.00	29.68	21.54	0.00	1.27	0.00	0.00
726	18.17	4087	3025	0.87	33	0	0	1	1	1	29	0	3	0	0	0.00	0.00	0.23	0.15	72.28	0.00	6.10	0.00	0.00	19.41	0.00	62.42	0.00	76	0	76	123.70	93.69	0.00	0.00	0.00	0.00	0.00	0.00	0.00	0.00	0.00	0.00	0.00	19.07	21.23	0.00	0.76	0.00	0.00
731	17.66	4088	3133	0.86	34	0	0	0	1	1	25	0	8	0	0	0.00	0.00	0.12	0.77	62.73	0.00	18.27	0.00	0.00	17.98	1.39	58.33	4.64	75	0	76	123.16	94.06	0.00	0.00	0.00	0.00	0.00	0.00	0.00	0.00	0.00	0.00	0.00	30.02	21.19	0.00	1.25	0.00	0.00
721	17.82	4090	3064	0.87	34	0	0	1	0	1	29	0	2	0	0	0.00	0.03	0.00	0.63	74.19	0.00	5.41	0.00	0.00	18.51	1.10	62.57	0.00	75	0	76	122.91	93.73	0.00	0.00	0.00	0.00	0.00	0.00	0.00	0.00	0.00	0.00	0.00	18.93	20.94	0.00	0.76	0.00	0.00
730	17.81	4088	3104	0.87	33	0	0	0	1	1	25	0	7	0	0	0.00	0.00	0.12	0.77	62.44	0.00	17.77	0.00	0.00	18.19	1.38	52.33	10.29	75	0	76	123.19	93.87	0.00	0.00	0.00	0.00	0.00	0.00	0.00	0.00	0.00	0.00	0.00	24.78	21.92	0.00	1.01	0.00	0.00
727	17.82	4089	3090	0.87	33	0	0	1	1	1	26	0	5	0	0	0.00	0.03	0.08	0.73	66.57	0.00	13.33	0.00	0.00	18.29	1.31	56.66	5.93	76	0	76	123.09	93.88	0.00	0.00	0.00	0.00	0.00	0.00	0.00	0.00	0.00	0.00	0.00	24.44	20.85	0.00	1.00	0.00	0.00
732	17.97	4088	3084	0.86	33	0	0	0	1	0	26	0	6	0	0	0.00	0.00	0.15	0.00	62.94	0.00	17.41	0.00	0.00	17.91	0.00	59.86	4.26	75	0	76	123.68	94.53	0.00	0.00	0.00	0.00	0.00	0.00	0.00	0.00	0.00	0.00	0.00	23.99	21.04	0.00	1.00	0.00	0.00
728	17.79	4087	3100	0.87	34	0	0	1	1	0	27	0	6	0	0	0.00	0.03	0.17	0.00	62.30	0.00	18.35	0.00	0.00	18.34	0.00	57.99	5.88	76	0	76	123.72	94.12	0.00	0.00	0.00	0.00	0.00	0.00	0.00	0.00	0.00	0.00	0.00	24.41	21.48	0.00	1.01	0.00	0.00
727	17.59	4089	3130	0.86	33	0	0	0	1	0	28	0	5	0	0	0.00	0.00	0.15	0.00	69.06	0.00	12.78	0.00	0.00	18.11	0.00	58.45	5.86	76	0	76	122.49	93.81	0.00	0.00	0.00	0.00	0.00	0.00	0.00	0.00	0.00	0.00	0.00	29.89	21.35	0.00	1.25	0.00	0.00
722	17.86	4089	3061	0.87	33	0	0	1	0	1	26	0	6	0	0	0.00	0.03	0.00	0.63	62.46	0.00	17.06	0.00	0.00	18.32	1.12	56.74	5.97	76	0	76	123.33	93.87	0.00	0.00	0.00	0.00	0.00	0.00	0.00	0.00	0.00	0.00	0.00	18.90	20.78	0.00	0.76	0.00	0.00
725	17.99	4087	3053	0.87	33	0	0	0	1	1	25	0	7	0	0	0.00	0.00	0.14	0.75	60.89	0.00	17.54	0.00	0.00	18.62	1.41	57.49	4.50	76	0	76	122.20	93.17	0.00	0.00	0.00	0.00	0.00	0.00	0.00	0.00	0.00	0.00	0.00	23.22	20.60	0.00	0.97	0.00	0.00
733	17.14	4088	3238	0.86	41	0	0	0	0	1	27	0	6	0	0	0.00	0.00	0.00	0.65	69.81	0.00	15.12	0.00	0.00	17.43	1.11	53.22	11.10	75	0	76	124.69	95.45	0.00	0.00	0.00	0.00	0.00	0.00	0.00	0.00	0.00	0.00	0.00	31.07	22.49	0.00	1.30	0.00	0.00
732	18.29	4088	3033	0.86	25	0	0	0	1	1	29	0	2	0	0	0.00	0.00	0.30	0.78	72.96	0.00	4.87	0.00	0.00	18.97	0.00	62.74	0.00	75	0	76	123.42	93.48	0.00	0.00	0.00	0.00	0.00	0.00	0.00	0.00	0.00	0.00	0.00	18.79	20.37	0.00	0.77	0.00	0.00
721	17.86	4090	3055	0.87	33	0	0	1	1	1	22	0	9	0	0	0.00	0.05	0.07	0.77	58.10	0.00	20.99	0.00	0.00	17.90	1.42	50.36	12.46	76	0	76	123.24	94.33	0.00	0.00	0.00	0.00	0.00	0.00	0.00	0.00	0.00	0.00	0.00	23.59	20.67	0.00	0.99	0.00	0.00
732	17.96	4087	3088	0.87	33	0	0	0	1	0	28	0	5	0	0	0.00	0.00	0.20	0.00	67.89	0.00	12.45	0.00	0.00	18.30	0.00	63.74	0.00	76	0	76	123.17	94.26	0.00	0.00	0.00	0.00	0.00	0.00	0.00	0.00	0.00	0.00	0.00	29.87	21.60	0.00	1.24	0.00	0.00
731	17.42	4086	3178	0.86	33	0	0	1	0	1	26	0	7	0	0	0.00	0.00	0.00	0.72	67.12	0.00	15.95	0.00	0.00	18.08	1.16	55.68	7.67	76	0	76	124.71	95.30	0.00	0.00	0.00	0.00	0.00	0.00	0.00	0.00	0.00	0.00	0.00	24.63	21.38	0.00	1.03	0.00	0.00
730	18.13	4086	3052	0.87	33	0	0	0	1	5	30	0	3	0	0	0.00	0.00	0.00	0.55	70.46	0.00	8.56	0.00	0.00	19.10	0.00	62.78	0.00	76	0	76	123.70	93.88	0.00	0.00	0.00	0.00	0.00	0.00	0.00	0.00	0.00	0.00	0.00	19.17	21.18	0.00	0.76	0.00	0.00
718	17.80	4089	3053	0.87	33	0	0	1	1	1	25	0	6	0	0	0.00	0.02	0.07	0.72	64.00	0.00	14.90	0.00	0.00	18.51	1.30	52.18	10.21	75	0	76	121.92	93.28	0.00	0.00	0.00	0.00	0.00	0.00	0.00	0.00	0.00	0.00	0.00	24.34	21.19	0.00	0.98	0.00	0.00
744	17.65	4086	3192	0.86	33	0	0	0	1	1	26	0	7	0	0	0.00	0.00	0.15	0.81	64.07	0.00	18.78	0.00	0.00	17.70	1.44	58.43	4.78	75	0	76	125.06	95.59	0.00	0.00	0.00	0.00	0.00	0.00	0.00	0.00	0.00	0.00	0.00	29.73	21.31	0.00	1.27	0.00	0.00
599	17.57	4087	2583	0.92	66	0	0	0	1	5	38	0	17	0	0	0.00	0.00	0.02	0.27	47.16	0.00	20.51	0.00	0.00	16.60	0.00	55.17	10.66	76	0	76	111.90	93.92	0.00	0.00	0.00	0.00	0.00	0.00	0.00	0.00	0.00	0.00	0.00	18.36	16.32	0.00	0.81	0.00	0.00
691	13.43	4085	3900	0.91	42	0	0	0	1	0	36	0	6	0	0	0.00	0.00	0.27	0.00	98.56	0.00	8.98	0.00	0.00	19.11	0.00	63.61	3.85	76	0	76	122.12	97.48	0.00	0.00	0.00	0.00	0.00	0.00	0.00	0.00	0.00	0.00	0.00	30.16	27.21	0.00	1.26	0.00	0.00
659	17.01	4086	2936	0.90	33	0	0	0	2	1	26	0	5	0	0	0.00	0.00	0.35	0.61	67.33	0.00	9.18	0.00	0.00	19.51	0.00	63.47	0.00	76	0	76	122.01	93.33	0.00	0.00	0.00	0.00	0.00	0.00	0.00	0.00	0.00	0.00	0.00	22.32	19.58	0.00	0.93	0.00	0.00
877	15.51	4081	4289	0.79	34	0	0	0	2	1	27	0	9	0	0	0.00	0.00	0.41	0.79	90.35	0.00	23.68	0.00	0.00	18.27	0.00	65.71	0.51	75	0	77	128.07	97.61	0.00	0.00	0.00	0.00	0.00	0.00	0.00	0.00	0.00	0.00	0.00	37.87	30.02	0.00	1.62	0.00	0.00
753	21.31	4087	2678	0.85	34	0	0	0	1	3	27	0	2	0	0	0.00	0.00	0.13	0.45	59.77	0.00	6.42	0.00	0.00	20.91	0.00	57.79	0.00	76	0	76	124.27	89.25	0.00	0.00	0.00	0.00	0.00	0.00	0.00	0.00	0.00	0.00	0.00	20.38	18.48	0.00	0.79	0.00	0.00
626	27.34	4091	1733	0.91	25	0	0	0	1	1	28	0	2	0	0	0.00	0.00	0.04	0.28	36.21	0.00	3.20	0.00	0.00	16.57	0.00	56.09	0.00	76	0	76	110.16	83.48	0.00	0.00	0.00	0.00	0.00	0.00	0.00	0.00	0.00	0.00	0.00	12.35	10.43	0.00	0.38	0.00	0.00
693	9.78	4082	5375	0.89	68	0	1	0	1	1	38	0	21	0	0	0.08	0.00	0.35	0.63	98.00	0.00	56.74	0.00	0.00	18.71	0.65	59.73	11.14	76	0	75	121.98	101.68	0.00	0.00	0.00	0.00	0.00	0.00	0.00	0.00	0.00	0.00	0.00	40.24	36.95	0.00	2.02	0.00	0.00
665	16.49	4087	3054	0.91	33	0	0	0	2	1	23	0	8	0	0	0.00	0.00	0.59	0.74	63.89	0.00	15.98	0.00	0.00	20.11	0.00	61.75	1.66	75	0	75	123.90	94.87	0.00	0.00	0.00	0.00	0.00	0.00	0.00	0.00	0.00	0.00	0.00	23.79	20.38	0.00	0.99	0.00	0.00
767	17.95	4088	3237	0.85	34	0	0	0	2	6	31	0	7	0	0	0.00	0.00	0.36	1.64	65.87	0.00	16.52	0.00	0.00	20.56	0.00	58.35	3.14	75	0	75	119.61	91.44	0.00	0.00	0.00	0.00	0.00	0.00	0.00	0.00	0.00	0.00	0.00	22.89	21.69	0.00	0.97	0.00	0.00
632	25.61	4090	1869	0.90	34	0	0	0	1	1	29	0	4	0	0	0.00	0.00	0.06	0.32	38.65	0.00	4.95	0.00	0.00	15.78	0.00	58.61	0.00	76	0	76	111.13	85.97	0.00	0.00	0.00	0.00	0.00	0.00	0.00	0.00	0.00	0.00	0.00	15.36	11.36	0.00	0.65	0.00	0.00
694	9.92	4079	5311	0.89	63	0	0	0	1	3	35	0	15	0	4	0.00	0.00	0.12	0.40	97.89	0.00	40.71	0.00	14.22	18.26	0.00	55.54	16.28	76	0	75	121.60	102.15	0.00	0.00	0.00	0.00	0.00	0.00	0.00	0.00	0.00	0.00	0.00	40.54	37.32	0.00	1.74	0.00	0.00
629	24.93	4092	1910	0.90	33	0	0	0	2	2	24	0	10	0	0	0.00	0.00	0.19	0.52	33.57	0.00	11.13	0.00	0.00	18.32	0.00	43.49	13.26	76	0	76	107.73	83.17	0.00	0.00	0.00	0.00	0.00	0.00	0.00	0.00	0.00	0.00	0.00	12.22	11.37	0.00	0.51	0.00	0.00
682	9.48	4082	5452	0.89	64	0	0	1	0	1	27	0	21	0	6	0.00	0.05	0.00	0.52	77.85	0.00	61.87	0.00	17.79	18.02	0.00	46.77	25.73	76	0	76	121.06	102.37	0.00	0.00	0.00	0.00	0.00	0.00	0.00	0.00	0.00	0.00	0.00	45.09	37.49	0.00	1.99	0.00	0.00
668	16.40	4089	3086	0.91	30	0	0	0	2	1	15	0	16	0	0	0.00	0.00	0.30	0.59	38.17	0.00	43.10	0.00	0.00	19.71	0.00	40.80	23.09	76	0	76	123.46	94.75	0.00	0.00	0.00	0.00	0.00	0.00	0.00	0.00	0.00	0.00	0.00	23.57	20.65	0.00	1.00	0.00	0.00
753	17.65	4088	3231	0.84	33	0	0	1	1	3	25	0	9	0	0	0.00	0.05	0.10	1.43	65.09	0.00	17.98	0.00	0.00	19.77	0.00	58.32	4.26	75	0	76	119.10	91.48	0.00	0.00	0.00	0.00	0.00	0.00	0.00	0.00	0.00	0.00	0.00	23.51	21.57	0.00	0.98	0.00	0.00
630	25.72	4089	1855	0.90	33	0	0	0	1	1	26	0	7	0	0	0.00	0.00	0.09	0.33	35.78	0.00	7.31	0.00	0.00	16.03	0.00	58.24	0.00	75	0	76	111.44	85.54	0.00	0.00	0.00	0.00	0.00	0.00	0.00	0.00	0.00	0.00	0.00	15.15	11.20	0.00	0.64	0.00	0.00
698	9.93	4077	5341	0.89	65	0	0	0	0	5	37	0	17	0	3	0.00	0.00	0.00	0.62	98.98	0.00	46.96	0.00	7.57	18.41	0.00	58.72	12.94	75	0	75	122.40	102.56	0.00	0.00	0.00	0.00	0.00	0.00	0.00	0.00	0.00	0.00	0.00	39.66	36.34	0.00	1.76	0.00	0.00
637	24.85	4149	1911	0.90	34	0	0	0	2	2	25	0	9	0	0	0.00	0.00	0.18	0.54	33.11	0.00	11.57	0.00	0.00	18.47	0.00	44.65	12.02	75	0	75	106.81	82.12	0.00	0.00	0.00	0.00	0.00	0.00	0.00	0.00	0.00	0.00	0.00	12.44	11.74	0.00	0.51	0.00	0.00
676	9.49	4120	5356	0.90	65	0	0	0	1	1	30	0	26	0	0	0.00	0.00	0.07	0.54	83.30	0.00	71.37	0.00	0.00	17.41	0.00	55.42	17.68	76	0	77	120.38	101.69	0.00	0.00	0.00	0.00	0.00	0.00	0.00	0.00	0.00	0.00	0.00	46.48	38.16	0.00	1.97	0.00	0.00
727	13.14	4091	4185	0.90	33	0	0	0	2	0	24	0	8	0	0	0.00	0.00	1.06	0.00	88.33	0.00	27.06	0.00	0.00	20.54	0.00	62.66	3.65	76	0	76	126.87	97.28	0.00	0.00	0.00	0.00	0.00	0.00	0.00	0.00	0.00	0.00	0.00	34.42	30.64	0.00	1.37	0.00	0.00
652	22.17	4088	2228	0.91	26	0	0	1	0	1	21	0	3	0	0	0.00	0.02	0.00	0.42	47.38	0.00	6.93	0.00	0.00	19.64	0.00	58.19	0.00	76	0	76	125.13	88.69	0.00	0.00	0.00	0.00	0.00	0.00	0.00	0.00	0.00	0.00	0.00	16.82	14.45	0.00	0.70	0.00	0.00
854	14.90	4083	4347	0.81	34	0	0	0	2	1	30	0	7	0	0	0.00	0.00	0.74	0.93	96.96	0.00	19.58	0.00	0.00	17.94	0.00	67.16	0.00	76	0	76	126.28	98.39	0.00	0.00	0.00	0.00	0.00	0.00	0.00	0.00	0.00	0.00	0.00	39.50	31.86	0.00	1.60	0.00	0.00
742	21.29	4087	2639	0.86	34	0	0	0	1	4	28	0	1	0	0	0.00	0.00	0.03	0.50	62.42	0.00	2.93	0.00	0.00	21.00	0.00	57.71	0.00	76	0	76	123.54	88.86	0.00	0.00	0.00	0.00	0.00	0.00	0.00	0.00	0.00	0.00	0.00	19.73	17.87	0.00	0.80	0.00	0.00
729	18.29	4089	3020	0.86	26	0	0	0	1	1	29	0	3	0	0	0.00	0.00	0.20	0.67	69.09	0.00	8.64	0.00	0.00	18.72	0.00	63.00	0.00	75	0	76	123.15	93.19	0.00	0.00	0.00	0.00	0.00	0.00	0.00	0.00	0.00	0.00	0.00	24.35	20.60	0.00	0.99	0.00	0.00
734	18.14	4089	3064	0.86	34	0	0	1	0	1	29	0	2	0	0	0.00	0.03	0.00	0.68	73.73	0.00	5.38	0.00	0.00	17.81	1.11	62.93	0.00	76	0	76	123.50	94.27	0.00	0.00	0.00	0.00	0.00	0.00	0.00	0.00	0.00	0.00	0.00	18.46	21.12	0.00	0.76	0.00	0.00
674	23.31	4090	2189	0.87	33	0	0	0	1	1	23	0	8	0	0	0.00	0.00	0.09	0.58	37.23	0.00	15.22	0.00	0.00	14.66	1.38	54.95	5.70	76	0	76	119.71	91.21	0.00	0.00	0.00	0.00	0.00	0.00	0.00	0.00	0.00	0.00	0.00	16.72	14.31	0.00	0.69	0.00	0.00
777	13.73	4086	4288	0.84	49	0	0	0	1	2	32	0	14	0	0	0.00	0.00	0.10	1.25	84.01	0.00	32.61	0.00	0.00	19.61	0.94	50.77	14.96	76	0	76	117.98	95.48	0.00	0.00	0.00	0.00	0.00	0.00	0.00	0.00	0.00	0.00	0.00	34.18	29.11	0.00	1.46	0.00	0.00
731	17.28	4089	3203	0.86	33	0	0	0	1	1	28	0	5	0	0	0.00	0.00	0.10	0.60	70.97	0.00	12.74	0.00	0.00	18.00	0.00	64.72	0.00	76	0	76	123.63	95.06	0.00	0.00	0.00	0.00	0.00	0.00	0.00	0.00	0.00	0.00	0.00	24.35	21.36	0.00	1.02	0.00	0.00
738	18.15	4089	3077	0.86	34	0	0	2	0	1	24	0	7	0	0	0.00	0.08	0.00	0.75	61.55	0.00	17.86	0.00	0.00	18.05	1.27	56.56	5.97	76	0	76	123.57	94.28	0.00	0.00	0.00	0.00	0.00	0.00	0.00	0.00	0.00	0.00	0.00	24.66	22.14	0.00	0.99	0.00	0.00
610	17.63	4088	2622	0.92	65	0	0	0	1	1	26	0	28	0	0	0.00	0.00	0.06	0.38	33.00	0.00	35.31	0.00	0.00	15.98	0.76	46.20	19.43	76	0	76	111.30	93.38	0.00	0.00	0.00	0.00	0.00	0.00	0.00	0.00	0.00	0.00	0.00	20.87	16.39	0.00	0.92	0.00	0.00
669	13.08	4086	3876	0.91	41	0	0	0	1	0	27	0	14	0	0	0.00	0.00	0.27	0.00	73.90	0.00	33.81	0.00	0.00	19.17	0.00	59.46	8.29	76	0	76	121.92	97.73	0.00	0.00	0.00	0.00	0.00	0.00	0.00	0.00	0.00	0.00	0.00	29.84	26.65	0.00	1.26	0.00	0.00
696	14.05	4084	3758	0.90	34	0	0	0	2	0	25	0	8	0	0	0.00	0.00	0.86	0.00	84.52	0.00	17.63	0.00	0.00	20.41	0.00	63.72	1.83	75	0	76	125.72	96.47	0.00	0.00	0.00	0.00	0.00	0.00	0.00	0.00	0.00	0.00	0.00	29.13	25.39	0.00	1.22	0.00	0.00
834	18.48	4089	3418	0.82	25	0	0	0	2	1	25	0	2	0	0	0.00	0.00	0.52	0.84	84.91	0.00	2.43	0.00	0.00	18.11	0.00	63.41	0.00	76	0	76	129.23	95.43	0.00	0.00	0.00	0.00	0.00	0.00	0.00	0.00	0.00	0.00	0.00	25.46	25.16	0.00	0.99	0.00	0.00
752	21.53	4088	2645	0.85	34	0	0	0	1	1	21	0	6	0	0	0.00	0.00	0.10	0.82	51.19	0.00	13.62	0.00	0.00	19.64	1.62	57.22	0.00	76	0	76	121.98	88.28	0.00	0.00	0.00	0.00	0.00	0.00	0.00	0.00	0.00	0.00	0.00	25.38	17.97	0.00	1.03	0.00	0.00
730	18.41	4088	3003	0.86	25	0	0	1	1	1	25	0	5	0	0	0.00	0.03	0.28	0.75	65.88	0.00	10.91	0.00	0.00	18.95	0.00	62.64	0.00	75	0	76	123.25	93.41	0.00	0.00	0.00	0.00	0.00	0.00	0.00	0.00	0.00	0.00	0.00	18.73	20.40	0.00	0.76	0.00	0.00
681	23.12	4089	2229	0.88	33	0	0	0	1	1	23	0	8	0	0	0.00	0.00	0.09	0.59	39.75	0.00	13.72	0.00	0.00	14.66	1.50	50.64	10.08	76	0	76	119.26	91.28	0.00	0.00	0.00	0.00	0.00	0.00	0.00	0.00	0.00	0.00	0.00	16.74	14.49	0.00	0.70	0.00	0.00
673	12.38	4086	4116	0.90	49	0	0	1	0	1	29	0	13	0	0	0.00	0.03	0.00	0.70	82.31	0.00	32.41	0.00	0.00	19.15	0.89	53.01	14.57	75	0	76	120.42	97.81	0.00	0.00	0.00	0.00	0.00	0.00	0.00	0.00	0.00	0.00	0.00	34.36	27.69	0.00	1.50	0.00	0.00
675	16.67	4087	3066	0.91	33	0	0	0	2	1	22	0	9	0	0	0.00	0.00	0.52	0.71	60.83	0.00	19.25	0.00	0.00	19.57	0.00	62.06	1.70	76	0	76	123.55	94.22	0.00	0.00	0.00	0.00	0.00	0.00	0.00	0.00	0.00	0.00	0.00	24.61	21.29	0.00	0.99	0.00	0.00
730	16.99	4088	3255	0.86	33	0	0	0	2	2	29	0	6	0	0	0.00	0.00	0.41	1.20	72.96	0.00	11.74	0.00	0.00	20.46	0.00	62.55	0.00	76	0	76	118.60	92.02	0.00	0.00	0.00	0.00	0.00	0.00	0.00	0.00	0.00	0.00	0.00	22.72	21.05	0.00	0.97	0.00	0.00
639	26.30	4091	1839	0.89	33	0	0	0	1	2	25	0	6	0	0	0.00	0.00	0.10	0.78	34.84	0.00	7.08	0.00	0.00	15.57	0.00	58.13	0.00	76	0	76	112.23	85.96	0.00	0.00	0.00	0.00	0.00	0.00	0.00	0.00	0.00	0.00	0.00	15.60	11.78	0.00	0.64	0.00	0.00
691	9.77	4081	5363	0.89	66	0	0	1	0	1	28	0	24	0	2	0.00	0.05	0.00	0.67	79.01	0.00	69.35	0.00	5.78	17.72	0.71	43.03	28.77	76	0	76	121.33	102.15	0.00	0.00	0.00	0.00	0.00	0.00	0.00	0.00	0.00	0.00	0.00	39.36	36.20	0.00	1.76	0.00	0.00
732	16.91	4089	3279	0.85	32	0	0	0	2	2	15	0	20	0	0	0.00	0.00	0.34	1.01	32.68	0.00	52.97	0.00	0.00	20.28	0.00	28.17	34.63	76	0	76	119.67	92.38	0.00	0.00	0.00	0.00	0.00	0.00	0.00	0.00	0.00	0.00	0.00	23.66	22.39	0.00	0.97	0.00	0.00
752	17.99	4088	3167	0.85	33	0	0	2	0	1	27	0	5	0	0	0.00	0.05	0.00	0.52	69.00	0.00	12.92	0.00	0.00	17.64	0.00	64.37	0.00	76	0	76	123.52	94.79	0.00	0.00	0.00	0.00	0.00	0.00	0.00	0.00	0.00	0.00	0.00	24.01	20.95	0.00	0.99	0.00	0.00
737	17.71	4088	3151	0.85	35	0	0	0	1	1	25	0	8	0	0	0.00	0.00	0.15	0.83	63.65	0.00	17.74	0.00	0.00	18.14	1.38	56.97	5.81	76	0	76	123.63	94.71	0.00	0.00	0.00	0.00	0.00	0.00	0.00	0.00	0.00	0.00	0.00	30.36	22.16	0.00	1.27	0.00	0.00
796	16.51	4086	3655	0.84	33	0	0	1	0	1	24	0	6	0	0	0.00	0.06	0.00	0.82	81.02	0.00	15.17	0.00	0.00	16.43	1.23	63.57	2.26	75	0	76	130.16	98.63	0.00	0.00	0.00	0.00	0.00	0.00	0.00	0.00	0.00	0.00	0.00	23.69	26.02	0.00	0.96	0.00	0.00
666	17.96	4078	2817	0.70	25	0	0	1	3	5	38	0	2	0	0	0.00	0.00	0.87	2.90	66.60	0.00	1.87	0.00	0.00	26.13	1.78	54.12	0.00	72	0	73	141.66	83.99	0.00	0.00	0.00	0.00	0.00	0.00	0.00	0.00	0.00	0.00	0.00	21.44	19.81	0.00	0.97	0.00	0.00
819	18.99	4017	3323	0.65	35	0	0	0	25	8	37	0	2	0	0	0.00	0.00	13.62	4.07	58.91	0.00	6.16	0.00	0.00	46.58	2.92	31.51	0.00	68	0	70	147.20	84.41	0.00	0.00	0.00	0.00	0.00	0.00	0.00	0.00	0.00	0.00	0.00	31.12	27.26	0.00	1.47	0.00	0.00
811	20.65	4043	3009	0.63	27	0	0	1	38	13	45	0	0	0	0	0.00	0.06	11.46	8.95	52.91	0.00	0.00	0.00	0.00	42.01	7.08	30.26	0.00	67	0	67	144.21	83.34	0.00	0.00	0.00	0.00	0.00	0.00	0.00	0.00	0.00	0.00	0.00	30.76	22.43	0.00	1.41	0.00	0.00
833	21.39	4005	3010	0.62	35	0	0	9	53	14	36	0	0	0	0	0.00	5.04	16.39	12.79	38.88	0.00	0.00	0.00	0.00	49.22	12.66	16.73	0.00	66	0	67	152.08	80.76	0.00	0.00	0.00	0.00	0.00	0.00	0.00	0.00	0.00	0.00	0.00	22.83	23.00	0.00	0.93	0.00	0.00
634	13.89	4045	3493	0.74	33	0	0	1	7	6	29	0	0	0	0	0.00	0.44	5.96	8.87	77.74	0.00	0.00	0.00	0.00	28.54	9.31	48.26	0.00	66	0	66	131.98	81.30	0.00	0.00	1.76	10.37	0.00	0.00	0.00	0.00	0.00	0.00	0.00	33.28	26.08	0.00	1.57	0.00	0.00
326	7.98	4078	3102	0.85	25	0	0	0	2	3	26	0	0	0	0	0.00	0.00	0.71	4.16	86.51	0.00	0.00	0.00	0.00	14.56	1.95	75.50	0.00	65	0	65	62.64	57.51	0.00	0.00	2.80	25.17	0.00	0.00	0.00	0.00	0.00	0.00	0.00	14.74	11.74	0.00	1.05	0.00	0.00
331	8.34	4076	3014	0.84	25	0	0	0	2	3	30	0	0	0	0	0.00	0.00	0.75	1.88	85.71	0.00	0.00	0.00	0.00	16.39	2.29	72.97	0.00	65	0	64	61.46	57.08	0.00	0.00	1.92	24.51	0.00	0.00	0.00	0.00	0.00	0.00	0.00	14.66	11.35	0.00	1.01	0.00	0.00
350	8.34	4078	3185	0.83	24	0	0	0	2	1	29	0	0	0	0	0.00	0.00	0.88	1.08	91.16	0.00	0.00	0.00	0.00	16.25	0.00	75.41	0.00	64	0	64	73.02	57.09	0.00	0.00	2.15	26.41	0.00	0.00	0.00	0.00	0.00	0.00	0.00	17.71	15.02	0.00	1.10	0.00	0.00
320	7.82	4079	3103	0.88	25	0	0	0	2	1	28	0	0	0	0	0.00	0.00	0.68	1.15	89.86	0.00	0.00	0.00	0.00	14.66	2.00	75.53	0.00	63	0	64	62.82	57.79	0.00	0.00	2.20	26.07	0.00	0.00	0.00	0.00	0.00	0.00	0.00	14.37	11.30	0.00	1.04	0.00	0.00
311	7.63	4081	3094	0.88	26	0	0	0	1	1	28	0	0	0	0	0.00	0.00	0.34	1.20	90.43	0.00	0.00	0.00	0.00	14.55	1.73	76.09	0.00	64	0	63	61.91	57.13	0.00	0.00	4.16	27.37	0.00	0.00	0.00	0.00	0.00	0.00	0.00	15.92	11.66	0.00	1.06	0.00	0.00
604	15.22	4051	3032	0.78	46	0	0	1	2	4	49	0	1	0	0	0.00	0.00	0.90	3.82	71.22	0.00	4.33	0.00	0.00	30.35	2.64	51.79	0.00	64	0	64	98.18	74.54	0.00	0.00	1.89	5.78	0.00	0.00	0.00	0.00	0.00	0.00	0.00	18.94	16.19	0.00	1.10	0.00	0.00
786	20.45	4044	2943	0.86	26	0	0	1	4	6	37	0	0	0	0	0.00	0.03	1.92	4.57	66.96	0.00	0.00	0.00	0.00	31.85	6.68	41.03	0.00	64	0	64	146.87	72.00	0.00	0.00	0.00	0.00	0.00	0.00	0.00	0.00	0.00	0.00	0.00	22.69	20.86	0.00	1.05	0.00	0.00
709	16.89	4079	3187	0.92	33	0	0	0	2	5	31	0	0	0	0	0.00	0.00	0.58	3.32	80.44	0.00	0.00	0.00	0.00	19.28	3.83	60.01	0.00	65	0	65	143.61	97.12	0.00	0.00	0.00	0.00	0.00	0.00	0.00	0.00	0.00	0.00	0.00	28.06	23.49	0.00	1.47	0.00	0.00
493	11.80	4070	3180	0.81	26	0	0	0	4	3	28	0	0	0	0	0.00	0.00	0.81	3.58	84.60	0.00	0.00	0.00	0.00	21.97	4.34	61.90	0.00	65	0	65	110.16	76.41	0.00	0.00	4.62	24.29	0.00	0.00	0.00	0.00	0.00	0.00	0.00	20.28	18.45	0.00	1.32	0.00	0.00
325	7.92	4076	3116	0.86	27	0	0	1	1	3	27	0	0	0	0	0.00	0.07	0.51	3.80	87.44	0.00	0.00	0.00	0.00	16.27	4.39	71.42	0.00	63	0	63	65.63	57.50	0.00	0.00	4.68	24.91	0.00	0.00	0.00	0.00	0.00	0.00	0.00	15.62	12.82	0.00	1.09	0.00	0.00
324	7.91	4079	3109	0.87	26	0	0	0	2	1	27	0	1	0	0	0.00	0.00	0.75	1.27	86.76	0.00	3.29	0.00	0.00	15.79	1.96	74.34	0.00	63	0	63	64.74	58.06	0.00	0.00	4.63	25.51	0.00	0.00	0.00	0.00	0.00	0.00	0.00	14.34	10.62	0.00	1.05	0.00	0.00
315	7.78	4082	3070	0.88	25	0	0	1	1	2	25	0	1	0	0	0.00	0.03	0.44	2.04	83.96	0.00	4.55	0.00	0.00	14.64	3.20	74.38	0.00	64	0	63	63.24	58.21	0.00	0.00	5.50	25.68	0.00	0.00	0.00	0.00	0.00	0.00	0.00	14.58	11.59	0.00	1.04	0.00	0.00
327	7.86	4082	3155	0.87	25	0	0	1	2	1	25	0	3	0	0	0.00	0.00	0.75	0.68	81.50	0.00	10.66	0.00	0.00	14.61	0.00	72.95	4.57	63	0	63	63.21	58.56	0.00	0.00	2.34	27.56	0.00	0.00	0.00	0.00	0.00	0.00	0.00	14.23	11.44	0.00	1.04	0.00	0.00
301	7.80	3971	3011	0.87	24	0	0	1	1	6	27	0	2	0	0	0.00	0.06	0.10	1.67	79.87	0.00	7.60	0.00	0.00	15.39	0.00	76.80	0.00	63	0	63	63.05	58.60	0.00	0.00	2.59	27.39	0.00	0.00	0.00	0.00	0.00	0.00	0.00	15.82	12.36	0.00	0.98	0.00	0.00
326	9.00	3601	3110	0.85	26	0	0	1	3	2	24	0	4	0	0	0.00	0.03	1.28	1.88	75.50	0.00	12.86	0.00	0.00	15.39	0.00	75.61	0.00	62	0	62	71.34	65.24	0.00	0.00	2.74	20.88	0.00	0.00	0.00	0.00	0.00	0.00	0.00	11.63	8.38	0.00	1.03	0.00	0.00
317	8.81	3600	3096	0.88	26	0	0	1	1	2	28	0	1	0	0	0.00	0.03	0.43	0.84	86.71	0.00	3.27	0.00	0.00	14.34	0.00	76.84	0.00	62	0	62	70.68	63.93	0.00	0.00	2.22	28.73	0.00	0.00	0.00	0.00	0.00	0.00	0.00	11.68	8.95	0.00	1.02	0.00	0.00
