Avg_MHz	Busy%	Bzy_MHz	TSC_MHz	IPC	IRQ	SMI	POLL	C1	C1E	C3	C6	C7s	C8	C9	C10	POLL%	C1%	C1E%	C3%	C6%	C7s%	C8%	C9%	C10%	CPU%c1	CPU%c3	CPU%c6	CPU%c7	CoreTmp	CoreThr	PkgTmp	Totl%C0	Any%C0	GFX%C0	CPUGFX%	Pkg%pc2	Pkg%pc3	Pkg%pc6	Pkg%pc7	Pkg%pc8	Pkg%pc9	Pk%pc10	CPU%LPI	SYS%LPI	PkgWatt	CorWatt	GFXWatt	RAMWatt	PKG_%	RAM_%
341	22.83	1600	2886	0.84	94	0	1	4	1	2	42	0	0	0	0	0.05	1.41	0.30	1.07	69.47	0.00	0.00	0.00	0.00	20.80	0.76	55.61	0.00	56	0	56	137.24	95.28	0.00	0.00	0.00	0.00	0.00	0.00	0.00	0.00	0.00	0.00	0.00	6.44	3.02	0.00	1.15	0.00	0.00
414	24.37	1600	3287	0.79	59	0	0	0	1	4	54	0	0	0	1	0.00	0.00	0.14	2.30	76.94	0.00	0.00	0.00	1.27	24.97	2.54	48.11	0.00	56	0	56	194.19	97.01	0.00	0.00	0.00	0.00	0.00	0.00	0.00	0.00	0.00	0.00	0.00	7.29	4.64	0.00	1.19	0.00	0.00
376	23.11	1599	3146	0.81	50	0	0	0	2	2	41	0	5	0	0	0.00	0.00	0.29	1.07	69.92	0.00	7.20	0.00	0.00	19.66	1.29	55.94	0.00	56	0	56	182.58	106.90	0.00	0.00	0.00	0.00	0.00	0.00	0.00	0.00	0.00	0.00	0.00	7.21	4.13	0.00	1.19	0.00	0.00
373	24.95	1601	2895	1.01	46	0	0	0	1	1	33	0	12	0	3	0.00	0.00	0.07	0.37	48.13	0.00	17.63	0.00	4.23	23.71	0.00	42.76	8.58	57	0	57	136.97	77.48	0.00	0.00	0.00	0.00	0.00	0.00	0.00	0.00	0.00	0.00	0.00	5.81	3.09	0.00	0.86	0.00	0.00
431	25.95	1600	3217	0.69	59	0	0	0	6	11	60	0	2	0	0	0.00	0.00	1.10	3.10	70.75	0.00	2.47	0.00	0.00	29.34	1.68	43.03	0.00	56	0	56	212.53	125.39	0.00	0.00	0.00	0.00	0.00	0.00	0.00	0.00	0.00	0.00	0.00	9.49	5.02	0.00	1.56	0.00	0.00
382	24.21	1600	3055	0.66	50	0	0	0	6	9	61	0	2	0	0	0.00	0.00	1.73	2.98	67.54	0.00	3.00	0.00	0.00	22.40	3.93	49.46	0.00	55	0	55	182.21	91.88	0.00	0.00	0.00	0.00	0.00	0.00	0.00	0.00	0.00	0.00	0.00	5.82	3.92	0.00	0.89	0.00	0.00
416	25.37	1600	3172	0.66	50	0	0	1	6	8	55	0	3	0	0	0.00	0.07	1.32	4.06	68.09	0.00	3.38	0.00	0.00	28.68	3.55	42.40	0.00	55	0	55	186.69	108.46	0.00	0.00	0.00	0.00	0.00	0.00	0.00	0.00	0.00	0.00	0.00	8.88	4.46	0.00	1.35	0.00	0.00
402	24.82	1600	3133	0.60	50	0	0	5	25	18	68	0	0	0	0	0.00	0.18	6.74	7.19	62.64	0.00	0.00	0.00	0.00	37.47	8.71	29.00	0.00	55	0	55	197.03	101.51	0.00	0.00	0.00	0.00	0.00	0.00	0.00	0.00	0.00	0.00	0.00	8.28	4.74	0.00	1.17	0.00	0.00
474	29.35	1600	3125	0.63	49	0	0	2	18	15	60	0	1	0	0	0.00	0.07	7.01	6.20	57.34	0.00	1.23	0.00	0.00	38.01	4.88	27.76	0.00	56	0	55	197.12	97.37	0.00	0.00	0.00	0.00	0.00	0.00	0.00	0.00	0.00	0.00	0.00	6.56	4.53	0.00	0.91	0.00	0.00
295	26.17	1600	2179	0.50	56	0	0	7	18	5	112	0	19	0	8	0.00	1.69	1.72	0.91	35.68	0.00	8.47	0.00	3.76	18.01	1.63	45.07	9.12	55	0	56	67.09	33.52	0.00	0.00	0.00	0.00	0.00	0.00	0.00	0.00	0.00	0.00	0.00	1.89	1.06	0.00	0.27	0.00	0.00
235	46.24	1600	982	0.19	243	0	0	1	8	3	71	0	26	0	3	0.00	0.00	0.48	0.06	12.01	0.00	4.23	0.00	0.34	21.51	0.24	30.84	1.18	56	0	55	184.59	121.50	0.00	0.00	0.00	0.00	0.00	0.00	0.00	0.00	0.00	0.00	0.00	2.58	1.29	0.00	0.44	0.00	0.00
245	11.69	1664	3900	0.10	242	0	0	0	0	2	97	0	84	0	20	0.00	0.00	0.00	0.11	21.07	0.00	18.95	0.00	71.26	23.42	0.00	23.11	41.78	56	0	56	104.20	92.54	0.00	0.00	0.00	0.00	0.00	0.00	0.00	0.00	0.00	0.00	0.00	6.18	2.54	0.00	1.18	0.00	0.00
297	14.68	2198	2849	0.05	175	0	0	0	2	0	52	0	71	0	28	0.00	0.00	0.07	0.00	7.19	0.00	10.93	0.00	60.40	8.64	0.00	13.45	63.24	56	0	56	82.12	72.47	0.00	0.00	0.00	0.00	0.00	0.00	0.00	0.00	0.00	0.00	0.00	3.76	1.64	0.00	0.68	0.00	0.00
239	9.98	1779	4171	0.08	234	0	0	0	1	1	118	0	96	0	25	0.00	0.00	0.01	0.03	13.95	0.00	11.75	0.00	95.59	10.00	0.04	19.35	60.62	55	0	56	95.21	89.37	0.00	0.00	0.00	0.00	0.00	0.00	0.00	0.00	0.00	0.00	0.00	7.89	4.13	0.00	1.21	0.00	0.00
263	10.42	1600	4889	0.74	255	0	0	0	0	2	34	0	63	0	32	0.00	0.00	0.00	0.49	31.19	0.00	61.42	0.00	48.79	46.04	0.30	21.88	21.36	56	0	56	350.57	327.09	0.00	0.00	0.00	0.00	0.00	0.00	0.00	0.00	0.00	0.00	0.00	26.57	10.31	0.00	5.24	0.00	0.00
368	20.25	1600	3513	0.76	97	0	0	0	2	5	39	0	11	0	0	0.00	0.00	0.16	1.02	67.77	0.00	21.96	0.00	0.00	20.82	0.95	57.99	0.00	56	0	55	206.74	136.94	0.00	0.00	0.00	0.00	0.00	0.00	0.00	0.00	0.00	0.00	0.00	9.28	5.26	0.00	1.48	0.00	0.00
377	23.48	1600	3111	0.77	50	0	0	0	1	0	27	0	14	0	0	0.00	0.00	0.20	0.00	50.40	0.00	26.60	0.00	0.00	21.99	0.00	49.53	5.00	55	0	56	170.53	99.84	0.00	0.00	0.00	0.00	0.00	0.00	0.00	0.00	0.00	0.00	0.00	7.46	3.78	0.00	1.10	0.00	0.00
361	22.98	1600	3038	0.77	43	0	0	0	2	2	33	0	10	0	0	0.00	0.00	0.32	1.07	57.90	0.00	16.57	0.00	0.00	22.27	1.02	53.74	0.00	56	0	56	161.95	93.78	0.00	0.00	0.00	0.00	0.00	0.00	0.00	0.00	0.00	0.00	0.00	7.28	3.72	0.00	1.03	0.00	0.00
368	22.53	1600	3159	0.77	48	0	0	0	1	4	36	0	10	0	0	0.00	0.00	0.07	0.38	61.82	0.00	17.14	0.00	0.00	22.59	0.00	50.74	4.14	56	0	56	176.85	106.50	0.00	0.00	0.00	0.00	0.00	0.00	0.00	0.00	0.00	0.00	0.00	7.36	4.12	0.00	1.08	0.00	0.00
368	23.04	1600	3091	0.77	51	0	0	0	0	1	37	0	4	0	0	0.00	0.00	0.00	0.60	68.02	0.00	8.56	0.00	0.00	22.38	0.00	54.58	0.00	56	0	56	170.15	99.46	0.00	0.00	0.00	0.00	0.00	0.00	0.00	0.00	0.00	0.00	0.00	6.37	3.88	0.00	0.92	0.00	0.00
317	21.02	1600	2914	0.77	41	0	0	0	0	2	37	0	8	0	0	0.00	0.00	0.00	0.74	61.51	0.00	12.39	0.00	0.00	22.17	0.74	56.08	0.00	55	0	56	155.23	89.89	0.00	0.00	0.00	0.00	0.00	0.00	0.00	0.00	0.00	0.00	0.00	6.52	3.27	0.00	0.93	0.00	0.00
415	24.21	1600	3317	0.77	60	0	0	0	1	3	39	0	7	0	0	0.00	0.00	0.09	0.80	67.13	0.00	13.54	0.00	0.00	22.05	0.00	53.75	0.00	56	0	56	181.27	110.32	0.00	0.00	0.00	0.00	0.00	0.00	0.00	0.00	0.00	0.00	0.00	7.35	4.37	0.00	1.11	0.00	0.00
285	21.50	1600	2566	0.75	41	0	0	0	0	2	39	0	17	0	2	0.00	0.00	0.00	0.47	44.12	0.00	19.25	0.00	1.48	17.31	0.53	48.20	12.45	57	0	56	112.23	65.14	0.00	0.00	0.00	0.00	0.00	0.00	0.00	0.00	0.00	0.00	0.00	4.13	2.06	0.00	0.59	0.00	0.00
395	19.20	1600	3976	0.77	82	0	0	1	2	2	36	0	18	0	0	0.00	0.03	0.28	0.42	67.18	0.00	36.30	0.00	0.00	24.11	0.00	47.17	9.52	57	0	57	197.60	137.51	0.00	0.00	0.00	0.00	0.00	0.00	0.00	0.00	0.00	0.00	0.00	11.18	5.83	0.00	1.76	0.00	0.00
341	23.98	1600	2750	0.75	51	0	0	1	1	2	34	0	14	0	2	0.00	0.01	0.07	0.66	46.59	0.00	19.57	0.00	0.87	16.97	1.26	55.36	2.43	56	0	57	131.03	78.24	0.00	0.00	0.00	0.00	0.00	0.00	0.00	0.00	0.00	0.00	0.00	4.96	2.64	0.00	0.72	0.00	0.00
327	19.99	1600	3168	0.75	67	0	0	0	0	1	27	0	32	0	0	0.00	0.00	0.00	0.22	37.78	0.00	44.19	0.00	0.00	20.98	0.00	49.56	9.46	57	0	57	156.39	103.67	0.00	0.00	0.00	0.00	0.00	0.00	0.00	0.00	0.00	0.00	0.00	6.73	3.70	0.00	1.03	0.00	0.00
345	19.59	1600	3405	0.77	67	0	0	0	0	2	35	0	13	0	0	0.00	0.00	0.00	0.78	64.75	0.00	23.27	0.00	0.00	23.15	0.71	48.68	7.88	56	0	57	181.50	118.02	0.00	0.00	0.00	0.00	0.00	0.00	0.00	0.00	0.00	0.00	0.00	8.73	4.49	0.00	1.33	0.00	0.00
400	23.90	1600	3241	0.74	53	0	0	1	2	5	29	0	13	0	0	0.00	0.00	0.46	0.97	52.06	0.00	26.51	0.00	0.00	21.85	0.00	42.56	11.69	57	0	56	174.45	104.81	0.00	0.00	0.00	0.00	0.00	0.00	0.00	0.00	0.00	0.00	0.00	7.66	4.20	0.00	1.11	0.00	0.00
373	23.38	1600	3089	0.77	51	0	0	0	2	2	27	0	12	0	0	0.00	0.00	0.50	1.27	50.71	0.00	24.27	0.00	0.00	22.05	2.25	48.13	4.19	57	0	57	169.53	99.79	0.00	0.00	0.00	0.00	0.00	0.00	0.00	0.00	0.00	0.00	0.00	6.08	3.72	0.00	0.90	0.00	0.00
349	22.72	1600	2973	0.77	42	0	0	0	1	2	32	0	12	0	0	0.00	0.00	0.11	0.81	54.68	0.00	18.90	0.00	0.00	21.53	0.76	51.38	3.61	57	0	57	146.82	85.14	0.00	0.00	0.00	0.00	0.00	0.00	0.00	0.00	0.00	0.00	0.00	6.34	3.15	0.00	0.91	0.00	0.00
324	21.02	1600	2982	0.77	57	0	0	0	2	1	28	0	23	0	3	0.00	0.00	0.20	0.31	40.56	0.00	32.22	0.00	3.07	21.24	0.56	44.94	12.24	56	0	56	142.54	89.12	0.00	0.00	0.00	0.00	0.00	0.00	0.00	0.00	0.00	0.00	0.00	5.98	3.11	0.00	0.89	0.00	0.00
323	20.32	1600	3081	0.76	66	0	0	0	2	4	38	0	19	0	3	0.00	0.00	0.11	0.75	48.76	0.00	28.08	0.00	1.93	20.86	0.98	41.09	16.75	57	0	56	150.23	98.25	0.00	0.00	0.00	0.00	0.00	0.00	0.00	0.00	0.00	0.00	0.00	6.63	3.45	0.00	1.00	0.00	0.00
325	20.17	1600	3115	0.76	63	0	0	1	1	1	24	0	29	0	2	0.00	0.03	0.10	0.39	34.69	0.00	41.95	0.00	3.46	20.37	0.68	33.08	25.69	56	0	57	154.89	101.92	0.00	0.00	0.00	0.00	0.00	0.00	0.00	0.00	0.00	0.00	0.00	6.84	3.65	0.00	1.02	0.00	0.00
374	20.29	1791	3186	0.77	63	0	0	0	1	3	40	0	17	0	2	0.00	0.00	0.00	0.22	54.27	0.00	25.87	0.00	1.94	20.33	0.00	53.37	6.01	57	0	57	145.43	96.48	0.00	0.00	0.00	0.00	0.00	0.00	0.00	0.00	0.00	0.00	0.00	6.13	3.74	0.00	0.93	0.00	0.00
418	19.09	2140	3167	0.76	58	0	0	0	2	1	17	0	37	0	2	0.00	0.00	0.17	0.28	24.92	0.00	56.84	0.00	0.77	19.19	0.00	28.53	33.19	57	0	57	141.88	98.39	0.00	0.00	0.00	0.00	0.00	0.00	0.00	0.00	0.00	0.00	0.00	8.58	5.01	0.00	1.07	0.00	0.00
530	18.13	2394	3777	0.78	68	0	0	1	0	1	25	0	14	0	0	0.00	0.05	0.00	0.65	61.00	0.00	38.43	0.00	0.00	18.34	0.88	51.17	11.48	58	0	58	204.66	149.57	0.00	0.00	0.00	0.00	0.00	0.00	0.00	0.00	0.00	0.00	0.00	15.78	11.10	0.00	1.75	0.00	0.00
595	21.73	2643	3210	0.78	35	0	0	0	1	2	24	0	5	0	0	0.00	0.00	0.41	1.68	67.81	0.00	11.36	0.00	0.00	21.33	0.00	56.94	0.00	58	0	58	165.12	104.24	0.00	0.00	0.00	0.00	0.00	0.00	0.00	0.00	0.00	0.00	0.00	12.22	8.93	0.00	1.11	0.00	0.00
597	21.25	2800	3104	0.79	28	0	0	0	3	1	25	0	3	0	0	0.00	0.00	0.53	0.87	71.47	0.00	6.24	0.00	0.00	21.50	0.00	57.25	0.00	58	0	58	159.70	100.32	0.00	0.00	0.00	0.00	0.00	0.00	0.00	0.00	0.00	0.00	0.00	14.39	9.25	0.00	1.15	0.00	0.00
641	21.44	2883	3211	0.79	34	0	0	0	1	1	24	0	3	0	0	0.00	0.00	0.33	0.78	74.24	0.00	6.20	0.00	0.00	21.44	0.00	57.12	0.00	59	0	59	160.71	101.38	0.00	0.00	0.00	0.00	0.00	0.00	0.00	0.00	0.00	0.00	0.00	10.42	10.02	0.00	0.88	0.00	0.00
619	20.24	3200	2957	0.79	26	0	0	1	1	2	26	0	4	0	0	0.00	0.02	0.27	1.30	68.07	0.00	6.63	0.00	0.00	20.94	1.21	57.62	0.00	60	0	60	134.29	85.88	0.00	0.00	0.00	0.00	0.00	0.00	0.00	0.00	0.00	0.00	0.00	11.97	10.19	0.00	0.76	0.00	0.00
674	19.76	3201	3297	0.79	34	0	0	0	2	1	25	0	5	0	0	0.00	0.00	0.64	0.15	73.41	0.00	11.45	0.00	0.00	20.93	0.00	59.30	0.00	61	0	61	169.79	115.36	0.00	0.00	0.00	0.00	0.00	0.00	0.00	0.00	0.00	0.00	0.00	17.77	14.27	0.00	1.22	0.00	0.00
686	20.28	3463	3023	0.79	26	0	0	0	0	1	25	0	4	0	0	0.00	0.00	0.00	0.60	68.46	0.00	8.83	0.00	0.00	20.46	0.00	59.26	0.00	62	0	62	135.38	88.16	0.00	0.00	0.00	0.00	0.00	0.00	0.00	0.00	0.00	0.00	0.00	18.91	13.25	0.00	1.11	0.00	0.00
670	18.99	3600	3036	0.79	33	0	0	0	1	2	29	0	2	0	0	0.00	0.00	0.13	1.38	75.69	0.00	2.35	0.00	0.00	20.03	1.22	59.77	0.00	63	0	63	137.25	94.87	0.00	0.00	0.00	0.00	0.00	0.00	0.00	0.00	0.00	0.00	0.00	13.62	13.74	0.00	0.75	0.00	0.00
702	18.51	3749	3132	0.77	33	0	0	0	1	2	24	0	5	0	0	0.00	0.00	0.18	1.72	67.27	0.00	13.18	0.00	0.00	20.09	1.66	59.73	0.00	65	0	64	141.57	100.02	0.00	0.00	0.00	0.00	0.00	0.00	0.00	0.00	0.00	0.00	0.00	18.88	16.11	0.00	1.05	0.00	0.00
621	18.95	4004	2534	0.76	33	0	0	1	1	2	39	0	10	0	0	0.00	0.03	0.08	0.79	53.81	0.00	10.99	0.00	0.00	14.88	1.66	62.42	2.10	66	0	66	83.23	58.93	0.00	0.00	0.00	0.00	0.00	0.00	0.00	0.00	0.00	0.00	0.00	11.96	10.29	0.00	0.52	0.00	0.00
761	14.09	4074	4102	0.76	67	0	0	0	2	2	33	0	9	0	0	0.00	0.00	0.38	1.38	86.65	0.00	23.65	0.00	0.00	22.64	0.00	57.38	5.89	68	0	67	172.29	139.49	0.00	0.00	0.00	0.00	0.00	0.00	0.00	0.00	0.00	0.00	0.00	43.78	36.58	0.00	2.02	0.00	0.00
784	17.27	4089	3437	0.78	33	0	0	0	2	0	21	0	8	0	0	0.00	0.00	0.45	0.00	62.10	0.00	27.52	0.00	0.00	23.70	0.00	56.76	2.27	68	0	69	153.39	109.56	0.00	0.00	0.00	0.00	0.00	0.00	0.00	0.00	0.00	0.00	0.00	31.86	27.68	0.00	1.30	0.00	0.00
747	18.31	4092	3085	0.77	24	0	0	2	0	1	22	0	3	0	0	0.00	0.10	0.00	0.70	68.76	0.00	10.65	0.00	0.00	22.52	0.00	59.17	0.00	69	0	69	141.80	94.03	0.00	0.00	0.00	0.00	0.00	0.00	0.00	0.00	0.00	0.00	0.00	25.10	22.17	0.00	0.99	0.00	0.00
726	19.11	4089	2876	0.75	28	0	0	0	1	2	29	0	1	0	0	0.00	0.00	0.26	1.36	69.13	0.00	2.98	0.00	0.00	21.63	1.62	57.63	0.00	68	0	68	111.63	73.52	0.00	0.00	0.00	0.00	0.00	0.00	0.00	0.00	0.00	0.00	0.00	18.69	16.54	0.00	0.73	0.00	0.00
719	17.40	4088	3129	0.77	34	0	0	0	1	3	27	0	4	0	0	0.00	0.00	0.08	2.06	67.60	0.00	12.34	0.00	0.00	20.32	3.53	52.89	5.86	69	0	69	133.30	96.32	0.00	0.00	0.00	0.00	0.00	0.00	0.00	0.00	0.00	0.00	0.00	23.98	21.47	0.00	1.01	0.00	0.00
717	17.59	4090	3087	0.78	33	0	0	1	1	3	24	0	6	0	0	0.00	0.05	0.22	2.12	61.96	0.00	16.48	0.00	0.00	20.91	2.35	59.14	0.00	69	0	70	132.77	94.91	0.00	0.00	0.00	0.00	0.00	0.00	0.00	0.00	0.00	0.00	0.00	23.89	20.79	0.00	1.02	0.00	0.00
761	17.36	4089	3321	0.79	33	0	0	1	1	3	22	0	4	0	0	0.00	0.06	0.19	2.61	71.68	0.00	12.37	0.00	0.00	21.06	3.03	58.55	0.00	69	0	69	156.02	111.55	0.00	0.00	0.00	0.00	0.00	0.00	0.00	0.00	0.00	0.00	0.00	30.85	26.43	0.00	1.28	0.00	0.00
669	17.93	4089	2825	0.77	25	0	0	0	2	2	24	0	9	0	0	0.00	0.00	0.37	1.13	52.44	0.00	20.09	0.00	0.00	22.05	0.00	57.86	2.16	70	0	70	100.66	67.35	0.00	0.00	0.00	0.00	0.00	0.00	0.00	0.00	0.00	0.00	0.00	15.37	14.16	0.00	0.62	0.00	0.00
764	16.44	4087	3519	0.79	41	0	0	1	1	5	25	0	6	0	0	0.00	0.03	0.16	1.66	70.60	0.00	20.79	0.00	0.00	20.71	1.47	51.27	10.11	70	0	70	170.84	127.44	0.00	0.00	0.00	0.00	0.00	0.00	0.00	0.00	0.00	0.00	0.00	37.25	31.55	0.00	1.60	0.00	0.00
669	17.94	4089	2825	0.78	25	0	0	0	2	3	29	0	3	0	0	0.00	0.00	0.45	1.99	64.74	0.00	6.72	0.00	0.00	22.36	1.40	58.29	0.00	69	0	69	100.64	67.81	0.00	0.00	0.00	0.00	0.00	0.00	0.00	0.00	0.00	0.00	0.00	15.56	14.13	0.00	0.63	0.00	0.00
701	16.38	4088	3244	0.78	42	0	0	1	1	2	25	0	7	0	0	0.00	0.05	0.15	1.30	67.16	0.00	17.61	0.00	0.00	19.80	2.16	53.01	8.66	69	0	69	144.81	107.91	0.00	0.00	0.00	0.00	0.00	0.00	0.00	0.00	0.00	0.00	0.00	29.42	24.91	0.00	1.26	0.00	0.00
704	17.16	4089	3104	0.78	33	0	0	1	1	3	27	0	4	0	0	0.00	0.05	0.25	2.16	69.56	0.00	9.63	0.00	0.00	21.48	2.54	58.82	0.00	70	0	70	130.37	93.49	0.00	0.00	0.00	0.00	0.00	0.00	0.00	0.00	0.00	0.00	0.00	24.22	21.28	0.00	0.97	0.00	0.00
701	17.13	4086	3102	0.77	33	0	0	0	2	4	28	0	4	0	0	0.00	0.00	0.20	0.97	68.63	0.00	12.20	0.00	0.00	21.30	0.00	61.57	0.00	69	0	70	134.36	96.56	0.00	0.00	0.00	0.00	0.00	0.00	0.00	0.00	0.00	0.00	0.00	24.89	21.16	0.00	1.04	0.00	0.00
703	17.24	4089	3090	0.79	33	0	0	1	0	3	25	0	5	0	0	0.00	0.03	0.00	1.90	65.11	0.00	14.33	0.00	0.00	21.09	2.61	59.07	0.00	69	0	69	131.15	92.97	0.00	0.00	0.00	0.00	0.00	0.00	0.00	0.00	0.00	0.00	0.00	23.83	21.57	0.00	0.99	0.00	0.00
698	17.10	4090	3091	0.79	33	0	0	1	1	3	26	0	5	0	0	0.00	0.05	0.08	1.93	64.65	0.00	14.84	0.00	0.00	20.86	2.40	55.12	4.53	70	0	70	130.17	93.23	0.00	0.00	0.00	0.00	0.00	0.00	0.00	0.00	0.00	0.00	0.00	24.46	20.71	0.00	1.01	0.00	0.00
699	17.14	4090	3088	0.79	33	0	0	1	1	3	24	0	7	0	0	0.00	0.05	0.17	2.06	60.27	0.00	18.74	0.00	0.00	21.23	2.50	53.39	5.74	70	0	70	128.03	91.66	0.00	0.00	0.00	0.00	0.00	0.00	0.00	0.00	0.00	0.00	0.00	23.31	20.64	0.00	0.97	0.00	0.00
705	17.04	4090	3131	0.77	33	0	0	0	2	2	25	0	5	0	0	0.00	0.00	0.34	1.32	66.17	0.00	15.05	0.00	0.00	20.92	0.00	62.04	0.00	70	0	70	137.46	99.58	0.00	0.00	0.00	0.00	0.00	0.00	0.00	0.00	0.00	0.00	0.00	25.52	22.12	0.00	1.04	0.00	0.00
704	17.34	4088	3075	0.78	33	0	0	0	2	2	25	0	6	0	0	0.00	0.00	0.29	1.42	63.84	0.00	15.10	0.00	0.00	21.13	2.57	53.02	5.94	70	0	70	127.75	90.21	0.00	0.00	0.00	0.00	0.00	0.00	0.00	0.00	0.00	0.00	0.00	23.70	20.61	0.00	0.99	0.00	0.00
702	17.15	4086	3103	0.79	33	0	0	0	2	5	28	0	4	0	0	0.00	0.00	0.23	1.86	67.91	0.00	12.03	0.00	0.00	21.23	1.49	60.12	0.00	70	0	71	134.35	96.81	0.00	0.00	0.00	0.00	0.00	0.00	0.00	0.00	0.00	0.00	0.00	25.30	22.04	0.00	1.04	0.00	0.00
703	17.23	4090	3089	0.79	33	0	1	1	0	3	26	0	4	0	0	0.07	0.05	0.00	1.92	66.67	0.00	12.64	0.00	0.00	20.90	2.57	59.30	0.00	70	0	70	130.97	93.25	0.00	0.00	0.00	0.00	0.00	0.00	0.00	0.00	0.00	0.00	0.00	24.17	20.65	0.00	0.99	0.00	0.00
700	17.14	4089	3094	0.78	33	0	0	1	1	3	23	0	8	0	0	0.00	0.02	0.10	1.89	58.90	0.00	20.50	0.00	0.00	21.06	2.36	48.67	10.78	71	0	71	128.00	91.88	0.00	0.00	0.00	0.00	0.00	0.00	0.00	0.00	0.00	0.00	0.00	23.44	20.18	0.00	0.99	0.00	0.00
705	17.16	4087	3113	0.77	33	0	0	0	2	2	28	0	4	0	0	0.00	0.00	0.43	0.81	69.00	0.00	12.12	0.00	0.00	21.41	0.00	61.43	0.00	71	0	70	136.16	97.83	0.00	0.00	0.00	0.00	0.00	0.00	0.00	0.00	0.00	0.00	0.00	25.24	22.34	0.00	1.02	0.00	0.00
700	17.22	4089	3078	0.78	33	0	0	1	1	2	25	0	6	0	0	0.00	0.03	0.33	1.35	60.41	0.00	19.02	0.00	0.00	20.76	2.39	53.57	6.05	71	0	71	129.77	92.59	0.00	0.00	0.00	0.00	0.00	0.00	0.00	0.00	0.00	0.00	0.00	23.87	20.68	0.00	1.01	0.00	0.00
697	17.10	4089	3085	0.79	33	0	0	1	1	3	24	0	7	0	0	0.00	0.02	0.17	2.02	60.31	0.00	18.74	0.00	0.00	21.28	2.51	53.37	5.73	70	0	71	127.44	91.25	0.00	0.00	0.00	0.00	0.00	0.00	0.00	0.00	0.00	0.00	0.00	23.49	20.42	0.00	0.96	0.00	0.00
701	17.00	4089	3120	0.79	33	0	0	0	2	2	26	0	5	0	0	0.00	0.00	0.20	1.20	65.62	0.00	15.42	0.00	0.00	20.86	0.00	62.14	0.00	71	0	71	133.49	96.56	0.00	0.00	0.00	0.00	0.00	0.00	0.00	0.00	0.00	0.00	0.00	23.84	21.21	0.00	1.02	0.00	0.00
706	17.24	4089	3102	0.79	33	0	0	0	2	2	21	0	9	0	0	0.00	0.00	0.32	1.47	55.56	0.00	24.34	0.00	0.00	20.89	1.52	55.99	4.36	71	0	71	132.41	94.64	0.00	0.00	0.00	0.00	0.00	0.00	0.00	0.00	0.00	0.00	0.00	24.41	21.57	0.00	1.01	0.00	0.00
706	17.24	4089	3099	0.77	33	0	0	0	2	1	24	0	7	0	0	0.00	0.00	0.23	0.65	58.90	0.00	21.76	0.00	0.00	21.44	0.00	61.32	0.00	71	0	71	134.74	96.07	0.00	0.00	0.00	0.00	0.00	0.00	0.00	0.00	0.00	0.00	0.00	25.26	21.59	0.00	1.03	0.00	0.00
709	17.40	4088	3085	0.79	35	0	0	1	2	1	25	0	8	0	0	0.00	0.05	0.37	0.71	59.89	0.00	19.88	0.00	0.00	21.74	1.20	59.66	0.00	71	0	71	130.11	90.40	0.00	0.00	0.00	0.00	0.00	0.00	0.00	0.00	0.00	0.00	0.00	24.00	20.52	0.00	1.01	0.00	0.00
702	17.17	4087	3099	0.77	33	0	0	0	2	0	22	0	9	0	0	0.00	0.00	0.72	0.00	54.73	0.00	26.39	0.00	0.00	21.09	0.00	57.81	3.93	71	0	71	134.66	96.61	0.00	0.00	0.00	0.00	0.00	0.00	0.00	0.00	0.00	0.00	0.00	24.77	21.93	0.00	1.03	0.00	0.00
705	17.25	4088	3094	0.79	34	0	0	1	1	2	27	0	4	0	0	0.00	0.03	0.33	1.28	67.49	0.00	12.09	0.00	0.00	21.27	2.26	59.21	0.00	71	0	71	131.12	92.61	0.00	0.00	0.00	0.00	0.00	0.00	0.00	0.00	0.00	0.00	0.00	24.19	20.73	0.00	1.01	0.00	0.00
763	17.31	4089	3338	0.78	33	0	0	1	0	3	20	0	6	0	0	0.00	0.03	0.00	2.43	66.29	0.00	18.75	0.00	0.00	20.95	2.96	52.99	5.79	71	0	71	159.45	113.74	0.00	0.00	0.00	0.00	0.00	0.00	0.00	0.00	0.00	0.00	0.00	32.84	27.96	0.00	1.34	0.00	0.00
608	18.87	4091	2439	0.76	25	0	0	1	1	3	25	0	23	0	0	0.00	0.01	0.08	0.96	32.15	0.00	29.75	0.00	0.00	15.88	1.51	37.30	26.44	71	0	71	62.69	41.36	0.00	0.00	0.00	0.00	0.00	0.00	0.00	0.00	0.00	0.00	0.00	8.52	7.82	0.00	0.34	0.00	0.00
714	12.63	4087	4283	0.75	73	0	0	1	1	2	27	0	16	0	0	0.00	0.05	0.25	1.33	73.20	0.00	44.56	0.00	0.00	22.67	0.00	50.46	14.25	71	0	71	180.53	149.34	0.00	0.00	0.00	0.00	0.00	0.00	0.00	0.00	0.00	0.00	0.00	50.21	41.47	0.00	2.28	0.00	0.00
748	18.25	4089	3102	0.77	32	0	0	1	1	1	30	0	2	0	0	0.00	0.02	0.15	0.77	73.94	0.00	5.27	0.00	0.00	20.53	0.00	61.22	0.00	71	0	71	131.90	93.95	0.00	0.00	0.00	0.00	0.00	0.00	0.00	0.00	0.00	0.00	0.00	23.76	20.85	0.00	1.01	0.00	0.00
762	17.28	4089	3341	0.79	33	0	0	0	1	2	23	0	4	0	0	0.00	0.00	0.31	2.05	73.93	0.00	11.09	0.00	0.00	23.23	1.76	55.44	2.28	72	0	71	150.04	107.25	0.00	0.00	0.00	0.00	0.00	0.00	0.00	0.00	0.00	0.00	0.00	30.69	26.44	0.00	1.25	0.00	0.00
755	18.29	4090	3124	0.78	25	0	0	1	2	3	27	0	1	0	0	0.00	0.07	0.39	0.59	76.40	0.00	3.52	0.00	0.00	23.51	0.00	58.20	0.00	71	0	71	144.22	95.77	0.00	0.00	0.00	0.00	0.00	0.00	0.00	0.00	0.00	0.00	0.00	24.85	22.48	0.00	1.00	0.00	0.00
729	18.93	4089	2914	0.76	26	0	0	0	3	3	28	0	2	0	0	0.00	0.00	0.84	1.19	68.95	0.00	3.72	0.00	0.00	23.29	1.52	56.26	0.00	71	0	71	112.36	74.12	0.00	0.00	0.00	0.00	0.00	0.00	0.00	0.00	0.00	0.00	0.00	18.92	17.03	0.00	0.74	0.00	0.00
734	17.82	4090	3117	0.77	33	0	0	1	1	3	30	0	0	0	0	0.00	0.05	0.35	2.36	78.61	0.00	0.00	0.00	0.00	20.92	2.57	58.69	0.00	71	0	71	133.59	95.65	0.00	0.00	0.00	0.00	0.00	0.00	0.00	0.00	0.00	0.00	0.00	24.93	22.24	0.00	1.03	0.00	0.00
777	17.74	4088	3318	0.79	33	0	0	0	2	3	23	0	3	0	0	0.00	0.00	0.26	2.53	74.95	0.00	8.72	0.00	0.00	20.91	2.86	58.48	0.00	71	0	71	156.44	111.26	0.00	0.00	0.00	0.00	0.00	0.00	0.00	0.00	0.00	0.00	0.00	31.57	26.95	0.00	1.29	0.00	0.00
775	18.62	4088	3151	0.78	25	0	0	0	2	2	21	0	3	0	0	0.00	0.00	0.78	2.06	66.54	0.00	12.23	0.00	0.00	22.89	0.00	58.49	0.00	72	0	72	147.22	99.06	0.00	0.00	0.00	0.00	0.00	0.00	0.00	0.00	0.00	0.00	0.00	25.95	23.23	0.00	1.01	0.00	0.00
770	19.00	4085	3072	0.79	26	0	0	0	2	4	22	0	2	0	0	0.00	0.00	0.48	1.71	70.18	0.00	6.55	0.00	0.00	23.31	2.11	55.58	0.00	71	0	71	144.19	94.54	0.00	0.00	0.00	0.00	0.00	0.00	0.00	0.00	0.00	0.00	0.00	25.95	22.72	0.00	1.04	0.00	0.00
386	11.67	4086	2507	0.77	26	0	0	1	1	3	29	0	8	0	2	0.00	0.00	0.05	1.32	54.82	0.00	13.14	0.00	1.55	23.01	2.12	60.90	2.29	71	0	71	86.00	56.26	0.00	0.00	0.00	0.00	0.00	0.00	0.00	0.00	0.00	0.00	0.00	12.58	10.69	0.00	0.49	0.00	0.00
1288	22.63	4089	4309	0.78	51	0	0	0	2	4	23	0	8	0	0	0.00	0.00	0.34	1.39	74.20	0.00	29.67	0.00	0.00	18.22	0.00	53.36	5.79	71	0	71	178.15	139.25	0.00	0.00	0.00	0.00	0.00	0.00	0.00	0.00	0.00	0.00	0.00	46.55	40.98	0.00	2.05	0.00	0.00
639	19.61	4091	2465	0.76	26	0	0	1	0	3	30	0	8	0	0	0.00	0.01	0.00	1.16	46.85	0.00	15.02	0.00	0.00	14.48	1.94	55.10	8.88	71	0	71	79.26	51.94	0.00	0.00	0.00	0.00	0.00	0.00	0.00	0.00	0.00	0.00	0.00	11.52	9.74	0.00	0.46	0.00	0.00
787	13.25	4087	4498	0.77	57	0	0	1	1	2	26	0	9	0	0	0.00	0.07	0.33	1.70	90.73	0.00	31.16	0.00	0.00	26.86	0.00	52.82	7.06	71	0	72	179.30	143.11	0.00	0.00	0.00	0.00	0.00	0.00	0.00	0.00	0.00	0.00	0.00	51.05	43.02	0.00	2.27	0.00	0.00
780	19.14	4090	3084	0.78	24	0	0	1	0	1	23	0	3	0	0	0.00	0.10	0.00	0.76	67.86	0.00	10.39	0.00	0.00	21.94	0.00	58.92	0.00	71	0	71	143.14	93.89	0.00	0.00	0.00	0.00	0.00	0.00	0.00	0.00	0.00	0.00	0.00	26.63	23.10	0.00	1.01	0.00	0.00
707	18.74	4090	2856	0.76	26	0	0	1	0	1	27	0	4	0	0	0.00	0.02	0.00	0.52	63.61	0.00	9.46	0.00	0.00	21.54	0.00	59.72	0.00	72	0	71	109.19	71.94	0.00	0.00	0.00	0.00	0.00	0.00	0.00	0.00	0.00	0.00	0.00	17.72	15.63	0.00	0.73	0.00	0.00
718	17.33	4089	3139	0.77	33	0	0	0	1	2	28	0	4	0	0	0.00	0.00	0.07	1.45	68.78	0.00	12.38	0.00	0.00	20.31	2.52	53.94	5.91	71	0	71	135.56	98.28	0.00	0.00	0.00	0.00	0.00	0.00	0.00	0.00	0.00	0.00	0.00	24.51	22.63	0.00	1.01	0.00	0.00
713	17.45	4090	3093	0.77	33	0	0	1	1	3	25	0	5	0	0	0.00	0.03	0.10	2.03	63.07	0.00	15.90	0.00	0.00	20.57	2.40	53.58	5.99	72	0	72	130.60	93.73	0.00	0.00	0.00	0.00	0.00	0.00	0.00	0.00	0.00	0.00	0.00	23.95	20.64	0.00	0.99	0.00	0.00
762	17.28	4089	3337	0.80	33	0	0	1	1	3	20	0	6	0	0	0.00	0.03	0.22	2.72	64.22	0.00	20.24	0.00	0.00	21.31	3.04	52.00	6.37	71	0	71	156.88	112.27	0.00	0.00	0.00	0.00	0.00	0.00	0.00	0.00	0.00	0.00	0.00	31.26	27.25	0.00	1.29	0.00	0.00
769	18.54	4088	3141	0.78	25	0	0	0	2	2	20	0	4	0	0	0.00	0.00	0.48	1.74	64.13	0.00	14.80	0.00	0.00	22.60	0.00	58.86	0.00	72	0	72	145.85	97.91	0.00	0.00	0.00	0.00	0.00	0.00	0.00	0.00	0.00	0.00	0.00	26.49	23.79	0.00	1.04	0.00	0.00
640	17.94	4087	2703	0.78	26	0	0	0	2	3	36	0	4	0	0	0.00	0.00	0.27	0.27	63.92	0.00	6.20	0.00	0.00	22.22	0.00	59.84	0.00	72	0	72	82.14	53.74	0.00	0.00	0.00	0.00	0.00	0.00	0.00	0.00	0.00	0.00	0.00	12.87	11.27	0.00	0.51	0.00	0.00
738	16.22	4088	3445	0.77	49	0	0	0	2	5	25	0	10	0	0	0.00	0.00	0.53	1.42	59.93	0.00	29.95	0.00	0.00	17.36	1.31	56.68	8.42	72	0	72	168.60	131.07	0.00	0.00	0.00	0.00	0.00	0.00	0.00	0.00	0.00	0.00	0.00	36.06	30.47	0.00	1.58	0.00	0.00
733	18.14	4088	3059	0.77	32	0	0	0	1	1	28	0	3	0	0	0.00	0.00	0.35	0.60	70.41	0.00	8.05	0.00	0.00	20.70	0.00	61.16	0.00	72	0	72	129.61	91.29	0.00	0.00	0.00	0.00	0.00	0.00	0.00	0.00	0.00	0.00	0.00	23.98	19.95	0.00	1.01	0.00	0.00
733	17.81	4091	3114	0.76	32	0	0	1	1	1	28	0	4	0	0	0.00	0.05	0.08	0.61	70.49	0.00	10.25	0.00	0.00	20.53	0.00	61.66	0.00	72	0	72	132.66	94.99	0.00	0.00	0.00	0.00	0.00	0.00	0.00	0.00	0.00	0.00	0.00	25.34	22.23	0.00	1.04	0.00	0.00
767	16.85	4090	3445	0.78	32	0	0	1	1	1	27	0	1	0	0	0.00	0.06	0.26	1.07	85.59	0.00	3.91	0.00	0.00	24.36	0.00	58.79	0.00	72	0	72	154.23	110.01	0.00	0.00	0.00	0.00	0.00	0.00	0.00	0.00	0.00	0.00	0.00	31.70	27.32	0.00	1.30	0.00	0.00
752	18.45	4091	3087	0.77	24	0	1	1	0	1	24	0	1	0	0	0.10	0.00	0.00	0.67	76.52	0.00	3.05	0.00	0.00	22.19	0.00	59.36	0.00	72	0	72	142.49	93.98	0.00	0.00	0.00	0.00	0.00	0.00	0.00	0.00	0.00	0.00	0.00	25.47	22.32	0.00	1.00	0.00	0.00
717	18.99	4089	2857	0.76	25	0	0	0	0	1	29	0	2	0	0	0.00	0.00	0.00	0.54	67.19	0.00	5.72	0.00	0.00	21.20	0.00	59.81	0.00	72	0	72	110.18	72.20	0.00	0.00	0.00	0.00	0.00	0.00	0.00	0.00	0.00	0.00	0.00	18.58	16.60	0.00	0.72	0.00	0.00
734	17.73	4088	3134	0.76	33	0	0	1	0	3	28	0	3	0	0	0.00	0.03	0.00	2.23	70.39	0.00	9.24	0.00	0.00	19.78	3.83	58.66	0.00	73	0	73	133.83	97.38	0.00	0.00	0.00	0.00	0.00	0.00	0.00	0.00	0.00	0.00	0.00	24.67	22.34	0.00	0.99	0.00	0.00
714	17.48	4089	3093	0.78	33	0	0	1	1	3	24	0	7	0	0	0.00	0.02	0.17	2.12	61.16	0.00	17.41	0.00	0.00	20.92	2.50	53.94	5.16	72	0	72	128.78	92.02	0.00	0.00	0.00	0.00	0.00	0.00	0.00	0.00	0.00	0.00	0.00	23.29	20.47	0.00	0.98	0.00	0.00
707	17.15	4087	3120	0.78	34	0	0	0	2	2	25	0	7	0	0	0.00	0.00	0.35	1.31	59.98	0.00	20.78	0.00	0.00	20.78	0.00	62.07	0.00	72	0	72	134.37	97.06	0.00	0.00	0.00	0.00	0.00	0.00	0.00	0.00	0.00	0.00	0.00	24.59	21.70	0.00	1.02	0.00	0.00
702	17.28	4085	3078	0.79	33	0	0	0	2	2	28	0	4	0	0	0.00	0.00	0.49	0.39	69.26	0.00	10.76	0.00	0.00	21.32	0.00	57.54	3.86	72	0	72	130.99	93.54	0.00	0.00	0.00	0.00	0.00	0.00	0.00	0.00	0.00	0.00	0.00	24.26	20.85	0.00	0.99	0.00	0.00
710	17.26	4087	3117	0.78	33	0	0	0	2	1	27	0	5	0	0	0.00	0.00	0.53	0.71	65.65	0.00	15.00	0.00	0.00	21.11	0.00	61.63	0.00	73	0	72	132.57	95.18	0.00	0.00	0.00	0.00	0.00	0.00	0.00	0.00	0.00	0.00	0.00	24.61	21.86	0.00	1.02	0.00	0.00
707	17.27	4087	3100	0.77	34	0	0	0	2	2	22	0	7	0	0	0.00	0.00	0.51	1.75	59.79	0.00	19.67	0.00	0.00	21.16	1.73	55.69	4.15	72	0	72	135.44	96.21	0.00	0.00	0.00	0.00	0.00	0.00	0.00	0.00	0.00	0.00	0.00	24.82	21.45	0.00	1.03	0.00	0.00
698	17.22	4089	3069	0.78	33	0	0	1	1	2	23	0	7	0	0	0.00	0.05	0.22	1.40	57.83	0.00	21.26	0.00	0.00	20.93	2.39	53.38	6.07	73	0	73	128.43	91.26	0.00	0.00	0.00	0.00	0.00	0.00	0.00	0.00	0.00	0.00	0.00	23.86	20.37	0.00	1.01	0.00	0.00
625	18.54	4090	2554	0.75	33	0	0	1	1	3	24	0	21	0	0	0.00	0.03	0.09	1.13	33.63	0.00	31.33	0.00	0.00	15.23	1.62	36.68	27.93	72	0	73	83.13	59.33	0.00	0.00	0.00	0.00	0.00	0.00	0.00	0.00	0.00	0.00	0.00	12.75	11.07	0.00	0.52	0.00	0.00
761	14.07	4088	4097	0.76	64	0	0	0	2	2	27	0	12	0	1	0.00	0.00	0.38	1.38	71.13	0.00	34.49	0.00	4.74	22.67	0.00	48.35	14.92	73	0	73	171.22	138.83	0.00	0.00	0.00	0.00	0.00	0.00	0.00	0.00	0.00	0.00	0.00	45.25	37.72	0.00	2.02	0.00	0.00
591	24.53	4092	1824	0.75	32	0	0	1	1	0	28	0	18	0	1	0.00	0.02	0.08	0.00	25.40	0.00	17.10	0.00	1.06	27.79	0.00	40.73	6.95	73	0	73	77.25	55.31	0.00	0.00	0.00	0.00	0.00	0.00	0.00	0.00	0.00	0.00	0.00	8.21	7.20	0.00	0.34	0.00	0.00
706	11.63	4082	4602	0.73	86	0	0	1	0	0	35	0	30	0	3	0.00	0.03	0.00	0.00	64.15	0.00	59.23	0.00	6.69	15.65	0.00	43.50	29.22	70	0	67	143.67	124.63	0.00	0.00	0.00	0.00	0.00	0.00	0.00	0.00	0.00	0.00	0.00	44.18	36.52	0.00	2.03	0.00	0.00
749	13.20	4083	4303	0.72	48	0	0	0	1	1	15	0	30	0	0	0.00	0.00	0.10	0.78	33.33	0.00	85.10	0.00	0.00	14.57	0.96	27.21	44.06	71	0	71	125.84	102.81	0.00	0.00	0.00	0.00	0.00	0.00	0.00	0.00	0.00	0.00	0.00	35.16	30.30	0.00	1.53	0.00	0.00
790	16.47	4085	3636	0.74	34	0	0	0	1	5	29	0	3	0	0	0.00	0.00	0.03	0.79	85.10	0.00	10.69	0.00	0.00	17.28	0.00	66.25	0.00	72	0	72	129.75	98.55	0.00	0.00	0.00	0.00	0.00	0.00	0.00	0.00	0.00	0.00	0.00	28.90	24.71	0.00	1.25	0.00	0.00
798	19.02	4089	3175	0.72	33	0	0	0	1	1	23	0	4	0	0	0.00	0.00	0.13	0.95	71.27	0.00	9.02	0.00	0.00	18.17	1.66	60.95	0.20	73	0	72	128.66	93.97	0.00	0.00	0.00	0.00	0.00	0.00	0.00	0.00	0.00	0.00	0.00	24.33	22.77	0.00	0.98	0.00	0.00
651	24.09	4091	2046	0.74	26	0	0	0	1	1	28	0	0	0	0	0.00	0.00	0.27	0.39	48.43	0.00	0.00	0.00	0.00	24.21	0.00	51.70	0.00	73	0	73	107.88	77.81	0.00	0.00	0.00	0.00	0.00	0.00	0.00	0.00	0.00	0.00	0.00	12.82	11.66	0.00	0.53	0.00	0.00
814	12.43	4083	4970	0.74	41	0	0	0	1	1	32	0	10	0	0	0.00	0.00	0.09	0.92	112.35	0.00	25.93	0.00	0.00	13.37	1.02	65.95	7.24	73	0	73	130.85	106.00	0.00	0.00	0.00	0.00	0.00	0.00	0.00	0.00	0.00	0.00	0.00	43.92	36.40	0.00	1.89	0.00	0.00
678	27.10	4090	1893	0.88	34	0	0	0	1	3	24	0	3	0	0	0.00	0.00	0.09	0.32	39.98	0.00	3.14	0.00	0.00	17.56	0.00	55.34	0.00	73	0	73	118.59	85.17	0.00	0.00	0.00	0.00	0.00	0.00	0.00	0.00	0.00	0.00	0.00	13.72	12.45	0.00	0.55	0.00	0.00
679	13.19	3986	4000	0.91	41	0	0	0	1	1	32	0	9	0	0	0.00	0.00	0.17	0.65	87.95	0.00	22.56	0.00	0.00	18.87	0.00	66.49	1.45	73	0	74	120.98	97.70	0.00	0.00	0.00	0.00	0.00	0.00	0.00	0.00	0.00	0.00	0.00	29.21	26.08	0.00	1.28	0.00	0.00
664	17.93	3826	2998	0.90	33	0	0	0	2	1	25	0	6	0	0	0.00	0.00	0.29	0.67	68.07	0.00	10.31	0.00	0.00	18.50	0.00	61.79	1.78	73	0	73	128.91	98.16	0.00	0.00	0.00	0.00	0.00	0.00	0.00	0.00	0.00	0.00	0.00	21.53	18.49	0.00	0.98	0.00	0.00
828	16.21	3800	4159	0.81	33	0	1	0	2	1	27	0	7	0	0	0.06	0.00	0.28	0.79	89.76	0.00	21.92	0.00	0.00	16.52	0.00	67.27	0.00	73	0	73	133.82	103.64	0.00	0.00	0.00	0.00	0.00	0.00	0.00	0.00	0.00	0.00	0.00	30.54	22.47	0.00	1.57	0.00	0.00
740	22.73	3800	2654	0.86	28	0	0	1	0	1	19	0	8	0	0	0.00	0.08	0.00	0.85	45.78	0.00	19.63	0.00	0.00	18.31	1.78	50.87	6.32	73	0	73	131.13	94.32	0.00	0.00	0.00	0.00	0.00	0.00	0.00	0.00	0.00	0.00	0.00	16.91	15.47	0.00	0.79	0.00	0.00
785	17.61	3800	3634	0.84	31	0	0	0	1	0	27	0	5	0	0	0.00	0.00	0.41	0.00	82.87	0.00	13.61	0.00	0.00	15.40	0.00	66.99	0.00	73	0	73	137.88	104.82	0.00	0.00	0.00	0.00	0.00	0.00	0.00	0.00	0.00	0.00	0.00	25.37	20.54	0.00	1.26	0.00	0.00
624	32.89	3800	1547	0.90	35	0	0	0	0	1	26	0	1	0	0	0.00	0.00	0.00	0.34	31.69	0.00	1.55	0.00	0.00	15.30	1.19	50.62	0.00	73	0	73	114.56	82.54	0.00	0.00	0.00	0.00	0.00	0.00	0.00	0.00	0.00	0.00	0.00	8.40	7.41	0.00	0.40	0.00	0.00
741	8.99	3800	6720	0.88	58	0	0	0	1	1	30	0	23	0	1	0.00	0.00	0.16	0.84	110.56	0.00	84.32	0.00	1.93	17.22	0.00	58.01	15.78	73	0	73	130.10	109.21	0.00	0.00	0.00	0.00	0.00	0.00	0.00	0.00	0.00	0.00	0.00	43.21	38.06	0.00	2.26	0.00	0.00
723	22.53	3800	2614	0.86	26	0	0	0	2	2	23	0	6	0	0	0.00	0.00	0.26	1.02	52.27	0.00	11.91	0.00	0.00	19.08	0.00	58.39	0.00	73	0	73	128.48	93.19	0.00	0.00	0.00	0.00	0.00	0.00	0.00	0.00	0.00	0.00	0.00	14.76	13.47	0.00	0.73	0.00	0.00
791	16.62	3800	3878	0.84	34	0	0	1	0	1	26	0	7	0	0	0.00	0.00	0.00	0.66	83.71	0.00	20.26	0.00	0.00	14.18	0.00	69.20	0.00	73	0	73	137.90	106.41	0.00	0.00	0.00	0.00	0.00	0.00	0.00	0.00	0.00	0.00	0.00	31.78	23.31	0.00	1.59	0.00	0.00
802	21.08	3800	3101	0.83	36	0	0	0	1	3	26	0	3	0	0	0.00	0.00	0.34	1.74	68.99	0.00	8.14	0.00	0.00	17.11	1.74	60.06	0.00	72	0	73	137.79	99.96	0.00	0.00	0.00	0.00	0.00	0.00	0.00	0.00	0.00	0.00	0.00	18.78	17.32	0.00	0.91	0.00	0.00
755	21.76	3800	2826	0.85	27	0	1	0	1	1	25	0	1	0	0	0.06	0.00	0.45	0.73	69.89	0.00	0.42	0.00	0.00	18.62	0.30	59.32	0.00	73	0	73	134.01	96.37	0.00	0.00	0.00	0.00	0.00	0.00	0.00	0.00	0.00	0.00	0.00	18.72	17.14	0.00	0.86	0.00	0.00
725	20.63	3800	2862	0.87	26	0	0	0	1	1	28	0	2	0	0	0.00	0.00	0.25	0.79	70.90	0.00	1.52	0.00	0.00	18.21	0.00	61.16	0.00	73	0	73	131.98	97.28	0.00	0.00	0.00	0.00	0.00	0.00	0.00	0.00	0.00	0.00	0.00	21.44	16.07	0.00	1.04	0.00	0.00
730	19.38	3800	3071	0.86	34	0	0	0	1	4	34	0	1	0	0	0.00	0.00	0.10	0.53	77.09	0.00	2.40	0.00	0.00	17.54	0.00	63.08	0.00	73	0	73	132.23	99.65	0.00	0.00	0.00	0.00	0.00	0.00	0.00	0.00	0.00	0.00	0.00	20.40	16.69	0.00	1.01	0.00	0.00
715	19.12	3800	3049	0.87	33	0	0	1	0	1	28	0	3	0	0	0.00	0.00	0.00	0.74	70.50	0.00	8.51	0.00	0.00	16.65	1.32	62.91	0.00	73	0	73	130.74	99.51	0.00	0.00	0.00	0.00	0.00	0.00	0.00	0.00	0.00	0.00	0.00	20.25	17.68	0.00	0.99	0.00	0.00
726	18.88	3800	3133	0.87	34	0	0	0	1	1	25	0	8	0	0	0.00	0.00	0.10	0.84	62.82	0.00	18.46	0.00	0.00	16.28	1.47	58.44	4.93	72	0	72	131.02	100.18	0.00	0.00	0.00	0.00	0.00	0.00	0.00	0.00	0.00	0.00	0.00	20.23	17.12	0.00	1.00	0.00	0.00
721	19.03	3800	3089	0.87	33	0	0	0	1	1	31	0	3	0	0	0.00	0.00	0.30	0.12	74.56	0.00	5.94	0.00	0.00	17.34	0.00	63.63	0.00	73	0	73	131.48	99.76	0.00	0.00	0.00	0.00	0.00	0.00	0.00	0.00	0.00	0.00	0.00	20.17	17.46	0.00	1.01	0.00	0.00
731	18.96	3800	3143	0.86	35	0	0	0	1	2	30	0	3	0	0	0.00	0.00	0.30	0.43	75.06	0.00	6.60	0.00	0.00	16.94	0.00	64.09	0.00	73	0	73	132.32	100.42	0.00	0.00	0.00	0.00	0.00	0.00	0.00	0.00	0.00	0.00	0.00	21.01	17.45	0.00	1.01	0.00	0.00
723	19.34	3800	3045	0.87	31	0	0	0	1	1	29	0	3	0	0	0.00	0.00	0.27	0.77	72.65	0.00	5.73	0.00	0.00	17.45	0.00	63.22	0.00	73	0	73	131.76	99.25	0.00	0.00	0.00	0.00	0.00	0.00	0.00	0.00	0.00	0.00	0.00	19.58	16.77	0.00	1.00	0.00	0.00
733	18.71	3800	3194	0.86	35	0	0	0	1	5	30	0	4	0	0	0.00	0.00	0.10	0.67	73.76	0.00	9.48	0.00	0.00	17.11	0.00	64.18	0.00	73	0	73	132.41	100.79	0.00	0.00	0.00	0.00	0.00	0.00	0.00	0.00	0.00	0.00	0.00	21.52	18.40	0.00	1.03	0.00	0.00
712	19.60	3800	2960	0.88	31	0	0	1	1	1	28	0	2	0	0	0.00	0.02	0.29	0.81	72.19	0.00	3.62	0.00	0.00	17.53	0.00	62.87	0.00	73	0	73	130.65	98.50	0.00	0.00	0.00	0.00	0.00	0.00	0.00	0.00	0.00	0.00	0.00	19.97	15.84	0.00	0.99	0.00	0.00
790	16.93	3800	3803	0.84	33	0	0	0	1	1	25	0	7	0	0	0.00	0.00	0.16	1.10	81.02	0.00	19.90	0.00	0.00	14.47	1.58	61.68	5.33	72	0	73	138.42	106.04	0.00	0.00	0.00	0.00	0.00	0.00	0.00	0.00	0.00	0.00	0.00	25.50	22.52	0.00	1.27	0.00	0.00
729	22.00	3800	2701	0.87	34	0	0	0	1	0	24	0	3	0	0	0.00	0.00	0.37	0.00	57.76	0.00	10.03	0.00	0.00	19.16	0.00	58.84	0.00	73	0	73	131.65	94.93	0.00	0.00	0.00	0.00	0.00	0.00	0.00	0.00	0.00	0.00	0.00	17.22	15.28	0.00	0.80	0.00	0.00
724	19.91	3800	2962	0.87	25	0	0	1	0	1	28	0	3	0	0	0.00	0.00	0.00	0.50	66.84	0.00	9.41	0.00	0.00	16.97	0.00	63.13	0.00	73	0	73	131.28	98.54	0.00	0.00	0.00	0.00	0.00	0.00	0.00	0.00	0.00	0.00	0.00	19.96	15.79	0.00	1.01	0.00	0.00
712	18.61	3889	3045	0.88	34	0	0	1	0	1	26	0	5	0	0	0.00	0.05	0.00	0.78	65.49	0.00	13.13	0.00	0.00	17.40	1.39	62.60	0.00	73	0	73	130.31	99.13	0.00	0.00	0.00	0.00	0.00	0.00	0.00	0.00	0.00	0.00	0.00	20.64	17.67	0.00	0.99	0.00	0.00
732	17.60	4079	3157	0.86	33	0	0	0	1	0	24	0	10	0	0	0.00	0.00	0.15	0.00	58.95	0.00	23.89	0.00	0.00	17.61	0.00	59.93	4.86	74	0	74	123.05	94.54	0.00	0.00	0.00	0.00	0.00	0.00	0.00	0.00	0.00	0.00	0.00	23.52	20.99	0.00	1.00	0.00	0.00
729	17.78	4088	3107	0.86	33	0	0	0	1	3	31	0	3	0	0	0.00	0.00	0.13	0.46	75.10	0.00	5.68	0.00	0.00	18.98	0.00	63.23	0.00	74	0	74	124.72	94.69	0.00	0.00	0.00	0.00	0.00	0.00	0.00	0.00	0.00	0.00	0.00	24.46	20.96	0.00	1.03	0.00	0.00
681	23.39	4091	2205	0.87	34	0	0	0	0	1	30	0	1	0	0	0.00	0.00	0.00	0.45	50.93	0.00	2.15	0.00	0.00	14.79	1.04	60.78	0.00	75	0	74	119.28	90.76	0.00	0.00	0.00	0.00	0.00	0.00	0.00	0.00	0.00	0.00	0.00	17.18	14.74	0.00	0.70	0.00	0.00
687	12.71	4085	4098	0.90	49	0	0	1	0	1	32	0	8	0	2	0.00	0.03	0.00	0.73	89.31	0.00	23.12	0.00	1.18	19.05	0.92	57.21	10.11	74	0	75	120.94	97.96	0.00	0.00	0.00	0.00	0.00	0.00	0.00	0.00	0.00	0.00	0.00	29.02	27.13	0.00	1.25	0.00	0.00
739	14.24	4084	3934	0.90	33	0	0	0	2	0	22	0	10	0	0	0.00	0.00	0.84	0.00	72.74	0.00	33.40	0.00	0.00	20.49	0.00	53.68	11.60	75	0	75	127.04	97.57	0.00	0.00	0.00	0.00	0.00	0.00	0.00	0.00	0.00	0.00	0.00	31.69	27.66	0.00	1.33	0.00	0.00
711	17.27	4088	3118	0.91	25	0	0	0	2	1	17	0	7	0	0	0.00	0.00	0.63	0.93	59.29	0.00	21.32	0.00	0.00	20.90	0.00	61.82	0.00	74	0	75	130.33	93.77	0.00	0.00	0.00	0.00	0.00	0.00	0.00	0.00	0.00	0.00	0.00	24.47	21.54	0.00	0.99	0.00	0.00
667	20.38	4091	2479	0.93	26	0	0	0	2	1	23	0	2	0	0	0.00	0.00	0.15	0.55	56.96	0.00	4.98	0.00	0.00	20.22	0.00	59.40	0.00	75	0	74	126.17	90.47	0.00	0.00	0.00	0.00	0.00	0.00	0.00	0.00	0.00	0.00	0.00	18.75	17.64	0.00	0.75	0.00	0.00
727	13.76	4087	4002	0.90	33	0	0	0	0	2	24	0	6	0	0	0.00	0.00	0.00	1.63	91.09	0.00	17.69	0.00	0.00	19.86	1.45	64.93	0.00	75	0	75	129.55	98.31	0.00	0.00	0.00	0.00	0.00	0.00	0.00	0.00	0.00	0.00	0.00	34.31	28.95	0.00	1.39	0.00	0.00
700	17.35	4088	3056	0.91	25	0	0	0	2	1	21	0	3	0	0	0.00	0.00	0.20	0.73	67.17	0.00	12.26	0.00	0.00	20.97	0.00	61.68	0.00	74	0	75	131.39	93.63	0.00	0.00	0.00	0.00	0.00	0.00	0.00	0.00	0.00	0.00	0.00	24.24	20.63	0.00	0.99	0.00	0.00
811	19.82	4089	3098	0.82	26	0	0	0	2	2	23	0	3	0	0	0.00	0.00	0.56	1.74	67.87	0.00	8.48	0.00	0.00	18.62	0.00	61.56	0.00	75	0	75	128.25	92.88	0.00	0.00	0.00	0.00	0.00	0.00	0.00	0.00	0.00	0.00	0.00	23.38	21.66	0.00	0.93	0.00	0.00
804	18.95	4088	3213	0.84	26	0	0	0	2	0	25	0	3	0	0	0.00	0.00	0.58	0.00	77.05	0.00	4.94	0.00	0.00	18.19	0.00	62.85	0.00	75	0	75	129.08	94.83	0.00	0.00	0.00	0.00	0.00	0.00	0.00	0.00	0.00	0.00	0.00	31.07	23.82	0.00	1.25	0.00	0.00
742	21.01	4089	2673	0.86	35	0	0	0	1	2	25	0	0	0	0	0.00	0.00	0.24	1.67	64.91	0.00	0.00	0.00	0.00	20.77	0.00	58.21	0.00	75	0	75	124.11	89.56	0.00	0.00	0.00	0.00	0.00	0.00	0.00	0.00	0.00	0.00	0.00	19.53	17.51	0.00	0.79	0.00	0.00
733	18.50	4088	3002	0.86	25	0	0	0	0	1	27	0	5	0	0	0.00	0.00	0.00	0.45	63.65	0.00	13.90	0.00	0.00	18.32	0.00	63.18	0.00	75	0	75	124.07	93.60	0.00	0.00	0.00	0.00	0.00	0.00	0.00	0.00	0.00	0.00	0.00	24.73	21.05	0.00	1.02	0.00	0.00
781	16.61	4086	3564	0.84	33	0	0	1	0	5	31	0	1	0	0	0.00	0.03	0.00	0.71	89.96	0.00	3.78	0.00	0.00	17.54	0.00	65.85	0.00	75	0	75	129.60	98.85	0.00	0.00	0.00	0.00	0.00	0.00	0.00	0.00	0.00	0.00	0.00	29.73	24.65	0.00	1.24	0.00	0.00
742	19.70	4090	2849	0.86	34	0	0	0	1	2	21	0	6	0	0	0.00	0.00	0.21	1.76	58.12	0.00	12.44	0.00	0.00	19.30	1.94	58.57	0.48	75	0	75	123.52	90.85	0.00	0.00	0.00	0.00	0.00	0.00	0.00	0.00	0.00	0.00	0.00	20.09	19.94	0.00	0.80	0.00	0.00
625	28.15	4091	1681	0.90	25	0	0	1	1	0	28	0	1	0	0	0.00	0.01	0.11	0.00	37.44	0.00	0.38	0.00	0.00	17.12	0.00	54.73	0.00	75	0	75	108.82	81.21	0.00	0.00	0.00	0.00	0.00	0.00	0.00	0.00	0.00	0.00	0.00	12.42	9.66	0.00	0.51	0.00	0.00
752	10.34	4084	5512	0.84	64	0	0	0	1	2	33	0	22	0	4	0.00	0.00	0.12	1.18	82.53	0.00	63.47	0.00	11.14	18.10	0.74	42.98	27.84	75	0	75	118.77	100.34	0.00	0.00	0.00	0.00	0.00	0.00	0.00	0.00	0.00	0.00	0.00	38.05	37.15	0.00	1.68	0.00	0.00
729	17.63	4088	3129	0.87	31	0	0	1	0	1	21	0	11	0	0	0.00	0.05	0.00	0.42	51.03	0.00	30.26	0.00	0.00	17.80	0.00	44.97	19.59	75	0	75	122.86	94.16	0.00	0.00	0.00	0.00	0.00	0.00	0.00	0.00	0.00	0.00	0.00	29.63	21.62	0.00	1.24	0.00	0.00
630	26.33	4090	1811	0.89	34	0	0	0	1	1	24	0	8	0	0	0.00	0.00	0.08	0.44	32.60	0.00	8.95	0.00	0.00	15.99	1.25	52.14	4.28	75	0	75	109.53	84.00	0.00	0.00	0.00	0.00	0.00	0.00	0.00	0.00	0.00	0.00	0.00	12.16	10.69	0.00	0.52	0.00	0.00
748	10.55	4084	5371	0.85	64	0	0	0	1	6	38	0	15	0	4	0.00	0.00	0.02	1.07	96.28	0.00	40.54	0.00	16.00	18.73	0.00	54.38	16.33	75	0	75	118.83	100.42	0.00	0.00	0.00	0.00	0.00	0.00	0.00	0.00	0.00	0.00	0.00	37.85	36.16	0.00	1.66	0.00	0.00
743	17.11	4088	3287	0.86	31	0	0	0	1	1	26	0	8	0	0	0.00	0.00	0.15	0.63	66.80	0.00	19.22	0.00	0.00	17.19	0.00	60.84	4.87	75	0	75	123.72	95.81	0.00	0.00	0.00	0.00	0.00	0.00	0.00	0.00	0.00	0.00	0.00	29.66	22.10	0.00	1.27	0.00	0.00
631	27.06	4091	1765	0.90	34	0	0	0	1	0	27	0	3	0	0	0.00	0.00	0.19	0.00	36.03	0.00	4.26	0.00	0.00	17.22	0.00	55.72	0.00	75	0	75	109.67	83.21	0.00	0.00	0.00	0.00	0.00	0.00	0.00	0.00	0.00	0.00	0.00	12.88	10.99	0.00	0.52	0.00	0.00
708	9.94	4082	5399	0.89	67	0	0	1	0	1	24	0	28	0	2	0.00	0.05	0.00	0.68	65.82	0.00	84.77	0.00	4.33	17.48	0.70	39.87	32.01	75	0	75	121.11	102.02	0.00	0.00	0.00	0.00	0.00	0.00	0.00	0.00	0.00	0.00	0.00	39.90	37.10	0.00	1.76	0.00	0.00
668	16.50	4087	3069	0.91	32	0	0	0	2	1	20	0	12	0	0	0.00	0.00	0.40	0.65	49.56	0.00	31.14	0.00	0.00	19.91	0.00	57.64	5.95	75	0	75	124.15	94.18	0.00	0.00	0.00	0.00	0.00	0.00	0.00	0.00	0.00	0.00	0.00	23.92	20.29	0.00	1.01	0.00	0.00
690	13.97	4085	3740	0.90	33	0	0	0	2	1	26	0	5	0	0	0.00	0.00	0.77	0.92	90.96	0.00	10.18	0.00	0.00	20.36	0.00	63.86	1.81	75	0	75	125.98	96.46	0.00	0.00	0.00	0.00	0.00	0.00	0.00	0.00	0.00	0.00	0.00	29.93	26.23	0.00	1.24	0.00	0.00
831	18.40	4089	3417	0.82	26	0	0	0	2	1	24	0	4	0	0	0.00	0.00	0.58	0.87	77.54	0.00	9.65	0.00	0.00	18.42	0.00	63.18	0.00	75	0	75	128.82	95.10	0.00	0.00	0.00	0.00	0.00	0.00	0.00	0.00	0.00	0.00	0.00	31.71	24.70	0.00	1.30	0.00	0.00
743	21.18	4089	2658	0.86	35	0	0	0	1	1	22	0	5	0	0	0.00	0.00	0.08	0.80	54.85	0.00	10.60	0.00	0.00	19.78	1.58	57.46	0.00	75	0	75	122.33	88.72	0.00	0.00	0.00	0.00	0.00	0.00	0.00	0.00	0.00	0.00	0.00	19.64	17.58	0.00	0.79	0.00	0.00
640	27.84	4091	1740	0.90	26	0	0	1	1	1	26	0	3	0	0	0.00	0.01	0.12	0.36	34.78	0.00	4.09	0.00	0.00	16.77	0.00	55.39	0.00	75	0	75	109.14	82.51	0.00	0.00	0.00	0.00	0.00	0.00	0.00	0.00	0.00	0.00	0.00	12.40	10.51	0.00	0.51	0.00	0.00
706	9.90	4082	5412	0.89	65	0	0	0	1	1	26	0	27	0	3	0.00	0.00	0.13	0.83	70.43	0.00	80.34	0.00	4.33	17.50	0.79	43.90	27.91	75	0	75	121.27	102.32	0.00	0.00	0.00	0.00	0.00	0.00	0.00	0.00	0.00	0.00	0.00	40.19	37.14	0.00	1.77	0.00	0.00
651	16.92	4086	2916	0.91	34	0	0	0	2	1	20	0	12	0	0	0.00	0.00	0.33	0.59	47.98	0.00	28.18	0.00	0.00	19.92	0.00	45.93	17.24	75	0	75	123.70	94.13	0.00	0.00	0.00	0.00	0.00	0.00	0.00	0.00	0.00	0.00	0.00	23.44	20.23	0.00	0.95	0.00	0.00
850	14.93	4082	4317	0.81	33	0	0	0	2	1	29	0	7	0	0	0.00	0.00	0.74	0.93	97.38	0.00	18.17	0.00	0.00	18.20	0.00	66.61	0.26	76	0	75	126.16	98.01	0.00	0.00	0.00	0.00	0.00	0.00	0.00	0.00	0.00	0.00	0.00	37.84	30.19	0.00	1.60	0.00	0.00
741	21.42	4086	2622	0.86	29	0	0	0	0	5	27	0	2	0	0	0.00	0.00	0.00	0.65	61.28	0.00	3.16	0.00	0.00	21.41	0.00	57.16	0.00	75	0	75	123.17	88.42	0.00	0.00	0.00	0.00	0.00	0.00	0.00	0.00	0.00	0.00	0.00	19.43	17.26	0.00	0.77	0.00	0.00
804	16.65	4084	3661	0.84	31	0	0	0	1	1	29	0	2	0	0	0.00	0.00	0.41	0.97	88.45	0.00	7.18	0.00	0.00	16.84	0.00	66.51	0.00	75	0	75	129.98	98.95	0.00	0.00	0.00	0.00	0.00	0.00	0.00	0.00	0.00	0.00	0.00	31.21	27.61	0.00	1.26	0.00	0.00
624	30.84	4092	1530	0.90	34	0	0	0	1	1	24	0	1	0	0	0.00	0.00	0.21	0.45	30.96	0.00	1.64	0.00	0.00	18.54	0.00	50.62	0.00	75	0	75	107.84	77.68	0.00	0.00	0.00	0.00	0.00	0.00	0.00	0.00	0.00	0.00	0.00	9.96	8.91	0.00	0.40	0.00	0.00
709	10.15	4081	5298	0.89	58	0	0	0	1	1	34	0	20	0	1	0.00	0.00	0.03	0.55	96.30	0.00	53.90	0.00	1.55	18.10	0.00	58.69	13.06	75	0	75	121.49	101.59	0.00	0.00	0.00	0.00	0.00	0.00	0.00	0.00	0.00	0.00	0.00	40.87	36.59	0.00	1.77	0.00	0.00
728	14.20	4084	3887	0.90	33	0	0	0	2	1	15	0	16	0	0	0.00	0.00	0.49	0.81	51.66	0.00	53.15	0.00	0.00	20.19	0.00	45.50	20.11	75	0	75	126.85	96.39	0.00	0.00	0.00	0.00	0.00	0.00	0.00	0.00	0.00	0.00	0.00	31.07	26.67	0.00	1.31	0.00	0.00
659	19.88	4089	2511	0.93	26	0	0	0	2	1	24	0	1	0	0	0.00	0.00	0.55	0.73	59.33	0.00	3.25	0.00	0.00	20.46	0.00	59.66	0.00	75	0	75	124.69	90.09	0.00	0.00	0.00	0.00	0.00	0.00	0.00	0.00	0.00	0.00	0.00	18.64	16.87	0.00	0.75	0.00	0.00
663	16.36	4088	3069	0.92	34	0	0	0	0	2	24	0	6	0	0	0.00	0.00	0.00	1.18	66.69	0.00	13.82	0.00	0.00	19.89	1.32	60.41	2.02	75	0	75	124.18	94.31	0.00	0.00	0.00	0.00	0.00	0.00	0.00	0.00	0.00	0.00	0.00	24.68	21.34	0.00	1.03	0.00	0.00
665	16.23	4090	3100	0.92	34	0	0	2	0	1	24	0	7	0	0	0.00	0.12	0.00	0.52	61.58	0.00	20.54	0.00	0.00	20.11	0.00	63.66	0.00	75	0	75	123.31	94.50	0.00	0.00	0.00	0.00	0.00	0.00	0.00	0.00	0.00	0.00	0.00	23.65	20.36	0.00	1.01	0.00	0.00
557	12.89	4087	3274	0.93	34	0	0	2	0	1	31	0	38	0	2	0.00	0.04	0.00	0.23	37.94	0.00	48.04	0.00	5.34	13.48	0.00	40.02	33.61	65	0	69	81.23	63.81	0.00	0.00	0.00	0.00	0.00	0.00	0.00	0.00	0.00	0.00	0.00	18.53	14.97	0.00	0.78	0.00	0.00
725	16.44	4085	3342	0.91	71	0	0	0	1	1	23	0	12	0	0	0.00	0.00	0.29	0.76	54.11	0.00	33.49	0.00	0.00	26.89	1.27	46.62	8.79	70	0	70	183.54	143.89	0.00	0.00	0.00	0.00	0.00	0.00	0.00	0.00	0.00	0.00	0.00	33.95	33.62	0.00	1.48	0.00	0.00
711	16.81	4089	3201	0.90	34	0	0	2	0	2	25	0	9	0	0	0.00	0.10	0.00	1.30	60.38	0.00	23.10	0.00	0.00	22.71	1.30	59.19	0.00	72	0	72	150.55	114.30	0.00	0.00	0.00	0.00	0.00	0.00	0.00	0.00	0.00	0.00	0.00	34.70	25.60	0.00	1.45	0.00	0.00
722	17.61	4090	3102	0.91	33	0	0	1	1	1	23	0	9	0	0	0.00	0.02	0.10	0.72	58.60	0.00	21.97	0.00	0.00	20.39	1.19	54.82	5.99	73	0	73	131.01	93.83	0.00	0.00	0.00	0.00	0.00	0.00	0.00	0.00	0.00	0.00	0.00	25.16	22.59	0.00	1.01	0.00	0.00
763	18.60	4088	3108	0.91	33	0	0	0	2	1	25	0	2	0	0	0.00	0.00	0.46	0.88	71.07	0.00	7.64	0.00	0.00	22.94	1.45	57.02	0.00	74	0	74	140.06	93.74	0.00	0.00	0.00	0.00	0.00	0.00	0.00	0.00	0.00	0.00	0.00	25.14	21.75	0.00	0.99	0.00	0.00
772	18.91	4082	3097	0.91	28	0	0	0	2	0	24	0	2	0	0	0.00	0.00	0.88	0.00	70.86	0.00	7.84	0.00	0.00	23.22	0.00	57.87	0.00	74	0	74	143.35	93.69	0.00	0.00	0.00	0.00	0.00	0.00	0.00	0.00	0.00	0.00	0.00	25.81	22.80	0.00	1.03	0.00	0.00
760	18.68	4085	3082	0.92	26	0	0	0	2	5	26	0	1	0	0	0.00	0.00	0.13	0.84	75.41	0.00	3.33	0.00	0.00	23.01	0.00	58.31	0.00	74	0	74	141.75	93.84	0.00	0.00	0.00	0.00	0.00	0.00	0.00	0.00	0.00	0.00	0.00	26.91	23.10	0.00	1.03	0.00	0.00
638	16.80	4089	2873	0.92	25	0	1	1	0	2	39	0	6	0	1	0.04	0.04	0.00	1.08	66.28	0.00	8.54	0.00	0.38	12.81	0.69	69.70	0.00	74	0	74	69.47	46.43	0.00	0.00	0.00	0.00	0.00	0.00	0.00	0.00	0.00	0.00	0.00	11.18	10.32	0.00	0.44	0.00	0.00
729	16.42	4087	3365	0.91	60	0	0	0	1	1	24	0	11	0	0	0.00	0.00	0.10	0.62	58.65	0.00	30.03	0.00	0.00	26.47	0.00	57.12	0.00	75	0	75	181.48	145.11	0.00	0.00	0.00	0.00	0.00	0.00	0.00	0.00	0.00	0.00	0.00	34.66	33.42	0.00	1.50	0.00	0.00
715	16.94	4089	3198	0.91	33	0	1	1	0	2	28	0	6	0	0	0.00	0.05	0.00	1.31	71.82	0.00	11.28	0.00	0.00	22.91	1.26	57.97	0.93	76	0	76	150.60	113.47	0.00	0.00	0.00	0.00	0.00	0.00	0.00	0.00	0.00	0.00	0.00	34.11	25.38	0.00	1.44	0.00	0.00
712	17.40	4089	3097	0.91	33	0	0	0	1	1	25	0	7	0	0	0.00	0.00	0.17	0.70	62.31	0.00	17.95	0.00	0.00	20.86	1.11	54.73	5.90	75	0	75	130.76	93.79	0.00	0.00	0.00	0.00	0.00	0.00	0.00	0.00	0.00	0.00	0.00	25.02	21.83	0.00	1.01	0.00	0.00
759	18.48	4089	3110	0.92	34	0	0	1	0	1	26	0	1	0	0	0.00	0.06	0.00	0.88	74.79	0.00	4.13	0.00	0.00	23.09	1.45	56.98	0.00	75	0	75	140.10	92.88	0.00	0.00	0.00	0.00	0.00	0.00	0.00	0.00	0.00	0.00	0.00	25.54	22.96	0.00	0.99	0.00	0.00
697	17.08	4086	3094	0.92	25	0	0	0	1	1	27	0	5	0	0	0.00	0.00	0.35	0.83	67.54	0.00	12.92	0.00	0.00	21.37	0.00	61.55	0.00	75	0	75	131.22	94.05	0.00	0.00	0.00	0.00	0.00	0.00	0.00	0.00	0.00	0.00	0.00	24.65	21.48	0.00	1.01	0.00	0.00
663	16.23	4085	3097	0.93	35	0	0	0	1	4	34	0	6	0	0	0.00	0.00	0.08	0.44	73.02	0.00	9.07	0.00	0.00	20.56	0.00	62.10	1.11	75	0	75	125.41	94.23	0.00	0.00	0.00	0.00	0.00	0.00	0.00	0.00	0.00	0.00	0.00	24.47	21.27	0.00	1.00	0.00	0.00
764	18.72	4084	3094	0.91	42	0	0	0	1	1	24	0	1	0	0	0.00	0.00	0.53	1.16	74.57	0.00	3.59	0.00	0.00	22.87	0.00	58.41	0.00	75	0	75	141.68	93.83	0.00	0.00	0.00	0.00	0.00	0.00	0.00	0.00	0.00	0.00	0.00	24.76	22.25	0.00	0.99	0.00	0.00
771	18.85	4084	3099	0.91	25	0	0	0	1	1	24	0	2	0	0	0.00	0.00	0.50	1.13	71.39	0.00	6.59	0.00	0.00	23.03	0.00	58.11	0.00	75	0	75	142.45	94.30	0.00	0.00	0.00	0.00	0.00	0.00	0.00	0.00	0.00	0.00	0.00	26.39	23.22	0.00	1.01	0.00	0.00
763	18.72	4086	3091	0.92	26	0	0	0	1	1	23	0	2	0	0	0.00	0.00	0.40	1.04	71.62	0.00	6.51	0.00	0.00	22.78	0.00	58.50	0.00	75	0	75	141.55	94.15	0.00	0.00	0.00	0.00	0.00	0.00	0.00	0.00	0.00	0.00	0.00	26.11	22.52	0.00	1.02	0.00	0.00
770	18.80	4085	3104	0.92	25	0	0	0	1	1	23	0	2	0	0	0.00	0.00	0.51	1.14	70.37	0.00	7.88	0.00	0.00	23.22	0.00	57.98	0.00	75	0	75	142.68	93.87	0.00	0.00	0.00	0.00	0.00	0.00	0.00	0.00	0.00	0.00	0.00	25.87	22.95	0.00	1.01	0.00	0.00
756	18.53	4085	3091	0.92	25	0	0	1	1	3	27	0	1	0	0	0.00	0.03	0.17	0.60	75.42	0.00	3.52	0.00	0.00	24.04	0.00	57.42	0.00	75	0	75	140.91	93.74	0.00	0.00	0.00	0.00	0.00	0.00	0.00	0.00	0.00	0.00	0.00	25.43	21.86	0.00	1.01	0.00	0.00
768	18.77	4085	3099	0.92	25	0	0	0	1	1	24	0	1	0	0	0.00	0.00	0.57	1.21	74.51	0.00	3.52	0.00	0.00	23.31	0.00	57.92	0.00	75	0	75	142.48	93.86	0.00	0.00	0.00	0.00	0.00	0.00	0.00	0.00	0.00	0.00	0.00	26.31	23.20	0.00	1.00	0.00	0.00
696	17.01	4086	3097	0.92	25	0	0	1	1	3	31	0	2	0	0	0.00	0.02	0.25	1.10	74.58	0.00	5.74	0.00	0.00	21.82	0.00	61.17	0.00	75	0	75	130.71	94.03	0.00	0.00	0.00	0.00	0.00	0.00	0.00	0.00	0.00	0.00	0.00	24.68	21.63	0.00	0.99	0.00	0.00
767	18.79	4084	3093	0.92	33	0	0	0	1	3	24	0	1	0	0	0.00	0.00	0.30	1.44	73.84	0.00	4.11	0.00	0.00	23.17	0.00	58.04	0.00	76	0	76	142.40	93.88	0.00	0.00	0.00	0.00	0.00	0.00	0.00	0.00	0.00	0.00	0.00	25.61	22.49	0.00	1.02	0.00	0.00
764	18.80	4086	3078	0.91	25	0	0	1	1	3	23	0	1	0	0	0.00	0.07	0.37	1.53	73.35	0.00	4.15	0.00	0.00	23.22	0.00	57.98	0.00	75	0	75	142.74	93.87	0.00	0.00	0.00	0.00	0.00	0.00	0.00	0.00	0.00	0.00	0.00	27.15	23.16	0.00	1.02	0.00	0.00
767	18.69	4091	3104	0.92	26	0	0	1	1	1	23	0	2	0	0	0.00	0.07	0.17	1.00	71.49	0.00	7.45	0.00	0.00	22.26	1.82	57.23	0.00	75	0	75	142.11	94.21	0.00	0.00	0.00	0.00	0.00	0.00	0.00	0.00	0.00	0.00	0.00	25.54	22.36	0.00	1.02	0.00	0.00
658	16.07	4090	3100	0.93	25	0	0	1	1	1	32	0	7	0	0	0.00	0.00	0.18	0.56	67.03	0.00	15.21	0.00	0.00	20.23	0.93	49.54	13.23	75	0	75	124.20	94.16	0.00	0.00	0.00	0.00	0.00	0.00	0.00	0.00	0.00	0.00	0.00	24.02	20.86	0.00	1.00	0.00	0.00
760	18.63	4090	3089	0.92	41	0	0	1	1	1	22	0	3	0	0	0.00	0.00	0.20	0.93	67.31	0.00	11.30	0.00	0.00	22.35	1.54	51.15	6.32	75	0	75	141.37	93.50	0.00	0.00	0.00	0.00	0.00	0.00	0.00	0.00	0.00	0.00	0.00	26.79	24.08	0.00	0.99	0.00	0.00
659	16.13	4090	3093	0.93	26	0	0	0	1	1	32	0	8	0	0	0.00	0.00	0.14	0.56	65.35	0.00	16.73	0.00	0.00	20.10	1.01	59.06	3.70	75	0	75	124.75	94.41	0.00	0.00	0.00	0.00	0.00	0.00	0.00	0.00	0.00	0.00	0.00	23.54	20.10	0.00	1.01	0.00	0.00
763	18.58	4089	3110	0.92	42	0	0	0	1	1	23	0	3	0	0	0.00	0.00	0.10	0.91	71.22	0.00	7.89	0.00	0.00	22.25	1.62	50.71	6.83	75	0	75	141.00	93.90	0.00	0.00	0.00	0.00	0.00	0.00	0.00	0.00	0.00	0.00	0.00	25.91	23.73	0.00	0.97	0.00	0.00
771	18.90	4085	3094	0.91	25	0	0	0	1	1	21	0	4	0	0	0.00	0.00	0.48	1.13	66.91	0.00	11.41	0.00	0.00	22.90	0.00	58.20	0.00	75	0	75	142.79	94.28	0.00	0.00	0.00	0.00	0.00	0.00	0.00	0.00	0.00	0.00	0.00	26.77	22.58	0.00	1.04	0.00	0.00
766	18.71	4083	3102	0.92	27	0	0	1	0	5	28	0	1	0	0	0.00	0.07	0.00	0.90	75.56	0.00	3.39	0.00	0.00	24.01	0.00	57.27	0.00	75	0	75	142.46	93.66	0.00	0.00	0.00	0.00	0.00	0.00	0.00	0.00	0.00	0.00	0.00	25.52	23.01	0.00	1.01	0.00	0.00
634	16.76	4086	2866	0.92	25	0	0	0	2	3	39	0	7	0	0	0.00	0.00	0.27	0.70	64.93	0.00	10.38	0.00	0.00	13.50	0.00	69.74	0.00	75	0	75	70.93	48.11	0.00	0.00	0.00	0.00	0.00	0.00	0.00	0.00	0.00	0.00	0.00	11.98	10.98	0.00	0.44	0.00	0.00
753	16.87	4087	3381	0.91	58	0	0	0	1	1	24	0	11	0	0	0.00	0.00	0.28	0.76	58.97	0.00	29.52	0.00	0.00	26.87	0.00	56.26	0.00	76	0	76	181.45	143.91	0.00	0.00	0.00	0.00	0.00	0.00	0.00	0.00	0.00	0.00	0.00	34.85	33.50	0.00	1.53	0.00	0.00
707	17.46	4085	3068	0.91	34	0	0	1	1	1	32	0	2	0	0	0.00	0.00	0.20	0.12	76.74	0.00	3.55	0.00	0.00	20.35	0.00	62.19	0.00	76	0	76	127.82	91.57	0.00	0.00	0.00	0.00	0.00	0.00	0.00	0.00	0.00	0.00	0.00	24.17	21.02	0.00	0.99	0.00	0.00
736	17.36	4087	3211	0.90	33	0	0	0	2	2	30	0	4	0	0	0.00	0.00	0.36	1.37	75.80	0.00	7.04	0.00	0.00	22.53	1.30	58.81	0.00	76	0	76	153.04	116.02	0.00	0.00	0.00	0.00	0.00	0.00	0.00	0.00	0.00	0.00	0.00	35.28	26.45	0.00	1.45	0.00	0.00
714	17.47	4088	3095	0.91	33	0	0	1	1	1	27	0	6	0	0	0.00	0.05	0.25	0.74	67.32	0.00	12.88	0.00	0.00	20.86	1.25	60.42	0.00	77	0	77	131.02	94.03	0.00	0.00	0.00	0.00	0.00	0.00	0.00	0.00	0.00	0.00	0.00	25.22	22.05	0.00	1.00	0.00	0.00
699	17.09	4090	3098	0.93	33	0	0	0	1	1	28	0	4	0	0	0.00	0.00	0.08	0.68	72.52	0.00	8.60	0.00	0.00	21.04	1.08	60.79	0.00	76	0	76	131.38	94.06	0.00	0.00	0.00	0.00	0.00	0.00	0.00	0.00	0.00	0.00	0.00	24.70	21.55	0.00	1.01	0.00	0.00
703	17.21	4088	3095	0.92	33	0	1	0	1	1	27	0	5	0	0	0.08	0.00	0.18	0.70	66.41	0.00	14.22	0.00	0.00	20.97	1.15	54.63	6.03	76	0	76	131.37	94.40	0.00	0.00	0.00	0.00	0.00	0.00	0.00	0.00	0.00	0.00	0.00	25.23	22.04	0.00	1.01	0.00	0.00
759	18.46	4090	3113	0.93	33	0	0	1	1	1	23	0	3	0	0	0.00	0.06	0.23	1.00	70.51	0.00	8.55	0.00	0.00	22.46	1.65	57.43	0.00	76	0	76	140.18	93.53	0.00	0.00	0.00	0.00	0.00	0.00	0.00	0.00	0.00	0.00	0.00	24.95	22.71	0.00	0.98	0.00	0.00
668	16.37	4086	3092	0.93	26	0	0	0	1	0	32	0	7	0	0	0.00	0.00	0.29	0.00	66.79	0.00	15.54	0.00	0.00	20.29	0.00	63.34	0.00	76	0	76	126.15	95.03	0.00	0.00	0.00	0.00	0.00	0.00	0.00	0.00	0.00	0.00	0.00	24.35	20.61	0.00	1.02	0.00	0.00
699	17.07	4088	3101	0.95	41	0	0	1	1	1	25	0	8	0	0	0.00	0.00	0.17	0.71	61.49	0.00	19.38	0.00	0.00	20.96	1.15	50.01	10.80	76	0	76	130.84	94.55	0.00	0.00	0.00	0.00	0.00	0.00	0.00	0.00	0.00	0.00	0.00	24.37	22.48	0.00	0.98	0.00	0.00
704	17.31	4086	3081	0.93	33	0	0	0	1	0	27	0	5	0	0	0.00	0.00	0.33	0.00	67.11	0.00	13.89	0.00	0.00	21.15	0.00	61.55	0.00	76	0	76	132.40	94.83	0.00	0.00	0.00	0.00	0.00	0.00	0.00	0.00	0.00	0.00	0.00	25.43	20.93	0.00	1.03	0.00	0.00
701	17.14	4090	3097	0.93	34	0	0	1	1	1	26	0	6	0	0	0.00	0.00	0.10	0.72	66.22	0.00	14.66	0.00	0.00	20.86	1.30	50.17	10.53	76	0	76	131.57	94.38	0.00	0.00	0.00	0.00	0.00	0.00	0.00	0.00	0.00	0.00	0.00	25.04	21.88	0.00	1.01	0.00	0.00
641	16.84	4088	2881	0.92	33	0	1	0	1	1	28	0	19	0	0	0.04	0.00	0.10	0.37	46.90	0.00	28.99	0.00	0.00	12.83	0.72	48.66	20.94	77	0	77	69.32	46.48	0.00	0.00	0.00	0.00	0.00	0.00	0.00	0.00	0.00	0.00	0.00	11.51	10.46	0.00	0.45	0.00	0.00
725	16.44	4085	3344	0.90	58	0	0	0	1	1	27	0	8	0	0	0.00	0.00	0.30	0.76	66.57	0.00	21.24	0.00	0.00	26.88	0.00	56.67	0.00	76	0	76	181.02	144.04	0.00	0.00	0.00	0.00	0.00	0.00	0.00	0.00	0.00	0.00	0.00	33.74	32.96	0.00	1.49	0.00	0.00
764	17.84	4086	3247	0.90	33	0	0	1	1	2	23	0	5	0	0	0.00	0.06	0.12	1.83	69.59	0.00	12.98	0.00	0.00	24.45	1.85	55.86	0.00	76	0	76	163.45	118.97	0.00	0.00	0.00	0.00	0.00	0.00	0.00	0.00	0.00	0.00	0.00	38.44	28.68	0.00	1.52	0.00	0.00
680	16.69	4087	3086	0.92	25	0	0	0	1	1	27	0	11	0	0	0.00	0.00	0.24	0.63	61.84	0.00	19.34	0.00	0.00	19.85	0.00	60.65	2.81	76	0	76	125.98	94.48	0.00	0.00	0.00	0.00	0.00	0.00	0.00	0.00	0.00	0.00	0.00	24.37	20.78	0.00	1.02	0.00	0.00
644	16.86	4089	2890	0.92	41	0	1	0	1	1	25	0	22	0	0	0.04	0.00	0.12	0.42	41.52	0.00	34.56	0.00	0.00	12.95	0.75	44.79	24.66	77	0	77	69.84	47.39	0.00	0.00	0.00	0.00	0.00	0.00	0.00	0.00	0.00	0.00	0.00	11.73	10.89	0.00	0.45	0.00	0.00
727	16.46	4085	3349	0.91	57	0	0	0	1	0	26	0	10	0	0	0.00	0.00	0.33	0.00	61.94	0.00	27.01	0.00	0.00	26.96	0.00	56.58	0.00	76	0	76	181.74	144.61	0.00	0.00	0.00	0.00	0.00	0.00	0.00	0.00	0.00	0.00	0.00	34.22	33.30	0.00	1.50	0.00	0.00
714	17.55	4086	3083	0.90	33	0	0	0	2	1	31	0	3	0	0	0.00	0.00	0.27	0.12	74.36	0.00	6.11	0.00	0.00	20.67	0.00	61.78	0.00	76	0	76	130.16	93.54	0.00	0.00	0.00	0.00	0.00	0.00	0.00	0.00	0.00	0.00	0.00	25.67	21.76	0.00	1.02	0.00	0.00
601	16.01	4088	2842	0.95	33	0	0	0	2	1	36	0	22	0	3	0.00	0.00	0.22	0.31	41.67	0.00	25.52	0.00	8.55	21.53	0.00	46.38	16.08	76	0	76	95.76	75.76	0.00	0.00	0.00	0.00	0.00	0.00	0.00	0.00	0.00	0.00	0.00	18.99	14.79	0.00	0.81	0.00	0.00
723	15.22	4087	3597	0.92	77	0	0	1	0	2	20	0	16	0	0	0.00	0.03	0.00	1.38	50.18	0.00	45.40	0.00	0.00	19.21	2.08	54.42	9.07	68	0	67	171.06	134.21	0.00	0.00	0.00	0.00	0.00	0.00	0.00	0.00	0.00	0.00	0.00	34.90	34.03	0.00	1.51	0.00	0.00
701	17.12	4090	3102	0.92	35	0	0	1	1	3	23	0	7	0	0	0.00	0.05	0.15	2.12	60.76	0.00	18.75	0.00	0.00	21.04	2.63	53.23	5.98	69	0	69	132.07	94.47	0.00	0.00	0.00	0.00	0.00	0.00	0.00	0.00	0.00	0.00	0.00	25.05	22.15	0.00	1.01	0.00	0.00
707	17.32	4089	3088	0.93	34	0	0	2	0	3	25	0	5	0	0	0.00	0.12	0.00	1.92	63.06	0.00	15.90	0.00	0.00	21.46	2.45	52.72	6.04	70	0	69	132.23	93.26	0.00	0.00	0.00	0.00	0.00	0.00	0.00	0.00	0.00	0.00	0.00	24.82	21.25	0.00	1.01	0.00	0.00
771	17.30	4089	3373	0.92	35	0	0	1	1	3	20	0	6	0	0	0.00	0.03	0.20	2.81	65.11	0.00	20.12	0.00	0.00	21.54	3.17	52.27	5.73	70	0	70	160.28	114.56	0.00	0.00	0.00	0.00	0.00	0.00	0.00	0.00	0.00	0.00	0.00	32.91	29.30	0.00	1.33	0.00	0.00
627	19.37	4088	2452	0.93	26	0	0	0	1	7	34	0	6	0	0	0.00	0.00	0.04	1.15	51.88	0.00	9.95	0.00	0.00	14.61	1.03	62.38	2.61	70	0	70	79.39	52.56	0.00	0.00	0.00	0.00	0.00	0.00	0.00	0.00	0.00	0.00	0.00	11.76	9.90	0.00	0.46	0.00	0.00
716	13.90	4087	3902	0.92	59	0	0	0	2	2	28	0	13	0	0	0.00	0.00	0.26	1.07	72.99	0.00	32.85	0.00	0.00	25.71	0.00	54.20	6.18	71	0	71	152.47	121.01	0.00	0.00	0.00	0.00	0.00	0.00	0.00	0.00	0.00	0.00	0.00	38.06	32.48	0.00	1.67	0.00	0.00
705	17.01	4088	3138	0.92	34	0	0	1	0	3	26	0	6	0	0	0.00	0.05	0.00	2.21	65.53	0.00	14.80	0.00	0.00	20.85	3.68	52.67	5.80	72	0	71	132.20	95.79	0.00	0.00	0.00	0.00	0.00	0.00	0.00	0.00	0.00	0.00	0.00	25.17	22.49	0.00	1.00	0.00	0.00
713	17.46	4085	3095	0.92	34	0	0	0	1	7	28	0	4	0	0	0.00	0.00	0.18	2.16	67.61	0.00	11.28	0.00	0.00	21.69	1.54	59.32	0.00	72	0	72	134.51	96.22	0.00	0.00	0.00	0.00	0.00	0.00	0.00	0.00	0.00	0.00	0.00	24.64	21.68	0.00	1.01	0.00	0.00
696	17.06	4087	3091	0.92	33	0	0	2	0	3	26	0	5	0	0	0.00	0.05	0.00	1.84	66.91	0.00	12.76	0.00	0.00	20.74	2.42	59.78	0.00	73	0	73	128.83	91.96	0.00	0.00	0.00	0.00	0.00	0.00	0.00	0.00	0.00	0.00	0.00	24.91	21.52	0.00	1.00	0.00	0.00
700	18.13	3825	3124	0.93	35	0	0	0	2	5	28	0	4	0	0	0.00	0.00	0.46	2.05	71.20	0.00	8.76	0.00	0.00	20.86	1.51	59.50	0.00	72	0	71	140.17	99.58	0.00	0.00	0.00	0.00	0.00	0.00	0.00	0.00	0.00	0.00	0.00	22.85	19.40	0.00	1.02	0.00	0.00
698	18.49	3800	3078	0.93	34	0	0	1	1	5	32	0	1	0	0	0.00	0.03	0.08	1.60	76.21	0.00	3.23	0.00	0.00	20.30	1.35	59.85	0.00	71	0	71	138.42	97.95	0.00	0.00	0.00	0.00	0.00	0.00	0.00	0.00	0.00	0.00	0.00	21.44	18.42	0.00	1.01	0.00	0.00
702	18.41	3800	3106	0.93	34	0	0	1	1	3	28	0	2	0	0	0.00	0.03	0.23	2.20	73.17	0.00	6.33	0.00	0.00	19.81	2.53	59.26	0.00	71	0	71	141.62	100.85	0.00	0.00	0.00	0.00	0.00	0.00	0.00	0.00	0.00	0.00	0.00	21.76	18.59	0.00	1.01	0.00	0.00
696	18.38	3800	3083	0.93	34	0	0	2	1	5	31	0	2	0	0	0.00	0.10	0.07	1.77	73.12	0.00	6.32	0.00	0.00	20.29	1.39	59.94	0.00	71	0	71	139.21	98.78	0.00	0.00	0.00	0.00	0.00	0.00	0.00	0.00	0.00	0.00	0.00	20.74	17.12	0.00	1.01	0.00	0.00
774	18.66	3800	3379	0.92	33	0	0	1	1	3	23	0	2	0	0	0.00	0.03	0.30	2.92	78.12	0.00	7.51	0.00	0.00	20.00	3.03	58.31	0.00	71	0	71	174.99	124.44	0.00	0.00	0.00	0.00	0.00	0.00	0.00	0.00	0.00	0.00	0.00	28.82	25.04	0.00	1.35	0.00	0.00
700	19.79	3800	2883	0.93	27	0	0	0	4	5	31	0	1	0	0	0.00	0.00	0.67	2.66	68.30	0.00	3.18	0.00	0.00	22.52	3.52	54.17	0.00	71	0	71	119.45	78.10	0.00	0.00	0.00	0.00	0.00	0.00	0.00	0.00	0.00	0.00	0.00	16.36	13.56	0.00	0.76	0.00	0.00
771	18.57	3800	3383	0.92	36	0	0	1	1	3	23	0	2	0	0	0.00	0.00	0.37	3.05	78.06	0.00	7.58	0.00	0.00	20.04	3.07	58.31	0.00	71	0	71	177.68	125.15	0.00	0.00	0.00	0.00	0.00	0.00	0.00	0.00	0.00	0.00	0.00	28.79	25.43	0.00	1.35	0.00	0.00
627	20.90	3800	2444	0.93	27	0	0	2	1	8	36	0	3	0	4	0.00	0.04	0.04	1.34	55.10	0.00	5.58	0.00	0.42	13.78	1.07	64.25	0.00	71	0	71	84.14	54.88	0.00	0.00	0.00	0.00	0.00	0.00	0.00	0.00	0.00	0.00	0.00	10.07	8.37	0.00	0.45	0.00	0.00
726	15.17	3800	3900	0.92	58	0	0	0	2	2	25	0	14	0	0	0.00	0.00	0.47	1.64	68.60	0.00	36.32	0.00	0.00	23.15	0.00	55.61	6.07	71	0	71	169.96	134.28	0.00	0.00	0.00	0.00	0.00	0.00	0.00	0.00	0.00	0.00	0.00	34.70	28.25	0.00	1.76	0.00	0.00
744	17.66	3800	3435	0.91	32	0	0	1	1	1	23	0	5	0	0	0.00	0.03	0.29	1.04	73.69	0.00	16.38	0.00	0.00	22.77	0.00	59.57	0.00	71	0	71	164.79	117.32	0.00	0.00	0.00	0.00	0.00	0.00	0.00	0.00	0.00	0.00	0.00	28.45	24.96	0.00	1.31	0.00	0.00
712	20.05	3800	2895	0.91	25	0	0	0	0	1	29	0	2	0	0	0.00	0.00	0.00	0.57	71.03	0.00	3.28	0.00	0.00	20.09	0.00	59.86	0.00	71	0	71	118.34	77.45	0.00	0.00	0.00	0.00	0.00	0.00	0.00	0.00	0.00	0.00	0.00	16.00	13.59	0.00	0.73	0.00	0.00
710	18.52	3800	3124	0.92	33	0	0	1	1	5	33	0	1	0	0	0.00	0.05	0.07	2.12	77.91	0.00	2.20	0.00	0.00	19.67	2.97	58.84	0.00	70	0	71	142.87	103.01	0.00	0.00	0.00	0.00	0.00	0.00	0.00	0.00	0.00	0.00	0.00	20.80	18.56	0.00	1.01	0.00	0.00
720	18.84	3800	3116	0.92	33	0	0	1	1	3	27	0	3	0	0	0.00	0.05	0.23	2.26	71.83	0.00	7.42	0.00	0.00	19.46	2.58	59.12	0.00	71	0	71	141.95	101.06	0.00	0.00	0.00	0.00	0.00	0.00	0.00	0.00	0.00	0.00	0.00	21.09	17.99	0.00	1.01	0.00	0.00
760	18.59	3800	3329	0.92	33	0	0	2	1	5	28	0	1	0	0	0.00	0.13	0.10	2.32	84.83	0.00	0.27	0.00	0.00	20.79	1.72	58.90	0.00	71	0	71	171.00	121.16	0.00	0.00	0.00	0.00	0.00	0.00	0.00	0.00	0.00	0.00	0.00	28.21	24.15	0.00	1.34	0.00	0.00
655	19.12	3800	2791	0.95	27	0	0	1	1	3	32	0	3	0	0	0.00	0.02	0.20	1.77	65.75	0.00	5.26	0.00	0.00	20.62	2.23	55.57	2.45	71	0	71	101.39	66.92	0.00	0.00	0.00	0.00	0.00	0.00	0.00	0.00	0.00	0.00	0.00	13.27	11.12	0.00	0.59	0.00	0.00
701	17.17	3800	3324	0.93	42	0	0	1	1	3	33	0	0	0	0	0.00	0.03	0.26	1.61	87.19	0.00	0.00	0.00	0.00	18.99	1.53	62.30	0.00	71	0	71	159.83	120.54	0.00	0.00	0.00	0.00	0.00	0.00	0.00	0.00	0.00	0.00	0.00	25.50	21.80	0.00	1.30	0.00	0.00
759	18.71	3800	3303	0.93	33	0	0	1	1	2	20	0	6	0	0	0.00	0.03	0.45	1.87	64.48	0.00	19.97	0.00	0.00	19.56	3.08	51.42	7.24	71	0	71	168.33	118.94	0.00	0.00	0.00	0.00	0.00	0.00	0.00	0.00	0.00	0.00	0.00	27.46	23.40	0.00	1.30	0.00	0.00
652	18.99	3800	2798	0.94	26	0	0	1	1	4	28	0	6	0	0	0.00	0.04	0.22	1.50	59.62	0.00	11.94	0.00	0.00	20.83	1.39	58.79	0.00	71	0	71	101.72	67.70	0.00	0.00	0.00	0.00	0.00	0.00	0.00	0.00	0.00	0.00	0.00	13.47	11.60	0.00	0.60	0.00	0.00
705	17.30	3800	3318	0.93	42	0	0	0	2	0	25	0	8	0	0	0.00	0.00	0.79	0.00	66.04	0.00	21.92	0.00	0.00	19.18	0.00	54.06	9.46	71	0	71	160.49	120.30	0.00	0.00	0.00	0.00	0.00	0.00	0.00	0.00	0.00	0.00	0.00	25.63	22.26	0.00	1.28	0.00	0.00
698	18.54	3800	3066	0.92	33	0	0	1	2	4	28	0	5	0	0	0.00	0.05	0.35	1.20	67.25	0.00	11.94	0.00	0.00	20.32	1.41	56.72	3.00	71	0	71	137.18	96.74	0.00	0.00	0.00	0.00	0.00	0.00	0.00	0.00	0.00	0.00	0.00	21.45	17.34	0.00	1.01	0.00	0.00
700	18.33	3800	3110	0.93	33	0	0	1	1	3	27	0	3	0	0	0.00	0.03	0.23	2.23	72.24	0.00	7.41	0.00	0.00	19.93	2.58	59.16	0.00	71	0	71	141.99	101.17	0.00	0.00	0.00	0.00	0.00	0.00	0.00	0.00	0.00	0.00	0.00	21.24	18.56	0.00	1.02	0.00	0.00
696	18.39	3800	3083	0.93	33	0	0	2	1	5	30	0	3	0	0	0.00	0.08	0.08	1.75	71.36	0.00	8.13	0.00	0.00	20.28	1.39	59.94	0.00	71	0	71	138.66	98.60	0.00	0.00	0.00	0.00	0.00	0.00	0.00	0.00	0.00	0.00	0.00	21.45	17.54	0.00	0.99	0.00	0.00
699	17.96	3906	3085	0.94	34	0	0	1	1	3	27	0	3	0	0	0.00	0.05	0.25	2.23	70.37	0.00	8.50	0.00	0.00	20.42	2.56	59.06	0.00	71	0	71	139.10	99.20	0.00	0.00	0.00	0.00	0.00	0.00	0.00	0.00	0.00	0.00	0.00	20.88	18.36	0.00	1.01	0.00	0.00
697	17.06	4089	3094	0.93	34	0	0	0	2	3	28	0	2	0	0	0.00	0.00	0.27	2.05	72.93	0.00	6.39	0.00	0.00	21.18	2.36	59.40	0.00	72	0	72	130.80	93.74	0.00	0.00	0.00	0.00	0.00	0.00	0.00	0.00	0.00	0.00	0.00	24.78	21.70	0.00	1.01	0.00	0.00
702	17.12	4090	3103	0.93	33	0	0	1	1	3	27	0	3	0	0	0.00	0.05	0.20	2.12	71.49	0.00	7.92	0.00	0.00	21.30	2.58	59.01	0.00	73	0	73	132.20	94.35	0.00	0.00	0.00	0.00	0.00	0.00	0.00	0.00	0.00	0.00	0.00	24.97	21.96	0.00	0.99	0.00	0.00
760	17.19	4089	3345	0.92	34	0	0	1	1	3	19	0	7	0	0	0.00	0.03	0.13	2.58	61.90	0.00	23.25	0.00	0.00	21.06	2.89	52.73	6.13	73	0	73	157.27	112.52	0.00	0.00	0.00	0.00	0.00	0.00	0.00	0.00	0.00	0.00	0.00	31.84	27.68	0.00	1.32	0.00	0.00
704	18.26	4085	2921	0.93	26	0	0	0	2	4	28	0	4	0	0	0.00	0.00	0.30	1.10	65.86	0.00	8.63	0.00	0.00	23.09	0.00	58.66	0.00	73	0	73	116.61	77.27	0.00	0.00	0.00	0.00	0.00	0.00	0.00	0.00	0.00	0.00	0.00	19.54	17.88	0.00	0.75	0.00	0.00
705	17.31	4085	3087	0.93	35	0	0	0	2	4	27	0	3	0	0	0.00	0.00	0.60	1.92	69.76	0.00	8.77	0.00	0.00	21.86	1.56	59.27	0.00	73	0	73	130.62	93.11	0.00	0.00	0.00	0.00	0.00	0.00	0.00	0.00	0.00	0.00	0.00	24.98	21.35	0.00	1.00	0.00	0.00
824	18.35	4085	3405	0.90	34	0	0	0	1	2	24	0	3	0	0	0.00	0.00	0.54	1.83	73.89	0.00	12.04	0.00	0.00	22.48	0.00	59.18	0.00	73	0	73	165.63	118.49	0.00	0.00	0.00	0.00	0.00	0.00	0.00	0.00	0.00	0.00	0.00	33.96	29.76	0.00	1.37	0.00	0.00
799	20.64	4047	2962	0.67	25	0	0	0	9	7	48	0	0	0	0	0.00	0.00	2.75	3.35	66.55	0.00	0.00	0.00	0.00	36.26	1.57	41.52	0.00	68	0	68	145.07	83.44	0.00	0.00	0.00	0.00	0.00	0.00	0.00	0.00	0.00	0.00	0.00	24.18	22.08	0.00	1.20	0.00	0.00
795	20.18	4030	3025	0.72	26	0	0	4	17	4	37	0	0	0	0	0.00	0.97	17.78	3.53	52.22	0.00	0.00	0.00	0.00	49.62	4.34	25.85	0.00	65	0	66	158.84	87.43	0.00	0.00	0.00	0.00	0.00	0.00	0.00	0.00	0.00	0.00	0.00	33.27	24.50	0.00	1.49	0.00	0.00
927	22.31	3999	3217	0.63	33	0	0	24	49	20	37	0	0	0	0	0.00	2.92	7.91	14.09	51.01	0.00	0.00	0.00	0.00	43.73	9.21	24.75	0.00	66	0	66	154.89	80.03	0.00	0.00	0.00	0.00	0.00	0.00	0.00	0.00	0.00	0.00	0.00	25.58	25.55	0.00	1.17	0.00	0.00
892	21.64	3934	3245	0.69	25	0	0	17	37	13	24	0	0	0	0	0.00	20.62	23.20	6.78	30.40	0.00	0.00	0.00	0.00	65.46	4.67	8.23	0.00	66	0	66	190.15	97.44	0.00	0.00	0.00	0.00	0.00	0.00	0.00	0.00	0.00	0.00	0.00	31.96	29.57	0.00	1.21	0.00	0.00
477	12.07	3995	3061	0.82	24	0	0	0	5	2	23	0	0	0	0	0.00	0.00	3.78	4.82	77.91	0.00	0.00	0.00	0.00	19.92	4.02	63.99	0.00	64	0	64	104.77	60.06	0.00	0.00	3.30	25.83	0.00	0.00	0.00	0.00	0.00	0.00	0.00	21.57	15.81	0.00	1.23	0.00	0.00
326	8.12	3990	3115	0.86	24	0	0	0	2	3	26	0	0	0	0	0.00	0.00	0.50	4.24	87.48	0.00	0.00	0.00	0.00	14.43	2.05	75.40	0.00	63	0	64	67.36	60.25	0.00	0.00	4.10	25.87	0.00	0.00	0.00	0.00	0.00	0.00	0.00	15.14	13.05	0.00	1.09	0.00	0.00
312	7.86	3991	3078	0.86	25	0	0	0	2	2	27	0	0	0	0	0.00	0.00	0.74	2.44	87.79	0.00	0.00	0.00	0.00	14.43	2.03	75.67	0.00	63	0	63	62.16	58.05	0.00	0.00	1.99	25.71	0.00	0.00	0.00	0.00	0.00	0.00	0.00	15.27	11.06	0.00	1.02	0.00	0.00
321	7.96	3992	3123	0.88	25	0	0	0	2	1	28	0	0	0	0	0.00	0.00	0.91	1.39	90.03	0.00	0.00	0.00	0.00	14.14	2.46	75.43	0.00	63	0	63	64.57	59.57	0.00	0.00	3.69	24.55	0.00	0.00	0.00	0.00	0.00	0.00	0.00	14.36	11.66	0.00	1.03	0.00	0.00
329	8.32	3990	3069	0.84	25	0	0	0	1	1	29	0	0	0	0	0.00	0.00	0.37	1.14	88.92	0.00	0.00	0.00	0.00	15.48	1.64	74.56	0.00	62	0	62	63.00	57.59	0.00	0.00	6.10	25.01	0.00	0.00	0.00	0.00	0.00	0.00	0.00	13.69	10.25	0.00	1.02	0.00	0.00
351	8.71	3993	3123	0.84	25	0	0	0	0	2	27	0	2	0	0	0.00	0.00	0.00	1.72	82.09	0.00	7.89	0.00	0.00	15.26	1.62	74.41	0.00	63	0	63	73.84	59.42	0.00	0.00	4.63	26.13	0.00	0.00	0.00	0.00	0.00	0.00	0.00	14.68	11.82	0.00	1.09	0.00	0.00
307	7.72	3992	3089	0.88	25	0	0	0	0	1	25	0	4	0	0	0.00	0.00	0.00	0.61	77.75	0.00	13.63	0.00	0.00	14.32	0.00	77.96	0.00	63	0	62	63.44	58.44	0.00	0.00	5.37	25.86	0.00	0.00	0.00	0.00	0.00	0.00	0.00	16.05	12.23	0.00	1.02	0.00	0.00
318	7.99	3990	3089	0.88	25	0	0	0	1	1	26	0	3	0	0	0.00	0.00	0.23	0.87	80.05	0.00	10.16	0.00	0.00	14.54	0.00	77.47	0.00	63	0	62	63.02	58.20	0.00	0.00	6.02	24.93	0.00	0.00	0.00	0.00	0.00	0.00	0.00	13.89	10.52	0.00	1.04	0.00	0.00
352	9.76	3991	2797	0.81	25	0	0	0	1	1	35	0	3	0	0	0.00	0.00	0.33	0.90	72.50	0.00	7.48	0.00	0.00	15.15	0.00	75.09	0.00	62	0	62	61.93	56.65	0.00	0.00	6.86	23.77	0.00	0.00	0.00	0.00	0.00	0.00	0.00	12.22	9.53	0.00	0.90	0.00	0.00
804	18.71	3990	3334	0.82	62	0	0	3	9	10	47	0	1	0	0	0.00	6.30	10.11	5.65	61.93	0.00	1.79	0.00	0.00	40.43	5.07	35.78	0.00	64	0	64	145.48	93.07	0.00	0.00	0.00	0.00	0.00	0.00	0.00	0.00	0.00	0.00	0.00	25.70	24.20	0.00	1.36	0.00	0.00
701	23.31	3959	2353	0.93	25	0	0	0	3	2	30	0	0	0	0	0.00	0.00	0.72	1.88	54.80	0.00	0.00	0.00	0.00	22.60	2.51	51.57	0.00	64	0	64	127.40	78.33	0.00	0.00	0.00	0.00	0.00	0.00	0.00	0.00	0.00	0.00	0.00	17.01	14.50	0.00	0.80	0.00	0.00
451	8.68	3796	4240	0.80	34	0	1	1	2	3	42	0	0	0	0	0.07	0.00	1.15	1.90	122.13	0.00	0.00	0.00	0.00	19.46	2.21	69.66	0.00	62	0	64	124.13	96.01	0.00	0.00	1.38	12.82	0.00	0.00	0.00	0.00	0.00	0.00	0.00	31.62	24.53	0.00	2.08	0.00	0.00
328	8.87	3700	3098	0.83	27	0	0	0	1	0	32	0	1	0	0	0.00	0.00	0.56	0.00	87.20	0.00	3.59	0.00	0.00	15.78	0.00	75.35	0.00	62	0	62	68.99	61.16	0.00	0.00	6.07	24.60	0.00	0.00	0.00	0.00	0.00	0.00	0.00	12.64	9.86	0.00	1.05	0.00	0.00
303	8.57	3618	3029	0.87	33	0	0	0	1	1	28	0	1	0	0	0.00	0.00	0.38	1.03	84.24	0.00	3.88	0.00	0.00	14.32	0.00	77.11	0.00	61	0	62	68.45	60.75	0.00	0.00	3.94	25.67	0.00	0.00	0.00	0.00	0.00	0.00	0.00	11.24	8.21	0.00	1.01	0.00	0.00
292	8.57	3400	3103	0.87	25	0	0	0	1	2	29	0	2	0	0	0.00	0.00	0.35	0.76	82.87	0.00	7.85	0.00	0.00	13.31	0.00	78.11	0.00	61	0	62	68.57	64.24	0.00	0.00	2.10	24.82	0.00	0.00	0.00	0.00	0.00	0.00	0.00	10.65	8.42	0.00	0.97	0.00	0.00
300	8.85	3400	3088	0.88	24	0	0	0	0	2	28	0	0	0	0	0.00	0.00	0.00	1.74	89.35	0.00	0.00	0.00	0.00	13.43	1.68	76.04	0.00	60	0	61	70.32	64.82	0.00	0.00	2.57	27.60	0.00	0.00	0.00	0.00	0.00	0.00	0.00	9.65	7.15	0.00	0.98	0.00	0.00
278	8.56	3335	3018	0.88	25	0	0	0	3	0	28	0	1	0	0	0.00	0.00	1.08	0.00	87.66	0.00	0.52	0.00	0.00	14.71	0.00	76.73	0.00	60	0	61	68.74	63.76	0.00	0.00	2.67	24.99	0.00	0.00	0.00	0.00	0.00	0.00	0.00	9.69	6.67	0.00	0.94	0.00	0.00
284	9.12	3100	3113	0.88	25	0	0	0	2	1	24	0	7	0	0	0.00	0.00	0.72	0.69	72.92	0.00	17.23	0.00	0.00	14.47	0.00	76.42	0.00	60	0	60	73.59	67.42	0.00	0.00	5.67	21.35	0.00	0.00	0.00	0.00	0.00	0.00	0.00	12.45	7.33	0.00	1.21	0.00	0.00
275	8.90	3100	3088	0.88	33	0	0	0	0	1	30	0	1	0	0	0.00	0.00	0.00	0.82	89.88	0.00	0.36	0.00	0.00	13.84	1.41	75.85	0.00	59	0	60	71.09	65.60	0.00	0.00	3.58	24.51	0.00	0.00	0.00	0.00	0.00	0.00	0.00	7.95	5.83	0.00	0.92	0.00	0.00
271	9.26	3019	3001	0.88	24	0	0	0	1	1	27	0	3	0	0	0.00	0.00	0.29	0.72	81.95	0.00	5.16	0.00	0.00	13.39	0.00	77.36	0.00	59	0	60	73.32	67.12	0.00	0.00	3.64	23.86	0.00	0.00	0.00	0.00	0.00	0.00	0.00	8.44	6.64	0.00	0.87	0.00	0.00
