Avg_MHz	Busy%	Bzy_MHz	TSC_MHz	IPC	IRQ	SMI	POLL	C1	C1E	C3	C6	C7s	C8	C9	C10	POLL%	C1%	C1E%	C3%	C6%	C7s%	C8%	C9%	C10%	CPU%c1	CPU%c3	CPU%c6	CPU%c7	CoreTmp	CoreThr	PkgTmp	Totl%C0	Any%C0	GFX%C0	CPUGFX%	Pkg%pc2	Pkg%pc3	Pkg%pc6	Pkg%pc7	Pkg%pc8	Pkg%pc9	Pk%pc10	CPU%LPI	SYS%LPI	PkgWatt	CorWatt	GFXWatt	RAMWatt	PKG_%	RAM_%
415	27.76	1600	2893	0.80	89	0	0	9	5	6	36	0	5	0	0	0.00	8.70	1.90	6.11	43.61	0.00	7.48	0.00	0.00	33.53	4.17	34.55	0.00	56	0	56	154.30	95.59	0.00	0.00	0.00	0.00	0.00	0.00	0.00	0.00	0.00	0.00	0.00	6.72	3.55	0.00	1.15	0.00	0.00
336	19.29	1600	3372	0.81	69	0	0	0	2	3	57	0	2	0	0	0.00	0.00	0.56	2.50	82.52	0.00	2.72	0.00	0.00	22.15	2.03	56.52	0.00	56	0	56	188.78	94.32	0.00	0.00	0.00	0.00	0.00	0.00	0.00	0.00	0.00	0.00	0.00	7.95	4.65	0.00	1.29	0.00	0.00
355	27.45	1600	2504	1.00	57	0	0	1	0	1	39	0	4	0	0	0.00	0.03	0.00	0.58	54.16	0.00	4.16	0.00	0.00	20.88	1.29	50.38	0.00	56	0	56	180.60	107.82	0.00	0.00	0.00	0.00	0.00	0.00	0.00	0.00	0.00	0.00	0.00	5.63	3.50	0.00	0.88	0.00	0.00
407	22.18	1600	3553	0.69	58	0	0	1	7	8	61	0	8	0	0	0.00	0.00	0.69	1.80	77.35	0.00	9.95	0.00	0.00	22.63	0.73	49.56	4.90	56	0	56	150.35	94.86	0.00	0.00	0.00	0.00	0.00	0.00	0.00	0.00	0.00	0.00	0.00	8.02	3.99	0.00	1.30	0.00	0.00
395	22.30	1600	3429	0.65	57	0	1	3	8	8	63	0	0	0	0	0.07	0.09	1.78	3.98	80.74	0.00	0.00	0.00	0.00	25.61	5.29	46.79	0.00	56	0	56	196.66	108.84	0.00	0.00	0.00	0.00	0.00	0.00	0.00	0.00	0.00	0.00	0.00	8.81	4.92	0.00	1.39	0.00	0.00
403	24.92	1600	3131	0.72	50	0	0	1	4	8	46	0	3	0	0	0.00	0.06	0.83	4.87	65.57	0.00	5.00	0.00	0.00	26.76	8.57	39.75	0.00	56	0	56	184.44	102.39	0.00	0.00	0.00	0.00	0.00	0.00	0.00	0.00	0.00	0.00	0.00	6.61	4.28	0.00	1.03	0.00	0.00
420	26.55	1600	3058	0.62	42	0	0	3	20	15	61	0	1	0	0	0.00	0.07	5.44	4.85	61.15	0.00	1.63	0.00	0.00	36.12	7.73	29.60	0.00	56	0	56	207.43	98.59	0.00	0.00	0.00	0.00	0.00	0.00	0.00	0.00	0.00	0.00	0.00	8.50	4.67	0.00	1.19	0.00	0.00
467	30.07	1600	3006	0.61	51	0	0	3	25	20	52	0	2	0	0	0.00	0.07	8.52	9.33	47.20	0.00	3.31	0.00	0.00	38.17	9.59	22.17	0.00	55	0	56	192.94	97.22	0.00	0.00	0.00	0.00	0.00	0.00	0.00	0.00	0.00	0.00	0.00	6.61	4.36	0.00	0.92	0.00	0.00
392	25.10	1600	3020	0.72	52	0	0	2	11	12	66	0	2	0	0	0.00	1.08	3.17	6.39	58.92	0.00	4.03	0.00	0.00	30.00	9.25	35.65	0.00	56	0	56	186.58	95.73	0.00	0.00	0.00	0.00	0.00	0.00	0.00	0.00	0.00	0.00	0.00	7.25	4.13	0.00	1.01	0.00	0.00
341	20.86	1600	3162	0.49	106	0	0	4	9	12	112	0	21	0	10	0.00	1.06	0.71	1.30	47.00	0.00	12.75	0.00	18.36	23.20	0.91	42.00	13.04	56	0	56	171.43	101.87	0.00	0.00	0.00	0.00	0.00	0.00	0.00	0.00	0.00	0.00	0.00	6.91	3.52	0.00	1.17	0.00	0.00
409	25.41	1600	3118	0.89	142	0	0	0	3	2	38	0	3	0	0	0.00	0.00	0.77	1.12	68.81	0.00	4.72	0.00	0.00	26.83	1.95	45.81	0.00	56	0	56	185.32	100.27	0.00	0.00	0.00	0.00	0.00	0.00	0.00	0.00	0.00	0.00	0.00	7.87	4.20	0.00	1.28	0.00	0.00
221	20.89	1600	2043	0.12	43	0	0	0	2	1	46	0	57	0	8	0.00	0.00	0.05	0.07	8.69	0.00	12.08	0.00	31.38	5.29	0.20	13.56	60.06	56	0	57	26.65	14.12	0.00	0.00	0.00	0.00	0.00	0.00	0.00	0.00	0.00	0.00	0.00	0.63	0.38	0.00	0.10	0.00	0.00
244	18.65	1776	2280	0.05	230	0	0	0	0	1	57	0	97	0	38	0.00	0.00	0.00	0.03	6.89	0.00	12.34	0.00	40.75	28.47	0.07	7.37	45.44	57	0	57	91.57	80.42	0.00	0.00	0.00	0.00	0.00	0.00	0.00	0.00	0.00	0.00	0.00	3.18	1.29	0.00	0.60	0.00	0.00
213	12.87	1615	3173	0.05	320	0	0	0	2	2	107	0	106	0	68	0.00	0.00	0.01	0.02	7.58	0.00	7.93	0.00	73.83	14.17	0.03	12.45	60.48	56	0	56	94.84	87.38	0.00	0.00	0.00	0.00	0.00	0.00	0.00	0.00	0.00	0.00	0.00	4.97	2.18	0.00	0.90	0.00	0.00
455	3.57	1600	24672	0.71	336	0	0	0	1	2	32	0	77	0	55	0.00	0.00	0.22	0.92	57.62	0.00	157.74	0.00	553.14	5.74	0.09	10.89	79.71	55	0	56	262.94	243.43	0.00	0.00	0.00	0.00	0.00	0.00	0.00	0.00	0.00	0.00	0.00	100.84	38.84	0.00	19.70	0.00	0.00
374	23.03	1600	3138	0.74	49	0	0	0	1	1	21	0	20	0	0	0.00	0.00	0.13	0.51	37.73	0.00	40.00	0.00	0.00	21.79	0.87	44.74	9.57	56	0	57	170.77	102.82	0.00	0.00	0.00	0.00	0.00	0.00	0.00	0.00	0.00	0.00	0.00	6.03	3.93	0.00	0.93	0.00	0.00
373	23.14	1600	3116	0.77	42	0	0	0	1	1	26	0	14	0	0	0.00	0.00	0.14	0.47	50.47	0.00	26.56	0.00	0.00	22.04	0.00	50.65	4.17	57	0	57	171.91	100.11	0.00	0.00	0.00	0.00	0.00	0.00	0.00	0.00	0.00	0.00	0.00	7.72	3.89	0.00	1.12	0.00	0.00
340	22.44	1600	2930	0.77	51	0	0	0	1	1	30	0	17	0	1	0.00	0.00	0.16	0.37	46.39	0.00	25.83	0.00	0.92	21.64	0.65	51.66	3.61	57	0	57	141.47	82.53	0.00	0.00	0.00	0.00	0.00	0.00	0.00	0.00	0.00	0.00	0.00	4.84	2.93	0.00	0.73	0.00	0.00
373	21.89	1600	3298	0.76	57	0	0	1	1	1	29	0	16	0	0	0.00	0.02	0.12	0.54	54.08	0.00	28.80	0.00	0.00	21.32	0.88	49.84	6.07	57	0	57	190.41	119.15	0.00	0.00	0.00	0.00	0.00	0.00	0.00	0.00	0.00	0.00	0.00	9.82	4.68	0.00	1.46	0.00	0.00
368	22.96	1599	3102	0.77	51	0	0	0	0	1	35	0	7	0	0	0.00	0.00	0.00	0.65	67.02	0.00	9.86	0.00	0.00	22.44	0.00	53.45	1.15	57	0	57	169.62	99.72	0.00	0.00	0.00	0.00	0.00	0.00	0.00	0.00	0.00	0.00	0.00	6.36	3.92	0.00	0.91	0.00	0.00
368	23.09	1601	3083	0.77	41	0	0	0	0	2	33	0	7	0	0	0.00	0.00	0.00	0.87	66.65	0.00	9.38	0.00	0.00	21.90	0.79	54.22	0.00	57	0	57	171.99	99.97	0.00	0.00	0.00	0.00	0.00	0.00	0.00	0.00	0.00	0.00	0.00	7.62	3.83	0.00	1.10	0.00	0.00
371	23.03	1600	3115	0.77	50	0	0	0	0	1	34	0	8	0	0	0.00	0.00	0.00	0.57	61.52	0.00	15.69	0.00	0.00	22.42	0.00	54.55	0.00	57	0	57	170.12	99.98	0.00	0.00	0.00	0.00	0.00	0.00	0.00	0.00	0.00	0.00	0.00	6.29	3.79	0.00	0.93	0.00	0.00
339	22.30	1600	2944	0.78	43	0	0	0	2	1	35	0	11	0	0	0.00	0.00	0.30	0.25	55.95	0.00	17.65	0.00	0.00	22.28	0.00	51.89	3.53	57	0	57	145.11	84.16	0.00	0.00	0.00	0.00	0.00	0.00	0.00	0.00	0.00	0.00	0.00	6.03	3.00	0.00	0.88	0.00	0.00
258	19.21	1600	2599	0.75	57	0	0	0	1	1	33	0	20	0	7	0.00	0.00	0.12	0.29	33.25	0.00	20.51	0.00	13.87	17.58	0.61	39.13	23.46	57	0	57	115.95	72.73	0.00	0.00	0.00	0.00	0.00	0.00	0.00	0.00	0.00	0.00	0.00	4.21	2.21	0.00	0.63	0.00	0.00
434	20.18	1600	4163	0.77	78	0	0	0	0	2	20	0	32	0	1	0.00	0.00	0.00	0.79	35.47	0.00	64.04	0.00	7.39	22.48	0.65	29.87	26.83	57	0	57	201.41	143.17	0.00	0.00	0.00	0.00	0.00	0.00	0.00	0.00	0.00	0.00	0.00	11.98	6.41	0.00	1.88	0.00	0.00
311	22.96	1600	2622	0.73	48	0	1	0	1	1	33	0	31	0	0	0.03	0.00	0.10	0.24	32.96	0.00	32.19	0.00	0.00	17.09	0.49	39.22	20.24	57	0	57	103.18	61.40	0.00	0.00	0.00	0.00	0.00	0.00	0.00	0.00	0.00	0.00	0.00	3.75	1.95	0.00	0.55	0.00	0.00
371	17.72	1600	4052	0.76	90	0	0	0	0	2	33	0	22	0	0	0.00	0.00	0.00	0.84	62.40	0.00	44.87	0.00	0.00	23.07	0.66	46.20	12.35	57	0	57	210.88	149.08	0.00	0.00	0.00	0.00	0.00	0.00	0.00	0.00	0.00	0.00	0.00	12.12	6.28	0.00	1.93	0.00	0.00
358	24.36	1600	2842	0.74	50	0	0	0	2	1	28	0	17	0	1	0.00	0.00	0.31	0.43	43.35	0.00	24.99	0.00	0.58	17.89	0.86	49.78	7.11	57	0	57	143.07	84.61	0.00	0.00	0.00	0.00	0.00	0.00	0.00	0.00	0.00	0.00	0.00	5.74	3.04	0.00	0.82	0.00	0.00
360	20.54	1600	3392	0.77	57	0	0	1	0	1	28	0	19	0	1	0.00	0.02	0.00	0.32	51.07	0.00	34.67	0.00	1.33	23.58	0.00	44.29	11.60	57	0	57	181.03	115.67	0.00	0.00	0.00	0.00	0.00	0.00	0.00	0.00	0.00	0.00	0.00	7.99	4.55	0.00	1.21	0.00	0.00
325	23.44	1600	2680	0.73	50	0	0	0	2	1	30	0	23	0	0	0.00	0.00	0.24	0.23	37.24	0.00	28.79	0.00	0.00	16.60	0.00	41.81	18.14	57	0	57	123.21	73.13	0.00	0.00	0.00	0.00	0.00	0.00	0.00	0.00	0.00	0.00	0.00	4.60	2.35	0.00	0.67	0.00	0.00
354	18.41	1600	3720	0.77	75	0	0	0	0	3	36	0	15	0	0	0.00	0.00	0.00	1.26	70.25	0.00	26.89	0.00	0.00	24.69	1.36	51.90	3.65	57	0	57	189.99	128.75	0.00	0.00	0.00	0.00	0.00	0.00	0.00	0.00	0.00	0.00	0.00	9.88	5.22	0.00	1.54	0.00	0.00
401	24.33	1772	2877	0.74	52	0	0	0	1	1	32	0	18	0	1	0.00	0.00	0.14	0.37	46.42	0.00	23.42	0.00	0.13	16.73	0.00	54.34	4.60	57	0	57	129.17	77.26	0.00	0.00	0.00	0.00	0.00	0.00	0.00	0.00	0.00	0.00	0.00	4.49	2.95	0.00	0.65	0.00	0.00
475	18.23	2030	3978	0.77	67	0	0	0	1	2	24	0	20	0	0	0.00	0.00	0.22	0.70	56.70	0.00	47.72	0.00	0.00	23.63	0.00	43.51	14.63	58	0	58	195.25	136.54	0.00	0.00	0.00	0.00	0.00	0.00	0.00	0.00	0.00	0.00	0.00	14.34	8.55	0.00	1.81	0.00	0.00
546	22.90	2368	3115	0.75	35	0	0	1	2	3	32	0	3	0	0	0.00	0.05	0.19	0.38	68.17	0.00	8.91	0.00	0.00	20.58	0.00	50.90	5.62	58	0	58	163.37	100.70	0.00	0.00	0.00	0.00	0.00	0.00	0.00	0.00	0.00	0.00	0.00	11.82	7.01	0.00	1.20	0.00	0.00
546	23.15	2446	2987	0.75	34	0	0	0	1	3	36	0	3	0	0	0.00	0.00	0.06	0.32	68.77	0.00	5.16	0.00	0.00	18.40	0.00	58.45	0.00	58	0	58	142.67	88.84	0.00	0.00	0.00	0.00	0.00	0.00	0.00	0.00	0.00	0.00	0.00	8.12	5.99	0.00	0.82	0.00	0.00
575	19.28	2736	3378	0.77	41	0	0	0	2	3	35	0	1	0	0	0.00	0.00	0.58	0.43	86.81	0.00	0.45	0.00	0.00	23.58	0.00	57.14	0.00	59	0	59	170.40	115.39	0.00	0.00	0.00	0.00	0.00	0.00	0.00	0.00	0.00	0.00	0.00	12.09	10.47	0.00	1.07	0.00	0.00
595	22.71	2844	2852	0.75	34	0	0	0	1	2	32	0	3	0	0	0.00	0.00	0.24	0.48	63.17	0.00	7.41	0.00	0.00	16.93	0.00	60.36	0.00	59	0	59	127.48	81.24	0.00	0.00	0.00	0.00	0.00	0.00	0.00	0.00	0.00	0.00	0.00	9.70	7.01	0.00	0.80	0.00	0.00
657	18.05	3138	3591	0.77	41	0	0	0	3	0	26	0	5	0	0	0.00	0.00	1.09	0.00	78.50	0.00	15.65	0.00	0.00	23.24	0.00	49.64	9.07	61	0	61	173.88	123.45	0.00	0.00	0.00	0.00	0.00	0.00	0.00	0.00	0.00	0.00	0.00	19.66	15.08	0.00	1.47	0.00	0.00
703	21.55	3200	3154	0.76	26	0	0	0	1	1	21	0	5	0	0	0.00	0.00	0.48	0.72	67.08	0.00	11.76	0.00	0.00	19.54	0.00	58.91	0.00	61	0	61	158.97	102.49	0.00	0.00	0.00	0.00	0.00	0.00	0.00	0.00	0.00	0.00	0.00	19.27	13.54	0.00	1.23	0.00	0.00
708	21.04	3365	3096	0.77	37	0	0	0	4	5	31	0	4	0	0	0.00	0.00	0.78	0.78	67.64	0.00	9.91	0.00	0.00	23.79	0.00	55.17	0.00	63	0	63	147.19	93.18	0.00	0.00	0.00	0.00	0.00	0.00	0.00	0.00	0.00	0.00	0.00	14.30	13.03	0.00	0.88	0.00	0.00
689	19.71	3600	3007	0.78	25	0	0	0	1	2	29	0	1	0	0	0.00	0.00	0.36	2.03	73.78	0.00	1.95	0.00	0.00	20.41	3.75	56.13	0.00	64	0	64	134.00	90.70	0.00	0.00	0.00	0.00	0.00	0.00	0.00	0.00	0.00	0.00	0.00	14.32	13.50	0.00	0.76	0.00	0.00
688	18.81	3658	3096	0.79	33	0	0	1	1	5	33	0	0	0	0	0.00	0.05	0.10	1.36	79.78	0.00	0.00	0.00	0.00	20.89	1.42	58.87	0.00	65	0	65	140.74	98.33	0.00	0.00	0.00	0.00	0.00	0.00	0.00	0.00	0.00	0.00	0.00	18.15	14.59	0.00	1.02	0.00	0.00
707	17.87	3969	3086	0.78	35	0	0	1	1	2	30	0	0	0	0	0.00	0.03	0.35	1.50	79.44	0.00	0.00	0.00	0.00	20.46	2.61	59.05	0.00	66	0	66	135.88	95.87	0.00	0.00	0.00	0.00	0.00	0.00	0.00	0.00	0.00	0.00	0.00	22.01	19.84	0.00	1.01	0.00	0.00
700	17.60	3997	3082	0.78	34	0	0	1	1	3	24	0	6	0	0	0.00	0.02	0.07	1.99	62.22	0.00	17.17	0.00	0.00	20.45	2.41	54.96	4.57	67	0	67	134.03	96.13	0.00	0.00	0.00	0.00	0.00	0.00	0.00	0.00	0.00	0.00	0.00	22.92	19.56	0.00	1.00	0.00	0.00
703	17.18	4082	3103	0.78	34	0	0	1	1	3	25	0	5	0	0	0.00	0.02	0.15	2.12	63.83	0.00	15.61	0.00	0.00	21.05	2.58	59.19	0.00	69	0	68	132.65	94.73	0.00	0.00	0.00	0.00	0.00	0.00	0.00	0.00	0.00	0.00	0.00	23.86	21.01	0.00	1.00	0.00	0.00
757	17.23	4089	3325	0.79	34	0	0	1	0	3	20	0	6	0	0	0.00	0.06	0.00	2.55	65.81	0.00	19.10	0.00	0.00	20.69	3.05	52.56	6.46	69	0	69	156.27	112.02	0.00	0.00	0.00	0.00	0.00	0.00	0.00	0.00	0.00	0.00	0.00	30.77	26.56	0.00	1.30	0.00	0.00
775	18.65	4089	3148	0.78	25	0	0	0	2	2	21	0	3	0	0	0.00	0.00	0.57	1.89	66.93	0.00	12.07	0.00	0.00	22.71	0.00	58.65	0.00	69	0	69	146.51	97.75	0.00	0.00	0.00	0.00	0.00	0.00	0.00	0.00	0.00	0.00	0.00	25.95	23.44	0.00	1.03	0.00	0.00
631	17.73	4088	2697	0.78	26	0	0	0	2	0	30	0	10	0	0	0.00	0.00	0.33	0.00	54.78	0.00	15.45	0.00	0.00	22.01	0.00	57.79	2.47	70	0	69	79.42	52.20	0.00	0.00	0.00	0.00	0.00	0.00	0.00	0.00	0.00	0.00	0.00	12.38	10.65	0.00	0.49	0.00	0.00
713	15.35	4087	3516	0.77	49	0	0	0	2	2	21	0	12	0	0	0.00	0.00	0.62	1.57	56.21	0.00	36.63	0.00	0.00	19.19	1.33	54.93	9.20	69	0	69	166.69	130.11	0.00	0.00	0.00	0.00	0.00	0.00	0.00	0.00	0.00	0.00	0.00	36.23	31.77	0.00	1.55	0.00	0.00
701	17.27	4090	3071	0.78	33	0	1	0	1	2	22	0	8	0	0	0.10	0.00	0.13	1.40	57.38	0.00	21.75	0.00	0.00	20.98	2.49	54.61	4.64	70	0	69	128.63	91.15	0.00	0.00	0.00	0.00	0.00	0.00	0.00	0.00	0.00	0.00	0.00	24.59	20.46	0.00	1.02	0.00	0.00
703	17.21	4090	3089	0.79	33	0	0	1	1	2	24	0	7	0	0	0.00	0.00	0.10	1.32	58.68	0.00	21.39	0.00	0.00	21.03	1.29	54.55	5.91	70	0	70	132.57	94.73	0.00	0.00	0.00	0.00	0.00	0.00	0.00	0.00	0.00	0.00	0.00	23.55	20.95	0.00	0.99	0.00	0.00
706	17.21	4090	3105	0.78	33	0	0	2	0	3	23	0	7	0	0	0.00	0.03	0.00	1.98	58.54	0.00	21.27	0.00	0.00	21.11	2.51	48.67	10.50	70	0	69	131.26	93.50	0.00	0.00	0.00	0.00	0.00	0.00	0.00	0.00	0.00	0.00	0.00	25.03	21.43	0.00	1.03	0.00	0.00
773	17.42	4090	3361	0.79	33	0	0	1	1	3	20	0	5	0	0	0.00	0.03	0.13	2.80	67.01	0.00	18.28	0.00	0.00	21.11	3.20	52.49	5.78	70	0	70	162.40	115.93	0.00	0.00	0.00	0.00	0.00	0.00	0.00	0.00	0.00	0.00	0.00	31.86	27.86	0.00	1.32	0.00	0.00
637	19.60	4090	2460	0.75	25	0	0	2	0	3	23	0	13	0	2	0.00	0.03	0.00	1.14	37.07	0.00	23.63	0.00	1.07	14.32	1.79	41.29	23.00	70	0	70	78.76	51.84	0.00	0.00	0.00	0.00	0.00	0.00	0.00	0.00	0.00	0.00	0.00	11.27	9.98	0.00	0.44	0.00	0.00
749	14.54	4087	3900	0.77	57	0	0	1	1	2	23	0	16	0	0	0.00	0.02	0.12	1.30	61.84	0.00	42.70	0.00	0.00	23.95	0.00	50.56	10.95	70	0	70	160.45	126.81	0.00	0.00	0.00	0.00	0.00	0.00	0.00	0.00	0.00	0.00	0.00	39.96	33.52	0.00	1.77	0.00	0.00
729	17.99	4089	3068	0.77	32	0	0	1	1	1	26	0	6	0	0	0.00	0.00	0.10	0.61	64.17	0.00	15.07	0.00	0.00	20.42	0.00	61.58	0.00	71	0	71	129.79	92.81	0.00	0.00	0.00	0.00	0.00	0.00	0.00	0.00	0.00	0.00	0.00	24.41	21.57	0.00	0.98	0.00	0.00
695	16.96	4089	3103	0.77	33	0	0	0	1	1	28	0	4	0	0	0.00	0.00	0.35	0.42	69.94	0.00	11.34	0.00	0.00	21.75	0.00	61.28	0.00	71	0	71	133.30	95.09	0.00	0.00	0.00	0.00	0.00	0.00	0.00	0.00	0.00	0.00	0.00	25.30	21.74	0.00	1.02	0.00	0.00
730	17.54	4089	3154	0.75	33	0	0	0	1	2	29	0	5	0	0	0.00	0.00	0.27	1.04	71.88	0.00	9.50	0.00	0.00	22.92	1.02	58.53	0.00	71	0	71	124.07	88.58	0.00	0.00	0.00	0.00	0.00	0.00	0.00	0.00	0.00	0.00	0.00	23.22	20.70	0.00	0.96	0.00	0.00
719	17.40	4089	3130	0.77	33	0	0	1	0	2	28	0	4	0	0	0.00	0.00	0.00	1.42	69.46	0.00	11.15	0.00	0.00	20.49	2.35	59.77	0.00	71	0	71	134.64	97.09	0.00	0.00	0.00	0.00	0.00	0.00	0.00	0.00	0.00	0.00	0.00	24.62	21.78	0.00	1.01	0.00	0.00
726	17.78	4089	3091	0.77	33	0	0	2	0	3	25	0	5	0	0	0.00	0.05	0.00	1.93	64.31	0.00	14.40	0.00	0.00	20.55	2.34	59.33	0.00	71	0	71	131.16	93.55	0.00	0.00	0.00	0.00	0.00	0.00	0.00	0.00	0.00	0.00	0.00	24.09	21.03	0.00	1.02	0.00	0.00
704	17.19	4090	3099	0.78	34	0	0	1	1	3	24	0	6	0	0	0.00	0.03	0.12	2.15	61.85	0.00	17.48	0.00	0.00	21.10	2.57	59.14	0.00	71	0	71	132.44	94.22	0.00	0.00	0.00	0.00	0.00	0.00	0.00	0.00	0.00	0.00	0.00	24.34	21.12	0.00	0.99	0.00	0.00
701	17.16	4089	3091	0.78	33	0	0	1	1	3	25	0	5	0	0	0.00	0.03	0.07	1.95	63.48	0.00	15.90	0.00	0.00	20.99	2.41	53.51	5.93	71	0	71	130.65	93.36	0.00	0.00	0.00	0.00	0.00	0.00	0.00	0.00	0.00	0.00	0.00	23.96	21.10	0.00	1.01	0.00	0.00
705	17.19	4091	3103	0.78	34	0	0	1	1	3	24	0	6	0	0	0.00	0.03	0.15	2.10	61.55	0.00	18.00	0.00	0.00	21.10	2.58	54.60	4.54	71	0	71	132.26	94.31	0.00	0.00	0.00	0.00	0.00	0.00	0.00	0.00	0.00	0.00	0.00	25.25	22.03	0.00	1.01	0.00	0.00
703	17.20	4090	3095	0.78	34	0	0	1	1	3	24	0	6	0	0	0.00	0.03	0.08	2.01	61.65	0.00	17.75	0.00	0.00	20.86	2.40	53.62	5.92	71	0	71	130.88	93.95	0.00	0.00	0.00	0.00	0.00	0.00	0.00	0.00	0.00	0.00	0.00	24.37	20.94	0.00	1.01	0.00	0.00
699	17.16	4089	3086	0.78	33	0	0	0	2	3	23	0	8	0	0	0.00	0.00	0.24	2.06	58.30	0.00	20.87	0.00	0.00	21.13	2.54	53.33	5.85	71	0	71	129.22	92.42	0.00	0.00	0.00	0.00	0.00	0.00	0.00	0.00	0.00	0.00	0.00	23.50	20.68	0.00	0.98	0.00	0.00
707	17.14	4089	3123	0.77	35	0	0	0	2	1	26	0	6	0	0	0.00	0.00	0.46	0.62	66.10	0.00	15.45	0.00	0.00	21.08	0.00	61.78	0.00	71	0	71	136.69	98.67	0.00	0.00	0.00	0.00	0.00	0.00	0.00	0.00	0.00	0.00	0.00	25.43	22.37	0.00	1.04	0.00	0.00
705	17.34	4089	3080	0.78	33	0	0	1	1	2	24	0	6	0	0	0.00	0.05	0.30	1.55	61.02	0.00	18.13	0.00	0.00	20.63	2.78	47.15	12.10	71	0	72	130.96	92.95	0.00	0.00	0.00	0.00	0.00	0.00	0.00	0.00	0.00	0.00	0.00	24.20	21.20	0.00	0.99	0.00	0.00
696	17.14	4089	3074	0.79	33	0	0	2	0	3	24	0	7	0	0	0.00	0.10	0.00	1.90	60.89	0.00	18.14	0.00	0.00	20.88	2.35	53.83	5.81	71	0	72	126.31	90.52	0.00	0.00	0.00	0.00	0.00	0.00	0.00	0.00	0.00	0.00	0.00	23.82	19.89	0.00	0.98	0.00	0.00
714	17.18	4090	3145	0.77	34	0	0	0	2	3	24	0	6	0	0	0.00	0.00	0.31	2.08	65.34	0.00	15.65	0.00	0.00	20.77	1.38	60.68	0.00	71	0	71	140.75	101.47	0.00	0.00	0.00	0.00	0.00	0.00	0.00	0.00	0.00	0.00	0.00	24.65	22.69	0.00	1.05	0.00	0.00
704	17.38	4088	3067	0.78	33	0	0	2	0	2	24	0	6	0	0	0.00	0.08	0.00	1.45	63.45	0.00	15.51	0.00	0.00	21.22	2.48	58.92	0.00	71	0	71	128.23	90.76	0.00	0.00	0.00	0.00	0.00	0.00	0.00	0.00	0.00	0.00	0.00	24.20	19.80	0.00	0.99	0.00	0.00
707	17.27	4090	3100	0.79	33	0	0	1	1	2	26	0	5	0	0	0.00	0.03	0.12	1.35	65.67	0.00	14.30	0.00	0.00	21.35	1.20	60.18	0.00	71	0	71	132.42	94.37	0.00	0.00	0.00	0.00	0.00	0.00	0.00	0.00	0.00	0.00	0.00	24.23	21.16	0.00	1.02	0.00	0.00
701	17.17	4089	3091	0.78	34	0	0	2	0	3	23	0	7	0	0	0.00	0.10	0.00	1.97	58.60	0.00	20.66	0.00	0.00	21.09	2.33	53.49	5.93	72	0	72	130.87	93.12	0.00	0.00	0.00	0.00	0.00	0.00	0.00	0.00	0.00	0.00	0.00	23.96	20.77	0.00	1.01	0.00	0.00
706	17.22	4091	3103	0.79	34	0	0	1	1	2	25	0	6	0	0	0.00	0.02	0.15	1.35	63.58	0.00	16.72	0.00	0.00	21.06	1.19	55.98	4.54	72	0	72	132.52	94.56	0.00	0.00	0.00	0.00	0.00	0.00	0.00	0.00	0.00	0.00	0.00	24.32	21.30	0.00	0.99	0.00	0.00
701	17.17	4090	3090	0.78	34	0	0	2	0	3	24	0	6	0	0	0.00	0.05	0.00	1.95	60.57	0.00	18.88	0.00	0.00	20.81	2.46	53.62	5.94	72	0	72	130.56	93.45	0.00	0.00	0.00	0.00	0.00	0.00	0.00	0.00	0.00	0.00	0.00	23.82	20.73	0.00	1.01	0.00	0.00
706	17.21	4089	3105	0.78	34	0	0	1	1	3	23	0	7	0	0	0.00	0.00	0.15	2.16	58.43	0.00	21.16	0.00	0.00	21.03	2.61	54.68	4.47	71	0	71	132.59	94.59	0.00	0.00	0.00	0.00	0.00	0.00	0.00	0.00	0.00	0.00	0.00	24.61	21.46	0.00	1.01	0.00	0.00
698	17.15	4090	3082	0.78	33	0	0	2	0	3	24	0	7	0	0	0.00	0.12	0.00	1.90	61.24	0.00	17.82	0.00	0.00	21.10	2.37	59.38	0.00	72	0	72	127.73	91.17	0.00	0.00	0.00	0.00	0.00	0.00	0.00	0.00	0.00	0.00	0.00	23.55	20.26	0.00	0.98	0.00	0.00
770	17.27	4086	3380	0.79	34	0	0	0	2	1	21	0	6	0	0	0.00	0.00	0.76	0.90	64.01	0.00	23.38	0.00	0.00	21.62	0.00	61.12	0.00	72	0	72	164.67	118.45	0.00	0.00	0.00	0.00	0.00	0.00	0.00	0.00	0.00	0.00	0.00	32.41	29.25	0.00	1.34	0.00	0.00
761	18.69	4087	3083	0.80	26	0	0	0	2	1	19	0	5	0	0	0.00	0.00	0.75	1.05	58.02	0.00	19.71	0.00	0.00	22.82	0.00	58.48	0.00	72	0	72	139.70	92.10	0.00	0.00	0.00	0.00	0.00	0.00	0.00	0.00	0.00	0.00	0.00	25.44	22.32	0.00	0.98	0.00	0.00
776	18.82	4089	3122	0.78	26	0	0	0	2	2	19	0	4	0	0	0.00	0.00	0.61	1.86	61.95	0.00	15.94	0.00	0.00	22.66	1.83	56.69	0.00	72	0	72	146.59	96.83	0.00	0.00	0.00	0.00	0.00	0.00	0.00	0.00	0.00	0.00	0.00	25.94	23.14	0.00	1.03	0.00	0.00
774	18.89	4086	3103	0.79	27	0	0	0	2	1	20	0	4	0	0	0.00	0.00	0.48	1.02	63.93	0.00	14.43	0.00	0.00	22.94	0.00	58.17	0.00	72	0	72	142.47	93.46	0.00	0.00	0.00	0.00	0.00	0.00	0.00	0.00	0.00	0.00	0.00	26.52	22.99	0.00	1.04	0.00	0.00
711	18.60	4084	2898	0.78	27	0	0	0	2	4	25	0	4	0	0	0.00	0.00	0.41	1.42	61.62	0.00	11.42	0.00	0.00	22.83	1.69	56.87	0.00	72	0	73	116.32	75.49	0.00	0.00	0.00	0.00	0.00	0.00	0.00	0.00	0.00	0.00	0.00	19.20	16.67	0.00	0.76	0.00	0.00
701	17.31	4089	3065	0.78	33	0	0	1	1	2	24	0	6	0	0	0.00	0.02	0.37	1.37	61.53	0.00	17.27	0.00	0.00	20.94	2.34	59.42	0.00	72	0	73	129.63	92.32	0.00	0.00	0.00	0.00	0.00	0.00	0.00	0.00	0.00	0.00	0.00	24.24	20.21	0.00	1.00	0.00	0.00
704	17.15	4090	3105	0.78	33	0	0	1	1	3	23	0	7	0	0	0.00	0.02	0.22	2.22	58.92	0.00	20.49	0.00	0.00	21.23	2.60	54.48	4.54	72	0	73	132.46	94.58	0.00	0.00	0.00	0.00	0.00	0.00	0.00	0.00	0.00	0.00	0.00	24.62	21.49	0.00	1.01	0.00	0.00
698	17.14	4089	3083	0.78	33	0	0	1	1	3	24	0	7	0	0	0.00	0.02	0.07	1.93	60.64	0.00	18.43	0.00	0.00	21.21	2.35	54.16	5.14	73	0	72	127.64	91.23	0.00	0.00	0.00	0.00	0.00	0.00	0.00	0.00	0.00	0.00	0.00	23.17	20.30	0.00	0.98	0.00	0.00
779	17.36	4086	3401	0.79	34	0	0	0	2	2	21	0	6	0	0	0.00	0.00	0.67	1.92	63.31	0.00	23.46	0.00	0.00	21.76	0.00	60.88	0.00	72	0	72	167.29	119.55	0.00	0.00	0.00	0.00	0.00	0.00	0.00	0.00	0.00	0.00	0.00	33.24	29.36	0.00	1.36	0.00	0.00
758	18.77	4086	3058	0.80	27	0	0	0	2	4	20	0	3	0	0	0.00	0.00	0.55	2.56	64.49	0.00	11.20	0.00	0.00	22.95	2.18	56.10	0.00	73	0	73	137.38	90.25	0.00	0.00	0.00	0.00	0.00	0.00	0.00	0.00	0.00	0.00	0.00	24.84	21.16	0.00	0.97	0.00	0.00
776	18.78	4088	3128	0.78	26	0	0	0	1	3	23	0	1	0	0	0.00	0.00	0.20	2.42	73.80	0.00	4.24	0.00	0.00	21.93	1.82	57.48	0.00	72	0	72	146.77	97.67	0.00	0.00	0.00	0.00	0.00	0.00	0.00	0.00	0.00	0.00	0.00	24.95	23.20	0.00	1.01	0.00	0.00
778	18.89	4087	3120	0.78	26	0	0	1	1	1	22	0	2	0	0	0.00	0.07	0.34	1.00	71.52	0.00	7.24	0.00	0.00	22.86	0.00	58.25	0.00	73	0	73	142.91	93.98	0.00	0.00	0.00	0.00	0.00	0.00	0.00	0.00	0.00	0.00	0.00	26.62	22.75	0.00	1.05	0.00	0.00
767	19.00	4082	3062	0.80	26	0	0	0	2	6	24	0	2	0	0	0.00	0.00	0.40	2.04	69.23	0.00	6.85	0.00	0.00	23.40	2.17	55.44	0.00	73	0	73	141.11	91.69	0.00	0.00	0.00	0.00	0.00	0.00	0.00	0.00	0.00	0.00	0.00	25.28	21.98	0.00	1.01	0.00	0.00
766	18.83	4084	3083	0.79	27	0	0	0	1	3	21	0	3	0	0	0.00	0.00	0.52	2.90	64.97	0.00	11.19	0.00	0.00	22.56	2.14	56.46	0.00	73	0	73	140.13	92.45	0.00	0.00	0.00	0.00	0.00	0.00	0.00	0.00	0.00	0.00	0.00	24.84	21.24	0.00	0.98	0.00	0.00
641	17.83	4089	2721	0.77	27	0	0	0	1	3	32	0	5	0	1	0.00	0.00	0.12	1.28	60.80	0.00	8.68	0.00	0.43	21.50	1.11	59.55	0.00	72	0	73	85.29	56.60	0.00	0.00	0.00	0.00	0.00	0.00	0.00	0.00	0.00	0.00	0.00	13.18	12.23	0.00	0.51	0.00	0.00
702	15.39	4087	3455	0.78	49	0	0	1	1	2	22	0	14	0	0	0.00	0.00	0.10	1.41	56.64	0.00	34.76	0.00	0.00	19.64	2.13	54.62	8.22	72	0	73	156.93	122.19	0.00	0.00	0.00	0.00	0.00	0.00	0.00	0.00	0.00	0.00	0.00	33.94	28.61	0.00	1.50	0.00	0.00
709	17.28	4086	3109	0.77	34	0	0	0	2	6	29	0	4	0	0	0.00	0.00	0.20	1.29	68.68	0.00	12.02	0.00	0.00	21.51	0.00	61.21	0.00	72	0	73	135.23	96.82	0.00	0.00	0.00	0.00	0.00	0.00	0.00	0.00	0.00	0.00	0.00	25.56	22.23	0.00	1.02	0.00	0.00
699	17.22	4088	3075	0.79	34	0	0	0	1	3	26	0	6	0	0	0.00	0.00	0.07	1.81	64.17	0.00	14.84	0.00	0.00	20.93	2.38	59.47	0.00	73	0	73	127.26	90.73	0.00	0.00	0.00	0.00	0.00	0.00	0.00	0.00	0.00	0.00	0.00	23.65	20.47	0.00	0.99	0.00	0.00
703	17.16	4086	3106	0.79	34	0	0	0	2	3	28	0	5	0	0	0.00	0.00	0.47	1.11	68.22	0.00	12.34	0.00	0.00	21.53	0.00	61.31	0.00	73	0	73	132.58	95.41	0.00	0.00	0.00	0.00	0.00	0.00	0.00	0.00	0.00	0.00	0.00	24.43	21.47	0.00	0.99	0.00	0.00
705	17.13	4088	3117	0.77	34	0	0	0	2	1	24	0	7	0	0	0.00	0.00	0.56	0.69	62.51	0.00	18.57	0.00	0.00	20.90	0.00	55.87	6.09	73	0	73	134.64	97.06	0.00	0.00	0.00	0.00	0.00	0.00	0.00	0.00	0.00	0.00	0.00	24.95	22.23	0.00	1.03	0.00	0.00
710	17.41	4086	3091	0.77	35	0	0	0	2	3	27	0	5	0	0	0.00	0.00	0.33	0.46	65.42	0.00	15.16	0.00	0.00	21.48	0.00	61.11	0.00	73	0	73	133.30	94.69	0.00	0.00	0.00	0.00	0.00	0.00	0.00	0.00	0.00	0.00	0.00	24.62	20.89	0.00	1.01	0.00	0.00
690	17.07	4088	3063	0.79	35	0	0	0	2	2	25	0	7	0	0	0.00	0.00	0.46	1.41	60.76	0.00	17.96	0.00	0.00	21.35	2.37	59.21	0.00	72	0	73	126.02	89.44	0.00	0.00	0.00	0.00	0.00	0.00	0.00	0.00	0.00	0.00	0.00	23.67	20.35	0.00	0.98	0.00	0.00
713	17.19	4088	3141	0.77	34	0	0	0	2	2	24	0	6	0	0	0.00	0.00	0.54	1.52	62.80	0.00	18.21	0.00	0.00	21.30	0.00	61.51	0.00	72	0	73	138.04	99.51	0.00	0.00	0.00	0.00	0.00	0.00	0.00	0.00	0.00	0.00	0.00	25.08	22.40	0.00	1.04	0.00	0.00
696	17.19	4089	3067	0.78	35	0	0	0	2	2	24	0	7	0	0	0.00	0.00	0.30	1.45	58.33	0.00	20.60	0.00	0.00	21.27	2.47	59.07	0.00	72	0	73	128.18	90.68	0.00	0.00	0.00	0.00	0.00	0.00	0.00	0.00	0.00	0.00	0.00	24.43	20.69	0.00	1.01	0.00	0.00
704	17.19	4089	3100	0.79	34	0	0	0	2	3	24	0	6	0	0	0.00	0.00	0.30	2.27	61.82	0.00	17.39	0.00	0.00	21.30	2.77	58.73	0.00	72	0	73	133.00	94.81	0.00	0.00	0.00	0.00	0.00	0.00	0.00	0.00	0.00	0.00	0.00	24.08	20.96	0.00	1.01	0.00	0.00
690	16.98	4089	3079	0.79	35	0	0	0	2	3	25	0	6	0	0	0.00	0.00	0.19	1.99	63.25	0.00	15.88	0.00	0.00	21.11	2.39	53.62	5.90	73	0	73	127.51	90.90	0.00	0.00	0.00	0.00	0.00	0.00	0.00	0.00	0.00	0.00	0.00	23.57	20.60	0.00	0.96	0.00	0.00
717	17.28	4087	3143	0.77	37	0	0	0	4	1	25	0	8	0	0	0.00	0.00	1.01	0.72	56.74	0.00	24.18	0.00	0.00	23.06	0.00	59.66	0.00	73	0	73	138.85	98.76	0.00	0.00	0.00	0.00	0.00	0.00	0.00	0.00	0.00	0.00	0.00	25.90	23.05	0.00	1.05	0.00	0.00
698	17.23	4089	3067	0.78	34	0	0	0	2	2	25	0	5	0	0	0.00	0.00	0.33	1.43	63.91	0.00	14.95	0.00	0.00	21.12	2.45	53.10	6.10	73	0	73	128.67	90.91	0.00	0.00	0.00	0.00	0.00	0.00	0.00	0.00	0.00	0.00	0.00	23.92	20.41	0.00	0.99	0.00	0.00
700	17.11	4090	3096	0.79	35	0	0	0	2	3	24	0	6	0	0	0.00	0.00	0.37	2.27	61.21	0.00	17.84	0.00	0.00	21.45	2.65	58.79	0.00	73	0	73	132.15	94.35	0.00	0.00	0.00	0.00	0.00	0.00	0.00	0.00	0.00	0.00	0.00	24.63	21.35	0.00	1.00	0.00	0.00
697	17.06	4089	3092	0.78	35	0	0	0	2	3	24	0	7	0	0	0.00	0.00	0.25	2.08	57.95	0.00	21.31	0.00	0.00	21.23	2.43	53.36	5.92	72	0	73	130.98	93.66	0.00	0.00	0.00	0.00	0.00	0.00	0.00	0.00	0.00	0.00	0.00	23.95	20.78	0.00	1.01	0.00	0.00
758	17.14	4090	3349	0.80	34	0	0	0	2	3	22	0	4	0	0	0.00	0.00	0.43	2.94	69.06	0.00	15.50	0.00	0.00	21.42	3.24	52.63	5.56	73	0	73	161.62	115.48	0.00	0.00	0.00	0.00	0.00	0.00	0.00	0.00	0.00	0.00	0.00	32.77	28.43	0.00	1.33	0.00	0.00
667	18.10	4089	2792	0.77	27	0	0	1	1	3	28	0	6	0	0	0.00	0.02	0.10	1.61	57.23	0.00	13.83	0.00	0.00	21.90	2.16	52.56	5.29	73	0	72	95.11	62.48	0.00	0.00	0.00	0.00	0.00	0.00	0.00	0.00	0.00	0.00	0.00	15.22	13.41	0.00	0.60	0.00	0.00
703	16.16	4090	3294	0.79	44	0	0	0	2	3	25	0	7	0	0	0.00	0.00	0.30	2.15	65.74	0.00	19.75	0.00	0.00	20.22	2.53	52.51	8.59	73	0	73	147.33	110.65	0.00	0.00	0.00	0.00	0.00	0.00	0.00	0.00	0.00	0.00	0.00	29.43	25.66	0.00	1.26	0.00	0.00
691	17.05	4089	3068	0.79	35	0	0	0	2	3	24	0	8	0	0	0.00	0.00	0.24	1.98	57.43	0.00	21.15	0.00	0.00	21.01	2.44	48.61	10.89	73	0	73	127.20	91.08	0.00	0.00	0.00	0.00	0.00	0.00	0.00	0.00	0.00	0.00	0.00	23.62	20.48	0.00	0.96	0.00	0.00
718	17.29	4088	3147	0.77	34	0	0	0	2	2	25	0	6	0	0	0.00	0.00	0.57	1.55	63.69	0.00	17.45	0.00	0.00	21.30	0.00	61.41	0.00	73	0	73	139.30	100.42	0.00	0.00	0.00	0.00	0.00	0.00	0.00	0.00	0.00	0.00	0.00	24.96	22.42	0.00	1.04	0.00	0.00
699	17.24	4089	3068	0.78	34	0	0	0	2	2	22	0	8	0	0	0.00	0.00	0.30	1.43	56.82	0.00	22.04	0.00	0.00	21.25	2.45	52.97	6.10	73	0	73	128.35	90.99	0.00	0.00	0.00	0.00	0.00	0.00	0.00	0.00	0.00	0.00	0.00	24.60	20.40	0.00	1.02	0.00	0.00
697	17.02	4090	3097	0.79	35	0	0	0	2	3	25	0	5	0	0	0.00	0.00	0.35	2.22	64.20	0.00	15.08	0.00	0.00	21.43	2.59	58.96	0.00	73	0	73	131.80	94.15	0.00	0.00	0.00	0.00	0.00	0.00	0.00	0.00	0.00	0.00	0.00	23.63	20.86	0.00	0.99	0.00	0.00
693	17.02	4089	3083	0.79	35	0	0	0	2	3	24	0	7	0	0	0.00	0.00	0.24	2.02	60.69	0.00	18.26	0.00	0.00	21.22	2.37	53.64	5.75	73	0	73	127.84	91.54	0.00	0.00	0.00	0.00	0.00	0.00	0.00	0.00	0.00	0.00	0.00	23.49	20.29	0.00	0.98	0.00	0.00
711	17.18	4088	3134	0.77	35	0	0	0	2	1	26	0	6	0	0	0.00	0.00	0.57	0.72	62.79	0.00	18.72	0.00	0.00	21.15	0.00	61.66	0.00	73	0	73	137.77	99.35	0.00	0.00	0.00	0.00	0.00	0.00	0.00	0.00	0.00	0.00	0.00	24.95	22.49	0.00	1.04	0.00	0.00
697	17.22	4090	3066	0.78	34	0	0	0	2	2	23	0	7	0	0	0.00	0.00	0.32	1.42	58.67	0.00	20.14	0.00	0.00	21.17	2.46	53.06	6.09	74	0	73	128.52	91.28	0.00	0.00	0.00	0.00	0.00	0.00	0.00	0.00	0.00	0.00	0.00	23.97	20.15	0.00	0.99	0.00	0.00
622	18.46	4090	2549	0.76	35	0	0	0	2	3	25	0	18	0	2	0.00	0.00	0.15	1.16	36.08	0.00	27.26	0.00	1.51	14.99	1.67	40.00	24.89	73	0	73	83.07	59.38	0.00	0.00	0.00	0.00	0.00	0.00	0.00	0.00	0.00	0.00	0.00	12.55	11.16	0.00	0.52	0.00	0.00
748	13.82	4088	4101	0.76	62	0	0	0	2	2	14	0	22	0	4	0.00	0.00	0.23	1.23	35.99	0.00	62.91	0.00	12.13	23.00	0.00	29.52	33.65	73	0	73	171.37	139.06	0.00	0.00	0.00	0.00	0.00	0.00	0.00	0.00	0.00	0.00	0.00	45.28	37.88	0.00	2.02	0.00	0.00
732	17.96	4089	3084	0.78	33	0	0	1	0	2	23	0	8	0	0	0.00	0.00	0.00	1.46	56.85	0.00	22.02	0.00	0.00	20.38	1.43	48.45	11.78	73	0	73	130.04	92.36	0.00	0.00	0.00	0.00	0.00	0.00	0.00	0.00	0.00	0.00	0.00	23.79	20.30	0.00	1.00	0.00	0.00
694	17.21	4089	3052	0.78	32	0	0	1	0	1	26	0	6	0	0	0.00	0.02	0.00	0.49	64.52	0.00	15.45	0.00	0.00	20.61	0.00	62.18	0.00	73	0	73	130.74	93.60	0.00	0.00	0.00	0.00	0.00	0.00	0.00	0.00	0.00	0.00	0.00	23.61	20.65	0.00	0.99	0.00	0.00
716	17.06	4090	3178	0.78	33	0	0	1	1	2	31	0	2	0	0	0.00	0.00	0.23	0.56	77.09	0.00	5.91	0.00	0.00	22.00	0.00	60.94	0.00	73	0	73	134.61	96.71	0.00	0.00	0.00	0.00	0.00	0.00	0.00	0.00	0.00	0.00	0.00	25.33	22.35	0.00	1.03	0.00	0.00
615	20.09	4091	2317	0.77	32	0	0	1	1	6	33	0	10	0	1	0.00	0.00	0.04	0.59	43.05	0.00	14.88	0.00	0.33	24.31	0.00	51.56	4.04	73	0	73	87.82	62.09	0.00	0.00	0.00	0.00	0.00	0.00	0.00	0.00	0.00	0.00	0.00	12.42	10.69	0.00	0.52	0.00	0.00
739	12.44	4088	4497	0.90	67	0	0	0	1	4	36	0	10	0	1	0.00	0.00	0.10	1.30	90.03	0.00	26.90	0.00	7.64	19.01	1.08	60.80	6.66	67	0	66	159.03	129.42	0.00	0.00	0.00	0.00	0.00	0.00	0.00	0.00	0.00	0.00	0.00	46.11	39.08	0.00	2.02	0.00	0.00
710	17.46	4085	3083	0.92	34	0	0	0	0	2	27	0	5	0	0	0.00	0.00	0.00	1.20	69.57	0.00	10.05	0.00	0.00	21.42	1.26	59.87	0.00	68	0	68	133.14	93.11	0.00	0.00	0.00	0.00	0.00	0.00	0.00	0.00	0.00	0.00	0.00	24.48	21.43	0.00	1.01	0.00	0.00
705	17.20	4090	3104	0.93	35	0	0	0	1	2	27	0	5	0	0	0.00	0.00	0.07	1.22	68.31	0.00	12.16	0.00	0.00	21.14	1.06	56.92	3.69	69	0	69	132.80	94.51	0.00	0.00	0.00	0.00	0.00	0.00	0.00	0.00	0.00	0.00	0.00	24.82	21.43	0.00	1.02	0.00	0.00
772	16.24	4089	3600	0.91	34	0	0	1	0	2	26	0	3	0	0	0.00	0.00	0.00	1.64	84.89	0.00	9.32	0.00	0.00	20.29	1.40	62.07	0.00	70	0	70	149.87	106.96	0.00	0.00	0.00	0.00	0.00	0.00	0.00	0.00	0.00	0.00	0.00	32.80	27.99	0.00	1.35	0.00	0.00
767	18.70	4090	3105	0.92	26	0	0	0	1	2	24	0	1	0	0	0.00	0.00	0.17	1.68	74.81	0.00	3.30	0.00	0.00	22.78	1.39	57.12	0.00	70	0	70	142.37	93.51	0.00	0.00	0.00	0.00	0.00	0.00	0.00	0.00	0.00	0.00	0.00	25.35	22.97	0.00	1.01	0.00	0.00
760	18.73	4090	3072	0.92	26	0	1	0	0	2	23	0	2	0	0	0.10	0.00	0.00	1.51	70.12	0.00	7.44	0.00	0.00	22.24	1.45	57.58	0.00	71	0	71	141.05	92.65	0.00	0.00	0.00	0.00	0.00	0.00	0.00	0.00	0.00	0.00	0.00	25.04	21.99	0.00	0.98	0.00	0.00
771	18.55	4091	3147	0.91	26	0	0	1	1	1	23	0	2	0	0	0.00	0.03	0.44	0.67	73.61	0.00	6.37	0.00	0.00	22.98	0.00	58.47	0.00	71	0	71	143.16	94.59	0.00	0.00	0.00	0.00	0.00	0.00	0.00	0.00	0.00	0.00	0.00	26.57	23.54	0.00	1.00	0.00	0.00
702	19.66	4090	2702	0.93	28	0	0	0	2	3	27	0	2	0	0	0.00	0.00	0.51	0.48	62.02	0.00	5.75	0.00	0.00	24.28	0.00	56.07	0.00	72	0	72	122.99	80.13	0.00	0.00	0.00	0.00	0.00	0.00	0.00	0.00	0.00	0.00	0.00	19.59	17.20	0.00	0.79	0.00	0.00
703	17.27	4089	3082	0.93	33	0	0	0	0	2	30	0	2	0	0	0.00	0.00	0.00	1.10	75.47	0.00	4.42	0.00	0.00	21.34	1.08	60.31	0.00	72	0	71	131.60	93.24	0.00	0.00	0.00	0.00	0.00	0.00	0.00	0.00	0.00	0.00	0.00	24.47	20.93	0.00	0.99	0.00	0.00
691	17.22	4089	3039	0.93	34	0	0	1	0	2	29	0	3	0	0	0.00	0.02	0.00	1.23	70.14	0.00	8.36	0.00	0.00	21.41	1.24	60.13	0.00	72	0	72	128.72	91.74	0.00	0.00	0.00	0.00	0.00	0.00	0.00	0.00	0.00	0.00	0.00	23.83	20.47	0.00	0.99	0.00	0.00
705	17.43	3919	3196	0.92	33	0	0	0	2	2	28	0	3	0	0	0.00	0.00	0.18	1.35	74.90	0.00	8.48	0.00	0.00	19.95	0.00	62.62	0.00	71	0	72	137.98	98.63	0.00	0.00	0.00	0.00	0.00	0.00	0.00	0.00	0.00	0.00	0.00	24.26	21.76	0.00	1.03	0.00	0.00
767	17.73	3800	3527	0.92	34	0	0	0	1	2	22	0	6	0	0	0.00	0.00	0.13	2.16	71.86	0.00	19.71	0.00	0.00	18.74	3.30	56.30	3.93	71	0	71	159.26	112.11	0.00	0.00	0.00	0.00	0.00	0.00	0.00	0.00	0.00	0.00	0.00	27.70	22.68	0.00	1.34	0.00	0.00
766	20.07	3800	3110	0.92	26	0	0	0	1	2	24	0	1	0	0	0.00	0.00	0.13	1.66	74.35	0.00	4.26	0.00	0.00	20.92	1.40	57.61	0.00	70	0	70	153.17	100.51	0.00	0.00	0.00	0.00	0.00	0.00	0.00	0.00	0.00	0.00	0.00	22.13	18.98	0.00	0.99	0.00	0.00
694	20.95	3800	2700	0.92	27	0	0	0	0	2	25	0	3	0	0	0.00	0.00	0.00	1.23	60.44	0.00	7.38	0.00	0.00	21.64	1.40	56.02	0.00	70	0	70	129.64	85.12	0.00	0.00	0.00	0.00	0.00	0.00	0.00	0.00	0.00	0.00	0.00	16.14	13.46	0.00	0.76	0.00	0.00
630	19.84	3800	2586	0.94	35	0	0	0	2	4	38	0	3	0	0	0.00	0.00	0.13	0.67	62.16	0.00	4.10	0.00	0.00	21.77	0.00	58.39	0.00	70	0	70	113.35	80.20	0.00	0.00	0.00	0.00	0.00	0.00	0.00	0.00	0.00	0.00	0.00	14.65	12.57	0.00	0.67	0.00	0.00
762	13.82	3800	4491	0.92	50	0	0	1	0	2	28	0	9	0	0	0.00	0.03	0.00	1.62	94.30	0.00	29.28	0.00	0.00	15.43	1.10	63.53	6.12	70	0	70	168.13	130.98	0.00	0.00	0.00	0.00	0.00	0.00	0.00	0.00	0.00	0.00	0.00	37.49	31.37	0.00	1.94	0.00	0.00
677	21.67	3800	2544	0.92	25	0	0	2	0	2	31	0	1	0	0	0.00	0.10	0.00	1.08	60.69	0.00	2.60	0.00	0.00	22.25	0.00	56.08	0.00	70	0	70	121.15	78.04	0.00	0.00	0.00	0.00	0.00	0.00	0.00	0.00	0.00	0.00	0.00	13.00	11.76	0.00	0.61	0.00	0.00
762	15.59	3800	3981	0.92	42	0	0	0	2	4	27	0	6	0	0	0.00	0.00	0.35	1.67	88.62	0.00	18.04	0.00	0.00	17.39	1.51	64.15	1.35	70	0	70	163.42	122.21	0.00	0.00	0.00	0.00	0.00	0.00	0.00	0.00	0.00	0.00	0.00	33.01	27.30	0.00	1.63	0.00	0.00
702	20.68	3800	2766	0.93	25	0	0	0	0	2	26	0	1	0	0	0.00	0.00	0.00	1.12	66.97	0.00	2.89	0.00	0.00	21.07	0.00	58.25	0.00	70	0	70	133.44	87.96	0.00	0.00	0.00	0.00	0.00	0.00	0.00	0.00	0.00	0.00	0.00	16.41	14.60	0.00	0.76	0.00	0.00
704	18.36	3800	3123	0.92	35	0	0	0	2	2	25	0	5	0	0	0.00	0.00	0.39	1.75	67.37	0.00	12.98	0.00	0.00	19.87	1.56	56.04	4.16	70	0	70	141.39	100.68	0.00	0.00	0.00	0.00	0.00	0.00	0.00	0.00	0.00	0.00	0.00	21.89	18.61	0.00	1.04	0.00	0.00
775	17.68	3800	3572	0.91	34	0	0	0	2	3	29	0	3	0	0	0.00	0.00	0.50	0.53	85.69	0.00	8.44	0.00	0.00	19.51	0.00	62.81	0.00	70	0	70	160.90	113.09	0.00	0.00	0.00	0.00	0.00	0.00	0.00	0.00	0.00	0.00	0.00	27.90	22.59	0.00	1.34	0.00	0.00
692	21.16	3800	2664	0.93	26	0	1	0	0	2	26	0	2	0	0	0.07	0.00	0.00	1.22	61.37	0.00	5.36	0.00	0.00	21.70	1.43	55.70	0.00	70	0	71	128.65	83.86	0.00	0.00	0.00	0.00	0.00	0.00	0.00	0.00	0.00	0.00	0.00	16.84	14.53	0.00	0.74	0.00	0.00
707	18.15	3800	3175	0.92	33	0	0	0	2	2	30	0	2	0	0	0.00	0.00	0.25	1.49	75.90	0.00	6.42	0.00	0.00	19.72	0.00	62.13	0.00	70	0	70	143.23	102.20	0.00	0.00	0.00	0.00	0.00	0.00	0.00	0.00	0.00	0.00	0.00	20.50	17.71	0.00	1.02	0.00	0.00
697	18.64	3800	3046	0.93	35	0	0	0	2	3	30	0	4	0	0	0.00	0.00	0.35	0.45	69.36	0.00	10.06	0.00	0.00	20.28	0.00	61.08	0.00	70	0	70	139.03	98.50	0.00	0.00	0.00	0.00	0.00	0.00	0.00	0.00	0.00	0.00	0.00	20.32	17.04	0.00	1.00	0.00	0.00
704	18.34	3800	3127	0.92	34	0	0	0	1	2	28	0	3	0	0	0.00	0.00	0.23	1.38	73.53	0.00	7.46	0.00	0.00	19.58	0.00	62.08	0.00	70	0	70	141.77	100.62	0.00	0.00	0.00	0.00	0.00	0.00	0.00	0.00	0.00	0.00	0.00	21.44	18.66	0.00	1.01	0.00	0.00
695	18.38	3800	3081	0.93	35	0	0	0	2	0	29	0	3	0	0	0.00	0.00	0.63	0.00	73.55	0.00	7.16	0.00	0.00	19.96	0.00	61.66	0.00	70	0	70	139.23	99.42	0.00	0.00	0.00	0.00	0.00	0.00	0.00	0.00	0.00	0.00	0.00	20.69	17.12	0.00	1.01	0.00	0.00
699	18.37	3800	3100	0.93	35	0	0	0	2	0	27	0	5	0	0	0.00	0.00	0.70	0.00	66.03	0.00	15.14	0.00	0.00	19.78	0.00	61.85	0.00	71	0	70	140.60	100.01	0.00	0.00	0.00	0.00	0.00	0.00	0.00	0.00	0.00	0.00	0.00	21.16	18.48	0.00	0.99	0.00	0.00
697	18.37	3800	3094	0.93	35	0	0	0	2	0	24	0	8	0	0	0.00	0.00	0.70	0.00	60.28	0.00	20.74	0.00	0.00	19.84	0.00	57.87	3.92	71	0	71	139.53	99.72	0.00	0.00	0.00	0.00	0.00	0.00	0.00	0.00	0.00	0.00	0.00	20.67	17.00	0.00	1.01	0.00	0.00
698	18.32	3800	3105	0.93	35	0	0	0	2	0	26	0	6	0	0	0.00	0.00	0.65	0.00	66.37	0.00	15.04	0.00	0.00	19.71	0.00	56.00	5.98	71	0	70	140.85	100.22	0.00	0.00	0.00	0.00	0.00	0.00	0.00	0.00	0.00	0.00	0.00	21.14	18.42	0.00	1.01	0.00	0.00
695	18.43	3800	3074	0.93	35	0	0	0	2	1	30	0	4	0	0	0.00	0.00	0.57	0.12	70.79	0.00	9.63	0.00	0.00	20.01	0.00	61.56	0.00	71	0	70	139.37	99.34	0.00	0.00	0.00	0.00	0.00	0.00	0.00	0.00	0.00	0.00	0.00	20.37	16.93	0.00	1.00	0.00	0.00
710	18.30	3800	3162	0.92	33	0	0	0	1	2	27	0	4	0	0	0.00	0.00	0.21	1.33	71.16	0.00	10.84	0.00	0.00	19.58	0.00	62.13	0.00	71	0	71	143.14	101.65	0.00	0.00	0.00	0.00	0.00	0.00	0.00	0.00	0.00	0.00	0.00	21.09	18.02	0.00	1.03	0.00	0.00
763	17.57	3800	3536	0.92	34	0	0	0	1	1	24	0	5	0	0	0.00	0.00	0.27	1.00	77.62	0.00	15.36	0.00	0.00	18.61	1.52	51.45	10.84	71	0	71	158.78	112.41	0.00	0.00	0.00	0.00	0.00	0.00	0.00	0.00	0.00	0.00	0.00	28.70	23.91	0.00	1.34	0.00	0.00
656	21.65	3800	2469	0.94	27	0	0	0	1	2	31	0	2	0	0	0.00	0.00	0.10	1.00	56.99	0.00	4.50	0.00	0.00	22.87	1.07	54.42	0.00	72	0	71	114.83	74.55	0.00	0.00	0.00	0.00	0.00	0.00	0.00	0.00	0.00	0.00	0.00	13.03	11.09	0.00	0.59	0.00	0.00
708	15.51	3960	3568	0.92	43	0	0	1	1	1	29	0	7	0	0	0.00	0.00	0.36	0.54	78.20	0.00	17.45	0.00	0.00	18.76	0.00	62.16	3.58	72	0	71	147.12	110.83	0.00	0.00	0.00	0.00	0.00	0.00	0.00	0.00	0.00	0.00	0.00	26.93	23.76	0.00	1.30	0.00	0.00
767	16.39	4087	3545	0.91	34	0	0	0	1	1	25	0	4	0	0	0.00	0.00	0.42	0.85	78.65	0.00	14.00	0.00	0.00	20.24	1.24	57.95	4.18	72	0	72	148.52	105.06	0.00	0.00	0.00	0.00	0.00	0.00	0.00	0.00	0.00	0.00	0.00	31.67	27.22	0.00	1.31	0.00	0.00
762	18.51	4092	3115	0.91	26	0	0	1	1	2	24	0	2	0	0	0.00	0.00	0.37	0.83	71.34	0.00	7.77	0.00	0.00	22.99	0.00	58.49	0.00	73	0	73	141.47	93.92	0.00	0.00	0.00	0.00	0.00	0.00	0.00	0.00	0.00	0.00	0.00	25.46	22.89	0.00	1.00	0.00	0.00
775	18.82	4089	3116	0.91	27	0	0	0	2	0	22	0	3	0	0	0.00	0.00	0.97	0.00	68.23	0.00	10.63	0.00	0.00	22.89	0.00	52.90	5.38	73	0	73	143.87	94.48	0.00	0.00	0.00	0.00	0.00	0.00	0.00	0.00	0.00	0.00	0.00	26.00	22.73	0.00	1.00	0.00	0.00
768	18.79	4090	3092	0.92	27	0	0	0	2	3	24	0	2	0	0	0.00	0.00	0.71	0.64	71.94	0.00	6.13	0.00	0.00	23.22	0.00	52.87	5.12	73	0	73	142.41	93.39	0.00	0.00	0.00	0.00	0.00	0.00	0.00	0.00	0.00	0.00	0.00	26.53	23.08	0.00	1.03	0.00	0.00
703	19.64	4091	2709	0.93	26	0	0	0	0	2	27	0	1	0	0	0.00	0.00	0.00	1.11	65.36	0.00	2.51	0.00	0.00	23.30	1.23	55.83	0.00	73	0	73	122.44	79.97	0.00	0.00	0.00	0.00	0.00	0.00	0.00	0.00	0.00	0.00	0.00	19.73	17.14	0.00	0.77	0.00	0.00
769	16.45	4087	3542	0.91	34	0	0	1	0	2	27	0	2	0	0	0.00	0.00	0.00	1.69	85.05	0.00	7.02	0.00	0.00	20.18	1.56	61.82	0.00	73	0	73	148.71	105.62	0.00	0.00	0.00	0.00	0.00	0.00	0.00	0.00	0.00	0.00	0.00	32.45	27.79	0.00	1.29	0.00	0.00
661	19.84	4092	2520	0.94	26	0	0	0	2	1	29	0	2	0	0	0.00	0.00	0.40	0.53	59.18	0.00	4.07	0.00	0.00	24.34	0.00	55.83	0.00	72	0	73	109.23	72.44	0.00	0.00	0.00	0.00	0.00	0.00	0.00	0.00	0.00	0.00	0.00	15.47	14.41	0.00	0.62	0.00	0.00
704	15.50	4087	3438	0.92	42	0	0	0	1	1	30	0	6	0	0	0.00	0.00	0.27	0.75	76.57	0.00	14.80	0.00	0.00	19.44	1.14	60.77	3.15	73	0	73	138.24	103.29	0.00	0.00	0.00	0.00	0.00	0.00	0.00	0.00	0.00	0.00	0.00	30.27	25.74	0.00	1.25	0.00	0.00
781	16.23	4089	3645	0.90	38	0	0	0	3	4	32	0	3	0	0	0.00	0.00	0.90	1.34	84.31	0.00	10.33	0.00	0.00	22.53	0.00	57.00	4.24	73	0	73	151.78	106.68	0.00	0.00	0.00	0.00	0.00	0.00	0.00	0.00	0.00	0.00	0.00	33.01	28.93	0.00	1.35	0.00	0.00
695	19.54	4092	2691	0.93	26	0	1	0	0	2	27	0	1	0	0	0.07	0.00	0.00	1.25	64.36	0.00	3.15	0.00	0.00	23.33	1.48	55.66	0.00	73	0	73	120.78	79.34	0.00	0.00	0.00	0.00	0.00	0.00	0.00	0.00	0.00	0.00	0.00	19.37	16.80	0.00	0.76	0.00	0.00
663	17.97	4090	2795	0.94	34	0	0	0	1	3	33	0	2	0	0	0.00	0.00	0.10	1.50	66.51	0.00	4.58	0.00	0.00	22.22	1.90	57.91	0.00	73	0	73	117.55	83.72	0.00	0.00	0.00	0.00	0.00	0.00	0.00	0.00	0.00	0.00	0.00	20.05	17.61	0.00	0.81	0.00	0.00
769	14.27	4087	4083	0.91	43	0	0	1	0	2	27	0	6	0	0	0.00	0.03	0.00	1.61	93.34	0.00	16.38	0.00	0.00	18.30	1.21	61.58	4.64	73	0	73	155.05	116.22	0.00	0.00	0.00	0.00	0.00	0.00	0.00	0.00	0.00	0.00	0.00	39.71	34.06	0.00	1.64	0.00	0.00
698	19.27	4092	2743	0.93	28	0	0	0	2	1	25	0	3	0	0	0.00	0.00	0.51	0.61	60.22	0.00	9.09	0.00	0.00	23.48	0.00	57.26	0.00	73	0	73	123.61	82.03	0.00	0.00	0.00	0.00	0.00	0.00	0.00	0.00	0.00	0.00	0.00	19.33	17.85	0.00	0.76	0.00	0.00
767	16.15	4089	3595	0.91	34	0	0	0	1	1	25	0	4	0	0	0.00	0.00	0.47	0.98	82.69	0.00	11.56	0.00	0.00	20.05	1.41	58.41	3.99	74	0	74	150.08	106.92	0.00	0.00	0.00	0.00	0.00	0.00	0.00	0.00	0.00	0.00	0.00	33.22	27.79	0.00	1.36	0.00	0.00
660	20.21	4090	2472	0.94	26	0	0	0	1	2	29	0	3	0	0	0.00	0.00	0.12	1.10	55.20	0.00	5.94	0.00	0.00	24.78	1.27	53.73	0.00	73	0	73	105.75	68.89	0.00	0.00	0.00	0.00	0.00	0.00	0.00	0.00	0.00	0.00	0.00	15.05	13.18	0.00	0.60	0.00	0.00
776	14.06	4089	4180	0.90	42	0	0	0	2	5	32	0	3	0	0	0.00	0.00	0.34	1.52	103.11	0.00	9.52	0.00	0.00	18.82	0.00	67.12	0.00	73	0	73	157.19	118.57	0.00	0.00	0.00	0.00	0.00	0.00	0.00	0.00	0.00	0.00	0.00	41.47	36.63	0.00	1.69	0.00	0.00
700	19.77	4089	2682	0.93	26	0	1	0	0	2	26	0	2	0	0	0.07	0.00	0.00	1.13	61.20	0.00	5.51	0.00	0.00	23.53	1.23	55.46	0.00	73	0	73	121.53	78.79	0.00	0.00	0.00	0.00	0.00	0.00	0.00	0.00	0.00	0.00	0.00	19.39	17.12	0.00	0.75	0.00	0.00
704	17.10	4090	3116	0.92	34	0	0	1	1	2	30	0	2	0	0	0.00	0.03	0.35	1.43	74.61	0.00	5.74	0.00	0.00	21.41	0.00	61.49	0.00	74	0	74	131.94	94.73	0.00	0.00	0.00	0.00	0.00	0.00	0.00	0.00	0.00	0.00	0.00	24.97	22.13	0.00	0.99	0.00	0.00
776	16.13	4088	3641	0.91	35	0	0	0	2	0	26	0	3	0	0	0.00	0.00	0.97	0.00	85.75	0.00	9.97	0.00	0.00	20.48	0.00	63.39	0.00	74	0	74	150.85	107.51	0.00	0.00	0.00	0.00	0.00	0.00	0.00	0.00	0.00	0.00	0.00	32.60	28.42	0.00	1.35	0.00	0.00
655	20.20	4090	2457	0.94	27	0	0	0	2	3	31	0	1	0	0	0.00	0.00	0.36	0.34	59.61	0.00	1.61	0.00	0.00	24.71	0.00	55.09	0.00	73	0	73	106.02	69.22	0.00	0.00	0.00	0.00	0.00	0.00	0.00	0.00	0.00	0.00	0.00	15.87	13.58	0.00	0.61	0.00	0.00
711	15.28	4088	3523	0.92	43	0	0	0	1	2	30	0	6	0	0	0.00	0.00	0.25	1.31	79.44	0.00	14.05	0.00	0.00	19.24	0.00	59.97	5.51	73	0	74	140.10	105.17	0.00	0.00	0.00	0.00	0.00	0.00	0.00	0.00	0.00	0.00	0.00	30.20	26.69	0.00	1.26	0.00	0.00
770	16.19	4088	3604	0.90	33	0	0	0	2	2	23	0	6	0	0	0.00	0.00	0.68	0.57	73.74	0.00	20.78	0.00	0.00	20.52	0.00	51.84	11.45	73	0	73	150.25	106.95	0.00	0.00	0.00	0.00	0.00	0.00	0.00	0.00	0.00	0.00	0.00	32.69	28.38	0.00	1.36	0.00	0.00
661	20.26	4091	2468	0.95	28	0	0	0	1	2	33	0	0	0	0	0.00	0.00	0.26	0.44	61.63	0.00	0.00	0.00	0.00	24.66	0.00	55.08	0.00	73	0	74	106.51	69.61	0.00	0.00	0.00	0.00	0.00	0.00	0.00	0.00	0.00	0.00	0.00	15.44	13.51	0.00	0.59	0.00	0.00
708	15.33	4088	3496	0.92	42	0	0	0	1	4	30	0	5	0	0	0.00	0.00	0.28	1.51	79.10	0.00	13.45	0.00	0.00	19.62	0.00	65.05	0.00	74	0	74	139.30	104.91	0.00	0.00	0.00	0.00	0.00	0.00	0.00	0.00	0.00	0.00	0.00	29.48	25.66	0.00	1.26	0.00	0.00
776	16.18	4089	3632	0.91	34	0	0	0	2	0	24	0	5	0	0	0.00	0.00	1.01	0.00	78.69	0.00	16.82	0.00	0.00	20.42	0.00	51.96	11.43	74	0	74	151.80	107.90	0.00	0.00	0.00	0.00	0.00	0.00	0.00	0.00	0.00	0.00	0.00	34.16	29.78	0.00	1.35	0.00	0.00
655	20.22	4090	2454	0.94	27	0	0	0	2	5	32	0	1	0	0	0.00	0.00	0.38	0.52	61.05	0.00	0.06	0.00	0.00	24.71	0.00	55.07	0.00	73	0	74	105.70	69.19	0.00	0.00	0.00	0.00	0.00	0.00	0.00	0.00	0.00	0.00	0.00	15.60	13.53	0.00	0.61	0.00	0.00
713	15.38	4088	3511	0.92	44	0	1	0	1	2	30	0	6	0	0	0.10	0.00	0.30	1.43	78.33	0.00	14.68	0.00	0.00	19.58	0.00	63.43	1.60	74	0	74	140.25	105.07	0.00	0.00	0.00	0.00	0.00	0.00	0.00	0.00	0.00	0.00	0.00	30.58	26.44	0.00	1.27	0.00	0.00
777	16.19	4089	3634	0.91	34	0	0	0	2	4	25	0	4	0	0	0.00	0.00	0.68	0.82	82.88	0.00	12.45	0.00	0.00	20.84	0.00	58.56	4.42	73	0	73	151.29	107.83	0.00	0.00	0.00	0.00	0.00	0.00	0.00	0.00	0.00	0.00	0.00	33.89	29.50	0.00	1.35	0.00	0.00
459	15.12	4089	2298	0.92	27	0	0	0	0	2	30	0	1	0	0	0.00	0.00	0.00	0.91	59.32	0.00	1.94	0.00	0.00	25.32	1.24	58.31	0.00	74	0	74	113.62	74.17	0.00	0.00	0.00	0.00	0.00	0.00	0.00	0.00	0.00	0.00	0.00	15.36	13.35	0.00	0.60	0.00	0.00
824	17.47	4090	3569	0.93	43	0	0	1	1	6	33	0	5	0	0	0.00	0.07	0.12	1.19	80.27	0.00	12.06	0.00	0.00	19.51	0.00	59.83	3.18	74	0	74	135.14	101.85	0.00	0.00	0.00	0.00	0.00	0.00	0.00	0.00	0.00	0.00	0.00	29.81	26.00	0.00	1.24	0.00	0.00
949	18.96	4089	3789	0.92	35	0	0	1	1	2	24	0	4	0	0	0.00	0.00	0.40	1.90	80.43	0.00	14.28	0.00	0.00	19.79	0.00	61.25	0.00	74	0	74	146.08	103.79	0.00	0.00	0.00	0.00	0.00	0.00	0.00	0.00	0.00	0.00	0.00	32.15	29.11	0.00	1.34	0.00	0.00
632	20.64	4090	2316	0.95	28	0	0	0	2	1	31	0	3	0	0	0.00	0.00	0.43	0.62	52.69	0.00	4.41	0.00	0.00	24.98	0.00	54.38	0.00	74	0	74	94.26	61.70	0.00	0.00	0.00	0.00	0.00	0.00	0.00	0.00	0.00	0.00	0.00	13.28	11.56	0.00	0.50	0.00	0.00
788	12.80	4085	4665	0.90	51	0	0	0	2	0	26	0	11	0	0	0.00	0.00	0.87	0.00	91.09	0.00	37.70	0.00	0.00	16.75	0.00	54.73	15.72	74	0	74	162.33	126.11	0.00	0.00	0.00	0.00	0.00	0.00	0.00	0.00	0.00	0.00	0.00	46.28	39.80	0.00	2.02	0.00	0.00
697	19.64	4090	2685	0.93	25	0	0	0	2	3	26	0	3	0	0	0.00	0.00	0.47	0.42	59.72	0.00	7.67	0.00	0.00	24.07	0.00	51.81	4.49	73	0	74	120.55	79.18	0.00	0.00	0.00	0.00	0.00	0.00	0.00	0.00	0.00	0.00	0.00	19.53	17.04	0.00	0.75	0.00	0.00
777	16.08	4089	3658	0.91	32	0	0	0	2	1	26	0	2	0	0	0.00	0.00	0.74	1.07	87.50	0.00	7.89	0.00	0.00	20.49	0.00	63.42	0.00	74	0	74	151.21	108.11	0.00	0.00	0.00	0.00	0.00	0.00	0.00	0.00	0.00	0.00	0.00	33.51	29.81	0.00	1.33	0.00	0.00
658	20.16	4090	2471	0.94	28	0	0	0	2	1	27	0	3	0	0	0.00	0.00	0.36	0.66	54.86	0.00	6.41	0.00	0.00	24.32	0.00	51.35	4.17	74	0	74	106.41	69.57	0.00	0.00	0.00	0.00	0.00	0.00	0.00	0.00	0.00	0.00	0.00	15.26	13.49	0.00	0.61	0.00	0.00
664	16.28	4089	3088	0.93	42	0	0	0	2	0	29	0	10	0	0	0.00	0.00	0.48	0.00	63.15	0.00	18.60	0.00	0.00	20.55	0.00	61.73	1.44	74	0	74	125.10	93.77	0.00	0.00	0.00	0.00	0.00	0.00	0.00	0.00	0.00	0.00	0.00	24.29	20.83	0.00	1.00	0.00	0.00
772	14.14	4087	4137	0.90	42	0	0	0	2	0	25	0	8	0	0	0.00	0.00	0.87	0.00	86.68	0.00	25.13	0.00	0.00	18.70	0.00	55.38	11.78	75	0	75	156.03	117.51	0.00	0.00	0.00	0.00	0.00	0.00	0.00	0.00	0.00	0.00	0.00	39.40	34.64	0.00	1.67	0.00	0.00
767	18.67	4090	3110	0.91	27	0	0	0	2	0	23	0	3	0	0	0.00	0.00	0.80	0.00	67.98	0.00	11.29	0.00	0.00	23.15	0.00	58.18	0.00	74	0	74	142.37	93.43	0.00	0.00	0.00	0.00	0.00	0.00	0.00	0.00	0.00	0.00	0.00	26.10	22.59	0.00	1.00	0.00	0.00
765	18.74	4090	3089	0.91	28	0	0	0	2	4	24	0	1	0	0	0.00	0.00	0.57	0.78	74.18	0.00	3.51	0.00	0.00	23.28	0.00	57.98	0.00	75	0	75	141.89	93.09	0.00	0.00	0.00	0.00	0.00	0.00	0.00	0.00	0.00	0.00	0.00	25.94	22.57	0.00	1.03	0.00	0.00
705	19.66	4092	2715	0.93	28	0	0	0	1	2	26	0	1	0	0	0.00	0.00	0.43	1.46	64.84	0.00	2.62	0.00	0.00	23.83	0.00	56.51	0.00	75	0	74	123.39	80.69	0.00	0.00	0.00	0.00	0.00	0.00	0.00	0.00	0.00	0.00	0.00	19.83	17.70	0.00	0.77	0.00	0.00
769	16.29	4087	3578	0.91	34	0	0	0	0	2	27	0	2	0	0	0.00	0.00	0.00	1.56	85.26	0.00	8.22	0.00	0.00	19.89	1.50	62.32	0.00	74	0	74	149.30	106.20	0.00	0.00	0.00	0.00	0.00	0.00	0.00	0.00	0.00	0.00	0.00	33.05	27.64	0.00	1.32	0.00	0.00
463	15.05	4091	2331	0.91	26	0	0	0	2	5	31	0	2	0	0	0.00	0.00	0.20	0.92	56.93	0.00	4.94	0.00	0.00	26.27	0.00	58.68	0.00	74	0	74	114.52	75.33	0.00	0.00	0.00	0.00	0.00	0.00	0.00	0.00	0.00	0.00	0.00	15.24	13.66	0.00	0.60	0.00	0.00
953	19.64	4091	3673	0.94	43	0	0	1	0	2	32	0	4	0	0	0.00	0.03	0.00	1.25	82.34	0.00	10.03	0.00	0.00	18.44	1.09	60.83	0.00	75	0	75	131.61	98.90	0.00	0.00	0.00	0.00	0.00	0.00	0.00	0.00	0.00	0.00	0.00	29.78	25.50	0.00	1.27	0.00	0.00
701	17.15	4090	3096	0.93	34	0	0	0	1	2	28	0	4	0	0	0.00	0.00	0.12	1.30	71.38	0.00	8.74	0.00	0.00	21.16	1.18	56.94	3.57	74	0	75	131.91	94.15	0.00	0.00	0.00	0.00	0.00	0.00	0.00	0.00	0.00	0.00	0.00	25.07	22.02	0.00	1.00	0.00	0.00
702	17.18	4090	3095	0.92	34	0	0	1	0	2	30	0	2	0	0	0.00	0.05	0.00	1.30	74.58	0.00	5.47	0.00	0.00	21.01	1.28	60.53	0.00	74	0	74	131.40	93.62	0.00	0.00	0.00	0.00	0.00	0.00	0.00	0.00	0.00	0.00	0.00	24.48	21.17	0.00	1.01	0.00	0.00
774	16.21	4088	3617	0.92	34	0	0	0	1	2	28	0	1	0	0	0.00	0.00	0.17	1.76	90.12	0.00	4.08	0.00	0.00	20.47	1.35	61.97	0.00	74	0	74	151.16	107.48	0.00	0.00	0.00	0.00	0.00	0.00	0.00	0.00	0.00	0.00	0.00	33.08	29.23	0.00	1.34	0.00	0.00
623	23.50	4092	2006	0.93	26	0	0	1	0	2	25	0	7	0	0	0.00	0.03	0.00	0.77	36.39	0.00	11.34	0.00	0.00	16.32	1.16	48.23	10.78	74	0	74	95.67	63.06	0.00	0.00	0.00	0.00	0.00	0.00	0.00	0.00	0.00	0.00	0.00	11.20	9.92	0.00	0.44	0.00	0.00
750	12.71	4087	4470	0.90	50	0	0	1	1	1	31	0	15	0	0	0.00	0.00	0.13	0.60	82.85	0.00	41.20	0.00	0.00	21.61	0.00	56.03	9.65	74	0	74	141.08	112.03	0.00	0.00	0.00	0.00	0.00	0.00	0.00	0.00	0.00	0.00	0.00	42.23	35.05	0.00	1.77	0.00	0.00
685	17.16	4090	3020	0.91	35	0	0	1	1	1	21	0	11	0	0	0.00	0.00	0.12	0.86	54.14	0.00	24.53	0.00	0.00	21.03	1.55	58.46	1.81	74	0	74	130.31	93.16	0.00	0.00	0.00	0.00	0.00	0.00	0.00	0.00	0.00	0.00	0.00	24.20	20.62	0.00	1.00	0.00	0.00
738	17.42	4087	3210	0.90	33	0	0	0	1	0	32	0	4	0	0	0.00	0.00	0.17	0.00	79.31	0.00	4.31	0.00	0.00	22.97	0.00	57.07	2.54	74	0	74	125.36	90.14	0.00	0.00	0.00	0.00	0.00	0.00	0.00	0.00	0.00	0.00	0.00	24.15	22.31	0.00	0.97	0.00	0.00
716	17.26	4090	3142	0.91	42	0	0	0	1	6	32	0	2	0	0	0.00	0.00	0.10	1.38	78.39	0.00	2.55	0.00	0.00	21.43	1.24	60.07	0.00	74	0	74	131.90	95.27	0.00	0.00	0.00	0.00	0.00	0.00	0.00	0.00	0.00	0.00	0.00	24.24	21.60	0.00	1.01	0.00	0.00
709	17.24	4089	3111	0.92	34	0	0	0	1	2	30	0	2	0	0	0.00	0.00	0.13	1.25	78.14	0.00	2.18	0.00	0.00	21.32	1.07	59.04	1.34	74	0	74	132.48	94.23	0.00	0.00	0.00	0.00	0.00	0.00	0.00	0.00	0.00	0.00	0.00	24.84	22.04	0.00	1.01	0.00	0.00
744	15.96	4090	3530	0.91	33	0	0	1	0	2	28	0	1	0	0	0.00	0.03	0.00	1.66	91.09	0.00	1.66	0.00	0.00	19.94	1.49	62.60	0.00	74	0	74	148.40	106.24	0.00	0.00	0.00	0.00	0.00	0.00	0.00	0.00	0.00	0.00	0.00	31.73	27.50	0.00	1.31	0.00	0.00
781	18.83	4090	3139	0.93	27	0	0	0	2	1	22	0	3	0	0	0.00	0.00	0.59	0.79	68.32	0.00	10.66	0.00	0.00	22.94	0.00	58.23	0.00	74	0	74	141.16	93.76	0.00	0.00	0.00	0.00	0.00	0.00	0.00	0.00	0.00	0.00	0.00	25.56	23.02	0.00	1.00	0.00	0.00
775	18.68	4091	3139	0.91	26	0	0	0	2	1	22	0	2	0	0	0.00	0.00	0.72	1.06	72.51	0.00	6.46	0.00	0.00	22.44	0.00	58.88	0.00	74	0	74	144.27	95.14	0.00	0.00	0.00	0.00	0.00	0.00	0.00	0.00	0.00	0.00	0.00	26.42	23.08	0.00	1.02	0.00	0.00
772	18.88	4090	3095	0.92	26	0	0	0	2	1	25	0	2	0	0	0.00	0.00	0.74	0.17	70.58	0.00	7.69	0.00	0.00	23.13	0.00	58.00	0.00	74	0	74	142.77	93.44	0.00	0.00	0.00	0.00	0.00	0.00	0.00	0.00	0.00	0.00	0.00	26.09	22.95	0.00	1.00	0.00	0.00
695	19.58	4091	2688	0.92	28	0	0	0	1	1	27	0	1	0	0	0.00	0.00	0.38	0.68	64.84	0.00	2.48	0.00	0.00	23.61	1.31	55.50	0.00	74	0	75	121.45	79.52	0.00	0.00	0.00	0.00	0.00	0.00	0.00	0.00	0.00	0.00	0.00	19.57	16.67	0.00	0.77	0.00	0.00
706	17.20	4091	3106	0.92	33	0	0	1	1	5	31	0	3	0	0	0.00	0.03	0.10	1.03	71.49	0.00	8.87	0.00	0.00	22.16	0.00	60.64	0.00	74	0	74	132.23	94.01	0.00	0.00	0.00	0.00	0.00	0.00	0.00	0.00	0.00	0.00	0.00	24.53	21.55	0.00	0.99	0.00	0.00
772	16.26	4088	3597	0.91	34	0	0	0	0	2	27	0	2	0	0	0.00	0.00	0.00	1.63	86.43	0.00	7.30	0.00	0.00	20.14	1.44	62.16	0.00	75	0	75	149.84	106.55	0.00	0.00	0.00	0.00	0.00	0.00	0.00	0.00	0.00	0.00	0.00	32.78	28.48	0.00	1.34	0.00	0.00
491	20.32	4091	1827	0.93	25	0	0	0	1	2	33	0	5	0	0	0.00	0.00	0.05	0.56	40.57	0.00	5.06	0.00	0.00	19.37	0.83	58.78	0.70	74	0	74	83.23	54.53	0.00	0.00	0.00	0.00	0.00	0.00	0.00	0.00	0.00	0.00	0.00	8.67	7.69	0.00	0.34	0.00	0.00
976	13.86	4086	5336	0.92	66	0	0	1	1	1	34	0	20	0	0	0.00	0.02	0.12	0.50	91.78	0.00	54.14	0.00	0.00	18.87	0.00	52.85	14.42	74	0	75	143.67	118.47	0.00	0.00	0.00	0.00	0.00	0.00	0.00	0.00	0.00	0.00	0.00	51.47	42.26	0.00	2.25	0.00	0.00
810	16.37	4088	3747	0.90	33	0	0	0	1	0	18	0	13	0	0	0.00	0.00	0.20	0.00	49.16	0.00	49.92	0.00	0.00	22.18	0.00	29.35	32.10	74	0	74	145.44	104.00	0.00	0.00	0.00	0.00	0.00	0.00	0.00	0.00	0.00	0.00	0.00	32.39	28.88	0.00	1.32	0.00	0.00
740	18.43	4090	3040	0.91	26	0	0	0	0	1	22	0	4	0	0	0.00	0.00	0.00	1.19	70.27	0.00	7.44	0.00	0.00	22.46	2.00	54.09	3.03	74	0	75	139.86	93.12	0.00	0.00	0.00	0.00	0.00	0.00	0.00	0.00	0.00	0.00	0.00	24.47	21.25	0.00	0.98	0.00	0.00
724	19.87	4090	2758	0.91	34	0	0	0	0	2	25	0	4	0	0	0.00	0.00	0.00	1.57	59.45	0.00	9.01	0.00	0.00	22.62	3.01	54.50	0.00	75	0	74	121.64	81.11	0.00	0.00	0.00	0.00	0.00	0.00	0.00	0.00	0.00	0.00	0.00	18.47	17.34	0.00	0.73	0.00	0.00
614	21.52	4091	2158	0.93	34	0	0	0	1	2	30	0	8	0	1	0.00	0.00	0.09	0.69	41.17	0.00	11.46	0.00	0.35	16.31	0.84	51.78	9.55	74	0	74	97.01	69.57	0.00	0.00	0.00	0.00	0.00	0.00	0.00	0.00	0.00	0.00	0.00	13.12	11.62	0.00	0.52	0.00	0.00
716	11.36	4085	4778	0.91	56	0	0	0	1	1	29	0	21	0	1	0.00	0.00	0.12	0.57	73.12	0.00	53.74	0.00	7.71	22.05	0.00	50.31	16.28	74	0	75	139.82	113.65	0.00	0.00	0.00	0.00	0.00	0.00	0.00	0.00	0.00	0.00	0.00	44.17	37.13	0.00	1.89	0.00	0.00
706	16.83	4090	3176	0.92	43	0	0	0	1	4	29	0	5	0	0	0.00	0.00	0.18	1.13	67.55	0.00	15.14	0.00	0.00	20.85	1.11	55.27	5.94	74	0	74	133.29	96.92	0.00	0.00	0.00	0.00	0.00	0.00	0.00	0.00	0.00	0.00	0.00	23.97	22.50	0.00	1.01	0.00	0.00
621	21.78	4090	2159	0.93	35	0	0	0	1	2	37	0	4	0	1	0.00	0.00	0.17	0.27	48.41	0.00	4.14	0.00	0.36	17.04	0.00	60.04	1.14	75	0	74	96.93	68.87	0.00	0.00	0.00	0.00	0.00	0.00	0.00	0.00	0.00	0.00	0.00	13.05	11.32	0.00	0.52	0.00	0.00
731	11.60	4086	4775	0.90	60	0	0	0	2	2	34	0	19	0	0	0.00	0.00	0.48	1.03	89.18	0.00	44.40	0.00	0.00	22.10	0.70	53.09	12.51	75	0	75	141.23	114.02	0.00	0.00	0.00	0.00	0.00	0.00	0.00	0.00	0.00	0.00	0.00	44.77	37.12	0.00	1.94	0.00	0.00
700	16.89	4090	3137	0.93	43	0	0	0	0	1	30	0	4	0	0	0.00	0.00	0.00	0.66	75.70	0.00	6.42	0.00	0.00	20.31	1.07	56.92	4.82	74	0	75	133.49	96.91	0.00	0.00	0.00	0.00	0.00	0.00	0.00	0.00	0.00	0.00	0.00	24.34	22.47	0.00	0.99	0.00	0.00
616	21.49	4091	2169	0.93	35	0	0	1	1	2	36	0	4	0	1	0.00	0.01	0.14	0.34	46.79	0.00	6.25	0.00	0.36	17.17	0.00	61.34	0.00	74	0	75	96.87	69.27	0.00	0.00	0.00	0.00	0.00	0.00	0.00	0.00	0.00	0.00	0.00	12.47	11.12	0.00	0.52	0.00	0.00
731	11.62	4085	4763	0.91	58	0	0	0	0	1	29	0	24	0	0	0.00	0.00	0.00	0.40	74.75	0.00	59.29	0.00	0.00	21.92	0.00	57.34	9.11	74	0	74	139.85	113.38	0.00	0.00	0.00	0.00	0.00	0.00	0.00	0.00	0.00	0.00	0.00	44.99	37.62	0.00	1.91	0.00	0.00
710	16.91	4089	3177	0.92	43	0	0	0	1	4	28	0	6	0	0	0.00	0.00	0.18	1.15	69.28	0.00	13.32	0.00	0.00	20.84	1.12	50.01	11.12	75	0	74	133.29	97.16	0.00	0.00	0.00	0.00	0.00	0.00	0.00	0.00	0.00	0.00	0.00	24.11	22.32	0.00	1.01	0.00	0.00
621	21.76	4091	2161	0.93	34	0	0	0	1	1	34	0	4	0	1	0.00	0.00	0.21	0.19	47.54	0.00	5.24	0.00	0.37	16.83	0.00	60.50	0.91	74	0	74	97.49	69.27	0.00	0.00	0.00	0.00	0.00	0.00	0.00	0.00	0.00	0.00	0.00	12.48	11.14	0.00	0.51	0.00	0.00
720	11.56	4085	4723	0.91	57	0	0	0	1	0	29	0	22	0	2	0.00	0.00	0.31	0.00	70.31	0.00	59.72	0.00	3.44	21.69	0.00	48.44	18.32	75	0	75	139.69	113.50	0.00	0.00	0.00	0.00	0.00	0.00	0.00	0.00	0.00	0.00	0.00	46.21	38.02	0.00	1.91	0.00	0.00
713	16.85	4089	3205	0.92	40	0	0	0	1	1	22	0	11	0	0	0.00	0.00	0.35	0.87	53.26	0.00	30.04	0.00	0.00	20.70	1.48	45.63	15.35	74	0	74	134.58	97.72	0.00	0.00	0.00	0.00	0.00	0.00	0.00	0.00	0.00	0.00	0.00	23.92	22.61	0.00	1.01	0.00	0.00
624	21.79	4091	2167	0.93	33	0	0	0	2	3	33	0	6	0	1	0.00	0.00	0.26	0.23	46.01	0.00	6.84	0.00	0.26	16.80	0.00	52.95	8.46	74	0	75	97.07	69.14	0.00	0.00	0.00	0.00	0.00	0.00	0.00	0.00	0.00	0.00	0.00	12.91	11.13	0.00	0.52	0.00	0.00
735	11.73	4085	4748	0.90	57	0	0	0	1	1	32	0	18	0	0	0.00	0.00	0.07	0.42	86.55	0.00	47.06	0.00	0.00	20.09	0.00	59.19	8.99	74	0	75	145.91	118.06	0.00	0.00	0.00	0.00	0.00	0.00	0.00	0.00	0.00	0.00	0.00	46.32	38.13	0.00	2.00	0.00	0.00
703	17.40	4089	3059	0.91	34	0	0	0	2	0	25	0	8	0	0	0.00	0.00	0.17	0.00	60.25	0.00	20.10	0.00	0.00	20.59	0.00	59.95	2.07	75	0	75	131.33	94.20	0.00	0.00	0.00	0.00	0.00	0.00	0.00	0.00	0.00	0.00	0.00	23.57	20.46	0.00	0.99	0.00	0.00
629	21.37	4089	2229	0.93	34	0	0	0	1	0	31	0	11	0	1	0.00	0.00	0.04	0.00	40.29	0.00	14.85	0.00	0.25	18.53	0.00	49.40	10.70	75	0	75	94.03	67.41	0.00	0.00	0.00	0.00	0.00	0.00	0.00	0.00	0.00	0.00	0.00	12.70	11.65	0.00	0.50	0.00	0.00
711	11.17	4086	4822	0.91	65	0	0	0	1	1	25	0	21	0	2	0.00	0.00	0.12	0.65	66.13	0.00	59.10	0.00	11.22	20.28	0.65	44.48	23.42	74	0	75	145.50	118.80	0.00	0.00	0.00	0.00	0.00	0.00	0.00	0.00	0.00	0.00	0.00	46.32	39.01	0.00	2.00	0.00	0.00
799	15.82	4088	3824	0.90	33	0	0	1	1	0	24	0	7	0	0	0.00	0.00	0.20	0.00	72.67	0.00	29.56	0.00	0.00	22.63	0.00	55.06	6.49	75	0	75	146.13	104.68	0.00	0.00	0.00	0.00	0.00	0.00	0.00	0.00	0.00	0.00	0.00	34.29	30.57	0.00	1.36	0.00	0.00
659	21.82	4090	2287	0.94	26	0	0	1	1	1	27	0	2	0	0	0.00	0.00	0.14	0.70	52.92	0.00	2.87	0.00	0.00	18.99	1.64	57.55	0.00	74	0	74	113.36	74.38	0.00	0.00	0.00	0.00	0.00	0.00	0.00	0.00	0.00	0.00	0.00	15.70	13.46	0.00	0.61	0.00	0.00
609	20.93	4091	2202	0.95	42	0	0	0	2	0	26	0	14	0	1	0.00	0.00	0.14	0.00	36.31	0.00	18.52	0.00	0.34	27.02	0.00	50.54	1.51	74	0	74	112.54	84.82	0.00	0.00	0.00	0.00	0.00	0.00	0.00	0.00	0.00	0.00	0.00	15.35	13.35	0.00	0.63	0.00	0.00
763	10.86	4084	5323	0.84	62	0	0	0	1	0	30	0	16	0	5	0.00	0.00	0.07	0.00	83.60	0.00	45.02	0.00	23.35	14.94	0.00	53.26	20.94	69	0	67	129.70	110.33	0.00	0.00	0.00	0.00	0.00	0.00	0.00	0.00	0.00	0.00	0.00	44.74	38.91	0.00	2.01	0.00	0.00
741	17.98	4084	3125	0.86	31	0	0	0	1	0	20	0	14	0	0	0.00	0.00	0.07	0.00	46.01	0.00	35.31	0.00	0.00	18.36	0.00	51.60	12.06	71	0	71	124.40	93.62	0.00	0.00	0.00	0.00	0.00	0.00	0.00	0.00	0.00	0.00	0.00	24.51	21.84	0.00	1.00	0.00	0.00
730	17.79	4084	3111	0.86	33	0	0	0	1	4	31	0	3	0	0	0.00	0.00	0.05	0.51	75.16	0.00	5.94	0.00	0.00	18.74	0.00	63.47	0.00	73	0	72	125.23	95.27	0.00	0.00	0.00	0.00	0.00	0.00	0.00	0.00	0.00	0.00	0.00	24.51	21.12	0.00	1.04	0.00	0.00
727	17.94	4086	3071	0.86	35	0	0	0	1	4	27	0	5	0	0	0.00	0.00	0.25	0.70	64.86	0.00	14.57	0.00	0.00	19.28	0.00	52.34	10.43	73	0	73	123.47	93.86	0.00	0.00	0.00	0.00	0.00	0.00	0.00	0.00	0.00	0.00	0.00	24.62	21.36	0.00	1.01	0.00	0.00
726	17.81	4089	3088	0.86	33	0	0	2	0	1	27	0	4	0	0	0.00	0.08	0.00	0.75	67.26	0.00	12.58	0.00	0.00	18.53	1.25	56.50	5.91	73	0	73	123.10	93.66	0.00	0.00	0.00	0.00	0.00	0.00	0.00	0.00	0.00	0.00	0.00	24.20	20.81	0.00	1.01	0.00	0.00
727	17.77	4089	3099	0.86	33	0	0	0	1	1	25	0	6	0	0	0.00	0.00	0.10	0.80	61.51	0.00	18.65	0.00	0.00	18.26	1.35	56.72	5.90	74	0	73	122.75	93.69	0.00	0.00	0.00	0.00	0.00	0.00	0.00	0.00	0.00	0.00	0.00	24.58	21.62	0.00	1.01	0.00	0.00
726	17.70	4090	3103	0.86	33	0	0	2	0	1	24	0	7	0	0	0.00	0.08	0.00	0.78	58.60	0.00	21.85	0.00	0.00	18.45	1.29	56.62	5.93	74	0	73	122.83	93.85	0.00	0.00	0.00	0.00	0.00	0.00	0.00	0.00	0.00	0.00	0.00	24.23	20.79	0.00	1.01	0.00	0.00
728	17.84	4089	3089	0.86	33	0	0	0	1	1	27	0	4	0	0	0.00	0.00	0.10	0.80	68.73	0.00	11.11	0.00	0.00	17.96	1.35	62.86	0.00	74	0	74	122.82	93.95	0.00	0.00	0.00	0.00	0.00	0.00	0.00	0.00	0.00	0.00	0.00	24.18	21.28	0.00	0.99	0.00	0.00
728	17.76	4090	3103	0.86	34	0	0	1	1	1	23	0	8	0	0	0.00	0.03	0.08	0.78	56.35	0.00	23.87	0.00	0.00	18.34	1.32	52.30	10.28	73	0	74	123.01	93.86	0.00	0.00	0.00	0.00	0.00	0.00	0.00	0.00	0.00	0.00	0.00	24.93	21.77	0.00	1.01	0.00	0.00
674	23.40	4090	2181	0.87	33	0	0	0	1	1	23	0	7	0	0	0.00	0.00	0.07	0.51	40.55	0.00	11.68	0.00	0.00	14.31	1.31	60.97	0.00	75	0	74	119.34	91.26	0.00	0.00	0.00	0.00	0.00	0.00	0.00	0.00	0.00	0.00	0.00	16.41	14.19	0.00	0.69	0.00	0.00
737	13.08	4087	4265	0.85	50	0	0	0	1	2	29	0	17	0	0	0.00	0.00	0.10	1.32	75.83	0.00	41.27	0.00	0.00	19.84	0.95	54.68	11.44	75	0	74	117.16	95.47	0.00	0.00	0.00	0.00	0.00	0.00	0.00	0.00	0.00	0.00	0.00	28.86	28.74	0.00	1.21	0.00	0.00
803	15.58	4084	3909	0.83	33	0	0	0	1	1	27	0	6	0	0	0.00	0.00	0.19	0.80	87.46	0.00	16.26	0.00	0.00	16.37	0.00	68.06	0.00	75	0	75	130.30	100.05	0.00	0.00	0.00	0.00	0.00	0.00	0.00	0.00	0.00	0.00	0.00	37.58	27.96	0.00	1.59	0.00	0.00
793	19.42	4087	3095	0.84	34	0	0	0	0	5	27	0	2	0	0	0.00	0.00	0.00	0.74	74.28	0.00	4.08	0.00	0.00	19.33	0.00	61.25	0.00	75	0	75	128.37	93.41	0.00	0.00	0.00	0.00	0.00	0.00	0.00	0.00	0.00	0.00	0.00	23.70	22.41	0.00	0.92	0.00	0.00
791	19.25	4087	3112	0.84	26	0	0	0	2	0	26	0	0	0	0	0.00	0.00	0.89	0.00	78.81	0.00	0.00	0.00	0.00	18.36	0.00	62.39	0.00	75	0	75	129.66	93.76	0.00	0.00	0.00	0.00	0.00	0.00	0.00	0.00	0.00	0.00	0.00	24.27	21.78	0.00	0.97	0.00	0.00
793	19.44	4085	3092	0.85	25	0	0	1	1	5	26	0	0	0	0	0.00	0.03	0.03	0.75	78.19	0.00	0.00	0.00	0.00	19.65	0.00	60.90	0.00	75	0	75	131.20	94.11	0.00	0.00	0.00	0.00	0.00	0.00	0.00	0.00	0.00	0.00	0.00	24.43	21.74	0.00	0.98	0.00	0.00
780	19.39	4089	3046	0.85	27	0	0	0	1	2	24	0	1	0	0	0.00	0.00	0.37	1.65	75.80	0.00	0.31	0.00	0.00	19.02	0.00	61.59	0.00	75	0	75	129.66	94.10	0.00	0.00	0.00	0.00	0.00	0.00	0.00	0.00	0.00	0.00	0.00	23.68	21.34	0.00	0.95	0.00	0.00
714	21.59	4090	2504	0.87	26	0	0	0	1	2	26	0	0	0	0	0.00	0.00	0.36	1.36	60.47	0.00	0.00	0.00	0.00	21.08	1.44	55.89	0.00	75	0	75	119.60	86.40	0.00	0.00	0.00	0.00	0.00	0.00	0.00	0.00	0.00	0.00	0.00	18.30	16.70	0.00	0.71	0.00	0.00
733	17.25	4089	3216	0.86	33	0	0	1	1	1	30	0	2	0	0	0.00	0.00	0.27	0.75	80.41	0.00	3.47	0.00	0.00	17.86	0.00	64.89	0.00	75	0	76	124.94	95.96	0.00	0.00	0.00	0.00	0.00	0.00	0.00	0.00	0.00	0.00	0.00	29.05	21.57	0.00	1.26	0.00	0.00
730	17.86	4089	3095	0.86	33	0	0	1	1	1	23	0	8	0	0	0.00	0.05	0.13	0.83	58.51	0.00	21.22	0.00	0.00	18.11	1.41	58.26	4.36	75	0	75	123.93	94.50	0.00	0.00	0.00	0.00	0.00	0.00	0.00	0.00	0.00	0.00	0.00	25.02	21.43	0.00	1.01	0.00	0.00
680	23.25	4090	2213	0.87	33	0	0	0	1	1	26	0	5	0	0	0.00	0.00	0.10	0.59	43.69	0.00	9.37	0.00	0.00	14.33	1.42	61.01	0.00	76	0	75	119.72	91.58	0.00	0.00	0.00	0.00	0.00	0.00	0.00	0.00	0.00	0.00	0.00	16.22	14.28	0.00	0.69	0.00	0.00
742	10.46	4084	5380	0.88	49	0	0	0	1	1	28	0	14	0	0	0.00	0.00	0.13	1.07	102.37	0.00	50.47	0.00	0.00	19.54	1.05	54.49	14.46	75	0	75	122.64	99.55	0.00	0.00	0.00	0.00	0.00	0.00	0.00	0.00	0.00	0.00	0.00	40.01	37.47	0.00	1.69	0.00	0.00
743	18.14	4086	3106	0.89	26	0	0	0	2	1	19	0	5	0	0	0.00	0.00	0.63	1.00	62.23	0.00	16.97	0.00	0.00	20.65	0.00	61.22	0.00	75	0	76	133.33	95.00	0.00	0.00	0.00	0.00	0.00	0.00	0.00	0.00	0.00	0.00	0.00	25.13	22.46	0.00	1.06	0.00	0.00
703	17.38	4086	3067	0.90	26	0	0	0	2	1	22	0	2	0	0	0.00	0.00	0.50	0.87	70.90	0.00	8.47	0.00	0.00	21.39	0.00	61.22	0.00	75	0	75	132.18	93.71	0.00	0.00	0.00	0.00	0.00	0.00	0.00	0.00	0.00	0.00	0.00	25.37	22.81	0.00	1.00	0.00	0.00
753	22.14	4088	2575	0.84	26	0	0	0	1	2	25	0	3	0	0	0.00	0.00	0.26	1.26	58.36	0.00	3.47	0.00	0.00	20.55	0.00	57.31	0.00	75	0	75	118.53	86.37	0.00	0.00	0.00	0.00	0.00	0.00	0.00	0.00	0.00	0.00	0.00	17.87	16.24	0.00	0.71	0.00	0.00
742	17.45	4089	3220	0.85	33	0	0	0	1	1	29	0	4	0	0	0.00	0.00	0.20	0.68	76.62	0.00	7.14	0.00	0.00	17.50	0.00	65.05	0.00	75	0	76	125.38	95.98	0.00	0.00	0.00	0.00	0.00	0.00	0.00	0.00	0.00	0.00	0.00	29.82	21.91	0.00	1.28	0.00	0.00
736	17.96	4088	3104	0.86	33	0	0	0	1	1	28	0	4	0	0	0.00	0.00	0.15	0.85	68.62	0.00	11.32	0.00	0.00	17.90	1.45	58.37	4.32	75	0	75	123.71	94.64	0.00	0.00	0.00	0.00	0.00	0.00	0.00	0.00	0.00	0.00	0.00	24.84	22.31	0.00	0.99	0.00	0.00
664	23.00	4092	2186	0.87	33	0	0	1	1	1	26	0	4	0	0	0.00	0.02	0.09	0.57	45.65	0.00	7.10	0.00	0.00	14.56	1.49	60.95	0.00	75	0	75	119.37	91.52	0.00	0.00	0.00	0.00	0.00	0.00	0.00	0.00	0.00	0.00	0.00	16.53	14.19	0.00	0.69	0.00	0.00
763	13.45	4086	4299	0.84	49	0	0	0	1	2	30	0	17	0	0	0.00	0.00	0.12	1.23	75.08	0.00	42.41	0.00	0.00	19.33	0.98	54.55	11.69	75	0	76	118.34	96.28	0.00	0.00	0.00	0.00	0.00	0.00	0.00	0.00	0.00	0.00	0.00	29.21	29.89	0.00	1.22	0.00	0.00
736	17.65	4089	3157	0.85	33	0	0	2	0	1	25	0	7	0	0	0.00	0.12	0.00	0.52	64.84	0.00	16.98	0.00	0.00	17.70	0.00	64.65	0.00	76	0	76	123.62	94.96	0.00	0.00	0.00	0.00	0.00	0.00	0.00	0.00	0.00	0.00	0.00	29.89	21.35	0.00	1.25	0.00	0.00
739	17.65	4086	3171	0.85	33	0	0	0	1	0	25	0	9	0	0	0.00	0.00	0.17	0.00	59.25	0.00	23.70	0.00	0.00	17.77	0.00	59.72	4.85	76	0	77	123.24	94.41	0.00	0.00	0.00	0.00	0.00	0.00	0.00	0.00	0.00	0.00	0.00	25.21	22.46	0.00	1.01	0.00	0.00
732	18.23	4086	3043	0.86	33	0	0	1	1	3	30	0	2	0	0	0.00	0.03	0.13	0.45	73.18	0.00	5.40	0.00	0.00	19.37	0.00	62.40	0.00	76	0	77	124.88	94.32	0.00	0.00	0.00	0.00	0.00	0.00	0.00	0.00	0.00	0.00	0.00	24.20	20.72	0.00	1.01	0.00	0.00
731	17.94	4089	3084	0.86	33	0	0	0	1	1	24	0	7	0	0	0.00	0.00	0.12	0.77	59.08	0.00	20.61	0.00	0.00	17.91	1.41	52.50	10.24	76	0	76	123.59	94.75	0.00	0.00	0.00	0.00	0.00	0.00	0.00	0.00	0.00	0.00	0.00	23.99	20.72	0.00	1.00	0.00	0.00
747	14.89	4087	3798	0.82	33	0	0	1	1	2	26	0	5	0	0	0.00	0.03	0.16	1.78	81.87	0.00	19.04	0.00	0.00	15.56	2.60	60.71	6.24	76	0	76	129.04	98.77	0.00	0.00	0.00	0.00	0.00	0.00	0.00	0.00	0.00	0.00	0.00	32.61	28.01	0.00	1.30	0.00	0.00
852	21.57	4048	3021	0.67	26	0	0	2	16	4	32	0	5	0	0	0.00	0.36	2.81	1.88	56.31	0.00	11.21	0.00	0.00	32.08	3.17	38.51	4.67	72	0	73	145.00	85.58	0.00	0.00	0.00	0.00	0.00	0.00	0.00	0.00	0.00	0.00	0.00	23.60	22.87	0.00	1.19	0.00	0.00
786	19.60	3987	3115	0.73	34	0	0	1	17	6	37	0	0	0	0	0.00	0.06	7.81	2.16	69.99	0.00	0.00	0.00	0.00	35.90	2.18	42.32	0.00	71	0	71	158.25	93.53	0.00	0.00	0.00	0.00	0.00	0.00	0.00	0.00	0.00	0.00	0.00	25.02	23.37	0.00	1.15	0.00	0.00
745	18.97	3976	3058	0.63	25	0	0	2	29	14	46	0	0	0	0	0.00	0.12	10.45	6.41	60.88	0.00	0.00	0.00	0.00	43.95	6.12	30.96	0.00	68	0	69	154.28	87.70	0.00	0.00	0.00	0.00	0.00	0.00	0.00	0.00	0.00	0.00	0.00	24.92	23.82	0.00	1.20	0.00	0.00
1027	25.48	3962	3150	0.62	26	0	0	13	68	17	27	0	0	0	0	0.00	1.91	28.13	11.91	32.42	0.00	0.00	0.00	0.00	52.61	9.17	12.73	0.00	68	0	68	172.12	91.98	0.00	0.00	0.00	0.00	0.00	0.00	0.00	0.00	0.00	0.00	0.00	29.39	25.63	0.00	1.15	0.00	0.00
590	14.54	3992	3144	0.78	26	0	0	0	6	7	24	0	0	0	0	0.00	0.00	3.82	15.09	66.95	0.00	0.00	0.00	0.00	23.43	20.08	41.94	0.00	68	0	68	130.62	87.02	0.00	0.00	2.73	5.63	0.00	0.00	0.00	0.00	0.00	0.00	0.00	27.05	21.01	0.00	1.23	0.00	0.00
321	8.03	3992	3103	0.86	25	0	0	1	1	4	25	0	0	0	0	0.00	0.00	0.44	5.91	85.30	0.00	0.00	0.00	0.00	15.61	8.12	68.24	0.00	66	0	66	63.90	58.62	0.00	0.00	5.52	24.93	0.00	0.00	0.00	0.00	0.00	0.00	0.00	14.34	11.92	0.00	1.08	0.00	0.00
321	8.04	3991	3099	0.87	25	0	0	0	2	6	27	0	0	0	0	0.00	0.00	0.50	2.93	88.12	0.00	0.00	0.00	0.00	15.86	1.99	74.11	0.00	65	0	65	64.44	59.06	0.00	0.00	5.82	24.56	0.00	0.00	0.00	0.00	0.00	0.00	0.00	14.79	11.94	0.00	1.03	0.00	0.00
321	8.05	3990	3094	0.87	25	0	0	0	1	3	25	0	0	0	0	0.00	0.00	0.34	3.56	87.54	0.00	0.00	0.00	0.00	14.24	3.06	74.64	0.00	65	0	65	65.12	59.04	0.00	0.00	5.97	25.04	0.00	0.00	0.00	0.00	0.00	0.00	0.00	14.54	10.53	0.00	1.07	0.00	0.00
377	9.33	3991	3135	0.81	25	0	0	0	3	1	29	0	0	0	0	0.00	0.00	1.36	1.29	88.76	0.00	0.00	0.00	0.00	17.33	2.26	71.07	0.00	64	0	64	75.48	62.83	0.00	0.00	2.80	25.32	0.00	0.00	0.00	0.00	0.00	0.00	0.00	15.00	13.17	0.00	1.07	0.00	0.00
318	8.02	3971	3086	0.86	24	0	0	0	1	2	26	0	1	0	0	0.00	0.00	0.41	1.75	86.20	0.00	2.96	0.00	0.00	14.94	0.00	77.04	0.00	64	0	64	64.46	59.53	0.00	0.00	2.78	28.97	0.00	0.00	0.00	0.00	0.00	0.00	0.00	15.12	11.05	0.00	1.11	0.00	0.00
328	8.37	3902	3107	0.86	27	0	0	0	4	4	30	0	1	0	0	0.00	0.00	1.08	1.62	86.64	0.00	2.77	0.00	0.00	16.16	0.00	75.47	0.00	64	0	63	66.87	60.99	0.00	0.00	2.84	28.80	0.00	0.00	0.00	0.00	0.00	0.00	0.00	13.56	9.52	0.00	1.03	0.00	0.00
313	8.05	3900	3090	0.87	24	0	0	1	1	3	28	0	0	0	0	0.00	0.03	0.38	2.94	88.60	0.00	0.00	0.00	0.00	13.24	1.76	76.95	0.00	64	0	64	64.44	59.86	0.00	0.00	4.16	24.92	0.00	0.00	0.00	0.00	0.00	0.00	0.00	13.88	11.09	0.00	1.02	0.00	0.00
324	8.31	3900	3094	0.87	25	0	0	0	5	4	35	0	1	0	0	0.00	0.00	3.14	0.68	84.56	0.00	3.45	0.00	0.00	15.44	0.00	76.25	0.00	64	0	64	64.80	60.51	0.00	0.00	4.09	23.78	0.00	0.00	0.00	0.00	0.00	0.00	0.00	13.28	9.63	0.00	1.01	0.00	0.00
832	21.40	3900	3086	0.82	46	0	0	1	3	6	51	0	0	0	0	0.00	0.00	1.21	3.98	73.35	0.00	0.00	0.00	0.00	28.77	3.42	46.41	0.00	65	0	64	162.09	98.85	0.00	0.00	0.00	0.00	0.00	0.00	0.00	0.00	0.00	0.00	0.00	25.12	21.10	0.00	1.38	0.00	0.00
698	21.58	3900	2567	0.91	26	0	0	1	1	1	40	0	0	0	0	0.00	0.04	0.21	0.51	64.37	0.00	0.00	0.00	0.00	17.10	1.11	60.20	0.00	65	0	65	107.86	65.88	0.00	0.00	0.00	0.00	0.00	0.00	0.00	0.00	0.00	0.00	0.00	14.04	11.80	0.00	0.73	0.00	0.00
376	7.39	3901	4036	0.74	49	0	0	0	1	1	39	0	0	0	0	0.00	0.00	0.47	1.27	119.21	0.00	0.00	0.00	0.00	18.93	0.00	73.67	0.00	63	0	63	131.15	108.78	0.00	0.00	2.08	20.20	0.00	0.00	0.00	0.00	0.00	0.00	0.00	27.79	24.59	0.00	2.12	0.00	0.00
319	8.14	3900	3109	0.86	26	0	0	0	2	2	27	0	0	0	0	0.00	0.00	0.54	2.46	89.41	0.00	0.00	0.00	0.00	13.51	2.08	76.27	0.00	63	0	63	65.25	60.78	0.00	0.00	2.73	27.35	0.00	0.00	0.00	0.00	0.00	0.00	0.00	13.36	10.29	0.00	1.07	0.00	0.00
306	8.12	3866	3014	0.86	25	0	0	0	2	6	29	0	0	0	0	0.00	0.00	0.39	2.07	87.12	0.00	0.00	0.00	0.00	13.82	2.17	75.88	0.00	62	0	63	64.42	60.28	0.00	0.00	3.83	22.86	0.00	0.00	0.00	0.00	0.00	0.00	0.00	14.03	10.66	0.00	1.02	0.00	0.00
318	8.80	3601	3101	0.86	24	0	0	0	2	1	28	0	1	0	0	0.00	0.00	0.39	1.00	85.94	0.00	4.14	0.00	0.00	13.16	0.00	78.03	0.00	62	0	63	68.86	63.44	0.00	0.00	2.74	27.40	0.00	0.00	0.00	0.00	0.00	0.00	0.00	10.80	8.09	0.00	0.98	0.00	0.00
312	8.63	3598	3111	0.86	24	0	0	0	2	4	30	0	0	0	0	0.00	0.00	0.74	0.67	90.59	0.00	0.00	0.00	0.00	14.38	0.00	76.99	0.00	62	0	62	69.13	63.63	0.00	0.00	2.76	28.53	0.00	0.00	0.00	0.00	0.00	0.00	0.00	12.11	9.28	0.00	1.03	0.00	0.00
303	8.74	3544	3029	0.87	25	0	0	0	1	4	26	0	1	0	0	0.00	0.00	0.47	2.13	82.69	0.00	4.08	0.00	0.00	14.54	0.00	76.71	0.00	62	0	62	69.52	63.29	0.00	0.00	4.25	25.64	0.00	0.00	0.00	0.00	0.00	0.00	0.00	10.53	8.21	0.00	0.96	0.00	0.00
291	8.84	3301	3091	0.87	26	0	0	0	2	5	29	0	2	0	0	0.00	0.00	0.35	2.54	83.94	0.00	4.36	0.00	0.00	15.13	1.79	74.24	0.00	62	0	62	70.07	65.47	0.00	0.00	2.78	22.17	0.00	0.00	0.00	0.00	0.00	0.00	0.00	10.48	6.66	0.00	0.97	0.00	0.00
291	8.79	3300	3105	0.88	25	0	0	0	3	0	28	0	2	0	0	0.00	0.00	1.23	0.00	85.59	0.00	4.84	0.00	0.00	14.62	0.00	76.58	0.00	62	0	62	71.99	64.60	0.00	0.00	5.50	23.06	0.00	0.00	0.00	0.00	0.00	0.00	0.00	10.34	7.97	0.00	0.94	0.00	0.00
