Avg_MHz	Busy%	Bzy_MHz	TSC_MHz	IPC	IRQ	SMI	POLL	C1	C1E	C3	C6	C7s	C8	C9	C10	POLL%	C1%	C1E%	C3%	C6%	C7s%	C8%	C9%	C10%	CPU%c1	CPU%c3	CPU%c6	CPU%c7	CoreTmp	CoreThr	PkgTmp	Totl%C0	Any%C0	GFX%C0	CPUGFX%	Pkg%pc2	Pkg%pc3	Pkg%pc6	Pkg%pc7	Pkg%pc8	Pkg%pc9	Pk%pc10	CPU%LPI	SYS%LPI	PkgWatt	CorWatt	GFXWatt	RAMWatt	PKG_%	RAM_%
426	28.43	1600	2896	0.83	97	0	0	1	2	5	49	0	2	0	0	0.00	0.39	0.44	1.77	62.45	0.00	2.19	0.00	0.00	29.85	1.67	40.05	0.00	55	0	56	181.94	84.54	0.00	0.00	0.00	0.00	0.00	0.00	0.00	0.00	0.00	0.00	0.00	6.53	3.74	0.00	1.05	0.00	0.00
420	24.19	1600	3363	0.90	67	0	0	1	2	0	49	0	0	0	0	0.00	0.03	0.36	0.00	82.30	0.00	0.00	0.00	0.00	23.75	0.00	52.06	0.00	55	0	56	217.12	118.09	0.00	0.00	0.00	0.00	0.00	0.00	0.00	0.00	0.00	0.00	0.00	8.78	5.34	0.00	1.45	0.00	0.00
327	21.58	1600	2935	0.95	50	0	0	0	3	1	45	0	10	0	0	0.00	0.00	0.22	0.06	60.52	0.00	13.85	0.00	0.00	21.78	0.00	53.02	3.61	55	0	56	135.00	78.22	0.00	0.00	0.00	0.00	0.00	0.00	0.00	0.00	0.00	0.00	0.00	5.52	2.89	0.00	0.85	0.00	0.00
400	24.55	1600	3151	0.70	58	0	0	0	11	8	49	0	8	0	0	0.00	0.00	4.08	2.27	60.20	0.00	10.66	0.00	0.00	30.82	1.90	42.74	0.00	55	0	56	205.01	121.37	0.00	0.00	0.00	0.00	0.00	0.00	0.00	0.00	0.00	0.00	0.00	9.01	4.73	0.00	1.48	0.00	0.00
416	24.66	1600	3260	0.67	57	0	0	1	11	6	63	0	1	0	0	0.00	0.05	2.43	2.57	73.94	0.00	0.84	0.00	0.00	26.33	2.35	46.66	0.00	56	0	56	190.86	100.41	0.00	0.00	0.00	0.00	0.00	0.00	0.00	0.00	0.00	0.00	0.00	7.72	4.73	0.00	1.13	0.00	0.00
437	26.91	1600	3139	0.67	41	0	0	1	12	7	54	0	3	0	0	0.00	0.04	2.49	1.82	63.87	0.00	6.39	0.00	0.00	32.03	2.49	38.57	0.00	55	0	56	188.94	102.56	0.00	0.00	0.00	0.00	0.00	0.00	0.00	0.00	0.00	0.00	0.00	7.80	4.30	0.00	1.22	0.00	0.00
421	26.95	1600	3021	0.62	49	0	1	5	34	21	58	0	2	0	0	0.07	0.16	10.19	7.03	51.82	0.00	2.70	0.00	0.00	44.33	6.42	22.30	0.00	56	0	56	210.94	98.90	0.00	0.00	0.00	0.00	0.00	0.00	0.00	0.00	0.00	0.00	0.00	6.78	4.50	0.00	0.96	0.00	0.00
403	26.04	1600	2995	0.64	49	0	0	2	17	15	51	0	3	0	0	0.00	0.03	4.81	6.47	54.76	0.00	5.93	0.00	0.00	29.55	8.25	36.16	0.00	55	0	56	183.91	92.89	0.00	0.00	0.00	0.00	0.00	0.00	0.00	0.00	0.00	0.00	0.00	7.33	4.13	0.00	1.00	0.00	0.00
423	31.64	1600	2587	0.76	97	0	0	4	34	13	59	0	1	0	0	0.00	0.26	3.37	1.30	51.60	0.00	1.00	0.00	0.00	24.19	1.14	43.03	0.00	56	0	56	173.83	91.61	0.00	0.00	0.00	0.00	0.00	0.00	0.00	0.00	0.00	0.00	0.00	6.05	3.24	0.00	0.94	0.00	0.00
344	20.52	1600	3242	0.34	73	0	0	0	2	1	86	0	10	0	5	0.00	0.00	0.27	0.39	67.53	0.00	8.23	0.00	7.12	17.49	0.71	55.53	5.75	56	0	56	121.74	57.36	0.00	0.00	0.00	0.00	0.00	0.00	0.00	0.00	0.00	0.00	0.00	4.42	2.66	0.00	0.69	0.00	0.00
420	23.06	1600	3527	0.85	120	0	0	2	1	2	38	0	16	0	0	0.00	0.02	0.17	1.30	61.44	0.00	25.09	0.00	0.00	33.31	0.78	40.23	2.63	56	0	56	275.09	194.56	0.00	0.00	0.00	0.00	0.00	0.00	0.00	0.00	0.00	0.00	0.00	13.49	6.55	0.00	2.40	0.00	0.00
219	15.35	1600	2762	0.11	49	0	0	0	4	3	58	0	55	0	13	0.00	0.00	0.06	0.03	11.22	0.00	11.71	0.00	52.58	3.95	0.00	12.76	67.94	56	0	56	20.52	12.37	0.00	0.00	0.00	0.00	0.00	0.00	0.00	0.00	0.00	0.00	0.00	0.73	0.41	0.00	0.12	0.00	0.00
310	18.57	2266	2280	0.04	191	0	0	1	0	1	60	0	87	0	44	0.00	0.00	0.00	0.03	6.24	0.00	9.62	0.00	44.13	26.67	0.06	11.32	43.38	59	0	57	125.94	115.63	0.00	0.00	0.00	0.00	0.00	0.00	0.00	0.00	0.00	0.00	0.00	4.81	2.09	0.00	0.86	0.00	0.00
221	10.73	1650	3859	0.10	352	0	0	0	3	3	61	0	127	0	70	0.00	0.00	0.13	0.03	5.86	0.00	14.08	0.00	91.25	7.62	0.04	8.00	73.61	56	0	56	95.69	89.28	0.00	0.00	0.00	0.00	0.00	0.00	0.00	0.00	0.00	0.00	0.00	7.33	3.82	0.00	1.12	0.00	0.00
511	9.67	1946	8409	0.68	271	0	2	3	0	1	47	0	41	0	16	0.18	4.78	0.00	0.33	103.94	0.00	93.75	0.00	43.19	53.62	0.00	20.84	15.87	56	0	56	463.62	437.41	0.00	0.00	0.00	0.00	0.00	0.00	0.00	0.00	0.00	0.00	0.00	63.82	26.59	0.00	12.02	0.00	0.00
449	22.83	2000	3047	0.71	43	0	0	0	1	2	28	0	9	0	0	0.00	0.00	0.15	1.06	59.91	0.00	15.05	0.00	0.00	16.94	1.20	56.76	2.27	56	0	56	148.19	99.51	0.00	0.00	0.00	0.00	0.00	0.00	0.00	0.00	0.00	0.00	0.00	7.75	4.78	0.00	0.99	0.00	0.00
375	26.53	2000	2190	0.72	51	0	0	0	2	3	34	0	12	0	0	0.00	0.00	0.17	0.18	39.20	0.00	12.60	0.00	0.00	21.69	0.00	48.48	3.30	57	0	57	126.59	85.82	0.00	0.00	0.00	0.00	0.00	0.00	0.00	0.00	0.00	0.00	0.00	4.83	3.16	0.00	0.59	0.00	0.00
472	15.59	2000	4689	0.69	65	0	0	0	2	2	39	0	18	0	0	0.00	0.00	0.35	1.00	90.13	0.00	36.74	0.00	0.00	12.68	0.60	58.90	12.24	57	0	57	148.97	111.40	0.00	0.00	0.00	0.00	0.00	0.00	0.00	0.00	0.00	0.00	0.00	13.87	7.95	0.00	1.80	0.00	0.00
457	22.82	2000	3097	0.71	42	0	0	0	1	1	28	0	8	0	1	0.00	0.00	0.21	0.56	61.32	0.00	14.01	0.00	1.28	16.55	0.00	60.26	0.37	57	0	57	148.23	99.76	0.00	0.00	0.00	0.00	0.00	0.00	0.00	0.00	0.00	0.00	0.00	7.84	5.15	0.00	0.98	0.00	0.00
377	20.54	2000	2839	0.73	67	0	0	0	2	1	29	0	24	0	1	0.00	0.00	0.23	0.06	37.58	0.00	32.28	0.00	2.92	17.28	0.00	44.15	18.03	57	0	57	133.44	98.14	0.00	0.00	0.00	0.00	0.00	0.00	0.00	0.00	0.00	0.00	0.00	6.78	4.26	0.00	0.86	0.00	0.00
353	24.49	2000	2232	0.77	41	0	1	1	0	0	28	0	14	0	0	0.03	0.00	0.00	0.00	37.58	0.00	17.05	0.00	0.00	17.68	0.00	57.82	0.00	57	0	57	138.91	94.49	0.00	0.00	0.00	0.00	0.00	0.00	0.00	0.00	0.00	0.00	0.00	6.13	3.49	0.00	0.76	0.00	0.00
322	11.08	2000	4495	0.75	68	0	0	0	0	2	42	0	34	0	0	0.00	0.00	0.00	0.86	70.29	0.00	58.36	0.00	0.00	17.48	0.63	55.59	15.21	56	0	56	139.71	102.87	0.00	0.00	0.00	0.00	0.00	0.00	0.00	0.00	0.00	0.00	0.00	11.78	6.97	0.00	1.52	0.00	0.00
385	20.29	2000	2935	0.75	57	0	0	0	3	0	32	0	25	0	0	0.00	0.00	0.36	0.00	43.27	0.00	32.19	0.00	0.00	14.61	0.00	49.73	15.37	56	0	56	99.44	59.13	0.00	0.00	0.00	0.00	0.00	0.00	0.00	0.00	0.00	0.00	0.00	3.96	2.99	0.00	0.48	0.00	0.00
434	20.12	2000	3338	0.77	66	0	0	1	0	0	32	0	11	0	0	0.00	0.02	0.00	0.00	67.96	0.00	18.44	0.00	0.00	26.27	0.00	53.16	0.45	57	0	57	220.95	158.44	0.00	0.00	0.00	0.00	0.00	0.00	0.00	0.00	0.00	0.00	0.00	14.19	8.37	0.00	1.76	0.00	0.00
464	23.08	2000	3109	0.75	51	0	0	0	1	3	29	0	8	0	0	0.00	0.00	0.15	0.66	58.95	0.00	17.78	0.00	0.00	21.59	0.00	55.33	0.00	57	0	57	166.03	99.83	0.00	0.00	0.00	0.00	0.00	0.00	0.00	0.00	0.00	0.00	0.00	8.97	5.49	0.00	1.07	0.00	0.00
426	21.92	2000	3012	0.74	34	0	0	0	3	1	37	0	8	0	0	0.00	0.00	0.37	0.08	63.62	0.00	12.13	0.00	0.00	17.07	0.00	53.92	7.09	57	0	57	130.59	79.49	0.00	0.00	0.00	0.00	0.00	0.00	0.00	0.00	0.00	0.00	0.00	6.76	4.07	0.00	0.80	0.00	0.00
435	21.21	2000	3178	0.76	58	0	0	0	0	2	29	0	11	0	0	0.00	0.00	0.00	1.10	61.31	0.00	18.72	0.00	0.00	23.29	0.97	54.34	0.20	57	0	57	186.58	123.21	0.00	0.00	0.00	0.00	0.00	0.00	0.00	0.00	0.00	0.00	0.00	9.72	6.34	0.00	1.21	0.00	0.00
389	19.74	2000	3054	0.74	42	0	0	0	0	2	37	0	26	0	0	0.00	0.00	0.00	0.63	47.62	0.00	31.17	0.00	0.00	16.42	0.57	51.94	11.32	57	0	57	125.02	86.55	0.00	0.00	0.00	0.00	0.00	0.00	0.00	0.00	0.00	0.00	0.00	7.01	4.06	0.00	0.90	0.00	0.00
439	21.34	2000	3186	0.76	73	0	0	0	1	4	37	0	5	0	0	0.00	0.00	0.04	0.77	71.54	0.00	8.87	0.00	0.00	24.07	0.00	54.59	0.00	58	0	58	188.91	124.19	0.00	0.00	0.00	0.00	0.00	0.00	0.00	0.00	0.00	0.00	0.00	9.94	6.52	0.00	1.21	0.00	0.00
392	19.53	2000	3109	0.74	39	0	0	0	0	3	40	0	14	0	0	0.00	0.00	0.00	1.09	57.81	0.00	22.16	0.00	0.00	19.03	0.77	57.55	3.12	57	0	57	144.74	99.93	0.00	0.00	0.00	0.00	0.00	0.00	0.00	0.00	0.00	0.00	0.00	8.64	4.91	0.00	1.09	0.00	0.00
465	23.17	2000	3106	0.76	63	0	0	2	1	1	27	0	8	0	0	0.00	0.11	0.11	0.39	61.36	0.00	15.34	0.00	0.00	21.35	0.00	54.91	0.56	58	0	58	167.64	100.16	0.00	0.00	0.00	0.00	0.00	0.00	0.00	0.00	0.00	0.00	0.00	7.28	5.56	0.00	0.86	0.00	0.00
379	18.95	2000	3091	0.77	42	0	0	0	1	3	40	0	17	0	0	0.00	0.00	0.09	0.41	56.84	0.00	23.85	0.00	0.00	19.89	0.00	57.86	3.29	57	0	57	145.19	99.49	0.00	0.00	0.00	0.00	0.00	0.00	0.00	0.00	0.00	0.00	0.00	8.70	4.69	0.00	1.10	0.00	0.00
450	22.44	2000	3101	0.78	57	0	0	0	1	1	24	0	10	0	0	0.00	0.00	0.17	0.41	55.84	0.00	21.53	0.00	0.00	21.47	0.00	56.09	0.00	57	0	57	165.82	100.40	0.00	0.00	0.00	0.00	0.00	0.00	0.00	0.00	0.00	0.00	0.00	7.32	5.38	0.00	0.87	0.00	0.00
379	18.95	2000	3094	0.77	42	0	0	0	1	3	39	0	17	0	0	0.00	0.00	0.09	0.41	56.63	0.00	24.13	0.00	0.00	19.74	0.00	60.66	0.65	57	0	57	144.74	99.60	0.00	0.00	0.00	0.00	0.00	0.00	0.00	0.00	0.00	0.00	0.00	8.69	4.86	0.00	1.09	0.00	0.00
448	22.40	2000	3098	0.78	56	0	0	0	1	1	20	0	14	0	0	0.00	0.00	0.17	0.39	44.09	0.00	33.23	0.00	0.00	21.39	0.00	40.84	15.37	57	0	57	165.44	100.28	0.00	0.00	0.00	0.00	0.00	0.00	0.00	0.00	0.00	0.00	0.00	7.25	5.30	0.00	0.86	0.00	0.00
441	22.14	1999	3084	0.78	42	0	0	0	1	3	31	0	6	0	0	0.00	0.00	0.13	0.65	60.97	0.00	16.09	0.00	0.00	21.97	0.00	55.89	0.00	57	0	57	166.13	99.62	0.00	0.00	0.00	0.00	0.00	0.00	0.00	0.00	0.00	0.00	0.00	9.26	5.48	0.00	1.08	0.00	0.00
445	19.93	2142	3226	0.77	34	0	0	0	1	5	43	0	8	0	0	0.00	0.00	0.02	1.01	72.27	0.00	10.33	0.00	0.00	20.12	0.79	56.71	2.44	58	0	58	151.07	102.29	0.00	0.00	0.00	0.00	0.00	0.00	0.00	0.00	0.00	0.00	0.00	9.77	5.86	0.00	1.13	0.00	0.00
523	21.61	2401	3120	0.78	49	0	0	0	1	1	31	0	2	0	0	0.00	0.00	0.27	0.12	75.54	0.00	3.26	0.00	0.00	21.61	0.00	56.78	0.00	58	0	58	161.17	99.89	0.00	0.00	0.00	0.00	0.00	0.00	0.00	0.00	0.00	0.00	0.00	10.01	7.16	0.00	1.00	0.00	0.00
589	22.12	2564	3213	0.78	34	0	0	0	1	1	26	0	3	0	0	0.00	0.00	0.33	0.84	70.84	0.00	8.94	0.00	0.00	21.67	0.00	56.21	0.00	59	0	59	164.97	102.72	0.00	0.00	0.00	0.00	0.00	0.00	0.00	0.00	0.00	0.00	0.00	12.03	8.35	0.00	1.09	0.00	0.00
599	21.24	2800	3115	0.79	34	0	0	0	3	4	28	0	3	0	0	0.00	0.00	0.67	1.81	74.50	0.00	2.48	0.00	0.00	21.98	2.43	53.06	1.28	60	0	60	157.55	99.66	0.00	0.00	0.00	0.00	0.00	0.00	0.00	0.00	0.00	0.00	0.00	9.82	8.92	0.00	0.83	0.00	0.00
631	21.65	2816	3204	0.78	34	0	0	0	0	2	26	0	2	0	0	0.00	0.00	0.00	1.89	77.13	0.00	2.18	0.00	0.00	21.10	3.14	54.11	0.00	61	0	61	163.29	102.24	0.00	0.00	0.00	0.00	0.00	0.00	0.00	0.00	0.00	0.00	0.00	14.49	10.07	0.00	1.17	0.00	0.00
658	20.64	3200	3085	0.78	26	0	0	0	1	2	25	0	2	0	0	0.00	0.00	0.09	1.38	73.48	0.00	4.26	0.00	0.00	21.28	1.33	56.75	0.00	62	0	62	154.54	99.64	0.00	0.00	0.00	0.00	0.00	0.00	0.00	0.00	0.00	0.00	0.00	13.50	11.82	0.00	0.91	0.00	0.00
670	20.81	3199	3117	0.79	26	0	0	0	0	1	25	0	2	0	0	0.00	0.00	0.00	0.54	77.72	0.00	1.64	0.00	0.00	20.56	0.00	58.64	0.00	62	0	62	157.69	100.15	0.00	0.00	0.00	0.00	0.00	0.00	0.00	0.00	0.00	0.00	0.00	19.00	13.09	0.00	1.20	0.00	0.00
674	19.61	3353	3175	0.78	34	0	0	1	1	1	28	0	3	0	0	0.00	0.03	0.39	0.68	75.72	0.00	5.69	0.00	0.00	20.45	0.00	59.94	0.00	64	0	64	147.93	101.15	0.00	0.00	0.00	0.00	0.00	0.00	0.00	0.00	0.00	0.00	0.00	17.85	14.58	0.00	1.04	0.00	0.00
672	18.63	3600	3100	0.78	34	0	0	0	1	1	31	0	3	0	0	0.00	0.00	0.27	0.12	72.24	0.00	8.98	0.00	0.00	20.06	0.00	61.31	0.00	65	0	65	141.78	100.01	0.00	0.00	0.00	0.00	0.00	0.00	0.00	0.00	0.00	0.00	0.00	17.58	14.73	0.00	0.99	0.00	0.00
698	18.84	3659	3136	0.78	33	0	0	1	0	2	27	0	4	0	0	0.00	0.03	0.00	1.37	73.62	0.00	7.24	0.00	0.00	19.66	1.33	60.17	0.00	66	0	66	142.62	99.87	0.00	0.00	0.00	0.00	0.00	0.00	0.00	0.00	0.00	0.00	0.00	20.36	16.82	0.00	1.06	0.00	0.00
707	17.68	3996	3100	0.77	25	0	0	0	0	1	29	0	4	0	0	0.00	0.00	0.00	0.68	74.74	0.00	6.28	0.00	0.00	20.55	1.14	60.63	0.00	67	0	67	135.23	96.64	0.00	0.00	0.00	0.00	0.00	0.00	0.00	0.00	0.00	0.00	0.00	22.77	19.64	0.00	1.01	0.00	0.00
759	18.98	3996	3097	0.79	34	0	0	0	1	1	24	0	2	0	0	0.00	0.00	0.10	0.83	71.45	0.00	7.57	0.00	0.00	21.69	1.41	57.92	0.00	68	0	68	144.08	96.56	0.00	0.00	0.00	0.00	0.00	0.00	0.00	0.00	0.00	0.00	0.00	22.98	20.90	0.00	0.97	0.00	0.00
673	16.56	4062	3097	0.77	33	0	0	0	1	2	30	0	8	0	0	0.00	0.00	0.14	1.29	67.69	0.00	13.58	0.00	0.00	20.09	1.31	59.93	2.11	70	0	70	127.29	95.26	0.00	0.00	0.00	0.00	0.00	0.00	0.00	0.00	0.00	0.00	0.00	23.36	19.55	0.00	1.03	0.00	0.00
748	18.27	4084	3101	0.80	33	0	0	0	1	5	27	0	2	0	0	0.00	0.00	0.15	0.74	75.35	0.00	4.12	0.00	0.00	23.03	0.00	58.70	0.00	71	0	71	138.29	93.74	0.00	0.00	0.00	0.00	0.00	0.00	0.00	0.00	0.00	0.00	0.00	23.29	22.04	0.00	0.93	0.00	0.00
765	18.74	4091	3088	0.78	33	0	0	0	2	4	27	0	0	0	0	0.00	0.00	0.63	0.63	78.21	0.00	0.00	0.00	0.00	23.35	0.00	57.91	0.00	71	0	71	142.10	93.46	0.00	0.00	0.00	0.00	0.00	0.00	0.00	0.00	0.00	0.00	0.00	24.71	21.69	0.00	1.01	0.00	0.00
645	15.77	4089	3097	0.76	26	0	0	0	1	2	42	0	3	0	0	0.00	0.00	0.26	1.27	80.70	0.00	0.94	0.00	0.00	19.68	0.74	63.82	0.00	71	0	71	122.15	94.27	0.00	0.00	0.00	0.00	0.00	0.00	0.00	0.00	0.00	0.00	0.00	23.95	19.68	0.00	1.05	0.00	0.00
705	17.26	4085	3097	0.78	41	0	0	1	0	5	32	0	2	0	0	0.00	0.03	0.00	0.65	75.26	0.00	5.61	0.00	0.00	21.91	0.00	60.83	0.00	72	0	72	132.27	94.20	0.00	0.00	0.00	0.00	0.00	0.00	0.00	0.00	0.00	0.00	0.00	24.15	21.03	0.00	1.01	0.00	0.00
703	17.22	4083	3098	0.78	34	0	0	0	2	4	28	0	4	0	0	0.00	0.00	0.38	0.65	68.83	0.00	11.74	0.00	0.00	21.91	0.00	50.15	10.72	72	0	72	131.57	94.13	0.00	0.00	0.00	0.00	0.00	0.00	0.00	0.00	0.00	0.00	0.00	24.04	20.87	0.00	1.01	0.00	0.00
758	18.57	4083	3096	0.79	34	0	0	1	1	4	23	0	3	0	0	0.00	0.03	0.32	0.83	67.21	0.00	11.43	0.00	0.00	23.37	0.00	51.16	6.90	72	0	72	140.52	93.43	0.00	0.00	0.00	0.00	0.00	0.00	0.00	0.00	0.00	0.00	0.00	24.18	22.14	0.00	0.96	0.00	0.00
773	18.95	4087	3091	0.77	25	0	0	0	1	1	24	0	1	0	0	0.00	0.00	0.24	0.94	73.83	0.00	4.10	0.00	0.00	22.63	0.00	58.42	0.00	72	0	72	142.24	94.11	0.00	0.00	0.00	0.00	0.00	0.00	0.00	0.00	0.00	0.00	0.00	24.94	21.21	0.00	1.03	0.00	0.00
779	19.02	4086	3104	0.79	26	0	0	0	1	1	24	0	1	0	0	0.00	0.00	0.37	1.11	74.61	0.00	3.60	0.00	0.00	22.67	0.00	58.30	0.00	72	0	72	143.91	94.30	0.00	0.00	0.00	0.00	0.00	0.00	0.00	0.00	0.00	0.00	0.00	25.69	22.00	0.00	1.03	0.00	0.00
772	18.87	4085	3100	0.79	26	0	0	0	1	1	24	0	1	0	0	0.00	0.00	0.51	1.15	74.94	0.00	3.42	0.00	0.00	22.94	0.00	58.20	0.00	72	0	72	142.75	93.83	0.00	0.00	0.00	0.00	0.00	0.00	0.00	0.00	0.00	0.00	0.00	25.84	22.63	0.00	1.01	0.00	0.00
653	17.15	4086	2885	0.75	27	0	0	0	1	5	41	0	7	0	0	0.00	0.00	0.03	0.36	65.60	0.00	10.29	0.00	0.00	13.16	0.00	66.21	3.48	72	0	72	71.56	48.47	0.00	0.00	0.00	0.00	0.00	0.00	0.00	0.00	0.00	0.00	0.00	11.03	10.42	0.00	0.44	0.00	0.00
731	16.56	4088	3345	0.76	57	0	0	0	1	1	27	0	8	0	0	0.00	0.00	0.13	0.65	69.34	0.00	18.73	0.00	0.00	26.37	0.00	54.20	2.87	73	0	73	181.85	144.56	0.00	0.00	0.00	0.00	0.00	0.00	0.00	0.00	0.00	0.00	0.00	34.33	32.41	0.00	1.54	0.00	0.00
727	17.80	4088	3095	0.76	33	0	0	0	1	1	28	0	4	0	0	0.00	0.00	0.28	0.75	70.97	0.00	8.83	0.00	0.00	20.82	0.00	61.38	0.00	73	0	73	131.77	94.04	0.00	0.00	0.00	0.00	0.00	0.00	0.00	0.00	0.00	0.00	0.00	24.15	21.18	0.00	1.01	0.00	0.00
706	17.29	4087	3094	0.77	33	0	0	0	1	1	26	0	6	0	0	0.00	0.00	0.28	0.75	65.92	0.00	14.70	0.00	0.00	21.10	0.00	61.60	0.00	73	0	73	130.59	93.28	0.00	0.00	0.00	0.00	0.00	0.00	0.00	0.00	0.00	0.00	0.00	24.19	20.90	0.00	1.01	0.00	0.00
711	17.38	4087	3100	0.79	33	0	0	1	1	1	27	0	5	0	0	0.00	0.08	0.28	0.75	69.30	0.00	11.23	0.00	0.00	21.45	0.00	61.17	0.00	74	0	74	132.55	94.81	0.00	0.00	0.00	0.00	0.00	0.00	0.00	0.00	0.00	0.00	0.00	23.93	21.52	0.00	0.99	0.00	0.00
709	17.35	4087	3095	0.76	33	0	0	0	1	1	24	0	8	0	0	0.00	0.00	0.27	0.75	61.74	0.00	18.73	0.00	0.00	21.16	0.00	58.33	3.16	74	0	74	130.32	93.03	0.00	0.00	0.00	0.00	0.00	0.00	0.00	0.00	0.00	0.00	0.00	24.41	20.39	0.00	1.02	0.00	0.00
715	17.45	4089	3103	0.77	33	0	0	0	2	2	25	0	6	0	0	0.00	0.00	0.25	1.64	65.41	0.00	14.43	0.00	0.00	21.26	1.62	59.67	0.00	74	0	74	134.29	96.23	0.00	0.00	0.00	0.00	0.00	0.00	0.00	0.00	0.00	0.00	0.00	23.96	21.22	0.00	1.00	0.00	0.00
627	17.62	4088	2697	0.76	33	0	0	0	1	0	29	0	18	0	0	0.00	0.00	0.16	0.00	44.36	0.00	26.35	0.00	0.00	23.33	0.00	50.45	8.60	74	0	74	86.06	61.50	0.00	0.00	0.00	0.00	0.00	0.00	0.00	0.00	0.00	0.00	0.00	14.13	12.08	0.00	0.59	0.00	0.00
726	15.02	4087	3661	0.76	58	0	0	0	1	2	30	0	6	0	0	0.00	0.00	0.13	1.50	80.81	0.00	16.80	0.00	0.00	18.76	2.26	60.93	3.02	66	0	65	174.17	138.56	0.00	0.00	0.00	0.00	0.00	0.00	0.00	0.00	0.00	0.00	0.00	38.76	32.76	0.00	1.76	0.00	0.00
698	17.12	4090	3086	0.77	33	0	0	0	0	3	24	0	6	0	0	0.00	0.00	0.00	1.90	62.35	0.00	17.23	0.00	0.00	20.60	2.47	55.15	4.66	67	0	67	130.29	93.03	0.00	0.00	0.00	0.00	0.00	0.00	0.00	0.00	0.00	0.00	0.00	24.26	20.53	0.00	1.02	0.00	0.00
722	17.56	4090	3114	0.78	34	0	0	0	1	2	24	0	7	0	0	0.00	0.00	0.08	1.29	61.00	0.00	19.38	0.00	0.00	21.50	1.12	53.80	6.03	68	0	68	135.56	94.98	0.00	0.00	0.00	0.00	0.00	0.00	0.00	0.00	0.00	0.00	0.00	24.20	21.88	0.00	1.02	0.00	0.00
745	18.48	4088	3054	0.77	33	0	0	0	1	3	24	0	4	0	0	0.00	0.00	0.08	1.98	64.52	0.00	12.40	0.00	0.00	18.04	2.60	54.53	6.35	69	0	69	139.17	98.26	0.00	0.00	0.00	0.00	0.00	0.00	0.00	0.00	0.00	0.00	0.00	26.31	22.52	0.00	1.08	0.00	0.00
751	18.44	4089	3086	0.76	33	0	0	0	2	2	25	0	5	0	0	0.00	0.00	0.41	1.28	64.29	0.00	13.78	0.00	0.00	20.83	0.00	60.73	0.00	69	0	69	131.49	92.19	0.00	0.00	0.00	0.00	0.00	0.00	0.00	0.00	0.00	0.00	0.00	25.75	21.78	0.00	1.03	0.00	0.00
748	16.70	4088	3394	0.77	33	0	0	0	1	1	25	0	3	0	0	0.00	0.00	0.39	1.00	78.15	0.00	10.20	0.00	0.00	24.13	1.60	57.58	0.00	70	0	69	153.12	108.96	0.00	0.00	0.00	0.00	0.00	0.00	0.00	0.00	0.00	0.00	0.00	31.22	26.65	0.00	1.32	0.00	0.00
717	18.82	4089	2885	0.76	26	0	0	0	1	1	29	0	3	0	0	0.00	0.00	0.28	0.47	67.31	0.00	6.02	0.00	0.00	22.26	0.00	58.92	0.00	69	0	69	110.24	72.57	0.00	0.00	0.00	0.00	0.00	0.00	0.00	0.00	0.00	0.00	0.00	18.08	16.53	0.00	0.71	0.00	0.00
723	17.56	4085	3121	0.77	33	0	0	0	1	2	31	0	3	0	0	0.00	0.00	0.20	0.77	71.80	0.00	8.99	0.00	0.00	20.22	1.07	61.15	0.00	69	0	70	134.26	97.58	0.00	0.00	0.00	0.00	0.00	0.00	0.00	0.00	0.00	0.00	0.00	23.88	21.25	0.00	1.00	0.00	0.00
719	17.44	4088	3123	0.76	33	0	0	0	2	1	24	0	6	0	0	0.00	0.00	0.67	0.77	61.65	0.00	19.02	0.00	0.00	21.13	0.00	55.39	6.04	70	0	70	136.40	97.42	0.00	0.00	0.00	0.00	0.00	0.00	0.00	0.00	0.00	0.00	0.00	24.60	21.76	0.00	1.03	0.00	0.00
699	17.28	4089	3064	0.79	33	0	0	0	1	2	25	0	6	0	0	0.00	0.00	0.12	1.42	64.32	0.00	14.63	0.00	0.00	21.25	2.42	59.04	0.00	70	0	70	126.35	89.47	0.00	0.00	0.00	0.00	0.00	0.00	0.00	0.00	0.00	0.00	0.00	23.10	19.64	0.00	0.98	0.00	0.00
712	17.16	4088	3141	0.77	33	0	0	0	2	2	22	0	9	0	0	0.00	0.00	0.39	1.39	56.38	0.00	24.91	0.00	0.00	20.97	0.00	61.86	0.00	70	0	70	137.50	98.75	0.00	0.00	0.00	0.00	0.00	0.00	0.00	0.00	0.00	0.00	0.00	24.56	21.87	0.00	1.04	0.00	0.00
701	17.37	4089	3058	0.79	33	0	0	0	1	2	27	0	4	0	0	0.00	0.00	0.15	1.32	67.03	0.00	11.66	0.00	0.00	21.21	2.31	53.12	6.00	71	0	71	126.81	89.82	0.00	0.00	0.00	0.00	0.00	0.00	0.00	0.00	0.00	0.00	0.00	24.01	20.53	0.00	0.99	0.00	0.00
708	17.17	4088	3121	0.77	33	0	0	0	2	1	23	0	8	0	0	0.00	0.00	0.51	0.64	57.76	0.00	23.69	0.00	0.00	21.34	0.00	61.49	0.00	71	0	71	137.27	98.43	0.00	0.00	0.00	0.00	0.00	0.00	0.00	0.00	0.00	0.00	0.00	25.00	21.87	0.00	1.03	0.00	0.00
757	17.40	4088	3293	0.79	33	0	0	1	1	2	20	0	6	0	0	0.00	0.03	0.29	1.88	61.40	0.00	22.73	0.00	0.00	21.15	2.96	51.27	7.21	71	0	71	153.95	109.15	0.00	0.00	0.00	0.00	0.00	0.00	0.00	0.00	0.00	0.00	0.00	31.07	27.20	0.00	1.28	0.00	0.00
776	18.73	4089	3137	0.78	25	0	0	0	2	3	19	0	4	0	0	0.00	0.00	0.50	2.88	61.16	0.00	16.33	0.00	0.00	22.66	1.92	56.68	0.00	71	0	71	147.08	98.47	0.00	0.00	0.00	0.00	0.00	0.00	0.00	0.00	0.00	0.00	0.00	25.91	22.73	0.00	1.02	0.00	0.00
773	18.85	4087	3104	0.78	26	0	0	0	2	1	21	0	3	0	0	0.00	0.00	0.51	1.01	67.47	0.00	10.87	0.00	0.00	22.95	0.00	58.20	0.00	71	0	71	143.17	93.68	0.00	0.00	0.00	0.00	0.00	0.00	0.00	0.00	0.00	0.00	0.00	25.89	22.58	0.00	1.01	0.00	0.00
780	19.11	4084	3095	0.78	26	0	0	0	2	0	21	0	5	0	0	0.00	0.00	0.77	0.00	60.03	0.00	18.58	0.00	0.00	23.19	0.00	57.70	0.00	71	0	71	144.27	94.16	0.00	0.00	0.00	0.00	0.00	0.00	0.00	0.00	0.00	0.00	0.00	25.27	22.62	0.00	1.00	0.00	0.00
707	18.53	4086	2892	0.80	26	0	0	0	2	2	25	0	2	0	0	0.00	0.00	0.64	1.86	65.89	0.00	6.51	0.00	0.00	22.77	1.87	56.83	0.00	71	0	71	114.72	75.39	0.00	0.00	0.00	0.00	0.00	0.00	0.00	0.00	0.00	0.00	0.00	19.32	16.46	0.00	0.78	0.00	0.00
697	17.20	4089	3069	0.79	33	0	0	0	1	2	23	0	8	0	0	0.00	0.00	0.36	1.46	58.94	0.00	19.80	0.00	0.00	21.26	2.52	49.83	9.19	71	0	71	126.84	89.74	0.00	0.00	0.00	0.00	0.00	0.00	0.00	0.00	0.00	0.00	0.00	23.32	19.89	0.00	0.96	0.00	0.00
711	17.12	4091	3145	0.77	33	0	0	2	0	3	22	0	7	0	0	0.00	0.08	0.00	1.83	59.38	0.00	22.10	0.00	0.00	20.51	1.34	61.03	0.00	71	0	71	139.60	100.79	0.00	0.00	0.00	0.00	0.00	0.00	0.00	0.00	0.00	0.00	0.00	25.32	23.31	0.00	1.05	0.00	0.00
705	17.41	4089	3068	0.77	33	0	1	1	0	1	22	0	9	0	0	0.07	0.02	0.00	0.70	54.17	0.00	25.64	0.00	0.00	21.25	1.15	56.65	3.54	71	0	71	129.77	91.38	0.00	0.00	0.00	0.00	0.00	0.00	0.00	0.00	0.00	0.00	0.00	24.13	20.14	0.00	1.01	0.00	0.00
728	19.31	4089	2855	0.75	33	0	0	0	0	3	22	0	10	0	0	0.00	0.00	0.00	1.66	51.44	0.00	20.06	0.00	0.00	15.39	2.43	53.80	9.06	72	0	72	120.20	85.75	0.00	0.00	0.00	0.00	0.00	0.00	0.00	0.00	0.00	0.00	0.00	20.64	17.97	0.00	0.86	0.00	0.00
742	16.90	4089	3325	0.76	40	0	0	0	2	2	28	0	5	0	0	0.00	0.00	0.20	1.33	74.88	0.00	11.31	0.00	0.00	21.96	0.00	59.30	1.84	72	0	71	141.57	104.41	0.00	0.00	0.00	0.00	0.00	0.00	0.00	0.00	0.00	0.00	0.00	29.78	24.94	0.00	1.27	0.00	0.00
709	17.55	4089	3058	0.76	32	0	0	0	2	1	28	0	5	0	0	0.00	0.00	0.39	0.73	64.92	0.00	13.81	0.00	0.00	21.41	0.00	61.04	0.00	71	0	72	130.10	92.76	0.00	0.00	0.00	0.00	0.00	0.00	0.00	0.00	0.00	0.00	0.00	23.98	20.93	0.00	0.97	0.00	0.00
736	17.64	4090	3156	0.75	35	0	0	1	1	1	31	0	3	0	0	0.00	0.02	0.26	0.45	73.25	0.00	8.76	0.00	0.00	22.75	0.00	59.61	0.00	72	0	72	126.71	89.81	0.00	0.00	0.00	0.00	0.00	0.00	0.00	0.00	0.00	0.00	0.00	24.08	21.37	0.00	0.98	0.00	0.00
713	17.46	4089	3092	0.76	33	0	0	1	0	3	25	0	6	0	0	0.00	0.02	0.00	2.10	62.50	0.00	16.49	0.00	0.00	20.12	3.57	53.02	5.83	72	0	73	132.89	96.24	0.00	0.00	0.00	0.00	0.00	0.00	0.00	0.00	0.00	0.00	0.00	24.15	21.49	0.00	1.01	0.00	0.00
716	17.26	4088	3143	0.77	35	0	0	0	1	2	26	0	7	0	0	0.00	0.00	0.18	1.36	63.21	0.00	17.70	0.00	0.00	21.22	1.23	49.60	10.69	71	0	72	132.69	94.48	0.00	0.00	0.00	0.00	0.00	0.00	0.00	0.00	0.00	0.00	0.00	24.46	21.88	0.00	1.00	0.00	0.00
764	17.58	4082	3296	0.79	33	0	0	0	1	6	26	0	2	0	0	0.00	0.00	0.44	1.84	76.73	0.00	7.06	0.00	0.00	22.19	1.64	58.59	0.00	72	0	72	155.26	110.53	0.00	0.00	0.00	0.00	0.00	0.00	0.00	0.00	0.00	0.00	0.00	30.97	26.08	0.00	1.28	0.00	0.00
768	18.59	4091	3125	0.78	26	0	0	1	1	3	20	0	4	0	0	0.00	0.07	0.10	2.32	66.04	0.00	12.28	0.00	0.00	21.86	1.50	58.05	0.00	71	0	71	147.91	98.95	0.00	0.00	0.00	0.00	0.00	0.00	0.00	0.00	0.00	0.00	0.00	25.53	23.53	0.00	1.01	0.00	0.00
599	18.75	4088	2418	0.76	26	0	0	0	1	7	46	0	10	0	0	0.00	0.00	0.04	1.02	49.47	0.00	11.99	0.00	0.00	16.87	1.29	58.09	4.99	72	0	72	56.61	37.08	0.00	0.00	0.00	0.00	0.00	0.00	0.00	0.00	0.00	0.00	0.00	8.02	6.99	0.00	0.31	0.00	0.00
834	11.88	4083	5321	0.76	87	0	0	1	1	5	36	0	9	0	0	0.00	0.00	0.10	2.18	110.89	0.00	35.91	0.00	0.00	24.60	0.00	54.30	9.22	72	0	72	213.29	176.68	0.00	0.00	0.00	0.00	0.00	0.00	0.00	0.00	0.00	0.00	0.00	75.16	62.77	0.00	3.37	0.00	0.00
742	18.60	4091	3018	0.77	25	0	0	1	1	2	25	0	2	0	0	0.00	0.06	0.16	1.97	68.88	0.00	6.99	0.00	0.00	22.71	2.02	56.67	0.00	72	0	72	140.12	92.14	0.00	0.00	0.00	0.00	0.00	0.00	0.00	0.00	0.00	0.00	0.00	24.89	21.51	0.00	0.96	0.00	0.00
723	18.84	4088	2906	0.76	27	0	0	0	2	1	29	0	3	0	0	0.00	0.00	0.73	0.85	68.69	0.00	4.09	0.00	0.00	22.52	1.56	57.08	0.00	72	0	72	111.08	72.21	0.00	0.00	0.00	0.00	0.00	0.00	0.00	0.00	0.00	0.00	0.00	18.13	16.06	0.00	0.72	0.00	0.00
719	17.36	4086	3139	0.77	33	0	0	0	2	3	31	0	2	0	0	0.00	0.00	0.61	0.51	77.72	0.00	3.87	0.00	0.00	21.51	0.00	61.13	0.00	72	0	72	137.45	99.70	0.00	0.00	0.00	0.00	0.00	0.00	0.00	0.00	0.00	0.00	0.00	24.80	23.03	0.00	1.03	0.00	0.00
794	17.98	4087	3344	0.78	34	0	0	0	1	2	23	0	3	0	0	0.00	0.00	0.46	1.91	76.22	0.00	7.89	0.00	0.00	20.95	3.14	57.94	0.00	72	0	72	159.28	112.67	0.00	0.00	0.00	0.00	0.00	0.00	0.00	0.00	0.00	0.00	0.00	32.21	27.34	0.00	1.32	0.00	0.00
641	19.70	4088	2465	0.75	25	0	0	1	1	5	34	0	5	0	0	0.00	0.01	0.09	1.08	54.00	0.00	7.92	0.00	0.00	14.62	1.16	62.19	2.33	73	0	73	80.63	53.48	0.00	0.00	0.00	0.00	0.00	0.00	0.00	0.00	0.00	0.00	0.00	11.49	10.31	0.00	0.46	0.00	0.00
763	14.86	4087	3891	0.76	57	0	0	0	1	2	30	0	8	0	1	0.00	0.00	0.10	1.23	80.44	0.00	22.61	0.00	1.08	23.21	0.00	55.57	6.35	72	0	73	160.16	126.60	0.00	0.00	0.00	0.00	0.00	0.00	0.00	0.00	0.00	0.00	0.00	39.80	32.84	0.00	1.76	0.00	0.00
701	17.24	4090	3077	0.77	32	0	0	0	1	1	26	0	6	0	0	0.00	0.00	0.22	0.74	65.16	0.00	14.71	0.00	0.00	21.40	0.00	55.54	5.82	71	0	72	129.15	92.24	0.00	0.00	0.00	0.00	0.00	0.00	0.00	0.00	0.00	0.00	0.00	23.38	20.26	0.00	0.99	0.00	0.00
711	17.62	4089	3057	0.78	33	0	0	1	1	1	29	0	3	0	0	0.00	0.00	0.24	0.51	70.95	0.00	8.42	0.00	0.00	21.13	0.00	61.25	0.00	72	0	72	132.78	94.93	0.00	0.00	0.00	0.00	0.00	0.00	0.00	0.00	0.00	0.00	0.00	24.22	21.36	0.00	0.98	0.00	0.00
706	17.23	4088	3102	0.78	34	0	0	0	2	1	24	0	7	0	0	0.00	0.00	0.68	0.70	59.75	0.00	20.30	0.00	0.00	21.72	1.17	53.99	5.88	73	0	73	131.57	94.04	0.00	0.00	0.00	0.00	0.00	0.00	0.00	0.00	0.00	0.00	0.00	24.12	21.12	0.00	1.02	0.00	0.00
715	17.34	4090	3121	0.78	33	0	0	0	3	7	35	0	1	0	0	0.00	0.00	0.45	0.96	77.35	0.00	3.18	0.00	0.00	22.82	0.00	59.84	0.00	72	0	73	133.87	94.98	0.00	0.00	0.00	0.00	0.00	0.00	0.00	0.00	0.00	0.00	0.00	24.94	22.12	0.00	1.00	0.00	0.00
711	17.38	4089	3095	0.77	34	0	0	0	3	1	28	0	2	0	0	0.00	0.00	1.11	0.88	73.11	0.00	6.16	0.00	0.00	21.86	0.00	60.76	0.00	72	0	72	130.98	92.90	0.00	0.00	0.00	0.00	0.00	0.00	0.00	0.00	0.00	0.00	0.00	24.47	20.94	0.00	1.01	0.00	0.00
718	17.36	4088	3132	0.78	33	0	0	0	1	2	30	0	1	0	0	0.00	0.00	0.38	1.11	77.48	0.00	3.13	0.00	0.00	21.92	1.14	59.58	0.00	72	0	72	132.36	94.16	0.00	0.00	0.00	0.00	0.00	0.00	0.00	0.00	0.00	0.00	0.00	25.18	21.85	0.00	1.03	0.00	0.00
699	17.32	4089	3055	0.77	33	0	0	0	2	6	29	0	3	0	0	0.00	0.00	0.27	1.07	72.09	0.00	6.87	0.00	0.00	21.83	0.00	60.85	0.00	72	0	73	131.03	92.64	0.00	0.00	0.00	0.00	0.00	0.00	0.00	0.00	0.00	0.00	0.00	23.50	20.00	0.00	0.98	0.00	0.00
708	17.24	4090	3111	0.78	34	0	0	0	1	2	28	0	3	0	0	0.00	0.00	0.35	1.23	71.50	0.00	8.65	0.00	0.00	21.61	1.35	59.81	0.00	72	0	73	132.80	94.86	0.00	0.00	0.00	0.00	0.00	0.00	0.00	0.00	0.00	0.00	0.00	23.94	21.32	0.00	1.01	0.00	0.00
704	17.29	4089	3084	0.77	33	0	0	0	2	4	30	0	2	0	0	0.00	0.00	0.52	0.95	74.01	0.00	5.64	0.00	0.00	22.15	0.00	60.56	0.00	72	0	73	130.82	93.23	0.00	0.00	0.00	0.00	0.00	0.00	0.00	0.00	0.00	0.00	0.00	24.86	21.61	0.00	1.01	0.00	0.00
720	17.26	4090	3158	0.77	33	0	0	0	1	3	29	0	3	0	0	0.00	0.00	0.21	1.35	72.46	0.00	9.16	0.00	0.00	21.83	1.21	59.70	0.00	72	0	72	135.02	96.21	0.00	0.00	0.00	0.00	0.00	0.00	0.00	0.00	0.00	0.00	0.00	24.89	21.75	0.00	1.03	0.00	0.00
704	17.38	4090	3067	0.77	32	0	0	0	2	4	32	0	0	0	0	0.00	0.00	0.45	1.25	78.64	0.00	0.00	0.00	0.00	22.27	0.00	60.35	0.00	73	0	73	130.37	92.23	0.00	0.00	0.00	0.00	0.00	0.00	0.00	0.00	0.00	0.00	0.00	24.94	21.34	0.00	1.02	0.00	0.00
712	17.39	4090	3100	0.78	32	0	0	0	1	2	29	0	2	0	0	0.00	0.00	0.10	1.67	73.48	0.00	6.15	0.00	0.00	21.41	1.59	59.61	0.00	73	0	73	132.54	93.80	0.00	0.00	0.00	0.00	0.00	0.00	0.00	0.00	0.00	0.00	0.00	23.74	20.81	0.00	0.99	0.00	0.00
692	17.27	4089	3031	0.78	32	0	0	0	1	2	28	0	3	0	0	0.00	0.00	0.19	1.56	69.25	0.00	8.46	0.00	0.00	21.16	1.49	60.08	0.00	72	0	73	128.98	92.03	0.00	0.00	0.00	0.00	0.00	0.00	0.00	0.00	0.00	0.00	0.00	23.78	20.53	0.00	0.97	0.00	0.00
726	17.20	4089	3196	0.78	33	0	1	0	2	2	30	0	4	0	0	0.16	0.00	0.47	0.34	72.39	0.00	11.16	0.00	0.00	21.85	0.00	60.95	0.00	73	0	73	136.15	97.35	0.00	0.00	0.00	0.00	0.00	0.00	0.00	0.00	0.00	0.00	0.00	24.36	21.97	0.00	1.05	0.00	0.00
751	17.18	4088	3312	0.79	32	0	0	0	2	4	28	0	0	0	0	0.00	0.00	0.50	1.50	84.51	0.00	0.00	0.00	0.00	24.67	0.00	58.15	0.00	73	0	73	150.45	105.88	0.00	0.00	0.00	0.00	0.00	0.00	0.00	0.00	0.00	0.00	0.00	30.51	25.43	0.00	1.26	0.00	0.00
754	18.31	4089	3119	0.78	25	0	0	1	2	3	25	0	2	0	0	0.00	0.00	0.55	1.63	70.93	0.00	8.12	0.00	0.00	23.11	2.11	56.47	0.00	73	0	73	143.33	95.12	0.00	0.00	0.00	0.00	0.00	0.00	0.00	0.00	0.00	0.00	0.00	25.25	23.51	0.00	0.97	0.00	0.00
747	19.34	4090	2925	0.75	27	0	0	1	1	3	27	0	1	0	0	0.00	0.02	0.35	2.22	71.31	0.00	0.65	0.00	0.00	21.69	2.55	56.42	0.00	73	0	73	113.44	75.57	0.00	0.00	0.00	0.00	0.00	0.00	0.00	0.00	0.00	0.00	0.00	19.34	16.95	0.00	0.76	0.00	0.00
713	17.39	4089	3101	0.77	34	0	0	0	1	3	29	0	2	0	0	0.00	0.00	0.15	2.09	75.61	0.00	3.30	0.00	0.00	21.08	2.58	58.95	0.00	73	0	73	132.23	94.12	0.00	0.00	0.00	0.00	0.00	0.00	0.00	0.00	0.00	0.00	0.00	23.96	21.22	0.00	1.00	0.00	0.00
706	17.31	4085	3093	0.81	33	0	0	1	1	6	29	0	4	0	0	0.00	0.02	0.05	1.83	69.66	0.00	9.77	0.00	0.00	21.76	1.45	59.48	0.00	73	0	73	129.69	92.54	0.00	0.00	0.00	0.00	0.00	0.00	0.00	0.00	0.00	0.00	0.00	24.39	20.85	0.00	0.99	0.00	0.00
708	17.27	4087	3104	0.93	34	0	0	1	1	2	27	0	4	0	0	0.00	0.00	0.35	1.34	68.09	0.00	12.07	0.00	0.00	21.17	0.00	61.56	0.00	73	0	73	134.03	95.86	0.00	0.00	0.00	0.00	0.00	0.00	0.00	0.00	0.00	0.00	0.00	24.08	21.71	0.00	1.01	0.00	0.00
706	17.20	4087	3109	0.93	34	0	0	0	2	1	25	0	6	0	0	0.00	0.00	0.46	0.73	63.60	0.00	17.03	0.00	0.00	21.22	0.00	57.44	4.14	73	0	73	133.40	95.15	0.00	0.00	0.00	0.00	0.00	0.00	0.00	0.00	0.00	0.00	0.00	25.06	21.81	0.00	1.02	0.00	0.00
708	17.33	4086	3097	0.93	35	0	0	0	2	2	29	0	3	0	0	0.00	0.00	0.38	0.38	71.73	0.00	8.91	0.00	0.00	21.72	0.00	60.95	0.00	73	0	74	132.56	93.90	0.00	0.00	0.00	0.00	0.00	0.00	0.00	0.00	0.00	0.00	0.00	24.91	22.02	0.00	1.01	0.00	0.00
704	17.30	4085	3086	0.92	34	0	0	0	2	2	25	0	6	0	0	0.00	0.00	0.48	0.43	63.07	0.00	17.34	0.00	0.00	21.47	0.00	57.44	3.79	74	0	73	133.27	94.66	0.00	0.00	0.00	0.00	0.00	0.00	0.00	0.00	0.00	0.00	0.00	25.42	21.71	0.00	1.04	0.00	0.00
772	17.49	4088	3341	0.92	35	0	0	0	1	1	23	0	5	0	0	0.00	0.00	0.49	0.88	69.97	0.00	16.01	0.00	0.00	21.14	1.34	60.02	0.00	74	0	74	159.97	113.55	0.00	0.00	0.00	0.00	0.00	0.00	0.00	0.00	0.00	0.00	0.00	32.40	28.32	0.00	1.29	0.00	0.00
661	17.96	4088	2787	0.93	26	0	0	0	1	2	27	0	6	0	0	0.00	0.00	0.30	1.06	58.24	0.00	13.15	0.00	0.00	22.03	0.00	60.01	0.00	73	0	74	97.18	64.13	0.00	0.00	0.00	0.00	0.00	0.00	0.00	0.00	0.00	0.00	0.00	16.05	13.98	0.00	0.63	0.00	0.00
772	16.31	4087	3587	0.92	41	0	0	1	1	2	20	0	8	0	0	0.00	0.00	0.46	1.89	66.11	0.00	26.66	0.00	0.00	20.30	2.92	53.71	6.75	73	0	73	175.20	130.63	0.00	0.00	0.00	0.00	0.00	0.00	0.00	0.00	0.00	0.00	0.00	39.94	34.47	0.00	1.63	0.00	0.00
767	18.80	4085	3091	0.92	25	0	0	1	1	3	21	0	4	0	0	0.00	0.00	0.26	1.18	62.21	0.00	16.04	0.00	0.00	22.64	0.00	58.57	0.00	73	0	73	142.15	94.43	0.00	0.00	0.00	0.00	0.00	0.00	0.00	0.00	0.00	0.00	0.00	25.14	22.28	0.00	1.00	0.00	0.00
775	18.80	4088	3120	0.92	25	0	0	0	2	2	21	0	2	0	0	0.00	0.00	0.77	2.04	69.36	0.00	8.31	0.00	0.00	22.75	1.95	56.50	0.00	74	0	74	146.46	96.24	0.00	0.00	0.00	0.00	0.00	0.00	0.00	0.00	0.00	0.00	0.00	26.33	24.37	0.00	1.00	0.00	0.00
779	19.01	4086	3104	0.92	27	0	0	0	2	1	21	0	3	0	0	0.00	0.00	0.54	1.05	67.20	0.00	10.70	0.00	0.00	22.92	0.00	52.66	5.42	74	0	74	143.79	94.12	0.00	0.00	0.00	0.00	0.00	0.00	0.00	0.00	0.00	0.00	0.00	27.38	23.70	0.00	1.03	0.00	0.00
775	18.98	4084	3094	0.92	27	0	0	0	2	2	24	0	2	0	0	0.00	0.00	0.64	0.47	71.22	0.00	7.09	0.00	0.00	23.48	0.00	57.54	0.00	74	0	74	143.75	93.58	0.00	0.00	0.00	0.00	0.00	0.00	0.00	0.00	0.00	0.00	0.00	25.81	22.42	0.00	1.02	0.00	0.00
772	19.02	4083	3076	0.92	26	0	0	0	2	4	22	0	2	0	0	0.00	0.00	0.70	2.59	68.01	0.00	7.60	0.00	0.00	23.39	2.14	55.46	0.00	74	0	74	141.45	92.96	0.00	0.00	0.00	0.00	0.00	0.00	0.00	0.00	0.00	0.00	0.00	25.89	22.38	0.00	0.99	0.00	0.00
774	18.86	4085	3108	0.92	26	0	0	0	1	2	24	0	1	0	0	0.00	0.00	0.56	1.75	77.66	0.00	0.00	0.00	0.00	23.25	0.00	57.89	0.00	74	0	74	145.29	94.54	0.00	0.00	0.00	0.00	0.00	0.00	0.00	0.00	0.00	0.00	0.00	25.75	23.57	0.00	1.01	0.00	0.00
778	18.94	4087	3112	0.91	25	0	0	0	2	1	23	0	1	0	0	0.00	0.00	0.82	1.09	74.81	0.00	3.44	0.00	0.00	22.95	0.00	58.11	0.00	74	0	74	144.66	95.38	0.00	0.00	0.00	0.00	0.00	0.00	0.00	0.00	0.00	0.00	0.00	26.80	23.02	0.00	1.02	0.00	0.00
770	18.97	4083	3077	0.92	26	0	0	0	2	6	24	0	1	0	0	0.00	0.00	0.46	2.09	73.18	0.00	3.44	0.00	0.00	23.49	2.18	55.36	0.00	74	0	74	142.81	92.96	0.00	0.00	0.00	0.00	0.00	0.00	0.00	0.00	0.00	0.00	0.00	26.09	22.39	0.00	1.01	0.00	0.00
773	18.96	4082	3093	0.92	26	0	0	0	1	3	20	0	3	0	0	0.00	0.00	0.57	3.03	64.69	0.00	10.94	0.00	0.00	23.19	2.11	55.74	0.00	75	0	75	141.63	93.43	0.00	0.00	0.00	0.00	0.00	0.00	0.00	0.00	0.00	0.00	0.00	25.65	22.83	0.00	0.99	0.00	0.00
775	18.88	4085	3112	0.91	25	0	0	0	1	4	23	0	2	0	0	0.00	0.00	0.33	2.07	70.08	0.00	7.60	0.00	0.00	23.18	0.00	57.94	0.00	74	0	74	145.97	95.03	0.00	0.00	0.00	0.00	0.00	0.00	0.00	0.00	0.00	0.00	0.00	26.90	23.61	0.00	1.02	0.00	0.00
769	18.94	4085	3078	0.92	26	0	0	0	2	4	21	0	1	0	0	0.00	0.00	0.81	2.71	72.47	0.00	3.28	0.00	0.00	23.19	2.10	55.78	0.00	75	0	75	144.12	94.20	0.00	0.00	0.00	0.00	0.00	0.00	0.00	0.00	0.00	0.00	0.00	26.60	23.15	0.00	1.01	0.00	0.00
769	18.77	4090	3101	0.92	28	0	0	1	0	3	22	0	2	0	0	0.00	0.00	0.00	2.57	69.35	0.00	7.57	0.00	0.00	22.69	3.44	55.09	0.00	74	0	74	140.24	91.56	0.00	0.00	0.00	0.00	0.00	0.00	0.00	0.00	0.00	0.00	0.00	25.56	22.54	0.00	1.00	0.00	0.00
638	19.64	4088	2460	0.93	25	0	0	1	1	6	33	0	6	0	0	0.00	0.01	0.10	1.17	51.29	0.00	10.36	0.00	0.00	14.63	1.13	64.60	0.00	74	0	74	80.54	53.11	0.00	0.00	0.00	0.00	0.00	0.00	0.00	0.00	0.00	0.00	0.00	11.80	10.52	0.00	0.45	0.00	0.00
756	14.62	4086	3916	0.90	57	0	0	1	1	2	33	0	7	0	0	0.00	0.00	0.08	1.21	83.09	0.00	22.02	0.00	0.00	23.57	0.00	57.01	4.79	75	0	75	160.66	126.94	0.00	0.00	0.00	0.00	0.00	0.00	0.00	0.00	0.00	0.00	0.00	41.44	34.68	0.00	1.78	0.00	0.00
710	17.47	4089	3076	0.92	34	0	0	1	1	1	25	0	7	0	0	0.00	0.00	0.30	0.87	62.33	0.00	17.16	0.00	0.00	21.36	1.53	57.82	1.82	75	0	74	130.88	92.90	0.00	0.00	0.00	0.00	0.00	0.00	0.00	0.00	0.00	0.00	0.00	25.24	21.78	0.00	1.00	0.00	0.00
774	16.96	4088	3458	0.91	32	0	0	0	2	1	27	0	1	0	0	0.00	0.00	0.23	0.94	86.11	0.00	3.92	0.00	0.00	24.14	0.00	58.90	0.00	75	0	75	154.80	109.63	0.00	0.00	0.00	0.00	0.00	0.00	0.00	0.00	0.00	0.00	0.00	32.20	27.89	0.00	1.32	0.00	0.00
738	18.62	4089	3001	0.91	25	0	0	1	1	2	23	0	2	0	0	0.00	0.00	0.22	1.69	68.91	0.00	6.71	0.00	0.00	22.35	1.98	57.04	0.00	74	0	74	139.34	91.39	0.00	0.00	0.00	0.00	0.00	0.00	0.00	0.00	0.00	0.00	0.00	25.08	22.44	0.00	0.94	0.00	0.00
749	19.14	4091	2962	0.90	27	0	0	1	0	2	27	0	3	0	0	0.00	0.00	0.00	1.53	68.62	0.00	5.88	0.00	0.00	21.26	2.66	52.22	4.72	75	0	74	118.14	79.12	0.00	0.00	0.00	0.00	0.00	0.00	0.00	0.00	0.00	0.00	0.00	19.64	18.63	0.00	0.76	0.00	0.00
710	17.40	4089	3091	0.92	33	0	0	2	0	3	24	0	6	0	0	0.00	0.05	0.00	1.96	61.09	0.00	17.98	0.00	0.00	20.57	2.61	54.72	4.70	75	0	75	130.50	92.81	0.00	0.00	0.00	0.00	0.00	0.00	0.00	0.00	0.00	0.00	0.00	24.55	21.02	0.00	0.99	0.00	0.00
635	18.77	4086	2564	0.92	35	0	0	0	1	6	35	0	14	0	0	0.00	0.00	0.06	0.66	44.37	0.00	21.19	0.00	0.00	15.56	0.00	48.89	16.78	74	0	74	84.02	59.92	0.00	0.00	0.00	0.00	0.00	0.00	0.00	0.00	0.00	0.00	0.00	13.05	11.75	0.00	0.52	0.00	0.00
725	13.49	4088	4066	0.90	64	0	0	0	1	2	28	0	13	0	0	0.00	0.00	0.20	1.17	75.44	0.00	35.30	0.00	0.00	23.01	0.00	53.01	10.49	75	0	74	171.48	138.76	0.00	0.00	0.00	0.00	0.00	0.00	0.00	0.00	0.00	0.00	0.00	46.37	38.19	0.00	2.03	0.00	0.00
697	17.17	4090	3072	0.92	32	0	0	0	1	2	27	0	4	0	0	0.00	0.00	0.07	1.58	67.66	0.00	11.67	0.00	0.00	21.08	1.51	60.23	0.00	74	0	75	131.43	93.00	0.00	0.00	0.00	0.00	0.00	0.00	0.00	0.00	0.00	0.00	0.00	24.40	21.62	0.00	0.98	0.00	0.00
709	17.15	4088	3133	0.92	32	0	1	0	0	2	30	0	5	0	0	0.09	0.00	0.00	1.31	69.11	0.00	11.95	0.00	0.00	22.98	1.41	58.46	0.00	75	0	75	121.92	86.85	0.00	0.00	0.00	0.00	0.00	0.00	0.00	0.00	0.00	0.00	0.00	23.65	20.90	0.00	0.95	0.00	0.00
716	17.22	4083	3154	0.92	36	0	0	0	2	7	32	0	3	0	0	0.00	0.00	0.33	2.82	70.42	0.00	9.46	0.00	0.00	22.70	3.65	56.43	0.00	74	0	74	140.77	100.40	0.00	0.00	0.00	0.00	0.00	0.00	0.00	0.00	0.00	0.00	0.00	26.38	24.38	0.00	1.03	0.00	0.00
723	17.81	4089	3074	0.91	33	0	0	1	1	2	28	0	2	0	0	0.00	0.00	0.23	1.40	72.19	0.00	6.36	0.00	0.00	20.72	2.50	58.98	0.00	75	0	75	129.94	91.94	0.00	0.00	0.00	0.00	0.00	0.00	0.00	0.00	0.00	0.00	0.00	24.26	20.81	0.00	0.99	0.00	0.00
708	17.26	4089	3105	0.93	33	0	0	1	1	2	26	0	5	0	0	0.00	0.03	0.08	1.30	64.83	0.00	15.46	0.00	0.00	20.97	1.19	54.69	5.89	74	0	75	132.80	94.39	0.00	0.00	0.00	0.00	0.00	0.00	0.00	0.00	0.00	0.00	0.00	25.45	22.85	0.00	1.01	0.00	0.00
702	17.20	4090	3090	0.93	35	0	0	1	0	4	25	0	5	0	0	0.00	0.03	0.00	2.58	64.08	0.00	14.86	0.00	0.00	20.96	3.56	53.71	4.57	74	0	75	131.22	93.20	0.00	0.00	0.00	0.00	0.00	0.00	0.00	0.00	0.00	0.00	0.00	25.40	21.51	0.00	1.02	0.00	0.00
702	17.14	4090	3099	0.93	34	0	0	1	1	2	24	0	8	0	0	0.00	0.00	0.10	1.30	58.28	0.00	21.78	0.00	0.00	21.39	1.18	54.55	5.74	75	0	74	129.91	92.45	0.00	0.00	0.00	0.00	0.00	0.00	0.00	0.00	0.00	0.00	0.00	24.40	21.73	0.00	0.97	0.00	0.00
707	17.20	4086	3115	0.93	33	0	0	1	1	1	25	0	7	0	0	0.00	0.00	0.35	0.51	60.68	0.00	20.61	0.00	0.00	21.19	0.00	61.61	0.00	74	0	75	133.74	95.83	0.00	0.00	0.00	0.00	0.00	0.00	0.00	0.00	0.00	0.00	0.00	25.86	22.32	0.00	1.03	0.00	0.00
705	17.38	4084	3074	0.94	34	0	0	0	2	4	29	0	5	0	0	0.00	0.00	0.34	0.42	65.42	0.00	14.49	0.00	0.00	21.53	0.00	55.15	5.93	75	0	75	131.13	92.83	0.00	0.00	0.00	0.00	0.00	0.00	0.00	0.00	0.00	0.00	0.00	24.21	21.64	0.00	0.98	0.00	0.00
707	17.17	4087	3121	0.93	33	0	0	0	2	1	26	0	5	0	0	0.00	0.00	0.56	0.68	66.70	0.00	14.23	0.00	0.00	21.12	0.00	57.53	4.18	75	0	74	134.26	96.13	0.00	0.00	0.00	0.00	0.00	0.00	0.00	0.00	0.00	0.00	0.00	25.90	22.57	0.00	1.02	0.00	0.00
709	17.37	4087	3094	0.93	34	0	0	0	2	1	25	0	5	0	0	0.00	0.00	0.54	0.87	65.55	0.00	14.47	0.00	0.00	21.61	0.00	56.96	4.06	75	0	75	135.04	95.77	0.00	0.00	0.00	0.00	0.00	0.00	0.00	0.00	0.00	0.00	0.00	25.25	22.16	0.00	1.01	0.00	0.00
702	17.29	4089	3073	0.93	33	0	1	0	1	2	25	0	5	0	0	0.10	0.00	0.23	1.40	64.25	0.00	14.85	0.00	0.00	20.99	2.45	59.28	0.00	75	0	75	129.58	91.63	0.00	0.00	0.00	0.00	0.00	0.00	0.00	0.00	0.00	0.00	0.00	25.34	21.87	0.00	1.01	0.00	0.00
706	17.20	4089	3106	0.93	33	0	0	1	1	2	24	0	7	0	0	0.00	0.00	0.10	1.25	59.69	0.00	20.86	0.00	0.00	20.96	1.15	54.74	5.95	75	0	75	133.07	94.56	0.00	0.00	0.00	0.00	0.00	0.00	0.00	0.00	0.00	0.00	0.00	25.32	21.61	0.00	1.02	0.00	0.00
701	17.24	4088	3078	0.93	34	0	1	0	0	3	24	0	7	0	0	0.07	0.00	0.00	1.86	60.99	0.00	17.85	0.00	0.00	21.23	2.43	59.11	0.00	75	0	75	128.25	91.34	0.00	0.00	0.00	0.00	0.00	0.00	0.00	0.00	0.00	0.00	0.00	24.03	21.31	0.00	0.97	0.00	0.00
779	17.41	4086	3392	0.92	33	0	0	0	2	2	24	0	4	0	0	0.00	0.00	0.40	0.97	71.56	0.00	16.14	0.00	0.00	21.37	0.00	61.23	0.00	75	0	75	166.01	118.40	0.00	0.00	0.00	0.00	0.00	0.00	0.00	0.00	0.00	0.00	0.00	33.72	30.24	0.00	1.34	0.00	0.00
774	18.92	4086	3100	0.91	25	0	0	0	2	1	21	0	3	0	0	0.00	0.00	0.74	1.12	66.51	0.00	11.36	0.00	0.00	23.09	0.00	57.99	0.00	75	0	75	143.51	94.19	0.00	0.00	0.00	0.00	0.00	0.00	0.00	0.00	0.00	0.00	0.00	26.82	23.54	0.00	1.01	0.00	0.00
771	18.90	4084	3092	0.93	27	0	0	0	2	5	24	0	2	0	0	0.00	0.00	0.47	0.84	70.57	0.00	7.68	0.00	0.00	23.31	0.00	57.79	0.00	74	0	74	143.77	93.80	0.00	0.00	0.00	0.00	0.00	0.00	0.00	0.00	0.00	0.00	0.00	26.60	22.73	0.00	1.02	0.00	0.00
771	18.98	4083	3080	0.92	27	0	0	0	2	4	21	0	2	0	0	0.00	0.00	0.91	2.70	68.12	0.00	7.40	0.00	0.00	23.62	2.02	55.39	0.00	75	0	75	143.88	94.03	0.00	0.00	0.00	0.00	0.00	0.00	0.00	0.00	0.00	0.00	0.00	27.01	24.02	0.00	1.01	0.00	0.00
708	18.47	4091	2901	0.93	26	0	0	2	0	4	22	0	5	0	0	0.00	0.03	0.00	3.20	56.92	0.00	15.07	0.00	0.00	22.03	2.78	56.73	0.00	74	0	75	114.93	74.99	0.00	0.00	0.00	0.00	0.00	0.00	0.00	0.00	0.00	0.00	0.00	19.71	16.88	0.00	0.76	0.00	0.00
703	17.21	4090	3091	0.93	34	0	0	2	0	3	25	0	5	0	0	0.00	0.08	0.00	1.98	63.79	0.00	15.68	0.00	0.00	20.74	2.55	59.49	0.00	74	0	75	131.39	93.59	0.00	0.00	0.00	0.00	0.00	0.00	0.00	0.00	0.00	0.00	0.00	24.76	21.81	0.00	0.99	0.00	0.00
704	17.21	4090	3096	0.93	34	0	0	1	1	3	25	0	5	0	0	0.00	0.05	0.12	2.17	63.66	0.00	15.64	0.00	0.00	21.06	2.77	58.96	0.00	75	0	75	132.49	94.49	0.00	0.00	0.00	0.00	0.00	0.00	0.00	0.00	0.00	0.00	0.00	25.23	21.80	0.00	1.02	0.00	0.00
701	17.15	4090	3093	0.93	34	0	0	2	0	3	23	0	7	0	0	0.00	0.07	0.00	2.00	58.82	0.00	20.68	0.00	0.00	20.92	2.42	53.52	6.00	75	0	75	131.08	93.32	0.00	0.00	0.00	0.00	0.00	0.00	0.00	0.00	0.00	0.00	0.00	24.69	21.60	0.00	1.01	0.00	0.00
767	17.43	4088	3334	0.91	34	0	0	0	1	2	25	0	4	0	0	0.00	0.00	0.13	1.71	72.43	0.00	12.95	0.00	0.00	22.24	1.38	58.95	0.00	75	0	75	159.37	113.36	0.00	0.00	0.00	0.00	0.00	0.00	0.00	0.00	0.00	0.00	0.00	32.91	28.66	0.00	1.28	0.00	0.00
665	17.97	4089	2804	0.94	27	0	0	0	1	2	26	0	7	0	0	0.00	0.00	0.23	1.02	55.67	0.00	16.32	0.00	0.00	21.84	0.00	60.19	0.00	75	0	75	99.40	65.05	0.00	0.00	0.00	0.00	0.00	0.00	0.00	0.00	0.00	0.00	0.00	15.86	14.61	0.00	0.62	0.00	0.00
777	16.49	4087	3568	0.92	42	0	0	1	1	2	21	0	7	0	0	0.00	0.03	0.29	1.94	68.72	0.00	23.21	0.00	0.00	20.56	2.98	59.97	0.00	75	0	75	174.29	129.49	0.00	0.00	0.00	0.00	0.00	0.00	0.00	0.00	0.00	0.00	0.00	38.61	32.88	0.00	1.62	0.00	0.00
663	17.89	4088	2805	0.94	26	0	0	1	1	2	26	0	8	0	0	0.00	0.04	0.26	1.09	55.34	0.00	16.63	0.00	0.00	22.11	0.00	60.00	0.00	75	0	75	97.54	64.56	0.00	0.00	0.00	0.00	0.00	0.00	0.00	0.00	0.00	0.00	0.00	16.10	14.64	0.00	0.62	0.00	0.00
773	16.36	4082	3585	0.92	41	0	0	0	2	4	27	0	4	0	0	0.00	0.00	0.46	0.59	79.39	0.00	14.74	0.00	0.00	20.88	0.00	62.76	0.00	75	0	75	178.06	132.86	0.00	0.00	0.00	0.00	0.00	0.00	0.00	0.00	0.00	0.00	0.00	39.36	33.31	0.00	1.64	0.00	0.00
769	18.77	4086	3105	0.91	25	0	0	0	2	1	21	0	3	0	0	0.00	0.00	1.01	1.15	66.79	0.00	11.02	0.00	0.00	22.89	0.00	58.34	0.00	75	0	75	144.18	95.20	0.00	0.00	0.00	0.00	0.00	0.00	0.00	0.00	0.00	0.00	0.00	25.87	23.60	0.00	1.03	0.00	0.00
774	18.93	4083	3098	0.92	27	0	0	0	2	4	22	0	3	0	0	0.00	0.00	0.67	0.77	66.87	0.00	11.09	0.00	0.00	23.40	0.00	57.68	0.00	75	0	75	143.83	93.76	0.00	0.00	0.00	0.00	0.00	0.00	0.00	0.00	0.00	0.00	0.00	26.79	22.84	0.00	1.00	0.00	0.00
389	11.80	4079	2501	0.90	27	0	0	0	2	4	31	0	7	0	1	0.00	0.00	0.45	1.29	55.67	0.00	12.64	0.00	0.55	23.76	1.19	63.25	0.00	75	0	75	87.01	56.73	0.00	0.00	0.00	0.00	0.00	0.00	0.00	0.00	0.00	0.00	0.00	12.78	11.13	0.00	0.50	0.00	0.00
1276	22.59	4088	4279	0.95	50	0	0	1	1	3	22	0	9	0	0	0.00	0.00	0.33	1.26	68.48	0.00	34.65	0.00	0.00	18.22	0.00	55.48	3.72	75	0	75	177.62	137.98	0.00	0.00	0.00	0.00	0.00	0.00	0.00	0.00	0.00	0.00	0.00	48.13	42.46	0.00	2.03	0.00	0.00
639	17.86	4087	2710	0.95	26	0	0	0	2	4	30	0	8	0	0	0.00	0.00	0.38	1.33	57.38	0.00	11.74	0.00	0.00	22.16	1.27	55.90	2.80	75	0	75	81.31	53.31	0.00	0.00	0.00	0.00	0.00	0.00	0.00	0.00	0.00	0.00	0.00	13.05	11.15	0.00	0.50	0.00	0.00
623	17.24	4087	2738	0.93	50	0	0	0	1	3	38	0	12	0	0	0.00	0.00	0.13	0.43	55.41	0.00	16.35	0.00	0.00	14.32	0.00	60.72	7.72	75	0	75	107.33	83.43	0.00	0.00	0.00	0.00	0.00	0.00	0.00	0.00	0.00	0.00	0.00	18.42	16.32	0.00	0.78	0.00	0.00
714	13.33	4085	4057	0.92	65	0	0	0	1	1	25	0	19	0	0	0.00	0.00	0.28	0.47	62.54	0.00	48.51	0.00	0.00	24.73	0.00	43.54	18.39	75	0	75	160.41	129.79	0.00	0.00	0.00	0.00	0.00	0.00	0.00	0.00	0.00	0.00	0.00	43.68	36.06	0.00	1.89	0.00	0.00
707	16.99	4086	3152	0.93	33	0	0	0	1	3	31	0	3	0	0	0.00	0.00	0.10	0.43	73.62	0.00	9.45	0.00	0.00	21.04	0.00	61.96	0.00	75	0	75	140.21	101.94	0.00	0.00	0.00	0.00	0.00	0.00	0.00	0.00	0.00	0.00	0.00	25.21	23.37	0.00	1.01	0.00	0.00
636	18.91	4089	2547	0.93	34	0	0	0	1	2	30	0	15	0	0	0.00	0.00	0.14	0.75	43.87	0.00	20.80	0.00	0.00	14.67	1.53	47.29	17.60	75	0	75	80.99	57.50	0.00	0.00	0.00	0.00	0.00	0.00	0.00	0.00	0.00	0.00	0.00	12.79	11.08	0.00	0.53	0.00	0.00
719	13.46	4089	4046	0.91	62	0	0	1	1	2	20	0	16	0	3	0.00	0.02	0.10	1.23	51.80	0.00	46.48	0.00	12.01	23.16	0.00	44.04	19.34	75	0	75	171.66	138.87	0.00	0.00	0.00	0.00	0.00	0.00	0.00	0.00	0.00	0.00	0.00	46.25	38.93	0.00	1.98	0.00	0.00
707	17.08	4088	3133	0.91	32	0	0	0	0	2	22	0	12	0	0	0.00	0.00	0.00	1.23	51.64	0.00	29.53	0.00	0.00	22.98	1.30	41.92	16.72	75	0	75	122.49	87.21	0.00	0.00	0.00	0.00	0.00	0.00	0.00	0.00	0.00	0.00	0.00	23.76	20.73	0.00	0.94	0.00	0.00
626	18.44	4086	2573	0.94	33	0	0	0	0	6	45	0	5	0	0	0.00	0.00	0.00	0.77	60.89	0.00	5.28	0.00	0.00	15.09	0.97	63.55	1.95	75	0	75	87.42	63.16	0.00	0.00	0.00	0.00	0.00	0.00	0.00	0.00	0.00	0.00	0.00	12.97	11.75	0.00	0.52	0.00	0.00
669	12.56	4086	4036	0.93	64	0	0	0	1	2	28	0	16	0	1	0.00	0.00	0.16	1.05	70.51	0.00	39.91	0.00	1.00	25.74	0.00	47.50	14.20	75	0	75	161.59	130.58	0.00	0.00	0.00	0.00	0.00	0.00	0.00	0.00	0.00	0.00	0.00	43.79	37.12	0.00	1.88	0.00	0.00
776	17.16	4089	3424	0.91	35	0	0	1	0	2	21	0	7	0	0	0.00	0.00	0.00	2.02	64.73	0.00	23.09	0.00	0.00	21.11	3.18	51.32	7.24	75	0	75	165.82	119.81	0.00	0.00	0.00	0.00	0.00	0.00	0.00	0.00	0.00	0.00	0.00	32.83	30.01	0.00	1.34	0.00	0.00
631	19.49	4091	2451	0.94	25	0	0	0	0	3	29	0	9	0	0	0.00	0.00	0.00	1.09	48.83	0.00	12.94	0.00	0.00	14.08	1.74	56.75	7.95	75	0	75	79.52	52.16	0.00	0.00	0.00	0.00	0.00	0.00	0.00	0.00	0.00	0.00	0.00	11.43	10.15	0.00	0.44	0.00	0.00
715	13.86	4088	3904	0.91	58	0	0	1	1	2	28	0	13	0	0	0.00	0.05	0.26	1.02	74.65	0.00	31.38	0.00	0.00	25.95	0.00	53.89	6.30	75	0	75	152.87	121.02	0.00	0.00	0.00	0.00	0.00	0.00	0.00	0.00	0.00	0.00	0.00	39.22	33.08	0.00	1.68	0.00	0.00
711	17.21	4088	3128	0.92	33	0	1	0	0	3	26	0	6	0	0	0.07	0.00	0.00	2.09	65.10	0.00	15.03	0.00	0.00	20.53	3.57	53.94	4.75	75	0	75	133.12	96.20	0.00	0.00	0.00	0.00	0.00	0.00	0.00	0.00	0.00	0.00	0.00	24.86	22.36	0.00	1.00	0.00	0.00
620	18.45	4087	2545	0.93	34	0	0	0	2	5	39	0	9	0	0	0.00	0.00	0.09	0.54	51.94	0.00	13.54	0.00	0.00	15.12	0.00	64.18	2.25	75	0	75	84.15	59.98	0.00	0.00	0.00	0.00	0.00	0.00	0.00	0.00	0.00	0.00	0.00	12.81	11.08	0.00	0.52	0.00	0.00
718	13.42	4086	4055	0.91	63	0	0	0	0	2	26	0	15	0	1	0.00	0.00	0.00	0.82	64.10	0.00	39.87	0.00	6.84	24.75	0.00	52.46	9.37	75	0	75	160.22	129.70	0.00	0.00	0.00	0.00	0.00	0.00	0.00	0.00	0.00	0.00	0.00	44.08	37.34	0.00	1.87	0.00	0.00
717	17.20	4086	3160	0.92	33	0	0	0	1	1	23	0	10	0	0	0.00	0.00	0.38	0.89	53.32	0.00	28.79	0.00	0.00	20.70	1.53	54.68	5.89	75	0	75	139.63	101.62	0.00	0.00	0.00	0.00	0.00	0.00	0.00	0.00	0.00	0.00	0.00	25.20	23.39	0.00	1.02	0.00	0.00
627	18.73	4086	2538	0.93	33	0	0	0	1	6	39	0	8	0	0	0.00	0.00	0.13	0.71	52.94	0.00	11.82	0.00	0.00	15.19	0.86	59.20	6.02	75	0	75	81.44	57.73	0.00	0.00	0.00	0.00	0.00	0.00	0.00	0.00	0.00	0.00	0.00	12.98	11.26	0.00	0.52	0.00	0.00
705	13.12	4089	4068	0.92	61	0	0	1	1	2	24	0	14	0	3	0.00	0.05	0.33	0.98	60.80	0.00	35.76	0.00	14.74	25.00	0.00	43.70	18.18	75	0	75	163.09	132.38	0.00	0.00	0.00	0.00	0.00	0.00	0.00	0.00	0.00	0.00	0.00	43.55	36.92	0.00	1.89	0.00	0.00
711	17.24	4086	3124	0.92	34	0	0	0	1	6	33	0	3	0	0	0.00	0.00	0.25	0.78	72.50	0.00	8.71	0.00	0.00	21.81	0.00	60.95	0.00	75	0	75	136.04	98.43	0.00	0.00	0.00	0.00	0.00	0.00	0.00	0.00	0.00	0.00	0.00	24.83	22.30	0.00	1.00	0.00	0.00
628	18.63	4089	2551	0.93	34	0	0	0	1	1	36	0	10	0	0	0.00	0.00	0.19	0.31	52.54	0.00	12.93	0.00	0.00	14.54	0.68	59.36	6.79	75	0	75	83.02	58.91	0.00	0.00	0.00	0.00	0.00	0.00	0.00	0.00	0.00	0.00	0.00	12.80	11.37	0.00	0.52	0.00	0.00
705	13.22	4086	4043	0.91	64	0	0	0	1	1	25	0	19	0	0	0.00	0.00	0.33	0.47	64.10	0.00	46.90	0.00	0.00	24.82	0.00	44.12	17.83	75	0	75	160.89	130.01	0.00	0.00	0.00	0.00	0.00	0.00	0.00	0.00	0.00	0.00	0.00	43.91	36.88	0.00	1.88	0.00	0.00
716	17.19	4086	3158	0.92	33	0	0	0	1	2	29	0	5	0	0	0.00	0.00	0.18	1.01	69.87	0.00	12.21	0.00	0.00	20.83	1.48	60.50	0.00	75	0	75	138.96	100.89	0.00	0.00	0.00	0.00	0.00	0.00	0.00	0.00	0.00	0.00	0.00	24.65	23.07	0.00	1.02	0.00	0.00
621	18.59	4087	2532	0.93	33	0	0	0	2	6	37	0	9	0	0	0.00	0.00	0.17	0.76	52.23	0.00	12.46	0.00	0.00	15.37	0.92	60.79	4.32	75	0	75	82.44	58.21	0.00	0.00	0.00	0.00	0.00	0.00	0.00	0.00	0.00	0.00	0.00	12.78	10.67	0.00	0.52	0.00	0.00
720	13.43	4086	4064	0.91	65	0	0	1	1	2	27	0	17	0	0	0.00	0.02	0.19	1.00	69.50	0.00	41.35	0.00	0.00	24.78	0.00	48.17	13.61	75	0	75	161.83	130.77	0.00	0.00	0.00	0.00	0.00	0.00	0.00	0.00	0.00	0.00	0.00	43.50	37.05	0.00	1.86	0.00	0.00
714	17.21	4085	3144	0.92	33	0	0	0	1	2	30	0	4	0	0	0.00	0.00	0.23	0.91	69.63	0.00	11.96	0.00	0.00	20.82	1.33	60.63	0.00	75	0	75	137.79	100.07	0.00	0.00	0.00	0.00	0.00	0.00	0.00	0.00	0.00	0.00	0.00	24.68	22.41	0.00	1.03	0.00	0.00
625	18.67	4087	2536	0.93	33	0	0	0	3	8	38	0	8	0	0	0.00	0.00	0.39	1.36	52.31	0.00	11.47	0.00	0.00	15.83	1.78	61.49	2.23	75	0	75	82.74	58.70	0.00	0.00	0.00	0.00	0.00	0.00	0.00	0.00	0.00	0.00	0.00	13.08	11.48	0.00	0.52	0.00	0.00
718	13.36	4086	4075	0.91	67	0	0	0	0	2	28	0	16	0	0	0.00	0.00	0.00	0.93	70.60	0.00	41.00	0.00	0.00	24.67	0.00	48.63	13.35	75	0	75	164.05	131.93	0.00	0.00	0.00	0.00	0.00	0.00	0.00	0.00	0.00	0.00	0.00	44.90	37.48	0.00	1.91	0.00	0.00
704	16.92	4090	3152	0.93	33	0	0	0	0	1	29	0	6	0	0	0.00	0.00	0.00	0.69	70.10	0.00	12.66	0.00	0.00	20.74	1.12	61.22	0.00	75	0	75	134.47	97.16	0.00	0.00	0.00	0.00	0.00	0.00	0.00	0.00	0.00	0.00	0.00	24.72	22.59	0.00	0.98	0.00	0.00
718	17.62	4085	3085	0.91	34	0	0	0	1	7	29	0	3	0	0	0.00	0.00	0.03	1.89	69.96	0.00	8.89	0.00	0.00	21.37	1.52	59.49	0.00	75	0	75	134.11	95.73	0.00	0.00	0.00	0.00	0.00	0.00	0.00	0.00	0.00	0.00	0.00	25.14	22.47	0.00	1.02	0.00	0.00
691	19.39	4090	2698	0.91	34	0	0	1	0	3	29	0	8	0	0	0.00	0.00	0.00	1.28	51.78	0.00	15.85	0.00	0.00	14.60	1.89	56.89	7.24	75	0	75	105.96	75.05	0.00	0.00	0.00	0.00	0.00	0.00	0.00	0.00	0.00	0.00	0.00	17.60	15.10	0.00	0.70	0.00	0.00
720	15.14	4088	3603	0.90	48	0	0	1	1	2	29	0	7	0	0	0.00	0.02	0.20	1.25	74.57	0.00	21.01	0.00	0.00	23.24	0.00	56.45	5.16	75	0	75	150.86	116.39	0.00	0.00	0.00	0.00	0.00	0.00	0.00	0.00	0.00	0.00	0.00	35.51	29.76	0.00	1.51	0.00	0.00
715	17.48	4090	3098	0.91	32	0	0	1	1	1	26	0	6	0	0	0.00	0.03	0.08	0.73	62.44	0.00	17.90	0.00	0.00	21.07	0.00	61.45	0.00	75	0	75	132.37	93.80	0.00	0.00	0.00	0.00	0.00	0.00	0.00	0.00	0.00	0.00	0.00	25.49	22.41	0.00	1.01	0.00	0.00
691	17.04	4090	3068	0.92	32	0	0	0	1	2	26	0	5	0	0	0.00	0.00	0.17	1.55	65.27	0.00	13.96	0.00	0.00	21.38	1.51	60.06	0.00	75	0	75	130.02	92.78	0.00	0.00	0.00	0.00	0.00	0.00	0.00	0.00	0.00	0.00	0.00	23.97	21.09	0.00	0.99	0.00	0.00
714	17.16	4088	3149	0.91	33	0	0	0	1	2	31	0	2	0	0	0.00	0.00	0.29	1.29	75.20	0.00	6.00	0.00	0.00	23.41	1.41	58.01	0.00	75	0	75	125.33	89.30	0.00	0.00	0.00	0.00	0.00	0.00	0.00	0.00	0.00	0.00	0.00	24.56	21.85	0.00	0.96	0.00	0.00
717	17.39	4088	3122	0.92	33	0	0	1	0	3	24	0	7	0	0	0.00	0.00	0.00	2.12	58.85	0.00	21.05	0.00	0.00	20.33	3.49	42.39	16.40	75	0	75	133.99	96.54	0.00	0.00	0.00	0.00	0.00	0.00	0.00	0.00	0.00	0.00	0.00	24.58	22.19	0.00	1.01	0.00	0.00
716	17.42	4089	3112	0.92	34	0	1	0	1	2	26	0	6	0	0	0.10	0.00	0.12	1.27	64.99	0.00	15.18	0.00	0.00	20.92	1.13	54.59	5.94	75	0	75	132.20	94.16	0.00	0.00	0.00	0.00	0.00	0.00	0.00	0.00	0.00	0.00	0.00	24.88	21.99	0.00	0.99	0.00	0.00
763	17.47	4083	3312	0.92	35	0	0	0	0	7	25	0	3	0	0	0.00	0.00	0.00	2.40	73.28	0.00	10.91	0.00	0.00	21.66	1.78	59.09	0.00	75	0	75	159.43	113.81	0.00	0.00	0.00	0.00	0.00	0.00	0.00	0.00	0.00	0.00	0.00	32.30	28.32	0.00	1.30	0.00	0.00
712	18.34	4088	2941	0.93	26	0	0	1	1	3	25	0	3	0	0	0.00	0.00	0.31	2.16	64.40	0.00	9.56	0.00	0.00	22.09	1.64	57.93	0.00	75	0	75	118.76	78.40	0.00	0.00	0.00	0.00	0.00	0.00	0.00	0.00	0.00	0.00	0.00	20.35	17.99	0.00	0.78	0.00	0.00
702	17.33	4084	3070	0.93	34	0	0	0	2	3	28	0	4	0	0	0.00	0.00	0.42	1.29	67.41	0.00	11.63	0.00	0.00	21.82	1.59	59.26	0.00	75	0	75	129.18	91.70	0.00	0.00	0.00	0.00	0.00	0.00	0.00	0.00	0.00	0.00	0.00	25.14	21.68	0.00	1.00	0.00	0.00
710	17.26	4087	3115	0.93	33	0	0	0	1	2	27	0	4	0	0	0.00	0.00	0.38	1.30	68.43	0.00	12.03	0.00	0.00	21.34	0.00	61.40	0.00	75	0	74	134.06	95.52	0.00	0.00	0.00	0.00	0.00	0.00	0.00	0.00	0.00	0.00	0.00	25.25	22.24	0.00	1.01	0.00	0.00
704	17.28	4086	3086	0.93	33	0	0	0	2	2	28	0	4	0	0	0.00	0.00	0.45	0.40	68.38	0.00	11.91	0.00	0.00	21.43	0.00	61.29	0.00	75	0	75	131.62	93.75	0.00	0.00	0.00	0.00	0.00	0.00	0.00	0.00	0.00	0.00	0.00	25.07	21.95	0.00	1.01	0.00	0.00
707	17.26	4086	3103	0.93	33	0	0	0	2	1	26	0	5	0	0	0.00	0.00	0.75	0.87	65.15	0.00	14.84	0.00	0.00	21.57	0.00	61.17	0.00	75	0	75	132.92	94.57	0.00	0.00	0.00	0.00	0.00	0.00	0.00	0.00	0.00	0.00	0.00	25.28	22.14	0.00	1.01	0.00	0.00
706	17.30	4087	3091	0.92	33	0	0	0	2	2	26	0	5	0	0	0.00	0.00	0.46	0.33	67.28	0.00	13.43	0.00	0.00	21.35	0.00	57.49	3.86	75	0	75	133.69	95.31	0.00	0.00	0.00	0.00	0.00	0.00	0.00	0.00	0.00	0.00	0.00	25.29	22.37	0.00	1.01	0.00	0.00
774	17.53	4088	3342	0.92	34	0	0	1	1	2	20	0	5	0	0	0.00	0.03	0.47	2.07	66.78	0.00	18.09	0.00	0.00	21.45	3.27	57.76	0.00	75	0	75	162.19	114.64	0.00	0.00	0.00	0.00	0.00	0.00	0.00	0.00	0.00	0.00	0.00	33.80	28.82	0.00	1.34	0.00	0.00
463	13.35	4088	2626	0.90	26	0	0	2	0	3	26	0	7	0	0	0.00	0.02	0.00	1.53	54.19	0.00	16.89	0.00	0.00	22.76	2.30	57.44	4.15	75	0	75	100.38	65.85	0.00	0.00	0.00	0.00	0.00	0.00	0.00	0.00	0.00	0.00	0.00	15.70	13.42	0.00	0.61	0.00	0.00
1084	21.38	4091	3836	0.95	43	0	0	0	2	3	21	0	7	0	0	0.00	0.00	0.29	2.70	68.64	0.00	23.63	0.00	0.00	19.36	2.75	56.51	0.00	74	0	74	162.66	121.73	0.00	0.00	0.00	0.00	0.00	0.00	0.00	0.00	0.00	0.00	0.00	38.46	33.84	0.00	1.61	0.00	0.00
662	17.93	4089	2796	0.93	25	0	0	0	2	1	27	0	7	0	0	0.00	0.00	0.39	0.49	56.14	0.00	16.27	0.00	0.00	22.00	0.00	60.07	0.00	75	0	75	98.27	65.45	0.00	0.00	0.00	0.00	0.00	0.00	0.00	0.00	0.00	0.00	0.00	15.88	14.32	0.00	0.61	0.00	0.00
771	16.31	4087	3582	0.92	42	0	0	1	1	2	19	0	9	0	0	0.00	0.00	0.42	1.91	62.15	0.00	30.59	0.00	0.00	20.33	2.93	47.92	12.51	75	0	75	174.86	130.43	0.00	0.00	0.00	0.00	0.00	0.00	0.00	0.00	0.00	0.00	0.00	39.30	33.50	0.00	1.64	0.00	0.00
700	18.20	4087	2915	0.93	26	0	0	1	1	1	24	0	6	0	0	0.00	0.03	0.35	0.50	59.22	0.00	15.71	0.00	0.00	22.48	0.00	59.32	0.00	75	0	75	114.88	76.41	0.00	0.00	0.00	0.00	0.00	0.00	0.00	0.00	0.00	0.00	0.00	19.33	17.26	0.00	0.75	0.00	0.00
774	17.57	4084	3337	0.92	33	0	0	0	2	0	22	0	6	0	0	0.00	0.00	0.91	0.00	64.95	0.00	21.38	0.00	0.00	21.73	0.00	55.84	4.86	75	0	75	162.20	114.79	0.00	0.00	0.00	0.00	0.00	0.00	0.00	0.00	0.00	0.00	0.00	33.01	28.65	0.00	1.31	0.00	0.00
774	18.82	4089	3113	0.91	25	0	0	0	2	2	19	0	4	0	0	0.00	0.00	0.54	2.03	62.61	0.00	14.83	0.00	0.00	22.49	2.10	56.59	0.00	75	0	75	145.32	95.85	0.00	0.00	0.00	0.00	0.00	0.00	0.00	0.00	0.00	0.00	0.00	26.41	23.85	0.00	1.03	0.00	0.00
640	17.87	4087	2713	0.95	27	0	0	0	2	1	29	0	10	0	0	0.00	0.00	0.32	0.54	53.74	0.00	16.28	0.00	0.00	22.12	0.00	60.01	0.00	75	0	74	82.37	53.85	0.00	0.00	0.00	0.00	0.00	0.00	0.00	0.00	0.00	0.00	0.00	13.58	12.00	0.00	0.50	0.00	0.00
711	15.60	4082	3455	0.92	49	0	0	0	2	5	28	0	9	0	0	0.00	0.00	0.22	1.34	65.83	0.00	25.42	0.00	0.00	20.13	1.30	54.62	8.34	75	0	75	160.37	124.21	0.00	0.00	0.00	0.00	0.00	0.00	0.00	0.00	0.00	0.00	0.00	35.02	29.94	0.00	1.50	0.00	0.00
666	17.09	4088	2952	0.94	34	0	0	1	1	2	30	0	6	0	0	0.00	0.00	0.32	1.10	64.06	0.00	12.60	0.00	0.00	21.07	0.00	61.83	0.00	75	0	75	112.91	80.51	0.00	0.00	0.00	0.00	0.00	0.00	0.00	0.00	0.00	0.00	0.00	20.29	17.81	0.00	0.81	0.00	0.00
706	16.32	4085	3280	0.92	42	0	0	0	2	2	26	0	7	0	0	0.00	0.00	0.48	0.41	66.82	0.00	19.76	0.00	0.00	20.50	0.00	53.89	9.30	75	0	75	149.60	112.43	0.00	0.00	0.00	0.00	0.00	0.00	0.00	0.00	0.00	0.00	0.00	30.55	26.14	0.00	1.28	0.00	0.00
705	17.25	4089	3093	0.93	33	0	1	0	1	1	25	0	7	0	0	0.07	0.00	0.32	0.64	63.55	0.00	16.75	0.00	0.00	21.16	1.14	56.89	3.57	75	0	75	129.60	91.37	0.00	0.00	0.00	0.00	0.00	0.00	0.00	0.00	0.00	0.00	0.00	24.88	21.72	0.00	0.99	0.00	0.00
707	17.25	4087	3103	0.92	33	0	0	0	1	2	24	0	6	0	0	0.00	0.00	0.31	1.26	61.57	0.00	18.71	0.00	0.00	21.12	0.00	61.63	0.00	75	0	75	136.03	97.35	0.00	0.00	0.00	0.00	0.00	0.00	0.00	0.00	0.00	0.00	0.00	25.41	22.17	0.00	1.03	0.00	0.00
770	17.43	4089	3347	0.92	33	0	0	1	1	2	20	0	5	0	0	0.00	0.07	0.37	2.13	68.50	0.00	16.57	0.00	0.00	21.56	3.38	57.63	0.00	75	0	75	160.47	113.30	0.00	0.00	0.00	0.00	0.00	0.00	0.00	0.00	0.00	0.00	0.00	32.61	28.73	0.00	1.34	0.00	0.00
631	19.48	4090	2453	0.93	25	0	0	2	0	3	25	0	14	0	0	0.00	0.03	0.00	1.13	40.50	0.00	21.21	0.00	0.00	14.45	1.82	58.85	5.40	75	0	75	78.60	51.71	0.00	0.00	0.00	0.00	0.00	0.00	0.00	0.00	0.00	0.00	0.00	11.64	10.34	0.00	0.43	0.00	0.00
712	13.88	4086	3888	0.92	59	0	0	0	2	2	29	0	13	0	0	0.00	0.00	0.37	1.02	73.13	0.00	32.10	0.00	0.00	26.11	0.00	53.82	6.19	75	0	75	150.90	119.14	0.00	0.00	0.00	0.00	0.00	0.00	0.00	0.00	0.00	0.00	0.00	38.60	32.71	0.00	1.64	0.00	0.00
716	17.18	4087	3158	0.92	33	0	0	0	1	2	27	0	5	0	0	0.00	0.00	0.31	1.48	68.96	0.00	12.59	0.00	0.00	20.74	1.14	60.95	0.00	75	0	75	138.85	100.75	0.00	0.00	0.00	0.00	0.00	0.00	0.00	0.00	0.00	0.00	0.00	26.04	23.49	0.00	1.03	0.00	0.00
627	18.69	4085	2541	0.93	33	0	0	0	1	6	35	0	12	0	0	0.00	0.00	0.13	0.78	47.54	0.00	17.19	0.00	0.00	15.50	0.95	60.76	4.10	75	0	75	82.84	58.28	0.00	0.00	0.00	0.00	0.00	0.00	0.00	0.00	0.00	0.00	0.00	12.93	11.53	0.00	0.52	0.00	0.00
731	13.64	4086	4058	0.90	64	0	0	0	1	2	32	0	10	0	0	0.00	0.00	0.17	1.16	83.39	0.00	26.72	0.00	0.00	23.46	0.00	60.35	2.55	75	0	75	170.54	137.79	0.00	0.00	0.00	0.00	0.00	0.00	0.00	0.00	0.00	0.00	0.00	46.75	38.81	0.00	1.99	0.00	0.00
703	16.98	4089	3135	0.91	33	0	1	0	1	1	24	0	10	0	0	0.12	0.00	0.17	0.54	58.27	0.00	23.95	0.00	0.00	23.27	0.00	57.73	2.03	75	0	75	124.85	88.67	0.00	0.00	0.00	0.00	0.00	0.00	0.00	0.00	0.00	0.00	0.00	23.63	20.82	0.00	0.95	0.00	0.00
629	18.56	4089	2566	0.93	33	0	0	0	0	3	27	0	19	0	0	0.00	0.00	0.00	1.13	38.19	0.00	27.19	0.00	0.00	14.34	2.37	43.66	21.07	75	0	75	84.80	61.40	0.00	0.00	0.00	0.00	0.00	0.00	0.00	0.00	0.00	0.00	0.00	13.12	11.70	0.00	0.52	0.00	0.00
589	19.44	4091	2294	0.94	62	0	0	1	1	2	26	0	30	0	2	0.00	0.02	0.03	0.44	25.88	0.00	29.69	0.00	2.78	21.41	0.00	38.50	20.64	75	0	75	105.73	85.47	0.00	0.00	0.00	0.00	0.00	0.00	0.00	0.00	0.00	0.00	0.00	15.90	13.51	0.00	0.69	0.00	0.00
783	9.60	4081	6191	0.89	84	0	0	0	1	0	22	0	36	0	1	0.00	0.00	0.07	0.00	57.52	0.00	102.34	0.00	19.20	18.75	0.00	35.11	36.54	68	0	68	161.05	137.36	0.00	0.00	0.00	0.00	0.00	0.00	0.00	0.00	0.00	0.00	0.00	68.84	56.82	0.00	3.03	0.00	0.00
701	17.57	4089	3020	0.92	32	0	0	1	1	0	20	0	13	0	0	0.00	0.00	0.07	0.00	45.83	0.00	33.45	0.00	0.00	20.37	0.00	42.64	19.43	70	0	70	130.98	93.97	0.00	0.00	0.00	0.00	0.00	0.00	0.00	0.00	0.00	0.00	0.00	23.08	20.08	0.00	0.96	0.00	0.00
735	17.02	4089	3272	0.89	41	0	0	0	0	2	25	0	9	0	0	0.00	0.00	0.00	1.63	63.22	0.00	21.33	0.00	0.00	22.70	2.66	53.45	4.17	71	0	70	127.30	92.00	0.00	0.00	0.00	0.00	0.00	0.00	0.00	0.00	0.00	0.00	0.00	24.88	23.04	0.00	1.00	0.00	0.00
782	16.19	4090	3655	0.90	33	0	0	0	2	3	26	0	5	0	0	0.00	0.00	0.40	1.17	80.86	0.00	14.93	0.00	0.00	21.02	0.00	61.11	1.67	71	0	72	151.90	108.21	0.00	0.00	0.00	0.00	0.00	0.00	0.00	0.00	0.00	0.00	0.00	32.38	28.98	0.00	1.35	0.00	0.00
785	19.23	4089	3092	0.90	27	0	0	0	0	2	24	0	1	0	0	0.00	0.00	0.00	1.48	74.14	0.00	3.36	0.00	0.00	21.86	1.48	57.44	0.00	71	0	72	143.12	93.63	0.00	0.00	0.00	0.00	0.00	0.00	0.00	0.00	0.00	0.00	0.00	26.50	23.03	0.00	1.01	0.00	0.00
768	18.75	4091	3099	0.91	26	0	0	1	0	2	23	0	2	0	0	0.00	0.00	0.00	1.53	70.69	0.00	7.68	0.00	0.00	22.68	1.42	57.15	0.00	72	0	72	142.15	93.05	0.00	0.00	0.00	0.00	0.00	0.00	0.00	0.00	0.00	0.00	0.00	25.81	22.40	0.00	1.02	0.00	0.00
760	18.73	4091	3071	0.91	26	0	0	0	0	2	24	0	1	0	0	0.00	0.00	0.00	1.62	74.26	0.00	3.21	0.00	0.00	22.77	1.61	56.88	0.00	72	0	72	140.99	92.36	0.00	0.00	0.00	0.00	0.00	0.00	0.00	0.00	0.00	0.00	0.00	25.05	22.29	0.00	0.99	0.00	0.00
705	19.50	4092	2735	0.93	27	0	0	1	1	2	27	0	2	0	0	0.00	0.08	0.30	0.68	62.78	0.00	5.94	0.00	0.00	24.25	0.00	56.25	0.00	72	0	72	123.82	81.06	0.00	0.00	0.00	0.00	0.00	0.00	0.00	0.00	0.00	0.00	0.00	20.18	17.86	0.00	0.77	0.00	0.00
705	17.40	4089	3067	0.92	34	0	0	0	1	1	29	0	3	0	0	0.00	0.00	0.37	0.72	72.21	0.00	7.27	0.00	0.00	21.15	1.24	56.77	3.44	72	0	72	131.16	93.41	0.00	0.00	0.00	0.00	0.00	0.00	0.00	0.00	0.00	0.00	0.00	25.70	21.73	0.00	1.02	0.00	0.00
771	16.21	4088	3602	0.91	33	0	0	0	2	5	28	0	3	0	0	0.00	0.00	0.29	1.47	84.58	0.00	9.46	0.00	0.00	21.21	0.00	62.58	0.00	72	0	72	150.44	106.89	0.00	0.00	0.00	0.00	0.00	0.00	0.00	0.00	0.00	0.00	0.00	31.85	28.37	0.00	1.32	0.00	0.00
653	20.83	3902	2485	0.93	26	0	0	0	1	2	28	0	2	0	0	0.00	0.00	0.34	1.13	57.11	0.00	4.65	0.00	0.00	23.27	0.00	55.90	0.00	72	0	72	110.21	72.40	0.00	0.00	0.00	0.00	0.00	0.00	0.00	0.00	0.00	0.00	0.00	14.91	13.17	0.00	0.60	0.00	0.00
707	16.61	3800	3468	0.92	41	0	0	0	2	2	33	0	5	0	0	0.00	0.00	0.57	0.25	80.13	0.00	12.60	0.00	0.00	18.58	0.00	59.50	5.30	71	0	72	148.73	110.61	0.00	0.00	0.00	0.00	0.00	0.00	0.00	0.00	0.00	0.00	0.00	25.16	20.72	0.00	1.25	0.00	0.00
697	18.40	3800	3089	0.92	33	0	0	0	0	2	28	0	4	0	0	0.00	0.00	0.00	1.18	70.36	0.00	10.01	0.00	0.00	19.55	1.20	60.86	0.00	71	0	71	140.32	99.59	0.00	0.00	0.00	0.00	0.00	0.00	0.00	0.00	0.00	0.00	0.00	21.59	18.53	0.00	1.01	0.00	0.00
709	18.60	3800	3105	0.92	33	0	1	0	1	5	32	0	2	0	0	0.08	0.00	0.10	1.03	74.96	0.00	5.68	0.00	0.00	20.37	0.00	61.03	0.00	70	0	71	142.59	100.13	0.00	0.00	0.00	0.00	0.00	0.00	0.00	0.00	0.00	0.00	0.00	20.81	17.56	0.00	1.01	0.00	0.00
697	18.44	3800	3078	0.93	33	0	0	0	0	2	29	0	3	0	0	0.00	0.00	0.00	1.20	72.55	0.00	7.49	0.00	0.00	19.63	1.24	60.68	0.00	71	0	71	140.22	99.41	0.00	0.00	0.00	0.00	0.00	0.00	0.00	0.00	0.00	0.00	0.00	21.43	17.93	0.00	1.01	0.00	0.00
703	18.40	3800	3112	0.92	33	0	0	1	1	3	30	0	4	0	0	0.00	0.05	0.23	0.85	70.79	0.00	10.20	0.00	0.00	20.33	0.00	61.27	0.00	70	0	71	141.17	100.39	0.00	0.00	0.00	0.00	0.00	0.00	0.00	0.00	0.00	0.00	0.00	21.14	18.65	0.00	1.01	0.00	0.00
788	17.49	3800	3669	0.89	33	0	0	0	0	3	27	0	2	0	0	0.00	0.00	0.00	2.36	88.05	0.00	7.55	0.00	0.00	18.70	2.46	61.36	0.00	71	0	70	160.94	114.18	0.00	0.00	0.00	0.00	0.00	0.00	0.00	0.00	0.00	0.00	0.00	28.50	23.22	0.00	1.38	0.00	0.00
779	23.54	3800	2695	0.69	27	0	0	3	10	3	39	0	1	0	0	0.00	0.14	2.05	1.72	62.58	0.00	0.22	0.00	0.00	25.49	2.09	48.88	0.00	66	0	67	154.06	93.49	0.00	0.00	0.00	0.00	0.00	0.00	0.00	0.00	0.00	0.00	0.00	19.50	16.98	0.00	1.12	0.00	0.00
826	19.19	3800	3508	0.67	26	0	0	3	27	2	41	0	2	0	0	0.00	0.19	11.98	1.34	71.62	0.00	6.65	0.00	0.00	35.64	2.17	43.00	0.00	64	0	66	160.84	102.27	0.00	0.00	0.00	0.00	0.00	0.00	0.00	0.00	0.00	0.00	0.00	24.32	24.32	0.00	1.23	0.00	0.00
961	25.07	3800	3123	0.65	26	0	0	5	50	15	39	0	0	0	0	0.00	1.02	10.97	5.22	58.78	0.00	0.00	0.00	0.00	39.32	3.81	31.80	0.00	64	0	64	167.35	96.81	0.00	0.00	0.00	0.00	0.00	0.00	0.00	0.00	0.00	0.00	0.00	23.33	21.63	0.00	1.30	0.00	0.00
950	25.19	3800	3073	0.65	27	0	0	16	48	12	26	0	0	0	0	0.00	4.68	27.66	13.96	28.28	0.00	0.00	0.00	0.00	61.27	9.43	4.11	0.00	64	0	64	183.90	96.23	0.00	0.00	0.00	0.00	0.00	0.00	0.00	0.00	0.00	0.00	0.00	26.99	24.50	0.00	1.13	0.00	0.00
551	14.33	3800	3133	0.74	25	0	0	0	7	4	27	0	0	0	0	0.00	0.00	4.11	6.08	76.66	0.00	0.00	0.00	0.00	22.22	3.31	60.14	0.00	64	0	63	127.90	81.80	0.00	0.00	4.10	13.28	0.00	0.00	0.00	0.00	0.00	0.00	0.00	27.07	16.43	0.00	1.54	0.00	0.00
316	8.31	3801	3097	0.85	25	0	0	0	1	1	30	0	0	0	0	0.00	0.00	0.73	1.40	89.74	0.00	0.00	0.00	0.00	15.37	0.00	76.32	0.00	63	0	63	66.61	60.94	0.00	0.00	6.37	24.20	0.00	0.00	0.00	0.00	0.00	0.00	0.00	13.56	10.51	0.00	1.06	0.00	0.00
320	8.63	3800	3024	0.84	25	0	0	0	1	0	30	0	0	0	0	0.00	0.00	0.70	0.00	88.68	0.00	0.00	0.00	0.00	15.19	0.00	76.18	0.00	63	0	62	65.45	60.19	0.00	0.00	6.54	23.60	0.00	0.00	0.00	0.00	0.00	0.00	0.00	11.16	8.31	0.00	0.97	0.00	0.00
349	8.94	3799	3178	0.83	33	0	0	0	1	1	32	0	0	0	0	0.00	0.00	0.50	0.17	92.97	0.00	0.00	0.00	0.00	15.96	0.00	75.10	0.00	62	0	62	76.20	63.74	0.00	0.00	6.56	23.51	0.00	0.00	0.00	0.00	0.00	0.00	0.00	14.33	11.69	0.00	1.10	0.00	0.00
305	8.21	3785	3044	0.87	25	0	0	0	1	1	27	0	3	0	0	0.00	0.00	0.16	0.83	82.94	0.00	6.43	0.00	0.00	13.89	0.00	77.91	0.00	62	0	62	65.09	60.52	0.00	0.00	6.98	23.13	0.00	0.00	0.00	0.00	0.00	0.00	0.00	11.62	8.81	0.00	0.98	0.00	0.00
299	8.57	3501	3086	0.86	25	0	0	0	2	4	31	0	0	0	0	0.00	0.00	0.64	0.64	90.00	0.00	0.00	0.00	0.00	13.59	0.00	77.84	0.00	60	0	62	68.39	63.19	0.00	0.00	2.77	23.68	0.00	0.00	0.00	0.00	0.00	0.00	0.00	10.54	8.19	0.00	0.98	0.00	0.00
527	15.07	3500	3093	0.78	45	0	0	0	1	4	46	0	1	0	0	0.00	0.00	0.13	3.48	81.04	0.00	0.44	0.00	0.00	20.14	4.44	60.35	0.00	62	0	62	88.67	64.92	0.00	0.00	2.61	27.26	0.00	0.00	0.00	0.00	0.00	0.00	0.00	10.97	9.81	0.00	0.97	0.00	0.00
730	21.99	3427	2998	0.86	26	0	0	1	5	4	31	0	0	0	0	0.00	0.03	1.92	3.10	70.57	0.00	0.00	0.00	0.00	28.99	2.80	46.21	0.00	62	0	62	192.18	96.94	0.00	0.00	0.00	0.00	0.00	0.00	0.00	0.00	0.00	0.00	0.00	20.29	17.46	0.00	1.25	0.00	0.00
596	21.82	3200	2644	0.92	25	0	0	2	3	2	40	0	1	0	0	0.00	0.05	0.74	0.78	64.41	0.00	0.90	0.00	0.00	20.20	0.74	57.25	0.00	62	0	62	107.60	62.51	0.00	0.00	0.00	0.00	0.00	0.00	0.00	0.00	0.00	0.00	0.00	11.03	7.33	0.00	0.79	0.00	0.00
346	8.95	3117	3837	0.71	58	0	0	0	0	2	44	0	1	0	0	0.00	0.00	0.00	2.10	110.20	0.00	0.85	0.00	0.00	16.59	3.04	71.42	0.00	60	0	61	143.78	119.18	0.00	0.00	4.78	16.51	0.00	0.00	0.00	0.00	0.00	0.00	0.00	21.53	17.05	0.00	2.11	0.00	0.00
271	9.34	2900	3103	0.86	27	0	0	0	0	3	30	0	2	0	0	0.00	0.00	0.00	2.71	83.06	0.00	5.28	0.00	0.00	13.72	4.67	72.28	0.00	59	0	60	75.68	68.29	0.00	0.00	4.54	21.75	0.00	0.00	0.00	0.00	0.00	0.00	0.00	7.70	5.14	0.00	0.97	0.00	0.00
265	9.42	2893	3014	0.86	33	0	0	0	0	2	27	0	5	0	0	0.00	0.00	0.00	1.85	77.27	0.00	9.25	0.00	0.00	13.89	3.07	73.62	0.00	59	0	60	74.29	66.88	0.00	0.00	5.72	20.88	0.00	0.00	0.00	0.00	0.00	0.00	0.00	9.59	6.07	0.00	1.10	0.00	0.00
254	9.47	2692	3078	0.86	25	0	0	0	1	3	33	0	2	0	0	0.00	0.00	0.21	0.97	83.75	0.00	5.23	0.00	0.00	14.59	1.15	74.78	0.00	59	0	59	76.14	69.09	0.00	0.00	4.33	20.15	0.00	0.00	0.00	0.00	0.00	0.00	0.00	8.34	4.59	0.00	1.06	0.00	0.00
258	9.92	2600	3101	0.85	33	0	0	0	2	5	31	0	5	0	0	0.00	0.00	0.57	1.63	78.74	0.00	9.54	0.00	0.00	14.67	1.92	72.02	1.47	59	0	59	77.04	71.40	0.00	0.00	2.18	19.11	0.00	0.00	0.00	0.00	0.00	0.00	0.00	6.51	5.21	0.00	0.83	0.00	0.00
232	9.52	2526	2983	0.86	32	0	0	0	1	1	34	0	1	0	0	0.00	0.00	0.22	0.67	83.44	0.00	3.01	0.00	0.00	14.08	1.20	75.19	0.00	59	0	59	75.96	69.82	0.00	0.00	2.02	20.77	0.00	0.00	0.00	0.00	0.00	0.00	0.00	7.46	4.07	0.00	0.97	0.00	0.00
235	10.26	2300	3083	0.85	32	0	0	0	1	2	31	0	3	0	0	0.00	0.00	0.15	1.46	80.66	0.00	7.31	0.00	0.00	13.90	1.12	74.73	0.00	58	0	59	82.23	74.13	0.00	0.00	2.01	21.07	0.00	0.00	0.00	0.00	0.00	0.00	0.00	7.10	4.21	0.00	0.99	0.00	0.00
224	10.23	2286	2969	0.85	33	0	0	1	2	3	32	0	7	0	0	0.00	0.07	0.46	0.87	72.84	0.00	12.14	0.00	0.00	15.40	0.00	68.72	5.64	58	0	58	80.06	72.58	0.00	0.00	2.32	18.01	0.00	0.00	0.00	0.00	0.00	0.00	0.00	6.62	3.85	0.00	0.92	0.00	0.00
