Avg_MHz	Busy%	Bzy_MHz	TSC_MHz	IPC	IRQ	SMI	POLL	C1	C1E	C3	C6	C7s	C8	C9	C10	POLL%	C1%	C1E%	C3%	C6%	C7s%	C8%	C9%	C10%	CPU%c1	CPU%c3	CPU%c6	CPU%c7	CoreTmp	CoreThr	PkgTmp	Totl%C0	Any%C0	GFX%C0	CPUGFX%	Pkg%pc2	Pkg%pc3	Pkg%pc6	Pkg%pc7	Pkg%pc8	Pkg%pc9	Pk%pc10	CPU%LPI	SYS%LPI	PkgWatt	CorWatt	GFXWatt	RAMWatt	PKG_%	RAM_%
215	14.73	1600	2828	0.80	86	0	0	2	2	2	36	0	10	0	0	0.00	1.38	0.70	2.32	56.81	0.00	17.00	0.00	0.00	16.06	2.94	66.27	0.00	55	0	56	93.11	75.89	0.00	0.00	3.27	11.74	0.00	0.00	0.00	0.00	0.00	0.00	0.00	4.69	2.51	0.00	0.81	0.00	0.00
380	25.36	1600	2900	0.77	55	0	0	0	6	3	45	0	6	0	0	0.00	0.00	0.78	1.22	57.78	0.00	10.44	0.00	0.00	20.23	1.13	53.27	0.00	55	0	56	152.69	101.50	0.00	0.00	0.00	0.00	0.00	0.00	0.00	0.00	0.00	0.00	0.00	6.89	3.54	0.00	1.23	0.00	0.00
514	27.06	1600	3674	0.80	61	0	0	0	4	3	48	0	8	0	0	0.00	0.00	0.54	1.88	68.48	0.00	16.07	0.00	0.00	28.89	1.98	42.06	0.00	56	0	56	203.43	103.76	0.00	0.00	0.00	0.00	0.00	0.00	0.00	0.00	0.00	0.00	0.00	9.49	5.39	0.00	1.49	0.00	0.00
295	18.32	1599	3115	0.88	52	0	0	0	2	0	40	0	4	0	0	0.00	0.00	0.96	0.00	75.08	0.00	6.48	0.00	0.00	19.34	0.00	62.34	0.00	56	0	56	170.59	98.12	0.00	0.00	0.00	0.00	0.00	0.00	0.00	0.00	0.00	0.00	0.00	6.56	4.14	0.00	1.02	0.00	0.00
408	32.34	1600	2443	0.85	42	0	0	0	1	2	32	0	6	0	0	0.00	0.00	0.14	0.87	44.69	0.00	7.91	0.00	0.00	25.30	1.08	41.28	0.00	56	0	56	179.98	98.79	0.00	0.00	0.00	0.00	0.00	0.00	0.00	0.00	0.00	0.00	0.00	6.05	3.25	0.00	0.91	0.00	0.00
520	27.41	1600	3671	0.34	80	0	0	3	4	6	58	0	10	0	3	0.00	0.07	0.35	1.72	64.92	0.00	12.83	0.00	6.68	11.22	1.80	57.44	2.13	56	0	56	144.66	101.38	0.00	0.00	0.00	0.00	0.00	0.00	0.00	0.00	0.00	0.00	0.00	7.98	3.82	0.00	1.33	0.00	0.00
379	27.23	1600	2693	0.63	51	0	0	2	8	13	56	0	6	0	0	0.00	0.05	3.56	4.26	49.46	0.00	6.38	0.00	0.00	26.17	6.70	39.89	0.00	56	0	56	171.83	87.71	0.00	0.00	0.00	0.00	0.00	0.00	0.00	0.00	0.00	0.00	0.00	6.07	3.43	0.00	0.88	0.00	0.00
409	22.76	1600	3474	0.64	61	0	0	0	10	5	65	0	3	0	0	0.00	0.00	2.72	1.47	76.99	0.00	5.96	0.00	0.00	25.13	1.20	50.91	0.00	56	0	56	173.03	104.17	0.00	0.00	0.00	0.00	0.00	0.00	0.00	0.00	0.00	0.00	0.00	7.85	4.52	0.00	1.23	0.00	0.00
424	26.17	1600	3137	0.57	55	0	1	3	21	22	69	0	0	0	0	0.05	0.09	4.31	9.22	61.84	0.00	0.00	0.00	0.00	30.71	6.97	36.16	0.00	56	0	56	205.73	106.67	0.00	0.00	0.00	0.00	0.00	0.00	0.00	0.00	0.00	0.00	0.00	8.97	4.80	0.00	1.30	0.00	0.00
424	26.13	1600	3137	0.61	50	0	0	5	16	14	54	0	1	0	0	0.00	0.23	9.59	7.84	56.30	0.00	1.42	0.00	0.00	37.13	4.86	31.88	0.00	56	0	56	193.17	98.80	0.00	0.00	0.00	0.00	0.00	0.00	0.00	0.00	0.00	0.00	0.00	6.88	4.65	0.00	0.93	0.00	0.00
431	35.51	1600	2350	0.79	42	0	0	0	10	13	79	0	0	0	0	0.00	0.00	2.04	5.21	42.18	0.00	0.00	0.00	0.00	32.97	4.48	27.03	0.00	56	0	56	178.76	90.69	0.00	0.00	0.00	0.00	0.00	0.00	0.00	0.00	0.00	0.00	0.00	5.47	3.07	0.00	0.79	0.00	0.00
331	27.91	1600	2294	0.39	121	0	0	0	5	4	76	0	6	0	2	0.00	0.00	1.55	0.75	43.73	0.00	3.98	0.00	3.61	18.72	0.52	44.49	8.36	56	0	56	146.73	60.73	0.00	0.00	0.00	0.00	0.00	0.00	0.00	0.00	0.00	0.00	0.00	3.60	2.22	0.00	0.54	0.00	0.00
261	21.93	1600	2306	0.15	155	0	0	1	10	5	128	0	79	0	9	0.00	0.00	0.19	0.14	21.99	0.00	15.01	0.00	20.99	11.88	0.14	29.74	36.32	55	0	56	59.11	39.50	0.00	0.00	0.00	0.00	0.00	0.00	0.00	0.00	0.00	0.00	0.00	1.89	0.91	0.00	0.32	0.00	0.00
397	17.02	2575	2806	0.04	326	0	0	2	16	6	74	0	182	0	38	0.00	0.00	0.42	0.03	8.45	0.00	22.62	0.00	43.72	23.40	0.00	11.05	48.53	62	0	56	92.56	70.61	0.00	0.00	0.00	0.00	0.00	0.00	0.00	0.00	0.00	0.00	0.00	3.65	1.58	0.00	0.65	0.00	0.00
541	10.41	3467	4641	0.06	384	0	0	1	7	9	108	0	110	0	45	0.00	0.00	0.36	0.19	22.96	0.00	25.64	0.00	85.12	18.10	0.14	25.09	46.25	63	0	63	181.64	150.43	0.00	0.00	0.00	0.00	0.00	0.00	0.00	0.00	0.00	0.00	0.00	24.53	17.32	0.00	2.28	0.00	0.00
675	7.35	3125	9101	0.76	212	0	0	0	1	2	22	0	30	0	12	0.00	0.00	0.11	0.94	62.43	0.00	98.98	0.00	110.30	10.18	0.46	23.85	58.16	60	0	60	337.35	299.18	0.00	0.00	0.00	0.00	0.00	0.00	0.00	0.00	0.00	0.00	0.00	93.61	66.49	0.00	8.94	0.00	0.00
666	21.14	3100	3147	0.76	26	0	0	0	2	3	27	0	5	0	0	0.00	0.00	0.52	0.47	66.23	0.00	13.12	0.00	0.00	22.24	0.00	56.61	0.00	61	0	61	160.87	102.63	0.00	0.00	0.00	0.00	0.00	0.00	0.00	0.00	0.00	0.00	0.00	13.47	12.55	0.00	0.92	0.00	0.00
659	21.32	3100	3089	0.77	34	0	0	0	0	2	24	0	2	0	0	0.00	0.00	0.00	1.47	72.68	0.00	4.51	0.00	0.00	20.76	1.63	56.30	0.00	61	0	61	157.00	99.87	0.00	0.00	0.00	0.00	0.00	0.00	0.00	0.00	0.00	0.00	0.00	17.18	11.40	0.00	1.22	0.00	0.00
657	21.27	3100	3086	0.77	26	0	0	0	1	1	28	0	1	0	0	0.00	0.00	0.23	0.77	74.13	0.00	3.52	0.00	0.00	21.04	1.38	56.31	0.00	61	0	61	154.34	97.70	0.00	0.00	0.00	0.00	0.00	0.00	0.00	0.00	0.00	0.00	0.00	12.39	11.17	0.00	0.87	0.00	0.00
647	20.83	3099	3105	0.77	34	0	0	0	1	1	24	0	3	0	0	0.00	0.00	0.15	0.83	73.03	0.00	5.52	0.00	0.00	20.99	0.00	57.49	0.69	61	0	61	160.87	102.06	0.00	0.00	0.00	0.00	0.00	0.00	0.00	0.00	0.00	0.00	0.00	17.87	12.19	0.00	1.23	0.00	0.00
777	33.76	3100	2299	0.44	34	0	0	0	0	1	26	0	2	0	0	0.00	0.00	0.00	0.34	44.78	0.00	4.18	0.00	0.00	26.57	0.00	39.67	0.00	62	0	62	187.48	94.92	0.00	0.00	0.00	0.00	0.00	0.00	0.00	0.00	0.00	0.00	0.00	10.36	8.61	0.00	0.69	0.00	0.00
871	23.10	3100	3764	0.61	46	0	0	0	1	2	30	0	16	0	0	0.00	0.00	0.27	1.17	63.17	0.00	29.06	0.00	0.00	23.64	1.68	42.69	8.88	62	0	62	188.00	87.25	0.00	0.00	0.00	0.00	0.00	0.00	0.00	0.00	0.00	0.00	0.00	18.41	14.04	0.00	1.12	0.00	0.00
647	18.89	3101	3417	0.78	37	0	0	0	2	1	23	0	7	0	0	0.00	0.00	0.35	0.85	71.18	0.00	17.29	0.00	0.00	19.66	0.00	61.45	0.00	62	0	62	181.81	128.01	0.00	0.00	0.00	0.00	0.00	0.00	0.00	0.00	0.00	0.00	0.00	16.16	14.82	0.00	1.18	0.00	0.00
650	20.93	3100	3101	0.79	34	0	0	0	2	3	24	0	5	0	0	0.00	0.00	0.39	0.47	65.27	0.00	13.24	0.00	0.00	21.64	0.00	57.43	0.00	63	0	62	156.16	99.96	0.00	0.00	0.00	0.00	0.00	0.00	0.00	0.00	0.00	0.00	0.00	17.23	12.05	0.00	1.21	0.00	0.00
645	20.85	3100	3089	0.79	26	0	0	1	0	3	23	0	3	0	0	0.00	0.00	0.00	2.91	67.53	0.00	8.68	0.00	0.00	21.18	5.14	52.83	0.00	62	0	62	156.37	99.66	0.00	0.00	0.00	0.00	0.00	0.00	0.00	0.00	0.00	0.00	0.00	13.17	11.23	0.00	0.88	0.00	0.00
528	21.23	3100	2486	0.77	26	0	0	1	1	0	30	0	14	0	0	0.00	0.03	0.09	0.00	45.33	0.00	17.93	0.00	0.00	13.78	0.00	52.49	12.51	63	0	62	88.42	56.05	0.00	0.00	0.00	0.00	0.00	0.00	0.00	0.00	0.00	0.00	0.00	7.89	5.35	0.00	0.54	0.00	0.00
655	15.21	3100	4302	0.77	65	0	0	0	2	3	33	0	10	0	0	0.00	0.00	0.41	0.44	85.84	0.00	31.39	0.00	0.00	24.84	0.00	50.50	9.46	63	0	63	192.42	149.14	0.00	0.00	0.00	0.00	0.00	0.00	0.00	0.00	0.00	0.00	0.00	25.27	20.71	0.00	1.96	0.00	0.00
647	20.70	3101	3121	0.76	35	0	0	0	0	3	22	0	4	0	0	0.00	0.00	0.00	2.21	65.93	0.00	11.96	0.00	0.00	20.31	1.90	57.09	0.00	63	0	63	160.45	104.13	0.00	0.00	0.00	0.00	0.00	0.00	0.00	0.00	0.00	0.00	0.00	17.35	12.64	0.00	1.17	0.00	0.00
662	21.10	3100	3131	0.80	26	0	0	0	1	1	26	0	2	0	0	0.00	0.00	0.23	0.85	74.00	0.00	4.90	0.00	0.00	21.13	1.45	56.32	0.00	63	0	63	157.03	100.33	0.00	0.00	0.00	0.00	0.00	0.00	0.00	0.00	0.00	0.00	0.00	13.10	11.47	0.00	0.89	0.00	0.00
692	22.11	3100	3124	0.77	26	0	0	0	2	0	24	0	4	0	0	0.00	0.00	0.54	0.00	69.69	0.00	8.54	0.00	0.00	19.76	0.00	58.13	0.00	63	0	63	159.00	100.61	0.00	0.00	0.00	0.00	0.00	0.00	0.00	0.00	0.00	0.00	0.00	17.38	11.70	0.00	1.22	0.00	0.00
647	21.03	3100	3074	0.80	33	0	0	0	1	0	26	0	2	0	0	0.00	0.00	0.15	0.00	77.65	0.00	0.76	0.00	0.00	20.90	0.00	58.06	0.00	63	0	63	156.37	99.40	0.00	0.00	0.00	0.00	0.00	0.00	0.00	0.00	0.00	0.00	0.00	13.17	11.97	0.00	0.89	0.00	0.00
650	20.90	3099	3105	0.79	26	0	0	0	2	3	29	0	1	0	0	0.00	0.00	0.57	1.19	77.52	0.00	0.21	0.00	0.00	22.31	1.50	55.28	0.00	63	0	63	156.60	100.04	0.00	0.00	0.00	0.00	0.00	0.00	0.00	0.00	0.00	0.00	0.00	13.40	11.55	0.00	0.89	0.00	0.00
688	21.20	3132	3210	0.78	34	0	0	0	0	1	26	0	1	0	0	0.00	0.00	0.00	0.88	80.22	0.00	0.69	0.00	0.00	21.13	0.00	57.67	0.00	63	0	63	160.15	101.72	0.00	0.00	0.00	0.00	0.00	0.00	0.00	0.00	0.00	0.00	0.00	18.33	12.38	0.00	1.26	0.00	0.00
686	21.62	3499	2806	0.76	26	0	0	0	1	0	29	0	1	0	0	0.00	0.00	0.36	0.00	68.61	0.00	2.15	0.00	0.00	17.71	0.00	60.67	0.00	65	0	65	126.65	82.27	0.00	0.00	0.00	0.00	0.00	0.00	0.00	0.00	0.00	0.00	0.00	13.03	11.38	0.00	0.72	0.00	0.00
692	19.14	3501	3196	0.77	33	0	0	0	1	1	28	0	4	0	0	0.00	0.00	0.20	0.54	71.45	0.00	11.40	0.00	0.00	20.16	0.00	60.70	0.00	65	0	65	146.97	102.87	0.00	0.00	0.00	0.00	0.00	0.00	0.00	0.00	0.00	0.00	0.00	17.24	14.50	0.00	1.03	0.00	0.00
734	19.28	3840	3069	0.76	32	0	0	0	2	2	31	0	1	0	0	0.00	0.00	0.45	0.91	76.62	0.00	2.10	0.00	0.00	19.52	0.00	61.20	0.00	67	0	67	138.26	97.66	0.00	0.00	0.00	0.00	0.00	0.00	0.00	0.00	0.00	0.00	0.00	20.42	17.29	0.00	1.03	0.00	0.00
709	18.40	3900	3061	0.78	34	0	0	1	1	0	28	0	5	0	0	0.00	0.05	0.24	0.00	66.29	0.00	14.19	0.00	0.00	19.49	0.00	62.11	0.00	67	0	67	137.33	98.09	0.00	0.00	0.00	0.00	0.00	0.00	0.00	0.00	0.00	0.00	0.00	20.64	17.06	0.00	0.98	0.00	0.00
634	20.26	4035	2403	0.76	32	0	1	0	1	1	26	0	13	0	0	0.04	0.00	0.06	0.32	40.78	0.00	20.09	0.00	0.00	25.52	0.00	43.39	10.83	68	0	68	104.44	74.84	0.00	0.00	0.00	0.00	0.00	0.00	0.00	0.00	0.00	0.00	0.00	12.91	11.65	0.00	0.59	0.00	0.00
749	13.43	4088	4223	0.77	57	0	0	0	1	3	30	0	15	0	0	0.00	0.00	0.18	1.16	76.72	0.00	38.71	0.00	0.00	17.81	1.14	50.46	17.16	65	0	64	152.64	120.44	0.00	0.00	0.00	0.00	0.00	0.00	0.00	0.00	0.00	0.00	0.00	40.60	34.25	0.00	1.78	0.00	0.00
704	17.52	4089	3044	0.78	33	0	0	0	0	2	29	0	3	0	0	0.00	0.00	0.00	1.15	74.01	0.00	4.39	0.00	0.00	21.40	1.23	58.62	1.23	66	0	66	130.78	92.29	0.00	0.00	0.00	0.00	0.00	0.00	0.00	0.00	0.00	0.00	0.00	23.51	20.07	0.00	1.00	0.00	0.00
702	16.93	4091	3140	0.78	32	0	0	0	2	2	30	0	2	0	0	0.00	0.00	0.30	1.39	75.40	0.00	6.02	0.00	0.00	21.03	0.00	62.04	0.00	67	0	67	132.38	95.13	0.00	0.00	0.00	0.00	0.00	0.00	0.00	0.00	0.00	0.00	0.00	23.12	21.13	0.00	0.99	0.00	0.00
710	17.07	4090	3149	0.77	32	0	0	0	2	1	24	0	7	0	0	0.00	0.00	0.41	0.80	63.14	0.00	18.48	0.00	0.00	21.42	0.00	57.14	4.38	68	0	68	133.20	95.16	0.00	0.00	0.00	0.00	0.00	0.00	0.00	0.00	0.00	0.00	0.00	25.09	21.38	0.00	1.06	0.00	0.00
707	17.55	4088	3050	0.79	33	0	0	0	1	1	28	0	4	0	0	0.00	0.00	0.17	0.70	71.33	0.00	7.45	0.00	0.00	21.79	1.20	59.46	0.00	68	0	69	131.51	92.15	0.00	0.00	0.00	0.00	0.00	0.00	0.00	0.00	0.00	0.00	0.00	23.88	20.17	0.00	1.01	0.00	0.00
695	17.06	4090	3085	0.78	33	0	0	0	1	2	26	0	6	0	0	0.00	0.00	0.08	1.35	65.12	0.00	14.79	0.00	0.00	21.25	1.37	60.32	0.00	69	0	69	130.50	93.33	0.00	0.00	0.00	0.00	0.00	0.00	0.00	0.00	0.00	0.00	0.00	24.23	20.58	0.00	1.01	0.00	0.00
692	17.13	4091	3059	0.80	33	0	0	0	1	2	30	0	2	0	0	0.00	0.00	0.17	1.33	73.43	0.00	5.50	0.00	0.00	21.48	1.17	60.22	0.00	69	0	69	130.09	92.61	0.00	0.00	0.00	0.00	0.00	0.00	0.00	0.00	0.00	0.00	0.00	23.41	20.75	0.00	0.98	0.00	0.00
708	16.83	4092	3183	0.77	33	0	0	0	2	1	28	0	4	0	0	0.00	0.00	0.39	0.57	72.25	0.00	11.10	0.00	0.00	20.83	0.00	62.33	0.00	70	0	70	133.51	96.46	0.00	0.00	0.00	0.00	0.00	0.00	0.00	0.00	0.00	0.00	0.00	24.28	21.84	0.00	1.04	0.00	0.00
704	17.44	4089	3055	0.79	33	0	0	0	1	1	27	0	6	0	0	0.00	0.00	0.25	0.70	63.92	0.00	15.28	0.00	0.00	21.54	1.20	50.31	9.51	70	0	70	131.45	92.52	0.00	0.00	0.00	0.00	0.00	0.00	0.00	0.00	0.00	0.00	0.00	24.73	20.39	0.00	1.02	0.00	0.00
699	17.11	4090	3092	0.78	33	0	0	0	1	2	28	0	4	0	0	0.00	0.00	0.10	1.40	71.32	0.00	8.61	0.00	0.00	21.14	1.39	60.36	0.00	70	0	70	130.91	93.59	0.00	0.00	0.00	0.00	0.00	0.00	0.00	0.00	0.00	0.00	0.00	23.55	20.57	0.00	0.99	0.00	0.00
696	17.06	4090	3091	0.79	33	0	0	0	1	2	28	0	4	0	0	0.00	0.00	0.17	1.37	70.59	0.00	9.31	0.00	0.00	21.37	1.22	56.84	3.51	70	0	70	132.08	93.87	0.00	0.00	0.00	0.00	0.00	0.00	0.00	0.00	0.00	0.00	0.00	23.95	21.07	0.00	1.00	0.00	0.00
648	21.67	4091	2265	0.75	33	0	0	0	1	2	27	0	9	0	0	0.00	0.00	0.06	0.77	42.89	0.00	12.47	0.00	0.00	15.10	1.00	51.94	10.29	70	0	70	105.71	75.70	0.00	0.00	0.00	0.00	0.00	0.00	0.00	0.00	0.00	0.00	0.00	14.00	12.20	0.00	0.60	0.00	0.00
709	12.33	4089	4358	0.76	50	0	0	0	2	1	29	0	17	0	0	0.00	0.00	0.15	0.57	76.30	0.00	45.38	0.00	0.00	21.46	0.00	52.53	13.69	70	0	71	141.09	112.30	0.00	0.00	0.00	0.00	0.00	0.00	0.00	0.00	0.00	0.00	0.00	39.90	32.89	0.00	1.75	0.00	0.00
739	17.83	4089	3138	0.76	33	0	0	2	0	0	27	0	6	0	0	0.00	0.10	0.00	0.00	68.31	0.00	13.61	0.00	0.00	20.50	0.00	61.66	0.00	70	0	71	131.90	94.40	0.00	0.00	0.00	0.00	0.00	0.00	0.00	0.00	0.00	0.00	0.00	24.69	21.99	0.00	1.02	0.00	0.00
713	17.47	4090	3092	0.77	34	0	0	0	1	1	26	0	6	0	0	0.00	0.00	0.00	0.88	68.41	0.00	11.99	0.00	0.00	20.82	1.50	58.15	2.06	71	0	71	132.15	93.99	0.00	0.00	0.00	0.00	0.00	0.00	0.00	0.00	0.00	0.00	0.00	23.75	20.11	0.00	1.01	0.00	0.00
705	17.35	4090	3074	0.79	33	0	0	1	1	0	25	0	8	0	0	0.00	0.00	0.12	0.00	63.36	0.00	17.51	0.00	0.00	21.28	0.00	59.52	1.84	72	0	72	131.54	94.05	0.00	0.00	0.00	0.00	0.00	0.00	0.00	0.00	0.00	0.00	0.00	24.50	21.37	0.00	1.02	0.00	0.00
683	17.40	4088	2971	0.78	33	0	0	0	2	0	27	0	6	0	0	0.00	0.00	0.16	0.00	66.86	0.00	11.08	0.00	0.00	20.68	0.00	60.02	1.90	72	0	71	128.96	91.81	0.00	0.00	0.00	0.00	0.00	0.00	0.00	0.00	0.00	0.00	0.00	22.09	19.15	0.00	0.94	0.00	0.00
826	15.75	4088	3973	0.75	41	0	0	1	1	3	29	0	4	0	0	0.00	0.07	0.24	0.57	92.47	0.00	12.97	0.00	0.00	22.48	0.00	61.77	0.00	71	0	71	145.56	106.13	0.00	0.00	0.00	0.00	0.00	0.00	0.00	0.00	0.00	0.00	0.00	32.72	30.95	0.00	1.36	0.00	0.00
720	20.11	4092	2707	0.77	26	0	0	0	1	2	27	0	2	0	0	0.00	0.00	0.35	0.55	63.42	0.00	3.96	0.00	0.00	23.77	0.00	56.12	0.00	72	0	72	122.40	80.06	0.00	0.00	0.00	0.00	0.00	0.00	0.00	0.00	0.00	0.00	0.00	19.27	16.95	0.00	0.76	0.00	0.00
727	17.87	4088	3081	0.76	41	0	0	0	0	2	30	0	2	0	0	0.00	0.00	0.00	1.15	73.50	0.00	5.49	0.00	0.00	20.69	1.19	60.25	0.00	72	0	72	131.63	93.45	0.00	0.00	0.00	0.00	0.00	0.00	0.00	0.00	0.00	0.00	0.00	24.84	21.33	0.00	1.01	0.00	0.00
705	17.18	4090	3106	0.79	33	0	0	0	1	2	30	0	2	0	0	0.00	0.00	0.12	1.25	74.71	0.00	5.74	0.00	0.00	21.56	1.06	60.20	0.00	72	0	72	132.75	94.11	0.00	0.00	0.00	0.00	0.00	0.00	0.00	0.00	0.00	0.00	0.00	23.94	20.92	0.00	1.01	0.00	0.00
700	17.17	4090	3084	0.78	33	0	0	1	0	2	29	0	3	0	0	0.00	0.00	0.00	1.25	73.08	0.00	7.00	0.00	0.00	20.84	1.23	60.76	0.00	72	0	72	130.96	93.78	0.00	0.00	0.00	0.00	0.00	0.00	0.00	0.00	0.00	0.00	0.00	23.54	20.32	0.00	1.01	0.00	0.00
628	21.84	4091	2176	0.75	33	0	0	0	3	6	38	0	3	0	0	0.00	0.00	0.19	0.90	48.12	0.00	4.57	0.00	0.00	17.78	0.78	59.60	0.00	72	0	72	96.63	69.12	0.00	0.00	0.00	0.00	0.00	0.00	0.00	0.00	0.00	0.00	0.00	12.68	11.15	0.00	0.52	0.00	0.00
735	11.74	4088	4739	0.75	59	0	0	1	2	1	33	0	15	0	2	0.00	0.00	0.22	0.47	85.00	0.00	40.53	0.00	7.76	20.03	0.00	55.29	12.94	72	0	72	146.96	118.42	0.00	0.00	0.00	0.00	0.00	0.00	0.00	0.00	0.00	0.00	0.00	45.00	37.00	0.00	2.00	0.00	0.00
753	17.97	4089	3170	0.76	32	0	0	0	1	0	25	0	9	0	0	0.00	0.00	0.08	0.00	61.03	0.00	21.64	0.00	0.00	20.12	0.00	59.48	2.42	72	0	72	132.83	95.21	0.00	0.00	0.00	0.00	0.00	0.00	0.00	0.00	0.00	0.00	0.00	24.05	21.34	0.00	1.04	0.00	0.00
697	17.50	4088	3017	0.79	34	0	0	1	0	1	28	0	5	0	0	0.00	0.02	0.00	0.73	69.53	0.00	8.69	0.00	0.00	21.17	1.29	57.91	2.15	72	0	72	129.55	92.09	0.00	0.00	0.00	0.00	0.00	0.00	0.00	0.00	0.00	0.00	0.00	24.11	20.62	0.00	0.97	0.00	0.00
712	16.77	4090	3213	0.77	33	0	0	1	0	0	28	0	6	0	0	0.00	0.03	0.00	0.00	72.09	0.00	13.17	0.00	0.00	21.39	0.00	59.00	2.84	72	0	72	133.73	95.80	0.00	0.00	0.00	0.00	0.00	0.00	0.00	0.00	0.00	0.00	0.00	24.04	21.53	0.00	1.05	0.00	0.00
699	17.58	4090	3009	0.77	33	0	0	0	2	3	30	0	3	0	0	0.00	0.00	0.32	0.45	72.43	0.00	5.84	0.00	0.00	21.81	0.00	60.61	0.00	72	0	72	130.28	92.50	0.00	0.00	0.00	0.00	0.00	0.00	0.00	0.00	0.00	0.00	0.00	24.20	20.36	0.00	0.99	0.00	0.00
706	17.33	4088	3085	0.79	33	0	0	1	1	0	28	0	5	0	0	0.00	0.07	0.15	0.00	69.06	0.00	11.91	0.00	0.00	21.08	0.00	61.59	0.00	72	0	72	131.26	93.54	0.00	0.00	0.00	0.00	0.00	0.00	0.00	0.00	0.00	0.00	0.00	24.74	21.62	0.00	1.00	0.00	0.00
695	17.28	4089	3046	0.79	33	0	0	1	0	1	29	0	4	0	0	0.00	0.02	0.00	0.89	68.21	0.00	11.21	0.00	0.00	20.57	1.58	60.57	0.00	72	0	72	129.32	92.99	0.00	0.00	0.00	0.00	0.00	0.00	0.00	0.00	0.00	0.00	0.00	22.26	19.68	0.00	0.97	0.00	0.00
722	16.41	4089	3331	0.77	41	0	0	0	1	5	30	0	4	0	0	0.00	0.00	0.08	1.36	76.86	0.00	10.16	0.00	0.00	22.08	1.31	60.20	0.00	72	0	72	136.12	98.16	0.00	0.00	0.00	0.00	0.00	0.00	0.00	0.00	0.00	0.00	0.00	25.87	23.82	0.00	1.07	0.00	0.00
704	18.10	4090	2942	0.77	26	0	0	0	1	1	28	0	3	0	0	0.00	0.00	0.12	0.45	70.91	0.00	5.20	0.00	0.00	20.83	0.00	61.07	0.00	72	0	72	130.39	91.46	0.00	0.00	0.00	0.00	0.00	0.00	0.00	0.00	0.00	0.00	0.00	18.15	19.14	0.00	0.75	0.00	0.00
708	17.21	4089	3113	0.78	33	0	0	0	2	0	25	0	8	0	0	0.00	0.00	0.18	0.00	61.48	0.00	20.48	0.00	0.00	21.00	0.00	59.78	2.01	72	0	72	132.08	94.28	0.00	0.00	0.00	0.00	0.00	0.00	0.00	0.00	0.00	0.00	0.00	31.15	22.17	0.00	1.25	0.00	0.00
703	17.30	4089	3079	0.78	34	0	0	1	1	0	27	0	6	0	0	0.00	0.05	0.15	0.00	69.40	0.00	11.50	0.00	0.00	21.36	0.00	59.56	1.78	72	0	72	131.31	93.71	0.00	0.00	0.00	0.00	0.00	0.00	0.00	0.00	0.00	0.00	0.00	17.26	20.00	0.00	0.76	0.00	0.00
706	17.16	4090	3115	0.78	33	0	0	1	1	0	29	0	4	0	0	0.00	0.10	0.15	0.00	71.96	0.00	10.05	0.00	0.00	21.01	0.00	61.83	0.00	72	0	72	132.07	94.37	0.00	0.00	0.00	0.00	0.00	0.00	0.00	0.00	0.00	0.00	0.00	31.41	22.35	0.00	1.27	0.00	0.00
707	17.37	4089	3083	0.78	33	0	0	1	1	0	27	0	7	0	0	0.00	0.03	0.18	0.00	69.28	0.00	11.68	0.00	0.00	21.43	0.00	59.34	1.85	72	0	72	131.87	94.02	0.00	0.00	0.00	0.00	0.00	0.00	0.00	0.00	0.00	0.00	0.00	24.68	21.55	0.00	0.99	0.00	0.00
704	17.17	4090	3103	0.77	33	0	0	0	2	0	28	0	5	0	0	0.00	0.00	0.17	0.00	73.28	0.00	8.59	0.00	0.00	20.97	0.00	59.88	1.97	72	0	72	131.68	94.17	0.00	0.00	0.00	0.00	0.00	0.00	0.00	0.00	0.00	0.00	0.00	17.45	20.38	0.00	0.76	0.00	0.00
701	17.42	4088	3049	0.79	33	0	0	1	1	0	25	0	8	0	0	0.00	0.05	0.12	0.00	62.82	0.00	17.18	0.00	0.00	20.92	0.00	59.76	1.90	72	0	72	130.06	92.94	0.00	0.00	0.00	0.00	0.00	0.00	0.00	0.00	0.00	0.00	0.00	30.06	21.04	0.00	1.23	0.00	0.00
704	17.19	4089	3101	0.79	33	0	0	0	1	0	29	0	5	0	0	0.00	0.00	0.12	0.00	72.62	0.00	9.00	0.00	0.00	21.03	0.00	59.21	2.56	72	0	72	131.77	94.28	0.00	0.00	0.00	0.00	0.00	0.00	0.00	0.00	0.00	0.00	0.00	22.78	20.49	0.00	0.98	0.00	0.00
713	16.85	4088	3205	0.78	41	0	0	0	0	2	26	0	6	0	0	0.00	0.00	0.00	1.60	71.06	0.00	12.19	0.00	0.00	21.14	2.54	56.24	3.23	72	0	73	133.46	96.14	0.00	0.00	0.00	0.00	0.00	0.00	0.00	0.00	0.00	0.00	0.00	25.14	22.28	0.00	1.04	0.00	0.00
708	17.37	4090	3087	0.77	25	0	0	0	1	1	29	0	3	0	0	0.00	0.00	0.25	0.74	74.50	0.00	5.58	0.00	0.00	21.63	0.00	61.00	0.00	73	0	72	132.46	93.55	0.00	0.00	0.00	0.00	0.00	0.00	0.00	0.00	0.00	0.00	0.00	24.28	20.71	0.00	1.03	0.00	0.00
701	17.51	4089	3031	0.78	33	0	0	0	1	1	27	0	5	0	0	0.00	0.00	0.13	0.65	70.42	0.00	8.55	0.00	0.00	21.07	1.11	58.43	1.87	73	0	73	130.67	92.94	0.00	0.00	0.00	0.00	0.00	0.00	0.00	0.00	0.00	0.00	0.00	18.28	20.28	0.00	0.75	0.00	0.00
708	17.39	4088	3084	0.78	34	0	0	0	2	0	27	0	7	0	0	0.00	0.00	0.17	0.00	69.15	0.00	11.72	0.00	0.00	21.22	0.00	59.43	1.96	72	0	72	131.15	93.65	0.00	0.00	0.00	0.00	0.00	0.00	0.00	0.00	0.00	0.00	0.00	30.40	21.45	0.00	1.23	0.00	0.00
770	15.68	4089	3716	0.79	33	0	0	2	0	0	30	0	1	0	0	0.00	0.07	0.00	0.00	95.59	0.00	4.11	0.00	0.00	22.55	0.00	61.77	0.00	73	0	73	144.37	103.58	0.00	0.00	0.00	0.00	0.00	0.00	0.00	0.00	0.00	0.00	0.00	30.76	26.63	0.00	1.33	0.00	0.00
735	18.41	4091	3020	0.79	33	0	0	0	0	1	20	0	6	0	0	0.00	0.00	0.00	1.06	59.14	0.00	18.02	0.00	0.00	22.08	1.90	57.61	0.00	72	0	73	139.39	92.64	0.00	0.00	0.00	0.00	0.00	0.00	0.00	0.00	0.00	0.00	0.00	23.99	22.46	0.00	0.93	0.00	0.00
742	19.87	4092	2824	0.76	25	0	0	0	2	2	28	0	1	0	0	0.00	0.00	0.56	0.96	66.89	0.00	3.14	0.00	0.00	23.30	0.00	56.83	0.00	72	0	73	123.19	83.04	0.00	0.00	0.00	0.00	0.00	0.00	0.00	0.00	0.00	0.00	0.00	18.54	17.32	0.00	0.77	0.00	0.00
719	17.78	4089	3060	0.77	33	0	0	0	2	0	30	0	2	0	0	0.00	0.00	0.62	0.00	73.86	0.00	5.24	0.00	0.00	21.43	0.00	60.79	0.00	72	0	73	130.75	92.78	0.00	0.00	0.00	0.00	0.00	0.00	0.00	0.00	0.00	0.00	0.00	24.05	20.70	0.00	0.99	0.00	0.00
707	16.99	4090	3152	0.77	32	0	0	0	2	1	27	0	4	0	0	0.00	0.00	0.61	0.79	71.25	0.00	10.31	0.00	0.00	21.30	0.00	57.43	4.29	72	0	73	133.16	95.20	0.00	0.00	0.00	0.00	0.00	0.00	0.00	0.00	0.00	0.00	0.00	24.29	21.64	0.00	1.01	0.00	0.00
706	17.36	4090	3081	0.77	33	0	0	0	2	1	29	0	4	0	0	0.00	0.00	0.50	0.13	69.67	0.00	10.41	0.00	0.00	21.68	0.00	54.87	6.10	73	0	72	132.06	93.47	0.00	0.00	0.00	0.00	0.00	0.00	0.00	0.00	0.00	0.00	0.00	24.72	21.07	0.00	1.03	0.00	0.00
698	17.35	4089	3045	0.79	33	0	0	0	0	2	30	0	2	0	0	0.00	0.00	0.00	1.10	75.16	0.00	3.65	0.00	0.00	21.27	1.23	60.15	0.00	73	0	72	129.21	91.78	0.00	0.00	0.00	0.00	0.00	0.00	0.00	0.00	0.00	0.00	0.00	23.68	20.06	0.00	0.97	0.00	0.00
615	21.30	4092	2184	0.75	33	0	0	0	2	1	29	0	10	0	0	0.00	0.00	0.20	0.30	40.37	0.00	13.76	0.00	0.00	16.51	0.00	52.70	9.50	73	0	73	99.29	71.36	0.00	0.00	0.00	0.00	0.00	0.00	0.00	0.00	0.00	0.00	0.00	12.33	11.07	0.00	0.52	0.00	0.00
744	11.99	4085	4699	0.76	56	0	0	0	2	0	34	0	11	0	4	0.00	0.00	0.32	0.00	87.87	0.00	33.37	0.00	10.51	20.00	0.00	49.22	18.78	72	0	73	144.02	117.11	0.00	0.00	0.00	0.00	0.00	0.00	0.00	0.00	0.00	0.00	0.00	45.32	36.91	0.00	1.98	0.00	0.00
764	15.87	4087	3646	0.77	32	0	0	0	1	0	18	0	16	0	0	0.00	0.00	0.12	0.00	48.95	0.00	48.24	0.00	0.00	22.94	0.00	39.98	21.22	72	0	73	139.82	100.32	0.00	0.00	0.00	0.00	0.00	0.00	0.00	0.00	0.00	0.00	0.00	29.37	26.61	0.00	1.23	0.00	0.00
727	19.37	4091	2838	0.77	32	0	0	0	2	6	28	0	1	0	0	0.00	0.00	0.36	1.44	67.62	0.00	3.24	0.00	0.00	23.11	0.00	57.52	0.00	74	0	73	126.06	85.39	0.00	0.00	0.00	0.00	0.00	0.00	0.00	0.00	0.00	0.00	0.00	18.76	17.99	0.00	0.77	0.00	0.00
725	17.88	4090	3068	0.78	34	0	0	0	2	3	35	0	0	0	0	0.00	0.00	0.30	0.40	79.11	0.00	0.00	0.00	0.00	21.47	0.00	60.66	0.00	73	0	73	131.37	93.03	0.00	0.00	0.00	0.00	0.00	0.00	0.00	0.00	0.00	0.00	0.00	24.20	20.62	0.00	1.01	0.00	0.00
699	17.21	4091	3074	0.78	34	0	0	1	0	2	31	0	1	0	0	0.00	0.00	0.00	1.27	78.31	0.00	1.22	0.00	0.00	20.86	1.34	60.59	0.00	73	0	73	130.33	93.34	0.00	0.00	0.00	0.00	0.00	0.00	0.00	0.00	0.00	0.00	0.00	25.13	21.02	0.00	1.01	0.00	0.00
707	17.18	4091	3114	0.78	34	0	0	0	1	2	31	0	1	0	0	0.00	0.00	0.18	1.35	78.11	0.00	2.48	0.00	0.00	20.97	1.13	60.71	0.00	72	0	73	132.62	94.93	0.00	0.00	0.00	0.00	0.00	0.00	0.00	0.00	0.00	0.00	0.00	23.91	21.02	0.00	1.01	0.00	0.00
696	17.12	4090	3077	0.78	34	0	0	1	0	2	30	0	2	0	0	0.00	0.05	0.00	1.29	74.19	0.00	5.47	0.00	0.00	21.17	1.33	60.38	0.00	73	0	72	130.45	93.31	0.00	0.00	0.00	0.00	0.00	0.00	0.00	0.00	0.00	0.00	0.00	23.51	20.66	0.00	1.00	0.00	0.00
705	17.15	4091	3112	0.78	34	0	0	0	2	5	31	0	3	0	0	0.00	0.00	0.20	1.08	73.50	0.00	7.06	0.00	0.00	21.72	0.00	61.13	0.00	73	0	72	132.09	94.19	0.00	0.00	0.00	0.00	0.00	0.00	0.00	0.00	0.00	0.00	0.00	24.87	21.84	0.00	1.01	0.00	0.00
699	17.17	4090	3083	0.78	34	0	0	1	0	2	30	0	2	0	0	0.00	0.00	0.00	1.20	74.49	0.00	5.50	0.00	0.00	20.82	1.23	60.78	0.00	72	0	73	130.82	93.64	0.00	0.00	0.00	0.00	0.00	0.00	0.00	0.00	0.00	0.00	0.00	23.56	20.30	0.00	0.99	0.00	0.00
704	17.13	4091	3111	0.78	34	0	0	0	2	3	32	0	2	0	0	0.00	0.00	0.35	0.85	74.97	0.00	5.63	0.00	0.00	21.86	0.00	61.02	0.00	73	0	73	132.12	94.16	0.00	0.00	0.00	0.00	0.00	0.00	0.00	0.00	0.00	0.00	0.00	24.84	21.81	0.00	1.01	0.00	0.00
700	17.23	4089	3077	0.78	34	0	1	0	0	2	29	0	3	0	0	0.10	0.00	0.00	1.20	72.94	0.00	6.76	0.00	0.00	20.92	1.24	60.60	0.00	73	0	73	130.88	93.20	0.00	0.00	0.00	0.00	0.00	0.00	0.00	0.00	0.00	0.00	0.00	23.52	20.29	0.00	1.01	0.00	0.00
704	17.11	4091	3113	0.78	34	0	0	0	2	3	31	0	3	0	0	0.00	0.00	0.35	0.85	71.90	0.00	8.88	0.00	0.00	21.84	0.00	61.05	0.00	72	0	73	131.93	94.14	0.00	0.00	0.00	0.00	0.00	0.00	0.00	0.00	0.00	0.00	0.00	24.83	21.64	0.00	1.01	0.00	0.00
699	17.18	4090	3082	0.78	34	0	0	0	0	2	29	0	3	0	0	0.00	0.00	0.00	1.20	73.17	0.00	6.85	0.00	0.00	20.62	1.23	60.98	0.00	73	0	73	130.53	93.43	0.00	0.00	0.00	0.00	0.00	0.00	0.00	0.00	0.00	0.00	0.00	23.73	20.61	0.00	1.01	0.00	0.00
704	17.14	4091	3111	0.78	34	0	0	0	2	5	31	0	3	0	0	0.00	0.00	0.20	1.10	71.64	0.00	8.88	0.00	0.00	21.92	0.00	60.94	0.00	73	0	73	132.00	93.98	0.00	0.00	0.00	0.00	0.00	0.00	0.00	0.00	0.00	0.00	0.00	24.34	21.40	0.00	1.01	0.00	0.00
700	17.18	4090	3085	0.78	34	0	0	0	0	2	29	0	3	0	0	0.00	0.00	0.00	1.18	73.17	0.00	6.81	0.00	0.00	20.76	1.22	60.84	0.00	73	0	72	130.38	93.32	0.00	0.00	0.00	0.00	0.00	0.00	0.00	0.00	0.00	0.00	0.00	24.53	20.83	0.00	0.99	0.00	0.00
704	17.16	4090	3108	0.78	34	0	0	0	1	2	30	0	2	0	0	0.00	0.00	0.10	1.23	74.88	0.00	5.72	0.00	0.00	20.88	1.06	60.91	0.00	73	0	73	132.05	94.09	0.00	0.00	0.00	0.00	0.00	0.00	0.00	0.00	0.00	0.00	0.00	23.70	21.15	0.00	1.01	0.00	0.00
697	17.12	4090	3082	0.78	34	0	0	1	0	2	29	0	3	0	0	0.00	0.00	0.00	1.22	73.10	0.00	6.82	0.00	0.00	20.81	1.25	60.82	0.00	73	0	72	130.38	93.26	0.00	0.00	0.00	0.00	0.00	0.00	0.00	0.00	0.00	0.00	0.00	24.56	20.79	0.00	1.01	0.00	0.00
705	17.17	4091	3106	0.78	34	0	0	0	2	5	31	0	3	0	0	0.00	0.00	0.23	1.10	71.58	0.00	8.85	0.00	0.00	22.05	0.00	60.78	0.00	72	0	73	131.88	94.07	0.00	0.00	0.00	0.00	0.00	0.00	0.00	0.00	0.00	0.00	0.00	23.82	21.03	0.00	1.01	0.00	0.00
768	16.16	4088	3601	0.79	34	0	0	1	0	2	26	0	3	0	0	0.00	0.03	0.00	1.67	85.18	0.00	9.06	0.00	0.00	19.85	1.42	62.57	0.00	73	0	73	149.75	106.57	0.00	0.00	0.00	0.00	0.00	0.00	0.00	0.00	0.00	0.00	0.00	32.84	28.14	0.00	1.34	0.00	0.00
645	23.92	4092	2041	0.75	26	0	0	0	2	4	32	0	1	0	0	0.00	0.00	0.19	0.64	46.68	0.00	1.50	0.00	0.00	17.14	0.00	58.94	0.00	73	0	73	96.66	63.59	0.00	0.00	0.00	0.00	0.00	0.00	0.00	0.00	0.00	0.00	0.00	11.11	9.85	0.00	0.44	0.00	0.00
718	12.43	4087	4378	0.75	50	0	1	0	1	1	29	0	17	0	0	0.08	0.00	0.13	0.48	76.92	0.00	45.24	0.00	0.00	21.37	0.00	56.87	9.32	73	0	73	141.07	112.25	0.00	0.00	0.00	0.00	0.00	0.00	0.00	0.00	0.00	0.00	0.00	34.26	33.18	0.00	1.51	0.00	0.00
746	18.20	4089	3105	0.77	33	0	0	0	2	0	31	0	2	0	0	0.00	0.00	0.20	0.00	74.14	0.00	6.22	0.00	0.00	19.99	0.00	61.81	0.00	73	0	73	131.81	94.23	0.00	0.00	0.00	0.00	0.00	0.00	0.00	0.00	0.00	0.00	0.00	30.71	21.62	0.00	1.25	0.00	0.00
764	16.04	4087	3608	0.79	33	0	0	0	2	0	27	0	4	0	0	0.00	0.00	0.32	0.00	84.78	0.00	11.30	0.00	0.00	22.33	0.00	59.51	2.12	73	0	73	141.93	101.65	0.00	0.00	0.00	0.00	0.00	0.00	0.00	0.00	0.00	0.00	0.00	30.65	26.64	0.00	1.27	0.00	0.00
663	20.55	4090	2443	0.78	34	0	0	0	1	1	25	0	5	0	0	0.00	0.00	0.10	0.72	52.07	0.00	8.79	0.00	0.00	19.43	1.60	58.43	0.00	73	0	73	117.45	78.97	0.00	0.00	0.00	0.00	0.00	0.00	0.00	0.00	0.00	0.00	0.00	16.14	15.07	0.00	0.62	0.00	0.00
712	15.49	4088	3483	0.77	34	0	0	0	2	1	27	0	9	0	0	0.00	0.00	0.43	0.73	71.65	0.00	20.97	0.00	0.00	21.72	0.00	61.18	1.61	72	0	73	134.78	100.41	0.00	0.00	0.00	0.00	0.00	0.00	0.00	0.00	0.00	0.00	0.00	22.93	23.85	0.00	1.01	0.00	0.00
706	17.30	4089	3090	0.77	33	0	0	0	2	0	27	0	6	0	0	0.00	0.00	0.25	0.00	67.84	0.00	13.31	0.00	0.00	21.18	0.00	61.53	0.00	73	0	73	132.20	94.41	0.00	0.00	0.00	0.00	0.00	0.00	0.00	0.00	0.00	0.00	0.00	30.71	21.66	0.00	1.24	0.00	0.00
579	29.93	4092	1463	0.85	33	0	0	0	2	0	27	0	7	0	0	0.00	0.00	0.09	0.00	25.39	0.00	6.85	0.00	0.00	26.61	0.00	41.99	1.48	73	0	73	104.59	74.82	0.00	0.00	0.00	0.00	0.00	0.00	0.00	0.00	0.00	0.00	0.00	6.66	7.70	0.00	0.29	0.00	0.00
753	7.97	4077	7179	0.87	91	0	0	0	0	0	37	0	37	0	0	0.00	0.00	0.00	0.00	105.30	0.00	106.25	0.00	0.00	15.05	0.00	48.39	28.59	71	0	69	123.35	108.04	0.00	0.00	0.00	0.00	0.00	0.00	0.00	0.00	0.00	0.00	0.00	61.60	50.60	0.00	2.78	0.00	0.00
682	16.99	4088	3039	0.91	33	0	0	0	2	1	22	0	9	0	0	0.00	0.00	0.27	0.59	57.82	0.00	21.62	0.00	0.00	19.80	0.00	60.06	3.16	72	0	72	125.22	94.38	0.00	0.00	0.00	0.00	0.00	0.00	0.00	0.00	0.00	0.00	0.00	24.09	21.11	0.00	0.99	0.00	0.00
678	16.31	4086	3148	0.88	35	0	0	0	2	1	25	0	7	0	0	0.00	0.00	0.32	0.64	67.75	0.00	14.88	0.00	0.00	20.20	0.00	60.95	2.54	72	0	73	125.35	94.04	0.00	0.00	0.00	0.00	0.00	0.00	0.00	0.00	0.00	0.00	0.00	23.75	20.79	0.00	1.00	0.00	0.00
807	15.33	4087	3990	0.82	33	0	0	0	2	1	22	0	11	0	0	0.00	0.00	0.85	0.88	72.87	0.00	32.86	0.00	0.00	18.41	1.12	60.05	5.09	73	0	73	127.38	97.41	0.00	0.00	0.00	0.00	0.00	0.00	0.00	0.00	0.00	0.00	0.00	30.57	28.51	0.00	1.29	0.00	0.00
755	21.26	4087	2690	0.85	28	0	0	0	1	1	24	0	5	0	0	0.00	0.00	0.26	0.43	55.83	0.00	10.25	0.00	0.00	20.54	0.00	58.20	0.00	73	0	74	122.16	87.23	0.00	0.00	0.00	0.00	0.00	0.00	0.00	0.00	0.00	0.00	0.00	25.06	17.76	0.00	1.04	0.00	0.00
636	27.50	4090	1750	0.89	33	0	0	1	1	0	27	0	3	0	0	0.00	0.01	0.18	0.00	35.49	0.00	4.17	0.00	0.00	17.00	0.00	55.50	0.00	73	0	74	109.01	82.73	0.00	0.00	0.00	0.00	0.00	0.00	0.00	0.00	0.00	0.00	0.00	12.52	10.87	0.00	0.51	0.00	0.00
684	9.70	4082	5354	0.89	62	0	0	0	1	1	27	0	21	0	4	0.00	0.00	0.07	0.72	73.97	0.00	60.89	0.00	19.28	17.43	0.76	45.51	26.61	74	0	74	121.66	102.40	0.00	0.00	0.00	0.00	0.00	0.00	0.00	0.00	0.00	0.00	0.00	39.62	36.41	0.00	1.75	0.00	0.00
731	17.13	4089	3232	0.85	31	0	0	0	2	2	17	0	18	0	0	0.00	0.00	0.17	1.05	38.09	0.00	45.94	0.00	0.00	20.38	0.00	33.20	29.29	74	0	75	118.56	91.16	0.00	0.00	0.00	0.00	0.00	0.00	0.00	0.00	0.00	0.00	0.00	23.42	21.80	0.00	0.97	0.00	0.00
741	17.22	4087	3260	0.85	34	0	0	0	1	1	27	0	7	0	0	0.00	0.00	0.13	0.60	70.23	0.00	15.06	0.00	0.00	17.58	0.00	65.20	0.00	75	0	74	123.78	95.37	0.00	0.00	0.00	0.00	0.00	0.00	0.00	0.00	0.00	0.00	0.00	29.83	22.37	0.00	1.26	0.00	0.00
738	18.34	4087	3048	0.85	34	0	0	1	1	4	30	0	3	0	0	0.00	0.03	0.05	0.45	71.57	0.00	6.90	0.00	0.00	18.90	0.00	62.75	0.00	75	0	75	123.91	93.90	0.00	0.00	0.00	0.00	0.00	0.00	0.00	0.00	0.00	0.00	0.00	25.24	21.31	0.00	1.01	0.00	0.00
731	17.69	4086	3132	0.86	34	0	0	0	1	1	26	0	7	0	0	0.00	0.00	0.10	0.82	65.79	0.00	15.28	0.00	0.00	18.20	1.36	62.76	0.00	75	0	75	122.94	93.88	0.00	0.00	0.00	0.00	0.00	0.00	0.00	0.00	0.00	0.00	0.00	23.65	21.23	0.00	1.01	0.00	0.00
726	17.97	4087	3062	0.86	33	0	0	1	1	5	31	0	2	0	0	0.00	0.00	0.10	0.63	72.84	0.00	6.23	0.00	0.00	19.59	0.00	62.44	0.00	75	0	75	123.78	93.85	0.00	0.00	0.00	0.00	0.00	0.00	0.00	0.00	0.00	0.00	0.00	24.52	21.13	0.00	1.01	0.00	0.00
736	17.80	4088	3133	0.86	33	0	0	0	1	1	25	0	7	0	0	0.00	0.00	0.10	0.80	62.81	0.00	18.17	0.00	0.00	18.00	1.33	58.25	4.63	74	0	75	123.56	94.23	0.00	0.00	0.00	0.00	0.00	0.00	0.00	0.00	0.00	0.00	0.00	24.23	20.95	0.00	1.01	0.00	0.00
722	17.92	4090	3048	0.86	33	0	0	1	0	1	27	0	4	0	0	0.00	0.07	0.00	0.67	67.42	0.00	11.48	0.00	0.00	18.35	1.13	56.63	5.98	75	0	75	123.41	93.86	0.00	0.00	0.00	0.00	0.00	0.00	0.00	0.00	0.00	0.00	0.00	23.94	20.42	0.00	1.00	0.00	0.00
612	17.07	4088	2716	0.91	65	0	0	0	1	1	31	0	24	0	2	0.00	0.00	0.07	0.38	38.16	0.00	31.20	0.00	1.91	18.97	0.74	43.24	19.97	75	0	75	106.89	90.08	0.00	0.00	0.00	0.00	0.00	0.00	0.00	0.00	0.00	0.00	0.00	17.99	16.75	0.00	0.79	0.00	0.00
800	12.42	4086	4878	0.83	40	0	0	0	1	1	25	0	14	0	0	0.00	0.00	0.35	1.00	85.54	0.00	49.65	0.00	0.00	14.51	0.00	58.60	14.47	75	0	75	131.12	106.03	0.00	0.00	0.00	0.00	0.00	0.00	0.00	0.00	0.00	0.00	0.00	45.07	36.05	0.00	1.92	0.00	0.00
689	22.97	4090	2270	0.88	35	0	0	0	1	1	18	0	10	0	0	0.00	0.00	0.06	0.59	34.11	0.00	20.27	0.00	0.00	22.22	1.45	47.25	6.12	75	0	75	113.11	81.95	0.00	0.00	0.00	0.00	0.00	0.00	0.00	0.00	0.00	0.00	0.00	15.12	13.80	0.00	0.62	0.00	0.00
734	15.32	4085	3634	0.85	33	0	0	0	1	1	30	0	8	0	0	0.00	0.00	0.18	0.66	80.03	0.00	17.50	0.00	0.00	16.60	0.00	68.09	0.00	76	0	75	125.24	98.87	0.00	0.00	0.00	0.00	0.00	0.00	0.00	0.00	0.00	0.00	0.00	30.63	26.20	0.00	1.27	0.00	0.00
604	17.65	4087	2593	0.92	65	0	0	0	0	5	39	0	17	0	0	0.00	0.00	0.00	0.31	48.53	0.00	19.27	0.00	0.00	16.62	0.00	51.72	14.01	75	0	75	111.75	93.54	0.00	0.00	0.00	0.00	0.00	0.00	0.00	0.00	0.00	0.00	0.00	18.35	16.37	0.00	0.81	0.00	0.00
671	13.16	4086	3864	0.90	42	0	0	0	1	0	33	0	8	0	0	0.00	0.00	0.30	0.00	92.25	0.00	14.62	0.00	0.00	19.24	0.00	63.93	3.67	75	0	75	121.13	96.95	0.00	0.00	0.00	0.00	0.00	0.00	0.00	0.00	0.00	0.00	0.00	29.71	26.51	0.00	1.23	0.00	0.00
751	17.38	4089	3273	0.85	33	0	0	0	3	1	26	0	8	0	0	0.00	0.00	0.86	0.69	67.32	0.00	17.27	0.00	0.00	19.90	0.00	59.37	3.35	75	0	76	119.54	91.94	0.00	0.00	0.00	0.00	0.00	0.00	0.00	0.00	0.00	0.00	0.00	22.73	21.56	0.00	0.97	0.00	0.00
741	17.42	4089	3219	0.85	34	0	0	0	0	1	26	0	7	0	0	0.00	0.00	0.00	0.48	64.63	0.00	19.43	0.00	0.00	17.69	0.00	64.88	0.00	75	0	76	124.26	95.47	0.00	0.00	0.00	0.00	0.00	0.00	0.00	0.00	0.00	0.00	0.00	30.88	22.65	0.00	1.27	0.00	0.00
737	18.20	4089	3064	0.86	33	0	0	1	0	1	28	0	4	0	0	0.00	0.05	0.00	0.77	67.99	0.00	11.01	0.00	0.00	17.57	1.39	56.90	5.94	75	0	76	123.67	94.58	0.00	0.00	0.00	0.00	0.00	0.00	0.00	0.00	0.00	0.00	0.00	23.52	20.32	0.00	1.00	0.00	0.00
732	17.88	4089	3101	0.86	34	0	0	0	1	1	25	0	6	0	0	0.00	0.00	0.08	0.81	65.86	0.00	14.58	0.00	0.00	17.93	1.34	60.75	2.10	76	0	76	123.89	94.67	0.00	0.00	0.00	0.00	0.00	0.00	0.00	0.00	0.00	0.00	0.00	25.00	21.48	0.00	1.01	0.00	0.00
631	26.61	4091	1796	0.90	33	0	0	0	1	0	24	0	9	0	0	0.00	0.00	0.08	0.00	29.77	0.00	11.77	0.00	0.00	16.02	0.00	48.06	9.30	75	0	76	110.12	84.48	0.00	0.00	0.00	0.00	0.00	0.00	0.00	0.00	0.00	0.00	0.00	12.16	10.72	0.00	0.51	0.00	0.00
743	10.59	4085	5320	0.84	66	0	0	0	0	2	36	0	23	0	0	0.00	0.00	0.00	1.09	93.97	0.00	57.52	0.00	0.00	18.17	0.59	52.61	18.04	75	0	77	118.41	100.12	0.00	0.00	0.00	0.00	0.00	0.00	0.00	0.00	0.00	0.00	0.00	38.80	37.75	0.00	1.65	0.00	0.00
746	16.65	4089	3393	0.85	41	0	0	0	1	1	28	0	6	0	0	0.00	0.00	0.13	0.62	75.18	0.00	14.10	0.00	0.00	17.15	0.00	66.20	0.00	76	0	76	125.51	97.20	0.00	0.00	0.00	0.00	0.00	0.00	0.00	0.00	0.00	0.00	0.00	30.64	22.94	0.00	1.31	0.00	0.00
726	18.42	4089	2983	0.87	25	0	0	1	1	1	24	0	6	0	0	0.00	0.00	0.13	0.60	62.44	0.00	14.26	0.00	0.00	18.99	0.00	62.60	0.00	76	0	76	123.64	93.16	0.00	0.00	0.00	0.00	0.00	0.00	0.00	0.00	0.00	0.00	0.00	25.06	20.68	0.00	1.01	0.00	0.00
747	18.12	4087	3121	0.86	33	0	0	0	1	1	26	0	6	0	0	0.00	0.00	0.10	0.80	61.51	0.00	18.67	0.00	0.00	18.08	1.33	62.47	0.00	76	0	76	123.48	94.02	0.00	0.00	0.00	0.00	0.00	0.00	0.00	0.00	0.00	0.00	0.00	23.80	21.04	0.00	1.01	0.00	0.00
723	17.91	4090	3053	0.86	33	0	0	1	0	1	23	0	8	0	0	0.00	0.02	0.00	0.70	61.07	0.00	18.19	0.00	0.00	18.18	1.14	54.68	8.08	76	0	76	123.36	94.30	0.00	0.00	0.00	0.00	0.00	0.00	0.00	0.00	0.00	0.00	0.00	25.16	21.60	0.00	1.02	0.00	0.00
736	17.77	4088	3136	0.86	34	0	0	0	1	0	27	0	7	0	0	0.00	0.00	0.18	0.00	64.88	0.00	17.08	0.00	0.00	18.00	0.00	64.23	0.00	76	0	76	124.08	94.53	0.00	0.00	0.00	0.00	0.00	0.00	0.00	0.00	0.00	0.00	0.00	23.56	21.08	0.00	0.99	0.00	0.00
717	17.92	4090	3030	0.87	33	0	0	2	0	1	25	0	6	0	0	0.00	0.02	0.00	0.69	62.45	0.00	16.02	0.00	0.00	18.44	1.15	58.12	4.37	76	0	76	122.35	93.64	0.00	0.00	0.00	0.00	0.00	0.00	0.00	0.00	0.00	0.00	0.00	24.69	20.94	0.00	0.99	0.00	0.00
738	17.38	4087	3217	0.86	33	0	0	0	1	1	25	0	8	0	0	0.00	0.00	0.13	0.84	62.35	0.00	21.39	0.00	0.00	17.68	1.36	63.57	0.00	76	0	76	124.54	95.21	0.00	0.00	0.00	0.00	0.00	0.00	0.00	0.00	0.00	0.00	0.00	24.36	22.25	0.00	1.03	0.00	0.00
716	18.45	4088	2938	0.87	33	0	0	1	1	0	25	0	6	0	0	0.00	0.02	0.36	0.00	62.36	0.00	13.53	0.00	0.00	19.40	0.00	62.14	0.00	76	0	76	122.24	93.08	0.00	0.00	0.00	0.00	0.00	0.00	0.00	0.00	0.00	0.00	0.00	23.42	19.33	0.00	0.97	0.00	0.00
740	16.99	4088	3301	0.85	42	0	0	0	1	0	25	0	9	0	0	0.00	0.00	0.18	0.00	61.77	0.00	25.50	0.00	0.00	17.15	0.00	65.86	0.00	76	0	76	124.81	96.01	0.00	0.00	0.00	0.00	0.00	0.00	0.00	0.00	0.00	0.00	0.00	25.89	24.01	0.00	1.04	0.00	0.00
718	18.61	4089	2919	0.87	25	0	0	1	1	1	25	0	5	0	0	0.00	0.00	0.15	0.61	62.63	0.00	12.04	0.00	0.00	19.30	0.00	62.09	0.00	76	0	77	122.15	92.56	0.00	0.00	0.00	0.00	0.00	0.00	0.00	0.00	0.00	0.00	0.00	23.43	19.10	0.00	0.99	0.00	0.00
742	17.09	4087	3290	0.86	42	0	0	0	1	1	24	0	9	0	0	0.00	0.00	0.10	0.83	63.34	0.00	22.75	0.00	0.00	17.38	1.33	58.83	5.37	76	0	76	125.15	95.96	0.00	0.00	0.00	0.00	0.00	0.00	0.00	0.00	0.00	0.00	0.00	26.00	24.07	0.00	1.04	0.00	0.00
724	18.40	4089	2977	0.87	25	0	0	1	1	1	24	0	6	0	0	0.00	0.05	0.17	0.65	62.31	0.00	14.17	0.00	0.00	19.14	0.00	62.46	0.00	76	0	76	123.69	93.24	0.00	0.00	0.00	0.00	0.00	0.00	0.00	0.00	0.00	0.00	0.00	24.01	19.58	0.00	1.00	0.00	0.00
727	18.03	4088	3053	0.87	33	0	0	0	1	1	27	0	6	0	0	0.00	0.00	0.12	0.80	64.83	0.00	13.77	0.00	0.00	18.50	1.37	56.26	5.84	76	0	77	122.70	93.55	0.00	0.00	0.00	0.00	0.00	0.00	0.00	0.00	0.00	0.00	0.00	24.23	21.60	0.00	0.98	0.00	0.00
685	22.65	4089	2291	0.88	35	0	0	1	0	1	25	0	7	0	0	0.00	0.00	0.00	0.50	42.39	0.00	13.46	0.00	0.00	14.49	1.11	51.17	10.58	77	0	77	121.78	93.02	0.00	0.00	0.00	0.00	0.00	0.00	0.00	0.00	0.00	0.00	0.00	17.16	15.29	0.00	0.72	0.00	0.00
661	12.61	4084	3975	0.91	47	0	0	0	1	1	35	0	8	0	0	0.00	0.00	0.20	0.12	93.75	0.00	17.14	0.00	0.00	19.54	0.00	66.62	1.22	77	0	77	121.28	98.27	0.00	0.00	0.00	0.00	0.00	0.00	0.00	0.00	0.00	0.00	0.00	28.46	26.02	0.00	1.23	0.00	0.00
729	16.99	4087	3248	0.86	34	0	0	0	2	2	31	0	5	0	0	0.00	0.00	0.47	1.21	79.35	0.00	4.72	0.00	0.00	20.97	0.00	58.99	3.05	76	0	77	118.70	91.34	0.00	0.00	0.00	0.00	0.00	0.00	0.00	0.00	0.00	0.00	0.00	22.76	21.47	0.00	0.96	0.00	0.00
627	25.45	4090	1864	0.91	34	0	0	0	1	1	26	0	7	0	0	0.00	0.00	0.09	0.34	36.09	0.00	7.45	0.00	0.00	15.67	0.00	58.88	0.00	77	0	77	112.15	86.12	0.00	0.00	0.00	0.00	0.00	0.00	0.00	0.00	0.00	0.00	0.00	15.38	11.66	0.00	0.65	0.00	0.00
693	9.87	4078	5330	0.90	65	0	0	0	1	5	38	0	14	0	3	0.00	0.00	0.00	0.60	107.46	0.00	37.15	0.00	8.60	18.16	0.00	59.08	12.89	76	0	77	121.21	101.93	0.00	0.00	0.00	0.00	0.00	0.00	0.00	0.00	0.00	0.00	0.00	39.69	35.63	0.00	1.76	0.00	0.00
632	25.14	4091	1901	0.90	34	0	0	0	2	2	22	0	12	0	0	0.00	0.00	0.19	0.57	30.33	0.00	14.03	0.00	0.00	18.46	0.00	38.66	17.73	76	0	77	108.19	83.33	0.00	0.00	0.00	0.00	0.00	0.00	0.00	0.00	0.00	0.00	0.00	12.25	11.66	0.00	0.50	0.00	0.00
673	9.50	4080	5375	0.90	65	0	0	0	1	1	28	0	23	0	4	0.00	0.00	0.10	0.59	79.51	0.00	66.52	0.00	9.44	17.69	0.00	50.68	22.13	76	0	76	122.00	102.96	0.00	0.00	0.00	0.00	0.00	0.00	0.00	0.00	0.00	0.00	0.00	44.28	36.13	0.00	1.97	0.00	0.00
810	14.83	4087	4138	0.82	33	0	0	0	3	0	15	0	20	0	0	0.00	0.00	1.26	0.00	44.56	0.00	66.69	0.00	0.00	18.46	0.00	41.30	25.41	76	0	76	125.85	97.46	0.00	0.00	0.00	0.00	0.00	0.00	0.00	0.00	0.00	0.00	0.00	31.15	30.00	0.00	1.27	0.00	0.00
724	21.19	4091	2586	0.86	27	0	1	0	0	1	23	0	3	0	0	0.18	0.00	0.00	0.43	56.24	0.00	7.94	0.00	0.00	20.69	0.00	58.13	0.00	76	0	77	121.15	87.92	0.00	0.00	0.00	0.00	0.00	0.00	0.00	0.00	0.00	0.00	0.00	24.57	17.19	0.00	1.01	0.00	0.00
750	18.34	4088	3099	0.85	33	0	0	0	1	1	28	0	4	0	0	0.00	0.00	0.07	0.80	70.19	0.00	9.12	0.00	0.00	17.76	1.45	62.45	0.00	76	0	76	123.68	94.03	0.00	0.00	0.00	0.00	0.00	0.00	0.00	0.00	0.00	0.00	0.00	25.27	21.72	0.00	1.01	0.00	0.00
617	26.52	4092	1760	0.90	33	0	0	2	0	1	25	0	5	0	0	0.00	0.05	0.00	0.40	33.53	0.00	6.80	0.00	0.00	16.29	1.16	56.03	0.00	76	0	76	109.69	83.99	0.00	0.00	0.00	0.00	0.00	0.00	0.00	0.00	0.00	0.00	0.00	12.02	10.42	0.00	0.51	0.00	0.00
769	10.55	4082	5530	0.84	66	0	0	0	1	1	29	0	29	0	2	0.00	0.00	0.17	0.38	74.24	0.00	79.79	0.00	3.70	17.99	0.00	43.84	27.62	76	0	76	118.82	100.32	0.00	0.00	0.00	0.00	0.00	0.00	0.00	0.00	0.00	0.00	0.00	39.34	38.04	0.00	1.69	0.00	0.00
723	17.32	4089	3163	0.87	32	0	0	2	0	1	22	0	10	0	0	0.00	0.12	0.00	0.55	56.36	0.00	26.32	0.00	0.00	17.98	0.00	64.70	0.00	76	0	76	124.05	95.32	0.00	0.00	0.00	0.00	0.00	0.00	0.00	0.00	0.00	0.00	0.00	30.26	22.13	0.00	1.26	0.00	0.00
742	17.97	4087	3128	0.85	33	0	0	0	1	0	27	0	6	0	0	0.00	0.00	0.15	0.00	65.56	0.00	15.64	0.00	0.00	18.03	0.00	64.00	0.00	76	0	76	123.30	93.94	0.00	0.00	0.00	0.00	0.00	0.00	0.00	0.00	0.00	0.00	0.00	25.19	22.41	0.00	1.01	0.00	0.00
597	17.39	4089	2598	0.92	65	0	0	1	0	1	32	0	23	0	0	0.00	0.00	0.00	0.32	39.79	0.00	28.21	0.00	0.00	16.40	0.65	45.80	19.77	76	0	76	111.15	93.15	0.00	0.00	0.00	0.00	0.00	0.00	0.00	0.00	0.00	0.00	0.00	18.20	16.47	0.00	0.80	0.00	0.00
748	14.07	4087	4025	0.85	42	0	0	0	1	2	29	0	15	0	0	0.00	0.00	0.14	1.14	73.28	0.00	35.71	0.00	0.00	19.80	0.00	58.07	8.06	76	0	76	118.33	95.26	0.00	0.00	0.00	0.00	0.00	0.00	0.00	0.00	0.00	0.00	0.00	28.05	26.43	0.00	1.20	0.00	0.00
732	17.36	4089	3196	0.85	33	0	0	1	0	1	27	0	5	0	0	0.00	0.05	0.00	0.53	69.38	0.00	14.08	0.00	0.00	18.02	0.00	64.63	0.00	76	0	76	124.00	94.88	0.00	0.00	0.00	0.00	0.00	0.00	0.00	0.00	0.00	0.00	0.00	30.40	22.07	0.00	1.26	0.00	0.00
755	18.22	4084	3142	0.85	37	0	0	0	2	1	28	0	7	0	0	0.00	0.00	0.45	0.83	62.98	0.00	17.13	0.00	0.00	19.21	1.37	56.52	4.68	77	0	77	125.00	93.64	0.00	0.00	0.00	0.00	0.00	0.00	0.00	0.00	0.00	0.00	0.00	24.31	21.80	0.00	1.01	0.00	0.00
727	18.11	4085	3040	0.86	35	0	0	0	1	5	31	0	3	0	0	0.00	0.00	0.07	0.62	70.07	0.00	8.40	0.00	0.00	19.29	0.00	62.60	0.00	76	0	76	124.50	94.22	0.00	0.00	0.00	0.00	0.00	0.00	0.00	0.00	0.00	0.00	0.00	24.81	21.00	0.00	1.00	0.00	0.00
732	17.75	4088	3123	0.86	33	0	0	0	1	1	27	0	5	0	0	0.00	0.00	0.17	0.82	68.75	0.00	11.80	0.00	0.00	18.64	1.51	57.60	4.50	76	0	76	123.41	93.97	0.00	0.00	0.00	0.00	0.00	0.00	0.00	0.00	0.00	0.00	0.00	24.54	21.81	0.00	1.01	0.00	0.00
729	17.94	4088	3076	0.86	34	0	0	2	0	2	26	0	5	0	0	0.00	0.05	0.00	1.38	64.47	0.00	14.50	0.00	0.00	18.69	2.32	56.74	4.31	76	0	77	124.28	93.95	0.00	0.00	0.00	0.00	0.00	0.00	0.00	0.00	0.00	0.00	0.00	24.16	20.56	0.00	1.01	0.00	0.00
730	17.74	4088	3119	0.86	33	0	0	0	1	1	27	0	5	0	0	0.00	0.00	0.12	0.82	68.26	0.00	12.50	0.00	0.00	18.29	1.39	62.59	0.00	76	0	76	123.25	94.06	0.00	0.00	0.00	0.00	0.00	0.00	0.00	0.00	0.00	0.00	0.00	24.47	21.72	0.00	1.01	0.00	0.00
724	17.89	4089	3065	0.86	33	0	0	2	0	1	26	0	5	0	0	0.00	0.03	0.00	0.70	64.22	0.00	15.32	0.00	0.00	18.37	1.17	56.62	5.96	76	0	77	123.33	94.04	0.00	0.00	0.00	0.00	0.00	0.00	0.00	0.00	0.00	0.00	0.00	24.02	20.45	0.00	1.01	0.00	0.00
732	17.69	4084	3139	0.86	33	0	0	0	1	0	26	0	7	0	0	0.00	0.00	0.17	0.00	64.23	0.00	17.87	0.00	0.00	17.90	0.00	64.41	0.00	77	0	76	123.33	94.19	0.00	0.00	0.00	0.00	0.00	0.00	0.00	0.00	0.00	0.00	0.00	25.05	22.23	0.00	1.01	0.00	0.00
721	18.07	4087	3021	0.87	34	0	0	1	0	5	28	0	6	0	0	0.00	0.02	0.00	0.69	62.46	0.00	15.71	0.00	0.00	19.46	0.00	56.50	5.97	76	0	77	122.99	93.66	0.00	0.00	0.00	0.00	0.00	0.00	0.00	0.00	0.00	0.00	0.00	23.64	20.19	0.00	0.98	0.00	0.00
740	17.47	4087	3210	0.85	33	0	0	0	1	1	26	0	7	0	0	0.00	0.00	0.18	0.89	64.00	0.00	19.56	0.00	0.00	17.40	1.49	57.80	5.83	76	0	77	124.58	95.51	0.00	0.00	0.00	0.00	0.00	0.00	0.00	0.00	0.00	0.00	0.00	25.37	22.81	0.00	1.04	0.00	0.00
726	18.18	4088	3024	0.86	34	0	0	1	1	3	27	0	3	0	0	0.00	0.02	0.22	1.07	70.66	0.00	6.87	0.00	0.00	19.23	0.00	62.58	0.00	77	0	77	124.39	94.28	0.00	0.00	0.00	0.00	0.00	0.00	0.00	0.00	0.00	0.00	0.00	24.67	20.86	0.00	1.01	0.00	0.00
735	17.85	4088	3117	0.86	33	0	0	0	1	1	24	0	7	0	0	0.00	0.00	0.13	0.83	58.35	0.00	22.05	0.00	0.00	18.35	1.41	56.50	5.90	77	0	77	123.65	94.13	0.00	0.00	0.00	0.00	0.00	0.00	0.00	0.00	0.00	0.00	0.00	23.67	20.95	0.00	0.99	0.00	0.00
727	17.88	4089	3079	0.87	33	0	0	2	0	1	25	0	6	0	0	0.00	0.08	0.00	0.75	61.03	0.00	18.56	0.00	0.00	18.44	1.37	56.35	5.96	76	0	77	123.66	94.08	0.00	0.00	0.00	0.00	0.00	0.00	0.00	0.00	0.00	0.00	0.00	25.10	21.48	0.00	1.01	0.00	0.00
731	17.83	4088	3102	0.86	33	0	0	0	1	1	24	0	8	0	0	0.00	0.00	0.12	0.85	60.68	0.00	19.39	0.00	0.00	18.33	1.42	52.13	10.29	77	0	76	123.62	94.11	0.00	0.00	0.00	0.00	0.00	0.00	0.00	0.00	0.00	0.00	0.00	23.54	20.41	0.00	1.01	0.00	0.00
726	17.75	4090	3096	0.86	33	0	0	1	1	1	27	0	4	0	0	0.00	0.00	0.08	0.78	69.18	0.00	10.85	0.00	0.00	18.42	1.31	56.60	5.92	77	0	77	123.15	93.94	0.00	0.00	0.00	0.00	0.00	0.00	0.00	0.00	0.00	0.00	0.00	24.94	22.21	0.00	1.01	0.00	0.00
730	17.85	4088	3099	0.86	33	0	0	0	1	1	23	0	9	0	0	0.00	0.00	0.10	0.82	56.60	0.00	23.49	0.00	0.00	18.12	1.49	62.54	0.00	77	0	77	123.73	94.14	0.00	0.00	0.00	0.00	0.00	0.00	0.00	0.00	0.00	0.00	0.00	23.90	20.31	0.00	1.01	0.00	0.00
724	17.77	4090	3083	0.87	33	0	0	1	1	1	25	0	6	0	0	0.00	0.02	0.10	0.80	63.59	0.00	16.25	0.00	0.00	18.45	1.34	58.09	4.35	76	0	77	123.37	94.09	0.00	0.00	0.00	0.00	0.00	0.00	0.00	0.00	0.00	0.00	0.00	24.87	22.12	0.00	0.99	0.00	0.00
682	23.06	4090	2238	0.88	33	0	0	0	1	1	24	0	7	0	0	0.00	0.00	0.09	0.57	42.88	0.00	10.86	0.00	0.00	14.89	1.36	60.68	0.00	77	0	77	119.57	91.22	0.00	0.00	0.00	0.00	0.00	0.00	0.00	0.00	0.00	0.00	0.00	17.28	15.08	0.00	0.71	0.00	0.00
688	12.79	4085	4078	0.90	49	0	0	1	0	1	28	0	14	0	0	0.00	0.00	0.00	0.70	77.31	0.00	35.87	0.00	0.00	18.97	0.88	54.43	12.93	77	0	76	121.00	98.02	0.00	0.00	0.00	0.00	0.00	0.00	0.00	0.00	0.00	0.00	0.00	28.99	27.20	0.00	1.25	0.00	0.00
678	16.73	4085	3073	0.91	33	0	0	0	2	1	22	0	9	0	0	0.00	0.00	0.64	0.76	57.04	0.00	22.89	0.00	0.00	19.62	0.00	63.66	0.00	77	0	76	123.47	94.09	0.00	0.00	0.00	0.00	0.00	0.00	0.00	0.00	0.00	0.00	0.00	23.56	20.73	0.00	0.99	0.00	0.00
672	16.16	4088	3151	0.91	33	0	0	0	2	1	27	0	5	0	0	0.00	0.00	0.33	0.65	71.48	0.00	11.80	0.00	0.00	20.31	0.00	63.53	0.00	77	0	77	124.54	94.90	0.00	0.00	0.00	0.00	0.00	0.00	0.00	0.00	0.00	0.00	0.00	24.58	21.28	0.00	1.01	0.00	0.00
729	13.62	4088	4054	0.90	33	0	0	2	0	1	24	0	7	0	0	0.00	0.10	0.00	0.71	88.21	0.00	23.31	0.00	0.00	19.92	0.00	66.46	0.00	76	0	76	128.81	98.40	0.00	0.00	0.00	0.00	0.00	0.00	0.00	0.00	0.00	0.00	0.00	33.01	28.96	0.00	1.37	0.00	0.00
626	23.81	4090	1991	0.93	25	0	0	2	0	1	18	0	6	0	0	0.00	0.08	0.00	0.43	35.72	0.00	11.97	0.00	0.00	19.19	0.00	57.00	0.00	77	0	77	121.69	86.31	0.00	0.00	0.00	0.00	0.00	0.00	0.00	0.00	0.00	0.00	0.00	14.86	12.78	0.00	0.61	0.00	0.00
729	11.55	4082	4785	0.90	43	0	0	0	2	1	31	0	8	0	0	0.00	0.00	0.69	0.95	115.25	0.00	18.68	0.00	0.00	20.23	0.00	64.66	3.55	77	0	77	125.61	99.54	0.00	0.00	0.00	0.00	0.00	0.00	0.00	0.00	0.00	0.00	0.00	39.45	33.61	0.00	1.66	0.00	0.00
622	23.22	4088	2028	0.93	25	0	0	0	1	1	24	0	1	0	0	0.00	0.00	0.30	0.32	46.20	0.00	2.58	0.00	0.00	20.22	0.00	56.56	0.00	77	0	77	121.23	86.75	0.00	0.00	0.00	0.00	0.00	0.00	0.00	0.00	0.00	0.00	0.00	14.97	13.47	0.00	0.60	0.00	0.00
677	13.44	4085	3817	0.92	41	0	0	0	2	1	29	0	9	0	0	0.00	0.00	0.55	0.75	81.91	0.00	22.47	0.00	0.00	19.69	0.00	65.46	1.42	77	0	77	122.06	96.95	0.00	0.00	0.00	0.00	0.00	0.00	0.00	0.00	0.00	0.00	0.00	29.44	25.55	0.00	1.27	0.00	0.00
662	16.32	4088	3075	0.91	33	0	0	0	2	1	23	0	8	0	0	0.00	0.00	0.35	0.62	62.71	0.00	18.48	0.00	0.00	19.80	0.00	63.88	0.00	77	0	76	124.39	94.97	0.00	0.00	0.00	0.00	0.00	0.00	0.00	0.00	0.00	0.00	0.00	24.22	20.85	0.00	1.00	0.00	0.00
723	13.67	4086	4010	0.90	33	0	0	0	2	1	25	0	6	0	0	0.00	0.00	0.57	0.87	93.00	0.00	16.23	0.00	0.00	20.37	0.00	65.96	0.00	77	0	76	127.50	97.18	0.00	0.00	0.00	0.00	0.00	0.00	0.00	0.00	0.00	0.00	0.00	31.76	27.77	0.00	1.32	0.00	0.00
659	20.82	4088	2395	0.92	25	0	0	0	2	1	20	0	4	0	0	0.00	0.00	0.35	0.62	48.66	0.00	10.57	0.00	0.00	20.27	0.00	58.91	0.00	77	0	77	126.29	89.86	0.00	0.00	0.00	0.00	0.00	0.00	0.00	0.00	0.00	0.00	0.00	19.07	16.62	0.00	0.76	0.00	0.00
630	18.56	4088	2570	0.93	33	0	0	0	2	1	27	0	4	0	0	0.00	0.00	0.44	0.60	57.57	0.00	8.06	0.00	0.00	19.39	0.00	62.05	0.00	77	0	77	120.01	91.58	0.00	0.00	0.00	0.00	0.00	0.00	0.00	0.00	0.00	0.00	0.00	19.15	16.66	0.00	0.81	0.00	0.00
600	22.40	4090	2029	0.92	41	0	0	0	3	2	29	0	11	0	0	0.00	0.00	0.33	0.64	36.71	0.00	12.25	0.00	0.00	20.47	0.00	52.32	4.81	76	0	77	103.24	82.38	0.00	0.00	0.00	0.00	0.00	0.00	0.00	0.00	0.00	0.00	0.00	13.20	11.86	0.00	0.55	0.00	0.00
696	8.42	4081	6274	0.89	71	0	0	0	2	3	36	0	23	0	3	0.00	0.00	0.30	0.43	102.18	0.00	68.54	0.00	13.19	16.75	0.00	56.02	18.81	77	0	76	123.48	105.38	0.00	0.00	0.00	0.00	0.00	0.00	0.00	0.00	0.00	0.00	0.00	51.74	44.11	0.00	2.31	0.00	0.00
662	17.11	4086	2929	0.90	33	0	0	1	0	1	17	0	15	0	0	0.00	0.05	0.00	0.41	44.62	0.00	32.24	0.00	0.00	19.59	0.00	58.50	4.79	76	0	76	124.18	93.98	0.00	0.00	0.00	0.00	0.00	0.00	0.00	0.00	0.00	0.00	0.00	23.45	19.82	0.00	0.96	0.00	0.00
834	14.94	4087	4227	0.81	33	0	0	1	2	1	26	0	8	0	0	0.00	0.03	0.64	0.89	87.29	0.00	25.94	0.00	0.00	18.22	0.00	66.83	0.00	76	0	77	125.95	98.00	0.00	0.00	0.00	0.00	0.00	0.00	0.00	0.00	0.00	0.00	0.00	38.43	30.15	0.00	1.59	0.00	0.00
807	19.60	4089	3118	0.84	26	0	0	0	1	1	19	0	7	0	0	0.00	0.00	0.16	1.05	57.26	0.00	21.12	0.00	0.00	17.98	1.77	60.65	0.00	76	0	77	128.81	93.86	0.00	0.00	0.00	0.00	0.00	0.00	0.00	0.00	0.00	0.00	0.00	22.96	21.90	0.00	0.93	0.00	0.00
802	19.56	4088	3106	0.83	34	0	0	1	0	2	21	0	5	0	0	0.00	0.06	0.00	1.30	65.26	0.00	13.00	0.00	0.00	17.76	0.00	62.69	0.00	77	0	77	129.37	94.32	0.00	0.00	0.00	0.00	0.00	0.00	0.00	0.00	0.00	0.00	0.00	23.29	21.88	0.00	0.93	0.00	0.00
776	19.40	4087	3031	0.84	26	0	0	0	2	1	25	0	1	0	0	0.00	0.00	0.54	0.16	76.47	0.00	0.67	0.00	0.00	19.15	0.00	61.46	0.00	77	0	77	130.97	94.40	0.00	0.00	0.00	0.00	0.00	0.00	0.00	0.00	0.00	0.00	0.00	25.14	22.22	0.00	0.97	0.00	0.00
786	19.68	4088	3025	0.85	26	0	0	0	1	2	23	0	3	0	0	0.00	0.00	0.15	1.69	67.33	0.00	7.94	0.00	0.00	18.96	0.00	61.36	0.00	76	0	77	128.35	92.84	0.00	0.00	0.00	0.00	0.00	0.00	0.00	0.00	0.00	0.00	0.00	22.97	20.99	0.00	0.92	0.00	0.00
670	22.57	4091	2247	0.89	26	0	0	0	2	1	27	0	1	0	0	0.00	0.00	0.33	0.52	53.71	0.00	0.51	0.00	0.00	23.11	1.20	53.12	0.00	77	0	78	113.99	82.17	0.00	0.00	0.00	0.00	0.00	0.00	0.00	0.00	0.00	0.00	0.00	18.93	13.72	0.00	0.78	0.00	0.00
749	14.93	4084	3800	0.85	43	0	0	0	1	0	30	0	10	0	0	0.00	0.00	0.23	0.00	80.62	0.00	22.22	0.00	0.00	15.60	0.00	64.00	5.47	77	0	77	125.53	100.05	0.00	0.00	0.00	0.00	0.00	0.00	0.00	0.00	0.00	0.00	0.00	30.31	27.51	0.00	1.27	0.00	0.00
726	18.03	4085	3051	0.86	31	0	0	0	1	1	26	0	6	0	0	0.00	0.00	0.30	0.77	63.34	0.00	15.12	0.00	0.00	19.02	0.00	62.95	0.00	77	0	76	123.58	93.74	0.00	0.00	0.00	0.00	0.00	0.00	0.00	0.00	0.00	0.00	0.00	23.97	20.08	0.00	1.00	0.00	0.00
735	17.79	4085	3132	0.86	36	0	0	0	1	4	33	0	2	0	0	0.00	0.00	0.05	0.53	78.40	0.00	3.10	0.00	0.00	18.71	0.00	63.50	0.00	77	0	77	124.53	95.04	0.00	0.00	0.00	0.00	0.00	0.00	0.00	0.00	0.00	0.00	0.00	24.76	22.33	0.00	1.01	0.00	0.00
732	17.98	4085	3084	0.86	32	0	0	0	1	1	29	0	3	0	0	0.00	0.00	0.33	0.81	73.64	0.00	5.94	0.00	0.00	18.70	0.00	63.32	0.00	77	0	77	124.03	94.45	0.00	0.00	0.00	0.00	0.00	0.00	0.00	0.00	0.00	0.00	0.00	24.19	20.54	0.00	1.01	0.00	0.00
730	17.92	4085	3089	0.87	33	0	0	0	1	3	32	0	2	0	0	0.00	0.00	0.15	0.42	76.75	0.00	3.38	0.00	0.00	18.83	0.00	63.25	0.00	76	0	76	123.87	94.49	0.00	0.00	0.00	0.00	0.00	0.00	0.00	0.00	0.00	0.00	0.00	24.79	21.72	0.00	1.00	0.00	0.00
726	17.85	4085	3085	0.86	33	0	0	0	1	1	29	0	3	0	0	0.00	0.00	0.42	0.90	73.42	0.00	5.83	0.00	0.00	19.07	0.00	63.08	0.00	77	0	77	123.71	94.09	0.00	0.00	0.00	0.00	0.00	0.00	0.00	0.00	0.00	0.00	0.00	23.99	20.75	0.00	0.99	0.00	0.00
735	17.80	4085	3128	0.86	33	0	0	0	1	5	31	0	3	0	0	0.00	0.00	0.03	0.63	74.67	0.00	6.63	0.00	0.00	18.64	0.00	63.57	0.00	77	0	77	124.25	94.90	0.00	0.00	0.00	0.00	0.00	0.00	0.00	0.00	0.00	0.00	0.00	24.92	21.92	0.00	1.01	0.00	0.00
732	18.00	4086	3083	0.86	33	0	0	0	1	1	30	0	2	0	0	0.00	0.00	0.32	0.80	76.51	0.00	2.97	0.00	0.00	18.58	0.00	63.42	0.00	76	0	77	123.84	94.34	0.00	0.00	0.00	0.00	0.00	0.00	0.00	0.00	0.00	0.00	0.00	24.87	21.68	0.00	1.01	0.00	0.00
739	17.84	4086	3140	0.86	33	0	0	0	1	1	29	0	3	0	0	0.00	0.00	0.41	0.89	74.71	0.00	6.21	0.00	0.00	18.46	0.00	63.71	0.00	77	0	77	125.32	95.35	0.00	0.00	0.00	0.00	0.00	0.00	0.00	0.00	0.00	0.00	0.00	24.78	21.29	0.00	1.04	0.00	0.00
720	18.24	4088	2990	0.87	33	0	0	1	1	1	27	0	3	0	0	0.00	0.00	0.34	0.81	69.53	0.00	6.89	0.00	0.00	19.56	0.00	62.20	0.00	76	0	77	122.68	93.07	0.00	0.00	0.00	0.00	0.00	0.00	0.00	0.00	0.00	0.00	0.00	24.26	21.17	0.00	0.98	0.00	0.00
731	17.56	4086	3152	0.86	33	0	0	0	1	1	24	0	9	0	0	0.00	0.00	0.10	0.80	57.27	0.00	24.55	0.00	0.00	17.87	1.45	58.13	4.99	76	0	77	123.16	94.38	0.00	0.00	0.00	0.00	0.00	0.00	0.00	0.00	0.00	0.00	0.00	24.08	21.21	0.00	1.00	0.00	0.00
730	17.65	4086	3135	0.86	34	0	0	0	1	1	31	0	3	0	0	0.00	0.00	0.20	0.15	75.81	0.00	6.12	0.00	0.00	18.54	0.00	63.81	0.00	76	0	77	124.27	94.71	0.00	0.00	0.00	0.00	0.00	0.00	0.00	0.00	0.00	0.00	0.00	25.39	22.14	0.00	1.03	0.00	0.00
727	18.21	4086	3028	0.87	33	0	0	0	1	4	31	0	1	0	0	0.00	0.00	0.12	0.57	75.65	0.00	2.31	0.00	0.00	19.51	0.00	62.28	0.00	77	0	77	123.28	93.59	0.00	0.00	0.00	0.00	0.00	0.00	0.00	0.00	0.00	0.00	0.00	24.05	20.54	0.00	0.99	0.00	0.00
726	17.71	4086	3106	0.86	33	0	1	0	0	1	27	0	6	0	0	0.07	0.00	0.00	0.70	65.76	0.00	14.90	0.00	0.00	18.18	1.13	52.34	10.64	75	0	76	122.99	93.91	0.00	0.00	0.00	0.00	0.00	0.00	0.00	0.00	0.00	0.00	0.00	24.13	21.50	0.00	0.99	0.00	0.00
741	17.70	4085	3173	0.86	36	0	0	0	1	5	31	0	3	0	0	0.00	0.00	0.08	0.66	76.23	0.00	6.37	0.00	0.00	18.38	0.00	63.92	0.00	76	0	77	124.72	95.36	0.00	0.00	0.00	0.00	0.00	0.00	0.00	0.00	0.00	0.00	0.00	25.60	22.77	0.00	1.02	0.00	0.00
720	18.26	4088	2987	0.87	31	0	0	0	1	1	29	0	1	0	0	0.00	0.00	0.30	0.77	74.43	0.00	2.25	0.00	0.00	19.11	0.00	62.62	0.00	76	0	77	123.40	93.57	0.00	0.00	0.00	0.00	0.00	0.00	0.00	0.00	0.00	0.00	0.00	23.95	20.03	0.00	1.00	0.00	0.00
736	17.65	4086	3158	0.86	35	0	0	0	1	1	24	0	9	0	0	0.00	0.00	0.10	0.80	60.05	0.00	21.92	0.00	0.00	17.59	1.34	52.67	10.75	77	0	77	123.82	94.86	0.00	0.00	0.00	0.00	0.00	0.00	0.00	0.00	0.00	0.00	0.00	24.82	22.50	0.00	1.00	0.00	0.00
726	17.85	4085	3081	0.87	33	0	0	0	1	2	30	0	3	0	0	0.00	0.00	0.20	0.38	74.09	0.00	5.83	0.00	0.00	18.90	0.00	63.24	0.00	77	0	77	123.37	93.92	0.00	0.00	0.00	0.00	0.00	0.00	0.00	0.00	0.00	0.00	0.00	24.18	20.37	0.00	1.01	0.00	0.00
733	17.77	4085	3127	0.86	34	0	0	0	1	3	32	0	2	0	0	0.00	0.00	0.18	0.50	78.25	0.00	3.01	0.00	0.00	18.78	0.00	63.45	0.00	77	0	77	123.97	94.52	0.00	0.00	0.00	0.00	0.00	0.00	0.00	0.00	0.00	0.00	0.00	24.92	22.43	0.00	1.01	0.00	0.00
726	18.02	4084	3054	0.87	34	0	0	0	1	1	29	0	3	0	0	0.00	0.00	0.35	0.82	72.84	0.00	5.71	0.00	0.00	19.05	0.00	62.93	0.00	77	0	77	124.05	94.20	0.00	0.00	0.00	0.00	0.00	0.00	0.00	0.00	0.00	0.00	0.00	24.20	20.15	0.00	1.00	0.00	0.00
733	17.74	4084	3130	0.86	34	0	0	0	1	5	32	0	2	0	0	0.00	0.00	0.08	0.68	77.71	0.00	3.45	0.00	0.00	18.93	0.00	63.33	0.00	77	0	77	124.21	94.58	0.00	0.00	0.00	0.00	0.00	0.00	0.00	0.00	0.00	0.00	0.00	24.78	22.55	0.00	0.99	0.00	0.00
729	17.98	4085	3071	0.86	34	0	0	0	1	1	29	0	3	0	0	0.00	0.00	0.35	0.83	72.55	0.00	6.39	0.00	0.00	18.91	0.00	63.11	0.00	77	0	77	123.93	93.98	0.00	0.00	0.00	0.00	0.00	0.00	0.00	0.00	0.00	0.00	0.00	24.26	20.70	0.00	1.01	0.00	0.00
745	17.83	4083	3168	0.85	35	0	0	0	1	6	32	0	2	0	0	0.00	0.00	0.05	1.32	78.08	0.00	3.59	0.00	0.00	18.71	1.06	62.40	0.00	77	0	77	125.48	95.29	0.00	0.00	0.00	0.00	0.00	0.00	0.00	0.00	0.00	0.00	0.00	24.81	21.44	0.00	1.03	0.00	0.00
728	18.35	4086	3005	0.86	35	0	0	1	2	2	27	0	3	0	0	0.00	0.02	0.45	1.45	67.78	0.00	8.46	0.00	0.00	19.58	0.00	62.08	0.00	77	0	77	125.76	94.32	0.00	0.00	0.00	0.00	0.00	0.00	0.00	0.00	0.00	0.00	0.00	24.58	20.59	0.00	1.01	0.00	0.00
740	17.85	4087	3139	0.86	33	0	0	0	1	1	27	0	5	0	0	0.00	0.00	0.15	0.83	69.03	0.00	11.92	0.00	0.00	18.40	1.42	57.77	4.55	77	0	77	123.68	94.21	0.00	0.00	0.00	0.00	0.00	0.00	0.00	0.00	0.00	0.00	0.00	24.48	21.77	0.00	1.01	0.00	0.00
720	18.11	4089	3010	0.87	34	0	1	1	0	1	26	0	6	0	0	0.10	0.05	0.00	0.63	62.98	0.00	14.80	0.00	0.00	18.62	1.15	57.78	4.34	77	0	76	123.34	93.80	0.00	0.00	0.00	0.00	0.00	0.00	0.00	0.00	0.00	0.00	0.00	24.18	20.64	0.00	0.98	0.00	0.00
743	17.66	4085	3190	0.86	35	0	0	0	1	0	27	0	7	0	0	0.00	0.00	0.18	0.00	67.24	0.00	16.15	0.00	0.00	18.00	0.00	64.34	0.00	77	0	77	124.72	95.05	0.00	0.00	0.00	0.00	0.00	0.00	0.00	0.00	0.00	0.00	0.00	24.30	22.00	0.00	1.01	0.00	0.00
726	18.13	4084	3035	0.87	32	0	0	0	1	0	28	0	5	0	0	0.00	0.00	0.35	0.00	66.91	0.00	11.95	0.00	0.00	19.04	0.00	62.83	0.00	76	0	77	123.74	94.07	0.00	0.00	0.00	0.00	0.00	0.00	0.00	0.00	0.00	0.00	0.00	24.22	21.26	0.00	0.99	0.00	0.00
737	17.49	4086	3195	0.86	42	0	0	0	1	4	33	0	2	0	0	0.00	0.00	0.05	0.46	79.48	0.00	3.63	0.00	0.00	18.75	0.00	63.76	0.00	77	0	77	124.40	95.29	0.00	0.00	0.00	0.00	0.00	0.00	0.00	0.00	0.00	0.00	0.00	24.99	21.88	0.00	1.02	0.00	0.00
724	18.15	4086	3022	0.87	25	0	0	0	1	1	29	0	3	0	0	0.00	0.00	0.17	0.65	72.14	0.00	5.68	0.00	0.00	19.04	0.00	62.82	0.00	76	0	77	123.08	93.39	0.00	0.00	0.00	0.00	0.00	0.00	0.00	0.00	0.00	0.00	0.00	23.76	20.10	0.00	0.99	0.00	0.00
741	17.63	4086	3183	0.86	36	0	0	0	1	5	31	0	3	0	0	0.00	0.00	0.05	0.67	76.23	0.00	6.73	0.00	0.00	18.20	0.00	64.17	0.00	77	0	77	124.85	95.52	0.00	0.00	0.00	0.00	0.00	0.00	0.00	0.00	0.00	0.00	0.00	25.47	22.50	0.00	1.05	0.00	0.00
716	18.28	4088	2967	0.87	31	0	0	1	1	1	28	0	2	0	0	0.00	0.05	0.32	0.78	72.19	0.00	3.75	0.00	0.00	19.56	0.00	62.17	0.00	77	0	76	122.60	92.91	0.00	0.00	0.00	0.00	0.00	0.00	0.00	0.00	0.00	0.00	0.00	23.42	19.91	0.00	0.97	0.00	0.00
734	17.50	4087	3177	0.86	33	0	0	0	1	1	29	0	4	0	0	0.00	0.00	0.15	0.85	72.39	0.00	9.90	0.00	0.00	17.97	1.40	63.13	0.00	76	0	77	123.29	94.96	0.00	0.00	0.00	0.00	0.00	0.00	0.00	0.00	0.00	0.00	0.00	24.41	21.86	0.00	1.00	0.00	0.00
729	17.97	4085	3075	0.86	33	0	0	0	1	1	27	0	5	0	0	0.00	0.00	0.33	0.80	68.17	0.00	10.95	0.00	0.00	18.79	0.00	63.25	0.00	77	0	77	124.09	94.38	0.00	0.00	0.00	0.00	0.00	0.00	0.00	0.00	0.00	0.00	0.00	24.35	20.68	0.00	1.01	0.00	0.00
733	17.79	4086	3122	0.86	33	0	0	0	1	5	32	0	2	0	0	0.00	0.00	0.02	0.62	78.01	0.00	3.02	0.00	0.00	19.19	0.00	63.03	0.00	77	0	77	123.90	94.58	0.00	0.00	0.00	0.00	0.00	0.00	0.00	0.00	0.00	0.00	0.00	24.07	21.37	0.00	1.01	0.00	0.00
728	18.04	4085	3061	0.86	33	0	0	0	1	1	29	0	3	0	0	0.00	0.00	0.32	0.80	73.04	0.00	5.74	0.00	0.00	18.94	0.00	63.03	0.00	77	0	77	123.89	94.23	0.00	0.00	0.00	0.00	0.00	0.00	0.00	0.00	0.00	0.00	0.00	24.10	20.58	0.00	0.99	0.00	0.00
733	17.85	4078	3118	0.86	34	0	0	1	1	5	32	0	2	0	0	0.00	2.07	0.05	0.65	75.51	0.00	3.42	0.00	0.00	21.52	0.00	60.63	0.00	77	0	77	124.20	94.78	0.00	0.00	0.00	0.00	0.00	0.00	0.00	0.00	0.00	0.00	0.00	24.41	21.63	0.00	1.01	0.00	0.00
729	17.95	4079	3084	0.86	33	0	0	0	1	1	29	0	3	0	0	0.00	0.00	0.38	0.88	73.51	0.00	5.89	0.00	0.00	18.75	0.00	63.30	0.00	77	0	77	124.15	94.46	0.00	0.00	0.00	0.00	0.00	0.00	0.00	0.00	0.00	0.00	0.00	24.87	21.57	0.00	1.01	0.00	0.00
731	17.80	4085	3113	0.86	33	0	0	0	1	3	31	0	3	0	0	0.00	0.00	0.15	0.42	74.34	0.00	6.56	0.00	0.00	18.72	0.00	63.48	0.00	77	0	77	123.67	94.34	0.00	0.00	0.00	0.00	0.00	0.00	0.00	0.00	0.00	0.00	0.00	24.07	20.91	0.00	0.99	0.00	0.00
726	17.91	4085	3070	0.87	33	0	0	0	1	1	30	0	2	0	0	0.00	0.00	0.35	0.82	75.76	0.00	3.27	0.00	0.00	18.96	0.00	63.13	0.00	77	0	77	123.65	93.91	0.00	0.00	0.00	0.00	0.00	0.00	0.00	0.00	0.00	0.00	0.00	24.67	21.51	0.00	1.02	0.00	0.00
735	17.77	4086	3134	0.86	34	0	0	0	1	5	31	0	3	0	0	0.00	0.00	0.05	0.65	74.56	0.00	6.71	0.00	0.00	19.04	0.00	63.19	0.00	77	0	77	124.03	95.08	0.00	0.00	0.00	0.00	0.00	0.00	0.00	0.00	0.00	0.00	0.00	24.69	21.42	0.00	0.99	0.00	0.00
725	17.96	4087	3059	0.86	33	0	0	0	1	1	29	0	3	0	0	0.00	0.00	0.30	0.80	72.82	0.00	5.81	0.00	0.00	19.07	0.00	62.97	0.00	77	0	77	123.48	93.66	0.00	0.00	0.00	0.00	0.00	0.00	0.00	0.00	0.00	0.00	0.00	24.20	21.20	0.00	1.01	0.00	0.00
736	17.84	4087	3125	0.86	33	0	0	0	0	1	30	0	3	0	0	0.00	0.00	0.00	0.60	75.12	0.00	6.18	0.00	0.00	17.76	1.04	63.36	0.00	77	0	77	124.21	94.80	0.00	0.00	0.00	0.00	0.00	0.00	0.00	0.00	0.00	0.00	0.00	24.54	21.35	0.00	1.01	0.00	0.00
728	17.95	4085	3073	0.86	34	0	0	0	1	1	29	0	3	0	0	0.00	0.00	0.33	0.83	72.71	0.00	6.38	0.00	0.00	18.96	0.00	63.09	0.00	77	0	77	123.78	94.02	0.00	0.00	0.00	0.00	0.00	0.00	0.00	0.00	0.00	0.00	0.00	24.16	20.68	0.00	0.99	0.00	0.00
736	17.84	4086	3129	0.86	34	0	0	0	1	5	32	0	3	0	0	0.00	0.00	0.03	0.63	75.12	0.00	6.04	0.00	0.00	18.81	0.00	63.35	0.00	77	0	77	124.02	94.99	0.00	0.00	0.00	0.00	0.00	0.00	0.00	0.00	0.00	0.00	0.00	24.46	21.77	0.00	1.03	0.00	0.00
728	17.91	4089	3079	0.86	33	0	0	0	1	1	29	0	2	0	0	0.00	0.00	0.36	0.84	73.72	0.00	5.54	0.00	0.00	19.09	0.00	63.00	0.00	77	0	77	124.80	94.74	0.00	0.00	0.00	0.00	0.00	0.00	0.00	0.00	0.00	0.00	0.00	24.67	20.75	0.00	1.01	0.00	0.00
729	17.94	4089	3078	0.86	34	0	0	0	0	1	30	0	2	0	0	0.00	0.00	0.00	0.67	73.65	0.00	6.23	0.00	0.00	18.19	1.11	56.83	5.93	77	0	77	123.55	94.21	0.00	0.00	0.00	0.00	0.00	0.00	0.00	0.00	0.00	0.00	0.00	23.92	20.79	0.00	1.00	0.00	0.00
730	17.90	4089	3086	0.86	33	0	1	1	0	1	25	0	6	0	0	0.18	0.03	0.00	0.73	61.31	0.00	18.59	0.00	0.00	18.31	1.21	50.71	11.86	77	0	77	123.43	94.33	0.00	0.00	0.00	0.00	0.00	0.00	0.00	0.00	0.00	0.00	0.00	24.58	21.01	0.00	1.01	0.00	0.00
734	17.86	4087	3115	0.86	34	0	0	0	1	1	26	0	6	0	0	0.00	0.00	0.07	0.80	64.81	0.00	15.61	0.00	0.00	18.52	1.32	62.30	0.00	76	0	77	124.31	94.55	0.00	0.00	0.00	0.00	0.00	0.00	0.00	0.00	0.00	0.00	0.00	23.76	20.98	0.00	1.01	0.00	0.00
727	17.95	4089	3067	0.86	33	0	1	1	0	1	27	0	4	0	0	0.07	0.00	0.00	0.67	70.20	0.00	9.27	0.00	0.00	18.58	1.17	62.30	0.00	77	0	77	123.37	93.95	0.00	0.00	0.00	0.00	0.00	0.00	0.00	0.00	0.00	0.00	0.00	24.76	21.19	0.00	1.01	0.00	0.00
736	17.87	4087	3120	0.86	33	0	0	0	1	1	25	0	8	0	0	0.00	0.00	0.13	0.83	59.44	0.00	21.26	0.00	0.00	18.08	1.38	56.79	5.88	77	0	77	123.86	94.37	0.00	0.00	0.00	0.00	0.00	0.00	0.00	0.00	0.00	0.00	0.00	23.72	20.95	0.00	0.99	0.00	0.00
718	17.93	4089	3033	0.87	33	0	0	2	0	1	25	0	6	0	0	0.00	0.07	0.00	0.71	64.29	0.00	14.18	0.00	0.00	18.54	1.21	54.26	8.07	76	0	77	122.48	93.66	0.00	0.00	0.00	0.00	0.00	0.00	0.00	0.00	0.00	0.00	0.00	23.38	20.30	0.00	0.99	0.00	0.00
738	17.58	4086	3181	0.86	34	0	0	0	1	0	26	0	8	0	0	0.00	0.00	0.15	0.00	61.33	0.00	21.82	0.00	0.00	17.95	0.00	59.46	5.00	77	0	76	123.76	94.53	0.00	0.00	0.00	0.00	0.00	0.00	0.00	0.00	0.00	0.00	0.00	25.10	22.46	0.00	1.01	0.00	0.00
730	18.15	4084	3050	0.87	33	0	0	0	1	0	28	0	5	0	0	0.00	0.00	0.37	0.00	67.07	0.00	12.07	0.00	0.00	19.04	0.00	62.82	0.00	77	0	77	124.27	94.12	0.00	0.00	0.00	0.00	0.00	0.00	0.00	0.00	0.00	0.00	0.00	23.98	20.69	0.00	1.00	0.00	0.00
739	17.72	4085	3159	0.86	41	0	0	0	1	5	32	0	2	0	0	0.00	0.00	0.03	0.63	78.56	0.00	3.55	0.00	0.00	18.58	0.00	63.70	0.00	77	0	77	125.07	95.37	0.00	0.00	0.00	0.00	0.00	0.00	0.00	0.00	0.00	0.00	0.00	24.47	21.81	0.00	1.01	0.00	0.00
647	14.14	4080	3469	0.70	26	0	0	0	6	5	29	0	3	0	0	0.00	0.00	1.67	1.97	83.11	0.00	7.92	0.00	0.00	19.14	1.19	65.53	0.00	72	0	74	133.20	94.94	0.00	0.00	0.00	0.00	0.00	0.00	0.00	0.00	0.00	0.00	0.00	30.10	24.68	0.00	1.40	0.00	0.00
803	18.75	4051	3273	0.66	34	0	0	4	30	9	37	0	0	0	0	0.00	3.20	5.89	2.93	69.49	0.00	0.00	0.00	0.00	40.75	3.06	37.44	0.00	69	0	70	140.30	85.94	0.00	0.00	0.00	0.00	0.00	0.00	0.00	0.00	0.00	0.00	0.00	24.17	24.97	0.00	1.15	0.00	0.00
776	20.59	4051	2878	0.67	26	0	0	3	15	12	40	0	0	0	0	0.00	2.41	5.02	7.68	54.60	0.00	0.00	0.00	0.00	37.70	9.74	31.97	0.00	68	0	69	134.36	80.34	0.00	0.00	0.00	0.00	0.00	0.00	0.00	0.00	0.00	0.00	0.00	22.28	20.33	0.00	1.05	0.00	0.00
888	20.83	3990	3310	0.62	35	0	0	6	67	12	34	0	0	0	0	0.00	0.31	25.24	6.39	46.76	0.00	0.00	0.00	0.00	53.30	4.09	21.79	0.00	67	0	67	167.72	80.86	0.00	0.00	0.00	0.00	0.00	0.00	0.00	0.00	0.00	0.00	0.00	34.66	29.17	0.00	1.45	0.00	0.00
877	21.00	4000	3234	0.72	26	0	0	2	29	10	23	0	0	0	0	0.00	0.11	19.62	6.10	53.81	0.00	0.00	0.00	0.00	48.08	4.87	26.05	0.00	67	0	67	172.07	90.99	0.00	0.00	0.00	0.00	0.00	0.00	0.00	0.00	0.00	0.00	0.00	31.29	27.56	0.00	1.26	0.00	0.00
324	7.98	4060	3097	0.86	27	0	0	0	2	2	26	0	0	0	0	0.00	0.00	1.62	2.96	86.79	0.00	0.00	0.00	0.00	17.01	1.62	73.39	0.00	66	0	66	72.06	57.83	0.00	0.00	6.08	25.03	0.00	0.00	0.00	0.00	0.00	0.00	0.00	18.47	14.13	0.00	1.17	0.00	0.00
311	7.68	4081	3077	0.87	25	0	0	0	1	2	27	0	0	0	0	0.00	0.00	0.57	2.91	88.03	0.00	0.00	0.00	0.00	14.28	4.91	73.13	0.00	64	0	65	61.61	57.22	0.00	0.00	5.70	25.73	0.00	0.00	0.00	0.00	0.00	0.00	0.00	13.95	10.46	0.00	1.03	0.00	0.00
320	7.85	4076	3099	0.88	25	0	0	0	1	2	27	0	1	0	0	0.00	0.00	0.20	2.31	85.45	0.00	3.82	0.00	0.00	14.86	2.26	75.03	0.00	65	0	65	64.02	57.78	0.00	0.00	5.94	24.18	0.00	0.00	0.00	0.00	0.00	0.00	0.00	15.27	12.61	0.00	1.04	0.00	0.00
322	7.99	4080	3060	0.85	25	0	0	0	1	1	27	0	2	0	0	0.00	0.00	0.27	0.90	83.51	0.00	5.63	0.00	0.00	14.80	0.00	77.21	0.00	64	0	64	61.25	56.69	0.00	0.00	6.96	23.94	0.00	0.00	0.00	0.00	0.00	0.00	0.00	16.02	12.20	0.00	1.02	0.00	0.00
365	8.84	4082	3132	0.81	25	0	0	0	1	1	31	0	1	0	0	0.00	0.00	0.47	1.11	87.78	0.00	1.95	0.00	0.00	16.86	0.00	74.31	0.00	64	0	64	70.64	58.55	0.00	0.00	5.45	23.71	0.00	0.00	0.00	0.00	0.00	0.00	0.00	15.51	12.48	0.00	1.07	0.00	0.00
314	7.69	4079	3099	0.87	19	0	0	0	1	1	26	0	3	0	0	0.00	0.00	0.37	0.99	82.56	0.00	8.01	0.00	0.00	15.43	0.00	76.88	0.00	64	0	64	62.40	57.22	0.00	0.00	6.31	24.80	0.00	0.00	0.00	0.00	0.00	0.00	0.00	14.97	12.14	0.00	1.04	0.00	0.00
317	7.79	4078	3094	0.88	23	0	0	0	1	5	30	0	1	0	0	0.00	0.00	0.10	0.81	87.46	0.00	3.37	0.00	0.00	15.22	0.00	76.99	0.00	64	0	64	62.76	57.46	0.00	0.00	5.87	24.87	0.00	0.00	0.00	0.00	0.00	0.00	0.00	15.51	11.87	0.00	1.03	0.00	0.00
293	7.66	4082	2905	0.87	25	0	0	1	0	2	32	0	2	0	0	0.00	0.00	0.00	2.27	77.18	0.00	6.85	0.00	0.00	15.34	1.48	75.53	0.00	64	0	63	61.33	57.05	0.00	0.00	5.62	24.49	0.00	0.00	0.00	0.00	0.00	0.00	0.00	13.43	9.88	0.00	0.94	0.00	0.00
847	20.86	4051	3104	0.83	54	0	1	0	3	3	41	0	2	0	0	0.09	0.00	1.43	3.32	68.78	0.00	1.98	0.00	0.00	34.30	6.03	38.81	0.00	64	0	64	146.12	85.92	0.00	0.00	0.00	0.00	0.00	0.00	0.00	0.00	0.00	0.00	0.00	21.74	22.76	0.00	1.09	0.00	0.00
601	18.04	4076	2529	0.91	25	0	0	0	5	8	45	0	0	0	0	0.00	0.00	0.78	2.76	61.31	0.00	0.00	0.00	0.00	21.14	4.74	56.08	0.00	65	0	64	95.20	54.61	0.00	0.00	0.00	0.00	0.00	0.00	0.00	0.00	0.00	0.00	0.00	13.63	12.45	0.00	0.66	0.00	0.00
496	8.72	4077	4317	0.73	51	0	0	2	0	4	38	0	0	0	0	0.00	0.17	0.00	3.80	121.35	0.00	0.00	0.00	0.00	22.13	2.47	66.68	0.00	65	0	66	131.80	108.63	0.00	0.00	4.43	17.04	0.00	0.00	0.00	0.00	0.00	0.00	0.00	41.58	32.67	0.00	2.48	0.00	0.00
361	8.67	4069	3168	0.79	27	0	0	0	2	2	29	0	1	0	0	0.00	0.00	0.55	2.25	85.55	0.00	3.89	0.00	0.00	16.00	3.60	71.73	0.00	63	0	63	69.18	58.53	0.00	0.00	5.53	23.54	0.00	0.00	0.00	0.00	0.00	0.00	0.00	16.93	14.01	0.00	1.15	0.00	0.00
330	8.21	4014	3099	0.87	26	0	0	0	3	4	28	0	1	0	0	0.00	0.00	0.68	1.75	86.92	0.00	2.16	0.00	0.00	15.57	1.92	74.29	0.00	64	0	63	66.42	61.14	0.00	0.00	2.75	23.87	0.00	0.00	0.00	0.00	0.00	0.00	0.00	14.65	11.66	0.00	1.07	0.00	0.00
320	8.41	3800	3101	0.87	25	0	0	0	3	1	27	0	1	0	0	0.00	0.00	0.69	0.83	85.91	0.00	4.48	0.00	0.00	14.00	0.00	77.58	0.00	63	0	63	67.33	62.08	0.00	0.00	4.21	26.49	0.00	0.00	0.00	0.00	0.00	0.00	0.00	14.13	10.38	0.00	1.04	0.00	0.00
318	8.36	3800	3101	0.88	24	0	0	0	1	5	28	0	0	0	0	0.00	0.00	0.24	1.60	90.13	0.00	0.00	0.00	0.00	14.30	0.00	77.34	0.00	63	0	63	67.60	62.65	0.00	0.00	2.73	29.31	0.00	0.00	0.00	0.00	0.00	0.00	0.00	12.65	10.01	0.00	1.04	0.00	0.00
294	8.05	3732	3024	0.87	24	0	0	0	1	2	28	0	0	0	0	0.00	0.00	0.25	1.88	87.75	0.00	0.00	0.00	0.00	13.57	1.56	76.82	0.00	62	0	62	64.16	60.00	0.00	0.00	2.51	27.57	0.00	0.00	0.00	0.00	0.00	0.00	0.00	12.08	8.02	0.00	0.97	0.00	0.00
302	8.64	3499	3091	0.88	25	0	0	0	3	3	28	0	1	0	0	0.00	0.00	1.01	0.62	85.63	0.00	4.19	0.00	0.00	14.71	0.00	76.65	0.00	62	0	62	69.38	64.21	0.00	0.00	3.47	25.41	0.00	0.00	0.00	0.00	0.00	0.00	0.00	11.09	9.01	0.00	0.97	0.00	0.00
309	8.79	3500	3106	0.87	25	0	0	0	3	1	26	0	2	0	0	0.00	0.00	0.92	1.06	81.48	0.00	8.19	0.00	0.00	14.41	0.00	76.79	0.00	62	0	62	69.54	63.93	0.00	0.00	3.51	24.17	0.00	0.00	0.00	0.00	0.00	0.00	0.00	11.81	8.56	0.00	1.01	0.00	0.00
298	8.91	3428	3023	0.87	25	0	0	1	2	4	27	0	3	0	0	0.00	0.00	0.28	2.20	78.44	0.00	8.15	0.00	0.00	14.89	1.82	74.39	0.00	61	0	62	70.00	64.99	0.00	0.00	2.70	21.98	0.00	0.00	0.00	0.00	0.00	0.00	0.00	10.29	7.96	0.00	0.93	0.00	0.00
