Avg_MHz	Busy%	Bzy_MHz	TSC_MHz	IPC	IRQ	SMI	POLL	C1	C1E	C3	C6	C7s	C8	C9	C10	POLL%	C1%	C1E%	C3%	C6%	C7s%	C8%	C9%	C10%	CPU%c1	CPU%c3	CPU%c6	CPU%c7	CoreTmp	CoreThr	PkgTmp	Totl%C0	Any%C0	GFX%C0	CPUGFX%	Pkg%pc2	Pkg%pc3	Pkg%pc6	Pkg%pc7	Pkg%pc8	Pkg%pc9	Pk%pc10	CPU%LPI	SYS%LPI	PkgWatt	CorWatt	GFXWatt	RAMWatt	PKG_%	RAM_%
406	26.36	1600	2979	0.82	105	0	0	9	5	5	28	0	7	0	0	0.00	13.12	0.43	4.15	42.82	0.00	10.60	0.00	0.00	47.57	2.52	23.55	0.00	55	0	56	177.56	94.38	0.00	0.00	0.00	0.00	0.00	0.00	0.00	0.00	0.00	0.00	0.00	7.60	4.21	0.00	1.23	0.00	0.00
441	27.28	1600	3130	0.82	58	0	0	0	5	4	46	0	1	0	0	0.00	0.00	2.17	2.66	67.55	0.00	1.44	0.00	0.00	27.08	1.36	44.29	0.00	56	0	56	214.14	103.47	0.00	0.00	0.00	0.00	0.00	0.00	0.00	0.00	0.00	0.00	0.00	7.28	4.76	0.00	1.19	0.00	0.00
400	24.05	1600	3221	0.99	50	0	0	0	2	1	48	0	2	0	0	0.00	0.00	0.52	1.14	73.33	0.00	4.41	0.00	0.00	22.29	2.06	51.61	0.00	56	0	56	178.21	101.91	0.00	0.00	0.00	0.00	0.00	0.00	0.00	0.00	0.00	0.00	0.00	7.77	4.34	0.00	1.23	0.00	0.00
354	21.94	1600	3124	0.80	42	0	0	0	5	1	39	0	3	0	0	0.00	0.00	0.74	0.39	74.05	0.00	3.92	0.00	0.00	19.04	0.00	59.02	0.00	56	0	56	164.10	98.80	0.00	0.00	0.00	0.00	0.00	0.00	0.00	0.00	0.00	0.00	0.00	7.62	3.91	0.00	1.19	0.00	0.00
428	27.64	1600	2994	0.68	49	0	0	2	10	5	55	0	3	0	0	0.00	0.08	2.48	0.97	60.59	0.00	6.30	0.00	0.00	26.91	0.78	44.67	0.00	56	0	56	184.81	99.09	0.00	0.00	0.00	0.00	0.00	0.00	0.00	0.00	0.00	0.00	0.00	7.32	4.00	0.00	1.18	0.00	0.00
359	22.20	1600	3132	0.65	50	0	0	1	7	11	60	0	3	0	0	0.00	0.02	1.38	3.58	70.02	0.00	4.17	0.00	0.00	23.05	3.55	51.19	0.00	56	0	56	167.64	90.11	0.00	0.00	0.00	0.00	0.00	0.00	0.00	0.00	0.00	0.00	0.00	5.59	3.83	0.00	0.83	0.00	0.00
446	27.17	1600	3175	0.68	49	0	0	0	11	5	58	0	1	0	0	0.00	0.00	2.13	2.53	70.09	0.00	0.40	0.00	0.00	32.61	2.79	37.43	0.00	55	0	55	195.35	109.88	0.00	0.00	0.00	0.00	0.00	0.00	0.00	0.00	0.00	0.00	0.00	8.92	4.59	0.00	1.39	0.00	0.00
387	24.90	1600	3009	0.60	50	0	0	2	20	26	66	0	0	0	0	0.00	0.07	4.93	10.02	58.61	0.00	0.00	0.00	0.00	32.91	8.72	33.47	0.00	56	0	56	200.34	100.77	0.00	0.00	0.00	0.00	0.00	0.00	0.00	0.00	0.00	0.00	0.00	7.92	4.39	0.00	1.12	0.00	0.00
481	29.56	1600	3148	0.60	49	0	0	3	12	18	64	0	0	0	0	0.00	0.10	4.17	8.10	59.81	0.00	0.00	0.00	0.00	31.27	12.86	26.32	0.00	55	0	56	190.16	99.66	0.00	0.00	0.00	0.00	0.00	0.00	0.00	0.00	0.00	0.00	0.00	7.60	4.50	0.00	1.07	0.00	0.00
412	32.75	1600	2432	0.83	59	0	0	2	8	14	71	0	0	0	0	0.00	3.00	1.93	4.82	43.48	0.00	0.00	0.00	0.00	35.82	6.29	25.14	0.00	56	0	56	175.53	89.37	0.00	0.00	0.00	0.00	0.00	0.00	0.00	0.00	0.00	0.00	0.00	5.48	3.06	0.00	0.83	0.00	0.00
337	21.75	1600	2994	0.40	104	0	0	1	2	12	89	0	14	0	8	0.00	0.01	0.20	1.80	61.76	0.00	9.24	0.00	2.97	14.56	2.03	52.62	9.03	56	0	56	117.16	51.15	0.00	0.00	0.00	0.00	0.00	0.00	0.00	0.00	0.00	0.00	0.00	3.81	2.30	0.00	0.58	0.00	0.00
221	56.22	1600	759	0.15	142	0	0	0	1	2	46	0	19	0	0	0.00	0.00	0.02	0.08	7.67	0.00	3.01	0.00	0.00	16.02	0.00	26.57	1.19	56	0	56	137.80	105.57	0.00	0.00	0.00	0.00	0.00	0.00	0.00	0.00	0.00	0.00	0.00	1.51	0.75	0.00	0.27	0.00	0.00
292	16.47	2094	2625	0.05	247	0	0	0	2	1	104	0	71	0	24	0.00	0.00	0.03	0.03	14.35	0.00	10.09	0.00	46.42	21.89	0.06	22.04	39.54	56	0	56	99.12	88.23	0.00	0.00	0.00	0.00	0.00	0.00	0.00	0.00	0.00	0.00	0.00	3.97	1.59	0.00	0.76	0.00	0.00
469	9.88	3471	4234	0.04	256	0	0	0	2	1	65	0	91	0	25	0.00	0.00	0.03	0.04	9.78	0.00	14.29	0.00	99.18	11.18	0.05	12.45	66.45	61	0	59	85.81	78.91	0.00	0.00	0.00	0.00	0.00	0.00	0.00	0.00	0.00	0.00	0.00	7.54	4.23	0.00	1.09	0.00	0.00
550	2.41	3061	23023	0.73	223	0	0	0	0	0	45	0	109	0	25	0.00	0.00	0.00	0.00	92.05	0.00	236.41	0.00	397.88	13.69	0.00	18.73	65.17	57	0	57	203.31	193.75	0.00	0.00	0.00	0.00	0.00	0.00	0.00	0.00	0.00	0.00	0.00	178.30	131.85	0.00	14.60	0.00	0.00
599	21.32	2800	3108	0.77	39	0	0	0	3	3	28	0	4	0	0	0.00	0.00	0.67	0.45	68.84	0.00	9.23	0.00	0.00	21.93	0.00	55.55	1.20	59	0	59	157.97	100.20	0.00	0.00	0.00	0.00	0.00	0.00	0.00	0.00	0.00	0.00	0.00	9.97	8.83	0.00	0.88	0.00	0.00
590	21.14	2800	3088	0.78	35	0	0	0	0	1	25	0	4	0	0	0.00	0.00	0.00	0.84	68.52	0.00	9.46	0.00	0.00	20.79	1.47	56.60	0.00	59	0	59	158.56	99.60	0.00	0.00	0.00	0.00	0.00	0.00	0.00	0.00	0.00	0.00	0.00	13.50	9.45	0.00	1.11	0.00	0.00
575	21.07	2798	3020	0.77	26	0	0	0	3	0	27	0	3	0	0	0.00	0.00	0.80	0.00	70.20	0.00	6.21	0.00	0.00	21.76	0.00	57.17	0.00	60	0	60	157.93	99.56	0.00	0.00	0.00	0.00	0.00	0.00	0.00	0.00	0.00	0.00	0.00	12.85	8.54	0.00	1.09	0.00	0.00
450	18.73	2561	2905	0.76	34	0	0	0	1	3	35	0	17	0	0	0.00	0.00	0.12	1.07	53.53	0.00	21.69	0.00	0.00	13.32	1.50	55.77	10.68	60	0	60	86.05	53.42	0.00	0.00	0.00	0.00	0.00	0.00	0.00	0.00	0.00	0.00	0.00	4.43	4.12	0.00	0.41	0.00	0.00
486	19.30	2386	3267	0.78	66	0	0	0	1	1	26	0	11	0	0	0.00	0.00	0.22	0.62	60.87	0.00	23.64	0.00	0.00	27.61	1.04	52.05	0.00	60	0	59	223.54	166.56	0.00	0.00	0.00	0.00	0.00	0.00	0.00	0.00	0.00	0.00	0.00	16.84	10.86	0.00	1.80	0.00	0.00
496	22.43	2200	3113	0.76	34	0	0	0	0	2	27	0	6	0	0	0.00	0.00	0.00	1.05	66.42	0.00	10.74	0.00	0.00	20.91	1.22	55.45	0.00	59	0	59	163.99	99.56	0.00	0.00	0.00	0.00	0.00	0.00	0.00	0.00	0.00	0.00	0.00	10.74	6.29	0.00	1.16	0.00	0.00
448	22.20	2113	2957	0.76	42	0	0	0	1	2	27	0	7	0	0	0.00	0.00	0.29	0.94	60.40	0.00	12.89	0.00	0.00	20.46	1.05	56.29	0.00	59	0	59	158.21	96.36	0.00	0.00	0.00	0.00	0.00	0.00	0.00	0.00	0.00	0.00	0.00	7.37	5.21	0.00	0.84	0.00	0.00
424	22.64	1900	3054	0.77	42	0	0	0	1	2	31	0	7	0	0	0.00	0.00	0.22	0.61	61.61	0.00	14.14	0.00	0.00	22.37	0.00	54.99	0.00	58	0	58	168.61	99.84	0.00	0.00	0.00	0.00	0.00	0.00	0.00	0.00	0.00	0.00	0.00	8.28	5.01	0.00	1.02	0.00	0.00
360	21.39	1771	2945	0.78	43	0	0	0	0	1	33	0	6	0	0	0.00	0.00	0.00	0.65	64.48	0.00	9.86	0.00	0.00	21.88	1.21	55.52	0.00	57	0	57	159.58	95.42	0.00	0.00	0.00	0.00	0.00	0.00	0.00	0.00	0.00	0.00	0.00	6.80	3.88	0.00	0.91	0.00	0.00
334	21.77	1600	2965	0.73	42	0	0	1	2	6	44	0	17	0	3	0.00	0.02	0.15	0.77	49.93	0.00	21.57	0.00	2.79	16.06	0.52	53.76	7.90	57	0	57	116.43	70.06	0.00	0.00	0.00	0.00	0.00	0.00	0.00	0.00	0.00	0.00	0.00	4.70	2.58	0.00	0.66	0.00	0.00
374	21.77	1600	3327	0.75	77	0	0	1	1	2	21	0	22	0	0	0.00	0.02	0.14	0.95	41.66	0.00	41.64	0.00	0.00	26.47	0.71	34.95	16.09	57	0	57	217.63	143.12	0.00	0.00	0.00	0.00	0.00	0.00	0.00	0.00	0.00	0.00	0.00	10.58	5.41	0.00	1.62	0.00	0.00
372	23.38	1600	3077	0.76	49	0	0	0	2	1	29	0	13	0	0	0.00	0.00	0.32	0.60	55.99	0.00	19.56	0.00	0.00	21.90	1.06	53.66	0.00	57	0	57	171.51	99.80	0.00	0.00	0.00	0.00	0.00	0.00	0.00	0.00	0.00	0.00	0.00	6.02	3.69	0.00	0.90	0.00	0.00
373	23.12	1600	3120	0.77	50	0	0	0	0	1	32	0	9	0	0	0.00	0.00	0.00	0.42	63.14	0.00	14.21	0.00	0.00	22.38	0.00	53.79	0.71	57	0	57	170.19	100.48	0.00	0.00	0.00	0.00	0.00	0.00	0.00	0.00	0.00	0.00	0.00	7.68	3.94	0.00	1.10	0.00	0.00
307	19.89	1600	2985	0.74	42	0	0	0	2	3	44	0	24	0	4	0.00	0.00	0.09	0.30	45.01	0.00	25.03	0.00	7.10	16.04	0.00	47.58	16.49	57	0	57	114.53	74.39	0.00	0.00	0.00	0.00	0.00	0.00	0.00	0.00	0.00	0.00	0.00	4.81	2.50	0.00	0.73	0.00	0.00
368	21.58	1600	3297	0.75	83	0	0	0	0	2	26	0	18	0	0	0.00	0.00	0.00	0.77	48.11	0.00	34.97	0.00	0.00	25.40	0.75	45.14	7.13	57	0	57	213.49	144.17	0.00	0.00	0.00	0.00	0.00	0.00	0.00	0.00	0.00	0.00	0.00	10.30	5.27	0.00	1.59	0.00	0.00
329	21.54	1600	2958	0.73	50	0	0	0	2	5	48	0	14	0	2	0.00	0.00	0.15	0.69	54.31	0.00	17.17	0.00	2.97	15.71	0.84	55.24	6.66	57	0	57	108.64	63.92	0.00	0.00	0.00	0.00	0.00	0.00	0.00	0.00	0.00	0.00	0.00	4.47	2.32	0.00	0.64	0.00	0.00
315	19.55	1600	3121	0.75	72	0	0	0	1	1	33	0	26	0	0	0.00	0.00	0.17	0.32	46.03	0.00	34.91	0.00	0.00	20.99	0.54	41.09	17.83	57	0	57	163.58	112.48	0.00	0.00	0.00	0.00	0.00	0.00	0.00	0.00	0.00	0.00	0.00	7.13	3.83	0.00	1.11	0.00	0.00
370	22.02	1600	3255	0.74	66	0	0	0	1	1	28	0	17	0	0	0.00	0.00	0.09	0.36	51.15	0.00	30.67	0.00	0.00	25.11	0.00	47.56	5.30	56	0	56	201.25	132.23	0.00	0.00	0.00	0.00	0.00	0.00	0.00	0.00	0.00	0.00	0.00	9.01	4.75	0.00	1.39	0.00	0.00
359	22.20	1600	3126	0.76	51	0	0	0	3	2	34	0	13	0	1	0.00	0.00	0.41	0.50	55.19	0.00	21.24	0.00	1.52	20.85	0.00	53.45	3.51	57	0	57	161.91	102.11	0.00	0.00	0.00	0.00	0.00	0.00	0.00	0.00	0.00	0.00	0.00	7.01	3.71	0.00	1.05	0.00	0.00
277	17.93	1600	2989	0.76	57	0	0	1	0	5	44	0	14	0	0	0.00	0.03	0.00	0.62	61.90	0.00	17.02	0.00	0.00	21.51	0.64	54.51	5.40	57	0	57	159.41	103.16	0.00	0.00	0.00	0.00	0.00	0.00	0.00	0.00	0.00	0.00	0.00	6.13	3.45	0.00	0.92	0.00	0.00
466	26.46	1602	3405	0.77	62	0	0	0	1	1	30	0	10	0	0	0.00	0.00	0.12	0.63	62.55	0.00	17.90	0.00	0.00	20.90	0.00	52.22	0.42	56	0	56	164.33	96.51	0.00	0.00	0.00	0.00	0.00	0.00	0.00	0.00	0.00	0.00	0.00	7.98	4.19	0.00	1.16	0.00	0.00
421	22.12	1860	3166	0.78	48	0	0	0	1	2	32	0	10	0	0	0.00	0.00	0.20	0.64	60.66	0.00	18.33	0.00	0.00	21.15	0.00	56.73	0.00	57	0	57	165.01	103.49	0.00	0.00	0.00	0.00	0.00	0.00	0.00	0.00	0.00	0.00	0.00	8.41	4.95	0.00	1.10	0.00	0.00
483	22.76	2006	3277	0.78	41	0	0	0	2	0	28	0	6	0	0	0.00	0.00	0.26	0.00	68.55	0.00	13.19	0.00	0.00	21.91	0.00	55.32	0.00	57	0	57	170.09	103.23	0.00	0.00	0.00	0.00	0.00	0.00	0.00	0.00	0.00	0.00	0.00	7.95	5.73	0.00	0.96	0.00	0.00
518	21.88	2363	3101	0.78	34	0	0	1	1	1	26	0	6	0	0	0.00	0.05	0.34	0.51	62.46	0.00	14.96	0.00	0.00	21.79	0.00	50.32	6.02	58	0	58	163.74	100.26	0.00	0.00	0.00	0.00	0.00	0.00	0.00	0.00	0.00	0.00	0.00	11.97	6.96	0.00	1.23	0.00	0.00
538	21.69	2403	3197	0.78	34	0	0	0	2	0	28	0	3	0	0	0.00	0.00	0.57	0.00	72.07	0.00	8.43	0.00	0.00	21.50	0.00	56.81	0.00	59	0	59	162.75	100.60	0.00	0.00	0.00	0.00	0.00	0.00	0.00	0.00	0.00	0.00	0.00	10.48	7.22	0.00	1.04	0.00	0.00
595	21.93	2664	3153	0.78	34	0	0	0	2	1	24	0	6	0	0	0.00	0.00	0.33	0.88	68.12	0.00	10.25	0.00	0.00	21.36	1.49	51.06	4.17	59	0	59	161.06	101.82	0.00	0.00	0.00	0.00	0.00	0.00	0.00	0.00	0.00	0.00	0.00	9.08	8.91	0.00	0.82	0.00	0.00
590	21.07	2800	3096	0.78	34	0	0	0	2	3	30	0	1	0	0	0.00	0.00	0.44	0.44	76.61	0.00	1.60	0.00	0.00	22.03	0.00	56.89	0.00	61	0	61	158.53	99.89	0.00	0.00	0.00	0.00	0.00	0.00	0.00	0.00	0.00	0.00	0.00	13.65	9.29	0.00	1.11	0.00	0.00
648	21.62	2887	3214	0.79	26	0	0	3	0	1	26	0	1	0	0	0.00	0.15	0.00	0.86	79.71	0.00	0.71	0.00	0.00	21.01	0.00	57.37	0.00	61	0	61	162.59	102.24	0.00	0.00	0.00	0.00	0.00	0.00	0.00	0.00	0.00	0.00	0.00	15.69	10.38	0.00	1.20	0.00	0.00
621	19.39	3200	3101	0.78	34	0	0	0	2	3	30	0	3	0	0	0.00	0.00	0.32	1.02	72.82	0.00	6.71	0.00	0.00	20.56	0.00	60.06	0.00	63	0	63	146.13	99.74	0.00	0.00	0.00	0.00	0.00	0.00	0.00	0.00	0.00	0.00	0.00	14.78	11.63	0.00	1.00	0.00	0.00
678	20.76	3202	3158	0.79	33	0	0	0	2	1	23	0	3	0	0	0.00	0.00	0.49	0.86	71.54	0.00	8.07	0.00	0.00	21.27	0.00	57.97	0.00	63	0	63	155.89	100.49	0.00	0.00	0.00	0.00	0.00	0.00	0.00	0.00	0.00	0.00	0.00	14.26	13.08	0.00	0.93	0.00	0.00
600	17.98	3544	2915	0.75	27	0	0	0	3	0	32	0	16	0	3	0.00	0.00	0.52	0.00	49.57	0.00	23.98	0.00	3.23	12.40	0.00	53.61	16.01	65	0	65	79.44	54.43	0.00	0.00	0.00	0.00	0.00	0.00	0.00	0.00	0.00	0.00	0.00	9.64	7.33	0.00	0.55	0.00	0.00
711	17.36	3742	3390	0.77	58	0	0	0	1	2	14	0	20	0	0	0.00	0.00	0.10	1.40	35.16	0.00	53.71	0.00	0.00	25.64	1.15	29.57	26.27	66	0	66	195.75	153.91	0.00	0.00	0.00	0.00	0.00	0.00	0.00	0.00	0.00	0.00	0.00	25.56	24.60	0.00	1.52	0.00	0.00
762	18.27	3996	3231	0.77	34	0	0	0	1	2	22	0	6	0	0	0.00	0.00	0.09	1.77	65.70	0.00	16.67	0.00	0.00	24.17	1.75	55.81	0.00	67	0	67	163.34	118.96	0.00	0.00	0.00	0.00	0.00	0.00	0.00	0.00	0.00	0.00	0.00	34.18	24.59	0.00	1.55	0.00	0.00
791	19.89	3997	3081	0.77	26	0	0	0	1	5	26	0	2	0	0	0.00	0.00	0.10	0.80	70.35	0.00	7.61	0.00	0.00	22.29	0.00	57.81	0.00	69	0	69	146.42	96.44	0.00	0.00	0.00	0.00	0.00	0.00	0.00	0.00	0.00	0.00	0.00	23.62	20.78	0.00	0.99	0.00	0.00
652	16.02	4063	3102	0.76	26	0	0	1	1	1	38	0	8	0	0	0.00	0.02	0.33	0.66	71.95	0.00	10.21	0.00	0.00	19.54	0.00	63.44	0.99	71	0	71	121.40	95.12	0.00	0.00	0.00	0.00	0.00	0.00	0.00	0.00	0.00	0.00	0.00	22.48	19.23	0.00	1.01	0.00	0.00
768	18.74	4084	3105	0.79	50	0	0	0	1	0	25	0	1	0	0	0.00	0.00	0.42	0.00	75.39	0.00	3.82	0.00	0.00	22.90	0.00	58.36	0.00	71	0	71	141.59	94.02	0.00	0.00	0.00	0.00	0.00	0.00	0.00	0.00	0.00	0.00	0.00	24.54	22.53	0.00	1.00	0.00	0.00
767	18.82	4089	3086	0.77	26	0	0	0	1	1	25	0	0	0	0	0.00	0.00	0.14	0.85	78.19	0.00	0.00	0.00	0.00	22.45	0.00	58.73	0.00	71	0	71	142.28	94.01	0.00	0.00	0.00	0.00	0.00	0.00	0.00	0.00	0.00	0.00	0.00	25.10	20.99	0.00	1.01	0.00	0.00
668	16.31	4086	3102	0.78	26	0	0	0	1	1	31	0	8	0	0	0.00	0.00	0.26	0.64	66.00	0.00	15.70	0.00	0.00	20.70	0.00	61.84	1.15	72	0	72	125.40	94.09	0.00	0.00	0.00	0.00	0.00	0.00	0.00	0.00	0.00	0.00	0.00	23.51	20.77	0.00	1.00	0.00	0.00
770	18.85	4086	3094	0.78	42	0	0	0	1	0	24	0	2	0	0	0.00	0.00	0.37	0.00	71.97	0.00	6.89	0.00	0.00	23.07	0.00	58.08	0.00	72	0	72	141.86	93.69	0.00	0.00	0.00	0.00	0.00	0.00	0.00	0.00	0.00	0.00	0.00	25.47	21.75	0.00	1.01	0.00	0.00
643	15.74	4083	3096	0.78	26	0	0	0	1	5	41	0	7	0	0	0.00	0.00	0.03	0.38	74.52	0.00	8.24	0.00	0.00	20.13	0.00	63.15	0.98	72	0	72	122.04	94.42	0.00	0.00	0.00	0.00	0.00	0.00	0.00	0.00	0.00	0.00	0.00	22.73	19.62	0.00	1.00	0.00	0.00
763	18.67	4087	3095	0.79	50	0	0	0	1	1	23	0	2	0	0	0.00	0.00	0.33	1.02	70.43	0.00	7.82	0.00	0.00	22.55	0.00	58.78	0.00	72	0	72	141.23	94.35	0.00	0.00	0.00	0.00	0.00	0.00	0.00	0.00	0.00	0.00	0.00	24.72	21.94	0.00	1.02	0.00	0.00
769	18.81	4088	3095	0.78	34	0	0	0	1	1	25	0	0	0	0	0.00	0.00	0.24	0.87	78.61	0.00	0.00	0.00	0.00	22.56	0.00	58.63	0.00	73	0	73	142.41	93.72	0.00	0.00	0.00	0.00	0.00	0.00	0.00	0.00	0.00	0.00	0.00	25.09	21.85	0.00	1.00	0.00	0.00
770	18.83	4088	3097	0.79	18	0	0	0	1	1	24	0	1	0	0	0.00	0.00	0.34	0.98	74.81	0.00	3.62	0.00	0.00	22.75	0.00	58.42	0.00	73	0	73	142.32	94.15	0.00	0.00	0.00	0.00	0.00	0.00	0.00	0.00	0.00	0.00	0.00	25.57	22.41	0.00	1.01	0.00	0.00
772	18.91	4084	3096	0.79	27	0	0	0	1	2	25	0	1	0	0	0.00	0.00	0.30	0.47	75.30	0.00	3.49	0.00	0.00	23.30	0.00	57.79	0.00	73	0	73	142.49	93.63	0.00	0.00	0.00	0.00	0.00	0.00	0.00	0.00	0.00	0.00	0.00	25.79	22.24	0.00	1.02	0.00	0.00
758	18.56	4086	3096	0.79	27	0	0	1	1	4	25	0	1	0	0	0.00	0.03	0.20	0.69	75.47	0.00	3.56	0.00	0.00	22.97	0.00	58.47	0.00	73	0	73	140.48	93.99	0.00	0.00	0.00	0.00	0.00	0.00	0.00	0.00	0.00	0.00	0.00	24.45	21.70	0.00	0.98	0.00	0.00
771	18.88	4086	3095	0.78	26	0	0	0	1	1	24	0	1	0	0	0.00	0.00	0.37	1.01	74.28	0.00	3.66	0.00	0.00	22.82	0.00	58.30	0.00	74	0	74	142.54	93.64	0.00	0.00	0.00	0.00	0.00	0.00	0.00	0.00	0.00	0.00	0.00	25.26	22.15	0.00	1.02	0.00	0.00
636	15.59	4087	3089	0.77	26	0	0	0	1	1	38	0	8	0	0	0.00	0.00	0.24	0.56	72.95	0.00	9.65	0.00	0.00	19.85	0.00	63.84	0.72	73	0	73	120.88	94.56	0.00	0.00	0.00	0.00	0.00	0.00	0.00	0.00	0.00	0.00	0.00	23.12	19.84	0.00	1.01	0.00	0.00
696	16.97	4089	3105	0.78	49	0	0	1	0	1	27	0	6	0	0	0.00	0.02	0.00	0.63	67.54	0.00	13.77	0.00	0.00	20.88	1.00	61.15	0.00	73	0	73	130.03	93.62	0.00	0.00	0.00	0.00	0.00	0.00	0.00	0.00	0.00	0.00	0.00	23.71	20.59	0.00	1.00	0.00	0.00
704	17.28	4089	3085	0.77	34	0	0	0	1	1	27	0	4	0	0	0.00	0.00	0.23	0.75	73.38	0.00	7.00	0.00	0.00	21.09	0.00	60.59	1.04	74	0	74	132.38	94.49	0.00	0.00	0.00	0.00	0.00	0.00	0.00	0.00	0.00	0.00	0.00	24.83	21.04	0.00	1.04	0.00	0.00
760	18.47	4089	3114	0.79	33	0	0	1	0	1	21	0	5	0	0	0.00	0.06	0.00	0.83	63.38	0.00	16.20	0.00	0.00	22.49	1.45	50.64	6.96	74	0	74	139.97	93.46	0.00	0.00	0.00	0.00	0.00	0.00	0.00	0.00	0.00	0.00	0.00	24.27	22.35	0.00	0.96	0.00	0.00
753	18.45	4088	3090	0.80	26	0	0	0	1	1	26	0	1	0	0	0.00	0.00	0.22	0.83	74.97	0.00	3.98	0.00	0.00	22.12	0.00	59.43	0.00	73	0	73	139.49	93.39	0.00	0.00	0.00	0.00	0.00	0.00	0.00	0.00	0.00	0.00	0.00	24.35	21.82	0.00	1.00	0.00	0.00
764	18.72	4091	3089	0.78	33	0	0	0	2	4	26	0	1	0	0	0.00	0.00	0.63	0.66	75.44	0.00	2.79	0.00	0.00	23.37	0.00	57.91	0.00	74	0	74	141.83	93.28	0.00	0.00	0.00	0.00	0.00	0.00	0.00	0.00	0.00	0.00	0.00	24.56	21.72	0.00	0.99	0.00	0.00
773	18.81	4090	3110	0.79	26	0	0	0	1	2	23	0	1	0	0	0.00	0.00	0.51	2.46	74.17	0.00	2.80	0.00	0.00	22.44	1.45	57.30	0.00	74	0	74	142.18	93.59	0.00	0.00	0.00	0.00	0.00	0.00	0.00	0.00	0.00	0.00	0.00	25.81	22.57	0.00	1.03	0.00	0.00
775	18.95	4090	3094	0.78	26	0	0	0	0	2	23	0	1	0	0	0.00	0.00	0.00	1.47	74.33	0.00	3.38	0.00	0.00	22.11	1.54	57.40	0.00	74	0	74	143.00	94.31	0.00	0.00	0.00	0.00	0.00	0.00	0.00	0.00	0.00	0.00	0.00	25.96	22.52	0.00	1.00	0.00	0.00
664	17.47	4086	2878	0.74	31	0	0	0	0	2	35	0	11	0	1	0.00	0.00	0.00	0.79	57.20	0.00	15.83	0.00	1.77	12.78	0.94	64.24	4.56	74	0	74	72.14	46.95	0.00	0.00	0.00	0.00	0.00	0.00	0.00	0.00	0.00	0.00	0.00	11.27	10.14	0.00	0.46	0.00	0.00
742	16.75	4090	3352	0.76	49	0	0	0	1	2	26	0	8	0	0	0.00	0.00	0.08	1.33	64.88	0.00	22.43	0.00	0.00	26.25	1.21	55.78	0.00	74	0	75	183.27	144.95	0.00	0.00	0.00	0.00	0.00	0.00	0.00	0.00	0.00	0.00	0.00	34.77	32.92	0.00	1.52	0.00	0.00
716	17.54	4089	3092	0.76	33	0	0	0	1	2	26	0	5	0	0	0.00	0.00	0.13	1.52	64.82	0.00	14.60	0.00	0.00	20.57	1.60	60.29	0.00	74	0	74	130.11	94.05	0.00	0.00	0.00	0.00	0.00	0.00	0.00	0.00	0.00	0.00	0.00	24.36	21.12	0.00	1.02	0.00	0.00
710	17.37	4088	3096	0.77	33	0	0	0	1	1	29	0	3	0	0	0.00	0.00	0.28	0.75	71.96	0.00	8.43	0.00	0.00	21.16	0.00	61.48	0.00	74	0	74	131.58	93.80	0.00	0.00	0.00	0.00	0.00	0.00	0.00	0.00	0.00	0.00	0.00	24.33	20.82	0.00	1.02	0.00	0.00
708	17.33	4087	3096	0.77	33	0	0	0	1	1	26	0	6	0	0	0.00	0.00	0.28	0.75	63.07	0.00	17.45	0.00	0.00	21.06	0.00	61.61	0.00	74	0	74	130.43	93.34	0.00	0.00	0.00	0.00	0.00	0.00	0.00	0.00	0.00	0.00	0.00	23.89	20.63	0.00	1.00	0.00	0.00
696	17.11	4086	3082	0.78	33	0	0	0	2	0	27	0	6	0	0	0.00	0.00	0.41	0.00	63.25	0.00	17.65	0.00	0.00	20.99	0.00	61.90	0.00	74	0	74	129.61	92.73	0.00	0.00	0.00	0.00	0.00	0.00	0.00	0.00	0.00	0.00	0.00	23.68	20.80	0.00	0.98	0.00	0.00
724	17.10	4089	3206	0.75	33	0	1	1	0	2	33	0	5	0	0	0.12	0.02	0.00	1.21	73.51	0.00	9.68	0.00	0.00	23.00	1.27	58.64	0.00	74	0	74	149.92	113.74	0.00	0.00	0.00	0.00	0.00	0.00	0.00	0.00	0.00	0.00	0.00	33.94	25.92	0.00	1.43	0.00	0.00
709	17.38	4086	3090	0.76	34	0	0	0	1	3	29	0	4	0	0	0.00	0.00	0.13	0.46	70.85	0.00	9.99	0.00	0.00	21.50	0.00	61.12	0.00	74	0	74	133.15	94.23	0.00	0.00	0.00	0.00	0.00	0.00	0.00	0.00	0.00	0.00	0.00	24.66	20.90	0.00	1.03	0.00	0.00
720	17.59	4089	3100	0.76	34	0	1	0	1	1	27	0	5	0	0	0.07	0.00	0.15	0.70	67.38	0.00	13.05	0.00	0.00	20.65	1.15	54.71	5.91	74	0	74	130.97	94.07	0.00	0.00	0.00	0.00	0.00	0.00	0.00	0.00	0.00	0.00	0.00	23.83	20.69	0.00	1.01	0.00	0.00
767	18.71	4089	3106	0.79	34	0	0	1	1	1	25	0	3	0	0	0.00	0.06	0.19	0.80	66.57	0.00	11.70	0.00	0.00	23.36	1.41	56.51	0.00	74	0	74	140.31	92.56	0.00	0.00	0.00	0.00	0.00	0.00	0.00	0.00	0.00	0.00	0.00	24.46	22.79	0.00	0.97	0.00	0.00
773	18.88	4088	3100	0.77	33	0	0	0	1	1	24	0	1	0	0	0.00	0.00	0.20	0.85	78.08	0.00	0.54	0.00	0.00	22.54	0.00	58.58	0.00	74	0	74	141.86	93.72	0.00	0.00	0.00	0.00	0.00	0.00	0.00	0.00	0.00	0.00	0.00	25.40	21.55	0.00	1.03	0.00	0.00
642	15.72	4086	3096	0.78	18	0	0	0	1	1	38	0	8	0	0	0.00	0.00	0.18	0.50	71.11	0.00	11.42	0.00	0.00	19.94	0.00	63.29	1.05	75	0	75	121.74	94.45	0.00	0.00	0.00	0.00	0.00	0.00	0.00	0.00	0.00	0.00	0.00	22.98	20.09	0.00	1.00	0.00	0.00
698	17.09	4087	3096	0.78	49	0	0	0	1	1	21	0	11	0	0	0.00	0.00	0.22	0.70	54.96	0.00	25.64	0.00	0.00	21.08	0.00	56.65	5.17	74	0	74	130.93	94.01	0.00	0.00	0.00	0.00	0.00	0.00	0.00	0.00	0.00	0.00	0.00	24.39	21.27	0.00	1.00	0.00	0.00
709	17.35	4087	3097	0.78	41	0	0	0	1	1	29	0	3	0	0	0.00	0.00	0.10	0.63	74.59	0.00	5.96	0.00	0.00	21.28	0.00	61.38	0.00	74	0	74	132.39	94.21	0.00	0.00	0.00	0.00	0.00	0.00	0.00	0.00	0.00	0.00	0.00	24.14	20.49	0.00	1.01	0.00	0.00
631	16.43	4088	2907	0.74	25	0	0	0	1	1	30	0	23	0	0	0.00	0.00	0.12	0.36	43.89	0.00	33.13	0.00	0.00	13.35	0.00	50.09	20.13	75	0	75	74.69	54.30	0.00	0.00	0.00	0.00	0.00	0.00	0.00	0.00	0.00	0.00	0.00	12.52	11.60	0.00	0.52	0.00	0.00
730	16.53	4088	3346	0.76	65	0	0	0	1	2	20	0	14	0	0	0.00	0.00	0.15	1.48	51.12	0.00	36.11	0.00	0.00	26.55	1.34	52.52	3.05	75	0	75	181.39	143.91	0.00	0.00	0.00	0.00	0.00	0.00	0.00	0.00	0.00	0.00	0.00	34.10	31.96	0.00	1.51	0.00	0.00
729	17.84	4088	3096	0.76	33	0	0	0	1	1	30	0	2	0	0	0.00	0.00	0.15	0.63	74.49	0.00	5.49	0.00	0.00	20.62	0.00	61.53	0.00	74	0	74	130.73	93.69	0.00	0.00	0.00	0.00	0.00	0.00	0.00	0.00	0.00	0.00	0.00	24.58	21.26	0.00	1.01	0.00	0.00
709	17.34	4087	3097	0.79	33	0	0	0	1	1	27	0	6	0	0	0.00	0.00	0.27	0.73	65.67	0.00	14.88	0.00	0.00	20.94	0.00	61.72	0.00	74	0	74	128.16	91.28	0.00	0.00	0.00	0.00	0.00	0.00	0.00	0.00	0.00	0.00	0.00	23.58	20.48	0.00	0.99	0.00	0.00
710	17.30	4091	3106	0.77	33	0	0	0	1	1	24	0	7	0	0	0.00	0.00	0.38	0.68	60.00	0.00	20.86	0.00	0.00	20.93	1.11	54.68	5.98	75	0	75	136.11	97.76	0.00	0.00	0.00	0.00	0.00	0.00	0.00	0.00	0.00	0.00	0.00	23.77	21.27	0.00	1.00	0.00	0.00
644	20.49	4091	2378	0.76	33	0	0	1	0	2	26	0	15	0	0	0.00	0.03	0.00	0.66	37.12	0.00	22.29	0.00	0.00	24.40	0.83	48.33	5.95	75	0	75	92.37	66.12	0.00	0.00	0.00	0.00	0.00	0.00	0.00	0.00	0.00	0.00	0.00	13.08	11.47	0.00	0.54	0.00	0.00
734	13.49	4083	4124	0.76	65	0	0	0	0	1	28	0	15	0	0	0.00	0.00	0.00	0.68	74.52	0.00	38.86	0.00	0.00	19.40	0.84	50.10	16.17	67	0	65	164.20	131.06	0.00	0.00	0.00	0.00	0.00	0.00	0.00	0.00	0.00	0.00	0.00	45.07	35.51	0.00	2.04	0.00	0.00
717	17.47	4091	3104	0.78	33	0	0	1	1	4	31	0	4	0	0	0.00	0.00	0.08	0.90	72.19	0.00	8.10	0.00	0.00	22.16	0.00	58.91	1.46	68	0	67	134.50	93.98	0.00	0.00	0.00	0.00	0.00	0.00	0.00	0.00	0.00	0.00	0.00	24.08	21.14	0.00	0.99	0.00	0.00
767	16.31	4088	3559	0.78	33	0	0	0	0	2	26	0	3	0	0	0.00	0.00	0.00	1.54	83.91	0.00	8.93	0.00	0.00	20.10	1.38	62.21	0.00	68	0	68	148.33	105.93	0.00	0.00	0.00	0.00	0.00	0.00	0.00	0.00	0.00	0.00	0.00	31.34	26.77	0.00	1.32	0.00	0.00
767	18.46	4092	3144	0.78	26	0	0	0	2	1	24	0	1	0	0	0.00	0.00	0.57	0.77	75.76	0.00	4.27	0.00	0.00	22.62	0.00	58.92	0.00	69	0	69	142.73	94.89	0.00	0.00	0.00	0.00	0.00	0.00	0.00	0.00	0.00	0.00	0.00	24.91	22.53	0.00	1.02	0.00	0.00
588	23.70	4092	1876	0.76	26	0	0	0	2	2	37	0	5	0	0	0.00	0.00	0.24	0.18	41.43	0.00	3.34	0.00	0.00	20.11	0.00	55.58	0.62	70	0	70	71.80	47.10	0.00	0.00	0.00	0.00	0.00	0.00	0.00	0.00	0.00	0.00	0.00	7.75	6.68	0.00	0.31	0.00	0.00
758	10.37	4083	5544	0.76	73	0	0	0	2	0	31	0	27	0	0	0.00	0.00	0.35	0.00	83.74	0.00	74.98	0.00	0.00	17.95	0.00	47.67	24.01	71	0	71	152.49	127.51	0.00	0.00	0.00	0.00	0.00	0.00	0.00	0.00	0.00	0.00	0.00	55.58	45.54	0.00	2.51	0.00	0.00
722	17.66	4089	3096	0.77	33	0	0	1	1	0	16	0	17	0	0	0.00	0.03	0.10	0.00	34.11	0.00	46.89	0.00	0.00	20.47	0.00	30.13	31.74	71	0	71	131.23	94.05	0.00	0.00	0.00	0.00	0.00	0.00	0.00	0.00	0.00	0.00	0.00	24.26	21.07	0.00	1.03	0.00	0.00
757	15.92	4087	3601	0.78	33	0	0	0	2	0	27	0	4	0	0	0.00	0.00	0.25	0.00	85.90	0.00	10.32	0.00	0.00	22.58	0.00	61.51	0.00	71	0	71	143.53	102.56	0.00	0.00	0.00	0.00	0.00	0.00	0.00	0.00	0.00	0.00	0.00	29.88	25.92	0.00	1.27	0.00	0.00
743	19.03	3856	3132	0.77	33	0	0	0	1	0	23	0	4	0	0	0.00	0.00	0.10	0.00	69.67	0.00	11.98	0.00	0.00	21.21	0.00	59.76	0.00	70	0	70	145.92	97.46	0.00	0.00	0.00	0.00	0.00	0.00	0.00	0.00	0.00	0.00	0.00	21.53	20.02	0.00	0.97	0.00	0.00
722	21.32	3800	2759	0.76	26	0	0	0	1	1	25	0	4	0	0	0.00	0.00	0.37	0.62	59.30	0.00	9.92	0.00	0.00	21.52	1.19	55.97	0.00	70	0	70	130.85	86.92	0.00	0.00	0.00	0.00	0.00	0.00	0.00	0.00	0.00	0.00	0.00	16.55	14.56	0.00	0.76	0.00	0.00
722	19.01	3800	3093	0.76	33	0	0	1	0	2	28	0	4	0	0	0.00	0.00	0.00	1.23	69.21	0.00	10.58	0.00	0.00	18.91	1.20	60.89	0.00	69	0	70	139.91	99.66	0.00	0.00	0.00	0.00	0.00	0.00	0.00	0.00	0.00	0.00	0.00	21.24	17.86	0.00	1.01	0.00	0.00
716	18.79	3800	3103	0.77	33	0	0	1	1	4	33	0	2	0	0	0.00	0.02	0.10	0.95	74.75	0.00	5.72	0.00	0.00	19.86	0.00	61.35	0.00	70	0	70	141.12	100.18	0.00	0.00	0.00	0.00	0.00	0.00	0.00	0.00	0.00	0.00	0.00	19.83	16.95	0.00	1.01	0.00	0.00
698	18.44	3800	3085	0.78	33	0	0	0	0	2	29	0	3	0	0	0.00	0.00	0.00	1.18	73.39	0.00	6.81	0.00	0.00	19.34	1.22	61.00	0.00	69	0	69	139.83	99.54	0.00	0.00	0.00	0.00	0.00	0.00	0.00	0.00	0.00	0.00	0.00	21.34	17.95	0.00	1.01	0.00	0.00
703	18.43	3800	3107	0.78	33	0	0	0	2	3	32	0	2	0	0	0.00	0.00	0.32	0.87	75.11	0.00	5.70	0.00	0.00	20.35	0.00	61.23	0.00	69	0	69	141.08	100.21	0.00	0.00	0.00	0.00	0.00	0.00	0.00	0.00	0.00	0.00	0.00	20.17	16.92	0.00	1.02	0.00	0.00
696	18.38	3800	3084	0.78	33	0	0	0	0	2	28	0	4	0	0	0.00	0.00	0.00	1.23	70.30	0.00	9.90	0.00	0.00	19.43	1.23	60.96	0.00	69	0	69	139.69	99.44	0.00	0.00	0.00	0.00	0.00	0.00	0.00	0.00	0.00	0.00	0.00	21.03	18.02	0.00	0.99	0.00	0.00
700	18.37	3800	3107	0.78	33	0	0	0	2	3	32	0	2	0	0	0.00	0.00	0.32	0.87	75.18	0.00	5.70	0.00	0.00	20.27	0.00	61.37	0.00	70	0	70	141.03	100.36	0.00	0.00	0.00	0.00	0.00	0.00	0.00	0.00	0.00	0.00	0.00	20.08	16.80	0.00	1.01	0.00	0.00
700	18.47	3800	3086	0.78	33	0	0	0	0	2	30	0	3	0	0	0.00	0.00	0.00	1.23	73.38	0.00	6.81	0.00	0.00	19.47	1.22	60.84	0.00	70	0	70	139.82	99.44	0.00	0.00	0.00	0.00	0.00	0.00	0.00	0.00	0.00	0.00	0.00	20.13	16.98	0.00	1.01	0.00	0.00
702	18.41	3800	3105	0.79	33	0	0	0	2	2	31	0	2	0	0	0.00	0.00	0.47	0.72	75.07	0.00	5.67	0.00	0.00	20.32	0.00	61.28	0.00	70	0	69	141.14	100.20	0.00	0.00	0.00	0.00	0.00	0.00	0.00	0.00	0.00	0.00	0.00	20.24	17.70	0.00	1.01	0.00	0.00
697	18.41	3800	3086	0.77	33	0	0	0	0	2	29	0	4	0	0	0.00	0.00	0.00	1.20	70.29	0.00	9.95	0.00	0.00	19.43	1.18	60.99	0.00	70	0	69	139.48	99.52	0.00	0.00	0.00	0.00	0.00	0.00	0.00	0.00	0.00	0.00	0.00	20.35	16.59	0.00	1.01	0.00	0.00
691	18.44	3800	3055	0.79	33	0	0	1	1	2	30	0	3	0	0	0.00	0.07	0.34	0.70	72.64	0.00	6.86	0.00	0.00	20.33	0.00	61.24	0.00	69	0	70	138.77	98.70	0.00	0.00	0.00	0.00	0.00	0.00	0.00	0.00	0.00	0.00	0.00	19.37	16.83	0.00	0.97	0.00	0.00
696	18.21	3800	3112	0.79	32	0	0	0	1	2	29	0	2	0	0	0.00	0.00	0.12	1.16	74.83	0.00	6.20	0.00	0.00	19.25	0.00	62.54	0.00	70	0	70	140.20	100.41	0.00	0.00	0.00	0.00	0.00	0.00	0.00	0.00	0.00	0.00	0.00	19.94	17.04	0.00	0.99	0.00	0.00
721	18.28	3800	3213	0.77	33	0	0	0	2	2	25	0	7	0	0	0.00	0.00	0.34	1.45	68.48	0.00	14.69	0.00	0.00	19.36	1.60	60.76	0.00	69	0	70	145.30	103.21	0.00	0.00	0.00	0.00	0.00	0.00	0.00	0.00	0.00	0.00	0.00	21.61	18.98	0.00	1.06	0.00	0.00
695	18.78	3800	3013	0.78	33	0	0	0	0	2	27	0	4	0	0	0.00	0.00	0.00	1.38	70.97	0.00	6.80	0.00	0.00	19.78	2.43	57.96	1.05	70	0	70	138.10	97.22	0.00	0.00	0.00	0.00	0.00	0.00	0.00	0.00	0.00	0.00	0.00	21.14	16.64	0.00	1.01	0.00	0.00
702	18.40	3800	3107	0.78	33	0	0	1	1	4	34	0	1	0	0	0.00	0.07	0.10	1.00	78.38	0.00	2.47	0.00	0.00	20.32	0.00	61.28	0.00	70	0	70	141.22	100.24	0.00	0.00	0.00	0.00	0.00	0.00	0.00	0.00	0.00	0.00	0.00	19.97	17.09	0.00	1.01	0.00	0.00
697	18.43	3800	3083	0.78	33	0	0	0	0	2	29	0	3	0	0	0.00	0.00	0.00	1.20	72.62	0.00	7.55	0.00	0.00	19.42	1.22	60.93	0.00	69	0	70	139.50	99.41	0.00	0.00	0.00	0.00	0.00	0.00	0.00	0.00	0.00	0.00	0.00	20.12	17.26	0.00	0.99	0.00	0.00
701	18.37	3800	3110	0.78	33	0	0	0	2	3	31	0	3	0	0	0.00	0.00	0.33	0.88	72.11	0.00	8.83	0.00	0.00	20.29	0.00	61.34	0.00	70	0	70	140.86	100.29	0.00	0.00	0.00	0.00	0.00	0.00	0.00	0.00	0.00	0.00	0.00	20.53	17.16	0.00	1.01	0.00	0.00
697	18.42	3800	3082	0.78	33	0	0	0	0	2	29	0	3	0	0	0.00	0.00	0.00	1.22	73.31	0.00	6.80	0.00	0.00	19.31	1.24	61.03	0.00	70	0	70	139.51	99.45	0.00	0.00	0.00	0.00	0.00	0.00	0.00	0.00	0.00	0.00	0.00	20.35	17.05	0.00	1.02	0.00	0.00
701	18.36	3800	3108	0.78	33	0	0	0	2	3	32	0	2	0	0	0.00	0.00	0.32	0.87	75.18	0.00	5.70	0.00	0.00	20.25	0.00	61.39	0.00	70	0	70	140.90	100.28	0.00	0.00	0.00	0.00	0.00	0.00	0.00	0.00	0.00	0.00	0.00	20.55	17.16	0.00	1.01	0.00	0.00
696	18.39	3800	3085	0.78	33	0	0	0	0	2	29	0	3	0	0	0.00	0.00	0.00	1.23	72.65	0.00	7.58	0.00	0.00	19.43	1.21	60.96	0.00	69	0	70	139.53	99.53	0.00	0.00	0.00	0.00	0.00	0.00	0.00	0.00	0.00	0.00	0.00	19.84	17.01	0.00	1.01	0.00	0.00
701	18.36	3800	3110	0.78	33	0	0	0	2	3	31	0	3	0	0	0.00	0.00	0.33	0.88	72.13	0.00	8.83	0.00	0.00	20.30	0.00	61.34	0.00	70	0	70	140.83	100.24	0.00	0.00	0.00	0.00	0.00	0.00	0.00	0.00	0.00	0.00	0.00	20.68	17.76	0.00	0.99	0.00	0.00
702	18.32	3843	3087	0.78	33	0	0	0	0	2	29	0	3	0	0	0.00	0.00	0.00	1.20	73.54	0.00	6.77	0.00	0.00	19.57	1.23	60.88	0.00	70	0	70	139.19	99.15	0.00	0.00	0.00	0.00	0.00	0.00	0.00	0.00	0.00	0.00	0.00	20.77	17.09	0.00	1.01	0.00	0.00
707	17.27	4052	3128	0.78	33	0	0	0	2	5	29	0	5	0	0	0.00	0.00	0.20	1.13	68.59	0.00	12.30	0.00	0.00	21.44	0.00	57.55	3.74	71	0	71	135.32	96.42	0.00	0.00	0.00	0.00	0.00	0.00	0.00	0.00	0.00	0.00	0.00	23.03	20.53	0.00	1.01	0.00	0.00
697	17.20	4091	3067	0.77	33	0	0	0	0	2	30	0	3	0	0	0.00	0.00	0.00	1.24	72.91	0.00	6.69	0.00	0.00	20.93	1.33	60.54	0.00	72	0	72	130.24	93.14	0.00	0.00	0.00	0.00	0.00	0.00	0.00	0.00	0.00	0.00	0.00	24.14	20.44	0.00	1.00	0.00	0.00
699	17.17	4090	3081	0.80	33	0	0	0	2	2	31	0	2	0	0	0.00	0.00	0.51	0.76	73.98	0.00	5.63	0.00	0.00	22.29	0.00	60.54	0.00	72	0	72	130.24	93.03	0.00	0.00	0.00	0.00	0.00	0.00	0.00	0.00	0.00	0.00	0.00	22.89	20.42	0.00	0.98	0.00	0.00
696	17.08	4090	3084	0.93	33	0	1	0	1	2	27	0	4	0	0	0.07	0.00	0.24	1.24	69.40	0.00	10.43	0.00	0.00	20.98	0.00	61.95	0.00	72	0	72	130.58	93.57	0.00	0.00	0.00	0.00	0.00	0.00	0.00	0.00	0.00	0.00	0.00	23.89	21.25	0.00	0.98	0.00	0.00
719	17.00	4085	3206	0.92	33	0	0	0	2	1	28	0	4	0	0	0.00	0.00	0.57	0.47	73.74	0.00	9.80	0.00	0.00	21.16	0.00	55.81	6.03	73	0	72	135.14	96.64	0.00	0.00	0.00	0.00	0.00	0.00	0.00	0.00	0.00	0.00	0.00	25.61	22.92	0.00	1.06	0.00	0.00
702	17.43	4088	3052	0.92	34	0	0	0	1	8	32	0	2	0	0	0.00	0.00	0.15	1.07	73.64	0.00	5.18	0.00	0.00	22.81	0.00	59.76	0.00	74	0	73	131.93	93.33	0.00	0.00	0.00	0.00	0.00	0.00	0.00	0.00	0.00	0.00	0.00	25.15	20.81	0.00	1.02	0.00	0.00
700	17.36	4089	3053	0.93	33	0	0	0	2	3	28	0	5	0	0	0.00	0.00	0.61	0.49	65.13	0.00	13.63	0.00	0.00	22.32	0.00	50.67	9.65	73	0	73	130.77	92.35	0.00	0.00	0.00	0.00	0.00	0.00	0.00	0.00	0.00	0.00	0.00	24.68	21.39	0.00	0.99	0.00	0.00
702	17.11	4091	3106	0.92	33	0	0	1	1	2	28	0	3	0	0	0.00	0.00	0.35	1.37	71.19	0.00	8.93	0.00	0.00	21.21	0.00	61.68	0.00	73	0	73	131.58	94.27	0.00	0.00	0.00	0.00	0.00	0.00	0.00	0.00	0.00	0.00	0.00	23.97	21.35	0.00	1.00	0.00	0.00
705	17.03	4090	3133	0.93	32	0	0	0	2	1	28	0	3	0	0	0.00	0.00	0.55	0.83	72.49	0.00	8.67	0.00	0.00	21.29	0.00	61.68	0.00	73	0	73	132.72	94.86	0.00	0.00	0.00	0.00	0.00	0.00	0.00	0.00	0.00	0.00	0.00	25.20	22.18	0.00	1.01	0.00	0.00
703	17.31	4089	3074	0.93	33	0	0	0	2	2	27	0	5	0	0	0.00	0.00	0.43	0.38	67.13	0.00	12.62	0.00	0.00	22.11	0.00	56.56	4.02	73	0	73	130.90	92.90	0.00	0.00	0.00	0.00	0.00	0.00	0.00	0.00	0.00	0.00	0.00	24.22	20.84	0.00	1.02	0.00	0.00
708	17.07	4091	3139	0.92	33	0	0	0	2	0	26	0	6	0	0	0.00	0.00	0.66	0.00	65.85	0.00	16.33	0.00	0.00	21.02	0.00	57.70	4.20	73	0	74	133.76	95.22	0.00	0.00	0.00	0.00	0.00	0.00	0.00	0.00	0.00	0.00	0.00	25.48	22.56	0.00	1.01	0.00	0.00
696	17.51	4089	3011	0.93	33	0	0	0	1	1	29	0	3	0	0	0.00	0.00	0.24	0.78	71.97	0.00	5.88	0.00	0.00	21.44	1.36	59.69	0.00	73	0	73	128.93	91.38	0.00	0.00	0.00	0.00	0.00	0.00	0.00	0.00	0.00	0.00	0.00	24.44	20.38	0.00	1.00	0.00	0.00
706	16.81	4091	3176	0.92	33	0	0	0	2	1	27	0	5	0	0	0.00	0.00	0.51	0.69	68.15	0.00	14.73	0.00	0.00	21.10	0.00	57.89	4.20	73	0	73	134.30	96.60	0.00	0.00	0.00	0.00	0.00	0.00	0.00	0.00	0.00	0.00	0.00	24.20	22.05	0.00	1.03	0.00	0.00
697	17.36	4089	3041	0.93	33	0	0	0	1	1	26	0	6	0	0	0.00	0.00	0.22	0.71	65.06	0.00	13.63	0.00	0.00	21.26	1.22	56.62	3.55	73	0	73	128.94	91.54	0.00	0.00	0.00	0.00	0.00	0.00	0.00	0.00	0.00	0.00	0.00	25.03	21.05	0.00	0.98	0.00	0.00
704	17.01	4090	3133	0.93	33	0	0	0	2	1	27	0	5	0	0	0.00	0.00	0.45	0.58	67.79	0.00	13.80	0.00	0.00	21.28	0.00	61.70	0.00	73	0	73	132.53	94.84	0.00	0.00	0.00	0.00	0.00	0.00	0.00	0.00	0.00	0.00	0.00	24.15	21.66	0.00	1.01	0.00	0.00
698	17.20	4090	3073	0.93	33	0	0	0	2	3	30	0	3	0	0	0.00	0.00	0.47	0.45	72.09	0.00	7.70	0.00	0.00	21.84	0.00	57.10	3.86	73	0	73	131.06	93.19	0.00	0.00	0.00	0.00	0.00	0.00	0.00	0.00	0.00	0.00	0.00	25.37	21.72	0.00	1.02	0.00	0.00
712	17.15	4090	3141	0.92	33	0	0	0	1	2	29	0	2	0	0	0.00	0.00	0.31	1.37	76.60	0.00	4.48	0.00	0.00	21.21	0.00	61.63	0.00	73	0	73	134.20	95.25	0.00	0.00	0.00	0.00	0.00	0.00	0.00	0.00	0.00	0.00	0.00	24.54	22.23	0.00	1.02	0.00	0.00
702	17.42	4088	3053	0.93	36	0	0	0	2	1	32	0	3	0	0	0.00	0.00	0.60	0.75	71.13	0.00	7.30	0.00	0.00	23.41	1.28	54.36	3.53	73	0	73	131.47	91.23	0.00	0.00	0.00	0.00	0.00	0.00	0.00	0.00	0.00	0.00	0.00	25.72	21.22	0.00	1.00	0.00	0.00
699	17.13	4091	3088	0.94	33	0	0	0	2	5	30	0	4	0	0	0.00	0.00	0.20	1.06	69.35	0.00	10.73	0.00	0.00	21.93	0.00	57.18	3.76	73	0	73	131.38	93.63	0.00	0.00	0.00	0.00	0.00	0.00	0.00	0.00	0.00	0.00	0.00	24.25	22.00	0.00	0.98	0.00	0.00
702	17.14	4090	3100	0.92	33	0	0	0	1	2	29	0	2	0	0	0.00	0.00	0.37	1.35	74.34	0.00	5.73	0.00	0.00	21.10	0.00	61.76	0.00	74	0	73	132.17	94.63	0.00	0.00	0.00	0.00	0.00	0.00	0.00	0.00	0.00	0.00	0.00	24.25	21.23	0.00	1.02	0.00	0.00
708	17.15	4089	3125	0.93	33	0	0	0	2	4	32	0	1	0	0	0.00	0.00	0.60	1.50	78.41	0.00	1.68	0.00	0.00	21.98	0.00	60.87	0.00	73	0	73	132.93	94.52	0.00	0.00	0.00	0.00	0.00	0.00	0.00	0.00	0.00	0.00	0.00	24.85	21.89	0.00	1.01	0.00	0.00
701	17.23	4089	3079	0.92	33	0	0	0	2	0	30	0	2	0	0	0.00	0.00	0.58	0.00	76.82	0.00	3.61	0.00	0.00	21.79	0.00	60.98	0.00	73	0	73	131.04	93.21	0.00	0.00	0.00	0.00	0.00	0.00	0.00	0.00	0.00	0.00	0.00	24.20	20.80	0.00	1.01	0.00	0.00
707	17.10	4090	3128	0.92	33	0	0	0	2	0	28	0	4	0	0	0.00	0.00	0.69	0.00	70.26	0.00	11.32	0.00	0.00	21.22	0.00	57.51	4.16	73	0	74	133.08	94.86	0.00	0.00	0.00	0.00	0.00	0.00	0.00	0.00	0.00	0.00	0.00	25.14	22.23	0.00	1.01	0.00	0.00
697	17.43	4089	3028	0.93	33	0	0	0	1	1	27	0	5	0	0	0.00	0.00	0.27	0.74	68.11	0.00	10.34	0.00	0.00	21.29	1.26	56.63	3.39	73	0	73	129.01	91.62	0.00	0.00	0.00	0.00	0.00	0.00	0.00	0.00	0.00	0.00	0.00	23.74	19.81	0.00	0.99	0.00	0.00
620	21.49	4091	2185	0.94	33	0	0	0	2	1	29	0	10	0	0	0.00	0.00	0.24	0.33	39.89	0.00	13.81	0.00	0.00	16.78	0.00	56.36	5.37	73	0	73	98.38	70.55	0.00	0.00	0.00	0.00	0.00	0.00	0.00	0.00	0.00	0.00	0.00	12.82	11.52	0.00	0.53	0.00	0.00
719	11.51	4085	4731	0.90	57	0	0	0	1	0	27	0	23	0	3	0.00	0.00	0.24	0.00	68.24	0.00	61.24	0.00	4.32	21.91	0.00	42.95	23.63	73	0	74	139.49	113.29	0.00	0.00	0.00	0.00	0.00	0.00	0.00	0.00	0.00	0.00	0.00	45.08	37.32	0.00	1.91	0.00	0.00
709	16.72	4091	3208	0.93	40	0	0	0	1	1	21	0	12	0	0	0.00	0.00	0.36	0.76	53.02	0.00	31.17	0.00	0.00	20.66	1.23	55.85	5.55	73	0	73	135.43	98.29	0.00	0.00	0.00	0.00	0.00	0.00	0.00	0.00	0.00	0.00	0.00	24.31	22.96	0.00	1.02	0.00	0.00
621	21.98	4090	2139	0.93	33	0	0	0	1	1	28	0	11	0	0	0.00	0.00	0.18	0.41	37.62	0.00	14.44	0.00	0.00	16.52	0.95	48.21	12.34	73	0	74	95.48	68.05	0.00	0.00	0.00	0.00	0.00	0.00	0.00	0.00	0.00	0.00	0.00	12.42	10.64	0.00	0.51	0.00	0.00
721	11.46	4088	4763	0.91	55	0	0	0	1	1	27	0	20	0	2	0.00	0.00	0.09	0.54	68.65	0.00	50.85	0.00	14.87	21.52	0.00	46.71	20.30	73	0	74	140.44	114.19	0.00	0.00	0.00	0.00	0.00	0.00	0.00	0.00	0.00	0.00	0.00	44.05	36.98	0.00	1.90	0.00	0.00
704	16.63	4091	3201	0.92	39	0	0	0	1	2	22	0	12	0	0	0.00	0.00	0.25	0.84	51.69	0.00	32.28	0.00	0.00	20.87	1.15	44.28	17.06	73	0	74	134.49	97.66	0.00	0.00	0.00	0.00	0.00	0.00	0.00	0.00	0.00	0.00	0.00	24.45	22.65	0.00	1.02	0.00	0.00
634	22.16	4090	2164	0.94	33	0	0	0	1	5	37	0	4	0	0	0.00	0.00	0.05	0.46	48.72	0.00	4.04	0.00	0.00	16.93	0.00	59.89	1.02	73	0	74	96.98	68.74	0.00	0.00	0.00	0.00	0.00	0.00	0.00	0.00	0.00	0.00	0.00	12.94	11.27	0.00	0.52	0.00	0.00
736	11.72	4085	4756	0.90	57	0	0	1	1	1	30	0	16	0	3	0.00	0.00	0.15	0.47	78.62	0.00	49.25	0.00	6.20	20.07	0.00	48.16	20.05	74	0	74	146.53	118.82	0.00	0.00	0.00	0.00	0.00	0.00	0.00	0.00	0.00	0.00	0.00	46.06	37.74	0.00	2.01	0.00	0.00
722	17.57	4089	3113	0.92	32	0	0	1	1	0	17	0	16	0	0	0.00	0.02	0.15	0.00	38.78	0.00	42.77	0.00	0.00	20.73	0.00	30.45	31.25	74	0	74	132.47	94.63	0.00	0.00	0.00	0.00	0.00	0.00	0.00	0.00	0.00	0.00	0.00	25.48	22.31	0.00	1.01	0.00	0.00
706	17.31	4089	3086	0.93	34	0	0	1	1	0	28	0	5	0	0	0.00	0.05	0.10	0.00	72.47	0.00	8.61	0.00	0.00	21.55	0.00	59.26	1.88	74	0	74	131.90	93.92	0.00	0.00	0.00	0.00	0.00	0.00	0.00	0.00	0.00	0.00	0.00	24.40	21.27	0.00	1.01	0.00	0.00
708	17.25	4089	3109	0.93	33	0	0	0	2	0	26	0	7	0	0	0.00	0.00	0.18	0.00	64.38	0.00	17.42	0.00	0.00	20.95	0.00	59.67	2.13	74	0	74	132.20	94.25	0.00	0.00	0.00	0.00	0.00	0.00	0.00	0.00	0.00	0.00	0.00	25.79	22.61	0.00	1.01	0.00	0.00
704	17.29	4088	3086	0.93	33	0	0	1	1	0	30	0	3	0	0	0.00	0.05	0.15	0.00	74.09	0.00	6.97	0.00	0.00	21.46	0.00	61.26	0.00	74	0	74	132.13	93.84	0.00	0.00	0.00	0.00	0.00	0.00	0.00	0.00	0.00	0.00	0.00	25.36	22.22	0.00	1.02	0.00	0.00
711	17.34	4088	3104	0.93	33	0	0	0	2	0	27	0	6	0	0	0.00	0.00	0.20	0.00	67.31	0.00	14.29	0.00	0.00	21.34	0.00	59.33	2.00	74	0	74	132.71	94.14	0.00	0.00	0.00	0.00	0.00	0.00	0.00	0.00	0.00	0.00	0.00	24.31	21.16	0.00	0.99	0.00	0.00
706	17.35	4088	3081	0.92	33	0	0	1	1	0	27	0	6	0	0	0.00	0.05	0.12	0.00	66.90	0.00	14.16	0.00	0.00	21.12	0.00	59.68	1.85	74	0	74	131.86	94.05	0.00	0.00	0.00	0.00	0.00	0.00	0.00	0.00	0.00	0.00	0.00	25.91	22.73	0.00	1.01	0.00	0.00
697	17.19	4087	3071	0.93	33	0	0	1	1	0	31	0	3	0	0	0.00	0.02	0.15	0.00	74.05	0.00	6.87	0.00	0.00	21.06	0.00	61.75	0.00	74	0	74	131.76	93.79	0.00	0.00	0.00	0.00	0.00	0.00	0.00	0.00	0.00	0.00	0.00	23.65	21.03	0.00	0.99	0.00	0.00
724	17.28	4089	3171	0.90	33	0	0	1	0	0	27	0	9	0	0	0.00	0.02	0.00	0.00	65.78	0.00	17.65	0.00	0.00	22.94	0.00	57.46	2.32	74	0	74	125.49	89.96	0.00	0.00	0.00	0.00	0.00	0.00	0.00	0.00	0.00	0.00	0.00	24.70	22.01	0.00	0.97	0.00	0.00
719	17.12	4089	3180	0.92	41	0	0	0	0	2	30	0	3	0	0	0.00	0.00	0.00	1.40	77.06	0.00	5.32	0.00	0.00	20.10	2.29	56.84	3.65	74	0	74	133.97	96.43	0.00	0.00	0.00	0.00	0.00	0.00	0.00	0.00	0.00	0.00	0.00	24.23	22.33	0.00	1.01	0.00	0.00
781	16.69	4088	3545	0.90	35	0	0	0	0	2	24	0	5	0	0	0.00	0.00	0.00	1.66	79.65	0.00	12.34	0.00	0.00	19.58	1.53	60.89	1.30	74	0	74	148.10	105.65	0.00	0.00	0.00	0.00	0.00	0.00	0.00	0.00	0.00	0.00	0.00	32.78	28.13	0.00	1.33	0.00	0.00
660	19.90	4092	2510	0.94	26	0	0	0	2	1	27	0	4	0	0	0.00	0.00	0.38	0.48	54.02	0.00	8.79	0.00	0.00	24.40	0.00	55.70	0.00	74	0	73	108.23	71.73	0.00	0.00	0.00	0.00	0.00	0.00	0.00	0.00	0.00	0.00	0.00	15.85	14.34	0.00	0.60	0.00	0.00
706	15.55	4089	3441	0.92	42	0	0	0	2	4	31	0	7	0	0	0.00	0.00	0.40	0.50	75.87	0.00	15.73	0.00	0.00	19.95	0.00	54.65	9.85	73	0	74	138.66	103.99	0.00	0.00	0.00	0.00	0.00	0.00	0.00	0.00	0.00	0.00	0.00	29.08	25.00	0.00	1.24	0.00	0.00
713	17.09	4091	3158	0.92	34	0	0	1	1	2	27	0	4	0	0	0.00	0.03	0.25	1.43	70.53	0.00	11.01	0.00	0.00	21.15	0.00	61.76	0.00	73	0	74	135.18	96.20	0.00	0.00	0.00	0.00	0.00	0.00	0.00	0.00	0.00	0.00	0.00	26.08	23.09	0.00	1.04	0.00	0.00
765	16.34	4088	3548	0.92	33	0	0	0	1	1	24	0	5	0	0	0.00	0.00	0.30	1.00	80.53	0.00	12.41	0.00	0.00	20.33	1.46	56.44	5.43	74	0	74	148.80	105.40	0.00	0.00	0.00	0.00	0.00	0.00	0.00	0.00	0.00	0.00	0.00	32.25	27.30	0.00	1.34	0.00	0.00
664	20.18	4092	2491	0.94	25	0	0	0	2	5	31	0	2	0	0	0.00	0.00	0.18	0.88	57.30	0.00	4.60	0.00	0.00	25.01	0.00	54.81	0.00	73	0	73	108.18	70.67	0.00	0.00	0.00	0.00	0.00	0.00	0.00	0.00	0.00	0.00	0.00	15.62	14.16	0.00	0.59	0.00	0.00
701	15.31	4089	3467	0.92	42	0	0	0	0	2	30	0	6	0	0	0.00	0.00	0.00	1.20	79.94	0.00	12.43	0.00	0.00	19.13	1.12	60.28	4.16	74	0	74	138.52	104.31	0.00	0.00	0.00	0.00	0.00	0.00	0.00	0.00	0.00	0.00	0.00	29.46	25.41	0.00	1.27	0.00	0.00
706	17.27	4089	3096	0.93	34	0	0	0	1	2	29	0	3	0	0	0.00	0.00	0.10	1.25	73.01	0.00	7.01	0.00	0.00	21.27	1.07	60.39	0.00	74	0	74	132.68	94.18	0.00	0.00	0.00	0.00	0.00	0.00	0.00	0.00	0.00	0.00	0.00	25.36	21.82	0.00	1.00	0.00	0.00
693	17.27	4090	3039	0.94	33	0	0	1	0	2	29	0	3	0	0	0.00	0.07	0.00	1.20	70.05	0.00	8.42	0.00	0.00	21.40	1.18	60.16	0.00	73	0	74	128.58	91.58	0.00	0.00	0.00	0.00	0.00	0.00	0.00	0.00	0.00	0.00	0.00	24.28	21.21	0.00	0.98	0.00	0.00
719	16.87	4089	3225	0.92	32	0	0	1	0	2	28	0	3	0	0	0.00	0.05	0.00	1.18	74.40	0.00	9.66	0.00	0.00	20.36	0.00	62.78	0.00	73	0	75	136.57	97.68	0.00	0.00	0.00	0.00	0.00	0.00	0.00	0.00	0.00	0.00	0.00	24.98	22.72	0.00	1.04	0.00	0.00
696	17.43	4089	3024	0.93	34	0	0	0	1	1	27	0	5	0	0	0.00	0.00	0.12	0.77	66.71	0.00	11.56	0.00	0.00	21.59	1.33	50.13	9.52	74	0	74	129.52	91.49	0.00	0.00	0.00	0.00	0.00	0.00	0.00	0.00	0.00	0.00	0.00	25.19	20.74	0.00	1.00	0.00	0.00
702	17.17	4090	3095	0.93	33	0	0	0	2	4	31	0	4	0	0	0.00	0.00	0.25	1.01	69.91	0.00	10.15	0.00	0.00	22.18	0.00	60.65	0.00	74	0	74	131.17	93.59	0.00	0.00	0.00	0.00	0.00	0.00	0.00	0.00	0.00	0.00	0.00	23.57	21.46	0.00	0.99	0.00	0.00
698	17.03	4090	3103	0.93	34	0	0	0	1	2	29	0	2	0	0	0.00	0.00	0.37	1.34	74.32	0.00	5.74	0.00	0.00	21.30	0.00	61.67	0.00	74	0	74	131.52	94.33	0.00	0.00	0.00	0.00	0.00	0.00	0.00	0.00	0.00	0.00	0.00	24.55	21.25	0.00	1.00	0.00	0.00
706	17.07	4089	3133	0.93	33	0	0	0	2	1	27	0	4	0	0	0.00	0.00	0.53	0.83	69.56	0.00	11.42	0.00	0.00	21.36	0.00	51.35	10.23	74	0	74	132.73	94.70	0.00	0.00	0.00	0.00	0.00	0.00	0.00	0.00	0.00	0.00	0.00	24.48	21.63	0.00	1.02	0.00	0.00
702	17.37	4089	3059	0.93	33	0	0	0	2	1	30	0	3	0	0	0.00	0.00	0.45	0.12	73.63	0.00	6.01	0.00	0.00	21.82	0.00	56.96	3.85	74	0	74	130.69	92.85	0.00	0.00	0.00	0.00	0.00	0.00	0.00	0.00	0.00	0.00	0.00	23.86	20.50	0.00	1.01	0.00	0.00
703	17.07	4090	3116	0.93	34	0	0	0	1	1	28	0	4	0	0	0.00	0.00	0.30	0.42	70.64	0.00	10.61	0.00	0.00	21.11	0.00	61.82	0.00	74	0	74	132.08	94.28	0.00	0.00	0.00	0.00	0.00	0.00	0.00	0.00	0.00	0.00	0.00	24.67	21.57	0.00	1.01	0.00	0.00
698	17.14	4090	3081	0.93	34	0	0	0	2	2	28	0	4	0	0	0.00	0.00	0.50	0.37	70.41	0.00	9.76	0.00	0.00	21.56	0.00	61.29	0.00	74	0	75	130.82	93.41	0.00	0.00	0.00	0.00	0.00	0.00	0.00	0.00	0.00	0.00	0.00	23.96	20.83	0.00	0.99	0.00	0.00
705	17.12	4090	3119	0.92	33	0	0	0	2	1	28	0	3	0	0	0.00	0.00	0.60	0.88	72.26	0.00	8.12	0.00	0.00	21.40	0.00	57.23	4.25	74	0	74	132.55	94.35	0.00	0.00	0.00	0.00	0.00	0.00	0.00	0.00	0.00	0.00	0.00	25.00	22.07	0.00	1.02	0.00	0.00
698	17.20	4089	3074	0.93	33	0	0	0	2	2	26	0	6	0	0	0.00	0.00	0.47	0.40	66.11	0.00	13.78	0.00	0.00	21.67	0.00	53.53	7.60	74	0	74	130.58	93.07	0.00	0.00	0.00	0.00	0.00	0.00	0.00	0.00	0.00	0.00	0.00	23.79	20.41	0.00	0.99	0.00	0.00
714	17.15	4090	3150	0.92	34	0	0	0	2	1	27	0	4	0	0	0.00	0.00	0.61	0.90	70.96	0.00	10.32	0.00	0.00	21.45	0.00	55.47	5.93	74	0	74	134.70	95.52	0.00	0.00	0.00	0.00	0.00	0.00	0.00	0.00	0.00	0.00	0.00	25.45	22.49	0.00	1.03	0.00	0.00
694	17.42	4088	3016	0.94	33	0	0	0	1	1	26	0	6	0	0	0.00	0.00	0.20	0.76	65.96	0.00	12.02	0.00	0.00	21.65	1.32	55.03	4.57	74	0	74	128.38	90.84	0.00	0.00	0.00	0.00	0.00	0.00	0.00	0.00	0.00	0.00	0.00	24.24	20.06	0.00	0.99	0.00	0.00
704	16.88	4091	3155	0.93	34	0	0	0	2	1	26	0	6	0	0	0.00	0.00	0.45	0.63	66.11	0.00	16.18	0.00	0.00	21.55	0.00	57.46	4.11	74	0	74	133.58	95.55	0.00	0.00	0.00	0.00	0.00	0.00	0.00	0.00	0.00	0.00	0.00	24.30	22.34	0.00	1.01	0.00	0.00
700	17.35	4089	3054	0.93	34	0	0	0	2	4	31	0	3	0	0	0.00	0.00	0.35	0.49	71.47	0.00	7.55	0.00	0.00	22.18	0.00	56.69	3.77	74	0	74	130.53	92.45	0.00	0.00	0.00	0.00	0.00	0.00	0.00	0.00	0.00	0.00	0.00	24.69	21.30	0.00	1.00	0.00	0.00
706	17.09	4090	3125	0.93	34	0	0	0	1	2	28	0	3	0	0	0.00	0.00	0.25	1.35	72.99	0.00	7.60	0.00	0.00	21.32	0.00	61.59	0.00	74	0	74	132.96	94.73	0.00	0.00	0.00	0.00	0.00	0.00	0.00	0.00	0.00	0.00	0.00	24.60	21.70	0.00	1.01	0.00	0.00
708	17.19	4090	3119	0.92	34	0	0	0	2	1	28	0	3	0	0	0.00	0.00	0.56	0.90	72.53	0.00	8.06	0.00	0.00	21.54	0.00	57.14	4.13	74	0	74	132.91	94.49	0.00	0.00	0.00	0.00	0.00	0.00	0.00	0.00	0.00	0.00	0.00	25.78	22.25	0.00	1.03	0.00	0.00
770	16.36	4087	3565	0.92	34	0	0	0	1	1	24	0	5	0	0	0.00	0.00	0.40	0.89	80.32	0.00	12.74	0.00	0.00	20.60	1.30	56.05	5.69	74	0	74	150.04	106.25	0.00	0.00	0.00	0.00	0.00	0.00	0.00	0.00	0.00	0.00	0.00	32.67	27.90	0.00	1.33	0.00	0.00
659	20.18	4093	2471	0.94	26	0	0	1	0	2	27	0	4	0	0	0.00	0.02	0.00	0.96	53.21	0.00	8.46	0.00	0.00	23.70	1.18	54.94	0.00	74	0	74	106.78	70.17	0.00	0.00	0.00	0.00	0.00	0.00	0.00	0.00	0.00	0.00	0.00	15.06	13.36	0.00	0.60	0.00	0.00
705	15.29	4090	3490	0.92	41	0	0	0	1	2	30	0	6	0	0	0.00	0.00	0.10	1.22	80.09	0.00	12.91	0.00	0.00	19.34	0.95	59.97	4.46	74	0	74	139.50	104.67	0.00	0.00	0.00	0.00	0.00	0.00	0.00	0.00	0.00	0.00	0.00	29.85	26.33	0.00	1.25	0.00	0.00
768	16.17	4088	3596	0.91	34	0	0	1	0	2	25	0	4	0	0	0.00	0.00	0.00	1.62	80.64	0.00	13.33	0.00	0.00	20.21	1.41	62.22	0.00	74	0	74	149.37	106.23	0.00	0.00	0.00	0.00	0.00	0.00	0.00	0.00	0.00	0.00	0.00	33.41	28.31	0.00	1.34	0.00	0.00
658	20.21	4091	2466	0.95	27	0	0	0	2	3	32	0	1	0	0	0.00	0.00	0.25	0.66	59.31	0.00	2.00	0.00	0.00	24.77	0.00	55.02	0.00	73	0	74	106.43	69.71	0.00	0.00	0.00	0.00	0.00	0.00	0.00	0.00	0.00	0.00	0.00	14.94	13.20	0.00	0.59	0.00	0.00
710	15.10	4088	3560	0.92	40	0	0	0	1	2	32	0	3	0	0	0.00	0.00	0.10	1.10	85.88	0.00	9.22	0.00	0.00	19.09	0.00	65.80	0.00	74	0	74	140.93	106.21	0.00	0.00	0.00	0.00	0.00	0.00	0.00	0.00	0.00	0.00	0.00	30.99	27.60	0.00	1.28	0.00	0.00
705	17.28	4089	3087	0.93	34	0	0	0	2	1	26	0	5	0	0	0.00	0.00	0.45	0.80	68.85	0.00	10.70	0.00	0.00	21.73	1.45	53.55	5.99	74	0	74	131.63	93.34	0.00	0.00	0.00	0.00	0.00	0.00	0.00	0.00	0.00	0.00	0.00	24.65	21.64	0.00	1.01	0.00	0.00
700	17.27	4090	3066	0.92	33	0	0	0	2	3	29	0	4	0	0	0.00	0.00	0.42	0.42	70.59	0.00	9.04	0.00	0.00	21.64	0.00	57.24	3.85	74	0	74	130.86	93.27	0.00	0.00	0.00	0.00	0.00	0.00	0.00	0.00	0.00	0.00	0.00	25.16	21.27	0.00	1.02	0.00	0.00
707	17.11	4090	3128	0.92	33	0	0	0	1	2	27	0	4	0	0	0.00	0.00	0.25	1.33	70.05	0.00	10.66	0.00	0.00	21.06	0.00	61.83	0.00	73	0	73	132.74	94.58	0.00	0.00	0.00	0.00	0.00	0.00	0.00	0.00	0.00	0.00	0.00	24.28	21.81	0.00	0.99	0.00	0.00
700	17.19	4086	3086	0.92	35	0	0	0	3	1	32	0	1	0	0	0.00	0.00	0.87	0.62	78.20	0.00	0.92	0.00	0.00	22.40	1.13	59.27	0.00	73	0	74	131.08	92.90	0.00	0.00	0.00	0.00	0.00	0.00	0.00	0.00	0.00	0.00	0.00	24.73	21.14	0.00	1.01	0.00	0.00
707	17.24	4087	3104	0.92	36	0	0	0	3	0	29	0	3	0	0	0.00	0.00	0.73	0.00	71.46	0.00	8.95	0.00	0.00	22.47	0.00	60.29	0.00	74	0	74	132.44	93.43	0.00	0.00	0.00	0.00	0.00	0.00	0.00	0.00	0.00	0.00	0.00	24.77	21.73	0.00	1.02	0.00	0.00
699	17.23	4090	3070	0.92	33	0	0	0	2	1	30	0	3	0	0	0.00	0.00	0.50	0.13	71.86	0.00	8.25	0.00	0.00	21.47	0.00	61.31	0.00	74	0	74	132.37	94.40	0.00	0.00	0.00	0.00	0.00	0.00	0.00	0.00	0.00	0.00	0.00	24.82	21.70	0.00	1.00	0.00	0.00
704	17.19	4089	3101	0.93	34	0	0	0	1	2	32	0	2	0	0	0.00	0.00	0.27	0.52	74.55	0.00	5.69	0.00	0.00	22.60	0.00	60.21	0.00	73	0	74	130.35	92.19	0.00	0.00	0.00	0.00	0.00	0.00	0.00	0.00	0.00	0.00	0.00	24.74	21.51	0.00	1.00	0.00	0.00
626	21.77	4091	2178	0.93	34	0	0	0	2	1	30	0	8	0	0	0.00	0.00	0.37	0.46	43.10	0.00	10.01	0.00	0.00	16.74	0.00	56.48	5.01	74	0	74	97.86	69.76	0.00	0.00	0.00	0.00	0.00	0.00	0.00	0.00	0.00	0.00	0.00	12.75	11.16	0.00	0.53	0.00	0.00
709	11.49	4086	4677	0.91	58	0	0	0	2	0	27	0	23	0	0	0.00	0.00	0.37	0.00	69.21	0.00	63.07	0.00	0.00	20.26	0.00	47.90	20.35	74	0	74	145.59	117.91	0.00	0.00	0.00	0.00	0.00	0.00	0.00	0.00	0.00	0.00	0.00	47.68	39.27	0.00	1.97	0.00	0.00
705	17.03	4088	3133	0.92	33	0	0	0	1	0	27	0	9	0	0	0.00	0.00	0.07	0.00	63.61	0.00	18.97	0.00	0.00	23.47	0.00	57.37	2.12	74	0	74	123.85	88.70	0.00	0.00	0.00	0.00	0.00	0.00	0.00	0.00	0.00	0.00	0.00	22.70	20.20	0.00	0.95	0.00	0.00
723	17.00	4090	3218	0.92	41	0	0	0	1	1	28	0	4	0	0	0.00	0.00	0.28	0.85	72.54	0.00	11.29	0.00	0.00	20.04	1.43	57.44	4.09	73	0	74	135.64	98.63	0.00	0.00	0.00	0.00	0.00	0.00	0.00	0.00	0.00	0.00	0.00	24.89	23.67	0.00	1.01	0.00	0.00
709	17.44	4089	3080	0.91	34	0	0	0	2	3	26	0	7	0	0	0.00	0.00	0.40	0.42	63.30	0.00	16.32	0.00	0.00	21.80	0.00	56.84	3.92	74	0	74	130.18	92.52	0.00	0.00	0.00	0.00	0.00	0.00	0.00	0.00	0.00	0.00	0.00	24.16	20.85	0.00	1.00	0.00	0.00
705	17.22	4089	3099	0.93	34	0	0	0	1	2	29	0	2	0	0	0.00	0.00	0.27	1.29	75.34	0.00	4.41	0.00	0.00	21.33	0.00	61.45	0.00	74	0	74	131.99	94.00	0.00	0.00	0.00	0.00	0.00	0.00	0.00	0.00	0.00	0.00	0.00	24.96	21.97	0.00	1.00	0.00	0.00
708	17.08	4089	3141	0.92	34	0	0	0	2	1	26	0	5	0	0	0.00	0.00	0.49	0.80	68.18	0.00	13.22	0.00	0.00	21.24	0.00	57.37	4.32	74	0	74	133.32	95.13	0.00	0.00	0.00	0.00	0.00	0.00	0.00	0.00	0.00	0.00	0.00	25.09	22.06	0.00	1.04	0.00	0.00
697	17.36	4089	3038	0.93	34	0	0	0	2	4	31	0	3	0	0	0.00	0.00	0.32	0.52	72.24	0.00	6.31	0.00	0.00	22.45	0.00	60.19	0.00	74	0	74	129.98	91.62	0.00	0.00	0.00	0.00	0.00	0.00	0.00	0.00	0.00	0.00	0.00	25.11	21.75	0.00	0.99	0.00	0.00
709	17.11	4091	3138	0.92	34	0	0	1	1	2	31	0	1	0	0	0.00	0.00	0.38	1.43	80.65	0.00	0.23	0.00	0.00	21.58	0.00	61.31	0.00	74	0	74	133.68	95.17	0.00	0.00	0.00	0.00	0.00	0.00	0.00	0.00	0.00	0.00	0.00	25.71	22.51	0.00	1.03	0.00	0.00
707	17.37	4089	3082	0.93	34	0	0	0	1	1	28	0	4	0	0	0.00	0.00	0.35	0.65	70.94	0.00	8.93	0.00	0.00	21.33	1.05	56.55	3.70	74	0	73	132.15	93.58	0.00	0.00	0.00	0.00	0.00	0.00	0.00	0.00	0.00	0.00	0.00	24.72	21.19	0.00	1.01	0.00	0.00
703	17.27	4089	3079	0.92	34	0	0	1	0	2	30	0	2	0	0	0.00	0.00	0.00	1.25	73.94	0.00	5.64	0.00	0.00	21.29	1.27	60.16	0.00	74	0	74	131.25	93.14	0.00	0.00	0.00	0.00	0.00	0.00	0.00	0.00	0.00	0.00	0.00	25.30	21.78	0.00	1.00	0.00	0.00
771	16.30	4089	3583	0.91	34	0	0	0	2	5	29	0	2	0	0	0.00	0.00	0.26	1.43	85.88	0.00	7.50	0.00	0.00	20.97	0.00	62.73	0.00	73	0	74	149.63	106.47	0.00	0.00	0.00	0.00	0.00	0.00	0.00	0.00	0.00	0.00	0.00	31.72	28.03	0.00	1.31	0.00	0.00
768	18.59	4090	3125	0.92	26	0	0	0	1	2	23	0	1	0	0	0.00	0.00	0.43	1.76	74.09	0.00	4.06	0.00	0.00	22.96	0.00	58.44	0.00	73	0	74	143.08	94.64	0.00	0.00	0.00	0.00	0.00	0.00	0.00	0.00	0.00	0.00	0.00	25.34	23.13	0.00	1.00	0.00	0.00
767	18.68	4091	3108	0.91	24	0	0	0	2	1	22	0	2	0	0	0.00	0.00	0.63	1.13	70.25	0.00	7.89	0.00	0.00	22.84	0.00	58.49	0.00	74	0	74	142.83	93.76	0.00	0.00	0.00	0.00	0.00	0.00	0.00	0.00	0.00	0.00	0.00	25.72	22.38	0.00	1.00	0.00	0.00
763	18.81	4090	3070	0.91	27	0	0	0	2	1	22	0	2	0	0	0.00	0.00	0.66	1.12	70.33	0.00	6.51	0.00	0.00	23.24	0.00	52.43	5.52	73	0	73	140.93	92.43	0.00	0.00	0.00	0.00	0.00	0.00	0.00	0.00	0.00	0.00	0.00	25.81	22.83	0.00	1.01	0.00	0.00
709	19.56	4090	2745	0.93	24	0	0	0	2	1	27	0	0	0	0	0.00	0.00	0.38	0.76	68.82	0.00	0.00	0.00	0.00	23.26	0.00	57.18	0.00	74	0	74	123.60	81.27	0.00	0.00	0.00	0.00	0.00	0.00	0.00	0.00	0.00	0.00	0.00	19.49	17.25	0.00	0.77	0.00	0.00
700	17.41	4089	3044	0.93	34	0	0	0	2	4	29	0	3	0	0	0.00	0.00	0.30	1.21	70.58	0.00	7.60	0.00	0.00	21.88	1.43	55.48	3.80	74	0	74	130.21	92.44	0.00	0.00	0.00	0.00	0.00	0.00	0.00	0.00	0.00	0.00	0.00	24.48	20.98	0.00	0.99	0.00	0.00
711	17.06	4090	3156	0.92	33	0	0	0	1	2	29	0	2	0	0	0.00	0.00	0.15	1.19	75.44	0.00	6.30	0.00	0.00	21.11	0.00	61.83	0.00	74	0	74	133.59	95.59	0.00	0.00	0.00	0.00	0.00	0.00	0.00	0.00	0.00	0.00	0.00	24.89	22.23	0.00	1.02	0.00	0.00
699	17.31	4088	3060	0.92	34	0	0	0	2	4	29	0	4	0	0	0.00	0.00	0.32	1.21	71.25	0.00	6.99	0.00	0.00	22.48	1.39	58.67	0.15	74	0	74	130.47	92.40	0.00	0.00	0.00	0.00	0.00	0.00	0.00	0.00	0.00	0.00	0.00	25.03	21.28	0.00	1.00	0.00	0.00
712	17.14	4090	3144	0.92	33	0	0	0	2	1	29	0	2	0	0	0.00	0.00	0.54	0.90	77.31	0.00	4.02	0.00	0.00	21.14	0.00	61.72	0.00	74	0	74	133.83	95.19	0.00	0.00	0.00	0.00	0.00	0.00	0.00	0.00	0.00	0.00	0.00	24.66	21.81	0.00	1.03	0.00	0.00
698	17.53	4089	3017	0.92	34	0	0	0	1	1	25	0	7	0	0	0.00	0.00	0.20	0.76	62.94	0.00	15.03	0.00	0.00	21.24	1.35	49.36	10.52	74	0	74	129.03	91.58	0.00	0.00	0.00	0.00	0.00	0.00	0.00	0.00	0.00	0.00	0.00	24.38	20.47	0.00	0.97	0.00	0.00
709	16.92	4091	3173	0.93	34	0	0	0	2	1	29	0	3	0	0	0.00	0.00	0.46	0.64	75.03	0.00	7.72	0.00	0.00	21.23	0.00	61.85	0.00	74	0	74	134.40	96.38	0.00	0.00	0.00	0.00	0.00	0.00	0.00	0.00	0.00	0.00	0.00	25.07	22.51	0.00	1.05	0.00	0.00
698	17.38	4090	3042	0.92	34	0	0	0	1	1	28	0	4	0	0	0.00	0.00	0.25	0.77	70.37	0.00	8.44	0.00	0.00	21.24	1.38	56.68	3.32	74	0	74	130.07	92.28	0.00	0.00	0.00	0.00	0.00	0.00	0.00	0.00	0.00	0.00	0.00	24.32	20.67	0.00	0.99	0.00	0.00
703	17.15	4089	3101	0.93	34	0	0	0	1	2	28	0	4	0	0	0.00	0.00	0.15	1.29	69.54	0.00	10.54	0.00	0.00	21.33	1.06	56.93	3.52	74	0	74	131.57	93.74	0.00	0.00	0.00	0.00	0.00	0.00	0.00	0.00	0.00	0.00	0.00	24.16	21.23	0.00	1.00	0.00	0.00
763	16.22	4090	3562	0.91	34	0	0	1	1	5	28	0	3	0	0	0.00	0.00	0.10	1.27	84.12	0.00	9.12	0.00	0.00	20.67	0.00	63.11	0.00	73	0	74	148.84	106.52	0.00	0.00	0.00	0.00	0.00	0.00	0.00	0.00	0.00	0.00	0.00	32.52	28.08	0.00	1.31	0.00	0.00
706	19.31	4091	2766	0.93	25	0	0	0	1	2	26	0	1	0	0	0.00	0.00	0.13	1.24	66.31	0.00	3.20	0.00	0.00	23.10	0.00	57.58	0.00	74	0	74	124.39	82.17	0.00	0.00	0.00	0.00	0.00	0.00	0.00	0.00	0.00	0.00	0.00	19.42	17.95	0.00	0.77	0.00	0.00
770	16.18	4088	3603	0.90	33	0	0	0	2	1	25	0	3	0	0	0.00	0.00	0.81	1.08	83.38	0.00	10.41	0.00	0.00	20.72	1.71	56.87	4.53	74	0	74	149.99	106.78	0.00	0.00	0.00	0.00	0.00	0.00	0.00	0.00	0.00	0.00	0.00	34.25	29.16	0.00	1.36	0.00	0.00
774	18.93	4090	3094	0.91	26	0	0	0	2	3	24	0	2	0	0	0.00	0.00	0.77	0.60	69.28	0.00	8.42	0.00	0.00	23.66	0.00	57.40	0.00	73	0	74	143.29	93.27	0.00	0.00	0.00	0.00	0.00	0.00	0.00	0.00	0.00	0.00	0.00	26.25	22.79	0.00	1.02	0.00	0.00
547	21.79	4091	1899	0.94	28	0	0	0	0	2	34	0	1	0	0	0.00	0.00	0.00	0.58	44.90	0.00	1.57	0.00	0.00	17.94	0.98	59.29	0.00	74	0	74	88.45	58.00	0.00	0.00	0.00	0.00	0.00	0.00	0.00	0.00	0.00	0.00	0.00	9.89	8.65	0.00	0.38	0.00	0.00
860	13.26	4087	4913	0.93	58	0	0	1	1	1	32	0	18	0	0	0.00	0.05	0.03	0.53	83.67	0.00	51.95	0.00	0.00	20.00	0.00	55.56	11.18	74	0	74	142.46	115.52	0.00	0.00	0.00	0.00	0.00	0.00	0.00	0.00	0.00	0.00	0.00	47.31	39.63	0.00	2.03	0.00	0.00
702	17.24	4089	3082	0.92	33	0	0	1	1	0	25	0	8	0	0	0.00	0.05	0.12	0.00	63.41	0.00	17.63	0.00	0.00	21.16	0.00	59.72	1.88	74	0	74	131.55	94.03	0.00	0.00	0.00	0.00	0.00	0.00	0.00	0.00	0.00	0.00	0.00	24.89	21.22	0.00	1.01	0.00	0.00
765	16.33	4087	3547	0.91	34	0	0	0	2	0	27	0	4	0	0	0.00	0.00	0.18	0.00	84.15	0.00	9.90	0.00	0.00	22.01	0.00	59.48	2.18	75	0	75	142.37	101.37	0.00	0.00	0.00	0.00	0.00	0.00	0.00	0.00	0.00	0.00	0.00	30.21	26.95	0.00	1.22	0.00	0.00
744	19.78	4091	2849	0.89	33	0	0	1	0	1	26	0	4	0	0	0.00	0.05	0.00	0.73	65.15	0.00	6.32	0.00	0.00	22.30	1.22	56.70	0.00	74	0	74	122.31	83.30	0.00	0.00	0.00	0.00	0.00	0.00	0.00	0.00	0.00	0.00	0.00	18.94	18.18	0.00	0.77	0.00	0.00
721	17.62	4089	3095	0.92	34	0	0	1	1	4	31	0	4	0	0	0.00	0.00	0.10	0.90	67.72	0.00	11.96	0.00	0.00	21.43	0.00	60.94	0.00	74	0	74	132.11	93.76	0.00	0.00	0.00	0.00	0.00	0.00	0.00	0.00	0.00	0.00	0.00	25.53	22.05	0.00	1.01	0.00	0.00
633	21.39	4091	2239	0.93	34	0	1	0	0	2	33	0	3	0	0	0.06	0.00	0.00	0.69	50.93	0.00	4.02	0.00	0.00	15.06	0.97	62.58	0.00	73	0	74	105.85	75.34	0.00	0.00	0.00	0.00	0.00	0.00	0.00	0.00	0.00	0.00	0.00	14.21	12.55	0.00	0.59	0.00	0.00
723	12.33	4087	4446	0.90	50	0	0	0	1	1	35	0	14	0	0	0.00	0.00	0.07	0.53	91.83	0.00	32.04	0.00	0.00	23.44	0.00	54.22	10.01	74	0	74	136.71	108.36	0.00	0.00	0.00	0.00	0.00	0.00	0.00	0.00	0.00	0.00	0.00	40.31	33.61	0.00	1.70	0.00	0.00
709	16.99	4088	3159	0.92	42	0	0	0	1	5	33	0	2	0	0	0.00	0.00	0.10	1.23	78.94	0.00	3.17	0.00	0.00	21.63	1.19	60.19	0.00	74	0	74	133.48	95.73	0.00	0.00	0.00	0.00	0.00	0.00	0.00	0.00	0.00	0.00	0.00	23.97	22.14	0.00	1.01	0.00	0.00
712	17.47	4089	3086	0.92	35	0	0	1	0	2	32	0	0	0	0	0.00	0.05	0.00	1.22	79.64	0.00	0.00	0.00	0.00	20.89	1.16	60.49	0.00	74	0	74	132.14	93.86	0.00	0.00	0.00	0.00	0.00	0.00	0.00	0.00	0.00	0.00	0.00	24.61	21.22	0.00	1.00	0.00	0.00
769	16.35	4087	3564	0.91	33	0	0	1	0	2	27	0	2	0	0	0.00	0.06	0.00	1.62	88.34	0.00	4.51	0.00	0.00	20.14	1.36	62.15	0.00	74	0	74	148.21	105.89	0.00	0.00	0.00	0.00	0.00	0.00	0.00	0.00	0.00	0.00	0.00	31.73	28.00	0.00	1.31	0.00	0.00
698	19.18	4091	2753	0.93	26	0	0	0	2	1	27	0	1	0	0	0.00	0.00	0.35	0.55	66.78	0.00	2.78	0.00	0.00	23.30	0.00	57.52	0.00	74	0	74	123.13	81.92	0.00	0.00	0.00	0.00	0.00	0.00	0.00	0.00	0.00	0.00	0.00	19.59	17.72	0.00	0.76	0.00	0.00
698	17.19	4090	3072	0.93	34	0	0	0	2	0	28	0	4	0	0	0.00	0.00	0.57	0.00	69.28	0.00	11.00	0.00	0.00	21.65	0.00	61.16	0.00	74	0	74	130.27	92.93	0.00	0.00	0.00	0.00	0.00	0.00	0.00	0.00	0.00	0.00	0.00	24.10	20.66	0.00	0.99	0.00	0.00
705	17.05	4090	3129	0.93	33	0	0	0	2	0	26	0	6	0	0	0.00	0.00	0.58	0.00	65.58	0.00	16.21	0.00	0.00	21.14	0.00	57.53	4.29	74	0	75	132.44	95.10	0.00	0.00	0.00	0.00	0.00	0.00	0.00	0.00	0.00	0.00	0.00	25.05	22.33	0.00	1.03	0.00	0.00
765	16.27	4088	3563	0.91	34	0	0	0	2	1	27	0	3	0	0	0.00	0.00	0.60	0.17	83.38	0.00	10.36	0.00	0.00	20.63	0.00	58.57	4.53	74	0	74	149.28	106.17	0.00	0.00	0.00	0.00	0.00	0.00	0.00	0.00	0.00	0.00	0.00	33.42	28.87	0.00	1.31	0.00	0.00
603	23.69	4092	1926	0.94	25	0	0	0	2	1	30	0	7	0	0	0.00	0.00	0.27	0.39	38.04	0.00	7.82	0.00	0.00	18.63	0.00	52.63	5.05	74	0	74	80.64	53.07	0.00	0.00	0.00	0.00	0.00	0.00	0.00	0.00	0.00	0.00	0.00	8.93	7.89	0.00	0.35	0.00	0.00
618	15.70	4089	2981	0.94	65	0	0	0	2	1	31	0	25	0	0	0.00	0.00	0.14	0.43	44.44	0.00	35.21	0.00	0.00	23.78	0.77	46.31	13.43	74	0	74	129.83	107.33	0.00	0.00	0.00	0.00	0.00	0.00	0.00	0.00	0.00	0.00	0.00	26.65	21.76	0.00	1.15	0.00	0.00
882	10.17	4075	6585	0.82	64	0	0	0	1	0	26	0	25	0	2	0.00	0.00	0.16	0.00	86.52	0.00	85.33	0.00	16.84	13.97	0.00	43.30	32.56	69	0	68	134.64	113.59	0.00	0.00	0.00	0.00	0.00	0.00	0.00	0.00	0.00	0.00	0.00	57.87	50.89	0.00	2.55	0.00	0.00
742	21.11	4087	2663	0.87	33	0	0	0	0	5	23	0	6	0	0	0.00	0.00	0.00	0.63	51.26	0.00	14.73	0.00	0.00	22.07	0.00	56.82	0.00	71	0	71	126.59	89.04	0.00	0.00	0.00	0.00	0.00	0.00	0.00	0.00	0.00	0.00	0.00	19.58	17.74	0.00	0.78	0.00	0.00
674	24.15	4090	2114	0.88	26	0	0	0	1	1	27	0	3	0	0	0.00	0.00	0.10	0.43	46.04	0.00	4.04	0.00	0.00	15.28	0.00	60.57	0.00	73	0	72	119.81	90.08	0.00	0.00	0.00	0.00	0.00	0.00	0.00	0.00	0.00	0.00	0.00	16.46	13.65	0.00	0.69	0.00	0.00
730	13.08	4088	4227	0.86	49	0	0	1	0	2	38	0	8	0	0	0.00	0.05	0.00	1.21	98.68	0.00	17.47	0.00	0.00	20.10	0.88	59.37	6.58	73	0	73	116.93	95.28	0.00	0.00	0.00	0.00	0.00	0.00	0.00	0.00	0.00	0.00	0.00	28.37	28.69	0.00	1.20	0.00	0.00
746	17.22	4088	3281	0.86	33	0	0	1	0	1	27	0	7	0	0	0.00	0.05	0.00	0.56	69.35	0.00	16.50	0.00	0.00	17.09	0.00	65.69	0.00	74	0	74	124.16	95.62	0.00	0.00	0.00	0.00	0.00	0.00	0.00	0.00	0.00	0.00	0.00	29.55	22.32	0.00	1.26	0.00	0.00
630	27.15	4090	1757	0.90	34	0	0	0	1	0	26	0	5	0	0	0.00	0.00	0.18	0.00	33.20	0.00	6.96	0.00	0.00	16.90	0.00	55.95	0.00	73	0	73	109.67	83.04	0.00	0.00	0.00	0.00	0.00	0.00	0.00	0.00	0.00	0.00	0.00	12.62	10.42	0.00	0.53	0.00	0.00
701	9.81	4083	5414	0.89	66	0	0	0	1	1	29	0	24	0	1	0.00	0.00	0.08	0.78	82.73	0.00	69.27	0.00	3.53	17.74	0.75	55.35	16.34	74	0	74	121.06	101.98	0.00	0.00	0.00	0.00	0.00	0.00	0.00	0.00	0.00	0.00	0.00	39.85	37.10	0.00	1.76	0.00	0.00
747	14.31	4085	3957	0.89	32	0	0	0	2	1	21	0	10	0	0	0.00	0.00	0.37	0.83	72.61	0.00	34.48	0.00	0.00	20.09	0.00	56.12	9.48	74	0	74	128.32	97.34	0.00	0.00	0.00	0.00	0.00	0.00	0.00	0.00	0.00	0.00	0.00	32.84	28.42	0.00	1.34	0.00	0.00
706	17.64	4087	3032	0.92	25	0	0	0	2	1	19	0	5	0	0	0.00	0.00	0.71	0.96	64.12	0.00	13.57	0.00	0.00	21.20	0.00	61.16	0.00	74	0	75	130.25	93.21	0.00	0.00	0.00	0.00	0.00	0.00	0.00	0.00	0.00	0.00	0.00	24.30	20.88	0.00	0.98	0.00	0.00
659	19.73	4089	2529	0.92	26	0	0	0	2	1	25	0	1	0	0	0.00	0.00	0.30	0.66	60.14	0.00	3.22	0.00	0.00	20.81	0.00	59.46	0.00	74	0	75	125.17	90.00	0.00	0.00	0.00	0.00	0.00	0.00	0.00	0.00	0.00	0.00	0.00	19.51	18.07	0.00	0.77	0.00	0.00
671	16.71	4088	3040	0.92	36	0	0	0	3	1	28	0	3	0	0	0.00	0.00	0.65	0.67	73.25	0.00	5.59	0.00	0.00	20.64	1.21	61.44	0.00	75	0	74	125.15	93.57	0.00	0.00	0.00	0.00	0.00	0.00	0.00	0.00	0.00	0.00	0.00	24.33	20.44	0.00	1.00	0.00	0.00
633	18.54	4091	2585	0.93	34	0	0	2	0	1	25	0	6	0	0	0.00	0.06	0.00	0.43	52.82	0.00	13.87	0.00	0.00	19.27	0.00	62.19	0.00	75	0	75	120.20	91.40	0.00	0.00	0.00	0.00	0.00	0.00	0.00	0.00	0.00	0.00	0.00	19.36	17.33	0.00	0.82	0.00	0.00
725	11.52	4085	4769	0.90	41	0	0	2	0	1	26	0	12	0	0	0.00	0.03	0.00	0.69	97.81	0.00	36.65	0.00	0.00	19.79	0.00	64.46	4.23	75	0	75	125.15	99.22	0.00	0.00	0.00	0.00	0.00	0.00	0.00	0.00	0.00	0.00	0.00	38.79	32.78	0.00	1.66	0.00	0.00
657	20.42	4090	2436	0.93	26	0	0	0	2	1	21	0	4	0	0	0.00	0.00	0.40	0.65	49.55	0.00	10.82	0.00	0.00	20.32	0.00	59.26	0.00	75	0	75	126.37	90.52	0.00	0.00	0.00	0.00	0.00	0.00	0.00	0.00	0.00	0.00	0.00	18.69	16.50	0.00	0.76	0.00	0.00
735	13.60	4087	4093	0.90	34	0	0	0	2	1	24	0	7	0	0	0.00	0.00	0.24	0.75	86.41	0.00	25.88	0.00	0.00	20.11	0.00	66.30	0.00	75	0	75	128.52	97.84	0.00	0.00	0.00	0.00	0.00	0.00	0.00	0.00	0.00	0.00	0.00	32.96	28.82	0.00	1.37	0.00	0.00
603	26.61	4091	1713	0.95	26	0	0	1	0	1	22	0	2	0	0	0.00	0.03	0.00	0.30	35.95	0.00	3.48	0.00	0.00	18.92	0.00	54.47	0.00	75	0	75	116.42	82.54	0.00	0.00	0.00	0.00	0.00	0.00	0.00	0.00	0.00	0.00	0.00	12.63	10.80	0.00	0.50	0.00	0.00
736	9.67	4083	5774	0.89	49	0	0	0	2	1	29	0	17	0	0	0.00	0.00	0.63	0.96	109.10	0.00	56.84	0.00	0.00	19.91	0.00	62.82	7.60	75	0	75	123.82	101.16	0.00	0.00	0.00	0.00	0.00	0.00	0.00	0.00	0.00	0.00	0.00	46.23	40.39	0.00	2.00	0.00	0.00
559	13.38	4086	3167	0.93	26	0	0	0	3	1	28	0	15	0	0	0.00	0.00	0.52	0.52	57.47	0.00	29.30	0.00	0.00	18.85	0.00	60.02	7.75	67	0	68	123.45	93.57	0.00	0.00	0.00	0.00	0.00	0.00	0.00	0.00	0.00	0.00	0.00	26.49	20.61	0.00	1.14	0.00	0.00
710	17.35	4089	3097	0.92	41	0	0	1	0	1	24	0	9	0	0	0.00	0.05	0.00	0.70	60.93	0.00	19.67	0.00	0.00	21.22	1.12	48.60	11.71	70	0	70	133.16	93.97	0.00	0.00	0.00	0.00	0.00	0.00	0.00	0.00	0.00	0.00	0.00	25.43	22.60	0.00	1.00	0.00	0.00
722	17.64	4082	3102	0.93	34	0	0	0	1	5	32	0	3	0	0	0.00	0.00	0.10	0.67	73.36	0.00	6.94	0.00	0.00	22.50	0.00	59.85	0.00	72	0	72	134.82	93.94	0.00	0.00	0.00	0.00	0.00	0.00	0.00	0.00	0.00	0.00	0.00	25.31	22.14	0.00	1.00	0.00	0.00
705	17.31	4086	3087	0.92	33	0	0	0	1	3	30	0	1	0	0	0.00	0.00	0.30	1.16	77.60	0.00	2.40	0.00	0.00	21.51	0.00	61.18	0.00	74	0	74	132.76	94.63	0.00	0.00	0.00	0.00	0.00	0.00	0.00	0.00	0.00	0.00	0.00	24.64	21.48	0.00	1.02	0.00	0.00
760	18.56	4090	3101	0.92	33	0	0	1	1	1	23	0	3	0	0	0.00	0.03	0.23	0.96	70.58	0.00	8.33	0.00	0.00	22.76	1.58	57.10	0.00	74	0	74	140.64	93.25	0.00	0.00	0.00	0.00	0.00	0.00	0.00	0.00	0.00	0.00	0.00	27.03	23.42	0.00	1.03	0.00	0.00
698	17.04	4090	3100	0.93	25	0	0	1	0	1	30	0	3	0	0	0.00	0.02	0.00	0.61	72.18	0.00	8.82	0.00	0.00	20.92	1.07	60.98	0.00	75	0	75	130.62	94.07	0.00	0.00	0.00	0.00	0.00	0.00	0.00	0.00	0.00	0.00	0.00	23.84	21.26	0.00	0.98	0.00	0.00
774	18.94	4086	3098	0.92	33	0	0	0	1	1	24	0	1	0	0	0.00	0.00	0.40	1.03	74.57	0.00	3.69	0.00	0.00	22.27	0.00	58.79	0.00	75	0	75	142.38	94.69	0.00	0.00	0.00	0.00	0.00	0.00	0.00	0.00	0.00	0.00	0.00	25.63	23.06	0.00	1.01	0.00	0.00
775	18.95	4087	3097	0.91	34	0	0	0	1	1	24	0	2	0	0	0.00	0.00	0.37	1.01	71.38	0.00	6.65	0.00	0.00	23.33	0.00	57.72	0.00	75	0	75	144.02	93.88	0.00	0.00	0.00	0.00	0.00	0.00	0.00	0.00	0.00	0.00	0.00	26.14	22.20	0.00	1.05	0.00	0.00
630	16.12	3919	3089	0.93	19	0	0	0	1	1	34	0	12	0	0	0.00	0.00	0.22	0.54	64.39	0.00	18.17	0.00	0.00	19.18	0.00	62.88	1.82	74	0	74	124.90	97.13	0.00	0.00	0.00	0.00	0.00	0.00	0.00	0.00	0.00	0.00	0.00	21.49	18.39	0.00	1.00	0.00	0.00
834	23.07	3800	2945	0.78	50	0	0	0	1	3	38	0	1	0	0	0.00	0.00	0.35	1.08	71.45	0.00	0.50	0.00	0.00	23.78	0.27	52.88	0.00	71	0	71	145.91	93.15	0.00	0.00	0.00	0.00	0.00	0.00	0.00	0.00	0.00	0.00	0.00	20.09	17.57	0.00	1.07	0.00	0.00
762	21.13	3623	3083	0.64	33	0	0	1	20	8	41	0	0	0	0	0.00	0.09	6.91	5.40	66.40	0.00	0.00	0.00	0.00	32.29	5.37	41.21	0.00	68	0	68	149.64	100.75	0.00	0.00	0.00	0.00	0.00	0.00	0.00	0.00	0.00	0.00	0.00	19.31	18.81	0.00	1.12	0.00	0.00
768	21.73	3500	3128	0.72	25	0	1	1	10	8	36	0	0	0	0	0.03	0.00	7.42	4.68	67.22	0.00	0.00	0.00	0.00	35.64	6.51	36.12	0.00	66	0	66	161.73	103.06	0.00	0.00	0.00	0.00	0.00	0.00	0.00	0.00	0.00	0.00	0.00	23.99	16.64	0.00	1.50	0.00	0.00
828	27.23	3458	2723	0.61	33	0	1	5	75	14	39	0	0	0	0	0.05	0.35	15.30	8.10	40.59	0.00	0.00	0.00	0.00	45.29	6.56	20.92	0.00	65	0	65	167.86	89.38	0.00	0.00	0.00	0.00	0.00	0.00	0.00	0.00	0.00	0.00	0.00	16.45	15.82	0.00	0.91	0.00	0.00
635	17.75	3244	3412	0.68	34	0	0	2	26	10	34	0	0	0	0	0.00	0.93	13.02	5.15	71.76	0.00	0.00	0.00	0.00	37.73	5.66	38.85	0.00	64	0	64	148.56	92.41	0.00	0.00	0.00	0.00	0.00	0.00	0.00	0.00	0.00	0.00	0.00	19.26	15.68	0.00	1.17	0.00	0.00
323	9.81	3200	3183	0.79	34	0	0	0	0	2	32	0	0	0	0	0.00	0.00	0.00	2.54	90.37	0.00	0.00	0.00	0.00	15.42	1.75	73.02	0.00	63	0	63	88.85	80.79	0.00	0.00	4.87	21.48	0.00	0.00	0.00	0.00	0.00	0.00	0.00	12.98	8.82	0.00	1.37	0.00	0.00
286	9.41	3107	3025	0.85	25	0	0	0	1	1	31	0	0	0	0	0.00	0.00	0.40	0.83	87.47	0.00	0.00	0.00	0.00	13.19	0.00	77.40	0.00	61	0	61	72.15	67.00	0.00	0.00	3.96	23.55	0.00	0.00	0.00	0.00	0.00	0.00	0.00	8.33	6.01	0.00	0.87	0.00	0.00
282	9.80	2900	3069	0.83	25	0	0	1	0	2	30	0	2	0	0	0.00	0.06	0.00	1.44	82.70	0.00	5.38	0.00	0.00	14.61	0.00	75.58	0.00	61	0	61	75.16	67.46	0.00	0.00	5.19	21.36	0.00	0.00	0.00	0.00	0.00	0.00	0.00	10.46	5.86	0.00	1.18	0.00	0.00
290	10.28	2891	3022	0.83	32	0	0	1	0	2	31	0	1	0	0	0.00	0.03	0.00	1.55	85.10	0.00	1.05	0.00	0.00	14.73	0.00	74.99	0.00	61	0	61	86.44	69.04	0.00	0.00	3.70	22.59	0.00	0.00	0.00	0.00	0.00	0.00	0.00	7.30	5.62	0.00	0.88	0.00	0.00
253	9.47	2666	3101	0.85	33	0	0	0	0	2	31	0	4	0	0	0.00	0.00	0.00	1.34	81.78	0.00	7.75	0.00	0.00	13.65	0.00	76.88	0.00	59	0	60	76.28	69.49	0.00	0.00	4.30	20.13	0.00	0.00	0.00	0.00	0.00	0.00	0.00	9.36	5.53	0.00	1.09	0.00	0.00
474	20.40	2591	2779	0.81	46	0	0	0	2	6	51	0	2	0	0	0.00	0.00	0.30	3.07	64.91	0.00	3.48	0.00	0.00	23.36	5.80	50.44	0.00	60	0	60	103.33	73.39	0.00	0.00	2.01	12.33	0.00	0.00	0.00	0.00	0.00	0.00	0.00	7.87	4.94	0.00	0.94	0.00	0.00
505	22.34	2381	2941	0.83	40	0	0	1	5	6	46	0	0	0	0	0.00	0.05	0.88	3.11	69.93	0.00	0.00	0.00	0.00	21.43	4.19	52.04	0.00	59	0	60	165.66	86.38	0.00	0.00	0.00	0.00	0.00	0.00	0.00	0.00	0.00	0.00	0.00	8.59	7.21	0.00	0.90	0.00	0.00
434	17.55	2293	3341	0.85	49	0	0	1	1	1	40	0	0	0	0	0.00	0.04	0.13	0.79	88.29	0.00	0.00	0.00	0.00	21.45	0.00	61.00	0.00	60	0	60	175.45	116.47	0.00	0.00	0.00	0.00	0.00	0.00	0.00	0.00	0.00	0.00	0.00	12.78	8.31	0.00	1.55	0.00	0.00
465	22.47	2051	3124	0.90	34	0	0	0	3	5	40	0	0	0	0	0.00	0.00	0.96	1.98	75.52	0.00	0.00	0.00	0.00	25.01	2.20	50.32	0.00	60	0	60	170.17	100.68	0.00	0.00	0.00	0.00	0.00	0.00	0.00	0.00	0.00	0.00	0.00	10.52	6.08	0.00	1.39	0.00	0.00
228	12.07	1985	2948	0.79	62	0	0	1	41	1	39	0	0	0	0	0.00	0.00	9.31	0.75	74.03	0.00	0.00	0.00	0.00	33.08	1.41	53.45	0.00	59	0	59	91.14	76.39	0.00	0.00	0.00	0.00	0.00	0.00	0.00	0.00	0.00	0.00	0.00	5.84	3.66	0.00	0.86	0.00	0.00
224	12.91	1743	3089	0.79	87	0	0	4	47	2	35	0	1	0	0	0.00	0.28	11.96	1.07	72.01	0.00	1.99	0.00	0.00	36.78	0.00	50.31	0.00	58	0	58	102.82	82.36	0.00	0.00	0.00	0.00	0.00	0.00	0.00	0.00	0.00	0.00	0.00	7.30	3.73	0.00	1.07	0.00	0.00
210	12.81	1683	3017	0.79	84	0	0	1	50	2	30	0	7	0	0	0.00	0.00	16.15	0.82	57.13	0.00	11.26	0.00	0.00	45.30	0.00	41.89	0.00	57	0	58	98.83	81.07	0.00	0.00	0.00	0.00	0.00	0.00	0.00	0.00	0.00	0.00	0.00	6.29	3.26	0.00	0.97	0.00	0.00
190	11.86	1600	3095	0.81	56	0	0	1	10	2	35	0	6	0	0	0.00	0.00	8.61	0.78	70.40	0.00	8.63	0.00	0.00	28.80	0.00	54.77	4.57	57	0	57	95.55	80.32	0.00	0.00	4.75	12.43	0.00	0.00	0.00	0.00	0.00	0.00	0.00	7.00	2.86	0.00	1.15	0.00	0.00
192	12.10	1593	3089	0.82	61	0	0	0	12	4	38	0	7	0	0	0.00	0.00	7.28	0.84	65.94	0.00	13.99	0.00	0.00	29.49	1.03	51.86	5.52	57	0	57	94.82	80.71	0.00	0.00	0.00	0.00	0.00	0.00	0.00	0.00	0.00	0.00	0.00	5.57	2.81	0.00	0.93	0.00	0.00
