Avg_MHz	Busy%	Bzy_MHz	TSC_MHz	IPC	IRQ	SMI	POLL	C1	C1E	C3	C6	C7s	C8	C9	C10	POLL%	C1%	C1E%	C3%	C6%	C7s%	C8%	C9%	C10%	CPU%c1	CPU%c3	CPU%c6	CPU%c7	CoreTmp	CoreThr	PkgTmp	Totl%C0	Any%C0	GFX%C0	CPUGFX%	Pkg%pc2	Pkg%pc3	Pkg%pc6	Pkg%pc7	Pkg%pc8	Pkg%pc9	Pk%pc10	CPU%LPI	SYS%LPI	PkgWatt	CorWatt	GFXWatt	RAMWatt	PKG_%	RAM_%
352	23.59	1600	2892	0.81	86	0	0	2	3	8	40	0	2	0	0	0.00	1.26	1.42	8.41	56.95	0.00	3.63	0.00	0.00	22.08	10.73	43.61	0.00	57	0	56	130.35	87.66	0.00	0.00	0.00	0.00	0.00	0.00	0.00	0.00	0.00	0.00	0.00	6.26	3.12	0.00	1.07	0.00	0.00
435	25.34	1600	3324	0.81	63	0	0	0	4	2	46	0	5	0	0	0.00	0.00	1.05	1.61	68.59	0.00	9.28	0.00	0.00	24.76	2.76	47.15	0.00	56	0	56	199.51	107.04	0.00	0.00	0.00	0.00	0.00	0.00	0.00	0.00	0.00	0.00	0.00	7.48	4.89	0.00	1.24	0.00	0.00
345	21.35	1600	3126	0.83	51	0	0	0	3	0	42	0	2	0	0	0.00	0.00	0.33	0.00	76.70	0.00	2.70	0.00	0.00	20.69	0.00	57.96	0.00	56	0	56	178.86	103.24	0.00	0.00	0.00	0.00	0.00	0.00	0.00	0.00	0.00	0.00	0.00	7.39	4.13	0.00	1.20	0.00	0.00
442	28.96	1600	2952	1.00	43	0	0	0	3	1	35	0	3	0	0	0.00	0.00	0.44	0.36	64.16	0.00	3.05	0.00	0.00	24.61	0.00	46.44	0.00	56	0	56	176.89	98.31	0.00	0.00	0.00	0.00	0.00	0.00	0.00	0.00	0.00	0.00	0.00	7.41	3.87	0.00	1.11	0.00	0.00
348	20.77	1599	3240	0.72	50	0	0	0	3	2	57	0	6	0	0	0.00	0.00	0.47	0.83	73.04	0.00	9.01	0.00	0.00	24.72	1.02	53.49	0.00	56	0	56	176.51	103.30	0.00	0.00	0.00	0.00	0.00	0.00	0.00	0.00	0.00	0.00	0.00	8.01	4.30	0.00	1.29	0.00	0.00
446	27.76	1600	3107	0.67	51	0	0	1	12	8	53	0	3	0	0	0.00	0.02	2.15	3.57	62.24	0.00	5.02	0.00	0.00	32.42	4.18	35.64	0.00	57	0	56	210.28	98.26	0.00	0.00	0.00	0.00	0.00	0.00	0.00	0.00	0.00	0.00	0.00	6.97	4.37	0.00	1.07	0.00	0.00
398	25.94	1601	2969	0.72	49	0	0	0	7	2	54	0	0	0	0	0.00	0.00	7.16	1.37	62.88	0.00	0.00	0.00	0.00	39.73	2.62	31.71	0.00	57	0	57	184.72	98.18	0.00	0.00	0.00	0.00	0.00	0.00	0.00	0.00	0.00	0.00	0.00	7.97	4.31	0.00	1.16	0.00	0.00
438	26.61	1600	3187	0.60	49	0	0	1	22	18	70	0	0	0	0	0.00	0.04	5.47	7.21	63.49	0.00	0.00	0.00	0.00	36.34	6.21	30.85	0.00	56	0	56	195.46	101.25	0.00	0.00	0.00	0.00	0.00	0.00	0.00	0.00	0.00	0.00	0.00	6.62	4.52	0.00	0.98	0.00	0.00
406	25.77	1601	3046	0.63	42	0	0	0	16	16	60	0	0	0	0	0.00	0.00	4.09	6.51	62.95	0.00	0.00	0.00	0.00	31.28	8.57	34.38	0.00	56	0	56	203.11	100.15	0.00	0.00	0.00	0.00	0.00	0.00	0.00	0.00	0.00	0.00	0.00	8.09	4.54	0.00	1.11	0.00	0.00
397	28.13	1600	2727	0.71	52	0	0	12	21	15	50	0	0	0	0	0.00	6.94	3.28	2.16	51.37	0.00	0.00	0.00	0.00	35.22	2.39	34.26	0.00	56	0	56	182.91	91.08	0.00	0.00	0.00	0.00	0.00	0.00	0.00	0.00	0.00	0.00	0.00	6.60	3.56	0.00	0.92	0.00	0.00
371	35.24	1600	2035	0.44	122	0	0	24	15	13	52	0	1	0	0	0.00	10.88	0.32	0.69	30.71	0.00	0.17	0.00	0.00	32.73	0.70	31.34	0.00	57	0	57	149.53	63.21	0.00	0.00	0.00	0.00	0.00	0.00	0.00	0.00	0.00	0.00	0.00	3.43	2.15	0.00	0.52	0.00	0.00
384	10.85	1600	6848	0.78	142	0	0	2	2	3	66	0	19	0	7	0.00	1.40	1.25	2.88	127.97	0.00	38.12	0.00	26.31	24.72	0.80	52.05	11.57	56	0	56	205.20	135.85	0.00	0.00	0.00	0.00	0.00	0.00	0.00	0.00	0.00	0.00	0.00	19.05	9.28	0.00	3.28	0.00	0.00
226	32.72	1600	1337	0.15	40	0	0	0	2	6	43	0	38	0	12	0.00	0.00	0.01	0.11	7.02	0.00	7.77	0.00	14.22	7.72	0.17	15.77	43.63	56	0	56	39.58	21.68	0.00	0.00	0.00	0.00	0.00	0.00	0.00	0.00	0.00	0.00	0.00	0.60	0.39	0.00	0.09	0.00	0.00
340	14.69	2388	3000	0.05	316	0	0	0	3	9	100	0	133	0	23	0.00	0.00	0.02	0.14	15.25	0.00	22.68	0.00	44.70	21.21	0.00	18.94	45.15	57	0	56	99.35	85.90	0.00	0.00	0.00	0.00	0.00	0.00	0.00	0.00	0.00	0.00	0.00	4.48	1.79	0.00	0.85	0.00	0.00
529	8.90	3945	4661	0.05	245	0	0	0	2	5	92	0	62	0	22	0.00	0.00	0.29	0.08	22.81	0.00	16.02	0.00	97.55	12.19	0.00	22.74	56.17	63	0	61	109.84	100.90	0.00	0.00	0.00	0.00	0.00	0.00	0.00	0.00	0.00	0.00	0.00	12.65	8.16	0.00	1.52	0.00	0.00
553	10.40	3907	4209	0.09	132	0	0	1	2	5	53	0	53	0	34	0.00	0.52	0.10	0.10	24.79	0.00	27.31	0.00	68.94	22.23	0.00	24.48	42.89	63	0	64	147.48	139.04	0.00	0.00	0.00	0.00	0.00	0.00	0.00	0.00	0.00	0.00	0.00	31.83	25.70	0.00	1.97	0.00	0.00
775	8.57	3900	7182	0.75	137	0	0	0	3	5	33	0	33	0	4	0.00	0.00	0.45	0.72	80.16	0.00	98.46	0.00	32.64	10.87	0.00	32.43	48.13	65	0	65	303.25	274.48	0.00	0.00	0.00	0.00	0.00	0.00	0.00	0.00	0.00	0.00	0.00	98.25	78.71	0.00	6.46	0.00	0.00
715	18.70	3900	3035	0.76	34	0	0	0	2	1	25	0	6	0	0	0.00	0.00	0.63	0.88	61.17	0.00	17.15	0.00	0.00	19.89	0.00	61.41	0.00	67	0	67	136.59	96.49	0.00	0.00	0.00	0.00	0.00	0.00	0.00	0.00	0.00	0.00	0.00	21.51	17.70	0.00	1.04	0.00	0.00
721	18.40	3900	3109	0.77	32	0	0	0	2	1	28	0	4	0	0	0.00	0.00	0.35	0.88	70.84	0.00	9.99	0.00	0.00	19.82	0.00	61.78	0.00	68	0	68	140.65	100.28	0.00	0.00	0.00	0.00	0.00	0.00	0.00	0.00	0.00	0.00	0.00	21.24	18.03	0.00	1.04	0.00	0.00
711	18.37	3900	3075	0.77	33	0	0	1	1	0	31	0	3	0	0	0.00	0.05	0.35	0.00	75.24	0.00	5.56	0.00	0.00	19.87	0.00	61.77	0.00	68	0	68	138.28	99.04	0.00	0.00	0.00	0.00	0.00	0.00	0.00	0.00	0.00	0.00	0.00	22.05	18.89	0.00	1.02	0.00	0.00
702	20.43	3900	2729	0.78	32	0	0	0	2	1	28	0	5	0	0	0.00	0.00	0.33	0.69	59.67	0.00	9.52	0.00	0.00	25.70	0.00	53.88	0.00	66	0	67	134.47	93.71	0.00	0.00	0.00	0.00	0.00	0.00	0.00	0.00	0.00	0.00	0.00	17.55	14.83	0.00	0.85	0.00	0.00
720	16.67	3900	3428	0.77	41	0	0	0	1	1	28	0	8	0	0	0.00	0.00	0.28	0.75	74.57	0.00	16.80	0.00	0.00	17.97	1.14	55.13	9.10	64	0	64	147.16	109.60	0.00	0.00	0.00	0.00	0.00	0.00	0.00	0.00	0.00	0.00	0.00	26.31	22.05	0.00	1.28	0.00	0.00
737	19.08	3900	3067	0.80	33	0	0	0	1	2	30	0	2	0	0	0.00	0.00	0.19	1.31	74.38	0.00	4.38	0.00	0.00	20.48	1.06	59.39	0.00	65	0	65	143.98	98.89	0.00	0.00	0.00	0.00	0.00	0.00	0.00	0.00	0.00	0.00	0.00	20.94	17.85	0.00	0.99	0.00	0.00
716	17.92	3900	3174	0.77	34	0	0	0	2	1	27	0	5	0	0	0.00	0.00	0.44	0.64	71.66	0.00	11.51	0.00	0.00	19.71	0.00	58.46	3.91	67	0	66	141.73	102.33	0.00	0.00	0.00	0.00	0.00	0.00	0.00	0.00	0.00	0.00	0.00	22.89	20.08	0.00	1.05	0.00	0.00
715	21.42	3900	2649	0.75	33	0	0	0	1	1	24	0	9	0	0	0.00	0.00	0.29	0.54	49.95	0.00	16.52	0.00	0.00	14.68	1.08	58.31	4.51	67	0	67	133.47	94.41	0.00	0.00	0.00	0.00	0.00	0.00	0.00	0.00	0.00	0.00	0.00	17.49	14.57	0.00	0.86	0.00	0.00
742	16.64	3901	3536	0.75	34	0	0	0	1	1	33	0	5	0	0	0.00	0.00	0.12	0.61	85.11	0.00	9.52	0.00	0.00	21.74	0.00	59.81	1.80	68	0	68	136.12	101.81	0.00	0.00	0.00	0.00	0.00	0.00	0.00	0.00	0.00	0.00	0.00	24.39	19.93	0.00	1.23	0.00	0.00
714	18.21	3900	3111	0.79	42	0	0	0	0	2	27	0	6	0	0	0.00	0.00	0.00	1.64	67.02	0.00	13.63	0.00	0.00	18.87	2.87	60.05	0.00	69	0	68	140.56	101.16	0.00	0.00	0.00	0.00	0.00	0.00	0.00	0.00	0.00	0.00	0.00	21.89	19.38	0.00	0.99	0.00	0.00
640	23.17	3900	2194	0.75	33	0	0	0	2	5	38	0	3	0	0	0.00	0.00	0.20	0.68	49.84	0.00	3.81	0.00	0.00	15.45	0.00	58.84	2.54	68	0	68	103.60	74.42	0.00	0.00	0.00	0.00	0.00	0.00	0.00	0.00	0.00	0.00	0.00	11.00	9.50	0.00	0.53	0.00	0.00
722	12.11	3901	4735	0.76	58	0	0	0	2	1	29	0	22	0	0	0.00	0.00	0.25	0.59	73.09	0.00	60.70	0.00	0.00	19.08	0.00	44.86	23.95	69	0	69	153.80	124.70	0.00	0.00	0.00	0.00	0.00	0.00	0.00	0.00	0.00	0.00	0.00	39.10	31.26	0.00	2.01	0.00	0.00
735	18.68	3900	3123	0.77	34	0	0	0	2	0	28	0	5	0	0	0.00	0.00	0.28	0.00	68.75	0.00	13.16	0.00	0.00	19.05	0.00	62.27	0.00	70	0	69	139.12	100.22	0.00	0.00	0.00	0.00	0.00	0.00	0.00	0.00	0.00	0.00	0.00	22.55	19.64	0.00	1.02	0.00	0.00
705	18.23	3900	3069	0.77	34	0	0	0	2	0	27	0	6	0	0	0.00	0.00	0.30	0.00	67.27	0.00	13.63	0.00	0.00	19.67	0.00	60.36	1.75	69	0	69	138.68	99.49	0.00	0.00	0.00	0.00	0.00	0.00	0.00	0.00	0.00	0.00	0.00	20.22	17.11	0.00	1.00	0.00	0.00
598	32.53	3900	1458	0.76	35	0	0	0	2	0	27	0	8	0	0	0.00	0.00	0.09	0.00	24.08	0.00	7.66	0.00	0.00	22.38	0.00	45.08	0.00	69	0	70	101.74	73.33	0.00	0.00	0.00	0.00	0.00	0.00	0.00	0.00	0.00	0.00	0.00	7.11	6.07	0.00	0.35	0.00	0.00
752	7.83	3900	7629	0.75	98	0	0	0	1	0	33	0	46	0	0	0.00	0.00	0.10	0.00	90.78	0.00	136.57	0.00	0.00	15.03	0.00	38.79	38.35	67	0	67	134.13	117.39	0.00	0.00	0.00	0.00	0.00	0.00	0.00	0.00	0.00	0.00	0.00	53.53	46.66	0.00	2.79	0.00	0.00
641	19.42	3900	2621	0.76	37	0	0	0	3	1	23	0	14	0	0	0.00	0.00	0.57	0.53	40.42	0.00	26.79	0.00	0.00	23.33	0.00	54.33	2.93	69	0	68	123.45	90.10	0.00	0.00	0.00	0.00	0.00	0.00	0.00	0.00	0.00	0.00	0.00	15.93	13.53	0.00	0.79	0.00	0.00
755	15.01	3900	3995	0.72	41	0	0	0	1	1	27	0	15	0	0	0.00	0.00	0.10	0.60	73.13	0.00	35.97	0.00	0.00	13.86	0.00	64.20	6.94	69	0	69	133.54	107.48	0.00	0.00	0.00	0.00	0.00	0.00	0.00	0.00	0.00	0.00	0.00	30.72	24.25	0.00	1.54	0.00	0.00
625	28.81	3810	1762	0.72	33	0	0	0	2	4	31	0	2	0	0	0.00	0.00	0.28	0.26	37.23	0.00	2.78	0.00	0.00	15.57	0.00	55.62	0.00	71	0	70	116.38	88.57	0.00	0.00	0.00	0.00	0.00	0.00	0.00	0.00	0.00	0.00	0.00	10.72	8.89	0.00	0.53	0.00	0.00
673	10.40	3668	5458	0.75	66	0	0	0	1	1	32	0	21	0	2	0.00	0.00	0.15	0.87	92.91	0.00	62.56	0.00	1.72	16.61	0.88	50.09	22.02	69	0	69	127.15	107.12	0.00	0.00	0.00	0.00	0.00	0.00	0.00	0.00	0.00	0.00	0.00	31.92	27.80	0.00	1.77	0.00	0.00
637	18.30	3490	3089	0.77	33	0	0	1	0	2	16	0	14	0	0	0.00	0.00	0.00	1.35	43.33	0.00	36.92	0.00	0.00	17.75	1.39	42.71	19.85	68	0	69	132.16	99.08	0.00	0.00	0.00	0.00	0.00	0.00	0.00	0.00	0.00	0.00	0.00	17.16	13.82	0.00	1.00	0.00	0.00
613	18.08	3318	3162	0.77	33	0	0	1	0	2	24	0	7	0	0	0.00	0.05	0.00	1.30	62.22	0.00	20.19	0.00	0.00	18.22	1.07	62.62	0.00	67	0	68	134.22	99.85	0.00	0.00	0.00	0.00	0.00	0.00	0.00	0.00	0.00	0.00	0.00	16.16	12.95	0.00	1.01	0.00	0.00
599	18.37	3300	3057	0.79	33	0	0	0	2	0	25	0	5	0	0	0.00	0.00	0.60	0.00	65.78	0.00	14.39	0.00	0.00	18.80	0.00	56.85	5.98	66	0	67	136.43	99.95	0.00	0.00	0.00	0.00	0.00	0.00	0.00	0.00	0.00	0.00	0.00	14.70	11.47	0.00	1.02	0.00	0.00
601	17.96	3300	3138	0.79	34	0	0	0	1	3	27	0	7	0	0	0.00	0.00	0.15	0.75	63.77	0.00	18.61	0.00	0.00	19.21	0.00	62.83	0.00	66	0	66	135.58	99.70	0.00	0.00	0.00	0.00	0.00	0.00	0.00	0.00	0.00	0.00	0.00	15.73	12.72	0.00	0.99	0.00	0.00
599	18.44	3300	3049	0.78	33	0	0	0	2	1	26	0	3	0	0	0.00	0.00	0.57	0.80	69.68	0.00	9.37	0.00	0.00	18.73	0.00	62.83	0.00	66	0	66	137.13	100.16	0.00	0.00	0.00	0.00	0.00	0.00	0.00	0.00	0.00	0.00	0.00	14.88	11.55	0.00	1.02	0.00	0.00
598	17.86	3300	3144	0.77	33	0	0	0	1	3	27	0	6	0	0	0.00	0.00	0.20	0.75	64.44	0.00	18.15	0.00	0.00	19.45	0.00	62.69	0.00	66	0	66	135.12	99.60	0.00	0.00	0.00	0.00	0.00	0.00	0.00	0.00	0.00	0.00	0.00	15.03	11.98	0.00	1.01	0.00	0.00
594	18.59	3300	2998	0.78	33	0	0	0	2	1	25	0	5	0	0	0.00	0.00	0.51	0.78	64.48	0.00	13.19	0.00	0.00	18.77	0.00	59.30	3.35	66	0	66	135.65	99.18	0.00	0.00	0.00	0.00	0.00	0.00	0.00	0.00	0.00	0.00	0.00	15.20	11.98	0.00	0.98	0.00	0.00
605	17.31	3300	3278	0.79	33	0	0	0	1	1	29	0	3	0	0	0.00	0.00	0.33	0.49	80.50	0.00	6.39	0.00	0.00	18.96	0.00	63.74	0.00	66	0	66	136.12	100.95	0.00	0.00	0.00	0.00	0.00	0.00	0.00	0.00	0.00	0.00	0.00	18.33	12.31	0.00	1.29	0.00	0.00
587	19.01	3300	2898	0.79	33	0	0	0	0	1	23	0	7	0	0	0.00	0.00	0.00	0.46	57.88	0.00	17.62	0.00	0.00	18.34	0.00	59.24	3.42	66	0	66	136.57	99.30	0.00	0.00	0.00	0.00	0.00	0.00	0.00	0.00	0.00	0.00	0.00	11.98	11.64	0.00	0.74	0.00	0.00
609	17.24	3300	3314	0.78	33	0	0	0	1	3	30	0	5	0	0	0.00	0.00	0.16	0.78	74.95	0.00	12.87	0.00	0.00	19.19	0.00	63.58	0.00	66	0	66	135.64	100.48	0.00	0.00	0.00	0.00	0.00	0.00	0.00	0.00	0.00	0.00	0.00	18.46	12.32	0.00	1.29	0.00	0.00
588	19.10	3300	2891	0.78	33	0	0	0	1	0	28	0	2	0	0	0.00	0.00	0.44	0.00	72.91	0.00	2.33	0.00	0.00	18.21	0.00	62.69	0.00	66	0	66	136.53	99.28	0.00	0.00	0.00	0.00	0.00	0.00	0.00	0.00	0.00	0.00	0.00	12.25	11.91	0.00	0.72	0.00	0.00
609	17.27	3300	3310	0.78	34	0	0	0	1	3	30	0	4	0	0	0.00	0.00	0.18	0.77	78.05	0.00	9.63	0.00	0.00	19.18	0.00	63.55	0.00	66	0	66	135.50	100.45	0.00	0.00	0.00	0.00	0.00	0.00	0.00	0.00	0.00	0.00	0.00	18.52	12.09	0.00	1.31	0.00	0.00
596	18.79	3300	2977	0.79	35	0	0	0	0	1	25	0	4	0	0	0.00	0.00	0.00	0.47	65.96	0.00	11.80	0.00	0.00	18.40	0.00	56.64	6.16	66	0	67	137.49	99.64	0.00	0.00	0.00	0.00	0.00	0.00	0.00	0.00	0.00	0.00	0.00	11.84	11.79	0.00	0.75	0.00	0.00
602	18.02	3300	3132	0.78	34	0	0	0	1	2	27	0	5	0	0	0.00	0.00	0.30	0.60	70.08	0.00	12.10	0.00	0.00	19.27	0.00	62.71	0.00	66	0	66	135.75	99.65	0.00	0.00	0.00	0.00	0.00	0.00	0.00	0.00	0.00	0.00	0.00	15.71	12.62	0.00	1.01	0.00	0.00
591	18.55	3300	2991	0.78	33	0	0	0	2	1	24	0	5	0	0	0.00	0.00	0.59	0.80	62.90	0.00	14.53	0.00	0.00	18.72	0.00	56.76	5.97	66	0	66	136.42	99.91	0.00	0.00	0.00	0.00	0.00	0.00	0.00	0.00	0.00	0.00	0.00	14.46	11.37	0.00	0.98	0.00	0.00
605	17.36	3300	3271	0.77	34	0	0	0	1	3	28	0	6	0	0	0.00	0.00	0.18	0.74	70.10	0.00	16.45	0.00	0.00	19.47	0.00	63.18	0.00	66	0	66	135.93	100.28	0.00	0.00	0.00	0.00	0.00	0.00	0.00	0.00	0.00	0.00	0.00	19.44	13.27	0.00	1.28	0.00	0.00
591	19.02	3300	2914	0.78	36	0	0	1	0	1	24	0	5	0	0	0.00	0.05	0.00	0.53	62.48	0.00	13.27	0.00	0.00	18.23	0.00	59.31	3.45	66	0	66	136.21	99.29	0.00	0.00	0.00	0.00	0.00	0.00	0.00	0.00	0.00	0.00	0.00	11.16	10.86	0.00	0.74	0.00	0.00
607	17.21	3300	3310	0.77	34	0	0	0	1	4	27	0	7	0	0	0.00	0.00	0.18	0.96	68.22	0.00	19.29	0.00	0.00	19.18	0.00	63.60	0.00	66	0	66	135.44	100.51	0.00	0.00	0.00	0.00	0.00	0.00	0.00	0.00	0.00	0.00	0.00	19.49	13.28	0.00	1.31	0.00	0.00
599	18.76	3300	2995	0.78	33	0	0	0	1	0	29	0	1	0	0	0.00	0.00	0.47	0.00	76.45	0.00	1.80	0.00	0.00	18.60	0.00	62.64	0.00	66	0	66	136.79	99.12	0.00	0.00	0.00	0.00	0.00	0.00	0.00	0.00	0.00	0.00	0.00	11.35	11.03	0.00	0.75	0.00	0.00
608	20.90	3300	2731	0.73	33	0	0	0	2	1	29	0	6	0	0	0.00	0.00	0.38	0.34	61.23	0.00	7.95	0.00	0.00	20.01	0.00	59.09	0.00	66	0	66	125.93	93.26	0.00	0.00	0.00	0.00	0.00	0.00	0.00	0.00	0.00	0.00	0.00	14.37	10.38	0.00	0.95	0.00	0.00
732	16.06	3300	4276	0.71	49	0	0	0	0	1	29	0	10	0	0	0.00	0.00	0.00	0.75	85.71	0.00	29.68	0.00	0.00	13.01	0.92	70.01	0.00	66	0	66	140.40	108.85	0.00	0.00	0.00	0.00	0.00	0.00	0.00	0.00	0.00	0.00	0.00	21.91	18.13	0.00	1.46	0.00	0.00
711	21.56	3300	3092	0.71	26	0	0	0	0	2	24	0	4	0	0	0.00	0.00	0.00	1.17	68.84	0.00	8.49	0.00	0.00	16.01	0.00	62.43	0.00	66	0	67	139.11	100.10	0.00	0.00	0.00	0.00	0.00	0.00	0.00	0.00	0.00	0.00	0.00	16.88	11.98	0.00	1.12	0.00	0.00
691	20.99	3300	3089	0.73	34	0	0	0	1	0	24	0	4	0	0	0.00	0.00	0.40	0.00	72.71	0.00	5.88	0.00	0.00	16.90	0.00	61.65	0.46	66	0	66	140.93	99.68	0.00	0.00	0.00	0.00	0.00	0.00	0.00	0.00	0.00	0.00	0.00	14.15	12.99	0.00	0.86	0.00	0.00
762	21.03	3571	3142	0.73	26	0	0	0	1	1	26	0	2	0	0	0.00	0.00	0.27	0.54	74.61	0.00	4.76	0.00	0.00	16.61	0.00	62.37	0.00	68	0	67	140.32	100.51	0.00	0.00	0.00	0.00	0.00	0.00	0.00	0.00	0.00	0.00	0.00	19.45	13.79	0.00	1.18	0.00	0.00
769	20.37	3700	3160	0.72	26	0	0	0	2	1	25	0	2	0	0	0.00	0.00	0.56	0.16	76.05	0.00	4.64	0.00	0.00	17.08	0.00	62.55	0.00	69	0	68	139.57	100.65	0.00	0.00	0.00	0.00	0.00	0.00	0.00	0.00	0.00	0.00	0.00	19.20	17.98	0.00	0.95	0.00	0.00
775	20.52	3734	3131	0.72	34	0	1	0	0	1	24	0	4	0	0	0.06	0.00	0.00	0.92	69.40	0.00	9.78	0.00	0.00	16.74	1.59	61.16	0.00	69	0	69	137.30	99.53	0.00	0.00	0.00	0.00	0.00	0.00	0.00	0.00	0.00	0.00	0.00	18.09	16.01	0.00	0.94	0.00	0.00
740	20.61	4048	2744	0.73	26	0	0	0	2	0	25	0	2	0	0	0.00	0.00	0.75	0.00	65.03	0.00	3.39	0.00	0.00	19.90	0.00	59.49	0.00	71	0	69	126.26	90.98	0.00	0.00	0.00	0.00	0.00	0.00	0.00	0.00	0.00	0.00	0.00	17.59	16.64	0.00	0.81	0.00	0.00
796	17.14	4089	3516	0.72	33	0	0	0	0	1	28	0	2	0	0	0.00	0.00	0.00	0.79	89.20	0.00	2.99	0.00	0.00	16.31	1.21	65.33	0.00	72	0	72	130.00	97.73	0.00	0.00	0.00	0.00	0.00	0.00	0.00	0.00	0.00	0.00	0.00	29.95	24.66	0.00	1.27	0.00	0.00
740	20.60	4090	2721	0.73	26	0	0	0	1	2	25	0	1	0	0	0.00	0.00	0.13	1.45	66.61	0.00	0.32	0.00	0.00	20.23	0.00	59.17	0.00	73	0	73	124.01	89.46	0.00	0.00	0.00	0.00	0.00	0.00	0.00	0.00	0.00	0.00	0.00	19.82	17.88	0.00	0.82	0.00	0.00
738	18.92	4087	2956	0.73	25	0	0	0	1	0	27	0	5	0	0	0.00	0.00	0.25	0.00	66.24	0.00	9.75	0.00	0.00	18.74	0.00	59.58	2.75	73	0	73	123.64	92.70	0.00	0.00	0.00	0.00	0.00	0.00	0.00	0.00	0.00	0.00	0.00	23.57	19.46	0.00	0.99	0.00	0.00
625	26.66	4090	1773	0.73	33	0	0	0	1	4	32	0	1	0	0	0.00	0.00	0.03	0.23	39.49	0.00	1.24	0.00	0.00	17.01	0.00	56.33	0.00	73	0	73	110.16	83.81	0.00	0.00	0.00	0.00	0.00	0.00	0.00	0.00	0.00	0.00	0.00	12.44	10.64	0.00	0.53	0.00	0.00
690	9.78	4082	5348	0.76	65	0	0	1	0	1	38	0	17	0	0	0.00	0.00	0.00	0.69	110.91	0.00	43.02	0.00	0.00	17.61	0.73	55.47	16.40	73	0	73	120.65	101.91	0.00	0.00	0.00	0.00	0.00	0.00	0.00	0.00	0.00	0.00	0.00	38.68	35.34	0.00	1.74	0.00	0.00
682	16.78	4087	3076	0.76	33	0	0	0	2	1	21	0	10	0	0	0.00	0.00	0.35	0.64	57.59	0.00	22.82	0.00	0.00	19.51	0.00	61.95	1.75	73	0	73	122.55	93.59	0.00	0.00	0.00	0.00	0.00	0.00	0.00	0.00	0.00	0.00	0.00	22.87	19.64	0.00	0.99	0.00	0.00
671	16.44	4089	3093	0.79	33	0	0	0	2	1	23	0	9	0	0	0.00	0.00	0.32	0.63	60.89	0.00	20.49	0.00	0.00	19.64	0.00	61.52	2.41	73	0	74	121.88	93.49	0.00	0.00	0.00	0.00	0.00	0.00	0.00	0.00	0.00	0.00	0.00	23.31	21.09	0.00	0.97	0.00	0.00
673	15.72	4088	3243	0.77	33	0	0	0	0	2	26	0	6	0	0	0.00	0.00	0.00	1.22	75.88	0.00	10.06	0.00	0.00	19.63	1.29	60.61	2.75	74	0	74	124.33	94.93	0.00	0.00	0.00	0.00	0.00	0.00	0.00	0.00	0.00	0.00	0.00	31.22	22.35	0.00	1.32	0.00	0.00
663	16.83	4090	2983	0.78	33	0	0	0	2	5	28	0	3	0	0	0.00	0.00	0.22	0.62	71.74	0.00	6.22	0.00	0.00	20.66	0.00	62.51	0.00	73	0	74	123.49	93.52	0.00	0.00	0.00	0.00	0.00	0.00	0.00	0.00	0.00	0.00	0.00	17.65	19.05	0.00	0.74	0.00	0.00
666	16.26	4090	3100	0.78	33	0	0	2	0	2	23	0	7	0	0	0.00	0.10	0.00	1.50	61.01	0.00	20.39	0.00	0.00	19.29	1.70	62.76	0.00	73	0	74	123.86	94.64	0.00	0.00	0.00	0.00	0.00	0.00	0.00	0.00	0.00	0.00	0.00	23.69	21.63	0.00	1.01	0.00	0.00
663	16.08	4089	3124	0.78	34	0	0	1	0	2	24	0	7	0	0	0.00	0.02	0.00	1.40	64.71	0.00	17.60	0.00	0.00	19.50	1.67	62.75	0.00	74	0	74	122.83	94.09	0.00	0.00	0.00	0.00	0.00	0.00	0.00	0.00	0.00	0.00	0.00	23.37	19.25	0.00	1.01	0.00	0.00
664	16.37	4088	3072	0.78	33	0	0	0	1	1	27	0	4	0	0	0.00	0.00	0.37	0.80	72.26	0.00	8.27	0.00	0.00	19.95	1.40	62.28	0.00	74	0	74	123.71	93.96	0.00	0.00	0.00	0.00	0.00	0.00	0.00	0.00	0.00	0.00	0.00	23.46	21.06	0.00	1.01	0.00	0.00
667	15.82	4090	3192	0.77	33	0	0	0	0	1	24	0	8	0	0	0.00	0.00	0.00	0.46	67.06	0.00	18.26	0.00	0.00	19.66	0.00	62.03	2.49	73	0	74	123.31	94.10	0.00	0.00	0.00	0.00	0.00	0.00	0.00	0.00	0.00	0.00	0.00	24.08	20.21	0.00	1.03	0.00	0.00
663	16.76	4087	2999	0.78	33	0	0	0	1	1	22	0	8	0	0	0.00	0.00	0.38	0.73	60.72	0.00	17.70	0.00	0.00	19.86	1.29	57.28	4.81	74	0	73	123.88	93.52	0.00	0.00	0.00	0.00	0.00	0.00	0.00	0.00	0.00	0.00	0.00	23.32	20.28	0.00	1.01	0.00	0.00
664	16.14	4087	3117	0.78	33	0	0	0	2	1	24	0	7	0	0	0.00	0.00	0.55	0.75	65.02	0.00	17.00	0.00	0.00	20.18	0.00	61.85	1.83	73	0	73	123.42	94.15	0.00	0.00	0.00	0.00	0.00	0.00	0.00	0.00	0.00	0.00	0.00	23.44	19.70	0.00	1.01	0.00	0.00
670	16.52	4086	3073	0.78	33	0	0	0	2	1	25	0	6	0	0	0.00	0.00	0.30	0.65	65.61	0.00	15.12	0.00	0.00	19.97	0.00	63.52	0.00	74	0	73	123.30	93.85	0.00	0.00	0.00	0.00	0.00	0.00	0.00	0.00	0.00	0.00	0.00	22.75	19.76	0.00	1.01	0.00	0.00
666	15.85	4088	3182	0.78	33	0	0	0	2	1	24	0	8	0	0	0.00	0.00	0.57	0.78	67.58	0.00	16.50	0.00	0.00	20.10	0.00	58.13	5.93	74	0	74	123.21	94.65	0.00	0.00	0.00	0.00	0.00	0.00	0.00	0.00	0.00	0.00	0.00	23.18	21.16	0.00	0.99	0.00	0.00
715	14.32	4084	3786	0.78	33	0	0	0	0	2	24	0	6	0	0	0.00	0.00	0.00	1.58	85.82	0.00	15.96	0.00	0.00	20.11	1.52	64.06	0.00	74	0	73	127.20	96.38	0.00	0.00	0.00	0.00	0.00	0.00	0.00	0.00	0.00	0.00	0.00	30.83	25.16	0.00	1.32	0.00	0.00
624	22.59	4089	2092	0.78	26	0	0	0	2	1	23	0	3	0	0	0.00	0.00	0.40	0.60	47.41	0.00	2.70	0.00	0.00	20.23	0.00	57.18	0.00	74	0	74	120.74	86.85	0.00	0.00	0.00	0.00	0.00	0.00	0.00	0.00	0.00	0.00	0.00	14.45	13.08	0.00	0.60	0.00	0.00
651	13.86	4087	3561	0.76	42	0	0	0	1	1	29	0	9	0	0	0.00	0.00	0.36	0.71	77.88	0.00	19.08	0.00	0.00	19.43	1.06	64.04	1.61	74	0	74	121.60	96.28	0.00	0.00	0.00	0.00	0.00	0.00	0.00	0.00	0.00	0.00	0.00	27.47	23.48	0.00	1.19	0.00	0.00
856	15.24	4086	4255	0.69	35	0	0	2	0	1	28	0	8	0	0	0.00	0.00	0.00	0.66	94.43	0.00	20.09	0.00	0.00	17.53	0.00	66.49	0.74	74	0	74	125.63	97.67	0.00	0.00	0.00	0.00	0.00	0.00	0.00	0.00	0.00	0.00	0.00	36.69	29.81	0.00	1.58	0.00	0.00
761	21.28	4088	2709	0.72	32	0	0	0	1	1	24	0	3	0	0	0.00	0.00	0.27	0.82	59.51	0.00	6.79	0.00	0.00	20.09	0.00	58.63	0.00	74	0	74	123.65	89.16	0.00	0.00	0.00	0.00	0.00	0.00	0.00	0.00	0.00	0.00	0.00	19.41	17.08	0.00	0.81	0.00	0.00
822	17.48	4085	3562	0.71	25	0	0	0	1	0	26	0	5	0	0	0.00	0.00	0.47	0.00	80.04	0.00	12.75	0.00	0.00	16.13	0.00	63.38	3.01	74	0	74	129.42	97.52	0.00	0.00	0.00	0.00	0.00	0.00	0.00	0.00	0.00	0.00	0.00	29.55	24.63	0.00	1.27	0.00	0.00
734	20.76	4089	2676	0.72	34	0	0	0	1	3	27	0	1	0	0	0.00	0.00	0.13	0.42	63.70	0.00	3.12	0.00	0.00	20.90	0.00	58.34	0.00	74	0	73	122.88	89.10	0.00	0.00	0.00	0.00	0.00	0.00	0.00	0.00	0.00	0.00	0.00	18.87	17.41	0.00	0.78	0.00	0.00
728	18.69	4087	2950	0.74	25	0	0	1	0	1	29	0	3	0	0	0.00	0.07	0.00	0.51	67.19	0.00	8.43	0.00	0.00	18.69	0.00	62.62	0.00	74	0	75	122.26	92.62	0.00	0.00	0.00	0.00	0.00	0.00	0.00	0.00	0.00	0.00	0.00	23.38	19.39	0.00	0.98	0.00	0.00
729	17.68	4085	3122	0.73	35	0	0	0	1	5	34	0	0	0	0	0.00	0.00	0.07	0.60	81.19	0.00	0.00	0.00	0.00	18.88	0.00	63.44	0.00	75	0	74	123.26	94.25	0.00	0.00	0.00	0.00	0.00	0.00	0.00	0.00	0.00	0.00	0.00	23.22	20.45	0.00	1.00	0.00	0.00
802	16.17	4087	3755	0.71	39	0	0	0	1	1	28	0	3	0	0	0.00	0.00	0.38	0.97	87.43	0.00	11.54	0.00	0.00	16.32	0.00	67.51	0.00	75	0	74	129.68	99.49	0.00	0.00	0.00	0.00	0.00	0.00	0.00	0.00	0.00	0.00	0.00	29.80	26.34	0.00	1.27	0.00	0.00
783	19.43	4090	3053	0.72	26	0	0	1	0	2	25	0	1	0	0	0.00	0.00	0.00	1.50	72.67	0.00	3.89	0.00	0.00	18.45	0.00	62.12	0.00	75	0	75	129.00	93.40	0.00	0.00	0.00	0.00	0.00	0.00	0.00	0.00	0.00	0.00	0.00	22.78	20.37	0.00	0.94	0.00	0.00
780	19.11	4091	3090	0.72	26	0	0	0	2	1	22	0	3	0	0	0.00	0.00	0.53	0.97	72.04	0.00	5.83	0.00	0.00	17.98	1.79	61.13	0.00	74	0	75	128.89	94.03	0.00	0.00	0.00	0.00	0.00	0.00	0.00	0.00	0.00	0.00	0.00	23.37	21.88	0.00	0.95	0.00	0.00
796	19.26	4089	3129	0.72	27	0	0	0	1	2	23	0	2	0	0	0.00	0.00	0.13	1.57	73.93	0.00	4.49	0.00	0.00	18.60	0.00	62.14	0.00	74	0	75	129.09	93.42	0.00	0.00	0.00	0.00	0.00	0.00	0.00	0.00	0.00	0.00	0.00	30.27	20.79	0.00	1.29	0.00	0.00
640	24.53	4089	1975	0.75	27	0	0	0	3	3	29	0	3	0	0	0.00	0.00	0.45	0.29	40.13	0.00	6.03	0.00	0.00	26.39	0.00	49.08	0.00	74	0	74	105.20	75.25	0.00	0.00	0.00	0.00	0.00	0.00	0.00	0.00	0.00	0.00	0.00	12.19	11.41	0.00	0.49	0.00	0.00
745	13.04	4081	4333	0.73	51	0	0	0	2	4	41	0	5	0	0	0.00	0.00	0.33	1.10	106.05	0.00	12.72	0.00	0.00	15.59	0.76	70.60	0.00	74	0	75	126.53	102.75	0.00	0.00	0.00	0.00	0.00	0.00	0.00	0.00	0.00	0.00	0.00	35.33	31.29	0.00	1.52	0.00	0.00
724	17.93	4086	3058	0.74	33	0	0	1	0	1	30	0	4	0	0	0.00	0.02	0.00	0.70	69.82	0.00	9.18	0.00	0.00	18.64	1.18	62.25	0.00	74	0	75	121.29	92.95	0.00	0.00	0.00	0.00	0.00	0.00	0.00	0.00	0.00	0.00	0.00	22.56	19.72	0.00	0.96	0.00	0.00
735	17.35	4087	3210	0.72	42	0	0	0	1	1	32	0	2	0	0	0.00	0.00	0.23	0.18	80.61	0.00	3.38	0.00	0.00	18.22	0.00	64.43	0.00	74	0	74	124.56	95.03	0.00	0.00	0.00	0.00	0.00	0.00	0.00	0.00	0.00	0.00	0.00	24.87	21.92	0.00	1.05	0.00	0.00
731	18.37	4086	3014	0.73	25	0	0	0	1	1	29	0	3	0	0	0.00	0.00	0.22	0.69	71.38	0.00	5.76	0.00	0.00	18.82	0.00	62.81	0.00	74	0	74	122.48	92.96	0.00	0.00	0.00	0.00	0.00	0.00	0.00	0.00	0.00	0.00	0.00	23.11	19.66	0.00	0.97	0.00	0.00
732	17.59	4086	3152	0.72	33	0	0	0	1	3	32	0	2	0	0	0.00	0.00	0.13	0.46	78.74	0.00	3.52	0.00	0.00	18.36	0.00	64.05	0.00	74	0	75	123.94	94.77	0.00	0.00	0.00	0.00	0.00	0.00	0.00	0.00	0.00	0.00	0.00	24.46	21.69	0.00	1.03	0.00	0.00
730	18.19	4085	3039	0.74	33	0	0	0	1	1	29	0	3	0	0	0.00	0.00	0.37	0.83	72.01	0.00	5.72	0.00	0.00	18.89	0.00	62.91	0.00	75	0	74	122.27	93.20	0.00	0.00	0.00	0.00	0.00	0.00	0.00	0.00	0.00	0.00	0.00	23.30	19.78	0.00	0.99	0.00	0.00
733	17.60	4086	3153	0.72	33	0	0	0	1	5	31	0	3	0	0	0.00	0.00	0.05	0.64	75.55	0.00	6.60	0.00	0.00	18.48	0.00	63.92	0.00	74	0	75	123.99	94.78	0.00	0.00	0.00	0.00	0.00	0.00	0.00	0.00	0.00	0.00	0.00	23.51	20.47	0.00	1.03	0.00	0.00
731	18.21	4085	3042	0.74	33	0	0	0	1	1	30	0	2	0	0	0.00	0.00	0.37	0.83	74.42	0.00	3.29	0.00	0.00	18.89	0.00	62.90	0.00	74	0	75	122.27	93.21	0.00	0.00	0.00	0.00	0.00	0.00	0.00	0.00	0.00	0.00	0.00	23.74	20.64	0.00	0.99	0.00	0.00
730	17.97	4085	3078	0.73	33	0	0	0	1	4	29	0	4	0	0	0.00	0.00	0.15	0.54	70.73	0.00	9.01	0.00	0.00	18.77	0.00	63.26	0.00	74	0	74	123.47	94.20	0.00	0.00	0.00	0.00	0.00	0.00	0.00	0.00	0.00	0.00	0.00	23.31	19.98	0.00	1.00	0.00	0.00
801	16.05	4087	3779	0.71	41	0	0	0	1	1	29	0	2	0	0	0.00	0.00	0.54	1.13	94.93	0.00	4.47	0.00	0.00	16.48	0.00	67.47	0.00	75	0	75	129.85	99.72	0.00	0.00	0.00	0.00	0.00	0.00	0.00	0.00	0.00	0.00	0.00	30.34	27.19	0.00	1.25	0.00	0.00
603	19.41	4089	2350	0.74	50	0	0	0	1	2	29	0	15	0	2	0.00	0.00	0.05	0.61	39.67	0.00	17.37	0.00	2.38	17.67	0.00	58.51	4.41	75	0	75	110.02	89.92	0.00	0.00	0.00	0.00	0.00	0.00	0.00	0.00	0.00	0.00	0.00	15.71	13.82	0.00	0.71	0.00	0.00
678	13.29	4088	3864	0.76	43	0	0	0	1	1	29	0	12	0	0	0.00	0.00	0.12	0.69	74.46	0.00	31.85	0.00	0.00	19.37	0.00	61.13	6.21	75	0	75	121.78	96.99	0.00	0.00	0.00	0.00	0.00	0.00	0.00	0.00	0.00	0.00	0.00	28.91	25.72	0.00	1.25	0.00	0.00
773	17.75	4089	3299	0.70	35	0	0	1	3	1	24	0	10	0	0	0.00	0.05	0.56	0.51	63.18	0.00	22.01	0.00	0.00	19.36	0.00	58.02	4.87	75	0	75	119.20	91.73	0.00	0.00	0.00	0.00	0.00	0.00	0.00	0.00	0.00	0.00	0.00	28.33	22.04	0.00	1.21	0.00	0.00
810	15.98	4084	3842	0.71	33	0	0	0	0	1	28	0	5	0	0	0.00	0.00	0.00	0.56	86.07	0.00	15.81	0.00	0.00	15.63	0.00	68.38	0.00	75	0	75	129.30	99.66	0.00	0.00	0.00	0.00	0.00	0.00	0.00	0.00	0.00	0.00	0.00	30.19	27.32	0.00	1.28	0.00	0.00
802	19.62	4087	3097	0.72	34	0	0	0	1	5	26	0	2	0	0	0.00	0.00	0.03	0.76	74.04	0.00	4.31	0.00	0.00	18.39	0.00	61.99	0.00	75	0	75	128.47	93.98	0.00	0.00	0.00	0.00	0.00	0.00	0.00	0.00	0.00	0.00	0.00	22.24	20.46	0.00	0.91	0.00	0.00
767	20.35	4090	2852	0.72	25	0	0	1	1	1	26	0	0	0	0	0.00	0.03	0.09	0.83	71.20	0.00	0.00	0.00	0.00	19.19	1.60	58.86	0.00	75	0	75	125.67	91.16	0.00	0.00	0.00	0.00	0.00	0.00	0.00	0.00	0.00	0.00	0.00	21.02	18.81	0.00	0.87	0.00	0.00
712	19.65	4089	2743	0.74	25	0	0	0	1	1	27	0	1	0	0	0.00	0.00	0.27	0.71	68.34	0.00	0.61	0.00	0.00	20.40	0.00	59.95	0.00	75	0	75	121.57	89.86	0.00	0.00	0.00	0.00	0.00	0.00	0.00	0.00	0.00	0.00	0.00	23.06	18.09	0.00	0.97	0.00	0.00
805	15.95	4087	3826	0.71	41	0	0	0	1	1	25	0	7	0	0	0.00	0.00	0.13	1.01	80.82	0.00	20.47	0.00	0.00	15.71	1.52	61.34	5.48	75	0	75	130.02	100.05	0.00	0.00	0.00	0.00	0.00	0.00	0.00	0.00	0.00	0.00	0.00	29.27	25.74	0.00	1.27	0.00	0.00
786	19.70	4089	3021	0.73	26	0	0	0	1	2	23	0	2	0	0	0.00	0.00	0.31	1.98	70.60	0.00	4.09	0.00	0.00	19.46	0.00	60.85	0.00	75	0	75	129.00	92.97	0.00	0.00	0.00	0.00	0.00	0.00	0.00	0.00	0.00	0.00	0.00	22.97	21.14	0.00	0.93	0.00	0.00
696	21.96	4090	2400	0.74	25	0	0	1	1	0	26	0	2	0	0	0.00	0.00	0.32	0.00	56.06	0.00	2.94	0.00	0.00	21.50	0.00	56.54	0.00	75	0	75	115.95	84.58	0.00	0.00	0.00	0.00	0.00	0.00	0.00	0.00	0.00	0.00	0.00	15.97	14.55	0.00	0.66	0.00	0.00
737	16.06	4086	3474	0.72	35	0	0	0	1	1	32	0	5	0	0	0.00	0.00	0.25	0.73	80.65	0.00	11.37	0.00	0.00	17.28	0.00	66.66	0.00	75	0	75	125.70	97.87	0.00	0.00	0.00	0.00	0.00	0.00	0.00	0.00	0.00	0.00	0.00	30.01	24.41	0.00	1.26	0.00	0.00
800	16.32	4086	3713	0.71	39	0	0	0	1	1	25	0	6	0	0	0.00	0.00	0.38	0.98	78.83	0.00	18.78	0.00	0.00	16.44	0.00	67.25	0.00	75	0	75	129.82	99.22	0.00	0.00	0.00	0.00	0.00	0.00	0.00	0.00	0.00	0.00	0.00	30.84	27.34	0.00	1.27	0.00	0.00
625	30.48	4092	1551	0.73	26	0	0	0	1	2	22	0	3	0	0	0.00	0.00	0.13	0.85	28.16	0.00	4.69	0.00	0.00	17.78	0.00	51.74	0.00	75	0	75	107.57	78.01	0.00	0.00	0.00	0.00	0.00	0.00	0.00	0.00	0.00	0.00	0.00	9.70	8.62	0.00	0.41	0.00	0.00
689	10.12	4082	5162	0.76	57	0	0	0	1	0	31	0	23	0	0	0.00	0.00	0.32	0.00	84.98	0.00	63.23	0.00	0.00	18.05	0.00	55.19	16.63	74	0	75	120.45	100.96	0.00	0.00	0.00	0.00	0.00	0.00	0.00	0.00	0.00	0.00	0.00	39.06	34.62	0.00	1.73	0.00	0.00
697	16.72	4088	3156	0.76	34	0	0	0	2	1	22	0	9	0	0	0.00	0.00	0.33	0.66	62.17	0.00	20.57	0.00	0.00	19.27	0.00	62.15	1.86	75	0	75	123.17	94.26	0.00	0.00	0.00	0.00	0.00	0.00	0.00	0.00	0.00	0.00	0.00	23.88	21.09	0.00	1.02	0.00	0.00
663	16.78	4088	2991	0.87	33	0	0	0	2	1	24	0	7	0	0	0.00	0.00	0.17	0.53	65.12	0.00	13.43	0.00	0.00	19.77	0.00	61.69	1.75	75	0	75	122.45	93.59	0.00	0.00	0.00	0.00	0.00	0.00	0.00	0.00	0.00	0.00	0.00	22.75	19.38	0.00	0.97	0.00	0.00
671	15.45	4089	3288	0.91	33	0	0	0	2	1	24	0	8	0	0	0.00	0.00	0.31	0.65	67.20	0.00	20.74	0.00	0.00	19.90	0.00	64.65	0.00	75	0	75	123.56	94.88	0.00	0.00	0.00	0.00	0.00	0.00	0.00	0.00	0.00	0.00	0.00	24.82	22.03	0.00	1.06	0.00	0.00
660	16.76	4087	2982	0.93	33	0	0	0	1	1	20	0	10	0	0	0.00	0.00	0.27	0.69	56.35	0.00	21.51	0.00	0.00	19.94	1.19	56.97	5.14	75	0	75	123.35	93.25	0.00	0.00	0.00	0.00	0.00	0.00	0.00	0.00	0.00	0.00	0.00	23.66	19.92	0.00	0.99	0.00	0.00
662	16.19	4089	3098	0.92	34	0	0	0	2	1	21	0	10	0	0	0.00	0.00	0.35	0.65	58.61	0.00	23.36	0.00	0.00	19.89	0.00	61.92	2.01	75	0	75	123.35	94.07	0.00	0.00	0.00	0.00	0.00	0.00	0.00	0.00	0.00	0.00	0.00	23.58	20.56	0.00	1.00	0.00	0.00
665	16.15	4089	3120	0.92	33	0	0	0	2	1	26	0	6	0	0	0.00	0.00	0.15	0.58	69.87	0.00	12.89	0.00	0.00	19.68	0.00	64.18	0.00	75	0	75	123.62	94.46	0.00	0.00	0.00	0.00	0.00	0.00	0.00	0.00	0.00	0.00	0.00	23.71	21.05	0.00	1.01	0.00	0.00
726	13.54	4089	4058	0.89	33	0	0	1	0	1	24	0	7	0	0	0.00	0.07	0.00	0.58	92.23	0.00	19.53	0.00	0.00	20.02	0.00	64.36	2.08	75	0	75	127.83	97.28	0.00	0.00	0.00	0.00	0.00	0.00	0.00	0.00	0.00	0.00	0.00	32.97	28.35	0.00	1.37	0.00	0.00
620	23.84	4090	1969	0.94	25	0	0	1	1	1	19	0	5	0	0	0.00	0.04	0.06	0.41	36.79	0.00	10.14	0.00	0.00	19.44	0.00	56.72	0.00	75	0	75	120.34	85.81	0.00	0.00	0.00	0.00	0.00	0.00	0.00	0.00	0.00	0.00	0.00	14.45	12.44	0.00	0.59	0.00	0.00
678	13.40	4087	3833	0.91	41	0	0	0	2	1	27	0	11	0	0	0.00	0.00	0.35	0.65	79.40	0.00	25.89	0.00	0.00	19.70	0.00	62.43	4.47	76	0	76	121.97	97.10	0.00	0.00	0.00	0.00	0.00	0.00	0.00	0.00	0.00	0.00	0.00	30.56	26.50	0.00	1.28	0.00	0.00
725	13.50	4089	4064	0.90	33	0	0	2	0	1	24	0	7	0	0	0.00	0.17	0.00	0.71	88.35	0.00	23.53	0.00	0.00	20.08	0.00	66.42	0.00	76	0	76	128.52	98.34	0.00	0.00	0.00	0.00	0.00	0.00	0.00	0.00	0.00	0.00	0.00	32.21	28.48	0.00	1.37	0.00	0.00
623	24.29	4090	1942	0.94	25	0	0	2	0	1	18	0	6	0	0	0.00	0.06	0.00	0.41	33.59	0.00	12.47	0.00	0.00	19.47	0.00	56.24	0.00	76	0	76	121.19	85.83	0.00	0.00	0.00	0.00	0.00	0.00	0.00	0.00	0.00	0.00	0.00	15.09	12.79	0.00	0.59	0.00	0.00
671	13.18	4086	3857	0.91	41	0	0	0	2	1	28	0	11	0	0	0.00	0.00	0.60	0.75	80.14	0.00	25.69	0.00	0.00	19.82	0.00	62.22	4.78	75	0	75	121.90	97.13	0.00	0.00	0.00	0.00	0.00	0.00	0.00	0.00	0.00	0.00	0.00	30.60	26.94	0.00	1.27	0.00	0.00
735	13.67	4088	4069	0.90	33	0	0	0	0	2	23	0	7	0	0	0.00	0.00	0.00	1.75	91.17	0.00	19.68	0.00	0.00	20.07	1.53	62.66	2.06	76	0	76	128.90	98.29	0.00	0.00	0.00	0.00	0.00	0.00	0.00	0.00	0.00	0.00	0.00	32.24	28.36	0.00	1.38	0.00	0.00
621	24.06	4090	1952	0.94	25	0	0	1	1	1	19	0	5	0	0	0.00	0.04	0.06	0.41	36.42	0.00	10.03	0.00	0.00	19.46	0.00	56.48	0.00	75	0	76	121.18	86.28	0.00	0.00	0.00	0.00	0.00	0.00	0.00	0.00	0.00	0.00	0.00	14.76	12.73	0.00	0.59	0.00	0.00
665	13.21	4087	3816	0.91	41	0	0	0	2	1	28	0	10	0	0	0.00	0.00	0.48	0.70	80.33	0.00	24.69	0.00	0.00	19.69	0.00	64.22	2.88	76	0	76	122.77	97.43	0.00	0.00	0.00	0.00	0.00	0.00	0.00	0.00	0.00	0.00	0.00	29.24	25.27	0.00	1.27	0.00	0.00
748	17.39	4089	3254	0.84	33	0	0	1	1	3	26	0	8	0	0	0.00	0.05	0.07	1.53	66.83	0.00	17.26	0.00	0.00	19.66	0.00	59.57	3.38	76	0	76	120.15	92.45	0.00	0.00	0.00	0.00	0.00	0.00	0.00	0.00	0.00	0.00	0.00	28.89	22.19	0.00	1.20	0.00	0.00
811	15.87	4086	3870	0.83	33	0	0	2	0	1	25	0	6	0	0	0.00	0.03	0.00	0.64	84.49	0.00	18.24	0.00	0.00	15.98	0.00	68.14	0.00	76	0	76	130.41	99.94	0.00	0.00	0.00	0.00	0.00	0.00	0.00	0.00	0.00	0.00	0.00	30.73	27.75	0.00	1.30	0.00	0.00
694	22.51	4092	2335	0.87	35	0	0	0	1	1	22	0	7	0	0	0.00	0.00	0.08	0.61	43.03	0.00	13.67	0.00	0.00	21.57	1.46	54.16	0.30	76	0	76	113.80	83.35	0.00	0.00	0.00	0.00	0.00	0.00	0.00	0.00	0.00	0.00	0.00	15.53	14.46	0.00	0.62	0.00	0.00
732	15.79	4088	3509	0.86	33	0	0	1	1	0	29	0	7	0	0	0.00	0.03	0.35	0.00	77.86	0.00	16.14	0.00	0.00	16.94	0.00	65.39	1.88	76	0	76	125.39	98.07	0.00	0.00	0.00	0.00	0.00	0.00	0.00	0.00	0.00	0.00	0.00	29.69	24.60	0.00	1.26	0.00	0.00
729	17.89	4088	3088	0.87	33	0	0	0	1	0	23	0	9	0	0	0.00	0.00	0.15	0.00	55.14	0.00	25.55	0.00	0.00	17.96	0.00	59.79	4.36	76	0	76	123.45	94.28	0.00	0.00	0.00	0.00	0.00	0.00	0.00	0.00	0.00	0.00	0.00	23.90	21.10	0.00	1.02	0.00	0.00
725	17.72	4089	3098	0.87	33	0	0	1	1	1	26	0	5	0	0	0.00	0.00	0.13	0.75	67.84	0.00	12.47	0.00	0.00	18.14	1.38	62.76	0.00	76	0	76	123.61	94.71	0.00	0.00	0.00	0.00	0.00	0.00	0.00	0.00	0.00	0.00	0.00	24.57	21.04	0.00	0.99	0.00	0.00
775	18.83	4089	3116	0.84	33	0	0	0	1	1	25	0	7	0	0	0.00	0.00	0.13	0.86	62.46	0.00	17.04	0.00	0.00	14.81	1.58	60.24	4.54	77	0	76	127.81	97.70	0.00	0.00	0.00	0.00	0.00	0.00	0.00	0.00	0.00	0.00	0.00	24.78	21.61	0.00	1.06	0.00	0.00
726	18.40	4090	2988	0.85	33	0	0	0	1	2	25	0	7	0	0	0.00	0.00	0.10	1.23	63.13	0.00	13.17	0.00	0.00	20.35	1.33	58.57	1.34	76	0	76	118.94	89.92	0.00	0.00	0.00	0.00	0.00	0.00	0.00	0.00	0.00	0.00	0.00	23.70	19.86	0.00	0.96	0.00	0.00
787	15.76	4087	3782	0.85	34	0	0	0	1	1	28	0	4	0	0	0.00	0.00	0.12	0.71	88.81	0.00	11.66	0.00	0.00	16.56	0.00	67.67	0.00	76	0	76	128.82	99.20	0.00	0.00	0.00	0.00	0.00	0.00	0.00	0.00	0.00	0.00	0.00	29.59	26.52	0.00	1.26	0.00	0.00
796	18.85	4088	3200	0.85	34	0	0	1	0	1	22	0	4	0	0	0.00	0.00	0.00	0.91	68.36	0.00	13.04	0.00	0.00	18.38	1.47	61.29	0.00	76	0	76	130.88	94.70	0.00	0.00	0.00	0.00	0.00	0.00	0.00	0.00	0.00	0.00	0.00	24.81	22.79	0.00	0.99	0.00	0.00
662	24.09	4089	2081	0.90	26	0	0	0	0	2	24	0	5	0	0	0.00	0.00	0.00	0.67	42.09	0.00	7.21	0.00	0.00	23.71	0.00	52.21	0.00	76	0	76	107.51	78.63	0.00	0.00	0.00	0.00	0.00	0.00	0.00	0.00	0.00	0.00	0.00	13.01	12.11	0.00	0.52	0.00	0.00
731	14.00	4085	3958	0.87	41	0	0	0	1	3	37	0	6	0	0	0.00	0.00	0.12	0.37	94.17	0.00	14.32	0.00	0.00	15.88	0.00	64.85	5.27	76	0	76	126.81	101.95	0.00	0.00	0.00	0.00	0.00	0.00	0.00	0.00	0.00	0.00	0.00	33.62	27.09	0.00	1.48	0.00	0.00
733	17.55	4087	3162	0.87	35	0	0	1	0	1	26	0	7	0	0	0.00	0.05	0.00	0.75	64.73	0.00	17.54	0.00	0.00	17.85	1.24	58.36	5.00	76	0	77	123.55	94.83	0.00	0.00	0.00	0.00	0.00	0.00	0.00	0.00	0.00	0.00	0.00	24.45	21.82	0.00	1.02	0.00	0.00
727	17.86	4085	3087	0.87	31	0	0	0	1	1	30	0	4	0	0	0.00	0.00	0.20	0.18	71.37	0.00	8.96	0.00	0.00	18.75	0.00	63.39	0.00	76	0	76	123.57	94.01	0.00	0.00	0.00	0.00	0.00	0.00	0.00	0.00	0.00	0.00	0.00	24.17	20.74	0.00	1.00	0.00	0.00
731	17.98	4084	3083	0.87	33	0	0	0	1	5	33	0	1	0	0	0.00	0.00	0.05	0.65	79.71	0.00	0.17	0.00	0.00	18.78	0.00	63.23	0.00	76	0	76	123.95	94.73	0.00	0.00	0.00	0.00	0.00	0.00	0.00	0.00	0.00	0.00	0.00	24.09	20.86	0.00	1.00	0.00	0.00
727	17.82	4084	3093	0.87	33	0	0	0	1	3	28	0	4	0	0	0.00	0.00	0.30	1.10	70.67	0.00	8.87	0.00	0.00	19.01	0.00	63.17	0.00	77	0	77	123.94	94.47	0.00	0.00	0.00	0.00	0.00	0.00	0.00	0.00	0.00	0.00	0.00	24.22	21.15	0.00	1.02	0.00	0.00
735	17.81	4085	3129	0.86	33	0	0	0	1	4	31	0	2	0	0	0.00	0.00	0.20	0.68	77.81	0.00	3.44	0.00	0.00	18.60	0.00	63.59	0.00	76	0	77	123.95	94.90	0.00	0.00	0.00	0.00	0.00	0.00	0.00	0.00	0.00	0.00	0.00	24.61	21.38	0.00	1.01	0.00	0.00
726	17.78	4085	3095	0.86	33	0	0	0	1	1	29	0	2	0	0	0.00	0.00	0.43	0.91	74.05	0.00	5.63	0.00	0.00	18.79	0.00	63.42	0.00	77	0	77	124.47	94.69	0.00	0.00	0.00	0.00	0.00	0.00	0.00	0.00	0.00	0.00	0.00	24.48	21.21	0.00	1.01	0.00	0.00
731	18.00	4087	3075	0.87	34	0	0	0	0	6	30	0	4	0	0	0.00	0.00	0.00	0.82	67.88	0.00	11.75	0.00	0.00	19.18	0.00	56.87	5.95	77	0	77	123.82	94.53	0.00	0.00	0.00	0.00	0.00	0.00	0.00	0.00	0.00	0.00	0.00	24.16	20.79	0.00	1.01	0.00	0.00
716	17.87	4090	3034	0.87	33	0	0	2	0	1	25	0	6	0	0	0.00	0.07	0.00	0.73	63.52	0.00	14.94	0.00	0.00	18.63	1.23	57.93	4.33	76	0	76	121.75	93.12	0.00	0.00	0.00	0.00	0.00	0.00	0.00	0.00	0.00	0.00	0.00	23.91	20.92	0.00	0.99	0.00	0.00
737	17.50	4086	3192	0.86	35	0	0	0	3	1	29	0	5	0	0	0.00	0.00	0.70	0.85	71.93	0.00	10.24	0.00	0.00	18.98	1.50	62.02	0.00	76	0	77	124.60	94.69	0.00	0.00	0.00	0.00	0.00	0.00	0.00	0.00	0.00	0.00	0.00	23.92	21.43	0.00	1.01	0.00	0.00
724	18.10	4085	3030	0.87	34	0	0	0	1	1	27	0	5	0	0	0.00	0.00	0.27	0.74	67.15	0.00	10.81	0.00	0.00	18.89	0.00	63.00	0.00	76	0	77	123.18	93.38	0.00	0.00	0.00	0.00	0.00	0.00	0.00	0.00	0.00	0.00	0.00	24.12	20.41	0.00	1.00	0.00	0.00
733	17.48	4086	3180	0.87	41	0	0	0	1	5	32	0	2	0	0	0.00	0.00	0.05	0.63	79.24	0.00	3.67	0.00	0.00	18.42	0.00	64.10	0.00	77	0	77	124.02	95.03	0.00	0.00	0.00	0.00	0.00	0.00	0.00	0.00	0.00	0.00	0.00	24.09	21.45	0.00	1.02	0.00	0.00
735	18.15	4087	3067	0.86	26	0	0	1	1	1	28	0	4	0	0	0.00	0.03	0.20	0.69	70.12	0.00	8.97	0.00	0.00	18.46	0.00	63.39	0.00	77	0	77	125.28	94.54	0.00	0.00	0.00	0.00	0.00	0.00	0.00	0.00	0.00	0.00	0.00	24.83	21.10	0.00	1.03	0.00	0.00
728	17.88	4086	3084	0.86	33	0	0	0	1	5	33	0	2	0	0	0.00	0.00	0.10	0.62	73.55	0.00	6.29	0.00	0.00	19.28	0.00	62.84	0.00	77	0	77	123.54	94.06	0.00	0.00	0.00	0.00	0.00	0.00	0.00	0.00	0.00	0.00	0.00	24.06	20.62	0.00	1.01	0.00	0.00
732	17.98	4089	3082	0.86	34	0	1	0	0	1	28	0	3	0	0	0.18	0.00	0.00	0.68	73.69	0.00	6.14	0.00	0.00	18.32	1.10	62.60	0.00	77	0	77	123.64	93.95	0.00	0.00	0.00	0.00	0.00	0.00	0.00	0.00	0.00	0.00	0.00	23.91	20.59	0.00	1.01	0.00	0.00
735	18.04	4088	3084	0.87	33	0	0	0	1	1	28	0	3	0	0	0.00	0.00	0.12	0.82	71.45	0.00	8.12	0.00	0.00	17.80	1.40	58.47	4.30	77	0	77	123.57	94.45	0.00	0.00	0.00	0.00	0.00	0.00	0.00	0.00	0.00	0.00	0.00	24.88	21.74	0.00	1.01	0.00	0.00
730	17.86	4088	3096	0.87	34	0	0	0	2	0	25	0	8	0	0	0.00	0.00	0.25	0.00	57.36	0.00	23.52	0.00	0.00	17.94	0.00	53.94	10.26	77	0	76	123.90	94.42	0.00	0.00	0.00	0.00	0.00	0.00	0.00	0.00	0.00	0.00	0.00	23.89	20.77	0.00	1.01	0.00	0.00
728	17.81	4088	3095	0.87	33	0	0	0	1	0	28	0	4	0	0	0.00	0.00	0.17	0.00	69.78	0.00	11.04	0.00	0.00	17.97	0.00	64.22	0.00	76	0	77	123.67	94.63	0.00	0.00	0.00	0.00	0.00	0.00	0.00	0.00	0.00	0.00	0.00	25.04	22.09	0.00	0.99	0.00	0.00
718	17.77	4090	3058	0.87	34	0	0	1	1	1	24	0	7	0	0	0.00	0.02	0.12	0.81	57.91	0.00	21.17	0.00	0.00	18.41	1.40	56.53	5.88	77	0	77	121.97	93.68	0.00	0.00	0.00	0.00	0.00	0.00	0.00	0.00	0.00	0.00	0.00	23.17	20.06	0.00	0.99	0.00	0.00
737	17.37	4087	3215	0.86	34	0	0	0	1	1	25	0	8	0	0	0.00	0.00	0.10	0.84	59.89	0.00	23.93	0.00	0.00	17.59	1.36	57.86	5.82	77	0	77	124.38	95.28	0.00	0.00	0.00	0.00	0.00	0.00	0.00	0.00	0.00	0.00	0.00	25.64	22.82	0.00	1.03	0.00	0.00
723	18.17	4088	3013	0.87	33	0	0	1	1	1	31	0	2	0	0	0.00	0.05	0.20	0.17	72.73	0.00	5.34	0.00	0.00	19.18	0.00	62.65	0.00	77	0	77	123.58	93.61	0.00	0.00	0.00	0.00	0.00	0.00	0.00	0.00	0.00	0.00	0.00	23.96	20.20	0.00	1.01	0.00	0.00
735	17.72	4088	3141	0.87	33	0	0	0	1	1	24	0	9	0	0	0.00	0.00	0.15	0.85	56.91	0.00	24.17	0.00	0.00	18.22	1.43	52.16	10.47	77	0	77	123.41	94.17	0.00	0.00	0.00	0.00	0.00	0.00	0.00	0.00	0.00	0.00	0.00	24.24	21.70	0.00	1.01	0.00	0.00
723	17.89	4090	3061	0.87	33	0	0	1	0	1	29	0	2	0	0	0.00	0.05	0.00	0.65	74.05	0.00	5.36	0.00	0.00	18.30	1.08	62.73	0.00	77	0	77	123.23	93.89	0.00	0.00	0.00	0.00	0.00	0.00	0.00	0.00	0.00	0.00	0.00	25.23	21.42	0.00	1.01	0.00	0.00
728	17.81	4089	3096	0.87	33	0	0	0	1	0	25	0	7	0	0	0.00	0.00	0.15	0.00	61.42	0.00	19.45	0.00	0.00	18.09	0.00	59.71	4.39	77	0	76	123.23	94.20	0.00	0.00	0.00	0.00	0.00	0.00	0.00	0.00	0.00	0.00	0.00	23.61	20.66	0.00	1.00	0.00	0.00
721	17.86	4089	3055	0.87	34	0	0	1	1	1	23	0	8	0	0	0.00	0.02	0.10	0.79	56.92	0.00	21.98	0.00	0.00	18.29	1.47	52.19	10.19	76	0	76	122.14	93.53	0.00	0.00	0.00	0.00	0.00	0.00	0.00	0.00	0.00	0.00	0.00	24.63	21.59	0.00	0.98	0.00	0.00
734	17.58	4086	3163	0.86	33	0	0	0	1	1	26	0	7	0	0	0.00	0.00	0.15	0.80	67.25	0.00	14.72	0.00	0.00	17.70	1.42	58.37	4.92	77	0	77	123.41	94.75	0.00	0.00	0.00	0.00	0.00	0.00	0.00	0.00	0.00	0.00	0.00	23.70	21.05	0.00	1.00	0.00	0.00
728	18.03	4084	3062	0.87	33	0	0	0	1	1	30	0	4	0	0	0.00	0.00	0.22	0.17	73.60	0.00	6.09	0.00	0.00	18.82	0.00	63.16	0.00	76	0	77	123.75	94.22	0.00	0.00	0.00	0.00	0.00	0.00	0.00	0.00	0.00	0.00	0.00	25.01	21.59	0.00	1.00	0.00	0.00
735	17.69	4085	3148	0.87	41	0	0	0	1	5	32	0	2	0	0	0.00	0.00	0.08	0.65	78.27	0.00	3.54	0.00	0.00	18.79	0.00	63.52	0.00	77	0	77	124.84	95.17	0.00	0.00	0.00	0.00	0.00	0.00	0.00	0.00	0.00	0.00	0.00	24.13	21.20	0.00	1.01	0.00	0.00
733	18.09	4085	3073	0.87	25	0	0	0	1	1	29	0	3	0	0	0.00	0.00	0.30	0.78	73.41	0.00	5.61	0.00	0.00	18.88	0.00	63.04	0.00	77	0	77	124.28	94.27	0.00	0.00	0.00	0.00	0.00	0.00	0.00	0.00	0.00	0.00	0.00	25.34	21.73	0.00	1.02	0.00	0.00
733	17.99	4084	3090	0.87	34	0	0	0	1	5	31	0	3	0	0	0.00	0.00	0.10	0.67	74.24	0.00	5.76	0.00	0.00	18.92	0.00	63.09	0.00	77	0	77	124.34	95.19	0.00	0.00	0.00	0.00	0.00	0.00	0.00	0.00	0.00	0.00	0.00	24.59	21.71	0.00	1.00	0.00	0.00
731	17.76	4084	3122	0.86	33	0	0	0	1	3	30	0	2	0	0	0.00	0.00	0.31	1.17	77.33	0.00	3.28	0.00	0.00	18.62	0.00	63.62	0.00	76	0	77	124.83	95.22	0.00	0.00	0.00	0.00	0.00	0.00	0.00	0.00	0.00	0.00	0.00	24.28	21.13	0.00	1.02	0.00	0.00
683	23.58	4089	2193	0.88	33	0	0	0	1	4	29	0	2	0	0	0.00	0.00	0.16	0.43	48.14	0.00	4.33	0.00	0.00	15.56	0.00	60.86	0.00	77	0	77	120.13	91.29	0.00	0.00	0.00	0.00	0.00	0.00	0.00	0.00	0.00	0.00	0.00	17.21	14.81	0.00	0.69	0.00	0.00
671	12.38	4086	4107	0.90	49	0	0	0	1	1	33	0	9	0	0	0.00	0.00	0.10	0.80	91.42	0.00	23.12	0.00	0.00	19.16	1.00	57.40	10.05	77	0	76	120.48	97.83	0.00	0.00	0.00	0.00	0.00	0.00	0.00	0.00	0.00	0.00	0.00	29.26	27.03	0.00	1.27	0.00	0.00
682	16.59	4085	3114	0.91	33	0	0	0	2	0	26	0	6	0	0	0.00	0.00	0.65	0.00	71.97	0.00	10.15	0.00	0.00	19.61	0.00	62.26	1.53	77	0	77	124.06	95.03	0.00	0.00	0.00	0.00	0.00	0.00	0.00	0.00	0.00	0.00	0.00	24.40	21.30	0.00	1.01	0.00	0.00
711	14.86	4083	3626	0.90	33	0	0	0	2	1	23	0	8	0	0	0.00	0.00	0.66	0.87	75.31	0.00	21.74	0.00	0.00	19.96	0.00	65.18	0.00	77	0	77	127.09	97.03	0.00	0.00	0.00	0.00	0.00	0.00	0.00	0.00	0.00	0.00	0.00	29.13	25.26	0.00	1.21	0.00	0.00
853	18.39	4085	3514	0.82	25	0	0	0	2	0	26	0	4	0	0	0.00	0.00	0.93	0.00	80.78	0.00	9.52	0.00	0.00	17.85	0.00	63.76	0.00	77	0	77	128.75	95.95	0.00	0.00	0.00	0.00	0.00	0.00	0.00	0.00	0.00	0.00	0.00	31.64	26.17	0.00	1.29	0.00	0.00
808	19.79	4086	3095	0.84	34	0	0	0	1	3	26	0	1	0	0	0.00	0.00	0.16	0.58	74.13	0.00	3.72	0.00	0.00	18.93	0.00	61.28	0.00	77	0	77	130.45	93.98	0.00	0.00	0.00	0.00	0.00	0.00	0.00	0.00	0.00	0.00	0.00	25.07	22.17	0.00	0.99	0.00	0.00
800	19.53	4088	3102	0.84	26	0	0	0	1	2	23	0	3	0	0	0.00	0.00	0.12	1.62	68.92	0.00	8.42	0.00	0.00	18.13	0.00	62.34	0.00	77	0	77	129.18	94.07	0.00	0.00	0.00	0.00	0.00	0.00	0.00	0.00	0.00	0.00	0.00	23.42	21.58	0.00	0.93	0.00	0.00
653	28.95	4090	1707	0.89	25	0	0	0	1	1	25	0	0	0	0	0.00	0.00	0.08	0.38	37.57	0.00	0.00	0.00	0.00	16.09	1.22	53.74	0.00	77	0	77	114.60	82.69	0.00	0.00	0.00	0.00	0.00	0.00	0.00	0.00	0.00	0.00	0.00	11.86	10.91	0.00	0.47	0.00	0.00
746	12.21	4085	4627	0.85	49	0	0	0	3	1	37	0	12	0	0	0.00	0.00	0.96	0.75	101.78	0.00	26.67	0.00	0.00	19.86	0.00	65.50	2.43	76	0	77	118.18	96.88	0.00	0.00	0.00	0.00	0.00	0.00	0.00	0.00	0.00	0.00	0.00	39.29	30.72	0.00	1.70	0.00	0.00
796	15.61	4087	3862	0.84	33	0	0	1	0	1	27	0	4	0	0	0.00	0.00	0.00	0.58	86.87	0.00	16.03	0.00	0.00	16.23	0.00	68.15	0.00	77	0	77	130.29	99.92	0.00	0.00	0.00	0.00	0.00	0.00	0.00	0.00	0.00	0.00	0.00	31.86	28.49	0.00	1.30	0.00	0.00
817	19.88	4086	3114	0.84	34	0	0	0	1	1	22	0	4	0	0	0.00	0.00	0.16	1.05	61.99	0.00	15.83	0.00	0.00	18.34	1.76	60.02	0.00	77	0	77	130.98	94.24	0.00	0.00	0.00	0.00	0.00	0.00	0.00	0.00	0.00	0.00	0.00	23.43	21.72	0.00	0.95	0.00	0.00
687	22.67	4089	2295	0.88	26	0	0	0	1	1	25	0	3	0	0	0.00	0.00	0.23	0.63	49.77	0.00	5.51	0.00	0.00	23.47	0.00	53.86	0.00	77	0	77	115.26	82.66	0.00	0.00	0.00	0.00	0.00	0.00	0.00	0.00	0.00	0.00	0.00	15.86	14.79	0.00	0.64	0.00	0.00
686	17.40	4089	2986	0.88	34	0	0	0	0	1	34	0	5	0	0	0.00	0.00	0.00	0.32	71.31	0.00	6.87	0.00	0.00	18.20	0.00	64.40	0.00	77	0	77	118.70	93.31	0.00	0.00	0.00	0.00	0.00	0.00	0.00	0.00	0.00	0.00	0.00	24.31	20.06	0.00	0.99	0.00	0.00
730	15.01	4087	3681	0.86	41	0	0	0	0	1	33	0	5	0	0	0.00	0.00	0.00	0.63	87.83	0.00	11.51	0.00	0.00	16.21	0.94	67.83	0.00	77	0	76	125.37	99.44	0.00	0.00	0.00	0.00	0.00	0.00	0.00	0.00	0.00	0.00	0.00	29.58	25.58	0.00	1.27	0.00	0.00
726	18.02	4089	3051	0.88	33	0	0	1	0	1	23	0	9	0	0	0.00	0.00	0.00	0.69	55.25	0.00	23.59	0.00	0.00	18.21	1.15	49.78	12.83	76	0	77	122.43	93.63	0.00	0.00	0.00	0.00	0.00	0.00	0.00	0.00	0.00	0.00	0.00	24.89	21.44	0.00	1.00	0.00	0.00
732	17.46	4087	3176	0.86	33	0	0	1	0	1	28	0	5	0	0	0.00	0.03	0.00	0.74	68.68	0.00	14.19	0.00	0.00	17.71	1.19	57.74	5.90	77	0	76	124.28	95.18	0.00	0.00	0.00	0.00	0.00	0.00	0.00	0.00	0.00	0.00	0.00	24.53	21.63	0.00	1.01	0.00	0.00
684	23.64	4089	2191	0.87	33	0	0	0	1	5	29	0	3	0	0	0.00	0.00	0.02	0.42	48.37	0.00	4.16	0.00	0.00	15.14	0.00	61.21	0.00	77	0	77	120.00	91.12	0.00	0.00	0.00	0.00	0.00	0.00	0.00	0.00	0.00	0.00	0.00	17.30	14.88	0.00	0.70	0.00	0.00
709	13.04	4083	4121	0.90	49	0	0	1	0	1	32	0	9	0	1	0.00	0.00	0.00	0.70	87.38	0.00	25.58	0.00	0.88	18.63	0.88	57.28	10.16	77	0	76	121.35	98.15	0.00	0.00	0.00	0.00	0.00	0.00	0.00	0.00	0.00	0.00	0.00	29.48	27.46	0.00	1.27	0.00	0.00
663	16.33	4087	3075	0.92	33	0	0	0	2	1	24	0	7	0	0	0.00	0.00	0.59	0.74	63.79	0.00	16.77	0.00	0.00	20.27	0.00	61.76	1.65	77	0	77	123.38	94.52	0.00	0.00	0.00	0.00	0.00	0.00	0.00	0.00	0.00	0.00	0.00	24.14	21.01	0.00	1.00	0.00	0.00
726	13.91	4084	3955	0.91	34	0	0	0	2	1	24	0	8	0	0	0.00	0.00	0.72	0.95	82.20	0.00	24.91	0.00	0.00	20.22	0.00	64.06	1.80	76	0	77	128.06	97.95	0.00	0.00	0.00	0.00	0.00	0.00	0.00	0.00	0.00	0.00	0.00	32.15	28.57	0.00	1.32	0.00	0.00
659	20.35	4089	2452	0.93	26	0	0	0	2	1	24	0	2	0	0	0.00	0.00	0.40	0.67	54.70	0.00	6.29	0.00	0.00	20.02	0.00	59.63	0.00	76	0	76	126.33	90.88	0.00	0.00	0.00	0.00	0.00	0.00	0.00	0.00	0.00	0.00	0.00	18.61	16.40	0.00	0.74	0.00	0.00
626	18.29	4090	2589	0.93	33	0	0	0	2	0	28	0	3	0	0	0.00	0.00	0.43	0.00	59.40	0.00	7.64	0.00	0.00	19.14	0.00	62.57	0.00	76	0	76	120.09	91.72	0.00	0.00	0.00	0.00	0.00	0.00	0.00	0.00	0.00	0.00	0.00	20.47	17.68	0.00	0.82	0.00	0.00
743	11.61	4084	4854	0.90	42	0	1	1	0	1	24	0	14	0	0	0.10	0.07	0.00	0.70	88.83	0.00	47.93	0.00	0.00	19.72	0.00	67.12	1.55	76	0	77	125.55	99.42	0.00	0.00	0.00	0.00	0.00	0.00	0.00	0.00	0.00	0.00	0.00	38.45	32.98	0.00	1.67	0.00	0.00
657	20.92	4088	2379	0.93	25	0	0	0	2	1	21	0	3	0	0	0.00	0.00	0.39	0.64	52.05	0.00	6.53	0.00	0.00	20.50	0.00	58.58	0.00	76	0	76	125.79	89.62	0.00	0.00	0.00	0.00	0.00	0.00	0.00	0.00	0.00	0.00	0.00	18.39	16.01	0.00	0.74	0.00	0.00
668	16.10	4087	3144	0.93	33	0	0	0	2	1	28	0	4	0	0	0.00	0.00	0.55	0.72	71.13	0.00	11.81	0.00	0.00	20.14	0.00	63.76	0.00	77	0	77	124.30	95.35	0.00	0.00	0.00	0.00	0.00	0.00	0.00	0.00	0.00	0.00	0.00	23.86	21.06	0.00	1.00	0.00	0.00
726	13.54	4088	4061	0.90	33	0	0	2	0	1	21	0	10	0	0	0.00	0.14	0.00	0.72	76.08	0.00	35.69	0.00	0.00	19.90	0.00	64.47	2.09	77	0	77	128.36	97.92	0.00	0.00	0.00	0.00	0.00	0.00	0.00	0.00	0.00	0.00	0.00	34.28	29.97	0.00	1.37	0.00	0.00
708	17.61	4086	3046	0.92	25	0	0	1	1	1	21	0	3	0	0	0.00	0.07	0.13	0.70	71.17	0.00	7.99	0.00	0.00	20.63	0.00	61.76	0.00	77	0	77	133.40	94.54	0.00	0.00	0.00	0.00	0.00	0.00	0.00	0.00	0.00	0.00	0.00	24.85	20.97	0.00	1.02	0.00	0.00
643	29.79	4092	1632	0.90	26	0	0	0	1	2	21	0	4	0	0	0.00	0.00	0.10	0.78	29.67	0.00	5.45	0.00	0.00	16.49	0.00	53.72	0.00	77	0	77	110.96	80.84	0.00	0.00	0.00	0.00	0.00	0.00	0.00	0.00	0.00	0.00	0.00	13.52	9.93	0.00	0.56	0.00	0.00
684	10.28	4083	5048	0.90	57	0	0	1	1	0	29	0	22	0	0	0.00	0.05	0.35	0.00	80.89	0.00	63.75	0.00	0.00	19.49	0.00	55.68	14.56	77	0	77	120.75	100.50	0.00	0.00	0.00	0.00	0.00	0.00	0.00	0.00	0.00	0.00	0.00	36.23	35.17	0.00	1.54	0.00	0.00
655	16.92	4088	2934	0.91	33	0	0	2	0	1	23	0	8	0	0	0.00	0.10	0.00	0.50	57.75	0.00	19.38	0.00	0.00	19.24	0.00	63.85	0.00	77	0	77	123.56	94.06	0.00	0.00	0.00	0.00	0.00	0.00	0.00	0.00	0.00	0.00	0.00	22.70	19.17	0.00	0.96	0.00	0.00
842	15.02	4087	4245	0.82	33	0	0	0	2	1	28	0	6	0	0	0.00	0.00	0.54	0.86	95.94	0.00	17.98	0.00	0.00	17.89	0.00	67.09	0.00	77	0	77	126.66	98.33	0.00	0.00	0.00	0.00	0.00	0.00	0.00	0.00	0.00	0.00	0.00	38.34	30.53	0.00	1.60	0.00	0.00
797	19.39	4089	3112	0.84	26	0	0	0	1	1	19	0	7	0	0	0.00	0.00	0.16	1.03	57.28	0.00	21.06	0.00	0.00	18.02	1.75	60.83	0.00	77	0	77	128.57	93.62	0.00	0.00	0.00	0.00	0.00	0.00	0.00	0.00	0.00	0.00	0.00	23.15	21.49	0.00	0.94	0.00	0.00
806	19.66	4087	3108	0.84	34	0	0	0	1	2	21	0	5	0	0	0.00	0.00	0.12	1.48	65.34	0.00	12.45	0.00	0.00	17.55	0.00	62.80	0.00	77	0	77	128.82	94.49	0.00	0.00	0.00	0.00	0.00	0.00	0.00	0.00	0.00	0.00	0.00	23.91	23.04	0.00	0.92	0.00	0.00
783	19.38	4085	3063	0.84	25	0	0	1	1	3	25	0	1	0	0	0.00	0.03	0.19	0.62	74.21	0.00	3.53	0.00	0.00	19.58	0.00	61.05	0.00	77	0	77	130.58	93.84	0.00	0.00	0.00	0.00	0.00	0.00	0.00	0.00	0.00	0.00	0.00	24.86	21.34	0.00	0.99	0.00	0.00
778	19.65	4088	2999	0.85	27	0	0	0	1	2	23	0	3	0	0	0.00	0.00	0.27	1.64	66.80	0.00	7.82	0.00	0.00	19.42	0.00	60.94	0.00	77	0	77	128.46	93.15	0.00	0.00	0.00	0.00	0.00	0.00	0.00	0.00	0.00	0.00	0.00	22.87	20.80	0.00	0.93	0.00	0.00
673	27.43	4091	1858	0.88	27	0	0	0	2	1	27	0	0	0	0	0.00	0.00	0.42	0.49	41.63	0.00	0.00	0.00	0.00	15.86	1.40	55.30	0.00	77	0	77	119.10	85.60	0.00	0.00	0.00	0.00	0.00	0.00	0.00	0.00	0.00	0.00	0.00	16.14	11.96	0.00	0.67	0.00	0.00
749	12.97	4086	4375	0.85	49	0	0	0	2	0	37	0	10	0	0	0.00	0.00	0.75	0.00	99.16	0.00	21.81	0.00	0.00	19.46	0.00	55.93	11.64	77	0	77	118.29	96.52	0.00	0.00	0.00	0.00	0.00	0.00	0.00	0.00	0.00	0.00	0.00	33.84	28.94	0.00	1.47	0.00	0.00
798	15.69	4087	3851	0.84	33	0	0	2	0	1	24	0	7	0	0	0.00	0.10	0.00	0.61	82.52	0.00	20.22	0.00	0.00	16.16	0.00	65.92	2.23	76	0	77	131.30	100.49	0.00	0.00	0.00	0.00	0.00	0.00	0.00	0.00	0.00	0.00	0.00	31.49	28.11	0.00	1.28	0.00	0.00
692	22.70	4090	2308	0.88	34	0	0	0	1	0	24	0	6	0	0	0.00	0.00	0.14	0.00	45.71	0.00	10.65	0.00	0.00	22.04	0.00	55.26	0.00	77	0	77	114.28	83.04	0.00	0.00	0.00	0.00	0.00	0.00	0.00	0.00	0.00	0.00	0.00	15.03	14.06	0.00	0.61	0.00	0.00
619	23.43	4089	1999	0.90	34	0	0	2	1	2	32	0	6	0	0	0.00	0.04	0.10	0.36	39.07	0.00	8.96	0.00	0.00	16.18	0.00	60.38	0.00	77	0	77	113.22	88.93	0.00	0.00	0.00	0.00	0.00	0.00	0.00	0.00	0.00	0.00	0.00	15.40	12.88	0.00	0.65	0.00	0.00
766	10.78	4080	5390	0.85	67	0	0	1	2	1	34	0	24	0	1	0.00	0.02	0.56	0.68	88.68	0.00	61.04	0.00	2.87	18.52	0.64	48.83	21.23	77	0	77	118.49	99.66	0.00	0.00	0.00	0.00	0.00	0.00	0.00	0.00	0.00	0.00	0.00	42.81	36.29	0.00	1.88	0.00	0.00
741	17.08	4085	3289	0.85	35	0	0	1	0	2	26	0	8	0	0	0.00	0.00	0.00	1.13	66.73	0.00	18.87	0.00	0.00	17.26	1.01	64.65	0.00	77	0	77	124.82	96.23	0.00	0.00	0.00	0.00	0.00	0.00	0.00	0.00	0.00	0.00	0.00	24.93	23.23	0.00	1.03	0.00	0.00
756	18.59	4082	3083	0.84	34	0	0	0	1	1	33	0	4	0	0	0.00	0.00	0.23	0.13	73.42	0.00	6.00	0.00	0.00	19.63	0.00	61.78	0.00	77	0	76	126.42	93.82	0.00	0.00	0.00	0.00	0.00	0.00	0.00	0.00	0.00	0.00	0.00	24.93	20.88	0.00	1.01	0.00	0.00
605	17.67	4087	2595	0.92	66	0	0	0	1	5	42	0	13	0	0	0.00	0.00	0.05	0.31	53.23	0.00	14.49	0.00	0.00	16.51	0.00	64.63	1.19	77	0	77	111.63	93.58	0.00	0.00	0.00	0.00	0.00	0.00	0.00	0.00	0.00	0.00	0.00	18.59	16.47	0.00	0.80	0.00	0.00
552	11.50	4086	3639	0.93	41	0	0	0	1	1	45	0	37	0	0	0.00	0.00	0.11	0.35	56.75	0.00	46.12	0.00	0.00	13.91	0.54	48.45	25.60	65	0	70	84.04	68.48	0.00	0.00	0.00	0.00	0.00	0.00	0.00	0.00	0.00	0.00	0.00	20.49	17.27	0.00	0.89	0.00	0.00
730	16.43	4087	3365	0.92	73	0	0	0	2	2	27	0	8	0	0	0.00	0.00	0.58	0.88	66.35	0.00	21.71	0.00	0.00	28.44	0.00	55.13	0.00	71	0	71	185.43	145.10	0.00	0.00	0.00	0.00	0.00	0.00	0.00	0.00	0.00	0.00	0.00	41.19	33.88	0.00	1.80	0.00	0.00
712	17.52	4086	3079	0.92	34	0	0	0	2	1	27	0	5	0	0	0.00	0.00	0.56	0.93	64.73	0.00	14.54	0.00	0.00	20.86	1.68	59.93	0.00	73	0	73	130.49	93.41	0.00	0.00	0.00	0.00	0.00	0.00	0.00	0.00	0.00	0.00	0.00	24.46	21.38	0.00	0.98	0.00	0.00
719	16.97	4089	3207	0.90	33	0	0	1	1	2	26	0	8	0	0	0.00	0.05	0.12	1.30	62.15	0.00	21.30	0.00	0.00	22.47	1.32	59.23	0.00	74	0	74	151.57	115.17	0.00	0.00	0.00	0.00	0.00	0.00	0.00	0.00	0.00	0.00	0.00	28.72	26.14	0.00	1.22	0.00	0.00
712	17.41	4089	3097	0.92	33	0	0	1	1	1	26	0	6	0	0	0.00	0.02	0.12	0.72	65.39	0.00	14.95	0.00	0.00	20.86	1.22	60.51	0.00	74	0	74	131.18	93.75	0.00	0.00	0.00	0.00	0.00	0.00	0.00	0.00	0.00	0.00	0.00	24.83	21.73	0.00	1.00	0.00	0.00
759	18.47	4089	3112	0.92	33	0	0	0	1	1	24	0	3	0	0	0.00	0.00	0.19	0.81	70.78	0.00	8.22	0.00	0.00	22.64	1.41	57.48	0.00	74	0	74	139.12	93.27	0.00	0.00	0.00	0.00	0.00	0.00	0.00	0.00	0.00	0.00	0.00	24.39	22.72	0.00	0.99	0.00	0.00
702	17.19	4088	3094	0.93	25	0	0	0	1	1	29	0	3	0	0	0.00	0.00	0.30	0.78	73.75	0.00	6.66	0.00	0.00	21.50	0.00	61.31	0.00	75	0	75	131.72	94.02	0.00	0.00	0.00	0.00	0.00	0.00	0.00	0.00	0.00	0.00	0.00	25.53	21.67	0.00	1.02	0.00	0.00
641	16.87	4087	2877	0.92	34	0	0	0	1	3	37	0	11	0	0	0.00	0.00	0.07	0.25	59.10	0.00	17.07	0.00	0.00	12.98	0.00	61.07	9.08	75	0	75	69.02	46.03	0.00	0.00	0.00	0.00	0.00	0.00	0.00	0.00	0.00	0.00	0.00	11.12	10.23	0.00	0.46	0.00	0.00
736	16.67	4085	3348	0.91	58	0	0	0	1	0	27	0	9	0	0	0.00	0.00	0.35	0.00	63.91	0.00	24.29	0.00	0.00	26.84	0.00	56.49	0.00	76	0	76	182.38	145.44	0.00	0.00	0.00	0.00	0.00	0.00	0.00	0.00	0.00	0.00	0.00	41.82	33.69	0.00	1.75	0.00	0.00
712	17.42	4087	3098	0.92	34	0	0	0	2	1	27	0	5	0	0	0.00	0.00	0.38	0.78	68.25	0.00	12.04	0.00	0.00	21.00	0.00	61.58	0.00	75	0	75	131.02	93.89	0.00	0.00	0.00	0.00	0.00	0.00	0.00	0.00	0.00	0.00	0.00	25.41	22.23	0.00	1.01	0.00	0.00
776	18.16	4085	3240	0.92	33	0	0	0	2	1	22	0	5	0	0	0.00	0.00	0.55	1.00	66.36	0.00	16.14	0.00	0.00	25.29	0.00	56.55	0.00	75	0	75	163.26	116.96	0.00	0.00	0.00	0.00	0.00	0.00	0.00	0.00	0.00	0.00	0.00	31.98	28.46	0.00	1.30	0.00	0.00
705	17.84	4090	2991	0.92	25	0	0	1	0	2	29	0	2	0	0	0.00	0.05	0.00	1.24	72.35	0.00	4.74	0.00	0.00	18.69	1.47	62.00	0.00	75	0	75	114.04	76.12	0.00	0.00	0.00	0.00	0.00	0.00	0.00	0.00	0.00	0.00	0.00	20.53	18.44	0.00	0.77	0.00	0.00
620	17.35	4089	2706	0.94	33	0	0	0	1	2	27	0	21	0	2	0.00	0.00	0.09	0.77	37.63	0.00	31.86	0.00	1.04	20.93	0.89	49.07	11.76	75	0	75	76.13	54.18	0.00	0.00	0.00	0.00	0.00	0.00	0.00	0.00	0.00	0.00	0.00	12.56	10.77	0.00	0.51	0.00	0.00
730	14.80	4084	3739	0.91	66	0	0	0	0	2	19	0	18	0	0	0.00	0.00	0.00	1.44	51.38	0.00	49.05	0.00	0.00	21.09	2.01	40.68	21.42	69	0	68	192.62	154.50	0.00	0.00	0.00	0.00	0.00	0.00	0.00	0.00	0.00	0.00	0.00	40.67	39.43	0.00	1.79	0.00	0.00
712	17.36	4084	3108	0.93	34	0	0	0	2	3	23	0	7	0	0	0.00	0.00	0.20	2.13	58.32	0.00	21.26	0.00	0.00	21.23	2.63	48.31	10.47	70	0	70	133.18	94.08	0.00	0.00	0.00	0.00	0.00	0.00	0.00	0.00	0.00	0.00	0.00	25.59	22.07	0.00	1.03	0.00	0.00
762	18.60	3820	3322	0.92	33	0	0	1	1	3	21	0	5	0	0	0.00	0.00	0.13	2.56	68.15	0.00	16.59	0.00	0.00	19.72	2.90	58.78	0.00	70	0	70	166.87	118.48	0.00	0.00	0.00	0.00	0.00	0.00	0.00	0.00	0.00	0.00	0.00	30.12	25.36	0.00	1.31	0.00	0.00
694	19.41	3800	2913	0.93	27	0	0	0	2	2	26	0	5	0	0	0.00	0.00	0.37	0.74	62.44	0.00	12.41	0.00	0.00	21.14	0.00	59.46	0.00	70	0	70	123.45	81.94	0.00	0.00	0.00	0.00	0.00	0.00	0.00	0.00	0.00	0.00	0.00	21.52	14.62	0.00	1.00	0.00	0.00
668	18.30	3665	3085	0.92	34	0	0	0	2	1	26	0	6	0	0	0.00	0.00	0.55	0.81	65.22	0.00	14.93	0.00	0.00	20.03	0.00	61.67	0.00	69	0	69	143.59	101.83	0.00	0.00	0.00	0.00	0.00	0.00	0.00	0.00	0.00	0.00	0.00	20.82	17.62	0.00	1.01	0.00	0.00
717	19.20	3500	3306	0.91	34	0	0	0	2	3	25	0	3	0	0	0.00	0.00	0.35	0.54	73.65	0.00	11.87	0.00	0.00	20.53	0.00	60.27	0.00	69	0	69	171.64	119.06	0.00	0.00	0.00	0.00	0.00	0.00	0.00	0.00	0.00	0.00	0.00	22.44	18.45	0.00	1.28	0.00	0.00
530	20.26	3354	2416	0.93	27	0	0	0	2	3	46	0	6	0	0	0.00	0.00	0.13	0.37	56.64	0.00	5.19	0.00	0.00	14.62	0.00	64.27	0.85	68	0	69	70.65	45.64	0.00	0.00	0.00	0.00	0.00	0.00	0.00	0.00	0.00	0.00	0.00	6.49	5.72	0.00	0.35	0.00	0.00
615	14.10	3209	4209	0.90	71	0	0	0	1	1	36	0	7	0	1	0.00	0.00	0.09	0.65	90.60	0.00	17.26	0.00	8.32	23.00	0.86	49.90	12.14	67	0	67	187.12	150.09	0.00	0.00	0.00	0.00	0.00	0.00	0.00	0.00	0.00	0.00	0.00	26.58	22.99	0.00	1.87	0.00	0.00
615	19.87	2922	3277	0.90	33	0	0	1	1	1	18	0	11	0	0	0.00	0.00	0.23	0.66	52.20	0.00	31.94	0.00	0.00	19.52	0.00	54.28	6.33	67	0	67	173.49	117.27	0.00	0.00	0.00	0.00	0.00	0.00	0.00	0.00	0.00	0.00	0.00	20.42	13.31	0.00	1.45	0.00	0.00
510	19.92	2900	2733	0.93	34	0	0	0	1	1	32	0	12	0	0	0.00	0.00	0.08	0.45	53.25	0.00	17.05	0.00	0.00	20.53	0.00	59.20	0.35	65	0	65	95.55	59.98	0.00	0.00	0.00	0.00	0.00	0.00	0.00	0.00	0.00	0.00	0.00	5.96	5.33	0.00	0.45	0.00	0.00
620	17.46	2900	3788	0.89	53	0	0	0	1	1	25	0	9	0	0	0.00	0.00	0.29	0.72	75.94	0.00	24.26	0.00	0.00	18.03	0.00	58.56	5.95	65	0	65	207.93	154.94	0.00	0.00	0.00	0.00	0.00	0.00	0.00	0.00	0.00	0.00	0.00	25.07	17.72	0.00	2.02	0.00	0.00
633	22.13	2900	3055	0.89	30	0	0	0	1	3	28	0	3	0	0	0.00	0.00	0.16	0.77	72.22	0.00	3.87	0.00	0.00	20.59	0.00	57.28	0.00	65	0	65	154.63	97.04	0.00	0.00	0.00	0.00	0.00	0.00	0.00	0.00	0.00	0.00	0.00	10.95	9.46	0.00	0.84	0.00	0.00
627	21.33	2900	3137	0.88	34	0	0	0	1	2	26	0	3	0	0	0.00	0.00	0.37	1.86	74.29	0.00	3.37	0.00	0.00	20.89	1.80	54.69	1.28	65	0	65	161.06	102.13	0.00	0.00	0.00	0.00	0.00	0.00	0.00	0.00	0.00	0.00	0.00	15.40	11.01	0.00	1.15	0.00	0.00
615	21.20	2900	3097	0.91	27	0	0	0	0	2	27	0	2	0	0	0.00	0.00	0.00	1.84	76.71	0.00	0.48	0.00	0.00	21.09	3.24	54.47	0.00	65	0	65	158.88	100.14	0.00	0.00	0.00	0.00	0.00	0.00	0.00	0.00	0.00	0.00	0.00	14.72	9.63	0.00	1.12	0.00	0.00
620	21.36	2900	3100	0.90	34	0	0	0	0	2	25	0	2	0	0	0.00	0.00	0.00	1.54	72.85	0.00	4.51	0.00	0.00	20.57	1.54	56.54	0.00	65	0	65	158.64	99.93	0.00	0.00	0.00	0.00	0.00	0.00	0.00	0.00	0.00	0.00	0.00	11.60	10.75	0.00	0.87	0.00	0.00
512	21.72	2900	2518	0.92	26	0	0	0	0	3	33	0	9	0	0	0.00	0.00	0.00	1.23	51.19	0.00	11.40	0.00	0.00	13.93	2.58	53.46	8.32	65	0	65	99.09	62.04	0.00	0.00	0.00	0.00	0.00	0.00	0.00	0.00	0.00	0.00	0.00	7.91	5.27	0.00	0.58	0.00	0.00
632	15.86	2900	4254	0.89	57	0	0	0	0	2	28	0	11	0	0	0.00	0.00	0.00	1.78	84.99	0.00	29.07	0.00	0.00	24.77	2.25	52.16	4.96	65	0	65	191.59	144.79	0.00	0.00	0.00	0.00	0.00	0.00	0.00	0.00	0.00	0.00	0.00	24.38	17.81	0.00	2.03	0.00	0.00
609	21.06	2900	3089	0.91	34	0	0	0	0	2	24	0	4	0	0	0.00	0.00	0.00	1.38	70.16	0.00	7.39	0.00	0.00	20.96	1.24	56.73	0.00	65	0	65	158.15	99.67	0.00	0.00	0.00	0.00	0.00	0.00	0.00	0.00	0.00	0.00	0.00	11.26	10.28	0.00	0.84	0.00	0.00
624	21.49	2900	3101	0.90	26	0	0	0	1	5	28	0	3	0	0	0.00	0.00	0.11	2.01	71.68	0.00	4.99	0.00	0.00	21.57	2.62	54.33	0.00	65	0	65	159.16	100.06	0.00	0.00	0.00	0.00	0.00	0.00	0.00	0.00	0.00	0.00	0.00	15.22	9.88	0.00	1.15	0.00	0.00
614	21.18	2900	3095	0.91	35	0	0	0	1	2	28	0	1	0	0	0.00	0.00	0.34	0.68	76.74	0.00	1.18	0.00	0.00	21.73	0.00	57.09	0.00	65	0	65	157.90	99.79	0.00	0.00	0.00	0.00	0.00	0.00	0.00	0.00	0.00	0.00	0.00	11.55	10.62	0.00	0.84	0.00	0.00
612	21.07	2900	3102	0.91	26	0	0	0	3	2	30	0	0	0	0	0.00	0.00	1.12	0.29	77.82	0.00	0.00	0.00	0.00	23.25	0.00	55.69	0.00	65	0	65	159.29	100.03	0.00	0.00	0.00	0.00	0.00	0.00	0.00	0.00	0.00	0.00	0.00	15.04	10.02	0.00	1.16	0.00	0.00
293	12.65	2900	2469	0.89	35	0	0	0	2	0	42	0	6	0	1	0.00	0.00	0.35	0.00	61.11	0.00	7.19	0.00	1.15	22.30	0.00	65.06	0.00	65	0	65	91.45	57.89	0.00	0.00	0.00	0.00	0.00	0.00	0.00	0.00	0.00	0.00	0.00	5.45	4.88	0.00	0.40	0.00	0.00
1043	24.93	2900	4467	0.94	59	0	0	0	3	1	21	0	14	0	0	0.00	0.00	0.63	0.83	63.78	0.00	43.28	0.00	0.00	15.98	0.00	54.33	4.76	65	0	65	196.86	150.60	0.00	0.00	0.00	0.00	0.00	0.00	0.00	0.00	0.00	0.00	0.00	27.87	19.32	0.00	2.29	0.00	0.00
609	21.08	2900	3082	0.92	33	0	0	1	0	0	22	0	6	0	0	0.00	0.00	0.00	0.00	66.88	0.00	11.83	0.00	0.00	20.96	0.00	57.96	0.00	65	0	65	157.30	99.33	0.00	0.00	0.00	0.00	0.00	0.00	0.00	0.00	0.00	0.00	0.00	11.19	10.19	0.00	0.86	0.00	0.00
617	21.20	2900	3109	0.91	27	0	0	1	1	2	23	0	4	0	0	0.00	0.06	0.09	1.63	68.57	0.00	8.90	0.00	0.00	21.14	0.00	57.66	0.00	64	0	64	160.69	100.66	0.00	0.00	0.00	0.00	0.00	0.00	0.00	0.00	0.00	0.00	0.00	15.76	10.55	0.00	1.15	0.00	0.00
608	21.12	2900	3075	0.91	34	0	0	0	1	1	25	0	3	0	0	0.00	0.00	0.17	0.83	71.37	0.00	6.13	0.00	0.00	21.43	0.00	57.45	0.00	65	0	65	155.29	97.73	0.00	0.00	0.00	0.00	0.00	0.00	0.00	0.00	0.00	0.00	0.00	10.89	9.67	0.00	0.83	0.00	0.00
611	20.99	2900	3106	0.91	27	0	0	0	1	1	23	0	5	0	0	0.00	0.00	0.40	0.71	68.32	0.00	9.97	0.00	0.00	20.95	0.00	57.57	0.49	64	0	64	161.20	101.78	0.00	0.00	0.00	0.00	0.00	0.00	0.00	0.00	0.00	0.00	0.00	15.34	10.80	0.00	1.15	0.00	0.00
568	20.61	2900	2943	0.92	34	0	0	0	1	3	32	0	2	0	0	0.00	0.00	0.14	0.63	71.44	0.00	3.42	0.00	0.00	21.57	0.00	57.82	0.00	65	0	65	132.63	83.57	0.00	0.00	0.00	0.00	0.00	0.00	0.00	0.00	0.00	0.00	0.00	9.22	7.75	0.00	0.68	0.00	0.00
616	19.87	2900	3308	0.90	33	0	0	0	1	1	23	0	5	0	0	0.00	0.00	0.37	0.69	72.31	0.00	12.39	0.00	0.00	19.71	0.00	60.41	0.00	65	0	65	176.04	118.56	0.00	0.00	0.00	0.00	0.00	0.00	0.00	0.00	0.00	0.00	0.00	18.36	12.51	0.00	1.44	0.00	0.00
341	14.05	2911	2583	0.90	33	0	0	0	0	1	26	0	16	0	0	0.00	0.00	0.00	0.48	45.22	0.00	26.14	0.00	0.00	21.92	0.00	59.59	4.45	65	0	64	103.34	64.57	0.00	0.00	0.00	0.00	0.00	0.00	0.00	0.00	0.00	0.00	0.00	6.26	5.53	0.00	0.48	0.00	0.00
1068	24.20	3232	4229	0.94	50	0	0	0	3	5	26	0	8	0	0	0.00	0.00	0.50	2.43	74.77	0.00	26.03	0.00	0.00	17.27	0.00	48.65	9.89	65	0	65	190.13	144.13	0.00	0.00	0.00	0.00	0.00	0.00	0.00	0.00	0.00	0.00	0.00	30.91	21.95	0.00	2.18	0.00	0.00
672	20.49	3309	3071	0.92	27	0	0	1	0	2	22	0	6	0	0	0.00	0.06	0.00	2.25	60.46	0.00	16.14	0.00	0.00	20.69	2.53	49.63	6.66	67	0	66	141.80	91.05	0.00	0.00	0.00	0.00	0.00	0.00	0.00	0.00	0.00	0.00	0.00	13.87	12.46	0.00	0.85	0.00	0.00
598	20.20	3684	2489	0.94	33	0	0	0	0	2	33	0	10	0	2	0.00	0.00	0.00	0.72	47.47	0.00	13.92	0.00	2.12	13.61	1.56	52.77	11.86	68	0	67	81.76	55.73	0.00	0.00	0.00	0.00	0.00	0.00	0.00	0.00	0.00	0.00	0.00	7.33	7.17	0.00	0.39	0.00	0.00
745	14.26	3926	4120	0.91	63	0	0	2	0	2	29	0	12	0	0	0.00	0.05	0.00	1.31	77.71	0.00	33.86	0.00	0.00	22.58	0.00	58.70	4.46	69	0	69	179.50	143.99	0.00	0.00	0.00	0.00	0.00	0.00	0.00	0.00	0.00	0.00	0.00	38.33	32.06	0.00	2.04	0.00	0.00
706	17.31	4089	3090	0.92	32	0	0	1	1	2	23	0	8	0	0	0.00	0.00	0.23	1.65	57.89	0.00	21.31	0.00	0.00	21.35	1.56	51.94	7.83	71	0	71	130.75	93.47	0.00	0.00	0.00	0.00	0.00	0.00	0.00	0.00	0.00	0.00	0.00	25.35	22.04	0.00	0.99	0.00	0.00
656	24.54	4092	2023	0.95	32	0	0	0	2	1	24	0	7	0	0	0.00	0.00	0.14	0.47	36.27	0.00	11.38	0.00	0.00	31.58	0.00	43.89	0.00	72	0	72	124.10	88.44	0.00	0.00	0.00	0.00	0.00	0.00	0.00	0.00	0.00	0.00	0.00	15.06	13.18	0.00	0.63	0.00	0.00
758	12.52	4086	4587	0.83	52	0	1	1	2	2	36	0	12	0	0	0.10	0.02	0.50	1.60	93.02	0.00	33.16	0.00	0.00	15.22	1.85	62.40	8.02	70	0	68	127.58	106.26	0.00	0.00	0.00	0.00	0.00	0.00	0.00	0.00	0.00	0.00	0.00	39.49	31.97	0.00	1.77	0.00	0.00
739	17.85	4083	3141	0.87	34	0	0	0	1	1	23	0	10	0	0	0.00	0.00	0.10	0.73	58.06	0.00	22.85	0.00	0.00	18.86	1.31	57.27	4.72	72	0	71	124.86	93.32	0.00	0.00	0.00	0.00	0.00	0.00	0.00	0.00	0.00	0.00	0.00	23.86	21.19	0.00	0.99	0.00	0.00
719	18.02	4085	3023	0.86	34	0	1	0	0	5	32	0	2	0	0	0.17	0.00	0.00	0.61	74.12	0.00	3.79	0.00	0.00	20.09	0.00	61.89	0.00	73	0	73	122.09	92.88	0.00	0.00	0.00	0.00	0.00	0.00	0.00	0.00	0.00	0.00	0.00	24.28	21.01	0.00	1.00	0.00	0.00
734	17.30	4087	3215	0.86	36	0	0	0	0	1	28	0	6	0	0	0.00	0.00	0.00	0.69	70.51	0.00	13.48	0.00	0.00	17.65	1.10	63.95	0.00	73	0	73	123.90	94.57	0.00	0.00	0.00	0.00	0.00	0.00	0.00	0.00	0.00	0.00	0.00	24.64	21.52	0.00	1.03	0.00	0.00
721	18.32	4088	2981	0.87	31	0	0	1	1	1	27	0	3	0	0	0.00	0.02	0.30	0.77	67.92	0.00	8.32	0.00	0.00	19.42	0.00	62.25	0.00	73	0	73	122.71	93.01	0.00	0.00	0.00	0.00	0.00	0.00	0.00	0.00	0.00	0.00	0.00	24.30	20.61	0.00	0.99	0.00	0.00
735	17.40	4087	3201	0.86	33	0	0	0	1	0	26	0	9	0	0	0.00	0.00	0.15	0.00	62.96	0.00	21.37	0.00	0.00	17.55	0.00	60.06	4.99	74	0	74	123.81	95.00	0.00	0.00	0.00	0.00	0.00	0.00	0.00	0.00	0.00	0.00	0.00	24.06	21.46	0.00	1.02	0.00	0.00
615	17.16	4087	2715	0.91	65	0	0	0	1	3	38	0	15	0	4	0.00	0.00	0.09	0.47	47.75	0.00	20.96	0.00	2.44	19.36	0.00	49.80	13.68	73	0	74	107.33	90.15	0.00	0.00	0.00	0.00	0.00	0.00	0.00	0.00	0.00	0.00	0.00	17.97	16.42	0.00	0.80	0.00	0.00
710	12.05	4070	4484	0.71	43	0	0	2	7	2	42	0	13	0	0	0.00	0.09	1.57	1.75	82.47	0.00	38.43	0.00	0.00	21.51	2.22	64.21	0.00	70	0	72	142.27	99.72	0.00	0.00	0.00	0.00	0.00	0.00	0.00	0.00	0.00	0.00	0.00	37.34	33.37	0.00	1.69	0.00	0.00
922	21.29	4033	3323	0.68	27	0	0	2	18	3	42	0	0	0	0	0.00	0.10	7.17	1.23	71.46	0.00	0.00	0.00	0.00	38.16	0.70	39.85	0.00	67	0	68	157.96	86.88	0.00	0.00	0.00	0.00	0.00	0.00	0.00	0.00	0.00	0.00	0.00	35.03	27.19	0.00	1.71	0.00	0.00
772	19.97	3847	3112	0.71	26	0	0	2	19	9	35	0	0	0	0	0.00	0.14	15.79	3.70	60.12	0.00	0.00	0.00	0.00	49.34	3.51	27.18	0.00	66	0	66	168.84	93.43	0.00	0.00	0.00	0.00	0.00	0.00	0.00	0.00	0.00	0.00	0.00	27.72	23.59	0.00	1.29	0.00	0.00
856	24.19	3700	2961	0.62	26	0	0	3	66	13	40	0	0	0	0	0.00	0.47	23.38	11.44	37.62	0.00	0.00	0.00	0.00	58.65	7.92	9.24	0.00	65	0	65	159.34	91.00	0.00	0.00	0.00	0.00	0.00	0.00	0.00	0.00	0.00	0.00	0.00	22.89	19.63	0.00	1.09	0.00	0.00
823	21.38	3701	3221	0.71	33	0	0	3	23	9	25	0	0	0	0	0.00	0.13	23.60	5.38	52.87	0.00	0.00	0.00	0.00	51.60	6.64	20.38	0.00	64	0	65	173.11	101.30	0.00	0.00	0.00	0.00	0.00	0.00	0.00	0.00	0.00	0.00	0.00	25.38	23.21	0.00	1.18	0.00	0.00
305	8.59	3612	3048	0.85	26	0	0	0	2	2	28	0	0	0	0	0.00	0.00	1.33	3.42	85.26	0.00	0.00	0.00	0.00	14.52	6.12	70.77	0.00	64	0	64	78.73	62.63	0.00	0.00	4.67	24.80	0.00	0.00	0.00	0.00	0.00	0.00	0.00	14.02	9.60	0.00	1.08	0.00	0.00
311	9.16	3400	3088	0.86	25	0	0	0	2	2	28	0	0	0	0	0.00	0.00	0.84	2.78	87.13	0.00	0.00	0.00	0.00	13.58	2.81	74.44	0.00	63	0	64	71.09	64.29	0.00	0.00	2.66	25.32	0.00	0.00	0.00	0.00	0.00	0.00	0.00	9.84	7.46	0.00	1.04	0.00	0.00
293	8.76	3398	3048	0.87	25	0	0	0	3	0	28	0	0	0	0	0.00	0.00	1.21	0.00	88.79	0.00	0.00	0.00	0.00	14.95	0.00	76.29	0.00	62	0	63	70.25	64.69	0.00	0.00	2.74	26.13	0.00	0.00	0.00	0.00	0.00	0.00	0.00	10.15	6.90	0.00	0.99	0.00	0.00
332	10.27	3245	3086	0.82	26	0	0	1	1	4	29	0	3	0	0	0.00	0.00	0.24	4.01	79.50	0.00	5.83	0.00	0.00	16.14	5.20	68.39	0.00	62	0	62	82.46	69.64	0.00	0.00	4.89	17.32	0.00	0.00	0.00	0.00	0.00	0.00	0.00	13.53	8.60	0.00	1.21	0.00	0.00
279	9.01	3100	3094	0.87	25	0	0	0	1	1	30	0	0	0	0	0.00	0.00	0.24	1.27	89.57	0.00	0.00	0.00	0.00	13.50	2.31	75.17	0.00	62	0	62	72.94	65.58	0.00	0.00	4.98	22.98	0.00	0.00	0.00	0.00	0.00	0.00	0.00	7.80	5.93	0.00	0.92	0.00	0.00
450	15.83	3012	2923	0.78	53	0	0	0	1	5	52	0	0	0	0	0.00	0.00	0.22	1.84	77.75	0.00	0.00	0.00	0.00	20.26	1.43	62.48	0.00	61	0	61	90.18	64.77	0.00	0.00	2.35	24.03	0.00	0.00	0.00	0.00	0.00	0.00	0.00	7.86	6.89	0.00	0.86	0.00	0.00
706	24.47	2822	3163	0.85	25	0	1	1	3	5	34	0	0	0	0	0.08	0.00	1.66	2.93	72.69	0.00	0.00	0.00	0.00	29.76	3.28	42.49	0.00	61	0	61	200.78	100.74	0.00	0.00	0.00	0.00	0.00	0.00	0.00	0.00	0.00	0.00	0.00	16.53	11.95	0.00	1.45	0.00	0.00
581	24.57	2795	2618	0.92	33	0	0	1	2	4	29	0	0	0	0	0.00	0.04	0.53	3.34	59.98	0.00	0.00	0.00	0.00	22.26	7.10	46.07	0.00	61	0	61	155.87	89.60	0.00	0.00	0.00	0.00	0.00	0.00	0.00	0.00	0.00	0.00	0.00	11.77	7.86	0.00	1.06	0.00	0.00
500	16.89	2568	3569	0.89	41	0	0	1	2	3	38	0	0	1	1	0.00	0.05	0.80	1.06	93.33	0.00	0.00	0.44	0.34	22.97	0.79	59.35	0.00	61	0	61	161.65	107.05	0.00	0.00	0.00	0.00	0.00	0.00	0.00	0.00	0.00	0.00	0.00	12.05	10.51	0.00	1.29	0.00	0.00
279	11.03	2500	3128	0.82	34	0	0	0	2	3	32	0	2	0	0	0.00	0.00	0.49	2.12	84.69	0.00	2.82	0.00	0.00	14.91	1.47	72.58	0.00	60	0	60	92.23	72.54	0.00	0.00	3.48	20.32	0.00	0.00	0.00	0.00	0.00	0.00	0.00	9.16	5.19	0.00	1.18	0.00	0.00
226	9.71	2421	2976	0.85	36	0	0	0	1	1	35	0	1	0	0	0.00	0.00	0.14	0.67	83.64	0.00	2.58	0.00	0.00	14.35	0.00	75.94	0.00	60	0	60	82.10	70.05	0.00	0.00	3.99	19.19	0.00	0.00	0.00	0.00	0.00	0.00	0.00	6.99	4.07	0.00	1.01	0.00	0.00
232	10.54	2200	3103	0.85	33	0	0	0	1	2	34	0	3	0	0	0.00	0.00	0.31	1.13	82.43	0.00	6.04	0.00	0.00	14.66	1.06	73.75	0.00	59	0	59	82.52	74.38	0.00	0.00	4.46	17.19	0.00	0.00	0.00	0.00	0.00	0.00	0.00	6.98	4.01	0.00	0.98	0.00	0.00
203	10.03	2125	2940	0.85	32	0	1	0	0	2	32	0	6	0	0	0.04	0.00	0.00	1.12	74.90	0.00	9.64	0.00	0.00	14.20	1.36	74.40	0.00	58	0	58	82.11	73.49	0.00	0.00	1.91	19.23	0.00	0.00	0.00	0.00	0.00	0.00	0.00	7.11	3.20	0.00	1.08	0.00	0.00
206	10.86	1900	3094	0.85	41	0	0	0	1	1	31	0	10	0	0	0.00	0.00	0.29	0.38	70.66	0.00	18.09	0.00	0.00	15.02	0.00	71.06	3.07	58	0	58	84.58	76.66	0.00	0.00	3.45	15.75	0.00	0.00	0.00	0.00	0.00	0.00	0.00	5.38	3.36	0.00	0.85	0.00	0.00
182	10.63	1815	2921	0.84	41	0	0	0	2	0	34	0	9	0	0	0.00	0.00	0.41	0.00	69.64	0.00	14.59	0.00	0.00	15.73	0.00	72.72	0.92	58	0	58	84.67	74.67	0.00	0.00	3.17	14.80	0.00	0.00	0.00	0.00	0.00	0.00	0.00	5.84	2.82	0.00	0.94	0.00	0.00
