Avg_MHz	Busy%	Bzy_MHz	TSC_MHz	IPC	IRQ	SMI	POLL	C1	C1E	C3	C6	C7s	C8	C9	C10	POLL%	C1%	C1E%	C3%	C6%	C7s%	C8%	C9%	C10%	CPU%c1	CPU%c3	CPU%c6	CPU%c7	CoreTmp	CoreThr	PkgTmp	Totl%C0	Any%C0	GFX%C0	CPUGFX%	Pkg%pc2	Pkg%pc3	Pkg%pc6	Pkg%pc7	Pkg%pc8	Pkg%pc9	Pk%pc10	CPU%LPI	SYS%LPI	PkgWatt	CorWatt	GFXWatt	RAMWatt	PKG_%	RAM_%
234	14.46	1600	3135	0.86	80	0	0	4	2	6	33	0	3	0	0	0.00	5.90	0.67	10.45	65.06	0.00	4.85	0.00	0.00	27.38	9.94	48.21	0.00	56	0	56	99.48	81.32	0.00	0.00	3.53	12.83	0.00	0.00	0.00	0.00	0.00	0.00	0.00	5.59	2.99	0.00	0.96	0.00	0.00
380	26.33	1600	2789	0.82	44	0	0	2	2	3	43	0	2	0	0	0.00	0.06	0.47	1.43	62.46	0.00	2.23	0.00	0.00	24.74	1.92	47.00	0.00	56	0	56	166.93	94.90	0.00	0.00	0.00	0.00	0.00	0.00	0.00	0.00	0.00	0.00	0.00	6.50	3.35	0.00	1.15	0.00	0.00
488	27.87	1600	3389	0.84	62	0	0	1	4	3	47	0	3	0	0	0.00	0.04	1.30	2.03	72.52	0.00	3.48	0.00	0.00	30.14	1.69	40.30	0.00	56	0	56	220.41	104.26	0.00	0.00	0.00	0.00	0.00	0.00	0.00	0.00	0.00	0.00	0.00	8.27	5.24	0.00	1.31	0.00	0.00
292	17.91	1600	3150	0.88	41	0	0	0	1	3	40	0	4	0	0	0.00	0.00	0.22	1.46	78.26	0.00	3.89	0.00	0.00	16.70	0.77	64.63	0.00	56	0	56	163.23	94.96	0.00	0.00	0.00	0.00	0.00	0.00	0.00	0.00	0.00	0.00	0.00	7.62	3.98	0.00	1.17	0.00	0.00
420	29.94	1600	2713	0.97	49	0	0	0	2	2	34	0	4	0	0	0.00	0.00	0.36	0.76	55.02	0.00	5.48	0.00	0.00	27.77	0.00	42.29	0.00	56	0	56	184.62	103.64	0.00	0.00	0.00	0.00	0.00	0.00	0.00	0.00	0.00	0.00	0.00	6.76	3.65	0.00	1.03	0.00	0.00
418	23.59	1600	3424	0.64	57	0	1	1	4	7	58	0	5	0	0	0.02	0.03	0.75	2.75	76.15	0.00	5.32	0.00	0.00	24.82	2.19	49.40	0.00	56	0	56	169.64	100.61	0.00	0.00	0.00	0.00	0.00	0.00	0.00	0.00	0.00	0.00	0.00	7.53	4.49	0.00	1.20	0.00	0.00
410	24.63	1600	3223	0.71	41	0	1	2	6	11	47	0	5	0	0	0.07	0.02	1.94	4.35	62.80	0.00	9.80	0.00	0.00	29.79	2.43	43.16	0.00	55	0	56	198.14	98.47	0.00	0.00	0.00	0.00	0.00	0.00	0.00	0.00	0.00	0.00	0.00	8.16	4.60	0.00	1.22	0.00	0.00
382	24.72	1600	2992	0.70	49	0	0	1	4	7	52	0	0	0	0	0.00	0.02	0.94	4.07	68.15	0.00	0.00	0.00	0.00	27.56	3.54	44.19	0.00	56	0	56	189.91	101.35	0.00	0.00	0.00	0.00	0.00	0.00	0.00	0.00	0.00	0.00	0.00	6.51	4.05	0.00	0.99	0.00	0.00
410	25.33	1600	3129	0.59	50	0	0	3	27	16	71	0	0	0	0	0.00	0.07	5.94	6.06	64.05	0.00	0.00	0.00	0.00	35.53	7.84	31.31	0.00	56	0	56	198.54	99.13	0.00	0.00	0.00	0.00	0.00	0.00	0.00	0.00	0.00	0.00	0.00	8.03	4.65	0.00	1.14	0.00	0.00
457	28.78	1601	3072	0.63	42	0	0	1	19	15	57	0	0	0	0	0.00	0.02	3.79	6.42	60.95	0.00	0.00	0.00	0.00	31.62	5.18	34.42	0.00	56	0	56	200.53	98.81	0.00	0.00	0.00	0.00	0.00	0.00	0.00	0.00	0.00	0.00	0.00	8.09	4.49	0.00	1.10	0.00	0.00
393	29.29	1600	2599	0.84	48	0	0	2	13	14	77	0	0	0	0	0.00	0.01	4.70	6.26	48.92	0.00	0.00	0.00	0.00	35.28	8.54	26.89	0.00	56	0	56	191.31	95.38	0.00	0.00	0.00	0.00	0.00	0.00	0.00	0.00	0.00	0.00	0.00	6.32	3.61	0.00	0.91	0.00	0.00
357	26.52	1600	2608	0.38	108	0	0	0	13	2	71	0	7	0	3	0.00	0.00	1.85	0.48	51.77	0.00	4.28	0.00	3.76	16.68	0.62	50.84	5.34	57	0	57	139.88	55.80	0.00	0.00	0.00	0.00	0.00	0.00	0.00	0.00	0.00	0.00	0.00	3.77	2.45	0.00	0.56	0.00	0.00
223	51.11	1600	845	0.19	140	0	0	0	4	0	57	0	25	0	0	0.00	0.00	0.09	0.00	9.19	0.00	4.11	0.00	0.00	16.93	0.00	24.04	7.92	57	0	57	120.15	86.57	0.00	0.00	0.00	0.00	0.00	0.00	0.00	0.00	0.00	0.00	0.00	1.37	0.67	0.00	0.25	0.00	0.00
313	15.67	2225	2783	0.05	259	0	0	0	1	1	100	0	87	0	19	0.00	0.00	0.02	0.05	14.48	0.00	13.39	0.00	47.96	21.74	0.10	22.21	40.29	57	0	56	102.12	90.87	0.00	0.00	0.00	0.00	0.00	0.00	0.00	0.00	0.00	0.00	0.00	4.38	1.79	0.00	0.83	0.00	0.00
460	9.11	3395	4608	0.04	262	0	0	0	2	0	86	0	133	0	43	0.00	0.00	0.02	0.00	12.50	0.00	20.66	0.00	102.14	13.69	0.00	13.39	63.80	65	0	65	91.72	84.75	0.00	0.00	0.00	0.00	0.00	0.00	0.00	0.00	0.00	0.00	0.00	11.44	7.58	0.00	1.27	0.00	0.00
547	3.71	2602	17545	0.74	251	0	0	0	1	1	58	0	64	0	8	0.00	0.00	0.18	0.69	146.71	0.00	168.63	0.00	230.12	6.23	0.21	44.22	45.63	57	0	57	245.57	227.85	0.00	0.00	0.00	0.00	0.00	0.00	0.00	0.00	0.00	0.00	0.00	146.31	102.68	0.00	13.30	0.00	0.00
495	22.18	2200	3138	0.76	42	0	0	0	1	2	26	0	8	0	0	0.00	0.00	0.25	0.46	61.07	0.00	17.31	0.00	0.00	21.51	0.00	56.31	0.00	58	0	58	165.50	102.62	0.00	0.00	0.00	0.00	0.00	0.00	0.00	0.00	0.00	0.00	0.00	8.46	6.46	0.00	0.95	0.00	0.00
336	21.29	2005	2434	0.74	34	0	0	0	3	5	36	0	21	0	5	0.00	0.00	0.28	0.43	33.02	0.00	20.44	0.00	7.86	17.16	0.00	50.42	11.13	58	0	59	78.36	47.06	0.00	0.00	0.00	0.00	0.00	0.00	0.00	0.00	0.00	0.00	0.00	3.87	2.22	0.00	0.43	0.00	0.00
375	17.01	1650	4142	0.75	91	0	0	1	1	4	35	0	26	0	0	0.00	0.02	0.03	0.66	56.35	0.00	54.36	0.00	0.00	21.99	0.00	42.76	18.24	58	0	58	215.43	157.24	0.00	0.00	0.00	0.00	0.00	0.00	0.00	0.00	0.00	0.00	0.00	14.72	8.29	0.00	2.11	0.00	0.00
369	23.26	1600	3071	0.75	51	0	0	0	2	1	30	0	10	0	0	0.00	0.00	0.41	0.56	57.63	0.00	17.79	0.00	0.00	21.11	1.03	47.59	7.01	58	0	57	166.50	99.20	0.00	0.00	0.00	0.00	0.00	0.00	0.00	0.00	0.00	0.00	0.00	7.26	3.84	0.00	1.04	0.00	0.00
333	22.14	1600	2906	0.76	50	0	0	1	1	2	38	0	17	0	0	0.00	0.00	0.14	0.38	51.95	0.00	20.91	0.00	0.00	21.63	0.55	52.42	3.25	58	0	57	130.72	77.55	0.00	0.00	0.00	0.00	0.00	0.00	0.00	0.00	0.00	0.00	0.00	4.15	2.78	0.00	0.62	0.00	0.00
322	20.12	1600	3099	0.76	65	0	0	0	1	0	34	0	24	0	0	0.00	0.00	0.19	0.00	47.07	0.00	33.01	0.00	0.00	20.45	0.00	56.29	3.14	58	0	57	151.89	100.40	0.00	0.00	0.00	0.00	0.00	0.00	0.00	0.00	0.00	0.00	0.00	7.66	3.56	0.00	1.14	0.00	0.00
324	20.18	1600	3103	0.77	64	0	0	1	1	1	28	0	26	0	3	0.00	0.01	0.06	0.34	40.14	0.00	37.60	0.00	2.15	20.49	0.60	49.89	8.83	57	0	57	153.18	100.67	0.00	0.00	0.00	0.00	0.00	0.00	0.00	0.00	0.00	0.00	0.00	6.70	3.59	0.00	1.01	0.00	0.00
325	20.34	1600	3092	0.76	64	0	0	1	1	0	26	0	30	0	2	0.00	0.00	0.19	0.00	35.67	0.00	42.23	0.00	1.77	20.67	0.00	39.12	19.87	57	0	58	151.79	99.39	0.00	0.00	0.00	0.00	0.00	0.00	0.00	0.00	0.00	0.00	0.00	6.66	3.47	0.00	1.01	0.00	0.00
305	21.35	1600	2764	0.74	65	0	0	0	2	1	31	0	37	0	1	0.00	0.00	0.12	0.28	31.54	0.00	38.24	0.00	0.30	16.81	0.57	44.14	17.13	57	0	58	122.32	79.93	0.00	0.00	0.00	0.00	0.00	0.00	0.00	0.00	0.00	0.00	0.00	4.82	2.62	0.00	0.71	0.00	0.00
377	18.04	1600	4041	0.75	89	0	0	0	2	1	29	0	26	0	0	0.00	0.00	0.40	0.33	53.22	0.00	53.45	0.00	0.00	22.65	0.00	43.94	15.37	58	0	57	211.07	149.81	0.00	0.00	0.00	0.00	0.00	0.00	0.00	0.00	0.00	0.00	0.00	12.32	6.31	0.00	1.95	0.00	0.00
375	23.45	1600	3097	0.75	51	0	0	0	2	1	25	0	16	0	0	0.00	0.00	0.40	0.45	47.76	0.00	28.24	0.00	0.00	21.43	0.76	51.46	2.90	57	0	57	169.17	100.19	0.00	0.00	0.00	0.00	0.00	0.00	0.00	0.00	0.00	0.00	0.00	7.30	3.93	0.00	1.04	0.00	0.00
327	22.07	1600	2871	0.76	50	0	0	0	0	1	35	0	20	0	0	0.00	0.00	0.00	0.19	45.99	0.00	26.37	0.00	0.00	21.44	0.00	53.19	3.30	57	0	57	125.54	74.34	0.00	0.00	0.00	0.00	0.00	0.00	0.00	0.00	0.00	0.00	0.00	4.07	2.55	0.00	0.61	0.00	0.00
360	22.27	1600	3125	0.74	65	0	0	1	2	2	30	0	20	0	2	0.00	0.03	0.25	0.71	43.82	0.00	32.01	0.00	1.95	17.29	0.62	45.29	14.54	57	0	57	172.52	113.35	0.00	0.00	0.00	0.00	0.00	0.00	0.00	0.00	0.00	0.00	0.00	8.17	3.90	0.00	1.25	0.00	0.00
334	21.77	1600	2968	0.75	60	0	0	0	2	7	44	0	14	0	2	0.00	0.00	0.19	0.47	52.78	0.00	20.54	0.00	1.34	19.99	0.00	52.15	6.10	57	0	57	145.48	92.77	0.00	0.00	0.00	0.00	0.00	0.00	0.00	0.00	0.00	0.00	0.00	5.80	3.16	0.00	0.88	0.00	0.00
335	20.29	1601	3192	0.76	67	0	0	0	2	3	47	0	11	0	2	0.00	0.00	0.14	0.47	65.27	0.00	15.77	0.00	0.86	20.86	0.00	55.20	3.65	57	0	57	155.28	101.23	0.00	0.00	0.00	0.00	0.00	0.00	0.00	0.00	0.00	0.00	0.00	6.79	3.67	0.00	1.02	0.00	0.00
370	19.95	1886	3044	0.76	67	0	0	0	1	0	27	0	29	0	1	0.00	0.00	0.09	0.00	35.99	0.00	42.28	0.00	0.57	18.62	0.00	40.91	20.52	58	0	57	142.33	96.06	0.00	0.00	0.00	0.00	0.00	0.00	0.00	0.00	0.00	0.00	0.00	6.20	3.80	0.00	0.89	0.00	0.00
544	18.65	2135	4229	0.75	68	0	0	0	2	1	23	0	20	0	0	0.00	0.00	0.46	0.39	56.62	0.00	53.90	0.00	0.00	23.88	0.00	42.67	14.80	58	0	58	197.50	139.24	0.00	0.00	0.00	0.00	0.00	0.00	0.00	0.00	0.00	0.00	0.00	16.05	9.89	0.00	1.97	0.00	0.00
529	21.99	2400	3101	0.77	33	0	0	0	1	2	25	0	5	0	0	0.00	0.00	0.12	1.04	66.52	0.00	10.61	0.00	0.00	20.86	0.00	57.15	0.00	58	0	58	161.59	100.01	0.00	0.00	0.00	0.00	0.00	0.00	0.00	0.00	0.00	0.00	0.00	10.04	7.19	0.00	1.00	0.00	0.00
584	22.61	2473	3236	0.79	33	0	0	0	1	1	26	0	3	0	0	0.00	0.00	0.33	0.57	73.24	0.00	6.84	0.00	0.00	20.72	0.00	56.67	0.00	59	0	59	164.38	101.30	0.00	0.00	0.00	0.00	0.00	0.00	0.00	0.00	0.00	0.00	0.00	11.08	7.65	0.00	1.11	0.00	0.00
594	21.11	2800	3110	0.78	33	0	0	0	1	1	23	0	5	0	0	0.00	0.00	0.20	0.64	65.03	0.00	13.52	0.00	0.00	20.90	0.00	57.99	0.00	60	0	60	161.08	101.49	0.00	0.00	0.00	0.00	0.00	0.00	0.00	0.00	0.00	0.00	0.00	13.55	9.34	0.00	1.11	0.00	0.00
604	21.26	2802	3141	0.79	26	0	0	0	0	1	27	0	4	0	0	0.00	0.00	0.00	0.78	73.03	0.00	6.27	0.00	0.00	21.13	1.32	56.29	0.00	59	0	60	159.95	99.87	0.00	0.00	0.00	0.00	0.00	0.00	0.00	0.00	0.00	0.00	0.00	10.62	9.28	0.00	0.85	0.00	0.00
667	21.30	3058	3169	0.78	34	0	0	0	1	1	22	0	4	0	0	0.00	0.00	0.40	0.76	70.32	0.00	9.10	0.00	0.00	20.91	1.27	56.52	0.00	61	0	61	158.81	102.16	0.00	0.00	0.00	0.00	0.00	0.00	0.00	0.00	0.00	0.00	0.00	16.70	11.74	0.00	1.23	0.00	0.00
609	20.19	3200	2921	0.79	26	0	0	0	2	3	31	0	3	0	0	0.00	0.00	0.47	1.10	67.49	0.00	6.40	0.00	0.00	21.54	1.59	56.69	0.00	62	0	61	128.01	81.45	0.00	0.00	0.00	0.00	0.00	0.00	0.00	0.00	0.00	0.00	0.00	10.70	9.30	0.00	0.70	0.00	0.00
666	19.17	3348	3211	0.78	33	0	0	0	1	2	28	0	4	0	0	0.00	0.00	0.23	1.29	72.78	0.00	9.65	0.00	0.00	19.75	1.28	59.81	0.00	63	0	62	149.27	104.25	0.00	0.00	0.00	0.00	0.00	0.00	0.00	0.00	0.00	0.00	0.00	15.70	13.55	0.00	1.04	0.00	0.00
674	18.87	3600	3074	0.78	33	0	0	0	1	5	31	0	2	0	0	0.00	0.00	0.10	1.42	73.96	0.00	5.20	0.00	0.00	20.48	1.66	58.98	0.00	65	0	64	140.89	97.89	0.00	0.00	0.00	0.00	0.00	0.00	0.00	0.00	0.00	0.00	0.00	17.82	14.14	0.00	1.02	0.00	0.00
683	18.59	3656	3111	0.77	33	0	0	0	2	3	25	0	5	0	0	0.00	0.00	0.61	1.34	65.32	0.00	14.59	0.00	0.00	20.45	1.45	53.46	6.05	65	0	65	141.58	99.62	0.00	0.00	0.00	0.00	0.00	0.00	0.00	0.00	0.00	0.00	0.00	18.65	15.86	0.00	1.02	0.00	0.00
710	17.91	3969	3090	0.78	33	0	0	1	1	2	26	0	5	0	0	0.00	0.00	0.35	1.50	68.87	0.00	10.69	0.00	0.00	20.50	2.61	55.59	3.39	67	0	67	135.20	95.90	0.00	0.00	0.00	0.00	0.00	0.00	0.00	0.00	0.00	0.00	0.00	21.37	18.94	0.00	1.01	0.00	0.00
757	17.79	3996	3297	0.79	33	0	0	2	0	3	23	0	3	0	0	0.00	0.13	0.00	2.50	75.46	0.00	8.61	0.00	0.00	20.62	2.86	58.73	0.00	67	0	67	160.03	114.87	0.00	0.00	0.00	0.00	0.00	0.00	0.00	0.00	0.00	0.00	0.00	29.41	24.65	0.00	1.29	0.00	0.00
783	18.95	4044	3164	0.78	25	0	0	0	2	2	20	0	4	0	0	0.00	0.00	0.67	1.99	63.99	0.00	14.94	0.00	0.00	22.68	0.00	58.37	0.00	68	0	68	149.31	99.73	0.00	0.00	0.00	0.00	0.00	0.00	0.00	0.00	0.00	0.00	0.00	25.48	23.46	0.00	1.03	0.00	0.00
659	18.03	4087	2770	0.80	26	0	0	0	2	2	30	0	5	0	0	0.00	0.00	0.32	0.26	61.80	0.00	9.88	0.00	0.00	22.27	0.00	59.69	0.00	69	0	69	92.91	60.87	0.00	0.00	0.00	0.00	0.00	0.00	0.00	0.00	0.00	0.00	0.00	14.70	12.67	0.00	0.60	0.00	0.00
778	16.19	4086	3643	0.78	41	0	0	0	2	2	20	0	7	0	0	0.00	0.00	0.74	2.09	66.87	0.00	27.54	0.00	0.00	19.89	1.74	50.43	11.75	69	0	69	182.21	137.57	0.00	0.00	0.00	0.00	0.00	0.00	0.00	0.00	0.00	0.00	0.00	40.05	35.36	0.00	1.69	0.00	0.00
773	18.88	4086	3102	0.79	27	0	0	0	2	1	19	0	5	0	0	0.00	0.00	0.68	1.09	58.72	0.00	19.25	0.00	0.00	23.01	0.00	58.11	0.00	69	0	69	142.94	93.73	0.00	0.00	0.00	0.00	0.00	0.00	0.00	0.00	0.00	0.00	0.00	25.30	21.69	0.00	1.04	0.00	0.00
773	19.04	4083	3080	0.79	26	0	0	0	2	6	21	0	3	0	0	0.00	0.00	0.50	2.02	65.59	0.00	10.99	0.00	0.00	23.37	2.20	55.38	0.00	69	0	69	143.82	93.80	0.00	0.00	0.00	0.00	0.00	0.00	0.00	0.00	0.00	0.00	0.00	25.33	21.74	0.00	1.00	0.00	0.00
757	18.67	4090	3070	0.79	26	0	0	0	0	4	21	0	2	0	0	0.00	0.00	0.00	3.83	68.54	0.00	6.59	0.00	0.00	22.43	3.14	55.76	0.00	69	0	69	136.91	90.06	0.00	0.00	0.00	0.00	0.00	0.00	0.00	0.00	0.00	0.00	0.00	24.55	21.66	0.00	0.97	0.00	0.00
777	18.74	4088	3139	0.78	25	0	0	0	2	2	20	0	4	0	0	0.00	0.00	0.64	1.92	62.72	0.00	15.64	0.00	0.00	22.84	0.00	58.42	0.00	69	0	69	146.72	97.31	0.00	0.00	0.00	0.00	0.00	0.00	0.00	0.00	0.00	0.00	0.00	26.39	23.23	0.00	1.03	0.00	0.00
767	18.89	4084	3077	0.79	26	0	0	0	2	3	22	0	2	0	0	0.00	0.00	0.67	1.70	69.13	0.00	7.63	0.00	0.00	23.19	2.14	55.78	0.00	70	0	70	140.47	92.13	0.00	0.00	0.00	0.00	0.00	0.00	0.00	0.00	0.00	0.00	0.00	24.66	21.67	0.00	1.00	0.00	0.00
774	18.85	4086	3112	0.79	26	0	0	0	1	4	22	0	2	0	0	0.00	0.00	0.34	2.02	69.97	0.00	7.74	0.00	0.00	22.97	0.00	58.19	0.00	70	0	70	145.16	95.94	0.00	0.00	0.00	0.00	0.00	0.00	0.00	0.00	0.00	0.00	0.00	25.79	22.38	0.00	1.03	0.00	0.00
705	18.52	4084	2884	0.78	26	0	0	0	2	5	26	0	3	0	0	0.00	0.00	0.55	1.41	64.70	0.00	7.99	0.00	0.00	23.23	1.33	56.93	0.00	70	0	71	114.20	74.36	0.00	0.00	0.00	0.00	0.00	0.00	0.00	0.00	0.00	0.00	0.00	19.24	17.27	0.00	0.75	0.00	0.00
701	17.18	4089	3088	0.78	33	0	0	1	1	3	25	0	5	0	0	0.00	0.02	0.07	1.99	64.21	0.00	15.15	0.00	0.00	21.02	2.58	59.22	0.00	70	0	71	131.80	93.66	0.00	0.00	0.00	0.00	0.00	0.00	0.00	0.00	0.00	0.00	0.00	24.39	20.66	0.00	1.00	0.00	0.00
706	17.27	4089	3097	0.78	33	0	1	0	1	3	25	0	5	0	0	0.08	0.00	0.08	2.00	63.59	0.00	15.88	0.00	0.00	21.01	2.56	53.25	5.91	70	0	71	131.39	93.53	0.00	0.00	0.00	0.00	0.00	0.00	0.00	0.00	0.00	0.00	0.00	24.47	21.51	0.00	1.01	0.00	0.00
709	17.32	4089	3101	0.78	34	0	0	1	1	3	25	0	5	0	0	0.00	0.03	0.13	2.15	63.57	0.00	15.69	0.00	0.00	21.36	2.70	58.62	0.00	71	0	70	132.59	94.45	0.00	0.00	0.00	0.00	0.00	0.00	0.00	0.00	0.00	0.00	0.00	24.43	20.77	0.00	1.01	0.00	0.00
702	17.19	4090	3093	0.78	33	0	0	1	1	3	24	0	6	0	0	0.00	0.03	0.08	1.91	60.71	0.00	18.84	0.00	0.00	21.02	2.38	53.48	5.93	71	0	70	131.55	93.55	0.00	0.00	0.00	0.00	0.00	0.00	0.00	0.00	0.00	0.00	0.00	24.01	21.39	0.00	1.01	0.00	0.00
701	17.14	4090	3093	0.78	33	0	0	0	2	3	23	0	7	0	0	0.00	0.00	0.25	2.09	58.73	0.00	20.64	0.00	0.00	21.00	2.58	53.30	5.97	71	0	71	131.72	94.21	0.00	0.00	0.00	0.00	0.00	0.00	0.00	0.00	0.00	0.00	0.00	24.74	21.80	0.00	0.99	0.00	0.00
678	19.09	4089	2689	0.75	33	0	0	1	1	3	22	0	14	0	0	0.00	0.02	0.09	1.41	41.59	0.00	26.09	0.00	0.00	14.47	1.91	46.72	17.80	71	0	71	104.57	74.79	0.00	0.00	0.00	0.00	0.00	0.00	0.00	0.00	0.00	0.00	0.00	17.08	14.53	0.00	0.71	0.00	0.00
732	15.26	4089	3630	0.76	48	0	0	1	1	2	20	0	16	0	0	0.00	0.00	0.18	1.28	54.66	0.00	41.79	0.00	0.00	23.13	0.00	48.77	12.84	71	0	71	152.19	117.65	0.00	0.00	0.00	0.00	0.00	0.00	0.00	0.00	0.00	0.00	0.00	35.22	29.24	0.00	1.52	0.00	0.00
724	17.78	4090	3084	0.77	32	0	0	0	1	2	28	0	3	0	0	0.00	0.00	0.17	1.57	71.02	0.00	7.75	0.00	0.00	20.92	1.49	59.81	0.00	71	0	71	129.26	92.84	0.00	0.00	0.00	0.00	0.00	0.00	0.00	0.00	0.00	0.00	0.00	23.17	20.53	0.00	0.98	0.00	0.00
708	17.24	4090	3108	0.78	33	0	0	0	1	1	28	0	4	0	0	0.00	0.00	0.27	0.50	68.86	0.00	12.43	0.00	0.00	21.33	0.00	61.43	0.00	71	0	71	132.97	95.06	0.00	0.00	0.00	0.00	0.00	0.00	0.00	0.00	0.00	0.00	0.00	24.42	21.55	0.00	1.00	0.00	0.00
706	17.29	4089	3090	0.78	34	0	0	0	1	2	28	0	3	0	0	0.00	0.00	0.15	1.13	71.28	0.00	8.74	0.00	0.00	20.93	1.18	60.59	0.00	71	0	71	131.83	94.41	0.00	0.00	0.00	0.00	0.00	0.00	0.00	0.00	0.00	0.00	0.00	24.38	20.82	0.00	1.01	0.00	0.00
705	17.19	4089	3103	0.78	33	0	0	0	1	2	24	0	7	0	0	0.00	0.00	0.25	1.37	61.42	0.00	18.77	0.00	0.00	21.36	1.47	59.98	0.00	71	0	71	131.95	94.01	0.00	0.00	0.00	0.00	0.00	0.00	0.00	0.00	0.00	0.00	0.00	24.05	21.31	0.00	1.00	0.00	0.00
703	17.29	4089	3078	0.78	33	0	0	0	0	2	28	0	3	0	0	0.00	0.00	0.00	1.20	72.31	0.00	7.35	0.00	0.00	20.83	1.23	60.65	0.00	71	0	71	130.10	92.74	0.00	0.00	0.00	0.00	0.00	0.00	0.00	0.00	0.00	0.00	0.00	24.25	20.77	0.00	1.01	0.00	0.00
709	17.25	4089	3112	0.78	33	0	1	0	1	1	26	0	6	0	0	0.12	0.00	0.27	0.47	64.05	0.00	17.34	0.00	0.00	21.23	0.00	61.52	0.00	72	0	72	133.34	95.26	0.00	0.00	0.00	0.00	0.00	0.00	0.00	0.00	0.00	0.00	0.00	24.20	21.01	0.00	1.01	0.00	0.00
678	17.17	4088	2991	0.77	33	0	0	0	0	2	26	0	5	0	0	0.00	0.00	0.00	1.14	63.78	0.00	13.88	0.00	0.00	20.28	1.18	61.37	0.00	72	0	72	127.40	90.88	0.00	0.00	0.00	0.00	0.00	0.00	0.00	0.00	0.00	0.00	0.00	23.18	20.31	0.00	0.96	0.00	0.00
738	17.10	4090	3268	0.75	33	0	1	1	0	1	29	0	5	0	0	0.07	0.02	0.00	0.62	72.33	0.00	13.22	0.00	0.00	22.97	1.04	53.34	5.56	71	0	72	130.92	94.89	0.00	0.00	0.00	0.00	0.00	0.00	0.00	0.00	0.00	0.00	0.00	24.33	21.68	0.00	1.01	0.00	0.00
735	18.02	4088	3088	0.77	33	0	1	1	0	3	23	0	8	0	0	0.10	0.00	0.00	1.92	57.14	0.00	21.39	0.00	0.00	19.75	2.54	48.99	10.70	71	0	72	129.91	93.03	0.00	0.00	0.00	0.00	0.00	0.00	0.00	0.00	0.00	0.00	0.00	23.81	21.06	0.00	0.99	0.00	0.00
784	17.57	4084	3382	0.77	33	0	0	0	2	5	25	0	3	0	0	0.00	0.00	0.27	1.44	75.04	0.00	11.89	0.00	0.00	22.12	0.00	60.31	0.00	71	0	71	164.84	117.91	0.00	0.00	0.00	0.00	0.00	0.00	0.00	0.00	0.00	0.00	0.00	33.05	28.70	0.00	1.37	0.00	0.00
769	18.86	4089	3088	0.79	26	0	1	0	0	3	20	0	3	0	0	0.13	0.00	0.00	2.36	66.38	0.00	10.64	0.00	0.00	22.02	3.16	55.96	0.00	71	0	71	139.67	91.51	0.00	0.00	0.00	0.00	0.00	0.00	0.00	0.00	0.00	0.00	0.00	24.78	21.07	0.00	0.99	0.00	0.00
660	20.13	4087	2483	0.75	27	0	0	0	2	6	30	0	10	0	0	0.00	0.00	0.13	0.74	46.34	0.00	15.85	0.00	0.00	14.98	0.00	51.74	13.14	71	0	71	80.64	53.35	0.00	0.00	0.00	0.00	0.00	0.00	0.00	0.00	0.00	0.00	0.00	11.10	9.87	0.00	0.45	0.00	0.00
730	14.29	4088	3867	0.76	57	0	0	0	1	2	28	0	11	0	0	0.00	0.00	0.15	1.13	71.61	0.00	32.72	0.00	0.00	23.60	0.00	57.36	4.75	72	0	72	160.62	127.90	0.00	0.00	0.00	0.00	0.00	0.00	0.00	0.00	0.00	0.00	0.00	40.53	34.11	0.00	1.76	0.00	0.00
724	17.83	4089	3076	0.78	32	0	0	1	0	1	29	0	3	0	0	0.00	0.05	0.00	0.69	73.61	0.00	5.83	0.00	0.00	20.67	0.00	59.62	1.89	72	0	72	130.44	92.75	0.00	0.00	0.00	0.00	0.00	0.00	0.00	0.00	0.00	0.00	0.00	24.06	20.61	0.00	0.99	0.00	0.00
694	17.17	4089	3059	0.78	32	0	0	1	0	1	27	0	5	0	0	0.00	0.05	0.00	0.49	66.13	0.00	13.95	0.00	0.00	20.73	0.00	62.11	0.00	73	0	73	131.18	93.78	0.00	0.00	0.00	0.00	0.00	0.00	0.00	0.00	0.00	0.00	0.00	23.64	20.61	0.00	0.99	0.00	0.00
719	17.14	4089	3176	0.78	33	0	0	0	1	3	31	0	3	0	0	0.00	0.00	0.10	0.69	73.94	0.00	9.08	0.00	0.00	21.71	0.00	61.15	0.00	72	0	72	134.25	96.21	0.00	0.00	0.00	0.00	0.00	0.00	0.00	0.00	0.00	0.00	0.00	24.71	22.54	0.00	1.01	0.00	0.00
704	17.41	4090	3059	0.78	32	0	0	0	1	4	32	0	0	0	0	0.00	0.00	0.20	0.97	78.96	0.00	0.00	0.00	0.00	21.82	0.00	60.77	0.00	71	0	71	129.20	91.66	0.00	0.00	0.00	0.00	0.00	0.00	0.00	0.00	0.00	0.00	0.00	24.88	20.69	0.00	1.02	0.00	0.00
710	17.23	4089	3120	0.78	34	0	1	0	1	2	27	0	4	0	0	0.13	0.00	0.33	1.38	70.00	0.00	10.56	0.00	0.00	21.36	1.58	59.83	0.00	72	0	72	133.41	95.29	0.00	0.00	0.00	0.00	0.00	0.00	0.00	0.00	0.00	0.00	0.00	24.28	21.33	0.00	0.99	0.00	0.00
702	17.33	4088	3069	0.78	33	0	0	0	0	2	26	0	5	0	0	0.00	0.00	0.00	1.12	65.43	0.00	14.04	0.00	0.00	20.72	1.11	60.83	0.00	72	0	72	130.17	92.69	0.00	0.00	0.00	0.00	0.00	0.00	0.00	0.00	0.00	0.00	0.00	24.05	21.07	0.00	1.01	0.00	0.00
686	17.21	4087	3018	0.76	33	0	0	1	1	1	31	0	3	0	0	0.00	0.00	0.30	0.42	71.73	0.00	7.14	0.00	0.00	20.88	0.00	61.90	0.00	72	0	72	128.65	91.93	0.00	0.00	0.00	0.00	0.00	0.00	0.00	0.00	0.00	0.00	0.00	23.18	20.19	0.00	0.94	0.00	0.00
844	17.70	4085	3614	0.74	35	0	0	0	1	2	24	0	4	0	0	0.00	0.00	0.41	1.98	77.72	0.00	14.19	0.00	0.00	23.43	1.29	57.59	0.00	72	0	72	161.46	117.09	0.00	0.00	0.00	0.00	0.00	0.00	0.00	0.00	0.00	0.00	0.00	33.07	30.92	0.00	1.37	0.00	0.00
725	19.05	4085	2883	0.77	26	0	0	0	2	5	26	0	4	0	0	0.00	0.00	0.38	1.39	61.15	0.00	11.21	0.00	0.00	22.25	1.74	56.96	0.00	73	0	73	115.44	75.31	0.00	0.00	0.00	0.00	0.00	0.00	0.00	0.00	0.00	0.00	0.00	19.45	16.49	0.00	0.75	0.00	0.00
718	17.63	4089	3086	0.77	33	0	0	1	0	3	26	0	4	0	0	0.00	0.05	0.00	1.90	67.90	0.00	11.00	0.00	0.00	20.36	2.45	59.57	0.00	72	0	72	129.76	92.61	0.00	0.00	0.00	0.00	0.00	0.00	0.00	0.00	0.00	0.00	0.00	24.15	20.54	0.00	1.01	0.00	0.00
708	17.27	4089	3103	0.78	33	0	0	1	1	3	25	0	5	0	0	0.00	0.03	0.15	2.10	65.18	0.00	14.36	0.00	0.00	21.12	2.57	53.15	5.89	72	0	72	132.62	94.75	0.00	0.00	0.00	0.00	0.00	0.00	0.00	0.00	0.00	0.00	0.00	23.74	21.07	0.00	1.01	0.00	0.00
701	17.20	4090	3087	0.78	33	0	0	1	1	3	24	0	6	0	0	0.00	0.02	0.07	1.90	61.39	0.00	18.01	0.00	0.00	20.98	2.39	48.93	10.50	72	0	72	130.54	93.53	0.00	0.00	0.00	0.00	0.00	0.00	0.00	0.00	0.00	0.00	0.00	24.39	20.72	0.00	1.01	0.00	0.00
707	17.24	4088	3106	0.78	33	0	0	1	1	3	25	0	5	0	0	0.00	0.03	0.18	2.18	65.22	0.00	14.37	0.00	0.00	21.29	2.61	52.94	5.92	72	0	72	132.77	94.53	0.00	0.00	0.00	0.00	0.00	0.00	0.00	0.00	0.00	0.00	0.00	23.70	20.91	0.00	1.01	0.00	0.00
697	17.15	4089	3078	0.78	33	0	0	2	0	4	24	0	6	0	0	0.00	0.10	0.00	2.09	60.20	0.00	18.79	0.00	0.00	21.22	2.65	53.05	5.94	72	0	72	129.94	92.88	0.00	0.00	0.00	0.00	0.00	0.00	0.00	0.00	0.00	0.00	0.00	24.50	20.89	0.00	0.99	0.00	0.00
704	17.13	4086	3114	0.78	37	0	0	0	3	2	28	0	5	0	0	0.00	0.00	0.85	1.26	65.49	0.00	14.09	0.00	0.00	23.63	1.05	54.45	3.73	72	0	72	134.18	94.71	0.00	0.00	0.00	0.00	0.00	0.00	0.00	0.00	0.00	0.00	0.00	23.87	21.44	0.00	1.01	0.00	0.00
710	17.31	4090	3107	0.78	34	0	0	1	0	3	25	0	6	0	0	0.00	0.03	0.00	1.87	63.15	0.00	16.61	0.00	0.00	20.98	2.47	53.21	6.04	72	0	72	130.97	92.59	0.00	0.00	0.00	0.00	0.00	0.00	0.00	0.00	0.00	0.00	0.00	25.00	21.41	0.00	1.03	0.00	0.00
704	17.32	4091	3078	0.78	33	0	0	0	2	3	26	0	5	0	0	0.00	0.00	0.27	2.06	64.87	0.00	14.11	0.00	0.00	21.28	2.52	52.98	5.91	73	0	72	132.12	94.60	0.00	0.00	0.00	0.00	0.00	0.00	0.00	0.00	0.00	0.00	0.00	23.22	20.14	0.00	1.00	0.00	0.00
702	17.10	4090	3109	0.78	34	0	0	1	1	3	23	0	7	0	0	0.00	0.05	0.18	2.06	60.83	0.00	19.08	0.00	0.00	21.08	2.45	48.94	10.44	72	0	73	131.97	94.38	0.00	0.00	0.00	0.00	0.00	0.00	0.00	0.00	0.00	0.00	0.00	24.10	20.93	0.00	1.01	0.00	0.00
701	17.20	4090	3086	0.78	33	0	0	1	1	3	25	0	5	0	0	0.00	0.05	0.15	2.11	64.16	0.00	14.95	0.00	0.00	21.17	2.55	53.20	5.88	72	0	72	131.82	94.24	0.00	0.00	0.00	0.00	0.00	0.00	0.00	0.00	0.00	0.00	0.00	25.00	21.87	0.00	0.99	0.00	0.00
698	17.09	4090	3091	0.78	33	0	0	1	1	3	23	0	7	0	0	0.00	0.02	0.10	2.02	58.39	0.00	21.18	0.00	0.00	20.97	2.54	48.87	10.54	73	0	73	130.51	93.56	0.00	0.00	0.00	0.00	0.00	0.00	0.00	0.00	0.00	0.00	0.00	23.84	21.01	0.00	1.01	0.00	0.00
704	17.16	4090	3107	0.78	33	0	0	1	1	2	25	0	6	0	0	0.00	0.00	0.15	1.38	62.32	0.00	18.26	0.00	0.00	21.12	1.30	54.52	5.90	73	0	72	132.43	94.68	0.00	0.00	0.00	0.00	0.00	0.00	0.00	0.00	0.00	0.00	0.00	25.46	22.05	0.00	1.01	0.00	0.00
697	17.11	4090	3085	0.78	33	0	0	2	0	3	24	0	6	0	0	0.00	0.07	0.00	1.87	61.55	0.00	17.98	0.00	0.00	20.99	2.41	49.01	10.48	73	0	73	129.91	92.88	0.00	0.00	0.00	0.00	0.00	0.00	0.00	0.00	0.00	0.00	0.00	23.94	20.70	0.00	1.01	0.00	0.00
698	17.12	4089	3086	0.79	33	0	0	1	1	3	24	0	7	0	0	0.00	0.02	0.17	2.04	61.22	0.00	17.89	0.00	0.00	21.31	2.51	53.37	5.69	73	0	72	127.54	91.15	0.00	0.00	0.00	0.00	0.00	0.00	0.00	0.00	0.00	0.00	0.00	23.95	21.00	0.00	0.97	0.00	0.00
709	17.08	4091	3141	0.77	33	0	0	1	1	2	22	0	8	0	0	0.00	0.05	0.10	1.17	58.08	0.00	23.84	0.00	0.00	20.42	0.00	62.50	0.00	73	0	72	138.57	100.32	0.00	0.00	0.00	0.00	0.00	0.00	0.00	0.00	0.00	0.00	0.00	25.97	23.27	0.00	1.05	0.00	0.00
704	17.34	4089	3072	0.79	33	0	0	1	1	2	24	0	6	0	0	0.00	0.03	0.10	1.53	62.33	0.00	16.87	0.00	0.00	20.90	2.64	55.66	3.46	72	0	72	129.59	91.49	0.00	0.00	0.00	0.00	0.00	0.00	0.00	0.00	0.00	0.00	0.00	23.60	20.00	0.00	0.99	0.00	0.00
700	17.15	4090	3088	0.78	33	0	0	2	0	3	22	0	8	0	0	0.00	0.07	0.00	1.90	56.50	0.00	22.95	0.00	0.00	20.98	2.42	48.97	10.48	73	0	73	130.44	93.51	0.00	0.00	0.00	0.00	0.00	0.00	0.00	0.00	0.00	0.00	0.00	24.23	20.61	0.00	1.01	0.00	0.00
705	17.19	4090	3102	0.79	33	0	0	1	1	3	25	0	5	0	0	0.00	0.03	0.15	2.13	63.59	0.00	15.95	0.00	0.00	21.28	2.60	53.04	5.89	73	0	73	132.28	94.35	0.00	0.00	0.00	0.00	0.00	0.00	0.00	0.00	0.00	0.00	0.00	23.96	21.15	0.00	1.02	0.00	0.00
702	17.19	4090	3090	0.78	33	0	0	1	1	3	24	0	6	0	0	0.00	0.02	0.07	1.92	62.81	0.00	16.67	0.00	0.00	20.97	2.45	54.84	4.55	73	0	73	130.72	93.58	0.00	0.00	0.00	0.00	0.00	0.00	0.00	0.00	0.00	0.00	0.00	23.87	20.38	0.00	0.99	0.00	0.00
704	17.18	4089	3102	0.79	33	0	0	1	1	3	23	0	7	0	0	0.00	0.03	0.15	2.18	59.66	0.00	19.80	0.00	0.00	21.24	2.61	48.53	10.43	73	0	73	132.45	94.46	0.00	0.00	0.00	0.00	0.00	0.00	0.00	0.00	0.00	0.00	0.00	23.96	20.97	0.00	1.01	0.00	0.00
700	17.15	4090	3091	0.78	33	0	0	2	0	3	22	0	8	0	0	0.00	0.10	0.00	2.00	56.62	0.00	23.01	0.00	0.00	20.94	2.45	53.54	5.92	73	0	73	130.70	93.64	0.00	0.00	0.00	0.00	0.00	0.00	0.00	0.00	0.00	0.00	0.00	24.30	21.12	0.00	1.01	0.00	0.00
703	17.16	4090	3102	0.79	33	0	0	1	1	3	25	0	5	0	0	0.00	0.03	0.15	2.13	64.23	0.00	15.16	0.00	0.00	21.10	2.62	53.12	6.00	73	0	73	132.27	94.36	0.00	0.00	0.00	0.00	0.00	0.00	0.00	0.00	0.00	0.00	0.00	24.43	21.66	0.00	0.99	0.00	0.00
703	17.19	4090	3096	0.78	33	0	0	2	0	3	23	0	7	0	0	0.00	0.10	0.00	1.93	59.92	0.00	19.79	0.00	0.00	20.98	2.41	49.02	10.40	73	0	73	130.82	93.73	0.00	0.00	0.00	0.00	0.00	0.00	0.00	0.00	0.00	0.00	0.00	24.22	20.83	0.00	1.01	0.00	0.00
700	17.15	4090	3091	0.78	33	0	0	0	2	3	24	0	6	0	0	0.00	0.00	0.27	2.09	61.44	0.00	17.90	0.00	0.00	21.03	2.59	48.80	10.43	73	0	72	131.58	94.19	0.00	0.00	0.00	0.00	0.00	0.00	0.00	0.00	0.00	0.00	0.00	24.90	22.03	0.00	1.00	0.00	0.00
700	17.12	4090	3095	0.78	33	0	0	1	1	3	23	0	7	0	0	0.00	0.03	0.13	2.03	58.49	0.00	21.18	0.00	0.00	21.00	2.42	48.98	10.48	73	0	73	130.86	93.64	0.00	0.00	0.00	0.00	0.00	0.00	0.00	0.00	0.00	0.00	0.00	24.21	20.85	0.00	1.01	0.00	0.00
704	17.18	4090	3102	0.78	33	0	0	1	1	2	26	0	5	0	0	0.00	0.03	0.15	1.30	65.35	0.00	15.07	0.00	0.00	21.26	1.19	54.47	5.91	73	0	73	132.54	94.56	0.00	0.00	0.00	0.00	0.00	0.00	0.00	0.00	0.00	0.00	0.00	24.81	21.94	0.00	1.01	0.00	0.00
705	17.26	4089	3092	0.78	33	0	0	2	0	3	22	0	8	0	0	0.00	0.08	0.00	1.90	57.40	0.00	22.16	0.00	0.00	20.73	2.48	48.96	10.58	73	0	73	130.70	93.35	0.00	0.00	0.00	0.00	0.00	0.00	0.00	0.00	0.00	0.00	0.00	24.07	20.68	0.00	1.01	0.00	0.00
702	17.14	4090	3099	0.79	33	0	0	1	1	3	24	0	6	0	0	0.00	0.05	0.17	2.15	63.36	0.00	16.16	0.00	0.00	21.30	2.57	53.09	5.89	73	0	73	131.80	94.19	0.00	0.00	0.00	0.00	0.00	0.00	0.00	0.00	0.00	0.00	0.00	24.16	20.70	0.00	0.99	0.00	0.00
698	17.09	4090	3093	0.78	33	0	0	1	1	3	24	0	6	0	0	0.00	0.03	0.08	1.95	60.75	0.00	18.86	0.00	0.00	21.12	2.42	53.46	5.91	73	0	72	130.51	93.38	0.00	0.00	0.00	0.00	0.00	0.00	0.00	0.00	0.00	0.00	0.00	24.54	21.52	0.00	1.01	0.00	0.00
702	17.14	4090	3101	0.78	33	0	0	1	1	3	23	0	7	0	0	0.00	0.05	0.15	2.17	58.41	0.00	21.17	0.00	0.00	20.96	2.60	48.81	10.50	73	0	73	131.84	94.30	0.00	0.00	0.00	0.00	0.00	0.00	0.00	0.00	0.00	0.00	0.00	24.48	21.18	0.00	1.02	0.00	0.00
700	17.15	4090	3089	0.78	33	0	0	1	1	3	24	0	6	0	0	0.00	0.00	0.08	1.98	61.27	0.00	18.23	0.00	0.00	21.11	2.41	53.42	5.92	73	0	73	130.65	93.36	0.00	0.00	0.00	0.00	0.00	0.00	0.00	0.00	0.00	0.00	0.00	23.98	21.32	0.00	0.99	0.00	0.00
707	17.25	4090	3103	0.78	33	0	0	1	1	3	24	0	6	0	0	0.00	0.03	0.15	2.13	61.57	0.00	17.96	0.00	0.00	20.95	2.60	48.72	10.49	73	0	73	132.67	94.87	0.00	0.00	0.00	0.00	0.00	0.00	0.00	0.00	0.00	0.00	0.00	24.63	21.21	0.00	1.01	0.00	0.00
703	17.24	4089	3088	0.78	33	0	0	2	0	3	24	0	6	0	0	0.00	0.12	0.00	2.00	62.10	0.00	17.26	0.00	0.00	20.86	2.58	53.38	5.93	73	0	73	130.87	93.32	0.00	0.00	0.00	0.00	0.00	0.00	0.00	0.00	0.00	0.00	0.00	24.30	21.06	0.00	1.01	0.00	0.00
702	17.13	4090	3102	0.79	33	0	0	1	1	3	24	0	6	0	0	0.00	0.05	0.17	2.15	60.77	0.00	18.78	0.00	0.00	21.22	2.60	53.14	5.90	73	0	73	131.95	94.32	0.00	0.00	0.00	0.00	0.00	0.00	0.00	0.00	0.00	0.00	0.00	24.86	21.20	0.00	1.01	0.00	0.00
681	19.14	4089	2692	0.75	33	0	0	1	1	3	23	0	13	0	0	0.00	0.02	0.05	1.40	43.09	0.00	24.68	0.00	0.00	14.59	1.95	49.33	15.00	73	0	73	104.75	75.07	0.00	0.00	0.00	0.00	0.00	0.00	0.00	0.00	0.00	0.00	0.00	16.57	14.72	0.00	0.69	0.00	0.00
727	15.17	4089	3629	0.76	48	0	0	0	2	2	27	0	9	0	0	0.00	0.00	0.30	1.40	72.42	0.00	24.02	0.00	0.00	23.38	0.00	54.66	6.79	73	0	73	151.68	116.95	0.00	0.00	0.00	0.00	0.00	0.00	0.00	0.00	0.00	0.00	0.00	34.93	28.93	0.00	1.53	0.00	0.00
717	17.75	4089	3059	0.78	33	0	0	1	1	0	27	0	6	0	0	0.00	0.00	0.29	0.00	65.81	0.00	13.85	0.00	0.00	20.48	0.00	59.93	1.84	73	0	73	127.94	91.46	0.00	0.00	0.00	0.00	0.00	0.00	0.00	0.00	0.00	0.00	0.00	23.34	20.34	0.00	0.97	0.00	0.00
707	17.11	4090	3128	0.78	34	0	0	0	2	1	28	0	4	0	0	0.00	0.00	0.40	0.45	70.50	0.00	11.25	0.00	0.00	21.58	0.00	61.31	0.00	73	0	73	133.25	95.69	0.00	0.00	0.00	0.00	0.00	0.00	0.00	0.00	0.00	0.00	0.00	24.26	21.82	0.00	1.01	0.00	0.00
679	17.25	4089	2982	0.77	32	0	0	0	0	2	26	0	5	0	0	0.00	0.00	0.00	1.07	63.80	0.00	13.86	0.00	0.00	20.11	1.08	61.56	0.00	73	0	73	127.47	90.83	0.00	0.00	0.00	0.00	0.00	0.00	0.00	0.00	0.00	0.00	0.00	23.27	19.59	0.00	0.96	0.00	0.00
741	17.17	4090	3269	0.82	33	0	0	2	0	1	30	0	5	0	0	0.00	0.08	0.00	0.65	73.09	0.00	12.50	0.00	0.00	23.00	1.12	53.11	5.60	73	0	73	131.89	95.82	0.00	0.00	0.00	0.00	0.00	0.00	0.00	0.00	0.00	0.00	0.00	24.74	22.95	0.00	1.01	0.00	0.00
716	17.55	4090	3086	0.91	33	0	0	2	0	3	24	0	6	0	0	0.00	0.07	0.00	1.94	60.79	0.00	18.00	0.00	0.00	20.63	2.43	48.89	10.50	74	0	74	130.13	92.84	0.00	0.00	0.00	0.00	0.00	0.00	0.00	0.00	0.00	0.00	0.00	24.95	21.95	0.00	1.00	0.00	0.00
724	17.62	4090	3112	0.92	34	0	0	1	1	2	25	0	6	0	0	0.00	0.00	0.15	1.31	63.71	0.00	16.41	0.00	0.00	20.62	1.16	54.59	6.01	74	0	74	133.43	95.19	0.00	0.00	0.00	0.00	0.00	0.00	0.00	0.00	0.00	0.00	0.00	25.48	21.90	0.00	1.03	0.00	0.00
701	17.21	4090	3083	0.93	33	0	0	0	1	3	24	0	6	0	0	0.00	0.00	0.08	1.93	61.38	0.00	17.81	0.00	0.00	20.85	2.46	49.09	10.40	73	0	74	130.41	93.00	0.00	0.00	0.00	0.00	0.00	0.00	0.00	0.00	0.00	0.00	0.00	25.16	22.00	0.00	1.01	0.00	0.00
705	17.19	4090	3104	0.93	33	0	0	0	2	3	24	0	6	0	0	0.00	0.00	0.28	2.25	60.38	0.00	19.07	0.00	0.00	21.16	2.64	53.12	5.89	73	0	74	132.79	94.69	0.00	0.00	0.00	0.00	0.00	0.00	0.00	0.00	0.00	0.00	0.00	24.69	21.47	0.00	1.01	0.00	0.00
702	17.20	4090	3089	0.93	33	0	0	0	2	3	24	0	6	0	0	0.00	0.00	0.18	2.03	61.39	0.00	17.83	0.00	0.00	21.03	2.45	54.85	4.47	74	0	74	131.27	93.74	0.00	0.00	0.00	0.00	0.00	0.00	0.00	0.00	0.00	0.00	0.00	25.11	22.19	0.00	1.01	0.00	0.00
702	17.13	4091	3099	0.93	33	0	0	0	2	3	23	0	7	0	0	0.00	0.00	0.27	2.22	58.33	0.00	21.04	0.00	0.00	21.15	2.61	48.63	10.47	74	0	74	132.42	94.44	0.00	0.00	0.00	0.00	0.00	0.00	0.00	0.00	0.00	0.00	0.00	25.07	21.36	0.00	1.00	0.00	0.00
702	17.18	4090	3091	0.93	33	0	0	1	1	3	26	0	4	0	0	0.00	0.05	0.10	2.00	66.53	0.00	12.67	0.00	0.00	21.27	2.46	53.13	5.96	74	0	74	131.01	93.81	0.00	0.00	0.00	0.00	0.00	0.00	0.00	0.00	0.00	0.00	0.00	24.18	21.61	0.00	0.99	0.00	0.00
704	17.16	4090	3104	0.93	33	0	0	1	1	3	21	0	9	0	0	0.00	0.05	0.15	2.18	53.80	0.00	25.61	0.00	0.00	21.28	2.61	48.52	10.43	74	0	74	132.87	94.31	0.00	0.00	0.00	0.00	0.00	0.00	0.00	0.00	0.00	0.00	0.00	24.96	22.00	0.00	1.02	0.00	0.00
699	17.12	4090	3090	0.93	33	0	0	2	0	3	24	0	6	0	0	0.00	0.10	0.00	2.00	61.26	0.00	18.21	0.00	0.00	21.06	2.45	53.44	5.94	74	0	74	130.51	93.17	0.00	0.00	0.00	0.00	0.00	0.00	0.00	0.00	0.00	0.00	0.00	25.19	21.51	0.00	1.01	0.00	0.00
703	17.16	4090	3100	0.93	33	0	0	1	1	3	24	0	6	0	0	0.00	0.05	0.17	2.15	61.43	0.00	17.90	0.00	0.00	21.28	2.62	48.53	10.42	74	0	74	132.54	94.67	0.00	0.00	0.00	0.00	0.00	0.00	0.00	0.00	0.00	0.00	0.00	24.41	21.89	0.00	0.99	0.00	0.00
700	17.12	4090	3094	0.92	33	0	0	1	1	3	24	0	6	0	0	0.00	0.03	0.08	2.00	61.31	0.00	18.23	0.00	0.00	21.02	2.43	53.53	5.92	74	0	74	130.83	93.42	0.00	0.00	0.00	0.00	0.00	0.00	0.00	0.00	0.00	0.00	0.00	25.34	21.55	0.00	1.01	0.00	0.00
700	17.13	4089	3097	0.93	33	0	0	1	1	3	23	0	7	0	0	0.00	0.05	0.15	2.12	60.10	0.00	19.21	0.00	0.00	21.16	2.47	48.73	10.51	74	0	74	132.27	94.17	0.00	0.00	0.00	0.00	0.00	0.00	0.00	0.00	0.00	0.00	0.00	24.18	21.43	0.00	1.01	0.00	0.00
700	17.13	4090	3092	0.93	33	0	0	1	1	3	24	0	6	0	0	0.00	0.03	0.08	2.03	62.06	0.00	17.33	0.00	0.00	21.13	2.46	53.37	5.91	74	0	75	130.73	93.49	0.00	0.00	0.00	0.00	0.00	0.00	0.00	0.00	0.00	0.00	0.00	25.30	22.24	0.00	1.01	0.00	0.00
705	17.20	4089	3105	0.93	33	0	0	1	1	2	24	0	7	0	0	0.00	0.05	0.12	1.38	59.10	0.00	21.10	0.00	0.00	21.03	1.25	49.99	10.54	74	0	74	132.70	94.27	0.00	0.00	0.00	0.00	0.00	0.00	0.00	0.00	0.00	0.00	0.00	25.12	21.76	0.00	1.01	0.00	0.00
698	17.10	4090	3089	0.93	33	0	0	2	0	3	25	0	5	0	0	0.00	0.08	0.00	1.90	64.48	0.00	15.01	0.00	0.00	21.02	2.43	53.50	5.95	74	0	74	130.12	93.10	0.00	0.00	0.00	0.00	0.00	0.00	0.00	0.00	0.00	0.00	0.00	24.47	21.40	0.00	1.01	0.00	0.00
704	17.17	4091	3104	0.93	33	0	0	1	1	3	23	0	7	0	0	0.00	0.03	0.15	2.18	58.39	0.00	21.03	0.00	0.00	21.25	2.62	48.67	10.28	74	0	75	132.53	94.57	0.00	0.00	0.00	0.00	0.00	0.00	0.00	0.00	0.00	0.00	0.00	25.61	22.12	0.00	1.01	0.00	0.00
701	17.19	4089	3087	0.92	33	0	0	1	1	3	24	0	6	0	0	0.00	0.05	0.10	2.02	61.17	0.00	18.18	0.00	0.00	21.11	2.46	53.34	5.91	74	0	75	130.99	93.47	0.00	0.00	0.00	0.00	0.00	0.00	0.00	0.00	0.00	0.00	0.00	24.47	21.32	0.00	0.99	0.00	0.00
702	17.15	4090	3098	0.93	33	0	0	1	1	3	23	0	7	0	0	0.00	0.05	0.20	2.17	58.28	0.00	21.05	0.00	0.00	21.15	2.57	48.62	10.51	74	0	74	132.45	94.78	0.00	0.00	0.00	0.00	0.00	0.00	0.00	0.00	0.00	0.00	0.00	25.48	22.40	0.00	1.00	0.00	0.00
699	17.11	4090	3093	0.92	33	0	0	1	1	3	25	0	5	0	0	0.00	0.03	0.08	2.03	65.26	0.00	14.18	0.00	0.00	21.02	2.46	53.51	5.91	75	0	74	130.72	93.49	0.00	0.00	0.00	0.00	0.00	0.00	0.00	0.00	0.00	0.00	0.00	24.58	21.21	0.00	1.01	0.00	0.00
704	17.18	4090	3103	0.93	33	0	0	1	1	2	26	0	5	0	0	0.00	0.03	0.15	1.35	64.39	0.00	15.90	0.00	0.00	21.14	1.21	54.42	6.04	74	0	74	132.66	94.37	0.00	0.00	0.00	0.00	0.00	0.00	0.00	0.00	0.00	0.00	0.00	25.17	22.54	0.00	1.01	0.00	0.00
702	17.18	4090	3092	0.93	33	0	0	2	0	3	22	0	8	0	0	0.00	0.08	0.00	1.98	55.15	0.00	24.24	0.00	0.00	20.95	2.46	49.00	10.42	74	0	75	130.67	93.32	0.00	0.00	0.00	0.00	0.00	0.00	0.00	0.00	0.00	0.00	0.00	25.49	21.79	0.00	1.01	0.00	0.00
704	17.20	4089	3099	0.93	33	0	0	0	2	3	26	0	4	0	0	0.00	0.00	0.22	2.12	67.43	0.00	11.84	0.00	0.00	21.37	2.64	52.92	5.88	75	0	75	132.73	94.34	0.00	0.00	0.00	0.00	0.00	0.00	0.00	0.00	0.00	0.00	0.00	24.23	21.43	0.00	1.00	0.00	0.00
699	17.14	4090	3090	0.93	33	0	0	1	1	3	22	0	8	0	0	0.00	0.03	0.08	2.00	55.09	0.00	24.33	0.00	0.00	21.11	2.43	48.86	10.47	75	0	75	130.69	93.46	0.00	0.00	0.00	0.00	0.00	0.00	0.00	0.00	0.00	0.00	0.00	25.26	22.04	0.00	0.99	0.00	0.00
702	17.14	4090	3103	0.93	33	0	0	1	1	3	24	0	6	0	0	0.00	0.03	0.15	2.18	61.29	0.00	18.15	0.00	0.00	21.28	2.63	53.06	5.89	74	0	75	132.29	94.35	0.00	0.00	0.00	0.00	0.00	0.00	0.00	0.00	0.00	0.00	0.00	24.74	21.67	0.00	1.02	0.00	0.00
701	17.11	4090	3102	0.93	33	0	0	2	0	3	23	0	7	0	0	0.00	0.10	0.00	1.98	58.52	0.00	21.25	0.00	0.00	21.08	2.46	48.86	10.48	74	0	74	130.46	93.11	0.00	0.00	0.00	0.00	0.00	0.00	0.00	0.00	0.00	0.00	0.00	25.47	21.84	0.00	1.01	0.00	0.00
701	17.28	4090	3073	0.93	33	0	0	1	1	3	26	0	4	0	0	0.00	0.02	0.15	2.13	66.05	0.00	12.52	0.00	0.00	21.29	2.53	53.01	5.90	75	0	75	132.52	94.56	0.00	0.00	0.00	0.00	0.00	0.00	0.00	0.00	0.00	0.00	0.00	24.40	21.72	0.00	0.98	0.00	0.00
780	17.49	4079	3382	0.91	35	0	0	0	4	6	24	0	5	0	0	0.00	0.00	0.89	2.78	68.65	0.00	15.96	0.00	0.00	23.07	1.60	51.93	5.89	75	0	75	161.01	113.76	0.00	0.00	0.00	0.00	0.00	0.00	0.00	0.00	0.00	0.00	0.00	32.64	28.33	0.00	1.35	0.00	0.00
767	18.76	4086	3098	0.92	25	0	0	0	2	2	22	0	2	0	0	0.00	0.00	0.79	2.04	69.44	0.00	7.70	0.00	0.00	23.46	0.00	57.78	0.00	75	0	75	143.57	95.10	0.00	0.00	0.00	0.00	0.00	0.00	0.00	0.00	0.00	0.00	0.00	26.12	23.93	0.00	0.98	0.00	0.00
772	18.74	4086	3121	0.91	25	0	0	0	2	1	21	0	3	0	0	0.00	0.00	1.02	1.16	66.13	0.00	12.03	0.00	0.00	23.13	0.00	58.14	0.00	75	0	75	144.77	95.46	0.00	0.00	0.00	0.00	0.00	0.00	0.00	0.00	0.00	0.00	0.00	27.14	23.15	0.00	1.02	0.00	0.00
769	18.99	4082	3070	0.93	26	0	0	0	1	7	23	0	2	0	0	0.00	0.00	0.47	2.23	68.45	0.00	7.46	0.00	0.00	24.02	2.10	54.89	0.00	74	0	74	143.23	93.09	0.00	0.00	0.00	0.00	0.00	0.00	0.00	0.00	0.00	0.00	0.00	26.06	22.99	0.00	1.02	0.00	0.00
700	18.28	4092	2898	0.92	26	0	0	1	0	4	23	0	4	0	0	0.00	0.00	0.00	3.13	61.24	0.00	11.14	0.00	0.00	21.58	2.76	57.38	0.00	74	0	75	113.91	75.35	0.00	0.00	0.00	0.00	0.00	0.00	0.00	0.00	0.00	0.00	0.00	19.97	17.36	0.00	0.76	0.00	0.00
703	17.20	4090	3094	0.93	33	0	0	0	2	3	26	0	4	0	0	0.00	0.00	0.20	2.09	66.66	0.00	12.69	0.00	0.00	20.98	2.61	59.20	0.00	75	0	75	131.75	93.79	0.00	0.00	0.00	0.00	0.00	0.00	0.00	0.00	0.00	0.00	0.00	24.75	21.69	0.00	1.00	0.00	0.00
698	17.10	4089	3089	0.93	34	0	0	1	1	3	25	0	6	0	0	0.00	0.05	0.12	2.00	64.15	0.00	14.97	0.00	0.00	21.29	2.38	53.47	5.76	75	0	75	127.57	91.39	0.00	0.00	0.00	0.00	0.00	0.00	0.00	0.00	0.00	0.00	0.00	24.34	20.82	0.00	0.98	0.00	0.00
709	17.26	4085	3114	0.93	33	0	0	0	2	1	25	0	7	0	0	0.00	0.00	0.55	0.65	62.57	0.00	18.33	0.00	0.00	21.60	0.00	61.14	0.00	75	0	75	134.02	96.37	0.00	0.00	0.00	0.00	0.00	0.00	0.00	0.00	0.00	0.00	0.00	24.32	22.15	0.00	1.00	0.00	0.00
707	17.25	4087	3103	0.93	33	0	0	0	2	1	24	0	7	0	0	0.00	0.00	0.53	0.73	60.31	0.00	20.19	0.00	0.00	21.16	0.00	61.59	0.00	75	0	75	133.38	94.86	0.00	0.00	0.00	0.00	0.00	0.00	0.00	0.00	0.00	0.00	0.00	25.07	21.75	0.00	1.01	0.00	0.00
706	17.26	4087	3100	0.92	33	0	0	0	2	0	23	0	8	0	0	0.00	0.00	0.61	0.00	56.61	0.00	24.64	0.00	0.00	21.13	0.00	61.61	0.00	75	0	75	135.50	96.67	0.00	0.00	0.00	0.00	0.00	0.00	0.00	0.00	0.00	0.00	0.00	25.50	22.47	0.00	1.03	0.00	0.00
701	17.25	4088	3076	0.93	33	0	0	1	1	2	25	0	6	0	0	0.00	0.05	0.25	1.38	64.11	0.00	15.04	0.00	0.00	21.29	2.44	53.07	5.96	75	0	75	126.96	90.13	0.00	0.00	0.00	0.00	0.00	0.00	0.00	0.00	0.00	0.00	0.00	24.33	20.46	0.00	1.01	0.00	0.00
703	17.18	4085	3100	0.93	33	0	0	0	2	5	29	0	5	0	0	0.00	0.00	0.20	1.13	68.42	0.00	12.28	0.00	0.00	21.71	0.00	61.11	0.00	74	0	74	133.09	95.39	0.00	0.00	0.00	0.00	0.00	0.00	0.00	0.00	0.00	0.00	0.00	24.71	21.99	0.00	0.99	0.00	0.00
709	17.26	4086	3115	0.92	33	0	0	0	1	2	26	0	5	0	0	0.00	0.00	0.33	1.22	65.83	0.00	14.65	0.00	0.00	21.32	0.00	61.43	0.00	75	0	75	134.34	96.36	0.00	0.00	0.00	0.00	0.00	0.00	0.00	0.00	0.00	0.00	0.00	25.59	22.54	0.00	1.01	0.00	0.00
706	17.37	4083	3080	0.93	33	0	0	0	2	6	28	0	4	0	0	0.00	0.00	0.40	1.56	68.30	0.00	10.79	0.00	0.00	22.12	1.57	58.94	0.00	75	0	75	131.00	92.63	0.00	0.00	0.00	0.00	0.00	0.00	0.00	0.00	0.00	0.00	0.00	24.76	21.79	0.00	0.99	0.00	0.00
705	17.23	4086	3103	0.93	33	0	0	0	1	2	26	0	5	0	0	0.00	0.00	0.40	1.33	65.00	0.00	15.12	0.00	0.00	21.47	0.00	61.30	0.00	75	0	75	132.48	94.92	0.00	0.00	0.00	0.00	0.00	0.00	0.00	0.00	0.00	0.00	0.00	25.46	22.26	0.00	1.01	0.00	0.00
705	17.25	4086	3098	0.92	33	0	0	0	1	3	28	0	3	0	0	0.00	0.00	0.25	0.84	71.99	0.00	8.72	0.00	0.00	21.33	0.00	61.42	0.00	75	0	75	135.14	96.18	0.00	0.00	0.00	0.00	0.00	0.00	0.00	0.00	0.00	0.00	0.00	25.85	22.50	0.00	1.01	0.00	0.00
701	17.24	4089	3077	0.93	33	0	0	1	1	2	23	0	7	0	0	0.00	0.05	0.33	1.45	59.40	0.00	19.66	0.00	0.00	21.06	2.44	49.97	9.28	75	0	75	129.52	92.20	0.00	0.00	0.00	0.00	0.00	0.00	0.00	0.00	0.00	0.00	0.00	25.19	21.54	0.00	1.02	0.00	0.00
700	17.11	4089	3099	0.94	33	0	0	1	1	3	25	0	6	0	0	0.00	0.05	0.17	2.13	63.44	0.00	15.82	0.00	0.00	21.29	2.55	53.17	5.87	75	0	74	129.66	92.54	0.00	0.00	0.00	0.00	0.00	0.00	0.00	0.00	0.00	0.00	0.00	24.64	21.30	0.00	0.97	0.00	0.00
702	17.08	4087	3114	0.93	33	0	0	0	2	3	26	0	6	0	0	0.00	0.00	0.30	0.95	66.21	0.00	15.00	0.00	0.00	21.24	0.00	61.68	0.00	75	0	75	132.87	95.72	0.00	0.00	0.00	0.00	0.00	0.00	0.00	0.00	0.00	0.00	0.00	24.86	22.48	0.00	1.03	0.00	0.00
707	17.32	4085	3095	0.92	33	0	0	0	2	4	26	0	5	0	0	0.00	0.00	0.48	0.58	65.79	0.00	14.77	0.00	0.00	21.40	0.00	55.15	6.14	74	0	75	134.88	96.09	0.00	0.00	0.00	0.00	0.00	0.00	0.00	0.00	0.00	0.00	0.00	25.71	22.03	0.00	1.01	0.00	0.00
700	17.20	4088	3080	0.93	33	0	0	1	1	2	25	0	6	0	0	0.00	0.05	0.35	1.36	63.31	0.00	15.68	0.00	0.00	21.17	2.42	59.21	0.00	75	0	75	127.29	90.41	0.00	0.00	0.00	0.00	0.00	0.00	0.00	0.00	0.00	0.00	0.00	24.17	20.81	0.00	0.99	0.00	0.00
702	17.15	4086	3102	0.93	33	0	0	0	2	4	28	0	5	0	0	0.00	0.00	0.32	1.07	65.52	0.00	14.99	0.00	0.00	21.71	0.00	61.14	0.00	75	0	75	133.71	96.05	0.00	0.00	0.00	0.00	0.00	0.00	0.00	0.00	0.00	0.00	0.00	24.37	21.64	0.00	1.00	0.00	0.00
707	17.23	4085	3109	0.92	33	0	0	0	2	1	25	0	6	0	0	0.00	0.00	0.76	0.86	62.32	0.00	17.97	0.00	0.00	21.45	0.00	55.23	6.09	75	0	75	132.97	95.23	0.00	0.00	0.00	0.00	0.00	0.00	0.00	0.00	0.00	0.00	0.00	25.25	22.30	0.00	1.02	0.00	0.00
704	17.30	4084	3084	0.93	33	0	0	0	2	5	28	0	5	0	0	0.00	0.00	0.40	0.62	65.53	0.00	14.62	0.00	0.00	21.79	0.00	60.91	0.00	75	0	75	131.34	93.31	0.00	0.00	0.00	0.00	0.00	0.00	0.00	0.00	0.00	0.00	0.00	24.72	21.33	0.00	1.00	0.00	0.00
707	17.25	4086	3103	0.92	33	0	0	0	1	2	27	0	3	0	0	0.00	0.00	0.41	1.30	70.56	0.00	9.57	0.00	0.00	21.42	0.00	61.33	0.00	75	0	75	134.65	96.08	0.00	0.00	0.00	0.00	0.00	0.00	0.00	0.00	0.00	0.00	0.00	25.54	22.24	0.00	1.03	0.00	0.00
631	18.74	4089	2550	0.93	33	0	0	0	2	2	29	0	16	0	0	0.00	0.00	0.23	0.76	42.13	0.00	22.76	0.00	0.00	14.92	1.64	53.04	11.66	75	0	74	81.69	57.88	0.00	0.00	0.00	0.00	0.00	0.00	0.00	0.00	0.00	0.00	0.00	12.82	11.10	0.00	0.51	0.00	0.00
727	13.50	4088	4076	0.90	64	0	0	0	2	2	25	0	14	0	2	0.00	0.00	0.33	1.33	65.16	0.00	42.80	0.00	2.73	23.14	0.00	52.90	10.45	75	0	75	171.96	139.75	0.00	0.00	0.00	0.00	0.00	0.00	0.00	0.00	0.00	0.00	0.00	47.36	39.92	0.00	2.02	0.00	0.00
717	17.49	4090	3102	0.91	32	0	0	0	2	1	22	0	10	0	0	0.00	0.00	0.20	0.77	54.27	0.00	26.15	0.00	0.00	21.14	0.00	47.57	13.79	75	0	75	132.10	93.82	0.00	0.00	0.00	0.00	0.00	0.00	0.00	0.00	0.00	0.00	0.00	24.47	21.54	0.00	1.01	0.00	0.00
706	17.28	4090	3094	0.92	33	0	0	1	1	2	26	0	5	0	0	0.00	0.00	0.23	1.63	68.98	0.00	10.35	0.00	0.00	21.42	1.52	57.80	1.98	75	0	75	131.06	93.56	0.00	0.00	0.00	0.00	0.00	0.00	0.00	0.00	0.00	0.00	0.00	25.95	22.42	0.00	1.02	0.00	0.00
704	17.20	4091	3097	0.92	33	0	0	1	1	1	28	0	4	0	0	0.00	0.05	0.15	0.77	68.78	0.00	11.75	0.00	0.00	21.57	0.00	61.22	0.00	75	0	75	132.57	94.43	0.00	0.00	0.00	0.00	0.00	0.00	0.00	0.00	0.00	0.00	0.00	24.45	21.58	0.00	0.99	0.00	0.00
608	19.78	4092	2324	0.94	32	0	0	0	1	2	24	0	17	0	1	0.00	0.00	0.11	0.84	34.93	0.00	22.79	0.00	0.66	23.67	1.02	40.55	14.98	75	0	75	88.44	63.29	0.00	0.00	0.00	0.00	0.00	0.00	0.00	0.00	0.00	0.00	0.00	12.94	11.19	0.00	0.51	0.00	0.00
737	12.37	4086	4511	0.90	65	0	0	1	1	3	35	0	14	0	1	0.00	0.05	0.10	0.40	87.38	0.00	36.76	0.00	1.40	19.07	0.00	48.83	19.72	66	0	66	156.55	128.76	0.00	0.00	0.00	0.00	0.00	0.00	0.00	0.00	0.00	0.00	0.00	45.97	39.29	0.00	2.02	0.00	0.00
708	17.55	4088	3054	0.93	34	0	0	1	0	2	25	0	7	0	0	0.00	0.00	0.00	1.20	62.14	0.00	16.43	0.00	0.00	21.42	1.26	58.70	1.07	68	0	68	130.85	92.26	0.00	0.00	0.00	0.00	0.00	0.00	0.00	0.00	0.00	0.00	0.00	25.19	21.40	0.00	1.00	0.00	0.00
784	16.10	4089	3685	0.92	33	0	0	0	2	1	27	0	2	0	0	0.00	0.00	0.67	0.87	88.88	0.00	7.80	0.00	0.00	20.69	0.00	63.20	0.00	70	0	70	153.24	108.88	0.00	0.00	0.00	0.00	0.00	0.00	0.00	0.00	0.00	0.00	0.00	32.36	29.43	0.00	1.35	0.00	0.00
695	19.62	4090	2683	0.93	25	0	0	0	2	3	26	0	3	0	0	0.00	0.00	0.45	0.45	59.71	0.00	7.66	0.00	0.00	24.05	0.00	51.91	4.41	70	0	70	120.96	79.43	0.00	0.00	0.00	0.00	0.00	0.00	0.00	0.00	0.00	0.00	0.00	19.31	16.76	0.00	0.76	0.00	0.00
706	17.04	4090	3135	0.92	33	0	0	0	1	2	29	0	2	0	0	0.00	0.00	0.25	1.31	76.29	0.00	4.82	0.00	0.00	21.22	0.00	61.74	0.00	70	0	70	133.02	95.19	0.00	0.00	0.00	0.00	0.00	0.00	0.00	0.00	0.00	0.00	0.00	24.67	21.74	0.00	1.02	0.00	0.00
621	21.21	4092	2217	0.93	33	0	0	0	2	3	33	0	5	0	0	0.00	0.00	0.26	0.28	47.79	0.00	7.13	0.00	0.00	15.79	0.00	59.91	3.09	71	0	71	105.94	75.44	0.00	0.00	0.00	0.00	0.00	0.00	0.00	0.00	0.00	0.00	0.00	14.59	12.37	0.00	0.59	0.00	0.00
738	12.55	4086	4459	0.90	50	0	0	0	0	1	34	0	14	0	1	0.00	0.00	0.00	0.43	86.53	0.00	35.93	0.00	1.40	23.13	0.00	50.36	13.96	71	0	72	135.58	107.60	0.00	0.00	0.00	0.00	0.00	0.00	0.00	0.00	0.00	0.00	0.00	39.40	33.30	0.00	1.71	0.00	0.00
716	17.21	4090	3147	0.92	41	0	0	0	0	6	34	0	1	0	0	0.00	0.00	0.00	1.38	80.15	0.00	1.30	0.00	0.00	21.37	1.25	60.16	0.00	72	0	72	132.38	95.68	0.00	0.00	0.00	0.00	0.00	0.00	0.00	0.00	0.00	0.00	0.00	24.37	21.94	0.00	0.99	0.00	0.00
766	16.17	4088	3589	0.91	33	0	0	0	1	2	29	0	0	0	0	0.00	0.00	0.13	1.67	93.43	0.00	0.00	0.00	0.00	20.61	1.26	61.96	0.00	72	0	72	149.33	106.31	0.00	0.00	0.00	0.00	0.00	0.00	0.00	0.00	0.00	0.00	0.00	32.84	28.25	0.00	1.32	0.00	0.00
759	18.52	4091	3099	0.91	25	0	0	1	1	4	26	0	0	0	0	0.00	0.07	0.26	1.32	78.30	0.00	0.00	0.00	0.00	22.86	0.00	58.61	0.00	73	0	73	140.48	93.15	0.00	0.00	0.00	0.00	0.00	0.00	0.00	0.00	0.00	0.00	0.00	25.35	22.76	0.00	1.01	0.00	0.00
764	19.33	3946	3100	0.91	25	0	0	0	1	2	23	0	1	0	0	0.00	0.00	0.37	1.80	74.42	0.00	3.60	0.00	0.00	21.78	0.00	58.89	0.00	72	0	72	146.91	96.37	0.00	0.00	0.00	0.00	0.00	0.00	0.00	0.00	0.00	0.00	0.00	24.74	21.42	0.00	1.02	0.00	0.00
654	21.59	3800	2470	0.94	26	0	0	0	2	0	31	0	1	0	0	0.00	0.00	0.54	0.00	60.02	0.00	2.06	0.00	0.00	22.92	0.00	55.50	0.00	71	0	72	113.89	74.52	0.00	0.00	0.00	0.00	0.00	0.00	0.00	0.00	0.00	0.00	0.00	13.23	11.29	0.00	0.60	0.00	0.00
629	17.95	3800	2855	0.94	41	0	0	0	2	0	31	0	11	0	0	0.00	0.00	0.49	0.00	56.45	0.00	18.83	0.00	0.00	19.74	0.00	57.76	4.55	71	0	71	121.87	91.43	0.00	0.00	0.00	0.00	0.00	0.00	0.00	0.00	0.00	0.00	0.00	16.94	14.47	0.00	0.84	0.00	0.00
697	14.96	3800	3797	0.92	49	0	0	0	1	1	26	0	14	0	0	0.00	0.00	0.32	0.71	67.99	0.00	35.46	0.00	0.00	16.58	1.01	49.70	17.75	71	0	71	151.97	118.25	0.00	0.00	0.00	0.00	0.00	0.00	0.00	0.00	0.00	0.00	0.00	28.72	23.41	0.00	1.49	0.00	0.00
699	18.21	3800	3126	0.93	34	0	0	0	2	1	29	0	3	0	0	0.00	0.00	0.42	0.60	73.30	0.00	8.38	0.00	0.00	19.88	0.00	61.92	0.00	71	0	71	140.93	100.79	0.00	0.00	0.00	0.00	0.00	0.00	0.00	0.00	0.00	0.00	0.00	20.33	17.53	0.00	1.00	0.00	0.00
689	18.40	3800	3049	0.94	33	0	0	0	2	0	26	0	6	0	0	0.00	0.00	0.63	0.00	65.38	0.00	14.45	0.00	0.00	19.97	0.00	57.75	3.88	71	0	71	137.76	98.49	0.00	0.00	0.00	0.00	0.00	0.00	0.00	0.00	0.00	0.00	0.00	20.83	17.78	0.00	0.98	0.00	0.00
714	18.08	3800	3215	0.92	32	0	0	0	1	1	22	0	9	0	0	0.00	0.00	0.37	0.61	58.52	0.00	25.69	0.00	0.00	18.99	0.00	52.39	10.54	71	0	71	145.09	103.45	0.00	0.00	0.00	0.00	0.00	0.00	0.00	0.00	0.00	0.00	0.00	21.37	18.48	0.00	1.08	0.00	0.00
697	18.71	3800	3034	0.92	33	0	0	0	1	2	26	0	5	0	0	0.00	0.00	0.08	1.60	67.15	0.00	10.93	0.00	0.00	19.79	2.85	52.55	6.10	71	0	71	138.15	97.57	0.00	0.00	0.00	0.00	0.00	0.00	0.00	0.00	0.00	0.00	0.00	21.76	17.54	0.00	1.01	0.00	0.00
761	17.33	3800	3575	0.93	33	0	0	0	1	2	26	0	3	0	0	0.00	0.00	0.16	1.73	81.42	0.00	12.29	0.00	0.00	18.76	1.30	62.60	0.00	71	0	71	159.71	113.49	0.00	0.00	0.00	0.00	0.00	0.00	0.00	0.00	0.00	0.00	0.00	26.91	22.71	0.00	1.31	0.00	0.00
761	19.83	3800	3128	0.91	25	0	0	1	1	5	25	0	2	0	0	0.00	0.07	0.10	1.41	71.82	0.00	7.71	0.00	0.00	21.57	0.00	58.59	0.00	72	0	72	152.67	101.00	0.00	0.00	0.00	0.00	0.00	0.00	0.00	0.00	0.00	0.00	0.00	22.54	19.95	0.00	1.01	0.00	0.00
763	20.33	3799	3061	0.92	26	0	0	0	1	1	24	0	1	0	0	0.00	0.00	0.62	0.62	74.38	0.00	3.29	0.00	0.00	21.70	0.00	57.97	0.00	71	0	71	151.32	98.90	0.00	0.00	0.00	0.00	0.00	0.00	0.00	0.00	0.00	0.00	0.00	21.72	18.99	0.00	0.99	0.00	0.00
625	21.85	3801	2331	0.95	26	0	0	0	1	2	31	0	2	0	1	0.00	0.00	0.22	0.90	54.15	0.00	2.61	0.00	1.03	22.97	0.00	55.17	0.00	72	0	71	101.29	66.99	0.00	0.00	0.00	0.00	0.00	0.00	0.00	0.00	0.00	0.00	0.00	10.98	9.33	0.00	0.51	0.00	0.00
711	14.74	3800	3928	0.92	49	0	0	0	2	0	28	0	12	0	0	0.00	0.00	0.53	0.00	80.22	0.00	27.57	0.00	0.00	16.45	0.00	61.98	6.83	71	0	72	155.81	121.05	0.00	0.00	0.00	0.00	0.00	0.00	0.00	0.00	0.00	0.00	0.00	29.52	25.09	0.00	1.52	0.00	0.00
618	22.71	3800	2216	0.93	33	0	0	0	2	4	32	0	6	0	0	0.00	0.00	0.18	0.29	46.05	0.00	8.89	0.00	0.00	14.10	0.00	60.24	2.95	71	0	71	112.78	80.00	0.00	0.00	0.00	0.00	0.00	0.00	0.00	0.00	0.00	0.00	0.00	12.36	10.08	0.00	0.59	0.00	0.00
733	13.41	3800	4453	0.90	50	0	0	1	0	1	32	0	15	0	1	0.00	0.00	0.00	0.50	83.56	0.00	35.82	0.00	4.86	22.02	0.00	46.88	17.69	72	0	72	144.30	114.19	0.00	0.00	0.00	0.00	0.00	0.00	0.00	0.00	0.00	0.00	0.00	33.66	27.41	0.00	1.70	0.00	0.00
711	18.42	3800	3145	0.92	40	0	0	0	0	6	34	0	1	0	0	0.00	0.00	0.00	1.38	80.47	0.00	1.20	0.00	0.00	19.68	1.25	60.65	0.00	72	0	71	140.95	101.44	0.00	0.00	0.00	0.00	0.00	0.00	0.00	0.00	0.00	0.00	0.00	20.30	18.17	0.00	1.01	0.00	0.00
700	18.36	3800	3107	0.93	33	0	0	0	1	2	31	0	1	0	0	0.00	0.00	0.10	1.27	78.89	0.00	1.77	0.00	0.00	19.56	1.08	61.01	0.00	71	0	71	140.71	100.16	0.00	0.00	0.00	0.00	0.00	0.00	0.00	0.00	0.00	0.00	0.00	21.24	18.07	0.00	1.01	0.00	0.00
695	18.35	3800	3085	0.93	33	0	0	1	0	2	31	0	1	0	0	0.00	0.00	0.00	1.25	79.02	0.00	1.18	0.00	0.00	19.47	1.27	60.91	0.00	72	0	72	139.55	99.52	0.00	0.00	0.00	0.00	0.00	0.00	0.00	0.00	0.00	0.00	0.00	20.84	17.42	0.00	0.99	0.00	0.00
649	23.07	3826	2277	0.92	34	0	0	0	1	2	31	0	9	0	0	0.00	0.00	0.06	0.75	42.26	0.00	13.57	0.00	0.00	14.44	0.88	51.31	10.30	72	0	72	115.03	81.01	0.00	0.00	0.00	0.00	0.00	0.00	0.00	0.00	0.00	0.00	0.00	12.30	10.76	0.00	0.60	0.00	0.00
734	12.88	4032	4376	0.90	51	0	0	0	1	1	33	0	12	0	2	0.00	0.00	0.15	0.50	82.61	0.00	32.58	0.00	6.36	20.78	0.00	62.51	3.84	72	0	72	146.32	115.74	0.00	0.00	0.00	0.00	0.00	0.00	0.00	0.00	0.00	0.00	0.00	31.45	30.00	0.00	1.52	0.00	0.00
708	17.22	4089	3112	0.92	33	0	0	0	2	1	26	0	7	0	0	0.00	0.00	0.23	0.73	60.91	0.00	20.16	0.00	0.00	21.18	1.29	60.30	0.00	73	0	73	132.49	94.49	0.00	0.00	0.00	0.00	0.00	0.00	0.00	0.00	0.00	0.00	0.00	32.21	23.19	0.00	1.25	0.00	0.00
765	15.91	4088	3644	0.91	33	0	0	0	2	0	27	0	4	0	0	0.00	0.00	0.29	0.00	86.40	0.00	10.76	0.00	0.00	22.65	0.00	61.44	0.00	73	0	73	142.69	102.11	0.00	0.00	0.00	0.00	0.00	0.00	0.00	0.00	0.00	0.00	0.00	30.81	26.76	0.00	1.30	0.00	0.00
750	18.05	4088	3146	0.91	26	0	0	0	1	0	25	0	2	0	0	0.00	0.00	0.23	0.00	76.91	0.00	4.53	0.00	0.00	22.65	0.00	59.30	0.00	73	0	73	141.97	94.90	0.00	0.00	0.00	0.00	0.00	0.00	0.00	0.00	0.00	0.00	0.00	26.27	23.69	0.00	1.01	0.00	0.00
623	23.96	4091	1966	0.93	34	0	0	0	1	3	30	0	7	0	1	0.00	0.00	0.09	0.23	37.61	0.00	8.77	0.00	0.37	18.15	0.00	47.46	10.43	73	0	74	85.33	56.65	0.00	0.00	0.00	0.00	0.00	0.00	0.00	0.00	0.00	0.00	0.00	10.07	9.00	0.00	0.38	0.00	0.00
712	11.17	4084	4834	0.91	57	0	0	0	1	1	36	0	15	0	0	0.00	0.00	0.32	0.80	99.23	0.00	37.47	0.00	0.00	20.70	0.00	60.59	7.54	73	0	73	146.38	118.83	0.00	0.00	0.00	0.00	0.00	0.00	0.00	0.00	0.00	0.00	0.00	45.33	38.38	0.00	2.00	0.00	0.00
614	21.24	4091	2187	0.92	33	0	0	0	0	1	29	0	13	0	0	0.00	0.00	0.00	0.39	40.33	0.00	13.99	0.00	0.00	18.13	0.94	44.42	15.26	73	0	73	93.18	67.02	0.00	0.00	0.00	0.00	0.00	0.00	0.00	0.00	0.00	0.00	0.00	12.53	11.19	0.00	0.50	0.00	0.00
644	15.76	4086	3098	0.91	64	0	0	0	0	1	37	0	20	0	2	0.00	0.00	0.00	0.40	50.50	0.00	27.94	0.00	4.08	18.44	0.67	40.23	24.90	74	0	74	115.93	94.25	0.00	0.00	0.00	0.00	0.00	0.00	0.00	0.00	0.00	0.00	0.00	23.04	20.04	0.00	1.00	0.00	0.00
626	15.34	4088	3089	0.91	72	0	0	0	1	3	36	0	25	0	1	0.00	0.00	0.09	0.22	45.72	0.00	36.92	0.00	0.57	18.47	0.00	48.50	17.69	74	0	74	115.85	94.64	0.00	0.00	0.00	0.00	0.00	0.00	0.00	0.00	0.00	0.00	0.00	22.84	19.70	0.00	1.00	0.00	0.00
642	15.46	4088	3145	0.92	63	0	0	0	1	1	25	0	29	0	4	0.00	0.00	0.18	0.41	34.32	0.00	43.56	0.00	6.27	18.50	0.69	38.80	26.55	74	0	74	116.60	95.35	0.00	0.00	0.00	0.00	0.00	0.00	0.00	0.00	0.00	0.00	0.00	23.21	20.36	0.00	1.02	0.00	0.00
727	11.38	4086	4843	0.90	57	0	0	0	1	1	21	0	24	0	4	0.00	0.00	0.15	0.63	54.24	0.00	69.57	0.00	12.77	20.21	0.00	40.56	27.86	74	0	74	145.27	118.47	0.00	0.00	0.00	0.00	0.00	0.00	0.00	0.00	0.00	0.00	0.00	46.24	38.46	0.00	2.02	0.00	0.00
722	17.54	4090	3117	0.92	31	0	0	1	0	0	20	0	13	0	0	0.00	0.00	0.00	0.00	45.35	0.00	36.55	0.00	0.00	20.42	0.00	36.22	25.82	74	0	74	132.67	94.73	0.00	0.00	0.00	0.00	0.00	0.00	0.00	0.00	0.00	0.00	0.00	26.12	22.93	0.00	1.02	0.00	0.00
595	21.34	4091	2109	0.95	34	0	0	1	1	1	32	0	12	0	0	0.00	0.00	0.06	0.40	40.48	0.00	11.83	0.00	0.00	19.50	1.01	44.80	13.35	75	0	74	84.97	60.78	0.00	0.00	0.00	0.00	0.00	0.00	0.00	0.00	0.00	0.00	0.00	10.78	9.37	0.00	0.45	0.00	0.00
618	15.24	4088	3070	0.94	73	0	0	0	1	0	28	0	31	0	0	0.00	0.00	0.03	0.00	39.13	0.00	44.04	0.00	0.00	23.26	0.00	42.44	19.06	74	0	74	131.80	109.57	0.00	0.00	0.00	0.00	0.00	0.00	0.00	0.00	0.00	0.00	0.00	26.27	22.66	0.00	1.15	0.00	0.00
773	11.00	4084	5323	0.83	66	0	0	2	0	0	29	0	24	0	1	0.00	0.10	0.00	0.00	77.97	0.00	70.12	0.00	3.75	14.61	0.00	46.52	27.87	68	0	67	130.28	110.77	0.00	0.00	0.00	0.00	0.00	0.00	0.00	0.00	0.00	0.00	0.00	45.22	38.90	0.00	2.01	0.00	0.00
751	18.32	4089	3105	0.87	32	0	0	0	1	1	25	0	7	0	0	0.00	0.00	0.12	0.82	62.88	0.00	16.88	0.00	0.00	18.74	1.36	61.58	0.00	71	0	70	127.53	94.43	0.00	0.00	0.00	0.00	0.00	0.00	0.00	0.00	0.00	0.00	0.00	23.92	21.14	0.00	1.00	0.00	0.00
722	17.67	4090	3094	0.86	33	0	0	2	0	1	26	0	5	0	0	0.00	0.05	0.00	0.70	67.79	0.00	12.53	0.00	0.00	18.34	1.25	62.74	0.00	73	0	72	122.91	93.85	0.00	0.00	0.00	0.00	0.00	0.00	0.00	0.00	0.00	0.00	0.00	24.59	21.02	0.00	1.03	0.00	0.00
729	17.86	4089	3090	0.86	34	0	0	0	1	1	24	0	8	0	0	0.00	0.00	0.10	0.80	60.20	0.00	19.61	0.00	0.00	18.40	1.38	62.36	0.00	73	0	73	122.71	93.73	0.00	0.00	0.00	0.00	0.00	0.00	0.00	0.00	0.00	0.00	0.00	23.91	20.78	0.00	1.00	0.00	0.00
719	17.85	4090	3047	0.87	33	0	0	1	1	1	25	0	6	0	0	0.00	0.00	0.07	0.78	65.09	0.00	13.63	0.00	0.00	18.60	1.33	57.89	4.33	73	0	73	122.10	93.43	0.00	0.00	0.00	0.00	0.00	0.00	0.00	0.00	0.00	0.00	0.00	23.23	20.13	0.00	0.99	0.00	0.00
734	17.40	4088	3194	0.86	36	0	0	0	1	1	22	0	11	0	0	0.00	0.00	0.10	0.80	56.75	0.00	26.40	0.00	0.00	17.59	1.33	60.71	2.98	73	0	73	123.35	94.76	0.00	0.00	0.00	0.00	0.00	0.00	0.00	0.00	0.00	0.00	0.00	24.80	22.28	0.00	1.01	0.00	0.00
724	18.17	4085	3020	0.87	32	0	0	0	1	1	26	0	6	0	0	0.00	0.00	0.30	0.76	63.60	0.00	13.80	0.00	0.00	18.99	0.00	62.84	0.00	74	0	74	123.09	93.25	0.00	0.00	0.00	0.00	0.00	0.00	0.00	0.00	0.00	0.00	0.00	23.60	20.57	0.00	0.99	0.00	0.00
743	17.39	4086	3240	0.85	42	0	0	0	0	5	34	0	1	0	0	0.00	0.00	0.00	0.62	84.41	0.00	0.47	0.00	0.00	18.16	0.00	64.45	0.00	74	0	74	125.55	96.12	0.00	0.00	0.00	0.00	0.00	0.00	0.00	0.00	0.00	0.00	0.00	25.70	22.82	0.00	1.05	0.00	0.00
720	18.49	4090	2947	0.87	26	0	0	1	1	1	26	0	4	0	0	0.00	0.07	0.22	0.69	66.25	0.00	9.00	0.00	0.00	19.20	0.00	62.31	0.00	74	0	75	122.72	93.04	0.00	0.00	0.00	0.00	0.00	0.00	0.00	0.00	0.00	0.00	0.00	23.50	19.34	0.00	1.00	0.00	0.00
740	17.40	4087	3219	0.86	33	0	0	0	1	1	26	0	7	0	0	0.00	0.00	0.15	0.87	64.63	0.00	18.88	0.00	0.00	18.07	1.43	58.10	4.99	74	0	75	124.33	94.96	0.00	0.00	0.00	0.00	0.00	0.00	0.00	0.00	0.00	0.00	0.00	25.20	22.65	0.00	1.01	0.00	0.00
721	18.14	4089	3009	0.87	34	0	0	1	1	2	28	0	3	0	0	0.00	0.05	0.20	0.32	71.71	0.00	6.08	0.00	0.00	18.96	0.00	62.90	0.00	75	0	75	123.33	93.79	0.00	0.00	0.00	0.00	0.00	0.00	0.00	0.00	0.00	0.00	0.00	25.00	21.20	0.00	1.02	0.00	0.00
604	17.51	4088	2613	0.92	66	0	0	0	1	1	32	0	23	0	0	0.00	0.00	0.06	0.38	41.06	0.00	27.22	0.00	0.00	16.06	0.75	49.59	16.10	74	0	75	111.58	93.57	0.00	0.00	0.00	0.00	0.00	0.00	0.00	0.00	0.00	0.00	0.00	18.20	16.52	0.00	0.80	0.00	0.00
705	13.62	4085	3922	0.90	41	0	0	0	1	0	29	0	12	0	0	0.00	0.00	0.30	0.00	79.71	0.00	28.20	0.00	0.00	18.79	0.00	54.99	12.60	75	0	75	121.66	97.22	0.00	0.00	0.00	0.00	0.00	0.00	0.00	0.00	0.00	0.00	0.00	28.94	25.61	0.00	1.27	0.00	0.00
718	14.04	4085	3877	0.91	35	0	0	0	2	1	23	0	8	0	0	0.00	0.00	0.70	0.93	82.16	0.00	22.41	0.00	0.00	20.54	0.00	63.65	1.77	75	0	75	126.91	97.23	0.00	0.00	0.00	0.00	0.00	0.00	0.00	0.00	0.00	0.00	0.00	30.91	27.36	0.00	1.29	0.00	0.00
656	19.72	4089	2519	0.92	26	0	0	0	2	1	24	0	1	0	0	0.00	0.00	0.40	0.68	60.42	0.00	2.62	0.00	0.00	20.28	0.00	60.00	0.00	75	0	75	125.10	90.20	0.00	0.00	0.00	0.00	0.00	0.00	0.00	0.00	0.00	0.00	0.00	18.80	16.37	0.00	0.77	0.00	0.00
665	16.11	4088	3126	0.92	33	0	0	0	1	1	22	0	9	0	0	0.00	0.00	0.35	0.73	61.12	0.00	21.25	0.00	0.00	19.72	1.21	60.44	2.52	75	0	75	123.33	94.09	0.00	0.00	0.00	0.00	0.00	0.00	0.00	0.00	0.00	0.00	0.00	24.18	21.68	0.00	1.02	0.00	0.00
719	14.07	4086	3871	0.90	33	0	0	0	1	1	25	0	5	0	0	0.00	0.00	0.46	0.96	91.02	0.00	13.50	0.00	0.00	20.11	1.31	64.51	0.00	75	0	75	127.92	96.79	0.00	0.00	0.00	0.00	0.00	0.00	0.00	0.00	0.00	0.00	0.00	33.02	28.00	0.00	1.33	0.00	0.00
663	20.33	4090	2469	0.92	25	0	0	0	2	1	19	0	6	0	0	0.00	0.00	0.30	0.60	47.13	0.00	14.49	0.00	0.00	20.39	0.00	59.28	0.00	75	0	75	126.06	90.50	0.00	0.00	0.00	0.00	0.00	0.00	0.00	0.00	0.00	0.00	0.00	18.26	15.98	0.00	0.76	0.00	0.00
726	13.61	4089	4037	0.89	33	0	0	0	0	2	24	0	6	0	0	0.00	0.00	0.00	1.74	90.42	0.00	19.47	0.00	0.00	20.02	1.54	62.79	2.05	75	0	75	128.38	97.84	0.00	0.00	0.00	0.00	0.00	0.00	0.00	0.00	0.00	0.00	0.00	32.52	28.39	0.00	1.37	0.00	0.00
550	14.05	4088	2965	0.93	26	0	0	1	1	2	31	0	34	0	0	0.00	0.02	0.03	0.59	38.97	0.00	42.08	0.00	0.00	12.93	0.67	49.14	23.21	66	0	70	77.84	59.31	0.00	0.00	0.00	0.00	0.00	0.00	0.00	0.00	0.00	0.00	0.00	15.91	12.58	0.00	0.67	0.00	0.00
697	15.95	4086	3309	0.91	73	0	0	0	1	1	29	0	7	0	0	0.00	0.00	0.32	0.63	70.59	0.00	17.22	0.00	0.00	27.26	1.04	55.76	0.00	72	0	72	180.54	143.26	0.00	0.00	0.00	0.00	0.00	0.00	0.00	0.00	0.00	0.00	0.00	33.75	32.99	0.00	1.48	0.00	0.00
725	16.98	4088	3231	0.91	33	0	0	0	2	2	30	0	5	0	0	0.00	0.00	0.27	1.21	73.69	0.00	10.08	0.00	0.00	23.66	1.05	58.31	0.00	74	0	74	153.04	114.83	0.00	0.00	0.00	0.00	0.00	0.00	0.00	0.00	0.00	0.00	0.00	34.93	26.20	0.00	1.46	0.00	0.00
722	17.57	4090	3110	0.91	33	0	0	1	1	1	26	0	7	0	0	0.00	0.02	0.17	0.71	67.28	0.00	13.16	0.00	0.00	20.73	1.17	60.52	0.00	74	0	74	130.46	94.41	0.00	0.00	0.00	0.00	0.00	0.00	0.00	0.00	0.00	0.00	0.00	24.83	22.27	0.00	1.01	0.00	0.00
705	17.30	4084	3091	0.92	33	0	0	0	1	3	28	0	6	0	0	0.00	0.00	0.12	0.45	69.57	0.00	11.20	0.00	0.00	21.39	0.00	60.05	1.26	75	0	75	131.42	93.96	0.00	0.00	0.00	0.00	0.00	0.00	0.00	0.00	0.00	0.00	0.00	24.66	21.27	0.00	1.00	0.00	0.00
688	17.13	4033	3085	0.93	34	0	0	0	1	1	32	0	1	0	0	0.00	0.00	0.42	0.89	77.65	0.00	2.77	0.00	0.00	21.00	0.00	61.88	0.00	75	0	75	131.54	94.99	0.00	0.00	0.00	0.00	0.00	0.00	0.00	0.00	0.00	0.00	0.00	23.62	20.71	0.00	1.00	0.00	0.00
699	18.39	3800	3096	0.93	37	0	0	0	1	1	28	0	4	0	0	0.00	0.00	0.25	0.76	69.61	0.00	11.10	0.00	0.00	19.74	0.00	61.88	0.00	74	0	74	140.42	99.90	0.00	0.00	0.00	0.00	0.00	0.00	0.00	0.00	0.00	0.00	0.00	21.15	17.69	0.00	1.03	0.00	0.00
747	19.92	3799	3055	0.92	29	0	0	0	1	0	24	0	2	0	0	0.00	0.00	0.49	0.00	70.41	0.00	8.24	0.00	0.00	21.33	0.00	58.74	0.00	74	0	74	150.34	99.71	0.00	0.00	0.00	0.00	0.00	0.00	0.00	0.00	0.00	0.00	0.00	21.08	18.40	0.00	0.98	0.00	0.00
615	17.25	3585	3080	0.93	33	0	0	0	1	0	32	0	8	0	0	0.00	0.00	0.27	0.00	66.25	0.00	15.88	0.00	0.00	19.24	0.00	63.51	0.00	73	0	73	132.98	98.89	0.00	0.00	0.00	0.00	0.00	0.00	0.00	0.00	0.00	0.00	0.00	18.05	14.81	0.00	0.99	0.00	0.00
655	18.78	3500	3086	0.92	41	0	0	0	1	2	23	0	8	0	0	0.00	0.00	0.08	1.43	62.31	0.00	17.24	0.00	0.00	19.64	1.35	58.61	1.61	72	0	72	143.08	99.64	0.00	0.00	0.00	0.00	0.00	0.00	0.00	0.00	0.00	0.00	0.00	13.93	14.04	0.00	0.76	0.00	0.00
665	18.94	3500	3107	0.93	33	0	0	0	1	2	30	0	3	0	0	0.00	0.00	0.25	1.03	75.82	0.00	4.35	0.00	0.00	20.36	1.60	59.10	0.00	71	0	71	144.13	100.04	0.00	0.00	0.00	0.00	0.00	0.00	0.00	0.00	0.00	0.00	0.00	17.75	14.84	0.00	1.01	0.00	0.00
655	18.74	3500	3092	0.92	29	0	0	0	1	1	32	0	2	0	0	0.00	0.00	0.27	0.12	75.16	0.00	5.74	0.00	0.00	20.34	0.00	60.92	0.00	71	0	71	142.64	99.81	0.00	0.00	0.00	0.00	0.00	0.00	0.00	0.00	0.00	0.00	0.00	21.92	14.83	0.00	1.25	0.00	0.00
662	18.88	3500	3104	0.93	37	0	0	0	1	0	31	0	2	0	0	0.00	0.00	0.40	0.00	74.85	0.00	6.21	0.00	0.00	20.34	0.00	60.78	0.00	71	0	71	143.66	100.08	0.00	0.00	0.00	0.00	0.00	0.00	0.00	0.00	0.00	0.00	0.00	17.79	14.58	0.00	1.01	0.00	0.00
653	18.69	3500	3088	0.92	29	0	0	0	1	3	31	0	3	0	0	0.00	0.00	0.15	0.42	73.07	0.00	7.59	0.00	0.00	20.35	0.00	60.96	0.00	71	0	71	142.47	99.63	0.00	0.00	0.00	0.00	0.00	0.00	0.00	0.00	0.00	0.00	0.00	17.82	14.71	0.00	1.00	0.00	0.00
662	18.88	3500	3102	0.92	37	0	0	0	1	1	29	0	3	0	0	0.00	0.00	0.38	0.95	71.16	0.00	8.88	0.00	0.00	20.41	0.00	60.71	0.00	71	0	71	143.79	99.97	0.00	0.00	0.00	0.00	0.00	0.00	0.00	0.00	0.00	0.00	0.00	17.65	14.45	0.00	1.01	0.00	0.00
654	18.69	3500	3094	0.93	29	0	0	0	1	1	32	0	3	0	0	0.00	0.00	0.27	0.12	73.84	0.00	7.15	0.00	0.00	20.31	0.00	61.01	0.00	71	0	71	142.62	99.91	0.00	0.00	0.00	0.00	0.00	0.00	0.00	0.00	0.00	0.00	0.00	14.53	15.04	0.00	0.76	0.00	0.00
661	18.88	3500	3098	0.93	37	0	0	0	1	1	32	0	2	0	0	0.00	0.00	0.30	0.13	75.13	0.00	5.76	0.00	0.00	20.42	0.00	60.70	0.00	71	0	71	143.83	99.87	0.00	0.00	0.00	0.00	0.00	0.00	0.00	0.00	0.00	0.00	0.00	21.70	14.86	0.00	1.25	0.00	0.00
653	18.65	3500	3097	0.92	29	0	0	0	1	2	31	0	2	0	0	0.00	0.00	0.30	0.42	75.08	0.00	5.72	0.00	0.00	20.22	0.00	61.13	0.00	71	0	71	141.94	99.85	0.00	0.00	0.00	0.00	0.00	0.00	0.00	0.00	0.00	0.00	0.00	17.53	14.36	0.00	1.01	0.00	0.00
584	17.74	3500	2911	0.92	38	0	0	0	3	1	40	0	15	0	0	0.00	0.00	0.44	0.30	57.34	0.00	19.40	0.00	0.00	13.21	0.00	63.64	5.41	71	0	71	81.58	56.41	0.00	0.00	0.00	0.00	0.00	0.00	0.00	0.00	0.00	0.00	0.00	9.46	8.02	0.00	0.52	0.00	0.00
707	17.96	3500	3482	0.89	59	0	0	1	1	4	26	0	7	0	0	0.00	0.06	0.12	1.17	69.67	0.00	21.39	0.00	0.00	29.33	0.00	52.71	0.00	71	0	71	232.20	183.04	0.00	0.00	0.00	0.00	0.00	0.00	0.00	0.00	0.00	0.00	0.00	33.73	27.36	0.00	2.07	0.00	0.00
601	18.18	3500	2923	0.91	36	0	0	0	1	1	34	0	19	0	0	0.00	0.00	0.22	0.24	50.63	0.00	26.28	0.00	0.00	12.45	0.00	57.23	12.15	71	0	71	79.56	54.95	0.00	0.00	0.00	0.00	0.00	0.00	0.00	0.00	0.00	0.00	0.00	9.27	7.45	0.00	0.54	0.00	0.00
706	17.82	3500	3507	0.90	57	0	0	1	0	2	28	0	4	0	0	0.00	0.09	0.00	1.60	83.62	0.00	7.94	0.00	0.00	30.27	1.21	50.70	0.00	71	0	71	236.43	184.87	0.00	0.00	0.00	0.00	0.00	0.00	0.00	0.00	0.00	0.00	0.00	30.42	28.76	0.00	1.83	0.00	0.00
784	23.10	3500	3002	0.85	31	0	0	0	0	1	27	0	5	0	0	0.00	0.00	0.00	0.60	61.94	0.00	12.18	0.00	0.00	19.88	1.06	55.96	0.00	71	0	71	143.45	99.78	0.00	0.00	0.00	0.00	0.00	0.00	0.00	0.00	0.00	0.00	0.00	18.23	14.35	0.00	0.99	0.00	0.00
706	19.68	3500	3174	0.62	38	0	0	1	3	6	55	0	0	0	0	0.00	0.00	0.52	4.12	78.05	0.00	0.00	0.00	0.00	24.12	3.98	52.22	0.00	67	0	67	151.21	96.18	0.00	0.00	0.00	0.00	0.00	0.00	0.00	0.00	0.00	0.00	0.00	21.43	15.80	0.00	1.62	0.00	0.00
883	24.90	3500	3137	0.71	27	0	0	3	19	10	33	0	0	0	0	0.00	0.48	7.93	4.44	63.50	0.00	0.00	0.00	0.00	35.37	3.10	36.63	0.00	65	0	65	166.82	101.20	0.00	0.00	0.00	0.00	0.00	0.00	0.00	0.00	0.00	0.00	0.00	19.32	17.63	0.00	1.14	0.00	0.00
709	19.99	3500	3139	0.65	25	0	2	0	24	14	41	0	0	0	0	0.16	0.00	9.61	10.00	61.87	0.00	0.00	0.00	0.00	41.39	12.09	26.53	0.00	65	0	65	165.54	97.99	0.00	0.00	0.00	0.00	0.00	0.00	0.00	0.00	0.00	0.00	0.00	19.34	16.95	0.00	1.21	0.00	0.00
885	25.24	3499	3100	0.67	25	0	0	7	59	14	32	0	0	0	0	0.00	0.62	22.50	11.24	40.87	0.00	0.00	0.00	0.00	59.32	9.82	5.62	0.00	65	0	65	185.08	98.67	0.00	0.00	0.00	0.00	0.00	0.00	0.00	0.00	0.00	0.00	0.00	22.06	19.53	0.00	1.14	0.00	0.00
642	18.38	3501	3091	0.77	26	0	0	2	17	10	26	0	0	0	0	0.00	0.13	12.06	7.23	62.27	0.00	0.00	0.00	0.00	38.79	10.27	32.57	0.00	65	0	65	166.01	96.99	0.00	0.00	0.00	0.00	0.00	0.00	0.00	0.00	0.00	0.00	0.00	22.12	18.44	0.00	1.15	0.00	0.00
299	8.50	3500	3108	0.88	27	0	0	0	2	0	29	0	0	0	0	0.00	0.00	0.89	0.00	91.15	0.00	0.00	0.00	0.00	13.73	0.00	77.76	0.00	63	0	63	72.15	63.87	0.00	0.00	6.73	22.78	0.00	0.00	0.00	0.00	0.00	0.00	0.00	13.13	8.72	0.00	1.09	0.00	0.00
324	9.25	3500	3097	0.86	25	0	0	1	0	1	30	0	0	0	0	0.00	0.06	0.00	1.07	89.80	0.00	0.00	0.00	0.00	13.76	1.90	75.09	0.00	62	0	62	72.01	63.41	0.00	0.00	5.83	23.35	0.00	0.00	0.00	0.00	0.00	0.00	0.00	13.82	7.77	0.00	1.34	0.00	0.00
351	10.07	3500	3086	0.79	33	0	0	0	1	4	34	0	0	0	0	0.00	0.00	0.25	0.75	88.88	0.00	0.00	0.00	0.00	15.67	0.00	74.26	0.00	61	0	61	76.12	63.92	0.00	0.00	6.74	22.23	0.00	0.00	0.00	0.00	0.00	0.00	0.00	10.39	8.81	0.00	0.99	0.00	0.00
299	8.51	3500	3104	0.87	24	0	0	0	2	1	28	0	0	0	0	0.00	0.00	0.93	1.25	89.70	0.00	0.00	0.00	0.00	13.28	0.00	78.21	0.00	61	0	61	67.56	62.54	0.00	0.00	2.54	25.52	0.00	0.00	0.00	0.00	0.00	0.00	0.00	10.90	7.86	0.00	1.00	0.00	0.00
301	8.61	3500	3087	0.88	24	0	0	0	0	2	26	0	2	0	0	0.00	0.00	0.00	1.85	85.82	0.00	3.63	0.00	0.00	13.27	1.75	76.37	0.00	61	0	61	69.78	64.51	0.00	0.00	2.66	27.82	0.00	0.00	0.00	0.00	0.00	0.00	0.00	10.18	7.21	0.00	0.99	0.00	0.00
526	14.96	3498	3111	0.79	52	0	0	0	6	4	49	0	1	0	0	0.00	0.00	4.03	2.32	76.12	0.00	3.36	0.00	0.00	23.64	2.06	59.35	0.00	60	0	60	93.16	64.47	0.00	0.00	2.59	28.38	0.00	0.00	0.00	0.00	0.00	0.00	0.00	11.40	10.39	0.00	1.03	0.00	0.00
795	27.83	3500	2528	0.88	25	0	0	0	5	6	26	0	3	0	0	0.00	0.00	2.04	4.82	43.32	0.00	8.90	0.00	0.00	35.50	7.55	29.13	0.00	63	0	63	187.27	91.53	0.00	0.00	0.00	0.00	0.00	0.00	0.00	0.00	0.00	0.00	0.00	17.32	14.56	0.00	1.05	0.00	0.00
595	15.97	3498	3296	0.93	33	0	0	0	4	2	31	0	3	0	0	0.00	0.00	1.38	1.84	77.87	0.00	8.52	0.00	0.00	16.98	1.67	65.38	0.00	61	0	62	139.82	91.02	0.00	0.00	0.00	0.00	0.00	0.00	0.00	0.00	0.00	0.00	0.00	18.75	15.73	0.00	1.23	0.00	0.00
517	14.18	3281	3442	0.81	35	0	0	1	1	4	36	0	2	0	0	0.00	0.06	0.39	4.39	86.00	0.00	4.69	0.00	0.00	21.65	4.81	59.37	0.00	60	0	62	136.16	98.68	0.00	0.00	3.47	6.53	0.00	0.00	0.00	0.00	0.00	0.00	0.00	19.81	14.58	0.00	1.60	0.00	0.00
307	9.56	3200	3101	0.82	27	0	0	1	1	0	32	0	1	0	0	0.00	0.03	0.49	0.00	89.69	0.00	0.55	0.00	0.00	14.39	0.00	76.05	0.00	60	0	60	78.00	69.18	0.00	0.00	6.38	16.10	0.00	0.00	0.00	0.00	0.00	0.00	0.00	12.85	7.79	0.00	1.32	0.00	0.00
279	9.03	3164	3024	0.87	34	0	0	0	2	4	34	0	0	0	0	0.00	0.00	0.46	1.51	87.09	0.00	0.00	0.00	0.00	14.11	0.00	76.86	0.00	60	0	60	71.06	66.66	0.00	0.00	3.04	19.50	0.00	0.00	0.00	0.00	0.00	0.00	0.00	8.35	6.68	0.00	0.90	0.00	0.00
272	9.35	2900	3102	0.86	25	0	0	0	2	4	31	0	2	0	0	0.00	0.00	0.75	2.29	87.41	0.00	0.58	0.00	0.00	15.55	3.17	71.94	0.00	59	0	60	75.23	67.60	0.00	0.00	5.19	21.47	0.00	0.00	0.00	0.00	0.00	0.00	0.00	8.23	6.24	0.00	0.88	0.00	0.00
269	9.33	2900	3079	0.87	33	0	0	0	0	2	30	0	2	0	0	0.00	0.00	0.00	1.73	86.45	0.00	2.21	0.00	0.00	13.42	2.81	74.44	0.00	60	0	60	72.96	67.57	0.00	0.00	5.43	21.29	0.00	0.00	0.00	0.00	0.00	0.00	0.00	9.64	5.23	0.00	1.14	0.00	0.00
248	9.09	2807	3009	0.87	25	0	0	0	2	4	31	0	2	0	0	0.00	0.00	0.62	2.20	83.56	0.00	2.17	0.00	0.00	15.09	3.28	72.54	0.00	59	0	59	73.80	66.76	0.00	0.00	5.85	19.94	0.00	0.00	0.00	0.00	0.00	0.00	0.00	10.04	5.94	0.00	1.08	0.00	0.00
257	9.89	2600	3098	0.87	33	0	0	0	2	1	33	0	1	0	0	0.00	0.00	0.32	0.78	87.14	0.00	2.15	0.00	0.00	14.49	0.00	75.62	0.00	59	0	59	77.10	71.46	0.00	0.00	3.44	20.62	0.00	0.00	0.00	0.00	0.00	0.00	0.00	5.86	4.40	0.00	0.82	0.00	0.00
236	9.54	2563	2992	0.86	33	0	0	0	2	1	27	0	7	0	0	0.00	0.00	0.40	1.00	70.29	0.00	15.97	0.00	0.00	13.98	1.69	65.44	9.36	58	0	59	76.65	68.83	0.00	0.00	4.75	19.46	0.00	0.00	0.00	0.00	0.00	0.00	0.00	7.83	4.65	0.00	1.00	0.00	0.00
231	10.06	2299	3090	0.87	33	0	0	1	1	1	31	0	5	0	0	0.00	0.05	0.34	0.73	79.68	0.00	9.21	0.00	0.00	14.09	1.14	74.71	0.00	58	0	58	79.89	72.49	0.00	0.00	4.45	18.35	0.00	0.00	0.00	0.00	0.00	0.00	0.00	7.07	4.19	0.00	0.98	0.00	0.00
