Core	CPU	C1%	C3%	C6%	C8%	C9%
-	-	0.20	0.23	12.64	1.28	0.00
0	0	0.00	0.00	0.98	0.10	0.00
0	4	0.00	0.85	2.10	1.39	0.00
1	1	0.00	0.00	1.47	4.10	0.00
1	5	0.65	0.02	2.34	1.68	0.00
2	2	0.64	0.00	2.55	0.79	0.00
2	6	0.04	0.00	1.64	0.99	0.00
3	3	0.00	0.01	2.80	1.19	0.00
3	7	0.24	0.97	87.26	0.00	0.00
Core	CPU	C1%	C3%	C6%	C8%	C9%
-	-	0.00	0.05	11.59	1.11	0.07
0	0	0.00	0.01	0.59	1.18	0.00
0	4	0.00	0.00	0.46	0.50	0.00
1	1	0.00	0.00	0.24	2.26	0.00
1	5	0.00	0.00	0.22	0.79	0.00
2	2	0.00	0.10	1.49	1.39	0.00
2	6	0.00	0.00	0.47	1.58	0.00
3	3	0.00	0.00	0.30	1.18	0.55
3	7	0.00	0.26	88.90	0.00	0.00
Core	CPU	C1%	C3%	C6%	C8%	C9%
-	-	0.03	0.05	11.19	0.87	0.48
0	0	0.00	0.04	0.66	1.08	0.00
0	4	0.00	0.00	0.06	0.60	0.00
1	1	0.00	0.00	0.46	0.79	0.00
1	5	0.00	0.00	0.94	1.28	0.00
2	2	0.00	0.00	0.45	0.79	0.00
2	6	0.00	0.00	0.63	1.57	3.02
3	3	0.00	0.01	0.33	0.87	0.82
3	7	0.21	0.36	85.97	0.00	0.00
Core	CPU	C1%	C3%	C6%	C8%	C9%
-	-	0.00	0.05	10.98	0.71	0.00
0	0	0.00	0.03	0.57	1.17	0.00
0	4	0.00	0.00	0.14	0.40	0.00
1	1	0.00	0.03	0.22	0.90	0.00
1	5	0.00	0.00	0.20	0.30	0.00
2	2	0.00	0.00	0.58	0.99	0.00
2	6	0.00	0.00	0.27	0.89	0.00
3	3	0.00	0.00	0.15	1.07	0.00
3	7	0.01	0.32	85.72	0.00	0.00
Core	CPU	C1%	C3%	C6%	C8%	C9%
-	-	0.02	0.04	11.81	0.81	0.00
0	0	0.06	0.01	0.81	0.11	0.00
0	4	0.00	0.00	0.18	0.89	0.00
1	1	0.00	0.00	0.36	0.69	0.00
1	5	0.00	0.00	0.25	1.47	0.00
2	2	0.00	0.02	1.34	0.99	0.00
2	6	0.00	0.02	0.99	0.99	0.00
3	3	0.09	0.00	0.79	1.31	0.00
3	7	0.00	0.25	89.73	0.00	0.00
Core	CPU	C1%	C3%	C6%	C8%	C9%
-	-	0.01	0.26	11.51	1.55	0.20
0	0	0.00	0.02	0.84	1.78	0.00
0	4	0.00	0.02	0.45	4.07	0.00
1	1	0.00	0.00	0.10	1.88	0.00
1	5	0.00	1.89	0.15	0.00	1.56
2	2	0.00	0.00	0.46	1.48	0.00
2	6	0.00	0.00	0.35	1.68	0.00
3	3	0.00	0.00	0.42	1.48	0.00
3	7	0.11	0.14	89.27	0.00	0.00
Core	CPU	C1%	C3%	C6%	C8%	C9%
-	-	0.00	0.03	11.48	0.56	0.00
0	0	0.00	0.03	0.79	0.59	0.00
0	4	0.00	0.01	0.47	0.60	0.00
1	1	0.00	0.00	0.54	0.39	0.00
1	5	0.00	0.00	0.62	0.30	0.00
2	2	0.00	0.01	0.20	0.60	0.00
2	6	0.00	0.00	0.45	0.99	0.00
3	3	0.00	0.00	0.18	0.99	0.00
3	7	0.00	0.21	88.61	0.00	0.00
Core	CPU	C1%	C3%	C6%	C8%	C9%
-	-	0.04	0.05	11.59	1.32	0.00
0	0	0.11	0.03	0.86	1.47	0.00
0	4	0.00	0.00	0.58	3.64	0.00
1	1	0.00	0.00	0.28	1.18	0.00
1	5	0.00	0.00	0.27	0.89	0.00
2	2	0.00	0.02	0.75	1.09	0.00
2	6	0.00	0.00	0.68	1.28	0.00
3	3	0.00	0.03	0.50	0.99	0.00
3	7	0.19	0.33	88.79	0.00	0.00
Core	CPU	C1%	C3%	C6%	C8%	C9%
-	-	0.00	0.02	11.74	0.74	0.00
0	0	0.00	0.02	1.18	1.01	0.00
0	4	0.00	0.00	0.33	1.29	0.00
1	1	0.00	0.02	0.11	0.40	0.00
1	5	0.00	0.02	0.29	0.40	0.00
2	2	0.00	0.00	0.49	0.59	0.00
2	6	0.00	0.00	0.78	1.28	0.00
3	3	0.00	0.00	1.33	0.99	0.00
3	7	0.00	0.13	89.41	0.00	0.00
Core	CPU	C1%	C3%	C6%	C8%	C9%
-	-	0.00	0.02	11.89	0.84	0.00
0	0	0.00	0.01	0.30	0.89	0.00
0	4	0.00	0.01	0.63	2.27	0.00
1	1	0.00	0.05	0.86	0.79	0.00
1	5	0.00	0.00	0.94	0.49	0.00
2	2	0.00	0.00	0.92	0.59	0.00
2	6	0.00	0.00	1.09	0.79	0.00
3	3	0.00	0.00	0.78	0.89	0.00
3	7	0.00	0.11	89.62	0.00	0.00
Core	CPU	C1%	C3%	C6%	C8%	C9%
-	-	0.00	0.03	11.59	0.68	0.00
0	0	0.00	0.00	0.21	1.18	0.00
0	4	0.00	0.03	0.81	0.10	0.00
1	1	0.00	0.00	0.50	0.20	0.00
1	5	0.00	0.07	0.28	0.99	0.00
2	2	0.00	0.00	0.27	0.89	0.00
2	6	0.00	0.00	0.46	1.29	0.00
3	3	0.00	0.00	0.83	0.79	0.00
3	7	0.02	0.13	89.39	0.00	0.00
Core	CPU	C1%	C3%	C6%	C8%	C9%
-	-	0.03	0.05	11.39	0.78	0.00
0	0	0.05	0.01	0.36	1.26	0.00
0	4	0.00	0.04	0.76	1.09	0.00
1	1	0.00	0.00	0.14	0.79	0.00
1	5	0.00	0.01	0.16	0.49	0.00
2	2	0.00	0.00	0.40	0.52	0.00
2	6	0.00	0.00	0.10	1.09	0.00
3	3	0.10	0.00	0.28	0.99	0.00
3	7	0.10	0.34	88.96	0.00	0.00
Core	CPU	C1%	C3%	C6%	C8%	C9%
-	-	0.00	0.03	11.70	0.59	0.00
0	0	0.00	0.02	0.54	0.00	0.00
0	4	0.00	0.02	0.90	0.20	0.00
1	1	0.00	0.00	0.19	0.99	0.00
1	5	0.00	0.00	0.36	0.99	0.00
2	2	0.00	0.00	0.55	0.98	0.00
2	6	0.00	0.00	0.83	0.79	0.00
3	3	0.00	0.03	1.09	0.79	0.00
3	7	0.00	0.14	89.14	0.00	0.00
Core	CPU	C1%	C3%	C6%	C8%	C9%
-	-	0.00	0.08	11.67	0.44	0.04
0	0	0.00	0.00	0.46	0.50	0.00
0	4	0.00	0.51	0.28	0.19	0.31
1	1	0.00	0.00	0.66	0.00	0.00
1	5	0.00	0.01	0.69	0.52	0.00
2	2	0.00	0.00	0.49	1.68	0.00
2	6	0.00	0.00	0.76	0.60	0.00
3	3	0.00	0.00	0.46	0.00	0.00
3	7	0.00	0.15	89.54	0.00	0.00
Core	CPU	C1%	C3%	C6%	C8%	C9%
-	-	0.00	0.02	11.59	0.74	0.00
0	0	0.00	0.00	0.20	0.30	0.00
0	4	0.00	0.01	1.09	0.99	0.00
1	1	0.00	0.00	0.86	0.99	0.00
1	5	0.00	0.00	0.44	0.79	0.00
2	2	0.00	0.00	0.23	0.89	0.00
2	6	0.00	0.02	0.20	0.99	0.00
3	3	0.00	0.00	0.19	0.99	0.00
3	7	0.00	0.11	89.49	0.00	0.00
Core	CPU	C1%	C3%	C6%	C8%	C9%
-	-	0.00	0.01	11.66	0.83	0.00
0	0	0.00	0.00	0.63	0.79	0.00
0	4	0.00	0.02	0.70	1.59	0.00
1	1	0.00	0.00	0.63	0.30	0.00
1	5	0.00	0.00	0.58	1.09	0.00
2	2	0.00	0.00	0.46	0.89	0.00
2	6	0.00	0.00	0.45	0.89	0.00
3	3	0.00	0.00	0.23	1.09	0.00
3	7	0.00	0.07	89.62	0.00	0.00
Core	CPU	C1%	C3%	C6%	C8%	C9%
-	-	0.03	0.10	11.60	0.78	0.00
0	0	0.22	0.01	0.84	1.18	0.00
0	4	0.00	0.02	0.98	1.16	0.00
1	1	0.00	0.00	0.15	1.39	0.00
1	5	0.00	0.42	0.04	0.03	0.00
2	2	0.00	0.01	0.79	0.60	0.00
2	6	0.00	0.00	0.10	0.89	0.00
3	3	0.00	0.00	0.95	0.99	0.00
3	7	0.00	0.33	88.95	0.00	0.00
Core	CPU	C1%	C3%	C6%	C8%	C9%
-	-	0.00	0.03	11.58	0.76	0.00
0	0	0.00	0.02	0.69	0.49	0.00
0	4	0.00	0.00	0.22	0.79	0.00
1	1	0.00	0.00	0.19	0.99	0.00
1	5	0.00	0.00	0.86	0.79	0.00
2	2	0.00	0.00	0.35	0.89	0.00
2	6	0.00	0.00	0.53	1.38	0.00
3	3	0.00	0.02	0.89	0.79	0.00
3	7	0.00	0.17	88.92	0.00	0.00
Core	CPU	C1%	C3%	C6%	C8%	C9%
-	-	0.00	0.02	11.58	0.53	0.00
0	0	0.00	0.00	0.42	0.98	0.00
0	4	0.00	0.01	0.73	0.69	0.00
1	1	0.00	0.00	0.76	0.10	0.00
1	5	0.00	0.00	0.59	0.10	0.00
2	2	0.00	0.00	0.79	0.49	0.00
2	6	0.00	0.00	0.18	0.99	0.00
3	3	0.00	0.00	0.26	0.89	0.00
3	7	0.00	0.11	88.89	0.00	0.00
Core	CPU	C1%	C3%	C6%	C8%	C9%
-	-	0.00	0.03	11.59	0.81	0.00
0	0	0.00	0.00	0.20	0.79	0.00
0	4	0.00	0.02	0.59	0.89	0.00
1	1	0.00	0.02	0.44	1.76	0.00
1	5	0.00	0.00	0.25	1.09	0.00
2	2	0.00	0.10	0.81	0.59	0.00
2	6	0.00	0.02	0.70	0.40	0.00
3	3	0.00	0.00	0.19	0.99	0.00
3	7	0.00	0.10	89.56	0.00	0.00
Core	CPU	C1%	C3%	C6%	C8%	C9%
-	-	0.00	0.01	11.93	0.82	0.00
0	0	0.00	0.02	0.87	0.32	0.00
0	4	0.00	0.00	0.34	0.28	0.00
1	1	0.00	0.00	0.69	0.00	0.00
1	5	0.00	0.00	0.48	1.68	0.00
2	2	0.00	0.00	0.96	1.38	0.00
2	6	0.00	0.00	0.95	1.28	0.00
3	3	0.00	0.00	1.23	1.58	0.00
3	7	0.00	0.05	89.95	0.00	0.00
Core	CPU	C1%	C3%	C6%	C8%	C9%
-	-	0.00	0.02	11.57	0.95	0.00
0	0	0.00	0.00	1.19	1.98	0.00
0	4	0.00	0.00	0.60	1.09	0.00
1	1	0.00	0.00	0.45	0.30	0.00
1	5	0.00	0.00	0.14	1.48	0.00
2	2	0.00	0.01	0.49	0.80	0.00
2	6	0.00	0.00	0.16	0.70	0.00
3	3	0.00	0.00	0.38	1.29	0.00
3	7	0.00	0.18	89.20	0.00	0.00
Core	CPU	C1%	C3%	C6%	C8%	C9%
-	-	0.01	0.34	11.77	0.92	0.00
0	0	0.00	0.01	1.15	0.79	0.00
0	4	0.00	0.00	0.59	0.50	0.00
1	1	0.00	0.00	1.01	1.69	0.00
1	5	0.01	2.46	0.08	0.00	0.00
2	2	0.00	0.00	1.15	1.18	0.00
2	6	0.00	0.00	0.84	1.48	0.00
3	3	0.00	0.02	0.30	1.68	0.00
3	7	0.10	0.19	89.03	0.00	0.00
Core	CPU	C1%	C3%	C6%	C8%	C9%
-	-	0.03	0.05	11.93	1.10	0.00
0	0	0.09	0.02	0.68	1.08	0.00
0	4	0.00	0.00	0.84	2.08	0.00
1	1	0.00	0.00	1.70	0.79	0.00
1	5	0.11	0.01	1.24	1.47	0.00
2	2	0.00	0.00	0.73	1.39	0.00
2	6	0.00	0.00	0.52	1.09	0.00
3	3	0.00	0.00	0.36	0.89	0.00
3	7	0.00	0.35	89.42	0.00	0.00
Core	CPU	C1%	C3%	C6%	C8%	C9%
-	-	0.01	0.02	11.62	1.00	0.00
0	0	0.00	0.02	0.59	1.18	0.00
0	4	0.00	0.00	0.19	0.99	0.00
1	1	0.00	0.00	0.45	1.19	0.00
1	5	0.00	0.00	0.54	0.89	0.00
2	2	0.00	0.00	0.83	0.89	0.00
2	6	0.00	0.02	0.69	0.89	0.00
3	3	0.00	0.00	0.83	1.98	0.00
3	7	0.06	0.15	88.83	0.00	0.00
Core	CPU	C1%	C3%	C6%	C8%	C9%
-	-	0.00	0.06	11.05	0.56	0.00
0	0	0.00	0.00	0.85	0.49	0.00
0	4	0.00	0.02	0.10	0.40	0.00
1	1	0.00	0.00	0.62	0.10	0.00
1	5	0.00	0.00	0.19	0.99	0.00
2	2	0.00	0.00	0.37	0.79	0.00
2	6	0.00	0.00	0.35	0.89	0.00
3	3	0.00	0.00	0.82	0.79	0.00
3	7	0.01	0.43	85.09	0.00	0.00
Core	CPU	C1%	C3%	C6%	C8%	C9%
-	-	0.01	0.02	11.47	0.74	0.00
0	0	0.00	0.01	0.55	0.89	0.00
0	4	0.00	0.00	0.37	0.59	0.00
1	1	0.00	0.00	0.84	0.69	0.00
1	5	0.00	0.00	0.42	1.78	0.00
2	2	0.00	0.01	0.10	0.30	0.00
2	6	0.00	0.00	0.00	0.60	0.00
3	3	0.00	0.00	0.18	1.09	0.00
3	7	0.05	0.13	89.27	0.00	0.00
Core	CPU	C1%	C3%	C6%	C8%	C9%
-	-	0.01	0.02	11.48	0.84	0.00
0	0	0.00	0.04	0.61	0.69	0.00
0	4	0.00	0.00	0.05	0.60	0.00
1	1	0.00	0.00	0.30	1.38	0.00
1	5	0.00	0.00	0.27	0.99	0.00
2	2	0.00	0.00	0.25	0.99	0.00
2	6	0.00	0.00	0.63	1.18	0.00
3	3	0.00	0.02	0.30	0.89	0.00
3	7	0.10	0.11	89.41	0.00	0.00
Core	CPU	C1%	C3%	C6%	C8%	C9%
-	-	0.01	0.08	11.44	0.57	0.38
0	0	0.00	0.00	0.93	0.88	0.00
0	4	0.00	0.00	0.15	0.40	0.00
1	1	0.00	0.00	0.53	0.00	0.00
1	5	0.00	0.52	0.06	0.03	3.01
2	2	0.00	0.00	0.10	1.08	0.00
2	6	0.00	0.00	0.18	0.99	0.00
3	3	0.10	0.00	0.46	1.19	0.00
3	7	0.00	0.14	89.08	0.00	0.00
Core	CPU	C1%	C3%	C6%	C8%	C9%
-	-	0.01	0.02	11.69	0.68	0.00
0	0	0.00	0.03	0.30	0.59	0.00
0	4	0.00	0.02	0.27	0.99	0.00
1	1	0.00	0.00	0.72	0.49	0.00
1	5	0.00	0.00	0.84	0.79	0.00
2	2	0.00	0.00	1.02	0.79	0.00
2	6	0.10	0.02	0.80	0.79	0.00
3	3	0.00	0.00	0.29	0.98	0.00
3	7	0.00	0.12	89.28	0.00	0.00
Core	CPU	C1%	C3%	C6%	C8%	C9%
-	-	0.00	0.02	11.49	0.98	0.00
0	0	0.00	0.01	0.79	0.59	0.00
0	4	0.00	0.00	0.66	1.19	0.00
1	1	0.00	0.00	0.40	0.88	0.00
1	5	0.00	0.00	0.41	1.78	0.00
2	2	0.00	0.00	0.42	1.08	0.00
2	6	0.00	0.00	0.61	1.27	0.00
3	3	0.00	0.00	0.13	1.09	0.00
3	7	0.00	0.13	88.50	0.00	0.00
Core	CPU	C1%	C3%	C6%	C8%	C9%
-	-	0.00	0.03	11.59	0.68	0.00
0	0	0.00	0.00	0.58	0.03	0.00
0	4	0.00	0.00	0.83	1.48	0.00
1	1	0.00	0.00	0.29	0.79	0.00
1	5	0.00	0.00	0.73	0.69	0.00
2	2	0.00	0.01	0.49	0.50	0.00
2	6	0.00	0.00	0.45	0.89	0.00
3	3	0.00	0.00	0.18	1.09	0.00
3	7	0.00	0.23	89.19	0.00	0.00
Core	CPU	C1%	C3%	C6%	C8%	C9%
-	-	0.00	0.03	11.77	0.86	0.00
0	0	0.00	0.00	0.92	0.40	0.00
0	4	0.00	0.03	1.39	1.58	0.00
1	1	0.00	0.00	0.17	1.38	0.00
1	5	0.00	0.00	0.27	0.99	0.00
2	2	0.00	0.00	0.36	0.89	0.00
2	6	0.00	0.00	0.25	0.89	0.00
3	3	0.00	0.00	1.34	0.79	0.00
3	7	0.00	0.21	89.43	0.00	0.00
Core	CPU	C1%	C3%	C6%	C8%	C9%
-	-	0.00	0.04	11.47	0.67	0.00
0	0	0.02	0.00	0.37	0.49	0.00
0	4	0.00	0.02	0.86	1.09	0.00
1	1	0.00	0.02	0.11	0.30	0.00
1	5	0.00	0.00	0.13	0.40	0.00
2	2	0.00	0.00	0.69	0.51	0.00
2	6	0.00	0.00	0.19	1.33	0.00
3	3	0.00	0.02	0.49	1.24	0.00
3	7	0.00	0.29	88.91	0.00	0.00
Core	CPU	C1%	C3%	C6%	C8%	C9%
-	-	0.00	0.17	11.34	0.66	0.30
0	0	0.00	0.02	0.16	0.59	0.00
0	4	0.00	0.00	0.43	0.59	0.00
1	1	0.00	0.00	0.19	1.48	0.00
1	5	0.02	1.08	0.17	0.00	2.40
2	2	0.00	0.00	0.35	0.79	0.00
2	6	0.00	0.00	0.24	0.89	0.00
3	3	0.00	0.02	0.30	0.89	0.00
3	7	0.00	0.25	88.87	0.00	0.00
Core	CPU	C1%	C3%	C6%	C8%	C9%
-	-	0.01	0.02	11.53	0.82	0.00
0	0	0.00	0.00	0.45	0.89	0.00
0	4	0.00	0.01	0.49	1.48	0.00
1	1	0.00	0.02	0.20	0.51	0.00
1	5	0.00	0.00	0.19	0.70	0.00
2	2	0.00	0.00	0.58	1.18	0.00
2	6	0.00	0.00	0.27	0.95	0.00
3	3	0.00	0.00	0.25	0.89	0.00
3	7	0.10	0.11	89.82	0.00	0.00
Core	CPU	C1%	C3%	C6%	C8%	C9%
-	-	0.01	0.04	11.58	0.93	0.00
0	0	0.00	0.00	0.10	0.49	0.00
0	4	0.00	0.03	1.16	1.40	0.00
1	1	0.00	0.00	0.26	1.58	0.00
1	5	0.00	0.00	0.53	1.09	0.00
2	2	0.00	0.00	0.82	0.79	0.00
2	6	0.00	0.01	0.89	1.11	0.00
3	3	0.00	0.00	0.49	0.99	0.00
3	7	0.10	0.27	88.42	0.00	0.00
Core	CPU	C1%	C3%	C6%	C8%	C9%
-	-	0.00	0.02	11.54	0.62	0.00
0	0	0.00	0.00	0.43	0.20	0.00
0	4	0.00	0.06	0.59	0.30	0.00
1	1	0.00	0.00	0.14	0.89	0.00
1	5	0.00	0.00	0.48	0.99	0.00
2	2	0.00	0.00	0.52	0.79	0.00
2	6	0.00	0.00	0.35	0.79	0.00
3	3	0.00	0.00	0.72	0.99	0.00
3	7	0.00	0.13	89.05	0.00	0.00
Core	CPU	C1%	C3%	C6%	C8%	C9%
-	-	0.00	0.03	11.42	0.98	0.00
0	0	0.00	0.00	0.28	1.08	0.00
0	4	0.00	0.03	0.78	1.09	0.00
1	1	0.00	0.00	0.15	1.09	0.00
1	5	0.00	0.00	0.82	2.08	0.00
2	2	0.00	0.01	0.30	0.60	0.00
2	6	0.00	0.00	0.10	0.83	0.00
3	3	0.00	0.00	0.18	1.09	0.00
3	7	0.00	0.24	88.79	0.00	0.00
Core	CPU	C1%	C3%	C6%	C8%	C9%
-	-	0.00	0.03	11.63	0.80	0.01
0	0	0.00	0.05	0.38	0.30	0.00
0	4	0.00	0.02	0.21	0.79	0.00
1	1	0.00	0.03	0.31	1.68	0.00
1	5	0.00	0.00	0.42	0.89	0.00
2	2	0.00	0.00	0.35	1.08	0.00
2	6	0.00	0.00	0.69	0.79	0.00
3	3	0.00	0.02	0.79	0.89	0.08
3	7	0.00	0.16	89.89	0.00	0.00
Core	CPU	C1%	C3%	C6%	C8%	C9%
-	-	0.00	0.26	11.53	0.95	0.00
0	0	0.00	0.00	1.07	1.57	0.00
0	4	0.00	0.00	0.84	0.89	0.00
1	1	0.00	0.00	0.23	1.49	0.00
1	5	0.00	1.90	0.10	0.05	0.00
2	2	0.00	0.00	0.00	0.49	0.00
2	6	0.00	0.00	0.28	1.74	0.00
3	3	0.00	0.00	0.78	1.39	0.00
3	7	0.00	0.18	88.91	0.00	0.00
Core	CPU	C1%	C3%	C6%	C8%	C9%
-	-	0.01	0.02	11.73	0.69	0.00
0	0	0.00	0.00	0.81	0.20	0.00
0	4	0.00	0.00	0.18	0.99	0.00
1	1	0.00	0.00	0.36	0.89	0.00
1	5	0.00	0.00	0.84	0.89	0.00
2	2	0.00	0.00	0.82	0.89	0.00
2	6	0.00	0.02	0.79	0.81	0.00
3	3	0.00	0.00	0.59	0.89	0.00
3	7	0.10	0.14	89.46	0.00	0.00
Core	CPU	C1%	C3%	C6%	C8%	C9%
-	-	0.00	0.02	11.61	0.80	0.10
0	0	0.00	0.00	0.20	0.59	0.00
0	4	0.00	0.00	0.58	0.00	0.00
1	1	0.00	0.07	0.33	0.60	0.00
1	5	0.00	0.00	0.78	1.28	0.00
2	2	0.00	0.00	0.27	0.89	0.00
2	6	0.00	0.00	0.45	1.08	0.00
3	3	0.00	0.00	0.76	1.98	0.82
3	7	0.00	0.11	89.52	0.00	0.00
Core	CPU	C1%	C3%	C6%	C8%	C9%
-	-	0.00	0.03	11.70	0.88	0.00
0	0	0.00	0.00	0.58	1.09	0.00
0	4	0.00	0.00	0.37	0.99	0.00
1	1	0.00	0.03	1.33	0.49	0.00
1	5	0.00	0.00	0.73	1.28	0.00
2	2	0.00	0.01	0.59	0.79	0.00
2	6	0.00	0.00	0.10	0.83	0.00
3	3	0.00	0.01	0.18	1.58	0.00
3	7	0.00	0.20	89.69	0.00	0.00
Core	CPU	C1%	C3%	C6%	C8%	C9%
-	-	0.02	0.05	11.59	0.65	0.00
0	0	0.00	0.00	0.57	0.00	0.00
0	4	0.00	0.01	0.60	0.09	0.00
1	1	0.00	0.10	0.68	0.79	0.00
1	5	0.00	0.00	0.37	0.89	0.00
2	2	0.00	0.00	0.45	0.89	0.00
2	6	0.00	0.00	0.34	1.18	0.00
3	3	0.00	0.00	0.79	1.39	0.00
3	7	0.19	0.25	88.89	0.00	0.00
Core	CPU	C1%	C3%	C6%	C8%	C9%
-	-	0.00	0.05	11.61	0.85	0.05
0	0	0.00	0.00	0.57	0.89	0.00
0	4	0.00	0.00	0.95	0.79	0.00
1	1	0.00	0.14	1.25	0.99	0.00
1	5	0.00	0.00	0.13	1.07	0.00
2	2	0.00	0.00	0.10	0.82	0.00
2	6	0.00	0.00	0.54	1.09	0.00
3	3	0.00	0.00	0.57	1.18	0.39
3	7	0.00	0.26	88.76	0.00	0.00
Core	CPU	C1%	C3%	C6%	C8%	C9%
-	-	0.00	0.22	11.75	0.62	0.00
0	0	0.00	0.01	0.20	0.39	0.00
0	4	0.00	0.00	0.49	0.00	0.00
1	1	0.00	0.03	1.22	0.69	0.00
1	5	0.01	1.58	0.17	0.00	0.00
2	2	0.00	0.00	0.35	1.57	0.00
2	6	0.00	0.00	1.07	1.77	0.00
3	3	0.00	0.00	1.20	0.49	0.00
3	7	0.00	0.15	89.30	0.00	0.00
Core	CPU	C1%	C3%	C6%	C8%	C9%
-	-	0.04	0.08	11.44	0.99	0.00
0	0	0.29	0.00	0.35	1.09	0.00
0	4	0.00	0.00	0.53	1.58	0.00
1	1	0.00	0.12	1.09	0.69	0.00
1	5	0.00	0.00	0.17	1.39	0.00
2	2	0.00	0.03	0.55	1.29	0.00
2	6	0.00	0.00	0.53	1.08	0.00
3	3	0.00	0.00	0.45	0.79	0.00
3	7	0.01	0.50	87.86	0.00	0.00
Core	CPU	C1%	C3%	C6%	C8%	C9%
-	-	0.00	0.04	11.46	0.93	0.06
0	0	0.00	0.00	0.19	0.99	0.00
0	4	0.00	0.00	0.32	1.09	0.00
1	1	0.00	0.06	1.39	0.89	0.00
1	5	0.00	0.00	0.63	2.07	0.00
2	2	0.00	0.00	0.92	0.49	0.00
2	6	0.00	0.01	0.89	0.40	0.00
3	3	0.00	0.00	0.76	1.48	0.50
3	7	0.01	0.27	86.56	0.00	0.00
Core	CPU	C1%	C3%	C6%	C8%	C9%
-	-	0.00	0.05	11.62	0.69	0.00
0	0	0.00	0.00	0.53	0.49	0.00
0	4	0.00	0.01	0.60	0.10	0.00
1	1	0.00	0.16	1.09	1.09	0.00
1	5	0.00	0.00	0.28	0.89	0.00
2	2	0.00	0.00	0.36	1.08	0.00
2	6	0.00	0.00	0.15	1.08	0.00
3	3	0.00	0.03	0.89	0.79	0.00
3	7	0.00	0.20	89.10	0.00	0.00
Core	CPU	C1%	C3%	C6%	C8%	C9%
-	-	0.00	0.03	11.70	1.03	0.00
0	0	0.00	0.00	0.83	0.79	0.00
0	4	0.00	0.00	0.84	0.79	0.00
1	1	0.00	0.05	1.20	0.49	0.00
1	5	0.00	0.00	0.31	1.40	0.00
2	2	0.00	0.00	0.10	1.39	0.00
2	6	0.00	0.00	0.29	1.68	0.00
3	3	0.00	0.00	0.37	1.68	0.00
3	7	0.00	0.19	89.64	0.00	0.00
Core	CPU	C1%	C3%	C6%	C8%	C9%
-	-	0.00	0.03	11.51	0.79	0.00
0	0	0.00	0.00	0.19	0.60	0.00
0	4	0.00	0.00	0.19	0.99	0.00
1	1	0.00	0.07	0.88	0.59	0.00
1	5	0.00	0.00	0.26	0.89	0.00
2	2	0.00	0.00	0.73	1.09	0.00
2	6	0.00	0.03	0.59	1.09	0.00
3	3	0.00	0.00	0.10	1.09	0.00
3	7	0.00	0.18	89.15	0.00	0.00
Core	CPU	C1%	C3%	C6%	C8%	C9%
-	-	0.00	0.17	11.94	1.27	0.00
0	0	0.00	0.00	1.18	1.68	0.00
0	4	0.00	0.00	1.02	1.38	0.00
1	1	0.00	0.07	1.31	1.09	0.00
1	5	0.00	1.09	0.20	0.86	0.00
2	2	0.00	0.00	0.38	1.58	0.00
2	6	0.00	0.00	1.16	1.28	0.00
3	3	0.00	0.00	0.94	2.28	0.00
3	7	0.00	0.22	89.35	0.00	0.00
Core	CPU	C1%	C3%	C6%	C8%	C9%
-	-	0.00	0.04	11.63	0.59	0.00
0	0	0.00	0.00	0.68	0.79	0.00
0	4	0.00	0.00	0.86	0.50	0.00
1	1	0.00	0.06	0.91	0.00	0.00
1	5	0.00	0.00	0.24	0.69	0.00
2	2	0.00	0.02	0.30	0.79	0.00
2	6	0.00	0.00	0.10	0.79	0.00
3	3	0.00	0.00	0.18	1.13	0.00
3	7	0.00	0.21	89.75	0.00	0.00
Core	CPU	C1%	C3%	C6%	C8%	C9%
-	-	0.00	0.03	11.53	0.59	0.00
0	0	0.00	0.00	0.19	0.40	0.00
0	4	0.00	0.02	0.40	0.00	0.00
1	1	0.00	0.09	0.70	0.00	0.00
1	5	0.00	0.00	0.77	1.68	0.00
2	2	0.00	0.00	0.37	0.79	0.00
2	6	0.00	0.00	0.35	0.69	0.00
3	3	0.00	0.00	0.32	1.19	0.00
3	7	0.00	0.10	89.12	0.00	0.00
Core	CPU	C1%	C3%	C6%	C8%	C9%
-	-	0.09	0.07	11.55	0.70	0.00
0	0	0.00	0.00	1.07	0.79	0.00
0	4	0.11	0.00	1.13	1.08	0.00
1	1	0.00	0.13	1.02	0.49	0.00
1	5	0.00	0.00	0.33	0.79	0.00
2	2	0.00	0.00	0.00	0.40	0.00
2	6	0.00	0.00	0.10	0.99	0.00
3	3	0.00	0.00	0.17	1.05	0.00
3	7	0.59	0.46	88.60	0.00	0.00
Core	CPU	C1%	C3%	C6%	C8%	C9%
-	-	0.00	0.03	11.67	0.56	0.00
0	0	0.00	0.02	0.20	0.30	0.00
0	4	0.00	0.00	0.40	0.00	0.00
1	1	0.00	0.09	0.79	0.59	0.00
1	5	0.00	0.00	0.36	0.79	0.00
2	2	0.00	0.00	0.35	1.08	0.00
2	6	0.00	0.00	0.83	0.79	0.00
3	3	0.00	0.02	0.70	0.91	0.00
3	7	0.00	0.11	89.70	0.00	0.00
Core	CPU	C1%	C3%	C6%	C8%	C9%
-	-	0.00	0.04	11.46	0.69	0.00
0	0	0.00	0.00	0.36	0.99	0.00
0	4	0.00	0.00	0.34	1.09	0.00
1	1	0.00	0.13	0.84	0.49	0.00
1	5	0.00	0.00	0.00	0.40	0.00
2	2	0.00	0.00	0.29	0.89	0.00
2	6	0.00	0.00	0.28	0.89	0.00
3	3	0.00	0.00	0.45	0.77	0.00
3	7	0.00	0.20	89.14	0.00	0.00
Core	CPU	C1%	C3%	C6%	C8%	C9%
-	-	0.00	0.19	11.60	0.46	0.00
0	0	0.00	0.00	0.06	0.39	0.00
0	4	0.00	0.00	0.18	0.89	0.00
1	1	0.00	0.09	1.08	0.58	0.00
1	5	0.00	1.29	0.16	0.02	0.04
2	2	0.00	0.00	0.82	0.79	0.00
2	6	0.00	0.01	0.69	0.00	0.00
3	3	0.00	0.00	0.19	1.03	0.00
3	7	0.00	0.14	89.58	0.00	0.00
Core	CPU	C1%	C3%	C6%	C8%	C9%
-	-	0.02	0.04	11.57	0.57	0.00
0	0	0.00	0.00	0.43	0.40	0.00
0	4	0.00	0.02	0.20	0.30	0.00
1	1	0.00	0.08	1.01	0.50	0.00
1	5	0.00	0.00	0.78	0.69	0.00
2	2	0.00	0.00	0.36	0.69	0.00
2	6	0.00	0.00	0.45	0.99	0.00
3	3	0.00	0.00	0.23	0.99	0.00
3	7	0.20	0.22	89.12	0.00	0.00
Core	CPU	C1%	C3%	C6%	C8%	C9%
-	-	0.00	0.06	11.54	0.97	0.00
0	0	0.00	0.00	1.47	1.58	0.00
0	4	0.00	0.00	0.37	0.99	0.00
1	1	0.00	0.10	1.20	0.59	0.00
1	5	0.00	0.00	0.23	1.39	0.00
2	2	0.00	0.01	0.40	1.30	0.00
2	6	0.00	0.00	0.10	0.89	0.00
3	3	0.00	0.00	0.80	0.99	0.00
3	7	0.00	0.37	87.77	0.00	0.00
Core	CPU	C1%	C3%	C6%	C8%	C9%
-	-	0.00	0.03	11.60	0.67	0.00
0	0	0.00	0.02	0.20	0.30	0.00
0	4	0.00	0.00	0.00	0.60	0.00
1	1	0.00	0.09	1.28	0.79	0.00
1	5	0.00	0.00	0.27	0.89	0.00
2	2	0.00	0.00	0.25	0.89	0.00
2	6	0.00	0.00	0.63	1.09	0.00
3	3	0.00	0.02	0.40	0.79	0.00
3	7	0.00	0.08	89.75	0.00	0.00
Core	CPU	C1%	C3%	C6%	C8%	C9%
-	-	0.00	0.05	11.83	0.83	0.00
0	0	0.00	0.00	0.96	1.18	0.00
0	4	0.00	0.00	1.14	1.09	0.00
1	1	0.00	0.10	1.02	0.20	0.00
1	5	0.00	0.02	0.78	0.52	0.00
2	2	0.00	0.00	0.10	0.99	0.00
2	6	0.00	0.00	0.88	1.18	0.00
3	3	0.00	0.00	0.66	1.48	0.00
3	7	0.00	0.27	89.11	0.00	0.00
Core	CPU	C1%	C3%	C6%	C8%	C9%
-	-	0.00	0.04	11.66	0.72	0.00
0	0	0.00	0.00	0.10	0.40	0.00
0	4	0.00	0.00	0.19	0.99	0.00
1	1	0.00	0.06	1.22	0.79	0.00
1	5	0.00	0.00	0.45	0.69	0.00
2	2	0.00	0.00	0.63	1.09	0.00
2	6	0.00	0.02	0.79	1.00	0.00
3	3	0.00	0.00	0.89	0.79	0.00
3	7	0.00	0.23	88.99	0.00	0.00
Core	CPU	C1%	C3%	C6%	C8%	C9%
-	-	0.00	0.21	11.49	0.71	0.00
0	0	0.00	0.00	0.47	1.26	0.00
0	4	0.00	0.00	0.13	0.58	0.00
1	1	0.00	0.06	0.42	0.40	0.00
1	5	0.00	1.49	0.10	0.07	0.00
2	2	0.00	0.00	0.32	1.08	0.00
2	6	0.00	0.00	0.36	1.18	0.00
3	3	0.00	0.00	0.74	1.09	0.00
3	7	0.00	0.13	89.39	0.00	0.00
Core	CPU	C1%	C3%	C6%	C8%	C9%
-	-	0.02	0.04	11.81	1.18	0.00
0	0	0.00	0.00	0.38	2.66	0.00
0	4	0.00	0.00	1.06	1.19	0.00
1	1	0.00	0.04	1.64	0.89	0.00
1	5	0.00	0.00	0.83	1.28	0.00
2	2	0.00	0.01	0.20	0.50	0.00
2	6	0.00	0.00	0.20	1.41	0.00
3	3	0.00	0.00	0.68	1.48	0.00
3	7	0.18	0.27	89.54	0.00	0.00
Core	CPU	C1%	C3%	C6%	C8%	C9%
-	-	0.00	0.05	11.87	0.90	0.00
0	0	0.03	0.00	1.26	0.89	0.00
0	4	0.00	0.01	0.97	0.40	0.00
1	1	0.00	0.11	1.79	0.59	0.00
1	5	0.00	0.00	0.37	0.89	0.00
2	2	0.00	0.00	0.54	0.89	0.00
2	6	0.00	0.00	0.60	2.06	0.00
3	3	0.00	0.00	0.98	1.49	0.00
3	7	0.00	0.27	88.47	0.00	0.00
Core	CPU	C1%	C3%	C6%	C8%	C9%
-	-	0.00	0.04	11.61	0.73	0.00
0	0	0.00	0.00	0.27	0.69	0.00
0	4	0.00	0.00	0.46	0.40	0.00
1	1	0.00	0.12	0.99	0.69	0.00
1	5	0.00	0.00	0.13	1.10	0.00
2	2	0.00	0.00	0.79	0.59	0.00
2	6	0.00	0.00	0.98	1.08	0.00
3	3	0.00	0.00	0.27	1.29	0.00
3	7	0.00	0.21	88.99	0.00	0.00
Core	CPU	C1%	C3%	C6%	C8%	C9%
-	-	0.00	0.04	11.64	0.80	0.00
0	0	0.00	0.01	0.24	0.99	0.00
0	4	0.00	0.00	0.79	0.60	0.00
1	1	0.00	0.10	0.99	0.49	0.00
1	5	0.00	0.00	0.36	1.28	0.00
2	2	0.00	0.00	0.64	1.18	0.00
2	6	0.00	0.00	0.23	0.99	0.00
3	3	0.00	0.01	0.92	0.89	0.00
3	7	0.00	0.17	88.95	0.00	0.00
Core	CPU	C1%	C3%	C6%	C8%	C9%
-	-	0.00	0.02	11.56	0.74	0.00
0	0	0.00	0.00	0.35	0.99	0.00
0	4	0.00	0.00	0.24	0.99	0.00
1	1	0.00	0.09	1.09	0.00	0.00
1	5	0.00	0.00	0.10	0.82	0.00
2	2	0.00	0.00	0.29	1.09	0.00
2	6	0.00	0.00	0.31	1.08	0.00
3	3	0.00	0.00	0.35	0.99	0.00
3	7	0.00	0.11	89.72	0.00	0.00
Core	CPU	C1%	C3%	C6%	C8%	C9%
-	-	0.00	0.35	11.41	0.77	0.00
0	0	0.00	0.00	0.60	0.51	0.00
0	4	0.00	0.00	1.07	1.38	0.00
1	1	0.00	0.03	2.11	0.79	0.00
1	5	0.00	2.18	0.17	0.00	0.00
2	2	0.00	0.00	1.12	0.89	0.00
2	6	0.00	0.02	1.09	0.79	0.00
3	3	0.00	0.00	0.20	1.78	0.00
3	7	0.01	0.54	84.95	0.00	0.00
Core	CPU	C1%	C3%	C6%	C8%	C9%
-	-	0.00	0.07	11.63	0.74	0.00
0	0	0.00	0.00	0.67	0.79	0.00
0	4	0.00	0.10	0.22	1.19	0.00
1	1	0.00	0.00	0.53	0.79	0.00
1	5	0.00	0.00	0.88	0.49	0.00
2	2	0.00	0.00	0.37	0.89	0.00
2	6	0.00	0.00	0.45	0.79	0.00
3	3	0.00	0.00	0.73	0.99	0.00
3	7	0.00	0.44	89.22	0.00	0.00
Core	CPU	C1%	C3%	C6%	C8%	C9%
-	-	0.02	0.04	11.39	0.80	0.00
0	0	0.00	0.00	0.18	0.79	0.00
0	4	0.00	0.00	0.81	0.69	0.00
1	1	0.00	0.02	0.36	1.75	0.00
1	5	0.00	0.00	0.22	0.59	0.00
2	2	0.00	0.01	0.20	0.50	0.00
2	6	0.00	0.00	0.10	0.99	0.00
3	3	0.20	0.00	0.62	1.09	0.00
3	7	0.00	0.31	88.60	0.00	0.00
Core	CPU	C1%	C3%	C6%	C8%	C9%
-	-	0.00	0.03	11.45	0.72	0.00
0	0	0.00	0.02	0.10	0.40	0.00
0	4	0.00	0.00	0.20	0.69	0.00
1	1	0.00	0.01	0.41	1.18	0.00
1	5	0.00	0.00	0.47	0.99	0.00
2	2	0.00	0.00	0.45	0.79	0.00
2	6	0.00	0.00	0.83	0.79	0.00
3	3	0.00	0.02	0.30	0.89	0.00
3	7	0.00	0.22	88.88	0.00	0.00
Core	CPU	C1%	C3%	C6%	C8%	C9%
-	-	0.00	0.03	11.51	0.54	0.00
0	0	0.00	0.00	0.43	0.69	0.00
0	4	0.00	0.00	0.64	0.29	0.00
1	1	0.00	0.02	0.45	0.50	0.00
1	5	0.00	0.02	0.19	0.50	0.00
2	2	0.00	0.00	0.60	0.79	0.00
2	6	0.00	0.00	0.28	0.59	0.00
3	3	0.00	0.00	0.16	0.99	0.00
3	7	0.00	0.20	89.30	0.00	0.00
Core	CPU	C1%	C3%	C6%	C8%	C9%
-	-	0.01	0.03	11.62	0.81	0.00
0	0	0.00	0.00	0.10	0.79	0.00
0	4	0.00	0.00	0.28	0.89	0.00
1	1	0.00	0.04	0.71	1.67	0.00
1	5	0.00	0.00	0.25	1.09	0.00
2	2	0.00	0.00	0.82	0.30	0.00
2	6	0.00	0.02	0.89	0.79	0.00
3	3	0.00	0.00	0.19	0.99	0.00
3	7	0.10	0.18	89.74	0.00	0.00
Core	CPU	C1%	C3%	C6%	C8%	C9%
-	-	0.00	0.21	11.52	0.75	0.00
0	0	0.00	0.01	0.13	1.57	0.00
0	4	0.00	0.00	0.22	1.08	0.00
1	1	0.00	0.00	0.91	0.39	0.00
1	5	0.00	1.49	0.10	0.07	0.00
2	2	0.00	0.00	0.27	0.89	0.00
2	6	0.00	0.00	0.36	0.89	0.00
3	3	0.00	0.00	0.80	1.09	0.00
3	7	0.00	0.16	89.35	0.00	0.00
Core	CPU	C1%	C3%	C6%	C8%	C9%
-	-	0.00	0.03	11.53	0.48	0.00
0	0	0.00	0.00	0.76	0.39	0.00
0	4	0.00	0.00	0.36	0.59	0.00
1	1	0.00	0.02	0.47	0.59	0.00
1	5	0.00	0.00	0.24	0.30	0.00
2	2	0.00	0.01	0.30	0.39	0.00
2	6	0.00	0.00	0.10	0.89	0.00
3	3	0.00	0.02	0.84	0.69	0.00
3	7	0.00	0.23	89.19	0.00	0.00
Core	CPU	C1%	C3%	C6%	C8%	C9%
-	-	0.00	0.03	11.61	0.76	0.00
0	0	0.00	0.00	0.92	0.79	0.00
0	4	0.00	0.02	0.75	0.59	0.00
1	1	0.00	0.02	0.31	1.27	0.00
1	5	0.00	0.00	0.27	1.09	0.00
2	2	0.00	0.00	0.36	0.79	0.00
2	6	0.00	0.00	0.15	1.18	0.00
3	3	0.00	0.03	1.06	0.39	0.00
3	7	0.00	0.15	89.09	0.00	0.00
Core	CPU	C1%	C3%	C6%	C8%	C9%
-	-	0.02	0.04	11.58	0.62	0.00
0	0	0.00	0.00	0.44	0.59	0.00
0	4	0.00	0.00	0.55	0.69	0.00
1	1	0.00	0.06	0.91	0.10	0.00
1	5	0.00	0.02	0.34	0.59	0.00
2	2	0.00	0.00	0.10	0.79	0.00
2	6	0.00	0.00	0.19	1.04	0.00
3	3	0.00	0.00	0.85	1.13	0.00
3	7	0.18	0.21	89.26	0.00	0.00
Core	CPU	C1%	C3%	C6%	C8%	C9%
-	-	0.00	0.02	11.53	0.85	0.00
0	0	0.00	0.00	0.22	0.49	0.00
0	4	0.00	0.00	0.19	0.99	0.00
1	1	0.00	0.04	0.57	1.17	0.00
1	5	0.00	0.00	0.45	0.98	0.00
2	2	0.00	0.00	0.34	0.79	0.00
2	6	0.00	0.00	0.23	1.30	0.00
3	3	0.00	0.00	0.59	1.09	0.00
3	7	0.00	0.09	89.65	0.00	0.00
Core	CPU	C1%	C3%	C6%	C8%	C9%
-	-	0.00	0.01	11.51	0.63	0.00
0	0	0.00	0.00	0.05	0.49	0.00
0	4	0.00	0.00	0.13	0.59	0.00
1	1	0.00	0.01	1.04	0.10	0.00
1	5	0.00	0.00	0.20	0.99	0.00
2	2	0.00	0.00	0.28	0.89	0.00
2	6	0.00	0.00	0.26	0.96	0.00
3	3	0.00	0.00	0.14	0.99	0.00
3	7	0.00	0.09	89.95	0.00	0.00
Core	CPU	C1%	C3%	C6%	C8%	C9%
-	-	0.00	0.18	11.29	0.70	0.16
0	0	0.00	0.00	0.35	0.99	0.00
0	4	0.00	0.00	0.37	1.09	0.00
1	1	0.00	0.01	0.50	0.89	0.00
1	5	0.00	1.08	0.14	0.03	1.30
2	2	0.00	0.02	0.30	0.99	0.00
2	6	0.00	0.00	0.30	0.93	0.00
3	3	0.00	0.00	0.28	0.69	0.00
3	7	0.00	0.35	88.11	0.00	0.00
Core	CPU	C1%	C3%	C6%	C8%	C9%
-	-	0.00	0.03	11.46	0.63	0.00
0	0	0.00	0.00	0.22	0.30	0.00
0	4	0.00	0.00	0.00	0.50	0.00
1	1	0.00	0.02	0.61	0.99	0.00
1	5	0.00	0.00	0.38	0.79	0.00
2	2	0.00	0.00	0.36	0.89	0.00
2	6	0.00	0.00	0.24	0.89	0.00
3	3	0.00	0.02	0.50	0.69	0.00
3	7	0.00	0.17	89.37	0.00	0.00
Core	CPU	C1%	C3%	C6%	C8%	C9%
-	-	0.00	0.04	11.52	1.24	0.10
0	0	0.00	0.00	0.32	0.99	0.00
0	4	0.00	0.00	0.72	1.28	0.81
1	1	0.00	0.04	0.52	1.09	0.00
1	5	0.00	0.00	0.71	0.79	0.00
2	2	0.00	0.00	0.10	2.40	0.00
2	6	0.00	0.00	0.19	1.09	0.00
3	3	0.00	0.03	1.12	2.27	0.00
3	7	0.00	0.22	88.47	0.00	0.00
Core	CPU	C1%	C3%	C6%	C8%	C9%
-	-	0.04	0.04	11.45	0.87	0.28
0	0	0.00	0.00	0.00	0.60	0.00
0	4	0.00	0.00	0.19	0.99	0.00
1	1	0.00	0.01	1.08	0.59	0.00
1	5	0.00	0.00	0.26	1.68	0.00
2	2	0.00	0.00	0.23	1.28	0.00
2	6	0.00	0.03	0.45	0.99	0.00
3	3	0.00	0.00	0.30	0.79	2.20
3	7	0.30	0.29	89.11	0.00	0.00
Core	CPU	C1%	C3%	C6%	C8%	C9%
-	-	0.02	0.04	11.56	0.89	0.00
0	0	0.00	0.01	0.25	0.99	0.00
0	4	0.00	0.00	0.63	0.79	0.00
1	1	0.00	0.06	0.58	1.09	0.00
1	5	0.00	0.00	0.69	1.00	0.00
2	2	0.00	0.00	0.33	1.48	0.00
2	6	0.00	0.00	0.37	0.79	0.00
3	3	0.00	0.02	0.45	0.99	0.00
3	7	0.18	0.19	89.18	0.00	0.00
Core	CPU	C1%	C3%	C6%	C8%	C9%
-	-	0.02	0.02	11.63	0.69	0.00
0	0	0.00	0.00	0.90	1.09	0.00
0	4	0.00	0.00	0.77	0.79	0.00
1	1	0.00	0.01	0.37	0.98	0.00
1	5	0.00	0.00	0.14	0.59	0.00
2	2	0.00	0.02	0.47	0.79	0.00
2	6	0.00	0.00	0.14	0.70	0.00
3	3	0.00	0.00	0.79	0.59	0.00
3	7	0.18	0.17	89.50	0.00	0.00
Core	CPU	C1%	C3%	C6%	C8%	C9%
-	-	0.02	0.32	11.71	1.31	0.00
0	0	0.00	0.00	0.43	1.68	0.00
0	4	0.00	0.02	0.29	1.68	0.00
1	1	0.00	0.03	1.19	1.98	0.00
1	5	0.00	2.28	0.26	0.00	0.00
2	2	0.00	0.00	1.15	1.28	0.00
2	6	0.00	0.00	0.35	1.78	0.00
3	3	0.19	0.00	0.91	2.08	0.00
3	7	0.00	0.26	89.08	0.00	0.00
Core	CPU	C1%	C3%	C6%	C8%	C9%
-	-	0.00	0.03	11.42	0.69	0.00
0	0	0.00	0.00	0.87	0.49	0.00
0	4	0.00	0.00	0.36	0.59	0.00
1	1	0.00	0.02	0.47	0.97	0.00
1	5	0.00	0.00	0.13	0.59	0.00
2	2	0.00	0.00	0.10	0.79	0.00
2	6	0.00	0.00	0.20	0.99	0.00
3	3	0.00	0.00	0.17	1.09	0.00
3	7	0.00	0.23	89.10	0.00	0.00
Core	CPU	C1%	C3%	C6%	C8%	C9%
-	-	0.00	0.04	11.36	0.89	0.00
0	0	0.00	0.02	0.43	0.30	0.00
0	4	0.00	0.00	0.10	0.79	0.00
1	1	0.00	0.01	0.61	0.99	0.00
1	5	0.00	0.00	0.36	0.89	0.00
2	2	0.00	0.00	0.35	0.89	0.00
2	6	0.00	0.00	0.14	0.99	0.00
3	3	0.00	0.02	0.86	2.28	0.00
3	7	0.00	0.25	88.04	0.00	0.00
Core	CPU	C1%	C3%	C6%	C8%	C9%
-	-	0.00	0.03	11.40	0.96	0.00
0	0	0.00	0.00	0.40	0.89	0.00
0	4	0.00	0.00	0.14	1.48	0.00
1	1	0.00	0.00	0.46	0.70	0.00
1	5	0.00	0.00	0.30	0.79	0.00
2	2	0.00	0.00	0.29	1.77	0.00
2	6	0.00	0.00	0.28	1.08	0.00
3	3	0.00	0.00	0.15	0.99	0.00
3	7	0.00	0.21	89.19	0.00	0.00
Core	CPU	C1%	C3%	C6%	C8%	C9%
-	-	0.00	0.04	11.48	1.13	0.00
0	0	0.00	0.00	0.14	1.57	0.00
0	4	0.00	0.00	0.18	0.99	0.00
1	1	0.00	0.02	0.65	1.26	0.00
1	5	0.00	0.00	0.73	1.98	0.00
2	2	0.00	0.00	0.82	0.79	0.00
2	6	0.00	0.01	1.04	1.18	0.00
3	3	0.00	0.00	1.13	1.29	0.00
3	7	0.01	0.32	87.11	0.00	0.00
Core	CPU	C1%	C3%	C6%	C8%	C9%
-	-	0.01	0.05	11.24	0.99	0.00
0	0	0.00	0.00	0.38	1.48	0.00
0	4	0.00	0.02	0.10	0.40	0.00
1	1	0.00	0.01	0.41	0.99	0.00
1	5	0.00	0.00	0.29	1.28	0.00
2	2	0.00	0.00	0.92	1.28	0.00
2	6	0.00	0.00	0.70	1.18	0.00
3	3	0.00	0.00	0.23	1.29	0.00
3	7	0.08	0.33	86.86	0.00	0.00
Core	CPU	C1%	C3%	C6%	C8%	C9%
-	-	0.04	0.13	11.45	0.98	0.21
0	0	0.00	0.02	0.93	2.15	0.00
0	4	0.00	0.00	0.96	1.38	0.00
1	1	0.00	0.05	0.58	1.29	0.00
1	5	0.00	0.40	0.10	0.03	0.00
2	2	0.00	0.01	0.30	0.59	0.00
2	6	0.00	0.00	0.10	0.99	0.00
3	3	0.00	0.00	0.18	1.38	1.70
3	7	0.28	0.59	88.43	0.00	0.00
Core	CPU	C1%	C3%	C6%	C8%	C9%
-	-	0.01	0.04	11.49	0.73	0.00
0	0	0.00	0.02	0.66	0.20	0.00
0	4	0.00	0.00	0.15	0.99	0.00
1	1	0.00	0.01	0.41	1.18	0.00
1	5	0.00	0.00	0.47	0.69	0.00
2	2	0.00	0.00	0.35	0.79	0.00
2	6	0.00	0.00	0.64	1.09	0.00
3	3	0.00	0.02	0.59	0.89	0.00
3	7	0.10	0.26	88.61	0.00	0.00
Core	CPU	C1%	C3%	C6%	C8%	C9%
-	-	0.02	0.07	12.02	1.33	0.00
0	0	0.08	0.00	1.05	2.14	0.00
0	4	0.00	0.00	0.60	0.10	0.00
1	1	0.00	0.03	1.03	2.38	0.00
1	5	0.00	0.02	0.34	1.48	0.00
2	2	0.00	0.00	1.51	0.90	0.00
2	6	0.00	0.00	0.88	1.28	0.00
3	3	0.00	0.01	2.37	2.37	0.00
3	7	0.10	0.50	88.37	0.00	0.00
Core	CPU	C1%	C3%	C6%	C8%	C9%
-	-	0.00	0.02	11.60	0.64	0.00
0	0	0.00	0.00	0.63	0.00	0.00
0	4	0.00	0.00	0.49	0.69	0.00
1	1	0.00	0.03	0.56	0.98	0.00
1	5	0.00	0.00	0.35	0.79	0.00
2	2	0.00	0.00	0.23	1.09	0.00
2	6	0.00	0.02	0.69	0.99	0.00
3	3	0.00	0.00	0.89	0.59	0.00
3	7	0.00	0.14	88.92	0.00	0.00
Core	CPU	C1%	C3%	C6%	C8%	C9%
-	-	0.00	0.03	11.47	0.73	0.00
0	0	0.00	0.00	0.58	0.79	0.00
0	4	0.00	0.00	0.42	1.09	0.00
1	1	0.00	0.01	0.91	0.40	0.00
1	5	0.00	0.00	0.28	0.99	0.00
2	2	0.00	0.00	0.27	0.89	0.00
2	6	0.00	0.00	0.46	0.89	0.00
3	3	0.00	0.00	0.33	0.79	0.00
3	7	0.00	0.20	88.52	0.00	0.00
Core	CPU	C1%	C3%	C6%	C8%	C9%
-	-	0.02	0.05	11.20	0.89	0.00
0	0	0.00	0.00	0.26	1.48	0.00
0	4	0.00	0.00	0.37	0.59	0.00
1	1	0.06	0.04	0.45	1.27	0.00
1	5	0.00	0.00	0.04	0.59	0.00
2	2	0.00	0.01	0.30	0.79	0.00
2	6	0.00	0.00	0.10	1.09	0.00
3	3	0.00	0.00	0.87	1.29	0.00
3	7	0.10	0.37	87.25	0.00	0.00
Core	CPU	C1%	C3%	C6%	C8%	C9%
-	-	0.01	0.23	11.64	0.63	0.00
0	0	0.00	0.00	1.19	0.88	0.00
0	4	0.00	0.01	0.69	0.59	0.00
1	1	0.00	0.01	1.20	0.50	0.00
1	5	0.00	1.49	0.18	0.00	0.00
2	2	0.00	0.00	0.36	0.89	0.00
2	6	0.00	0.00	0.15	1.18	0.00
3	3	0.00	0.00	1.13	0.99	0.00
3	7	0.10	0.31	88.20	0.00	0.00
Core	CPU	C1%	C3%	C6%	C8%	C9%
-	-	0.00	0.03	11.45	0.59	0.00
0	0	0.00	0.00	0.27	0.69	0.00
0	4	0.00	0.00	0.45	0.79	0.00
1	1	0.00	0.00	0.57	0.50	0.00
1	5	0.00	0.00	0.22	0.30	0.00
2	2	0.00	0.00	0.19	0.69	0.00
2	6	0.00	0.00	0.98	1.09	0.00
3	3	0.00	0.00	0.47	0.69	0.00
3	7	0.00	0.24	88.40	0.00	0.00
Core	CPU	C1%	C3%	C6%	C8%	C9%
-	-	0.00	0.04	11.36	0.86	0.00
0	0	0.00	0.04	0.15	0.59	0.00
0	4	0.00	0.00	0.10	1.18	0.00
1	1	0.00	0.02	0.40	1.17	0.00
1	5	0.00	0.00	0.36	0.89	0.00
2	2	0.00	0.00	0.35	0.89	0.00
2	6	0.00	0.00	0.83	0.79	0.00
3	3	0.00	0.02	0.36	1.39	0.00
3	7	0.00	0.24	88.34	0.00	0.00
Core	CPU	C1%	C3%	C6%	C8%	C9%
-	-	0.01	0.06	11.23	0.83	0.00
0	0	0.00	0.00	0.36	0.59	0.00
0	4	0.00	0.00	0.14	1.48	0.00
1	1	0.00	0.06	0.99	0.00	0.00
1	5	0.00	0.00	0.05	0.82	0.00
2	2	0.00	0.00	0.29	1.68	0.00
2	6	0.00	0.00	0.28	0.89	0.00
3	3	0.00	0.02	0.25	1.19	0.00
3	7	0.10	0.38	87.46	0.00	0.00
Core	CPU	C1%	C3%	C6%	C8%	C9%
-	-	0.00	0.04	11.56	0.85	0.00
0	0	0.00	0.00	0.88	0.59	0.00
0	4	0.00	0.00	0.18	0.99	0.00
1	1	0.00	0.03	0.67	1.08	0.00
1	5	0.00	0.00	0.24	1.77	0.00
2	2	0.00	0.00	1.02	0.30	0.00
2	6	0.00	0.02	0.89	0.79	0.00
3	3	0.00	0.00	0.91	1.29	0.00
3	7	0.00	0.27	87.72	0.00	0.00
Core	CPU	C1%	C3%	C6%	C8%	C9%
-	-	0.00	0.03	11.31	0.72	0.00
0	0	0.00	0.00	0.14	0.39	0.00
0	4	0.00	0.00	0.22	0.69	0.00
1	1	0.00	0.01	0.39	0.80	0.00
1	5	0.00	0.00	0.19	1.09	0.00
2	2	0.00	0.00	0.27	0.99	0.00
2	6	0.00	0.00	0.45	0.79	0.00
3	3	0.00	0.00	0.23	0.99	0.00
3	7	0.00	0.19	88.58	0.00	0.00
Core	CPU	C1%	C3%	C6%	C8%	C9%
-	-	0.00	0.12	11.13	0.50	0.00
0	0	0.00	0.00	0.44	0.49	0.00
0	4	0.00	0.00	0.37	0.59	0.00
1	1	0.00	0.00	0.48	0.49	0.00
1	5	0.00	0.49	0.14	0.03	0.00
2	2	0.00	0.01	0.20	0.50	0.00
2	6	0.00	0.00	0.10	0.89	0.00
3	3	0.00	0.00	0.28	0.99	0.00
3	7	0.00	0.43	87.04	0.00	0.00
Core	CPU	C1%	C3%	C6%	C8%	C9%
-	-	0.02	0.03	11.32	0.82	0.00
0	0	0.00	0.02	0.28	0.60	0.00
0	4	0.00	0.00	0.10	0.79	0.00
1	1	0.00	0.01	0.68	1.48	0.00
1	5	0.00	0.00	0.47	0.79	0.00
2	2	0.00	0.00	0.45	0.79	0.00
2	6	0.00	0.00	0.14	1.18	0.00
3	3	0.00	0.00	0.22	0.89	0.00
3	7	0.18	0.24	88.20	0.00	0.00
Core	CPU	C1%	C3%	C6%	C8%	C9%
-	-	0.00	0.04	11.51	0.76	0.00
0	0	0.00	0.00	0.97	0.49	0.00
0	4	0.00	0.00	0.36	0.59	0.00
1	1	0.00	0.00	1.27	0.79	0.00
1	5	0.00	0.00	0.32	0.69	0.00
2	2	0.00	0.00	0.00	0.60	0.00
2	6	0.00	0.00	0.29	1.72	0.00
3	3	0.00	0.00	0.82	1.19	0.00
3	7	0.00	0.33	88.05	0.00	0.00
Core	CPU	C1%	C3%	C6%	C8%	C9%
-	-	0.00	0.04	11.44	0.73	0.00
0	0	0.00	0.01	0.33	0.20	0.00
0	4	0.00	0.00	0.79	0.59	0.00
1	1	0.00	0.02	0.49	1.27	0.00
1	5	0.00	0.00	0.36	0.99	0.00
2	2	0.00	0.00	0.15	0.99	0.00
2	6	0.00	0.00	0.23	0.89	0.00
3	3	0.00	0.00	0.79	0.89	0.00
3	7	0.00	0.27	88.36	0.00	0.00
Core	CPU	C1%	C3%	C6%	C8%	C9%
-	-	0.00	0.03	11.50	0.77	0.00
0	0	0.00	0.01	0.36	0.99	0.00
0	4	0.00	0.00	0.64	0.59	0.00
1	1	0.00	0.02	1.14	0.69	0.00
1	5	0.00	0.01	0.70	0.79	0.00
2	2	0.00	0.00	0.19	0.99	0.00
2	6	0.00	0.00	0.18	1.05	0.00
3	3	0.00	0.00	0.25	1.09	0.00
3	7	0.00	0.22	88.51	0.00	0.00
Core	CPU	C1%	C3%	C6%	C8%	C9%
-	-	0.01	0.03	11.44	0.89	0.00
0	0	0.00	0.00	0.69	0.88	0.00
0	4	0.00	0.00	0.28	0.89	0.00
1	1	0.00	0.00	0.48	1.57	0.00
1	5	0.00	0.00	0.15	1.78	0.00
2	2	0.00	0.00	0.72	0.49	0.00
2	6	0.00	0.00	0.59	0.52	0.00
3	3	0.00	0.00	0.19	0.99	0.00
3	7	0.10	0.27	88.38	0.00	0.00
Core	CPU	C1%	C3%	C6%	C8%	C9%
-	-	0.00	0.22	11.30	0.69	0.00
0	0	0.00	0.00	0.36	1.07	0.00
0	4	0.00	0.00	0.03	0.59	0.00
1	1	0.00	0.01	0.31	0.79	0.00
1	5	0.00	1.49	0.26	0.00	0.00
2	2	0.00	0.00	0.37	0.79	0.00
2	6	0.00	0.00	0.35	1.18	0.00
3	3	0.00	0.00	0.65	1.09	0.00
3	7	0.00	0.28	88.10	0.00	0.00
Core	CPU	C1%	C3%	C6%	C8%	C9%
-	-	0.00	0.03	11.49	0.92	0.00
0	0	0.00	0.00	0.33	1.48	0.00
0	4	0.00	0.00	0.37	0.89	0.00
1	1	0.00	0.02	0.47	1.37	0.00
1	5	0.00	0.00	0.93	0.99	0.00
2	2	0.00	0.01	0.79	0.99	0.00
2	6	0.00	0.00	0.20	0.73	0.00
3	3	0.00	0.00	0.38	0.89	0.00
3	7	0.00	0.21	88.46	0.00	0.00
Core	CPU	C1%	C3%	C6%	C8%	C9%
-	-	0.00	0.01	11.60	0.80	0.00
0	0	0.00	0.00	1.13	0.59	0.00
0	4	0.00	0.01	0.60	0.00	0.00
1	1	0.00	0.00	0.41	1.18	0.00
1	5	0.00	0.00	0.47	1.68	0.00
2	2	0.00	0.00	0.36	0.79	0.00
2	6	0.00	0.00	0.34	1.18	0.00
3	3	0.00	0.00	0.26	0.99	0.00
3	7	0.00	0.09	89.23	0.00	0.00
Core	CPU	C1%	C3%	C6%	C8%	C9%
-	-	0.01	0.08	10.89	0.91	0.00
0	0	0.00	0.00	0.87	1.18	0.00
0	4	0.00	0.00	0.81	0.79	0.00
1	1	0.00	0.01	0.63	1.28	0.00
1	5	0.00	0.00	0.13	1.19	0.00
2	2	0.00	0.00	0.10	0.82	0.00
2	6	0.00	0.00	0.54	1.09	0.00
3	3	0.00	0.00	0.27	0.89	0.00
3	7	0.11	0.59	83.78	0.00	0.00
Core	CPU	C1%	C3%	C6%	C8%	C9%
-	-	0.12	0.05	11.34	0.91	0.00
0	0	0.00	0.02	0.38	0.47	0.00
0	4	0.06	0.00	0.45	0.40	0.00
1	1	0.00	0.00	0.40	1.68	0.00
1	5	0.00	0.00	0.56	1.48	0.00
2	2	0.00	0.00	0.25	1.28	0.00
2	6	0.00	0.00	0.14	0.99	0.00
3	3	0.00	0.02	0.59	0.99	0.00
3	7	0.89	0.36	87.96	0.00	0.00
Core	CPU	C1%	C3%	C6%	C8%	C9%
-	-	0.00	0.04	11.41	0.87	0.00
0	0	0.00	0.00	0.36	1.08	0.00
0	4	0.00	0.00	1.23	0.79	0.00
1	1	0.00	0.01	0.70	1.19	0.00
1	5	0.00	0.00	0.00	0.82	0.00
2	2	0.00	0.00	0.19	1.09	0.00
2	6	0.00	0.00	0.28	1.09	0.00
3	3	0.00	0.00	0.35	0.89	0.00
3	7	0.00	0.34	88.15	0.00	0.00
Core	CPU	C1%	C3%	C6%	C8%	C9%
-	-	0.02	0.34	11.48	1.07	0.00
0	0	0.00	0.00	0.16	1.38	0.00
0	4	0.00	0.00	0.29	1.58	0.00
1	1	0.00	0.02	0.68	1.66	0.00
1	5	0.00	2.28	0.15	0.02	0.00
2	2	0.00	0.00	0.82	1.48	0.00
2	6	0.00	0.02	0.79	1.51	0.00
3	3	0.00	0.00	1.07	0.90	0.00
3	7	0.18	0.40	87.90	0.00	0.00
Core	CPU	C1%	C3%	C6%	C8%	C9%
-	-	0.01	0.03	11.42	0.63	0.00
0	0	0.00	0.00	0.66	0.49	0.00
0	4	0.00	0.03	0.10	0.40	0.00
1	1	0.00	0.00	0.36	0.89	0.00
1	5	0.00	0.00	0.68	0.69	0.00
2	2	0.00	0.00	0.37	0.79	0.00
2	6	0.00	0.00	0.35	0.79	0.00
3	3	0.00	0.00	0.13	0.99	0.00
3	7	0.10	0.24	88.70	0.00	0.00
Core	CPU	C1%	C3%	C6%	C8%	C9%
-	-	0.00	0.05	11.23	1.10	0.00
0	0	0.00	0.00	0.64	0.89	0.00
0	4	0.00	0.00	0.37	0.99	0.00
1	1	0.00	0.01	0.46	1.29	0.00
1	5	0.00	0.00	0.52	1.88	0.00
2	2	0.00	0.01	0.29	1.79	0.00
2	6	0.00	0.00	0.10	0.89	0.00
3	3	0.00	0.00	0.85	1.09	0.00
3	7	0.00	0.41	86.62	0.00	0.00
Core	CPU	C1%	C3%	C6%	C8%	C9%
-	-	0.00	0.03	11.37	0.70	0.00
0	0	0.00	0.02	0.32	0.40	0.00
0	4	0.00	0.00	0.00	0.50	0.00
1	1	0.00	0.02	0.51	1.07	0.00
1	5	0.00	0.00	0.27	0.89	0.00
2	2	0.00	0.00	0.25	0.89	0.00
2	6	0.00	0.00	0.14	1.09	0.00
3	3	0.00	0.02	0.89	0.79	0.00
3	7	0.00	0.21	88.57	0.00	0.00
Core	CPU	C1%	C3%	C6%	C8%	C9%
-	-	0.00	0.04	11.39	0.96	0.00
0	0	0.00	0.00	0.43	0.99	0.00
0	4	0.00	0.00	0.35	0.89	0.00
1	1	0.00	0.05	1.20	0.69	0.00
1	5	0.00	0.02	0.58	2.08	0.00
2	2	0.00	0.00	0.10	0.83	0.00
2	6	0.00	0.00	0.19	1.09	0.00
3	3	0.00	0.00	0.16	1.09	0.00
3	7	0.00	0.24	88.14	0.00	0.00
Core	CPU	C1%	C3%	C6%	C8%	C9%
-	-	0.01	0.04	11.40	0.73	0.00
0	0	0.00	0.00	0.00	0.50	0.00
0	4	0.00	0.00	0.19	0.99	0.00
1	1	0.00	0.02	0.77	0.79	0.00
1	5	0.00	0.00	0.25	0.99	0.00
2	2	0.00	0.00	0.23	0.89	0.00
2	6	0.00	0.02	0.20	0.89	0.00
3	3	0.00	0.00	0.89	0.79	0.00
3	7	0.10	0.25	88.69	0.00	0.00
Core	CPU	C1%	C3%	C6%	C8%	C9%
-	-	0.00	0.24	11.32	0.58	0.00
0	0	0.00	0.00	0.09	0.49	0.00
0	4	0.00	0.00	0.03	0.59	0.00
1	1	0.00	0.03	0.30	0.59	0.00
1	5	0.00	1.59	0.08	0.07	0.00
2	2	0.00	0.00	0.28	1.28	0.00
2	6	0.00	0.00	0.36	0.79	0.00
3	3	0.00	0.00	0.84	0.79	0.00
3	7	0.00	0.28	88.57	0.00	0.00
Core	CPU	C1%	C3%	C6%	C8%	C9%
-	-	0.00	0.05	11.36	0.95	0.00
0	0	0.00	0.00	0.68	1.09	0.00
0	4	0.00	0.00	0.37	0.99	0.00
1	1	0.00	0.01	0.46	1.29	0.00
1	5	0.00	0.00	0.33	1.18	0.00
2	2	0.00	0.01	0.30	1.00	0.00
2	6	0.00	0.00	0.20	1.09	0.00
3	3	0.00	0.00	0.28	0.99	0.00
3	7	0.00	0.37	88.27	0.00	0.00
Core	CPU	C1%	C3%	C6%	C8%	C9%
-	-	0.00	0.05	11.27	0.54	0.00
0	0	0.00	0.00	0.58	0.00	0.00
0	4	0.00	0.02	0.60	0.00	0.00
1	1	0.00	0.05	1.17	0.59	0.00
1	5	0.00	0.00	0.47	0.79	0.00
2	2	0.00	0.00	0.26	1.28	0.00
2	6	0.00	0.00	0.25	0.89	0.00
3	3	0.00	0.00	0.33	0.79	0.00
3	7	0.00	0.30	86.51	0.00	0.00
Core	CPU	C1%	C3%	C6%	C8%	C9%
-	-	0.01	0.03	11.40	0.82	0.00
0	0	0.00	0.00	0.57	1.08	0.00
0	4	0.00	0.00	0.56	0.69	0.00
1	1	0.00	0.00	0.39	1.28	0.00
1	5	0.00	0.03	0.79	0.49	0.00
2	2	0.00	0.00	0.10	0.82	0.00
2	6	0.00	0.00	0.19	1.09	0.00
3	3	0.00	0.00	0.17	1.09	0.00
3	7	0.10	0.24	88.44	0.00	0.00
Core	CPU	C1%	C3%	C6%	C8%	C9%
-	-	0.00	0.05	11.35	0.84	0.00
0	0	0.00	0.01	0.29	0.50	0.00
0	4	0.00	0.00	0.10	0.40	0.00
1	1	0.00	0.01	0.73	1.38	0.00
1	5	0.00	0.00	0.46	1.08	0.00
2	2	0.00	0.00	0.25	1.28	0.00
2	6	0.00	0.00	0.83	0.79	0.00
3	3	0.00	0.01	0.87	1.29	0.00
3	7	0.00	0.36	87.27	0.00	0.00
Core	CPU	C1%	C3%	C6%	C8%	C9%
-	-	0.01	0.03	11.42	0.83	0.00
0	0	0.00	0.00	0.36	1.18	0.00
0	4	0.00	0.00	0.39	1.19	0.00
1	1	0.00	0.05	0.70	0.89	0.00
1	5	0.00	0.00	0.10	0.82	0.00
2	2	0.00	0.00	0.42	0.99	0.00
2	6	0.00	0.00	0.28	0.89	0.00
3	3	0.00	0.00	0.45	0.69	0.00
3	7	0.10	0.19	88.68	0.00	0.00
Core	CPU	C1%	C3%	C6%	C8%	C9%
-	-	0.01	0.33	11.53	0.98	0.00
0	0	0.00	0.00	0.30	1.48	0.00
0	4	0.00	0.00	0.28	1.58	0.00
1	1	0.00	0.01	0.87	1.49	0.00
1	5	0.00	2.28	0.05	0.02	0.00
2	2	0.00	0.00	1.51	0.79	0.00
2	6	0.10	0.02	0.99	0.79	0.00
3	3	0.00	0.00	0.29	1.68	0.00
3	7	0.00	0.30	87.94	0.00	0.00
Core	CPU	C1%	C3%	C6%	C8%	C9%
-	-	0.00	0.02	11.57	0.77	0.00
0	0	0.00	0.00	0.63	0.79	0.00
0	4	0.00	0.02	0.55	0.99	0.00
1	1	0.00	0.00	0.53	0.82	0.00
1	5	0.00	0.00	0.48	0.79	0.00
2	2	0.00	0.00	0.37	0.79	0.00
2	6	0.00	0.00	0.35	0.89	0.00
3	3	0.00	0.00	0.63	1.09	0.00
3	7	0.00	0.16	89.01	0.00	0.00
Core	CPU	C1%	C3%	C6%	C8%	C9%
-	-	0.01	0.06	11.14	0.73	0.00
0	0	0.00	0.00	0.79	0.70	0.00
0	4	0.00	0.00	0.37	0.50	0.00
1	1	0.00	0.01	0.45	1.57	0.00
1	5	0.00	0.00	0.22	0.59	0.00
2	2	0.00	0.01	0.20	0.50	0.00
2	6	0.00	0.00	0.10	0.99	0.00
3	3	0.00	0.00	0.68	0.99	0.00
3	7	0.10	0.44	86.30	0.00	0.00
Core	CPU	C1%	C3%	C6%	C8%	C9%
-	-	0.00	0.03	11.51	0.83	0.00
0	0	0.00	0.02	0.35	1.29	0.00
0	4	0.00	0.00	0.20	0.69	0.00
1	1	0.00	0.02	0.60	0.99	0.00
1	5	0.00	0.00	0.28	0.99	0.00
2	2	0.00	0.00	1.04	0.79	0.00
2	6	0.00	0.00	0.14	0.99	0.00
3	3	0.00	0.02	0.30	0.89	0.00
3	7	0.00	0.14	89.16	0.00	0.00
Core	CPU	C1%	C3%	C6%	C8%	C9%
-	-	0.00	0.03	11.51	0.72	0.00
0	0	0.00	0.02	0.37	0.59	0.00
0	4	0.00	0.00	0.46	0.49	0.00
1	1	0.00	0.03	0.93	0.68	0.00
1	5	0.00	0.00	0.61	0.79	0.00
2	2	0.00	0.00	0.69	0.79	0.00
2	6	0.00	0.00	0.19	1.09	0.00
3	3	0.00	0.00	0.19	1.29	0.00
3	7	0.00	0.22	88.61	0.00	0.00
Core	CPU	C1%	C3%	C6%	C8%	C9%
-	-	0.00	0.03	11.38	0.88	0.00
0	0	0.00	0.01	0.39	0.49	0.00
0	4	0.00	0.00	0.10	1.09	0.00
1	1	0.00	0.01	1.08	1.29	0.00
1	5	0.00	0.00	0.36	0.99	0.00
2	2	0.00	0.00	0.15	0.99	0.00
2	6	0.00	0.00	0.13	1.08	0.00
3	3	0.00	0.00	0.10	1.09	0.00
3	7	0.00	0.19	88.72	0.00	0.00
Core	CPU	C1%	C3%	C6%	C8%	C9%
-	-	0.01	0.09	11.42	0.76	0.13
0	0	0.00	0.00	0.65	1.11	1.01
0	4	0.00	0.00	0.05	0.59	0.00
1	1	0.00	0.05	0.51	0.40	0.00
1	5	0.00	0.39	0.10	0.10	0.00
2	2	0.00	0.00	0.88	1.38	0.00
2	6	0.00	0.00	0.77	1.28	0.00
3	3	0.00	0.00	1.02	1.19	0.00
3	7	0.10	0.30	87.36	0.00	0.00
Core	CPU	C1%	C3%	C6%	C8%	C9%
-	-	0.01	0.05	11.30	1.20	0.13
0	0	0.01	0.00	0.39	3.44	1.00
0	4	0.00	0.00	0.98	0.98	0.00
1	1	0.00	0.00	0.34	1.18	0.00
1	5	0.00	0.00	0.42	1.18	0.00
2	2	0.00	0.02	0.59	0.99	0.00
2	6	0.00	0.00	0.69	1.09	0.00
3	3	0.00	0.00	0.39	0.69	0.00
3	7	0.07	0.39	86.58	0.00	0.00
Core	CPU	C1%	C3%	C6%	C8%	C9%
-	-	0.02	0.05	11.37	1.10	0.00
0	0	0.04	0.00	1.18	1.94	0.00
0	4	0.00	0.01	0.54	0.40	0.00
1	1	0.00	0.00	0.20	0.70	0.00
1	5	0.00	0.00	0.34	1.28	0.00
2	2	0.00	0.04	0.89	1.48	0.00
2	6	0.00	0.00	0.60	1.87	0.00
3	3	0.00	0.01	1.00	1.09	0.00
3	7	0.09	0.35	86.23	0.00	0.00
Core	CPU	C1%	C3%	C6%	C8%	C9%
-	-	0.02	0.05	11.23	0.89	0.00
0	0	0.00	0.01	0.36	1.38	0.00
0	4	0.00	0.00	0.69	1.08	0.00
1	1	0.00	0.00	0.25	1.18	0.00
1	5	0.00	0.00	0.21	1.48	0.00
2	2	0.00	0.01	0.59	0.42	0.00
2	6	0.00	0.00	0.10	0.89	0.00
3	3	0.00	0.00	0.57	0.69	0.00
3	7	0.20	0.36	87.03	0.00	0.00
Core	CPU	C1%	C3%	C6%	C8%	C9%
-	-	0.00	0.04	11.25	0.89	0.00
0	0	0.00	0.00	0.23	0.59	0.00
0	4	0.00	0.03	0.40	0.60	0.00
1	1	0.00	0.00	0.58	1.18	0.00
1	5	0.00	0.00	0.36	0.99	0.00
2	2	0.00	0.00	0.25	1.38	0.00
2	6	0.00	0.00	0.14	1.38	0.00
3	3	0.00	0.02	0.60	0.98	0.00
3	7	0.00	0.28	87.46	0.00	0.00
Core	CPU	C1%	C3%	C6%	C8%	C9%
-	-	0.01	0.04	11.22	0.70	0.00
0	0	0.00	0.00	0.36	0.99	0.00
0	4	0.00	0.00	0.78	1.09	0.00
1	1	0.00	0.00	0.52	0.29	0.00
1	5	0.00	0.01	0.60	0.32	0.00
2	2	0.00	0.00	0.19	0.99	0.00
2	6	0.00	0.00	0.28	0.89	0.00
3	3	0.00	0.00	0.16	1.07	0.01
3	7	0.09	0.31	86.90	0.00	0.00
Core	CPU	C1%	C3%	C6%	C8%	C9%
-	-	0.01	0.31	11.68	1.11	0.00
0	0	0.00	0.02	0.10	1.08	0.00
0	4	0.00	0.01	0.50	1.77	0.00
1	1	0.00	0.00	1.06	1.39	0.00
1	5	0.00	2.27	0.16	0.01	0.00
2	2	0.00	0.00	0.92	1.48	0.00
2	6	0.00	0.02	0.79	1.48	0.00
3	3	0.00	0.00	0.69	1.68	0.00
3	7	0.06	0.14	89.25	0.00	0.00
Core	CPU	C1%	C3%	C6%	C8%	C9%
-	-	0.01	0.04	11.45	0.50	0.00
0	0	0.00	0.00	0.64	0.39	0.00
0	4	0.00	0.06	0.89	0.00	0.00
1	1	0.00	0.00	0.59	0.29	0.00
1	5	0.00	0.00	0.49	0.79	0.00
2	2	0.00	0.00	0.47	0.89	0.00
2	6	0.00	0.00	0.36	0.89	0.00
3	3	0.00	0.00	0.83	0.79	0.00
3	7	0.10	0.26	87.35	0.00	0.00
Core	CPU	C1%	C3%	C6%	C8%	C9%
-	-	0.02	0.06	11.22	0.69	1.00
0	0	0.00	0.00	0.52	1.28	1.00
0	4	0.00	0.02	0.86	0.78	0.00
1	1	0.00	0.00	0.14	0.49	0.00
1	5	0.00	0.00	0.22	0.49	0.00
2	2	0.00	0.01	0.23	0.60	0.00
2	6	0.00	0.00	0.10	0.99	0.00
3	3	0.00	0.00	0.95	0.89	6.99
3	7	0.20	0.43	86.71	0.00	0.00
Core	CPU	C1%	C3%	C6%	C8%	C9%
-	-	0.00	0.03	11.36	0.67	0.00
0	0	0.00	0.02	0.29	0.50	0.00
0	4	0.00	0.01	0.91	0.20	0.00
1	1	0.00	0.00	0.19	0.99	0.00
1	5	0.00	0.00	0.27	1.08	0.00
2	2	0.00	0.00	0.35	0.79	0.00
2	6	0.00	0.00	0.14	1.09	0.00
3	3	0.00	0.02	0.40	0.69	0.00
3	7	0.00	0.16	88.37	0.00	0.00
Core	CPU	C1%	C3%	C6%	C8%	C9%
-	-	0.00	0.02	11.59	0.55	0.00
0	0	0.00	0.00	0.57	0.98	0.00
0	4	0.00	0.02	1.16	0.10	0.00
1	1	0.00	0.00	0.52	0.00	0.00
1	5	0.00	0.02	0.74	0.03	0.00
2	2	0.00	0.00	0.39	0.79	0.00
2	6	0.00	0.00	0.19	0.99	0.00
3	3	0.00	0.00	0.23	1.48	0.00
3	7	0.00	0.11	88.92	0.00	0.00
Core	CPU	C1%	C3%	C6%	C8%	C9%
-	-	0.01	0.03	11.52	0.67	0.12
0	0	0.00	0.00	0.00	0.49	0.99
0	4	0.00	0.02	0.40	1.18	0.00
1	1	0.00	0.00	0.66	0.49	0.00
1	5	0.00	0.00	0.54	0.59	0.00
2	2	0.00	0.00	0.92	0.79	0.00
2	6	0.00	0.01	0.99	0.79	0.00
3	3	0.00	0.00	0.19	0.99	0.00
3	7	0.10	0.19	88.44	0.00	0.00
Core	CPU	C1%	C3%	C6%	C8%	C9%
-	-	0.03	0.16	11.41	0.65	0.00
0	0	0.00	0.00	0.33	1.28	0.00
0	4	0.00	0.06	1.09	0.00	0.00
1	1	0.00	0.00	0.50	0.00	0.00
1	5	0.01	0.99	0.25	0.69	0.00
2	2	0.00	0.00	0.37	0.89	0.00
2	6	0.00	0.00	0.35	0.79	0.00
3	3	0.00	0.00	0.53	1.58	0.00
3	7	0.20	0.25	87.88	0.00	0.00
Core	CPU	C1%	C3%	C6%	C8%	C9%
-	-	0.00	0.02	11.38	0.73	0.00
0	0	0.00	0.00	0.18	0.79	0.00
0	4	0.00	0.00	0.87	0.50	0.00
1	1	0.00	0.00	0.15	0.79	0.00
1	5	0.00	0.00	0.14	0.79	0.00
2	2	0.00	0.01	0.30	0.99	0.00
2	6	0.00	0.00	0.10	0.99	0.00
3	3	0.00	0.00	0.39	0.99	0.00
3	7	0.00	0.17	88.93	0.00	0.00
Core	CPU	C1%	C3%	C6%	C8%	C9%
-	-	0.04	0.05	11.18	0.60	0.98
0	0	0.00	0.01	0.62	0.00	0.00
0	4	0.00	0.03	0.81	0.00	0.00
1	1	0.00	0.00	0.23	0.99	0.00
1	5	0.00	0.00	0.37	0.89	0.00
2	2	0.00	0.00	0.36	0.79	0.00
2	6	0.00	0.00	0.15	1.08	0.00
3	3	0.00	0.00	0.18	1.09	7.88
3	7	0.30	0.37	86.68	0.00	0.00
Core	CPU	C1%	C3%	C6%	C8%	C9%
-	-	0.01	0.03	11.40	0.84	0.00
0	0	0.00	0.00	0.57	0.79	0.00
0	4	0.00	0.00	1.09	0.79	0.00
1	1	0.00	0.00	0.14	0.79	0.00
1	5	0.00	0.00	0.13	1.10	0.00
2	2	0.00	0.00	0.00	0.60	0.00
2	6	0.00	0.00	0.69	1.38	0.00
3	3	0.00	0.00	0.27	1.29	0.00
3	7	0.10	0.24	88.32	0.00	0.00
Core	CPU	C1%	C3%	C6%	C8%	C9%
-	-	0.00	0.03	11.45	0.69	0.12
0	0	0.00	0.02	0.50	0.29	0.99
0	4	0.00	0.01	0.82	0.19	0.00
1	1	0.00	0.00	0.19	0.99	0.00
1	5	0.00	0.00	0.36	1.28	0.00
2	2	0.00	0.00	0.35	0.79	0.00
2	6	0.00	0.00	0.49	1.09	0.00
3	3	0.00	0.05	0.72	0.89	0.00
3	7	0.00	0.17	88.18	0.00	0.00
Core	CPU	C1%	C3%	C6%	C8%	C9%
-	-	0.00	0.02	11.46	0.74	0.00
0	0	0.00	0.00	0.36	0.99	0.00
0	4	0.00	0.01	1.25	0.60	0.00
1	1	0.00	0.00	0.22	0.69	0.00
1	5	0.00	0.00	0.10	0.82	0.00
2	2	0.00	0.00	0.19	0.99	0.00
2	6	0.00	0.00	0.28	1.09	0.00
3	3	0.00	0.00	0.45	0.79	0.00
3	7	0.00	0.13	88.86	0.00	0.00
Core	CPU	C1%	C3%	C6%	C8%	C9%
-	-	0.00	0.33	11.60	0.92	0.00
0	0	0.00	0.00	0.86	0.79	0.00
0	4	0.00	0.02	0.89	1.48	0.00
1	1	0.00	0.00	0.66	1.69	0.00
1	5	0.00	2.28	0.15	0.02	0.00
2	2	0.00	0.00	1.51	0.79	0.00
2	6	0.00	0.02	1.09	0.79	0.00
3	3	0.00	0.00	0.49	1.78	0.00
3	7	0.00	0.35	87.12	0.00	0.00
Core	CPU	C1%	C3%	C6%	C8%	C9%
-	-	0.01	0.03	11.45	0.91	0.00
0	0	0.00	0.00	0.23	1.09	0.00
0	4	0.00	0.04	0.31	1.28	0.00
1	1	0.00	0.00	0.20	0.69	0.00
1	5	0.00	0.01	0.49	1.19	0.00
2	2	0.00	0.00	0.37	0.98	0.00
2	6	0.00	0.00	0.65	1.08	0.00
3	3	0.00	0.00	0.73	0.99	0.00
3	7	0.10	0.17	88.61	0.00	0.00
Core	CPU	C1%	C3%	C6%	C8%	C9%
-	-	0.00	0.05	11.48	1.15	0.00
0	0	0.00	0.02	0.74	1.48	0.00
0	4	0.00	0.03	1.31	0.40	0.00
1	1	0.00	0.00	0.15	2.65	0.00
1	5	0.00	0.00	0.27	0.69	0.00
2	2	0.00	0.01	0.60	0.59	0.00
2	6	0.00	0.00	0.10	0.89	0.00
3	3	0.00	0.00	1.34	2.47	0.00
3	7	0.00	0.35	87.32	0.00	0.00
Core	CPU	C1%	C3%	C6%	C8%	C9%
-	-	0.00	0.03	11.51	0.77	0.00
0	0	0.00	0.02	0.20	0.89	0.00
0	4	0.00	0.01	0.50	0.49	0.00
1	1	0.00	0.00	0.68	1.18	0.00
1	5	0.00	0.00	0.56	0.70	0.00
2	2	0.00	0.00	0.35	0.99	0.00
2	6	0.00	0.00	0.14	0.99	0.00
3	3	0.00	0.02	0.79	0.89	0.00
3	7	0.00	0.21	88.83	0.00	0.00
Core	CPU	C1%	C3%	C6%	C8%	C9%
-	-	0.01	0.05	11.08	0.52	0.00
0	0	0.00	0.02	0.56	0.39	0.00
0	4	0.00	0.00	0.88	0.10	0.00
1	1	0.00	0.00	0.13	0.79	0.00
1	5	0.00	0.02	0.19	0.50	0.00
2	2	0.00	0.00	0.10	0.40	0.00
2	6	0.00	0.00	0.19	0.99	0.00
3	3	0.00	0.00	0.16	0.99	0.00
3	7	0.10	0.36	86.40	0.00	0.00
Core	CPU	C1%	C3%	C6%	C8%	C9%
-	-	0.02	0.05	11.21	0.96	0.00
0	0	0.00	0.00	0.59	0.29	0.00
0	4	0.00	0.04	0.50	1.27	0.00
1	1	0.00	0.00	0.37	0.99	0.00
1	5	0.00	0.00	0.35	1.18	0.00
2	2	0.00	0.00	0.42	1.28	0.00
2	6	0.00	0.02	0.54	1.28	0.00
3	3	0.00	0.00	0.10	1.38	0.00
3	7	0.20	0.33	86.80	0.00	0.00
Core	CPU	C1%	C3%	C6%	C8%	C9%
-	-	0.00	0.11	10.88	0.59	0.00
0	0	0.00	0.00	0.44	1.08	0.00
0	4	0.00	0.00	1.06	0.00	0.00
1	1	0.00	0.01	0.57	0.00	0.00
1	5	0.00	0.39	0.10	0.07	0.00
2	2	0.00	0.00	0.28	0.89	0.00
2	6	0.00	0.00	0.36	0.89	0.00
3	3	0.00	0.00	0.55	1.78	0.00
3	7	0.01	0.51	83.69	0.00	0.00
Core	CPU	C1%	C3%	C6%	C8%	C9%
-	-	0.01	0.05	11.30	0.55	0.00
0	0	0.00	0.00	0.22	0.79	0.00
0	4	0.00	0.03	0.57	0.57	0.00
1	1	0.00	0.00	0.15	0.59	0.00
1	5	0.00	0.00	0.24	0.30	0.00
2	2	0.00	0.01	0.30	0.59	0.00
2	6	0.00	0.00	0.90	0.60	0.00
3	3	0.00	0.00	0.18	0.99	0.00
3	7	0.10	0.32	87.84	0.00	0.00
Core	CPU	C1%	C3%	C6%	C8%	C9%
-	-	0.01	0.05	11.37	0.71	0.00
0	0	0.00	0.00	1.23	0.30	0.00
0	4	0.00	0.02	0.60	0.00	0.00
1	1	0.00	0.00	0.59	1.09	0.00
1	5	0.00	0.00	0.96	0.99	0.00
2	2	0.00	0.00	0.36	0.99	0.00
2	6	0.00	0.01	0.46	1.18	0.00
3	3	0.00	0.00	0.28	1.18	0.00
3	7	0.10	0.34	86.51	0.00	0.00
Core	CPU	C1%	C3%	C6%	C8%	C9%
-	-	0.00	0.05	11.26	0.59	0.00
0	0	0.00	0.00	0.27	0.69	0.00
0	4	0.00	0.00	0.36	0.59	0.00
1	1	0.00	0.00	0.14	0.59	0.00
1	5	0.00	0.00	0.03	0.49	0.00
2	2	0.00	0.00	0.69	0.69	0.00
2	6	0.00	0.05	0.68	0.99	0.00
3	3	0.00	0.00	0.47	0.69	0.00
3	7	0.00	0.35	87.41	0.00	0.00
Core	CPU	C1%	C3%	C6%	C8%	C9%
-	-	0.01	0.04	11.39	0.98	0.00
0	0	0.00	0.02	0.47	2.27	0.00
0	4	0.00	0.00	0.10	0.50	0.00
1	1	0.00	0.00	0.19	1.08	0.00
1	5	0.00	0.00	0.36	0.89	0.00
2	2	0.00	0.00	0.35	0.89	0.00
2	6	0.00	0.00	1.05	0.98	0.00
3	3	0.00	0.02	1.09	1.20	0.00
3	7	0.10	0.28	87.52	0.00	0.00
Core	CPU	C1%	C3%	C6%	C8%	C9%
-	-	0.01	0.03	11.37	0.62	0.00
0	0	0.00	0.00	0.36	0.59	0.00
0	4	0.00	0.00	0.14	0.39	0.00
1	1	0.00	0.02	0.59	0.61	0.00
1	5	0.00	0.00	0.00	0.50	0.00
2	2	0.00	0.00	0.88	0.79	0.00
2	6	0.00	0.03	0.58	1.08	0.00
3	3	0.00	0.00	0.15	0.99	0.00
3	7	0.08	0.19	88.23	0.00	0.00
Core	CPU	C1%	C3%	C6%	C8%	C9%
-	-	0.00	0.32	11.41	1.14	0.00
0	0	0.00	0.01	0.15	1.77	0.00
0	4	0.00	0.00	0.28	1.58	0.00
1	1	0.00	0.00	0.20	1.69	0.00
1	5	0.00	2.18	0.23	0.02	0.00
2	2	0.00	0.00	1.11	1.09	0.00
2	6	0.00	0.04	1.02	1.27	0.00
3	3	0.00	0.00	0.29	1.68	0.00
3	7	0.00	0.34	88.00	0.00	0.00
Core	CPU	C1%	C3%	C6%	C8%	C9%
-	-	0.01	0.04	11.27	0.94	0.00
0	0	0.00	0.00	0.89	1.09	0.00
0	4	0.00	0.02	0.20	1.09	0.00
1	1	0.00	0.00	0.20	0.69	0.00
1	5	0.00	0.00	0.49	0.69	0.00
2	2	0.00	0.00	0.76	1.08	0.00
2	6	0.00	0.00	0.57	1.38	0.00
3	3	0.00	0.02	0.14	1.48	0.00
3	7	0.10	0.29	86.94	0.00	0.00
Core	CPU	C1%	C3%	C6%	C8%	C9%
-	-	0.01	0.06	11.31	0.95	0.07
0	0	0.00	0.00	0.72	1.19	0.00
0	4	0.00	0.00	0.37	0.60	0.00
1	1	0.00	0.00	0.15	2.36	0.00
1	5	0.00	0.00	0.23	0.59	0.00
2	2	0.00	0.01	0.30	0.79	0.00
2	6	0.00	0.03	0.40	0.70	0.00
3	3	0.00	0.00	0.93	1.39	0.58
3	7	0.10	0.41	87.42	0.00	0.00
Core	CPU	C1%	C3%	C6%	C8%	C9%
-	-	0.00	0.03	11.47	0.69	0.06
0	0	0.00	0.01	0.40	0.59	0.00
0	4	0.00	0.00	0.65	0.69	0.00
1	1	0.00	0.00	0.19	1.08	0.00
1	5	0.00	0.00	0.28	0.89	0.00
2	2	0.00	0.00	0.36	0.79	0.00
2	6	0.00	0.04	0.53	0.88	0.00
3	3	0.00	0.02	0.57	0.59	0.50
3	7	0.00	0.15	88.80	0.00	0.00
Core	CPU	C1%	C3%	C6%	C8%	C9%
-	-	0.00	0.05	11.31	1.05	0.00
0	0	0.00	0.02	0.21	1.38	0.00
0	4	0.00	0.00	0.16	0.40	0.00
1	1	0.00	0.00	0.24	1.38	0.00
1	5	0.00	0.00	0.91	2.18	0.00
2	2	0.00	0.00	0.00	0.60	0.00
2	6	0.00	0.02	1.39	1.09	0.00
3	3	0.00	0.00	0.76	1.39	0.00
3	7	0.00	0.34	86.85	0.00	0.00
Core	CPU	C1%	C3%	C6%	C8%	C9%
-	-	0.00	0.03	11.35	0.80	0.00
0	0	0.00	0.00	0.10	0.79	0.00
0	4	0.00	0.00	0.19	0.99	0.00
1	1	0.00	0.00	0.27	0.89	0.00
1	5	0.00	0.00	0.36	0.79	0.00
2	2	0.00	0.00	0.14	1.09	0.00
2	6	0.00	0.04	1.11	0.88	0.00
3	3	0.00	0.00	0.10	0.99	0.00
3	7	0.00	0.18	88.50	0.00	0.00
Core	CPU	C1%	C3%	C6%	C8%	C9%
-	-	0.02	0.10	11.42	0.64	0.45
0	0	0.00	0.00	0.35	1.49	0.00
0	4	0.00	0.00	0.53	0.10	0.00
1	1	0.00	0.01	0.53	0.13	0.00
1	5	0.00	0.43	0.07	0.07	0.00
2	2	0.00	0.00	0.29	0.99	0.00
2	6	0.00	0.01	0.97	0.49	0.00
3	3	0.00	0.00	0.96	1.88	3.59
3	7	0.20	0.34	87.67	0.00	0.00
Core	CPU	C1%	C3%	C6%	C8%	C9%
-	-	0.00	0.02	11.63	0.79	0.00
0	0	0.00	0.00	0.23	1.09	0.00
0	4	0.00	0.00	0.62	0.99	0.00
1	1	0.00	0.00	0.35	0.79	0.00
1	5	0.00	0.00	0.73	0.89	0.00
2	2	0.00	0.06	0.68	0.89	0.00
2	6	0.00	0.00	0.79	0.79	0.00
3	3	0.00	0.00	0.18	0.89	0.00
3	7	0.00	0.09	89.48	0.00	0.00
Core	CPU	C1%	C3%	C6%	C8%	C9%
-	-	0.00	0.05	11.17	1.05	0.11
0	0	0.00	0.01	1.09	1.57	0.89
0	4	0.00	0.02	0.20	0.99	0.00
1	1	0.00	0.00	0.10	1.18	0.00
1	5	0.00	0.00	0.47	1.58	0.00
2	2	0.00	0.00	0.48	1.08	0.00
2	6	0.00	0.00	0.35	0.89	0.00
3	3	0.00	0.00	0.62	1.09	0.00
3	7	0.00	0.34	86.08	0.00	0.00
Core	CPU	C1%	C3%	C6%	C8%	C9%
-	-	0.01	0.03	11.44	0.70	0.00
0	0	0.00	0.00	0.57	0.79	0.00
0	4	0.00	0.00	0.85	0.59	0.00
1	1	0.00	0.00	0.14	0.79	0.00
1	5	0.00	0.00	0.72	0.69	0.00
2	2	0.00	0.01	0.11	0.69	0.00
2	6	0.00	0.00	0.31	0.98	0.00
3	3	0.00	0.00	0.17	1.09	0.00
3	7	0.10	0.23	88.63	0.00	0.00
Core	CPU	C1%	C3%	C6%	C8%	C9%
-	-	0.00	0.02	11.46	0.75	0.00
0	0	0.00	0.02	0.57	0.20	0.00
0	4	0.00	0.00	0.20	1.08	0.00
1	1	0.00	0.00	0.48	0.99	0.00
1	5	0.00	0.00	0.36	0.89	0.00
2	2	0.00	0.00	0.35	0.79	0.00
2	6	0.00	0.01	0.35	1.27	0.00
3	3	0.00	0.02	0.89	0.79	0.00
3	7	0.00	0.14	88.50	0.00	0.00
Core	CPU	C1%	C3%	C6%	C8%	C9%
-	-	0.00	0.02	11.46	0.62	0.00
0	0	0.00	0.00	0.45	0.49	0.00
0	4	0.00	0.00	0.14	0.79	0.00
1	1	0.00	0.02	0.26	0.40	0.00
1	5	0.00	0.00	0.00	0.53	0.00
2	2	0.00	0.00	0.19	0.99	0.00
2	6	0.00	0.03	1.11	0.99	0.00
3	3	0.00	0.00	0.35	0.79	0.00
3	7	0.00	0.08	89.19	0.00	0.00
Core	CPU	C1%	C3%	C6%	C8%	C9%
-	-	0.11	0.35	11.39	0.94	0.77
0	0	0.00	0.00	0.16	0.99	0.00
0	4	0.09	0.00	0.35	1.96	0.00
1	1	0.00	0.00	0.66	1.29	0.00
1	5	0.00	2.31	0.09	0.02	0.00
2	2	0.00	0.00	1.12	0.69	0.00
2	6	0.00	0.04	1.39	0.88	0.00
3	3	0.00	0.00	0.29	1.68	6.18
3	7	0.79	0.44	87.07	0.00	0.00
Core	CPU	C1%	C3%	C6%	C8%	C9%
-	-	0.01	0.02	11.46	0.82	0.00
0	0	0.00	0.03	0.34	0.95	0.00
0	4	0.00	0.00	0.30	0.59	0.00
1	1	0.00	0.00	0.49	1.19	0.00
1	5	0.00	0.00	0.58	0.69	0.00
2	2	0.00	0.00	0.36	0.89	0.00
2	6	0.00	0.00	0.57	1.19	0.00
3	3	0.00	0.00	0.62	1.09	0.00
3	7	0.10	0.17	88.43	0.00	0.00
Core	CPU	C1%	C3%	C6%	C8%	C9%
-	-	0.00	0.05	11.29	0.71	0.00
0	0	0.00	0.07	1.11	0.30	0.00
0	4	0.00	0.00	0.36	1.38	0.00
1	1	0.00	0.00	0.15	0.59	0.00
1	5	0.00	0.00	0.52	0.89	0.00
2	2	0.00	0.01	0.33	0.50	0.00
2	6	0.00	0.00	0.10	0.99	0.00
3	3	0.00	0.00	0.94	1.00	0.00
3	7	0.01	0.28	86.80	0.00	0.00
Core	CPU	C1%	C3%	C6%	C8%	C9%
-	-	0.00	0.04	11.53	0.89	0.00
0	0	0.00	0.14	1.35	0.79	0.00
0	4	0.00	0.00	0.10	1.09	0.00
1	1	0.00	0.00	0.19	0.99	0.00
1	5	0.00	0.00	0.27	0.99	0.00
2	2	0.00	0.00	0.35	0.99	0.00
2	6	0.00	0.00	0.64	1.48	0.00
3	3	0.00	0.02	0.89	0.79	0.00
3	7	0.00	0.17	88.45	0.00	0.00
Core	CPU	C1%	C3%	C6%	C8%	C9%
-	-	0.01	0.09	10.86	0.72	0.00
0	0	0.00	0.15	1.05	0.30	0.00
0	4	0.00	0.00	0.15	0.79	0.00
1	1	0.00	0.00	0.21	0.99	0.00
1	5	0.00	0.02	0.19	0.79	0.00
2	2	0.00	0.00	0.35	0.79	0.00
2	6	0.00	0.00	0.19	0.99	0.00
3	3	0.00	0.00	0.26	1.08	0.00
3	7	0.10	0.52	84.49	0.00	0.00
Core	CPU	C1%	C3%	C6%	C8%	C9%
-	-	0.01	0.05	11.15	0.88	0.00
0	0	0.00	0.07	1.00	0.79	0.00
0	4	0.00	0.00	0.19	0.99	0.00
1	1	0.00	0.00	0.37	0.89	0.00
1	5	0.00	0.00	0.40	0.99	0.00
2	2	0.00	0.00	0.53	1.19	0.00
2	6	0.00	0.02	0.20	1.09	0.00
3	3	0.00	0.00	0.10	1.09	0.00
3	7	0.10	0.29	86.40	0.00	0.00
Core	CPU	C1%	C3%	C6%	C8%	C9%
-	-	0.04	0.25	11.30	0.63	0.00
0	0	0.00	0.12	1.02	0.59	0.00
0	4	0.00	0.00	0.03	0.49	0.00
1	1	0.00	0.01	0.10	0.59	0.00
1	5	0.01	1.59	0.00	0.07	0.00
2	2	0.00	0.00	0.28	0.89	0.00
2	6	0.00	0.00	0.36	0.89	0.00
3	3	0.20	0.02	0.34	1.48	0.00
3	7	0.10	0.29	88.26	0.00	0.00
Core	CPU	C1%	C3%	C6%	C8%	C9%
-	-	0.00	0.05	11.29	0.57	0.07
0	0	0.00	0.04	1.02	0.69	0.00
0	4	0.00	0.00	0.46	0.49	0.00
1	1	0.00	0.00	0.25	0.30	0.00
1	5	0.00	0.00	0.14	0.59	0.00
2	2	0.00	0.01	0.20	0.50	0.00
2	6	0.00	0.00	0.15	0.90	0.00
3	3	0.00	0.01	0.68	1.09	0.60
3	7	0.00	0.37	87.39	0.00	0.00
Core	CPU	C1%	C3%	C6%	C8%	C9%
-	-	0.00	0.06	11.31	0.75	0.31
0	0	0.00	0.11	1.15	0.59	0.91
0	4	0.00	0.02	0.60	0.00	0.00
1	1	0.00	0.00	0.10	0.79	0.00
1	5	0.00	0.00	0.27	1.08	0.00
2	2	0.00	0.00	0.36	0.79	0.00
2	6	0.00	0.00	0.31	1.18	0.00
3	3	0.00	0.03	1.05	1.57	1.60
3	7	0.00	0.33	86.69	0.00	0.00
Core	CPU	C1%	C3%	C6%	C8%	C9%
-	-	0.01	0.03	11.57	0.68	0.00
0	0	0.00	0.08	1.06	1.09	0.00
0	4	0.00	0.00	0.46	0.49	0.00
1	1	0.00	0.00	0.21	0.49	0.00
1	5	0.00	0.00	0.13	0.40	0.00
2	2	0.00	0.00	0.66	0.69	0.00
2	6	0.00	0.00	0.69	1.38	0.00
3	3	0.00	0.00	0.27	0.89	0.00
3	7	0.10	0.18	89.11	0.00	0.00
Core	CPU	C1%	C3%	C6%	C8%	C9%
-	-	0.00	0.03	11.56	0.79	0.00
0	0	0.00	0.11	1.14	0.69	0.00
0	4	0.00	0.00	0.10	0.50	0.00
1	1	0.00	0.00	0.19	0.99	0.00
1	5	0.00	0.00	0.56	1.38	0.00
2	2	0.00	0.00	0.25	0.89	0.00
2	6	0.00	0.00	0.23	0.99	0.00
3	3	0.00	0.02	0.86	0.89	0.00
3	7	0.00	0.07	89.17	0.00	0.00
Core	CPU	C1%	C3%	C6%	C8%	C9%
-	-	0.00	0.04	11.41	0.54	0.00
0	0	0.00	0.06	0.98	0.39	0.00
0	4	0.00	0.00	0.04	0.49	0.00
1	1	0.00	0.02	0.59	0.01	0.00
1	5	0.00	0.00	0.69	0.70	0.00
2	2	0.00	0.00	0.19	0.99	0.00
2	6	0.00	0.00	0.27	0.89	0.00
3	3	0.00	0.00	0.35	0.89	0.00
3	7	0.00	0.21	88.16	0.00	0.00
Core	CPU	C1%	C3%	C6%	C8%	C9%
-	-	0.00	0.26	11.50	0.59	0.00
0	0	0.00	0.07	0.83	0.39	0.00
0	4	0.00	0.00	0.88	0.79	0.00
1	1	0.00	0.00	0.36	0.79	0.00
1	5	0.00	1.63	0.11	0.00	0.00
2	2	0.00	0.00	0.92	0.79	0.00
2	6	0.00	0.01	1.12	0.99	0.00
3	3	0.00	0.00	0.19	0.99	0.00
3	7	0.00	0.34	87.57	0.00	0.00
Core	CPU	C1%	C3%	C6%	C8%	C9%
-	-	0.01	0.03	11.51	0.64	0.00
0	0	0.00	0.09	1.01	0.39	0.00
0	4	0.00	0.02	0.20	0.30	0.00
1	1	0.00	0.00	0.00	0.50	0.00
1	5	0.00	0.00	0.39	0.79	0.00
2	2	0.00	0.00	0.37	0.79	0.00
2	6	0.00	0.00	0.49	1.53	0.00
3	3	0.00	0.00	0.82	0.79	0.00
3	7	0.10	0.14	88.81	0.00	0.00
Core	CPU	C1%	C3%	C6%	C8%	C9%
-	-	0.01	0.06	11.31	0.57	0.08
0	0	0.05	0.12	1.60	0.59	0.67
0	4	0.00	0.00	0.07	0.50	0.00
1	1	0.00	0.00	0.15	0.40	0.00
1	5	0.00	0.00	0.32	0.49	0.00
2	2	0.00	0.01	0.20	0.50	0.00
2	6	0.00	0.00	0.16	0.89	0.00
3	3	0.00	0.00	0.58	1.19	0.00
3	7	0.00	0.37	87.40	0.00	0.00
Core	CPU	C1%	C3%	C6%	C8%	C9%
-	-	0.00	0.04	11.67	0.74	0.00
0	0	0.00	0.12	0.88	0.59	0.00
0	4	0.00	0.00	0.79	0.99	0.00
1	1	0.00	0.00	0.58	1.18	0.00
1	5	0.00	0.00	0.27	0.89	0.00
2	2	0.00	0.00	0.45	0.69	0.00
2	6	0.00	0.00	0.83	0.79	0.00
3	3	0.00	0.02	0.79	0.79	0.00
3	7	0.00	0.21	88.78	0.00	0.00
Core	CPU	C1%	C3%	C6%	C8%	C9%
-	-	0.00	0.04	11.47	0.89	0.00
0	0	0.00	0.15	1.26	0.69	0.00
0	4	0.00	0.00	0.35	0.89	0.00
1	1	0.00	0.00	0.23	1.08	0.00
1	5	0.00	0.02	0.49	1.78	0.00
2	2	0.00	0.00	0.00	0.83	0.00
2	6	0.00	0.00	0.57	0.99	0.00
3	3	0.00	0.00	0.26	0.89	0.00
3	7	0.00	0.16	88.59	0.00	0.00
Core	CPU	C1%	C3%	C6%	C8%	C9%
-	-	0.01	0.03	11.43	0.85	0.00
0	0	0.00	0.10	0.84	0.49	0.00
0	4	0.00	0.00	0.19	0.99	0.00
1	1	0.00	0.00	0.41	0.99	0.00
1	5	0.00	0.00	0.35	0.89	0.00
2	2	0.00	0.00	0.30	1.48	0.00
2	6	0.00	0.02	0.20	0.89	0.00
3	3	0.00	0.00	0.10	1.09	0.00
3	7	0.10	0.13	89.06	0.00	0.00
Core	CPU	C1%	C3%	C6%	C8%	C9%
-	-	0.00	0.12	11.00	0.56	0.00
0	0	0.00	0.10	1.02	0.30	0.00
0	4	0.00	0.00	0.03	0.59	0.00
1	1	0.00	0.01	0.10	0.40	0.00
1	5	0.01	0.40	0.00	0.07	0.00
2	2	0.00	0.00	0.28	1.28	0.00
2	6	0.00	0.00	0.36	0.79	0.00
3	3	0.00	0.00	0.76	1.09	0.00
3	7	0.00	0.46	85.41	0.00	0.00
Core	CPU	C1%	C3%	C6%	C8%	C9%
-	-	0.00	0.04	11.48	0.83	0.00
0	0	0.00	0.09	1.18	0.79	0.00
0	4	0.00	0.00	0.37	0.99	0.00
1	1	0.00	0.00	0.31	1.18	0.00
1	5	0.00	0.00	0.53	1.19	0.00
2	2	0.00	0.01	0.59	0.31	0.00
2	6	0.00	0.00	0.35	1.19	0.00
3	3	0.00	0.00	0.28	0.99	0.00
3	7	0.00	0.25	88.23	0.00	0.00
Core	CPU	C1%	C3%	C6%	C8%	C9%
-	-	0.00	0.04	11.59	0.60	0.09
0	0	0.00	0.22	1.13	0.18	0.72
0	4	0.00	0.01	0.50	0.00	0.00
1	1	0.00	0.00	0.79	0.89	0.00
1	5	0.00	0.00	0.37	0.89	0.00
2	2	0.00	0.00	0.26	0.89	0.00
2	6	0.00	0.00	0.20	0.99	0.00
3	3	0.00	0.00	0.72	0.99	0.00
3	7	0.00	0.11	88.78	0.00	0.00
Core	CPU	C1%	C3%	C6%	C8%	C9%
-	-	0.01	0.02	11.48	0.99	0.00
0	0	0.00	0.01	1.27	0.69	0.00
0	4	0.00	0.00	0.56	0.79	0.00
1	1	0.00	0.00	0.24	1.19	0.00
1	5	0.00	0.00	0.37	1.38	0.00
2	2	0.00	0.00	0.14	1.22	0.00
2	6	0.00	0.00	0.24	1.48	0.00
3	3	0.00	0.00	0.17	1.19	0.00
3	7	0.10	0.19	88.88	0.00	0.00
Core	CPU	C1%	C3%	C6%	C8%	C9%
-	-	0.10	0.04	11.34	0.88	0.00
0	0	0.00	0.04	0.61	0.30	0.00
0	4	0.00	0.00	0.10	0.50	0.00
1	1	0.00	0.00	0.18	0.99	0.00
1	5	0.00	0.00	0.46	0.89	0.00
2	2	0.00	0.00	0.33	1.77	0.00
2	6	0.00	0.00	0.14	0.99	0.00
3	3	0.79	0.01	0.50	1.58	0.00
3	7	0.00	0.30	88.43	0.00	0.00
Core	CPU	C1%	C3%	C6%	C8%	C9%
-	-	0.00	0.05	11.35	0.86	0.00
0	0	0.00	0.03	0.65	1.18	0.00
0	4	0.00	0.00	0.14	1.18	0.00
1	1	0.00	0.02	0.20	0.70	0.00
1	5	0.00	0.00	0.10	0.82	0.00
2	2	0.00	0.00	0.19	0.99	0.00
2	6	0.00	0.02	0.65	1.52	0.00
3	3	0.00	0.00	0.75	0.49	0.00
3	7	0.00	0.35	88.14	0.00	0.00
Core	CPU	C1%	C3%	C6%	C8%	C9%
-	-	0.00	0.34	11.61	0.90	0.11
0	0	0.00	0.01	0.47	1.29	0.00
0	4	0.00	0.00	0.28	1.68	0.00
1	1	0.00	0.00	1.16	1.29	0.00
1	5	0.00	2.34	0.05	0.02	0.00
2	2	0.00	0.00	1.12	0.69	0.00
2	6	0.00	0.02	1.48	0.59	0.00
3	3	0.00	0.00	0.29	1.68	0.90
3	7	0.00	0.35	87.99	0.00	0.00
Core	CPU	C1%	C3%	C6%	C8%	C9%
-	-	0.00	0.05	11.57	0.94	0.00
0	0	0.02	0.05	0.52	1.09	0.00
0	4	0.00	0.02	0.30	1.09	0.00
1	1	0.00	0.00	0.20	1.47	0.00
1	5	0.00	0.00	1.06	0.69	0.00
2	2	0.00	0.02	0.50	1.19	0.00
2	6	0.00	0.00	0.35	0.89	0.00
3	3	0.00	0.00	0.79	1.09	0.00
3	7	0.00	0.28	88.83	0.00	0.00
Core	CPU	C1%	C3%	C6%	C8%	C9%
-	-	0.00	0.04	11.39	0.74	0.10
0	0	0.00	0.00	0.63	0.79	0.00
0	4	0.00	0.00	0.46	0.40	0.00
1	1	0.00	0.00	0.25	1.08	0.00
1	5	0.00	0.00	0.42	1.18	0.00
2	2	0.00	0.00	0.50	0.59	0.00
2	6	0.00	0.00	0.16	0.89	0.00
3	3	0.00	0.00	1.32	0.97	0.83
3	7	0.00	0.35	87.38	0.00	0.00
Core	CPU	C1%	C3%	C6%	C8%	C9%
-	-	0.00	0.06	10.85	0.65	0.00
0	0	0.00	0.03	0.91	0.39	0.00
0	4	0.00	0.00	0.10	0.60	0.00
1	1	0.00	0.00	0.26	0.99	0.00
1	5	0.00	0.00	0.37	0.89	0.00
2	2	0.00	0.00	0.25	0.89	0.00
2	6	0.00	0.00	0.33	0.79	0.00
3	3	0.00	0.01	0.49	0.69	0.00
3	7	0.01	0.44	84.05	0.00	0.00
Core	CPU	C1%	C3%	C6%	C8%	C9%
-	-	0.01	0.02	11.49	0.82	0.00
0	0	0.00	0.03	0.97	1.48	0.00
0	4	0.00	0.00	0.15	0.49	0.00
1	1	0.00	0.00	0.63	0.10	0.00
1	5	0.10	0.01	0.69	1.48	0.00
2	2	0.00	0.00	0.10	1.08	0.00
2	6	0.00	0.00	0.28	0.89	0.00
3	3	0.00	0.00	0.16	0.99	0.00
3	7	0.00	0.14	88.99	0.00	0.00
Core	CPU	C1%	C3%	C6%	C8%	C9%
-	-	0.01	0.04	11.56	0.75	0.00
0	0	0.00	0.00	1.03	0.79	0.00
0	4	0.00	0.00	0.18	1.09	0.00
1	1	0.00	0.02	0.64	0.79	0.00
1	5	0.00	0.00	0.75	0.89	0.00
2	2	0.00	0.00	0.82	0.79	0.00
2	6	0.00	0.02	0.99	0.79	0.00
3	3	0.00	0.00	0.19	0.89	0.00
3	7	0.10	0.24	87.88	0.00	0.00
Core	CPU	C1%	C3%	C6%	C8%	C9%
-	-	0.00	0.33	11.64	1.44	0.00
0	0	0.00	0.02	0.54	1.87	0.00
0	4	0.00	0.00	0.72	1.88	0.00
1	1	0.00	0.00	0.59	1.98	0.00
1	5	0.01	2.41	0.15	0.00	0.00
2	2	0.00	0.00	1.06	1.68	0.00
2	6	0.00	0.00	0.46	1.68	0.00
3	3	0.00	0.00	0.82	2.47	0.00
3	7	0.00	0.16	88.78	0.00	0.00
Core	CPU	C1%	C3%	C6%	C8%	C9%
-	-	0.00	0.04	11.39	0.83	0.00
0	0	0.00	0.01	0.61	0.89	0.00
0	4	0.00	0.00	0.46	0.39	0.00
1	1	0.00	0.02	0.15	1.98	0.00
1	5	0.00	0.00	0.14	0.59	0.00
2	2	0.00	0.01	0.40	0.48	0.00
2	6	0.00	0.00	0.20	0.89	0.00
3	3	0.00	0.00	0.58	1.39	0.00
3	7	0.00	0.27	88.61	0.00	0.00
Core	CPU	C1%	C3%	C6%	C8%	C9%
-	-	0.01	0.02	11.61	0.68	0.00
0	0	0.00	0.02	1.19	0.77	0.00
0	4	0.00	0.02	0.50	0.00	0.00
1	1	0.00	0.00	0.69	1.09	0.00
1	5	0.00	0.00	0.28	1.39	0.00
2	2	0.00	0.00	0.36	0.79	0.00
2	6	0.00	0.00	0.30	0.99	0.00
3	3	0.00	0.00	0.47	0.40	0.00
3	7	0.10	0.12	89.06	0.00	0.00
Core	CPU	C1%	C3%	C6%	C8%	C9%
-	-	0.01	0.03	11.49	0.51	0.00
0	0	0.00	0.00	0.88	0.49	0.00
0	4	0.00	0.00	0.56	0.49	0.00
1	1	0.00	0.00	0.14	0.49	0.00
1	5	0.00	0.00	0.13	0.40	0.00
2	2	0.00	0.00	1.32	0.60	0.00
2	6	0.00	0.00	0.19	0.99	0.00
3	3	0.00	0.00	0.56	0.59	0.00
3	7	0.10	0.27	88.10	0.00	0.00
Core	CPU	C1%	C3%	C6%	C8%	C9%
-	-	0.00	0.04	11.34	0.81	0.00
0	0	0.00	0.03	0.76	0.99	0.00
0	4	0.00	0.00	0.10	0.40	0.00
1	1	0.00	0.00	0.18	1.18	0.00
1	5	0.00	0.00	0.56	1.38	0.00
2	2	0.00	0.00	0.25	0.99	0.00
2	6	0.00	0.00	0.83	0.79	0.00
3	3	0.00	0.01	0.70	0.79	0.00
3	7	0.00	0.28	87.32	0.00	0.00
Core	CPU	C1%	C3%	C6%	C8%	C9%
-	-	0.00	0.04	11.25	0.63	0.00
0	0	0.00	0.02	0.65	0.68	0.00
0	4	0.00	0.00	0.04	0.59	0.00
1	1	0.00	0.02	0.63	0.00	0.00
1	5	0.00	0.00	0.00	0.40	0.00
2	2	0.00	0.00	0.19	0.99	0.00
2	6	0.00	0.00	0.37	1.48	0.00
3	3	0.00	0.00	0.25	0.89	0.00
3	7	0.00	0.26	87.85	0.00	0.00
Core	CPU	C1%	C3%	C6%	C8%	C9%
-	-	0.00	0.24	11.03	0.74	0.00
0	0	0.00	0.04	0.41	0.89	0.00
0	4	0.00	0.00	0.28	0.89	0.00
1	1	0.00	0.00	0.37	0.89	0.00
1	5	0.00	1.49	0.05	0.02	0.00
2	2	0.00	0.00	0.13	1.09	0.00
2	6	0.00	0.02	0.10	1.19	0.00
3	3	0.00	0.00	0.19	0.99	0.00
3	7	0.00	0.36	86.70	0.00	0.00
Core	CPU	C1%	C3%	C6%	C8%	C9%
-	-	0.00	0.02	11.39	0.84	0.00
0	0	0.00	0.00	0.56	1.18	0.00
0	4	0.00	0.02	0.15	0.69	0.00
1	1	0.00	0.00	0.00	0.50	0.00
1	5	0.00	0.00	0.93	1.19	0.00
2	2	0.00	0.00	0.37	0.79	0.00
2	6	0.00	0.00	0.30	1.38	0.00
3	3	0.00	0.00	0.13	0.99	0.00
3	7	0.00	0.15	88.68	0.00	0.00
Core	CPU	C1%	C3%	C6%	C8%	C9%
-	-	0.00	0.06	11.45	1.00	0.11
0	0	0.00	0.02	1.33	1.36	0.00
0	4	0.00	0.00	0.46	0.50	0.00
1	1	0.00	0.00	0.15	0.40	0.00
1	5	0.00	0.00	1.06	1.38	0.00
2	2	0.00	0.01	0.42	0.99	0.00
2	6	0.00	0.00	0.22	2.02	0.00
3	3	0.00	0.02	1.02	1.38	0.91
3	7	0.00	0.39	86.96	0.00	0.00
Core	CPU	C1%	C3%	C6%	C8%	C9%
-	-	0.00	0.04	11.32	0.70	0.00
0	0	0.00	0.05	0.59	0.69	0.00
0	4	0.00	0.00	0.14	0.69	0.00
1	1	0.00	0.00	0.23	1.08	0.00
1	5	0.00	0.00	0.28	0.89	0.00
2	2	0.00	0.00	0.35	0.79	0.00
2	6	0.00	0.00	0.44	0.99	0.00
3	3	0.00	0.02	0.59	0.49	0.00
3	7	0.00	0.22	87.94	0.00	0.00
Core	CPU	C1%	C3%	C6%	C8%	C9%
-	-	0.00	0.03	11.38	0.60	0.00
0	0	0.00	0.02	0.76	0.68	0.00
0	4	0.00	0.00	0.84	0.49	0.00
1	1	0.00	0.00	0.17	0.50	0.00
1	5	0.00	0.02	0.19	0.79	0.00
2	2	0.00	0.00	0.00	0.50	0.00
2	6	0.00	0.00	0.68	0.99	0.00
3	3	0.00	0.00	0.26	0.89	0.00
3	7	0.00	0.19	88.16	0.00	0.00
Core	CPU	C1%	C3%	C6%	C8%	C9%
-	-	0.00	0.04	11.38	0.71	0.00
0	0	0.00	0.06	0.96	0.30	0.00
0	4	0.00	0.00	0.19	0.99	0.00
1	1	0.00	0.00	0.31	0.98	0.00
1	5	0.00	0.00	0.35	0.89	0.00
2	2	0.00	0.02	0.33	0.47	0.00
2	6	0.00	0.02	0.20	0.99	0.00
3	3	0.00	0.00	0.10	1.09	0.00
3	7	0.00	0.20	88.64	0.00	0.00
Core	CPU	C1%	C3%	C6%	C8%	C9%
-	-	0.00	0.23	11.26	0.55	0.00
0	0	0.00	0.02	0.71	1.07	0.00
0	4	0.00	0.00	0.03	0.49	0.00
1	1	0.00	0.00	0.49	0.00	0.00
1	5	0.00	1.61	0.09	0.07	0.00
2	2	0.00	0.00	0.28	0.89	0.00
2	6	0.00	0.00	0.36	0.89	0.00
3	3	0.00	0.00	0.70	0.99	0.00
3	7	0.00	0.24	87.41	0.00	0.00
Core	CPU	C1%	C3%	C6%	C8%	C9%
-	-	0.00	0.05	11.28	0.52	0.00
0	0	0.00	0.03	1.04	0.69	0.00
0	4	0.00	0.00	0.46	0.40	0.00
1	1	0.00	0.00	0.15	0.98	0.00
1	5	0.00	0.00	0.14	0.40	0.00
2	2	0.00	0.01	0.30	0.40	0.00
2	6	0.00	0.00	0.10	0.39	0.00
3	3	0.00	0.00	0.48	0.89	0.00
3	7	0.00	0.33	87.60	0.00	0.00
Core	CPU	C1%	C3%	C6%	C8%	C9%
-	-	0.01	0.02	11.56	0.65	0.00
0	0	0.00	0.03	1.50	0.39	0.00
0	4	0.00	0.02	0.60	0.00	0.00
1	1	0.00	0.00	0.79	0.89	0.00
1	5	0.00	0.00	0.37	1.09	0.00
2	2	0.00	0.00	0.36	0.89	0.00
2	6	0.00	0.00	0.20	0.99	0.00
3	3	0.00	0.00	0.22	0.99	0.00
3	7	0.10	0.14	88.41	0.00	0.00
Core	CPU	C1%	C3%	C6%	C8%	C9%
-	-	0.00	0.04	11.36	0.62	0.00
0	0	0.00	0.01	0.59	0.79	0.00
0	4	0.00	0.00	0.46	0.49	0.00
1	1	0.00	0.00	0.14	0.39	0.00
1	5	0.00	0.00	0.13	0.59	0.00
2	2	0.00	0.00	1.41	0.70	0.00
2	6	0.00	0.00	0.19	0.99	0.00
3	3	0.00	0.00	0.17	0.99	0.00
3	7	0.00	0.31	87.78	0.00	0.00
Core	CPU	C1%	C3%	C6%	C8%	C9%
-	-	0.00	0.03	11.30	1.06	0.00
0	0	0.00	0.04	0.58	2.17	0.00
0	4	0.00	0.00	0.00	0.50	0.00
1	1	0.00	0.00	0.19	0.99	0.00
1	5	0.00	0.00	0.36	0.99	0.00
2	2	0.00	0.00	0.19	1.28	0.00
2	6	0.00	0.00	0.14	0.99	0.00
3	3	0.00	0.02	0.79	1.58	0.00
3	7	0.00	0.17	88.18	0.00	0.00
Core	CPU	C1%	C3%	C6%	C8%	C9%
-	-	0.00	0.04	11.23	0.72	0.00
0	0	0.00	0.01	0.66	0.99	0.00
0	4	0.00	0.00	0.14	0.40	0.00
1	1	0.00	0.03	0.59	0.31	0.00
1	5	0.00	0.00	0.00	0.50	0.00
2	2	0.00	0.00	0.88	1.18	0.00
2	6	0.00	0.00	0.31	1.38	0.00
3	3	0.00	0.00	0.25	0.99	0.00
3	7	0.00	0.30	87.00	0.00	0.00
Core	CPU	C1%	C3%	C6%	C8%	C9%
-	-	0.00	0.22	11.57	0.61	0.00
0	0	0.00	0.05	0.66	0.69	0.00
0	4	0.00	0.00	0.19	0.99	0.00
1	1	0.00	0.00	0.37	0.79	0.00
1	5	0.00	1.56	0.05	0.02	0.00
2	2	0.00	0.00	0.82	0.79	0.00
2	6	0.00	0.02	0.89	0.79	0.00
3	3	0.00	0.00	0.79	0.79	0.00
3	7	0.00	0.14	88.83	0.00	0.00
Core	CPU	C1%	C3%	C6%	C8%	C9%
-	-	0.03	0.06	11.15	1.07	0.11
0	0	0.00	0.00	0.40	1.98	0.00
0	4	0.00	0.02	0.20	0.30	0.00
1	1	0.00	0.00	1.37	1.38	0.00
1	5	0.00	0.00	1.07	1.08	0.00
2	2	0.00	0.00	0.96	1.08	0.00
2	6	0.00	0.00	0.82	1.44	0.88
3	3	0.00	0.00	0.23	1.28	0.00
3	7	0.23	0.45	84.19	0.00	0.00
Core	CPU	C1%	C3%	C6%	C8%	C9%
-	-	0.00	0.05	11.37	0.70	0.11
0	0	0.00	0.07	0.69	1.08	0.00
0	4	0.00	0.00	0.44	0.59	0.90
1	1	0.00	0.00	0.14	0.78	0.00
1	5	0.00	0.03	0.40	0.10	0.00
2	2	0.00	0.00	0.64	0.69	0.00
2	6	0.00	0.00	0.19	1.37	0.00
3	3	0.00	0.00	0.85	0.99	0.00
3	7	0.00	0.27	87.61	0.00	0.00
Core	CPU	C1%	C3%	C6%	C8%	C9%
-	-	0.00	0.06	11.30	0.67	0.00
0	0	0.00	0.03	0.95	0.49	0.00
0	4	0.00	0.00	0.40	0.49	0.00
1	1	0.00	0.00	0.15	0.79	0.00
1	5	0.00	0.00	0.13	0.59	0.00
2	2	0.00	0.00	0.59	0.99	0.00
2	6	0.00	0.00	0.49	1.08	0.00
3	3	0.00	0.00	0.27	0.89	0.00
3	7	0.00	0.43	87.46	0.00	0.00
Core	CPU	C1%	C3%	C6%	C8%	C9%
-	-	0.01	0.08	11.06	0.67	0.00
0	0	0.00	0.12	1.50	0.55	0.00
0	4	0.00	0.00	0.00	0.60	0.00
1	1	0.00	0.00	0.19	1.08	0.00
1	5	0.00	0.00	0.37	0.89	0.00
2	2	0.00	0.00	0.36	0.79	0.00
2	6	0.00	0.00	0.28	0.59	0.00
3	3	0.00	0.02	0.20	0.89	0.00
3	7	0.10	0.47	85.61	0.00	0.00
Core	CPU	C1%	C3%	C6%	C8%	C9%
-	-	0.00	0.05	11.41	0.74	0.00
0	0	0.00	0.11	0.83	0.58	0.00
0	4	0.00	0.00	0.24	0.40	0.00
1	1	0.00	0.00	0.82	0.98	0.00
1	5	0.00	0.01	0.64	0.00	0.00
2	2	0.00	0.00	0.28	0.70	0.00
2	6	0.00	0.00	0.33	1.58	0.00
3	3	0.00	0.00	0.29	1.68	0.00
3	7	0.00	0.25	87.87	0.00	0.00
Core	CPU	C1%	C3%	C6%	C8%	C9%
-	-	0.00	0.03	11.49	0.95	0.00
0	0	0.00	0.00	1.12	0.10	0.00
0	4	0.00	0.00	0.19	0.99	0.00
1	1	0.00	0.00	0.37	1.58	0.00
1	5	0.00	0.00	0.54	1.08	0.00
2	2	0.00	0.00	0.44	0.79	0.00
2	6	0.00	0.02	0.20	1.48	0.00
3	3	0.00	0.00	0.81	1.58	0.00
3	7	0.00	0.20	88.24	0.00	0.00
Core	CPU	C1%	C3%	C6%	C8%	C9%
-	-	0.00	0.02	11.32	0.86	0.00
0	0	0.00	0.02	0.36	1.37	0.00
0	4	0.00	0.00	0.12	0.79	0.00
1	1	0.00	0.02	0.10	0.89	0.00
1	5	0.00	0.00	0.39	0.99	0.00
2	2	0.00	0.00	0.27	1.08	0.00
2	6	0.00	0.00	0.45	0.79	0.00
3	3	0.00	0.00	0.13	0.99	0.00
3	7	0.00	0.13	88.74	0.00	0.00
Core	CPU	C1%	C3%	C6%	C8%	C9%
-	-	0.01	0.07	11.14	0.55	0.00
0	0	0.00	0.03	1.06	0.79	0.00
0	4	0.00	0.00	0.07	0.39	0.00
1	1	0.00	0.00	0.25	0.69	0.00
1	5	0.00	0.00	0.07	0.03	0.00
2	2	0.00	0.01	0.20	0.69	0.00
2	6	0.00	0.00	0.69	0.69	0.00
3	3	0.00	0.00	0.18	1.09	0.00
3	7	0.10	0.52	86.58	0.00	0.00
Core	CPU	C1%	C3%	C6%	C8%	C9%
-	-	0.01	0.03	11.27	0.70	0.00
0	0	0.00	0.01	0.82	0.20	0.00
0	4	0.00	0.00	0.20	0.69	0.00
1	1	0.00	0.00	0.19	1.08	0.00
1	5	0.00	0.00	0.47	0.69	0.00
2	2	0.00	0.00	0.45	0.79	0.00
2	6	0.00	0.00	0.15	1.18	0.00
3	3	0.00	0.02	0.20	0.99	0.00
3	7	0.10	0.24	87.65	0.00	0.00
Core	CPU	C1%	C3%	C6%	C8%	C9%
-	-	0.03	0.06	11.26	0.90	0.00
0	0	0.00	0.02	1.21	0.79	0.00
0	4	0.00	0.00	0.36	1.38	0.00
1	1	0.00	0.00	0.14	0.78	0.00
1	5	0.00	0.00	0.71	1.78	0.00
2	2	0.00	0.00	0.00	0.50	0.00
2	6	0.01	0.00	0.26	0.99	0.00
3	3	0.00	0.00	0.88	0.99	0.00
3	7	0.20	0.47	86.54	0.00	0.00
Core	CPU	C1%	C3%	C6%	C8%	C9%
-	-	0.00	0.03	11.39	0.76	0.00
0	0	0.00	0.02	0.39	0.88	0.00
0	4	0.00	0.00	0.19	0.99	0.00
1	1	0.00	0.00	0.27	0.89	0.00
1	5	0.00	0.00	0.36	0.89	0.00
2	2	0.00	0.00	0.14	0.99	0.00
2	6	0.00	0.03	0.49	0.69	0.00
3	3	0.00	0.00	0.79	0.79	0.00
3	7	0.00	0.18	88.44	0.00	0.00
Core	CPU	C1%	C3%	C6%	C8%	C9%
-	-	0.00	0.03	11.29	0.61	0.00
0	0	0.00	0.01	0.50	0.89	0.00
0	4	0.00	0.00	0.04	0.50	0.00
1	1	0.00	0.02	0.59	0.01	0.00
1	5	0.00	0.00	0.29	0.70	0.00
2	2	0.00	0.00	0.19	0.99	0.00
2	6	0.00	0.00	0.37	0.79	0.00
3	3	0.00	0.00	0.15	0.99	0.00
3	7	0.00	0.18	88.18	0.00	0.00
Core	CPU	C1%	C3%	C6%	C8%	C9%
-	-	0.11	0.06	11.20	1.07	0.72
0	0	0.00	0.00	0.51	1.19	0.00
0	4	0.10	0.00	0.34	1.37	0.00
1	1	0.00	0.00	0.39	1.18	0.00
1	5	0.00	0.00	0.24	1.38	0.00
2	2	0.00	0.02	0.30	0.99	0.00
2	6	0.00	0.00	0.24	1.48	0.00
3	3	0.00	0.00	0.19	0.99	5.78
3	7	0.79	0.45	87.36	0.00	0.00
Core	CPU	C1%	C3%	C6%	C8%	C9%
-	-	0.05	0.09	11.41	0.69	2.47
0	0	0.00	0.03	0.64	1.29	0.00
0	4	0.00	0.00	0.10	1.09	0.00
1	1	0.00	0.00	0.04	0.49	0.00
1	5	0.01	0.41	0.44	0.00	0.00
2	2	0.00	0.00	0.36	0.89	0.00
2	6	0.00	0.00	0.25	0.89	0.00
3	3	0.00	0.00	1.09	0.89	19.75
3	7	0.40	0.30	88.35	0.00	0.00
Core	CPU	C1%	C3%	C6%	C8%	C9%
-	-	0.00	0.06	11.04	0.64	0.00
0	0	0.00	0.02	0.65	1.17	0.00
0	4	0.00	0.00	0.46	0.49	0.00
1	1	0.00	0.00	0.15	0.40	0.00
1	5	0.00	0.00	0.13	0.49	0.00
2	2	0.00	0.01	0.20	0.69	0.00
2	6	0.00	0.00	0.10	1.09	0.00
3	3	0.00	0.00	0.37	0.79	0.00
3	7	0.00	0.45	86.24	0.00	0.00
Core	CPU	C1%	C3%	C6%	C8%	C9%
-	-	0.00	0.03	11.47	0.90	0.00
0	0	0.00	0.05	1.04	0.00	0.00
0	4	0.00	0.00	0.10	0.79	0.00
1	1	0.00	0.00	0.19	0.99	0.00
1	5	0.00	0.00	0.96	1.58	0.00
2	2	0.00	0.00	0.45	0.89	0.00
2	6	0.00	0.00	0.27	2.08	0.00
3	3	0.00	0.02	0.30	0.91	0.00
3	7	0.00	0.18	88.46	0.00	0.00
Core	CPU	C1%	C3%	C6%	C8%	C9%
-	-	0.01	0.06	11.09	0.49	0.00
0	0	0.00	0.03	0.90	0.48	0.00
0	4	0.00	0.00	0.15	0.40	0.00
1	1	0.00	0.00	0.43	0.00	0.00
1	5	0.00	0.00	0.40	0.00	0.00
2	2	0.00	0.00	0.20	0.99	0.00
2	6	0.00	0.00	0.33	1.08	0.00
3	3	0.00	0.00	0.25	0.97	0.00
3	7	0.10	0.47	86.02	0.00	0.00
Core	CPU	C1%	C3%	C6%	C8%	C9%
-	-	0.00	0.04	11.55	0.76	0.00
0	0	0.00	0.02	0.80	0.40	0.00
0	4	0.00	0.00	0.19	0.99	0.00
1	1	0.00	0.00	0.37	0.69	0.00
1	5	0.00	0.00	0.84	1.48	0.00
2	2	0.00	0.00	0.72	0.69	0.00
2	6	0.00	0.02	0.65	0.69	0.00
3	3	0.00	0.00	0.59	1.13	0.00
3	7	0.00	0.24	88.24	0.00	0.00
Core	CPU	C1%	C3%	C6%	C8%	C9%
-	-	0.00	0.04	11.18	0.74	0.00
0	0	0.00	0.02	1.24	0.79	0.00
0	4	0.00	0.00	0.13	0.99	0.00
1	1	0.00	0.00	0.13	0.89	0.00
1	5	0.00	0.00	0.19	0.89	0.00
2	2	0.00	0.00	0.27	0.89	0.00
2	6	0.00	0.00	0.45	0.59	0.00
3	3	0.00	0.00	0.23	0.89	0.00
3	7	0.00	0.31	86.76	0.00	0.00
Core	CPU	C1%	C3%	C6%	C8%	C9%
-	-	0.00	0.19	11.32	0.93	0.00
0	0	0.00	0.05	0.63	1.27	0.00
0	4	0.00	0.00	0.45	1.68	0.00
1	1	0.00	0.00	0.15	1.19	0.00
1	5	0.00	1.19	0.28	0.03	0.00
2	2	0.00	0.01	0.29	1.01	0.00
2	6	0.00	0.00	0.09	0.60	0.00
3	3	0.00	0.00	0.74	1.68	0.00
3	7	0.00	0.26	87.93	0.00	0.00
Core	CPU	C1%	C3%	C6%	C8%	C9%
-	-	0.01	0.05	11.43	0.82	0.00
0	0	0.00	0.01	0.43	0.70	0.00
0	4	0.00	0.00	0.54	0.60	0.00
1	1	0.00	0.04	0.22	1.29	0.00
1	5	0.00	0.00	0.97	0.79	0.00
2	2	0.00	0.00	0.25	1.08	0.00
2	6	0.00	0.00	0.64	1.09	0.00
3	3	0.00	0.02	0.69	0.99	0.00
3	7	0.10	0.33	87.71	0.00	0.00
Core	CPU	C1%	C3%	C6%	C8%	C9%
-	-	0.00	0.04	11.52	1.16	0.00
0	0	0.00	0.04	0.74	1.18	0.00
0	4	0.00	0.00	0.36	0.99	0.00
1	1	0.00	0.00	0.29	1.38	0.00
1	5	0.00	0.00	0.91	1.98	0.00
2	2	0.00	0.00	0.10	1.61	0.00
2	6	0.00	0.00	0.74	1.09	0.00
3	3	0.00	0.00	0.93	1.09	0.00
3	7	0.00	0.26	88.06	0.00	0.00
Core	CPU	C1%	C3%	C6%	C8%	C9%
-	-	0.00	0.04	11.17	0.99	0.00
0	0	0.00	0.01	0.45	1.58	0.00
0	4	0.00	0.00	0.20	0.98	0.00
1	1	0.00	0.00	0.50	1.58	0.00
1	5	0.00	0.00	0.36	0.89	0.00
2	2	0.00	0.00	0.24	0.89	0.00
2	6	0.00	0.00	0.52	0.99	0.00
3	3	0.00	0.00	0.20	0.99	0.00
3	7	0.00	0.31	86.93	0.00	0.00
Core	CPU	C1%	C3%	C6%	C8%	C9%
-	-	0.00	0.07	10.68	0.91	0.00
0	0	0.00	0.03	0.73	1.18	0.00
0	4	0.00	0.00	0.14	1.09	0.00
1	1	0.00	0.02	0.27	0.89	0.00
1	5	0.00	0.00	0.19	0.83	0.00
2	2	0.00	0.00	0.19	1.08	0.00
2	6	0.00	0.00	0.27	1.08	0.00
3	3	0.00	0.00	0.15	1.09	0.00
3	7	0.01	0.54	83.50	0.00	0.00
Core	CPU	C1%	C3%	C6%	C8%	C9%
-	-	0.01	0.04	11.29	0.90	0.00
0	0	0.00	0.03	0.49	1.17	0.00
0	4	0.00	0.00	0.28	0.89	0.00
1	1	0.00	0.00	0.16	0.99	0.00
1	5	0.00	0.00	0.14	0.99	0.00
2	2	0.00	0.00	0.81	0.99	0.00
2	6	0.00	0.00	0.39	1.29	0.00
3	3	0.00	0.00	0.19	0.89	0.00
3	7	0.10	0.27	87.82	0.00	0.00
Core	CPU	C1%	C3%	C6%	C8%	C9%
-	-	0.01	0.33	11.44	1.40	0.15
0	0	0.00	0.01	0.63	2.08	0.00
0	4	0.00	0.00	0.23	1.88	0.00
1	1	0.00	0.00	0.10	1.88	0.00
1	5	0.02	2.31	0.15	0.00	0.00
2	2	0.00	0.00	1.16	1.28	0.00
2	6	0.00	0.00	0.51	1.87	0.00
3	3	0.00	0.00	0.89	2.18	1.20
3	7	0.10	0.31	87.85	0.00	0.00
Core	CPU	C1%	C3%	C6%	C8%	C9%
-	-	0.01	0.04	11.66	0.70	0.00
0	0	0.00	0.02	1.29	1.28	0.00
0	4	0.00	0.00	0.86	0.49	0.00
1	1	0.00	0.00	0.25	0.99	0.00
1	5	0.00	0.00	0.04	0.59	0.00
2	2	0.00	0.01	0.74	0.49	0.00
2	6	0.00	0.00	1.37	0.60	0.00
3	3	0.00	0.00	0.88	1.19	0.00
3	7	0.08	0.32	87.85	0.00	0.00
Core	CPU	C1%	C3%	C6%	C8%	C9%
-	-	0.02	0.05	11.33	0.73	0.00
0	0	0.00	0.04	1.12	0.68	0.00
0	4	0.00	0.02	0.70	0.00	0.00
1	1	0.00	0.00	0.04	0.59	0.00
1	5	0.00	0.00	0.37	1.48	0.00
2	2	0.00	0.00	0.36	0.79	0.00
2	6	0.00	0.00	0.51	1.28	0.00
3	3	0.00	0.00	0.23	0.99	0.00
3	7	0.20	0.37	87.34	0.00	0.00
Core	CPU	C1%	C3%	C6%	C8%	C9%
-	-	0.00	0.03	11.40	0.57	0.00
0	0	0.00	0.01	0.98	0.40	0.00
0	4	0.00	0.00	0.36	0.69	0.00
1	1	0.00	0.00	0.22	0.40	0.00
1	5	0.00	0.00	0.67	0.49	0.00
2	2	0.00	0.00	0.10	0.60	0.00
2	6	0.00	0.00	0.20	0.99	0.00
3	3	0.00	0.00	0.17	0.99	0.00
3	7	0.00	0.25	88.50	0.00	0.00
Core	CPU	C1%	C3%	C6%	C8%	C9%
-	-	0.00	0.04	11.55	0.78	0.00
0	0	0.00	0.07	0.78	0.30	0.00
0	4	0.00	0.00	0.10	0.79	0.00
1	1	0.00	0.00	0.67	0.69	0.00
1	5	0.00	0.00	0.66	1.48	0.00
2	2	0.00	0.00	0.35	0.89	0.00
2	6	0.00	0.00	0.24	1.09	0.00
3	3	0.00	0.02	1.19	0.99	0.00
3	7	0.00	0.19	88.44	0.00	0.00
Core	CPU	C1%	C3%	C6%	C8%	C9%
-	-	0.02	0.05	11.12	0.82	0.00
0	0	0.00	0.00	0.67	0.98	0.00
0	4	0.00	0.00	0.24	1.09	0.00
1	1	0.00	0.00	0.32	0.61	0.00
1	5	0.00	0.00	0.00	0.59	0.00
2	2	0.00	0.00	0.59	1.18	0.00
2	6	0.00	0.00	0.28	0.99	0.00
3	3	0.00	0.00	0.15	1.09	0.00
3	7	0.18	0.40	86.72	0.00	0.00
Core	CPU	C1%	C3%	C6%	C8%	C9%
-	-	0.02	0.34	11.45	1.14	0.00
0	0	0.00	0.03	1.19	0.99	0.00
0	4	0.00	0.00	0.78	1.58	0.00
1	1	0.00	0.10	0.96	1.49	0.00
1	5	0.00	2.31	0.10	0.02	0.00
2	2	0.00	0.00	0.23	1.58	0.00
2	6	0.00	0.02	0.20	1.68	0.00
3	3	0.00	0.00	0.20	1.78	0.00
3	7	0.16	0.27	87.94	0.00	0.00
Core	CPU	C1%	C3%	C6%	C8%	C9%
-	-	0.00	0.04	11.16	0.84	0.00
0	0	0.00	0.01	0.46	1.28	0.00
0	4	0.00	0.00	0.23	1.28	0.00
1	1	0.00	0.00	0.20	0.69	0.00
1	5	0.00	0.00	0.49	0.69	0.00
2	2	0.00	0.00	0.27	0.89	0.00
2	6	0.00	0.00	0.46	0.89	0.00
3	3	0.00	0.00	0.14	0.99	0.00
3	7	0.00	0.32	87.01	0.00	0.00
Core	CPU	C1%	C3%	C6%	C8%	C9%
-	-	0.00	0.12	11.55	0.74	0.00
0	0	0.00	0.03	1.07	0.00	0.00
0	4	0.00	0.00	0.73	0.79	0.00
1	1	0.00	0.00	0.15	1.57	0.00
1	5	0.00	0.00	0.62	0.89	0.00
2	2	0.00	0.02	0.59	0.89	0.00
2	6	0.00	0.68	0.06	0.70	0.00
3	3	0.00	0.00	0.80	1.09	0.00
3	7	0.00	0.27	88.39	0.00	0.00
Core	CPU	C1%	C3%	C6%	C8%	C9%
-	-	0.00	0.06	11.04	0.78	0.00
0	0	0.00	0.04	0.42	0.59	0.00
0	4	0.00	0.00	0.19	0.79	0.00
1	1	0.00	0.00	0.19	0.99	0.00
1	5	0.00	0.00	0.67	1.09	0.00
2	2	0.00	0.00	0.36	0.99	0.00
2	6	0.00	0.00	0.15	1.08	0.00
3	3	0.00	0.02	0.40	0.69	0.00
3	7	0.00	0.41	85.95	0.00	0.00
Core	CPU	C1%	C3%	C6%	C8%	C9%
-	-	0.00	0.03	11.41	0.72	0.00
0	0	0.00	0.01	1.04	0.50	0.00
0	4	0.00	0.00	0.46	0.49	0.00
1	1	0.00	0.00	0.32	0.69	0.00
1	5	0.00	0.00	0.91	1.58	0.00
2	2	0.00	0.00	0.09	0.60	0.00
2	6	0.00	0.00	0.19	0.80	0.00
3	3	0.00	0.00	0.17	1.09	0.00
3	7	0.00	0.24	88.13	0.00	0.00
Core	CPU	C1%	C3%	C6%	C8%	C9%
-	-	0.00	0.04	11.14	0.88	0.00
0	0	0.00	0.02	0.51	0.79	0.00
0	4	0.00	0.00	0.19	0.99	0.00
1	1	0.00	0.00	0.27	0.99	0.00
1	5	0.00	0.00	0.36	0.79	0.00
2	2	0.00	0.00	0.79	1.38	0.00
2	6	0.00	0.00	0.13	0.99	0.00
3	3	0.00	0.00	0.10	1.09	0.00
3	7	0.00	0.33	86.75	0.00	0.00
Core	CPU	C1%	C3%	C6%	C8%	C9%
-	-	0.00	0.08	11.45	0.74	0.00
0	0	0.00	0.02	0.78	1.37	0.00
0	4	0.00	0.00	0.14	0.78	0.00
1	1	0.00	0.02	0.49	0.22	0.00
1	5	0.00	0.40	0.00	0.07	0.00
2	2	0.00	0.00	0.19	0.99	0.00
2	6	0.00	0.00	0.57	0.89	0.00
3	3	0.00	0.00	0.75	1.58	0.00
3	7	0.00	0.19	88.69	0.00	0.00
Core	CPU	C1%	C3%	C6%	C8%	C9%
-	-	0.00	0.05	11.16	0.88	0.00
0	0	0.00	0.01	0.60	0.99	0.00
0	4	0.00	0.00	0.28	0.99	0.00
1	1	0.00	0.00	0.35	0.99	0.00
1	5	0.00	0.00	0.54	0.89	0.00
2	2	0.00	0.02	0.69	1.18	0.00
2	6	0.00	0.00	0.10	1.09	0.00
3	3	0.00	0.00	0.19	0.89	0.00
3	7	0.00	0.35	86.55	0.00	0.00
Core	CPU	C1%	C3%	C6%	C8%	C9%
-	-	0.00	0.03	11.24	0.91	0.11
0	0	0.00	0.02	0.46	1.17	0.00
0	4	0.00	0.02	0.16	1.19	0.00
1	1	0.00	0.00	0.10	0.79	0.00
1	5	0.00	0.00	0.28	1.09	0.00
2	2	0.00	0.00	0.37	1.08	0.00
2	6	0.00	0.00	0.41	0.99	0.91
3	3	0.00	0.00	0.13	0.99	0.00
3	7	0.00	0.17	88.04	0.00	0.00
Core	CPU	C1%	C3%	C6%	C8%	C9%
-	-	0.01	0.04	11.34	0.73	0.00
0	0	0.00	0.01	0.98	0.39	0.00
0	4	0.00	0.00	0.46	0.39	0.00
1	1	0.00	0.00	0.15	1.08	0.00
1	5	0.00	0.00	0.18	0.50	0.00
2	2	0.00	0.00	0.12	0.70	0.00
2	6	0.00	0.00	0.20	1.38	0.00
3	3	0.00	0.00	0.77	1.39	0.00
3	7	0.10	0.27	87.88	0.00	0.00
Core	CPU	C1%	C3%	C6%	C8%	C9%
-	-	0.00	0.04	11.38	0.88	0.00
0	0	0.00	0.07	0.78	0.30	0.00
0	4	0.00	0.00	0.10	1.19	0.00
1	1	0.00	0.00	0.19	1.28	0.00
1	5	0.00	0.00	0.56	1.48	0.00
2	2	0.00	0.00	0.45	0.79	0.00
2	6	0.00	0.00	0.14	0.99	0.00
3	3	0.00	0.02	0.71	0.99	0.00
3	7	0.00	0.20	88.08	0.00	0.00
Core	CPU	C1%	C3%	C6%	C8%	C9%
-	-	0.00	0.03	11.49	0.53	0.00
0	0	0.00	0.00	1.07	0.69	0.00
0	4	0.00	0.00	0.15	0.79	0.00
1	1	0.00	0.03	0.62	0.10	0.00
1	5	0.00	0.00	0.50	0.00	0.00
2	2	0.00	0.00	0.20	0.98	0.00
2	6	0.00	0.00	0.28	0.89	0.00
3	3	0.00	0.00	0.46	0.79	0.00
3	7	0.00	0.18	88.68	0.00	0.00
Core	CPU	C1%	C3%	C6%	C8%	C9%
-	-	0.00	0.23	11.21	0.76	0.00
0	0	0.00	0.03	0.56	0.79	0.00
0	4	0.00	0.00	0.19	0.99	0.00
1	1	0.00	0.00	0.37	0.89	0.00
1	5	0.00	1.52	0.09	0.02	0.00
2	2	0.00	0.00	0.13	1.09	0.00
2	6	0.00	0.02	0.10	1.18	0.00
3	3	0.00	0.00	0.10	1.09	0.00
3	7	0.00	0.24	88.17	0.00	0.00
Core	CPU	C1%	C3%	C6%	C8%	C9%
-	-	0.01	0.02	11.43	0.68	0.00
0	0	0.00	0.03	0.44	0.88	0.00
0	4	0.00	0.00	0.22	0.30	0.00
1	1	0.00	0.00	0.05	0.60	0.00
1	5	0.00	0.00	0.73	0.69	0.00
2	2	0.00	0.00	0.27	0.99	0.00
2	6	0.00	0.00	0.51	0.99	0.00
3	3	0.00	0.00	0.14	0.99	0.00
3	7	0.10	0.11	89.08	0.00	0.00
Core	CPU	C1%	C3%	C6%	C8%	C9%
-	-	0.00	0.08	11.06	0.68	0.00
0	0	0.00	0.01	0.93	1.28	0.00
0	4	0.00	0.00	0.90	0.49	0.00
1	1	0.00	0.00	0.30	0.49	0.00
1	5	0.00	0.00	0.23	0.69	0.00
2	2	0.00	0.01	0.20	0.30	0.00
2	6	0.00	0.10	0.46	0.29	0.00
3	3	0.00	0.00	0.67	1.88	0.00
3	7	0.01	0.53	84.84	0.00	0.00
Core	CPU	C1%	C3%	C6%	C8%	C9%
-	-	0.00	0.04	11.14	0.69	0.00
0	0	0.00	0.02	0.63	0.69	0.00
0	4	0.00	0.00	0.49	0.01	0.00
1	1	0.00	0.00	0.24	1.08	0.00
1	5	0.00	0.00	0.27	0.99	0.00
2	2	0.00	0.00	0.35	0.99	0.00
2	6	0.00	0.04	0.29	0.79	0.00
3	3	0.00	0.02	0.20	0.99	0.00
3	7	0.00	0.22	86.68	0.00	0.00
Core	CPU	C1%	C3%	C6%	C8%	C9%
-	-	0.00	0.04	11.39	0.73	0.00
0	0	0.00	0.03	0.77	0.58	0.00
0	4	0.00	0.00	0.36	0.99	0.00
1	1	0.00	0.00	0.14	0.59	0.00
1	5	0.00	0.00	0.22	0.79	0.00
2	2	0.00	0.00	0.79	0.79	0.00
2	6	0.00	0.00	0.68	1.09	0.00
3	3	0.00	0.00	0.17	0.99	0.00
3	7	0.00	0.28	88.03	0.00	0.00
Core	CPU	C1%	C3%	C6%	C8%	C9%
-	-	0.01	0.05	11.22	0.74	0.00
0	0	0.00	0.01	0.90	0.40	0.00
0	4	0.00	0.00	0.25	0.99	0.00
1	1	0.00	0.00	0.28	0.89	0.00
1	5	0.00	0.00	0.36	0.89	0.00
2	2	0.00	0.00	0.44	0.99	0.00
2	6	0.00	0.00	0.23	0.99	0.00
3	3	0.00	0.00	0.79	0.79	0.00
3	7	0.10	0.39	86.49	0.00	0.00
Core	CPU	C1%	C3%	C6%	C8%	C9%
-	-	0.00	0.10	11.43	0.85	0.66
0	0	0.00	0.05	0.64	1.47	0.00
0	4	0.00	0.00	0.04	0.49	0.00
1	1	0.00	0.02	0.00	0.52	0.00
1	5	0.00	0.50	0.18	0.46	0.00
2	2	0.00	0.00	0.19	0.99	0.00
2	6	0.00	0.00	0.82	1.38	0.00
3	3	0.00	0.03	0.90	1.49	5.29
3	7	0.00	0.19	88.71	0.00	0.00
Core	CPU	C1%	C3%	C6%	C8%	C9%
-	-	0.00	0.05	11.35	0.83	0.00
0	0	0.00	0.00	0.40	1.18	0.00
0	4	0.00	0.00	0.28	0.89	0.00
1	1	0.00	0.00	0.35	0.79	0.00
1	5	0.00	0.00	0.64	0.99	0.00
2	2	0.00	0.00	0.32	0.99	0.00
2	6	0.00	0.00	1.28	1.09	0.00
3	3	0.00	0.00	0.39	0.69	0.00
3	7	0.00	0.38	87.13	0.00	0.00
Core	CPU	C1%	C3%	C6%	C8%	C9%
-	-	0.00	0.02	11.39	1.20	0.00
0	0	0.00	0.01	0.62	1.18	0.00
0	4	0.00	0.00	0.18	1.09	0.00
1	1	0.00	0.00	0.16	1.86	0.00
1	5	0.00	0.00	0.28	1.09	0.00
2	2	0.00	0.00	0.27	0.89	0.00
2	6	0.00	0.00	0.43	2.47	0.00
3	3	0.00	0.00	0.24	0.99	0.00
3	7	0.00	0.14	88.93	0.00	0.00
Core	CPU	C1%	C3%	C6%	C8%	C9%
-	-	0.01	0.06	11.13	0.67	0.00
0	0	0.00	0.01	0.50	0.98	0.00
0	4	0.00	0.00	0.66	0.49	0.00
1	1	0.00	0.00	0.15	0.79	0.00
1	5	0.00	0.00	0.58	0.59	0.00
2	2	0.00	0.01	0.35	0.50	0.00
2	6	0.00	0.00	0.10	0.99	0.00
3	3	0.00	0.00	0.28	0.99	0.00
3	7	0.10	0.45	86.42	0.00	0.00
Core	CPU	C1%	C3%	C6%	C8%	C9%
-	-	0.01	0.04	11.38	1.12	0.00
0	0	0.00	0.02	0.58	1.19	0.00
0	4	0.00	0.02	0.63	1.19	0.00
1	1	0.00	0.00	0.10	1.58	0.00
1	5	0.00	0.00	0.97	1.68	0.00
2	2	0.00	0.00	0.37	0.79	0.00
2	6	0.00	0.00	0.35	0.98	0.00
3	3	0.09	0.00	0.73	1.58	0.00
3	7	0.00	0.27	87.30	0.00	0.00
Core	CPU	C1%	C3%	C6%	C8%	C9%
-	-	0.01	0.04	11.16	0.64	0.00
0	0	0.00	0.00	0.39	0.48	0.00
0	4	0.00	0.00	0.36	0.39	0.00
1	1	0.00	0.00	0.14	1.29	0.00
1	5	0.00	0.00	0.13	0.59	0.00
2	2	0.00	0.00	0.18	0.41	0.00
2	6	0.00	0.00	0.69	0.99	0.00
3	3	0.00	0.00	0.17	0.99	0.00
3	7	0.10	0.34	87.24	0.00	0.00
Core	CPU	C1%	C3%	C6%	C8%	C9%
-	-	0.04	0.21	11.38	0.52	0.00
0	0	0.00	0.05	0.90	0.00	0.00
0	4	0.00	0.00	0.10	0.79	0.00
1	1	0.00	0.00	0.19	0.99	0.00
1	5	0.00	1.37	0.18	0.00	0.00
2	2	0.00	0.00	0.84	0.39	0.00
2	6	0.00	0.00	0.14	0.99	0.00
3	3	0.00	0.02	0.69	0.99	0.00
3	7	0.30	0.25	88.00	0.00	0.00
Core	CPU	C1%	C3%	C6%	C8%	C9%
-	-	0.01	0.03	11.47	0.51	0.00
0	0	0.00	0.02	0.86	0.49	0.00
0	4	0.00	0.00	0.24	0.69	0.00
1	1	0.00	0.00	0.70	0.00	0.00
1	5	0.00	0.00	0.50	0.00	0.00
2	2	0.00	0.00	0.39	1.08	0.00
2	6	0.00	0.00	0.28	0.89	0.00
3	3	0.00	0.00	0.35	0.89	0.00
3	7	0.10	0.23	88.40	0.00	0.00
Core	CPU	C1%	C3%	C6%	C8%	C9%
-	-	0.01	0.03	11.58	1.23	0.00
0	0	0.00	0.01	1.39	1.56	0.00
0	4	0.00	0.00	0.25	1.48	0.00
1	1	0.00	0.00	0.44	1.18	0.00
1	5	0.00	0.00	0.44	0.79	0.00
2	2	0.00	0.00	0.51	2.37	0.00
2	6	0.00	0.02	0.28	1.39	0.00
3	3	0.00	0.00	0.50	1.09	0.00
3	7	0.10	0.21	88.80	0.00	0.00
Core	CPU	C1%	C3%	C6%	C8%	C9%
-	-	0.00	0.03	11.33	0.68	0.00
0	0	0.00	0.03	0.83	0.49	0.00
0	4	0.00	0.00	0.13	0.49	0.00
1	1	0.00	0.00	0.57	0.59	0.00
1	5	0.00	0.00	0.19	0.99	0.00
2	2	0.00	0.00	0.37	1.08	0.00
2	6	0.00	0.00	0.35	0.89	0.00
3	3	0.00	0.00	0.83	0.89	0.00
3	7	0.00	0.22	87.39	0.00	0.00
Core	CPU	C1%	C3%	C6%	C8%	C9%
-	-	0.00	0.03	11.42	0.75	0.00
0	0	0.00	0.03	0.69	1.27	0.00
0	4	0.00	0.00	0.37	0.59	0.00
1	1	0.00	0.00	0.20	0.69	0.00
1	5	0.00	0.00	0.23	0.99	0.00
2	2	0.00	0.01	0.10	0.40	0.00
2	6	0.00	0.00	0.20	1.09	0.00
3	3	0.00	0.01	0.49	0.99	0.00
3	7	0.00	0.17	89.09	0.00	0.00
Core	CPU	C1%	C3%	C6%	C8%	C9%
-	-	0.01	0.04	11.40	0.72	0.00
0	0	0.00	0.04	0.90	0.70	0.00
0	4	0.00	0.00	0.09	0.60	0.00
1	1	0.00	0.01	0.33	1.38	0.00
1	5	0.00	0.00	0.27	0.89	0.00
2	2	0.00	0.00	0.40	0.99	0.00
2	6	0.00	0.00	0.34	0.79	0.00
3	3	0.00	0.02	0.69	0.40	0.00
3	7	0.10	0.21	88.19	0.00	0.00
Core	CPU	C1%	C3%	C6%	C8%	C9%
-	-	0.00	0.12	11.24	0.57	0.00
0	0	0.00	0.03	0.92	0.59	0.00
0	4	0.00	0.00	0.25	0.79	0.00
1	1	0.00	0.00	0.03	0.49	0.00
1	5	0.00	0.52	0.10	0.05	0.00
2	2	0.00	0.00	0.79	0.59	0.00
2	6	0.00	0.00	0.38	0.99	0.00
3	3	0.00	0.00	0.66	1.09	0.00
3	7	0.00	0.37	86.79	0.00	0.00
Core	CPU	C1%	C3%	C6%	C8%	C9%
-	-	0.00	0.03	11.49	0.90	0.00
0	0	0.00	0.00	0.20	0.89	0.00
0	4	0.00	0.00	0.46	1.08	0.00
1	1	0.00	0.00	0.64	1.19	0.00
1	5	0.00	0.00	0.65	0.59	0.00
2	2	0.00	0.00	0.53	1.18	0.00
2	6	0.00	0.02	0.69	1.09	0.00
3	3	0.00	0.00	0.20	1.17	0.00
3	7	0.00	0.18	88.54	0.00	0.00
Core	CPU	C1%	C3%	C6%	C8%	C9%
-	-	0.00	0.05	11.35	0.52	0.11
0	0	0.00	0.01	0.15	1.18	0.00
0	4	0.00	0.03	1.50	0.10	0.88
1	1	0.00	0.04	0.59	0.10	0.00
1	5	0.00	0.00	0.58	0.01	0.00
2	2	0.00	0.00	0.57	0.99	0.00
2	6	0.00	0.00	0.42	0.79	0.00
3	3	0.00	0.00	0.14	0.99	0.00
3	7	0.00	0.30	86.84	0.00	0.00
Core	CPU	C1%	C3%	C6%	C8%	C9%
-	-	0.00	0.04	11.43	0.53	0.00
0	0	0.00	0.00	0.68	0.29	0.00
0	4	0.00	0.01	0.78	0.69	0.00
1	1	0.00	0.00	0.15	0.40	0.00
1	5	0.00	0.00	0.08	0.59	0.00
2	2	0.00	0.02	0.20	0.40	0.00
2	6	0.00	0.00	0.69	0.70	0.00
3	3	0.00	0.00	0.18	1.19	0.00
3	7	0.00	0.25	88.64	0.00	0.00
Core	CPU	C1%	C3%	C6%	C8%	C9%
-	-	0.00	0.05	11.10	0.85	0.00
0	0	0.00	0.00	0.33	0.98	0.00
0	4	0.00	0.04	0.22	0.88	0.00
1	1	0.00	0.00	0.00	0.50	0.00
1	5	0.00	0.00	0.28	1.58	0.00
2	2	0.00	0.00	0.17	0.99	0.00
2	6	0.00	0.00	0.15	1.08	0.00
3	3	0.00	0.00	1.34	0.79	0.00
3	7	0.00	0.36	86.32	0.00	0.00
Core	CPU	C1%	C3%	C6%	C8%	C9%
-	-	0.00	0.04	11.35	0.57	0.00
0	0	0.00	0.00	0.47	0.49	0.00
0	4	0.00	0.01	1.02	0.69	0.00
1	1	0.00	0.00	0.14	0.40	0.00
1	5	0.00	0.00	0.62	0.59	0.00
2	2	0.00	0.00	0.10	0.59	0.00
2	6	0.00	0.00	0.19	0.99	0.00
3	3	0.00	0.00	0.37	0.79	0.00
3	7	0.00	0.29	87.87	0.00	0.00
Core	CPU	C1%	C3%	C6%	C8%	C9%
-	-	0.00	0.21	11.30	0.69	0.00
0	0	0.00	0.02	0.36	0.99	0.00
0	4	0.00	0.02	0.91	0.99	0.00
1	1	0.00	0.02	0.71	0.39	0.00
1	5	0.01	1.40	0.17	0.00	0.00
2	2	0.00	0.00	0.25	0.99	0.00
2	6	0.00	0.00	0.14	1.18	0.00
3	3	0.00	0.02	0.30	0.99	0.00
3	7	0.00	0.22	87.55	0.00	0.00
Core	CPU	C1%	C3%	C6%	C8%	C9%
-	-	0.00	0.06	10.82	0.73	0.08
0	0	0.00	0.00	0.45	0.49	0.00
0	4	0.00	0.00	0.59	1.96	0.00
1	1	0.00	0.02	0.78	0.02	0.00
1	5	0.00	0.00	0.00	0.40	0.00
2	2	0.00	0.00	0.27	1.09	0.00
2	6	0.00	0.00	0.27	0.89	0.00
3	3	0.00	0.00	0.15	0.99	0.60
3	7	0.01	0.44	84.08	0.00	0.00
Core	CPU	C1%	C3%	C6%	C8%	C9%
-	-	0.04	0.08	11.53	0.73	1.26
0	0	0.00	0.00	0.83	0.59	0.00
0	4	0.00	0.01	0.94	1.38	0.90
1	1	0.00	0.00	0.56	0.98	0.00
1	5	0.00	0.00	0.41	1.08	0.00
2	2	0.00	0.00	0.92	0.30	0.00
2	6	0.00	0.01	0.90	0.48	0.81
3	3	0.00	0.00	0.59	0.99	8.38
3	7	0.29	0.64	87.08	0.00	0.00
Core	CPU	C1%	C3%	C6%	C8%	C9%
-	-	0.00	0.02	11.50	0.69	0.00
0	0	0.00	0.00	0.23	0.69	0.00
0	4	0.00	0.02	0.63	0.69	0.00
1	1	0.00	0.00	0.12	0.79	0.00
1	5	0.00	0.00	0.78	0.89	0.00
2	2	0.00	0.00	0.27	0.99	0.00
2	6	0.00	0.00	0.84	0.69	0.00
3	3	0.00	0.00	0.82	0.79	0.00
3	7	0.00	0.15	88.29	0.00	0.00
Core	CPU	C1%	C3%	C6%	C8%	C9%
-	-	0.11	0.04	11.60	0.96	0.00
0	0	0.69	0.01	0.48	1.14	0.00
0	4	0.00	0.01	0.90	1.57	0.00
1	1	0.00	0.00	0.15	1.29	0.00
1	5	0.00	0.00	0.91	0.79	0.00
2	2	0.00	0.01	0.55	0.31	0.00
2	6	0.00	0.00	0.67	1.60	0.00
3	3	0.00	0.00	0.28	0.99	0.00
3	7	0.20	0.26	88.83	0.00	0.00
