Core	CPU	C1%	C3%	C6%	C8%	C9%
-	-	0.07	0.32	9.99	14.54	0.00
0	0	0.01	2.11	50.37	11.50	0.04
0	4	0.00	0.07	11.15	2.52	0.00
1	1	0.07	0.29	3.61	5.54	0.00
1	5	0.28	0.07	6.10	91.75	0.00
2	2	0.00	0.04	2.56	1.58	0.00
2	6	0.00	0.00	2.19	0.80	0.00
3	3	0.20	0.00	1.54	1.10	0.00
3	7	0.00	0.02	2.39	1.59	0.00
Core	CPU	C1%	C3%	C6%	C8%	C9%
-	-	0.00	0.27	8.00	14.27	0.47
0	0	0.02	2.15	55.60	15.16	0.00
0	4	0.00	0.02	0.59	0.10	3.79
1	1	0.00	0.02	2.42	28.24	0.00
1	5	0.00	0.00	3.87	65.80	0.00
2	2	0.00	0.00	0.54	0.49	0.00
2	6	0.00	0.00	0.50	2.07	0.00
3	3	0.00	0.00	0.32	1.09	0.00
3	7	0.00	0.00	0.20	1.19	0.00
Core	CPU	C1%	C3%	C6%	C8%	C9%
-	-	0.00	0.27	7.99	14.02	0.00
0	0	0.02	2.13	55.49	14.63	0.00
0	4	0.00	0.00	0.84	0.31	0.00
1	1	0.00	0.03	0.91	0.40	0.00
1	5	0.00	0.01	5.25	93.17	0.00
2	2	0.00	0.00	0.58	1.38	0.00
2	6	0.00	0.00	0.38	0.59	0.00
3	3	0.00	0.00	0.36	1.18	0.00
3	7	0.00	0.00	0.14	0.49	0.00
Core	CPU	C1%	C3%	C6%	C8%	C9%
-	-	0.00	0.37	8.36	14.03	0.00
0	0	0.01	2.89	57.49	11.99	0.00
0	4	0.00	0.02	1.16	0.58	0.00
1	1	0.00	0.00	1.01	0.70	0.00
1	5	0.00	0.00	4.44	94.02	0.00
2	2	0.00	0.00	0.32	1.09	0.00
2	6	0.00	0.01	1.08	1.78	0.00
3	3	0.00	0.00	0.87	1.49	0.00
3	7	0.00	0.00	0.47	0.59	0.00
Core	CPU	C1%	C3%	C6%	C8%	C9%
-	-	0.00	0.44	8.34	13.36	1.30
0	0	0.01	3.47	57.65	9.51	0.00
0	4	0.00	0.01	0.78	0.30	10.31
1	1	0.00	0.00	0.68	1.19	0.00
1	5	0.00	0.00	4.97	90.76	0.00
2	2	0.00	0.00	0.62	1.86	0.00
2	6	0.00	0.02	0.40	0.80	0.00
3	3	0.00	0.02	1.29	1.10	0.00
3	7	0.00	0.01	0.30	1.38	0.12
Core	CPU	C1%	C3%	C6%	C8%	C9%
-	-	0.04	1.83	8.97	12.42	0.00
0	0	0.00	0.31	7.86	2.12	0.00
0	4	0.00	0.01	0.59	0.40	0.00
1	1	0.00	0.00	0.40	1.10	0.00
1	5	0.00	0.00	5.93	92.73	0.00
2	2	0.00	0.00	0.34	0.90	0.00
2	6	0.29	14.31	56.02	0.00	0.00
3	3	0.00	0.02	0.39	1.00	0.00
3	7	0.00	0.02	0.19	1.10	0.00
Core	CPU	C1%	C3%	C6%	C8%	C9%
-	-	0.03	1.07	10.22	14.09	0.20
0	0	0.05	2.22	40.13	7.28	0.00
0	4	0.00	0.00	0.56	0.72	1.60
1	1	0.02	1.06	12.06	25.31	0.00
1	5	0.02	5.24	24.66	50.63	0.00
2	2	0.18	0.03	2.60	27.01	0.00
2	6	0.00	0.00	0.84	0.29	0.00
3	3	0.00	0.00	0.51	0.59	0.00
3	7	0.00	0.00	0.38	0.88	0.00
Core	CPU	C1%	C3%	C6%	C8%	C9%
-	-	0.01	1.21	9.37	12.98	0.13
0	0	0.03	1.43	34.73	7.98	0.00
0	4	0.00	0.00	0.72	0.32	1.07
1	1	0.07	8.22	34.64	32.46	0.00
1	5	0.00	0.00	0.49	0.61	0.00
2	2	0.00	0.01	3.19	60.94	0.00
2	6	0.00	0.00	0.67	0.30	0.00
3	3	0.00	0.00	0.35	0.69	0.00
3	7	0.00	0.00	0.14	0.58	0.00
Core	CPU	C1%	C3%	C6%	C8%	C9%
-	-	0.02	1.87	9.86	12.77	1.37
0	0	0.00	0.50	13.93	6.08	0.01
0	4	0.00	0.02	0.38	0.77	10.99
1	1	0.17	14.40	56.17	0.00	0.00
1	5	0.00	0.00	0.24	0.40	0.00
2	2	0.00	0.00	6.19	92.04	0.00
2	6	0.00	0.01	0.69	0.00	0.00
3	3	0.00	0.00	0.71	1.39	0.00
3	7	0.00	0.01	0.59	1.48	0.00
Core	CPU	C1%	C3%	C6%	C8%	C9%
-	-	0.02	1.81	9.64	12.25	0.89
0	0	0.00	0.58	12.59	6.54	0.05
0	4	0.00	0.02	0.97	0.20	3.55
1	1	0.00	0.00	6.70	89.22	0.00
1	5	0.00	0.00	0.63	0.50	0.00
2	2	0.18	13.86	54.80	0.00	0.00
2	6	0.00	0.00	0.28	0.62	0.00
3	3	0.00	0.00	0.48	0.50	0.00
3	7	0.01	0.00	0.67	0.39	3.50
Core	CPU	C1%	C3%	C6%	C8%	C9%
-	-	0.00	0.34	7.78	14.19	1.55
0	0	0.03	2.65	54.17	15.37	0.00
0	4	0.00	0.04	0.64	0.50	12.36
1	1	0.00	0.00	2.19	34.05	0.00
1	5	0.00	0.00	0.27	0.69	0.00
2	2	0.00	0.00	4.02	60.64	0.00
2	6	0.00	0.00	0.34	0.70	0.00
3	3	0.00	0.00	0.22	0.30	0.00
3	7	0.00	0.00	0.39	1.29	0.00
Core	CPU	C1%	C3%	C6%	C8%	C9%
-	-	0.00	0.64	9.05	13.66	2.86
0	0	0.01	3.74	56.51	7.06	0.02
0	4	0.00	0.00	0.93	0.40	21.83
1	1	0.00	0.03	1.00	5.59	0.00
1	5	0.00	0.02	0.85	0.10	0.00
2	2	0.00	0.01	6.48	92.04	0.00
2	6	0.00	0.00	0.51	1.58	0.99
3	3	0.03	1.34	5.90	1.18	0.00
3	7	0.00	0.00	0.25	1.38	0.00
Core	CPU	C1%	C3%	C6%	C8%	C9%
-	-	0.04	1.84	8.99	12.31	0.15
0	0	0.01	0.11	8.92	0.65	0.12
0	4	0.00	0.04	0.86	0.61	0.00
1	1	0.00	0.00	0.27	1.09	0.00
1	5	0.00	0.00	0.46	0.79	0.00
2	2	0.00	0.00	4.83	93.86	0.00
2	6	0.00	0.00	0.23	0.99	0.00
3	3	0.29	14.59	55.84	0.00	0.00
3	7	0.00	0.00	0.48	0.49	1.08
Core	CPU	C1%	C3%	C6%	C8%	C9%
-	-	0.04	1.82	8.60	12.13	0.02
0	0	0.01	0.12	5.27	0.37	0.12
0	4	0.00	0.03	1.10	0.39	0.00
1	1	0.00	0.00	0.10	0.80	0.00
1	5	0.00	0.00	0.22	1.09	0.00
2	2	0.00	0.00	5.45	93.22	0.00
2	6	0.00	0.00	0.36	0.79	0.00
3	3	0.29	14.42	56.10	0.00	0.00
3	7	0.00	0.02	0.19	0.41	0.00
Core	CPU	C1%	C3%	C6%	C8%	C9%
-	-	0.00	0.52	7.67	14.11	0.41
0	0	0.03	4.14	52.58	14.98	0.00
0	4	0.00	0.04	1.15	0.69	3.22
1	1	0.00	0.00	0.35	3.38	0.00
1	5	0.00	0.00	0.42	1.19	0.00
2	2	0.00	0.02	5.12	90.85	0.00
2	6	0.00	0.00	0.12	0.50	0.00
3	3	0.00	0.00	1.03	0.31	0.00
3	7	0.00	0.00	0.56	0.99	0.03
Core	CPU	C1%	C3%	C6%	C8%	C9%
-	-	0.04	1.83	9.29	12.43	0.01
0	0	0.00	0.09	11.28	0.82	0.07
0	4	0.00	0.02	1.10	0.29	0.00
1	1	0.00	0.00	0.19	0.88	0.00
1	5	0.00	0.02	0.37	1.28	0.00
2	2	0.00	0.01	4.54	94.16	0.00
2	6	0.00	0.00	0.34	1.78	0.00
3	3	0.29	14.52	55.85	0.00	0.00
3	7	0.00	0.00	0.68	0.20	0.00
Core	CPU	C1%	C3%	C6%	C8%	C9%
-	-	0.04	1.83	9.45	12.30	0.13
0	0	0.00	0.13	11.35	1.35	0.10
0	4	0.00	0.02	0.64	0.61	0.00
1	1	0.00	0.00	1.11	10.65	0.00
1	5	0.00	0.00	0.96	0.72	0.00
2	2	0.00	0.00	4.90	83.43	0.00
2	6	0.00	0.00	0.42	1.28	0.00
3	3	0.28	14.45	55.67	0.00	0.00
3	7	0.00	0.00	0.55	0.41	0.90
Core	CPU	C1%	C3%	C6%	C8%	C9%
-	-	0.04	1.81	8.73	12.16	0.03
0	0	0.01	0.07	5.93	0.32	0.25
0	4	0.00	0.03	0.94	0.79	0.00
1	1	0.00	0.00	0.25	0.80	0.00
1	5	0.00	0.00	0.33	1.10	0.00
2	2	0.00	0.00	5.13	93.56	0.00
2	6	0.00	0.00	0.67	0.29	0.00
3	3	0.35	14.36	56.22	0.00	0.00
3	7	0.00	0.00	0.35	0.40	0.00
Core	CPU	C1%	C3%	C6%	C8%	C9%
-	-	0.00	0.52	9.03	13.40	3.63
0	0	0.01	4.11	63.25	5.41	0.00
0	4	0.00	0.04	1.30	0.60	29.08
1	1	0.00	0.00	0.19	6.07	0.00
1	5	0.00	0.00	0.38	0.79	0.00
2	2	0.00	0.00	5.21	93.34	0.00
2	6	0.00	0.00	0.40	0.69	0.00
3	3	0.00	0.03	0.90	0.30	0.00
3	7	0.00	0.00	0.60	0.00	0.00
Core	CPU	C1%	C3%	C6%	C8%	C9%
-	-	0.01	1.44	8.91	16.02	0.03
0	0	0.01	2.41	25.55	4.02	0.23
0	4	0.00	0.06	0.79	0.43	0.00
1	1	0.09	8.98	37.27	1.80	0.00
1	5	0.00	0.02	0.09	1.00	0.00
2	2	0.00	0.01	6.08	89.82	0.00
2	6	0.00	0.00	0.23	1.29	0.00
3	3	0.00	0.00	0.46	0.70	0.00
3	7	0.01	0.08	0.79	29.07	0.03
Core	CPU	C1%	C3%	C6%	C8%	C9%
-	-	0.00	0.24	7.82	14.17	0.00
0	0	0.01	1.92	54.20	16.16	0.00
0	4	0.00	0.00	1.20	0.00	0.00
1	1	0.00	0.00	0.28	1.29	0.00
1	5	0.00	0.00	0.44	0.70	0.00
2	2	0.00	0.00	5.45	92.87	0.00
2	6	0.00	0.00	0.24	1.19	0.00
3	3	0.00	0.00	0.10	0.88	0.00
3	7	0.00	0.00	0.68	0.30	0.00
Core	CPU	C1%	C3%	C6%	C8%	C9%
-	-	0.00	0.40	7.89	13.81	0.16
0	0	0.02	3.09	54.25	15.20	0.00
0	4	0.00	0.07	0.76	0.21	1.29
1	1	0.00	0.00	0.29	0.60	0.00
1	5	0.00	0.00	0.24	0.89	0.00
2	2	0.00	0.00	5.93	92.39	0.00
2	6	0.00	0.00	0.15	0.59	0.00
3	3	0.00	0.00	0.73	0.20	0.00
3	7	0.00	0.00	0.77	0.39	0.00
Core	CPU	C1%	C3%	C6%	C8%	C9%
-	-	0.00	0.29	7.91	14.12	0.00
0	0	0.01	2.33	54.81	15.21	0.00
0	4	0.00	0.01	1.25	0.00	0.00
1	1	0.00	0.00	0.24	0.89	0.00
1	5	0.00	0.00	0.22	1.09	0.00
2	2	0.00	0.00	5.89	92.43	0.00
2	6	0.00	0.00	0.33	1.09	0.00
3	3	0.00	0.00	0.27	1.09	0.00
3	7	0.00	0.00	0.25	1.19	0.00
Core	CPU	C1%	C3%	C6%	C8%	C9%
-	-	0.00	0.20	7.53	14.52	0.64
0	0	0.01	1.52	51.58	19.08	0.00
0	4	0.00	0.08	0.82	0.62	5.09
1	1	0.00	0.00	0.37	0.40	0.00
1	5	0.00	0.00	0.36	0.79	0.00
2	2	0.00	0.00	6.15	92.11	0.00
2	6	0.00	0.00	0.38	1.59	0.00
3	3	0.00	0.00	0.20	0.99	0.00
3	7	0.00	0.00	0.39	0.59	0.00
Core	CPU	C1%	C3%	C6%	C8%	C9%
-	-	0.00	0.55	7.70	13.90	1.92
0	0	0.02	4.30	53.77	13.55	0.00
0	4	0.00	0.04	1.07	0.51	15.37
1	1	0.00	0.00	0.41	3.49	0.00
1	5	0.00	0.00	0.36	0.79	0.00
2	2	0.00	0.03	4.73	91.09	0.00
2	6	0.00	0.00	0.14	0.58	0.00
3	3	0.00	0.02	0.67	0.40	0.00
3	7	0.00	0.00	0.44	0.78	0.00
Core	CPU	C1%	C3%	C6%	C8%	C9%
-	-	0.00	0.25	7.69	14.36	0.65
0	0	0.01	2.02	54.11	16.05	0.00
0	4	0.00	0.00	1.20	0.00	5.19
1	1	0.00	0.00	0.19	0.89	0.00
1	5	0.00	0.00	0.27	1.28	0.00
2	2	0.00	0.00	4.82	93.60	0.00
2	6	0.00	0.00	0.14	0.99	0.00
3	3	0.00	0.02	0.39	0.90	0.00
3	7	0.00	0.00	0.39	1.19	0.00
Core	CPU	C1%	C3%	C6%	C8%	C9%
-	-	0.02	0.39	7.98	14.48	1.01
0	0	0.01	2.95	53.81	15.47	0.00
0	4	0.00	0.03	1.32	0.28	8.06
1	1	0.08	0.03	2.43	26.94	0.00
1	5	0.09	0.00	0.87	1.38	0.00
2	2	0.00	0.10	4.22	69.26	0.00
2	6	0.00	0.00	0.28	1.57	0.00
3	3	0.00	0.00	0.55	0.10	0.00
3	7	0.00	0.00	0.33	0.88	0.00
Core	CPU	C1%	C3%	C6%	C8%	C9%
-	-	0.00	0.27	7.81	14.24	0.20
0	0	0.02	2.11	53.39	16.64	0.00
0	4	0.00	0.02	1.36	0.10	1.59
1	1	0.00	0.00	1.42	4.42	0.00
1	5	0.00	0.00	0.24	1.09	0.00
2	2	0.00	0.03	5.31	88.34	0.00
2	6	0.00	0.00	0.25	1.38	0.00
3	3	0.00	0.00	0.18	0.99	0.00
3	7	0.00	0.00	0.36	0.99	0.00
Core	CPU	C1%	C3%	C6%	C8%	C9%
-	-	0.00	0.35	8.39	14.75	0.46
0	0	0.01	2.72	58.24	11.45	0.00
0	4	0.00	0.03	0.79	1.10	3.69
1	1	0.00	0.00	1.97	8.53	0.00
1	5	0.00	0.00	0.36	0.79	0.00
2	2	0.00	0.00	4.63	93.85	0.00
2	6	0.00	0.00	0.34	1.18	0.00
3	3	0.00	0.02	0.49	0.30	0.00
3	7	0.00	0.00	0.30	0.79	0.00
Core	CPU	C1%	C3%	C6%	C8%	C9%
-	-	0.01	1.59	8.84	12.79	0.44
0	0	0.01	0.63	16.59	6.47	0.01
0	4	0.00	0.03	2.21	0.82	0.00
1	1	0.05	12.00	45.63	0.99	0.00
1	5	0.00	0.00	0.10	0.99	0.00
2	2	0.00	0.00	5.27	90.97	0.00
2	6	0.00	0.03	0.52	0.20	0.00
3	3	0.00	0.00	0.33	0.89	0.00
3	7	0.01	0.02	0.10	0.99	3.48
Core	CPU	C1%	C3%	C6%	C8%	C9%
-	-	0.00	1.88	9.49	12.51	0.58
0	0	0.00	0.27	12.80	3.28	0.13
0	4	0.00	0.01	1.07	0.40	4.49
1	1	0.04	14.72	55.44	0.00	0.00
1	5	0.00	0.00	0.31	1.19	0.00
2	2	0.00	0.01	5.41	93.22	0.00
2	6	0.00	0.00	0.09	0.99	0.00
3	3	0.00	0.00	0.28	0.79	0.00
3	7	0.00	0.00	0.54	0.19	0.00
Core	CPU	C1%	C3%	C6%	C8%	C9%
-	-	0.00	1.22	8.67	13.52	0.32
0	0	0.01	2.13	31.17	8.82	0.01
0	4	0.00	0.01	1.04	0.40	2.53
1	1	0.03	7.59	31.33	20.15	0.00
1	5	0.00	0.00	0.35	0.81	0.00
2	2	0.00	0.00	4.38	74.90	0.00
2	6	0.00	0.02	0.43	1.20	0.00
3	3	0.00	0.02	0.28	0.90	0.00
3	7	0.00	0.01	0.39	1.00	0.00
Core	CPU	C1%	C3%	C6%	C8%	C9%
-	-	0.00	0.31	8.06	13.99	0.42
0	0	0.01	2.35	55.43	14.39	0.00
0	4	0.00	0.07	1.28	0.79	3.39
1	1	0.00	0.00	5.01	93.37	0.00
1	5	0.00	0.02	0.89	0.30	0.00
2	2	0.00	0.00	0.40	0.79	0.00
2	6	0.00	0.00	0.38	0.89	0.00
3	3	0.00	0.00	0.37	0.69	0.00
3	7	0.00	0.00	0.73	0.70	0.00
Core	CPU	C1%	C3%	C6%	C8%	C9%
-	-	0.00	0.28	7.91	14.06	0.71
0	0	0.01	2.25	56.12	13.86	0.00
0	4	0.00	0.02	1.07	0.22	5.66
1	1	0.00	0.00	4.24	94.16	0.00
1	5	0.00	0.00	0.63	0.19	0.00
2	2	0.00	0.00	0.32	0.79	0.00
2	6	0.00	0.00	0.33	1.09	0.00
3	3	0.00	0.00	0.20	1.08	0.00
3	7	0.00	0.00	0.37	1.09	0.00
Core	CPU	C1%	C3%	C6%	C8%	C9%
-	-	0.00	0.57	7.88	13.87	2.18
0	0	0.01	4.48	55.45	11.82	0.00
0	4	0.00	0.04	1.06	0.40	17.44
1	1	0.00	0.00	4.97	91.09	0.00
1	5	0.00	0.00	0.55	0.80	0.00
2	2	0.00	0.00	0.26	4.26	0.00
2	6	0.00	0.00	0.30	0.98	0.00
3	3	0.00	0.02	0.20	0.90	0.00
3	7	0.00	0.00	0.29	0.69	0.00
Core	CPU	C1%	C3%	C6%	C8%	C9%
-	-	0.00	0.21	7.25	15.10	0.15
0	0	0.02	1.62	50.33	20.04	0.00
0	4	0.00	0.00	0.72	1.41	1.21
1	1	0.00	0.03	5.17	93.14	0.00
1	5	0.00	0.00	0.18	1.10	0.00
2	2	0.00	0.00	0.28	0.79	0.00
2	6	0.00	0.02	0.54	1.77	0.00
3	3	0.00	0.00	0.63	1.59	0.00
3	7	0.00	0.00	0.13	0.99	0.00
Core	CPU	C1%	C3%	C6%	C8%	C9%
-	-	0.00	0.36	7.50	14.43	0.00
0	0	0.02	2.84	52.71	16.71	0.00
0	4	0.00	0.00	0.73	0.81	0.00
1	1	0.00	0.00	3.16	61.06	0.00
1	5	0.00	0.00	0.47	0.81	0.00
2	2	0.00	0.00	2.05	33.17	0.00
2	6	0.00	0.00	0.27	0.89	0.00
3	3	0.00	0.00	0.35	0.99	0.00
3	7	0.00	0.00	0.23	0.99	0.00
Core	CPU	C1%	C3%	C6%	C8%	C9%
-	-	0.00	0.29	7.59	14.35	0.82
0	0	0.03	2.24	53.80	16.11	0.00
0	4	0.00	0.09	0.90	0.40	6.58
1	1	0.00	0.00	4.80	93.54	0.00
1	5	0.00	0.00	0.30	1.08	0.00
2	2	0.00	0.02	0.20	0.69	0.00
2	6	0.00	0.00	0.19	1.39	0.00
3	3	0.00	0.00	0.19	0.88	0.00
3	7	0.00	0.00	0.37	0.69	0.00
Core	CPU	C1%	C3%	C6%	C8%	C9%
-	-	0.00	0.31	8.15	13.77	0.00
0	0	0.01	2.42	57.16	12.77	0.00
0	4	0.00	0.01	1.09	0.00	0.00
1	1	0.00	0.00	1.66	7.97	0.00
1	5	0.00	0.00	0.46	0.69	0.00
2	2	0.00	0.00	3.94	85.66	0.00
2	6	0.00	0.00	0.34	1.38	0.00
3	3	0.00	0.01	0.29	0.89	0.00
3	7	0.00	0.00	0.29	0.78	0.00
Core	CPU	C1%	C3%	C6%	C8%	C9%
-	-	0.00	0.39	7.59	13.70	1.20
0	0	0.01	3.06	52.73	14.81	0.00
0	4	0.00	0.05	1.20	0.30	9.53
1	1	0.00	0.00	0.26	0.89	0.00
1	5	0.00	0.00	0.10	0.98	0.00
2	2	0.00	0.01	5.51	90.24	0.00
2	6	0.00	0.00	0.40	0.79	0.00
3	3	0.00	0.00	0.14	0.79	0.00
3	7	0.00	0.03	0.38	0.79	0.10
Core	CPU	C1%	C3%	C6%	C8%	C9%
-	-	0.00	0.32	7.89	14.22	1.31
0	0	0.02	2.50	56.01	13.85	0.00
0	4	0.00	0.02	0.76	0.89	10.49
1	1	0.00	0.00	0.24	0.89	0.00
1	5	0.00	0.02	0.35	0.60	0.00
2	2	0.00	0.00	4.68	93.77	0.00
2	6	0.00	0.00	0.28	1.28	0.00
3	3	0.00	0.00	0.73	1.97	0.00
3	7	0.00	0.00	0.04	0.50	0.00
Core	CPU	C1%	C3%	C6%	C8%	C9%
-	-	0.03	1.04	8.78	16.99	0.11
0	0	0.09	1.55	35.61	9.53	0.08
0	4	0.07	0.03	1.52	0.11	0.01
1	1	0.04	6.55	27.38	50.50	0.00
1	5	0.00	0.00	0.35	1.18	0.00
2	2	0.00	0.00	2.35	21.32	0.81
2	6	0.00	0.02	0.47	0.69	0.00
3	3	0.00	0.00	1.46	23.27	0.00
3	7	0.01	0.20	1.14	29.32	0.00
Core	CPU	C1%	C3%	C6%	C8%	C9%
-	-	0.01	1.95	9.53	13.34	2.27
0	0	0.00	1.07	12.47	10.89	0.04
0	4	0.00	0.06	1.34	0.00	18.10
1	1	0.05	14.46	55.74	0.00	0.00
1	5	0.00	0.00	0.37	0.71	0.00
2	2	0.00	0.00	0.94	9.54	0.00
2	6	0.00	0.00	0.36	0.69	0.00
3	3	0.00	0.00	4.56	84.66	0.00
3	7	0.00	0.00	0.50	0.20	0.00
Core	CPU	C1%	C3%	C6%	C8%	C9%
-	-	0.01	1.91	9.92	13.31	2.77
0	0	0.00	0.94	14.80	9.92	0.13
0	4	0.00	0.01	1.07	0.39	22.05
1	1	0.07	14.31	56.05	0.00	0.00
1	5	0.00	0.00	0.31	0.81	0.00
2	2	0.00	0.01	6.38	92.22	0.00
2	6	0.00	0.00	0.10	1.58	0.00
3	3	0.00	0.00	0.28	0.89	0.00
3	7	0.00	0.00	0.36	0.70	0.00
Core	CPU	C1%	C3%	C6%	C8%	C9%
-	-	0.00	0.55	8.19	14.19	1.28
0	0	0.01	4.41	55.73	11.50	0.00
0	4	0.00	0.01	1.16	1.00	10.25
1	1	0.00	0.00	1.18	4.37	0.00
1	5	0.00	0.00	0.47	1.18	0.00
2	2	0.00	0.00	4.52	89.62	0.00
2	6	0.00	0.00	0.34	1.39	0.00
3	3	0.00	0.01	1.70	2.99	0.00
3	7	0.00	0.00	0.39	1.48	0.00
Core	CPU	C1%	C3%	C6%	C8%	C9%
-	-	0.00	0.34	8.07	13.78	0.82
0	0	0.01	2.63	57.87	11.90	0.00
0	4	0.00	0.04	0.72	0.40	6.56
1	1	0.00	0.00	0.32	0.60	0.00
1	5	0.00	0.00	0.19	0.90	0.00
2	2	0.00	0.00	0.39	1.09	0.00
2	6	0.00	0.00	0.27	0.89	0.00
3	3	0.00	0.00	4.63	93.77	0.00
3	7	0.00	0.02	0.14	0.69	0.00
Core	CPU	C1%	C3%	C6%	C8%	C9%
-	-	0.00	0.30	7.39	14.99	0.37
0	0	0.03	2.33	51.23	18.58	0.00
0	4	0.00	0.01	1.43	0.95	2.03
1	1	0.00	0.00	0.43	1.09	0.00
1	5	0.00	0.02	0.38	1.10	0.00
2	2	0.00	0.00	0.29	1.69	0.00
2	6	0.00	0.00	0.39	1.57	0.00
3	3	0.00	0.00	4.59	93.64	0.00
3	7	0.00	0.00	0.41	1.28	0.90
Core	CPU	C1%	C3%	C6%	C8%	C9%
-	-	0.00	0.37	8.20	13.86	0.78
0	0	0.01	2.90	56.75	12.66	0.00
0	4	0.00	0.01	0.82	0.61	6.23
1	1	0.00	0.00	0.27	1.48	0.00
1	5	0.00	0.00	0.15	1.09	0.00
2	2	0.00	0.01	5.13	78.07	0.00
2	6	0.00	0.01	1.09	0.78	0.00
3	3	0.00	0.00	0.95	15.74	0.00
3	7	0.00	0.00	0.47	0.49	0.00
Core	CPU	C1%	C3%	C6%	C8%	C9%
-	-	0.01	0.40	8.50	13.40	1.63
0	0	0.11	3.16	59.25	9.95	0.00
0	4	0.00	0.02	1.06	0.20	13.06
1	1	0.00	0.00	0.19	0.70	0.00
1	5	0.00	0.00	0.36	0.69	0.00
2	2	0.00	0.00	4.29	68.13	0.00
2	6	0.00	0.00	0.14	0.40	0.00
3	3	0.00	0.02	2.39	26.28	0.00
3	7	0.00	0.00	0.29	0.89	0.00
Core	CPU	C1%	C3%	C6%	C8%	C9%
-	-	0.00	0.47	8.05	13.83	0.35
0	0	0.01	3.75	55.65	11.27	0.00
0	4	0.00	0.01	1.03	0.31	2.78
1	1	0.00	0.01	0.39	5.86	0.00
1	5	0.00	0.00	0.10	0.99	0.00
2	2	0.00	0.00	6.36	89.35	0.00
2	6	0.00	0.00	0.40	0.59	0.00
3	3	0.00	0.00	0.24	1.09	0.00
3	7	0.00	0.00	0.22	1.19	0.00
Core	CPU	C1%	C3%	C6%	C8%	C9%
-	-	0.00	0.31	8.15	14.47	0.19
0	0	0.01	2.41	56.32	13.62	0.00
0	4	0.00	0.07	1.83	0.60	1.51
1	1	0.00	0.00	0.41	4.39	0.00
1	5	0.00	0.00	0.23	0.70	0.00
2	2	0.00	0.00	5.19	93.26	0.00
2	6	0.00	0.00	0.42	1.09	0.00
3	3	0.00	0.00	0.45	0.69	0.00
3	7	0.00	0.00	0.34	1.37	0.00
Core	CPU	C1%	C3%	C6%	C8%	C9%
-	-	0.00	0.42	8.33	14.74	0.26
0	0	0.01	3.23	56.77	12.45	0.00
0	4	0.00	0.11	1.48	0.49	2.10
1	1	0.00	0.00	0.32	8.51	0.00
1	5	0.00	0.00	0.23	1.08	0.00
2	2	0.00	0.01	6.22	92.08	0.00
2	6	0.00	0.00	0.19	0.99	0.00
3	3	0.00	0.00	0.77	1.18	0.00
3	7	0.00	0.00	0.65	1.17	0.00
Core	CPU	C1%	C3%	C6%	C8%	C9%
-	-	0.00	0.30	8.22	13.83	0.20
0	0	0.01	2.32	57.68	12.37	0.00
0	4	0.00	0.01	1.25	0.59	1.62
1	1	0.00	0.00	0.28	0.89	0.00
1	5	0.00	0.00	0.45	0.69	0.00
2	2	0.00	0.00	4.29	94.10	0.00
2	6	0.00	0.01	0.29	0.59	0.00
3	3	0.00	0.03	1.11	0.71	0.00
3	7	0.00	0.00	0.39	0.69	0.00
Core	CPU	C1%	C3%	C6%	C8%	C9%
-	-	0.04	0.29	8.31	15.61	0.10
0	0	0.02	2.26	55.42	14.68	0.00
0	4	0.00	0.03	2.12	1.19	0.77
1	1	0.29	0.01	1.29	13.74	0.00
1	5	0.00	0.00	0.10	0.78	0.00
2	2	0.00	0.00	5.32	93.09	0.00
2	6	0.00	0.00	0.45	0.50	0.00
3	3	0.00	0.00	0.83	0.29	0.00
3	7	0.00	0.03	0.99	0.57	0.00
Core	CPU	C1%	C3%	C6%	C8%	C9%
-	-	0.01	2.01	9.09	12.12	0.41
0	0	0.00	0.47	9.00	2.30	0.00
0	4	0.00	0.02	0.89	0.30	0.00
1	1	0.05	6.41	18.88	0.89	0.00
1	5	0.00	0.00	0.37	0.88	0.00
2	2	0.05	9.09	36.40	0.30	0.00
2	6	0.01	0.05	0.71	0.89	0.00
3	3	0.00	0.00	5.45	90.78	0.00
3	7	0.00	0.00	1.04	0.60	3.31
Core	CPU	C1%	C3%	C6%	C8%	C9%
-	-	0.20	0.34	8.67	13.40	0.00
0	0	0.02	2.48	56.68	13.11	0.00
0	4	0.00	0.00	6.03	15.72	0.00
1	1	1.52	0.06	0.79	0.29	0.00
1	5	0.04	0.02	0.22	1.10	0.00
2	2	0.00	0.02	1.01	0.99	0.00
2	6	0.00	0.15	0.93	0.30	0.00
3	3	0.00	0.02	3.46	75.13	0.00
3	7	0.00	0.00	0.24	0.60	0.00
Core	CPU	C1%	C3%	C6%	C8%	C9%
-	-	0.00	0.50	9.32	12.62	0.11
0	0	0.01	3.86	60.83	7.93	0.00
0	4	0.00	0.00	7.53	40.60	0.00
1	1	0.00	0.00	0.25	1.98	0.00
1	5	0.00	0.00	0.22	0.59	0.00
2	2	0.00	0.02	0.69	0.40	0.00
2	6	0.00	0.12	1.38	0.40	0.00
3	3	0.00	0.00	3.23	48.29	0.00
3	7	0.00	0.00	0.41	0.79	0.90
Core	CPU	C1%	C3%	C6%	C8%	C9%
-	-	0.00	0.33	8.24	14.15	0.07
0	0	0.01	2.50	58.05	11.84	0.00
0	4	0.00	0.00	1.10	1.96	0.59
1	1	0.00	0.00	0.28	1.28	0.00
1	5	0.00	0.00	0.37	1.28	0.00
2	2	0.00	0.00	0.44	1.38	0.00
2	6	0.00	0.16	1.37	0.60	0.00
3	3	0.00	0.00	3.91	92.91	0.00
3	7	0.00	0.00	0.40	1.97	0.00
Core	CPU	C1%	C3%	C6%	C8%	C9%
-	-	0.01	0.28	7.96	13.81	0.00
0	0	0.02	2.11	56.31	13.85	0.00
0	4	0.02	0.00	0.88	0.00	0.00
1	1	0.00	0.00	0.32	0.30	0.00
1	5	0.00	0.00	0.24	0.70	0.00
2	2	0.00	0.00	0.29	0.89	0.00
2	6	0.00	0.10	1.09	0.30	0.00
3	3	0.00	0.00	4.51	93.88	0.00
3	7	0.00	0.00	0.03	0.59	0.00
Core	CPU	C1%	C3%	C6%	C8%	C9%
-	-	0.00	0.49	8.02	13.63	0.48
0	0	0.02	3.85	56.47	10.98	0.00
0	4	0.00	0.00	0.70	0.42	2.87
1	1	0.00	0.00	0.33	3.47	0.00
1	5	0.00	0.00	0.20	0.70	0.00
2	2	0.00	0.02	0.49	0.98	0.00
2	6	0.00	0.08	0.93	0.59	0.00
3	3	0.00	0.02	4.54	91.40	0.00
3	7	0.00	0.00	0.50	0.53	1.01
Core	CPU	C1%	C3%	C6%	C8%	C9%
-	-	0.00	0.29	7.97	13.99	0.00
0	0	0.02	2.25	56.44	13.63	0.00
0	4	0.00	0.00	0.28	0.41	0.00
1	1	0.00	0.00	0.19	0.89	0.00
1	5	0.00	0.00	0.36	1.19	0.00
2	2	0.00	0.00	0.25	0.89	0.00
2	6	0.00	0.06	0.68	0.79	0.00
3	3	0.00	0.05	5.26	93.02	0.00
3	7	0.00	0.00	0.29	1.09	0.00
Core	CPU	C1%	C3%	C6%	C8%	C9%
-	-	0.00	0.35	7.87	14.07	0.21
0	0	0.02	2.78	55.41	14.23	0.00
0	4	0.00	0.00	0.68	0.18	1.71
1	1	0.00	0.02	0.59	0.80	0.00
1	5	0.00	0.00	0.20	0.70	0.00
2	2	0.00	0.00	0.19	0.89	0.00
2	6	0.00	0.02	1.43	0.70	0.00
3	3	0.00	0.00	4.20	94.18	0.00
3	7	0.00	0.00	0.30	0.89	0.00
Core	CPU	C1%	C3%	C6%	C8%	C9%
-	-	0.00	0.41	9.37	12.54	0.00
0	0	0.01	3.21	63.35	5.97	0.00
0	4	0.00	0.00	7.32	48.66	0.00
1	1	0.00	0.00	0.34	1.99	0.00
1	5	0.00	0.00	0.32	0.79	0.00
2	2	0.00	0.01	0.29	0.41	0.00
2	6	0.00	0.05	1.16	0.30	0.00
3	3	0.00	0.00	1.89	41.41	0.00
3	7	0.00	0.00	0.25	0.79	0.00
Core	CPU	C1%	C3%	C6%	C8%	C9%
-	-	0.00	0.29	8.16	14.55	0.00
0	0	0.02	2.25	57.20	13.56	0.00
0	4	0.00	0.00	0.90	0.71	0.00
1	1	0.00	0.00	0.44	5.12	0.00
1	5	0.00	0.00	0.25	1.19	0.00
2	2	0.00	0.00	0.33	0.99	0.00
2	6	0.00	0.06	1.06	0.00	0.00
3	3	0.00	0.01	4.72	93.72	0.00
3	7	0.00	0.00	0.35	1.09	0.00
Core	CPU	C1%	C3%	C6%	C8%	C9%
-	-	0.02	1.94	9.19	15.75	0.02
0	0	0.00	0.53	10.85	5.36	0.13
0	4	0.00	0.01	0.79	0.30	0.00
1	1	0.13	14.75	50.25	1.48	0.00
1	5	0.00	0.00	0.45	1.19	0.00
2	2	0.00	0.00	0.36	0.69	0.00
2	6	0.00	0.13	0.98	0.90	0.00
3	3	0.00	0.04	8.78	87.04	0.00
3	7	0.01	0.04	1.07	29.07	0.00
Core	CPU	C1%	C3%	C6%	C8%	C9%
-	-	0.00	0.31	8.05	13.97	0.00
0	0	0.03	2.28	56.80	13.29	0.00
0	4	0.00	0.00	0.34	0.31	0.00
1	1	0.00	0.02	0.99	1.58	0.00
1	5	0.00	0.00	0.10	0.79	0.00
2	2	0.00	0.00	0.18	0.89	0.00
2	6	0.00	0.14	1.22	0.50	0.00
3	3	0.00	0.00	4.11	94.28	0.00
3	7	0.00	0.00	0.63	0.11	0.00
Core	CPU	C1%	C3%	C6%	C8%	C9%
-	-	0.00	0.39	8.23	14.52	0.00
0	0	0.02	3.06	57.38	12.06	0.00
0	4	0.00	0.00	0.87	0.11	0.00
1	1	0.00	0.00	1.24	7.89	0.00
1	5	0.00	0.00	0.26	0.99	0.00
2	2	0.00	0.02	0.24	0.60	0.00
2	6	0.00	0.08	1.06	0.10	0.00
3	3	0.00	0.00	4.35	93.95	0.00
3	7	0.00	0.00	0.42	0.49	0.00
Core	CPU	C1%	C3%	C6%	C8%	C9%
-	-	0.00	0.28	7.93	14.24	0.00
0	0	0.02	2.16	56.37	13.81	0.00
0	4	0.00	0.00	0.99	0.00	0.00
1	1	0.00	0.00	0.19	0.89	0.00
1	5	0.00	0.00	0.28	1.09	0.00
2	2	0.00	0.00	0.25	1.19	0.00
2	6	0.00	0.06	0.94	0.89	0.00
3	3	0.00	0.04	3.75	94.59	0.00
3	7	0.00	0.00	0.69	1.48	0.00
Core	CPU	C1%	C3%	C6%	C8%	C9%
-	-	0.00	0.27	8.20	13.65	0.00
0	0	0.03	2.18	57.37	12.83	0.00
0	4	0.00	0.00	0.34	0.30	0.00
1	1	0.00	0.00	0.72	0.20	0.00
1	5	0.00	0.02	0.68	0.10	0.00
2	2	0.00	0.00	0.30	0.89	0.00
2	6	0.00	0.00	1.37	0.40	0.00
3	3	0.00	0.00	4.68	93.68	0.00
3	7	0.00	0.00	0.14	0.79	0.00
Core	CPU	C1%	C3%	C6%	C8%	C9%
-	-	0.00	0.45	7.58	14.22	0.43
0	0	0.02	3.56	52.79	15.21	0.00
0	4	0.00	0.00	0.75	0.61	0.00
1	1	0.00	0.00	0.75	3.31	0.00
1	5	0.00	0.00	0.54	0.60	0.00
2	2	0.00	0.00	0.49	0.40	0.00
2	6	0.00	0.03	0.76	0.70	0.00
3	3	0.00	0.00	4.12	91.80	0.00
3	7	0.00	0.01	0.47	1.17	3.47
Core	CPU	C1%	C3%	C6%	C8%	C9%
-	-	0.02	0.34	8.34	14.01	0.92
0	0	0.02	2.61	58.82	11.17	0.00
0	4	0.00	0.00	1.30	1.67	7.35
1	1	0.00	0.00	0.29	1.97	0.00
1	5	0.00	0.00	0.36	0.80	0.00
2	2	0.00	0.00	0.64	0.50	0.00
2	6	0.00	0.07	0.94	0.59	0.00
3	3	0.00	0.02	4.00	94.40	0.00
3	7	0.12	0.00	0.39	0.98	0.00
Core	CPU	C1%	C3%	C6%	C8%	C9%
-	-	0.00	0.40	8.22	13.72	0.24
0	0	0.02	3.18	57.48	11.84	0.00
0	4	0.00	0.00	0.41	0.59	1.89
1	1	0.00	0.02	0.29	0.79	0.00
1	5	0.00	0.00	0.20	0.70	0.00
2	2	0.00	0.00	0.19	0.99	0.00
2	6	0.00	0.00	1.17	1.18	0.00
3	3	0.00	0.02	5.50	92.87	0.00
3	7	0.00	0.00	0.49	0.79	0.00
Core	CPU	C1%	C3%	C6%	C8%	C9%
-	-	0.00	0.32	8.59	13.36	0.00
0	0	0.03	2.47	60.38	9.36	0.00
0	4	0.00	0.00	1.35	0.20	0.00
1	1	0.00	0.00	0.15	0.99	0.00
1	5	0.00	0.00	0.22	0.79	0.00
2	2	0.00	0.00	0.10	0.60	0.00
2	6	0.00	0.09	0.88	1.58	0.00
3	3	0.00	0.00	5.30	93.07	0.00
3	7	0.00	0.00	0.35	0.30	0.00
Core	CPU	C1%	C3%	C6%	C8%	C9%
-	-	0.00	0.29	8.02	14.98	0.00
0	0	0.02	2.23	56.08	14.03	0.00
0	4	0.00	0.00	1.06	0.30	0.00
1	1	0.00	0.00	0.25	6.02	0.00
1	5	0.00	0.00	0.28	1.38	0.00
2	2	0.00	0.00	0.20	1.19	0.00
2	6	0.00	0.08	1.65	1.58	0.00
3	3	0.00	0.00	3.86	94.54	0.00
3	7	0.00	0.00	0.75	0.79	0.00
Core	CPU	C1%	C3%	C6%	C8%	C9%
-	-	0.00	0.49	7.73	14.24	0.00
0	0	0.02	3.81	54.98	12.85	0.00
0	4	0.00	0.00	0.40	0.20	0.00
1	1	0.00	0.00	0.39	5.17	0.00
1	5	0.00	0.00	0.37	1.18	0.00
2	2	0.00	0.00	0.26	1.18	0.00
2	6	0.00	0.10	1.34	0.40	0.00
3	3	0.00	0.02	3.80	92.03	0.00
3	7	0.00	0.00	0.29	0.89	0.03
Core	CPU	C1%	C3%	C6%	C8%	C9%
-	-	0.00	0.32	8.22	13.81	0.00
0	0	0.02	2.44	58.42	11.54	0.00
0	4	0.00	0.00	0.68	0.11	0.00
1	1	0.00	0.02	0.39	0.80	0.00
1	5	0.00	0.00	0.24	1.39	0.00
2	2	0.00	0.00	0.29	0.98	0.00
2	6	0.00	0.11	1.26	1.19	0.00
3	3	0.00	0.02	4.41	93.98	0.00
3	7	0.00	0.00	0.04	0.49	0.00
Core	CPU	C1%	C3%	C6%	C8%	C9%
-	-	0.00	1.53	9.09	12.88	1.12
0	0	0.01	1.20	24.48	8.02	0.00
0	4	0.00	0.00	1.01	0.38	8.98
1	1	0.01	10.93	38.65	0.59	0.00
1	5	0.00	0.02	0.39	1.19	0.00
2	2	0.00	0.00	0.10	0.60	0.00
2	6	0.00	0.04	0.83	0.50	0.00
3	3	0.00	0.03	7.07	91.28	0.00
3	7	0.00	0.02	0.22	0.50	0.00
Core	CPU	C1%	C3%	C6%	C8%	C9%
-	-	0.00	1.95	10.80	11.32	0.42
0	0	0.00	1.02	9.91	6.59	3.38
0	4	0.00	0.00	16.69	50.85	0.00
1	1	0.03	14.43	55.82	0.00	0.00
1	5	0.00	0.00	0.24	0.71	0.00
2	2	0.00	0.00	0.32	1.00	0.00
2	6	0.00	0.15	0.97	0.50	0.00
3	3	0.00	0.00	1.65	30.45	0.00
3	7	0.00	0.03	0.77	0.50	0.00
Core	CPU	C1%	C3%	C6%	C8%	C9%
-	-	0.00	1.95	11.14	12.17	1.07
0	0	0.00	0.78	11.31	15.67	6.73
0	4	0.00	0.03	20.38	71.38	1.80
1	1	0.00	14.65	55.29	0.00	0.00
1	5	0.00	0.03	0.27	0.58	0.00
2	2	0.00	0.00	0.28	0.99	0.00
2	6	0.00	0.10	0.98	0.49	0.00
3	3	0.00	0.00	0.43	7.29	0.00
3	7	0.00	0.02	0.19	0.99	0.00
Core	CPU	C1%	C3%	C6%	C8%	C9%
-	-	0.00	0.66	11.06	11.20	0.00
0	0	0.01	5.09	64.33	2.17	0.00
0	4	0.00	0.00	19.50	77.12	0.00
1	1	0.00	0.00	1.14	4.26	0.00
1	5	0.00	0.00	0.53	1.30	0.00
2	2	0.00	0.02	0.78	1.29	0.00
2	6	0.00	0.14	1.02	0.59	0.00
3	3	0.00	0.00	0.67	1.09	0.00
3	7	0.00	0.00	0.53	1.81	0.00
Core	CPU	C1%	C3%	C6%	C8%	C9%
-	-	0.00	0.35	8.77	13.23	0.00
0	0	0.03	2.70	61.53	8.03	0.00
0	4	0.00	0.00	3.32	34.60	0.00
1	1	0.00	0.00	0.29	0.79	0.00
1	5	0.00	0.00	0.56	0.39	0.00
2	2	0.00	0.00	0.36	1.38	0.00
2	6	0.00	0.07	1.14	0.69	0.00
3	3	0.00	0.03	2.66	59.17	0.00
3	7	0.00	0.00	0.30	0.79	0.00
Core	CPU	C1%	C3%	C6%	C8%	C9%
-	-	0.00	0.35	7.89	14.11	0.11
0	0	0.03	2.67	55.79	14.00	0.00
0	4	0.00	0.00	0.71	0.20	0.00
1	1	0.00	0.01	0.39	0.79	0.00
1	5	0.00	0.00	0.39	1.68	0.00
2	2	0.00	0.00	0.28	0.99	0.00
2	6	0.00	0.11	1.27	0.50	0.00
3	3	0.00	0.00	4.21	94.18	0.00
3	7	0.00	0.00	0.10	0.59	0.90
Core	CPU	C1%	C3%	C6%	C8%	C9%
-	-	0.00	0.33	8.28	14.06	0.59
0	0	0.02	2.56	58.86	11.00	0.00
0	4	0.00	0.00	0.71	0.00	4.76
1	1	0.00	0.00	0.35	4.17	0.00
1	5	0.00	0.00	0.34	0.89	0.00
2	2	0.00	0.02	0.20	0.90	0.00
2	6	0.00	0.08	1.03	0.50	0.00
3	3	0.00	0.00	4.17	94.25	0.00
3	7	0.00	0.00	0.55	0.79	0.00
Core	CPU	C1%	C3%	C6%	C8%	C9%
-	-	0.00	0.32	8.08	14.46	0.39
0	0	0.02	2.39	56.49	13.48	0.00
0	4	0.00	0.00	0.70	0.00	3.09
1	1	0.00	0.01	0.45	5.77	0.00
1	5	0.00	0.00	0.37	0.99	0.00
2	2	0.00	0.00	0.25	1.09	0.00
2	6	0.00	0.09	1.03	0.39	0.00
3	3	0.00	0.03	5.14	93.23	0.00
3	7	0.00	0.00	0.20	0.69	0.00
Core	CPU	C1%	C3%	C6%	C8%	C9%
-	-	0.00	0.49	7.85	13.86	0.01
0	0	0.01	3.89	55.15	12.59	0.00
0	4	0.00	0.00	0.41	0.51	0.00
1	1	0.00	0.00	0.10	4.08	0.00
1	5	0.00	0.00	0.38	1.08	0.00
2	2	0.00	0.00	0.37	0.79	0.00
2	6	0.00	0.04	1.12	0.00	0.00
3	3	0.00	0.00	5.14	90.73	0.00
3	7	0.00	0.00	0.10	1.09	0.08
Core	CPU	C1%	C3%	C6%	C8%	C9%
-	-	0.00	0.27	8.05	14.34	0.00
0	0	0.03	2.09	56.29	14.08	0.00
0	4	0.00	0.00	0.35	0.99	0.00
1	1	0.00	0.00	1.01	1.47	0.00
1	5	0.00	0.02	1.04	0.59	0.00
2	2	0.00	0.00	0.20	1.18	0.00
2	6	0.00	0.03	1.24	0.59	0.00
3	3	0.00	0.00	3.99	94.30	0.00
3	7	0.00	0.00	0.25	1.48	0.00
Core	CPU	C1%	C3%	C6%	C8%	C9%
-	-	0.00	1.12	8.73	17.18	0.15
0	0	0.01	1.64	35.59	8.39	0.17
0	4	0.00	0.00	0.33	0.61	1.01
1	1	0.01	7.21	25.73	2.78	0.00
1	5	0.00	0.00	0.33	1.39	0.00
2	2	0.00	0.00	0.32	1.10	0.00
2	6	0.00	0.10	1.01	0.80	0.00
3	3	0.00	0.00	5.44	92.78	0.00
3	7	0.01	0.05	1.07	29.58	0.00
Core	CPU	C1%	C3%	C6%	C8%	C9%
-	-	0.00	1.96	9.18	13.14	1.63
0	0	0.00	1.09	10.10	7.28	0.01
0	4	0.00	0.00	0.46	1.28	13.04
1	1	0.02	14.43	55.62	0.00	0.00
1	5	0.00	0.00	0.28	0.90	0.00
2	2	0.00	0.00	0.36	0.79	0.00
2	6	0.00	0.11	1.15	0.60	0.00
3	3	0.00	0.02	4.71	93.86	0.00
3	7	0.00	0.00	0.79	0.40	0.00
Core	CPU	C1%	C3%	C6%	C8%	C9%
-	-	0.00	0.31	8.46	14.08	0.00
0	0	0.01	2.29	58.43	11.53	0.00
0	4	0.00	0.00	0.45	1.39	0.00
1	1	0.00	0.00	1.12	4.40	0.00
1	5	0.00	0.00	0.40	0.51	0.00
2	2	0.00	0.00	0.09	1.00	0.00
2	6	0.00	0.15	1.07	0.40	0.00
3	3	0.00	0.03	5.85	92.51	0.00
3	7	0.00	0.00	0.24	0.89	0.00
Core	CPU	C1%	C3%	C6%	C8%	C9%
-	-	0.00	0.58	7.97	14.25	0.44
0	0	0.01	4.54	55.88	11.60	0.00
0	4	0.00	0.00	0.78	0.00	0.00
1	1	0.00	0.00	0.85	7.83	0.00
1	5	0.00	0.00	0.36	0.69	0.00
2	2	0.00	0.00	0.23	0.70	0.00
2	6	0.00	0.10	1.02	0.59	0.00
3	3	0.00	0.00	4.27	91.97	0.00
3	7	0.00	0.00	0.38	0.59	3.52
Core	CPU	C1%	C3%	C6%	C8%	C9%
-	-	0.00	0.28	7.93	13.98	0.16
0	0	0.02	2.17	56.01	14.12	0.00
0	4	0.00	0.00	0.83	0.00	1.29
1	1	0.00	0.01	0.29	0.78	0.00
1	5	0.00	0.00	0.18	0.97	0.00
2	2	0.00	0.00	0.27	0.78	0.00
2	6	0.00	0.07	1.22	0.10	0.00
3	3	0.00	0.00	4.01	94.37	0.00
3	7	0.00	0.00	0.60	0.69	0.00
Core	CPU	C1%	C3%	C6%	C8%	C9%
-	-	0.00	0.54	10.15	11.87	0.00
0	0	0.00	4.21	64.98	3.40	0.00
0	4	0.00	0.00	13.02	84.85	0.00
1	1	0.00	0.01	0.35	1.68	0.00
1	5	0.00	0.00	0.13	0.99	0.00
2	2	0.00	0.00	0.10	0.99	0.00
2	6	0.00	0.10	1.28	0.60	0.00
3	3	0.00	0.00	0.48	1.18	0.00
3	7	0.00	0.00	0.83	1.28	0.00
Core	CPU	C1%	C3%	C6%	C8%	C9%
-	-	0.00	0.50	10.95	10.96	0.00
0	0	0.00	3.98	68.03	0.64	0.00
0	4	0.00	0.00	16.63	81.77	0.00
1	1	0.00	0.00	0.19	1.08	0.00
1	5	0.00	0.00	0.36	0.30	0.00
2	2	0.00	0.00	0.25	0.89	0.00
2	6	0.00	0.03	1.41	0.99	0.00
3	3	0.00	0.01	0.39	1.00	0.00
3	7	0.00	0.00	0.38	0.99	0.00
Core	CPU	C1%	C3%	C6%	C8%	C9%
-	-	0.00	0.62	11.63	10.21	0.00
0	0	0.00	4.79	68.04	0.10	0.00
0	4	0.00	0.03	21.33	77.04	0.00
1	1	0.00	0.00	0.19	0.40	0.00
1	5	0.00	0.00	0.30	1.28	0.00
2	2	0.00	0.00	0.36	1.19	0.00
2	6	0.00	0.10	1.04	1.18	0.00
3	3	0.00	0.00	0.73	0.00	0.00
3	7	0.00	0.01	0.99	0.50	0.00
Core	CPU	C1%	C3%	C6%	C8%	C9%
-	-	0.00	0.51	8.44	12.91	0.00
0	0	0.02	3.93	56.29	11.29	0.00
0	4	0.00	0.00	4.75	14.38	0.00
1	1	0.00	0.00	0.35	0.78	0.00
1	5	0.00	0.00	0.23	0.58	0.00
2	2	0.00	0.02	0.62	1.39	0.00
2	6	0.00	0.10	1.01	0.00	0.00
3	3	0.00	0.00	3.80	74.16	0.00
3	7	0.00	0.00	0.46	0.69	0.00
Core	CPU	C1%	C3%	C6%	C8%	C9%
-	-	0.00	0.34	8.65	13.81	1.13
0	0	0.02	2.64	58.45	11.25	0.00
0	4	0.00	0.00	2.69	1.73	9.07
1	1	0.00	0.00	0.30	1.39	0.00
1	5	0.00	0.00	0.27	1.19	0.00
2	2	0.00	0.00	0.25	1.09	0.00
2	6	0.00	0.05	1.34	1.39	0.00
3	3	0.00	0.03	5.58	91.18	0.00
3	7	0.00	0.00	0.29	1.25	0.00
Core	CPU	C1%	C3%	C6%	C8%	C9%
-	-	0.00	0.44	8.60	13.57	0.47
0	0	0.02	3.46	58.75	10.34	0.00
0	4	0.00	0.00	2.27	6.70	2.91
1	1	0.00	0.02	0.40	0.89	0.00
1	5	0.00	0.00	0.28	0.99	0.00
2	2	0.00	0.00	0.39	1.58	0.00
2	6	0.00	0.04	1.21	0.79	0.00
3	3	0.00	0.03	4.93	86.70	0.00
3	7	0.00	0.00	0.59	0.59	0.82
Core	CPU	C1%	C3%	C6%	C8%	C9%
-	-	0.02	0.64	9.02	14.60	0.21
0	0	0.01	1.90	47.30	14.74	1.65
0	4	0.00	0.00	4.82	21.18	0.00
1	1	0.14	3.12	13.57	4.08	0.00
1	5	0.04	0.00	0.24	1.10	0.00
2	2	0.00	0.02	1.16	1.82	0.00
2	6	0.00	0.04	1.26	0.59	0.00
3	3	0.00	0.01	3.39	72.10	0.00
3	7	0.00	0.00	0.40	1.18	0.00
Core	CPU	C1%	C3%	C6%	C8%	C9%
-	-	0.00	1.95	11.38	12.04	0.99
0	0	0.00	0.83	10.55	16.87	7.90
0	4	0.00	0.00	21.61	76.77	0.00
1	1	0.01	14.71	55.06	0.00	0.00
1	5	0.00	0.00	0.96	0.30	0.00
2	2	0.00	0.00	0.44	0.70	0.00
2	6	0.00	0.03	1.22	0.40	0.00
3	3	0.00	0.02	0.89	0.39	0.00
3	7	0.00	0.01	0.29	0.89	0.00
Core	CPU	C1%	C3%	C6%	C8%	C9%
-	-	0.00	2.04	10.23	12.27	0.95
0	0	0.00	0.84	10.48	13.27	6.30
0	4	0.00	0.00	13.34	44.98	1.30
1	1	0.00	15.33	53.38	0.40	0.00
1	5	0.00	0.00	0.44	1.11	0.00
2	2	0.00	0.00	0.14	0.59	0.00
2	6	0.00	0.13	0.87	1.01	0.00
3	3	0.00	0.01	2.49	36.31	0.00
3	7	0.00	0.00	0.70	0.48	0.00
Core	CPU	C1%	C3%	C6%	C8%	C9%
-	-	0.00	0.94	10.31	12.08	1.72
0	0	0.00	2.76	48.33	5.16	0.11
0	4	0.00	0.05	8.98	55.13	13.68
1	1	0.00	4.53	17.75	0.50	0.00
1	5	0.00	0.02	1.07	0.51	0.00
2	2	0.00	0.00	0.29	1.20	0.00
2	6	0.00	0.13	1.16	0.50	0.00
3	3	0.00	0.00	4.41	32.42	0.00
3	7	0.00	0.00	0.52	1.20	0.00
Core	CPU	C1%	C3%	C6%	C8%	C9%
-	-	0.10	0.34	7.85	14.36	0.04
0	0	0.02	2.63	54.45	15.31	0.00
0	4	0.00	0.00	1.03	3.75	0.28
1	1	0.00	0.00	0.36	0.79	0.00
1	5	0.00	0.00	0.24	0.60	0.00
2	2	0.00	0.00	1.22	0.89	0.00
2	6	0.00	0.06	1.21	1.18	0.00
3	3	0.00	0.00	3.76	91.26	0.00
3	7	0.78	0.00	0.55	1.09	0.00
Core	CPU	C1%	C3%	C6%	C8%	C9%
-	-	0.00	0.29	7.86	14.13	0.00
0	0	0.03	2.24	55.81	14.21	0.00
0	4	0.00	0.02	0.60	0.00	0.00
1	1	0.00	0.00	0.10	0.89	0.00
1	5	0.00	0.00	0.33	0.68	0.00
2	2	0.00	0.00	0.56	1.48	0.00
2	6	0.00	0.08	1.26	0.89	0.00
3	3	0.00	0.00	4.10	94.28	0.00
3	7	0.00	0.00	0.10	0.59	0.00
Core	CPU	C1%	C3%	C6%	C8%	C9%
-	-	0.00	0.31	8.28	14.49	0.12
0	0	0.03	2.40	56.81	13.17	0.00
0	4	0.00	0.03	0.65	0.59	0.99
1	1	0.00	0.00	0.36	3.99	0.00
1	5	0.00	0.00	0.40	1.97	0.00
2	2	0.00	0.00	1.06	1.19	0.00
2	6	0.00	0.03	1.48	0.49	0.00
3	3	0.00	0.01	5.16	93.23	0.00
3	7	0.00	0.02	0.29	1.29	0.00
Core	CPU	C1%	C3%	C6%	C8%	C9%
-	-	0.00	0.50	7.75	14.00	0.00
0	0	0.01	3.88	53.87	13.93	0.00
0	4	0.00	0.00	0.85	0.11	0.00
1	1	0.00	0.00	0.45	2.59	0.00
1	5	0.00	0.00	0.31	1.09	0.00
2	2	0.00	0.01	0.39	0.80	0.00
2	6	0.00	0.10	0.87	0.99	0.00
3	3	0.00	0.03	4.77	91.38	0.00
3	7	0.00	0.00	0.45	1.08	0.00
Core	CPU	C1%	C3%	C6%	C8%	C9%
-	-	0.00	0.28	8.14	13.87	0.56
0	0	0.02	2.19	58.06	12.10	0.00
0	4	0.00	0.00	0.59	0.50	4.46
1	1	0.00	0.00	0.28	0.79	0.00
1	5	0.00	0.00	0.37	0.89	0.00
2	2	0.00	0.00	0.25	1.09	0.00
2	6	0.00	0.03	1.29	0.30	0.00
3	3	0.00	0.01	3.96	94.42	0.00
3	7	0.00	0.00	0.30	0.89	0.00
Core	CPU	C1%	C3%	C6%	C8%	C9%
-	-	0.00	0.45	8.21	13.71	1.16
0	0	0.02	3.53	59.17	9.69	0.00
0	4	0.00	0.00	0.74	0.29	9.26
1	1	0.00	0.00	0.32	1.09	0.00
1	5	0.00	0.00	0.19	1.09	0.00
2	2	0.00	0.00	0.30	1.08	0.00
2	6	0.00	0.10	0.88	0.89	0.00
3	3	0.00	0.00	3.76	94.38	0.00
3	7	0.00	0.00	0.36	1.18	0.00
Core	CPU	C1%	C3%	C6%	C8%	C9%
-	-	0.08	0.33	8.81	15.26	0.54
0	0	0.02	2.56	57.51	12.32	0.00
0	4	0.00	0.00	0.96	0.39	4.30
1	1	0.59	0.00	5.36	12.38	0.00
1	5	0.00	0.00	0.13	0.99	0.00
2	2	0.00	0.00	0.19	1.19	0.00
2	6	0.00	0.03	1.18	0.50	0.00
3	3	0.00	0.02	4.91	93.50	0.00
3	7	0.00	0.00	0.26	0.79	0.00
Core	CPU	C1%	C3%	C6%	C8%	C9%
-	-	0.00	0.30	8.01	15.25	0.00
0	0	0.02	2.28	56.02	14.02	0.00
0	4	0.00	0.00	0.61	0.19	0.00
1	1	0.00	0.00	0.86	10.87	0.00
1	5	0.00	0.00	0.45	0.69	0.00
2	2	0.00	0.00	0.34	1.09	0.00
2	6	0.00	0.12	1.07	0.50	0.00
3	3	0.00	0.00	4.40	93.95	0.00
3	7	0.00	0.00	0.38	0.69	0.00
Core	CPU	C1%	C3%	C6%	C8%	C9%
-	-	0.00	0.53	8.54	17.81	0.16
0	0	0.02	4.10	55.47	12.02	0.00
0	4	0.00	0.02	1.90	0.21	1.29
1	1	0.00	0.00	1.41	7.66	0.00
1	5	0.00	0.00	0.44	2.57	0.00
2	2	0.00	0.00	0.27	0.98	0.00
2	6	0.00	0.04	1.21	0.50	0.00
3	3	0.00	0.00	6.33	89.46	0.00
3	7	0.01	0.10	1.28	29.10	0.00
Core	CPU	C1%	C3%	C6%	C8%	C9%
-	-	0.00	0.32	8.15	14.01	0.00
0	0	0.02	2.44	57.44	12.52	0.00
0	4	0.00	0.00	0.65	0.51	0.00
1	1	0.00	0.00	0.34	1.38	0.00
1	5	0.00	0.00	0.41	1.19	0.00
2	2	0.00	0.00	0.20	1.19	0.00
2	6	0.00	0.09	1.31	0.30	0.00
3	3	0.00	0.00	3.94	94.46	0.00
3	7	0.00	0.00	0.90	0.58	0.00
Core	CPU	C1%	C3%	C6%	C8%	C9%
-	-	0.00	0.36	7.88	14.24	0.27
0	0	0.03	2.89	55.39	14.10	0.00
0	4	0.00	0.00	0.18	1.00	2.20
1	1	0.00	0.00	0.37	1.29	0.00
1	5	0.00	0.00	0.36	1.19	0.00
2	2	0.00	0.00	0.34	0.99	0.00
2	6	0.00	0.00	1.14	0.59	0.00
3	3	0.00	0.02	4.85	93.51	0.00
3	7	0.00	0.00	0.38	1.29	0.00
Core	CPU	C1%	C3%	C6%	C8%	C9%
-	-	0.00	0.28	8.07	13.91	0.00
0	0	0.03	2.19	56.90	13.25	0.00
0	4	0.00	0.00	0.33	0.80	0.00
1	1	0.00	0.00	0.71	0.50	0.00
1	5	0.00	0.00	0.68	0.70	0.00
2	2	0.00	0.00	0.58	0.60	0.00
2	6	0.00	0.05	0.74	0.80	0.00
3	3	0.00	0.00	4.37	93.98	0.00
3	7	0.00	0.00	0.23	0.69	0.00
Core	CPU	C1%	C3%	C6%	C8%	C9%
-	-	0.24	0.32	8.20	14.40	0.00
0	0	0.02	2.53	57.91	11.96	0.00
0	4	0.00	0.00	0.47	0.30	0.00
1	1	1.88	0.00	1.14	5.75	0.00
1	5	0.00	0.00	0.19	0.70	0.00
2	2	0.00	0.02	0.31	1.19	0.00
2	6	0.00	0.05	1.16	0.40	0.00
3	3	0.00	0.00	4.06	94.34	0.00
3	7	0.00	0.00	0.36	0.59	0.00
Core	CPU	C1%	C3%	C6%	C8%	C9%
-	-	0.00	0.47	7.36	14.30	0.87
0	0	0.02	3.62	52.47	15.55	0.00
0	4	0.00	0.00	0.49	0.00	6.95
1	1	0.00	0.00	0.29	2.78	0.00
1	5	0.00	0.00	0.36	1.19	0.00
2	2	0.00	0.00	0.26	1.08	0.00
2	6	0.00	0.15	0.78	0.69	0.00
3	3	0.00	0.02	3.95	91.96	0.00
3	7	0.00	0.00	0.29	1.18	0.03
Core	CPU	C1%	C3%	C6%	C8%	C9%
-	-	0.00	0.31	8.32	13.78	0.00
0	0	0.02	2.40	58.79	11.09	0.00
0	4	0.00	0.00	0.83	0.40	0.00
1	1	0.00	0.00	0.81	1.59	0.00
1	5	0.00	0.00	0.39	0.60	0.00
2	2	0.00	0.00	0.28	0.99	0.00
2	6	0.00	0.09	1.20	0.10	0.00
3	3	0.00	0.01	3.93	94.46	0.00
3	7	0.00	0.00	0.31	0.98	0.00
Core	CPU	C1%	C3%	C6%	C8%	C9%
-	-	0.00	0.51	9.67	12.67	0.00
0	0	0.01	3.99	62.81	5.87	0.00
0	4	0.00	0.00	9.35	55.92	0.00
1	1	0.00	0.00	0.61	3.85	0.00
1	5	0.00	0.00	0.43	0.79	0.00
2	2	0.00	0.02	0.29	0.80	0.00
2	6	0.00	0.10	1.02	0.00	0.00
3	3	0.00	0.00	2.35	33.36	0.00
3	7	0.00	0.00	0.46	0.77	0.00
Core	CPU	C1%	C3%	C6%	C8%	C9%
-	-	0.00	0.51	10.06	11.93	0.00
0	0	0.00	4.02	68.42	0.21	0.00
0	4	0.00	0.00	8.92	89.50	0.00
1	1	0.00	0.00	0.39	0.79	0.00
1	5	0.00	0.00	0.57	1.08	0.00
2	2	0.00	0.00	0.25	0.89	0.00
2	6	0.00	0.08	1.16	0.69	0.00
3	3	0.00	0.01	0.49	1.19	0.00
3	7	0.00	0.00	0.30	1.08	0.00
Core	CPU	C1%	C3%	C6%	C8%	C9%
-	-	0.00	0.50	9.77	12.06	0.00
0	0	0.00	3.89	68.23	0.43	0.00
0	4	0.00	0.00	7.04	91.37	0.00
1	1	0.00	0.02	0.69	0.50	0.00
1	5	0.00	0.00	0.28	1.00	0.00
2	2	0.00	0.00	0.29	0.98	0.00
2	6	0.00	0.08	0.87	0.50	0.00
3	3	0.00	0.00	0.34	0.89	0.00
3	7	0.00	0.03	0.39	0.79	0.00
Core	CPU	C1%	C3%	C6%	C8%	C9%
-	-	0.01	0.50	8.77	12.62	0.24
0	0	0.02	3.87	60.40	6.63	0.99
0	4	0.00	0.00	4.63	49.16	0.00
1	1	0.00	0.00	0.62	0.79	0.00
1	5	0.00	0.00	0.60	0.30	0.00
2	2	0.00	0.00	0.29	0.79	0.00
2	6	0.05	0.14	1.09	0.59	0.00
3	3	0.00	0.00	2.15	41.52	0.00
3	7	0.00	0.00	0.34	1.18	0.90
Core	CPU	C1%	C3%	C6%	C8%	C9%
-	-	0.00	0.42	10.75	11.45	0.00
0	0	0.01	3.27	64.74	4.44	0.00
0	4	0.01	0.00	15.50	50.07	0.00
1	1	0.00	0.00	0.55	1.03	0.00
1	5	0.00	0.00	0.34	1.57	0.00
2	2	0.00	0.00	0.72	0.40	0.00
2	6	0.00	0.10	1.28	0.41	0.00
3	3	0.00	0.00	2.46	32.96	0.00
3	7	0.00	0.01	0.40	0.69	0.00
Core	CPU	C1%	C3%	C6%	C8%	C9%
-	-	0.00	0.56	9.93	12.40	0.10
0	0	0.01	4.47	67.23	0.97	0.00
0	4	0.00	0.00	7.51	90.87	0.00
1	1	0.00	0.00	0.65	1.19	0.00
1	5	0.00	0.00	0.34	1.78	0.00
2	2	0.00	0.02	0.77	1.39	0.00
2	6	0.00	0.03	1.35	0.80	0.00
3	3	0.00	0.00	0.39	1.18	0.00
3	7	0.00	0.00	1.21	0.98	0.81
Core	CPU	C1%	C3%	C6%	C8%	C9%
-	-	0.00	0.50	10.03	11.75	0.00
0	0	0.00	4.00	68.28	0.33	0.00
0	4	0.00	0.00	9.58	88.85	0.00
1	1	0.00	0.00	0.19	0.89	0.00
1	5	0.00	0.00	0.69	1.29	0.00
2	2	0.00	0.00	0.26	0.98	0.00
2	6	0.00	0.00	0.51	0.39	0.00
3	3	0.00	0.02	0.19	0.40	0.00
3	7	0.00	0.00	0.51	0.89	0.00
Core	CPU	C1%	C3%	C6%	C8%	C9%
-	-	0.00	0.48	9.41	12.62	0.00
0	0	0.00	3.79	66.29	2.37	0.00
0	4	0.00	0.00	6.43	91.95	0.00
1	1	0.00	0.02	0.49	1.19	0.00
1	5	0.00	0.00	0.20	0.99	0.00
2	2	0.00	0.00	0.49	1.28	0.00
2	6	0.00	0.00	0.37	0.98	0.00
3	3	0.00	0.00	0.25	1.38	0.00
3	7	0.00	0.03	0.73	0.79	0.00
Core	CPU	C1%	C3%	C6%	C8%	C9%
-	-	0.01	0.80	9.83	12.07	0.43
0	0	0.03	6.34	64.62	2.16	0.00
0	4	0.00	0.00	11.45	85.33	0.00
1	1	0.00	0.00	0.35	3.27	0.00
1	5	0.00	0.00	0.28	0.69	0.00
2	2	0.00	0.02	0.58	1.39	0.00
2	6	0.00	0.00	0.10	0.99	0.00
3	3	0.00	0.00	0.38	2.08	0.00
3	7	0.01	0.02	0.87	0.69	3.48
Core	CPU	C1%	C3%	C6%	C8%	C9%
-	-	0.00	0.50	9.69	12.05	0.00
0	0	0.00	4.00	68.00	0.54	0.00
0	4	0.00	0.00	7.12	91.29	0.00
1	1	0.00	0.00	0.18	0.79	0.00
1	5	0.00	0.00	0.37	0.99	0.00
2	2	0.00	0.00	0.54	0.89	0.00
2	6	0.00	0.00	0.43	1.28	0.00
3	3	0.00	0.01	0.39	0.21	0.00
3	7	0.00	0.02	0.52	0.38	0.00
Core	CPU	C1%	C3%	C6%	C8%	C9%
-	-	0.00	0.64	10.59	11.15	0.00
0	0	0.00	5.10	66.82	0.86	0.00
0	4	0.00	0.00	15.44	82.95	0.00
1	1	0.00	0.02	0.20	0.89	0.00
1	5	0.00	0.00	0.19	0.88	0.00
2	2	0.00	0.00	0.64	1.19	0.00
2	6	0.00	0.00	0.27	0.79	0.00
3	3	0.00	0.00	0.26	1.18	0.00
3	7	0.00	0.03	0.89	0.49	0.00
Core	CPU	C1%	C3%	C6%	C8%	C9%
-	-	0.01	0.91	10.16	11.42	0.16
0	0	0.00	2.86	49.56	0.71	1.29
0	4	0.00	0.00	12.77	85.70	0.00
1	1	0.00	0.02	0.29	0.60	0.00
1	5	0.00	0.00	0.15	0.50	0.00
2	2	0.00	0.00	0.28	0.89	0.00
2	6	0.00	0.00	0.47	0.99	0.00
3	3	0.07	4.36	16.94	0.59	0.00
3	7	0.00	0.05	0.80	1.37	0.00
Core	CPU	C1%	C3%	C6%	C8%	C9%
-	-	0.03	1.81	11.04	10.39	1.59
0	0	0.00	0.24	10.60	1.75	12.69
0	4	0.00	0.00	20.70	77.90	0.00
1	1	0.00	0.00	0.25	0.80	0.00
1	5	0.00	0.00	0.33	1.20	0.00
2	2	0.00	0.00	0.32	0.41	0.00
2	6	0.00	0.02	0.13	0.80	0.00
3	3	0.24	14.21	55.38	0.00	0.00
3	7	0.00	0.04	0.63	0.30	0.00
Core	CPU	C1%	C3%	C6%	C8%	C9%
-	-	0.03	1.90	10.54	10.55	0.92
0	0	0.00	0.31	9.13	2.02	7.35
0	4	0.00	0.00	18.75	77.26	0.00
1	1	0.00	0.00	0.28	1.10	0.00
1	5	0.00	0.00	0.29	1.18	0.00
2	2	0.00	0.00	0.47	0.88	0.00
2	6	0.00	0.00	0.35	1.29	0.00
3	3	0.22	14.89	54.19	0.00	0.00
3	7	0.00	0.00	0.88	0.70	0.00
Core	CPU	C1%	C3%	C6%	C8%	C9%
-	-	0.03	1.82	10.18	11.46	0.42
0	0	0.00	0.17	10.69	2.21	3.35
0	4	0.00	0.00	13.11	85.44	0.00
1	1	0.00	0.00	0.24	0.50	0.00
1	5	0.00	0.00	0.26	0.69	0.00
2	2	0.00	0.00	0.09	0.60	0.00
2	6	0.00	0.00	0.38	1.69	0.00
3	3	0.23	14.31	55.72	0.00	0.00
3	7	0.00	0.04	0.93	0.59	0.00
Core	CPU	C1%	C3%	C6%	C8%	C9%
-	-	0.01	2.32	14.26	9.03	9.17
0	0	0.00	3.56	54.17	38.02	0.00
0	4	0.00	0.00	0.76	0.87	72.41
1	1	0.05	14.10	52.39	0.60	0.00
1	5	0.00	0.00	0.67	1.28	0.00
2	2	0.00	0.00	0.24	1.38	0.00
2	6	0.00	0.10	0.51	1.39	0.00
3	3	0.01	0.69	3.72	0.40	0.00
3	7	0.01	0.08	1.61	28.30	0.90
Core	CPU	C1%	C3%	C6%	C8%	C9%
-	-	0.00	0.27	8.33	13.92	5.88
0	0	0.02	2.06	56.72	13.57	0.00
0	4	0.00	0.04	0.99	0.40	0.00
1	1	0.00	0.02	1.19	0.99	0.00
1	5	0.00	0.00	0.70	1.09	0.00
2	2	0.00	0.00	0.39	0.99	47.07
2	6	0.00	0.00	0.96	0.30	0.00
3	3	0.00	0.00	4.68	93.57	0.00
3	7	0.00	0.03	0.99	0.50	0.00
Core	CPU	C1%	C3%	C6%	C8%	C9%
-	-	0.00	0.28	7.83	14.78	0.00
0	0	0.01	2.23	56.67	13.49	0.00
0	4	0.00	0.00	0.36	0.51	0.00
1	1	0.00	0.00	0.35	6.21	0.00
1	5	0.00	0.00	0.45	1.30	0.00
2	2	0.00	0.02	0.30	0.79	0.00
2	6	0.00	0.00	0.29	0.90	0.00
3	3	0.00	0.00	3.95	94.45	0.00
3	7	0.00	0.00	0.26	0.59	0.00
Core	CPU	C1%	C3%	C6%	C8%	C9%
-	-	0.00	0.35	7.46	14.66	0.00
0	0	0.02	2.74	53.29	14.57	0.00
0	4	0.00	0.00	0.29	0.68	0.00
1	1	0.00	0.00	0.75	7.36	0.00
1	5	0.00	0.00	0.65	0.80	0.00
2	2	0.00	0.00	0.23	0.89	0.00
2	6	0.00	0.02	0.13	0.70	0.00
3	3	0.00	0.00	3.95	91.67	0.00
3	7	0.00	0.00	0.38	0.59	0.00
Core	CPU	C1%	C3%	C6%	C8%	C9%
-	-	0.00	0.25	7.83	15.35	0.00
0	0	0.02	2.00	55.88	14.47	0.00
0	4	0.00	0.02	0.49	0.00	0.00
1	1	0.00	0.00	0.95	9.05	0.00
1	5	0.00	0.00	0.50	1.50	0.00
2	2	0.00	0.00	0.26	1.18	0.00
2	6	0.00	0.00	0.35	1.18	0.00
3	3	0.00	0.01	4.04	94.35	0.00
3	7	0.00	0.00	0.20	1.09	0.00
Core	CPU	C1%	C3%	C6%	C8%	C9%
-	-	0.00	0.36	8.06	14.63	0.09
0	0	0.02	2.80	55.44	14.25	0.00
0	4	0.00	0.00	0.70	0.29	0.00
1	1	0.00	0.00	0.78	6.34	0.00
1	5	0.00	0.00	0.58	1.00	0.00
2	2	0.00	0.00	0.51	1.18	0.71
2	6	0.00	0.00	0.14	0.99	0.00
3	3	0.00	0.06	6.21	92.06	0.00
3	7	0.00	0.00	0.10	0.89	0.00
Core	CPU	C1%	C3%	C6%	C8%	C9%
-	-	0.00	0.32	8.15	14.43	0.18
0	0	0.02	2.54	58.03	11.85	0.00
0	4	0.00	0.00	0.52	0.70	1.40
1	1	0.00	0.00	0.90	5.15	0.00
1	5	0.00	0.00	0.41	1.49	0.00
2	2	0.00	0.00	0.39	0.59	0.00
2	6	0.00	0.00	0.28	0.98	0.00
3	3	0.00	0.00	4.43	93.99	0.00
3	7	0.00	0.00	0.21	0.69	0.00
Core	CPU	C1%	C3%	C6%	C8%	C9%
-	-	0.00	0.25	7.79	15.21	0.00
0	0	0.02	1.97	54.49	15.85	0.00
0	4	0.00	0.00	1.05	0.11	0.00
1	1	0.00	0.00	0.73	8.43	0.00
1	5	0.00	0.03	0.63	0.99	0.00
2	2	0.00	0.01	0.29	0.61	0.00
2	6	0.00	0.00	0.10	0.89	0.00
3	3	0.00	0.00	4.48	93.90	0.00
3	7	0.00	0.00	0.58	0.89	0.00
Core	CPU	C1%	C3%	C6%	C8%	C9%
-	-	0.00	0.38	7.49	14.64	0.22
0	0	0.02	2.98	52.29	15.66	0.00
0	4	0.00	0.03	0.63	0.11	0.00
1	1	0.00	0.00	0.95	7.46	0.00
1	5	0.00	0.01	0.65	0.79	0.00
2	2	0.00	0.00	0.13	0.40	0.00
2	6	0.00	0.02	0.10	0.40	0.00
3	3	0.00	0.00	4.89	91.28	0.00
3	7	0.00	0.00	0.28	0.99	1.77
Core	CPU	C1%	C3%	C6%	C8%	C9%
-	-	0.00	0.26	7.93	14.30	0.08
0	0	0.02	2.00	55.42	14.88	0.00
0	4	0.00	0.00	0.62	0.30	0.61
1	1	0.00	0.01	0.98	2.20	0.00
1	5	0.00	0.01	0.58	1.19	0.00
2	2	0.00	0.00	0.28	0.87	0.00
2	6	0.00	0.00	0.43	0.70	0.00
3	3	0.00	0.00	4.93	93.41	0.00
3	7	0.00	0.02	0.19	0.89	0.00
Core	CPU	C1%	C3%	C6%	C8%	C9%
-	-	0.08	0.41	8.27	14.84	1.03
0	0	0.02	3.14	55.19	12.54	0.02
0	4	0.00	0.04	3.52	1.81	8.25
1	1	0.58	0.00	1.29	6.44	0.00
1	5	0.00	0.09	0.66	1.58	0.00
2	2	0.00	0.00	0.27	0.60	0.00
2	6	0.00	0.00	0.27	1.48	0.00
3	3	0.00	0.00	4.84	93.47	0.00
3	7	0.00	0.00	0.15	0.79	0.00
Core	CPU	C1%	C3%	C6%	C8%	C9%
-	-	0.00	0.25	7.94	14.07	0.00
0	0	0.02	1.99	56.32	14.00	0.00
0	4	0.00	0.00	0.87	0.29	0.00
1	1	0.00	0.00	0.56	0.49	0.00
1	5	0.00	0.00	0.62	1.38	0.00
2	2	0.00	0.00	0.10	0.79	0.00
2	6	0.00	0.00	0.23	1.19	0.00
3	3	0.00	0.00	4.47	93.91	0.00
3	7	0.00	0.02	0.35	0.49	0.00
Core	CPU	C1%	C3%	C6%	C8%	C9%
-	-	0.00	0.31	8.36	13.80	0.00
0	0	0.02	2.42	58.45	11.42	0.00
0	4	0.00	0.00	0.78	0.11	0.00
1	1	0.00	0.00	0.59	0.69	0.00
1	5	0.00	0.00	0.53	1.58	0.00
2	2	0.00	0.00	0.65	0.79	0.00
2	6	0.00	0.00	0.29	1.38	0.00
3	3	0.00	0.03	4.65	93.71	0.00
3	7	0.00	0.00	0.99	0.69	0.00
Core	CPU	C1%	C3%	C6%	C8%	C9%
-	-	0.00	0.56	7.96	13.83	0.00
0	0	0.03	4.49	55.22	12.43	0.00
0	4	0.00	0.00	0.74	0.00	0.00
1	1	0.00	0.00	0.91	3.31	0.00
1	5	0.00	0.01	1.10	0.50	0.00
2	2	0.00	0.00	0.30	1.08	0.00
2	6	0.00	0.00	0.38	0.59	0.00
3	3	0.00	0.00	4.76	91.82	0.00
3	7	0.00	0.02	0.24	0.89	0.00
Core	CPU	C1%	C3%	C6%	C8%	C9%
-	-	0.00	0.26	7.89	15.14	0.05
0	0	0.02	2.01	56.73	13.59	0.00
0	4	0.00	0.00	0.46	0.60	0.00
1	1	0.00	0.00	0.63	8.77	0.41
1	5	0.00	0.04	0.53	1.00	0.00
2	2	0.00	0.02	0.38	0.90	0.00
2	6	0.00	0.00	0.29	0.90	0.00
3	3	0.00	0.00	3.77	94.64	0.00
3	7	0.00	0.00	0.36	0.70	0.00
Core	CPU	C1%	C3%	C6%	C8%	C9%
-	-	0.03	0.38	7.97	15.49	0.55
0	0	0.01	2.99	55.94	13.59	0.00
0	4	0.20	0.01	0.50	0.00	4.38
1	1	0.00	0.00	0.94	12.97	0.00
1	5	0.00	0.00	0.69	1.38	0.00
2	2	0.00	0.00	0.35	0.99	0.00
2	6	0.00	0.00	0.24	0.89	0.00
3	3	0.00	0.02	4.84	93.53	0.00
3	7	0.00	0.00	0.30	0.59	0.00
Core	CPU	C1%	C3%	C6%	C8%	C9%
-	-	0.01	0.84	10.27	12.29	0.30
0	0	0.01	1.93	57.05	21.14	0.00
0	4	0.00	0.00	0.38	0.71	2.41
1	1	0.00	0.00	0.96	11.40	0.00
1	5	0.00	0.00	0.88	0.90	0.00
2	2	0.00	0.00	0.26	0.89	0.00
2	6	0.00	0.00	0.31	0.59	0.00
3	3	0.07	4.81	22.21	61.92	0.00
3	7	0.00	0.00	0.10	0.80	0.00
Core	CPU	C1%	C3%	C6%	C8%	C9%
-	-	0.02	1.90	13.98	7.72	2.79
0	0	0.00	0.90	52.47	41.94	0.00
0	4	0.00	0.00	0.43	0.81	22.36
1	1	0.00	0.00	1.79	17.48	0.00
1	5	0.00	0.03	0.99	0.00	0.00
2	2	0.00	0.00	0.09	0.80	0.00
2	6	0.00	0.00	0.18	0.30	0.00
3	3	0.16	14.26	55.73	0.00	0.00
3	7	0.00	0.00	0.13	0.40	0.00
Core	CPU	C1%	C3%	C6%	C8%	C9%
-	-	0.03	1.83	14.14	9.01	0.00
0	0	0.01	0.15	56.15	36.36	0.00
0	4	0.00	0.00	0.78	0.39	0.00
1	1	0.00	0.00	0.36	33.56	0.00
1	5	0.00	0.01	0.65	0.41	0.00
2	2	0.00	0.00	0.13	0.40	0.00
2	6	0.00	0.02	0.09	0.30	0.00
3	3	0.22	14.36	54.51	0.00	0.00
3	7	0.00	0.09	0.47	0.69	0.00
Core	CPU	C1%	C3%	C6%	C8%	C9%
-	-	0.00	0.31	8.38	14.60	0.00
0	0	0.02	2.49	57.38	12.67	0.00
0	4	0.00	0.00	0.81	0.89	0.00
1	1	0.00	0.00	0.39	5.75	0.00
1	5	0.00	0.00	1.19	1.00	0.00
2	2	0.00	0.00	0.47	1.29	0.00
2	6	0.00	0.00	0.36	1.28	0.00
3	3	0.00	0.00	5.29	93.01	0.00
3	7	0.00	0.01	1.19	0.89	0.00
Core	CPU	C1%	C3%	C6%	C8%	C9%
-	-	0.00	0.34	7.87	14.78	0.18
0	0	0.02	2.72	55.37	14.45	0.00
0	4	0.00	0.00	0.77	0.69	0.74
1	1	0.00	0.00	0.70	5.24	0.70
1	5	0.00	0.03	0.53	1.29	0.00
2	2	0.00	0.00	0.19	0.90	0.00
2	6	0.00	0.00	0.20	1.28	0.00
3	3	0.00	0.01	4.77	93.49	0.00
3	7	0.00	0.00	0.45	0.89	0.00
Core	CPU	C1%	C3%	C6%	C8%	C9%
-	-	0.00	0.24	8.31	15.13	0.00
0	0	0.02	1.88	54.23	14.15	0.00
0	4	0.00	0.02	3.92	1.42	0.00
1	1	0.00	0.00	0.75	10.11	0.00
1	5	0.00	0.00	1.06	0.30	0.00
2	2	0.00	0.00	0.36	0.68	0.00
2	6	0.00	0.01	0.61	0.50	0.00
3	3	0.00	0.00	5.16	93.07	0.00
3	7	0.00	0.00	0.38	0.80	0.00
Core	CPU	C1%	C3%	C6%	C8%	C9%
-	-	0.00	0.34	8.66	18.37	0.77
0	0	0.03	2.54	58.39	11.64	0.00
0	4	0.00	0.00	0.92	0.11	5.96
1	1	0.00	0.02	1.02	10.18	0.21
1	5	0.00	0.01	0.50	1.29	0.00
2	2	0.00	0.00	0.78	0.59	0.00
2	6	0.00	0.00	0.66	0.89	0.00
3	3	0.00	0.00	6.10	92.19	0.00
3	7	0.01	0.13	0.94	30.08	0.00
Core	CPU	C1%	C3%	C6%	C8%	C9%
-	-	0.00	0.44	7.44	14.24	0.00
0	0	0.02	3.50	51.98	16.04	0.00
0	4	0.00	0.00	0.45	1.01	0.00
1	1	0.00	0.00	2.23	38.19	0.00
1	5	0.00	0.02	0.74	1.19	0.00
2	2	0.00	0.02	2.54	54.59	0.00
2	6	0.00	0.00	0.40	1.19	0.00
3	3	0.00	0.00	0.37	1.29	0.00
3	7	0.00	0.00	0.85	0.40	0.00
Core	CPU	C1%	C3%	C6%	C8%	C9%
-	-	0.00	0.27	7.99	14.21	0.00
0	0	0.02	2.09	57.17	13.05	0.00
0	4	0.00	0.00	0.20	0.99	0.00
1	1	0.00	0.01	2.71	63.47	0.00
1	5	0.00	0.02	0.77	0.79	0.00
2	2	0.00	0.00	2.25	31.70	0.00
2	6	0.00	0.00	0.23	1.29	0.00
3	3	0.00	0.01	0.29	1.39	0.00
3	7	0.00	0.00	0.30	0.98	0.00
Core	CPU	C1%	C3%	C6%	C8%	C9%
-	-	0.00	0.39	8.03	14.03	0.70
0	0	0.02	3.10	55.77	13.56	0.00
0	4	0.00	0.00	0.36	0.41	5.60
1	1	0.00	0.01	4.36	94.06	0.00
1	5	0.00	0.02	0.40	1.17	0.00
2	2	0.00	0.00	0.36	0.99	0.00
2	6	0.00	0.00	0.65	1.09	0.00
3	3	0.00	0.01	1.43	0.50	0.00
3	7	0.00	0.02	0.90	0.49	0.00
Core	CPU	C1%	C3%	C6%	C8%	C9%
-	-	0.00	0.25	8.04	14.17	0.00
0	0	0.02	1.99	56.66	13.67	0.00
0	4	0.00	0.00	0.65	0.61	0.00
1	1	0.00	0.00	4.30	94.07	0.00
1	5	0.00	0.03	0.91	0.60	0.00
2	2	0.00	0.00	0.45	1.33	0.00
2	6	0.00	0.00	0.39	1.29	0.00
3	3	0.00	0.00	0.35	0.99	0.00
3	7	0.00	0.00	0.59	0.79	0.00
Core	CPU	C1%	C3%	C6%	C8%	C9%
-	-	0.03	1.81	10.35	11.67	0.43
0	0	0.00	0.14	11.79	1.39	3.42
0	4	0.00	0.00	12.52	82.79	0.00
1	1	0.00	0.00	0.37	1.69	0.00
1	5	0.00	0.04	0.85	1.59	0.00
2	2	0.00	0.00	0.66	3.65	0.00
2	6	0.00	0.00	0.13	1.09	0.00
3	3	0.26	14.27	55.85	0.00	0.00
3	7	0.00	0.00	0.59	1.12	0.00
Core	CPU	C1%	C3%	C6%	C8%	C9%
-	-	0.02	1.37	10.10	11.19	0.59
0	0	0.00	2.18	30.33	2.85	1.57
0	4	0.00	0.01	13.46	82.29	0.00
1	1	0.00	0.01	0.39	0.70	0.00
1	5	0.00	0.02	0.56	1.29	0.00
2	2	0.00	0.00	0.46	1.10	0.00
2	6	0.00	0.00	0.37	0.69	0.00
3	3	0.16	8.76	34.89	0.00	0.00
3	7	0.00	0.00	0.37	0.61	3.19
Core	CPU	C1%	C3%	C6%	C8%	C9%
-	-	0.00	0.40	9.70	12.70	0.27
0	0	0.01	3.18	61.68	8.10	0.00
0	4	0.00	0.00	9.11	46.27	2.19
1	1	0.00	0.00	0.48	1.09	0.00
1	5	0.01	0.00	0.61	0.82	0.00
2	2	0.00	0.04	3.74	40.69	0.00
2	6	0.00	0.00	0.16	0.59	0.00
3	3	0.00	0.00	1.51	2.95	0.00
3	7	0.00	0.00	0.36	1.09	0.00
Core	CPU	C1%	C3%	C6%	C8%	C9%
-	-	0.01	0.37	8.37	13.84	0.05
0	0	0.02	2.91	55.69	13.74	0.00
0	4	0.00	0.00	0.76	0.72	0.00
1	1	0.00	0.00	0.45	1.08	0.00
1	5	0.00	0.00	0.60	1.30	0.00
2	2	0.00	0.04	8.32	89.94	0.00
2	6	0.08	0.02	0.32	1.88	0.43
3	3	0.00	0.02	0.49	0.89	0.00
3	7	0.00	0.00	0.30	1.18	0.00
Core	CPU	C1%	C3%	C6%	C8%	C9%
-	-	0.00	0.29	8.36	14.27	0.00
0	0	0.01	2.30	57.15	12.92	0.00
0	4	0.00	0.00	1.41	0.21	0.00
1	1	0.00	0.02	0.69	5.27	0.00
1	5	0.00	0.00	0.40	1.00	0.00
2	2	0.00	0.00	6.03	92.41	0.00
2	6	0.00	0.00	0.64	0.10	0.00
3	3	0.00	0.00	0.35	0.69	0.00
3	7	0.00	0.03	0.20	1.58	0.00
Core	CPU	C1%	C3%	C6%	C8%	C9%
-	-	0.00	0.29	8.06	14.82	0.00
0	0	0.01	2.31	56.69	13.38	0.00
0	4	0.00	0.00	0.55	0.58	0.00
1	1	0.00	0.00	0.33	6.87	0.00
1	5	0.00	0.00	0.44	1.60	0.00
2	2	0.00	0.03	5.22	93.19	0.00
2	6	0.00	0.00	0.60	1.09	0.00
3	3	0.00	0.00	0.29	1.08	0.00
3	7	0.00	0.00	0.36	0.79	0.00
Core	CPU	C1%	C3%	C6%	C8%	C9%
-	-	0.01	0.45	7.51	14.70	0.77
0	0	0.02	3.55	52.61	15.20	0.00
0	4	0.00	0.00	0.28	0.50	6.19
1	1	0.00	0.00	0.27	5.71	0.00
1	5	0.00	0.00	0.65	1.59	0.00
2	2	0.00	0.00	4.30	91.46	0.00
2	6	0.08	0.00	0.51	1.29	0.00
3	3	0.00	0.02	1.20	1.20	0.00
3	7	0.00	0.02	0.29	0.69	0.00
Core	CPU	C1%	C3%	C6%	C8%	C9%
-	-	0.00	1.97	11.31	12.06	0.77
0	0	0.00	1.16	12.39	16.73	6.15
0	4	0.00	0.00	20.29	75.99	0.00
1	1	0.00	0.00	0.36	0.79	0.00
1	5	0.00	0.02	0.69	1.09	0.00
2	2	0.00	14.56	54.96	0.00	0.00
2	6	0.00	0.03	0.82	0.20	0.00
3	3	0.00	0.00	0.19	1.09	0.00
3	7	0.00	0.00	0.79	0.60	0.00
Core	CPU	C1%	C3%	C6%	C8%	C9%
-	-	0.00	0.35	8.12	14.43	1.00
0	0	0.03	2.69	54.30	15.45	0.00
0	4	0.00	0.03	0.79	0.30	7.96
1	1	0.00	0.00	0.44	6.32	0.00
1	5	0.00	0.00	0.71	0.99	0.00
2	2	0.00	0.04	6.62	91.54	0.00
2	6	0.00	0.00	0.60	0.59	0.00
3	3	0.00	0.00	0.83	0.09	0.00
3	7	0.00	0.00	0.63	0.20	0.00
Core	CPU	C1%	C3%	C6%	C8%	C9%
-	-	0.00	0.31	8.04	14.01	0.00
0	0	0.02	2.41	57.22	12.72	0.00
0	4	0.00	0.02	0.69	0.20	0.00
1	1	0.00	0.00	0.50	1.28	0.00
1	5	0.00	0.02	0.51	1.08	0.00
2	2	0.00	0.00	4.33	94.10	0.00
2	6	0.00	0.00	0.25	0.99	0.00
3	3	0.00	0.00	0.42	0.60	0.00
3	7	0.00	0.00	0.39	1.10	0.00
Core	CPU	C1%	C3%	C6%	C8%	C9%
-	-	0.00	0.30	8.17	14.28	0.00
0	0	0.01	2.31	56.89	13.10	0.00
0	4	0.00	0.03	1.53	0.21	0.00
1	1	0.00	0.00	0.48	1.89	0.00
1	5	0.00	0.03	1.27	0.68	0.00
2	2	0.00	0.00	3.88	94.56	0.00
2	6	0.00	0.00	0.13	0.89	0.00
3	3	0.00	0.00	0.95	1.67	0.00
3	7	0.00	0.00	0.24	1.29	0.00
Core	CPU	C1%	C3%	C6%	C8%	C9%
-	-	0.00	0.49	7.88	13.52	0.00
0	0	0.02	3.94	54.00	13.51	0.00
0	4	0.00	0.00	0.97	0.11	0.00
1	1	0.00	0.00	0.54	0.90	0.00
1	5	0.00	0.00	0.55	1.00	0.00
2	2	0.00	0.02	6.04	89.70	0.00
2	6	0.00	0.00	0.20	1.09	0.00
3	3	0.00	0.00	0.39	1.18	0.00
3	7	0.00	0.00	0.37	0.69	0.00
Core	CPU	C1%	C3%	C6%	C8%	C9%
-	-	0.00	0.27	7.94	13.92	0.00
0	0	0.02	2.15	55.67	14.45	0.00
0	4	0.00	0.00	0.49	0.31	0.00
1	1	0.00	0.00	0.19	1.09	0.00
1	5	0.00	0.00	0.57	1.10	0.00
2	2	0.00	0.00	5.77	92.65	0.00
2	6	0.00	0.00	0.16	0.70	0.00
3	3	0.00	0.01	0.29	0.61	0.00
3	7	0.00	0.00	0.39	0.50	0.00
Core	CPU	C1%	C3%	C6%	C8%	C9%
-	-	0.00	0.38	7.90	14.46	0.59
0	0	0.02	2.97	55.41	14.10	0.00
0	4	0.00	0.00	0.93	0.51	3.69
1	1	0.00	0.01	0.47	2.18	0.00
1	5	0.00	0.03	0.64	1.69	0.00
2	2	0.00	0.02	4.78	93.50	0.00
2	6	0.00	0.00	0.54	1.77	1.00
3	3	0.00	0.00	0.31	1.18	0.00
3	7	0.00	0.00	0.13	0.79	0.00
Core	CPU	C1%	C3%	C6%	C8%	C9%
-	-	0.00	0.25	8.05	14.45	0.00
0	0	0.02	1.91	56.40	14.01	0.00
0	4	0.00	0.00	0.86	0.50	0.00
1	1	0.00	0.00	0.45	1.18	0.00
1	5	0.00	0.04	0.66	2.15	0.00
2	2	0.00	0.01	4.25	94.17	0.00
2	6	0.00	0.00	0.39	0.90	0.00
3	3	0.00	0.00	0.93	1.58	0.00
3	7	0.00	0.00	0.45	1.09	0.00
Core	CPU	C1%	C3%	C6%	C8%	C9%
-	-	0.00	0.28	8.25	13.94	0.00
0	0	0.01	2.22	55.45	14.54	0.00
0	4	0.00	0.00	0.88	0.21	0.00
1	1	0.00	0.00	0.38	0.69	0.00
1	5	0.00	0.00	1.07	0.79	0.00
2	2	0.00	0.00	6.60	91.82	0.00
2	6	0.00	0.00	0.62	1.09	0.00
3	3	0.00	0.00	0.19	1.19	0.00
3	7	0.00	0.00	0.79	1.18	0.00
Core	CPU	C1%	C3%	C6%	C8%	C9%
-	-	0.00	0.44	7.44	14.02	0.74
0	0	0.02	3.52	52.42	15.52	0.00
0	4	0.00	0.00	0.68	0.51	5.96
1	1	0.00	0.00	0.49	0.60	0.00
1	5	0.00	0.00	0.58	0.90	0.00
2	2	0.00	0.00	4.29	91.55	0.00
2	6	0.00	0.00	0.42	1.05	0.00
3	3	0.00	0.02	0.29	0.90	0.00
3	7	0.00	0.00	0.37	1.10	0.00
Core	CPU	C1%	C3%	C6%	C8%	C9%
-	-	0.01	1.10	9.02	16.65	0.02
0	0	0.01	1.47	32.09	9.69	0.12
0	4	0.00	0.00	0.52	0.30	0.00
1	1	0.03	7.26	29.91	0.89	0.00
1	5	0.00	0.00	0.31	1.19	0.00
2	2	0.00	0.00	0.37	0.99	0.00
2	6	0.00	0.00	0.39	0.59	0.00
3	3	0.00	0.02	7.87	90.53	0.00
3	7	0.01	0.06	0.65	29.04	0.00
Core	CPU	C1%	C3%	C6%	C8%	C9%
-	-	0.00	0.89	8.51	13.65	0.58
0	0	0.01	2.58	41.43	11.83	0.12
0	4	0.00	0.00	1.07	4.45	4.49
1	1	0.00	4.47	18.11	0.90	0.00
1	5	0.00	0.04	0.68	0.51	0.00
2	2	0.00	0.01	0.36	0.89	0.00
2	6	0.00	0.00	0.19	1.29	0.00
3	3	0.00	0.00	5.43	88.94	0.00
3	7	0.00	0.00	0.84	0.40	0.00
Core	CPU	C1%	C3%	C6%	C8%	C9%
-	-	0.00	0.26	8.22	14.14	0.00
0	0	0.01	1.97	56.72	13.58	0.00
0	4	0.00	0.00	1.08	0.40	0.00
1	1	0.00	0.00	0.38	0.79	0.00
1	5	0.00	0.01	0.66	2.08	0.00
2	2	0.00	0.00	0.88	0.89	0.00
2	6	0.00	0.07	0.83	0.59	0.00
3	3	0.00	0.00	4.65	93.73	0.00
3	7	0.00	0.00	0.52	1.09	0.00
Core	CPU	C1%	C3%	C6%	C8%	C9%
-	-	0.00	0.30	7.93	14.24	0.00
0	0	0.02	2.32	56.64	13.37	0.00
0	4	0.00	0.00	0.43	0.71	0.00
1	1	0.00	0.02	0.30	1.19	0.00
1	5	0.00	0.00	0.50	1.59	0.00
2	2	0.00	0.00	0.48	0.79	0.00
2	6	0.00	0.00	0.57	1.29	0.00
3	3	0.00	0.00	4.42	93.97	0.00
3	7	0.00	0.03	0.10	0.99	0.00
Core	CPU	C1%	C3%	C6%	C8%	C9%
-	-	0.00	0.51	7.79	13.77	0.38
0	0	0.02	4.07	53.78	13.99	0.00
0	4	0.00	0.00	0.76	0.10	0.00
1	1	0.00	0.00	0.24	1.19	0.00
1	5	0.00	0.00	0.44	1.59	0.00
2	2	0.00	0.00	0.39	1.09	0.00
2	6	0.00	0.02	0.29	1.29	0.00
3	3	0.00	0.02	6.07	90.03	0.00
3	7	0.00	0.00	0.35	0.89	3.03
Core	CPU	C1%	C3%	C6%	C8%	C9%
-	-	0.00	0.26	7.89	14.25	0.10
0	0	0.03	2.06	55.66	14.57	0.00
0	4	0.00	0.00	0.39	0.99	0.77
1	1	0.00	0.00	0.28	0.89	0.00
1	5	0.00	0.02	0.67	0.98	0.00
2	2	0.00	0.00	0.35	1.09	0.00
2	6	0.00	0.00	0.37	1.06	0.00
3	3	0.00	0.01	5.09	93.22	0.00
3	7	0.00	0.00	0.29	1.18	0.00
Core	CPU	C1%	C3%	C6%	C8%	C9%
-	-	0.00	0.39	7.97	14.17	0.00
0	0	0.02	2.87	55.38	14.08	0.00
0	4	0.00	0.00	0.92	0.60	0.00
1	1	0.00	0.02	0.49	0.99	0.00
1	5	0.01	0.20	0.67	1.09	0.00
2	2	0.00	0.00	0.29	1.18	0.00
2	6	0.00	0.00	0.57	0.89	0.00
3	3	0.00	0.00	4.62	93.76	0.00
3	7	0.00	0.00	0.82	0.79	0.00
Core	CPU	C1%	C3%	C6%	C8%	C9%
-	-	0.00	0.25	7.90	15.42	0.00
0	0	0.01	1.95	53.08	16.10	0.00
0	4	0.00	0.00	3.21	1.69	0.00
1	1	0.00	0.00	0.83	8.62	0.00
1	5	0.00	0.00	0.65	0.90	0.00
2	2	0.00	0.02	0.30	0.79	0.00
2	6	0.00	0.00	0.35	0.79	0.00
3	3	0.00	0.00	4.40	93.90	0.00
3	7	0.00	0.00	0.36	0.59	0.00
Core	CPU	C1%	C3%	C6%	C8%	C9%
-	-	0.00	0.28	8.19	15.03	0.00
0	0	0.02	2.24	57.56	12.76	0.00
0	4	0.00	0.00	0.48	0.11	0.00
1	1	0.00	0.00	0.45	9.91	0.00
1	5	0.00	0.00	0.58	1.19	0.00
2	2	0.00	0.00	0.44	1.19	0.00
2	6	0.00	0.00	0.40	1.23	0.00
3	3	0.00	0.02	5.30	92.97	0.00
3	7	0.00	0.00	0.29	0.88	0.00
Core	CPU	C1%	C3%	C6%	C8%	C9%
-	-	0.00	0.49	7.81	14.32	0.00
0	0	0.02	3.61	53.07	14.94	0.00
0	4	0.00	0.00	0.62	0.51	0.00
1	1	0.00	0.01	0.98	5.43	0.00
1	5	0.00	0.04	0.73	1.09	0.00
2	2	0.00	0.00	0.28	1.09	0.00
2	6	0.00	0.00	0.40	0.93	0.00
3	3	0.00	0.04	5.61	90.07	0.00
3	7	0.00	0.19	0.80	0.49	0.00
Core	CPU	C1%	C3%	C6%	C8%	C9%
-	-	0.00	0.26	7.87	15.25	0.00
0	0	0.01	2.06	55.91	14.96	0.00
0	4	0.00	0.00	0.26	0.40	0.00
1	1	0.00	0.00	0.24	8.05	0.00
1	5	0.00	0.00	0.45	1.18	0.00
2	2	0.00	0.01	0.89	1.78	0.00
2	6	0.00	0.03	0.24	1.19	0.00
3	3	0.00	0.00	4.50	93.93	0.00
3	7	0.00	0.00	0.46	0.49	0.00
Core	CPU	C1%	C3%	C6%	C8%	C9%
-	-	0.00	0.32	7.57	15.82	0.00
0	0	0.02	2.57	52.22	17.62	0.00
0	4	0.00	0.00	1.30	1.99	0.00
1	1	0.00	0.00	0.72	8.92	0.00
1	5	0.00	0.00	0.61	1.31	0.00
2	2	0.00	0.00	0.44	1.50	0.00
2	6	0.00	0.00	0.35	0.90	0.00
3	3	0.00	0.02	4.56	93.70	0.00
3	7	0.00	0.00	0.36	0.60	0.00
Core	CPU	C1%	C3%	C6%	C8%	C9%
-	-	0.00	0.90	8.63	13.80	0.00
0	0	0.01	1.56	38.58	10.19	0.00
0	4	0.00	0.00	0.40	1.40	0.00
1	1	0.01	5.61	22.76	2.58	0.00
1	5	0.00	0.00	0.57	1.11	0.00
2	2	0.00	0.00	0.37	0.51	0.00
2	6	0.00	0.00	0.50	1.41	0.00
3	3	0.00	0.03	5.64	92.71	0.00
3	7	0.00	0.00	0.25	0.52	0.00
Core	CPU	C1%	C3%	C6%	C8%	C9%
-	-	0.00	1.93	9.32	12.70	1.92
0	0	0.00	0.89	10.25	6.26	0.12
0	4	0.00	0.00	0.35	0.88	14.26
1	1	0.00	0.04	1.09	0.30	0.00
1	5	0.00	0.05	0.58	0.99	0.00
2	2	0.02	14.45	55.16	0.00	0.00
2	6	0.00	0.00	0.31	0.90	0.95
3	3	0.00	0.03	6.36	92.04	0.00
3	7	0.00	0.00	0.46	0.20	0.00
Core	CPU	C1%	C3%	C6%	C8%	C9%
-	-	0.02	2.12	9.15	12.37	1.92
0	0	0.00	0.72	8.88	6.05	1.40
0	4	0.00	0.00	4.46	14.07	13.96
1	1	0.00	0.00	0.37	0.98	0.00
1	5	0.00	0.00	0.57	1.18	0.00
2	2	0.13	16.22	53.53	0.00	0.00
2	6	0.00	0.02	0.78	0.65	0.00
3	3	0.00	0.00	4.23	74.97	0.00
3	7	0.00	0.00	0.38	1.09	0.00
Core	CPU	C1%	C3%	C6%	C8%	C9%
-	-	0.00	1.95	10.97	11.12	1.24
0	0	0.00	0.96	10.28	7.12	5.04
0	4	0.00	0.03	17.86	53.07	4.90
1	1	0.00	0.01	0.19	0.41	0.00
1	5	0.00	0.02	0.60	0.79	0.00
2	2	0.01	14.55	55.43	0.00	0.00
2	6	0.00	0.02	0.29	0.48	0.00
3	3	0.00	0.00	2.27	26.42	0.00
3	7	0.00	0.01	0.79	0.69	0.00
Core	CPU	C1%	C3%	C6%	C8%	C9%
-	-	0.00	2.11	10.07	12.78	4.45
0	0	0.00	1.63	12.28	10.73	1.49
0	4	0.00	0.00	7.82	24.42	34.11
1	1	0.00	0.00	0.71	0.70	0.00
1	5	0.00	0.04	0.42	0.70	0.00
2	2	0.03	15.16	55.08	0.00	0.00
2	6	0.00	0.00	0.37	0.86	0.00
3	3	0.00	0.01	3.43	64.12	0.00
3	7	0.00	0.00	0.47	0.69	0.00
Core	CPU	C1%	C3%	C6%	C8%	C9%
-	-	0.00	1.98	9.64	13.40	5.59
0	0	0.00	1.74	12.13	13.02	0.24
0	4	0.00	0.00	0.99	0.11	44.52
1	1	0.02	14.05	55.53	0.00	0.00
1	5	0.00	0.02	0.59	0.78	0.00
2	2	0.00	0.00	1.06	0.29	0.00
2	6	0.00	0.00	0.35	0.60	0.00
3	3	0.00	0.04	6.51	91.87	0.00
3	7	0.00	0.00	0.00	0.50	0.00
Core	CPU	C1%	C3%	C6%	C8%	C9%
-	-	0.00	1.95	9.56	13.33	2.51
0	0	0.00	0.93	14.85	9.48	0.12
0	4	0.00	0.00	0.65	1.08	19.97
1	1	0.01	14.66	55.45	0.00	0.00
1	5	0.00	0.02	2.51	62.21	0.00
2	2	0.00	0.01	0.39	0.50	0.00
2	6	0.00	0.00	0.19	0.70	0.00
3	3	0.00	0.00	2.08	31.83	0.00
3	7	0.00	0.00	0.37	0.88	0.00
Core	CPU	C1%	C3%	C6%	C8%	C9%
-	-	0.01	2.25	14.13	5.49	10.47
0	0	0.00	2.24	57.04	33.77	0.00
0	4	0.00	0.00	0.50	0.10	80.32
1	1	0.12	15.75	53.63	0.00	0.00
1	5	0.00	0.02	0.66	1.00	0.00
2	2	0.00	0.00	0.37	6.37	0.00
2	6	0.00	0.00	0.35	0.70	0.00
3	3	0.00	0.00	0.32	0.90	0.00
3	7	0.00	0.00	0.19	1.10	3.48
Core	CPU	C1%	C3%	C6%	C8%	C9%
-	-	0.00	2.35	13.52	6.12	9.28
0	0	0.00	3.83	49.35	36.63	0.69
0	4	0.00	0.00	1.97	8.36	73.56
1	1	0.00	14.91	55.17	0.00	0.00
1	5	0.00	0.06	0.57	0.90	0.00
2	2	0.00	0.00	0.19	0.70	0.00
2	6	0.00	0.00	0.29	1.18	0.00
3	3	0.00	0.00	0.36	0.70	0.00
3	7	0.00	0.00	0.25	0.49	0.00
Core	CPU	C1%	C3%	C6%	C8%	C9%
-	-	0.00	0.51	9.85	12.11	0.00
0	0	0.00	4.06	61.68	6.70	0.00
0	4	0.00	0.00	11.53	63.67	0.00
1	1	0.00	0.00	1.16	0.39	0.00
1	5	0.00	0.00	0.86	1.39	0.00
2	2	0.00	0.00	2.34	21.26	0.00
2	6	0.00	0.00	0.40	1.78	0.00
3	3	0.00	0.00	0.50	0.60	0.00
3	7	0.00	0.00	0.38	1.09	0.00
Core	CPU	C1%	C3%	C6%	C8%	C9%
-	-	0.00	0.37	8.25	13.81	0.00
0	0	0.02	2.37	55.94	12.56	0.00
0	4	0.00	0.02	0.60	0.00	0.00
1	1	0.00	0.00	0.27	1.19	0.00
1	5	0.00	0.03	0.49	1.08	0.00
2	2	0.00	0.49	7.46	89.49	0.00
2	6	0.00	0.00	0.32	1.03	0.00
3	3	0.00	0.00	0.42	0.89	0.00
3	7	0.00	0.01	0.52	4.23	0.00
Core	CPU	C1%	C3%	C6%	C8%	C9%
-	-	0.00	2.21	13.97	8.78	9.00
0	0	0.01	3.35	51.68	40.92	0.00
0	4	0.00	0.00	0.84	0.41	72.01
1	1	0.00	0.00	0.24	1.59	0.00
1	5	0.00	0.02	0.71	1.09	0.00
2	2	0.02	14.21	56.32	0.00	0.00
2	6	0.00	0.00	0.28	0.91	0.00
3	3	0.00	0.00	0.27	0.89	0.00
3	7	0.01	0.07	1.44	24.44	0.00
Core	CPU	C1%	C3%	C6%	C8%	C9%
-	-	0.01	1.05	8.50	13.10	0.43
0	0	0.02	1.15	37.34	10.45	0.00
0	4	0.00	0.00	0.47	0.42	0.00
1	1	0.00	0.00	0.45	1.08	0.00
1	5	0.00	0.00	0.57	0.98	0.00
2	2	0.00	0.01	6.29	89.44	0.00
2	6	0.00	0.02	0.36	1.19	0.00
3	3	0.10	7.20	21.86	0.80	0.00
3	7	0.00	0.00	0.68	0.50	3.47
Core	CPU	C1%	C3%	C6%	C8%	C9%
-	-	0.04	1.81	9.03	12.26	0.00
0	0	0.00	0.09	8.76	1.01	0.00
0	4	0.00	0.00	0.74	0.00	0.00
1	1	0.00	0.02	0.29	0.90	0.00
1	5	0.00	0.01	0.79	0.90	0.00
2	2	0.00	0.00	4.69	93.99	0.00
2	6	0.00	0.00	0.50	0.40	0.00
3	3	0.32	14.37	56.11	0.00	0.00
3	7	0.00	0.02	0.37	0.92	0.00
Core	CPU	C1%	C3%	C6%	C8%	C9%
-	-	0.03	1.90	13.49	7.51	0.12
0	0	0.00	0.18	47.47	21.90	0.00
0	4	0.00	0.00	0.42	0.71	0.00
1	1	0.00	0.00	0.64	5.28	0.00
1	5	0.00	0.00	0.66	1.19	0.00
2	2	0.00	0.02	1.65	29.28	0.00
2	6	0.00	0.00	0.15	1.00	0.96
3	3	0.00	0.09	1.26	0.40	0.00
3	7	0.25	14.94	55.69	0.31	0.00
Core	CPU	C1%	C3%	C6%	C8%	C9%
-	-	0.07	1.82	15.95	8.44	0.00
0	0	0.00	0.17	67.96	26.95	0.00
0	4	0.00	0.02	0.67	0.61	0.00
1	1	0.38	0.00	0.29	35.98	0.00
1	5	0.00	0.01	0.68	1.09	0.00
2	2	0.00	0.00	0.55	1.69	0.00
2	6	0.00	0.02	0.89	0.35	0.00
3	3	0.00	0.00	0.40	0.81	0.00
3	7	0.18	14.35	56.14	0.00	0.00
Core	CPU	C1%	C3%	C6%	C8%	C9%
-	-	0.11	1.82	15.56	9.14	0.00
0	0	0.00	0.24	66.48	28.27	0.00
0	4	0.00	0.00	0.38	1.21	0.00
1	1	0.68	0.00	0.41	39.34	0.00
1	5	0.00	0.02	0.43	1.08	0.00
2	2	0.00	0.00	0.19	1.00	0.00
2	6	0.00	0.01	0.26	1.02	0.00
3	3	0.00	0.00	0.25	1.20	0.00
3	7	0.21	14.27	56.07	0.00	0.00
Core	CPU	C1%	C3%	C6%	C8%	C9%
-	-	0.00	0.41	8.29	14.14	0.00
0	0	0.02	3.18	55.01	12.44	0.00
0	4	0.00	0.01	0.69	0.00	0.00
1	1	0.00	0.00	2.56	6.04	0.00
1	5	0.00	0.00	0.98	0.51	0.00
2	2	0.00	0.00	4.75	90.93	0.00
2	6	0.00	0.00	0.46	1.82	0.00
3	3	0.00	0.11	0.99	0.99	0.00
3	7	0.00	0.00	0.89	0.39	0.00
Core	CPU	C1%	C3%	C6%	C8%	C9%
-	-	0.04	0.26	7.96	14.80	0.16
0	0	0.01	2.00	55.25	15.08	0.00
0	4	0.00	0.00	0.93	0.22	1.29
1	1	0.29	0.00	1.01	4.86	0.00
1	5	0.00	0.02	1.16	0.99	0.00
2	2	0.00	0.00	4.32	94.10	0.00
2	6	0.00	0.02	0.22	0.79	0.00
3	3	0.00	0.00	0.36	0.89	0.00
3	7	0.00	0.00	0.41	1.49	0.00
Core	CPU	C1%	C3%	C6%	C8%	C9%
-	-	0.03	1.36	8.78	13.13	0.08
0	0	0.00	1.70	24.56	5.86	0.11
0	4	0.05	0.00	0.64	2.10	0.51
1	1	0.00	0.00	0.27	0.89	0.00
1	5	0.00	0.04	0.73	1.88	0.00
2	2	0.00	0.00	6.08	92.08	0.00
2	6	0.00	0.01	0.93	0.33	0.00
3	3	0.00	0.00	0.29	1.08	0.00
3	7	0.18	9.10	36.74	0.79	0.00
Core	CPU	C1%	C3%	C6%	C8%	C9%
-	-	0.00	0.23	7.89	13.96	0.00
0	0	0.02	1.82	55.13	15.31	0.00
0	4	0.00	0.00	0.64	0.50	0.00
1	1	0.00	0.00	0.18	0.79	0.00
1	5	0.00	0.01	0.68	0.58	0.00
2	2	0.00	0.01	5.46	92.93	0.00
2	6	0.00	0.02	0.35	0.49	0.00
3	3	0.00	0.01	0.20	0.51	0.00
3	7	0.00	0.00	0.48	0.60	0.00
Core	CPU	C1%	C3%	C6%	C8%	C9%
-	-	0.53	0.33	8.24	15.14	0.40
0	0	0.02	2.53	55.64	14.16	0.00
0	4	0.00	0.00	0.42	0.90	3.19
1	1	4.25	0.01	3.08	7.32	0.00
1	5	0.00	0.02	1.27	0.40	0.00
2	2	0.00	0.00	4.33	94.08	0.00
2	6	0.00	0.02	0.45	0.91	0.00
3	3	0.00	0.00	0.54	2.13	0.00
3	7	0.00	0.03	0.19	1.19	0.00
Core	CPU	C1%	C3%	C6%	C8%	C9%
-	-	0.00	0.50	7.75	13.78	0.46
0	0	0.01	3.90	54.55	12.94	0.00
0	4	0.00	0.02	0.48	0.61	1.11
1	1	0.00	0.00	0.50	0.89	0.00
1	5	0.00	0.04	0.58	1.09	0.00
2	2	0.00	0.00	0.56	1.19	0.00
2	6	0.00	0.00	0.49	1.07	0.00
3	3	0.00	0.00	4.09	91.58	0.00
3	7	0.00	0.00	0.80	0.89	2.59
Core	CPU	C1%	C3%	C6%	C8%	C9%
-	-	0.00	0.24	7.68	14.31	0.00
0	0	0.02	1.91	54.37	15.95	0.00
0	4	0.00	0.00	0.75	0.09	0.00
1	1	0.00	0.00	0.24	1.19	0.00
1	5	0.00	0.03	0.62	1.09	0.00
2	2	0.00	0.00	0.75	13.94	0.00
2	6	0.00	0.00	0.47	0.70	0.00
3	3	0.00	0.00	4.04	80.51	0.00
3	7	0.00	0.00	0.24	0.99	0.00
Core	CPU	C1%	C3%	C6%	C8%	C9%
-	-	0.00	0.41	8.31	14.09	0.06
0	0	0.01	3.21	57.77	11.46	0.00
0	4	0.00	0.00	0.76	1.31	0.48
1	1	0.00	0.00	0.43	3.47	0.00
1	5	0.00	0.02	0.64	1.87	0.00
2	2	0.00	0.03	6.03	92.18	0.00
2	6	0.00	0.00	0.14	0.52	0.00
3	3	0.00	0.00	0.20	0.88	0.00
3	7	0.00	0.03	0.48	0.98	0.00
Core	CPU	C1%	C3%	C6%	C8%	C9%
-	-	0.00	0.25	7.93	14.39	0.16
0	0	0.01	1.98	54.35	15.86	0.00
0	4	0.00	0.01	0.79	0.21	1.29
1	1	0.00	0.00	0.10	0.99	0.00
1	5	0.00	0.00	1.05	0.99	0.00
2	2	0.00	0.00	4.86	93.54	0.00
2	6	0.00	0.00	0.31	1.09	0.02
3	3	0.00	0.00	1.18	1.48	0.00
3	7	0.00	0.00	0.81	0.99	0.00
Core	CPU	C1%	C3%	C6%	C8%	C9%
-	-	0.00	0.27	7.82	15.04	0.00
0	0	0.01	2.13	55.54	14.67	0.00
0	4	0.00	0.00	0.54	0.11	0.00
1	1	0.00	0.02	0.58	6.57	0.00
1	5	0.00	0.00	0.30	0.80	0.00
2	2	0.00	0.00	4.34	94.10	0.00
2	6	0.00	0.00	0.35	1.78	0.00
3	3	0.00	0.00	0.35	0.99	0.00
3	7	0.00	0.01	0.55	1.28	0.00
Core	CPU	C1%	C3%	C6%	C8%	C9%
-	-	0.00	0.50	7.69	14.18	0.45
0	0	0.02	3.95	53.73	13.79	0.00
0	4	0.00	0.00	0.37	0.70	0.00
1	1	0.00	0.00	0.35	4.07	0.00
1	5	0.00	0.00	1.12	0.99	0.00
2	2	0.00	0.02	4.66	91.09	0.00
2	6	0.00	0.01	0.26	1.73	0.00
3	3	0.00	0.00	0.29	0.59	0.00
3	7	0.00	0.03	0.76	0.50	3.57
Core	CPU	C1%	C3%	C6%	C8%	C9%
-	-	0.00	0.32	8.18	14.17	0.00
0	0	0.01	2.49	57.69	12.16	0.00
0	4	0.00	0.00	0.44	0.98	0.00
1	1	0.00	0.00	0.27	1.19	0.00
1	5	0.00	0.00	0.74	1.19	0.00
2	2	0.00	0.01	4.88	90.99	0.00
2	6	0.00	0.02	0.44	1.96	0.00
3	3	0.00	0.00	0.29	3.78	0.00
3	7	0.00	0.00	0.69	1.10	0.00
Core	CPU	C1%	C3%	C6%	C8%	C9%
-	-	0.00	0.42	8.18	13.93	0.09
0	0	0.01	3.27	56.99	12.24	0.00
0	4	0.00	0.00	0.88	0.90	0.69
1	1	0.00	0.02	0.39	1.50	0.00
1	5	0.00	0.00	1.17	1.09	0.00
2	2	0.00	0.00	0.18	0.89	0.00
2	6	0.00	0.01	0.43	0.79	0.00
3	3	0.00	0.03	5.15	93.22	0.00
3	7	0.00	0.03	0.21	0.79	0.00
Core	CPU	C1%	C3%	C6%	C8%	C9%
-	-	0.00	0.24	7.88	14.29	0.22
0	0	0.02	1.89	55.53	14.87	0.00
0	4	0.00	0.00	0.47	0.41	1.78
1	1	0.00	0.00	0.53	11.51	0.00
1	5	0.00	0.00	0.24	1.10	0.00
2	2	0.00	0.02	4.38	83.60	0.00
2	6	0.00	0.00	0.53	0.88	0.00
3	3	0.00	0.00	0.58	1.18	0.00
3	7	0.00	0.03	0.76	0.79	0.00
Core	CPU	C1%	C3%	C6%	C8%	C9%
-	-	0.01	1.89	9.02	12.95	2.10
0	0	0.00	0.78	9.43	4.94	0.22
0	4	0.00	0.00	0.76	0.72	16.57
1	1	0.00	0.00	4.82	93.80	0.00
1	5	0.00	0.00	0.28	1.30	0.00
2	2	0.05	14.29	55.53	0.10	0.00
2	6	0.00	0.00	0.39	0.98	0.00
3	3	0.00	0.02	0.29	0.90	0.00
3	7	0.00	0.03	0.69	0.89	0.00
Core	CPU	C1%	C3%	C6%	C8%	C9%
-	-	0.02	1.02	8.91	16.11	0.00
0	0	0.01	1.57	35.76	6.84	0.00
0	4	0.00	0.00	0.72	0.21	0.00
1	1	0.03	3.35	16.13	39.80	0.00
1	5	0.00	0.00	0.40	0.99	0.00
2	2	0.00	0.01	4.43	53.58	0.00
2	6	0.00	0.01	0.35	0.91	0.00
3	3	0.09	3.01	11.74	1.08	0.00
3	7	0.01	0.19	1.79	25.47	0.00
Core	CPU	C1%	C3%	C6%	C8%	C9%
-	-	0.01	1.88	9.53	12.78	0.02
0	0	0.00	0.56	10.39	5.01	0.15
0	4	0.00	0.00	0.35	0.82	0.00
1	1	0.05	14.47	55.31	0.00	0.00
1	5	0.00	0.00	0.40	0.91	0.00
2	2	0.00	0.02	5.27	62.06	0.00
2	6	0.00	0.00	0.82	1.57	0.00
3	3	0.00	0.00	2.62	31.12	0.00
3	7	0.00	0.01	1.07	0.70	0.00
Core	CPU	C1%	C3%	C6%	C8%	C9%
-	-	0.00	1.97	9.05	12.57	0.56
0	0	0.00	0.44	8.60	4.54	0.00
0	4	0.00	0.02	0.29	0.80	4.49
1	1	0.03	15.20	55.14	0.00	0.00
1	5	0.00	0.00	0.37	0.71	0.00
2	2	0.00	0.00	0.43	0.89	0.00
2	6	0.00	0.00	0.51	0.72	0.00
3	3	0.00	0.00	6.25	92.27	0.00
3	7	0.00	0.06	0.79	0.61	0.00
Core	CPU	C1%	C3%	C6%	C8%	C9%
-	-	0.00	1.89	9.27	12.75	1.34
0	0	0.00	0.79	8.83	5.77	0.11
0	4	0.00	0.00	0.46	0.99	10.58
1	1	0.04	14.33	55.65	0.00	0.00
1	5	0.00	0.00	0.31	1.10	0.00
2	2	0.00	0.02	0.59	0.80	0.00
2	6	0.00	0.00	0.33	0.97	0.00
3	3	0.00	0.00	7.49	91.09	0.00
3	7	0.00	0.01	0.53	1.28	0.00
Core	CPU	C1%	C3%	C6%	C8%	C9%
-	-	0.00	0.28	8.11	14.21	0.25
0	0	0.01	2.25	56.83	13.24	0.00
0	4	0.00	0.00	0.65	0.68	1.99
1	1	0.00	0.00	1.08	0.49	0.00
1	5	0.00	0.00	0.82	1.29	0.00
2	2	0.00	0.01	4.12	94.31	0.00
2	6	0.00	0.00	0.35	1.36	0.00
3	3	0.00	0.00	0.42	1.20	0.00
3	7	0.00	0.02	0.61	1.09	0.00
Core	CPU	C1%	C3%	C6%	C8%	C9%
-	-	0.00	0.43	7.54	14.12	0.00
0	0	0.02	3.43	52.92	14.97	0.00
0	4	0.00	0.00	0.95	0.00	0.00
1	1	0.00	0.00	0.24	1.48	0.00
1	5	0.00	0.00	0.32	0.99	0.00
2	2	0.00	0.00	3.88	91.86	0.00
2	6	0.00	0.00	0.23	1.38	0.00
3	3	0.00	0.00	1.09	1.48	0.00
3	7	0.00	0.03	0.65	0.78	0.00
Core	CPU	C1%	C3%	C6%	C8%	C9%
-	-	0.00	0.28	8.20	14.16	0.30
0	0	0.01	2.26	57.92	12.17	0.00
0	4	0.00	0.00	0.39	1.09	2.38
1	1	0.00	0.00	0.28	1.38	0.00
1	5	0.00	0.00	0.36	0.89	0.00
2	2	0.00	0.00	4.91	88.30	0.00
2	6	0.00	0.00	0.30	1.98	0.00
3	3	0.00	0.00	0.47	6.17	0.00
3	7	0.00	0.00	0.99	1.29	0.00
Core	CPU	C1%	C3%	C6%	C8%	C9%
-	-	0.00	0.37	8.03	14.01	0.40
0	0	0.02	2.93	56.97	12.57	0.00
0	4	0.00	0.00	0.49	0.29	3.18
1	1	0.00	0.00	0.19	0.79	0.00
1	5	0.00	0.00	0.36	0.79	0.00
2	2	0.00	0.00	0.71	3.04	0.00
2	6	0.00	0.00	0.31	1.52	0.00
3	3	0.00	0.02	4.58	91.48	0.00
3	7	0.00	0.00	0.60	1.58	0.00
Core	CPU	C1%	C3%	C6%	C8%	C9%
-	-	0.00	0.32	8.22	13.69	0.58
0	0	0.01	2.46	58.41	11.51	0.00
0	4	0.00	0.00	0.51	0.42	4.68
1	1	0.00	0.02	0.29	1.29	0.00
1	5	0.00	0.00	0.30	0.89	0.00
2	2	0.00	0.00	0.29	0.50	0.00
2	6	0.00	0.00	0.22	0.59	0.00
3	3	0.00	0.01	5.13	93.31	0.00
3	7	0.00	0.06	0.61	0.98	0.00
Core	CPU	C1%	C3%	C6%	C8%	C9%
-	-	0.00	0.29	8.49	15.34	0.00
0	0	0.02	2.26	54.61	14.72	0.00
0	4	0.00	0.03	2.56	1.61	0.00
1	1	0.00	0.00	1.80	10.70	0.00
1	5	0.00	0.00	1.17	1.59	0.00
2	2	0.00	0.00	0.73	0.19	0.00
2	6	0.00	0.03	0.87	0.32	0.00
3	3	0.00	0.00	5.58	92.79	0.00
3	7	0.00	0.01	0.58	0.79	0.00
Core	CPU	C1%	C3%	C6%	C8%	C9%
-	-	0.00	0.43	7.64	14.25	0.00
0	0	0.02	3.40	52.59	15.33	0.00
0	4	0.00	0.02	0.89	0.40	0.00
1	1	0.00	0.00	0.40	2.47	0.00
1	5	0.00	0.00	0.58	1.67	0.00
2	2	0.00	0.00	0.56	1.08	0.00
2	6	0.00	0.02	0.58	1.18	0.00
3	3	0.00	0.02	4.54	91.13	0.00
3	7	0.00	0.00	1.01	0.70	0.00
Core	CPU	C1%	C3%	C6%	C8%	C9%
-	-	0.00	0.24	7.80	14.38	0.00
0	0	0.02	1.88	54.73	15.62	0.00
0	4	0.00	0.00	0.34	0.71	0.00
1	1	0.00	0.00	1.02	0.29	0.00
1	5	0.00	0.02	0.98	0.30	0.00
2	2	0.00	0.00	0.58	6.89	0.00
2	6	0.00	0.02	0.31	1.08	0.00
3	3	0.00	0.00	4.01	88.89	0.00
3	7	0.00	0.00	0.46	1.28	0.00
Core	CPU	C1%	C3%	C6%	C8%	C9%
-	-	0.02	1.02	8.11	13.25	1.18
0	0	0.01	0.86	30.71	9.74	0.00
0	4	0.00	0.00	0.32	0.40	9.48
1	1	0.00	0.00	0.54	0.40	0.00
1	5	0.00	0.00	0.22	0.80	0.00
2	2	0.00	0.00	2.82	44.10	0.00
2	6	0.00	0.00	0.20	0.79	0.00
3	3	0.16	7.25	29.15	48.71	0.00
3	7	0.00	0.02	0.89	1.08	0.00
Core	CPU	C1%	C3%	C6%	C8%	C9%
-	-	0.00	0.22	8.07	14.72	0.05
0	0	0.03	1.74	54.42	16.12	0.00
0	4	0.00	0.00	0.77	0.42	0.00
1	1	0.00	0.00	0.58	2.79	0.41
1	5	0.00	0.03	0.85	1.19	0.00
2	2	0.00	0.00	2.60	45.40	0.00
2	6	0.00	0.00	0.32	1.29	0.00
3	3	0.00	0.00	4.15	49.76	0.00
3	7	0.00	0.00	0.87	0.79	0.00
Core	CPU	C1%	C3%	C6%	C8%	C9%
-	-	0.00	0.24	7.74	14.45	0.39
0	0	0.01	1.91	54.25	16.04	0.00
0	4	0.00	0.02	1.41	0.00	3.09
1	1	0.00	0.00	0.19	0.99	0.00
1	5	0.00	0.00	0.62	1.09	0.00
2	2	0.00	0.00	0.36	0.69	0.00
2	6	0.00	0.00	0.72	1.88	0.00
3	3	0.00	0.00	4.25	94.15	0.00
3	7	0.00	0.00	0.10	0.76	0.00
Core	CPU	C1%	C3%	C6%	C8%	C9%
-	-	0.00	0.50	7.76	13.74	0.00
0	0	0.01	3.99	54.84	12.79	0.00
0	4	0.00	0.00	0.90	0.00	0.00
1	1	0.00	0.00	0.19	1.09	0.00
1	5	0.00	0.00	0.58	1.37	0.00
2	2	0.00	0.00	1.02	17.83	0.00
2	6	0.00	0.02	0.38	1.14	0.00
3	3	0.00	0.02	3.60	74.40	0.00
3	7	0.00	0.00	0.59	1.28	0.00
Core	CPU	C1%	C3%	C6%	C8%	C9%
-	-	0.00	0.27	7.86	14.68	0.02
0	0	0.03	1.97	51.22	16.51	0.02
0	4	0.00	0.13	4.33	2.12	0.11
1	1	0.00	0.00	0.37	1.10	0.00
1	5	0.00	0.00	0.48	1.01	0.00
2	2	0.00	0.00	5.50	92.81	0.00
2	6	0.00	0.00	0.43	1.87	0.02
3	3	0.00	0.02	0.38	1.10	0.00
3	7	0.00	0.00	0.19	0.90	0.00
Core	CPU	C1%	C3%	C6%	C8%	C9%
-	-	0.04	0.38	8.74	16.38	0.11
0	0	0.02	3.00	54.35	15.20	0.00
0	4	0.00	0.00	0.69	1.20	0.90
1	1	0.29	0.00	6.63	17.35	0.00
1	5	0.00	0.00	0.70	1.00	0.00
2	2	0.00	0.00	5.93	92.37	0.00
2	6	0.00	0.00	0.40	1.62	0.00
3	3	0.00	0.00	0.98	0.99	0.00
3	7	0.00	0.00	0.23	1.28	0.00
Core	CPU	C1%	C3%	C6%	C8%	C9%
-	-	0.00	0.37	8.57	14.32	0.14
0	0	0.01	2.83	57.89	11.83	0.00
0	4	0.00	0.00	0.46	0.41	0.18
1	1	0.00	0.02	1.84	5.64	0.00
1	5	0.00	0.05	0.60	0.99	0.00
2	2	0.00	0.04	5.54	81.03	0.00
2	6	0.00	0.00	0.17	1.81	0.00
3	3	0.00	0.00	0.86	11.58	0.00
3	7	0.00	0.01	1.25	1.28	0.91
Core	CPU	C1%	C3%	C6%	C8%	C9%
-	-	0.00	0.30	8.15	14.08	0.00
0	0	0.01	2.39	57.93	12.16	0.00
0	4	0.00	0.00	0.61	1.81	0.00
1	1	0.00	0.00	0.38	1.18	0.00
1	5	0.00	0.02	0.68	1.08	0.00
2	2	0.00	0.00	0.34	0.99	0.00
2	6	0.00	0.00	0.27	0.89	0.00
3	3	0.00	0.01	4.66	93.77	0.00
3	7	0.00	0.00	0.29	0.79	0.00
Core	CPU	C1%	C3%	C6%	C8%	C9%
-	-	0.00	0.44	8.41	13.87	0.32
0	0	0.01	3.43	56.56	12.48	0.00
0	4	0.00	0.00	1.67	1.29	2.58
1	1	0.00	0.01	0.49	1.09	0.00
1	5	0.00	0.03	0.72	1.10	0.00
2	2	0.00	0.00	0.87	0.37	0.00
2	6	0.00	0.04	1.00	0.98	0.00
3	3	0.00	0.01	5.78	92.53	0.00
3	7	0.00	0.00	0.22	1.09	0.00
Core	CPU	C1%	C3%	C6%	C8%	C9%
-	-	0.04	0.31	8.44	14.40	0.00
0	0	0.01	2.34	57.62	12.62	0.00
0	4	0.00	0.00	1.37	1.40	0.00
1	1	0.29	0.00	0.35	2.48	0.00
1	5	0.00	0.01	0.85	0.70	0.00
2	2	0.00	0.02	1.07	11.22	0.00
2	6	0.00	0.09	0.92	1.20	0.00
3	3	0.00	0.00	4.61	84.34	0.00
3	7	0.00	0.00	0.74	1.28	0.00
Core	CPU	C1%	C3%	C6%	C8%	C9%
-	-	0.00	0.31	8.10	14.83	0.00
0	0	0.02	2.32	56.67	13.35	0.00
0	4	0.00	0.00	0.29	0.80	0.00
1	1	0.00	0.00	0.34	1.08	0.00
1	5	0.00	0.06	1.00	1.86	0.00
2	2	0.00	0.00	0.18	0.69	0.00
2	6	0.00	0.00	0.27	0.93	0.00
3	3	0.00	0.01	5.51	92.89	0.00
3	7	0.00	0.07	0.53	7.06	0.00
Core	CPU	C1%	C3%	C6%	C8%	C9%
-	-	0.00	0.52	7.98	16.43	1.15
0	0	0.01	4.10	55.17	12.51	0.00
0	4	0.01	0.00	0.79	0.88	9.14
1	1	0.00	0.02	0.29	2.39	0.00
1	5	0.00	0.03	0.58	1.67	0.03
2	2	0.00	0.00	0.19	0.99	0.00
2	6	0.00	0.00	0.35	1.11	0.00
3	3	0.00	0.00	5.18	90.77	0.00
3	7	0.01	0.04	1.31	21.14	0.00
Core	CPU	C1%	C3%	C6%	C8%	C9%
-	-	0.02	1.17	9.42	12.54	2.77
0	0	0.01	2.06	38.42	1.96	0.00
0	4	0.00	0.00	0.76	0.10	22.17
1	1	0.00	0.00	0.35	1.79	0.00
1	5	0.00	0.00	0.88	0.89	0.00
2	2	0.00	0.03	4.22	52.46	0.00
2	6	0.00	0.01	0.16	1.04	0.00
3	3	0.15	7.26	29.91	41.66	0.00
3	7	0.00	0.00	0.66	0.39	0.00
Core	CPU	C1%	C3%	C6%	C8%	C9%
-	-	0.03	1.89	9.50	12.41	0.02
0	0	0.00	0.02	13.61	0.41	0.12
0	4	0.00	0.00	0.37	0.32	0.00
1	1	0.00	0.00	0.18	0.88	0.00
1	5	0.00	0.04	0.75	1.19	0.00
2	2	0.00	0.00	4.67	94.01	0.00
2	6	0.00	0.00	0.28	1.46	0.00
3	3	0.28	15.07	55.79	0.00	0.00
3	7	0.00	0.00	0.37	1.01	0.00
Core	CPU	C1%	C3%	C6%	C8%	C9%
-	-	0.04	1.83	8.73	12.37	0.00
0	0	0.01	0.06	5.74	0.99	0.00
0	4	0.00	0.00	0.34	1.00	0.00
1	1	0.00	0.00	1.01	0.50	0.00
1	5	0.00	0.03	1.20	0.58	0.00
2	2	0.00	0.00	4.79	93.88	0.00
2	6	0.00	0.02	0.35	1.11	0.00
3	3	0.32	14.50	56.08	0.00	0.00
3	7	0.00	0.00	0.35	0.90	0.00
Core	CPU	C1%	C3%	C6%	C8%	C9%
-	-	0.00	0.37	8.59	15.02	0.00
0	0	0.01	2.96	58.47	11.06	0.00
0	4	0.00	0.00	0.96	0.51	0.00
1	1	0.00	0.00	0.45	11.37	0.00
1	5	0.00	0.01	1.25	0.79	0.00
2	2	0.00	0.00	5.78	92.66	0.00
2	6	0.00	0.00	0.39	1.68	0.00
3	3	0.01	0.00	1.04	0.69	0.00
3	7	0.00	0.00	0.38	1.38	0.00
Core	CPU	C1%	C3%	C6%	C8%	C9%
-	-	0.01	1.31	8.64	12.69	0.43
0	0	0.01	1.42	31.89	6.20	0.00
0	4	0.00	0.02	0.57	0.82	0.00
1	1	0.00	0.00	0.37	2.52	0.00
1	5	0.00	0.02	0.50	0.88	3.41
2	2	0.00	0.00	5.94	90.05	0.00
2	6	0.00	0.00	0.41	0.79	0.00
3	3	0.10	8.97	28.98	0.30	0.00
3	7	0.00	0.01	0.49	0.00	0.00
Core	CPU	C1%	C3%	C6%	C8%	C9%
-	-	0.00	0.25	7.76	14.31	0.00
0	0	0.02	2.01	54.72	15.51	0.00
0	4	0.00	0.00	0.26	0.31	0.00
1	1	0.00	0.00	0.24	1.08	0.00
1	5	0.00	0.02	0.73	0.89	0.00
2	2	0.00	0.00	4.46	93.94	0.00
2	6	0.00	0.00	0.29	1.77	0.00
3	3	0.00	0.00	0.86	0.39	0.00
3	7	0.00	0.00	0.54	0.59	0.00
Core	CPU	C1%	C3%	C6%	C8%	C9%
-	-	0.00	0.41	7.99	13.92	0.00
0	0	0.02	3.18	54.96	14.31	0.00
0	4	0.00	0.00	0.56	0.22	0.00
1	1	0.00	0.00	0.45	0.78	0.00
1	5	0.00	0.02	0.73	1.37	0.00
2	2	0.00	0.05	6.30	92.06	0.00
2	6	0.00	0.02	0.26	1.10	0.03
3	3	0.00	0.00	0.29	0.79	0.00
3	7	0.00	0.00	0.37	0.69	0.00
Core	CPU	C1%	C3%	C6%	C8%	C9%
-	-	0.00	0.32	8.04	13.97	0.00
0	0	0.01	2.52	56.02	13.81	0.00
0	4	0.00	0.00	0.41	0.29	0.00
1	1	0.00	0.00	0.19	0.99	0.00
1	5	0.00	0.00	1.08	0.90	0.00
2	2	0.00	0.00	5.04	93.41	0.00
2	6	0.00	0.02	0.90	0.50	0.00
3	3	0.00	0.02	0.39	1.00	0.00
3	7	0.00	0.00	0.29	0.89	0.00
Core	CPU	C1%	C3%	C6%	C8%	C9%
-	-	0.00	0.61	8.88	13.44	0.15
0	0	0.01	2.14	50.56	9.83	0.12
0	4	0.00	0.00	0.46	0.49	0.00
1	1	0.00	0.00	0.10	0.89	0.00
1	5	0.02	2.69	11.99	1.38	0.00
2	2	0.00	0.01	5.13	93.33	0.00
2	6	0.00	0.00	0.95	0.53	1.05
3	3	0.00	0.00	1.03	0.30	0.00
3	7	0.00	0.01	0.79	0.79	0.00
Core	CPU	C1%	C3%	C6%	C8%	C9%
-	-	0.00	0.53	8.01	14.30	1.67
0	0	0.02	4.18	55.45	12.06	0.00
0	4	0.00	0.00	0.91	0.19	9.91
1	1	0.00	0.00	0.92	7.40	0.00
1	5	0.00	0.05	0.87	0.99	3.42
2	2	0.00	0.01	4.67	91.25	0.00
2	6	0.00	0.00	0.46	1.05	0.00
3	3	0.00	0.00	0.37	0.69	0.00
3	7	0.00	0.01	0.44	0.79	0.00
Core	CPU	C1%	C3%	C6%	C8%	C9%
-	-	0.00	0.36	8.56	13.84	0.81
0	0	0.02	2.78	59.33	10.33	0.00
0	4	0.00	0.00	1.01	1.96	5.56
1	1	0.00	0.00	0.45	0.62	0.00
1	5	0.00	0.02	0.46	1.18	0.00
2	2	0.00	0.02	5.35	93.09	0.00
2	6	0.00	0.02	0.35	1.88	0.96
3	3	0.00	0.00	0.48	1.18	0.00
3	7	0.00	0.02	1.03	0.50	0.00
Core	CPU	C1%	C3%	C6%	C8%	C9%
-	-	0.00	0.38	8.15	13.78	0.11
0	0	0.02	2.99	57.03	12.35	0.00
0	4	0.00	0.00	0.83	0.50	0.90
1	1	0.00	0.00	0.55	0.39	0.00
1	5	0.00	0.01	1.13	0.50	0.00
2	2	0.00	0.02	4.08	89.62	0.00
2	6	0.00	0.00	0.16	1.04	0.00
3	3	0.00	0.00	0.39	5.50	0.00
3	7	0.00	0.00	1.00	0.39	0.00
Core	CPU	C1%	C3%	C6%	C8%	C9%
-	-	0.01	1.06	8.82	13.11	0.10
0	0	0.03	1.26	31.89	8.51	0.00
0	4	0.00	0.00	0.96	0.90	0.80
1	1	0.00	0.00	0.25	0.99	0.00
1	5	0.02	7.15	29.34	1.09	0.00
2	2	0.00	0.03	6.78	91.36	0.00
2	6	0.00	0.00	0.68	0.48	0.00
3	3	0.00	0.02	0.29	0.43	0.00
3	7	0.00	0.03	0.38	1.09	0.00
Core	CPU	C1%	C3%	C6%	C8%	C9%
-	-	0.00	0.74	8.67	14.01	0.00
0	0	0.01	2.30	47.52	9.45	0.01
0	4	0.00	0.00	0.43	1.20	0.00
1	1	0.00	0.00	0.31	3.50	0.00
1	5	0.02	3.58	14.87	0.19	0.00
2	2	0.00	0.00	0.38	1.19	0.00
2	6	0.00	0.00	0.38	1.49	0.00
3	3	0.00	0.00	4.82	93.67	0.00
3	7	0.00	0.02	0.63	1.38	0.00
Core	CPU	C1%	C3%	C6%	C8%	C9%
-	-	0.01	2.01	8.85	12.12	1.06
0	0	0.00	0.55	9.00	3.39	0.00
0	4	0.00	0.00	0.58	0.08	8.46
1	1	0.00	0.00	0.23	0.51	0.00
1	5	0.06	15.54	53.98	0.00	0.00
2	2	0.00	0.00	0.19	0.90	0.00
2	6	0.00	0.00	0.19	0.99	0.00
3	3	0.00	0.00	6.09	89.86	0.00
3	7	0.00	0.00	0.56	1.19	0.00
Core	CPU	C1%	C3%	C6%	C8%	C9%
-	-	0.00	1.89	9.62	12.33	0.05
0	0	0.00	0.18	12.55	3.11	0.11
0	4	0.00	0.00	0.78	0.31	0.31
1	1	0.00	0.00	0.27	1.00	0.00
1	5	0.00	14.91	55.17	0.00	0.00
2	2	0.00	0.00	0.35	0.69	0.00
2	6	0.00	0.00	0.34	1.22	0.00
3	3	0.00	0.02	6.75	91.84	0.00
3	7	0.00	0.02	0.78	0.49	0.00
Core	CPU	C1%	C3%	C6%	C8%	C9%
-	-	0.00	1.08	8.74	13.73	0.00
0	0	0.02	1.64	33.02	11.69	0.00
0	4	0.00	0.00	0.73	0.40	0.00
1	1	0.00	0.02	0.38	2.69	0.00
1	5	0.02	6.96	27.88	0.49	0.00
2	2	0.00	0.01	4.44	55.73	0.00
2	6	0.00	0.00	0.88	11.33	0.00
3	3	0.00	0.00	1.79	26.73	0.00
3	7	0.00	0.00	0.84	0.81	0.00
Core	CPU	C1%	C3%	C6%	C8%	C9%
-	-	0.00	0.22	7.80	14.25	0.00
0	0	0.02	1.68	53.39	17.11	0.00
0	4	0.00	0.00	0.37	0.41	0.00
1	1	0.00	0.00	0.35	1.69	0.00
1	5	0.00	0.00	0.33	0.68	0.00
2	2	0.00	0.00	0.72	0.20	0.00
2	6	0.00	0.03	6.36	91.91	0.00
3	3	0.00	0.00	0.19	0.89	0.00
3	7	0.00	0.00	0.68	1.09	0.00
Core	CPU	C1%	C3%	C6%	C8%	C9%
-	-	0.00	0.31	8.10	13.96	0.10
0	0	0.01	2.42	56.56	13.32	0.00
0	4	0.00	0.00	0.70	0.00	0.77
1	1	0.00	0.00	0.19	2.17	0.00
1	5	0.00	0.00	0.27	0.99	0.00
2	2	0.00	0.00	0.52	0.92	0.00
2	6	0.00	0.00	2.16	27.28	0.00
3	3	0.00	0.02	3.82	66.19	0.00
3	7	0.00	0.06	0.58	0.79	0.00
Core	CPU	C1%	C3%	C6%	C8%	C9%
-	-	0.00	0.36	7.78	13.94	0.60
0	0	0.02	2.87	53.72	13.97	0.00
0	4	0.00	0.02	1.29	0.00	1.29
1	1	0.00	0.00	0.19	1.29	0.00
1	5	0.00	0.00	0.38	1.38	0.00
2	2	0.00	0.00	0.96	1.29	0.00
2	6	0.00	0.01	0.44	1.29	0.00
3	3	0.00	0.00	4.69	90.96	0.00
3	7	0.00	0.00	0.61	1.38	3.50
Core	CPU	C1%	C3%	C6%	C8%	C9%
-	-	0.00	0.32	8.27	14.04	0.00
0	0	0.02	2.44	56.98	12.92	0.00
0	4	0.00	0.00	0.85	0.00	0.00
1	1	0.00	0.00	0.92	1.58	0.00
1	5	0.00	0.01	0.99	0.39	0.00
2	2	0.00	0.00	0.30	1.28	0.00
2	6	0.00	0.07	0.51	1.67	0.00
3	3	0.00	0.02	5.28	93.12	0.00
3	7	0.00	0.00	0.34	1.39	0.00
Core	CPU	C1%	C3%	C6%	C8%	C9%
-	-	0.01	1.31	9.18	16.51	0.48
0	0	0.00	1.22	28.01	6.77	0.00
0	4	0.00	0.00	0.76	0.00	3.87
1	1	0.04	8.93	32.56	0.89	0.00
1	5	0.01	0.25	3.74	1.39	0.00
2	2	0.00	0.00	0.56	0.90	0.00
2	6	0.00	0.01	1.37	0.00	0.00
3	3	0.00	0.00	5.38	93.10	0.00
3	7	0.01	0.05	1.09	29.03	0.00
Core	CPU	C1%	C3%	C6%	C8%	C9%
-	-	0.02	1.85	9.13	12.28	0.00
0	0	0.00	0.37	7.06	3.10	0.00
0	4	0.00	0.00	0.68	0.21	0.00
1	1	0.13	14.38	55.89	0.00	0.00
1	5	0.00	0.03	0.84	1.20	0.00
2	2	0.00	0.00	0.83	0.40	0.00
2	6	0.00	0.03	0.88	0.49	0.00
3	3	0.00	0.00	6.11	92.51	0.00
3	7	0.00	0.00	0.78	0.30	0.00
Core	CPU	C1%	C3%	C6%	C8%	C9%
-	-	0.00	0.23	7.70	15.48	0.00
0	0	0.02	1.88	52.51	17.78	0.00
0	4	0.00	0.00	0.73	0.30	0.00
1	1	0.00	0.00	1.38	7.25	0.00
1	5	0.00	0.00	1.23	1.89	0.00
2	2	0.00	0.00	0.28	0.89	0.00
2	6	0.00	0.00	0.68	1.49	0.00
3	3	0.00	0.00	4.57	93.83	0.00
3	7	0.00	0.00	0.22	0.40	0.00
Core	CPU	C1%	C3%	C6%	C8%	C9%
-	-	0.00	0.48	7.68	13.76	0.44
0	0	0.02	3.75	52.68	15.08	0.00
0	4	0.00	0.00	0.75	0.71	0.00
1	1	0.00	0.00	0.35	0.59	0.00
1	5	0.00	0.02	0.45	1.56	0.00
2	2	0.00	0.02	0.29	0.31	0.00
2	6	0.00	0.06	6.16	89.56	0.00
3	3	0.00	0.00	0.39	1.57	0.00
3	7	0.00	0.00	0.37	0.69	3.50
Core	CPU	C1%	C3%	C6%	C8%	C9%
-	-	0.01	1.83	9.23	12.24	0.00
0	0	0.00	0.27	8.90	2.92	0.00
0	4	0.00	0.00	0.78	0.50	0.00
1	1	0.00	0.00	0.28	0.89	0.00
1	5	0.00	0.01	0.57	0.99	0.00
2	2	0.07	14.29	55.32	0.30	0.00
2	6	0.00	0.07	7.38	91.07	0.00
3	3	0.00	0.02	0.29	0.60	0.00
3	7	0.00	0.00	0.29	0.69	0.00
Core	CPU	C1%	C3%	C6%	C8%	C9%
-	-	0.00	0.43	8.73	14.75	0.93
0	0	0.02	3.40	59.04	9.99	0.00
0	4	0.00	0.00	0.63	0.21	6.51
1	1	0.00	0.02	1.75	12.02	0.00
1	5	0.00	0.05	0.58	1.29	0.00
2	2	0.00	0.00	1.08	0.39	0.00
2	6	0.00	0.00	6.02	92.06	0.00
3	3	0.00	0.00	0.50	1.18	0.91
3	7	0.00	0.00	0.24	0.88	0.00
Core	CPU	C1%	C3%	C6%	C8%	C9%
-	-	0.00	0.28	7.99	14.93	0.65
0	0	0.01	2.14	55.41	14.76	0.00
0	4	0.00	0.00	0.58	0.19	5.19
1	1	0.00	0.00	0.94	8.12	0.00
1	5	0.00	0.01	0.45	0.98	0.00
2	2	0.00	0.00	0.42	1.10	0.00
2	6	0.00	0.08	5.29	92.95	0.00
3	3	0.00	0.00	0.49	0.69	0.00
3	7	0.00	0.00	0.37	0.69	0.00
Core	CPU	C1%	C3%	C6%	C8%	C9%
-	-	0.00	0.29	8.25	14.81	0.26
0	0	0.02	2.25	57.26	12.82	0.00
0	4	0.00	0.00	0.68	0.21	2.09
1	1	0.00	0.00	1.16	7.99	0.00
1	5	0.00	0.03	1.12	1.67	0.00
2	2	0.00	0.00	0.25	0.89	0.00
2	6	0.00	0.03	2.04	25.70	0.00
3	3	0.00	0.03	3.30	68.34	0.00
3	7	0.00	0.00	0.20	0.89	0.00
Core	CPU	C1%	C3%	C6%	C8%	C9%
-	-	0.00	0.56	8.08	13.60	0.00
0	0	0.02	4.40	55.50	12.14	0.00
0	4	0.00	0.00	0.93	0.22	0.00
1	1	0.00	0.00	0.32	1.09	0.00
1	5	0.00	0.00	1.49	0.69	0.00
2	2	0.00	0.00	0.21	1.28	0.00
2	6	0.00	0.07	3.36	49.68	0.00
3	3	0.00	0.00	2.57	42.70	0.00
3	7	0.00	0.00	0.23	0.98	0.02
Core	CPU	C1%	C3%	C6%	C8%	C9%
-	-	0.01	1.80	9.41	12.21	0.00
0	0	0.00	0.22	10.77	1.85	0.00
0	4	0.00	0.00	0.36	0.89	0.00
1	1	0.00	0.00	0.14	0.89	0.00
1	5	0.00	0.00	0.72	0.50	0.00
2	2	0.09	14.11	55.12	0.00	0.00
2	6	0.00	0.10	4.95	50.01	0.00
3	3	0.00	0.00	2.59	42.37	0.00
3	7	0.00	0.00	0.66	1.18	0.00
Core	CPU	C1%	C3%	C6%	C8%	C9%
-	-	0.00	0.42	8.38	13.70	0.00
0	0	0.01	3.22	57.78	11.60	0.00
0	4	0.00	0.00	0.39	0.50	0.00
1	1	0.00	0.00	0.44	1.88	0.00
1	5	0.00	0.00	0.36	1.39	0.00
2	2	0.00	0.00	0.85	0.29	0.00
2	6	0.00	0.08	5.24	59.83	0.00
3	3	0.00	0.02	1.55	33.10	0.00
3	7	0.00	0.00	0.46	0.99	0.00
Core	CPU	C1%	C3%	C6%	C8%	C9%
-	-	0.00	0.36	8.28	13.60	1.42
0	0	0.01	2.74	58.49	11.17	0.00
0	4	0.00	0.00	0.63	0.00	11.37
1	1	0.00	0.02	0.87	1.39	0.00
1	5	0.00	0.00	0.13	0.70	0.00
2	2	0.00	0.00	0.28	0.30	0.00
2	6	0.00	0.09	3.43	47.56	0.00
3	3	0.00	0.00	2.23	46.47	0.00
3	7	0.00	0.00	0.14	1.18	0.00
Core	CPU	C1%	C3%	C6%	C8%	C9%
-	-	0.00	0.24	7.98	14.43	0.00
0	0	0.01	1.80	54.16	16.22	0.00
0	4	0.00	0.00	0.65	0.71	0.00
1	1	0.00	0.00	0.38	4.10	0.00
1	5	0.00	0.00	0.53	0.59	0.00
2	2	0.00	0.02	0.21	1.01	0.00
2	6	0.00	0.12	7.26	90.92	0.00
3	3	0.00	0.00	0.39	1.08	0.00
3	7	0.00	0.01	0.27	0.79	0.00
Core	CPU	C1%	C3%	C6%	C8%	C9%
-	-	0.01	2.03	9.26	11.61	0.00
0	0	0.00	0.26	9.44	1.74	0.00
0	4	0.00	0.00	0.79	0.40	0.00
1	1	0.00	0.00	0.39	0.98	0.00
1	5	0.00	0.00	0.37	1.47	0.00
2	2	0.09	15.79	53.13	0.00	0.00
2	6	0.00	0.08	8.92	84.08	0.00
3	3	0.00	0.01	0.38	3.89	0.00
3	7	0.00	0.09	0.69	0.30	0.00
Core	CPU	C1%	C3%	C6%	C8%	C9%
-	-	0.00	1.14	9.15	13.09	0.00
0	0	0.01	1.06	33.90	8.90	0.00
0	4	0.00	0.00	0.53	0.11	0.00
1	1	0.00	0.10	0.22	0.69	0.00
1	5	0.00	0.00	0.29	0.90	0.00
2	2	0.01	7.87	31.22	0.40	0.00
2	6	0.00	0.06	4.83	68.15	0.00
3	3	0.00	0.00	1.87	25.01	0.00
3	7	0.00	0.00	0.33	0.59	0.00
Core	CPU	C1%	C3%	C6%	C8%	C9%
-	-	0.01	1.97	10.08	12.90	0.02
0	0	0.00	0.61	14.13	4.98	0.16
0	4	0.00	0.00	1.46	1.52	0.00
1	1	0.00	0.00	0.43	1.49	0.00
1	5	0.00	0.00	0.55	2.28	0.00
2	2	0.08	15.09	55.00	0.00	0.00
2	6	0.00	0.03	8.25	90.23	0.00
3	3	0.00	0.00	0.39	1.38	0.00
3	7	0.00	0.00	0.46	1.28	0.00
Core	CPU	C1%	C3%	C6%	C8%	C9%
-	-	0.01	1.85	10.16	13.24	2.93
0	0	0.00	0.49	16.10	5.66	0.00
0	4	0.00	0.01	0.84	1.44	23.46
1	1	0.00	0.00	0.77	1.30	0.00
1	5	0.00	0.00	0.65	1.60	0.00
2	2	0.08	14.24	55.77	0.00	0.00
2	6	0.00	0.02	4.51	61.45	0.00
3	3	0.00	0.00	2.27	32.56	0.00
3	7	0.00	0.00	0.38	1.90	0.00
Core	CPU	C1%	C3%	C6%	C8%	C9%
-	-	0.01	1.88	9.80	12.59	0.02
0	0	0.00	0.64	13.37	6.24	0.14
0	4	0.00	0.00	0.46	0.89	0.00
1	1	0.00	0.00	0.23	1.20	0.00
1	5	0.00	0.02	0.24	0.60	0.00
2	2	0.06	14.35	54.94	0.00	0.00
2	6	0.00	0.03	8.52	89.93	0.00
3	3	0.00	0.00	0.36	0.99	0.00
3	7	0.00	0.00	0.24	0.89	0.00
Core	CPU	C1%	C3%	C6%	C8%	C9%
-	-	0.01	1.93	9.50	12.66	0.00
0	0	0.00	0.44	13.04	5.58	0.02
0	4	0.00	0.00	0.45	1.32	0.00
1	1	0.00	0.00	0.55	1.50	0.00
1	5	0.00	0.00	0.64	1.29	0.00
2	2	0.08	14.91	53.51	0.00	0.00
2	6	0.00	0.06	4.27	37.93	0.00
3	3	0.00	0.00	2.89	52.59	0.00
3	7	0.00	0.00	0.67	1.10	0.00
Core	CPU	C1%	C3%	C6%	C8%	C9%
-	-	0.01	1.91	9.56	12.99	2.39
0	0	0.00	0.94	12.63	7.90	0.01
0	4	0.00	0.00	0.63	0.00	19.13
1	1	0.00	0.02	0.30	0.30	0.00
1	5	0.00	0.00	0.19	0.90	0.00
2	2	0.03	8.06	32.69	0.40	0.00
2	6	0.01	6.24	24.67	0.60	0.00
3	3	0.00	0.02	5.15	93.40	0.00
3	7	0.00	0.00	0.22	0.41	0.00
Core	CPU	C1%	C3%	C6%	C8%	C9%
-	-	0.00	0.33	7.66	15.04	0.00
0	0	0.03	2.59	52.13	17.85	0.00
0	4	0.00	0.00	0.47	0.99	0.00
1	1	0.00	0.00	0.36	4.86	0.00
1	5	0.00	0.00	0.93	1.96	0.00
2	2	0.00	0.00	0.43	0.32	0.00
2	6	0.00	0.03	1.29	0.30	0.00
3	3	0.00	0.00	5.37	92.85	0.00
3	7	0.00	0.00	0.27	1.19	0.00
Core	CPU	C1%	C3%	C6%	C8%	C9%
-	-	0.00	1.85	9.55	12.08	0.00
0	0	0.00	0.05	12.72	0.97	0.00
0	4	0.00	0.01	0.80	0.30	0.00
1	1	0.03	14.58	55.56	0.00	0.00
1	5	0.00	0.00	0.28	0.79	0.00
2	2	0.00	0.00	0.26	0.79	0.00
2	6	0.00	0.13	0.82	0.10	0.00
3	3	0.00	0.02	5.77	92.69	0.00
3	7	0.00	0.00	0.19	1.00	0.00
Core	CPU	C1%	C3%	C6%	C8%	C9%
-	-	0.01	1.56	9.39	16.27	0.00
0	0	0.00	0.57	18.49	4.42	0.00
0	4	0.00	0.00	0.53	0.82	0.00
1	1	0.05	11.76	47.70	0.49	0.00
1	5	0.00	0.02	0.37	1.01	0.00
2	2	0.00	0.00	0.29	0.90	0.00
2	6	0.00	0.07	2.74	19.76	0.00
3	3	0.00	0.00	4.15	73.22	0.00
3	7	0.01	0.04	0.88	29.54	0.00
Core	CPU	C1%	C3%	C6%	C8%	C9%
-	-	0.01	1.89	9.55	11.66	0.00
0	0	0.00	0.15	12.71	1.09	0.00
0	4	0.00	0.00	0.68	0.50	0.00
1	1	0.11	14.91	54.42	0.00	0.00
1	5	0.00	0.00	0.29	0.90	0.00
2	2	0.00	0.00	0.23	0.50	0.00
2	6	0.00	0.10	6.74	82.25	0.00
3	3	0.00	0.00	0.48	7.25	0.00
3	7	0.00	0.00	0.87	0.79	0.00
Core	CPU	C1%	C3%	C6%	C8%	C9%
-	-	0.01	1.43	9.21	13.81	1.61
0	0	0.00	1.09	25.47	9.06	0.12
0	4	0.00	0.00	0.72	2.02	12.76
1	1	0.05	10.27	40.89	2.88	0.00
1	5	0.00	0.00	0.26	0.70	0.00
2	2	0.00	0.00	0.37	0.97	0.00
2	6	0.00	0.07	0.55	0.90	0.00
3	3	0.00	0.00	5.31	93.21	0.00
3	7	0.00	0.00	0.09	0.71	0.00
Core	CPU	C1%	C3%	C6%	C8%	C9%
-	-	0.00	0.44	8.38	14.29	0.47
0	0	0.00	3.44	56.21	12.93	0.00
0	4	0.00	0.00	0.84	0.31	3.77
1	1	0.00	0.00	1.14	6.43	0.00
1	5	0.00	0.01	0.98	0.49	0.00
2	2	0.00	0.00	0.19	0.99	0.00
2	6	0.00	0.09	6.02	65.64	0.00
3	3	0.00	0.00	1.41	26.57	0.00
3	7	0.00	0.00	0.24	0.99	0.00
Core	CPU	C1%	C3%	C6%	C8%	C9%
-	-	0.00	0.28	8.07	15.44	0.94
0	0	0.02	2.10	56.30	14.06	0.00
0	4	0.00	0.00	0.67	0.31	7.49
1	1	0.00	0.00	1.03	9.64	0.00
1	5	0.00	0.00	0.39	1.29	0.00
2	2	0.00	0.02	0.29	1.19	0.00
2	6	0.00	0.13	0.77	1.79	0.00
3	3	0.00	0.00	4.45	94.00	0.00
3	7	0.00	0.00	0.65	1.28	0.00
Core	CPU	C1%	C3%	C6%	C8%	C9%
-	-	0.00	0.29	7.80	14.97	0.42
0	0	0.01	2.14	54.58	15.67	0.00
0	4	0.00	0.00	0.49	0.00	3.39
1	1	0.00	0.00	0.64	6.15	0.00
1	5	0.00	0.00	0.27	0.99	0.00
2	2	0.00	0.00	0.25	1.09	0.00
2	6	0.00	0.14	1.55	0.99	0.00
3	3	0.00	0.03	4.43	93.99	0.00
3	7	0.00	0.00	0.20	0.89	0.00
Core	CPU	C1%	C3%	C6%	C8%	C9%
-	-	0.09	0.57	7.90	14.30	0.86
0	0	0.01	4.41	55.51	11.85	0.00
0	4	0.00	0.00	0.63	0.11	6.89
1	1	0.69	0.02	1.08	6.81	0.00
1	5	0.00	0.00	0.39	1.49	0.00
2	2	0.00	0.00	0.28	1.09	0.00
2	6	0.00	0.07	1.10	0.79	0.00
3	3	0.00	0.00	4.12	91.79	0.00
3	7	0.00	0.05	0.10	0.49	0.00
Core	CPU	C1%	C3%	C6%	C8%	C9%
-	-	0.00	0.19	7.43	15.04	0.00
0	0	0.01	1.45	51.76	19.01	0.00
0	4	0.00	0.00	0.74	0.40	0.00
1	1	0.00	0.00	0.34	3.56	0.00
1	5	0.00	0.00	0.23	1.68	0.00
2	2	0.00	0.00	0.15	0.99	0.00
2	6	0.00	0.10	0.89	0.40	0.00
3	3	0.00	0.00	4.96	93.42	0.00
3	7	0.00	0.00	0.35	0.89	0.00
Core	CPU	C1%	C3%	C6%	C8%	C9%
-	-	0.00	0.37	7.60	14.81	0.00
0	0	0.02	2.83	53.10	16.52	0.00
0	4	0.00	0.00	0.29	0.41	0.00
1	1	0.00	0.00	0.33	5.39	0.00
1	5	0.00	0.00	0.75	0.50	0.00
2	2	0.00	0.00	0.24	0.70	0.00
2	6	0.00	0.15	1.46	0.40	0.00
3	3	0.00	0.00	4.23	94.00	0.00
3	7	0.00	0.00	0.38	0.59	0.00
Core	CPU	C1%	C3%	C6%	C8%	C9%
-	-	0.00	0.27	8.46	13.80	0.00
0	0	0.01	2.04	54.36	15.95	0.00
0	4	0.00	0.00	0.53	0.29	0.00
1	1	0.00	0.00	0.67	2.96	0.00
1	5	0.00	0.00	0.39	0.98	0.00
2	2	0.00	0.00	0.36	1.19	0.00
2	6	0.00	0.10	8.90	71.77	0.00
3	3	0.00	0.00	1.66	16.94	0.00
3	7	0.00	0.01	0.79	0.30	0.00
Core	CPU	C1%	C3%	C6%	C8%	C9%
-	-	0.00	0.30	8.35	13.93	0.00
0	0	0.01	2.25	56.83	13.32	0.00
0	4	0.00	0.00	0.68	0.49	0.00
1	1	0.00	0.00	0.39	1.78	0.00
1	5	0.00	0.03	0.29	0.99	0.00
2	2	0.00	0.00	0.97	1.89	0.00
2	6	0.00	0.15	4.84	55.21	0.00
3	3	0.00	0.00	2.48	36.89	0.00
3	7	0.00	0.01	0.34	0.89	0.00
Core	CPU	C1%	C3%	C6%	C8%	C9%
-	-	0.00	0.47	7.82	13.70	0.00
0	0	0.02	3.71	52.49	15.71	0.00
0	4	0.00	0.00	0.58	0.21	0.00
1	1	0.00	0.00	0.28	1.69	0.00
1	5	0.00	0.00	0.37	0.99	0.00
2	2	0.00	0.00	0.74	0.39	0.00
2	6	0.00	0.03	6.59	79.27	0.00
3	3	0.00	0.02	0.67	10.95	0.00
3	7	0.00	0.00	0.89	0.39	0.00
Core	CPU	C1%	C3%	C6%	C8%	C9%
-	-	0.00	0.35	8.55	13.34	1.05
0	0	0.02	2.66	60.40	9.50	0.00
0	4	0.00	0.00	0.64	0.00	8.36
1	1	0.00	0.00	0.82	0.29	0.00
1	5	0.00	0.01	0.79	0.29	0.00
2	2	0.00	0.00	0.19	0.69	0.00
2	6	0.00	0.13	0.56	1.48	0.00
3	3	0.00	0.00	4.74	93.77	0.00
3	7	0.00	0.00	0.23	0.68	0.00
