Core	CPU	C1%	C3%	C6%	C8%	C9%
-	-	0.12	0.75	1.21	2.05	0.52
0	0	0.00	0.03	1.63	2.07	0.00
0	4	0.00	0.01	0.82	0.48	0.00
1	1	0.69	0.09	2.09	3.55	0.00
1	5	0.18	0.00	0.50	0.10	2.35
2	2	0.00	0.02	2.45	4.32	0.00
2	6	0.00	0.00	0.39	0.50	0.00
3	3	0.00	0.00	1.22	5.31	0.00
3	7	0.11	5.84	0.57	0.10	1.77
Core	CPU	C1%	C3%	C6%	C8%	C9%
-	-	0.00	0.28	0.53	1.30	0.13
0	0	0.00	0.00	0.94	1.28	0.00
0	4	0.00	0.00	0.53	1.08	0.00
1	1	0.00	0.00	0.20	1.28	0.00
1	5	0.00	0.00	0.76	1.48	0.00
2	2	0.00	0.00	0.46	1.79	0.00
2	6	0.00	0.00	0.54	1.67	0.00
3	3	0.00	0.01	0.59	1.68	0.00
3	7	0.00	2.20	0.22	0.11	1.01
Core	CPU	C1%	C3%	C6%	C8%	C9%
-	-	0.00	0.28	0.56	1.41	0.00
0	0	0.00	0.02	0.49	1.18	0.00
0	4	0.00	0.00	0.29	1.48	0.00
1	1	0.00	0.00	0.85	1.77	0.00
1	5	0.00	0.00	0.65	1.48	0.00
2	2	0.00	0.00	0.80	1.78	0.00
2	6	0.00	0.00	0.39	1.77	0.00
3	3	0.00	0.00	0.89	1.80	0.00
3	7	0.00	2.21	0.08	0.00	0.00
Core	CPU	C1%	C3%	C6%	C8%	C9%
-	-	0.00	0.21	0.73	1.53	0.00
0	0	0.00	0.03	0.46	2.18	0.00
0	4	0.00	0.00	0.65	1.39	0.00
1	1	0.00	0.00	0.42	1.88	0.00
1	5	0.00	0.02	1.85	1.58	0.00
2	2	0.00	0.00	0.78	1.68	0.00
2	6	0.00	0.00	0.47	1.78	0.00
3	3	0.00	0.00	0.85	1.39	0.00
3	7	0.01	1.65	0.37	0.39	0.00
Core	CPU	C1%	C3%	C6%	C8%	C9%
-	-	0.00	0.25	0.56	1.60	0.00
0	0	0.00	0.00	1.08	1.67	0.00
0	4	0.00	0.00	0.54	1.79	0.00
1	1	0.00	0.05	0.40	1.88	0.00
1	5	0.00	0.10	0.46	1.88	0.00
2	2	0.00	0.00	0.29	1.98	0.00
2	6	0.00	0.00	0.38	1.77	0.00
3	3	0.00	0.00	0.85	1.83	0.00
3	7	0.00	1.87	0.45	0.00	0.00
Core	CPU	C1%	C3%	C6%	C8%	C9%
-	-	0.00	0.36	3.63	1.32	0.00
0	0	0.00	0.00	0.86	1.18	0.00
0	4	0.00	0.00	0.41	1.39	0.00
1	1	0.00	0.02	0.99	0.99	0.00
1	5	0.00	0.00	0.86	1.19	0.00
2	2	0.00	0.00	0.37	1.97	0.00
2	6	0.00	0.00	0.45	1.87	0.00
3	3	0.00	0.00	0.42	1.94	0.00
3	7	0.00	2.83	24.70	0.00	0.00
Core	CPU	C1%	C3%	C6%	C8%	C9%
-	-	0.00	0.37	3.52	1.42	0.00
0	0	0.00	0.00	0.25	1.38	0.00
0	4	0.00	0.00	0.82	1.18	0.00
1	1	0.00	0.00	0.20	1.19	0.00
1	5	0.00	0.00	0.68	1.98	0.00
2	2	0.00	0.00	0.46	1.78	0.00
2	6	0.00	0.00	0.34	1.98	0.00
3	3	0.00	0.05	0.91	1.85	0.00
3	7	0.00	2.88	24.48	0.00	0.00
Core	CPU	C1%	C3%	C6%	C8%	C9%
-	-	0.02	0.36	1.37	1.65	0.00
0	0	0.00	0.00	1.33	0.89	0.00
0	4	0.00	0.02	1.09	0.49	0.00
1	1	0.10	0.01	0.73	1.97	0.00
1	5	0.00	0.00	0.87	2.08	0.00
2	2	0.00	0.00	0.55	1.58	0.00
2	6	0.00	0.00	0.93	1.78	0.00
3	3	0.00	0.02	0.70	1.89	0.00
3	7	0.09	2.83	4.73	2.49	0.00
Core	CPU	C1%	C3%	C6%	C8%	C9%
-	-	0.00	0.23	0.57	1.43	0.00
0	0	0.00	0.00	0.86	1.98	0.00
0	4	0.00	0.00	0.46	1.78	0.00
1	1	0.00	0.00	0.74	1.28	0.00
1	5	0.00	0.00	0.82	1.78	0.00
2	2	0.00	0.00	0.20	0.99	0.00
2	6	0.00	0.00	0.29	1.68	0.00
3	3	0.00	0.00	0.46	1.62	0.00
3	7	0.01	1.86	0.77	0.32	0.00
Core	CPU	C1%	C3%	C6%	C8%	C9%
-	-	0.00	0.31	3.80	1.35	0.12
0	0	0.00	0.00	0.48	1.67	0.00
0	4	0.00	0.00	0.55	1.68	0.00
1	1	0.00	0.00	1.12	1.18	0.00
1	5	0.00	0.01	1.26	1.18	0.00
2	2	0.00	0.00	0.48	1.67	0.00
2	6	0.00	0.00	0.56	1.58	0.00
3	3	0.00	0.00	0.33	1.84	0.00
3	7	0.00	2.47	25.64	0.00	0.99
Core	CPU	C1%	C3%	C6%	C8%	C9%
-	-	0.00	0.35	0.60	1.39	0.00
0	0	0.00	0.00	0.95	1.18	0.00
0	4	0.00	0.00	0.24	1.29	0.00
1	1	0.00	0.01	0.39	0.99	0.00
1	5	0.00	0.00	0.68	1.97	0.00
2	2	0.00	0.00	0.75	1.88	0.00
2	6	0.00	0.00	0.35	1.88	0.00
3	3	0.00	0.00	0.98	1.94	0.00
3	7	0.00	2.77	0.43	0.00	0.00
Core	CPU	C1%	C3%	C6%	C8%	C9%
-	-	0.00	0.33	3.72	1.37	0.10
0	0	0.00	0.00	0.66	2.08	0.00
0	4	0.00	0.02	0.82	1.18	0.00
1	1	0.00	0.00	0.20	1.29	0.00
1	5	0.00	0.00	0.46	1.78	0.00
2	2	0.00	0.00	0.46	1.57	0.00
2	6	0.00	0.00	0.84	1.78	0.00
3	3	0.00	0.02	1.39	1.25	0.00
3	7	0.00	2.56	24.92	0.00	0.82
Core	CPU	C1%	C3%	C6%	C8%	C9%
-	-	0.00	0.33	0.46	1.43	0.00
0	0	0.00	0.00	0.64	1.58	0.00
0	4	0.00	0.02	0.34	1.48	0.00
1	1	0.00	0.00	0.29	1.38	0.00
1	5	0.00	0.00	0.71	1.67	0.00
2	2	0.00	0.00	0.55	1.68	0.00
2	6	0.00	0.00	0.33	1.78	0.00
3	3	0.00	0.00	0.68	1.87	0.00
3	7	0.00	2.65	0.11	0.00	0.00
Core	CPU	C1%	C3%	C6%	C8%	C9%
-	-	0.00	0.27	0.60	1.29	0.00
0	0	0.00	0.02	0.49	0.99	0.00
0	4	0.00	0.00	0.33	1.28	0.00
1	1	0.00	0.00	0.96	1.87	0.00
1	5	0.00	0.00	0.62	1.68	0.00
2	2	0.00	0.00	1.50	0.99	0.00
2	6	0.00	0.00	0.39	1.68	0.00
3	3	0.00	0.00	0.38	1.80	0.00
3	7	0.01	2.17	0.11	0.00	0.00
Core	CPU	C1%	C3%	C6%	C8%	C9%
-	-	0.00	0.25	0.59	1.51	0.00
0	0	0.00	0.00	0.20	1.28	0.00
0	4	0.00	0.00	0.56	2.17	0.00
1	1	0.00	0.00	0.55	1.68	0.00
1	5	0.00	0.00	0.92	1.68	0.00
2	2	0.00	0.00	0.39	1.78	0.00
2	6	0.00	0.00	0.97	1.78	0.00
3	3	0.00	0.00	0.87	1.72	0.00
3	7	0.00	2.00	0.22	0.00	0.00
Core	CPU	C1%	C3%	C6%	C8%	C9%
-	-	0.00	0.26	0.45	1.41	0.00
0	0	0.00	0.00	0.94	1.97	0.00
0	4	0.00	0.00	0.32	1.49	0.00
1	1	0.00	0.00	0.32	1.09	0.00
1	5	0.00	0.00	0.27	1.29	0.00
2	2	0.00	0.00	0.28	1.97	0.00
2	6	0.00	0.00	0.46	1.68	0.00
3	3	0.00	0.00	0.63	1.64	0.00
3	7	0.01	2.08	0.36	0.17	0.00
Core	CPU	C1%	C3%	C6%	C8%	C9%
-	-	0.00	0.24	0.65	0.90	0.00
0	0	0.00	0.00	1.12	1.20	0.00
0	4	0.00	0.00	0.31	0.20	0.00
1	1	0.00	0.00	0.10	0.60	0.00
1	5	0.00	0.00	1.08	1.18	0.00
2	2	0.00	0.00	0.55	1.19	0.00
2	6	0.00	0.00	0.83	1.48	0.00
3	3	0.00	0.01	0.89	1.39	0.00
3	7	0.00	1.89	0.31	0.00	0.00
Core	CPU	C1%	C3%	C6%	C8%	C9%
-	-	0.00	0.36	0.50	1.47	0.00
0	0	0.00	0.02	0.49	0.99	0.00
0	4	0.00	0.04	0.78	2.26	0.00
1	1	0.00	0.00	0.59	1.67	0.00
1	5	0.00	0.00	0.52	1.67	0.00
2	2	0.00	0.02	0.59	1.58	0.00
2	6	0.00	0.00	0.59	1.68	0.00
3	3	0.00	0.00	0.37	1.91	0.00
3	7	0.01	2.78	0.11	0.00	0.00
Core	CPU	C1%	C3%	C6%	C8%	C9%
-	-	0.00	0.32	0.82	1.49	0.00
0	0	0.00	0.00	0.48	1.77	0.00
0	4	0.00	0.00	1.74	1.35	0.00
1	1	0.00	0.00	0.83	1.77	0.00
1	5	0.00	0.02	0.98	1.77	0.00
2	2	0.00	0.00	0.89	1.77	0.00
2	6	0.00	0.00	0.47	1.67	0.00
3	3	0.00	0.00	0.90	1.83	0.00
3	7	0.02	2.57	0.28	0.00	0.00
Core	CPU	C1%	C3%	C6%	C8%	C9%
-	-	0.00	0.34	0.59	1.23	0.00
0	0	0.00	0.00	0.99	1.29	0.00
0	4	0.00	0.00	0.24	1.28	0.00
1	1	0.00	0.01	0.99	0.89	0.00
1	5	0.00	0.00	0.28	1.28	0.00
2	2	0.00	0.00	0.75	1.87	0.00
2	6	0.00	0.00	0.45	1.68	0.00
3	3	0.00	0.00	0.72	1.53	0.00
3	7	0.01	2.67	0.29	0.00	0.00
Core	CPU	C1%	C3%	C6%	C8%	C9%
-	-	0.00	0.34	0.39	1.42	0.00
0	0	0.00	0.00	0.75	1.38	0.00
0	4	0.00	0.00	0.23	1.19	0.00
1	1	0.00	0.01	0.38	1.44	0.00
1	5	0.00	0.00	0.67	1.88	0.00
2	2	0.00	0.00	0.47	1.68	0.00
2	6	0.00	0.00	0.25	1.97	0.00
3	3	0.00	0.00	0.42	1.85	0.00
3	7	0.02	2.67	0.00	0.00	0.00
Core	CPU	C1%	C3%	C6%	C8%	C9%
-	-	0.00	0.34	0.66	1.49	0.00
0	0	0.00	0.00	1.07	2.08	0.00
0	4	0.00	0.02	0.44	1.49	0.00
1	1	0.00	0.01	1.69	0.99	0.00
1	5	0.00	0.00	0.46	1.87	0.00
2	2	0.00	0.00	0.56	1.97	0.00
2	6	0.00	0.00	0.54	1.77	0.00
3	3	0.00	0.02	0.39	1.78	0.00
3	7	0.00	2.68	0.16	0.00	0.00
Core	CPU	C1%	C3%	C6%	C8%	C9%
-	-	0.00	0.31	0.92	1.45	0.00
0	0	0.00	0.00	1.10	2.28	0.00
0	4	0.00	0.00	0.89	1.38	0.00
1	1	0.00	0.02	0.77	1.98	0.00
1	5	0.00	0.00	0.46	1.67	0.00
2	2	0.00	0.00	1.50	1.08	0.00
2	6	0.00	0.02	1.19	0.98	0.00
3	3	0.00	0.00	1.34	2.20	0.00
3	7	0.00	2.47	0.11	0.00	0.00
Core	CPU	C1%	C3%	C6%	C8%	C9%
-	-	0.00	0.31	0.39	1.66	0.00
0	0	0.00	0.00	0.39	2.07	0.00
0	4	0.00	0.00	0.42	1.97	0.00
1	1	0.00	0.00	0.56	2.08	0.00
1	5	0.00	0.00	0.41	2.07	0.00
2	2	0.01	0.00	0.60	1.48	0.00
2	6	0.00	0.00	0.37	1.69	0.00
3	3	0.00	0.00	0.25	1.92	0.00
3	7	0.00	2.47	0.11	0.00	0.00
Core	CPU	C1%	C3%	C6%	C8%	C9%
-	-	0.00	0.33	0.49	1.43	0.00
0	0	0.00	0.00	0.75	1.87	0.00
0	4	0.00	0.00	0.35	1.87	0.00
1	1	0.00	0.08	0.65	1.09	0.00
1	5	0.00	0.00	0.20	1.09	0.00
2	2	0.00	0.00	0.76	1.87	0.00
2	6	0.00	0.00	0.79	1.87	0.00
3	3	0.00	0.00	0.42	1.75	0.00
3	7	0.00	2.58	0.00	0.00	0.00
Core	CPU	C1%	C3%	C6%	C8%	C9%
-	-	0.00	0.34	0.49	1.28	0.00
0	0	0.00	0.00	0.58	1.38	0.00
0	4	0.00	0.03	0.78	0.69	0.00
1	1	0.00	0.02	1.09	0.70	0.00
1	5	0.00	0.00	0.36	1.97	0.00
2	2	0.00	0.00	0.45	1.68	0.00
2	6	0.00	0.00	0.33	1.87	0.00
3	3	0.00	0.00	0.29	1.98	0.00
3	7	0.00	2.67	0.00	0.00	0.00
Core	CPU	C1%	C3%	C6%	C8%	C9%
-	-	0.00	0.35	0.77	1.55	0.00
0	0	0.00	0.00	1.47	1.99	0.00
0	4	0.00	0.00	0.60	1.69	0.00
1	1	0.00	0.04	1.09	1.78	0.00
1	5	0.00	0.00	0.55	1.49	0.00
2	2	0.00	0.00	0.71	1.48	0.00
2	6	0.00	0.00	0.30	1.98	0.00
3	3	0.00	0.00	1.17	1.99	0.00
3	7	0.00	2.75	0.31	0.00	0.00
Core	CPU	C1%	C3%	C6%	C8%	C9%
-	-	0.00	0.31	0.62	1.73	0.00
0	0	0.00	0.00	0.86	2.76	0.00
0	4	0.00	0.00	0.43	2.37	0.00
1	1	0.00	0.02	1.05	1.56	0.00
1	5	0.00	0.00	0.82	1.78	0.00
2	2	0.00	0.00	0.98	1.68	0.00
2	6	0.00	0.00	0.38	1.88	0.00
3	3	0.00	0.00	0.35	1.83	0.00
3	7	0.00	2.48	0.10	0.00	0.00
Core	CPU	C1%	C3%	C6%	C8%	C9%
-	-	0.00	0.33	0.56	1.16	0.00
0	0	0.00	0.00	0.35	0.81	0.00
0	4	0.00	0.00	0.39	1.96	0.00
1	1	0.00	0.04	1.39	0.00	0.00
1	5	0.00	0.00	0.20	1.18	0.00
2	2	0.00	0.00	0.97	1.67	0.00
2	6	0.00	0.00	0.46	1.77	0.00
3	3	0.00	0.00	0.72	1.86	0.00
3	7	0.00	2.57	0.00	0.00	0.00
Core	CPU	C1%	C3%	C6%	C8%	C9%
-	-	0.00	0.31	0.73	1.57	0.00
0	0	0.00	0.00	1.90	0.79	0.00
0	4	0.00	0.02	0.97	0.49	0.00
1	1	0.00	0.00	1.29	2.56	0.00
1	5	0.00	0.00	0.45	1.87	0.00
2	2	0.00	0.00	0.34	1.97	0.00
2	6	0.00	0.00	0.33	2.07	0.00
3	3	0.00	0.00	0.48	2.77	0.00
3	7	0.00	2.47	0.11	0.00	0.00
Core	CPU	C1%	C3%	C6%	C8%	C9%
-	-	0.01	0.31	1.11	1.75	0.15
0	0	0.00	0.02	0.92	2.19	0.00
0	4	0.00	0.00	0.36	1.38	0.00
1	1	0.00	0.02	0.71	1.88	0.00
1	5	0.00	0.00	0.45	1.78	0.00
2	2	0.00	0.00	1.02	1.28	0.00
2	6	0.00	0.01	1.68	0.99	0.00
3	3	0.00	0.00	0.47	2.09	0.00
3	7	0.08	2.45	3.23	2.42	1.21
Core	CPU	C1%	C3%	C6%	C8%	C9%
-	-	0.00	0.32	0.65	1.25	0.00
0	0	0.00	0.00	0.10	1.28	0.00
0	4	0.00	0.00	0.38	1.97	0.00
1	1	0.00	0.02	1.72	0.49	0.00
1	5	0.00	0.00	0.90	1.29	0.00
2	2	0.00	0.00	0.39	1.88	0.00
2	6	0.00	0.00	0.98	1.68	0.00
3	3	0.00	0.00	0.74	1.43	0.00
3	7	0.00	2.58	0.00	0.00	0.00
Core	CPU	C1%	C3%	C6%	C8%	C9%
-	-	0.00	0.32	0.70	1.08	0.00
0	0	0.00	0.00	0.86	1.09	0.00
0	4	0.00	0.00	0.45	1.18	0.00
1	1	0.00	0.01	1.13	0.59	0.00
1	5	0.00	0.00	0.89	0.59	0.00
2	2	0.00	0.00	0.77	1.67	0.00
2	6	0.00	0.00	0.56	1.58	0.00
3	3	0.00	0.00	0.83	1.96	0.00
3	7	0.00	2.57	0.11	0.00	0.00
Core	CPU	C1%	C3%	C6%	C8%	C9%
-	-	0.00	0.32	0.39	1.53	0.00
0	0	0.00	0.00	0.34	1.38	0.00
0	4	0.00	0.02	0.20	1.28	0.00
1	1	0.00	0.02	0.59	2.08	0.00
1	5	0.00	0.00	0.45	1.78	0.00
2	2	0.00	0.00	0.73	1.97	0.00
2	6	0.00	0.00	0.32	1.88	0.00
3	3	0.00	0.00	0.40	1.87	0.00
3	7	0.00	2.47	0.10	0.00	0.00
Core	CPU	C1%	C3%	C6%	C8%	C9%
-	-	0.00	0.31	0.58	1.62	0.00
0	0	0.00	0.02	1.07	2.29	0.00
0	4	0.00	0.00	0.29	1.19	0.00
1	1	0.00	0.00	0.69	1.98	0.00
1	5	0.00	0.00	0.83	1.78	0.00
2	2	0.00	0.00	0.42	1.78	0.00
2	6	0.00	0.00	0.29	1.78	0.00
3	3	0.00	0.00	0.96	2.12	0.00
3	7	0.00	2.47	0.11	0.00	0.00
Core	CPU	C1%	C3%	C6%	C8%	C9%
-	-	0.00	0.34	0.50	1.27	0.00
0	0	0.00	0.00	0.48	1.48	0.00
0	4	0.00	0.00	0.61	1.09	0.00
1	1	0.00	0.05	1.00	0.70	0.00
1	5	0.00	0.00	0.68	0.89	0.00
2	2	0.00	0.00	0.38	1.98	0.00
2	6	0.00	0.00	0.46	1.97	0.00
3	3	0.00	0.00	0.33	2.03	0.00
3	7	0.00	2.67	0.11	0.00	0.00
Core	CPU	C1%	C3%	C6%	C8%	C9%
-	-	0.00	0.28	0.50	1.44	0.00
0	0	0.00	0.00	0.56	1.97	0.00
0	4	0.00	0.00	0.44	1.87	0.00
1	1	0.00	0.07	0.77	1.07	0.00
1	5	0.00	0.00	0.58	1.19	0.00
2	2	0.00	0.00	0.56	1.96	0.00
2	6	0.00	0.00	0.65	1.57	0.00
3	3	0.00	0.00	0.42	1.87	0.00
3	7	0.00	2.18	0.00	0.00	0.00
Core	CPU	C1%	C3%	C6%	C8%	C9%
-	-	0.00	0.31	0.63	1.25	0.00
0	0	0.00	0.00	0.42	1.19	0.00
0	4	0.00	0.00	0.29	1.38	0.00
1	1	0.00	0.01	1.18	1.47	0.00
1	5	0.00	0.00	0.53	1.68	0.00
2	2	0.00	0.00	1.02	1.18	0.00
2	6	0.00	0.01	0.99	1.28	0.00
3	3	0.00	0.00	0.48	1.80	0.00
3	7	0.00	2.47	0.11	0.00	0.00
Core	CPU	C1%	C3%	C6%	C8%	C9%
-	-	0.00	0.31	0.68	1.74	0.00
0	0	0.00	0.00	0.78	2.39	0.00
0	4	0.00	0.00	0.54	1.87	0.00
1	1	0.00	0.02	1.16	2.07	0.00
1	5	0.00	0.00	0.33	1.97	0.00
2	2	0.00	0.00	0.99	1.68	0.00
2	6	0.00	0.00	0.98	1.58	0.00
3	3	0.00	0.00	0.54	2.40	0.00
3	7	0.00	2.47	0.11	0.00	0.00
Core	CPU	C1%	C3%	C6%	C8%	C9%
-	-	0.00	0.33	0.61	1.15	0.00
0	0	0.00	0.00	0.37	1.19	0.00
0	4	0.00	0.00	0.38	1.47	0.00
1	1	0.00	0.04	1.60	0.40	0.00
1	5	0.00	0.00	0.68	0.79	0.00
2	2	0.00	0.00	0.98	1.78	0.00
2	6	0.00	0.00	0.47	1.68	0.00
3	3	0.00	0.00	0.34	1.93	0.00
3	7	0.00	2.58	0.11	0.00	0.00
Core	CPU	C1%	C3%	C6%	C8%	C9%
-	-	0.00	0.34	0.52	1.27	0.00
0	0	0.00	0.00	0.36	1.18	0.00
0	4	0.00	0.00	0.44	1.18	0.00
1	1	0.00	0.02	1.02	1.09	0.00
1	5	0.00	0.00	0.44	1.49	0.00
2	2	0.00	0.00	0.68	1.67	0.00
2	6	0.00	0.00	0.80	1.67	0.00
3	3	0.00	0.00	0.42	1.85	0.00
3	7	0.00	2.67	0.00	0.00	0.00
Core	CPU	C1%	C3%	C6%	C8%	C9%
-	-	0.00	0.34	0.51	1.43	0.00
0	0	0.00	0.00	0.78	0.69	0.00
0	4	0.00	0.02	0.29	1.18	0.00
1	1	0.00	0.02	0.69	2.08	0.00
1	5	0.00	0.00	0.46	1.87	0.00
2	2	0.00	0.00	0.35	1.78	0.00
2	6	0.00	0.00	0.92	1.88	0.00
3	3	0.00	0.00	0.58	1.98	0.00
3	7	0.01	2.66	0.00	0.00	0.02
Core	CPU	C1%	C3%	C6%	C8%	C9%
-	-	0.00	0.28	0.64	1.27	0.00
0	0	0.00	0.02	1.23	0.81	0.00
0	4	0.00	0.00	0.15	1.09	0.00
1	1	0.00	0.00	1.47	1.39	0.00
1	5	0.00	0.00	0.34	1.68	0.00
2	2	0.00	0.02	0.49	1.58	0.00
2	6	0.00	0.00	0.98	1.68	0.00
3	3	0.00	0.00	0.37	1.91	0.00
3	7	0.00	2.17	0.11	0.00	0.00
Core	CPU	C1%	C3%	C6%	C8%	C9%
-	-	0.00	0.32	0.68	1.33	0.00
0	0	0.00	0.00	0.77	1.18	0.00
0	4	0.00	0.00	1.11	1.29	0.00
1	1	0.00	0.02	1.11	1.49	0.00
1	5	0.00	0.00	0.37	1.49	0.00
2	2	0.00	0.00	1.07	1.68	0.00
2	6	0.00	0.00	0.46	1.67	0.00
3	3	0.00	0.00	0.43	1.85	0.00
3	7	0.01	2.57	0.11	0.00	0.00
Core	CPU	C1%	C3%	C6%	C8%	C9%
-	-	0.00	0.33	0.54	1.48	0.00
0	0	0.00	0.00	0.74	1.38	0.00
0	4	0.00	0.00	0.32	1.69	0.00
1	1	0.00	0.05	0.57	1.19	0.00
1	5	0.00	0.00	0.77	1.97	0.00
2	2	0.00	0.00	0.55	1.67	0.00
2	6	0.00	0.00	0.33	1.97	0.00
3	3	0.00	0.00	0.89	1.98	0.00
3	7	0.00	2.57	0.11	0.00	0.00
Core	CPU	C1%	C3%	C6%	C8%	C9%
-	-	0.00	0.33	0.57	1.58	0.00
0	0	0.00	0.01	1.18	0.79	0.00
0	4	0.00	0.00	0.45	2.15	0.00
1	1	0.00	0.01	0.76	1.98	0.00
1	5	0.00	0.00	0.42	1.87	0.00
2	2	0.00	0.02	0.57	1.78	0.00
2	6	0.00	0.00	0.29	1.88	0.00
3	3	0.00	0.00	0.90	2.21	0.00
3	7	0.00	2.57	0.00	0.00	0.00
Core	CPU	C1%	C3%	C6%	C8%	C9%
-	-	0.00	0.31	0.88	1.91	0.00
0	0	0.00	0.00	0.84	2.67	0.00
0	4	0.00	0.00	0.56	2.56	0.00
1	1	0.00	0.02	2.31	1.58	0.00
1	5	0.00	0.02	1.19	1.09	0.00
2	2	0.00	0.00	0.98	2.46	0.00
2	6	0.00	0.00	0.47	2.46	0.00
3	3	0.00	0.00	0.61	2.44	0.00
3	7	0.01	2.47	0.11	0.00	0.00
Core	CPU	C1%	C3%	C6%	C8%	C9%
-	-	0.00	0.33	0.43	1.43	0.00
0	0	0.00	0.00	0.25	1.38	0.00
0	4	0.00	0.00	0.44	1.96	0.00
1	1	0.00	0.00	1.21	0.59	0.00
1	5	0.00	0.00	0.46	1.87	0.00
2	2	0.00	0.00	0.45	1.77	0.00
2	6	0.00	0.00	0.33	1.77	0.00
3	3	0.00	0.00	0.29	2.07	0.00
3	7	0.00	2.66	0.00	0.00	0.00
Core	CPU	C1%	C3%	C6%	C8%	C9%
-	-	0.00	0.31	0.60	1.74	0.00
0	0	0.00	0.02	0.80	2.76	0.00
0	4	0.00	0.00	0.20	1.18	0.00
1	1	0.00	0.00	1.70	2.22	0.00
1	5	0.00	0.00	0.58	1.88	0.00
2	2	0.00	0.00	0.52	1.78	0.00
2	6	0.00	0.00	0.39	1.98	0.00
3	3	0.00	0.00	0.47	2.12	0.00
3	7	0.00	2.47	0.11	0.00	0.00
Core	CPU	C1%	C3%	C6%	C8%	C9%
-	-	0.00	0.32	0.55	1.14	0.00
0	0	0.00	0.00	0.30	1.18	0.00
0	4	0.00	0.00	0.43	1.08	0.00
1	1	0.00	0.01	1.04	0.68	0.00
1	5	0.00	0.00	0.77	0.69	0.00
2	2	0.00	0.00	0.74	1.97	0.00
2	6	0.00	0.00	0.56	1.67	0.00
3	3	0.00	0.00	0.43	1.84	0.00
3	7	0.00	2.57	0.11	0.00	0.00
Core	CPU	C1%	C3%	C6%	C8%	C9%
-	-	0.00	0.35	0.57	1.50	0.00
0	0	0.00	0.00	0.68	1.49	0.00
0	4	0.00	0.00	0.33	1.48	0.00
1	1	0.00	0.00	1.01	0.78	0.00
1	5	0.00	0.00	0.66	1.88	0.00
2	2	0.00	0.00	0.46	2.36	0.00
2	6	0.00	0.00	0.83	1.87	0.00
3	3	0.00	0.02	0.58	2.17	0.00
3	7	0.00	2.76	0.00	0.00	0.00
Core	CPU	C1%	C3%	C6%	C8%	C9%
-	-	0.00	0.31	0.51	1.64	0.00
0	0	0.00	0.02	0.39	1.38	0.00
0	4	0.00	0.00	0.39	1.48	0.00
1	1	0.00	0.02	0.98	1.86	0.00
1	5	0.00	0.00	0.35	2.37	0.00
2	2	0.00	0.00	0.51	1.88	0.00
2	6	0.00	0.00	0.79	2.08	0.00
3	3	0.00	0.00	0.56	2.09	0.00
3	7	0.00	2.47	0.11	0.00	0.00
Core	CPU	C1%	C3%	C6%	C8%	C9%
-	-	0.01	0.32	1.25	2.02	0.15
0	0	0.00	0.00	0.60	1.68	0.00
0	4	0.00	0.00	0.50	1.67	0.00
1	1	0.00	0.00	0.98	1.58	0.00
1	5	0.00	0.00	1.01	1.67	0.00
2	2	0.00	0.00	0.39	1.78	0.00
2	6	0.00	0.00	0.76	1.87	0.00
3	3	0.00	0.00	0.34	1.84	0.00
3	7	0.09	2.59	5.41	4.08	1.21
Core	CPU	C1%	C3%	C6%	C8%	C9%
-	-	0.00	0.34	0.68	1.31	0.00
0	0	0.00	0.00	0.86	0.90	0.00
0	4	0.00	0.00	0.31	1.19	0.00
1	1	0.00	0.05	1.48	1.00	0.00
1	5	0.00	0.00	0.98	1.68	0.00
2	2	0.00	0.00	0.47	1.78	0.00
2	6	0.00	0.00	0.95	1.67	0.00
3	3	0.00	0.00	0.42	2.24	0.00
3	7	0.00	2.68	0.00	0.00	0.00
Core	CPU	C1%	C3%	C6%	C8%	C9%
-	-	0.00	0.33	0.65	1.44	0.00
0	0	0.00	0.00	0.43	1.69	0.00
0	4	0.00	0.00	0.82	1.19	0.00
1	1	0.00	0.02	1.30	0.98	0.00
1	5	0.00	0.00	0.88	1.78	0.00
2	2	0.00	0.00	0.46	1.78	0.00
2	6	0.00	0.00	0.35	1.97	0.00
3	3	0.00	0.02	0.98	2.17	0.00
3	7	0.00	2.58	0.00	0.00	0.00
Core	CPU	C1%	C3%	C6%	C8%	C9%
-	-	0.00	0.30	0.61	1.35	0.00
0	0	0.00	0.00	0.71	1.38	0.00
0	4	0.00	0.00	0.36	1.59	0.00
1	1	0.00	0.02	0.67	1.98	0.00
1	5	0.00	0.00	0.51	1.87	0.00
2	2	0.00	0.00	1.02	1.08	0.00
2	6	0.00	0.01	0.99	1.18	0.00
3	3	0.00	0.00	0.48	1.70	0.00
3	7	0.00	2.37	0.10	0.00	0.00
Core	CPU	C1%	C3%	C6%	C8%	C9%
-	-	0.00	0.35	0.48	1.54	0.00
0	0	0.00	0.00	0.29	1.28	0.00
0	4	0.00	0.00	0.87	1.78	0.00
1	1	0.00	0.02	0.74	1.78	0.00
1	5	0.00	0.00	0.42	1.78	0.00
2	2	0.00	0.00	0.39	1.88	0.00
2	6	0.00	0.00	0.48	1.68	0.00
3	3	0.00	0.00	0.35	2.12	0.00
3	7	0.00	2.75	0.31	0.00	0.00
Core	CPU	C1%	C3%	C6%	C8%	C9%
-	-	0.01	0.00	1.03	0.80	0.25
0	0	0.03	0.00	0.15	0.20	0.00
0	4	0.00	0.00	0.03	0.04	0.00
1	1	0.00	0.01	0.41	0.17	0.00
1	5	0.01	0.00	0.03	0.03	1.45
2	2	0.00	0.00	0.05	0.07	0.00
2	6	0.00	0.00	0.02	0.07	0.00
3	3	0.00	0.00	0.04	0.25	0.00
3	7	0.03	0.00	7.51	5.59	0.54
Core	CPU	C1%	C3%	C6%	C8%	C9%
-	-	0.00	0.33	0.58	1.56	0.00
0	0	0.00	0.00	0.78	1.97	0.00
0	4	0.00	0.00	0.78	2.08	0.00
1	1	0.00	0.03	1.04	1.67	0.00
1	5	0.00	0.00	0.33	2.07	0.00
2	2	0.00	0.00	0.99	1.18	0.00
2	6	0.00	0.00	0.39	1.67	0.00
3	3	0.00	0.00	0.36	1.83	0.00
3	7	0.00	2.58	0.00	0.00	0.00
Core	CPU	C1%	C3%	C6%	C8%	C9%
-	-	0.07	0.27	3.22	4.53	0.01
0	0	0.02	0.02	5.56	5.11	0.00
0	4	0.02	0.02	1.99	3.56	0.10
1	1	0.25	0.06	4.94	6.04	0.00
1	5	0.00	0.02	2.15	2.95	0.00
2	2	0.02	0.00	4.24	4.43	0.00
2	6	0.20	0.03	1.41	2.80	0.00
3	3	0.02	0.02	4.04	10.16	0.00
3	7	0.01	1.99	1.43	1.22	0.00
Core	CPU	C1%	C3%	C6%	C8%	C9%
-	-	0.00	0.02	0.51	0.84	0.00
0	0	0.00	0.02	0.93	0.99	0.00
0	4	0.00	0.00	0.24	1.08	0.00
1	1	0.00	0.04	0.97	0.00	0.00
1	5	0.00	0.00	0.19	0.99	0.00
2	2	0.00	0.00	0.36	0.89	0.00
2	6	0.00	0.00	0.73	0.79	0.00
3	3	0.00	0.01	0.29	1.26	0.00
3	7	0.00	0.08	0.37	0.69	0.00
Core	CPU	C1%	C3%	C6%	C8%	C9%
-	-	0.00	0.01	0.49	1.04	0.00
0	0	0.00	0.02	0.65	0.20	0.00
0	4	0.00	0.00	0.63	1.10	0.00
1	1	0.00	0.03	0.76	1.37	0.00
1	5	0.00	0.00	0.44	0.79	0.00
2	2	0.00	0.00	0.23	1.59	0.00
2	6	0.00	0.02	0.19	0.99	0.00
3	3	0.00	0.00	0.29	1.27	0.00
3	7	0.00	0.00	0.70	1.00	0.00
Core	CPU	C1%	C3%	C6%	C8%	C9%
-	-	0.00	0.01	0.34	0.82	0.00
0	0	0.00	0.01	0.30	0.20	0.00
0	4	0.00	0.00	0.19	0.99	0.00
1	1	0.00	0.01	0.97	0.60	0.00
1	5	0.00	0.00	0.25	0.99	0.00
2	2	0.00	0.02	0.20	0.90	0.00
2	6	0.00	0.00	0.20	1.09	0.00
3	3	0.00	0.00	0.37	0.72	0.00
3	7	0.00	0.00	0.24	1.08	0.00
Core	CPU	C1%	C3%	C6%	C8%	C9%
-	-	0.00	0.00	0.59	1.14	0.00
0	0	0.00	0.00	0.35	1.20	0.00
0	4	0.00	0.00	0.33	0.41	0.00
1	1	0.00	0.00	0.89	1.12	0.00
1	5	0.00	0.00	1.14	1.30	0.00
2	2	0.00	0.00	0.45	1.30	0.00
2	6	0.00	0.00	0.61	1.41	0.00
3	3	0.00	0.00	0.40	0.87	0.00
3	7	0.00	0.00	0.55	1.51	0.00
Core	CPU	C1%	C3%	C6%	C8%	C9%
-	-	0.00	0.00	0.43	1.09	0.00
0	0	0.00	0.00	0.59	1.89	0.00
0	4	0.00	0.00	0.35	1.40	0.00
1	1	0.00	0.01	0.49	0.51	0.00
1	5	0.00	0.00	0.46	0.81	0.00
2	2	0.00	0.00	0.62	0.81	0.00
2	6	0.00	0.00	0.32	0.80	0.00
3	3	0.00	0.00	0.37	1.69	0.00
3	7	0.00	0.00	0.27	0.79	0.00
Core	CPU	C1%	C3%	C6%	C8%	C9%
-	-	0.00	0.04	0.61	3.98	0.13
0	0	0.00	0.00	0.08	0.59	0.00
0	4	0.00	0.00	0.28	0.65	1.00
1	1	0.00	0.06	0.86	0.78	0.00
1	5	0.00	0.00	0.32	1.09	0.00
2	2	0.00	0.01	0.69	0.89	0.00
2	6	0.00	0.00	0.20	1.08	0.00
3	3	0.00	0.00	1.00	1.42	0.00
3	7	0.02	0.22	1.49	25.30	0.00
Core	CPU	C1%	C3%	C6%	C8%	C9%
-	-	0.03	0.01	0.99	1.45	0.00
0	0	0.00	0.00	0.39	1.18	0.00
0	4	0.00	0.00	0.47	1.48	0.00
1	1	0.28	0.02	1.79	0.50	0.00
1	5	0.00	0.00	0.72	0.60	0.00
2	2	0.00	0.00	0.28	1.29	0.00
2	6	0.00	0.02	1.62	2.24	0.00
3	3	0.00	0.00	0.97	2.05	0.00
3	7	0.00	0.05	1.66	2.24	0.00
Core	CPU	C1%	C3%	C6%	C8%	C9%
-	-	0.00	0.01	0.66	0.80	0.00
0	0	0.00	0.00	0.87	2.14	0.00
0	4	0.00	0.01	0.39	1.09	0.00
1	1	0.00	0.00	0.62	0.00	0.00
1	5	0.00	0.00	0.38	0.30	0.00
2	2	0.00	0.00	0.28	0.89	0.00
2	6	0.00	0.00	0.45	1.12	0.00
3	3	0.00	0.00	0.93	0.40	0.00
3	7	0.00	0.03	1.32	0.49	0.00
Core	CPU	C1%	C3%	C6%	C8%	C9%
-	-	0.00	0.00	0.69	0.96	0.00
0	0	0.00	0.00	0.87	1.40	0.00
0	4	0.00	0.00	1.02	0.79	0.00
1	1	0.00	0.00	0.89	0.32	0.00
1	5	0.00	0.00	0.47	0.99	0.00
2	2	0.00	0.00	0.36	0.79	0.00
2	6	0.00	0.00	0.42	1.56	0.00
3	3	0.00	0.01	0.39	0.89	0.00
3	7	0.00	0.01	1.07	0.98	0.00
Core	CPU	C1%	C3%	C6%	C8%	C9%
-	-	0.01	0.00	0.59	1.18	0.00
0	0	0.00	0.01	0.59	1.60	0.00
0	4	0.00	0.00	0.28	1.18	0.00
1	1	0.00	0.00	0.42	0.89	0.00
1	5	0.00	0.00	0.42	0.79	0.00
2	2	0.00	0.01	0.29	0.80	0.00
2	6	0.00	0.00	0.75	1.78	0.00
3	3	0.05	0.00	0.37	0.70	0.00
3	7	0.00	0.00	1.59	1.70	0.00
Core	CPU	C1%	C3%	C6%	C8%	C9%
-	-	0.00	0.00	0.52	1.47	0.00
0	0	0.00	0.00	0.45	1.99	0.00
0	4	0.00	0.00	1.16	1.84	0.00
1	1	0.00	0.00	0.31	1.38	0.00
1	5	0.00	0.00	0.30	1.40	0.00
2	2	0.00	0.00	0.18	1.40	0.00
2	6	0.00	0.00	0.37	1.22	0.00
3	3	0.00	0.00	0.44	0.71	0.00
3	7	0.00	0.03	0.90	1.82	0.00
Core	CPU	C1%	C3%	C6%	C8%	C9%
-	-	0.00	0.06	0.54	0.56	0.00
0	0	0.00	0.00	0.50	0.69	0.00
0	4	0.00	0.42	0.29	0.40	0.00
1	1	0.00	0.03	0.47	0.00	0.00
1	5	0.00	0.00	0.86	0.40	0.00
2	2	0.00	0.00	0.36	0.78	0.00
2	6	0.00	0.00	0.44	0.75	0.00
3	3	0.00	0.02	0.68	0.61	0.00
3	7	0.00	0.01	0.69	0.89	0.00
Core	CPU	C1%	C3%	C6%	C8%	C9%
-	-	0.03	0.00	0.56	1.06	0.00
0	0	0.00	0.00	0.59	1.78	0.00
0	4	0.00	0.00	0.82	0.62	0.00
1	1	0.00	0.00	1.01	0.79	0.00
1	5	0.00	0.00	0.45	0.71	0.00
2	2	0.00	0.00	0.23	0.90	0.00
2	6	0.00	0.00	0.54	1.80	0.00
3	3	0.21	0.00	0.42	1.08	0.00
3	7	0.00	0.01	0.45	0.78	0.00
Core	CPU	C1%	C3%	C6%	C8%	C9%
-	-	0.00	0.00	0.72	0.90	0.00
0	0	0.00	0.00	0.28	0.99	0.00
0	4	0.00	0.01	0.61	1.10	0.00
1	1	0.00	0.00	1.35	0.78	0.00
1	5	0.00	0.01	0.87	0.40	0.00
2	2	0.00	0.00	0.38	0.89	0.00
2	6	0.00	0.00	0.61	0.61	0.00
3	3	0.00	0.00	0.23	0.90	0.00
3	7	0.00	0.00	1.42	1.50	0.00
Core	CPU	C1%	C3%	C6%	C8%	C9%
-	-	0.00	0.00	0.50	1.17	0.00
0	0	0.00	0.00	0.36	0.69	0.00
0	4	0.00	0.00	0.63	1.50	0.00
1	1	0.00	0.02	0.40	0.69	0.00
1	5	0.00	0.00	0.20	0.99	0.00
2	2	0.00	0.00	0.36	1.09	0.00
2	6	0.00	0.00	0.25	1.52	0.00
3	3	0.00	0.00	0.41	1.00	0.00
3	7	0.00	0.02	1.40	1.87	0.00
Core	CPU	C1%	C3%	C6%	C8%	C9%
-	-	0.00	0.00	0.49	0.91	0.00
0	0	0.00	0.00	0.22	0.89	0.00
0	4	0.00	0.00	0.17	0.70	0.00
1	1	0.00	0.00	0.56	1.09	0.00
1	5	0.00	0.00	0.53	0.99	0.00
2	2	0.00	0.00	0.63	0.59	0.00
2	6	0.00	0.00	0.69	0.57	0.00
3	3	0.00	0.01	0.50	1.18	0.00
3	7	0.00	0.00	0.63	1.29	0.00
Core	CPU	C1%	C3%	C6%	C8%	C9%
-	-	0.01	0.01	0.73	0.95	0.00
0	0	0.00	0.00	1.01	0.79	0.00
0	4	0.00	0.00	0.87	0.39	0.00
1	1	0.00	0.00	0.44	0.79	0.00
1	5	0.00	0.02	0.82	0.79	0.00
2	2	0.00	0.00	0.47	1.69	0.00
2	6	0.00	0.00	0.79	1.48	0.00
3	3	0.11	0.02	0.60	0.77	0.00
3	7	0.00	0.03	0.87	0.90	0.00
Core	CPU	C1%	C3%	C6%	C8%	C9%
-	-	0.00	0.15	0.41	0.74	0.26
0	0	0.00	0.00	0.37	0.99	0.00
0	4	0.02	1.19	0.18	0.67	2.06
1	1	0.00	0.00	0.22	0.69	0.00
1	5	0.00	0.00	0.37	0.50	0.00
2	2	0.00	0.00	0.18	0.99	0.00
2	6	0.00	0.00	0.56	0.62	0.00
3	3	0.00	0.00	0.83	0.39	0.00
3	7	0.00	0.04	0.60	1.09	0.00
Core	CPU	C1%	C3%	C6%	C8%	C9%
-	-	0.00	0.01	0.51	0.59	0.00
0	0	0.00	0.00	0.45	0.59	0.00
0	4	0.00	0.00	0.50	0.88	0.00
1	1	0.00	0.02	0.30	0.20	0.00
1	5	0.00	0.00	0.39	0.79	0.00
2	2	0.00	0.00	0.36	0.79	0.00
2	6	0.00	0.00	0.35	1.06	0.00
3	3	0.00	0.02	0.60	0.19	0.00
3	7	0.01	0.02	1.10	0.19	0.00
Core	CPU	C1%	C3%	C6%	C8%	C9%
-	-	0.00	0.00	0.80	0.91	0.00
0	0	0.00	0.02	0.20	0.50	0.00
0	4	0.00	0.00	0.77	1.39	0.00
1	1	0.00	0.00	0.86	0.79	0.00
1	5	0.00	0.00	1.70	0.89	0.00
2	2	0.00	0.00	0.22	0.89	0.00
2	6	0.00	0.00	0.19	1.36	0.00
3	3	0.00	0.00	0.57	0.49	0.00
3	7	0.00	0.02	1.90	0.97	0.00
Core	CPU	C1%	C3%	C6%	C8%	C9%
-	-	0.01	0.00	0.59	1.13	0.00
0	0	0.00	0.00	0.66	1.70	0.00
0	4	0.00	0.00	0.58	1.49	0.00
1	1	0.00	0.00	0.25	0.91	0.00
1	5	0.00	0.00	0.39	1.39	0.00
2	2	0.00	0.00	0.57	0.89	0.00
2	6	0.00	0.00	0.60	1.19	0.00
3	3	0.11	0.00	0.39	0.69	0.00
3	7	0.00	0.01	1.33	0.80	0.00
Core	CPU	C1%	C3%	C6%	C8%	C9%
-	-	0.00	0.00	0.38	1.24	0.00
0	0	0.00	0.00	0.28	0.69	0.00
0	4	0.00	0.00	0.27	1.09	0.00
1	1	0.00	0.00	0.34	1.50	0.00
1	5	0.00	0.00	0.32	1.20	0.00
2	2	0.00	0.00	0.23	1.30	0.00
2	6	0.00	0.03	0.68	1.29	0.00
3	3	0.00	0.00	0.30	1.20	0.00
3	7	0.00	0.00	0.60	1.63	0.00
Core	CPU	C1%	C3%	C6%	C8%	C9%
-	-	0.01	0.01	0.74	0.96	0.00
0	0	0.00	0.00	0.92	0.49	0.00
0	4	0.00	0.01	0.60	0.10	0.00
1	1	0.00	0.00	0.47	1.39	0.00
1	5	0.00	0.00	0.55	1.48	0.00
2	2	0.00	0.00	1.22	0.79	0.00
2	6	0.10	0.01	0.99	0.69	0.00
3	3	0.00	0.04	0.75	1.39	0.00
3	7	0.00	0.00	0.44	1.39	0.00
Core	CPU	C1%	C3%	C6%	C8%	C9%
-	-	0.00	0.08	0.42	0.81	0.36
0	0	0.00	0.00	0.68	0.99	0.00
0	4	0.01	0.59	0.25	0.11	2.89
1	1	0.00	0.00	0.83	0.79	0.00
1	5	0.00	0.02	0.18	1.08	0.00
2	2	0.00	0.00	0.19	0.89	0.00
2	6	0.00	0.00	0.37	0.72	0.00
3	3	0.00	0.00	0.56	0.99	0.00
3	7	0.00	0.02	0.29	0.89	0.00
Core	CPU	C1%	C3%	C6%	C8%	C9%
-	-	0.00	0.01	0.52	0.84	0.00
0	0	0.00	0.00	1.13	1.40	0.00
0	4	0.00	0.00	0.48	0.40	0.00
1	1	0.00	0.01	0.47	0.31	0.00
1	5	0.00	0.00	0.28	0.90	0.00
2	2	0.00	0.00	0.36	0.79	0.00
2	6	0.00	0.00	0.50	1.25	0.00
3	3	0.00	0.06	0.57	0.90	0.00
3	7	0.00	0.00	0.36	0.79	0.00
Core	CPU	C1%	C3%	C6%	C8%	C9%
-	-	0.00	0.02	0.63	1.47	0.00
0	0	0.00	0.01	0.49	0.89	0.00
0	4	0.00	0.04	2.01	3.35	0.00
1	1	0.00	0.00	0.36	0.99	0.00
1	5	0.00	0.01	0.24	0.99	0.00
2	2	0.00	0.02	0.30	1.19	0.00
2	6	0.00	0.00	0.39	1.20	0.00
3	3	0.00	0.04	0.66	0.98	0.00
3	7	0.00	0.01	0.64	2.21	0.00
Core	CPU	C1%	C3%	C6%	C8%	C9%
-	-	0.01	0.01	0.61	0.87	0.00
0	0	0.00	0.00	0.76	0.89	0.00
0	4	0.00	0.00	0.54	0.80	0.00
1	1	0.00	0.01	1.16	0.40	0.00
1	5	0.00	0.02	0.73	0.49	0.00
2	2	0.00	0.00	0.27	0.89	0.00
2	6	0.00	0.00	0.55	1.29	0.00
3	3	0.09	0.02	0.66	1.11	0.00
3	7	0.00	0.00	0.19	1.10	0.00
Core	CPU	C1%	C3%	C6%	C8%	C9%
-	-	0.00	0.01	0.65	1.02	0.00
0	0	0.00	0.02	0.56	1.09	0.00
0	4	0.00	0.00	1.01	1.88	0.00
1	1	0.00	0.00	0.63	1.29	0.00
1	5	0.00	0.00	0.41	0.40	0.00
2	2	0.00	0.02	0.69	0.90	0.00
2	6	0.00	0.00	0.50	0.69	0.00
3	3	0.00	0.02	1.19	0.70	0.00
3	7	0.00	0.00	0.19	1.19	0.00
Core	CPU	C1%	C3%	C6%	C8%	C9%
-	-	0.00	0.04	0.68	4.44	0.00
0	0	0.02	0.03	1.17	0.69	0.00
0	4	0.00	0.00	0.19	1.30	0.00
1	1	0.00	0.00	0.40	1.10	0.00
1	5	0.00	0.00	0.36	0.99	0.00
2	2	0.00	0.00	0.42	1.20	0.00
2	6	0.00	0.02	0.29	1.19	0.00
3	3	0.00	0.05	1.26	0.30	0.00
3	7	0.02	0.24	1.35	28.78	0.00
Core	CPU	C1%	C3%	C6%	C8%	C9%
-	-	0.01	0.22	0.82	1.12	0.21
0	0	0.00	0.00	0.29	1.29	0.00
0	4	0.00	1.76	0.24	0.21	1.67
1	1	0.00	0.00	0.47	1.58	0.00
1	5	0.00	0.00	2.01	1.29	0.00
2	2	0.00	0.00	1.12	0.99	0.00
2	6	0.10	0.02	0.99	0.79	0.00
3	3	0.00	0.02	0.49	1.88	0.00
3	7	0.00	0.00	0.97	0.89	0.00
Core	CPU	C1%	C3%	C6%	C8%	C9%
-	-	0.00	0.01	0.59	0.72	0.00
0	0	0.00	0.02	0.39	0.59	0.00
0	4	0.00	0.00	0.40	0.10	0.00
1	1	0.00	0.00	0.28	0.99	0.00
1	5	0.00	0.00	0.55	0.88	0.00
2	2	0.00	0.00	0.92	0.79	0.00
2	6	0.00	0.00	0.51	0.96	0.00
3	3	0.00	0.02	1.08	0.58	0.00
3	7	0.00	0.02	0.63	0.89	0.00
Core	CPU	C1%	C3%	C6%	C8%	C9%
-	-	0.00	0.01	0.41	0.98	0.00
0	0	0.00	0.02	0.53	1.28	0.00
0	4	0.00	0.00	0.21	0.99	0.00
1	1	0.00	0.00	0.36	0.79	0.00
1	5	0.00	0.00	0.32	0.99	0.00
2	2	0.00	0.02	0.66	0.80	0.00
2	6	0.00	0.00	0.39	1.19	0.00
3	3	0.00	0.02	0.57	0.89	0.00
3	7	0.00	0.00	0.25	0.88	0.00
Core	CPU	C1%	C3%	C6%	C8%	C9%
-	-	0.00	0.00	0.77	1.03	0.00
0	0	0.00	0.00	0.54	2.27	0.00
0	4	0.00	0.00	0.95	1.18	0.00
1	1	0.00	0.00	0.93	0.79	0.00
1	5	0.00	0.02	0.79	0.78	0.00
2	2	0.00	0.00	0.88	0.89	0.00
2	6	0.00	0.00	0.55	0.92	0.00
3	3	0.00	0.00	1.03	0.39	0.00
3	7	0.00	0.00	0.52	1.00	0.00
Core	CPU	C1%	C3%	C6%	C8%	C9%
-	-	0.00	0.07	0.48	1.08	0.00
0	0	0.00	0.00	0.24	0.50	0.00
0	4	0.00	0.00	0.31	1.29	0.00
1	1	0.00	0.00	0.19	0.31	0.00
1	5	0.00	0.51	1.42	1.10	0.00
2	2	0.00	0.00	0.43	1.20	0.00
2	6	0.00	0.00	0.39	1.35	0.00
3	3	0.00	0.00	0.27	1.30	0.00
3	7	0.00	0.03	0.57	1.57	0.00
Core	CPU	C1%	C3%	C6%	C8%	C9%
-	-	0.00	0.00	0.61	0.88	0.00
0	0	0.00	0.02	0.10	0.40	0.00
0	4	0.00	0.00	0.88	0.98	0.00
1	1	0.00	0.00	0.55	1.09	0.00
1	5	0.00	0.00	0.26	0.99	0.00
2	2	0.00	0.00	0.82	0.79	0.00
2	6	0.00	0.01	0.79	0.90	0.00
3	3	0.00	0.00	0.20	0.98	0.00
3	7	0.00	0.00	1.31	0.89	0.00
Core	CPU	C1%	C3%	C6%	C8%	C9%
-	-	0.00	0.20	0.44	0.72	0.00
0	0	0.00	0.00	0.27	0.99	0.00
0	4	0.00	1.57	0.07	0.09	0.00
1	1	0.00	0.00	0.82	0.39	0.00
1	5	0.00	0.01	0.97	0.39	0.00
2	2	0.00	0.00	0.28	0.79	0.00
2	6	0.00	0.00	0.35	0.73	0.00
3	3	0.00	0.00	0.23	1.09	0.00
3	7	0.00	0.01	0.50	1.28	0.00
Core	CPU	C1%	C3%	C6%	C8%	C9%
-	-	0.11	0.01	0.77	1.36	0.00
0	0	0.00	0.00	0.46	1.00	0.00
0	4	0.00	0.02	0.26	0.89	0.00
1	1	0.00	0.00	0.56	1.48	0.00
1	5	0.00	0.00	1.08	0.89	0.00
2	2	0.00	0.00	1.20	1.89	0.00
2	6	0.00	0.03	1.02	1.19	0.00
3	3	0.77	0.00	0.29	1.09	0.00
3	7	0.10	0.04	1.32	2.46	0.00
Core	CPU	C1%	C3%	C6%	C8%	C9%
-	-	0.00	0.01	0.38	1.11	0.00
0	0	0.00	0.00	0.10	1.28	0.00
0	4	0.00	0.00	0.31	1.58	0.00
1	1	0.00	0.00	0.42	0.90	0.00
1	5	0.00	0.00	0.23	0.99	0.00
2	2	0.00	0.11	0.21	1.10	0.00
2	6	0.00	0.00	0.68	1.39	0.00
3	3	0.00	0.00	0.28	0.79	0.00
3	7	0.00	0.00	0.78	0.83	0.00
Core	CPU	C1%	C3%	C6%	C8%	C9%
-	-	0.00	0.01	0.38	0.97	0.00
0	0	0.00	0.00	0.17	1.00	0.00
0	4	0.00	0.00	0.26	0.90	0.00
1	1	0.00	0.00	0.47	1.10	0.00
1	5	0.00	0.00	0.36	0.90	0.00
2	2	0.00	0.00	0.36	1.79	0.00
2	6	0.00	0.00	0.51	0.70	0.00
3	3	0.00	0.00	0.44	0.70	0.00
3	7	0.00	0.05	0.48	0.68	0.00
Core	CPU	C1%	C3%	C6%	C8%	C9%
-	-	0.00	0.00	0.45	0.90	0.00
0	0	0.00	0.00	0.65	1.08	0.00
0	4	0.00	0.00	0.14	0.98	0.00
1	1	0.00	0.00	0.08	0.60	0.00
1	5	0.00	0.00	0.27	0.99	0.00
2	2	0.00	0.00	0.36	0.89	0.00
2	6	0.00	0.00	0.83	0.79	0.00
3	3	0.00	0.01	0.20	0.89	0.00
3	7	0.00	0.00	1.10	1.00	0.00
Core	CPU	C1%	C3%	C6%	C8%	C9%
-	-	0.00	0.02	0.56	1.02	0.00
0	0	0.00	0.00	0.76	1.70	0.00
0	4	0.00	0.00	0.19	0.90	0.00
1	1	0.00	0.01	0.48	1.10	0.00
1	5	0.00	0.00	0.45	0.70	0.00
2	2	0.00	0.00	0.32	0.99	0.00
2	6	0.00	0.10	0.87	0.69	0.00
3	3	0.00	0.00	0.87	0.69	0.00
3	7	0.00	0.01	0.53	1.43	0.00
Core	CPU	C1%	C3%	C6%	C8%	C9%
-	-	0.00	0.10	0.60	0.65	0.00
0	0	0.00	0.00	0.18	0.99	0.00
0	4	0.01	0.72	0.24	0.47	0.00
1	1	0.00	0.02	1.42	0.30	0.00
1	5	0.00	0.01	0.87	0.40	0.00
2	2	0.00	0.00	0.29	1.18	0.00
2	6	0.00	0.00	0.37	0.98	0.00
3	3	0.00	0.02	0.64	0.20	0.00
3	7	0.00	0.00	0.77	0.68	0.00
Core	CPU	C1%	C3%	C6%	C8%	C9%
-	-	0.00	0.01	0.58	0.69	0.00
0	0	0.00	0.00	0.57	1.08	0.00
0	4	0.00	0.04	0.79	0.29	0.00
1	1	0.00	0.00	1.01	0.10	0.00
1	5	0.00	0.00	0.47	0.89	0.00
2	2	0.00	0.00	0.71	0.89	0.00
2	6	0.00	0.00	0.24	0.89	0.00
3	3	0.00	0.01	0.39	0.70	0.00
3	7	0.00	0.00	0.47	0.71	0.00
Core	CPU	C1%	C3%	C6%	C8%	C9%
-	-	0.00	0.01	0.37	0.82	0.00
0	0	0.00	0.01	0.19	0.50	0.00
0	4	0.00	0.00	0.41	0.81	0.00
1	1	0.00	0.03	0.71	0.52	0.00
1	5	0.00	0.00	0.31	1.00	0.00
2	2	0.00	0.02	0.32	1.01	0.00
2	6	0.00	0.00	0.27	1.39	0.00
3	3	0.00	0.00	0.36	0.70	0.00
3	7	0.00	0.00	0.41	0.65	0.00
Core	CPU	C1%	C3%	C6%	C8%	C9%
-	-	0.00	0.01	0.41	1.09	0.00
0	0	0.00	0.00	0.60	1.60	0.00
0	4	0.00	0.00	0.44	0.71	0.00
1	1	0.00	0.02	0.62	1.58	0.00
1	5	0.00	0.02	0.27	1.01	0.00
2	2	0.00	0.00	0.36	0.91	0.00
2	6	0.00	0.00	0.35	0.91	0.00
3	3	0.00	0.00	0.32	0.80	0.00
3	7	0.00	0.00	0.35	1.17	0.00
Core	CPU	C1%	C3%	C6%	C8%	C9%
-	-	0.00	0.01	0.42	1.09	0.00
0	0	0.00	0.00	0.25	1.19	0.00
0	4	0.00	0.00	0.32	1.39	0.00
1	1	0.00	0.03	1.08	0.69	0.00
1	5	0.00	0.00	0.46	1.09	0.00
2	2	0.00	0.00	0.46	1.09	0.00
2	6	0.00	0.00	0.15	1.09	0.00
3	3	0.00	0.02	0.29	1.29	0.00
3	7	0.00	0.00	0.39	0.90	0.00
Core	CPU	C1%	C3%	C6%	C8%	C9%
-	-	0.01	0.01	0.60	0.76	0.00
0	0	0.00	0.00	0.63	0.29	0.00
0	4	0.00	0.00	0.60	0.49	0.00
1	1	0.00	0.00	0.18	0.99	0.00
1	5	0.00	0.00	0.54	0.79	0.00
2	2	0.00	0.00	0.93	0.79	0.00
2	6	0.10	0.01	0.89	0.79	0.00
3	3	0.00	0.00	0.39	1.09	0.00
3	7	0.00	0.04	0.62	0.83	0.00
Core	CPU	C1%	C3%	C6%	C8%	C9%
-	-	0.00	0.08	0.30	0.82	0.00
0	0	0.00	0.00	0.77	0.89	0.00
0	4	0.02	0.59	0.17	0.08	0.00
1	1	0.00	0.00	0.14	0.99	0.00
1	5	0.00	0.02	0.18	1.08	0.00
2	2	0.00	0.00	0.19	0.89	0.00
2	6	0.00	0.00	0.38	0.90	0.00
3	3	0.00	0.01	0.36	0.97	0.00
3	7	0.00	0.02	0.23	0.76	0.00
Core	CPU	C1%	C3%	C6%	C8%	C9%
-	-	0.00	0.00	0.59	1.10	0.00
0	0	0.00	0.00	1.10	1.91	0.00
0	4	0.00	0.00	0.34	0.78	0.00
1	1	0.00	0.01	0.40	0.10	0.00
1	5	0.00	0.00	0.46	1.40	0.00
2	2	0.00	0.00	0.45	0.99	0.00
2	6	0.00	0.00	0.14	0.99	0.00
3	3	0.00	0.02	1.11	0.89	0.00
3	7	0.00	0.00	0.71	1.70	0.00
Core	CPU	C1%	C3%	C6%	C8%	C9%
-	-	0.00	0.01	0.37	0.91	0.00
0	0	0.00	0.02	0.29	0.40	0.00
0	4	0.00	0.00	0.18	0.99	0.00
1	1	0.00	0.00	0.50	0.81	0.00
1	5	0.00	0.00	0.41	0.79	0.00
2	2	0.00	0.02	0.37	1.12	0.00
2	6	0.00	0.00	0.36	1.21	0.00
3	3	0.00	0.01	0.57	1.01	0.00
3	7	0.00	0.00	0.33	0.95	0.00
Core	CPU	C1%	C3%	C6%	C8%	C9%
-	-	0.02	0.03	0.61	4.53	0.00
0	0	0.00	0.00	0.36	1.20	0.00
0	4	0.00	0.00	0.44	0.90	0.00
1	1	0.00	0.00	0.31	0.90	0.00
1	5	0.00	0.00	0.24	1.01	0.00
2	2	0.00	0.00	0.74	2.25	0.00
2	6	0.00	0.00	0.95	0.92	0.00
3	3	0.15	0.03	0.51	1.00	0.00
3	7	0.02	0.21	1.36	28.04	0.00
Core	CPU	C1%	C3%	C6%	C8%	C9%
-	-	0.00	0.01	0.55	0.64	0.00
0	0	0.00	0.00	0.63	0.10	0.00
0	4	0.00	0.01	0.50	0.00	0.00
1	1	0.00	0.00	0.28	0.99	0.00
1	5	0.00	0.00	0.44	0.79	0.00
2	2	0.00	0.00	0.33	0.96	0.00
2	6	0.00	0.02	0.59	0.80	0.00
3	3	0.00	0.02	0.60	0.88	0.00
3	7	0.00	0.00	1.04	0.62	0.00
Core	CPU	C1%	C3%	C6%	C8%	C9%
-	-	0.00	0.00	0.50	0.81	0.00
0	0	0.00	0.00	0.79	0.40	0.00
0	4	0.00	0.00	0.48	0.69	0.00
1	1	0.00	0.00	0.53	0.79	0.00
1	5	0.00	0.00	0.82	0.79	0.00
2	2	0.00	0.00	0.27	1.20	0.00
2	6	0.00	0.00	0.19	0.88	0.00
3	3	0.00	0.00	0.36	0.69	0.00
3	7	0.00	0.01	0.54	1.08	0.00
Core	CPU	C1%	C3%	C6%	C8%	C9%
-	-	0.00	0.14	0.47	0.78	0.02
0	0	0.00	0.00	0.44	1.09	0.00
0	4	0.01	1.09	0.16	0.08	0.13
1	1	0.00	0.00	0.02	0.50	0.00
1	5	0.00	0.00	0.17	1.19	0.00
2	2	0.00	0.00	0.77	1.19	0.00
2	6	0.00	0.00	0.36	1.11	0.00
3	3	0.00	0.00	0.94	0.60	0.00
3	7	0.00	0.01	0.90	0.49	0.00
Core	CPU	C1%	C3%	C6%	C8%	C9%
-	-	0.00	0.01	0.60	1.24	0.00
0	0	0.00	0.00	0.84	1.20	0.00
0	4	0.00	0.00	0.29	0.40	0.00
1	1	0.00	0.01	0.96	1.01	0.00
1	5	0.00	0.00	0.38	1.59	0.00
2	2	0.00	0.00	0.55	1.30	0.00
2	6	0.00	0.00	0.56	1.76	0.00
3	3	0.00	0.04	0.88	1.01	0.00
3	7	0.00	0.00	0.37	1.68	0.00
Core	CPU	C1%	C3%	C6%	C8%	C9%
-	-	0.00	0.00	0.44	0.67	0.00
0	0	0.00	0.00	0.29	0.60	0.00
0	4	0.00	0.00	0.29	0.79	0.00
1	1	0.00	0.00	0.36	0.99	0.00
1	5	0.00	0.00	0.43	0.79	0.00
2	2	0.00	0.00	0.32	0.79	0.00
2	6	0.00	0.00	0.29	0.88	0.00
3	3	0.00	0.00	1.16	0.10	0.00
3	7	0.00	0.00	0.35	0.39	0.00
Core	CPU	C1%	C3%	C6%	C8%	C9%
-	-	0.00	0.00	0.60	0.95	0.00
0	0	0.00	0.02	0.69	0.89	0.00
0	4	0.00	0.00	0.27	0.89	0.00
1	1	0.00	0.00	0.15	0.99	0.00
1	5	0.00	0.00	0.41	1.09	0.00
2	2	0.00	0.00	0.19	0.90	0.00
2	6	0.00	0.00	0.28	1.21	0.00
3	3	0.00	0.00	1.16	0.88	0.00
3	7	0.00	0.01	1.68	0.78	0.00
Core	CPU	C1%	C3%	C6%	C8%	C9%
-	-	0.00	0.00	0.48	1.03	0.00
0	0	0.00	0.00	0.55	0.68	0.00
0	4	0.00	0.00	0.13	0.59	0.00
1	1	0.00	0.01	0.69	0.39	0.00
1	5	0.00	0.00	0.37	1.18	0.00
2	2	0.00	0.00	0.27	0.99	0.00
2	6	0.00	0.00	0.34	1.03	0.00
3	3	0.00	0.02	0.89	1.70	0.00
3	7	0.00	0.00	0.57	1.70	0.00
Core	CPU	C1%	C3%	C6%	C8%	C9%
-	-	0.00	0.00	0.47	0.94	0.00
0	0	0.00	0.00	0.47	1.20	0.00
0	4	0.00	0.00	0.31	0.80	0.00
1	1	0.00	0.00	0.36	1.01	0.00
1	5	0.00	0.00	0.55	0.80	0.00
2	2	0.00	0.00	0.44	0.70	0.00
2	6	0.00	0.00	0.40	0.98	0.00
3	3	0.00	0.02	0.67	1.11	0.00
3	7	0.00	0.00	0.53	0.91	0.00
Core	CPU	C1%	C3%	C6%	C8%	C9%
-	-	0.00	0.08	0.41	0.69	0.00
0	0	0.00	0.00	0.29	0.21	0.00
0	4	0.00	0.59	0.19	0.06	0.00
1	1	0.00	0.00	0.25	0.88	0.00
1	5	0.00	0.00	0.41	0.89	0.00
2	2	0.00	0.00	0.78	0.79	0.00
2	6	0.00	0.00	0.38	0.99	0.00
3	3	0.00	0.02	0.76	0.69	0.00
3	7	0.00	0.00	0.23	0.98	0.00
Core	CPU	C1%	C3%	C6%	C8%	C9%
-	-	0.00	0.00	0.45	0.99	0.00
0	0	0.00	0.00	0.63	2.18	0.00
0	4	0.00	0.00	0.35	0.99	0.00
1	1	0.00	0.00	0.49	0.60	0.00
1	5	0.00	0.00	0.10	0.59	0.00
2	2	0.00	0.00	0.28	0.88	0.00
2	6	0.00	0.00	0.39	1.14	0.00
3	3	0.00	0.01	1.14	0.68	0.00
3	7	0.00	0.00	0.20	0.89	0.00
Core	CPU	C1%	C3%	C6%	C8%	C9%
-	-	0.00	0.00	0.55	0.85	0.00
0	0	0.00	0.00	0.23	0.90	0.00
0	4	0.00	0.00	0.13	0.60	0.00
1	1	0.00	0.00	0.52	1.29	0.00
1	5	0.00	0.00	0.44	0.79	0.00
2	2	0.00	0.00	0.83	0.78	0.00
2	6	0.00	0.01	0.89	1.15	0.00
3	3	0.00	0.02	0.97	0.50	0.00
3	7	0.00	0.00	0.36	0.79	0.00
Core	CPU	C1%	C3%	C6%	C8%	C9%
-	-	0.00	0.01	0.38	0.95	0.00
0	0	0.00	0.00	0.18	0.89	0.00
0	4	0.00	0.00	0.35	1.29	0.00
1	1	0.00	0.02	0.34	0.80	0.00
1	5	0.00	0.00	0.35	1.20	0.00
2	2	0.00	0.00	0.18	0.81	0.00
2	6	0.00	0.00	0.55	0.73	0.00
3	3	0.00	0.00	0.44	0.61	0.00
3	7	0.00	0.09	0.65	1.31	0.00
Core	CPU	C1%	C3%	C6%	C8%	C9%
-	-	0.00	0.00	0.57	0.79	0.00
0	0	0.00	0.00	0.50	1.18	0.00
0	4	0.00	0.00	0.17	1.08	0.00
1	1	0.00	0.02	0.50	0.00	0.00
1	5	0.00	0.00	1.65	0.60	0.00
2	2	0.00	0.00	0.27	0.89	0.00
2	6	0.00	0.00	0.25	0.92	0.00
3	3	0.00	0.00	0.22	1.09	0.00
3	7	0.00	0.02	1.01	0.58	0.00
Core	CPU	C1%	C3%	C6%	C8%	C9%
-	-	0.00	0.01	0.53	0.86	0.00
0	0	0.00	0.00	0.71	1.00	0.00
0	4	0.00	0.00	0.23	0.89	0.00
1	1	0.00	0.00	0.50	0.10	0.00
1	5	0.00	0.00	0.47	0.99	0.00
2	2	0.00	0.00	0.36	0.80	0.00
2	6	0.00	0.05	0.67	1.24	0.00
3	3	0.00	0.00	0.22	0.90	0.00
3	7	0.00	0.00	1.10	0.98	0.00
Core	CPU	C1%	C3%	C6%	C8%	C9%
-	-	0.00	0.03	0.43	0.72	0.01
0	0	0.00	0.00	0.69	0.00	0.00
0	4	0.00	0.21	0.23	0.00	0.07
1	1	0.00	0.00	0.29	1.08	0.00
1	5	0.00	0.00	0.45	0.89	0.00
2	2	0.00	0.00	0.83	0.79	0.00
2	6	0.00	0.00	0.22	0.96	0.00
3	3	0.00	0.00	0.10	0.99	0.00
3	7	0.00	0.05	0.66	1.08	0.00
Core	CPU	C1%	C3%	C6%	C8%	C9%
-	-	0.00	0.01	0.48	0.72	0.00
0	0	0.00	0.01	0.50	0.31	0.00
0	4	0.00	0.00	0.88	0.30	0.00
1	1	0.00	0.00	0.65	0.89	0.00
1	5	0.00	0.00	0.34	0.79	0.00
2	2	0.00	0.02	0.39	0.70	0.00
2	6	0.00	0.00	0.39	0.72	0.00
3	3	0.00	0.00	0.28	0.89	0.00
3	7	0.00	0.01	0.45	1.19	0.00
Core	CPU	C1%	C3%	C6%	C8%	C9%
-	-	0.00	0.01	0.63	1.37	0.00
0	0	0.00	0.00	0.51	1.53	0.00
0	4	0.00	0.00	0.51	1.59	0.00
1	1	0.00	0.00	0.36	0.81	0.00
1	5	0.00	0.00	0.45	1.11	0.00
2	2	0.00	0.00	0.36	0.81	0.00
2	6	0.00	0.00	0.48	1.01	0.00
3	3	0.00	0.02	1.24	1.61	0.00
3	7	0.00	0.03	1.16	2.52	0.00
Core	CPU	C1%	C3%	C6%	C8%	C9%
-	-	0.00	0.02	0.37	0.97	0.00
0	0	0.00	0.00	0.71	1.69	0.00
0	4	0.00	0.00	0.18	0.50	0.00
1	1	0.00	0.02	0.37	0.41	0.00
1	5	0.00	0.00	0.18	1.00	0.00
2	2	0.00	0.00	0.36	0.80	0.00
2	6	0.00	0.00	0.42	1.55	0.00
3	3	0.00	0.10	0.21	0.90	0.00
3	7	0.00	0.04	0.56	0.90	0.00
Core	CPU	C1%	C3%	C6%	C8%	C9%
-	-	0.00	0.00	0.42	1.02	0.00
0	0	0.00	0.02	0.69	0.79	0.00
0	4	0.00	0.00	0.20	1.38	0.00
1	1	0.00	0.00	0.27	0.99	0.00
1	5	0.00	0.00	0.33	0.89	0.00
2	2	0.00	0.00	0.27	1.39	0.00
2	6	0.00	0.00	0.29	0.88	0.00
3	3	0.00	0.00	0.28	0.99	0.00
3	7	0.00	0.00	1.05	0.88	0.00
Core	CPU	C1%	C3%	C6%	C8%	C9%
-	-	0.02	0.01	0.55	0.83	0.00
0	0	0.00	0.01	0.48	1.39	0.00
0	4	0.00	0.00	0.37	0.79	0.00
1	1	0.00	0.00	0.24	0.89	0.00
1	5	0.01	0.00	0.42	0.79	0.00
2	2	0.00	0.00	0.20	0.89	0.00
2	6	0.00	0.03	0.74	1.29	0.00
3	3	0.14	0.00	0.74	0.11	0.00
3	7	0.00	0.04	1.20	0.47	0.00
Core	CPU	C1%	C3%	C6%	C8%	C9%
-	-	0.00	0.08	0.45	0.66	0.00
0	0	0.00	0.00	0.55	0.00	0.00
0	4	0.00	0.57	0.04	0.10	0.00
1	1	0.00	0.01	0.38	0.50	0.00
1	5	0.00	0.00	0.28	0.99	0.00
2	2	0.00	0.00	0.36	0.98	0.00
2	6	0.00	0.00	0.64	0.79	0.00
3	3	0.00	0.02	0.29	0.80	0.00
3	7	0.00	0.07	1.04	1.10	0.00
Core	CPU	C1%	C3%	C6%	C8%	C9%
-	-	0.00	0.03	0.69	4.18	0.00
0	0	0.00	0.00	0.95	0.60	0.00
0	4	0.00	0.00	0.55	0.10	0.00
1	1	0.00	0.00	0.31	1.18	0.00
1	5	0.00	0.00	0.36	0.79	0.00
2	2	0.00	0.00	0.83	0.78	0.00
2	6	0.00	0.01	0.79	0.87	0.00
3	3	0.00	0.00	0.19	0.89	0.00
3	7	0.02	0.22	1.52	28.27	0.00
Core	CPU	C1%	C3%	C6%	C8%	C9%
-	-	0.00	0.01	0.52	0.92	0.00
0	0	0.00	0.00	0.20	1.18	0.00
0	4	0.00	0.00	0.27	0.89	0.00
1	1	0.00	0.04	0.63	0.99	0.00
1	5	0.00	0.00	0.83	0.79	0.00
2	2	0.00	0.00	0.15	0.89	0.00
2	6	0.00	0.00	0.28	0.98	0.00
3	3	0.00	0.00	0.86	1.18	0.00
3	7	0.00	0.00	0.94	0.49	0.00
Core	CPU	C1%	C3%	C6%	C8%	C9%
-	-	0.00	0.00	0.49	0.93	0.00
0	0	0.00	0.00	0.40	1.40	0.00
0	4	0.00	0.00	0.37	0.79	0.00
1	1	0.00	0.02	1.14	0.60	0.00
1	5	0.00	0.00	0.51	1.09	0.00
2	2	0.00	0.00	0.40	0.99	0.00
2	6	0.00	0.00	0.47	0.80	0.00
3	3	0.00	0.00	0.37	0.69	0.00
3	7	0.00	0.00	0.23	1.09	0.00
Core	CPU	C1%	C3%	C6%	C8%	C9%
-	-	0.00	0.01	0.47	0.87	0.00
0	0	0.00	0.00	0.27	1.58	0.00
0	4	0.00	0.00	0.35	1.09	0.00
1	1	0.00	0.05	0.80	0.11	0.00
1	5	0.00	0.00	0.67	0.10	0.00
2	2	0.00	0.00	0.98	0.69	0.00
2	6	0.00	0.00	0.27	0.90	0.00
3	3	0.00	0.00	0.25	1.28	0.00
3	7	0.00	0.03	0.20	1.18	0.00
Core	CPU	C1%	C3%	C6%	C8%	C9%
-	-	0.00	0.01	0.40	1.01	0.00
0	0	0.00	0.00	0.82	1.61	0.00
0	4	0.00	0.00	0.23	1.09	0.00
1	1	0.00	0.06	0.60	0.51	0.00
1	5	0.00	0.00	0.09	0.79	0.00
2	2	0.00	0.00	0.37	0.80	0.00
2	6	0.00	0.00	0.34	1.23	0.00
3	3	0.00	0.00	0.41	0.91	0.00
3	7	0.00	0.00	0.37	1.11	0.00
Core	CPU	C1%	C3%	C6%	C8%	C9%
-	-	0.00	0.04	0.30	0.74	0.00
0	0	0.00	0.00	0.05	0.49	0.00
0	4	0.00	0.29	0.14	0.12	0.04
1	1	0.00	0.01	0.39	0.80	0.00
1	5	0.00	0.00	0.36	0.89	0.00
2	2	0.00	0.00	0.35	1.07	0.00
2	6	0.00	0.00	0.43	0.75	0.00
3	3	0.00	0.00	0.20	0.99	0.00
3	7	0.00	0.00	0.47	0.79	0.00
Core	CPU	C1%	C3%	C6%	C8%	C9%
-	-	0.00	0.00	0.38	0.87	0.00
0	0	0.00	0.02	0.33	0.30	0.00
0	4	0.00	0.00	0.59	0.40	0.00
1	1	0.00	0.00	0.78	0.99	0.00
1	5	0.00	0.00	0.43	1.48	0.00
2	2	0.00	0.00	0.22	0.90	0.00
2	6	0.00	0.00	0.19	0.91	0.00
3	3	0.00	0.00	0.28	0.88	0.00
3	7	0.00	0.00	0.24	1.09	0.00
Core	CPU	C1%	C3%	C6%	C8%	C9%
-	-	0.00	0.00	0.58	0.63	0.00
0	0	0.00	0.00	0.37	1.09	0.00
0	4	0.00	0.00	0.35	0.99	0.00
1	1	0.00	0.01	1.03	0.06	0.00
1	5	0.00	0.01	0.77	0.00	0.00
2	2	0.00	0.00	0.42	0.80	0.00
2	6	0.00	0.00	0.26	0.93	0.00
3	3	0.00	0.00	0.73	0.60	0.00
3	7	0.00	0.00	0.69	0.60	0.00
Core	CPU	C1%	C3%	C6%	C8%	C9%
-	-	0.00	0.01	0.44	0.69	0.00
0	0	0.00	0.00	0.73	0.51	0.00
0	4	0.00	0.00	0.11	0.60	0.00
1	1	0.00	0.01	0.89	0.20	0.00
1	5	0.00	0.00	0.67	0.20	0.00
2	2	0.00	0.00	0.35	0.79	0.00
2	6	0.00	0.04	0.19	1.36	0.00
3	3	0.00	0.00	0.20	1.09	0.00
3	7	0.00	0.00	0.37	0.79	0.00
Core	CPU	C1%	C3%	C6%	C8%	C9%
-	-	0.00	0.00	0.63	0.82	0.00
0	0	0.00	0.00	0.37	0.50	0.00
0	4	0.00	0.00	0.36	1.48	0.00
1	1	0.00	0.03	0.86	0.87	0.00
1	5	0.00	0.00	2.09	0.69	0.00
2	2	0.00	0.01	0.29	0.79	0.00
2	6	0.00	0.00	0.39	0.69	0.00
3	3	0.00	0.00	0.37	0.69	0.00
3	7	0.00	0.00	0.34	0.89	0.00
Core	CPU	C1%	C3%	C6%	C8%	C9%
-	-	0.00	0.02	0.55	0.95	0.00
0	0	0.00	0.00	0.28	1.18	0.00
0	4	0.00	0.00	0.45	1.29	0.00
1	1	0.00	0.05	0.70	1.00	0.00
1	5	0.00	0.12	0.69	1.09	0.00
2	2	0.00	0.00	0.20	0.99	0.00
2	6	0.00	0.00	0.27	1.00	0.00
3	3	0.00	0.00	0.94	0.60	0.00
3	7	0.00	0.01	0.89	0.49	0.00
Core	CPU	C1%	C3%	C6%	C8%	C9%
-	-	0.01	0.05	0.31	0.87	0.00
0	0	0.00	0.00	0.41	0.59	0.00
0	4	0.00	0.39	0.15	0.09	0.00
1	1	0.00	0.01	0.51	0.90	0.00
1	5	0.00	0.00	0.27	1.09	0.00
2	2	0.00	0.00	0.37	0.99	0.00
2	6	0.00	0.00	0.33	1.18	0.00
3	3	0.00	0.00	0.22	1.00	0.00
3	7	0.07	0.02	0.20	1.09	0.00
Core	CPU	C1%	C3%	C6%	C8%	C9%
-	-	0.00	0.01	0.47	0.87	0.00
0	0	0.00	0.03	0.89	1.21	0.00
0	4	0.00	0.00	0.32	0.89	0.00
1	1	0.00	0.02	0.78	0.19	0.00
1	5	0.00	0.00	0.36	0.80	0.00
2	2	0.00	0.00	0.14	0.99	0.00
2	6	0.00	0.02	0.20	1.56	0.00
3	3	0.00	0.00	0.20	0.90	0.00
3	7	0.00	0.00	0.85	0.39	0.00
Core	CPU	C1%	C3%	C6%	C8%	C9%
-	-	0.00	0.00	0.45	0.83	0.00
0	0	0.00	0.00	0.64	0.69	0.00
0	4	0.00	0.00	0.28	0.89	0.00
1	1	0.00	0.00	1.16	0.99	0.00
1	5	0.00	0.00	0.37	0.89	0.00
2	2	0.00	0.00	0.20	0.89	0.00
2	6	0.00	0.00	0.38	0.70	0.00
3	3	0.00	0.00	0.36	0.79	0.00
3	7	0.00	0.00	0.22	0.78	0.00
Core	CPU	C1%	C3%	C6%	C8%	C9%
-	-	0.00	0.00	0.39	0.89	0.00
0	0	0.00	0.00	0.27	0.98	0.00
0	4	0.00	0.00	0.34	1.10	0.00
1	1	0.00	0.00	0.22	0.30	0.00
1	5	0.00	0.00	0.28	1.08	0.00
2	2	0.00	0.00	0.28	0.89	0.00
2	6	0.00	0.00	0.62	0.95	0.00
3	3	0.00	0.00	0.22	1.10	0.00
3	7	0.00	0.00	0.91	0.70	0.00
Core	CPU	C1%	C3%	C6%	C8%	C9%
-	-	0.00	0.01	0.70	0.88	0.00
0	0	0.00	0.00	0.82	0.79	0.00
0	4	0.00	0.00	0.59	0.49	0.00
1	1	0.00	0.00	0.67	1.39	0.00
1	5	0.00	0.00	0.44	0.79	0.00
2	2	0.00	0.00	0.83	0.78	0.00
2	6	0.00	0.01	1.21	0.49	0.00
3	3	0.00	0.00	0.41	1.48	0.00
3	7	0.00	0.04	0.64	0.80	0.00
Core	CPU	C1%	C3%	C6%	C8%	C9%
-	-	0.00	0.01	0.45	1.04	0.00
0	0	0.00	0.00	0.60	1.29	0.00
0	4	0.00	0.00	0.28	1.18	0.00
1	1	0.00	0.00	0.35	0.88	0.00
1	5	0.00	0.00	0.82	0.79	0.00
2	2	0.00	0.00	0.20	0.80	0.00
2	6	0.00	0.00	0.38	2.08	0.00
3	3	0.00	0.00	0.45	0.69	0.00
3	7	0.00	0.06	0.51	0.60	0.00
Core	CPU	C1%	C3%	C6%	C8%	C9%
-	-	0.00	0.04	0.45	0.75	0.00
0	0	0.03	0.00	0.72	0.49	0.00
0	4	0.00	0.29	0.15	0.11	0.04
1	1	0.00	0.01	0.28	0.40	0.00
1	5	0.00	0.00	0.37	0.89	0.00
2	2	0.00	0.00	0.26	0.89	0.00
2	6	0.00	0.00	0.44	0.72	0.00
3	3	0.00	0.01	0.20	0.99	0.00
3	7	0.00	0.01	1.19	1.56	0.00
Core	CPU	C1%	C3%	C6%	C8%	C9%
-	-	0.00	0.00	0.50	0.63	0.00
0	0	0.00	0.00	0.53	0.00	0.00
0	4	0.00	0.02	0.62	0.30	0.00
1	1	0.00	0.00	0.20	0.70	0.00
1	5	0.00	0.00	0.18	0.99	0.00
2	2	0.00	0.00	0.36	0.80	0.00
2	6	0.00	0.00	0.53	1.04	0.00
3	3	0.00	0.00	0.32	0.89	0.00
3	7	0.00	0.01	1.25	0.30	0.00
Core	CPU	C1%	C3%	C6%	C8%	C9%
-	-	0.00	0.01	0.46	0.69	0.00
0	0	0.00	0.00	0.69	0.00	0.00
0	4	0.00	0.02	0.83	0.10	0.00
1	1	0.00	0.00	0.28	1.09	0.00
1	5	0.00	0.00	0.44	0.79	0.00
2	2	0.00	0.00	0.24	0.89	0.00
2	6	0.00	0.02	0.29	0.87	0.00
3	3	0.00	0.00	0.19	0.99	0.00
3	7	0.00	0.01	0.69	0.78	0.00
Core	CPU	C1%	C3%	C6%	C8%	C9%
-	-	0.00	0.00	0.64	0.83	0.00
0	0	0.00	0.00	1.13	0.91	0.00
0	4	0.00	0.00	0.58	0.78	0.00
1	1	0.00	0.00	0.36	0.89	0.00
1	5	0.00	0.00	0.83	0.79	0.00
2	2	0.00	0.00	0.54	0.89	0.00
2	6	0.00	0.00	0.39	1.09	0.00
3	3	0.00	0.00	0.26	0.98	0.00
3	7	0.00	0.03	1.01	0.30	0.00
Core	CPU	C1%	C3%	C6%	C8%	C9%
-	-	0.00	0.00	0.44	0.82	0.00
0	0	0.00	0.00	0.60	0.91	0.00
0	4	0.00	0.00	0.52	0.80	0.00
1	1	0.00	0.00	0.29	0.62	0.00
1	5	0.00	0.00	0.26	0.42	0.00
2	2	0.00	0.00	0.35	0.81	0.00
2	6	0.00	0.00	0.43	0.75	0.00
3	3	0.00	0.00	0.40	1.01	0.00
3	7	0.00	0.02	0.67	1.21	0.00
Core	CPU	C1%	C3%	C6%	C8%	C9%
-	-	0.00	0.03	0.57	4.33	0.00
0	0	0.00	0.00	1.00	0.88	0.00
0	4	0.00	0.00	0.03	0.49	0.00
1	1	0.00	0.00	0.13	0.89	0.00
1	5	0.00	0.00	0.52	0.99	0.00
2	2	0.00	0.00	0.35	1.08	0.00
2	6	0.00	0.00	0.23	1.06	0.00
3	3	0.00	0.00	0.20	1.09	0.00
3	7	0.02	0.23	2.09	28.18	0.00
Core	CPU	C1%	C3%	C6%	C8%	C9%
-	-	0.00	0.08	0.51	0.75	0.00
0	0	0.00	0.00	0.00	0.50	0.00
0	4	0.00	0.59	0.19	0.04	0.00
1	1	0.00	0.00	0.36	0.89	0.00
1	5	0.00	0.00	1.70	0.79	0.00
2	2	0.00	0.02	0.20	1.09	0.00
2	6	0.00	0.00	0.20	0.97	0.00
3	3	0.00	0.00	0.28	0.79	0.00
3	7	0.00	0.04	1.13	0.90	0.00
Core	CPU	C1%	C3%	C6%	C8%	C9%
-	-	0.00	0.00	0.49	1.21	0.00
0	0	0.00	0.01	1.07	1.49	0.00
0	4	0.00	0.00	0.57	0.79	0.00
1	1	0.00	0.00	0.44	0.99	0.00
1	5	0.00	0.00	0.24	0.99	0.00
2	2	0.00	0.00	0.20	0.89	0.00
2	6	0.00	0.00	0.38	1.20	0.00
3	3	0.00	0.00	0.36	1.09	0.00
3	7	0.00	0.02	0.69	2.28	0.00
Core	CPU	C1%	C3%	C6%	C8%	C9%
-	-	0.00	0.01	0.67	0.94	0.00
0	0	0.00	0.06	1.74	1.30	0.00
0	4	0.00	0.00	0.25	0.98	0.00
1	1	0.00	0.01	0.61	0.40	0.00
1	5	0.00	0.00	0.75	0.21	0.00
2	2	0.00	0.00	0.27	0.89	0.00
2	6	0.00	0.00	0.25	1.32	0.00
3	3	0.00	0.00	0.71	0.99	0.00
3	7	0.00	0.03	0.82	1.40	0.00
Core	CPU	C1%	C3%	C6%	C8%	C9%
-	-	0.08	0.00	0.51	0.87	0.00
0	0	0.61	0.00	0.72	0.70	0.00
0	4	0.00	0.02	0.28	0.40	0.00
1	1	0.00	0.00	0.29	0.89	0.00
1	5	0.00	0.00	0.37	0.79	0.00
2	2	0.00	0.00	0.34	0.79	0.00
2	6	0.00	0.00	0.54	1.40	0.00
3	3	0.07	0.00	0.38	0.90	0.00
3	7	0.00	0.02	1.20	1.10	0.00
Core	CPU	C1%	C3%	C6%	C8%	C9%
-	-	0.00	0.00	0.59	1.08	0.00
0	0	0.00	0.00	0.79	0.79	0.00
0	4	0.00	0.00	0.38	1.58	0.00
1	1	0.00	0.00	0.45	1.33	0.00
1	5	0.00	0.00	0.32	1.38	0.00
2	2	0.00	0.01	0.77	1.09	0.00
2	6	0.00	0.00	0.58	0.61	0.00
3	3	0.00	0.00	0.36	1.08	0.00
3	7	0.00	0.00	1.05	0.78	0.00
Core	CPU	C1%	C3%	C6%	C8%	C9%
-	-	0.00	0.00	0.61	1.21	0.00
0	0	0.00	0.00	1.03	1.99	0.00
0	4	0.00	0.00	0.44	1.09	0.00
1	1	0.00	0.02	0.40	0.81	0.00
1	5	0.00	0.00	0.58	0.60	0.00
2	2	0.00	0.00	0.50	1.19	0.00
2	6	0.00	0.00	0.83	1.53	0.00
3	3	0.00	0.00	0.72	0.89	0.00
3	7	0.00	0.00	0.40	1.57	0.00
Core	CPU	C1%	C3%	C6%	C8%	C9%
-	-	0.00	0.04	0.45	0.71	0.00
0	0	0.00	0.00	0.53	0.00	0.00
0	4	0.00	0.31	0.22	0.00	0.04
1	1	0.00	0.00	0.20	0.98	0.00
1	5	0.00	0.00	0.35	0.89	0.00
2	2	0.00	0.00	0.84	0.79	0.00
2	6	0.00	0.00	0.23	0.95	0.00
3	3	0.00	0.00	0.69	1.09	0.00
3	7	0.00	0.01	0.59	0.99	0.00
Core	CPU	C1%	C3%	C6%	C8%	C9%
-	-	0.00	0.02	0.38	0.82	0.00
0	0	0.00	0.02	0.49	0.00	0.00
0	4	0.00	0.00	0.59	0.69	0.00
1	1	0.00	0.00	0.36	0.99	0.00
1	5	0.00	0.00	0.25	0.99	0.00
2	2	0.00	0.10	0.41	0.90	0.00
2	6	0.00	0.00	0.19	0.91	0.00
3	3	0.00	0.00	0.28	0.79	0.00
3	7	0.00	0.00	0.45	1.28	0.00
Core	CPU	C1%	C3%	C6%	C8%	C9%
-	-	0.00	0.00	0.56	0.87	0.00
0	0	0.00	0.00	0.46	0.90	0.00
0	4	0.00	0.00	0.73	0.70	0.00
1	1	0.00	0.00	0.71	0.00	0.00
1	5	0.00	0.00	0.77	0.20	0.00
2	2	0.00	0.00	0.32	1.39	0.00
2	6	0.00	0.00	0.34	1.23	0.00
3	3	0.00	0.00	0.41	1.39	0.00
3	7	0.00	0.00	0.72	1.11	0.00
Core	CPU	C1%	C3%	C6%	C8%	C9%
-	-	0.00	0.00	0.40	0.88	0.00
0	0	0.00	0.00	0.38	0.71	0.00
0	4	0.00	0.02	0.22	0.41	0.00
1	1	0.00	0.00	0.18	0.71	0.00
1	5	0.00	0.00	0.36	0.91	0.00
2	2	0.00	0.00	0.52	1.00	0.00
2	6	0.00	0.00	0.31	1.37	0.00
3	3	0.00	0.00	0.18	0.81	0.00
3	7	0.00	0.00	1.01	1.12	0.00
Core	CPU	C1%	C3%	C6%	C8%	C9%
-	-	0.00	0.00	0.40	0.80	0.00
0	0	0.00	0.01	0.09	0.50	0.00
0	4	0.00	0.00	0.32	0.99	0.00
1	1	0.00	0.00	1.12	0.70	0.00
1	5	0.00	0.00	0.21	1.09	0.00
2	2	0.00	0.01	0.28	0.80	0.00
2	6	0.00	0.00	0.38	0.71	0.00
3	3	0.00	0.00	0.36	0.69	0.00
3	7	0.00	0.01	0.44	0.89	0.00
Core	CPU	C1%	C3%	C6%	C8%	C9%
-	-	0.03	0.01	0.53	0.68	0.00
0	0	0.00	0.00	1.26	0.79	0.00
0	4	0.00	0.00	0.36	1.09	0.00
1	1	0.20	0.01	0.53	0.00	0.00
1	5	0.00	0.00	0.54	0.10	0.00
2	2	0.00	0.00	0.18	0.99	0.00
2	6	0.00	0.00	0.46	0.72	0.00
3	3	0.00	0.00	0.43	0.70	0.00
3	7	0.03	0.03	0.50	1.10	0.00
Core	CPU	C1%	C3%	C6%	C8%	C9%
-	-	0.00	0.08	0.37	0.65	0.00
0	0	0.00	0.00	0.05	0.49	0.00
0	4	0.00	0.61	0.03	0.10	0.00
1	1	0.00	0.00	0.60	0.58	0.00
1	5	0.00	0.00	0.27	0.99	0.00
2	2	0.00	0.00	0.36	0.79	0.00
2	6	0.00	0.00	0.44	0.74	0.00
3	3	0.00	0.02	0.20	0.89	0.00
3	7	0.00	0.00	1.01	0.60	0.00
Core	CPU	C1%	C3%	C6%	C8%	C9%
-	-	0.00	0.01	0.66	0.80	0.00
0	0	0.00	0.00	0.99	0.91	0.00
0	4	0.00	0.00	0.60	0.49	0.00
1	1	0.00	0.00	0.48	0.79	0.00
1	5	0.00	0.00	0.36	0.79	0.00
2	2	0.00	0.02	1.00	0.49	0.00
2	6	0.00	0.02	0.88	1.18	0.00
3	3	0.00	0.00	0.29	0.98	0.00
3	7	0.00	0.03	0.65	0.79	0.00
Core	CPU	C1%	C3%	C6%	C8%	C9%
-	-	0.00	0.01	0.40	0.88	0.00
0	0	0.00	0.00	0.37	0.99	0.00
0	4	0.00	0.00	0.36	0.79	0.00
1	1	0.00	0.00	0.29	1.09	0.00
1	5	0.00	0.02	0.18	0.99	0.00
2	2	0.00	0.00	0.29	1.09	0.00
2	6	0.00	0.00	0.37	0.72	0.00
3	3	0.00	0.00	0.25	0.79	0.00
3	7	0.00	0.03	1.11	0.60	0.00
Core	CPU	C1%	C3%	C6%	C8%	C9%
-	-	0.00	0.01	0.48	1.09	0.00
0	0	0.00	0.00	0.45	0.59	0.00
0	4	0.00	0.00	0.14	0.59	0.00
1	1	0.00	0.02	0.77	0.90	0.00
1	5	0.00	0.00	0.37	0.89	0.00
2	2	0.00	0.00	0.45	1.50	0.00
2	6	0.00	0.00	0.42	1.65	0.00
3	3	0.00	0.00	0.46	1.40	0.00
3	7	0.00	0.03	0.76	1.20	0.00
Core	CPU	C1%	C3%	C6%	C8%	C9%
-	-	0.00	0.00	0.52	0.86	0.00
0	0	0.00	0.00	0.22	0.89	0.00
0	4	0.00	0.00	0.10	1.09	0.00
1	1	0.00	0.00	0.37	0.89	0.00
1	5	0.00	0.00	0.43	0.79	0.00
2	2	0.00	0.00	0.72	0.59	0.00
2	6	0.00	0.00	0.79	0.87	0.00
3	3	0.00	0.00	0.49	0.89	0.00
3	7	0.00	0.00	1.06	0.90	0.00
Core	CPU	C1%	C3%	C6%	C8%	C9%
-	-	0.00	0.00	0.40	1.01	0.00
0	0	0.00	0.00	0.73	1.78	0.00
0	4	0.00	0.00	0.27	0.90	0.00
1	1	0.00	0.00	0.44	0.80	0.00
1	5	0.00	0.00	0.22	0.90	0.00
2	2	0.00	0.00	0.18	0.91	0.00
2	6	0.00	0.00	0.46	1.02	0.00
3	3	0.00	0.01	0.76	0.90	0.00
3	7	0.00	0.03	0.18	0.90	0.00
Core	CPU	C1%	C3%	C6%	C8%	C9%
-	-	0.09	0.03	0.24	0.75	0.00
0	0	0.75	0.00	0.00	0.00	0.00
0	4	0.00	0.22	0.44	0.10	0.00
1	1	0.00	0.01	0.00	0.59	0.00
1	5	0.00	0.00	0.27	0.99	0.00
2	2	0.00	0.00	0.37	1.08	0.00
2	6	0.00	0.00	0.35	0.84	0.00
3	3	0.00	0.01	0.44	1.27	0.00
3	7	0.00	0.00	0.10	1.09	0.00
Core	CPU	C1%	C3%	C6%	C8%	C9%
-	-	0.00	0.01	0.58	0.66	0.00
0	0	0.00	0.00	0.63	0.09	0.00
0	4	0.00	0.02	0.50	0.00	0.00
1	1	0.00	0.00	0.69	0.79	0.00
1	5	0.00	0.00	0.50	1.09	0.00
2	2	0.00	0.00	0.44	0.79	0.00
2	6	0.00	0.02	0.43	1.17	0.00
3	3	0.00	0.01	0.91	0.68	0.00
3	7	0.00	0.00	0.56	0.69	0.00
Core	CPU	C1%	C3%	C6%	C8%	C9%
-	-	0.00	0.00	0.58	0.79	0.00
0	0	0.00	0.00	0.55	0.39	0.00
0	4	0.00	0.00	0.57	0.59	0.00
1	1	0.00	0.00	0.25	0.99	0.00
1	5	0.00	0.00	1.69	0.79	0.00
2	2	0.00	0.00	0.20	0.89	0.00
2	6	0.00	0.00	0.29	0.80	0.00
3	3	0.00	0.00	0.76	0.59	0.00
3	7	0.00	0.01	0.36	1.27	0.00
Core	CPU	C1%	C3%	C6%	C8%	C9%
-	-	0.00	0.02	0.71	4.40	0.00
0	0	0.00	0.00	0.50	1.60	0.00
0	4	0.00	0.00	0.45	1.00	0.00
1	1	0.00	0.00	0.66	0.49	0.00
1	5	0.00	0.00	0.68	0.20	0.00
2	2	0.00	0.00	0.46	1.10	0.00
2	6	0.00	0.00	0.26	1.41	0.00
3	3	0.00	0.00	0.32	1.10	0.00
3	7	0.01	0.17	2.34	28.30	0.00
Core	CPU	C1%	C3%	C6%	C8%	C9%
-	-	0.00	0.01	0.51	0.91	0.00
0	0	0.00	0.00	0.53	0.40	0.00
0	4	0.00	0.02	0.40	0.40	0.00
1	1	0.00	0.00	0.20	0.30	0.00
1	5	0.00	0.00	0.54	1.20	0.00
2	2	0.00	0.00	0.48	1.48	0.00
2	6	0.00	0.00	0.24	1.73	0.00
3	3	0.00	0.02	0.52	1.07	0.00
3	7	0.00	0.01	1.16	0.70	0.00
Core	CPU	C1%	C3%	C6%	C8%	C9%
-	-	0.00	0.01	0.48	0.79	0.00
0	0	0.00	0.00	0.83	0.79	0.00
0	4	0.00	0.03	1.02	0.10	0.00
1	1	0.00	0.00	0.19	1.09	0.00
1	5	0.00	0.00	0.36	0.79	0.00
2	2	0.00	0.00	0.14	0.99	0.00
2	6	0.00	0.02	0.19	0.98	0.00
3	3	0.00	0.00	0.30	0.98	0.00
3	7	0.00	0.00	0.83	0.59	0.00
Core	CPU	C1%	C3%	C6%	C8%	C9%
-	-	0.00	0.08	0.50	0.74	0.00
0	0	0.00	0.00	0.09	0.39	0.00
0	4	0.00	0.66	0.58	0.00	0.04
1	1	0.00	0.00	0.81	0.79	0.00
1	5	0.00	0.00	1.68	0.79	0.00
2	2	0.00	0.00	0.10	0.99	0.00
2	6	0.00	0.00	0.28	0.79	0.00
3	3	0.00	0.00	0.25	0.98	0.00
3	7	0.00	0.00	0.23	1.18	0.00
Core	CPU	C1%	C3%	C6%	C8%	C9%
-	-	0.00	0.01	0.74	1.04	0.00
0	0	0.00	0.00	0.92	2.20	0.00
0	4	0.00	0.04	1.28	0.70	0.00
1	1	0.00	0.00	0.53	0.39	0.00
1	5	0.00	0.00	0.68	0.49	0.00
2	2	0.00	0.00	0.19	0.99	0.00
2	6	0.00	0.00	0.36	2.00	0.00
3	3	0.00	0.00	1.04	0.79	0.00
3	7	0.00	0.02	0.89	0.79	0.00
Core	CPU	C1%	C3%	C6%	C8%	C9%
-	-	0.00	0.01	0.41	0.71	0.00
0	0	0.00	0.00	0.35	0.88	0.00
0	4	0.00	0.03	1.02	0.00	0.00
1	1	0.00	0.00	0.25	0.30	0.00
1	5	0.00	0.00	0.35	1.00	0.00
2	2	0.00	0.00	0.36	0.79	0.00
2	6	0.00	0.00	0.31	1.04	0.00
3	3	0.00	0.02	0.29	0.80	0.00
3	7	0.00	0.00	0.38	0.90	0.00
Core	CPU	C1%	C3%	C6%	C8%	C9%
-	-	0.00	0.00	0.36	1.02	0.00
0	0	0.00	0.00	0.23	0.99	0.00
0	4	0.00	0.00	0.71	0.78	0.00
1	1	0.00	0.00	0.38	1.09	0.00
1	5	0.00	0.00	0.40	1.09	0.00
2	2	0.00	0.00	0.13	0.79	0.00
2	6	0.00	0.02	0.19	1.08	0.00
3	3	0.00	0.00	0.20	1.18	0.00
3	7	0.00	0.00	0.62	1.19	0.00
Core	CPU	C1%	C3%	C6%	C8%	C9%
-	-	0.00	0.00	0.44	0.92	0.00
0	0	0.00	0.00	0.19	0.79	0.00
0	4	0.00	0.00	0.77	0.80	0.00
1	1	0.00	0.00	0.41	0.90	0.00
1	5	0.00	0.00	0.30	1.09	0.00
2	2	0.00	0.00	0.57	1.00	0.00
2	6	0.00	0.00	0.46	0.81	0.00
3	3	0.00	0.00	0.45	0.59	0.00
3	7	0.00	0.00	0.38	1.39	0.00
Core	CPU	C1%	C3%	C6%	C8%	C9%
-	-	0.00	0.00	0.45	0.95	0.00
0	0	0.00	0.00	0.67	1.42	0.00
0	4	0.00	0.01	0.75	0.91	0.00
1	1	0.00	0.00	0.29	0.42	0.00
1	5	0.00	0.00	0.18	0.31	0.00
2	2	0.00	0.00	0.58	1.22	0.00
2	6	0.00	0.00	0.36	1.55	0.00
3	3	0.00	0.00	0.40	0.92	0.00
3	7	0.00	0.00	0.36	0.82	0.00
Core	CPU	C1%	C3%	C6%	C8%	C9%
-	-	0.00	0.03	0.45	0.77	0.00
0	0	0.00	0.00	0.12	0.59	0.00
0	4	0.00	0.20	0.42	0.22	0.04
1	1	0.00	0.00	0.28	0.99	0.00
1	5	0.00	0.00	0.44	0.79	0.00
2	2	0.00	0.00	0.83	0.79	0.00
2	6	0.00	0.02	0.79	0.87	0.00
3	3	0.00	0.00	0.29	0.99	0.00
3	7	0.00	0.00	0.45	0.89	0.00
Core	CPU	C1%	C3%	C6%	C8%	C9%
-	-	0.00	0.00	0.39	0.77	0.00
0	0	0.00	0.00	0.28	0.40	0.00
0	4	0.00	0.00	0.89	0.70	0.00
1	1	0.00	0.00	0.34	0.99	0.00
1	5	0.00	0.00	0.13	1.09	0.00
2	2	0.00	0.00	0.39	0.70	0.00
2	6	0.00	0.00	0.56	0.62	0.00
3	3	0.00	0.00	0.35	0.70	0.00
3	7	0.00	0.00	0.21	1.00	0.00
Core	CPU	C1%	C3%	C6%	C8%	C9%
-	-	0.00	0.01	0.43	0.93	0.00
0	0	0.00	0.00	0.44	0.91	0.00
0	4	0.00	0.02	1.06	1.10	0.00
1	1	0.00	0.02	0.23	0.81	0.00
1	5	0.00	0.00	0.26	0.70	0.00
2	2	0.00	0.00	0.35	0.81	0.00
2	6	0.00	0.00	0.33	1.25	0.00
3	3	0.00	0.00	0.39	0.92	0.00
3	7	0.00	0.01	0.36	0.92	0.00
Core	CPU	C1%	C3%	C6%	C8%	C9%
-	-	0.10	0.00	0.48	1.00	0.00
0	0	0.79	0.00	0.29	0.79	0.00
0	4	0.00	0.02	0.61	1.09	0.00
1	1	0.00	0.00	0.39	1.08	0.00
1	5	0.00	0.00	0.43	1.19	0.00
2	2	0.00	0.00	0.83	0.79	0.00
2	6	0.00	0.00	0.22	1.36	0.00
3	3	0.00	0.00	0.20	1.19	0.00
3	7	0.00	0.00	0.85	0.49	0.00
Core	CPU	C1%	C3%	C6%	C8%	C9%
-	-	0.00	0.00	0.48	0.84	0.00
0	0	0.00	0.00	0.59	0.99	0.00
0	4	0.00	0.02	0.93	0.90	0.00
1	1	0.00	0.00	0.36	0.92	0.00
1	5	0.00	0.00	0.31	0.79	0.00
2	2	0.00	0.01	0.67	0.80	0.00
2	6	0.00	0.00	0.38	0.79	0.00
3	3	0.00	0.00	0.27	0.88	0.00
3	7	0.00	0.00	0.35	0.64	0.00
Core	CPU	C1%	C3%	C6%	C8%	C9%
-	-	0.00	0.00	0.48	1.00	0.00
0	0	0.00	0.00	0.57	1.09	0.00
0	4	0.00	0.02	0.66	1.00	0.00
1	1	0.00	0.00	0.24	0.99	0.00
1	5	0.00	0.00	0.81	0.69	0.00
2	2	0.00	0.00	0.60	0.79	0.00
2	6	0.00	0.00	0.38	0.80	0.00
3	3	0.00	0.00	0.36	0.99	0.00
3	7	0.00	0.00	0.23	1.67	0.00
Core	CPU	C1%	C3%	C6%	C8%	C9%
-	-	0.00	0.20	0.43	0.58	0.00
0	0	0.00	0.00	0.45	0.89	0.00
0	4	0.00	1.58	0.37	0.28	0.00
1	1	0.00	0.00	0.12	0.59	0.00
1	5	0.00	0.00	0.18	0.40	0.00
2	2	0.00	0.00	0.28	0.89	0.00
2	6	0.00	0.00	0.46	0.72	0.00
3	3	0.00	0.00	0.83	0.39	0.00
3	7	0.00	0.01	0.79	0.49	0.00
Core	CPU	C1%	C3%	C6%	C8%	C9%
-	-	0.00	0.00	0.51	1.04	0.00
0	0	0.00	0.00	0.68	1.00	0.00
0	4	0.00	0.01	1.04	1.08	0.00
1	1	0.00	0.00	0.19	0.31	0.00
1	5	0.00	0.00	0.41	1.19	0.00
2	2	0.00	0.00	0.54	0.99	0.00
2	6	0.00	0.00	0.41	1.55	0.00
3	3	0.00	0.00	0.38	1.10	0.00
3	7	0.00	0.00	0.46	1.09	0.00
Core	CPU	C1%	C3%	C6%	C8%	C9%
-	-	0.00	0.00	0.38	1.04	0.00
0	0	0.00	0.01	0.28	0.80	0.00
0	4	0.00	0.01	0.49	1.40	0.00
1	1	0.00	0.00	0.50	1.40	0.00
1	5	0.00	0.00	0.31	0.90	0.00
2	2	0.00	0.00	0.21	0.91	0.00
2	6	0.00	0.00	0.27	1.29	0.00
3	3	0.00	0.00	0.45	1.01	0.00
3	7	0.00	0.00	0.50	0.60	0.00
Core	CPU	C1%	C3%	C6%	C8%	C9%
-	-	0.00	0.01	0.51	0.89	0.00
0	0	0.00	0.00	0.10	0.99	0.00
0	4	0.00	0.04	0.65	0.89	0.00
1	1	0.00	0.00	0.10	0.99	0.00
1	5	0.00	0.00	0.60	1.00	0.00
2	2	0.00	0.00	0.19	1.19	0.00
2	6	0.00	0.00	0.42	0.92	0.00
3	3	0.00	0.00	1.04	0.39	0.00
3	7	0.00	0.02	0.99	0.78	0.00
Core	CPU	C1%	C3%	C6%	C8%	C9%
-	-	0.00	0.00	0.58	0.80	0.00
0	0	0.00	0.00	0.45	0.98	0.00
0	4	0.00	0.01	1.20	0.60	0.00
1	1	0.00	0.00	0.57	0.10	0.00
1	5	0.00	0.00	1.05	0.79	0.00
2	2	0.00	0.00	0.26	0.98	0.00
2	6	0.00	0.00	0.24	1.04	0.00
3	3	0.00	0.01	0.59	0.79	0.00
3	7	0.00	0.00	0.29	1.08	0.00
Core	CPU	C1%	C3%	C6%	C8%	C9%
-	-	0.00	0.00	0.46	0.79	0.00
0	0	0.00	0.00	0.72	0.98	0.00
0	4	0.00	0.01	0.40	0.60	0.00
1	1	0.00	0.00	0.37	1.00	0.00
1	5	0.00	0.00	0.36	0.79	0.00
2	2	0.00	0.00	0.63	0.50	0.00
2	6	0.00	0.00	0.59	0.98	0.00
3	3	0.00	0.00	0.28	0.89	0.00
3	7	0.00	0.00	0.31	0.59	0.00
Core	CPU	C1%	C3%	C6%	C8%	C9%
-	-	0.00	0.08	0.49	0.82	0.00
0	0	0.00	0.00	0.37	1.19	0.00
0	4	0.00	0.64	0.46	0.15	0.04
1	1	0.00	0.00	0.91	0.79	0.00
1	5	0.00	0.00	0.21	1.08	0.00
2	2	0.00	0.00	0.10	0.99	0.00
2	6	0.00	0.00	0.56	0.80	0.00
3	3	0.00	0.00	0.36	0.79	0.00
3	7	0.00	0.00	0.92	0.79	0.00
Core	CPU	C1%	C3%	C6%	C8%	C9%
-	-	0.00	0.03	0.59	3.92	0.00
0	0	0.00	0.00	0.36	0.99	0.00
0	4	0.00	0.01	1.24	0.60	0.00
1	1	0.00	0.02	0.69	0.01	0.00
1	5	0.00	0.00	0.13	0.50	0.00
2	2	0.00	0.00	0.28	0.90	0.00
2	6	0.00	0.00	0.19	1.01	0.00
3	3	0.00	0.00	0.76	0.00	0.00
3	7	0.01	0.19	1.05	27.35	0.00
Core	CPU	C1%	C3%	C6%	C8%	C9%
-	-	0.00	0.00	0.50	0.81	0.00
0	0	0.00	0.00	0.46	0.99	0.00
0	4	0.00	0.04	0.63	1.09	0.00
1	1	0.00	0.00	0.50	0.29	0.00
1	5	0.00	0.00	0.17	0.59	0.00
2	2	0.00	0.00	0.38	0.89	0.00
2	6	0.00	0.00	0.46	0.93	0.00
3	3	0.00	0.00	0.52	0.89	0.00
3	7	0.00	0.00	0.85	0.79	0.00
Core	CPU	C1%	C3%	C6%	C8%	C9%
-	-	0.00	0.01	0.37	0.76	0.00
0	0	0.00	0.00	0.40	1.00	0.00
0	4	0.00	0.01	0.56	0.40	0.00
1	1	0.00	0.04	0.28	0.41	0.00
1	5	0.00	0.00	0.28	0.89	0.00
2	2	0.00	0.00	0.35	0.79	0.00
2	6	0.00	0.00	0.32	1.26	0.00
3	3	0.00	0.00	0.29	0.79	0.00
3	7	0.00	0.00	0.46	0.59	0.00
Core	CPU	C1%	C3%	C6%	C8%	C9%
-	-	0.00	0.00	0.48	0.78	0.00
0	0	0.00	0.00	0.00	0.50	0.00
0	4	0.00	0.02	1.35	0.69	0.00
1	1	0.00	0.00	0.54	0.79	0.00
1	5	0.00	0.00	0.36	1.28	0.00
2	2	0.00	0.00	0.49	0.50	0.00
2	6	0.00	0.00	0.47	0.79	0.00
3	3	0.00	0.00	0.36	0.79	0.00
3	7	0.00	0.01	0.30	0.89	0.00
Core	CPU	C1%	C3%	C6%	C8%	C9%
-	-	0.01	0.00	0.60	0.82	0.00
0	0	0.00	0.00	0.18	0.99	0.00
0	4	0.00	0.01	1.21	1.39	0.00
1	1	0.00	0.00	0.92	0.40	0.00
1	5	0.00	0.01	0.89	0.00	0.00
2	2	0.00	0.00	0.19	0.99	0.00
2	6	0.00	0.00	0.90	1.10	0.00
3	3	0.05	0.00	0.14	0.60	0.00
3	7	0.00	0.00	0.38	1.06	0.00
Core	CPU	C1%	C3%	C6%	C8%	C9%
-	-	0.00	0.03	0.41	0.81	0.00
0	0	0.00	0.00	0.15	0.49	0.00
0	4	0.00	0.25	0.51	0.11	0.00
1	1	0.00	0.00	0.00	0.50	0.00
1	5	0.00	0.00	0.26	0.99	0.00
2	2	0.00	0.00	0.54	1.77	0.00
2	6	0.00	0.00	0.34	0.88	0.00
3	3	0.00	0.01	0.68	0.90	0.00
3	7	0.00	0.00	0.78	0.88	0.00
Core	CPU	C1%	C3%	C6%	C8%	C9%
-	-	0.00	0.02	0.55	0.91	0.00
0	0	0.00	0.00	0.64	1.00	0.00
0	4	0.00	0.02	1.28	0.61	0.00
1	1	0.00	0.00	0.29	0.99	0.00
1	5	0.00	0.00	0.52	0.89	0.00
2	2	0.00	0.00	0.34	0.79	0.00
2	6	0.00	0.10	0.40	1.00	0.00
3	3	0.00	0.00	0.38	1.01	0.00
3	7	0.00	0.00	0.55	1.00	0.00
Core	CPU	C1%	C3%	C6%	C8%	C9%
-	-	0.00	0.00	0.43	1.05	0.00
0	0	0.00	0.00	0.00	0.50	0.00
0	4	0.00	0.00	0.65	1.00	0.00
1	1	0.00	0.00	0.53	1.30	0.00
1	5	0.00	0.02	0.23	0.99	0.00
2	2	0.00	0.02	0.96	1.39	0.00
2	6	0.00	0.00	0.19	1.09	0.00
3	3	0.00	0.00	0.27	0.79	0.00
3	7	0.00	0.00	0.63	1.31	0.00
Core	CPU	C1%	C3%	C6%	C8%	C9%
-	-	0.00	0.00	0.37	0.98	0.00
0	0	0.00	0.00	0.20	1.18	0.00
0	4	0.00	0.01	0.77	1.09	0.00
1	1	0.00	0.00	0.25	0.99	0.00
1	5	0.00	0.00	0.28	1.38	0.00
2	2	0.00	0.00	0.57	0.69	0.00
2	6	0.00	0.00	0.29	1.08	0.00
3	3	0.00	0.00	0.36	0.69	0.00
3	7	0.00	0.00	0.23	0.75	0.00
Core	CPU	C1%	C3%	C6%	C8%	C9%
-	-	0.00	0.00	0.49	0.78	0.00
0	0	0.00	0.00	0.37	0.59	0.00
0	4	0.00	0.02	0.43	0.79	0.00
1	1	0.00	0.00	0.58	0.60	0.00
1	5	0.00	0.00	0.18	0.60	0.00
2	2	0.00	0.00	0.28	0.89	0.00
2	6	0.00	0.00	0.36	1.08	0.00
3	3	0.00	0.00	0.93	0.79	0.00
3	7	0.00	0.01	0.79	0.87	0.00
Core	CPU	C1%	C3%	C6%	C8%	C9%
-	-	0.00	0.00	0.53	1.20	0.00
0	0	0.00	0.00	0.71	1.88	0.00
0	4	0.00	0.02	0.92	1.09	0.00
1	1	0.00	0.00	0.09	0.31	0.00
1	5	0.00	0.00	0.36	1.20	0.00
2	2	0.00	0.00	0.62	1.10	0.00
2	6	0.00	0.00	0.81	1.39	0.00
3	3	0.00	0.00	0.18	1.20	0.00
3	7	0.00	0.00	0.54	1.42	0.00
Core	CPU	C1%	C3%	C6%	C8%	C9%
-	-	0.00	0.08	0.45	0.66	0.01
0	0	0.00	0.00	0.00	0.49	0.00
0	4	0.00	0.64	0.63	0.00	0.11
1	1	0.00	0.00	0.36	0.83	0.00
1	5	0.00	0.00	0.31	0.99	0.00
2	2	0.00	0.00	0.69	0.79	0.00
2	6	0.00	0.00	0.98	0.79	0.00
3	3	0.00	0.00	0.36	0.79	0.00
3	7	0.00	0.00	0.24	0.63	0.00
Core	CPU	C1%	C3%	C6%	C8%	C9%
-	-	0.00	0.01	0.55	0.59	0.00
0	0	0.00	0.00	0.27	0.69	0.00
0	4	0.00	0.04	0.93	0.59	0.00
1	1	0.00	0.01	0.63	0.00	0.00
1	5	0.00	0.01	0.50	0.00	0.00
2	2	0.00	0.00	0.37	1.29	0.00
2	6	0.00	0.00	0.36	1.18	0.00
3	3	0.00	0.00	0.64	0.50	0.00
3	7	0.03	0.02	0.68	0.48	0.00
Core	CPU	C1%	C3%	C6%	C8%	C9%
-	-	0.01	0.00	0.59	0.95	0.00
0	0	0.05	0.00	0.62	1.18	0.00
0	4	0.00	0.02	0.71	1.40	0.00
1	1	0.00	0.00	0.50	0.00	0.00
1	5	0.00	0.00	0.57	0.69	0.00
2	2	0.00	0.00	0.45	1.86	0.00
2	6	0.00	0.00	0.83	0.79	0.00
3	3	0.00	0.01	0.29	0.79	0.00
3	7	0.00	0.00	0.78	0.88	0.00
Core	CPU	C1%	C3%	C6%	C8%	C9%
-	-	0.00	0.01	0.74	1.04	0.00
0	0	0.00	0.00	1.33	1.98	0.00
0	4	0.00	0.06	0.96	0.11	0.00
1	1	0.00	0.00	0.97	0.79	0.00
1	5	0.00	0.00	0.27	0.89	0.00
2	2	0.00	0.00	0.82	1.28	0.00
2	6	0.00	0.00	0.81	0.99	0.00
3	3	0.00	0.00	0.19	0.90	0.00
3	7	0.00	0.00	0.55	1.40	0.00
Core	CPU	C1%	C3%	C6%	C8%	C9%
-	-	0.00	0.01	0.48	1.19	0.00
0	0	0.00	0.00	0.40	0.30	0.00
0	4	0.00	0.05	0.66	1.28	0.00
1	1	0.00	0.00	0.45	1.19	0.00
1	5	0.00	0.00	0.32	1.29	0.00
2	2	0.00	0.02	0.57	1.49	0.00
2	6	0.00	0.00	0.39	1.48	0.00
3	3	0.00	0.00	0.76	1.18	0.00
3	7	0.00	0.00	0.26	1.32	0.00
Core	CPU	C1%	C3%	C6%	C8%	C9%
-	-	0.00	0.01	0.43	1.04	0.00
0	0	0.00	0.00	0.29	1.19	0.00
0	4	0.00	0.03	1.16	1.21	0.00
1	1	0.00	0.00	0.52	1.19	0.00
1	5	0.00	0.00	0.27	1.00	0.00
2	2	0.00	0.00	0.19	1.10	0.00
2	6	0.00	0.00	0.38	0.99	0.00
3	3	0.00	0.00	0.45	0.70	0.00
3	7	0.00	0.02	0.19	0.95	0.00
Core	CPU	C1%	C3%	C6%	C8%	C9%
-	-	0.00	0.05	0.27	0.71	0.00
0	0	0.00	0.00	0.36	0.49	0.00
0	4	0.00	0.40	0.43	0.20	0.00
1	1	0.00	0.02	0.26	0.40	0.00
1	5	0.00	0.00	0.18	0.89	0.00
2	2	0.00	0.00	0.27	0.88	0.00
2	6	0.00	0.00	0.35	0.88	0.00
3	3	0.00	0.00	0.13	0.99	0.00
3	7	0.00	0.00	0.19	0.97	0.00
Core	CPU	C1%	C3%	C6%	C8%	C9%
-	-	0.00	0.01	0.42	1.07	0.00
0	0	0.00	0.00	0.80	2.20	0.00
0	4	0.00	0.04	0.59	0.90	0.00
1	1	0.00	0.00	0.19	0.52	0.00
1	5	0.00	0.00	0.27	0.90	0.00
2	2	0.00	0.00	0.44	0.71	0.00
2	6	0.00	0.00	0.32	1.01	0.00
3	3	0.00	0.00	0.18	0.91	0.00
3	7	0.00	0.00	0.54	1.43	0.00
Core	CPU	C1%	C3%	C6%	C8%	C9%
-	-	0.00	0.01	0.39	0.80	0.00
0	0	0.00	0.00	0.09	0.31	0.00
0	4	0.00	0.05	0.78	0.92	0.00
1	1	0.00	0.00	0.71	1.12	0.00
1	5	0.00	0.00	0.39	0.91	0.00
2	2	0.00	0.01	0.32	1.01	0.00
2	6	0.00	0.00	0.18	0.89	0.00
3	3	0.00	0.00	0.44	0.71	0.00
3	7	0.00	0.00	0.23	0.56	0.00
Core	CPU	C1%	C3%	C6%	C8%	C9%
-	-	0.00	0.02	0.46	0.77	0.00
0	0	0.00	0.00	0.27	0.80	0.00
0	4	0.00	0.04	0.62	0.70	0.00
1	1	0.00	0.10	0.15	0.40	0.00
1	5	0.00	0.00	0.09	0.84	0.00
2	2	0.00	0.00	0.96	0.70	0.00
2	6	0.00	0.00	0.54	0.80	0.00
3	3	0.00	0.00	0.41	1.00	0.00
3	7	0.00	0.00	0.66	0.89	0.00
Core	CPU	C1%	C3%	C6%	C8%	C9%
-	-	0.00	0.00	0.57	0.96	0.00
0	0	0.00	0.00	1.11	0.59	0.00
0	4	0.00	0.01	1.19	1.28	0.00
1	1	0.00	0.00	0.67	0.89	0.00
1	5	0.00	0.00	0.44	0.79	0.00
2	2	0.00	0.00	0.24	1.29	0.00
2	6	0.00	0.02	0.29	1.29	0.00
3	3	0.00	0.00	0.19	0.88	0.00
3	7	0.00	0.00	0.46	0.70	0.00
Core	CPU	C1%	C3%	C6%	C8%	C9%
-	-	0.00	0.02	0.48	4.43	0.00
0	0	0.00	0.00	0.35	0.72	0.00
0	4	0.00	0.00	0.58	1.10	0.00
1	1	0.00	0.00	0.57	0.71	0.00
1	5	0.00	0.00	0.13	0.99	0.00
2	2	0.00	0.01	0.38	1.19	0.00
2	6	0.00	0.00	0.37	1.39	0.00
3	3	0.00	0.00	0.27	0.79	0.00
3	7	0.01	0.15	1.22	28.54	0.00
Core	CPU	C1%	C3%	C6%	C8%	C9%
-	-	0.00	0.06	0.48	0.68	0.00
0	0	0.00	0.00	0.26	0.69	0.00
0	4	0.01	0.43	0.42	0.11	0.00
1	1	0.00	0.00	0.71	0.09	0.00
1	5	0.00	0.02	0.94	0.31	0.00
2	2	0.00	0.00	0.20	0.98	0.00
2	6	0.00	0.00	0.27	1.08	0.00
3	3	0.00	0.00	0.15	0.99	0.00
3	7	0.00	0.03	0.88	1.16	0.00
Core	CPU	C1%	C3%	C6%	C8%	C9%
-	-	0.00	0.00	0.47	0.68	0.00
0	0	0.00	0.00	0.36	0.69	0.00
0	4	0.00	0.02	1.05	0.00	0.00
1	1	0.00	0.02	0.59	0.50	0.00
1	5	0.00	0.00	0.30	0.20	0.00
2	2	0.00	0.00	0.27	0.89	0.00
2	6	0.00	0.00	0.58	1.28	0.00
3	3	0.00	0.00	0.32	0.89	0.00
3	7	0.00	0.00	0.29	0.99	0.00
Core	CPU	C1%	C3%	C6%	C8%	C9%
-	-	0.00	0.00	0.53	1.01	0.00
0	0	0.00	0.00	0.31	1.19	0.00
0	4	0.00	0.01	0.47	1.68	0.00
1	1	0.00	0.00	0.81	0.79	0.00
1	5	0.00	0.00	0.56	0.69	0.00
2	2	0.00	0.00	0.90	0.90	0.00
2	6	0.00	0.00	0.60	0.69	0.00
3	3	0.00	0.00	0.19	0.99	0.00
3	7	0.00	0.00	0.44	1.12	0.00
Core	CPU	C1%	C3%	C6%	C8%	C9%
-	-	0.01	0.01	0.45	0.93	0.00
0	0	0.09	0.02	0.59	0.79	0.00
0	4	0.00	0.03	0.60	1.17	0.00
1	1	0.00	0.00	0.15	0.98	0.00
1	5	0.00	0.00	0.13	1.09	0.00
2	2	0.00	0.00	0.19	1.20	0.00
2	6	0.00	0.00	0.28	0.99	0.00
3	3	0.00	0.00	0.85	0.78	0.00
3	7	0.00	0.02	0.83	0.46	0.00
Core	CPU	C1%	C3%	C6%	C8%	C9%
-	-	0.00	0.00	0.43	0.70	0.00
0	0	0.00	0.00	0.65	0.50	0.00
0	4	0.00	0.02	0.63	1.10	0.00
1	1	0.00	0.02	0.37	0.31	0.00
1	5	0.00	0.00	0.18	0.40	0.00
2	2	0.00	0.00	0.36	1.10	0.00
2	6	0.00	0.00	0.35	0.80	0.00
3	3	0.00	0.00	0.42	0.70	0.00
3	7	0.00	0.00	0.48	0.70	0.00
Core	CPU	C1%	C3%	C6%	C8%	C9%
-	-	0.00	0.00	0.39	0.76	0.00
0	0	0.00	0.00	0.23	0.81	0.00
0	4	0.00	0.01	0.81	0.61	0.00
1	1	0.00	0.00	0.09	0.41	0.00
1	5	0.00	0.00	0.43	0.51	0.00
2	2	0.00	0.00	0.42	1.20	0.00
2	6	0.00	0.00	0.40	1.01	0.00
3	3	0.00	0.00	0.27	1.01	0.00
3	7	0.00	0.00	0.44	0.55	0.00
Core	CPU	C1%	C3%	C6%	C8%	C9%
-	-	0.00	0.10	0.39	0.87	0.34
0	0	0.00	0.02	0.10	0.89	0.00
0	4	0.00	0.75	0.42	0.18	2.75
1	1	0.00	0.00	0.84	0.99	0.00
1	5	0.00	0.00	0.31	0.99	0.00
2	2	0.00	0.00	0.20	1.19	0.00
2	6	0.00	0.00	0.19	0.89	0.00
3	3	0.00	0.00	0.36	0.70	0.00
3	7	0.00	0.00	0.72	1.13	0.00
Core	CPU	C1%	C3%	C6%	C8%	C9%
-	-	0.00	0.00	0.52	0.93	0.00
0	0	0.00	0.00	0.53	1.88	0.00
0	4	0.00	0.02	0.85	0.20	0.00
1	1	0.00	0.00	0.67	0.39	0.00
1	5	0.00	0.00	0.60	0.11	0.00
2	2	0.00	0.00	0.28	0.99	0.00
2	6	0.00	0.00	0.64	1.49	0.00
3	3	0.00	0.00	0.23	1.10	0.00
3	7	0.00	0.00	0.38	1.27	0.00
Core	CPU	C1%	C3%	C6%	C8%	C9%
-	-	0.00	0.00	0.44	0.85	0.00
0	0	0.00	0.00	0.23	1.08	0.00
0	4	0.00	0.03	1.21	1.00	0.00
1	1	0.00	0.00	0.67	0.00	0.00
1	5	0.00	0.00	0.36	0.89	0.00
2	2	0.00	0.00	0.25	0.89	0.00
2	6	0.00	0.00	0.24	1.18	0.00
3	3	0.00	0.00	0.10	1.10	0.00
3	7	0.00	0.00	0.48	0.70	0.00
Core	CPU	C1%	C3%	C6%	C8%	C9%
-	-	0.00	0.01	0.33	0.77	0.00
0	0	0.00	0.02	0.20	0.51	0.00
0	4	0.00	0.02	0.69	0.21	0.00
1	1	0.00	0.00	0.45	0.90	0.00
1	5	0.00	0.00	0.34	0.80	0.00
2	2	0.00	0.00	0.31	1.10	0.00
2	6	0.00	0.00	0.09	1.10	0.00
3	3	0.00	0.00	0.27	0.80	0.00
3	7	0.00	0.00	0.30	0.75	0.00
Core	CPU	C1%	C3%	C6%	C8%	C9%
-	-	0.00	0.01	0.62	0.77	0.00
0	0	0.00	0.00	0.37	1.28	0.00
0	4	0.00	0.02	0.66	0.90	0.00
1	1	0.00	0.00	0.82	0.79	0.00
1	5	0.00	0.01	0.87	0.40	0.00
2	2	0.00	0.00	0.28	1.09	0.00
2	6	0.00	0.00	0.36	0.89	0.00
3	3	0.00	0.00	0.83	0.79	0.00
3	7	0.02	0.03	0.76	0.00	0.00
Core	CPU	C1%	C3%	C6%	C8%	C9%
-	-	0.00	0.00	0.59	0.95	0.00
0	0	0.00	0.00	0.52	0.70	0.00
0	4	0.00	0.02	0.65	1.29	0.00
1	1	0.00	0.00	0.98	0.99	0.00
1	5	0.00	0.00	0.28	0.89	0.00
2	2	0.00	0.00	0.35	0.88	0.00
2	6	0.00	0.00	0.52	1.38	0.00
3	3	0.00	0.00	0.49	0.79	0.00
3	7	0.00	0.00	0.95	0.69	0.00
Core	CPU	C1%	C3%	C6%	C8%	C9%
-	-	0.00	0.08	0.44	0.76	0.35
0	0	0.00	0.00	0.00	0.50	0.00
0	4	0.00	0.59	0.58	0.10	2.81
1	1	0.00	0.00	0.36	0.89	0.00
1	5	0.00	0.00	1.00	0.79	0.00
2	2	0.00	0.02	0.29	1.09	0.00
2	6	0.00	0.00	0.28	1.09	0.00
3	3	0.00	0.00	0.28	0.79	0.00
3	7	0.00	0.00	0.74	0.81	0.00
Core	CPU	C1%	C3%	C6%	C8%	C9%
-	-	0.00	0.00	0.44	1.03	0.00
0	0	0.00	0.00	0.56	1.10	0.00
0	4	0.00	0.02	0.85	0.90	0.00
1	1	0.00	0.00	0.33	1.10	0.00
1	5	0.00	0.00	0.40	1.50	0.00
2	2	0.00	0.00	0.28	1.20	0.00
2	6	0.00	0.00	0.46	1.10	0.00
3	3	0.00	0.00	0.35	0.80	0.00
3	7	0.00	0.00	0.32	0.56	0.00
Core	CPU	C1%	C3%	C6%	C8%	C9%
-	-	0.00	0.01	0.52	0.83	0.00
0	0	0.00	0.00	0.37	0.89	0.00
0	4	0.00	0.03	1.35	0.98	0.00
1	1	0.00	0.02	0.16	0.40	0.00
1	5	0.00	0.00	0.86	0.60	0.00
2	2	0.00	0.00	0.28	0.89	0.00
2	6	0.00	0.00	0.36	0.98	0.00
3	3	0.00	0.00	0.22	0.99	0.00
3	7	0.00	0.00	0.58	0.91	0.00
Core	CPU	C1%	C3%	C6%	C8%	C9%
-	-	0.00	0.00	0.37	0.88	0.00
0	0	0.00	0.00	0.61	1.80	0.00
0	4	0.00	0.00	0.44	0.80	0.00
1	1	0.00	0.00	0.22	0.34	0.00
1	5	0.00	0.02	0.22	0.41	0.00
2	2	0.00	0.00	0.28	0.82	0.00
2	6	0.00	0.00	0.37	0.81	0.00
3	3	0.00	0.00	0.36	0.81	0.00
3	7	0.00	0.00	0.43	1.24	0.00
Core	CPU	C1%	C3%	C6%	C8%	C9%
-	-	0.00	0.01	0.44	0.98	0.00
0	0	0.00	0.00	0.37	1.29	0.00
0	4	0.00	0.02	0.85	1.29	0.00
1	1	0.00	0.00	0.41	1.20	0.00
1	5	0.00	0.02	0.35	0.91	0.00
2	2	0.00	0.00	0.36	1.01	0.00
2	6	0.00	0.00	0.35	0.81	0.00
3	3	0.00	0.00	0.43	0.71	0.00
3	7	0.00	0.00	0.35	0.58	0.00
Core	CPU	C1%	C3%	C6%	C8%	C9%
-	-	0.00	0.01	0.47	0.69	0.00
0	0	0.00	0.00	0.36	0.69	0.00
0	4	0.00	0.00	1.15	0.11	0.00
1	1	0.00	0.12	0.05	0.50	0.00
1	5	0.00	0.00	0.12	0.70	0.00
2	2	0.00	0.00	0.27	0.99	0.00
2	6	0.00	0.00	0.43	0.99	0.00
3	3	0.00	0.00	0.81	0.79	0.00
3	7	0.00	0.00	0.57	0.77	0.00
Core	CPU	C1%	C3%	C6%	C8%	C9%
-	-	0.00	0.05	0.31	0.78	0.00
0	0	0.00	0.00	0.41	0.59	0.00
0	4	0.00	0.37	0.48	0.12	0.00
1	1	0.00	0.00	0.11	0.57	0.00
1	5	0.00	0.02	0.53	0.49	0.00
2	2	0.00	0.00	0.15	1.09	0.00
2	6	0.00	0.00	0.31	1.30	0.00
3	3	0.00	0.00	0.19	1.09	0.00
3	7	0.00	0.00	0.28	0.99	0.00
Core	CPU	C1%	C3%	C6%	C8%	C9%
-	-	0.00	0.01	0.55	0.86	0.00
0	0	0.00	0.02	0.62	0.50	0.00
0	4	0.00	0.01	0.51	0.58	0.00
1	1	0.00	0.00	1.05	0.50	0.00
1	5	0.00	0.01	0.77	0.80	0.00
2	2	0.00	0.00	0.50	1.20	0.00
2	6	0.00	0.00	0.20	1.18	0.00
3	3	0.00	0.00	0.29	0.79	0.00
3	7	0.00	0.00	0.43	1.32	0.00
Core	CPU	C1%	C3%	C6%	C8%	C9%
-	-	0.00	0.00	0.60	0.91	0.00
0	0	0.00	0.00	0.59	1.28	0.00
0	4	0.00	0.01	1.18	1.00	0.00
1	1	0.00	0.00	0.63	0.98	0.00
1	5	0.00	0.02	0.31	1.08	0.00
2	2	0.00	0.00	0.83	0.79	0.00
2	6	0.00	0.00	0.57	0.78	0.00
3	3	0.00	0.00	0.36	0.69	0.00
3	7	0.00	0.00	0.29	0.63	0.00
Core	CPU	C1%	C3%	C6%	C8%	C9%
-	-	0.00	0.03	0.67	4.19	0.00
0	0	0.00	0.00	0.28	0.89	0.00
0	4	0.00	0.01	0.67	0.80	0.00
1	1	0.00	0.00	0.27	0.30	0.00
1	5	0.00	0.00	0.60	0.00	0.00
2	2	0.00	0.00	0.19	1.08	0.00
2	6	0.00	0.00	0.55	1.69	0.00
3	3	0.00	0.00	0.93	0.50	0.00
3	7	0.01	0.27	1.84	28.28	0.00
Core	CPU	C1%	C3%	C6%	C8%	C9%
-	-	0.00	0.01	0.42	0.81	0.00
0	0	0.00	0.00	0.36	0.70	0.00
0	4	0.00	0.00	0.45	0.68	0.00
1	1	0.00	0.02	0.28	0.60	0.00
1	5	0.00	0.00	0.46	0.80	0.00
2	2	0.00	0.00	0.46	0.99	0.00
2	6	0.00	0.00	0.37	0.89	0.00
3	3	0.00	0.00	0.14	0.99	0.00
3	7	0.00	0.02	0.84	0.79	0.00
Core	CPU	C1%	C3%	C6%	C8%	C9%
-	-	0.00	0.00	0.34	1.01	0.00
0	0	0.00	0.00	0.55	1.30	0.00
0	4	0.00	0.01	0.45	1.38	0.00
1	1	0.00	0.02	0.30	0.30	0.00
1	5	0.00	0.00	0.10	0.90	0.00
2	2	0.00	0.00	0.37	1.09	0.00
2	6	0.00	0.00	0.36	1.08	0.00
3	3	0.00	0.00	0.23	0.90	0.00
3	7	0.00	0.00	0.39	1.18	0.00
Core	CPU	C1%	C3%	C6%	C8%	C9%
-	-	0.00	0.03	0.30	0.85	0.00
0	0	0.00	0.00	0.13	0.60	0.00
0	4	0.00	0.22	0.54	0.09	0.00
1	1	0.00	0.00	0.19	1.00	0.00
1	5	0.00	0.00	0.35	1.09	0.00
2	2	0.00	0.00	0.34	1.18	0.00
2	6	0.00	0.00	0.23	1.19	0.00
3	3	0.00	0.00	0.19	1.10	0.00
3	7	0.00	0.00	0.46	0.51	0.00
Core	CPU	C1%	C3%	C6%	C8%	C9%
-	-	0.00	0.00	0.51	1.26	0.00
0	0	0.00	0.02	0.29	0.79	0.00
0	4	0.00	0.00	0.91	0.50	0.00
1	1	0.00	0.00	0.55	1.49	0.00
1	5	0.00	0.00	0.52	1.69	0.00
2	2	0.00	0.02	0.38	1.20	0.00
2	6	0.00	0.00	0.37	1.89	0.00
3	3	0.00	0.00	0.46	1.30	0.00
3	7	0.00	0.00	0.62	1.24	0.00
Core	CPU	C1%	C3%	C6%	C8%	C9%
-	-	0.00	0.01	0.40	0.77	0.00
0	0	0.00	0.00	0.28	1.09	0.00
0	4	0.00	0.05	0.62	0.81	0.00
1	1	0.00	0.00	0.19	0.70	0.00
1	5	0.00	0.00	0.17	0.60	0.00
2	2	0.00	0.00	0.24	0.99	0.00
2	6	0.00	0.00	0.51	0.89	0.00
3	3	0.00	0.00	0.63	0.50	0.00
3	7	0.00	0.00	0.59	0.58	0.00
Core	CPU	C1%	C3%	C6%	C8%	C9%
-	-	0.00	0.00	0.43	1.07	0.00
0	0	0.00	0.00	0.77	1.41	0.00
0	4	0.00	0.01	0.53	1.10	0.00
1	1	0.00	0.00	0.18	0.51	0.00
1	5	0.00	0.00	0.36	1.00	0.00
2	2	0.00	0.00	0.53	1.09	0.00
2	6	0.00	0.00	0.41	1.20	0.00
3	3	0.00	0.00	0.18	1.00	0.00
3	7	0.00	0.00	0.45	1.21	0.00
Core	CPU	C1%	C3%	C6%	C8%	C9%
-	-	0.00	0.00	0.35	0.80	0.00
0	0	0.00	0.00	0.09	0.40	0.00
0	4	0.00	0.01	0.69	0.88	0.00
1	1	0.00	0.00	0.54	0.90	0.00
1	5	0.00	0.00	0.31	1.09	0.00
2	2	0.00	0.01	0.29	0.80	0.00
2	6	0.00	0.00	0.19	0.99	0.00
3	3	0.00	0.00	0.36	0.69	0.00
3	7	0.00	0.00	0.32	0.66	0.00
Core	CPU	C1%	C3%	C6%	C8%	C9%
-	-	0.00	0.00	0.52	0.69	0.00
0	0	0.00	0.00	0.28	0.88	0.00
0	4	0.00	0.02	0.95	0.49	0.00
1	1	0.00	0.00	0.53	0.00	0.00
1	5	0.00	0.00	0.67	0.30	0.00
2	2	0.00	0.00	0.28	0.88	0.00
2	6	0.00	0.00	0.36	1.18	0.00
3	3	0.00	0.00	0.82	0.79	0.00
3	7	0.00	0.00	0.29	0.98	0.00
Core	CPU	C1%	C3%	C6%	C8%	C9%
-	-	0.00	0.01	0.37	1.20	0.00
0	0	0.00	0.00	0.04	0.49	0.00
0	4	0.00	0.07	0.51	2.68	0.00
1	1	0.00	0.02	0.39	0.97	0.00
1	5	0.00	0.00	0.38	1.10	0.00
2	2	0.00	0.00	0.76	1.10	0.00
2	6	0.00	0.00	0.22	1.19	0.00
3	3	0.00	0.00	0.19	1.00	0.00
3	7	0.00	0.00	0.46	1.09	0.00
Core	CPU	C1%	C3%	C6%	C8%	C9%
-	-	0.00	0.01	0.57	1.06	0.00
0	0	0.00	0.02	1.27	1.39	0.00
0	4	0.00	0.04	0.85	1.10	0.00
1	1	0.00	0.00	0.36	0.98	0.00
1	5	0.00	0.00	0.43	1.00	0.00
2	2	0.00	0.00	0.59	1.21	0.00
2	6	0.00	0.00	0.38	1.01	0.00
3	3	0.00	0.00	0.28	0.89	0.00
3	7	0.00	0.00	0.44	0.92	0.00
Core	CPU	C1%	C3%	C6%	C8%	C9%
-	-	0.00	0.00	0.39	0.94	0.00
0	0	0.00	0.00	0.37	1.10	0.00
0	4	0.00	0.01	0.76	0.80	0.00
1	1	0.00	0.00	0.14	1.00	0.00
1	5	0.00	0.00	0.29	1.10	0.00
2	2	0.00	0.00	0.39	1.50	0.00
2	6	0.00	0.00	0.18	0.99	0.00
3	3	0.00	0.00	0.36	0.70	0.00
3	7	0.00	0.00	0.61	0.36	0.00
Core	CPU	C1%	C3%	C6%	C8%	C9%
-	-	0.00	0.00	0.41	0.82	0.00
0	0	0.00	0.00	0.36	1.09	0.00
0	4	0.00	0.00	1.16	0.40	0.00
1	1	0.00	0.01	0.32	0.51	0.00
1	5	0.00	0.00	0.04	0.60	0.00
2	2	0.00	0.00	0.37	1.09	0.00
2	6	0.00	0.00	0.54	1.00	0.00
3	3	0.00	0.00	0.22	0.90	0.00
3	7	0.00	0.01	0.25	0.99	0.00
Core	CPU	C1%	C3%	C6%	C8%	C9%
-	-	0.00	0.02	0.58	0.81	0.00
0	0	0.00	0.00	0.83	0.79	0.00
0	4	0.00	0.03	1.15	0.68	0.00
1	1	0.00	0.00	0.88	0.40	0.00
1	5	0.00	0.00	0.44	0.80	0.00
2	2	0.00	0.00	0.24	0.99	0.00
2	6	0.00	0.02	0.20	1.09	0.00
3	3	0.00	0.00	0.19	0.89	0.00
3	7	0.00	0.09	0.75	0.83	0.00
Core	CPU	C1%	C3%	C6%	C8%	C9%
-	-	0.00	0.01	0.77	1.29	0.00
0	0	0.00	0.00	1.01	3.08	0.00
0	4	0.00	0.03	1.16	0.59	0.00
1	1	0.00	0.00	1.00	1.60	0.00
1	5	0.00	0.00	0.23	0.99	0.00
2	2	0.00	0.00	0.71	0.97	0.00
2	6	0.00	0.00	0.38	1.09	0.00
3	3	0.00	0.00	0.45	0.69	0.00
3	7	0.00	0.03	1.22	1.35	0.00
Core	CPU	C1%	C3%	C6%	C8%	C9%
-	-	0.00	0.04	0.54	0.67	0.00
0	0	0.00	0.00	0.36	0.59	0.00
0	4	0.01	0.31	0.56	0.08	0.00
1	1	0.00	0.02	0.20	0.71	0.00
1	5	0.00	0.00	0.86	0.60	0.00
2	2	0.00	0.00	0.27	0.89	0.00
2	6	0.00	0.00	0.36	0.89	0.00
3	3	0.00	0.00	0.83	0.79	0.00
3	7	0.00	0.01	0.85	0.79	0.00
Core	CPU	C1%	C3%	C6%	C8%	C9%
-	-	0.00	0.00	0.35	0.94	0.00
0	0	0.00	0.00	0.45	1.00	0.00
0	4	0.00	0.00	0.55	1.38	0.00
1	1	0.00	0.02	0.35	0.30	0.00
1	5	0.00	0.00	0.10	0.90	0.00
2	2	0.00	0.00	0.38	1.47	0.00
2	6	0.00	0.00	0.36	0.79	0.00
3	3	0.00	0.00	0.33	0.79	0.00
3	7	0.00	0.00	0.29	0.89	0.00
Core	CPU	C1%	C3%	C6%	C8%	C9%
-	-	0.00	0.00	0.38	1.02	0.00
0	0	0.00	0.00	0.14	0.98	0.00
0	4	0.00	0.02	1.03	1.29	0.00
1	1	0.00	0.00	0.28	0.99	0.00
1	5	0.00	0.00	0.44	0.80	0.00
2	2	0.00	0.00	0.48	1.09	0.00
2	6	0.00	0.00	0.12	1.00	0.00
3	3	0.00	0.00	0.19	1.20	0.00
3	7	0.00	0.00	0.36	0.82	0.00
Core	CPU	C1%	C3%	C6%	C8%	C9%
-	-	0.00	0.00	0.43	0.97	0.00
0	0	0.00	0.00	0.24	0.80	0.00
0	4	0.00	0.01	0.67	1.39	0.00
1	1	0.00	0.00	0.35	0.89	0.00
1	5	0.00	0.00	0.38	1.39	0.00
2	2	0.00	0.01	0.29	0.80	0.00
2	6	0.00	0.00	0.76	1.00	0.00
3	3	0.00	0.00	0.36	0.70	0.00
3	7	0.00	0.00	0.41	0.76	0.00
Core	CPU	C1%	C3%	C6%	C8%	C9%
-	-	0.00	0.00	0.36	0.87	0.00
0	0	0.00	0.00	0.35	0.90	0.00
0	4	0.00	0.00	0.66	1.22	0.00
1	1	0.00	0.00	0.21	0.41	0.00
1	5	0.00	0.00	0.17	0.41	0.00
2	2	0.00	0.00	0.53	1.31	0.00
2	6	0.00	0.00	0.44	0.70	0.00
3	3	0.00	0.00	0.30	1.01	0.00
3	7	0.00	0.00	0.18	0.98	0.00
Core	CPU	C1%	C3%	C6%	C8%	C9%
-	-	0.00	0.01	0.35	0.75	0.00
0	0	0.00	0.00	0.23	0.51	0.00
0	4	0.00	0.03	0.42	0.59	0.00
1	1	0.00	0.00	0.19	0.90	0.00
1	5	0.00	0.01	0.40	0.91	0.00
2	2	0.00	0.00	0.52	0.61	0.00
2	6	0.00	0.00	0.31	0.91	0.00
3	3	0.00	0.00	0.27	0.81	0.00
3	7	0.00	0.00	0.44	0.73	0.00
Core	CPU	C1%	C3%	C6%	C8%	C9%
-	-	0.00	0.08	0.61	0.81	0.00
0	0	0.00	0.00	0.09	0.59	0.00
0	4	0.01	0.61	0.65	0.00	0.00
1	1	0.00	0.00	0.36	0.70	0.00
1	5	0.00	0.00	1.00	0.40	0.00
2	2	0.00	0.01	1.03	1.20	0.00
2	6	0.00	0.00	0.50	1.18	0.00
3	3	0.00	0.00	0.36	0.69	0.00
3	7	0.00	0.00	0.91	1.72	0.00
Core	CPU	C1%	C3%	C6%	C8%	C9%
-	-	0.00	0.03	0.66	4.43	0.00
0	0	0.00	0.00	0.56	1.41	0.00
0	4	0.00	0.01	0.78	0.78	0.00
1	1	0.00	0.00	0.95	1.48	0.00
1	5	0.00	0.02	0.92	0.29	0.00
2	2	0.00	0.00	0.27	1.09	0.00
2	6	0.00	0.00	0.27	0.99	0.00
3	3	0.00	0.00	0.14	0.99	0.00
3	7	0.01	0.22	1.35	28.38	0.00
Core	CPU	C1%	C3%	C6%	C8%	C9%
-	-	0.01	0.00	0.54	0.77	0.00
0	0	0.00	0.00	0.35	0.70	0.00
0	4	0.00	0.00	0.94	0.10	0.00
1	1	0.00	0.01	0.40	0.28	0.00
1	5	0.04	0.00	0.10	0.40	0.00
2	2	0.00	0.00	0.60	1.21	0.00
2	6	0.00	0.00	0.72	1.00	0.00
3	3	0.06	0.00	0.24	0.91	0.00
3	7	0.00	0.00	0.96	1.54	0.00
Core	CPU	C1%	C3%	C6%	C8%	C9%
-	-	0.00	0.00	0.46	0.78	0.00
0	0	0.00	0.00	0.36	0.70	0.00
0	4	0.00	0.01	0.79	0.79	0.00
1	1	0.00	0.02	0.30	0.40	0.00
1	5	0.00	0.00	0.58	0.99	0.00
2	2	0.00	0.00	0.27	0.89	0.00
2	6	0.00	0.00	0.55	0.69	0.00
3	3	0.00	0.00	0.53	0.89	0.00
3	7	0.00	0.00	0.29	0.88	0.00
Core	CPU	C1%	C3%	C6%	C8%	C9%
-	-	0.00	0.01	0.58	1.17	0.00
0	0	0.00	0.00	0.71	0.49	0.00
0	4	0.00	0.06	1.30	0.30	0.00
1	1	0.00	0.00	0.45	1.80	0.00
1	5	0.00	0.00	0.44	0.80	0.00
2	2	0.00	0.00	0.23	0.90	0.00
2	6	0.00	0.00	0.82	1.49	0.00
3	3	0.00	0.00	0.40	1.90	0.00
3	7	0.00	0.00	0.27	1.68	0.00
Core	CPU	C1%	C3%	C6%	C8%	C9%
-	-	0.00	0.02	0.42	1.01	0.00
0	0	0.00	0.02	0.85	1.40	0.00
0	4	0.00	0.01	0.50	0.51	0.00
1	1	0.00	0.00	0.27	0.90	0.00
1	5	0.00	0.00	0.36	0.80	0.00
2	2	0.00	0.00	0.32	1.00	0.00
2	6	0.00	0.13	0.19	0.90	0.00
3	3	0.00	0.00	0.28	1.10	0.00
3	7	0.00	0.00	0.57	1.48	0.00
