Core	CPU	C1%	C3%	C6%	C8%	C9%
-	-	1.50	0.45	8.14	4.32	0.00
0	0	6.03	2.24	39.13	18.94	0.00
0	4	0.00	0.00	0.88	0.29	0.01
1	1	0.00	0.00	0.97	1.08	0.00
1	5	0.16	0.00	0.94	0.68	0.00
2	2	0.00	0.00	0.84	0.10	0.00
2	6	0.13	0.00	1.30	1.08	0.00
3	3	0.00	0.00	0.89	1.57	0.00
3	7	5.66	1.32	20.18	10.81	0.00
Core	CPU	C1%	C3%	C6%	C8%	C9%
-	-	1.91	0.39	7.05	5.36	0.00
0	0	8.14	0.88	11.77	14.95	0.00
0	4	0.00	0.00	0.18	0.40	0.00
1	1	0.00	0.02	0.39	0.98	0.00
1	5	0.00	0.00	0.77	0.10	0.00
2	2	0.00	0.00	0.38	1.48	0.00
2	6	0.00	0.01	1.17	1.34	0.00
3	3	0.00	0.00	0.44	0.69	0.00
3	7	7.12	2.21	41.31	22.99	0.00
Core	CPU	C1%	C3%	C6%	C8%	C9%
-	-	1.51	0.45	7.63	7.60	0.00
0	0	6.03	1.83	35.72	15.74	0.00
0	4	0.00	0.00	0.51	0.99	0.00
1	1	0.00	0.00	0.82	2.75	0.00
1	5	0.00	0.00	0.45	0.89	0.00
2	2	0.00	0.00	0.73	0.50	0.00
2	6	0.00	0.02	1.02	1.41	0.00
3	3	0.00	0.00	0.09	1.09	0.00
3	7	6.08	1.71	21.60	37.41	0.00
Core	CPU	C1%	C3%	C6%	C8%	C9%
-	-	2.26	0.29	6.67	4.48	0.00
0	0	9.06	0.68	10.99	8.88	0.00
0	4	0.09	0.01	0.51	0.00	0.00
1	1	0.00	0.00	0.20	1.09	0.00
1	5	0.00	0.00	1.54	1.19	0.00
2	2	0.00	0.00	0.26	1.09	0.00
2	6	0.00	0.00	0.67	1.00	0.00
3	3	0.00	0.02	0.40	0.79	0.00
3	7	8.97	1.59	38.81	21.78	0.00
Core	CPU	C1%	C3%	C6%	C8%	C9%
-	-	0.00	0.29	9.37	4.50	1.67
0	0	0.01	2.26	66.39	24.89	0.00
0	4	0.00	0.00	2.51	0.09	9.84
1	1	0.00	0.00	1.74	1.64	0.00
1	5	0.00	0.00	0.00	0.69	0.00
2	2	0.01	0.02	1.04	0.79	3.47
2	6	0.00	0.02	1.38	3.19	0.00
3	3	0.00	0.00	0.54	0.99	0.00
3	7	0.00	0.03	1.31	3.68	0.00
Core	CPU	C1%	C3%	C6%	C8%	C9%
-	-	0.00	0.31	9.13	4.25	0.00
0	0	0.00	2.35	64.56	26.44	0.00
0	4	0.00	0.00	1.28	1.18	0.00
1	1	0.00	0.03	1.55	1.41	0.00
1	5	0.00	0.00	1.24	0.47	0.00
2	2	0.00	0.00	0.93	0.49	0.00
2	6	0.00	0.06	1.60	1.41	0.00
3	3	0.00	0.00	0.23	1.30	0.00
3	7	0.00	0.03	1.65	1.32	0.00
Core	CPU	C1%	C3%	C6%	C8%	C9%
-	-	0.78	0.31	8.46	4.11	0.44
0	0	3.30	1.96	54.16	23.37	0.00
0	4	0.00	0.00	0.77	0.21	2.65
1	1	2.74	0.50	9.21	5.37	0.00
1	5	0.00	0.00	0.54	1.18	0.00
2	2	0.00	0.02	0.96	0.39	0.79
2	6	0.24	0.02	1.10	0.69	0.00
3	3	0.00	0.00	0.48	0.89	0.00
3	7	0.00	0.00	0.50	0.79	0.12
Core	CPU	C1%	C3%	C6%	C8%	C9%
-	-	0.00	0.36	8.77	3.72	0.68
0	0	0.00	2.75	65.88	24.76	0.00
0	4	0.00	0.00	0.40	0.09	5.47
1	1	0.00	0.00	0.35	0.99	0.00
1	5	0.00	0.00	0.45	0.70	0.00
2	2	0.00	0.00	0.74	0.40	0.00
2	6	0.00	0.00	1.36	1.50	0.00
3	3	0.00	0.11	0.59	0.69	0.00
3	7	0.00	0.00	0.39	0.60	0.00
Core	CPU	C1%	C3%	C6%	C8%	C9%
-	-	4.36	0.55	7.13	4.04	0.01
0	0	17.73	1.04	11.48	11.50	0.05
0	4	0.00	0.00	0.43	0.10	0.00
1	1	10.18	1.91	20.66	7.65	0.00
1	5	0.00	0.00	0.94	0.89	0.00
2	2	0.00	0.00	0.57	0.69	0.00
2	6	0.00	0.01	0.67	1.38	0.00
3	3	6.94	1.40	21.22	9.73	0.00
3	7	0.00	0.01	1.09	0.39	0.00
Core	CPU	C1%	C3%	C6%	C8%	C9%
-	-	2.95	0.34	6.61	4.36	0.00
0	0	11.30	0.40	9.03	10.32	0.00
0	4	0.00	0.00	0.40	0.30	0.00
1	1	0.00	0.00	0.88	0.17	0.00
1	5	0.00	0.00	0.91	0.99	0.00
2	2	0.00	0.01	0.62	0.60	0.00
2	6	0.00	0.02	0.40	1.19	0.00
3	3	12.28	2.31	40.28	20.42	0.00
3	7	0.00	0.00	0.36	0.89	0.00
Core	CPU	C1%	C3%	C6%	C8%	C9%
-	-	2.63	0.31	6.71	4.20	0.00
0	0	10.67	0.67	9.08	6.03	0.00
0	4	0.00	0.01	0.99	0.39	0.00
1	1	0.00	0.00	0.68	1.09	0.00
1	5	0.00	0.00	0.28	1.38	0.00
2	2	0.00	0.00	0.56	1.29	0.00
2	6	0.00	0.02	0.83	1.49	0.00
3	3	10.35	1.77	40.78	20.53	0.00
3	7	0.00	0.00	0.47	1.39	0.00
Core	CPU	C1%	C3%	C6%	C8%	C9%
-	-	2.58	0.26	6.51	4.35	0.10
0	0	9.84	0.56	9.92	8.65	0.00
0	4	0.00	0.00	0.33	0.40	0.00
1	1	0.00	0.02	0.32	1.40	0.00
1	5	0.00	0.00	0.18	0.41	0.00
2	2	0.00	0.00	0.28	1.09	0.00
2	6	0.00	0.00	0.86	0.96	0.00
3	3	10.79	1.47	39.48	20.89	0.00
3	7	0.00	0.00	0.75	1.01	0.81
Core	CPU	C1%	C3%	C6%	C8%	C9%
-	-	3.78	0.46	6.41	4.36	0.16
0	0	16.16	0.38	8.79	10.27	0.00
0	4	0.00	0.00	0.27	0.89	0.00
1	1	7.16	2.06	19.91	10.84	0.00
1	5	0.00	0.00	0.24	1.09	0.00
2	2	0.00	0.00	0.32	0.80	0.00
2	6	0.00	0.00	0.41	1.15	0.00
3	3	6.92	1.27	21.13	8.84	0.00
3	7	0.00	0.00	0.26	0.99	1.29
Core	CPU	C1%	C3%	C6%	C8%	C9%
-	-	3.11	0.44	7.03	4.97	0.00
0	0	12.22	0.77	11.86	15.21	0.00
0	4	0.00	0.00	0.18	0.70	0.00
1	1	12.62	2.75	41.77	18.92	0.00
1	5	0.00	0.00	0.45	0.89	0.00
2	2	0.00	0.00	0.35	0.79	0.00
2	6	0.00	0.02	0.65	1.28	0.00
3	3	0.00	0.02	0.50	0.69	0.00
3	7	0.00	0.00	0.49	1.28	0.00
Core	CPU	C1%	C3%	C6%	C8%	C9%
-	-	2.29	0.41	6.71	4.93	0.00
0	0	9.31	0.97	9.91	13.63	0.00
0	4	0.00	0.01	0.44	0.48	0.00
1	1	9.00	2.26	40.85	22.22	0.00
1	5	0.00	0.00	0.22	0.59	0.00
2	2	0.00	0.00	0.68	0.39	0.00
2	6	0.00	0.05	1.00	0.16	0.00
3	3	0.00	0.00	0.35	0.99	0.00
3	7	0.00	0.01	0.23	0.99	0.00
Core	CPU	C1%	C3%	C6%	C8%	C9%
-	-	2.33	0.29	7.53	5.28	0.25
0	0	10.12	0.75	13.64	14.00	0.00
0	4	0.00	0.00	0.45	1.40	0.00
1	1	8.54	1.48	42.29	22.40	0.00
1	5	0.00	0.00	0.80	1.20	0.00
2	2	0.00	0.12	0.03	0.13	2.00
2	6	0.00	0.00	1.30	0.84	0.00
3	3	0.00	0.00	0.74	1.48	0.00
3	7	0.00	0.00	0.96	0.79	0.00
Core	CPU	C1%	C3%	C6%	C8%	C9%
-	-	1.94	0.36	6.99	5.03	0.00
0	0	7.28	0.97	12.07	12.94	0.01
0	4	0.00	0.00	0.09	0.40	0.00
1	1	0.00	0.00	0.49	0.69	0.00
1	5	0.00	0.00	0.38	1.58	0.00
2	2	0.00	0.00	0.54	0.70	0.00
2	6	0.00	0.01	0.66	1.00	0.00
3	3	8.26	1.92	41.30	22.24	0.00
3	7	0.00	0.00	0.39	0.68	0.00
Core	CPU	C1%	C3%	C6%	C8%	C9%
-	-	2.26	0.44	6.52	5.15	0.01
0	0	8.11	1.15	10.37	12.75	0.11
0	4	0.00	0.00	0.23	0.30	0.00
1	1	0.00	0.02	0.29	0.50	0.00
1	5	0.00	0.00	0.57	1.09	0.00
2	2	0.00	0.00	0.25	1.08	0.00
2	6	0.00	0.04	0.66	1.75	0.00
3	3	10.01	2.29	39.54	22.86	0.00
3	7	0.00	0.00	0.22	0.89	0.00
Core	CPU	C1%	C3%	C6%	C8%	C9%
-	-	1.65	0.22	6.31	5.20	0.00
0	0	6.20	0.78	10.19	10.03	0.01
0	4	0.00	0.00	0.37	0.88	0.00
1	1	0.00	0.00	0.25	0.90	0.00
1	5	0.00	0.00	0.14	1.59	0.00
2	2	0.00	0.03	0.30	0.99	0.00
2	6	0.00	0.00	0.41	1.03	0.00
3	3	6.99	0.92	38.46	25.46	0.00
3	7	0.00	0.00	0.35	0.70	0.00
Core	CPU	C1%	C3%	C6%	C8%	C9%
-	-	2.05	0.34	6.96	4.66	0.00
0	0	8.36	0.90	11.28	10.41	0.00
0	4	0.00	0.00	0.00	0.60	0.00
1	1	8.01	1.74	41.41	21.55	0.00
1	5	0.00	0.03	0.65	1.19	0.00
2	2	0.00	0.00	0.75	0.49	0.00
2	6	0.00	0.00	0.63	0.90	0.00
3	3	0.00	0.02	0.19	1.09	0.00
3	7	0.00	0.00	0.78	1.09	0.00
Core	CPU	C1%	C3%	C6%	C8%	C9%
-	-	1.97	0.46	7.76	4.49	0.00
0	0	8.39	2.17	40.53	20.61	0.00
0	4	0.00	0.00	0.33	0.99	0.00
1	1	4.95	1.25	13.33	7.19	0.00
1	5	0.00	0.00	0.86	0.69	0.00
2	2	0.01	0.00	0.28	0.99	0.00
2	6	0.00	0.00	0.29	1.49	0.00
3	3	2.39	0.24	6.23	3.10	0.00
3	7	0.00	0.03	0.19	0.89	0.00
Core	CPU	C1%	C3%	C6%	C8%	C9%
-	-	3.11	0.39	8.33	4.82	0.00
0	0	14.36	1.58	31.17	21.03	0.00
0	4	0.00	0.00	1.25	0.21	0.00
1	1	0.00	0.02	1.29	1.57	0.00
1	5	0.00	0.01	0.84	1.39	0.00
2	2	10.55	1.48	29.70	10.30	0.00
2	6	0.00	0.00	0.20	1.53	0.00
3	3	0.00	0.00	0.98	1.48	0.00
3	7	0.00	0.00	1.25	1.09	0.00
Core	CPU	C1%	C3%	C6%	C8%	C9%
-	-	2.53	0.31	8.21	4.09	0.12
0	0	10.41	1.23	38.89	21.09	0.00
0	4	0.00	0.00	0.69	0.49	0.00
1	1	0.00	0.00	0.87	0.79	0.99
1	5	0.00	0.04	0.58	1.26	0.00
2	2	9.81	1.16	23.31	6.07	0.00
2	6	0.00	0.00	0.69	0.92	0.00
3	3	0.00	0.01	0.29	1.00	0.00
3	7	0.00	0.00	0.38	1.09	0.00
Core	CPU	C1%	C3%	C6%	C8%	C9%
-	-	2.78	0.38	8.19	4.30	0.00
0	0	11.96	1.41	37.99	19.78	0.00
0	4	0.00	0.02	0.61	0.00	0.00
1	1	10.31	1.57	22.84	10.71	0.00
1	5	0.00	0.02	1.37	0.49	0.00
2	2	0.00	0.00	0.36	1.39	0.00
2	6	0.00	0.00	0.35	0.90	0.00
3	3	0.00	0.00	0.93	0.79	0.00
3	7	0.00	0.02	1.09	0.29	0.00
Core	CPU	C1%	C3%	C6%	C8%	C9%
-	-	0.00	0.36	8.66	7.88	0.04
0	0	0.00	2.66	64.47	26.22	0.00
0	4	0.00	0.00	1.05	0.00	0.00
1	1	0.00	0.00	0.70	2.55	0.30
1	5	0.00	0.04	0.57	1.38	0.00
2	2	0.00	0.00	0.09	1.04	0.00
2	6	0.00	0.00	0.89	1.18	0.00
3	3	0.00	0.00	0.37	0.98	0.00
3	7	0.01	0.20	1.14	29.67	0.00
Core	CPU	C1%	C3%	C6%	C8%	C9%
-	-	1.82	0.51	8.33	3.91	1.50
0	0	8.10	1.84	41.73	18.31	0.06
0	4	0.00	0.00	0.98	0.00	11.94
1	1	6.46	2.21	20.08	8.81	0.00
1	5	0.00	0.00	1.25	0.39	0.00
2	2	0.00	0.00	0.92	1.20	0.00
2	6	0.00	0.01	0.80	0.79	0.00
3	3	0.00	0.00	0.10	0.98	0.00
3	7	0.00	0.00	0.77	0.79	0.00
Core	CPU	C1%	C3%	C6%	C8%	C9%
-	-	3.65	0.50	6.80	4.22	0.09
0	0	15.30	0.76	10.08	12.32	0.01
0	4	0.00	0.02	0.49	0.10	0.00
1	1	13.93	3.22	41.86	17.26	0.00
1	5	0.00	0.03	0.83	0.59	0.69
2	2	0.00	0.00	0.35	0.80	0.00
2	6	0.00	0.00	0.35	0.79	0.00
3	3	0.00	0.00	0.23	0.90	0.00
3	7	0.00	0.00	0.19	1.00	0.00
Core	CPU	C1%	C3%	C6%	C8%	C9%
-	-	0.03	0.34	8.72	3.99	0.67
0	0	0.00	2.54	65.63	25.15	0.00
0	4	0.00	0.00	0.35	0.40	5.34
1	1	0.00	0.11	0.88	1.58	0.00
1	5	0.22	0.03	1.28	1.29	0.00
2	2	0.00	0.00	0.16	0.93	0.00
2	6	0.00	0.00	0.76	0.70	0.00
3	3	0.00	0.00	0.37	0.89	0.00
3	7	0.00	0.00	0.35	0.98	0.00
Core	CPU	C1%	C3%	C6%	C8%	C9%
-	-	0.02	0.29	8.51	4.06	0.00
0	0	0.00	2.31	64.54	26.62	0.00
0	4	0.00	0.00	0.89	0.00	0.00
1	1	0.10	0.01	0.32	1.29	0.01
1	5	0.00	0.00	1.07	0.50	0.00
2	2	0.00	0.00	0.23	1.02	0.00
2	6	0.00	0.02	0.20	0.89	0.00
3	3	0.03	0.00	0.48	1.28	0.00
3	7	0.00	0.00	0.38	0.88	0.00
Core	CPU	C1%	C3%	C6%	C8%	C9%
-	-	2.62	0.37	7.55	4.20	0.00
0	0	11.04	0.90	28.03	16.38	0.00
0	4	0.00	0.00	0.09	0.50	0.00
1	1	9.92	1.98	30.17	12.20	0.00
1	5	0.00	0.03	1.16	0.57	0.00
2	2	0.00	0.00	0.45	1.08	0.00
2	6	0.00	0.00	0.14	0.99	0.00
3	3	0.00	0.02	0.19	0.90	0.00
3	7	0.00	0.00	0.20	0.98	0.00
Core	CPU	C1%	C3%	C6%	C8%	C9%
-	-	0.00	0.30	8.83	4.14	0.76
0	0	0.00	2.39	65.27	25.81	0.00
0	4	0.00	0.00	1.53	0.00	6.09
1	1	0.00	0.02	0.29	0.40	0.00
1	5	0.00	0.00	1.11	1.29	0.00
2	2	0.00	0.00	0.61	1.39	0.00
2	6	0.00	0.00	0.97	1.18	0.00
3	3	0.00	0.00	0.56	1.48	0.00
3	7	0.00	0.00	0.33	1.58	0.00
Core	CPU	C1%	C3%	C6%	C8%	C9%
-	-	0.00	0.28	8.60	4.03	0.08
0	0	0.00	2.22	64.99	26.24	0.00
0	4	0.00	0.00	0.97	0.00	0.00
1	1	0.00	0.00	0.33	0.90	0.00
1	5	0.00	0.00	1.33	1.20	0.64
2	2	0.00	0.02	0.40	0.80	0.00
2	6	0.00	0.00	0.20	0.90	0.00
3	3	0.00	0.00	0.18	0.89	0.00
3	7	0.00	0.00	0.40	1.29	0.00
Core	CPU	C1%	C3%	C6%	C8%	C9%
-	-	1.44	0.30	7.54	4.07	0.28
0	0	5.42	1.52	34.52	16.55	0.00
0	4	0.00	0.00	0.59	0.00	2.27
1	1	0.00	0.00	0.35	0.89	0.00
1	5	0.00	0.00	1.12	0.90	0.00
2	2	0.61	0.00	0.21	0.99	0.00
2	6	0.00	0.00	0.23	1.08	0.00
3	3	5.50	0.87	22.90	11.50	0.00
3	7	0.00	0.00	0.38	0.69	0.00
Core	CPU	C1%	C3%	C6%	C8%	C9%
-	-	1.90	0.24	6.81	4.45	0.29
0	0	6.98	0.72	9.33	6.42	0.12
0	4	0.00	0.02	1.07	2.17	0.00
1	1	0.00	0.00	0.75	0.70	0.00
1	5	0.00	0.01	1.28	0.29	0.00
2	2	0.00	0.00	0.98	0.99	0.00
2	6	0.00	0.00	0.52	1.48	0.00
3	3	8.10	1.17	39.71	23.28	0.00
3	7	0.10	0.01	0.82	0.30	2.20
Core	CPU	C1%	C3%	C6%	C8%	C9%
-	-	2.33	0.32	6.57	4.18	0.15
0	0	8.82	0.61	9.37	7.32	0.00
0	4	0.00	0.00	0.16	0.30	0.00
1	1	0.00	0.00	0.54	0.40	0.00
1	5	0.00	0.05	1.13	0.59	0.00
2	2	0.00	0.00	0.40	0.00	0.00
2	6	0.00	0.03	0.75	1.14	0.00
3	3	9.80	1.84	39.57	23.04	0.00
3	7	0.00	0.01	0.64	0.64	1.23
Core	CPU	C1%	C3%	C6%	C8%	C9%
-	-	0.00	0.29	8.72	4.10	1.31
0	0	0.00	2.25	65.73	25.49	0.00
0	4	0.00	0.00	0.48	0.61	10.45
1	1	0.00	0.00	0.77	1.59	0.00
1	5	0.00	0.00	0.68	1.29	0.00
2	2	0.00	0.00	0.42	0.99	0.00
2	6	0.00	0.00	0.93	0.70	0.00
3	3	0.00	0.09	0.20	1.10	0.00
3	7	0.00	0.00	0.53	1.00	0.00
Core	CPU	C1%	C3%	C6%	C8%	C9%
-	-	2.23	0.37	7.71	4.82	0.29
0	0	8.67	1.33	35.01	16.66	0.00
0	4	0.00	0.00	0.98	1.85	0.00
1	1	0.00	0.02	0.62	1.09	1.01
1	5	0.00	0.02	0.91	0.29	0.00
2	2	0.23	0.00	0.29	1.29	0.00
2	6	0.00	0.00	0.50	2.57	0.00
3	3	8.96	1.56	22.55	12.13	0.00
3	7	0.00	0.03	0.84	2.69	1.27
Core	CPU	C1%	C3%	C6%	C8%	C9%
-	-	3.98	0.61	7.08	4.40	0.11
0	0	16.41	0.99	11.19	13.74	0.00
0	4	0.00	0.00	0.37	1.18	0.00
1	1	0.00	0.00	0.56	0.50	0.00
1	5	0.00	0.00	0.33	0.89	0.00
2	2	0.00	0.03	0.89	0.30	0.00
2	6	0.00	0.02	0.83	1.80	0.00
3	3	15.46	3.85	42.24	15.89	0.00
3	7	0.00	0.00	0.27	0.90	0.90
Core	CPU	C1%	C3%	C6%	C8%	C9%
-	-	0.00	0.30	8.56	4.50	0.00
0	0	0.00	2.37	64.14	26.94	0.00
0	4	0.00	0.00	0.22	0.90	0.00
1	1	0.00	0.00	0.39	1.98	0.00
1	5	0.00	0.00	0.39	1.97	0.00
2	2	0.00	0.00	1.16	0.89	0.00
2	6	0.00	0.00	0.35	1.09	0.00
3	3	0.00	0.00	1.42	1.01	0.00
3	7	0.00	0.00	0.39	1.19	0.00
Core	CPU	C1%	C3%	C6%	C8%	C9%
-	-	0.88	0.34	8.27	4.54	0.00
0	0	3.47	1.97	53.01	25.25	0.04
0	4	0.00	0.00	0.64	1.08	0.00
1	1	0.00	0.01	1.28	0.10	0.00
1	5	0.00	0.02	0.92	0.98	0.00
2	2	0.01	0.00	0.37	2.24	0.00
2	6	0.00	0.00	0.29	0.98	0.00
3	3	3.56	0.70	9.27	4.59	0.00
3	7	0.00	0.00	0.34	1.09	0.00
Core	CPU	C1%	C3%	C6%	C8%	C9%
-	-	0.64	0.31	8.70	3.97	0.67
0	0	2.80	2.19	59.29	23.53	0.00
0	4	0.03	0.00	1.34	0.00	5.34
1	1	0.00	0.00	0.63	0.79	0.00
1	5	0.00	0.00	0.39	1.19	0.00
2	2	0.00	0.00	0.76	0.69	0.00
2	6	0.00	0.00	0.60	0.89	0.00
3	3	2.29	0.30	5.64	3.38	0.00
3	7	0.00	0.02	0.93	1.29	0.00
Core	CPU	C1%	C3%	C6%	C8%	C9%
-	-	0.00	0.25	8.98	4.31	0.00
0	0	0.00	1.99	65.06	26.41	0.00
0	4	0.00	0.00	0.99	0.10	0.00
1	1	0.00	0.00	0.51	1.59	0.00
1	5	0.00	0.00	1.52	1.98	0.00
2	2	0.00	0.00	0.55	1.19	0.00
2	6	0.00	0.00	0.78	1.15	0.00
3	3	0.00	0.02	1.01	1.58	0.00
3	7	0.00	0.00	1.43	0.53	0.00
Core	CPU	C1%	C3%	C6%	C8%	C9%
-	-	0.00	0.28	8.48	3.99	0.11
0	0	0.00	2.20	65.13	26.17	0.00
0	4	0.00	0.00	0.54	0.00	0.00
1	1	0.00	0.02	0.27	0.49	0.00
1	5	0.00	0.00	0.13	0.50	0.00
2	2	0.00	0.00	0.38	0.89	0.00
2	6	0.00	0.00	0.43	1.57	0.90
3	3	0.00	0.00	0.57	1.28	0.00
3	7	0.00	0.03	0.38	0.99	0.00
Core	CPU	C1%	C3%	C6%	C8%	C9%
-	-	2.03	0.51	7.59	4.90	0.00
0	0	8.44	1.85	33.19	19.36	0.00
0	4	0.00	0.00	0.66	0.00	0.00
1	1	0.00	0.03	0.47	1.86	0.00
1	5	0.00	0.00	0.71	1.47	0.00
2	2	0.62	0.00	0.51	0.20	0.00
2	6	0.00	0.00	0.10	1.08	0.00
3	3	7.22	2.17	24.51	12.25	0.00
3	7	0.00	0.00	0.59	2.94	0.00
Core	CPU	C1%	C3%	C6%	C8%	C9%
-	-	1.38	0.41	7.50	4.15	0.00
0	0	5.89	1.30	40.27	18.83	0.00
0	4	0.00	0.00	0.50	0.00	0.00
1	1	0.00	0.00	0.66	0.78	0.00
1	5	0.00	0.00	0.36	0.89	0.00
2	2	0.00	0.00	0.25	1.08	0.00
2	6	0.00	0.00	0.91	1.09	0.00
3	3	5.15	1.98	16.60	9.35	0.00
3	7	0.00	0.03	0.45	1.18	0.00
Core	CPU	C1%	C3%	C6%	C8%	C9%
-	-	1.83	0.30	7.00	5.42	0.00
0	0	6.73	0.89	11.82	10.82	0.01
0	4	0.00	0.00	0.33	1.00	0.00
1	1	0.00	0.02	0.98	2.19	0.00
1	5	0.00	0.00	0.68	0.99	0.00
2	2	0.00	0.00	0.29	1.68	0.00
2	6	0.00	0.02	0.98	1.65	0.00
3	3	7.93	1.42	39.50	23.73	0.00
3	7	0.00	0.02	1.39	1.27	0.00
Core	CPU	C1%	C3%	C6%	C8%	C9%
-	-	1.72	0.29	6.56	4.81	0.00
0	0	7.13	0.85	9.11	9.69	0.00
0	4	0.00	0.00	0.28	0.89	0.00
1	1	0.00	0.00	0.32	0.89	0.00
1	5	0.00	0.00	0.25	1.19	0.00
2	2	0.00	0.23	0.35	0.00	0.00
2	6	0.00	0.02	0.79	0.79	0.00
3	3	6.66	1.17	40.72	23.51	0.00
3	7	0.00	0.03	0.67	1.54	0.00
Core	CPU	C1%	C3%	C6%	C8%	C9%
-	-	2.33	0.47	7.42	8.16	0.00
0	0	10.27	1.57	26.37	15.96	0.01
0	4	0.00	0.00	0.30	1.57	0.00
1	1	0.00	0.00	0.52	2.44	0.00
1	5	0.00	0.01	0.55	1.19	0.00
2	2	0.01	0.00	0.95	0.79	0.00
2	6	0.00	0.00	0.77	1.29	0.00
3	3	8.32	2.19	28.64	15.56	0.00
3	7	0.01	0.00	1.29	26.47	0.00
Core	CPU	C1%	C3%	C6%	C8%	C9%
-	-	0.00	0.27	8.68	3.86	0.00
0	0	0.00	2.09	65.07	25.88	0.00
0	4	0.00	0.00	0.83	0.49	0.00
1	1	0.00	0.03	0.50	0.20	0.00
1	5	0.00	0.01	0.54	0.70	0.00
2	2	0.00	0.00	0.55	1.38	0.00
2	6	0.00	0.00	0.28	1.08	0.00
3	3	0.00	0.00	0.97	0.59	0.00
3	7	0.00	0.03	0.69	0.59	0.00
Core	CPU	C1%	C3%	C6%	C8%	C9%
-	-	0.00	0.27	8.50	4.20	0.00
0	0	0.00	2.16	64.05	27.25	0.00
0	4	0.00	0.00	0.66	1.08	0.00
1	1	0.00	0.00	0.34	0.29	0.00
1	5	0.00	0.00	0.29	0.49	0.00
2	2	0.00	0.00	0.39	0.50	0.00
2	6	0.00	0.00	0.19	1.48	0.00
3	3	0.00	0.00	1.21	1.18	0.00
3	7	0.00	0.00	0.85	1.28	0.00
Core	CPU	C1%	C3%	C6%	C8%	C9%
-	-	0.00	0.27	8.66	4.73	0.00
0	0	0.00	2.09	64.58	26.85	0.00
0	4	0.00	0.00	0.38	0.51	0.00
1	1	0.00	0.00	1.09	1.97	0.00
1	5	0.00	0.00	0.46	1.49	0.00
2	2	0.00	0.05	0.29	1.99	0.00
2	6	0.00	0.00	0.32	1.68	0.00
3	3	0.00	0.00	0.99	1.80	0.00
3	7	0.00	0.00	1.17	1.58	0.00
Core	CPU	C1%	C3%	C6%	C8%	C9%
-	-	0.00	0.27	8.68	3.72	1.11
0	0	0.00	2.10	65.31	26.00	0.00
0	4	0.00	0.03	0.49	0.00	8.88
1	1	0.00	0.02	0.27	0.50	0.00
1	5	0.00	0.00	0.48	0.49	0.00
2	2	0.00	0.00	0.49	0.99	0.00
2	6	0.00	0.00	0.35	0.89	0.00
3	3	0.00	0.00	1.12	0.21	0.00
3	7	0.00	0.01	0.90	0.68	0.00
Core	CPU	C1%	C3%	C6%	C8%	C9%
-	-	0.00	0.28	8.48	3.92	0.00
0	0	0.00	2.21	63.80	27.50	0.00
0	4	0.00	0.00	0.74	0.00	0.00
1	1	0.00	0.01	0.67	1.46	0.00
1	5	0.00	0.00	0.20	0.30	0.00
2	2	0.00	0.00	0.48	0.40	0.00
2	6	0.00	0.00	0.28	0.89	0.00
3	3	0.00	0.00	1.05	0.22	0.00
3	7	0.00	0.03	0.58	0.59	0.00
Core	CPU	C1%	C3%	C6%	C8%	C9%
-	-	0.00	0.30	8.65	3.86	0.00
0	0	0.00	2.39	65.01	25.44	0.00
0	4	0.00	0.00	0.55	0.40	0.00
1	1	0.00	0.00	0.70	0.09	0.00
1	5	0.00	0.00	0.21	0.39	0.00
2	2	0.00	0.00	0.73	1.00	0.00
2	6	0.00	0.00	0.20	0.98	0.00
3	3	0.00	0.01	1.23	1.75	0.00
3	7	0.00	0.00	0.55	0.78	0.00
Core	CPU	C1%	C3%	C6%	C8%	C9%
-	-	3.77	0.51	11.10	5.83	0.00
0	0	30.09	1.04	41.84	20.09	0.00
0	4	0.01	2.97	43.65	19.32	0.00
1	1	0.00	0.00	0.67	1.58	0.00
1	5	0.00	0.00	0.36	0.98	0.00
2	2	0.04	0.00	0.15	0.99	0.00
2	6	0.00	0.00	0.81	1.30	0.00
3	3	0.00	0.05	0.97	1.60	0.00
3	7	0.00	0.00	0.38	0.79	0.00
Core	CPU	C1%	C3%	C6%	C8%	C9%
-	-	0.00	0.30	8.45	4.22	0.87
0	0	0.00	2.32	64.53	26.63	0.00
0	4	0.00	0.02	0.10	0.50	6.94
1	1	0.00	0.00	0.60	0.49	0.00
1	5	0.00	0.00	0.47	2.37	0.00
2	2	0.00	0.00	0.36	0.99	0.00
2	6	0.00	0.00	0.25	0.99	0.00
3	3	0.00	0.01	0.73	0.81	0.00
3	7	0.00	0.00	0.58	0.99	0.00
Core	CPU	C1%	C3%	C6%	C8%	C9%
-	-	0.00	0.30	8.50	4.10	1.26
0	0	0.00	2.34	65.57	25.62	0.00
0	4	0.00	0.00	0.35	0.30	10.12
1	1	0.00	0.00	0.40	1.78	0.00
1	5	0.00	0.02	0.24	1.48	0.00
2	2	0.00	0.02	0.05	0.60	0.00
2	6	0.00	0.00	0.29	0.89	0.00
3	3	0.00	0.02	0.86	0.87	0.00
3	7	0.00	0.00	0.24	1.28	0.00
Core	CPU	C1%	C3%	C6%	C8%	C9%
-	-	0.00	0.28	8.61	4.19	0.00
0	0	0.00	2.23	64.02	27.25	0.00
0	4	0.00	0.00	0.88	0.00	0.00
1	1	0.00	0.00	0.58	0.99	0.00
1	5	0.00	0.00	0.67	0.99	0.00
2	2	0.00	0.00	0.24	0.89	0.00
2	6	0.00	0.00	0.59	1.09	0.00
3	3	0.00	0.00	1.57	1.49	0.00
3	7	0.00	0.00	0.37	0.79	0.00
Core	CPU	C1%	C3%	C6%	C8%	C9%
-	-	0.00	0.26	8.52	4.15	0.00
0	0	0.00	2.05	64.85	26.61	0.00
0	4	0.00	0.00	0.50	0.00	0.00
1	1	0.00	0.00	0.10	1.18	0.00
1	5	0.00	0.00	0.78	0.70	0.00
2	2	0.00	0.00	0.26	1.19	0.00
2	6	0.00	0.00	0.60	1.49	0.00
3	3	0.00	0.02	0.82	1.12	0.00
3	7	0.00	0.00	0.25	0.89	0.00
Core	CPU	C1%	C3%	C6%	C8%	C9%
-	-	0.00	0.28	8.59	4.00	0.00
0	0	0.00	2.19	64.95	26.34	0.00
0	4	0.00	0.00	0.91	0.22	0.00
1	1	0.00	0.02	0.37	1.08	0.00
1	5	0.00	0.00	0.28	0.50	0.00
2	2	0.00	0.00	0.96	0.80	0.00
2	6	0.00	0.00	0.36	0.99	0.00
3	3	0.00	0.00	0.60	1.19	0.00
3	7	0.00	0.01	0.32	0.89	0.00
Core	CPU	C1%	C3%	C6%	C8%	C9%
-	-	0.00	0.29	8.41	4.01	0.00
0	0	0.00	2.31	64.21	27.01	0.00
0	4	0.00	0.00	0.46	0.10	0.00
1	1	0.00	0.00	0.47	1.26	0.00
1	5	0.00	0.00	0.13	0.59	0.00
2	2	0.00	0.00	0.10	0.50	0.00
2	6	0.00	0.00	0.29	0.98	0.00
3	3	0.00	0.01	0.79	0.87	0.00
3	7	0.00	0.00	0.84	0.79	0.00
Core	CPU	C1%	C3%	C6%	C8%	C9%
-	-	0.00	0.29	8.95	3.91	1.06
0	0	0.00	2.25	66.16	25.10	0.00
0	4	0.00	0.00	0.38	0.50	8.49
1	1	0.00	0.00	0.79	0.88	0.00
1	5	0.00	0.00	0.44	0.79	0.00
2	2	0.00	0.00	0.95	0.39	0.00
2	6	0.00	0.01	0.89	0.90	0.00
3	3	0.00	0.03	1.43	1.32	0.00
3	7	0.00	0.03	0.51	1.38	0.00
Core	CPU	C1%	C3%	C6%	C8%	C9%
-	-	0.00	0.25	8.37	4.05	0.00
0	0	0.00	1.95	64.68	26.85	0.00
0	4	0.00	0.02	0.39	0.21	0.00
1	1	0.00	0.00	0.06	0.78	0.00
1	5	0.00	0.00	0.18	1.00	0.00
2	2	0.00	0.00	0.35	0.99	0.00
2	6	0.00	0.00	0.24	1.18	0.00
3	3	0.00	0.02	0.82	0.80	0.00
3	7	0.00	0.00	0.27	0.62	0.00
Core	CPU	C1%	C3%	C6%	C8%	C9%
-	-	0.00	0.28	8.41	4.07	0.56
0	0	0.00	2.27	64.56	26.65	0.00
0	4	0.00	0.00	0.45	0.08	4.49
1	1	0.00	0.00	0.44	1.48	0.00
1	5	0.00	0.00	0.12	0.60	0.00
2	2	0.00	0.00	0.34	0.89	0.00
2	6	0.00	0.00	0.35	0.89	0.00
3	3	0.00	0.00	0.56	1.28	0.00
3	7	0.00	0.00	0.49	0.70	0.00
Core	CPU	C1%	C3%	C6%	C8%	C9%
-	-	2.16	0.33	7.67	4.68	0.00
0	0	8.54	1.61	32.46	18.41	0.00
0	4	0.00	0.00	0.87	0.20	0.00
1	1	0.00	0.00	0.54	0.89	0.00
1	5	0.00	0.00	0.19	1.39	0.00
2	2	0.02	0.00	0.30	1.20	0.00
2	6	0.00	0.00	0.60	1.93	0.00
3	3	8.72	1.06	25.93	12.84	0.00
3	7	0.00	0.00	0.46	0.59	0.00
Core	CPU	C1%	C3%	C6%	C8%	C9%
-	-	3.12	0.42	6.80	4.55	0.00
0	0	12.35	0.93	11.83	10.18	0.00
0	4	0.00	0.00	0.68	0.50	0.00
1	1	0.00	0.00	0.37	0.99	0.00
1	5	0.00	0.00	0.34	1.00	0.00
2	2	0.00	0.00	0.21	0.99	0.00
2	6	0.00	0.03	0.19	1.31	0.00
3	3	12.60	2.39	40.38	20.72	0.00
3	7	0.00	0.00	0.38	0.68	0.00
Core	CPU	C1%	C3%	C6%	C8%	C9%
-	-	2.17	0.32	6.31	4.30	0.13
0	0	8.76	0.92	9.74	7.41	0.00
0	4	0.00	0.00	0.22	0.30	0.00
1	1	0.00	0.00	0.10	0.40	0.00
1	5	0.00	0.00	0.29	0.99	0.00
2	2	0.00	0.00	0.36	0.79	1.00
2	6	0.00	0.00	0.35	0.80	0.00
3	3	8.58	1.60	39.32	22.71	0.00
3	7	0.00	0.00	0.10	0.99	0.00
Core	CPU	C1%	C3%	C6%	C8%	C9%
-	-	0.00	0.27	8.54	3.87	0.00
0	0	0.00	2.12	65.17	26.13	0.00
0	4	0.00	0.00	0.86	0.18	0.00
1	1	0.00	0.02	0.20	0.50	0.00
1	5	0.00	0.00	0.18	0.40	0.00
2	2	0.00	0.00	0.19	1.09	0.00
2	6	0.00	0.00	0.27	0.96	0.00
3	3	0.00	0.01	1.23	0.78	0.00
3	7	0.00	0.00	0.24	0.89	0.00
Core	CPU	C1%	C3%	C6%	C8%	C9%
-	-	0.00	0.25	8.64	4.20	0.28
0	0	0.00	2.00	64.75	26.73	0.00
0	4	0.00	0.00	0.87	0.00	2.28
1	1	0.00	0.01	0.35	1.19	0.00
1	5	0.00	0.00	0.64	1.19	0.00
2	2	0.00	0.02	0.29	0.79	0.00
2	6	0.00	0.00	0.63	1.71	0.00
3	3	0.00	0.00	1.19	1.10	0.00
3	7	0.00	0.00	0.41	0.89	0.00
Core	CPU	C1%	C3%	C6%	C8%	C9%
-	-	1.45	0.31	7.81	8.27	0.00
0	0	5.80	1.16	35.59	18.20	0.00
0	4	0.00	0.00	0.69	0.11	0.00
1	1	0.00	0.00	0.62	1.49	0.00
1	5	0.00	0.00	0.94	1.19	0.00
2	2	0.00	0.00	0.24	1.29	0.00
2	6	0.00	0.00	0.42	2.18	0.00
3	3	5.76	1.17	22.37	12.16	0.00
3	7	0.01	0.13	1.57	29.56	0.00
Core	CPU	C1%	C3%	C6%	C8%	C9%
-	-	0.00	0.28	8.67	4.15	0.00
0	0	0.00	2.16	64.69	26.65	0.00
0	4	0.00	0.00	1.02	0.21	0.00
1	1	0.00	0.02	0.30	0.60	0.00
1	5	0.00	0.00	0.10	1.09	0.00
2	2	0.00	0.00	0.88	1.09	0.00
2	6	0.00	0.00	0.52	1.19	0.00
3	3	0.00	0.03	0.54	1.29	0.00
3	7	0.00	0.00	1.27	1.08	0.00
Core	CPU	C1%	C3%	C6%	C8%	C9%
-	-	0.00	0.30	8.52	4.13	1.13
0	0	0.00	2.35	64.89	26.25	0.00
0	4	0.00	0.00	0.56	0.00	9.06
1	1	0.00	0.00	0.05	0.79	0.00
1	5	0.00	0.00	0.21	1.10	0.00
2	2	0.00	0.00	0.62	0.99	0.00
2	6	0.00	0.00	0.29	1.28	0.00
3	3	0.00	0.02	0.98	1.57	0.00
3	7	0.00	0.00	0.55	1.09	0.00
Core	CPU	C1%	C3%	C6%	C8%	C9%
-	-	0.00	0.28	8.41	4.08	0.00
0	0	0.00	2.20	64.34	26.95	0.00
0	4	0.00	0.00	0.60	0.00	0.00
1	1	0.00	0.01	0.28	0.98	0.00
1	5	0.00	0.00	0.40	1.20	0.00
2	2	0.00	0.00	0.24	1.00	0.00
2	6	0.00	0.00	0.13	1.00	0.00
3	3	0.00	0.02	1.11	0.64	0.00
3	7	0.00	0.00	0.19	0.89	0.00
Core	CPU	C1%	C3%	C6%	C8%	C9%
-	-	0.01	0.30	8.96	4.42	0.86
0	0	0.00	2.33	65.14	26.05	0.00
0	4	0.00	0.04	1.00	0.10	6.88
1	1	0.00	0.00	1.19	1.67	0.00
1	5	0.00	0.00	0.18	1.08	0.00
2	2	0.00	0.00	0.27	0.99	0.00
2	6	0.05	0.00	1.11	1.68	0.00
3	3	0.00	0.03	1.64	1.99	0.00
3	7	0.00	0.02	1.17	1.77	0.00
Core	CPU	C1%	C3%	C6%	C8%	C9%
-	-	0.07	0.28	8.23	3.98	0.00
0	0	0.35	1.81	62.27	26.65	0.00
0	4	0.00	0.00	0.65	0.39	0.00
1	1	0.00	0.00	0.40	1.08	0.00
1	5	0.00	0.02	0.10	0.59	0.00
2	2	0.00	0.00	0.09	0.59	0.00
2	6	0.00	0.00	0.19	0.99	0.00
3	3	0.25	0.40	1.95	0.55	0.00
3	7	0.00	0.00	0.22	0.99	0.00
Core	CPU	C1%	C3%	C6%	C8%	C9%
-	-	0.00	0.31	8.81	4.32	0.00
0	0	0.00	2.30	64.69	26.52	0.00
0	4	0.00	0.00	0.85	0.12	0.00
1	1	0.00	0.01	1.25	1.53	0.00
1	5	0.00	0.01	1.80	1.75	0.00
2	2	0.00	0.12	0.29	0.99	0.00
2	6	0.00	0.00	0.38	1.10	0.00
3	3	0.00	0.00	0.72	1.59	0.00
3	7	0.00	0.00	0.46	0.99	0.00
Core	CPU	C1%	C3%	C6%	C8%	C9%
-	-	0.00	0.31	8.80	4.12	0.81
0	0	0.00	2.27	65.88	25.35	0.00
0	4	0.00	0.00	0.41	0.09	6.45
1	1	0.00	0.04	0.75	1.07	0.00
1	5	0.00	0.00	0.67	0.98	0.00
2	2	0.01	0.00	0.34	1.19	0.00
2	6	0.00	0.03	0.75	1.59	0.00
3	3	0.00	0.11	1.25	1.70	0.00
3	7	0.00	0.00	0.38	0.99	0.00
Core	CPU	C1%	C3%	C6%	C8%	C9%
-	-	0.00	0.30	8.78	4.08	0.38
0	0	0.00	2.32	64.52	26.69	0.00
0	4	0.00	0.06	1.49	0.00	3.07
1	1	0.00	0.00	0.59	0.00	0.00
1	5	0.00	0.00	0.27	1.29	0.00
2	2	0.00	0.00	0.27	0.99	0.00
2	6	0.00	0.00	0.49	1.88	0.00
3	3	0.00	0.04	1.73	0.98	0.00
3	7	0.00	0.02	0.89	0.79	0.00
Core	CPU	C1%	C3%	C6%	C8%	C9%
-	-	1.98	0.26	6.96	4.38	0.00
0	0	7.20	0.96	16.32	11.11	0.00
0	4	0.00	0.00	0.56	0.10	0.00
1	1	0.00	0.00	0.32	0.76	0.00
1	5	0.00	0.00	0.23	0.40	0.00
2	2	0.04	0.01	0.45	1.40	0.00
2	6	0.00	0.00	0.19	0.99	0.00
3	3	8.64	1.10	36.50	19.14	0.00
3	7	0.00	0.00	1.14	1.19	0.00
Core	CPU	C1%	C3%	C6%	C8%	C9%
-	-	1.14	0.38	8.15	4.01	0.00
0	0	4.33	1.67	46.24	22.41	0.00
0	4	0.00	0.00	0.88	0.00	0.00
1	1	4.70	1.40	14.75	6.26	0.00
1	5	0.00	0.00	0.33	1.19	0.00
2	2	0.00	0.00	0.92	0.79	0.00
2	6	0.00	0.01	0.80	0.79	0.00
3	3	0.10	0.00	0.49	0.55	0.00
3	7	0.00	0.00	0.76	0.11	0.00
Core	CPU	C1%	C3%	C6%	C8%	C9%
-	-	0.00	0.30	8.49	3.98	0.00
0	0	0.00	2.27	64.38	26.82	0.00
0	4	0.00	0.02	0.60	0.00	0.00
1	1	0.00	0.10	0.03	0.89	0.00
1	5	0.00	0.00	0.88	0.89	0.00
2	2	0.00	0.00	0.37	0.99	0.00
2	6	0.00	0.00	0.35	1.09	0.00
3	3	0.00	0.02	0.93	0.35	0.00
3	7	0.00	0.02	0.39	0.80	0.00
Core	CPU	C1%	C3%	C6%	C8%	C9%
-	-	0.00	0.30	8.72	3.87	0.81
0	0	0.00	2.35	65.70	25.43	0.00
0	4	0.00	0.00	0.49	0.10	6.45
1	1	0.00	0.00	0.38	0.89	0.00
1	5	0.00	0.00	0.36	0.89	0.00
2	2	0.00	0.00	0.25	1.19	0.00
2	6	0.00	0.00	0.49	1.18	0.00
3	3	0.00	0.04	1.10	0.90	0.00
3	7	0.00	0.00	0.99	0.39	0.00
Core	CPU	C1%	C3%	C6%	C8%	C9%
-	-	0.00	0.28	8.61	4.18	0.00
0	0	0.00	2.20	64.08	27.23	0.00
0	4	0.00	0.00	0.74	0.09	0.00
1	1	0.00	0.02	0.20	0.79	0.00
1	5	0.00	0.00	0.68	0.70	0.00
2	2	0.00	0.00	0.88	1.28	0.00
2	6	0.00	0.00	0.96	1.29	0.00
3	3	0.00	0.00	1.15	0.79	0.00
3	7	0.00	0.03	0.20	1.28	0.00
Core	CPU	C1%	C3%	C6%	C8%	C9%
-	-	0.00	0.24	8.42	4.05	0.10
0	0	0.00	1.94	64.46	27.09	0.00
0	4	0.00	0.00	0.65	0.11	0.00
1	1	0.00	0.00	0.57	0.88	0.00
1	5	0.00	0.00	0.31	0.69	0.79
2	2	0.00	0.00	0.10	0.60	0.00
2	6	0.00	0.00	0.19	1.00	0.00
3	3	0.00	0.00	0.58	1.36	0.00
3	7	0.00	0.00	0.46	0.70	0.00
Core	CPU	C1%	C3%	C6%	C8%	C9%
-	-	0.00	0.26	8.60	4.19	0.46
0	0	0.00	2.05	64.96	26.38	0.00
0	4	0.00	0.00	0.69	0.30	3.68
1	1	0.00	0.00	0.31	1.18	0.00
1	5	0.00	0.00	0.31	1.48	0.00
2	2	0.00	0.00	0.74	0.89	0.00
2	6	0.00	0.00	0.13	1.29	0.00
3	3	0.00	0.00	1.00	1.05	0.00
3	7	0.00	0.00	0.67	0.99	0.00
Core	CPU	C1%	C3%	C6%	C8%	C9%
-	-	0.00	0.30	8.66	4.10	0.00
0	0	0.00	2.34	64.05	26.91	0.00
0	4	0.00	0.02	0.60	0.00	0.00
1	1	0.00	0.00	0.84	1.30	0.00
1	5	0.00	0.00	0.56	0.99	0.00
2	2	0.00	0.00	0.36	0.99	0.00
2	6	0.00	0.00	0.25	1.09	0.00
3	3	0.00	0.00	1.68	0.81	0.00
3	7	0.00	0.00	0.92	0.69	0.00
Core	CPU	C1%	C3%	C6%	C8%	C9%
-	-	0.00	0.28	8.39	3.97	0.00
0	0	0.00	2.17	64.29	27.05	0.00
0	4	0.00	0.00	0.56	0.00	0.00
1	1	0.00	0.00	0.08	0.50	0.00
1	5	0.00	0.00	0.62	0.10	0.00
2	2	0.00	0.00	0.17	0.50	0.00
2	6	0.00	0.00	0.29	0.89	0.00
3	3	0.00	0.03	0.77	1.55	0.00
3	7	0.00	0.00	0.34	1.19	0.00
Core	CPU	C1%	C3%	C6%	C8%	C9%
-	-	0.00	0.34	8.74	3.57	1.11
0	0	0.00	2.47	65.92	25.11	0.00
0	4	0.00	0.00	0.86	0.00	8.91
1	1	0.00	0.00	0.23	1.15	0.00
1	5	0.00	0.00	0.42	0.77	0.00
2	2	0.00	0.22	0.34	0.00	0.00
2	6	0.00	0.02	0.19	1.06	0.00
3	3	0.00	0.00	1.17	0.50	0.00
3	7	0.00	0.00	0.77	0.00	0.00
Core	CPU	C1%	C3%	C6%	C8%	C9%
-	-	0.00	0.27	8.48	4.16	0.00
0	0	0.00	2.16	64.63	26.70	0.00
0	4	0.00	0.00	0.79	0.31	0.00
1	1	0.00	0.00	0.24	0.91	0.00
1	5	0.00	0.00	0.85	1.00	0.00
2	2	0.00	0.00	0.10	0.99	0.00
2	6	0.00	0.00	0.29	0.90	0.00
3	3	0.00	0.03	0.67	1.49	0.00
3	7	0.00	0.00	0.24	1.00	0.00
Core	CPU	C1%	C3%	C6%	C8%	C9%
-	-	2.38	0.34	6.68	4.92	0.00
0	0	9.23	0.71	9.02	11.39	0.00
0	4	0.00	0.00	0.77	0.50	0.00
1	1	9.83	1.96	39.97	22.96	0.00
1	5	0.00	0.00	0.39	1.09	0.00
2	2	0.00	0.00	0.92	0.39	0.00
2	6	0.00	0.00	0.60	0.59	0.00
3	3	0.00	0.02	1.09	1.43	0.00
3	7	0.00	0.00	0.72	1.00	0.00
Core	CPU	C1%	C3%	C6%	C8%	C9%
-	-	2.57	0.35	7.04	4.51	0.00
0	0	10.63	0.78	10.59	10.26	0.00
0	4	0.00	0.02	0.19	0.40	0.00
1	1	9.91	1.96	42.78	21.15	0.00
1	5	0.00	0.00	0.88	0.00	0.00
2	2	0.00	0.00	0.45	1.57	0.00
2	6	0.00	0.00	0.35	0.89	0.00
3	3	0.00	0.02	0.83	0.70	0.00
3	7	0.00	0.00	0.22	1.09	0.00
Core	CPU	C1%	C3%	C6%	C8%	C9%
-	-	0.00	0.36	8.66	7.28	0.00
0	0	0.01	2.61	65.54	25.39	0.00
0	4	0.00	0.00	0.65	0.10	0.00
1	1	0.00	0.09	0.30	0.91	0.00
1	5	0.00	0.05	0.68	0.29	0.00
2	2	0.00	0.00	0.10	0.40	0.00
2	6	0.00	0.00	0.19	0.98	0.00
3	3	0.00	0.02	0.56	0.96	0.00
3	7	0.01	0.13	1.28	29.18	0.00
Core	CPU	C1%	C3%	C6%	C8%	C9%
-	-	3.11	0.52	7.03	4.75	0.00
0	0	12.79	0.61	11.05	14.64	0.00
0	4	0.00	0.00	0.38	0.79	0.00
1	1	12.11	2.66	42.28	19.18	0.00
1	5	0.00	0.00	0.56	1.07	0.00
2	2	0.00	0.92	0.06	0.00	0.00
2	6	0.00	0.02	0.89	0.79	0.00
3	3	0.00	0.00	0.29	0.84	0.00
3	7	0.00	0.00	0.76	0.69	0.00
Core	CPU	C1%	C3%	C6%	C8%	C9%
-	-	2.53	0.41	7.32	4.62	0.00
0	0	10.18	1.07	16.64	14.71	0.00
0	4	0.00	0.00	0.09	0.40	0.00
1	1	10.04	2.16	38.84	17.84	0.00
1	5	0.00	0.02	0.67	1.01	0.00
2	2	0.00	0.00	0.95	0.50	0.00
2	6	0.00	0.00	0.34	0.79	0.00
3	3	0.00	0.02	0.74	0.92	0.00
3	7	0.00	0.00	0.29	0.79	0.00
Core	CPU	C1%	C3%	C6%	C8%	C9%
-	-	3.36	0.48	6.41	4.61	0.00
0	0	12.34	1.06	10.33	12.74	0.00
0	4	0.00	0.00	0.24	0.40	0.00
1	1	14.56	2.77	38.88	19.20	0.00
1	5	0.00	0.01	0.49	0.71	0.00
2	2	0.00	0.00	0.35	1.38	0.00
2	6	0.00	0.00	0.28	0.98	0.00
3	3	0.00	0.00	0.54	0.60	0.00
3	7	0.00	0.00	0.22	0.89	0.00
Core	CPU	C1%	C3%	C6%	C8%	C9%
-	-	0.52	0.27	7.99	3.92	0.00
0	0	1.98	1.79	47.66	20.54	0.01
0	4	0.00	0.00	0.56	0.30	0.00
1	1	2.22	0.32	13.10	6.88	0.00
1	5	0.00	0.04	0.91	0.09	0.00
2	2	0.00	0.01	0.55	0.71	0.00
2	6	0.00	0.00	0.19	0.79	0.00
3	3	0.00	0.00	0.28	0.95	0.00
3	7	0.00	0.00	0.64	1.13	0.00
Core	CPU	C1%	C3%	C6%	C8%	C9%
-	-	0.00	0.28	8.52	4.32	0.00
0	0	0.00	2.21	64.64	26.63	0.00
0	4	0.00	0.00	0.29	0.21	0.00
1	1	0.00	0.01	0.47	1.76	0.00
1	5	0.00	0.00	1.19	1.30	0.00
2	2	0.00	0.00	0.43	1.18	0.00
2	6	0.00	0.00	0.23	1.09	0.00
3	3	0.00	0.01	0.52	1.64	0.00
3	7	0.00	0.00	0.39	0.79	0.00
Core	CPU	C1%	C3%	C6%	C8%	C9%
-	-	0.00	0.30	8.91	3.66	1.29
0	0	0.00	2.37	66.29	24.90	0.00
0	4	0.00	0.02	0.60	0.00	10.36
1	1	0.00	0.00	0.31	0.89	0.00
1	5	0.00	0.02	1.17	0.51	0.00
2	2	0.00	0.00	0.31	0.90	0.00
2	6	0.00	0.00	0.36	0.90	0.00
3	3	0.00	0.00	1.32	0.79	0.00
3	7	0.00	0.02	0.93	0.39	0.00
Core	CPU	C1%	C3%	C6%	C8%	C9%
-	-	2.13	0.31	6.80	4.43	0.01
0	0	7.75	0.90	22.84	13.66	0.12
0	4	0.00	0.00	0.56	0.00	0.00
1	1	0.00	0.00	0.24	1.14	0.00
1	5	0.00	0.00	1.27	0.70	0.00
2	2	0.18	0.00	0.17	0.53	0.00
2	6	0.00	0.00	0.10	1.08	0.00
3	3	9.10	1.55	28.77	17.26	0.00
3	7	0.00	0.00	0.44	1.08	0.00
Core	CPU	C1%	C3%	C6%	C8%	C9%
-	-	0.00	0.27	8.91	3.61	0.85
0	0	0.00	2.17	65.43	25.88	0.00
0	4	0.00	0.00	0.97	0.00	6.77
1	1	0.00	0.00	0.94	0.57	0.00
1	5	0.00	0.01	1.32	0.00	0.00
2	2	0.00	0.00	0.89	0.58	0.00
2	6	0.00	0.01	0.70	0.40	0.00
3	3	0.00	0.00	0.72	0.54	0.00
3	7	0.00	0.00	0.28	0.88	0.00
Core	CPU	C1%	C3%	C6%	C8%	C9%
-	-	0.00	0.28	8.55	3.86	0.13
0	0	0.00	2.15	64.99	26.34	0.00
0	4	0.00	0.02	0.68	0.12	0.00
1	1	0.00	0.00	0.49	0.39	1.00
1	5	0.00	0.04	0.87	1.08	0.00
2	2	0.00	0.00	0.45	0.41	0.00
2	6	0.00	0.00	0.34	0.90	0.00
3	3	0.00	0.00	0.41	0.73	0.00
3	7	0.00	0.00	0.19	0.90	0.00
Core	CPU	C1%	C3%	C6%	C8%	C9%
-	-	0.00	0.28	8.55	4.04	0.12
0	0	0.00	2.18	64.30	26.99	0.00
0	4	0.00	0.00	0.54	0.00	0.00
1	1	0.00	0.01	0.32	0.40	0.99
1	5	0.00	0.05	1.07	1.07	0.00
2	2	0.00	0.00	0.88	0.99	0.00
2	6	0.00	0.00	0.27	0.99	0.00
3	3	0.00	0.03	0.82	0.91	0.00
3	7	0.00	0.01	0.20	0.99	0.00
Core	CPU	C1%	C3%	C6%	C8%	C9%
-	-	2.15	0.21	6.93	3.61	0.42
0	0	8.96	0.43	8.30	3.27	0.01
0	4	0.03	0.00	1.31	0.49	0.00
1	1	0.00	0.00	0.86	0.50	0.00
1	5	0.00	0.01	1.25	0.39	0.00
2	2	0.00	0.00	1.10	0.10	3.37
2	6	0.00	0.02	0.90	0.29	0.00
3	3	8.20	1.21	41.37	22.91	0.00
3	7	0.00	0.00	0.39	0.89	0.00
Core	CPU	C1%	C3%	C6%	C8%	C9%
-	-	0.36	0.27	8.15	3.70	0.00
0	0	1.31	1.87	54.44	22.78	0.00
0	4	0.00	0.00	0.49	0.00	0.00
1	1	0.00	0.00	0.19	0.99	0.00
1	5	0.00	0.04	1.06	0.50	0.00
2	2	0.00	0.00	0.46	0.59	0.00
2	6	0.00	0.00	0.34	0.80	0.00
3	3	1.55	0.22	7.97	3.16	0.00
3	7	0.00	0.00	0.29	0.79	0.00
Core	CPU	C1%	C3%	C6%	C8%	C9%
-	-	0.97	0.26	7.57	5.34	0.00
0	0	3.78	1.44	31.90	21.17	0.00
0	4	0.00	0.00	0.65	0.00	0.00
1	1	0.00	0.00	0.77	0.20	0.00
1	5	0.00	0.00	1.03	0.49	0.00
2	2	0.00	0.00	0.41	0.89	0.00
2	6	0.00	0.00	0.28	0.99	0.00
3	3	4.01	0.61	25.19	18.23	0.00
3	7	0.00	0.00	0.33	0.79	0.00
Core	CPU	C1%	C3%	C6%	C8%	C9%
-	-	0.00	0.30	8.53	4.16	0.00
0	0	0.00	2.37	64.12	26.91	0.00
0	4	0.00	0.00	0.87	0.00	0.00
1	1	0.00	0.00	0.35	1.87	0.00
1	5	0.00	0.02	1.32	1.08	0.00
2	2	0.00	0.02	0.30	0.79	0.00
2	6	0.00	0.00	0.10	1.09	0.00
3	3	0.00	0.00	0.85	0.86	0.00
3	7	0.00	0.00	0.36	0.69	0.00
Core	CPU	C1%	C3%	C6%	C8%	C9%
-	-	0.00	0.28	8.51	4.44	0.00
0	0	0.00	2.22	64.10	27.31	0.00
0	4	0.00	0.00	0.50	0.00	0.00
1	1	0.00	0.02	0.68	2.36	0.00
1	5	0.00	0.00	0.91	1.79	0.00
2	2	0.00	0.00	0.25	0.98	0.00
2	6	0.00	0.00	0.63	1.18	0.00
3	3	0.00	0.01	0.73	1.12	0.00
3	7	0.00	0.00	0.29	0.79	0.00
Core	CPU	C1%	C3%	C6%	C8%	C9%
-	-	0.00	0.30	8.93	3.87	2.13
0	0	0.00	2.38	66.10	25.06	0.00
0	4	0.00	0.00	0.63	0.00	17.01
1	1	0.00	0.01	0.84	0.98	0.00
1	5	0.00	0.00	1.41	1.40	0.00
2	2	0.00	0.02	0.37	0.99	0.00
2	6	0.00	0.00	0.35	1.00	0.00
3	3	0.00	0.00	0.91	0.79	0.00
3	7	0.00	0.01	0.80	0.79	0.00
Core	CPU	C1%	C3%	C6%	C8%	C9%
-	-	2.33	0.31	6.14	3.97	0.00
0	0	9.37	0.49	8.32	5.56	0.00
0	4	0.00	0.00	0.15	0.40	0.00
1	1	0.00	0.04	0.50	0.00	0.00
1	5	0.00	0.02	0.91	0.30	0.00
2	2	0.00	0.00	0.59	0.30	0.00
2	6	0.00	0.00	0.19	0.89	0.00
3	3	9.30	1.92	38.30	23.35	0.00
3	7	0.00	0.00	0.13	0.99	0.00
Core	CPU	C1%	C3%	C6%	C8%	C9%
-	-	2.10	0.30	6.91	4.53	0.00
0	0	8.77	0.85	9.23	5.38	0.00
0	4	0.00	0.00	0.47	1.39	0.00
1	1	0.00	0.00	0.65	1.19	0.00
1	5	0.00	0.00	1.29	1.88	0.00
2	2	0.00	0.00	0.77	1.19	0.00
2	6	0.00	0.00	0.69	1.69	0.00
3	3	7.99	1.58	40.52	22.80	0.00
3	7	0.00	0.00	1.64	0.70	0.00
Core	CPU	C1%	C3%	C6%	C8%	C9%
-	-	1.85	0.23	6.35	4.26	0.00
0	0	7.27	0.76	7.14	4.62	0.00
0	4	0.00	0.00	0.19	0.41	0.00
1	1	0.00	0.00	0.28	1.29	0.00
1	5	0.00	0.00	0.77	1.19	0.00
2	2	0.00	0.00	0.55	0.89	0.00
2	6	0.00	0.00	0.33	1.10	0.00
3	3	7.49	1.07	40.99	23.15	0.00
3	7	0.00	0.00	0.55	1.41	0.00
Core	CPU	C1%	C3%	C6%	C8%	C9%
-	-	2.42	0.28	6.21	3.68	0.00
0	0	9.48	0.63	7.08	4.77	0.00
0	4	0.00	0.00	0.23	0.30	0.00
1	1	0.00	0.03	0.30	0.30	0.00
1	5	0.00	0.02	1.09	0.20	0.00
2	2	0.00	0.00	0.19	0.89	0.00
2	6	0.00	0.00	0.36	0.79	0.00
3	3	9.87	1.52	40.21	21.33	0.00
3	7	0.00	0.02	0.19	0.89	0.00
Core	CPU	C1%	C3%	C6%	C8%	C9%
-	-	0.09	0.30	8.66	7.66	0.49
0	0	0.45	2.27	63.91	25.08	0.00
0	4	0.00	0.00	0.25	0.40	3.07
1	1	0.00	0.00	0.59	1.93	0.00
1	5	0.00	0.02	0.54	0.57	0.00
2	2	0.09	0.03	1.00	1.18	0.87
2	6	0.00	0.00	0.44	1.58	0.00
3	3	0.13	0.01	0.57	1.09	0.00
3	7	0.01	0.09	1.95	29.47	0.00
Core	CPU	C1%	C3%	C6%	C8%	C9%
-	-	3.23	0.30	7.33	4.55	3.16
0	0	13.75	0.72	11.20	9.02	0.00
0	4	0.00	0.00	0.99	1.59	24.26
1	1	0.00	0.00	0.44	1.38	1.00
1	5	0.00	0.00	1.64	0.98	0.00
2	2	12.12	1.68	42.32	20.02	0.00
2	6	0.00	0.00	0.19	1.29	0.00
3	3	0.00	0.00	0.78	1.53	0.00
3	7	0.00	0.00	1.06	0.59	0.00
Core	CPU	C1%	C3%	C6%	C8%	C9%
-	-	0.67	0.34	8.40	4.08	0.82
0	0	2.77	2.35	58.69	24.50	0.00
0	4	0.00	0.01	0.20	0.30	6.55
1	1	0.00	0.00	0.29	1.09	0.00
1	5	0.00	0.00	1.29	0.40	0.00
2	2	2.60	0.32	5.52	2.74	0.00
2	6	0.00	0.00	0.23	0.90	0.00
3	3	0.00	0.02	0.29	1.22	0.00
3	7	0.00	0.00	0.74	1.47	0.00
Core	CPU	C1%	C3%	C6%	C8%	C9%
-	-	0.00	0.26	8.59	4.18	0.00
0	0	0.00	2.01	64.60	26.88	0.00
0	4	0.00	0.00	0.53	0.00	0.00
1	1	0.00	0.02	0.31	2.19	0.00
1	5	0.00	0.01	0.94	0.80	0.00
2	2	0.00	0.00	0.27	1.09	0.00
2	6	0.00	0.00	0.46	0.89	0.00
3	3	0.00	0.00	0.83	0.79	0.00
3	7	0.00	0.02	0.79	0.79	0.00
Core	CPU	C1%	C3%	C6%	C8%	C9%
-	-	0.00	0.26	8.38	4.30	0.06
0	0	0.00	2.05	63.81	27.61	0.00
0	4	0.00	0.00	0.46	0.11	0.00
1	1	0.00	0.00	0.54	1.48	0.51
1	5	0.00	0.01	0.56	1.38	0.00
2	2	0.00	0.01	0.37	0.80	0.00
2	6	0.00	0.00	0.20	0.99	0.00
3	3	0.00	0.00	0.57	1.06	0.00
3	7	0.00	0.00	0.54	0.99	0.00
Core	CPU	C1%	C3%	C6%	C8%	C9%
-	-	0.00	0.30	8.79	4.04	1.10
0	0	0.00	2.37	65.98	25.18	0.00
0	4	0.00	0.00	0.99	0.00	8.81
1	1	0.00	0.00	0.51	1.49	0.01
1	5	0.00	0.05	1.33	0.68	0.00
2	2	0.00	0.00	0.68	1.28	0.00
2	6	0.00	0.00	0.48	1.19	0.00
3	3	0.00	0.00	0.10	1.42	0.00
3	7	0.00	0.01	0.29	1.08	0.00
Core	CPU	C1%	C3%	C6%	C8%	C9%
-	-	0.00	0.26	8.49	4.05	0.00
0	0	0.00	2.08	64.35	26.95	0.00
0	4	0.00	0.00	0.54	0.00	0.00
1	1	0.00	0.02	0.30	0.98	0.00
1	5	0.00	0.00	1.12	0.89	0.00
2	2	0.00	0.00	0.29	0.89	0.00
2	6	0.00	0.00	0.27	0.99	0.00
3	3	0.00	0.00	0.24	0.90	0.00
3	7	0.00	0.03	0.79	0.79	0.00
Core	CPU	C1%	C3%	C6%	C8%	C9%
-	-	0.00	0.29	8.41	4.02	0.36
0	0	0.00	2.26	64.65	25.95	0.00
0	4	0.00	0.00	0.56	0.09	2.90
1	1	0.00	0.00	0.18	0.80	0.00
1	5	0.00	0.03	0.90	0.41	0.00
2	2	0.00	0.00	0.10	1.09	0.00
2	6	0.00	0.00	0.20	1.19	0.00
3	3	0.00	0.00	0.28	1.35	0.00
3	7	0.00	0.00	0.43	1.28	0.00
Core	CPU	C1%	C3%	C6%	C8%	C9%
-	-	0.97	0.24	7.43	4.11	0.28
0	0	3.73	1.30	34.31	13.60	0.00
0	4	0.00	0.00	0.39	0.11	2.27
1	1	0.00	0.00	0.39	2.05	0.00
1	5	0.00	0.01	1.07	0.59	0.00
2	2	0.00	0.00	0.74	0.89	0.00
2	6	0.00	0.00	0.28	1.29	0.00
3	3	4.01	0.57	21.90	13.64	0.00
3	7	0.00	0.00	0.38	0.69	0.00
Core	CPU	C1%	C3%	C6%	C8%	C9%
-	-	0.00	0.29	8.58	4.08	0.00
0	0	0.00	2.30	64.52	26.66	0.00
0	4	0.00	0.02	0.79	0.00	0.00
1	1	0.00	0.00	0.10	0.99	0.00
1	5	0.00	0.02	1.06	0.79	0.00
2	2	0.00	0.00	0.71	0.79	0.00
2	6	0.00	0.00	0.83	0.88	0.00
3	3	0.00	0.00	0.32	1.41	0.00
3	7	0.00	0.00	0.30	1.09	0.00
Core	CPU	C1%	C3%	C6%	C8%	C9%
-	-	0.00	0.27	8.61	4.00	0.18
0	0	0.00	2.09	65.59	25.82	0.00
0	4	0.00	0.03	1.12	0.11	1.48
1	1	0.00	0.02	0.28	0.40	0.00
1	5	0.00	0.00	0.43	0.81	0.00
2	2	0.00	0.00	0.27	1.08	0.00
2	6	0.00	0.00	0.61	1.49	0.00
3	3	0.00	0.00	0.43	1.28	0.00
3	7	0.00	0.00	0.13	0.98	0.00
Core	CPU	C1%	C3%	C6%	C8%	C9%
-	-	1.90	0.31	6.48	4.53	0.02
0	0	7.03	0.61	8.02	5.60	0.00
0	4	0.00	0.00	0.45	1.09	0.00
1	1	0.00	0.01	0.47	2.43	0.00
1	5	0.00	0.03	0.52	1.18	0.00
2	2	0.00	0.00	0.22	1.29	0.00
2	6	0.00	0.00	0.20	1.68	0.00
3	3	8.14	1.85	40.96	21.40	0.00
3	7	0.00	0.01	0.99	1.53	0.19
Core	CPU	C1%	C3%	C6%	C8%	C9%
-	-	2.10	0.27	7.16	5.46	0.00
0	0	8.75	0.62	12.11	15.69	0.01
0	4	0.00	0.00	0.09	1.38	0.00
1	1	0.00	0.00	1.17	1.37	0.00
1	5	0.00	0.02	1.05	0.50	0.00
2	2	0.00	0.00	0.35	1.48	0.00
2	6	0.00	0.00	0.23	1.09	0.00
3	3	8.05	1.49	41.44	21.81	0.00
3	7	0.00	0.01	0.86	0.40	0.00
Core	CPU	C1%	C3%	C6%	C8%	C9%
-	-	2.67	0.48	7.28	5.63	0.08
0	0	11.64	0.94	14.67	18.96	0.68
0	4	0.00	0.01	0.79	0.58	0.00
1	1	0.00	0.00	0.19	1.00	0.00
1	5	0.00	0.00	0.37	0.90	0.00
2	2	0.00	0.00	0.46	0.70	0.00
2	6	0.00	0.00	0.24	0.99	0.00
3	3	9.69	2.89	40.91	21.31	0.00
3	7	0.00	0.00	0.59	0.59	0.00
Core	CPU	C1%	C3%	C6%	C8%	C9%
-	-	2.40	0.31	7.37	4.41	0.33
0	0	9.99	1.18	20.95	12.05	0.01
0	4	0.00	0.00	0.94	1.77	0.00
1	1	0.00	0.00	0.97	0.59	0.00
1	5	0.00	0.03	0.70	0.29	0.00
2	2	0.00	0.00	0.32	1.29	0.00
2	6	0.00	0.00	0.57	1.18	0.00
3	3	9.19	1.28	33.78	17.43	0.00
3	7	0.00	0.00	0.72	0.69	2.67
Core	CPU	C1%	C3%	C6%	C8%	C9%
-	-	0.00	0.27	8.43	4.04	0.00
0	0	0.00	2.04	64.24	27.17	0.00
0	4	0.00	0.00	0.46	0.60	0.00
1	1	0.00	0.00	0.35	0.50	0.00
1	5	0.00	0.00	0.52	0.30	0.00
2	2	0.00	0.00	0.43	0.69	0.00
2	6	0.00	0.00	0.20	1.19	0.00
3	3	0.00	0.10	0.99	0.79	0.00
3	7	0.00	0.00	0.27	1.08	0.00
Core	CPU	C1%	C3%	C6%	C8%	C9%
-	-	0.00	0.33	8.73	4.46	1.52
0	0	0.00	2.30	64.81	26.36	0.00
0	4	0.00	0.00	0.29	0.89	12.14
1	1	0.00	0.00	1.10	2.55	0.00
1	5	0.00	0.00	1.00	1.59	0.00
2	2	0.00	0.35	0.39	0.00	0.00
2	6	0.00	0.00	0.47	1.59	0.00
3	3	0.00	0.01	0.71	1.59	0.00
3	7	0.00	0.00	1.08	1.08	0.00
Core	CPU	C1%	C3%	C6%	C8%	C9%
-	-	0.00	0.28	8.81	4.26	0.00
0	0	0.00	2.19	64.68	26.61	0.00
0	4	0.00	0.03	0.59	0.70	0.00
1	1	0.00	0.00	0.10	0.80	0.00
1	5	0.00	0.00	1.07	1.18	0.00
2	2	0.00	0.00	0.57	0.79	0.00
2	6	0.00	0.00	0.75	1.00	0.00
3	3	0.00	0.03	1.86	2.18	0.00
3	7	0.00	0.01	0.90	0.79	0.00
Core	CPU	C1%	C3%	C6%	C8%	C9%
-	-	0.00	0.26	8.53	4.27	1.16
0	0	0.00	2.12	64.74	26.69	0.00
0	4	0.00	0.00	0.55	0.70	9.26
1	1	0.00	0.00	0.93	1.29	0.00
1	5	0.00	0.00	0.23	1.48	0.00
2	2	0.00	0.00	0.10	0.80	0.00
2	6	0.00	0.00	0.79	0.89	0.00
3	3	0.00	0.00	0.59	1.20	0.00
3	7	0.00	0.00	0.35	1.09	0.00
Core	CPU	C1%	C3%	C6%	C8%	C9%
-	-	0.00	0.27	8.67	4.46	0.58
0	0	0.00	2.12	64.72	26.72	0.00
0	4	0.00	0.00	1.28	0.00	4.66
1	1	0.00	0.00	0.94	1.89	0.00
1	5	0.00	0.00	0.44	1.19	0.00
2	2	0.00	0.00	0.33	1.29	0.00
2	6	0.00	0.02	0.39	1.39	0.00
3	3	0.00	0.00	0.55	1.99	0.00
3	7	0.00	0.00	0.67	1.19	0.00
Core	CPU	C1%	C3%	C6%	C8%	C9%
-	-	0.25	0.26	8.49	4.08	0.00
0	0	1.00	1.95	60.61	25.40	0.00
0	4	0.00	0.02	0.48	0.21	0.00
1	1	0.00	0.00	0.77	1.49	0.00
1	5	0.00	0.00	0.38	0.99	0.00
2	2	0.00	0.00	0.36	0.99	0.00
2	6	0.00	0.00	0.35	1.09	0.00
3	3	1.03	0.10	4.26	1.47	0.00
3	7	0.00	0.00	0.69	0.99	0.00
Core	CPU	C1%	C3%	C6%	C8%	C9%
-	-	0.00	0.28	8.54	4.07	0.97
0	0	0.00	2.24	64.54	26.74	0.00
0	4	0.00	0.00	0.87	0.19	7.75
1	1	0.00	0.01	0.46	0.61	0.00
1	5	0.00	0.00	0.19	0.40	0.00
2	2	0.00	0.00	0.19	1.19	0.00
2	6	0.00	0.00	0.32	1.58	0.00
3	3	0.00	0.00	1.52	0.99	0.00
3	7	0.00	0.00	0.23	0.89	0.00
Core	CPU	C1%	C3%	C6%	C8%	C9%
-	-	0.42	0.29	8.20	5.31	0.00
0	0	1.60	1.81	56.93	24.23	0.00
0	4	0.00	0.00	0.37	0.50	0.00
1	1	0.00	0.02	0.80	0.48	0.00
1	5	0.00	0.00	0.12	0.89	0.00
2	2	0.00	0.00	0.16	0.70	0.00
2	6	0.00	0.00	0.20	0.99	0.00
3	3	1.78	0.36	6.29	3.34	0.00
3	7	0.01	0.13	0.74	11.38	0.00
Core	CPU	C1%	C3%	C6%	C8%	C9%
-	-	0.11	0.34	8.70	6.05	1.00
0	0	0.62	2.46	64.19	25.45	0.00
0	4	0.00	0.00	0.29	1.09	7.98
1	1	0.00	0.00	0.64	1.28	0.00
1	5	0.00	0.00	0.45	1.09	0.00
2	2	0.00	0.00	0.25	1.08	0.00
2	6	0.00	0.00	0.40	1.18	0.00
3	3	0.25	0.24	2.25	0.22	0.00
3	7	0.00	0.00	1.13	16.98	0.00
Core	CPU	C1%	C3%	C6%	C8%	C9%
-	-	0.03	0.28	8.69	4.20	0.00
0	0	0.14	2.16	64.68	26.27	0.00
0	4	0.00	0.00	0.34	0.60	0.00
1	1	0.00	0.02	0.76	1.70	0.00
1	5	0.00	0.00	0.25	1.29	0.00
2	2	0.00	0.00	0.29	1.29	0.00
2	6	0.00	0.00	0.66	1.29	0.00
3	3	0.07	0.01	1.76	0.31	0.00
3	7	0.00	0.02	0.79	0.89	0.00
Core	CPU	C1%	C3%	C6%	C8%	C9%
-	-	0.74	0.29	8.08	4.17	0.00
0	0	2.99	1.74	50.38	23.73	0.00
0	4	0.00	0.00	0.57	0.09	0.00
1	1	2.94	0.52	10.83	5.40	0.00
1	5	0.00	0.00	0.32	1.08	0.00
2	2	0.00	0.00	0.40	0.00	0.00
2	6	0.00	0.00	0.10	1.18	0.00
3	3	0.00	0.03	1.55	1.18	0.00
3	7	0.00	0.00	0.46	0.69	0.00
Core	CPU	C1%	C3%	C6%	C8%	C9%
-	-	0.00	0.27	8.67	4.05	0.71
0	0	0.00	2.13	65.12	26.29	0.00
0	4	0.00	0.00	0.70	0.20	5.67
1	1	0.00	0.00	0.66	1.28	0.00
1	5	0.00	0.00	1.06	0.39	0.00
2	2	0.01	0.00	0.41	1.19	0.00
2	6	0.00	0.00	0.44	1.30	0.00
3	3	0.00	0.01	0.60	1.00	0.00
3	7	0.00	0.00	0.38	0.79	0.00
Core	CPU	C1%	C3%	C6%	C8%	C9%
-	-	0.00	0.28	8.59	4.13	0.00
0	0	0.00	2.24	63.97	27.31	0.00
0	4	0.00	0.00	0.54	0.28	0.00
1	1	0.00	0.01	0.18	1.27	0.00
1	5	0.00	0.00	1.47	0.59	0.00
2	2	0.00	0.00	0.27	1.09	0.00
2	6	0.00	0.01	0.57	1.20	0.00
3	3	0.00	0.00	0.93	0.79	0.00
3	7	0.00	0.01	0.80	0.50	0.00
Core	CPU	C1%	C3%	C6%	C8%	C9%
-	-	3.46	0.75	7.02	5.34	0.08
0	0	14.66	2.28	11.91	19.46	0.62
0	4	0.00	0.00	0.44	0.88	0.00
1	1	13.01	3.55	42.63	18.55	0.00
1	5	0.00	0.13	0.00	0.39	0.00
2	2	0.00	0.00	0.00	0.60	0.00
2	6	0.00	0.01	0.60	1.08	0.00
3	3	0.00	0.00	0.37	0.79	0.00
3	7	0.00	0.00	0.24	0.98	0.00
Core	CPU	C1%	C3%	C6%	C8%	C9%
-	-	1.96	0.35	6.90	6.12	0.00
0	0	8.66	0.71	10.39	15.59	0.01
0	4	0.00	0.01	0.66	1.87	0.00
1	1	7.01	2.04	39.52	25.72	0.00
1	5	0.00	0.00	1.40	0.80	0.00
2	2	0.00	0.00	1.01	0.50	0.00
2	6	0.00	0.04	1.29	0.70	0.00
3	3	0.00	0.00	0.38	2.38	0.00
3	7	0.00	0.00	0.57	1.38	0.00
Core	CPU	C1%	C3%	C6%	C8%	C9%
-	-	1.90	0.33	7.44	4.68	0.00
0	0	7.78	1.16	31.36	17.37	0.00
0	4	0.00	0.01	0.88	0.50	0.00
1	1	7.42	1.45	25.14	13.82	0.00
1	5	0.00	0.00	0.38	0.99	0.00
2	2	0.00	0.00	0.36	1.28	0.00
2	6	0.00	0.02	0.65	1.19	0.00
3	3	0.00	0.00	0.41	1.09	0.00
3	7	0.00	0.00	0.30	1.19	0.00
Core	CPU	C1%	C3%	C6%	C8%	C9%
-	-	0.35	0.29	8.19	4.03	1.27
0	0	1.68	2.09	53.71	21.56	0.00
0	4	0.00	0.01	0.71	0.29	10.17
1	1	1.12	0.22	9.49	5.54	0.00
1	5	0.00	0.00	0.09	0.49	0.00
2	2	0.02	0.00	0.29	0.89	0.00
2	6	0.00	0.01	0.62	1.27	0.00
3	3	0.00	0.00	0.36	1.09	0.00
3	7	0.00	0.00	0.24	1.08	0.00
Core	CPU	C1%	C3%	C6%	C8%	C9%
-	-	4.66	0.50	6.42	4.17	0.00
0	0	19.27	0.35	6.09	15.75	0.00
0	4	0.00	0.00	0.63	0.41	0.00
1	1	18.04	3.62	42.42	14.02	0.00
1	5	0.00	0.00	0.23	0.40	0.00
2	2	0.00	0.01	0.35	0.50	0.00
2	6	0.00	0.01	0.91	0.40	0.00
3	3	0.00	0.00	0.28	0.99	0.00
3	7	0.00	0.00	0.45	0.88	0.00
Core	CPU	C1%	C3%	C6%	C8%	C9%
-	-	1.32	0.44	8.12	4.25	0.51
0	0	5.60	2.08	46.63	21.09	0.00
0	4	0.00	0.00	0.18	1.00	4.06
1	1	4.93	1.26	13.45	7.98	0.00
1	5	0.00	0.00	0.83	0.30	0.00
2	2	0.00	0.00	0.82	0.39	0.00
2	6	0.00	0.06	1.27	1.18	0.00
3	3	0.00	0.03	0.62	0.89	0.00
3	7	0.00	0.12	1.15	1.19	0.00
Core	CPU	C1%	C3%	C6%	C8%	C9%
-	-	0.00	0.26	8.58	4.52	0.00
0	0	0.00	2.04	63.86	27.60	0.00
0	4	0.00	0.00	0.40	0.10	0.00
1	1	0.00	0.01	0.45	1.79	0.00
1	5	0.00	0.00	0.86	1.48	0.00
2	2	0.00	0.00	0.44	1.10	0.00
2	6	0.00	0.00	0.65	1.50	0.00
3	3	0.00	0.02	1.09	1.19	0.00
3	7	0.00	0.02	0.88	1.38	0.00
Core	CPU	C1%	C3%	C6%	C8%	C9%
-	-	0.00	0.27	8.84	3.85	0.68
0	0	0.00	2.13	64.68	26.58	0.00
0	4	0.00	0.00	0.88	0.09	5.47
1	1	0.00	0.00	0.98	0.58	0.00
1	5	0.00	0.00	0.43	0.89	0.00
2	2	0.00	0.00	1.08	0.39	0.00
2	6	0.00	0.01	1.21	0.60	0.00
3	3	0.00	0.00	0.49	1.19	0.00
3	7	0.00	0.00	0.94	0.45	0.00
Core	CPU	C1%	C3%	C6%	C8%	C9%
-	-	0.00	0.28	8.36	4.15	0.00
0	0	0.00	2.19	64.46	26.78	0.00
0	4	0.00	0.02	0.60	0.10	0.00
1	1	0.00	0.00	0.16	1.00	0.00
1	5	0.00	0.00	0.19	1.00	0.00
2	2	0.00	0.00	0.36	0.99	0.00
2	6	0.00	0.02	0.54	1.68	0.00
3	3	0.00	0.00	0.33	0.80	0.00
3	7	0.00	0.00	0.20	0.90	0.00
Core	CPU	C1%	C3%	C6%	C8%	C9%
-	-	0.00	0.27	8.72	4.25	0.32
0	0	0.00	2.13	64.67	26.75	0.00
0	4	0.00	0.00	1.34	0.00	2.59
1	1	0.00	0.03	1.02	1.78	0.00
1	5	0.00	0.01	0.49	0.00	0.00
2	2	0.00	0.00	0.20	1.44	0.00
2	6	0.00	0.01	0.69	1.38	0.00
3	3	0.00	0.00	1.02	1.30	0.00
3	7	0.00	0.00	0.34	1.39	0.00
Core	CPU	C1%	C3%	C6%	C8%	C9%
-	-	4.73	0.48	6.56	4.68	0.00
0	0	21.31	0.26	6.95	16.43	0.00
0	4	0.00	0.00	0.46	0.70	0.00
1	1	16.57	3.53	42.90	15.26	0.00
1	5	0.00	0.00	0.33	0.79	0.00
2	2	0.00	0.02	0.52	1.71	0.00
2	6	0.00	0.03	0.50	0.99	0.00
3	3	0.00	0.00	0.38	0.79	0.00
3	7	0.00	0.00	0.45	0.79	0.00
Core	CPU	C1%	C3%	C6%	C8%	C9%
-	-	0.00	0.28	8.45	4.19	0.61
0	0	0.00	2.22	64.21	27.10	0.00
0	4	0.00	0.00	0.30	0.30	4.89
1	1	0.00	0.00	0.45	1.58	0.00
1	5	0.00	0.00	1.05	0.79	0.00
2	2	0.00	0.00	0.25	0.89	0.00
2	6	0.00	0.02	0.54	1.09	0.00
3	3	0.00	0.01	0.39	0.90	0.00
3	7	0.00	0.00	0.39	0.89	0.00
Core	CPU	C1%	C3%	C6%	C8%	C9%
-	-	3.05	0.44	6.92	4.35	0.00
0	0	11.88	0.88	10.76	10.62	0.00
0	4	0.00	0.00	0.24	0.98	0.00
1	1	12.53	2.56	40.93	19.34	0.00
1	5	0.00	0.00	0.19	1.07	0.00
2	2	0.00	0.00	0.28	0.79	0.00
2	6	0.00	0.03	0.67	0.89	0.00
3	3	0.00	0.00	0.84	0.79	0.00
3	7	0.00	0.02	1.43	0.30	0.00
Core	CPU	C1%	C3%	C6%	C8%	C9%
-	-	2.25	0.28	6.94	4.57	0.00
0	0	9.23	0.92	10.08	11.75	0.00
0	4	0.00	0.00	0.36	0.49	0.00
1	1	8.75	1.31	42.63	20.66	0.00
1	5	0.00	0.00	0.40	1.11	0.00
2	2	0.00	0.01	0.30	0.10	0.00
2	6	0.00	0.00	0.53	0.99	0.00
3	3	0.00	0.01	0.87	0.79	0.00
3	7	0.00	0.00	0.36	0.69	0.00
Core	CPU	C1%	C3%	C6%	C8%	C9%
-	-	1.07	0.38	8.02	4.28	0.17
0	0	4.26	2.01	50.12	23.76	0.00
0	4	0.00	0.00	0.38	0.80	0.00
1	1	2.90	0.79	8.78	4.60	0.00
1	5	0.00	0.00	0.44	1.00	1.40
2	2	1.37	0.18	3.37	1.21	0.00
2	6	0.00	0.02	0.63	0.99	0.00
3	3	0.00	0.00	0.10	0.99	0.00
3	7	0.00	0.00	0.38	0.89	0.00
Core	CPU	C1%	C3%	C6%	C8%	C9%
-	-	0.00	0.29	8.61	4.02	1.48
0	0	0.00	2.31	65.51	25.68	0.00
0	4	0.00	0.00	0.10	0.60	11.85
1	1	0.00	0.00	0.78	0.49	0.00
1	5	0.00	0.00	0.46	0.89	0.00
2	2	0.00	0.01	0.65	0.89	0.00
2	6	0.00	0.00	0.66	1.39	0.00
3	3	0.00	0.02	0.39	0.70	0.00
3	7	0.00	0.00	0.29	1.49	0.00
Core	CPU	C1%	C3%	C6%	C8%	C9%
-	-	0.00	0.27	8.61	4.19	0.08
0	0	0.00	2.15	63.98	27.42	0.00
0	4	0.00	0.00	0.78	0.20	0.66
1	1	0.00	0.00	1.13	0.88	0.00
1	5	0.00	0.01	0.65	0.63	0.00
2	2	0.00	0.01	0.79	1.76	0.00
2	6	0.00	0.00	0.50	1.10	0.00
3	3	0.00	0.00	0.36	0.79	0.00
3	7	0.00	0.00	0.73	0.69	0.00
Core	CPU	C1%	C3%	C6%	C8%	C9%
-	-	2.39	0.38	8.72	7.55	0.10
0	0	10.54	1.76	45.15	21.53	0.00
0	4	0.00	0.00	0.67	0.20	0.00
1	1	8.55	1.01	20.21	5.88	0.79
1	5	0.00	0.00	0.63	0.99	0.00
2	2	0.00	0.02	0.90	0.39	0.00
2	6	0.00	0.01	0.31	1.50	0.00
3	3	0.00	0.00	0.65	0.89	0.00
3	7	0.01	0.25	1.23	29.02	0.00
Core	CPU	C1%	C3%	C6%	C8%	C9%
-	-	0.00	0.24	8.45	4.24	0.20
0	0	0.00	1.89	64.38	27.18	0.00
0	4	0.00	0.00	0.39	0.10	0.00
1	1	0.00	0.00	0.26	1.88	1.59
1	5	0.00	0.00	0.27	1.08	0.00
2	2	0.00	0.00	0.25	1.19	0.00
2	6	0.00	0.01	0.45	1.28	0.00
3	3	0.00	0.02	0.70	0.40	0.00
3	7	0.00	0.00	0.88	0.79	0.00
Core	CPU	C1%	C3%	C6%	C8%	C9%
-	-	0.00	0.25	8.56	4.42	0.00
0	0	0.00	1.95	64.15	27.37	0.00
0	4	0.00	0.00	0.63	0.00	0.00
1	1	0.00	0.00	0.50	0.89	0.00
1	5	0.00	0.00	0.98	1.38	0.00
2	2	0.00	0.00	0.80	1.48	0.00
2	6	0.00	0.01	0.66	1.19	0.00
3	3	0.00	0.00	0.34	1.58	0.00
3	7	0.00	0.02	0.42	1.48	0.00
Core	CPU	C1%	C3%	C6%	C8%	C9%
-	-	0.00	0.29	8.40	4.32	0.68
0	0	0.00	2.33	64.38	26.62	0.00
0	4	0.00	0.00	0.56	0.00	5.45
1	1	0.00	0.00	0.50	1.68	0.00
1	5	0.00	0.00	0.33	1.39	0.00
2	2	0.01	0.00	0.19	0.60	0.00
2	6	0.00	0.00	0.51	1.49	0.00
3	3	0.00	0.00	0.47	1.38	0.00
3	7	0.00	0.00	0.24	1.38	0.00
Core	CPU	C1%	C3%	C6%	C8%	C9%
-	-	0.00	0.27	8.69	4.02	0.65
0	0	0.00	2.12	64.75	26.64	0.00
0	4	0.00	0.00	0.78	0.10	5.18
1	1	0.00	0.00	0.40	1.77	0.00
1	5	0.00	0.00	0.33	0.89	0.00
2	2	0.00	0.00	0.93	0.79	0.00
2	6	0.00	0.02	1.10	0.11	0.00
3	3	0.00	0.03	0.87	1.09	0.00
3	7	0.00	0.00	0.38	0.79	0.00
Core	CPU	C1%	C3%	C6%	C8%	C9%
-	-	0.00	0.25	8.51	4.24	0.00
0	0	0.00	1.96	64.74	26.82	0.00
0	4	0.00	0.00	0.51	0.29	0.00
1	1	0.00	0.00	0.35	1.67	0.00
1	5	0.00	0.00	0.38	0.89	0.00
2	2	0.00	0.00	0.36	0.99	0.00
2	6	0.00	0.00	0.46	1.20	0.00
3	3	0.00	0.02	0.60	0.79	0.00
3	7	0.00	0.00	0.70	1.28	0.00
Core	CPU	C1%	C3%	C6%	C8%	C9%
-	-	2.16	0.40	7.81	4.54	0.24
0	0	8.59	1.96	43.02	22.90	0.00
0	4	0.03	0.00	0.88	0.61	1.91
1	1	8.70	1.28	17.40	8.38	0.00
1	5	0.00	0.00	0.09	0.40	0.00
2	2	0.00	0.00	0.26	0.99	0.00
2	6	0.00	0.00	0.48	1.09	0.00
3	3	0.00	0.00	0.15	1.09	0.00
3	7	0.00	0.00	0.23	0.89	0.00
Core	CPU	C1%	C3%	C6%	C8%	C9%
-	-	0.00	0.29	8.54	4.04	0.07
0	0	0.00	2.25	64.69	26.59	0.00
0	4	0.00	0.00	0.87	0.20	0.54
1	1	0.00	0.01	0.99	0.89	0.00
1	5	0.00	0.00	0.33	1.09	0.00
2	2	0.00	0.02	0.37	1.09	0.00
2	6	0.00	0.01	0.41	0.90	0.00
3	3	0.00	0.00	0.19	0.99	0.00
3	7	0.00	0.00	0.45	0.59	0.00
Core	CPU	C1%	C3%	C6%	C8%	C9%
-	-	0.00	0.29	8.57	4.48	0.54
0	0	0.00	2.29	64.63	26.57	0.00
0	4	0.00	0.00	0.93	0.10	4.31
1	1	0.00	0.00	0.44	1.94	0.00
1	5	0.00	0.00	0.44	0.99	0.00
2	2	0.00	0.00	1.03	1.80	0.00
2	6	0.00	0.03	0.31	1.29	0.00
3	3	0.00	0.00	0.43	1.59	0.00
3	7	0.00	0.02	0.38	1.59	0.00
Core	CPU	C1%	C3%	C6%	C8%	C9%
-	-	4.24	0.64	6.41	4.92	0.02
0	0	19.56	0.38	6.35	17.64	0.13
0	4	0.00	0.00	0.22	0.29	0.00
1	1	14.38	2.93	43.25	16.79	0.00
1	5	0.00	0.00	0.28	1.16	0.00
2	2	0.00	0.49	0.36	0.50	0.00
2	6	0.00	0.04	0.53	1.34	0.00
3	3	0.00	0.00	0.31	1.26	0.00
3	7	0.01	1.27	0.00	0.39	0.00
Core	CPU	C1%	C3%	C6%	C8%	C9%
-	-	3.34	0.37	6.89	4.64	0.00
0	0	13.32	0.64	11.91	13.08	0.00
0	4	0.00	0.03	0.43	0.61	0.00
1	1	13.41	2.26	40.62	19.89	0.01
1	5	0.00	0.02	0.17	0.60	0.00
2	2	0.00	0.00	0.00	0.40	0.00
2	6	0.00	0.00	1.23	0.90	0.00
3	3	0.00	0.00	0.36	0.79	0.00
3	7	0.00	0.00	0.43	0.89	0.00
Core	CPU	C1%	C3%	C6%	C8%	C9%
-	-	3.39	0.40	7.78	5.70	0.10
0	0	14.89	1.38	14.15	16.29	0.76
0	4	0.00	0.00	0.56	1.49	0.00
1	1	2.70	0.48	8.77	3.01	0.00
1	5	0.00	0.00	1.04	1.08	0.00
2	2	8.85	1.27	36.34	19.31	0.00
2	6	0.00	0.04	0.50	1.77	0.00
3	3	0.68	0.00	0.19	1.59	0.00
3	7	0.00	0.00	0.66	1.09	0.00
Core	CPU	C1%	C3%	C6%	C8%	C9%
-	-	1.46	0.24	7.44	5.16	0.00
0	0	5.57	0.79	13.02	14.10	0.00
0	4	0.00	0.01	0.59	0.00	0.00
1	1	0.00	0.00	1.01	0.77	0.00
1	5	0.00	0.00	0.46	0.80	0.00
2	2	6.07	1.09	42.44	23.22	0.00
2	6	0.00	0.02	0.94	0.60	0.00
3	3	0.00	0.03	0.83	0.89	0.00
3	7	0.00	0.01	0.19	0.90	0.00
Core	CPU	C1%	C3%	C6%	C8%	C9%
-	-	1.87	0.23	6.83	4.28	0.00
0	0	6.46	0.78	10.39	8.10	0.01
0	4	0.00	0.00	0.44	0.60	0.00
1	1	0.00	0.00	0.14	0.59	0.00
1	5	0.00	0.02	0.10	0.79	0.00
2	2	8.47	0.99	41.41	22.42	0.00
2	6	0.00	0.02	0.96	0.70	0.00
3	3	0.00	0.00	0.36	0.70	0.00
3	7	0.00	0.00	0.83	0.30	0.00
Core	CPU	C1%	C3%	C6%	C8%	C9%
-	-	3.33	0.71	6.74	4.82	0.01
0	0	14.09	1.50	11.51	14.70	0.01
0	4	0.00	0.00	0.18	0.99	0.00
1	1	0.00	0.00	0.37	0.79	0.00
1	5	0.00	0.00	0.44	0.79	0.00
2	2	12.54	4.08	40.17	19.10	0.05
2	6	0.00	0.06	0.68	0.79	0.00
3	3	0.00	0.00	0.20	0.69	0.00
3	7	0.00	0.02	0.38	0.69	0.00
Core	CPU	C1%	C3%	C6%	C8%	C9%
-	-	2.02	0.24	6.82	4.99	0.00
0	0	8.29	0.82	12.06	11.03	0.00
0	4	0.00	0.00	0.12	0.41	0.00
1	1	0.00	0.00	0.17	0.69	0.00
1	5	0.00	0.00	0.29	1.29	0.00
2	2	7.90	1.08	40.20	23.63	0.00
2	6	0.00	0.04	0.91	0.70	0.00
3	3	0.00	0.00	0.52	1.00	0.00
3	7	0.00	0.00	0.29	1.20	0.00
Core	CPU	C1%	C3%	C6%	C8%	C9%
-	-	2.35	0.48	7.25	5.23	0.04
0	0	9.16	1.10	11.89	17.76	0.33
0	4	0.00	0.00	0.15	0.50	0.00
1	1	0.00	0.00	0.70	0.00	0.00
1	5	0.00	0.02	0.69	0.20	0.00
2	2	9.63	2.69	42.42	20.28	0.00
2	6	0.00	0.03	1.06	0.60	0.00
3	3	0.00	0.03	0.88	1.48	0.00
3	7	0.00	0.00	0.24	0.99	0.00
Core	CPU	C1%	C3%	C6%	C8%	C9%
-	-	1.38	0.28	6.92	5.50	0.00
0	0	5.19	0.97	11.75	15.23	0.00
0	4	0.00	0.00	0.36	1.00	0.00
1	1	0.00	0.00	0.56	0.30	0.00
1	5	0.00	0.00	0.45	0.79	0.00
2	2	5.86	1.29	40.46	24.54	0.00
2	6	0.00	0.02	0.90	0.68	0.00
3	3	0.00	0.00	0.49	0.59	0.00
3	7	0.00	0.00	0.37	0.89	0.00
Core	CPU	C1%	C3%	C6%	C8%	C9%
-	-	2.05	0.44	6.77	5.09	0.00
0	0	8.72	0.85	10.52	10.85	0.00
0	4	0.00	0.01	0.59	0.00	0.00
1	1	0.00	0.00	0.30	1.49	0.00
1	5	0.00	0.00	1.05	1.38	0.00
2	2	7.69	2.60	40.41	22.67	0.00
2	6	0.00	0.03	0.73	1.38	0.00
3	3	0.00	0.02	0.39	1.39	0.00
3	7	0.00	0.00	0.20	1.58	0.00
Core	CPU	C1%	C3%	C6%	C8%	C9%
-	-	2.21	0.31	7.11	4.80	0.00
0	0	9.64	0.85	10.51	14.17	0.00
0	4	0.00	0.00	0.38	0.30	0.00
1	1	0.00	0.00	0.63	0.21	0.00
1	5	0.00	0.00	0.40	0.10	0.00
2	2	8.04	1.46	43.72	21.22	0.00
2	6	0.00	0.01	0.68	1.09	0.00
3	3	0.00	0.00	0.36	0.79	0.00
3	7	0.01	0.13	0.23	0.49	0.00
Core	CPU	C1%	C3%	C6%	C8%	C9%
-	-	2.43	0.43	7.12	4.94	0.00
0	0	10.34	1.08	10.41	12.81	0.00
0	4	0.00	0.00	0.36	0.90	0.00
1	1	0.00	0.00	0.26	1.67	0.00
1	5	0.00	0.00	0.92	0.99	0.00
2	2	9.11	2.35	42.93	19.95	0.00
2	6	0.00	0.02	0.68	0.80	0.00
3	3	0.00	0.00	1.06	1.68	0.00
3	7	0.00	0.00	0.37	0.69	0.00
Core	CPU	C1%	C3%	C6%	C8%	C9%
-	-	1.44	0.23	6.70	4.97	0.03
0	0	5.20	0.81	11.36	11.23	0.24
0	4	0.00	0.01	0.29	0.21	0.00
1	1	0.00	0.00	0.27	0.89	0.00
1	5	0.00	0.00	0.28	0.98	0.00
2	2	6.31	0.90	40.32	24.12	0.00
2	6	0.00	0.00	0.54	0.99	0.00
3	3	0.00	0.13	0.29	0.69	0.00
3	7	0.00	0.00	0.29	0.69	0.00
Core	CPU	C1%	C3%	C6%	C8%	C9%
-	-	2.34	0.48	7.39	9.03	0.00
0	0	9.70	1.04	12.16	18.43	0.00
0	4	0.00	0.00	0.13	0.30	0.00
1	1	0.00	0.01	0.25	0.23	0.00
1	5	0.00	0.00	0.19	0.60	0.00
2	2	9.04	2.65	43.25	20.71	0.00
2	6	0.00	0.02	1.83	0.91	0.00
3	3	0.00	0.00	0.33	1.20	0.00
3	7	0.01	0.08	1.01	29.86	0.00
Core	CPU	C1%	C3%	C6%	C8%	C9%
-	-	1.64	0.28	6.99	5.90	0.00
0	0	6.73	1.01	13.10	17.26	0.01
0	4	0.00	0.00	0.47	0.99	0.00
1	1	0.00	0.00	0.25	0.89	0.00
1	5	0.00	0.00	0.14	0.99	0.00
2	2	6.42	1.23	40.51	24.30	0.00
2	6	0.00	0.00	0.41	1.09	0.00
3	3	0.00	0.00	0.29	0.88	0.00
3	7	0.00	0.00	0.75	0.79	0.00
Core	CPU	C1%	C3%	C6%	C8%	C9%
-	-	2.56	0.36	7.10	4.71	0.01
0	0	10.53	0.91	10.69	10.59	0.11
0	4	0.00	0.00	0.29	0.89	0.00
1	1	0.00	0.00	0.28	1.28	0.00
1	5	0.00	0.00	0.55	1.28	0.00
2	2	9.96	1.92	42.43	20.80	0.00
2	6	0.00	0.02	1.22	0.88	0.00
3	3	0.00	0.01	0.99	1.19	0.00
3	7	0.00	0.02	0.35	0.79	0.00
Core	CPU	C1%	C3%	C6%	C8%	C9%
-	-	1.78	0.27	6.97	4.37	0.00
0	0	7.15	0.88	9.50	8.72	0.00
0	4	0.00	0.00	0.32	1.19	0.00
1	1	0.00	0.01	0.88	0.70	0.00
1	5	0.00	0.00	0.10	0.69	0.00
2	2	7.09	1.27	42.88	21.52	0.00
2	6	0.00	0.02	1.20	0.49	0.00
3	3	0.00	0.00	0.64	0.59	0.00
3	7	0.00	0.02	0.20	1.09	0.00
Core	CPU	C1%	C3%	C6%	C8%	C9%
-	-	2.51	0.45	7.81	5.68	0.04
0	0	9.73	1.27	18.01	20.73	0.30
0	4	0.00	0.00	1.07	1.00	0.00
1	1	10.36	2.33	41.41	19.42	0.00
1	5	0.00	0.00	0.22	0.40	0.00
2	2	0.00	0.00	0.39	0.69	0.00
2	6	0.00	0.00	0.50	1.20	0.00
3	3	0.00	0.00	0.55	0.99	0.00
3	7	0.00	0.00	0.35	0.99	0.00
Core	CPU	C1%	C3%	C6%	C8%	C9%
-	-	1.56	0.46	8.04	4.88	0.00
0	0	6.67	1.87	44.42	26.60	0.00
0	4	0.00	0.00	0.29	0.88	0.00
1	1	5.78	1.75	17.65	7.58	0.00
1	5	0.00	0.00	0.36	0.79	0.00
2	2	0.00	0.00	0.14	0.59	0.00
2	6	0.00	0.03	0.66	0.99	0.00
3	3	0.00	0.00	0.38	1.00	0.00
3	7	0.00	0.00	0.37	0.59	0.00
Core	CPU	C1%	C3%	C6%	C8%	C9%
-	-	0.00	0.30	8.63	4.09	0.67
0	0	0.00	2.31	64.88	26.04	0.00
0	4	0.00	0.00	0.56	0.00	5.34
1	1	0.00	0.00	0.10	1.28	0.00
1	5	0.00	0.00	0.94	0.89	0.00
2	2	0.00	0.00	0.45	0.50	0.00
2	6	0.00	0.05	0.52	0.99	0.00
3	3	0.00	0.03	0.85	1.79	0.00
3	7	0.00	0.00	0.70	1.28	0.00
Core	CPU	C1%	C3%	C6%	C8%	C9%
-	-	2.29	0.37	7.52	4.79	0.43
0	0	10.06	1.15	23.13	16.44	0.00
0	4	0.00	0.00	0.44	0.20	0.00
1	1	8.29	1.79	33.71	16.35	0.00
1	5	0.00	0.00	0.00	0.88	0.00
2	2	0.00	0.00	0.38	0.79	0.00
2	6	0.00	0.01	0.65	1.18	0.00
3	3	0.00	0.00	1.14	1.28	0.00
3	7	0.00	0.00	0.70	1.18	3.47
Core	CPU	C1%	C3%	C6%	C8%	C9%
-	-	2.20	0.39	6.65	4.52	0.00
0	0	8.84	1.04	8.68	10.32	0.00
0	4	0.00	0.00	0.46	0.80	0.00
1	1	8.77	2.05	41.16	21.13	0.00
1	5	0.00	0.00	0.41	0.80	0.00
2	2	0.00	0.02	0.29	0.79	0.00
2	6	0.00	0.03	1.23	0.68	0.00
3	3	0.00	0.00	0.58	0.68	0.00
3	7	0.00	0.00	0.36	0.99	0.00
Core	CPU	C1%	C3%	C6%	C8%	C9%
-	-	0.00	0.35	8.37	4.22	0.00
0	0	0.01	2.59	64.40	25.83	0.00
0	4	0.00	0.00	0.30	0.30	0.00
1	1	0.00	0.19	0.28	1.68	0.00
1	5	0.00	0.00	0.37	1.09	0.00
2	2	0.00	0.00	0.25	1.28	0.00
2	6	0.00	0.03	0.54	1.38	0.00
3	3	0.00	0.01	0.48	1.10	0.00
3	7	0.00	0.00	0.37	1.09	0.00
Core	CPU	C1%	C3%	C6%	C8%	C9%
-	-	0.00	0.29	8.54	4.24	0.25
0	0	0.00	2.29	64.15	26.95	0.00
0	4	0.00	0.02	0.50	0.00	2.03
1	1	0.00	0.00	0.51	1.19	0.00
1	5	0.00	0.00	1.16	0.99	0.00
2	2	0.00	0.00	0.35	1.33	0.00
2	6	0.00	0.03	0.64	1.48	0.00
3	3	0.00	0.00	0.82	0.90	0.00
3	7	0.00	0.02	0.20	1.09	0.00
Core	CPU	C1%	C3%	C6%	C8%	C9%
-	-	2.85	0.45	6.71	4.44	0.00
0	0	11.18	0.68	10.43	11.92	0.00
0	4	0.00	0.00	0.39	0.30	0.00
1	1	11.60	2.95	40.56	19.42	0.00
1	5	0.00	0.00	0.46	0.80	0.00
2	2	0.00	0.00	0.24	0.89	0.00
2	6	0.00	0.00	0.56	0.99	0.00
3	3	0.00	0.00	0.29	0.80	0.00
3	7	0.00	0.00	0.77	0.40	0.00
Core	CPU	C1%	C3%	C6%	C8%	C9%
-	-	3.15	0.37	7.02	4.54	0.44
0	0	12.27	1.09	11.10	11.59	0.01
0	4	0.00	0.00	0.31	1.01	0.00
1	1	12.90	1.87	42.60	19.03	0.00
1	5	0.00	0.00	0.18	0.80	0.00
2	2	0.00	0.00	0.67	0.45	0.00
2	6	0.00	0.03	0.57	1.07	0.00
3	3	0.00	0.00	0.24	0.99	0.00
3	7	0.00	0.00	0.48	1.39	3.48
Core	CPU	C1%	C3%	C6%	C8%	C9%
-	-	2.35	0.42	7.02	4.47	0.00
0	0	10.27	1.09	18.46	12.09	0.01
0	4	0.00	0.00	0.59	0.28	0.00
1	1	0.00	0.00	0.26	1.00	0.00
1	5	0.00	0.00	0.49	1.09	0.00
2	2	0.00	0.02	0.29	0.82	0.00
2	6	0.00	0.00	1.11	0.98	0.00
3	3	8.56	2.27	34.53	18.69	0.00
3	7	0.00	0.00	0.46	0.79	0.00
Core	CPU	C1%	C3%	C6%	C8%	C9%
-	-	2.35	0.49	6.76	5.28	0.00
0	0	10.62	0.88	11.05	11.83	0.02
0	4	0.00	0.00	0.81	0.30	0.00
1	1	0.00	0.00	0.24	1.68	0.00
1	5	7.24	2.21	33.60	18.81	0.00
2	2	0.00	0.00	0.25	2.46	0.00
2	6	0.00	0.01	0.45	1.19	0.00
3	3	0.97	0.84	7.38	3.57	0.00
3	7	0.00	0.00	0.35	2.36	0.00
Core	CPU	C1%	C3%	C6%	C8%	C9%
-	-	1.79	0.34	6.88	4.95	0.01
0	0	8.18	0.85	10.70	11.96	0.09
0	4	0.00	0.00	0.43	0.80	0.00
1	1	0.00	0.02	0.29	0.72	0.00
1	5	6.17	1.83	42.01	22.11	0.00
2	2	0.00	0.00	0.19	1.10	0.00
2	6	0.00	0.03	0.58	0.99	0.00
3	3	0.00	0.00	0.54	0.89	0.00
3	7	0.00	0.00	0.32	0.99	0.00
Core	CPU	C1%	C3%	C6%	C8%	C9%
-	-	3.24	0.65	7.13	4.99	0.00
0	0	15.26	1.26	12.07	14.75	0.00
0	4	0.00	0.00	0.37	0.80	0.00
1	1	0.00	0.00	0.44	0.70	0.00
1	5	0.00	0.10	0.54	1.28	0.00
2	2	0.00	0.02	0.49	0.89	0.00
2	6	0.00	0.02	0.61	1.19	0.00
3	3	10.67	3.77	42.13	19.56	0.00
3	7	0.00	0.00	0.36	0.70	0.00
Core	CPU	C1%	C3%	C6%	C8%	C9%
-	-	2.25	0.39	7.20	5.52	0.41
0	0	9.27	0.98	13.94	18.34	0.00
0	4	0.00	0.00	0.10	0.79	0.00
1	1	0.00	0.01	0.28	1.13	0.98
1	5	8.70	2.04	41.53	21.44	0.00
2	2	0.00	0.00	0.35	0.69	0.00
2	6	0.00	0.00	0.39	0.80	0.00
3	3	0.00	0.12	0.69	0.30	0.00
3	7	0.00	0.00	0.28	0.69	2.32
Core	CPU	C1%	C3%	C6%	C8%	C9%
-	-	2.86	0.63	7.44	5.18	0.01
0	0	11.57	1.42	13.05	20.35	0.00
0	4	0.00	0.04	0.72	0.74	0.00
1	1	0.00	0.00	0.00	0.49	0.00
1	5	0.00	0.00	0.28	0.88	0.00
2	2	0.00	0.03	0.33	0.78	0.04
2	6	0.00	0.00	0.51	0.98	0.00
3	3	11.30	3.58	44.62	17.19	0.01
3	7	0.02	0.00	0.05	0.00	0.00
Core	CPU	C1%	C3%	C6%	C8%	C9%
-	-	2.07	0.43	7.09	5.68	0.00
0	0	8.52	1.11	11.57	19.03	0.00
0	4	0.00	0.00	0.58	0.80	0.00
1	1	0.00	0.00	0.46	0.90	0.00
1	5	8.03	2.28	43.15	20.62	0.00
2	2	0.00	0.00	0.22	1.01	0.00
2	6	0.00	0.02	0.19	1.00	0.00
3	3	0.00	0.00	0.20	1.09	0.00
3	7	0.00	0.00	0.37	0.98	0.00
Core	CPU	C1%	C3%	C6%	C8%	C9%
-	-	3.03	0.71	6.98	5.32	0.00
0	0	13.01	1.92	16.75	20.61	0.01
0	4	0.00	0.02	0.60	0.00	0.00
1	1	0.00	0.00	0.27	1.10	0.00
1	5	1.11	0.22	4.59	1.66	0.00
2	2	0.00	0.00	0.35	0.79	0.00
2	6	0.00	0.00	0.24	0.89	0.00
3	3	10.13	3.50	32.80	16.60	0.00
3	7	0.00	0.00	0.20	0.89	0.00
Core	CPU	C1%	C3%	C6%	C8%	C9%
-	-	2.03	0.31	7.21	8.44	0.00
0	0	8.20	1.09	12.43	14.40	0.00
0	4	0.00	0.00	0.24	0.70	0.00
1	1	0.00	0.00	0.20	0.30	0.00
1	5	0.00	0.02	0.40	0.10	0.00
2	2	0.00	0.00	0.00	0.40	0.00
2	6	0.00	0.00	0.28	0.79	0.00
3	3	8.00	1.25	43.50	21.61	0.00
3	7	0.01	0.12	0.60	29.19	0.00
Core	CPU	C1%	C3%	C6%	C8%	C9%
-	-	2.50	0.46	7.54	5.23	0.00
0	0	10.00	1.06	14.64	17.36	0.00
0	4	0.00	0.00	0.27	0.90	0.00
1	1	0.00	0.00	0.37	0.79	0.00
1	5	0.00	0.00	0.42	1.29	0.00
2	2	0.00	0.00	0.76	0.10	0.00
2	6	0.00	0.01	0.79	0.30	0.00
3	3	10.03	2.57	42.38	20.71	0.00
3	7	0.00	0.00	0.67	0.39	0.00
Core	CPU	C1%	C3%	C6%	C8%	C9%
-	-	0.00	0.57	8.56	3.98	0.76
0	0	0.01	2.53	65.54	25.39	0.00
0	4	0.00	0.02	0.29	0.51	6.07
1	1	0.00	0.00	0.10	0.80	0.00
1	5	0.00	0.00	0.39	1.38	0.00
2	2	0.00	2.02	0.11	0.00	0.00
2	6	0.00	0.00	0.59	1.51	0.00
3	3	0.00	0.00	0.92	0.89	0.00
3	7	0.00	0.00	0.50	1.38	0.00
Core	CPU	C1%	C3%	C6%	C8%	C9%
-	-	0.00	0.28	8.52	4.10	0.00
0	0	0.00	2.16	64.13	27.26	0.00
0	4	0.00	0.02	0.96	0.47	0.00
1	1	0.00	0.00	0.86	0.78	0.00
1	5	0.00	0.00	0.59	0.72	0.00
2	2	0.00	0.00	0.49	0.69	0.00
2	6	0.00	0.00	0.28	0.90	0.00
3	3	0.00	0.09	0.36	0.99	0.00
3	7	0.00	0.00	0.53	0.99	0.00
Core	CPU	C1%	C3%	C6%	C8%	C9%
-	-	0.00	0.28	8.75	4.06	1.03
0	0	0.00	2.18	65.10	26.26	0.00
0	4	0.00	0.01	1.08	0.31	7.33
1	1	0.00	0.01	0.66	1.78	0.91
1	5	0.00	0.00	0.34	1.40	0.00
2	2	0.00	0.00	0.72	0.49	0.00
2	6	0.00	0.00	0.60	0.49	0.00
3	3	0.00	0.00	0.79	0.89	0.00
3	7	0.00	0.00	0.72	0.89	0.00
Core	CPU	C1%	C3%	C6%	C8%	C9%
-	-	0.00	0.27	8.59	4.16	0.00
0	0	0.00	2.16	65.27	25.95	0.00
0	4	0.00	0.01	1.11	0.00	0.00
1	1	0.00	0.00	0.35	1.47	0.00
1	5	0.00	0.00	0.35	1.28	0.00
2	2	0.00	0.00	0.24	0.99	0.00
2	6	0.00	0.00	0.43	1.21	0.00
3	3	0.00	0.00	0.60	1.29	0.00
3	7	0.00	0.00	0.36	1.05	0.00
Core	CPU	C1%	C3%	C6%	C8%	C9%
-	-	0.00	0.27	8.34	4.06	0.29
0	0	0.00	2.16	64.18	27.19	0.00
0	4	0.00	0.00	0.94	0.00	2.34
1	1	0.00	0.00	0.18	0.61	0.00
1	5	0.00	0.00	0.19	0.99	0.00
2	2	0.00	0.00	0.27	0.90	0.00
2	6	0.00	0.00	0.25	0.90	0.00
3	3	0.00	0.00	0.33	0.90	0.00
3	7	0.00	0.00	0.39	0.99	0.00
Core	CPU	C1%	C3%	C6%	C8%	C9%
-	-	0.00	0.25	8.71	3.92	0.43
0	0	0.00	1.97	65.66	25.87	0.00
0	4	0.00	0.00	0.86	0.31	0.00
1	1	0.00	0.00	0.68	0.38	0.00
1	5	0.00	0.02	0.69	0.41	0.00
2	2	0.00	0.02	0.69	1.09	3.46
2	6	0.00	0.00	0.28	1.06	0.00
3	3	0.00	0.00	0.45	1.08	0.00
3	7	0.00	0.00	0.33	1.19	0.00
Core	CPU	C1%	C3%	C6%	C8%	C9%
-	-	0.00	0.30	8.57	3.90	0.00
0	0	0.00	2.36	64.72	26.49	0.00
0	4	0.00	0.00	1.39	0.00	0.00
1	1	0.00	0.00	0.56	0.49	0.00
1	5	0.00	0.00	0.45	0.79	0.00
2	2	0.00	0.02	0.80	0.79	0.00
2	6	0.00	0.00	0.10	1.05	0.00
3	3	0.00	0.00	0.19	0.89	0.00
3	7	0.00	0.00	0.36	0.70	0.00
Core	CPU	C1%	C3%	C6%	C8%	C9%
-	-	0.00	0.31	8.63	4.27	0.98
0	0	0.00	2.35	65.60	25.60	0.00
0	4	0.00	0.09	0.92	0.00	7.83
1	1	0.00	0.00	0.51	3.15	0.00
1	5	0.00	0.00	0.55	0.79	0.00
2	2	0.00	0.00	0.24	0.89	0.00
2	6	0.00	0.00	0.23	1.70	0.00
3	3	0.00	0.03	0.62	1.09	0.00
3	7	0.00	0.00	0.36	0.98	0.00
Core	CPU	C1%	C3%	C6%	C8%	C9%
-	-	0.00	0.27	8.43	4.15	0.28
0	0	0.00	2.11	64.00	27.41	0.00
0	4	0.00	0.03	1.00	0.19	2.28
1	1	0.00	0.00	0.27	1.48	0.00
1	5	0.00	0.00	0.20	0.98	0.00
2	2	0.00	0.00	0.37	0.79	0.00
2	6	0.00	0.00	0.25	0.90	0.00
3	3	0.00	0.00	0.53	0.69	0.00
3	7	0.00	0.00	0.79	0.79	0.00
Core	CPU	C1%	C3%	C6%	C8%	C9%
-	-	0.00	0.26	8.65	3.90	0.00
0	0	0.00	2.10	65.10	26.33	0.00
0	4	0.00	0.00	1.26	0.20	0.00
1	1	0.00	0.00	0.84	0.20	0.00
1	5	0.00	0.00	0.87	0.30	0.00
2	2	0.00	0.00	0.19	1.08	0.00
2	6	0.00	0.00	0.28	0.95	0.00
3	3	0.00	0.00	0.36	1.08	0.00
3	7	0.00	0.00	0.30	1.09	0.00
Core	CPU	C1%	C3%	C6%	C8%	C9%
-	-	0.00	0.30	8.58	3.94	1.47
0	0	0.00	2.37	65.60	25.43	0.00
0	4	0.03	0.04	1.12	0.60	11.75
1	1	0.00	0.00	0.48	0.99	0.00
1	5	0.00	0.00	0.14	1.19	0.00
2	2	0.00	0.00	0.36	0.80	0.00
2	6	0.00	0.00	0.19	0.94	0.00
3	3	0.00	0.00	0.20	0.88	0.00
3	7	0.00	0.01	0.55	0.70	0.00
Core	CPU	C1%	C3%	C6%	C8%	C9%
-	-	0.00	0.30	8.73	4.33	0.00
0	0	0.00	2.31	64.26	26.91	0.00
0	4	0.00	0.04	1.60	0.10	0.00
1	1	0.00	0.00	0.19	1.18	0.00
1	5	0.00	0.00	0.35	0.99	0.00
2	2	0.00	0.00	0.25	0.89	0.00
2	6	0.00	0.00	0.75	1.91	0.00
3	3	0.00	0.01	1.66	1.88	0.00
3	7	0.00	0.00	0.79	0.79	0.00
Core	CPU	C1%	C3%	C6%	C8%	C9%
-	-	0.00	0.26	8.43	3.98	0.28
0	0	0.00	2.01	64.89	26.62	0.00
0	4	0.00	0.00	1.17	0.18	2.27
1	1	0.00	0.02	0.26	0.49	0.00
1	5	0.00	0.00	0.10	0.40	0.00
2	2	0.00	0.00	0.44	1.09	0.00
2	6	0.00	0.00	0.27	0.89	0.00
3	3	0.00	0.00	0.25	1.08	0.00
3	7	0.00	0.03	0.10	1.08	0.00
Core	CPU	C1%	C3%	C6%	C8%	C9%
-	-	0.00	0.29	8.36	4.37	0.00
0	0	0.00	2.25	64.07	27.21	0.00
0	4	0.00	0.01	1.40	0.00	0.00
1	1	0.00	0.02	0.22	2.26	0.00
1	5	0.00	0.00	0.21	1.09	0.00
2	2	0.00	0.00	0.00	1.13	0.00
2	6	0.00	0.00	0.23	1.48	0.00
3	3	0.00	0.00	0.27	0.79	0.00
3	7	0.00	0.00	0.45	0.99	0.00
Core	CPU	C1%	C3%	C6%	C8%	C9%
-	-	0.00	0.26	8.62	4.24	0.18
0	0	0.00	2.10	64.62	26.84	0.00
0	4	0.00	0.00	1.33	0.00	1.41
1	1	0.00	0.00	0.40	1.58	0.00
1	5	0.00	0.00	0.35	1.59	0.00
2	2	0.00	0.00	0.82	0.81	0.00
2	6	0.00	0.02	0.80	0.79	0.00
3	3	0.00	0.00	0.19	1.39	0.00
3	7	0.00	0.00	0.47	0.89	0.00
Core	CPU	C1%	C3%	C6%	C8%	C9%
-	-	0.01	0.31	8.71	3.94	0.87
0	0	0.10	2.41	65.94	25.11	0.00
0	4	0.00	0.02	0.69	0.21	6.99
1	1	0.00	0.00	0.27	1.37	0.00
1	5	0.00	0.00	0.36	0.90	0.00
2	2	0.00	0.02	0.74	0.90	0.00
2	6	0.00	0.00	0.73	0.90	0.00
3	3	0.00	0.02	0.78	1.00	0.00
3	7	0.00	0.00	0.19	1.09	0.00
Core	CPU	C1%	C3%	C6%	C8%	C9%
-	-	0.00	0.27	8.44	4.05	0.28
0	0	0.00	2.14	64.46	26.94	0.00
0	4	0.00	0.00	1.34	0.20	2.27
1	1	0.00	0.02	0.20	0.89	0.00
1	5	0.00	0.00	0.00	0.69	0.00
2	2	0.00	0.00	0.75	0.49	0.00
2	6	0.00	0.00	0.27	0.89	0.00
3	3	0.00	0.00	0.35	0.98	0.00
3	7	0.00	0.03	0.10	1.29	0.00
Core	CPU	C1%	C3%	C6%	C8%	C9%
-	-	0.00	0.30	8.70	3.98	1.99
0	0	0.00	2.37	66.17	24.91	0.00
0	4	0.02	0.01	1.04	0.00	15.94
1	1	0.00	0.00	0.31	0.89	0.00
1	5	0.00	0.00	0.31	1.10	0.00
2	2	0.00	0.00	0.25	1.82	0.00
2	6	0.00	0.00	0.30	1.08	0.00
3	3	0.00	0.00	0.75	1.29	0.00
3	7	0.00	0.00	0.49	0.78	0.00
Core	CPU	C1%	C3%	C6%	C8%	C9%
-	-	0.00	0.28	8.37	4.20	0.19
0	0	0.00	2.24	64.04	27.14	0.00
0	4	0.00	0.02	0.92	0.21	1.52
1	1	0.00	0.00	0.38	1.28	0.00
1	5	0.00	0.00	0.26	0.90	0.00
2	2	0.00	0.00	0.15	1.09	0.00
2	6	0.00	0.00	0.13	1.19	0.00
3	3	0.00	0.00	0.69	0.80	0.00
3	7	0.00	0.00	0.37	0.99	0.00
Core	CPU	C1%	C3%	C6%	C8%	C9%
-	-	0.00	0.27	8.57	4.31	0.00
0	0	0.00	2.11	64.08	27.18	0.00
0	4	0.00	0.00	0.89	0.21	0.00
1	1	0.00	0.00	0.65	1.39	0.00
1	5	0.00	0.00	0.74	1.20	0.00
2	2	0.00	0.00	0.35	1.09	0.00
2	6	0.00	0.00	0.62	0.91	0.00
3	3	0.00	0.02	0.94	1.50	0.00
3	7	0.00	0.00	0.30	1.00	0.00
Core	CPU	C1%	C3%	C6%	C8%	C9%
-	-	1.38	0.26	6.65	7.43	0.00
0	0	5.09	0.91	19.26	8.12	0.00
0	4	0.00	0.02	0.95	0.20	0.00
1	1	0.00	0.00	0.43	0.99	0.00
1	5	0.00	0.00	0.00	0.73	0.00
2	2	0.00	0.00	0.25	1.08	0.00
2	6	0.00	0.00	0.28	0.89	0.00
3	3	5.92	0.86	31.28	18.48	0.00
3	7	0.01	0.26	0.76	28.98	0.00
Core	CPU	C1%	C3%	C6%	C8%	C9%
-	-	2.95	0.38	6.74	3.82	0.00
0	0	12.72	0.43	9.86	6.48	0.00
0	4	0.00	0.00	1.17	0.39	0.00
1	1	0.00	0.00	0.25	0.89	0.00
1	5	0.00	0.00	0.32	0.90	0.00
2	2	0.00	0.02	0.19	0.90	0.00
2	6	0.00	0.00	0.10	1.09	0.00
3	3	10.90	2.60	41.15	19.60	0.00
3	7	0.00	0.00	0.86	0.30	0.00
Core	CPU	C1%	C3%	C6%	C8%	C9%
-	-	2.34	0.22	6.74	4.52	0.30
0	0	9.56	0.59	8.72	6.50	0.00
0	4	0.05	0.01	1.00	0.59	0.00
1	1	0.00	0.00	0.35	1.37	0.00
1	5	0.00	0.00	0.33	1.67	0.00
2	2	0.00	0.00	0.36	0.99	0.00
2	6	0.00	0.00	0.64	0.99	0.00
3	3	9.14	1.19	41.61	23.21	0.00
3	7	0.00	0.00	0.94	0.81	2.42
Core	CPU	C1%	C3%	C6%	C8%	C9%
-	-	2.93	0.36	6.46	4.01	0.21
0	0	11.86	0.65	6.85	8.99	0.01
0	4	0.00	0.06	0.51	0.50	0.00
1	1	0.00	0.00	0.32	0.99	0.00
1	5	0.00	0.00	0.19	1.22	0.00
2	2	0.00	0.00	0.19	1.19	0.00
2	6	0.00	0.00	0.27	0.90	0.00
3	3	11.61	2.15	42.84	17.59	0.00
3	7	0.00	0.00	0.53	0.69	1.68
Core	CPU	C1%	C3%	C6%	C8%	C9%
-	-	0.00	0.27	8.56	4.04	0.00
0	0	0.00	2.01	64.94	26.58	0.00
0	4	0.00	0.00	1.09	0.30	0.00
1	1	0.00	0.00	0.49	1.28	0.00
1	5	0.00	0.00	0.24	0.91	0.00
2	2	0.00	0.13	0.58	0.89	0.00
2	6	0.00	0.00	0.19	1.09	0.00
3	3	0.00	0.00	0.49	0.66	0.00
3	7	0.00	0.00	0.46	0.59	0.00
Core	CPU	C1%	C3%	C6%	C8%	C9%
-	-	2.79	0.33	6.56	3.80	0.00
0	0	11.30	0.40	6.85	5.88	0.00
0	4	0.00	0.01	0.31	0.69	0.00
1	1	0.00	0.00	0.28	0.89	0.00
1	5	0.00	0.00	0.54	1.38	0.00
2	2	0.00	0.00	0.84	0.79	0.00
2	6	0.00	0.00	0.82	0.79	0.00
3	3	11.04	2.21	42.45	19.31	0.00
3	7	0.00	0.00	0.38	0.69	0.00
Core	CPU	C1%	C3%	C6%	C8%	C9%
-	-	3.21	0.37	6.26	4.63	0.68
0	0	13.29	0.55	5.56	12.23	0.00
0	4	0.00	0.02	0.42	0.50	0.00
1	1	0.00	0.02	0.39	1.49	0.00
1	5	0.00	0.00	0.19	1.91	0.00
2	2	0.00	0.21	1.03	1.39	0.00
2	6	0.00	0.00	0.37	0.90	0.00
3	3	12.38	2.14	41.96	17.52	2.66
3	7	0.00	0.02	0.14	1.13	2.81
Core	CPU	C1%	C3%	C6%	C8%	C9%
-	-	2.15	0.36	7.06	5.46	0.00
0	0	8.82	0.98	11.33	16.87	0.00
0	4	0.00	0.00	1.08	0.49	0.00
1	1	0.00	0.00	0.40	0.99	0.00
1	5	0.00	0.00	0.32	1.29	0.00
2	2	0.00	0.02	0.29	1.00	0.00
2	6	0.00	0.00	0.19	0.90	0.00
3	3	8.40	1.88	42.35	21.54	0.00
3	7	0.00	0.00	0.55	0.59	0.00
Core	CPU	C1%	C3%	C6%	C8%	C9%
-	-	0.00	0.31	8.52	3.96	0.86
0	0	0.01	2.44	65.51	25.55	0.00
0	4	0.00	0.02	0.71	0.20	5.98
1	1	0.00	0.00	0.22	1.18	0.00
1	5	0.00	0.00	0.27	1.28	0.00
2	2	0.00	0.00	0.35	0.89	0.00
2	6	0.00	0.00	0.24	0.91	0.00
3	3	0.00	0.02	0.48	0.89	0.00
3	7	0.00	0.00	0.38	0.79	0.91
Core	CPU	C1%	C3%	C6%	C8%	C9%
-	-	2.90	0.41	6.67	4.64	0.00
0	0	12.44	0.65	13.93	11.32	0.00
0	4	0.73	0.00	1.18	0.49	0.00
1	1	0.00	0.00	0.89	0.20	0.00
1	5	0.00	0.02	0.29	1.22	0.00
2	2	10.02	2.59	36.22	19.42	0.00
2	6	0.00	0.00	0.26	1.96	0.00
3	3	0.00	0.00	0.32	1.29	0.00
3	7	0.00	0.00	0.23	1.18	0.00
Core	CPU	C1%	C3%	C6%	C8%	C9%
-	-	1.88	0.23	6.80	4.02	0.00
0	0	7.35	0.59	8.66	5.54	0.00
0	4	0.00	0.00	0.75	0.60	0.00
1	1	0.00	0.00	0.14	0.79	0.00
1	5	0.00	0.00	0.63	0.29	0.00
2	2	7.68	1.24	42.69	23.36	0.00
2	6	0.00	0.00	0.59	0.00	0.00
3	3	0.00	0.00	0.57	0.60	0.00
3	7	0.00	0.01	0.35	0.99	0.00
Core	CPU	C1%	C3%	C6%	C8%	C9%
-	-	0.23	0.33	8.28	3.71	0.01
0	0	0.55	2.28	60.75	24.11	0.00
0	4	0.00	0.02	0.66	0.39	0.00
1	1	0.00	0.00	0.60	0.90	0.00
1	5	0.00	0.02	0.48	0.91	0.00
2	2	1.31	0.36	2.37	1.21	0.07
2	6	0.00	0.00	0.37	0.74	0.00
3	3	0.00	0.00	0.17	0.99	0.00
3	7	0.00	0.00	0.84	0.39	0.00
Core	CPU	C1%	C3%	C6%	C8%	C9%
-	-	0.02	0.29	8.82	4.16	0.38
0	0	0.12	2.23	64.23	26.44	0.00
0	4	0.00	0.00	1.10	0.21	3.07
1	1	0.00	0.04	1.38	2.10	0.00
1	5	0.00	0.00	0.25	1.00	0.00
2	2	0.00	0.02	0.93	0.78	0.00
2	6	0.00	0.01	1.09	0.79	0.00
3	3	0.00	0.00	0.30	0.99	0.00
3	7	0.00	0.00	1.31	0.99	0.00
Core	CPU	C1%	C3%	C6%	C8%	C9%
-	-	0.00	0.31	8.55	4.21	1.29
0	0	0.01	2.38	65.31	25.86	0.00
0	4	0.00	0.00	0.71	0.20	9.55
1	1	0.00	0.01	0.40	2.36	0.00
1	5	0.00	0.00	0.36	0.99	0.00
2	2	0.00	0.06	0.35	0.99	0.81
2	6	0.00	0.00	0.24	0.99	0.00
3	3	0.00	0.02	0.77	1.30	0.00
3	7	0.00	0.00	0.29	1.00	0.00
Core	CPU	C1%	C3%	C6%	C8%	C9%
-	-	0.01	0.29	8.58	4.11	0.07
0	0	0.00	2.28	64.07	27.13	0.00
0	4	0.00	0.00	1.74	0.11	0.54
1	1	0.00	0.03	0.69	0.00	0.00
1	5	0.10	0.01	0.60	0.53	0.00
2	2	0.00	0.00	0.49	1.08	0.00
2	6	0.00	0.00	0.48	1.28	0.00
3	3	0.00	0.00	0.36	1.28	0.00
3	7	0.00	0.00	0.23	1.48	0.00
Core	CPU	C1%	C3%	C6%	C8%	C9%
-	-	0.00	0.26	8.58	4.10	0.00
0	0	0.00	1.93	64.70	26.79	0.00
0	4	0.00	0.00	1.18	0.31	0.00
1	1	0.00	0.00	0.65	0.87	0.00
1	5	0.00	0.00	0.62	1.00	0.00
2	2	0.00	0.13	0.20	1.09	0.00
2	6	0.00	0.00	0.20	0.90	0.00
3	3	0.00	0.00	0.58	1.19	0.00
3	7	0.00	0.00	0.51	0.67	0.00
Core	CPU	C1%	C3%	C6%	C8%	C9%
-	-	0.00	0.30	8.48	4.01	0.79
0	0	0.01	2.26	64.94	26.29	0.00
0	4	0.00	0.05	0.88	0.00	6.29
1	1	0.00	0.00	0.31	0.99	0.00
1	5	0.00	0.00	0.37	0.89	0.00
2	2	0.01	0.00	0.33	0.99	0.00
2	6	0.00	0.00	0.13	0.99	0.00
3	3	0.00	0.11	0.10	0.89	0.00
3	7	0.00	0.00	0.78	1.08	0.00
Core	CPU	C1%	C3%	C6%	C8%	C9%
-	-	3.35	0.46	6.53	5.16	0.01
0	0	14.32	1.13	11.63	12.11	0.11
0	4	0.00	0.04	0.69	1.17	0.00
1	1	12.51	2.49	38.45	21.73	0.00
1	5	0.00	0.00	0.46	1.20	0.00
2	2	0.00	0.00	0.36	1.09	0.00
2	6	0.00	0.00	0.25	1.19	0.00
3	3	0.00	0.00	0.23	1.48	0.00
3	7	0.00	0.00	0.19	1.29	0.00
Core	CPU	C1%	C3%	C6%	C8%	C9%
-	-	2.34	0.41	6.86	4.65	0.00
0	0	10.03	0.73	11.05	10.85	0.01
0	4	0.00	0.01	0.94	0.50	0.00
1	1	8.68	2.49	41.35	21.67	0.00
1	5	0.00	0.02	0.50	0.91	0.00
2	2	0.00	0.00	0.15	0.90	0.00
2	6	0.00	0.00	0.19	0.89	0.00
3	3	0.00	0.00	0.36	0.69	0.00
3	7	0.00	0.00	0.34	0.78	0.00
Core	CPU	C1%	C3%	C6%	C8%	C9%
-	-	0.18	0.31	8.48	4.00	0.00
0	0	0.72	2.30	61.02	25.43	0.00
0	4	0.00	0.01	0.79	0.69	0.00
1	1	0.73	0.13	3.33	1.95	0.00
1	5	0.00	0.00	0.42	1.09	0.00
2	2	0.00	0.00	0.73	0.49	0.00
2	6	0.00	0.02	0.80	0.60	0.00
3	3	0.00	0.00	0.38	1.09	0.00
3	7	0.00	0.00	0.37	0.69	0.00
Core	CPU	C1%	C3%	C6%	C8%	C9%
-	-	0.00	0.29	8.52	4.11	0.00
0	0	0.00	2.32	64.15	26.86	0.00
0	4	0.00	0.03	1.30	0.01	0.00
1	1	0.00	0.00	0.31	1.09	0.00
1	5	0.00	0.00	0.29	0.89	0.00
2	2	0.00	0.00	0.47	0.79	0.00
2	6	0.00	0.00	0.45	0.89	0.00
3	3	0.00	0.00	0.61	1.09	0.00
3	7	0.00	0.00	0.59	1.29	0.00
Core	CPU	C1%	C3%	C6%	C8%	C9%
-	-	0.00	0.35	8.88	7.81	0.88
0	0	0.01	2.59	64.62	26.34	0.00
0	4	0.00	0.01	1.65	0.09	7.07
1	1	0.00	0.00	1.13	1.98	0.00
1	5	0.00	0.01	0.38	0.00	0.00
2	2	0.01	0.00	0.38	1.49	0.00
2	6	0.00	0.00	0.37	1.49	0.00
3	3	0.00	0.00	1.24	1.59	0.00
3	7	0.01	0.17	1.26	29.48	0.00
Core	CPU	C1%	C3%	C6%	C8%	C9%
-	-	0.00	0.28	8.57	4.11	0.22
0	0	0.00	2.22	64.92	26.24	0.00
0	4	0.00	0.00	1.28	0.50	1.80
1	1	0.00	0.01	0.52	1.68	0.00
1	5	0.00	0.00	0.54	0.69	0.00
2	2	0.00	0.02	0.20	1.19	0.00
2	6	0.00	0.00	0.10	1.09	0.00
3	3	0.00	0.00	0.19	1.18	0.00
3	7	0.00	0.00	0.85	0.30	0.00
Core	CPU	C1%	C3%	C6%	C8%	C9%
-	-	0.00	0.26	8.57	4.41	0.82
0	0	0.00	2.01	64.91	26.32	0.00
0	4	0.00	0.05	1.18	0.30	5.75
1	1	0.00	0.00	0.27	1.95	0.83
1	5	0.00	0.00	0.46	1.67	0.00
2	2	0.00	0.00	0.71	1.68	0.00
2	6	0.00	0.00	0.23	1.28	0.00
3	3	0.00	0.00	0.49	1.19	0.00
3	7	0.00	0.00	0.30	0.88	0.00
Core	CPU	C1%	C3%	C6%	C8%	C9%
-	-	0.00	0.28	8.66	3.77	0.00
0	0	0.00	2.20	65.03	26.27	0.00
0	4	0.00	0.00	0.93	0.01	0.00
1	1	0.00	0.03	0.39	0.70	0.00
1	5	0.00	0.00	0.23	0.79	0.00
2	2	0.00	0.00	0.57	0.50	0.00
2	6	0.00	0.00	0.17	1.09	0.00
3	3	0.00	0.00	1.04	0.39	0.00
3	7	0.00	0.01	0.90	0.39	0.00
Core	CPU	C1%	C3%	C6%	C8%	C9%
-	-	0.00	0.26	8.53	4.08	0.00
0	0	0.00	2.11	64.80	26.58	0.00
0	4	0.00	0.00	1.18	0.00	0.00
1	1	0.00	0.00	0.56	1.26	0.00
1	5	0.00	0.00	0.31	0.91	0.00
2	2	0.00	0.00	0.19	0.80	0.00
2	6	0.00	0.00	0.19	1.08	0.00
3	3	0.00	0.00	0.57	1.09	0.00
3	7	0.00	0.00	0.44	0.88	0.00
Core	CPU	C1%	C3%	C6%	C8%	C9%
-	-	0.00	0.27	8.52	4.02	0.79
0	0	0.00	2.09	65.27	26.10	0.00
0	4	0.00	0.02	1.44	0.10	6.32
1	1	0.00	0.00	0.27	0.89	0.00
1	5	0.00	0.00	0.24	0.99	0.00
2	2	0.00	0.00	0.30	0.99	0.00
2	6	0.00	0.02	0.20	0.89	0.00
3	3	0.00	0.00	0.10	1.29	0.00
3	7	0.00	0.00	0.37	0.88	0.00
Core	CPU	C1%	C3%	C6%	C8%	C9%
-	-	0.00	0.27	8.45	4.29	0.00
0	0	0.00	2.10	64.79	26.56	0.00
0	4	0.00	0.03	0.89	0.09	0.00
1	1	0.00	0.00	0.18	1.56	0.00
1	5	0.00	0.00	0.37	1.68	0.00
2	2	0.00	0.00	0.26	1.18	0.00
2	6	0.00	0.00	0.15	0.99	0.00
3	3	0.00	0.00	0.81	1.20	0.00
3	7	0.00	0.00	0.20	1.09	0.00
Core	CPU	C1%	C3%	C6%	C8%	C9%
-	-	0.00	0.27	8.55	3.95	0.00
0	0	0.00	2.18	64.84	26.14	0.00
0	4	0.00	0.00	0.86	0.19	0.00
1	1	0.00	0.00	0.80	0.19	0.00
1	5	0.00	0.01	0.70	0.62	0.00
2	2	0.00	0.00	0.23	0.99	0.00
2	6	0.00	0.00	0.28	0.99	0.00
3	3	0.00	0.00	0.36	0.89	0.00
3	7	0.00	0.00	0.29	1.58	0.00
Core	CPU	C1%	C3%	C6%	C8%	C9%
-	-	0.00	0.32	8.98	4.09	0.31
0	0	0.00	2.49	65.24	25.82	0.00
0	4	0.00	0.04	3.20	0.09	2.49
1	1	0.00	0.00	0.43	0.89	0.00
1	5	0.00	0.00	1.10	2.18	0.00
2	2	0.00	0.02	0.30	1.09	0.00
2	6	0.00	0.00	0.20	0.99	0.00
3	3	0.00	0.00	0.97	0.89	0.00
3	7	0.00	0.00	0.37	0.79	0.00
Core	CPU	C1%	C3%	C6%	C8%	C9%
-	-	0.00	0.31	8.42	3.93	0.00
0	0	0.00	2.48	65.14	25.88	0.00
0	4	0.00	0.00	0.72	0.30	0.00
1	1	0.00	0.00	0.28	0.79	0.00
1	5	0.00	0.00	0.27	0.90	0.00
2	2	0.00	0.00	0.15	0.99	0.00
2	6	0.00	0.00	0.23	0.99	0.00
3	3	0.00	0.01	0.30	0.80	0.00
3	7	0.00	0.00	0.29	0.79	0.00
Core	CPU	C1%	C3%	C6%	C8%	C9%
-	-	0.00	0.30	8.97	4.00	0.75
0	0	0.00	2.32	66.08	25.07	0.00
0	4	0.00	0.06	1.99	0.30	5.97
1	1	0.00	0.02	0.24	2.19	0.00
1	5	0.00	0.00	0.28	1.38	0.00
2	2	0.02	0.00	0.63	0.99	0.00
2	6	0.00	0.00	0.54	1.28	0.00
3	3	0.00	0.00	0.94	0.40	0.00
3	7	0.00	0.02	1.03	0.39	0.00
Core	CPU	C1%	C3%	C6%	C8%	C9%
-	-	0.00	0.29	8.78	3.97	0.00
0	0	0.00	2.30	64.52	26.47	0.00
0	4	0.00	0.00	1.28	0.01	0.00
1	1	0.00	0.00	0.94	0.89	0.00
1	5	0.00	0.00	0.92	1.10	0.00
2	2	0.00	0.01	0.78	1.00	0.00
2	6	0.00	0.00	0.68	1.10	0.00
3	3	0.00	0.00	0.38	0.69	0.00
3	7	0.00	0.00	0.75	0.50	0.00
Core	CPU	C1%	C3%	C6%	C8%	C9%
-	-	0.00	0.30	8.56	4.23	0.61
0	0	0.00	2.35	65.10	25.36	0.00
0	4	0.00	0.02	1.16	0.60	3.97
1	1	0.00	0.00	0.28	1.46	0.00
1	5	0.00	0.00	0.17	1.09	0.00
2	2	0.00	0.00	0.99	1.68	0.00
2	6	0.00	0.00	0.33	1.58	0.00
3	3	0.00	0.00	0.10	1.09	0.00
3	7	0.00	0.00	0.32	0.98	0.92
Core	CPU	C1%	C3%	C6%	C8%	C9%
-	-	0.00	0.28	8.45	3.98	0.36
0	0	0.00	2.16	64.66	26.71	0.00
0	4	0.00	0.00	1.33	0.49	2.86
1	1	0.00	0.02	0.37	0.79	0.00
1	5	0.00	0.00	0.19	0.40	0.00
2	2	0.00	0.00	0.26	0.89	0.00
2	6	0.00	0.00	0.42	0.88	0.00
3	3	0.00	0.00	0.23	0.98	0.00
3	7	0.00	0.02	0.11	0.69	0.00
Core	CPU	C1%	C3%	C6%	C8%	C9%
-	-	0.00	0.30	8.43	4.08	0.00
0	0	0.00	2.40	64.18	26.93	0.00
0	4	0.00	0.04	1.13	0.20	0.00
1	1	0.00	0.00	0.27	1.86	0.00
1	5	0.00	0.00	0.42	0.60	0.00
2	2	0.00	0.00	0.49	0.11	0.00
2	6	0.00	0.00	0.19	1.08	0.00
3	3	0.00	0.00	0.27	0.98	0.00
3	7	0.00	0.00	0.49	0.89	0.00
Core	CPU	C1%	C3%	C6%	C8%	C9%
-	-	0.00	0.30	8.77	3.81	1.77
0	0	0.00	2.32	66.38	24.81	0.00
0	4	0.00	0.06	1.53	0.00	10.67
1	1	0.00	0.00	0.42	1.28	0.00
1	5	0.00	0.00	0.35	0.79	0.00
2	2	0.00	0.03	0.63	0.70	3.46
2	6	0.00	0.03	0.44	0.94	0.00
3	3	0.00	0.00	0.10	1.19	0.00
3	7	0.00	0.00	0.28	0.79	0.00
Core	CPU	C1%	C3%	C6%	C8%	C9%
-	-	0.00	0.29	8.70	4.67	0.47
0	0	0.00	2.33	63.92	27.20	0.00
0	4	0.00	0.02	0.90	0.00	3.76
1	1	0.00	0.00	1.00	2.66	0.00
1	5	0.00	0.00	0.47	1.68	0.00
2	2	0.00	0.00	0.84	1.29	0.00
2	6	0.00	0.00	1.33	0.99	0.00
3	3	0.00	0.00	0.91	1.88	0.00
3	7	0.00	0.00	0.20	1.68	0.00
Core	CPU	C1%	C3%	C6%	C8%	C9%
-	-	0.00	0.29	9.05	3.44	0.27
0	0	0.00	2.24	65.98	24.47	0.00
0	4	0.00	0.03	2.10	0.10	2.19
1	1	0.00	0.00	0.77	0.41	0.00
1	5	0.00	0.01	0.54	0.10	0.00
2	2	0.00	0.00	0.94	0.40	0.00
2	6	0.00	0.00	0.88	1.37	0.00
3	3	0.00	0.02	0.64	0.29	0.00
3	7	0.00	0.00	0.54	0.38	0.00
Core	CPU	C1%	C3%	C6%	C8%	C9%
-	-	0.00	0.26	9.00	3.69	0.00
0	0	0.00	1.99	65.61	25.85	0.00
0	4	0.00	0.02	1.36	0.10	0.00
1	1	0.00	0.03	0.74	1.37	0.00
1	5	0.00	0.00	0.73	0.49	0.00
2	2	0.00	0.02	0.80	0.19	0.00
2	6	0.00	0.00	0.59	0.60	0.00
3	3	0.00	0.03	1.20	0.49	0.00
3	7	0.00	0.00	0.96	0.40	0.00
Core	CPU	C1%	C3%	C6%	C8%	C9%
-	-	0.51	0.29	8.26	4.20	0.00
0	0	1.89	2.17	59.30	26.41	0.00
0	4	0.00	0.05	1.06	0.30	0.00
1	1	2.17	0.13	3.80	2.35	0.00
1	5	0.00	0.00	0.45	0.89	0.00
2	2	0.00	0.00	0.44	1.10	0.00
2	6	0.00	0.00	0.23	0.89	0.00
3	3	0.00	0.01	0.49	0.80	0.00
3	7	0.00	0.00	0.28	0.89	0.00
Core	CPU	C1%	C3%	C6%	C8%	C9%
-	-	0.02	0.30	8.91	4.10	1.09
0	0	0.00	2.42	65.21	25.89	0.00
0	4	0.00	0.00	0.66	0.89	8.63
1	1	0.00	0.00	0.59	0.79	0.00
1	5	0.00	0.00	0.29	1.28	0.00
2	2	0.01	0.00	0.86	1.28	0.08
2	6	0.00	0.00	0.85	1.28	0.00
3	3	0.00	0.00	1.42	0.79	0.00
3	7	0.12	0.01	1.39	0.59	0.00
Core	CPU	C1%	C3%	C6%	C8%	C9%
-	-	0.00	0.36	8.68	7.40	2.09
0	0	0.01	2.70	65.59	25.28	0.00
0	4	0.00	0.04	0.88	0.28	16.74
1	1	0.00	0.00	0.59	1.85	0.00
1	5	0.00	0.00	0.32	1.19	0.00
2	2	0.00	0.02	0.39	0.20	0.00
2	6	0.00	0.00	0.50	0.00	0.00
3	3	0.00	0.00	0.29	0.89	0.00
3	7	0.01	0.12	0.85	29.46	0.00
Core	CPU	C1%	C3%	C6%	C8%	C9%
-	-	0.00	0.31	8.94	3.99	0.00
0	0	0.02	2.41	64.98	26.13	0.00
0	4	0.00	0.04	1.56	0.10	0.00
1	1	0.00	0.03	2.13	1.28	0.00
1	5	0.00	0.00	0.36	0.79	0.00
2	2	0.00	0.00	0.54	0.79	0.00
2	6	0.00	0.00	0.92	0.49	0.00
3	3	0.00	0.00	0.28	1.68	0.00
3	7	0.00	0.00	0.78	0.68	0.00
Core	CPU	C1%	C3%	C6%	C8%	C9%
-	-	0.00	0.30	8.51	4.07	0.00
0	0	0.00	2.38	65.03	26.12	0.00
0	4	0.00	0.03	1.02	0.10	0.00
1	1	0.00	0.00	0.29	1.28	0.00
1	5	0.00	0.00	0.23	1.29	0.00
2	2	0.00	0.00	0.27	0.89	0.00
2	6	0.00	0.00	0.41	0.79	0.00
3	3	0.00	0.00	0.23	1.00	0.00
3	7	0.00	0.00	0.56	1.09	0.00
Core	CPU	C1%	C3%	C6%	C8%	C9%
-	-	0.00	0.28	8.72	4.01	0.28
0	0	0.00	2.17	64.32	26.23	0.00
0	4	0.00	0.00	1.26	0.11	2.27
1	1	0.00	0.00	0.85	1.09	0.00
1	5	0.00	0.01	0.69	0.30	0.00
2	2	0.00	0.00	0.49	1.29	0.00
2	6	0.00	0.00	0.37	0.79	0.00
3	3	0.01	0.02	1.07	1.56	0.00
3	7	0.00	0.00	0.70	0.69	0.00
Core	CPU	C1%	C3%	C6%	C8%	C9%
-	-	2.67	0.22	6.01	4.03	0.00
0	0	10.87	0.51	6.73	5.96	0.00
0	4	0.00	0.00	0.59	0.99	0.00
1	1	0.00	0.00	0.35	0.79	0.00
1	5	0.00	0.00	0.43	0.79	0.00
2	2	0.00	0.00	0.22	0.99	0.00
2	6	0.00	0.00	0.10	0.99	0.00
3	3	10.52	1.29	39.23	21.16	0.00
3	7	0.00	0.00	0.46	0.59	0.00
Core	CPU	C1%	C3%	C6%	C8%	C9%
-	-	0.01	0.56	8.53	3.87	0.76
0	0	0.00	2.58	65.72	25.22	0.00
0	4	0.07	0.04	0.84	0.96	6.09
1	1	0.00	0.00	0.28	1.16	0.00
1	5	0.00	0.00	0.75	1.06	0.00
2	2	0.00	0.13	0.00	0.10	0.00
2	6	0.00	0.00	0.23	1.06	0.00
3	3	0.00	0.09	0.42	1.36	0.00
3	7	0.00	1.63	0.00	0.09	0.00
Core	CPU	C1%	C3%	C6%	C8%	C9%
-	-	0.00	0.28	8.42	4.21	0.00
0	0	0.00	2.18	64.48	26.89	0.00
0	4	0.00	0.09	1.06	0.48	0.00
1	1	0.00	0.00	0.29	0.99	0.00
1	5	0.00	0.00	0.29	0.99	0.00
2	2	0.00	0.00	0.37	1.09	0.00
2	6	0.00	0.00	0.55	1.09	0.00
3	3	0.00	0.00	0.23	1.00	0.00
3	7	0.00	0.00	0.10	1.19	0.00
Core	CPU	C1%	C3%	C6%	C8%	C9%
-	-	0.00	0.28	8.42	3.93	0.78
0	0	0.00	2.20	64.47	26.09	0.00
0	4	0.00	0.00	1.05	0.81	6.24
1	1	0.00	0.04	0.35	0.89	0.00
1	5	0.00	0.02	0.10	0.33	0.00
2	2	0.00	0.00	0.14	0.60	0.00
2	6	0.00	0.00	0.54	0.50	0.00
3	3	0.00	0.00	0.45	1.19	0.00
3	7	0.00	0.00	0.24	0.99	0.00
Core	CPU	C1%	C3%	C6%	C8%	C9%
-	-	0.00	0.27	8.71	3.96	0.00
0	0	0.00	2.08	64.74	26.71	0.00
0	4	0.00	0.04	1.45	0.00	0.00
1	1	0.00	0.00	0.86	0.49	0.00
1	5	0.00	0.00	0.33	1.00	0.00
2	2	0.00	0.00	0.62	0.50	0.00
2	6	0.00	0.00	0.79	0.59	0.00
3	3	0.00	0.00	0.10	1.28	0.00
3	7	0.00	0.00	0.76	1.08	0.00
Core	CPU	C1%	C3%	C6%	C8%	C9%
-	-	0.02	0.30	8.57	4.30	0.00
0	0	0.14	2.37	64.69	26.34	0.00
0	4	0.00	0.00	1.11	0.11	0.00
1	1	0.00	0.00	0.27	1.28	0.00
1	5	0.00	0.00	0.17	1.88	0.00
2	2	0.00	0.00	0.35	0.49	0.00
2	6	0.00	0.00	0.14	1.39	0.00
3	3	0.00	0.02	1.48	1.89	0.00
3	7	0.00	0.00	0.39	0.99	0.00
Core	CPU	C1%	C3%	C6%	C8%	C9%
-	-	0.00	0.52	8.76	4.17	1.01
0	0	0.00	2.06	65.51	25.91	0.00
0	4	0.00	0.05	1.61	0.29	8.06
1	1	0.00	0.02	0.34	1.42	0.00
1	5	0.00	0.00	0.18	1.19	0.00
2	2	0.00	2.02	0.12	0.00	0.00
2	6	0.00	0.00	0.96	1.29	0.00
3	3	0.00	0.00	0.74	1.58	0.00
3	7	0.00	0.02	0.61	1.68	0.00
Core	CPU	C1%	C3%	C6%	C8%	C9%
-	-	4.35	0.52	6.94	4.44	0.00
0	0	18.14	0.95	17.81	16.82	0.00
0	4	0.00	0.00	0.56	0.69	0.00
1	1	16.66	3.18	34.96	13.90	0.00
1	5	0.00	0.00	0.82	0.30	0.00
2	2	0.00	0.00	0.31	0.50	0.00
2	6	0.00	0.00	0.34	1.29	0.00
3	3	0.00	0.00	0.36	0.90	0.00
3	7	0.00	0.02	0.35	1.09	0.00
Core	CPU	C1%	C3%	C6%	C8%	C9%
-	-	2.35	0.27	6.37	3.99	0.00
0	0	10.24	0.47	5.63	5.89	0.00
0	4	0.00	0.01	0.60	0.40	0.00
1	1	0.00	0.02	0.89	1.47	0.00
1	5	0.00	0.00	0.59	1.48	0.00
2	2	8.59	1.60	41.29	20.50	0.00
2	6	0.00	0.00	0.82	0.97	0.00
3	3	0.00	0.02	0.29	0.90	0.00
3	7	0.00	0.00	0.85	0.29	0.00
Core	CPU	C1%	C3%	C6%	C8%	C9%
-	-	2.89	0.36	6.37	4.04	0.13
0	0	11.94	0.61	6.94	7.50	0.00
0	4	0.00	0.02	0.52	1.26	0.00
1	1	0.00	0.00	0.66	0.30	1.01
1	5	0.00	0.00	0.20	1.37	0.00
2	2	11.22	2.25	40.96	19.23	0.00
2	6	0.00	0.00	0.70	0.79	0.00
3	3	0.00	0.00	0.79	0.89	0.00
3	7	0.00	0.02	0.20	0.99	0.00
Core	CPU	C1%	C3%	C6%	C8%	C9%
-	-	1.65	0.22	6.07	4.21	0.00
0	0	6.44	0.78	7.64	2.93	0.00
0	4	0.00	0.01	0.46	0.87	0.00
1	1	0.00	0.00	0.33	0.30	0.00
1	5	0.00	0.02	0.18	0.40	0.00
2	2	6.79	0.92	39.05	26.53	0.00
2	6	0.00	0.00	0.28	0.89	0.00
3	3	0.00	0.00	0.37	0.79	0.00
3	7	0.00	0.00	0.24	0.98	0.00
Core	CPU	C1%	C3%	C6%	C8%	C9%
-	-	4.15	0.42	6.62	4.21	0.00
0	0	17.02	0.65	10.69	9.42	0.00
0	4	0.00	0.00	0.59	0.99	0.00
1	1	0.00	0.00	0.37	0.79	0.00
1	5	0.00	0.00	0.40	1.29	0.00
2	2	16.19	2.69	40.28	18.18	0.00
2	6	0.00	0.02	0.10	0.99	0.00
3	3	0.00	0.00	0.19	0.90	0.00
3	7	0.00	0.02	0.38	1.14	0.00
Core	CPU	C1%	C3%	C6%	C8%	C9%
-	-	2.48	0.34	6.36	3.98	0.00
0	0	10.55	0.57	7.21	5.75	0.00
0	4	0.00	0.02	0.44	0.47	0.00
1	1	0.00	0.01	0.59	0.00	0.00
1	5	0.00	0.00	0.19	0.60	0.00
2	2	9.31	2.13	41.14	21.66	0.00
2	6	0.00	0.00	0.66	0.69	0.00
3	3	0.00	0.00	0.34	1.19	0.00
3	7	0.00	0.02	0.29	1.48	0.00
Core	CPU	C1%	C3%	C6%	C8%	C9%
-	-	4.52	0.42	7.24	3.97	0.00
0	0	18.28	1.04	12.72	11.07	0.00
0	4	0.00	0.02	1.25	0.39	0.00
1	1	0.00	0.00	0.15	0.39	0.00
1	5	0.00	0.00	0.11	0.59	0.00
2	2	17.84	2.30	41.91	16.35	0.00
2	6	0.00	0.00	0.96	0.10	0.00
3	3	0.00	0.00	0.38	1.97	0.00
3	7	0.00	0.00	0.41	0.88	0.00
Core	CPU	C1%	C3%	C6%	C8%	C9%
-	-	0.00	0.33	8.78	4.21	0.21
0	0	0.00	2.59	64.99	25.81	0.00
0	4	0.00	0.00	1.38	0.79	1.71
1	1	0.00	0.00	0.93	1.57	0.00
1	5	0.00	0.00	0.63	0.99	0.00
2	2	0.00	0.00	0.35	1.38	0.00
2	6	0.00	0.00	0.43	0.99	0.00
3	3	0.00	0.01	1.08	1.10	0.00
3	7	0.00	0.00	0.42	1.08	0.00
Core	CPU	C1%	C3%	C6%	C8%	C9%
-	-	0.00	0.31	8.67	3.94	0.76
0	0	0.00	2.46	65.21	25.82	0.00
0	4	0.00	0.03	1.27	0.39	6.08
1	1	0.00	0.00	0.15	0.79	0.00
1	5	0.00	0.00	0.69	0.40	0.00
2	2	0.00	0.00	1.06	0.89	0.00
2	6	0.00	0.00	0.36	0.99	0.00
3	3	0.00	0.00	0.53	1.09	0.00
3	7	0.00	0.03	0.10	1.19	0.00
Core	CPU	C1%	C3%	C6%	C8%	C9%
-	-	0.00	0.31	8.68	3.67	0.86
0	0	0.00	2.44	65.68	25.42	0.00
0	4	0.00	0.01	1.08	0.18	6.86
1	1	0.00	0.00	0.15	0.80	0.00
1	5	0.00	0.00	0.70	0.41	0.00
2	2	0.00	0.01	0.30	0.20	0.00
2	6	0.00	0.00	0.79	0.60	0.00
3	3	0.00	0.00	0.29	0.89	0.00
3	7	0.00	0.05	0.45	0.90	0.00
Core	CPU	C1%	C3%	C6%	C8%	C9%
-	-	0.00	0.28	8.63	4.00	0.00
0	0	0.00	2.23	65.72	25.31	0.00
0	4	0.00	0.00	1.20	0.29	0.00
1	1	0.00	0.00	0.28	0.89	0.00
1	5	0.00	0.00	0.17	1.38	0.00
2	2	0.00	0.00	0.54	1.19	0.00
2	6	0.00	0.00	0.13	0.99	0.00
3	3	0.00	0.00	0.71	1.19	0.00
3	7	0.00	0.00	0.29	0.79	0.00
Core	CPU	C1%	C3%	C6%	C8%	C9%
-	-	0.01	0.35	9.06	7.19	1.76
0	0	0.00	2.62	66.46	24.59	0.00
0	4	0.02	0.03	1.17	0.10	14.02
1	1	0.00	0.03	0.88	1.63	0.02
1	5	0.00	0.00	0.19	0.79	0.00
2	2	0.00	0.00	0.34	1.08	0.00
2	6	0.00	0.00	0.48	0.89	0.00
3	3	0.00	0.00	1.03	0.79	0.00
3	7	0.06	0.12	1.88	27.62	0.00
Core	CPU	C1%	C3%	C6%	C8%	C9%
-	-	3.02	0.44	6.71	3.77	0.00
0	0	12.73	0.83	9.96	8.17	0.00
0	4	0.00	0.02	0.86	0.68	0.00
1	1	0.00	0.01	0.42	0.00	0.00
1	5	0.00	0.01	0.64	0.53	0.00
2	2	11.45	2.63	40.36	18.69	0.00
2	6	0.00	0.00	0.67	0.50	0.00
3	3	0.00	0.00	0.36	1.08	0.00
3	7	0.00	0.00	0.43	0.50	0.00
Core	CPU	C1%	C3%	C6%	C8%	C9%
-	-	1.81	0.24	6.43	3.80	0.01
0	0	7.64	0.57	6.50	2.92	0.11
0	4	0.00	0.00	0.78	0.89	0.00
1	1	0.00	0.00	0.76	0.39	0.00
1	5	0.00	0.00	0.92	0.21	0.00
2	2	6.85	1.35	41.36	23.22	0.00
2	6	0.00	0.01	0.53	1.06	0.00
3	3	0.00	0.00	0.10	0.98	0.00
3	7	0.00	0.00	0.46	0.69	0.00
Core	CPU	C1%	C3%	C6%	C8%	C9%
-	-	2.40	0.27	6.58	3.98	0.00
0	0	9.97	0.53	8.01	7.01	0.01
0	4	0.00	0.05	0.28	0.58	0.00
1	1	0.00	0.00	0.28	0.89	0.00
1	5	0.00	0.00	0.26	1.29	0.00
2	2	9.19	1.55	42.96	18.97	0.00
2	6	0.00	0.00	0.33	0.80	0.00
3	3	0.00	0.02	0.29	1.39	0.00
3	7	0.00	0.03	0.25	0.89	0.00
Core	CPU	C1%	C3%	C6%	C8%	C9%
-	-	0.00	0.27	8.50	4.30	0.00
0	0	0.00	2.15	64.49	26.87	0.00
0	4	0.00	0.00	0.86	0.21	0.00
1	1	0.00	0.02	0.20	0.50	0.00
1	5	0.00	0.00	0.28	1.19	0.00
2	2	0.00	0.00	0.49	1.28	0.00
2	6	0.00	0.00	0.38	1.48	0.00
3	3	0.00	0.00	0.55	1.38	0.00
3	7	0.00	0.00	0.73	1.48	0.00
Core	CPU	C1%	C3%	C6%	C8%	C9%
-	-	0.00	0.28	8.53	3.96	0.10
0	0	0.00	2.19	65.48	25.83	0.00
0	4	0.00	0.00	0.49	0.48	0.00
1	1	0.00	0.00	0.22	0.39	0.00
1	5	0.00	0.00	0.14	1.10	0.00
2	2	0.00	0.03	0.32	0.30	0.00
2	6	0.00	0.00	0.28	1.20	0.79
3	3	0.00	0.00	0.28	1.28	0.00
3	7	0.00	0.00	1.06	1.08	0.00
Core	CPU	C1%	C3%	C6%	C8%	C9%
-	-	1.89	0.20	6.12	4.12	0.00
0	0	7.93	0.47	6.25	3.98	0.00
0	4	0.00	0.04	0.87	0.10	0.00
1	1	0.00	0.00	0.28	0.89	0.00
1	5	0.00	0.00	0.34	0.89	0.00
2	2	7.22	1.07	40.21	24.49	0.00
2	6	0.00	0.00	0.32	0.89	0.00
3	3	0.00	0.01	0.39	0.91	0.00
3	7	0.00	0.00	0.29	0.78	0.00
Core	CPU	C1%	C3%	C6%	C8%	C9%
-	-	1.99	0.34	7.60	3.56	0.00
0	0	8.45	1.37	33.30	15.63	0.00
0	4	0.00	0.04	0.71	0.58	0.00
1	1	0.00	0.00	0.37	0.51	0.00
1	5	0.00	0.00	0.19	0.89	0.00
2	2	7.43	1.26	23.84	9.41	0.00
2	6	0.00	0.00	0.45	0.88	0.00
3	3	0.00	0.00	1.24	0.19	0.00
3	7	0.00	0.01	0.69	0.40	0.00
Core	CPU	C1%	C3%	C6%	C8%	C9%
-	-	0.00	0.27	8.65	4.08	0.99
0	0	0.00	2.15	65.66	25.70	0.00
0	4	0.00	0.00	0.87	0.10	7.94
1	1	0.00	0.00	0.43	0.91	0.00
1	5	0.00	0.00	0.54	1.40	0.00
2	2	0.00	0.00	0.10	0.99	0.00
2	6	0.00	0.00	0.58	1.38	0.00
3	3	0.00	0.00	0.56	0.99	0.00
3	7	0.01	0.00	0.44	1.19	0.00
Core	CPU	C1%	C3%	C6%	C8%	C9%
-	-	0.31	0.30	8.40	3.98	0.00
0	0	1.07	2.03	60.41	24.72	0.00
0	4	0.00	0.02	1.48	0.00	0.00
1	1	0.00	0.00	0.67	1.27	0.00
1	5	0.00	0.00	0.15	0.99	0.00
2	2	0.00	0.00	0.22	0.90	0.00
2	6	0.00	0.00	0.10	1.19	0.00
3	3	1.45	0.33	3.78	1.81	0.00
3	7	0.00	0.00	0.37	0.98	0.00
Core	CPU	C1%	C3%	C6%	C8%	C9%
-	-	2.47	0.22	6.47	4.04	0.01
0	0	10.27	0.57	8.62	5.23	0.12
0	4	0.00	0.03	0.70	0.30	0.00
1	1	0.00	0.00	0.20	1.10	0.00
1	5	0.00	0.00	0.36	0.89	0.00
2	2	0.00	0.00	0.40	1.08	0.00
2	6	0.00	0.00	0.91	0.79	0.00
3	3	9.53	1.18	40.22	21.92	0.00
3	7	0.00	0.01	0.35	0.98	0.00
Core	CPU	C1%	C3%	C6%	C8%	C9%
-	-	2.18	0.26	6.59	4.31	0.00
0	0	9.81	0.53	9.14	6.45	0.00
0	4	0.00	0.04	0.48	1.06	0.00
1	1	0.00	0.00	0.26	1.28	0.00
1	5	0.00	0.00	0.14	0.99	0.00
2	2	0.00	0.00	0.31	1.59	0.00
2	6	0.00	0.00	0.19	0.90	0.00
3	3	7.62	1.46	41.59	21.70	0.00
3	7	0.00	0.00	0.59	0.50	0.00
Core	CPU	C1%	C3%	C6%	C8%	C9%
-	-	2.33	0.35	6.79	3.90	0.00
0	0	9.59	0.84	7.95	5.30	0.00
0	4	0.00	0.06	0.67	0.98	0.00
1	1	0.00	0.00	0.32	1.68	0.00
1	5	0.00	0.00	0.56	1.08	0.00
2	2	0.00	0.00	0.55	1.19	0.00
2	6	0.00	0.00	0.34	1.18	0.00
3	3	9.07	1.87	43.34	18.94	0.00
3	7	0.00	0.00	0.58	0.89	0.00
Core	CPU	C1%	C3%	C6%	C8%	C9%
-	-	0.00	0.32	8.77	3.97	1.29
0	0	0.00	2.50	66.24	24.77	0.00
0	4	0.00	0.02	0.50	0.68	10.33
1	1	0.00	0.01	0.69	0.49	0.00
1	5	0.00	0.00	0.10	0.99	0.00
2	2	0.00	0.00	0.78	1.18	0.00
2	6	0.00	0.00	0.37	1.08	0.00
3	3	0.00	0.00	0.73	1.28	0.00
3	7	0.00	0.00	0.76	1.28	0.00
Core	CPU	C1%	C3%	C6%	C8%	C9%
-	-	0.00	0.23	8.35	4.14	0.00
0	0	0.00	1.86	64.21	27.34	0.00
0	4	0.00	0.00	0.97	0.51	0.00
1	1	0.00	0.00	0.14	0.80	0.00
1	5	0.00	0.00	0.22	0.99	0.00
2	2	0.00	0.00	0.49	0.10	0.00
2	6	0.00	0.00	0.20	0.98	0.00
3	3	0.00	0.00	0.18	1.18	0.00
3	7	0.00	0.00	0.38	1.18	0.00
Core	CPU	C1%	C3%	C6%	C8%	C9%
-	-	0.00	0.29	8.65	4.23	0.00
0	0	0.00	2.19	65.20	26.10	0.00
0	4	0.00	0.00	1.10	0.40	0.00
1	1	0.00	0.00	0.44	2.36	0.00
1	5	0.00	0.00	0.46	0.69	0.00
2	2	0.00	0.00	0.41	0.89	0.00
2	6	0.00	0.02	0.15	1.09	0.00
3	3	0.00	0.12	0.72	1.09	0.00
3	7	0.00	0.00	0.69	1.18	0.00
Core	CPU	C1%	C3%	C6%	C8%	C9%
-	-	0.06	0.27	8.58	4.14	0.00
0	0	0.00	2.13	64.80	26.60	0.00
0	4	0.00	0.04	1.50	0.00	0.00
1	1	0.00	0.00	0.22	1.09	0.00
1	5	0.00	0.00	0.28	1.08	0.00
2	2	0.00	0.00	0.27	1.09	0.00
2	6	0.48	0.00	0.35	1.09	0.00
3	3	0.00	0.00	1.01	1.00	0.00
3	7	0.00	0.00	0.20	1.20	0.00
Core	CPU	C1%	C3%	C6%	C8%	C9%
-	-	0.00	0.30	8.57	3.72	0.00
0	0	0.00	2.39	64.95	26.04	0.00
0	4	0.00	0.00	1.26	0.00	0.00
1	1	0.00	0.01	0.52	0.21	0.00
1	5	0.00	0.01	0.64	0.00	0.00
2	2	0.00	0.00	0.19	0.89	0.00
2	6	0.00	0.00	0.28	0.89	0.00
3	3	0.00	0.00	0.56	0.70	0.00
3	7	0.00	0.00	0.14	0.99	0.00
