Core	CPU	C1%	C3%	C6%	C8%	C9%
-	-	0.17	0.11	1.51	1.11	0.16
0	0	0.00	0.00	2.83	1.00	0.00
0	4	0.00	0.00	1.07	3.35	0.00
1	1	0.00	0.00	1.92	1.18	0.00
1	5	0.65	0.09	1.57	0.69	0.00
2	2	0.72	0.00	0.30	0.00	0.00
2	6	0.00	0.00	2.54	1.18	0.00
3	3	0.00	0.81	0.95	0.68	0.00
3	7	0.00	0.00	0.87	0.79	1.25
Core	CPU	C1%	C3%	C6%	C8%	C9%
-	-	0.19	1.63	13.30	11.04	0.03
0	0	0.00	0.14	10.03	16.66	0.00
0	4	0.04	4.56	11.98	3.20	0.00
1	1	0.27	1.36	16.51	7.17	0.00
1	5	0.00	0.86	11.36	12.48	0.26
2	2	0.36	0.50	14.99	6.88	0.00
2	6	0.57	0.37	13.43	6.86	0.00
3	3	0.31	4.72	15.17	6.34	0.00
3	7	0.01	0.50	12.94	28.71	0.00
Core	CPU	C1%	C3%	C6%	C8%	C9%
-	-	0.04	2.88	13.20	12.99	1.15
0	0	0.00	10.42	13.21	5.67	4.40
0	4	0.00	0.08	13.33	25.84	0.00
1	1	0.28	8.56	10.45	7.59	0.00
1	5	0.00	0.26	14.18	11.62	0.00
2	2	0.08	3.31	13.45	10.62	0.85
2	6	0.00	0.11	12.32	10.29	3.91
3	3	0.00	0.16	14.50	13.97	0.00
3	7	0.00	0.14	14.20	18.36	0.00
Core	CPU	C1%	C3%	C6%	C8%	C9%
-	-	0.06	2.55	11.78	12.96	0.41
0	0	0.00	0.19	15.72	8.18	0.10
0	4	0.00	0.13	12.08	13.75	0.00
1	1	0.00	0.11	12.43	17.31	0.00
1	5	0.00	0.08	10.83	11.59	0.00
2	2	0.47	19.49	2.83	0.00	1.75
2	6	0.00	0.08	13.76	25.49	0.00
3	3	0.00	0.15	13.03	12.79	1.41
3	7	0.00	0.14	13.57	14.56	0.00
Core	CPU	C1%	C3%	C6%	C8%	C9%
-	-	0.06	2.83	16.78	18.57	0.50
0	0	0.04	5.45	17.91	9.84	3.98
0	4	0.00	1.17	17.26	17.14	0.00
1	1	0.06	4.99	15.40	26.35	0.00
1	5	0.00	0.17	15.44	20.57	0.00
2	2	0.22	10.28	13.77	13.25	0.00
2	6	0.04	0.10	17.49	25.20	0.00
3	3	0.11	0.09	18.36	18.16	0.00
3	7	0.01	0.41	18.58	18.01	0.00
Core	CPU	C1%	C3%	C6%	C8%	C9%
-	-	0.13	3.63	21.94	23.12	0.18
0	0	0.00	3.10	28.32	35.64	1.41
0	4	0.00	0.23	24.52	26.19	0.00
1	1	0.32	7.40	16.52	24.61	0.00
1	5	0.00	0.23	20.58	21.31	0.00
2	2	0.13	0.14	24.64	21.29	0.00
2	6	0.13	0.27	22.00	19.61	0.00
3	3	0.45	17.43	14.42	9.77	0.02
3	7	0.01	0.27	24.64	26.68	0.00
Core	CPU	C1%	C3%	C6%	C8%	C9%
-	-	0.31	3.59	23.30	22.17	0.14
0	0	0.04	1.31	32.83	27.81	1.11
0	4	0.00	0.35	26.44	27.77	0.00
1	1	0.56	10.20	17.74	15.05	0.00
1	5	1.73	15.49	13.00	8.44	0.00
2	2	0.00	0.53	22.80	22.33	0.00
2	6	0.00	0.17	23.65	22.71	0.00
3	3	0.00	0.19	21.90	24.75	0.00
3	7	0.10	0.51	28.08	28.51	0.00
Core	CPU	C1%	C3%	C6%	C8%	C9%
-	-	0.39	3.66	21.36	21.90	0.06
0	0	0.20	0.41	27.20	30.53	0.47
0	4	0.11	0.45	23.62	23.44	0.00
1	1	1.58	16.05	12.89	9.21	0.00
1	5	0.91	8.27	16.96	17.05	0.00
2	2	0.17	2.66	22.62	19.97	0.05
2	6	0.16	0.90	19.78	18.88	0.00
3	3	0.01	0.27	23.53	21.99	0.00
3	7	0.00	0.26	24.16	33.96	0.00
Core	CPU	C1%	C3%	C6%	C8%	C9%
-	-	0.20	3.74	21.61	22.54	0.19
0	0	0.07	0.25	29.08	26.33	1.03
0	4	0.05	0.23	23.61	20.89	0.00
1	1	0.00	0.26	21.59	22.16	0.00
1	5	0.04	0.24	21.88	21.52	0.00
2	2	0.30	3.25	23.70	22.28	0.00
2	6	1.16	24.85	8.99	3.49	0.00
3	3	0.00	0.15	21.41	30.78	0.50
3	7	0.00	0.71	22.91	33.13	0.00
Core	CPU	C1%	C3%	C6%	C8%	C9%
-	-	0.19	1.84	24.10	28.77	0.06
0	0	0.02	6.79	28.17	13.62	0.00
0	4	0.00	0.33	23.46	30.73	0.00
1	1	0.20	0.24	25.11	38.33	0.40
1	5	0.00	0.25	24.19	50.60	0.00
2	2	0.72	2.62	19.33	19.54	0.00
2	6	0.55	3.96	19.52	21.30	0.11
3	3	0.00	0.23	25.53	28.13	0.00
3	7	0.00	0.27	27.20	27.52	0.00
Core	CPU	C1%	C3%	C6%	C8%	C9%
-	-	0.02	3.79	20.42	26.76	0.00
0	0	0.13	28.51	6.28	0.00	0.02
0	4	0.00	0.37	25.01	26.03	0.00
1	1	0.00	0.29	21.63	32.15	0.00
1	5	0.00	0.26	21.57	36.01	0.00
2	2	0.01	0.27	23.10	34.38	0.00
2	6	0.01	0.12	19.17	28.37	0.00
3	3	0.00	0.27	23.29	31.49	0.00
3	7	0.01	0.24	23.31	25.61	0.00
Core	CPU	C1%	C3%	C6%	C8%	C9%
-	-	0.03	3.50	22.06	23.94	0.23
0	0	0.18	13.40	18.91	8.55	0.00
0	4	0.01	13.02	17.46	12.67	0.00
1	1	0.00	0.14	24.08	26.41	0.90
1	5	0.00	0.13	21.73	35.53	0.00
2	2	0.00	0.94	22.54	26.85	0.23
2	6	0.00	0.09	22.56	29.20	0.00
3	3	0.00	0.15	23.32	29.09	0.00
3	7	0.00	0.16	25.87	23.21	0.71
Core	CPU	C1%	C3%	C6%	C8%	C9%
-	-	0.05	3.49	21.45	22.46	0.08
0	0	0.02	20.27	12.98	2.45	0.00
0	4	0.01	0.21	25.01	28.87	0.00
1	1	0.01	2.40	24.49	32.39	0.11
1	5	0.01	0.28	21.80	22.99	0.00
2	2	0.00	0.20	20.16	21.02	0.00
2	6	0.24	3.27	20.93	27.84	0.00
3	3	0.01	1.00	22.59	21.63	0.00
3	7	0.14	0.24	23.65	22.50	0.55
Core	CPU	C1%	C3%	C6%	C8%	C9%
-	-	0.01	3.57	19.61	24.10	0.00
0	0	0.01	27.75	5.71	0.20	0.00
0	4	0.00	0.26	22.70	23.13	0.00
1	1	0.00	0.11	21.32	31.55	0.00
1	5	0.00	0.08	19.10	40.18	0.00
2	2	0.01	0.07	21.00	22.87	0.00
2	6	0.00	0.08	22.10	22.62	0.00
3	3	0.00	0.05	22.83	20.32	0.00
3	7	0.01	0.14	22.12	31.94	0.00
Core	CPU	C1%	C3%	C6%	C8%	C9%
-	-	0.06	2.81	16.13	18.37	0.00
0	0	0.01	12.56	14.19	8.29	0.00
0	4	0.00	0.13	18.02	19.16	0.00
1	1	0.00	0.10	16.62	34.75	0.00
1	5	0.00	0.10	18.98	19.09	0.00
2	2	0.10	0.06	16.27	19.38	0.00
2	6	0.03	0.05	15.56	19.87	0.00
3	3	0.34	7.88	11.51	9.28	0.00
3	7	0.00	1.59	17.88	17.15	0.00
Core	CPU	C1%	C3%	C6%	C8%	C9%
-	-	0.11	3.81	21.80	21.99	0.18
0	0	0.01	7.76	23.90	11.85	1.29
0	4	0.13	0.32	22.84	22.31	0.00
1	1	0.41	10.04	19.57	17.67	0.14
1	5	0.01	0.19	23.01	29.01	0.00
2	2	0.30	11.40	15.50	22.90	0.05
2	6	0.01	0.21	20.78	25.63	0.00
3	3	0.00	0.30	23.81	22.89	0.00
3	7	0.00	0.35	25.26	23.96	0.00
Core	CPU	C1%	C3%	C6%	C8%	C9%
-	-	0.08	3.27	23.12	21.41	0.35
0	0	0.00	0.36	31.28	17.50	2.80
0	4	0.00	0.10	24.93	18.21	0.00
1	1	0.00	0.22	25.27	47.30	0.00
1	5	0.00	0.17	22.65	20.55	0.00
2	2	0.10	8.73	19.73	13.73	0.00
2	6	0.55	14.06	16.97	10.93	0.00
3	3	0.00	2.30	21.04	21.28	0.00
3	7	0.00	0.16	22.77	21.50	0.00
Core	CPU	C1%	C3%	C6%	C8%	C9%
-	-	0.08	3.68	22.09	23.74	0.00
0	0	0.01	2.54	26.97	15.62	0.00
0	4	0.00	0.36	22.14	21.44	0.00
1	1	0.00	0.37	23.61	29.13	0.00
1	5	0.05	0.32	21.49	37.64	0.00
2	2	0.00	0.28	23.06	26.60	0.00
2	6	0.00	0.31	24.25	26.70	0.00
3	3	0.55	24.84	8.61	2.66	0.00
3	7	0.00	0.46	26.59	30.11	0.00
Core	CPU	C1%	C3%	C6%	C8%	C9%
-	-	0.01	3.70	20.93	25.70	0.03
0	0	0.03	23.55	11.88	1.93	0.00
0	4	0.02	5.12	20.85	22.85	0.20
1	1	0.00	0.16	23.04	24.83	0.00
1	5	0.00	0.18	22.69	26.36	0.00
2	2	0.01	0.20	20.42	31.16	0.00
2	6	0.00	0.14	20.70	37.35	0.06
3	3	0.00	0.14	23.71	32.47	0.00
3	7	0.00	0.14	24.13	28.67	0.00
Core	CPU	C1%	C3%	C6%	C8%	C9%
-	-	0.12	2.04	26.57	24.54	0.02
0	0	0.01	3.35	31.16	29.55	0.00
0	4	0.08	2.35	27.04	22.98	0.13
1	1	0.00	0.20	27.80	24.57	0.00
1	5	0.00	0.22	27.43	20.78	0.00
2	2	0.45	6.55	19.09	28.60	0.00
2	6	0.21	2.18	24.99	21.07	0.05
3	3	0.23	1.21	25.56	23.64	0.00
3	7	0.00	0.26	29.54	25.21	0.00
Core	CPU	C1%	C3%	C6%	C8%	C9%
-	-	0.04	3.63	21.19	23.68	0.01
0	0	0.02	10.67	21.96	9.86	0.00
0	4	0.01	7.56	19.17	19.21	0.00
1	1	0.00	0.12	21.02	26.20	0.00
1	5	0.00	0.18	21.56	26.17	0.00
2	2	0.02	1.23	22.43	28.71	0.00
2	6	0.23	7.76	17.67	17.95	0.00
3	3	0.00	0.16	22.78	26.05	0.00
3	7	0.00	1.33	22.87	35.28	0.09
Core	CPU	C1%	C3%	C6%	C8%	C9%
-	-	0.07	3.57	22.94	21.99	0.01
0	0	0.00	6.37	23.94	18.14	0.01
0	4	0.09	1.08	24.04	36.72	0.00
1	1	0.00	0.20	25.49	23.67	0.00
1	5	0.01	0.34	22.82	18.83	0.00
2	2	0.19	6.73	20.05	17.00	0.00
2	6	0.09	3.59	21.16	25.41	0.06
3	3	0.17	7.48	18.94	16.64	0.00
3	7	0.00	2.74	27.12	19.49	0.00
Core	CPU	C1%	C3%	C6%	C8%	C9%
-	-	0.02	3.64	21.03	24.42	0.07
0	0	0.02	18.03	13.65	9.86	0.50
0	4	0.01	6.95	20.17	18.05	0.04
1	1	0.00	1.32	23.54	34.88	0.00
1	5	0.03	1.92	20.50	22.36	0.00
2	2	0.00	0.27	22.88	24.40	0.00
2	6	0.00	0.17	21.13	30.96	0.00
3	3	0.12	0.21	22.09	26.19	0.00
3	7	0.01	0.29	24.31	28.66	0.00
Core	CPU	C1%	C3%	C6%	C8%	C9%
-	-	0.13	3.43	22.03	22.98	0.00
0	0	0.02	1.46	29.16	27.44	0.00
0	4	0.00	0.18	25.38	23.72	0.00
1	1	0.05	7.03	20.88	19.52	0.02
1	5	0.99	18.00	10.55	6.85	0.00
2	2	0.00	0.20	22.56	23.33	0.00
2	6	0.00	0.15	23.11	21.06	0.00
3	3	0.00	0.16	24.29	29.30	0.00
3	7	0.01	0.23	20.34	32.62	0.00
Core	CPU	C1%	C3%	C6%	C8%	C9%
-	-	0.17	1.96	25.74	24.40	0.00
0	0	0.01	2.11	32.43	14.80	0.00
0	4	0.00	0.47	25.33	22.99	0.00
1	1	0.39	1.84	23.51	23.31	0.00
1	5	0.29	1.15	25.31	34.08	0.00
2	2	0.05	0.54	26.40	27.40	0.00
2	6	0.34	7.70	19.99	19.06	0.00
3	3	0.22	0.98	25.61	27.50	0.00
3	7	0.06	0.90	27.31	26.04	0.00
Core	CPU	C1%	C3%	C6%	C8%	C9%
-	-	0.15	3.55	21.59	23.28	0.00
0	0	0.01	0.24	28.08	31.88	0.01
0	4	0.00	0.17	21.01	22.94	0.00
1	1	0.01	0.09	20.61	18.60	0.00
1	5	0.01	0.09	21.64	35.18	0.00
2	2	0.34	6.56	20.06	20.36	0.00
2	6	0.84	21.05	11.49	5.39	0.00
3	3	0.01	0.09	25.69	27.68	0.00
3	7	0.00	0.12	24.16	24.23	0.00
Core	CPU	C1%	C3%	C6%	C8%	C9%
-	-	0.10	3.49	22.94	23.47	0.00
0	0	0.02	6.26	26.27	17.14	0.00
0	4	0.01	4.89	22.16	24.74	0.00
1	1	0.00	0.25	24.78	20.91	0.00
1	5	0.15	3.75	19.47	21.37	0.00
2	2	0.44	7.72	20.61	23.25	0.00
2	6	0.00	0.11	23.28	24.71	0.00
3	3	0.08	1.42	23.91	34.18	0.00
3	7	0.06	3.51	23.01	21.44	0.00
Core	CPU	C1%	C3%	C6%	C8%	C9%
-	-	0.07	3.87	21.53	22.70	0.09
0	0	0.01	4.75	25.62	11.97	0.11
0	4	0.04	13.26	17.88	20.65	0.00
1	1	0.41	11.51	16.22	17.20	0.61
1	5	0.00	0.25	22.75	25.70	0.00
2	2	0.10	0.33	22.89	23.63	0.00
2	6	0.00	0.30	23.21	19.06	0.00
3	3	0.00	0.23	21.31	26.51	0.00
3	7	0.01	0.37	22.52	36.98	0.00
Core	CPU	C1%	C3%	C6%	C8%	C9%
-	-	0.05	3.83	19.46	23.91	0.24
0	0	0.03	20.42	13.03	4.91	1.40
0	4	0.00	0.21	20.26	26.91	0.00
1	1	0.38	6.92	16.97	26.58	0.46
1	5	0.01	0.18	20.33	30.81	0.00
2	2	0.01	0.19	20.87	23.95	0.00
2	6	0.01	0.15	19.03	24.58	0.00
3	3	0.00	0.12	23.62	24.83	0.00
3	7	0.00	2.42	21.43	28.57	0.02
Core	CPU	C1%	C3%	C6%	C8%	C9%
-	-	0.01	2.80	15.11	15.80	0.02
0	0	0.04	17.91	7.57	1.57	0.00
0	4	0.01	3.42	15.60	14.11	0.00
1	1	0.00	0.21	17.30	16.94	0.00
1	5	0.00	0.19	15.20	13.70	0.00
2	2	0.00	0.18	16.75	19.20	0.00
2	6	0.00	0.20	15.86	20.41	0.00
3	3	0.00	0.14	17.42	27.74	0.00
3	7	0.00	0.19	15.23	12.75	0.12
Core	CPU	C1%	C3%	C6%	C8%	C9%
-	-	0.00	3.79	19.60	23.18	0.18
0	0	0.00	0.39	25.80	14.14	1.40
0	4	0.03	28.52	5.82	0.00	0.00
1	1	0.00	0.18	21.83	24.83	0.00
1	5	0.00	0.18	20.20	47.86	0.00
2	2	0.00	0.23	20.58	26.18	0.00
2	6	0.00	0.29	20.64	24.42	0.00
3	3	0.00	0.26	20.88	21.31	0.00
3	7	0.00	0.28	20.95	26.63	0.00
Core	CPU	C1%	C3%	C6%	C8%	C9%
-	-	0.05	3.63	21.70	23.46	0.02
0	0	0.01	13.71	21.62	10.74	0.00
0	4	0.00	4.56	20.46	20.24	0.00
1	1	0.01	0.12	21.64	19.17	0.00
1	5	0.00	0.15	21.68	27.20	0.00
2	2	0.00	0.17	23.87	47.29	0.00
2	6	0.00	0.16	21.79	21.63	0.00
3	3	0.34	7.77	18.33	17.22	0.00
3	7	0.00	2.42	24.21	24.16	0.18
Core	CPU	C1%	C3%	C6%	C8%	C9%
-	-	0.10	3.38	22.18	23.01	0.20
0	0	0.01	5.84	25.19	18.49	1.40
0	4	0.01	2.06	21.65	27.68	0.00
1	1	0.00	0.19	22.87	23.96	0.00
1	5	0.00	0.15	24.57	28.83	0.00
2	2	0.00	0.21	24.53	32.36	0.13
2	6	0.11	0.30	23.31	22.29	0.06
3	3	0.63	18.08	11.22	8.07	0.00
3	7	0.01	0.20	24.13	22.41	0.00
Core	CPU	C1%	C3%	C6%	C8%	C9%
-	-	0.07	3.81	21.34	23.40	0.04
0	0	0.00	6.13	24.57	10.78	0.00
0	4	0.01	4.65	21.14	18.25	0.00
1	1	0.10	5.13	18.86	31.54	0.35
1	5	0.08	1.11	22.92	35.83	0.00
2	2	0.00	0.94	22.82	23.17	0.00
2	6	0.00	0.23	21.31	28.25	0.00
3	3	0.32	11.19	16.15	17.60	0.00
3	7	0.00	1.12	22.92	21.73	0.00
Core	CPU	C1%	C3%	C6%	C8%	C9%
-	-	0.04	3.06	15.67	16.04	0.00
0	0	0.02	9.19	15.97	4.52	0.00
0	4	0.10	11.43	12.12	7.59	0.00
1	1	0.07	2.86	16.32	22.93	0.00
1	5	0.10	0.13	15.57	13.60	0.00
2	2	0.00	0.15	16.61	26.36	0.00
2	6	0.00	0.14	14.81	15.01	0.00
3	3	0.00	0.14	17.57	22.85	0.00
3	7	0.00	0.44	16.35	15.49	0.00
Core	CPU	C1%	C3%	C6%	C8%	C9%
-	-	0.10	3.56	21.12	21.34	0.07
0	0	0.00	5.55	26.09	26.89	0.04
0	4	0.02	4.20	21.27	24.28	0.50
1	1	0.65	13.26	14.97	18.93	0.00
1	5	0.14	3.57	22.47	21.65	0.00
2	2	0.00	0.24	20.67	15.81	0.00
2	6	0.00	0.21	20.36	17.45	0.00
3	3	0.00	0.20	21.42	25.63	0.00
3	7	0.02	1.24	21.78	20.13	0.00
Core	CPU	C1%	C3%	C6%	C8%	C9%
-	-	0.07	3.49	21.98	23.71	0.08
0	0	0.01	12.41	20.68	13.29	0.00
0	4	0.01	5.26	19.84	22.39	0.00
1	1	0.00	1.37	21.94	25.71	0.00
1	5	0.11	2.66	21.18	35.01	0.65
2	2	0.38	5.50	22.65	21.77	0.00
2	6	0.01	0.19	23.71	24.14	0.00
3	3	0.01	0.21	22.95	26.07	0.00
3	7	0.01	0.30	22.86	21.24	0.00
Core	CPU	C1%	C3%	C6%	C8%	C9%
-	-	0.03	3.86	20.94	23.13	0.02
0	0	0.01	17.24	16.31	8.13	0.17
0	4	0.01	7.79	22.26	20.86	0.00
1	1	0.17	3.38	16.76	24.83	0.00
1	5	0.08	1.30	24.08	31.86	0.00
2	2	0.00	0.30	22.34	20.22	0.00
2	6	0.00	0.29	19.47	27.75	0.00
3	3	0.00	0.27	21.61	21.64	0.00
3	7	0.00	0.33	24.76	29.83	0.00
Core	CPU	C1%	C3%	C6%	C8%	C9%
-	-	0.09	3.90	20.55	21.51	0.17
0	0	0.01	8.20	21.91	7.89	0.00
0	4	0.01	5.93	20.36	33.07	0.00
1	1	0.11	6.35	18.29	16.91	0.00
1	5	0.36	7.36	16.21	17.99	0.00
2	2	0.01	1.28	22.09	23.30	0.00
2	6	0.00	0.25	20.88	21.62	0.00
3	3	0.20	0.28	20.62	26.21	1.29
3	7	0.00	1.49	23.96	24.97	0.09
Core	CPU	C1%	C3%	C6%	C8%	C9%
-	-	0.14	2.73	15.27	15.13	0.03
0	0	0.00	0.25	19.40	8.20	0.00
0	4	0.00	0.11	14.62	16.20	0.00
1	1	0.24	3.84	13.39	11.50	0.00
1	5	0.10	0.11	15.77	19.97	0.00
2	2	0.28	7.39	13.48	13.71	0.00
2	6	0.47	9.73	11.14	9.85	0.00
3	3	0.00	0.12	16.14	18.38	0.00
3	7	0.00	0.30	18.18	23.27	0.21
Core	CPU	C1%	C3%	C6%	C8%	C9%
-	-	0.17	3.81	21.23	21.43	0.00
0	0	0.00	0.35	27.81	20.39	0.00
0	4	0.00	0.22	23.57	30.06	0.00
1	1	0.13	4.42	17.74	23.96	0.00
1	5	0.31	4.61	18.38	16.10	0.00
2	2	0.14	1.83	24.21	22.60	0.00
2	6	0.73	18.59	14.01	7.98	0.00
3	3	0.00	0.22	21.06	25.70	0.00
3	7	0.01	0.20	23.07	24.67	0.00
Core	CPU	C1%	C3%	C6%	C8%	C9%
-	-	0.02	3.50	22.93	24.24	0.00
0	0	0.01	12.72	20.65	5.86	0.01
0	4	0.03	9.40	19.50	18.10	0.00
1	1	0.01	3.81	20.67	31.12	0.00
1	5	0.00	1.06	23.64	21.87	0.00
2	2	0.12	0.22	22.30	38.07	0.00
2	6	0.00	0.21	23.46	24.63	0.00
3	3	0.00	0.20	26.27	33.27	0.00
3	7	0.00	0.37	26.95	20.95	0.00
Core	CPU	C1%	C3%	C6%	C8%	C9%
-	-	0.10	3.55	21.41	23.63	0.02
0	0	0.05	5.61	23.60	10.83	0.00
0	4	0.00	0.19	23.39	28.49	0.00
1	1	0.34	9.84	18.59	15.60	0.02
1	5	0.00	0.21	21.80	29.60	0.00
2	2	0.20	4.56	18.33	19.62	0.00
2	6	0.00	2.37	20.92	34.26	0.00
3	3	0.17	4.37	21.01	24.60	0.00
3	7	0.00	1.33	23.87	26.30	0.11
Core	CPU	C1%	C3%	C6%	C8%	C9%
-	-	0.02	3.72	21.45	22.45	0.00
0	0	0.03	16.25	17.98	5.48	0.00
0	4	0.01	10.57	20.75	19.36	0.00
1	1	0.00	0.12	22.64	33.91	0.00
1	5	0.01	0.13	22.53	25.22	0.00
2	2	0.11	2.23	20.39	24.52	0.00
2	6	0.01	0.13	21.97	21.48	0.00
3	3	0.00	0.15	21.55	24.34	0.00
3	7	0.00	0.15	23.57	25.06	0.00
Core	CPU	C1%	C3%	C6%	C8%	C9%
-	-	0.02	1.82	25.39	27.16	0.02
0	0	0.04	6.53	18.40	4.23	0.00
0	4	0.01	6.30	23.96	20.48	0.00
1	1	0.00	0.26	26.75	33.20	0.00
1	5	0.08	0.19	26.21	29.77	0.00
2	2	0.00	0.23	28.50	32.83	0.00
2	6	0.00	0.17	26.20	29.48	0.16
3	3	0.00	0.17	25.37	36.98	0.00
3	7	0.01	0.67	27.77	30.33	0.00
Core	CPU	C1%	C3%	C6%	C8%	C9%
-	-	0.02	3.85	20.58	22.34	0.00
0	0	0.01	3.80	24.72	18.91	0.00
0	4	0.10	25.19	8.51	3.10	0.00
1	1	0.00	0.26	23.04	27.35	0.00
1	5	0.00	0.29	20.01	23.10	0.00
2	2	0.00	0.22	21.71	31.71	0.00
2	6	0.00	0.26	20.18	20.48	0.00
3	3	0.00	0.31	23.95	32.46	0.00
3	7	0.00	0.52	22.52	21.64	0.00
Core	CPU	C1%	C3%	C6%	C8%	C9%
-	-	0.02	3.56	21.23	25.72	0.15
0	0	0.01	9.32	20.21	8.72	0.00
0	4	0.02	13.68	17.51	13.08	0.00
1	1	0.00	0.29	22.07	33.67	0.00
1	5	0.00	0.24	21.17	33.66	0.00
2	2	0.08	3.85	19.40	23.85	0.00
2	6	0.00	0.26	20.22	31.98	0.00
3	3	0.00	0.43	25.19	24.35	1.21
3	7	0.04	0.43	24.10	36.47	0.00
Core	CPU	C1%	C3%	C6%	C8%	C9%
-	-	0.09	3.83	20.92	23.09	0.31
0	0	0.00	12.36	19.42	8.60	1.40
0	4	0.01	3.44	22.58	26.44	0.13
1	1	0.37	7.72	19.59	16.00	0.00
1	5	0.16	2.22	20.59	36.70	0.00
2	2	0.20	3.36	20.29	18.74	0.00
2	6	0.00	0.24	20.59	20.06	0.00
3	3	0.00	0.97	21.08	27.89	0.91
3	7	0.00	0.34	23.18	30.32	0.00
Core	CPU	C1%	C3%	C6%	C8%	C9%
-	-	0.01	3.52	21.29	22.27	0.00
0	0	0.01	10.15	20.48	14.74	0.00
0	4	0.02	16.84	13.42	9.80	0.00
1	1	0.00	0.19	22.25	30.58	0.00
1	5	0.00	0.20	22.45	25.50	0.00
2	2	0.00	0.18	24.10	23.03	0.00
2	6	0.00	0.20	21.84	20.15	0.00
3	3	0.00	0.15	22.98	28.80	0.00
3	7	0.00	0.27	22.83	25.59	0.00
Core	CPU	C1%	C3%	C6%	C8%	C9%
-	-	0.03	3.21	16.10	17.72	0.00
0	0	0.01	4.61	19.22	9.82	0.00
0	4	0.11	15.82	8.72	6.10	0.00
1	1	0.00	0.08	18.04	23.75	0.00
1	5	0.00	0.11	15.05	25.20	0.00
2	2	0.00	0.17	18.01	21.32	0.00
2	6	0.00	0.17	17.90	23.32	0.00
3	3	0.08	1.97	14.42	17.39	0.00
3	7	0.00	2.76	17.46	14.90	0.00
Core	CPU	C1%	C3%	C6%	C8%	C9%
-	-	0.08	3.37	21.70	22.01	0.00
0	0	0.02	7.77	23.87	14.79	0.00
0	4	0.01	5.89	19.27	17.63	0.00
1	1	0.01	3.15	21.08	20.80	0.00
1	5	0.62	9.40	16.43	13.59	0.00
2	2	0.00	0.19	24.71	32.78	0.00
2	6	0.00	0.20	21.19	28.20	0.00
3	3	0.00	0.12	22.01	24.42	0.00
3	7	0.01	0.27	25.07	23.86	0.00
Core	CPU	C1%	C3%	C6%	C8%	C9%
-	-	0.02	3.60	20.79	24.36	0.03
0	0	0.14	21.57	13.69	2.57	0.01
0	4	0.01	5.30	20.69	23.35	0.00
1	1	0.00	0.31	22.04	27.30	0.00
1	5	0.00	0.30	21.56	37.01	0.00
2	2	0.00	0.29	21.95	21.05	0.00
2	6	0.00	0.29	22.46	28.25	0.05
3	3	0.00	0.34	20.19	27.73	0.21
3	7	0.00	0.48	24.05	28.04	0.00
Core	CPU	C1%	C3%	C6%	C8%	C9%
-	-	0.06	3.72	21.97	22.67	0.02
0	0	0.00	21.74	13.57	4.56	0.00
0	4	0.00	5.31	19.36	25.11	0.00
1	1	0.10	0.22	23.37	25.18	0.00
1	5	0.10	0.21	24.58	22.52	0.00
2	2	0.10	0.25	22.08	26.82	0.00
2	6	0.12	0.14	22.82	25.96	0.00
3	3	0.00	0.24	23.72	22.99	0.19
3	7	0.01	1.56	25.86	27.88	0.00
Core	CPU	C1%	C3%	C6%	C8%	C9%
-	-	0.02	3.90	21.96	24.23	0.00
0	0	0.01	20.01	16.80	3.06	0.00
0	4	0.01	7.06	22.55	19.09	0.00
1	1	0.01	0.10	21.54	32.24	0.00
1	5	0.01	0.11	24.31	32.91	0.00
2	2	0.08	2.35	22.76	36.07	0.00
2	6	0.06	1.16	22.06	23.97	0.00
3	3	0.00	0.13	22.19	24.31	0.00
3	7	0.00	0.27	23.46	22.22	0.00
Core	CPU	C1%	C3%	C6%	C8%	C9%
-	-	0.12	2.61	14.68	15.44	0.64
0	0	0.02	1.81	17.91	9.30	4.00
0	4	0.00	0.09	15.64	31.46	0.00
1	1	0.10	0.11	15.04	13.84	0.00
1	5	0.08	1.08	12.77	16.54	0.00
2	2	0.44	11.02	9.54	6.94	1.11
2	6	0.35	6.49	13.29	12.04	0.00
3	3	0.00	0.10	16.77	16.85	0.00
3	7	0.00	0.17	16.52	16.53	0.00
Core	CPU	C1%	C3%	C6%	C8%	C9%
-	-	0.11	3.51	20.93	21.41	0.16
0	0	0.10	0.28	26.92	16.02	0.00
0	4	0.00	0.19	22.85	27.12	0.00
1	1	0.34	17.26	11.81	9.37	0.00
1	5	0.44	9.32	19.48	13.48	0.00
2	2	0.01	0.22	20.48	37.61	0.00
2	6	0.00	0.20	18.41	21.26	0.00
3	3	0.00	0.24	24.79	24.82	0.00
3	7	0.01	0.34	22.71	21.58	1.26
Core	CPU	C1%	C3%	C6%	C8%	C9%
-	-	0.14	3.48	21.66	22.23	0.35
0	0	0.00	0.28	27.28	19.39	2.79
0	4	0.00	0.10	22.46	33.71	0.00
1	1	0.84	16.95	14.29	8.19	0.00
1	5	0.29	9.66	17.02	17.03	0.00
2	2	0.00	0.14	21.19	24.17	0.00
2	6	0.00	0.15	22.55	24.98	0.00
3	3	0.00	0.21	24.37	28.41	0.00
3	7	0.01	0.39	24.17	21.96	0.02
Core	CPU	C1%	C3%	C6%	C8%	C9%
-	-	0.08	3.65	22.54	21.56	0.16
0	0	0.00	10.77	21.34	5.76	0.00
0	4	0.00	1.51	25.09	33.91	0.00
1	1	0.43	13.20	17.19	10.73	0.00
1	5	0.14	1.42	23.31	21.88	0.00
2	2	0.00	0.31	23.88	20.14	0.00
2	6	0.00	0.22	21.23	30.45	0.00
3	3	0.01	0.27	22.81	24.14	1.29
3	7	0.03	1.49	25.48	25.44	0.00
Core	CPU	C1%	C3%	C6%	C8%	C9%
-	-	0.07	3.58	21.27	23.56	0.00
0	0	0.00	14.58	16.42	9.63	0.00
0	4	0.01	0.10	23.15	31.17	0.00
1	1	0.08	1.14	21.62	29.56	0.00
1	5	0.00	0.08	20.55	29.16	0.00
2	2	0.25	6.82	20.01	17.06	0.00
2	6	0.18	5.48	21.09	22.24	0.00
3	3	0.00	0.12	23.91	25.25	0.00
3	7	0.04	0.32	23.44	24.45	0.00
Core	CPU	C1%	C3%	C6%	C8%	C9%
-	-	0.05	2.58	15.39	17.17	0.50
0	0	0.00	3.64	16.85	11.07	0.00
0	4	0.00	0.15	14.80	27.45	0.00
1	1	0.42	15.31	6.76	2.01	2.19
1	5	0.01	0.73	18.42	17.14	0.47
2	2	0.00	0.15	16.27	23.35	0.00
2	6	0.00	0.20	16.48	24.40	0.00
3	3	0.00	0.14	16.55	14.39	0.00
3	7	0.00	0.35	17.01	17.55	1.34
Core	CPU	C1%	C3%	C6%	C8%	C9%
-	-	0.04	3.74	20.68	22.99	0.00
0	0	0.01	6.83	22.87	10.99	0.00
0	4	0.00	9.88	18.41	16.83	0.00
1	1	0.08	1.71	18.36	28.97	0.00
1	5	0.00	0.18	20.62	41.63	0.00
2	2	0.24	9.09	17.27	14.28	0.00
2	6	0.00	0.16	20.74	22.25	0.00
3	3	0.00	0.17	22.20	26.19	0.00
3	7	0.00	1.93	24.99	22.80	0.00
Core	CPU	C1%	C3%	C6%	C8%	C9%
-	-	0.13	3.38	21.63	22.23	0.00
0	0	0.01	0.16	26.29	20.28	0.00
0	4	0.00	0.11	21.98	22.44	0.00
1	1	0.74	21.41	11.61	6.02	0.00
1	5	0.30	4.91	21.87	17.74	0.00
2	2	0.01	0.14	24.15	43.94	0.00
2	6	0.00	0.10	22.02	25.33	0.00
3	3	0.01	0.11	23.50	22.32	0.00
3	7	0.01	0.10	21.63	19.77	0.00
Core	CPU	C1%	C3%	C6%	C8%	C9%
-	-	0.06	3.79	21.49	22.98	0.00
0	0	0.14	19.18	15.61	6.67	0.00
0	4	0.13	3.70	23.70	26.21	0.00
1	1	0.10	1.45	23.86	26.81	0.00
1	5	0.10	0.18	22.47	20.53	0.00
2	2	0.01	5.28	19.89	30.80	0.00
2	6	0.00	0.11	22.04	21.97	0.00
3	3	0.00	0.18	24.43	29.42	0.00
3	7	0.00	0.23	19.93	21.41	0.00
Core	CPU	C1%	C3%	C6%	C8%	C9%
-	-	0.10	3.70	20.56	21.24	0.27
0	0	0.02	5.83	22.48	25.64	0.00
0	4	0.10	1.44	23.46	27.75	0.00
1	1	0.00	0.19	21.43	26.04	0.00
1	5	0.00	0.12	19.15	18.96	0.00
2	2	0.55	19.19	11.30	6.40	0.13
2	6	0.12	2.32	21.82	20.48	0.96
3	3	0.00	0.25	21.87	23.45	1.11
3	7	0.01	0.30	22.92	21.20	0.00
Core	CPU	C1%	C3%	C6%	C8%	C9%
-	-	0.01	2.96	17.16	17.44	0.00
0	0	0.03	17.54	8.86	2.39	0.00
0	4	0.02	4.55	15.18	14.46	0.00
1	1	0.00	0.73	19.45	18.73	0.00
1	5	0.00	0.19	19.97	16.67	0.00
2	2	0.00	0.17	19.02	23.18	0.00
2	6	0.00	0.17	18.25	32.51	0.00
3	3	0.00	0.22	20.06	15.94	0.00
3	7	0.00	0.10	16.51	15.64	0.00
Core	CPU	C1%	C3%	C6%	C8%	C9%
-	-	0.04	3.73	21.41	22.26	0.00
0	0	0.01	13.81	20.35	6.55	0.00
0	4	0.16	9.60	18.49	17.75	0.00
1	1	0.00	0.19	22.39	24.77	0.00
1	5	0.10	0.18	21.68	31.26	0.00
2	2	0.07	3.13	18.38	16.63	0.00
2	6	0.00	0.15	22.62	26.62	0.00
3	3	0.00	0.20	22.93	28.67	0.00
3	7	0.00	2.58	24.43	25.87	0.00
Core	CPU	C1%	C3%	C6%	C8%	C9%
-	-	0.11	3.57	21.64	24.19	0.03
0	0	0.03	7.63	21.38	27.82	0.00
0	4	0.00	0.33	22.61	22.43	0.00
1	1	0.23	10.42	17.52	20.70	0.00
1	5	0.32	4.67	19.50	19.55	0.00
2	2	0.15	4.71	20.76	18.84	0.00
2	6	0.10	0.23	22.79	27.40	0.00
3	3	0.04	0.24	23.29	24.82	0.24
3	7	0.00	0.32	25.23	31.93	0.00
Core	CPU	C1%	C3%	C6%	C8%	C9%
-	-	0.08	3.54	21.47	23.55	0.28
0	0	0.01	12.33	18.77	9.34	1.39
0	4	0.00	1.21	21.02	33.51	0.12
1	1	0.15	1.36	22.12	28.58	0.00
1	5	0.00	0.14	21.67	34.64	0.00
2	2	0.27	6.91	20.38	17.04	0.00
2	6	0.21	3.46	19.83	19.67	0.00
3	3	0.00	1.57	23.63	20.14	0.73
3	7	0.00	1.32	24.35	25.53	0.00
Core	CPU	C1%	C3%	C6%	C8%	C9%
-	-	0.08	3.61	20.72	23.35	0.01
0	0	0.00	0.27	27.24	16.69	0.10
0	4	0.10	0.17	22.88	22.59	0.00
1	1	0.00	0.19	21.69	21.44	0.00
1	5	0.00	0.23	20.23	24.90	0.00
2	2	0.00	0.22	22.25	35.39	0.00
2	6	0.00	0.17	21.51	35.00	0.00
3	3	0.56	24.89	7.49	1.28	0.00
3	7	0.01	2.71	22.50	29.46	0.00
Core	CPU	C1%	C3%	C6%	C8%	C9%
-	-	0.07	2.08	13.23	15.34	0.17
0	0	0.00	0.74	16.88	9.44	0.00
0	4	0.00	0.06	13.96	14.30	0.00
1	1	0.00	0.90	11.96	17.78	0.00
1	5	0.00	0.08	15.61	19.16	0.00
2	2	0.00	0.10	13.93	24.25	0.00
2	6	0.00	0.06	12.00	14.33	0.00
3	3	0.53	12.82	6.04	4.41	0.00
3	7	0.06	1.90	15.52	19.08	1.39
Core	CPU	C1%	C3%	C6%	C8%	C9%
-	-	0.28	3.22	20.65	19.21	0.00
0	0	0.00	0.32	27.49	35.06	0.00
0	4	0.00	0.18	23.64	10.82	0.00
1	1	1.34	13.60	14.31	11.03	0.00
1	5	0.74	10.54	13.00	12.42	0.00
2	2	0.14	0.35	22.67	26.69	0.00
2	6	0.00	0.25	19.45	18.18	0.00
3	3	0.00	0.24	23.00	21.43	0.00
3	7	0.00	0.26	21.66	18.06	0.00
Core	CPU	C1%	C3%	C6%	C8%	C9%
-	-	0.12	3.82	22.32	21.93	0.00
0	0	0.01	2.12	29.10	12.04	0.03
0	4	0.20	12.48	15.06	12.44	0.00
1	1	0.00	0.22	22.12	35.62	0.00
1	5	0.69	14.06	13.07	11.10	0.00
2	2	0.00	0.21	25.72	25.70	0.00
2	6	0.00	1.04	22.89	21.54	0.00
3	3	0.03	0.21	25.65	34.52	0.00
3	7	0.01	0.19	25.00	22.49	0.00
Core	CPU	C1%	C3%	C6%	C8%	C9%
-	-	0.06	3.67	21.56	25.02	0.01
0	0	0.01	5.02	26.85	15.60	0.00
0	4	0.21	22.98	7.37	3.14	0.00
1	1	0.00	0.20	22.15	50.60	0.01
1	5	0.08	0.19	19.77	25.95	0.00
2	2	0.00	0.27	23.94	27.59	0.00
2	6	0.00	0.24	24.50	28.18	0.05
3	3	0.00	0.22	22.75	24.69	0.00
3	7	0.14	0.23	25.02	24.32	0.00
Core	CPU	C1%	C3%	C6%	C8%	C9%
-	-	0.06	3.64	20.94	24.03	0.09
0	0	0.04	24.39	11.78	3.24	0.00
0	4	0.01	0.12	24.09	36.97	0.00
1	1	0.00	0.12	21.42	26.98	0.00
1	5	0.00	0.20	19.73	30.18	0.00
2	2	0.00	0.17	24.83	21.56	0.00
2	6	0.07	1.25	21.68	28.01	0.00
3	3	0.20	0.24	22.27	21.99	0.74
3	7	0.14	2.61	21.72	23.28	0.00
Core	CPU	C1%	C3%	C6%	C8%	C9%
-	-	0.00	2.63	16.18	17.37	0.00
0	0	0.01	18.85	6.55	0.00	0.00
0	4	0.00	0.37	18.02	17.26	0.00
1	1	0.00	0.16	17.55	19.67	0.00
1	5	0.00	0.17	17.06	35.37	0.00
2	2	0.00	0.12	16.32	18.81	0.00
2	6	0.00	0.17	18.21	16.04	0.00
3	3	0.00	0.97	17.66	16.95	0.00
3	7	0.00	0.20	18.06	14.83	0.01
Core	CPU	C1%	C3%	C6%	C8%	C9%
-	-	0.17	3.49	20.57	24.15	0.16
0	0	0.00	0.44	28.52	17.68	0.03
0	4	0.00	0.16	24.43	29.34	0.00
1	1	0.55	12.36	15.03	14.11	0.21
1	5	0.64	14.08	12.20	13.26	0.48
2	2	0.00	0.26	23.02	44.43	0.51
2	6	0.12	0.20	20.01	24.53	0.07
3	3	0.00	0.19	20.30	23.72	0.00
3	7	0.00	0.25	21.05	26.14	0.00
Core	CPU	C1%	C3%	C6%	C8%	C9%
-	-	0.10	3.45	19.77	23.69	0.04
0	0	0.19	13.89	16.18	16.86	0.00
0	4	0.00	0.17	22.01	26.52	0.00
1	1	0.00	0.18	22.10	34.42	0.00
1	5	0.57	11.38	15.37	25.31	0.12
2	2	0.00	0.08	20.78	24.46	0.00
2	6	0.00	0.12	19.76	20.17	0.12
3	3	0.00	0.17	21.12	21.45	0.00
3	7	0.01	1.60	20.85	20.31	0.12
Core	CPU	C1%	C3%	C6%	C8%	C9%
-	-	0.00	3.84	21.53	23.25	0.00
0	0	0.02	12.81	22.20	14.90	0.00
0	4	0.01	16.56	16.08	12.63	0.00
1	1	0.00	0.23	20.49	22.38	0.00
1	5	0.00	0.15	20.92	22.40	0.00
2	2	0.00	0.33	22.46	23.12	0.00
2	6	0.00	0.22	22.73	22.51	0.00
3	3	0.00	0.22	24.85	42.18	0.00
3	7	0.00	0.20	22.48	25.90	0.03
Core	CPU	C1%	C3%	C6%	C8%	C9%
-	-	0.16	3.65	20.72	23.36	0.07
0	0	0.01	0.22	26.96	17.91	0.00
0	4	0.31	5.53	17.89	19.76	0.04
1	1	0.00	0.21	21.50	20.07	0.00
1	5	0.01	0.15	21.09	22.63	0.00
2	2	0.62	18.73	11.35	8.84	0.00
2	6	0.29	3.97	22.45	32.62	0.52
3	3	0.01	0.15	21.57	31.39	0.00
3	7	0.01	0.24	22.99	33.66	0.00
Core	CPU	C1%	C3%	C6%	C8%	C9%
-	-	0.07	1.92	27.00	24.02	0.00
0	0	0.16	9.87	16.10	3.16	0.00
0	4	0.13	2.29	26.70	25.20	0.00
1	1	0.00	0.39	31.54	47.29	0.00
1	5	0.01	0.36	29.36	26.99	0.00
2	2	0.14	0.22	27.10	19.41	0.00
2	6	0.10	0.28	27.49	21.60	0.00
3	3	0.01	0.28	28.99	27.65	0.00
3	7	0.00	1.70	28.70	20.84	0.00
Core	CPU	C1%	C3%	C6%	C8%	C9%
-	-	0.08	3.76	20.91	22.96	0.01
0	0	0.00	5.93	22.73	18.11	0.00
0	4	0.00	0.23	22.41	23.11	0.00
1	1	0.32	11.91	16.58	22.35	0.00
1	5	0.00	0.18	22.87	20.13	0.00
2	2	0.19	4.62	20.78	21.88	0.02
2	6	0.00	0.25	20.27	34.92	0.05
3	3	0.14	4.41	18.08	23.77	0.00
3	7	0.00	2.54	23.52	19.38	0.00
Core	CPU	C1%	C3%	C6%	C8%	C9%
-	-	0.12	3.64	22.21	23.86	0.05
0	0	0.00	2.55	30.59	14.66	0.00
0	4	0.00	6.52	21.02	29.19	0.22
1	1	0.61	17.99	12.94	8.51	0.13
1	5	0.17	0.78	22.10	24.85	0.00
2	2	0.00	0.29	23.26	27.40	0.00
2	6	0.00	0.34	20.64	31.99	0.05
3	3	0.20	0.31	22.14	27.20	0.00
3	7	0.00	0.30	24.98	27.05	0.00
Core	CPU	C1%	C3%	C6%	C8%	C9%
-	-	0.14	3.42	21.16	21.99	0.18
0	0	0.01	0.32	26.42	41.61	1.39
0	4	0.00	0.16	24.66	24.81	0.00
1	1	0.00	0.21	23.15	21.78	0.00
1	5	1.01	20.95	8.76	3.28	0.00
2	2	0.00	0.16	23.51	20.30	0.00
2	6	0.00	0.10	21.67	20.49	0.06
3	3	0.11	4.21	20.25	21.69	0.00
3	7	0.00	1.31	21.18	22.25	0.00
Core	CPU	C1%	C3%	C6%	C8%	C9%
-	-	0.04	3.89	20.63	20.45	0.14
0	0	0.02	11.09	22.32	22.39	0.00
0	4	0.03	18.06	12.69	7.76	0.08
1	1	0.15	0.35	20.93	26.45	0.00
1	5	0.00	0.36	22.90	21.28	0.00
2	2	0.00	0.25	20.88	17.63	0.00
2	6	0.00	0.28	20.68	22.67	0.11
3	3	0.00	0.28	21.56	24.73	0.00
3	7	0.09	0.38	22.81	20.36	0.90
Core	CPU	C1%	C3%	C6%	C8%	C9%
-	-	0.00	2.90	14.89	17.40	0.01
0	0	0.01	18.70	8.00	1.08	0.00
0	4	0.00	3.47	15.43	14.40	0.00
1	1	0.00	0.15	16.53	20.89	0.00
1	5	0.00	0.16	17.99	30.20	0.00
2	2	0.00	0.19	13.63	16.44	0.00
2	6	0.00	0.10	14.70	20.02	0.00
3	3	0.00	0.20	16.10	17.58	0.00
3	7	0.01	0.19	16.74	18.59	0.08
Core	CPU	C1%	C3%	C6%	C8%	C9%
-	-	0.09	3.67	21.67	21.62	0.06
0	0	0.01	16.35	15.57	6.39	0.49
0	4	0.00	0.17	20.78	27.33	0.00
1	1	0.47	8.32	21.43	16.76	0.00
1	5	0.13	2.50	21.98	26.71	0.00
2	2	0.00	0.26	23.01	23.89	0.00
2	6	0.01	0.25	22.11	23.93	0.00
3	3	0.01	0.18	24.07	23.69	0.00
3	7	0.10	1.37	24.44	24.29	0.00
Core	CPU	C1%	C3%	C6%	C8%	C9%
-	-	0.05	3.80	22.12	23.68	0.12
0	0	0.02	22.94	15.82	2.39	0.00
0	4	0.00	4.70	23.46	21.99	0.00
1	1	0.14	0.27	24.89	38.17	0.00
1	5	0.00	0.20	22.40	25.67	0.00
2	2	0.24	0.54	22.67	18.19	0.00
2	6	0.00	0.25	20.91	22.15	0.95
3	3	0.00	0.17	23.54	32.46	0.00
3	7	0.00	1.37	23.36	28.49	0.00
Core	CPU	C1%	C3%	C6%	C8%	C9%
-	-	0.20	3.58	22.16	22.85	0.02
0	0	0.10	0.36	25.66	17.91	0.02
0	4	0.00	0.25	24.13	25.97	0.00
1	1	0.15	0.29	23.75	37.19	0.00
1	5	0.00	0.22	22.62	29.37	0.00
2	2	0.58	17.39	13.49	8.42	0.00
2	6	0.49	9.58	18.96	20.21	0.18
3	3	0.12	0.25	24.13	21.41	0.00
3	7	0.12	0.28	24.43	22.22	0.00
Core	CPU	C1%	C3%	C6%	C8%	C9%
-	-	0.15	3.73	21.17	24.17	0.01
0	0	0.01	4.65	27.61	28.11	0.00
0	4	0.03	0.17	22.61	24.72	0.00
1	1	0.00	0.15	19.76	26.11	0.00
1	5	0.00	0.16	20.29	22.61	0.00
2	2	1.16	23.03	7.89	4.30	0.00
2	6	0.00	0.16	22.37	34.57	0.07
3	3	0.00	0.26	24.76	28.78	0.00
3	7	0.00	1.25	24.05	24.19	0.00
Core	CPU	C1%	C3%	C6%	C8%	C9%
-	-	0.15	2.53	15.57	17.99	0.01
0	0	0.00	0.45	19.54	12.21	0.00
0	4	0.00	0.17	16.69	22.93	0.00
1	1	1.17	17.51	5.10	0.76	0.00
1	5	0.00	0.16	17.91	18.30	0.00
2	2	0.00	0.15	15.72	18.06	0.00
2	6	0.00	0.17	16.58	17.47	0.06
3	3	0.00	0.24	16.46	31.52	0.00
3	7	0.00	1.40	16.52	22.66	0.00
Core	CPU	C1%	C3%	C6%	C8%	C9%
-	-	0.11	3.68	21.27	22.35	0.04
0	0	0.00	9.02	21.83	8.86	0.29
0	4	0.00	1.97	22.63	24.45	0.00
1	1	0.08	1.42	24.12	22.00	0.00
1	5	0.66	15.98	12.03	9.84	0.00
2	2	0.00	0.27	24.42	42.55	0.00
2	6	0.00	0.24	22.90	23.35	0.00
3	3	0.00	0.24	20.51	20.57	0.00
3	7	0.15	0.29	21.69	27.20	0.00
Core	CPU	C1%	C3%	C6%	C8%	C9%
-	-	0.09	3.41	22.35	22.08	0.01
0	0	0.03	2.63	26.14	12.74	0.00
0	4	0.00	0.22	21.63	31.91	0.00
1	1	0.22	7.63	17.95	15.84	0.00
1	5	0.08	2.48	20.43	22.58	0.00
2	2	0.00	0.33	26.42	38.63	0.00
2	6	0.00	0.22	23.02	18.02	0.12
3	3	0.33	13.32	15.31	8.50	0.00
3	7	0.01	0.45	27.93	28.42	0.00
Core	CPU	C1%	C3%	C6%	C8%	C9%
-	-	0.15	3.44	22.32	20.50	0.00
0	0	0.01	0.22	28.92	22.82	0.00
0	4	0.00	0.15	24.24	20.02	0.00
1	1	0.00	0.19	24.05	26.77	0.00
1	5	0.09	0.19	22.64	18.31	0.00
2	2	0.98	22.85	7.96	3.94	0.00
2	6	0.07	3.58	21.88	24.80	0.00
3	3	0.00	0.17	25.57	24.23	0.00
3	7	0.00	0.17	23.36	23.20	0.00
Core	CPU	C1%	C3%	C6%	C8%	C9%
-	-	0.02	3.95	21.22	21.09	0.00
0	0	0.01	20.23	14.97	13.40	0.00
0	4	0.01	5.63	19.93	29.14	0.00
1	1	0.10	4.56	20.84	18.08	0.00
1	5	0.00	0.23	22.84	31.66	0.00
2	2	0.00	0.14	21.48	23.11	0.00
2	6	0.00	0.17	19.76	17.98	0.00
3	3	0.00	0.21	25.34	19.48	0.00
3	7	0.00	0.50	24.66	15.87	0.00
Core	CPU	C1%	C3%	C6%	C8%	C9%
-	-	0.09	2.56	16.38	16.75	0.06
0	0	0.01	0.14	21.45	17.93	0.00
0	4	0.00	0.13	15.82	18.33	0.00
1	1	0.36	12.43	13.60	7.50	0.50
1	5	0.36	7.12	14.23	11.11	0.00
2	2	0.00	0.13	15.47	24.90	0.00
2	6	0.00	0.08	16.68	19.24	0.00
3	3	0.00	0.07	15.80	16.87	0.00
3	7	0.00	0.37	17.94	18.01	0.00
Core	CPU	C1%	C3%	C6%	C8%	C9%
-	-	0.15	3.61	21.57	21.16	0.36
0	0	0.00	0.17	25.97	13.69	2.61
0	4	0.00	0.12	21.75	22.76	0.00
1	1	0.50	9.20	18.14	18.62	0.00
1	5	0.46	15.17	13.37	9.59	0.15
2	2	0.23	3.68	23.06	31.72	0.00
2	6	0.00	0.18	22.35	19.44	0.08
3	3	0.00	0.19	23.95	22.07	0.00
3	7	0.00	0.21	23.99	31.42	0.00
Core	CPU	C1%	C3%	C6%	C8%	C9%
-	-	0.08	3.41	21.61	24.63	0.08
0	0	0.03	9.26	21.46	10.55	0.00
0	4	0.01	1.24	23.31	23.43	0.00
1	1	0.07	0.29	21.76	28.25	0.00
1	5	0.00	0.14	21.94	48.75	0.00
2	2	0.01	0.95	23.21	24.85	0.00
2	6	0.01	0.17	21.38	26.76	0.00
3	3	0.48	14.93	14.72	10.64	0.00
3	7	0.00	0.32	25.06	23.77	0.63
Core	CPU	C1%	C3%	C6%	C8%	C9%
-	-	0.02	3.79	20.88	24.00	0.04
0	0	0.03	23.49	12.74	1.70	0.15
0	4	0.09	5.38	23.20	19.92	0.00
1	1	0.00	0.23	22.08	24.55	0.00
1	5	0.00	0.24	21.40	31.55	0.00
2	2	0.00	0.21	20.81	40.10	0.00
2	6	0.00	0.21	18.32	25.21	0.14
3	3	0.00	0.28	21.60	23.24	0.00
3	7	0.00	0.28	26.92	25.73	0.00
Core	CPU	C1%	C3%	C6%	C8%	C9%
-	-	0.07	3.79	21.10	24.82	0.02
0	0	0.01	18.31	16.45	6.60	0.00
0	4	0.18	4.98	20.14	19.57	0.00
1	1	0.11	0.14	21.14	30.35	0.00
1	5	0.01	0.11	21.22	32.69	0.00
2	2	0.00	0.16	20.33	41.52	0.00
2	6	0.00	0.11	23.39	25.45	0.16
3	3	0.20	6.17	21.67	18.89	0.00
3	7	0.01	0.36	24.50	23.46	0.00
Core	CPU	C1%	C3%	C6%	C8%	C9%
-	-	0.03	2.90	16.80	17.31	0.03
0	0	0.00	9.99	14.50	6.83	0.14
0	4	0.01	0.61	16.90	16.72	0.00
1	1	0.01	2.75	14.55	21.39	0.00
1	5	0.00	0.19	19.40	17.56	0.00
2	2	0.00	0.22	17.23	21.45	0.00
2	6	0.00	0.25	17.68	17.35	0.00
3	3	0.24	5.83	14.16	17.33	0.00
3	7	0.01	3.33	19.95	19.83	0.13
Core	CPU	C1%	C3%	C6%	C8%	C9%
-	-	0.15	3.63	22.08	21.49	0.00
0	0	0.00	0.35	30.23	12.36	0.00
0	4	0.08	2.28	23.86	15.43	0.00
1	1	0.00	0.92	23.82	22.84	0.00
1	5	0.00	0.12	21.04	35.04	0.00
2	2	0.12	2.35	21.26	28.34	0.00
2	6	0.26	4.18	19.66	22.50	0.00
3	3	0.74	18.41	13.11	14.10	0.00
3	7	0.01	0.40	23.71	21.28	0.00
Core	CPU	C1%	C3%	C6%	C8%	C9%
-	-	0.07	3.43	21.18	23.90	0.00
0	0	0.02	6.31	22.79	17.52	0.00
0	4	0.01	0.19	22.43	25.33	0.00
1	1	0.00	0.20	22.90	36.07	0.00
1	5	0.02	0.17	23.94	23.90	0.00
2	2	0.00	0.20	20.62	31.98	0.00
2	6	0.00	0.44	19.27	26.49	0.00
3	3	0.50	18.19	11.57	5.07	0.00
3	7	0.00	1.73	25.95	24.83	0.00
Core	CPU	C1%	C3%	C6%	C8%	C9%
-	-	0.05	3.62	22.12	23.60	0.00
0	0	0.01	4.23	27.14	18.53	0.00
0	4	0.03	14.07	13.79	9.68	0.00
1	1	0.00	0.32	24.07	22.63	0.00
1	5	0.00	0.26	22.02	25.66	0.00
2	2	0.00	0.25	24.47	41.08	0.00
2	6	0.00	0.19	22.22	29.20	0.00
3	3	0.35	8.13	18.73	17.43	0.00
3	7	0.00	1.49	24.49	24.61	0.00
Core	CPU	C1%	C3%	C6%	C8%	C9%
-	-	0.13	3.73	21.15	22.37	0.03
0	0	0.01	16.16	17.92	9.44	0.21
0	4	0.01	6.59	19.65	19.65	0.00
1	1	0.79	1.50	23.58	22.77	0.00
1	5	0.19	4.17	19.38	16.60	0.00
2	2	0.00	0.41	22.86	28.95	0.00
2	6	0.00	0.31	21.53	25.12	0.00
3	3	0.00	0.33	22.18	28.65	0.00
3	7	0.00	0.39	22.14	27.78	0.03
Core	CPU	C1%	C3%	C6%	C8%	C9%
-	-	0.17	2.71	17.58	16.34	0.37
0	0	0.00	7.53	18.25	8.32	1.11
0	4	0.02	4.84	13.72	19.57	0.00
1	1	0.31	8.50	16.00	8.98	1.11
1	5	0.20	0.13	18.62	16.84	0.00
2	2	0.79	0.13	17.86	15.35	0.00
2	6	0.00	0.20	18.33	20.15	0.00
3	3	0.00	0.15	18.57	19.36	0.00
3	7	0.00	0.18	19.29	22.12	0.75
Core	CPU	C1%	C3%	C6%	C8%	C9%
-	-	0.09	3.46	22.46	21.54	0.33
0	0	0.01	7.93	24.18	17.75	0.91
0	4	0.01	3.17	22.49	18.28	0.00
1	1	0.16	6.05	18.78	20.35	0.00
1	5	0.00	0.26	26.49	23.74	0.00
2	2	0.14	2.06	23.24	24.42	0.47
2	6	0.42	7.88	17.84	18.08	0.00
3	3	0.00	0.16	22.48	24.13	1.26
3	7	0.01	0.20	24.18	25.58	0.00
Core	CPU	C1%	C3%	C6%	C8%	C9%
-	-	0.10	3.40	23.60	22.97	0.05
0	0	0.01	7.49	27.19	12.30	0.28
0	4	0.01	1.46	22.64	25.76	0.00
1	1	0.08	1.37	23.57	23.31	0.00
1	5	0.00	0.13	23.81	37.20	0.00
2	2	0.56	12.05	17.12	16.94	0.00
2	6	0.16	3.37	25.73	22.22	0.06
3	3	0.01	0.12	25.20	26.03	0.00
3	7	0.00	1.19	23.53	19.97	0.02
Core	CPU	C1%	C3%	C6%	C8%	C9%
-	-	0.04	3.48	21.25	23.01	0.03
0	0	0.12	18.51	16.00	3.58	0.16
0	4	0.21	7.09	21.25	20.22	0.00
1	1	0.00	0.21	22.78	34.19	0.00
1	5	0.00	0.16	20.82	19.16	0.00
2	2	0.00	0.26	23.59	38.94	0.00
2	6	0.01	0.16	21.03	19.19	0.12
3	3	0.00	0.19	22.53	22.27	0.00
3	7	0.01	1.29	21.96	26.54	0.00
Core	CPU	C1%	C3%	C6%	C8%	C9%
-	-	0.05	3.66	20.99	22.96	0.19
0	0	0.02	15.30	17.77	4.23	0.00
0	4	0.01	3.46	23.11	23.42	0.00
1	1	0.00	0.08	21.94	29.70	1.41
1	5	0.00	0.07	19.80	30.98	0.00
2	2	0.19	4.42	19.80	22.43	0.00
2	6	0.14	4.73	21.58	19.21	0.00
3	3	0.00	0.09	22.07	30.31	0.00
3	7	0.01	1.13	21.82	23.36	0.13
Core	CPU	C1%	C3%	C6%	C8%	C9%
-	-	0.09	1.78	26.66	24.84	0.31
0	0	0.00	3.38	27.68	12.83	2.41
0	4	0.00	1.20	25.23	30.57	0.00
1	1	0.00	0.26	28.35	37.90	0.00
1	5	0.00	0.17	26.14	29.41	0.00
2	2	0.20	3.57	25.71	25.31	0.00
2	6	0.02	1.23	29.23	27.87	0.05
3	3	0.45	3.79	21.14	14.81	0.00
3	7	0.05	0.60	29.76	19.97	0.00
Core	CPU	C1%	C3%	C6%	C8%	C9%
-	-	0.08	3.73	21.87	22.71	0.01
0	0	0.00	1.86	27.53	20.72	0.00
0	4	0.01	4.06	23.86	13.32	0.00
1	1	0.00	0.23	21.30	23.94	0.00
1	5	0.00	0.20	19.22	34.48	0.00
2	2	0.58	21.84	10.27	7.67	0.00
2	6	0.01	0.24	23.71	29.99	0.05
3	3	0.00	1.01	23.74	22.87	0.00
3	7	0.00	0.43	25.32	28.67	0.00
Core	CPU	C1%	C3%	C6%	C8%	C9%
-	-	0.01	3.80	21.31	22.63	0.04
0	0	0.01	13.89	18.24	8.66	0.00
0	4	0.04	11.65	16.73	18.52	0.05
1	1	0.00	0.25	24.05	24.16	0.00
1	5	0.00	0.19	22.87	29.91	0.00
2	2	0.00	2.67	22.16	30.61	0.00
2	6	0.01	1.28	21.31	22.77	0.00
3	3	0.00	0.25	23.50	27.56	0.00
3	7	0.00	0.24	21.64	18.82	0.27
Core	CPU	C1%	C3%	C6%	C8%	C9%
-	-	0.02	3.63	21.90	23.15	0.00
0	0	0.02	8.58	22.11	7.20	0.00
0	4	0.11	19.20	13.38	10.77	0.00
1	1	0.01	0.27	23.22	29.67	0.00
1	5	0.00	0.17	21.54	24.89	0.00
2	2	0.00	0.21	24.83	31.11	0.00
2	6	0.01	0.13	22.18	26.99	0.00
3	3	0.01	0.26	24.15	26.47	0.00
3	7	0.01	0.22	23.79	28.10	0.00
Core	CPU	C1%	C3%	C6%	C8%	C9%
-	-	0.03	3.75	21.10	22.60	0.00
0	0	0.11	19.87	12.88	3.74	0.00
0	4	0.11	8.77	19.54	18.54	0.00
1	1	0.00	0.26	24.53	30.53	0.00
1	5	0.00	0.18	21.58	22.12	0.00
2	2	0.00	0.21	21.32	19.70	0.00
2	6	0.00	0.22	20.37	20.87	0.00
3	3	0.04	0.24	25.41	37.15	0.00
3	7	0.01	0.22	23.15	28.12	0.00
Core	CPU	C1%	C3%	C6%	C8%	C9%
-	-	0.13	3.11	15.92	16.77	0.76
0	0	0.00	4.44	18.24	7.47	0.00
0	4	0.33	9.46	14.75	10.82	0.00
1	1	0.70	10.09	11.85	14.75	3.10
1	5	0.00	0.10	17.27	18.71	0.00
2	2	0.00	0.21	15.14	19.35	0.00
2	6	0.00	0.13	17.04	18.92	0.00
3	3	0.00	0.11	15.28	17.52	0.00
3	7	0.00	0.35	17.81	26.60	2.95
Core	CPU	C1%	C3%	C6%	C8%	C9%
-	-	0.14	3.48	21.39	22.97	0.01
0	0	0.01	0.31	27.98	29.26	0.00
0	4	0.00	0.16	22.20	27.12	0.00
1	1	0.60	14.53	14.54	13.27	0.00
1	5	0.44	12.17	16.80	12.95	0.04
2	2	0.00	0.23	23.18	27.15	0.00
2	6	0.00	0.16	21.28	21.84	0.07
3	3	0.00	0.17	21.96	24.21	0.00
3	7	0.02	0.17	23.39	28.23	0.00
Core	CPU	C1%	C3%	C6%	C8%	C9%
-	-	0.12	3.50	21.58	23.73	0.00
0	0	0.00	0.32	26.28	23.17	0.00
0	4	0.00	0.24	24.03	24.82	0.00
1	1	0.52	9.58	19.36	13.02	0.00
1	5	0.00	0.22	23.17	30.08	0.00
2	2	0.00	0.28	23.43	41.40	0.00
2	6	0.00	0.23	22.12	23.71	0.00
3	3	0.44	16.92	10.95	8.91	0.00
3	7	0.00	0.20	23.01	24.52	0.00
Core	CPU	C1%	C3%	C6%	C8%	C9%
-	-	0.03	3.45	23.30	25.62	0.01
0	0	0.10	16.86	20.52	7.18	0.00
0	4	0.01	3.31	25.62	27.91	0.00
1	1	0.00	1.41	22.48	26.41	0.00
1	5	0.00	0.23	24.36	34.15	0.00
2	2	0.00	1.80	21.55	30.99	0.00
2	6	0.00	0.18	24.40	28.97	0.06
3	3	0.09	2.40	22.70	20.63	0.00
3	7	0.00	1.42	24.74	28.74	0.00
Core	CPU	C1%	C3%	C6%	C8%	C9%
-	-	0.21	3.61	22.12	22.42	0.16
0	0	0.10	0.37	28.40	28.55	0.01
0	4	0.00	0.18	23.79	18.45	0.00
1	1	0.20	0.22	22.38	31.30	1.18
1	5	0.00	0.13	22.34	23.10	0.00
2	2	1.12	21.15	11.58	7.28	0.00
2	6	0.06	3.33	21.63	21.11	0.00
3	3	0.09	2.38	23.00	22.23	0.00
3	7	0.11	1.14	24.13	27.61	0.12
Core	CPU	C1%	C3%	C6%	C8%	C9%
-	-	0.08	2.98	15.37	16.77	0.21
0	0	0.00	6.48	14.72	17.89	0.00
0	4	0.00	0.12	17.49	16.58	0.00
1	1	0.01	0.11	16.20	21.47	0.00
1	5	0.01	0.10	17.51	15.86	0.00
2	2	0.63	16.67	7.28	6.15	1.71
2	6	0.00	0.16	16.84	17.74	0.00
3	3	0.00	0.08	16.37	17.13	0.00
3	7	0.00	0.10	16.40	21.22	0.00
Core	CPU	C1%	C3%	C6%	C8%	C9%
-	-	0.17	4.05	20.72	23.07	0.14
0	0	0.00	2.28	26.12	41.28	0.00
0	4	0.00	0.23	21.04	18.25	0.00
1	1	0.38	10.09	15.42	16.42	0.00
1	5	0.07	2.29	22.09	24.85	0.00
2	2	0.61	10.14	17.48	16.69	1.10
2	6	0.29	4.81	17.05	16.89	0.00
3	3	0.00	0.37	22.61	23.42	0.00
3	7	0.00	2.26	24.15	26.98	0.00
Core	CPU	C1%	C3%	C6%	C8%	C9%
-	-	0.06	3.66	21.67	23.53	0.01
0	0	0.02	12.66	22.74	6.91	0.00
0	4	0.02	5.32	18.99	19.66	0.00
1	1	0.00	0.12	20.96	23.50	0.00
1	5	0.19	4.09	19.49	20.57	0.00
2	2	0.14	0.18	23.03	29.01	0.00
2	6	0.14	0.12	23.64	34.13	0.00
3	3	0.00	4.27	20.37	27.07	0.07
3	7	0.00	2.42	23.85	27.21	0.00
Core	CPU	C1%	C3%	C6%	C8%	C9%
-	-	0.19	3.34	21.51	24.72	0.00
0	0	0.02	7.61	23.58	21.44	0.00
0	4	0.09	6.18	21.63	16.97	0.00
1	1	0.57	11.99	13.54	12.21	0.00
1	5	0.00	0.17	20.58	23.79	0.00
2	2	0.79	0.26	21.89	30.41	0.00
2	6	0.00	0.16	25.39	26.65	0.00
3	3	0.01	0.20	23.32	41.70	0.00
3	7	0.00	0.16	22.19	24.63	0.00
Core	CPU	C1%	C3%	C6%	C8%	C9%
-	-	0.13	3.73	20.96	22.03	0.08
0	0	0.01	2.76	25.63	17.21	0.00
0	4	0.00	1.26	24.77	24.69	0.00
1	1	0.20	3.55	20.88	24.45	0.55
1	5	0.00	0.33	21.34	21.47	0.00
2	2	0.59	15.00	14.79	12.67	0.04
2	6	0.26	6.42	19.59	17.93	0.07
3	3	0.00	0.27	18.49	33.13	0.00
3	7	0.00	0.20	22.16	24.71	0.00
Core	CPU	C1%	C3%	C6%	C8%	C9%
-	-	0.04	2.83	14.14	17.28	0.00
0	0	0.09	16.84	8.65	5.69	0.00
0	4	0.00	0.12	16.40	21.09	0.00
1	1	0.23	4.77	13.55	20.90	0.00
1	5	0.00	0.16	12.75	17.56	0.00
2	2	0.00	0.23	16.21	17.56	0.00
2	6	0.00	0.22	15.25	16.86	0.00
3	3	0.00	0.22	15.43	18.64	0.00
3	7	0.00	0.21	15.04	20.10	0.00
Core	CPU	C1%	C3%	C6%	C8%	C9%
-	-	0.16	3.92	20.48	21.56	0.18
0	0	0.01	0.94	24.57	8.67	1.36
0	4	0.00	0.20	23.23	18.52	0.00
1	1	0.00	0.98	23.58	31.73	0.00
1	5	1.21	26.61	5.24	0.28	0.04
2	2	0.00	0.23	20.83	40.20	0.00
2	6	0.00	0.24	21.55	23.23	0.00
3	3	0.01	0.26	22.11	30.07	0.00
3	7	0.00	1.92	22.40	19.54	0.00
Core	CPU	C1%	C3%	C6%	C8%	C9%
-	-	0.04	3.74	21.15	22.27	0.17
0	0	0.01	11.04	22.86	6.61	1.39
0	4	0.19	15.30	15.65	12.73	0.00
1	1	0.00	0.39	21.08	27.03	0.00
1	5	0.08	1.18	21.81	19.51	0.00
2	2	0.00	0.27	22.02	31.07	0.00
2	6	0.00	0.18	20.10	22.30	0.00
3	3	0.01	0.26	23.77	37.80	0.00
3	7	0.01	1.34	21.96	21.10	0.00
Core	CPU	C1%	C3%	C6%	C8%	C9%
-	-	0.14	3.20	21.90	22.86	0.02
0	0	0.01	2.53	25.16	25.19	0.00
0	4	0.00	0.17	23.56	24.69	0.00
1	1	0.01	0.16	21.65	23.07	0.00
1	5	0.63	9.83	16.87	16.90	0.09
2	2	0.00	0.21	24.52	29.70	0.00
2	6	0.08	3.21	18.93	22.42	0.07
3	3	0.39	9.31	19.50	15.76	0.02
3	7	0.00	0.22	24.99	25.17	0.00
Core	CPU	C1%	C3%	C6%	C8%	C9%
-	-	0.05	3.78	21.58	22.69	0.00
0	0	0.03	17.75	17.06	7.44	0.00
0	4	0.00	4.66	21.48	35.83	0.00
1	1	0.00	0.36	22.08	21.20	0.00
1	5	0.00	0.32	22.82	19.09	0.00
2	2	0.08	1.26	24.33	20.07	0.00
2	6	0.29	3.19	19.81	23.25	0.00
3	3	0.00	1.62	21.40	28.97	0.00
3	7	0.00	1.19	23.97	26.00	0.00
Core	CPU	C1%	C3%	C6%	C8%	C9%
-	-	0.08	2.84	15.53	16.11	0.24
0	0	0.00	2.04	18.97	7.43	0.00
0	4	0.00	0.05	15.96	16.97	0.00
1	1	0.00	0.09	16.80	15.14	0.00
1	5	0.00	0.08	15.69	16.69	0.00
2	2	0.44	11.73	10.54	9.08	1.91
2	6	0.00	0.05	17.15	32.70	0.00
3	3	0.17	6.98	12.16	11.73	0.00
3	7	0.00	1.68	16.74	18.89	0.00
Core	CPU	C1%	C3%	C6%	C8%	C9%
-	-	0.08	3.46	21.58	23.93	0.00
0	0	0.01	0.27	28.50	18.14	0.00
0	4	0.12	20.01	12.28	6.81	0.00
1	1	0.00	0.17	22.95	31.85	0.00
1	5	0.40	6.00	17.22	27.38	0.00
2	2	0.10	0.12	26.47	30.38	0.00
2	6	0.00	0.15	25.43	24.93	0.00
3	3	0.01	0.88	21.30	32.43	0.00
3	7	0.01	0.09	18.62	19.60	0.00
Core	CPU	C1%	C3%	C6%	C8%	C9%
-	-	0.10	3.53	21.01	23.74	0.03
0	0	0.19	2.81	24.88	20.27	0.01
0	4	0.00	0.23	23.65	27.50	0.00
1	1	0.41	13.57	13.08	13.76	0.22
1	5	0.19	9.37	16.65	18.68	0.00
2	2	0.00	0.38	24.61	23.71	0.00
2	6	0.00	0.24	22.20	31.60	0.00
3	3	0.00	0.21	21.05	31.16	0.00
3	7	0.00	1.37	21.82	23.15	0.00
Core	CPU	C1%	C3%	C6%	C8%	C9%
-	-	0.07	3.41	21.45	22.41	0.00
0	0	0.02	4.70	24.62	16.50	0.00
0	4	0.00	14.75	16.27	14.27	0.00
1	1	0.41	4.66	19.61	16.71	0.00
1	5	0.07	2.24	19.64	17.78	0.00
2	2	0.00	0.45	22.39	22.26	0.00
2	6	0.00	0.20	22.30	23.58	0.00
3	3	0.00	0.15	23.02	35.19	0.00
3	7	0.03	0.12	23.74	32.98	0.00
Core	CPU	C1%	C3%	C6%	C8%	C9%
-	-	0.07	3.64	21.38	23.70	0.10
0	0	0.02	12.61	20.29	11.47	0.00
0	4	0.00	1.84	20.79	25.69	0.00
1	1	0.17	7.37	18.91	19.28	0.81
1	5	0.33	6.51	18.68	29.25	0.00
2	2	0.00	0.24	23.85	27.05	0.00
2	6	0.00	0.17	21.83	29.75	0.00
3	3	0.00	0.17	22.89	21.84	0.00
3	7	0.00	0.24	23.88	25.35	0.00
Core	CPU	C1%	C3%	C6%	C8%	C9%
-	-	0.11	2.04	26.37	24.85	0.15
0	0	0.01	1.76	29.17	10.90	0.63
0	4	0.14	3.62	20.82	19.84	0.00
1	1	0.32	7.42	21.81	22.19	0.53
1	5	0.39	2.45	24.28	20.05	0.00
2	2	0.00	0.28	28.99	27.68	0.00
2	6	0.01	0.17	28.17	43.67	0.00
3	3	0.00	0.24	27.27	28.50	0.00
3	7	0.00	0.32	30.32	25.92	0.00
Core	CPU	C1%	C3%	C6%	C8%	C9%
-	-	0.06	3.54	22.42	24.56	0.01
0	0	0.03	10.97	25.05	15.59	0.00
0	4	0.01	3.69	24.13	25.11	0.00
1	1	0.40	11.82	18.29	18.70	0.00
1	5	0.00	0.08	19.28	33.04	0.00
2	2	0.00	0.13	25.00	24.37	0.00
2	6	0.08	0.34	23.37	30.98	0.11
3	3	0.00	0.04	22.00	25.70	0.00
3	7	0.00	1.27	22.28	23.02	0.00
Core	CPU	C1%	C3%	C6%	C8%	C9%
-	-	0.15	3.71	21.74	23.98	0.24
0	0	0.02	12.77	18.75	16.12	0.00
0	4	0.00	0.86	22.84	23.40	0.47
1	1	0.29	5.58	21.83	16.95	0.00
1	5	0.10	0.24	22.86	25.71	0.00
2	2	0.01	0.22	22.29	22.99	1.42
2	6	0.53	8.40	16.27	29.32	0.06
3	3	0.16	0.15	24.40	22.01	0.00
3	7	0.06	1.43	24.66	35.35	0.00
Core	CPU	C1%	C3%	C6%	C8%	C9%
-	-	0.08	3.60	22.16	24.34	0.29
0	0	0.01	19.62	15.42	4.09	0.13
0	4	0.01	0.34	24.23	29.32	0.00
1	1	0.00	0.23	24.36	22.90	0.81
1	5	0.00	0.24	22.53	21.06	0.00
2	2	0.07	1.82	22.15	32.68	1.41
2	6	0.53	6.14	18.65	23.37	0.00
3	3	0.00	0.22	24.73	34.24	0.00
3	7	0.00	0.21	25.18	27.02	0.00
Core	CPU	C1%	C3%	C6%	C8%	C9%
-	-	0.12	3.72	20.78	23.77	0.02
0	0	0.00	2.62	25.25	14.57	0.10
0	4	0.00	10.29	15.34	14.57	0.00
1	1	0.73	12.06	16.79	14.19	0.08
1	5	0.00	0.25	21.37	29.45	0.00
2	2	0.01	0.92	21.06	29.98	0.00
2	6	0.18	3.32	18.90	24.86	0.00
3	3	0.00	0.15	22.72	36.72	0.00
3	7	0.00	0.19	24.79	25.78	0.00
Core	CPU	C1%	C3%	C6%	C8%	C9%
-	-	0.03	2.08	16.14	17.47	0.85
0	0	0.02	7.61	14.60	6.39	0.00
0	4	0.00	3.49	14.10	15.30	6.78
1	1	0.10	3.26	15.47	13.38	0.00
1	5	0.00	0.85	16.31	20.96	0.00
2	2	0.09	1.16	16.89	22.29	0.00
2	6	0.01	0.06	16.94	15.39	0.00
3	3	0.00	0.10	17.19	20.28	0.00
3	7	0.00	0.13	17.62	25.77	0.00
Core	CPU	C1%	C3%	C6%	C8%	C9%
-	-	0.02	4.01	20.86	23.17	0.00
0	0	0.00	3.67	26.55	14.60	0.00
0	4	0.17	24.63	7.62	2.10	0.00
1	1	0.01	2.87	20.48	23.02	0.00
1	5	0.00	0.18	18.26	23.57	0.00
2	2	0.00	0.10	23.09	26.08	0.00
2	6	0.00	0.22	24.17	27.85	0.00
3	3	0.00	0.21	22.83	35.14	0.00
3	7	0.00	0.23	23.92	32.99	0.00
Core	CPU	C1%	C3%	C6%	C8%	C9%
-	-	0.01	3.66	20.53	24.66	0.00
0	0	0.00	0.45	27.86	20.76	0.00
0	4	0.05	27.78	6.41	0.00	0.00
1	1	0.00	0.19	22.65	41.13	0.00
1	5	0.00	0.18	21.00	25.59	0.00
2	2	0.00	0.18	22.79	33.14	0.00
2	6	0.00	0.19	22.20	25.39	0.00
3	3	0.00	0.19	22.16	24.78	0.00
3	7	0.00	0.13	19.23	26.51	0.00
Core	CPU	C1%	C3%	C6%	C8%	C9%
-	-	0.04	3.77	19.71	25.20	0.01
0	0	0.00	5.37	24.53	20.53	0.00
0	4	0.14	22.80	8.63	4.70	0.00
1	1	0.00	0.76	19.46	30.34	0.00
1	5	0.00	0.27	22.16	33.62	0.00
2	2	0.00	0.28	22.30	26.50	0.00
2	6	0.15	0.24	21.61	30.79	0.05
3	3	0.01	0.24	20.64	28.04	0.00
3	7	0.00	0.21	18.34	27.02	0.00
Core	CPU	C1%	C3%	C6%	C8%	C9%
-	-	0.09	3.79	20.60	22.91	0.15
0	0	0.01	0.86	24.60	19.31	0.00
0	4	0.12	12.63	14.02	26.13	0.00
1	1	0.39	7.82	19.24	17.80	0.00
1	5	0.09	4.99	17.61	19.15	0.02
2	2	0.08	3.51	22.91	23.90	0.00
2	6	0.00	0.17	23.00	29.30	0.07
3	3	0.00	0.16	20.17	23.67	1.12
3	7	0.00	0.21	23.30	24.06	0.00
Core	CPU	C1%	C3%	C6%	C8%	C9%
-	-	0.17	2.77	15.34	16.46	0.21
0	0	0.01	0.17	19.09	10.89	1.60
0	4	0.00	0.16	16.68	14.03	0.00
1	1	0.95	16.48	6.58	3.63	0.05
1	5	0.19	0.17	16.41	21.25	0.00
2	2	0.07	1.30	15.97	17.27	0.00
2	6	0.12	3.44	15.92	20.76	0.00
3	3	0.00	0.21	17.83	27.04	0.00
3	7	0.00	0.20	14.23	16.82	0.00
Core	CPU	C1%	C3%	C6%	C8%	C9%
-	-	0.08	3.45	20.11	23.95	0.11
0	0	0.00	16.58	15.69	5.55	0.01
0	4	0.16	0.29	21.93	35.54	0.00
1	1	0.43	9.67	14.10	16.07	0.00
1	5	0.00	0.17	21.64	35.50	0.00
2	2	0.00	0.25	21.97	30.56	0.91
2	6	0.00	0.24	22.87	25.91	0.00
3	3	0.00	0.17	20.10	20.84	0.00
3	7	0.01	0.21	22.55	21.60	0.00
Core	CPU	C1%	C3%	C6%	C8%	C9%
-	-	0.01	3.93	21.68	23.14	0.00
0	0	0.01	16.45	18.80	7.76	0.00
0	4	0.00	12.73	18.21	18.92	0.00
1	1	0.01	0.20	22.55	24.41	0.00
1	5	0.01	0.15	21.12	32.69	0.00
2	2	0.01	0.28	22.73	19.90	0.00
2	6	0.01	0.13	23.15	30.86	0.00
3	3	0.00	0.14	23.31	28.84	0.00
3	7	0.00	1.36	23.59	21.74	0.00
Core	CPU	C1%	C3%	C6%	C8%	C9%
-	-	0.08	3.48	21.28	22.42	0.02
0	0	0.01	2.97	23.35	11.89	0.00
0	4	0.01	7.57	18.88	13.48	0.13
1	1	0.00	0.18	20.93	22.11	0.00
1	5	0.00	0.99	21.26	23.99	0.00
2	2	0.19	4.21	23.18	18.04	0.00
2	6	0.44	10.81	16.79	27.28	0.00
3	3	0.00	0.18	22.99	31.04	0.00
3	7	0.00	0.96	22.83	31.52	0.00
Core	CPU	C1%	C3%	C6%	C8%	C9%
-	-	0.16	3.74	21.80	21.85	0.03
0	0	0.01	0.21	28.34	32.57	0.00
0	4	0.00	0.13	23.79	22.67	0.00
1	1	0.07	2.25	22.54	22.93	0.03
1	5	0.06	2.11	20.62	26.01	0.00
2	2	0.90	17.12	11.50	10.70	0.19
2	6	0.23	7.88	19.47	22.15	0.00
3	3	0.01	0.18	26.44	19.51	0.00
3	7	0.00	0.10	22.06	18.61	0.00
Core	CPU	C1%	C3%	C6%	C8%	C9%
-	-	0.15	2.06	25.73	23.20	0.01
0	0	0.01	2.50	29.49	12.32	0.00
0	4	0.00	0.10	26.07	22.37	0.00
1	1	0.58	2.84	19.56	12.61	0.00
1	5	0.32	3.30	20.11	15.75	0.00
2	2	0.01	0.25	28.08	37.44	0.00
2	6	0.26	5.90	23.27	23.87	0.06
3	3	0.00	0.26	29.72	28.43	0.00
3	7	0.01	1.32	29.22	32.52	0.00
Core	CPU	C1%	C3%	C6%	C8%	C9%
-	-	0.16	3.22	21.61	22.36	0.01
0	0	0.01	4.44	25.31	23.55	0.01
0	4	0.00	0.32	25.52	32.15	0.00
1	1	0.00	0.23	24.34	21.00	0.00
1	5	0.79	12.03	11.55	9.10	0.00
2	2	0.00	0.23	24.79	26.18	0.00
2	6	0.31	7.55	17.09	23.82	0.08
3	3	0.00	0.20	22.72	23.90	0.00
3	7	0.14	0.74	21.53	19.14	0.00
Core	CPU	C1%	C3%	C6%	C8%	C9%
-	-	0.13	3.39	20.65	24.80	0.00
0	0	0.01	3.27	24.37	15.19	0.01
0	4	0.00	0.04	22.41	23.65	0.00
1	1	0.00	0.13	20.47	25.98	0.00
1	5	0.41	11.30	15.19	25.54	0.00
2	2	0.14	4.51	20.95	24.76	0.00
2	6	0.50	7.28	15.52	31.93	0.02
3	3	0.00	0.24	22.97	25.69	0.00
3	7	0.00	0.39	23.36	25.70	0.00
Core	CPU	C1%	C3%	C6%	C8%	C9%
-	-	0.03	3.31	22.56	23.10	0.02
0	0	0.01	4.07	24.10	12.76	0.00
0	4	0.00	7.39	20.02	15.74	0.00
1	1	0.00	0.19	22.22	23.75	0.00
1	5	0.00	0.24	23.53	34.03	0.00
2	2	0.08	2.40	24.48	24.87	0.00
2	6	0.09	3.91	19.53	21.58	0.00
3	3	0.10	8.00	22.78	22.70	0.20
3	7	0.00	0.25	23.79	29.30	0.00
Core	CPU	C1%	C3%	C6%	C8%	C9%
-	-	0.08	3.91	21.31	22.62	0.00
0	0	0.10	1.43	26.72	26.24	0.00
0	4	0.00	11.56	16.71	14.91	0.00
1	1	0.08	4.67	18.85	20.76	0.00
1	5	0.15	3.43	20.68	20.13	0.00
2	2	0.26	9.27	17.79	18.00	0.00
2	6	0.00	0.22	24.21	22.91	0.00
3	3	0.01	0.12	23.09	35.35	0.00
3	7	0.05	0.55	22.40	22.67	0.00
Core	CPU	C1%	C3%	C6%	C8%	C9%
-	-	0.07	2.13	25.49	26.40	0.00
0	0	0.02	7.32	22.57	11.18	0.00
0	4	0.03	4.64	21.84	14.70	0.00
1	1	0.12	0.13	24.92	24.22	0.00
1	5	0.10	0.14	28.16	27.57	0.00
2	2	0.00	0.19	24.96	42.39	0.00
2	6	0.03	0.18	26.03	28.31	0.00
3	3	0.25	3.10	27.28	32.91	0.04
3	7	0.01	1.37	28.17	29.91	0.00
Core	CPU	C1%	C3%	C6%	C8%	C9%
-	-	0.04	3.19	21.49	24.34	0.35
0	0	0.01	10.62	17.46	9.27	0.00
0	4	0.27	14.13	16.05	11.33	0.12
1	1	0.03	0.15	23.00	26.24	0.00
1	5	0.00	0.13	23.82	25.60	1.43
2	2	0.00	0.15	22.91	35.10	0.00
2	6	0.00	0.10	21.32	32.61	0.00
3	3	0.00	0.14	22.64	25.01	1.28
3	7	0.00	0.11	24.69	29.52	0.00
Core	CPU	C1%	C3%	C6%	C8%	C9%
-	-	0.02	3.88	21.33	22.49	0.00
0	0	0.00	10.01	22.11	13.76	0.00
0	4	0.01	18.39	12.99	11.36	0.00
1	1	0.00	0.27	22.48	26.82	0.00
1	5	0.00	0.23	23.53	24.29	0.00
2	2	0.11	0.29	21.95	27.92	0.00
2	6	0.00	0.23	24.29	20.65	0.00
3	3	0.00	0.30	22.17	34.27	0.00
3	7	0.06	1.32	21.12	20.87	0.00
Core	CPU	C1%	C3%	C6%	C8%	C9%
-	-	0.04	3.41	20.41	23.95	0.26
0	0	0.01	18.93	13.23	9.28	0.47
0	4	0.00	0.14	20.68	22.24	0.00
1	1	0.00	0.16	22.40	22.73	1.41
1	5	0.00	0.07	20.50	23.45	0.00
2	2	0.15	4.15	20.21	17.99	0.13
2	6	0.15	3.49	21.62	43.28	0.10
3	3	0.00	0.20	22.20	25.25	0.00
3	7	0.00	0.16	22.42	27.39	0.00
Core	CPU	C1%	C3%	C6%	C8%	C9%
-	-	0.03	3.87	21.48	25.93	0.01
0	0	0.03	22.67	11.48	2.47	0.00
0	4	0.01	0.32	25.27	35.07	0.00
1	1	0.15	0.30	24.21	25.75	0.00
1	5	0.00	0.42	21.51	32.65	0.00
2	2	0.00	1.03	22.98	26.29	0.00
2	6	0.00	0.30	22.33	27.62	0.05
3	3	0.07	2.35	20.88	23.71	0.00
3	7	0.01	3.60	23.34	34.06	0.00
Core	CPU	C1%	C3%	C6%	C8%	C9%
-	-	0.05	2.80	15.70	16.37	0.42
0	0	0.01	0.20	20.63	13.18	3.22
0	4	0.00	0.08	16.82	26.94	0.00
1	1	0.00	0.11	16.77	15.61	0.00
1	5	0.00	0.13	16.62	22.91	0.00
2	2	0.00	0.86	16.00	19.56	0.00
2	6	0.00	0.11	17.69	14.61	0.16
3	3	0.41	20.87	4.35	0.00	0.00
3	7	0.01	0.05	16.61	18.02	0.00
Core	CPU	C1%	C3%	C6%	C8%	C9%
-	-	0.05	3.34	19.98	23.85	0.00
0	0	0.00	4.58	25.89	13.42	0.00
0	4	0.13	17.94	13.26	9.45	0.00
1	1	0.00	0.21	22.18	31.63	0.00
1	5	0.00	0.19	19.64	23.69	0.00
2	2	0.00	0.17	20.39	30.61	0.00
2	6	0.00	0.17	20.57	30.93	0.00
3	3	0.28	3.34	17.26	26.38	0.00
3	7	0.00	0.12	20.66	24.69	0.00
Core	CPU	C1%	C3%	C6%	C8%	C9%
-	-	0.05	3.93	21.90	22.66	0.06
0	0	0.03	21.00	15.01	9.52	0.47
0	4	0.01	6.64	21.97	17.71	0.00
1	1	0.00	0.41	23.87	44.63	0.00
1	5	0.00	0.36	22.20	23.04	0.00
2	2	0.13	1.01	25.53	21.76	0.00
2	6	0.12	0.23	20.62	18.54	0.00
3	3	0.00	0.36	22.81	22.56	0.00
3	7	0.13	1.48	23.20	23.50	0.00
Core	CPU	C1%	C3%	C6%	C8%	C9%
-	-	0.16	3.32	22.49	21.86	0.23
0	0	0.10	2.55	24.34	15.55	0.00
0	4	0.00	0.27	23.14	31.62	0.00
1	1	0.17	6.82	22.52	23.35	0.89
1	5	0.09	4.66	22.73	22.19	0.00
2	2	0.40	7.67	16.04	15.38	0.00
2	6	0.19	3.33	24.27	18.74	0.05
3	3	0.20	0.19	23.76	27.91	0.91
3	7	0.10	1.07	23.11	20.10	0.00
Core	CPU	C1%	C3%	C6%	C8%	C9%
-	-	0.12	2.95	17.61	21.24	0.00
0	0	0.81	15.97	13.64	3.80	0.00
0	4	0.12	6.60	18.35	15.43	0.00
1	1	0.00	0.16	17.10	24.06	0.00
1	5	0.00	0.19	16.93	21.63	0.00
2	2	0.00	0.24	18.57	27.94	0.00
2	6	0.00	0.11	18.44	19.29	0.00
3	3	0.00	0.12	17.97	23.30	0.00
3	7	0.00	0.17	19.89	34.48	0.00
Core	CPU	C1%	C3%	C6%	C8%	C9%
-	-	0.08	2.29	25.25	25.01	0.01
0	0	0.01	3.69	26.39	10.71	0.00
0	4	0.60	13.08	13.20	8.67	0.00
1	1	0.00	0.31	29.70	30.63	0.00
1	5	0.00	0.28	26.23	34.17	0.00
2	2	0.03	0.27	26.18	37.35	0.00
2	6	0.00	0.21	24.86	27.86	0.05
3	3	0.00	0.27	28.76	28.10	0.00
3	7	0.00	0.22	26.71	22.61	0.00
Core	CPU	C1%	C3%	C6%	C8%	C9%
-	-	0.11	3.31	22.23	23.60	0.16
0	0	0.01	0.20	29.29	15.23	0.00
0	4	0.69	24.38	5.08	0.77	0.00
1	1	0.01	0.31	24.49	31.24	0.00
1	5	0.14	0.25	21.87	34.26	0.00
2	2	0.00	0.36	23.66	22.44	1.31
2	6	0.00	0.33	24.85	28.28	0.00
3	3	0.01	0.32	23.08	23.39	0.00
3	7	0.01	0.36	25.51	33.20	0.00
Core	CPU	C1%	C3%	C6%	C8%	C9%
-	-	0.05	3.81	20.69	23.69	0.00
0	0	0.01	5.64	23.78	9.67	0.00
0	4	0.33	21.78	11.37	5.58	0.00
1	1	0.00	0.92	21.84	25.71	0.00
1	5	0.00	0.32	20.76	33.99	0.01
2	2	0.00	1.09	23.63	39.33	0.00
2	6	0.01	0.28	20.96	26.16	0.00
3	3	0.00	0.23	19.42	21.19	0.00
3	7	0.00	0.22	23.74	27.88	0.00
Core	CPU	C1%	C3%	C6%	C8%	C9%
-	-	0.06	3.55	21.16	24.40	0.18
0	0	0.02	14.86	17.33	8.76	0.00
0	4	0.02	8.79	19.24	17.85	0.00
1	1	0.25	3.00	17.23	30.79	0.14
1	5	0.00	0.22	23.25	22.52	1.16
2	2	0.00	0.13	22.83	40.39	0.00
2	6	0.00	0.98	21.03	23.80	0.11
3	3	0.20	0.20	24.95	25.33	0.00
3	7	0.00	0.21	23.43	25.73	0.00
Core	CPU	C1%	C3%	C6%	C8%	C9%
-	-	0.09	3.60	22.08	22.75	0.02
0	0	0.02	7.03	24.49	18.03	0.00
0	4	0.00	0.91	24.08	23.54	0.00
1	1	0.00	0.16	22.26	19.70	0.00
1	5	0.00	0.20	22.08	23.06	0.00
2	2	0.20	9.90	19.06	19.54	0.14
2	6	0.42	5.61	17.51	30.11	0.00
3	3	0.08	3.55	22.22	25.80	0.00
3	7	0.00	1.45	24.94	22.23	0.00
Core	CPU	C1%	C3%	C6%	C8%	C9%
-	-	0.13	2.25	24.99	25.26	0.02
0	0	0.02	2.75	29.02	18.05	0.00
0	4	0.00	1.88	29.03	21.15	0.00
1	1	0.00	0.33	25.87	35.39	0.00
1	5	0.00	0.28	24.10	24.06	0.00
2	2	0.18	1.17	23.78	33.19	0.00
2	6	0.75	10.73	17.99	15.60	0.17
3	3	0.09	0.58	25.07	28.97	0.00
3	7	0.00	0.26	25.09	25.70	0.00
Core	CPU	C1%	C3%	C6%	C8%	C9%
-	-	0.02	3.34	21.61	23.73	0.00
0	0	0.01	13.76	18.00	5.94	0.00
0	4	0.02	10.74	21.08	16.67	0.00
1	1	0.00	0.38	23.84	29.13	0.00
1	5	0.01	0.27	21.59	29.67	0.00
2	2	0.00	0.36	23.61	24.64	0.00
2	6	0.00	0.30	20.77	25.89	0.00
3	3	0.10	0.57	20.72	22.42	0.00
3	7	0.01	0.35	23.29	35.51	0.00
Core	CPU	C1%	C3%	C6%	C8%	C9%
-	-	0.01	3.83	21.32	22.43	0.00
0	0	0.01	7.91	22.69	7.89	0.00
0	4	0.02	19.37	13.75	8.63	0.00
1	1	0.00	1.04	22.56	29.42	0.00
1	5	0.01	0.15	21.75	29.16	0.00
2	2	0.01	0.20	23.33	25.93	0.00
2	6	0.01	0.15	22.06	26.39	0.00
3	3	0.01	0.26	22.48	27.50	0.01
3	7	0.01	1.59	21.96	24.52	0.00
Core	CPU	C1%	C3%	C6%	C8%	C9%
-	-	0.05	3.37	21.41	24.87	0.17
0	0	0.02	16.90	15.64	7.27	0.48
0	4	0.00	0.17	24.88	25.65	0.00
1	1	0.01	0.17	23.16	36.95	0.00
1	5	0.00	0.17	20.16	22.32	0.00
2	2	0.32	7.84	18.43	24.07	0.09
2	6	0.01	0.25	23.33	28.11	0.79
3	3	0.01	0.20	22.57	29.71	0.00
3	7	0.01	1.29	23.15	24.91	0.00
Core	CPU	C1%	C3%	C6%	C8%	C9%
-	-	0.03	3.92	20.02	25.38	0.00
0	0	0.02	24.32	12.71	2.84	0.00
0	4	0.00	1.31	23.58	34.21	0.00
1	1	0.24	3.15	18.93	20.82	0.00
1	5	0.00	0.28	20.08	43.94	0.00
2	2	0.00	0.22	20.99	22.83	0.00
2	6	0.00	0.28	19.62	25.29	0.00
3	3	0.00	0.21	21.11	28.31	0.00
3	7	0.00	1.57	23.16	24.80	0.00
Core	CPU	C1%	C3%	C6%	C8%	C9%
-	-	0.06	3.24	16.74	17.20	0.01
0	0	0.01	7.96	15.45	7.66	0.00
0	4	0.09	10.29	12.02	9.96	0.00
1	1	0.01	0.19	16.75	17.34	0.00
1	5	0.01	1.77	17.71	13.18	0.00
2	2	0.20	4.44	18.31	16.06	0.00
2	6	0.00	0.15	18.04	21.39	0.08
3	3	0.12	0.90	16.02	17.46	0.00
3	7	0.04	0.20	19.63	34.58	0.00
Core	CPU	C1%	C3%	C6%	C8%	C9%
-	-	0.14	3.33	20.47	23.66	0.20
0	0	0.00	1.47	23.22	12.64	1.08
0	4	0.00	0.18	20.55	33.42	0.00
1	1	0.01	0.13	22.27	21.57	0.00
1	5	0.00	0.12	20.77	25.85	0.00
2	2	0.68	16.83	12.94	7.71	0.48
2	6	0.42	6.29	19.29	21.21	0.00
3	3	0.00	0.19	20.54	32.11	0.00
3	7	0.01	1.44	24.19	34.79	0.00
Core	CPU	C1%	C3%	C6%	C8%	C9%
-	-	0.00	3.64	20.01	22.96	0.00
0	0	0.01	5.37	24.14	13.13	0.00
0	4	0.01	22.07	10.79	8.52	0.00
1	1	0.00	0.13	19.88	18.81	0.00
1	5	0.00	0.07	19.62	31.75	0.00
2	2	0.00	0.11	21.38	21.99	0.00
2	6	0.00	0.06	20.06	33.85	0.00
3	3	0.01	0.08	23.03	30.41	0.00
3	7	0.00	1.26	21.17	25.18	0.00
Core	CPU	C1%	C3%	C6%	C8%	C9%
-	-	0.15	3.67	20.81	24.30	0.01
0	0	0.00	1.56	25.30	16.16	0.00
0	4	0.00	0.26	23.84	35.06	0.00
1	1	0.94	21.36	8.24	5.86	0.00
1	5	0.21	4.57	20.18	21.84	0.00
2	2	0.06	0.18	22.81	22.22	0.00
2	6	0.01	0.20	20.59	35.38	0.05
3	3	0.00	0.95	21.78	23.93	0.00
3	7	0.01	0.27	23.76	33.94	0.00
Core	CPU	C1%	C3%	C6%	C8%	C9%
-	-	0.15	3.88	20.67	23.17	0.00
0	0	0.00	1.34	25.18	31.29	0.03
0	4	0.01	2.20	21.05	26.15	0.00
1	1	1.18	24.87	7.07	2.12	0.00
1	5	0.00	0.17	21.50	28.10	0.00
2	2	0.00	0.15	22.40	23.76	0.00
2	6	0.01	0.11	24.12	33.22	0.00
3	3	0.00	0.13	21.23	20.77	0.00
3	7	0.01	2.04	22.80	19.97	0.00
Core	CPU	C1%	C3%	C6%	C8%	C9%
-	-	0.02	3.48	16.53	19.16	0.00
0	0	0.01	21.53	10.00	3.14	0.00
0	4	0.02	5.39	16.22	14.10	0.00
1	1	0.10	0.14	18.59	22.57	0.00
1	5	0.00	0.15	17.68	29.50	0.00
2	2	0.00	0.16	16.19	19.80	0.00
2	6	0.00	0.18	16.05	18.62	0.00
3	3	0.00	0.15	17.66	16.85	0.00
3	7	0.01	0.17	19.89	28.74	0.00
Core	CPU	C1%	C3%	C6%	C8%	C9%
-	-	0.04	3.45	20.09	23.61	0.06
0	0	0.01	8.25	20.97	18.00	0.47
0	4	0.01	0.79	21.19	20.03	0.00
1	1	0.15	14.66	12.11	13.51	0.00
1	5	0.12	3.18	19.00	35.98	0.00
2	2	0.00	0.12	22.60	26.59	0.00
2	6	0.00	0.18	21.24	24.95	0.00
3	3	0.00	0.17	20.22	25.02	0.00
3	7	0.00	0.27	23.38	24.80	0.00
Core	CPU	C1%	C3%	C6%	C8%	C9%
-	-	0.17	3.69	21.31	23.03	0.12
0	0	0.02	14.66	17.64	6.44	0.00
0	4	0.00	0.06	21.39	24.48	0.00
1	1	0.00	2.36	21.49	25.81	0.00
1	5	0.37	5.33	20.46	16.36	0.00
2	2	0.01	3.48	24.13	18.52	0.00
2	6	0.91	3.20	21.00	27.72	0.13
3	3	0.00	0.16	22.40	31.25	0.83
3	7	0.01	0.24	22.02	33.68	0.00
Core	CPU	C1%	C3%	C6%	C8%	C9%
-	-	0.12	3.65	21.76	23.84	0.00
0	0	0.03	12.46	19.28	17.20	0.00
0	4	0.00	0.17	22.01	26.45	0.00
1	1	0.11	1.58	23.06	29.77	0.00
1	5	0.48	8.45	16.65	23.48	0.00
2	2	0.00	0.25	23.55	32.65	0.00
2	6	0.37	4.90	21.54	17.89	0.00
3	3	0.00	0.23	25.28	20.33	0.00
3	7	0.00	1.22	22.88	23.07	0.00
Core	CPU	C1%	C3%	C6%	C8%	C9%
-	-	0.13	3.78	22.29	20.84	0.10
0	0	0.01	9.72	20.43	9.57	0.62
0	4	0.00	0.05	22.57	18.03	0.00
1	1	0.08	0.23	23.85	43.94	0.00
1	5	0.64	14.10	16.20	9.01	0.14
2	2	0.10	0.25	23.40	18.70	0.00
2	6	0.23	3.52	23.21	19.33	0.05
3	3	0.00	0.97	22.70	21.37	0.00
3	7	0.00	1.42	25.83	26.61	0.00
Core	CPU	C1%	C3%	C6%	C8%	C9%
-	-	0.03	2.44	23.74	24.62	0.07
0	0	0.04	11.88	15.01	2.74	0.00
0	4	0.01	2.54	26.74	36.74	0.50
1	1	0.00	0.15	24.05	28.01	0.00
1	5	0.00	0.25	23.84	29.76	0.00
2	2	0.11	2.27	24.62	22.57	0.00
2	6	0.11	1.21	22.46	30.13	0.06
3	3	0.00	0.99	26.05	21.48	0.00
3	7	0.00	0.26	27.51	25.97	0.00
Core	CPU	C1%	C3%	C6%	C8%	C9%
-	-	0.01	3.24	22.52	22.59	0.02
0	0	0.01	1.38	27.28	12.68	0.00
0	4	0.02	23.20	9.45	3.57	0.00
1	1	0.00	0.15	21.38	23.29	0.11
1	5	0.00	0.25	24.30	24.50	0.00
2	2	0.01	0.27	24.39	25.10	0.00
2	6	0.05	0.22	24.35	46.82	0.07
3	3	0.00	0.21	24.81	24.84	0.00
3	7	0.01	0.21	23.87	19.57	0.00
Core	CPU	C1%	C3%	C6%	C8%	C9%
-	-	0.06	3.72	21.79	24.24	0.03
0	0	0.01	2.03	25.40	22.82	0.01
0	4	0.00	5.88	19.50	28.25	0.00
1	1	0.00	0.16	24.44	27.59	0.00
1	5	0.00	0.12	20.82	33.29	0.00
2	2	0.00	0.19	24.06	24.15	0.00
2	6	0.00	0.15	23.42	24.08	0.06
3	3	0.43	20.90	11.31	6.96	0.14
3	7	0.01	0.29	25.33	26.76	0.00
Core	CPU	C1%	C3%	C6%	C8%	C9%
-	-	0.12	3.30	20.32	25.31	0.14
0	0	0.00	0.26	25.95	25.88	0.00
0	4	0.00	0.14	19.26	24.72	0.00
1	1	0.00	0.15	21.74	27.86	1.01
1	5	0.00	0.16	19.86	27.28	0.00
2	2	0.00	0.11	23.62	28.59	0.00
2	6	0.00	0.10	20.90	41.20	0.07
3	3	0.83	25.10	6.09	0.00	0.00
3	7	0.14	0.41	25.12	27.00	0.00
Core	CPU	C1%	C3%	C6%	C8%	C9%
-	-	0.12	3.63	20.92	21.24	0.18
0	0	0.01	1.92	28.31	18.35	0.00
0	4	0.00	2.53	23.42	32.23	0.00
1	1	0.00	0.19	19.82	16.41	0.00
1	5	0.00	0.16	20.06	23.18	0.00
2	2	0.50	12.49	15.62	14.12	0.00
2	6	0.22	5.53	17.43	19.17	0.00
3	3	0.07	4.65	18.49	23.60	1.41
3	7	0.14	1.53	24.20	22.86	0.00
Core	CPU	C1%	C3%	C6%	C8%	C9%
-	-	0.03	2.26	24.49	26.04	0.01
0	0	0.02	7.59	26.32	12.14	0.00
0	4	0.08	4.15	14.35	15.01	0.00
1	1	0.04	2.97	25.94	37.74	0.00
1	5	0.00	0.24	25.37	26.94	0.00
2	2	0.08	1.23	24.76	24.48	0.00
2	6	0.00	0.17	26.61	36.69	0.06
3	3	0.00	0.27	27.22	28.19	0.00
3	7	0.00	1.45	25.32	27.10	0.00
Core	CPU	C1%	C3%	C6%	C8%	C9%
-	-	0.14	3.27	22.62	22.05	0.01
0	0	0.28	0.36	28.82	29.54	0.00
0	4	0.02	0.61	26.23	29.87	0.00
1	1	0.22	1.44	21.68	17.86	0.00
1	5	0.00	0.36	22.91	18.59	0.00
2	2	0.15	7.53	20.44	20.68	0.00
2	6	0.43	15.32	14.24	10.88	0.06
3	3	0.00	0.25	23.28	26.60	0.00
3	7	0.00	0.28	23.40	22.39	0.00
Core	CPU	C1%	C3%	C6%	C8%	C9%
-	-	0.08	3.61	21.63	23.37	0.13
0	0	0.20	12.58	19.97	12.32	0.14
0	4	0.00	0.96	22.55	35.02	0.00
1	1	0.00	0.24	22.44	20.88	0.00
1	5	0.01	0.16	20.06	24.60	0.00
2	2	0.31	11.16	16.77	23.43	0.00
2	6	0.11	2.19	21.43	19.86	0.00
3	3	0.00	0.20	25.70	29.03	0.00
3	7	0.01	1.38	24.07	21.77	0.91
Core	CPU	C1%	C3%	C6%	C8%	C9%
-	-	0.15	3.35	22.50	21.70	0.00
0	0	0.20	4.53	25.68	11.09	0.00
0	4	0.01	0.70	24.10	13.22	0.00
1	1	0.76	14.19	15.00	16.01	0.01
1	5	0.23	6.39	21.12	21.75	0.00
2	2	0.00	0.24	25.99	28.72	0.00
2	6	0.00	0.26	21.27	32.33	0.00
3	3	0.00	0.26	23.50	26.51	0.00
3	7	0.00	0.21	23.31	23.97	0.00
Core	CPU	C1%	C3%	C6%	C8%	C9%
-	-	0.19	3.82	22.06	21.41	0.16
0	0	0.01	0.27	28.23	15.52	1.28
0	4	0.01	0.29	24.88	16.41	0.00
1	1	0.66	15.04	14.20	13.70	0.00
1	5	0.00	0.14	22.91	30.79	0.00
2	2	0.16	3.51	22.29	31.40	0.00
2	6	0.56	11.17	18.31	18.82	0.00
3	3	0.13	0.10	22.28	18.62	0.00
3	7	0.01	0.07	23.43	26.04	0.00
Core	CPU	C1%	C3%	C6%	C8%	C9%
-	-	0.12	2.75	15.37	16.57	0.00
0	0	0.00	0.24	19.23	12.12	0.00
0	4	0.00	0.17	16.94	12.52	0.00
1	1	0.00	0.08	14.51	17.16	0.00
1	5	0.53	7.36	10.59	27.22	0.00
2	2	0.15	4.65	14.71	14.07	0.00
2	6	0.01	0.07	17.19	16.36	0.00
3	3	0.30	9.35	11.34	10.59	0.00
3	7	0.00	0.11	18.46	22.49	0.00
Core	CPU	C1%	C3%	C6%	C8%	C9%
-	-	0.04	3.28	20.54	20.45	0.23
0	0	0.02	17.19	11.73	5.60	0.38
0	4	0.01	4.39	21.71	25.95	0.00
1	1	0.11	0.26	20.92	29.42	0.00
1	5	0.01	0.26	21.35	20.91	0.00
2	2	0.00	0.35	22.50	22.39	0.00
2	6	0.00	0.33	23.40	18.85	0.08
3	3	0.18	3.16	18.09	13.90	1.39
3	7	0.01	0.27	24.62	26.55	0.00
Core	CPU	C1%	C3%	C6%	C8%	C9%
-	-	0.03	4.02	21.60	22.10	0.14
0	0	0.01	0.34	28.43	18.79	0.00
0	4	0.15	28.29	6.23	0.00	0.50
1	1	0.07	1.10	24.72	20.77	0.00
1	5	0.00	0.39	21.14	28.63	0.00
2	2	0.00	0.32	21.54	25.91	0.00
2	6	0.00	0.33	21.92	29.46	0.00
3	3	0.00	0.33	23.61	28.21	0.64
3	7	0.00	1.04	25.24	25.01	0.00
Core	CPU	C1%	C3%	C6%	C8%	C9%
-	-	0.07	3.47	21.91	23.46	0.11
0	0	0.01	3.51	26.19	22.07	0.90
0	4	0.02	9.91	18.74	11.94	0.00
1	1	0.53	13.39	14.62	21.93	0.00
1	5	0.00	0.24	24.62	25.16	0.00
2	2	0.00	0.20	26.13	26.54	0.00
2	6	0.00	0.16	21.97	28.94	0.00
3	3	0.00	0.14	19.38	20.75	0.00
3	7	0.01	0.20	23.64	30.38	0.00
Core	CPU	C1%	C3%	C6%	C8%	C9%
-	-	0.01	3.60	21.40	23.12	0.09
0	0	0.02	20.66	11.64	2.90	0.00
0	4	0.01	1.58	21.93	24.68	0.00
1	1	0.01	4.03	20.67	21.50	0.00
1	5	0.00	0.26	22.13	23.28	0.00
2	2	0.00	0.24	24.27	25.90	0.00
2	6	0.00	0.30	23.53	25.36	0.08
3	3	0.01	0.28	22.77	22.33	0.61
3	7	0.01	1.44	24.27	38.98	0.00
Core	CPU	C1%	C3%	C6%	C8%	C9%
-	-	0.02	3.32	17.33	19.45	0.01
0	0	0.11	20.61	9.34	1.66	0.00
0	4	0.01	4.57	19.05	17.20	0.00
1	1	0.00	0.21	17.84	24.06	0.00
1	5	0.00	0.24	20.02	23.98	0.00
2	2	0.00	0.23	17.73	19.57	0.00
2	6	0.00	0.24	15.58	15.02	0.08
3	3	0.00	0.17	19.09	23.62	0.00
3	7	0.00	0.28	20.00	30.49	0.00
Core	CPU	C1%	C3%	C6%	C8%	C9%
-	-	0.07	3.23	20.41	22.96	0.00
0	0	0.01	12.96	17.94	7.20	0.00
0	4	0.10	5.09	20.43	28.77	0.00
1	1	0.00	1.89	20.79	34.95	0.00
1	5	0.42	3.52	15.98	17.88	0.00
2	2	0.00	0.09	21.75	24.12	0.00
2	6	0.00	0.14	22.57	25.38	0.00
3	3	0.00	0.10	21.74	24.23	0.00
3	7	0.00	2.06	22.04	21.17	0.00
Core	CPU	C1%	C3%	C6%	C8%	C9%
-	-	0.11	3.74	21.39	22.95	0.02
0	0	0.02	16.61	17.02	11.08	0.00
0	4	0.01	1.21	24.80	22.57	0.00
1	1	0.29	4.83	19.49	28.41	0.00
1	5	0.50	6.10	21.33	19.94	0.00
2	2	0.00	0.86	20.92	23.51	0.00
2	6	0.00	0.12	22.11	22.85	0.00
3	3	0.01	0.18	22.70	32.99	0.00
3	7	0.00	0.09	22.79	22.28	0.12
Core	CPU	C1%	C3%	C6%	C8%	C9%
-	-	0.06	3.48	21.18	21.39	0.01
0	0	0.01	2.75	26.95	22.71	0.02
0	4	0.11	12.26	17.09	11.23	0.00
1	1	0.34	10.91	16.52	12.03	0.00
1	5	0.00	0.23	20.22	24.37	0.00
2	2	0.01	0.95	22.38	27.49	0.00
2	6	0.00	0.27	21.50	18.79	0.06
3	3	0.00	0.24	22.93	27.56	0.00
3	7	0.04	0.25	21.72	26.84	0.00
Core	CPU	C1%	C3%	C6%	C8%	C9%
-	-	0.19	3.62	21.78	24.62	0.14
0	0	0.00	0.41	26.63	19.36	0.00
0	4	0.00	0.24	22.41	29.00	0.00
1	1	1.01	20.24	11.91	7.35	0.00
1	5	0.21	6.74	19.66	16.79	0.00
2	2	0.00	0.29	24.30	27.70	1.11
2	6	0.14	0.31	22.25	38.38	0.05
3	3	0.00	0.34	23.42	26.60	0.00
3	7	0.14	0.35	23.74	31.83	0.00
Core	CPU	C1%	C3%	C6%	C8%	C9%
-	-	0.03	3.06	17.36	17.38	0.18
0	0	0.01	13.03	16.00	7.29	1.40
0	4	0.00	3.98	17.98	21.29	0.00
1	1	0.07	3.38	14.43	15.76	0.00
1	5	0.12	3.19	17.35	13.09	0.00
2	2	0.00	0.20	18.18	17.59	0.00
2	6	0.00	0.28	18.94	15.85	0.00
3	3	0.00	0.16	17.31	21.14	0.00
3	7	0.00	0.23	18.69	27.00	0.00
Core	CPU	C1%	C3%	C6%	C8%	C9%
-	-	0.00	3.43	21.73	22.23	0.02
0	0	0.02	19.53	10.49	2.40	0.06
0	4	0.00	4.98	21.02	20.23	0.00
1	1	0.00	1.70	23.83	21.75	0.00
1	5	0.00	0.20	22.82	19.90	0.00
2	2	0.00	0.28	25.54	21.99	0.00
2	6	0.00	0.20	24.16	22.87	0.11
3	3	0.00	0.30	21.49	33.04	0.00
3	7	0.00	0.22	24.46	35.67	0.00
Core	CPU	C1%	C3%	C6%	C8%	C9%
-	-	0.10	3.94	21.53	21.75	0.01
0	0	0.01	4.42	23.65	11.68	0.00
0	4	0.10	9.63	16.54	14.00	0.12
1	1	0.52	11.73	16.38	11.63	0.00
1	5	0.01	0.24	23.09	31.18	0.00
2	2	0.16	4.93	21.66	17.65	0.00
2	6	0.01	0.18	24.46	23.79	0.00
3	3	0.01	0.22	23.16	33.53	0.00
3	7	0.01	0.20	23.29	30.53	0.00
Core	CPU	C1%	C3%	C6%	C8%	C9%
-	-	0.18	3.21	21.41	23.16	0.01
0	0	0.19	0.23	27.02	27.33	0.01
0	4	0.00	0.09	23.07	22.17	0.00
1	1	0.00	0.18	20.62	24.17	0.00
1	5	0.00	0.16	22.92	43.12	0.00
2	2	1.05	18.58	9.83	4.87	0.00
2	6	0.18	6.05	21.84	19.87	0.06
3	3	0.00	0.16	21.31	20.57	0.00
3	7	0.00	0.20	24.66	23.19	0.00
Core	CPU	C1%	C3%	C6%	C8%	C9%
-	-	0.06	3.63	20.01	23.22	0.01
0	0	0.01	12.04	19.85	17.78	0.00
0	4	0.01	0.21	21.28	19.74	0.00
1	1	0.00	0.14	19.96	22.34	0.00
1	5	0.00	0.22	18.76	32.52	0.00
2	2	0.09	2.61	20.62	26.33	0.00
2	6	0.27	8.66	18.17	22.22	0.00
3	3	0.12	3.96	18.71	21.80	0.06
3	7	0.01	1.17	22.74	23.03	0.00
Core	CPU	C1%	C3%	C6%	C8%	C9%
-	-	0.05	3.17	17.38	19.57	0.00
0	0	0.01	4.41	20.06	18.41	0.01
0	4	0.00	0.12	20.33	30.31	0.00
1	1	0.00	0.11	17.79	19.68	0.00
1	5	0.00	0.12	19.07	23.59	0.00
2	2	0.00	0.17	17.87	21.19	0.00
2	6	0.00	0.13	16.56	19.87	0.00
3	3	0.32	20.06	6.35	3.06	0.00
3	7	0.04	0.25	21.05	20.47	0.00
Core	CPU	C1%	C3%	C6%	C8%	C9%
-	-	0.03	3.48	20.56	20.99	0.01
0	0	0.01	5.28	21.59	15.36	0.00
0	4	0.09	21.04	11.25	11.95	0.00
1	1	0.01	0.26	21.23	20.89	0.00
1	5	0.10	0.22	20.11	27.56	0.00
2	2	0.00	0.19	20.42	23.99	0.00
2	6	0.00	0.24	21.81	24.34	0.05
3	3	0.00	0.26	23.21	21.73	0.00
3	7	0.00	0.37	24.84	22.14	0.00
Core	CPU	C1%	C3%	C6%	C8%	C9%
-	-	0.01	3.90	20.48	24.56	0.00
0	0	0.02	20.66	13.69	3.98	0.00
0	4	0.01	8.90	19.02	17.61	0.00
1	1	0.00	0.28	21.23	25.58	0.00
1	5	0.00	0.23	21.30	21.02	0.00
2	2	0.00	0.25	21.31	22.66	0.00
2	6	0.00	0.22	21.06	39.81	0.00
3	3	0.00	0.33	21.43	38.62	0.00
3	7	0.01	0.30	24.81	27.23	0.03
Core	CPU	C1%	C3%	C6%	C8%	C9%
-	-	0.19	3.41	21.13	23.80	0.00
0	0	0.01	6.94	23.04	9.24	0.00
0	4	0.00	0.15	24.48	20.75	0.00
1	1	0.00	0.18	21.70	29.00	0.00
1	5	0.28	0.23	20.90	40.56	0.00
2	2	0.82	15.48	12.41	16.26	0.00
2	6	0.38	3.80	20.12	23.72	0.00
3	3	0.00	0.23	23.56	28.23	0.00
3	7	0.00	0.26	22.85	22.64	0.00
Core	CPU	C1%	C3%	C6%	C8%	C9%
-	-	0.08	3.82	21.80	22.97	0.00
0	0	0.02	8.45	22.45	17.84	0.00
0	4	0.01	3.09	20.55	17.38	0.00
1	1	0.28	6.05	19.70	20.58	0.00
1	5	0.35	8.92	18.63	14.14	0.03
2	2	0.01	0.89	21.91	21.10	0.00
2	6	0.00	0.12	21.93	28.37	0.00
3	3	0.00	0.92	24.09	32.81	0.00
3	7	0.00	2.22	25.34	31.71	0.00
Core	CPU	C1%	C3%	C6%	C8%	C9%
-	-	0.11	3.08	15.89	19.60	0.13
0	0	0.01	1.88	19.95	12.55	1.01
0	4	0.09	6.45	14.65	32.60	0.00
1	1	0.00	0.06	17.10	17.51	0.00
1	5	0.54	7.89	13.77	10.43	0.00
2	2	0.00	0.13	15.61	18.58	0.00
2	6	0.00	0.16	17.02	23.99	0.00
3	3	0.19	6.37	12.58	15.18	0.00
3	7	0.00	1.66	16.29	25.75	0.00
Core	CPU	C1%	C3%	C6%	C8%	C9%
-	-	0.01	3.74	20.34	21.07	0.11
0	0	0.03	19.77	11.95	3.16	0.00
0	4	0.00	1.24	23.25	19.66	0.00
1	1	0.00	1.49	22.91	28.14	0.00
1	5	0.00	0.24	19.68	42.54	0.00
2	2	0.00	0.31	21.16	19.20	0.00
2	6	0.00	0.27	20.66	20.61	0.05
3	3	0.04	5.13	20.24	16.42	0.00
3	7	0.00	1.44	22.89	18.78	0.81
Core	CPU	C1%	C3%	C6%	C8%	C9%
-	-	0.00	3.81	22.28	23.24	0.06
0	0	0.02	15.36	17.69	10.22	0.00
0	4	0.00	10.35	20.20	15.36	0.48
1	1	0.00	1.32	22.94	29.59	0.00
1	5	0.00	0.22	21.65	25.21	0.00
2	2	0.00	2.42	25.61	23.34	0.00
2	6	0.00	0.30	22.55	35.42	0.00
3	3	0.00	0.23	23.93	25.91	0.00
3	7	0.00	0.30	23.66	20.90	0.00
Core	CPU	C1%	C3%	C6%	C8%	C9%
-	-	0.10	3.39	21.48	22.81	0.22
0	0	0.01	7.70	21.74	17.61	0.00
0	4	0.00	4.85	20.01	25.29	0.00
1	1	0.06	0.46	20.85	20.04	1.44
1	5	0.18	0.50	21.26	27.54	0.00
2	2	0.46	9.43	18.87	15.42	0.30
2	6	0.07	2.88	22.44	23.44	0.00
3	3	0.00	0.16	21.97	27.09	0.00
3	7	0.00	1.12	24.68	26.06	0.00
Core	CPU	C1%	C3%	C6%	C8%	C9%
-	-	0.13	3.84	21.73	22.78	0.17
0	0	0.01	1.45	25.32	24.82	1.31
0	4	0.00	0.17	24.77	33.22	0.00
1	1	0.46	8.78	20.66	19.79	0.00
1	5	0.47	8.84	19.38	17.16	0.00
2	2	0.11	8.02	19.17	23.87	0.00
2	6	0.00	3.04	19.54	16.29	0.07
3	3	0.00	0.22	22.03	24.07	0.00
3	7	0.00	0.22	22.94	23.03	0.00
Core	CPU	C1%	C3%	C6%	C8%	C9%
-	-	0.04	3.54	21.25	24.14	0.22
0	0	0.02	17.04	17.35	3.87	0.00
0	4	0.01	9.36	20.65	22.77	0.00
1	1	0.00	0.14	22.14	22.61	1.69
1	5	0.00	0.23	22.17	38.76	0.00
2	2	0.00	0.26	21.07	25.79	0.00
2	6	0.00	0.14	20.29	28.66	0.00
3	3	0.20	0.22	23.52	26.54	0.00
3	7	0.06	0.92	22.78	24.14	0.09
Core	CPU	C1%	C3%	C6%	C8%	C9%
-	-	0.16	3.76	21.70	23.09	0.01
0	0	0.00	0.20	25.42	21.82	0.00
0	4	0.00	0.22	21.82	31.63	0.00
1	1	0.53	8.07	18.59	16.21	0.00
1	5	0.00	0.24	23.85	29.54	0.00
2	2	0.41	11.94	16.40	16.64	0.12
2	6	0.30	8.94	17.87	20.05	0.00
3	3	0.01	0.20	25.90	25.32	0.00
3	7	0.00	0.29	23.85	23.51	0.00
Core	CPU	C1%	C3%	C6%	C8%	C9%
-	-	0.08	3.55	22.52	25.31	0.00
0	0	0.02	14.04	20.71	12.81	0.00
0	4	0.00	0.38	23.07	24.69	0.00
1	1	0.10	1.26	23.33	33.43	0.00
1	5	0.00	1.06	21.58	27.42	0.00
2	2	0.25	6.62	19.29	25.71	0.00
2	6	0.06	2.45	25.79	26.51	0.00
3	3	0.00	0.15	21.45	26.81	0.00
3	7	0.18	2.46	24.87	25.06	0.00
Core	CPU	C1%	C3%	C6%	C8%	C9%
-	-	0.14	3.62	22.41	21.48	0.01
0	0	0.01	0.28	25.14	17.57	0.00
0	4	0.00	0.16	24.19	21.15	0.00
1	1	0.31	14.02	17.92	9.58	0.07
1	5	0.80	13.79	18.04	13.64	0.00
2	2	0.01	0.14	22.74	30.97	0.00
2	6	0.00	0.09	22.60	29.41	0.00
3	3	0.00	0.30	25.15	25.84	0.00
3	7	0.00	0.19	23.48	23.66	0.00
Core	CPU	C1%	C3%	C6%	C8%	C9%
-	-	0.02	3.58	20.30	20.55	0.00
0	0	0.01	10.25	20.55	6.66	0.00
0	4	0.09	14.26	14.66	11.08	0.00
1	1	0.00	0.92	20.70	24.29	0.00
1	5	0.01	0.24	20.93	19.15	0.00
2	2	0.01	0.11	21.24	16.99	0.00
2	6	0.01	0.11	20.15	27.98	0.00
3	3	0.01	0.15	21.94	30.80	0.00
3	7	0.01	2.59	22.22	27.48	0.00
Core	CPU	C1%	C3%	C6%	C8%	C9%
-	-	0.09	3.33	17.85	19.19	0.09
0	0	0.00	0.20	21.18	13.69	0.00
0	4	0.00	4.48	14.49	20.43	0.00
1	1	0.11	8.23	16.53	17.66	0.00
1	5	0.24	4.55	15.77	23.93	0.00
2	2	0.00	0.22	18.81	17.21	0.00
2	6	0.00	0.19	21.14	27.83	0.00
3	3	0.36	8.65	13.81	12.21	0.69
3	7	0.01	0.12	21.08	20.54	0.00
Core	CPU	C1%	C3%	C6%	C8%	C9%
-	-	0.10	3.63	20.33	25.40	0.01
0	0	0.00	0.33	25.85	26.45	0.00
0	4	0.00	0.15	22.05	25.20	0.00
1	1	0.49	21.40	11.97	8.14	0.00
1	5	0.29	5.35	18.88	24.98	0.00
2	2	0.00	0.12	19.30	25.24	0.00
2	6	0.00	1.31	19.99	36.89	0.07
3	3	0.00	0.19	23.76	27.31	0.00
3	7	0.00	0.16	20.81	29.03	0.00
Core	CPU	C1%	C3%	C6%	C8%	C9%
-	-	0.06	3.51	20.82	25.88	0.01
0	0	0.01	6.24	23.29	14.74	0.00
0	4	0.01	11.40	16.45	11.84	0.00
1	1	0.00	0.10	22.35	26.32	0.00
1	5	0.00	0.64	19.04	27.49	0.00
2	2	0.08	3.70	22.06	31.48	0.00
2	6	0.36	5.34	20.15	23.49	0.06
3	3	0.00	0.31	22.06	35.11	0.00
3	7	0.02	0.33	21.17	36.60	0.00
Core	CPU	C1%	C3%	C6%	C8%	C9%
-	-	0.03	3.66	19.59	24.49	0.00
0	0	0.01	0.46	27.15	15.36	0.00
0	4	0.20	27.48	5.24	0.11	0.00
1	1	0.00	0.13	22.51	30.68	0.00
1	5	0.00	0.06	21.13	21.09	0.00
2	2	0.00	0.13	18.49	32.29	0.00
2	6	0.00	0.10	21.50	37.04	0.00
3	3	0.00	0.11	21.72	33.43	0.00
3	7	0.01	0.83	18.99	25.90	0.00
Core	CPU	C1%	C3%	C6%	C8%	C9%
-	-	0.01	3.21	20.09	25.82	0.03
0	0	0.03	24.58	9.68	1.34	0.00
0	4	0.01	0.83	24.69	20.60	0.00
1	1	0.00	0.02	20.46	26.96	0.00
1	5	0.00	0.02	20.63	22.76	0.00
2	2	0.00	0.10	20.84	41.20	0.19
2	6	0.01	0.03	21.39	34.18	0.04
3	3	0.00	0.00	20.23	27.82	0.00
3	7	0.00	0.06	22.83	31.71	0.00
Core	CPU	C1%	C3%	C6%	C8%	C9%
-	-	0.19	2.27	24.31	26.88	0.01
0	0	0.15	0.34	31.06	23.65	0.03
0	4	0.01	0.28	26.50	32.62	0.00
1	1	0.19	2.29	24.87	25.19	0.00
1	5	0.04	0.71	24.32	30.08	0.00
2	2	0.39	1.74	22.73	24.51	0.00
2	6	0.74	12.17	16.48	16.54	0.05
3	3	0.01	0.29	23.81	31.28	0.00
3	7	0.01	0.37	24.75	31.22	0.00
Core	CPU	C1%	C3%	C6%	C8%	C9%
-	-	0.10	3.67	20.16	22.72	0.25
0	0	0.00	0.32	26.09	12.53	1.38
0	4	0.00	0.18	21.35	36.48	0.00
1	1	0.00	0.16	19.71	25.70	0.00
1	5	0.00	0.15	20.25	22.35	0.00
2	2	0.16	11.04	16.87	14.96	0.14
2	6	0.64	17.03	13.73	14.17	0.00
3	3	0.00	0.27	20.75	26.01	0.51
3	7	0.00	0.21	22.49	29.48	0.00
Core	CPU	C1%	C3%	C6%	C8%	C9%
-	-	0.07	3.62	21.28	22.33	0.22
0	0	0.14	15.55	18.43	11.83	0.11
0	4	0.00	0.21	21.63	28.14	0.00
1	1	0.00	0.13	21.22	21.95	0.00
1	5	0.04	0.20	23.16	26.88	1.19
2	2	0.01	1.73	21.26	24.77	0.40
2	6	0.24	8.87	17.77	16.66	0.00
3	3	0.00	1.15	22.27	27.19	0.09
3	7	0.10	1.14	24.48	21.20	0.00
Core	CPU	C1%	C3%	C6%	C8%	C9%
-	-	0.15	3.56	21.78	24.16	0.00
0	0	0.01	2.61	26.61	21.58	0.00
0	4	0.21	4.54	21.12	20.21	0.00
1	1	0.01	0.15	22.32	24.33	0.00
1	5	0.26	4.13	19.43	23.82	0.00
2	2	0.31	4.39	21.58	27.36	0.00
2	6	0.42	11.44	16.72	18.77	0.00
3	3	0.01	0.11	20.21	24.89	0.00
3	7	0.01	1.14	26.63	32.69	0.02
Core	CPU	C1%	C3%	C6%	C8%	C9%
-	-	0.17	3.48	18.55	22.59	0.33
0	0	0.01	0.32	23.98	17.07	1.39
0	4	0.00	0.13	19.62	21.69	0.00
1	1	0.00	0.20	20.49	26.72	0.00
1	5	0.00	0.16	18.21	31.42	0.00
2	2	0.09	2.28	17.92	22.93	0.00
2	6	1.29	24.32	6.47	2.19	0.12
3	3	0.00	0.21	20.88	35.18	1.11
3	7	0.00	0.23	20.50	23.15	0.00
Core	CPU	C1%	C3%	C6%	C8%	C9%
-	-	0.07	3.09	15.36	17.46	0.12
0	0	0.01	0.18	18.18	9.35	0.03
0	4	0.00	0.17	15.98	28.19	0.00
1	1	0.02	0.23	15.20	20.04	0.05
1	5	0.00	0.19	15.44	22.07	0.00
2	2	0.09	8.62	12.39	12.74	0.00
2	6	0.46	15.07	10.48	5.82	0.91
3	3	0.00	0.13	17.45	19.15	0.00
3	7	0.00	0.14	17.91	22.50	0.00
Core	CPU	C1%	C3%	C6%	C8%	C9%
-	-	0.11	3.59	21.83	23.01	0.00
0	0	0.01	6.44	20.77	17.74	0.00
0	4	0.00	0.12	22.09	24.43	0.00
1	1	0.01	0.22	24.22	24.68	0.00
1	5	0.00	0.17	21.58	30.28	0.00
2	2	0.40	12.93	15.80	12.68	0.00
2	6	0.35	8.33	21.28	20.67	0.00
3	3	0.00	0.21	24.49	23.01	0.00
3	7	0.11	0.26	24.25	30.40	0.00
Core	CPU	C1%	C3%	C6%	C8%	C9%
-	-	0.01	3.36	21.25	25.95	0.05
0	0	0.04	24.30	10.72	1.52	0.00
0	4	0.00	1.47	27.82	23.32	0.00
1	1	0.00	0.17	21.69	24.18	0.00
1	5	0.00	0.16	19.97	28.33	0.00
2	2	0.00	0.28	23.63	41.45	0.00
2	6	0.00	0.18	20.44	30.38	0.07
3	3	0.00	0.20	22.28	29.27	0.32
3	7	0.00	0.15	23.43	29.20	0.00
Core	CPU	C1%	C3%	C6%	C8%	C9%
-	-	0.02	3.91	20.68	24.23	0.21
0	0	0.03	22.61	12.14	7.39	0.27
0	4	0.00	7.10	21.17	19.31	0.00
1	1	0.00	0.29	21.71	28.61	0.00
1	5	0.01	0.23	23.07	21.41	0.00
2	2	0.00	0.18	18.65	28.44	1.40
2	6	0.00	0.21	18.86	38.57	0.04
3	3	0.00	0.34	24.58	24.56	0.00
3	7	0.12	0.35	25.31	25.58	0.00
Core	CPU	C1%	C3%	C6%	C8%	C9%
-	-	0.08	3.65	20.77	22.27	0.00
0	0	0.00	4.87	23.33	10.83	0.02
0	4	0.00	3.57	21.78	17.64	0.00
1	1	0.09	2.11	21.44	24.36	0.00
1	5	0.00	0.14	20.05	31.20	0.00
2	2	0.56	18.04	11.10	9.70	0.00
2	6	0.00	0.15	23.77	23.11	0.00
3	3	0.01	0.15	22.31	26.00	0.00
3	7	0.01	0.12	22.42	35.29	0.00
Core	CPU	C1%	C3%	C6%	C8%	C9%
-	-	0.06	2.83	15.92	19.76	0.41
0	0	0.01	15.60	12.14	6.53	0.00
0	4	0.09	0.38	15.49	20.60	0.00
1	1	0.08	2.58	16.85	25.25	3.29
1	5	0.00	0.11	16.04	22.34	0.00
2	2	0.01	0.10	16.80	22.04	0.00
2	6	0.00	0.15	16.39	18.48	0.00
3	3	0.14	2.45	16.09	21.42	0.00
3	7	0.19	1.31	17.59	21.42	0.00
Core	CPU	C1%	C3%	C6%	C8%	C9%
-	-	0.04	3.47	21.40	22.70	0.00
0	0	0.02	18.86	14.51	1.86	0.00
0	4	0.00	2.55	24.96	22.27	0.00
1	1	0.01	0.24	20.88	18.89	0.00
1	5	0.00	0.19	24.32	34.92	0.00
2	2	0.30	5.24	18.78	17.45	0.00
2	6	0.01	0.18	22.05	22.38	0.00
3	3	0.01	0.31	22.83	23.80	0.00
3	7	0.01	0.26	23.15	40.25	0.00
Core	CPU	C1%	C3%	C6%	C8%	C9%
-	-	0.08	3.57	21.64	23.71	0.03
0	0	0.01	8.35	21.83	13.41	0.00
0	4	0.10	11.06	16.95	12.02	0.00
1	1	0.00	0.56	22.64	36.48	0.00
1	5	0.00	0.23	22.22	32.17	0.01
2	2	0.14	1.44	22.93	21.51	0.00
2	6	0.32	5.23	21.14	26.21	0.21
3	3	0.00	0.27	22.96	24.80	0.00
3	7	0.02	1.33	22.22	22.77	0.00
Core	CPU	C1%	C3%	C6%	C8%	C9%
-	-	0.04	3.67	19.75	24.38	0.01
0	0	0.00	0.45	25.54	17.70	0.00
0	4	0.04	18.08	11.40	11.95	0.00
1	1	0.00	0.26	20.47	35.91	0.00
1	5	0.00	0.19	20.86	29.46	0.00
2	2	0.00	0.28	21.55	23.02	0.00
2	6	0.00	0.23	21.46	34.95	0.06
3	3	0.26	9.54	15.98	18.37	0.00
3	7	0.00	0.34	20.78	23.78	0.00
Core	CPU	C1%	C3%	C6%	C8%	C9%
-	-	0.16	3.36	20.62	21.71	0.00
0	0	0.00	0.31	26.88	15.25	0.00
0	4	0.00	0.17	22.83	26.92	0.00
1	1	0.00	0.23	22.45	27.53	0.00
1	5	0.13	0.21	21.34	26.77	0.00
2	2	0.00	0.23	21.35	20.88	0.00
2	6	0.01	0.28	21.57	32.44	0.00
3	3	1.09	25.28	5.43	0.10	0.04
3	7	0.01	0.19	23.22	23.93	0.00
Core	CPU	C1%	C3%	C6%	C8%	C9%
-	-	0.15	2.26	24.11	27.58	0.01
0	0	0.01	1.45	27.30	16.42	0.00
0	4	0.00	0.30	26.02	33.70	0.00
1	1	0.37	10.26	19.04	17.29	0.00
1	5	0.05	0.30	25.29	42.91	0.00
2	2	0.09	0.96	25.32	24.88	0.00
2	6	0.29	1.79	23.02	26.20	0.11
3	3	0.41	2.71	20.05	25.84	0.00
3	7	0.00	0.30	26.65	33.19	0.00
Core	CPU	C1%	C3%	C6%	C8%	C9%
-	-	0.03	3.88	20.31	23.45	0.00
0	0	0.01	11.68	20.90	15.25	0.00
0	4	0.02	14.86	15.14	17.64	0.00
1	1	0.01	1.19	19.53	20.63	0.00
1	5	0.10	2.25	19.94	17.26	0.00
2	2	0.01	0.30	21.15	39.04	0.00
2	6	0.01	0.24	21.64	31.20	0.00
3	3	0.00	0.30	23.64	24.01	0.00
3	7	0.13	0.26	20.54	22.55	0.00
Core	CPU	C1%	C3%	C6%	C8%	C9%
-	-	0.01	3.37	20.42	22.96	0.09
0	0	0.04	20.96	13.12	1.86	0.00
0	4	0.02	4.69	24.66	35.10	0.00
1	1	0.00	0.16	20.96	19.15	0.00
1	5	0.00	0.26	19.80	27.00	0.00
2	2	0.00	0.16	20.20	22.77	0.00
2	6	0.00	0.30	20.65	25.52	0.72
3	3	0.00	0.27	20.66	22.92	0.00
3	7	0.00	0.17	23.29	29.37	0.00
Core	CPU	C1%	C3%	C6%	C8%	C9%
-	-	0.01	3.83	19.53	20.39	0.10
0	0	0.02	16.01	17.74	14.24	0.64
0	4	0.01	12.87	17.17	23.84	0.00
1	1	0.00	0.21	20.58	22.15	0.00
1	5	0.00	0.17	20.40	21.03	0.00
2	2	0.00	0.07	18.49	18.87	0.00
2	6	0.00	0.15	17.46	17.27	0.14
3	3	0.00	0.18	21.14	26.41	0.00
3	7	0.00	0.97	23.23	19.28	0.00
Core	CPU	C1%	C3%	C6%	C8%	C9%
-	-	0.07	3.31	21.54	24.21	0.02
0	0	0.02	8.26	22.46	8.66	0.02
0	4	0.00	4.64	21.52	21.54	0.00
1	1	0.08	0.66	22.66	29.52	0.00
1	5	0.00	0.13	24.67	28.25	0.00
2	2	0.44	11.62	16.34	28.92	0.00
2	6	0.00	0.09	21.03	23.39	0.12
3	3	0.01	0.89	21.94	21.42	0.00
3	7	0.04	0.21	21.66	31.96	0.00
Core	CPU	C1%	C3%	C6%	C8%	C9%
-	-	0.07	2.22	24.12	24.56	0.01
0	0	0.03	5.63	22.30	9.59	0.00
0	4	0.00	1.30	26.49	33.49	0.00
1	1	0.09	0.77	26.50	25.87	0.00
1	5	0.00	1.41	25.07	20.63	0.00
2	2	0.20	3.23	22.18	19.24	0.00
2	6	0.11	3.06	25.75	25.90	0.10
3	3	0.14	2.14	21.74	37.28	0.00
3	7	0.00	0.21	22.94	24.47	0.00
Core	CPU	C1%	C3%	C6%	C8%	C9%
-	-	0.04	3.74	21.08	23.03	0.01
0	0	0.01	7.36	22.33	10.55	0.00
0	4	0.09	19.92	12.52	9.74	0.00
1	1	0.07	1.22	21.38	27.47	0.00
1	5	0.00	0.14	21.85	31.32	0.00
2	2	0.00	0.08	21.55	23.50	0.00
2	6	0.14	0.15	22.25	23.96	0.06
3	3	0.00	0.93	22.66	26.30	0.00
3	7	0.00	0.15	24.11	31.43	0.00
Core	CPU	C1%	C3%	C6%	C8%	C9%
-	-	0.03	3.40	22.22	23.93	0.00
0	0	0.00	11.11	21.19	10.55	0.04
0	4	0.04	12.83	15.60	10.80	0.00
1	1	0.07	1.19	23.15	42.29	0.00
1	5	0.00	0.09	24.12	24.59	0.00
2	2	0.00	0.23	22.76	21.39	0.00
2	6	0.10	0.27	22.49	25.05	0.00
3	3	0.00	0.21	24.19	31.03	0.00
3	7	0.00	1.26	24.24	25.77	0.00
Core	CPU	C1%	C3%	C6%	C8%	C9%
-	-	0.05	3.80	20.83	23.82	0.02
0	0	0.01	17.92	15.37	9.44	0.01
0	4	0.09	4.71	21.98	25.85	0.00
1	1	0.32	6.97	18.35	20.91	0.00
1	5	0.00	0.14	23.63	23.96	0.00
2	2	0.00	0.12	21.29	30.38	0.00
2	6	0.00	0.19	22.85	21.55	0.13
3	3	0.00	0.23	20.77	36.36	0.00
3	7	0.00	0.14	22.40	22.06	0.00
Core	CPU	C1%	C3%	C6%	C8%	C9%
-	-	0.09	3.58	20.69	21.01	0.13
0	0	0.01	0.97	24.02	17.43	0.00
0	4	0.00	1.29	22.27	23.94	0.00
1	1	0.33	14.09	13.03	9.50	0.00
1	5	0.04	3.18	23.33	24.55	0.00
2	2	0.00	0.95	22.25	29.92	0.00
2	6	0.03	0.21	20.05	22.09	0.00
3	3	0.28	7.78	18.28	18.29	0.91
3	7	0.00	0.20	22.31	22.34	0.10
Core	CPU	C1%	C3%	C6%	C8%	C9%
-	-	0.04	3.28	16.88	18.00	0.00
0	0	0.01	7.22	15.99	8.78	0.00
0	4	0.00	0.24	19.22	15.84	0.00
1	1	0.00	0.79	18.48	25.96	0.00
1	5	0.00	0.19	17.17	28.83	0.00
2	2	0.00	0.89	19.16	18.75	0.00
2	6	0.01	0.16	16.70	16.01	0.00
3	3	0.28	15.37	9.04	7.17	0.00
3	7	0.01	1.41	19.26	22.65	0.00
Core	CPU	C1%	C3%	C6%	C8%	C9%
-	-	0.04	3.41	21.51	24.79	0.00
0	0	0.01	12.20	19.45	7.32	0.00
0	4	0.26	14.18	17.16	12.90	0.00
1	1	0.00	0.12	22.36	41.86	0.00
1	5	0.00	0.13	21.17	32.07	0.00
2	2	0.00	0.12	19.55	22.48	0.00
2	6	0.00	0.18	23.74	23.23	0.00
3	3	0.01	0.13	24.36	27.45	0.00
3	7	0.01	0.22	24.27	30.99	0.00
Core	CPU	C1%	C3%	C6%	C8%	C9%
-	-	0.01	3.54	22.11	24.09	0.13
0	0	0.01	14.86	19.85	6.40	0.00
0	4	0.00	11.52	20.17	14.82	0.00
1	1	0.01	0.16	21.07	30.30	0.00
1	5	0.01	0.09	21.55	53.63	0.00
2	2	0.01	0.14	20.76	21.38	0.00
2	6	0.01	0.12	23.84	20.93	1.01
3	3	0.00	0.15	25.97	23.91	0.00
3	7	0.00	1.32	23.77	21.37	0.02
Core	CPU	C1%	C3%	C6%	C8%	C9%
-	-	0.07	3.76	21.29	22.18	0.01
0	0	0.00	0.20	24.54	17.32	0.00
0	4	0.11	10.28	17.31	16.33	0.00
1	1	0.01	0.16	22.30	28.60	0.00
1	5	0.03	0.21	23.58	29.46	0.00
2	2	0.00	0.18	22.44	18.93	0.00
2	6	0.00	0.22	22.44	36.14	0.00
3	3	0.43	18.60	13.72	8.34	0.10
3	7	0.01	0.23	24.34	22.73	0.00
Core	CPU	C1%	C3%	C6%	C8%	C9%
-	-	0.16	3.65	21.10	20.89	0.18
0	0	0.00	0.27	24.96	16.52	0.00
0	4	0.00	0.17	20.58	17.26	0.00
1	1	0.00	0.09	20.95	30.49	0.00
1	5	0.00	0.17	20.04	30.93	0.00
2	2	0.00	0.25	26.32	22.62	1.41
2	6	0.10	0.18	24.01	27.11	0.00
3	3	0.91	27.85	5.26	0.00	0.00
3	7	0.22	0.22	26.29	21.80	0.00
Core	CPU	C1%	C3%	C6%	C8%	C9%
-	-	0.02	3.26	17.47	19.03	0.00
0	0	0.01	13.07	12.59	5.77	0.00
0	4	0.09	1.92	17.58	20.80	0.00
1	1	0.01	2.63	20.76	27.45	0.00
1	5	0.07	1.55	18.05	20.58	0.00
2	2	0.01	0.17	18.89	18.45	0.00
2	6	0.00	0.15	16.85	26.48	0.00
3	3	0.00	3.77	16.21	14.81	0.00
3	7	0.00	2.80	18.82	17.93	0.00
Core	CPU	C1%	C3%	C6%	C8%	C9%
-	-	0.20	3.82	21.27	21.84	0.12
0	0	0.01	0.76	28.01	24.78	0.00
0	4	0.01	0.19	23.60	20.24	0.00
1	1	0.32	11.45	17.46	16.53	0.03
1	5	0.97	17.23	11.41	11.52	0.00
2	2	0.00	0.18	24.03	23.48	0.90
2	6	0.19	0.22	22.70	34.30	0.06
3	3	0.01	0.21	21.59	22.13	0.00
3	7	0.10	0.31	21.31	21.71	0.00
Core	CPU	C1%	C3%	C6%	C8%	C9%
-	-	0.08	3.59	21.40	23.58	0.00
0	0	0.02	9.12	23.56	17.63	0.00
0	4	0.02	5.42	21.12	21.51	0.00
1	1	0.50	7.69	18.29	16.58	0.00
1	5	0.08	4.47	21.68	20.11	0.00
2	2	0.00	0.19	19.75	22.70	0.00
2	6	0.00	0.27	21.54	34.15	0.00
3	3	0.00	0.21	22.77	28.79	0.00
3	7	0.00	1.39	22.56	27.23	0.00
Core	CPU	C1%	C3%	C6%	C8%	C9%
-	-	0.13	3.66	21.13	20.49	0.00
0	0	0.00	0.35	26.67	10.43	0.00
0	4	0.00	0.17	24.43	23.62	0.00
1	1	0.00	0.20	21.89	26.07	0.00
1	5	0.00	0.28	21.79	25.46	0.00
2	2	0.09	4.49	18.87	20.70	0.00
2	6	0.87	23.25	6.95	3.17	0.00
3	3	0.00	0.30	24.24	27.73	0.00
3	7	0.09	0.27	24.12	26.67	0.01
Core	CPU	C1%	C3%	C6%	C8%	C9%
-	-	0.26	3.63	21.73	23.06	0.01
0	0	0.00	5.61	24.02	24.08	0.00
0	4	0.00	1.19	22.90	32.78	0.00
1	1	1.15	16.81	12.24	7.11	0.04
1	5	0.00	0.13	23.77	27.07	0.00
2	2	0.92	3.39	22.00	23.37	0.00
2	6	0.00	0.24	21.72	20.76	0.00
3	3	0.01	0.21	23.55	26.90	0.00
3	7	0.00	1.44	23.69	22.45	0.02
Core	CPU	C1%	C3%	C6%	C8%	C9%
-	-	0.23	2.13	24.73	24.81	0.07
0	0	0.20	0.35	32.93	27.31	0.48
0	4	0.00	0.19	25.73	37.33	0.00
1	1	0.09	0.83	24.94	26.36	0.00
1	5	0.00	0.18	25.01	27.42	0.00
2	2	0.88	5.70	19.12	15.25	0.00
2	6	0.64	9.28	18.71	17.72	0.00
3	3	0.00	0.25	25.10	21.42	0.00
3	7	0.00	0.25	26.34	25.70	0.10
Core	CPU	C1%	C3%	C6%	C8%	C9%
-	-	0.16	3.72	21.02	22.09	0.16
0	0	0.01	0.24	25.52	12.76	1.31
0	4	0.00	0.16	21.88	19.15	0.00
1	1	0.00	0.22	24.34	32.43	0.00
1	5	0.00	0.19	19.82	34.00	0.00
2	2	0.42	11.90	16.62	16.81	0.00
2	6	0.87	16.56	12.88	12.47	0.00
3	3	0.00	0.27	22.49	22.31	0.00
3	7	0.00	0.20	24.54	26.73	0.00
Core	CPU	C1%	C3%	C6%	C8%	C9%
-	-	0.12	3.38	22.20	23.34	0.00
0	0	0.00	1.47	26.00	16.55	0.00
0	4	0.00	0.19	23.23	21.76	0.00
1	1	0.01	0.21	22.29	26.66	0.00
1	5	0.01	0.21	21.88	33.06	0.00
2	2	0.45	13.34	16.02	15.40	0.00
2	6	0.00	0.17	23.48	30.11	0.00
3	3	0.47	10.05	16.97	12.30	0.00
3	7	0.00	1.39	27.68	30.86	0.00
Core	CPU	C1%	C3%	C6%	C8%	C9%
-	-	0.07	4.00	20.28	23.15	0.11
0	0	0.01	10.45	21.10	8.44	0.00
0	4	0.02	7.96	18.47	15.87	0.00
1	1	0.00	0.20	20.44	33.19	0.00
1	5	0.00	0.16	21.86	26.73	0.00
2	2	0.48	11.46	16.51	23.57	0.03
2	6	0.01	0.23	20.89	24.69	0.05
3	3	0.00	0.18	21.74	28.85	0.00
3	7	0.00	1.36	21.24	23.85	0.77
Core	CPU	C1%	C3%	C6%	C8%	C9%
-	-	0.05	3.55	21.91	21.90	0.00
0	0	0.02	13.57	18.72	10.51	0.00
0	4	0.17	12.14	16.37	9.88	0.00
1	1	0.00	0.30	22.34	24.03	0.00
1	5	0.00	0.28	21.47	22.49	0.00
2	2	0.00	0.27	22.56	28.42	0.00
2	6	0.13	0.22	22.25	22.25	0.00
3	3	0.00	0.33	26.95	26.44	0.01
3	7	0.05	1.41	24.76	31.26	0.00
Core	CPU	C1%	C3%	C6%	C8%	C9%
-	-	0.07	2.20	24.53	25.46	0.01
0	0	0.02	1.78	27.44	18.88	0.00
0	4	0.08	5.45	15.43	8.98	0.00
1	1	0.19	2.80	25.39	26.43	0.00
1	5	0.24	3.03	23.92	25.78	0.00
2	2	0.00	0.28	26.56	31.91	0.00
2	6	0.00	0.22	25.21	37.57	0.05
3	3	0.04	2.59	25.37	28.44	0.00
3	7	0.00	1.42	26.74	25.57	0.00
Core	CPU	C1%	C3%	C6%	C8%	C9%
-	-	0.07	3.86	21.59	23.44	0.09
0	0	0.03	10.17	21.13	10.04	0.00
0	4	0.01	10.76	16.36	18.35	0.00
1	1	0.00	0.23	22.02	25.18	0.00
1	5	0.13	0.16	22.43	24.88	0.00
2	2	0.00	0.25	23.81	22.18	0.00
2	6	0.00	0.25	23.74	29.01	0.00
3	3	0.35	7.55	20.74	29.71	0.00
3	7	0.03	1.49	22.53	28.15	0.70
Core	CPU	C1%	C3%	C6%	C8%	C9%
-	-	0.12	3.05	20.90	24.25	0.03
0	0	0.01	4.13	23.35	15.07	0.00
0	4	0.00	0.20	20.50	25.14	0.00
1	1	0.24	6.70	17.42	23.77	0.00
1	5	0.15	2.74	19.84	16.92	0.25
2	2	0.00	0.25	21.85	22.99	0.00
2	6	0.00	0.29	22.13	27.17	0.00
3	3	0.50	9.66	15.83	30.10	0.00
3	7	0.03	0.44	26.24	32.86	0.00
Core	CPU	C1%	C3%	C6%	C8%	C9%
-	-	0.00	3.88	21.43	23.35	0.00
0	0	0.01	23.54	13.28	1.55	0.00
0	4	0.01	4.53	22.45	21.40	0.00
1	1	0.00	0.19	22.93	30.66	0.00
1	5	0.00	0.11	22.35	28.37	0.00
2	2	0.00	1.32	21.81	22.77	0.00
2	6	0.00	0.14	21.95	18.26	0.00
3	3	0.00	0.07	23.76	39.71	0.00
3	7	0.01	1.22	23.16	24.33	0.00
Core	CPU	C1%	C3%	C6%	C8%	C9%
-	-	0.09	3.83	20.47	21.15	0.21
0	0	0.02	10.16	20.56	8.01	1.53
0	4	0.00	0.22	21.79	19.63	0.00
1	1	0.47	13.03	14.97	11.82	0.08
1	5	0.21	4.03	20.64	20.65	0.00
2	2	0.00	0.25	22.18	29.12	0.00
2	6	0.00	1.23	21.33	20.19	0.04
3	3	0.00	0.17	22.22	35.58	0.00
3	7	0.00	1.45	19.79	23.95	0.00
Core	CPU	C1%	C3%	C6%	C8%	C9%
-	-	0.02	2.98	16.82	19.50	0.01
0	0	0.11	20.45	6.69	1.26	0.00
0	4	0.01	0.11	18.01	20.58	0.00
1	1	0.00	1.52	17.64	24.36	0.00
1	5	0.00	0.12	18.31	18.91	0.00
2	2	0.00	0.11	17.93	16.98	0.00
2	6	0.00	0.12	17.57	18.75	0.05
3	3	0.00	0.15	18.58	32.98	0.00
3	7	0.00	1.24	19.82	22.18	0.00
Core	CPU	C1%	C3%	C6%	C8%	C9%
-	-	0.05	3.97	21.04	22.75	0.00
0	0	0.20	15.70	16.59	5.77	0.00
0	4	0.01	2.26	23.26	39.16	0.00
1	1	0.20	11.75	16.16	14.34	0.00
1	5	0.00	1.43	22.77	25.71	0.00
2	2	0.00	0.13	19.07	19.12	0.00
2	6	0.00	0.20	21.74	22.75	0.00
3	3	0.00	0.12	24.57	30.16	0.00
3	7	0.00	0.22	24.19	24.97	0.00
Core	CPU	C1%	C3%	C6%	C8%	C9%
-	-	0.08	3.58	21.45	22.25	0.00
0	0	0.02	6.20	22.84	12.95	0.00
0	4	0.01	9.88	16.83	12.49	0.00
1	1	0.18	1.36	21.95	26.64	0.00
1	5	0.02	0.26	21.10	18.70	0.00
2	2	0.01	0.23	20.95	35.12	0.00
2	6	0.00	0.33	21.52	22.62	0.00
3	3	0.42	9.06	22.34	27.52	0.00
3	7	0.00	1.36	24.05	21.91	0.00
Core	CPU	C1%	C3%	C6%	C8%	C9%
-	-	0.02	3.71	20.77	23.17	0.03
0	0	0.00	6.75	24.27	11.19	0.00
0	4	0.01	17.65	13.39	8.47	0.20
1	1	0.00	0.15	22.38	34.81	0.00
1	5	0.00	0.11	20.82	18.62	0.00
2	2	0.09	3.54	21.68	34.96	0.01
2	6	0.00	0.13	20.88	25.19	0.00
3	3	0.00	0.15	21.71	31.25	0.00
3	7	0.00	1.26	21.04	20.92	0.00
Core	CPU	C1%	C3%	C6%	C8%	C9%
-	-	0.03	3.76	19.84	22.83	0.08
0	0	0.01	4.95	23.70	14.84	0.00
0	4	0.19	24.30	8.23	3.09	0.00
1	1	0.00	0.16	20.36	33.09	0.00
1	5	0.00	0.16	21.10	30.16	0.00
2	2	0.00	0.08	20.39	20.20	0.61
2	6	0.00	0.10	20.53	26.69	0.00
3	3	0.00	0.15	21.65	27.37	0.00
3	7	0.01	0.21	22.68	27.21	0.00
Core	CPU	C1%	C3%	C6%	C8%	C9%
-	-	0.12	3.10	16.13	18.11	0.50
0	0	0.01	0.65	21.40	12.06	0.01
0	4	0.02	4.19	17.64	14.03	0.00
1	1	0.91	19.49	5.68	6.41	3.93
1	5	0.00	0.09	17.37	19.36	0.00
2	2	0.00	0.11	17.56	30.32	0.00
2	6	0.00	0.10	16.05	21.68	0.04
3	3	0.00	0.06	15.50	22.41	0.00
3	7	0.00	0.12	17.86	18.63	0.02
Core	CPU	C1%	C3%	C6%	C8%	C9%
-	-	0.03	3.88	20.64	21.82	0.00
0	0	0.02	24.30	12.02	1.55	0.02
0	4	0.00	1.16	22.24	23.51	0.00
1	1	0.04	1.35	21.12	19.13	0.00
1	5	0.16	3.36	20.69	17.71	0.00
2	2	0.00	0.26	22.15	29.56	0.00
2	6	0.00	0.16	19.35	22.19	0.00
3	3	0.00	0.22	24.97	33.36	0.00
3	7	0.00	0.21	22.56	27.55	0.00
Core	CPU	C1%	C3%	C6%	C8%	C9%
-	-	0.08	3.56	22.53	22.01	0.01
0	0	0.01	7.21	23.30	14.53	0.00
0	4	0.00	0.19	25.21	28.05	0.00
1	1	0.30	9.17	18.73	12.10	0.00
1	5	0.34	9.93	19.19	14.24	0.00
2	2	0.00	0.16	24.51	25.26	0.00
2	6	0.00	0.23	22.64	25.77	0.10
3	3	0.00	0.30	22.67	31.30	0.00
3	7	0.01	1.30	24.00	24.86	0.00
Core	CPU	C1%	C3%	C6%	C8%	C9%
-	-	0.10	3.75	21.07	22.23	0.00
0	0	0.02	3.69	24.65	11.25	0.00
0	4	0.00	0.09	21.72	28.90	0.00
1	1	0.11	6.45	20.71	16.81	0.00
1	5	0.52	12.45	17.41	26.39	0.02
2	2	0.00	0.15	21.19	27.82	0.00
2	6	0.00	0.15	20.32	19.18	0.00
3	3	0.13	4.65	20.73	27.04	0.00
3	7	0.00	2.46	22.22	20.90	0.00
Core	CPU	C1%	C3%	C6%	C8%	C9%
-	-	0.15	3.59	20.62	22.67	0.07
0	0	0.00	4.38	25.67	11.65	0.00
0	4	0.00	0.10	20.77	36.40	0.00
1	1	0.33	9.20	17.62	13.87	0.50
1	5	0.27	3.41	19.79	34.81	0.00
2	2	0.01	0.17	20.10	24.96	0.00
2	6	0.29	5.47	17.71	14.59	0.06
3	3	0.16	3.28	20.88	24.27	0.00
3	7	0.13	2.65	22.32	20.76	0.00
Core	CPU	C1%	C3%	C6%	C8%	C9%
-	-	0.06	2.32	16.42	15.02	0.00
0	0	0.07	10.70	14.24	4.34	0.00
0	4	0.29	5.75	14.79	10.71	0.00
1	1	0.03	0.20	16.80	14.70	0.00
1	5	0.10	0.17	16.38	21.36	0.00
2	2	0.00	0.19	15.57	12.95	0.00
2	6	0.00	0.20	16.29	23.60	0.00
3	3	0.00	0.23	17.09	21.19	0.00
3	7	0.01	1.10	19.94	11.09	0.00
Core	CPU	C1%	C3%	C6%	C8%	C9%
-	-	0.07	4.11	21.10	23.21	0.02
0	0	0.01	2.59	28.52	24.77	0.00
0	4	0.54	28.74	7.72	3.08	0.00
1	1	0.00	0.23	22.25	29.76	0.00
1	5	0.00	0.30	19.41	23.18	0.12
2	2	0.00	0.22	22.11	21.02	0.00
2	6	0.00	0.23	21.31	38.40	0.05
3	3	0.00	0.23	20.94	21.71	0.00
3	7	0.00	0.33	26.49	23.73	0.00
Core	CPU	C1%	C3%	C6%	C8%	C9%
-	-	0.03	3.83	21.44	23.58	0.01
0	0	0.00	2.69	27.89	12.06	0.00
0	4	0.16	25.34	6.73	1.92	0.00
1	1	0.00	0.35	22.95	35.85	0.00
1	5	0.00	0.21	21.49	27.48	0.00
2	2	0.01	0.93	22.29	22.76	0.00
2	6	0.00	0.27	21.35	30.98	0.06
3	3	0.00	0.34	22.98	25.33	0.00
3	7	0.10	0.52	25.85	32.22	0.00
Core	CPU	C1%	C3%	C6%	C8%	C9%
-	-	0.27	2.73	19.52	18.96	0.00
0	0	0.11	10.41	16.43	13.25	0.00
0	4	0.18	0.16	18.05	22.65	0.00
1	1	1.12	7.73	15.29	12.10	0.00
1	5	0.53	0.86	21.24	18.22	0.00
2	2	0.00	0.26	20.38	25.36	0.00
2	6	0.00	0.25	20.42	18.69	0.00
3	3	0.19	0.87	18.48	21.01	0.00
3	7	0.00	1.31	25.85	20.39	0.00
Core	CPU	C1%	C3%	C6%	C8%	C9%
-	-	0.28	4.00	20.76	22.60	0.00
0	0	0.00	0.29	27.19	17.78	0.01
0	4	0.38	6.03	19.41	16.15	0.00
1	1	0.00	0.33	23.60	25.16	0.00
1	5	1.86	24.37	7.66	4.29	0.00
2	2	0.01	0.21	21.69	31.47	0.00
2	6	0.00	0.24	20.66	40.37	0.00
3	3	0.01	0.19	23.09	23.66	0.00
3	7	0.00	0.30	22.79	21.93	0.00
Core	CPU	C1%	C3%	C6%	C8%	C9%
-	-	0.22	2.96	17.23	15.42	0.00
0	0	0.00	0.28	20.15	9.65	0.00
0	4	0.12	11.74	11.69	6.76	0.00
1	1	1.53	10.55	12.50	14.26	0.00
1	5	0.01	0.25	18.50	18.42	0.00
2	2	0.10	0.18	19.07	18.65	0.00
2	6	0.00	0.20	17.60	14.11	0.00
3	3	0.00	0.16	18.76	19.54	0.00
3	7	0.00	0.33	19.57	21.99	0.00
Core	CPU	C1%	C3%	C6%	C8%	C9%
-	-	0.37	3.73	22.43	20.59	0.00
0	0	0.00	0.52	28.27	20.28	0.01
0	4	0.59	0.25	24.13	25.60	0.00
1	1	1.95	23.91	8.57	4.75	0.00
1	5	0.31	4.11	21.01	23.67	0.00
2	2	0.13	0.26	25.19	22.57	0.00
2	6	0.00	0.23	23.41	21.67	0.00
3	3	0.00	0.24	23.80	29.20	0.00
3	7	0.00	0.41	25.51	17.41	0.00
Core	CPU	C1%	C3%	C6%	C8%	C9%
-	-	0.15	3.65	22.20	24.22	0.10
0	0	0.00	0.42	28.86	15.23	0.00
0	4	0.06	14.93	12.31	23.74	0.47
1	1	0.00	0.17	22.41	31.09	0.00
1	5	0.00	0.22	21.82	28.52	0.00
2	2	0.00	0.57	23.86	21.91	0.00
2	6	0.00	0.24	22.74	22.75	0.00
3	3	1.15	12.14	18.32	23.45	0.00
3	7	0.00	0.41	26.88	26.63	0.35
Core	CPU	C1%	C3%	C6%	C8%	C9%
-	-	0.03	4.10	21.75	22.98	0.00
0	0	0.02	10.50	20.13	10.72	0.00
0	4	0.21	21.44	12.85	7.04	0.00
1	1	0.00	0.09	22.89	23.49	0.00
1	5	0.00	0.12	25.05	19.20	0.00
2	2	0.04	0.09	21.91	34.42	0.00
2	6	0.00	0.15	21.76	36.93	0.00
3	3	0.00	0.14	23.00	22.55	0.00
3	7	0.01	0.30	26.42	29.52	0.00
Core	CPU	C1%	C3%	C6%	C8%	C9%
-	-	0.12	3.90	21.70	22.20	0.16
0	0	0.00	5.10	25.96	21.14	0.01
0	4	0.05	11.52	18.33	14.00	0.00
1	1	0.00	0.92	21.43	25.93	0.00
1	5	0.41	7.21	16.94	17.67	0.00
2	2	0.00	0.23	24.67	17.95	0.00
2	6	0.30	0.30	22.59	24.77	0.00
3	3	0.16	5.56	19.92	16.81	1.29
3	7	0.01	0.31	23.67	39.25	0.00
Core	CPU	C1%	C3%	C6%	C8%	C9%
-	-	0.03	1.99	26.46	24.47	0.17
0	0	0.10	6.68	22.47	5.78	0.00
0	4	0.11	6.15	24.31	13.38	0.00
1	1	0.00	1.59	25.99	34.38	0.00
1	5	0.00	0.25	25.77	26.72	0.00
2	2	0.00	0.24	31.68	28.31	0.00
2	6	0.00	0.28	25.93	22.68	0.10
3	3	0.00	0.37	27.99	33.76	0.00
3	7	0.00	0.36	27.57	30.77	1.25
Core	CPU	C1%	C3%	C6%	C8%	C9%
-	-	0.19	3.15	17.71	17.94	0.05
0	0	0.01	0.20	20.18	19.43	0.00
0	4	0.01	0.17	19.45	23.81	0.00
1	1	1.50	24.00	6.17	0.80	0.00
1	5	0.00	0.06	18.51	18.88	0.00
2	2	0.00	0.16	18.67	14.68	0.00
2	6	0.00	0.15	16.64	30.75	0.00
3	3	0.01	0.25	20.63	22.48	0.00
3	7	0.01	0.25	21.67	12.89	0.41
Core	CPU	C1%	C3%	C6%	C8%	C9%
-	-	0.12	3.88	23.96	23.77	0.00
0	0	0.00	8.93	24.41	9.17	0.00
0	4	0.01	12.31	17.62	20.22	0.00
1	1	0.00	0.26	25.52	29.23	0.00
1	5	0.01	0.23	24.62	31.84	0.00
2	2	0.52	4.44	21.53	22.59	0.00
2	6	0.40	4.28	22.12	26.35	0.00
3	3	0.00	0.36	27.24	22.82	0.00
3	7	0.00	0.18	28.37	27.67	0.00
Core	CPU	C1%	C3%	C6%	C8%	C9%
-	-	0.02	3.94	20.78	22.10	0.01
0	0	0.02	20.34	15.48	7.09	0.00
0	4	0.10	9.69	19.85	18.02	0.00
1	1	0.00	0.31	21.79	38.77	0.00
1	5	0.00	0.18	20.63	24.29	0.00
2	2	0.00	0.19	22.67	29.94	0.00
2	6	0.00	0.19	18.77	17.61	0.06
3	3	0.00	0.29	23.08	22.30	0.00
3	7	0.00	0.35	23.99	18.81	0.00
Core	CPU	C1%	C3%	C6%	C8%	C9%
-	-	0.15	3.66	20.64	20.38	0.17
0	0	0.01	4.84	22.88	8.11	1.39
0	4	0.02	3.76	19.72	20.70	0.00
1	1	0.22	5.48	17.80	20.52	0.00
1	5	0.31	4.46	18.94	13.98	0.00
2	2	0.01	0.26	22.91	36.18	0.00
2	6	0.51	9.90	17.88	23.45	0.00
3	3	0.03	0.29	23.06	21.37	0.00
3	7	0.10	0.26	21.94	18.72	0.00
