Core	CPU	C1%	C3%	C6%	C8%	C9%
-	-	0.12	0.35	9.52	3.86	0.00
0	0	0.06	2.68	65.15	25.52	0.00
0	4	0.00	0.02	1.38	0.00	0.00
1	1	0.00	0.01	1.89	1.10	0.00
1	5	0.68	0.00	0.84	0.29	0.00
2	2	0.10	0.05	1.67	1.30	0.00
2	6	0.00	0.00	2.14	0.89	0.00
3	3	0.00	0.05	1.49	0.79	0.00
3	7	0.13	0.02	1.58	0.98	0.00
Core	CPU	C1%	C3%	C6%	C8%	C9%
-	-	0.00	0.34	8.67	3.93	0.00
0	0	0.00	2.66	65.09	25.75	0.00
0	4	0.00	0.00	0.76	0.21	0.00
1	1	0.00	0.00	0.45	1.05	0.00
1	5	0.00	0.00	0.63	0.00	0.00
2	2	0.00	0.04	0.65	1.47	0.00
2	6	0.00	0.00	0.19	0.70	0.00
3	3	0.00	0.00	0.97	0.79	0.00
3	7	0.00	0.00	0.53	1.41	0.00
Core	CPU	C1%	C3%	C6%	C8%	C9%
-	-	1.08	0.30	8.35	4.51	0.00
0	0	4.81	1.86	51.21	24.34	0.01
0	4	0.00	0.00	0.78	0.00	0.00
1	1	0.00	0.00	0.64	1.59	0.00
1	5	0.00	0.01	1.19	1.60	0.00
2	2	0.00	0.02	0.71	1.49	0.00
2	6	0.00	0.00	0.10	1.20	0.00
3	3	0.00	0.00	0.19	0.70	0.00
3	7	3.84	0.47	12.06	5.13	0.00
Core	CPU	C1%	C3%	C6%	C8%	C9%
-	-	2.24	0.41	7.45	4.49	0.00
0	0	9.92	1.56	33.62	20.47	0.00
0	4	0.00	0.02	0.39	0.70	0.00
1	1	0.00	0.00	0.23	0.89	0.00
1	5	0.00	0.00	0.37	0.89	0.00
2	2	0.00	0.01	0.57	1.57	0.00
2	6	0.00	0.00	0.35	1.08	0.00
3	3	0.00	0.00	0.31	0.90	0.00
3	7	7.98	1.67	23.79	9.40	0.00
Core	CPU	C1%	C3%	C6%	C8%	C9%
-	-	0.00	0.38	9.26	4.14	0.96
0	0	0.00	2.86	65.97	24.74	0.00
0	4	0.00	0.00	1.80	0.20	7.67
1	1	0.00	0.00	2.39	2.77	0.00
1	5	0.00	0.00	0.44	0.71	0.00
2	2	0.00	0.01	1.72	0.59	0.00
2	6	0.00	0.00	0.43	1.79	0.00
3	3	0.00	0.14	0.46	1.49	0.00
3	7	0.00	0.00	0.83	0.80	0.00
Core	CPU	C1%	C3%	C6%	C8%	C9%
-	-	0.56	0.40	9.31	4.33	0.00
0	0	2.30	2.69	61.13	22.39	0.00
0	4	0.00	0.05	1.92	0.20	0.00
1	1	0.00	0.00	1.64	2.49	0.00
1	5	0.00	0.00	0.19	0.96	0.00
2	2	2.19	0.44	6.26	2.18	0.00
2	6	0.00	0.00	1.52	2.58	0.00
3	3	0.00	0.00	0.36	0.88	0.00
3	7	0.00	0.00	1.50	2.96	0.00
Core	CPU	C1%	C3%	C6%	C8%	C9%
-	-	0.00	0.35	8.69	3.83	0.58
0	0	0.00	2.80	65.73	24.97	0.00
0	4	0.00	0.00	1.34	0.41	4.65
1	1	0.00	0.00	0.40	1.09	0.00
1	5	0.00	0.00	0.24	0.99	0.00
2	2	0.01	0.00	0.83	0.71	0.00
2	6	0.00	0.00	0.29	0.80	0.00
3	3	0.00	0.00	0.20	0.88	0.00
3	7	0.00	0.00	0.47	0.78	0.00
Core	CPU	C1%	C3%	C6%	C8%	C9%
-	-	0.00	0.39	8.73	3.86	0.21
0	0	0.00	3.12	66.62	23.73	0.00
0	4	0.00	0.00	0.70	0.20	1.70
1	1	0.00	0.00	0.38	0.69	0.00
1	5	0.00	0.00	0.35	1.09	0.00
2	2	0.00	0.00	0.71	1.40	0.00
2	6	0.00	0.00	0.24	1.18	0.00
3	3	0.00	0.01	0.59	1.38	0.00
3	7	0.00	0.00	0.28	1.19	0.00
Core	CPU	C1%	C3%	C6%	C8%	C9%
-	-	3.28	0.35	6.97	3.73	0.00
0	0	13.45	0.75	10.50	10.19	0.00
0	4	0.00	0.00	0.43	0.78	0.00
1	1	0.00	0.02	0.90	0.19	0.00
1	5	0.00	0.00	0.00	0.40	0.00
2	2	12.76	1.95	41.82	17.00	0.00
2	6	0.00	0.00	0.36	0.70	0.00
3	3	0.00	0.00	0.74	0.47	0.00
3	7	0.00	0.09	0.99	0.09	0.00
Core	CPU	C1%	C3%	C6%	C8%	C9%
-	-	2.51	0.32	6.82	3.95	0.00
0	0	11.52	0.53	9.75	6.20	0.00
0	4	0.00	0.00	0.35	0.58	0.00
1	1	0.00	0.00	0.53	0.40	0.00
1	5	0.00	0.00	0.21	0.40	0.00
2	2	8.57	1.91	41.44	22.32	0.00
2	6	0.00	0.00	0.57	0.61	0.00
3	3	0.00	0.09	0.46	0.79	0.00
3	7	0.00	0.03	1.23	0.30	0.00
Core	CPU	C1%	C3%	C6%	C8%	C9%
-	-	1.45	0.42	7.86	4.14	0.00
0	0	5.86	1.92	39.24	18.74	0.00
0	4	0.00	0.00	0.32	1.10	0.00
1	1	0.00	0.01	0.44	1.19	0.00
1	5	0.00	0.00	0.15	1.37	0.00
2	2	5.77	1.30	20.29	8.05	0.00
2	6	0.00	0.00	1.18	0.60	0.00
3	3	0.00	0.03	0.28	1.58	0.00
3	7	0.00	0.07	1.01	0.49	0.00
Core	CPU	C1%	C3%	C6%	C8%	C9%
-	-	2.59	0.41	6.90	4.05	0.63
0	0	11.39	1.01	20.50	13.58	0.00
0	4	0.00	0.00	0.43	1.29	5.03
1	1	9.36	2.19	31.37	13.07	0.00
1	5	0.00	0.00	0.56	0.69	0.00
2	2	0.00	0.00	0.91	1.78	0.00
2	6	0.00	0.00	0.14	0.99	0.00
3	3	0.00	0.02	0.30	0.40	0.00
3	7	0.00	0.11	0.97	0.62	0.00
Core	CPU	C1%	C3%	C6%	C8%	C9%
-	-	1.26	0.38	8.32	3.70	0.00
0	0	5.04	2.31	52.87	22.59	0.00
0	4	0.00	0.00	0.62	0.79	0.00
1	1	5.00	0.62	10.52	3.16	0.00
1	5	0.00	0.00	0.00	0.49	0.00
2	2	0.00	0.00	0.38	0.79	0.00
2	6	0.00	0.00	0.37	0.79	0.00
3	3	0.00	0.00	0.74	0.50	0.00
3	7	0.00	0.11	1.09	0.50	0.00
Core	CPU	C1%	C3%	C6%	C8%	C9%
-	-	1.25	0.33	7.54	7.26	0.00
0	0	3.95	1.80	38.48	15.91	0.00
0	4	0.00	0.00	0.57	0.28	0.00
1	1	6.05	0.46	19.02	10.55	0.00
1	5	0.00	0.13	0.29	0.10	0.00
2	2	0.00	0.00	0.19	0.30	0.00
2	6	0.00	0.00	0.19	0.98	0.00
3	3	0.00	0.00	0.27	0.98	0.00
3	7	0.01	0.25	1.32	29.00	0.00
Core	CPU	C1%	C3%	C6%	C8%	C9%
-	-	2.71	0.35	6.97	4.71	0.00
0	0	11.15	0.50	9.92	11.11	0.00
0	4	0.00	0.00	0.87	0.81	0.00
1	1	10.44	2.30	41.06	20.50	0.00
1	5	0.00	0.00	0.64	1.01	0.00
2	2	0.00	0.02	0.74	1.19	0.00
2	6	0.08	0.00	0.91	1.19	0.00
3	3	0.00	0.00	0.79	1.29	0.00
3	7	0.00	0.00	0.87	0.59	0.00
Core	CPU	C1%	C3%	C6%	C8%	C9%
-	-	2.76	0.53	6.30	3.96	0.00
0	0	11.28	0.46	8.08	6.34	0.00
0	4	0.00	0.02	0.68	0.59	0.00
1	1	10.80	2.03	39.02	21.55	0.00
1	5	0.00	0.00	0.86	0.59	0.00
2	2	0.00	0.03	1.06	0.60	0.00
2	6	0.00	0.00	0.25	1.18	0.00
3	3	0.01	1.68	0.02	0.00	0.00
3	7	0.00	0.01	0.40	0.79	0.00
Core	CPU	C1%	C3%	C6%	C8%	C9%
-	-	2.73	0.28	6.71	4.47	0.00
0	0	11.30	0.54	10.57	10.40	0.00
0	4	0.00	0.00	0.55	0.40	0.00
1	1	10.57	1.73	40.61	21.47	0.00
1	5	0.00	0.00	0.42	0.11	0.00
2	2	0.00	0.01	0.41	0.88	0.00
2	6	0.00	0.00	0.29	0.88	0.00
3	3	0.00	0.00	0.56	0.60	0.00
3	7	0.00	0.00	0.24	0.99	0.00
Core	CPU	C1%	C3%	C6%	C8%	C9%
-	-	2.68	0.31	6.53	4.24	0.00
0	0	10.55	0.58	7.83	7.69	0.00
0	4	0.00	0.00	0.41	1.40	0.00
1	1	10.91	1.88	40.67	19.80	0.00
1	5	0.00	0.00	0.51	1.20	0.00
2	2	0.00	0.02	1.22	0.89	0.00
2	6	0.00	0.01	0.89	0.69	0.00
3	3	0.00	0.00	0.29	1.19	0.00
3	7	0.00	0.00	0.37	1.09	0.00
Core	CPU	C1%	C3%	C6%	C8%	C9%
-	-	0.01	0.40	8.79	4.10	1.39
0	0	0.01	3.20	66.72	23.55	0.00
0	4	0.00	0.02	0.70	0.00	11.15
1	1	0.00	0.00	0.20	1.28	0.00
1	5	0.06	0.00	0.54	0.99	0.00
2	2	0.00	0.00	0.73	1.48	0.00
2	6	0.00	0.00	0.42	2.18	0.00
3	3	0.00	0.00	0.74	2.19	0.00
3	7	0.00	0.00	0.29	1.09	0.00
Core	CPU	C1%	C3%	C6%	C8%	C9%
-	-	0.00	0.34	8.63	3.72	0.00
0	0	0.00	2.75	65.53	25.18	0.00
0	4	0.00	0.00	0.74	0.30	0.00
1	1	0.00	0.00	0.62	0.31	0.00
1	5	0.00	0.00	0.49	0.00	0.00
2	2	0.00	0.00	0.91	0.69	0.00
2	6	0.00	0.00	0.28	0.89	0.00
3	3	0.00	0.00	0.36	1.18	0.00
3	7	0.00	0.00	0.15	1.18	0.00
Core	CPU	C1%	C3%	C6%	C8%	C9%
-	-	0.00	0.38	8.78	3.71	1.37
0	0	0.00	2.98	66.29	24.18	0.00
0	4	0.00	0.00	0.86	0.11	7.88
1	1	0.00	0.00	0.68	0.79	0.00
1	5	0.00	0.00	0.44	0.79	0.00
2	2	0.00	0.02	0.91	0.80	0.00
2	6	0.00	0.00	0.39	1.09	0.00
3	3	0.00	0.00	0.27	0.99	3.08
3	7	0.00	0.00	0.36	0.89	0.00
Core	CPU	C1%	C3%	C6%	C8%	C9%
-	-	2.30	0.36	6.56	3.87	0.00
0	0	9.06	0.76	8.23	8.18	0.00
0	4	0.00	0.00	0.49	0.00	0.00
1	1	9.31	2.07	41.38	19.59	0.00
1	5	0.00	0.00	0.44	0.89	0.00
2	2	0.00	0.04	1.23	0.39	0.00
2	6	0.00	0.00	0.13	0.60	0.00
3	3	0.00	0.01	0.29	0.60	0.00
3	7	0.00	0.00	0.29	0.69	0.00
Core	CPU	C1%	C3%	C6%	C8%	C9%
-	-	4.30	0.55	6.71	4.28	0.24
0	0	17.35	1.27	9.58	14.48	0.00
0	4	0.00	0.00	0.49	0.11	0.90
1	1	17.03	3.10	41.42	15.91	0.00
1	5	0.00	0.00	0.10	0.40	0.00
2	2	0.00	0.02	1.19	0.48	0.00
2	6	0.00	0.00	0.48	1.08	0.99
3	3	0.00	0.00	0.25	0.89	0.00
3	7	0.00	0.02	0.19	0.90	0.00
Core	CPU	C1%	C3%	C6%	C8%	C9%
-	-	2.38	0.31	6.42	3.93	0.00
0	0	9.87	0.80	8.72	6.51	0.00
0	4	0.00	0.00	0.45	0.50	0.00
1	1	9.19	1.67	39.84	21.22	0.00
1	5	0.00	0.00	0.22	0.59	0.00
2	2	0.00	0.03	1.00	0.00	0.00
2	6	0.00	0.00	0.31	1.08	0.00
3	3	0.00	0.00	0.37	0.79	0.00
3	7	0.00	0.00	0.45	0.79	0.00
Core	CPU	C1%	C3%	C6%	C8%	C9%
-	-	2.75	0.36	6.52	4.19	0.00
0	0	12.49	0.64	8.91	8.74	0.01
0	4	0.00	0.00	0.00	0.49	0.00
1	1	9.48	2.20	40.75	20.54	0.00
1	5	0.00	0.00	0.55	0.79	0.00
2	2	0.00	0.02	0.85	0.68	0.00
2	6	0.00	0.00	0.33	0.69	0.00
3	3	0.00	0.00	0.30	0.79	0.00
3	7	0.00	0.00	0.47	0.79	0.00
Core	CPU	C1%	C3%	C6%	C8%	C9%
-	-	0.00	0.35	8.86	3.64	1.38
0	0	0.01	2.72	66.53	24.23	0.00
0	4	0.00	0.02	0.49	0.11	6.77
1	1	0.00	0.00	0.82	0.40	0.00
1	5	0.00	0.00	0.57	0.69	0.00
2	2	0.00	0.00	1.08	0.99	0.00
2	6	0.00	0.00	0.42	0.89	1.99
3	3	0.00	0.05	0.53	0.89	2.29
3	7	0.00	0.02	0.42	0.90	0.00
Core	CPU	C1%	C3%	C6%	C8%	C9%
-	-	0.00	0.33	8.61	3.84	0.00
0	0	0.00	2.63	65.62	25.38	0.00
0	4	0.00	0.01	0.20	0.29	0.00
1	1	0.00	0.00	0.39	0.89	0.00
1	5	0.00	0.00	0.28	0.89	0.00
2	2	0.00	0.01	0.86	0.69	0.00
2	6	0.00	0.00	0.24	1.08	0.00
3	3	0.00	0.00	0.41	1.10	0.00
3	7	0.00	0.00	0.90	0.39	0.00
Core	CPU	C1%	C3%	C6%	C8%	C9%
-	-	0.00	0.36	8.86	3.80	1.51
0	0	0.00	2.81	67.75	23.00	0.00
0	4	0.00	0.00	0.59	0.20	12.08
1	1	0.00	0.02	0.59	0.72	0.00
1	5	0.00	0.00	0.19	1.09	0.00
2	2	0.00	0.03	0.60	1.38	0.00
2	6	0.00	0.00	0.36	1.28	0.00
3	3	0.00	0.00	0.55	1.28	0.00
3	7	0.00	0.00	0.28	1.48	0.00
Core	CPU	C1%	C3%	C6%	C8%	C9%
-	-	0.00	0.41	8.74	3.73	0.00
0	0	0.00	3.19	66.35	23.90	0.00
0	4	0.00	0.00	0.87	0.00	0.00
1	1	0.00	0.03	0.96	0.80	0.00
1	5	0.00	0.00	0.24	1.09	0.00
2	2	0.00	0.04	0.70	0.99	0.00
2	6	0.00	0.00	0.20	1.19	0.00
3	3	0.00	0.00	0.19	0.99	0.00
3	7	0.00	0.00	0.46	0.88	0.00
Core	CPU	C1%	C3%	C6%	C8%	C9%
-	-	2.57	0.30	6.49	3.96	0.00
0	0	10.40	0.67	7.00	7.85	0.00
0	4	0.00	0.00	0.58	0.81	0.00
1	1	10.18	1.71	41.50	19.21	0.00
1	5	0.00	0.00	0.64	0.68	0.00
2	2	0.00	0.02	0.74	0.89	0.00
2	6	0.00	0.02	0.40	0.79	0.00
3	3	0.00	0.00	0.69	0.79	0.00
3	7	0.00	0.00	0.38	0.69	0.00
Core	CPU	C1%	C3%	C6%	C8%	C9%
-	-	0.00	0.33	8.86	3.91	0.00
0	0	0.00	2.53	66.60	24.34	0.00
0	4	0.00	0.00	0.52	0.20	0.00
1	1	0.00	0.00	0.60	0.29	0.00
1	5	0.00	0.00	0.39	1.39	0.00
2	2	0.00	0.03	1.27	0.98	0.00
2	6	0.00	0.00	0.45	1.49	0.00
3	3	0.00	0.09	0.53	1.09	0.00
3	7	0.00	0.00	0.54	1.49	0.00
Core	CPU	C1%	C3%	C6%	C8%	C9%
-	-	0.00	0.39	8.65	3.85	0.00
0	0	0.00	3.04	65.75	24.72	0.00
0	4	0.00	0.00	0.54	0.00	0.00
1	1	0.00	0.02	0.29	0.72	0.00
1	5	0.00	0.01	0.67	0.60	0.00
2	2	0.00	0.03	0.70	1.18	0.00
2	6	0.00	0.00	0.37	1.18	0.00
3	3	0.00	0.00	0.36	0.88	0.00
3	7	0.00	0.00	0.49	1.48	0.00
Core	CPU	C1%	C3%	C6%	C8%	C9%
-	-	3.18	0.33	6.88	4.38	0.00
0	0	13.96	0.45	9.59	9.79	0.00
0	4	0.00	0.00	1.00	1.29	0.00
1	1	11.50	2.11	42.10	18.91	0.00
1	5	0.00	0.00	0.73	0.79	0.00
2	2	0.00	0.06	0.67	1.00	0.00
2	6	0.00	0.00	0.23	1.19	0.00
3	3	0.00	0.00	0.29	1.18	0.00
3	7	0.00	0.00	0.46	0.89	0.00
Core	CPU	C1%	C3%	C6%	C8%	C9%
-	-	2.45	0.27	6.28	4.40	0.00
0	0	10.64	0.57	8.33	8.14	0.00
0	4	0.00	0.00	0.09	0.40	0.00
1	1	9.00	1.58	40.01	22.15	0.00
1	5	0.00	0.00	0.42	0.90	0.00
2	2	0.00	0.01	0.62	0.99	0.00
2	6	0.00	0.00	0.23	0.90	0.00
3	3	0.00	0.02	0.19	0.90	0.00
3	7	0.00	0.00	0.30	0.79	0.00
Core	CPU	C1%	C3%	C6%	C8%	C9%
-	-	2.42	0.43	7.30	4.03	0.00
0	0	10.02	1.33	24.97	14.31	0.00
0	4	0.00	0.00	0.32	0.81	0.00
1	1	9.37	2.08	30.90	13.37	0.00
1	5	0.00	0.00	0.09	0.60	0.00
2	2	0.00	0.00	1.39	0.30	0.00
2	6	0.00	0.00	0.37	0.79	0.00
3	3	0.00	0.00	0.25	1.08	0.00
3	7	0.00	0.03	0.10	0.99	0.00
Core	CPU	C1%	C3%	C6%	C8%	C9%
-	-	3.27	0.38	6.90	3.99	0.01
0	0	13.83	0.47	9.69	9.06	0.11
0	4	0.00	0.00	0.26	0.61	0.00
1	1	7.44	1.80	29.14	13.78	0.00
1	5	0.00	0.00	0.61	0.99	0.00
2	2	4.90	0.71	14.58	4.84	0.00
2	6	0.00	0.00	0.19	0.99	0.00
3	3	0.00	0.09	0.28	0.89	0.00
3	7	0.00	0.00	0.46	0.79	0.00
Core	CPU	C1%	C3%	C6%	C8%	C9%
-	-	3.84	0.49	6.46	8.44	0.00
0	0	16.69	0.81	9.98	11.21	0.00
0	4	0.00	0.00	0.00	0.59	0.00
1	1	0.00	0.00	0.24	1.09	0.00
1	5	0.00	0.00	0.27	1.37	0.00
2	2	14.03	3.03	38.90	21.46	0.00
2	6	0.00	0.00	0.71	1.19	0.00
3	3	0.00	0.00	0.20	1.29	0.00
3	7	0.01	0.08	1.34	29.28	0.00
Core	CPU	C1%	C3%	C6%	C8%	C9%
-	-	2.38	0.30	6.90	3.82	0.00
0	0	9.95	0.58	11.53	6.31	0.00
0	4	0.00	0.00	0.22	0.41	0.00
1	1	0.00	0.00	0.10	0.30	0.00
1	5	0.00	0.00	0.27	0.89	0.00
2	2	9.04	1.84	41.54	20.28	0.00
2	6	0.08	0.00	0.45	0.69	0.00
3	3	0.00	0.00	0.31	1.19	0.00
3	7	0.00	0.00	0.81	0.49	0.00
Core	CPU	C1%	C3%	C6%	C8%	C9%
-	-	2.38	0.26	6.49	4.46	0.02
0	0	9.76	0.50	8.93	7.92	0.00
0	4	0.00	0.00	0.25	0.71	0.00
1	1	0.00	0.00	0.14	1.09	0.00
1	5	0.00	0.00	0.22	0.89	0.00
2	2	9.21	1.55	40.81	21.80	0.00
2	6	0.00	0.00	0.37	0.99	0.12
3	3	0.10	0.02	0.68	0.69	0.00
3	7	0.00	0.01	0.53	1.58	0.00
Core	CPU	C1%	C3%	C6%	C8%	C9%
-	-	2.57	0.32	6.67	4.07	0.00
0	0	11.02	0.46	9.46	7.61	0.00
0	4	0.00	0.00	0.28	0.89	0.00
1	1	0.00	0.00	0.36	0.69	0.00
1	5	0.00	0.00	0.33	0.80	0.00
2	2	9.53	2.05	40.75	20.93	0.00
2	6	0.00	0.01	0.91	0.38	0.00
3	3	0.00	0.00	0.79	0.38	0.00
3	7	0.00	0.00	0.49	0.89	0.00
Core	CPU	C1%	C3%	C6%	C8%	C9%
-	-	0.41	0.40	8.42	3.79	0.43
0	0	2.04	2.62	60.49	22.91	0.00
0	4	0.00	0.02	0.00	0.49	0.00
1	1	0.00	0.01	0.91	1.30	0.00
1	5	0.00	0.00	0.29	0.89	0.00
2	2	1.21	0.37	4.69	1.88	0.00
2	6	0.00	0.00	0.28	0.99	0.00
3	3	0.00	0.13	0.30	0.80	3.47
3	7	0.00	0.02	0.41	1.09	0.00
Core	CPU	C1%	C3%	C6%	C8%	C9%
-	-	0.00	0.35	8.60	3.86	0.68
0	0	0.00	2.75	65.86	24.87	0.00
0	4	0.00	0.00	0.64	0.10	5.46
1	1	0.00	0.00	0.51	0.50	0.00
1	5	0.00	0.00	0.28	0.99	0.00
2	2	0.00	0.00	0.19	0.98	0.00
2	6	0.00	0.00	0.41	0.90	0.00
3	3	0.00	0.00	0.45	1.18	0.00
3	7	0.00	0.01	0.45	1.39	0.00
Core	CPU	C1%	C3%	C6%	C8%	C9%
-	-	0.00	0.32	8.60	3.98	0.17
0	0	0.00	2.56	65.45	25.47	0.00
0	4	0.00	0.00	0.72	0.20	1.33
1	1	0.00	0.00	0.44	1.39	0.00
1	5	0.00	0.00	0.58	0.69	0.00
2	2	0.00	0.00	0.50	0.10	0.00
2	6	0.00	0.00	0.20	1.09	0.00
3	3	0.00	0.00	0.18	1.08	0.00
3	7	0.00	0.00	0.76	1.79	0.00
Core	CPU	C1%	C3%	C6%	C8%	C9%
-	-	0.00	0.41	8.60	3.94	0.45
0	0	0.00	3.22	65.38	24.91	0.00
0	4	0.00	0.00	0.99	0.10	3.61
1	1	0.00	0.00	0.27	0.89	0.00
1	5	0.00	0.00	0.44	0.79	0.00
2	2	0.00	0.00	0.72	1.10	0.00
2	6	0.00	0.02	0.34	1.57	0.00
3	3	0.00	0.00	0.20	0.90	0.00
3	7	0.00	0.00	0.50	1.29	0.00
Core	CPU	C1%	C3%	C6%	C8%	C9%
-	-	0.00	0.37	8.71	4.15	0.00
0	0	0.00	2.96	66.01	24.50	0.00
0	4	0.00	0.01	0.50	0.00	0.00
1	1	0.00	0.00	0.76	1.48	0.00
1	5	0.00	0.00	0.38	1.58	0.00
2	2	0.00	0.00	0.59	0.80	0.00
2	6	0.00	0.00	0.50	1.49	0.00
3	3	0.00	0.00	0.41	1.49	0.00
3	7	0.00	0.02	0.51	1.88	0.00
Core	CPU	C1%	C3%	C6%	C8%	C9%
-	-	0.00	0.40	8.79	3.63	1.23
0	0	0.01	2.99	66.56	24.01	0.00
0	4	0.00	0.00	0.82	0.11	9.85
1	1	0.00	0.02	0.68	0.13	0.00
1	5	0.00	0.00	0.09	0.40	0.00
2	2	0.00	0.00	0.18	0.99	0.00
2	6	0.00	0.00	0.43	1.49	0.00
3	3	0.00	0.19	0.44	0.80	0.00
3	7	0.00	0.00	1.14	1.09	0.00
Core	CPU	C1%	C3%	C6%	C8%	C9%
-	-	0.00	0.33	8.64	3.95	0.47
0	0	0.00	2.59	65.77	25.16	0.00
0	4	0.00	0.00	0.97	0.30	3.78
1	1	0.00	0.00	0.25	0.90	0.00
1	5	0.00	0.00	0.14	0.99	0.00
2	2	0.00	0.02	0.69	1.09	0.00
2	6	0.00	0.00	0.54	1.30	0.00
3	3	0.00	0.00	0.18	0.99	0.00
3	7	0.00	0.00	0.57	0.90	0.00
Core	CPU	C1%	C3%	C6%	C8%	C9%
-	-	0.00	0.34	8.79	4.07	0.00
0	0	0.00	2.71	65.71	25.09	0.00
0	4	0.00	0.00	0.99	0.00	0.00
1	1	0.00	0.00	0.27	1.28	0.00
1	5	0.00	0.00	1.73	1.86	0.00
2	2	0.00	0.00	0.33	1.09	0.00
2	6	0.00	0.02	0.49	0.79	0.00
3	3	0.00	0.00	0.20	1.19	0.00
3	7	0.00	0.00	0.60	1.28	0.00
Core	CPU	C1%	C3%	C6%	C8%	C9%
-	-	1.20	0.24	7.15	4.09	0.01
0	0	5.53	1.02	21.92	7.47	0.12
0	4	0.00	0.02	0.64	0.09	0.00
1	1	0.00	0.00	0.63	1.48	0.00
1	5	0.00	0.00	0.88	0.79	0.00
2	2	0.00	0.00	0.36	0.79	0.00
2	6	0.00	0.05	0.62	1.77	0.00
3	3	4.07	0.82	31.06	19.31	0.00
3	7	0.00	0.01	1.11	0.99	0.00
Core	CPU	C1%	C3%	C6%	C8%	C9%
-	-	0.94	0.39	7.83	3.68	0.51
0	0	3.89	2.01	47.95	19.43	0.00
0	4	0.00	0.00	0.55	0.00	0.00
1	1	0.00	0.00	0.23	0.90	0.00
1	5	0.00	0.12	0.29	0.89	0.00
2	2	0.00	0.00	0.00	0.40	0.00
2	6	0.00	0.02	0.27	0.49	0.00
3	3	3.61	0.95	12.02	6.62	0.00
3	7	0.00	0.05	1.31	0.70	4.10
Core	CPU	C1%	C3%	C6%	C8%	C9%
-	-	0.00	0.32	8.71	3.94	0.78
0	0	0.00	2.50	65.10	25.92	0.00
0	4	0.00	0.00	0.88	0.11	6.25
1	1	0.00	0.00	0.87	0.69	0.00
1	5	0.00	0.00	0.44	1.49	0.00
2	2	0.00	0.00	0.23	1.20	0.00
2	6	0.00	0.05	1.03	0.60	0.00
3	3	0.00	0.00	0.40	0.79	0.00
3	7	0.00	0.03	0.77	0.69	0.00
Core	CPU	C1%	C3%	C6%	C8%	C9%
-	-	0.00	0.76	8.73	4.07	0.97
0	0	0.00	2.59	65.84	25.06	0.00
0	4	0.00	0.01	1.16	0.00	7.74
1	1	0.00	0.00	0.29	1.65	0.00
1	5	0.00	0.00	0.46	1.63	0.00
2	2	0.00	0.00	0.73	1.73	0.00
2	6	0.00	0.00	0.24	1.82	0.00
3	3	0.00	1.55	0.49	0.00	0.00
3	7	0.00	1.95	0.62	0.68	0.00
Core	CPU	C1%	C3%	C6%	C8%	C9%
-	-	0.00	0.33	8.62	3.92	0.00
0	0	0.00	2.52	65.56	25.39	0.00
0	4	0.00	0.00	0.87	0.00	0.00
1	1	0.00	0.00	0.80	0.79	0.00
1	5	0.00	0.00	0.14	1.00	0.00
2	2	0.00	0.13	0.30	0.79	0.00
2	6	0.00	0.00	0.28	1.48	0.00
3	3	0.00	0.00	0.29	1.08	0.00
3	7	0.00	0.01	0.67	0.79	0.00
Core	CPU	C1%	C3%	C6%	C8%	C9%
-	-	0.00	0.33	8.52	3.99	0.00
0	0	0.00	2.55	65.27	25.70	0.00
0	4	0.00	0.00	0.50	0.00	0.00
1	1	0.00	0.00	0.38	0.89	0.00
1	5	0.00	0.00	0.45	0.89	0.00
2	2	0.00	0.00	0.24	1.09	0.00
2	6	0.00	0.00	0.30	1.29	0.00
3	3	0.00	0.10	0.10	1.19	0.00
3	7	0.00	0.00	0.90	0.90	0.00
Core	CPU	C1%	C3%	C6%	C8%	C9%
-	-	0.00	0.30	8.53	3.97	0.00
0	0	0.00	2.39	65.06	26.08	0.00
0	4	0.00	0.00	1.08	0.29	0.00
1	1	0.00	0.00	0.00	0.69	0.00
1	5	0.00	0.00	0.69	0.89	0.00
2	2	0.00	0.00	0.27	0.89	0.00
2	6	0.00	0.00	0.45	0.59	0.00
3	3	0.00	0.00	0.23	1.09	0.00
3	7	0.00	0.00	0.41	1.20	0.00
Core	CPU	C1%	C3%	C6%	C8%	C9%
-	-	0.00	0.31	8.54	3.93	0.00
0	0	0.00	2.28	64.96	26.25	0.00
0	4	0.00	0.00	0.65	0.00	0.00
1	1	0.00	0.00	0.62	0.31	0.00
1	5	0.00	0.01	0.88	0.79	0.00
2	2	0.00	0.00	0.10	1.09	0.00
2	6	0.00	0.00	0.28	0.89	0.00
3	3	0.00	0.20	0.46	0.80	0.00
3	7	0.00	0.00	0.35	1.30	0.00
Core	CPU	C1%	C3%	C6%	C8%	C9%
-	-	0.02	0.32	8.83	3.81	0.00
0	0	0.16	2.57	65.56	25.25	0.00
0	4	0.00	0.00	0.98	0.00	0.00
1	1	0.00	0.00	1.14	1.19	0.00
1	5	0.00	0.00	0.25	0.89	0.00
2	2	0.00	0.00	0.72	0.49	0.00
2	6	0.00	0.00	0.60	0.59	0.00
3	3	0.00	0.00	0.79	0.79	0.00
3	7	0.00	0.00	0.62	1.29	0.00
Core	CPU	C1%	C3%	C6%	C8%	C9%
-	-	0.00	0.35	8.78	4.31	0.12
0	0	0.00	2.73	65.21	25.60	0.00
0	4	0.00	0.00	0.68	0.00	0.97
1	1	0.00	0.00	0.67	1.88	0.00
1	5	0.00	0.00	1.73	1.94	0.00
2	2	0.00	0.00	0.24	0.99	0.00
2	6	0.00	0.05	0.88	1.54	0.00
3	3	0.00	0.00	0.20	1.09	0.00
3	7	0.00	0.00	0.62	1.41	0.00
Core	CPU	C1%	C3%	C6%	C8%	C9%
-	-	0.78	0.27	8.18	7.98	1.12
0	0	2.73	1.60	42.72	16.82	0.00
0	4	0.00	0.03	0.50	0.00	8.94
1	1	0.00	0.00	0.75	1.49	0.00
1	5	0.00	0.00	1.18	1.29	0.00
2	2	0.00	0.00	0.76	2.27	0.00
2	6	0.00	0.00	0.94	0.69	0.00
3	3	3.47	0.47	16.86	10.25	0.00
3	7	0.01	0.06	1.76	31.00	0.00
Core	CPU	C1%	C3%	C6%	C8%	C9%
-	-	0.00	0.30	8.53	3.93	0.00
0	0	0.00	2.40	65.33	25.71	0.00
0	4	0.00	0.00	0.65	0.00	0.00
1	1	0.00	0.00	0.23	0.81	0.00
1	5	0.00	0.02	0.28	0.40	0.00
2	2	0.00	0.02	0.45	1.48	0.00
2	6	0.00	0.00	0.19	1.28	0.00
3	3	0.00	0.00	0.37	1.07	0.00
3	7	0.00	0.00	0.74	0.69	0.00
Core	CPU	C1%	C3%	C6%	C8%	C9%
-	-	0.02	0.32	8.77	4.08	0.00
0	0	0.00	2.54	64.97	25.92	0.00
0	4	0.12	0.00	0.88	0.00	0.00
1	1	0.00	0.02	0.88	1.46	0.00
1	5	0.00	0.00	0.61	1.12	0.00
2	2	0.00	0.01	1.27	1.70	0.00
2	6	0.00	0.01	0.79	0.10	0.00
3	3	0.07	0.00	0.36	1.09	0.00
3	7	0.00	0.00	0.37	1.29	0.00
Core	CPU	C1%	C3%	C6%	C8%	C9%
-	-	0.00	0.54	8.72	3.94	0.00
0	0	0.00	2.20	63.74	25.60	0.00
0	4	0.00	0.00	0.80	0.00	0.00
1	1	0.00	0.00	0.48	1.38	0.00
1	5	0.00	0.00	1.25	1.19	0.00
2	2	0.00	0.02	1.42	0.71	0.00
2	6	0.00	0.00	1.05	1.18	0.00
3	3	0.00	2.09	0.07	0.20	0.00
3	7	0.00	0.00	0.98	1.29	0.00
Core	CPU	C1%	C3%	C6%	C8%	C9%
-	-	0.00	0.31	8.70	3.82	0.12
0	0	0.00	2.40	65.03	26.11	0.00
0	4	0.00	0.00	0.53	0.00	0.00
1	1	0.00	0.00	0.20	0.30	0.00
1	5	0.00	0.00	0.39	1.09	0.00
2	2	0.00	0.02	1.07	0.60	0.00
2	6	0.00	0.00	0.46	0.79	1.00
3	3	0.00	0.00	0.93	0.79	0.00
3	7	0.00	0.02	1.00	0.89	0.00
Core	CPU	C1%	C3%	C6%	C8%	C9%
-	-	0.01	0.32	8.70	4.23	1.05
0	0	0.01	2.50	64.24	26.39	0.00
0	4	0.00	0.00	0.76	0.00	5.48
1	1	0.00	0.00	0.34	0.90	0.00
1	5	0.00	0.00	0.62	1.31	0.00
2	2	0.00	0.04	1.70	1.56	0.92
2	6	0.00	0.00	0.38	1.29	2.00
3	3	0.06	0.00	0.83	1.59	0.00
3	7	0.00	0.00	0.70	0.79	0.00
Core	CPU	C1%	C3%	C6%	C8%	C9%
-	-	0.00	0.30	8.64	4.49	0.13
0	0	0.00	2.33	64.45	26.77	0.00
0	4	0.00	0.00	0.49	0.00	0.00
1	1	0.00	0.00	0.86	0.98	0.00
1	5	0.00	0.00	0.86	0.98	0.00
2	2	0.00	0.04	0.56	1.75	0.00
2	6	0.00	0.00	0.44	1.77	1.00
3	3	0.00	0.00	0.70	1.87	0.00
3	7	0.00	0.01	0.72	1.76	0.00
Core	CPU	C1%	C3%	C6%	C8%	C9%
-	-	0.00	0.27	8.61	3.88	0.00
0	0	0.00	2.14	63.99	27.42	0.00
0	4	0.00	0.00	0.62	0.00	0.00
1	1	0.00	0.00	0.40	0.19	0.00
1	5	0.00	0.00	0.27	0.99	0.00
2	2	0.00	0.00	1.28	0.48	0.00
2	6	0.00	0.02	0.47	0.79	0.00
3	3	0.00	0.00	0.93	0.79	0.00
3	7	0.00	0.01	0.90	0.39	0.00
Core	CPU	C1%	C3%	C6%	C8%	C9%
-	-	0.01	0.33	8.84	4.31	1.48
0	0	0.00	2.46	65.09	25.96	0.00
0	4	0.00	0.00	1.13	0.00	11.86
1	1	0.00	0.00	1.23	1.19	0.00
1	5	0.00	0.00	0.41	1.31	0.00
2	2	0.00	0.00	1.59	1.71	0.00
2	6	0.00	0.02	0.38	1.78	0.00
3	3	0.05	0.19	0.46	1.28	0.00
3	7	0.00	0.00	0.39	1.28	0.00
Core	CPU	C1%	C3%	C6%	C8%	C9%
-	-	0.00	0.27	8.50	4.22	0.00
0	0	0.00	2.18	64.41	27.01	0.00
0	4	0.00	0.00	0.48	0.50	0.00
1	1	0.00	0.00	0.45	0.69	0.00
1	5	0.00	0.00	0.73	0.69	0.00
2	2	0.00	0.02	1.01	1.01	0.00
2	6	0.00	0.00	0.13	1.39	0.00
3	3	0.00	0.00	0.29	0.98	0.00
3	7	0.00	0.00	0.47	1.47	0.00
Core	CPU	C1%	C3%	C6%	C8%	C9%
-	-	0.00	0.31	8.55	4.26	1.67
0	0	0.00	2.35	65.15	25.97	0.00
0	4	0.00	0.00	0.25	0.70	12.42
1	1	0.00	0.01	0.59	1.09	0.00
1	5	0.00	0.00	0.41	0.99	0.00
2	2	0.00	0.00	0.86	1.09	0.00
2	6	0.00	0.00	0.22	0.99	0.00
3	3	0.00	0.12	0.34	1.48	0.91
3	7	0.00	0.02	0.59	1.81	0.00
Core	CPU	C1%	C3%	C6%	C8%	C9%
-	-	0.00	0.30	8.60	4.21	0.00
0	0	0.00	2.36	64.13	27.07	0.00
0	4	0.00	0.00	0.43	0.30	0.00
1	1	0.00	0.01	0.40	0.30	0.00
1	5	0.00	0.00	0.48	0.99	0.00
2	2	0.00	0.00	1.18	1.09	0.00
2	6	0.00	0.00	0.36	0.79	0.00
3	3	0.00	0.00	1.03	1.77	0.00
3	7	0.00	0.03	0.78	1.38	0.00
Core	CPU	C1%	C3%	C6%	C8%	C9%
-	-	2.61	0.30	8.39	4.83	0.32
0	0	12.70	1.33	45.00	26.61	0.00
0	4	0.00	0.00	0.85	0.11	2.59
1	1	0.00	0.00	0.42	0.89	0.00
1	5	0.00	0.00	0.23	1.09	0.00
2	2	0.00	0.00	0.91	0.65	0.00
2	6	0.00	0.00	0.20	0.99	0.00
3	3	8.16	1.03	19.15	6.86	0.00
3	7	0.00	0.01	0.35	1.47	0.00
Core	CPU	C1%	C3%	C6%	C8%	C9%
-	-	0.02	0.32	9.11	3.88	0.66
0	0	0.00	2.51	65.36	25.71	0.00
0	4	0.00	0.00	0.89	0.11	5.29
1	1	0.00	0.00	0.66	0.90	0.00
1	5	0.00	0.03	0.73	1.19	0.00
2	2	0.00	0.04	1.51	1.30	0.00
2	6	0.10	0.01	1.15	0.70	0.00
3	3	0.08	0.00	0.98	0.31	0.00
3	7	0.00	0.00	1.60	0.79	0.00
Core	CPU	C1%	C3%	C6%	C8%	C9%
-	-	0.00	0.28	8.65	4.22	0.00
0	0	0.01	2.23	64.24	27.04	0.00
0	4	0.00	0.01	0.60	0.00	0.00
1	1	0.00	0.00	1.24	1.09	0.00
1	5	0.00	0.00	0.48	1.18	0.00
2	2	0.00	0.00	1.15	1.20	0.00
2	6	0.00	0.00	0.74	0.69	0.00
3	3	0.00	0.02	0.30	1.19	0.00
3	7	0.00	0.00	0.49	1.38	0.00
Core	CPU	C1%	C3%	C6%	C8%	C9%
-	-	0.00	0.30	8.92	3.95	0.75
0	0	0.00	2.37	65.14	26.04	0.00
0	4	0.00	0.03	0.50	0.10	5.97
1	1	0.00	0.00	0.40	1.07	0.00
1	5	0.00	0.00	1.07	1.29	0.00
2	2	0.00	0.00	1.17	1.10	0.00
2	6	0.00	0.00	0.42	1.09	0.00
3	3	0.00	0.00	1.02	0.40	0.00
3	7	0.00	0.02	1.64	0.49	0.00
Core	CPU	C1%	C3%	C6%	C8%	C9%
-	-	0.00	0.28	8.43	4.00	0.00
0	0	0.00	2.20	64.87	26.49	0.00
0	4	0.00	0.00	0.86	0.00	0.00
1	1	0.00	0.00	0.24	1.09	0.00
1	5	0.00	0.00	0.23	1.18	0.00
2	2	0.00	0.00	0.50	0.67	0.00
2	6	0.00	0.00	0.20	0.89	0.00
3	3	0.00	0.00	0.27	0.79	0.00
3	7	0.00	0.00	0.25	0.89	0.00
Core	CPU	C1%	C3%	C6%	C8%	C9%
-	-	0.00	0.29	8.44	4.37	0.00
0	0	0.00	2.32	64.47	26.83	0.00
0	4	0.00	0.00	0.44	0.60	0.00
1	1	0.00	0.00	0.35	1.18	0.00
1	5	0.00	0.00	0.32	1.30	0.00
2	2	0.00	0.02	1.19	1.59	0.00
2	6	0.00	0.00	0.10	0.99	0.00
3	3	0.00	0.00	0.19	0.98	0.00
3	7	0.00	0.00	0.47	1.47	0.00
Core	CPU	C1%	C3%	C6%	C8%	C9%
-	-	0.00	0.37	9.02	4.20	0.86
0	0	0.01	2.91	65.88	24.70	0.00
0	4	0.00	0.00	1.73	1.32	6.84
1	1	0.00	0.00	0.86	1.79	0.00
1	5	0.00	0.00	0.27	0.99	0.00
2	2	0.00	0.00	1.35	1.50	0.00
2	6	0.00	0.00	0.14	0.99	0.00
3	3	0.00	0.02	0.99	0.80	0.00
3	7	0.00	0.00	0.97	1.56	0.00
Core	CPU	C1%	C3%	C6%	C8%	C9%
-	-	0.00	0.27	8.30	4.24	0.31
0	0	0.00	2.12	63.89	27.54	0.00
0	4	0.00	0.02	0.50	0.00	2.49
1	1	0.00	0.00	0.10	0.40	0.00
1	5	0.00	0.00	0.47	1.97	0.00
2	2	0.00	0.01	0.57	1.09	0.00
2	6	0.00	0.00	0.25	0.90	0.00
3	3	0.00	0.00	0.41	1.00	0.00
3	7	0.00	0.00	0.20	0.99	0.00
Core	CPU	C1%	C3%	C6%	C8%	C9%
-	-	2.46	0.31	8.21	4.73	0.64
0	0	9.79	1.65	40.57	26.00	0.00
0	4	0.00	0.00	1.17	0.20	4.20
1	1	0.00	0.00	0.43	0.00	0.00
1	5	0.00	0.00	0.79	1.64	0.00
2	2	0.00	0.04	1.00	1.48	0.91
2	6	0.72	0.01	0.84	1.57	0.00
3	3	9.16	0.74	20.10	5.80	0.00
3	7	0.00	0.00	0.82	1.18	0.00
Core	CPU	C1%	C3%	C6%	C8%	C9%
-	-	0.00	0.32	8.64	4.21	0.00
0	0	0.00	2.43	63.93	27.24	0.00
0	4	0.00	0.00	0.87	0.00	0.00
1	1	0.00	0.00	0.36	0.69	0.00
1	5	0.03	0.00	0.99	1.00	0.00
2	2	0.00	0.05	1.07	1.18	0.00
2	6	0.00	0.00	0.93	1.18	0.00
3	3	0.00	0.12	0.58	1.38	0.00
3	7	0.00	0.00	0.37	0.98	0.00
Core	CPU	C1%	C3%	C6%	C8%	C9%
-	-	0.00	0.29	8.51	4.40	0.00
0	0	0.00	2.25	64.14	27.09	0.00
0	4	0.00	0.00	0.50	0.10	0.00
1	1	0.00	0.00	0.93	1.30	0.00
1	5	0.00	0.00	0.77	0.80	0.00
2	2	0.00	0.02	0.48	0.97	0.00
2	6	0.00	0.00	0.33	1.09	0.00
3	3	0.00	0.02	0.39	0.90	0.00
3	7	0.00	0.03	0.58	2.97	0.00
Core	CPU	C1%	C3%	C6%	C8%	C9%
-	-	0.01	0.35	9.12	7.13	1.91
0	0	0.00	2.64	66.53	24.43	0.00
0	4	0.00	0.00	1.43	0.00	15.24
1	1	0.00	0.02	0.60	0.30	0.00
1	5	0.00	0.00	0.19	2.02	0.00
2	2	0.00	0.04	0.99	1.77	0.00
2	6	0.00	0.00	0.77	1.77	0.00
3	3	0.00	0.00	1.04	1.48	0.00
3	7	0.07	0.13	1.41	25.28	0.00
Core	CPU	C1%	C3%	C6%	C8%	C9%
-	-	0.00	0.29	8.44	4.05	0.00
0	0	0.00	2.31	63.97	27.29	0.00
0	4	0.00	0.00	0.87	0.00	0.00
1	1	0.00	0.00	0.55	0.49	0.00
1	5	0.00	0.00	0.24	0.91	0.00
2	2	0.00	0.02	0.65	1.19	0.00
2	6	0.00	0.00	0.10	1.00	0.00
3	3	0.00	0.00	0.29	1.08	0.00
3	7	0.00	0.00	0.85	0.40	0.00
Core	CPU	C1%	C3%	C6%	C8%	C9%
-	-	0.80	0.26	7.41	4.28	0.31
0	0	3.31	1.65	39.15	17.09	0.00
0	4	0.00	0.00	1.13	0.50	2.51
1	1	0.00	0.00	0.28	1.08	0.00
1	5	0.00	0.00	0.34	0.89	0.00
2	2	0.00	0.00	1.15	0.79	0.00
2	6	0.00	0.00	0.23	1.19	0.00
3	3	3.07	0.41	16.15	11.56	0.00
3	7	0.00	0.00	0.89	1.18	0.00
Core	CPU	C1%	C3%	C6%	C8%	C9%
-	-	2.64	0.23	7.29	5.31	0.00
0	0	16.36	0.39	4.58	14.11	0.00
0	4	0.00	0.71	19.78	6.44	0.00
1	1	0.00	0.00	0.57	0.40	0.00
1	5	0.00	0.00	0.29	1.08	0.00
2	2	0.00	0.01	0.98	1.27	0.00
2	6	0.00	0.00	0.36	0.89	0.00
3	3	4.75	0.75	31.38	17.23	0.00
3	7	0.00	0.00	0.39	1.08	0.00
Core	CPU	C1%	C3%	C6%	C8%	C9%
-	-	2.78	0.35	9.13	6.96	0.00
0	0	22.25	1.26	29.83	38.96	0.00
0	4	0.01	1.47	39.59	11.11	0.00
1	1	0.00	0.00	0.54	1.08	0.00
1	5	0.00	0.02	0.68	1.09	0.00
2	2	0.00	0.02	1.08	1.24	0.00
2	6	0.00	0.00	0.29	0.59	0.00
3	3	0.00	0.00	0.36	0.88	0.00
3	7	0.00	0.01	0.72	0.75	0.00
Core	CPU	C1%	C3%	C6%	C8%	C9%
-	-	0.00	0.33	8.67	4.07	0.00
0	0	0.00	2.39	65.21	25.98	0.00
0	4	0.00	0.00	0.57	0.31	0.00
1	1	0.00	0.00	0.26	0.79	0.00
1	5	0.00	0.00	0.39	1.30	0.00
2	2	0.00	0.03	1.21	0.91	0.00
2	6	0.00	0.02	0.89	0.79	0.00
3	3	0.00	0.20	0.40	1.09	0.00
3	7	0.00	0.00	0.46	1.39	0.00
Core	CPU	C1%	C3%	C6%	C8%	C9%
-	-	0.02	0.31	8.62	4.24	0.05
0	0	0.00	2.43	64.86	26.18	0.00
0	4	0.10	0.00	0.73	0.59	0.40
1	1	0.00	0.00	0.20	1.39	0.00
1	5	0.00	0.00	0.52	1.29	0.00
2	2	0.00	0.03	1.65	1.49	0.00
2	6	0.00	0.00	0.24	0.99	0.00
3	3	0.03	0.02	0.39	0.99	0.00
3	7	0.00	0.00	0.39	0.99	0.00
Core	CPU	C1%	C3%	C6%	C8%	C9%
-	-	0.00	0.30	8.70	4.08	0.04
0	0	0.01	2.41	64.89	26.36	0.00
0	4	0.00	0.00	0.94	0.19	0.31
1	1	0.00	0.01	0.72	0.31	0.00
1	5	0.00	0.00	0.60	1.13	0.00
2	2	0.00	0.01	0.66	1.09	0.00
2	6	0.00	0.00	0.31	1.28	0.00
3	3	0.00	0.00	0.91	1.19	0.00
3	7	0.00	0.00	0.61	1.09	0.00
Core	CPU	C1%	C3%	C6%	C8%	C9%
-	-	0.00	0.29	8.50	4.06	0.28
0	0	0.00	2.25	63.78	27.54	0.00
0	4	0.00	0.00	0.87	0.00	2.27
1	1	0.00	0.00	0.94	0.89	0.00
1	5	0.00	0.00	0.32	0.91	0.00
2	2	0.00	0.03	0.91	0.69	0.00
2	6	0.00	0.00	0.20	1.09	0.00
3	3	0.00	0.00	0.48	0.69	0.00
3	7	0.00	0.00	0.46	0.69	0.00
Core	CPU	C1%	C3%	C6%	C8%	C9%
-	-	0.00	0.30	8.38	4.19	0.61
0	0	0.00	2.40	64.17	26.98	0.00
0	4	0.00	0.00	0.59	0.11	4.86
1	1	0.00	0.00	0.28	1.09	0.00
1	5	0.00	0.00	0.26	0.99	0.00
2	2	0.00	0.00	0.75	0.81	0.00
2	6	0.00	0.00	0.22	1.19	0.00
3	3	0.00	0.00	0.09	1.30	0.00
3	7	0.00	0.00	0.68	1.09	0.00
Core	CPU	C1%	C3%	C6%	C8%	C9%
-	-	0.00	0.29	8.67	3.92	0.45
0	0	0.00	2.26	64.96	26.40	0.00
0	4	0.00	0.00	0.42	0.60	0.00
1	1	0.00	0.00	0.10	0.89	0.00
1	5	0.00	0.00	0.28	0.89	0.00
2	2	0.00	0.04	1.05	0.79	0.00
2	6	0.00	0.00	0.41	0.69	0.00
3	3	0.00	0.00	1.13	0.79	3.57
3	7	0.00	0.01	1.00	0.30	0.00
Core	CPU	C1%	C3%	C6%	C8%	C9%
-	-	0.00	0.29	8.54	4.07	0.00
0	0	0.00	2.31	64.52	26.76	0.00
0	4	0.00	0.00	0.55	0.00	0.00
1	1	0.00	0.00	0.40	1.89	0.00
1	5	0.00	0.00	0.03	0.49	0.00
2	2	0.00	0.01	1.01	0.00	0.00
2	6	0.00	0.00	0.68	0.89	0.00
3	3	0.00	0.00	0.37	1.27	0.00
3	7	0.00	0.00	0.74	1.28	0.00
Core	CPU	C1%	C3%	C6%	C8%	C9%
-	-	0.00	0.28	8.62	4.06	0.30
0	0	0.00	2.16	65.09	26.27	0.00
0	4	0.00	0.00	1.08	0.18	2.38
1	1	0.00	0.00	0.39	1.38	0.00
1	5	0.00	0.00	0.52	0.89	0.00
2	2	0.00	0.02	1.02	0.99	0.00
2	6	0.00	0.00	0.20	1.19	0.00
3	3	0.00	0.06	0.19	0.99	0.00
3	7	0.00	0.02	0.46	0.59	0.00
Core	CPU	C1%	C3%	C6%	C8%	C9%
-	-	0.19	0.32	8.39	3.91	0.00
0	0	0.92	2.23	61.00	26.03	0.00
0	4	0.00	0.00	0.59	0.10	0.00
1	1	0.00	0.00	0.28	1.09	0.00
1	5	0.00	0.00	0.37	1.28	0.00
2	2	0.00	0.00	1.31	0.69	0.00
2	6	0.00	0.00	0.24	1.09	0.00
3	3	0.57	0.35	2.54	0.58	0.00
3	7	0.00	0.00	0.78	0.40	0.00
Core	CPU	C1%	C3%	C6%	C8%	C9%
-	-	0.00	0.28	8.44	4.03	0.00
0	0	0.00	2.19	64.13	27.23	0.00
0	4	0.00	0.00	0.53	0.00	0.00
1	1	0.00	0.01	0.40	0.49	0.00
1	5	0.00	0.00	0.28	1.09	0.00
2	2	0.00	0.00	1.19	0.60	0.00
2	6	0.00	0.00	0.36	0.99	0.00
3	3	0.00	0.00	0.24	1.09	0.00
3	7	0.00	0.03	0.40	0.79	0.00
Core	CPU	C1%	C3%	C6%	C8%	C9%
-	-	0.00	0.28	8.50	4.00	0.00
0	0	0.00	2.20	64.40	26.90	0.00
0	4	0.00	0.00	0.55	0.00	0.00
1	1	0.00	0.00	0.65	1.10	0.00
1	5	0.00	0.00	0.12	0.60	0.00
2	2	0.00	0.00	0.82	0.11	0.00
2	6	0.00	0.00	0.19	1.09	0.00
3	3	0.00	0.00	0.46	0.99	0.00
3	7	0.00	0.00	0.83	1.19	0.00
Core	CPU	C1%	C3%	C6%	C8%	C9%
-	-	0.00	0.32	8.77	3.70	1.64
0	0	0.00	2.31	65.03	26.24	0.00
0	4	0.00	0.00	0.88	0.10	13.13
1	1	0.00	0.00	0.57	0.40	0.00
1	5	0.00	0.00	0.51	1.20	0.00
2	2	0.00	0.07	1.06	0.40	0.00
2	6	0.00	0.02	0.90	0.20	0.00
3	3	0.00	0.19	0.81	0.00	0.00
3	7	0.00	0.02	0.41	1.08	0.00
Core	CPU	C1%	C3%	C6%	C8%	C9%
-	-	0.44	0.30	8.46	3.90	0.00
0	0	1.67	2.19	58.98	25.83	0.00
0	4	0.00	0.00	0.56	0.20	0.00
1	1	1.82	0.21	4.62	1.13	0.00
1	5	0.00	0.00	0.27	0.99	0.00
2	2	0.00	0.00	1.04	0.60	0.00
2	6	0.00	0.00	0.34	0.79	0.00
3	3	0.00	0.02	1.32	1.47	0.00
3	7	0.00	0.00	0.55	0.21	0.00
Core	CPU	C1%	C3%	C6%	C8%	C9%
-	-	0.23	0.32	8.16	4.39	1.52
0	0	1.18	2.37	56.33	22.62	0.00
0	4	0.00	0.00	0.34	0.28	11.25
1	1	0.00	0.01	0.43	1.29	0.00
1	5	0.00	0.00	0.39	1.38	0.00
2	2	0.00	0.00	1.38	2.09	0.90
2	6	0.00	0.00	0.27	0.99	0.00
3	3	0.68	0.20	5.73	5.11	0.00
3	7	0.00	0.00	0.44	1.38	0.00
Core	CPU	C1%	C3%	C6%	C8%	C9%
-	-	1.70	0.39	7.33	3.97	0.07
0	0	7.01	1.59	33.97	16.90	0.00
0	4	0.00	0.03	0.44	0.67	0.00
1	1	0.00	0.00	1.31	0.49	0.00
1	5	6.59	1.52	21.15	10.95	0.00
2	2	0.00	0.00	1.01	0.49	0.00
2	6	0.00	0.00	0.11	0.50	0.00
3	3	0.03	0.00	0.18	0.99	0.00
3	7	0.00	0.00	0.45	0.79	0.52
Core	CPU	C1%	C3%	C6%	C8%	C9%
-	-	0.00	0.27	8.51	4.08	0.00
0	0	0.00	2.15	63.77	27.65	0.00
0	4	0.00	0.00	0.78	0.21	0.00
1	1	0.00	0.00	0.76	0.30	0.00
1	5	0.00	0.00	0.64	0.80	0.00
2	2	0.00	0.02	1.11	0.60	0.00
2	6	0.00	0.02	0.30	1.10	0.00
3	3	0.00	0.00	0.30	0.99	0.00
3	7	0.00	0.00	0.41	1.00	0.00
Core	CPU	C1%	C3%	C6%	C8%	C9%
-	-	0.00	0.31	8.73	4.09	1.32
0	0	0.00	2.35	65.78	25.48	0.00
0	4	0.00	0.02	0.65	0.29	10.55
1	1	0.00	0.00	0.59	1.08	0.00
1	5	0.00	0.00	0.24	1.48	0.00
2	2	0.00	0.00	1.05	0.39	0.00
2	6	0.00	0.00	0.30	1.58	0.00
3	3	0.00	0.14	0.52	1.18	0.00
3	7	0.00	0.00	0.69	1.29	0.00
Core	CPU	C1%	C3%	C6%	C8%	C9%
-	-	1.56	0.35	7.28	7.64	0.00
0	0	6.12	1.22	32.56	16.73	0.01
0	4	0.00	0.00	0.84	0.20	0.00
1	1	0.00	0.00	0.67	0.51	0.00
1	5	0.00	0.00	0.68	0.20	0.00
2	2	0.00	0.00	0.20	0.89	0.00
2	6	0.00	0.00	0.28	0.88	0.00
3	3	6.33	1.28	22.13	12.46	0.00
3	7	0.01	0.28	0.85	29.23	0.00
Core	CPU	C1%	C3%	C6%	C8%	C9%
-	-	2.68	0.33	7.03	4.18	0.71
0	0	10.60	0.62	10.08	9.50	0.01
0	4	0.00	0.00	0.37	0.80	0.00
1	1	0.00	0.00	0.85	1.19	0.73
1	5	0.00	0.00	0.15	0.99	0.00
2	2	0.00	0.00	0.99	0.69	0.00
2	6	0.00	0.01	0.84	0.40	0.00
3	3	10.81	2.00	42.32	19.48	0.00
3	7	0.00	0.00	0.66	0.39	4.97
Core	CPU	C1%	C3%	C6%	C8%	C9%
-	-	0.00	0.31	8.73	4.17	0.00
0	0	0.00	2.36	64.55	26.60	0.00
0	4	0.00	0.02	0.39	0.79	0.00
1	1	0.00	0.00	0.79	0.20	0.00
1	5	0.00	0.00	1.56	1.19	0.00
2	2	0.00	0.00	0.95	0.69	0.00
2	6	0.00	0.00	0.48	1.39	0.00
3	3	0.00	0.09	0.73	1.60	0.00
3	7	0.00	0.00	0.39	0.90	0.00
Core	CPU	C1%	C3%	C6%	C8%	C9%
-	-	0.00	0.30	8.44	4.40	0.00
0	0	0.00	2.30	64.23	27.02	0.00
0	4	0.00	0.00	0.35	0.50	0.00
1	1	0.00	0.00	0.53	1.49	0.00
1	5	0.00	0.13	0.10	0.69	0.00
2	2	0.00	0.00	0.49	0.41	0.00
2	6	0.00	0.00	0.47	1.89	0.00
3	3	0.00	0.00	1.06	1.50	0.00
3	7	0.00	0.00	0.33	1.69	0.00
Core	CPU	C1%	C3%	C6%	C8%	C9%
-	-	0.00	0.30	8.84	3.81	1.07
0	0	0.00	2.31	65.78	25.51	0.00
0	4	0.00	0.00	0.97	0.00	8.45
1	1	0.00	0.00	0.26	0.89	0.00
1	5	0.00	0.00	1.41	0.99	0.00
2	2	0.00	0.00	0.72	0.39	0.00
2	6	0.00	0.00	0.60	0.59	0.00
3	3	0.00	0.10	0.61	1.20	0.09
3	7	0.00	0.00	0.37	0.89	0.00
Core	CPU	C1%	C3%	C6%	C8%	C9%
-	-	0.00	0.31	8.54	4.34	0.00
0	0	0.00	2.34	64.30	26.92	0.00
0	4	0.00	0.00	0.80	0.77	0.00
1	1	0.00	0.03	0.60	1.09	0.00
1	5	0.00	0.00	0.97	1.18	0.00
2	2	0.00	0.05	0.10	1.29	0.00
2	6	0.00	0.00	0.24	0.89	0.00
3	3	0.00	0.02	0.61	1.50	0.00
3	7	0.00	0.00	0.69	1.08	0.00
Core	CPU	C1%	C3%	C6%	C8%	C9%
-	-	0.00	0.30	8.58	4.39	0.29
0	0	0.00	2.32	65.39	25.79	0.00
0	4	0.00	0.00	0.98	0.97	2.32
1	1	0.00	0.00	0.30	0.60	0.00
1	5	0.00	0.00	0.29	1.09	0.00
2	2	0.00	0.00	0.28	1.09	0.00
2	6	0.00	0.02	0.48	1.79	0.00
3	3	0.00	0.00	0.75	2.58	0.00
3	7	0.00	0.03	0.19	1.19	0.00
Core	CPU	C1%	C3%	C6%	C8%	C9%
-	-	2.78	0.39	6.68	4.43	0.00
0	0	12.34	0.46	9.99	11.12	0.00
0	4	0.00	0.00	0.72	0.40	0.00
1	1	0.00	0.00	0.15	0.40	0.00
1	5	0.00	0.00	0.13	0.50	0.00
2	2	0.00	0.00	0.18	0.69	0.00
2	6	0.00	0.00	0.39	0.79	0.00
3	3	9.92	2.69	41.74	20.53	0.00
3	7	0.00	0.00	0.14	1.00	0.00
Core	CPU	C1%	C3%	C6%	C8%	C9%
-	-	0.00	0.28	8.58	4.15	0.00
0	0	0.00	2.24	64.32	26.98	0.00
0	4	0.00	0.00	0.57	1.00	0.00
1	1	0.00	0.00	0.36	0.99	0.00
1	5	0.00	0.00	0.23	1.09	0.00
2	2	0.00	0.00	0.92	0.79	0.00
2	6	0.00	0.01	0.99	0.50	0.00
3	3	0.00	0.00	0.81	1.00	0.00
3	7	0.00	0.00	0.47	0.89	0.00
Core	CPU	C1%	C3%	C6%	C8%	C9%
-	-	0.00	0.34	8.57	4.19	1.18
0	0	0.00	2.51	65.12	25.87	0.00
0	4	0.00	0.00	0.50	0.19	9.47
1	1	0.00	0.00	1.06	1.78	0.00
1	5	0.00	0.00	0.36	1.00	0.00
2	2	0.00	0.06	0.19	1.19	0.00
2	6	0.00	0.00	0.23	1.19	0.00
3	3	0.00	0.12	0.69	1.20	0.00
3	7	0.00	0.00	0.39	1.08	0.00
Core	CPU	C1%	C3%	C6%	C8%	C9%
-	-	3.55	0.54	5.90	4.38	0.01
0	0	15.90	0.36	6.52	11.05	0.09
0	4	0.00	0.00	0.03	0.49	0.00
1	1	0.00	0.00	0.10	0.79	0.00
1	5	0.00	0.00	0.28	0.89	0.00
2	2	0.00	0.00	0.36	0.69	0.00
2	6	0.00	0.00	0.35	0.79	0.00
3	3	12.47	3.93	39.28	19.55	0.00
3	7	0.00	0.00	0.30	0.79	0.00
Core	CPU	C1%	C3%	C6%	C8%	C9%
-	-	3.51	0.48	6.78	4.03	0.74
0	0	14.65	0.71	17.57	12.37	0.00
0	4	0.00	0.00	0.15	0.49	5.10
1	1	0.00	0.00	0.23	0.99	0.00
1	5	0.00	0.02	0.19	1.10	0.00
2	2	0.00	0.00	0.00	0.40	0.00
2	6	0.00	0.00	0.29	0.89	0.00
3	3	13.43	3.11	35.07	15.03	0.81
3	7	0.00	0.00	0.73	0.98	0.00
Core	CPU	C1%	C3%	C6%	C8%	C9%
-	-	1.07	0.35	8.31	3.92	0.00
0	0	4.44	2.16	54.34	24.41	0.00
0	4	0.00	0.00	0.37	0.90	0.00
1	1	0.00	0.00	0.40	0.89	0.00
1	5	0.00	0.00	0.34	0.89	0.00
2	2	0.00	0.00	0.73	0.20	0.00
2	6	0.00	0.01	0.79	0.30	0.00
3	3	4.08	0.62	9.08	2.71	0.00
3	7	0.00	0.01	0.47	1.09	0.00
Core	CPU	C1%	C3%	C6%	C8%	C9%
-	-	0.00	0.30	8.76	4.27	0.00
0	0	0.01	2.31	64.43	26.76	0.00
0	4	0.00	0.01	0.71	0.20	0.00
1	1	0.00	0.00	0.41	1.88	0.00
1	5	0.00	0.00	1.14	1.29	0.00
2	2	0.00	0.00	0.75	0.49	0.00
2	6	0.00	0.00	0.44	1.18	0.00
3	3	0.00	0.04	1.09	1.59	0.00
3	7	0.00	0.00	1.08	0.79	0.00
Core	CPU	C1%	C3%	C6%	C8%	C9%
-	-	0.00	0.36	9.13	3.89	1.79
0	0	0.00	2.80	67.52	23.33	0.00
0	4	0.00	0.00	1.23	1.56	14.30
1	1	0.00	0.00	0.19	1.09	0.00
1	5	0.00	0.00	0.38	1.19	0.00
2	2	0.00	0.00	0.46	1.09	0.00
2	6	0.00	0.00	0.84	1.39	0.00
3	3	0.00	0.10	1.32	0.40	0.00
3	7	0.00	0.01	1.12	1.08	0.00
Core	CPU	C1%	C3%	C6%	C8%	C9%
-	-	0.00	0.30	8.35	4.15	0.00
0	0	0.00	2.39	63.96	27.22	0.00
0	4	0.00	0.00	0.26	1.07	0.00
1	1	0.00	0.00	0.23	0.40	0.00
1	5	0.00	0.02	0.00	0.40	0.00
2	2	0.00	0.00	0.00	0.40	0.00
2	6	0.00	0.00	1.02	1.38	0.00
3	3	0.00	0.00	1.16	1.29	0.00
3	7	0.00	0.00	0.17	1.00	0.00
Core	CPU	C1%	C3%	C6%	C8%	C9%
-	-	0.01	0.29	8.87	4.13	0.37
0	0	0.00	2.31	64.70	26.55	0.00
0	4	0.02	0.00	1.05	1.08	2.99
1	1	0.00	0.00	0.94	1.66	0.00
1	5	0.00	0.00	0.48	1.20	0.00
2	2	0.00	0.00	1.46	0.60	0.00
2	6	0.00	0.04	0.99	0.40	0.00
3	3	0.07	0.00	0.41	1.38	0.00
3	7	0.00	0.00	0.92	0.14	0.00
Core	CPU	C1%	C3%	C6%	C8%	C9%
-	-	0.00	0.28	8.67	4.56	0.00
0	0	0.00	2.22	64.61	26.73	0.00
0	4	0.00	0.01	0.68	0.98	0.00
1	1	0.00	0.01	0.95	1.48	0.00
1	5	0.00	0.00	0.57	1.28	0.00
2	2	0.00	0.00	0.35	1.29	0.00
2	6	0.00	0.00	0.44	1.98	0.00
3	3	0.00	0.03	0.71	1.58	0.00
3	7	0.00	0.00	1.08	1.19	0.00
Core	CPU	C1%	C3%	C6%	C8%	C9%
-	-	0.00	0.28	8.36	4.15	0.00
0	0	0.00	2.21	64.15	27.22	0.00
0	4	0.00	0.02	0.50	0.00	0.00
1	1	0.00	0.00	0.42	0.49	0.00
1	5	0.00	0.00	0.27	1.00	0.00
2	2	0.00	0.00	0.55	0.90	0.00
2	6	0.00	0.00	0.21	1.18	0.00
3	3	0.00	0.03	0.70	1.20	0.00
3	7	0.00	0.00	0.10	1.18	0.00
Core	CPU	C1%	C3%	C6%	C8%	C9%
-	-	3.87	0.39	6.99	3.57	0.02
0	0	15.99	0.36	10.72	9.45	0.10
0	4	0.00	0.00	0.74	0.60	0.00
1	1	14.97	2.54	42.97	15.08	0.00
1	5	0.00	0.02	0.00	0.59	0.00
2	2	0.00	0.00	0.49	0.10	0.00
2	6	0.00	0.00	0.18	0.69	0.00
3	3	0.00	0.21	0.58	0.98	0.02
3	7	0.00	0.02	0.24	1.10	0.00
Core	CPU	C1%	C3%	C6%	C8%	C9%
-	-	4.05	0.48	6.51	4.85	0.00
0	0	17.86	0.53	7.95	11.87	0.00
0	4	0.00	0.00	0.56	1.39	0.00
1	1	14.50	3.32	40.38	18.58	0.00
1	5	0.00	0.00	0.92	1.58	0.00
2	2	0.00	0.02	0.49	1.29	0.00
2	6	0.00	0.00	0.30	1.58	0.00
3	3	0.00	0.00	1.19	0.99	0.00
3	7	0.00	0.00	0.27	1.48	0.00
Core	CPU	C1%	C3%	C6%	C8%	C9%
-	-	3.36	0.35	5.91	4.25	0.00
0	0	13.48	0.65	5.09	9.47	0.00
0	4	0.00	0.01	0.59	0.00	0.00
1	1	13.36	2.17	39.83	20.81	0.00
1	5	0.00	0.00	0.68	0.20	0.00
2	2	0.00	0.00	0.44	1.28	0.00
2	6	0.00	0.00	0.15	0.78	0.00
3	3	0.00	0.00	0.38	0.80	0.00
3	7	0.00	0.00	0.14	0.69	0.00
Core	CPU	C1%	C3%	C6%	C8%	C9%
-	-	4.78	0.46	6.86	7.68	0.00
0	0	18.75	0.27	10.29	11.15	0.00
0	4	0.00	0.00	0.37	0.40	0.00
1	1	19.51	3.16	41.21	16.97	0.00
1	5	0.00	0.01	0.87	0.40	0.00
2	2	0.00	0.00	0.19	1.00	0.00
2	6	0.00	0.00	0.28	0.90	0.00
3	3	0.00	0.00	0.67	0.79	0.00
3	7	0.01	0.23	0.96	29.80	0.00
Core	CPU	C1%	C3%	C6%	C8%	C9%
-	-	3.86	0.47	6.72	4.93	0.00
0	0	16.19	0.44	7.97	14.90	0.00
0	4	0.00	0.00	0.57	0.99	0.00
1	1	14.67	3.29	41.86	17.94	0.00
1	5	0.00	0.00	0.33	1.31	0.00
2	2	0.00	0.00	0.72	0.70	0.00
2	6	0.00	0.00	0.69	0.79	0.00
3	3	0.00	0.00	0.49	1.94	0.00
3	7	0.00	0.03	1.15	0.89	0.00
Core	CPU	C1%	C3%	C6%	C8%	C9%
-	-	0.00	0.35	8.92	3.93	1.29
0	0	0.01	2.62	66.13	24.76	0.00
0	4	0.00	0.00	0.30	0.40	6.86
1	1	0.00	0.00	1.07	0.30	0.00
1	5	0.00	0.00	1.35	1.19	0.00
2	2	0.00	0.00	0.64	0.60	0.00
2	6	0.00	0.00	0.43	1.38	0.00
3	3	0.00	0.12	0.85	1.61	3.47
3	7	0.00	0.04	0.59	1.19	0.00
Core	CPU	C1%	C3%	C6%	C8%	C9%
-	-	0.00	0.28	8.35	4.03	0.00
0	0	0.00	2.16	64.48	26.83	0.00
0	4	0.00	0.00	0.33	0.30	0.00
1	1	0.00	0.02	0.71	0.69	0.00
1	5	0.00	0.00	0.00	0.60	0.00
2	2	0.00	0.00	0.28	0.90	0.00
2	6	0.00	0.00	0.27	0.90	0.00
3	3	0.00	0.00	0.15	1.00	0.00
3	7	0.00	0.06	0.59	1.00	0.00
Core	CPU	C1%	C3%	C6%	C8%	C9%
-	-	3.12	0.40	6.28	3.86	0.00
0	0	12.95	0.55	8.17	6.06	0.00
0	4	0.00	0.00	0.65	0.00	0.00
1	1	12.00	2.61	39.54	20.97	0.00
1	5	0.00	0.02	0.18	0.50	0.00
2	2	0.00	0.00	0.10	0.99	0.00
2	6	0.00	0.00	0.19	0.89	0.00
3	3	0.00	0.00	0.81	0.90	0.00
3	7	0.00	0.00	0.58	0.60	0.00
Core	CPU	C1%	C3%	C6%	C8%	C9%
-	-	3.93	0.42	6.59	4.54	0.00
0	0	17.06	0.40	7.32	13.64	0.00
0	4	0.00	0.00	0.65	1.10	0.00
1	1	14.42	2.97	42.87	16.67	0.00
1	5	0.00	0.00	0.35	0.89	0.00
2	2	0.00	0.00	0.33	0.99	0.00
2	6	0.00	0.00	0.22	0.89	0.00
3	3	0.00	0.02	0.30	1.28	0.00
3	7	0.00	0.00	0.65	0.88	0.00
Core	CPU	C1%	C3%	C6%	C8%	C9%
-	-	2.44	0.28	6.68	4.35	0.00
0	0	11.67	0.42	8.11	4.39	0.00
0	4	0.00	0.03	0.10	1.28	0.00
1	1	7.87	1.76	41.43	24.07	0.00
1	5	0.00	0.00	0.36	1.49	0.00
2	2	0.00	0.00	0.37	1.19	0.00
2	6	0.00	0.00	0.55	1.29	0.00
3	3	0.00	0.00	1.23	0.68	0.00
3	7	0.00	0.02	1.30	0.40	0.00
Core	CPU	C1%	C3%	C6%	C8%	C9%
-	-	3.25	0.38	6.85	4.22	0.00
0	0	14.40	0.44	10.84	8.62	0.00
0	4	0.00	0.00	0.26	0.31	0.00
1	1	11.61	2.58	41.87	20.58	0.00
1	5	0.00	0.00	0.31	0.31	0.00
2	2	0.00	0.00	0.10	0.69	0.00
2	6	0.00	0.00	0.39	1.28	0.00
3	3	0.00	0.02	0.80	1.08	0.00
3	7	0.00	0.00	0.25	0.89	0.00
Core	CPU	C1%	C3%	C6%	C8%	C9%
-	-	3.08	0.30	6.43	3.98	0.00
0	0	12.20	0.43	9.11	7.78	0.00
0	4	0.00	0.00	0.10	0.98	0.00
1	1	12.42	1.93	40.90	18.53	0.00
1	5	0.00	0.00	0.35	0.89	0.00
2	2	0.00	0.00	0.05	0.59	0.00
2	6	0.00	0.00	0.13	0.70	0.00
3	3	0.00	0.02	0.49	1.57	0.00
3	7	0.00	0.00	0.29	0.79	0.00
Core	CPU	C1%	C3%	C6%	C8%	C9%
-	-	0.00	0.28	8.66	4.09	0.00
0	0	0.01	2.18	65.05	26.11	0.00
0	4	0.00	0.00	0.53	0.21	0.00
1	1	0.00	0.02	0.67	0.79	0.00
1	5	0.00	0.00	0.20	0.90	0.00
2	2	0.00	0.00	0.29	1.08	0.00
2	6	0.00	0.00	0.64	1.69	0.00
3	3	0.00	0.00	1.05	0.98	0.00
3	7	0.00	0.02	0.89	1.01	0.00
Core	CPU	C1%	C3%	C6%	C8%	C9%
-	-	0.00	0.33	8.42	4.00	0.98
0	0	0.00	2.33	64.59	26.60	0.00
0	4	0.00	0.00	0.37	0.47	7.88
1	1	0.00	0.00	0.15	0.30	0.00
1	5	0.00	0.00	0.22	0.30	0.00
2	2	0.00	0.00	0.18	0.30	0.00
2	6	0.00	0.00	0.69	1.38	0.00
3	3	0.00	0.29	0.38	1.08	0.00
3	7	0.00	0.00	0.77	1.59	0.00
Core	CPU	C1%	C3%	C6%	C8%	C9%
-	-	0.00	0.28	8.38	4.29	0.00
0	0	0.00	2.20	63.99	27.31	0.00
0	4	0.00	0.00	0.69	0.21	0.00
1	1	0.00	0.00	0.28	1.28	0.00
1	5	0.00	0.00	0.37	0.89	0.00
2	2	0.00	0.00	0.44	1.19	0.00
2	6	0.00	0.00	0.23	0.89	0.00
3	3	0.00	0.00	0.49	0.90	0.00
3	7	0.00	0.02	0.60	1.67	0.00
Core	CPU	C1%	C3%	C6%	C8%	C9%
-	-	0.00	0.29	8.67	4.31	0.38
0	0	0.00	2.29	64.78	26.40	0.00
0	4	0.00	0.02	1.18	0.20	3.07
1	1	0.00	0.00	0.34	1.25	0.00
1	5	0.00	0.00	1.17	1.29	0.00
2	2	0.00	0.00	0.85	1.19	0.00
2	6	0.00	0.00	0.25	1.39	0.00
3	3	0.00	0.00	0.52	1.29	0.00
3	7	0.00	0.00	0.23	1.49	0.00
Core	CPU	C1%	C3%	C6%	C8%	C9%
-	-	0.00	0.57	8.63	3.78	0.66
0	0	0.00	2.35	65.77	25.45	0.00
0	4	0.00	0.00	0.95	0.00	5.28
1	1	0.00	0.00	0.55	1.21	0.00
1	5	0.00	0.10	0.03	0.40	0.00
2	2	0.00	0.00	0.20	0.70	0.00
2	6	0.00	0.00	0.29	1.38	0.00
3	3	0.00	2.09	0.12	0.00	0.00
3	7	0.00	0.00	1.13	1.09	0.00
Core	CPU	C1%	C3%	C6%	C8%	C9%
-	-	0.00	0.29	8.46	4.07	0.00
0	0	0.00	2.31	63.41	27.83	0.00
0	4	0.00	0.00	1.08	0.00	0.00
1	1	0.00	0.00	0.47	1.10	0.00
1	5	0.00	0.00	0.23	0.99	0.00
2	2	0.00	0.00	0.92	0.49	0.00
2	6	0.00	0.00	0.70	0.39	0.00
3	3	0.00	0.00	0.53	0.89	0.00
3	7	0.00	0.00	0.37	0.88	0.00
Core	CPU	C1%	C3%	C6%	C8%	C9%
-	-	0.00	0.32	8.52	4.19	1.30
0	0	0.00	2.49	65.62	25.29	0.00
0	4	0.00	0.04	0.66	1.44	10.40
1	1	0.00	0.00	0.31	1.39	0.00
1	5	0.00	0.00	0.28	1.10	0.00
2	2	0.00	0.00	0.29	1.00	0.00
2	6	0.00	0.00	0.14	1.10	0.00
3	3	0.00	0.00	0.51	1.10	0.00
3	7	0.00	0.00	0.39	1.09	0.00
Core	CPU	C1%	C3%	C6%	C8%	C9%
-	-	0.01	0.26	8.55	4.25	0.00
0	0	0.00	2.04	63.91	27.54	0.00
0	4	0.00	0.00	1.13	0.00	0.00
1	1	0.00	0.02	0.51	0.92	0.00
1	5	0.10	0.00	1.23	0.50	0.00
2	2	0.00	0.00	0.58	1.18	0.00
2	6	0.00	0.00	0.27	0.98	0.00
3	3	0.00	0.00	0.55	1.19	0.00
3	7	0.00	0.00	0.23	1.68	0.00
Core	CPU	C1%	C3%	C6%	C8%	C9%
-	-	0.00	0.29	8.58	4.02	0.02
0	0	0.00	2.30	64.77	26.52	0.00
0	4	0.00	0.00	0.96	0.29	0.16
1	1	0.00	0.00	0.47	1.09	0.00
1	5	0.00	0.00	0.92	0.79	0.00
2	2	0.00	0.01	0.69	0.40	0.00
2	6	0.00	0.00	0.17	1.29	0.00
3	3	0.00	0.00	0.19	0.98	0.00
3	7	0.00	0.00	0.49	0.78	0.00
Core	CPU	C1%	C3%	C6%	C8%	C9%
-	-	0.00	0.29	8.57	3.98	1.24
0	0	0.00	2.33	65.70	25.49	0.00
0	4	0.00	0.00	0.87	0.11	7.71
1	1	0.00	0.00	0.52	1.09	0.00
1	5	0.00	0.00	0.45	0.79	0.00
2	2	0.00	0.00	0.14	1.09	0.00
2	6	0.00	0.00	0.23	1.09	0.00
3	3	0.00	0.00	0.33	1.19	2.19
3	7	0.00	0.00	0.29	0.98	0.00
Core	CPU	C1%	C3%	C6%	C8%	C9%
-	-	1.50	0.43	7.94	4.75	0.85
0	0	7.04	2.21	47.30	25.56	0.00
0	4	0.00	0.03	0.78	0.59	6.79
1	1	4.98	1.18	13.63	4.73	0.00
1	5	0.00	0.00	0.37	1.27	0.00
2	2	0.00	0.00	0.46	1.57	0.00
2	6	0.00	0.00	0.35	1.09	0.00
3	3	0.00	0.00	0.22	1.29	0.00
3	7	0.00	0.00	0.43	1.87	0.00
Core	CPU	C1%	C3%	C6%	C8%	C9%
-	-	3.34	0.43	6.74	3.69	0.01
0	0	14.28	0.33	8.94	8.85	0.11
0	4	0.00	0.02	0.12	1.66	0.00
1	1	12.46	3.04	42.89	16.23	0.00
1	5	0.00	0.02	0.09	0.40	0.00
2	2	0.00	0.00	0.77	0.20	0.00
2	6	0.00	0.00	0.36	0.79	0.00
3	3	0.00	0.00	0.36	0.79	0.00
3	7	0.00	0.01	0.40	0.60	0.00
Core	CPU	C1%	C3%	C6%	C8%	C9%
-	-	4.26	0.61	8.16	5.03	0.36
0	0	19.10	1.32	15.35	17.20	0.32
0	4	0.00	0.00	0.86	0.80	0.00
1	1	14.97	3.47	44.53	16.54	0.00
1	5	0.00	0.00	1.07	1.10	2.59
2	2	0.00	0.00	0.42	1.10	0.00
2	6	0.00	0.02	0.59	0.70	0.00
3	3	0.00	0.00	1.03	1.49	0.00
3	7	0.00	0.04	1.41	1.28	0.00
Core	CPU	C1%	C3%	C6%	C8%	C9%
-	-	4.28	0.53	7.04	7.51	0.01
0	0	17.07	0.44	9.95	10.30	0.11
0	4	0.00	0.01	0.80	0.00	0.00
1	1	0.00	0.11	0.47	1.07	0.00
1	5	0.00	0.00	0.55	1.01	0.00
2	2	17.12	3.46	42.08	16.59	0.00
2	6	0.00	0.00	0.83	0.09	0.00
3	3	0.04	0.04	0.57	1.67	0.00
3	7	0.01	0.19	1.03	29.33	0.00
Core	CPU	C1%	C3%	C6%	C8%	C9%
-	-	3.97	0.30	7.02	4.67	0.22
0	0	18.03	0.40	7.29	16.73	0.00
0	4	0.00	0.00	0.31	0.40	0.00
1	1	0.00	0.03	0.72	0.11	0.00
1	5	0.00	0.00	0.40	0.00	0.00
2	2	13.76	1.95	45.76	17.56	0.00
2	6	0.00	0.00	0.51	1.39	1.73
3	3	0.00	0.00	0.49	0.78	0.00
3	7	0.00	0.00	0.72	0.39	0.00
Core	CPU	C1%	C3%	C6%	C8%	C9%
-	-	0.00	0.31	8.66	4.36	0.30
0	0	0.00	2.50	64.71	26.35	0.00
0	4	0.00	0.00	0.76	0.31	2.39
1	1	0.00	0.00	0.93	1.68	0.00
1	5	0.00	0.00	0.42	0.99	0.00
2	2	0.00	0.00	0.13	1.40	0.00
2	6	0.00	0.00	1.11	1.29	0.00
3	3	0.00	0.00	0.32	1.88	0.00
3	7	0.00	0.00	0.86	0.99	0.00
Core	CPU	C1%	C3%	C6%	C8%	C9%
-	-	1.17	0.26	7.41	4.27	0.06
0	0	5.11	1.33	33.30	14.15	0.00
0	4	0.00	0.01	0.96	0.19	0.51
1	1	0.00	0.00	0.75	1.48	0.00
1	5	0.00	0.00	0.38	1.39	0.00
2	2	0.00	0.00	0.53	0.99	0.00
2	6	0.00	0.00	0.24	1.58	0.00
3	3	4.22	0.74	22.82	12.91	0.00
3	7	0.00	0.00	0.29	1.48	0.00
Core	CPU	C1%	C3%	C6%	C8%	C9%
-	-	3.61	0.35	6.83	4.17	1.45
0	0	15.62	0.37	11.47	8.10	0.00
0	4	0.00	0.02	0.57	1.59	0.00
1	1	0.00	0.01	0.82	0.97	3.47
1	5	0.00	0.00	0.09	0.40	0.00
2	2	0.00	0.00	0.29	0.88	0.00
2	6	0.00	0.00	0.28	0.79	0.00
3	3	13.26	2.43	41.01	19.83	0.00
3	7	0.00	0.00	0.15	0.78	8.12
Core	CPU	C1%	C3%	C6%	C8%	C9%
-	-	2.06	0.30	6.37	3.86	0.05
0	0	7.96	0.71	8.61	3.84	0.00
0	4	0.00	0.00	0.19	0.99	0.00
1	1	0.00	0.00	0.17	1.38	0.00
1	5	0.00	0.00	0.45	0.69	0.00
2	2	0.00	0.00	0.23	1.09	0.00
2	6	0.00	0.04	0.10	1.09	0.00
3	3	8.53	1.62	40.52	20.98	0.00
3	7	0.00	0.01	0.67	0.80	0.41
Core	CPU	C1%	C3%	C6%	C8%	C9%
-	-	0.00	0.31	8.79	3.98	1.21
0	0	0.00	2.41	64.72	26.42	0.00
0	4	0.00	0.00	1.01	0.21	9.66
1	1	0.00	0.00	0.90	0.49	0.00
1	5	0.00	0.00	1.67	1.19	0.00
2	2	0.00	0.00	0.38	1.08	0.00
2	6	0.00	0.00	0.39	0.59	0.00
3	3	0.00	0.00	0.93	0.49	0.00
3	7	0.00	0.04	0.31	1.39	0.00
Core	CPU	C1%	C3%	C6%	C8%	C9%
-	-	0.00	0.27	8.49	4.33	0.25
0	0	0.00	2.18	64.49	26.74	0.00
0	4	0.00	0.00	0.66	0.00	1.99
1	1	0.00	0.00	0.44	1.59	0.00
1	5	0.00	0.00	0.13	0.40	0.00
2	2	0.00	0.00	0.59	0.30	0.00
2	6	0.00	0.00	0.24	1.48	0.00
3	3	0.00	0.00	0.49	2.08	0.00
3	7	0.00	0.00	0.84	2.08	0.00
Core	CPU	C1%	C3%	C6%	C8%	C9%
-	-	0.00	0.27	8.58	4.26	0.00
0	0	0.00	2.17	63.83	27.50	0.00
0	4	0.00	0.00	1.23	0.00	0.00
1	1	0.00	0.00	0.25	0.99	0.00
1	5	0.00	0.00	1.49	1.28	0.00
2	2	0.00	0.02	0.39	0.90	0.00
2	6	0.00	0.00	0.10	0.99	0.00
3	3	0.00	0.00	0.78	1.09	0.00
3	7	0.00	0.00	0.58	1.29	0.00
Core	CPU	C1%	C3%	C6%	C8%	C9%
-	-	0.00	0.31	8.77	4.49	0.60
0	0	0.00	2.45	65.37	25.72	0.00
0	4	0.00	0.00	0.78	0.11	4.71
1	1	0.00	0.00	0.78	1.98	0.09
1	5	0.00	0.00	0.86	1.88	0.00
2	2	0.00	0.00	0.73	1.20	0.00
2	6	0.00	0.00	0.23	1.78	0.00
3	3	0.00	0.01	0.78	1.59	0.00
3	7	0.00	0.00	0.59	1.70	0.00
Core	CPU	C1%	C3%	C6%	C8%	C9%
-	-	0.00	0.28	8.39	4.10	0.00
0	0	0.00	2.22	64.21	27.11	0.00
0	4	0.00	0.03	0.78	0.11	0.00
1	1	0.00	0.00	0.19	0.50	0.00
1	5	0.00	0.00	0.28	0.99	0.00
2	2	0.00	0.00	0.37	0.89	0.00
2	6	0.00	0.00	0.36	0.89	0.00
3	3	0.00	0.00	0.63	1.08	0.00
3	7	0.00	0.03	0.31	1.20	0.00
Core	CPU	C1%	C3%	C6%	C8%	C9%
-	-	0.00	0.32	8.62	4.38	0.77
0	0	0.00	2.51	65.41	25.67	0.00
0	4	0.00	0.00	1.06	1.25	6.18
1	1	0.00	0.00	0.60	0.80	0.00
1	5	0.00	0.00	0.13	1.09	0.00
2	2	0.00	0.00	0.10	1.24	0.00
2	6	0.00	0.00	0.45	1.57	0.00
3	3	0.00	0.00	0.47	1.48	0.00
3	7	0.00	0.02	0.72	1.89	0.00
Core	CPU	C1%	C3%	C6%	C8%	C9%
-	-	3.40	0.30	7.23	4.45	0.00
0	0	14.22	0.70	12.32	12.90	0.00
0	4	0.00	0.00	0.77	0.39	0.00
1	1	13.01	1.65	43.25	17.75	0.02
1	5	0.00	0.00	0.32	0.99	0.00
2	2	0.00	0.02	0.20	0.89	0.00
2	6	0.00	0.00	0.31	1.07	0.00
3	3	0.00	0.00	0.19	0.89	0.00
3	7	0.00	0.00	0.50	0.69	0.00
Core	CPU	C1%	C3%	C6%	C8%	C9%
-	-	3.93	0.47	6.80	4.65	0.00
0	0	15.74	1.16	11.60	14.56	0.00
0	4	0.00	0.02	0.25	0.30	0.00
1	1	15.72	2.56	41.03	17.66	0.00
1	5	0.00	0.00	0.18	0.99	0.00
2	2	0.00	0.00	0.26	1.28	0.00
2	6	0.00	0.00	0.35	0.80	0.00
3	3	0.00	0.00	0.23	0.99	0.00
3	7	0.00	0.00	0.50	0.59	0.00
Core	CPU	C1%	C3%	C6%	C8%	C9%
-	-	2.60	0.39	6.52	4.63	0.00
0	0	10.70	1.25	9.66	9.19	0.00
0	4	0.00	0.00	0.33	1.00	0.00
1	1	10.13	1.71	40.95	22.32	0.00
1	5	0.00	0.02	0.38	0.20	0.00
2	2	0.00	0.00	0.10	0.84	0.00
2	6	0.00	0.00	0.19	0.98	0.00
3	3	0.00	0.10	0.37	0.88	0.00
3	7	0.00	0.00	0.15	1.57	0.00
Core	CPU	C1%	C3%	C6%	C8%	C9%
-	-	3.13	0.38	6.83	4.71	0.48
0	0	13.21	0.57	11.34	12.20	0.00
0	4	0.00	0.00	0.18	0.99	0.00
1	1	11.82	2.48	41.16	19.70	0.00
1	5	0.00	0.00	0.74	0.40	3.87
2	2	0.00	0.00	0.59	1.10	0.00
2	6	0.00	0.02	0.10	0.99	0.00
3	3	0.00	0.00	0.10	1.09	0.00
3	7	0.00	0.00	0.46	1.18	0.00
Core	CPU	C1%	C3%	C6%	C8%	C9%
-	-	0.00	0.30	8.73	4.11	0.63
0	0	0.00	2.35	64.76	26.29	0.00
0	4	0.00	0.01	0.55	0.19	5.08
1	1	0.00	0.00	0.79	1.48	0.00
1	5	0.00	0.00	1.75	0.79	0.00
2	2	0.00	0.00	0.73	1.08	0.00
2	6	0.00	0.00	0.25	0.99	0.00
3	3	0.00	0.00	0.72	0.99	0.00
3	7	0.00	0.00	0.31	1.10	0.00
Core	CPU	C1%	C3%	C6%	C8%	C9%
-	-	0.00	0.29	8.66	4.02	0.31
0	0	0.00	2.34	65.20	26.02	0.00
0	4	0.00	0.00	0.55	0.00	2.49
1	1	0.00	0.00	0.92	0.41	0.00
1	5	0.00	0.00	0.60	0.49	0.00
2	2	0.00	0.00	0.30	1.28	0.00
2	6	0.00	0.00	0.28	1.28	0.00
3	3	0.00	0.00	0.95	1.18	0.00
3	7	0.00	0.00	0.45	1.49	0.00
Core	CPU	C1%	C3%	C6%	C8%	C9%
-	-	0.01	0.28	8.54	4.11	0.00
0	0	0.11	2.19	64.36	26.82	0.00
0	4	0.00	0.00	1.03	0.00	0.00
1	1	0.00	0.00	0.96	1.17	0.00
1	5	0.00	0.00	0.82	1.09	0.00
2	2	0.00	0.02	0.30	0.99	0.00
2	6	0.00	0.00	0.10	0.99	0.00
3	3	0.00	0.00	0.19	0.89	0.00
3	7	0.00	0.00	0.59	0.89	0.00
Core	CPU	C1%	C3%	C6%	C8%	C9%
-	-	4.49	0.33	7.61	4.29	0.00
0	0	18.75	0.54	13.79	13.72	0.00
0	4	0.00	0.00	0.29	0.40	0.00
1	1	17.14	1.99	44.04	16.08	0.00
1	5	0.00	0.00	0.37	0.79	0.00
2	2	0.00	0.00	0.85	0.69	0.00
2	6	0.00	0.00	0.83	0.79	0.00
3	3	0.00	0.12	0.19	0.99	0.00
3	7	0.00	0.01	0.50	0.89	0.00
Core	CPU	C1%	C3%	C6%	C8%	C9%
-	-	2.44	0.29	6.67	4.29	0.00
0	0	10.25	0.49	8.90	6.06	0.00
0	4	0.00	0.00	0.22	0.40	0.00
1	1	9.23	1.77	41.64	21.63	0.00
1	5	0.00	0.00	0.28	1.18	0.00
2	2	0.00	0.00	0.46	0.89	0.00
2	6	0.00	0.00	0.36	0.89	0.00
3	3	0.00	0.00	0.33	1.09	0.00
3	7	0.00	0.02	1.20	2.17	0.00
Core	CPU	C1%	C3%	C6%	C8%	C9%
-	-	2.53	0.34	6.88	3.92	0.00
0	0	11.51	0.51	8.21	6.62	0.00
0	4	0.00	0.00	0.42	1.48	0.00
1	1	8.74	2.16	44.68	19.67	0.00
1	5	0.00	0.00	0.13	0.50	0.00
2	2	0.00	0.01	0.38	0.39	0.00
2	6	0.00	0.00	0.10	0.40	0.00
3	3	0.00	0.00	0.27	0.89	0.00
3	7	0.00	0.00	0.89	1.39	0.00
Core	CPU	C1%	C3%	C6%	C8%	C9%
-	-	1.97	0.39	7.39	7.90	0.00
0	0	7.83	1.26	28.12	13.32	0.00
0	4	0.00	0.00	0.48	1.29	0.00
1	1	7.92	1.63	26.60	13.79	0.00
1	5	0.00	0.00	1.11	1.30	0.00
2	2	0.00	0.00	0.63	1.10	0.00
2	6	0.00	0.02	0.29	1.29	0.00
3	3	0.00	0.00	0.29	1.29	0.00
3	7	0.01	0.17	1.59	29.78	0.00
Core	CPU	C1%	C3%	C6%	C8%	C9%
-	-	0.00	0.28	8.75	3.96	0.00
0	0	0.00	2.21	65.41	25.83	0.00
0	4	0.00	0.02	0.95	0.19	0.00
1	1	0.00	0.00	0.75	0.59	0.00
1	5	0.00	0.00	0.83	1.18	0.00
2	2	0.00	0.00	0.27	1.09	0.00
2	6	0.00	0.00	0.36	1.08	0.00
3	3	0.00	0.00	0.33	0.89	0.00
3	7	0.00	0.03	1.10	0.79	0.00
Core	CPU	C1%	C3%	C6%	C8%	C9%
-	-	0.00	0.32	8.67	3.57	1.11
0	0	0.00	2.43	66.05	25.07	0.00
0	4	0.00	0.00	0.54	0.10	8.88
1	1	0.00	0.00	0.62	0.32	0.00
1	5	0.00	0.00	0.68	0.21	0.00
2	2	0.00	0.00	0.19	1.06	0.00
2	6	0.00	0.00	0.37	0.50	0.00
3	3	0.00	0.10	0.25	0.60	0.00
3	7	0.00	0.01	0.64	0.69	0.00
Core	CPU	C1%	C3%	C6%	C8%	C9%
-	-	2.65	0.29	6.29	4.37	0.00
0	0	10.57	0.74	5.48	7.29	0.00
0	4	0.00	0.00	0.75	0.40	0.00
1	1	10.65	1.54	42.15	20.56	0.00
1	5	0.00	0.00	0.14	1.67	0.00
2	2	0.00	0.01	0.29	2.01	0.00
2	6	0.00	0.00	0.55	1.09	0.00
3	3	0.00	0.00	0.29	0.88	0.00
3	7	0.00	0.00	0.68	1.07	0.00
Core	CPU	C1%	C3%	C6%	C8%	C9%
-	-	1.94	0.34	7.10	3.69	0.36
0	0	7.66	1.14	24.72	10.68	0.00
0	4	0.00	0.00	0.25	1.08	2.90
1	1	7.88	1.61	30.37	13.20	0.00
1	5	0.00	0.00	0.35	0.89	0.00
2	2	0.00	0.00	0.33	0.81	0.00
2	6	0.00	0.00	0.22	0.89	0.00
3	3	0.00	0.00	0.10	0.99	0.00
3	7	0.00	0.00	0.49	1.00	0.00
Core	CPU	C1%	C3%	C6%	C8%	C9%
-	-	0.00	0.30	8.62	4.34	0.40
0	0	0.00	2.34	64.41	26.77	0.00
0	4	0.00	0.03	0.69	0.59	3.24
1	1	0.00	0.00	0.32	0.79	0.00
1	5	0.00	0.00	0.82	1.09	0.00
2	2	0.00	0.00	0.37	1.38	0.00
2	6	0.00	0.00	1.04	1.19	0.00
3	3	0.00	0.00	0.72	1.09	0.00
3	7	0.00	0.01	0.59	1.79	0.00
Core	CPU	C1%	C3%	C6%	C8%	C9%
-	-	2.57	0.38	6.35	4.62	0.00
0	0	10.96	0.55	8.50	10.24	0.00
0	4	0.00	0.00	0.33	0.80	0.00
1	1	9.60	2.50	40.36	21.76	0.00
1	5	0.00	0.00	0.27	0.40	0.00
2	2	0.00	0.00	0.28	0.89	0.00
2	6	0.00	0.00	0.27	0.99	0.00
3	3	0.00	0.00	0.35	0.79	0.00
3	7	0.00	0.00	0.45	1.09	0.00
Core	CPU	C1%	C3%	C6%	C8%	C9%
-	-	2.75	0.45	6.80	5.11	0.44
0	0	10.79	0.89	11.36	16.24	0.00
0	4	0.00	0.00	0.36	0.69	0.00
1	1	8.42	1.55	30.59	14.97	0.00
1	5	0.00	0.00	0.53	0.10	0.00
2	2	2.80	1.18	10.27	6.30	0.00
2	6	0.00	0.00	0.19	0.70	0.00
3	3	0.00	0.00	0.45	0.98	3.56
3	7	0.00	0.00	0.66	0.89	0.00
Core	CPU	C1%	C3%	C6%	C8%	C9%
-	-	3.40	0.55	7.23	5.27	0.00
0	0	14.57	0.96	12.79	18.54	0.00
0	4	0.00	0.00	0.39	0.89	0.00
1	1	12.60	3.41	43.18	18.15	0.00
1	5	0.00	0.00	0.54	0.70	0.00
2	2	0.00	0.00	0.24	0.90	0.00
2	6	0.00	0.00	0.22	1.00	0.00
3	3	0.00	0.00	0.19	1.00	0.00
3	7	0.00	0.00	0.28	0.99	0.00
Core	CPU	C1%	C3%	C6%	C8%	C9%
-	-	3.59	0.44	7.47	5.38	0.00
0	0	15.74	0.84	14.43	20.24	0.00
0	4	0.00	0.00	0.23	0.39	0.00
1	1	12.97	2.65	42.52	19.15	0.00
1	5	0.00	0.00	0.19	0.99	0.00
2	2	0.00	0.00	0.27	0.89	0.00
2	6	0.00	0.00	0.36	0.79	0.00
3	3	0.00	0.00	0.84	0.29	0.00
3	7	0.00	0.01	0.89	0.30	0.00
Core	CPU	C1%	C3%	C6%	C8%	C9%
-	-	0.46	0.32	8.34	4.58	0.07
0	0	1.82	2.08	49.46	24.48	0.57
0	4	0.00	0.00	0.25	0.70	0.00
1	1	0.00	0.00	0.44	0.69	0.00
1	5	0.00	0.00	0.51	0.99	0.00
2	2	1.89	0.50	14.97	7.30	0.00
2	6	0.00	0.00	0.29	0.99	0.00
3	3	0.00	0.00	0.37	0.89	0.00
3	7	0.00	0.00	0.46	0.59	0.00
Core	CPU	C1%	C3%	C6%	C8%	C9%
-	-	0.01	0.28	8.34	4.33	0.00
0	0	0.11	2.21	64.26	26.85	0.00
0	4	0.00	0.00	0.40	0.99	0.00
1	1	0.00	0.03	0.49	1.26	0.00
1	5	0.00	0.00	0.36	0.99	0.00
2	2	0.00	0.00	0.24	1.44	0.00
2	6	0.00	0.00	0.27	0.90	0.00
3	3	0.00	0.00	0.20	1.19	0.00
3	7	0.00	0.00	0.48	0.99	0.00
Core	CPU	C1%	C3%	C6%	C8%	C9%
-	-	1.34	0.38	7.74	4.34	0.00
0	0	5.74	1.75	47.35	23.48	0.00
0	4	0.00	0.00	0.87	0.40	0.00
1	1	5.01	1.30	12.46	5.72	0.00
1	5	0.00	0.00	0.21	1.18	0.00
2	2	0.00	0.02	0.19	0.93	0.00
2	6	0.00	0.00	0.09	1.00	0.00
3	3	0.00	0.00	0.38	0.99	0.00
3	7	0.00	0.00	0.35	1.00	0.00
Core	CPU	C1%	C3%	C6%	C8%	C9%
-	-	0.00	0.50	8.43	3.93	1.64
0	0	0.00	2.43	65.00	26.18	0.00
0	4	0.00	0.00	0.39	0.50	13.14
1	1	0.00	0.00	0.87	1.19	0.00
1	5	0.00	0.00	0.27	0.89	0.00
2	2	0.00	0.00	0.25	0.90	0.00
2	6	0.00	0.00	0.24	0.98	0.00
3	3	0.00	1.60	0.11	0.00	0.00
3	7	0.00	0.00	0.29	0.79	0.00
Core	CPU	C1%	C3%	C6%	C8%	C9%
-	-	0.00	0.28	8.58	3.93	0.00
0	0	0.01	2.15	64.20	26.61	0.00
0	4	0.00	0.02	0.49	0.00	0.00
1	1	0.00	0.08	1.40	0.53	0.00
1	5	0.00	0.00	0.36	0.89	0.00
2	2	0.00	0.00	0.26	0.99	0.00
2	6	0.00	0.00	0.25	1.19	0.00
3	3	0.00	0.00	0.92	0.40	0.00
3	7	0.00	0.00	0.72	0.79	0.00
Core	CPU	C1%	C3%	C6%	C8%	C9%
-	-	0.00	0.29	8.74	4.13	1.17
0	0	0.00	2.27	64.92	26.28	0.00
0	4	0.00	0.00	0.85	0.20	8.57
1	1	0.00	0.00	1.54	1.98	0.81
1	5	0.00	0.00	0.62	0.99	0.00
2	2	0.00	0.00	0.10	1.04	0.00
2	6	0.00	0.02	0.53	0.59	0.00
3	3	0.00	0.00	0.37	1.09	0.00
3	7	0.00	0.00	0.97	0.89	0.00
Core	CPU	C1%	C3%	C6%	C8%	C9%
-	-	5.42	0.46	7.89	4.81	0.00
0	0	25.09	0.43	15.42	17.97	0.00
0	4	0.00	0.00	0.59	1.00	0.00
1	1	18.25	3.20	45.36	15.35	0.00
1	5	0.00	0.00	0.33	0.88	0.00
2	2	0.00	0.02	0.19	1.02	0.00
2	6	0.00	0.00	0.70	0.49	0.00
3	3	0.00	0.00	0.19	0.89	0.00
3	7	0.00	0.00	0.37	0.89	0.00
Core	CPU	C1%	C3%	C6%	C8%	C9%
-	-	4.44	0.56	6.47	4.84	0.00
0	0	18.79	0.68	9.68	15.38	0.00
0	4	0.00	0.00	0.09	0.51	0.00
1	1	16.75	3.75	40.23	17.47	0.00
1	5	0.00	0.00	0.26	0.90	0.00
2	2	0.00	0.00	0.35	1.58	0.00
2	6	0.00	0.00	0.26	0.99	0.00
3	3	0.00	0.02	0.29	0.90	0.00
3	7	0.00	0.00	0.58	0.99	0.00
Core	CPU	C1%	C3%	C6%	C8%	C9%
-	-	2.60	0.36	6.50	4.14	0.23
0	0	10.33	0.88	9.19	8.06	0.01
0	4	0.00	0.00	0.13	0.41	0.00
1	1	10.43	1.97	41.02	19.54	0.00
1	5	0.00	0.00	0.38	1.31	0.00
2	2	0.00	0.00	0.37	0.99	0.00
2	6	0.00	0.00	0.36	0.99	0.00
3	3	0.00	0.03	0.28	0.89	1.86
3	7	0.00	0.00	0.29	0.89	0.00
Core	CPU	C1%	C3%	C6%	C8%	C9%
-	-	0.20	0.35	8.62	3.95	0.00
0	0	0.94	2.58	63.85	25.05	0.00
0	4	0.00	0.00	0.37	0.89	0.00
1	1	0.65	0.21	3.27	1.72	0.00
1	5	0.00	0.00	0.33	0.90	0.00
2	2	0.00	0.02	0.49	0.40	0.00
2	6	0.00	0.00	0.10	0.80	0.00
3	3	0.00	0.00	0.19	0.79	0.00
3	7	0.00	0.00	0.35	1.09	0.00
Core	CPU	C1%	C3%	C6%	C8%	C9%
-	-	1.82	0.39	7.97	4.16	0.00
0	0	7.69	1.81	44.55	23.05	0.00
0	4	0.00	0.00	0.09	0.50	0.00
1	1	6.86	1.26	17.38	5.17	0.00
1	5	0.00	0.00	0.35	0.89	0.00
2	2	0.00	0.00	0.43	1.18	0.00
2	6	0.00	0.00	0.18	0.99	0.00
3	3	0.00	0.01	0.39	0.79	0.00
3	7	0.00	0.00	0.38	0.69	0.00
Core	CPU	C1%	C3%	C6%	C8%	C9%
-	-	0.01	0.33	8.79	4.40	0.03
0	0	0.00	2.45	65.18	25.83	0.00
0	4	0.00	0.02	0.93	1.19	0.16
1	1	0.00	0.12	1.70	2.35	0.00
1	5	0.00	0.00	0.51	1.10	0.00
2	2	0.00	0.01	0.61	1.09	0.00
2	6	0.00	0.00	0.67	1.49	0.12
3	3	0.05	0.00	0.44	0.99	0.00
3	7	0.00	0.02	0.27	1.19	0.00
Core	CPU	C1%	C3%	C6%	C8%	C9%
-	-	2.92	0.41	7.49	7.68	0.00
0	0	11.73	0.91	30.29	18.21	0.01
0	4	0.00	0.00	0.55	0.00	0.00
1	1	11.60	2.19	26.09	11.86	0.00
1	5	0.00	0.00	0.51	0.20	0.00
2	2	0.00	0.00	0.70	0.29	0.00
2	6	0.00	0.00	0.49	0.69	0.00
3	3	0.00	0.00	0.27	0.89	0.00
3	7	0.01	0.17	1.01	29.28	0.00
Core	CPU	C1%	C3%	C6%	C8%	C9%
-	-	0.02	0.36	8.85	3.75	1.37
0	0	0.12	2.51	66.50	24.12	0.00
0	4	0.00	0.00	0.97	0.50	10.97
1	1	0.02	0.33	1.45	0.62	0.00
1	5	0.00	0.00	0.25	1.08	0.00
2	2	0.00	0.00	0.43	0.91	0.00
2	6	0.00	0.02	0.19	1.10	0.00
3	3	0.00	0.02	0.28	1.19	0.00
3	7	0.00	0.00	0.76	0.49	0.00
Core	CPU	C1%	C3%	C6%	C8%	C9%
-	-	0.00	0.27	8.55	4.50	0.00
0	0	0.00	2.16	64.07	27.27	0.00
0	4	0.00	0.01	1.18	0.11	0.00
1	1	0.00	0.00	0.60	1.79	0.00
1	5	0.00	0.00	0.55	1.50	0.00
2	2	0.00	0.00	1.04	1.30	0.00
2	6	0.00	0.00	0.42	1.58	0.00
3	3	0.00	0.02	0.29	1.30	0.00
3	7	0.00	0.00	0.29	1.20	0.00
Core	CPU	C1%	C3%	C6%	C8%	C9%
-	-	0.00	0.28	8.43	3.99	0.10
0	0	0.00	2.15	65.38	26.00	0.00
0	4	0.00	0.00	0.64	0.00	0.00
1	1	0.00	0.01	0.34	0.51	0.00
1	5	0.00	0.00	0.00	0.50	0.00
2	2	0.00	0.08	0.24	0.99	0.83
2	6	0.00	0.00	0.38	1.69	0.00
3	3	0.00	0.00	0.36	0.98	0.00
3	7	0.00	0.00	0.13	1.29	0.00
Core	CPU	C1%	C3%	C6%	C8%	C9%
-	-	3.30	0.37	6.78	4.48	0.00
0	0	14.23	0.67	9.72	12.87	0.00
0	4	0.00	0.00	0.61	0.30	0.00
1	1	12.16	2.26	42.68	18.16	0.00
1	5	0.00	0.00	0.12	0.49	0.00
2	2	0.00	0.00	0.00	0.40	0.00
2	6	0.00	0.00	0.20	1.28	0.00
3	3	0.00	0.00	0.57	1.18	0.00
3	7	0.00	0.00	0.36	1.18	0.00
Core	CPU	C1%	C3%	C6%	C8%	C9%
-	-	2.16	0.43	7.79	4.20	0.00
0	0	8.75	1.50	28.58	16.37	0.00
0	4	0.00	0.00	0.37	1.21	0.00
1	1	8.56	1.89	29.11	12.33	0.00
1	5	0.00	0.00	0.84	0.91	0.00
2	2	0.00	0.00	1.03	0.70	0.00
2	6	0.00	0.04	1.08	0.19	0.00
3	3	0.00	0.01	0.78	0.90	0.00
3	7	0.00	0.00	0.57	1.00	0.00
Core	CPU	C1%	C3%	C6%	C8%	C9%
-	-	0.00	0.33	8.84	3.94	1.88
0	0	0.00	2.56	66.15	24.79	0.00
0	4	0.00	0.02	0.50	0.00	15.05
1	1	0.00	0.01	0.40	1.58	0.00
1	5	0.00	0.00	0.66	1.00	0.00
2	2	0.00	0.00	0.46	1.29	0.00
2	6	0.00	0.00	0.34	1.29	0.00
3	3	0.00	0.00	1.10	0.79	0.00
3	7	0.00	0.01	1.09	0.79	0.00
Core	CPU	C1%	C3%	C6%	C8%	C9%
-	-	0.00	0.28	8.45	4.19	0.00
0	0	0.00	2.26	64.68	26.51	0.00
0	4	0.00	0.00	0.76	0.00	0.00
1	1	0.00	0.00	0.64	1.30	0.00
1	5	0.00	0.00	0.23	0.89	0.00
2	2	0.00	0.00	0.20	1.19	0.00
2	6	0.00	0.00	0.39	0.89	0.00
3	3	0.00	0.00	0.37	1.38	0.00
3	7	0.00	0.00	0.34	1.39	0.00
Core	CPU	C1%	C3%	C6%	C8%	C9%
-	-	0.00	0.30	8.67	4.08	0.45
0	0	0.00	2.37	65.05	26.10	0.00
0	4	0.00	0.00	0.88	0.00	2.69
1	1	0.00	0.00	0.66	1.28	0.00
1	5	0.00	0.00	0.24	0.99	0.00
2	2	0.00	0.00	0.92	0.39	0.00
2	6	0.00	0.01	0.95	2.06	0.90
3	3	0.00	0.00	0.30	0.99	0.00
3	7	0.00	0.00	0.38	0.79	0.00
Core	CPU	C1%	C3%	C6%	C8%	C9%
-	-	0.00	0.32	8.54	4.38	0.44
0	0	0.00	2.56	64.87	26.01	0.00
0	4	0.00	0.02	0.45	0.21	3.49
1	1	0.00	0.00	0.50	1.70	0.00
1	5	0.00	0.00	0.37	1.29	0.00
2	2	0.00	0.00	0.54	0.71	0.00
2	6	0.00	0.00	0.47	1.70	0.00
3	3	0.00	0.00	0.72	1.71	0.00
3	7	0.00	0.00	0.41	1.69	0.00
Core	CPU	C1%	C3%	C6%	C8%	C9%
-	-	0.00	0.29	8.61	3.80	0.00
0	0	0.00	2.27	65.91	25.35	0.00
0	4	0.00	0.00	0.54	0.00	0.00
1	1	0.00	0.03	0.82	0.13	0.00
1	5	0.00	0.00	0.18	0.50	0.00
2	2	0.00	0.00	0.28	0.95	0.00
2	6	0.00	0.00	0.56	0.69	0.00
3	3	0.00	0.00	0.25	1.19	0.00
3	7	0.00	0.00	0.32	1.62	0.00
Core	CPU	C1%	C3%	C6%	C8%	C9%
-	-	3.23	0.44	6.96	4.40	0.00
0	0	13.41	1.27	11.09	11.51	0.00
0	4	0.00	0.00	0.66	0.60	0.00
1	1	12.42	2.22	42.48	17.96	0.00
1	5	0.00	0.00	0.13	1.18	0.00
2	2	0.00	0.02	0.29	0.83	0.00
2	6	0.00	0.00	0.15	1.29	0.00
3	3	0.01	0.00	0.37	0.89	0.00
3	7	0.00	0.00	0.53	0.99	0.00
Core	CPU	C1%	C3%	C6%	C8%	C9%
-	-	1.15	0.38	7.61	4.16	0.00
0	0	4.97	1.71	45.76	20.66	0.00
0	4	0.00	0.00	0.00	0.49	0.00
1	1	4.25	1.29	13.58	7.37	0.00
1	5	0.00	0.00	0.44	0.89	0.00
2	2	0.00	0.05	0.29	0.79	0.00
2	6	0.00	0.00	0.23	0.99	0.00
3	3	0.00	0.00	0.19	0.90	0.00
3	7	0.00	0.00	0.41	1.18	0.00
Core	CPU	C1%	C3%	C6%	C8%	C9%
-	-	0.00	0.29	8.50	3.96	1.08
0	0	0.00	2.25	65.14	26.11	0.00
0	4	0.00	0.00	0.63	0.30	8.66
1	1	0.00	0.03	0.73	0.18	0.00
1	5	0.00	0.00	0.20	1.09	0.00
2	2	0.00	0.00	0.23	1.08	0.00
2	6	0.00	0.00	0.44	0.79	0.00
3	3	0.00	0.00	0.15	0.99	0.00
3	7	0.00	0.04	0.50	1.18	0.00
Core	CPU	C1%	C3%	C6%	C8%	C9%
-	-	2.53	0.32	6.53	4.25	0.00
0	0	10.40	0.69	9.22	8.39	0.00
0	4	0.00	0.00	0.98	0.30	0.00
1	1	9.86	1.85	41.04	20.42	0.00
1	5	0.00	0.02	0.18	1.11	0.00
2	2	0.00	0.00	0.00	0.40	0.00
2	6	0.00	0.00	0.19	0.99	0.00
3	3	0.00	0.00	0.36	1.38	0.00
3	7	0.00	0.00	0.30	0.99	0.00
Core	CPU	C1%	C3%	C6%	C8%	C9%
-	-	3.24	0.46	6.75	4.45	0.00
0	0	13.57	1.02	11.42	11.64	0.00
0	4	0.00	0.00	0.28	0.90	0.00
1	1	12.34	2.64	40.42	19.06	0.00
1	5	0.00	0.00	0.45	0.69	0.00
2	2	0.00	0.00	0.64	0.99	0.00
2	6	0.00	0.00	0.22	0.99	0.00
3	3	0.00	0.00	0.19	0.69	0.00
3	7	0.00	0.00	0.38	0.69	0.00
Core	CPU	C1%	C3%	C6%	C8%	C9%
-	-	2.30	0.29	6.64	4.45	0.00
0	0	8.70	0.88	10.37	9.11	0.00
0	4	0.00	0.02	0.19	0.99	0.00
1	1	3.77	0.64	9.38	3.00	0.00
1	5	0.00	0.00	0.37	0.89	0.00
2	2	0.00	0.00	0.36	0.89	0.00
2	6	0.00	0.00	0.15	0.99	0.00
3	3	5.95	0.77	32.18	19.06	0.00
3	7	0.00	0.00	0.09	0.70	0.02
Core	CPU	C1%	C3%	C6%	C8%	C9%
-	-	2.73	0.35	6.97	4.52	0.00
0	0	11.63	0.91	10.92	10.67	0.01
0	4	0.00	0.00	0.54	0.79	0.00
1	1	10.21	1.84	41.22	21.23	0.00
1	5	0.00	0.01	0.59	0.00	0.00
2	2	0.00	0.00	0.19	0.99	0.00
2	6	0.00	0.00	0.38	0.89	0.00
3	3	0.00	0.00	0.95	0.58	0.00
3	7	0.00	0.00	0.94	1.01	0.00
Core	CPU	C1%	C3%	C6%	C8%	C9%
-	-	2.06	0.32	6.79	4.65	0.00
0	0	8.60	0.77	10.78	8.84	0.00
0	4	0.00	0.00	0.27	0.90	0.00
1	1	0.00	0.00	0.65	1.28	0.00
1	5	0.00	0.00	0.62	0.60	0.00
2	2	0.00	0.02	1.14	1.00	0.00
2	6	0.79	0.00	0.18	0.59	0.00
3	3	7.07	1.80	40.16	23.40	0.02
3	7	0.00	0.00	0.55	0.60	0.00
Core	CPU	C1%	C3%	C6%	C8%	C9%
-	-	3.52	0.47	6.95	4.80	0.00
0	0	14.09	1.26	10.95	14.09	0.00
0	4	0.00	0.00	0.10	0.29	0.00
1	1	0.00	0.00	0.28	0.89	0.00
1	5	0.00	0.00	0.37	0.69	0.00
2	2	0.00	0.00	0.25	1.28	0.00
2	6	0.00	0.00	0.47	1.58	0.00
3	3	14.06	2.50	42.64	17.95	0.00
3	7	0.00	0.02	0.56	1.63	0.00
Core	CPU	C1%	C3%	C6%	C8%	C9%
-	-	2.12	0.34	6.91	4.72	0.01
0	0	8.69	0.65	11.80	11.08	0.12
0	4	0.00	0.02	0.00	0.69	0.00
1	1	8.26	1.92	41.68	21.79	0.00
1	5	0.00	0.00	0.38	0.68	0.00
2	2	0.00	0.00	0.36	0.79	0.00
2	6	0.00	0.00	0.35	0.99	0.00
3	3	0.00	0.10	0.35	0.80	0.00
3	7	0.00	0.00	0.33	0.96	0.00
Core	CPU	C1%	C3%	C6%	C8%	C9%
-	-	2.58	0.38	6.22	4.14	0.00
0	0	10.04	0.66	7.13	8.70	0.00
0	4	0.00	0.00	0.15	0.39	0.00
1	1	0.02	0.00	0.69	0.80	0.00
1	5	0.00	0.02	0.59	0.50	0.00
2	2	0.00	0.00	0.10	0.60	0.00
2	6	0.00	0.00	0.19	0.89	0.00
3	3	10.59	2.37	40.22	20.50	0.00
3	7	0.00	0.03	0.70	0.73	0.00
Core	CPU	C1%	C3%	C6%	C8%	C9%
-	-	2.40	0.29	7.13	7.73	0.01
0	0	8.96	0.78	9.15	6.07	0.11
0	4	0.00	0.00	0.57	1.10	0.00
1	1	0.00	0.00	0.87	1.38	0.00
1	5	0.00	0.00	1.33	1.19	0.00
2	2	0.00	0.00	0.33	1.39	0.00
2	6	0.00	0.02	0.30	1.29	0.00
3	3	10.22	1.29	42.36	20.12	0.00
3	7	0.01	0.25	2.12	29.28	0.00
Core	CPU	C1%	C3%	C6%	C8%	C9%
-	-	4.30	0.43	6.97	4.63	0.00
0	0	18.96	0.40	12.08	13.15	0.00
0	4	0.00	0.00	0.27	0.80	0.00
1	1	15.46	2.98	41.19	18.48	0.00
1	5	0.00	0.00	0.20	1.08	0.00
2	2	0.00	0.00	0.36	0.99	0.00
2	6	0.00	0.00	0.40	1.19	0.00
3	3	0.00	0.00	0.33	0.79	0.00
3	7	0.00	0.05	0.91	0.58	0.00
Core	CPU	C1%	C3%	C6%	C8%	C9%
-	-	1.69	0.36	7.35	3.83	0.00
0	0	7.45	1.49	29.00	14.29	0.00
0	4	0.00	0.00	0.44	0.50	0.00
1	1	6.06	1.33	27.00	13.47	0.00
1	5	0.00	0.02	0.18	0.40	0.00
2	2	0.00	0.00	0.36	0.10	0.00
2	6	0.00	0.00	0.61	0.50	0.00
3	3	0.00	0.00	0.26	0.69	0.00
3	7	0.00	0.00	0.95	0.70	0.00
Core	CPU	C1%	C3%	C6%	C8%	C9%
-	-	1.01	0.23	6.88	4.08	0.00
0	0	4.45	1.12	25.58	10.22	0.00
0	4	0.00	0.00	0.38	0.89	0.00
1	1	0.76	0.18	7.18	6.11	0.00
1	5	0.00	0.00	0.45	0.79	0.00
2	2	0.00	0.00	0.92	0.30	0.00
2	6	0.00	0.02	0.89	0.40	0.00
3	3	2.87	0.51	19.16	13.15	0.00
3	7	0.00	0.00	0.47	0.78	0.00
Core	CPU	C1%	C3%	C6%	C8%	C9%
-	-	0.00	0.29	8.56	4.47	0.00
0	0	0.00	2.28	64.12	27.04	0.00
0	4	0.00	0.01	0.49	0.11	0.00
1	1	0.00	0.04	1.18	1.67	0.00
1	5	0.00	0.00	0.46	1.69	0.00
2	2	0.00	0.00	0.75	0.69	0.00
2	6	0.00	0.00	0.44	1.38	0.00
3	3	0.00	0.02	0.30	1.58	0.00
3	7	0.00	0.00	0.70	1.58	0.00
Core	CPU	C1%	C3%	C6%	C8%	C9%
-	-	3.79	0.33	7.63	4.10	0.91
0	0	15.57	1.03	29.97	19.40	0.00
0	4	0.00	0.00	0.53	0.10	7.28
1	1	0.02	0.06	0.38	0.33	0.00
1	5	0.00	0.00	0.00	0.60	0.00
2	2	0.00	0.00	0.28	1.19	0.00
2	6	0.00	0.00	0.45	1.10	0.00
3	3	14.76	1.53	29.18	9.09	0.00
3	7	0.00	0.02	0.25	0.99	0.00
Core	CPU	C1%	C3%	C6%	C8%	C9%
-	-	2.39	0.24	6.68	4.35	0.00
0	0	9.77	0.80	10.87	6.83	0.00
0	4	0.00	0.00	0.66	0.49	0.00
1	1	0.00	0.00	0.70	1.49	0.00
1	5	0.00	0.00	0.32	0.89	0.00
2	2	0.00	0.02	0.29	0.89	0.00
2	6	0.00	0.00	0.44	1.19	0.00
3	3	9.33	1.12	39.75	22.30	0.00
3	7	0.00	0.00	0.36	0.69	0.00
Core	CPU	C1%	C3%	C6%	C8%	C9%
-	-	0.00	0.36	8.60	4.01	0.57
0	0	0.02	2.85	65.27	24.90	0.00
0	4	0.00	0.00	0.49	0.40	4.57
1	1	0.00	0.00	1.18	1.09	0.00
1	5	0.00	0.00	0.27	0.99	0.00
2	2	0.00	0.01	0.63	1.58	0.00
2	6	0.00	0.00	0.41	1.08	0.00
3	3	0.00	0.02	0.29	1.19	0.00
3	7	0.00	0.00	0.29	0.84	0.00
Core	CPU	C1%	C3%	C6%	C8%	C9%
-	-	0.00	0.27	8.78	3.86	0.28
0	0	0.00	2.06	64.91	26.51	0.00
0	4	0.00	0.02	0.50	0.00	2.27
1	1	0.00	0.00	0.40	0.70	0.00
1	5	0.00	0.00	1.76	0.79	0.00
2	2	0.00	0.01	0.96	0.89	0.00
2	6	0.00	0.05	0.32	0.79	0.00
3	3	0.00	0.00	0.73	0.50	0.00
3	7	0.00	0.01	0.70	0.69	0.00
Core	CPU	C1%	C3%	C6%	C8%	C9%
-	-	0.00	0.25	8.54	3.82	0.00
0	0	0.00	2.03	64.84	26.60	0.00
0	4	0.00	0.00	0.66	0.00	0.00
1	1	0.00	0.00	0.54	0.42	0.00
1	5	0.00	0.00	0.27	0.59	0.00
2	2	0.00	0.00	0.81	0.50	0.00
2	6	0.00	0.00	0.29	0.89	0.00
3	3	0.00	0.00	0.27	1.09	0.00
3	7	0.00	0.00	0.64	0.49	0.00
Core	CPU	C1%	C3%	C6%	C8%	C9%
-	-	0.00	0.30	8.57	4.12	1.08
0	0	0.00	2.34	64.31	26.80	0.00
0	4	0.00	0.00	0.97	0.10	8.67
1	1	0.00	0.00	0.29	1.19	0.00
1	5	0.00	0.00	1.71	0.79	0.00
2	2	0.00	0.03	0.61	0.90	0.00
2	6	0.00	0.00	0.10	1.19	0.00
3	3	0.00	0.00	0.19	0.98	0.00
3	7	0.00	0.00	0.36	0.99	0.00
Core	CPU	C1%	C3%	C6%	C8%	C9%
-	-	0.00	0.28	8.45	4.33	0.00
0	0	0.00	2.15	63.82	27.50	0.00
0	4	0.00	0.00	0.70	0.29	0.00
1	1	0.00	0.01	0.69	0.79	0.00
1	5	0.00	0.00	0.28	1.12	0.00
2	2	0.00	0.01	0.91	1.67	0.00
2	6	0.00	0.00	0.24	1.28	0.00
3	3	0.00	0.02	0.30	0.89	0.00
3	7	0.00	0.02	0.64	1.09	0.00
Core	CPU	C1%	C3%	C6%	C8%	C9%
-	-	0.00	0.33	9.08	3.75	1.12
0	0	0.00	2.61	65.61	25.33	0.00
0	4	0.00	0.00	1.28	0.00	8.93
1	1	0.00	0.00	0.96	0.49	0.00
1	5	0.00	0.00	0.44	1.19	0.00
2	2	0.00	0.01	1.63	0.49	0.00
2	6	0.00	0.02	1.15	0.60	0.00
3	3	0.00	0.00	0.47	1.40	0.00
3	7	0.00	0.00	1.08	0.50	0.00
Core	CPU	C1%	C3%	C6%	C8%	C9%
-	-	2.48	0.35	5.97	4.18	0.00
0	0	10.34	0.49	6.04	6.57	0.00
0	4	0.00	0.03	0.29	0.30	0.00
1	1	0.00	0.00	0.39	0.79	0.00
1	5	0.00	0.00	0.19	1.09	0.00
2	2	0.00	0.04	0.84	0.99	0.00
2	6	0.00	0.00	0.30	1.48	0.00
3	3	9.49	2.27	39.42	21.33	0.00
3	7	0.00	0.00	0.29	0.89	0.00
Core	CPU	C1%	C3%	C6%	C8%	C9%
-	-	2.47	0.22	6.11	3.91	0.53
0	0	9.87	0.55	6.62	4.77	0.00
0	4	0.00	0.00	0.14	0.40	0.00
1	1	0.00	0.01	0.70	1.89	0.00
1	5	0.00	0.00	0.19	0.50	0.00
2	2	0.00	0.00	0.58	1.28	0.00
2	6	0.00	0.00	0.28	0.89	0.00
3	3	9.87	1.19	40.08	20.80	0.00
3	7	0.00	0.00	0.32	0.80	4.27
Core	CPU	C1%	C3%	C6%	C8%	C9%
-	-	2.45	0.31	6.10	3.55	0.00
0	0	9.74	0.64	5.97	3.59	0.00
0	4	0.00	0.00	0.19	0.79	0.00
1	1	0.01	0.00	0.55	0.30	0.00
1	5	0.00	0.00	0.05	0.49	0.00
2	2	0.00	0.03	1.01	0.59	0.00
2	6	0.00	0.00	0.12	0.69	0.00
3	3	9.87	1.84	40.42	21.27	0.00
3	7	0.00	0.00	0.46	0.70	0.00
Core	CPU	C1%	C3%	C6%	C8%	C9%
-	-	2.30	0.21	6.38	3.95	0.00
0	0	9.48	0.53	6.70	5.01	0.00
0	4	0.00	0.02	0.28	0.80	0.00
1	1	0.00	0.00	0.20	0.69	0.00
1	5	0.00	0.00	0.47	0.80	0.00
2	2	0.00	0.01	1.17	0.49	0.00
2	6	0.00	0.00	0.24	1.09	0.00
3	3	8.94	1.14	41.82	21.68	0.00
3	7	0.00	0.00	0.19	1.00	0.00
Core	CPU	C1%	C3%	C6%	C8%	C9%
-	-	3.42	0.39	6.55	4.12	0.00
0	0	14.60	0.69	8.97	8.45	0.00
0	4	0.00	0.00	0.23	1.07	0.00
1	1	0.00	0.01	0.23	0.78	0.00
1	5	0.00	0.00	0.12	1.00	0.00
2	2	0.00	0.02	1.21	0.51	0.00
2	6	0.00	0.00	0.18	0.79	0.00
3	3	12.77	2.36	41.30	19.08	0.00
3	7	0.00	0.00	0.13	1.29	0.00
Core	CPU	C1%	C3%	C6%	C8%	C9%
-	-	2.19	0.20	6.26	4.30	0.29
0	0	9.20	0.55	8.25	4.61	0.00
0	4	0.00	0.00	0.27	0.90	0.00
1	1	0.00	0.00	0.73	0.99	0.00
1	5	0.00	0.00	0.44	0.70	0.00
2	2	0.00	0.03	0.55	0.98	0.00
2	6	0.00	0.02	0.19	0.89	0.00
3	3	8.34	1.00	39.26	24.53	0.00
3	7	0.00	0.00	0.37	0.80	2.29
Core	CPU	C1%	C3%	C6%	C8%	C9%
-	-	1.81	0.44	7.32	4.16	0.00
0	0	7.51	1.33	35.19	17.30	0.00
0	4	0.00	0.00	0.32	1.00	0.00
1	1	0.00	0.02	0.78	0.52	0.00
1	5	0.00	0.00	0.20	1.09	0.00
2	2	0.00	0.04	0.90	1.67	0.00
2	6	6.96	2.14	20.69	9.31	0.00
3	3	0.00	0.00	0.25	1.38	0.00
3	7	0.00	0.00	0.22	0.99	0.00
Core	CPU	C1%	C3%	C6%	C8%	C9%
-	-	0.00	0.32	8.62	3.89	0.00
0	0	0.00	2.31	65.55	25.69	0.00
0	4	0.00	0.00	0.76	0.11	0.00
1	1	0.00	0.13	0.42	0.79	0.00
1	5	0.00	0.00	0.32	0.89	0.00
2	2	0.00	0.02	1.09	1.00	0.00
2	6	0.00	0.02	0.16	0.97	0.00
3	3	0.00	0.09	0.29	0.89	0.00
3	7	0.00	0.00	0.37	0.79	0.00
Core	CPU	C1%	C3%	C6%	C8%	C9%
-	-	0.00	0.28	8.52	3.91	0.00
0	0	0.00	2.25	65.01	26.29	0.00
0	4	0.00	0.00	0.50	0.00	0.00
1	1	0.00	0.00	0.48	0.69	0.00
1	5	0.00	0.00	0.27	0.99	0.00
2	2	0.00	0.00	1.06	0.71	0.00
2	6	0.00	0.00	0.20	0.99	0.00
3	3	0.00	0.01	0.39	0.80	0.00
3	7	0.00	0.00	0.29	0.79	0.00
Core	CPU	C1%	C3%	C6%	C8%	C9%
-	-	3.17	0.45	7.29	8.03	0.00
0	0	13.06	1.16	23.19	19.21	0.00
0	4	0.00	0.00	0.10	0.49	0.00
1	1	0.00	0.00	0.56	0.40	0.00
1	5	0.00	0.00	0.28	0.99	0.00
2	2	0.00	0.05	1.21	1.55	0.00
2	6	12.30	2.21	30.59	11.91	0.00
3	3	0.00	0.00	0.92	0.59	0.00
3	7	0.01	0.15	1.46	29.14	0.00
Core	CPU	C1%	C3%	C6%	C8%	C9%
-	-	4.23	0.54	6.44	4.54	0.00
0	0	18.73	0.36	6.68	14.26	0.00
0	4	0.00	0.00	0.45	0.88	0.00
1	1	0.00	0.00	0.52	0.50	0.00
1	5	0.00	0.02	0.20	0.99	0.00
2	2	0.00	0.02	1.06	1.18	0.00
2	6	15.08	3.92	41.34	16.82	0.00
3	3	0.00	0.00	0.37	1.08	0.00
3	7	0.00	0.00	0.92	0.60	0.00
Core	CPU	C1%	C3%	C6%	C8%	C9%
-	-	2.93	0.48	7.35	3.90	0.00
0	0	11.95	1.11	29.25	16.23	0.00
0	4	0.00	0.00	0.47	0.49	0.00
1	1	0.00	0.00	0.35	0.20	0.00
1	5	0.00	0.00	0.42	0.49	0.00
2	2	0.00	0.02	0.81	0.18	0.00
2	6	11.48	2.69	26.87	11.82	0.00
3	3	0.00	0.00	0.28	0.98	0.00
3	7	0.00	0.00	0.36	0.79	0.00
Core	CPU	C1%	C3%	C6%	C8%	C9%
-	-	0.00	0.27	8.63	4.00	0.98
0	0	0.00	2.19	65.04	26.31	0.00
0	4	0.00	0.00	0.19	0.61	7.79
1	1	0.00	0.00	0.68	1.20	0.02
1	5	0.00	0.00	0.27	0.89	0.00
2	2	0.00	0.00	0.86	0.70	0.00
2	6	0.00	0.00	0.95	0.58	0.00
3	3	0.00	0.00	0.20	0.90	0.00
3	7	0.00	0.00	0.88	0.79	0.00
Core	CPU	C1%	C3%	C6%	C8%	C9%
-	-	0.00	0.28	8.66	3.82	0.56
0	0	0.01	2.26	65.17	26.08	0.00
0	4	0.00	0.00	0.83	0.09	3.48
1	1	0.00	0.00	0.65	0.60	0.00
1	5	0.00	0.00	0.27	0.89	0.00
2	2	0.00	0.01	0.98	0.98	0.00
2	6	0.00	0.00	0.25	1.00	1.00
3	3	0.00	0.00	0.63	0.30	0.00
3	7	0.00	0.00	0.50	0.60	0.00
Core	CPU	C1%	C3%	C6%	C8%	C9%
-	-	0.00	0.28	8.62	3.98	0.17
0	0	0.00	2.25	64.98	26.11	0.00
0	4	0.00	0.00	1.32	0.00	1.37
1	1	0.00	0.00	0.44	1.29	0.00
1	5	0.00	0.00	0.13	0.40	0.00
2	2	0.00	0.00	0.91	0.31	0.00
2	6	0.00	0.01	0.34	1.39	0.00
3	3	0.00	0.00	0.46	1.19	0.00
3	7	0.00	0.00	0.37	1.19	0.00
Core	CPU	C1%	C3%	C6%	C8%	C9%
-	-	0.00	0.28	8.58	4.00	0.00
0	0	0.00	2.22	64.30	27.05	0.00
0	4	0.00	0.00	0.88	0.00	0.00
1	1	0.00	0.00	0.26	0.89	0.00
1	5	0.00	0.00	0.33	0.89	0.00
2	2	0.00	0.00	1.06	0.59	0.00
2	6	0.00	0.00	0.88	0.39	0.00
3	3	0.00	0.00	0.58	1.19	0.00
3	7	0.00	0.00	0.37	0.99	0.00
Core	CPU	C1%	C3%	C6%	C8%	C9%
-	-	0.28	0.32	8.37	4.02	0.00
0	0	1.17	2.13	61.72	25.98	0.00
0	4	0.00	0.00	0.49	0.00	0.00
1	1	0.00	0.00	0.20	0.88	0.00
1	5	0.00	0.00	0.28	0.79	0.00
2	2	0.12	0.02	0.51	1.17	0.00
2	6	0.98	0.29	3.39	1.73	0.00
3	3	0.00	0.12	0.09	0.89	0.00
3	7	0.00	0.00	0.29	0.69	0.00
Core	CPU	C1%	C3%	C6%	C8%	C9%
-	-	2.90	0.46	7.42	3.57	0.00
0	0	12.41	0.91	20.69	12.40	0.00
0	4	0.00	0.00	0.62	0.69	0.00
1	1	0.00	0.01	1.32	0.31	0.00
1	5	0.00	0.00	0.58	0.59	0.00
2	2	0.00	0.01	1.27	0.40	0.00
2	6	10.83	2.76	34.21	11.89	0.00
3	3	0.00	0.00	0.24	0.89	0.00
3	7	0.00	0.00	0.41	1.39	0.00
Core	CPU	C1%	C3%	C6%	C8%	C9%
-	-	0.01	0.27	8.52	4.17	0.01
0	0	0.00	2.15	64.37	27.03	0.00
0	4	0.00	0.00	0.47	0.69	0.00
1	1	0.00	0.00	0.35	0.80	0.00
1	5	0.00	0.00	0.24	0.89	0.00
2	2	0.00	0.04	1.00	0.50	0.00
2	6	0.09	0.00	0.99	1.50	0.06
3	3	0.00	0.00	0.29	0.88	0.00
3	7	0.00	0.00	0.45	1.08	0.00
Core	CPU	C1%	C3%	C6%	C8%	C9%
-	-	0.00	0.31	8.79	4.12	0.96
0	0	0.00	2.41	65.49	25.73	0.00
0	4	0.00	0.00	1.17	0.21	7.68
1	1	0.00	0.00	0.37	2.17	0.00
1	5	0.00	0.00	0.35	1.08	0.00
2	2	0.00	0.07	1.17	0.11	0.00
2	6	0.00	0.02	1.12	0.60	0.00
3	3	0.00	0.00	0.23	1.78	0.00
3	7	0.00	0.00	0.46	1.29	0.00
Core	CPU	C1%	C3%	C6%	C8%	C9%
-	-	1.54	0.32	6.98	4.10	0.00
0	0	5.92	1.02	23.27	10.29	0.01
0	4	0.00	0.02	0.59	0.59	0.00
1	1	0.00	0.00	0.19	1.29	0.00
1	5	0.00	0.00	0.28	1.68	0.00
2	2	0.00	0.00	1.18	1.19	0.00
2	6	0.00	0.00	0.34	1.78	0.00
3	3	6.43	1.50	29.69	14.23	0.00
3	7	0.00	0.00	0.29	1.78	0.00
Core	CPU	C1%	C3%	C6%	C8%	C9%
-	-	2.83	0.36	6.04	4.19	0.00
0	0	10.96	0.49	6.78	7.57	0.00
0	4	0.00	0.00	0.05	0.59	0.00
1	1	0.00	0.00	0.70	0.30	0.00
1	5	0.00	0.00	0.19	0.70	0.00
2	2	0.00	0.04	0.41	1.35	0.00
2	6	0.00	0.00	0.28	0.98	0.00
3	3	11.66	2.31	39.77	20.53	0.00
3	7	0.00	0.02	0.14	1.48	0.00
Core	CPU	C1%	C3%	C6%	C8%	C9%
-	-	2.49	0.28	6.88	4.15	0.13
0	0	10.40	0.83	8.51	5.29	0.00
0	4	0.00	0.00	0.55	1.21	0.00
1	1	0.00	0.00	0.54	1.29	0.00
1	5	0.00	0.00	0.46	1.19	0.00
2	2	0.00	0.00	1.35	0.88	0.00
2	6	0.00	0.00	0.40	1.29	1.00
3	3	9.53	1.40	42.36	21.25	0.00
3	7	0.00	0.00	0.85	0.80	0.00
Core	CPU	C1%	C3%	C6%	C8%	C9%
-	-	1.86	0.24	6.60	4.13	0.00
0	0	7.33	0.90	9.37	5.11	0.00
0	4	0.00	0.00	0.21	0.31	0.00
1	1	0.00	0.00	0.10	0.32	0.00
1	5	0.00	0.00	0.86	2.49	0.00
2	2	0.00	0.02	1.07	0.39	0.00
2	6	0.00	0.00	0.36	0.79	0.00
3	3	7.53	1.01	40.64	22.77	0.00
3	7	0.00	0.03	0.18	0.89	0.00
Core	CPU	C1%	C3%	C6%	C8%	C9%
-	-	0.00	0.32	8.79	4.17	0.03
0	0	0.00	2.51	65.49	25.52	0.00
0	4	0.00	0.00	0.36	1.63	0.21
1	1	0.00	0.00	0.58	1.77	0.00
1	5	0.00	0.00	0.47	0.99	0.00
2	2	0.00	0.02	1.38	1.60	0.00
2	6	0.00	0.00	0.79	0.80	0.00
3	3	0.00	0.00	0.69	0.49	0.00
3	7	0.00	0.00	0.55	0.59	0.00
Core	CPU	C1%	C3%	C6%	C8%	C9%
-	-	0.00	0.31	8.65	4.00	0.40
0	0	0.01	2.46	65.59	25.49	0.00
0	4	0.00	0.00	0.71	1.09	3.18
1	1	0.00	0.00	0.90	0.69	0.00
1	5	0.00	0.00	0.36	0.79	0.00
2	2	0.00	0.02	0.91	1.30	0.00
2	6	0.00	0.00	0.13	0.99	0.00
3	3	0.00	0.00	0.20	0.80	0.00
3	7	0.00	0.00	0.38	0.89	0.00
Core	CPU	C1%	C3%	C6%	C8%	C9%
-	-	3.14	0.35	6.17	4.49	0.00
0	0	13.72	0.46	4.88	10.04	0.00
0	4	0.00	0.00	0.33	1.08	0.00
1	1	11.41	2.36	42.00	19.27	0.00
1	5	0.00	0.00	0.20	1.08	0.00
2	2	0.00	0.00	0.78	1.17	0.00
2	6	0.00	0.00	0.36	0.89	0.00
3	3	0.00	0.00	0.23	0.89	0.00
3	7	0.00	0.00	0.55	1.49	0.00
Core	CPU	C1%	C3%	C6%	C8%	C9%
-	-	0.43	0.31	7.84	4.09	0.00
0	0	1.93	1.96	48.78	19.99	0.00
0	4	0.00	0.03	0.63	1.29	0.00
1	1	1.43	0.44	11.25	7.16	0.01
1	5	0.00	0.04	0.52	0.60	0.00
2	2	0.00	0.01	0.81	0.10	0.00
2	6	0.00	0.00	0.25	0.99	0.00
3	3	0.06	0.00	0.36	1.58	0.00
3	7	0.00	0.00	0.15	0.99	0.00
Core	CPU	C1%	C3%	C6%	C8%	C9%
-	-	0.00	0.32	8.65	4.02	1.17
0	0	0.00	2.42	64.50	26.66	0.00
0	4	0.00	0.00	0.98	0.00	5.86
1	1	0.00	0.10	0.23	0.11	2.50
1	5	0.00	0.00	0.95	0.30	0.00
2	2	0.00	0.00	0.97	1.69	0.00
2	6	0.00	0.02	0.23	1.09	1.00
3	3	0.00	0.00	0.59	1.29	0.00
3	7	0.00	0.00	0.76	0.99	0.00
Core	CPU	C1%	C3%	C6%	C8%	C9%
-	-	3.61	0.39	6.65	4.10	0.00
0	0	14.99	0.69	6.53	10.70	0.00
0	4	0.00	0.01	0.94	0.59	0.00
1	1	13.87	2.38	43.41	16.00	0.00
1	5	0.00	0.00	0.52	1.39	0.00
2	2	0.00	0.01	1.26	0.79	0.00
2	6	0.00	0.00	0.14	1.09	0.00
3	3	0.00	0.00	0.32	0.99	0.00
3	7	0.00	0.00	0.10	1.29	0.00
Core	CPU	C1%	C3%	C6%	C8%	C9%
-	-	3.83	0.46	6.38	4.41	0.00
0	0	16.31	0.44	5.71	12.42	0.00
0	4	0.00	0.00	0.53	0.90	0.00
1	1	14.35	3.21	42.16	17.10	0.00
1	5	0.00	0.01	0.29	0.40	0.00
2	2	0.00	0.03	0.70	0.97	0.00
2	6	0.00	0.00	0.37	1.28	0.00
3	3	0.00	0.00	0.45	0.80	0.00
3	7	0.00	0.00	0.78	1.39	0.00
Core	CPU	C1%	C3%	C6%	C8%	C9%
-	-	2.08	0.36	7.52	7.44	0.00
0	0	8.15	1.44	33.40	16.07	0.00
0	4	0.00	0.00	0.27	0.88	0.00
1	1	8.49	1.28	22.83	10.85	0.00
1	5	0.00	0.00	0.31	0.90	0.00
2	2	0.00	0.03	1.21	0.00	0.00
2	6	0.00	0.02	0.70	0.79	0.00
3	3	0.00	0.00	0.19	0.79	0.00
3	7	0.01	0.13	1.26	29.23	0.00
Core	CPU	C1%	C3%	C6%	C8%	C9%
-	-	3.24	0.34	6.65	4.02	0.00
0	0	13.17	0.64	8.65	8.05	0.00
0	4	0.00	0.00	0.28	0.99	0.00
1	1	12.78	2.02	41.35	18.06	0.00
1	5	0.00	0.00	0.55	1.59	0.00
2	2	0.00	0.02	0.95	0.89	0.00
2	6	0.00	0.00	0.32	0.79	0.00
3	3	0.00	0.02	0.29	1.09	0.00
3	7	0.00	0.00	0.77	0.70	0.00
Core	CPU	C1%	C3%	C6%	C8%	C9%
-	-	2.50	0.28	6.59	4.12	0.44
0	0	9.56	0.51	9.14	6.02	0.00
0	4	0.00	0.00	0.21	1.39	0.00
1	1	10.41	1.73	39.95	21.95	0.00
1	5	0.00	0.00	0.36	1.20	0.00
2	2	0.00	0.02	0.69	0.88	0.00
2	6	0.00	0.00	0.45	0.60	0.00
3	3	0.00	0.00	0.83	0.30	3.48
3	7	0.00	0.01	1.09	0.60	0.00
Core	CPU	C1%	C3%	C6%	C8%	C9%
-	-	2.58	0.28	6.56	4.04	0.01
0	0	10.83	0.53	8.18	8.32	0.11
0	4	0.00	0.00	0.54	0.50	0.00
1	1	9.80	1.68	41.28	20.36	0.00
1	5	0.00	0.00	0.22	0.30	0.00
2	2	0.00	0.00	0.32	0.49	0.00
2	6	0.00	0.00	0.20	0.89	0.00
3	3	0.00	0.00	0.77	0.90	0.00
3	7	0.00	0.00	0.94	0.59	0.00
Core	CPU	C1%	C3%	C6%	C8%	C9%
-	-	2.76	0.33	6.49	3.94	0.10
0	0	11.38	0.49	8.54	6.26	0.00
0	4	0.00	0.00	0.64	0.57	0.82
1	1	10.73	2.11	40.08	21.09	0.00
1	5	0.00	0.00	0.73	0.60	0.00
2	2	0.00	0.01	1.15	0.50	0.00
2	6	0.00	0.00	0.32	0.90	0.00
3	3	0.00	0.00	0.19	0.80	0.00
3	7	0.00	0.00	0.28	0.80	0.00
Core	CPU	C1%	C3%	C6%	C8%	C9%
-	-	3.18	0.31	6.43	4.81	0.03
0	0	13.59	0.39	7.14	11.49	0.23
0	4	0.00	0.00	0.17	0.79	0.00
1	1	11.82	2.07	41.34	20.19	0.00
1	5	0.00	0.00	0.66	0.71	0.00
2	2	0.00	0.03	1.15	0.70	0.00
2	6	0.00	0.00	0.44	2.18	0.00
3	3	0.00	0.00	0.32	1.20	0.00
3	7	0.00	0.00	0.19	1.20	0.00
Core	CPU	C1%	C3%	C6%	C8%	C9%
-	-	2.70	0.32	7.25	4.15	0.00
0	0	11.06	0.69	10.76	5.93	0.00
0	4	0.00	0.00	0.24	0.89	0.00
1	1	10.56	1.86	43.47	19.50	0.00
1	5	0.01	0.01	0.58	0.10	0.00
2	2	0.00	0.02	2.04	2.94	0.00
2	6	0.00	0.00	0.28	1.28	0.00
3	3	0.00	0.00	0.36	1.18	0.00
3	7	0.00	0.00	0.24	1.38	0.00
Core	CPU	C1%	C3%	C6%	C8%	C9%
-	-	3.04	0.34	6.90	3.75	0.00
0	0	13.70	0.33	9.74	6.15	0.01
0	4	0.00	0.00	0.37	0.71	0.00
1	1	10.62	2.30	42.16	19.56	0.00
1	5	0.00	0.00	0.84	0.79	0.00
2	2	0.00	0.00	0.93	0.60	0.00
2	6	0.00	0.00	0.60	0.59	0.00
3	3	0.00	0.10	0.19	0.89	0.00
3	7	0.00	0.00	0.36	0.70	0.00
Core	CPU	C1%	C3%	C6%	C8%	C9%
-	-	2.10	0.28	6.68	3.81	0.00
0	0	8.63	0.63	8.49	5.53	0.00
0	4	0.00	0.00	0.00	0.60	0.00
1	1	8.18	1.56	42.47	20.07	0.00
1	5	0.00	0.00	0.45	0.80	0.00
2	2	0.00	0.03	1.33	0.99	0.00
2	6	0.00	0.00	0.24	0.99	0.00
3	3	0.00	0.01	0.39	0.70	0.00
3	7	0.00	0.00	0.10	0.79	0.00
Core	CPU	C1%	C3%	C6%	C8%	C9%
-	-	4.01	0.47	6.41	4.46	0.00
0	0	17.24	0.65	9.63	11.64	0.00
0	4	0.00	0.00	0.10	0.59	0.00
1	1	14.88	3.04	39.05	19.05	0.00
1	5	0.00	0.00	0.49	0.20	0.00
2	2	0.00	0.04	0.68	0.90	0.00
2	6	0.00	0.00	0.27	0.89	0.00
3	3	0.00	0.00	0.35	0.99	0.00
3	7	0.00	0.00	0.70	1.39	0.00
Core	CPU	C1%	C3%	C6%	C8%	C9%
-	-	0.00	0.28	8.73	4.01	0.00
0	0	0.01	2.23	65.54	25.73	0.00
0	4	0.00	0.00	0.46	0.31	0.00
1	1	0.00	0.00	0.96	0.99	0.00
1	5	0.00	0.00	0.52	0.79	0.00
2	2	0.00	0.01	0.72	1.09	0.00
2	6	0.00	0.00	0.27	1.09	0.00
3	3	0.00	0.00	0.98	0.99	0.00
3	7	0.00	0.00	0.36	1.09	0.00
Core	CPU	C1%	C3%	C6%	C8%	C9%
-	-	3.40	0.33	6.05	4.59	0.00
0	0	14.60	0.49	5.06	10.45	0.00
0	4	0.00	0.00	0.09	1.29	0.00
1	1	12.60	2.17	41.16	18.88	0.00
1	5	0.00	0.00	0.54	1.09	0.00
2	2	0.00	0.02	0.57	1.37	0.00
2	6	0.00	0.00	0.42	1.30	0.00
3	3	0.00	0.00	0.20	1.28	0.00
3	7	0.00	0.00	0.37	1.10	0.00
Core	CPU	C1%	C3%	C6%	C8%	C9%
-	-	2.22	0.26	6.70	3.80	0.00
0	0	9.21	0.59	8.24	4.38	0.00
0	4	0.00	0.02	0.68	0.30	0.00
1	1	8.57	1.41	41.30	22.10	0.00
1	5	0.00	0.00	0.37	0.99	0.00
2	2	0.00	0.00	0.59	1.05	0.00
2	6	0.00	0.00	0.35	0.89	0.00
3	3	0.00	0.00	1.03	0.40	0.00
3	7	0.00	0.03	1.09	0.29	0.00
Core	CPU	C1%	C3%	C6%	C8%	C9%
-	-	3.69	0.42	7.02	4.04	0.00
0	0	15.70	0.48	10.05	12.57	0.00
0	4	0.00	0.00	0.42	0.97	0.00
1	1	13.78	2.83	43.08	16.68	0.00
1	5	0.00	0.02	0.09	0.40	0.00
2	2	0.00	0.03	0.79	0.00	0.00
2	6	0.00	0.00	0.28	0.49	0.00
3	3	0.00	0.00	0.36	0.80	0.00
3	7	0.00	0.00	1.12	0.39	0.00
Core	CPU	C1%	C3%	C6%	C8%	C9%
-	-	2.16	0.26	6.67	4.34	0.20
0	0	9.19	0.56	9.66	6.42	0.00
0	4	0.00	0.00	0.44	0.88	1.60
1	1	8.07	1.54	40.08	23.81	0.00
1	5	0.00	0.00	0.82	0.99	0.00
2	2	0.00	0.01	1.13	0.89	0.00
2	6	0.00	0.00	0.60	0.10	0.00
3	3	0.00	0.00	0.20	0.89	0.00
3	7	0.00	0.00	0.43	0.70	0.00
Core	CPU	C1%	C3%	C6%	C8%	C9%
-	-	4.05	0.42	7.06	4.13	0.20
0	0	18.37	0.45	12.41	9.14	0.00
0	4	0.00	0.02	0.09	0.40	1.59
1	1	1.94	0.35	11.03	5.02	0.00
1	5	0.00	0.00	0.48	1.18	0.00
2	2	12.12	2.57	31.48	13.62	0.00
2	6	0.00	0.00	0.35	1.19	0.00
3	3	0.00	0.00	0.43	1.19	0.00
3	7	0.00	0.00	0.19	1.29	0.00
Core	CPU	C1%	C3%	C6%	C8%	C9%
-	-	3.59	0.36	6.70	4.58	0.00
0	0	15.24	0.66	10.02	10.77	0.00
0	4	0.00	0.00	0.15	0.39	0.00
1	1	0.00	0.00	0.23	1.29	0.00
1	5	0.00	0.02	0.48	1.19	0.00
2	2	13.50	2.17	41.60	19.15	0.00
2	6	0.00	0.00	0.37	1.10	0.00
3	3	0.00	0.00	0.36	1.38	0.00
3	7	0.00	0.01	0.35	1.38	0.00
Core	CPU	C1%	C3%	C6%	C8%	C9%
-	-	4.62	0.50	7.02	4.54	0.70
0	0	19.80	0.41	11.46	12.37	0.00
0	4	0.00	0.00	0.09	0.89	0.00
1	1	17.15	3.51	41.63	16.33	0.00
1	5	0.00	0.00	0.36	0.88	0.00
2	2	0.00	0.00	0.93	0.20	5.49
2	6	0.00	0.01	0.32	0.89	0.00
3	3	0.00	0.00	0.19	4.37	0.08
3	7	0.00	0.04	1.18	0.39	0.00
Core	CPU	C1%	C3%	C6%	C8%	C9%
-	-	4.17	0.34	7.04	4.39	0.08
0	0	16.72	0.65	11.88	12.21	0.00
0	4	0.00	0.02	0.64	0.00	0.00
1	1	0.00	0.10	0.41	1.77	0.00
1	5	0.00	0.00	0.37	0.88	0.00
2	2	16.66	1.97	41.54	17.81	0.00
2	6	0.00	0.00	0.95	0.29	0.62
3	3	0.00	0.00	0.32	0.99	0.00
3	7	0.00	0.00	0.24	1.19	0.00
Core	CPU	C1%	C3%	C6%	C8%	C9%
-	-	1.87	0.23	6.34	3.71	0.16
0	0	7.57	0.63	6.48	2.44	0.00
0	4	0.00	0.00	0.49	0.90	0.37
1	1	0.00	0.01	0.83	0.10	0.00
1	5	0.00	0.00	0.10	0.50	0.00
2	2	7.42	1.23	41.71	23.17	0.00
2	6	0.00	0.00	0.43	0.98	0.92
3	3	0.00	0.00	0.45	0.69	0.00
3	7	0.00	0.00	0.23	0.88	0.00
Core	CPU	C1%	C3%	C6%	C8%	C9%
-	-	2.85	0.27	6.61	3.65	0.08
0	0	10.12	0.55	8.53	6.48	0.00
0	4	0.00	0.00	0.46	0.40	0.00
1	1	0.00	0.00	0.36	0.89	0.00
1	5	0.00	0.00	0.23	0.50	0.00
2	2	12.65	1.57	42.14	18.10	0.00
2	6	0.00	0.02	0.53	1.06	0.66
3	3	0.00	0.00	0.28	0.98	0.00
3	7	0.00	0.00	0.36	0.79	0.00
Core	CPU	C1%	C3%	C6%	C8%	C9%
-	-	2.41	0.24	6.33	4.42	0.00
0	0	10.07	0.58	7.68	5.67	0.00
0	4	0.00	0.00	0.28	1.01	0.00
1	1	0.00	0.00	0.66	1.31	0.00
1	5	0.00	0.00	0.36	0.79	0.00
2	2	9.20	1.31	40.57	22.64	0.00
2	6	0.00	0.05	0.40	1.85	0.00
3	3	0.00	0.00	0.10	0.99	0.00
3	7	0.00	0.00	0.62	1.09	0.00
Core	CPU	C1%	C3%	C6%	C8%	C9%
-	-	2.58	0.47	7.69	7.65	0.43
0	0	10.64	1.48	34.41	15.94	0.01
0	4	0.00	0.03	0.37	0.80	3.40
1	1	0.00	0.01	0.36	1.08	0.00
1	5	0.00	0.00	0.28	0.89	0.00
2	2	10.03	2.11	24.61	10.40	0.00
2	6	0.00	0.00	0.17	1.00	0.00
3	3	0.00	0.00	0.49	1.89	0.00
3	7	0.01	0.14	0.80	29.18	0.00
Core	CPU	C1%	C3%	C6%	C8%	C9%
-	-	0.01	0.36	8.78	4.07	0.00
0	0	0.00	2.81	65.72	24.97	0.00
0	4	0.06	0.01	0.71	1.20	0.00
1	1	0.00	0.04	0.79	1.61	0.00
1	5	0.00	0.02	0.10	0.60	0.00
2	2	0.00	0.00	0.50	0.00	0.00
2	6	0.00	0.00	0.54	2.37	0.00
3	3	0.00	0.00	1.05	1.39	0.00
3	7	0.00	0.00	0.83	0.40	0.00
Core	CPU	C1%	C3%	C6%	C8%	C9%
-	-	0.00	0.29	8.56	4.17	0.39
0	0	0.00	2.30	64.44	26.80	0.00
0	4	0.00	0.00	1.16	0.09	2.26
1	1	0.00	0.01	0.47	1.56	0.00
1	5	0.00	0.00	0.32	1.19	0.00
2	2	0.00	0.00	0.90	0.79	0.00
2	6	0.00	0.00	0.20	0.89	0.00
3	3	0.00	0.00	0.28	0.89	0.00
3	7	0.00	0.00	0.73	1.18	0.90
Core	CPU	C1%	C3%	C6%	C8%	C9%
-	-	0.00	0.31	8.73	4.04	0.76
0	0	0.00	2.45	65.00	26.08	0.00
0	4	0.00	0.00	0.79	0.58	6.09
1	1	0.00	0.04	1.26	0.30	0.00
1	5	0.00	0.00	0.37	0.79	0.00
2	2	0.00	0.00	0.64	1.18	0.00
2	6	0.00	0.00	0.23	1.19	0.00
3	3	0.00	0.01	0.79	1.09	0.00
3	7	0.00	0.00	0.78	1.08	0.00
Core	CPU	C1%	C3%	C6%	C8%	C9%
-	-	3.42	0.39	6.92	4.12	0.00
0	0	14.14	0.54	10.31	10.09	0.00
0	4	0.00	0.03	0.68	0.70	0.00
1	1	13.19	2.57	41.97	17.71	0.00
1	5	0.00	0.00	0.26	1.10	0.00
2	2	0.00	0.00	0.36	1.08	0.00
2	6	0.00	0.00	0.35	1.09	0.00
3	3	0.00	0.00	0.72	0.39	0.00
3	7	0.00	0.00	0.70	0.80	0.00
Core	CPU	C1%	C3%	C6%	C8%	C9%
-	-	4.10	0.33	6.83	4.22	0.00
0	0	17.83	0.49	9.48	12.94	0.00
0	4	0.00	0.00	0.44	0.51	0.00
1	1	14.94	2.13	43.22	17.16	0.00
1	5	0.00	0.02	0.50	0.00	0.00
2	2	0.00	0.00	0.00	0.30	0.00
2	6	0.00	0.00	0.18	0.89	0.00
3	3	0.00	0.00	0.37	0.79	0.00
3	7	0.00	0.01	0.46	1.19	0.00
Core	CPU	C1%	C3%	C6%	C8%	C9%
-	-	3.53	0.54	6.57	4.20	0.00
0	0	15.20	0.90	9.76	9.79	0.00
0	4	0.00	0.00	0.18	1.18	0.00
1	1	13.08	2.53	40.94	18.45	0.01
1	5	0.00	0.00	0.92	0.49	0.00
2	2	0.00	0.02	0.10	0.89	0.00
2	6	0.00	0.00	0.20	1.20	0.00
3	3	0.00	0.90	0.12	0.00	0.00
3	7	0.00	0.01	0.36	1.58	0.00
Core	CPU	C1%	C3%	C6%	C8%	C9%
-	-	3.38	0.33	6.49	4.40	0.00
0	0	13.72	0.53	6.92	10.89	0.00
0	4	0.00	0.00	0.09	0.79	0.00
1	1	13.31	2.11	42.21	18.33	0.00
1	5	0.00	0.00	0.66	0.50	0.00
2	2	0.00	0.00	0.53	1.58	0.00
2	6	0.00	0.02	0.24	1.29	0.00
3	3	0.00	0.02	0.79	0.30	0.00
3	7	0.00	0.00	0.51	1.50	0.00
Core	CPU	C1%	C3%	C6%	C8%	C9%
-	-	2.17	0.26	6.66	4.05	0.00
0	0	9.25	0.62	8.90	5.15	0.00
0	4	0.00	0.00	0.56	1.38	0.00
1	1	8.08	1.49	42.01	20.81	0.00
1	5	0.00	0.00	0.28	0.51	0.00
2	2	0.00	0.00	0.38	0.99	0.00
2	6	0.00	0.00	0.46	1.09	0.00
3	3	0.00	0.00	0.29	1.18	0.00
3	7	0.00	0.00	0.41	1.28	0.00
Core	CPU	C1%	C3%	C6%	C8%	C9%
-	-	0.01	0.31	8.61	4.31	0.00
0	0	0.00	2.48	64.68	26.38	0.00
0	4	0.00	0.00	0.96	0.80	0.00
1	1	0.06	0.00	0.99	0.69	0.00
1	5	0.00	0.00	0.44	0.99	0.00
2	2	0.00	0.00	0.52	1.59	0.00
2	6	0.00	0.00	0.29	1.88	0.00
3	3	0.00	0.00	0.29	1.08	0.00
3	7	0.00	0.00	0.68	1.07	0.00
Core	CPU	C1%	C3%	C6%	C8%	C9%
-	-	0.00	0.28	8.65	4.46	0.00
0	0	0.00	2.22	64.76	26.57	0.00
0	4	0.00	0.00	0.78	0.89	0.00
1	1	0.00	0.00	0.29	1.09	0.00
1	5	0.00	0.00	0.36	0.99	0.00
2	2	0.00	0.00	0.94	1.28	0.00
2	6	0.00	0.00	0.37	1.78	0.00
3	3	0.00	0.01	0.76	1.69	0.00
3	7	0.00	0.00	0.91	1.37	0.00
Core	CPU	C1%	C3%	C6%	C8%	C9%
-	-	2.98	0.45	7.34	4.08	0.55
0	0	13.17	0.97	22.42	11.58	0.00
0	4	0.00	0.00	0.87	1.28	1.02
1	1	0.00	0.00	0.60	1.12	0.00
1	5	0.00	0.00	0.89	0.79	0.00
2	2	0.00	0.00	0.38	0.98	0.00
2	6	0.00	0.00	1.19	1.58	0.00
3	3	10.71	2.64	31.97	13.97	3.40
3	7	0.00	0.00	0.39	1.30	0.00
Core	CPU	C1%	C3%	C6%	C8%	C9%
-	-	3.86	0.54	6.94	4.15	0.18
0	0	16.89	0.89	10.50	9.64	0.00
0	4	0.00	0.00	0.47	1.28	0.00
1	1	0.00	0.00	0.64	0.99	0.00
1	5	0.00	0.00	0.43	0.79	0.00
2	2	0.00	0.01	0.19	1.09	0.00
2	6	0.00	0.00	0.19	1.00	0.00
3	3	13.97	3.39	42.24	17.66	0.00
3	7	0.00	0.02	0.87	0.78	1.47
Core	CPU	C1%	C3%	C6%	C8%	C9%
-	-	3.83	0.46	6.31	4.69	0.08
0	0	15.84	0.64	5.06	13.98	0.00
0	4	0.00	0.00	0.28	1.29	0.00
1	1	0.00	0.00	0.56	1.09	0.00
1	5	0.00	0.00	0.36	1.18	0.00
2	2	0.00	0.02	0.43	1.18	0.00
2	6	0.00	0.02	0.29	1.19	0.00
3	3	14.78	3.04	42.65	16.39	0.00
3	7	0.00	0.00	0.83	1.18	0.68
Core	CPU	C1%	C3%	C6%	C8%	C9%
-	-	0.00	0.29	8.69	4.06	0.00
0	0	0.00	2.26	64.56	26.62	0.00
0	4	0.00	0.02	0.48	0.31	0.00
1	1	0.00	0.00	0.39	0.60	0.00
1	5	0.00	0.00	1.66	1.08	0.00
2	2	0.00	0.05	1.37	0.48	0.00
2	6	0.00	0.00	0.34	1.09	0.00
3	3	0.00	0.00	0.32	1.19	0.00
3	7	0.00	0.00	0.39	1.10	0.00
Core	CPU	C1%	C3%	C6%	C8%	C9%
-	-	0.00	0.29	8.69	3.88	0.42
0	0	0.00	2.27	64.98	26.26	0.00
0	4	0.00	0.00	0.95	0.20	3.39
1	1	0.00	0.00	0.63	0.32	0.00
1	5	0.00	0.00	0.50	0.10	0.00
2	2	0.00	0.03	1.47	0.59	0.00
2	6	0.00	0.00	0.32	1.37	0.00
3	3	0.00	0.00	0.36	0.99	0.00
3	7	0.00	0.00	0.31	1.19	0.00
Core	CPU	C1%	C3%	C6%	C8%	C9%
-	-	0.00	0.33	8.90	3.69	1.45
0	0	0.00	2.63	66.87	24.04	0.00
0	4	0.00	0.00	1.06	0.10	11.63
1	1	0.00	0.00	0.35	1.19	0.00
1	5	0.00	0.00	0.33	0.89	0.00
2	2	0.00	0.02	1.03	0.59	0.00
2	6	0.00	0.00	0.39	0.70	0.00
3	3	0.00	0.00	0.33	0.98	0.00
3	7	0.00	0.00	0.82	0.98	0.00
Core	CPU	C1%	C3%	C6%	C8%	C9%
-	-	0.00	0.31	8.65	4.21	0.00
0	0	0.00	2.44	64.61	26.47	0.00
0	4	0.00	0.00	0.70	0.00	0.00
1	1	0.00	0.00	0.38	0.89	0.00
1	5	0.00	0.00	0.56	1.48	0.00
2	2	0.00	0.03	0.96	0.97	0.00
2	6	0.00	0.00	0.35	1.58	0.00
3	3	0.00	0.01	1.09	0.99	0.00
3	7	0.00	0.00	0.58	1.30	0.00
Core	CPU	C1%	C3%	C6%	C8%	C9%
-	-	0.00	0.30	8.87	4.11	0.00
0	0	0.00	2.32	65.69	25.51	0.00
0	4	0.00	0.03	0.65	0.10	0.00
1	1	0.00	0.00	0.50	1.56	0.00
1	5	0.00	0.00	1.12	1.49	0.00
2	2	0.00	0.02	0.49	1.06	0.00
2	6	0.00	0.00	0.75	1.08	0.00
3	3	0.00	0.00	0.83	0.79	0.00
3	7	0.00	0.02	0.95	1.28	0.00
Core	CPU	C1%	C3%	C6%	C8%	C9%
-	-	0.00	0.27	8.45	4.11	0.00
0	0	0.00	2.13	64.75	26.64	0.00
0	4	0.00	0.00	0.55	0.11	0.00
1	1	0.00	0.00	0.14	1.11	0.00
1	5	0.00	0.00	0.13	0.50	0.00
2	2	0.00	0.00	1.01	0.99	0.00
2	6	0.00	0.00	0.37	1.37	0.00
3	3	0.00	0.00	0.37	0.88	0.00
3	7	0.00	0.00	0.24	1.29	0.00
Core	CPU	C1%	C3%	C6%	C8%	C9%
-	-	0.08	0.31	8.46	3.97	0.00
0	0	0.25	2.34	63.45	27.04	0.00
0	4	0.00	0.00	0.87	0.30	0.00
1	1	0.00	0.01	0.76	0.89	0.00
1	5	0.00	0.00	0.22	0.99	0.00
2	2	0.00	0.02	0.81	0.79	0.00
2	6	0.00	0.00	0.03	0.79	0.00
3	3	0.37	0.14	1.05	0.12	0.00
3	7	0.00	0.00	0.46	0.88	0.00
Core	CPU	C1%	C3%	C6%	C8%	C9%
-	-	0.00	0.29	8.76	3.98	1.04
0	0	0.00	2.33	65.67	25.54	0.00
0	4	0.00	0.00	1.10	1.07	8.36
1	1	0.00	0.00	0.59	0.69	0.00
1	5	0.00	0.00	0.27	0.99	0.00
2	2	0.00	0.00	1.35	1.00	0.00
2	6	0.00	0.00	0.23	0.89	0.00
3	3	0.00	0.00	0.55	0.60	0.00
3	7	0.00	0.00	0.28	1.08	0.00
Core	CPU	C1%	C3%	C6%	C8%	C9%
-	-	2.45	0.46	7.05	7.43	0.01
0	0	10.33	0.85	22.22	12.66	0.10
0	4	0.00	0.03	0.59	0.30	0.00
1	1	9.22	2.52	29.39	14.79	0.00
1	5	0.00	0.00	0.28	0.99	0.00
2	2	0.00	0.02	1.06	0.60	0.00
2	6	0.00	0.00	0.36	0.89	0.00
3	3	0.00	0.00	0.93	0.39	0.00
3	7	0.01	0.24	1.55	28.79	0.00
Core	CPU	C1%	C3%	C6%	C8%	C9%
-	-	0.00	0.36	8.66	3.94	0.42
0	0	0.00	2.74	64.75	25.60	0.00
0	4	0.00	0.00	0.84	0.09	3.37
1	1	0.00	0.10	0.31	0.80	0.00
1	5	0.00	0.02	0.10	0.89	0.00
2	2	0.00	0.02	1.00	0.60	0.00
2	6	0.00	0.00	0.29	1.48	0.00
3	3	0.00	0.00	1.05	1.29	0.00
3	7	0.00	0.00	0.93	0.79	0.00
Core	CPU	C1%	C3%	C6%	C8%	C9%
-	-	0.00	0.27	8.61	4.07	0.00
0	0	0.00	2.15	64.93	26.39	0.00
0	4	0.00	0.00	0.88	0.00	0.00
1	1	0.00	0.03	0.77	1.08	0.00
1	5	0.00	0.00	0.33	0.89	0.00
2	2	0.00	0.00	0.74	1.21	0.00
2	6	0.00	0.00	0.69	1.10	0.00
3	3	0.00	0.00	0.19	0.89	0.00
3	7	0.00	0.00	0.37	0.99	0.00
