Core	CPU	C1%	C3%	C6%	C8%	C9%
-	-	0.13	1.84	10.41	12.15	0.00
0	0	0.00	0.34	10.84	1.62	0.00
0	4	0.00	0.03	1.21	0.59	0.00
1	1	0.00	0.08	2.70	1.59	0.00
1	5	0.55	0.10	7.73	90.01	0.00
2	2	0.32	14.11	56.17	0.00	0.00
2	6	0.16	0.00	1.37	0.80	0.00
3	3	0.00	0.00	0.73	0.79	0.00
3	7	0.00	0.02	2.51	1.79	0.00
Core	CPU	C1%	C3%	C6%	C8%	C9%
-	-	0.02	1.86	12.75	7.98	0.00
0	0	0.01	0.40	40.41	20.76	0.00
0	4	0.00	0.04	0.86	0.89	0.00
1	1	0.00	0.00	0.34	0.89	0.00
1	5	0.00	0.02	2.41	37.51	0.00
2	2	0.15	14.45	56.14	0.00	0.00
2	6	0.00	0.00	0.40	0.92	0.00
3	3	0.00	0.00	0.97	1.98	0.00
3	7	0.00	0.00	0.46	0.89	0.00
Core	CPU	C1%	C3%	C6%	C8%	C9%
-	-	0.01	2.01	14.80	5.02	5.53
0	0	0.01	1.65	60.23	33.30	0.00
0	4	0.00	0.01	0.54	1.59	44.27
1	1	0.00	0.00	0.38	1.00	0.00
1	5	0.00	0.00	0.38	1.18	0.00
2	2	0.05	14.40	55.80	0.00	0.00
2	6	0.00	0.00	0.41	1.02	0.00
3	3	0.00	0.02	0.38	1.11	0.00
3	7	0.00	0.00	0.29	0.99	0.00
Core	CPU	C1%	C3%	C6%	C8%	C9%
-	-	0.00	1.99	14.97	4.83	6.24
0	0	0.00	1.39	60.91	32.69	0.00
0	4	0.00	0.04	0.83	0.90	49.91
1	1	0.03	14.44	55.63	0.00	0.00
1	5	0.00	0.01	0.36	1.40	0.00
2	2	0.00	0.00	1.18	0.50	0.00
2	6	0.00	0.00	0.28	0.99	0.00
3	3	0.00	0.00	0.37	0.98	0.00
3	7	0.00	0.00	0.25	1.19	0.00
Core	CPU	C1%	C3%	C6%	C8%	C9%
-	-	0.01	2.00	14.30	4.81	4.16
0	0	0.01	1.07	58.37	33.27	0.00
0	4	0.00	0.00	0.67	1.38	32.35
1	1	0.06	14.94	53.92	0.00	0.91
1	5	0.00	0.00	0.45	0.60	0.00
2	2	0.00	0.00	0.32	0.99	0.00
2	6	0.00	0.00	0.22	0.90	0.00
3	3	0.00	0.00	0.06	0.60	0.00
3	7	0.00	0.00	0.39	0.69	0.00
Core	CPU	C1%	C3%	C6%	C8%	C9%
-	-	0.02	1.89	10.13	10.99	0.83
0	0	0.00	0.63	17.04	8.01	0.00
0	4	0.00	0.01	0.92	0.59	6.60
1	1	0.13	14.44	55.86	0.00	0.00
1	5	0.00	0.00	0.35	1.11	0.00
2	2	0.00	0.00	4.62	75.29	0.00
2	6	0.00	0.00	0.36	0.79	0.00
3	3	0.00	0.00	1.37	1.50	0.00
3	7	0.00	0.00	0.52	0.60	0.00
Core	CPU	C1%	C3%	C6%	C8%	C9%
-	-	0.03	1.85	9.53	11.86	0.83
0	0	0.00	0.43	12.74	7.49	0.02
0	4	0.00	0.02	0.87	0.70	4.69
1	1	0.14	14.30	55.55	0.00	0.00
1	5	0.00	0.00	0.36	0.31	1.00
2	2	0.00	0.04	5.62	84.35	0.00
2	6	0.00	0.00	0.26	0.60	0.00
3	3	0.00	0.00	0.38	0.80	0.00
3	7	0.10	0.00	0.47	0.59	0.91
Core	CPU	C1%	C3%	C6%	C8%	C9%
-	-	0.00	1.93	15.02	6.40	4.77
0	0	0.00	0.92	59.38	34.52	0.00
0	4	0.00	0.03	1.09	0.31	38.13
1	1	0.03	14.46	55.52	0.00	0.00
1	5	0.00	0.00	0.36	0.71	0.00
2	2	0.00	0.00	1.56	14.20	0.00
2	6	0.00	0.00	0.35	0.70	0.00
3	3	0.00	0.00	1.12	0.50	0.00
3	7	0.00	0.01	0.80	0.30	0.00
Core	CPU	C1%	C3%	C6%	C8%	C9%
-	-	0.01	1.91	15.04	6.28	5.43
0	0	0.00	0.82	60.41	33.66	0.00
0	4	0.00	0.04	1.26	0.30	43.41
1	1	0.05	14.40	55.83	0.00	0.00
1	5	0.00	0.00	0.44	0.70	0.00
2	2	0.00	0.02	1.45	13.19	0.00
2	6	0.00	0.00	0.19	1.20	0.00
3	3	0.00	0.00	0.19	0.89	0.00
3	7	0.00	0.02	0.55	0.30	0.00
Core	CPU	C1%	C3%	C6%	C8%	C9%
-	-	0.03	2.09	13.98	10.81	4.98
0	0	0.02	1.46	50.76	41.25	0.00
0	4	0.00	0.01	0.63	1.29	39.86
1	1	0.19	13.12	48.42	5.41	0.00
1	5	0.01	0.01	0.70	0.68	0.00
2	2	0.02	1.84	8.88	6.37	0.00
2	6	0.00	0.00	0.32	0.91	0.00
3	3	0.00	0.02	0.68	1.99	0.00
3	7	0.01	0.24	1.47	28.55	0.00
Core	CPU	C1%	C3%	C6%	C8%	C9%
-	-	0.02	1.98	14.91	4.68	5.77
0	0	0.00	1.39	60.34	33.25	0.00
0	4	0.00	0.01	0.95	0.68	45.20
1	1	0.14	14.41	55.41	0.00	0.00
1	5	0.00	0.01	0.74	0.11	0.99
2	2	0.00	0.01	0.56	1.25	0.00
2	6	0.00	0.00	0.28	1.09	0.00
3	3	0.00	0.00	0.35	0.79	0.00
3	7	0.00	0.00	0.63	0.29	0.00
Core	CPU	C1%	C3%	C6%	C8%	C9%
-	-	0.03	1.79	11.47	10.81	0.24
0	0	0.00	0.27	25.86	10.54	0.12
0	4	0.00	0.03	1.16	0.60	1.78
1	1	0.15	12.81	51.93	0.00	0.00
1	5	0.00	0.02	1.05	1.05	0.00
2	2	0.00	1.13	9.91	72.21	0.00
2	6	0.00	0.02	0.89	0.30	0.00
3	3	0.08	0.00	0.15	1.12	0.00
3	7	0.00	0.00	0.85	0.69	0.00
Core	CPU	C1%	C3%	C6%	C8%	C9%
-	-	0.04	1.85	15.68	4.03	1.79
0	0	0.00	0.32	66.78	27.97	0.00
0	4	0.17	0.05	0.89	0.29	14.28
1	1	0.00	0.00	0.49	0.80	0.00
1	5	0.00	0.00	0.39	0.80	0.00
2	2	0.13	14.40	56.23	0.00	0.00
2	6	0.00	0.00	0.35	0.70	0.00
3	3	0.00	0.00	0.14	0.80	0.00
3	7	0.00	0.02	0.19	0.90	0.00
Core	CPU	C1%	C3%	C6%	C8%	C9%
-	-	0.01	0.15	7.26	16.55	0.20
0	0	0.04	1.08	47.00	23.76	0.00
0	4	0.00	0.06	1.60	0.22	1.60
1	1	0.00	0.00	0.53	10.47	0.00
1	5	0.00	0.00	0.47	1.19	0.00
2	2	0.00	0.00	6.13	92.10	0.00
2	6	0.00	0.00	0.39	1.39	0.00
3	3	0.00	0.03	1.19	2.18	0.00
3	7	0.00	0.00	0.76	1.08	0.00
Core	CPU	C1%	C3%	C6%	C8%	C9%
-	-	0.00	0.52	7.53	14.78	1.50
0	0	0.03	4.15	52.17	14.94	0.00
0	4	0.00	0.02	0.94	0.38	12.00
1	1	0.00	0.00	0.54	9.77	0.00
1	5	0.00	0.00	0.27	0.99	0.00
2	2	0.00	0.01	5.31	90.36	0.00
2	6	0.00	0.00	0.23	0.69	0.00
3	3	0.00	0.01	0.39	0.41	0.00
3	7	0.00	0.00	0.38	0.69	0.00
Core	CPU	C1%	C3%	C6%	C8%	C9%
-	-	0.00	0.37	8.13	13.85	1.10
0	0	0.02	2.95	56.52	12.74	0.00
0	4	0.00	0.05	1.22	0.59	8.76
1	1	0.00	0.00	0.29	0.99	0.00
1	5	0.00	0.00	0.37	1.29	0.00
2	2	0.00	0.00	4.74	92.82	0.00
2	6	0.00	0.00	0.35	0.80	0.00
3	3	0.00	0.00	0.82	0.89	0.00
3	7	0.00	0.00	0.70	0.69	0.00
Core	CPU	C1%	C3%	C6%	C8%	C9%
-	-	0.00	0.60	8.15	13.79	1.62
0	0	0.02	4.73	57.09	10.56	0.00
0	4	0.00	0.03	1.64	1.00	12.99
1	1	0.00	0.00	0.33	1.19	0.00
1	5	0.00	0.00	0.23	0.99	0.00
2	2	0.00	0.00	4.90	92.39	0.00
2	6	0.00	0.00	0.20	1.08	0.00
3	3	0.00	0.00	0.28	1.17	0.00
3	7	0.00	0.00	0.55	1.98	0.00
Core	CPU	C1%	C3%	C6%	C8%	C9%
-	-	0.01	0.21	7.07	15.21	0.34
0	0	0.04	1.62	48.61	21.56	0.00
0	4	0.00	0.00	0.78	1.09	2.71
1	1	0.00	0.00	0.56	0.51	0.00
1	5	0.00	0.00	0.45	0.99	0.00
2	2	0.00	0.00	4.76	93.60	0.00
2	6	0.00	0.02	0.29	0.89	0.00
3	3	0.00	0.00	0.58	2.27	0.00
3	7	0.00	0.00	0.57	0.79	0.00
Core	CPU	C1%	C3%	C6%	C8%	C9%
-	-	0.00	0.08	6.56	15.67	0.61
0	0	0.04	0.60	45.51	25.53	0.00
0	4	0.00	0.00	0.61	0.99	4.90
1	1	0.00	0.00	0.29	1.58	0.00
1	5	0.00	0.00	0.27	0.89	0.00
2	2	0.00	0.01	5.00	93.31	0.00
2	6	0.00	0.00	0.14	0.60	0.00
3	3	0.00	0.02	0.38	1.30	0.00
3	7	0.00	0.00	0.29	1.18	0.00
Core	CPU	C1%	C3%	C6%	C8%	C9%
-	-	0.01	0.29	6.81	15.15	0.45
0	0	0.04	2.27	41.80	22.90	0.02
0	4	0.00	0.03	6.12	1.21	0.00
1	1	0.00	0.00	0.29	3.77	0.00
1	5	0.00	0.00	0.45	0.59	0.00
2	2	0.00	0.00	5.22	90.66	0.00
2	6	0.00	0.00	0.14	0.60	0.00
3	3	0.01	0.01	0.29	0.61	3.61
3	7	0.00	0.00	0.20	0.89	0.00
Core	CPU	C1%	C3%	C6%	C8%	C9%
-	-	0.01	0.08	6.53	16.05	0.13
0	0	0.05	0.60	45.11	25.98	0.00
0	4	0.00	0.03	0.91	0.21	1.07
1	1	0.00	0.02	0.38	4.70	0.00
1	5	0.00	0.00	0.10	1.00	0.00
2	2	0.00	0.00	4.76	93.57	0.00
2	6	0.00	0.00	0.27	0.79	0.00
3	3	0.00	0.00	0.35	0.88	0.00
3	7	0.00	0.00	0.32	1.28	0.00
Core	CPU	C1%	C3%	C6%	C8%	C9%
-	-	0.01	1.84	15.26	4.68	1.71
0	0	0.00	0.60	63.95	29.44	0.00
0	4	0.00	0.03	0.93	0.39	13.72
1	1	0.00	0.00	0.58	0.59	0.00
1	5	0.00	0.00	0.57	1.39	0.00
2	2	0.11	14.08	54.44	2.28	0.00
2	6	0.00	0.00	0.19	1.09	0.00
3	3	0.00	0.00	1.01	1.27	0.00
3	7	0.00	0.01	0.44	0.98	0.00
Core	CPU	C1%	C3%	C6%	C8%	C9%
-	-	0.02	1.87	15.72	4.40	0.29
0	0	0.00	0.54	65.48	29.17	0.00
0	4	0.00	0.02	1.28	0.91	2.35
1	1	0.00	0.00	0.57	1.10	0.00
1	5	0.00	0.00	0.36	1.18	0.00
2	2	0.16	14.34	56.23	0.00	0.00
2	6	0.00	0.00	0.41	1.10	0.00
3	3	0.00	0.02	0.46	1.10	0.00
3	7	0.00	0.00	0.95	0.64	0.00
Core	CPU	C1%	C3%	C6%	C8%	C9%
-	-	0.01	0.22	7.36	15.08	3.55
0	0	0.04	1.74	49.91	20.26	0.00
0	4	0.00	0.04	0.52	0.60	28.41
1	1	0.00	0.02	5.81	92.52	0.00
1	5	0.00	0.00	0.24	0.70	0.00
2	2	0.00	0.00	1.07	3.95	0.00
2	6	0.00	0.00	0.28	0.79	0.00
3	3	0.00	0.00	0.45	0.98	0.00
3	7	0.00	0.00	0.63	0.89	0.00
Core	CPU	C1%	C3%	C6%	C8%	C9%
-	-	0.01	0.71	7.32	14.12	0.57
0	0	0.03	0.91	34.94	15.92	0.00
0	4	0.00	0.04	0.76	0.88	1.12
1	1	0.00	0.00	4.38	73.28	0.00
1	5	0.00	0.00	0.14	0.99	0.00
2	2	0.05	4.62	16.66	1.92	0.00
2	6	0.00	0.00	0.10	1.00	0.00
3	3	0.00	0.10	1.14	18.38	3.48
3	7	0.00	0.00	0.46	0.59	0.00
Core	CPU	C1%	C3%	C6%	C8%	C9%
-	-	0.03	1.80	9.35	12.13	0.03
0	0	0.00	0.14	8.95	0.64	0.24
0	4	0.00	0.01	1.09	1.08	0.00
1	1	0.00	0.02	5.82	86.28	0.00
1	5	0.00	0.00	0.39	0.80	0.00
2	2	0.28	14.19	56.56	0.00	0.00
2	6	0.00	0.00	0.23	0.51	0.00
3	3	0.00	0.02	1.65	7.00	0.00
3	7	0.00	0.00	0.12	0.70	0.00
Core	CPU	C1%	C3%	C6%	C8%	C9%
-	-	0.04	1.88	8.97	12.16	0.00
0	0	0.00	0.13	8.37	1.18	0.02
0	4	0.00	0.03	0.74	0.79	0.00
1	1	0.00	0.04	4.52	87.15	0.00
1	5	0.00	0.02	0.15	0.79	0.00
2	2	0.28	14.84	55.95	0.00	0.00
2	6	0.00	0.00	0.27	0.60	0.00
3	3	0.00	0.00	1.62	6.39	0.00
3	7	0.00	0.01	0.14	0.40	0.00
Core	CPU	C1%	C3%	C6%	C8%	C9%
-	-	0.00	0.12	7.29	14.87	1.71
0	0	0.04	0.92	47.51	23.36	0.00
0	4	0.00	0.00	0.79	0.70	13.72
1	1	0.00	0.00	6.75	87.91	0.00
1	5	0.00	0.00	0.68	1.29	0.00
2	2	0.00	0.04	1.08	0.29	0.00
2	6	0.00	0.00	0.23	0.50	0.00
3	3	0.00	0.00	0.59	4.33	0.00
3	7	0.00	0.00	0.69	0.58	0.00
Core	CPU	C1%	C3%	C6%	C8%	C9%
-	-	0.01	0.26	7.56	14.69	4.05
0	0	0.02	2.04	51.72	18.23	0.00
0	4	0.07	0.04	0.99	0.09	32.40
1	1	0.00	0.00	4.87	77.72	0.00
1	5	0.00	0.00	0.37	2.08	0.00
2	2	0.00	0.00	0.35	2.10	0.00
2	6	0.00	0.00	0.14	0.50	0.00
3	3	0.00	0.01	1.61	15.98	0.00
3	7	0.00	0.00	0.38	0.79	0.00
Core	CPU	C1%	C3%	C6%	C8%	C9%
-	-	0.00	0.52	7.45	13.92	1.20
0	0	0.02	4.07	50.89	16.49	0.00
0	4	0.00	0.04	1.20	0.57	9.61
1	1	0.00	0.02	0.38	1.10	0.00
1	5	0.00	0.01	0.28	1.49	0.00
2	2	0.00	0.00	0.29	0.88	0.00
2	6	0.00	0.00	0.27	0.79	0.00
3	3	0.00	0.00	5.85	89.35	0.00
3	7	0.00	0.00	0.43	0.69	0.00
Core	CPU	C1%	C3%	C6%	C8%	C9%
-	-	0.01	0.41	8.09	14.17	1.83
0	0	0.02	3.25	56.24	12.83	0.00
0	4	0.05	0.03	1.05	0.39	14.63
1	1	0.00	0.00	0.60	4.18	0.00
1	5	0.00	0.00	0.84	0.30	0.00
2	2	0.00	0.02	0.29	0.80	0.00
2	6	0.00	0.00	0.14	0.70	0.00
3	3	0.00	0.01	5.21	93.05	0.00
3	7	0.00	0.00	0.36	1.09	0.00
Core	CPU	C1%	C3%	C6%	C8%	C9%
-	-	0.01	1.15	8.93	16.89	3.24
0	0	0.01	1.35	31.64	10.10	0.02
0	4	0.00	0.00	1.00	0.11	25.69
1	1	0.00	0.00	3.46	41.00	0.20
1	5	0.00	0.00	0.52	0.79	0.00
2	2	0.06	7.78	29.56	1.29	0.00
2	6	0.00	0.00	0.22	1.09	0.00
3	3	0.00	0.00	4.09	51.26	0.00
3	7	0.01	0.09	0.93	29.53	0.00
Core	CPU	C1%	C3%	C6%	C8%	C9%
-	-	0.00	0.14	7.13	14.81	2.65
0	0	0.04	1.06	47.42	23.30	0.00
0	4	0.00	0.01	0.95	0.49	21.24
1	1	0.00	0.02	0.59	0.40	0.00
1	5	0.00	0.00	0.10	1.00	0.00
2	2	0.00	0.00	0.89	0.29	0.00
2	6	0.00	0.00	0.27	0.79	0.00
3	3	0.00	0.00	6.17	92.04	0.00
3	7	0.00	0.03	0.69	0.19	0.00
Core	CPU	C1%	C3%	C6%	C8%	C9%
-	-	0.04	1.81	9.43	12.31	0.02
0	0	0.01	0.05	11.20	1.66	0.13
0	4	0.00	0.01	0.86	0.90	0.00
1	1	0.00	0.00	3.12	51.49	0.00
1	5	0.00	0.00	0.25	0.50	0.00
2	2	0.29	14.44	56.31	0.00	0.00
2	6	0.00	0.00	0.19	0.79	0.00
3	3	0.00	0.01	3.20	42.23	0.00
3	7	0.00	0.00	0.34	0.89	0.00
Core	CPU	C1%	C3%	C6%	C8%	C9%
-	-	0.03	1.85	9.38	11.76	0.00
0	0	0.00	0.07	11.82	0.76	0.00
0	4	0.00	0.04	0.87	0.19	0.00
1	1	0.00	0.00	2.00	15.37	0.00
1	5	0.00	0.02	1.01	1.00	0.00
2	2	0.27	14.63	54.57	0.00	0.00
2	6	0.00	0.00	0.12	0.99	0.00
3	3	0.00	0.01	4.26	75.08	0.00
3	7	0.00	0.00	0.38	0.69	0.00
Core	CPU	C1%	C3%	C6%	C8%	C9%
-	-	0.04	1.82	9.38	12.10	0.00
0	0	0.00	0.12	9.77	1.34	0.00
0	4	0.00	0.01	0.94	0.29	0.00
1	1	0.00	0.00	6.50	92.13	0.00
1	5	0.00	0.00	0.47	0.80	0.00
2	2	0.32	14.45	56.43	0.00	0.00
2	6	0.00	0.00	0.44	0.31	0.00
3	3	0.00	0.00	0.33	1.30	0.00
3	7	0.00	0.00	0.12	0.60	0.00
Core	CPU	C1%	C3%	C6%	C8%	C9%
-	-	0.04	1.88	8.89	12.03	0.00
0	0	0.01	0.07	6.52	0.84	0.00
0	4	0.00	0.01	0.75	0.80	0.00
1	1	0.00	0.02	6.87	91.74	0.00
1	5	0.00	0.00	0.22	1.00	0.00
2	2	0.29	14.91	55.88	0.00	0.00
2	6	0.00	0.00	0.25	0.60	0.00
3	3	0.00	0.00	0.29	0.69	0.00
3	7	0.00	0.00	0.36	0.60	0.00
Core	CPU	C1%	C3%	C6%	C8%	C9%
-	-	0.04	1.82	9.09	12.40	0.01
0	0	0.00	0.09	8.33	1.59	0.12
0	4	0.00	0.01	1.30	0.90	0.00
1	1	0.00	0.00	4.30	79.44	0.00
1	5	0.00	0.00	0.31	0.99	0.00
2	2	0.30	14.46	56.23	0.00	0.00
2	6	0.00	0.00	0.13	0.50	0.00
3	3	0.00	0.00	1.92	15.28	0.00
3	7	0.00	0.00	0.19	0.51	0.00
Core	CPU	C1%	C3%	C6%	C8%	C9%
-	-	0.03	1.83	9.81	12.40	0.05
0	0	0.00	0.16	12.10	0.73	0.37
0	4	0.00	0.00	1.69	1.09	0.00
1	1	0.00	0.00	1.54	19.39	0.00
1	5	0.00	0.00	0.41	1.30	0.00
2	2	0.27	14.45	56.23	0.00	0.00
2	6	0.00	0.00	0.70	1.41	0.00
3	3	0.00	0.02	5.48	74.01	0.00
3	7	0.00	0.00	0.33	1.29	0.00
Core	CPU	C1%	C3%	C6%	C8%	C9%
-	-	0.04	1.97	8.39	11.98	0.36
0	0	0.00	0.16	5.79	1.34	0.10
0	4	0.00	0.02	0.68	0.51	0.00
1	1	0.00	0.00	4.69	91.49	0.00
1	5	0.00	0.00	0.53	0.30	0.00
2	2	0.31	15.58	54.51	0.00	0.00
2	6	0.00	0.00	0.21	0.31	0.00
3	3	0.00	0.00	0.34	1.00	2.79
3	7	0.00	0.00	0.39	0.89	0.00
Core	CPU	C1%	C3%	C6%	C8%	C9%
-	-	0.00	0.50	9.19	14.86	2.79
0	0	0.02	3.91	58.67	9.68	0.00
0	4	0.00	0.05	1.23	0.50	21.35
1	1	0.00	0.04	5.88	92.53	0.00
1	5	0.00	0.00	0.10	0.89	1.00
2	2	0.00	0.00	7.19	13.65	0.00
2	6	0.00	0.00	0.37	0.59	0.00
3	3	0.00	0.00	0.05	0.49	0.00
3	7	0.00	0.03	0.00	0.59	0.00
Core	CPU	C1%	C3%	C6%	C8%	C9%
-	-	0.00	0.49	8.06	14.61	2.06
0	0	0.02	3.92	54.75	13.61	0.00
0	4	0.00	0.01	1.40	1.39	16.47
1	1	0.00	0.00	6.61	91.81	0.00
1	5	0.00	0.00	0.37	0.69	0.00
2	2	0.00	0.00	0.29	5.17	0.00
2	6	0.00	0.00	0.10	0.88	0.00
3	3	0.00	0.00	0.47	2.17	0.00
3	7	0.00	0.00	0.45	1.18	0.00
Core	CPU	C1%	C3%	C6%	C8%	C9%
-	-	0.01	0.26	7.41	14.64	0.70
0	0	0.04	1.99	51.22	18.74	0.00
0	4	0.02	0.02	1.02	0.80	5.63
1	1	0.00	0.04	3.74	62.11	0.00
1	5	0.00	0.00	0.45	0.70	0.00
2	2	0.00	0.00	0.04	0.79	0.00
2	6	0.00	0.02	0.24	0.59	0.00
3	3	0.00	0.00	2.18	32.43	0.00
3	7	0.00	0.00	0.40	0.99	0.00
Core	CPU	C1%	C3%	C6%	C8%	C9%
-	-	0.01	0.04	6.67	15.47	0.00
0	0	0.05	0.27	43.91	27.42	0.00
0	4	0.00	0.00	1.10	0.10	0.00
1	1	0.00	0.00	6.46	91.10	0.00
1	5	0.00	0.00	0.33	1.38	0.00
2	2	0.00	0.01	0.39	0.70	0.00
2	6	0.00	0.00	0.09	0.90	0.00
3	3	0.00	0.00	0.38	1.77	0.00
3	7	0.00	0.00	0.66	0.40	0.00
Core	CPU	C1%	C3%	C6%	C8%	C9%
-	-	0.01	0.74	8.37	13.25	1.81
0	0	0.03	5.84	57.96	7.87	0.00
0	4	0.03	0.11	1.29	0.99	14.43
1	1	0.00	0.00	6.26	89.70	0.00
1	5	0.00	0.00	0.37	0.69	0.00
2	2	0.00	0.00	0.24	3.56	0.00
2	6	0.00	0.00	0.23	0.89	0.00
3	3	0.00	0.00	0.19	1.19	0.03
3	7	0.00	0.00	0.38	1.09	0.00
Core	CPU	C1%	C3%	C6%	C8%	C9%
-	-	0.00	0.28	7.85	14.59	1.33
0	0	0.03	2.18	51.98	17.86	0.00
0	4	0.00	0.03	1.42	0.39	10.65
1	1	0.00	0.03	5.41	76.66	0.00
1	5	0.00	0.02	0.46	2.07	0.00
2	2	0.00	0.00	0.36	0.69	0.00
2	6	0.00	0.00	0.25	0.99	0.00
3	3	0.00	0.00	2.08	17.24	0.00
3	7	0.00	0.00	0.82	0.79	0.00
Core	CPU	C1%	C3%	C6%	C8%	C9%
-	-	0.03	0.20	6.92	14.96	0.11
0	0	0.23	1.49	46.26	23.91	0.00
0	4	0.00	0.04	1.49	0.11	0.01
1	1	0.00	0.02	3.76	58.19	0.00
1	5	0.00	0.02	0.79	0.38	0.00
2	2	0.00	0.00	0.11	0.87	0.00
2	6	0.00	0.01	0.47	0.70	0.00
3	3	0.00	0.00	2.31	34.90	0.90
3	7	0.00	0.00	0.14	0.59	0.00
Core	CPU	C1%	C3%	C6%	C8%	C9%
-	-	0.00	0.20	7.38	14.58	0.94
0	0	0.04	1.61	49.34	20.93	0.00
0	4	0.00	0.00	0.87	0.71	7.56
1	1	0.00	0.00	6.08	92.24	0.00
1	5	0.00	0.00	0.33	0.50	0.00
2	2	0.00	0.02	0.89	0.30	0.00
2	6	0.00	0.00	0.80	0.30	0.00
3	3	0.00	0.00	0.39	0.69	0.00
3	7	0.00	0.00	0.37	0.99	0.00
Core	CPU	C1%	C3%	C6%	C8%	C9%
-	-	0.00	0.16	7.01	15.38	0.22
0	0	0.04	1.24	48.65	21.96	0.00
0	4	0.00	0.03	0.98	0.70	1.73
1	1	0.00	0.00	4.83	93.52	0.00
1	5	0.00	0.00	0.28	0.89	0.00
2	2	0.00	0.00	0.36	3.40	0.00
2	6	0.00	0.00	0.44	1.39	0.00
3	3	0.00	0.00	0.32	0.40	0.00
3	7	0.00	0.00	0.19	0.80	0.00
Core	CPU	C1%	C3%	C6%	C8%	C9%
-	-	0.04	0.57	7.69	13.74	1.77
0	0	0.19	4.55	52.98	13.79	0.00
0	4	0.00	0.03	1.13	0.18	14.19
1	1	0.00	0.00	5.77	90.19	0.00
1	5	0.10	0.01	0.58	0.10	0.00
2	2	0.00	0.00	0.10	3.50	0.00
2	6	0.00	0.00	0.28	0.79	0.00
3	3	0.00	0.00	0.68	0.80	0.00
3	7	0.00	0.00	0.05	0.59	0.00
Core	CPU	C1%	C3%	C6%	C8%	C9%
-	-	0.00	0.14	7.01	15.53	0.38
0	0	0.04	1.09	47.24	23.51	0.00
0	4	0.00	0.00	1.09	0.19	3.06
1	1	0.00	0.01	5.88	92.42	0.00
1	5	0.00	0.00	0.44	0.30	0.00
2	2	0.00	0.02	0.37	4.82	0.00
2	6	0.00	0.00	0.19	1.00	0.00
3	3	0.00	0.00	0.19	0.89	0.00
3	7	0.00	0.00	0.65	1.09	0.00
Core	CPU	C1%	C3%	C6%	C8%	C9%
-	-	0.01	0.31	7.23	14.86	1.94
0	0	0.04	2.46	49.56	19.92	0.00
0	4	0.00	0.04	1.14	0.20	15.54
1	1	0.00	0.00	4.34	69.57	0.00
1	5	0.00	0.00	0.55	0.49	0.00
2	2	0.00	0.00	0.43	2.85	0.00
2	6	0.00	0.00	0.23	1.08	0.00
3	3	0.00	0.00	1.32	24.00	0.00
3	7	0.00	0.00	0.30	0.79	0.00
Core	CPU	C1%	C3%	C6%	C8%	C9%
-	-	0.08	0.35	7.90	14.82	1.21
0	0	0.03	2.76	54.11	15.19	0.00
0	4	0.00	0.00	0.76	0.50	9.59
1	1	0.00	0.00	5.21	93.22	0.00
1	5	0.00	0.00	0.27	0.79	0.00
2	2	0.59	0.00	2.07	6.07	0.05
2	6	0.00	0.00	0.34	0.89	0.00
3	3	0.00	0.02	0.29	0.80	0.00
3	7	0.00	0.00	0.19	1.08	0.00
Core	CPU	C1%	C3%	C6%	C8%	C9%
-	-	0.01	0.39	8.21	17.98	3.47
0	0	0.03	2.97	56.16	13.41	0.00
0	4	0.01	0.00	0.60	0.90	27.80
1	1	0.00	0.00	1.47	26.36	0.00
1	5	0.00	0.00	0.36	1.00	0.00
2	2	0.00	0.00	0.39	2.03	0.00
2	6	0.00	0.00	0.43	0.80	0.00
3	3	0.00	0.06	5.21	70.20	0.00
3	7	0.01	0.07	1.07	29.15	0.00
Core	CPU	C1%	C3%	C6%	C8%	C9%
-	-	0.00	0.54	8.22	12.81	4.71
0	0	0.02	4.25	57.19	9.14	0.00
0	4	0.00	0.00	0.66	0.78	35.03
1	1	0.00	0.00	0.23	1.28	0.00
1	5	0.00	0.02	0.15	0.69	0.00
2	2	0.00	0.00	0.39	0.69	0.00
2	6	0.00	0.00	0.18	0.79	0.00
3	3	0.00	0.03	6.30	88.99	2.62
3	7	0.00	0.00	0.63	0.10	0.00
Core	CPU	C1%	C3%	C6%	C8%	C9%
-	-	0.00	0.38	8.01	14.52	2.53
0	0	0.03	3.02	54.77	14.31	0.00
0	4	0.00	0.01	0.82	0.38	20.23
1	1	0.00	0.00	2.78	50.82	0.00
1	5	0.00	0.00	0.33	0.99	0.00
2	2	0.00	0.00	0.82	0.69	0.00
2	6	0.00	0.00	0.94	1.47	0.00
3	3	0.00	0.00	2.92	45.97	0.00
3	7	0.00	0.00	0.71	1.48	0.00
Core	CPU	C1%	C3%	C6%	C8%	C9%
-	-	0.01	0.20	7.07	15.60	1.38
0	0	0.04	1.59	48.58	21.86	0.00
0	4	0.00	0.02	1.30	0.39	10.23
1	1	0.00	0.00	2.86	53.61	0.00
1	5	0.00	0.00	0.38	0.89	0.00
2	2	0.00	0.00	0.42	4.24	0.81
2	6	0.00	0.00	0.25	1.09	0.00
3	3	0.00	0.00	2.32	40.92	0.00
3	7	0.00	0.00	0.49	1.78	0.00
Core	CPU	C1%	C3%	C6%	C8%	C9%
-	-	0.00	0.51	8.64	13.06	3.55
0	0	0.01	3.99	60.57	7.86	0.00
0	4	0.03	0.04	0.77	0.21	28.42
1	1	0.00	0.01	2.17	30.80	0.00
1	5	0.00	0.00	0.59	0.20	0.00
2	2	0.00	0.00	0.39	0.99	0.00
2	6	0.00	0.00	0.28	0.79	0.00
3	3	0.00	0.00	4.16	62.65	0.00
3	7	0.00	0.00	0.24	0.99	0.00
Core	CPU	C1%	C3%	C6%	C8%	C9%
-	-	0.01	0.14	7.08	15.47	0.00
0	0	0.05	1.04	47.29	23.36	0.00
0	4	0.00	0.05	1.33	0.00	0.00
1	1	0.00	0.00	0.61	5.44	0.00
1	5	0.00	0.00	0.14	0.80	0.00
2	2	0.00	0.02	0.98	0.01	0.00
2	6	0.00	0.02	0.00	0.60	0.00
3	3	0.00	0.02	5.82	92.41	0.00
3	7	0.00	0.00	0.46	1.18	0.00
Core	CPU	C1%	C3%	C6%	C8%	C9%
-	-	0.00	0.40	7.39	14.42	1.27
0	0	0.03	3.19	50.03	17.48	0.00
0	4	0.00	0.02	1.09	0.51	10.15
1	1	0.00	0.00	2.17	34.48	0.00
1	5	0.00	0.00	1.04	0.69	0.00
2	2	0.00	0.00	0.40	1.39	0.00
2	6	0.00	0.00	0.52	1.09	0.00
3	3	0.00	0.01	3.50	58.66	0.00
3	7	0.00	0.00	0.39	1.09	0.00
Core	CPU	C1%	C3%	C6%	C8%	C9%
-	-	0.01	0.13	7.04	14.93	0.79
0	0	0.06	1.03	47.78	23.39	0.00
0	4	0.00	0.01	1.04	0.29	6.31
1	1	0.00	0.02	2.73	50.70	0.00
1	5	0.00	0.00	0.00	0.69	0.00
2	2	0.00	0.00	0.25	0.79	0.00
2	6	0.00	0.00	0.27	0.89	0.00
3	3	0.00	0.00	3.88	41.78	0.00
3	7	0.00	0.00	0.33	0.89	0.00
Core	CPU	C1%	C3%	C6%	C8%	C9%
-	-	0.01	0.19	6.97	16.07	0.08
0	0	0.04	1.53	45.97	24.19	0.00
0	4	0.00	0.02	0.94	0.50	0.00
1	1	0.00	0.00	5.16	93.16	0.00
1	5	0.00	0.00	0.31	0.70	0.00
2	2	0.00	0.00	1.52	6.04	0.00
2	6	0.00	0.00	0.19	0.90	0.00
3	3	0.00	0.00	1.42	2.19	0.61
3	7	0.00	0.00	0.24	0.89	0.00
Core	CPU	C1%	C3%	C6%	C8%	C9%
-	-	0.01	0.42	7.98	14.44	2.27
0	0	0.03	3.31	55.66	13.15	0.00
0	4	0.08	0.03	0.76	0.91	18.14
1	1	0.00	0.01	5.58	92.86	0.00
1	5	0.00	0.00	0.19	1.29	0.00
2	2	0.00	0.02	0.47	4.94	0.00
2	6	0.00	0.00	0.38	1.00	0.00
3	3	0.00	0.00	0.48	0.69	0.00
3	7	0.00	0.00	0.36	0.69	0.00
Core	CPU	C1%	C3%	C6%	C8%	C9%
-	-	0.00	0.37	7.75	14.60	2.96
0	0	0.03	2.92	54.06	15.10	0.00
0	4	0.00	0.02	0.71	0.40	23.71
1	1	0.00	0.00	4.85	93.60	0.00
1	5	0.00	0.00	0.46	0.59	0.00
2	2	0.00	0.00	0.93	3.94	0.00
2	6	0.00	0.00	0.33	0.99	0.00
3	3	0.00	0.02	0.39	0.99	0.00
3	7	0.00	0.00	0.30	1.19	0.00
Core	CPU	C1%	C3%	C6%	C8%	C9%
-	-	0.00	0.58	7.47	14.11	2.26
0	0	0.03	4.56	52.10	14.62	0.00
0	4	0.00	0.02	1.08	0.50	18.11
1	1	0.00	0.02	4.78	91.16	0.00
1	5	0.00	0.00	0.19	0.89	0.00
2	2	0.00	0.00	0.28	3.45	0.00
2	6	0.00	0.00	0.37	0.88	0.00
3	3	0.00	0.00	0.64	0.40	0.00
3	7	0.00	0.04	0.29	0.98	0.00
Core	CPU	C1%	C3%	C6%	C8%	C9%
-	-	0.01	0.45	7.94	15.02	1.66
0	0	0.03	1.19	42.00	18.13	0.00
0	4	0.00	0.05	1.17	0.31	13.26
1	1	0.02	2.40	14.13	77.11	0.00
1	5	0.00	0.00	0.27	0.79	0.00
2	2	0.00	0.00	2.83	6.97	0.00
2	6	0.00	0.00	0.39	0.80	0.00
3	3	0.00	0.00	1.87	15.57	0.00
3	7	0.00	0.00	0.89	0.49	0.00
Core	CPU	C1%	C3%	C6%	C8%	C9%
-	-	0.01	1.29	10.39	11.59	1.28
0	0	0.01	3.30	35.90	3.68	3.47
0	4	0.00	0.00	15.27	56.37	6.74
1	1	0.08	7.04	28.68	1.98	0.00
1	5	0.00	0.00	0.31	1.00	0.00
2	2	0.00	0.00	0.39	0.90	0.00
2	6	0.00	0.00	0.34	1.68	0.00
3	3	0.00	0.00	2.00	26.15	0.00
3	7	0.00	0.00	0.25	0.98	0.00
Core	CPU	C1%	C3%	C6%	C8%	C9%
-	-	1.60	0.57	10.50	12.44	0.00
0	0	0.01	4.50	61.23	6.36	0.00
0	4	0.00	0.03	16.28	82.01	0.00
1	1	12.81	0.00	3.52	8.20	0.00
1	5	0.00	0.00	0.34	0.80	0.00
2	2	0.00	0.00	1.12	0.30	0.00
2	6	0.00	0.01	0.85	0.59	0.00
3	3	0.00	0.00	0.29	0.69	0.00
3	7	0.00	0.00	0.38	0.59	0.00
Core	CPU	C1%	C3%	C6%	C8%	C9%
-	-	0.00	0.63	10.10	12.20	1.41
0	0	0.01	5.00	64.55	2.64	0.00
0	4	0.00	0.05	13.14	62.83	11.29
1	1	0.00	0.00	0.49	7.81	0.00
1	5	0.00	0.00	0.38	0.59	0.00
2	2	0.00	0.00	0.26	0.30	0.00
2	6	0.00	0.00	0.24	0.40	0.00
3	3	0.00	0.00	1.57	22.21	0.00
3	7	0.00	0.00	0.20	0.79	0.00
Core	CPU	C1%	C3%	C6%	C8%	C9%
-	-	0.00	0.84	10.31	10.75	1.47
0	0	0.01	6.54	61.62	3.68	0.00
0	4	0.00	0.04	16.37	58.34	11.78
1	1	0.00	0.00	0.50	0.20	0.00
1	5	0.00	0.00	0.37	1.08	0.00
2	2	0.00	0.00	0.47	0.59	0.00
2	6	0.00	0.00	0.25	0.99	0.00
3	3	0.00	0.09	2.09	20.73	0.00
3	7	0.00	0.01	0.79	0.40	0.00
Core	CPU	C1%	C3%	C6%	C8%	C9%
-	-	0.01	0.08	6.66	15.67	0.00
0	0	0.06	0.54	45.20	25.87	0.00
0	4	0.00	0.06	1.19	0.80	0.00
1	1	0.00	0.00	0.50	0.99	0.00
1	5	0.00	0.04	0.30	0.89	0.00
2	2	0.00	0.00	0.20	1.04	0.00
2	6	0.00	0.00	0.33	1.48	0.00
3	3	0.00	0.02	5.20	93.03	0.00
3	7	0.00	0.00	0.34	1.28	0.00
Core	CPU	C1%	C3%	C6%	C8%	C9%
-	-	0.00	0.45	8.73	13.52	1.14
0	0	0.03	3.61	54.04	14.27	0.00
0	4	0.00	0.01	8.94	37.72	8.21
1	1	0.00	0.00	1.44	3.54	0.00
1	5	0.00	0.00	1.01	0.40	0.00
2	2	0.00	0.02	0.39	1.19	0.00
2	6	0.00	0.00	0.34	1.10	0.91
3	3	0.00	0.00	3.13	49.30	0.00
3	7	0.00	0.00	0.52	0.67	0.00
Core	CPU	C1%	C3%	C6%	C8%	C9%
-	-	0.02	1.84	11.11	11.35	0.50
0	0	0.01	0.45	12.89	6.12	4.04
0	4	0.00	0.01	18.16	80.29	0.00
1	1	0.00	0.00	0.29	0.89	0.00
1	5	0.00	0.00	0.27	1.09	0.00
2	2	0.15	14.26	55.92	0.30	0.00
2	6	0.00	0.00	0.53	0.69	0.00
3	3	0.00	0.02	0.42	0.51	0.00
3	7	0.00	0.00	0.39	0.88	0.00
Core	CPU	C1%	C3%	C6%	C8%	C9%
-	-	0.00	0.55	10.36	12.43	0.00
0	0	0.02	4.31	61.90	5.88	0.00
0	4	0.00	0.03	17.78	80.51	0.00
1	1	0.00	0.02	0.43	5.76	0.00
1	5	0.00	0.00	0.38	1.39	0.00
2	2	0.00	0.00	1.16	0.60	0.00
2	6	0.00	0.00	0.48	1.37	0.00
3	3	0.00	0.02	0.45	2.37	0.00
3	7	0.00	0.00	0.34	1.57	0.00
Core	CPU	C1%	C3%	C6%	C8%	C9%
-	-	0.00	0.60	8.15	14.06	1.85
0	0	0.02	4.77	55.17	11.19	0.00
0	4	0.00	0.05	1.38	1.19	14.83
1	1	0.00	0.00	1.58	6.69	0.00
1	5	0.00	0.00	5.71	90.32	0.00
2	2	0.00	0.00	0.22	0.70	0.00
2	6	0.00	0.00	0.58	0.89	0.00
3	3	0.00	0.00	0.19	0.79	0.00
3	7	0.00	0.00	0.36	0.69	0.00
Core	CPU	C1%	C3%	C6%	C8%	C9%
-	-	0.00	0.43	9.44	16.48	0.00
0	0	0.02	3.24	58.53	11.01	0.00
0	4	0.00	0.00	12.37	65.06	0.00
1	1	0.00	0.00	0.31	2.30	0.00
1	5	0.00	0.02	1.60	21.27	0.00
2	2	0.00	0.00	0.37	1.29	0.00
2	6	0.00	0.02	0.19	0.49	0.00
3	3	0.00	0.00	0.30	0.89	0.00
3	7	0.01	0.17	1.82	29.55	0.00
Core	CPU	C1%	C3%	C6%	C8%	C9%
-	-	0.00	0.49	8.77	12.87	1.81
0	0	0.02	3.86	55.85	12.46	0.00
0	4	0.00	0.05	8.42	29.46	6.39
1	1	0.00	0.00	0.04	1.39	8.07
1	5	0.00	0.02	3.69	57.84	0.00
2	2	0.00	0.00	0.47	0.89	0.00
2	6	0.00	0.00	0.54	0.50	0.00
3	3	0.00	0.00	0.44	0.00	0.00
3	7	0.00	0.00	0.70	0.39	0.00
Core	CPU	C1%	C3%	C6%	C8%	C9%
-	-	0.02	0.65	10.50	13.12	2.13
0	0	0.10	5.07	64.48	2.92	0.00
0	4	0.08	0.10	9.04	29.38	17.03
1	1	0.00	0.00	4.18	9.27	0.04
1	5	0.00	0.05	4.28	59.81	0.00
2	2	0.00	0.00	0.26	0.79	0.00
2	6	0.00	0.00	0.54	0.69	0.00
3	3	0.00	0.00	1.00	1.00	0.00
3	7	0.00	0.00	0.19	1.09	0.00
Core	CPU	C1%	C3%	C6%	C8%	C9%
-	-	0.01	0.67	9.64	12.41	4.02
0	0	0.04	5.22	64.71	2.36	0.00
0	4	0.00	0.06	6.22	18.25	32.13
1	1	0.00	0.00	0.33	2.27	0.00
1	5	0.00	0.06	4.65	72.24	0.00
2	2	0.00	0.00	0.31	1.09	0.00
2	6	0.00	0.00	0.18	0.99	0.00
3	3	0.00	0.00	0.46	0.99	0.00
3	7	0.00	0.00	0.23	1.09	0.00
Core	CPU	C1%	C3%	C6%	C8%	C9%
-	-	0.01	2.05	10.01	11.84	0.31
0	0	0.00	0.58	11.36	7.39	2.38
0	4	0.00	0.00	9.10	28.68	0.12
1	1	0.00	0.00	0.26	0.60	0.00
1	5	0.00	0.05	4.46	55.38	0.00
2	2	0.08	15.70	54.17	0.00	0.00
2	6	0.00	0.00	0.10	0.60	0.00
3	3	0.00	0.10	0.30	1.08	0.00
3	7	0.00	0.00	0.37	0.99	0.00
Core	CPU	C1%	C3%	C6%	C8%	C9%
-	-	0.01	1.90	10.21	11.88	0.93
0	0	0.00	0.67	10.28	7.30	3.46
0	4	0.00	0.01	12.12	42.07	3.94
1	1	0.00	0.00	0.19	0.70	0.00
1	5	0.00	0.02	2.75	43.24	0.00
2	2	0.07	14.50	55.58	0.00	0.00
2	6	0.00	0.00	0.24	0.30	0.00
3	3	0.00	0.00	0.41	1.00	0.00
3	7	0.00	0.00	0.10	0.40	0.00
Core	CPU	C1%	C3%	C6%	C8%	C9%
-	-	0.00	0.55	10.34	11.72	0.00
0	0	0.02	4.36	62.54	5.38	0.00
0	4	0.00	0.00	15.82	69.76	0.00
1	1	0.00	0.00	0.67	1.89	0.00
1	5	0.00	0.03	1.31	12.61	0.00
2	2	0.00	0.00	1.19	0.60	0.00
2	6	0.00	0.00	0.29	0.99	0.00
3	3	0.00	0.00	0.52	1.77	0.00
3	7	0.00	0.00	0.35	0.79	0.00
Core	CPU	C1%	C3%	C6%	C8%	C9%
-	-	0.00	0.60	10.96	11.15	0.00
0	0	0.00	4.74	65.92	1.50	0.00
0	4	0.00	0.00	20.16	78.18	0.00
1	1	0.00	0.00	0.35	5.46	0.00
1	5	0.00	0.00	0.48	0.89	0.00
2	2	0.00	0.00	0.14	0.59	0.00
2	6	0.00	0.02	0.10	0.79	0.00
3	3	0.00	0.00	0.10	0.89	0.00
3	7	0.00	0.00	0.47	0.89	0.00
Core	CPU	C1%	C3%	C6%	C8%	C9%
-	-	0.00	0.61	10.21	11.95	0.00
0	0	0.01	4.82	62.84	4.51	0.00
0	4	0.00	0.02	15.42	56.77	0.00
1	1	0.00	0.00	0.39	4.86	0.00
1	5	0.00	0.02	1.64	25.97	0.00
2	2	0.00	0.00	0.36	0.69	0.00
2	6	0.00	0.00	0.55	0.98	0.00
3	3	0.00	0.00	0.32	0.80	0.00
3	7	0.00	0.00	0.20	0.99	0.00
Core	CPU	C1%	C3%	C6%	C8%	C9%
-	-	0.00	0.44	8.02	13.35	1.72
0	0	0.04	3.44	54.28	12.61	0.00
0	4	0.00	0.04	1.27	0.39	13.76
1	1	0.00	0.00	0.92	0.40	0.00
1	5	0.00	0.03	6.49	89.09	0.00
2	2	0.00	0.00	0.10	0.99	0.00
2	6	0.00	0.00	0.29	0.88	0.00
3	3	0.00	0.00	0.56	1.38	0.00
3	7	0.00	0.00	0.24	1.08	0.00
Core	CPU	C1%	C3%	C6%	C8%	C9%
-	-	0.00	0.52	10.12	12.40	1.71
0	0	0.01	4.09	62.90	5.27	0.00
0	4	0.00	0.01	12.79	47.05	13.67
1	1	0.00	0.00	0.45	5.80	0.00
1	5	0.00	0.03	2.79	36.42	0.00
2	2	0.00	0.02	0.29	0.89	0.00
2	6	0.00	0.00	0.19	1.09	0.00
3	3	0.00	0.00	0.79	1.48	0.00
3	7	0.00	0.00	0.76	1.18	0.00
Core	CPU	C1%	C3%	C6%	C8%	C9%
-	-	0.00	0.67	9.86	12.17	3.74
0	0	0.00	5.24	63.89	3.28	0.00
0	4	0.00	0.00	8.66	34.31	29.88
1	1	0.00	0.02	0.32	4.16	0.05
1	5	0.00	0.05	4.98	52.05	0.00
2	2	0.00	0.00	0.25	0.89	0.00
2	6	0.00	0.00	0.21	0.70	0.00
3	3	0.00	0.04	0.30	1.29	0.00
3	7	0.00	0.03	0.29	0.69	0.00
Core	CPU	C1%	C3%	C6%	C8%	C9%
-	-	0.04	0.32	7.93	14.24	2.62
0	0	0.03	2.55	53.14	16.17	0.00
0	4	0.00	0.00	3.46	10.23	20.95
1	1	0.29	0.00	0.37	3.46	0.00
1	5	0.00	0.02	4.76	81.30	0.00
2	2	0.00	0.00	0.15	0.79	0.00
2	6	0.00	0.00	0.52	0.40	0.00
3	3	0.00	0.00	0.10	0.99	0.00
3	7	0.00	0.00	0.97	0.54	0.00
Core	CPU	C1%	C3%	C6%	C8%	C9%
-	-	0.00	0.47	9.80	12.24	0.00
0	0	0.01	3.71	61.15	7.22	0.00
0	4	0.00	0.03	13.67	48.74	0.00
1	1	0.00	0.02	0.19	3.07	0.00
1	5	0.00	0.00	1.78	35.79	0.00
2	2	0.00	0.00	0.18	0.89	0.00
2	6	0.00	0.00	0.56	0.39	0.00
3	3	0.00	0.00	0.34	0.89	0.00
3	7	0.00	0.03	0.48	0.89	0.00
Core	CPU	C1%	C3%	C6%	C8%	C9%
-	-	0.00	0.52	9.11	12.56	0.41
0	0	0.01	4.02	59.06	7.33	0.00
0	4	0.00	0.02	7.89	21.89	3.29
1	1	0.00	0.00	0.24	1.68	0.00
1	5	0.00	0.00	3.40	64.81	0.00
2	2	0.00	0.01	0.39	0.99	0.00
2	6	0.00	0.00	0.30	1.08	0.00
3	3	0.00	0.09	1.13	1.68	0.00
3	7	0.00	0.00	0.46	0.99	0.00
Core	CPU	C1%	C3%	C6%	C8%	C9%
-	-	0.02	0.14	6.93	15.06	0.32
0	0	0.05	1.08	48.42	22.23	0.00
0	4	0.08	0.00	1.01	0.39	2.56
1	1	0.00	0.00	0.28	0.79	0.00
1	5	0.00	0.00	4.85	93.49	0.00
2	2	0.00	0.00	0.15	0.89	0.00
2	6	0.00	0.00	0.23	0.89	0.00
3	3	0.00	0.00	0.20	0.99	0.00
3	7	0.00	0.00	0.29	0.79	0.00
Core	CPU	C1%	C3%	C6%	C8%	C9%
-	-	0.00	0.63	8.32	14.32	5.33
0	0	0.01	4.95	57.44	9.80	0.00
0	4	0.00	0.04	1.61	6.16	42.65
1	1	0.00	0.00	0.37	6.55	0.00
1	5	0.00	0.00	5.20	86.54	0.00
2	2	0.00	0.00	0.52	1.31	0.00
2	6	0.00	0.00	0.32	1.10	0.00
3	3	0.00	0.01	0.52	1.50	0.00
3	7	0.00	0.00	0.61	1.60	0.00
Core	CPU	C1%	C3%	C6%	C8%	C9%
-	-	0.00	0.53	9.16	13.33	3.59
0	0	0.01	4.23	61.75	6.25	0.00
0	4	0.00	0.03	6.63	28.41	28.72
1	1	0.00	0.00	0.20	5.13	0.00
1	5	0.00	0.00	2.99	62.27	0.00
2	2	0.00	0.00	0.66	0.69	0.00
2	6	0.00	0.00	0.25	1.28	0.00
3	3	0.00	0.00	0.52	1.49	0.00
3	7	0.00	0.00	0.30	1.09	0.00
Core	CPU	C1%	C3%	C6%	C8%	C9%
-	-	0.00	0.47	9.74	12.35	2.61
0	0	0.01	3.74	62.48	5.92	0.00
0	4	0.00	0.05	10.24	36.57	20.89
1	1	0.00	0.00	0.72	2.18	0.00
1	5	0.00	0.00	3.20	49.65	0.00
2	2	0.00	0.00	0.29	1.19	0.00
2	6	0.00	0.00	0.28	0.99	0.00
3	3	0.00	0.00	0.55	1.50	0.00
3	7	0.00	0.00	0.14	0.79	0.00
Core	CPU	C1%	C3%	C6%	C8%	C9%
-	-	0.00	0.40	7.01	14.46	0.54
0	0	0.04	3.15	49.00	18.54	0.00
0	4	0.00	0.00	1.41	0.70	4.34
1	1	0.00	0.00	0.46	0.59	0.00
1	5	0.00	0.00	4.10	91.83	0.00
2	2	0.00	0.02	0.20	0.90	0.00
2	6	0.00	0.00	0.20	0.99	0.00
3	3	0.00	0.00	0.29	1.18	0.00
3	7	0.00	0.00	0.46	0.99	0.00
Core	CPU	C1%	C3%	C6%	C8%	C9%
-	-	0.00	0.54	9.71	12.12	1.55
0	0	0.01	3.57	61.49	7.11	0.00
0	4	0.00	0.01	11.99	40.03	12.38
1	1	0.00	0.00	0.57	0.51	0.00
1	5	0.00	0.00	2.17	45.55	0.00
2	2	0.00	0.00	0.65	0.89	0.00
2	6	0.00	0.02	0.20	0.99	0.00
3	3	0.00	0.71	0.32	0.99	0.00
3	7	0.00	0.00	0.30	0.89	0.00
Core	CPU	C1%	C3%	C6%	C8%	C9%
-	-	0.00	0.48	8.82	13.10	1.95
0	0	0.02	3.73	57.13	11.30	0.00
0	4	0.00	0.05	7.83	31.56	15.60
1	1	0.00	0.02	0.29	0.80	0.00
1	5	0.00	0.00	3.53	57.28	0.00
2	2	0.00	0.00	0.38	0.89	0.00
2	6	0.00	0.00	0.27	1.09	0.00
3	3	0.00	0.00	0.35	1.18	0.00
3	7	0.00	0.02	0.76	0.69	0.00
Core	CPU	C1%	C3%	C6%	C8%	C9%
-	-	0.00	1.75	13.65	10.73	3.58
0	0	0.01	3.32	58.47	26.97	0.01
0	4	0.00	0.01	5.15	18.56	28.60
1	1	0.01	10.49	42.34	1.58	0.00
1	5	0.00	0.00	0.53	6.42	0.00
2	2	0.00	0.02	0.29	1.08	0.00
2	6	0.00	0.00	0.10	0.99	0.00
3	3	0.00	0.00	1.15	1.17	0.00
3	7	0.01	0.16	1.21	29.05	0.00
Core	CPU	C1%	C3%	C6%	C8%	C9%
-	-	0.00	0.24	7.62	14.32	0.97
0	0	0.03	1.92	53.06	16.98	0.00
0	4	0.00	0.03	0.90	0.62	7.76
1	1	0.00	0.00	0.28	0.89	0.00
1	5	0.00	0.00	5.29	93.12	0.00
2	2	0.00	0.00	0.24	0.99	0.00
2	6	0.00	0.00	0.33	0.89	0.00
3	3	0.00	0.00	0.20	0.69	0.00
3	7	0.00	0.00	0.68	0.40	0.00
Core	CPU	C1%	C3%	C6%	C8%	C9%
-	-	0.00	0.51	8.52	14.28	2.40
0	0	0.02	4.08	56.45	10.34	0.00
0	4	0.00	0.02	0.75	0.31	19.18
1	1	0.00	0.00	4.54	10.72	0.00
1	5	0.00	0.00	4.39	90.69	0.00
2	2	0.00	0.00	0.36	0.79	0.00
2	6	0.00	0.00	0.33	0.60	0.00
3	3	0.00	0.00	0.68	0.20	0.00
3	7	0.00	0.00	0.69	0.60	0.00
Core	CPU	C1%	C3%	C6%	C8%	C9%
-	-	0.00	0.19	7.09	14.76	0.30
0	0	0.04	1.51	50.71	19.51	0.00
0	4	0.00	0.00	0.76	0.40	2.40
1	1	0.00	0.00	0.23	0.99	0.00
1	5	0.00	0.02	4.22	94.13	0.00
2	2	0.00	0.00	0.10	0.99	0.00
2	6	0.00	0.00	0.18	0.80	0.00
3	3	0.00	0.00	0.37	0.69	0.00
3	7	0.00	0.00	0.14	0.59	0.00
Core	CPU	C1%	C3%	C6%	C8%	C9%
-	-	0.00	0.46	7.83	14.21	2.16
0	0	0.03	3.62	53.45	14.98	0.00
0	4	0.00	0.06	1.55	0.61	17.29
1	1	0.00	0.00	0.65	0.70	0.00
1	5	0.00	0.00	2.39	35.63	0.00
2	2	0.00	0.00	0.41	1.00	0.00
2	6	0.00	0.00	3.16	58.62	0.00
3	3	0.00	0.00	0.68	1.19	0.00
3	7	0.00	0.00	0.37	0.99	0.00
Core	CPU	C1%	C3%	C6%	C8%	C9%
-	-	0.00	0.18	7.14	15.61	2.16
0	0	0.03	1.38	48.86	21.44	0.00
0	4	0.00	0.00	1.13	0.87	17.26
1	1	0.00	0.00	0.27	6.58	0.00
1	5	0.00	0.00	0.28	0.98	0.00
2	2	0.00	0.00	0.36	0.69	0.00
2	6	0.00	0.03	5.53	92.75	0.00
3	3	0.00	0.02	0.39	0.70	0.00
3	7	0.00	0.00	0.30	0.88	0.00
Core	CPU	C1%	C3%	C6%	C8%	C9%
-	-	0.00	0.40	8.00	14.45	4.19
0	0	0.02	3.11	55.70	13.15	0.00
0	4	0.00	0.01	1.40	0.00	33.54
1	1	0.00	0.00	0.20	5.44	0.00
1	5	0.00	0.00	0.45	1.53	0.00
2	2	0.00	0.00	0.35	1.19	0.00
2	6	0.00	0.03	5.61	92.13	0.00
3	3	0.00	0.02	0.19	0.90	0.00
3	7	0.00	0.00	0.12	1.30	0.00
Core	CPU	C1%	C3%	C6%	C8%	C9%
-	-	0.00	0.49	8.19	12.87	2.80
0	0	0.02	3.85	54.29	12.50	0.91
0	4	0.00	0.02	0.55	0.58	21.47
1	1	0.00	0.00	0.72	0.29	0.00
1	5	0.00	0.02	5.47	26.69	0.00
2	2	0.00	0.00	0.19	0.69	0.00
2	6	0.00	0.05	3.64	60.70	0.00
3	3	0.00	0.00	0.36	0.88	0.00
3	7	0.00	0.00	0.32	0.59	0.00
Core	CPU	C1%	C3%	C6%	C8%	C9%
-	-	0.00	0.35	8.02	14.16	2.20
0	0	0.03	2.66	54.42	14.82	0.00
0	4	0.00	0.02	1.61	0.39	17.58
1	1	0.00	0.00	0.45	0.69	0.00
1	5	0.00	0.00	0.42	1.58	0.00
2	2	0.00	0.01	0.29	0.90	0.00
2	6	0.00	0.06	5.54	92.76	0.00
3	3	0.00	0.04	1.00	1.07	0.00
3	7	0.00	0.00	0.46	1.09	0.00
Core	CPU	C1%	C3%	C6%	C8%	C9%
-	-	0.06	0.39	8.04	14.38	0.36
0	0	0.04	3.05	52.53	16.34	0.00
0	4	0.00	0.02	2.73	0.86	2.86
1	1	0.00	0.00	0.28	1.18	0.00
1	5	0.00	0.00	3.26	37.68	0.00
2	2	0.01	0.01	0.26	0.99	0.00
2	6	0.42	0.02	3.60	55.17	0.00
3	3	0.00	0.00	1.16	1.70	0.00
3	7	0.00	0.00	0.48	1.08	0.00
Core	CPU	C1%	C3%	C6%	C8%	C9%
-	-	0.00	0.20	7.47	15.46	0.16
0	0	0.04	1.58	50.41	19.85	0.00
0	4	0.00	0.03	1.24	0.00	1.29
1	1	0.00	0.00	0.70	7.78	0.00
1	5	0.00	0.00	5.25	93.12	0.00
2	2	0.00	0.00	0.20	0.99	0.00
2	6	0.00	0.00	0.54	0.58	0.00
3	3	0.00	0.00	0.83	0.79	0.00
3	7	0.00	0.02	0.60	0.59	0.00
Core	CPU	C1%	C3%	C6%	C8%	C9%
-	-	0.04	1.81	8.91	12.54	0.02
0	0	0.00	0.05	8.34	1.49	0.13
0	4	0.00	0.01	0.90	0.32	0.00
1	1	0.00	0.00	0.48	0.90	0.00
1	5	0.00	0.00	4.61	94.07	0.00
2	2	0.00	0.00	0.26	1.09	0.00
2	6	0.00	0.00	0.31	1.77	0.00
3	3	0.00	0.00	0.22	0.70	0.00
3	7	0.34	14.39	56.19	0.00	0.00
Core	CPU	C1%	C3%	C6%	C8%	C9%
-	-	0.03	1.80	8.88	11.91	0.02
0	0	0.00	0.17	8.04	1.38	0.13
0	4	0.00	0.00	0.87	0.30	0.00
1	1	0.00	0.00	0.14	0.70	0.00
1	5	0.00	0.00	2.87	56.08	0.00
2	2	0.00	0.00	0.10	1.00	0.00
2	6	0.00	0.06	2.95	35.25	0.00
3	3	0.00	0.15	1.29	0.60	0.00
3	7	0.27	14.05	54.77	0.00	0.00
Core	CPU	C1%	C3%	C6%	C8%	C9%
-	-	0.03	1.84	9.20	12.56	0.06
0	0	0.00	0.33	10.79	1.70	0.02
0	4	0.00	0.04	0.57	1.41	0.50
1	1	0.00	0.00	0.28	0.89	0.00
1	5	0.00	0.00	0.36	0.89	0.00
2	2	0.00	0.00	0.24	0.89	0.00
2	6	0.00	0.00	4.79	93.86	0.00
3	3	0.00	0.01	0.47	0.81	0.00
3	7	0.22	14.37	56.05	0.00	0.00
Core	CPU	C1%	C3%	C6%	C8%	C9%
-	-	0.03	1.88	9.33	12.38	0.12
0	0	0.00	0.13	11.21	1.68	0.11
0	4	0.00	0.01	1.20	0.97	0.82
1	1	0.00	0.00	0.31	0.60	0.00
1	5	0.00	0.00	0.58	0.60	0.00
2	2	0.00	0.00	0.29	0.79	0.00
2	6	0.00	0.03	5.01	93.60	0.00
3	3	0.00	0.00	0.45	0.79	0.00
3	7	0.23	14.87	55.58	0.00	0.00
Core	CPU	C1%	C3%	C6%	C8%	C9%
-	-	0.04	1.81	9.03	12.42	0.02
0	0	0.00	0.09	8.50	1.50	0.13
0	4	0.00	0.03	0.96	0.31	0.00
1	1	0.00	0.00	0.27	0.89	0.00
1	5	0.00	0.00	0.35	0.99	0.00
2	2	0.00	0.00	0.23	1.00	0.00
2	6	0.00	0.00	5.39	93.26	0.00
3	3	0.00	0.00	0.27	1.41	0.00
3	7	0.32	14.36	56.22	0.00	0.00
Core	CPU	C1%	C3%	C6%	C8%	C9%
-	-	0.00	1.92	9.55	12.74	0.81
0	0	0.00	0.77	9.58	6.31	0.00
0	4	0.00	0.01	1.20	0.51	6.52
1	1	0.02	14.50	55.58	0.00	0.00
1	5	0.00	0.01	2.13	36.21	0.00
2	2	0.00	0.00	0.28	0.90	0.00
2	6	0.00	0.03	5.22	56.28	0.00
3	3	0.00	0.00	1.27	1.29	0.00
3	7	0.00	0.00	1.13	0.40	0.00
Core	CPU	C1%	C3%	C6%	C8%	C9%
-	-	0.01	2.06	8.79	12.83	1.29
0	0	0.00	0.79	8.38	5.91	0.26
0	4	0.00	0.11	1.53	0.78	10.08
1	1	0.05	15.47	53.54	0.00	0.00
1	5	0.00	0.00	5.12	90.99	0.00
2	2	0.00	0.00	0.32	1.40	0.00
2	6	0.00	0.02	0.38	1.20	0.00
3	3	0.00	0.09	0.47	1.30	0.00
3	7	0.00	0.00	0.56	1.09	0.00
Core	CPU	C1%	C3%	C6%	C8%	C9%
-	-	0.00	2.24	13.37	6.41	8.46
0	0	0.01	3.13	47.56	32.80	0.03
0	4	0.00	0.06	1.68	0.40	67.64
1	1	0.02	14.75	55.45	0.00	0.00
1	5	0.00	0.00	1.13	14.21	0.00
2	2	0.00	0.00	0.36	0.99	0.00
2	6	0.00	0.00	0.24	1.19	0.00
3	3	0.00	0.00	0.32	1.10	0.00
3	7	0.00	0.00	0.19	0.62	0.00
Core	CPU	C1%	C3%	C6%	C8%	C9%
-	-	0.00	2.33	14.18	6.12	9.63
0	0	0.00	3.19	56.12	36.39	0.00
0	4	0.00	0.01	1.42	1.49	76.75
1	1	0.00	15.46	54.72	0.00	0.00
1	5	0.00	0.00	0.22	0.79	0.00
2	2	0.00	0.01	0.34	7.36	0.29
2	6	0.00	0.00	0.16	0.80	0.00
3	3	0.00	0.00	0.28	0.99	0.00
3	7	0.00	0.00	0.16	1.18	0.00
Core	CPU	C1%	C3%	C6%	C8%	C9%
-	-	0.00	2.28	14.29	6.24	10.33
0	0	0.00	3.25	55.66	36.68	0.00
0	4	0.00	0.05	0.88	0.72	82.63
1	1	0.00	14.92	55.16	0.00	0.00
1	5	0.00	0.00	0.35	0.71	0.00
2	2	0.00	0.00	0.43	9.11	0.00
2	6	0.00	0.00	0.42	0.70	0.00
3	3	0.00	0.02	1.11	1.29	0.00
3	7	0.00	0.00	0.31	0.69	0.00
Core	CPU	C1%	C3%	C6%	C8%	C9%
-	-	0.01	0.58	9.32	16.95	2.22
0	0	0.03	2.17	54.89	18.59	0.00
0	4	0.00	0.02	1.06	0.72	17.78
1	1	0.00	0.04	6.01	73.87	0.00
1	5	0.00	0.01	0.60	0.19	0.00
2	2	0.00	0.00	0.48	1.49	0.00
2	6	0.00	0.00	0.86	11.61	0.00
3	3	0.00	0.00	0.34	0.80	0.00
3	7	0.04	2.43	10.36	28.31	0.00
Core	CPU	C1%	C3%	C6%	C8%	C9%
-	-	0.00	0.49	7.65	13.80	2.50
0	0	0.02	3.92	52.38	14.45	0.00
0	4	0.00	0.01	0.88	1.10	16.44
1	1	0.00	0.00	4.64	91.23	0.00
1	5	0.00	0.00	0.44	0.59	0.00
2	2	0.00	0.00	0.72	0.49	0.00
2	6	0.00	0.00	0.96	0.79	0.00
3	3	0.00	0.00	0.30	1.28	3.60
3	7	0.00	0.00	0.87	0.49	0.00
Core	CPU	C1%	C3%	C6%	C8%	C9%
-	-	0.00	0.39	7.89	13.88	4.30
0	0	0.02	3.07	56.24	12.73	0.00
0	4	0.00	0.04	1.05	0.50	34.41
1	1	0.00	0.00	4.59	93.84	0.00
1	5	0.00	0.00	0.19	0.69	0.00
2	2	0.00	0.00	0.37	0.89	0.00
2	6	0.00	0.02	0.27	0.80	0.00
3	3	0.00	0.00	0.23	0.50	0.00
3	7	0.00	0.00	0.19	1.10	0.00
Core	CPU	C1%	C3%	C6%	C8%	C9%
-	-	0.00	0.44	7.74	14.69	0.54
0	0	0.04	2.89	52.33	16.81	0.00
0	4	0.00	0.00	1.73	1.68	4.36
1	1	0.00	0.02	3.80	68.61	0.00
1	5	0.00	0.59	0.19	1.08	0.00
2	2	0.00	0.00	0.28	1.18	0.00
2	6	0.00	0.02	2.37	24.76	0.00
3	3	0.00	0.02	0.82	2.09	0.00
3	7	0.00	0.00	0.43	1.28	0.00
Core	CPU	C1%	C3%	C6%	C8%	C9%
-	-	0.00	0.34	7.62	14.36	0.76
0	0	0.04	2.68	52.26	16.92	0.00
0	4	0.00	0.01	0.67	1.39	6.09
1	1	0.00	0.00	0.45	0.79	0.00
1	5	0.00	0.00	0.14	0.99	0.00
2	2	0.00	0.02	0.20	1.09	0.00
2	6	0.00	0.03	6.48	91.84	0.00
3	3	0.00	0.00	0.39	1.18	0.00
3	7	0.00	0.00	0.36	0.69	0.00
Core	CPU	C1%	C3%	C6%	C8%	C9%
-	-	0.01	0.23	7.32	14.85	1.95
0	0	0.05	1.75	50.11	20.08	0.00
0	4	0.00	0.04	0.82	0.50	15.56
1	1	0.00	0.00	0.35	0.79	0.00
1	5	0.00	0.00	1.12	0.99	0.00
2	2	0.00	0.02	0.29	1.09	0.00
2	6	0.00	0.00	5.18	93.14	0.00
3	3	0.00	0.00	0.28	1.09	0.00
3	7	0.00	0.00	0.37	1.08	0.00
Core	CPU	C1%	C3%	C6%	C8%	C9%
-	-	0.00	0.52	7.43	14.38	1.56
0	0	0.03	3.96	50.45	16.76	0.00
0	4	0.00	0.04	1.29	0.28	12.52
1	1	0.00	0.00	0.29	3.64	0.00
1	5	0.00	0.00	0.37	1.09	0.00
2	2	0.00	0.00	0.24	0.99	0.00
2	6	0.00	0.03	5.55	90.13	0.00
3	3	0.00	0.09	0.20	1.09	0.00
3	7	0.00	0.00	1.08	1.08	0.00
Core	CPU	C1%	C3%	C6%	C8%	C9%
-	-	0.00	0.36	8.26	14.16	2.20
0	0	0.02	2.79	55.69	13.65	0.00
0	4	0.00	0.05	1.00	0.27	17.58
1	1	0.00	0.00	3.25	65.22	0.00
1	5	0.00	0.00	1.46	0.88	0.00
2	2	0.00	0.00	0.86	0.70	0.00
2	6	0.00	0.00	2.29	29.64	0.00
3	3	0.00	0.00	1.08	0.91	0.00
3	7	0.00	0.00	0.43	2.01	0.00
Core	CPU	C1%	C3%	C6%	C8%	C9%
-	-	0.00	0.38	7.81	14.55	1.37
0	0	0.02	3.01	54.89	14.48	0.00
0	4	0.00	0.00	1.05	0.41	10.95
1	1	0.00	0.03	5.08	93.02	0.00
1	5	0.00	0.00	0.28	0.89	0.00
2	2	0.00	0.00	0.47	5.18	0.00
2	6	0.00	0.00	0.20	0.88	0.00
3	3	0.00	0.00	0.37	0.79	0.00
3	7	0.00	0.00	0.15	0.79	0.00
Core	CPU	C1%	C3%	C6%	C8%	C9%
-	-	0.00	0.19	7.17	14.90	0.00
0	0	0.04	1.47	49.14	21.34	0.00
0	4	0.00	0.01	1.36	0.00	0.00
1	1	0.00	0.00	5.08	93.23	0.00
1	5	0.00	0.00	0.53	0.69	0.00
2	2	0.00	0.01	0.39	1.00	0.00
2	6	0.00	0.00	0.20	1.09	0.00
3	3	0.00	0.00	0.28	0.89	0.00
3	7	0.00	0.00	0.36	0.99	0.00
Core	CPU	C1%	C3%	C6%	C8%	C9%
-	-	0.01	0.20	7.18	15.44	0.20
0	0	0.05	1.55	49.86	20.57	0.00
0	4	0.00	0.04	0.76	0.91	1.60
1	1	0.00	0.00	4.87	93.50	0.00
1	5	0.00	0.00	0.36	0.61	0.00
2	2	0.00	0.00	0.62	4.86	0.00
2	6	0.00	0.00	0.23	1.21	0.00
3	3	0.00	0.01	0.47	1.00	0.00
3	7	0.00	0.00	0.29	0.90	0.00
Core	CPU	C1%	C3%	C6%	C8%	C9%
-	-	0.00	0.54	7.87	14.21	4.63
0	0	0.02	4.26	54.80	11.85	0.00
0	4	0.00	0.01	0.73	0.40	33.48
1	1	0.00	0.00	4.12	88.58	0.00
1	5	0.00	0.00	0.37	0.99	0.00
2	2	0.00	0.00	1.35	5.94	0.00
2	6	0.00	0.00	0.41	3.85	0.00
3	3	0.00	0.00	1.00	1.09	3.57
3	7	0.00	0.03	0.19	0.99	0.00
Core	CPU	C1%	C3%	C6%	C8%	C9%
-	-	0.02	0.14	6.90	15.16	0.01
0	0	0.05	1.03	47.63	23.18	0.00
0	4	0.07	0.04	1.03	0.40	0.04
1	1	0.00	0.01	4.37	90.01	0.00
1	5	0.00	0.00	0.12	0.79	0.00
2	2	0.00	0.00	0.25	0.60	0.00
2	6	0.00	0.00	0.55	4.54	0.00
3	3	0.00	0.00	0.52	1.09	0.00
3	7	0.00	0.01	0.73	0.69	0.00
Core	CPU	C1%	C3%	C6%	C8%	C9%
-	-	0.00	0.49	8.39	13.57	2.39
0	0	0.03	3.93	56.10	12.32	0.00
0	4	0.00	0.00	1.27	0.31	18.23
1	1	0.00	0.00	4.68	70.78	0.00
1	5	0.00	0.00	0.33	0.99	0.00
2	2	0.00	0.00	1.12	0.40	0.00
2	6	0.00	0.03	2.30	22.00	0.00
3	3	0.00	0.00	0.37	1.08	0.90
3	7	0.00	0.00	0.97	0.69	0.00
Core	CPU	C1%	C3%	C6%	C8%	C9%
-	-	0.00	0.29	7.70	14.30	2.28
0	0	0.03	2.25	54.10	15.83	0.00
0	4	0.00	0.05	1.19	0.00	18.23
1	1	0.00	0.00	3.59	71.64	0.00
1	5	0.00	0.00	0.28	0.98	0.00
2	2	0.00	0.00	0.25	0.89	0.00
2	6	0.00	0.02	1.24	23.04	0.00
3	3	0.00	0.02	0.60	0.79	0.00
3	7	0.00	0.00	0.38	1.19	0.00
Core	CPU	C1%	C3%	C6%	C8%	C9%
-	-	0.00	0.37	7.89	14.11	2.28
0	0	0.02	2.90	56.06	13.20	0.00
0	4	0.00	0.03	0.86	0.20	18.22
1	1	0.00	0.00	4.79	93.64	0.00
1	5	0.00	0.00	0.10	0.99	0.00
2	2	0.00	0.00	0.28	2.78	0.00
2	6	0.00	0.00	0.36	1.09	0.00
3	3	0.00	0.00	0.66	0.39	0.00
3	7	0.00	0.02	0.00	0.59	0.00
Core	CPU	C1%	C3%	C6%	C8%	C9%
-	-	0.00	0.59	7.94	13.51	2.46
0	0	0.02	4.69	55.06	11.16	0.45
0	4	0.00	0.06	1.06	0.51	19.26
1	1	0.00	0.00	0.51	2.28	0.00
1	5	0.00	0.00	0.23	0.99	0.00
2	2	0.00	0.01	0.29	0.89	0.00
2	6	0.00	0.00	3.94	64.05	0.00
3	3	0.00	0.00	1.96	27.54	0.00
3	7	0.00	0.00	0.45	0.69	0.00
Core	CPU	C1%	C3%	C6%	C8%	C9%
-	-	0.00	0.25	7.99	15.15	3.14
0	0	0.03	1.95	53.97	16.34	0.00
0	4	0.00	0.02	1.53	0.99	25.15
1	1	0.00	0.00	0.28	5.94	0.00
1	5	0.00	0.00	1.14	0.99	0.00
2	2	0.00	0.00	0.24	1.09	0.00
2	6	0.00	0.01	5.90	92.49	0.00
3	3	0.00	0.00	0.35	1.49	0.00
3	7	0.00	0.00	0.50	1.86	0.00
Core	CPU	C1%	C3%	C6%	C8%	C9%
-	-	0.00	0.56	8.63	13.55	4.65
0	0	0.02	4.36	59.12	9.03	0.00
0	4	0.00	0.04	1.23	0.30	37.22
1	1	0.00	0.00	0.28	3.43	0.00
1	5	0.00	0.00	0.44	1.18	0.00
2	2	0.00	0.00	0.26	0.89	0.00
2	6	0.00	0.06	6.89	91.51	0.00
3	3	0.00	0.02	0.20	1.00	0.00
3	7	0.00	0.00	0.59	1.08	0.00
Core	CPU	C1%	C3%	C6%	C8%	C9%
-	-	0.01	0.40	8.27	14.73	4.34
0	0	0.03	3.15	55.88	13.12	0.00
0	4	0.08	0.00	0.99	0.59	34.71
1	1	0.00	0.02	0.78	6.82	0.00
1	5	0.00	0.00	0.20	0.99	0.00
2	2	0.00	0.00	0.19	0.88	0.00
2	6	0.00	0.04	6.51	85.08	0.00
3	3	0.00	0.00	1.25	8.77	0.00
3	7	0.00	0.00	0.36	1.59	0.00
Core	CPU	C1%	C3%	C6%	C8%	C9%
-	-	0.00	0.14	6.84	15.54	0.27
0	0	0.04	1.05	47.68	23.05	0.00
0	4	0.00	0.02	0.68	0.99	2.16
1	1	0.00	0.00	0.62	3.31	0.00
1	5	0.00	0.00	0.23	0.69	0.00
2	2	0.00	0.01	0.39	0.49	0.00
2	6	0.00	0.00	1.12	19.68	0.00
3	3	0.00	0.01	3.62	75.02	0.00
3	7	0.00	0.00	0.35	1.08	0.00
Core	CPU	C1%	C3%	C6%	C8%	C9%
-	-	0.01	0.51	7.54	13.90	0.49
0	0	0.02	4.06	52.81	14.54	0.00
0	4	0.07	0.04	0.60	0.58	3.39
1	1	0.00	0.00	0.28	0.98	0.00
1	5	0.00	0.00	1.24	0.99	0.00
2	2	0.00	0.00	0.20	1.49	0.00
2	6	0.00	0.02	1.34	19.70	0.00
3	3	0.00	0.00	3.52	72.11	0.53
3	7	0.00	0.00	0.29	0.78	0.00
Core	CPU	C1%	C3%	C6%	C8%	C9%
-	-	0.10	0.36	8.31	17.41	1.78
0	0	0.01	2.62	56.94	13.47	0.00
0	4	0.00	0.04	1.26	0.10	14.29
1	1	0.00	0.02	0.85	1.78	0.00
1	5	0.79	0.00	0.00	0.00	0.00
2	2	0.00	0.00	0.28	0.79	0.00
2	6	0.00	0.03	5.68	92.76	0.00
3	3	0.00	0.00	0.28	1.08	0.00
3	7	0.02	0.15	1.23	29.31	0.00
Core	CPU	C1%	C3%	C6%	C8%	C9%
-	-	0.00	0.45	8.37	15.23	2.64
0	0	0.01	3.41	52.28	16.35	0.00
0	4	0.00	0.00	0.83	1.10	21.14
1	1	0.00	0.00	5.26	9.81	0.00
1	5	0.00	0.12	0.18	1.10	0.00
2	2	0.00	0.00	0.10	1.09	0.00
2	6	0.00	0.04	4.86	63.34	0.00
3	3	0.00	0.00	2.74	28.92	0.00
3	7	0.00	0.00	0.70	0.12	0.00
Core	CPU	C1%	C3%	C6%	C8%	C9%
-	-	0.02	1.02	8.78	13.73	0.97
0	0	0.01	1.20	34.54	10.00	0.00
0	4	0.00	0.02	1.45	0.10	7.76
1	1	0.00	0.00	0.61	3.94	0.00
1	5	0.00	0.00	0.62	0.30	0.00
2	2	0.00	0.00	0.20	0.89	0.00
2	6	0.00	0.00	5.47	93.02	0.00
3	3	0.15	6.97	27.08	0.69	0.00
3	7	0.00	0.00	0.24	0.89	0.00
Core	CPU	C1%	C3%	C6%	C8%	C9%
-	-	0.04	1.81	9.24	12.36	0.02
0	0	0.00	0.06	9.67	1.95	0.13
0	4	0.00	0.01	1.09	0.19	0.00
1	1	0.00	0.00	0.27	0.99	0.00
1	5	0.00	0.00	0.54	1.19	0.00
2	2	0.00	0.00	0.17	0.50	0.00
2	6	0.00	0.06	5.49	93.08	0.00
3	3	0.33	14.37	56.20	0.00	0.00
3	7	0.00	0.00	0.46	1.01	0.00
Core	CPU	C1%	C3%	C6%	C8%	C9%
-	-	0.03	1.95	8.60	11.85	0.22
0	0	0.00	0.10	7.02	1.62	0.00
0	4	0.00	0.04	0.78	0.00	0.00
1	1	0.00	0.02	0.19	0.40	0.00
1	5	0.00	0.00	0.19	0.79	1.79
2	2	0.00	0.00	0.28	0.60	0.00
2	6	0.00	0.00	5.73	90.50	0.00
3	3	0.22	15.47	54.30	0.00	0.00
3	7	0.00	0.00	0.31	0.91	0.00
Core	CPU	C1%	C3%	C6%	C8%	C9%
-	-	0.00	0.50	8.75	14.34	2.36
0	0	0.01	3.91	59.79	8.66	0.00
0	4	0.00	0.00	1.55	0.21	18.88
1	1	0.00	0.00	0.66	7.43	0.00
1	5	0.00	0.00	0.43	1.49	0.00
2	2	0.00	0.02	0.50	0.00	0.00
2	6	0.00	0.03	4.84	93.58	0.00
3	3	0.00	0.00	1.32	1.88	0.00
3	7	0.00	0.01	0.88	1.47	0.00
Core	CPU	C1%	C3%	C6%	C8%	C9%
-	-	0.00	0.47	7.86	14.59	0.96
0	0	0.02	3.65	54.20	14.36	0.00
0	4	0.00	0.00	0.38	0.41	7.68
1	1	0.00	0.01	1.05	6.25	0.00
1	5	0.00	0.00	0.34	0.69	0.00
2	2	0.00	0.00	0.45	0.89	0.00
2	6	0.00	0.05	5.62	92.62	0.00
3	3	0.00	0.02	0.29	0.41	0.00
3	7	0.00	0.01	0.51	1.09	0.00
Core	CPU	C1%	C3%	C6%	C8%	C9%
-	-	0.00	0.34	8.06	13.97	0.26
0	0	0.03	2.69	54.35	15.11	0.00
0	4	0.00	0.00	0.77	0.40	2.11
1	1	0.00	0.00	0.99	0.40	0.00
1	5	0.00	0.00	0.19	1.18	0.00
2	2	0.00	0.00	0.37	0.99	0.00
2	6	0.00	0.00	5.29	93.09	0.00
3	3	0.00	0.00	1.17	0.30	0.00
3	7	0.00	0.05	1.39	0.30	0.00
Core	CPU	C1%	C3%	C6%	C8%	C9%
-	-	0.00	0.31	7.51	14.64	1.98
0	0	0.04	2.46	52.46	17.06	0.00
0	4	0.00	0.02	0.77	0.00	15.85
1	1	0.00	0.00	0.10	3.75	0.00
1	5	0.00	0.00	0.18	0.70	0.00
2	2	0.00	0.00	0.36	0.60	0.00
2	6	0.00	0.00	5.26	93.10	0.00
3	3	0.00	0.00	0.32	0.70	0.00
3	7	0.00	0.00	0.62	1.19	0.00
Core	CPU	C1%	C3%	C6%	C8%	C9%
-	-	0.00	0.64	8.45	13.23	1.80
0	0	0.02	5.03	56.17	10.24	0.00
0	4	0.00	0.00	1.04	0.11	14.44
1	1	0.00	0.00	0.82	2.38	0.00
1	5	0.00	0.01	1.54	0.50	0.00
2	2	0.00	0.00	0.10	1.18	0.00
2	6	0.00	0.06	6.92	88.97	0.00
3	3	0.00	0.00	0.55	1.09	0.00
3	7	0.00	0.00	0.46	1.38	0.00
Core	CPU	C1%	C3%	C6%	C8%	C9%
-	-	0.00	0.22	7.52	14.44	1.27
0	0	0.04	1.70	50.89	19.31	0.00
0	4	0.00	0.00	0.37	0.70	10.19
1	1	0.00	0.00	0.36	0.69	0.00
1	5	0.00	0.00	0.25	0.89	0.00
2	2	0.00	0.00	0.63	0.00	0.00
2	6	0.00	0.03	6.01	79.83	0.00
3	3	0.00	0.00	1.00	12.99	0.00
3	7	0.00	0.03	0.65	1.08	0.00
Core	CPU	C1%	C3%	C6%	C8%	C9%
-	-	0.04	1.89	9.49	11.74	0.00
0	0	0.00	0.04	10.86	0.40	0.00
0	4	0.00	0.00	0.58	0.51	0.00
1	1	0.00	0.00	0.19	0.79	0.00
1	5	0.00	0.00	0.35	0.80	0.00
2	2	0.00	0.00	0.45	0.60	0.00
2	6	0.00	0.02	7.14	90.28	0.00
3	3	0.29	15.08	55.43	0.00	0.00
3	7	0.00	0.00	0.90	0.50	0.00
Core	CPU	C1%	C3%	C6%	C8%	C9%
-	-	0.00	0.38	7.95	14.26	0.54
0	0	0.02	2.98	54.45	14.62	0.00
0	4	0.00	0.00	0.34	0.71	4.30
1	1	0.00	0.00	0.42	3.47	0.00
1	5	0.00	0.02	0.20	0.99	0.00
2	2	0.00	0.00	0.20	0.90	0.00
2	6	0.00	0.00	3.59	54.66	0.00
3	3	0.00	0.00	1.15	0.49	0.00
3	7	0.00	0.03	3.29	38.26	0.00
Core	CPU	C1%	C3%	C6%	C8%	C9%
-	-	0.00	0.43	8.98	15.13	2.99
0	0	0.02	3.42	56.60	12.08	0.00
0	4	0.00	0.00	0.48	0.30	23.93
1	1	0.00	0.00	5.70	13.44	0.00
1	5	0.00	0.00	0.23	0.80	0.00
2	2	0.00	0.00	0.82	0.40	0.00
2	6	0.00	0.01	0.79	0.30	0.00
3	3	0.00	0.00	1.11	1.68	0.00
3	7	0.00	0.01	6.09	92.05	0.00
Core	CPU	C1%	C3%	C6%	C8%	C9%
-	-	0.09	0.57	7.95	13.93	2.86
0	0	0.03	4.54	55.57	10.68	0.00
0	4	0.00	0.02	0.76	0.40	22.89
1	1	0.68	0.00	0.47	5.54	0.00
1	5	0.00	0.00	0.19	1.18	0.00
2	2	0.00	0.00	0.36	1.08	0.00
2	6	0.00	0.00	0.34	0.99	0.00
3	3	0.00	0.00	0.42	1.29	0.00
3	7	0.00	0.01	5.45	90.23	0.00
Core	CPU	C1%	C3%	C6%	C8%	C9%
-	-	0.01	0.13	6.93	15.14	0.16
0	0	0.05	1.00	48.12	22.69	0.00
0	4	0.00	0.00	0.76	0.21	1.29
1	1	0.00	0.00	0.19	1.71	0.00
1	5	0.00	0.00	0.19	0.99	0.00
2	2	0.00	0.00	0.28	1.09	0.00
2	6	0.00	0.02	3.78	68.57	0.00
3	3	0.00	0.00	0.15	0.49	0.00
3	7	0.00	0.03	2.00	25.38	0.00
Core	CPU	C1%	C3%	C6%	C8%	C9%
-	-	0.09	0.28	7.35	15.04	0.00
0	0	0.04	2.14	48.42	21.44	0.00
0	4	0.00	0.00	1.44	0.00	0.00
1	1	0.68	0.00	0.14	4.73	0.00
1	5	0.00	0.00	0.20	0.89	0.00
2	2	0.00	0.00	0.10	1.00	0.00
2	6	0.00	0.10	7.29	90.20	0.00
3	3	0.00	0.00	0.28	0.69	0.00
3	7	0.00	0.00	0.92	1.39	0.00
Core	CPU	C1%	C3%	C6%	C8%	C9%
-	-	0.00	0.26	7.48	14.66	0.00
0	0	0.04	2.04	50.97	18.75	0.00
0	4	0.00	0.00	0.97	0.11	0.00
1	1	0.00	0.00	0.28	1.50	0.00
1	5	0.00	0.00	0.46	0.59	0.00
2	2	0.00	0.00	0.34	0.98	0.00
2	6	0.00	0.03	2.50	25.53	0.00
3	3	0.00	0.00	0.49	2.18	0.00
3	7	0.00	0.00	3.84	67.66	0.00
Core	CPU	C1%	C3%	C6%	C8%	C9%
-	-	0.00	0.21	7.34	14.61	0.01
0	0	0.04	1.62	49.64	20.59	0.00
0	4	0.00	0.00	0.32	0.80	0.06
1	1	0.00	0.00	0.29	1.29	0.00
1	5	0.00	0.00	0.27	1.19	0.00
2	2	0.00	0.00	0.26	0.50	0.00
2	6	0.00	0.04	7.37	90.85	0.00
3	3	0.00	0.02	0.20	0.50	0.00
3	7	0.00	0.00	0.40	1.20	0.00
Core	CPU	C1%	C3%	C6%	C8%	C9%
-	-	0.00	0.52	7.22	14.60	4.00
0	0	0.04	4.10	49.83	17.27	0.00
0	4	0.00	0.00	0.32	0.31	31.99
1	1	0.00	0.00	1.18	4.86	0.00
1	5	0.00	0.00	0.18	0.99	0.00
2	2	0.00	0.00	0.87	0.49	0.00
2	6	0.00	0.00	1.46	19.77	0.00
3	3	0.00	0.00	0.25	0.98	0.00
3	7	0.00	0.04	3.68	72.08	0.00
Core	CPU	C1%	C3%	C6%	C8%	C9%
-	-	0.00	0.24	7.10	14.84	1.46
0	0	0.04	1.87	49.21	20.71	0.00
0	4	0.00	0.00	1.16	0.29	11.64
1	1	0.00	0.00	0.15	1.30	0.00
1	5	0.00	0.00	0.13	0.79	0.00
2	2	0.00	0.00	0.30	0.89	0.00
2	6	0.00	0.03	0.60	7.79	0.00
3	3	0.00	0.00	0.28	0.69	0.00
3	7	0.00	0.00	4.99	86.25	0.00
Core	CPU	C1%	C3%	C6%	C8%	C9%
-	-	0.00	0.38	7.80	14.62	0.35
0	0	0.03	3.00	53.79	15.28	0.00
0	4	0.00	0.00	0.66	0.71	2.09
1	1	0.00	0.00	0.66	3.47	0.00
1	5	0.00	0.00	0.53	0.79	0.00
2	2	0.00	0.00	0.34	0.89	0.00
2	6	0.00	0.02	0.91	13.58	0.71
3	3	0.00	0.00	0.81	1.29	0.00
3	7	0.00	0.01	4.67	80.94	0.00
Core	CPU	C1%	C3%	C6%	C8%	C9%
-	-	0.01	0.14	7.19	15.40	0.25
0	0	0.05	1.04	48.63	22.13	0.00
0	4	0.00	0.00	0.52	0.70	1.98
1	1	0.00	0.01	0.96	4.21	0.00
1	5	0.00	0.00	0.10	1.09	0.00
2	2	0.00	0.00	0.28	0.89	0.00
2	6	0.00	0.02	4.84	81.19	0.00
3	3	0.00	0.00	0.33	0.90	0.00
3	7	0.00	0.01	1.86	12.11	0.00
Core	CPU	C1%	C3%	C6%	C8%	C9%
-	-	0.00	0.50	9.67	19.98	2.06
0	0	0.02	3.83	58.91	10.21	0.00
0	4	0.00	0.00	0.76	0.29	16.49
1	1	0.00	0.00	9.40	22.72	0.00
1	5	0.00	0.00	0.42	1.88	0.00
2	2	0.00	0.00	0.49	0.99	0.00
2	6	0.00	0.08	5.77	92.60	0.00
3	3	0.00	0.00	0.28	0.99	0.00
3	7	0.01	0.09	1.32	30.15	0.00
Core	CPU	C1%	C3%	C6%	C8%	C9%
-	-	0.01	0.52	7.95	13.97	3.06
0	0	0.03	4.12	52.89	14.02	0.00
0	4	0.00	0.00	0.80	0.21	21.00
1	1	0.00	0.00	0.66	4.55	0.00
1	5	0.02	0.00	0.35	1.18	3.47
2	2	0.00	0.00	0.92	0.39	0.00
2	6	0.00	0.07	6.54	89.49	0.00
3	3	0.00	0.00	0.59	0.98	0.00
3	7	0.00	0.00	0.88	0.90	0.00
Core	CPU	C1%	C3%	C6%	C8%	C9%
-	-	0.00	0.29	7.52	15.03	0.71
0	0	0.03	2.16	51.04	18.65	0.00
0	4	0.00	0.00	0.49	0.27	5.71
1	1	0.00	0.00	0.29	5.42	0.00
1	5	0.00	0.00	0.47	1.37	0.00
2	2	0.00	0.00	0.16	0.40	0.00
2	6	0.00	0.05	6.34	91.92	0.00
3	3	0.00	0.12	0.96	1.30	0.00
3	7	0.00	0.00	0.41	0.91	0.00
Core	CPU	C1%	C3%	C6%	C8%	C9%
-	-	0.00	0.47	8.17	14.39	1.12
0	0	0.02	3.72	56.00	12.62	0.00
0	4	0.00	0.00	1.02	1.10	8.05
1	1	0.00	0.00	0.39	6.38	0.00
1	5	0.00	0.00	0.26	0.70	0.89
2	2	0.00	0.00	0.09	0.49	0.00
2	6	0.00	0.03	6.67	91.69	0.00
3	3	0.00	0.00	0.45	0.89	0.00
3	7	0.00	0.01	0.45	1.28	0.00
Core	CPU	C1%	C3%	C6%	C8%	C9%
-	-	0.00	0.44	8.22	15.16	3.94
0	0	0.03	3.49	55.06	13.48	0.00
0	4	0.00	0.00	0.35	0.70	31.50
1	1	0.00	0.00	3.98	10.18	0.00
1	5	0.00	0.02	0.49	0.60	0.00
2	2	0.00	0.00	0.19	0.70	0.00
2	6	0.00	0.00	0.65	9.36	0.00
3	3	0.00	0.00	0.36	0.70	0.00
3	7	0.00	0.01	4.71	85.55	0.00
Core	CPU	C1%	C3%	C6%	C8%	C9%
-	-	0.00	0.55	8.56	13.94	4.67
0	0	0.03	4.39	60.12	7.77	0.00
0	4	0.00	0.00	0.77	0.19	37.34
1	1	0.00	0.00	0.36	7.70	0.00
1	5	0.00	0.00	0.43	1.57	0.00
2	2	0.00	0.00	0.32	0.50	0.00
2	6	0.00	0.00	0.19	0.69	0.00
3	3	0.00	0.00	0.30	0.69	0.00
3	7	0.00	0.03	5.95	92.39	0.00
Core	CPU	C1%	C3%	C6%	C8%	C9%
-	-	0.00	0.48	7.59	13.93	0.00
0	0	0.03	3.68	51.42	16.09	0.00
0	4	0.00	0.04	0.93	0.00	0.00
1	1	0.00	0.00	0.26	1.80	0.00
1	5	0.00	0.00	0.24	1.09	0.00
2	2	0.00	0.00	0.32	0.80	0.00
2	6	0.00	0.08	4.89	67.55	0.00
3	3	0.00	0.01	0.90	1.47	0.00
3	7	0.00	0.03	1.77	22.64	0.00
Core	CPU	C1%	C3%	C6%	C8%	C9%
-	-	0.01	0.17	7.20	14.89	1.12
0	0	0.05	1.29	49.00	21.45	0.00
0	4	0.00	0.00	0.78	0.29	8.92
1	1	0.00	0.00	0.28	1.89	0.00
1	5	0.00	0.00	0.27	0.89	0.00
2	2	0.00	0.00	0.15	0.59	0.00
2	6	0.00	0.04	2.39	30.01	0.00
3	3	0.00	0.02	0.30	0.40	0.00
3	7	0.00	0.00	4.42	63.57	0.00
Core	CPU	C1%	C3%	C6%	C8%	C9%
-	-	0.00	0.44	7.72	14.26	2.84
0	0	0.02	3.47	53.73	14.85	0.00
0	4	0.00	0.00	0.38	0.71	22.12
1	1	0.00	0.00	3.04	53.19	0.00
1	5	0.00	0.00	0.41	1.49	0.00
2	2	0.00	0.00	0.26	0.89	0.00
2	6	0.00	0.02	0.87	5.42	0.61
3	3	0.00	0.02	0.29	0.50	0.00
3	7	0.00	0.00	2.78	37.00	0.00
Core	CPU	C1%	C3%	C6%	C8%	C9%
-	-	0.01	0.14	6.96	15.10	2.40
0	0	0.05	1.14	47.91	22.64	0.00
0	4	0.00	0.00	0.24	0.49	19.18
1	1	0.00	0.02	5.47	92.84	0.00
1	5	0.00	0.00	0.58	0.70	0.00
2	2	0.00	0.00	0.19	0.99	0.00
2	6	0.00	0.00	0.57	0.69	0.00
3	3	0.00	0.00	0.36	1.28	0.00
3	7	0.00	0.00	0.34	1.19	0.00
Core	CPU	C1%	C3%	C6%	C8%	C9%
-	-	0.00	0.22	7.27	14.81	0.00
0	0	0.04	1.71	50.84	19.25	0.00
0	4	0.00	0.00	0.37	0.79	0.00
1	1	0.00	0.00	4.47	93.89	0.00
1	5	0.00	0.00	0.32	0.70	0.00
2	2	0.00	0.02	0.29	0.89	0.00
2	6	0.00	0.00	0.10	0.99	0.00
3	3	0.00	0.00	1.06	1.07	0.00
3	7	0.00	0.00	0.68	0.89	0.00
Core	CPU	C1%	C3%	C6%	C8%	C9%
-	-	0.00	0.49	7.84	14.73	0.79
0	0	0.03	3.87	53.28	13.51	0.00
0	4	0.00	0.00	0.49	0.40	6.33
1	1	0.00	0.01	4.93	90.94	0.00
1	5	0.00	0.00	0.40	0.79	0.00
2	2	0.00	0.00	2.20	8.13	0.00
2	6	0.00	0.00	0.43	2.17	0.00
3	3	0.00	0.01	0.49	0.89	0.00
3	7	0.00	0.00	0.50	1.00	0.00
Core	CPU	C1%	C3%	C6%	C8%	C9%
-	-	0.01	2.13	12.47	8.06	6.56
0	0	0.00	2.35	38.05	24.97	0.00
0	4	0.00	0.03	0.63	0.21	52.47
1	1	0.04	14.61	55.65	0.10	0.00
1	5	0.00	0.00	0.48	0.59	0.00
2	2	0.00	0.00	0.56	4.25	0.00
2	6	0.00	0.00	0.36	0.88	0.00
3	3	0.00	0.02	0.77	0.00	0.00
3	7	0.00	0.01	3.22	33.48	0.00
Core	CPU	C1%	C3%	C6%	C8%	C9%
-	-	0.02	1.89	9.37	12.48	0.00
0	0	0.00	0.21	11.48	1.57	0.00
0	4	0.00	0.00	0.45	0.99	0.00
1	1	0.14	14.87	55.68	0.00	0.00
1	5	0.00	0.00	0.42	1.11	0.00
2	2	0.00	0.02	0.48	0.90	0.00
2	6	0.00	0.00	0.36	1.09	0.00
3	3	0.00	0.02	0.57	1.09	0.00
3	7	0.00	0.00	5.48	93.09	0.00
Core	CPU	C1%	C3%	C6%	C8%	C9%
-	-	0.00	1.85	9.36	12.52	0.06
0	0	0.00	0.21	9.91	2.17	0.00
0	4	0.00	0.00	0.28	1.01	0.51
1	1	0.03	14.52	55.70	0.00	0.00
1	5	0.00	0.00	0.54	1.22	0.00
2	2	0.00	0.00	0.37	0.88	0.00
2	6	0.00	0.02	0.53	1.29	0.00
3	3	0.00	0.01	1.83	0.70	0.00
3	7	0.00	0.00	5.69	92.87	0.00
Core	CPU	C1%	C3%	C6%	C8%	C9%
-	-	0.01	1.93	9.30	12.95	2.12
0	0	0.00	0.96	11.54	5.87	0.14
0	4	0.00	0.01	0.37	0.88	16.84
1	1	0.07	14.38	55.93	0.00	0.00
1	5	0.00	0.00	0.27	0.89	0.00
2	2	0.00	0.01	0.29	0.81	0.00
2	6	0.00	0.00	0.23	0.80	0.00
3	3	0.00	0.04	0.78	0.79	0.00
3	7	0.00	0.00	4.97	93.59	0.00
Core	CPU	C1%	C3%	C6%	C8%	C9%
-	-	0.01	2.04	8.75	11.96	0.00
0	0	0.00	0.38	7.78	2.44	0.00
0	4	0.00	0.00	0.19	0.91	0.00
1	1	0.10	15.92	53.97	0.00	0.00
1	5	0.00	0.00	0.54	0.20	0.00
2	2	0.00	0.00	0.35	0.80	0.00
2	6	0.00	0.00	0.19	1.19	0.00
3	3	0.00	0.03	0.50	0.50	0.00
3	7	0.00	0.00	6.53	89.67	0.00
Core	CPU	C1%	C3%	C6%	C8%	C9%
-	-	0.01	0.15	6.97	15.10	0.00
0	0	0.04	1.18	47.61	22.88	0.00
0	4	0.00	0.00	0.74	0.00	0.00
1	1	0.00	0.03	1.09	0.40	0.00
1	5	0.00	0.00	0.76	0.10	0.00
2	2	0.00	0.00	0.30	0.98	0.00
2	6	0.00	0.00	0.28	1.58	0.00
3	3	0.00	0.00	0.47	1.09	0.00
3	7	0.00	0.02	4.50	93.75	0.00
Core	CPU	C1%	C3%	C6%	C8%	C9%
-	-	0.01	0.15	6.42	15.88	0.00
0	0	0.05	1.19	44.03	26.52	0.00
0	4	0.00	0.00	0.27	0.65	0.00
1	1	0.00	0.00	0.45	1.60	0.00
1	5	0.00	0.00	0.33	0.89	0.00
2	2	0.00	0.02	0.29	0.99	0.00
2	6	0.00	0.00	0.33	1.77	0.00
3	3	0.00	0.00	0.76	1.30	0.00
3	7	0.00	0.00	4.91	93.30	0.00
Core	CPU	C1%	C3%	C6%	C8%	C9%
-	-	0.01	0.14	6.99	14.89	0.00
0	0	0.04	1.06	48.42	22.33	0.00
0	4	0.00	0.00	0.62	0.00	0.00
1	1	0.00	0.01	5.15	92.69	0.00
1	5	0.00	0.00	0.37	0.89	0.00
2	2	0.00	0.00	0.15	0.60	0.00
2	6	0.00	0.03	0.63	0.69	0.00
3	3	0.00	0.00	0.31	1.01	0.00
3	7	0.00	0.00	0.29	0.88	0.00
Core	CPU	C1%	C3%	C6%	C8%	C9%
-	-	0.00	0.29	7.38	14.77	2.29
0	0	0.03	2.32	52.17	18.10	0.00
0	4	0.00	0.00	0.62	0.00	18.33
1	1	0.00	0.00	4.38	93.65	0.00
1	5	0.00	0.00	0.23	1.35	0.00
2	2	0.00	0.00	0.47	1.18	0.00
2	6	0.00	0.00	0.44	1.08	0.00
3	3	0.00	0.00	0.45	1.40	0.00
3	7	0.00	0.03	0.31	1.43	0.00
Core	CPU	C1%	C3%	C6%	C8%	C9%
-	-	0.00	0.49	7.24	14.10	0.50
0	0	0.03	3.62	50.50	17.16	0.00
0	4	0.00	0.00	0.52	0.60	4.00
1	1	0.00	0.00	4.84	91.06	0.00
1	5	0.00	0.27	0.38	0.90	0.03
2	2	0.00	0.00	0.28	0.79	0.00
2	6	0.00	0.00	0.34	0.90	0.00
3	3	0.00	0.00	0.56	1.01	0.00
3	7	0.00	0.00	0.52	0.40	0.00
Core	CPU	C1%	C3%	C6%	C8%	C9%
-	-	0.01	0.97	10.31	14.74	1.33
0	0	0.02	2.68	55.14	23.09	0.00
0	4	0.00	0.00	0.54	0.58	10.61
1	1	0.03	4.86	24.02	59.75	0.00
1	5	0.00	0.02	0.19	0.89	0.00
2	2	0.00	0.00	0.10	2.29	0.00
2	6	0.00	0.00	0.19	0.79	0.00
3	3	0.00	0.03	1.38	1.09	0.00
3	7	0.01	0.19	0.92	29.44	0.00
Core	CPU	C1%	C3%	C6%	C8%	C9%
-	-	0.00	2.39	13.11	7.41	10.51
0	0	0.00	3.73	46.80	45.55	0.00
0	4	0.00	0.01	0.84	0.47	84.08
1	1	0.00	15.36	54.88	0.00	0.00
1	5	0.00	0.00	0.45	0.80	0.00
2	2	0.00	0.00	0.50	9.90	0.00
2	6	0.00	0.02	0.25	1.58	0.00
3	3	0.00	0.02	0.31	0.69	0.00
3	7	0.00	0.00	0.84	0.30	0.00
Core	CPU	C1%	C3%	C6%	C8%	C9%
-	-	0.00	2.33	13.28	7.42	10.11
0	0	0.00	3.73	46.86	45.51	0.00
0	4	0.00	0.00	0.40	0.81	80.90
1	1	0.01	14.84	55.39	0.00	0.00
1	5	0.00	0.00	0.28	0.69	0.00
2	2	0.00	0.00	0.47	8.42	0.00
2	6	0.00	0.00	0.63	2.04	0.00
3	3	0.00	0.02	1.43	0.80	0.00
3	7	0.00	0.03	0.78	1.10	0.00
Core	CPU	C1%	C3%	C6%	C8%	C9%
-	-	0.00	2.33	13.60	6.31	11.22
0	0	0.00	3.61	51.02	40.84	0.00
0	4	0.00	0.00	0.69	0.90	89.75
1	1	0.00	14.96	55.23	0.00	0.00
1	5	0.00	0.00	0.32	1.00	0.00
2	2	0.00	0.02	0.29	4.72	0.00
2	6	0.00	0.00	0.09	1.10	0.00
3	3	0.00	0.02	0.79	0.99	0.00
3	7	0.00	0.00	0.37	0.88	0.00
Core	CPU	C1%	C3%	C6%	C8%	C9%
-	-	0.00	0.36	7.50	14.22	3.42
0	0	0.03	2.85	50.14	17.14	0.00
0	4	0.00	0.01	0.78	0.49	27.36
1	1	0.00	0.00	1.27	0.59	0.00
1	5	0.00	0.00	1.15	1.19	0.00
2	2	0.00	0.00	4.60	91.05	0.00
2	6	0.00	0.00	0.31	0.89	0.00
3	3	0.00	0.00	1.50	1.69	0.00
3	7	0.00	0.00	0.29	0.70	0.00
Core	CPU	C1%	C3%	C6%	C8%	C9%
-	-	0.00	0.50	8.62	14.82	3.56
0	0	0.02	3.97	57.65	10.71	0.00
0	4	0.00	0.00	2.21	1.74	28.50
1	1	0.00	0.00	1.94	9.76	0.00
1	5	0.00	0.00	0.20	0.99	0.00
2	2	0.00	0.00	1.86	24.72	0.00
2	6	0.00	0.00	0.39	0.89	0.00
3	3	0.00	0.04	4.32	68.90	0.00
3	7	0.00	0.00	0.39	0.89	0.00
Core	CPU	C1%	C3%	C6%	C8%	C9%
-	-	0.01	0.28	7.19	14.88	0.39
0	0	0.04	2.23	48.19	21.41	0.00
0	4	0.00	0.00	0.92	0.31	2.42
1	1	0.00	0.00	0.23	0.99	0.00
1	5	0.00	0.02	0.78	0.98	0.00
2	2	0.00	0.00	6.00	88.14	0.00
2	6	0.07	0.03	0.37	0.98	0.00
3	3	0.00	0.00	0.76	5.03	0.00
3	7	0.00	0.00	0.29	1.19	0.71
Core	CPU	C1%	C3%	C6%	C8%	C9%
-	-	0.01	0.01	6.37	15.71	0.13
0	0	0.06	0.12	43.07	28.33	0.00
0	4	0.00	0.00	0.95	0.21	0.00
1	1	0.00	0.00	0.05	0.99	0.00
1	5	0.00	0.00	0.23	0.89	0.00
2	2	0.00	0.00	5.62	92.66	0.00
2	6	0.00	0.00	0.19	1.08	1.00
3	3	0.00	0.00	0.49	1.19	0.00
3	7	0.00	0.00	0.35	0.30	0.00
Core	CPU	C1%	C3%	C6%	C8%	C9%
-	-	0.00	0.43	8.80	14.65	1.39
0	0	0.02	3.40	57.04	11.76	0.00
0	4	0.00	0.00	1.90	1.35	11.08
1	1	0.00	0.00	2.83	7.47	0.00
1	5	0.00	0.00	0.23	1.19	0.00
2	2	0.00	0.00	2.16	26.28	0.00
2	6	0.00	0.01	1.15	1.27	0.00
3	3	0.00	0.06	4.72	66.93	0.00
3	7	0.00	0.00	0.37	0.98	0.00
Core	CPU	C1%	C3%	C6%	C8%	C9%
-	-	0.00	0.57	7.74	13.52	3.54
0	0	0.02	4.51	53.84	12.96	0.00
0	4	0.00	0.03	0.70	0.00	28.30
1	1	0.00	0.00	0.58	2.96	0.00
1	5	0.00	0.00	0.22	0.86	0.00
2	2	0.00	0.00	1.99	25.49	0.00
2	6	0.00	0.03	0.12	0.49	0.00
3	3	0.00	0.01	3.99	65.31	0.00
3	7	0.00	0.00	0.49	0.11	0.00
Core	CPU	C1%	C3%	C6%	C8%	C9%
-	-	0.00	0.24	7.70	14.90	2.75
0	0	0.02	1.84	50.98	19.05	0.00
0	4	0.00	0.03	1.45	0.62	21.41
1	1	0.00	0.00	0.20	1.09	0.00
1	5	0.00	0.00	0.53	1.98	0.00
2	2	0.00	0.00	5.27	93.10	0.00
2	6	0.00	0.02	0.52	2.28	0.61
3	3	0.00	0.00	1.14	0.61	0.00
3	7	0.00	0.02	1.49	0.49	0.00
Core	CPU	C1%	C3%	C6%	C8%	C9%
-	-	0.02	0.60	8.80	14.87	1.80
0	0	0.12	3.62	53.50	10.33	0.00
0	4	0.00	0.00	0.34	0.41	13.69
1	1	0.00	0.00	2.99	11.76	0.00
1	5	0.00	0.00	0.60	0.29	0.00
2	2	0.00	0.00	4.51	75.23	0.00
2	6	0.00	0.02	0.59	0.80	0.69
3	3	0.03	1.19	7.28	19.01	0.00
3	7	0.00	0.00	0.59	1.18	0.00
Core	CPU	C1%	C3%	C6%	C8%	C9%
-	-	0.01	1.81	8.92	12.26	0.00
0	0	0.00	0.24	7.81	1.08	0.00
0	4	0.00	0.00	0.46	0.50	0.00
1	1	0.00	0.00	0.25	1.11	0.00
1	5	0.00	0.00	0.31	0.99	0.00
2	2	0.00	0.01	0.48	8.54	0.00
2	6	0.09	14.17	56.04	0.20	0.00
3	3	0.00	0.04	5.43	84.83	0.00
3	7	0.00	0.00	0.59	0.79	0.00
Core	CPU	C1%	C3%	C6%	C8%	C9%
-	-	0.00	1.88	9.67	13.13	0.53
0	0	0.00	0.44	13.32	5.19	0.14
0	4	0.00	0.00	0.47	1.27	4.14
1	1	0.00	0.05	0.69	0.99	0.00
1	5	0.00	0.00	0.58	1.78	0.00
2	2	0.00	0.02	4.97	93.63	0.00
2	6	0.03	14.54	55.60	0.00	0.00
3	3	0.00	0.00	1.01	1.29	0.00
3	7	0.00	0.00	0.74	0.89	0.00
Core	CPU	C1%	C3%	C6%	C8%	C9%
-	-	0.01	2.09	9.09	12.59	0.03
0	0	0.00	0.33	10.39	3.15	0.14
0	4	0.00	0.00	0.36	1.12	0.00
1	1	0.00	0.00	0.38	1.69	0.00
1	5	0.00	0.00	0.46	1.68	0.14
2	2	0.00	0.00	4.65	75.55	0.00
2	6	0.05	16.40	53.85	0.00	0.00
3	3	0.00	0.03	2.34	16.29	0.00
3	7	0.00	0.00	0.30	1.28	0.00
Core	CPU	C1%	C3%	C6%	C8%	C9%
-	-	0.01	1.85	9.20	12.43	0.00
0	0	0.00	0.34	9.45	2.54	0.00
0	4	0.00	0.00	0.35	0.80	0.00
1	1	0.00	0.00	0.92	0.30	0.00
1	5	0.00	0.02	0.89	0.40	0.00
2	2	0.00	0.00	0.28	1.28	0.00
2	6	0.07	14.43	55.99	0.00	0.00
3	3	0.00	0.03	5.45	93.12	0.00
3	7	0.00	0.00	0.23	1.00	0.00
Core	CPU	C1%	C3%	C6%	C8%	C9%
-	-	0.00	0.45	7.82	14.40	2.95
0	0	0.03	3.58	52.97	15.53	0.00
0	4	0.00	0.00	0.38	1.27	23.63
1	1	0.00	0.00	0.65	1.00	0.00
1	5	0.00	0.00	0.53	1.09	0.00
2	2	0.00	0.00	2.61	46.85	0.00
2	6	0.00	0.00	1.35	1.09	0.00
3	3	0.00	0.00	3.33	47.27	0.00
3	7	0.00	0.00	0.76	1.08	0.00
Core	CPU	C1%	C3%	C6%	C8%	C9%
-	-	0.01	0.25	7.44	15.04	2.62
0	0	0.05	1.92	50.59	19.31	0.00
0	4	0.00	0.01	0.78	0.49	20.94
1	1	0.00	0.00	0.47	3.50	0.00
1	5	0.00	0.00	0.28	1.18	0.00
2	2	0.00	0.00	2.52	42.73	0.00
2	6	0.00	0.00	0.34	1.28	0.00
3	3	0.00	0.04	3.97	50.50	0.00
3	7	0.00	0.00	0.59	1.37	0.00
Core	CPU	C1%	C3%	C6%	C8%	C9%
-	-	0.00	0.43	8.13	14.69	3.00
0	0	0.03	3.42	56.60	12.08	0.00
0	4	0.00	0.00	0.43	0.58	23.67
1	1	0.00	0.02	1.48	7.02	0.29
1	5	0.00	0.01	0.19	1.10	0.00
2	2	0.00	0.00	4.87	93.60	0.00
2	6	0.00	0.01	0.57	0.38	0.00
3	3	0.00	0.00	0.56	1.70	0.00
3	7	0.00	0.00	0.32	1.09	0.00
Core	CPU	C1%	C3%	C6%	C8%	C9%
-	-	0.01	1.99	9.22	13.09	0.74
0	0	0.00	0.63	13.81	8.15	0.00
0	4	0.00	0.00	0.27	1.08	5.07
1	1	0.00	0.00	0.35	0.89	0.00
1	5	0.00	0.00	0.33	1.10	0.00
2	2	0.00	0.02	4.59	91.62	0.00
2	6	0.06	15.24	53.58	0.00	0.81
3	3	0.00	0.01	0.41	1.08	0.00
3	7	0.00	0.00	0.45	0.79	0.00
Core	CPU	C1%	C3%	C6%	C8%	C9%
-	-	0.01	1.95	9.58	13.66	1.15
0	0	0.00	0.85	14.79	9.85	0.00
0	4	0.00	0.00	0.27	1.41	9.17
1	1	0.00	0.00	0.38	0.90	0.00
1	5	0.00	0.00	0.36	0.79	0.00
2	2	0.00	0.00	4.16	94.46	0.00
2	6	0.12	14.69	55.33	0.00	0.00
3	3	0.00	0.08	1.14	1.00	0.00
3	7	0.00	0.00	0.20	0.88	0.00
Core	CPU	C1%	C3%	C6%	C8%	C9%
-	-	0.00	2.06	9.94	14.00	4.68
0	0	0.00	1.27	17.14	15.34	0.07
0	4	0.00	0.02	0.58	0.49	37.34
1	1	0.00	0.00	0.72	0.40	0.00
1	5	0.00	0.00	0.74	0.60	0.00
2	2	0.00	0.02	4.30	94.31	0.00
2	6	0.03	15.13	55.12	0.00	0.00
3	3	0.00	0.04	0.83	0.30	0.00
3	7	0.00	0.00	0.14	0.59	0.00
Core	CPU	C1%	C3%	C6%	C8%	C9%
-	-	0.00	0.41	8.89	16.06	3.24
0	0	0.03	3.26	54.68	14.09	0.00
0	4	0.00	0.00	0.62	0.10	25.96
1	1	0.00	0.00	8.66	17.51	0.00
1	5	0.00	0.00	0.54	1.19	0.00
2	2	0.00	0.00	4.72	93.73	0.00
2	6	0.00	0.02	0.99	0.40	0.00
3	3	0.00	0.02	0.51	0.61	0.00
3	7	0.00	0.00	0.38	0.89	0.00
Core	CPU	C1%	C3%	C6%	C8%	C9%
-	-	0.01	1.52	9.25	17.12	2.69
0	0	0.01	1.11	21.68	10.40	0.03
0	4	0.00	0.00	0.77	0.00	21.47
1	1	0.00	0.00	0.14	1.68	0.00
1	5	0.00	0.01	0.26	1.08	0.00
2	2	0.00	0.00	5.66	92.98	0.00
2	6	0.03	10.95	44.34	0.69	0.00
3	3	0.00	0.02	0.45	0.69	0.00
3	7	0.01	0.10	0.70	29.49	0.00
Core	CPU	C1%	C3%	C6%	C8%	C9%
-	-	0.00	0.36	7.16	15.19	0.09
0	0	0.04	2.84	47.32	20.71	0.00
0	4	0.00	0.00	0.63	0.61	0.69
1	1	0.00	0.00	0.23	2.80	0.00
1	5	0.00	0.03	0.97	3.78	0.00
2	2	0.00	0.00	4.32	91.40	0.00
2	6	0.00	0.00	0.88	0.30	0.00
3	3	0.00	0.03	2.13	1.08	0.00
3	7	0.00	0.00	0.82	0.79	0.00
Core	CPU	C1%	C3%	C6%	C8%	C9%
-	-	0.00	0.53	8.65	13.31	4.80
0	0	0.01	4.20	60.45	7.67	0.00
0	4	0.00	0.00	0.68	0.09	38.38
1	1	0.00	0.00	0.36	0.69	0.00
1	5	0.00	0.00	0.91	0.99	0.00
2	2	0.00	0.01	5.14	93.35	0.00
2	6	0.00	0.00	0.33	0.31	0.00
3	3	0.00	0.04	0.47	2.17	0.00
3	7	0.00	0.00	0.86	1.19	0.00
Core	CPU	C1%	C3%	C6%	C8%	C9%
-	-	0.00	1.92	9.03	12.63	0.91
0	0	0.00	0.33	9.02	5.40	0.00
0	4	0.00	0.00	0.69	0.00	6.36
1	1	0.00	0.00	0.19	0.79	0.00
1	5	0.00	0.00	0.35	0.80	0.00
2	2	0.00	0.00	6.36	92.15	0.00
2	6	0.01	15.03	54.98	0.00	0.00
3	3	0.00	0.03	0.40	1.11	0.00
3	7	0.00	0.00	0.26	0.80	0.90
Core	CPU	C1%	C3%	C6%	C8%	C9%
-	-	0.00	1.96	9.67	14.09	2.31
0	0	0.00	1.04	15.60	12.16	0.00
0	4	0.00	0.00	0.72	0.42	18.45
1	1	0.00	0.00	0.32	1.49	0.00
1	5	0.00	0.02	0.28	1.20	0.00
2	2	0.00	0.00	3.18	84.82	0.00
2	6	0.02	14.59	55.52	0.00	0.00
3	3	0.00	0.00	1.14	11.93	0.00
3	7	0.00	0.00	0.62	0.70	0.00
Core	CPU	C1%	C3%	C6%	C8%	C9%
-	-	0.00	1.91	9.80	13.34	0.37
0	0	0.00	0.73	15.42	9.21	0.00
0	4	0.00	0.00	0.78	0.29	2.99
1	1	0.00	0.00	0.47	0.39	0.00
1	5	0.00	0.00	0.54	0.79	0.00
2	2	0.00	0.00	4.19	94.47	0.00
2	6	0.03	14.52	55.60	0.00	0.00
3	3	0.00	0.04	0.99	0.80	0.00
3	7	0.00	0.00	0.39	0.78	0.00
Core	CPU	C1%	C3%	C6%	C8%	C9%
-	-	0.01	1.91	9.46	13.20	1.49
0	0	0.00	1.64	24.67	8.74	0.02
0	4	0.00	0.02	0.41	1.11	10.08
1	1	0.00	0.01	0.19	0.40	0.00
1	5	0.00	0.00	0.18	1.49	1.83
2	2	0.00	0.01	4.87	91.43	0.00
2	6	0.08	13.60	44.72	0.30	0.00
3	3	0.00	0.02	0.45	1.08	0.00
3	7	0.00	0.00	0.21	1.09	0.00
Core	CPU	C1%	C3%	C6%	C8%	C9%
-	-	0.00	0.46	7.98	13.93	3.57
0	0	0.02	3.61	56.36	12.16	0.00
0	4	0.00	0.00	0.30	0.51	28.53
1	1	0.00	0.00	0.36	0.79	0.00
1	5	0.00	0.04	0.33	1.47	0.00
2	2	0.00	0.02	4.60	93.84	0.00
2	6	0.00	0.00	0.29	0.40	0.00
3	3	0.00	0.00	0.50	1.09	0.00
3	7	0.00	0.00	1.06	1.18	0.00
Core	CPU	C1%	C3%	C6%	C8%	C9%
-	-	0.00	0.35	7.50	14.43	1.03
0	0	0.04	2.76	50.59	18.60	0.00
0	4	0.00	0.00	1.41	5.56	8.28
1	1	0.00	0.00	0.38	1.49	0.00
1	5	0.00	0.00	1.05	0.50	0.00
2	2	0.00	0.00	1.55	26.98	0.00
2	6	0.00	0.00	0.23	0.89	0.00
3	3	0.00	0.01	4.34	60.30	0.00
3	7	0.00	0.00	0.45	1.09	0.00
Core	CPU	C1%	C3%	C6%	C8%	C9%
-	-	0.00	0.64	11.29	10.53	0.00
0	0	0.00	5.06	65.68	1.49	0.00
0	4	0.00	0.00	21.55	76.86	0.00
1	1	0.00	0.00	0.00	0.50	0.00
1	5	0.00	0.00	0.28	1.19	0.00
2	2	0.00	0.00	0.37	0.89	0.00
2	6	0.00	0.00	0.35	0.99	0.00
3	3	0.00	0.02	1.28	1.88	0.00
3	7	0.00	0.00	0.79	0.49	0.00
Core	CPU	C1%	C3%	C6%	C8%	C9%
-	-	0.01	1.69	9.89	12.37	0.22
0	0	0.01	0.48	13.85	5.39	1.78
0	4	0.00	0.00	6.89	42.51	0.00
1	1	0.00	0.01	0.40	0.79	0.00
1	5	0.00	0.00	0.28	0.80	0.00
2	2	0.08	13.00	52.10	1.58	0.00
2	6	0.00	0.00	0.36	0.99	0.00
3	3	0.00	0.02	4.11	46.32	0.00
3	7	0.00	0.02	1.18	0.59	0.00
Core	CPU	C1%	C3%	C6%	C8%	C9%
-	-	0.02	1.94	9.55	11.66	0.30
0	0	0.00	0.21	11.28	2.41	2.42
0	4	0.00	0.00	5.13	14.89	0.00
1	1	0.00	0.00	0.24	1.10	0.00
1	5	0.00	0.00	0.32	0.99	0.00
2	2	0.18	15.34	54.40	0.00	0.00
2	6	0.00	0.00	0.29	0.70	0.00
3	3	0.00	0.00	3.86	72.81	0.00
3	7	0.00	0.01	0.87	0.39	0.00
Core	CPU	C1%	C3%	C6%	C8%	C9%
-	-	0.01	1.86	11.45	11.20	0.37
0	0	0.00	0.55	13.33	6.09	2.97
0	4	0.00	0.00	20.13	78.37	0.00
1	1	0.00	0.00	0.28	0.90	0.00
1	5	0.00	0.00	0.28	0.89	0.00
2	2	0.10	14.25	56.08	0.00	0.00
2	6	0.00	0.00	0.42	0.90	0.00
3	3	0.00	0.02	0.38	1.10	0.00
3	7	0.00	0.05	0.71	1.38	0.00
Core	CPU	C1%	C3%	C6%	C8%	C9%
-	-	0.00	0.79	11.40	10.28	0.11
0	0	0.01	6.22	64.53	1.60	0.00
0	4	0.00	0.01	23.45	74.64	0.00
1	1	0.00	0.02	0.29	1.79	0.00
1	5	0.00	0.00	0.18	0.60	0.00
2	2	0.00	0.00	0.86	0.39	0.00
2	6	0.00	0.00	0.36	0.88	0.00
3	3	0.00	0.03	0.85	1.18	0.00
3	7	0.00	0.06	0.65	1.18	0.90
Core	CPU	C1%	C3%	C6%	C8%	C9%
-	-	0.00	0.50	10.42	11.70	0.00
0	0	0.00	4.00	63.43	4.70	0.00
0	4	0.00	0.00	16.94	81.41	0.00
1	1	0.00	0.00	0.34	1.29	0.00
1	5	0.00	0.00	0.36	1.79	0.00
2	2	0.00	0.01	0.50	0.99	0.00
2	6	0.00	0.00	0.19	1.09	0.00
3	3	0.00	0.00	0.57	1.19	0.00
3	7	0.00	0.00	1.05	1.19	0.00
Core	CPU	C1%	C3%	C6%	C8%	C9%
-	-	0.00	0.54	10.77	11.37	0.00
0	0	0.01	4.27	63.22	4.54	0.00
0	4	0.00	0.00	19.45	78.91	0.00
1	1	0.00	0.00	0.35	3.79	0.00
1	5	0.00	0.00	0.82	1.19	0.00
2	2	0.00	0.00	0.82	0.50	0.00
2	6	0.00	0.02	0.70	0.00	0.00
3	3	0.00	0.00	0.20	0.89	0.00
3	7	0.00	0.03	0.58	1.18	0.00
Core	CPU	C1%	C3%	C6%	C8%	C9%
-	-	0.00	0.81	10.75	11.51	0.00
0	0	0.01	6.39	62.09	3.51	0.00
0	4	0.00	0.02	18.10	78.15	0.00
1	1	0.00	0.00	0.19	2.47	0.00
1	5	0.00	0.00	0.59	1.70	0.00
2	2	0.00	0.00	0.96	1.66	0.00
2	6	0.00	0.00	0.44	0.79	0.00
3	3	0.00	0.06	2.57	1.47	0.00
3	7	0.00	0.04	1.09	2.35	0.00
Core	CPU	C1%	C3%	C6%	C8%	C9%
-	-	0.00	0.64	11.23	10.55	0.00
0	0	0.00	5.07	65.43	1.71	0.00
0	4	0.00	0.00	21.67	76.73	0.00
1	1	0.00	0.02	0.29	0.99	0.00
1	5	0.00	0.03	0.29	0.91	0.00
2	2	0.00	0.00	0.29	0.88	0.00
2	6	0.00	0.00	0.27	0.79	0.00
3	3	0.00	0.00	0.63	1.38	0.00
3	7	0.00	0.01	0.99	1.01	0.00
Core	CPU	C1%	C3%	C6%	C8%	C9%
-	-	0.00	0.50	8.43	13.73	1.13
0	0	0.02	3.93	57.74	10.58	0.00
0	4	0.00	0.00	2.91	18.20	9.02
1	1	0.00	0.00	0.62	1.38	0.00
1	5	0.00	0.00	0.54	0.79	0.00
2	2	0.00	0.02	0.36	1.19	0.00
2	6	0.00	0.00	0.20	1.48	0.00
3	3	0.00	0.01	3.98	75.02	0.00
3	7	0.00	0.03	1.07	1.18	0.00
Core	CPU	C1%	C3%	C6%	C8%	C9%
-	-	0.01	0.32	7.83	15.19	2.14
0	0	0.02	2.55	52.59	16.74	0.00
0	4	0.00	0.00	0.97	0.48	17.13
1	1	0.00	0.00	0.24	5.27	0.00
1	5	0.00	0.00	0.45	0.89	0.00
2	2	0.05	0.02	1.00	2.58	0.00
2	6	0.00	0.00	0.23	0.89	0.00
3	3	0.00	0.00	6.20	91.71	0.00
3	7	0.00	0.02	0.93	2.97	0.00
Core	CPU	C1%	C3%	C6%	C8%	C9%
-	-	0.00	0.38	8.18	14.61	2.37
0	0	0.03	2.97	55.76	13.34	0.00
0	4	0.00	0.00	1.28	0.00	18.96
1	1	0.00	0.00	0.41	4.99	0.00
1	5	0.00	0.00	0.34	1.59	0.00
2	2	0.00	0.00	0.58	1.09	0.00
2	6	0.00	0.00	0.28	1.08	0.00
3	3	0.00	0.00	5.51	92.88	0.00
3	7	0.00	0.03	1.32	1.89	0.00
Core	CPU	C1%	C3%	C6%	C8%	C9%
-	-	0.00	0.45	7.19	14.59	0.90
0	0	0.04	3.61	49.33	18.29	0.00
0	4	0.00	0.00	1.07	0.18	7.21
1	1	0.00	0.00	0.44	3.73	0.00
1	5	0.00	0.00	0.23	1.09	0.00
2	2	0.00	0.02	0.39	0.99	0.00
2	6	0.00	0.00	0.10	1.09	0.00
3	3	0.00	0.00	5.46	90.38	0.00
3	7	0.00	0.00	0.48	1.00	0.00
Core	CPU	C1%	C3%	C6%	C8%	C9%
-	-	0.03	0.35	8.05	18.29	0.42
0	0	0.04	2.37	52.40	17.78	0.00
0	4	0.15	0.02	1.06	1.62	3.37
1	1	0.00	0.00	0.35	2.99	0.00
1	5	0.00	0.04	4.41	54.68	0.00
2	2	0.03	0.00	0.61	1.30	0.00
2	6	0.00	0.00	0.23	1.00	0.00
3	3	0.00	0.01	3.03	38.79	0.00
3	7	0.01	0.32	2.32	28.15	0.00
Core	CPU	C1%	C3%	C6%	C8%	C9%
-	-	0.00	0.44	8.16	13.63	0.72
0	0	0.03	3.42	55.69	13.05	0.00
0	4	0.00	0.00	0.88	0.19	5.76
1	1	0.00	0.01	0.40	0.89	0.00
1	5	0.00	0.02	0.28	0.70	0.00
2	2	0.00	0.00	0.45	0.80	0.00
2	6	0.00	0.00	0.75	0.69	0.00
3	3	0.00	0.00	5.74	92.63	0.00
3	7	0.00	0.05	1.10	0.10	0.00
Core	CPU	C1%	C3%	C6%	C8%	C9%
-	-	0.00	0.40	8.04	14.22	6.73
0	0	0.03	3.17	55.70	13.25	0.00
0	4	0.00	0.00	0.86	0.21	53.84
1	1	0.00	0.00	0.46	4.73	0.00
1	5	0.00	0.00	4.04	69.58	0.00
2	2	0.00	0.02	0.50	0.30	0.00
2	6	0.00	0.00	0.20	0.90	0.00
3	3	0.00	0.00	1.42	24.40	0.00
3	7	0.00	0.03	1.16	0.39	0.00
Core	CPU	C1%	C3%	C6%	C8%	C9%
-	-	0.01	0.49	8.92	13.17	4.90
0	0	0.01	3.90	61.58	7.01	0.00
0	4	0.00	0.00	0.69	0.11	39.19
1	1	0.00	0.00	0.18	1.28	0.00
1	5	0.00	0.00	4.33	70.85	0.00
2	2	0.02	0.00	0.47	1.67	0.00
2	6	0.00	0.00	0.33	1.09	0.00
3	3	0.00	0.00	3.17	22.44	0.00
3	7	0.09	0.03	0.61	0.88	0.00
Core	CPU	C1%	C3%	C6%	C8%	C9%
-	-	0.00	0.59	8.73	13.09	3.88
0	0	0.02	4.64	59.68	7.33	0.00
0	4	0.00	0.00	0.63	0.20	28.49
1	1	0.00	0.00	0.39	3.68	0.00
1	5	0.00	0.03	6.71	88.51	2.52
2	2	0.00	0.00	0.36	0.98	0.00
2	6	0.00	0.00	0.27	1.18	0.00
3	3	0.00	0.00	0.89	0.89	0.00
3	7	0.00	0.01	0.90	1.95	0.00
Core	CPU	C1%	C3%	C6%	C8%	C9%
-	-	0.01	1.35	9.14	13.69	4.06
0	0	0.01	0.84	24.92	12.01	0.01
0	4	0.00	0.03	0.42	0.20	32.45
1	1	0.00	0.00	0.23	2.51	0.00
1	5	0.00	0.11	7.65	90.70	0.00
2	2	0.07	9.83	38.38	0.81	0.00
2	6	0.00	0.00	0.30	0.88	0.00
3	3	0.00	0.00	0.38	1.57	0.00
3	7	0.00	0.00	0.85	0.79	0.00
Core	CPU	C1%	C3%	C6%	C8%	C9%
-	-	0.01	0.87	8.38	14.28	0.00
0	0	0.03	1.30	34.94	17.71	0.00
0	4	0.00	0.00	0.88	0.31	0.00
1	1	0.00	0.00	0.36	1.11	0.00
1	5	0.05	5.67	23.14	0.40	0.00
2	2	0.00	0.00	1.10	0.30	0.00
2	6	0.00	0.00	0.23	1.09	0.00
3	3	0.00	0.01	5.62	92.36	0.00
3	7	0.00	0.01	0.79	0.98	0.00
Core	CPU	C1%	C3%	C6%	C8%	C9%
-	-	0.05	0.77	9.47	12.97	2.42
0	0	0.02	3.51	51.66	6.54	0.00
0	4	0.00	0.02	0.83	0.49	18.43
1	1	0.00	0.00	0.29	2.56	0.00
1	5	0.00	0.67	6.08	26.25	0.92
2	2	0.22	1.92	8.80	0.50	0.00
2	6	0.00	0.00	0.78	2.04	0.00
3	3	0.00	0.00	6.51	65.18	0.00
3	7	0.20	0.02	0.80	0.19	0.00
Core	CPU	C1%	C3%	C6%	C8%	C9%
-	-	0.00	0.56	8.87	13.11	4.84
0	0	0.02	4.21	59.72	8.33	0.00
0	4	0.00	0.00	1.95	1.88	38.72
1	1	0.00	0.00	0.43	0.50	0.00
1	5	0.00	0.11	6.24	92.02	0.00
2	2	0.00	0.10	0.59	0.00	0.00
2	6	0.00	0.00	0.18	0.89	0.00
3	3	0.00	0.00	0.75	0.99	0.00
3	7	0.00	0.01	1.06	0.29	0.00
Core	CPU	C1%	C3%	C6%	C8%	C9%
-	-	0.00	0.45	8.34	13.87	2.11
0	0	0.03	3.51	57.12	11.69	0.00
0	4	0.00	0.00	0.39	0.29	15.99
1	1	0.00	0.00	0.36	2.98	0.00
1	5	0.00	0.00	3.32	53.36	0.00
2	2	0.00	0.03	1.46	0.99	0.90
2	6	0.00	0.01	0.90	0.49	0.00
3	3	0.00	0.00	2.38	40.19	0.00
3	7	0.00	0.02	0.79	0.98	0.00
Core	CPU	C1%	C3%	C6%	C8%	C9%
-	-	0.00	0.42	8.41	13.90	3.56
0	0	0.02	3.30	59.08	9.91	0.00
0	4	0.00	0.01	0.78	0.11	28.44
1	1	0.00	0.00	0.19	2.38	0.00
1	5	0.00	0.01	0.62	2.17	0.00
2	2	0.00	0.01	0.44	0.99	0.00
2	6	0.00	0.00	0.24	1.19	0.00
3	3	0.00	0.02	5.34	92.97	0.00
3	7	0.00	0.01	0.60	1.48	0.00
Core	CPU	C1%	C3%	C6%	C8%	C9%
-	-	0.02	1.84	9.39	12.27	0.00
0	0	0.00	0.35	8.84	1.59	0.00
0	4	0.00	0.00	0.83	0.30	0.00
1	1	0.00	0.00	0.41	0.41	0.00
1	5	0.00	0.06	5.28	64.87	0.00
2	2	0.13	14.27	56.02	0.00	0.00
2	6	0.00	0.00	0.25	1.09	0.00
3	3	0.00	0.00	2.78	28.56	0.00
3	7	0.00	0.00	0.71	1.38	0.00
Core	CPU	C1%	C3%	C6%	C8%	C9%
-	-	0.01	1.88	9.39	12.10	0.42
0	0	0.00	0.39	12.57	2.26	0.12
0	4	0.00	0.00	0.85	0.68	1.42
1	1	0.00	0.00	0.37	1.09	0.00
1	5	0.00	0.00	0.70	2.85	0.00
2	2	0.12	14.55	53.28	0.00	1.85
2	6	0.00	0.02	0.18	0.31	0.00
3	3	0.00	0.02	6.49	88.30	0.00
3	7	0.00	0.04	0.66	1.28	0.00
Core	CPU	C1%	C3%	C6%	C8%	C9%
-	-	0.00	0.43	8.55	13.77	6.00
0	0	0.03	3.29	57.10	11.82	0.00
0	4	0.00	0.02	0.79	0.29	47.47
1	1	0.00	0.01	0.57	5.02	0.51
1	5	0.00	0.08	6.77	91.48	0.00
2	2	0.00	0.00	0.86	0.69	0.00
2	6	0.00	0.00	0.25	0.50	0.00
3	3	0.00	0.00	0.93	0.39	0.00
3	7	0.00	0.03	1.11	0.00	0.00
Core	CPU	C1%	C3%	C6%	C8%	C9%
-	-	0.00	1.62	9.50	12.80	2.41
0	0	0.00	1.58	24.74	5.23	0.01
0	4	0.00	0.00	0.90	0.40	19.25
1	1	0.00	0.00	0.94	1.20	0.00
1	5	0.00	0.03	6.55	91.87	0.00
2	2	0.02	11.30	41.07	0.59	0.00
2	6	0.00	0.00	0.38	0.99	0.00
3	3	0.00	0.00	0.38	0.98	0.00
3	7	0.00	0.03	1.05	1.09	0.00
Core	CPU	C1%	C3%	C6%	C8%	C9%
-	-	0.01	1.88	9.19	12.49	0.01
0	0	0.00	0.51	8.47	4.35	0.11
0	4	0.00	0.00	0.28	0.99	0.00
1	1	0.00	0.00	0.28	0.89	0.00
1	5	0.00	0.00	7.16	91.28	0.00
2	2	0.08	14.45	55.64	0.00	0.00
2	6	0.00	0.00	0.21	0.52	0.00
3	3	0.00	0.03	0.79	1.20	0.00
3	7	0.00	0.04	0.67	0.69	0.00
Core	CPU	C1%	C3%	C6%	C8%	C9%
-	-	0.01	1.86	9.53	12.52	0.50
0	0	0.00	0.48	11.14	4.28	0.13
0	4	0.00	0.01	0.57	1.31	3.90
1	1	0.00	0.02	0.29	0.80	0.00
1	5	0.00	0.12	6.51	91.77	0.00
2	2	0.05	14.19	56.20	0.00	0.00
2	6	0.00	0.00	0.27	0.71	0.00
3	3	0.00	0.00	0.35	1.00	0.00
3	7	0.00	0.04	0.91	0.31	0.00
Core	CPU	C1%	C3%	C6%	C8%	C9%
-	-	0.00	1.17	8.82	12.68	2.06
0	0	0.01	4.31	40.73	5.41	0.00
0	4	0.00	0.04	1.01	0.90	16.44
1	1	0.00	0.00	0.46	2.49	0.00
1	5	0.00	0.03	6.16	89.82	0.00
2	2	0.02	4.96	21.06	0.30	0.00
2	6	0.00	0.02	0.33	0.51	0.00
3	3	0.01	0.00	0.10	1.00	0.00
3	7	0.00	0.01	0.69	0.99	0.00
Core	CPU	C1%	C3%	C6%	C8%	C9%
-	-	0.00	0.30	7.87	13.99	4.10
0	0	0.04	2.34	53.51	16.16	0.00
0	4	0.00	0.00	0.52	0.21	32.84
1	1	0.00	0.01	0.30	1.02	0.00
1	5	0.00	0.00	1.11	15.16	0.00
2	2	0.00	0.00	0.30	0.89	0.00
2	6	0.00	0.00	0.65	0.60	0.00
3	3	0.00	0.00	5.61	77.78	0.00
3	7	0.00	0.04	0.99	0.13	0.00
Core	CPU	C1%	C3%	C6%	C8%	C9%
-	-	0.02	1.91	8.95	12.24	0.11
0	0	0.00	0.10	6.72	0.83	0.01
0	4	0.00	0.00	1.21	0.29	0.90
1	1	0.00	0.00	0.23	1.19	0.00
1	5	0.00	0.05	4.82	81.03	0.00
2	2	0.19	15.10	55.68	0.00	0.00
2	6	0.00	0.00	0.29	0.98	0.00
3	3	0.00	0.00	1.51	13.11	0.00
3	7	0.00	0.00	1.15	0.50	0.00
Core	CPU	C1%	C3%	C6%	C8%	C9%
-	-	0.00	0.40	8.81	14.27	3.93
0	0	0.02	3.06	57.25	11.84	0.00
0	4	0.00	0.00	0.59	0.50	30.97
1	1	0.00	0.00	1.95	5.74	0.09
1	5	0.00	0.07	3.06	25.53	0.00
2	2	0.00	0.04	1.09	0.40	0.00
2	6	0.00	0.00	0.32	0.99	0.00
3	3	0.00	0.02	5.23	67.61	0.00
3	7	0.00	0.01	0.97	1.58	0.34
Core	CPU	C1%	C3%	C6%	C8%	C9%
-	-	0.00	0.32	7.63	14.24	0.90
0	0	0.03	2.53	52.66	16.69	0.00
0	4	0.00	0.02	0.38	0.62	7.17
1	1	0.00	0.00	0.20	0.99	0.00
1	5	0.00	0.03	3.62	47.38	0.00
2	2	0.00	0.00	0.37	0.89	0.00
2	6	0.00	0.00	0.25	0.80	0.00
3	3	0.00	0.00	2.76	45.85	0.00
3	7	0.00	0.00	0.79	0.69	0.00
Core	CPU	C1%	C3%	C6%	C8%	C9%
-	-	0.00	0.56	7.41	13.96	2.26
0	0	0.02	4.45	52.02	14.96	0.00
0	4	0.00	0.00	0.54	0.32	16.60
1	1	0.00	0.00	0.14	0.79	0.00
1	5	0.00	0.00	3.52	66.71	0.00
2	2	0.00	0.00	0.10	1.09	0.00
2	6	0.00	0.00	0.19	0.89	0.00
3	3	0.00	0.00	1.92	25.16	1.49
3	7	0.00	0.03	0.84	1.78	0.00
Core	CPU	C1%	C3%	C6%	C8%	C9%
-	-	0.01	1.70	9.43	16.79	3.45
0	0	0.01	0.94	11.99	7.60	0.00
0	4	0.00	0.00	0.37	0.80	27.62
1	1	0.04	12.52	50.92	0.79	0.00
1	5	0.00	0.00	1.50	7.39	0.00
2	2	0.05	0.02	0.73	1.60	0.00
2	6	0.00	0.00	6.42	84.52	0.00
3	3	0.00	0.02	1.96	1.68	0.00
3	7	0.01	0.11	1.55	29.94	0.00
Core	CPU	C1%	C3%	C6%	C8%	C9%
-	-	0.02	2.00	9.16	12.96	3.20
0	0	0.00	0.93	9.76	6.45	0.00
0	4	0.00	0.01	0.78	0.60	25.58
1	1	0.14	15.01	54.91	0.00	0.00
1	5	0.00	0.00	0.26	1.00	0.00
2	2	0.00	0.00	0.43	0.99	0.00
2	6	0.00	0.00	5.72	92.86	0.00
3	3	0.00	0.00	0.41	1.30	0.00
3	7	0.00	0.01	1.01	0.50	0.00
Core	CPU	C1%	C3%	C6%	C8%	C9%
-	-	0.02	1.83	9.08	12.54	1.12
0	0	0.00	0.30	8.61	2.47	0.00
0	4	0.00	0.00	0.45	0.79	8.98
1	1	0.14	14.31	55.99	0.00	0.00
1	5	0.00	0.02	0.38	1.20	0.00
2	2	0.00	0.00	0.59	0.60	0.00
2	6	0.00	0.00	5.63	92.97	0.00
3	3	0.00	0.00	0.37	0.69	0.00
3	7	0.00	0.01	0.61	1.59	0.00
Core	CPU	C1%	C3%	C6%	C8%	C9%
-	-	0.05	0.63	9.66	14.61	4.94
0	0	0.00	4.99	65.52	2.16	0.00
0	4	0.00	0.00	0.43	0.60	39.56
1	1	0.40	0.00	4.12	16.90	0.00
1	5	0.00	0.00	0.28	1.10	0.00
2	2	0.00	0.00	0.62	0.99	0.00
2	6	0.00	0.02	5.16	93.34	0.00
3	3	0.00	0.00	0.50	0.79	0.00
3	7	0.00	0.04	0.66	0.99	0.00
Core	CPU	C1%	C3%	C6%	C8%	C9%
-	-	0.00	0.62	8.11	15.04	2.96
0	0	0.03	4.94	52.39	14.10	0.00
0	4	0.00	0.03	0.57	0.80	23.61
1	1	0.00	0.00	4.25	10.34	0.00
1	5	0.00	0.00	0.27	1.00	0.00
2	2	0.00	0.00	0.37	0.89	0.00
2	6	0.00	0.00	4.53	91.47	0.00
3	3	0.00	0.00	1.21	1.28	0.07
3	7	0.00	0.01	1.32	0.40	0.00
Core	CPU	C1%	C3%	C6%	C8%	C9%
-	-	0.09	0.45	8.27	14.24	4.78
0	0	0.01	3.60	57.36	11.09	0.00
0	4	0.00	0.00	0.36	0.69	38.26
1	1	0.68	0.00	1.40	6.63	0.00
1	5	0.00	0.00	0.13	0.70	0.00
2	2	0.00	0.00	0.38	0.70	0.00
2	6	0.00	0.02	5.92	92.48	0.00
3	3	0.00	0.00	0.27	0.89	0.00
3	7	0.00	0.02	0.37	0.78	0.00
Core	CPU	C1%	C3%	C6%	C8%	C9%
-	-	0.00	0.33	7.52	14.75	0.60
0	0	0.03	2.57	50.49	18.96	0.00
0	4	0.00	0.00	0.93	0.39	4.78
1	1	0.00	0.00	0.55	2.20	0.00
1	5	0.00	0.02	2.89	54.70	0.00
2	2	0.00	0.00	1.19	0.69	0.00
2	6	0.00	0.02	2.80	39.10	0.00
3	3	0.00	0.00	0.10	0.89	0.00
3	7	0.00	0.01	1.17	1.09	0.00
Core	CPU	C1%	C3%	C6%	C8%	C9%
-	-	0.00	0.33	7.48	14.91	2.01
0	0	0.03	2.58	52.10	17.24	0.00
0	4	0.00	0.03	0.48	0.41	16.11
1	1	0.00	0.00	0.19	5.29	0.00
1	5	0.00	0.02	5.45	92.84	0.00
2	2	0.00	0.00	0.37	0.49	0.00
2	6	0.00	0.00	0.45	0.89	0.00
3	3	0.00	0.00	0.32	0.99	0.00
3	7	0.00	0.04	0.49	1.09	0.00
Core	CPU	C1%	C3%	C6%	C8%	C9%
-	-	0.01	0.40	8.03	14.01	1.67
0	0	0.03	3.16	55.87	13.03	0.00
0	4	0.07	0.00	0.54	0.40	13.36
1	1	0.00	0.00	0.43	0.80	0.00
1	5	0.00	0.02	1.07	13.00	0.00
2	2	0.00	0.00	0.10	1.19	0.00
2	6	0.00	0.00	4.38	81.02	0.00
3	3	0.00	0.00	1.22	1.76	0.00
3	7	0.00	0.00	0.68	0.88	0.00
Core	CPU	C1%	C3%	C6%	C8%	C9%
-	-	0.00	0.57	7.94	13.45	5.52
0	0	0.02	4.51	55.56	11.23	0.00
0	4	0.00	0.00	0.48	0.80	44.19
1	1	0.00	0.00	0.76	0.80	0.00
1	5	0.00	0.00	0.49	0.99	0.00
2	2	0.00	0.00	0.42	0.99	0.00
2	6	0.00	0.02	4.84	90.88	0.00
3	3	0.00	0.00	0.29	0.90	0.00
3	7	0.00	0.02	0.69	0.98	0.00
Core	CPU	C1%	C3%	C6%	C8%	C9%
-	-	0.03	0.17	7.15	15.01	0.00
0	0	0.04	1.35	49.06	21.35	0.00
0	4	0.20	0.02	0.50	0.09	0.00
1	1	0.00	0.00	0.20	1.18	0.00
1	5	0.00	0.01	0.57	1.09	0.00
2	2	0.00	0.00	0.26	0.89	0.00
2	6	0.00	0.00	4.92	93.40	0.00
3	3	0.00	0.00	0.51	1.09	0.00
3	7	0.00	0.00	1.20	0.99	0.00
Core	CPU	C1%	C3%	C6%	C8%	C9%
-	-	0.01	0.26	7.24	14.79	0.42
0	0	0.05	1.98	48.44	21.41	0.00
0	4	0.00	0.03	0.88	0.47	3.33
1	1	0.00	0.00	0.49	1.77	0.00
1	5	0.00	0.02	4.90	59.68	0.00
2	2	0.00	0.00	0.26	0.60	0.00
2	6	0.00	0.00	2.13	32.39	0.00
3	3	0.00	0.02	0.38	0.78	0.00
3	7	0.00	0.02	0.41	1.18	0.00
Core	CPU	C1%	C3%	C6%	C8%	C9%
-	-	0.01	0.98	8.53	13.71	1.82
0	0	0.02	1.49	33.58	10.82	0.02
0	4	0.00	0.03	0.79	0.00	14.54
1	1	0.04	6.30	25.23	2.20	0.00
1	5	0.00	0.00	0.28	0.89	0.00
2	2	0.00	0.00	0.46	0.50	0.00
2	6	0.00	0.00	5.71	92.74	0.00
3	3	0.00	0.02	0.82	0.90	0.00
3	7	0.00	0.00	1.33	1.68	0.00
Core	CPU	C1%	C3%	C6%	C8%	C9%
-	-	0.00	0.46	8.61	13.96	3.10
0	0	0.02	3.60	58.96	9.76	0.00
0	4	0.00	0.00	0.86	0.00	24.84
1	1	0.00	0.00	1.31	5.73	0.00
1	5	0.00	0.00	0.33	1.09	0.00
2	2	0.00	0.00	0.59	0.30	0.00
2	6	0.00	0.00	5.62	92.83	0.00
3	3	0.00	0.00	0.47	0.99	0.00
3	7	0.00	0.05	0.73	0.99	0.00
Core	CPU	C1%	C3%	C6%	C8%	C9%
-	-	0.00	0.61	8.62	13.91	1.46
0	0	0.02	4.83	57.56	9.08	0.00
0	4	0.00	0.00	1.07	0.00	11.57
1	1	0.00	0.00	1.44	8.31	0.00
1	5	0.00	0.00	0.46	1.09	0.00
2	2	0.02	0.00	1.35	0.71	0.00
2	6	0.00	0.03	5.52	90.24	0.00
3	3	0.00	0.02	0.64	1.34	0.10
3	7	0.00	0.00	0.96	0.55	0.00
Core	CPU	C1%	C3%	C6%	C8%	C9%
-	-	0.01	0.15	6.87	15.13	0.45
0	0	0.04	1.14	46.41	24.03	0.00
0	4	0.00	0.00	0.52	0.50	3.62
1	1	0.00	0.00	0.29	1.00	0.00
1	5	0.00	0.05	4.29	45.60	0.00
2	2	0.00	0.00	0.27	0.99	0.00
2	6	0.00	0.00	2.55	47.48	0.00
3	3	0.00	0.00	0.23	0.50	0.00
3	7	0.00	0.01	0.40	0.90	0.00
Core	CPU	C1%	C3%	C6%	C8%	C9%
-	-	0.01	0.24	6.89	15.39	1.03
0	0	0.05	1.87	45.55	24.35	0.00
0	4	0.00	0.00	0.53	0.49	8.20
1	1	0.00	0.00	0.33	0.30	0.00
1	5	0.00	0.01	2.96	28.64	0.00
2	2	0.00	0.00	0.20	1.18	0.00
2	6	0.00	0.00	3.28	64.39	0.00
3	3	0.00	0.00	1.45	2.09	0.00
3	7	0.00	0.00	0.85	1.71	0.00
Core	CPU	C1%	C3%	C6%	C8%	C9%
-	-	0.00	0.48	8.15	13.65	2.50
0	0	0.02	3.81	57.41	10.87	0.00
0	4	0.00	0.00	0.58	0.61	20.03
1	1	0.00	0.00	0.47	0.70	0.00
1	5	0.00	0.00	0.36	0.79	0.00
2	2	0.00	0.00	0.52	0.59	0.00
2	6	0.00	0.00	5.19	93.23	0.00
3	3	0.00	0.00	0.10	1.09	0.00
3	7	0.00	0.00	0.58	1.29	0.00
Core	CPU	C1%	C3%	C6%	C8%	C9%
-	-	0.01	0.15	6.83	15.28	0.00
0	0	0.06	1.21	47.14	23.30	0.00
0	4	0.00	0.00	0.40	0.81	0.00
1	1	0.00	0.00	0.19	0.91	0.00
1	5	0.00	0.00	0.36	0.90	0.00
2	2	0.00	0.00	0.45	0.80	0.00
2	6	0.00	0.00	5.18	93.12	0.00
3	3	0.00	0.00	0.41	1.00	0.00
3	7	0.00	0.00	0.49	1.41	0.00
Core	CPU	C1%	C3%	C6%	C8%	C9%
-	-	0.01	0.20	6.42	15.22	0.00
0	0	0.06	1.48	45.24	23.30	0.00
0	4	0.00	0.00	0.36	0.69	0.00
1	1	0.00	0.00	2.57	54.36	0.00
1	5	0.00	0.00	0.23	1.28	0.00
2	2	0.00	0.00	0.10	0.89	0.00
2	6	0.00	0.00	2.02	38.81	0.00
3	3	0.00	0.15	0.37	0.98	0.00
3	7	0.00	0.00	0.46	1.49	0.00
Core	CPU	C1%	C3%	C6%	C8%	C9%
-	-	0.00	0.35	7.62	14.34	2.40
0	0	0.04	2.71	52.74	16.51	0.00
0	4	0.00	0.00	0.57	0.38	19.21
1	1	0.00	0.00	2.88	56.30	0.00
1	5	0.00	0.06	3.26	37.22	0.00
2	2	0.00	0.00	0.20	0.89	0.00
2	6	0.00	0.00	0.19	1.09	0.00
3	3	0.00	0.02	0.46	1.39	0.00
3	7	0.00	0.00	0.67	0.90	0.00
Core	CPU	C1%	C3%	C6%	C8%	C9%
-	-	0.00	0.38	7.34	14.51	1.49
0	0	0.03	2.98	50.66	18.27	0.00
0	4	0.00	0.00	0.29	0.89	11.95
1	1	0.00	0.00	0.57	0.29	0.00
1	5	0.00	0.07	5.80	92.36	0.00
2	2	0.00	0.00	0.30	1.28	0.00
2	6	0.00	0.00	0.22	1.19	0.00
3	3	0.00	0.00	0.26	0.89	0.00
3	7	0.00	0.00	0.60	0.89	0.00
Core	CPU	C1%	C3%	C6%	C8%	C9%
-	-	0.00	0.43	8.54	17.48	1.07
0	0	0.02	3.23	58.46	11.37	0.00
0	4	0.00	0.01	0.70	0.00	8.55
1	1	0.00	0.00	5.03	83.50	0.00
1	5	0.00	0.00	1.02	9.96	0.00
2	2	0.00	0.00	0.46	2.59	0.00
2	6	0.00	0.00	0.34	0.89	0.00
3	3	0.00	0.02	0.48	0.69	0.00
3	7	0.01	0.20	1.84	30.82	0.00
Core	CPU	C1%	C3%	C6%	C8%	C9%
-	-	0.01	0.45	7.58	14.51	0.00
0	0	0.02	0.85	39.73	18.97	0.00
0	4	0.00	0.00	0.83	0.11	0.00
1	1	0.00	0.02	0.98	8.68	0.00
1	5	0.00	0.03	6.27	84.10	0.00
2	2	0.00	0.00	0.38	1.48	0.00
2	6	0.00	0.00	0.36	1.39	0.00
3	3	0.05	2.61	10.89	0.98	0.00
3	7	0.00	0.04	1.20	0.39	0.00
Core	CPU	C1%	C3%	C6%	C8%	C9%
-	-	0.04	1.94	8.48	11.84	0.00
0	0	0.00	0.21	6.57	1.37	0.00
0	4	0.00	0.00	0.86	0.40	0.00
1	1	0.00	0.00	0.25	0.80	0.00
1	5	0.00	0.00	5.52	89.97	0.00
2	2	0.00	0.12	0.19	0.79	0.00
2	6	0.00	0.00	0.15	0.70	0.00
3	3	0.29	15.14	53.66	0.00	0.00
3	7	0.00	0.02	0.68	0.68	0.00
Core	CPU	C1%	C3%	C6%	C8%	C9%
-	-	0.04	1.83	9.16	12.52	0.00
0	0	0.00	0.13	10.13	1.66	0.00
0	4	0.00	0.01	0.84	0.49	0.00
1	1	0.00	0.00	2.35	48.84	0.00
1	5	0.00	0.01	2.60	45.90	0.00
2	2	0.00	0.00	0.46	1.08	0.00
2	6	0.00	0.00	0.34	1.59	0.00
3	3	0.30	14.47	55.72	0.00	0.00
3	7	0.00	0.00	0.88	0.61	0.00
Core	CPU	C1%	C3%	C6%	C8%	C9%
-	-	0.00	0.33	7.49	14.45	2.40
0	0	0.04	2.61	51.04	18.36	0.00
0	4	0.00	0.00	0.54	0.21	19.18
1	1	0.00	0.02	5.51	92.48	0.00
1	5	0.00	0.00	0.37	0.90	0.00
2	2	0.00	0.00	0.33	0.99	0.00
2	6	0.00	0.00	0.38	1.18	0.00
3	3	0.00	0.00	1.13	0.30	0.00
3	7	0.00	0.03	0.63	1.18	0.00
Core	CPU	C1%	C3%	C6%	C8%	C9%
-	-	0.00	0.27	7.26	14.79	4.44
0	0	0.04	2.12	50.55	19.17	0.00
0	4	0.00	0.00	0.45	0.70	35.51
1	1	0.00	0.00	0.88	19.03	0.00
1	5	0.00	0.00	4.22	76.87	0.00
2	2	0.00	0.00	0.69	0.40	0.00
2	6	0.00	0.00	0.10	0.90	0.00
3	3	0.00	0.00	0.27	0.70	0.00
3	7	0.00	0.02	0.94	0.59	0.00
Core	CPU	C1%	C3%	C6%	C8%	C9%
-	-	0.01	0.21	7.55	15.06	1.72
0	0	0.05	1.65	49.58	20.47	0.00
0	4	0.00	0.00	1.07	1.00	13.78
1	1	0.00	0.00	5.64	68.80	0.00
1	5	0.00	0.00	1.75	24.70	0.00
2	2	0.00	0.00	0.62	1.58	0.00
2	6	0.00	0.00	0.23	1.19	0.00
3	3	0.00	0.00	0.72	1.19	0.00
3	7	0.00	0.04	0.78	1.56	0.00
Core	CPU	C1%	C3%	C6%	C8%	C9%
-	-	0.00	0.38	7.36	13.80	1.34
0	0	0.04	2.97	50.21	17.00	0.00
0	4	0.00	0.00	0.22	0.88	10.70
1	1	0.00	0.00	1.55	20.75	0.00
1	5	0.00	0.06	4.95	68.94	0.00
2	2	0.00	0.00	0.37	0.89	0.00
2	6	0.00	0.00	0.35	0.99	0.00
3	3	0.00	0.00	0.42	0.80	0.00
3	7	0.00	0.01	0.81	0.19	0.00
Core	CPU	C1%	C3%	C6%	C8%	C9%
-	-	0.00	0.54	9.04	13.11	2.73
0	0	0.01	4.18	61.77	6.51	0.00
0	4	0.00	0.00	1.04	1.38	21.84
1	1	0.00	0.00	0.58	7.04	0.00
1	5	0.00	0.04	6.20	85.50	0.00
2	2	0.00	0.00	0.25	1.19	0.00
2	6	0.00	0.00	0.63	1.09	0.00
3	3	0.00	0.02	0.38	0.61	0.00
3	7	0.00	0.04	1.46	1.62	0.00
Core	CPU	C1%	C3%	C6%	C8%	C9%
-	-	0.00	0.39	7.82	14.37	0.50
0	0	0.03	3.09	52.08	16.94	0.00
0	4	0.00	0.00	1.03	0.38	4.02
1	1	0.00	0.00	6.23	92.14	0.00
1	5	0.00	0.01	0.96	1.68	0.00
2	2	0.00	0.00	0.20	0.98	0.00
2	6	0.00	0.00	0.28	0.98	0.00
3	3	0.00	0.00	0.26	1.18	0.00
3	7	0.00	0.01	1.51	0.67	0.00
Core	CPU	C1%	C3%	C6%	C8%	C9%
-	-	0.01	0.19	7.11	15.09	0.65
0	0	0.04	1.48	48.52	21.75	0.00
0	4	0.00	0.00	0.96	0.53	4.20
1	1	0.00	0.00	5.44	92.90	0.00
1	5	0.00	0.00	0.23	0.94	1.00
2	2	0.00	0.00	0.20	0.72	0.00
2	6	0.00	0.00	0.20	0.89	0.00
3	3	0.00	0.00	0.56	2.10	0.00
3	7	0.00	0.01	0.77	0.90	0.00
Core	CPU	C1%	C3%	C6%	C8%	C9%
-	-	0.03	1.46	9.78	12.49	0.35
0	0	0.00	1.19	25.04	1.03	0.00
0	4	0.00	0.00	1.81	1.10	2.43
1	1	0.00	0.50	3.91	1.81	0.00
1	5	0.00	0.06	6.47	86.99	0.39
2	2	0.05	0.07	0.24	1.22	0.00
2	6	0.00	0.00	0.23	1.19	0.00
3	3	0.00	0.07	0.92	1.85	0.00
3	7	0.21	9.80	39.67	4.73	0.00
Core	CPU	C1%	C3%	C6%	C8%	C9%
-	-	0.00	0.53	8.25	13.32	1.54
0	0	0.03	4.13	56.42	10.57	0.00
0	4	0.00	0.00	1.13	0.69	10.26
1	1	0.00	0.02	0.49	0.50	0.00
1	5	0.00	0.00	1.05	11.63	2.04
2	2	0.00	0.00	0.98	0.30	0.00
2	6	0.00	0.00	0.45	0.99	0.00
3	3	0.00	0.00	0.56	1.28	0.00
3	7	0.00	0.06	4.94	80.61	0.00
Core	CPU	C1%	C3%	C6%	C8%	C9%
-	-	0.01	0.26	7.58	14.61	1.91
0	0	0.04	2.03	50.70	19.15	0.00
0	4	0.00	0.00	0.56	0.61	15.30
1	1	0.00	0.00	0.58	1.77	0.00
1	5	0.00	0.02	2.84	38.68	0.00
2	2	0.00	0.02	0.59	1.10	0.00
2	6	0.00	0.00	0.19	1.39	0.00
3	3	0.00	0.02	0.77	0.70	0.00
3	7	0.00	0.01	4.40	53.47	0.00
Core	CPU	C1%	C3%	C6%	C8%	C9%
-	-	0.00	0.35	7.84	15.08	0.00
0	0	0.03	2.71	52.82	16.57	0.00
0	4	0.00	0.00	0.95	0.30	0.00
1	1	0.00	0.00	1.96	5.92	0.00
1	5	0.00	0.01	0.46	1.05	0.00
2	2	0.00	0.00	0.33	1.78	0.00
2	6	0.00	0.00	0.31	0.60	0.00
3	3	0.00	0.05	1.32	0.89	0.00
3	7	0.00	0.00	4.54	93.57	0.00
Core	CPU	C1%	C3%	C6%	C8%	C9%
-	-	0.00	0.50	8.37	13.72	2.82
0	0	0.02	3.92	57.69	10.57	0.00
0	4	0.00	0.00	1.03	0.39	22.55
1	1	0.00	0.00	0.22	0.69	0.00
1	5	0.00	0.05	6.08	90.24	0.00
2	2	0.00	0.00	0.48	2.37	0.00
2	6	0.00	0.00	0.27	0.99	0.00
3	3	0.00	0.00	0.66	1.10	0.00
3	7	0.00	0.00	0.50	3.37	0.00
Core	CPU	C1%	C3%	C6%	C8%	C9%
-	-	0.01	0.13	6.90	15.52	0.00
0	0	0.05	0.96	46.61	24.10	0.00
0	4	0.00	0.00	0.68	1.11	0.00
1	1	0.00	0.00	0.24	1.10	0.00
1	5	0.00	0.00	0.79	6.91	0.00
2	2	0.00	0.01	0.66	1.21	0.00
2	6	0.00	0.00	0.28	1.30	0.00
3	3	0.00	0.03	0.76	1.49	0.00
3	7	0.00	0.00	5.14	86.97	0.00
Core	CPU	C1%	C3%	C6%	C8%	C9%
-	-	0.00	0.39	7.57	14.06	0.01
0	0	0.02	3.08	53.06	14.14	0.00
0	4	0.00	0.00	0.69	0.19	0.00
1	1	0.00	0.00	0.28	2.38	0.00
1	5	0.00	0.00	2.78	38.95	0.11
2	2	0.00	0.00	0.14	0.99	0.00
2	6	0.00	0.00	0.13	1.19	0.00
3	3	0.00	0.02	0.66	1.58	0.00
3	7	0.00	0.02	2.81	53.08	0.00
Core	CPU	C1%	C3%	C6%	C8%	C9%
-	-	0.01	0.20	7.33	15.07	0.00
0	0	0.08	1.48	48.89	21.31	0.00
0	4	0.00	0.02	0.69	0.10	0.01
1	1	0.00	0.00	0.10	1.48	0.00
1	5	0.00	0.03	0.55	2.18	0.00
2	2	0.00	0.00	0.36	0.99	0.00
2	6	0.00	0.00	0.25	0.99	0.00
3	3	0.00	0.03	1.30	1.78	0.00
3	7	0.00	0.00	6.53	91.74	0.00
Core	CPU	C1%	C3%	C6%	C8%	C9%
-	-	0.00	0.63	8.29	13.94	3.09
0	0	0.01	4.90	58.82	8.72	0.00
0	4	0.00	0.09	1.35	0.68	24.70
1	1	0.00	0.00	0.22	4.64	0.00
1	5	0.00	0.00	0.30	0.70	0.00
2	2	0.00	0.00	0.00	0.70	0.00
2	6	0.00	0.00	0.10	0.99	0.00
3	3	0.00	0.01	0.58	1.58	0.00
3	7	0.00	0.00	4.93	93.51	0.00
Core	CPU	C1%	C3%	C6%	C8%	C9%
-	-	0.00	0.21	7.66	16.18	3.60
0	0	0.03	1.64	51.30	19.07	0.00
0	4	0.00	0.00	0.99	0.30	28.55
1	1	0.00	0.00	2.05	12.17	0.29
1	5	0.00	0.01	0.66	1.18	0.00
2	2	0.00	0.00	0.33	1.29	0.00
2	6	0.00	0.02	0.20	1.19	0.00
3	3	0.00	0.03	0.60	1.09	0.00
3	7	0.00	0.01	5.14	93.18	0.00
Core	CPU	C1%	C3%	C6%	C8%	C9%
-	-	0.03	0.17	7.37	15.10	4.70
0	0	0.03	1.32	49.54	21.00	0.00
0	4	0.00	0.03	0.39	0.21	37.62
1	1	0.00	0.00	0.39	3.78	0.00
1	5	0.00	0.00	1.12	1.38	0.00
2	2	0.00	0.00	0.36	0.89	0.00
2	6	0.00	0.00	0.35	0.99	0.00
3	3	0.17	0.04	0.52	0.49	0.00
3	7	0.00	0.00	6.27	92.04	0.00
Core	CPU	C1%	C3%	C6%	C8%	C9%
-	-	0.00	0.58	7.90	13.81	0.00
0	0	0.02	4.59	53.20	13.56	0.00
0	4	0.00	0.00	1.04	0.00	0.00
1	1	0.00	0.00	1.02	2.59	0.00
1	5	0.00	0.02	1.15	0.39	0.00
2	2	0.00	0.00	0.19	1.09	0.00
2	6	0.00	0.00	0.18	0.99	0.00
3	3	0.00	0.01	1.63	0.67	0.00
3	7	0.00	0.00	4.77	91.14	0.00
Core	CPU	C1%	C3%	C6%	C8%	C9%
-	-	0.01	1.90	13.02	10.38	6.67
0	0	0.01	2.14	45.31	22.36	0.00
0	4	0.00	0.00	0.78	0.30	53.38
1	1	0.05	12.91	51.26	0.89	0.00
1	5	0.00	0.00	1.96	21.37	0.00
2	2	0.00	0.00	0.83	2.27	0.00
2	6	0.00	0.02	0.73	0.10	0.00
3	3	0.00	0.01	0.84	0.99	0.00
3	7	0.01	0.09	2.47	34.79	0.00
