Core	CPU	C1%	C3%	C6%	C8%	C9%
-	-	0.08	0.74	73.24	14.26	0.00
0	0	0.17	0.66	75.00	13.47	0.00
0	4	0.18	0.57	72.77	17.25	0.00
1	1	0.01	0.40	74.33	15.41	0.00
1	5	0.06	0.35	72.00	18.65	0.00
2	2	0.14	0.52	73.66	15.91	0.00
2	6	0.04	0.75	74.45	14.89	0.00
3	3	0.00	0.49	79.30	10.37	0.00
3	7	0.05	2.16	64.96	8.25	0.00
Core	CPU	C1%	C3%	C6%	C8%	C9%
-	-	0.01	0.76	72.83	15.05	0.00
0	0	0.01	1.19	74.28	13.84	0.00
0	4	0.00	0.71	73.99	16.47	0.00
1	1	0.00	0.41	74.44	15.49	0.00
1	5	0.00	0.33	71.15	18.68	0.00
2	2	0.00	0.53	73.38	16.42	0.00
2	6	0.01	0.59	73.68	16.94	0.00
3	3	0.00	0.51	77.47	12.37	0.00
3	7	0.02	1.85	63.62	10.09	0.00
Core	CPU	C1%	C3%	C6%	C8%	C9%
-	-	0.00	0.70	73.66	14.31	0.00
0	0	0.00	0.61	76.29	12.51	0.00
0	4	0.00	0.55	73.25	17.42	0.00
1	1	0.00	0.43	74.87	14.91	0.00
1	5	0.00	0.37	72.33	18.57	0.00
2	2	0.00	0.49	73.48	16.43	0.00
2	6	0.01	0.36	74.35	16.47	0.00
3	3	0.00	0.49	79.43	10.47	0.00
3	7	0.02	2.29	65.56	7.72	0.00
Core	CPU	C1%	C3%	C6%	C8%	C9%
-	-	0.01	0.68	72.94	15.09	0.00
0	0	0.01	0.66	75.43	13.36	0.00
0	4	0.00	0.52	73.46	17.11	0.00
1	1	0.01	0.40	73.06	16.82	0.00
1	5	0.00	0.26	70.89	20.13	0.00
2	2	0.00	0.56	74.12	15.74	0.00
2	6	0.01	0.48	74.10	16.61	0.00
3	3	0.01	0.46	78.57	11.33	0.00
3	7	0.02	2.12	63.78	9.64	0.00
Core	CPU	C1%	C3%	C6%	C8%	C9%
-	-	0.03	0.88	69.57	16.17	0.23
0	0	0.20	0.55	73.22	13.35	0.00
0	4	0.00	0.53	70.55	17.79	0.00
1	1	0.02	1.79	69.55	17.02	1.86
1	5	0.00	0.42	67.47	20.71	0.00
2	2	0.00	0.51	68.91	19.03	0.00
2	6	0.00	0.42	69.25	19.60	0.00
3	3	0.00	0.53	74.98	12.85	0.00
3	7	0.01	2.28	62.56	8.99	0.00
Core	CPU	C1%	C3%	C6%	C8%	C9%
-	-	0.01	0.70	72.18	15.75	0.00
0	0	0.01	0.47	72.44	16.41	0.00
0	4	0.00	0.60	70.91	19.59	0.00
1	1	0.01	0.42	73.73	16.18	0.00
1	5	0.00	0.41	71.67	19.19	0.00
2	2	0.00	0.52	71.49	18.35	0.00
2	6	0.00	0.38	71.91	18.91	0.00
3	3	0.00	0.55	79.82	10.07	0.00
3	7	0.03	2.25	65.84	7.38	0.00
Core	CPU	C1%	C3%	C6%	C8%	C9%
-	-	0.01	0.79	73.56	14.34	0.00
0	0	0.00	0.58	74.27	14.66	0.00
0	4	0.00	0.51	72.82	17.85	0.00
1	1	0.01	0.39	72.28	17.76	0.00
1	5	0.00	0.44	74.10	16.57	0.00
2	2	0.00	0.48	72.91	16.87	0.00
2	6	0.01	0.98	73.65	16.38	0.00
3	3	0.00	0.58	81.69	8.12	0.00
3	7	0.02	2.33	66.70	6.50	0.00
Core	CPU	C1%	C3%	C6%	C8%	C9%
-	-	0.00	0.69	72.47	15.59	0.00
0	0	0.00	0.61	74.82	13.95	0.00
0	4	0.00	0.47	72.56	18.12	0.00
1	1	0.00	0.44	73.22	16.67	0.00
1	5	0.00	0.47	72.13	18.67	0.00
2	2	0.00	0.53	73.44	16.38	0.00
2	6	0.00	0.34	73.49	17.37	0.00
3	3	0.01	0.53	76.59	13.33	0.00
3	7	0.01	2.09	63.25	10.18	0.00
Core	CPU	C1%	C3%	C6%	C8%	C9%
-	-	0.01	0.73	72.70	15.25	0.00
0	0	0.00	0.59	74.12	14.75	0.00
0	4	0.00	0.54	71.86	18.71	0.00
1	1	0.00	0.46	74.42	15.32	0.00
1	5	0.00	0.40	70.95	19.85	0.00
2	2	0.00	0.55	71.25	18.56	0.00
2	6	0.01	0.51	73.20	17.48	0.00
3	3	0.00	0.61	79.79	10.02	0.00
3	7	0.02	2.19	66.05	7.30	0.00
Core	CPU	C1%	C3%	C6%	C8%	C9%
-	-	0.07	0.93	70.18	15.27	0.00
0	0	0.01	0.45	72.19	14.75	0.00
0	4	0.00	0.35	70.40	18.47	0.00
1	1	0.00	1.13	68.74	17.35	0.00
1	5	0.01	0.40	69.63	18.69	0.00
2	2	0.00	0.40	69.05	18.51	0.00
2	6	0.00	0.44	69.48	18.74	0.00
3	3	0.00	0.59	77.69	9.82	0.00
3	7	0.50	3.71	64.67	5.94	0.00
Core	CPU	C1%	C3%	C6%	C8%	C9%
-	-	0.03	0.70	71.92	16.10	0.00
0	0	0.00	0.61	74.60	14.25	0.00
0	4	0.00	0.48	72.67	18.03	0.00
1	1	0.01	0.37	71.12	18.92	0.00
1	5	0.01	0.31	70.46	20.51	0.00
2	2	0.00	0.61	72.67	17.00	0.00
2	6	0.00	0.47	72.33	18.31	0.00
3	3	0.01	0.50	78.32	11.64	0.00
3	7	0.22	2.20	62.98	10.09	0.00
Core	CPU	C1%	C3%	C6%	C8%	C9%
-	-	0.01	0.81	71.71	16.01	0.00
0	0	0.01	0.46	74.18	14.85	0.00
0	4	0.00	0.55	72.29	18.35	0.00
1	1	0.00	0.48	70.30	19.10	0.00
1	5	0.00	0.36	70.93	19.88	0.00
2	2	0.00	0.56	70.71	19.15	0.00
2	6	0.00	1.05	71.94	17.67	0.00
3	3	0.00	0.52	78.96	10.63	0.00
3	7	0.02	2.47	64.66	8.53	0.00
Core	CPU	C1%	C3%	C6%	C8%	C9%
-	-	0.01	0.73	72.52	15.48	0.00
0	0	0.00	0.52	74.00	15.08	0.00
0	4	0.01	0.58	74.04	16.36	0.00
1	1	0.01	0.47	70.87	18.78	0.00
1	5	0.00	0.46	70.04	20.79	0.00
2	2	0.01	0.47	73.93	15.99	0.00
2	6	0.01	0.50	73.67	17.03	0.00
3	3	0.00	0.56	78.42	11.44	0.00
3	7	0.02	2.26	64.95	8.31	0.00
Core	CPU	C1%	C3%	C6%	C8%	C9%
-	-	0.01	0.66	73.17	14.86	0.00
0	0	0.00	0.58	76.82	11.90	0.00
0	4	0.01	0.44	73.62	17.04	0.00
1	1	0.00	0.32	74.11	15.90	0.00
1	5	0.00	0.31	72.26	18.71	0.00
2	2	0.00	0.46	71.93	18.02	0.00
2	6	0.00	0.40	72.92	17.85	0.00
3	3	0.00	0.52	79.07	10.80	0.00
3	7	0.03	2.27	64.58	8.68	0.00
Core	CPU	C1%	C3%	C6%	C8%	C9%
-	-	0.01	1.14	70.84	15.48	0.18
0	0	0.00	0.57	71.14	16.12	0.00
0	4	0.00	0.55	71.31	18.38	0.00
1	1	0.00	1.77	73.97	12.57	1.43
1	5	0.01	0.25	69.75	19.97	0.00
2	2	0.00	0.51	69.84	18.27	0.00
2	6	0.00	0.57	71.88	17.01	0.00
3	3	0.01	0.51	76.00	12.70	0.00
3	7	0.02	4.36	62.48	8.75	0.00
Core	CPU	C1%	C3%	C6%	C8%	C9%
-	-	0.01	0.70	70.14	17.23	0.00
0	0	0.01	0.45	72.85	16.26	0.00
0	4	0.00	0.53	70.06	20.70	0.00
1	1	0.01	0.43	73.50	16.33	0.00
1	5	0.00	0.38	68.71	22.01	0.00
2	2	0.00	0.50	70.06	19.67	0.00
2	6	0.00	0.53	69.78	21.02	0.00
3	3	0.00	0.51	76.30	13.08	0.00
3	7	0.03	2.26	60.46	8.92	0.00
Core	CPU	C1%	C3%	C6%	C8%	C9%
-	-	0.00	0.82	72.58	15.12	0.00
0	0	0.01	0.61	75.98	12.80	0.00
0	4	0.00	0.61	73.91	16.64	0.00
1	1	0.00	0.83	73.45	15.39	0.00
1	5	0.01	0.28	70.40	20.66	0.00
2	2	0.00	0.57	72.14	17.69	0.00
2	6	0.00	0.40	75.38	15.03	0.00
3	3	0.00	0.43	76.80	13.02	0.00
3	7	0.02	2.82	62.59	9.70	0.00
Core	CPU	C1%	C3%	C6%	C8%	C9%
-	-	0.01	0.70	72.69	15.35	0.00
0	0	0.01	0.55	72.27	16.77	0.00
0	4	0.00	0.64	72.29	18.22	0.00
1	1	0.01	0.39	74.65	15.16	0.00
1	5	0.00	0.23	71.62	19.44	0.00
2	2	0.00	0.44	71.12	18.77	0.00
2	6	0.00	0.43	72.96	17.77	0.00
3	3	0.00	0.55	80.56	9.35	0.00
3	7	0.02	2.41	65.82	7.28	0.00
Core	CPU	C1%	C3%	C6%	C8%	C9%
-	-	0.01	0.71	71.79	16.21	0.00
0	0	0.00	0.56	70.30	18.76	0.00
0	4	0.00	0.55	69.88	20.79	0.00
1	1	0.01	0.48	72.64	17.23	0.00
1	5	0.01	0.31	72.73	18.08	0.00
2	2	0.00	0.54	72.16	17.65	0.00
2	6	0.00	0.64	72.59	17.91	0.00
3	3	0.00	0.59	78.40	11.45	0.00
3	7	0.02	2.00	65.61	7.77	0.00
Core	CPU	C1%	C3%	C6%	C8%	C9%
-	-	0.01	1.24	70.68	15.99	0.00
0	0	0.00	0.57	71.69	16.51	0.00
0	4	0.00	0.43	70.53	19.53	0.00
1	1	0.01	2.32	70.76	16.13	0.00
1	5	0.00	0.39	69.59	19.60	0.00
2	2	0.00	0.45	69.73	18.85	0.00
2	6	0.00	0.39	70.93	19.45	0.00
3	3	0.01	0.54	78.54	10.08	0.00
3	7	0.02	4.83	63.35	7.72	0.00
Core	CPU	C1%	C3%	C6%	C8%	C9%
-	-	0.00	0.67	74.03	13.99	0.00
0	0	0.01	0.54	79.09	9.63	0.00
0	4	0.00	0.40	74.71	16.14	0.00
1	1	0.00	0.43	73.72	16.13	0.00
1	5	0.00	0.26	72.51	18.38	0.00
2	2	0.00	0.49	69.11	20.75	0.00
2	6	0.01	0.34	73.47	17.42	0.00
3	3	0.00	0.57	82.33	7.53	0.00
3	7	0.02	2.33	67.26	5.92	0.00
Core	CPU	C1%	C3%	C6%	C8%	C9%
-	-	0.00	0.84	73.18	14.56	0.00
0	0	0.00	0.52	78.03	10.75	0.00
0	4	0.00	0.45	73.68	17.12	0.00
1	1	0.00	0.36	73.42	16.52	0.00
1	5	0.00	0.34	71.49	19.33	0.00
2	2	0.00	0.47	70.39	19.55	0.00
2	6	0.00	0.47	72.15	18.63	0.00
3	3	0.00	1.32	80.72	8.08	0.00
3	7	0.02	2.77	66.24	6.68	0.00
Core	CPU	C1%	C3%	C6%	C8%	C9%
-	-	0.01	0.68	73.13	14.99	0.00
0	0	0.01	0.55	73.91	15.16	0.00
0	4	0.00	0.44	75.01	15.55	0.00
1	1	0.01	0.44	75.02	14.83	0.00
1	5	0.00	0.35	72.41	18.43	0.00
2	2	0.00	0.48	69.99	19.84	0.00
2	6	0.00	0.41	73.01	17.86	0.00
3	3	0.00	0.51	79.93	10.00	0.00
3	7	0.02	2.24	65.15	8.11	0.00
Core	CPU	C1%	C3%	C6%	C8%	C9%
-	-	0.01	0.66	73.15	14.86	0.00
0	0	0.00	0.59	77.39	11.39	0.00
0	4	0.00	0.43	73.84	16.89	0.00
1	1	0.00	0.40	73.19	16.73	0.00
1	5	0.00	0.42	71.72	19.08	0.00
2	2	0.00	0.47	72.11	17.70	0.00
2	6	0.01	0.36	73.85	17.09	0.00
3	3	0.00	0.52	78.61	11.34	0.00
3	7	0.02	2.11	64.64	8.72	0.00
Core	CPU	C1%	C3%	C6%	C8%	C9%
-	-	0.01	0.83	70.14	15.66	0.32
0	0	0.00	0.52	72.96	13.88	0.00
0	4	0.00	0.54	70.21	17.94	0.00
1	1	0.01	1.19	71.63	14.89	2.58
1	5	0.01	0.29	68.56	20.32	0.00
2	2	0.00	0.51	68.79	19.56	0.00
2	6	0.00	0.53	69.93	18.81	0.00
3	3	0.00	0.48	76.17	11.34	0.00
3	7	0.02	2.60	62.79	8.54	0.00
Core	CPU	C1%	C3%	C6%	C8%	C9%
-	-	0.01	0.71	72.49	15.48	0.00
0	0	0.01	0.68	72.28	16.58	0.00
0	4	0.00	0.61	70.66	19.91	0.00
1	1	0.01	0.36	74.67	15.21	0.00
1	5	0.00	0.33	71.58	19.37	0.00
2	2	0.00	0.49	72.82	17.10	0.00
2	6	0.01	0.49	72.88	17.86	0.00
3	3	0.00	0.53	80.15	9.75	0.00
3	7	0.02	2.19	65.13	8.12	0.00
Core	CPU	C1%	C3%	C6%	C8%	C9%
-	-	0.01	0.85	72.29	15.52	0.00
0	0	0.00	0.58	71.79	17.27	0.00
0	4	0.00	0.54	71.10	19.50	0.00
1	1	0.00	0.41	74.16	15.78	0.00
1	5	0.00	0.37	71.07	19.85	0.00
2	2	0.00	0.54	72.85	16.65	0.00
2	6	0.00	0.48	73.12	17.53	0.00
3	3	0.00	1.25	78.94	9.89	0.00
3	7	0.02	2.61	65.27	7.67	0.00
Core	CPU	C1%	C3%	C6%	C8%	C9%
-	-	0.01	0.70	72.29	15.75	0.00
0	0	0.01	0.59	74.86	14.08	0.00
0	4	0.01	0.61	73.33	17.07	0.00
1	1	0.01	0.40	72.18	17.50	0.00
1	5	0.00	0.47	72.41	18.33	0.00
2	2	0.00	0.50	70.72	19.23	0.00
2	6	0.00	0.44	72.17	18.63	0.00
3	3	0.00	0.48	78.07	11.85	0.00
3	7	0.02	2.08	64.25	9.21	0.00
Core	CPU	C1%	C3%	C6%	C8%	C9%
-	-	0.01	0.70	72.57	15.39	0.00
0	0	0.01	0.55	74.24	14.68	0.00
0	4	0.00	0.51	71.40	19.34	0.00
1	1	0.00	0.46	75.01	14.77	0.00
1	5	0.00	0.28	71.40	19.54	0.00
2	2	0.00	0.53	71.44	18.40	0.00
2	6	0.01	0.46	72.84	17.89	0.00
3	3	0.01	0.49	79.64	10.25	0.00
3	7	0.02	2.34	64.60	8.24	0.00
Core	CPU	C1%	C3%	C6%	C8%	C9%
-	-	0.01	0.86	69.91	15.96	0.00
0	0	0.01	0.61	71.78	14.52	0.00
0	4	0.00	0.56	70.04	18.78	0.00
1	1	0.01	1.22	72.27	14.45	0.00
1	5	0.00	0.36	68.80	20.06	0.00
2	2	0.00	0.56	68.27	19.76	0.00
2	6	0.00	0.43	69.64	19.02	0.00
3	3	0.01	0.49	76.27	11.94	0.00
3	7	0.02	2.66	62.13	9.08	0.00
Core	CPU	C1%	C3%	C6%	C8%	C9%
-	-	0.00	0.71	73.11	14.67	0.00
0	0	0.00	0.68	78.23	10.34	0.00
0	4	0.00	0.65	74.08	16.35	0.00
1	1	0.01	0.41	73.47	16.57	0.00
1	5	0.00	0.16	70.07	21.04	0.00
2	2	0.00	0.57	71.54	18.23	0.00
2	6	0.00	0.48	71.99	18.69	0.00
3	3	0.00	0.56	80.23	8.84	0.00
3	7	0.02	2.14	65.96	7.41	0.00
Core	CPU	C1%	C3%	C6%	C8%	C9%
-	-	0.01	0.87	73.39	14.34	0.00
0	0	0.01	0.68	75.91	12.85	0.00
0	4	0.00	0.58	72.85	17.78	0.00
1	1	0.01	0.51	74.01	15.92	0.00
1	5	0.01	0.37	73.30	17.36	0.00
2	2	0.00	0.54	71.95	17.30	0.00
2	6	0.00	1.11	71.43	18.08	0.00
3	3	0.00	0.57	79.56	10.18	0.00
3	7	0.02	2.63	67.59	5.14	0.00
Core	CPU	C1%	C3%	C6%	C8%	C9%
-	-	0.01	0.71	71.78	16.18	0.00
0	0	0.00	0.57	71.67	17.39	0.00
0	4	0.00	0.59	72.64	17.82	0.00
1	1	0.01	0.48	73.71	16.19	0.00
1	5	0.01	0.37	70.57	20.21	0.00
2	2	0.00	0.56	70.93	18.88	0.00
2	6	0.01	0.44	71.03	19.69	0.00
3	3	0.00	0.52	78.35	11.36	0.00
3	7	0.02	2.13	65.37	7.93	0.00
Core	CPU	C1%	C3%	C6%	C8%	C9%
-	-	0.02	0.71	72.66	14.94	0.00
0	0	0.10	0.56	72.60	16.15	0.00
0	4	0.00	0.49	70.99	19.16	0.00
1	1	0.01	0.50	76.04	13.30	0.00
1	5	0.00	0.39	72.41	18.31	0.00
2	2	0.00	0.48	71.94	17.50	0.00
2	6	0.01	0.36	70.56	20.21	0.00
3	3	0.00	0.57	80.93	8.24	0.00
3	7	0.02	2.32	66.31	6.82	0.00
Core	CPU	C1%	C3%	C6%	C8%	C9%
-	-	0.01	1.12	70.28	15.68	0.00
0	0	0.00	0.50	72.91	14.17	0.00
0	4	0.00	0.52	69.76	19.02	0.00
1	1	0.01	2.38	72.80	13.59	0.00
1	5	0.00	0.30	68.06	20.76	0.00
2	2	0.00	0.47	67.54	20.36	0.00
2	6	0.01	0.46	68.75	19.94	0.00
3	3	0.00	0.62	78.11	10.00	0.00
3	7	0.02	3.69	63.69	7.43	0.00
Core	CPU	C1%	C3%	C6%	C8%	C9%
-	-	0.00	0.71	72.91	15.04	0.00
0	0	0.00	0.56	73.02	15.98	0.00
0	4	0.00	0.55	73.05	17.54	0.00
1	1	0.00	0.48	72.97	16.94	0.00
1	5	0.00	0.35	71.16	19.50	0.00
2	2	0.00	0.49	72.98	16.94	0.00
2	6	0.01	0.40	73.14	17.70	0.00
3	3	0.00	0.55	80.79	8.99	0.00
3	7	0.02	2.27	66.39	6.75	0.00
Core	CPU	C1%	C3%	C6%	C8%	C9%
-	-	0.01	0.91	71.39	16.34	0.00
0	0	0.01	0.51	72.97	16.09	0.00
0	4	0.01	0.58	70.64	19.97	0.00
1	1	0.01	0.42	72.83	17.09	0.00
1	5	0.01	0.45	71.44	19.26	0.00
2	2	0.00	0.51	71.19	18.70	0.00
2	6	0.00	1.27	70.37	19.21	0.00
3	3	0.00	0.50	78.49	11.39	0.00
3	7	0.01	3.04	63.50	9.07	0.00
Core	CPU	C1%	C3%	C6%	C8%	C9%
-	-	0.01	0.71	72.83	15.19	0.00
0	0	0.00	0.58	72.89	16.13	0.00
0	4	0.00	0.59	70.89	19.70	0.00
1	1	0.01	0.44	74.18	15.77	0.00
1	5	0.00	0.37	72.81	17.92	0.00
2	2	0.00	0.51	71.95	17.95	0.00
2	6	0.00	0.47	73.45	17.29	0.00
3	3	0.00	0.52	80.21	9.55	0.00
3	7	0.02	2.19	66.08	7.17	0.00
Core	CPU	C1%	C3%	C6%	C8%	C9%
-	-	0.01	0.72	71.06	16.34	0.00
0	0	0.00	0.61	72.72	16.31	0.00
0	4	0.00	0.70	71.12	19.66	0.00
1	1	0.01	0.40	72.53	16.93	0.00
1	5	0.01	0.25	68.83	22.34	0.00
2	2	0.00	0.48	70.51	19.67	0.00
2	6	0.00	0.50	71.91	19.00	0.00
3	3	0.00	0.53	78.29	10.93	0.00
3	7	0.03	2.26	62.71	5.91	0.00
Core	CPU	C1%	C3%	C6%	C8%	C9%
-	-	0.01	1.11	70.89	14.84	0.00
0	0	0.00	0.67	73.68	12.94	0.00
0	4	0.01	0.47	70.88	17.20	0.00
1	1	0.01	2.35	71.07	15.42	0.00
1	5	0.00	0.38	69.15	19.82	0.00
2	2	0.00	0.48	69.98	17.86	0.00
2	6	0.01	0.37	71.42	17.43	0.00
3	3	0.00	0.54	77.17	10.23	0.00
3	7	0.03	3.64	63.31	7.72	0.00
Core	CPU	C1%	C3%	C6%	C8%	C9%
-	-	0.01	0.71	72.59	15.37	0.00
0	0	0.00	0.56	74.72	14.17	0.00
0	4	0.00	0.60	74.54	15.91	0.00
1	1	0.01	0.33	72.21	17.63	0.00
1	5	0.00	0.18	70.48	20.54	0.00
2	2	0.00	0.52	70.84	19.06	0.00
2	6	0.00	0.53	72.42	18.33	0.00
3	3	0.00	0.53	80.10	9.74	0.00
3	7	0.02	2.45	65.43	7.57	0.00
Core	CPU	C1%	C3%	C6%	C8%	C9%
-	-	0.01	0.84	72.26	15.33	0.00
0	0	0.01	0.50	72.79	16.20	0.00
0	4	0.00	0.55	73.92	16.35	0.00
1	1	0.01	1.29	72.34	16.67	0.00
1	5	0.00	0.41	72.10	18.43	0.00
2	2	0.00	0.46	70.29	19.44	0.00
2	6	0.01	0.38	71.62	18.55	0.00
3	3	0.00	0.53	80.12	9.70	0.00
3	7	0.02	2.62	65.31	7.37	0.00
Core	CPU	C1%	C3%	C6%	C8%	C9%
-	-	0.03	0.68	73.23	14.81	0.00
0	0	0.01	0.55	75.27	13.58	0.00
0	4	0.00	0.43	72.35	18.42	0.00
1	1	0.01	0.42	73.11	16.85	0.00
1	5	0.00	0.27	71.81	19.13	0.00
2	2	0.00	0.50	71.31	18.56	0.00
2	6	0.01	0.39	72.71	18.11	0.00
3	3	0.00	0.62	81.85	7.85	0.00
3	7	0.22	2.28	67.01	5.92	0.00
Core	CPU	C1%	C3%	C6%	C8%	C9%
-	-	0.00	0.69	73.42	14.58	0.00
0	0	0.00	0.62	76.06	12.95	0.00
0	4	0.00	0.65	75.80	14.54	0.00
1	1	0.00	0.28	72.94	17.14	0.00
1	5	0.00	0.36	73.04	17.78	0.00
2	2	0.00	0.56	73.21	16.61	0.00
2	6	0.00	0.37	73.79	17.00	0.00
3	3	0.01	0.49	78.83	11.04	0.00
3	7	0.01	2.21	63.64	9.59	0.00
Core	CPU	C1%	C3%	C6%	C8%	C9%
-	-	0.01	0.95	70.30	15.46	0.30
0	0	0.00	0.51	71.47	16.02	0.00
0	4	0.01	0.60	72.15	16.25	0.00
1	1	0.01	0.90	70.03	16.51	2.37
1	5	0.00	0.37	69.67	18.66	0.00
2	2	0.00	0.47	69.44	18.36	0.00
2	6	0.00	0.43	70.88	17.37	0.00
3	3	0.00	0.50	76.32	11.65	0.00
3	7	0.01	3.80	62.26	8.85	0.00
Core	CPU	C1%	C3%	C6%	C8%	C9%
-	-	0.01	0.72	72.76	15.15	0.00
0	0	0.00	0.55	75.16	13.60	0.00
0	4	0.00	0.61	75.22	15.07	0.00
1	1	0.01	0.41	71.39	18.66	0.00
1	5	0.00	0.40	69.17	21.63	0.00
2	2	0.00	0.56	70.70	19.08	0.00
2	6	0.01	0.45	72.32	18.46	0.00
3	3	0.00	0.57	81.21	8.53	0.00
3	7	0.02	2.21	66.97	6.16	0.00
Core	CPU	C1%	C3%	C6%	C8%	C9%
-	-	0.09	0.85	73.23	14.54	0.00
0	0	0.00	0.60	75.77	13.10	0.00
0	4	0.00	1.30	74.24	15.54	0.00
1	1	0.00	0.32	72.79	17.37	0.00
1	5	0.00	0.25	71.53	19.48	0.00
2	2	0.00	0.56	71.83	17.94	0.00
2	6	0.00	0.51	73.69	17.06	0.00
3	3	0.00	0.61	81.19	8.56	0.00
3	7	0.69	2.67	64.76	7.30	0.00
Core	CPU	C1%	C3%	C6%	C8%	C9%
-	-	0.01	0.69	72.64	15.30	0.00
0	0	0.01	0.58	76.05	12.87	0.00
0	4	0.00	0.56	73.73	16.77	0.00
1	1	0.01	0.45	74.57	15.34	0.00
1	5	0.01	0.31	72.48	18.43	0.00
2	2	0.00	0.57	70.88	18.89	0.00
2	6	0.01	0.50	72.76	18.03	0.00
3	3	0.00	0.51	77.52	12.29	0.00
3	7	0.01	2.08	63.46	9.85	0.00
Core	CPU	C1%	C3%	C6%	C8%	C9%
-	-	0.00	0.71	73.08	14.90	0.00
0	0	0.01	0.53	74.85	14.14	0.00
0	4	0.00	0.56	75.01	15.39	0.00
1	1	0.01	0.47	73.18	16.84	0.00
1	5	0.00	0.35	72.16	18.71	0.00
2	2	0.00	0.55	70.64	19.15	0.00
2	6	0.01	0.38	72.39	18.46	0.00
3	3	0.00	0.51	80.48	9.33	0.00
3	7	0.02	2.36	65.88	7.17	0.00
Core	CPU	C1%	C3%	C6%	C8%	C9%
-	-	0.01	1.00	70.40	15.33	0.00
0	0	0.01	0.62	74.22	12.61	0.00
0	4	0.01	0.60	69.77	19.07	0.00
1	1	0.00	1.34	71.38	15.08	0.00
1	5	0.00	0.39	69.14	19.07	0.00
2	2	0.01	0.50	70.36	16.96	0.00
2	6	0.00	0.37	70.63	18.75	0.00
3	3	0.00	0.53	75.55	12.26	0.00
3	7	0.01	3.69	62.39	8.90	0.00
Core	CPU	C1%	C3%	C6%	C8%	C9%
-	-	0.01	0.70	73.10	14.88	0.00
0	0	0.00	0.56	76.00	12.97	0.00
0	4	0.00	0.75	75.79	14.53	0.00
1	1	0.01	0.43	72.45	17.36	0.00
1	5	0.00	0.31	71.56	19.15	0.00
2	2	0.00	0.52	70.75	18.93	0.00
2	6	0.00	0.40	72.58	18.25	0.00
3	3	0.00	0.53	79.50	10.32	0.00
3	7	0.02	2.14	65.88	7.44	0.00
Core	CPU	C1%	C3%	C6%	C8%	C9%
-	-	0.01	0.85	72.83	15.05	0.00
0	0	0.00	0.49	73.21	15.93	0.00
0	4	0.00	0.61	73.24	17.29	0.00
1	1	0.01	1.13	75.02	13.87	0.00
1	5	0.00	0.33	73.34	17.54	0.00
2	2	0.00	0.48	68.81	21.14	0.00
2	6	0.01	0.42	72.03	18.85	0.00
3	3	0.00	0.51	81.15	8.69	0.00
3	7	0.02	2.83	65.71	7.04	0.00
Core	CPU	C1%	C3%	C6%	C8%	C9%
-	-	0.01	0.71	73.52	14.43	0.00
0	0	0.00	0.58	75.46	13.56	0.00
0	4	0.01	0.77	74.64	15.70	0.00
1	1	0.01	0.42	75.07	14.72	0.00
1	5	0.00	0.26	72.36	18.58	0.00
2	2	0.00	0.41	70.66	19.07	0.00
2	6	0.01	0.38	73.28	17.55	0.00
3	3	0.00	0.55	80.83	8.99	0.00
3	7	0.03	2.30	65.92	7.29	0.00
Core	CPU	C1%	C3%	C6%	C8%	C9%
-	-	0.01	0.70	72.90	15.07	0.00
0	0	0.01	0.57	72.84	16.17	0.00
0	4	0.00	0.69	73.24	17.16	0.00
1	1	0.00	0.53	72.88	16.90	0.00
1	5	0.00	0.49	73.55	17.01	0.00
2	2	0.00	0.45	70.87	18.85	0.00
2	6	0.01	0.29	72.85	18.07	0.00
3	3	0.00	0.62	79.64	10.08	0.00
3	7	0.02	1.96	67.24	6.28	0.00
Core	CPU	C1%	C3%	C6%	C8%	C9%
-	-	0.01	1.40	70.80	15.74	0.00
0	0	0.00	0.54	71.76	15.59	0.00
0	4	0.00	0.53	71.25	19.20	0.00
1	1	0.01	3.48	70.30	16.24	0.00
1	5	0.00	0.41	70.54	17.76	0.00
2	2	0.00	0.57	70.76	18.66	0.00
2	6	0.00	0.34	70.69	19.33	0.00
3	3	0.00	0.57	77.95	11.42	0.00
3	7	0.04	4.73	63.04	7.73	0.00
Core	CPU	C1%	C3%	C6%	C8%	C9%
-	-	0.00	0.70	73.50	14.49	0.00
0	0	0.00	0.64	75.17	13.61	0.00
0	4	0.00	0.52	74.40	16.12	0.00
1	1	0.01	0.33	72.95	17.06	0.00
1	5	0.00	0.30	71.17	19.78	0.00
2	2	0.00	0.57	72.78	17.03	0.00
2	6	0.00	0.42	73.51	17.28	0.00
3	3	0.00	0.49	81.19	8.65	0.00
3	7	0.02	2.30	66.82	6.42	0.00
Core	CPU	C1%	C3%	C6%	C8%	C9%
-	-	0.00	0.86	72.55	15.25	0.00
0	0	0.01	0.52	72.14	16.97	0.00
0	4	0.00	1.22	71.78	18.07	0.00
1	1	0.01	0.43	74.07	15.94	0.00
1	5	0.00	0.39	73.28	17.52	0.00
2	2	0.00	0.55	70.86	19.01	0.00
2	6	0.00	0.36	72.86	17.99	0.00
3	3	0.00	0.60	79.92	9.85	0.00
3	7	0.02	2.86	65.98	6.75	0.00
Core	CPU	C1%	C3%	C6%	C8%	C9%
-	-	0.01	0.71	73.11	14.88	0.00
0	0	0.01	0.64	75.28	13.57	0.00
0	4	0.01	0.58	73.51	17.07	0.00
1	1	0.00	0.40	73.29	16.46	0.00
1	5	0.01	0.39	70.97	19.79	0.00
2	2	0.00	0.52	71.27	18.64	0.00
2	6	0.00	0.45	74.19	16.63	0.00
3	3	0.00	0.57	80.59	9.21	0.00
3	7	0.02	2.12	65.71	7.62	0.00
Core	CPU	C1%	C3%	C6%	C8%	C9%
-	-	0.01	0.69	72.65	15.37	0.00
0	0	0.01	0.55	75.13	13.79	0.00
0	4	0.00	0.51	73.42	17.29	0.00
1	1	0.00	0.39	74.26	15.65	0.00
1	5	0.00	0.39	71.73	19.13	0.00
2	2	0.00	0.60	72.53	17.13	0.00
2	6	0.00	0.40	72.45	18.36	0.00
3	3	0.01	0.51	77.95	11.93	0.00
3	7	0.01	2.16	63.68	9.66	0.00
Core	CPU	C1%	C3%	C6%	C8%	C9%
-	-	0.01	1.17	71.18	15.34	0.00
0	0	0.00	0.52	70.89	16.71	0.00
0	4	0.00	0.39	71.01	18.92	0.00
1	1	0.01	2.06	71.82	15.13	0.00
1	5	0.00	0.32	70.40	19.67	0.00
2	2	0.00	0.39	71.66	16.45	0.00
2	6	0.00	0.42	72.20	18.07	0.00
3	3	0.00	0.55	77.49	10.51	0.00
3	7	0.03	4.73	63.88	7.24	0.00
Core	CPU	C1%	C3%	C6%	C8%	C9%
-	-	0.01	0.74	70.35	16.91	0.00
0	0	0.00	0.59	72.93	16.10	0.00
0	4	0.00	0.61	71.09	19.60	0.00
1	1	0.01	0.35	71.75	17.51	0.00
1	5	0.00	0.40	67.80	22.48	0.00
2	2	0.00	0.42	70.14	19.95	0.00
2	6	0.00	0.47	69.91	20.97	0.00
3	3	0.00	0.53	77.83	11.31	0.00
3	7	0.02	2.53	61.22	7.29	0.00
Core	CPU	C1%	C3%	C6%	C8%	C9%
-	-	0.01	0.79	72.77	14.87	0.00
0	0	0.00	0.58	73.25	15.69	0.00
0	4	0.00	0.97	72.86	16.93	0.00
1	1	0.00	0.33	74.57	15.24	0.00
1	5	0.01	0.39	72.00	18.33	0.00
2	2	0.00	0.48	73.55	16.30	0.00
2	6	0.00	0.41	73.66	16.57	0.00
3	3	0.00	0.49	79.22	10.76	0.00
3	7	0.02	2.68	63.66	9.26	0.00
Core	CPU	C1%	C3%	C6%	C8%	C9%
-	-	0.00	0.69	73.02	15.04	0.00
0	0	0.01	0.60	72.86	16.12	0.00
0	4	0.00	0.50	74.84	15.67	0.00
1	1	0.00	0.50	72.29	17.49	0.00
1	5	0.00	0.32	71.56	19.24	0.00
2	2	0.00	0.55	71.00	18.86	0.00
2	6	0.00	0.39	73.23	17.61	0.00
3	3	0.00	0.57	80.64	9.18	0.00
3	7	0.02	2.12	67.31	6.05	0.00
Core	CPU	C1%	C3%	C6%	C8%	C9%
-	-	0.01	0.70	72.27	15.72	0.00
0	0	0.00	0.48	73.40	15.75	0.00
0	4	0.00	0.59	73.12	17.52	0.00
1	1	0.01	0.37	73.76	16.19	0.00
1	5	0.00	0.30	71.13	19.68	0.00
2	2	0.01	0.54	72.32	17.41	0.00
2	6	0.00	0.52	72.63	18.05	0.00
3	3	0.00	0.57	78.35	11.52	0.00
3	7	0.02	2.26	63.49	9.68	0.00
Core	CPU	C1%	C3%	C6%	C8%	C9%
-	-	0.01	0.95	70.78	15.01	0.01
0	0	0.00	0.54	70.82	16.20	0.00
0	4	0.00	0.51	70.46	17.73	0.00
1	1	0.01	1.01	73.16	13.56	0.09
1	5	0.01	0.40	70.44	18.34	0.00
2	2	0.00	0.47	70.16	17.73	0.00
2	6	0.00	0.45	69.20	19.44	0.00
3	3	0.01	0.47	78.15	9.59	0.00
3	7	0.02	3.74	63.65	7.43	0.00
Core	CPU	C1%	C3%	C6%	C8%	C9%
-	-	0.01	0.68	73.70	14.28	0.00
0	0	0.01	0.56	75.84	13.07	0.00
0	4	0.00	0.55	73.39	17.32	0.00
1	1	0.00	0.47	72.78	17.14	0.00
1	5	0.00	0.23	71.29	19.65	0.00
2	2	0.00	0.51	75.98	13.71	0.00
2	6	0.01	0.50	74.17	16.58	0.00
3	3	0.00	0.53	80.87	8.89	0.00
3	7	0.02	2.08	65.51	7.96	0.00
Core	CPU	C1%	C3%	C6%	C8%	C9%
-	-	0.01	0.78	71.31	16.31	0.00
0	0	0.00	0.58	72.19	16.84	0.00
0	4	0.01	0.53	70.98	19.67	0.00
1	1	0.01	0.32	72.68	16.89	0.00
1	5	0.00	0.36	69.62	21.25	0.00
2	2	0.00	0.56	73.01	15.97	0.00
2	6	0.00	0.48	70.95	19.81	0.00
3	3	0.00	0.72	77.56	11.04	0.00
3	7	0.02	2.68	63.63	9.06	0.00
Core	CPU	C1%	C3%	C6%	C8%	C9%
-	-	0.05	0.66	73.19	14.75	0.00
0	0	0.00	0.59	75.86	12.99	0.00
0	4	0.01	0.56	74.55	16.11	0.00
1	1	0.01	0.28	73.84	15.91	0.00
1	5	0.01	0.35	72.34	18.58	0.00
2	2	0.00	0.56	71.27	18.55	0.00
2	6	0.00	0.42	73.38	17.38	0.00
3	3	0.00	0.44	79.26	10.63	0.00
3	7	0.40	2.10	65.00	7.86	0.00
Core	CPU	C1%	C3%	C6%	C8%	C9%
-	-	0.05	0.72	72.54	15.37	0.00
0	0	0.00	0.59	71.80	17.04	0.00
0	4	0.00	0.66	72.08	18.37	0.00
1	1	0.00	0.40	72.65	17.11	0.00
1	5	0.00	0.39	70.65	20.20	0.00
2	2	0.00	0.55	73.93	15.90	0.00
2	6	0.00	0.52	73.03	17.65	0.00
3	3	0.00	0.54	79.53	10.23	0.00
3	7	0.41	2.14	66.50	6.39	0.00
Core	CPU	C1%	C3%	C6%	C8%	C9%
-	-	0.05	0.98	69.57	16.14	0.00
0	0	0.01	0.56	70.07	17.43	0.00
0	4	0.00	0.53	70.13	17.75	0.00
1	1	0.01	1.29	70.00	16.59	0.00
1	5	0.00	0.38	68.47	20.31	0.00
2	2	0.00	0.50	67.23	20.57	0.00
2	6	0.00	0.37	68.99	20.51	0.00
3	3	0.00	0.52	78.03	9.43	0.00
3	7	0.41	3.71	63.99	6.66	0.00
Core	CPU	C1%	C3%	C6%	C8%	C9%
-	-	0.00	0.73	72.11	15.92	0.00
0	0	0.01	0.58	72.65	16.30	0.00
0	4	0.00	0.64	72.88	17.55	0.00
1	1	0.01	0.42	72.56	17.40	0.00
1	5	0.00	0.38	70.88	20.06	0.00
2	2	0.00	0.52	70.43	19.42	0.00
2	6	0.00	0.41	71.77	19.00	0.00
3	3	0.01	0.53	80.07	9.76	0.00
3	7	0.02	2.39	65.34	7.80	0.00
Core	CPU	C1%	C3%	C6%	C8%	C9%
-	-	0.01	0.82	71.84	16.07	0.00
0	0	0.01	0.53	71.03	18.12	0.00
0	4	0.00	0.61	71.81	18.65	0.00
1	1	0.01	0.38	74.50	15.42	0.00
1	5	0.00	0.36	71.24	19.64	0.00
2	2	0.00	0.51	72.55	17.20	0.00
2	6	0.00	0.48	72.35	18.42	0.00
3	3	0.00	1.30	77.21	11.68	0.00
3	7	0.02	2.42	63.70	9.37	0.00
Core	CPU	C1%	C3%	C6%	C8%	C9%
-	-	0.00	0.68	73.16	14.84	0.00
0	0	0.00	0.56	73.45	15.48	0.00
0	4	0.00	0.37	70.86	19.98	0.00
1	1	0.00	0.46	74.79	15.09	0.00
1	5	0.00	0.32	72.56	18.37	0.00
2	2	0.00	0.48	71.63	18.16	0.00
2	6	0.00	0.44	73.01	17.79	0.00
3	3	0.00	0.57	81.66	8.11	0.00
3	7	0.02	2.22	67.51	5.75	0.00
Core	CPU	C1%	C3%	C6%	C8%	C9%
-	-	0.01	0.69	73.07	14.89	0.00
0	0	0.00	0.53	74.04	14.85	0.00
0	4	0.00	0.56	71.38	19.18	0.00
1	1	0.01	0.43	74.94	14.83	0.00
1	5	0.00	0.35	70.91	19.89	0.00
2	2	0.00	0.50	72.46	17.39	0.00
2	6	0.00	0.38	72.85	17.99	0.00
3	3	0.00	0.52	81.11	8.68	0.00
3	7	0.03	2.25	66.86	6.29	0.00
Core	CPU	C1%	C3%	C6%	C8%	C9%
-	-	0.01	1.16	70.90	15.47	0.00
0	0	0.00	0.51	72.62	15.28	0.00
0	4	0.00	0.55	70.41	19.14	0.00
1	1	0.00	1.74	71.22	15.60	0.00
1	5	0.00	0.32	69.17	19.97	0.00
2	2	0.00	0.48	69.60	19.27	0.00
2	6	0.00	0.44	70.53	18.56	0.00
3	3	0.00	0.53	79.80	9.39	0.00
3	7	0.03	4.72	64.30	6.66	0.00
Core	CPU	C1%	C3%	C6%	C8%	C9%
-	-	0.01	0.69	73.82	14.27	0.00
0	0	0.01	0.54	74.92	14.05	0.00
0	4	0.00	0.47	72.49	18.29	0.00
1	1	0.00	0.37	76.24	13.62	0.00
1	5	0.00	0.31	72.31	18.64	0.00
2	2	0.00	0.51	71.23	18.58	0.00
2	6	0.00	0.40	74.37	16.45	0.00
3	3	0.00	0.52	81.80	8.01	0.00
3	7	0.02	2.37	66.74	6.41	0.00
Core	CPU	C1%	C3%	C6%	C8%	C9%
-	-	0.01	0.82	72.68	15.07	0.00
0	0	0.00	0.59	75.90	12.93	0.00
0	4	0.01	0.44	72.96	17.80	0.00
1	1	0.01	0.43	74.54	15.16	0.00
1	5	0.01	0.31	71.34	19.42	0.00
2	2	0.00	0.46	70.66	19.29	0.00
2	6	0.00	0.48	72.27	18.51	0.00
3	3	0.00	1.17	78.92	9.80	0.00
3	7	0.02	2.67	65.26	7.71	0.00
Core	CPU	C1%	C3%	C6%	C8%	C9%
-	-	0.01	0.73	72.44	15.57	0.00
0	0	0.01	0.58	74.93	13.96	0.00
0	4	0.01	0.60	72.64	18.01	0.00
1	1	0.01	0.42	71.82	18.19	0.00
1	5	0.01	0.26	70.60	20.22	0.00
2	2	0.00	0.61	71.27	18.48	0.00
2	6	0.01	0.50	74.49	16.18	0.00
3	3	0.01	0.50	79.22	10.66	0.00
3	7	0.02	2.35	64.31	8.81	0.00
Core	CPU	C1%	C3%	C6%	C8%	C9%
-	-	0.00	0.66	73.70	14.37	0.00
0	0	0.01	0.57	73.48	15.49	0.00
0	4	0.00	0.51	74.28	16.45	0.00
1	1	0.00	0.41	73.60	16.34	0.00
1	5	0.00	0.38	72.18	18.72	0.00
2	2	0.00	0.43	75.51	14.24	0.00
2	6	0.00	0.43	74.51	16.27	0.00
3	3	0.00	0.52	80.06	9.81	0.00
3	7	0.02	2.02	65.86	7.60	0.00
Core	CPU	C1%	C3%	C6%	C8%	C9%
-	-	0.01	1.22	71.02	15.46	0.00
0	0	0.00	0.55	71.98	16.34	0.00
0	4	0.00	0.48	70.42	19.08	0.00
1	1	0.01	2.21	72.67	13.99	0.00
1	5	0.01	0.37	70.78	18.85	0.00
2	2	0.00	0.48	71.79	16.70	0.00
2	6	0.00	0.41	70.79	19.12	0.00
3	3	0.01	0.53	77.35	11.25	0.00
3	7	0.02	4.72	62.72	8.42	0.00
Core	CPU	C1%	C3%	C6%	C8%	C9%
-	-	0.01	0.71	73.42	14.64	0.00
0	0	0.00	0.56	77.23	11.65	0.00
0	4	0.00	0.69	73.21	17.32	0.00
1	1	0.01	0.39	74.79	15.09	0.00
1	5	0.00	0.27	71.36	19.71	0.00
2	2	0.00	0.50	69.67	20.02	0.00
2	6	0.00	0.36	71.78	19.03	0.00
3	3	0.00	0.53	81.68	8.21	0.00
3	7	0.03	2.41	67.08	5.95	0.00
Core	CPU	C1%	C3%	C6%	C8%	C9%
-	-	0.01	0.89	72.44	15.38	0.00
0	0	0.00	0.53	75.08	13.88	0.00
0	4	0.01	1.59	72.01	17.55	0.00
1	1	0.01	0.31	75.08	14.90	0.00
1	5	0.00	0.35	69.67	21.28	0.00
2	2	0.00	0.49	69.23	20.67	0.00
2	6	0.00	0.54	71.83	18.88	0.00
3	3	0.00	0.49	81.40	8.54	0.00
3	7	0.02	2.80	65.47	7.38	0.00
Core	CPU	C1%	C3%	C6%	C8%	C9%
-	-	0.01	0.73	73.57	14.43	0.00
0	0	0.00	0.59	74.05	14.87	0.00
0	4	0.00	0.56	71.57	19.03	0.00
1	1	0.01	0.44	72.58	17.46	0.00
1	5	0.00	0.34	70.93	20.04	0.00
2	2	0.00	0.48	76.82	12.77	0.00
2	6	0.01	0.44	73.32	17.46	0.00
3	3	0.00	0.57	82.32	7.53	0.00
3	7	0.02	2.43	66.87	6.24	0.00
Core	CPU	C1%	C3%	C6%	C8%	C9%
-	-	0.00	0.67	70.79	16.60	0.00
0	0	0.00	0.58	74.87	14.04	0.00
0	4	0.00	0.43	71.80	19.05	0.00
1	1	0.01	0.40	70.69	19.24	0.00
1	5	0.00	0.38	70.02	20.82	0.00
2	2	0.00	0.47	68.49	21.54	0.00
2	6	0.00	0.38	68.62	22.34	0.00
3	3	0.00	0.55	78.87	10.39	0.00
3	7	0.02	2.13	63.39	5.49	0.00
Core	CPU	C1%	C3%	C6%	C8%	C9%
-	-	0.01	1.05	71.06	15.04	0.00
0	0	0.00	0.58	76.02	11.08	0.00
0	4	0.01	0.49	73.48	14.82	0.00
1	1	0.01	1.31	67.41	19.18	0.00
1	5	0.01	0.44	68.83	19.46	0.00
2	2	0.00	0.51	69.25	19.06	0.00
2	6	0.00	0.34	71.03	18.38	0.00
3	3	0.00	0.54	77.90	11.00	0.00
3	7	0.02	4.17	63.95	7.18	0.00
Core	CPU	C1%	C3%	C6%	C8%	C9%
-	-	0.01	0.66	73.45	14.54	0.00
0	0	0.00	0.54	73.23	15.68	0.00
0	4	0.00	0.36	72.35	18.49	0.00
1	1	0.00	0.51	76.48	13.18	0.00
1	5	0.01	0.31	73.70	17.27	0.00
2	2	0.00	0.55	71.29	18.52	0.00
2	6	0.00	0.33	73.43	17.54	0.00
3	3	0.00	0.55	80.47	9.32	0.00
3	7	0.02	2.18	66.91	6.33	0.00
Core	CPU	C1%	C3%	C6%	C8%	C9%
-	-	0.01	0.73	72.89	14.89	0.00
0	0	0.01	0.84	74.81	13.12	0.00
0	4	0.00	0.45	73.93	16.73	0.00
1	1	0.00	0.41	73.19	16.75	0.00
1	5	0.00	0.36	71.11	19.84	0.00
2	2	0.00	0.48	73.67	15.98	0.00
2	6	0.00	0.37	73.94	16.95	0.00
3	3	0.00	0.49	78.76	10.81	0.00
3	7	0.02	2.48	64.11	9.02	0.00
Core	CPU	C1%	C3%	C6%	C8%	C9%
-	-	0.00	0.69	73.47	14.63	0.00
0	0	0.01	0.59	75.04	13.88	0.00
0	4	0.00	0.55	73.21	17.44	0.00
1	1	0.00	0.45	73.27	16.65	0.00
1	5	0.00	0.30	72.09	18.82	0.00
2	2	0.00	0.56	71.47	18.33	0.00
2	6	0.00	0.35	74.64	16.25	0.00
3	3	0.00	0.51	81.18	8.71	0.00
3	7	0.02	2.21	66.40	6.85	0.00
Core	CPU	C1%	C3%	C6%	C8%	C9%
-	-	0.01	0.70	72.40	15.57	0.00
0	0	0.01	0.62	73.79	15.15	0.00
0	4	0.00	0.52	74.17	16.41	0.00
1	1	0.00	0.39	72.56	17.38	0.00
1	5	0.00	0.28	69.62	21.44	0.00
2	2	0.00	0.58	72.67	17.03	0.00
2	6	0.00	0.53	73.34	17.27	0.00
3	3	0.00	0.51	79.28	10.55	0.00
3	7	0.02	2.16	63.94	9.39	0.00
Core	CPU	C1%	C3%	C6%	C8%	C9%
-	-	0.00	0.95	70.68	15.34	0.01
0	0	0.00	0.55	73.11	14.31	0.00
0	4	0.00	0.54	73.15	15.59	0.00
1	1	0.00	0.99	68.89	17.66	0.05
1	5	0.00	0.30	69.66	19.26	0.00
2	2	0.00	0.57	68.99	18.77	0.00
2	6	0.01	0.44	71.89	17.48	0.00
3	3	0.01	0.56	77.40	11.16	0.00
3	7	0.02	3.63	62.66	8.52	0.00
Core	CPU	C1%	C3%	C6%	C8%	C9%
-	-	0.00	0.65	72.76	15.38	0.00
0	0	0.00	0.53	75.34	13.56	0.00
0	4	0.00	0.49	74.35	16.40	0.00
1	1	0.00	0.39	73.20	16.62	0.00
1	5	0.01	0.39	72.10	18.76	0.00
2	2	0.00	0.58	70.74	19.07	0.00
2	6	0.00	0.43	72.95	17.84	0.00
3	3	0.00	0.51	78.40	11.43	0.00
3	7	0.02	1.89	64.33	9.21	0.00
Core	CPU	C1%	C3%	C6%	C8%	C9%
-	-	0.00	0.79	71.82	15.79	0.06
0	0	0.00	0.59	74.74	14.00	0.00
0	4	0.00	0.57	73.31	17.30	0.00
1	1	0.00	0.69	70.58	18.41	0.51
1	5	0.01	0.32	70.71	20.25	0.00
2	2	0.00	0.61	71.60	17.75	0.00
2	6	0.01	0.50	72.30	17.92	0.00
3	3	0.00	0.42	77.66	11.34	0.00
3	7	0.01	2.59	63.66	9.35	0.00
Core	CPU	C1%	C3%	C6%	C8%	C9%
-	-	0.01	0.68	74.14	13.84	0.00
0	0	0.00	0.64	77.85	10.81	0.00
0	4	0.01	0.37	73.62	17.23	0.00
1	1	0.01	0.48	72.52	17.43	0.00
1	5	0.00	0.41	72.69	18.07	0.00
2	2	0.00	0.41	73.02	16.71	0.00
2	6	0.00	0.33	74.05	16.87	0.00
3	3	0.00	0.62	81.35	8.37	0.00
3	7	0.02	2.22	68.03	5.24	0.00
Core	CPU	C1%	C3%	C6%	C8%	C9%
-	-	0.01	0.70	73.35	14.61	0.00
0	0	0.01	0.61	77.03	11.69	0.00
0	4	0.00	0.47	73.41	17.38	0.00
1	1	0.00	0.43	72.36	17.64	0.00
1	5	0.01	0.37	73.42	17.22	0.00
2	2	0.00	0.48	70.62	18.97	0.00
2	6	0.00	0.42	73.06	17.76	0.00
3	3	0.00	0.52	80.87	8.96	0.00
3	7	0.02	2.26	66.04	7.25	0.00
Core	CPU	C1%	C3%	C6%	C8%	C9%
-	-	0.03	1.14	70.32	15.39	0.00
0	0	0.00	0.71	73.75	13.89	0.00
0	4	0.01	0.53	70.78	17.82	0.00
1	1	0.01	2.34	69.62	17.00	0.00
1	5	0.01	0.36	71.61	17.60	0.00
2	2	0.00	0.46	69.41	17.82	0.00
2	6	0.01	0.25	71.19	17.91	0.00
3	3	0.01	0.54	74.59	12.59	0.00
3	7	0.22	3.95	62.22	8.60	0.00
Core	CPU	C1%	C3%	C6%	C8%	C9%
-	-	0.01	0.65	73.43	14.68	0.00
0	0	0.00	0.70	79.24	9.25	0.00
0	4	0.01	0.49	73.63	17.08	0.00
1	1	0.00	0.31	72.12	17.99	0.00
1	5	0.01	0.39	72.70	18.13	0.00
2	2	0.00	0.54	72.60	17.20	0.00
2	6	0.01	0.34	74.23	16.63	0.00
3	3	0.01	0.45	78.64	11.32	0.00
3	7	0.02	1.99	63.63	9.67	0.00
Core	CPU	C1%	C3%	C6%	C8%	C9%
-	-	0.01	0.81	73.10	14.79	0.00
0	0	0.00	0.56	74.27	14.72	0.00
0	4	0.00	0.48	74.04	16.62	0.00
1	1	0.00	1.23	72.96	16.17	0.00
1	5	0.00	0.40	72.50	18.32	0.00
2	2	0.00	0.44	73.28	16.61	0.00
2	6	0.00	0.42	74.72	16.04	0.00
3	3	0.01	0.51	78.17	11.49	0.00
3	7	0.02	2.40	64.83	8.36	0.00
Core	CPU	C1%	C3%	C6%	C8%	C9%
-	-	0.01	0.66	72.78	15.12	0.00
0	0	0.00	0.69	75.49	13.18	0.00
0	4	0.00	0.55	73.21	17.44	0.00
1	1	0.01	0.36	72.11	17.94	0.00
1	5	0.00	0.32	70.25	20.67	0.00
2	2	0.00	0.48	72.90	16.91	0.00
2	6	0.00	0.35	75.30	15.34	0.00
3	3	0.01	0.48	79.09	10.72	0.00
3	7	0.02	2.08	64.52	8.90	0.00
Core	CPU	C1%	C3%	C6%	C8%	C9%
-	-	0.01	0.66	73.81	14.32	0.00
0	0	0.00	0.52	78.41	10.35	0.00
0	4	0.00	0.37	74.40	16.45	0.00
1	1	0.00	0.40	73.30	16.77	0.00
1	5	0.01	0.44	73.41	17.41	0.00
2	2	0.00	0.41	72.10	17.75	0.00
2	6	0.01	0.32	73.02	17.81	0.00
3	3	0.00	0.61	79.02	10.72	0.00
3	7	0.02	2.20	66.15	7.13	0.00
Core	CPU	C1%	C3%	C6%	C8%	C9%
-	-	0.01	1.03	70.24	15.54	0.00
0	0	0.01	0.65	73.19	14.05	0.00
0	4	0.00	0.48	71.22	17.49	0.00
1	1	0.01	1.16	71.04	15.73	0.00
1	5	0.00	0.34	69.66	19.21	0.00
2	2	0.00	0.46	71.11	16.79	0.00
2	6	0.00	0.48	72.29	16.51	0.00
3	3	0.00	0.44	74.28	13.20	0.00
3	7	0.02	4.24	59.79	11.51	0.00
Core	CPU	C1%	C3%	C6%	C8%	C9%
-	-	0.00	0.66	72.96	15.17	0.00
0	0	0.01	0.57	72.63	16.29	0.00
0	4	0.01	0.37	72.40	18.49	0.00
1	1	0.00	0.41	72.31	17.77	0.00
1	5	0.00	0.56	72.67	18.08	0.00
2	2	0.00	0.48	75.69	14.02	0.00
2	6	0.00	0.35	74.27	16.61	0.00
3	3	0.00	0.48	79.06	10.75	0.00
3	7	0.01	2.03	64.22	9.24	0.00
Core	CPU	C1%	C3%	C6%	C8%	C9%
-	-	0.00	0.83	72.75	15.01	0.00
0	0	0.00	0.66	73.58	15.27	0.00
0	4	0.00	0.46	73.64	17.18	0.00
1	1	0.00	0.96	71.52	17.56	0.00
1	5	0.01	0.20	71.37	19.50	0.00
2	2	0.00	0.57	74.61	15.02	0.00
2	6	0.01	0.55	74.14	16.62	0.00
3	3	0.00	0.48	79.45	9.75	0.00
3	7	0.02	2.74	63.65	9.18	0.00
Core	CPU	C1%	C3%	C6%	C8%	C9%
-	-	0.01	0.68	73.03	15.01	0.00
0	0	0.00	0.53	72.94	16.11	0.00
0	4	0.00	0.45	72.84	17.98	0.00
1	1	0.00	0.45	73.79	16.15	0.00
1	5	0.01	0.31	73.73	17.03	0.00
2	2	0.00	0.44	72.06	17.82	0.00
2	6	0.01	0.50	73.86	16.84	0.00
3	3	0.00	0.52	79.43	10.36	0.00
3	7	0.02	2.21	65.49	7.79	0.00
Core	CPU	C1%	C3%	C6%	C8%	C9%
-	-	0.00	0.69	73.32	14.67	0.00
0	0	0.00	0.51	74.39	14.48	0.00
0	4	0.00	0.43	74.05	16.67	0.00
1	1	0.00	0.48	75.18	14.64	0.00
1	5	0.00	0.39	73.27	17.55	0.00
2	2	0.00	0.55	73.39	16.46	0.00
2	6	0.00	0.45	74.14	16.63	0.00
3	3	0.00	0.54	77.98	11.79	0.00
3	7	0.02	2.14	64.20	9.11	0.00
Core	CPU	C1%	C3%	C6%	C8%	C9%
-	-	0.00	1.19	72.31	14.17	0.00
0	0	0.00	0.59	76.12	12.37	0.00
0	4	0.00	0.53	72.82	16.09	0.00
1	1	0.00	2.04	72.11	14.58	0.00
1	5	0.00	0.25	70.05	19.81	0.00
2	2	0.00	0.55	71.21	17.66	0.00
2	6	0.00	0.40	73.23	16.50	0.00
3	3	0.00	0.47	78.60	10.07	0.00
3	7	0.02	4.69	64.77	6.33	0.00
Core	CPU	C1%	C3%	C6%	C8%	C9%
-	-	0.01	0.65	71.89	15.44	0.00
0	0	0.01	0.58	74.45	14.49	0.00
0	4	0.00	0.57	73.99	16.71	0.00
1	1	0.00	0.36	71.08	18.83	0.00
1	5	0.01	0.32	68.89	21.57	0.00
2	2	0.00	0.55	72.98	16.67	0.00
2	6	0.00	0.50	72.36	18.52	0.00
3	3	0.00	0.41	78.73	10.53	0.00
3	7	0.02	1.90	62.80	6.27	0.00
Core	CPU	C1%	C3%	C6%	C8%	C9%
-	-	0.01	0.86	71.97	15.97	0.00
0	0	0.00	0.63	73.69	15.24	0.00
0	4	0.01	0.45	73.87	16.74	0.00
1	1	0.00	1.22	72.20	16.92	0.00
1	5	0.00	0.49	72.24	18.55	0.00
2	2	0.00	0.49	71.45	18.50	0.00
2	6	0.01	0.45	71.71	19.14	0.00
3	3	0.00	0.49	77.04	12.97	0.00
3	7	0.01	2.66	63.37	9.64	0.00
Core	CPU	C1%	C3%	C6%	C8%	C9%
-	-	0.00	0.67	73.45	14.63	0.00
0	0	0.00	0.59	78.43	10.23	0.00
0	4	0.00	0.43	74.23	16.65	0.00
1	1	0.00	0.38	73.81	16.16	0.00
1	5	0.01	0.36	72.03	18.87	0.00
2	2	0.00	0.55	72.70	17.12	0.00
2	6	0.01	0.31	73.70	17.19	0.00
3	3	0.01	0.51	78.97	10.95	0.00
3	7	0.01	2.25	63.46	9.78	0.00
Core	CPU	C1%	C3%	C6%	C8%	C9%
-	-	0.01	0.66	73.44	14.60	0.00
0	0	0.01	0.55	76.49	12.34	0.00
0	4	0.00	0.42	72.94	17.90	0.00
1	1	0.01	0.38	75.12	14.82	0.00
1	5	0.01	0.37	73.15	17.79	0.00
2	2	0.00	0.54	72.34	17.48	0.00
2	6	0.00	0.41	72.76	17.96	0.00
3	3	0.01	0.55	79.67	10.18	0.00
3	7	0.02	2.05	65.02	8.34	0.00
Core	CPU	C1%	C3%	C6%	C8%	C9%
-	-	0.01	1.15	71.10	15.38	0.01
0	0	0.00	0.57	74.82	12.57	0.00
0	4	0.00	0.54	71.50	18.42	0.00
1	1	0.00	2.27	69.57	17.11	0.05
1	5	0.01	0.32	70.21	19.82	0.00
2	2	0.00	0.49	70.99	17.65	0.00
2	6	0.01	0.52	73.25	16.55	0.00
3	3	0.01	0.46	76.73	12.00	0.00
3	7	0.02	4.06	62.22	9.06	0.00
Core	CPU	C1%	C3%	C6%	C8%	C9%
-	-	0.01	0.69	74.18	13.92	0.00
0	0	0.00	0.57	75.59	13.29	0.00
0	4	0.01	0.47	73.55	17.31	0.00
1	1	0.00	0.51	75.56	14.22	0.00
1	5	0.01	0.36	73.92	16.92	0.00
2	2	0.00	0.48	73.11	16.75	0.00
2	6	0.00	0.38	75.55	15.32	0.00
3	3	0.00	0.59	79.90	9.88	0.00
3	7	0.02	2.20	65.71	7.56	0.00
Core	CPU	C1%	C3%	C6%	C8%	C9%
-	-	0.00	0.84	73.60	13.95	0.00
0	0	0.00	0.65	76.08	12.57	0.00
0	4	0.00	0.52	74.66	15.83	0.00
1	1	0.01	1.06	72.62	15.93	0.00
1	5	0.00	0.31	73.68	17.32	0.00
2	2	0.00	0.42	72.17	17.83	0.00
2	6	0.01	0.28	74.05	16.31	0.00
3	3	0.00	0.51	79.98	9.61	0.00
3	7	0.02	2.96	66.14	6.28	0.00
Core	CPU	C1%	C3%	C6%	C8%	C9%
-	-	0.01	0.66	74.61	13.52	0.00
0	0	0.00	0.71	77.91	10.69	0.00
0	4	0.00	0.39	75.26	15.61	0.00
1	1	0.00	0.45	75.22	14.65	0.00
1	5	0.01	0.32	73.16	17.82	0.00
2	2	0.00	0.47	72.97	16.94	0.00
2	6	0.01	0.29	74.67	16.13	0.00
3	3	0.00	0.50	80.24	9.62	0.00
3	7	0.02	2.12	66.81	6.60	0.00
Core	CPU	C1%	C3%	C6%	C8%	C9%
-	-	0.01	0.71	74.00	14.00	0.00
0	0	0.00	0.65	77.84	10.78	0.00
0	4	0.00	0.48	74.09	16.71	0.00
1	1	0.00	0.42	75.01	14.95	0.00
1	5	0.00	0.38	73.39	17.50	0.00
2	2	0.00	0.55	72.13	17.70	0.00
2	6	0.01	0.40	74.11	16.62	0.00
3	3	0.01	0.50	79.78	10.14	0.00
3	7	0.01	2.30	65.68	7.59	0.00
Core	CPU	C1%	C3%	C6%	C8%	C9%
-	-	0.01	1.15	71.42	14.12	0.00
0	0	0.00	0.54	73.69	13.25	0.00
0	4	0.01	0.50	72.09	15.84	0.00
1	1	0.01	2.32	70.76	16.01	0.00
1	5	0.00	0.39	70.10	18.70	0.00
2	2	0.00	0.48	70.01	17.72	0.00
2	6	0.01	0.40	72.02	16.55	0.00
3	3	0.00	0.56	78.15	9.26	0.00
3	7	0.02	3.98	65.21	5.80	0.00
Core	CPU	C1%	C3%	C6%	C8%	C9%
-	-	0.01	0.67	73.37	14.77	0.00
0	0	0.01	0.55	75.93	13.05	0.00
0	4	0.01	0.45	74.40	16.42	0.00
1	1	0.00	0.36	75.33	14.49	0.00
1	5	0.01	0.38	71.38	19.45	0.00
2	2	0.00	0.55	72.12	17.66	0.00
2	6	0.00	0.46	74.87	15.97	0.00
3	3	0.01	0.46	79.04	10.88	0.00
3	7	0.02	2.13	63.19	10.07	0.00
Core	CPU	C1%	C3%	C6%	C8%	C9%
-	-	0.01	0.83	71.90	15.63	0.00
0	0	0.00	0.60	73.64	15.23	0.00
0	4	0.01	0.43	72.66	18.05	0.00
1	1	0.00	1.28	72.03	17.06	0.00
1	5	0.06	0.38	71.72	17.93	0.00
2	2	0.00	0.54	72.27	17.50	0.00
2	6	0.00	0.39	72.96	17.32	0.00
3	3	0.01	0.47	77.20	12.79	0.00
3	7	0.01	2.56	63.31	9.28	0.00
Core	CPU	C1%	C3%	C6%	C8%	C9%
-	-	0.00	0.66	73.83	14.31	0.00
0	0	0.01	0.60	77.33	11.32	0.00
0	4	0.00	0.42	74.89	15.91	0.00
1	1	0.00	0.41	73.14	16.87	0.00
1	5	0.01	0.40	73.67	17.22	0.00
2	2	0.00	0.54	73.24	16.54	0.00
2	6	0.01	0.31	75.36	15.58	0.00
3	3	0.01	0.46	78.26	11.68	0.00
3	7	0.01	2.12	64.12	9.24	0.00
Core	CPU	C1%	C3%	C6%	C8%	C9%
-	-	0.03	0.69	73.69	14.26	0.00
0	0	0.19	0.54	78.13	10.31	0.00
0	4	0.01	0.55	75.43	15.27	0.00
1	1	0.00	0.39	73.25	16.70	0.00
1	5	0.00	0.27	72.80	18.21	0.00
2	2	0.00	0.59	71.38	18.40	0.00
2	6	0.00	0.50	75.82	14.91	0.00
3	3	0.00	0.42	79.28	10.69	0.00
3	7	0.02	2.26	63.48	9.59	0.00
Core	CPU	C1%	C3%	C6%	C8%	C9%
-	-	0.01	1.24	70.62	16.04	0.00
0	0	0.00	0.53	73.17	14.95	0.00
0	4	0.01	0.42	70.96	18.09	0.00
1	1	0.00	2.71	71.62	15.16	0.00
1	5	0.01	0.41	71.92	18.09	0.00
2	2	0.00	0.42	70.64	18.73	0.00
2	6	0.00	0.37	72.33	17.50	0.00
3	3	0.01	0.38	74.30	15.10	0.00
3	7	0.01	4.72	60.64	10.83	0.00
Core	CPU	C1%	C3%	C6%	C8%	C9%
-	-	0.00	0.67	72.44	15.70	0.00
0	0	0.00	0.54	73.20	15.80	0.00
0	4	0.00	0.43	72.36	18.46	0.00
1	1	0.00	0.49	77.19	12.47	0.00
1	5	0.01	0.41	72.52	18.31	0.00
2	2	0.00	0.56	69.93	19.90	0.00
2	6	0.00	0.47	73.80	17.01	0.00
3	3	0.00	0.44	77.10	12.85	0.00
3	7	0.02	1.98	62.78	10.69	0.00
Core	CPU	C1%	C3%	C6%	C8%	C9%
-	-	0.03	0.84	72.45	15.20	0.00
0	0	0.00	0.56	73.19	15.77	0.00
0	4	0.00	0.51	72.90	17.69	0.00
1	1	0.00	0.48	76.11	13.52	0.00
1	5	0.01	0.43	73.79	16.45	0.00
2	2	0.00	0.49	70.27	19.69	0.00
2	6	0.01	1.06	72.33	17.53	0.00
3	3	0.01	0.50	77.65	12.32	0.00
3	7	0.21	2.68	64.01	8.74	0.00
Core	CPU	C1%	C3%	C6%	C8%	C9%
-	-	0.01	0.67	73.52	14.58	0.00
0	0	0.00	0.60	74.09	14.79	0.00
0	4	0.01	0.40	72.92	17.84	0.00
1	1	0.01	0.40	72.39	17.49	0.00
1	5	0.01	0.41	73.26	17.59	0.00
2	2	0.00	0.48	73.40	16.43	0.00
2	6	0.00	0.38	75.25	15.56	0.00
3	3	0.00	0.48	80.15	9.75	0.00
3	7	0.02	2.21	66.13	7.06	0.00
Core	CPU	C1%	C3%	C6%	C8%	C9%
-	-	0.00	0.65	73.05	15.02	0.00
0	0	0.00	0.63	75.19	13.62	0.00
0	4	0.01	0.39	74.63	16.04	0.00
1	1	0.01	0.33	73.22	16.84	0.00
1	5	0.01	0.43	72.49	18.31	0.00
2	2	0.00	0.56	73.59	16.16	0.00
2	6	0.00	0.44	75.07	15.74	0.00
3	3	0.00	0.43	76.85	13.15	0.00
3	7	0.01	1.99	63.23	10.28	0.00
Core	CPU	C1%	C3%	C6%	C8%	C9%
-	-	0.01	1.26	71.31	15.31	0.12
0	0	0.00	0.64	71.74	15.83	0.00
0	4	0.00	0.49	70.72	18.74	0.00
1	1	0.01	2.43	72.12	14.50	0.99
1	5	0.01	0.50	71.28	17.98	0.00
2	2	0.00	0.50	70.50	19.45	0.00
2	6	0.00	0.42	71.80	17.99	0.00
3	3	0.01	0.45	78.46	11.17	0.00
3	7	0.01	4.66	64.54	6.94	0.00
Core	CPU	C1%	C3%	C6%	C8%	C9%
-	-	0.01	0.65	73.39	14.76	0.00
0	0	0.01	0.58	77.06	11.85	0.00
0	4	0.00	0.36	73.51	17.26	0.00
1	1	0.01	0.41	73.81	16.04	0.00
1	5	0.00	0.40	73.35	17.53	0.00
2	2	0.00	0.54	72.27	17.52	0.00
2	6	0.01	0.36	73.96	16.96	0.00
3	3	0.00	0.52	78.00	11.88	0.00
3	7	0.02	2.03	64.52	8.90	0.00
Core	CPU	C1%	C3%	C6%	C8%	C9%
-	-	0.01	0.80	72.26	15.39	0.00
0	0	0.01	0.66	75.40	13.34	0.00
0	4	0.01	0.44	74.56	15.73	0.00
1	1	0.00	0.43	72.39	17.51	0.00
1	5	0.00	0.46	72.55	18.24	0.00
2	2	0.00	0.46	71.83	18.00	0.00
2	6	0.01	0.39	73.13	17.22	0.00
3	3	0.01	1.08	75.95	13.14	0.00
3	7	0.01	2.45	62.91	10.06	0.00
Core	CPU	C1%	C3%	C6%	C8%	C9%
-	-	0.01	0.65	72.67	15.50	0.00
0	0	0.00	0.69	76.28	12.42	0.00
0	4	0.00	0.52	75.95	14.64	0.00
1	1	0.01	0.22	72.31	17.90	0.00
1	5	0.01	0.41	70.63	20.29	0.00
2	2	0.00	0.55	73.55	16.25	0.00
2	6	0.00	0.42	74.77	16.06	0.00
3	3	0.01	0.39	76.25	13.78	0.00
3	7	0.01	2.03	60.95	12.51	0.00
Core	CPU	C1%	C3%	C6%	C8%	C9%
-	-	0.08	0.68	71.97	15.12	0.00
0	0	0.00	0.65	74.99	13.67	0.00
0	4	0.01	0.48	72.95	17.86	0.00
1	1	0.00	0.28	72.08	17.69	0.00
1	5	0.01	0.40	72.16	18.30	0.00
2	2	0.01	0.47	71.54	18.44	0.00
2	6	0.00	0.36	72.96	17.92	0.00
3	3	0.01	0.61	78.69	10.38	0.00
3	7	0.61	2.23	61.03	6.84	0.00
Core	CPU	C1%	C3%	C6%	C8%	C9%
-	-	0.01	1.14	71.60	14.74	0.00
0	0	0.01	0.59	72.00	14.34	0.00
0	4	0.00	0.46	72.11	15.98	0.00
1	1	0.01	2.75	70.48	16.10	0.00
1	5	0.00	0.26	69.33	20.32	0.00
2	2	0.00	0.57	71.41	17.75	0.00
2	6	0.00	0.50	73.87	15.92	0.00
3	3	0.00	0.46	78.07	11.12	0.00
3	7	0.01	3.55	64.90	6.29	0.00
Core	CPU	C1%	C3%	C6%	C8%	C9%
-	-	0.06	0.68	73.71	14.11	0.00
0	0	0.00	0.69	74.54	14.21	0.00
0	4	0.00	0.46	73.88	16.66	0.00
1	1	0.00	0.43	73.23	16.42	0.00
1	5	0.01	0.37	73.98	16.90	0.00
2	2	0.00	0.51	73.23	16.55	0.00
2	6	0.01	0.37	74.81	16.04	0.00
3	3	0.00	0.49	80.41	9.47	0.00
3	7	0.41	2.12	66.25	6.73	0.00
Core	CPU	C1%	C3%	C6%	C8%	C9%
-	-	0.01	0.80	71.95	16.00	0.00
0	0	0.00	0.53	72.92	16.12	0.00
0	4	0.00	0.43	73.89	16.85	0.00
1	1	0.00	0.38	72.36	17.37	0.00
1	5	0.01	0.42	72.18	18.60	0.00
2	2	0.00	0.39	70.17	19.36	0.00
2	6	0.01	1.27	71.25	18.55	0.00
3	3	0.01	0.49	78.40	11.56	0.00
3	7	0.01	2.44	63.76	9.45	0.00
Core	CPU	C1%	C3%	C6%	C8%	C9%
-	-	0.00	0.68	73.80	14.20	0.00
0	0	0.00	0.57	75.33	13.65	0.00
0	4	0.00	0.52	73.41	17.09	0.00
1	1	0.00	0.47	72.58	17.39	0.00
1	5	0.01	0.39	74.25	16.44	0.00
2	2	0.00	0.49	71.99	17.83	0.00
2	6	0.00	0.34	73.47	17.46	0.00
3	3	0.00	0.57	82.40	7.27	0.00
3	7	0.02	2.07	66.96	6.46	0.00
Core	CPU	C1%	C3%	C6%	C8%	C9%
-	-	0.01	0.64	72.67	15.41	0.00
0	0	0.00	0.54	73.51	15.42	0.00
0	4	0.00	0.50	71.46	19.23	0.00
1	1	0.00	0.42	75.27	14.65	0.00
1	5	0.01	0.30	72.16	18.77	0.00
2	2	0.00	0.52	73.33	16.44	0.00
2	6	0.00	0.44	72.78	18.07	0.00
3	3	0.01	0.41	78.35	11.64	0.00
3	7	0.02	1.95	64.48	9.04	0.00
Core	CPU	C1%	C3%	C6%	C8%	C9%
-	-	0.00	0.83	70.71	14.86	0.00
0	0	0.00	0.57	74.98	12.04	0.00
0	4	0.00	0.57	72.43	16.22	0.00
1	1	0.01	1.18	72.54	13.98	0.00
1	5	0.01	0.33	68.81	19.48	0.00
2	2	0.00	0.55	69.96	17.41	0.00
2	6	0.00	0.45	71.27	17.00	0.00
3	3	0.00	0.49	74.81	13.19	0.00
3	7	0.01	2.50	61.55	9.71	0.00
Core	CPU	C1%	C3%	C6%	C8%	C9%
-	-	0.00	0.67	73.13	15.00	0.00
0	0	0.01	0.58	75.49	13.44	0.00
0	4	0.00	0.50	74.40	16.26	0.00
1	1	0.00	0.41	72.08	17.85	0.00
1	5	0.01	0.43	72.45	18.21	0.00
2	2	0.00	0.52	73.00	16.90	0.00
2	6	0.00	0.38	74.74	16.12	0.00
3	3	0.00	0.48	77.87	12.05	0.00
3	7	0.01	2.08	64.42	9.02	0.00
Core	CPU	C1%	C3%	C6%	C8%	C9%
-	-	0.01	0.80	73.14	14.49	0.00
0	0	0.01	0.59	76.19	12.34	0.00
0	4	0.01	0.46	74.08	16.01	0.00
1	1	0.00	0.85	73.91	15.10	0.00
1	5	0.00	0.26	71.50	18.74	0.00
2	2	0.00	0.56	71.29	18.48	0.00
2	6	0.01	0.36	73.78	17.10	0.00
3	3	0.00	0.54	79.08	10.59	0.00
3	7	0.02	2.82	65.27	7.58	0.00
Core	CPU	C1%	C3%	C6%	C8%	C9%
-	-	0.01	0.66	73.38	14.65	0.00
0	0	0.00	0.62	76.27	12.52	0.00
0	4	0.01	0.39	73.67	17.14	0.00
1	1	0.00	0.47	73.30	16.63	0.00
1	5	0.01	0.40	71.36	19.50	0.00
2	2	0.01	0.46	73.28	16.44	0.00
2	6	0.01	0.37	74.33	16.57	0.00
3	3	0.01	0.46	79.41	10.53	0.00
3	7	0.01	2.13	65.47	7.91	0.00
Core	CPU	C1%	C3%	C6%	C8%	C9%
-	-	0.00	0.67	73.32	14.68	0.00
0	0	0.00	0.55	74.32	14.69	0.00
0	4	0.00	0.44	75.38	15.18	0.00
1	1	0.00	0.34	74.85	14.92	0.00
1	5	0.00	0.33	72.65	18.28	0.00
2	2	0.00	0.55	71.09	18.65	0.00
2	6	0.00	0.43	74.07	16.72	0.00
3	3	0.00	0.48	79.48	10.44	0.00
3	7	0.02	2.28	64.68	8.55	0.00
Core	CPU	C1%	C3%	C6%	C8%	C9%
-	-	0.01	0.92	70.84	14.77	0.00
0	0	0.00	0.57	72.61	14.22	0.00
0	4	0.00	0.41	72.24	16.37	0.00
1	1	0.01	2.25	69.69	16.51	0.00
1	5	0.01	0.37	69.74	18.63	0.00
2	2	0.00	0.53	70.08	17.63	0.00
2	6	0.01	0.37	70.98	17.78	0.00
3	3	0.00	0.52	77.61	10.05	0.00
3	7	0.02	2.38	64.32	7.09	0.00
Core	CPU	C1%	C3%	C6%	C8%	C9%
-	-	0.00	0.65	73.55	14.54	0.00
0	0	0.00	0.62	78.54	10.10	0.00
0	4	0.01	0.48	75.17	15.42	0.00
1	1	0.00	0.33	71.56	18.51	0.00
1	5	0.00	0.34	70.92	20.04	0.00
2	2	0.00	0.49	74.19	15.67	0.00
2	6	0.01	0.36	74.02	16.89	0.00
3	3	0.00	0.46	79.33	10.63	0.00
3	7	0.02	2.13	64.34	8.98	0.00
Core	CPU	C1%	C3%	C6%	C8%	C9%
-	-	0.01	0.82	73.92	13.92	0.00
0	0	0.00	0.60	75.69	13.11	0.00
0	4	0.01	0.49	74.86	15.82	0.00
1	1	0.00	1.09	75.26	13.77	0.00
1	5	0.00	0.31	73.40	17.06	0.00
2	2	0.00	0.50	72.48	17.43	0.00
2	6	0.00	0.36	74.51	16.43	0.00
3	3	0.00	0.51	80.18	9.75	0.00
3	7	0.03	2.71	64.92	8.00	0.00
Core	CPU	C1%	C3%	C6%	C8%	C9%
-	-	0.01	0.70	71.79	16.21	0.00
0	0	0.01	0.53	72.77	16.08	0.00
0	4	0.00	0.46	71.28	19.37	0.00
1	1	0.01	0.42	73.53	16.31	0.00
1	5	0.00	0.47	71.23	19.53	0.00
2	2	0.00	0.60	71.26	18.55	0.00
2	6	0.00	0.53	72.41	18.35	0.00
3	3	0.01	0.54	78.03	11.87	0.00
3	7	0.01	2.05	63.78	9.61	0.00
Core	CPU	C1%	C3%	C6%	C8%	C9%
-	-	0.10	0.67	72.54	15.36	0.00
0	0	0.00	0.52	71.13	17.86	0.00
0	4	0.00	0.48	71.16	19.50	0.00
1	1	0.00	0.43	75.13	14.50	0.00
1	5	0.00	0.46	71.95	18.87	0.00
2	2	0.00	0.49	71.61	18.06	0.00
2	6	0.00	0.42	73.32	17.56	0.00
3	3	0.00	0.47	80.09	9.76	0.00
3	7	0.80	2.10	65.79	6.78	0.00
Core	CPU	C1%	C3%	C6%	C8%	C9%
-	-	0.08	0.97	70.82	15.35	0.09
0	0	0.00	0.46	72.18	15.82	0.00
0	4	0.00	0.34	70.48	18.68	0.00
1	1	0.00	1.69	72.18	14.34	0.70
1	5	0.00	0.43	71.65	17.89	0.00
2	2	0.00	0.50	69.69	18.85	0.00
2	6	0.00	0.33	70.64	18.80	0.00
3	3	0.00	0.55	76.69	11.68	0.00
3	7	0.60	3.45	63.60	6.88	0.00
Core	CPU	C1%	C3%	C6%	C8%	C9%
-	-	0.00	0.67	72.00	16.12	0.00
0	0	0.01	0.55	75.06	13.83	0.00
0	4	0.00	0.49	73.10	17.49	0.00
1	1	0.00	0.39	72.21	17.72	0.00
1	5	0.01	0.33	70.92	20.01	0.00
2	2	0.00	0.51	70.95	18.95	0.00
2	6	0.00	0.41	72.23	18.54	0.00
3	3	0.00	0.49	76.96	12.92	0.00
3	7	0.01	2.14	63.96	9.37	0.00
Core	CPU	C1%	C3%	C6%	C8%	C9%
-	-	0.00	0.76	72.80	14.95	0.05
0	0	0.00	0.63	77.75	10.69	0.00
0	4	0.01	0.39	73.22	17.60	0.00
1	1	0.00	0.73	73.30	15.97	0.41
1	5	0.00	0.43	72.54	17.52	0.00
2	2	0.00	0.47	72.65	17.12	0.00
2	6	0.00	0.30	73.44	17.45	0.00
3	3	0.00	0.46	76.55	13.26	0.00
3	7	0.02	2.68	62.92	9.96	0.00
Core	CPU	C1%	C3%	C6%	C8%	C9%
-	-	0.00	0.67	74.40	13.61	0.00
0	0	0.00	0.58	77.95	10.77	0.00
0	4	0.00	0.36	74.67	16.17	0.00
1	1	0.00	0.42	75.64	14.20	0.00
1	5	0.00	0.24	72.92	18.05	0.00
2	2	0.00	0.46	71.17	18.70	0.00
2	6	0.00	0.36	73.85	17.01	0.00
3	3	0.00	0.56	81.41	8.31	0.00
3	7	0.02	2.35	67.57	5.63	0.00
Core	CPU	C1%	C3%	C6%	C8%	C9%
-	-	0.01	0.71	73.86	14.13	0.00
0	0	0.00	0.68	78.30	10.24	0.00
0	4	0.00	0.42	74.00	16.76	0.00
1	1	0.00	0.40	73.91	16.12	0.00
1	5	0.00	0.25	71.75	19.29	0.00
2	2	0.00	0.55	70.89	18.86	0.00
2	6	0.01	0.43	73.68	17.12	0.00
3	3	0.00	0.55	81.01	8.79	0.00
3	7	0.02	2.37	67.33	5.87	0.00
Core	CPU	C1%	C3%	C6%	C8%	C9%
-	-	0.01	1.15	69.92	16.44	0.00
0	0	0.00	0.45	72.50	15.62	0.00
0	4	0.00	0.51	70.30	18.65	0.00
1	1	0.01	2.14	74.43	12.18	0.00
1	5	0.01	0.38	69.61	19.32	0.00
2	2	0.00	0.44	66.56	22.34	0.00
2	6	0.01	0.42	68.44	21.38	0.00
3	3	0.01	0.48	75.02	13.69	0.00
3	7	0.02	4.39	63.05	8.45	0.00
Core	CPU	C1%	C3%	C6%	C8%	C9%
-	-	0.00	0.70	71.18	16.25	0.00
0	0	0.01	0.59	72.93	15.67	0.00
0	4	0.00	0.54	69.96	20.75	0.00
1	1	0.00	0.42	73.36	16.67	0.00
1	5	0.00	0.39	68.75	22.07	0.00
2	2	0.00	0.41	71.76	18.29	0.00
2	6	0.01	0.41	71.00	19.74	0.00
3	3	0.00	0.60	78.23	10.96	0.00
3	7	0.02	2.26	62.92	5.67	0.00
Core	CPU	C1%	C3%	C6%	C8%	C9%
-	-	0.01	0.88	73.09	14.45	0.00
0	0	0.01	0.58	74.62	13.92	0.00
0	4	0.00	0.55	71.85	18.71	0.00
1	1	0.01	1.31	75.11	13.57	0.00
1	5	0.01	0.37	73.33	17.54	0.00
2	2	0.00	0.57	73.11	16.48	0.00
2	6	0.00	0.43	74.00	16.76	0.00
3	3	0.01	0.44	78.58	10.79	0.00
3	7	0.01	2.77	64.79	7.99	0.00
Core	CPU	C1%	C3%	C6%	C8%	C9%
-	-	0.01	0.71	72.11	15.83	0.00
0	0	0.01	0.49	71.00	18.04	0.00
0	4	0.00	0.56	70.29	20.26	0.00
1	1	0.01	0.48	72.35	17.45	0.00
1	5	0.00	0.37	71.54	19.20	0.00
2	2	0.00	0.53	73.90	15.90	0.00
2	6	0.00	0.39	72.14	18.71	0.00
3	3	0.00	0.56	79.60	10.14	0.00
3	7	0.02	2.27	65.98	6.95	0.00
Core	CPU	C1%	C3%	C6%	C8%	C9%
-	-	0.01	0.71	73.46	14.37	0.00
0	0	0.01	0.63	77.84	10.93	0.00
0	4	0.01	0.54	73.27	17.28	0.00
1	1	0.00	0.36	74.41	15.49	0.00
1	5	0.01	0.45	72.59	17.98	0.00
2	2	0.00	0.58	71.50	18.33	0.00
2	6	0.01	0.55	73.61	16.89	0.00
3	3	0.00	0.44	79.26	9.78	0.00
3	7	0.01	2.15	64.99	8.23	0.00
Core	CPU	C1%	C3%	C6%	C8%	C9%
-	-	0.01	1.11	70.53	14.75	0.00
0	0	0.03	0.44	71.48	14.62	0.00
0	4	0.00	0.65	73.34	14.77	0.00
1	1	0.01	2.16	70.99	15.00	0.00
1	5	0.00	0.43	69.21	19.01	0.00
2	2	0.01	0.48	70.10	16.64	0.00
2	6	0.00	0.54	69.20	18.99	0.00
3	3	0.00	0.66	76.92	11.34	0.00
3	7	0.02	3.52	63.25	7.68	0.00
Core	CPU	C1%	C3%	C6%	C8%	C9%
-	-	0.01	0.68	73.55	14.43	0.00
0	0	0.01	0.54	72.53	16.48	0.00
0	4	0.00	0.48	72.80	17.73	0.00
1	1	0.00	0.45	73.51	16.39	0.00
1	5	0.01	0.43	72.81	17.96	0.00
2	2	0.00	0.47	72.03	17.79	0.00
2	6	0.00	0.40	73.66	17.22	0.00
3	3	0.01	0.51	83.29	6.35	0.00
3	7	0.02	2.17	67.69	5.52	0.00
Core	CPU	C1%	C3%	C6%	C8%	C9%
-	-	0.01	0.82	72.45	15.39	0.00
0	0	0.00	0.50	73.46	15.26	0.00
0	4	0.00	0.45	75.06	15.57	0.00
1	1	0.01	1.18	72.38	16.80	0.00
1	5	0.00	0.37	71.86	18.97	0.00
2	2	0.00	0.55	70.00	19.48	0.00
2	6	0.00	0.51	72.61	18.22	0.00
3	3	0.00	0.56	79.08	10.54	0.00
3	7	0.02	2.46	64.86	8.19	0.00
Core	CPU	C1%	C3%	C6%	C8%	C9%
-	-	0.01	0.67	72.62	14.80	0.00
0	0	0.01	0.59	74.95	13.01	0.00
0	4	0.00	0.39	72.02	18.76	0.00
1	1	0.01	0.47	72.18	16.94	0.00
1	5	0.00	0.36	70.43	19.87	0.00
2	2	0.00	0.51	73.39	16.08	0.00
2	6	0.00	0.40	73.35	17.11	0.00
3	3	0.00	0.65	78.40	10.39	0.00
3	7	0.03	2.02	66.77	6.33	0.00
Core	CPU	C1%	C3%	C6%	C8%	C9%
-	-	0.01	0.66	72.70	15.35	0.00
0	0	0.01	0.57	74.68	14.12	0.00
0	4	0.00	0.39	74.65	15.98	0.00
1	1	0.00	0.40	72.83	17.01	0.00
1	5	0.01	0.45	71.47	19.32	0.00
2	2	0.00	0.57	73.44	16.26	0.00
2	6	0.00	0.41	72.96	17.90	0.00
3	3	0.01	0.53	77.43	12.26	0.00
3	7	0.01	1.95	63.60	9.80	0.00
Core	CPU	C1%	C3%	C6%	C8%	C9%
-	-	0.00	0.97	70.84	14.92	0.00
0	0	0.00	0.51	70.80	16.07	0.00
0	4	0.00	0.40	71.69	16.45	0.00
1	1	0.01	1.23	69.48	17.14	0.00
1	5	0.00	0.41	69.90	18.86	0.00
2	2	0.00	0.56	69.52	18.25	0.00
2	6	0.00	0.33	70.68	18.12	0.00
3	3	0.00	0.51	79.41	8.86	0.00
3	7	0.01	3.80	65.15	5.58	0.00
Core	CPU	C1%	C3%	C6%	C8%	C9%
-	-	0.00	0.66	73.06	14.98	0.00
0	0	0.01	0.53	75.65	13.28	0.00
0	4	0.00	0.51	73.18	17.46	0.00
1	1	0.00	0.36	73.83	16.02	0.00
1	5	0.00	0.45	73.15	17.63	0.00
2	2	0.00	0.42	72.06	17.96	0.00
2	6	0.00	0.32	73.09	17.86	0.00
3	3	0.00	0.55	78.61	11.20	0.00
3	7	0.01	2.17	64.89	8.46	0.00
Core	CPU	C1%	C3%	C6%	C8%	C9%
-	-	0.03	0.86	72.22	15.35	0.00
0	0	0.01	0.61	72.67	15.78	0.00
0	4	0.00	0.40	71.16	19.16	0.00
1	1	0.06	1.32	74.41	13.93	0.00
1	5	0.00	0.36	71.48	19.42	0.00
2	2	0.00	0.39	70.20	19.47	0.00
2	6	0.00	0.46	70.92	19.70	0.00
3	3	0.14	0.50	81.08	8.31	0.00
3	7	0.02	2.86	65.81	7.06	0.00
Core	CPU	C1%	C3%	C6%	C8%	C9%
-	-	0.03	0.68	73.01	14.91	0.00
0	0	0.00	0.57	74.13	14.53	0.00
0	4	0.00	0.41	73.88	16.87	0.00
1	1	0.00	0.45	72.51	17.43	0.00
1	5	0.01	0.48	72.25	18.46	0.00
2	2	0.00	0.47	72.74	17.14	0.00
2	6	0.01	0.39	73.55	17.36	0.00
3	3	0.00	0.52	79.71	9.89	0.00
3	7	0.21	2.15	65.33	7.65	0.00
Core	CPU	C1%	C3%	C6%	C8%	C9%
-	-	0.01	0.68	72.91	15.02	0.00
0	0	0.00	0.64	72.78	16.05	0.00
0	4	0.00	0.44	72.98	17.57	0.00
1	1	0.00	0.32	73.03	17.01	0.00
1	5	0.01	0.44	72.70	18.11	0.00
2	2	0.00	0.53	74.60	15.06	0.00
2	6	0.01	0.36	72.57	18.29	0.00
3	3	0.00	0.47	79.73	10.02	0.00
3	7	0.02	2.20	65.17	8.15	0.00
Core	CPU	C1%	C3%	C6%	C8%	C9%
-	-	0.01	1.31	71.51	14.95	0.00
0	0	0.00	0.69	73.99	13.96	0.00
0	4	0.00	0.63	72.13	17.20	0.00
1	1	0.01	2.35	72.51	14.27	0.00
1	5	0.01	0.37	68.30	21.77	0.00
2	2	0.00	0.52	70.09	17.94	0.00
2	6	0.01	0.44	70.34	19.48	0.00
3	3	0.00	0.59	79.21	10.01	0.00
3	7	0.02	4.88	65.84	5.02	0.00
Core	CPU	C1%	C3%	C6%	C8%	C9%
-	-	0.01	0.70	72.88	15.21	0.00
0	0	0.01	0.55	74.99	13.77	0.00
0	4	0.00	0.55	73.39	17.25	0.00
1	1	0.00	0.45	74.18	15.73	0.00
1	5	0.00	0.43	71.56	19.18	0.00
2	2	0.00	0.53	70.49	19.38	0.00
2	6	0.01	0.37	71.71	19.12	0.00
3	3	0.00	0.57	79.82	10.03	0.00
3	7	0.02	2.18	66.26	7.08	0.00
Core	CPU	C1%	C3%	C6%	C8%	C9%
-	-	0.01	0.87	73.15	14.26	0.00
0	0	0.01	0.61	76.83	11.18	0.00
0	4	0.00	0.69	73.73	16.82	0.00
1	1	0.01	0.41	73.32	16.18	0.00
1	5	0.00	0.35	74.17	16.53	0.00
2	2	0.00	0.51	71.41	17.96	0.00
2	6	0.00	0.38	72.47	18.42	0.00
3	3	0.01	1.37	78.55	9.23	0.00
3	7	0.01	2.60	64.79	7.78	0.00
Core	CPU	C1%	C3%	C6%	C8%	C9%
-	-	0.00	0.69	73.69	14.32	0.00
0	0	0.00	0.56	76.94	11.79	0.00
0	4	0.00	0.46	73.86	16.90	0.00
1	1	0.00	0.44	75.02	14.93	0.00
1	5	0.00	0.40	73.75	17.05	0.00
2	2	0.00	0.50	69.72	20.13	0.00
2	6	0.01	0.35	72.47	18.37	0.00
3	3	0.00	0.57	81.03	8.79	0.00
3	7	0.02	2.22	66.77	6.58	0.00
Core	CPU	C1%	C3%	C6%	C8%	C9%
-	-	0.00	0.70	73.97	14.02	0.00
0	0	0.00	0.57	78.25	10.44	0.00
0	4	0.00	0.39	74.19	16.63	0.00
1	1	0.00	0.40	73.98	16.02	0.00
1	5	0.01	0.36	73.23	17.59	0.00
2	2	0.00	0.49	71.73	18.12	0.00
2	6	0.00	0.48	73.23	17.37	0.00
3	3	0.00	0.54	80.78	9.09	0.00
3	7	0.02	2.37	66.31	6.91	0.00
Core	CPU	C1%	C3%	C6%	C8%	C9%
-	-	0.00	0.85	70.96	14.66	0.33
0	0	0.00	0.54	73.88	12.85	0.00
0	4	0.00	0.57	71.53	16.54	0.00
1	1	0.00	1.08	71.70	15.06	2.62
1	5	0.00	0.24	70.72	17.78	0.00
2	2	0.00	0.49	69.30	18.18	0.00
2	6	0.01	0.37	70.91	17.96	0.00
3	3	0.01	0.47	77.55	10.43	0.00
3	7	0.01	3.04	62.72	8.60	0.00
Core	CPU	C1%	C3%	C6%	C8%	C9%
-	-	0.00	0.68	72.78	15.30	0.00
0	0	0.00	0.56	74.02	14.77	0.00
0	4	0.00	0.59	73.71	16.72	0.00
1	1	0.00	0.47	72.90	16.99	0.00
1	5	0.00	0.36	71.54	19.34	0.00
2	2	0.00	0.48	72.63	17.23	0.00
2	6	0.01	0.37	72.46	18.36	0.00
3	3	0.00	0.54	78.92	10.83	0.00
3	7	0.02	2.04	65.44	8.00	0.00
Core	CPU	C1%	C3%	C6%	C8%	C9%
-	-	0.01	0.87	72.33	15.30	0.00
0	0	0.00	0.64	73.92	14.91	0.00
0	4	0.01	1.06	73.81	15.59	0.00
1	1	0.00	0.29	72.59	17.59	0.00
1	5	0.00	0.43	71.22	19.66	0.00
2	2	0.00	0.67	72.49	17.16	0.00
2	6	0.00	0.40	72.84	17.79	0.00
3	3	0.00	0.51	78.30	11.36	0.00
3	7	0.02	2.95	64.07	8.45	0.00
Core	CPU	C1%	C3%	C6%	C8%	C9%
-	-	0.01	0.71	72.83	15.19	0.00
0	0	0.00	0.80	76.16	12.45	0.00
0	4	0.00	0.54	73.97	16.65	0.00
1	1	0.00	0.32	72.37	17.72	0.00
1	5	0.01	0.40	71.15	19.69	0.00
2	2	0.00	0.51	72.93	16.55	0.00
2	6	0.00	0.49	73.41	17.35	0.00
3	3	0.01	0.52	78.16	11.70	0.00
3	7	0.03	2.06	63.91	9.29	0.00
Core	CPU	C1%	C3%	C6%	C8%	C9%
-	-	0.02	0.70	71.29	15.74	0.00
0	0	0.00	0.58	74.39	14.15	0.00
0	4	0.00	0.58	70.03	20.43	0.00
1	1	0.00	0.42	74.85	14.50	0.00
1	5	0.00	0.35	70.46	19.75	0.00
2	2	0.08	0.43	69.56	19.85	0.00
2	6	0.00	0.49	69.63	20.90	0.00
3	3	0.01	0.57	78.32	10.67	0.00
3	7	0.02	2.17	63.43	5.72	0.00
Core	CPU	C1%	C3%	C6%	C8%	C9%
-	-	0.00	1.21	70.84	15.61	0.14
0	0	0.00	0.54	72.91	15.06	0.00
0	4	0.00	0.50	70.29	18.74	0.00
1	1	0.01	2.12	72.44	14.40	1.10
1	5	0.00	0.39	70.45	18.74	0.00
2	2	0.00	0.46	69.47	20.12	0.00
2	6	0.00	0.25	70.39	18.72	0.00
3	3	0.00	0.62	77.01	11.94	0.00
3	7	0.01	4.79	64.02	7.25	0.00
Core	CPU	C1%	C3%	C6%	C8%	C9%
-	-	0.00	0.68	73.53	14.60	0.00
0	0	0.01	0.65	74.82	14.08	0.00
0	4	0.00	0.52	75.78	14.71	0.00
1	1	0.00	0.40	70.78	19.10	0.00
1	5	0.00	0.33	72.07	18.85	0.00
2	2	0.00	0.56	73.77	16.08	0.00
2	6	0.00	0.30	74.91	15.97	0.00
3	3	0.01	0.56	79.80	10.03	0.00
3	7	0.01	2.13	65.58	7.79	0.00
Core	CPU	C1%	C3%	C6%	C8%	C9%
-	-	0.03	0.74	71.90	15.71	0.00
0	0	0.00	0.65	74.19	14.54	0.00
0	4	0.00	0.52	73.12	17.36	0.00
1	1	0.01	0.40	68.99	20.35	0.00
1	5	0.00	0.30	68.58	21.21	0.00
2	2	0.00	0.56	71.57	17.76	0.00
2	6	0.01	0.49	73.20	17.51	0.00
3	3	0.00	0.46	79.87	10.13	0.00
3	7	0.21	2.54	65.91	6.91	0.00
Core	CPU	C1%	C3%	C6%	C8%	C9%
-	-	0.02	0.69	73.61	14.11	0.00
0	0	0.00	0.60	77.07	11.67	0.00
0	4	0.00	0.51	75.02	15.70	0.00
1	1	0.00	0.34	75.39	14.56	0.00
1	5	0.01	0.31	71.32	18.19	0.00
2	2	0.00	0.59	72.22	17.64	0.00
2	6	0.01	0.39	73.92	16.89	0.00
3	3	0.00	0.55	79.44	10.35	0.00
3	7	0.15	2.26	64.25	7.86	0.00
Core	CPU	C1%	C3%	C6%	C8%	C9%
-	-	0.00	0.66	73.63	14.39	0.00
0	0	0.00	0.63	77.65	11.06	0.00
0	4	0.00	0.47	75.31	15.43	0.00
1	1	0.00	0.35	72.41	17.63	0.00
1	5	0.01	0.29	72.55	18.40	0.00
2	2	0.00	0.55	73.92	15.80	0.00
2	6	0.00	0.37	75.23	15.55	0.00
3	3	0.00	0.49	78.89	10.99	0.00
3	7	0.01	2.13	63.10	10.27	0.00
Core	CPU	C1%	C3%	C6%	C8%	C9%
-	-	0.00	1.10	70.76	14.98	0.00
0	0	0.00	0.56	72.98	14.11	0.00
0	4	0.00	0.68	72.48	15.84	0.00
1	1	0.00	2.04	69.31	17.46	0.00
1	5	0.00	0.26	70.25	18.09	0.00
2	2	0.00	0.61	69.54	18.33	0.00
2	6	0.01	0.41	71.34	17.42	0.00
3	3	0.00	0.53	76.90	10.76	0.00
3	7	0.02	3.67	63.29	7.80	0.00
Core	CPU	C1%	C3%	C6%	C8%	C9%
-	-	0.01	0.72	73.34	14.55	0.00
0	0	0.00	0.65	75.34	13.40	0.00
0	4	0.01	0.62	74.80	15.68	0.00
1	1	0.00	0.31	73.99	15.99	0.00
1	5	0.01	0.36	71.72	19.24	0.00
2	2	0.00	0.66	73.90	15.89	0.00
2	6	0.00	0.37	72.91	17.83	0.00
3	3	0.01	0.55	79.26	10.48	0.00
3	7	0.02	2.19	65.11	7.98	0.00
Core	CPU	C1%	C3%	C6%	C8%	C9%
-	-	0.00	0.91	72.65	15.19	0.00
0	0	0.01	0.59	75.63	13.27	0.00
0	4	0.01	1.40	73.96	15.67	0.00
1	1	0.01	0.41	73.54	16.48	0.00
1	5	0.00	0.30	72.01	18.96	0.00
2	2	0.00	0.52	70.37	19.62	0.00
2	6	0.00	0.43	71.91	18.90	0.00
3	3	0.00	0.58	79.74	10.12	0.00
3	7	0.01	3.07	64.15	8.52	0.00
Core	CPU	C1%	C3%	C6%	C8%	C9%
-	-	0.01	0.68	73.11	14.71	0.00
0	0	0.07	0.52	72.61	15.77	0.00
0	4	0.00	0.48	72.45	18.24	0.00
1	1	0.00	0.53	73.98	15.25	0.00
1	5	0.01	0.35	72.36	18.54	0.00
2	2	0.00	0.49	72.10	17.50	0.00
2	6	0.01	0.44	74.37	16.43	0.00
3	3	0.00	0.61	80.28	8.81	0.00
3	7	0.02	2.02	66.39	7.07	0.00
Core	CPU	C1%	C3%	C6%	C8%	C9%
-	-	0.00	0.66	72.93	15.12	0.00
0	0	0.01	0.65	76.71	11.87	0.00
0	4	0.00	0.49	73.99	16.63	0.00
1	1	0.00	0.39	71.96	18.01	0.00
1	5	0.01	0.30	70.46	20.48	0.00
2	2	0.00	0.59	72.07	17.78	0.00
2	6	0.01	0.37	73.70	17.18	0.00
3	3	0.00	0.44	79.23	10.67	0.00
3	7	0.01	2.08	65.22	8.29	0.00
Core	CPU	C1%	C3%	C6%	C8%	C9%
-	-	0.01	1.17	71.23	14.77	0.00
0	0	0.00	0.59	71.94	15.12	0.00
0	4	0.00	0.46	72.30	15.61	0.00
1	1	0.01	2.69	70.45	16.08	0.00
1	5	0.01	0.34	71.59	18.22	0.00
2	2	0.00	0.47	69.40	18.92	0.00
2	6	0.00	0.33	72.84	16.78	0.00
3	3	0.00	0.51	77.53	10.63	0.00
3	7	0.02	4.00	64.26	6.92	0.00
Core	CPU	C1%	C3%	C6%	C8%	C9%
-	-	0.02	0.68	73.89	14.12	0.00
0	0	0.00	0.60	73.93	14.93	0.00
0	4	0.00	0.56	75.59	14.84	0.00
1	1	0.00	0.32	72.78	17.17	0.00
1	5	0.00	0.25	72.18	18.81	0.00
2	2	0.00	0.55	74.37	15.43	0.00
2	6	0.00	0.48	75.21	15.55	0.00
3	3	0.01	0.52	80.99	8.78	0.00
3	7	0.11	2.14	65.81	7.40	0.00
Core	CPU	C1%	C3%	C6%	C8%	C9%
-	-	0.00	0.79	72.61	15.05	0.00
0	0	0.00	0.59	76.06	12.85	0.00
0	4	0.00	0.49	75.10	15.23	0.00
1	1	0.00	0.39	71.76	18.25	0.00
1	5	0.00	0.65	70.25	19.17	0.00
2	2	0.00	0.54	69.98	19.53	0.00
2	6	0.00	0.48	71.66	18.36	0.00
3	3	0.00	0.56	80.03	9.78	0.00
3	7	0.01	2.56	65.86	7.21	0.00
Core	CPU	C1%	C3%	C6%	C8%	C9%
-	-	0.01	0.64	73.89	14.17	0.00
0	0	0.01	0.59	78.32	10.41	0.00
0	4	0.00	0.46	73.41	17.34	0.00
1	1	0.01	0.43	72.81	17.15	0.00
1	5	0.01	0.25	71.27	19.65	0.00
2	2	0.00	0.47	73.39	16.44	0.00
2	6	0.01	0.35	75.21	15.68	0.00
3	3	0.00	0.64	80.21	9.47	0.00
3	7	0.02	1.90	66.46	7.18	0.00
Core	CPU	C1%	C3%	C6%	C8%	C9%
-	-	0.01	0.66	73.80	14.23	0.00
0	0	0.00	0.61	77.89	10.83	0.00
0	4	0.00	0.43	74.49	16.33	0.00
1	1	0.00	0.38	74.89	15.10	0.00
1	5	0.01	0.31	71.60	19.34	0.00
2	2	0.00	0.53	72.27	17.59	0.00
2	6	0.00	0.46	74.07	16.68	0.00
3	3	0.00	0.58	79.03	10.60	0.00
3	7	0.02	1.98	66.17	7.38	0.00
Core	CPU	C1%	C3%	C6%	C8%	C9%
-	-	0.01	0.93	70.42	15.32	0.00
0	0	0.00	0.54	72.97	13.90	0.00
0	4	0.00	0.43	70.72	18.09	0.00
1	1	0.00	1.16	71.44	15.20	0.00
1	5	0.00	0.34	72.11	16.62	0.00
2	2	0.01	0.44	69.05	19.07	0.00
2	6	0.00	0.39	69.92	18.87	0.00
3	3	0.00	0.44	75.43	12.06	0.00
3	7	0.02	3.69	62.33	8.90	0.00
Core	CPU	C1%	C3%	C6%	C8%	C9%
-	-	0.01	0.67	73.03	15.10	0.00
0	0	0.00	0.61	75.28	13.52	0.00
0	4	0.00	0.53	75.30	15.19	0.00
1	1	0.00	0.41	72.21	17.75	0.00
1	5	0.01	0.32	72.46	18.50	0.00
2	2	0.00	0.54	72.55	17.32	0.00
2	6	0.01	0.35	72.87	18.00	0.00
3	3	0.00	0.63	78.08	11.71	0.00
3	7	0.01	1.96	64.81	8.70	0.00
Core	CPU	C1%	C3%	C6%	C8%	C9%
-	-	0.01	0.79	72.71	15.22	0.00
0	0	0.01	0.53	74.76	14.22	0.00
0	4	0.00	0.49	72.55	18.18	0.00
1	1	0.01	0.43	71.76	18.21	0.00
1	5	0.01	0.94	72.27	17.80	0.00
2	2	0.00	0.44	70.83	19.22	0.00
2	6	0.01	0.43	73.30	17.53	0.00
3	3	0.00	0.52	80.46	9.40	0.00
3	7	0.02	2.53	65.80	7.26	0.00
Core	CPU	C1%	C3%	C6%	C8%	C9%
-	-	0.01	0.67	72.40	15.58	0.00
0	0	0.00	0.58	73.72	15.23	0.00
0	4	0.00	0.39	72.26	18.43	0.00
1	1	0.01	0.39	72.38	17.60	0.00
1	5	0.00	0.30	70.74	20.26	0.00
2	2	0.00	0.52	73.81	15.92	0.00
2	6	0.00	0.41	72.00	18.84	0.00
3	3	0.00	0.60	79.50	10.27	0.00
3	7	0.02	2.20	65.01	8.18	0.00
Core	CPU	C1%	C3%	C6%	C8%	C9%
-	-	0.01	0.68	71.79	16.16	0.00
0	0	0.00	0.51	73.12	15.90	0.00
0	4	0.00	0.49	71.88	18.87	0.00
1	1	0.00	0.49	73.27	16.56	0.00
1	5	0.01	0.40	72.22	18.57	0.00
2	2	0.01	0.47	73.23	16.49	0.00
2	6	0.00	0.58	72.07	18.61	0.00
3	3	0.01	0.50	76.52	13.27	0.00
3	7	0.01	2.01	62.29	11.09	0.00
Core	CPU	C1%	C3%	C6%	C8%	C9%
-	-	0.00	1.10	70.50	15.20	0.19
0	0	0.00	0.55	72.50	15.21	0.00
0	4	0.00	0.57	71.71	16.28	0.00
1	1	0.01	2.34	68.70	18.14	0.00
1	5	0.00	0.45	70.03	18.04	0.00
2	2	0.00	0.45	68.95	19.00	0.00
2	6	0.00	0.36	69.04	19.46	0.00
3	3	0.01	0.65	77.42	9.99	0.00
3	7	0.02	3.41	65.19	5.41	1.53
Core	CPU	C1%	C3%	C6%	C8%	C9%
-	-	0.01	0.69	71.66	15.62	0.00
0	0	0.00	0.60	73.82	15.15	0.00
0	4	0.00	0.64	71.48	19.19	0.00
1	1	0.00	0.47	72.34	17.68	0.00
1	5	0.00	0.26	69.43	21.57	0.00
2	2	0.00	0.54	71.22	18.49	0.00
2	6	0.01	0.39	70.26	19.48	0.00
3	3	0.00	0.48	81.01	8.23	0.00
3	7	0.02	2.16	63.70	5.22	0.00
Core	CPU	C1%	C3%	C6%	C8%	C9%
-	-	0.02	0.85	72.29	15.00	0.00
0	0	0.02	0.71	73.56	14.52	0.00
0	4	0.01	0.59	73.20	16.84	0.00
1	1	0.00	0.37	72.92	16.09	0.00
1	5	0.00	0.41	71.84	18.15	0.00
2	2	0.00	0.49	71.75	17.77	0.00
2	6	0.00	0.38	72.13	18.76	0.00
3	3	0.00	1.14	78.55	10.27	0.00
3	7	0.12	2.71	64.93	7.73	0.00
Core	CPU	C1%	C3%	C6%	C8%	C9%
-	-	0.01	0.70	73.78	14.22	0.00
0	0	0.00	0.60	76.04	12.76	0.00
0	4	0.01	0.65	73.51	17.08	0.00
1	1	0.01	0.36	77.14	12.73	0.00
1	5	0.00	0.22	72.08	18.94	0.00
2	2	0.00	0.52	70.60	19.01	0.00
2	6	0.00	0.45	73.63	17.10	0.00
3	3	0.00	0.60	80.55	9.19	0.00
3	7	0.02	2.22	66.42	6.92	0.00
Core	CPU	C1%	C3%	C6%	C8%	C9%
-	-	0.01	0.72	72.59	15.43	0.00
0	0	0.00	0.55	74.96	13.88	0.00
0	4	0.00	0.64	73.30	17.16	0.00
1	1	0.01	0.42	74.82	15.08	0.00
1	5	0.00	0.33	72.35	18.63	0.00
2	2	0.00	0.47	68.92	21.01	0.00
2	6	0.00	0.50	69.89	20.79	0.00
3	3	0.00	0.61	80.20	9.60	0.00
3	7	0.02	2.27	66.09	7.20	0.00
Core	CPU	C1%	C3%	C6%	C8%	C9%
-	-	0.01	0.99	71.13	14.57	0.32
0	0	0.00	0.55	71.07	16.01	0.00
0	4	0.00	0.72	72.08	15.97	0.00
1	1	0.01	1.25	69.86	16.62	2.54
1	5	0.00	0.15	68.94	20.18	0.00
2	2	0.00	0.52	68.47	19.29	0.00
2	6	0.01	0.45	71.39	17.33	0.00
3	3	0.00	0.62	80.40	6.83	0.00
3	7	0.02	3.68	66.66	4.31	0.00
Core	CPU	C1%	C3%	C6%	C8%	C9%
-	-	0.01	0.68	73.26	14.74	0.00
0	0	0.00	0.60	76.51	12.22	0.00
0	4	0.00	0.35	72.71	18.12	0.00
1	1	0.00	0.43	73.50	16.43	0.00
1	5	0.01	0.31	71.72	19.28	0.00
2	2	0.00	0.49	71.22	18.70	0.00
2	6	0.01	0.32	72.67	18.18	0.00
3	3	0.00	0.66	81.37	8.26	0.00
3	7	0.02	2.31	66.44	6.75	0.00
Core	CPU	C1%	C3%	C6%	C8%	C9%
-	-	0.01	0.85	71.32	16.47	0.00
0	0	0.00	0.49	70.95	18.08	0.00
0	4	0.01	0.53	70.37	19.97	0.00
1	1	0.01	0.44	74.73	15.08	0.00
1	5	0.00	1.18	70.63	19.33	0.00
2	2	0.00	0.47	68.64	21.38	0.00
2	6	0.00	0.47	69.60	21.20	0.00
3	3	0.00	0.54	80.39	9.27	0.00
3	7	0.02	2.66	65.47	7.51	0.00
Core	CPU	C1%	C3%	C6%	C8%	C9%
-	-	0.01	0.70	73.03	14.95	0.00
0	0	0.00	0.61	76.38	12.32	0.00
0	4	0.00	0.61	73.46	17.05	0.00
1	1	0.01	0.39	73.50	16.36	0.00
1	5	0.00	0.37	72.13	18.81	0.00
2	2	0.00	0.49	72.27	17.64	0.00
2	6	0.01	0.41	72.85	17.94	0.00
3	3	0.00	0.52	78.90	10.95	0.00
3	7	0.02	2.17	64.76	8.57	0.00
Core	CPU	C1%	C3%	C6%	C8%	C9%
-	-	0.01	0.74	72.31	15.67	0.00
0	0	0.01	0.59	74.84	13.94	0.00
0	4	0.00	0.53	70.98	19.64	0.00
1	1	0.01	0.43	72.84	17.14	0.00
1	5	0.00	0.34	71.41	19.56	0.00
2	2	0.00	0.53	70.47	19.43	0.00
2	6	0.01	0.47	71.70	19.04	0.00
3	3	0.01	0.66	79.99	9.69	0.00
3	7	0.02	2.38	66.27	6.92	0.00
Core	CPU	C1%	C3%	C6%	C8%	C9%
-	-	0.01	1.16	70.39	15.87	0.18
0	0	0.01	0.60	71.38	16.62	0.00
0	4	0.00	0.44	70.53	18.43	0.00
1	1	0.01	2.10	71.40	15.12	1.43
1	5	0.01	0.31	69.05	20.65	0.00
2	2	0.00	0.48	68.63	19.56	0.00
2	6	0.00	0.43	69.69	20.04	0.00
3	3	0.00	0.53	78.03	9.80	0.00
3	7	0.02	4.39	64.65	6.79	0.00
Core	CPU	C1%	C3%	C6%	C8%	C9%
-	-	0.01	0.72	73.34	14.67	0.00
0	0	0.00	0.59	73.89	14.90	0.00
0	4	0.00	0.58	72.01	18.63	0.00
1	1	0.00	0.43	75.73	14.10	0.00
1	5	0.00	0.32	71.82	19.22	0.00
2	2	0.00	0.51	72.62	17.27	0.00
2	6	0.01	0.44	73.44	17.37	0.00
3	3	0.00	0.53	80.83	8.92	0.00
3	7	0.02	2.38	66.23	6.93	0.00
Core	CPU	C1%	C3%	C6%	C8%	C9%
-	-	0.01	0.75	72.84	15.14	0.00
0	0	0.00	0.55	73.88	15.14	0.00
0	4	0.00	0.55	73.14	17.57	0.00
1	1	0.01	0.39	73.93	16.15	0.00
1	5	0.00	0.26	71.28	19.62	0.00
2	2	0.00	0.48	72.25	17.72	0.00
2	6	0.00	0.52	72.03	18.60	0.00
3	3	0.00	0.83	80.21	8.74	0.00
3	7	0.02	2.45	65.72	7.49	0.00
Core	CPU	C1%	C3%	C6%	C8%	C9%
-	-	0.01	0.72	72.83	15.10	0.00
0	0	0.01	0.55	75.42	13.41	0.00
0	4	0.00	0.70	72.84	17.61	0.00
1	1	0.01	0.39	74.12	15.88	0.00
1	5	0.00	0.31	71.04	19.95	0.00
2	2	0.00	0.55	70.29	19.60	0.00
2	6	0.00	0.53	72.07	18.60	0.00
3	3	0.00	0.49	81.63	8.16	0.00
3	7	0.02	2.25	65.38	7.63	0.00
Core	CPU	C1%	C3%	C6%	C8%	C9%
-	-	0.01	0.70	71.93	16.04	0.00
0	0	0.01	0.53	73.99	14.94	0.00
0	4	0.01	0.61	70.69	19.89	0.00
1	1	0.01	0.36	71.75	18.30	0.00
1	5	0.00	0.42	70.93	19.94	0.00
2	2	0.00	0.48	70.64	19.33	0.00
2	6	0.00	0.43	71.50	19.31	0.00
3	3	0.00	0.54	80.95	8.62	0.00
3	7	0.02	2.20	65.26	8.06	0.00
Core	CPU	C1%	C3%	C6%	C8%	C9%
-	-	0.01	0.96	70.74	15.36	0.00
0	0	0.01	0.51	73.01	13.80	0.00
0	4	0.00	0.59	70.43	19.09	0.00
1	1	0.01	1.86	71.09	15.80	0.00
1	5	0.00	0.25	69.36	19.69	0.00
2	2	0.00	0.54	68.31	19.59	0.00
2	6	0.00	0.52	71.14	17.47	0.00
3	3	0.00	0.55	78.44	9.81	0.00
3	7	0.02	2.84	63.65	7.53	0.00
Core	CPU	C1%	C3%	C6%	C8%	C9%
-	-	0.00	0.72	73.96	14.02	0.00
0	0	0.00	0.58	76.19	12.66	0.00
0	4	0.01	0.60	72.79	17.83	0.00
1	1	0.00	0.40	75.23	14.58	0.00
1	5	0.00	0.24	73.52	17.50	0.00
2	2	0.00	0.56	71.69	18.15	0.00
2	6	0.00	0.44	73.36	17.38	0.00
3	3	0.00	0.66	81.72	7.93	0.00
3	7	0.02	2.29	67.12	6.09	0.00
Core	CPU	C1%	C3%	C6%	C8%	C9%
-	-	0.01	0.83	72.65	15.23	0.00
0	0	0.01	0.53	73.48	15.54	0.00
0	4	0.00	1.28	71.07	18.77	0.00
1	1	0.01	0.47	75.15	14.64	0.00
1	5	0.00	0.29	72.99	17.87	0.00
2	2	0.00	0.50	70.75	19.22	0.00
2	6	0.01	0.36	72.75	18.16	0.00
3	3	0.00	0.56	78.94	10.87	0.00
3	7	0.02	2.68	66.18	6.79	0.00
Core	CPU	C1%	C3%	C6%	C8%	C9%
-	-	0.01	0.69	72.21	15.77	0.00
0	0	0.00	0.61	75.21	13.63	0.00
0	4	0.00	0.58	71.73	18.95	0.00
1	1	0.01	0.27	73.15	16.94	0.00
1	5	0.01	0.33	71.13	19.81	0.00
2	2	0.00	0.51	73.07	16.80	0.00
2	6	0.01	0.47	72.34	18.36	0.00
3	3	0.00	0.50	78.16	11.68	0.00
3	7	0.01	2.24	63.19	10.05	0.00
Core	CPU	C1%	C3%	C6%	C8%	C9%
-	-	0.01	0.73	72.03	15.89	0.00
0	0	0.01	0.58	71.30	17.64	0.00
0	4	0.00	0.56	70.77	19.87	0.00
1	1	0.01	0.39	73.13	16.75	0.00
1	5	0.00	0.56	72.90	17.65	0.00
2	2	0.01	0.53	72.45	17.35	0.00
2	6	0.00	0.41	71.52	19.30	0.00
3	3	0.00	0.59	78.21	11.38	0.00
3	7	0.02	2.25	65.82	7.15	0.00
Core	CPU	C1%	C3%	C6%	C8%	C9%
-	-	0.00	1.14	70.42	15.03	0.00
0	0	0.00	0.55	71.64	15.10	0.00
0	4	0.00	0.49	70.30	18.14	0.00
1	1	0.01	2.32	71.45	14.53	0.00
1	5	0.00	0.28	68.20	20.22	0.00
2	2	0.00	0.52	68.68	19.22	0.00
2	6	0.00	0.55	70.34	18.21	0.00
3	3	0.00	0.58	78.15	8.99	0.00
3	7	0.02	3.81	64.90	5.93	0.00
Core	CPU	C1%	C3%	C6%	C8%	C9%
-	-	0.16	0.71	73.16	14.63	0.00
0	0	0.01	0.54	74.16	14.78	0.00
0	4	0.00	0.58	72.53	18.04	0.00
1	1	0.00	0.41	72.16	17.55	0.00
1	5	0.00	0.27	71.80	19.08	0.00
2	2	0.00	0.51	72.71	17.21	0.00
2	6	0.01	0.38	74.19	16.66	0.00
3	3	0.00	0.61	81.69	7.87	0.00
3	7	1.28	2.40	65.89	5.82	0.00
Core	CPU	C1%	C3%	C6%	C8%	C9%
-	-	0.03	0.92	71.76	15.55	0.00
0	0	0.01	0.60	71.13	17.76	0.00
0	4	0.01	0.58	72.99	16.98	0.00
1	1	0.01	0.31	73.66	15.66	0.00
1	5	0.10	0.42	71.44	18.93	0.00
2	2	0.01	0.53	72.44	17.17	0.00
2	6	0.00	1.26	71.62	18.04	0.00
3	3	0.00	0.70	77.31	11.20	0.00
3	7	0.09	2.95	63.33	8.61	0.00
Core	CPU	C1%	C3%	C6%	C8%	C9%
-	-	0.01	0.69	73.04	14.84	0.00
0	0	0.00	0.60	75.98	12.87	0.00
0	4	0.00	0.51	72.02	18.75	0.00
1	1	0.01	0.38	74.34	15.63	0.00
1	5	0.01	0.26	70.99	20.04	0.00
2	2	0.00	0.51	70.59	19.37	0.00
2	6	0.01	0.43	72.42	18.47	0.00
3	3	0.01	0.65	81.95	7.54	0.00
3	7	0.02	2.23	66.15	6.09	0.00
Core	CPU	C1%	C3%	C6%	C8%	C9%
-	-	0.01	0.70	71.05	16.43	0.00
0	0	0.00	0.62	74.37	14.56	0.00
0	4	0.01	0.63	72.44	18.18	0.00
1	1	0.01	0.31	71.07	18.84	0.00
1	5	0.00	0.35	68.75	22.10	0.00
2	2	0.01	0.49	70.79	19.33	0.00
2	6	0.00	0.55	71.55	18.99	0.00
3	3	0.01	0.62	78.00	11.25	0.00
3	7	0.01	2.04	61.62	8.25	0.00
Core	CPU	C1%	C3%	C6%	C8%	C9%
-	-	0.01	1.11	70.42	16.09	0.00
0	0	0.00	0.57	71.70	15.92	0.00
0	4	0.00	0.53	70.13	19.24	0.00
1	1	0.01	1.78	70.74	16.32	0.00
1	5	0.00	0.26	68.84	20.05	0.00
2	2	0.00	0.46	68.91	19.89	0.00
2	6	0.01	0.45	69.99	19.95	0.00
3	3	0.00	0.58	78.14	10.77	0.00
3	7	0.03	4.26	64.70	6.49	0.00
Core	CPU	C1%	C3%	C6%	C8%	C9%
-	-	0.00	0.70	72.45	15.55	0.00
0	0	0.00	0.55	73.50	15.45	0.00
0	4	0.00	0.52	70.84	19.86	0.00
1	1	0.01	0.44	73.72	16.13	0.00
1	5	0.00	0.30	70.20	20.73	0.00
2	2	0.00	0.55	71.49	18.37	0.00
2	6	0.00	0.31	72.76	18.10	0.00
3	3	0.00	0.60	80.10	9.67	0.00
3	7	0.01	2.36	66.92	6.10	0.00
Core	CPU	C1%	C3%	C6%	C8%	C9%
-	-	0.01	0.87	71.10	16.40	0.00
0	0	0.01	0.57	72.98	15.69	0.00
0	4	0.01	0.57	69.85	20.10	0.00
1	1	0.01	1.30	72.59	16.36	0.00
1	5	0.00	0.38	71.21	18.79	0.00
2	2	0.00	0.53	69.37	20.41	0.00
2	6	0.01	0.48	71.28	19.32	0.00
3	3	0.00	0.53	77.48	12.20	0.00
3	7	0.02	2.62	64.44	8.44	0.00
Core	CPU	C1%	C3%	C6%	C8%	C9%
-	-	0.00	0.70	72.17	15.87	0.00
0	0	0.01	0.53	71.76	17.28	0.00
0	4	0.00	0.59	70.82	19.83	0.00
1	1	0.01	0.51	71.25	18.66	0.00
1	5	0.00	0.40	74.48	16.12	0.00
2	2	0.00	0.49	70.71	19.25	0.00
2	6	0.00	0.38	72.24	18.60	0.00
3	3	0.00	0.56	80.00	9.82	0.00
3	7	0.01	2.15	65.93	7.34	0.00
Core	CPU	C1%	C3%	C6%	C8%	C9%
-	-	0.07	1.05	70.98	15.23	0.00
0	0	0.01	0.58	67.14	15.29	0.00
0	4	0.00	0.64	70.35	19.44	0.00
1	1	0.01	0.59	74.47	13.86	0.00
1	5	0.01	0.33	71.08	19.45	0.00
2	2	0.22	0.46	71.29	18.38	0.00
2	6	0.06	3.32	70.72	15.75	0.00
3	3	0.00	0.56	76.88	11.80	0.00
3	7	0.21	1.91	65.77	7.85	0.00
Core	CPU	C1%	C3%	C6%	C8%	C9%
-	-	0.01	0.71	72.47	15.52	0.00
0	0	0.00	0.57	72.75	16.16	0.00
0	4	0.00	0.65	72.69	17.78	0.00
1	1	0.02	0.36	72.68	17.10	0.00
1	5	0.00	0.36	71.19	19.64	0.00
2	2	0.01	0.49	70.87	19.05	0.00
2	6	0.00	0.57	72.35	18.22	0.00
3	3	0.01	0.58	80.54	9.18	0.00
3	7	0.02	2.13	66.36	6.97	0.00
Core	CPU	C1%	C3%	C6%	C8%	C9%
-	-	0.01	0.90	71.71	16.00	0.00
0	0	0.00	0.57	72.43	16.49	0.00
0	4	0.01	1.24	71.46	18.19	0.00
1	1	0.01	0.33	71.86	18.16	0.00
1	5	0.00	0.45	72.54	18.27	0.00
2	2	0.01	0.91	71.36	17.59	0.00
2	6	0.00	0.48	71.54	19.21	0.00
3	3	0.01	0.58	78.35	11.45	0.00
3	7	0.01	2.66	64.17	8.69	0.00
Core	CPU	C1%	C3%	C6%	C8%	C9%
-	-	0.01	0.71	73.27	14.62	0.00
0	0	0.01	0.64	72.00	16.84	0.00
0	4	0.01	0.51	72.36	18.17	0.00
1	1	0.01	0.38	73.80	16.29	0.00
1	5	0.00	0.35	74.04	16.79	0.00
2	2	0.00	0.47	72.96	17.03	0.00
2	6	0.00	0.28	73.57	17.24	0.00
3	3	0.00	0.57	80.90	8.81	0.00
3	7	0.03	2.46	67.13	5.95	0.00
Core	CPU	C1%	C3%	C6%	C8%	C9%
-	-	0.00	0.70	71.62	16.38	0.00
0	0	0.00	0.63	70.85	17.97	0.00
0	4	0.00	0.56	70.37	20.19	0.00
1	1	0.01	0.30	73.31	16.67	0.00
1	5	0.00	0.46	70.12	20.61	0.00
2	2	0.00	0.53	71.96	17.93	0.00
2	6	0.00	0.44	71.90	18.90	0.00
3	3	0.00	0.47	80.08	9.73	0.00
3	7	0.02	2.20	64.31	9.03	0.00
Core	CPU	C1%	C3%	C6%	C8%	C9%
-	-	0.00	1.10	70.50	15.32	0.00
0	0	0.01	0.58	75.42	11.43	0.00
0	4	0.00	0.54	70.22	18.64	0.00
1	1	0.00	2.15	70.81	15.86	0.00
1	5	0.00	0.27	67.55	20.95	0.00
2	2	0.00	0.54	68.93	18.36	0.00
2	6	0.00	0.47	70.72	18.50	0.00
3	3	0.00	0.55	77.16	10.63	0.00
3	7	0.02	3.68	63.00	8.13	0.00
Core	CPU	C1%	C3%	C6%	C8%	C9%
-	-	0.01	0.69	71.45	16.61	0.00
0	0	0.01	0.55	72.71	16.10	0.00
0	4	0.00	0.64	72.04	18.37	0.00
1	1	0.01	0.36	70.61	19.37	0.00
1	5	0.00	0.39	69.82	21.06	0.00
2	2	0.00	0.48	71.87	18.07	0.00
2	6	0.00	0.49	71.29	19.38	0.00
3	3	0.00	0.59	78.18	11.66	0.00
3	7	0.01	2.05	64.74	8.81	0.00
Core	CPU	C1%	C3%	C6%	C8%	C9%
-	-	0.01	0.69	71.86	16.06	0.00
0	0	0.00	0.59	73.43	15.30	0.00
0	4	0.00	0.38	69.64	21.11	0.00
1	1	0.01	0.37	73.86	16.04	0.00
1	5	0.00	0.37	70.07	20.82	0.00
2	2	0.00	0.48	70.72	19.26	0.00
2	6	0.00	0.47	71.85	18.87	0.00
3	3	0.00	0.59	79.33	10.42	0.00
3	7	0.02	2.27	66.40	6.82	0.00
Core	CPU	C1%	C3%	C6%	C8%	C9%
-	-	0.01	0.72	72.66	15.19	0.00
0	0	0.00	0.60	74.86	13.96	0.00
0	4	0.00	0.97	72.71	17.04	0.00
1	1	0.01	0.34	74.49	15.49	0.00
1	5	0.00	0.24	71.13	19.85	0.00
2	2	0.00	0.51	70.81	18.28	0.00
2	6	0.00	0.41	72.63	18.15	0.00
3	3	0.00	0.56	79.28	10.56	0.00
3	7	0.02	2.13	65.27	8.13	0.00
Core	CPU	C1%	C3%	C6%	C8%	C9%
-	-	0.00	0.71	71.60	16.36	0.00
0	0	0.00	0.52	73.20	15.78	0.00
0	4	0.00	0.62	70.78	19.72	0.00
1	1	0.01	0.37	74.67	15.23	0.00
1	5	0.00	0.39	70.01	20.86	0.00
2	2	0.00	0.49	69.61	20.35	0.00
2	6	0.00	0.56	70.00	20.64	0.00
3	3	0.00	0.58	79.29	10.50	0.00
3	7	0.01	2.15	65.53	7.90	0.00
Core	CPU	C1%	C3%	C6%	C8%	C9%
-	-	0.11	1.21	69.82	16.73	0.17
0	0	0.79	0.53	72.32	15.66	0.00
0	4	0.00	0.59	69.64	20.07	0.00
1	1	0.01	2.11	72.43	14.19	1.38
1	5	0.00	0.45	67.79	21.92	0.00
2	2	0.00	0.57	67.47	20.53	0.00
2	6	0.00	0.37	68.65	21.23	0.00
3	3	0.00	0.52	76.97	11.85	0.00
3	7	0.02	4.57	63.05	8.33	0.00
Core	CPU	C1%	C3%	C6%	C8%	C9%
-	-	0.01	0.70	71.94	16.08	0.00
0	0	0.01	0.54	74.87	14.02	0.00
0	4	0.00	0.67	71.97	18.44	0.00
1	1	0.01	0.40	75.04	14.80	0.00
1	5	0.00	0.32	71.63	19.25	0.00
2	2	0.00	0.49	69.08	20.70	0.00
2	6	0.00	0.44	70.05	20.67	0.00
3	3	0.00	0.67	78.43	11.30	0.00
3	7	0.02	2.11	64.12	9.35	0.00
Core	CPU	C1%	C3%	C6%	C8%	C9%
-	-	0.01	0.83	70.93	16.64	0.00
0	0	0.00	0.48	71.86	17.17	0.00
0	4	0.00	0.71	73.41	16.71	0.00
1	1	0.02	0.34	71.64	17.93	0.00
1	5	0.00	0.38	69.29	20.95	0.00
2	2	0.00	0.46	69.60	20.06	0.00
2	6	0.00	1.05	70.08	19.77	0.00
3	3	0.00	0.50	78.51	11.40	0.00
3	7	0.01	2.69	63.66	9.31	0.00
Core	CPU	C1%	C3%	C6%	C8%	C9%
-	-	0.01	0.72	72.05	15.96	0.00
0	0	0.01	0.56	73.56	15.32	0.00
0	4	0.01	0.56	69.97	20.60	0.00
1	1	0.02	0.44	73.60	16.31	0.00
1	5	0.00	0.40	69.74	21.07	0.00
2	2	0.00	0.50	71.07	18.83	0.00
2	6	0.01	0.39	70.78	19.98	0.00
3	3	0.00	0.58	80.70	9.08	0.00
3	7	0.02	2.31	66.84	6.44	0.00
Core	CPU	C1%	C3%	C6%	C8%	C9%
-	-	0.01	0.85	71.96	15.77	0.00
0	0	0.00	0.49	75.52	13.33	0.00
0	4	0.00	0.59	71.02	19.46	0.00
1	1	0.01	0.90	74.40	14.80	0.00
1	5	0.00	0.43	69.74	20.97	0.00
2	2	0.00	0.44	69.89	19.84	0.00
2	6	0.00	1.13	70.24	19.57	0.00
3	3	0.00	0.64	79.95	9.83	0.00
3	7	0.02	2.14	64.99	8.40	0.00
Core	CPU	C1%	C3%	C6%	C8%	C9%
-	-	0.01	0.73	71.99	15.72	0.00
0	0	0.01	0.55	74.57	14.36	0.00
0	4	0.00	0.67	71.35	19.14	0.00
1	1	0.02	0.43	73.15	16.82	0.00
1	5	0.00	0.35	70.83	18.42	0.00
2	2	0.00	0.52	71.11	18.65	0.00
2	6	0.01	0.49	71.72	18.97	0.00
3	3	0.01	0.57	79.41	10.42	0.00
3	7	0.02	2.25	63.73	8.96	0.00
Core	CPU	C1%	C3%	C6%	C8%	C9%
-	-	0.00	0.85	71.74	15.95	0.00
0	0	0.00	0.53	76.48	12.42	0.00
0	4	0.00	0.64	70.99	19.34	0.00
1	1	0.01	0.43	73.72	16.27	0.00
1	5	0.01	0.35	69.21	21.31	0.00
2	2	0.00	0.52	69.17	20.45	0.00
2	6	0.00	0.50	71.02	19.77	0.00
3	3	0.00	0.84	79.08	9.46	0.00
3	7	0.01	3.02	64.07	8.54	0.00
Core	CPU	C1%	C3%	C6%	C8%	C9%
-	-	0.01	0.69	71.64	15.76	0.00
0	0	0.00	0.63	75.03	13.79	0.00
0	4	0.00	0.58	71.40	19.22	0.00
1	1	0.00	0.45	72.87	17.08	0.00
1	5	0.00	0.36	69.10	21.81	0.00
2	2	0.01	0.42	71.13	19.02	0.00
2	6	0.00	0.42	71.11	19.75	0.00
3	3	0.00	0.58	78.38	10.78	0.00
3	7	0.02	2.10	64.05	4.62	0.00
Core	CPU	C1%	C3%	C6%	C8%	C9%
-	-	0.01	0.72	71.99	16.01	0.00
0	0	0.01	0.50	75.07	13.84	0.00
0	4	0.00	0.72	71.80	18.64	0.00
1	1	0.01	0.38	73.17	16.85	0.00
1	5	0.00	0.36	69.33	21.44	0.00
2	2	0.00	0.49	70.39	19.18	0.00
2	6	0.00	0.52	70.84	19.80	0.00
3	3	0.00	0.52	79.78	10.11	0.00
3	7	0.02	2.24	65.20	8.15	0.00
Core	CPU	C1%	C3%	C6%	C8%	C9%
-	-	0.01	0.85	70.53	15.14	0.00
0	0	0.01	0.65	71.68	15.02	0.00
0	4	0.00	1.15	70.07	17.34	0.00
1	1	0.01	0.43	71.96	15.51	0.00
1	5	0.01	0.29	70.41	18.24	0.00
2	2	0.00	0.53	70.59	17.43	0.00
2	6	0.00	0.47	70.36	17.79	0.00
3	3	0.01	0.57	76.76	11.21	0.00
3	7	0.02	2.70	62.46	8.59	0.00
Core	CPU	C1%	C3%	C6%	C8%	C9%
-	-	0.01	0.76	72.24	15.54	0.00
0	0	0.01	0.48	74.49	14.49	0.00
0	4	0.00	0.59	72.05	18.42	0.00
1	1	0.00	0.43	70.58	19.09	0.00
1	5	0.00	0.34	70.74	20.10	0.00
2	2	0.00	0.53	71.13	18.70	0.00
2	6	0.00	0.59	73.01	17.54	0.00
3	3	0.00	0.68	79.88	9.85	0.00
3	7	0.02	2.41	66.70	6.27	0.00
Core	CPU	C1%	C3%	C6%	C8%	C9%
-	-	0.07	0.85	72.14	15.31	0.00
0	0	0.01	0.55	73.80	15.22	0.00
0	4	0.00	0.68	73.82	16.02	0.00
1	1	0.01	0.40	71.76	17.39	0.00
1	5	0.50	0.38	69.06	20.84	0.00
2	2	0.03	0.53	71.31	18.06	0.00
2	6	0.00	0.50	72.58	18.00	0.00
3	3	0.00	0.92	78.75	9.61	0.00
3	7	0.02	2.86	65.52	7.25	0.00
Core	CPU	C1%	C3%	C6%	C8%	C9%
-	-	0.01	0.71	72.38	15.53	0.00
0	0	0.01	0.57	73.31	15.53	0.00
0	4	0.00	0.56	69.88	20.74	0.00
1	1	0.02	0.39	76.14	13.70	0.00
1	5	0.00	0.38	71.37	19.52	0.00
2	2	0.00	0.52	72.03	17.94	0.00
2	6	0.00	0.33	71.65	19.21	0.00
3	3	0.00	0.61	79.68	9.93	0.00
3	7	0.01	2.30	65.46	7.82	0.00
Core	CPU	C1%	C3%	C6%	C8%	C9%
-	-	0.01	0.69	71.27	16.75	0.00
0	0	0.01	0.56	74.36	14.37	0.00
0	4	0.00	0.55	70.07	20.56	0.00
1	1	0.02	0.41	73.17	16.78	0.00
1	5	0.00	0.38	70.25	20.65	0.00
2	2	0.01	0.45	70.36	19.65	0.00
2	6	0.00	0.48	70.66	20.09	0.00
3	3	0.01	0.57	78.24	11.55	0.00
3	7	0.01	2.15	63.09	10.32	0.00
Core	CPU	C1%	C3%	C6%	C8%	C9%
-	-	0.01	1.03	69.63	16.19	0.00
0	0	0.00	0.62	73.63	13.23	0.00
0	4	0.01	1.33	68.94	18.30	0.00
1	1	0.01	0.37	71.10	17.28	0.00
1	5	0.00	0.38	67.15	21.15	0.00
2	2	0.00	0.46	68.20	19.03	0.00
2	6	0.00	0.45	67.43	21.30	0.00
3	3	0.00	0.54	75.98	11.91	0.00
3	7	0.02	4.10	63.96	7.15	0.00
Core	CPU	C1%	C3%	C6%	C8%	C9%
-	-	0.00	0.73	72.27	15.66	0.00
0	0	0.00	0.59	73.48	15.35	0.00
0	4	0.00	0.60	71.41	19.20	0.00
1	1	0.01	0.35	74.38	15.63	0.00
1	5	0.00	0.38	70.22	20.71	0.00
2	2	0.00	0.48	71.11	18.61	0.00
2	6	0.00	0.47	70.97	19.76	0.00
3	3	0.00	0.58	80.13	9.61	0.00
3	7	0.01	2.36	66.76	6.45	0.00
Core	CPU	C1%	C3%	C6%	C8%	C9%
-	-	0.01	0.86	71.91	15.86	0.00
0	0	0.00	0.55	72.50	16.53	0.00
0	4	0.00	1.27	70.46	19.27	0.00
1	1	0.01	0.37	74.22	15.78	0.00
1	5	0.00	0.43	70.26	20.67	0.00
2	2	0.01	0.51	72.39	17.51	0.00
2	6	0.00	0.53	72.85	17.69	0.00
3	3	0.00	0.49	77.74	11.67	0.00
3	7	0.01	2.75	65.10	7.84	0.00
Core	CPU	C1%	C3%	C6%	C8%	C9%
-	-	0.01	0.73	71.84	16.10	0.00
0	0	0.01	0.65	75.85	12.84	0.00
0	4	0.00	0.54	71.90	18.75	0.00
1	1	0.01	0.40	73.39	16.65	0.00
1	5	0.00	0.22	68.54	22.55	0.00
2	2	0.00	0.52	67.59	22.13	0.00
2	6	0.00	0.60	71.92	18.43	0.00
3	3	0.00	0.56	79.65	10.09	0.00
3	7	0.02	2.35	65.83	7.32	0.00
Core	CPU	C1%	C3%	C6%	C8%	C9%
-	-	0.01	0.69	73.16	14.85	0.00
0	0	0.01	0.57	76.40	12.40	0.00
0	4	0.00	0.50	72.48	18.16	0.00
1	1	0.01	0.38	73.27	16.77	0.00
1	5	0.00	0.29	69.90	21.10	0.00
2	2	0.00	0.43	71.83	18.19	0.00
2	6	0.00	0.54	72.96	17.68	0.00
3	3	0.00	0.54	81.15	8.59	0.00
3	7	0.02	2.29	67.39	5.90	0.00
Core	CPU	C1%	C3%	C6%	C8%	C9%
-	-	0.01	1.19	69.88	16.71	0.00
0	0	0.00	0.52	72.98	15.48	0.00
0	4	0.00	2.93	68.89	18.31	0.00
1	1	0.01	0.42	71.06	17.23	0.00
1	5	0.00	0.24	68.82	21.95	0.00
2	2	0.00	0.54	69.32	19.01	0.00
2	6	0.00	0.38	68.31	21.75	0.00
3	3	0.00	0.51	76.46	11.76	0.00
3	7	0.07	3.97	63.02	8.12	0.00
Core	CPU	C1%	C3%	C6%	C8%	C9%
-	-	0.00	0.69	72.78	15.26	0.00
0	0	0.00	0.59	75.19	13.63	0.00
0	4	0.01	0.61	73.46	17.06	0.00
1	1	0.01	0.38	73.14	16.84	0.00
1	5	0.00	0.34	71.44	19.53	0.00
2	2	0.01	0.56	70.88	18.88	0.00
2	6	0.00	0.37	71.47	19.36	0.00
3	3	0.00	0.48	81.00	8.83	0.00
3	7	0.01	2.20	65.50	7.90	0.00
Core	CPU	C1%	C3%	C6%	C8%	C9%
-	-	0.01	0.79	71.60	16.18	0.00
0	0	0.01	0.57	75.45	13.30	0.00
0	4	0.00	0.64	72.20	18.34	0.00
1	1	0.01	0.48	73.09	16.65	0.00
1	5	0.00	0.30	70.47	20.60	0.00
2	2	0.00	0.49	70.88	19.09	0.00
2	6	0.00	0.76	70.95	18.99	0.00
3	3	0.01	0.53	77.07	12.80	0.00
3	7	0.01	2.59	63.16	9.76	0.00
Core	CPU	C1%	C3%	C6%	C8%	C9%
-	-	0.01	0.71	72.07	15.92	0.00
0	0	0.01	0.62	72.69	16.14	0.00
0	4	0.00	0.62	72.23	18.16	0.00
1	1	0.01	0.32	71.18	18.55	0.00
1	5	0.00	0.35	69.67	21.28	0.00
2	2	0.00	0.54	71.38	18.60	0.00
2	6	0.00	0.45	72.13	18.75	0.00
3	3	0.00	0.52	80.89	8.93	0.00
3	7	0.02	2.26	66.41	6.93	0.00
Core	CPU	C1%	C3%	C6%	C8%	C9%
-	-	0.01	0.70	71.54	16.47	0.00
0	0	0.01	0.53	72.45	16.55	0.00
0	4	0.01	0.65	70.74	19.70	0.00
1	1	0.01	0.34	73.20	16.75	0.00
1	5	0.00	0.36	70.53	20.42	0.00
2	2	0.01	0.50	71.21	18.79	0.00
2	6	0.00	0.52	71.45	19.35	0.00
3	3	0.01	0.52	79.42	10.15	0.00
3	7	0.01	2.18	63.31	10.00	0.00
Core	CPU	C1%	C3%	C6%	C8%	C9%
-	-	0.03	0.98	69.43	17.02	0.00
0	0	0.00	0.53	69.34	18.67	0.00
0	4	0.01	2.58	67.46	19.98	0.00
1	1	0.02	0.39	69.66	19.20	0.00
1	5	0.00	0.37	68.06	21.80	0.00
2	2	0.00	0.51	71.18	17.83	0.00
2	6	0.19	0.47	69.91	18.96	0.00
3	3	0.01	0.50	77.17	11.55	0.00
3	7	0.03	2.48	62.64	8.16	0.00
Core	CPU	C1%	C3%	C6%	C8%	C9%
-	-	0.01	0.70	71.95	16.06	0.00
0	0	0.01	0.53	72.59	16.27	0.00
0	4	0.00	0.58	69.53	21.07	0.00
1	1	0.01	0.37	75.43	14.47	0.00
1	5	0.00	0.30	70.53	20.45	0.00
2	2	0.00	0.48	70.76	19.21	0.00
2	6	0.00	0.43	71.41	19.51	0.00
3	3	0.00	0.66	80.33	9.28	0.00
3	7	0.02	2.26	65.00	8.25	0.00
Core	CPU	C1%	C3%	C6%	C8%	C9%
-	-	0.01	0.89	70.66	17.12	0.00
0	0	0.01	0.58	70.25	18.65	0.00
0	4	0.01	0.61	69.72	20.15	0.00
1	1	0.01	0.37	72.38	17.29	0.00
1	5	0.00	1.18	68.97	20.87	0.00
2	2	0.01	0.63	70.44	19.45	0.00
2	6	0.00	0.44	71.16	19.80	0.00
3	3	0.00	0.50	78.05	11.47	0.00
3	7	0.01	2.78	63.69	9.10	0.00
Core	CPU	C1%	C3%	C6%	C8%	C9%
-	-	0.01	0.72	71.74	16.11	0.00
0	0	0.01	0.47	73.74	15.20	0.00
0	4	0.01	0.64	71.17	19.30	0.00
1	1	0.01	0.39	73.93	15.79	0.00
1	5	0.00	0.30	70.88	20.12	0.00
2	2	0.00	0.48	70.18	19.80	0.00
2	6	0.00	0.50	71.05	19.68	0.00
3	3	0.01	0.52	79.14	10.63	0.00
3	7	0.01	2.46	64.52	8.50	0.00
Core	CPU	C1%	C3%	C6%	C8%	C9%
-	-	0.00	1.24	69.36	17.22	0.00
0	0	0.00	0.44	72.52	14.93	0.00
0	4	0.01	3.14	70.10	17.14	0.00
1	1	0.00	0.42	68.95	19.76	0.00
1	5	0.00	0.37	68.01	21.59	0.00
2	2	0.00	0.50	68.27	20.81	0.00
2	6	0.00	0.55	69.19	20.68	0.00
3	3	0.01	0.55	76.97	11.93	0.00
3	7	0.01	3.92	60.31	10.76	0.00
Core	CPU	C1%	C3%	C6%	C8%	C9%
-	-	0.01	0.72	71.91	15.80	0.00
0	0	0.01	0.49	73.20	15.73	0.00
0	4	0.00	0.56	71.11	19.54	0.00
1	1	0.01	0.42	73.84	16.07	0.00
1	5	0.00	0.25	69.96	21.06	0.00
2	2	0.00	0.49	71.64	18.38	0.00
2	6	0.00	0.50	72.57	18.21	0.00
3	3	0.00	0.67	79.28	10.16	0.00
3	7	0.02	2.33	63.95	7.28	0.00
Core	CPU	C1%	C3%	C6%	C8%	C9%
-	-	0.01	0.69	70.82	16.74	0.00
0	0	0.00	0.66	72.40	16.49	0.00
0	4	0.01	0.64	69.67	20.95	0.00
1	1	0.01	0.32	75.00	14.86	0.00
1	5	0.00	0.35	69.77	21.33	0.00
2	2	0.01	0.46	70.37	19.47	0.00
2	6	0.00	0.38	70.55	19.78	0.00
3	3	0.00	0.46	76.64	12.93	0.00
3	7	0.02	2.25	62.42	8.16	0.00
Core	CPU	C1%	C3%	C6%	C8%	C9%
-	-	0.01	0.88	72.10	15.94	0.00
0	0	0.00	0.57	71.88	17.15	0.00
0	4	0.00	1.39	71.56	18.27	0.00
1	1	0.01	0.30	74.58	15.50	0.00
1	5	0.00	0.38	71.58	19.38	0.00
2	2	0.00	0.50	70.67	19.35	0.00
2	6	0.00	0.50	72.13	18.66	0.00
3	3	0.00	0.51	79.00	10.92	0.00
3	7	0.02	2.90	64.76	8.12	0.00
Core	CPU	C1%	C3%	C6%	C8%	C9%
-	-	0.01	0.71	72.01	15.91	0.00
0	0	0.00	0.53	73.32	15.56	0.00
0	4	0.00	0.66	72.34	18.18	0.00
1	1	0.01	0.39	72.45	17.51	0.00
1	5	0.00	0.39	70.07	20.81	0.00
2	2	0.01	0.47	71.76	18.11	0.00
2	6	0.01	0.56	71.60	19.05	0.00
3	3	0.00	0.54	79.81	9.95	0.00
3	7	0.02	2.14	65.15	8.20	0.00
Core	CPU	C1%	C3%	C6%	C8%	C9%
-	-	0.01	1.21	70.73	15.56	0.00
0	0	0.01	0.58	74.02	13.73	0.00
0	4	0.01	2.68	69.94	17.28	0.00
1	1	0.01	0.42	71.06	17.69	0.00
1	5	0.00	0.26	67.74	21.44	0.00
2	2	0.00	0.52	69.84	18.33	0.00
2	6	0.00	0.42	71.20	18.83	0.00
3	3	0.00	0.57	77.34	10.52	0.00
3	7	0.02	4.25	64.50	6.65	0.00
Core	CPU	C1%	C3%	C6%	C8%	C9%
-	-	0.01	0.71	71.37	16.60	0.00
0	0	0.00	0.56	70.56	18.43	0.00
0	4	0.01	0.66	70.97	19.47	0.00
1	1	0.01	0.30	72.11	17.72	0.00
1	5	0.01	0.44	71.59	19.14	0.00
2	2	0.01	0.53	71.71	18.19	0.00
2	6	0.00	0.48	71.05	19.65	0.00
3	3	0.00	0.56	78.49	11.24	0.00
3	7	0.02	2.19	64.45	8.97	0.00
Core	CPU	C1%	C3%	C6%	C8%	C9%
-	-	0.00	0.69	72.16	15.78	0.00
0	0	0.00	0.64	72.63	16.19	0.00
0	4	0.00	0.46	69.81	20.88	0.00
1	1	0.00	0.33	74.18	15.76	0.00
1	5	0.00	0.35	69.62	21.35	0.00
2	2	0.00	0.55	72.01	17.91	0.00
2	6	0.00	0.45	72.90	17.79	0.00
3	3	0.00	0.53	80.36	9.39	0.00
3	7	0.01	2.20	66.24	7.11	0.00
Core	CPU	C1%	C3%	C6%	C8%	C9%
-	-	0.01	0.80	70.94	16.81	0.00
0	0	0.00	0.65	69.31	19.09	0.00
0	4	0.01	0.48	69.82	20.87	0.00
1	1	0.01	0.35	72.64	17.42	0.00
1	5	0.00	0.47	69.64	21.23	0.00
2	2	0.00	0.48	71.57	18.09	0.00
2	6	0.01	1.02	71.80	17.85	0.00
3	3	0.00	0.54	77.78	11.66	0.00
3	7	0.02	2.44	64.98	8.30	0.00
Core	CPU	C1%	C3%	C6%	C8%	C9%
-	-	0.01	0.72	71.24	16.77	0.00
0	0	0.01	0.60	71.43	17.53	0.00
0	4	0.00	0.72	69.90	20.63	0.00
1	1	0.01	0.33	76.06	13.92	0.00
1	5	0.00	0.35	70.42	20.54	0.00
2	2	0.00	0.55	70.58	19.21	0.00
2	6	0.00	0.45	69.90	20.94	0.00
3	3	0.01	0.49	78.43	11.38	0.00
3	7	0.02	2.28	63.25	10.07	0.00
Core	CPU	C1%	C3%	C6%	C8%	C9%
-	-	0.01	0.84	68.96	16.89	0.00
0	0	0.01	0.55	67.59	18.88	0.00
0	4	0.01	1.21	67.75	19.43	0.00
1	1	0.01	0.34	72.97	15.25	0.00
1	5	0.00	0.39	67.97	20.95	0.00
2	2	0.00	0.52	69.63	18.32	0.00
2	6	0.00	0.45	67.95	20.41	0.00
3	3	0.00	0.40	75.49	12.31	0.00
3	7	0.02	2.83	61.69	9.45	0.00
Core	CPU	C1%	C3%	C6%	C8%	C9%
-	-	0.01	0.71	71.95	15.96	0.00
0	0	0.00	0.70	71.91	16.91	0.00
0	4	0.01	0.67	71.24	19.29	0.00
1	1	0.01	0.41	76.24	13.63	0.00
1	5	0.00	0.28	71.36	19.66	0.00
2	2	0.00	0.49	71.57	18.30	0.00
2	6	0.01	0.49	71.75	19.04	0.00
3	3	0.01	0.53	77.71	11.99	0.00
3	7	0.02	2.14	64.41	8.99	0.00
Core	CPU	C1%	C3%	C6%	C8%	C9%
-	-	0.01	0.86	71.70	16.18	0.00
0	0	0.00	0.59	72.05	17.01	0.00
0	4	0.01	1.11	68.78	21.11	0.00
1	1	0.02	0.38	73.12	16.98	0.00
1	5	0.00	0.43	70.13	20.56	0.00
2	2	0.01	0.46	72.57	17.08	0.00
2	6	0.00	0.44	72.23	18.52	0.00
3	3	0.00	0.43	79.31	10.26	0.00
3	7	0.02	3.02	64.82	7.78	0.00
Core	CPU	C1%	C3%	C6%	C8%	C9%
-	-	0.00	0.68	72.61	15.28	0.00
0	0	0.01	0.64	75.21	13.56	0.00
0	4	0.00	0.58	73.56	16.82	0.00
1	1	0.01	0.33	73.41	16.42	0.00
1	5	0.00	0.29	72.36	18.49	0.00
2	2	0.00	0.51	70.39	19.58	0.00
2	6	0.00	0.44	73.11	17.70	0.00
3	3	0.00	0.46	78.46	11.39	0.00
3	7	0.01	2.18	64.93	8.38	0.00
Core	CPU	C1%	C3%	C6%	C8%	C9%
-	-	0.01	0.70	72.21	15.78	0.00
0	0	0.01	0.66	72.70	16.06	0.00
0	4	0.00	0.59	71.47	19.03	0.00
1	1	0.01	0.34	73.85	15.61	0.00
1	5	0.00	0.45	69.55	20.83	0.00
2	2	0.01	0.52	71.50	18.54	0.00
2	6	0.00	0.35	72.20	18.75	0.00
3	3	0.00	0.50	80.49	9.35	0.00
3	7	0.04	2.20	65.39	7.89	0.00
Core	CPU	C1%	C3%	C6%	C8%	C9%
-	-	0.01	1.12	69.65	16.24	0.00
0	0	0.00	0.51	72.09	14.97	0.00
0	4	0.01	2.79	70.26	16.77	0.00
1	1	0.01	0.41	69.40	18.43	0.00
1	5	0.00	0.38	67.45	21.47	0.00
2	2	0.00	0.50	69.26	18.68	0.00
2	6	0.00	0.56	69.81	19.46	0.00
3	3	0.00	0.50	76.65	11.26	0.00
3	7	0.02	3.33	62.25	8.89	0.00
Core	CPU	C1%	C3%	C6%	C8%	C9%
-	-	0.01	0.69	72.38	15.51	0.00
0	0	0.00	0.68	72.49	16.34	0.00
0	4	0.01	0.57	71.35	19.23	0.00
1	1	0.01	0.37	74.17	15.68	0.00
1	5	0.01	0.27	69.75	21.15	0.00
2	2	0.00	0.60	73.77	16.03	0.00
2	6	0.00	0.49	73.27	17.48	0.00
3	3	0.00	0.47	79.32	10.47	0.00
3	7	0.02	2.09	65.49	7.80	0.00
Core	CPU	C1%	C3%	C6%	C8%	C9%
-	-	0.01	0.71	72.22	15.75	0.00
0	0	0.00	0.55	73.36	15.56	0.00
0	4	0.00	0.65	72.73	17.81	0.00
1	1	0.01	0.32	73.59	16.42	0.00
1	5	0.00	0.38	70.61	20.32	0.00
2	2	0.00	0.52	71.56	18.29	0.00
2	6	0.00	0.47	72.36	18.37	0.00
3	3	0.01	0.60	79.52	10.13	0.00
3	7	0.01	2.22	64.12	9.14	0.00
Core	CPU	C1%	C3%	C6%	C8%	C9%
-	-	0.01	0.82	71.33	16.55	0.00
0	0	0.01	0.51	72.41	16.58	0.00
0	4	0.00	0.54	70.95	19.34	0.00
1	1	0.01	0.38	72.47	17.52	0.00
1	5	0.00	0.27	68.98	22.07	0.00
2	2	0.00	0.51	69.50	20.49	0.00
2	6	0.00	0.54	72.57	18.15	0.00
3	3	0.01	1.26	79.32	9.47	0.00
3	7	0.01	2.54	64.21	8.73	0.00
Core	CPU	C1%	C3%	C6%	C8%	C9%
-	-	0.01	0.71	71.92	16.02	0.00
0	0	0.01	0.55	73.43	15.48	0.00
0	4	0.00	0.57	71.14	19.35	0.00
1	1	0.01	0.40	73.97	15.96	0.00
1	5	0.00	0.30	69.89	21.12	0.00
2	2	0.00	0.55	70.83	19.09	0.00
2	6	0.00	0.47	72.81	17.92	0.00
3	3	0.00	0.63	78.72	10.93	0.00
3	7	0.02	2.18	64.83	8.41	0.00
Core	CPU	C1%	C3%	C6%	C8%	C9%
-	-	0.01	1.08	69.86	16.05	0.00
0	0	0.00	0.56	72.04	14.91	0.00
0	4	0.00	2.34	68.36	18.86	0.00
1	1	0.01	0.33	72.67	15.47	0.00
1	5	0.00	0.30	67.28	21.61	0.00
2	2	0.00	0.50	68.25	19.76	0.00
2	6	0.00	0.56	69.75	19.77	0.00
3	3	0.00	0.52	77.26	10.05	0.00
3	7	0.02	3.53	63.01	7.90	0.00
Core	CPU	C1%	C3%	C6%	C8%	C9%
-	-	0.01	0.73	72.01	15.97	0.00
0	0	0.00	0.53	74.15	14.71	0.00
0	4	0.00	0.57	71.13	19.46	0.00
1	1	0.02	0.38	75.33	14.59	0.00
1	5	0.00	0.35	68.73	22.21	0.00
2	2	0.00	0.50	70.38	19.57	0.00
2	6	0.00	0.53	70.36	20.30	0.00
3	3	0.00	0.64	80.33	9.37	0.00
3	7	0.01	2.33	65.72	7.51	0.00
Core	CPU	C1%	C3%	C6%	C8%	C9%
-	-	0.01	0.69	72.67	15.42	0.00
0	0	0.01	0.56	72.95	15.93	0.00
0	4	0.00	0.54	70.98	19.64	0.00
1	1	0.00	0.35	75.36	14.50	0.00
1	5	0.00	0.33	70.99	19.97	0.00
2	2	0.00	0.56	71.49	18.45	0.00
2	6	0.00	0.34	71.60	19.24	0.00
3	3	0.00	0.49	81.02	8.79	0.00
3	7	0.03	2.30	66.59	6.74	0.00
Core	CPU	C1%	C3%	C6%	C8%	C9%
-	-	0.00	0.86	71.88	15.67	0.00
0	0	0.00	0.46	74.17	14.42	0.00
0	4	0.00	0.75	71.65	18.58	0.00
1	1	0.01	0.37	74.16	15.80	0.00
1	5	0.00	0.29	69.66	20.75	0.00
2	2	0.00	0.49	69.04	20.42	0.00
2	6	0.00	0.92	71.89	17.70	0.00
3	3	0.00	0.51	80.51	9.08	0.00
3	7	0.02	3.10	63.97	8.61	0.00
Core	CPU	C1%	C3%	C6%	C8%	C9%
-	-	0.01	0.74	70.40	16.82	0.00
0	0	0.01	0.51	70.33	18.79	0.00
0	4	0.01	0.75	68.64	21.92	0.00
1	1	0.01	0.39	74.11	15.86	0.00
1	5	0.00	0.47	71.13	19.80	0.00
2	2	0.00	0.43	70.14	19.61	0.00
2	6	0.00	0.46	72.43	17.90	0.00
3	3	0.01	0.49	75.20	14.08	0.00
3	7	0.01	2.44	61.82	6.75	0.00
Core	CPU	C1%	C3%	C6%	C8%	C9%
-	-	0.00	1.12	70.60	15.21	0.00
0	0	0.01	0.57	70.90	16.14	0.00
0	4	0.00	2.33	69.95	17.28	0.00
1	1	0.01	0.38	74.29	13.84	0.00
1	5	0.00	0.33	69.28	19.14	0.00
2	2	0.00	0.45	69.43	18.89	0.00
2	6	0.00	0.55	70.63	18.01	0.00
3	3	0.00	0.56	76.89	10.39	0.00
3	7	0.01	3.80	63.20	7.88	0.00
Core	CPU	C1%	C3%	C6%	C8%	C9%
-	-	0.00	0.68	71.66	16.39	0.00
0	0	0.01	0.50	73.81	15.19	0.00
0	4	0.00	0.56	72.23	18.20	0.00
1	1	0.01	0.38	73.31	16.46	0.00
1	5	0.00	0.33	69.36	21.57	0.00
2	2	0.00	0.48	70.84	19.14	0.00
2	6	0.00	0.48	72.04	18.68	0.00
3	3	0.00	0.56	77.98	11.82	0.00
3	7	0.01	2.12	63.38	10.00	0.00
Core	CPU	C1%	C3%	C6%	C8%	C9%
-	-	0.01	0.79	72.65	14.92	0.00
0	0	0.01	0.60	75.73	12.67	0.00
0	4	0.05	0.75	71.33	18.20	0.00
1	1	0.01	0.35	75.30	14.24	0.00
1	5	0.03	0.63	69.73	20.18	0.00
2	2	0.00	0.49	71.62	18.06	0.00
2	6	0.00	0.53	73.00	17.76	0.00
3	3	0.00	0.52	79.51	10.32	0.00
3	7	0.02	2.44	65.00	7.96	0.00
Core	CPU	C1%	C3%	C6%	C8%	C9%
-	-	0.00	0.80	72.66	15.21	0.00
0	0	0.00	0.57	73.07	15.88	0.00
0	4	0.01	0.46	71.41	19.37	0.00
1	1	0.01	0.36	75.48	14.39	0.00
1	5	0.00	0.85	71.02	19.38	0.00
2	2	0.00	0.57	70.17	19.73	0.00
2	6	0.00	0.39	72.77	18.04	0.00
3	3	0.00	0.43	81.27	8.61	0.00
3	7	0.01	2.75	66.52	6.40	0.00
Core	CPU	C1%	C3%	C6%	C8%	C9%
-	-	0.01	0.69	72.86	15.11	0.00
0	0	0.00	0.68	74.01	14.73	0.00
0	4	0.01	0.54	73.00	17.49	0.00
1	1	0.01	0.46	73.33	16.39	0.00
1	5	0.00	0.34	69.75	21.19	0.00
2	2	0.00	0.54	72.52	17.42	0.00
2	6	0.00	0.48	73.42	17.36	0.00
3	3	0.00	0.51	80.23	9.51	0.00
3	7	0.02	1.99	66.71	6.85	0.00
Core	CPU	C1%	C3%	C6%	C8%	C9%
-	-	0.01	0.96	69.27	16.45	0.00
0	0	0.01	0.47	70.68	16.15	0.00
0	4	0.01	1.30	68.20	19.08	0.00
1	1	0.01	0.48	71.22	16.52	0.00
1	5	0.00	0.33	67.38	21.02	0.00
2	2	0.00	0.49	69.60	17.63	0.00
2	6	0.00	0.44	68.56	20.26	0.00
3	3	0.01	0.61	75.87	11.84	0.00
3	7	0.02	3.56	62.18	8.96	0.00
Core	CPU	C1%	C3%	C6%	C8%	C9%
-	-	0.01	0.72	71.96	15.95	0.00
0	0	0.01	0.58	70.66	18.32	0.00
0	4	0.00	0.54	69.84	20.78	0.00
1	1	0.01	0.41	75.27	14.51	0.00
1	5	0.00	0.36	70.55	20.30	0.00
2	2	0.01	0.47	71.48	18.53	0.00
2	6	0.00	0.41	71.66	19.12	0.00
3	3	0.00	0.65	80.82	8.84	0.00
3	7	0.02	2.32	65.90	7.31	0.00
Core	CPU	C1%	C3%	C6%	C8%	C9%
-	-	0.01	0.88	71.58	16.18	0.00
0	0	0.00	0.61	71.86	17.01	0.00
0	4	0.00	0.61	70.84	19.57	0.00
1	1	0.01	0.32	73.14	16.71	0.00
1	5	0.00	0.42	68.58	22.32	0.00
2	2	0.00	0.51	71.92	18.04	0.00
2	6	0.00	1.26	71.70	17.87	0.00
3	3	0.00	0.52	79.63	9.99	0.00
3	7	0.01	2.77	64.91	7.90	0.00
Core	CPU	C1%	C3%	C6%	C8%	C9%
-	-	0.01	0.73	72.40	15.51	0.00
0	0	0.01	0.60	72.26	16.67	0.00
0	4	0.01	0.62	74.88	15.38	0.00
1	1	0.01	0.32	72.75	17.16	0.00
1	5	0.00	0.46	71.06	19.74	0.00
2	2	0.00	0.56	71.85	18.08	0.00
2	6	0.00	0.36	71.38	19.47	0.00
3	3	0.00	0.54	79.14	10.66	0.00
3	7	0.02	2.42	66.07	6.95	0.00
Core	CPU	C1%	C3%	C6%	C8%	C9%
-	-	0.00	0.73	70.92	17.03	0.00
0	0	0.00	0.61	71.25	17.62	0.00
0	4	0.00	0.58	71.73	18.72	0.00
1	1	0.01	0.37	72.19	17.53	0.00
1	5	0.00	0.39	69.19	21.61	0.00
2	2	0.00	0.47	69.58	20.46	0.00
2	6	0.00	0.56	69.78	20.85	0.00
3	3	0.00	0.54	79.09	10.79	0.00
3	7	0.01	2.35	64.55	8.63	0.00
Core	CPU	C1%	C3%	C6%	C8%	C9%
-	-	0.00	1.18	70.14	16.25	0.00
0	0	0.01	0.57	73.38	14.32	0.00
0	4	0.01	2.74	68.98	18.15	0.00
1	1	0.01	0.31	72.38	16.20	0.00
1	5	0.00	0.44	69.39	19.74	0.00
2	2	0.00	0.56	70.05	18.75	0.00
2	6	0.00	0.39	69.27	20.28	0.00
3	3	0.00	0.54	74.83	13.55	0.00
3	7	0.01	3.87	62.20	8.88	0.00
Core	CPU	C1%	C3%	C6%	C8%	C9%
-	-	0.01	0.74	71.38	16.47	0.00
0	0	0.01	0.60	72.28	16.57	0.00
0	4	0.01	0.62	69.51	21.07	0.00
1	1	0.01	0.42	73.61	16.22	0.00
1	5	0.00	0.42	68.80	21.84	0.00
2	2	0.01	0.52	70.58	19.41	0.00
2	6	0.01	0.46	72.30	18.46	0.00
3	3	0.00	0.47	79.91	9.96	0.00
3	7	0.01	2.46	64.65	8.36	0.00
Core	CPU	C1%	C3%	C6%	C8%	C9%
-	-	0.01	0.72	71.31	16.70	0.00
0	0	0.01	0.53	71.80	17.28	0.00
0	4	0.01	0.76	69.78	20.75	0.00
1	1	0.01	0.38	75.06	14.94	0.00
1	5	0.00	0.33	70.72	20.22	0.00
2	2	0.01	0.50	71.63	18.20	0.00
2	6	0.00	0.47	70.71	19.99	0.00
3	3	0.01	0.57	77.49	12.20	0.00
3	7	0.01	2.23	63.29	10.01	0.00
