Core	CPU	C1%	C3%	C6%	C8%	C9%
-	-	0.12	0.01	2.00	1.36	0.00
0	0	0.00	0.00	0.89	0.79	0.00
0	4	0.00	0.00	3.18	1.73	0.00
1	1	0.77	0.00	1.32	0.88	0.00
1	5	0.00	0.00	1.54	0.41	0.00
2	2	0.00	0.05	2.04	2.85	0.00
2	6	0.00	0.00	2.26	1.88	0.00
3	3	0.00	0.00	1.78	0.97	0.00
3	7	0.19	0.00	3.03	1.34	0.00
Core	CPU	C1%	C3%	C6%	C8%	C9%
-	-	0.00	0.01	0.59	0.75	0.00
0	0	0.00	0.00	0.32	0.59	0.00
0	4	0.00	0.00	0.79	0.79	0.00
1	1	0.00	0.00	0.28	0.89	0.00
1	5	0.00	0.01	0.43	1.07	0.00
2	2	0.00	0.00	0.90	0.39	0.00
2	6	0.00	0.01	0.79	0.88	0.00
3	3	0.00	0.02	0.78	0.79	0.00
3	7	0.00	0.00	0.46	0.59	0.00
Core	CPU	C1%	C3%	C6%	C8%	C9%
-	-	0.00	0.01	0.82	1.21	0.00
0	0	0.00	0.00	0.55	2.28	0.00
0	4	0.00	0.00	0.86	1.18	0.00
1	1	0.00	0.00	0.30	1.18	0.00
1	5	0.00	0.04	1.05	0.68	0.00
2	2	0.00	0.00	0.70	1.68	0.00
2	6	0.00	0.00	0.56	1.42	0.00
3	3	0.00	0.03	1.33	0.89	0.00
3	7	0.00	0.02	1.18	0.39	0.00
Core	CPU	C1%	C3%	C6%	C8%	C9%
-	-	0.00	0.00	0.38	0.84	0.00
0	0	0.00	0.00	0.35	0.69	0.00
0	4	0.00	0.00	0.14	0.99	0.00
1	1	0.00	0.00	0.10	0.40	0.00
1	5	0.00	0.00	0.95	0.78	0.00
2	2	0.00	0.00	0.43	0.99	0.00
2	6	0.00	0.00	0.23	0.97	0.00
3	3	0.00	0.01	0.60	0.99	0.00
3	7	0.00	0.02	0.28	0.89	0.00
Core	CPU	C1%	C3%	C6%	C8%	C9%
-	-	0.01	0.01	0.45	1.11	0.00
0	0	0.06	0.01	0.51	0.49	0.00
0	4	0.00	0.00	0.65	1.53	0.00
1	1	0.00	0.00	0.40	1.08	0.00
1	5	0.00	0.00	0.26	0.99	0.00
2	2	0.00	0.00	0.10	0.99	0.00
2	6	0.00	0.00	0.47	1.36	0.00
3	3	0.00	0.05	0.51	1.01	0.00
3	7	0.00	0.01	0.70	1.45	0.00
Core	CPU	C1%	C3%	C6%	C8%	C9%
-	-	0.00	0.07	0.45	0.47	0.00
0	0	0.00	0.00	0.28	0.79	0.00
0	4	0.00	0.50	0.17	0.00	0.00
1	1	0.00	0.00	0.82	0.50	0.00
1	5	0.00	0.00	0.92	0.80	0.00
2	2	0.00	0.00	0.03	0.60	0.00
2	6	0.00	0.00	0.08	0.60	0.00
3	3	0.00	0.05	0.72	0.50	0.00
3	7	0.00	0.00	0.60	0.00	0.00
Core	CPU	C1%	C3%	C6%	C8%	C9%
-	-	0.00	0.01	0.54	0.72	0.00
0	0	0.00	0.00	1.06	0.00	0.00
0	4	0.00	0.02	0.70	0.00	0.00
1	1	0.00	0.00	0.66	0.89	0.00
1	5	0.00	0.00	0.37	0.79	0.00
2	2	0.00	0.00	0.24	0.89	0.00
2	6	0.00	0.03	0.29	1.27	0.00
3	3	0.00	0.00	0.41	1.19	0.00
3	7	0.00	0.00	0.55	0.70	0.00
Core	CPU	C1%	C3%	C6%	C8%	C9%
-	-	0.00	0.01	0.49	0.96	0.00
0	0	0.00	0.00	0.20	0.69	0.00
0	4	0.00	0.02	1.46	1.00	0.00
1	1	0.00	0.00	0.38	0.90	0.00
1	5	0.00	0.00	0.30	0.90	0.00
2	2	0.02	0.00	0.27	0.90	0.00
2	6	0.00	0.00	0.40	1.51	0.00
3	3	0.00	0.03	0.65	0.80	0.00
3	7	0.00	0.00	0.23	0.99	0.00
Core	CPU	C1%	C3%	C6%	C8%	C9%
-	-	0.00	0.00	0.56	1.16	0.00
0	0	0.00	0.00	0.46	1.57	0.00
0	4	0.00	0.00	0.60	1.39	0.00
1	1	0.00	0.00	0.50	0.89	0.00
1	5	0.00	0.00	0.33	1.19	0.00
2	2	0.00	0.00	0.37	1.19	0.00
2	6	0.00	0.00	0.44	1.15	0.00
3	3	0.00	0.01	1.52	0.59	0.00
3	7	0.00	0.00	0.29	1.29	0.00
Core	CPU	C1%	C3%	C6%	C8%	C9%
-	-	0.00	0.01	0.64	0.54	0.00
0	0	0.00	0.00	0.72	0.19	0.00
0	4	0.00	0.01	0.77	0.70	0.00
1	1	0.00	0.00	0.58	0.68	0.00
1	5	0.00	0.02	0.31	0.59	0.00
2	2	0.00	0.00	0.83	0.79	0.00
2	6	0.00	0.02	0.47	0.69	0.00
3	3	0.03	0.02	1.07	0.00	0.00
3	7	0.00	0.00	0.37	0.68	0.00
Core	CPU	C1%	C3%	C6%	C8%	C9%
-	-	0.00	0.01	0.53	1.01	0.00
0	0	0.00	0.00	0.74	1.80	0.00
0	4	0.00	0.00	0.47	0.79	0.00
1	1	0.00	0.01	0.54	0.79	0.00
1	5	0.00	0.00	0.37	1.38	0.00
2	2	0.00	0.00	0.20	0.80	0.00
2	6	0.00	0.00	0.56	1.32	0.00
3	3	0.00	0.01	1.05	0.60	0.00
3	7	0.00	0.04	0.28	0.60	0.00
Core	CPU	C1%	C3%	C6%	C8%	C9%
-	-	0.00	0.04	0.50	0.60	0.00
0	0	0.00	0.00	0.36	0.49	0.00
0	4	0.00	0.31	0.04	0.14	0.03
1	1	0.00	0.00	0.58	0.40	0.00
1	5	0.00	0.00	0.32	0.98	0.00
2	2	0.00	0.00	0.36	0.79	0.00
2	6	0.00	0.00	0.44	0.74	0.00
3	3	0.00	0.03	1.10	0.50	0.00
3	7	0.00	0.00	0.78	0.79	0.00
Core	CPU	C1%	C3%	C6%	C8%	C9%
-	-	0.00	0.01	0.49	0.78	0.00
0	0	0.00	0.00	0.71	0.49	0.00
0	4	0.00	0.01	0.50	0.00	0.00
1	1	0.00	0.00	0.39	0.79	0.00
1	5	0.00	0.01	0.36	1.29	0.00
2	2	0.00	0.00	0.83	0.79	0.00
2	6	0.00	0.00	0.22	0.97	0.00
3	3	0.00	0.02	0.58	0.99	0.00
3	7	0.00	0.00	0.36	0.88	0.00
Core	CPU	C1%	C3%	C6%	C8%	C9%
-	-	0.00	0.01	0.56	0.82	0.00
0	0	0.00	0.00	0.50	0.39	0.00
0	4	0.00	0.01	0.82	0.40	0.00
1	1	0.00	0.00	0.25	0.99	0.00
1	5	0.00	0.04	0.91	0.79	0.00
2	2	0.00	0.00	0.25	1.38	0.00
2	6	0.00	0.02	0.59	1.26	0.00
3	3	0.00	0.00	0.36	0.69	0.00
3	7	0.00	0.00	0.81	0.69	0.00
Core	CPU	C1%	C3%	C6%	C8%	C9%
-	-	0.00	0.00	0.43	1.03	0.00
0	0	0.00	0.00	0.51	1.39	0.00
0	4	0.00	0.00	0.94	0.78	0.00
1	1	0.00	0.00	0.33	0.89	0.00
1	5	0.00	0.00	0.20	0.89	0.00
2	2	0.00	0.00	0.28	0.89	0.00
2	6	0.00	0.03	0.56	1.42	0.00
3	3	0.00	0.00	0.32	1.00	0.00
3	7	0.00	0.00	0.29	0.99	0.00
Core	CPU	C1%	C3%	C6%	C8%	C9%
-	-	0.00	0.01	0.48	0.90	0.00
0	0	0.00	0.00	0.53	0.00	0.00
0	4	0.00	0.02	0.79	0.79	0.00
1	1	0.00	0.00	0.29	1.19	0.00
1	5	0.00	0.00	0.35	1.19	0.00
2	2	0.00	0.00	0.33	0.99	0.00
2	6	0.00	0.03	1.09	1.06	0.00
3	3	0.00	0.00	0.20	1.09	0.00
3	7	0.00	0.00	0.28	0.89	0.00
Core	CPU	C1%	C3%	C6%	C8%	C9%
-	-	0.00	0.00	0.43	0.76	0.00
0	0	0.00	0.00	0.67	0.41	0.00
0	4	0.00	0.00	0.47	0.80	0.00
1	1	0.00	0.00	0.44	0.89	0.00
1	5	0.00	0.00	0.14	1.09	0.00
2	2	0.00	0.01	0.29	0.71	0.00
2	6	0.00	0.02	0.78	0.72	0.00
3	3	0.00	0.00	0.45	0.80	0.00
3	7	0.00	0.00	0.21	0.70	0.00
Core	CPU	C1%	C3%	C6%	C8%	C9%
-	-	0.00	0.17	0.42	0.74	0.00
0	0	0.00	0.00	0.27	0.99	0.00
0	4	0.00	1.28	0.05	0.39	0.00
1	1	0.00	0.10	0.70	0.59	0.00
1	5	0.00	0.00	0.07	0.60	0.00
2	2	0.00	0.00	0.36	0.89	0.00
2	6	0.00	0.00	0.77	0.82	0.00
3	3	0.00	0.00	0.82	0.79	0.00
3	7	0.00	0.00	0.30	0.89	0.00
Core	CPU	C1%	C3%	C6%	C8%	C9%
-	-	0.00	0.00	0.46	1.20	0.08
0	0	0.00	0.00	0.52	1.40	0.60
0	4	0.00	0.00	0.72	0.59	0.00
1	1	0.00	0.00	0.48	1.69	0.00
1	5	0.00	0.00	0.50	1.59	0.00
2	2	0.00	0.00	0.20	1.19	0.00
2	6	0.00	0.02	0.71	1.38	0.00
3	3	0.00	0.00	0.20	0.99	0.00
3	7	0.00	0.00	0.35	0.79	0.00
Core	CPU	C1%	C3%	C6%	C8%	C9%
-	-	0.00	0.00	0.39	0.76	0.00
0	0	0.00	0.00	0.09	0.41	0.00
0	4	0.00	0.00	0.36	0.80	0.00
1	1	0.00	0.00	0.43	0.81	0.00
1	5	0.00	0.00	0.39	0.80	0.00
2	2	0.00	0.00	0.31	0.71	0.00
2	6	0.00	0.02	0.66	0.83	0.00
3	3	0.00	0.00	0.53	0.81	0.00
3	7	0.00	0.00	0.32	0.90	0.00
Core	CPU	C1%	C3%	C6%	C8%	C9%
-	-	0.00	0.03	0.60	4.61	0.00
0	0	0.00	0.00	0.54	1.30	0.00
0	4	0.00	0.00	0.51	0.92	0.00
1	1	0.00	0.00	0.32	1.30	0.00
1	5	0.00	0.00	0.27	0.81	0.00
2	2	0.00	0.00	0.45	1.20	0.00
2	6	0.00	0.02	0.73	0.86	0.00
3	3	0.00	0.00	0.49	1.41	0.00
3	7	0.02	0.22	1.45	29.05	0.00
Core	CPU	C1%	C3%	C6%	C8%	C9%
-	-	0.00	0.01	0.66	0.59	0.00
0	0	0.00	0.00	0.73	0.68	0.00
0	4	0.00	0.01	0.79	0.20	0.00
1	1	0.00	0.00	0.48	0.40	0.00
1	5	0.00	0.01	0.52	0.40	0.00
2	2	0.00	0.00	0.83	0.79	0.00
2	6	0.00	0.04	0.49	0.77	0.00
3	3	0.00	0.00	0.58	0.69	0.00
3	7	0.00	0.00	0.86	0.79	0.00
Core	CPU	C1%	C3%	C6%	C8%	C9%
-	-	0.00	0.00	0.52	1.04	0.00
0	0	0.00	0.00	0.73	1.40	0.00
0	4	0.00	0.00	0.28	0.89	0.00
1	1	0.00	0.02	0.46	0.98	0.00
1	5	0.00	0.00	0.67	0.79	0.00
2	2	0.00	0.01	0.59	0.80	0.00
2	6	0.00	0.00	0.80	1.67	0.00
3	3	0.00	0.00	0.37	0.88	0.00
3	7	0.00	0.00	0.23	0.89	0.00
Core	CPU	C1%	C3%	C6%	C8%	C9%
-	-	0.00	0.16	0.43	0.62	0.00
0	0	0.00	0.00	0.37	0.89	0.00
0	4	0.00	1.28	0.05	0.09	0.04
1	1	0.00	0.02	0.50	0.00	0.00
1	5	0.00	0.00	0.27	0.60	0.00
2	2	0.00	0.00	0.28	0.89	0.00
2	6	0.00	0.02	0.74	0.83	0.00
3	3	0.00	0.00	0.41	0.89	0.00
3	7	0.00	0.00	0.79	0.79	0.00
Core	CPU	C1%	C3%	C6%	C8%	C9%
-	-	0.00	0.00	0.47	0.77	0.00
0	0	0.00	0.00	0.15	0.58	0.00
0	4	0.00	0.00	0.52	0.00	0.00
1	1	0.00	0.00	0.60	0.79	0.00
1	5	0.00	0.00	0.28	0.99	0.00
2	2	0.00	0.00	0.35	0.79	0.00
2	6	0.00	0.00	1.14	0.98	0.00
3	3	0.00	0.00	0.36	1.29	0.00
3	7	0.00	0.00	0.36	0.70	0.00
Core	CPU	C1%	C3%	C6%	C8%	C9%
-	-	0.00	0.00	0.43	0.95	0.00
0	0	0.00	0.00	0.18	0.70	0.00
0	4	0.00	0.00	0.42	0.90	0.00
1	1	0.00	0.00	0.62	1.01	0.00
1	5	0.00	0.00	0.49	1.01	0.00
2	2	0.00	0.00	0.27	1.01	0.00
2	6	0.00	0.03	0.67	1.20	0.00
3	3	0.00	0.00	0.49	1.20	0.00
3	7	0.00	0.00	0.31	0.61	0.00
Core	CPU	C1%	C3%	C6%	C8%	C9%
-	-	0.00	0.00	0.53	0.95	0.00
0	0	0.00	0.00	0.68	1.30	0.00
0	4	0.00	0.00	0.23	0.70	0.00
1	1	0.00	0.02	0.19	0.89	0.00
1	5	0.00	0.00	0.78	0.59	0.00
2	2	0.00	0.00	0.27	0.88	0.00
2	6	0.00	0.01	1.31	1.14	0.00
3	3	0.00	0.00	0.51	0.90	0.00
3	7	0.00	0.00	0.29	1.18	0.00
Core	CPU	C1%	C3%	C6%	C8%	C9%
-	-	0.00	0.00	0.44	0.80	0.00
0	0	0.00	0.00	0.13	0.50	0.00
0	4	0.00	0.00	0.18	0.70	0.00
1	1	0.00	0.00	0.41	0.99	0.00
1	5	0.00	0.00	0.43	0.90	0.00
2	2	0.00	0.00	0.63	0.50	0.00
2	6	0.00	0.00	1.11	0.97	0.00
3	3	0.00	0.00	0.19	0.98	0.00
3	7	0.00	0.00	0.45	0.89	0.00
Core	CPU	C1%	C3%	C6%	C8%	C9%
-	-	0.00	0.00	0.38	0.82	0.00
0	0	0.00	0.00	0.37	0.90	0.00
0	4	0.00	0.00	0.27	0.90	0.00
1	1	0.00	0.00	0.52	0.81	0.00
1	5	0.00	0.00	0.22	1.00	0.00
2	2	0.00	0.00	0.18	0.91	0.00
2	6	0.00	0.02	0.67	0.82	0.00
3	3	0.00	0.00	0.53	0.60	0.00
3	7	0.00	0.00	0.30	0.61	0.00
Core	CPU	C1%	C3%	C6%	C8%	C9%
-	-	0.00	0.08	0.37	0.63	0.00
0	0	0.00	0.00	0.46	0.49	0.00
0	4	0.00	0.48	0.05	0.10	0.00
1	1	0.00	0.12	0.58	0.49	0.00
1	5	0.00	0.00	0.08	0.50	0.00
2	2	0.00	0.00	0.27	0.89	0.00
2	6	0.00	0.00	1.06	0.56	0.00
3	3	0.00	0.02	0.28	0.99	0.00
3	7	0.00	0.00	0.20	0.98	0.00
Core	CPU	C1%	C3%	C6%	C8%	C9%
-	-	0.00	0.00	0.62	0.87	0.00
0	0	0.00	0.00	0.49	1.39	0.00
0	4	0.00	0.00	0.59	0.09	0.00
1	1	0.00	0.00	0.28	1.08	0.00
1	5	0.00	0.00	0.36	0.89	0.00
2	2	0.00	0.00	0.83	0.78	0.00
2	6	0.00	0.02	1.29	0.97	0.00
3	3	0.00	0.00	0.29	1.08	0.00
3	7	0.00	0.00	0.84	0.69	0.00
Core	CPU	C1%	C3%	C6%	C8%	C9%
-	-	0.00	0.00	0.44	1.13	0.00
0	0	0.00	0.00	0.40	0.88	0.00
0	4	0.00	0.00	0.37	0.79	0.00
1	1	0.00	0.00	0.60	1.94	0.00
1	5	0.00	0.00	0.20	0.99	0.00
2	2	0.00	0.00	0.29	0.79	0.00
2	6	0.00	0.02	0.69	1.18	0.00
3	3	0.00	0.02	0.58	1.30	0.00
3	7	0.00	0.00	0.38	1.19	0.00
Core	CPU	C1%	C3%	C6%	C8%	C9%
-	-	0.00	0.01	0.38	0.84	0.00
0	0	0.00	0.00	0.45	1.20	0.00
0	4	0.00	0.00	0.44	1.29	0.00
1	1	0.00	0.01	0.12	0.40	0.00
1	5	0.00	0.00	0.15	0.50	0.00
2	2	0.00	0.00	0.28	0.89	0.00
2	6	0.00	0.02	1.07	0.53	0.00
3	3	0.00	0.00	0.22	0.90	0.00
3	7	0.00	0.01	0.29	1.00	0.00
Core	CPU	C1%	C3%	C6%	C8%	C9%
-	-	0.00	0.01	0.67	0.59	0.00
0	0	0.00	0.00	0.73	0.20	0.00
0	4	0.00	0.02	0.67	0.00	0.00
1	1	0.00	0.00	0.88	0.79	0.00
1	5	0.00	0.00	0.50	0.69	0.00
2	2	0.00	0.00	0.15	0.87	0.00
2	6	0.00	0.04	1.27	0.27	0.00
3	3	0.00	0.00	0.19	1.09	0.00
3	7	0.00	0.00	0.96	0.79	0.00
Core	CPU	C1%	C3%	C6%	C8%	C9%
-	-	0.00	0.01	0.46	0.87	0.00
0	0	0.00	0.01	0.91	0.91	0.00
0	4	0.00	0.00	0.49	0.69	0.00
1	1	0.00	0.00	0.36	0.79	0.00
1	5	0.00	0.00	0.24	0.99	0.00
2	2	0.00	0.02	0.29	0.80	0.00
2	6	0.00	0.01	0.90	1.02	0.00
3	3	0.00	0.00	0.28	0.79	0.00
3	7	0.00	0.00	0.24	0.98	0.00
Core	CPU	C1%	C3%	C6%	C8%	C9%
-	-	0.00	0.07	0.27	0.81	0.12
0	0	0.00	0.00	0.27	0.59	0.00
0	4	0.00	0.48	0.05	0.20	0.99
1	1	0.00	0.02	0.27	0.61	0.00
1	5	0.00	0.00	0.27	0.99	0.00
2	2	0.00	0.00	0.36	1.18	0.00
2	6	0.00	0.04	0.61	0.93	0.00
3	3	0.00	0.00	0.22	0.89	0.00
3	7	0.00	0.00	0.09	1.09	0.00
Core	CPU	C1%	C3%	C6%	C8%	C9%
-	-	0.00	0.00	0.39	0.71	0.00
0	0	0.00	0.00	0.14	0.58	0.00
0	4	0.00	0.02	0.49	0.00	0.00
1	1	0.00	0.00	0.19	1.09	0.00
1	5	0.00	0.00	0.27	0.89	0.00
2	2	0.00	0.00	0.34	0.99	0.00
2	6	0.00	0.02	1.12	0.48	0.00
3	3	0.00	0.00	0.19	0.90	0.00
3	7	0.00	0.00	0.37	0.79	0.00
Core	CPU	C1%	C3%	C6%	C8%	C9%
-	-	0.04	0.00	0.57	0.78	0.00
0	0	0.00	0.00	0.10	0.50	0.00
0	4	0.00	0.00	0.28	0.89	0.00
1	1	0.00	0.00	0.46	0.78	0.00
1	5	0.00	0.02	1.00	0.79	0.00
2	2	0.00	0.00	0.84	0.79	0.00
2	6	0.00	0.00	1.10	0.91	0.00
3	3	0.30	0.00	0.42	0.69	0.00
3	7	0.00	0.00	0.34	0.88	0.00
Core	CPU	C1%	C3%	C6%	C8%	C9%
-	-	0.00	0.00	0.44	1.14	0.00
0	0	0.00	0.00	0.93	2.09	0.00
0	4	0.00	0.00	0.44	1.00	0.00
1	1	0.00	0.00	0.13	0.70	0.00
1	5	0.00	0.00	0.87	0.29	0.00
2	2	0.00	0.00	0.28	0.88	0.00
2	6	0.00	0.02	0.47	1.90	0.00
3	3	0.00	0.00	0.23	1.10	0.00
3	7	0.00	0.00	0.19	1.19	0.00
Core	CPU	C1%	C3%	C6%	C8%	C9%
-	-	0.00	0.01	0.58	1.07	0.00
0	0	0.00	0.00	0.83	0.79	0.00
0	4	0.00	0.02	0.19	1.00	0.00
1	1	0.00	0.00	0.69	1.08	0.00
1	5	0.00	0.00	0.49	1.28	0.00
2	2	0.00	0.00	0.25	0.99	0.00
2	6	0.00	0.03	1.21	0.96	0.00
3	3	0.00	0.00	0.20	1.19	0.00
3	7	0.00	0.00	0.76	1.28	0.00
Core	CPU	C1%	C3%	C6%	C8%	C9%
-	-	0.00	0.01	0.39	0.85	0.00
0	0	0.00	0.02	0.38	0.50	0.00
0	4	0.00	0.00	0.20	0.99	0.00
1	1	0.00	0.00	0.45	0.99	0.00
1	5	0.00	0.00	0.70	0.70	0.00
2	2	0.00	0.02	0.29	0.80	0.00
2	6	0.00	0.04	0.57	0.91	0.00
3	3	0.00	0.00	0.28	0.89	0.00
3	7	0.00	0.00	0.24	0.99	0.00
Core	CPU	C1%	C3%	C6%	C8%	C9%
-	-	0.01	0.19	0.49	0.68	0.00
0	0	0.00	0.00	0.28	1.08	0.00
0	4	0.00	1.48	0.16	0.09	0.00
1	1	0.07	0.00	0.71	0.68	0.00
1	5	0.00	0.01	0.25	0.80	0.00
2	2	0.00	0.00	0.28	0.89	0.00
2	6	0.00	0.05	0.83	0.70	0.00
3	3	0.00	0.00	0.63	0.49	0.00
3	7	0.00	0.00	0.78	0.69	0.00
Core	CPU	C1%	C3%	C6%	C8%	C9%
-	-	0.01	0.02	0.62	3.66	0.00
0	0	0.00	0.00	0.68	0.71	0.00
0	4	0.00	0.00	0.31	0.89	0.00
1	1	0.00	0.02	0.83	0.39	0.00
1	5	0.00	0.00	0.13	0.89	0.00
2	2	0.00	0.00	0.28	0.89	0.00
2	6	0.00	0.00	1.25	1.61	0.00
3	3	0.00	0.00	0.23	0.99	0.00
3	7	0.09	0.14	1.25	22.87	0.00
Core	CPU	C1%	C3%	C6%	C8%	C9%
-	-	0.00	0.01	0.42	1.40	0.00
0	0	0.00	0.00	0.35	0.69	0.00
0	4	0.00	0.00	0.31	0.40	0.00
1	1	0.00	0.00	0.27	0.60	0.00
1	5	0.00	0.00	0.47	1.48	0.00
2	2	0.00	0.00	0.35	0.79	0.00
2	6	0.00	0.02	0.64	1.26	0.00
3	3	0.00	0.00	0.20	0.89	0.00
3	7	0.00	0.03	0.81	5.08	0.00
Core	CPU	C1%	C3%	C6%	C8%	C9%
-	-	0.00	0.01	0.38	0.79	0.00
0	0	0.00	0.02	0.10	0.40	0.00
0	4	0.00	0.00	0.21	0.68	0.00
1	1	0.00	0.00	0.27	0.89	0.00
1	5	0.00	0.01	0.44	1.46	0.00
2	2	0.00	0.00	0.32	0.99	0.00
2	6	0.00	0.04	0.67	0.81	0.00
3	3	0.00	0.00	0.28	0.89	0.00
3	7	0.00	0.00	0.73	0.16	0.00
Core	CPU	C1%	C3%	C6%	C8%	C9%
-	-	0.00	0.01	0.58	1.11	0.00
0	0	0.00	0.00	0.36	1.09	0.00
0	4	0.00	0.00	0.35	0.99	0.00
1	1	0.00	0.01	0.38	0.71	0.00
1	5	0.00	0.02	1.42	0.98	0.00
2	2	0.00	0.00	0.28	0.89	0.00
2	6	0.00	0.00	1.13	2.18	0.00
3	3	0.00	0.00	0.32	1.10	0.00
3	7	0.00	0.02	0.38	0.90	0.00
Core	CPU	C1%	C3%	C6%	C8%	C9%
-	-	0.00	0.01	0.48	1.29	0.00
0	0	0.00	0.00	0.54	1.42	0.00
0	4	0.00	0.00	0.25	1.58	0.00
1	1	0.00	0.00	1.03	0.40	0.00
1	5	0.00	0.00	0.39	1.59	0.00
2	2	0.00	0.01	0.20	1.10	0.00
2	6	0.00	0.04	0.46	1.67	0.00
3	3	0.00	0.00	0.19	0.99	0.00
3	7	0.00	0.00	0.76	1.60	0.00
Core	CPU	C1%	C3%	C6%	C8%	C9%
-	-	0.01	0.08	0.41	0.96	0.00
0	0	0.07	0.00	0.10	0.59	0.00
0	4	0.00	0.59	0.19	0.06	0.00
1	1	0.00	0.02	0.66	0.99	0.00
1	5	0.00	0.00	0.76	1.56	0.00
2	2	0.00	0.00	0.10	0.99	0.00
2	6	0.02	0.04	0.77	1.46	0.00
3	3	0.00	0.00	0.36	0.69	0.00
3	7	0.00	0.00	0.34	1.34	0.00
Core	CPU	C1%	C3%	C6%	C8%	C9%
-	-	0.00	0.01	0.60	0.94	0.00
0	0	0.00	0.00	0.38	1.09	0.00
0	4	0.00	0.00	0.94	1.20	0.00
1	1	0.00	0.00	0.97	0.30	0.00
1	5	0.00	0.00	0.60	0.70	0.00
2	2	0.00	0.00	0.44	0.99	0.00
2	6	0.00	0.04	0.53	1.30	0.00
3	3	0.00	0.00	0.14	1.09	0.00
3	7	0.00	0.03	0.79	0.86	0.00
Core	CPU	C1%	C3%	C6%	C8%	C9%
-	-	0.00	0.01	0.42	0.98	0.00
0	0	0.00	0.00	0.55	0.30	0.00
0	4	0.00	0.00	0.27	0.40	0.00
1	1	0.00	0.01	0.40	0.89	0.00
1	5	0.00	0.00	0.34	1.87	0.00
2	2	0.00	0.00	0.32	0.89	0.00
2	6	0.00	0.02	0.64	1.09	0.00
3	3	0.00	0.02	0.47	1.20	0.00
3	7	0.00	0.00	0.38	1.19	0.00
Core	CPU	C1%	C3%	C6%	C8%	C9%
-	-	0.00	0.00	0.54	0.86	0.00
0	0	0.00	0.00	0.76	1.10	0.00
0	4	0.00	0.00	0.10	0.50	0.00
1	1	0.00	0.00	0.36	0.99	0.00
1	5	0.00	0.00	0.26	0.89	0.00
2	2	0.00	0.00	0.32	1.10	0.00
2	6	0.00	0.00	1.21	0.50	0.00
3	3	0.00	0.00	0.38	0.78	0.00
3	7	0.00	0.00	0.92	1.01	0.00
Core	CPU	C1%	C3%	C6%	C8%	C9%
-	-	0.00	0.01	0.39	1.02	0.00
0	0	0.00	0.00	0.18	1.19	0.00
0	4	0.00	0.00	0.35	0.91	0.00
1	1	0.00	0.02	0.33	1.30	0.00
1	5	0.00	0.00	0.48	0.91	0.00
2	2	0.00	0.00	0.28	0.91	0.00
2	6	0.00	0.02	0.66	0.90	0.00
3	3	0.00	0.00	0.48	1.10	0.00
3	7	0.00	0.00	0.39	0.95	0.00
Core	CPU	C1%	C3%	C6%	C8%	C9%
-	-	0.00	0.00	0.54	0.77	0.00
0	0	0.00	0.00	0.46	0.59	0.00
0	4	0.00	0.00	0.84	0.49	0.00
1	1	0.00	0.00	0.59	0.51	0.00
1	5	0.00	0.00	0.19	0.89	0.00
2	2	0.00	0.00	0.48	0.79	0.00
2	6	0.00	0.00	1.18	0.89	0.00
3	3	0.00	0.00	0.23	0.89	0.00
3	7	0.00	0.00	0.34	1.08	0.00
Core	CPU	C1%	C3%	C6%	C8%	C9%
-	-	0.00	0.03	0.28	0.84	0.00
0	0	0.00	0.00	0.05	0.60	0.00
0	4	0.00	0.20	0.13	0.11	0.00
1	1	0.00	0.00	0.19	1.09	0.00
1	5	0.00	0.00	0.35	0.90	0.00
2	2	0.00	0.00	0.35	0.80	0.00
2	6	0.00	0.02	0.63	1.09	0.00
3	3	0.00	0.00	0.19	1.19	0.00
3	7	0.00	0.00	0.36	0.90	0.00
Core	CPU	C1%	C3%	C6%	C8%	C9%
-	-	0.00	0.01	0.52	0.83	0.00
0	0	0.00	0.02	0.48	0.52	0.00
0	4	0.00	0.00	0.59	0.79	0.00
1	1	0.00	0.00	0.28	0.98	0.00
1	5	0.00	0.00	0.57	1.07	0.00
2	2	0.00	0.00	0.32	1.00	0.00
2	6	0.00	0.01	1.20	0.58	0.00
3	3	0.00	0.00	0.28	0.79	0.00
3	7	0.00	0.01	0.42	0.89	0.00
Core	CPU	C1%	C3%	C6%	C8%	C9%
-	-	0.00	0.00	0.52	0.67	0.00
0	0	0.00	0.00	0.33	0.20	0.00
0	4	0.00	0.00	0.35	0.89	0.00
1	1	0.00	0.00	0.58	0.10	0.00
1	5	0.00	0.00	0.32	0.99	0.00
2	2	0.00	0.00	0.28	0.89	0.00
2	6	0.00	0.02	1.13	0.80	0.00
3	3	0.00	0.00	0.32	1.00	0.00
3	7	0.00	0.00	0.88	0.47	0.00
Core	CPU	C1%	C3%	C6%	C8%	C9%
-	-	0.00	0.00	0.34	0.81	0.00
0	0	0.00	0.00	0.34	0.60	0.00
0	4	0.00	0.00	0.12	0.40	0.00
1	1	0.00	0.00	0.28	0.80	0.00
1	5	0.00	0.00	0.36	1.00	0.00
2	2	0.00	0.00	0.44	0.70	0.00
2	6	0.00	0.04	0.59	1.21	0.00
3	3	0.00	0.00	0.18	0.91	0.00
3	7	0.00	0.00	0.44	0.83	0.00
Core	CPU	C1%	C3%	C6%	C8%	C9%
-	-	0.00	0.00	0.41	0.83	0.00
0	0	0.00	0.00	0.18	0.41	0.00
0	4	0.00	0.00	0.36	0.80	0.00
1	1	0.00	0.00	0.48	1.00	0.00
1	5	0.00	0.00	0.39	0.80	0.00
2	2	0.00	0.00	0.28	1.01	0.00
2	6	0.00	0.01	0.68	0.79	0.00
3	3	0.00	0.00	0.53	0.81	0.00
3	7	0.00	0.00	0.41	1.06	0.00
Core	CPU	C1%	C3%	C6%	C8%	C9%
-	-	0.00	0.01	0.44	0.70	0.00
0	0	0.00	0.00	0.81	0.88	0.00
0	4	0.00	0.00	0.05	0.49	0.00
1	1	0.00	0.02	0.29	0.79	0.00
1	5	0.00	0.00	0.13	0.59	0.00
2	2	0.00	0.00	0.27	0.99	0.00
2	6	0.00	0.07	1.08	0.10	0.00
3	3	0.00	0.02	0.29	0.79	0.00
3	7	0.00	0.00	0.57	0.99	0.00
Core	CPU	C1%	C3%	C6%	C8%	C9%
-	-	0.00	0.02	0.38	0.91	0.00
0	0	0.00	0.02	0.19	0.31	0.00
0	4	0.00	0.00	0.18	0.99	0.00
1	1	0.00	0.00	0.62	1.21	0.00
1	5	0.00	0.00	0.31	0.90	0.00
2	2	0.00	0.02	0.37	0.91	0.00
2	6	0.00	0.02	0.68	0.91	0.00
3	3	0.00	0.00	0.36	0.81	0.00
3	7	0.00	0.09	0.33	1.24	0.00
Core	CPU	C1%	C3%	C6%	C8%	C9%
-	-	0.00	0.01	0.62	0.89	0.00
0	0	0.00	0.00	0.37	0.98	0.00
0	4	0.00	0.00	0.45	0.99	0.00
1	1	0.00	0.00	0.83	0.79	0.00
1	5	0.00	0.05	0.25	1.48	0.00
2	2	0.00	0.00	0.29	0.98	0.00
2	6	0.00	0.01	1.17	0.90	0.00
3	3	0.00	0.00	0.74	0.00	0.00
3	7	0.00	0.01	0.89	0.96	0.00
Core	CPU	C1%	C3%	C6%	C8%	C9%
-	-	0.00	0.00	0.37	0.78	0.00
0	0	0.00	0.00	0.35	0.59	0.00
0	4	0.00	0.00	0.04	0.49	0.00
1	1	0.00	0.00	0.37	0.61	0.00
1	5	0.00	0.00	0.44	1.10	0.00
2	2	0.00	0.00	0.45	0.69	0.00
2	6	0.00	0.00	0.65	1.09	0.00
3	3	0.00	0.01	0.39	0.79	0.00
3	7	0.00	0.00	0.29	0.89	0.00
Core	CPU	C1%	C3%	C6%	C8%	C9%
-	-	0.00	0.00	0.36	0.96	0.00
0	0	0.00	0.00	0.53	0.81	0.00
0	4	0.00	0.00	0.14	0.50	0.00
1	1	0.00	0.00	0.27	1.00	0.00
1	5	0.00	0.00	0.38	1.19	0.00
2	2	0.00	0.00	0.22	1.10	0.00
2	6	0.00	0.02	0.49	1.29	0.00
3	3	0.00	0.00	0.38	0.69	0.00
3	7	0.00	0.00	0.43	1.13	0.00
Core	CPU	C1%	C3%	C6%	C8%	C9%
-	-	0.00	0.00	0.76	0.85	0.00
0	0	0.00	0.00	0.86	0.99	0.00
0	4	0.00	0.00	0.36	0.89	0.00
1	1	0.00	0.00	0.83	0.78	0.00
1	5	0.00	0.01	1.30	0.50	0.00
2	2	0.00	0.00	0.29	1.28	0.00
2	6	0.00	0.00	0.88	0.89	0.00
3	3	0.00	0.00	0.83	0.78	0.00
3	7	0.00	0.02	0.77	0.69	0.00
Core	CPU	C1%	C3%	C6%	C8%	C9%
-	-	0.00	0.04	0.31	0.69	0.00
0	0	0.00	0.00	0.36	0.49	0.00
0	4	0.00	0.30	0.14	0.11	0.00
1	1	0.00	0.00	0.00	0.40	0.00
1	5	0.00	0.00	0.33	1.00	0.00
2	2	0.00	0.00	0.36	0.89	0.00
2	6	0.00	0.01	0.65	1.09	0.00
3	3	0.00	0.01	0.29	0.70	0.00
3	7	0.00	0.00	0.36	0.82	0.00
Core	CPU	C1%	C3%	C6%	C8%	C9%
-	-	0.00	0.04	0.49	4.21	0.00
0	0	0.00	0.00	0.20	0.30	0.00
0	4	0.00	0.00	0.58	0.59	0.00
1	1	0.00	0.00	0.38	0.79	0.00
1	5	0.00	0.00	0.32	0.98	0.00
2	2	0.00	0.01	0.38	0.89	0.00
2	6	0.00	0.06	0.56	1.17	0.00
3	3	0.00	0.00	0.27	0.78	0.00
3	7	0.01	0.24	1.24	28.18	0.00
Core	CPU	C1%	C3%	C6%	C8%	C9%
-	-	0.06	0.01	0.62	1.16	0.00
0	0	0.00	0.00	0.56	2.07	0.00
0	4	0.00	0.00	0.49	1.09	0.00
1	1	0.48	0.00	0.24	0.88	0.00
1	5	0.00	0.02	0.40	1.25	0.00
2	2	0.00	0.00	0.83	1.08	0.00
2	6	0.00	0.03	1.37	0.99	0.00
3	3	0.00	0.00	0.24	0.60	0.00
3	7	0.00	0.00	0.88	1.35	0.00
Core	CPU	C1%	C3%	C6%	C8%	C9%
-	-	0.00	0.00	0.41	0.83	0.00
0	0	0.00	0.00	0.18	0.49	0.00
0	4	0.00	0.00	0.03	0.49	0.00
1	1	0.00	0.00	0.58	0.99	0.00
1	5	0.00	0.00	0.36	1.18	0.00
2	2	0.00	0.00	0.53	0.99	0.00
2	6	0.00	0.02	1.21	0.60	0.00
3	3	0.00	0.00	0.10	0.99	0.00
3	7	0.00	0.00	0.28	0.89	0.00
Core	CPU	C1%	C3%	C6%	C8%	C9%
-	-	0.00	0.02	0.37	0.97	0.00
0	0	0.00	0.02	0.39	1.09	0.00
0	4	0.00	0.00	0.29	1.29	0.00
1	1	0.00	0.00	0.55	0.99	0.00
1	5	0.00	0.00	0.35	0.79	0.00
2	2	0.00	0.10	0.32	1.09	0.00
2	6	0.00	0.02	0.50	0.99	0.00
3	3	0.00	0.00	0.28	0.89	0.00
3	7	0.00	0.00	0.24	0.64	0.00
Core	CPU	C1%	C3%	C6%	C8%	C9%
-	-	0.00	0.01	0.50	0.90	0.00
0	0	0.00	0.00	0.28	1.29	0.00
0	4	0.00	0.00	0.36	0.89	0.00
1	1	0.00	0.03	0.99	0.79	0.00
1	5	0.00	0.01	1.23	0.40	0.00
2	2	0.00	0.00	0.20	0.98	0.00
2	6	0.00	0.05	0.64	1.09	0.00
3	3	0.00	0.00	0.15	0.98	0.00
3	7	0.00	0.02	0.19	0.77	0.00
Core	CPU	C1%	C3%	C6%	C8%	C9%
-	-	0.00	0.03	0.46	0.74	0.00
0	0	0.00	0.00	0.69	0.80	0.00
0	4	0.00	0.20	0.15	0.12	0.00
1	1	0.00	0.01	0.30	0.40	0.00
1	5	0.00	0.02	0.38	0.89	0.00
2	2	0.00	0.00	0.36	0.88	0.00
2	6	0.00	0.05	0.75	0.89	0.00
3	3	0.01	0.00	0.56	0.89	0.00
3	7	0.00	0.00	0.46	1.08	0.00
Core	CPU	C1%	C3%	C6%	C8%	C9%
-	-	0.00	0.00	0.69	0.59	0.00
0	0	0.00	0.01	0.20	0.69	0.00
0	4	0.00	0.00	0.77	0.69	0.00
1	1	0.00	0.00	0.55	0.89	0.00
1	5	0.00	0.00	0.92	0.10	0.00
2	2	0.00	0.00	0.63	0.59	0.00
2	6	0.00	0.03	0.89	0.60	0.00
3	3	0.00	0.00	0.68	0.39	0.00
3	7	0.00	0.00	0.86	0.79	0.00
Core	CPU	C1%	C3%	C6%	C8%	C9%
-	-	0.00	0.01	0.34	0.90	0.00
0	0	0.00	0.00	0.28	0.69	0.00
0	4	0.00	0.00	0.32	0.89	0.00
1	1	0.00	0.00	0.36	0.90	0.00
1	5	0.00	0.00	0.24	0.89	0.00
2	2	0.00	0.02	0.29	1.00	0.00
2	6	0.00	0.02	0.49	1.00	0.00
3	3	0.00	0.00	0.37	1.00	0.00
3	7	0.00	0.00	0.34	0.83	0.00
Core	CPU	C1%	C3%	C6%	C8%	C9%
-	-	0.00	0.01	0.51	0.82	0.00
0	0	0.00	0.00	0.47	1.10	0.00
0	4	0.00	0.00	0.51	1.09	0.00
1	1	0.00	0.00	1.02	0.39	0.00
1	5	0.00	0.02	0.87	0.30	0.00
2	2	0.00	0.00	0.29	0.88	0.00
2	6	0.00	0.02	0.49	1.17	0.00
3	3	0.00	0.00	0.15	0.98	0.00
3	7	0.00	0.03	0.28	0.67	0.00
Core	CPU	C1%	C3%	C6%	C8%	C9%
-	-	0.00	0.00	0.50	0.86	0.00
0	0	0.00	0.00	0.54	1.19	0.00
0	4	0.00	0.00	0.53	0.59	0.00
1	1	0.00	0.01	0.30	0.20	0.00
1	5	0.00	0.00	0.38	0.90	0.00
2	2	0.00	0.00	0.36	1.19	0.00
2	6	0.00	0.00	1.25	0.61	0.00
3	3	0.00	0.02	0.29	0.90	0.00
3	7	0.00	0.00	0.37	1.29	0.00
Core	CPU	C1%	C3%	C6%	C8%	C9%
-	-	0.00	0.01	0.37	0.86	0.00
0	0	0.00	0.02	0.18	0.50	0.00
0	4	0.00	0.00	0.10	0.40	0.00
1	1	0.00	0.00	0.37	0.89	0.00
1	5	0.00	0.00	0.33	0.89	0.00
2	2	0.00	0.00	0.71	0.79	0.00
2	6	0.00	0.04	0.57	1.69	0.00
3	3	0.00	0.00	0.28	0.99	0.00
3	7	0.00	0.00	0.45	0.72	0.00
Core	CPU	C1%	C3%	C6%	C8%	C9%
-	-	0.00	0.08	0.44	0.69	0.00
0	0	0.00	0.00	0.28	0.99	0.00
0	4	0.01	0.59	0.18	0.07	0.00
1	1	0.00	0.00	0.32	1.29	0.00
1	5	0.00	0.00	0.40	1.19	0.00
2	2	0.00	0.00	0.38	0.80	0.00
2	6	0.00	0.05	0.55	0.90	0.00
3	3	0.00	0.00	0.73	0.20	0.00
3	7	0.00	0.02	0.65	0.10	0.00
Core	CPU	C1%	C3%	C6%	C8%	C9%
-	-	0.00	0.01	0.44	0.66	0.00
0	0	0.00	0.00	0.51	0.10	0.00
0	4	0.00	0.00	0.43	0.10	0.00
1	1	0.00	0.00	0.17	0.89	0.00
1	5	0.00	0.00	0.36	0.88	0.00
2	2	0.00	0.00	0.34	0.99	0.00
2	6	0.00	0.04	0.79	0.96	0.00
3	3	0.00	0.00	0.10	1.09	0.00
3	7	0.00	0.00	0.86	0.29	0.00
Core	CPU	C1%	C3%	C6%	C8%	C9%
-	-	0.00	0.00	0.48	0.99	0.00
0	0	0.00	0.01	0.92	1.21	0.00
0	4	0.00	0.00	0.33	0.90	0.00
1	1	0.00	0.00	0.44	0.81	0.00
1	5	0.00	0.00	0.23	1.00	0.00
2	2	0.00	0.02	0.43	0.91	0.00
2	6	0.00	0.00	0.68	1.60	0.00
3	3	0.00	0.00	0.36	0.80	0.00
3	7	0.00	0.00	0.42	0.71	0.00
Core	CPU	C1%	C3%	C6%	C8%	C9%
-	-	0.00	0.00	0.44	1.01	0.00
0	0	0.00	0.00	0.45	0.90	0.00
0	4	0.00	0.00	0.62	1.39	0.00
1	1	0.00	0.00	0.30	0.61	0.00
1	5	0.00	0.00	0.26	0.90	0.00
2	2	0.00	0.00	0.36	0.81	0.00
2	6	0.00	0.02	0.63	0.96	0.00
3	3	0.00	0.00	0.49	1.21	0.00
3	7	0.00	0.00	0.46	1.30	0.00
Core	CPU	C1%	C3%	C6%	C8%	C9%
-	-	0.00	0.01	0.31	0.91	0.00
0	0	0.00	0.00	0.23	0.71	0.00
0	4	0.00	0.00	0.12	0.61	0.00
1	1	0.00	0.00	0.18	0.99	0.00
1	5	0.00	0.00	0.35	0.80	0.00
2	2	0.00	0.00	0.32	0.91	0.00
2	6	0.00	0.05	0.48	1.09	0.00
3	3	0.00	0.00	0.46	1.29	0.00
3	7	0.00	0.00	0.33	0.90	0.00
Core	CPU	C1%	C3%	C6%	C8%	C9%
-	-	0.00	0.00	0.38	0.97	0.00
0	0	0.00	0.00	0.18	1.09	0.00
0	4	0.00	0.00	0.36	0.80	0.00
1	1	0.00	0.00	0.51	0.90	0.00
1	5	0.00	0.00	0.38	1.10	0.00
2	2	0.00	0.00	0.18	0.90	0.00
2	6	0.00	0.02	0.66	0.81	0.00
3	3	0.00	0.00	0.54	1.18	0.00
3	7	0.00	0.00	0.22	1.00	0.00
Core	CPU	C1%	C3%	C6%	C8%	C9%
-	-	0.00	0.18	0.49	0.99	0.08
0	0	0.00	0.02	0.76	0.99	0.00
0	4	0.00	1.28	0.31	0.43	0.67
1	1	0.00	0.02	0.10	0.60	0.00
1	5	0.00	0.00	0.23	1.19	0.00
2	2	0.00	0.00	0.27	0.89	0.00
2	6	0.00	0.02	1.62	1.53	0.00
3	3	0.00	0.10	0.41	1.19	0.00
3	7	0.00	0.00	0.20	1.08	0.00
Core	CPU	C1%	C3%	C6%	C8%	C9%
-	-	0.00	0.01	0.62	0.68	0.00
0	0	0.00	0.00	0.73	0.00	0.00
0	4	0.00	0.02	0.59	0.58	0.00
1	1	0.00	0.00	0.29	0.99	0.00
1	5	0.00	0.00	0.35	0.89	0.00
2	2	0.00	0.00	0.83	0.79	0.00
2	6	0.00	0.03	0.69	0.46	0.00
3	3	0.00	0.00	0.78	0.89	0.00
3	7	0.00	0.02	0.68	0.88	0.00
Core	CPU	C1%	C3%	C6%	C8%	C9%
-	-	0.00	0.02	0.50	0.71	0.00
0	0	0.00	0.00	0.58	0.40	0.00
0	4	0.00	0.00	0.81	0.80	0.00
1	1	0.00	0.00	0.36	0.93	0.00
1	5	0.00	0.00	0.18	0.99	0.00
2	2	0.00	0.12	0.39	0.79	0.00
2	6	0.00	0.00	0.39	0.71	0.00
3	3	0.00	0.00	0.27	0.79	0.00
3	7	0.00	0.02	1.03	0.30	0.00
Core	CPU	C1%	C3%	C6%	C8%	C9%
-	-	0.00	0.01	0.62	0.81	0.00
0	0	0.00	0.00	0.65	1.09	0.00
0	4	0.00	0.00	0.41	1.09	0.00
1	1	0.00	0.03	0.70	0.68	0.00
1	5	0.00	0.01	0.87	0.30	0.00
2	2	0.00	0.00	0.28	0.89	0.00
2	6	0.00	0.00	0.46	0.73	0.00
3	3	0.00	0.00	0.34	0.99	0.00
3	7	0.00	0.00	1.21	0.70	0.00
Core	CPU	C1%	C3%	C6%	C8%	C9%
-	-	0.00	0.00	0.34	1.15	0.00
0	0	0.00	0.00	0.61	1.87	0.00
0	4	0.00	0.00	0.17	0.70	0.00
1	1	0.00	0.00	0.10	0.89	0.00
1	5	0.00	0.00	0.28	1.09	0.00
2	2	0.00	0.00	0.35	1.09	0.00
2	6	0.00	0.00	0.32	1.36	0.00
3	3	0.00	0.00	0.29	1.19	0.00
3	7	0.00	0.03	0.57	0.99	0.00
Core	CPU	C1%	C3%	C6%	C8%	C9%
-	-	0.00	0.03	0.60	4.28	0.00
0	0	0.00	0.00	0.40	0.10	0.00
0	4	0.00	0.00	0.41	1.29	0.00
1	1	0.00	0.01	0.98	0.79	0.00
1	5	0.00	0.00	0.31	1.09	0.00
2	2	0.00	0.01	0.29	0.80	0.00
2	6	0.00	0.00	0.39	1.10	0.00
3	3	0.00	0.00	0.36	0.79	0.00
3	7	0.02	0.24	1.62	28.26	0.00
Core	CPU	C1%	C3%	C6%	C8%	C9%
-	-	0.00	0.12	0.51	0.60	0.00
0	0	0.00	0.00	0.28	0.99	0.00
0	4	0.00	0.99	0.29	0.21	0.00
1	1	0.00	0.00	0.61	0.10	0.00
1	5	0.00	0.00	0.15	0.69	0.00
2	2	0.00	0.00	0.28	0.89	0.00
2	6	0.00	0.00	0.45	0.74	0.00
3	3	0.00	0.00	0.82	0.79	0.00
3	7	0.00	0.01	1.19	0.39	0.00
Core	CPU	C1%	C3%	C6%	C8%	C9%
-	-	0.00	0.01	0.53	0.87	0.00
0	0	0.00	0.00	0.92	0.39	0.00
0	4	0.00	0.01	0.79	0.79	0.00
1	1	0.00	0.00	0.50	1.19	0.00
1	5	0.00	0.00	0.54	0.80	0.00
2	2	0.00	0.00	0.24	1.19	0.00
2	6	0.00	0.02	0.29	0.88	0.00
3	3	0.00	0.00	0.30	0.79	0.00
3	7	0.00	0.05	0.64	0.97	0.00
Core	CPU	C1%	C3%	C6%	C8%	C9%
-	-	0.00	0.00	0.44	0.93	0.00
0	0	0.00	0.00	0.31	1.01	0.00
0	4	0.00	0.00	0.46	1.29	0.00
1	1	0.00	0.00	0.35	0.98	0.00
1	5	0.00	0.00	0.44	1.19	0.00
2	2	0.00	0.00	0.10	1.00	0.00
2	6	0.00	0.00	0.48	1.00	0.00
3	3	0.00	0.00	0.36	0.69	0.00
3	7	0.00	0.03	1.01	0.28	0.00
Core	CPU	C1%	C3%	C6%	C8%	C9%
-	-	0.00	0.00	0.41	0.81	0.00
0	0	0.00	0.00	0.37	0.88	0.00
0	4	0.00	0.00	0.74	0.59	0.00
1	1	0.00	0.02	0.28	0.60	0.00
1	5	0.00	0.00	0.20	0.89	0.00
2	2	0.00	0.00	0.57	0.59	0.00
2	6	0.00	0.00	0.45	0.73	0.00
3	3	0.00	0.00	0.22	1.09	0.00
3	7	0.00	0.02	0.49	1.10	0.00
Core	CPU	C1%	C3%	C6%	C8%	C9%
-	-	0.00	0.00	0.50	0.74	0.00
0	0	0.00	0.00	0.62	0.59	0.00
0	4	0.00	0.00	0.59	0.11	0.00
1	1	0.00	0.00	0.15	0.79	0.00
1	5	0.00	0.00	0.28	0.89	0.00
2	2	0.00	0.00	0.33	0.89	0.00
2	6	0.00	0.00	0.23	0.97	0.00
3	3	0.00	0.00	0.69	0.79	0.00
3	7	0.00	0.02	1.14	0.90	0.00
Core	CPU	C1%	C3%	C6%	C8%	C9%
-	-	0.00	0.00	0.36	0.74	0.00
0	0	0.00	0.00	0.19	0.31	0.00
0	4	0.00	0.00	0.26	0.90	0.00
1	1	0.00	0.00	0.44	0.71	0.00
1	5	0.00	0.00	0.29	1.00	0.00
2	2	0.00	0.00	0.18	0.81	0.00
2	6	0.00	0.00	0.36	0.73	0.00
3	3	0.00	0.00	0.44	0.61	0.00
3	7	0.00	0.02	0.71	0.90	0.00
Core	CPU	C1%	C3%	C6%	C8%	C9%
-	-	0.00	0.14	0.34	1.02	0.09
0	0	0.00	0.00	0.54	2.08	0.00
0	4	0.00	1.08	0.16	0.09	0.75
1	1	0.00	0.00	0.13	0.69	0.00
1	5	0.00	0.00	0.00	0.60	0.00
2	2	0.00	0.00	0.28	0.88	0.00
2	6	0.00	0.00	0.59	1.82	0.00
3	3	0.00	0.00	0.33	0.79	0.00
3	7	0.00	0.01	0.65	1.18	0.00
Core	CPU	C1%	C3%	C6%	C8%	C9%
-	-	0.00	0.00	0.57	0.64	0.00
0	0	0.00	0.00	0.53	0.00	0.00
0	4	0.00	0.00	0.60	0.00	0.00
1	1	0.00	0.00	0.37	1.09	0.00
1	5	0.00	0.00	0.54	0.99	0.00
2	2	0.00	0.00	0.83	0.79	0.00
2	6	0.00	0.02	0.79	0.87	0.00
3	3	0.00	0.00	0.38	0.79	0.00
3	7	0.00	0.00	0.56	0.59	0.00
Core	CPU	C1%	C3%	C6%	C8%	C9%
-	-	0.00	0.01	0.40	0.94	0.00
0	0	0.00	0.00	0.27	0.61	0.00
0	4	0.00	0.01	0.41	1.21	0.00
1	1	0.00	0.00	0.44	0.70	0.00
1	5	0.00	0.00	0.39	1.00	0.00
2	2	0.00	0.00	0.23	1.30	0.00
2	6	0.00	0.00	0.46	1.02	0.00
3	3	0.00	0.00	0.53	0.71	0.00
3	7	0.00	0.04	0.50	1.00	0.00
Core	CPU	C1%	C3%	C6%	C8%	C9%
-	-	0.00	0.00	0.37	0.68	0.00
0	0	0.00	0.00	0.35	0.90	0.00
0	4	0.00	0.00	0.23	0.31	0.00
1	1	0.00	0.02	0.27	0.41	0.00
1	5	0.00	0.00	0.18	0.51	0.00
2	2	0.00	0.00	0.53	0.81	0.00
2	6	0.00	0.00	0.42	0.76	0.00
3	3	0.00	0.00	0.30	0.81	0.00
3	7	0.00	0.01	0.67	0.91	0.00
Core	CPU	C1%	C3%	C6%	C8%	C9%
-	-	0.00	0.01	0.43	0.82	0.00
0	0	0.00	0.01	0.86	0.79	0.00
0	4	0.00	0.02	0.24	0.89	0.00
1	1	0.00	0.01	0.27	0.69	0.00
1	5	0.00	0.00	0.50	0.69	0.00
2	2	0.00	0.05	0.08	0.79	0.00
2	6	0.00	0.00	0.37	1.15	0.00
3	3	0.00	0.00	0.18	0.79	0.00
3	7	0.00	0.01	0.97	0.77	0.00
Core	CPU	C1%	C3%	C6%	C8%	C9%
-	-	0.00	0.01	0.60	0.81	0.00
0	0	0.00	0.00	0.98	0.89	0.00
0	4	0.00	0.00	0.28	0.99	0.00
1	1	0.00	0.01	0.85	0.79	0.00
1	5	0.00	0.00	0.24	1.18	0.00
2	2	0.00	0.01	0.70	0.40	0.00
2	6	0.00	0.01	0.49	0.88	0.00
3	3	0.00	0.00	0.27	0.89	0.00
3	7	0.00	0.01	0.97	0.50	0.00
Core	CPU	C1%	C3%	C6%	C8%	C9%
-	-	0.00	0.08	0.50	0.71	0.00
0	0	0.00	0.00	0.37	0.99	0.00
0	4	0.00	0.59	0.18	0.06	0.00
1	1	0.00	0.00	0.92	0.40	0.00
1	5	0.00	0.00	0.13	1.18	0.00
2	2	0.00	0.00	0.18	1.00	0.00
2	6	0.00	0.03	1.06	0.91	0.00
3	3	0.00	0.00	0.44	0.99	0.00
3	7	0.00	0.03	0.69	0.16	0.00
Core	CPU	C1%	C3%	C6%	C8%	C9%
-	-	0.00	0.02	0.58	1.14	0.00
0	0	0.00	0.00	0.54	1.49	0.00
0	4	0.00	0.00	0.71	1.01	0.00
1	1	0.00	0.12	0.61	1.01	0.00
1	5	0.00	0.00	0.27	0.80	0.00
2	2	0.00	0.00	0.54	1.20	0.00
2	6	0.00	0.01	0.82	1.04	0.00
3	3	0.00	0.02	0.58	1.37	0.00
3	7	0.00	0.00	0.55	1.18	0.00
Core	CPU	C1%	C3%	C6%	C8%	C9%
-	-	0.00	0.01	0.88	0.52	0.08
0	0	0.00	0.01	1.30	0.78	0.00
0	4	0.00	0.00	0.73	0.09	0.63
1	1	0.00	0.01	0.86	0.10	0.00
1	5	0.00	0.00	0.85	0.20	0.00
2	2	0.00	0.02	0.44	0.80	0.00
2	6	0.00	0.01	1.03	0.75	0.00
3	3	0.00	0.03	0.97	0.79	0.00
3	7	0.00	0.00	0.87	0.69	0.00
Core	CPU	C1%	C3%	C6%	C8%	C9%
-	-	0.00	0.00	0.45	0.70	0.00
0	0	0.00	0.02	0.30	0.30	0.00
0	4	0.00	0.00	0.20	0.30	0.00
1	1	0.00	0.00	0.76	0.79	0.00
1	5	0.00	0.00	0.45	0.79	0.00
2	2	0.00	0.00	0.23	0.90	0.00
2	6	0.00	0.00	0.91	0.67	0.00
3	3	0.00	0.00	0.29	0.98	0.00
3	7	0.00	0.00	0.47	0.89	0.00
Core	CPU	C1%	C3%	C6%	C8%	C9%
-	-	0.00	0.02	0.40	1.03	0.00
0	0	0.00	0.02	0.36	0.80	0.00
0	4	0.00	0.00	0.35	1.29	0.00
1	1	0.00	0.05	0.32	1.21	0.00
1	5	0.00	0.00	0.37	1.58	0.00
2	2	0.00	0.00	0.28	0.81	0.00
2	6	0.00	0.04	0.81	1.03	0.00
3	3	0.00	0.00	0.53	0.61	0.00
3	7	0.00	0.02	0.18	0.90	0.00
Core	CPU	C1%	C3%	C6%	C8%	C9%
-	-	0.00	0.00	0.37	0.80	0.00
0	0	0.00	0.00	0.55	0.39	0.00
0	4	0.00	0.00	0.04	0.49	0.00
1	1	0.00	0.01	0.29	0.80	0.00
1	5	0.00	0.00	0.38	0.90	0.00
2	2	0.00	0.00	0.36	0.79	0.00
2	6	0.00	0.00	0.56	1.03	0.00
3	3	0.00	0.02	0.38	1.10	0.00
3	7	0.00	0.00	0.37	0.88	0.00
Core	CPU	C1%	C3%	C6%	C8%	C9%
-	-	0.00	0.04	0.41	0.80	0.00
0	0	0.00	0.00	0.29	0.80	0.00
0	4	0.00	0.32	0.13	0.11	0.00
1	1	0.00	0.00	0.78	0.59	0.00
1	5	0.00	0.00	0.36	0.98	0.00
2	2	0.00	0.00	0.35	0.79	0.00
2	6	0.00	0.02	0.81	1.16	0.00
3	3	0.00	0.00	0.29	0.89	0.00
3	7	0.00	0.00	0.27	1.07	0.00
Core	CPU	C1%	C3%	C6%	C8%	C9%
-	-	0.00	0.00	0.46	1.00	0.00
0	0	0.00	0.00	0.10	0.99	0.00
0	4	0.00	0.00	0.58	0.69	0.00
1	1	0.00	0.00	0.84	0.98	0.00
1	5	0.00	0.00	0.18	1.18	0.00
2	2	0.00	0.00	0.58	0.79	0.00
2	6	0.00	0.02	0.77	0.99	0.00
3	3	0.00	0.00	0.36	1.08	0.00
3	7	0.00	0.00	0.24	1.28	0.00
Core	CPU	C1%	C3%	C6%	C8%	C9%
-	-	0.00	0.00	0.54	0.93	0.00
0	0	0.00	0.00	0.27	1.09	0.00
0	4	0.00	0.00	0.70	0.79	0.00
1	1	0.00	0.00	0.22	0.89	0.00
1	5	0.00	0.00	0.29	0.79	0.00
2	2	0.00	0.00	0.27	1.09	0.00
2	6	0.00	0.00	1.26	0.94	0.00
3	3	0.00	0.00	0.32	1.09	0.00
3	7	0.00	0.00	0.94	0.79	0.00
Core	CPU	C1%	C3%	C6%	C8%	C9%
-	-	0.00	0.03	0.53	4.36	0.00
0	0	0.00	0.00	0.14	0.39	0.00
0	4	0.00	0.02	0.42	0.69	0.00
1	1	0.00	0.00	0.50	0.78	0.00
1	5	0.00	0.00	0.27	0.90	0.00
2	2	0.00	0.00	0.24	0.90	0.00
2	6	0.00	0.06	0.59	0.94	0.00
3	3	0.00	0.00	0.19	1.10	0.00
3	7	0.01	0.19	1.86	29.17	0.00
Core	CPU	C1%	C3%	C6%	C8%	C9%
-	-	0.00	0.00	0.52	0.96	0.00
0	0	0.00	0.00	1.21	1.18	0.00
0	4	0.00	0.02	0.50	0.00	0.00
1	1	0.00	0.00	0.20	1.08	0.00
1	5	0.00	0.00	0.35	0.89	0.00
2	2	0.00	0.00	0.25	0.89	0.00
2	6	0.00	0.02	0.63	1.75	0.00
3	3	0.00	0.00	0.20	1.09	0.00
3	7	0.00	0.00	0.83	0.79	0.00
Core	CPU	C1%	C3%	C6%	C8%	C9%
-	-	0.01	0.01	0.71	1.36	0.00
0	0	0.09	0.00	0.03	0.50	0.00
0	4	0.00	0.00	1.61	0.91	0.00
1	1	0.00	0.00	0.70	1.92	0.00
1	5	0.00	0.00	0.54	1.61	0.00
2	2	0.00	0.00	0.20	0.89	0.00
2	6	0.02	0.07	1.60	1.65	0.00
3	3	0.00	0.00	0.67	2.17	0.00
3	7	0.00	0.00	0.34	1.18	0.00
Core	CPU	C1%	C3%	C6%	C8%	C9%
-	-	0.00	0.16	0.38	0.73	0.13
0	0	0.00	0.00	0.24	0.99	0.00
0	4	0.00	1.26	0.11	1.26	1.06
1	1	0.00	0.00	0.86	0.39	0.00
1	5	0.00	0.00	0.23	0.99	0.00
2	2	0.00	0.00	0.12	0.60	0.00
2	6	0.00	0.00	1.10	0.20	0.00
3	3	0.00	0.00	0.00	0.69	0.00
3	7	0.00	0.00	0.38	0.70	0.00
Core	CPU	C1%	C3%	C6%	C8%	C9%
-	-	0.00	0.01	0.42	0.71	0.00
0	0	0.00	0.02	0.30	0.30	0.00
0	4	0.00	0.00	0.69	0.30	0.00
1	1	0.00	0.00	0.45	0.79	0.00
1	5	0.00	0.00	0.25	0.99	0.00
2	2	0.00	0.02	0.39	0.89	0.00
2	6	0.00	0.02	0.59	0.90	0.00
3	3	0.00	0.00	0.28	0.91	0.00
3	7	0.00	0.00	0.45	0.59	0.00
Core	CPU	C1%	C3%	C6%	C8%	C9%
-	-	0.00	0.00	0.54	1.03	0.00
0	0	0.00	0.00	0.54	1.98	0.00
0	4	0.00	0.00	0.41	1.09	0.00
1	1	0.00	0.00	1.02	0.30	0.00
1	5	0.00	0.02	0.97	0.78	0.00
2	2	0.00	0.00	0.29	1.09	0.00
2	6	0.00	0.02	0.57	1.29	0.00
3	3	0.00	0.00	0.33	1.04	0.00
3	7	0.00	0.00	0.18	0.70	0.00
Core	CPU	C1%	C3%	C6%	C8%	C9%
-	-	0.00	0.00	0.39	0.84	0.00
0	0	0.00	0.00	0.44	0.79	0.00
0	4	0.00	0.00	0.67	0.20	0.00
1	1	0.00	0.00	0.28	0.60	0.00
1	5	0.00	0.00	0.28	0.99	0.00
2	2	0.00	0.00	0.45	0.89	0.00
2	6	0.00	0.02	0.54	1.28	0.00
3	3	0.00	0.00	0.19	1.08	0.00
3	7	0.00	0.00	0.28	0.89	0.00
Core	CPU	C1%	C3%	C6%	C8%	C9%
-	-	0.00	0.00	0.39	0.83	0.00
0	0	0.00	0.02	0.29	0.40	0.00
0	4	0.00	0.00	0.33	0.41	0.00
1	1	0.00	0.00	0.35	0.80	0.00
1	5	0.00	0.00	0.40	1.01	0.00
2	2	0.00	0.00	0.30	0.80	0.00
2	6	0.00	0.01	0.68	0.91	0.00
3	3	0.00	0.00	0.35	1.03	0.00
3	7	0.00	0.00	0.41	1.29	0.00
Core	CPU	C1%	C3%	C6%	C8%	C9%
-	-	0.00	0.00	0.35	0.85	0.00
0	0	0.00	0.00	0.37	0.59	0.00
0	4	0.00	0.00	0.38	0.79	0.00
1	1	0.00	0.00	0.13	0.99	0.00
1	5	0.00	0.00	0.18	0.70	0.00
2	2	0.00	0.00	0.38	0.89	0.00
2	6	0.00	0.00	0.97	0.78	0.00
3	3	0.00	0.04	0.19	0.95	0.00
3	7	0.00	0.00	0.20	1.09	0.00
Core	CPU	C1%	C3%	C6%	C8%	C9%
-	-	0.00	0.04	0.40	0.93	0.39
0	0	0.00	0.00	0.68	0.60	0.00
0	4	0.00	0.29	0.14	0.11	3.08
1	1	0.00	0.00	0.38	0.98	0.00
1	5	0.00	0.00	0.36	0.98	0.00
2	2	0.00	0.00	0.35	1.09	0.00
2	6	0.00	0.02	0.63	1.29	0.00
3	3	0.00	0.00	0.28	1.38	0.00
3	7	0.00	0.00	0.37	0.98	0.00
Core	CPU	C1%	C3%	C6%	C8%	C9%
-	-	0.00	0.00	0.56	0.77	0.00
0	0	0.00	0.00	0.10	0.39	0.00
0	4	0.00	0.00	0.85	0.89	0.00
1	1	0.00	0.00	0.58	0.89	0.00
1	5	0.00	0.00	0.24	1.18	0.00
2	2	0.00	0.00	0.10	0.99	0.00
2	6	0.00	0.02	1.08	0.50	0.00
3	3	0.00	0.00	0.84	0.62	0.00
3	7	0.00	0.00	0.71	0.69	0.00
Core	CPU	C1%	C3%	C6%	C8%	C9%
-	-	0.00	0.01	0.44	0.63	0.00
0	0	0.00	0.00	0.28	0.68	0.00
0	4	0.00	0.00	0.21	0.38	0.00
1	1	0.00	0.00	0.31	0.60	0.00
1	5	0.00	0.00	0.17	0.50	0.00
2	2	0.00	0.00	0.79	0.09	0.00
2	6	0.00	0.06	1.20	0.89	0.00
3	3	0.00	0.03	0.29	0.87	0.00
3	7	0.00	0.00	0.25	0.99	0.00
Core	CPU	C1%	C3%	C6%	C8%	C9%
-	-	0.00	0.01	0.56	0.91	0.00
0	0	0.00	0.00	0.82	0.79	0.00
0	4	0.00	0.01	0.69	0.19	0.00
1	1	0.00	0.00	0.87	0.89	0.00
1	5	0.00	0.00	0.40	1.38	0.00
2	2	0.00	0.00	0.34	0.80	0.00
2	6	0.00	0.04	0.63	1.47	0.00
3	3	0.00	0.00	0.44	1.00	0.00
3	7	0.00	0.01	0.27	0.79	0.00
Core	CPU	C1%	C3%	C6%	C8%	C9%
-	-	0.00	0.10	0.68	1.30	0.00
0	0	0.00	0.78	1.27	1.81	0.00
0	4	0.00	0.00	0.85	0.69	0.00
1	1	0.00	0.00	0.42	1.28	0.00
1	5	0.00	0.02	0.37	1.29	0.00
2	2	0.00	0.00	0.38	1.38	0.00
2	6	0.00	0.00	0.60	1.29	0.00
3	3	0.00	0.00	0.53	2.21	0.00
3	7	0.00	0.00	0.99	0.40	0.00
Core	CPU	C1%	C3%	C6%	C8%	C9%
-	-	0.00	0.00	0.38	0.74	0.00
0	0	0.00	0.00	0.54	0.40	0.00
0	4	0.00	0.00	0.20	0.70	0.00
1	1	0.00	0.02	0.19	0.31	0.00
1	5	0.00	0.00	0.09	0.92	0.00
2	2	0.00	0.00	0.37	0.98	0.00
2	6	0.00	0.02	0.64	0.90	0.00
3	3	0.00	0.00	0.21	0.94	0.00
3	7	0.00	0.00	0.77	0.80	0.00
Core	CPU	C1%	C3%	C6%	C8%	C9%
-	-	0.00	0.06	0.39	0.75	0.00
0	0	0.00	0.00	0.74	0.70	0.00
0	4	0.01	0.50	0.04	0.09	0.00
1	1	0.00	0.00	0.48	0.50	0.00
1	5	0.00	0.00	0.28	0.98	0.00
2	2	0.00	0.00	0.36	0.99	0.00
2	6	0.00	0.01	0.67	0.99	0.00
3	3	0.00	0.00	0.33	0.86	0.00
3	7	0.00	0.00	0.20	0.89	0.00
Core	CPU	C1%	C3%	C6%	C8%	C9%
-	-	0.00	0.00	0.41	0.68	0.00
0	0	0.00	0.00	0.63	0.00	0.00
0	4	0.00	0.01	0.50	0.00	0.00
1	1	0.00	0.00	0.29	0.89	0.00
1	5	0.00	0.00	0.36	0.79	0.00
2	2	0.00	0.00	0.33	0.90	0.00
2	6	0.00	0.02	0.51	1.18	0.00
3	3	0.00	0.00	0.39	0.79	0.00
3	7	0.00	0.00	0.27	0.88	0.00
Core	CPU	C1%	C3%	C6%	C8%	C9%
-	-	0.00	0.01	0.52	0.83	0.00
0	0	0.00	0.00	0.63	0.60	0.00
0	4	0.00	0.00	0.58	0.59	0.00
1	1	0.00	0.00	0.45	0.79	0.00
1	5	0.00	0.00	0.90	0.79	0.00
2	2	0.00	0.00	0.20	1.09	0.00
2	6	0.00	0.04	0.57	1.19	0.00
3	3	0.00	0.00	0.56	0.92	0.00
3	7	0.00	0.00	0.28	0.69	0.00
Core	CPU	C1%	C3%	C6%	C8%	C9%
-	-	0.00	0.00	0.33	0.80	0.00
0	0	0.00	0.00	0.37	0.59	0.00
0	4	0.00	0.00	0.15	0.40	0.00
1	1	0.00	0.02	0.58	0.99	0.00
1	5	0.00	0.00	0.10	0.79	0.00
2	2	0.00	0.00	0.28	0.88	0.00
2	6	0.00	0.02	0.76	0.87	0.00
3	3	0.00	0.00	0.22	0.96	0.00
3	7	0.00	0.00	0.19	0.89	0.00
Core	CPU	C1%	C3%	C6%	C8%	C9%
-	-	0.00	0.00	0.38	0.80	0.00
0	0	0.00	0.00	0.23	0.69	0.00
0	4	0.00	0.00	0.27	0.40	0.00
1	1	0.00	0.00	0.20	0.79	0.00
1	5	0.00	0.00	0.35	0.89	0.00
2	2	0.00	0.00	0.25	1.09	0.00
2	6	0.00	0.03	1.21	0.89	0.00
3	3	0.00	0.00	0.19	1.00	0.00
3	7	0.00	0.00	0.36	0.69	0.00
Core	CPU	C1%	C3%	C6%	C8%	C9%
-	-	0.00	0.00	0.41	0.74	0.00
0	0	0.00	0.00	0.18	0.41	0.00
0	4	0.00	0.00	0.36	0.80	0.00
1	1	0.00	0.00	0.60	1.01	0.00
1	5	0.00	0.00	0.31	1.00	0.00
2	2	0.00	0.00	0.28	0.71	0.00
2	6	0.00	0.04	0.73	0.81	0.00
3	3	0.00	0.00	0.44	0.64	0.00
3	7	0.00	0.00	0.39	0.51	0.00
Core	CPU	C1%	C3%	C6%	C8%	C9%
-	-	0.00	0.08	0.39	0.90	0.00
0	0	0.00	0.00	0.56	1.00	0.00
0	4	0.00	0.59	0.05	0.09	0.00
1	1	0.00	0.00	0.70	0.69	0.00
1	5	0.00	0.00	0.37	0.79	0.00
2	2	0.00	0.00	0.28	0.99	0.00
2	6	0.00	0.01	0.68	1.08	0.00
3	3	0.00	0.00	0.32	1.35	0.00
3	7	0.00	0.00	0.19	1.18	0.00
Core	CPU	C1%	C3%	C6%	C8%	C9%
-	-	0.00	0.00	0.65	0.91	0.00
0	0	0.00	0.00	0.83	0.78	0.00
0	4	0.00	0.00	0.83	0.60	0.00
1	1	0.00	0.00	0.84	1.51	0.00
1	5	0.00	0.00	0.28	0.89	0.00
2	2	0.00	0.00	0.35	0.79	0.00
2	6	0.00	0.01	0.94	0.68	0.00
3	3	0.03	0.00	0.53	1.27	0.00
3	7	0.00	0.00	0.56	0.79	0.00
Core	CPU	C1%	C3%	C6%	C8%	C9%
-	-	0.00	0.04	0.66	4.03	0.00
0	0	0.00	0.02	0.29	0.99	0.00
0	4	0.00	0.00	0.18	0.71	0.00
1	1	0.00	0.00	0.42	0.88	0.00
1	5	0.00	0.00	0.42	0.50	0.00
2	2	0.00	0.00	0.73	0.40	0.00
2	6	0.00	0.06	1.12	0.00	0.00
3	3	0.00	0.00	0.60	0.69	0.00
3	7	0.02	0.20	1.56	28.02	0.00
Core	CPU	C1%	C3%	C6%	C8%	C9%
-	-	0.00	0.00	0.62	0.69	0.00
0	0	0.00	0.00	0.49	0.00	0.00
0	4	0.00	0.00	0.48	0.69	0.00
1	1	0.00	0.00	0.46	0.99	0.00
1	5	0.00	0.00	0.83	0.79	0.00
2	2	0.00	0.02	0.39	0.79	0.00
2	6	0.00	0.00	0.79	0.79	0.00
3	3	0.00	0.02	0.68	0.90	0.00
3	7	0.00	0.00	0.82	0.59	0.00
Core	CPU	C1%	C3%	C6%	C8%	C9%
-	-	0.00	0.00	0.75	0.89	0.00
0	0	0.00	0.00	1.21	1.40	0.00
0	4	0.00	0.00	0.59	1.40	0.00
1	1	0.00	0.00	0.92	0.60	0.00
1	5	0.00	0.01	1.15	0.61	0.00
2	2	0.00	0.00	0.37	1.00	0.00
2	6	0.00	0.00	0.36	0.89	0.00
3	3	0.00	0.00	1.14	0.66	0.00
3	7	0.00	0.00	0.29	0.59	0.00
Core	CPU	C1%	C3%	C6%	C8%	C9%
-	-	0.00	0.00	0.29	0.82	0.00
0	0	0.00	0.00	0.14	0.50	0.00
0	4	0.00	0.00	0.42	0.10	0.00
1	1	0.00	0.00	0.19	0.80	0.00
1	5	0.00	0.00	0.27	0.90	0.00
2	2	0.00	0.00	0.33	1.00	0.00
2	6	0.00	0.00	0.12	1.00	0.00
3	3	0.00	0.02	0.54	1.49	0.00
3	7	0.00	0.00	0.27	0.80	0.00
Core	CPU	C1%	C3%	C6%	C8%	C9%
-	-	0.00	0.09	0.39	0.85	0.00
0	0	0.00	0.01	0.19	0.80	0.00
0	4	0.00	0.71	0.19	0.26	0.00
1	1	0.00	0.00	0.36	0.88	0.00
1	5	0.00	0.01	0.42	1.28	0.00
2	2	0.00	0.02	0.48	0.99	0.00
2	6	0.00	0.00	0.20	0.99	0.00
3	3	0.00	0.00	1.08	0.94	0.00
3	7	0.00	0.00	0.21	0.69	0.00
Core	CPU	C1%	C3%	C6%	C8%	C9%
-	-	0.00	0.01	0.45	0.74	0.00
0	0	0.00	0.00	0.36	0.59	0.00
0	4	0.00	0.00	0.63	0.89	0.00
1	1	0.00	0.02	0.20	0.89	0.00
1	5	0.00	0.00	0.70	0.11	0.00
2	2	0.00	0.00	0.37	0.99	0.00
2	6	0.00	0.00	0.45	0.69	0.00
3	3	0.00	0.05	0.69	0.87	0.00
3	7	0.00	0.00	0.20	0.90	0.00
Core	CPU	C1%	C3%	C6%	C8%	C9%
-	-	0.00	0.01	0.48	0.74	0.00
0	0	0.00	0.02	0.74	0.39	0.00
0	4	0.00	0.00	0.18	0.40	0.00
1	1	0.00	0.00	0.10	0.40	0.00
1	5	0.00	0.00	0.72	0.99	0.00
2	2	0.00	0.00	0.35	0.88	0.00
2	6	0.00	0.00	0.82	0.79	0.00
3	3	0.00	0.05	0.57	1.38	0.00
3	7	0.00	0.00	0.37	0.69	0.00
Core	CPU	C1%	C3%	C6%	C8%	C9%
-	-	0.02	0.00	0.40	0.81	0.00
0	0	0.00	0.00	0.58	0.31	0.00
0	4	0.00	0.00	0.28	0.89	0.00
1	1	0.00	0.00	0.44	0.89	0.00
1	5	0.00	0.00	0.24	1.09	0.00
2	2	0.18	0.02	0.29	0.71	0.00
2	6	0.00	0.00	0.29	0.80	0.00
3	3	0.00	0.01	0.58	1.01	0.00
3	7	0.00	0.00	0.54	0.80	0.00
Core	CPU	C1%	C3%	C6%	C8%	C9%
-	-	0.00	0.00	0.43	0.87	0.00
0	0	0.00	0.00	0.19	0.99	0.00
0	4	0.00	0.00	0.37	0.89	0.00
1	1	0.00	0.00	0.14	1.18	0.00
1	5	0.00	0.03	0.27	1.19	0.00
2	2	0.00	0.00	0.29	1.09	0.00
2	6	0.00	0.00	0.28	0.79	0.00
3	3	0.00	0.00	1.15	0.06	0.00
3	7	0.00	0.01	0.79	0.79	0.00
Core	CPU	C1%	C3%	C6%	C8%	C9%
-	-	0.00	0.01	0.35	0.73	0.00
0	0	0.00	0.00	0.16	0.39	0.00
0	4	0.00	0.00	0.12	0.59	0.00
1	1	0.00	0.00	0.10	0.59	0.00
1	5	0.00	0.00	0.28	0.89	0.00
2	2	0.00	0.00	0.36	0.88	0.00
2	6	0.00	0.00	0.83	0.79	0.00
3	3	0.00	0.05	0.67	0.88	0.00
3	7	0.00	0.00	0.29	0.79	0.00
Core	CPU	C1%	C3%	C6%	C8%	C9%
-	-	0.00	0.04	0.48	0.82	0.00
0	0	0.00	0.00	0.47	1.39	0.00
0	4	0.00	0.29	0.14	0.10	0.00
1	1	0.00	0.00	0.28	0.98	0.00
1	5	0.00	0.00	0.53	0.99	0.00
2	2	0.00	0.00	0.63	0.49	0.00
2	6	0.00	0.00	0.69	0.60	0.00
3	3	0.00	0.02	0.78	1.19	0.00
3	7	0.00	0.00	0.34	0.79	0.00
Core	CPU	C1%	C3%	C6%	C8%	C9%
-	-	0.00	0.00	0.59	0.70	0.00
0	0	0.00	0.00	0.28	0.89	0.00
0	4	0.00	0.00	0.65	0.89	0.00
1	1	0.00	0.00	0.72	0.49	0.00
1	5	0.00	0.00	0.60	0.69	0.00
2	2	0.00	0.00	0.28	1.09	0.00
2	6	0.00	0.00	0.45	0.99	0.00
3	3	0.00	0.00	1.04	0.17	0.00
3	7	0.00	0.02	0.70	0.39	0.00
Core	CPU	C1%	C3%	C6%	C8%	C9%
-	-	0.00	0.00	0.56	0.79	0.00
0	0	0.00	0.00	0.58	0.01	0.00
0	4	0.00	0.00	0.21	0.69	0.00
1	1	0.00	0.00	0.28	1.08	0.00
1	5	0.00	0.00	0.71	0.99	0.00
2	2	0.00	0.00	0.30	0.99	0.00
2	6	0.00	0.00	0.82	0.79	0.00
3	3	0.00	0.03	0.91	1.47	0.00
3	7	0.00	0.00	0.69	0.30	0.00
Core	CPU	C1%	C3%	C6%	C8%	C9%
-	-	0.00	0.01	0.50	0.88	0.00
0	0	0.00	0.00	0.00	0.49	0.00
0	4	0.00	0.00	0.40	0.99	0.00
1	1	0.00	0.00	0.45	0.79	0.00
1	5	0.00	0.02	0.99	0.98	0.00
2	2	0.00	0.01	0.39	0.70	0.00
2	6	0.00	0.00	0.29	0.88	0.00
3	3	0.00	0.04	1.12	1.33	0.00
3	7	0.00	0.00	0.34	0.88	0.00
Core	CPU	C1%	C3%	C6%	C8%	C9%
-	-	0.00	0.00	0.45	0.80	0.00
0	0	0.00	0.00	0.69	0.71	0.00
0	4	0.00	0.00	0.35	0.49	0.00
1	1	0.00	0.00	0.70	0.21	0.00
1	5	0.00	0.00	0.21	0.50	0.00
2	2	0.00	0.00	0.47	1.10	0.00
2	6	0.00	0.00	0.45	0.90	0.00
3	3	0.00	0.02	0.62	1.45	0.00
3	7	0.00	0.00	0.10	1.09	0.00
Core	CPU	C1%	C3%	C6%	C8%	C9%
-	-	0.00	0.01	0.35	0.80	0.00
0	0	0.00	0.00	0.13	0.40	0.00
0	4	0.00	0.02	0.34	0.51	0.00
1	1	0.00	0.00	0.28	1.00	0.00
1	5	0.00	0.00	0.45	1.00	0.00
2	2	0.00	0.00	0.23	0.90	0.00
2	6	0.00	0.00	0.30	1.00	0.00
3	3	0.00	0.03	0.67	0.90	0.00
3	7	0.00	0.00	0.36	0.70	0.00
Core	CPU	C1%	C3%	C6%	C8%	C9%
-	-	0.00	0.16	0.32	0.82	0.00
0	0	0.00	0.01	0.19	0.31	0.00
0	4	0.00	1.28	0.11	0.24	0.00
1	1	0.00	0.00	0.36	0.98	0.00
1	5	0.00	0.00	0.32	1.08	0.00
2	2	0.00	0.02	0.20	0.99	0.00
2	6	0.00	0.00	0.10	0.99	0.00
3	3	0.00	0.00	1.08	0.93	0.00
3	7	0.00	0.00	0.24	1.08	0.00
Core	CPU	C1%	C3%	C6%	C8%	C9%
-	-	0.00	0.01	0.41	0.73	0.00
0	0	0.00	0.00	0.26	0.59	0.00
0	4	0.00	0.00	0.44	0.31	0.00
1	1	0.00	0.00	0.39	0.51	0.00
1	5	0.00	0.00	0.29	0.91	0.00
2	2	0.00	0.00	0.26	0.90	0.00
2	6	0.00	0.00	0.44	0.80	0.00
3	3	0.00	0.04	0.77	0.87	0.00
3	7	0.00	0.00	0.46	0.91	0.00
Core	CPU	C1%	C3%	C6%	C8%	C9%
-	-	0.00	0.00	0.43	1.08	0.00
0	0	0.00	0.00	0.59	1.69	0.00
0	4	0.00	0.00	0.13	0.50	0.00
1	1	0.00	0.00	0.09	1.00	0.00
1	5	0.00	0.00	0.53	1.10	0.00
2	2	0.00	0.00	0.49	1.00	0.00
2	6	0.00	0.00	0.13	0.99	0.00
3	3	0.00	0.00	0.89	1.19	0.00
3	7	0.00	0.00	0.59	1.13	0.00
Core	CPU	C1%	C3%	C6%	C8%	C9%
-	-	0.00	0.00	0.41	0.79	0.00
0	0	0.00	0.00	0.09	0.41	0.00
0	4	0.00	0.00	0.27	0.89	0.00
1	1	0.00	0.00	0.49	0.70	0.00
1	5	0.00	0.00	0.71	1.00	0.00
2	2	0.00	0.00	0.27	1.00	0.00
2	6	0.00	0.00	0.47	0.90	0.00
3	3	0.00	0.02	0.74	0.74	0.00
3	7	0.00	0.00	0.23	0.69	0.00
Core	CPU	C1%	C3%	C6%	C8%	C9%
-	-	0.00	0.00	0.55	0.88	0.00
0	0	0.00	0.00	0.26	0.70	0.00
0	4	0.00	0.00	0.58	0.61	0.00
1	1	0.00	0.00	0.49	0.90	0.00
1	5	0.00	0.00	0.45	1.00	0.00
2	2	0.00	0.00	0.66	0.91	0.00
2	6	0.00	0.00	0.54	1.10	0.00
3	3	0.00	0.00	0.82	0.89	0.00
3	7	0.00	0.00	0.57	0.91	0.00
Core	CPU	C1%	C3%	C6%	C8%	C9%
-	-	0.00	0.01	0.34	0.92	0.00
0	0	0.00	0.00	0.23	0.50	0.00
0	4	0.00	0.02	0.09	0.41	0.00
1	1	0.00	0.00	0.27	1.10	0.00
1	5	0.00	0.00	0.36	0.99	0.00
2	2	0.00	0.00	0.32	1.29	0.00
2	6	0.00	0.00	0.30	1.20	0.00
3	3	0.00	0.03	0.68	1.00	0.00
3	7	0.00	0.00	0.45	0.90	0.00
Core	CPU	C1%	C3%	C6%	C8%	C9%
-	-	0.00	0.11	0.49	4.31	0.00
0	0	0.00	0.01	0.32	0.71	0.00
0	4	0.00	0.59	0.20	0.05	0.00
1	1	0.00	0.00	0.40	0.79	0.00
1	5	0.00	0.00	0.32	1.09	0.00
2	2	0.00	0.01	0.20	0.89	0.00
2	6	0.00	0.00	0.20	0.99	0.00
3	3	0.00	0.02	1.23	1.31	0.00
3	7	0.02	0.22	1.09	28.66	0.00
Core	CPU	C1%	C3%	C6%	C8%	C9%
-	-	0.00	0.00	0.53	0.62	0.00
0	0	0.00	0.00	0.27	0.69	0.00
0	4	0.00	0.00	0.35	0.20	0.00
1	1	0.00	0.00	0.31	0.60	0.00
1	5	0.00	0.00	0.04	0.60	0.00
2	2	0.00	0.00	0.28	0.88	0.00
2	6	0.00	0.00	0.54	1.10	0.00
3	3	0.00	0.01	1.43	0.36	0.00
3	7	0.00	0.00	0.98	0.50	0.00
Core	CPU	C1%	C3%	C6%	C8%	C9%
-	-	0.00	0.01	0.63	1.03	0.00
0	0	0.00	0.00	0.34	0.69	0.00
0	4	0.00	0.00	0.32	0.50	0.00
1	1	0.00	0.00	0.67	1.00	0.00
1	5	0.00	0.00	0.64	1.39	0.00
2	2	0.00	0.00	0.45	0.99	0.00
2	6	0.00	0.00	0.32	1.19	0.00
3	3	0.00	0.04	1.10	1.22	0.00
3	7	0.00	0.00	1.22	1.29	0.00
Core	CPU	C1%	C3%	C6%	C8%	C9%
-	-	0.00	0.00	0.44	0.77	0.00
0	0	0.00	0.00	0.60	0.09	0.00
0	4	0.00	0.01	0.86	0.79	0.00
1	1	0.00	0.00	0.19	1.10	0.00
1	5	0.00	0.00	0.32	0.79	0.00
2	2	0.00	0.00	0.37	0.88	0.00
2	6	0.00	0.00	0.28	1.19	0.00
3	3	0.00	0.01	0.65	0.83	0.00
3	7	0.00	0.00	0.23	0.49	0.00
Core	CPU	C1%	C3%	C6%	C8%	C9%
-	-	0.00	0.00	0.45	0.79	0.00
0	0	0.00	0.00	0.55	0.91	0.00
0	4	0.00	0.00	0.25	0.30	0.00
1	1	0.00	0.00	0.31	0.40	0.00
1	5	0.00	0.00	0.30	0.90	0.00
2	2	0.00	0.00	0.46	0.89	0.00
2	6	0.00	0.00	0.36	0.89	0.00
3	3	0.00	0.01	0.63	1.37	0.00
3	7	0.00	0.00	0.77	0.69	0.00
Core	CPU	C1%	C3%	C6%	C8%	C9%
-	-	0.01	0.01	0.63	0.69	0.00
0	0	0.00	0.00	0.62	0.59	0.00
0	4	0.00	0.00	0.59	0.39	0.00
1	1	0.00	0.00	0.43	0.88	0.00
1	5	0.00	0.00	0.36	0.79	0.00
2	2	0.00	0.03	1.00	0.30	0.00
2	6	0.10	0.02	0.89	0.79	0.00
3	3	0.00	0.01	0.79	0.79	0.00
3	7	0.00	0.00	0.36	0.99	0.00
Core	CPU	C1%	C3%	C6%	C8%	C9%
-	-	0.00	0.07	0.53	0.70	0.34
0	0	0.00	0.00	0.10	0.40	0.00
0	4	0.00	0.59	0.24	0.13	2.76
1	1	0.00	0.00	0.35	0.88	0.00
1	5	0.00	0.00	0.90	0.79	0.00
2	2	0.00	0.00	0.48	0.99	0.00
2	6	0.00	0.00	0.88	0.88	0.00
3	3	0.00	0.00	1.07	0.44	0.00
3	7	0.00	0.00	0.22	1.08	0.00
Core	CPU	C1%	C3%	C6%	C8%	C9%
-	-	0.00	0.02	0.37	0.70	0.00
0	0	0.00	0.00	0.46	0.49	0.00
0	4	0.00	0.00	0.74	0.39	0.00
1	1	0.00	0.12	0.10	0.49	0.00
1	5	0.00	0.00	0.10	0.40	0.00
2	2	0.00	0.00	0.27	0.89	0.00
2	6	0.00	0.00	0.45	0.89	0.00
3	3	0.00	0.01	0.62	0.97	0.00
3	7	0.00	0.00	0.19	1.10	0.00
Core	CPU	C1%	C3%	C6%	C8%	C9%
-	-	0.00	0.01	0.37	1.00	0.00
0	0	0.00	0.00	0.49	0.90	0.00
0	4	0.00	0.02	0.24	0.41	0.00
1	1	0.00	0.00	0.28	1.00	0.00
1	5	0.00	0.00	0.34	0.90	0.00
2	2	0.00	0.00	0.38	1.49	0.00
2	6	0.00	0.00	0.22	0.90	0.00
3	3	0.00	0.02	0.66	1.70	0.00
3	7	0.00	0.00	0.35	0.70	0.00
Core	CPU	C1%	C3%	C6%	C8%	C9%
-	-	0.00	0.00	0.41	0.77	0.00
0	0	0.00	0.00	0.27	0.90	0.00
0	4	0.00	0.00	0.36	0.81	0.00
1	1	0.00	0.00	0.43	0.71	0.00
1	5	0.00	0.00	0.31	1.00	0.00
2	2	0.00	0.00	0.46	0.91	0.00
2	6	0.00	0.00	0.37	0.71	0.00
3	3	0.00	0.02	0.74	0.75	0.00
3	7	0.00	0.00	0.32	0.41	0.00
Core	CPU	C1%	C3%	C6%	C8%	C9%
-	-	0.00	0.00	0.40	0.93	0.00
0	0	0.00	0.00	0.26	0.71	0.00
0	4	0.00	0.00	0.24	0.31	0.00
1	1	0.00	0.00	0.48	1.31	0.00
1	5	0.00	0.00	0.35	0.81	0.00
2	2	0.00	0.00	0.36	1.00	0.00
2	6	0.00	0.00	0.53	0.72	0.00
3	3	0.00	0.03	0.60	1.08	0.00
3	7	0.00	0.00	0.37	1.50	0.00
Core	CPU	C1%	C3%	C6%	C8%	C9%
-	-	0.00	0.01	0.61	0.73	0.00
0	0	0.00	0.00	0.63	0.58	0.00
0	4	0.00	0.01	0.63	0.30	0.00
1	1	0.00	0.00	0.47	0.98	0.00
1	5	0.00	0.00	0.41	0.79	0.00
2	2	0.00	0.00	0.44	0.79	0.00
2	6	0.00	0.02	0.78	0.79	0.00
3	3	0.00	0.00	1.15	0.91	0.00
3	7	0.00	0.01	0.37	0.69	0.00
Core	CPU	C1%	C3%	C6%	C8%	C9%
-	-	0.00	0.08	0.62	0.74	0.00
0	0	0.00	0.02	0.97	0.47	0.00
0	4	0.00	0.59	0.18	0.07	0.00
1	1	0.00	0.00	1.02	0.89	0.00
1	5	0.00	0.00	0.30	1.09	0.00
2	2	0.00	0.00	0.48	0.99	0.00
2	6	0.00	0.00	0.28	0.89	0.00
3	3	0.00	0.02	0.85	1.03	0.00
3	7	0.00	0.00	0.89	0.49	0.00
Core	CPU	C1%	C3%	C6%	C8%	C9%
-	-	0.00	0.02	0.53	0.66	0.00
0	0	0.00	0.00	0.66	0.79	0.00
0	4	0.00	0.00	0.55	0.00	0.00
1	1	0.00	0.12	0.29	0.80	0.00
1	5	0.00	0.00	0.29	0.60	0.00
2	2	0.00	0.00	0.28	0.99	0.00
2	6	0.00	0.00	0.36	0.79	0.00
3	3	0.00	0.01	1.04	0.55	0.00
3	7	0.00	0.01	0.79	0.78	0.00
Core	CPU	C1%	C3%	C6%	C8%	C9%
-	-	0.00	0.00	0.55	0.68	0.00
0	0	0.00	0.00	0.74	0.59	0.00
0	4	0.00	0.00	0.13	0.40	0.00
1	1	0.00	0.00	0.18	0.50	0.00
1	5	0.00	0.00	0.71	0.89	0.00
2	2	0.00	0.00	0.41	0.89	0.00
2	6	0.00	0.00	0.83	0.79	0.00
3	3	0.00	0.02	1.09	0.57	0.00
3	7	0.00	0.00	0.27	0.79	0.00
Core	CPU	C1%	C3%	C6%	C8%	C9%
-	-	0.00	0.02	0.37	0.73	0.00
0	0	0.00	0.02	0.30	0.20	0.00
0	4	0.00	0.01	0.10	0.57	0.00
1	1	0.00	0.00	0.27	1.09	0.00
1	5	0.00	0.00	0.38	1.20	0.00
2	2	0.00	0.00	0.34	0.79	0.00
2	6	0.00	0.02	0.20	0.99	0.00
3	3	0.00	0.07	1.03	0.20	0.00
3	7	0.00	0.00	0.37	0.79	0.00
Core	CPU	C1%	C3%	C6%	C8%	C9%
-	-	0.00	0.01	0.47	1.05	0.00
0	0	0.00	0.02	0.56	1.29	0.00
0	4	0.00	0.03	0.88	1.17	0.00
1	1	0.00	0.00	0.45	1.04	0.00
1	5	0.00	0.00	0.30	0.98	0.00
2	2	0.00	0.02	0.30	0.79	0.00
2	6	0.00	0.00	0.29	1.00	0.00
3	3	0.00	0.05	0.67	1.30	0.00
3	7	0.00	0.00	0.33	0.79	0.00
Core	CPU	C1%	C3%	C6%	C8%	C9%
-	-	0.00	0.01	0.48	0.93	0.00
0	0	0.00	0.00	0.86	0.50	0.00
0	4	0.00	0.00	0.43	0.30	0.00
1	1	0.00	0.00	0.71	1.10	0.00
1	5	0.00	0.01	0.10	1.10	0.00
2	2	0.00	0.00	0.65	1.19	0.00
2	6	0.00	0.00	0.36	0.79	0.00
3	3	0.00	0.04	0.62	1.47	0.00
3	7	0.00	0.00	0.10	0.99	0.00
Core	CPU	C1%	C3%	C6%	C8%	C9%
-	-	0.00	0.04	0.29	0.83	0.00
0	0	0.00	0.00	0.05	0.49	0.00
0	4	0.00	0.30	0.13	0.11	0.00
1	1	0.00	0.00	0.10	0.99	0.00
1	5	0.00	0.00	0.36	1.09	0.00
2	2	0.00	0.00	0.35	1.07	0.00
2	6	0.00	0.00	0.23	0.99	0.00
3	3	0.00	0.00	0.71	0.90	0.00
3	7	0.00	0.00	0.37	0.99	0.00
Core	CPU	C1%	C3%	C6%	C8%	C9%
-	-	0.00	0.00	0.35	0.79	0.00
0	0	0.00	0.00	0.20	0.39	0.00
0	4	0.00	0.00	0.58	0.59	0.00
1	1	0.00	0.00	0.45	0.99	0.00
1	5	0.00	0.00	0.24	1.09	0.00
2	2	0.00	0.00	0.10	0.99	0.00
2	6	0.00	0.00	0.29	0.89	0.00
3	3	0.00	0.02	0.75	0.73	0.00
3	7	0.00	0.00	0.23	0.69	0.00
Core	CPU	C1%	C3%	C6%	C8%	C9%
-	-	0.01	0.00	0.41	0.98	0.00
0	0	0.00	0.00	0.49	1.00	0.00
0	4	0.00	0.00	0.69	0.64	0.00
1	1	0.00	0.00	0.21	0.50	0.00
1	5	0.00	0.00	0.18	0.79	0.00
2	2	0.08	0.00	0.28	0.89	0.00
2	6	0.00	0.00	0.62	1.30	0.00
3	3	0.00	0.00	0.73	1.75	0.00
3	7	0.00	0.00	0.10	0.99	0.00
Core	CPU	C1%	C3%	C6%	C8%	C9%
-	-	0.00	0.01	0.47	0.99	0.00
0	0	0.00	0.00	0.82	0.79	0.00
0	4	0.00	0.04	0.69	0.98	0.00
1	1	0.00	0.00	0.48	1.09	0.00
1	5	0.00	0.00	0.37	0.79	0.00
2	2	0.00	0.00	0.32	1.09	0.00
2	6	0.00	0.02	0.20	1.19	0.00
3	3	0.00	0.00	0.50	1.19	0.00
3	7	0.00	0.00	0.37	0.79	0.00
Core	CPU	C1%	C3%	C6%	C8%	C9%
-	-	0.00	0.03	0.42	4.32	0.00
0	0	0.00	0.00	0.09	0.40	0.00
0	4	0.00	0.00	0.47	0.70	0.00
1	1	0.00	0.00	0.47	0.70	0.00
1	5	0.00	0.00	0.31	1.00	0.00
2	2	0.00	0.00	0.28	1.01	0.00
2	6	0.00	0.00	0.18	0.89	0.00
3	3	0.00	0.03	0.64	0.83	0.00
3	7	0.02	0.23	0.92	29.02	0.00
Core	CPU	C1%	C3%	C6%	C8%	C9%
-	-	0.00	0.00	0.63	0.76	0.00
0	0	0.00	0.00	1.04	0.40	0.00
0	4	0.00	0.00	0.34	0.60	0.00
1	1	0.00	0.00	0.30	0.89	0.00
1	5	0.00	0.00	0.29	1.19	0.00
2	2	0.00	0.00	0.57	0.99	0.00
2	6	0.00	0.00	0.36	0.79	0.00
3	3	0.00	0.00	1.12	0.43	0.00
3	7	0.00	0.00	0.99	0.79	0.00
Core	CPU	C1%	C3%	C6%	C8%	C9%
-	-	0.00	0.04	0.55	1.18	0.00
0	0	0.00	0.00	0.63	1.69	0.00
0	4	0.01	0.30	0.18	0.48	0.00
1	1	0.00	0.03	0.87	1.50	0.00
1	5	0.00	0.00	0.43	1.29	0.00
2	2	0.00	0.00	0.28	0.89	0.00
2	6	0.00	0.00	0.45	0.99	0.00
3	3	0.00	0.00	1.24	1.64	0.00
3	7	0.00	0.00	0.27	1.00	0.00
Core	CPU	C1%	C3%	C6%	C8%	C9%
-	-	0.00	0.00	0.45	1.02	0.00
0	0	0.00	0.00	0.34	1.08	0.00
0	4	0.00	0.00	0.72	0.60	0.00
1	1	0.00	0.00	0.68	0.59	0.00
1	5	0.00	0.00	0.28	1.19	0.00
2	2	0.00	0.00	0.35	1.09	0.00
2	6	0.00	0.00	0.23	1.28	0.00
3	3	0.00	0.03	0.49	1.28	0.00
3	7	0.00	0.00	0.47	1.09	0.00
Core	CPU	C1%	C3%	C6%	C8%	C9%
-	-	0.00	0.01	0.44	0.83	0.00
0	0	0.00	0.02	0.29	0.39	0.00
0	4	0.00	0.00	0.42	1.09	0.00
1	1	0.00	0.00	0.41	0.89	0.00
1	5	0.00	0.00	0.43	0.99	0.00
2	2	0.00	0.00	0.32	1.19	0.00
2	6	0.00	0.00	0.19	1.19	0.00
3	3	0.00	0.03	1.16	0.14	0.00
3	7	0.00	0.00	0.34	0.79	0.00
Core	CPU	C1%	C3%	C6%	C8%	C9%
-	-	0.00	0.00	0.72	0.63	0.00
0	0	0.00	0.00	0.86	0.50	0.00
0	4	0.00	0.00	0.35	0.59	0.00
1	1	0.00	0.00	0.72	0.69	0.00
1	5	0.00	0.00	0.64	0.59	0.00
2	2	0.00	0.00	0.77	0.88	0.00
2	6	0.00	0.00	0.36	0.88	0.00
3	3	0.00	0.00	1.32	0.36	0.00
3	7	0.00	0.00	0.70	0.58	0.00
Core	CPU	C1%	C3%	C6%	C8%	C9%
-	-	0.00	0.00	0.40	0.83	0.00
0	0	0.00	0.00	0.39	0.70	0.00
0	4	0.00	0.00	0.16	0.49	0.00
1	1	0.00	0.00	0.10	0.80	0.00
1	5	0.00	0.00	0.36	0.89	0.00
2	2	0.00	0.00	0.45	0.79	0.00
2	6	0.00	0.00	0.83	0.79	0.00
3	3	0.00	0.03	0.60	1.38	0.00
3	7	0.00	0.00	0.28	0.79	0.00
Core	CPU	C1%	C3%	C6%	C8%	C9%
-	-	0.00	0.00	0.40	0.89	0.00
0	0	0.00	0.01	0.20	0.30	0.00
0	4	0.00	0.00	0.19	0.99	0.00
1	1	0.00	0.00	0.54	0.99	0.00
1	5	0.00	0.00	0.24	0.99	0.00
2	2	0.00	0.01	0.29	0.80	0.00
2	6	0.00	0.00	0.30	0.98	0.00
3	3	0.00	0.01	1.23	1.01	0.00
3	7	0.00	0.00	0.24	1.08	0.00
Core	CPU	C1%	C3%	C6%	C8%	C9%
-	-	0.00	0.05	0.50	0.59	0.35
0	0	0.00	0.00	0.38	0.50	0.00
0	4	0.00	0.40	0.06	0.38	2.77
1	1	0.00	0.01	0.70	0.20	0.00
1	5	0.00	0.00	0.73	0.00	0.00
2	2	0.00	0.00	0.28	1.08	0.00
2	6	0.00	0.00	0.36	0.89	0.00
3	3	0.00	0.01	0.74	0.86	0.00
3	7	0.00	0.00	0.79	0.79	0.00
Core	CPU	C1%	C3%	C6%	C8%	C9%
-	-	0.00	0.01	0.39	0.90	0.00
0	0	0.00	0.00	0.24	0.29	0.00
0	4	0.00	0.02	0.68	0.50	0.00
1	1	0.00	0.00	0.19	1.09	0.00
1	5	0.00	0.02	0.39	1.38	0.00
2	2	0.00	0.00	0.24	1.09	0.00
2	6	0.00	0.00	0.13	0.99	0.00
3	3	0.00	0.00	1.00	1.09	0.00
3	7	0.00	0.00	0.28	0.79	0.00
Core	CPU	C1%	C3%	C6%	C8%	C9%
-	-	0.00	0.01	0.38	0.83	0.00
0	0	0.00	0.01	0.48	0.61	0.00
0	4	0.00	0.00	0.47	0.79	0.00
1	1	0.00	0.00	0.36	0.79	0.00
1	5	0.00	0.00	0.42	0.89	0.00
2	2	0.00	0.02	0.29	0.79	0.00
2	6	0.00	0.00	0.19	0.99	0.00
3	3	0.00	0.01	0.77	1.12	0.00
3	7	0.00	0.00	0.04	0.68	0.00
Core	CPU	C1%	C3%	C6%	C8%	C9%
-	-	0.00	0.00	0.45	1.03	0.00
0	0	0.00	0.00	0.26	1.19	0.00
0	4	0.00	0.00	0.24	0.31	0.00
1	1	0.00	0.00	0.39	0.92	0.00
1	5	0.00	0.00	0.37	1.01	0.00
2	2	0.00	0.00	0.54	0.92	0.00
2	6	0.00	0.00	0.62	1.40	0.00
3	3	0.00	0.03	0.60	0.97	0.00
3	7	0.00	0.00	0.55	1.51	0.00
Core	CPU	C1%	C3%	C6%	C8%	C9%
-	-	0.00	0.01	0.39	0.74	0.00
0	0	0.00	0.00	0.05	0.49	0.00
0	4	0.00	0.00	0.18	0.49	0.00
1	1	0.00	0.02	0.00	0.60	0.00
1	5	0.00	0.00	0.36	0.89	0.00
2	2	0.00	0.00	0.35	0.88	0.00
2	6	0.00	0.00	0.82	0.79	0.00
3	3	0.00	0.00	1.11	0.99	0.00
3	7	0.00	0.03	0.27	0.78	0.00
Core	CPU	C1%	C3%	C6%	C8%	C9%
-	-	0.00	0.01	0.54	0.76	0.00
0	0	0.00	0.01	0.30	0.40	0.00
0	4	0.00	0.00	0.39	1.18	0.00
1	1	0.00	0.00	0.95	0.79	0.00
1	5	0.00	0.00	0.83	0.79	0.00
2	2	0.00	0.02	0.11	0.99	0.00
2	6	0.00	0.00	0.20	1.08	0.00
3	3	0.00	0.01	0.77	0.81	0.00
3	7	0.00	0.00	0.74	0.00	0.00
Core	CPU	C1%	C3%	C6%	C8%	C9%
-	-	0.00	0.10	0.35	0.90	0.00
0	0	0.00	0.00	0.72	1.89	0.00
0	4	0.01	0.72	0.17	0.07	0.00
1	1	0.00	0.00	0.24	0.89	0.00
1	5	0.00	0.02	0.37	0.99	0.00
2	2	0.00	0.00	0.19	0.89	0.00
2	6	0.00	0.00	0.27	0.79	0.00
3	3	0.00	0.05	0.64	0.95	0.00
3	7	0.00	0.00	0.18	0.68	0.00
Core	CPU	C1%	C3%	C6%	C8%	C9%
-	-	0.00	0.00	0.34	0.95	0.00
0	0	0.00	0.00	0.23	0.79	0.00
0	4	0.00	0.00	0.60	0.99	0.00
1	1	0.00	0.00	0.10	0.59	0.00
1	5	0.00	0.00	0.28	0.89	0.00
2	2	0.00	0.00	0.35	0.79	0.00
2	6	0.00	0.00	0.14	1.08	0.00
3	3	0.00	0.01	0.41	1.27	0.00
3	7	0.00	0.00	0.65	1.20	0.00
Core	CPU	C1%	C3%	C6%	C8%	C9%
-	-	0.00	0.01	0.61	0.87	0.00
0	0	0.00	0.02	0.35	1.19	0.00
0	4	0.00	0.00	0.26	0.80	0.00
1	1	0.00	0.00	0.66	1.09	0.00
1	5	0.00	0.00	0.43	1.09	0.00
2	2	0.00	0.00	1.03	0.78	0.00
2	6	0.00	0.02	0.88	0.35	0.00
3	3	0.04	0.02	0.92	0.88	0.00
3	7	0.00	0.00	0.36	0.79	0.00
Core	CPU	C1%	C3%	C6%	C8%	C9%
-	-	0.00	0.00	0.45	0.84	0.00
0	0	0.00	0.00	0.10	0.40	0.00
0	4	0.00	0.00	0.59	0.60	0.00
1	1	0.00	0.00	0.45	1.10	0.00
1	5	0.00	0.00	0.35	0.89	0.00
2	2	0.00	0.00	0.24	0.89	0.00
2	6	0.00	0.02	0.50	0.66	0.00
3	3	0.00	0.00	0.96	1.37	0.00
3	7	0.00	0.00	0.38	0.79	0.00
Core	CPU	C1%	C3%	C6%	C8%	C9%
-	-	0.00	0.00	0.57	0.71	0.00
0	0	0.00	0.02	0.52	0.61	0.00
0	4	0.00	0.00	0.37	0.12	0.00
1	1	0.00	0.00	0.36	0.89	0.00
1	5	0.00	0.00	0.51	0.79	0.00
2	2	0.00	0.00	0.71	0.89	0.00
2	6	0.00	0.00	0.98	0.91	0.00
3	3	0.00	0.00	0.38	0.79	0.00
3	7	0.00	0.00	0.73	0.69	0.00
Core	CPU	C1%	C3%	C6%	C8%	C9%
-	-	0.00	0.01	0.45	1.09	0.00
0	0	0.00	0.00	0.44	1.20	0.00
0	4	0.00	0.00	0.44	1.29	0.00
1	1	0.00	0.00	0.51	1.00	0.00
1	5	0.00	0.02	0.28	1.10	0.00
2	2	0.00	0.00	0.28	0.90	0.00
2	6	0.00	0.06	0.72	0.82	0.00
3	3	0.00	0.00	0.53	0.90	0.00
3	7	0.00	0.00	0.40	1.49	0.00
Core	CPU	C1%	C3%	C6%	C8%	C9%
-	-	0.00	0.14	0.26	0.77	0.00
0	0	0.00	0.00	0.27	0.99	0.00
0	4	0.00	1.09	0.05	0.09	0.04
1	1	0.00	0.00	0.12	0.59	0.00
1	5	0.00	0.00	0.21	0.69	0.00
2	2	0.00	0.00	0.28	0.89	0.00
2	6	0.00	0.04	0.83	0.74	0.00
3	3	0.00	0.00	0.13	1.09	0.00
3	7	0.00	0.00	0.20	1.08	0.00
Core	CPU	C1%	C3%	C6%	C8%	C9%
-	-	0.00	0.00	0.57	0.69	0.00
0	0	0.00	0.00	0.23	0.30	0.00
0	4	0.00	0.00	0.55	0.00	0.00
1	1	0.00	0.00	0.38	0.99	0.00
1	5	0.00	0.00	0.36	0.79	0.00
2	2	0.00	0.00	0.93	0.79	0.00
2	6	0.00	0.02	1.20	0.48	0.00
3	3	0.00	0.00	0.29	1.09	0.00
3	7	0.00	0.00	0.65	1.08	0.00
Core	CPU	C1%	C3%	C6%	C8%	C9%
-	-	0.00	0.03	0.56	4.46	0.00
0	0	0.00	0.00	0.59	1.21	0.00
0	4	0.00	0.01	0.37	0.80	0.00
1	1	0.00	0.00	0.47	0.79	0.00
1	5	0.00	0.00	0.30	1.20	0.00
2	2	0.00	0.00	0.67	0.90	0.00
2	6	0.00	0.01	0.77	1.48	0.00
3	3	0.00	0.00	0.35	0.70	0.00
3	7	0.02	0.21	0.97	28.61	0.00
Core	CPU	C1%	C3%	C6%	C8%	C9%
-	-	0.00	0.01	0.71	1.17	0.00
0	0	0.00	0.00	0.64	1.50	0.00
0	4	0.00	0.00	0.73	1.31	0.00
1	1	0.00	0.00	0.83	0.79	0.00
1	5	0.00	0.02	0.89	0.30	0.00
2	2	0.00	0.00	0.28	1.98	0.00
2	6	0.00	0.02	0.77	1.20	0.00
3	3	0.00	0.00	0.54	1.10	0.00
3	7	0.00	0.04	0.97	1.19	0.00
Core	CPU	C1%	C3%	C6%	C8%	C9%
-	-	0.00	0.00	0.38	0.87	0.00
0	0	0.00	0.00	0.36	1.00	0.00
0	4	0.00	0.00	0.33	1.30	0.00
1	1	0.00	0.00	0.52	0.20	0.00
1	5	0.00	0.00	0.44	0.63	0.00
2	2	0.00	0.00	0.26	0.90	0.00
2	6	0.00	0.01	0.66	1.05	0.00
3	3	0.00	0.00	0.30	1.01	0.00
3	7	0.00	0.00	0.18	0.90	0.00
Core	CPU	C1%	C3%	C6%	C8%	C9%
-	-	0.00	0.01	0.59	0.69	0.00
0	0	0.00	0.00	0.71	0.48	0.00
0	4	0.00	0.01	0.50	0.00	0.00
1	1	0.00	0.00	0.87	0.88	0.00
1	5	0.00	0.00	0.36	1.09	0.00
2	2	0.00	0.00	0.83	0.79	0.00
2	6	0.00	0.07	0.76	0.77	0.00
3	3	0.00	0.00	0.30	0.79	0.00
3	7	0.00	0.00	0.37	0.69	0.00
Core	CPU	C1%	C3%	C6%	C8%	C9%
-	-	0.00	0.08	0.55	0.71	0.00
0	0	0.00	0.00	0.42	0.62	0.00
0	4	0.00	0.59	0.25	0.00	0.00
1	1	0.00	0.00	0.46	0.79	0.00
1	5	0.00	0.00	0.90	0.79	0.00
2	2	0.00	0.00	0.48	0.99	0.00
2	6	0.00	0.01	0.89	0.99	0.00
3	3	0.00	0.00	0.36	0.79	0.00
3	7	0.00	0.00	0.63	0.69	0.00
Core	CPU	C1%	C3%	C6%	C8%	C9%
-	-	0.00	0.01	0.69	0.76	0.00
0	0	0.00	0.00	0.37	1.09	0.00
0	4	0.00	0.00	0.93	0.60	0.00
1	1	0.00	0.02	0.66	0.90	0.00
1	5	0.00	0.00	0.16	0.70	0.00
2	2	0.00	0.00	0.28	0.99	0.00
2	6	0.00	0.01	1.27	0.89	0.00
3	3	0.00	0.00	0.92	0.50	0.00
3	7	0.00	0.01	0.89	0.40	0.00
Core	CPU	C1%	C3%	C6%	C8%	C9%
-	-	0.00	0.01	0.45	0.91	0.00
0	0	0.00	0.00	0.85	0.49	0.00
0	4	0.00	0.01	0.25	0.90	0.00
1	1	0.00	0.01	0.37	0.30	0.00
1	5	0.00	0.02	0.27	1.18	0.00
2	2	0.00	0.00	0.33	1.49	0.00
2	6	0.00	0.00	1.15	0.84	0.00
3	3	0.00	0.00	0.23	0.89	0.00
3	7	0.00	0.00	0.18	1.19	0.00
Core	CPU	C1%	C3%	C6%	C8%	C9%
-	-	0.00	0.01	0.36	0.87	0.00
0	0	0.00	0.02	0.14	0.49	0.00
0	4	0.00	0.05	0.15	0.49	0.00
1	1	0.00	0.00	0.20	0.99	0.00
1	5	0.00	0.00	0.49	0.90	0.00
2	2	0.00	0.00	0.62	0.89	0.00
2	6	0.00	0.04	0.69	1.07	0.00
3	3	0.00	0.00	0.20	0.98	0.00
3	7	0.00	0.00	0.36	1.17	0.00
Core	CPU	C1%	C3%	C6%	C8%	C9%
-	-	0.04	0.01	0.59	1.26	0.00
0	0	0.29	0.00	0.57	1.90	0.00
0	4	0.00	0.00	0.28	0.59	0.00
1	1	0.00	0.02	0.95	0.40	0.00
1	5	0.00	0.01	0.32	0.59	0.00
2	2	0.00	0.01	0.61	1.50	0.00
2	6	0.00	0.01	0.98	2.32	0.00
3	3	0.00	0.00	0.46	1.39	0.00
3	7	0.00	0.00	0.58	1.40	0.00
Core	CPU	C1%	C3%	C6%	C8%	C9%
-	-	0.00	0.01	0.48	0.79	0.00
0	0	0.00	0.00	0.18	1.00	0.00
0	4	0.00	0.00	0.56	0.90	0.00
1	1	0.00	0.00	0.74	0.60	0.00
1	5	0.00	0.01	0.71	0.80	0.00
2	2	0.00	0.02	0.20	0.50	0.00
2	6	0.00	0.04	0.77	0.38	0.00
3	3	0.00	0.00	0.28	1.38	0.00
3	7	0.00	0.00	0.37	0.79	0.00
Core	CPU	C1%	C3%	C6%	C8%	C9%
-	-	0.00	0.08	0.44	0.69	0.01
0	0	0.00	0.00	0.00	0.49	0.00
0	4	0.00	0.59	0.24	0.04	0.08
1	1	0.00	0.00	0.44	0.99	0.00
1	5	0.00	0.00	1.16	0.70	0.00
2	2	0.00	0.01	0.29	0.79	0.00
2	6	0.00	0.00	0.71	0.81	0.00
3	3	0.00	0.00	0.37	0.78	0.00
3	7	0.00	0.00	0.32	0.89	0.00
Core	CPU	C1%	C3%	C6%	C8%	C9%
-	-	0.00	0.02	0.65	1.01	0.00
0	0	0.00	0.00	0.86	0.88	0.00
0	4	0.00	0.00	0.88	0.69	0.00
1	1	0.00	0.02	0.88	0.99	0.00
1	5	0.00	0.00	0.79	0.79	0.00
2	2	0.00	0.00	0.44	0.89	0.00
2	6	0.00	0.00	0.63	1.63	0.00
3	3	0.00	0.10	0.22	1.08	0.00
3	7	0.00	0.01	0.48	1.09	0.00
Core	CPU	C1%	C3%	C6%	C8%	C9%
-	-	0.00	0.01	0.45	1.02	0.00
0	0	0.00	0.00	0.83	1.30	0.00
0	4	0.00	0.02	0.20	0.40	0.00
1	1	0.00	0.00	0.36	1.20	0.00
1	5	0.00	0.00	0.44	0.89	0.00
2	2	0.00	0.00	0.19	0.99	0.00
2	6	0.00	0.05	0.50	1.46	0.00
3	3	0.00	0.00	0.27	1.39	0.00
3	7	0.00	0.00	0.79	0.50	0.00
Core	CPU	C1%	C3%	C6%	C8%	C9%
-	-	0.01	0.00	0.39	0.92	0.00
0	0	0.10	0.00	0.46	0.50	0.00
0	4	0.00	0.00	0.27	0.99	0.00
1	1	0.00	0.00	0.25	1.09	0.00
1	5	0.00	0.00	0.23	0.99	0.00
2	2	0.00	0.00	0.10	1.00	0.00
2	6	0.00	0.00	1.09	0.91	0.00
3	3	0.00	0.00	0.46	0.79	0.00
3	7	0.00	0.00	0.23	1.08	0.00
Core	CPU	C1%	C3%	C6%	C8%	C9%
-	-	0.00	0.01	0.53	1.12	0.00
0	0	0.00	0.00	0.46	1.78	0.00
0	4	0.00	0.00	0.60	1.29	0.00
1	1	0.00	0.00	0.88	0.70	0.00
1	5	0.00	0.01	0.71	0.60	0.00
2	2	0.00	0.00	0.47	1.10	0.00
2	6	0.00	0.04	0.64	1.04	0.00
3	3	0.00	0.00	0.40	1.50	0.00
3	7	0.00	0.00	0.10	0.99	0.00
Core	CPU	C1%	C3%	C6%	C8%	C9%
-	-	0.00	0.01	0.50	1.12	0.00
0	0	0.00	0.00	0.62	1.29	0.00
0	4	0.00	0.01	0.50	0.00	0.00
1	1	0.00	0.00	0.39	0.99	0.00
1	5	0.00	0.00	0.36	0.89	0.00
2	2	0.00	0.00	0.14	0.99	0.00
2	6	0.00	0.04	0.88	1.56	0.00
3	3	0.00	0.00	0.20	0.89	0.00
3	7	0.00	0.00	0.90	2.39	0.00
Core	CPU	C1%	C3%	C6%	C8%	C9%
-	-	0.00	0.08	0.59	0.85	0.34
0	0	0.00	0.01	1.29	0.79	0.00
0	4	0.00	0.59	0.19	0.06	2.75
1	1	0.00	0.00	0.44	0.89	0.00
1	5	0.00	0.00	0.90	0.79	0.00
2	2	0.00	0.00	0.10	0.99	0.00
2	6	0.00	0.00	0.69	1.58	0.00
3	3	0.00	0.00	0.44	0.98	0.00
3	7	0.00	0.00	0.70	0.69	0.00
Core	CPU	C1%	C3%	C6%	C8%	C9%
-	-	0.00	0.02	0.59	0.75	0.00
0	0	0.00	0.00	0.45	0.90	0.00
0	4	0.00	0.00	0.64	0.79	0.00
1	1	0.00	0.10	0.31	1.10	0.00
1	5	0.00	0.00	0.20	0.90	0.00
2	2	0.00	0.00	0.28	0.89	0.00
2	6	0.00	0.01	1.07	0.52	0.00
3	3	0.00	0.00	0.91	0.50	0.00
3	7	0.00	0.01	0.89	0.40	0.00
Core	CPU	C1%	C3%	C6%	C8%	C9%
-	-	0.00	0.00	0.37	0.72	0.00
0	0	0.00	0.00	0.20	0.39	0.00
0	4	0.00	0.00	0.30	0.60	0.00
1	1	0.00	0.00	0.08	0.60	0.00
1	5	0.00	0.00	0.46	0.80	0.00
2	2	0.00	0.00	0.35	0.80	0.00
2	6	0.00	0.01	0.62	0.97	0.00
3	3	0.00	0.01	0.67	0.80	0.00
3	7	0.00	0.00	0.27	0.80	0.00
Core	CPU	C1%	C3%	C6%	C8%	C9%
-	-	0.00	0.01	0.41	0.85	0.00
0	0	0.00	0.01	0.78	0.69	0.00
0	4	0.00	0.00	0.28	0.90	0.00
1	1	0.00	0.00	0.35	0.80	0.00
1	5	0.00	0.00	0.23	1.20	0.00
2	2	0.00	0.01	0.29	0.90	0.00
2	6	0.00	0.01	0.78	0.71	0.00
3	3	0.00	0.00	0.36	0.80	0.00
3	7	0.00	0.00	0.23	0.79	0.00
Core	CPU	C1%	C3%	C6%	C8%	C9%
-	-	0.00	0.01	0.62	0.86	0.00
0	0	0.00	0.00	0.73	1.98	0.00
0	4	0.00	0.00	0.35	0.98	0.00
1	1	0.00	0.00	0.81	0.59	0.00
1	5	0.00	0.01	0.71	0.00	0.00
2	2	0.00	0.00	0.28	0.89	0.00
2	6	0.00	0.04	1.48	0.63	0.00
3	3	0.00	0.00	0.32	1.00	0.00
3	7	0.00	0.00	0.29	0.80	0.00
Core	CPU	C1%	C3%	C6%	C8%	C9%
-	-	0.00	0.01	0.41	0.60	0.00
0	0	0.00	0.00	0.04	0.49	0.00
0	4	0.00	0.02	0.04	0.59	0.00
1	1	0.00	0.00	0.70	0.18	0.00
1	5	0.00	0.01	0.90	0.10	0.00
2	2	0.00	0.00	0.34	0.89	0.00
2	6	0.00	0.04	0.80	0.74	0.00
3	3	0.00	0.00	0.20	0.89	0.00
3	7	0.00	0.00	0.28	0.89	0.00
Core	CPU	C1%	C3%	C6%	C8%	C9%
-	-	0.00	0.05	0.53	4.19	0.00
0	0	0.00	0.02	0.28	0.40	0.00
0	4	0.00	0.20	0.22	0.43	0.00
1	1	0.00	0.00	0.50	0.90	0.00
1	5	0.00	0.00	0.44	0.90	0.00
2	2	0.00	0.00	0.14	0.99	0.00
2	6	0.00	0.03	1.10	0.47	0.00
3	3	0.00	0.00	0.19	0.99	0.00
3	7	0.01	0.15	1.41	28.44	0.00
Core	CPU	C1%	C3%	C6%	C8%	C9%
-	-	0.00	0.01	0.42	0.84	0.00
0	0	0.00	0.00	0.20	0.49	0.00
0	4	0.00	0.00	0.75	0.69	0.00
1	1	0.00	0.00	0.36	0.80	0.00
1	5	0.00	0.00	0.15	1.09	0.00
2	2	0.00	0.02	0.30	0.80	0.00
2	6	0.00	0.05	0.56	0.98	0.00
3	3	0.00	0.00	0.28	1.10	0.00
3	7	0.00	0.00	0.76	0.79	0.00
Core	CPU	C1%	C3%	C6%	C8%	C9%
-	-	0.00	0.01	0.39	0.95	0.00
0	0	0.00	0.00	0.32	1.10	0.00
0	4	0.00	0.00	0.28	0.89	0.00
1	1	0.00	0.00	0.36	0.79	0.00
1	5	0.00	0.00	0.30	1.20	0.00
2	2	0.00	0.00	0.15	0.99	0.00
2	6	0.00	0.02	1.08	0.79	0.00
3	3	0.00	0.00	0.36	0.89	0.00
3	7	0.00	0.03	0.29	0.99	0.00
Core	CPU	C1%	C3%	C6%	C8%	C9%
-	-	0.00	0.00	0.40	0.95	0.00
0	0	0.00	0.00	0.36	0.49	0.00
0	4	0.00	0.00	0.13	0.59	0.00
1	1	0.00	0.02	0.20	0.99	0.00
1	5	0.00	0.00	0.16	0.99	0.00
2	2	0.00	0.00	0.36	1.19	0.00
2	6	0.00	0.00	1.35	0.65	0.00
3	3	0.00	0.00	0.40	1.49	0.00
3	7	0.00	0.00	0.29	1.20	0.00
Core	CPU	C1%	C3%	C6%	C8%	C9%
-	-	0.00	0.01	0.36	0.99	0.00
0	0	0.00	0.00	0.04	0.59	0.00
0	4	0.00	0.02	0.41	0.61	0.00
1	1	0.00	0.00	0.56	1.80	0.00
1	5	0.00	0.00	0.45	0.79	0.00
2	2	0.00	0.00	0.24	0.89	0.00
2	6	0.00	0.02	0.61	1.38	0.00
3	3	0.00	0.00	0.20	1.09	0.00
3	7	0.00	0.00	0.36	0.79	0.00
Core	CPU	C1%	C3%	C6%	C8%	C9%
-	-	0.00	0.00	0.42	0.80	0.00
0	0	0.00	0.00	0.28	0.80	0.00
0	4	0.00	0.00	0.26	0.91	0.00
1	1	0.00	0.00	0.52	0.81	0.00
1	5	0.00	0.00	0.29	1.00	0.00
2	2	0.00	0.00	0.57	0.70	0.00
2	6	0.00	0.01	0.68	0.91	0.00
3	3	0.00	0.00	0.44	0.70	0.00
3	7	0.00	0.00	0.31	0.61	0.00
Core	CPU	C1%	C3%	C6%	C8%	C9%
-	-	0.00	0.21	0.44	1.04	0.00
0	0	0.00	0.00	0.73	2.19	0.00
0	4	0.00	1.68	0.14	0.00	0.00
1	1	0.00	0.00	0.71	0.69	0.00
1	5	0.00	0.03	0.17	0.79	0.00
2	2	0.00	0.00	0.28	0.89	0.00
2	6	0.00	0.00	0.90	2.12	0.00
3	3	0.00	0.00	0.33	0.89	0.00
3	7	0.00	0.00	0.29	0.78	0.00
Core	CPU	C1%	C3%	C6%	C8%	C9%
-	-	0.00	0.00	0.48	0.72	0.00
0	0	0.00	0.00	0.13	0.40	0.00
0	4	0.00	0.00	0.50	0.10	0.00
1	1	0.00	0.00	0.37	1.00	0.00
1	5	0.00	0.00	0.36	0.80	0.00
2	2	0.00	0.00	0.83	0.79	0.00
2	6	0.00	0.03	1.09	0.97	0.00
3	3	0.00	0.00	0.19	0.99	0.00
3	7	0.00	0.00	0.36	0.69	0.00
Core	CPU	C1%	C3%	C6%	C8%	C9%
-	-	0.00	0.01	0.35	0.92	0.00
0	0	0.00	0.00	0.14	0.89	0.00
0	4	0.00	0.00	0.46	0.99	0.00
1	1	0.00	0.00	0.15	0.99	0.00
1	5	0.00	0.00	0.26	1.09	0.00
2	2	0.00	0.00	0.20	0.90	0.00
2	6	0.00	0.03	1.07	0.91	0.00
3	3	0.00	0.00	0.36	0.69	0.00
3	7	0.00	0.03	0.19	0.89	0.00
Core	CPU	C1%	C3%	C6%	C8%	C9%
-	-	0.00	0.02	0.46	1.09	0.00
0	0	0.00	0.00	0.54	0.31	0.00
0	4	0.00	0.00	0.23	0.70	0.00
1	1	0.00	0.12	0.51	0.80	0.00
1	5	0.00	0.00	0.26	1.20	0.00
2	2	0.00	0.00	0.54	1.01	0.00
2	6	0.00	0.01	0.82	1.50	0.00
3	3	0.00	0.00	0.39	1.70	0.00
3	7	0.00	0.00	0.37	1.50	0.00
Core	CPU	C1%	C3%	C6%	C8%	C9%
-	-	0.00	0.00	0.41	1.00	0.00
0	0	0.00	0.00	0.95	1.51	0.00
0	4	0.00	0.00	0.36	1.20	0.00
1	1	0.00	0.02	0.19	0.31	0.00
1	5	0.00	0.00	0.26	0.51	0.00
2	2	0.00	0.00	0.28	1.00	0.00
2	6	0.00	0.01	0.59	1.39	0.00
3	3	0.00	0.00	0.44	1.19	0.00
3	7	0.00	0.00	0.22	0.90	0.00
Core	CPU	C1%	C3%	C6%	C8%	C9%
-	-	0.00	0.01	0.79	1.26	0.00
0	0	0.00	0.00	0.88	1.52	0.00
0	4	0.00	0.00	0.53	1.34	0.00
1	1	0.00	0.00	1.25	0.53	0.00
1	5	0.00	0.02	1.52	1.29	0.00
2	2	0.00	0.00	0.28	1.28	0.00
2	6	0.00	0.00	0.73	1.26	0.00
3	3	0.00	0.05	0.66	1.58	0.00
3	7	0.00	0.00	0.47	1.29	0.00
Core	CPU	C1%	C3%	C6%	C8%	C9%
-	-	0.00	0.09	0.31	0.81	0.01
0	0	0.00	0.02	0.10	0.40	0.00
0	4	0.00	0.61	0.28	0.44	0.11
1	1	0.00	0.01	0.37	0.93	0.00
1	5	0.00	0.00	0.31	0.98	0.00
2	2	0.00	0.02	0.20	0.89	0.00
2	6	0.00	0.00	0.29	0.81	0.00
3	3	0.00	0.02	0.58	1.08	0.00
3	7	0.00	0.03	0.40	0.95	0.00
Core	CPU	C1%	C3%	C6%	C8%	C9%
-	-	0.00	0.01	0.60	0.99	0.00
0	0	0.00	0.00	0.47	0.98	0.00
0	4	0.00	0.00	1.09	1.87	0.00
1	1	0.00	0.03	0.68	0.49	0.00
1	5	0.00	0.00	0.24	1.09	0.00
2	2	0.00	0.00	0.28	0.89	0.00
2	6	0.00	0.00	0.26	0.92	0.00
3	3	0.00	0.03	1.38	0.79	0.00
3	7	0.00	0.00	0.39	0.89	0.00
Core	CPU	C1%	C3%	C6%	C8%	C9%
-	-	0.00	0.00	0.45	1.11	0.01
0	0	0.00	0.00	0.39	0.81	0.00
0	4	0.00	0.00	0.19	0.40	0.06
1	1	0.00	0.00	0.39	0.60	0.00
1	5	0.00	0.00	0.44	1.29	0.00
2	2	0.00	0.00	0.35	0.79	0.00
2	6	0.00	0.00	0.66	1.68	0.00
3	3	0.00	0.00	0.84	2.34	0.00
3	7	0.00	0.00	0.36	0.99	0.00
Core	CPU	C1%	C3%	C6%	C8%	C9%
-	-	0.00	0.01	0.37	0.91	0.00
0	0	0.00	0.00	0.09	0.40	0.00
0	4	0.00	0.03	0.18	1.38	0.00
1	1	0.00	0.00	0.45	0.74	0.00
1	5	0.00	0.00	0.13	1.09	0.00
2	2	0.00	0.01	0.67	0.90	0.00
2	6	0.00	0.00	0.38	0.70	0.00
3	3	0.00	0.06	0.80	0.79	0.00
3	7	0.00	0.00	0.23	1.24	0.00
Core	CPU	C1%	C3%	C6%	C8%	C9%
-	-	0.00	0.01	0.81	0.98	0.00
0	0	0.00	0.00	0.66	1.19	0.00
0	4	0.00	0.00	0.84	1.19	0.00
1	1	0.00	0.00	0.91	0.49	0.00
1	5	0.00	0.02	0.87	0.79	0.00
2	2	0.00	0.00	0.29	0.99	0.00
2	6	0.00	0.00	0.42	1.30	0.00
3	3	0.00	0.02	1.53	0.90	0.00
3	7	0.00	0.01	0.95	0.99	0.00
Core	CPU	C1%	C3%	C6%	C8%	C9%
-	-	0.00	0.01	0.66	1.17	0.00
0	0	0.00	0.00	0.63	0.80	0.00
0	4	0.00	0.00	0.72	0.90	0.00
1	1	0.00	0.01	0.36	0.21	0.00
1	5	0.00	0.02	1.68	1.41	0.01
2	2	0.00	0.00	0.45	1.10	0.00
2	6	0.00	0.00	0.42	2.40	0.00
3	3	0.00	0.02	0.70	1.31	0.00
3	7	0.00	0.00	0.28	1.20	0.00
Core	CPU	C1%	C3%	C6%	C8%	C9%
-	-	0.00	0.01	0.42	0.93	0.00
0	0	0.00	0.00	0.48	1.31	0.00
0	4	0.00	0.02	0.19	0.31	0.00
1	1	0.00	0.00	0.18	0.81	0.00
1	5	0.00	0.00	0.48	1.30	0.00
2	2	0.00	0.00	0.44	0.71	0.00
2	6	0.00	0.00	0.60	1.11	0.00
3	3	0.00	0.03	0.59	1.00	0.00
3	7	0.00	0.00	0.37	0.91	0.00
Core	CPU	C1%	C3%	C6%	C8%	C9%
-	-	0.00	0.00	0.46	0.81	0.00
0	0	0.00	0.00	0.12	0.79	0.00
0	4	0.00	0.00	0.14	0.50	0.00
1	1	0.00	0.00	0.28	0.89	0.00
1	5	0.00	0.00	0.35	0.98	0.00
2	2	0.00	0.00	0.63	0.59	0.00
2	6	0.00	0.00	0.59	0.87	0.00
3	3	0.00	0.03	1.16	0.89	0.00
3	7	0.00	0.00	0.39	0.93	0.00
Core	CPU	C1%	C3%	C6%	C8%	C9%
-	-	0.00	0.08	0.46	0.83	0.00
0	0	0.00	0.00	0.09	0.40	0.00
0	4	0.00	0.59	0.18	0.07	0.00
1	1	0.00	0.00	0.25	0.89	0.00
1	5	0.00	0.00	0.21	1.09	0.00
2	2	0.00	0.00	0.10	0.99	0.00
2	6	0.00	0.00	0.47	1.41	0.00
3	3	0.00	0.04	1.43	0.43	0.00
3	7	0.00	0.02	0.98	1.36	0.00
Core	CPU	C1%	C3%	C6%	C8%	C9%
-	-	0.00	0.00	0.44	1.01	0.00
0	0	0.00	0.00	0.45	0.98	0.00
0	4	0.00	0.00	0.33	0.89	0.00
1	1	0.00	0.02	0.28	0.30	0.00
1	5	0.00	0.00	0.10	0.40	0.00
2	2	0.00	0.00	0.55	1.31	0.00
2	6	0.00	0.00	0.43	1.62	0.00
3	3	0.00	0.02	0.90	1.01	0.00
3	7	0.00	0.00	0.48	1.58	0.00
Core	CPU	C1%	C3%	C6%	C8%	C9%
-	-	0.00	0.01	0.42	1.01	0.00
0	0	0.00	0.01	0.54	0.50	0.00
0	4	0.00	0.02	0.23	0.40	0.00
1	1	0.00	0.00	0.13	0.89	0.00
1	5	0.00	0.00	0.36	0.89	0.00
2	2	0.00	0.00	0.35	0.79	0.00
2	6	0.00	0.00	0.43	1.12	0.00
3	3	0.00	0.01	0.71	0.99	0.00
3	7	0.01	0.01	0.62	2.52	0.00
Core	CPU	C1%	C3%	C6%	C8%	C9%
-	-	0.00	0.02	0.56	3.80	0.00
0	0	0.00	0.00	0.73	0.00	0.00
0	4	0.00	0.02	0.78	0.31	0.00
1	1	0.00	0.00	0.29	1.09	0.00
1	5	0.00	0.00	0.27	0.80	0.00
2	2	0.00	0.00	0.25	0.99	0.00
2	6	0.00	0.00	0.23	1.05	0.00
3	3	0.00	0.04	0.44	0.92	0.00
3	7	0.01	0.14	1.53	25.26	0.00
Core	CPU	C1%	C3%	C6%	C8%	C9%
-	-	0.00	0.01	0.58	0.74	0.00
0	0	0.00	0.02	0.60	0.58	0.00
0	4	0.00	0.00	0.40	0.59	0.00
1	1	0.00	0.00	0.55	0.99	0.00
1	5	0.00	0.00	0.60	0.70	0.00
2	2	0.00	0.00	0.22	0.90	0.00
2	6	0.00	0.00	0.19	0.99	0.00
3	3	0.00	0.03	1.27	0.40	0.00
3	7	0.00	0.00	0.84	0.79	0.00
Core	CPU	C1%	C3%	C6%	C8%	C9%
-	-	0.00	0.01	0.39	0.85	0.00
0	0	0.00	0.00	0.27	1.10	0.00
0	4	0.00	0.00	0.35	0.90	0.00
1	1	0.00	0.04	0.37	0.90	0.00
1	5	0.00	0.00	0.30	1.10	0.00
2	2	0.00	0.00	0.29	0.80	0.00
2	6	0.00	0.00	0.36	0.72	0.00
3	3	0.00	0.00	0.76	0.81	0.00
3	7	0.00	0.00	0.41	0.51	0.00
Core	CPU	C1%	C3%	C6%	C8%	C9%
-	-	0.00	0.13	0.38	0.88	0.23
0	0	0.00	0.00	0.53	2.18	0.00
0	4	0.00	0.99	0.16	0.08	1.80
1	1	0.00	0.00	0.12	0.40	0.00
1	5	0.00	0.00	0.08	0.60	0.00
2	2	0.00	0.00	0.28	0.89	0.00
2	6	0.00	0.00	0.55	1.03	0.00
3	3	0.00	0.02	1.12	0.90	0.00
3	7	0.00	0.00	0.20	0.99	0.00
Core	CPU	C1%	C3%	C6%	C8%	C9%
-	-	0.00	0.00	0.54	0.94	0.00
0	0	0.00	0.00	0.33	0.98	0.00
0	4	0.00	0.02	0.29	0.79	0.00
1	1	0.00	0.00	0.67	1.19	0.00
1	5	0.00	0.00	0.76	1.19	0.00
2	2	0.00	0.00	0.35	0.89	0.00
2	6	0.00	0.00	0.32	0.96	0.00
3	3	0.00	0.02	1.29	0.50	0.00
3	7	0.00	0.00	0.28	0.99	0.00
Core	CPU	C1%	C3%	C6%	C8%	C9%
-	-	0.00	0.00	0.53	0.87	0.00
0	0	0.00	0.02	0.43	0.30	0.00
0	4	0.00	0.00	0.16	0.89	0.00
1	1	0.00	0.00	0.37	0.82	0.00
1	5	0.00	0.00	0.53	1.68	0.00
2	2	0.00	0.00	0.72	0.89	0.00
2	6	0.00	0.00	0.38	0.80	0.00
3	3	0.00	0.00	1.29	0.89	0.00
3	7	0.00	0.00	0.35	0.69	0.00
Core	CPU	C1%	C3%	C6%	C8%	C9%
-	-	0.00	0.01	0.37	0.99	0.00
0	0	0.00	0.00	0.36	0.91	0.00
0	4	0.00	0.00	0.35	0.80	0.00
1	1	0.00	0.04	0.27	1.30	0.00
1	5	0.00	0.02	0.37	1.01	0.00
2	2	0.00	0.00	0.28	0.80	0.00
2	6	0.00	0.00	0.36	0.72	0.00
3	3	0.00	0.01	0.64	0.90	0.00
3	7	0.00	0.03	0.37	1.50	0.00
Core	CPU	C1%	C3%	C6%	C8%	C9%
-	-	0.00	0.00	0.54	1.27	0.00
0	0	0.00	0.00	0.58	2.56	0.00
0	4	0.00	0.00	0.27	1.38	0.00
1	1	0.00	0.02	0.38	0.79	0.00
1	5	0.00	0.00	0.96	1.08	0.00
2	2	0.00	0.00	0.27	0.89	0.00
2	6	0.00	0.00	0.54	1.03	0.00
3	3	0.00	0.02	1.15	1.37	0.00
3	7	0.00	0.00	0.20	1.08	0.00
Core	CPU	C1%	C3%	C6%	C8%	C9%
-	-	0.00	0.00	0.59	0.69	0.00
0	0	0.00	0.00	0.62	0.09	0.00
0	4	0.00	0.01	0.50	0.00	0.00
1	1	0.00	0.00	0.68	0.99	0.00
1	5	0.00	0.00	0.37	0.79	0.00
2	2	0.00	0.00	0.84	0.79	0.00
2	6	0.00	0.00	0.22	0.96	0.00
3	3	0.00	0.00	1.21	0.90	0.00
3	7	0.00	0.00	0.28	0.98	0.00
Core	CPU	C1%	C3%	C6%	C8%	C9%
-	-	0.09	0.10	0.40	0.67	0.35
0	0	0.00	0.01	0.39	0.10	0.00
0	4	0.00	0.64	0.24	0.00	2.76
1	1	0.00	0.00	0.36	0.89	0.00
1	5	0.00	0.00	0.91	0.79	0.00
2	2	0.00	0.12	0.20	0.79	0.00
2	6	0.00	0.00	0.19	0.98	0.00
3	3	0.00	0.04	0.56	0.97	0.00
3	7	0.68	0.00	0.34	0.88	0.00
Core	CPU	C1%	C3%	C6%	C8%	C9%
-	-	0.00	0.00	0.50	0.96	0.00
0	0	0.00	0.00	0.28	1.09	0.00
0	4	0.00	0.00	0.66	0.89	0.00
1	1	0.00	0.00	0.32	1.29	0.00
1	5	0.00	0.00	0.13	0.99	0.00
2	2	0.00	0.00	0.58	1.10	0.00
2	6	0.00	0.00	0.38	0.82	0.00
3	3	0.00	0.02	0.95	0.50	0.00
3	7	0.00	0.01	0.72	1.00	0.00
Core	CPU	C1%	C3%	C6%	C8%	C9%
-	-	0.01	0.00	0.59	0.97	0.00
0	0	0.00	0.00	0.76	0.71	0.00
0	4	0.00	0.00	0.35	0.70	0.00
1	1	0.00	0.00	0.59	0.80	0.00
1	5	0.00	0.00	0.27	0.89	0.00
2	2	0.00	0.00	0.46	1.10	0.00
2	6	0.00	0.00	0.34	1.32	0.00
3	3	0.05	0.02	0.99	0.99	0.00
3	7	0.00	0.00	0.96	1.29	0.00
Core	CPU	C1%	C3%	C6%	C8%	C9%
-	-	0.00	0.00	0.36	0.76	0.00
0	0	0.00	0.00	0.13	0.59	0.00
0	4	0.00	0.00	0.13	0.39	0.00
1	1	0.00	0.00	0.10	0.79	0.00
1	5	0.00	0.00	0.35	0.98	0.00
2	2	0.00	0.00	0.35	0.79	0.00
2	6	0.00	0.00	0.43	0.76	0.00
3	3	0.00	0.00	0.91	0.91	0.00
3	7	0.00	0.00	0.46	0.88	0.00
Core	CPU	C1%	C3%	C6%	C8%	C9%
-	-	0.00	0.01	0.34	0.78	0.00
0	0	0.00	0.01	0.30	0.30	0.00
0	4	0.00	0.00	0.28	0.90	0.00
1	1	0.00	0.00	0.36	0.99	0.00
1	5	0.00	0.00	0.43	0.60	0.00
2	2	0.00	0.02	0.19	0.90	0.00
2	6	0.00	0.03	0.38	0.72	0.00
3	3	0.00	0.02	0.67	0.80	0.00
3	7	0.00	0.00	0.14	0.99	0.00
Core	CPU	C1%	C3%	C6%	C8%	C9%
-	-	0.00	0.02	0.42	0.87	0.00
0	0	0.00	0.00	0.76	1.19	0.00
0	4	0.00	0.00	0.35	0.99	0.00
1	1	0.00	0.10	0.03	0.40	0.00
1	5	0.00	0.00	0.00	0.60	0.00
2	2	0.00	0.00	0.28	0.89	0.00
2	6	0.00	0.00	0.46	0.73	0.00
3	3	0.00	0.05	1.15	0.71	0.00
3	7	0.00	0.00	0.32	1.47	0.00
Core	CPU	C1%	C3%	C6%	C8%	C9%
-	-	0.00	0.03	0.48	0.75	0.38
0	0	0.00	0.00	0.50	0.89	0.00
0	4	0.00	0.20	0.33	0.00	3.01
1	1	0.00	0.00	0.18	0.50	0.00
1	5	0.00	0.00	0.36	0.89	0.00
2	2	0.00	0.00	0.35	0.79	0.00
2	6	0.00	0.00	0.77	1.14	0.00
3	3	0.00	0.00	1.10	0.90	0.00
3	7	0.00	0.00	0.27	0.88	0.00
Core	CPU	C1%	C3%	C6%	C8%	C9%
-	-	0.00	0.01	0.41	0.78	0.00
0	0	0.00	0.01	0.28	0.40	0.00
0	4	0.00	0.00	0.78	0.40	0.00
1	1	0.00	0.00	0.54	0.89	0.00
1	5	0.00	0.00	0.19	0.99	0.00
2	2	0.00	0.02	0.19	0.90	0.00
2	6	0.00	0.00	0.29	0.89	0.00
3	3	0.00	0.01	0.59	0.99	0.00
3	7	0.00	0.00	0.46	0.79	0.00
Core	CPU	C1%	C3%	C6%	C8%	C9%
-	-	0.00	0.00	0.45	1.14	0.00
0	0	0.00	0.00	0.37	1.01	0.00
0	4	0.00	0.00	0.30	0.90	0.00
1	1	0.00	0.00	0.42	0.90	0.00
1	5	0.00	0.00	0.58	2.18	0.00
2	2	0.00	0.00	0.18	0.91	0.00
2	6	0.00	0.00	0.37	0.72	0.00
3	3	0.00	0.00	1.00	1.21	0.00
3	7	0.00	0.00	0.38	1.30	0.00
Core	CPU	C1%	C3%	C6%	C8%	C9%
-	-	0.00	0.02	0.40	1.06	0.00
0	0	0.00	0.00	0.44	0.70	0.00
0	4	0.00	0.00	0.41	1.01	0.00
1	1	0.00	0.12	0.23	1.19	0.00
1	5	0.00	0.00	0.29	0.31	0.00
2	2	0.00	0.00	0.35	0.81	0.00
2	6	0.00	0.00	0.47	1.52	0.00
3	3	0.00	0.01	0.62	1.01	0.00
3	7	0.00	0.00	0.36	1.90	0.00
Core	CPU	C1%	C3%	C6%	C8%	C9%
-	-	0.00	0.01	0.45	0.93	0.00
0	0	0.00	0.02	0.72	0.50	0.00
0	4	0.00	0.02	0.18	0.41	0.00
1	1	0.00	0.00	0.35	1.29	0.00
1	5	0.00	0.00	0.62	1.21	0.00
2	2	0.00	0.00	0.32	0.81	0.00
2	6	0.00	0.01	0.37	1.55	0.00
3	3	0.00	0.06	0.64	0.90	0.00
3	7	0.00	0.00	0.35	0.81	0.00
Core	CPU	C1%	C3%	C6%	C8%	C9%
-	-	0.00	0.00	0.44	0.80	0.00
0	0	0.00	0.00	0.68	0.49	0.00
0	4	0.00	0.00	0.28	0.89	0.00
1	1	0.00	0.00	0.44	0.99	0.00
1	5	0.00	0.00	0.34	0.89	0.00
2	2	0.00	0.01	0.20	0.89	0.00
2	6	0.00	0.00	0.29	0.87	0.00
3	3	0.00	0.03	0.96	0.60	0.00
3	7	0.00	0.00	0.34	0.79	0.00
Core	CPU	C1%	C3%	C6%	C8%	C9%
-	-	0.00	0.15	0.38	4.41	0.31
0	0	0.00	0.00	0.19	0.99	0.00
0	4	0.00	0.90	0.07	0.16	2.46
1	1	0.00	0.05	0.71	1.09	0.00
1	5	0.00	0.00	0.21	1.09	0.00
2	2	0.00	0.00	0.10	0.99	0.00
2	6	0.00	0.00	0.28	0.79	0.00
3	3	0.00	0.02	0.66	1.00	0.00
3	7	0.01	0.27	0.81	29.19	0.00
Core	CPU	C1%	C3%	C6%	C8%	C9%
-	-	0.00	0.01	0.47	0.93	0.00
0	0	0.00	0.00	0.46	1.60	0.00
0	4	0.00	0.00	0.84	0.70	0.00
1	1	0.00	0.04	0.20	1.09	0.00
1	5	0.00	0.00	0.31	1.10	0.00
2	2	0.00	0.00	0.10	0.79	0.00
2	6	0.00	0.00	0.19	0.99	0.00
3	3	0.00	0.05	0.73	0.79	0.00
3	7	0.00	0.00	0.93	0.40	0.00
Core	CPU	C1%	C3%	C6%	C8%	C9%
-	-	0.00	0.00	0.50	0.98	0.00
0	0	0.00	0.00	0.54	2.18	0.00
0	4	0.00	0.00	0.41	0.89	0.00
1	1	0.00	0.00	0.82	0.79	0.00
1	5	0.00	0.01	0.67	0.49	0.00
2	2	0.00	0.00	0.28	0.89	0.00
2	6	0.00	0.00	0.36	0.69	0.00
3	3	0.00	0.01	0.63	1.10	0.00
3	7	0.00	0.00	0.29	0.80	0.00
Core	CPU	C1%	C3%	C6%	C8%	C9%
-	-	0.00	0.01	0.60	1.25	0.00
0	0	0.00	0.00	0.52	1.29	0.00
0	4	0.00	0.02	0.67	0.90	0.00
1	1	0.00	0.00	0.38	1.29	0.00
1	5	0.00	0.00	0.63	1.58	0.00
2	2	0.00	0.00	0.34	1.19	0.00
2	6	0.00	0.00	0.41	1.51	0.00
3	3	0.00	0.07	1.42	0.99	0.00
3	7	0.00	0.00	0.46	1.19	0.00
Core	CPU	C1%	C3%	C6%	C8%	C9%
-	-	0.00	0.00	0.41	0.78	0.00
0	0	0.00	0.00	0.13	0.40	0.00
0	4	0.00	0.00	0.48	0.50	0.00
1	1	0.00	0.00	0.28	0.69	0.00
1	5	0.00	0.01	0.56	0.93	0.00
2	2	0.00	0.00	0.23	1.09	0.00
2	6	0.00	0.00	0.20	1.00	0.00
3	3	0.00	0.02	1.16	0.81	0.00
3	7	0.00	0.00	0.25	0.79	0.00
Core	CPU	C1%	C3%	C6%	C8%	C9%
-	-	0.00	0.00	0.73	0.96	0.00
0	0	0.00	0.00	0.46	1.09	0.00
0	4	0.00	0.00	0.77	1.08	0.00
1	1	0.00	0.00	0.83	0.79	0.00
1	5	0.00	0.01	0.79	0.79	0.00
2	2	0.00	0.00	0.29	1.09	0.00
2	6	0.00	0.00	0.37	0.89	0.00
3	3	0.00	0.02	1.31	1.18	0.00
3	7	0.00	0.01	0.99	0.79	0.00
Core	CPU	C1%	C3%	C6%	C8%	C9%
-	-	0.02	0.16	0.99	2.38	0.00
0	0	0.00	0.00	1.16	5.25	0.00
0	4	0.00	1.28	0.77	0.85	0.00
1	1	0.18	0.00	1.43	2.10	0.00
1	5	0.00	0.00	1.36	2.81	0.00
2	2	0.00	0.00	0.45	1.39	0.00
2	6	0.00	0.00	1.04	3.32	0.00
3	3	0.00	0.02	0.75	1.89	0.00
3	7	0.00	0.01	0.95	1.39	0.00
Core	CPU	C1%	C3%	C6%	C8%	C9%
-	-	0.00	0.00	0.47	0.95	0.00
0	0	0.00	0.01	0.19	1.09	0.00
0	4	0.00	0.00	0.20	0.99	0.00
1	1	0.00	0.00	0.28	0.98	0.00
1	5	0.00	0.00	0.39	0.80	0.00
2	2	0.00	0.00	1.17	0.91	0.00
2	6	0.00	0.00	0.59	0.90	0.00
3	3	0.00	0.01	0.40	1.08	0.00
3	7	0.00	0.00	0.55	0.90	0.00
Core	CPU	C1%	C3%	C6%	C8%	C9%
-	-	0.00	0.00	0.43	1.05	0.00
0	0	0.00	0.00	0.10	1.18	0.00
0	4	0.00	0.00	0.28	0.99	0.00
1	1	0.00	0.00	0.59	0.59	0.00
1	5	0.00	0.00	0.22	1.28	0.00
2	2	0.00	0.01	0.69	0.89	0.00
2	6	0.00	0.00	0.20	1.08	0.00
3	3	0.00	0.02	1.06	0.89	0.00
3	7	0.00	0.00	0.35	1.48	0.00
Core	CPU	C1%	C3%	C6%	C8%	C9%
-	-	0.00	0.00	0.55	0.68	0.00
0	0	0.00	0.00	0.56	0.40	0.00
0	4	0.00	0.00	0.74	0.99	0.00
1	1	0.00	0.00	0.32	0.30	0.00
1	5	0.00	0.00	0.18	0.70	0.00
2	2	0.00	0.00	0.68	0.79	0.00
2	6	0.00	0.00	0.36	0.79	0.00
3	3	0.00	0.03	1.31	0.50	0.00
3	7	0.00	0.00	0.29	0.99	0.00
Core	CPU	C1%	C3%	C6%	C8%	C9%
-	-	0.00	0.01	0.49	0.82	0.00
0	0	0.00	0.01	0.64	0.98	0.00
0	4	0.00	0.00	0.32	0.59	0.00
1	1	0.00	0.00	0.57	0.11	0.00
1	5	0.00	0.00	0.44	1.00	0.00
2	2	0.00	0.00	0.54	0.90	0.00
2	6	0.00	0.00	0.23	1.10	0.00
3	3	0.00	0.06	0.84	1.00	0.00
3	7	0.00	0.00	0.36	0.90	0.00
Core	CPU	C1%	C3%	C6%	C8%	C9%
-	-	0.00	0.01	0.56	0.67	0.00
0	0	0.00	0.02	0.50	0.00	0.00
0	4	0.00	0.00	0.10	0.79	0.00
1	1	0.00	0.00	0.28	0.89	0.00
1	5	0.00	0.00	0.36	0.99	0.00
2	2	0.00	0.00	0.92	0.79	0.00
2	6	0.00	0.02	0.79	0.79	0.00
3	3	0.00	0.02	1.19	0.40	0.00
3	7	0.00	0.00	0.37	0.69	0.00
Core	CPU	C1%	C3%	C6%	C8%	C9%
-	-	0.00	0.21	0.74	1.27	0.00
0	0	0.00	0.00	0.20	1.38	0.00
0	4	0.00	1.68	0.19	0.06	0.00
1	1	0.00	0.00	1.14	1.28	0.00
1	5	0.00	0.00	1.00	1.58	0.00
2	2	0.00	0.00	0.20	1.58	0.00
2	6	0.00	0.00	0.38	1.68	0.00
3	3	0.00	0.01	1.75	0.98	0.00
3	7	0.00	0.01	1.08	1.58	0.00
Core	CPU	C1%	C3%	C6%	C8%	C9%
-	-	0.00	0.00	0.61	0.88	0.00
0	0	0.00	0.00	0.46	0.69	0.00
0	4	0.00	0.00	0.35	0.59	0.00
1	1	0.00	0.00	0.71	0.60	0.00
1	5	0.00	0.00	0.20	0.99	0.00
2	2	0.00	0.00	0.28	1.29	0.00
2	6	0.00	0.00	0.45	1.19	0.00
3	3	0.00	0.00	1.45	0.89	0.00
3	7	0.00	0.01	0.99	0.79	0.00
Core	CPU	C1%	C3%	C6%	C8%	C9%
-	-	0.00	0.01	0.52	1.18	0.00
0	0	0.00	0.00	0.81	1.98	0.00
0	4	0.00	0.00	0.37	0.89	0.00
1	1	0.00	0.01	0.57	0.40	0.00
1	5	0.00	0.00	0.36	1.02	0.00
2	2	0.00	0.00	0.63	1.49	0.00
2	6	0.00	0.00	0.42	1.79	0.00
3	3	0.00	0.06	0.66	0.91	0.00
3	7	0.00	0.00	0.33	0.99	0.00
Core	CPU	C1%	C3%	C6%	C8%	C9%
-	-	0.00	0.02	0.33	0.98	0.00
0	0	0.00	0.02	0.20	0.50	0.00
0	4	0.00	0.00	0.19	1.09	0.00
1	1	0.00	0.00	0.55	0.90	0.00
1	5	0.00	0.00	0.34	0.95	0.00
2	2	0.00	0.11	0.12	1.09	0.00
2	6	0.00	0.00	0.18	1.20	0.00
3	3	0.00	0.01	0.59	0.99	0.00
3	7	0.00	0.00	0.47	1.13	0.00
Core	CPU	C1%	C3%	C6%	C8%	C9%
-	-	0.00	0.01	0.71	0.89	0.00
0	0	0.00	0.00	0.67	1.09	0.00
0	4	0.00	0.00	0.71	1.09	0.00
1	1	0.00	0.00	0.35	0.58	0.00
1	5	0.00	0.04	0.73	1.97	0.00
2	2	0.00	0.00	0.68	1.09	0.00
2	6	0.00	0.00	0.37	0.49	0.00
3	3	0.00	0.05	1.20	0.00	0.00
3	7	0.00	0.01	0.99	0.79	0.00
Core	CPU	C1%	C3%	C6%	C8%	C9%
-	-	0.00	0.01	0.46	0.81	0.00
0	0	0.00	0.00	0.36	0.99	0.00
0	4	0.00	0.00	0.18	1.09	0.00
1	1	0.00	0.02	0.70	0.40	0.00
1	5	0.00	0.00	0.49	0.39	0.00
2	2	0.00	0.00	0.28	0.99	0.00
2	6	0.00	0.00	0.37	0.79	0.00
3	3	0.00	0.02	1.14	0.68	0.00
3	7	0.00	0.03	0.19	1.18	0.00
Core	CPU	C1%	C3%	C6%	C8%	C9%
-	-	0.00	0.21	0.60	0.92	0.00
0	0	0.00	0.00	0.98	2.09	0.00
0	4	0.00	1.66	0.04	0.10	0.00
1	1	0.00	0.02	0.44	0.89	0.00
1	5	0.00	0.00	1.14	1.08	0.00
2	2	0.00	0.00	0.27	0.88	0.00
2	6	0.00	0.00	0.35	0.98	0.00
3	3	0.00	0.03	1.01	0.48	0.00
3	7	0.00	0.00	0.57	0.89	0.00
Core	CPU	C1%	C3%	C6%	C8%	C9%
-	-	0.00	0.00	0.44	0.72	0.00
0	0	0.00	0.02	0.20	0.30	0.00
0	4	0.00	0.00	0.19	0.69	0.00
1	1	0.00	0.00	0.37	0.99	0.00
1	5	0.00	0.00	0.65	0.59	0.00
2	2	0.00	0.00	0.22	0.89	0.00
2	6	0.00	0.00	0.29	0.90	0.00
3	3	0.00	0.00	1.09	0.40	0.00
3	7	0.00	0.00	0.54	0.99	0.00
Core	CPU	C1%	C3%	C6%	C8%	C9%
-	-	0.00	0.01	0.41	0.87	0.00
0	0	0.00	0.00	0.19	0.99	0.00
0	4	0.00	0.00	0.27	0.89	0.00
1	1	0.00	0.00	0.14	1.18	0.00
1	5	0.00	0.00	0.27	1.08	0.00
2	2	0.00	0.00	0.20	0.99	0.00
2	6	0.00	0.00	0.28	0.79	0.00
3	3	0.00	0.04	1.11	0.40	0.00
3	7	0.00	0.01	0.85	0.59	0.00
Core	CPU	C1%	C3%	C6%	C8%	C9%
-	-	0.00	0.00	0.44	0.72	0.00
0	0	0.00	0.00	0.83	0.39	0.00
0	4	0.00	0.00	0.53	0.29	0.00
1	1	0.00	0.00	0.18	0.70	0.00
1	5	0.00	0.00	0.28	0.89	0.00
2	2	0.00	0.00	0.36	0.79	0.00
2	6	0.00	0.00	0.14	1.09	0.00
3	3	0.00	0.01	0.71	0.81	0.00
3	7	0.00	0.00	0.48	0.79	0.00
Core	CPU	C1%	C3%	C6%	C8%	C9%
-	-	0.01	0.02	0.42	1.77	0.00
0	0	0.00	0.02	0.40	0.61	0.00
0	4	0.00	0.00	0.29	0.99	0.00
1	1	0.00	0.00	0.30	0.89	0.00
1	5	0.00	0.00	0.43	0.99	0.00
2	2	0.00	0.00	0.23	0.89	0.00
2	6	0.00	0.00	0.29	0.90	0.00
3	3	0.00	0.04	0.66	0.89	0.00
3	7	0.09	0.09	0.74	7.96	0.00
Core	CPU	C1%	C3%	C6%	C8%	C9%
-	-	0.00	0.02	0.37	3.39	0.00
0	0	0.00	0.01	0.20	0.30	0.00
0	4	0.00	0.00	0.28	0.91	0.00
1	1	0.00	0.00	0.19	1.30	0.00
1	5	0.00	0.00	0.19	1.10	0.00
2	2	0.00	0.00	0.27	1.30	0.00
2	6	0.00	0.00	0.27	1.10	0.00
3	3	0.00	0.01	0.57	1.10	0.00
3	7	0.01	0.10	1.00	20.02	0.00
Core	CPU	C1%	C3%	C6%	C8%	C9%
-	-	0.00	0.33	0.55	1.58	0.00
0	0	0.00	0.00	0.78	2.08	0.00
0	4	0.00	2.57	0.18	0.06	0.00
1	1	0.00	0.00	0.54	1.68	0.00
1	5	0.00	0.00	0.32	2.08	0.00
2	2	0.00	0.00	0.30	1.98	0.00
2	6	0.00	0.00	0.38	1.77	0.00
3	3	0.00	0.02	0.95	1.77	0.00
3	7	0.00	0.03	0.99	1.18	0.00
Core	CPU	C1%	C3%	C6%	C8%	C9%
-	-	0.02	0.00	0.70	0.88	0.00
0	0	0.00	0.00	0.85	1.09	0.00
0	4	0.00	0.00	0.74	0.39	0.00
1	1	0.00	0.00	0.52	0.79	0.00
1	5	0.00	0.00	0.27	0.99	0.00
2	2	0.00	0.00	0.28	1.18	0.00
2	6	0.00	0.00	0.66	1.08	0.00
3	3	0.10	0.00	1.34	0.69	0.00
3	7	0.10	0.01	0.89	0.79	0.00
Core	CPU	C1%	C3%	C6%	C8%	C9%
-	-	0.00	0.00	0.74	1.35	0.00
0	0	0.00	0.00	1.52	1.49	0.00
0	4	0.00	0.00	0.66	2.00	0.00
1	1	0.00	0.02	0.61	0.52	0.00
1	5	0.00	0.00	0.56	0.51	0.00
2	2	0.00	0.00	0.46	1.59	0.00
2	6	0.00	0.00	0.64	1.60	0.00
3	3	0.00	0.02	0.63	1.39	0.00
3	7	0.00	0.00	0.82	1.72	0.00
Core	CPU	C1%	C3%	C6%	C8%	C9%
-	-	0.00	0.00	0.54	0.62	0.00
0	0	0.00	0.00	0.37	0.60	0.00
0	4	0.00	0.00	0.46	0.50	0.00
1	1	0.00	0.00	0.73	0.70	0.00
1	5	0.00	0.00	0.34	0.80	0.00
2	2	0.00	0.00	0.83	0.79	0.00
2	6	0.00	0.00	0.18	0.70	0.00
3	3	0.00	0.02	0.92	0.19	0.00
3	7	0.00	0.00	0.49	0.69	0.00
Core	CPU	C1%	C3%	C6%	C8%	C9%
-	-	0.00	0.01	0.39	0.89	0.00
0	0	0.00	0.02	0.15	0.69	0.00
0	4	0.00	0.00	0.22	0.99	0.00
1	1	0.00	0.00	0.18	0.50	0.00
1	5	0.00	0.00	0.48	1.29	0.00
2	2	0.00	0.00	0.36	0.79	0.00
2	6	0.00	0.00	0.14	1.09	0.00
3	3	0.00	0.05	1.32	0.70	0.00
3	7	0.00	0.00	0.28	1.09	0.00
Core	CPU	C1%	C3%	C6%	C8%	C9%
-	-	0.00	0.00	0.32	0.86	0.00
0	0	0.00	0.02	0.39	0.70	0.00
0	4	0.00	0.00	0.10	0.79	0.00
1	1	0.00	0.00	0.37	0.89	0.00
1	5	0.00	0.00	0.23	0.61	0.00
2	2	0.00	0.00	0.22	1.10	0.00
2	6	0.00	0.00	0.19	1.00	0.00
3	3	0.00	0.01	0.60	0.89	0.00
3	7	0.00	0.00	0.44	0.90	0.00
Core	CPU	C1%	C3%	C6%	C8%	C9%
-	-	0.00	0.32	0.45	1.72	0.00
0	0	0.00	0.00	0.73	1.79	0.00
0	4	0.00	2.57	0.28	0.36	0.00
1	1	0.00	0.00	0.35	1.87	0.00
1	5	0.00	0.00	0.41	1.97	0.00
2	2	0.00	0.00	0.30	1.97	0.00
2	6	0.00	0.00	0.38	1.77	0.00
3	3	0.00	0.01	0.66	2.07	0.00
3	7	0.00	0.02	0.48	1.97	0.00
Core	CPU	C1%	C3%	C6%	C8%	C9%
-	-	0.00	0.00	0.50	0.78	0.00
0	0	0.00	0.00	0.83	0.20	0.00
0	4	0.00	0.00	0.63	0.59	0.00
1	1	0.00	0.00	0.56	0.70	0.00
1	5	0.00	0.00	0.43	1.20	0.00
2	2	0.00	0.00	0.45	0.90	0.00
2	6	0.00	0.00	0.14	0.99	0.00
3	3	0.00	0.03	0.69	0.89	0.00
3	7	0.00	0.00	0.28	0.80	0.00
Core	CPU	C1%	C3%	C6%	C8%	C9%
-	-	0.00	0.01	0.68	1.46	0.00
0	0	0.00	0.00	0.51	0.79	0.00
0	4	0.00	0.00	0.69	0.90	0.00
1	1	0.00	0.00	0.57	1.20	0.00
1	5	0.00	0.00	0.69	1.82	0.00
2	2	0.00	0.00	0.51	1.89	0.00
2	6	0.00	0.03	0.47	1.89	0.00
3	3	0.00	0.02	1.46	1.31	0.00
3	7	0.00	0.00	0.54	1.89	0.00
Core	CPU	C1%	C3%	C6%	C8%	C9%
-	-	0.00	0.01	0.39	0.81	0.00
0	0	0.00	0.00	0.09	0.41	0.00
0	4	0.00	0.00	0.65	0.90	0.00
1	1	0.00	0.00	0.44	0.91	0.00
1	5	0.00	0.00	0.23	0.95	0.00
2	2	0.00	0.01	0.18	0.91	0.00
2	6	0.00	0.00	0.56	0.91	0.00
3	3	0.00	0.02	0.56	1.01	0.00
3	7	0.00	0.01	0.42	0.51	0.00
Core	CPU	C1%	C3%	C6%	C8%	C9%
-	-	0.00	0.01	0.65	1.04	0.00
0	0	0.00	0.00	0.72	1.78	0.00
0	4	0.00	0.00	0.36	0.80	0.00
1	1	0.00	0.01	0.80	0.79	0.00
1	5	0.00	0.01	1.05	0.89	0.00
2	2	0.00	0.00	0.28	1.08	0.00
2	6	0.00	0.00	0.27	1.09	0.00
3	3	0.00	0.05	0.52	1.20	0.00
3	7	0.00	0.00	1.18	0.69	0.00
