Core	CPU	C1%	C3%	C6%	C8%	C9%
-	-	0.08	0.41	9.47	6.86	2.46
0	0	0.01	3.12	67.13	23.21	0.00
0	4	0.00	0.00	0.97	0.40	19.65
1	1	0.00	0.00	1.31	0.39	0.00
1	5	0.63	0.03	1.24	0.49	0.00
2	2	0.00	0.00	1.72	0.79	0.00
2	6	0.00	0.00	0.95	0.30	0.00
3	3	0.00	0.00	1.09	0.78	0.00
3	7	0.01	0.17	1.38	28.52	0.00
Core	CPU	C1%	C3%	C6%	C8%	C9%
-	-	0.00	0.38	8.96	4.06	0.20
0	0	0.00	3.00	66.50	24.00	0.00
0	4	0.00	0.02	0.60	0.40	1.62
1	1	0.00	0.00	0.41	1.20	0.00
1	5	0.00	0.00	0.48	1.49	0.00
2	2	0.00	0.00	0.45	1.58	0.00
2	6	0.00	0.00	0.74	1.19	0.00
3	3	0.00	0.00	1.15	1.49	0.00
3	7	0.00	0.00	1.28	1.09	0.00
Core	CPU	C1%	C3%	C6%	C8%	C9%
-	-	0.90	0.52	8.74	3.84	0.65
0	0	3.66	3.52	60.45	21.76	0.00
0	4	0.00	0.00	1.05	0.90	4.32
1	1	0.00	0.00	0.39	1.30	0.00
1	5	0.00	0.00	0.33	1.51	0.00
2	2	0.78	0.00	0.23	1.29	0.90
2	6	0.00	0.00	0.23	1.11	0.00
3	3	2.78	0.60	6.55	2.15	0.00
3	7	0.00	0.01	0.70	0.70	0.00
Core	CPU	C1%	C3%	C6%	C8%	C9%
-	-	0.00	0.39	8.99	3.68	1.86
0	0	0.00	3.13	67.82	22.58	0.00
0	4	0.00	0.00	0.55	0.40	14.92
1	1	0.00	0.00	0.75	0.99	0.00
1	5	0.00	0.00	0.41	1.49	0.00
2	2	0.00	0.00	0.80	0.30	0.00
2	6	0.00	0.00	0.30	1.28	0.00
3	3	0.00	0.01	0.75	1.29	0.00
3	7	0.00	0.00	0.55	1.08	0.00
Core	CPU	C1%	C3%	C6%	C8%	C9%
-	-	0.12	0.45	9.46	4.02	1.34
0	0	0.67	3.40	66.52	21.93	0.00
0	4	0.00	0.00	0.89	0.00	10.68
1	1	0.00	0.00	0.52	2.00	0.00
1	5	0.00	0.04	1.55	1.56	0.00
2	2	0.00	0.00	1.09	1.49	0.00
2	6	0.00	0.05	0.20	0.99	0.00
3	3	0.25	0.10	2.39	1.99	0.00
3	7	0.00	0.00	2.51	2.22	0.00
Core	CPU	C1%	C3%	C6%	C8%	C9%
-	-	0.00	0.41	9.58	4.03	2.79
0	0	0.00	3.12	68.78	21.63	0.00
0	4	0.00	0.00	0.96	0.79	22.35
1	1	0.00	0.02	0.73	2.47	0.00
1	5	0.00	0.03	1.18	0.65	0.00
2	2	0.02	0.00	0.93	2.60	0.00
2	6	0.00	0.02	1.09	1.74	0.00
3	3	0.00	0.09	1.31	1.20	0.00
3	7	0.00	0.00	1.65	1.20	0.00
Core	CPU	C1%	C3%	C6%	C8%	C9%
-	-	0.00	0.47	9.09	3.44	5.00
0	0	0.00	3.76	69.70	20.07	0.00
0	4	0.00	0.00	0.38	0.69	39.96
1	1	0.00	0.00	0.35	0.79	0.00
1	5	0.00	0.00	0.75	1.31	0.00
2	2	0.00	0.02	0.42	1.30	0.00
2	6	0.00	0.00	0.32	1.19	0.00
3	3	0.00	0.00	0.43	1.29	0.00
3	7	0.00	0.00	0.36	0.88	0.00
Core	CPU	C1%	C3%	C6%	C8%	C9%
-	-	2.61	0.44	6.77	4.74	2.96
0	0	11.50	1.34	22.03	14.23	0.12
0	4	0.00	0.00	0.78	0.11	20.25
1	1	0.00	0.02	0.53	0.80	0.00
1	5	0.00	0.00	0.55	1.49	0.00
2	2	0.00	0.00	0.40	1.79	0.00
2	6	0.00	0.02	0.29	1.19	0.00
3	3	9.36	2.18	29.16	17.27	0.00
3	7	0.00	0.00	0.42	1.05	3.34
Core	CPU	C1%	C3%	C6%	C8%	C9%
-	-	0.03	0.46	9.41	3.33	1.76
0	0	0.23	3.66	69.86	19.79	0.00
0	4	0.00	0.00	0.72	0.80	14.07
1	1	0.00	0.00	0.49	0.30	0.00
1	5	0.00	0.00	1.10	1.39	0.00
2	2	0.00	0.00	0.87	1.29	0.00
2	6	0.00	0.00	0.25	1.09	0.00
3	3	0.00	0.00	1.02	0.90	0.00
3	7	0.00	0.00	0.98	1.09	0.00
Core	CPU	C1%	C3%	C6%	C8%	C9%
-	-	0.00	0.46	9.37	3.06	3.29
0	0	0.00	3.66	70.38	19.52	0.00
0	4	0.00	0.00	0.75	0.40	26.36
1	1	0.00	0.00	0.83	0.10	0.00
1	5	0.00	0.00	0.53	1.11	0.00
2	2	0.00	0.00	0.80	0.20	0.00
2	6	0.00	0.00	0.68	1.19	0.00
3	3	0.00	0.00	0.66	1.09	0.00
3	7	0.00	0.00	0.35	0.88	0.00
Core	CPU	C1%	C3%	C6%	C8%	C9%
-	-	1.41	0.47	8.36	3.79	1.65
0	0	5.27	2.62	47.50	16.27	0.00
0	4	0.00	0.00	0.18	0.81	13.21
1	1	0.00	0.00	0.83	1.19	0.00
1	5	0.03	0.00	0.36	1.20	0.00
2	2	0.24	0.11	0.99	1.28	0.00
2	6	0.00	0.01	0.93	0.69	0.00
3	3	5.72	1.05	14.90	7.72	0.00
3	7	0.00	0.00	1.21	1.18	0.00
Core	CPU	C1%	C3%	C6%	C8%	C9%
-	-	0.00	0.43	9.25	2.84	9.54
0	0	0.00	3.36	71.38	18.63	0.00
0	4	0.00	0.01	0.30	0.40	76.34
1	1	0.00	0.00	0.64	1.08	0.00
1	5	0.00	0.02	0.25	0.00	0.00
2	2	0.00	0.02	0.00	0.00	0.00
2	6	0.00	0.00	0.44	0.79	0.00
3	3	0.00	0.00	0.12	1.05	0.00
3	7	0.00	0.01	0.87	0.79	0.00
Core	CPU	C1%	C3%	C6%	C8%	C9%
-	-	3.98	0.46	6.32	4.58	0.01
0	0	17.34	0.33	4.41	13.86	0.11
0	4	0.00	0.00	0.59	0.79	0.00
1	1	0.00	0.00	1.73	0.90	0.00
1	5	0.00	0.01	1.36	0.49	0.00
2	2	14.50	3.32	40.76	17.45	0.00
2	6	0.00	0.00	0.46	1.26	0.00
3	3	0.00	0.02	0.39	1.62	0.00
3	7	0.00	0.00	0.88	0.30	0.00
Core	CPU	C1%	C3%	C6%	C8%	C9%
-	-	2.84	0.34	6.36	3.76	0.01
0	0	11.14	0.43	8.66	6.17	0.12
0	4	0.00	0.00	0.32	0.20	0.00
1	1	0.00	0.00	0.10	0.40	0.00
1	5	0.00	0.00	0.69	1.28	0.00
2	2	2.42	0.70	7.31	2.96	0.00
2	6	0.00	0.00	0.91	0.29	0.00
3	3	9.12	1.60	32.58	18.02	0.00
3	7	0.00	0.02	0.29	0.79	0.00
Core	CPU	C1%	C3%	C6%	C8%	C9%
-	-	2.24	0.25	6.06	4.27	0.18
0	0	9.36	0.84	7.39	3.86	0.00
0	4	0.00	0.00	0.36	0.89	0.00
1	1	0.00	0.00	0.15	1.09	0.00
1	5	0.00	0.01	0.48	1.67	0.00
2	2	8.60	1.12	38.75	24.08	0.00
2	6	0.00	0.01	0.69	0.53	1.43
3	3	0.00	0.00	0.28	1.29	0.00
3	7	0.00	0.00	0.35	0.79	0.00
Core	CPU	C1%	C3%	C6%	C8%	C9%
-	-	1.86	0.23	6.47	3.65	0.13
0	0	7.85	0.60	7.71	2.81	0.12
0	4	0.00	0.00	0.09	0.89	0.00
1	1	0.00	0.00	0.28	0.80	0.00
1	5	0.00	0.00	1.06	0.60	0.00
2	2	7.06	1.22	41.35	22.32	0.00
2	6	0.00	0.00	0.75	0.42	0.91
3	3	0.00	0.00	0.25	0.60	0.00
3	7	0.00	0.00	0.29	0.79	0.00
Core	CPU	C1%	C3%	C6%	C8%	C9%
-	-	0.14	0.44	8.83	3.22	3.07
0	0	0.64	3.27	63.80	18.70	1.48
0	4	0.10	0.00	0.31	0.31	23.05
1	1	0.00	0.01	0.92	0.41	0.00
1	5	0.00	0.00	0.20	0.98	0.00
2	2	0.37	0.13	4.31	2.26	0.00
2	6	0.00	0.00	0.48	1.37	0.00
3	3	0.00	0.10	0.23	0.80	0.00
3	7	0.00	0.00	0.36	0.90	0.00
Core	CPU	C1%	C3%	C6%	C8%	C9%
-	-	0.00	0.45	9.30	3.06	3.55
0	0	0.00	3.56	70.40	19.57	0.00
0	4	0.00	0.00	0.44	0.30	28.40
1	1	0.00	0.00	1.04	0.41	0.00
1	5	0.00	0.02	0.69	0.20	0.00
2	2	0.00	0.00	0.30	0.99	0.00
2	6	0.00	0.00	0.74	0.74	0.00
3	3	0.00	0.00	0.45	0.98	0.00
3	7	0.00	0.00	0.34	1.29	0.00
Core	CPU	C1%	C3%	C6%	C8%	C9%
-	-	0.00	0.46	9.50	2.94	4.31
0	0	0.01	3.69	71.36	18.59	0.00
0	4	0.00	0.00	0.93	0.00	34.44
1	1	0.00	0.00	0.58	1.01	0.00
1	5	0.00	0.00	0.82	0.99	0.00
2	2	0.00	0.00	0.82	0.40	0.00
2	6	0.00	0.01	0.84	0.93	0.00
3	3	0.00	0.00	0.29	0.90	0.00
3	7	0.00	0.00	0.37	0.70	0.00
Core	CPU	C1%	C3%	C6%	C8%	C9%
-	-	0.00	0.46	9.15	3.31	5.38
0	0	0.00	3.68	70.48	19.56	0.00
0	4	0.00	0.00	0.50	0.10	43.00
1	1	0.00	0.00	0.69	1.59	0.00
1	5	0.00	0.00	0.32	1.09	0.00
2	2	0.00	0.00	0.25	0.89	0.00
2	6	0.00	0.00	0.40	1.40	0.00
3	3	0.00	0.02	0.40	0.79	0.00
3	7	0.00	0.00	0.20	1.09	0.00
Core	CPU	C1%	C3%	C6%	C8%	C9%
-	-	0.00	0.44	9.16	3.25	4.80
0	0	0.00	3.50	70.06	19.95	0.00
0	4	0.00	0.00	1.04	0.00	38.39
1	1	0.00	0.02	0.97	0.92	0.00
1	5	0.00	0.00	0.30	0.90	0.00
2	2	0.00	0.00	0.19	0.98	0.00
2	6	0.00	0.00	0.27	1.27	0.00
3	3	0.00	0.00	0.35	0.99	0.00
3	7	0.00	0.00	0.13	0.98	0.00
Core	CPU	C1%	C3%	C6%	C8%	C9%
-	-	0.00	0.46	9.16	3.26	5.76
0	0	0.00	3.69	70.16	19.73	0.00
0	4	0.00	0.00	0.86	0.00	46.04
1	1	0.00	0.00	0.35	0.98	0.00
1	5	0.00	0.00	0.65	1.28	0.00
2	2	0.01	0.00	0.18	1.03	0.00
2	6	0.00	0.00	0.10	1.09	0.00
3	3	0.00	0.00	0.63	1.28	0.00
3	7	0.00	0.00	0.36	0.69	0.00
Core	CPU	C1%	C3%	C6%	C8%	C9%
-	-	4.74	0.42	8.87	11.85	1.46
0	0	36.04	0.68	10.12	39.74	0.00
0	4	0.01	2.17	51.86	17.55	0.49
1	1	0.00	0.00	0.81	0.61	0.00
1	5	0.00	0.00	0.80	1.09	0.00
2	2	0.00	0.00	0.24	1.10	0.00
2	6	0.00	0.00	0.23	1.39	0.00
3	3	1.89	0.36	6.01	3.66	11.20
3	7	0.01	0.15	0.87	29.63	0.00
Core	CPU	C1%	C3%	C6%	C8%	C9%
-	-	2.48	0.26	6.00	4.19	0.11
0	0	10.24	0.42	6.50	5.33	0.00
0	4	0.00	0.02	0.10	0.59	0.00
1	1	0.00	0.00	0.09	0.89	0.00
1	5	0.00	0.00	0.77	1.27	0.92
2	2	0.00	0.00	0.26	0.89	0.00
2	6	0.00	0.00	0.77	0.84	0.00
3	3	9.62	1.68	38.80	23.30	0.00
3	7	0.00	0.00	0.69	0.40	0.00
Core	CPU	C1%	C3%	C6%	C8%	C9%
-	-	1.83	0.19	6.20	4.19	0.00
0	0	6.59	0.49	7.25	2.22	0.00
0	4	0.00	0.00	0.44	0.51	0.00
1	1	0.00	0.00	0.93	1.19	0.00
1	5	0.00	0.00	0.23	1.37	0.00
2	2	0.00	0.00	0.20	1.13	0.00
2	6	0.00	0.00	0.38	1.05	0.00
3	3	8.06	1.01	39.29	25.28	0.00
3	7	0.00	0.00	0.83	0.80	0.00
Core	CPU	C1%	C3%	C6%	C8%	C9%
-	-	5.49	0.34	12.57	6.06	0.00
0	0	43.95	0.06	33.21	18.55	0.00
0	4	0.00	2.56	63.74	26.26	0.00
1	1	0.00	0.02	0.75	1.00	0.00
1	5	0.00	0.00	0.64	0.69	0.00
2	2	0.00	0.00	0.82	0.31	0.00
2	6	0.00	0.01	0.86	0.10	0.00
3	3	0.00	0.09	0.10	0.89	0.00
3	7	0.00	0.00	0.47	0.69	0.00
Core	CPU	C1%	C3%	C6%	C8%	C9%
-	-	5.40	0.70	10.58	7.81	0.43
0	0	43.16	1.94	17.34	32.08	0.00
0	4	0.01	3.46	64.82	24.30	0.00
1	1	0.00	0.02	1.08	1.28	0.00
1	5	0.00	0.00	0.28	1.08	0.00
2	2	0.00	0.03	0.35	0.89	3.47
2	6	0.00	0.00	0.24	0.99	0.00
3	3	0.00	0.12	0.19	0.89	0.00
3	7	0.00	0.00	0.29	0.98	0.00
Core	CPU	C1%	C3%	C6%	C8%	C9%
-	-	0.48	0.51	9.12	3.51	1.83
0	0	3.86	3.74	65.46	20.17	0.00
0	4	0.00	0.32	6.01	2.40	14.65
1	1	0.00	0.01	0.41	0.51	0.00
1	5	0.00	0.00	0.19	0.60	0.00
2	2	0.00	0.00	0.28	0.99	0.00
2	6	0.00	0.00	0.37	0.99	0.00
3	3	0.00	0.00	0.15	1.18	0.00
3	7	0.00	0.00	0.13	1.28	0.00
Core	CPU	C1%	C3%	C6%	C8%	C9%
-	-	0.01	0.47	9.20	3.44	4.36
0	0	0.10	3.77	69.50	20.17	0.00
0	4	0.00	0.00	0.72	0.50	34.86
1	1	0.00	0.00	1.06	1.78	0.00
1	5	0.00	0.00	0.24	0.90	0.00
2	2	0.00	0.02	0.40	0.70	0.00
2	6	0.00	0.01	0.56	1.91	0.00
3	3	0.00	0.00	0.64	0.89	0.00
3	7	0.00	0.00	0.45	0.70	0.00
Core	CPU	C1%	C3%	C6%	C8%	C9%
-	-	0.00	0.48	9.27	3.08	4.07
0	0	0.01	3.83	71.59	18.00	0.00
0	4	0.00	0.00	0.68	0.58	32.55
1	1	0.00	0.00	0.49	1.10	0.00
1	5	0.00	0.00	0.45	0.89	0.00
2	2	0.00	0.00	0.14	0.99	0.00
2	6	0.00	0.00	0.32	1.39	0.00
3	3	0.00	0.00	0.20	0.90	0.00
3	7	0.00	0.00	0.29	0.79	0.00
Core	CPU	C1%	C3%	C6%	C8%	C9%
-	-	0.00	0.46	9.38	3.09	2.83
0	0	0.00	3.64	71.42	18.57	0.00
0	4	0.00	0.00	1.15	0.30	22.68
1	1	0.00	0.02	0.41	1.00	0.00
1	5	0.00	0.00	0.11	0.50	0.00
2	2	0.00	0.00	0.57	0.99	0.00
2	6	0.00	0.00	0.27	1.09	0.00
3	3	0.00	0.00	0.33	1.19	0.00
3	7	0.00	0.03	0.78	1.09	0.00
Core	CPU	C1%	C3%	C6%	C8%	C9%
-	-	2.35	0.25	6.32	3.60	0.00
0	0	9.40	0.37	6.70	4.36	0.00
0	4	0.00	0.00	0.65	0.39	0.00
1	1	0.00	0.00	0.24	0.79	0.00
1	5	0.00	0.02	1.30	0.77	0.00
2	2	0.01	0.00	0.39	0.10	0.00
2	6	0.00	0.00	0.29	0.98	0.00
3	3	9.41	1.61	40.70	20.35	0.00
3	7	0.00	0.00	0.25	1.08	0.00
Core	CPU	C1%	C3%	C6%	C8%	C9%
-	-	0.00	0.44	9.50	2.94	6.49
0	0	0.01	3.51	71.91	18.02	0.00
0	4	0.00	0.00	0.98	0.00	51.91
1	1	0.00	0.00	0.78	0.80	0.00
1	5	0.00	0.01	0.57	0.98	0.00
2	2	0.00	0.00	0.33	0.89	0.00
2	6	0.00	0.02	0.28	0.89	0.00
3	3	0.00	0.00	0.40	1.09	0.00
3	7	0.00	0.00	0.77	0.89	0.00
Core	CPU	C1%	C3%	C6%	C8%	C9%
-	-	0.00	0.41	9.33	3.39	4.26
0	0	0.00	3.27	70.76	19.45	0.00
0	4	0.00	0.00	0.74	0.76	34.10
1	1	0.00	0.00	0.61	0.98	0.00
1	5	0.00	0.00	0.96	0.39	0.00
2	2	0.00	0.00	0.26	1.19	0.00
2	6	0.00	0.00	0.42	1.49	0.00
3	3	0.00	0.02	0.59	1.10	0.00
3	7	0.00	0.00	0.30	1.78	0.00
Core	CPU	C1%	C3%	C6%	C8%	C9%
-	-	1.96	0.29	6.72	4.03	0.00
0	0	7.71	0.94	12.46	4.83	0.01
0	4	0.00	0.00	0.68	1.39	0.00
1	1	0.00	0.01	0.64	1.29	0.00
1	5	0.00	0.00	0.10	0.80	0.00
2	2	0.00	0.00	0.69	1.18	0.00
2	6	0.00	0.00	0.33	1.37	0.00
3	3	7.94	1.37	38.25	20.19	0.00
3	7	0.00	0.01	0.62	1.18	0.00
Core	CPU	C1%	C3%	C6%	C8%	C9%
-	-	2.05	0.19	6.47	4.17	0.00
0	0	8.62	0.48	9.64	4.27	0.00
0	4	0.00	0.00	0.56	0.60	0.00
1	1	0.00	0.03	0.78	1.67	0.00
1	5	0.00	0.00	0.22	0.60	0.00
2	2	0.00	0.02	0.29	0.40	0.00
2	6	0.00	0.00	0.10	0.99	0.00
3	3	7.75	1.00	39.38	24.08	0.00
3	7	0.00	0.00	0.75	0.79	0.00
Core	CPU	C1%	C3%	C6%	C8%	C9%
-	-	2.32	0.31	6.36	3.99	0.04
0	0	11.02	0.61	7.04	5.39	0.00
0	4	0.00	0.00	0.38	0.21	0.00
1	1	0.00	0.04	1.07	1.08	0.00
1	5	0.00	0.00	0.27	0.89	0.00
2	2	0.01	0.00	0.35	0.79	0.00
2	6	0.00	0.00	0.24	0.99	0.00
3	3	7.56	1.86	41.17	21.82	0.00
3	7	0.00	0.00	0.38	0.79	0.35
Core	CPU	C1%	C3%	C6%	C8%	C9%
-	-	3.16	0.35	6.28	3.64	0.00
0	0	12.49	0.55	8.33	5.15	0.00
0	4	0.00	0.00	0.31	0.31	0.00
1	1	0.00	0.03	0.27	0.12	0.00
1	5	0.00	0.02	0.60	0.36	0.00
2	2	0.00	0.00	0.19	0.99	0.00
2	6	0.00	0.00	0.41	0.80	0.00
3	3	12.79	2.23	39.82	20.48	0.00
3	7	0.00	0.00	0.29	0.90	0.00
Core	CPU	C1%	C3%	C6%	C8%	C9%
-	-	0.00	0.47	9.59	3.06	3.52
0	0	0.01	3.75	70.46	19.32	0.00
0	4	0.00	0.00	1.13	0.88	28.20
1	1	0.00	0.00	1.07	1.09	0.00
1	5	0.00	0.00	0.84	0.40	0.00
2	2	0.00	0.01	0.92	0.99	0.00
2	6	0.00	0.01	1.00	0.39	0.00
3	3	0.00	0.00	0.78	0.69	0.00
3	7	0.00	0.00	0.56	0.69	0.00
Core	CPU	C1%	C3%	C6%	C8%	C9%
-	-	2.85	0.33	6.22	4.48	0.02
0	0	11.96	0.41	6.01	8.16	0.12
0	4	0.00	0.00	0.78	0.69	0.00
1	1	0.00	0.01	0.50	1.48	0.00
1	5	0.00	0.00	0.45	1.39	0.00
2	2	0.00	0.00	0.44	1.09	0.00
2	6	0.00	0.00	0.33	1.29	0.00
3	3	10.82	2.24	40.35	20.49	0.00
3	7	0.00	0.00	0.88	1.28	0.00
Core	CPU	C1%	C3%	C6%	C8%	C9%
-	-	0.74	0.49	9.27	3.49	2.80
0	0	3.00	3.37	63.16	19.80	0.00
0	4	0.00	0.00	0.62	1.30	22.38
1	1	0.00	0.03	1.71	1.16	0.00
1	5	0.00	0.01	1.22	0.50	0.00
2	2	0.00	0.00	0.88	1.29	0.00
2	6	0.00	0.00	0.82	1.39	0.00
3	3	2.94	0.48	5.09	1.42	0.00
3	7	0.00	0.00	0.61	1.09	0.00
Core	CPU	C1%	C3%	C6%	C8%	C9%
-	-	0.00	0.44	9.27	3.14	3.87
0	0	0.00	3.52	70.44	19.65	0.00
0	4	0.00	0.00	0.47	0.60	30.99
1	1	0.00	0.00	1.13	0.00	0.00
1	5	0.00	0.00	0.54	1.18	0.00
2	2	0.00	0.01	0.50	0.69	0.00
2	6	0.00	0.00	0.20	0.90	0.00
3	3	0.00	0.00	0.28	0.89	0.00
3	7	0.00	0.00	0.57	1.19	0.00
Core	CPU	C1%	C3%	C6%	C8%	C9%
-	-	1.91	0.32	6.21	3.84	0.06
0	0	7.41	0.77	9.45	4.76	0.00
0	4	0.00	0.00	0.45	0.30	0.51
1	1	0.00	0.00	0.38	0.89	0.00
1	5	0.00	0.00	0.53	1.57	0.00
2	2	0.01	0.49	0.35	0.01	0.00
2	6	0.00	0.00	0.23	1.00	0.00
3	3	7.84	1.33	37.88	21.50	0.00
3	7	0.00	0.00	0.38	0.69	0.00
Core	CPU	C1%	C3%	C6%	C8%	C9%
-	-	0.00	0.46	9.26	3.14	4.33
0	0	0.00	3.66	70.31	19.58	0.00
0	4	0.00	0.00	0.53	0.49	34.67
1	1	0.00	0.01	0.29	0.31	0.00
1	5	0.00	0.03	0.59	1.10	0.00
2	2	0.00	0.00	0.57	0.80	0.00
2	6	0.00	0.00	0.36	0.89	0.00
3	3	0.00	0.00	0.82	0.79	0.00
3	7	0.00	0.00	0.62	1.19	0.00
Core	CPU	C1%	C3%	C6%	C8%	C9%
-	-	0.00	0.47	9.40	6.87	4.14
0	0	0.01	3.65	70.44	19.60	0.00
0	4	0.00	0.00	0.97	1.05	32.25
1	1	0.00	0.00	0.97	1.19	0.00
1	5	0.00	0.01	0.56	2.10	0.90
2	2	0.00	0.01	0.30	0.40	0.00
2	6	0.00	0.00	0.00	0.50	0.00
3	3	0.00	0.00	0.68	1.07	0.00
3	7	0.01	0.12	1.26	29.07	0.00
Core	CPU	C1%	C3%	C6%	C8%	C9%
-	-	2.78	0.29	6.48	4.10	0.00
0	0	12.08	0.44	7.41	7.44	0.00
0	4	0.00	0.00	0.38	0.89	0.00
1	1	0.00	0.00	0.36	0.99	0.00
1	5	0.00	0.00	0.57	0.89	0.00
2	2	0.00	0.00	0.83	0.29	0.00
2	6	0.00	0.02	0.77	0.10	0.00
3	3	10.18	1.85	40.73	21.82	0.00
3	7	0.00	0.00	0.76	0.41	0.00
Core	CPU	C1%	C3%	C6%	C8%	C9%
-	-	0.36	0.44	8.93	3.35	3.03
0	0	1.63	3.30	66.10	21.89	0.00
0	4	0.00	0.02	0.23	0.50	24.23
1	1	0.00	0.01	0.31	0.60	0.00
1	5	0.00	0.00	0.18	0.89	0.00
2	2	0.00	0.00	0.36	0.69	0.00
2	6	0.00	0.00	0.44	0.69	0.00
3	3	1.28	0.22	3.49	0.53	0.00
3	7	0.00	0.00	0.29	0.98	0.00
Core	CPU	C1%	C3%	C6%	C8%	C9%
-	-	0.00	0.46	9.23	3.96	2.55
0	0	0.00	3.61	69.86	20.10	0.00
0	4	0.00	0.00	0.62	0.51	20.39
1	1	0.00	0.02	0.50	1.60	0.00
1	5	0.00	0.00	0.28	1.20	0.00
2	2	0.00	0.03	0.60	2.68	0.00
2	6	0.00	0.00	0.46	1.59	0.00
3	3	0.00	0.00	0.73	1.39	0.00
3	7	0.00	0.00	0.83	2.58	0.00
Core	CPU	C1%	C3%	C6%	C8%	C9%
-	-	0.00	0.45	9.50	2.76	5.55
0	0	0.01	3.58	72.67	17.17	0.00
0	4	0.00	0.00	0.86	0.10	44.39
1	1	0.00	0.00	0.90	1.48	0.00
1	5	0.00	0.00	0.13	0.60	0.00
2	2	0.00	0.01	0.59	0.10	0.00
2	6	0.00	0.00	0.10	0.90	0.00
3	3	0.00	0.00	0.28	0.99	0.00
3	7	0.00	0.00	0.49	0.78	0.00
Core	CPU	C1%	C3%	C6%	C8%	C9%
-	-	0.00	0.43	9.31	3.13	4.50
0	0	0.01	3.45	71.16	18.95	0.00
0	4	0.00	0.00	0.49	0.40	35.07
1	1	0.00	0.00	0.84	0.30	0.00
1	5	0.00	0.00	0.66	1.35	0.91
2	2	0.00	0.00	0.23	1.38	0.00
2	6	0.00	0.00	0.22	0.80	0.00
3	3	0.00	0.00	0.58	1.00	0.00
3	7	0.00	0.00	0.29	0.89	0.00
Core	CPU	C1%	C3%	C6%	C8%	C9%
-	-	0.84	0.48	8.53	3.30	1.19
0	0	3.58	2.93	55.13	18.21	0.00
0	4	0.00	0.00	0.71	0.50	9.50
1	1	3.11	0.93	10.72	3.36	0.00
1	5	0.00	0.02	0.45	1.37	0.00
2	2	0.00	0.00	0.37	0.78	0.00
2	6	0.00	0.00	0.30	0.59	0.00
3	3	0.00	0.00	0.23	0.80	0.00
3	7	0.00	0.00	0.30	0.79	0.00
Core	CPU	C1%	C3%	C6%	C8%	C9%
-	-	0.00	0.45	9.36	3.08	3.46
0	0	0.01	3.54	71.23	18.79	0.00
0	4	0.00	0.00	0.63	0.41	27.64
1	1	0.00	0.00	0.62	0.31	0.00
1	5	0.00	0.01	0.75	0.57	0.00
2	2	0.00	0.00	0.54	1.09	0.00
2	6	0.00	0.00	0.38	0.99	0.00
3	3	0.00	0.00	0.36	1.00	0.00
3	7	0.00	0.01	0.38	1.48	0.00
Core	CPU	C1%	C3%	C6%	C8%	C9%
-	-	0.00	0.45	9.68	3.03	3.20
0	0	0.00	3.47	70.63	19.49	0.00
0	4	0.00	0.03	1.46	0.30	25.63
1	1	0.00	0.03	1.46	0.50	0.00
1	5	0.00	0.00	0.86	0.78	0.00
2	2	0.00	0.04	1.00	0.99	0.00
2	6	0.00	0.01	0.90	0.49	0.00
3	3	0.00	0.00	0.20	1.28	0.00
3	7	0.00	0.00	0.96	0.40	0.00
Core	CPU	C1%	C3%	C6%	C8%	C9%
-	-	0.00	0.45	9.26	3.22	4.14
0	0	0.00	3.58	70.21	19.75	0.00
0	4	0.00	0.00	0.39	0.30	33.11
1	1	0.00	0.00	0.89	0.50	0.00
1	5	0.00	0.00	0.77	1.10	0.00
2	2	0.00	0.00	0.73	0.50	0.00
2	6	0.00	0.00	0.33	1.29	0.00
3	3	0.00	0.01	0.48	1.20	0.00
3	7	0.00	0.00	0.29	1.09	0.00
Core	CPU	C1%	C3%	C6%	C8%	C9%
-	-	4.60	0.53	6.21	4.35	0.10
0	0	21.28	0.38	4.55	15.47	0.01
0	4	0.00	0.00	0.39	0.99	0.78
1	1	15.49	3.84	43.15	14.44	0.00
1	5	0.00	0.00	0.00	0.68	0.00
2	2	0.00	0.00	0.39	0.79	0.00
2	6	0.00	0.00	0.28	0.88	0.00
3	3	0.00	0.00	0.36	0.78	0.00
3	7	0.00	0.03	0.59	0.79	0.00
Core	CPU	C1%	C3%	C6%	C8%	C9%
-	-	4.14	0.44	6.65	4.66	0.00
0	0	18.54	0.82	12.41	19.07	0.00
0	4	0.00	0.00	0.55	0.60	0.01
1	1	14.57	2.71	39.00	13.26	0.00
1	5	0.00	0.00	0.33	1.09	0.00
2	2	0.00	0.02	0.19	0.90	0.00
2	6	0.00	0.00	0.10	0.79	0.00
3	3	0.00	0.00	0.19	0.89	0.00
3	7	0.00	0.00	0.46	0.69	0.00
Core	CPU	C1%	C3%	C6%	C8%	C9%
-	-	2.15	0.47	8.44	3.95	2.15
0	0	8.48	1.93	39.02	13.69	0.00
0	4	0.00	0.01	0.49	0.00	17.18
1	1	8.68	1.82	24.90	9.84	0.00
1	5	0.00	0.00	0.38	1.18	0.00
2	2	0.00	0.00	1.14	1.09	0.00
2	6	0.00	0.00	0.44	1.87	0.00
3	3	0.00	0.02	0.39	1.39	0.00
3	7	0.00	0.01	0.74	2.55	0.00
Core	CPU	C1%	C3%	C6%	C8%	C9%
-	-	3.16	0.41	6.63	3.95	0.00
0	0	13.34	0.35	8.29	6.97	0.00
0	4	0.00	0.03	0.82	1.00	0.00
1	1	11.93	2.91	41.57	19.00	0.00
1	5	0.00	0.00	0.08	0.60	0.00
2	2	0.00	0.03	0.56	1.08	0.00
2	6	0.00	0.00	0.61	1.48	0.00
3	3	0.00	0.00	0.35	0.98	0.00
3	7	0.00	0.00	0.73	0.49	0.00
Core	CPU	C1%	C3%	C6%	C8%	C9%
-	-	2.65	0.30	6.09	4.08	0.00
0	0	11.09	0.33	4.89	7.83	0.00
0	4	0.00	0.00	0.46	0.39	0.00
1	1	10.10	2.07	41.06	21.70	0.00
1	5	0.00	0.00	0.52	0.00	0.00
2	2	0.00	0.03	0.91	0.00	0.00
2	6	0.00	0.00	0.29	0.90	0.00
3	3	0.00	0.00	0.28	0.98	0.00
3	7	0.00	0.00	0.35	0.79	0.00
Core	CPU	C1%	C3%	C6%	C8%	C9%
-	-	3.69	0.38	5.96	4.46	0.12
0	0	16.24	0.43	4.92	10.98	0.00
0	4	0.00	0.00	0.27	1.29	0.00
1	1	13.26	2.58	40.46	19.07	0.00
1	5	0.00	0.00	0.74	0.60	0.00
2	2	0.00	0.01	0.66	0.87	0.00
2	6	0.00	0.00	0.23	0.99	1.00
3	3	0.00	0.00	0.10	1.09	0.00
3	7	0.00	0.00	0.29	0.79	0.00
Core	CPU	C1%	C3%	C6%	C8%	C9%
-	-	0.00	0.48	9.06	3.44	0.00
0	0	0.01	3.65	68.12	21.64	0.00
0	4	0.00	0.02	0.60	0.10	0.02
1	1	0.00	0.09	0.62	0.69	0.00
1	5	0.00	0.00	0.48	0.99	0.00
2	2	0.00	0.04	1.46	0.59	0.00
2	6	0.00	0.01	0.59	1.11	0.00
3	3	0.00	0.00	0.42	1.19	0.00
3	7	0.00	0.00	0.19	1.20	0.00
Core	CPU	C1%	C3%	C6%	C8%	C9%
-	-	0.38	0.43	9.07	3.38	3.71
0	0	1.97	3.20	64.56	21.55	0.00
0	4	0.00	0.00	0.23	1.10	28.64
1	1	1.06	0.18	4.45	1.20	0.00
1	5	0.00	0.03	0.63	0.11	0.00
2	2	0.00	0.00	1.35	0.87	0.00
2	6	0.00	0.00	0.75	0.50	1.00
3	3	0.00	0.00	0.45	0.70	0.00
3	7	0.00	0.00	0.14	0.99	0.00
Core	CPU	C1%	C3%	C6%	C8%	C9%
-	-	0.00	0.42	9.28	3.24	3.20
0	0	0.00	3.24	69.41	20.83	0.00
0	4	0.00	0.00	0.85	0.31	25.59
1	1	0.00	0.00	0.74	0.90	0.00
1	5	0.00	0.00	0.95	0.40	0.00
2	2	0.00	0.09	1.36	0.90	0.00
2	6	0.00	0.05	0.26	0.60	0.00
3	3	0.00	0.00	0.20	1.19	0.00
3	7	0.00	0.00	0.47	0.79	0.00
Core	CPU	C1%	C3%	C6%	C8%	C9%
-	-	0.00	0.41	9.35	3.53	2.09
0	0	0.00	3.27	69.67	20.54	0.00
0	4	0.00	0.00	0.69	0.19	16.73
1	1	0.00	0.00	0.29	1.38	0.00
1	5	0.00	0.00	0.96	0.89	0.00
2	2	0.00	0.01	1.06	1.19	0.00
2	6	0.00	0.00	0.34	1.58	0.00
3	3	0.00	0.01	0.88	1.20	0.00
3	7	0.00	0.00	0.89	1.28	0.00
Core	CPU	C1%	C3%	C6%	C8%	C9%
-	-	0.00	0.45	9.11	3.50	1.23
0	0	0.01	3.57	68.76	21.23	0.00
0	4	0.00	0.00	0.72	0.00	9.85
1	1	0.00	0.02	0.85	0.59	0.00
1	5	0.00	0.00	0.23	0.89	0.00
2	2	0.00	0.00	0.99	1.20	0.00
2	6	0.00	0.00	0.60	1.68	0.00
3	3	0.00	0.00	0.35	1.18	0.00
3	7	0.00	0.02	0.39	1.20	0.00
Core	CPU	C1%	C3%	C6%	C8%	C9%
-	-	0.00	0.40	9.00	3.20	2.90
0	0	0.00	3.24	69.11	21.07	0.00
0	4	0.00	0.00	0.57	0.00	23.17
1	1	0.00	0.00	0.35	0.59	0.00
1	5	0.00	0.00	0.04	0.50	0.00
2	2	0.00	0.00	1.02	0.99	0.00
2	6	0.00	0.00	0.30	0.70	0.00
3	3	0.00	0.00	0.28	0.89	0.00
3	7	0.00	0.00	0.36	0.89	0.00
Core	CPU	C1%	C3%	C6%	C8%	C9%
-	-	0.00	0.43	8.86	6.99	0.70
0	0	0.00	3.30	66.40	23.86	0.00
0	4	0.00	0.00	0.49	0.10	5.57
1	1	0.00	0.00	0.43	1.78	0.00
1	5	0.00	0.00	0.37	1.29	0.00
2	2	0.00	0.00	1.33	1.88	0.00
2	6	0.00	0.00	0.50	1.40	0.00
3	3	0.00	0.02	0.39	1.20	0.00
3	7	0.01	0.09	1.09	24.50	0.00
Core	CPU	C1%	C3%	C6%	C8%	C9%
-	-	3.18	0.41	6.58	4.96	0.00
0	0	13.77	0.53	7.16	9.25	0.00
0	4	0.00	0.02	0.72	0.79	0.00
1	1	11.65	2.66	41.55	20.24	0.00
1	5	0.00	0.00	0.19	0.89	0.00
2	2	0.00	0.01	1.33	0.49	0.00
2	6	0.00	0.00	0.53	1.98	0.00
3	3	0.00	0.00	0.80	1.42	0.00
3	7	0.00	0.06	0.28	4.56	0.00
Core	CPU	C1%	C3%	C6%	C8%	C9%
-	-	0.00	0.42	8.94	3.71	0.00
0	0	0.00	3.26	67.09	23.13	0.00
0	4	0.00	0.00	0.33	0.31	0.00
1	1	0.00	0.10	1.22	1.71	0.00
1	5	0.00	0.00	0.60	0.30	0.00
2	2	0.00	0.02	0.71	0.99	0.00
2	6	0.00	0.00	0.32	1.18	0.00
3	3	0.00	0.00	0.76	1.08	0.00
3	7	0.00	0.00	0.53	0.99	0.00
Core	CPU	C1%	C3%	C6%	C8%	C9%
-	-	0.00	0.39	8.86	3.70	1.17
0	0	0.00	3.12	67.14	23.25	0.00
0	4	0.00	0.00	0.47	0.59	8.43
1	1	0.00	0.00	0.35	0.79	0.00
1	5	0.00	0.00	0.76	1.59	0.00
2	2	0.00	0.02	0.61	1.00	0.00
2	6	0.00	0.00	0.16	0.99	0.90
3	3	0.00	0.00	0.88	0.79	0.00
3	7	0.00	0.00	0.52	0.59	0.00
Core	CPU	C1%	C3%	C6%	C8%	C9%
-	-	0.01	0.41	8.86	3.98	1.98
0	0	0.00	3.14	67.50	22.88	0.00
0	4	0.00	0.00	0.39	0.59	15.81
1	1	0.09	0.00	0.27	1.49	0.00
1	5	0.00	0.00	0.37	1.09	0.00
2	2	0.00	0.00	1.24	1.30	0.00
2	6	0.00	0.01	0.54	1.45	0.00
3	3	0.00	0.12	0.19	0.99	0.00
3	7	0.00	0.00	0.38	2.08	0.00
Core	CPU	C1%	C3%	C6%	C8%	C9%
-	-	0.00	0.38	8.86	3.61	2.24
0	0	0.01	2.98	67.54	22.94	0.00
0	4	0.00	0.00	0.23	0.41	17.92
1	1	0.00	0.01	0.29	0.50	0.00
1	5	0.00	0.00	0.10	1.09	0.00
2	2	0.00	0.00	1.22	1.09	0.00
2	6	0.00	0.00	1.05	0.80	0.00
3	3	0.00	0.00	0.34	1.09	0.00
3	7	0.00	0.03	0.10	0.98	0.00
Core	CPU	C1%	C3%	C6%	C8%	C9%
-	-	0.01	0.38	8.86	3.52	1.04
0	0	0.00	3.00	67.31	23.13	0.00
0	4	0.00	0.00	0.27	0.60	8.33
1	1	0.00	0.00	0.99	0.60	0.00
1	5	0.07	0.00	0.55	0.59	0.00
2	2	0.00	0.00	0.97	0.21	0.00
2	6	0.00	0.00	0.20	1.09	0.00
3	3	0.00	0.00	0.28	0.99	0.00
3	7	0.00	0.00	0.36	0.98	0.00
Core	CPU	C1%	C3%	C6%	C8%	C9%
-	-	0.00	0.39	8.86	3.56	2.03
0	0	0.00	3.08	67.89	22.41	0.00
0	4	0.00	0.00	0.38	0.71	16.22
1	1	0.00	0.00	0.57	0.59	0.00
1	5	0.00	0.00	0.78	0.69	0.00
2	2	0.00	0.00	0.76	0.80	0.00
2	6	0.00	0.00	0.13	1.38	0.00
3	3	0.00	0.00	0.10	0.99	0.00
3	7	0.00	0.00	0.29	0.89	0.00
Core	CPU	C1%	C3%	C6%	C8%	C9%
-	-	0.01	0.40	8.89	3.72	0.88
0	0	0.10	3.13	66.23	24.03	0.00
0	4	0.00	0.01	1.03	0.58	7.02
1	1	0.00	0.00	0.17	1.19	0.00
1	5	0.00	0.00	0.42	1.25	0.00
2	2	0.00	0.04	1.12	0.58	0.00
2	6	0.00	0.04	0.81	0.89	0.00
3	3	0.00	0.00	0.71	0.68	0.00
3	7	0.00	0.00	0.60	0.59	0.00
Core	CPU	C1%	C3%	C6%	C8%	C9%
-	-	0.00	0.37	8.83	3.51	0.97
0	0	0.00	2.97	66.12	24.32	0.00
0	4	0.00	0.00	0.94	0.00	7.78
1	1	0.00	0.00	0.62	0.51	0.00
1	5	0.00	0.00	0.60	0.39	0.00
2	2	0.00	0.00	1.10	0.66	0.00
2	6	0.00	0.00	0.47	0.79	0.00
3	3	0.00	0.00	0.46	0.59	0.00
3	7	0.00	0.00	0.33	0.79	0.00
Core	CPU	C1%	C3%	C6%	C8%	C9%
-	-	3.08	0.29	6.25	4.37	0.00
0	0	12.68	0.47	5.82	9.09	0.00
0	4	0.00	0.00	0.47	1.18	0.00
1	1	11.93	1.86	41.27	20.20	0.00
1	5	0.00	0.00	0.26	1.20	0.00
2	2	0.00	0.00	1.26	0.82	0.00
2	6	0.00	0.00	0.19	1.00	0.00
3	3	0.00	0.00	0.19	0.89	0.00
3	7	0.00	0.00	0.55	0.59	0.00
Core	CPU	C1%	C3%	C6%	C8%	C9%
-	-	3.86	0.46	6.23	4.26	0.00
0	0	15.70	0.30	7.63	10.21	0.00
0	4	0.00	0.00	0.09	0.61	0.00
1	1	15.15	3.35	39.97	19.00	0.00
1	5	0.00	0.00	0.26	1.00	0.00
2	2	0.00	0.03	1.03	0.50	0.00
2	6	0.00	0.00	0.23	1.09	0.00
3	3	0.00	0.02	0.29	0.80	0.00
3	7	0.00	0.00	0.30	0.89	0.00
Core	CPU	C1%	C3%	C6%	C8%	C9%
-	-	2.38	0.30	6.16	3.72	0.00
0	0	9.92	0.52	5.97	4.71	0.00
0	4	0.00	0.00	0.19	0.69	0.00
1	1	9.07	1.67	41.70	21.50	0.00
1	5	0.00	0.00	0.24	0.79	0.00
2	2	0.02	0.16	0.42	0.08	0.00
2	6	0.00	0.00	0.32	0.49	0.00
3	3	0.00	0.02	0.13	0.59	0.00
3	7	0.00	0.02	0.30	0.88	0.00
Core	CPU	C1%	C3%	C6%	C8%	C9%
-	-	3.29	0.37	6.82	3.87	0.01
0	0	14.46	0.37	9.52	7.59	0.12
0	4	0.00	0.00	0.38	0.78	0.00
1	1	11.88	2.54	42.15	18.13	0.00
1	5	0.00	0.00	0.90	0.40	0.00
2	2	0.00	0.07	0.69	1.08	0.00
2	6	0.00	0.00	0.19	1.00	0.00
3	3	0.00	0.00	0.28	0.99	0.00
3	7	0.00	0.00	0.46	0.99	0.00
Core	CPU	C1%	C3%	C6%	C8%	C9%
-	-	3.27	0.30	6.51	3.94	0.10
0	0	13.45	0.54	6.03	9.77	0.00
0	4	0.00	0.00	0.16	0.59	0.78
1	1	0.00	0.00	0.19	0.99	0.00
1	5	0.00	0.00	0.46	0.70	0.00
2	2	12.70	1.80	43.92	16.57	0.00
2	6	0.00	0.00	0.66	1.28	0.00
3	3	0.00	0.02	0.39	0.80	0.00
3	7	0.00	0.00	0.28	0.79	0.00
Core	CPU	C1%	C3%	C6%	C8%	C9%
-	-	2.71	0.42	6.34	4.22	0.15
0	0	11.57	0.71	6.90	6.74	0.00
0	4	0.00	0.00	0.52	0.00	0.00
1	1	0.00	0.10	0.30	0.50	0.00
1	5	0.00	0.00	0.67	1.10	0.00
2	2	10.10	2.49	40.28	21.55	0.00
2	6	0.00	0.07	1.50	1.17	1.19
3	3	0.00	0.00	0.23	1.29	0.00
3	7	0.00	0.02	0.29	1.39	0.00
Core	CPU	C1%	C3%	C6%	C8%	C9%
-	-	3.30	0.27	5.91	4.26	0.00
0	0	14.52	0.28	5.06	9.30	0.00
0	4	0.00	0.00	0.26	0.40	0.00
1	1	0.00	0.00	0.55	0.39	0.00
1	5	0.00	0.00	0.23	0.49	0.00
2	2	11.86	1.85	39.81	21.49	0.00
2	6	0.00	0.06	0.92	0.00	0.00
3	3	0.00	0.00	0.19	0.99	0.00
3	7	0.00	0.00	0.26	0.98	0.00
Core	CPU	C1%	C3%	C6%	C8%	C9%
-	-	2.81	0.34	6.23	4.00	0.15
0	0	12.38	0.41	6.00	6.85	1.22
0	4	0.00	0.00	0.10	0.40	0.00
1	1	0.00	0.00	0.28	1.18	0.00
1	5	0.00	0.00	0.32	1.08	0.00
2	2	10.12	2.15	41.63	20.12	0.00
2	6	0.00	0.14	0.89	0.59	0.00
3	3	0.00	0.02	0.30	0.79	0.00
3	7	0.00	0.00	0.29	1.00	0.00
Core	CPU	C1%	C3%	C6%	C8%	C9%
-	-	0.41	0.40	8.51	4.07	0.00
0	0	1.68	2.75	60.88	25.20	0.00
0	4	0.00	0.00	0.32	1.00	0.00
1	1	0.00	0.02	0.29	0.99	0.00
1	5	0.00	0.00	0.38	0.99	0.00
2	2	1.63	0.34	4.28	0.89	0.00
2	6	0.00	0.10	1.35	0.70	0.00
3	3	0.00	0.00	0.34	1.60	0.00
3	7	0.00	0.02	0.29	1.20	0.00
Core	CPU	C1%	C3%	C6%	C8%	C9%
-	-	0.02	0.32	8.58	3.81	0.11
0	0	0.14	2.45	65.53	24.56	0.00
0	4	0.00	0.00	0.56	0.00	0.00
1	1	0.00	0.00	0.25	1.08	0.00
1	5	0.00	0.00	0.17	1.28	0.91
2	2	0.00	0.00	0.19	0.81	0.00
2	6	0.00	0.03	0.85	0.69	0.00
3	3	0.03	0.04	0.60	1.27	0.00
3	7	0.00	0.00	0.50	0.79	0.00
Core	CPU	C1%	C3%	C6%	C8%	C9%
-	-	0.00	0.31	8.68	3.94	0.00
0	0	0.00	2.39	64.61	26.51	0.00
0	4	0.00	0.00	0.89	0.00	0.00
1	1	0.00	0.00	0.27	0.89	0.00
1	5	0.00	0.00	0.44	0.89	0.00
2	2	0.00	0.00	0.93	0.89	0.00
2	6	0.00	0.06	1.05	0.59	0.00
3	3	0.00	0.00	0.80	0.84	0.00
3	7	0.00	0.00	0.44	0.89	0.00
Core	CPU	C1%	C3%	C6%	C8%	C9%
-	-	3.75	0.36	6.26	4.60	0.13
0	0	17.48	0.36	5.63	14.74	0.04
0	4	0.00	0.01	0.60	0.00	0.00
1	1	0.00	0.00	0.20	0.99	0.00
1	5	8.35	1.02	22.08	7.97	0.00
2	2	0.00	0.00	0.75	0.40	0.00
2	6	0.00	0.09	1.15	0.00	0.00
3	3	4.16	1.39	19.48	11.61	0.00
3	7	0.00	0.00	0.20	1.10	1.00
Core	CPU	C1%	C3%	C6%	C8%	C9%
-	-	0.01	0.30	8.70	3.85	0.00
0	0	0.11	2.34	65.42	25.60	0.00
0	4	0.00	0.00	0.56	0.00	0.00
1	1	0.00	0.00	0.53	0.30	0.00
1	5	0.00	0.00	0.19	0.80	0.00
2	2	0.00	0.00	0.93	0.50	0.00
2	6	0.00	0.04	1.46	0.59	0.00
3	3	0.00	0.00	0.27	1.75	0.00
3	7	0.00	0.00	0.24	1.28	0.00
Core	CPU	C1%	C3%	C6%	C8%	C9%
-	-	0.00	0.34	8.70	7.60	0.65
0	0	0.00	2.60	64.66	26.39	0.00
0	4	0.00	0.00	0.88	0.00	5.17
1	1	0.00	0.00	0.42	1.67	0.00
1	5	0.00	0.00	0.33	1.29	0.00
2	2	0.00	0.00	0.62	0.39	0.00
2	6	0.00	0.03	1.19	1.08	0.00
3	3	0.00	0.00	0.40	0.79	0.00
3	7	0.01	0.13	1.12	29.17	0.00
Core	CPU	C1%	C3%	C6%	C8%	C9%
-	-	0.00	0.32	8.84	4.11	0.80
0	0	0.00	2.59	65.37	25.66	0.00
0	4	0.00	0.00	0.60	0.00	5.47
1	1	0.00	0.00	0.58	2.07	0.00
1	5	0.00	0.00	0.86	1.19	0.00
2	2	0.00	0.00	0.65	0.79	0.00
2	6	0.00	0.01	1.39	1.55	0.90
3	3	0.00	0.00	0.41	0.83	0.00
3	7	0.00	0.00	0.89	0.79	0.00
Core	CPU	C1%	C3%	C6%	C8%	C9%
-	-	0.00	0.30	8.55	3.83	0.42
0	0	0.00	2.34	64.62	26.60	0.00
0	4	0.00	0.00	0.43	0.11	3.39
1	1	0.00	0.02	0.29	0.40	0.00
1	5	0.00	0.00	0.53	0.41	0.00
2	2	0.00	0.00	0.29	0.89	0.00
2	6	0.00	0.03	0.95	0.69	0.00
3	3	0.00	0.00	0.45	0.78	0.00
3	7	0.00	0.00	0.83	0.79	0.00
Core	CPU	C1%	C3%	C6%	C8%	C9%
-	-	0.00	0.28	8.66	3.94	0.00
0	0	0.00	2.22	65.15	26.03	0.00
0	4	0.00	0.00	0.87	0.00	0.00
1	1	0.00	0.00	0.35	0.79	0.00
1	5	0.00	0.00	0.32	0.99	0.00
2	2	0.00	0.02	0.80	0.90	0.00
2	6	0.00	0.03	0.95	0.89	0.00
3	3	0.00	0.00	0.38	1.16	0.00
3	7	0.00	0.00	0.49	0.78	0.00
Core	CPU	C1%	C3%	C6%	C8%	C9%
-	-	0.00	0.32	8.74	3.84	1.10
0	0	0.01	2.53	65.44	25.61	0.00
0	4	0.00	0.00	0.88	0.00	8.77
1	1	0.00	0.00	0.27	0.79	0.00
1	5	0.00	0.00	0.35	0.99	0.00
2	2	0.00	0.00	0.90	0.79	0.00
2	6	0.00	0.05	1.31	0.59	0.00
3	3	0.00	0.00	0.39	0.89	0.00
3	7	0.00	0.00	0.37	1.09	0.00
Core	CPU	C1%	C3%	C6%	C8%	C9%
-	-	0.00	0.28	8.50	4.02	0.00
0	0	0.00	2.18	64.85	26.50	0.00
0	4	0.00	0.02	0.50	0.00	0.00
1	1	0.00	0.00	0.20	0.89	0.00
1	5	0.00	0.00	0.27	0.99	0.00
2	2	0.00	0.00	0.65	1.09	0.00
2	6	0.00	0.00	1.01	0.90	0.00
3	3	0.00	0.00	0.32	0.82	0.00
3	7	0.00	0.00	0.20	0.99	0.00
Core	CPU	C1%	C3%	C6%	C8%	C9%
-	-	0.00	0.27	8.66	4.02	0.11
0	0	0.00	2.09	65.11	26.34	0.00
0	4	0.00	0.00	0.64	0.10	0.00
1	1	0.00	0.00	0.62	0.69	0.00
1	5	0.00	0.00	0.60	0.29	0.00
2	2	0.00	0.03	0.49	1.58	0.00
2	6	0.00	0.07	1.15	1.18	0.90
3	3	0.00	0.00	0.45	0.88	0.00
3	7	0.00	0.00	0.24	1.08	0.00
Core	CPU	C1%	C3%	C6%	C8%	C9%
-	-	0.00	0.28	8.55	4.14	0.00
0	0	0.00	2.24	64.21	27.03	0.00
0	4	0.00	0.00	0.86	0.50	0.00
1	1	0.00	0.00	0.25	1.09	0.00
1	5	0.00	0.00	0.32	0.99	0.00
2	2	0.00	0.01	0.95	0.70	0.00
2	6	0.00	0.02	1.19	0.60	0.00
3	3	0.00	0.00	0.28	1.24	0.00
3	7	0.00	0.00	0.36	0.98	0.00
Core	CPU	C1%	C3%	C6%	C8%	C9%
-	-	0.01	0.29	8.46	4.10	0.00
0	0	0.10	2.25	64.23	26.92	0.00
0	4	0.00	0.00	0.67	0.40	0.00
1	1	0.00	0.00	0.57	0.69	0.00
1	5	0.00	0.00	0.36	0.89	0.00
2	2	0.00	0.00	0.53	0.80	0.00
2	6	0.00	0.06	0.75	0.99	0.00
3	3	0.00	0.00	0.19	1.03	0.00
3	7	0.00	0.00	0.38	1.09	0.00
Core	CPU	C1%	C3%	C6%	C8%	C9%
-	-	0.00	0.30	8.71	3.97	1.44
0	0	0.00	2.24	65.74	25.59	0.00
0	4	0.00	0.05	1.11	0.00	11.55
1	1	0.00	0.00	0.20	0.50	0.00
1	5	0.00	0.00	0.18	1.09	0.00
2	2	0.01	0.00	0.73	1.27	0.00
2	6	0.00	0.08	1.39	0.88	0.00
3	3	0.00	0.00	0.23	1.40	0.00
3	7	0.00	0.00	0.10	1.00	0.00
Core	CPU	C1%	C3%	C6%	C8%	C9%
-	-	0.00	0.26	8.40	3.94	0.00
0	0	0.00	1.97	64.22	27.34	0.00
0	4	0.00	0.00	0.56	0.00	0.00
1	1	0.00	0.00	0.14	0.79	0.00
1	5	0.00	0.00	0.37	0.25	0.00
2	2	0.00	0.00	0.20	0.50	0.00
2	6	0.00	0.08	1.18	0.49	0.00
3	3	0.00	0.00	0.27	1.16	0.00
3	7	0.00	0.00	0.25	0.99	0.00
Core	CPU	C1%	C3%	C6%	C8%	C9%
-	-	0.00	0.28	8.60	4.26	0.57
0	0	0.00	2.16	64.80	26.47	0.00
0	4	0.00	0.00	0.77	1.27	4.54
1	1	0.00	0.00	0.28	0.99	0.00
1	5	0.00	0.00	0.45	0.90	0.00
2	2	0.00	0.00	0.77	0.99	0.00
2	6	0.00	0.05	1.19	0.88	0.00
3	3	0.00	0.00	0.19	1.74	0.00
3	7	0.00	0.00	0.38	0.88	0.00
Core	CPU	C1%	C3%	C6%	C8%	C9%
-	-	1.28	0.32	7.18	4.37	0.27
0	0	5.23	1.16	33.65	15.97	0.00
0	4	0.00	0.00	0.65	0.49	2.20
1	1	0.00	0.00	0.13	1.09	0.00
1	5	0.00	0.00	0.18	0.99	0.00
2	2	0.00	0.00	0.75	1.39	0.00
2	6	0.00	0.09	0.97	0.59	0.00
3	3	5.03	1.25	20.28	13.68	0.00
3	7	0.00	0.04	0.86	0.79	0.00
Core	CPU	C1%	C3%	C6%	C8%	C9%
-	-	2.55	0.27	6.66	3.97	0.00
0	0	9.95	0.63	8.70	5.84	0.00
0	4	0.00	0.00	0.45	0.10	0.00
1	1	0.00	0.00	0.23	1.48	0.00
1	5	0.00	0.02	0.28	1.39	0.00
2	2	0.00	0.00	0.10	0.30	0.00
2	6	0.00	0.03	1.46	0.50	0.00
3	3	10.43	1.50	41.30	21.36	0.00
3	7	0.00	0.00	0.73	0.79	0.00
Core	CPU	C1%	C3%	C6%	C8%	C9%
-	-	1.96	0.23	6.36	4.16	0.00
0	0	7.71	0.61	7.09	2.54	0.00
0	4	0.00	0.00	0.46	1.51	0.00
1	1	0.00	0.00	0.46	1.39	0.00
1	5	0.00	0.00	0.35	1.48	0.00
2	2	0.01	0.01	1.12	0.69	0.00
2	6	0.00	0.11	1.61	0.69	0.00
3	3	7.95	1.13	39.13	23.78	0.00
3	7	0.00	0.00	0.66	1.20	0.00
Core	CPU	C1%	C3%	C6%	C8%	C9%
-	-	0.00	0.28	8.67	3.93	0.00
0	0	0.00	2.18	64.83	26.39	0.00
0	4	0.00	0.00	0.42	0.50	0.00
1	1	0.00	0.01	0.39	0.50	0.00
1	5	0.00	0.00	0.19	0.40	0.00
2	2	0.00	0.00	1.37	0.79	0.00
2	6	0.00	0.03	1.32	0.89	0.00
3	3	0.00	0.00	0.54	0.99	0.00
3	7	0.00	0.03	0.30	0.98	0.00
Core	CPU	C1%	C3%	C6%	C8%	C9%
-	-	2.48	0.33	6.26	4.02	0.11
0	0	10.64	0.53	7.48	6.58	0.00
0	4	0.00	0.00	0.65	0.39	0.00
1	1	0.00	0.00	0.04	0.59	0.00
1	5	0.00	0.00	0.17	1.08	0.91
2	2	0.00	0.00	0.29	0.21	0.00
2	6	0.00	0.12	0.90	1.27	0.00
3	3	9.19	2.03	40.29	21.12	0.00
3	7	0.00	0.00	0.25	0.89	0.00
Core	CPU	C1%	C3%	C6%	C8%	C9%
-	-	2.25	0.28	6.37	4.42	0.00
0	0	9.09	0.45	8.16	8.33	0.00
0	4	0.00	0.00	0.48	0.70	0.00
1	1	0.00	0.00	0.37	0.79	0.00
1	5	0.00	0.00	0.44	0.69	0.00
2	2	0.00	0.00	0.17	0.99	0.00
2	6	0.00	0.14	1.12	0.59	0.00
3	3	8.90	1.62	39.97	22.47	0.00
3	7	0.00	0.02	0.28	0.78	0.00
Core	CPU	C1%	C3%	C6%	C8%	C9%
-	-	2.21	0.43	6.51	5.41	0.00
0	0	8.56	0.69	10.84	12.26	0.00
0	4	0.00	0.00	0.03	0.59	0.00
1	1	0.00	0.00	0.00	0.82	0.00
1	5	0.00	0.00	0.46	2.18	0.00
2	2	0.00	0.00	0.37	1.48	0.00
2	6	0.00	0.05	1.41	0.49	0.00
3	3	9.09	2.64	38.41	24.35	0.00
3	7	0.00	0.02	0.54	1.10	0.00
Core	CPU	C1%	C3%	C6%	C8%	C9%
-	-	2.24	0.26	6.55	3.74	0.00
0	0	8.58	0.48	7.54	3.58	0.01
0	4	0.00	0.00	0.37	0.89	0.00
1	1	0.00	0.00	0.26	1.28	0.00
1	5	0.00	0.00	0.23	0.99	0.00
2	2	0.02	0.02	0.70	0.89	0.00
2	6	0.00	0.05	1.01	0.50	0.00
3	3	9.35	1.49	41.86	21.18	0.00
3	7	0.00	0.00	0.43	0.60	0.00
Core	CPU	C1%	C3%	C6%	C8%	C9%
-	-	2.56	0.31	6.51	4.02	0.00
0	0	10.23	0.36	7.76	5.60	0.00
0	4	0.00	0.00	0.19	0.41	0.00
1	1	0.00	0.00	0.28	0.99	0.00
1	5	0.00	0.00	0.37	0.79	0.00
2	2	0.00	0.00	0.54	0.69	0.00
2	6	0.00	0.07	0.96	0.49	0.00
3	3	10.25	2.07	41.63	22.49	0.00
3	7	0.00	0.00	0.39	0.69	0.00
Core	CPU	C1%	C3%	C6%	C8%	C9%
-	-	2.08	0.20	6.23	3.66	0.00
0	0	7.22	0.57	5.92	2.31	0.00
0	4	0.00	0.00	0.34	0.31	0.00
1	1	0.00	0.00	0.43	0.02	0.00
1	5	0.00	0.01	0.64	0.00	0.00
2	2	0.00	0.00	0.29	1.18	0.00
2	6	0.00	0.03	1.24	0.69	0.00
3	3	9.45	1.02	40.02	23.75	0.00
3	7	0.00	0.00	1.00	1.00	0.00
Core	CPU	C1%	C3%	C6%	C8%	C9%
-	-	2.27	0.34	6.46	7.42	0.00
0	0	9.40	0.67	9.96	8.67	0.00
0	4	0.00	0.00	0.28	0.89	0.00
1	1	0.00	0.00	0.71	0.68	0.00
1	5	0.00	0.00	0.34	0.79	0.00
2	2	0.00	0.00	0.32	0.80	0.00
2	6	0.00	0.16	1.11	0.20	0.00
3	3	8.74	1.74	38.04	21.43	0.00
3	7	0.01	0.15	0.91	25.86	0.00
Core	CPU	C1%	C3%	C6%	C8%	C9%
-	-	0.00	0.32	8.79	4.49	0.00
0	0	0.00	2.51	63.93	27.13	0.00
0	4	0.00	0.01	0.39	0.21	0.00
1	1	0.00	0.00	0.29	2.07	0.00
1	5	0.00	0.00	0.55	1.79	0.00
2	2	0.00	0.00	1.30	0.80	0.00
2	6	0.00	0.03	1.51	0.80	0.00
3	3	0.00	0.02	1.07	1.30	0.00
3	7	0.00	0.00	1.24	1.86	0.00
Core	CPU	C1%	C3%	C6%	C8%	C9%
-	-	0.08	0.29	8.48	4.00	0.00
0	0	0.26	2.05	60.95	25.79	0.00
0	4	0.00	0.00	0.63	0.19	0.00
1	1	0.00	0.02	0.40	0.51	0.00
1	5	0.00	0.00	0.50	0.39	0.00
2	2	0.00	0.00	0.78	0.89	0.00
2	6	0.00	0.14	1.04	1.18	0.00
3	3	0.36	0.10	3.31	1.93	0.00
3	7	0.00	0.00	0.23	1.09	0.00
Core	CPU	C1%	C3%	C6%	C8%	C9%
-	-	2.41	0.38	6.12	3.93	0.00
0	0	10.44	0.54	6.12	4.32	0.00
0	4	0.00	0.00	0.67	0.49	0.00
1	1	0.00	0.00	0.46	0.69	0.00
1	5	0.00	0.00	0.32	1.09	0.00
2	2	0.00	0.43	0.30	0.03	0.00
2	6	0.00	0.07	0.79	1.00	0.00
3	3	8.84	1.97	39.86	23.27	0.00
3	7	0.00	0.00	0.45	0.59	0.00
Core	CPU	C1%	C3%	C6%	C8%	C9%
-	-	1.90	0.24	6.19	4.17	0.00
0	0	7.52	0.54	6.38	2.24	0.00
0	4	0.00	0.00	0.50	1.86	0.00
1	1	0.00	0.00	0.37	0.99	0.00
1	5	0.00	0.00	0.28	0.89	0.00
2	2	0.00	0.00	0.55	0.69	0.00
2	6	0.00	0.03	1.32	0.90	0.00
3	3	7.66	1.37	39.86	24.94	0.00
3	7	0.00	0.00	0.29	0.88	0.00
Core	CPU	C1%	C3%	C6%	C8%	C9%
-	-	1.94	0.24	6.51	3.83	0.00
0	0	7.94	0.87	10.90	4.01	0.00
0	4	0.00	0.00	0.54	1.27	0.00
1	1	0.00	0.01	0.42	0.00	0.00
1	5	0.00	0.01	0.55	0.00	0.00
2	2	0.00	0.01	0.79	0.79	0.00
2	6	0.00	0.00	1.05	1.57	0.00
3	3	7.56	1.03	37.59	21.93	0.00
3	7	0.00	0.00	0.24	1.08	0.00
Core	CPU	C1%	C3%	C6%	C8%	C9%
-	-	0.15	0.25	8.28	3.99	0.00
0	0	0.74	1.93	60.47	25.72	0.00
0	4	0.00	0.00	0.66	0.21	0.00
1	1	0.00	0.00	0.66	0.59	0.00
1	5	0.00	0.00	0.44	0.69	0.00
2	2	0.00	0.00	0.42	0.69	0.00
2	6	0.00	0.00	0.62	1.10	0.00
3	3	0.46	0.04	2.52	2.36	0.00
3	7	0.00	0.00	0.47	0.59	0.00
Core	CPU	C1%	C3%	C6%	C8%	C9%
-	-	2.08	0.21	6.07	3.69	0.00
0	0	7.98	0.53	5.99	2.43	0.00
0	4	0.00	0.03	0.58	0.50	0.00
1	1	0.00	0.00	0.00	0.50	0.00
1	5	0.00	0.00	0.27	0.99	0.00
2	2	0.00	0.00	0.37	0.79	0.00
2	6	0.00	0.01	0.96	0.99	0.00
3	3	8.68	1.13	39.99	22.40	0.00
3	7	0.00	0.00	0.36	0.89	0.00
Core	CPU	C1%	C3%	C6%	C8%	C9%
-	-	1.78	0.22	6.09	3.74	0.00
0	0	6.73	0.58	6.90	2.48	0.00
0	4	0.00	0.00	0.25	0.68	0.00
1	1	0.00	0.00	0.13	0.30	0.00
1	5	0.00	0.02	0.10	0.30	0.00
2	2	0.00	0.00	0.07	0.69	0.00
2	6	0.00	0.00	0.99	0.59	0.00
3	3	7.48	1.19	39.42	24.08	0.00
3	7	0.00	0.00	0.84	0.79	0.00
Core	CPU	C1%	C3%	C6%	C8%	C9%
-	-	0.00	0.26	8.49	4.28	0.00
0	0	0.00	2.06	64.10	27.32	0.00
0	4	0.00	0.00	0.20	0.40	0.00
1	1	0.00	0.00	0.29	1.09	0.00
1	5	0.00	0.00	0.79	1.10	0.00
2	2	0.00	0.03	0.86	1.09	0.00
2	6	0.00	0.03	0.84	1.08	0.00
3	3	0.00	0.00	0.20	1.20	0.00
3	7	0.00	0.00	0.61	0.99	0.00
Core	CPU	C1%	C3%	C6%	C8%	C9%
-	-	3.79	0.52	6.43	4.31	0.00
0	0	16.50	0.22	9.29	10.95	0.00
0	4	0.00	0.02	0.08	0.49	0.00
1	1	13.78	3.91	39.48	19.28	0.00
1	5	0.00	0.00	0.29	0.88	0.00
2	2	0.00	0.00	0.46	0.69	0.00
2	6	0.00	0.02	0.61	1.07	0.00
3	3	0.00	0.00	0.63	0.29	0.00
3	7	0.00	0.00	0.59	0.79	0.00
Core	CPU	C1%	C3%	C6%	C8%	C9%
-	-	0.00	0.29	8.59	4.27	0.00
0	0	0.00	2.27	64.34	26.93	0.00
0	4	0.00	0.00	0.36	0.79	0.00
1	1	0.00	0.00	0.63	0.61	0.00
1	5	0.00	0.00	0.41	1.19	0.00
2	2	0.00	0.00	0.63	1.03	0.00
2	6	0.00	0.02	0.41	1.36	0.00
3	3	0.00	0.00	0.87	1.18	0.00
3	7	0.00	0.00	1.04	1.09	0.00
Core	CPU	C1%	C3%	C6%	C8%	C9%
-	-	3.60	0.42	5.88	4.45	0.12
0	0	16.30	0.33	4.03	11.46	0.00
0	4	0.00	0.00	0.29	0.88	0.00
1	1	12.49	3.00	40.38	19.35	0.00
1	5	0.00	0.00	0.24	0.89	0.00
2	2	0.00	0.00	0.24	0.91	0.99
2	6	0.00	0.00	1.12	0.48	0.00
3	3	0.00	0.00	0.30	0.88	0.00
3	7	0.00	0.00	0.41	0.79	0.00
Core	CPU	C1%	C3%	C6%	C8%	C9%
-	-	3.59	0.36	6.22	4.42	0.06
0	0	15.25	0.56	4.73	11.07	0.52
0	4	0.00	0.00	0.27	1.00	0.00
1	1	0.33	0.08	4.85	2.47	0.00
1	5	0.00	0.00	0.71	0.89	0.00
2	2	13.15	2.23	37.83	17.63	0.00
2	6	0.00	0.04	0.83	0.60	0.00
3	3	0.00	0.00	0.19	0.89	0.00
3	7	0.00	0.00	0.36	0.79	0.00
Core	CPU	C1%	C3%	C6%	C8%	C9%
-	-	4.57	0.46	7.04	4.72	0.00
0	0	19.72	0.40	11.97	12.95	0.00
0	4	0.00	0.00	0.09	0.51	0.00
1	1	16.83	3.14	41.53	17.43	0.00
1	5	0.00	0.00	0.36	1.87	0.00
2	2	0.00	0.00	0.45	1.29	0.00
2	6	0.00	0.09	1.23	0.99	0.00
3	3	0.00	0.04	0.39	1.09	0.00
3	7	0.00	0.00	0.29	1.68	0.00
Core	CPU	C1%	C3%	C6%	C8%	C9%
-	-	1.77	0.20	6.44	3.77	0.00
0	0	7.03	0.51	8.69	3.55	0.00
0	4	0.00	0.00	0.29	0.41	0.00
1	1	0.00	0.02	0.89	0.50	0.00
1	5	0.00	0.02	0.68	0.19	0.00
2	2	0.00	0.00	0.20	0.98	0.00
2	6	0.00	0.07	1.89	0.40	0.00
3	3	7.17	0.97	38.47	23.42	0.00
3	7	0.00	0.00	0.43	0.69	0.00
Core	CPU	C1%	C3%	C6%	C8%	C9%
-	-	0.01	0.30	9.03	4.53	0.53
0	0	0.09	2.30	65.47	25.49	0.00
0	4	0.00	0.00	1.18	1.46	4.20
1	1	0.00	0.00	0.69	3.14	0.00
1	5	0.00	0.02	0.60	1.18	0.00
2	2	0.00	0.00	0.32	1.40	0.00
2	6	0.00	0.03	0.83	1.28	0.00
3	3	0.00	0.00	0.10	0.99	0.00
3	7	0.00	0.07	3.04	1.28	0.00
Core	CPU	C1%	C3%	C6%	C8%	C9%
-	-	1.36	0.27	7.35	4.08	0.14
0	0	5.59	1.33	30.83	13.31	0.00
0	4	0.00	0.02	0.60	0.10	1.09
1	1	5.28	0.74	25.30	14.28	0.00
1	5	0.00	0.00	0.36	1.00	0.00
2	2	0.00	0.00	0.36	1.59	0.00
2	6	0.00	0.10	0.83	0.60	0.00
3	3	0.00	0.00	0.22	0.90	0.00
3	7	0.00	0.00	0.28	0.90	0.00
Core	CPU	C1%	C3%	C6%	C8%	C9%
-	-	4.29	0.46	7.13	4.00	0.07
0	0	17.28	0.58	10.72	11.63	0.59
0	4	0.00	0.00	0.54	0.00	0.00
1	1	16.91	3.02	42.81	15.89	0.00
1	5	0.00	0.00	0.09	0.58	0.00
2	2	0.12	0.01	0.52	1.75	0.00
2	6	0.00	0.07	1.64	0.30	0.00
3	3	0.00	0.00	0.35	0.69	0.00
3	7	0.00	0.00	0.32	1.19	0.00
Core	CPU	C1%	C3%	C6%	C8%	C9%
-	-	2.37	0.42	7.61	4.15	0.03
0	0	9.52	1.57	31.63	17.84	0.00
0	4	0.00	0.00	0.47	0.70	0.00
1	1	9.47	1.69	24.78	9.87	0.00
1	5	0.00	0.00	1.20	2.05	0.20
2	2	0.00	0.00	0.72	0.00	0.00
2	6	0.00	0.13	1.27	0.70	0.00
3	3	0.00	0.00	0.19	0.89	0.00
3	7	0.00	0.00	0.63	1.18	0.00
Core	CPU	C1%	C3%	C6%	C8%	C9%
-	-	0.00	0.29	8.79	3.87	1.46
0	0	0.00	2.33	65.80	25.44	0.00
0	4	0.00	0.00	0.69	0.48	10.79
1	1	0.00	0.00	0.88	0.39	0.00
1	5	0.00	0.00	0.54	1.38	0.90
2	2	0.00	0.00	0.45	0.79	0.00
2	6	0.00	0.01	0.83	0.49	0.00
3	3	0.00	0.01	0.64	0.99	0.00
3	7	0.00	0.00	0.49	1.00	0.00
Core	CPU	C1%	C3%	C6%	C8%	C9%
-	-	0.07	0.30	8.75	4.24	0.00
0	0	0.06	2.25	62.64	27.42	0.00
0	4	0.00	0.03	1.00	0.00	0.00
1	1	0.00	0.07	1.75	1.38	0.00
1	5	0.00	0.01	0.50	0.71	0.00
2	2	0.48	0.00	0.74	0.99	0.00
2	6	0.00	0.00	1.33	1.56	0.00
3	3	0.00	0.00	1.73	0.89	0.00
3	7	0.00	0.02	0.34	0.99	0.00
Core	CPU	C1%	C3%	C6%	C8%	C9%
-	-	1.13	0.40	7.88	4.15	0.46
0	0	5.20	1.88	47.68	20.69	0.00
0	4	0.00	0.00	0.71	1.01	3.65
1	1	3.82	1.28	12.50	7.04	0.00
1	5	0.05	0.01	0.90	1.29	0.00
2	2	0.00	0.02	0.20	0.40	0.00
2	6	0.00	0.02	0.20	0.50	0.00
3	3	0.00	0.00	0.49	1.18	0.00
3	7	0.00	0.00	0.37	1.08	0.00
Core	CPU	C1%	C3%	C6%	C8%	C9%
-	-	3.27	0.38	6.26	8.17	0.04
0	0	14.39	0.35	6.97	10.70	0.33
0	4	0.00	0.00	0.19	1.38	0.00
1	1	11.80	2.46	40.54	19.94	0.00
1	5	0.00	0.02	0.75	0.99	0.00
2	2	0.00	0.00	0.15	0.99	0.00
2	6	0.00	0.00	0.21	1.18	0.00
3	3	0.00	0.02	0.29	0.80	0.00
3	7	0.01	0.16	0.98	29.36	0.00
Core	CPU	C1%	C3%	C6%	C8%	C9%
-	-	3.46	0.35	6.40	4.11	0.00
0	0	15.21	0.31	5.26	10.88	0.00
0	4	0.00	0.00	0.23	0.40	0.00
1	1	12.47	2.43	43.29	17.84	0.00
1	5	0.00	0.01	0.69	0.31	0.00
2	2	0.00	0.00	0.28	0.99	0.00
2	6	0.00	0.00	0.37	0.98	0.00
3	3	0.00	0.00	0.25	0.89	0.00
3	7	0.00	0.04	0.83	0.59	0.00
Core	CPU	C1%	C3%	C6%	C8%	C9%
-	-	2.65	0.36	7.51	3.84	0.26
0	0	10.98	1.16	24.93	12.38	0.00
0	4	0.00	0.00	0.36	1.29	0.67
1	1	10.00	1.67	31.47	11.99	0.00
1	5	0.20	0.04	1.30	0.39	1.38
2	2	0.02	0.02	0.37	0.90	0.00
2	6	0.00	0.00	0.73	2.58	0.00
3	3	0.00	0.00	0.48	0.49	0.00
3	7	0.00	0.00	0.45	0.69	0.00
Core	CPU	C1%	C3%	C6%	C8%	C9%
-	-	0.00	0.26	8.56	4.24	0.00
0	0	0.00	2.04	64.80	26.66	0.00
0	4	0.00	0.00	0.78	0.70	0.00
1	1	0.00	0.00	0.95	0.98	0.00
1	5	0.00	0.00	0.79	0.79	0.00
2	2	0.00	0.00	0.24	0.89	0.00
2	6	0.00	0.00	0.36	1.60	0.00
3	3	0.00	0.00	0.29	1.19	0.00
3	7	0.00	0.00	0.29	1.08	0.00
Core	CPU	C1%	C3%	C6%	C8%	C9%
-	-	2.59	0.33	5.88	4.31	0.01
0	0	11.61	0.29	3.35	6.88	0.12
0	4	0.00	0.00	0.03	0.60	0.00
1	1	9.12	2.23	41.91	21.03	0.00
1	5	0.00	0.02	0.50	1.17	0.00
2	2	0.00	0.00	0.27	0.89	0.00
2	6	0.00	0.08	0.48	1.70	0.00
3	3	0.00	0.00	0.23	1.00	0.00
3	7	0.00	0.00	0.27	1.24	0.00
Core	CPU	C1%	C3%	C6%	C8%	C9%
-	-	3.72	0.39	6.56	4.98	0.04
0	0	15.65	1.01	8.51	16.16	0.00
0	4	0.00	0.00	0.05	0.71	0.00
1	1	5.63	0.75	14.07	6.70	0.00
1	5	0.00	0.03	0.81	0.10	0.00
2	2	8.47	1.34	27.66	12.54	0.00
2	6	0.00	0.00	0.75	1.97	0.30
3	3	0.00	0.00	0.36	1.10	0.00
3	7	0.00	0.00	0.31	0.60	0.00
Core	CPU	C1%	C3%	C6%	C8%	C9%
-	-	1.93	0.29	6.97	4.96	0.47
0	0	8.00	0.74	9.25	10.59	1.19
0	4	0.00	0.00	0.37	0.60	0.00
1	1	0.00	0.00	0.88	1.27	0.00
1	5	0.00	0.02	0.77	1.09	0.00
2	2	7.38	1.56	42.85	22.97	0.00
2	6	0.00	0.02	1.05	1.54	2.56
3	3	0.00	0.00	0.19	0.99	0.00
3	7	0.04	0.00	0.44	0.69	0.00
Core	CPU	C1%	C3%	C6%	C8%	C9%
-	-	2.61	0.39	6.37	4.14	0.11
0	0	11.33	0.79	8.19	7.44	0.00
0	4	0.00	0.00	0.30	0.20	0.00
1	1	0.84	0.17	4.68	2.44	0.00
1	5	0.00	0.00	0.98	0.59	0.00
2	2	8.72	2.12	35.89	19.75	0.00
2	6	0.00	0.01	0.36	1.03	0.90
3	3	0.00	0.02	0.30	0.80	0.00
3	7	0.00	0.00	0.30	0.89	0.00
Core	CPU	C1%	C3%	C6%	C8%	C9%
-	-	2.42	0.38	7.28	4.95	0.00
0	0	10.75	0.70	11.29	13.15	0.00
0	4	0.00	0.00	0.43	0.91	0.00
1	1	8.63	2.27	43.34	20.60	0.00
1	5	0.00	0.02	1.09	1.12	0.00
2	2	0.00	0.00	0.68	0.40	0.00
2	6	0.00	0.02	0.92	1.52	0.00
3	3	0.00	0.00	0.36	0.89	0.00
3	7	0.00	0.00	0.13	0.99	0.00
Core	CPU	C1%	C3%	C6%	C8%	C9%
-	-	4.05	0.44	6.97	5.60	0.00
0	0	17.45	0.57	8.85	21.68	0.00
0	4	0.00	0.00	0.36	1.20	0.00
1	1	14.98	2.91	43.71	16.03	0.00
1	5	0.00	0.02	0.83	1.08	0.00
2	2	0.00	0.02	0.58	0.60	0.00
2	6	0.00	0.00	0.29	1.72	0.00
3	3	0.00	0.00	0.29	1.28	0.00
3	7	0.00	0.00	0.86	1.18	0.00
Core	CPU	C1%	C3%	C6%	C8%	C9%
-	-	3.24	0.41	6.76	5.46	0.00
0	0	14.00	0.71	8.00	17.78	0.00
0	4	0.00	0.02	0.91	0.41	0.00
1	1	11.95	2.53	42.48	19.37	0.00
1	5	0.00	0.01	0.76	1.00	0.00
2	2	0.00	0.00	1.01	1.98	0.00
2	6	0.00	0.01	0.31	1.02	0.00
3	3	0.00	0.00	0.41	1.10	0.00
3	7	0.00	0.00	0.20	0.99	0.00
Core	CPU	C1%	C3%	C6%	C8%	C9%
-	-	2.83	0.29	6.38	3.99	0.41
0	0	10.99	0.47	7.03	6.65	0.88
0	4	0.00	0.00	0.15	0.51	0.00
1	1	0.00	0.00	0.63	0.59	0.00
1	5	0.10	0.03	0.61	0.18	0.00
2	2	10.07	1.60	36.74	17.66	0.00
2	6	0.00	0.01	0.82	2.75	2.41
3	3	1.52	0.21	4.74	2.49	0.00
3	7	0.00	0.01	0.30	1.10	0.00
Core	CPU	C1%	C3%	C6%	C8%	C9%
-	-	0.00	0.28	8.61	4.49	0.43
0	0	0.00	2.22	64.61	26.53	0.00
0	4	0.00	0.00	0.78	0.30	2.49
1	1	0.00	0.00	0.70	0.79	0.00
1	5	0.00	0.00	0.89	1.50	0.93
2	2	0.00	0.00	0.54	1.78	0.00
2	6	0.00	0.00	0.64	2.26	0.00
3	3	0.00	0.00	0.20	1.48	0.00
3	7	0.00	0.01	0.50	1.29	0.00
Core	CPU	C1%	C3%	C6%	C8%	C9%
-	-	0.01	0.30	8.70	4.07	0.00
0	0	0.00	2.36	64.98	26.34	0.00
0	4	0.02	0.02	0.57	0.01	0.00
1	1	0.00	0.02	0.25	0.34	0.00
1	5	0.00	0.00	0.40	1.19	0.00
2	2	0.00	0.00	0.37	1.19	0.00
2	6	0.00	0.01	1.42	1.97	0.00
3	3	0.00	0.00	0.56	1.09	0.00
3	7	0.06	0.00	1.02	0.39	0.00
Core	CPU	C1%	C3%	C6%	C8%	C9%
-	-	0.00	0.31	8.57	4.05	0.94
0	0	0.00	2.41	64.60	26.56	0.00
0	4	0.00	0.00	0.73	0.10	7.55
1	1	0.00	0.00	0.98	0.61	0.00
1	5	0.00	0.04	0.48	1.37	0.00
2	2	0.00	0.04	1.02	0.40	0.00
2	6	0.00	0.00	0.27	1.31	0.00
3	3	0.00	0.00	0.36	0.99	0.00
3	7	0.00	0.00	0.14	1.09	0.00
Core	CPU	C1%	C3%	C6%	C8%	C9%
-	-	0.00	0.25	8.64	3.92	0.00
0	0	0.00	1.99	64.49	27.02	0.00
0	4	0.00	0.00	0.88	0.09	0.00
1	1	0.00	0.00	0.56	0.59	0.00
1	5	0.00	0.00	0.86	0.69	0.00
2	2	0.00	0.01	0.82	0.30	0.00
2	6	0.00	0.01	1.05	0.80	0.00
3	3	0.00	0.00	0.10	1.09	0.00
3	7	0.00	0.00	0.37	0.80	0.00
Core	CPU	C1%	C3%	C6%	C8%	C9%
-	-	0.00	0.26	8.46	4.39	0.00
0	0	0.00	2.02	64.25	27.19	0.00
0	4	0.00	0.02	0.39	0.10	0.00
1	1	0.00	0.00	0.30	0.79	0.00
1	5	0.00	0.04	0.66	1.78	0.00
2	2	0.00	0.00	0.80	1.19	0.00
2	6	0.00	0.00	0.33	1.42	0.00
3	3	0.00	0.00	0.42	1.39	0.00
3	7	0.00	0.00	0.50	1.29	0.00
Core	CPU	C1%	C3%	C6%	C8%	C9%
-	-	0.55	0.35	8.52	3.88	0.70
0	0	2.28	2.26	55.78	22.62	0.00
0	4	0.00	0.00	0.93	0.40	5.59
1	1	0.00	0.00	0.72	0.52	0.00
1	5	0.00	0.03	1.00	0.69	0.00
2	2	2.14	0.49	8.21	2.41	0.00
2	6	0.00	0.00	0.44	1.66	0.00
3	3	0.00	0.00	0.55	1.29	0.00
3	7	0.00	0.00	0.50	1.49	0.00
Core	CPU	C1%	C3%	C6%	C8%	C9%
-	-	2.65	0.31	6.21	4.55	0.00
0	0	11.74	0.37	5.75	7.99	0.04
0	4	0.00	0.00	0.36	0.80	0.00
1	1	0.00	0.00	0.26	1.28	0.00
1	5	0.00	0.01	1.14	1.08	0.00
2	2	9.45	2.03	40.48	21.71	0.00
2	6	0.00	0.03	0.93	1.67	0.00
3	3	0.00	0.00	0.29	0.79	0.00
3	7	0.00	0.00	0.46	1.08	0.00
Core	CPU	C1%	C3%	C6%	C8%	C9%
-	-	3.53	0.48	6.66	4.04	0.02
0	0	14.91	0.45	9.67	8.23	0.00
0	4	0.00	0.00	0.14	0.80	0.00
1	1	0.00	0.00	0.28	0.99	0.00
1	5	0.00	0.01	1.07	0.50	0.00
2	2	13.33	3.37	40.49	17.94	0.00
2	6	0.00	0.00	0.85	1.87	0.15
3	3	0.00	0.01	0.39	0.70	0.00
3	7	0.00	0.00	0.39	1.27	0.00
Core	CPU	C1%	C3%	C6%	C8%	C9%
-	-	3.92	0.47	6.14	4.55	0.00
0	0	17.70	0.38	4.47	13.68	0.00
0	4	0.00	0.00	0.22	0.90	0.00
1	1	0.00	0.02	0.49	0.42	0.00
1	5	13.64	3.16	41.95	17.25	0.00
2	2	0.00	0.19	0.67	0.69	0.00
2	6	0.00	0.00	0.72	1.49	0.00
3	3	0.00	0.00	0.36	0.88	0.00
3	7	0.00	0.03	0.20	1.08	0.00
Core	CPU	C1%	C3%	C6%	C8%	C9%
-	-	0.71	0.29	8.38	4.41	0.00
0	0	3.29	1.88	57.74	27.18	0.00
0	4	0.00	0.00	0.36	0.90	0.00
1	1	0.00	0.02	0.33	1.08	0.00
1	5	2.41	0.37	6.36	2.48	0.00
2	2	0.00	0.02	0.37	0.42	0.00
2	6	0.00	0.06	0.93	1.32	0.00
3	3	0.00	0.00	0.29	0.79	0.00
3	7	0.00	0.00	0.67	1.08	0.00
Core	CPU	C1%	C3%	C6%	C8%	C9%
-	-	0.00	0.36	8.80	7.34	1.04
0	0	0.00	2.75	65.65	25.20	0.00
0	4	0.00	0.00	0.39	0.90	8.36
1	1	0.00	0.00	0.54	0.98	0.00
1	5	0.00	0.00	0.96	0.71	0.00
2	2	0.00	0.00	0.40	1.79	0.00
2	6	0.00	0.00	0.73	0.79	0.00
3	3	0.00	0.01	0.39	0.80	0.00
3	7	0.01	0.08	1.34	27.57	0.00
Core	CPU	C1%	C3%	C6%	C8%	C9%
-	-	0.56	0.29	8.39	4.70	0.42
0	0	2.34	1.93	55.41	25.14	0.00
0	4	0.00	0.00	0.67	1.46	3.40
1	1	2.02	0.30	7.36	2.91	0.00
1	5	0.00	0.00	0.49	2.13	0.00
2	2	0.00	0.01	0.33	1.77	0.00
2	6	0.00	0.04	1.33	1.97	0.00
3	3	0.00	0.00	0.51	1.47	0.00
3	7	0.10	0.03	0.97	0.78	0.00
Core	CPU	C1%	C3%	C6%	C8%	C9%
-	-	6.11	0.39	6.93	5.95	0.00
0	0	28.28	0.32	5.24	28.81	0.00
0	4	0.00	0.00	0.36	0.79	0.00
1	1	20.64	2.77	47.69	12.05	0.03
1	5	0.00	0.02	1.03	1.07	0.00
2	2	0.00	0.02	0.29	0.90	0.00
2	6	0.00	0.00	0.17	2.20	0.00
3	3	0.00	0.00	0.19	0.98	0.00
3	7	0.00	0.00	0.49	0.79	0.00
Core	CPU	C1%	C3%	C6%	C8%	C9%
-	-	3.47	0.36	6.71	4.35	0.00
0	0	15.27	0.65	9.66	9.42	0.00
0	4	0.00	0.00	0.09	0.80	0.00
1	1	12.47	2.20	42.14	20.44	0.00
1	5	0.00	0.04	0.83	0.69	0.00
2	2	0.00	0.00	0.15	0.79	0.00
2	6	0.00	0.00	0.23	1.18	0.00
3	3	0.00	0.01	0.39	0.70	0.00
3	7	0.00	0.00	0.19	0.79	0.00
Core	CPU	C1%	C3%	C6%	C8%	C9%
-	-	2.89	0.41	6.67	4.91	0.00
0	0	12.43	1.01	9.58	13.39	0.01
0	4	0.00	0.00	0.23	0.99	0.00
1	1	4.79	0.88	9.33	4.48	0.00
1	5	0.00	0.01	0.99	0.78	0.00
2	2	0.00	0.00	0.53	1.49	0.00
2	6	0.00	0.00	0.27	0.89	0.00
3	3	0.00	0.00	0.15	0.80	0.00
3	7	5.92	1.35	32.26	16.51	0.00
Core	CPU	C1%	C3%	C6%	C8%	C9%
-	-	0.00	0.39	8.85	3.64	1.56
0	0	0.00	2.78	66.33	24.41	0.00
0	4	0.00	0.00	0.27	0.59	12.47
1	1	0.00	0.09	0.55	0.09	0.00
1	5	0.00	0.03	1.12	0.21	0.00
2	2	0.00	0.08	0.33	0.30	0.00
2	6	0.00	0.00	0.33	1.04	0.00
3	3	0.00	0.00	0.66	1.09	0.00
3	7	0.00	0.10	1.23	1.39	0.00
Core	CPU	C1%	C3%	C6%	C8%	C9%
-	-	0.00	0.27	8.42	4.08	0.48
0	0	0.00	2.12	64.36	27.06	0.00
0	4	0.00	0.00	0.20	0.50	3.87
1	1	0.00	0.00	0.68	0.49	0.00
1	5	0.00	0.02	0.86	0.79	0.00
2	2	0.00	0.00	0.25	1.08	0.00
2	6	0.00	0.00	0.33	1.10	0.00
3	3	0.00	0.01	0.39	0.79	0.00
3	7	0.00	0.00	0.29	0.79	0.00
Core	CPU	C1%	C3%	C6%	C8%	C9%
-	-	0.00	0.27	8.48	4.10	0.90
0	0	0.00	2.18	65.35	25.99	0.00
0	4	0.00	0.00	0.63	0.39	7.18
1	1	0.00	0.00	0.10	0.40	0.00
1	5	0.00	0.00	0.41	1.29	0.00
2	2	0.00	0.00	0.37	0.98	0.00
2	6	0.00	0.00	0.60	1.39	0.00
3	3	0.00	0.00	0.19	1.18	0.00
3	7	0.00	0.02	0.20	1.19	0.00
Core	CPU	C1%	C3%	C6%	C8%	C9%
-	-	0.00	0.27	8.51	4.09	0.48
0	0	0.00	2.14	64.54	26.80	0.00
0	4	0.00	0.00	0.84	0.79	3.87
1	1	0.00	0.00	0.04	0.39	0.00
1	5	0.00	0.01	0.33	0.89	0.00
2	2	0.00	0.00	0.41	0.40	0.00
2	6	0.00	0.00	0.23	1.38	0.00
3	3	0.00	0.00	0.86	1.28	0.00
3	7	0.00	0.00	0.84	0.79	0.00
Core	CPU	C1%	C3%	C6%	C8%	C9%
-	-	0.00	0.29	8.55	4.23	0.00
0	0	0.00	2.32	63.81	27.40	0.00
0	4	0.00	0.00	0.88	0.00	0.00
1	1	0.00	0.00	0.36	1.00	0.00
1	5	0.00	0.00	0.37	1.30	0.00
2	2	0.00	0.00	1.02	0.79	0.00
2	6	0.00	0.01	0.98	1.21	0.00
3	3	0.00	0.00	0.59	1.18	0.00
3	7	0.00	0.00	0.38	0.98	0.00
Core	CPU	C1%	C3%	C6%	C8%	C9%
-	-	0.00	0.28	8.62	4.50	0.13
0	0	0.00	2.21	65.25	26.09	0.00
0	4	0.00	0.02	0.78	0.21	1.01
1	1	0.00	0.00	0.10	1.29	0.00
1	5	0.00	0.01	0.74	1.97	0.00
2	2	0.01	0.00	0.46	1.68	0.00
2	6	0.00	0.02	0.38	1.58	0.00
3	3	0.00	0.00	0.68	1.59	0.00
3	7	0.00	0.00	0.58	1.58	0.00
Core	CPU	C1%	C3%	C6%	C8%	C9%
-	-	0.00	0.27	8.41	4.07	0.00
0	0	0.00	2.09	64.12	27.35	0.00
0	4	0.00	0.00	0.94	0.00	0.00
1	1	0.00	0.00	0.54	0.30	0.00
1	5	0.00	0.01	0.31	0.84	0.00
2	2	0.00	0.00	0.19	1.08	0.00
2	6	0.00	0.00	0.34	1.08	0.00
3	3	0.00	0.00	0.45	0.88	0.00
3	7	0.00	0.03	0.39	0.99	0.00
Core	CPU	C1%	C3%	C6%	C8%	C9%
-	-	2.30	0.34	6.31	3.97	0.11
0	0	9.98	0.34	5.48	4.77	0.00
0	4	0.00	0.00	0.64	0.70	0.00
1	1	8.42	2.29	40.12	22.13	0.00
1	5	0.00	0.03	1.01	1.57	0.00
2	2	0.00	0.02	1.10	0.34	0.00
2	6	0.00	0.00	0.23	0.89	0.00
3	3	0.00	0.00	0.93	1.19	0.91
3	7	0.00	0.02	1.00	0.16	0.00
Core	CPU	C1%	C3%	C6%	C8%	C9%
-	-	4.20	0.42	6.82	4.55	0.01
0	0	17.78	0.44	8.84	13.98	0.11
0	4	0.00	0.00	0.35	0.50	0.00
1	1	15.82	2.89	42.95	17.56	0.00
1	5	0.00	0.03	0.51	1.02	0.00
2	2	0.00	0.00	0.40	0.10	0.00
2	6	0.00	0.00	0.18	0.99	0.00
3	3	0.00	0.00	0.26	1.49	0.00
3	7	0.00	0.00	1.04	0.76	0.00
Core	CPU	C1%	C3%	C6%	C8%	C9%
-	-	2.39	0.30	6.51	4.37	0.07
0	0	10.03	0.80	15.77	9.67	0.00
0	4	0.00	0.00	0.28	1.39	0.00
1	1	8.39	1.57	33.98	17.50	0.00
1	5	0.00	0.02	0.64	1.86	0.00
2	2	0.00	0.00	0.23	1.39	0.00
2	6	0.00	0.03	0.26	1.11	0.00
3	3	0.00	0.00	0.34	1.30	0.00
3	7	0.71	0.00	0.55	0.76	0.54
Core	CPU	C1%	C3%	C6%	C8%	C9%
-	-	0.10	0.30	8.68	4.39	0.29
0	0	0.00	2.34	65.02	26.16	0.00
0	4	0.00	0.02	0.49	0.50	2.30
1	1	0.79	0.00	0.89	0.69	0.00
1	5	0.00	0.00	0.79	1.27	0.00
2	2	0.01	0.00	0.66	1.28	0.02
2	6	0.00	0.00	0.52	1.97	0.00
3	3	0.00	0.00	0.52	1.49	0.00
3	7	0.00	0.00	0.53	1.77	0.00
Core	CPU	C1%	C3%	C6%	C8%	C9%
-	-	0.00	0.28	8.47	4.16	0.66
0	0	0.00	2.23	64.01	27.11	0.00
0	4	0.00	0.00	0.55	0.00	5.28
1	1	0.00	0.00	0.43	0.30	0.00
1	5	0.00	0.02	0.82	1.80	0.00
2	2	0.00	0.00	1.33	1.20	0.00
2	6	0.00	0.00	0.19	0.99	0.00
3	3	0.00	0.00	0.27	0.89	0.00
3	7	0.00	0.00	0.14	0.99	0.00
Core	CPU	C1%	C3%	C6%	C8%	C9%
-	-	0.00	0.30	8.71	3.82	1.54
0	0	0.00	2.33	64.78	25.91	0.00
0	4	0.00	0.00	0.88	0.00	12.35
1	1	0.00	0.00	0.36	0.88	0.00
1	5	0.00	0.03	0.80	0.79	0.00
2	2	0.00	0.00	0.82	0.80	0.00
2	6	0.00	0.02	1.31	0.40	0.00
3	3	0.00	0.00	0.34	0.89	0.00
3	7	0.00	0.00	0.38	0.89	0.00
Core	CPU	C1%	C3%	C6%	C8%	C9%
-	-	0.00	0.26	8.62	4.14	0.00
0	0	0.00	2.07	64.73	26.72	0.00
0	4	0.00	0.02	0.40	0.00	0.00
1	1	0.00	0.00	0.89	0.59	0.00
1	5	0.00	0.03	1.47	0.99	0.00
2	2	0.00	0.00	0.66	1.28	0.00
2	6	0.00	0.00	0.25	1.28	0.00
3	3	0.00	0.00	0.33	1.09	0.00
3	7	0.00	0.00	0.20	1.19	0.00
Core	CPU	C1%	C3%	C6%	C8%	C9%
-	-	0.00	0.26	8.64	4.03	0.61
0	0	0.00	2.00	64.39	27.12	0.00
0	4	0.00	0.00	0.75	0.10	4.86
1	1	0.00	0.00	0.52	0.02	0.00
1	5	0.00	0.04	1.00	0.00	0.00
2	2	0.00	0.00	0.29	1.29	0.00
2	6	0.00	0.05	1.15	1.22	0.00
3	3	0.00	0.00	0.75	1.19	0.00
3	7	0.00	0.00	0.24	1.28	0.00
Core	CPU	C1%	C3%	C6%	C8%	C9%
-	-	0.00	0.29	8.55	4.16	0.38
0	0	0.00	2.29	64.44	26.81	0.00
0	4	0.00	0.00	0.76	0.70	3.07
1	1	0.00	0.00	0.55	0.99	0.00
1	5	0.00	0.03	0.73	1.09	0.00
2	2	0.00	0.02	0.90	0.99	0.00
2	6	0.00	0.00	0.40	0.94	0.00
3	3	0.00	0.00	0.19	1.08	0.00
3	7	0.00	0.01	0.46	0.69	0.00
Core	CPU	C1%	C3%	C6%	C8%	C9%
-	-	0.00	0.49	8.39	4.11	0.33
0	0	0.00	2.33	64.88	26.36	0.00
0	4	0.00	0.00	0.20	0.80	2.61
1	1	0.00	0.00	0.18	0.98	0.00
1	5	0.00	0.03	0.68	0.88	0.00
2	2	0.00	1.58	0.06	0.00	0.00
2	6	0.00	0.00	0.36	1.72	0.00
3	3	0.00	0.01	0.32	1.28	0.00
3	7	0.00	0.00	0.41	0.88	0.00
Core	CPU	C1%	C3%	C6%	C8%	C9%
-	-	0.00	0.29	8.66	3.98	0.15
0	0	0.00	2.28	64.40	26.87	0.00
0	4	0.00	0.00	1.12	0.30	1.19
1	1	0.00	0.01	0.60	0.30	0.00
1	5	0.00	0.04	1.07	0.80	0.00
2	2	0.00	0.00	0.83	0.49	0.00
2	6	0.00	0.00	0.40	0.99	0.00
3	3	0.00	0.00	0.64	0.99	0.00
3	7	0.00	0.02	0.20	1.09	0.00
Core	CPU	C1%	C3%	C6%	C8%	C9%
-	-	3.15	0.40	6.44	7.65	0.74
0	0	12.47	0.71	14.12	12.51	0.00
0	4	0.00	0.00	0.76	0.00	5.87
1	1	12.75	2.30	33.59	16.78	0.00
1	5	0.00	0.02	0.44	0.50	0.00
2	2	0.00	0.00	0.59	0.20	0.00
2	6	0.00	0.00	0.27	0.98	0.02
3	3	0.00	0.00	0.73	1.09	0.00
3	7	0.01	0.17	1.01	29.17	0.00
Core	CPU	C1%	C3%	C6%	C8%	C9%
-	-	0.00	0.29	8.68	4.02	0.00
0	0	0.00	2.29	64.44	26.69	0.00
0	4	0.00	0.00	0.69	0.18	0.00
1	1	0.00	0.00	0.96	0.59	0.00
1	5	0.00	0.00	0.96	0.90	0.00
2	2	0.00	0.00	1.12	0.99	0.00
2	6	0.00	0.02	0.16	1.19	0.00
3	3	0.00	0.00	0.20	1.09	0.00
3	7	0.00	0.00	0.87	0.49	0.00
Core	CPU	C1%	C3%	C6%	C8%	C9%
-	-	0.00	0.27	8.44	4.06	0.38
0	0	0.00	2.15	64.74	26.63	0.00
0	4	0.00	0.00	0.50	0.00	3.07
1	1	0.00	0.00	0.19	1.18	0.00
1	5	0.00	0.00	0.59	1.09	0.00
2	2	0.00	0.00	0.85	0.30	0.00
2	6	0.00	0.00	0.14	1.28	0.00
3	3	0.00	0.02	0.30	0.99	0.00
3	7	0.00	0.00	0.20	0.99	0.00
Core	CPU	C1%	C3%	C6%	C8%	C9%
-	-	0.00	0.28	8.59	3.91	1.05
0	0	0.00	2.13	65.63	25.76	0.00
0	4	0.00	0.00	0.43	0.31	8.37
1	1	0.00	0.02	0.51	0.40	0.00
1	5	0.00	0.03	0.69	0.89	0.00
2	2	0.00	0.04	0.23	1.08	0.00
2	6	0.00	0.00	0.31	1.08	0.00
3	3	0.00	0.00	0.64	0.69	0.00
3	7	0.00	0.03	0.30	1.09	0.00
Core	CPU	C1%	C3%	C6%	C8%	C9%
-	-	0.78	0.36	7.83	3.88	0.00
0	0	2.75	1.79	50.85	23.29	0.00
0	4	0.00	0.00	0.55	0.09	0.00
1	1	3.53	1.10	9.36	4.22	0.00
1	5	0.00	0.03	0.51	0.50	0.00
2	2	0.00	0.00	0.55	0.11	0.00
2	6	0.00	0.00	0.19	1.08	0.00
3	3	0.00	0.00	0.37	0.79	0.00
3	7	0.00	0.00	0.25	0.98	0.00
Core	CPU	C1%	C3%	C6%	C8%	C9%
-	-	0.00	0.28	8.71	3.92	1.07
0	0	0.00	2.21	64.82	26.49	0.00
0	4	0.00	0.00	0.58	0.40	8.54
1	1	0.00	0.00	0.68	1.09	0.00
1	5	0.00	0.03	0.76	0.88	0.00
2	2	0.00	0.00	1.43	0.39	0.00
2	6	0.00	0.01	0.90	0.29	0.00
3	3	0.00	0.00	0.16	0.98	0.00
3	7	0.00	0.00	0.37	0.79	0.00
Core	CPU	C1%	C3%	C6%	C8%	C9%
-	-	3.90	0.47	6.88	4.44	0.00
0	0	17.84	0.29	11.28	10.55	0.01
0	4	0.00	0.00	0.09	0.60	0.00
1	1	13.34	3.43	41.63	17.72	0.00
1	5	0.00	0.02	0.71	1.47	0.00
2	2	0.00	0.00	0.34	0.60	0.00
2	6	0.00	0.02	0.30	2.67	0.00
3	3	0.00	0.01	0.39	1.10	0.00
3	7	0.00	0.00	0.29	0.79	0.00
Core	CPU	C1%	C3%	C6%	C8%	C9%
-	-	3.21	0.29	6.42	4.49	0.00
0	0	13.68	0.55	5.95	10.27	0.00
0	4	0.00	0.00	0.04	0.59	0.00
1	1	12.01	1.66	42.93	19.24	0.00
1	5	0.00	0.03	0.67	0.40	0.00
2	2	0.00	0.00	0.68	1.19	0.00
2	6	0.00	0.04	0.53	1.67	0.00
3	3	0.00	0.00	0.33	1.29	0.00
3	7	0.00	0.02	0.19	1.29	0.00
Core	CPU	C1%	C3%	C6%	C8%	C9%
-	-	0.00	0.34	9.03	4.11	1.58
0	0	0.00	2.65	66.54	24.40	0.00
0	4	0.00	0.03	0.62	0.89	9.15
1	1	0.00	0.02	1.18	1.17	0.00
1	5	0.00	0.02	0.93	0.59	0.00
2	2	0.00	0.00	0.69	1.19	3.46
2	6	0.00	0.00	0.90	1.87	0.00
3	3	0.00	0.00	0.92	1.77	0.00
3	7	0.00	0.00	0.46	0.98	0.00
Core	CPU	C1%	C3%	C6%	C8%	C9%
-	-	2.29	0.27	6.06	3.78	0.00
0	0	9.74	0.44	5.95	4.12	0.00
0	4	0.00	0.00	0.49	0.00	0.00
1	1	8.60	1.72	39.83	21.75	0.00
1	5	0.00	0.02	0.63	0.88	0.00
2	2	0.00	0.00	0.71	0.50	0.00
2	6	0.00	0.01	0.27	0.89	0.00
3	3	0.00	0.00	0.18	1.37	0.00
3	7	0.00	0.00	0.38	0.77	0.00
Core	CPU	C1%	C3%	C6%	C8%	C9%
-	-	4.79	0.54	7.12	5.33	0.00
0	0	20.91	1.08	11.10	16.32	0.00
0	4	0.00	0.00	0.62	1.20	0.00
1	1	17.40	3.14	41.55	17.11	0.00
1	5	0.00	0.04	1.06	0.78	0.00
2	2	0.00	0.00	0.99	1.60	0.00
2	6	0.00	0.00	0.58	1.67	0.00
3	3	0.00	0.00	0.39	1.50	0.00
3	7	0.00	0.02	0.67	2.47	0.00
Core	CPU	C1%	C3%	C6%	C8%	C9%
-	-	0.02	0.28	8.63	4.24	0.09
0	0	0.00	2.21	64.27	27.03	0.00
0	4	0.00	0.00	0.68	0.08	0.69
1	1	0.00	0.02	1.32	0.99	0.00
1	5	0.00	0.00	1.04	0.70	0.00
2	2	0.00	0.00	0.20	0.99	0.00
2	6	0.00	0.00	0.89	1.66	0.00
3	3	0.00	0.00	0.28	1.08	0.00
3	7	0.15	0.00	0.35	1.40	0.00
Core	CPU	C1%	C3%	C6%	C8%	C9%
-	-	0.00	0.26	8.49	4.04	0.28
0	0	0.00	2.06	64.16	27.27	0.00
0	4	0.00	0.00	0.88	0.11	2.27
1	1	0.00	0.01	0.85	0.39	0.00
1	5	0.00	0.00	0.47	1.10	0.00
2	2	0.00	0.00	0.23	1.09	0.00
2	6	0.00	0.02	0.32	0.89	0.00
3	3	0.00	0.00	0.59	0.49	0.00
3	7	0.00	0.01	0.45	0.99	0.00
Core	CPU	C1%	C3%	C6%	C8%	C9%
-	-	0.01	0.31	8.81	4.06	1.45
0	0	0.00	2.45	65.93	25.18	0.00
0	4	0.00	0.02	0.88	0.31	11.63
1	1	0.00	0.00	0.72	0.59	0.00
1	5	0.00	0.00	0.49	1.29	0.00
2	2	0.10	0.00	0.67	1.19	0.00
2	6	0.00	0.00	0.31	1.18	0.00
3	3	0.00	0.00	0.72	1.97	0.00
3	7	0.00	0.00	0.80	0.79	0.00
Core	CPU	C1%	C3%	C6%	C8%	C9%
-	-	4.59	0.51	6.67	4.48	0.44
0	0	20.12	0.22	10.40	13.41	0.00
0	4	0.00	0.00	0.83	0.40	0.00
1	1	16.58	3.83	40.56	17.25	0.00
1	5	0.00	0.02	0.22	0.57	3.49
2	2	0.00	0.00	0.29	0.98	0.00
2	6	0.00	0.00	0.28	1.47	0.00
3	3	0.00	0.00	0.45	0.69	0.00
3	7	0.00	0.00	0.33	1.09	0.00
Core	CPU	C1%	C3%	C6%	C8%	C9%
-	-	0.00	0.27	8.66	4.18	0.22
0	0	0.00	2.10	65.25	26.08	0.00
0	4	0.00	0.00	0.28	0.89	1.79
1	1	0.00	0.01	0.49	1.09	0.00
1	5	0.01	0.02	1.04	0.57	0.00
2	2	0.00	0.02	0.49	1.19	0.00
2	6	0.00	0.00	0.85	1.92	0.00
3	3	0.00	0.00	0.39	0.79	0.00
3	7	0.00	0.00	0.50	0.88	0.00
Core	CPU	C1%	C3%	C6%	C8%	C9%
-	-	4.29	0.46	5.90	5.14	0.00
0	0	19.08	0.44	3.37	16.25	0.01
0	4	0.00	0.00	0.00	0.50	0.00
1	1	15.24	3.20	40.90	18.39	0.00
1	5	0.00	0.00	1.47	0.48	0.00
2	2	0.00	0.00	0.15	1.38	0.00
2	6	0.00	0.00	0.30	1.38	0.00
3	3	0.00	0.01	0.29	1.29	0.00
3	7	0.00	0.00	0.69	1.48	0.00
Core	CPU	C1%	C3%	C6%	C8%	C9%
-	-	3.31	0.37	6.20	4.13	0.00
0	0	13.80	0.45	5.49	8.63	0.00
0	4	0.00	0.00	0.13	0.40	0.00
1	1	12.66	2.48	41.51	19.24	0.00
1	5	0.00	0.02	0.58	0.40	0.00
2	2	0.00	0.00	0.84	1.09	0.00
2	6	0.00	0.00	0.28	1.18	0.00
3	3	0.00	0.00	0.45	0.99	0.00
3	7	0.00	0.00	0.32	1.10	0.00
Core	CPU	C1%	C3%	C6%	C8%	C9%
-	-	4.66	0.47	7.25	4.79	0.00
0	0	20.73	0.54	11.59	11.87	0.00
0	4	0.00	0.00	0.82	1.99	0.00
1	1	16.56	3.18	42.48	16.97	0.00
1	5	0.00	0.02	0.73	1.58	0.00
2	2	0.00	0.02	1.08	0.72	0.00
2	6	0.00	0.01	0.46	2.55	0.00
3	3	0.00	0.00	0.28	1.48	0.00
3	7	0.00	0.00	0.56	1.18	0.00
Core	CPU	C1%	C3%	C6%	C8%	C9%
-	-	0.00	0.29	8.52	3.87	0.00
0	0	0.01	2.18	64.71	26.53	0.00
0	4	0.00	0.00	0.69	0.41	0.00
1	1	0.00	0.09	0.10	0.88	0.00
1	5	0.00	0.03	1.14	0.21	0.00
2	2	0.00	0.00	0.36	0.79	0.00
2	6	0.00	0.00	0.51	0.48	0.00
3	3	0.00	0.00	0.32	0.80	0.00
3	7	0.00	0.00	0.30	0.89	0.00
Core	CPU	C1%	C3%	C6%	C8%	C9%
-	-	0.09	0.27	8.48	4.03	0.09
0	0	0.46	2.06	62.72	26.29	0.00
0	4	0.00	0.00	0.85	0.30	0.69
1	1	0.25	0.05	1.91	0.85	0.00
1	5	0.00	0.03	0.80	0.70	0.00
2	2	0.00	0.00	0.19	0.89	0.00
2	6	0.00	0.00	0.68	0.63	0.00
3	3	0.00	0.00	0.35	0.89	0.00
3	7	0.00	0.00	0.31	1.67	0.00
Core	CPU	C1%	C3%	C6%	C8%	C9%
-	-	2.25	0.28	6.83	3.92	0.00
0	0	8.72	0.69	6.60	5.03	0.01
0	4	0.00	0.00	0.57	0.60	0.00
1	1	9.28	1.51	42.69	20.76	0.00
1	5	0.00	0.00	0.91	1.77	0.00
2	2	0.00	0.03	2.19	0.90	0.00
2	6	0.00	0.02	0.80	0.69	0.00
3	3	0.00	0.00	0.50	0.69	0.00
3	7	0.00	0.00	0.37	0.89	0.00
Core	CPU	C1%	C3%	C6%	C8%	C9%
-	-	3.90	0.41	7.48	7.63	0.17
0	0	16.17	1.04	23.34	17.49	0.00
0	4	0.00	0.02	0.10	0.30	1.38
1	1	14.99	2.12	32.53	12.53	0.00
1	5	0.00	0.00	0.39	0.49	0.00
2	2	0.00	0.03	0.76	0.69	0.00
2	6	0.00	0.00	0.35	0.59	0.00
3	3	0.00	0.00	0.78	0.10	0.00
3	7	0.01	0.09	1.62	28.84	0.00
Core	CPU	C1%	C3%	C6%	C8%	C9%
-	-	0.00	0.29	8.73	3.84	0.95
0	0	0.00	2.22	65.27	26.05	0.00
0	4	0.00	0.00	0.79	0.21	7.59
1	1	0.00	0.00	0.49	0.39	0.00
1	5	0.00	0.00	1.34	0.69	0.00
2	2	0.01	0.11	0.55	1.19	0.00
2	6	0.00	0.00	0.23	0.99	0.00
3	3	0.00	0.00	0.39	0.80	0.00
3	7	0.00	0.00	0.78	0.39	0.00
Core	CPU	C1%	C3%	C6%	C8%	C9%
-	-	1.52	0.28	7.79	4.46	0.00
0	0	6.54	1.51	46.19	25.45	0.00
0	4	0.00	0.02	0.29	0.58	0.00
1	1	5.59	0.75	14.12	4.57	0.00
1	5	0.00	0.00	0.37	0.90	0.00
2	2	0.00	0.00	0.79	1.09	0.00
2	6	0.00	0.00	0.15	1.09	0.00
3	3	0.00	0.00	0.22	1.10	0.00
3	7	0.00	0.00	0.19	0.90	0.00
Core	CPU	C1%	C3%	C6%	C8%	C9%
-	-	0.68	0.36	8.09	4.29	0.73
0	0	3.27	2.01	53.01	24.26	0.00
0	4	0.00	0.00	0.39	1.09	5.86
1	1	2.15	0.75	8.20	3.76	0.00
1	5	0.00	0.02	0.38	0.00	0.00
2	2	0.00	0.06	1.17	1.74	0.00
2	6	0.00	0.00	0.38	0.99	0.00
3	3	0.00	0.00	0.92	1.38	0.00
3	7	0.00	0.00	0.23	1.09	0.00
Core	CPU	C1%	C3%	C6%	C8%	C9%
-	-	4.10	0.41	6.84	4.43	0.00
0	0	17.82	0.42	11.94	12.46	0.00
0	4	0.00	0.00	0.40	1.29	0.00
1	1	15.01	2.84	40.59	18.48	0.00
1	5	0.00	0.00	0.43	0.69	0.00
2	2	0.00	0.00	0.71	0.42	0.00
2	6	0.00	0.00	0.00	0.50	0.00
3	3	0.00	0.00	0.28	0.78	0.00
3	7	0.00	0.00	0.36	0.79	0.00
Core	CPU	C1%	C3%	C6%	C8%	C9%
-	-	3.04	0.33	6.42	4.01	0.00
0	0	12.86	0.41	6.69	8.34	0.00
0	4	0.00	0.00	0.38	0.11	0.00
1	1	11.49	2.26	42.05	19.58	0.00
1	5	0.00	0.00	0.46	0.89	0.00
2	2	0.00	0.02	1.05	0.50	0.00
2	6	0.00	0.00	0.24	0.89	0.00
3	3	0.00	0.00	0.22	0.99	0.00
3	7	0.00	0.00	0.30	0.79	0.00
Core	CPU	C1%	C3%	C6%	C8%	C9%
-	-	3.41	0.40	6.39	4.13	0.00
0	0	14.37	0.51	5.51	9.76	0.00
0	4	0.00	0.00	0.52	0.80	0.00
1	1	12.87	2.57	42.51	18.03	0.00
1	5	0.00	0.00	0.59	0.33	0.00
2	2	0.00	0.10	0.59	1.18	0.00
2	6	0.00	0.00	0.28	0.99	0.00
3	3	0.00	0.00	0.45	0.99	0.00
3	7	0.00	0.00	0.63	0.98	0.00
Core	CPU	C1%	C3%	C6%	C8%	C9%
-	-	2.34	0.26	6.03	4.16	0.00
0	0	9.73	0.59	5.65	4.68	0.00
0	4	0.00	0.00	0.37	0.79	0.00
1	1	8.99	1.46	39.87	23.75	0.00
1	5	0.00	0.00	0.43	1.18	0.00
2	2	0.00	0.02	1.18	0.51	0.00
2	6	0.00	0.00	0.10	0.99	0.00
3	3	0.00	0.00	0.19	0.89	0.00
3	7	0.00	0.00	0.46	0.49	0.00
Core	CPU	C1%	C3%	C6%	C8%	C9%
-	-	1.05	0.35	7.96	4.19	0.25
0	0	4.99	1.77	47.93	21.28	0.00
0	4	0.00	0.00	0.55	0.09	2.03
1	1	3.38	1.00	12.81	6.89	0.00
1	5	0.00	0.00	0.36	1.18	0.00
2	2	0.00	0.02	0.77	0.78	0.00
2	6	0.00	0.00	0.29	1.37	0.00
3	3	0.00	0.02	0.76	1.10	0.00
3	7	0.00	0.00	0.20	0.80	0.00
Core	CPU	C1%	C3%	C6%	C8%	C9%
-	-	0.00	0.27	8.66	3.83	0.00
0	0	0.00	2.12	64.59	26.81	0.00
0	4	0.00	0.00	0.84	0.11	0.00
1	1	0.00	0.01	0.82	0.10	0.00
1	5	0.00	0.01	0.58	0.20	0.00
2	2	0.00	0.00	1.35	0.50	0.00
2	6	0.00	0.00	0.39	0.98	0.00
3	3	0.00	0.00	0.54	0.86	0.00
3	7	0.00	0.00	0.13	1.08	0.00
Core	CPU	C1%	C3%	C6%	C8%	C9%
-	-	4.05	0.34	6.40	4.13	0.00
0	0	16.52	0.47	6.52	13.03	0.00
0	4	0.00	0.00	0.76	0.29	0.00
1	1	15.84	2.27	41.09	16.86	0.00
1	5	0.00	0.00	0.32	0.80	0.00
2	2	0.00	0.00	1.12	0.00	0.00
2	6	0.00	0.01	0.67	0.29	0.00
3	3	0.00	0.00	0.28	0.98	0.00
3	7	0.00	0.00	0.46	0.79	0.00
Core	CPU	C1%	C3%	C6%	C8%	C9%
-	-	3.56	0.39	8.46	6.45	0.00
0	0	22.76	1.02	20.00	30.84	0.00
0	4	0.00	1.05	27.47	8.46	0.00
1	1	5.71	1.04	15.24	6.52	0.00
1	5	0.00	0.00	1.81	1.58	0.00
2	2	0.00	0.00	1.85	0.59	0.00
2	6	0.00	0.00	0.53	1.21	0.00
3	3	0.00	0.01	0.39	1.19	0.00
3	7	0.00	0.00	0.39	1.18	0.00
Core	CPU	C1%	C3%	C6%	C8%	C9%
-	-	0.00	0.58	8.59	4.53	0.08
0	0	0.00	2.33	64.91	26.28	0.00
0	4	0.00	0.02	1.14	0.40	0.61
1	1	0.00	0.00	0.22	1.57	0.00
1	5	0.00	0.00	0.67	2.08	0.00
2	2	0.00	2.29	0.34	0.21	0.00
2	6	0.00	0.00	0.44	1.93	0.00
3	3	0.00	0.00	0.62	1.88	0.00
3	7	0.00	0.02	0.39	1.88	0.00
Core	CPU	C1%	C3%	C6%	C8%	C9%
-	-	0.00	0.26	8.50	4.11	0.00
0	0	0.00	2.06	63.85	27.52	0.00
0	4	0.00	0.00	0.49	0.00	0.00
1	1	0.00	0.00	0.39	0.98	0.00
1	5	0.00	0.00	0.37	0.99	0.00
2	2	0.00	0.00	1.17	0.90	0.00
2	6	0.00	0.00	0.24	0.90	0.00
3	3	0.00	0.00	0.70	1.09	0.00
3	7	0.00	0.00	0.80	0.49	0.00
Core	CPU	C1%	C3%	C6%	C8%	C9%
-	-	0.00	0.29	8.62	3.96	1.56
0	0	0.00	2.28	65.56	25.66	0.00
0	4	0.00	0.00	0.54	0.00	12.47
1	1	0.00	0.02	0.30	1.38	0.00
1	5	0.00	0.00	0.00	0.60	0.00
2	2	0.00	0.00	1.20	0.60	0.00
2	6	0.00	0.00	0.27	1.35	0.00
3	3	0.00	0.00	0.84	1.19	0.00
3	7	0.00	0.00	0.23	0.89	0.00
Core	CPU	C1%	C3%	C6%	C8%	C9%
-	-	0.00	0.30	8.56	4.13	0.00
0	0	0.00	2.36	64.08	27.09	0.00
0	4	0.00	0.00	0.87	0.00	0.00
1	1	0.00	0.00	0.44	1.09	0.00
1	5	0.00	0.00	0.33	0.89	0.00
2	2	0.00	0.05	1.74	0.59	0.00
2	6	0.00	0.01	0.28	1.24	0.00
3	3	0.00	0.00	0.23	0.99	0.00
3	7	0.00	0.00	0.49	1.17	0.00
Core	CPU	C1%	C3%	C6%	C8%	C9%
-	-	0.00	0.29	8.82	4.39	0.52
0	0	0.00	2.31	64.15	27.11	0.00
0	4	0.00	0.00	0.65	0.39	4.18
1	1	0.00	0.00	0.80	2.85	0.00
1	5	0.00	0.00	1.15	1.14	0.00
2	2	0.00	0.00	1.26	0.69	0.00
2	6	0.00	0.00	1.02	0.59	0.00
3	3	0.00	0.01	0.91	1.12	0.00
3	7	0.00	0.00	0.59	1.21	0.00
Core	CPU	C1%	C3%	C6%	C8%	C9%
-	-	2.94	0.38	6.04	4.31	0.01
0	0	12.41	0.30	4.91	8.47	0.04
0	4	0.00	0.00	0.53	0.71	0.00
1	1	11.12	2.71	39.56	20.21	0.00
1	5	0.00	0.01	1.11	0.49	0.00
2	2	0.00	0.00	0.90	2.35	0.00
2	6	0.00	0.00	0.28	0.86	0.00
3	3	0.00	0.00	0.55	0.59	0.00
3	7	0.00	0.00	0.52	0.79	0.00
Core	CPU	C1%	C3%	C6%	C8%	C9%
-	-	2.13	0.40	7.10	4.33	0.12
0	0	8.77	1.29	31.97	18.81	0.00
0	4	0.00	0.00	0.37	0.89	0.00
1	1	8.26	1.87	22.42	9.21	0.00
1	5	0.00	0.00	0.82	1.08	0.00
2	2	0.00	0.02	0.54	0.98	0.00
2	6	0.00	0.00	0.10	1.81	0.99
3	3	0.00	0.00	0.19	1.09	0.00
3	7	0.05	0.00	0.43	0.79	0.00
Core	CPU	C1%	C3%	C6%	C8%	C9%
-	-	0.05	0.29	8.86	4.04	2.38
0	0	0.18	2.27	65.27	25.89	0.00
0	4	0.00	0.00	0.20	0.30	18.01
1	1	0.00	0.00	0.88	0.39	0.00
1	5	0.00	0.00	0.51	0.99	0.00
2	2	0.26	0.01	2.48	0.68	0.00
2	6	0.00	0.02	0.44	1.61	1.02
3	3	0.00	0.02	0.56	1.39	0.00
3	7	0.00	0.00	0.52	1.08	0.00
Core	CPU	C1%	C3%	C6%	C8%	C9%
-	-	0.00	0.25	8.57	4.04	0.00
0	0	0.00	2.01	64.38	27.15	0.00
0	4	0.00	0.00	0.32	0.20	0.00
1	1	0.00	0.00	0.19	1.28	0.00
1	5	0.00	0.00	0.24	1.39	0.00
2	2	0.00	0.01	1.27	0.30	0.00
2	6	0.00	0.00	0.25	0.90	0.00
3	3	0.00	0.00	0.92	0.29	0.00
3	7	0.00	0.01	1.00	0.79	0.00
Core	CPU	C1%	C3%	C6%	C8%	C9%
-	-	0.00	0.29	8.46	4.02	0.70
0	0	0.00	2.26	64.22	27.08	0.00
0	4	0.00	0.00	0.66	0.00	5.56
1	1	0.00	0.00	0.14	0.99	0.00
1	5	0.00	0.00	0.35	1.09	0.00
2	2	0.00	0.04	0.99	0.10	0.00
2	6	0.00	0.00	0.10	1.09	0.00
3	3	0.00	0.00	0.27	0.99	0.00
3	7	0.00	0.00	0.94	0.79	0.00
Core	CPU	C1%	C3%	C6%	C8%	C9%
-	-	0.00	0.28	8.64	3.86	0.00
0	0	0.00	2.19	65.16	26.07	0.00
0	4	0.00	0.00	0.78	0.20	0.00
1	1	0.00	0.00	0.26	0.99	0.00
1	5	0.00	0.00	0.25	0.89	0.00
2	2	0.00	0.05	1.15	0.69	0.00
2	6	0.00	0.00	0.60	0.59	0.00
3	3	0.00	0.00	0.57	0.71	0.00
3	7	0.00	0.00	0.37	0.69	0.00
Core	CPU	C1%	C3%	C6%	C8%	C9%
-	-	2.50	0.35	6.47	7.47	0.00
0	0	9.28	0.63	12.94	9.25	0.00
0	4	0.00	0.01	0.30	0.00	0.00
1	1	10.68	1.87	34.81	17.56	0.00
1	5	0.00	0.00	0.36	1.49	0.00
2	2	0.00	0.03	2.07	0.00	0.00
2	6	0.00	0.00	0.15	1.28	0.00
3	3	0.00	0.00	0.32	0.80	0.00
3	7	0.01	0.25	0.78	29.38	0.00
Core	CPU	C1%	C3%	C6%	C8%	C9%
-	-	2.77	0.37	7.61	4.24	0.10
0	0	11.43	1.12	35.71	19.59	0.00
0	4	0.00	0.00	0.53	0.80	0.00
1	1	10.74	1.81	21.29	9.24	0.00
1	5	0.00	0.00	0.80	1.53	0.00
2	2	0.00	0.00	1.01	0.60	0.00
2	6	0.00	0.00	0.28	0.89	0.00
3	3	0.00	0.00	0.41	0.97	0.82
3	7	0.00	0.00	0.83	0.30	0.00
Core	CPU	C1%	C3%	C6%	C8%	C9%
-	-	0.00	0.27	8.38	4.12	0.00
0	0	0.00	2.13	64.23	27.17	0.00
0	4	0.00	0.00	0.37	0.79	0.00
1	1	0.00	0.00	0.55	0.59	0.00
1	5	0.00	0.00	0.42	0.82	0.00
2	2	0.00	0.07	0.61	0.86	0.00
2	6	0.00	0.00	0.10	1.09	0.00
3	3	0.00	0.00	0.19	0.98	0.00
3	7	0.00	0.00	0.55	0.69	0.00
Core	CPU	C1%	C3%	C6%	C8%	C9%
-	-	0.00	0.30	8.56	4.47	0.00
0	0	0.00	2.31	64.08	27.17	0.00
0	4	0.00	0.00	1.61	0.00	0.00
1	1	0.00	0.00	0.36	1.48	0.00
1	5	0.00	0.00	0.15	1.48	0.00
2	2	0.00	0.02	0.46	1.07	0.00
2	6	0.00	0.02	0.20	1.19	0.00
3	3	0.00	0.01	0.49	1.78	0.00
3	7	0.00	0.00	1.13	1.57	0.00
Core	CPU	C1%	C3%	C6%	C8%	C9%
-	-	0.01	0.29	8.61	4.16	0.50
0	0	0.01	2.21	65.83	25.50	0.00
0	4	0.00	0.02	0.70	0.00	3.98
1	1	0.00	0.00	0.10	1.18	0.00
1	5	0.00	0.00	0.77	1.78	0.00
2	2	0.04	0.09	0.72	1.77	0.00
2	6	0.00	0.00	0.25	0.99	0.00
3	3	0.00	0.00	0.33	0.99	0.00
3	7	0.00	0.00	0.20	1.09	0.00
Core	CPU	C1%	C3%	C6%	C8%	C9%
-	-	0.00	0.27	8.51	4.12	0.00
0	0	0.00	2.14	64.15	27.19	0.00
0	4	0.00	0.00	0.69	0.00	0.00
1	1	0.00	0.00	0.62	0.32	0.00
1	5	0.00	0.00	0.74	0.61	0.00
2	2	0.00	0.00	1.10	1.83	0.00
2	6	0.00	0.00	0.28	0.99	0.00
3	3	0.00	0.00	0.36	0.99	0.00
3	7	0.00	0.00	0.14	0.99	0.00
Core	CPU	C1%	C3%	C6%	C8%	C9%
-	-	2.10	0.29	6.08	4.04	0.00
0	0	9.21	0.39	4.83	4.33	0.00
0	4	0.00	0.00	0.71	0.49	0.00
1	1	7.48	1.96	40.35	23.03	0.00
1	5	0.00	0.00	0.42	0.79	0.00
2	2	0.00	0.00	1.30	0.73	0.00
2	6	0.08	0.00	0.10	0.99	0.00
3	3	0.00	0.00	0.49	1.29	0.00
3	7	0.00	0.00	0.45	0.69	0.00
Core	CPU	C1%	C3%	C6%	C8%	C9%
-	-	3.81	0.35	6.41	4.50	0.00
0	0	15.28	0.41	5.21	11.85	0.00
0	4	0.00	0.00	0.28	0.89	0.00
1	1	15.09	2.34	41.87	17.78	0.00
1	5	0.08	0.00	0.84	1.78	0.00
2	2	0.00	0.01	1.73	1.49	0.00
2	6	0.00	0.02	0.89	0.30	0.00
3	3	0.00	0.00	0.10	0.99	0.00
3	7	0.00	0.00	0.38	0.89	0.00
Core	CPU	C1%	C3%	C6%	C8%	C9%
-	-	0.00	0.28	8.57	4.01	0.00
0	0	0.00	2.19	64.67	26.67	0.00
0	4	0.00	0.01	0.60	0.00	0.00
1	1	0.00	0.00	0.39	0.89	0.00
1	5	0.00	0.00	0.47	0.99	0.00
2	2	0.00	0.01	1.28	0.79	0.00
2	6	0.00	0.00	0.37	0.84	0.00
3	3	0.00	0.02	0.39	0.90	0.00
3	7	0.00	0.00	0.39	0.99	0.00
Core	CPU	C1%	C3%	C6%	C8%	C9%
-	-	0.00	0.31	8.66	3.97	1.25
0	0	0.00	2.47	65.98	25.13	0.00
0	4	0.00	0.00	0.77	0.30	10.01
1	1	0.00	0.02	0.21	0.69	0.00
1	5	0.00	0.00	0.10	0.89	0.00
2	2	0.00	0.00	1.03	1.09	0.00
2	6	0.00	0.00	0.47	1.12	0.00
3	3	0.00	0.00	0.54	1.18	0.00
3	7	0.00	0.00	0.13	1.38	0.00
Core	CPU	C1%	C3%	C6%	C8%	C9%
-	-	2.66	0.37	6.24	3.93	0.00
0	0	11.35	0.37	6.88	5.85	0.00
0	4	0.00	0.00	0.55	0.00	0.00
1	1	9.91	2.50	40.37	21.98	0.00
1	5	0.00	0.00	0.42	0.61	0.00
2	2	0.00	0.00	0.60	0.10	0.00
2	6	0.00	0.07	0.71	0.90	0.00
3	3	0.00	0.00	0.28	0.89	0.00
3	7	0.00	0.00	0.15	1.09	0.00
Core	CPU	C1%	C3%	C6%	C8%	C9%
-	-	4.35	0.46	6.64	4.86	0.11
0	0	20.32	0.68	7.39	15.06	0.00
0	4	0.00	0.00	0.73	0.29	0.91
1	1	12.73	2.82	36.41	16.55	0.00
1	5	0.00	0.00	0.43	0.82	0.00
2	2	1.72	0.18	6.73	4.02	0.00
2	6	0.00	0.02	0.83	0.20	0.00
3	3	0.00	0.00	0.20	1.19	0.00
3	7	0.00	0.00	0.38	0.80	0.00
Core	CPU	C1%	C3%	C6%	C8%	C9%
-	-	0.43	0.27	8.27	3.97	0.00
0	0	1.84	1.97	57.10	23.83	0.00
0	4	0.00	0.00	0.65	1.09	0.00
1	1	1.60	0.17	6.06	2.06	0.00
1	5	0.00	0.00	0.38	0.89	0.00
2	2	0.00	0.00	1.20	1.18	0.00
2	6	0.00	0.02	0.53	0.73	0.00
3	3	0.00	0.00	0.14	0.79	0.00
3	7	0.00	0.03	0.10	1.20	0.00
Core	CPU	C1%	C3%	C6%	C8%	C9%
-	-	0.00	0.28	8.68	3.90	0.00
0	0	0.00	2.17	64.13	27.28	0.00
0	4	0.00	0.00	0.88	0.30	0.00
1	1	0.00	0.00	0.72	0.40	0.00
1	5	0.00	0.02	0.85	0.29	0.00
2	2	0.00	0.00	0.79	0.60	0.00
2	6	0.00	0.03	0.95	0.79	0.00
3	3	0.00	0.00	0.36	0.90	0.00
3	7	0.00	0.00	0.74	0.60	0.00
Core	CPU	C1%	C3%	C6%	C8%	C9%
-	-	0.00	0.28	8.74	3.83	1.11
0	0	0.01	2.19	65.01	26.38	0.00
0	4	0.00	0.00	0.88	0.00	8.86
1	1	0.00	0.00	0.56	0.59	0.00
1	5	0.00	0.00	0.43	0.80	0.00
2	2	0.00	0.02	0.84	0.49	0.00
2	6	0.00	0.03	1.26	0.49	0.00
3	3	0.00	0.00	0.49	1.18	0.00
3	7	0.00	0.00	0.46	0.69	0.00
Core	CPU	C1%	C3%	C6%	C8%	C9%
-	-	3.80	0.45	6.52	4.33	0.00
0	0	16.22	0.54	10.80	15.55	0.00
0	4	0.00	0.00	0.49	0.00	0.00
1	1	0.00	0.00	0.19	1.28	0.00
1	5	0.00	0.00	0.28	0.79	0.00
2	2	14.16	3.03	38.97	14.25	0.00
2	6	0.00	0.03	0.68	0.60	0.00
3	3	0.00	0.02	0.48	1.50	0.00
3	7	0.00	0.00	0.29	0.70	0.00
Core	CPU	C1%	C3%	C6%	C8%	C9%
-	-	0.02	0.29	8.54	4.31	0.65
0	0	0.19	2.31	64.50	26.57	0.00
0	4	0.00	0.00	0.61	0.00	5.19
1	1	0.00	0.00	0.22	0.30	0.00
1	5	0.00	0.00	0.28	1.59	0.00
2	2	0.00	0.01	1.08	2.29	0.00
2	6	0.00	0.00	0.80	1.08	0.00
3	3	0.00	0.00	0.67	1.18	0.00
3	7	0.00	0.00	0.20	1.47	0.00
Core	CPU	C1%	C3%	C6%	C8%	C9%
-	-	0.00	0.28	8.37	3.87	0.62
0	0	0.00	2.20	64.61	26.66	0.00
0	4	0.00	0.00	0.56	0.00	4.96
1	1	0.00	0.00	0.24	0.40	0.00
1	5	0.00	0.00	0.13	0.81	0.00
2	2	0.00	0.01	0.35	0.50	0.00
2	6	0.00	0.00	0.10	0.70	0.00
3	3	0.00	0.00	0.50	1.19	0.00
3	7	0.00	0.00	0.46	0.69	0.00
Core	CPU	C1%	C3%	C6%	C8%	C9%
-	-	0.00	0.27	8.35	4.26	0.00
0	0	0.00	2.18	64.53	26.83	0.00
0	4	0.00	0.00	0.39	0.50	0.00
1	1	0.00	0.00	0.18	1.19	0.00
1	5	0.00	0.00	0.35	0.99	0.00
2	2	0.00	0.00	0.24	1.09	0.00
2	6	0.00	0.00	0.23	1.19	0.00
3	3	0.00	0.02	0.60	1.40	0.00
3	7	0.00	0.00	0.29	0.89	0.00
Core	CPU	C1%	C3%	C6%	C8%	C9%
-	-	0.00	0.27	8.64	3.90	0.00
0	0	0.00	2.10	65.15	26.32	0.00
0	4	0.00	0.03	0.49	0.00	0.00
1	1	0.00	0.00	0.10	0.59	0.00
1	5	0.00	0.00	0.20	0.98	0.00
2	2	0.00	0.00	0.27	0.89	0.00
2	6	0.00	0.00	0.36	0.89	0.00
3	3	0.00	0.02	1.43	0.79	0.00
3	7	0.00	0.02	1.09	0.79	0.00
Core	CPU	C1%	C3%	C6%	C8%	C9%
-	-	1.91	0.27	6.19	4.11	0.00
0	0	8.36	0.47	7.59	4.29	0.00
0	4	0.00	0.00	0.56	0.09	0.00
1	1	6.91	1.64	39.81	24.85	0.00
1	5	0.00	0.01	0.03	0.40	0.00
2	2	0.00	0.04	0.52	0.40	0.00
2	6	0.00	0.00	0.20	0.98	0.00
3	3	0.00	0.02	0.68	0.88	0.00
3	7	0.00	0.00	0.15	0.99	0.00
Core	CPU	C1%	C3%	C6%	C8%	C9%
-	-	0.51	0.29	8.54	3.98	0.01
0	0	2.33	1.93	60.90	25.86	0.11
0	4	0.00	0.00	0.27	1.00	0.00
1	1	1.78	0.39	4.05	1.44	0.00
1	5	0.00	0.00	0.58	1.10	0.00
2	2	0.00	0.00	0.92	0.29	0.00
2	6	0.00	0.02	0.79	0.30	0.00
3	3	0.00	0.00	0.40	1.19	0.00
3	7	0.00	0.00	0.38	0.70	0.00
Core	CPU	C1%	C3%	C6%	C8%	C9%
-	-	1.16	0.35	7.81	7.65	0.40
0	0	4.35	1.58	43.33	17.40	0.00
0	4	0.00	0.02	0.73	0.10	3.21
1	1	4.92	1.14	15.28	8.68	0.00
1	5	0.00	0.00	0.57	0.89	0.00
2	2	0.00	0.00	0.64	1.58	0.00
2	6	0.00	0.00	0.55	1.19	0.00
3	3	0.00	0.00	0.54	1.41	0.00
3	7	0.01	0.10	0.82	29.96	0.00
Core	CPU	C1%	C3%	C6%	C8%	C9%
-	-	0.70	0.28	8.15	4.49	0.38
0	0	3.12	1.83	56.45	27.25	0.00
0	4	0.00	0.00	0.44	0.30	3.07
1	1	2.46	0.34	5.79	3.44	0.00
1	5	0.00	0.02	0.30	0.91	0.00
2	2	0.00	0.00	0.30	0.79	0.00
2	6	0.00	0.00	0.29	0.88	0.00
3	3	0.00	0.02	0.79	1.77	0.00
3	7	0.00	0.00	0.83	0.60	0.00
Core	CPU	C1%	C3%	C6%	C8%	C9%
-	-	0.78	0.26	8.33	4.28	0.00
0	0	3.79	1.82	54.79	27.07	0.00
0	4	0.00	0.00	0.38	0.68	0.00
1	1	2.46	0.22	7.08	2.80	0.00
1	5	0.00	0.00	0.82	1.10	0.00
2	2	0.00	0.00	1.01	0.70	0.00
2	6	0.00	0.01	0.89	0.20	0.00
3	3	0.00	0.02	1.19	0.50	0.00
3	7	0.00	0.00	0.50	1.18	0.00
Core	CPU	C1%	C3%	C6%	C8%	C9%
-	-	0.00	0.32	8.64	3.82	0.31
0	0	0.00	2.26	65.39	25.91	0.00
0	4	0.00	0.01	0.54	0.28	2.50
1	1	0.00	0.00	0.93	1.51	0.00
1	5	0.00	0.00	0.27	0.87	0.00
2	2	0.00	0.13	0.00	0.10	0.00
2	6	0.00	0.01	0.18	1.06	0.00
3	3	0.00	0.05	1.05	0.85	0.00
3	7	0.00	0.10	0.76	0.00	0.00
Core	CPU	C1%	C3%	C6%	C8%	C9%
-	-	0.00	0.28	8.60	4.14	0.46
0	0	0.00	2.23	63.84	27.28	0.00
0	4	0.00	0.00	0.50	0.00	3.67
1	1	0.00	0.00	0.29	0.89	0.00
1	5	0.00	0.00	1.15	1.49	0.00
2	2	0.00	0.00	0.53	1.19	0.00
2	6	0.00	0.00	0.93	0.79	0.00
3	3	0.00	0.00	1.31	0.70	0.00
3	7	0.00	0.00	0.29	0.79	0.00
Core	CPU	C1%	C3%	C6%	C8%	C9%
-	-	0.00	0.26	8.61	4.39	0.00
0	0	0.00	2.07	65.26	26.20	0.00
0	4	0.00	0.02	0.61	0.10	0.01
1	1	0.00	0.00	0.31	1.39	0.00
1	5	0.00	0.00	0.69	1.38	0.00
2	2	0.00	0.00	0.37	1.48	0.00
2	6	0.00	0.00	0.45	1.48	0.00
3	3	0.00	0.00	0.91	1.60	0.00
3	7	0.00	0.02	0.26	1.48	0.00
Core	CPU	C1%	C3%	C6%	C8%	C9%
-	-	2.21	0.32	6.11	3.87	0.00
0	0	9.11	0.55	6.74	5.58	0.00
0	4	0.00	0.00	0.55	0.00	0.00
1	1	8.53	1.97	39.95	21.52	0.00
1	5	0.00	0.02	0.09	0.49	0.00
2	2	0.00	0.03	0.41	0.50	0.00
2	6	0.00	0.00	0.30	0.88	0.00
3	3	0.00	0.00	0.58	0.99	0.00
3	7	0.00	0.00	0.24	0.98	0.00
Core	CPU	C1%	C3%	C6%	C8%	C9%
-	-	3.56	0.38	6.94	4.37	0.00
0	0	15.03	0.36	10.46	10.32	0.00
0	4	0.00	0.00	0.38	0.79	0.00
1	1	13.46	2.63	41.42	19.20	0.00
1	5	0.00	0.00	0.78	0.97	0.00
2	2	0.00	0.01	0.84	1.29	0.00
2	6	0.00	0.02	0.79	0.58	0.00
3	3	0.00	0.02	0.51	1.08	0.00
3	7	0.00	0.00	0.37	0.69	0.00
Core	CPU	C1%	C3%	C6%	C8%	C9%
-	-	2.35	0.55	6.17	4.03	0.00
0	0	10.20	0.59	7.73	5.40	0.00
0	4	0.00	0.02	0.19	0.30	0.00
1	1	8.63	2.46	39.06	23.36	0.00
1	5	0.00	0.00	1.05	0.30	0.00
2	2	0.00	1.29	0.15	0.00	0.00
2	6	0.00	0.00	0.44	0.89	0.00
3	3	0.00	0.02	0.64	0.89	0.00
3	7	0.00	0.00	0.10	1.09	0.00
Core	CPU	C1%	C3%	C6%	C8%	C9%
-	-	3.38	0.32	6.63	4.17	0.00
0	0	14.58	0.45	6.79	11.24	0.00
0	4	0.00	0.00	0.42	0.81	0.00
1	1	12.46	2.09	43.36	18.17	0.00
1	5	0.00	0.00	0.49	0.01	0.00
2	2	0.00	0.00	0.58	0.60	0.00
2	6	0.00	0.00	0.37	0.79	0.00
3	3	0.00	0.02	0.77	0.88	0.00
3	7	0.00	0.00	0.23	0.89	0.00
Core	CPU	C1%	C3%	C6%	C8%	C9%
-	-	2.36	0.37	7.06	4.23	0.00
0	0	9.88	0.69	6.76	6.35	0.00
0	4	0.00	0.00	0.43	1.39	0.00
1	1	8.96	2.22	44.05	20.19	0.00
1	5	0.00	0.00	0.73	1.96	0.00
2	2	0.00	0.00	1.89	1.39	0.00
2	6	0.00	0.01	1.09	0.69	0.00
3	3	0.00	0.01	1.20	0.68	0.00
3	7	0.00	0.00	0.37	1.18	0.00
Core	CPU	C1%	C3%	C6%	C8%	C9%
-	-	3.05	0.41	6.42	3.94	0.00
0	0	12.25	0.56	8.44	7.42	0.00
0	4	0.00	0.00	0.09	0.50	0.00
1	1	0.00	0.00	0.67	0.79	0.00
1	5	0.00	0.00	0.50	1.09	0.00
2	2	12.18	2.73	40.01	19.27	0.00
2	6	0.00	0.00	0.26	1.08	0.00
3	3	0.00	0.01	1.10	0.59	0.00
3	7	0.00	0.00	0.29	0.79	0.00
Core	CPU	C1%	C3%	C6%	C8%	C9%
-	-	2.88	0.42	6.32	3.71	0.00
0	0	11.06	1.03	6.85	6.75	0.00
0	4	0.00	0.00	0.16	0.79	0.00
1	1	0.00	0.02	0.39	0.03	0.00
1	5	0.00	0.00	0.19	0.40	0.00
2	2	12.01	2.27	41.43	18.88	0.00
2	6	0.00	0.00	0.53	0.89	0.00
3	3	0.00	0.04	0.71	0.98	0.00
3	7	0.00	0.00	0.25	0.99	0.00
Core	CPU	C1%	C3%	C6%	C8%	C9%
-	-	1.29	0.31	7.38	4.24	0.29
0	0	5.26	1.62	38.73	18.80	0.00
0	4	0.00	0.00	0.29	1.09	1.30
1	1	1.04	0.18	8.31	6.12	0.00
1	5	0.00	0.00	0.30	0.89	0.00
2	2	4.00	0.71	9.66	4.78	0.00
2	6	0.00	0.00	0.17	0.69	1.00
3	3	0.00	0.00	1.00	0.98	0.00
3	7	0.00	0.00	0.55	0.59	0.00
Core	CPU	C1%	C3%	C6%	C8%	C9%
-	-	0.00	0.31	8.91	4.21	0.71
0	0	0.00	2.33	65.67	25.34	0.00
0	4	0.00	0.08	0.92	1.29	5.70
1	1	0.00	0.00	0.39	1.38	0.00
1	5	0.00	0.00	0.66	1.29	0.00
2	2	0.00	0.00	0.87	1.19	0.00
2	6	0.00	0.00	0.54	1.09	0.00
3	3	0.00	0.05	1.10	0.89	0.00
3	7	0.00	0.00	1.11	1.19	0.00
Core	CPU	C1%	C3%	C6%	C8%	C9%
-	-	0.00	0.29	8.64	4.50	0.59
0	0	0.00	2.27	64.50	26.80	0.00
0	4	0.00	0.00	1.66	0.78	4.69
1	1	0.00	0.02	0.59	1.19	0.00
1	5	0.00	0.00	0.20	0.89	0.00
2	2	0.00	0.00	0.57	1.38	0.00
2	6	0.00	0.00	0.55	2.28	0.00
3	3	0.00	0.02	0.75	1.38	0.00
3	7	0.00	0.00	0.32	1.29	0.00
Core	CPU	C1%	C3%	C6%	C8%	C9%
-	-	0.82	0.33	7.60	3.87	0.00
0	0	3.40	1.76	42.46	18.01	0.00
0	4	0.00	0.00	0.67	0.17	0.00
1	1	2.55	0.85	15.20	9.98	0.00
1	5	0.00	0.02	0.72	0.40	0.00
2	2	0.00	0.01	0.55	0.11	0.00
2	6	0.00	0.00	0.00	0.50	0.00
3	3	0.00	0.00	0.62	0.99	0.00
3	7	0.63	0.00	0.55	0.79	0.00
Core	CPU	C1%	C3%	C6%	C8%	C9%
-	-	0.00	0.26	8.66	3.91	0.00
0	0	0.00	2.06	64.84	26.63	0.00
0	4	0.00	0.00	0.68	0.40	0.00
1	1	0.00	0.00	0.49	0.69	0.00
1	5	0.00	0.00	0.55	0.59	0.00
2	2	0.00	0.00	0.92	0.00	0.00
2	6	0.00	0.01	0.99	0.79	0.00
3	3	0.00	0.02	0.41	1.51	0.00
3	7	0.00	0.00	0.38	0.69	0.00
Core	CPU	C1%	C3%	C6%	C8%	C9%
-	-	0.12	0.31	8.82	4.31	1.30
0	0	0.79	2.30	62.09	22.75	0.00
0	4	0.00	0.02	0.23	1.09	10.38
1	1	0.20	0.11	4.33	3.63	0.00
1	5	0.00	0.00	0.37	1.19	0.00
2	2	0.00	0.03	1.90	2.18	0.00
2	6	0.00	0.00	0.25	1.38	0.00
3	3	0.00	0.03	1.08	0.90	0.00
3	7	0.00	0.00	0.30	1.38	0.00
Core	CPU	C1%	C3%	C6%	C8%	C9%
-	-	0.00	0.28	8.35	4.14	0.00
0	0	0.00	2.27	64.00	27.09	0.00
0	4	0.00	0.00	0.44	0.60	0.00
1	1	0.00	0.00	0.42	0.81	0.00
1	5	0.00	0.00	0.20	0.30	0.00
2	2	0.00	0.00	0.69	1.28	0.00
2	6	0.00	0.00	0.28	0.88	0.00
3	3	0.00	0.00	0.58	1.09	0.00
3	7	0.00	0.00	0.24	1.08	0.00
Core	CPU	C1%	C3%	C6%	C8%	C9%
-	-	0.01	0.29	8.79	3.98	1.22
0	0	0.04	2.28	65.50	25.40	0.00
0	4	0.00	0.00	1.49	0.20	9.77
1	1	0.00	0.00	0.45	1.19	0.00
1	5	0.00	0.00	0.27	0.99	0.00
2	2	0.00	0.01	0.69	0.80	0.00
2	6	0.00	0.00	0.93	1.39	0.00
3	3	0.00	0.01	0.57	1.08	0.00
3	7	0.00	0.00	0.45	0.79	0.00
Core	CPU	C1%	C3%	C6%	C8%	C9%
-	-	0.00	0.28	8.59	4.00	0.00
0	0	0.00	2.17	64.63	26.77	0.00
0	4	0.00	0.00	0.88	0.00	0.00
1	1	0.00	0.00	0.26	0.79	0.00
1	5	0.00	0.00	0.25	1.10	0.00
2	2	0.00	0.00	0.92	0.79	0.00
2	6	0.00	0.01	0.89	0.40	0.00
3	3	0.00	0.05	0.47	1.38	0.00
3	7	0.00	0.00	0.38	0.79	0.00
Core	CPU	C1%	C3%	C6%	C8%	C9%
-	-	0.00	0.30	8.57	4.12	0.31
0	0	0.00	2.34	64.61	26.61	0.00
0	4	0.00	0.03	0.66	0.50	2.49
1	1	0.00	0.00	0.59	0.79	0.00
1	5	0.00	0.00	0.27	1.19	0.00
2	2	0.00	0.00	0.87	0.89	0.00
2	6	0.00	0.00	0.34	0.99	0.00
3	3	0.00	0.05	0.99	0.79	0.00
3	7	0.00	0.00	0.20	1.19	0.00
Core	CPU	C1%	C3%	C6%	C8%	C9%
-	-	0.00	0.35	8.74	7.39	0.99
0	0	0.00	2.67	65.64	25.24	0.00
0	4	0.00	0.00	0.74	0.00	7.94
1	1	0.00	0.02	0.65	0.70	0.00
1	5	0.00	0.00	0.74	1.09	0.00
2	2	0.00	0.00	0.41	0.79	0.00
2	6	0.00	0.00	0.27	0.89	0.00
3	3	0.00	0.00	0.57	1.09	0.00
3	7	0.01	0.10	0.88	29.36	0.00
Core	CPU	C1%	C3%	C6%	C8%	C9%
-	-	0.00	0.28	8.47	4.21	0.22
0	0	0.00	2.23	64.01	27.10	0.00
0	4	0.00	0.00	0.87	0.10	1.79
1	1	0.00	0.00	0.25	0.89	0.00
1	5	0.00	0.00	0.33	1.00	0.00
2	2	0.00	0.02	0.59	0.89	0.00
2	6	0.00	0.01	0.25	1.20	0.00
3	3	0.00	0.00	0.55	1.88	0.00
3	7	0.00	0.00	0.88	0.59	0.00
Core	CPU	C1%	C3%	C6%	C8%	C9%
-	-	0.10	0.30	8.95	4.48	1.22
0	0	0.00	2.41	64.89	25.35	0.00
0	4	0.00	0.00	0.82	0.11	9.80
1	1	0.79	0.00	1.08	1.68	0.00
1	5	0.00	0.00	0.36	1.58	0.00
2	2	0.00	0.00	1.66	2.18	0.00
2	6	0.00	0.02	1.68	1.38	0.00
3	3	0.00	0.01	0.49	1.40	0.00
3	7	0.00	0.00	0.58	2.18	0.00
Core	CPU	C1%	C3%	C6%	C8%	C9%
-	-	3.57	0.42	6.92	5.31	0.00
0	0	15.04	0.57	7.62	16.12	0.00
0	4	0.00	0.00	0.42	1.39	0.00
1	1	13.54	2.70	43.62	17.57	0.00
1	5	0.00	0.00	0.29	1.28	0.00
2	2	0.00	0.00	1.04	1.28	0.00
2	6	0.00	0.05	0.92	1.48	0.00
3	3	0.00	0.00	0.74	1.68	0.00
3	7	0.00	0.02	0.69	1.68	0.00
Core	CPU	C1%	C3%	C6%	C8%	C9%
-	-	3.37	0.37	6.95	3.87	0.00
0	0	14.05	0.61	9.64	10.40	0.00
0	4	0.00	0.00	0.46	0.60	0.00
1	1	12.90	2.28	42.90	17.76	0.00
1	5	0.00	0.00	0.53	0.00	0.00
2	2	0.00	0.00	0.40	0.00	0.00
2	6	0.00	0.04	0.95	0.30	0.00
3	3	0.00	0.00	0.28	0.88	0.00
3	7	0.00	0.00	0.46	0.99	0.00
Core	CPU	C1%	C3%	C6%	C8%	C9%
-	-	1.66	0.34	7.41	3.99	0.00
0	0	8.22	1.36	29.18	14.41	0.00
0	4	0.00	0.00	0.32	0.68	0.00
1	1	5.10	1.37	27.12	13.38	0.00
1	5	0.00	0.00	0.95	0.00	0.00
2	2	0.00	0.00	0.29	0.98	0.00
2	6	0.00	0.00	0.83	0.59	0.00
3	3	0.00	0.02	0.19	0.99	0.00
3	7	0.00	0.00	0.39	0.89	0.00
Core	CPU	C1%	C3%	C6%	C8%	C9%
-	-	0.00	0.28	8.58	3.89	0.00
0	0	0.00	2.13	64.73	26.64	0.00
0	4	0.00	0.08	0.96	0.00	0.00
1	1	0.00	0.00	0.10	0.79	0.00
1	5	0.00	0.00	0.49	0.70	0.00
2	2	0.00	0.00	0.26	0.99	0.00
2	6	0.00	0.00	0.39	0.85	0.00
3	3	0.00	0.00	0.83	0.79	0.00
3	7	0.00	0.01	0.89	0.39	0.00
Core	CPU	C1%	C3%	C6%	C8%	C9%
-	-	0.00	0.33	8.71	3.92	1.00
0	0	0.01	2.60	66.09	24.80	0.00
0	4	0.00	0.00	0.97	0.19	7.97
1	1	0.00	0.00	0.14	1.99	0.00
1	5	0.00	0.00	0.22	0.60	0.00
2	2	0.00	0.00	1.18	1.10	0.00
2	6	0.00	0.01	0.49	0.79	0.00
3	3	0.00	0.00	0.27	0.89	0.00
3	7	0.00	0.00	0.31	0.98	0.00
Core	CPU	C1%	C3%	C6%	C8%	C9%
-	-	0.00	0.27	8.58	4.28	0.00
0	0	0.00	2.10	64.09	27.32	0.00
0	4	0.00	0.04	1.29	0.39	0.01
1	1	0.00	0.00	0.28	0.89	0.00
1	5	0.00	0.00	0.20	1.38	0.00
2	2	0.00	0.00	0.92	1.58	0.00
2	6	0.00	0.01	1.12	0.88	0.00
3	3	0.00	0.00	0.20	0.99	0.00
3	7	0.00	0.00	0.57	0.79	0.00
Core	CPU	C1%	C3%	C6%	C8%	C9%
-	-	2.41	0.33	6.14	4.17	0.00
0	0	10.30	0.51	5.06	4.77	0.00
0	4	0.00	0.06	0.84	0.10	0.00
1	1	9.01	2.11	40.91	20.98	0.00
1	5	0.00	0.00	0.76	0.89	0.00
2	2	0.00	0.00	0.46	1.88	0.00
2	6	0.00	0.00	0.47	1.91	0.00
3	3	0.00	0.00	0.32	1.38	0.00
3	7	0.00	0.00	0.30	1.48	0.00
Core	CPU	C1%	C3%	C6%	C8%	C9%
-	-	1.87	0.36	7.61	3.78	1.23
0	0	7.98	1.59	37.26	17.71	0.00
0	4	0.02	0.00	0.83	0.10	9.87
1	1	6.90	1.31	21.29	8.55	0.00
1	5	0.00	0.00	0.09	0.50	0.00
2	2	0.02	0.00	0.36	0.98	0.00
2	6	0.00	0.00	0.35	1.02	0.00
3	3	0.00	0.00	0.45	0.40	0.00
3	7	0.00	0.00	0.23	0.99	0.00
Core	CPU	C1%	C3%	C6%	C8%	C9%
-	-	0.00	0.29	8.88	3.96	0.00
0	0	0.00	2.27	64.75	26.42	0.00
0	4	0.00	0.03	2.20	0.19	0.00
1	1	0.00	0.00	0.55	1.48	0.00
1	5	0.00	0.00	0.43	0.79	0.00
2	2	0.00	0.01	1.58	0.89	0.00
2	6	0.00	0.00	0.70	0.50	0.00
3	3	0.00	0.00	0.49	0.60	0.00
3	7	0.00	0.00	0.37	0.79	0.00
Core	CPU	C1%	C3%	C6%	C8%	C9%
-	-	2.82	0.45	8.18	5.08	0.57
0	0	13.31	1.21	34.85	19.47	0.00
0	4	0.00	0.02	1.03	0.00	4.51
1	1	9.21	2.32	26.65	14.09	0.00
1	5	0.00	0.00	1.01	1.68	0.00
2	2	0.00	0.00	0.74	0.79	0.00
2	6	0.00	0.00	0.43	1.97	0.03
3	3	0.00	0.01	0.49	1.39	0.00
3	7	0.00	0.01	0.20	1.28	0.00
Core	CPU	C1%	C3%	C6%	C8%	C9%
-	-	0.00	0.26	8.48	4.06	0.00
0	0	0.00	2.02	64.37	27.13	0.00
0	4	0.00	0.00	1.17	0.30	0.00
1	1	0.00	0.02	0.50	0.59	0.00
1	5	0.00	0.00	0.20	0.30	0.00
2	2	0.00	0.00	0.34	1.77	0.00
2	6	0.00	0.00	0.27	0.88	0.00
3	3	0.00	0.00	0.25	0.79	0.00
3	7	0.00	0.03	0.69	0.69	0.00
Core	CPU	C1%	C3%	C6%	C8%	C9%
-	-	0.00	0.28	8.53	3.91	0.00
0	0	0.00	2.09	64.81	26.64	0.00
0	4	0.00	0.12	1.17	0.00	0.00
1	1	0.00	0.00	0.33	0.99	0.00
1	5	0.00	0.00	0.13	0.99	0.00
2	2	0.00	0.00	0.65	0.20	0.00
2	6	0.00	0.00	0.38	0.59	0.00
3	3	0.00	0.00	0.28	0.98	0.00
3	7	0.00	0.00	0.46	0.88	0.00
Core	CPU	C1%	C3%	C6%	C8%	C9%
-	-	1.53	0.36	7.60	4.04	1.53
0	0	6.21	1.71	39.18	16.90	0.00
0	4	0.00	0.02	0.71	0.18	12.22
1	1	5.99	1.19	18.36	9.52	0.00
1	5	0.00	0.00	0.36	0.90	0.00
2	2	0.00	0.00	0.81	1.68	0.00
2	6	0.00	0.00	0.52	1.18	0.00
3	3	0.00	0.00	0.48	1.19	0.00
3	7	0.00	0.00	0.38	0.79	0.00
Core	CPU	C1%	C3%	C6%	C8%	C9%
-	-	3.84	0.55	6.82	4.02	0.00
0	0	16.74	0.40	10.41	9.62	0.00
0	4	0.00	0.03	0.98	0.00	0.00
1	1	13.96	2.35	42.20	19.33	0.00
1	5	0.00	0.00	0.24	1.43	0.00
2	2	0.00	0.58	0.19	0.00	0.00
2	6	0.00	0.00	0.25	0.97	0.00
3	3	0.00	0.00	0.33	0.77	0.00
3	7	0.00	1.07	0.00	0.00	0.00
Core	CPU	C1%	C3%	C6%	C8%	C9%
-	-	0.90	0.27	7.36	4.62	0.00
0	0	3.97	1.51	31.55	17.94	0.00
0	4	0.00	0.04	0.84	0.79	0.00
1	1	3.22	0.56	25.26	15.14	0.00
1	5	0.00	0.02	0.18	0.40	0.00
2	2	0.00	0.00	0.19	0.21	0.00
2	6	0.00	0.00	0.35	0.82	0.00
3	3	0.00	0.00	0.35	0.70	0.00
3	7	0.00	0.00	0.13	0.99	0.00
Core	CPU	C1%	C3%	C6%	C8%	C9%
-	-	0.00	0.29	8.76	3.84	0.95
0	0	0.00	2.22	65.60	25.74	0.00
0	4	0.00	0.00	1.39	0.10	7.57
1	1	0.00	0.09	0.96	0.20	0.00
1	5	0.00	0.00	0.35	0.60	0.00
2	2	0.00	0.00	0.23	0.99	0.00
2	6	0.00	0.02	0.86	1.09	0.00
3	3	0.00	0.02	0.30	1.09	0.00
3	7	0.00	0.00	0.38	0.89	0.00
Core	CPU	C1%	C3%	C6%	C8%	C9%
-	-	0.01	0.30	8.71	4.01	0.00
0	0	0.10	2.34	65.11	25.91	0.00
0	4	0.00	0.06	0.97	0.00	0.00
1	1	0.00	0.00	0.20	1.09	0.00
1	5	0.00	0.00	1.36	0.60	0.00
2	2	0.00	0.00	0.91	1.38	0.00
2	6	0.00	0.01	0.31	1.19	0.00
3	3	0.00	0.00	0.61	0.90	0.00
3	7	0.00	0.00	0.20	1.00	0.00
Core	CPU	C1%	C3%	C6%	C8%	C9%
-	-	0.00	0.27	8.77	4.16	0.00
0	0	0.00	2.15	64.22	27.03	0.00
0	4	0.00	0.05	1.95	0.10	0.00
1	1	0.00	0.00	0.72	0.60	0.00
1	5	0.00	0.00	0.54	0.10	0.00
2	2	0.00	0.00	0.30	1.53	0.00
2	6	0.00	0.00	1.13	1.28	0.00
3	3	0.00	0.00	1.05	1.19	0.00
3	7	0.00	0.00	0.24	1.48	0.00
Core	CPU	C1%	C3%	C6%	C8%	C9%
-	-	2.48	0.54	6.08	3.85	0.00
0	0	10.91	0.34	5.35	5.23	0.01
0	4	0.00	0.01	1.43	0.58	0.00
1	1	8.91	1.41	40.36	21.56	0.00
1	5	0.00	0.00	0.78	0.49	0.00
2	2	0.00	1.09	0.04	0.39	0.00
2	6	0.00	0.00	0.23	1.07	0.00
3	3	0.00	0.00	0.27	0.77	0.00
3	7	0.00	1.45	0.18	0.69	0.00
Core	CPU	C1%	C3%	C6%	C8%	C9%
-	-	4.13	0.36	5.97	8.17	0.00
0	0	16.31	0.42	4.66	12.16	0.00
0	4	0.00	0.02	0.62	0.91	0.00
1	1	16.70	2.27	40.66	18.47	0.00
1	5	0.00	0.00	0.19	0.71	0.00
2	2	0.00	0.00	0.28	1.18	0.00
2	6	0.00	0.00	0.37	1.18	0.00
3	3	0.00	0.00	0.25	1.18	0.00
3	7	0.01	0.16	0.72	29.59	0.00
Core	CPU	C1%	C3%	C6%	C8%	C9%
-	-	2.22	0.28	6.64	3.64	0.00
0	0	9.77	0.59	6.66	3.76	0.00
0	4	0.00	0.00	0.86	0.90	0.00
1	1	8.01	1.52	42.24	20.63	0.00
1	5	0.00	0.00	0.33	0.88	0.00
2	2	0.00	0.15	1.77	0.01	0.00
2	6	0.00	0.00	0.32	0.90	0.00
3	3	0.00	0.00	0.28	1.63	0.00
3	7	0.00	0.00	0.65	0.39	0.00
Core	CPU	C1%	C3%	C6%	C8%	C9%
-	-	3.02	0.31	6.85	3.93	0.00
0	0	12.24	0.46	10.56	7.86	0.00
0	4	0.00	0.02	0.47	0.88	0.00
1	1	8.42	1.27	24.55	9.15	0.00
1	5	0.00	0.00	0.41	1.19	0.00
2	2	0.00	0.00	0.74	0.59	0.00
2	6	0.00	0.01	0.29	0.69	0.00
3	3	3.48	0.67	17.51	10.26	0.00
3	7	0.00	0.00	0.29	0.79	0.00
Core	CPU	C1%	C3%	C6%	C8%	C9%
-	-	0.00	0.29	8.67	3.82	0.00
0	0	0.01	2.26	64.84	26.40	0.00
0	4	0.00	0.07	0.78	0.61	0.00
1	1	0.00	0.00	0.62	0.10	0.00
1	5	0.00	0.01	0.59	0.00	0.00
2	2	0.00	0.00	0.78	0.99	0.00
2	6	0.00	0.02	0.52	0.89	0.00
3	3	0.00	0.00	0.49	0.79	0.00
3	7	0.00	0.00	0.72	0.80	0.00
Core	CPU	C1%	C3%	C6%	C8%	C9%
-	-	0.01	0.48	8.31	3.83	0.52
0	0	0.00	2.28	63.10	26.25	0.00
0	4	0.07	0.01	1.17	0.19	4.17
1	1	0.00	0.00	0.46	0.79	0.00
1	5	0.00	0.00	0.83	0.79	0.00
2	2	0.00	1.51	0.00	0.04	0.00
2	6	0.00	0.00	0.19	1.13	0.00
3	3	0.00	0.00	0.29	0.85	0.00
3	7	0.00	0.00	0.46	0.59	0.00
Core	CPU	C1%	C3%	C6%	C8%	C9%
-	-	0.00	0.27	8.57	4.00	0.66
0	0	0.00	2.17	64.75	26.51	0.00
0	4	0.00	0.00	0.95	0.19	5.28
1	1	0.00	0.00	0.21	0.79	0.00
1	5	0.00	0.00	0.45	0.99	0.00
2	2	0.00	0.00	1.11	0.70	0.00
2	6	0.00	0.01	0.44	0.89	0.00
3	3	0.00	0.01	0.39	1.13	0.00
3	7	0.00	0.00	0.29	0.79	0.00
Core	CPU	C1%	C3%	C6%	C8%	C9%
-	-	3.80	0.40	7.15	4.11	0.00
0	0	16.98	0.92	9.89	9.55	0.00
0	4	0.00	0.04	0.93	0.10	0.00
1	1	13.42	2.26	43.26	17.56	0.00
1	5	0.00	0.00	0.46	1.96	0.00
2	2	0.00	0.00	0.37	0.79	0.00
2	6	0.00	0.00	0.46	1.02	0.00
3	3	0.00	0.00	0.92	1.48	0.00
3	7	0.00	0.01	0.90	0.39	0.00
Core	CPU	C1%	C3%	C6%	C8%	C9%
-	-	2.96	0.32	6.18	3.83	0.65
0	0	12.21	0.54	5.48	6.89	0.01
0	4	0.00	0.02	0.76	0.49	0.00
1	1	11.45	2.04	41.65	19.87	0.00
1	5	0.00	0.00	0.61	0.00	5.18
2	2	0.00	0.00	0.10	0.60	0.00
2	6	0.00	0.00	0.26	1.01	0.00
3	3	0.00	0.00	0.37	0.86	0.00
3	7	0.00	0.00	0.24	0.89	0.00
Core	CPU	C1%	C3%	C6%	C8%	C9%
-	-	3.65	0.34	6.79	3.76	0.01
0	0	14.97	0.37	7.67	9.21	0.11
0	4	0.00	0.01	1.17	0.40	0.00
1	1	14.23	2.30	42.34	16.93	0.00
1	5	0.00	0.00	0.54	0.60	0.00
2	2	0.00	0.01	0.92	0.39	0.00
2	6	0.00	0.02	0.95	0.82	0.00
3	3	0.00	0.00	0.32	1.04	0.00
3	7	0.00	0.00	0.38	0.69	0.00
Core	CPU	C1%	C3%	C6%	C8%	C9%
-	-	0.91	0.32	7.95	4.45	0.00
0	0	4.25	1.68	52.83	25.82	0.00
0	4	0.00	0.04	0.60	0.39	0.00
1	1	3.00	0.76	8.51	4.62	0.00
1	5	0.00	0.00	0.45	0.80	0.00
2	2	0.03	0.10	0.39	0.89	0.00
2	6	0.00	0.01	0.42	0.89	0.00
3	3	0.00	0.00	0.22	1.31	0.00
3	7	0.00	0.00	0.19	0.90	0.00
Core	CPU	C1%	C3%	C6%	C8%	C9%
-	-	0.00	0.30	8.59	3.85	0.42
0	0	0.00	2.36	65.31	25.90	0.00
0	4	0.00	0.00	0.76	0.19	3.39
1	1	0.00	0.02	0.62	0.20	0.00
1	5	0.00	0.01	0.89	0.87	0.00
2	2	0.00	0.00	0.22	0.98	0.00
2	6	0.00	0.00	0.32	0.89	0.00
3	3	0.00	0.00	0.35	0.86	0.00
3	7	0.00	0.02	0.24	0.89	0.00
Core	CPU	C1%	C3%	C6%	C8%	C9%
-	-	2.00	0.28	6.47	4.51	0.11
0	0	7.53	0.57	9.06	9.71	0.00
0	4	0.00	0.04	0.59	1.06	0.00
1	1	0.00	0.00	0.86	0.40	0.00
1	5	0.00	0.00	0.32	0.89	0.90
2	2	5.82	0.74	23.51	10.70	0.00
2	6	0.00	0.02	0.26	1.06	0.00
3	3	2.66	0.84	16.37	11.86	0.00
3	7	0.00	0.00	0.79	0.40	0.00
Core	CPU	C1%	C3%	C6%	C8%	C9%
-	-	2.52	0.39	6.83	4.98	0.11
0	0	10.30	0.71	10.78	13.79	0.00
0	4	0.00	0.00	0.50	0.10	0.00
1	1	0.00	0.00	0.38	0.89	0.00
1	5	0.00	0.00	0.56	0.70	0.00
2	2	9.84	2.24	41.45	20.88	0.00
2	6	0.00	0.07	0.56	1.78	0.91
3	3	0.00	0.10	0.21	0.81	0.00
3	7	0.00	0.00	0.19	0.90	0.00
