Core	CPU	C1%	C3%	C6%	C8%	C9%
-	-	3.28	0.42	7.19	3.83	0.01
0	0	12.98	0.68	10.51	9.61	0.12
0	4	0.00	0.04	1.37	0.59	0.00
1	1	0.00	0.00	1.18	0.39	0.00
1	5	12.90	2.52	39.65	18.63	0.00
2	2	0.07	0.00	1.09	0.40	0.00
2	6	0.00	0.00	1.24	0.30	0.00
3	3	0.14	0.00	1.18	0.29	0.00
3	7	0.12	0.10	1.31	0.42	0.00
Core	CPU	C1%	C3%	C6%	C8%	C9%
-	-	3.95	0.45	7.25	4.37	0.08
0	0	16.96	0.83	12.02	12.89	0.00
0	4	0.00	0.00	0.75	0.70	0.00
1	1	0.00	0.00	0.37	0.79	0.61
1	5	14.61	2.74	42.90	17.23	0.00
2	2	0.00	0.00	0.29	0.90	0.00
2	6	0.00	0.00	0.29	0.69	0.00
3	3	0.00	0.00	0.27	0.69	0.00
3	7	0.00	0.00	1.14	1.04	0.00
Core	CPU	C1%	C3%	C6%	C8%	C9%
-	-	2.54	0.37	6.73	4.16	0.00
0	0	10.24	0.62	10.17	8.12	0.00
0	4	0.00	0.05	0.85	0.98	0.00
1	1	0.00	0.00	0.37	1.58	0.00
1	5	0.00	0.00	0.94	0.79	0.00
2	2	0.00	0.00	0.23	1.18	0.00
2	6	0.00	0.02	0.19	1.09	0.00
3	3	0.00	0.00	0.72	0.29	0.00
3	7	10.09	2.23	40.38	19.23	0.00
Core	CPU	C1%	C3%	C6%	C8%	C9%
-	-	3.05	0.44	6.67	3.73	0.00
0	0	12.57	1.25	8.57	7.56	0.00
0	4	0.00	0.04	0.73	0.86	0.00
1	1	0.00	0.00	0.10	0.99	0.00
1	5	0.00	0.00	0.19	0.89	0.00
2	2	0.00	0.00	0.27	0.89	0.00
2	6	0.00	0.00	0.36	0.69	0.00
3	3	0.00	0.01	0.34	0.58	0.00
3	7	11.79	2.17	42.81	17.38	0.00
Core	CPU	C1%	C3%	C6%	C8%	C9%
-	-	0.13	0.33	9.03	4.26	0.77
0	0	0.47	2.56	65.74	24.15	0.00
0	4	0.00	0.00	0.88	0.68	3.87
1	1	0.00	0.00	0.35	2.17	0.00
1	5	0.19	0.08	1.80	1.43	0.00
2	2	0.00	0.01	0.30	0.39	0.00
2	6	0.10	0.02	1.17	1.19	0.00
3	3	0.01	0.00	0.52	1.59	2.31
3	7	0.25	0.01	1.44	2.48	0.00
Core	CPU	C1%	C3%	C6%	C8%	C9%
-	-	3.27	0.46	7.36	4.71	0.09
0	0	13.56	0.86	11.17	10.10	0.12
0	4	0.00	0.03	0.59	0.30	0.00
1	1	0.00	0.00	1.67	2.76	0.61
1	5	0.10	0.17	2.39	1.89	0.00
2	2	0.00	0.00	0.19	1.29	0.00
2	6	0.00	0.02	1.89	1.77	0.00
3	3	0.00	0.00	0.40	1.09	0.00
3	7	12.51	2.62	40.61	18.53	0.00
Core	CPU	C1%	C3%	C6%	C8%	C9%
-	-	1.96	0.37	6.29	4.85	1.09
0	0	8.22	1.05	8.76	6.28	0.00
0	4	0.00	0.00	0.59	0.41	0.00
1	1	0.04	0.09	0.29	1.09	0.81
1	5	0.00	0.00	0.36	1.19	0.00
2	2	0.00	0.00	0.25	1.18	0.00
2	6	0.82	0.09	6.81	7.86	0.00
3	3	0.00	0.04	0.56	2.98	2.00
3	7	6.64	1.70	32.73	17.84	5.88
Core	CPU	C1%	C3%	C6%	C8%	C9%
-	-	1.83	0.24	6.61	4.48	0.00
0	0	6.87	0.62	9.59	5.44	0.00
0	4	0.00	0.06	0.59	1.08	0.00
1	1	0.00	0.01	0.29	0.90	0.00
1	5	0.00	0.00	0.20	1.09	0.00
2	2	0.00	0.00	0.96	1.19	0.00
2	6	7.76	1.14	39.86	23.58	0.00
3	3	0.00	0.04	1.17	1.28	0.00
3	7	0.00	0.02	0.19	1.28	0.00
Core	CPU	C1%	C3%	C6%	C8%	C9%
-	-	1.94	0.22	6.24	4.31	0.00
0	0	8.06	0.67	8.18	5.53	0.00
0	4	0.00	0.00	0.67	0.60	0.00
1	1	0.00	0.00	0.24	1.58	0.00
1	5	0.00	0.00	0.31	0.89	0.00
2	2	0.00	0.00	0.09	0.40	0.00
2	6	7.46	1.10	39.82	23.79	0.00
3	3	0.00	0.00	0.37	0.89	0.00
3	7	0.00	0.00	0.25	0.79	0.00
Core	CPU	C1%	C3%	C6%	C8%	C9%
-	-	2.88	0.34	6.67	4.45	0.02
0	0	12.66	0.44	9.68	9.87	0.13
0	4	0.00	0.03	0.72	1.19	0.00
1	1	0.00	0.00	0.27	0.80	0.00
1	5	0.00	0.00	0.46	0.99	0.00
2	2	0.00	0.00	0.22	0.90	0.00
2	6	10.38	2.25	41.45	19.68	0.00
3	3	0.00	0.02	0.17	1.58	0.00
3	7	0.00	0.00	0.38	0.60	0.00
Core	CPU	C1%	C3%	C6%	C8%	C9%
-	-	3.07	0.33	6.56	3.94	0.00
0	0	12.83	0.64	9.66	8.34	0.00
0	4	0.00	0.03	0.90	0.00	0.00
1	1	0.00	0.01	0.27	0.60	0.00
1	5	0.00	0.00	0.10	0.59	0.00
2	2	0.00	0.00	0.28	0.98	0.00
2	6	11.75	1.93	40.79	19.40	0.00
3	3	0.00	0.00	0.24	0.89	0.00
3	7	0.00	0.02	0.19	0.70	0.00
Core	CPU	C1%	C3%	C6%	C8%	C9%
-	-	2.13	0.50	7.99	7.79	0.24
0	0	9.21	2.10	41.01	21.39	0.00
0	4	0.00	0.03	0.82	0.70	0.00
1	1	4.28	1.27	13.58	8.35	0.00
1	5	0.00	0.00	0.23	0.99	0.00
2	2	0.00	0.00	0.09	0.50	1.89
2	6	3.51	0.36	6.42	2.00	0.00
3	3	0.00	0.00	0.39	1.09	0.00
3	7	0.01	0.24	1.38	27.29	0.00
Core	CPU	C1%	C3%	C6%	C8%	C9%
-	-	0.00	0.32	8.69	3.81	0.00
0	0	0.00	2.55	65.28	25.52	0.00
0	4	0.00	0.02	0.89	0.10	0.00
1	1	0.00	0.00	0.18	1.28	0.00
1	5	0.00	0.00	0.84	1.09	0.00
2	2	0.00	0.00	0.44	0.49	0.00
2	6	0.00	0.00	0.23	1.09	0.00
3	3	0.00	0.00	0.59	0.89	0.00
3	7	0.00	0.00	1.06	0.00	0.00
Core	CPU	C1%	C3%	C6%	C8%	C9%
-	-	0.00	0.38	8.70	4.15	0.00
0	0	0.00	2.96	66.07	24.47	0.00
0	4	0.00	0.06	1.21	0.21	0.00
1	1	0.00	0.00	0.10	0.79	0.00
1	5	0.00	0.00	0.28	1.29	0.00
2	2	0.00	0.00	0.65	0.99	0.00
2	6	0.00	0.00	0.24	1.29	0.00
3	3	0.00	0.01	0.71	2.87	0.00
3	7	0.00	0.00	0.30	1.31	0.00
Core	CPU	C1%	C3%	C6%	C8%	C9%
-	-	0.00	0.34	8.63	3.70	0.16
0	0	0.00	2.74	65.71	24.92	0.00
0	4	0.00	0.00	1.17	0.00	1.29
1	1	0.00	0.00	0.13	0.42	0.00
1	5	0.00	0.02	0.19	0.60	0.00
2	2	0.00	0.00	0.79	0.60	0.00
2	6	0.00	0.00	0.18	0.99	0.00
3	3	0.00	0.00	0.57	1.30	0.00
3	7	0.00	0.00	0.33	0.81	0.00
Core	CPU	C1%	C3%	C6%	C8%	C9%
-	-	2.94	0.63	6.34	4.34	0.00
0	0	12.44	0.48	8.17	7.44	0.00
0	4	0.00	0.02	0.96	0.99	0.00
1	1	11.06	2.82	40.18	20.60	0.00
1	5	0.00	0.00	0.23	1.19	0.00
2	2	0.00	0.01	0.29	1.10	0.00
2	6	0.00	0.00	0.20	1.09	0.00
3	3	0.00	1.68	0.27	0.30	0.00
3	7	0.00	0.00	0.45	2.04	0.00
Core	CPU	C1%	C3%	C6%	C8%	C9%
-	-	2.81	0.24	6.44	4.12	0.00
0	0	11.05	0.50	6.63	7.97	0.00
0	4	0.00	0.02	0.50	0.40	0.00
1	1	11.45	1.37	42.76	20.00	0.00
1	5	0.00	0.00	0.33	0.99	0.00
2	2	0.00	0.00	0.24	0.89	0.00
2	6	0.00	0.00	0.23	0.99	0.00
3	3	0.00	0.01	0.52	0.88	0.00
3	7	0.00	0.00	0.28	0.86	0.00
Core	CPU	C1%	C3%	C6%	C8%	C9%
-	-	1.30	0.42	8.28	4.27	0.83
0	0	5.58	2.22	50.74	21.44	0.00
0	4	0.00	0.04	0.69	0.30	5.79
1	1	4.84	1.05	11.45	4.76	0.00
1	5	0.00	0.02	1.40	1.97	0.83
2	2	0.00	0.00	0.70	1.19	0.00
2	6	0.00	0.00	0.63	1.39	0.00
3	3	0.00	0.00	0.41	1.40	0.00
3	7	0.00	0.00	0.19	1.71	0.00
Core	CPU	C1%	C3%	C6%	C8%	C9%
-	-	0.00	0.38	8.66	3.76	0.00
0	0	0.00	3.03	66.25	24.10	0.00
0	4	0.00	0.00	0.56	1.00	0.00
1	1	0.00	0.00	0.53	0.00	0.00
1	5	0.00	0.01	0.68	0.09	0.00
2	2	0.00	0.00	0.30	1.38	0.00
2	6	0.00	0.00	0.28	0.99	0.00
3	3	0.00	0.02	0.36	1.49	0.00
3	7	0.00	0.00	0.33	0.99	0.00
Core	CPU	C1%	C3%	C6%	C8%	C9%
-	-	0.00	0.39	8.96	3.70	1.19
0	0	0.00	3.08	67.06	23.25	0.00
0	4	0.00	0.02	1.27	0.09	9.50
1	1	0.00	0.00	0.55	0.69	0.00
1	5	0.00	0.00	0.54	0.69	0.00
2	2	0.00	0.02	0.88	0.90	0.00
2	6	0.00	0.00	0.59	0.89	0.00
3	3	0.00	0.00	0.31	1.50	0.00
3	7	0.00	0.00	0.49	1.57	0.00
Core	CPU	C1%	C3%	C6%	C8%	C9%
-	-	0.00	0.35	8.71	3.79	1.25
0	0	0.00	2.73	67.13	23.54	0.00
0	4	0.00	0.09	0.92	0.99	10.01
1	1	0.00	0.00	0.31	0.99	0.00
1	5	0.00	0.00	0.36	0.89	0.00
2	2	0.00	0.00	0.24	0.89	0.00
2	6	0.00	0.00	0.13	1.09	0.00
3	3	0.00	0.02	0.28	1.09	0.00
3	7	0.00	0.00	0.28	0.85	0.00
Core	CPU	C1%	C3%	C6%	C8%	C9%
-	-	2.81	0.50	6.68	4.32	0.01
0	0	11.64	0.66	8.99	10.99	0.10
0	4	0.00	0.08	1.07	0.79	0.00
1	1	10.85	3.24	40.79	19.57	0.00
1	5	0.00	0.00	0.28	0.89	0.00
2	2	0.00	0.00	0.36	0.79	0.00
2	6	0.00	0.00	0.35	0.89	0.00
3	3	0.00	0.00	0.82	0.30	0.00
3	7	0.00	0.01	0.79	0.32	0.00
Core	CPU	C1%	C3%	C6%	C8%	C9%
-	-	3.10	0.30	6.77	3.98	0.10
0	0	12.94	0.53	9.18	7.49	0.00
0	4	0.00	0.20	0.85	0.49	0.00
1	1	11.84	1.70	42.24	19.71	0.00
1	5	0.00	0.00	0.41	0.69	0.00
2	2	0.00	0.00	0.25	0.25	0.00
2	6	0.00	0.00	0.64	1.09	0.80
3	3	0.00	0.00	0.37	0.79	0.00
3	7	0.00	0.00	0.25	1.37	0.00
Core	CPU	C1%	C3%	C6%	C8%	C9%
-	-	4.00	0.44	6.90	4.31	0.00
0	0	16.71	0.53	9.93	13.09	0.00
0	4	0.00	0.05	0.87	0.40	0.00
1	1	15.33	2.89	43.12	15.72	0.00
1	5	0.00	0.00	0.25	0.89	0.00
2	2	0.00	0.00	0.24	0.89	0.00
2	6	0.00	0.00	0.22	0.99	0.00
3	3	0.00	0.01	0.20	1.28	0.00
3	7	0.00	0.01	0.37	1.19	0.00
Core	CPU	C1%	C3%	C6%	C8%	C9%
-	-	2.69	0.35	6.87	3.96	0.00
0	0	11.30	0.76	9.90	7.14	0.00
0	4	0.00	0.00	0.37	0.90	0.00
1	1	10.11	2.00	40.78	20.62	0.00
1	5	0.00	0.00	0.32	1.09	0.00
2	2	0.00	0.00	0.93	0.29	0.00
2	6	0.10	0.01	0.89	0.39	0.00
3	3	0.00	0.00	1.20	0.60	0.00
3	7	0.00	0.00	0.59	0.65	0.00
Core	CPU	C1%	C3%	C6%	C8%	C9%
-	-	3.93	0.54	7.01	4.04	0.11
0	0	16.04	1.73	16.77	12.27	0.11
0	4	0.03	0.00	0.49	0.00	0.78
1	1	15.38	2.60	37.18	15.31	0.00
1	5	0.00	0.00	0.28	0.89	0.00
2	2	0.00	0.00	0.36	0.88	0.00
2	6	0.00	0.00	0.24	0.99	0.00
3	3	0.00	0.00	0.43	1.10	0.00
3	7	0.00	0.00	0.29	0.84	0.00
Core	CPU	C1%	C3%	C6%	C8%	C9%
-	-	0.00	0.38	8.83	3.87	0.00
0	0	0.00	3.00	66.36	24.15	0.00
0	4	0.00	0.00	0.59	0.99	0.00
1	1	0.00	0.01	0.82	0.79	0.00
1	5	0.00	0.01	1.47	0.50	0.00
2	2	0.00	0.00	0.29	0.89	0.00
2	6	0.00	0.00	0.28	1.58	0.00
3	3	0.00	0.00	0.57	1.09	0.00
3	7	0.00	0.00	0.23	0.99	0.00
Core	CPU	C1%	C3%	C6%	C8%	C9%
-	-	0.01	0.40	8.95	3.95	0.46
0	0	0.11	2.80	67.48	23.14	0.00
0	4	0.00	0.00	0.98	0.98	3.66
1	1	0.00	0.00	0.91	2.07	0.00
1	5	0.00	0.00	0.44	0.79	0.00
2	2	0.00	0.02	0.39	0.90	0.00
2	6	0.00	0.38	0.15	1.00	0.00
3	3	0.00	0.01	0.93	1.19	0.00
3	7	0.00	0.00	0.36	1.56	0.00
Core	CPU	C1%	C3%	C6%	C8%	C9%
-	-	0.00	0.39	8.79	3.62	1.13
0	0	0.00	3.10	67.30	23.10	0.00
0	4	0.00	0.00	0.80	0.20	9.03
1	1	0.00	0.00	0.28	0.89	0.00
1	5	0.00	0.00	0.35	0.99	0.00
2	2	0.00	0.00	0.25	1.09	0.00
2	6	0.00	0.00	0.23	1.19	0.00
3	3	0.00	0.01	0.91	0.60	0.00
3	7	0.00	0.00	0.19	0.95	0.00
Core	CPU	C1%	C3%	C6%	C8%	C9%
-	-	0.00	0.40	8.74	3.74	1.68
0	0	0.00	3.16	66.56	23.66	0.00
0	4	0.00	0.03	0.80	0.98	13.46
1	1	0.00	0.00	0.21	0.99	0.00
1	5	0.00	0.00	0.19	1.09	0.00
2	2	0.00	0.00	0.36	0.99	0.00
2	6	0.00	0.00	0.35	0.99	0.00
3	3	0.00	0.00	0.87	0.70	0.00
3	7	0.00	0.00	0.60	0.53	0.00
Core	CPU	C1%	C3%	C6%	C8%	C9%
-	-	3.37	0.32	6.03	4.17	0.00
0	0	15.41	0.34	4.45	9.48	0.00
0	4	0.00	0.00	0.60	0.27	0.00
1	1	11.56	2.21	41.25	19.57	0.00
1	5	0.00	0.02	0.68	0.00	0.00
2	2	0.00	0.00	0.19	0.99	0.00
2	6	0.00	0.00	0.27	0.99	0.00
3	3	0.00	0.01	0.57	1.08	0.00
3	7	0.00	0.00	0.23	1.00	0.00
Core	CPU	C1%	C3%	C6%	C8%	C9%
-	-	3.76	0.32	6.30	4.58	0.13
0	0	15.20	0.27	5.37	11.31	0.00
0	4	0.00	0.00	0.59	1.40	1.00
1	1	14.89	2.26	40.84	18.23	0.00
1	5	0.00	0.00	0.34	0.79	0.00
2	2	0.00	0.00	0.22	0.89	0.00
2	6	0.00	0.00	0.49	0.99	0.00
3	3	0.00	0.00	1.42	1.50	0.00
3	7	0.00	0.00	1.14	1.56	0.00
Core	CPU	C1%	C3%	C6%	C8%	C9%
-	-	0.00	0.37	8.66	3.91	2.88
0	0	0.00	2.93	66.23	23.79	0.00
0	4	0.00	0.00	0.35	1.30	23.06
1	1	0.00	0.00	0.33	1.09	0.00
1	5	0.00	0.00	0.55	0.79	0.00
2	2	0.00	0.00	0.25	0.99	0.00
2	6	0.00	0.00	0.31	1.58	0.00
3	3	0.00	0.06	0.98	0.50	0.00
3	7	0.00	0.00	0.28	1.24	0.00
Core	CPU	C1%	C3%	C6%	C8%	C9%
-	-	0.00	0.39	9.08	3.65	0.16
0	0	0.00	3.11	67.39	22.97	0.00
0	4	0.00	0.01	0.87	0.31	1.25
1	1	0.00	0.00	0.10	0.40	0.00
1	5	0.00	0.00	0.32	1.78	0.00
2	2	0.00	0.00	0.96	1.19	0.00
2	6	0.00	0.00	0.45	1.09	0.00
3	3	0.00	0.02	1.34	0.76	0.00
3	7	0.00	0.01	1.18	0.72	0.00
Core	CPU	C1%	C3%	C6%	C8%	C9%
-	-	0.00	0.50	9.08	7.05	3.79
0	0	0.01	3.77	68.02	21.86	0.00
0	4	0.00	0.01	1.03	1.07	30.34
1	1	0.00	0.00	0.78	1.19	0.00
1	5	0.00	0.00	0.51	0.89	0.00
2	2	0.00	0.00	0.18	0.50	0.00
2	6	0.00	0.00	0.19	1.09	0.00
3	3	0.00	0.00	1.16	0.29	0.00
3	7	0.01	0.20	0.79	29.46	0.00
Core	CPU	C1%	C3%	C6%	C8%	C9%
-	-	0.01	0.37	9.06	3.83	0.76
0	0	0.01	2.95	67.14	23.34	0.00
0	4	0.03	0.02	1.01	0.96	6.11
1	1	0.00	0.00	0.26	0.90	0.00
1	5	0.00	0.00	0.25	1.09	0.00
2	2	0.00	0.00	1.11	0.90	0.00
2	6	0.00	0.01	0.99	0.79	0.00
3	3	0.00	0.00	0.94	1.39	0.00
3	7	0.00	0.00	0.77	1.26	0.00
Core	CPU	C1%	C3%	C6%	C8%	C9%
-	-	0.00	0.36	8.66	3.91	0.39
0	0	0.00	2.85	66.15	24.49	0.00
0	4	0.00	0.01	0.89	1.07	3.13
1	1	0.00	0.00	0.41	0.89	0.00
1	5	0.00	0.00	0.36	0.89	0.00
2	2	0.00	0.00	0.26	1.08	0.00
2	6	0.00	0.00	0.44	0.79	0.00
3	3	0.00	0.02	0.51	1.20	0.00
3	7	0.00	0.00	0.29	0.85	0.00
Core	CPU	C1%	C3%	C6%	C8%	C9%
-	-	3.20	0.33	6.68	3.92	0.10
0	0	14.46	0.47	7.28	7.99	0.00
0	4	0.00	0.03	0.65	0.37	0.82
1	1	11.13	2.12	42.05	18.58	0.00
1	5	0.00	0.00	0.25	1.37	0.00
2	2	0.00	0.00	0.65	1.38	0.00
2	6	0.00	0.00	0.35	0.79	0.00
3	3	0.00	0.01	1.24	0.30	0.00
3	7	0.00	0.02	0.99	0.61	0.00
Core	CPU	C1%	C3%	C6%	C8%	C9%
-	-	3.00	0.28	6.17	3.79	0.00
0	0	12.20	0.50	5.27	6.99	0.00
0	4	0.00	0.00	0.50	0.40	0.00
1	1	11.78	1.74	41.84	18.87	0.00
1	5	0.00	0.00	0.30	0.41	0.00
2	2	0.00	0.00	0.19	1.00	0.00
2	6	0.00	0.00	0.29	0.89	0.00
3	3	0.00	0.03	0.67	0.89	0.00
3	7	0.00	0.00	0.33	0.90	0.00
Core	CPU	C1%	C3%	C6%	C8%	C9%
-	-	3.56	0.36	6.32	4.30	0.21
0	0	15.66	0.36	4.41	10.54	0.00
0	4	0.00	0.00	0.28	0.89	0.00
1	1	12.71	2.46	41.48	18.79	0.00
1	5	0.00	0.00	0.74	0.89	1.69
2	2	0.00	0.00	0.82	0.40	0.00
2	6	0.10	0.01	0.79	0.79	0.00
3	3	0.00	0.02	1.14	0.99	0.00
3	7	0.00	0.00	0.87	1.15	0.00
Core	CPU	C1%	C3%	C6%	C8%	C9%
-	-	3.25	0.32	6.45	3.94	0.01
0	0	13.59	0.78	7.66	7.42	0.11
0	4	0.00	0.01	0.67	0.00	0.00
1	1	12.38	1.77	41.12	19.36	0.00
1	5	0.00	0.00	0.46	0.89	0.00
2	2	0.00	0.00	0.39	0.99	0.00
2	6	0.00	0.00	0.25	0.99	0.00
3	3	0.00	0.00	0.80	0.99	0.00
3	7	0.00	0.00	0.29	0.84	0.00
Core	CPU	C1%	C3%	C6%	C8%	C9%
-	-	2.87	0.42	6.36	4.96	0.00
0	0	12.47	0.82	9.74	13.56	0.00
0	4	0.00	0.00	0.56	0.00	0.00
1	1	4.45	0.99	12.47	5.43	0.00
1	5	0.00	0.00	0.13	0.79	0.00
2	2	6.02	1.52	26.97	16.90	0.00
2	6	0.00	0.00	0.28	0.89	0.00
3	3	0.00	0.00	0.47	1.10	0.00
3	7	0.00	0.00	0.23	1.00	0.00
Core	CPU	C1%	C3%	C6%	C8%	C9%
-	-	1.80	0.27	6.87	5.31	0.00
0	0	6.97	1.01	12.21	15.21	0.00
0	4	0.00	0.00	0.52	1.09	0.00
1	1	0.00	0.00	0.45	0.70	0.00
1	5	0.00	0.00	0.33	0.99	0.00
2	2	7.44	1.13	40.34	21.90	0.00
2	6	0.00	0.00	0.18	0.91	0.00
3	3	0.00	0.00	0.50	1.00	0.00
3	7	0.00	0.00	0.46	0.66	0.00
Core	CPU	C1%	C3%	C6%	C8%	C9%
-	-	2.61	0.27	7.19	5.97	0.00
0	0	15.59	0.68	7.91	19.02	0.00
0	4	0.01	0.73	18.36	6.38	0.00
1	1	0.00	0.00	0.28	0.99	0.00
1	5	0.00	0.00	0.27	0.89	0.00
2	2	5.31	0.66	29.15	17.19	0.00
2	6	0.00	0.00	0.14	0.99	0.00
3	3	0.00	0.05	1.20	1.00	0.00
3	7	0.00	0.00	0.20	1.33	0.00
Core	CPU	C1%	C3%	C6%	C8%	C9%
-	-	5.48	0.63	12.06	6.13	0.00
0	0	43.81	1.10	31.15	18.59	0.00
0	4	0.00	3.75	62.90	25.67	0.00
1	1	0.00	0.12	0.00	0.40	0.00
1	5	0.00	0.00	0.78	0.60	0.00
2	2	0.00	0.00	0.19	0.99	0.00
2	6	0.00	0.00	0.46	0.89	0.00
3	3	0.00	0.00	0.36	0.99	0.00
3	7	0.00	0.02	0.61	0.89	0.00
Core	CPU	C1%	C3%	C6%	C8%	C9%
-	-	5.39	0.77	11.69	6.30	0.00
0	0	43.13	2.72	28.55	19.90	0.00
0	4	0.01	3.41	63.47	25.51	0.00
1	1	0.00	0.00	0.16	0.60	0.00
1	5	0.00	0.02	0.10	0.40	0.00
2	2	0.00	0.00	0.18	0.51	0.00
2	6	0.00	0.00	0.33	1.59	0.00
3	3	0.00	0.00	0.39	1.09	0.00
3	7	0.00	0.02	0.34	0.83	0.00
Core	CPU	C1%	C3%	C6%	C8%	C9%
-	-	5.53	1.08	11.26	6.38	0.00
0	0	44.24	4.19	24.33	20.78	0.00
0	4	0.01	4.44	63.48	24.56	0.00
1	1	0.00	0.00	0.53	0.79	0.00
1	5	0.00	0.02	0.38	0.89	0.00
2	2	0.00	0.00	0.10	1.19	0.00
2	6	0.00	0.00	0.19	0.99	0.00
3	3	0.00	0.00	0.25	1.43	0.00
3	7	0.00	0.00	0.83	0.39	0.00
Core	CPU	C1%	C3%	C6%	C8%	C9%
-	-	5.43	1.21	11.08	6.73	0.00
0	0	43.39	5.45	22.59	22.88	0.00
0	4	0.02	4.16	64.38	23.95	0.00
1	1	0.00	0.00	0.37	0.89	0.00
1	5	0.00	0.00	0.34	1.10	0.00
2	2	0.00	0.00	0.13	1.19	0.00
2	6	0.00	0.02	0.20	0.99	0.00
3	3	0.00	0.02	0.37	1.53	0.00
3	7	0.00	0.00	0.28	1.34	0.00
Core	CPU	C1%	C3%	C6%	C8%	C9%
-	-	4.32	1.06	9.82	6.31	0.00
0	0	32.82	5.03	20.88	18.15	0.00
0	4	0.01	3.19	44.48	18.13	0.00
1	1	0.00	0.00	0.00	0.40	0.00
1	5	0.00	0.00	0.29	1.08	0.00
2	2	1.66	0.25	11.69	8.53	0.00
2	6	0.00	0.00	0.35	0.79	0.00
3	3	0.00	0.00	0.27	2.19	0.00
3	7	0.04	0.00	0.64	1.22	0.00
Core	CPU	C1%	C3%	C6%	C8%	C9%
-	-	5.41	1.13	11.35	6.25	0.00
0	0	43.25	5.03	24.77	20.92	0.00
0	4	0.00	3.99	63.65	24.83	0.00
1	1	0.00	0.00	0.14	0.59	0.00
1	5	0.00	0.00	0.12	0.40	0.00
2	2	0.00	0.00	0.79	0.70	0.00
2	6	0.00	0.00	0.29	0.88	0.00
3	3	0.00	0.01	0.50	0.99	0.00
3	7	0.00	0.00	0.54	0.67	0.00
Core	CPU	C1%	C3%	C6%	C8%	C9%
-	-	5.53	1.19	11.37	6.20	0.00
0	0	44.21	5.46	26.91	17.35	0.00
0	4	0.01	4.04	61.91	26.52	0.00
1	1	0.00	0.00	0.28	0.89	0.00
1	5	0.00	0.00	0.45	0.89	0.00
2	2	0.00	0.00	0.15	1.19	0.00
2	6	0.00	0.00	0.13	1.09	0.00
3	3	0.00	0.00	0.85	0.81	0.00
3	7	0.00	0.00	0.28	0.85	0.00
Core	CPU	C1%	C3%	C6%	C8%	C9%
-	-	5.45	1.42	11.41	6.28	0.00
0	0	43.57	5.61	23.52	20.18	0.00
0	4	0.01	4.31	64.05	24.03	0.00
1	1	0.00	0.00	0.49	0.50	0.00
1	5	0.00	0.00	0.38	1.29	0.00
2	2	0.00	0.00	0.96	1.28	0.00
2	6	0.00	0.00	0.75	1.38	0.00
3	3	0.01	1.41	0.76	0.00	0.00
3	7	0.00	0.01	0.39	1.62	0.00
Core	CPU	C1%	C3%	C6%	C8%	C9%
-	-	5.75	1.32	10.88	6.06	0.00
0	0	45.16	6.08	23.19	19.10	0.00
0	4	0.01	4.43	62.53	25.43	0.00
1	1	0.00	0.00	0.35	0.59	0.00
1	5	0.00	0.02	0.19	0.40	0.00
2	2	0.80	0.00	0.00	0.00	0.00
2	6	0.00	0.00	0.18	1.00	0.00
3	3	0.00	0.00	0.41	0.90	0.00
3	7	0.00	0.00	0.18	1.09	0.00
Core	CPU	C1%	C3%	C6%	C8%	C9%
-	-	1.87	0.47	6.94	6.17	0.00
0	0	9.18	1.38	13.51	19.73	0.00
0	4	0.01	0.73	4.50	1.09	0.00
1	1	0.00	0.00	0.26	0.89	0.00
1	5	0.00	0.00	0.24	0.99	0.00
2	2	5.75	1.67	36.07	23.99	0.00
2	6	0.00	0.00	0.29	0.90	0.00
3	3	0.00	0.00	0.36	0.88	0.00
3	7	0.00	0.00	0.27	0.85	0.00
Core	CPU	C1%	C3%	C6%	C8%	C9%
-	-	1.38	0.25	6.75	5.66	0.00
0	0	5.68	0.87	11.91	16.29	0.00
0	4	0.00	0.02	0.49	0.10	0.00
1	1	0.00	0.00	0.10	0.40	0.00
1	5	0.00	0.00	1.16	0.89	0.00
2	2	5.37	1.13	39.20	25.31	0.00
2	6	0.00	0.00	0.24	0.99	0.00
3	3	0.00	0.00	0.62	0.50	0.00
3	7	0.00	0.00	0.29	0.83	0.00
Core	CPU	C1%	C3%	C6%	C8%	C9%
-	-	1.42	0.22	6.72	5.63	0.00
0	0	5.91	0.80	11.99	14.56	0.00
0	4	0.00	0.00	0.24	0.50	0.00
1	1	0.00	0.00	0.72	0.20	0.00
1	5	0.00	0.02	0.60	0.00	0.00
2	2	5.48	0.97	38.45	26.90	0.00
2	6	0.00	0.00	0.38	0.99	0.00
3	3	0.00	0.00	0.84	0.99	0.00
3	7	0.00	0.00	0.54	0.89	0.00
Core	CPU	C1%	C3%	C6%	C8%	C9%
-	-	1.78	0.31	6.77	8.94	0.02
0	0	7.50	0.90	10.45	12.66	0.13
0	4	0.00	0.00	0.27	0.90	0.00
1	1	0.00	0.00	0.62	1.09	0.00
1	5	0.00	0.00	0.63	0.59	0.00
2	2	6.76	1.44	40.12	26.00	0.00
2	6	0.00	0.00	0.70	0.30	0.00
3	3	0.01	0.01	0.37	0.79	0.00
3	7	0.01	0.11	0.99	29.17	0.00
Core	CPU	C1%	C3%	C6%	C8%	C9%
-	-	4.11	0.88	9.85	6.40	0.01
0	0	31.48	3.44	19.84	19.78	0.11
0	4	0.01	3.37	46.03	17.56	0.00
1	1	0.00	0.00	1.28	0.99	0.00
1	5	0.00	0.00	0.53	0.99	0.00
2	2	1.40	0.23	9.92	9.09	0.00
2	6	0.00	0.00	0.34	0.79	0.00
3	3	0.00	0.03	0.10	1.19	0.00
3	7	0.00	0.00	0.79	0.83	0.00
Core	CPU	C1%	C3%	C6%	C8%	C9%
-	-	1.57	0.32	7.08	5.93	0.36
0	0	6.17	0.87	12.58	18.91	0.00
0	4	0.00	0.00	0.10	0.67	0.00
1	1	0.00	0.02	0.20	0.50	0.00
1	5	0.00	0.00	0.18	0.40	0.00
2	2	6.38	1.64	42.06	24.76	0.00
2	6	0.00	0.00	0.27	0.90	2.90
3	3	0.00	0.00	1.06	0.30	0.00
3	7	0.00	0.00	0.23	0.99	0.00
Core	CPU	C1%	C3%	C6%	C8%	C9%
-	-	3.18	0.37	7.34	5.71	0.00
0	0	14.00	1.35	13.92	19.67	0.00
0	4	0.00	0.00	0.38	0.79	0.00
1	1	0.00	0.00	0.26	0.99	0.00
1	5	0.00	0.00	0.24	0.99	0.00
2	2	11.45	1.65	42.25	20.48	0.00
2	6	0.00	0.00	0.19	0.91	0.00
3	3	0.00	0.00	0.80	0.59	0.00
3	7	0.00	0.00	0.66	1.27	0.00
Core	CPU	C1%	C3%	C6%	C8%	C9%
-	-	1.42	0.23	6.86	5.69	0.00
0	0	5.20	0.69	11.67	16.34	0.00
0	4	0.00	0.00	0.00	0.49	0.00
1	1	0.00	0.00	0.57	0.89	0.00
1	5	0.00	0.00	0.51	1.38	0.00
2	2	6.16	1.14	41.17	23.89	0.00
2	6	0.00	0.00	0.13	0.99	0.00
3	3	0.00	0.03	0.53	0.64	0.00
3	7	0.00	0.00	0.28	0.85	0.00
Core	CPU	C1%	C3%	C6%	C8%	C9%
-	-	2.17	0.35	7.04	5.20	0.00
0	0	8.10	1.06	11.48	16.88	0.01
0	4	0.00	0.00	0.22	0.40	0.00
1	1	0.00	0.00	0.10	0.40	0.00
1	5	0.00	0.00	0.20	0.98	0.00
2	2	9.26	1.68	41.61	20.73	0.00
2	6	0.00	0.00	0.85	0.79	0.00
3	3	0.00	0.02	1.04	1.09	0.00
3	7	0.00	0.02	0.79	0.32	0.00
Core	CPU	C1%	C3%	C6%	C8%	C9%
-	-	1.71	0.23	6.77	5.74	0.00
0	0	6.76	0.67	12.39	18.07	0.00
0	4	0.00	0.00	0.25	0.30	0.00
1	1	0.00	0.00	0.14	0.59	0.00
1	5	0.00	0.00	0.21	0.39	0.00
2	2	6.93	1.18	40.21	23.79	0.00
2	6	0.00	0.00	0.19	0.99	0.00
3	3	0.00	0.00	0.43	0.90	0.00
3	7	0.00	0.00	0.34	0.88	0.00
Core	CPU	C1%	C3%	C6%	C8%	C9%
-	-	0.56	0.35	8.00	4.90	0.01
0	0	2.23	2.17	44.11	21.03	0.00
0	4	0.00	0.00	0.27	1.00	0.00
1	1	0.00	0.00	0.36	0.89	0.00
1	5	0.00	0.00	0.25	0.89	0.00
2	2	2.23	0.58	16.65	10.87	0.04
2	6	0.00	0.01	0.88	1.39	0.00
3	3	0.00	0.00	1.01	1.69	0.00
3	7	0.00	0.00	0.47	1.44	0.00
Core	CPU	C1%	C3%	C6%	C8%	C9%
-	-	0.00	0.34	8.72	3.85	0.00
0	0	0.00	2.67	65.80	25.04	0.00
0	4	0.00	0.01	0.40	0.00	0.00
1	1	0.00	0.00	0.20	1.66	0.00
1	5	0.00	0.00	0.40	1.49	0.00
2	2	0.00	0.00	1.07	0.40	0.00
2	6	0.00	0.00	0.44	0.69	0.00
3	3	0.00	0.02	0.56	0.80	0.00
3	7	0.00	0.00	0.91	0.74	0.00
Core	CPU	C1%	C3%	C6%	C8%	C9%
-	-	0.00	0.38	8.59	3.66	0.00
0	0	0.00	2.98	65.81	24.65	0.00
0	4	0.00	0.00	0.93	0.00	0.00
1	1	0.00	0.01	0.20	0.31	0.00
1	5	0.00	0.00	0.19	0.70	0.00
2	2	0.00	0.02	0.79	0.89	0.00
2	6	0.00	0.00	0.37	0.79	0.00
3	3	0.00	0.00	0.19	1.02	0.00
3	7	0.00	0.00	0.23	0.91	0.00
Core	CPU	C1%	C3%	C6%	C8%	C9%
-	-	0.02	0.28	8.63	3.70	0.00
0	0	0.00	2.21	66.13	25.12	0.00
0	4	0.00	0.00	0.66	0.00	0.00
1	1	0.00	0.00	0.24	0.72	0.00
1	5	0.00	0.00	0.28	0.99	0.00
2	2	0.00	0.01	0.81	0.11	0.00
2	6	0.00	0.00	0.19	0.99	0.00
3	3	0.00	0.00	0.48	0.79	0.00
3	7	0.11	0.00	0.24	0.89	0.00
Core	CPU	C1%	C3%	C6%	C8%	C9%
-	-	3.49	0.47	6.08	4.50	0.08
0	0	15.55	0.33	4.60	11.21	0.00
0	4	0.00	0.00	0.66	0.39	0.00
1	1	12.33	3.43	40.22	19.24	0.00
1	5	0.00	0.00	0.92	0.69	0.65
2	2	0.00	0.03	0.99	0.50	0.00
2	6	0.00	0.00	0.10	1.09	0.00
3	3	0.00	0.00	0.80	1.80	0.00
3	7	0.00	0.01	0.37	1.08	0.00
Core	CPU	C1%	C3%	C6%	C8%	C9%
-	-	3.27	0.27	6.18	3.95	0.19
0	0	13.12	0.47	5.31	7.49	0.00
0	4	0.00	0.00	0.36	0.89	0.00
1	1	13.04	1.66	41.63	19.59	0.00
1	5	0.00	0.00	0.51	0.79	1.51
2	2	0.00	0.04	0.65	0.89	0.00
2	6	0.00	0.00	0.19	0.89	0.00
3	3	0.00	0.00	0.18	0.53	0.00
3	7	0.00	0.00	0.65	0.49	0.00
Core	CPU	C1%	C3%	C6%	C8%	C9%
-	-	4.19	0.45	6.10	4.61	0.00
0	0	16.97	0.45	7.55	13.51	0.00
0	4	0.00	0.00	0.19	0.40	0.00
1	1	16.51	3.18	38.93	18.76	0.00
1	5	0.00	0.00	0.66	0.60	0.00
2	2	0.00	0.00	0.46	1.19	0.00
2	6	0.00	0.00	0.23	0.89	0.00
3	3	0.00	0.02	0.39	0.79	0.00
3	7	0.00	0.00	0.39	0.70	0.00
Core	CPU	C1%	C3%	C6%	C8%	C9%
-	-	2.60	0.26	6.19	4.13	0.91
0	0	11.39	0.48	6.41	6.06	0.00
0	4	0.00	0.00	0.14	0.40	0.00
1	1	9.43	1.58	41.40	22.42	0.00
1	5	0.00	0.00	0.23	0.60	7.27
2	2	0.00	0.01	0.50	0.98	0.00
2	6	0.00	0.00	0.27	0.79	0.00
3	3	0.00	0.00	0.36	0.78	0.00
3	7	0.00	0.03	0.19	0.99	0.00
Core	CPU	C1%	C3%	C6%	C8%	C9%
-	-	3.84	0.47	6.33	4.41	0.00
0	0	16.20	0.39	7.09	12.29	0.00
0	4	0.00	0.00	0.45	0.59	0.00
1	1	14.49	3.32	39.81	19.21	0.00
1	5	0.00	0.00	0.32	0.49	0.00
2	2	0.00	0.02	0.96	0.20	0.00
2	6	0.00	0.00	0.80	0.48	0.00
3	3	0.01	0.00	0.86	1.07	0.00
3	7	0.00	0.00	0.35	0.98	0.00
Core	CPU	C1%	C3%	C6%	C8%	C9%
-	-	1.07	0.36	7.69	4.30	0.00
0	0	4.29	1.57	42.55	20.75	0.00
0	4	0.00	0.00	0.09	0.50	0.00
1	1	4.24	1.25	16.57	9.10	0.00
1	5	0.00	0.00	0.54	0.79	0.00
2	2	0.00	0.03	0.73	0.88	0.00
2	6	0.00	0.00	0.43	0.69	0.00
3	3	0.00	0.00	0.24	0.99	0.00
3	7	0.00	0.00	0.38	0.69	0.00
Core	CPU	C1%	C3%	C6%	C8%	C9%
-	-	0.00	0.30	8.70	4.07	0.10
0	0	0.00	2.39	65.60	25.53	0.00
0	4	0.00	0.02	0.64	0.40	0.00
1	1	0.00	0.00	0.79	0.40	0.00
1	5	0.00	0.00	0.37	1.30	0.82
2	2	0.00	0.00	1.18	0.98	0.00
2	6	0.00	0.00	0.35	1.19	0.00
3	3	0.00	0.00	0.49	1.29	0.00
3	7	0.00	0.00	0.20	1.49	0.00
Core	CPU	C1%	C3%	C6%	C8%	C9%
-	-	0.00	0.30	8.56	4.04	0.00
0	0	0.00	2.35	64.24	26.85	0.00
0	4	0.00	0.00	0.55	0.00	0.00
1	1	0.00	0.00	0.64	0.49	0.00
1	5	0.00	0.00	0.69	0.10	0.00
2	2	0.00	0.03	0.91	1.58	0.00
2	6	0.00	0.00	0.28	0.99	0.00
3	3	0.00	0.05	0.95	1.18	0.00
3	7	0.00	0.00	0.23	1.10	0.00
Core	CPU	C1%	C3%	C6%	C8%	C9%
-	-	3.88	0.42	5.91	4.93	0.00
0	0	17.11	0.27	4.84	13.62	0.00
0	4	0.00	0.00	0.55	0.49	0.00
1	1	13.92	3.09	40.24	20.13	0.00
1	5	0.00	0.00	0.03	0.58	0.00
2	2	0.00	0.00	0.53	0.60	0.00
2	6	0.00	0.00	0.10	1.08	0.00
3	3	0.00	0.01	0.75	1.55	0.00
3	7	0.00	0.00	0.24	1.38	0.00
Core	CPU	C1%	C3%	C6%	C8%	C9%
-	-	1.52	0.35	7.60	4.07	0.79
0	0	6.28	1.42	37.18	15.90	0.00
0	4	0.00	0.00	0.38	0.90	6.35
1	1	5.88	1.35	21.21	10.07	0.00
1	5	0.00	0.00	0.54	0.79	0.00
2	2	0.00	0.03	0.54	1.08	0.00
2	6	0.00	0.00	0.22	1.09	0.00
3	3	0.01	0.00	0.43	1.81	0.00
3	7	0.00	0.00	0.28	0.95	0.00
Core	CPU	C1%	C3%	C6%	C8%	C9%
-	-	0.00	0.26	8.46	4.31	0.00
0	0	0.00	2.06	64.60	26.84	0.00
0	4	0.00	0.02	0.71	0.09	0.00
1	1	0.00	0.00	0.01	0.59	0.00
1	5	0.00	0.00	0.44	1.88	0.00
2	2	0.00	0.00	0.88	1.19	0.00
2	6	0.00	0.00	0.35	1.39	0.00
3	3	0.00	0.00	0.32	1.29	0.00
3	7	0.00	0.00	0.39	1.22	0.00
Core	CPU	C1%	C3%	C6%	C8%	C9%
-	-	2.75	0.35	7.02	8.46	0.00
0	0	10.48	0.64	9.68	13.85	0.01
0	4	0.00	0.00	0.64	0.00	0.00
1	1	11.53	2.03	42.93	19.99	0.00
1	5	0.00	0.01	0.83	0.29	0.00
2	2	0.00	0.00	0.41	1.28	0.00
2	6	0.00	0.00	0.28	0.89	0.00
3	3	0.00	0.00	0.43	1.91	0.00
3	7	0.01	0.14	0.92	29.48	0.00
Core	CPU	C1%	C3%	C6%	C8%	C9%
-	-	3.03	0.38	7.31	5.33	0.00
0	0	12.50	0.55	11.87	19.59	0.00
0	4	0.00	0.00	0.67	0.49	0.00
1	1	11.77	2.44	42.83	18.00	0.00
1	5	0.00	0.00	0.93	0.70	0.00
2	2	0.00	0.04	0.61	0.99	0.00
2	6	0.00	0.00	0.20	1.09	0.00
3	3	0.00	0.00	0.75	0.92	0.00
3	7	0.00	0.00	0.66	0.86	0.00
Core	CPU	C1%	C3%	C6%	C8%	C9%
-	-	0.00	0.28	8.49	4.08	0.00
0	0	0.00	2.20	64.55	26.73	0.00
0	4	0.00	0.00	0.30	0.30	0.00
1	1	0.00	0.00	0.41	1.29	0.00
1	5	0.00	0.00	0.62	1.29	0.00
2	2	0.00	0.02	0.81	0.70	0.00
2	6	0.00	0.00	0.23	0.89	0.00
3	3	0.00	0.01	0.63	0.73	0.00
3	7	0.00	0.00	0.38	0.75	0.00
Core	CPU	C1%	C3%	C6%	C8%	C9%
-	-	3.83	0.42	6.46	4.35	0.00
0	0	16.00	0.39	8.44	11.51	0.00
0	4	0.00	0.00	0.03	0.59	0.00
1	1	14.61	2.95	39.39	19.56	0.00
1	5	0.00	0.00	0.88	0.79	0.00
2	2	0.00	0.01	0.69	0.98	0.00
2	6	0.00	0.00	0.35	0.79	0.00
3	3	0.00	0.00	1.03	0.29	0.00
3	7	0.00	0.01	0.85	0.31	0.00
Core	CPU	C1%	C3%	C6%	C8%	C9%
-	-	2.64	0.47	6.40	3.76	0.23
0	0	10.54	0.46	6.43	4.54	0.24
0	4	0.00	0.00	0.36	0.69	0.00
1	1	10.62	1.86	42.52	19.93	0.01
1	5	0.00	0.00	0.37	1.09	0.00
2	2	0.00	0.00	0.81	0.20	0.00
2	6	0.00	0.00	0.20	1.68	0.00
3	3	0.00	1.42	0.06	0.49	1.60
3	7	0.00	0.00	0.45	1.47	0.00
Core	CPU	C1%	C3%	C6%	C8%	C9%
-	-	1.03	0.38	8.01	4.44	0.00
0	0	4.09	2.10	53.09	24.09	0.00
0	4	0.00	0.00	0.37	0.90	0.00
1	1	4.12	0.93	7.62	4.36	0.00
1	5	0.00	0.03	0.85	0.88	0.00
2	2	0.00	0.00	0.85	1.29	0.00
2	6	0.00	0.00	0.22	0.89	0.00
3	3	0.00	0.00	0.82	1.49	0.00
3	7	0.00	0.00	0.28	1.65	0.00
Core	CPU	C1%	C3%	C6%	C8%	C9%
-	-	0.00	0.31	8.52	4.11	1.12
0	0	0.00	2.40	65.17	25.99	0.00
0	4	0.00	0.02	0.59	0.10	8.18
1	1	0.00	0.00	0.23	0.60	0.00
1	5	0.00	0.00	0.54	1.09	0.79
2	2	0.00	0.00	0.68	1.39	0.00
2	6	0.00	0.00	0.35	1.18	0.00
3	3	0.00	0.03	0.30	1.29	0.00
3	7	0.00	0.00	0.29	1.23	0.00
Core	CPU	C1%	C3%	C6%	C8%	C9%
-	-	3.66	0.40	5.93	4.49	0.01
0	0	15.82	0.39	5.76	11.78	0.06
0	4	0.00	0.00	0.24	0.39	0.00
1	1	13.47	2.77	39.85	19.16	0.00
1	5	0.00	0.00	0.10	0.40	0.00
2	2	0.00	0.01	0.50	1.08	0.00
2	6	0.00	0.00	0.28	0.88	0.00
3	3	0.00	0.00	0.35	1.38	0.00
3	7	0.00	0.00	0.33	0.89	0.00
Core	CPU	C1%	C3%	C6%	C8%	C9%
-	-	2.28	0.26	6.22	3.93	0.00
0	0	9.33	0.37	5.17	4.47	0.00
0	4	0.00	0.00	0.37	0.80	0.00
1	1	8.89	1.69	41.56	21.98	0.00
1	5	0.00	0.00	0.23	0.99	0.00
2	2	0.00	0.00	1.04	0.69	0.00
2	6	0.00	0.01	0.90	0.39	0.00
3	3	0.00	0.02	0.24	1.28	0.00
3	7	0.00	0.00	0.27	0.85	0.00
Core	CPU	C1%	C3%	C6%	C8%	C9%
-	-	2.64	0.58	6.77	4.44	0.00
0	0	10.30	0.96	19.39	12.95	0.00
0	4	0.00	0.01	0.88	0.40	0.00
1	1	10.78	1.57	30.85	15.26	0.00
1	5	0.00	0.00	0.65	1.70	0.00
2	2	0.00	0.04	0.94	1.48	0.00
2	6	0.00	0.00	0.44	1.69	0.00
3	3	0.00	2.10	0.57	0.00	0.00
3	7	0.00	0.00	0.48	2.01	0.00
Core	CPU	C1%	C3%	C6%	C8%	C9%
-	-	0.00	0.25	8.44	3.95	0.00
0	0	0.00	1.95	64.44	27.11	0.00
0	4	0.00	0.00	0.58	0.08	0.00
1	1	0.00	0.00	0.46	0.49	0.00
1	5	0.00	0.03	0.29	0.49	0.00
2	2	0.00	0.02	0.79	0.50	0.00
2	6	0.00	0.00	0.19	1.09	0.00
3	3	0.00	0.00	0.56	0.73	0.00
3	7	0.00	0.00	0.24	1.09	0.00
Core	CPU	C1%	C3%	C6%	C8%	C9%
-	-	3.01	0.53	7.35	4.89	0.00
0	0	12.41	1.04	18.63	17.38	0.00
0	4	0.00	0.00	0.76	0.50	0.00
1	1	11.63	3.08	36.85	14.71	0.00
1	5	0.00	0.00	0.38	1.18	0.00
2	2	0.00	0.07	0.73	1.70	0.00
2	6	0.00	0.00	0.10	0.99	0.00
3	3	0.00	0.03	0.35	1.68	0.00
3	7	0.00	0.01	0.98	0.98	0.00
Core	CPU	C1%	C3%	C6%	C8%	C9%
-	-	2.63	0.37	7.10	5.42	0.01
0	0	10.80	1.00	10.95	16.78	0.11
0	4	0.00	0.00	0.35	0.79	0.00
1	1	10.26	1.94	41.06	20.99	0.00
1	5	0.00	0.02	0.51	1.39	0.00
2	2	0.00	0.00	1.01	1.02	0.00
2	6	0.00	0.00	0.19	0.89	0.00
3	3	0.00	0.00	1.02	0.98	0.00
3	7	0.00	0.02	1.71	0.49	0.00
Core	CPU	C1%	C3%	C6%	C8%	C9%
-	-	3.07	0.42	6.90	5.48	0.00
0	0	12.46	1.01	10.35	16.68	0.00
0	4	0.00	0.00	0.27	0.99	0.00
1	1	12.09	2.37	40.89	21.41	0.00
1	5	0.00	0.00	0.24	0.89	0.00
2	2	0.00	0.01	0.93	1.40	0.00
2	6	0.00	0.00	0.60	0.50	0.00
3	3	0.00	0.00	1.38	1.48	0.00
3	7	0.00	0.00	0.57	0.50	0.00
Core	CPU	C1%	C3%	C6%	C8%	C9%
-	-	2.13	0.31	6.75	5.54	0.00
0	0	8.77	0.58	11.40	16.05	0.00
0	4	0.00	0.02	0.19	0.30	0.00
1	1	8.28	1.91	40.36	23.76	0.00
1	5	0.00	0.00	0.36	0.90	0.00
2	2	0.00	0.01	0.77	0.79	0.00
2	6	0.00	0.00	0.24	0.89	0.00
3	3	0.00	0.00	0.41	0.80	0.00
3	7	0.00	0.00	0.30	0.79	0.00
Core	CPU	C1%	C3%	C6%	C8%	C9%
-	-	3.53	0.42	6.60	5.60	0.02
0	0	14.88	0.68	8.92	19.48	0.11
0	4	0.00	0.00	0.33	1.00	0.00
1	1	13.32	2.69	41.61	18.88	0.00
1	5	0.00	0.00	0.19	0.92	0.00
2	2	0.00	0.00	0.61	1.38	0.00
2	6	0.00	0.00	0.28	0.89	0.00
3	3	0.00	0.00	0.59	1.38	0.07
3	7	0.00	0.00	0.23	0.89	0.00
Core	CPU	C1%	C3%	C6%	C8%	C9%
-	-	2.27	0.33	6.63	4.33	0.00
0	0	8.75	0.78	8.85	7.21	0.00
0	4	0.00	0.00	0.27	0.91	0.00
1	1	9.41	1.86	41.72	21.78	0.00
1	5	0.00	0.01	1.09	0.90	0.00
2	2	0.00	0.00	0.33	0.99	0.00
2	6	0.00	0.02	0.20	1.09	0.00
3	3	0.00	0.00	0.10	1.09	0.00
3	7	0.00	0.00	0.47	0.69	0.00
Core	CPU	C1%	C3%	C6%	C8%	C9%
-	-	4.41	0.36	6.59	4.91	0.00
0	0	19.13	0.43	6.45	17.67	0.00
0	4	0.00	0.02	0.19	0.30	0.00
1	1	16.13	2.39	43.68	16.36	0.00
1	5	0.00	0.03	0.78	1.64	0.00
2	2	0.00	0.00	0.36	0.70	0.00
2	6	0.00	0.00	0.15	0.99	0.00
3	3	0.00	0.00	0.71	0.89	0.00
3	7	0.00	0.00	0.39	0.70	0.00
Core	CPU	C1%	C3%	C6%	C8%	C9%
-	-	0.00	0.30	8.73	3.91	0.00
0	0	0.00	2.35	64.80	26.36	0.00
0	4	0.00	0.00	0.84	0.11	0.00
1	1	0.00	0.00	0.52	1.12	0.00
1	5	0.00	0.04	1.09	0.68	0.00
2	2	0.00	0.00	0.59	0.36	0.00
2	6	0.00	0.00	0.29	1.48	0.00
3	3	0.00	0.00	1.04	0.40	0.00
3	7	0.00	0.00	0.65	0.77	0.00
Core	CPU	C1%	C3%	C6%	C8%	C9%
-	-	0.52	0.30	8.28	4.06	0.75
0	0	2.12	1.95	50.44	21.90	0.01
0	4	0.00	0.00	0.55	0.70	5.96
1	1	2.07	0.40	13.24	5.30	0.00
1	5	0.00	0.00	0.75	0.79	0.00
2	2	0.00	0.02	0.19	0.92	0.00
2	6	0.00	0.00	0.19	0.90	0.00
3	3	0.00	0.01	0.38	1.29	0.00
3	7	0.00	0.00	0.46	0.69	0.00
Core	CPU	C1%	C3%	C6%	C8%	C9%
-	-	0.00	0.27	8.50	4.01	0.00
0	0	0.00	2.10	64.31	27.12	0.00
0	4	0.00	0.00	0.59	0.41	0.00
1	1	0.00	0.00	0.39	0.89	0.00
1	5	0.00	0.04	0.66	1.08	0.00
2	2	0.00	0.00	0.55	0.30	0.00
2	6	0.00	0.00	0.24	0.89	0.00
3	3	0.00	0.02	0.70	0.39	0.00
3	7	0.00	0.00	0.58	0.98	0.00
Core	CPU	C1%	C3%	C6%	C8%	C9%
-	-	0.00	0.27	8.65	4.10	0.20
0	0	0.00	2.15	64.96	26.38	0.00
0	4	0.00	0.02	0.51	0.00	1.59
1	1	0.00	0.00	0.20	0.50	0.00
1	5	0.00	0.00	1.55	1.08	0.00
2	2	0.00	0.00	0.37	1.67	0.00
2	6	0.00	0.00	0.36	0.80	0.00
3	3	0.00	0.00	0.95	1.19	0.00
3	7	0.00	0.00	0.32	1.19	0.00
Core	CPU	C1%	C3%	C6%	C8%	C9%
-	-	2.51	0.30	6.73	7.57	0.00
0	0	9.12	0.96	11.57	5.59	0.00
0	4	0.00	0.00	1.68	0.40	0.00
1	1	10.97	1.38	37.59	20.53	0.00
1	5	0.00	0.01	0.63	1.57	0.00
2	2	0.00	0.01	0.29	1.32	0.00
2	6	0.00	0.00	0.00	0.50	0.00
3	3	0.00	0.00	0.48	1.09	0.00
3	7	0.01	0.07	1.64	29.57	0.00
Core	CPU	C1%	C3%	C6%	C8%	C9%
-	-	4.13	0.39	6.52	4.44	0.00
0	0	16.80	0.40	8.53	12.35	0.00
0	4	0.00	0.00	0.19	0.98	0.00
1	1	16.23	2.65	41.65	17.56	0.00
1	5	0.00	0.02	0.76	0.78	0.00
2	2	0.00	0.00	0.14	1.00	0.00
2	6	0.00	0.03	0.34	1.09	0.00
3	3	0.00	0.00	0.20	1.09	0.00
3	7	0.00	0.00	0.38	0.69	0.00
Core	CPU	C1%	C3%	C6%	C8%	C9%
-	-	0.00	0.29	8.57	3.95	1.18
0	0	0.00	2.20	65.54	25.77	0.00
0	4	0.00	0.02	0.40	0.39	9.47
1	1	0.00	0.10	0.20	0.49	0.00
1	5	0.00	0.00	0.50	1.28	0.00
2	2	0.00	0.00	0.36	1.19	0.00
2	6	0.00	0.00	0.35	0.79	0.00
3	3	0.00	0.03	0.40	0.80	0.00
3	7	0.00	0.00	0.79	0.89	0.00
Core	CPU	C1%	C3%	C6%	C8%	C9%
-	-	0.07	0.35	9.00	4.51	0.00
0	0	0.32	2.36	61.15	25.22	0.00
0	4	0.00	0.00	0.41	0.31	0.00
1	1	0.20	0.20	3.95	0.98	0.00
1	5	0.00	0.09	2.93	2.88	0.00
2	2	0.00	0.11	0.28	1.69	0.00
2	6	0.00	0.00	0.28	1.38	0.00
3	3	0.00	0.00	1.82	1.99	0.00
3	7	0.00	0.00	1.20	1.66	0.00
Core	CPU	C1%	C3%	C6%	C8%	C9%
-	-	1.08	0.35	7.58	3.85	0.01
0	0	4.14	1.84	37.67	16.91	0.11
0	4	0.00	0.03	1.08	0.09	0.00
1	1	4.48	0.90	17.34	10.55	0.00
1	5	0.00	0.00	1.04	1.09	0.00
2	2	0.00	0.00	1.27	0.39	0.00
2	6	0.00	0.02	0.99	0.39	0.00
3	3	0.00	0.00	0.49	1.09	0.00
3	7	0.00	0.00	0.73	0.31	0.00
Core	CPU	C1%	C3%	C6%	C8%	C9%
-	-	0.00	0.29	8.43	4.09	0.00
0	0	0.00	2.14	64.25	27.05	0.00
0	4	0.00	0.00	0.50	0.00	0.00
1	1	0.00	0.10	0.18	0.89	0.00
1	5	0.00	0.01	0.48	1.09	0.00
2	2	0.00	0.00	0.54	0.70	0.00
2	6	0.00	0.00	0.63	0.99	0.00
3	3	0.00	0.04	0.43	1.00	0.00
3	7	0.00	0.00	0.40	0.99	0.00
Core	CPU	C1%	C3%	C6%	C8%	C9%
-	-	0.01	0.30	8.67	4.34	0.22
0	0	0.00	2.36	64.76	26.55	0.00
0	4	0.00	0.00	1.61	0.49	1.79
1	1	0.00	0.02	0.38	1.09	0.00
1	5	0.00	0.01	1.04	1.49	0.00
2	2	0.00	0.00	0.33	1.68	0.00
2	6	0.00	0.00	0.27	0.89	0.00
3	3	0.07	0.00	0.25	1.29	0.00
3	7	0.00	0.02	0.68	1.23	0.00
Core	CPU	C1%	C3%	C6%	C8%	C9%
-	-	0.00	0.34	8.74	4.04	0.61
0	0	0.00	2.66	65.29	25.57	0.00
0	4	0.00	0.00	0.26	0.30	4.86
1	1	0.00	0.00	0.14	1.89	0.00
1	5	0.00	0.02	0.81	0.39	0.00
2	2	0.00	0.00	0.69	0.89	0.00
2	6	0.00	0.00	0.74	0.59	0.00
3	3	0.01	0.01	0.98	1.28	0.00
3	7	0.00	0.00	1.04	1.41	0.00
Core	CPU	C1%	C3%	C6%	C8%	C9%
-	-	0.00	0.29	8.55	3.93	0.00
0	0	0.00	2.32	64.02	27.12	0.00
0	4	0.00	0.00	0.79	0.57	0.00
1	1	0.00	0.00	0.37	0.59	0.00
1	5	0.00	0.00	0.53	0.90	0.00
2	2	0.00	0.00	0.92	0.39	0.00
2	6	0.00	0.01	0.90	0.49	0.00
3	3	0.00	0.00	0.49	0.39	0.00
3	7	0.00	0.00	0.37	0.99	0.00
Core	CPU	C1%	C3%	C6%	C8%	C9%
-	-	0.11	0.34	8.94	4.30	0.82
0	0	0.31	2.66	63.99	24.57	0.00
0	4	0.00	0.01	1.71	1.49	6.56
1	1	0.00	0.00	1.28	1.27	0.00
1	5	0.00	0.00	1.07	1.30	0.00
2	2	0.00	0.00	0.77	1.78	0.00
2	6	0.09	0.00	0.24	1.19	0.00
3	3	0.49	0.06	1.98	1.54	0.00
3	7	0.00	0.00	0.48	1.28	0.00
Core	CPU	C1%	C3%	C6%	C8%	C9%
-	-	0.02	0.34	8.70	4.08	0.36
0	0	0.00	2.62	65.09	25.85	0.00
0	4	0.00	0.00	0.97	0.69	2.91
1	1	0.00	0.02	0.59	0.20	0.00
1	5	0.00	0.03	1.10	0.77	0.00
2	2	0.00	0.00	0.19	1.09	0.00
2	6	0.00	0.00	0.42	1.48	0.00
3	3	0.00	0.00	0.55	0.79	0.00
3	7	0.12	0.03	0.72	1.76	0.00
Core	CPU	C1%	C3%	C6%	C8%	C9%
-	-	0.00	0.28	8.70	4.24	0.00
0	0	0.00	2.22	64.98	26.21	0.00
0	4	0.00	0.00	0.74	0.99	0.00
1	1	0.00	0.00	0.43	0.80	0.00
1	5	0.00	0.01	0.44	2.18	0.00
2	2	0.00	0.00	0.10	0.50	0.00
2	6	0.00	0.00	0.59	0.89	0.00
3	3	0.00	0.00	1.12	1.19	0.00
3	7	0.00	0.00	1.21	1.19	0.00
Core	CPU	C1%	C3%	C6%	C8%	C9%
-	-	3.57	0.44	7.18	4.27	0.13
0	0	15.51	0.63	18.00	13.47	0.01
0	4	0.00	0.00	0.98	1.17	0.00
1	1	0.00	0.00	0.58	0.69	0.00
1	5	0.00	0.02	0.81	1.63	0.00
2	2	0.00	0.00	0.25	0.98	0.00
2	6	0.04	0.00	0.31	0.89	0.00
3	3	0.19	0.00	0.45	0.90	1.01
3	7	12.81	2.84	36.07	14.40	0.00
Core	CPU	C1%	C3%	C6%	C8%	C9%
-	-	0.00	0.30	8.60	4.43	0.16
0	0	0.00	2.22	64.44	26.85	0.00
0	4	0.00	0.00	0.61	1.29	0.78
1	1	0.00	0.01	0.40	0.50	0.00
1	5	0.00	0.00	0.70	1.28	0.53
2	2	0.00	0.00	0.76	1.19	0.00
2	6	0.00	0.00	0.36	0.99	0.00
3	3	0.00	0.00	0.51	0.79	0.00
3	7	0.00	0.13	1.03	2.55	0.00
Core	CPU	C1%	C3%	C6%	C8%	C9%
-	-	0.00	0.28	8.44	4.12	0.21
0	0	0.00	2.22	64.62	26.65	0.00
0	4	0.00	0.00	0.45	0.30	0.77
1	1	0.00	0.00	0.15	1.00	0.00
1	5	0.00	0.01	0.43	1.01	0.00
2	2	0.00	0.04	0.86	0.73	0.90
2	6	0.00	0.00	0.20	1.19	0.00
3	3	0.00	0.00	0.30	0.99	0.00
3	7	0.00	0.00	0.53	1.10	0.00
Core	CPU	C1%	C3%	C6%	C8%	C9%
-	-	4.12	0.43	6.09	4.55	0.00
0	0	17.46	0.41	4.28	12.51	0.00
0	4	0.00	0.00	0.38	0.89	0.00
1	1	15.50	3.00	41.42	16.27	0.00
1	5	0.00	0.02	0.75	1.67	0.00
2	2	0.00	0.00	0.13	1.57	0.00
2	6	0.00	0.02	0.29	0.89	0.00
3	3	0.00	0.01	1.07	1.69	0.00
3	7	0.00	0.00	0.38	0.89	0.00
Core	CPU	C1%	C3%	C6%	C8%	C9%
-	-	3.75	0.36	6.27	4.20	0.00
0	0	14.85	0.47	6.70	9.37	0.00
0	4	0.00	0.02	0.10	0.39	0.00
1	1	14.89	2.35	40.90	19.19	0.00
1	5	0.00	0.01	1.05	0.59	0.00
2	2	0.00	0.00	0.36	1.29	0.00
2	6	0.20	0.00	0.34	0.90	0.00
3	3	0.09	0.00	0.53	0.80	0.00
3	7	0.00	0.00	0.19	1.09	0.00
Core	CPU	C1%	C3%	C6%	C8%	C9%
-	-	5.38	0.50	6.98	4.35	0.00
0	0	23.02	0.90	12.55	13.98	0.00
0	4	0.00	0.00	0.29	1.17	0.00
1	1	20.03	3.05	41.42	16.13	0.00
1	5	0.00	0.03	0.69	0.30	0.00
2	2	0.00	0.00	0.10	0.49	0.00
2	6	0.00	0.00	0.19	0.99	0.00
3	3	0.00	0.00	0.36	0.79	0.00
3	7	0.00	0.00	0.24	0.99	0.00
Core	CPU	C1%	C3%	C6%	C8%	C9%
-	-	3.11	0.39	6.35	4.24	0.00
0	0	12.28	0.45	6.83	9.70	0.00
0	4	0.00	0.00	0.28	0.90	0.00
1	1	12.61	2.19	41.04	19.89	0.00
1	5	0.00	0.04	1.34	0.57	0.00
2	2	0.00	0.00	0.39	0.99	0.00
2	6	0.00	0.02	0.20	0.99	0.00
3	3	0.00	0.43	0.33	0.02	0.00
3	7	0.00	0.00	0.37	0.89	0.00
Core	CPU	C1%	C3%	C6%	C8%	C9%
-	-	0.00	0.29	8.74	4.43	0.00
0	0	0.01	2.27	64.62	26.62	0.00
0	4	0.00	0.00	0.30	0.30	0.00
1	1	0.00	0.00	0.98	1.57	0.00
1	5	0.00	0.00	1.25	1.50	0.00
2	2	0.00	0.00	0.95	0.78	0.00
2	6	0.00	0.00	0.34	1.39	0.00
3	3	0.00	0.03	1.11	1.09	0.00
3	7	0.00	0.00	0.39	2.18	0.00
Core	CPU	C1%	C3%	C6%	C8%	C9%
-	-	0.00	0.27	8.91	3.97	0.50
0	0	0.00	2.14	66.21	25.16	0.00
0	4	0.00	0.00	1.21	1.44	3.99
1	1	0.00	0.00	0.82	0.42	0.00
1	5	0.00	0.01	1.28	0.91	0.00
2	2	0.00	0.00	0.35	0.89	0.00
2	6	0.00	0.00	0.28	0.89	0.00
3	3	0.00	0.00	0.56	0.89	0.00
3	7	0.00	0.03	0.55	1.20	0.00
Core	CPU	C1%	C3%	C6%	C8%	C9%
-	-	3.81	0.47	6.61	4.40	0.44
0	0	16.82	0.75	7.91	13.56	0.00
0	4	0.00	0.00	0.86	0.41	0.00
1	1	13.62	2.94	42.06	17.47	0.00
1	5	0.00	0.03	0.41	1.29	3.49
2	2	0.00	0.02	0.19	0.70	0.00
2	6	0.00	0.00	0.31	0.79	0.00
3	3	0.00	0.00	0.57	0.10	0.00
3	7	0.00	0.00	0.60	0.89	0.00
Core	CPU	C1%	C3%	C6%	C8%	C9%
-	-	0.89	0.43	8.04	7.68	0.99
0	0	3.63	2.56	49.73	21.22	0.00
0	4	0.00	0.00	0.48	1.48	7.89
1	1	0.00	0.00	1.04	0.40	0.00
1	5	3.21	0.67	10.66	5.15	0.00
2	2	0.00	0.00	0.63	1.48	0.00
2	6	0.11	0.00	0.80	1.19	0.00
3	3	0.13	0.02	0.29	0.90	0.00
3	7	0.01	0.21	0.73	29.60	0.00
Core	CPU	C1%	C3%	C6%	C8%	C9%
-	-	1.69	0.24	6.28	3.79	0.01
0	0	7.09	0.56	7.47	3.13	0.11
0	4	0.00	0.00	0.41	0.89	0.00
1	1	0.00	0.00	0.00	0.49	0.00
1	5	6.43	1.33	40.00	22.91	0.00
2	2	0.00	0.00	0.28	0.79	0.00
2	6	0.00	0.01	0.58	1.10	0.00
3	3	0.00	0.00	0.74	0.70	0.00
3	7	0.00	0.02	0.79	0.30	0.00
Core	CPU	C1%	C3%	C6%	C8%	C9%
-	-	2.82	0.28	6.38	4.07	0.01
0	0	11.82	0.43	6.41	7.34	0.11
0	4	0.00	0.00	0.54	0.70	0.00
1	1	9.86	1.47	37.29	18.63	0.00
1	5	0.91	0.31	5.24	1.94	0.00
2	2	0.00	0.01	0.29	0.80	0.00
2	6	0.00	0.00	0.31	1.09	0.00
3	3	0.00	0.00	0.69	0.90	0.00
3	7	0.00	0.00	0.29	1.18	0.00
Core	CPU	C1%	C3%	C6%	C8%	C9%
-	-	3.69	0.35	6.46	4.05	0.10
0	0	15.50	0.44	6.38	10.36	0.00
0	4	0.00	0.00	0.38	0.70	0.00
1	1	14.05	2.29	43.26	16.50	0.00
1	5	0.00	0.00	0.49	1.48	0.00
2	2	0.00	0.00	0.36	0.87	0.83
2	6	0.00	0.03	0.41	0.79	0.00
3	3	0.00	0.00	0.10	0.69	0.00
3	7	0.00	0.00	0.28	0.99	0.00
Core	CPU	C1%	C3%	C6%	C8%	C9%
-	-	0.80	0.30	8.23	4.28	0.00
0	0	3.70	1.94	55.73	25.68	0.00
0	4	0.00	0.02	0.29	0.40	0.00
1	1	0.00	0.00	0.42	1.38	0.00
1	5	2.68	0.42	7.18	1.41	0.00
2	2	0.00	0.00	0.65	1.19	0.00
2	6	0.00	0.03	0.64	1.49	0.00
3	3	0.00	0.00	0.51	1.30	0.00
3	7	0.00	0.00	0.39	1.39	0.00
Core	CPU	C1%	C3%	C6%	C8%	C9%
-	-	1.47	0.37	6.99	3.98	0.00
0	0	6.24	1.31	31.84	14.05	0.00
0	4	0.00	0.00	0.14	0.40	0.00
1	1	5.54	1.63	21.71	11.87	0.00
1	5	0.00	0.00	0.09	0.31	0.00
2	2	0.00	0.00	0.19	0.89	0.00
2	6	0.00	0.04	0.66	1.58	0.00
3	3	0.00	0.00	0.93	1.59	0.00
3	7	0.00	0.00	0.33	1.19	0.00
Core	CPU	C1%	C3%	C6%	C8%	C9%
-	-	0.00	0.28	8.66	4.12	1.42
0	0	0.00	2.17	65.53	25.81	0.00
0	4	0.00	0.00	0.76	0.11	11.35
1	1	0.00	0.00	0.38	0.89	0.00
1	5	0.00	0.00	0.92	1.97	0.00
2	2	0.00	0.02	0.30	0.80	0.00
2	6	0.00	0.05	0.48	1.31	0.00
3	3	0.01	0.00	0.48	0.89	0.00
3	7	0.00	0.00	0.45	1.19	0.00
Core	CPU	C1%	C3%	C6%	C8%	C9%
-	-	3.74	0.38	6.63	4.47	0.00
0	0	16.28	0.48	10.06	11.93	0.00
0	4	0.00	0.00	0.10	0.39	0.00
1	1	13.24	2.43	39.79	18.78	0.00
1	5	0.00	0.00	0.51	1.00	0.00
2	2	0.00	0.00	0.25	1.93	0.00
2	6	0.00	0.03	1.03	0.10	0.00
3	3	0.41	0.09	0.99	0.73	0.00
3	7	0.00	0.00	0.29	0.89	0.00
Core	CPU	C1%	C3%	C6%	C8%	C9%
-	-	2.81	0.42	6.68	4.19	0.00
0	0	11.33	0.49	6.30	6.62	0.00
0	4	0.00	0.00	0.23	0.99	0.00
1	1	11.17	2.82	41.65	19.68	0.00
1	5	0.00	0.01	0.58	0.88	0.00
2	2	0.00	0.01	1.41	1.80	0.00
2	6	0.00	0.02	0.85	1.39	0.00
3	3	0.00	0.00	1.23	0.59	0.00
3	7	0.00	0.03	1.18	1.58	0.00
Core	CPU	C1%	C3%	C6%	C8%	C9%
-	-	4.30	0.40	6.36	4.45	0.00
0	0	18.17	0.27	5.18	14.15	0.00
0	4	0.00	0.00	0.35	0.60	0.00
1	1	10.03	1.76	29.63	14.18	0.00
1	5	0.00	0.00	0.38	1.09	0.00
2	2	0.00	0.00	0.10	0.40	0.00
2	6	0.00	0.01	0.50	0.99	0.00
3	3	6.22	1.13	13.85	3.38	0.00
3	7	0.00	0.00	0.91	0.79	0.00
Core	CPU	C1%	C3%	C6%	C8%	C9%
-	-	2.75	0.30	6.78	3.75	0.00
0	0	10.45	0.53	6.93	4.61	0.01
0	4	0.00	0.00	0.38	0.89	0.00
1	1	11.35	1.85	42.52	21.24	0.00
1	5	0.00	0.00	0.78	0.70	0.00
2	2	0.00	0.00	0.72	0.00	0.00
2	6	0.08	0.02	1.50	1.49	0.00
3	3	0.15	0.00	0.75	0.30	0.00
3	7	0.00	0.00	0.64	0.80	0.00
Core	CPU	C1%	C3%	C6%	C8%	C9%
-	-	3.96	0.34	6.56	4.48	0.00
0	0	17.20	0.55	6.89	14.06	0.01
0	4	0.00	0.01	0.49	0.00	0.00
1	1	14.44	2.12	41.10	19.13	0.00
1	5	0.00	0.00	0.87	0.00	0.00
2	2	0.00	0.00	0.85	0.30	0.00
2	6	0.00	0.01	0.93	0.20	0.00
3	3	0.02	0.06	1.28	1.17	0.00
3	7	0.00	0.00	0.10	0.99	0.00
Core	CPU	C1%	C3%	C6%	C8%	C9%
-	-	2.53	0.30	6.31	3.89	0.00
0	0	10.53	0.53	5.60	4.92	0.00
0	4	0.00	0.00	0.47	0.90	0.00
1	1	9.70	1.79	41.75	21.13	0.00
1	5	0.00	0.00	0.48	0.30	0.00
2	2	0.00	0.00	0.38	0.80	0.00
2	6	0.00	0.00	0.58	1.39	0.00
3	3	0.00	0.00	0.95	0.79	0.00
3	7	0.00	0.04	0.30	0.89	0.00
Core	CPU	C1%	C3%	C6%	C8%	C9%
-	-	3.11	0.32	6.76	4.32	0.00
0	0	13.85	0.42	8.75	7.19	0.01
0	4	0.00	0.00	0.64	0.61	0.00
1	1	11.05	2.16	41.18	21.36	0.00
1	5	0.00	0.00	0.15	0.99	0.00
2	2	0.00	0.00	0.82	0.79	0.00
2	6	0.00	0.02	1.16	1.48	0.00
3	3	0.00	0.00	0.48	1.74	0.00
3	7	0.00	0.00	0.87	0.39	0.00
Core	CPU	C1%	C3%	C6%	C8%	C9%
-	-	3.54	0.36	7.14	4.49	0.00
0	0	15.05	0.50	9.54	11.18	0.00
0	4	0.00	0.01	1.18	0.68	0.00
1	1	0.00	0.00	0.78	1.00	0.00
1	5	0.00	0.00	0.76	1.99	0.00
2	2	0.00	0.00	0.65	1.19	0.00
2	6	0.00	0.01	0.75	1.39	0.00
3	3	13.25	2.33	42.90	17.50	0.00
3	7	0.00	0.00	0.58	1.01	0.00
Core	CPU	C1%	C3%	C6%	C8%	C9%
-	-	3.98	0.36	6.36	4.59	0.00
0	0	17.11	0.74	4.92	14.51	0.00
0	4	0.00	0.00	0.32	0.47	0.00
1	1	14.72	2.08	44.11	17.36	0.00
1	5	0.00	0.00	0.00	0.49	0.00
2	2	0.00	0.00	0.19	0.99	0.00
2	6	0.00	0.02	0.78	1.20	0.00
3	3	0.00	0.00	0.35	0.79	0.00
3	7	0.00	0.00	0.23	0.90	0.00
Core	CPU	C1%	C3%	C6%	C8%	C9%
-	-	2.89	0.26	6.04	3.92	0.00
0	0	11.44	0.37	5.39	6.13	0.00
0	4	0.00	0.02	0.40	0.85	0.00
1	1	11.65	1.71	40.34	20.78	0.00
1	5	0.00	0.00	0.43	0.88	0.00
2	2	0.00	0.02	0.49	0.21	0.00
2	6	0.00	0.00	0.51	1.28	0.00
3	3	0.00	0.00	0.27	0.79	0.00
3	7	0.00	0.00	0.46	0.49	0.00
Core	CPU	C1%	C3%	C6%	C8%	C9%
-	-	3.66	0.29	6.19	4.45	0.00
0	0	14.56	0.55	4.90	10.54	0.00
0	4	0.00	0.00	0.54	0.99	0.00
1	1	14.70	1.69	42.45	18.16	0.00
1	5	0.00	0.02	0.45	1.00	0.00
2	2	0.00	0.00	0.45	0.70	0.00
2	6	0.00	0.00	0.24	1.69	0.00
3	3	0.00	0.04	0.38	1.49	0.00
3	7	0.00	0.00	0.10	0.99	0.00
Core	CPU	C1%	C3%	C6%	C8%	C9%
-	-	3.70	0.39	6.62	4.45	0.00
0	0	15.78	0.55	8.84	11.22	0.03
0	4	0.00	0.13	1.17	1.78	0.00
1	1	0.00	0.00	0.63	0.00	0.00
1	5	0.20	0.01	0.58	0.10	0.00
2	2	0.00	0.00	0.19	0.99	0.00
2	6	0.00	0.00	0.33	0.99	0.00
3	3	13.60	2.38	40.17	19.82	0.00
3	7	0.00	0.02	1.04	0.69	0.00
Core	CPU	C1%	C3%	C6%	C8%	C9%
-	-	3.56	0.42	6.85	4.33	0.00
0	0	15.34	0.67	9.40	10.28	0.00
0	4	0.00	0.10	0.76	1.75	0.00
1	1	5.29	1.17	23.75	10.61	0.00
1	5	0.00	0.00	0.23	1.00	0.00
2	2	0.00	0.00	0.22	1.00	0.00
2	6	0.00	0.00	0.29	0.80	0.00
3	3	7.84	1.37	19.73	8.46	0.00
3	7	0.00	0.00	0.46	0.69	0.00
Core	CPU	C1%	C3%	C6%	C8%	C9%
-	-	1.36	0.34	7.36	4.01	0.17
0	0	6.11	1.40	34.59	15.86	0.00
0	4	0.00	0.08	1.12	0.69	0.50
1	1	0.00	0.00	0.22	0.98	0.00
1	5	0.00	0.00	0.66	0.89	0.00
2	2	0.00	0.00	0.36	0.79	0.00
2	6	0.00	0.00	0.24	1.39	0.00
3	3	4.79	1.24	21.00	10.49	0.00
3	7	0.00	0.00	0.71	1.00	0.83
Core	CPU	C1%	C3%	C6%	C8%	C9%
-	-	3.04	0.37	6.25	4.59	0.00
0	0	13.61	0.40	5.47	10.41	0.00
0	4	0.00	0.11	1.64	1.89	0.00
1	1	10.69	2.44	40.76	19.65	0.00
1	5	0.00	0.00	0.36	0.40	0.00
2	2	0.00	0.00	0.28	1.09	0.00
2	6	0.00	0.00	0.27	0.99	0.00
3	3	0.00	0.01	0.75	0.98	0.00
3	7	0.00	0.00	0.47	1.28	0.00
Core	CPU	C1%	C3%	C6%	C8%	C9%
-	-	2.35	0.36	6.61	4.04	0.01
0	0	9.93	0.40	8.27	5.03	0.08
0	4	0.00	0.12	1.14	1.47	0.00
1	1	8.90	2.24	40.46	23.37	0.00
1	5	0.00	0.00	0.62	0.60	0.00
2	2	0.00	0.00	0.82	0.30	0.00
2	6	0.00	0.01	0.79	0.39	0.00
3	3	0.00	0.13	0.30	0.02	0.00
3	7	0.00	0.00	0.45	1.10	0.00
Core	CPU	C1%	C3%	C6%	C8%	C9%
-	-	4.18	0.38	6.38	8.15	0.00
0	0	17.33	0.39	5.18	15.61	0.00
0	4	0.00	0.11	1.08	0.19	0.00
1	1	16.09	2.42	41.70	18.36	0.00
1	5	0.00	0.00	0.78	0.21	0.00
2	2	0.00	0.00	0.35	0.69	0.00
2	6	0.00	0.00	0.34	0.59	0.00
3	3	0.00	0.02	0.60	0.49	0.00
3	7	0.01	0.08	1.01	29.07	0.00
Core	CPU	C1%	C3%	C6%	C8%	C9%
-	-	2.11	0.35	6.85	4.86	0.00
0	0	8.32	1.02	11.13	11.28	0.03
0	4	0.00	0.00	0.69	0.49	0.00
1	1	8.49	1.70	40.25	22.25	0.00
1	5	0.00	0.00	0.68	0.58	0.00
2	2	0.00	0.00	0.29	0.89	0.00
2	6	0.01	0.00	0.77	1.99	0.00
3	3	0.10	0.01	0.33	0.89	0.00
3	7	0.00	0.03	0.67	0.50	0.00
Core	CPU	C1%	C3%	C6%	C8%	C9%
-	-	3.91	0.45	6.84	3.96	0.00
0	0	16.27	0.86	9.88	9.93	0.00
0	4	0.00	0.04	0.55	0.68	0.00
1	1	15.04	2.65	42.06	17.81	0.00
1	5	0.00	0.00	0.42	0.31	0.00
2	2	0.00	0.01	0.49	0.40	0.00
2	6	0.00	0.00	0.10	0.80	0.00
3	3	0.00	0.00	0.84	0.99	0.00
3	7	0.00	0.00	0.36	0.79	0.00
Core	CPU	C1%	C3%	C6%	C8%	C9%
-	-	2.12	0.29	6.70	4.47	0.01
0	0	8.21	0.55	9.28	9.10	0.08
0	4	0.00	0.00	0.88	0.99	0.00
1	1	8.77	1.74	40.78	20.58	0.00
1	5	0.00	0.00	0.94	0.80	0.00
2	2	0.00	0.00	0.34	1.19	0.00
2	6	0.00	0.00	0.33	1.19	0.00
3	3	0.00	0.01	0.69	0.79	0.00
3	7	0.00	0.00	0.39	1.08	0.00
Core	CPU	C1%	C3%	C6%	C8%	C9%
-	-	3.48	0.57	6.78	5.07	0.01
0	0	15.10	1.64	10.59	17.19	0.12
0	4	0.00	0.00	0.45	0.59	0.00
1	1	12.72	2.91	41.82	18.26	0.00
1	5	0.00	0.00	0.29	0.69	0.00
2	2	0.00	0.00	0.29	0.98	0.00
2	6	0.00	0.00	0.37	0.79	0.00
3	3	0.00	0.00	0.24	0.99	0.00
3	7	0.00	0.00	0.22	1.09	0.00
Core	CPU	C1%	C3%	C6%	C8%	C9%
-	-	0.01	0.35	8.47	3.87	0.61
0	0	0.07	2.58	65.06	25.72	0.00
0	4	0.00	0.08	0.82	0.21	4.88
1	1	0.00	0.10	0.34	0.70	0.00
1	5	0.00	0.00	0.41	0.90	0.00
2	2	0.00	0.02	0.39	0.81	0.00
2	6	0.00	0.00	0.10	1.00	0.00
3	3	0.00	0.00	0.19	0.89	0.00
3	7	0.00	0.00	0.45	0.70	0.00
Core	CPU	C1%	C3%	C6%	C8%	C9%
-	-	0.02	0.29	8.68	4.06	1.03
0	0	0.12	2.32	66.02	25.08	0.00
0	4	0.00	0.01	1.29	0.00	8.28
1	1	0.00	0.00	0.57	1.09	0.00
1	5	0.00	0.00	0.37	0.79	0.00
2	2	0.00	0.00	0.15	1.09	0.00
2	6	0.00	0.00	0.23	1.09	0.00
3	3	0.01	0.00	0.56	2.57	0.00
3	7	0.00	0.00	0.30	0.79	0.00
Core	CPU	C1%	C3%	C6%	C8%	C9%
-	-	0.00	0.31	8.68	4.07	0.00
0	0	0.00	2.44	64.53	26.53	0.00
0	4	0.00	0.00	1.54	0.40	0.00
1	1	0.00	0.01	0.40	0.99	0.00
1	5	0.00	0.00	0.08	0.40	0.00
2	2	0.00	0.00	0.37	1.39	0.00
2	6	0.00	0.00	0.46	1.29	0.00
3	3	0.00	0.01	1.04	1.00	0.00
3	7	0.00	0.01	1.00	0.59	0.00
Core	CPU	C1%	C3%	C6%	C8%	C9%
-	-	0.00	0.31	8.52	4.24	0.28
0	0	0.00	2.43	64.71	26.31	0.00
0	4	0.00	0.02	1.31	0.10	2.27
1	1	0.00	0.00	0.24	1.38	0.00
1	5	0.00	0.00	0.17	0.70	0.00
2	2	0.00	0.00	0.59	0.50	0.00
2	6	0.00	0.00	0.43	2.06	0.00
3	3	0.00	0.00	0.36	1.29	0.00
3	7	0.00	0.00	0.34	1.58	0.00
Core	CPU	C1%	C3%	C6%	C8%	C9%
-	-	0.00	0.29	8.35	4.12	0.28
0	0	0.00	2.31	64.18	26.95	0.00
0	4	0.02	0.01	1.17	0.00	2.27
1	1	0.00	0.00	0.30	0.89	0.00
1	5	0.00	0.00	0.45	0.99	0.00
2	2	0.00	0.00	0.14	0.99	0.00
2	6	0.00	0.00	0.13	1.09	0.00
3	3	0.00	0.00	0.10	1.09	0.00
3	7	0.00	0.00	0.37	0.99	0.00
Core	CPU	C1%	C3%	C6%	C8%	C9%
-	-	3.98	0.38	6.23	4.93	0.51
0	0	16.60	0.36	6.10	15.26	0.07
0	4	0.00	0.00	0.81	0.19	0.00
1	1	15.26	2.66	41.40	17.93	0.00
1	5	0.00	0.00	0.27	0.99	4.00
2	2	0.00	0.00	0.25	0.89	0.00
2	6	0.00	0.00	0.37	1.10	0.00
3	3	0.00	0.02	0.34	1.59	0.00
3	7	0.00	0.00	0.32	1.49	0.00
Core	CPU	C1%	C3%	C6%	C8%	C9%
-	-	2.80	0.31	6.29	3.84	0.01
0	0	10.74	0.75	8.20	5.40	0.11
0	4	0.00	0.02	0.45	0.58	0.00
1	1	11.65	1.67	40.10	19.89	0.00
1	5	0.00	0.00	0.18	0.60	0.00
2	2	0.00	0.00	0.38	1.19	0.00
2	6	0.00	0.00	0.37	1.09	0.00
3	3	0.00	0.00	0.35	0.89	0.00
3	7	0.00	0.00	0.32	1.10	0.00
Core	CPU	C1%	C3%	C6%	C8%	C9%
-	-	4.68	0.44	6.75	4.95	0.00
0	0	20.73	0.50	7.85	16.71	0.01
0	4	0.00	0.02	1.33	0.80	0.00
1	1	16.70	2.96	42.23	16.07	0.00
1	5	0.00	0.00	0.42	1.21	0.00
2	2	0.00	0.03	0.88	0.70	0.00
2	6	0.00	0.00	0.29	1.39	0.00
3	3	0.00	0.02	0.55	1.39	0.00
3	7	0.00	0.00	0.46	1.29	0.00
Core	CPU	C1%	C3%	C6%	C8%	C9%
-	-	2.72	0.37	6.31	3.73	0.07
0	0	11.74	0.51	6.11	5.84	0.00
0	4	0.00	0.01	1.01	0.00	0.00
1	1	10.04	2.44	40.98	20.36	0.00
1	5	0.00	0.00	0.36	1.57	0.00
2	2	0.00	0.00	0.41	0.69	0.00
2	6	0.00	0.00	0.22	0.99	0.60
3	3	0.00	0.02	0.79	0.00	0.00
3	7	0.00	0.00	0.59	0.39	0.00
Core	CPU	C1%	C3%	C6%	C8%	C9%
-	-	4.73	0.49	6.60	4.70	0.00
0	0	20.84	0.48	10.81	17.87	0.00
0	4	0.00	0.05	0.70	0.31	0.00
1	1	16.96	3.40	39.57	15.52	0.00
1	5	0.00	0.00	0.30	0.30	0.00
2	2	0.00	0.00	0.28	0.89	0.00
2	6	0.00	0.00	0.37	0.99	0.00
3	3	0.00	0.01	0.65	0.89	0.00
3	7	0.00	0.00	0.13	0.79	0.00
Core	CPU	C1%	C3%	C6%	C8%	C9%
-	-	0.00	0.25	8.51	3.95	0.00
0	0	0.00	2.01	64.13	27.34	0.00
0	4	0.00	0.00	0.99	0.28	0.00
1	1	0.00	0.00	0.84	0.59	0.00
1	5	0.00	0.00	0.52	0.21	0.00
2	2	0.00	0.02	0.30	0.40	0.00
2	6	0.00	0.00	0.10	0.80	0.00
3	3	0.00	0.00	0.78	0.89	0.00
3	7	0.00	0.00	0.45	1.09	0.00
Core	CPU	C1%	C3%	C6%	C8%	C9%
-	-	0.00	0.32	8.57	4.02	1.71
0	0	0.00	2.56	65.79	25.22	0.00
0	4	0.00	0.00	0.71	0.10	13.67
1	1	0.00	0.00	0.37	1.37	0.00
1	5	0.00	0.00	0.36	0.79	0.00
2	2	0.00	0.00	0.42	1.18	0.00
2	6	0.00	0.00	0.23	1.09	0.00
3	3	0.01	0.00	0.32	1.29	0.00
3	7	0.00	0.00	0.35	1.08	0.00
Core	CPU	C1%	C3%	C6%	C8%	C9%
-	-	0.00	0.30	8.37	4.13	0.00
0	0	0.00	2.34	64.24	26.93	0.00
0	4	0.00	0.03	1.01	0.00	0.00
1	1	0.00	0.00	0.11	0.79	0.00
1	5	0.00	0.00	0.43	0.99	0.00
2	2	0.00	0.00	0.35	0.99	0.00
2	6	0.00	0.00	0.35	0.99	0.00
3	3	0.00	0.01	0.37	1.19	0.00
3	7	0.00	0.00	0.10	1.20	0.00
Core	CPU	C1%	C3%	C6%	C8%	C9%
-	-	4.05	0.44	6.12	4.39	0.00
0	0	17.24	0.33	5.07	12.41	0.00
0	4	0.00	0.00	0.74	0.90	0.00
1	1	15.12	3.14	40.91	17.78	0.00
1	5	0.00	0.00	0.29	0.20	0.00
2	2	0.00	0.01	0.28	1.78	0.00
2	6	0.00	0.00	0.44	0.59	0.00
3	3	0.00	0.00	0.99	0.20	0.00
3	7	0.00	0.00	0.27	1.27	0.00
Core	CPU	C1%	C3%	C6%	C8%	C9%
-	-	1.40	0.38	7.72	4.04	0.00
0	0	5.72	1.77	40.68	18.42	0.00
0	4	0.00	0.01	1.07	0.79	0.00
1	1	5.45	1.26	17.81	7.34	0.00
1	5	0.00	0.00	0.50	1.10	0.00
2	2	0.00	0.02	0.39	0.99	0.00
2	6	0.00	0.00	0.19	1.39	0.00
3	3	0.00	0.00	0.38	1.09	0.00
3	7	0.00	0.00	0.70	1.17	0.00
Core	CPU	C1%	C3%	C6%	C8%	C9%
-	-	0.07	0.32	8.84	4.04	0.85
0	0	0.00	2.54	65.98	25.15	0.00
0	4	0.00	0.01	1.12	0.19	6.78
1	1	0.00	0.00	0.97	1.07	0.00
1	5	0.00	0.00	0.64	1.18	0.00
2	2	0.00	0.00	0.25	1.09	0.00
2	6	0.21	0.00	0.42	1.19	0.00
3	3	0.35	0.01	1.02	1.29	0.00
3	7	0.00	0.00	0.29	1.18	0.00
Core	CPU	C1%	C3%	C6%	C8%	C9%
-	-	0.00	0.28	8.62	3.91	0.00
0	0	0.00	2.21	65.03	26.26	0.00
0	4	0.00	0.00	0.88	0.09	0.00
1	1	0.00	0.02	0.50	0.39	0.00
1	5	0.00	0.00	0.56	0.89	0.00
2	2	0.00	0.00	0.68	0.89	0.00
2	6	0.00	0.00	0.37	0.79	0.00
3	3	0.01	0.00	0.74	0.99	0.00
3	7	0.00	0.02	0.22	0.99	0.00
Core	CPU	C1%	C3%	C6%	C8%	C9%
-	-	0.00	0.35	8.46	7.89	0.00
0	0	0.00	2.66	63.89	27.11	0.00
0	4	0.00	0.00	0.97	0.10	0.00
1	1	0.00	0.00	0.19	2.85	0.00
1	5	0.00	0.00	0.04	0.59	0.00
2	2	0.00	0.00	0.69	0.80	0.00
2	6	0.00	0.00	0.19	1.18	0.00
3	3	0.00	0.00	0.58	1.28	0.00
3	7	0.01	0.18	1.13	29.19	0.00
Core	CPU	C1%	C3%	C6%	C8%	C9%
-	-	0.00	0.32	8.80	3.68	1.41
0	0	0.00	2.48	65.65	25.34	0.00
0	4	0.00	0.07	1.32	0.18	11.25
1	1	0.00	0.00	0.39	0.79	0.00
1	5	0.00	0.00	0.23	0.99	0.00
2	2	0.00	0.00	0.78	0.40	0.00
2	6	0.00	0.00	0.87	0.39	0.00
3	3	0.00	0.00	0.39	0.99	0.00
3	7	0.00	0.00	0.76	0.39	0.00
Core	CPU	C1%	C3%	C6%	C8%	C9%
-	-	3.88	0.45	6.92	4.11	0.01
0	0	16.31	0.38	10.23	11.30	0.12
0	4	0.00	0.04	0.91	0.19	0.00
1	1	14.73	3.17	42.35	16.75	0.00
1	5	0.00	0.00	0.36	0.80	0.00
2	2	0.00	0.00	0.44	0.60	0.00
2	6	0.00	0.00	0.67	1.59	0.00
3	3	0.00	0.00	0.09	0.99	0.00
3	7	0.00	0.00	0.29	0.69	0.00
Core	CPU	C1%	C3%	C6%	C8%	C9%
-	-	2.41	0.36	7.01	5.01	0.00
0	0	9.94	0.68	11.22	14.82	0.00
0	4	0.00	0.00	1.06	0.60	0.00
1	1	9.36	2.20	41.90	19.73	0.00
1	5	0.00	0.00	0.28	0.50	0.00
2	2	0.00	0.00	0.28	0.89	0.00
2	6	0.00	0.00	0.36	0.89	0.00
3	3	0.00	0.00	0.38	0.90	0.00
3	7	0.00	0.02	0.62	1.79	0.00
Core	CPU	C1%	C3%	C6%	C8%	C9%
-	-	3.07	0.54	7.22	5.10	0.13
0	0	12.68	1.32	10.79	17.63	0.00
0	4	0.00	0.02	0.76	0.59	0.00
1	1	11.80	2.90	43.57	17.61	0.00
1	5	0.00	0.03	0.59	0.09	0.00
2	2	0.00	0.00	0.29	0.40	0.00
2	6	0.00	0.00	0.20	1.09	0.00
3	3	0.00	0.03	0.77	2.47	1.01
3	7	0.05	0.00	0.81	0.88	0.00
Core	CPU	C1%	C3%	C6%	C8%	C9%
-	-	0.00	0.27	8.54	3.99	0.00
0	0	0.00	2.18	64.78	26.51	0.00
0	4	0.00	0.00	0.41	0.51	0.00
1	1	0.00	0.00	0.38	0.98	0.00
1	5	0.00	0.00	0.81	0.69	0.00
2	2	0.00	0.00	0.35	0.79	0.00
2	6	0.00	0.00	0.14	1.09	0.00
3	3	0.00	0.00	0.79	0.99	0.00
3	7	0.00	0.00	0.68	0.40	0.00
Core	CPU	C1%	C3%	C6%	C8%	C9%
-	-	0.00	0.28	8.68	4.12	0.15
0	0	0.00	2.20	64.27	27.01	0.00
0	4	0.00	0.00	1.16	0.19	1.20
1	1	0.00	0.00	0.10	1.10	0.00
1	5	0.00	0.00	0.69	0.99	0.00
2	2	0.00	0.00	0.67	0.49	0.00
2	6	0.00	0.00	0.45	0.79	0.00
3	3	0.00	0.02	1.20	1.59	0.00
3	7	0.00	0.02	0.90	0.79	0.00
Core	CPU	C1%	C3%	C6%	C8%	C9%
-	-	0.00	0.36	8.77	3.84	1.44
0	0	0.00	2.47	65.48	25.21	0.00
0	4	0.00	0.04	0.99	0.81	11.54
1	1	0.00	0.00	1.02	0.31	0.00
1	5	0.00	0.02	1.08	0.79	0.00
2	2	0.00	0.33	0.16	0.30	0.00
2	6	0.00	0.00	0.56	1.00	0.00
3	3	0.00	0.00	0.56	0.99	0.00
3	7	0.00	0.00	0.34	1.28	0.00
Core	CPU	C1%	C3%	C6%	C8%	C9%
-	-	0.00	0.28	8.64	4.24	0.11
0	0	0.00	2.21	63.89	27.38	0.00
0	4	0.00	0.00	1.36	0.51	0.91
1	1	0.00	0.00	0.68	1.19	0.00
1	5	0.00	0.00	0.24	1.10	0.00
2	2	0.00	0.02	0.80	0.59	0.00
2	6	0.00	0.00	0.29	1.00	0.00
3	3	0.00	0.00	1.14	1.29	0.00
3	7	0.00	0.00	0.76	0.89	0.00
Core	CPU	C1%	C3%	C6%	C8%	C9%
-	-	0.86	0.36	8.10	4.01	0.30
0	0	3.41	1.97	52.11	23.25	0.00
0	4	0.00	0.03	0.98	1.00	2.40
1	1	3.46	0.89	10.33	3.19	0.00
1	5	0.00	0.00	0.36	0.99	0.00
2	2	0.00	0.00	0.25	1.09	0.00
2	6	0.00	0.00	0.14	0.99	0.00
3	3	0.00	0.02	0.29	0.80	0.00
3	7	0.00	0.00	0.29	0.79	0.00
Core	CPU	C1%	C3%	C6%	C8%	C9%
-	-	0.59	0.49	8.51	3.62	1.26
0	0	2.55	1.96	59.07	23.66	0.00
0	4	0.00	0.00	1.16	0.47	10.12
1	1	0.00	0.01	0.76	0.20	0.00
1	5	0.00	0.00	0.10	0.77	0.00
2	2	0.00	0.00	0.27	0.87	0.00
2	6	0.00	0.00	0.36	0.77	0.00
3	3	2.14	0.68	6.11	2.26	0.00
3	7	0.00	1.26	0.29	0.00	0.00
Core	CPU	C1%	C3%	C6%	C8%	C9%
-	-	0.00	0.29	8.58	4.16	0.00
0	0	0.00	2.30	64.27	26.92	0.00
0	4	0.00	0.04	0.99	0.20	0.00
1	1	0.00	0.00	0.30	0.89	0.00
1	5	0.00	0.00	0.46	1.19	0.00
2	2	0.00	0.00	0.65	0.70	0.00
2	6	0.00	0.00	0.59	1.19	0.00
3	3	0.00	0.02	0.79	1.00	0.00
3	7	0.00	0.00	0.59	1.19	0.00
Core	CPU	C1%	C3%	C6%	C8%	C9%
-	-	0.00	0.30	8.68	3.90	0.35
0	0	0.00	2.37	65.46	25.70	0.00
0	4	0.00	0.00	1.79	0.88	2.83
1	1	0.00	0.02	0.49	0.01	0.00
1	5	0.00	0.00	0.07	0.63	0.00
2	2	0.00	0.00	0.43	0.79	0.00
2	6	0.00	0.00	0.27	0.89	0.00
3	3	0.00	0.01	0.72	1.19	0.00
3	7	0.00	0.00	0.23	1.10	0.00
Core	CPU	C1%	C3%	C6%	C8%	C9%
-	-	3.22	0.46	6.28	4.39	0.00
0	0	14.02	0.35	7.15	9.04	0.00
0	4	0.00	0.04	1.34	0.79	0.00
1	1	0.00	0.00	0.55	0.79	0.00
1	5	0.00	0.00	0.32	1.11	0.00
2	2	0.00	0.00	0.31	1.00	0.00
2	6	0.00	0.00	0.20	1.19	0.00
3	3	11.71	3.31	39.75	20.51	0.00
3	7	0.00	0.00	0.64	0.70	0.00
Core	CPU	C1%	C3%	C6%	C8%	C9%
-	-	1.68	0.32	7.92	4.05	0.00
0	0	6.55	1.52	40.79	19.47	0.00
0	4	0.00	0.09	1.22	1.19	0.01
1	1	0.00	0.00	0.28	0.89	0.00
1	5	0.00	0.00	0.57	0.41	0.00
2	2	0.00	0.00	0.25	0.98	0.00
2	6	0.00	0.00	0.42	0.99	0.00
3	3	6.89	0.91	19.42	7.65	0.00
3	7	0.00	0.00	0.44	0.79	0.00
Core	CPU	C1%	C3%	C6%	C8%	C9%
-	-	0.00	0.48	8.65	3.83	1.27
0	0	0.00	2.56	65.73	25.21	0.00
0	4	0.00	0.05	1.32	0.19	10.20
1	1	0.00	0.00	0.20	0.79	0.00
1	5	0.00	0.00	0.68	1.08	0.00
2	2	0.00	0.00	0.66	1.19	0.00
2	6	0.00	0.00	0.36	0.99	0.00
3	3	0.01	1.21	0.07	0.20	0.00
3	7	0.00	0.01	0.20	0.99	0.00
Core	CPU	C1%	C3%	C6%	C8%	C9%
-	-	0.00	0.29	8.53	4.24	0.14
0	0	0.00	2.22	64.56	26.71	0.00
0	4	0.00	0.11	1.59	1.69	1.15
1	1	0.00	0.00	0.22	1.50	0.00
1	5	0.00	0.00	0.00	0.50	0.00
2	2	0.00	0.00	0.19	0.99	0.00
2	6	0.00	0.00	0.33	0.89	0.00
3	3	0.00	0.00	1.01	0.79	0.00
3	7	0.00	0.02	0.35	0.89	0.00
Core	CPU	C1%	C3%	C6%	C8%	C9%
-	-	0.00	0.30	8.67	4.17	1.74
0	0	0.00	2.34	65.50	25.61	0.00
0	4	0.00	0.10	1.35	1.69	13.94
1	1	0.00	0.00	0.55	0.69	0.00
1	5	0.00	0.00	0.60	0.89	0.00
2	2	0.00	0.00	0.31	0.90	0.00
2	6	0.00	0.00	0.39	1.59	0.00
3	3	0.00	0.00	0.47	0.90	0.00
3	7	0.00	0.00	0.19	1.09	0.00
Core	CPU	C1%	C3%	C6%	C8%	C9%
-	-	0.00	0.32	8.39	4.17	0.01
0	0	0.00	2.47	63.84	27.22	0.00
0	4	0.00	0.12	1.22	0.99	0.08
1	1	0.00	0.00	0.37	0.79	0.00
1	5	0.00	0.00	0.36	0.79	0.00
2	2	0.00	0.00	0.24	0.99	0.00
2	6	0.00	0.00	0.62	0.69	0.00
3	3	0.00	0.00	0.20	0.90	0.00
3	7	0.00	0.00	0.29	0.98	0.00
Core	CPU	C1%	C3%	C6%	C8%	C9%
-	-	0.00	0.32	8.49	4.17	0.85
0	0	0.00	2.42	65.47	25.65	0.00
0	4	0.00	0.14	0.93	1.76	6.81
1	1	0.00	0.00	0.10	0.79	0.00
1	5	0.00	0.00	0.26	1.39	0.00
2	2	0.00	0.00	0.37	0.99	0.00
2	6	0.00	0.00	0.45	0.79	0.00
3	3	0.00	0.00	0.23	0.90	0.00
3	7	0.00	0.00	0.10	1.09	0.00
Core	CPU	C1%	C3%	C6%	C8%	C9%
-	-	0.00	0.33	8.63	4.17	0.65
0	0	0.00	2.57	65.20	25.61	0.00
0	4	0.00	0.08	1.06	0.00	5.19
1	1	0.00	0.00	0.14	1.98	0.00
1	5	0.00	0.00	0.13	0.40	0.00
2	2	0.00	0.00	0.20	0.70	0.00
2	6	0.00	0.00	0.29	1.48	0.00
3	3	0.00	0.00	1.23	1.69	0.00
3	7	0.00	0.00	0.84	1.47	0.00
Core	CPU	C1%	C3%	C6%	C8%	C9%
-	-	0.00	0.31	8.42	4.33	0.48
0	0	0.00	2.37	64.23	26.85	0.00
0	4	0.00	0.13	1.47	1.77	3.86
1	1	0.00	0.00	0.28	0.89	0.00
1	5	0.00	0.00	0.46	1.08	0.00
2	2	0.00	0.00	0.15	0.99	0.00
2	6	0.00	0.00	0.23	0.99	0.00
3	3	0.00	0.00	0.20	1.09	0.00
3	7	0.00	0.00	0.38	0.98	0.00
Core	CPU	C1%	C3%	C6%	C8%	C9%
-	-	0.00	0.34	8.56	4.31	1.25
0	0	0.00	2.59	65.16	25.79	0.00
0	4	0.00	0.10	1.19	1.28	9.96
1	1	0.00	0.00	0.30	1.28	0.00
1	5	0.00	0.00	0.28	1.09	0.00
2	2	0.00	0.00	0.26	1.19	0.00
2	6	0.00	0.00	0.89	1.49	0.00
3	3	0.00	0.00	0.32	1.09	0.00
3	7	0.00	0.00	0.10	1.29	0.00
Core	CPU	C1%	C3%	C6%	C8%	C9%
-	-	1.65	0.32	7.37	7.78	0.22
0	0	6.56	1.05	30.67	15.87	0.00
0	4	0.00	0.05	1.05	1.17	1.79
1	1	0.00	0.02	0.37	0.40	0.00
1	5	0.00	0.00	0.55	0.99	0.00
2	2	0.00	0.00	0.19	0.99	0.00
2	6	0.00	0.00	0.57	0.69	0.00
3	3	6.66	1.31	24.56	12.28	0.00
3	7	0.01	0.15	1.01	29.87	0.00
Core	CPU	C1%	C3%	C6%	C8%	C9%
-	-	0.00	0.33	8.75	3.94	0.13
0	0	0.00	2.51	65.35	25.69	0.00
0	4	0.00	0.12	1.14	2.29	1.02
1	1	0.00	0.00	0.55	1.08	0.00
1	5	0.00	0.00	0.14	0.50	0.00
2	2	0.00	0.01	0.30	0.30	0.00
2	6	0.00	0.01	0.63	0.47	0.00
3	3	0.00	0.01	0.78	0.89	0.00
3	7	0.00	0.00	1.10	0.29	0.00
Core	CPU	C1%	C3%	C6%	C8%	C9%
-	-	0.00	0.33	8.66	3.99	1.46
0	0	0.01	2.54	65.58	25.44	0.00
0	4	0.00	0.07	0.94	0.28	11.67
1	1	0.00	0.00	0.28	1.09	0.00
1	5	0.00	0.00	0.36	0.99	0.00
2	2	0.00	0.00	0.94	1.09	0.00
2	6	0.00	0.00	0.23	1.08	0.00
3	3	0.00	0.00	0.50	1.00	0.00
3	7	0.00	0.00	0.47	0.99	0.00
Core	CPU	C1%	C3%	C6%	C8%	C9%
-	-	0.02	0.34	8.80	4.20	0.28
0	0	0.00	2.48	64.76	26.41	0.00
0	4	0.00	0.20	1.35	2.76	2.23
1	1	0.00	0.00	0.10	0.70	0.00
1	5	0.00	0.05	0.54	0.66	0.00
2	2	0.00	0.00	0.27	0.98	0.00
2	6	0.07	0.01	0.86	0.79	0.00
3	3	0.05	0.00	0.93	0.51	0.00
3	7	0.00	0.02	1.59	0.79	0.00
Core	CPU	C1%	C3%	C6%	C8%	C9%
-	-	0.00	0.31	8.73	4.00	0.64
0	0	0.00	2.39	65.67	25.49	0.00
0	4	0.00	0.10	1.36	1.37	5.11
1	1	0.00	0.00	0.14	0.80	0.00
1	5	0.00	0.03	0.88	0.32	0.00
2	2	0.00	0.00	0.59	1.09	0.00
2	6	0.00	0.00	0.49	0.79	0.00
3	3	0.00	0.00	0.27	1.09	0.00
3	7	0.00	0.00	0.43	1.09	0.00
Core	CPU	C1%	C3%	C6%	C8%	C9%
-	-	0.00	0.31	8.82	4.58	0.05
0	0	0.00	2.36	64.35	26.78	0.00
0	4	0.00	0.12	1.51	1.39	0.38
1	1	0.00	0.00	0.66	0.69	0.00
1	5	0.00	0.00	0.63	2.46	0.00
2	2	0.00	0.01	0.74	0.69	0.00
2	6	0.00	0.00	1.09	1.58	0.00
3	3	0.00	0.00	0.85	1.18	0.00
3	7	0.00	0.00	0.75	1.87	0.00
Core	CPU	C1%	C3%	C6%	C8%	C9%
-	-	0.00	0.30	8.55	4.24	0.00
0	0	0.00	2.22	64.06	27.23	0.00
0	4	0.00	0.16	1.27	0.89	0.00
1	1	0.00	0.00	0.20	0.98	0.00
1	5	0.00	0.00	0.36	1.48	0.00
2	2	0.00	0.00	0.26	1.09	0.00
2	6	0.00	0.00	0.64	0.49	0.00
3	3	0.00	0.02	0.90	0.69	0.00
3	7	0.00	0.00	0.69	1.09	0.00
Core	CPU	C1%	C3%	C6%	C8%	C9%
-	-	0.00	0.29	8.45	3.92	0.82
0	0	0.03	2.23	65.08	26.08	0.00
0	4	0.00	0.10	0.77	0.31	6.50
1	1	0.00	0.01	0.30	0.30	0.00
1	5	0.00	0.00	0.00	0.50	0.00
2	2	0.00	0.00	0.28	0.89	0.00
2	6	0.00	0.00	0.37	0.99	0.00
3	3	0.00	0.00	0.64	1.17	0.06
3	7	0.00	0.00	0.13	1.08	0.00
Core	CPU	C1%	C3%	C6%	C8%	C9%
-	-	0.00	0.29	8.37	4.07	0.30
0	0	0.00	2.26	64.45	26.74	0.00
0	4	0.01	0.09	0.99	1.19	2.39
1	1	0.00	0.00	0.33	0.49	0.00
1	5	0.00	0.00	0.22	0.40	0.00
2	2	0.00	0.00	0.00	0.70	0.00
2	6	0.00	0.00	0.20	0.98	0.00
3	3	0.00	0.00	0.57	0.98	0.00
3	7	0.00	0.00	0.24	1.09	0.00
Core	CPU	C1%	C3%	C6%	C8%	C9%
-	-	0.00	0.32	9.04	4.33	1.88
0	0	0.00	2.39	65.57	25.48	0.00
0	4	0.00	0.12	1.80	1.27	14.13
1	1	0.00	0.00	0.27	1.78	0.00
1	5	0.00	0.00	0.75	1.48	0.00
2	2	0.00	0.00	1.12	0.49	0.00
2	6	0.00	0.02	1.15	0.69	0.90
3	3	0.00	0.00	0.78	2.28	0.00
3	7	0.00	0.00	0.87	1.18	0.00
Core	CPU	C1%	C3%	C6%	C8%	C9%
-	-	0.00	0.32	8.64	4.17	0.31
0	0	0.00	2.34	64.48	26.65	0.00
0	4	0.00	0.22	1.14	1.18	2.46
1	1	0.00	0.00	0.20	1.09	0.00
1	5	0.00	0.00	0.79	0.30	0.00
2	2	0.00	0.00	0.26	1.19	0.00
2	6	0.00	0.00	0.73	0.80	0.00
3	3	0.00	0.00	0.70	1.10	0.00
3	7	0.00	0.00	0.79	1.09	0.00
Core	CPU	C1%	C3%	C6%	C8%	C9%
-	-	0.00	0.31	8.39	4.20	0.00
0	0	0.00	2.36	64.19	26.95	0.00
0	4	0.00	0.13	1.31	0.00	0.00
1	1	0.00	0.00	0.22	1.28	0.00
1	5	0.00	0.00	0.10	1.03	0.00
2	2	0.00	0.00	0.19	0.89	0.00
2	6	0.00	0.00	0.41	1.30	0.00
3	3	0.00	0.00	0.35	0.99	0.00
3	7	0.00	0.00	0.33	1.19	0.00
Core	CPU	C1%	C3%	C6%	C8%	C9%
-	-	0.00	0.30	8.73	3.96	0.96
0	0	0.03	2.29	65.91	25.18	0.00
0	4	0.00	0.08	1.23	0.87	7.67
1	1	0.00	0.00	0.39	0.79	0.00
1	5	0.00	0.00	0.43	0.91	0.00
2	2	0.00	0.02	0.30	0.89	0.00
2	6	0.00	0.00	0.20	0.99	0.00
3	3	0.00	0.00	0.22	1.08	0.00
3	7	0.01	0.01	1.14	0.98	0.00
Core	CPU	C1%	C3%	C6%	C8%	C9%
-	-	0.00	0.31	8.60	4.04	0.63
0	0	0.00	2.43	64.56	26.52	0.00
0	4	0.00	0.06	1.05	0.11	5.07
1	1	0.00	0.00	0.19	0.99	0.00
1	5	0.00	0.00	0.17	1.38	0.00
2	2	0.00	0.00	0.15	1.09	0.00
2	6	0.00	0.00	0.92	0.99	0.00
3	3	0.00	0.02	0.90	0.80	0.00
3	7	0.00	0.00	0.87	0.43	0.00
Core	CPU	C1%	C3%	C6%	C8%	C9%
-	-	0.57	0.35	8.30	4.16	0.10
0	0	2.27	1.87	55.44	24.51	0.10
0	4	0.00	0.17	0.81	0.90	0.67
1	1	0.00	0.01	0.30	0.60	0.00
1	5	0.00	0.00	0.19	0.99	0.00
2	2	0.00	0.00	0.57	1.10	0.00
2	6	0.00	0.00	0.43	1.00	0.00
3	3	2.30	0.70	7.68	3.42	0.00
3	7	0.00	0.02	0.99	0.79	0.00
Core	CPU	C1%	C3%	C6%	C8%	C9%
-	-	2.11	0.40	8.05	4.08	0.00
0	0	9.06	1.85	45.01	22.75	0.00
0	4	0.07	0.10	0.83	0.30	0.00
1	1	0.00	0.00	0.35	0.99	0.00
1	5	0.00	0.00	0.14	1.09	0.00
2	2	0.00	0.02	0.30	0.33	0.00
2	6	0.00	0.00	0.09	0.70	0.00
3	3	7.72	1.22	17.34	5.62	0.00
3	7	0.00	0.00	0.36	0.89	0.00
Core	CPU	C1%	C3%	C6%	C8%	C9%
-	-	0.00	0.28	8.64	4.40	0.07
0	0	0.00	2.07	64.41	27.02	0.00
0	4	0.01	0.14	0.85	0.89	0.58
1	1	0.00	0.00	0.49	1.39	0.00
1	5	0.00	0.00	0.56	1.29	0.00
2	2	0.00	0.00	0.75	1.18	0.00
2	6	0.00	0.00	0.34	1.29	0.00
3	3	0.00	0.02	1.19	0.89	0.00
3	7	0.00	0.00	0.49	1.28	0.00
Core	CPU	C1%	C3%	C6%	C8%	C9%
-	-	0.00	0.30	8.70	4.13	0.00
0	0	0.01	2.24	64.56	26.70	0.00
0	4	0.00	0.10	1.18	0.88	0.00
1	1	0.00	0.00	0.20	1.47	0.00
1	5	0.00	0.00	0.59	0.79	0.00
2	2	0.00	0.00	0.27	1.09	0.00
2	6	0.00	0.00	0.36	0.89	0.00
3	3	0.00	0.00	1.43	0.89	0.00
3	7	0.00	0.02	0.99	0.30	0.00
Core	CPU	C1%	C3%	C6%	C8%	C9%
-	-	0.00	0.31	8.53	3.86	1.43
0	0	0.00	2.35	66.25	24.92	0.00
0	4	0.00	0.11	0.92	1.09	11.41
1	1	0.00	0.00	0.04	0.60	0.00
1	5	0.00	0.00	0.21	0.82	0.00
2	2	0.00	0.00	0.00	0.50	0.00
2	6	0.00	0.00	0.19	0.99	0.00
3	3	0.00	0.00	0.27	0.98	0.00
3	7	0.00	0.00	0.34	0.99	0.00
Core	CPU	C1%	C3%	C6%	C8%	C9%
-	-	0.00	0.31	8.43	4.09	0.15
0	0	0.00	2.34	64.41	26.82	0.00
0	4	0.00	0.09	1.28	0.00	1.24
1	1	0.00	0.00	0.27	0.89	0.00
1	5	0.00	0.00	0.25	0.89	0.00
2	2	0.00	0.00	0.23	1.09	0.00
2	6	0.00	0.02	0.25	1.19	0.00
3	3	0.00	0.00	0.39	0.99	0.00
3	7	0.00	0.00	0.38	0.88	0.00
Core	CPU	C1%	C3%	C6%	C8%	C9%
-	-	0.00	0.33	8.72	4.34	1.05
0	0	0.00	2.48	65.58	25.43	0.00
0	4	0.00	0.16	1.40	1.27	8.43
1	1	0.00	0.00	0.10	1.28	0.00
1	5	0.00	0.00	0.42	1.58	0.00
2	2	0.00	0.00	0.36	1.08	0.00
2	6	0.00	0.00	0.25	1.09	0.00
3	3	0.00	0.00	0.95	1.78	0.00
3	7	0.00	0.03	0.66	1.23	0.00
Core	CPU	C1%	C3%	C6%	C8%	C9%
-	-	0.10	0.30	8.62	4.26	0.12
0	0	0.00	2.22	64.66	26.57	0.00
0	4	0.05	0.10	1.62	0.87	0.96
1	1	0.00	0.00	0.32	1.31	0.00
1	5	0.00	0.00	0.00	0.40	0.00
2	2	0.00	0.00	0.29	1.38	0.00
2	6	0.00	0.00	0.76	1.29	0.00
3	3	0.72	0.09	0.75	1.19	0.00
3	7	0.00	0.00	0.53	1.08	0.00
Core	CPU	C1%	C3%	C6%	C8%	C9%
-	-	1.49	0.36	7.83	7.69	0.00
0	0	6.06	1.49	36.56	18.24	0.01
0	4	0.00	0.10	1.54	0.19	0.00
1	1	0.00	0.00	0.32	0.89	0.00
1	5	0.00	0.00	0.23	0.99	0.00
2	2	0.00	0.02	0.68	1.10	0.00
2	6	0.00	0.00	0.45	0.99	0.00
3	3	5.87	1.12	21.66	10.15	0.00
3	7	0.01	0.14	1.21	28.95	0.00
Core	CPU	C1%	C3%	C6%	C8%	C9%
-	-	3.57	0.58	6.53	4.66	0.02
0	0	15.36	0.41	7.08	11.04	0.01
0	4	0.00	1.41	0.75	1.75	0.13
1	1	0.00	0.00	0.78	1.19	0.00
1	5	0.00	0.00	0.48	1.38	0.00
2	2	0.00	0.00	0.56	1.18	0.00
2	6	0.00	0.00	0.33	1.29	0.00
3	3	13.18	2.80	41.39	18.53	0.00
3	7	0.00	0.00	0.88	0.90	0.00
Core	CPU	C1%	C3%	C6%	C8%	C9%
-	-	0.00	0.29	8.55	3.99	0.21
0	0	0.00	2.17	64.75	26.60	0.00
0	4	0.00	0.00	1.33	0.69	1.70
1	1	0.00	0.13	0.20	0.39	0.00
1	5	0.00	0.00	0.19	0.40	0.00
2	2	0.00	0.00	0.29	1.09	0.00
2	6	0.00	0.00	0.27	0.99	0.00
3	3	0.00	0.02	0.49	0.99	0.00
3	7	0.00	0.03	0.88	0.79	0.00
Core	CPU	C1%	C3%	C6%	C8%	C9%
-	-	0.00	0.31	8.73	4.05	0.62
0	0	0.00	2.43	65.53	25.58	0.00
0	4	0.00	0.00	2.02	1.26	4.99
1	1	0.00	0.00	0.25	1.09	0.00
1	5	0.00	0.00	0.23	1.01	0.00
2	2	0.00	0.01	0.30	0.40	0.00
2	6	0.00	0.00	0.10	0.99	0.00
3	3	0.00	0.00	1.04	1.10	0.00
3	7	0.00	0.00	0.41	0.99	0.00
Core	CPU	C1%	C3%	C6%	C8%	C9%
-	-	0.00	0.28	8.49	4.07	0.00
0	0	0.00	2.19	64.86	26.43	0.00
0	4	0.00	0.02	1.20	0.00	0.00
1	1	0.00	0.00	0.28	0.89	0.00
1	5	0.00	0.00	0.34	1.58	0.00
2	2	0.00	0.00	0.14	0.99	0.00
2	6	0.00	0.00	0.33	0.89	0.00
3	3	0.00	0.00	0.39	0.90	0.00
3	7	0.00	0.00	0.38	0.89	0.00
Core	CPU	C1%	C3%	C6%	C8%	C9%
-	-	0.00	0.31	8.42	4.12	0.72
0	0	0.00	2.44	64.52	26.58	0.00
0	4	0.00	0.04	1.32	0.39	5.77
1	1	0.00	0.00	0.29	0.59	0.00
1	5	0.00	0.00	0.19	1.09	0.00
2	2	0.00	0.00	0.36	0.99	0.00
2	6	0.00	0.00	0.25	0.99	0.00
3	3	0.00	0.01	0.32	1.10	0.00
3	7	0.00	0.00	0.10	1.20	0.00
Core	CPU	C1%	C3%	C6%	C8%	C9%
-	-	0.00	0.31	8.73	3.88	1.59
0	0	0.00	2.39	66.16	25.03	0.00
0	4	0.00	0.02	1.05	0.00	12.74
1	1	0.00	0.00	0.33	0.92	0.00
1	5	0.00	0.02	0.39	0.70	0.00
2	2	0.00	0.00	0.10	0.99	0.00
2	6	0.00	0.00	0.37	1.20	0.00
3	3	0.00	0.04	1.01	0.79	0.00
3	7	0.00	0.00	0.39	1.39	0.00
Core	CPU	C1%	C3%	C6%	C8%	C9%
-	-	0.00	0.28	8.61	4.05	0.32
0	0	0.00	2.19	64.15	27.14	0.00
0	4	0.00	0.00	1.08	0.21	2.59
1	1	0.00	0.00	0.25	1.29	0.00
1	5	0.00	0.00	0.83	0.79	0.00
2	2	0.00	0.02	0.29	0.80	0.00
2	6	0.00	0.00	0.20	0.99	0.00
3	3	0.00	0.00	1.29	0.49	0.00
3	7	0.00	0.00	0.76	0.69	0.00
Core	CPU	C1%	C3%	C6%	C8%	C9%
-	-	0.00	0.28	8.63	4.25	0.88
0	0	0.00	2.19	65.17	26.14	0.00
0	4	0.00	0.01	1.09	0.79	6.11
1	1	0.00	0.00	0.68	2.07	0.00
1	5	0.00	0.00	0.56	1.09	0.00
2	2	0.00	0.00	0.25	1.09	0.00
2	6	0.00	0.00	0.24	0.99	0.00
3	3	0.00	0.02	0.70	0.79	0.00
3	7	0.00	0.00	0.35	1.08	0.90
Core	CPU	C1%	C3%	C6%	C8%	C9%
-	-	0.02	0.32	8.62	4.28	0.03
0	0	0.11	2.50	64.76	26.17	0.00
0	4	0.02	0.04	0.92	1.60	0.23
1	1	0.00	0.00	0.20	0.99	0.00
1	5	0.00	0.00	0.25	1.19	0.00
2	2	0.00	0.00	0.36	1.39	0.00
2	6	0.00	0.00	0.45	1.58	0.00
3	3	0.00	0.00	1.03	0.49	0.00
3	7	0.00	0.01	0.99	0.79	0.00
Core	CPU	C1%	C3%	C6%	C8%	C9%
-	-	0.00	0.28	8.46	4.21	0.00
0	0	0.00	2.17	64.18	27.15	0.00
0	4	0.00	0.00	0.87	0.39	0.00
1	1	0.00	0.00	0.24	1.09	0.00
1	5	0.00	0.00	0.32	0.99	0.00
2	2	0.00	0.00	0.00	0.60	0.00
2	6	0.00	0.02	0.40	1.08	0.00
3	3	0.00	0.02	0.65	1.38	0.00
3	7	0.00	0.00	1.00	0.99	0.00
Core	CPU	C1%	C3%	C6%	C8%	C9%
-	-	0.01	0.29	8.80	4.26	0.50
0	0	0.01	2.31	65.13	26.05	0.00
0	4	0.00	0.02	1.36	0.30	4.03
1	1	0.00	0.00	0.26	1.58	0.00
1	5	0.00	0.00	0.25	1.10	0.00
2	2	0.00	0.00	0.92	0.79	0.00
2	6	0.10	0.01	0.89	0.79	0.00
3	3	0.00	0.00	1.24	2.36	0.00
3	7	0.00	0.00	0.38	1.09	0.00
Core	CPU	C1%	C3%	C6%	C8%	C9%
-	-	0.00	0.28	8.55	4.08	0.00
0	0	0.01	2.23	64.70	26.55	0.00
0	4	0.00	0.00	1.20	0.00	0.00
1	1	0.00	0.00	0.62	0.49	0.00
1	5	0.00	0.00	0.37	0.99	0.00
2	2	0.00	0.00	0.20	1.10	0.00
2	6	0.00	0.00	0.73	1.20	0.00
3	3	0.00	0.02	0.30	1.10	0.00
3	7	0.00	0.01	0.29	1.18	0.00
Core	CPU	C1%	C3%	C6%	C8%	C9%
-	-	0.00	0.28	8.70	4.00	1.12
0	0	0.00	2.26	65.04	26.17	0.00
0	4	0.00	0.00	1.39	0.20	8.03
1	1	0.00	0.00	0.20	1.08	0.00
1	5	0.00	0.00	0.10	1.08	0.00
2	2	0.00	0.00	0.37	0.99	0.00
2	6	0.00	0.00	0.81	1.28	0.90
3	3	0.00	0.00	0.91	0.40	0.00
3	7	0.00	0.01	0.79	0.79	0.00
Core	CPU	C1%	C3%	C6%	C8%	C9%
-	-	2.59	0.34	5.82	4.01	0.00
0	0	10.49	0.39	6.44	5.60	0.00
0	4	0.00	0.08	0.63	1.18	0.00
1	1	0.00	0.00	0.23	0.81	0.00
1	5	0.00	0.02	0.18	0.99	0.00
2	2	0.00	0.00	0.00	0.70	0.00
2	6	0.00	0.00	0.28	0.99	0.00
3	3	10.23	2.20	38.58	20.84	0.00
3	7	0.00	0.00	0.23	0.99	0.00
Core	CPU	C1%	C3%	C6%	C8%	C9%
-	-	0.02	0.31	8.67	4.26	0.00
0	0	0.16	2.40	64.88	26.02	0.00
0	4	0.01	0.09	1.42	1.98	0.03
1	1	0.00	0.00	0.26	1.57	0.00
1	5	0.00	0.00	0.24	1.00	0.00
2	2	0.00	0.02	0.30	0.99	0.00
2	6	0.00	0.00	1.07	0.61	0.00
3	3	0.00	0.00	0.69	1.09	0.00
3	7	0.00	0.00	0.47	0.79	0.00
Core	CPU	C1%	C3%	C6%	C8%	C9%
-	-	0.00	0.32	8.75	4.41	0.28
0	0	0.00	2.46	66.28	24.74	0.00
0	4	0.00	0.10	0.97	1.37	2.26
1	1	0.00	0.00	0.29	1.38	0.00
1	5	0.00	0.00	0.36	1.29	0.00
2	2	0.00	0.00	0.84	1.39	0.00
2	6	0.00	0.00	0.44	2.17	0.00
3	3	0.00	0.01	0.49	1.39	0.00
3	7	0.00	0.00	0.39	1.58	0.00
Core	CPU	C1%	C3%	C6%	C8%	C9%
-	-	0.00	0.29	8.65	4.13	0.09
0	0	0.00	2.22	64.21	26.91	0.00
0	4	0.00	0.06	1.71	1.09	0.71
1	1	0.00	0.00	0.20	0.69	0.00
1	5	0.00	0.00	0.69	1.08	0.00
2	2	0.00	0.00	0.27	0.89	0.00
2	6	0.00	0.00	0.35	0.79	0.00
3	3	0.00	0.00	0.93	0.79	0.00
3	7	0.00	0.02	0.80	0.79	0.00
Core	CPU	C1%	C3%	C6%	C8%	C9%
-	-	0.00	0.33	8.68	4.36	0.86
0	0	0.00	2.22	64.98	26.02	0.00
0	4	0.00	0.14	2.03	1.88	6.87
1	1	0.00	0.00	0.24	1.61	0.00
1	5	0.00	0.00	0.31	0.60	0.00
2	2	0.00	0.00	0.49	0.99	0.00
2	6	0.00	0.28	0.41	1.29	0.00
3	3	0.00	0.00	0.46	1.28	0.00
3	7	0.00	0.00	0.54	1.19	0.00
Core	CPU	C1%	C3%	C6%	C8%	C9%
-	-	0.00	0.32	8.70	4.07	0.06
0	0	0.00	2.42	65.55	25.43	0.00
0	4	0.00	0.16	1.53	0.99	0.50
1	1	0.00	0.00	0.25	1.77	0.00
1	5	0.00	0.00	0.63	0.99	0.00
2	2	0.00	0.02	0.30	0.80	0.00
2	6	0.00	0.00	0.30	0.80	0.00
3	3	0.00	0.00	0.71	1.09	0.00
3	7	0.00	0.00	0.36	0.69	0.00
Core	CPU	C1%	C3%	C6%	C8%	C9%
-	-	0.01	0.34	8.79	4.36	0.25
0	0	0.00	2.65	65.87	24.89	0.00
0	4	0.03	0.07	1.25	0.58	2.02
1	1	0.00	0.00	0.38	1.58	0.00
1	5	0.00	0.00	0.45	1.58	0.00
2	2	0.00	0.00	0.54	1.19	0.00
2	6	0.00	0.00	0.43	1.68	0.00
3	3	0.00	0.00	0.49	1.59	0.00
3	7	0.04	0.00	0.89	1.77	0.00
Core	CPU	C1%	C3%	C6%	C8%	C9%
-	-	0.00	0.33	8.84	4.24	0.78
0	0	0.00	2.41	66.46	24.57	0.00
0	4	0.00	0.18	1.60	4.24	6.28
1	1	0.00	0.02	0.29	0.51	0.00
1	5	0.00	0.00	0.27	1.09	0.00
2	2	0.00	0.00	0.77	0.89	0.00
2	6	0.00	0.00	0.37	0.88	0.00
3	3	0.00	0.00	0.15	1.18	0.00
3	7	0.00	0.03	0.80	0.59	0.00
Core	CPU	C1%	C3%	C6%	C8%	C9%
-	-	0.01	0.41	8.46	7.94	1.26
0	0	0.07	2.84	64.56	26.14	0.00
0	4	0.00	0.22	0.94	1.99	10.08
1	1	0.00	0.00	0.31	1.39	0.00
1	5	0.00	0.00	0.21	1.39	0.00
2	2	0.00	0.00	0.19	0.51	0.00
2	6	0.00	0.00	0.19	1.19	0.00
3	3	0.00	0.00	0.27	1.19	0.00
3	7	0.01	0.23	0.99	29.67	0.00
Core	CPU	C1%	C3%	C6%	C8%	C9%
-	-	0.00	0.31	8.98	3.96	0.81
0	0	0.00	2.35	65.48	25.53	0.00
0	4	0.00	0.09	1.98	0.68	5.10
1	1	0.00	0.00	0.66	0.80	0.00
1	5	0.00	0.00	0.35	0.99	0.00
2	2	0.00	0.00	0.73	1.09	0.00
2	6	0.00	0.02	0.20	0.99	0.00
3	3	0.00	0.00	1.39	0.99	0.00
3	7	0.00	0.00	1.03	0.59	1.39
Core	CPU	C1%	C3%	C6%	C8%	C9%
-	-	0.02	0.29	8.61	4.33	0.32
0	0	0.00	2.21	64.74	26.42	0.00
0	4	0.00	0.14	1.23	1.50	2.60
1	1	0.00	0.00	0.28	1.57	0.00
1	5	0.00	0.00	0.72	1.10	0.00
2	2	0.00	0.00	0.46	0.80	0.00
2	6	0.06	0.00	0.66	1.59	0.00
3	3	0.09	0.00	0.62	0.69	0.00
3	7	0.00	0.00	0.19	1.00	0.00
Core	CPU	C1%	C3%	C6%	C8%	C9%
-	-	0.00	0.32	8.60	4.49	0.15
0	0	0.00	2.51	64.71	26.30	0.00
0	4	0.00	0.05	1.93	0.99	1.21
1	1	0.00	0.00	0.32	2.87	0.00
1	5	0.00	0.00	0.24	0.40	0.00
2	2	0.00	0.00	0.29	1.38	0.00
2	6	0.00	0.00	0.66	1.09	0.00
3	3	0.00	0.00	0.35	1.39	0.00
3	7	0.00	0.00	0.33	1.48	0.00
Core	CPU	C1%	C3%	C6%	C8%	C9%
-	-	0.00	0.35	8.68	3.92	0.59
0	0	0.00	2.66	66.01	24.86	0.00
0	4	0.00	0.08	1.43	0.89	4.73
1	1	0.00	0.00	0.35	0.79	0.00
1	5	0.00	0.00	0.62	0.99	0.00
2	2	0.00	0.02	0.30	0.89	0.00
2	6	0.00	0.00	0.10	0.99	0.00
3	3	0.00	0.00	0.19	1.08	0.00
3	7	0.00	0.00	0.46	0.88	0.00
Core	CPU	C1%	C3%	C6%	C8%	C9%
-	-	0.00	0.30	8.48	4.39	0.16
0	0	0.00	2.30	64.37	26.70	0.00
0	4	0.00	0.12	0.96	1.76	1.30
1	1	0.00	0.00	0.28	1.68	0.00
1	5	0.00	0.00	0.36	0.79	0.00
2	2	0.00	0.00	0.15	1.08	0.00
2	6	0.00	0.00	0.23	1.09	0.00
3	3	0.00	0.00	1.19	1.19	0.00
3	7	0.00	0.00	0.29	0.79	0.00
Core	CPU	C1%	C3%	C6%	C8%	C9%
-	-	0.00	0.29	8.60	4.54	0.33
0	0	0.01	2.17	65.02	26.18	0.00
0	4	0.00	0.15	2.19	2.96	2.64
1	1	0.00	0.00	0.10	1.96	0.00
1	5	0.00	0.00	0.19	1.09	0.00
2	2	0.00	0.00	0.27	0.99	0.00
2	6	0.00	0.00	0.42	0.79	0.00
3	3	0.00	0.00	0.52	0.90	0.00
3	7	0.00	0.00	0.13	1.49	0.00
Core	CPU	C1%	C3%	C6%	C8%	C9%
-	-	2.80	0.44	6.77	4.11	0.00
0	0	11.27	0.62	10.08	6.26	0.00
0	4	0.00	0.06	1.45	1.17	0.00
1	1	0.00	0.00	0.33	0.99	0.00
1	5	0.00	0.02	0.10	1.19	0.00
2	2	0.00	0.00	0.59	0.69	0.00
2	6	0.00	0.00	0.29	1.38	0.00
3	3	11.10	2.82	41.05	19.94	0.00
3	7	0.00	0.00	0.24	1.29	0.00
Core	CPU	C1%	C3%	C6%	C8%	C9%
-	-	0.00	0.31	8.65	4.25	0.74
0	0	0.00	2.19	65.27	25.95	0.00
0	4	0.00	0.18	1.18	1.04	5.91
1	1	0.00	0.00	0.37	1.29	0.00
1	5	0.00	0.00	0.53	1.49	0.00
2	2	0.00	0.00	0.54	1.09	0.00
2	6	0.00	0.00	0.32	1.10	0.00
3	3	0.01	0.09	0.10	1.10	0.00
3	7	0.00	0.00	0.87	0.99	0.00
Core	CPU	C1%	C3%	C6%	C8%	C9%
-	-	0.00	0.32	8.64	4.06	0.12
0	0	0.00	2.35	64.59	26.56	0.00
0	4	0.00	0.22	1.33	1.57	0.96
1	1	0.00	0.00	0.18	0.60	0.00
1	5	0.00	0.00	0.19	0.99	0.00
2	2	0.00	0.00	0.27	1.00	0.00
2	6	0.00	0.00	0.35	0.99	0.00
3	3	0.00	0.00	1.30	0.40	0.00
3	7	0.00	0.01	0.90	0.40	0.00
Core	CPU	C1%	C3%	C6%	C8%	C9%
-	-	2.42	0.28	6.54	4.06	0.38
0	0	10.21	0.54	9.24	6.21	0.00
0	4	0.00	0.12	0.38	0.00	3.04
1	1	9.12	1.59	40.59	22.48	0.00
1	5	0.00	0.00	0.32	0.98	0.00
2	2	0.00	0.00	0.40	0.05	0.00
2	6	0.00	0.00	0.30	1.28	0.00
3	3	0.00	0.00	0.37	0.79	0.00
3	7	0.00	0.00	0.73	0.69	0.00
Core	CPU	C1%	C3%	C6%	C8%	C9%
-	-	2.39	0.31	6.10	4.32	0.00
0	0	9.87	0.54	7.47	5.88	0.01
0	4	0.00	0.11	0.95	0.50	0.00
1	1	0.00	0.09	0.16	0.98	0.00
1	5	0.00	0.00	0.24	1.00	0.00
2	2	9.21	1.74	39.25	23.71	0.00
2	6	0.00	0.00	0.00	0.99	0.00
3	3	0.00	0.00	0.28	0.79	0.00
3	7	0.00	0.00	0.47	0.70	0.00
Core	CPU	C1%	C3%	C6%	C8%	C9%
-	-	2.25	0.25	6.08	3.85	0.11
0	0	9.75	0.53	5.79	3.32	0.00
0	4	0.00	0.12	0.95	0.00	0.00
1	1	0.00	0.00	0.13	0.40	0.00
1	5	0.00	0.00	0.50	1.28	0.90
2	2	8.25	1.35	40.33	22.86	0.00
2	6	0.00	0.00	0.33	1.08	0.00
3	3	0.00	0.02	0.30	0.99	0.00
3	7	0.00	0.02	0.30	0.88	0.00
Core	CPU	C1%	C3%	C6%	C8%	C9%
-	-	2.03	0.24	6.42	3.68	0.00
0	0	8.77	0.58	7.04	3.75	0.00
0	4	0.00	0.12	0.79	0.10	0.00
1	1	0.00	0.02	0.19	0.33	0.00
1	5	0.00	0.00	0.19	0.21	0.00
2	2	7.51	1.16	41.26	22.76	0.00
2	6	0.00	0.00	0.36	0.98	0.00
3	3	0.00	0.00	0.75	0.89	0.00
3	7	0.00	0.03	0.79	0.40	0.00
Core	CPU	C1%	C3%	C6%	C8%	C9%
-	-	2.54	0.28	6.49	4.20	0.08
0	0	10.30	0.60	6.68	5.96	0.12
0	4	0.00	0.05	1.35	1.77	0.52
1	1	0.00	0.10	0.34	1.28	0.00
1	5	0.00	0.00	0.31	0.89	0.00
2	2	9.98	1.50	41.61	20.59	0.00
2	6	0.00	0.00	0.49	1.32	0.00
3	3	0.00	0.00	0.57	0.60	0.00
3	7	0.00	0.03	0.55	1.19	0.00
Core	CPU	C1%	C3%	C6%	C8%	C9%
-	-	1.20	0.38	8.04	3.92	0.89
0	0	5.26	1.67	48.79	20.83	0.00
0	4	0.01	0.10	1.21	0.64	7.12
1	1	0.00	0.00	0.38	0.89	0.00
1	5	0.00	0.00	0.36	0.79	0.00
2	2	4.31	1.27	12.34	6.12	0.00
2	6	0.00	0.02	0.70	0.30	0.00
3	3	0.00	0.00	0.20	0.99	0.00
3	7	0.00	0.00	0.30	0.78	0.00
Core	CPU	C1%	C3%	C6%	C8%	C9%
-	-	0.00	0.30	8.50	4.09	0.50
0	0	0.00	2.28	64.17	26.97	0.00
0	4	0.00	0.09	0.96	0.98	4.01
1	1	0.00	0.01	0.30	0.59	0.00
1	5	0.00	0.00	0.88	0.50	0.00
2	2	0.00	0.00	0.28	1.09	0.00
2	6	0.00	0.00	0.86	0.79	0.00
3	3	0.00	0.00	0.25	0.89	0.00
3	7	0.00	0.02	0.30	0.89	0.00
Core	CPU	C1%	C3%	C6%	C8%	C9%
-	-	0.00	0.32	8.67	4.06	1.03
0	0	0.00	2.40	65.76	25.31	0.00
0	4	0.00	0.18	0.94	1.27	8.25
1	1	0.00	0.00	0.14	1.67	0.00
1	5	0.00	0.00	0.62	0.99	0.00
2	2	0.00	0.00	0.00	0.70	0.00
2	6	0.00	0.00	0.58	0.99	0.00
3	3	0.00	0.00	0.83	0.89	0.00
3	7	0.00	0.00	0.51	0.69	0.00
Core	CPU	C1%	C3%	C6%	C8%	C9%
-	-	0.00	0.28	8.54	4.12	0.05
0	0	0.00	2.07	65.21	26.21	0.00
0	4	0.00	0.16	1.20	0.89	0.43
1	1	0.00	0.00	0.29	0.89	0.00
1	5	0.00	0.00	0.44	0.79	0.00
2	2	0.00	0.00	0.24	0.99	0.00
2	6	0.00	0.00	0.23	1.48	0.00
3	3	0.00	0.00	0.29	1.00	0.00
3	7	0.00	0.00	0.38	0.69	0.00
Core	CPU	C1%	C3%	C6%	C8%	C9%
-	-	1.08	0.39	8.00	4.07	0.09
0	0	4.85	1.75	48.21	19.93	0.00
0	4	0.00	0.10	1.41	1.69	0.74
1	1	3.79	1.24	13.12	6.41	0.00
1	5	0.00	0.00	0.27	0.90	0.00
2	2	0.00	0.00	0.26	0.89	0.00
2	6	0.00	0.00	0.30	0.59	0.00
3	3	0.00	0.00	0.22	0.90	0.00
3	7	0.00	0.00	0.20	1.29	0.00
Core	CPU	C1%	C3%	C6%	C8%	C9%
-	-	0.00	0.33	8.67	4.19	0.26
0	0	0.00	2.59	65.93	25.01	0.00
0	4	0.02	0.02	1.03	2.67	2.08
1	1	0.00	0.03	0.40	0.02	0.00
1	5	0.00	0.01	0.59	0.00	0.00
2	2	0.00	0.00	0.29	1.68	0.00
2	6	0.00	0.00	0.28	0.98	0.00
3	3	0.00	0.00	0.54	1.49	0.00
3	7	0.00	0.00	0.32	1.69	0.00
Core	CPU	C1%	C3%	C6%	C8%	C9%
-	-	0.00	0.35	8.70	4.29	0.06
0	0	0.00	2.57	64.56	26.35	0.00
0	4	0.00	0.18	1.77	1.57	0.46
1	1	0.00	0.00	1.07	1.09	0.00
1	5	0.00	0.00	0.57	0.26	0.00
2	2	0.00	0.02	0.30	0.80	0.00
2	6	0.00	0.00	0.10	1.09	0.00
3	3	0.00	0.00	0.97	2.18	0.00
3	7	0.00	0.00	0.27	0.99	0.00
Core	CPU	C1%	C3%	C6%	C8%	C9%
-	-	0.95	0.40	7.76	4.41	0.65
0	0	3.84	1.77	42.78	17.19	0.11
0	4	0.00	0.07	1.08	1.96	5.12
1	1	3.76	1.29	16.17	8.75	0.00
1	5	0.00	0.00	0.53	1.10	0.00
2	2	0.00	0.00	0.24	1.19	0.00
2	6	0.00	0.00	0.27	1.29	0.00
3	3	0.00	0.01	0.49	1.29	0.00
3	7	0.00	0.03	0.56	2.50	0.00
Core	CPU	C1%	C3%	C6%	C8%	C9%
-	-	3.94	0.41	6.81	7.91	0.00
0	0	16.58	0.75	17.22	20.67	0.00
0	4	0.00	0.09	0.94	0.10	0.00
1	1	14.91	2.27	33.70	13.36	0.00
1	5	0.00	0.00	0.20	0.70	0.00
2	2	0.00	0.00	0.27	0.89	0.00
2	6	0.00	0.00	0.36	0.89	0.00
3	3	0.00	0.00	0.24	0.90	0.00
3	7	0.01	0.18	1.58	25.77	0.00
Core	CPU	C1%	C3%	C6%	C8%	C9%
-	-	0.00	0.28	8.58	3.76	0.00
0	0	0.00	2.05	65.48	25.94	0.00
0	4	0.00	0.17	0.79	0.00	0.00
1	1	0.00	0.00	0.35	0.40	0.00
1	5	0.00	0.00	0.48	1.28	0.00
2	2	0.00	0.01	0.30	0.40	0.00
2	6	0.00	0.00	0.10	0.80	0.00
3	3	0.00	0.00	0.28	0.89	0.00
3	7	0.00	0.00	0.85	0.40	0.00
Core	CPU	C1%	C3%	C6%	C8%	C9%
-	-	0.00	0.33	8.71	4.10	1.27
0	0	0.00	2.55	65.95	25.02	0.00
0	4	0.00	0.08	1.40	0.80	10.15
1	1	0.00	0.00	0.28	1.57	0.00
1	5	0.00	0.00	0.36	1.09	0.00
2	2	0.00	0.00	0.24	1.19	0.00
2	6	0.00	0.00	0.23	1.09	0.00
3	3	0.00	0.00	0.62	1.09	0.00
3	7	0.00	0.00	0.56	0.94	0.00
Core	CPU	C1%	C3%	C6%	C8%	C9%
-	-	0.00	0.31	8.63	3.82	0.00
0	0	0.00	2.26	64.87	26.36	0.00
0	4	0.00	0.18	1.43	0.89	0.00
1	1	0.00	0.01	0.30	0.59	0.00
1	5	0.00	0.00	0.08	0.40	0.00
2	2	0.00	0.00	0.28	0.90	0.00
2	6	0.00	0.00	0.36	0.80	0.00
3	3	0.00	0.00	0.84	0.30	0.00
3	7	0.00	0.01	0.89	0.30	0.00
Core	CPU	C1%	C3%	C6%	C8%	C9%
-	-	0.00	0.30	8.53	4.21	0.12
0	0	0.00	2.31	65.12	26.08	0.00
0	4	0.00	0.10	1.13	0.00	0.95
1	1	0.00	0.00	0.24	1.87	0.00
1	5	0.00	0.00	0.16	0.61	0.00
2	2	0.00	0.00	0.00	0.50	0.00
2	6	0.00	0.00	0.24	1.09	0.00
3	3	0.00	0.00	0.87	1.08	0.00
3	7	0.00	0.00	0.47	2.46	0.00
Core	CPU	C1%	C3%	C6%	C8%	C9%
-	-	0.00	0.29	8.55	4.25	0.00
0	0	0.00	2.21	64.28	27.00	0.00
0	4	0.00	0.10	1.15	0.98	0.00
1	1	0.00	0.00	0.69	0.40	0.00
1	5	0.00	0.00	0.56	1.00	0.00
2	2	0.00	0.00	0.24	1.19	0.00
2	6	0.00	0.00	0.72	1.09	0.00
3	3	0.00	0.00	0.29	1.29	0.00
3	7	0.00	0.00	0.48	1.09	0.00
Core	CPU	C1%	C3%	C6%	C8%	C9%
-	-	3.22	0.32	6.34	4.54	0.00
0	0	14.24	0.45	5.33	10.28	0.00
0	4	0.00	0.15	1.08	0.99	0.00
1	1	11.51	2.00	42.79	18.18	0.00
1	5	0.00	0.00	0.28	1.18	0.00
2	2	0.00	0.00	0.36	1.09	0.00
2	6	0.00	0.00	0.25	1.19	0.00
3	3	0.00	0.00	0.42	2.18	0.00
3	7	0.00	0.00	0.19	1.19	0.00
Core	CPU	C1%	C3%	C6%	C8%	C9%
-	-	2.28	0.26	6.52	4.07	0.43
0	0	9.77	0.44	8.47	5.52	0.00
0	4	0.00	0.13	1.00	0.00	3.46
1	1	8.45	1.53	41.60	22.99	0.00
1	5	0.00	0.02	0.18	0.70	0.00
2	2	0.00	0.00	0.00	0.40	0.00
2	6	0.00	0.00	0.28	0.99	0.00
3	3	0.00	0.00	0.37	0.98	0.00
3	7	0.00	0.00	0.24	0.99	0.00
Core	CPU	C1%	C3%	C6%	C8%	C9%
-	-	3.53	0.45	6.77	4.21	0.00
0	0	14.85	0.66	8.84	10.30	0.00
0	4	0.00	0.12	1.11	0.60	0.00
1	1	4.67	0.78	12.62	5.37	0.00
1	5	0.00	0.00	0.83	0.80	0.00
2	2	0.00	0.01	0.72	0.00	0.00
2	6	0.00	0.01	0.88	0.69	0.00
3	3	8.74	2.00	28.79	15.24	0.00
3	7	0.00	0.00	0.38	0.69	0.00
Core	CPU	C1%	C3%	C6%	C8%	C9%
-	-	0.16	0.34	9.10	4.41	1.27
0	0	0.26	2.73	65.58	25.00	0.00
0	4	0.07	0.03	2.24	0.20	9.25
1	1	0.78	0.00	1.67	2.07	0.00
1	5	0.00	0.00	1.42	1.79	0.90
2	2	0.07	0.00	0.77	1.29	0.00
2	6	0.00	0.00	0.55	1.38	0.00
3	3	0.12	0.00	0.30	1.88	0.00
3	7	0.00	0.00	0.30	1.68	0.00
Core	CPU	C1%	C3%	C6%	C8%	C9%
-	-	0.02	0.32	8.48	4.07	0.11
0	0	0.01	2.33	64.63	26.44	0.00
0	4	0.00	0.17	1.37	0.79	0.84
1	1	0.00	0.00	0.32	1.80	0.00
1	5	0.00	0.00	0.10	0.30	0.00
2	2	0.00	0.00	0.19	0.99	0.00
2	6	0.00	0.00	0.27	0.79	0.00
3	3	0.15	0.03	0.72	0.80	0.00
3	7	0.00	0.00	0.23	0.69	0.00
Core	CPU	C1%	C3%	C6%	C8%	C9%
-	-	2.33	0.32	6.35	3.66	0.00
0	0	9.22	0.56	7.93	6.19	0.00
0	4	0.00	0.02	0.86	0.09	0.00
1	1	9.46	2.01	40.51	19.28	0.00
1	5	0.00	0.01	0.12	0.49	0.00
2	2	0.00	0.00	0.59	0.29	0.00
2	6	0.00	0.00	0.19	0.99	0.00
3	3	0.00	0.00	0.37	0.98	0.00
3	7	0.00	0.00	0.25	0.99	0.00
Core	CPU	C1%	C3%	C6%	C8%	C9%
-	-	4.47	0.41	6.68	5.07	0.00
0	0	20.05	0.47	6.64	18.73	0.00
0	4	0.00	0.01	0.77	0.80	0.00
1	1	15.61	2.73	43.31	17.04	0.00
1	5	0.00	0.00	0.69	2.00	0.00
2	2	0.00	0.01	0.72	0.00	0.00
2	6	0.10	0.01	0.70	0.29	0.00
3	3	0.00	0.00	0.19	0.89	0.00
3	7	0.00	0.02	0.37	0.79	0.00
Core	CPU	C1%	C3%	C6%	C8%	C9%
-	-	2.95	0.33	6.30	3.86	0.36
0	0	11.60	0.78	4.80	6.10	0.00
0	4	0.00	0.15	0.36	0.19	2.91
1	1	12.01	1.71	41.83	19.48	0.00
1	5	0.00	0.00	1.06	1.08	0.00
2	2	0.00	0.00	0.56	0.99	0.00
2	6	0.00	0.00	0.52	1.19	0.00
3	3	0.00	0.00	0.32	1.29	0.00
3	7	0.00	0.00	0.99	0.59	0.00
Core	CPU	C1%	C3%	C6%	C8%	C9%
-	-	3.34	0.31	7.02	4.26	0.00
0	0	14.88	0.49	10.83	9.15	0.00
0	4	0.00	0.03	1.01	0.00	0.00
1	1	11.82	1.98	42.44	19.88	0.00
1	5	0.00	0.00	0.14	0.43	0.00
2	2	0.00	0.00	0.19	0.98	0.00
2	6	0.00	0.00	0.28	0.88	0.00
3	3	0.00	0.00	0.94	1.59	0.00
3	7	0.00	0.00	0.33	1.19	0.00
Core	CPU	C1%	C3%	C6%	C8%	C9%
-	-	0.14	0.30	8.57	3.86	0.00
0	0	0.58	2.28	62.49	24.92	0.00
0	4	0.00	0.00	0.92	1.00	0.00
1	1	0.52	0.08	2.86	1.16	0.00
1	5	0.00	0.00	0.34	0.79	0.00
2	2	0.00	0.00	0.51	0.40	0.00
2	6	0.00	0.00	0.73	0.99	0.01
3	3	0.00	0.00	0.38	0.89	0.00
3	7	0.00	0.00	0.36	0.69	0.00
Core	CPU	C1%	C3%	C6%	C8%	C9%
-	-	0.00	0.27	8.53	4.20	0.06
0	0	0.00	2.11	64.45	26.91	0.00
0	4	0.00	0.02	1.50	0.39	0.51
1	1	0.00	0.00	0.37	1.08	0.00
1	5	0.00	0.00	0.47	0.79	0.00
2	2	0.00	0.00	0.25	1.09	0.00
2	6	0.00	0.00	0.23	1.19	0.00
3	3	0.00	0.00	0.68	1.30	0.00
3	7	0.00	0.00	0.30	0.88	0.00
Core	CPU	C1%	C3%	C6%	C8%	C9%
-	-	0.00	0.29	8.46	3.98	0.20
0	0	0.00	2.32	64.63	26.56	0.00
0	4	0.00	0.01	1.21	0.30	1.60
1	1	0.00	0.00	0.59	0.49	0.00
1	5	0.00	0.00	0.29	0.99	0.00
2	2	0.00	0.00	0.27	0.80	0.00
2	6	0.00	0.00	0.36	0.70	0.00
3	3	0.00	0.00	0.23	0.70	0.00
3	7	0.00	0.00	0.10	1.29	0.00
Core	CPU	C1%	C3%	C6%	C8%	C9%
-	-	0.00	0.31	8.58	3.99	0.67
0	0	0.00	2.46	65.59	25.50	0.00
0	4	0.00	0.00	1.20	0.98	5.35
1	1	0.00	0.00	0.13	0.79	0.00
1	5	0.00	0.02	0.18	0.50	0.00
2	2	0.00	0.00	0.10	0.89	0.00
2	6	0.00	0.00	0.19	0.99	0.00
3	3	0.00	0.03	0.95	1.16	0.00
3	7	0.00	0.00	0.27	1.08	0.00
Core	CPU	C1%	C3%	C6%	C8%	C9%
-	-	0.00	0.27	8.50	4.20	0.16
0	0	0.00	2.14	64.79	26.57	0.00
0	4	0.00	0.00	1.10	0.39	1.30
1	1	0.00	0.00	0.29	0.89	0.00
1	5	0.00	0.00	0.64	1.59	0.00
2	2	0.00	0.00	0.23	1.10	0.00
2	6	0.00	0.02	0.20	1.19	0.00
3	3	0.00	0.00	0.49	0.65	0.00
3	7	0.00	0.00	0.27	1.18	0.00
Core	CPU	C1%	C3%	C6%	C8%	C9%
-	-	3.96	0.44	6.47	3.93	0.00
0	0	16.57	0.37	9.15	10.53	0.00
0	4	0.00	0.03	0.98	0.66	0.00
1	1	3.78	1.01	10.19	5.25	0.00
1	5	0.00	0.00	0.27	0.99	0.00
2	2	0.00	0.00	0.26	0.89	0.00
2	6	0.00	0.00	0.21	1.09	0.00
3	3	11.35	2.11	30.64	10.96	0.00
3	7	0.00	0.00	0.10	1.09	0.00
Core	CPU	C1%	C3%	C6%	C8%	C9%
-	-	2.85	0.42	6.01	3.98	0.00
0	0	11.89	0.66	5.63	7.55	0.00
0	4	0.00	0.13	1.05	0.30	0.00
1	1	10.93	2.52	39.26	20.84	0.00
1	5	0.00	0.02	0.58	0.00	0.00
2	2	0.00	0.00	0.19	1.00	0.00
2	6	0.00	0.00	0.28	0.89	0.00
3	3	0.00	0.00	0.85	0.39	0.00
3	7	0.00	0.00	0.23	0.89	0.00
Core	CPU	C1%	C3%	C6%	C8%	C9%
-	-	3.83	0.38	6.39	8.32	0.00
0	0	16.25	0.29	5.18	13.43	0.00
0	4	0.00	0.11	1.13	0.78	0.00
1	1	14.35	2.45	42.46	19.01	0.00
1	5	0.00	0.00	0.53	0.79	0.00
2	2	0.00	0.02	0.29	0.99	0.00
2	6	0.00	0.00	0.20	0.99	0.00
3	3	0.00	0.00	0.49	1.29	0.00
3	7	0.01	0.14	0.83	29.27	0.00
Core	CPU	C1%	C3%	C6%	C8%	C9%
-	-	3.08	0.31	6.63	3.99	0.44
0	0	12.79	0.43	8.65	7.55	0.01
0	4	0.00	0.08	0.84	0.10	3.52
1	1	0.00	0.00	0.20	1.08	0.00
1	5	0.00	0.00	0.57	0.99	0.00
2	2	0.00	0.00	0.36	0.99	0.00
2	6	0.00	0.00	0.24	0.99	0.00
3	3	11.89	1.97	41.47	19.74	0.00
3	7	0.00	0.00	0.68	0.50	0.00
Core	CPU	C1%	C3%	C6%	C8%	C9%
-	-	4.44	0.50	6.12	4.90	0.00
0	0	19.41	0.48	5.57	17.88	0.00
0	4	0.00	0.09	0.93	0.00	0.00
1	1	16.14	3.31	41.04	17.06	0.00
1	5	0.00	0.00	0.33	0.49	0.00
2	2	0.00	0.00	0.20	0.98	0.00
2	6	0.00	0.00	0.28	0.88	0.00
3	3	0.00	0.10	0.25	1.07	0.00
3	7	0.00	0.00	0.33	0.79	0.00
Core	CPU	C1%	C3%	C6%	C8%	C9%
-	-	2.47	0.25	6.36	4.14	0.20
0	0	10.98	0.42	5.94	6.15	0.01
0	4	0.00	0.05	1.06	0.68	0.81
1	1	8.80	1.50	42.33	21.16	0.00
1	5	0.00	0.00	0.52	1.48	0.79
2	2	0.00	0.00	0.32	0.90	0.00
2	6	0.00	0.00	0.10	0.99	0.00
3	3	0.00	0.00	0.29	0.84	0.00
3	7	0.00	0.00	0.36	0.89	0.00
Core	CPU	C1%	C3%	C6%	C8%	C9%
-	-	4.14	0.47	6.67	4.15	0.08
0	0	17.82	0.42	9.38	10.52	0.04
0	4	0.00	0.00	0.35	0.30	0.00
1	1	15.32	3.16	41.42	16.98	0.00
1	5	0.00	0.03	0.69	1.39	0.58
2	2	0.00	0.00	0.35	0.89	0.00
2	6	0.00	0.00	0.14	0.99	0.00
3	3	0.00	0.12	0.71	1.22	0.00
3	7	0.00	0.00	0.29	0.89	0.00
Core	CPU	C1%	C3%	C6%	C8%	C9%
-	-	0.22	0.31	8.50	3.91	0.00
0	0	1.00	2.31	62.58	26.14	0.00
0	4	0.00	0.03	0.62	0.62	0.02
1	1	0.73	0.14	2.87	0.97	0.00
1	5	0.00	0.01	0.61	0.27	0.00
2	2	0.00	0.00	0.28	0.89	0.00
2	6	0.00	0.00	0.27	0.89	0.00
3	3	0.00	0.00	0.54	0.60	0.00
3	7	0.00	0.02	0.19	0.90	0.00
Core	CPU	C1%	C3%	C6%	C8%	C9%
-	-	0.00	0.31	8.80	4.12	0.44
0	0	0.00	2.37	66.01	25.23	0.00
0	4	0.00	0.00	1.39	1.68	3.49
1	1	0.00	0.10	0.34	1.29	0.00
1	5	0.00	0.02	0.75	0.18	0.00
2	2	0.00	0.00	0.10	0.99	0.00
2	6	0.00	0.00	0.30	1.28	0.00
3	3	0.00	0.00	0.66	1.16	0.00
3	7	0.00	0.00	0.85	1.18	0.00
Core	CPU	C1%	C3%	C6%	C8%	C9%
-	-	0.01	0.30	8.65	4.22	0.09
0	0	0.00	2.37	64.74	26.38	0.00
0	4	0.07	0.00	1.10	1.10	0.74
1	1	0.00	0.00	0.28	0.99	0.00
1	5	0.00	0.00	1.95	1.49	0.00
2	2	0.00	0.00	0.24	1.09	0.00
2	6	0.00	0.00	0.32	1.10	0.00
3	3	0.00	0.00	0.19	0.95	0.00
3	7	0.00	0.00	0.38	0.69	0.00
Core	CPU	C1%	C3%	C6%	C8%	C9%
-	-	0.00	0.31	8.64	4.36	0.76
0	0	0.03	2.47	65.61	25.35	0.00
0	4	0.00	0.03	1.00	1.81	6.05
1	1	0.00	0.00	0.19	1.37	0.00
1	5	0.00	0.00	0.58	1.79	0.00
2	2	0.00	0.00	0.26	1.09	0.00
2	6	0.00	0.00	0.34	1.19	0.00
3	3	0.00	0.00	0.77	1.31	0.00
3	7	0.00	0.00	0.34	1.00	0.00
Core	CPU	C1%	C3%	C6%	C8%	C9%
-	-	0.00	0.27	8.53	4.29	0.42
0	0	0.00	2.12	65.20	25.91	0.00
0	4	0.00	0.03	0.98	2.64	3.39
1	1	0.00	0.00	0.42	0.30	0.00
1	5	0.00	0.00	0.31	1.00	0.00
2	2	0.00	0.00	0.19	0.98	0.00
2	6	0.00	0.00	0.28	1.29	0.00
3	3	0.00	0.00	0.26	0.98	0.00
3	7	0.00	0.00	0.62	1.19	0.00
Core	CPU	C1%	C3%	C6%	C8%	C9%
-	-	0.00	0.30	8.41	4.03	0.00
0	0	0.00	2.35	64.15	26.96	0.00
0	4	0.00	0.03	0.91	1.75	0.00
1	1	0.00	0.00	0.44	0.10	0.00
1	5	0.00	0.00	0.45	1.09	0.00
2	2	0.00	0.01	0.29	0.33	0.00
2	6	0.00	0.00	0.10	0.40	0.00
3	3	0.00	0.00	0.47	0.89	0.00
3	7	0.00	0.00	0.46	0.69	0.00
Core	CPU	C1%	C3%	C6%	C8%	C9%
-	-	0.00	0.31	8.53	4.23	0.09
0	0	0.00	2.45	64.63	26.45	0.00
0	4	0.00	0.00	1.04	1.03	0.72
1	1	0.00	0.00	0.18	0.99	0.00
1	5	0.00	0.00	0.57	1.20	0.00
2	2	0.00	0.00	0.64	1.09	0.00
2	6	0.00	0.00	0.23	1.19	0.00
3	3	0.00	0.01	0.39	0.73	0.00
3	7	0.00	0.00	0.58	1.19	0.00
Core	CPU	C1%	C3%	C6%	C8%	C9%
-	-	0.00	0.32	8.41	4.23	0.74
0	0	0.00	2.40	64.54	26.38	0.00
0	4	0.00	0.10	0.88	1.08	5.93
1	1	0.00	0.00	0.22	0.78	0.00
1	5	0.00	0.00	0.10	1.08	0.00
2	2	0.00	0.00	0.28	0.99	0.00
2	6	0.00	0.00	0.45	1.18	0.00
3	3	0.00	0.00	0.64	1.08	0.00
3	7	0.00	0.04	0.19	1.29	0.00
Core	CPU	C1%	C3%	C6%	C8%	C9%
-	-	0.01	0.29	8.59	4.00	0.00
0	0	0.00	2.13	65.22	26.14	0.00
0	4	0.07	0.21	1.42	2.07	0.00
1	1	0.00	0.00	0.24	0.50	0.00
1	5	0.00	0.00	0.19	0.90	0.00
2	2	0.00	0.00	0.10	0.60	0.00
2	6	0.00	0.00	0.18	0.90	0.00
3	3	0.00	0.00	0.47	0.88	0.00
3	7	0.00	0.00	0.93	0.00	0.00
Core	CPU	C1%	C3%	C6%	C8%	C9%
-	-	2.89	0.41	6.20	4.08	0.02
0	0	12.21	0.42	6.13	8.72	0.00
0	4	0.00	0.18	1.40	0.20	0.15
1	1	0.00	0.00	0.17	1.39	0.00
1	5	0.00	0.00	0.45	0.79	0.00
2	2	0.00	0.00	0.34	0.89	0.00
2	6	0.00	0.12	0.57	0.00	0.01
3	3	10.88	2.56	40.15	19.70	0.00
3	7	0.00	0.00	0.37	0.98	0.00
Core	CPU	C1%	C3%	C6%	C8%	C9%
-	-	0.01	0.32	8.82	4.11	0.10
0	0	0.00	2.43	65.12	25.83	0.00
0	4	0.00	0.11	1.07	0.00	0.81
1	1	0.00	0.00	0.19	0.70	0.00
1	5	0.00	0.00	0.77	1.19	0.00
2	2	0.00	0.00	0.36	0.99	0.00
2	6	0.00	0.00	1.29	1.38	0.00
3	3	0.00	0.00	1.02	1.60	0.00
3	7	0.05	0.00	0.71	1.20	0.00
Core	CPU	C1%	C3%	C6%	C8%	C9%
-	-	0.00	0.30	8.51	4.12	0.51
0	0	0.00	2.34	64.54	26.66	0.00
0	4	0.00	0.10	1.58	0.89	4.05
1	1	0.00	0.00	0.22	0.50	0.00
1	5	0.00	0.00	0.00	0.50	0.00
2	2	0.00	0.00	0.39	1.09	0.00
2	6	0.00	0.00	0.28	0.98	0.00
3	3	0.00	0.00	0.91	1.17	0.00
3	7	0.00	0.00	0.14	1.18	0.00
Core	CPU	C1%	C3%	C6%	C8%	C9%
-	-	0.00	0.35	8.67	4.14	1.52
0	0	0.00	2.48	65.51	25.58	0.00
0	4	0.00	0.35	0.58	1.36	12.12
1	1	0.00	0.00	0.35	1.37	0.00
1	5	0.00	0.00	0.57	2.05	0.00
2	2	0.00	0.00	0.72	0.49	0.00
2	6	0.00	0.00	0.60	0.49	0.00
3	3	0.00	0.00	0.49	0.66	0.00
3	7	0.00	0.00	0.52	1.07	0.00
Core	CPU	C1%	C3%	C6%	C8%	C9%
-	-	2.30	0.28	6.97	3.86	0.10
0	0	9.63	0.73	19.86	12.07	0.00
0	4	0.00	0.13	1.00	1.66	0.34
1	1	0.00	0.00	0.19	1.18	0.00
1	5	0.00	0.00	0.46	0.49	0.00
2	2	0.00	0.00	0.25	0.99	0.00
2	6	0.00	0.00	0.43	0.40	0.00
3	3	8.76	1.34	32.72	13.78	0.00
3	7	0.00	0.04	0.85	0.30	0.49
Core	CPU	C1%	C3%	C6%	C8%	C9%
-	-	2.17	0.27	5.99	3.81	0.00
0	0	8.87	0.45	6.10	4.37	0.00
0	4	0.00	0.12	1.02	0.49	0.00
1	1	0.00	0.00	0.22	0.30	0.00
1	5	0.00	0.00	0.16	0.30	0.00
2	2	0.00	0.00	0.19	0.89	0.00
2	6	0.00	0.00	0.27	0.80	0.00
3	3	8.46	1.61	39.83	22.27	0.00
3	7	0.00	0.02	0.18	1.09	0.00
Core	CPU	C1%	C3%	C6%	C8%	C9%
-	-	0.14	0.31	8.67	4.41	0.00
0	0	0.30	2.29	64.42	25.80	0.00
0	4	0.00	0.09	1.27	0.81	0.00
1	1	0.00	0.00	0.35	1.58	0.00
1	5	0.00	0.00	0.31	1.53	0.00
2	2	0.00	0.02	0.39	1.39	0.00
2	6	0.00	0.01	0.47	2.58	0.00
3	3	0.83	0.08	1.50	0.19	0.00
3	7	0.00	0.00	0.63	1.42	0.00
Core	CPU	C1%	C3%	C6%	C8%	C9%
-	-	0.00	0.30	8.67	4.09	0.19
0	0	0.00	2.28	64.89	26.37	0.00
0	4	0.00	0.12	0.80	0.89	1.55
1	1	0.00	0.00	0.28	1.09	0.00
1	5	0.00	0.00	1.15	0.90	0.00
2	2	0.00	0.00	0.25	0.99	0.00
2	6	0.00	0.00	0.33	0.90	0.00
3	3	0.00	0.00	0.79	0.83	0.00
3	7	0.00	0.00	0.88	0.79	0.00
Core	CPU	C1%	C3%	C6%	C8%	C9%
-	-	0.00	0.41	8.81	7.41	4.33
0	0	0.01	2.94	66.86	23.74	0.00
0	4	0.01	0.11	1.01	0.89	34.61
1	1	0.00	0.00	0.15	1.38	0.00
1	5	0.00	0.00	0.23	1.29	0.00
2	2	0.00	0.00	0.36	0.89	0.00
2	6	0.00	0.00	0.25	1.09	0.00
3	3	0.00	0.00	0.32	1.01	0.00
3	7	0.01	0.20	1.30	28.98	0.00
Core	CPU	C1%	C3%	C6%	C8%	C9%
-	-	0.00	0.30	8.58	3.89	0.00
0	0	0.00	2.27	65.60	25.60	0.00
0	4	0.00	0.08	1.01	0.10	0.00
1	1	0.00	0.00	0.33	0.30	0.00
1	5	0.00	0.02	0.36	0.60	0.00
2	2	0.00	0.00	0.10	0.89	0.00
2	6	0.00	0.00	0.23	1.18	0.00
3	3	0.00	0.00	0.26	2.26	0.00
3	7	0.00	0.03	0.70	0.20	0.00
Core	CPU	C1%	C3%	C6%	C8%	C9%
-	-	0.00	0.34	8.73	3.93	1.07
0	0	0.00	2.65	66.08	24.79	0.00
0	4	0.00	0.00	1.10	1.57	8.60
1	1	0.00	0.00	0.65	0.39	0.00
1	5	0.00	0.00	0.07	0.59	0.00
2	2	0.00	0.01	0.29	0.40	0.00
2	6	0.00	0.00	0.15	1.19	0.00
3	3	0.00	0.06	0.96	1.94	0.00
3	7	0.00	0.00	0.56	0.59	0.00
