Core	CPU	C1%	C3%	C6%	C8%	C9%
-	-	0.00	0.02	6.10	8.53	0.00
0	0	0.00	0.00	0.81	0.20	0.00
0	4	0.00	0.03	1.89	0.49	0.00
1	1	0.00	0.02	3.00	1.52	0.00
1	5	0.00	0.08	1.70	2.71	0.00
2	2	0.02	0.03	2.67	2.21	0.00
2	6	0.00	0.01	1.34	0.00	0.00
3	3	0.00	0.01	0.72	0.10	0.00
3	7	0.00	0.00	36.65	60.99	0.00
Core	CPU	C1%	C3%	C6%	C8%	C9%
-	-	0.00	0.01	5.22	8.54	0.00
0	0	0.00	0.00	0.65	1.00	0.00
0	4	0.00	0.03	0.82	1.70	0.00
1	1	0.00	0.00	0.87	0.48	0.00
1	5	0.00	0.02	0.99	0.89	0.00
2	2	0.00	0.00	0.28	1.59	0.00
2	6	0.00	0.01	1.26	0.57	0.00
3	3	0.00	0.00	0.92	0.61	0.00
3	7	0.00	0.03	36.01	61.51	0.00
Core	CPU	C1%	C3%	C6%	C8%	C9%
-	-	0.00	0.01	5.11	8.48	0.00
0	0	0.00	0.00	0.37	0.99	0.00
0	4	0.00	0.00	0.25	1.18	0.00
1	1	0.00	0.03	1.06	0.29	0.00
1	5	0.00	0.01	0.88	0.29	0.00
2	2	0.00	0.00	0.48	1.48	0.00
2	6	0.00	0.00	0.96	0.88	0.00
3	3	0.00	0.00	0.54	1.39	0.00
3	7	0.00	0.03	36.33	61.30	0.00
Core	CPU	C1%	C3%	C6%	C8%	C9%
-	-	0.00	0.01	5.04	8.54	0.00
0	0	0.00	0.00	0.34	1.18	0.00
0	4	0.00	0.00	0.50	1.38	0.00
1	1	0.00	0.01	1.15	0.00	0.00
1	5	0.00	0.02	0.93	0.84	0.00
2	2	0.00	0.00	0.34	1.48	0.00
2	6	0.00	0.01	0.79	0.87	0.00
3	3	0.00	0.00	0.36	0.89	0.00
3	7	0.00	0.00	35.95	61.69	0.00
Core	CPU	C1%	C3%	C6%	C8%	C9%
-	-	0.00	0.01	5.07	8.51	0.00
0	0	0.00	0.00	0.28	1.29	0.00
0	4	0.00	0.00	0.36	1.19	0.00
1	1	0.00	0.00	1.03	0.79	0.00
1	5	0.00	0.03	0.81	0.70	0.00
2	2	0.00	0.00	0.10	1.29	0.00
2	6	0.00	0.02	1.29	0.40	0.00
3	3	0.00	0.00	0.37	1.19	0.00
3	7	0.00	0.00	36.34	61.24	0.00
Core	CPU	C1%	C3%	C6%	C8%	C9%
-	-	0.05	0.58	4.53	8.55	0.05
0	0	0.00	0.00	0.10	0.96	0.00
0	4	0.00	0.00	0.27	1.93	0.00
1	1	0.00	0.00	0.44	1.75	0.00
1	5	0.00	1.93	0.10	0.00	0.00
2	2	0.03	1.66	0.00	0.00	0.38
2	6	0.00	0.02	0.59	2.12	0.00
3	3	0.00	0.00	0.66	1.64	0.00
3	7	0.34	1.07	34.09	59.98	0.00
Core	CPU	C1%	C3%	C6%	C8%	C9%
-	-	0.00	0.01	5.19	8.41	0.00
0	0	0.00	0.00	1.06	0.89	0.00
0	4	0.00	0.00	0.45	1.09	0.00
1	1	0.00	0.02	1.09	0.40	0.00
1	5	0.00	0.01	0.97	0.29	0.00
2	2	0.00	0.00	0.28	1.09	0.00
2	6	0.00	0.05	0.93	1.19	0.00
3	3	0.00	0.00	1.14	0.39	0.00
3	7	0.00	0.03	35.61	61.93	0.00
Core	CPU	C1%	C3%	C6%	C8%	C9%
-	-	0.00	0.02	5.03	9.23	0.11
0	0	0.00	0.00	0.54	1.20	0.00
0	4	0.00	0.00	0.72	2.48	0.91
1	1	0.00	0.03	1.34	0.01	0.00
1	5	0.00	0.02	1.17	1.78	0.00
2	2	0.00	0.00	0.43	1.98	0.00
2	6	0.00	0.08	1.13	2.35	0.00
3	3	0.00	0.00	0.35	0.88	0.00
3	7	0.00	0.00	34.55	63.17	0.00
Core	CPU	C1%	C3%	C6%	C8%	C9%
-	-	0.00	0.01	4.84	9.09	0.00
0	0	0.00	0.00	0.55	1.90	0.00
0	4	0.00	0.00	0.63	1.30	0.00
1	1	0.00	0.00	0.46	0.30	0.00
1	5	0.00	0.02	0.27	1.39	0.00
2	2	0.00	0.00	0.46	2.00	0.00
2	6	0.00	0.01	0.86	1.90	0.00
3	3	0.00	0.00	0.54	1.30	0.00
3	7	0.00	0.03	34.99	62.59	0.00
Core	CPU	C1%	C3%	C6%	C8%	C9%
-	-	0.00	0.01	5.13	8.42	0.00
0	0	0.00	0.00	0.27	0.99	0.00
0	4	0.00	0.00	0.36	0.79	0.00
1	1	0.00	0.00	0.72	0.69	0.00
1	5	0.00	0.02	0.10	1.03	0.00
2	2	0.00	0.00	0.28	1.69	0.00
2	6	0.00	0.02	1.17	1.37	0.00
3	3	0.00	0.00	0.45	0.90	0.00
3	7	0.00	0.01	37.72	59.91	0.00
Core	CPU	C1%	C3%	C6%	C8%	C9%
-	-	0.00	0.23	4.91	8.57	0.00
0	0	0.00	0.00	0.19	1.28	0.00
0	4	0.00	0.00	0.37	1.68	0.00
1	1	0.00	0.00	0.44	1.18	0.00
1	5	0.00	0.00	0.34	1.20	0.00
2	2	0.00	1.80	0.08	0.06	0.00
2	6	0.00	0.00	1.14	0.97	0.00
3	3	0.00	0.00	0.26	0.99	0.00
3	7	0.00	0.01	36.47	61.16	0.00
Core	CPU	C1%	C3%	C6%	C8%	C9%
-	-	0.00	0.00	5.07	8.57	0.00
0	0	0.00	0.00	0.29	1.08	0.00
0	4	0.00	0.00	0.46	1.09	0.00
1	1	0.00	0.00	0.97	1.09	0.00
1	5	0.00	0.00	0.23	1.61	0.00
2	2	0.00	0.00	0.99	0.40	0.00
2	6	0.00	0.01	0.50	1.46	0.00
3	3	0.00	0.00	0.27	0.98	0.00
3	7	0.00	0.00	36.87	60.81	0.00
Core	CPU	C1%	C3%	C6%	C8%	C9%
-	-	0.00	0.00	5.17	8.47	0.00
0	0	0.00	0.00	0.23	1.18	0.00
0	4	0.00	0.00	0.47	1.10	0.00
1	1	0.00	0.00	0.65	0.79	0.00
1	5	0.00	0.00	0.41	1.62	0.00
2	2	0.00	0.01	0.85	1.10	0.00
2	6	0.00	0.00	1.35	0.39	0.00
3	3	0.00	0.02	0.53	0.87	0.00
3	7	0.00	0.00	36.91	60.74	0.00
Core	CPU	C1%	C3%	C6%	C8%	C9%
-	-	0.00	0.00	4.97	8.51	0.00
0	0	0.00	0.00	0.10	0.50	0.00
0	4	0.00	0.00	0.78	1.09	0.00
1	1	0.00	0.00	0.36	0.99	0.00
1	5	0.00	0.00	0.25	1.10	0.00
2	2	0.00	0.00	0.32	1.09	0.00
2	6	0.00	0.02	0.70	1.17	0.00
3	3	0.00	0.00	0.98	0.79	0.00
3	7	0.00	0.00	36.27	61.34	0.00
Core	CPU	C1%	C3%	C6%	C8%	C9%
-	-	0.00	0.00	5.09	8.73	0.00
0	0	0.00	0.00	0.71	0.99	0.00
0	4	0.00	0.00	0.69	0.80	0.00
1	1	0.00	0.00	0.66	1.08	0.00
1	5	0.00	0.00	0.44	1.69	0.00
2	2	0.00	0.00	0.24	1.49	0.00
2	6	0.00	0.02	1.53	1.16	0.00
3	3	0.00	0.00	0.20	1.19	0.00
3	7	0.00	0.01	36.19	61.46	0.00
Core	CPU	C1%	C3%	C6%	C8%	C9%
-	-	0.00	0.01	5.06	8.36	0.00
0	0	0.00	0.00	0.31	1.08	0.00
0	4	0.00	0.03	0.20	1.19	0.00
1	1	0.00	0.00	1.07	0.51	0.00
1	5	0.00	0.00	0.18	0.89	0.00
2	2	0.00	0.00	0.36	0.80	0.00
2	6	0.00	0.01	1.15	1.06	0.00
3	3	0.00	0.02	0.27	0.60	0.00
3	7	0.00	0.00	36.96	60.72	0.00
Core	CPU	C1%	C3%	C6%	C8%	C9%
-	-	0.00	0.24	5.15	7.52	0.00
0	0	0.00	0.00	0.45	0.89	0.00
0	4	0.00	0.00	0.14	1.18	0.00
1	1	0.00	0.01	0.84	0.20	0.00
1	5	0.00	0.00	0.28	1.08	0.00
2	2	0.00	1.72	0.11	0.00	0.00
2	6	0.00	0.01	0.97	0.57	0.00
3	3	0.00	0.00	0.23	0.90	0.00
3	7	0.01	0.15	38.17	55.34	0.00
Core	CPU	C1%	C3%	C6%	C8%	C9%
-	-	0.00	0.04	5.32	8.05	0.00
0	0	0.00	0.00	0.36	1.08	0.00
0	4	0.00	0.00	0.68	1.80	0.00
1	1	0.00	0.29	0.91	0.88	0.00
1	5	0.00	0.00	0.80	0.39	0.00
2	2	0.00	0.00	0.19	1.18	0.00
2	6	0.00	0.01	1.08	0.57	0.00
3	3	0.00	0.00	0.36	0.79	0.00
3	7	0.00	0.03	38.16	57.69	0.00
Core	CPU	C1%	C3%	C6%	C8%	C9%
-	-	0.00	0.01	4.93	8.57	0.10
0	0	0.00	0.00	0.19	1.08	0.00
0	4	0.00	0.01	0.95	1.09	0.84
1	1	0.00	0.00	0.49	0.99	0.00
1	5	0.00	0.00	0.31	1.10	0.00
2	2	0.00	0.00	0.14	1.19	0.00
2	6	0.00	0.02	1.10	0.66	0.00
3	3	0.00	0.00	0.27	0.79	0.00
3	7	0.00	0.06	35.97	61.64	0.00
Core	CPU	C1%	C3%	C6%	C8%	C9%
-	-	0.01	0.01	5.20	8.62	0.00
0	0	0.00	0.00	0.42	1.69	0.00
0	4	0.09	0.00	0.85	1.01	0.00
1	1	0.00	0.00	0.87	0.99	0.00
1	5	0.00	0.00	0.62	1.09	0.00
2	2	0.00	0.00	0.46	1.60	0.00
2	6	0.00	0.02	1.29	0.96	0.00
3	3	0.03	0.00	0.27	0.79	0.00
3	7	0.00	0.02	36.83	60.87	0.00
Core	CPU	C1%	C3%	C6%	C8%	C9%
-	-	0.00	0.01	4.92	8.60	0.00
0	0	0.00	0.00	0.20	1.28	0.00
0	4	0.00	0.00	0.47	0.99	0.00
1	1	0.00	0.01	0.65	0.50	0.00
1	5	0.00	0.00	0.71	1.19	0.00
2	2	0.00	0.00	0.20	1.09	0.00
2	6	0.00	0.04	1.19	0.87	0.00
3	3	0.00	0.00	0.28	0.79	0.00
3	7	0.00	0.00	35.64	62.06	0.00
Core	CPU	C1%	C3%	C6%	C8%	C9%
-	-	0.00	0.01	4.96	8.37	0.00
0	0	0.00	0.00	0.49	0.60	0.00
0	4	0.00	0.00	0.18	0.99	0.00
1	1	0.00	0.00	0.89	0.50	0.00
1	5	0.00	0.00	0.43	0.90	0.00
2	2	0.00	0.02	0.20	0.99	0.00
2	6	0.00	0.05	1.28	0.39	0.00
3	3	0.00	0.00	0.19	0.89	0.00
3	7	0.00	0.00	36.03	61.68	0.00
Core	CPU	C1%	C3%	C6%	C8%	C9%
-	-	0.00	0.21	4.88	8.44	0.00
0	0	0.00	0.01	0.69	0.39	0.00
0	4	0.00	0.00	0.20	1.18	0.00
1	1	0.00	0.00	1.33	0.99	0.00
1	5	0.00	0.00	0.43	0.89	0.00
2	2	0.00	1.57	0.06	0.00	0.00
2	6	0.00	0.06	1.17	0.40	0.00
3	3	0.00	0.00	0.19	0.89	0.00
3	7	0.00	0.00	34.97	62.76	0.00
Core	CPU	C1%	C3%	C6%	C8%	C9%
-	-	0.00	0.00	4.82	8.62	0.00
0	0	0.00	0.00	0.68	0.00	0.00
0	4	0.00	0.00	0.29	0.89	0.00
1	1	0.00	0.00	0.72	0.99	0.00
1	5	0.00	0.00	0.24	1.48	0.00
2	2	0.00	0.02	0.87	0.87	0.00
2	6	0.00	0.01	0.50	1.20	0.00
3	3	0.00	0.00	0.19	0.89	0.00
3	7	0.00	0.00	35.11	62.62	0.00
Core	CPU	C1%	C3%	C6%	C8%	C9%
-	-	0.00	0.00	4.75	8.66	0.10
0	0	0.00	0.02	0.59	0.10	0.00
0	4	0.00	0.00	0.22	0.99	0.83
1	1	0.00	0.00	0.52	0.79	0.00
1	5	0.00	0.00	0.44	1.10	0.00
2	2	0.00	0.00	0.68	1.52	0.00
2	6	0.00	0.02	0.57	0.98	0.00
3	3	0.00	0.00	0.10	0.99	0.00
3	7	0.00	0.00	34.90	62.83	0.00
Core	CPU	C1%	C3%	C6%	C8%	C9%
-	-	0.00	0.01	4.85	8.41	0.00
0	0	0.00	0.03	0.48	0.00	0.00
0	4	0.00	0.00	0.41	0.19	0.00
1	1	0.00	0.00	0.27	0.99	0.00
1	5	0.00	0.00	0.16	0.99	0.00
2	2	0.00	0.00	0.93	0.79	0.00
2	6	0.00	0.02	1.20	0.99	0.00
3	3	0.00	0.00	0.48	0.49	0.00
3	7	0.00	0.03	34.89	62.84	0.00
Core	CPU	C1%	C3%	C6%	C8%	C9%
-	-	0.00	0.00	4.81	8.39	0.00
0	0	0.00	0.00	0.62	0.09	0.00
0	4	0.00	0.00	0.40	0.10	0.00
1	1	0.00	0.00	0.19	0.99	0.00
1	5	0.00	0.00	0.45	1.10	0.00
2	2	0.00	0.00	0.26	0.99	0.00
2	6	0.00	0.01	0.95	0.57	0.00
3	3	0.00	0.02	0.29	0.89	0.00
3	7	0.00	0.00	35.31	62.42	0.00
Core	CPU	C1%	C3%	C6%	C8%	C9%
-	-	0.00	0.00	4.93	8.63	0.00
0	0	0.00	0.00	0.35	0.89	0.00
0	4	0.00	0.00	0.14	1.18	0.00
1	1	0.00	0.01	1.11	0.94	0.00
1	5	0.00	0.00	0.43	0.70	0.00
2	2	0.00	0.00	0.19	1.08	0.00
2	6	0.00	0.01	1.07	0.68	0.00
3	3	0.00	0.01	0.24	1.78	0.00
3	7	0.00	0.00	35.93	61.81	0.00
Core	CPU	C1%	C3%	C6%	C8%	C9%
-	-	0.00	0.06	4.96	8.51	0.00
0	0	0.00	0.00	0.28	0.99	0.00
0	4	0.00	0.00	0.36	0.89	0.00
1	1	0.00	0.00	1.70	0.79	0.00
1	5	0.00	0.00	0.31	1.30	0.00
2	2	0.01	0.49	0.00	0.06	0.00
2	6	0.00	0.02	1.00	0.57	0.00
3	3	0.00	0.00	0.37	1.47	0.00
3	7	0.00	0.02	35.68	61.98	0.00
Core	CPU	C1%	C3%	C6%	C8%	C9%
-	-	0.00	0.01	5.01	8.59	0.00
0	0	0.00	0.00	0.19	1.48	0.00
0	4	0.00	0.00	0.27	0.99	0.00
1	1	0.00	0.02	0.25	0.99	0.00
1	5	0.00	0.00	0.23	1.68	0.00
2	2	0.00	0.01	0.60	0.99	0.00
2	6	0.00	0.02	1.10	0.87	0.00
3	3	0.00	0.00	0.36	1.29	0.00
3	7	0.00	0.01	37.09	60.46	0.00
Core	CPU	C1%	C3%	C6%	C8%	C9%
-	-	0.00	0.01	4.90	8.60	0.10
0	0	0.00	0.00	0.59	0.59	0.00
0	4	0.00	0.00	0.24	1.09	0.00
1	1	0.00	0.00	0.41	0.80	0.00
1	5	0.00	0.00	0.33	1.20	0.00
2	2	0.00	0.00	0.22	0.99	0.00
2	6	0.00	0.02	1.01	0.96	0.00
3	3	0.00	0.03	0.47	1.39	0.83
3	7	0.00	0.00	35.90	61.78	0.00
Core	CPU	C1%	C3%	C6%	C8%	C9%
-	-	0.00	0.00	4.90	8.82	0.00
0	0	0.00	0.00	0.10	0.40	0.00
0	4	0.00	0.00	0.72	1.89	0.00
1	1	0.00	0.00	1.04	1.78	0.00
1	5	0.00	0.00	0.84	0.79	0.00
2	2	0.00	0.00	0.32	0.99	0.00
2	6	0.00	0.00	1.11	0.97	0.00
3	3	0.00	0.00	0.29	0.79	0.00
3	7	0.00	0.00	34.82	62.97	0.00
Core	CPU	C1%	C3%	C6%	C8%	C9%
-	-	0.00	0.00	5.01	8.31	0.00
0	0	0.00	0.01	0.59	0.10	0.00
0	4	0.00	0.00	0.21	0.40	0.00
1	1	0.00	0.00	0.34	0.99	0.00
1	5	0.00	0.00	0.53	0.80	0.00
2	2	0.00	0.00	0.93	0.79	0.00
2	6	0.00	0.02	1.21	0.97	0.00
3	3	0.00	0.00	0.19	0.89	0.00
3	7	0.00	0.00	36.06	61.58	0.00
Core	CPU	C1%	C3%	C6%	C8%	C9%
-	-	0.00	0.00	5.11	8.40	0.00
0	0	0.00	0.01	0.50	0.00	0.00
0	4	0.00	0.00	0.20	0.98	0.00
1	1	0.00	0.00	0.46	0.99	0.00
1	5	0.00	0.00	0.16	1.19	0.00
2	2	0.00	0.00	1.12	0.69	0.00
2	6	0.00	0.02	1.11	0.97	0.00
3	3	0.00	0.00	1.05	0.99	0.00
3	7	0.00	0.00	36.28	61.40	0.00
Core	CPU	C1%	C3%	C6%	C8%	C9%
-	-	0.00	0.20	4.96	8.30	0.00
0	0	0.00	0.02	0.69	0.39	0.00
0	4	0.00	0.00	0.66	0.69	0.00
1	1	0.00	0.00	0.36	0.98	0.00
1	5	0.00	0.00	0.54	0.89	0.00
2	2	0.00	1.59	0.11	0.04	0.00
2	6	0.00	0.02	1.10	0.88	0.00
3	3	0.00	0.00	0.19	0.89	0.00
3	7	0.00	0.00	36.01	61.67	0.00
Core	CPU	C1%	C3%	C6%	C8%	C9%
-	-	0.00	0.01	5.01	8.52	0.00
0	0	0.00	0.00	0.50	0.00	0.00
0	4	0.00	0.00	0.88	0.79	0.00
1	1	0.00	0.01	0.75	2.28	0.00
1	5	0.00	0.00	0.15	1.09	0.00
2	2	0.00	0.02	0.89	0.59	0.00
2	6	0.00	0.01	1.00	0.58	0.00
3	3	0.00	0.00	0.19	0.89	0.00
3	7	0.00	0.00	35.77	61.95	0.00
Core	CPU	C1%	C3%	C6%	C8%	C9%
-	-	0.00	0.00	4.93	8.38	0.00
0	0	0.00	0.01	0.76	0.10	0.00
0	4	0.00	0.00	0.19	0.99	0.00
1	1	0.00	0.00	0.42	0.79	0.00
1	5	0.00	0.00	0.43	0.89	0.00
2	2	0.00	0.00	0.39	0.89	0.00
2	6	0.00	0.01	1.01	0.58	0.00
3	3	0.00	0.00	0.35	0.99	0.00
3	7	0.00	0.00	35.90	61.79	0.00
Core	CPU	C1%	C3%	C6%	C8%	C9%
-	-	0.00	0.01	4.99	8.35	0.00
0	0	0.00	0.04	0.84	0.30	0.00
0	4	0.00	0.00	0.19	1.09	0.00
1	1	0.00	0.00	0.56	1.09	0.00
1	5	0.00	0.00	0.16	1.09	0.00
2	2	0.00	0.00	0.82	0.69	0.00
2	6	0.00	0.02	1.07	0.18	0.00
3	3	0.00	0.03	0.49	0.46	0.00
3	7	0.00	0.00	35.81	61.86	0.00
Core	CPU	C1%	C3%	C6%	C8%	C9%
-	-	0.00	0.01	4.98	8.34	0.00
0	0	0.00	0.00	0.62	0.30	0.00
0	4	0.00	0.00	0.10	0.50	0.00
1	1	0.00	0.00	0.88	0.79	0.00
1	5	0.00	0.00	0.25	1.09	0.00
2	2	0.00	0.00	0.35	0.89	0.00
2	6	0.00	0.08	1.17	0.39	0.00
3	3	0.00	0.00	0.89	0.69	0.00
3	7	0.00	0.01	35.57	62.07	0.00
Core	CPU	C1%	C3%	C6%	C8%	C9%
-	-	0.01	0.02	5.35	7.62	0.00
0	0	0.00	0.00	0.14	0.39	0.00
0	4	0.00	0.02	0.20	1.00	0.00
1	1	0.00	0.00	1.85	1.12	0.00
1	5	0.00	0.00	0.28	0.99	0.00
2	2	0.00	0.00	0.54	1.69	0.00
2	6	0.00	0.02	0.45	1.30	0.00
3	3	0.00	0.01	0.73	1.00	0.00
3	7	0.08	0.11	38.60	53.44	0.00
Core	CPU	C1%	C3%	C6%	C8%	C9%
-	-	0.00	0.31	5.01	8.97	0.00
0	0	0.00	0.00	0.25	1.08	0.00
0	4	0.00	0.00	0.63	1.28	0.00
1	1	0.00	0.00	0.97	1.48	0.00
1	5	0.00	0.00	1.07	1.68	0.00
2	2	0.00	2.48	0.17	0.00	0.00
2	6	0.00	0.02	1.16	1.76	0.00
3	3	0.00	0.00	1.01	1.58	0.00
3	7	0.00	0.00	34.81	62.90	0.00
Core	CPU	C1%	C3%	C6%	C8%	C9%
-	-	0.00	0.01	5.14	8.68	0.00
0	0	0.00	0.00	0.54	1.67	0.00
0	4	0.00	0.00	0.43	1.39	0.00
1	1	0.00	0.02	0.58	0.30	0.00
1	5	0.00	0.00	0.48	0.90	0.00
2	2	0.00	0.00	0.46	1.88	0.00
2	6	0.00	0.02	1.36	0.86	0.00
3	3	0.00	0.00	1.31	0.70	0.00
3	7	0.00	0.02	35.94	61.76	0.00
Core	CPU	C1%	C3%	C6%	C8%	C9%
-	-	0.00	0.01	5.04	8.46	0.00
0	0	0.00	0.00	0.36	1.19	0.00
0	4	0.00	0.00	0.25	1.18	0.00
1	1	0.00	0.00	0.81	0.29	0.00
1	5	0.00	0.01	0.86	0.21	0.00
2	2	0.00	0.00	0.25	1.38	0.00
2	6	0.00	0.00	1.18	0.97	0.00
3	3	0.00	0.00	0.42	0.98	0.00
3	7	0.00	0.03	36.21	61.45	0.00
Core	CPU	C1%	C3%	C6%	C8%	C9%
-	-	0.00	0.01	5.01	8.62	0.00
0	0	0.00	0.00	0.28	1.08	0.00
0	4	0.00	0.00	0.45	1.00	0.00
1	1	0.00	0.04	1.73	0.70	0.00
1	5	0.00	0.02	0.79	0.79	0.00
2	2	0.00	0.03	0.10	1.37	0.00
2	6	0.00	0.04	0.97	0.79	0.00
3	3	0.00	0.00	0.25	1.09	0.00
3	7	0.00	0.00	35.55	62.13	0.00
Core	CPU	C1%	C3%	C6%	C8%	C9%
-	-	0.00	0.01	4.90	8.68	0.00
0	0	0.00	0.00	0.28	0.99	0.00
0	4	0.00	0.00	0.45	1.58	0.00
1	1	0.00	0.00	0.25	0.90	0.00
1	5	0.00	0.03	0.58	0.88	0.00
2	2	0.00	0.00	0.68	1.00	0.00
2	6	0.00	0.02	1.29	0.69	0.00
3	3	0.00	0.00	0.26	1.08	0.00
3	7	0.00	0.00	35.36	62.28	0.00
Core	CPU	C1%	C3%	C6%	C8%	C9%
-	-	0.00	0.00	4.75	8.66	0.00
0	0	0.00	0.00	0.18	0.79	0.00
0	4	0.00	0.00	0.45	0.69	0.00
1	1	0.00	0.00	0.83	0.72	0.00
1	5	0.00	0.00	0.13	0.99	0.00
2	2	0.00	0.00	0.20	0.90	0.00
2	6	0.00	0.00	0.68	1.70	0.00
3	3	0.00	0.00	0.36	0.98	0.00
3	7	0.00	0.02	35.16	62.48	0.00
Core	CPU	C1%	C3%	C6%	C8%	C9%
-	-	0.00	0.20	4.87	8.63	0.00
0	0	0.00	0.00	0.78	1.28	0.00
0	4	0.00	0.00	0.27	1.18	0.00
1	1	0.00	0.00	0.33	1.11	0.00
1	5	0.00	0.00	0.46	1.60	0.00
2	2	0.00	1.58	0.18	0.05	0.00
2	6	0.00	0.02	0.31	1.46	0.00
3	3	0.00	0.00	0.37	0.98	0.00
3	7	0.00	0.02	36.27	61.41	0.00
Core	CPU	C1%	C3%	C6%	C8%	C9%
-	-	0.00	0.00	5.15	8.53	0.00
0	0	0.00	0.00	0.29	1.28	0.00
0	4	0.00	0.00	0.66	1.18	0.00
1	1	0.00	0.00	0.76	1.10	0.00
1	5	0.00	0.00	0.13	1.18	0.00
2	2	0.00	0.00	0.89	0.89	0.00
2	6	0.00	0.01	1.39	0.57	0.00
3	3	0.00	0.00	0.27	1.08	0.00
3	7	0.00	0.00	36.81	60.94	0.00
Core	CPU	C1%	C3%	C6%	C8%	C9%
-	-	0.00	0.00	5.16	8.46	0.00
0	0	0.00	0.00	0.10	0.89	0.00
0	4	0.00	0.02	0.89	1.39	0.00
1	1	0.00	0.00	0.65	1.30	0.00
1	5	0.00	0.00	0.32	1.20	0.00
2	2	0.00	0.02	0.39	0.99	0.00
2	6	0.00	0.00	1.20	0.68	0.00
3	3	0.00	0.00	0.28	1.08	0.00
3	7	0.00	0.00	37.47	60.19	0.00
Core	CPU	C1%	C3%	C6%	C8%	C9%
-	-	0.00	0.01	4.95	8.67	0.00
0	0	0.00	0.00	0.19	0.89	0.00
0	4	0.00	0.00	0.76	0.70	0.00
1	1	0.00	0.00	0.44	1.30	0.00
1	5	0.00	0.02	0.42	1.20	0.00
2	2	0.00	0.02	0.47	1.60	0.00
2	6	0.00	0.01	1.12	0.91	0.00
3	3	0.00	0.00	0.37	0.99	0.00
3	7	0.00	0.00	35.87	61.76	0.00
Core	CPU	C1%	C3%	C6%	C8%	C9%
-	-	0.00	0.00	4.94	8.51	0.00
0	0	0.00	0.00	0.49	0.20	0.00
0	4	0.00	0.00	0.28	1.29	0.00
1	1	0.00	0.00	0.26	1.10	0.00
1	5	0.00	0.00	0.46	1.00	0.00
2	2	0.00	0.00	0.31	1.21	0.00
2	6	0.00	0.02	1.00	0.67	0.00
3	3	0.00	0.00	0.28	1.37	0.00
3	7	0.00	0.00	36.42	61.21	0.00
Core	CPU	C1%	C3%	C6%	C8%	C9%
-	-	0.00	0.01	4.95	8.85	0.00
0	0	0.00	0.00	0.20	0.90	0.00
0	4	0.00	0.00	0.37	1.10	0.00
1	1	0.00	0.00	1.48	1.19	0.00
1	5	0.00	0.00	0.24	1.29	0.00
2	2	0.00	0.00	0.40	1.70	0.00
2	6	0.00	0.05	1.26	1.30	0.00
3	3	0.00	0.00	0.28	1.19	0.00
3	7	0.00	0.01	35.38	62.16	0.00
Core	CPU	C1%	C3%	C6%	C8%	C9%
-	-	0.00	0.18	4.83	8.64	0.00
0	0	0.00	0.00	0.12	0.59	0.00
0	4	0.00	0.00	1.29	0.80	0.00
1	1	0.00	0.00	0.26	1.09	0.00
1	5	0.00	0.00	0.45	1.09	0.00
2	2	0.00	1.42	0.51	1.10	0.00
2	6	0.00	0.01	0.44	1.20	0.00
3	3	0.00	0.00	0.10	1.09	0.00
3	7	0.00	0.03	35.47	62.12	0.00
Core	CPU	C1%	C3%	C6%	C8%	C9%
-	-	0.00	0.00	4.72	8.46	0.00
0	0	0.00	0.00	0.32	0.20	0.00
0	4	0.00	0.00	0.28	0.40	0.00
1	1	0.00	0.00	0.28	1.05	0.00
1	5	0.00	0.00	0.17	0.99	0.00
2	2	0.00	0.00	0.23	1.10	0.00
2	6	0.00	0.03	0.41	1.28	0.00
3	3	0.00	0.00	0.10	1.09	0.00
3	7	0.00	0.01	36.01	61.61	0.00
Core	CPU	C1%	C3%	C6%	C8%	C9%
-	-	0.00	0.02	4.93	8.41	0.00
0	0	0.00	0.00	0.14	0.39	0.00
0	4	0.00	0.12	0.50	0.60	0.00
1	1	0.00	0.00	0.73	0.69	0.00
1	5	0.00	0.00	0.27	1.10	0.00
2	2	0.00	0.00	0.30	1.08	0.00
2	6	0.00	0.01	0.46	1.26	0.00
3	3	0.00	0.02	0.68	0.90	0.00
3	7	0.00	0.00	36.32	61.28	0.00
Core	CPU	C1%	C3%	C6%	C8%	C9%
-	-	0.00	0.00	5.14	8.24	0.00
0	0	0.00	0.00	0.33	1.10	0.00
0	4	0.00	0.00	0.72	0.50	0.00
1	1	0.00	0.01	1.10	0.01	0.00
1	5	0.00	0.00	0.19	0.99	0.00
2	2	0.00	0.00	0.27	0.99	0.00
2	6	0.00	0.02	1.34	0.58	0.00
3	3	0.00	0.00	0.32	0.89	0.00
3	7	0.00	0.00	36.89	60.84	0.00
Core	CPU	C1%	C3%	C6%	C8%	C9%
-	-	0.00	0.00	4.96	8.43	0.00
0	0	0.00	0.00	0.26	0.99	0.00
0	4	0.00	0.00	0.33	1.29	0.00
1	1	0.00	0.02	0.59	0.60	0.00
1	5	0.00	0.00	0.30	0.98	0.00
2	2	0.00	0.00	0.28	0.89	0.00
2	6	0.00	0.02	1.16	0.58	0.00
3	3	0.00	0.00	0.23	0.99	0.00
3	7	0.00	0.00	36.49	61.14	0.00
Core	CPU	C1%	C3%	C6%	C8%	C9%
-	-	0.00	0.00	4.95	8.24	0.00
0	0	0.00	0.00	0.36	0.99	0.00
0	4	0.00	0.00	0.45	0.79	0.00
1	1	0.00	0.00	0.51	0.01	0.00
1	5	0.00	0.00	0.49	0.21	0.00
2	2	0.00	0.00	0.29	0.89	0.00
2	6	0.00	0.01	0.98	0.77	0.00
3	3	0.00	0.00	0.25	0.99	0.00
3	7	0.00	0.00	36.31	61.30	0.00
Core	CPU	C1%	C3%	C6%	C8%	C9%
-	-	0.00	0.08	4.91	8.41	0.00
0	0	0.00	0.00	0.28	1.09	0.00
0	4	0.00	0.00	0.36	0.89	0.00
1	1	0.00	0.00	0.21	1.09	0.00
1	5	0.00	0.02	0.27	1.50	0.00
2	2	0.01	0.59	0.00	0.06	0.00
2	6	0.00	0.01	1.09	0.96	0.00
3	3	0.00	0.00	0.36	0.80	0.00
3	7	0.00	0.03	36.69	60.91	0.00
Core	CPU	C1%	C3%	C6%	C8%	C9%
-	-	0.00	0.01	5.03	8.58	0.00
0	0	0.00	0.05	0.64	1.10	0.00
0	4	0.00	0.00	0.45	1.00	0.00
1	1	0.00	0.00	1.34	0.81	0.00
1	5	0.00	0.02	0.28	1.69	0.00
2	2	0.00	0.01	0.30	0.79	0.00
2	6	0.00	0.01	0.87	0.48	0.00
3	3	0.00	0.00	0.35	1.08	0.00
3	7	0.00	0.02	35.96	61.70	0.00
Core	CPU	C1%	C3%	C6%	C8%	C9%
-	-	0.00	0.00	5.12	8.49	0.10
0	0	0.00	0.00	0.40	1.29	0.00
0	4	0.00	0.00	0.41	1.09	0.82
1	1	0.00	0.00	1.07	1.50	0.00
1	5	0.00	0.00	0.22	1.39	0.00
2	2	0.00	0.00	0.89	0.60	0.00
2	6	0.00	0.00	0.79	0.50	0.00
3	3	0.00	0.00	0.68	0.39	0.00
3	7	0.00	0.00	36.49	61.14	0.00
Core	CPU	C1%	C3%	C6%	C8%	C9%
-	-	0.01	0.02	5.12	7.80	0.00
0	0	0.00	0.01	0.40	0.98	0.00
0	4	0.00	0.00	0.46	1.11	0.00
1	1	0.00	0.00	0.57	1.10	0.00
1	5	0.00	0.00	0.32	1.21	0.00
2	2	0.00	0.02	0.48	0.84	0.00
2	6	0.00	0.00	0.19	1.00	0.00
3	3	0.00	0.00	0.37	0.70	0.00
3	7	0.08	0.14	38.13	55.45	0.00
Core	CPU	C1%	C3%	C6%	C8%	C9%
-	-	0.00	0.01	4.76	8.51	0.00
0	0	0.00	0.01	0.90	0.18	0.00
0	4	0.00	0.00	0.30	0.60	0.00
1	1	0.00	0.03	0.74	0.98	0.00
1	5	0.00	0.03	1.16	1.08	0.00
2	2	0.00	0.00	0.24	1.11	0.00
2	6	0.00	0.00	0.13	1.19	0.00
3	3	0.00	0.00	0.10	1.38	0.00
3	7	0.00	0.03	34.56	61.56	0.00
Core	CPU	C1%	C3%	C6%	C8%	C9%
-	-	0.00	0.01	5.00	9.14	0.00
0	0	0.00	0.02	0.94	0.67	0.00
0	4	0.00	0.02	0.48	0.99	0.00
1	1	0.00	0.00	1.31	1.09	0.00
1	5	0.00	0.00	1.16	1.20	0.00
2	2	0.00	0.00	0.63	2.18	0.00
2	6	0.00	0.00	0.52	1.89	0.00
3	3	0.00	0.02	0.48	1.80	0.00
3	7	0.00	0.00	34.46	63.33	0.00
Core	CPU	C1%	C3%	C6%	C8%	C9%
-	-	0.00	0.25	4.82	9.10	0.00
0	0	0.00	0.02	1.85	1.36	0.00
0	4	0.00	0.00	0.24	1.97	0.00
1	1	0.00	0.01	0.36	1.18	0.00
1	5	0.00	0.01	0.28	2.17	0.00
2	2	0.00	1.99	0.17	0.00	0.00
2	6	0.00	0.00	0.45	1.59	0.00
3	3	0.00	0.00	0.23	1.78	0.00
3	7	0.00	0.00	34.99	62.72	0.00
Core	CPU	C1%	C3%	C6%	C8%	C9%
-	-	0.00	0.01	5.22	8.59	0.00
0	0	0.00	0.00	1.02	0.79	0.00
0	4	0.00	0.00	0.33	1.19	0.00
1	1	0.00	0.04	1.77	1.00	0.00
1	5	0.00	0.00	0.97	0.79	0.00
2	2	0.00	0.00	0.27	1.26	0.00
2	6	0.00	0.00	0.55	1.09	0.00
3	3	0.00	0.00	1.02	0.69	0.00
3	7	0.00	0.01	35.83	61.86	0.00
Core	CPU	C1%	C3%	C6%	C8%	C9%
-	-	0.00	0.00	4.81	8.68	0.00
0	0	0.00	0.00	0.46	1.00	0.00
0	4	0.00	0.00	0.46	1.78	0.00
1	1	0.00	0.03	0.67	1.80	0.00
1	5	0.00	0.00	0.18	1.20	0.00
2	2	0.00	0.00	0.18	1.08	0.00
2	6	0.00	0.00	0.80	1.10	0.00
3	3	0.00	0.00	0.82	0.70	0.00
3	7	0.03	0.00	34.95	60.80	0.00
Core	CPU	C1%	C3%	C6%	C8%	C9%
-	-	0.00	0.01	5.05	8.75	0.12
0	0	0.00	0.00	0.36	1.19	0.00
0	4	0.00	0.00	0.74	0.89	0.00
1	1	0.00	0.05	2.22	0.97	0.00
1	5	0.00	0.01	0.66	0.30	1.00
2	2	0.00	0.00	0.28	2.47	0.00
2	6	0.00	0.00	0.37	1.00	0.00
3	3	0.00	0.00	0.35	0.89	0.00
3	7	0.00	0.00	35.45	62.26	0.00
Core	CPU	C1%	C3%	C6%	C8%	C9%
-	-	0.00	0.01	4.77	8.71	0.00
0	0	0.00	0.00	0.37	1.19	0.00
0	4	0.00	0.00	0.36	0.79	0.00
1	1	0.00	0.03	0.46	1.06	0.00
1	5	0.00	0.03	0.52	0.40	0.00
2	2	0.00	0.00	0.10	1.19	0.00
2	6	0.00	0.00	0.47	1.10	0.00
3	3	0.00	0.00	0.45	1.69	0.00
3	7	0.00	0.00	35.45	62.23	0.00
Core	CPU	C1%	C3%	C6%	C8%	C9%
-	-	0.00	0.01	4.90	8.70	0.00
0	0	0.00	0.00	0.28	0.89	0.00
0	4	0.00	0.00	0.45	0.39	0.00
1	1	0.00	0.04	0.43	1.12	0.00
1	5	0.00	0.02	0.79	0.79	0.00
2	2	0.00	0.00	0.19	1.09	0.00
2	6	0.00	0.00	0.98	1.08	0.00
3	3	0.00	0.00	0.73	1.86	0.00
3	7	0.00	0.01	35.34	62.36	0.00
Core	CPU	C1%	C3%	C6%	C8%	C9%
-	-	0.00	0.22	4.96	8.67	0.00
0	0	0.00	0.00	1.56	1.28	0.00
0	4	0.00	0.00	0.27	1.18	0.00
1	1	0.00	0.00	0.73	1.09	0.00
1	5	0.00	0.00	0.41	1.50	0.00
2	2	0.00	1.68	0.19	0.06	0.00
2	6	0.00	0.00	0.19	1.09	0.00
3	3	0.00	0.00	0.45	1.38	0.00
3	7	0.00	0.05	35.90	61.79	0.00
Core	CPU	C1%	C3%	C6%	C8%	C9%
-	-	0.00	0.00	5.04	9.03	0.00
0	0	0.00	0.00	0.56	2.98	0.00
0	4	0.00	0.03	0.64	1.60	0.00
1	1	0.00	0.00	1.82	1.90	0.00
1	5	0.00	0.00	0.14	1.19	0.00
2	2	0.00	0.00	0.39	0.99	0.00
2	6	0.00	0.00	0.29	1.19	0.00
3	3	0.00	0.00	0.28	0.99	0.00
3	7	0.00	0.00	36.25	61.43	0.00
Core	CPU	C1%	C3%	C6%	C8%	C9%
-	-	0.00	0.00	5.09	8.78	0.11
0	0	0.00	0.00	0.52	0.10	0.00
0	4	0.00	0.00	0.72	1.71	0.00
1	1	0.00	0.00	1.41	1.30	0.00
1	5	0.00	0.00	0.58	1.90	0.00
2	2	0.00	0.02	0.38	1.11	0.00
2	6	0.00	0.00	0.19	1.19	0.00
3	3	0.00	0.00	0.54	1.69	0.89
3	7	0.00	0.00	36.40	61.28	0.00
Core	CPU	C1%	C3%	C6%	C8%	C9%
-	-	0.00	0.01	4.98	8.76	0.00
0	0	0.00	0.00	0.10	0.99	0.00
0	4	0.00	0.00	0.37	1.59	0.00
1	1	0.00	0.05	1.13	0.59	0.00
1	5	0.00	0.00	0.32	1.21	0.00
2	2	0.00	0.00	0.40	1.70	0.00
2	6	0.00	0.00	0.37	1.81	0.00
3	3	0.00	0.00	0.65	1.02	0.00
3	7	0.00	0.00	36.54	61.14	0.00
Core	CPU	C1%	C3%	C6%	C8%	C9%
-	-	0.00	0.03	4.86	8.76	0.00
0	0	0.00	0.01	0.69	0.49	0.00
0	4	0.00	0.00	0.69	0.89	0.00
1	1	0.00	0.08	0.77	1.75	0.00
1	5	0.00	0.00	0.53	0.90	0.00
2	2	0.00	0.03	0.33	1.61	0.00
2	6	0.00	0.10	0.23	1.29	0.00
3	3	0.00	0.00	0.10	1.19	0.00
3	7	0.00	0.02	35.55	61.92	0.00
Core	CPU	C1%	C3%	C6%	C8%	C9%
-	-	0.00	0.01	5.28	8.63	0.00
0	0	0.00	0.00	1.07	0.51	0.00
0	4	0.00	0.01	0.84	1.08	0.00
1	1	0.00	0.08	1.81	0.40	0.00
1	5	0.00	0.01	1.08	1.19	0.00
2	2	0.00	0.00	0.43	1.60	0.00
2	6	0.00	0.00	0.72	1.29	0.00
3	3	0.00	0.00	0.79	0.70	0.00
3	7	0.00	0.00	35.47	62.26	0.00
Core	CPU	C1%	C3%	C6%	C8%	C9%
-	-	0.00	0.31	4.86	8.92	0.00
0	0	0.00	0.00	0.35	1.77	0.00
0	4	0.00	0.00	0.23	1.97	0.00
1	1	0.00	0.04	0.82	0.99	0.00
1	5	0.00	0.00	0.37	1.88	0.00
2	2	0.01	2.48	0.16	0.00	0.00
2	6	0.00	0.00	0.25	1.79	0.00
3	3	0.00	0.00	0.32	1.69	0.00
3	7	0.00	0.00	36.37	61.29	0.00
Core	CPU	C1%	C3%	C6%	C8%	C9%
-	-	0.00	0.00	5.17	8.35	0.00
0	0	0.00	0.00	0.44	1.09	0.00
0	4	0.00	0.00	0.42	1.59	0.00
1	1	0.00	0.00	0.80	0.49	0.00
1	5	0.00	0.00	0.84	0.81	0.00
2	2	0.00	0.00	0.36	1.00	0.00
2	6	0.00	0.00	0.54	0.80	0.00
3	3	0.00	0.00	0.82	0.50	0.00
3	7	0.00	0.00	37.14	60.50	0.00
Core	CPU	C1%	C3%	C6%	C8%	C9%
-	-	0.00	0.01	5.31	8.75	0.00
0	0	0.00	0.00	0.36	1.49	0.00
0	4	0.00	0.01	0.57	1.49	0.00
1	1	0.00	0.05	0.71	0.17	0.00
1	5	0.00	0.01	1.14	1.60	0.00
2	2	0.00	0.00	0.37	1.89	0.00
2	6	0.00	0.00	0.36	1.49	0.00
3	3	0.00	0.00	1.83	1.31	0.00
3	7	0.00	0.02	37.11	60.54	0.00
Core	CPU	C1%	C3%	C6%	C8%	C9%
-	-	0.00	0.01	5.32	8.68	0.00
0	0	0.00	0.00	0.79	1.79	0.00
0	4	0.00	0.00	1.24	0.79	0.00
1	1	0.00	0.06	0.89	0.00	0.00
1	5	0.00	0.01	1.45	1.88	0.00
2	2	0.00	0.00	0.34	1.59	0.00
2	6	0.00	0.00	0.47	1.28	0.00
3	3	0.00	0.00	0.25	1.48	0.00
3	7	0.00	0.00	37.11	60.61	0.00
Core	CPU	C1%	C3%	C6%	C8%	C9%
-	-	0.00	0.00	5.03	8.40	0.00
0	0	0.00	0.00	0.28	0.89	0.00
0	4	0.00	0.00	0.36	0.89	0.00
1	1	0.00	0.02	0.91	0.18	0.00
1	5	0.00	0.00	0.20	1.14	0.00
2	2	0.00	0.00	0.25	1.10	0.00
2	6	0.00	0.00	0.37	1.58	0.00
3	3	0.00	0.00	0.55	1.10	0.00
3	7	0.00	0.01	37.29	60.35	0.00
Core	CPU	C1%	C3%	C6%	C8%	C9%
-	-	0.00	0.00	5.01	8.70	0.00
0	0	0.00	0.00	0.38	1.19	0.00
0	4	0.00	0.00	0.55	1.50	0.00
1	1	0.00	0.02	0.55	1.19	0.00
1	5	0.00	0.00	0.36	1.33	0.00
2	2	0.00	0.00	0.28	1.79	0.00
2	6	0.00	0.00	0.20	1.18	0.00
3	3	0.00	0.00	0.36	1.19	0.00
3	7	0.00	0.00	37.41	60.22	0.00
Core	CPU	C1%	C3%	C6%	C8%	C9%
-	-	0.00	0.30	5.04	8.38	0.00
0	0	0.00	0.76	0.79	0.79	0.00
0	4	0.00	0.00	0.18	1.18	0.00
1	1	0.00	0.00	0.84	1.19	0.00
1	5	0.00	0.00	0.86	1.01	0.00
2	2	0.00	1.65	0.16	0.00	0.00
2	6	0.00	0.00	0.49	0.90	0.00
3	3	0.00	0.00	0.28	0.99	0.00
3	7	0.00	0.00	36.69	60.99	0.00
Core	CPU	C1%	C3%	C6%	C8%	C9%
-	-	0.00	0.00	5.09	8.71	0.00
0	0	0.00	0.00	0.64	1.80	0.00
0	4	0.00	0.00	0.28	1.10	0.00
1	1	0.00	0.01	0.75	1.10	0.00
1	5	0.00	0.00	0.42	1.73	0.00
2	2	0.00	0.02	0.76	0.89	0.00
2	6	0.00	0.00	0.72	1.28	0.00
3	3	0.00	0.00	0.38	0.90	0.00
3	7	0.00	0.00	36.79	60.90	0.00
Core	CPU	C1%	C3%	C6%	C8%	C9%
-	-	0.00	0.02	5.33	8.16	0.00
0	0	0.00	0.01	0.29	1.09	0.00
0	4	0.00	0.00	0.54	1.99	0.00
1	1	0.00	0.00	1.10	1.31	0.00
1	5	0.00	0.00	0.51	2.02	0.00
2	2	0.00	0.00	0.40	1.99	0.00
2	6	0.00	0.00	0.81	1.62	0.00
3	3	0.00	0.00	0.47	1.80	0.00
3	7	0.01	0.16	38.55	53.42	0.00
Core	CPU	C1%	C3%	C6%	C8%	C9%
-	-	0.00	0.01	5.01	8.58	0.00
0	0	0.00	0.00	0.68	0.99	0.00
0	4	0.00	0.00	0.29	1.38	0.00
1	1	0.00	0.08	1.01	0.89	0.00
1	5	0.00	0.00	0.15	1.20	0.00
2	2	0.00	0.00	0.72	0.79	0.00
2	6	0.00	0.00	0.60	0.69	0.00
3	3	0.00	0.00	0.28	1.29	0.00
3	7	0.00	0.00	36.33	61.37	0.00
Core	CPU	C1%	C3%	C6%	C8%	C9%
-	-	0.00	0.01	5.20	8.50	0.00
0	0	0.00	0.02	0.69	0.50	0.00
0	4	0.00	0.00	0.88	0.69	0.00
1	1	0.00	0.02	1.05	0.79	0.00
1	5	0.00	0.00	0.39	1.78	0.00
2	2	0.00	0.00	0.53	1.39	0.00
2	6	0.00	0.02	0.98	0.78	0.00
3	3	0.00	0.00	0.59	0.89	0.00
3	7	0.00	0.00	36.52	61.20	0.00
Core	CPU	C1%	C3%	C6%	C8%	C9%
-	-	0.00	0.02	4.98	8.84	0.00
0	0	0.00	0.02	1.21	1.31	0.00
0	4	0.00	0.00	0.20	0.89	0.00
1	1	0.00	0.00	0.73	1.59	0.00
1	5	0.00	0.00	0.80	1.11	0.00
2	2	0.00	0.00	0.32	1.59	0.00
2	6	0.00	0.12	0.28	1.11	0.00
3	3	0.00	0.00	0.28	1.31	0.00
3	7	0.00	0.01	35.98	61.78	0.00
Core	CPU	C1%	C3%	C6%	C8%	C9%
-	-	0.00	0.23	4.74	8.57	0.00
0	0	0.00	0.00	0.14	1.18	0.00
0	4	0.00	0.03	0.10	1.19	0.00
1	1	0.00	0.01	0.40	1.39	0.00
1	5	0.00	0.00	0.37	1.29	0.00
2	2	0.00	1.79	0.16	0.00	0.00
2	6	0.00	0.00	0.14	1.18	0.00
3	3	0.00	0.00	0.12	1.09	0.00
3	7	0.00	0.00	36.49	61.24	0.00
Core	CPU	C1%	C3%	C6%	C8%	C9%
-	-	0.00	0.00	4.87	8.73	0.00
0	0	0.00	0.00	0.44	1.19	0.00
0	4	0.00	0.00	0.43	1.20	0.00
1	1	0.00	0.00	0.70	0.67	0.00
1	5	0.00	0.00	0.29	1.38	0.00
2	2	0.00	0.00	0.45	1.28	0.00
2	6	0.00	0.00	0.38	1.50	0.00
3	3	0.00	0.00	0.32	0.89	0.00
3	7	0.00	0.00	35.98	61.73	0.00
Core	CPU	C1%	C3%	C6%	C8%	C9%
-	-	0.00	0.01	4.97	8.68	0.00
0	0	0.00	0.00	0.36	0.98	0.00
0	4	0.00	0.00	0.54	1.18	0.00
1	1	0.00	0.07	1.24	1.17	0.00
1	5	0.00	0.00	0.08	0.61	0.00
2	2	0.00	0.00	0.47	1.38	0.00
2	6	0.00	0.00	0.79	1.30	0.00
3	3	0.00	0.00	0.23	1.10	0.00
3	7	0.00	0.00	36.03	61.74	0.00
Core	CPU	C1%	C3%	C6%	C8%	C9%
-	-	0.00	0.01	5.01	8.43	0.00
0	0	0.00	0.00	0.47	1.58	0.00
0	4	0.00	0.00	0.72	0.80	0.00
1	1	0.00	0.07	0.97	0.88	0.00
1	5	0.00	0.00	0.49	0.01	0.00
2	2	0.00	0.00	0.28	0.98	0.00
2	6	0.00	0.00	0.17	1.19	0.00
3	3	0.00	0.00	0.15	1.08	0.00
3	7	0.00	0.03	36.80	60.90	0.00
Core	CPU	C1%	C3%	C6%	C8%	C9%
-	-	0.00	0.01	4.99	8.50	0.00
0	0	0.00	0.00	0.28	1.08	0.00
0	4	0.00	0.00	0.46	0.79	0.00
1	1	0.00	0.05	0.39	1.17	0.00
1	5	0.00	0.00	0.21	1.09	0.00
2	2	0.00	0.00	0.10	1.10	0.00
2	6	0.00	0.00	0.76	0.81	0.00
3	3	0.00	0.00	0.45	1.49	0.00
3	7	0.00	0.01	37.25	60.45	0.00
Core	CPU	C1%	C3%	C6%	C8%	C9%
-	-	0.00	0.00	5.04	8.54	0.12
0	0	0.00	0.00	0.29	1.28	0.00
0	4	0.00	0.00	0.37	1.28	0.00
1	1	0.00	0.02	0.55	1.18	0.00
1	5	0.00	0.00	0.18	1.19	0.99
2	2	0.00	0.01	0.89	0.99	0.00
2	6	0.00	0.00	0.29	1.18	0.00
3	3	0.00	0.00	0.28	0.99	0.00
3	7	0.00	0.00	37.49	60.25	0.00
Core	CPU	C1%	C3%	C6%	C8%	C9%
-	-	0.00	0.23	4.86	8.57	0.00
0	0	0.00	0.01	0.69	0.89	0.00
0	4	0.00	0.00	0.20	1.48	0.00
1	1	0.00	0.05	1.12	0.66	0.00
1	5	0.00	0.00	0.53	0.99	0.00
2	2	0.00	1.74	0.15	0.02	0.00
2	6	0.00	0.00	0.32	1.29	0.00
3	3	0.00	0.00	0.10	1.29	0.00
3	7	0.00	0.02	35.76	61.97	0.00
Core	CPU	C1%	C3%	C6%	C8%	C9%
-	-	0.00	0.01	5.00	8.97	0.00
0	0	0.00	0.00	0.78	2.20	0.00
0	4	0.00	0.00	0.47	1.41	0.00
1	1	0.00	0.04	0.57	1.68	0.00
1	5	0.00	0.00	0.38	1.61	0.00
2	2	0.00	0.00	0.72	1.20	0.00
2	6	0.00	0.00	0.41	0.91	0.00
3	3	0.00	0.00	0.28	1.40	0.00
3	7	0.00	0.00	36.35	61.37	0.00
Core	CPU	C1%	C3%	C6%	C8%	C9%
-	-	0.00	0.01	5.10	8.90	0.00
0	0	0.00	0.00	0.84	0.59	0.00
0	4	0.00	0.00	0.68	1.48	0.00
1	1	0.00	0.04	1.19	0.87	0.00
1	5	0.00	0.00	0.40	1.78	0.00
2	2	0.00	0.00	0.55	0.99	0.00
2	6	0.00	0.00	0.63	1.28	0.00
3	3	0.00	0.00	1.15	2.02	0.00
3	7	0.00	0.01	35.34	62.17	0.00
Core	CPU	C1%	C3%	C6%	C8%	C9%
-	-	0.17	0.19	8.09	12.71	0.00
0	0	0.00	0.37	6.60	4.15	0.00
0	4	0.00	0.02	6.15	7.38	0.00
1	1	0.54	0.10	3.52	15.33	0.00
1	5	0.00	0.04	3.26	2.41	0.00
2	2	0.00	0.04	1.97	3.70	0.00
2	6	0.51	0.00	3.59	5.23	0.00
3	3	0.01	0.89	3.84	3.16	0.00
3	7	0.27	0.03	35.74	60.35	0.00
Core	CPU	C1%	C3%	C6%	C8%	C9%
-	-	0.00	0.01	5.01	9.30	0.00
0	0	0.00	0.00	0.61	2.59	0.00
0	4	0.00	0.00	0.73	1.80	0.00
1	1	0.00	0.02	0.67	1.77	0.00
1	5	0.00	0.02	0.31	1.27	0.00
2	2	0.00	0.00	0.74	0.69	0.00
2	6	0.00	0.00	0.46	1.99	0.00
3	3	0.00	0.00	0.81	2.19	0.00
3	7	0.00	0.00	35.70	62.11	0.00
Core	CPU	C1%	C3%	C6%	C8%	C9%
-	-	0.02	0.00	4.81	8.71	0.00
0	0	0.00	0.00	0.53	1.32	0.00
0	4	0.20	0.00	0.36	0.81	0.00
1	1	0.00	0.02	0.82	1.09	0.00
1	5	0.00	0.00	0.66	0.39	0.00
2	2	0.00	0.00	0.09	1.10	0.00
2	6	0.00	0.01	0.28	1.29	0.00
3	3	0.00	0.00	0.51	1.01	0.00
3	7	0.00	0.00	35.23	62.66	0.00
Core	CPU	C1%	C3%	C6%	C8%	C9%
-	-	0.00	0.00	5.19	8.90	0.00
0	0	0.00	0.00	0.10	1.09	0.00
0	4	0.00	0.00	0.56	1.69	0.00
1	1	0.00	0.02	1.75	1.11	0.00
1	5	0.00	0.00	0.41	1.69	0.00
2	2	0.00	0.00	0.50	1.89	0.00
2	6	0.00	0.00	1.08	0.71	0.00
3	3	0.00	0.00	0.56	1.89	0.00
3	7	0.00	0.00	36.57	61.15	0.00
Core	CPU	C1%	C3%	C6%	C8%	C9%
-	-	0.00	0.01	5.13	9.21	0.00
0	0	0.00	0.00	0.95	2.51	0.00
0	4	0.00	0.00	0.56	1.61	0.00
1	1	0.00	0.02	0.93	1.81	0.00
1	5	0.00	0.00	0.52	1.41	0.00
2	2	0.00	0.00	0.41	1.30	0.00
2	6	0.00	0.02	0.55	1.32	0.00
3	3	0.00	0.00	0.68	2.52	0.00
3	7	0.00	0.02	36.48	61.23	0.00
Core	CPU	C1%	C3%	C6%	C8%	C9%
-	-	0.00	0.01	5.28	8.48	0.00
0	0	0.00	0.00	0.26	0.41	0.00
0	4	0.00	0.02	0.18	0.90	0.00
1	1	0.00	0.01	0.46	0.59	0.00
1	5	0.00	0.00	0.52	1.01	0.00
2	2	0.00	0.02	4.03	1.19	0.00
2	6	0.00	0.00	0.43	0.90	0.00
3	3	0.00	0.02	0.27	1.20	0.00
3	7	0.00	0.00	36.10	61.66	0.00
Core	CPU	C1%	C3%	C6%	C8%	C9%
-	-	0.00	0.01	4.92	8.63	0.00
0	0	0.00	0.00	0.65	1.50	0.00
0	4	0.00	0.00	0.31	1.39	0.00
1	1	0.00	0.00	0.91	0.28	0.00
1	5	0.00	0.00	0.28	1.10	0.00
2	2	0.00	0.00	0.36	1.09	0.00
2	6	0.00	0.00	0.44	0.90	0.00
3	3	0.00	0.10	0.21	1.20	0.00
3	7	0.00	0.00	36.17	61.57	0.00
Core	CPU	C1%	C3%	C6%	C8%	C9%
-	-	0.00	0.01	5.21	8.45	0.00
0	0	0.00	0.00	0.36	1.08	0.00
0	4	0.00	0.00	0.38	0.99	0.00
1	1	0.00	0.02	1.14	0.58	0.00
1	5	0.00	0.00	0.27	1.41	0.00
2	2	0.00	0.00	0.28	1.48	0.00
2	6	0.00	0.00	0.27	1.28	0.00
3	3	0.00	0.00	1.15	0.79	0.00
3	7	0.00	0.02	37.79	59.96	0.00
Core	CPU	C1%	C3%	C6%	C8%	C9%
-	-	0.00	0.01	5.15	8.29	0.00
0	0	0.00	0.00	0.49	1.30	0.00
0	4	0.00	0.00	0.74	0.40	0.00
1	1	0.00	0.01	1.11	0.00	0.00
1	5	0.00	0.04	0.49	0.60	0.00
2	2	0.00	0.00	0.23	1.58	0.00
2	6	0.00	0.00	0.76	0.81	0.00
3	3	0.00	0.00	0.55	0.80	0.00
3	7	0.00	0.02	36.88	60.81	0.00
Core	CPU	C1%	C3%	C6%	C8%	C9%
-	-	0.01	0.02	5.25	7.71	0.00
0	0	0.00	0.00	0.10	1.09	0.00
0	4	0.00	0.00	0.37	0.99	0.00
1	1	0.00	0.03	1.60	0.40	0.00
1	5	0.00	0.00	0.31	1.59	0.00
2	2	0.00	0.01	0.39	1.20	0.00
2	6	0.00	0.00	0.19	1.49	0.00
3	3	0.00	0.00	0.28	1.09	0.00
3	7	0.08	0.16	38.75	53.85	0.00
Core	CPU	C1%	C3%	C6%	C8%	C9%
-	-	0.01	0.00	4.98	8.84	0.00
0	0	0.00	0.00	0.95	2.12	0.00
0	4	0.00	0.00	0.28	1.49	0.00
1	1	0.00	0.00	0.88	1.89	0.00
1	5	0.00	0.00	0.15	1.19	0.00
2	2	0.00	0.00	1.02	0.39	0.00
2	6	0.10	0.01	0.99	0.40	0.00
3	3	0.00	0.00	0.19	1.38	0.00
3	7	0.00	0.00	35.34	61.85	0.00
Core	CPU	C1%	C3%	C6%	C8%	C9%
-	-	0.00	0.23	5.07	8.60	0.00
0	0	0.00	0.00	0.53	0.00	0.00
0	4	0.00	0.01	0.98	0.89	0.00
1	1	0.00	0.02	1.25	1.47	0.00
1	5	0.00	0.00	0.99	1.39	0.00
2	2	0.00	1.83	0.09	0.00	0.00
2	6	0.00	0.00	0.64	1.58	0.00
3	3	0.00	0.01	0.29	1.49	0.00
3	7	0.00	0.00	35.79	61.96	0.00
Core	CPU	C1%	C3%	C6%	C8%	C9%
-	-	0.00	0.00	5.02	8.65	0.00
0	0	0.00	0.00	0.53	0.90	0.00
0	4	0.00	0.00	0.32	0.79	0.00
1	1	0.00	0.00	0.70	0.90	0.00
1	5	0.00	0.00	0.49	1.40	0.00
2	2	0.00	0.00	0.41	1.29	0.00
2	6	0.00	0.00	0.82	1.30	0.00
3	3	0.00	0.02	0.48	1.41	0.00
3	7	0.00	0.00	36.43	61.26	0.00
Core	CPU	C1%	C3%	C6%	C8%	C9%
-	-	0.00	0.00	5.05	9.02	0.22
0	0	0.00	0.00	0.35	0.59	0.00
0	4	0.00	0.00	0.58	1.60	0.00
1	1	0.00	0.01	1.19	0.30	0.00
1	5	0.00	0.01	0.51	1.88	1.02
2	2	0.00	0.00	0.46	1.89	0.00
2	6	0.00	0.00	0.89	2.19	0.78
3	3	0.00	0.00	0.41	1.99	0.00
3	7	0.00	0.00	36.01	61.74	0.00
Core	CPU	C1%	C3%	C6%	C8%	C9%
-	-	0.00	0.00	5.38	8.57	0.03
0	0	0.00	0.00	0.77	1.99	0.00
0	4	0.00	0.00	0.63	0.99	0.00
1	1	0.00	0.00	1.31	0.76	0.00
1	5	0.00	0.02	1.19	0.78	0.27
2	2	0.00	0.00	0.37	1.48	0.00
2	6	0.00	0.00	0.25	1.88	0.00
3	3	0.00	0.00	1.02	0.49	0.00
3	7	0.00	0.01	37.48	60.21	0.00
Core	CPU	C1%	C3%	C6%	C8%	C9%
-	-	0.00	0.01	5.61	8.11	0.00
0	0	0.00	0.00	0.27	0.79	0.00
0	4	0.00	0.00	0.24	1.29	0.00
1	1	0.00	0.03	1.01	0.00	0.00
1	5	0.00	0.00	0.25	0.70	0.00
2	2	0.00	0.00	0.46	1.50	0.00
2	6	0.00	0.00	1.02	2.49	0.00
3	3	0.00	0.00	1.12	1.20	0.00
3	7	0.00	0.01	40.52	56.87	0.00
Core	CPU	C1%	C3%	C6%	C8%	C9%
-	-	0.01	0.01	5.18	8.21	0.00
0	0	0.00	0.00	0.37	0.70	0.00
0	4	0.00	0.00	0.54	0.59	0.00
1	1	0.00	0.03	0.99	0.39	0.00
1	5	0.08	0.01	0.74	0.59	0.00
2	2	0.00	0.00	0.29	1.18	0.00
2	6	0.00	0.00	0.37	1.38	0.00
3	3	0.00	0.00	0.44	0.90	0.00
3	7	0.00	0.03	37.67	59.97	0.00
Core	CPU	C1%	C3%	C6%	C8%	C9%
-	-	0.05	0.23	5.31	8.54	0.12
0	0	0.00	0.00	0.40	0.80	0.00
0	4	0.05	0.00	0.47	1.37	0.00
1	1	0.25	0.00	1.38	1.59	0.00
1	5	0.08	0.01	1.13	1.08	1.00
2	2	0.01	1.83	0.10	0.00	0.00
2	6	0.00	0.00	1.21	2.20	0.00
3	3	0.00	0.00	0.54	0.79	0.00
3	7	0.00	0.00	37.22	60.52	0.00
Core	CPU	C1%	C3%	C6%	C8%	C9%
-	-	0.00	0.01	5.25	8.42	0.00
0	0	0.00	0.00	1.10	1.20	0.00
0	4	0.00	0.05	1.28	0.60	0.00
1	1	0.00	0.00	0.94	0.39	0.00
1	5	0.00	0.00	0.80	0.30	0.00
2	2	0.00	0.00	0.58	1.18	0.00
2	6	0.00	0.00	0.37	1.48	0.00
3	3	0.00	0.00	0.25	1.19	0.00
3	7	0.00	0.00	36.71	61.01	0.00
Core	CPU	C1%	C3%	C6%	C8%	C9%
-	-	0.00	0.00	5.11	8.70	0.24
0	0	0.00	0.00	0.37	1.29	0.00
0	4	0.00	0.00	0.78	1.40	0.91
1	1	0.00	0.00	1.48	0.69	0.00
1	5	0.00	0.02	0.70	2.00	1.00
2	2	0.00	0.00	0.10	0.79	0.00
2	6	0.00	0.01	0.59	1.29	0.00
3	3	0.00	0.00	0.26	1.08	0.00
3	7	0.00	0.00	36.64	61.06	0.00
Core	CPU	C1%	C3%	C6%	C8%	C9%
-	-	0.00	0.00	5.02	8.54	0.00
0	0	0.00	0.00	0.28	1.68	0.00
0	4	0.00	0.00	0.46	1.19	0.00
1	1	0.00	0.03	1.24	0.78	0.00
1	5	0.00	0.00	0.13	1.28	0.00
2	2	0.00	0.00	0.10	0.94	0.00
2	6	0.00	0.00	0.79	0.50	0.00
3	3	0.00	0.00	0.37	1.10	0.00
3	7	0.00	0.00	36.82	60.86	0.00
Core	CPU	C1%	C3%	C6%	C8%	C9%
-	-	0.00	0.00	5.02	8.69	0.00
0	0	0.00	0.00	0.10	1.09	0.00
0	4	0.00	0.00	0.28	1.29	0.00
1	1	0.00	0.00	1.37	1.20	0.00
1	5	0.00	0.00	0.42	1.90	0.00
2	2	0.00	0.02	0.47	1.06	0.00
2	6	0.00	0.00	0.19	1.19	0.00
3	3	0.00	0.00	0.37	1.10	0.00
3	7	0.00	0.00	37.00	60.68	0.00
Core	CPU	C1%	C3%	C6%	C8%	C9%
-	-	0.00	0.01	5.06	8.87	0.00
0	0	0.00	0.00	0.56	1.87	0.00
0	4	0.00	0.00	0.37	1.69	0.00
1	1	0.00	0.05	0.95	0.91	0.00
1	5	0.00	0.00	0.23	1.30	0.00
2	2	0.00	0.02	0.47	1.83	0.00
2	6	0.00	0.00	0.14	1.39	0.00
3	3	0.00	0.00	0.46	1.59	0.00
3	7	0.00	0.01	37.26	60.36	0.00
Core	CPU	C1%	C3%	C6%	C8%	C9%
-	-	0.00	0.32	4.94	8.80	0.00
0	0	0.00	0.02	0.10	1.29	0.00
0	4	0.00	0.00	0.10	1.39	0.00
1	1	0.00	0.03	0.76	1.78	0.00
1	5	0.00	0.00	0.55	1.69	0.00
2	2	0.00	2.49	0.10	0.03	0.00
2	6	0.00	0.00	0.92	1.59	0.00
3	3	0.00	0.00	0.30	1.59	0.00
3	7	0.00	0.02	36.67	61.04	0.00
Core	CPU	C1%	C3%	C6%	C8%	C9%
-	-	0.01	0.00	5.08	8.50	0.00
0	0	0.00	0.00	0.73	0.59	0.00
0	4	0.10	0.01	0.70	0.79	0.00
1	1	0.00	0.00	0.70	1.29	0.00
1	5	0.00	0.00	0.18	1.29	0.00
2	2	0.00	0.00	0.55	0.79	0.00
2	6	0.00	0.00	0.93	0.89	0.00
3	3	0.00	0.02	0.58	0.89	0.00
3	7	0.00	0.00	36.28	61.46	0.00
Core	CPU	C1%	C3%	C6%	C8%	C9%
-	-	0.00	0.01	5.33	8.71	0.11
0	0	0.00	0.00	0.84	1.10	0.00
0	4	0.00	0.02	0.64	1.98	0.00
1	1	0.00	0.02	0.95	0.09	0.00
1	5	0.00	0.00	0.45	1.80	0.00
2	2	0.00	0.00	0.47	1.40	0.00
2	6	0.00	0.00	0.98	1.80	0.91
3	3	0.00	0.00	1.21	0.90	0.00
3	7	0.00	0.01	37.10	60.59	0.00
Core	CPU	C1%	C3%	C6%	C8%	C9%
-	-	0.00	0.01	5.09	8.45	0.00
0	0	0.00	0.00	0.72	1.59	0.00
0	4	0.00	0.00	0.94	0.60	0.00
1	1	0.00	0.01	0.73	0.20	0.00
1	5	0.00	0.04	1.02	0.70	0.00
2	2	0.00	0.00	0.20	1.08	0.00
2	6	0.00	0.00	0.37	1.18	0.00
3	3	0.00	0.00	0.35	0.88	0.00
3	7	0.00	0.00	36.39	61.36	0.00
Core	CPU	C1%	C3%	C6%	C8%	C9%
-	-	0.00	0.02	5.12	8.95	0.13
0	0	0.00	0.03	0.46	1.76	0.00
0	4	0.00	0.00	0.55	1.89	0.00
1	1	0.00	0.12	1.43	0.60	0.00
1	5	0.00	0.05	0.52	1.11	1.00
2	2	0.00	0.00	0.19	1.59	0.00
2	6	0.00	0.00	0.55	1.90	0.00
3	3	0.00	0.00	0.45	1.89	0.00
3	7	0.00	0.00	36.80	60.88	0.00
Core	CPU	C1%	C3%	C6%	C8%	C9%
-	-	0.01	0.00	5.03	8.37	0.25
0	0	0.00	0.00	0.18	0.99	0.00
0	4	0.00	0.00	0.46	1.00	0.00
1	1	0.04	0.01	1.12	0.28	0.00
1	5	0.00	0.00	0.13	1.02	1.99
2	2	0.00	0.00	0.10	1.29	0.00
2	6	0.00	0.00	0.28	1.30	0.00
3	3	0.00	0.00	0.36	1.09	0.00
3	7	0.00	0.00	37.63	60.01	0.00
Core	CPU	C1%	C3%	C6%	C8%	C9%
-	-	0.00	0.22	5.03	8.42	0.00
0	0	0.00	0.00	0.10	1.09	0.00
0	4	0.00	0.00	0.87	1.19	0.00
1	1	0.00	0.00	1.43	0.88	0.00
1	5	0.00	0.00	0.33	1.22	0.00
2	2	0.00	1.77	0.00	0.04	0.00
2	6	0.00	0.00	0.10	1.29	0.00
3	3	0.00	0.00	0.28	1.09	0.00
3	7	0.00	0.00	37.09	60.55	0.00
Core	CPU	C1%	C3%	C6%	C8%	C9%
-	-	0.01	0.01	4.95	8.34	0.13
0	0	0.00	0.00	0.40	0.90	0.00
0	4	0.00	0.00	0.28	1.09	0.00
1	1	0.00	0.05	1.22	0.50	0.00
1	5	0.00	0.00	0.38	1.51	1.01
2	2	0.00	0.02	0.59	0.69	0.00
2	6	0.00	0.00	0.43	1.31	0.00
3	3	0.00	0.00	0.37	0.89	0.00
3	7	0.06	0.00	35.96	59.82	0.00
Core	CPU	C1%	C3%	C6%	C8%	C9%
-	-	0.01	0.10	5.19	8.32	0.00
0	0	0.00	0.00	0.10	1.10	0.00
0	4	0.00	0.00	0.25	1.49	0.00
1	1	0.00	0.00	1.23	0.60	0.00
1	5	0.00	0.00	0.24	1.80	0.00
2	2	0.00	0.00	1.03	0.49	0.00
2	6	0.10	0.01	0.99	0.40	0.00
3	3	0.00	0.00	0.19	1.38	0.00
3	7	0.00	0.82	37.52	59.29	0.00
Core	CPU	C1%	C3%	C6%	C8%	C9%
-	-	0.00	0.02	5.13	7.80	0.00
0	0	0.00	0.02	0.69	0.89	0.00
0	4	0.00	0.00	0.88	0.69	0.00
1	1	0.00	0.01	0.69	1.77	0.00
1	5	0.00	0.00	0.26	1.28	0.00
2	2	0.00	0.00	0.14	1.19	0.00
2	6	0.00	0.03	0.19	1.19	0.00
3	3	0.00	0.00	0.19	1.29	0.00
3	7	0.01	0.12	37.99	54.09	0.00
Core	CPU	C1%	C3%	C6%	C8%	C9%
-	-	0.00	0.00	4.92	8.66	0.00
0	0	0.00	0.00	0.73	1.08	0.00
0	4	0.00	0.00	0.32	1.48	0.00
1	1	0.00	0.00	0.71	1.08	0.00
1	5	0.00	0.00	0.27	1.29	0.00
2	2	0.00	0.00	0.37	0.89	0.00
2	6	0.00	0.00	0.34	1.09	0.00
3	3	0.00	0.00	0.22	0.99	0.00
3	7	0.00	0.00	36.40	61.35	0.00
Core	CPU	C1%	C3%	C6%	C8%	C9%
-	-	0.00	0.01	4.86	8.62	0.00
0	0	0.00	0.00	0.73	1.59	0.00
0	4	0.00	0.00	0.14	1.18	0.00
1	1	0.00	0.06	1.10	0.76	0.00
1	5	0.00	0.00	0.49	0.01	0.00
2	2	0.00	0.00	0.28	1.08	0.00
2	6	0.00	0.00	0.46	0.90	0.00
3	3	0.00	0.00	0.24	1.10	0.00
3	7	0.00	0.03	35.41	62.38	0.00
Core	CPU	C1%	C3%	C6%	C8%	C9%
-	-	0.00	0.16	4.97	8.53	0.00
0	0	0.00	0.00	0.87	1.28	0.00
0	4	0.00	0.00	0.36	0.89	0.00
1	1	0.00	0.00	0.63	0.98	0.00
1	5	0.00	0.02	0.87	0.90	0.00
2	2	0.00	1.29	0.07	0.36	0.00
2	6	0.00	0.00	0.27	1.20	0.00
3	3	0.00	0.00	0.54	0.99	0.00
3	7	0.00	0.00	36.12	61.64	0.00
Core	CPU	C1%	C3%	C6%	C8%	C9%
-	-	0.00	0.00	4.81	8.60	0.00
0	0	0.00	0.00	0.27	0.80	0.00
0	4	0.00	0.00	0.36	0.80	0.00
1	1	0.00	0.02	0.52	1.02	0.00
1	5	0.00	0.00	0.12	0.61	0.00
2	2	0.00	0.00	0.38	1.10	0.00
2	6	0.00	0.00	0.37	1.70	0.00
3	3	0.00	0.00	0.55	0.91	0.00
3	7	0.00	0.00	35.92	61.83	0.00
Core	CPU	C1%	C3%	C6%	C8%	C9%
-	-	0.00	0.05	5.05	8.70	0.12
0	0	0.00	0.00	0.10	1.10	0.00
0	4	0.00	0.37	0.52	1.20	0.00
1	1	0.00	0.00	0.81	1.59	0.00
1	5	0.00	0.00	0.33	1.20	1.00
2	2	0.00	0.00	0.81	0.79	0.00
2	6	0.00	0.00	0.49	0.80	0.00
3	3	0.00	0.00	0.72	1.79	0.00
3	7	0.00	0.00	36.63	61.15	0.00
Core	CPU	C1%	C3%	C6%	C8%	C9%
-	-	0.01	0.00	5.16	8.84	0.12
0	0	0.00	0.01	1.12	2.00	0.00
0	4	0.00	0.00	0.58	0.90	0.00
1	1	0.00	0.00	1.27	0.98	0.00
1	5	0.00	0.00	0.27	1.28	1.00
2	2	0.00	0.00	1.12	0.50	0.00
2	6	0.10	0.01	0.90	0.79	0.00
3	3	0.00	0.00	0.55	1.90	0.00
3	7	0.00	0.00	35.47	62.38	0.00
Core	CPU	C1%	C3%	C6%	C8%	C9%
-	-	0.00	0.00	5.03	8.43	0.07
0	0	0.00	0.00	0.16	0.40	0.00
0	4	0.00	0.00	0.38	1.39	0.00
1	1	0.00	0.01	1.42	0.30	0.00
1	5	0.00	0.01	0.60	1.00	0.60
2	2	0.00	0.00	0.24	1.09	0.00
2	6	0.00	0.00	0.32	1.20	0.00
3	3	0.00	0.00	0.19	1.20	0.00
3	7	0.00	0.01	36.90	60.85	0.00
Core	CPU	C1%	C3%	C6%	C8%	C9%
-	-	0.00	0.00	5.00	8.43	0.07
0	0	0.00	0.00	0.14	0.78	0.00
0	4	0.00	0.00	0.13	0.98	0.00
1	1	0.00	0.00	1.20	0.48	0.00
1	5	0.00	0.00	0.43	1.49	0.52
2	2	0.00	0.00	0.46	0.59	0.00
2	6	0.00	0.00	0.25	1.19	0.00
3	3	0.00	0.00	0.31	1.20	0.00
3	7	0.00	0.00	37.04	60.75	0.00
Core	CPU	C1%	C3%	C6%	C8%	C9%
-	-	0.00	0.29	5.17	8.44	0.12
0	0	0.00	0.00	0.37	0.59	0.00
0	4	0.00	0.00	0.35	1.18	0.00
1	1	0.00	0.00	1.17	0.48	0.00
1	5	0.00	0.01	0.97	1.18	1.00
2	2	0.01	2.28	0.09	0.06	0.00
2	6	0.00	0.00	1.07	1.29	0.00
3	3	0.00	0.00	1.05	1.28	0.00
3	7	0.00	0.03	36.33	61.42	0.00
Core	CPU	C1%	C3%	C6%	C8%	C9%
-	-	0.00	0.00	5.03	8.69	0.00
0	0	0.00	0.00	0.68	1.30	0.00
0	4	0.00	0.00	0.55	1.10	0.00
1	1	0.00	0.02	1.04	0.48	0.00
1	5	0.00	0.00	0.31	1.01	0.00
2	2	0.00	0.00	0.38	1.10	0.00
2	6	0.00	0.00	0.47	1.60	0.00
3	3	0.00	0.00	0.45	1.49	0.00
3	7	0.00	0.00	36.35	61.45	0.00
Core	CPU	C1%	C3%	C6%	C8%	C9%
-	-	0.00	0.01	5.12	8.66	0.00
0	0	0.00	0.00	0.79	0.79	0.00
0	4	0.00	0.00	0.19	1.19	0.00
1	1	0.00	0.05	1.76	0.79	0.00
1	5	0.00	0.00	0.64	2.19	0.00
2	2	0.00	0.00	0.12	1.19	0.00
2	6	0.00	0.00	0.10	1.39	0.00
3	3	0.00	0.03	0.19	1.18	0.00
3	7	0.00	0.00	37.17	60.58	0.00
Core	CPU	C1%	C3%	C6%	C8%	C9%
-	-	0.00	0.01	4.79	8.73	0.00
0	0	0.00	0.01	0.39	0.41	0.00
0	4	0.00	0.00	0.28	1.10	0.00
1	1	0.00	0.02	0.80	1.00	0.00
1	5	0.00	0.00	0.53	1.39	0.00
2	2	0.00	0.00	0.33	1.00	0.00
2	6	0.00	0.00	0.31	1.10	0.00
3	3	0.00	0.00	0.27	1.61	0.00
3	7	0.00	0.04	35.41	62.21	0.00
Core	CPU	C1%	C3%	C6%	C8%	C9%
-	-	0.00	0.01	4.87	8.76	0.00
0	0	0.00	0.00	0.41	1.21	0.00
0	4	0.00	0.02	0.46	1.22	0.00
1	1	0.00	0.02	0.77	1.52	0.00
1	5	0.00	0.00	0.45	1.02	0.00
2	2	0.00	0.00	0.54	0.91	0.00
2	6	0.00	0.00	0.33	1.00	0.00
3	3	0.00	0.00	0.39	1.11	0.00
3	7	0.00	0.00	35.64	62.11	0.00
Core	CPU	C1%	C3%	C6%	C8%	C9%
-	-	0.00	0.02	4.89	9.14	0.00
0	0	0.00	0.12	1.00	3.00	0.00
0	4	0.00	0.00	0.14	1.29	0.00
1	1	0.00	0.01	0.97	1.89	0.00
1	5	0.00	0.00	0.55	0.41	0.00
2	2	0.00	0.00	0.50	2.09	0.00
2	6	0.00	0.00	0.36	0.89	0.00
3	3	0.00	0.00	0.14	1.18	0.00
3	7	0.00	0.03	35.44	62.37	0.00
Core	CPU	C1%	C3%	C6%	C8%	C9%
-	-	0.00	0.05	4.94	8.25	0.13
0	0	0.00	0.00	0.28	0.89	0.00
0	4	0.00	0.00	0.36	0.59	0.00
1	1	0.00	0.00	1.23	0.51	0.00
1	5	0.00	0.00	0.12	0.80	1.00
2	2	0.00	0.39	0.18	0.06	0.01
2	6	0.00	0.00	0.19	1.19	0.00
3	3	0.00	0.00	0.36	1.10	0.00
3	7	0.00	0.02	36.83	60.86	0.00
Core	CPU	C1%	C3%	C6%	C8%	C9%
-	-	0.00	0.00	5.04	8.54	0.13
0	0	0.00	0.00	0.28	1.29	0.00
0	4	0.00	0.00	0.75	1.10	0.00
1	1	0.00	0.00	1.25	0.50	0.00
1	5	0.00	0.00	0.20	1.18	1.00
2	2	0.00	0.00	0.39	1.29	0.00
2	6	0.00	0.00	0.19	1.19	0.00
3	3	0.00	0.00	0.27	0.98	0.00
3	7	0.00	0.00	36.97	60.75	0.00
Core	CPU	C1%	C3%	C6%	C8%	C9%
-	-	0.00	0.11	5.02	8.66	0.00
0	0	0.00	0.00	0.10	1.09	0.00
0	4	0.00	0.00	0.42	1.21	0.00
1	1	0.00	0.03	1.09	1.59	0.00
1	5	0.00	0.00	0.50	1.41	0.00
2	2	0.00	0.00	0.31	1.34	0.00
2	6	0.00	0.00	0.37	1.37	0.00
3	3	0.00	0.00	0.36	1.49	0.00
3	7	0.00	0.82	37.05	59.78	0.00
Core	CPU	C1%	C3%	C6%	C8%	C9%
-	-	0.00	0.01	4.94	8.73	0.13
0	0	0.00	0.01	0.74	1.89	0.00
0	4	0.00	0.00	0.69	0.40	0.00
1	1	0.00	0.05	1.16	0.57	0.00
1	5	0.00	0.00	0.30	1.18	1.00
2	2	0.00	0.00	0.33	1.49	0.00
2	6	0.00	0.00	0.22	1.19	0.00
3	3	0.00	0.00	0.29	1.19	0.00
3	7	0.00	0.00	35.83	61.95	0.00
Core	CPU	C1%	C3%	C6%	C8%	C9%
-	-	0.00	0.00	5.06	8.82	0.00
0	0	0.00	0.00	1.03	1.88	0.00
0	4	0.00	0.00	0.41	1.59	0.00
1	1	0.00	0.02	1.20	0.40	0.00
1	5	0.00	0.00	0.36	1.30	0.00
2	2	0.00	0.00	0.26	1.29	0.00
2	6	0.00	0.00	0.34	1.00	0.00
3	3	0.00	0.00	0.40	1.80	0.00
3	7	0.00	0.00	36.46	61.29	0.00
Core	CPU	C1%	C3%	C6%	C8%	C9%
-	-	0.00	0.01	5.06	8.59	0.00
0	0	0.00	0.00	0.43	1.50	0.00
0	4	0.00	0.00	0.61	1.50	0.00
1	1	0.00	0.04	0.57	0.32	0.00
1	5	0.00	0.00	0.51	0.72	0.00
2	2	0.00	0.00	0.37	1.40	0.00
2	6	0.00	0.00	0.44	1.41	0.00
3	3	0.00	0.00	0.43	1.30	0.00
3	7	0.00	0.00	37.12	60.60	0.00
Core	CPU	C1%	C3%	C6%	C8%	C9%
-	-	0.00	0.08	4.82	8.48	0.00
0	0	0.00	0.00	0.19	0.89	0.00
0	4	0.00	0.00	0.37	0.79	0.00
1	1	0.00	0.00	0.58	1.27	0.00
1	5	0.00	0.00	0.29	1.22	0.00
2	2	0.00	0.67	0.00	0.05	0.00
2	6	0.00	0.00	0.19	1.28	0.00
3	3	0.00	0.00	0.46	1.10	0.00
3	7	0.00	0.00	36.48	61.26	0.00
Core	CPU	C1%	C3%	C6%	C8%	C9%
-	-	0.00	0.02	5.52	8.34	0.00
0	0	0.00	0.00	1.27	2.88	0.00
0	4	0.00	0.00	0.37	1.89	0.00
1	1	0.00	0.00	1.21	1.09	0.00
1	5	0.00	0.00	0.91	1.42	0.00
2	2	0.00	0.02	1.27	1.10	0.00
2	6	0.00	0.00	0.28	2.09	0.00
3	3	0.00	0.00	0.37	1.99	0.00
3	7	0.01	0.14	38.49	54.26	0.00
Core	CPU	C1%	C3%	C6%	C8%	C9%
-	-	0.00	0.02	4.69	9.04	0.12
0	0	0.00	0.02	0.10	1.10	0.00
0	4	0.00	0.00	0.74	1.00	0.00
1	1	0.00	0.04	1.19	0.58	0.00
1	5	0.00	0.05	0.72	2.26	0.99
2	2	0.00	0.00	0.33	1.39	0.00
2	6	0.00	0.00	0.23	1.39	0.00
3	3	0.00	0.01	0.29	1.19	0.00
3	7	0.00	0.01	33.88	63.39	0.00
Core	CPU	C1%	C3%	C6%	C8%	C9%
-	-	0.00	0.01	4.97	8.58	0.00
0	0	0.00	0.00	0.34	0.99	0.00
0	4	0.00	0.00	0.63	0.69	0.00
1	1	0.00	0.05	0.91	0.46	0.00
1	5	0.00	0.00	0.65	1.19	0.00
2	2	0.00	0.00	0.55	1.39	0.00
2	6	0.00	0.00	0.44	0.99	0.00
3	3	0.00	0.00	0.32	1.00	0.00
3	7	0.00	0.00	35.88	61.91	0.00
Core	CPU	C1%	C3%	C6%	C8%	C9%
-	-	0.00	0.01	4.92	8.44	0.12
0	0	0.00	0.00	0.37	0.99	0.00
0	4	0.00	0.00	0.34	1.19	0.00
1	1	0.00	0.02	1.04	0.38	0.00
1	5	0.00	0.01	0.82	0.00	1.00
2	2	0.00	0.00	0.20	1.08	0.00
2	6	0.00	0.00	0.28	1.07	0.00
3	3	0.00	0.00	0.45	0.90	0.00
3	7	0.00	0.03	35.89	61.88	0.00
Core	CPU	C1%	C3%	C6%	C8%	C9%
-	-	0.00	0.00	5.03	8.61	0.12
0	0	0.00	0.00	0.63	1.70	0.00
0	4	0.00	0.00	0.36	0.89	0.00
1	1	0.00	0.01	1.14	0.88	0.00
1	5	0.00	0.02	0.55	0.89	0.99
2	2	0.00	0.00	0.38	0.99	0.00
2	6	0.00	0.00	0.28	1.19	0.00
3	3	0.00	0.00	0.46	0.90	0.00
3	7	0.00	0.00	36.39	61.43	0.00
Core	CPU	C1%	C3%	C6%	C8%	C9%
-	-	0.00	0.22	4.91	8.61	0.25
0	0	0.00	0.00	0.10	0.99	0.00
0	4	0.00	0.00	0.68	1.29	0.00
1	1	0.00	0.02	1.42	0.87	0.00
1	5	0.00	0.00	1.17	0.90	1.98
2	2	0.00	1.72	0.06	0.04	0.00
2	6	0.00	0.00	0.10	1.29	0.00
3	3	0.00	0.00	0.19	1.19	0.00
3	7	0.00	0.00	35.56	62.29	0.00
Core	CPU	C1%	C3%	C6%	C8%	C9%
-	-	0.00	0.01	4.91	8.74	0.00
0	0	0.00	0.01	0.67	0.89	0.00
0	4	0.00	0.00	0.20	1.18	0.00
1	1	0.00	0.04	1.44	0.79	0.00
1	5	0.00	0.00	0.16	1.18	0.00
2	2	0.00	0.00	0.83	0.69	0.00
2	6	0.00	0.03	0.58	1.19	0.00
3	3	0.00	0.00	0.19	1.40	0.00
3	7	0.00	0.02	35.23	62.57	0.00
Core	CPU	C1%	C3%	C6%	C8%	C9%
-	-	0.00	0.01	4.94	8.98	0.11
0	0	0.00	0.00	0.50	1.41	0.00
0	4	0.00	0.00	0.40	1.41	0.00
1	1	0.00	0.07	0.58	1.57	0.00
1	5	0.00	0.01	0.68	1.72	0.91
2	2	0.00	0.00	0.62	0.93	0.00
2	6	0.00	0.00	0.79	1.03	0.00
3	3	0.00	0.00	0.49	1.42	0.00
3	7	0.00	0.00	35.44	62.36	0.00
Core	CPU	C1%	C3%	C6%	C8%	C9%
-	-	0.00	0.01	4.99	8.58	0.00
0	0	0.00	0.00	0.58	1.48	0.00
0	4	0.00	0.00	0.25	1.08	0.00
1	1	0.00	0.07	1.18	0.67	0.00
1	5	0.00	0.00	0.39	0.70	0.00
2	2	0.00	0.00	0.29	1.09	0.00
2	6	0.00	0.00	0.95	0.79	0.00
3	3	0.00	0.00	0.25	0.98	0.00
3	7	0.00	0.00	36.02	61.81	0.00
Core	CPU	C1%	C3%	C6%	C8%	C9%
-	-	0.00	0.01	4.99	8.97	0.00
0	0	0.00	0.00	0.32	1.59	0.00
0	4	0.00	0.00	0.36	0.90	0.00
1	1	0.00	0.03	1.25	1.18	0.00
1	5	0.00	0.00	0.44	1.11	0.00
2	2	0.00	0.00	0.69	0.70	0.00
2	6	0.00	0.00	0.59	2.49	0.00
3	3	0.00	0.00	0.45	1.89	0.00
3	7	0.00	0.02	35.85	61.94	0.00
Core	CPU	C1%	C3%	C6%	C8%	C9%
-	-	0.00	0.01	4.79	8.70	0.23
0	0	0.00	0.00	0.10	0.89	0.00
0	4	0.00	0.00	0.28	1.09	0.00
1	1	0.00	0.01	0.43	1.06	0.00
1	5	0.00	0.02	0.24	1.38	1.82
2	2	0.00	0.02	0.35	1.09	0.00
2	6	0.00	0.00	0.10	1.39	0.00
3	3	0.00	0.00	0.97	0.79	0.00
3	7	0.00	0.00	35.87	61.93	0.00
Core	CPU	C1%	C3%	C6%	C8%	C9%
-	-	0.00	0.24	4.82	8.80	0.13
0	0	0.00	0.02	0.20	0.89	0.00
0	4	0.00	0.00	0.19	1.68	0.00
1	1	0.00	0.05	1.41	0.39	0.00
1	5	0.00	0.00	0.85	1.81	1.00
2	2	0.00	1.80	0.10	0.01	0.00
2	6	0.00	0.00	0.66	1.51	0.00
3	3	0.00	0.00	0.10	1.29	0.00
3	7	0.00	0.02	35.06	62.78	0.00
Core	CPU	C1%	C3%	C6%	C8%	C9%
-	-	0.00	0.00	5.11	8.70	0.00
0	0	0.00	0.00	1.02	0.39	0.00
0	4	0.00	0.02	0.99	0.89	0.00
1	1	0.00	0.00	1.11	1.09	0.00
1	5	0.00	0.00	0.46	1.40	0.00
2	2	0.00	0.00	0.72	1.18	0.00
2	6	0.00	0.00	0.23	1.49	0.00
3	3	0.00	0.02	0.39	1.29	0.00
3	7	0.00	0.00	35.96	61.83	0.00
Core	CPU	C1%	C3%	C6%	C8%	C9%
-	-	0.00	0.01	5.11	8.63	0.00
0	0	0.00	0.00	0.45	0.99	0.00
0	4	0.00	0.00	0.68	1.19	0.00
1	1	0.00	0.08	0.70	1.67	0.00
1	5	0.00	0.00	0.49	1.48	0.00
2	2	0.00	0.00	0.28	1.09	0.00
2	6	0.00	0.00	0.52	1.20	0.00
3	3	0.00	0.00	1.07	0.49	0.00
3	7	0.00	0.03	36.66	60.95	0.00
Core	CPU	C1%	C3%	C6%	C8%	C9%
-	-	0.00	0.01	5.07	8.54	0.25
0	0	0.00	0.00	0.46	1.39	0.00
0	4	0.00	0.00	0.74	0.59	0.00
1	1	0.00	0.05	0.90	0.57	0.00
1	5	0.00	0.03	0.86	0.81	2.00
2	2	0.00	0.00	0.68	0.69	0.00
2	6	0.00	0.00	0.37	1.00	0.00
3	3	0.00	0.00	0.35	1.69	0.00
3	7	0.00	0.00	36.19	61.55	0.00
Core	CPU	C1%	C3%	C6%	C8%	C9%
-	-	0.00	0.00	4.98	8.61	0.25
0	0	0.00	0.00	0.30	0.79	0.00
0	4	0.00	0.00	0.29	1.09	0.00
1	1	0.00	0.00	1.37	0.88	0.00
1	5	0.00	0.00	0.40	1.39	2.01
2	2	0.00	0.00	0.32	1.09	0.00
2	6	0.00	0.00	0.10	1.19	0.00
3	3	0.00	0.00	0.78	0.99	0.00
3	7	0.00	0.00	36.31	61.44	0.00
Core	CPU	C1%	C3%	C6%	C8%	C9%
-	-	0.00	0.00	5.00	8.74	0.00
0	0	0.00	0.01	0.64	1.19	0.00
0	4	0.00	0.00	0.19	1.38	0.00
1	1	0.00	0.00	1.45	1.18	0.00
1	5	0.00	0.00	0.15	1.19	0.00
2	2	0.00	0.00	0.32	1.19	0.00
2	6	0.00	0.00	0.29	1.19	0.00
3	3	0.00	0.00	0.58	1.18	0.00
3	7	0.00	0.00	36.38	61.40	0.00
Core	CPU	C1%	C3%	C6%	C8%	C9%
-	-	0.00	0.22	4.93	8.54	0.13
0	0	0.00	0.02	0.50	0.98	0.00
0	4	0.00	0.00	0.59	0.98	0.00
1	1	0.00	0.04	1.34	0.95	0.00
1	5	0.00	0.00	0.52	1.09	1.01
2	2	0.00	1.74	0.08	0.03	0.00
2	6	0.00	0.00	0.13	1.29	0.00
3	3	0.00	0.00	0.10	1.39	0.00
3	7	0.00	0.00	36.15	61.61	0.00
Core	CPU	C1%	C3%	C6%	C8%	C9%
-	-	0.00	0.00	5.06	8.48	0.00
0	0	0.00	0.00	0.72	0.50	0.00
0	4	0.00	0.00	0.60	0.60	0.00
1	1	0.00	0.02	1.20	0.69	0.00
1	5	0.00	0.00	0.37	1.19	0.00
2	2	0.00	0.00	0.55	0.80	0.00
2	6	0.00	0.00	0.73	1.09	0.00
3	3	0.00	0.02	0.48	1.10	0.00
3	7	0.00	0.00	35.84	61.89	0.00
Core	CPU	C1%	C3%	C6%	C8%	C9%
-	-	0.00	0.05	5.01	8.79	0.00
0	0	0.00	0.00	0.53	1.00	0.00
0	4	0.00	0.37	0.38	1.40	0.00
1	1	0.00	0.03	1.18	0.90	0.00
1	5	0.00	0.00	0.46	1.51	0.00
2	2	0.00	0.00	0.60	1.68	0.00
2	6	0.00	0.00	0.54	0.80	0.00
3	3	0.00	0.00	0.31	1.41	0.00
3	7	0.00	0.00	36.12	61.64	0.00
Core	CPU	C1%	C3%	C6%	C8%	C9%
-	-	0.00	0.01	5.01	8.78	0.00
0	0	0.00	0.00	0.84	2.20	0.00
0	4	0.00	0.00	0.60	1.52	0.00
1	1	0.00	0.03	0.69	0.31	0.00
1	5	0.00	0.00	0.27	1.31	0.00
2	2	0.00	0.00	0.55	0.92	0.00
2	6	0.00	0.00	0.54	1.51	0.00
3	3	0.00	0.00	0.33	1.00	0.00
3	7	0.00	0.03	36.27	61.46	0.00
Core	CPU	C1%	C3%	C6%	C8%	C9%
-	-	0.00	0.00	4.90	8.64	0.00
0	0	0.00	0.00	0.27	1.00	0.00
0	4	0.00	0.00	0.35	0.90	0.00
1	1	0.00	0.01	0.53	0.60	0.00
1	5	0.00	0.00	0.29	1.44	0.00
2	2	0.00	0.00	0.38	1.10	0.00
2	6	0.00	0.00	0.47	1.89	0.00
3	3	0.00	0.00	0.45	0.90	0.00
3	7	0.00	0.02	36.44	61.29	0.00
Core	CPU	C1%	C3%	C6%	C8%	C9%
-	-	0.00	0.00	5.02	8.72	0.00
0	0	0.00	0.00	0.20	1.38	0.00
0	4	0.00	0.00	0.37	1.39	0.00
1	1	0.00	0.02	0.74	1.55	0.00
1	5	0.00	0.00	0.25	1.08	0.00
2	2	0.00	0.01	0.92	1.31	0.00
2	6	0.00	0.00	0.19	1.49	0.00
3	3	0.00	0.00	0.28	0.99	0.00
3	7	0.00	0.00	37.19	60.54	0.00
Core	CPU	C1%	C3%	C6%	C8%	C9%
-	-	0.00	0.18	5.12	7.46	0.00
0	0	0.00	0.04	0.96	0.10	0.00
0	4	0.00	0.00	0.39	0.80	0.00
1	1	0.00	0.04	1.17	0.76	0.00
1	5	0.00	0.00	0.54	1.00	0.00
2	2	0.00	1.23	0.08	0.01	0.00
2	6	0.00	0.00	0.13	1.29	0.00
3	3	0.00	0.00	0.10	1.29	0.00
3	7	0.01	0.14	37.62	54.44	0.00
Core	CPU	C1%	C3%	C6%	C8%	C9%
-	-	0.00	0.00	4.98	8.85	0.00
0	0	0.00	0.00	0.60	2.00	0.00
0	4	0.00	0.00	0.20	1.00	0.00
1	1	0.00	0.01	0.99	0.77	0.00
1	5	0.00	0.00	0.45	1.60	0.00
2	2	0.00	0.00	0.68	1.48	0.00
2	6	0.00	0.00	0.33	1.29	0.00
3	3	0.00	0.01	0.49	1.00	0.00
3	7	0.00	0.00	36.10	61.67	0.00
Core	CPU	C1%	C3%	C6%	C8%	C9%
-	-	0.00	0.05	5.03	8.72	0.00
0	0	0.00	0.00	0.53	1.21	0.00
0	4	0.00	0.37	0.29	1.09	0.00
1	1	0.00	0.02	1.11	0.96	0.00
1	5	0.00	0.00	0.18	1.29	0.00
2	2	0.00	0.00	0.83	1.21	0.00
2	6	0.00	0.00	0.55	1.60	0.00
3	3	0.00	0.00	0.23	1.20	0.00
3	7	0.00	0.00	36.52	61.21	0.00
Core	CPU	C1%	C3%	C6%	C8%	C9%
-	-	0.00	0.01	4.99	8.32	0.00
0	0	0.00	0.00	0.41	0.81	0.00
0	4	0.00	0.00	0.65	0.59	0.00
1	1	0.00	0.05	1.09	0.97	0.00
1	5	0.00	0.02	0.00	0.74	0.00
2	2	0.00	0.00	0.19	0.59	0.00
2	6	0.00	0.00	0.28	1.19	0.00
3	3	0.00	0.00	0.45	0.90	0.00
3	7	0.00	0.02	36.88	60.80	0.00
Core	CPU	C1%	C3%	C6%	C8%	C9%
-	-	0.09	0.00	4.99	8.81	0.00
0	0	0.00	0.01	0.33	1.87	0.00
0	4	0.00	0.00	0.37	1.19	0.00
1	1	0.00	0.02	1.02	0.78	0.00
1	5	0.00	0.00	0.41	1.13	0.00
2	2	0.00	0.00	0.28	1.79	0.00
2	6	0.74	0.00	0.28	1.78	0.00
3	3	0.00	0.00	0.46	1.01	0.00
3	7	0.00	0.00	36.78	60.96	0.00
Core	CPU	C1%	C3%	C6%	C8%	C9%
-	-	0.00	0.00	5.42	8.99	0.00
0	0	0.00	0.00	0.66	1.81	0.00
0	4	0.00	0.00	0.46	1.89	0.00
1	1	0.00	0.00	1.23	1.20	0.00
1	5	0.00	0.00	0.52	2.29	0.00
2	2	0.00	0.00	0.90	1.40	0.00
2	6	0.00	0.00	1.22	1.50	0.00
3	3	0.00	0.00	0.49	1.98	0.00
3	7	0.00	0.02	37.85	59.81	0.00
Core	CPU	C1%	C3%	C6%	C8%	C9%
-	-	0.00	0.22	4.79	8.39	0.00
0	0	0.00	0.00	0.94	0.10	0.00
0	4	0.00	0.02	0.60	0.00	0.00
1	1	0.00	0.00	0.23	1.18	0.00
1	5	0.00	0.00	0.36	1.39	0.00
2	2	0.00	1.78	0.05	0.00	0.00
2	6	0.00	0.00	0.14	1.29	0.00
3	3	0.00	0.00	0.12	1.29	0.00
3	7	0.00	0.00	35.84	61.89	0.00
Core	CPU	C1%	C3%	C6%	C8%	C9%
-	-	0.00	0.00	5.12	8.88	0.00
0	0	0.00	0.00	0.86	1.80	0.00
0	4	0.00	0.00	0.91	1.61	0.00
1	1	0.00	0.02	0.20	0.49	0.00
1	5	0.00	0.00	0.19	1.25	0.00
2	2	0.00	0.00	1.05	1.41	0.00
2	6	0.00	0.00	0.55	1.79	0.00
3	3	0.00	0.00	0.63	1.60	0.00
3	7	0.00	0.00	36.60	61.10	0.00
Core	CPU	C1%	C3%	C6%	C8%	C9%
-	-	0.00	0.00	4.87	8.99	0.00
0	0	0.00	0.00	0.62	1.19	0.00
0	4	0.00	0.00	0.90	1.39	0.00
1	1	0.00	0.00	0.25	1.18	0.00
1	5	0.00	0.00	0.38	1.61	0.00
2	2	0.00	0.00	0.10	1.29	0.00
2	6	0.00	0.00	0.29	1.39	0.00
3	3	0.00	0.00	0.71	1.86	0.00
3	7	0.00	0.00	35.71	62.04	0.00
Core	CPU	C1%	C3%	C6%	C8%	C9%
-	-	0.00	0.01	4.96	8.71	0.00
0	0	0.00	0.02	0.48	1.51	0.00
0	4	0.00	0.00	0.98	0.80	0.00
1	1	0.00	0.00	0.37	1.00	0.00
1	5	0.00	0.00	0.34	1.49	0.00
2	2	0.00	0.00	0.33	1.58	0.00
2	6	0.00	0.02	0.10	1.29	0.00
3	3	0.00	0.00	0.19	1.30	0.00
3	7	0.00	0.01	36.94	60.71	0.00
Core	CPU	C1%	C3%	C6%	C8%	C9%
-	-	0.00	0.01	5.01	8.42	0.00
0	0	0.00	0.00	0.28	0.98	0.00
0	4	0.00	0.03	0.10	0.59	0.00
1	1	0.00	0.00	0.16	1.09	0.00
1	5	0.00	0.00	0.37	1.39	0.00
2	2	0.00	0.00	0.51	0.99	0.00
2	6	0.00	0.00	0.24	1.29	0.00
3	3	0.00	0.00	0.81	0.99	0.00
3	7	0.00	0.05	37.65	60.00	0.00
Core	CPU	C1%	C3%	C6%	C8%	C9%
-	-	0.00	0.01	5.08	8.33	0.00
0	0	0.00	0.00	0.35	0.79	0.00
0	4	0.00	0.00	0.83	0.79	0.00
1	1	0.00	0.02	0.59	0.30	0.00
1	5	0.00	0.00	0.10	0.99	0.00
2	2	0.00	0.00	0.53	1.09	0.00
2	6	0.00	0.00	0.36	1.09	0.00
3	3	0.00	0.02	0.36	1.47	0.00
3	7	0.00	0.04	37.50	60.17	0.00
Core	CPU	C1%	C3%	C6%	C8%	C9%
-	-	0.00	0.07	5.26	7.94	0.00
0	0	0.00	0.00	0.54	0.59	0.00
0	4	0.00	0.00	0.36	0.69	0.00
1	1	0.00	0.00	0.90	0.59	0.00
1	5	0.00	0.00	0.89	0.85	0.00
2	2	0.00	0.50	0.10	0.06	0.00
2	6	0.00	0.00	0.29	1.09	0.00
3	3	0.00	0.00	0.45	0.80	0.00
3	7	0.00	0.08	38.58	58.86	0.00
Core	CPU	C1%	C3%	C6%	C8%	C9%
-	-	0.00	0.01	5.31	8.53	0.00
0	0	0.00	0.00	0.78	1.19	0.00
0	4	0.00	0.00	0.28	1.09	0.00
1	1	0.00	0.00	0.26	1.38	0.00
1	5	0.00	0.00	0.86	1.81	0.00
2	2	0.00	0.02	0.69	0.99	0.00
2	6	0.00	0.00	0.24	2.18	0.00
3	3	0.00	0.00	0.28	1.09	0.00
3	7	0.00	0.04	39.14	58.48	0.00
Core	CPU	C1%	C3%	C6%	C8%	C9%
-	-	0.03	0.04	5.16	8.70	0.00
0	0	0.00	0.02	0.44	1.19	0.00
0	4	0.19	0.00	0.33	1.50	0.00
1	1	0.00	0.00	0.54	1.51	0.00
1	5	0.00	0.00	0.85	1.62	0.00
2	2	0.00	0.00	0.82	2.21	0.00
2	6	0.00	0.22	0.49	1.81	0.00
3	3	0.00	0.00	0.39	1.52	0.00
3	7	0.02	0.05	37.40	58.26	0.00
Core	CPU	C1%	C3%	C6%	C8%	C9%
-	-	0.00	0.00	5.30	8.81	0.00
0	0	0.00	0.00	1.10	0.39	0.00
0	4	0.00	0.02	0.90	0.79	0.00
1	1	0.00	0.00	0.38	1.99	0.00
1	5	0.00	0.00	0.55	1.80	0.00
2	2	0.00	0.00	0.73	1.80	0.00
2	6	0.00	0.00	0.42	1.99	0.00
3	3	0.00	0.00	0.40	2.00	0.00
3	7	0.00	0.00	37.90	59.68	0.00
Core	CPU	C1%	C3%	C6%	C8%	C9%
-	-	0.00	0.00	5.09	8.28	0.00
0	0	0.00	0.00	0.43	0.99	0.00
0	4	0.00	0.00	0.34	1.10	0.00
1	1	0.00	0.00	0.69	0.69	0.00
1	5	0.00	0.00	0.68	0.50	0.00
2	2	0.00	0.00	0.20	1.08	0.00
2	6	0.00	0.00	0.28	0.98	0.00
3	3	0.00	0.00	0.45	0.99	0.00
3	7	0.00	0.00	37.64	59.94	0.00
Core	CPU	C1%	C3%	C6%	C8%	C9%
-	-	0.00	0.01	5.23	8.54	0.00
0	0	0.00	0.00	0.79	1.50	0.00
0	4	0.00	0.00	0.37	0.80	0.00
1	1	0.00	0.00	0.54	0.59	0.00
1	5	0.00	0.00	0.41	1.63	0.00
2	2	0.00	0.00	0.69	0.70	0.00
2	6	0.00	0.00	0.57	1.80	0.00
3	3	0.00	0.00	0.76	1.39	0.00
3	7	0.00	0.07	37.71	59.92	0.00
Core	CPU	C1%	C3%	C6%	C8%	C9%
-	-	0.00	0.20	5.44	8.51	0.00
0	0	0.00	0.00	0.85	0.79	0.00
0	4	0.00	0.00	0.38	1.68	0.00
1	1	0.00	0.00	1.88	1.28	0.00
1	5	0.00	0.00	0.33	1.70	0.00
2	2	0.00	1.59	0.44	0.00	0.00
2	6	0.00	0.00	0.99	1.39	0.00
3	3	0.00	0.00	0.99	1.28	0.00
3	7	0.00	0.01	37.64	59.99	0.00
Core	CPU	C1%	C3%	C6%	C8%	C9%
-	-	0.00	0.01	5.14	8.41	0.00
0	0	0.00	0.02	0.48	0.80	0.00
0	4	0.00	0.00	0.19	1.00	0.00
1	1	0.00	0.00	0.37	1.19	0.00
1	5	0.00	0.00	0.54	1.01	0.00
2	2	0.00	0.00	0.82	1.29	0.00
2	6	0.00	0.00	0.51	1.01	0.00
3	3	0.00	0.00	0.39	1.19	0.00
3	7	0.00	0.07	37.84	59.76	0.00
Core	CPU	C1%	C3%	C6%	C8%	C9%
-	-	0.00	0.00	5.18	8.51	0.11
0	0	0.00	0.00	0.30	1.38	0.00
0	4	0.00	0.00	1.17	1.09	0.90
1	1	0.00	0.01	0.89	0.59	0.00
1	5	0.00	0.00	0.74	1.00	0.00
2	2	0.00	0.00	0.37	1.29	0.00
2	6	0.00	0.00	0.45	1.19	0.00
3	3	0.00	0.00	0.24	1.20	0.00
3	7	0.00	0.01	37.26	60.38	0.00
Core	CPU	C1%	C3%	C6%	C8%	C9%
-	-	0.01	0.01	5.40	8.30	0.00
0	0	0.00	0.00	0.63	1.20	0.00
0	4	0.00	0.00	0.64	0.79	0.00
1	1	0.00	0.00	0.90	0.60	0.00
1	5	0.00	0.00	0.48	0.90	0.00
2	2	0.00	0.00	0.28	1.09	0.00
2	6	0.00	0.00	0.46	1.49	0.00
3	3	0.10	0.02	0.85	1.58	0.00
3	7	0.00	0.04	38.98	58.79	0.00
Core	CPU	C1%	C3%	C6%	C8%	C9%
-	-	0.01	0.02	5.48	7.16	0.00
0	0	0.00	0.00	0.38	0.79	0.00
0	4	0.00	0.00	0.36	0.69	0.00
1	1	0.00	0.00	0.28	0.79	0.00
1	5	0.00	0.00	0.31	0.64	0.00
2	2	0.00	0.00	0.79	0.80	0.00
2	6	0.00	0.00	0.68	1.28	0.00
3	3	0.10	0.01	0.86	0.58	0.00
3	7	0.01	0.18	40.17	51.71	0.00
Core	CPU	C1%	C3%	C6%	C8%	C9%
-	-	0.01	0.00	4.90	8.72	0.00
0	0	0.00	0.00	0.41	1.39	0.00
0	4	0.00	0.00	0.36	1.39	0.00
1	1	0.00	0.00	0.15	1.19	0.00
1	5	0.00	0.00	0.24	1.10	0.00
2	2	0.00	0.02	0.39	1.00	0.00
2	6	0.10	0.00	0.28	1.41	0.00
3	3	0.00	0.00	1.00	0.89	0.00
3	7	0.00	0.01	36.33	61.43	0.00
Core	CPU	C1%	C3%	C6%	C8%	C9%
-	-	0.00	0.23	4.68	8.63	0.00
0	0	0.00	0.02	0.23	0.99	0.00
0	4	0.00	0.00	0.68	0.70	0.00
1	1	0.00	0.00	0.32	1.08	0.00
1	5	0.00	0.00	0.25	1.58	0.00
2	2	0.00	1.79	0.05	0.00	0.00
2	6	0.00	0.00	0.14	1.29	0.00
3	3	0.00	0.01	0.30	1.19	0.00
3	7	0.00	0.00	35.48	62.21	0.00
Core	CPU	C1%	C3%	C6%	C8%	C9%
-	-	0.00	0.00	5.07	8.62	0.00
0	0	0.00	0.00	1.03	2.10	0.00
0	4	0.00	0.00	0.13	0.58	0.00
1	1	0.00	0.00	0.65	0.79	0.00
1	5	0.00	0.00	0.38	1.99	0.00
2	2	0.00	0.00	0.27	1.09	0.00
2	6	0.00	0.00	0.45	1.10	0.00
3	3	0.00	0.00	0.33	1.09	0.00
3	7	0.00	0.00	37.36	60.26	0.00
Core	CPU	C1%	C3%	C6%	C8%	C9%
-	-	0.00	0.05	5.14	8.85	0.00
0	0	0.00	0.00	0.59	1.39	0.00
0	4	0.00	0.37	0.88	1.41	0.00
1	1	0.00	0.00	0.73	0.68	0.00
1	5	0.00	0.02	1.06	1.00	0.00
2	2	0.00	0.00	0.28	1.60	0.00
2	6	0.00	0.00	0.56	1.40	0.00
3	3	0.00	0.00	1.06	1.51	0.00
3	7	0.00	0.01	35.97	61.79	0.00
Core	CPU	C1%	C3%	C6%	C8%	C9%
-	-	0.00	0.00	4.64	8.60	0.00
0	0	0.00	0.00	0.32	0.89	0.00
0	4	0.00	0.00	0.20	0.99	0.00
1	1	0.00	0.00	0.35	0.38	0.00
1	5	0.00	0.00	0.23	0.91	0.00
2	2	0.00	0.01	0.48	0.90	0.00
2	6	0.00	0.00	0.10	1.00	0.00
3	3	0.00	0.00	0.27	1.09	0.00
3	7	0.00	0.00	35.17	62.62	0.00
Core	CPU	C1%	C3%	C6%	C8%	C9%
-	-	0.00	0.00	4.97	9.01	0.00
0	0	0.00	0.02	0.28	1.30	0.00
0	4	0.00	0.00	0.18	1.40	0.00
1	1	0.00	0.00	1.39	1.51	0.00
1	5	0.00	0.00	0.61	1.13	0.00
2	2	0.00	0.00	0.60	1.62	0.00
2	6	0.00	0.00	0.50	1.61	0.00
3	3	0.00	0.01	0.56	1.42	0.00
3	7	0.00	0.00	35.64	62.04	0.00
Core	CPU	C1%	C3%	C6%	C8%	C9%
-	-	0.00	0.01	5.27	8.75	0.00
0	0	0.00	0.00	0.73	2.10	0.00
0	4	0.00	0.00	0.31	0.99	0.00
1	1	0.00	0.00	0.57	1.20	0.00
1	5	0.00	0.00	0.46	1.90	0.00
2	2	0.00	0.00	0.55	1.31	0.00
2	6	0.00	0.00	0.62	1.31	0.00
3	3	0.00	0.00	0.60	1.91	0.00
3	7	0.00	0.05	38.31	59.30	0.00
Core	CPU	C1%	C3%	C6%	C8%	C9%
-	-	0.00	0.08	5.11	8.15	0.00
0	0	0.00	0.00	0.52	1.08	0.00
0	4	0.00	0.00	0.36	0.79	0.00
1	1	0.00	0.00	0.72	0.69	0.00
1	5	0.00	0.02	0.00	1.14	0.00
2	2	0.00	0.60	0.08	0.06	0.00
2	6	0.00	0.00	0.27	1.10	0.00
3	3	0.00	0.00	0.46	1.09	0.00
3	7	0.00	0.05	38.43	59.26	0.00
Core	CPU	C1%	C3%	C6%	C8%	C9%
-	-	0.00	0.01	5.11	8.44	0.00
0	0	0.00	0.01	0.37	1.50	0.00
0	4	0.00	0.00	0.37	1.18	0.00
1	1	0.00	0.00	0.25	1.09	0.00
1	5	0.00	0.00	0.24	1.10	0.00
2	2	0.00	0.01	0.39	1.00	0.00
2	6	0.00	0.00	0.19	1.49	0.00
3	3	0.00	0.01	0.49	0.98	0.00
3	7	0.00	0.02	38.58	59.16	0.00
Core	CPU	C1%	C3%	C6%	C8%	C9%
-	-	0.01	0.02	5.00	8.70	0.09
0	0	0.00	0.02	0.38	0.90	0.00
0	4	0.10	0.17	0.52	0.83	0.73
1	1	0.00	0.00	0.54	0.91	0.00
1	5	0.00	0.00	0.62	1.62	0.00
2	2	0.00	0.00	0.33	1.10	0.00
2	6	0.00	0.00	0.40	1.12	0.00
3	3	0.00	0.01	1.01	1.61	0.00
3	7	0.00	0.00	36.22	61.55	0.00
Core	CPU	C1%	C3%	C6%	C8%	C9%
-	-	0.00	0.00	4.98	8.65	0.00
0	0	0.00	0.01	0.67	1.51	0.00
0	4	0.00	0.00	0.22	0.70	0.00
1	1	0.00	0.00	0.18	1.00	0.00
1	5	0.00	0.00	0.32	1.30	0.00
2	2	0.00	0.00	0.45	1.20	0.00
2	6	0.00	0.00	0.49	1.30	0.00
3	3	0.00	0.00	0.60	1.51	0.00
3	7	0.00	0.03	36.92	60.69	0.00
Core	CPU	C1%	C3%	C6%	C8%	C9%
-	-	0.00	0.00	5.04	8.49	0.00
0	0	0.00	0.00	0.51	0.79	0.00
0	4	0.00	0.00	0.56	0.69	0.00
1	1	0.00	0.00	0.89	0.79	0.00
1	5	0.00	0.00	0.90	0.73	0.00
2	2	0.00	0.00	0.10	1.09	0.00
2	6	0.00	0.00	0.20	1.28	0.00
3	3	0.00	0.00	0.77	1.28	0.00
3	7	0.00	0.00	36.40	61.29	0.00
Core	CPU	C1%	C3%	C6%	C8%	C9%
-	-	0.01	0.00	4.96	8.73	0.00
0	0	0.00	0.00	0.33	0.99	0.00
0	4	0.00	0.00	0.46	1.30	0.00
1	1	0.00	0.00	0.52	0.91	0.00
1	5	0.00	0.00	0.32	1.02	0.00
2	2	0.00	0.02	0.42	1.42	0.00
2	6	0.00	0.00	0.28	1.80	0.00
3	3	0.00	0.00	0.49	1.80	0.00
3	7	0.06	0.02	36.88	60.61	0.00
Core	CPU	C1%	C3%	C6%	C8%	C9%
-	-	0.00	0.24	4.79	8.44	0.00
0	0	0.00	0.02	0.37	0.79	0.00
0	4	0.00	0.00	0.10	1.09	0.00
1	1	0.00	0.00	0.18	1.19	0.00
1	5	0.00	0.00	0.35	1.39	0.00
2	2	0.00	1.92	0.09	0.00	0.00
2	6	0.00	0.00	0.22	1.10	0.00
3	3	0.00	0.00	0.10	1.19	0.00
3	7	0.00	0.00	36.89	60.74	0.00
Core	CPU	C1%	C3%	C6%	C8%	C9%
-	-	0.00	0.01	5.19	8.40	0.00
0	0	0.00	0.00	1.55	0.61	0.00
0	4	0.00	0.02	0.60	0.00	0.00
1	1	0.00	0.00	0.29	1.10	0.00
1	5	0.00	0.00	0.46	1.90	0.00
2	2	0.00	0.00	0.54	0.80	0.00
2	6	0.00	0.00	0.23	1.19	0.00
3	3	0.00	0.02	0.93	0.85	0.00
3	7	0.00	0.03	36.95	60.75	0.00
Core	CPU	C1%	C3%	C6%	C8%	C9%
-	-	0.00	0.02	5.19	8.34	0.00
0	0	0.00	0.00	0.48	1.49	0.00
0	4	0.00	0.08	0.96	0.31	0.00
1	1	0.00	0.01	0.75	0.21	0.00
1	5	0.00	0.00	0.19	1.10	0.00
2	2	0.00	0.00	0.28	1.08	0.00
2	6	0.00	0.00	0.45	1.00	0.00
3	3	0.00	0.01	0.63	1.68	0.00
3	7	0.00	0.02	37.76	59.87	0.00
Core	CPU	C1%	C3%	C6%	C8%	C9%
-	-	0.00	0.01	5.12	8.43	0.00
0	0	0.00	0.00	0.49	0.79	0.00
0	4	0.00	0.00	0.93	0.70	0.00
1	1	0.00	0.02	0.88	0.60	0.00
1	5	0.00	0.00	0.78	0.60	0.00
2	2	0.00	0.00	0.28	1.67	0.00
2	6	0.00	0.00	0.46	1.10	0.00
3	3	0.00	0.00	0.74	0.69	0.00
3	7	0.00	0.03	36.37	61.30	0.00
Core	CPU	C1%	C3%	C6%	C8%	C9%
-	-	0.00	0.02	4.99	8.35	0.00
0	0	0.00	0.00	0.51	0.79	0.00
0	4	0.00	0.00	0.26	0.90	0.00
1	1	0.00	0.04	0.14	0.99	0.00
1	5	0.00	0.13	0.21	1.11	0.00
2	2	0.00	0.00	0.10	1.10	0.00
2	6	0.00	0.00	0.37	1.20	0.00
3	3	0.00	0.00	0.56	0.90	0.00
3	7	0.00	0.03	37.75	59.83	0.00
Core	CPU	C1%	C3%	C6%	C8%	C9%
-	-	0.00	0.00	5.15	8.73	0.00
0	0	0.00	0.00	0.81	2.29	0.00
0	4	0.00	0.00	0.46	1.19	0.00
1	1	0.00	0.00	0.34	1.19	0.00
1	5	0.00	0.00	0.32	1.53	0.00
2	2	0.00	0.00	0.10	1.29	0.00
2	6	0.00	0.00	0.28	1.19	0.00
3	3	0.00	0.02	0.64	1.69	0.00
3	7	0.00	0.00	38.22	59.45	0.00
Core	CPU	C1%	C3%	C6%	C8%	C9%
-	-	0.00	0.24	5.01	8.30	0.00
0	0	0.00	0.00	0.17	1.09	0.00
0	4	0.00	0.00	0.86	1.18	0.00
1	1	0.00	0.00	0.16	1.18	0.00
1	5	0.00	0.00	0.33	1.22	0.00
2	2	0.01	1.89	0.00	0.05	0.00
2	6	0.00	0.00	0.10	1.19	0.00
3	3	0.00	0.00	0.97	0.39	0.00
3	7	0.00	0.00	37.50	60.10	0.00
Core	CPU	C1%	C3%	C6%	C8%	C9%
-	-	0.00	0.00	5.05	8.65	0.00
0	0	0.00	0.00	0.26	1.39	0.00
0	4	0.00	0.00	0.37	1.39	0.00
1	1	0.00	0.00	0.35	1.40	0.00
1	5	0.00	0.00	0.41	1.13	0.00
2	2	0.00	0.02	0.87	1.11	0.00
2	6	0.00	0.00	0.28	1.01	0.00
3	3	0.00	0.00	0.48	1.49	0.00
3	7	0.00	0.00	37.37	60.26	0.00
Core	CPU	C1%	C3%	C6%	C8%	C9%
-	-	0.00	0.01	5.25	8.68	0.10
0	0	0.00	0.02	0.52	1.30	0.00
0	4	0.00	0.00	0.71	1.13	0.78
1	1	0.00	0.00	1.41	1.30	0.00
1	5	0.00	0.00	0.49	1.52	0.00
2	2	0.00	0.05	0.37	1.01	0.00
2	6	0.00	0.00	0.49	1.52	0.00
3	3	0.00	0.00	0.46	1.61	0.00
3	7	0.00	0.02	37.53	60.02	0.00
Core	CPU	C1%	C3%	C6%	C8%	C9%
-	-	0.01	0.03	5.29	7.54	0.00
0	0	0.00	0.02	0.54	1.60	0.00
0	4	0.00	0.03	0.65	0.59	0.00
1	1	0.00	0.00	0.27	0.99	0.00
1	5	0.00	0.00	0.53	1.19	0.00
2	2	0.00	0.00	0.36	0.99	0.00
2	6	0.00	0.01	0.30	1.19	0.00
3	3	0.00	0.00	0.12	1.39	0.00
3	7	0.08	0.16	39.55	52.40	0.00
Core	CPU	C1%	C3%	C6%	C8%	C9%
-	-	0.00	0.00	5.13	8.92	0.00
0	0	0.00	0.00	0.63	1.69	0.00
0	4	0.00	0.00	0.64	0.29	0.00
1	1	0.00	0.00	0.56	0.21	0.00
1	5	0.00	0.00	0.85	1.39	0.00
2	2	0.00	0.00	0.46	1.99	0.00
2	6	0.00	0.00	1.44	1.42	0.00
3	3	0.00	0.00	0.56	2.50	0.00
3	7	0.00	0.03	35.86	61.87	0.00
Core	CPU	C1%	C3%	C6%	C8%	C9%
-	-	0.00	0.00	4.97	8.37	0.00
0	0	0.00	0.00	0.42	0.99	0.00
0	4	0.00	0.00	0.36	0.79	0.00
1	1	0.00	0.00	0.24	1.19	0.00
1	5	0.00	0.00	0.53	0.20	0.00
2	2	0.00	0.00	0.10	1.10	0.00
2	6	0.00	0.00	0.29	1.10	0.00
3	3	0.00	0.00	0.56	1.20	0.00
3	7	0.00	0.00	37.29	60.39	0.00
Core	CPU	C1%	C3%	C6%	C8%	C9%
-	-	0.00	0.17	4.88	8.34	0.14
0	0	0.00	0.00	0.24	0.89	0.00
0	4	0.00	0.00	0.19	1.19	0.00
1	1	0.00	0.00	0.36	1.09	0.00
1	5	0.00	0.00	0.33	1.19	0.00
2	2	0.00	1.35	0.06	0.00	1.10
2	6	0.00	0.00	0.50	0.69	0.00
3	3	0.00	0.00	0.30	1.08	0.00
3	7	0.00	0.00	37.09	60.62	0.00
Core	CPU	C1%	C3%	C6%	C8%	C9%
-	-	0.00	0.01	5.01	8.35	0.00
0	0	0.00	0.04	1.12	1.00	0.00
0	4	0.00	0.00	0.10	0.60	0.00
1	1	0.00	0.00	0.18	1.09	0.00
1	5	0.00	0.00	0.37	0.99	0.00
2	2	0.00	0.00	0.74	0.59	0.00
2	6	0.00	0.00	0.23	0.99	0.00
3	3	0.00	0.00	0.10	1.09	0.00
3	7	0.00	0.00	37.20	60.43	0.00
Core	CPU	C1%	C3%	C6%	C8%	C9%
-	-	0.00	0.01	4.88	8.45	0.11
0	0	0.00	0.02	0.20	0.98	0.00
0	4	0.00	0.00	0.35	0.81	0.91
1	1	0.00	0.01	0.76	0.41	0.00
1	5	0.00	0.02	0.10	1.00	0.00
2	2	0.00	0.00	0.28	1.08	0.00
2	6	0.00	0.00	0.45	1.00	0.00
3	3	0.00	0.00	0.43	1.19	0.00
3	7	0.00	0.00	36.49	61.16	0.00
Core	CPU	C1%	C3%	C6%	C8%	C9%
-	-	0.00	0.00	5.05	8.59	0.00
0	0	0.00	0.00	1.00	0.30	0.00
0	4	0.00	0.00	0.64	0.20	0.00
1	1	0.00	0.00	0.92	1.57	0.00
1	5	0.00	0.01	0.79	0.79	0.00
2	2	0.00	0.00	0.29	1.29	0.00
2	6	0.00	0.00	0.37	1.19	0.00
3	3	0.00	0.00	0.44	1.58	0.00
3	7	0.00	0.00	35.91	61.79	0.00
Core	CPU	C1%	C3%	C6%	C8%	C9%
-	-	0.00	0.00	4.89	8.41	0.00
0	0	0.00	0.00	0.42	0.89	0.00
0	4	0.00	0.00	0.27	0.79	0.00
1	1	0.00	0.00	0.29	0.99	0.00
1	5	0.00	0.00	1.01	0.79	0.00
2	2	0.00	0.01	0.20	0.53	0.00
2	6	0.00	0.00	0.10	0.89	0.00
3	3	0.00	0.00	0.47	0.99	0.00
3	7	0.00	0.00	36.32	61.43	0.00
Core	CPU	C1%	C3%	C6%	C8%	C9%
-	-	0.01	0.44	5.12	8.87	0.00
0	0	0.00	0.04	0.54	1.70	0.00
0	4	0.01	0.00	0.37	2.09	0.00
1	1	0.00	0.00	0.36	2.09	0.00
1	5	0.00	0.00	0.38	2.19	0.00
2	2	0.00	0.00	1.62	1.91	0.00
2	6	0.10	0.02	1.13	0.90	0.00
3	3	0.00	0.00	0.38	2.08	0.00
3	7	0.00	3.47	36.20	58.03	0.00
Core	CPU	C1%	C3%	C6%	C8%	C9%
-	-	0.00	0.01	4.98	8.51	0.00
0	0	0.00	0.05	0.96	0.79	0.00
0	4	0.00	0.01	0.89	0.98	0.03
1	1	0.00	0.00	0.29	1.08	0.00
1	5	0.00	0.00	0.54	1.31	0.00
2	2	0.00	0.00	0.35	0.79	0.00
2	6	0.00	0.00	0.14	1.09	0.00
3	3	0.00	0.01	0.20	0.90	0.00
3	7	0.00	0.02	36.48	61.16	0.00
Core	CPU	C1%	C3%	C6%	C8%	C9%
-	-	0.00	0.00	4.75	8.49	0.00
0	0	0.00	0.00	0.41	0.99	0.00
0	4	0.00	0.00	0.13	1.19	0.00
1	1	0.00	0.00	0.09	0.60	0.00
1	5	0.00	0.00	0.20	0.98	0.00
2	2	0.00	0.00	0.42	0.99	0.00
2	6	0.00	0.00	0.35	0.79	0.00
3	3	0.00	0.00	0.23	0.89	0.00
3	7	0.00	0.00	36.19	61.52	0.00
Core	CPU	C1%	C3%	C6%	C8%	C9%
-	-	0.00	0.11	5.08	8.45	0.00
0	0	0.00	0.00	0.64	1.68	0.00
0	4	0.00	0.00	0.58	0.70	0.00
1	1	0.00	0.02	0.27	0.89	0.00
1	5	0.00	0.00	0.68	0.79	0.00
2	2	0.00	0.00	0.28	0.99	0.00
2	6	0.00	0.00	0.40	1.39	0.00
3	3	0.00	0.00	0.97	1.09	0.00
3	7	0.00	0.84	36.83	60.02	0.00
Core	CPU	C1%	C3%	C6%	C8%	C9%
-	-	0.00	0.01	5.52	8.23	0.00
0	0	0.00	0.02	2.30	2.29	0.00
0	4	0.00	0.00	0.36	0.89	0.00
1	1	0.00	0.00	0.16	1.19	0.00
1	5	0.00	0.01	0.63	1.19	0.00
2	2	0.00	0.00	0.00	0.50	0.00
2	6	0.00	0.00	0.85	1.09	0.00
3	3	0.00	0.00	0.37	0.79	0.00
3	7	0.00	0.02	39.49	57.94	0.00
Core	CPU	C1%	C3%	C6%	C8%	C9%
-	-	0.00	0.00	5.39	8.12	0.00
0	0	0.00	0.00	0.56	0.49	0.00
0	4	0.00	0.00	0.19	1.09	0.00
1	1	0.00	0.00	0.58	1.49	0.00
1	5	0.00	0.00	0.62	1.10	0.00
2	2	0.00	0.00	1.02	0.79	0.00
2	6	0.00	0.02	1.24	0.00	0.00
3	3	0.00	0.00	0.21	1.19	0.00
3	7	0.00	0.01	38.69	58.80	0.00
Core	CPU	C1%	C3%	C6%	C8%	C9%
-	-	0.00	0.00	4.86	8.65	0.00
0	0	0.00	0.02	0.36	1.09	0.00
0	4	0.00	0.00	0.19	0.50	0.00
1	1	0.00	0.00	0.27	1.20	0.00
1	5	0.00	0.00	0.55	1.30	0.00
2	2	0.00	0.00	0.48	1.49	0.00
2	6	0.00	0.00	0.51	1.31	0.00
3	3	0.00	0.00	0.28	0.91	0.00
3	7	0.00	0.01	36.22	61.41	0.00
Core	CPU	C1%	C3%	C6%	C8%	C9%
-	-	0.01	0.00	5.74	8.17	0.00
0	0	0.00	0.00	1.13	1.79	0.00
0	4	0.07	0.00	0.11	0.67	0.00
1	1	0.00	0.00	0.53	0.40	0.00
1	5	0.00	0.00	0.29	1.18	0.00
2	2	0.00	0.00	0.68	1.70	0.00
2	6	0.00	0.00	1.30	2.42	0.00
3	3	0.00	0.01	0.33	1.20	0.00
3	7	0.00	0.01	41.53	55.99	0.00
Core	CPU	C1%	C3%	C6%	C8%	C9%
-	-	0.00	0.01	5.58	8.10	0.00
0	0	0.00	0.00	0.66	1.29	0.00
0	4	0.00	0.00	1.32	1.12	0.00
1	1	0.00	0.02	0.37	0.51	0.00
1	5	0.00	0.00	0.79	0.80	0.00
2	2	0.00	0.00	0.19	1.09	0.00
2	6	0.00	0.00	0.74	1.76	0.00
3	3	0.00	0.00	0.25	1.09	0.00
3	7	0.00	0.05	40.32	57.16	0.00
Core	CPU	C1%	C3%	C6%	C8%	C9%
-	-	0.00	0.02	4.96	8.88	0.00
0	0	0.00	0.00	0.54	1.70	0.00
0	4	0.00	0.00	0.54	1.31	0.00
1	1	0.00	0.00	0.51	1.21	0.00
1	5	0.00	0.00	0.49	1.31	0.00
2	2	0.00	0.01	0.53	0.70	0.00
2	6	0.00	0.18	0.86	0.99	0.00
3	3	0.00	0.00	0.83	1.52	0.00
3	7	0.00	0.00	35.42	62.33	0.00
Core	CPU	C1%	C3%	C6%	C8%	C9%
-	-	0.03	0.00	5.12	8.51	0.00
0	0	0.00	0.02	0.85	0.91	0.00
0	4	0.12	0.00	0.25	1.38	0.00
1	1	0.10	0.00	0.36	0.79	0.00
1	5	0.00	0.00	0.25	0.99	0.00
2	2	0.00	0.00	1.08	1.59	0.00
2	6	0.00	0.01	1.01	0.67	0.00
3	3	0.00	0.00	0.20	0.88	0.00
3	7	0.00	0.00	36.93	60.87	0.00
Core	CPU	C1%	C3%	C6%	C8%	C9%
-	-	0.00	0.01	5.10	8.30	0.00
0	0	0.00	0.03	0.84	0.21	0.00
0	4	0.00	0.00	0.00	0.60	0.00
1	1	0.00	0.00	0.24	1.08	0.00
1	5	0.00	0.00	0.45	1.10	0.00
2	2	0.00	0.00	0.35	1.10	0.00
2	6	0.00	0.01	1.22	0.77	0.00
3	3	0.00	0.02	0.58	1.00	0.00
3	7	0.00	0.00	37.13	60.58	0.00
Core	CPU	C1%	C3%	C6%	C8%	C9%
-	-	0.00	0.00	5.19	8.28	0.00
0	0	0.00	0.00	0.37	0.71	0.00
0	4	0.00	0.00	0.14	0.40	0.00
1	1	0.00	0.02	0.35	0.90	0.00
1	5	0.00	0.00	0.05	0.60	0.00
2	2	0.00	0.00	0.53	0.98	0.00
2	6	0.00	0.00	2.09	1.55	0.00
3	3	0.00	0.00	0.34	1.19	0.00
3	7	0.00	0.00	37.61	59.93	0.00
Core	CPU	C1%	C3%	C6%	C8%	C9%
-	-	0.00	0.24	5.06	8.62	0.00
0	0	0.00	0.00	0.97	1.29	0.00
0	4	0.00	1.89	0.07	0.05	0.00
1	1	0.00	0.00	0.64	1.58	0.00
1	5	0.00	0.02	0.28	1.29	0.00
2	2	0.00	0.00	0.10	1.09	0.00
2	6	0.00	0.01	0.68	1.46	0.00
3	3	0.00	0.00	0.86	1.28	0.00
3	7	0.00	0.01	36.87	60.91	0.00
Core	CPU	C1%	C3%	C6%	C8%	C9%
-	-	0.04	0.03	5.32	7.60	0.00
0	0	0.00	0.00	0.51	1.30	0.00
0	4	0.08	0.01	0.51	1.08	0.00
1	1	0.00	0.00	0.31	0.89	0.00
1	5	0.00	0.00	0.14	1.09	0.00
2	2	0.00	0.04	0.97	0.90	0.00
2	6	0.00	0.03	1.68	0.86	0.00
3	3	0.00	0.00	0.28	0.79	0.00
3	7	0.24	0.14	38.16	53.92	0.00
Core	CPU	C1%	C3%	C6%	C8%	C9%
-	-	0.01	0.07	5.23	8.58	0.00
0	0	0.00	0.02	0.67	0.59	0.00
0	4	0.10	0.00	0.40	0.21	0.00
1	1	0.00	0.51	1.64	1.19	0.00
1	5	0.00	0.00	0.53	1.49	0.00
2	2	0.00	0.00	0.40	1.09	0.00
2	6	0.00	0.04	1.39	0.87	0.00
3	3	0.00	0.00	0.81	1.49	0.00
3	7	0.00	0.01	36.02	61.74	0.00
Core	CPU	C1%	C3%	C6%	C8%	C9%
-	-	0.00	0.00	5.08	8.54	0.00
0	0	0.00	0.00	0.81	1.90	0.00
0	4	0.00	0.00	0.23	0.99	0.00
1	1	0.00	0.00	0.18	1.20	0.00
1	5	0.00	0.00	0.19	0.99	0.00
2	2	0.00	0.00	0.46	0.79	0.00
2	6	0.00	0.00	1.13	1.27	0.00
3	3	0.00	0.00	0.32	0.80	0.00
3	7	0.00	0.00	37.31	60.35	0.00
Core	CPU	C1%	C3%	C6%	C8%	C9%
-	-	0.00	0.01	5.03	8.76	0.00
0	0	0.00	0.00	0.44	0.79	0.00
0	4	0.00	0.00	0.35	0.79	0.00
1	1	0.00	0.00	1.66	0.79	0.00
1	5	0.00	0.02	0.88	0.68	0.00
2	2	0.00	0.00	0.38	1.79	0.00
2	6	0.00	0.00	0.78	1.79	0.00
3	3	0.00	0.00	0.45	0.99	0.00
3	7	0.00	0.03	35.29	62.47	0.00
Core	CPU	C1%	C3%	C6%	C8%	C9%
-	-	0.04	0.00	4.94	8.74	0.00
0	0	0.00	0.00	1.09	1.21	0.00
0	4	0.28	0.00	0.36	0.60	0.00
1	1	0.00	0.00	0.43	0.50	0.00
1	5	0.00	0.00	0.32	0.80	0.00
2	2	0.00	0.00	0.89	1.00	0.00
2	6	0.00	0.00	0.85	2.00	0.00
3	3	0.00	0.00	0.45	1.00	0.00
3	7	0.00	0.00	35.10	62.81	0.00
Core	CPU	C1%	C3%	C6%	C8%	C9%
-	-	0.00	0.19	4.93	8.28	0.00
0	0	0.00	0.00	0.39	0.20	0.00
0	4	0.00	1.51	0.14	0.03	0.00
1	1	0.00	0.00	0.36	1.09	0.00
1	5	0.00	0.00	0.34	1.00	0.00
2	2	0.00	0.00	0.83	0.49	0.00
2	6	0.00	0.04	1.01	0.77	0.00
3	3	0.00	0.00	0.20	0.98	0.00
3	7	0.00	0.00	36.18	61.65	0.00
Core	CPU	C1%	C3%	C6%	C8%	C9%
-	-	0.00	0.01	5.05	8.59	0.00
0	0	0.00	0.02	1.63	1.19	0.00
0	4	0.00	0.00	0.80	0.79	0.00
1	1	0.00	0.00	0.37	0.89	0.00
1	5	0.00	0.00	0.17	1.09	0.00
2	2	0.00	0.00	0.33	1.19	0.00
2	6	0.00	0.04	1.15	0.57	0.00
3	3	0.00	0.00	0.10	1.10	0.00
3	7	0.00	0.00	35.87	61.94	0.00
Core	CPU	C1%	C3%	C6%	C8%	C9%
-	-	0.00	0.01	5.10	8.21	0.11
0	0	0.00	0.00	0.39	0.79	0.00
0	4	0.00	0.00	0.43	0.58	0.00
1	1	0.00	0.00	0.17	0.50	0.00
1	5	0.00	0.00	0.27	1.09	0.00
2	2	0.00	0.02	0.47	0.79	0.91
2	6	0.00	0.01	1.56	0.67	0.00
3	3	0.00	0.02	0.32	0.82	0.00
3	7	0.00	0.00	37.21	60.47	0.00
Core	CPU	C1%	C3%	C6%	C8%	C9%
-	-	0.00	0.01	5.13	8.22	0.00
0	0	0.00	0.00	0.55	0.79	0.00
0	4	0.00	0.00	0.73	0.70	0.00
1	1	0.00	0.02	0.20	0.40	0.00
1	5	0.00	0.00	0.00	0.50	0.00
2	2	0.00	0.00	0.43	1.29	0.00
2	6	0.00	0.00	1.48	1.00	0.00
3	3	0.00	0.00	0.25	0.89	0.00
3	7	0.00	0.03	37.44	60.19	0.00
Core	CPU	C1%	C3%	C6%	C8%	C9%
-	-	0.01	0.00	4.81	8.51	0.00
0	0	0.00	0.00	0.28	1.29	0.00
0	4	0.00	0.00	0.36	1.30	0.00
1	1	0.00	0.00	0.19	1.09	0.00
1	5	0.00	0.00	0.23	1.20	0.00
2	2	0.00	0.01	0.30	0.90	0.00
2	6	0.00	0.01	0.31	1.36	0.00
3	3	0.00	0.00	0.48	0.90	0.00
3	7	0.06	0.00	36.37	60.01	0.00
Core	CPU	C1%	C3%	C6%	C8%	C9%
-	-	0.03	0.00	5.11	8.64	0.00
0	0	0.00	0.00	0.51	1.63	0.00
0	4	0.20	0.00	0.22	1.19	0.00
1	1	0.00	0.00	0.55	1.40	0.00
1	5	0.00	0.00	0.25	0.90	0.00
2	2	0.00	0.02	1.27	1.20	0.00
2	6	0.00	0.01	1.10	0.67	0.00
3	3	0.00	0.00	0.10	1.08	0.00
3	7	0.00	0.00	36.87	61.04	0.00
Core	CPU	C1%	C3%	C6%	C8%	C9%
-	-	0.00	0.06	5.22	8.25	0.00
0	0	0.00	0.03	0.67	0.00	0.00
0	4	0.00	0.41	0.10	0.00	0.00
1	1	0.00	0.00	0.20	0.99	0.00
1	5	0.00	0.00	0.83	1.40	0.00
2	2	0.00	0.00	0.84	0.69	0.00
2	6	0.00	0.02	1.79	1.37	0.00
3	3	0.00	0.02	0.10	1.09	0.00
3	7	0.00	0.00	37.26	60.48	0.00
Core	CPU	C1%	C3%	C6%	C8%	C9%
-	-	0.00	0.00	5.33	8.07	0.00
0	0	0.00	0.00	0.73	0.70	0.00
0	4	0.00	0.00	0.73	0.49	0.00
1	1	0.00	0.01	0.30	0.40	0.00
1	5	0.00	0.00	0.10	1.09	0.00
2	2	0.00	0.00	0.27	0.89	0.00
2	6	0.00	0.01	1.07	0.97	0.00
3	3	0.00	0.00	0.93	0.78	0.00
3	7	0.00	0.01	38.49	59.21	0.00
Core	CPU	C1%	C3%	C6%	C8%	C9%
-	-	0.00	0.00	5.23	8.19	0.11
0	0	0.00	0.00	0.37	1.18	0.00
0	4	0.00	0.00	0.51	0.89	0.00
1	1	0.00	0.00	0.23	1.09	0.00
1	5	0.00	0.02	0.28	0.60	0.00
2	2	0.00	0.00	0.96	0.59	0.90
2	6	0.00	0.00	1.19	0.58	0.00
3	3	0.00	0.00	0.36	0.89	0.00
3	7	0.00	0.02	37.96	59.70	0.00
Core	CPU	C1%	C3%	C6%	C8%	C9%
-	-	0.00	0.00	5.29	8.48	0.00
0	0	0.00	0.00	1.04	2.10	0.00
0	4	0.00	0.00	0.86	0.89	0.00
1	1	0.00	0.00	0.25	1.09	0.00
1	5	0.00	0.00	0.83	0.79	0.00
2	2	0.00	0.01	1.09	0.89	0.00
2	6	0.00	0.02	0.31	1.16	0.00
3	3	0.00	0.00	0.28	0.79	0.00
3	7	0.00	0.00	37.63	60.15	0.00
Core	CPU	C1%	C3%	C6%	C8%	C9%
-	-	0.00	0.08	5.02	8.38	0.00
0	0	0.00	0.02	0.20	0.99	0.00
0	4	0.00	0.00	0.20	0.80	0.00
1	1	0.00	0.61	0.28	0.99	0.00
1	5	0.00	0.00	0.44	1.09	0.00
2	2	0.00	0.00	0.24	0.89	0.00
2	6	0.00	0.03	1.11	0.67	0.00
3	3	0.00	0.00	0.79	0.80	0.00
3	7	0.00	0.00	36.93	60.83	0.00
Core	CPU	C1%	C3%	C6%	C8%	C9%
-	-	0.00	0.00	5.00	8.50	0.00
0	0	0.00	0.00	0.46	0.60	0.00
0	4	0.00	0.00	0.44	0.50	0.00
1	1	0.00	0.00	0.81	1.21	0.00
1	5	0.00	0.00	0.26	0.90	0.00
2	2	0.00	0.00	0.49	1.51	0.00
2	6	0.00	0.01	0.34	1.17	0.00
3	3	0.00	0.00	0.56	1.00	0.00
3	7	0.00	0.00	36.63	61.12	0.00
Core	CPU	C1%	C3%	C6%	C8%	C9%
-	-	0.00	0.15	5.34	8.26	0.04
0	0	0.00	0.00	0.15	1.48	0.00
0	4	0.01	1.13	0.43	0.30	0.31
1	1	0.00	0.00	0.10	1.09	0.00
1	5	0.00	0.00	0.95	1.29	0.00
2	2	0.00	0.00	0.46	1.39	0.00
2	6	0.00	0.00	1.06	1.07	0.00
3	3	0.00	0.00	0.23	1.29	0.00
3	7	0.00	0.06	39.35	58.20	0.00
Core	CPU	C1%	C3%	C6%	C8%	C9%
-	-	0.00	0.01	4.99	8.53	0.00
0	0	0.00	0.00	0.71	1.69	0.00
0	4	0.00	0.00	0.74	1.07	0.00
1	1	0.00	0.02	0.49	0.01	0.00
1	5	0.00	0.00	0.54	0.50	0.00
2	2	0.00	0.00	0.28	1.58	0.00
2	6	0.00	0.01	0.58	1.07	0.00
3	3	0.00	0.00	0.14	0.99	0.00
3	7	0.00	0.03	36.42	61.30	0.00
Core	CPU	C1%	C3%	C6%	C8%	C9%
-	-	0.01	0.06	5.09	8.71	1.50
0	0	0.00	0.00	0.54	1.69	0.00
0	4	0.11	0.08	0.69	2.48	11.97
1	1	0.00	0.00	0.33	0.99	0.00
1	5	0.00	0.03	0.19	0.59	0.00
2	2	0.00	0.37	0.44	1.20	0.00
2	6	0.00	0.01	0.98	1.17	0.00
3	3	0.00	0.00	0.46	0.89	0.00
3	7	0.00	0.01	37.13	60.65	0.00
Core	CPU	C1%	C3%	C6%	C8%	C9%
-	-	0.00	0.01	5.04	8.48	0.00
0	0	0.00	0.00	0.77	0.79	0.00
0	4	0.00	0.00	0.36	0.89	0.00
1	1	0.00	0.00	0.14	1.09	0.00
1	5	0.00	0.00	0.52	1.19	0.00
2	2	0.00	0.00	0.23	1.50	0.00
2	6	0.00	0.02	0.90	0.86	0.00
3	3	0.00	0.00	0.27	0.89	0.00
3	7	0.00	0.02	37.15	60.60	0.00
Core	CPU	C1%	C3%	C6%	C8%	C9%
-	-	0.00	0.01	4.97	8.53	0.00
0	0	0.00	0.00	0.16	0.89	0.00
0	4	0.00	0.00	0.37	1.00	0.00
1	1	0.00	0.02	0.26	0.89	0.00
1	5	0.00	0.00	0.52	0.89	0.00
2	2	0.00	0.02	0.68	0.80	0.00
2	6	0.00	0.02	1.01	0.96	0.00
3	3	0.00	0.00	0.37	1.30	0.00
3	7	0.00	0.00	36.36	61.47	0.00
Core	CPU	C1%	C3%	C6%	C8%	C9%
-	-	0.00	0.00	5.14	8.38	0.00
0	0	0.00	0.00	0.79	1.20	0.00
0	4	0.00	0.00	0.20	1.08	0.00
1	1	0.00	0.00	0.37	0.89	0.00
1	5	0.00	0.00	0.34	1.00	0.00
2	2	0.00	0.00	0.32	1.10	0.00
2	6	0.00	0.02	1.01	0.96	0.00
3	3	0.00	0.00	0.19	0.89	0.00
3	7	0.00	0.00	37.88	59.91	0.00
Core	CPU	C1%	C3%	C6%	C8%	C9%
-	-	0.00	0.07	5.11	7.51	0.39
0	0	0.00	0.02	0.24	0.60	0.00
0	4	0.00	0.37	0.00	0.12	3.10
1	1	0.00	0.00	0.34	0.89	0.00
1	5	0.00	0.00	0.25	1.19	0.00
2	2	0.00	0.00	0.20	1.38	0.00
2	6	0.00	0.05	1.11	0.98	0.00
3	3	0.00	0.00	0.79	0.80	0.00
3	7	0.01	0.15	37.94	54.14	0.00
Core	CPU	C1%	C3%	C6%	C8%	C9%
-	-	0.00	0.01	5.32	8.08	0.00
0	0	0.00	0.00	0.24	0.68	0.00
0	4	0.00	0.02	0.59	0.60	0.00
1	1	0.00	0.00	0.68	0.50	0.00
1	5	0.00	0.00	0.37	0.99	0.00
2	2	0.00	0.00	0.36	0.89	0.00
2	6	0.00	0.02	1.06	0.96	0.00
3	3	0.00	0.02	0.69	0.89	0.00
3	7	0.00	0.00	38.58	59.15	0.00
Core	CPU	C1%	C3%	C6%	C8%	C9%
-	-	0.00	0.00	5.15	8.35	0.11
0	0	0.00	0.00	0.35	1.08	0.00
0	4	0.00	0.00	1.06	0.80	0.91
1	1	0.00	0.01	0.35	0.59	0.00
1	5	0.00	0.00	0.36	1.00	0.00
2	2	0.00	0.00	0.42	0.99	0.00
2	6	0.00	0.02	1.17	0.96	0.00
3	3	0.00	0.00	0.24	0.89	0.00
3	7	0.00	0.00	37.23	60.50	0.00
Core	CPU	C1%	C3%	C6%	C8%	C9%
-	-	0.00	0.01	5.24	8.07	0.00
0	0	0.00	0.00	0.66	1.20	0.00
0	4	0.00	0.00	0.45	0.89	0.00
1	1	0.00	0.00	0.53	0.00	0.00
1	5	0.00	0.02	0.65	0.00	0.00
2	2	0.00	0.00	0.89	0.79	0.00
2	6	0.00	0.02	0.99	0.56	0.00
3	3	0.00	0.00	0.26	0.98	0.00
3	7	0.00	0.02	37.53	60.16	0.00
Core	CPU	C1%	C3%	C6%	C8%	C9%
-	-	0.00	0.01	5.28	8.32	0.00
0	0	0.00	0.00	0.87	1.19	0.00
0	4	0.00	0.00	0.46	0.99	0.00
1	1	0.00	0.00	0.65	0.70	0.00
1	5	0.00	0.00	1.01	0.69	0.00
2	2	0.00	0.01	0.40	0.79	0.00
2	6	0.00	0.04	1.09	0.87	0.00
3	3	0.00	0.00	0.18	1.19	0.00
3	7	0.00	0.00	37.56	60.15	0.00
Core	CPU	C1%	C3%	C6%	C8%	C9%
-	-	0.00	0.01	5.11	8.36	0.00
0	0	0.00	0.00	0.28	1.10	0.00
0	4	0.00	0.00	0.47	1.60	0.00
1	1	0.00	0.00	0.37	1.00	0.00
1	5	0.00	0.00	0.36	0.80	0.00
2	2	0.00	0.00	0.53	0.60	0.00
2	6	0.00	0.06	1.27	0.50	0.00
3	3	0.00	0.00	0.10	1.09	0.00
3	7	0.00	0.01	37.54	60.17	0.00
Core	CPU	C1%	C3%	C6%	C8%	C9%
-	-	0.00	0.28	5.53	7.84	0.00
0	0	0.00	0.00	0.13	0.59	0.00
0	4	0.00	1.71	0.00	0.09	0.00
1	1	0.00	0.51	1.56	0.69	0.00
1	5	0.00	0.00	0.27	1.10	0.00
2	2	0.00	0.00	0.68	1.56	0.00
2	6	0.00	0.01	1.06	0.57	0.00
3	3	0.00	0.00	0.22	0.89	0.00
3	7	0.00	0.00	40.36	57.22	0.00
Core	CPU	C1%	C3%	C6%	C8%	C9%
-	-	0.00	0.01	5.05	8.38	0.00
0	0	0.00	0.00	0.46	0.89	0.00
0	4	0.00	0.02	0.33	1.37	0.00
1	1	0.00	0.04	0.72	0.79	0.00
1	5	0.00	0.00	0.00	0.60	0.00
2	2	0.00	0.00	0.26	1.08	0.00
2	6	0.00	0.02	0.98	0.57	0.00
3	3	0.00	0.00	0.54	1.00	0.00
3	7	0.00	0.00	37.08	60.71	0.00
Core	CPU	C1%	C3%	C6%	C8%	C9%
-	-	0.00	0.01	5.14	8.59	0.08
0	0	0.00	0.00	0.18	1.09	0.00
0	4	0.00	0.00	1.21	0.50	0.00
1	1	0.00	0.00	0.69	1.39	0.00
1	5	0.00	0.00	0.31	1.30	0.00
2	2	0.00	0.00	0.17	1.10	0.00
2	6	0.00	0.02	1.87	1.07	0.00
3	3	0.00	0.00	0.27	0.89	0.61
3	7	0.00	0.02	36.40	61.38	0.00
Core	CPU	C1%	C3%	C6%	C8%	C9%
-	-	0.01	0.01	5.18	8.30	0.00
0	0	0.00	0.01	0.76	0.49	0.00
0	4	0.09	0.00	0.67	0.38	0.00
1	1	0.00	0.00	0.98	0.20	0.00
1	5	0.00	0.03	0.14	1.29	0.00
2	2	0.00	0.05	1.02	1.20	0.00
2	6	0.00	0.01	1.36	0.77	0.00
3	3	0.00	0.00	0.29	0.49	0.00
3	7	0.00	0.00	36.25	61.57	0.00
Core	CPU	C1%	C3%	C6%	C8%	C9%
-	-	0.00	0.01	5.02	8.39	0.00
0	0	0.00	0.02	0.76	0.11	0.00
0	4	0.00	0.00	0.60	0.49	0.00
1	1	0.00	0.00	0.31	1.08	0.00
1	5	0.00	0.00	0.45	1.00	0.00
2	2	0.00	0.00	0.24	1.47	0.00
2	6	0.00	0.05	1.11	0.58	0.00
3	3	0.00	0.00	0.79	0.41	0.00
3	7	0.00	0.00	35.92	61.94	0.00
Core	CPU	C1%	C3%	C6%	C8%	C9%
-	-	0.00	0.00	4.86	8.43	0.00
0	0	0.00	0.00	0.27	0.80	0.00
0	4	0.00	0.02	0.15	0.69	0.00
1	1	0.00	0.00	0.57	0.99	0.00
1	5	0.00	0.00	0.22	0.89	0.00
2	2	0.00	0.00	0.36	0.89	0.00
2	6	0.00	0.01	0.96	0.58	0.00
3	3	0.00	0.00	0.22	0.90	0.00
3	7	0.00	0.00	36.09	61.72	0.00
Core	CPU	C1%	C3%	C6%	C8%	C9%
-	-	0.00	0.21	5.02	8.12	0.00
0	0	0.00	0.00	0.37	0.89	0.00
0	4	0.00	1.69	0.06	0.06	0.00
1	1	0.00	0.00	0.76	0.19	0.00
1	5	0.00	0.01	0.77	0.11	0.00
2	2	0.00	0.00	0.38	1.08	0.00
2	6	0.00	0.00	1.08	0.60	0.00
3	3	0.00	0.00	0.35	0.79	0.00
3	7	0.00	0.02	36.35	61.27	0.00
Core	CPU	C1%	C3%	C6%	C8%	C9%
-	-	0.00	0.00	5.04	8.47	0.00
0	0	0.00	0.00	0.19	1.18	0.00
0	4	0.00	0.00	0.86	0.89	0.00
1	1	0.00	0.00	0.54	0.99	0.00
1	5	0.00	0.00	0.51	0.70	0.00
2	2	0.00	0.00	0.19	1.20	0.00
2	6	0.00	0.01	0.60	1.37	0.00
3	3	0.00	0.00	0.27	0.89	0.00
3	7	0.00	0.00	37.19	60.56	0.00
Core	CPU	C1%	C3%	C6%	C8%	C9%
-	-	0.00	0.10	5.09	8.38	0.00
0	0	0.00	0.00	0.49	0.00	0.00
0	4	0.00	0.00	0.87	0.80	0.00
1	1	0.00	0.00	1.21	1.08	0.00
1	5	0.00	0.00	0.23	1.19	0.00
2	2	0.00	0.00	0.66	1.10	0.00
2	6	0.00	0.00	1.01	0.98	0.00
3	3	0.00	0.00	0.19	0.98	0.00
3	7	0.00	0.82	36.05	60.88	0.00
Core	CPU	C1%	C3%	C6%	C8%	C9%
-	-	0.10	0.00	5.11	8.81	0.00
0	0	0.00	0.02	0.80	0.70	0.00
0	4	0.79	0.00	0.10	0.30	0.00
1	1	0.00	0.00	1.06	1.98	0.00
1	5	0.00	0.00	0.45	1.30	0.00
2	2	0.00	0.00	0.75	1.79	0.00
2	6	0.00	0.00	0.60	2.28	0.00
3	3	0.00	0.00	0.20	1.30	0.00
3	7	0.00	0.01	36.92	60.88	0.00
Core	CPU	C1%	C3%	C6%	C8%	C9%
-	-	0.00	0.01	5.10	8.46	0.00
0	0	0.00	0.00	0.25	1.09	0.00
0	4	0.00	0.00	0.82	1.09	0.00
1	1	0.00	0.03	1.28	0.50	0.00
1	5	0.00	0.00	0.28	1.19	0.00
2	2	0.00	0.00	0.37	0.99	0.00
2	6	0.00	0.01	0.57	1.26	0.00
3	3	0.00	0.00	0.23	0.90	0.00
3	7	0.00	0.00	37.03	60.67	0.00
Core	CPU	C1%	C3%	C6%	C8%	C9%
-	-	0.00	0.01	4.98	8.20	0.00
0	0	0.00	0.00	0.85	0.50	0.00
0	4	0.00	0.00	0.14	0.40	0.00
1	1	0.00	0.02	0.48	0.70	0.00
1	5	0.00	0.00	0.19	0.40	0.00
2	2	0.00	0.00	0.28	0.99	0.00
2	6	0.00	0.02	1.07	0.57	0.00
3	3	0.00	0.00	0.14	0.99	0.00
3	7	0.00	0.03	36.68	61.06	0.00
Core	CPU	C1%	C3%	C6%	C8%	C9%
-	-	0.00	0.21	4.96	8.25	0.00
0	0	0.00	0.00	0.28	1.09	0.00
0	4	0.01	1.59	0.15	0.05	0.00
1	1	0.00	0.04	0.58	0.59	0.00
1	5	0.00	0.03	0.87	0.69	0.00
2	2	0.00	0.00	0.39	0.50	0.00
2	6	0.00	0.01	0.99	0.58	0.00
3	3	0.00	0.00	0.36	0.79	0.00
3	7	0.00	0.01	36.08	61.74	0.00
Core	CPU	C1%	C3%	C6%	C8%	C9%
-	-	0.00	0.01	5.24	8.64	0.00
0	0	0.00	0.02	0.38	1.58	0.00
0	4	0.00	0.00	0.75	1.69	0.00
1	1	0.00	0.01	1.15	1.98	0.00
1	5	0.00	0.00	0.23	1.09	0.00
2	2	0.00	0.00	0.37	1.29	0.00
2	6	0.00	0.02	1.00	0.47	0.00
3	3	0.00	0.00	0.27	0.99	0.00
3	7	0.00	0.00	37.75	60.04	0.00
Core	CPU	C1%	C3%	C6%	C8%	C9%
-	-	0.00	0.00	5.14	8.60	0.00
0	0	0.00	0.00	0.09	0.60	0.00
0	4	0.00	0.00	0.25	1.19	0.00
1	1	0.00	0.00	1.29	1.70	0.00
1	5	0.00	0.00	0.61	1.80	0.00
2	2	0.00	0.00	0.56	1.31	0.00
2	6	0.00	0.02	1.10	0.48	0.00
3	3	0.00	0.00	0.10	1.08	0.00
3	7	0.00	0.00	37.10	60.68	0.00
Core	CPU	C1%	C3%	C6%	C8%	C9%
-	-	0.00	0.01	4.91	8.43	0.00
0	0	0.00	0.02	0.36	0.50	0.00
0	4	0.00	0.00	0.00	0.60	0.00
1	1	0.00	0.00	0.29	1.08	0.00
1	5	0.00	0.00	0.37	1.09	0.00
2	2	0.00	0.00	0.74	0.89	0.00
2	6	0.00	0.06	1.33	0.49	0.00
3	3	0.00	0.00	0.10	1.09	0.00
3	7	0.00	0.01	36.06	61.66	0.00
Core	CPU	C1%	C3%	C6%	C8%	C9%
-	-	0.01	0.03	5.44	7.31	0.00
0	0	0.00	0.00	0.15	0.89	0.00
0	4	0.00	0.00	0.33	1.19	0.00
1	1	0.00	0.03	0.06	0.50	0.00
1	5	0.00	0.00	1.07	0.79	0.00
2	2	0.00	0.00	0.56	0.70	0.00
2	6	0.00	0.02	1.17	0.97	0.00
3	3	0.00	0.00	0.72	0.90	0.00
3	7	0.09	0.18	39.44	52.53	0.00
Core	CPU	C1%	C3%	C6%	C8%	C9%
-	-	0.00	0.01	5.22	8.13	0.00
0	0	0.00	0.00	0.36	0.99	0.00
0	4	0.00	0.00	0.25	1.27	0.00
1	1	0.00	0.03	1.05	0.09	0.00
1	5	0.00	0.01	0.65	0.00	0.00
2	2	0.00	0.00	0.50	0.99	0.00
2	6	0.00	0.00	1.09	0.59	0.00
3	3	0.00	0.00	0.36	0.79	0.00
3	7	0.00	0.02	37.47	60.34	0.00
Core	CPU	C1%	C3%	C6%	C8%	C9%
-	-	0.00	0.13	5.23	8.16	0.21
0	0	0.00	0.00	0.30	0.59	0.00
0	4	0.00	0.99	0.26	0.43	1.71
1	1	0.00	0.00	0.95	0.79	0.00
1	5	0.00	0.00	0.63	0.89	0.00
2	2	0.00	0.00	0.71	0.99	0.00
2	6	0.00	0.01	0.31	1.47	0.00
3	3	0.00	0.00	0.19	0.89	0.00
3	7	0.00	0.00	38.51	59.26	0.00
Core	CPU	C1%	C3%	C6%	C8%	C9%
-	-	0.00	0.01	5.24	8.27	0.00
0	0	0.00	0.01	0.99	0.79	0.00
0	4	0.00	0.00	0.50	0.60	0.00
1	1	0.00	0.00	0.47	0.89	0.00
1	5	0.00	0.00	0.36	1.07	0.00
2	2	0.00	0.00	0.33	1.09	0.00
2	6	0.00	0.04	1.19	0.48	0.00
3	3	0.00	0.00	0.68	0.90	0.00
3	7	0.00	0.00	37.38	60.35	0.00
Core	CPU	C1%	C3%	C6%	C8%	C9%
-	-	0.00	0.10	5.07	8.38	0.00
0	0	0.00	0.00	0.46	1.20	0.00
0	4	0.00	0.00	0.70	0.69	0.00
1	1	0.00	0.00	0.05	0.59	0.00
1	5	0.00	0.00	1.06	0.80	0.00
2	2	0.00	0.00	0.61	0.90	0.00
2	6	0.00	0.01	0.96	0.67	0.00
3	3	0.00	0.00	0.89	1.19	0.00
3	7	0.00	0.82	35.84	60.96	0.00
Core	CPU	C1%	C3%	C6%	C8%	C9%
-	-	0.00	0.01	5.31	8.12	0.00
0	0	0.00	0.00	0.85	0.50	0.00
0	4	0.00	0.00	0.68	0.61	0.00
1	1	0.00	0.02	0.87	0.59	0.00
1	5	0.00	0.00	0.79	0.79	0.00
2	2	0.00	0.00	0.38	0.89	0.00
2	6	0.00	0.02	0.98	0.67	0.00
3	3	0.00	0.00	0.15	0.99	0.00
3	7	0.00	0.03	37.80	59.92	0.00
Core	CPU	C1%	C3%	C6%	C8%	C9%
-	-	0.00	0.01	4.87	8.68	0.00
0	0	0.00	0.00	0.28	0.99	0.00
0	4	0.00	0.00	0.36	0.99	0.00
1	1	0.00	0.01	0.82	0.79	0.00
1	5	0.00	0.03	0.28	1.38	0.00
2	2	0.00	0.00	0.79	0.80	0.00
2	6	0.00	0.00	1.19	0.78	0.00
3	3	0.00	0.00	0.27	0.89	0.00
3	7	0.00	0.01	35.00	62.84	0.00
Core	CPU	C1%	C3%	C6%	C8%	C9%
-	-	0.01	0.00	5.04	8.69	0.00
0	0	0.00	0.02	0.51	1.70	0.00
0	4	0.07	0.00	0.46	1.39	0.00
1	1	0.00	0.00	0.85	0.39	0.00
1	5	0.00	0.00	0.14	1.19	0.00
2	2	0.00	0.01	1.05	1.70	0.00
2	6	0.00	0.00	0.41	1.10	0.00
3	3	0.00	0.00	0.28	0.79	0.00
3	7	0.00	0.00	36.61	61.26	0.00
Core	CPU	C1%	C3%	C6%	C8%	C9%
-	-	0.00	0.05	4.71	8.56	0.39
0	0	0.00	0.01	0.56	0.31	0.00
0	4	0.00	0.32	0.27	0.10	3.10
1	1	0.00	0.00	0.35	0.89	0.00
1	5	0.00	0.00	0.44	0.90	0.00
2	2	0.00	0.00	0.13	0.99	0.00
2	6	0.00	0.04	0.30	1.49	0.00
3	3	0.00	0.00	0.47	1.10	0.00
3	7	0.00	0.03	35.15	62.68	0.00
Core	CPU	C1%	C3%	C6%	C8%	C9%
-	-	0.00	0.01	5.07	8.59	0.00
0	0	0.00	0.00	0.82	0.79	0.00
0	4	0.00	0.01	0.69	0.59	0.00
1	1	0.00	0.00	0.76	2.19	0.00
1	5	0.00	0.00	0.18	1.09	0.00
2	2	0.00	0.00	0.25	0.99	0.00
2	6	0.00	0.01	1.05	0.97	0.00
3	3	0.00	0.02	0.30	0.80	0.00
3	7	0.00	0.00	36.54	61.29	0.00
Core	CPU	C1%	C3%	C6%	C8%	C9%
-	-	0.01	0.00	5.08	8.43	0.11
0	0	0.00	0.00	0.45	0.89	0.00
0	4	0.00	0.00	0.62	1.49	0.00
1	1	0.00	0.01	0.34	0.71	0.00
1	5	0.00	0.00	0.97	0.60	0.00
2	2	0.00	0.00	0.35	1.09	0.00
2	6	0.05	0.00	1.00	0.77	0.85
3	3	0.00	0.00	0.24	0.89	0.00
3	7	0.00	0.00	36.70	60.99	0.00
Core	CPU	C1%	C3%	C6%	C8%	C9%
-	-	0.00	0.01	5.16	8.27	0.00
0	0	0.00	0.00	0.37	1.08	0.00
0	4	0.00	0.00	0.64	0.70	0.00
1	1	0.00	0.00	0.73	0.68	0.00
1	5	0.00	0.01	0.79	0.79	0.00
2	2	0.00	0.00	0.19	0.98	0.00
2	6	0.00	0.02	0.59	1.06	0.00
3	3	0.00	0.00	0.15	0.99	0.00
3	7	0.00	0.03	37.79	59.91	0.00
Core	CPU	C1%	C3%	C6%	C8%	C9%
-	-	0.00	0.02	5.29	8.63	0.00
0	0	0.00	0.00	0.46	1.00	0.00
0	4	0.00	0.00	0.55	1.49	0.00
1	1	0.00	0.02	0.33	1.29	0.00
1	5	0.00	0.00	0.60	1.40	0.00
2	2	0.00	0.00	0.28	1.50	0.00
2	6	0.00	0.03	1.23	1.38	0.00
3	3	0.00	0.02	0.53	1.56	0.00
3	7	0.00	0.05	38.30	59.39	0.00
