Core	CPU	C1%	C3%	C6%	C8%	C9%
-	-	0.04	0.03	2.17	9.15	0.00
0	0	0.00	0.00	5.29	58.43	0.00
0	4	0.00	0.01	1.17	1.84	0.00
1	1	0.00	0.08	2.30	4.39	0.00
1	5	0.35	0.00	1.34	2.28	0.00
2	2	0.00	0.09	2.63	2.82	0.00
2	6	0.00	0.01	1.82	1.19	0.00
3	3	0.00	0.08	1.91	1.68	0.00
3	7	0.00	0.00	0.87	0.30	0.00
Core	CPU	C1%	C3%	C6%	C8%	C9%
-	-	0.00	0.03	0.93	4.90	1.07
0	0	0.00	0.00	1.64	5.76	0.00
0	4	0.00	0.01	1.05	0.00	0.00
1	1	0.00	0.00	0.14	0.00	0.00
1	5	0.00	0.02	0.38	1.73	0.00
2	2	0.00	0.02	1.66	1.39	0.00
2	6	0.00	0.00	0.60	0.10	0.00
3	3	0.00	0.00	0.36	1.39	8.59
3	7	0.01	0.15	1.60	28.82	0.00
Core	CPU	C1%	C3%	C6%	C8%	C9%
-	-	0.00	0.00	0.67	1.00	0.00
0	0	0.00	0.00	0.56	1.10	0.00
0	4	0.00	0.02	0.62	0.50	0.00
1	1	0.00	0.00	0.89	0.79	0.00
1	5	0.00	0.00	0.70	1.10	0.00
2	2	0.00	0.00	0.62	1.51	0.00
2	6	0.00	0.00	0.56	1.00	0.00
3	3	0.00	0.01	0.47	1.32	0.00
3	7	0.00	0.00	0.96	0.70	0.00
Core	CPU	C1%	C3%	C6%	C8%	C9%
-	-	0.00	0.01	0.43	1.16	0.00
0	0	0.00	0.00	0.22	1.01	0.00
0	4	0.00	0.04	0.70	0.52	0.00
1	1	0.00	0.00	0.28	1.21	0.00
1	5	0.00	0.00	0.45	1.31	0.00
2	2	0.00	0.00	0.43	1.60	0.00
2	6	0.00	0.00	0.42	1.21	0.00
3	3	0.00	0.00	0.55	1.51	0.00
3	7	0.00	0.00	0.37	0.92	0.00
Core	CPU	C1%	C3%	C6%	C8%	C9%
-	-	0.00	0.01	0.84	1.39	0.00
0	0	0.00	0.00	0.34	0.21	0.00
0	4	0.00	0.04	2.49	1.90	0.00
1	1	0.00	0.01	0.18	0.32	0.00
1	5	0.00	0.00	0.26	1.00	0.00
2	2	0.00	0.00	0.79	3.68	0.00
2	6	0.00	0.00	0.44	0.71	0.00
3	3	0.00	0.03	1.96	2.39	0.00
3	7	0.00	0.00	0.28	0.91	0.00
Core	CPU	C1%	C3%	C6%	C8%	C9%
-	-	0.09	0.44	14.47	3.32	0.32
0	0	0.01	0.61	25.62	5.17	0.00
0	4	0.00	0.07	2.75	2.08	0.00
1	1	0.00	0.29	5.93	2.31	0.32
1	5	0.01	0.37	24.48	8.19	0.00
2	2	0.00	0.00	1.22	4.37	1.35
2	6	0.02	0.72	28.25	2.61	0.00
3	3	0.66	1.46	27.16	0.96	0.86
3	7	0.00	0.00	0.31	0.91	0.00
Core	CPU	C1%	C3%	C6%	C8%	C9%
-	-	0.57	8.00	49.75	6.77	0.00
0	0	0.43	10.23	49.95	4.25	0.00
0	4	0.31	6.11	54.91	5.72	0.00
1	1	0.35	5.43	48.87	10.95	0.00
1	5	0.83	11.47	48.89	5.54	0.00
2	2	0.08	2.81	48.26	17.15	0.00
2	6	0.73	11.67	50.14	1.34	0.00
3	3	1.10	11.75	48.10	1.13	0.00
3	7	0.75	4.55	48.84	8.09	0.00
Core	CPU	C1%	C3%	C6%	C8%	C9%
-	-	0.62	7.14	56.74	7.79	0.01
0	0	0.40	9.08	54.28	2.94	0.11
0	4	1.45	5.29	57.59	10.32	0.00
1	1	0.39	5.71	63.16	10.04	0.00
1	5	0.57	9.30	54.55	4.14	0.00
2	2	0.23	4.28	53.25	19.21	0.00
2	6	0.74	8.66	55.01	4.23	0.00
3	3	0.51	8.46	57.80	3.91	0.00
3	7	0.68	6.33	58.27	7.50	0.00
Core	CPU	C1%	C3%	C6%	C8%	C9%
-	-	0.46	9.46	53.10	4.94	0.05
0	0	0.56	9.88	51.21	4.21	0.00
0	4	0.31	8.14	59.60	5.68	0.00
1	1	0.26	8.47	58.70	4.39	0.00
1	5	0.73	13.70	39.94	2.80	0.00
2	2	0.42	9.03	58.51	3.43	0.39
2	6	0.64	9.24	49.57	6.29	0.00
3	3	0.39	8.57	52.04	6.47	0.01
3	7	0.39	8.63	55.27	6.26	0.00
Core	CPU	C1%	C3%	C6%	C8%	C9%
-	-	0.45	6.21	57.97	9.59	0.03
0	0	0.46	6.85	56.48	10.66	0.00
0	4	0.30	5.69	54.20	15.07	0.00
1	1	0.28	5.55	58.76	7.96	0.00
1	5	0.84	6.76	55.68	7.97	0.06
2	2	0.32	6.53	60.78	10.49	0.00
2	6	0.50	6.47	57.75	8.39	0.00
3	3	0.65	5.90	61.08	6.79	0.20
3	7	0.26	5.88	58.98	9.42	0.00
Core	CPU	C1%	C3%	C6%	C8%	C9%
-	-	0.55	8.09	57.10	6.06	0.21
0	0	0.49	8.84	53.80	7.81	0.00
0	4	0.59	7.61	59.55	4.59	0.00
1	1	0.36	6.66	57.98	6.52	0.41
1	5	0.41	9.77	54.16	5.51	0.80
2	2	0.48	7.63	60.22	6.17	0.00
2	6	0.56	8.03	57.87	3.55	0.00
3	3	0.40	8.33	56.70	7.47	0.51
3	7	1.08	7.82	56.54	6.89	0.00
Core	CPU	C1%	C3%	C6%	C8%	C9%
-	-	0.39	9.57	50.53	7.54	0.04
0	0	0.38	9.37	55.26	6.59	0.00
0	4	0.17	7.99	53.70	10.07	0.00
1	1	0.20	7.46	50.10	5.81	0.00
1	5	0.98	15.01	39.47	1.86	0.10
2	2	0.47	9.82	53.75	7.68	0.04
2	6	0.16	9.32	48.68	10.98	0.00
3	3	0.39	8.86	50.73	8.98	0.01
3	7	0.36	8.78	52.63	8.32	0.15
Core	CPU	C1%	C3%	C6%	C8%	C9%
-	-	0.69	9.40	54.42	4.93	0.03
0	0	0.89	10.21	52.85	4.45	0.00
0	4	0.85	8.94	57.09	6.20	0.00
1	1	0.81	8.27	56.77	4.20	0.00
1	5	0.65	13.65	46.75	3.35	0.00
2	2	0.42	8.81	57.25	3.90	0.01
2	6	0.98	7.15	56.21	6.12	0.00
3	3	0.42	9.30	52.23	5.88	0.20
3	7	0.52	8.83	56.20	5.34	0.00
Core	CPU	C1%	C3%	C6%	C8%	C9%
-	-	0.41	6.12	58.49	8.51	0.06
0	0	0.64	6.35	60.15	7.05	0.00
0	4	0.72	6.51	57.09	9.01	0.00
1	1	0.14	5.89	61.33	7.38	0.00
1	5	0.65	7.79	57.40	5.63	0.48
2	2	0.15	5.47	62.29	9.38	0.00
2	6	0.38	5.10	49.10	9.49	0.00
3	3	0.22	6.48	59.08	8.34	0.00
3	7	0.41	5.38	61.45	11.80	0.00
Core	CPU	C1%	C3%	C6%	C8%	C9%
-	-	0.76	8.73	56.51	4.27	0.00
0	0	0.97	8.86	56.14	2.80	0.00
0	4	0.65	8.50	55.40	4.28	0.00
1	1	0.54	8.38	56.30	3.18	0.00
1	5	0.96	9.72	59.39	2.04	0.00
2	2	0.66	8.53	58.08	5.71	0.00
2	6	0.83	7.79	57.55	6.15	0.00
3	3	0.70	8.80	50.77	6.89	0.00
3	7	0.78	9.22	58.43	3.09	0.00
Core	CPU	C1%	C3%	C6%	C8%	C9%
-	-	0.63	11.28	53.42	3.18	0.00
0	0	0.57	11.37	51.08	3.94	0.00
0	4	0.84	11.00	54.57	4.33	0.00
1	1	0.56	9.81	57.95	2.79	0.00
1	5	1.03	15.70	40.88	1.32	0.00
2	2	0.23	11.25	58.05	3.38	0.00
2	6	0.77	11.21	52.12	3.67	0.00
3	3	0.43	8.57	57.37	3.85	0.00
3	7	0.60	11.35	55.28	2.13	0.00
Core	CPU	C1%	C3%	C6%	C8%	C9%
-	-	0.43	9.15	53.84	5.55	0.01
0	0	0.40	9.35	55.52	6.07	0.00
0	4	0.22	8.39	53.90	6.04	0.00
1	1	0.41	7.89	57.19	6.36	0.00
1	5	0.56	14.06	43.03	5.00	0.00
2	2	0.26	8.46	56.92	4.41	0.00
2	6	0.59	7.51	57.50	5.50	0.01
3	3	0.55	8.85	52.89	6.57	0.00
3	7	0.44	8.69	53.81	4.49	0.05
Core	CPU	C1%	C3%	C6%	C8%	C9%
-	-	4.52	11.28	48.31	1.65	0.01
0	0	4.86	11.28	49.47	2.15	0.00
0	4	3.87	11.22	48.87	0.97	0.00
1	1	4.70	10.57	49.99	2.21	0.00
1	5	4.54	11.99	43.12	1.75	0.09
2	2	4.25	10.77	49.35	2.72	0.00
2	6	5.55	11.90	47.55	1.89	0.00
3	3	4.33	11.54	50.32	0.13	0.00
3	7	4.03	10.96	47.84	1.37	0.00
Core	CPU	C1%	C3%	C6%	C8%	C9%
-	-	0.47	5.50	59.80	8.47	0.03
0	0	0.57	5.47	57.64	9.55	0.00
0	4	0.59	6.49	60.41	6.51	0.00
1	1	0.66	5.98	59.79	6.93	0.00
1	5	0.38	5.96	58.99	6.01	0.27
2	2	0.57	5.95	63.23	6.27	0.00
2	6	0.44	4.60	61.25	13.57	0.00
3	3	0.32	3.83	56.74	13.21	0.00
3	7	0.26	5.70	60.34	5.68	0.00
Core	CPU	C1%	C3%	C6%	C8%	C9%
-	-	0.41	5.15	55.20	13.34	0.01
0	0	0.18	5.15	56.41	15.25	0.00
0	4	0.22	4.23	55.89	14.79	0.06
1	1	0.40	4.89	59.78	12.31	0.00
1	5	0.28	7.01	50.79	11.37	0.00
2	2	1.35	5.14	55.45	7.24	0.00
2	6	0.08	4.34	54.83	16.25	0.00
3	3	0.27	4.81	52.41	17.90	0.00
3	7	0.48	5.64	56.06	11.60	0.00
Core	CPU	C1%	C3%	C6%	C8%	C9%
-	-	0.52	9.44	54.54	3.85	0.03
0	0	0.87	10.47	53.36	2.38	0.00
0	4	0.70	8.04	58.25	4.15	0.03
1	1	0.44	9.57	54.25	5.20	0.00
1	5	0.57	10.51	53.48	2.57	0.20
2	2	0.47	9.17	51.42	5.77	0.00
2	6	0.37	9.92	59.56	3.77	0.00
3	3	0.19	7.83	54.81	4.67	0.00
3	7	0.55	10.00	51.22	2.25	0.00
Core	CPU	C1%	C3%	C6%	C8%	C9%
-	-	0.77	10.02	52.89	3.83	0.04
0	0	0.49	9.83	52.48	3.43	0.00
0	4	0.74	9.72	52.52	4.35	0.00
1	1	0.49	9.84	57.00	4.34	0.00
1	5	1.13	12.07	49.81	2.39	0.07
2	2	0.48	8.96	55.76	5.89	0.00
2	6	0.46	10.66	55.29	1.70	0.01
3	3	1.42	10.04	48.12	2.70	0.00
3	7	0.99	9.09	52.24	5.83	0.27
Core	CPU	C1%	C3%	C6%	C8%	C9%
-	-	0.47	10.94	50.73	5.12	0.04
0	0	0.94	11.52	50.76	4.12	0.00
0	4	0.59	8.83	56.99	5.81	0.00
1	1	0.22	10.33	51.19	5.69	0.00
1	5	0.51	16.68	37.50	1.82	0.32
2	2	0.49	10.69	51.83	3.37	0.00
2	6	0.39	10.12	53.10	4.74	0.00
3	3	0.46	10.46	50.23	9.24	0.00
3	7	0.15	8.96	54.52	6.19	0.00
Core	CPU	C1%	C3%	C6%	C8%	C9%
-	-	0.52	10.35	52.03	5.26	0.01
0	0	0.25	9.10	56.11	5.74	0.00
0	4	0.85	8.91	55.48	6.07	0.00
1	1	0.25	9.56	53.18	5.86	0.00
1	5	0.52	16.82	40.72	1.30	0.06
2	2	0.90	8.65	53.94	7.37	0.00
2	6	0.28	10.84	53.26	4.19	0.00
3	3	0.64	9.43	53.24	7.03	0.00
3	7	0.44	9.38	49.88	4.45	0.00
Core	CPU	C1%	C3%	C6%	C8%	C9%
-	-	0.62	8.65	54.50	5.76	0.01
0	0	1.00	9.81	54.71	4.14	0.00
0	4	0.39	8.32	55.17	5.54	0.00
1	1	0.68	8.40	55.58	5.91	0.01
1	5	0.65	9.76	52.80	6.84	0.00
2	2	0.81	6.99	53.03	7.52	0.00
2	6	0.34	9.16	57.97	3.63	0.11
3	3	0.67	8.82	52.69	5.15	0.00
3	7	0.43	7.96	54.02	7.35	0.00
Core	CPU	C1%	C3%	C6%	C8%	C9%
-	-	1.49	7.92	54.72	8.42	0.00
0	0	1.63	8.20	59.74	6.44	0.00
0	4	0.99	8.50	55.49	10.93	0.00
1	1	1.48	7.79	54.99	8.07	0.00
1	5	1.29	8.51	54.69	9.11	0.00
2	2	1.81	8.04	53.70	12.26	0.00
2	6	1.29	8.38	56.09	7.91	0.00
3	3	1.28	7.93	53.72	7.92	0.00
3	7	2.19	6.01	49.36	4.78	0.00
Core	CPU	C1%	C3%	C6%	C8%	C9%
-	-	0.40	6.41	57.83	9.10	0.00
0	0	0.15	6.73	55.46	10.11	0.00
0	4	0.57	5.75	60.59	8.24	0.00
1	1	0.23	6.01	59.56	12.11	0.00
1	5	0.59	6.92	57.20	11.33	0.00
2	2	0.64	6.82	55.81	7.10	0.00
2	6	0.35	5.64	56.56	11.12	0.00
3	3	0.48	7.53	58.90	5.78	0.00
3	7	0.21	6.00	59.37	7.12	0.00
Core	CPU	C1%	C3%	C6%	C8%	C9%
-	-	0.25	2.97	54.32	16.68	0.02
0	0	0.40	3.10	53.95	14.76	0.00
0	4	0.26	3.09	52.12	17.21	0.13
1	1	0.29	3.18	55.40	14.22	0.00
1	5	0.23	2.28	51.81	27.48	0.00
2	2	0.06	2.44	50.74	15.96	0.00
2	6	0.07	3.84	58.71	12.17	0.00
3	3	0.46	2.59	58.77	14.66	0.00
3	7	0.20	3.20	52.34	16.72	0.00
Core	CPU	C1%	C3%	C6%	C8%	C9%
-	-	0.32	3.19	54.92	12.94	0.02
0	0	0.63	3.79	56.02	13.44	0.11
0	4	0.29	2.92	58.60	17.83	0.00
1	1	0.22	2.37	50.85	12.52	0.01
1	5	0.51	4.09	54.97	12.31	0.01
2	2	0.26	3.29	58.49	8.41	0.00
2	6	0.14	2.39	51.02	14.70	0.06
3	3	0.37	4.18	60.74	9.24	0.00
3	7	0.14	2.53	49.09	15.15	0.00
Core	CPU	C1%	C3%	C6%	C8%	C9%
-	-	0.33	4.91	57.86	9.48	0.23
0	0	0.21	4.38	52.13	11.44	0.01
0	4	0.29	5.10	64.60	6.28	0.00
1	1	0.50	4.42	56.15	9.80	0.20
1	5	0.05	5.78	59.69	6.97	1.48
2	2	0.20	4.92	57.61	8.89	0.04
2	6	0.75	4.64	55.53	9.83	0.08
3	3	0.08	4.55	55.03	13.69	0.00
3	7	0.55	5.43	61.78	8.86	0.00
Core	CPU	C1%	C3%	C6%	C8%	C9%
-	-	0.43	6.53	57.22	7.83	0.19
0	0	0.43	6.63	59.75	7.17	0.37
0	4	0.15	5.99	56.81	11.85	0.00
1	1	0.29	5.33	61.55	6.46	0.00
1	5	0.42	8.43	51.67	8.14	1.12
2	2	0.78	7.05	58.29	5.89	0.00
2	6	0.48	6.18	53.14	8.32	0.00
3	3	0.30	6.23	59.92	8.66	0.00
3	7	0.58	6.51	57.51	6.27	0.00
Core	CPU	C1%	C3%	C6%	C8%	C9%
-	-	0.32	6.79	59.29	7.22	0.03
0	0	0.17	6.21	63.32	6.60	0.00
0	4	0.34	6.16	58.23	8.71	0.00
1	1	0.47	6.14	57.00	9.05	0.00
1	5	0.42	9.20	57.96	4.16	0.22
2	2	0.09	6.79	55.85	7.89	0.05
2	6	0.23	6.52	60.07	4.61	0.00
3	3	0.33	6.28	59.80	10.06	0.00
3	7	0.54	6.89	61.22	6.59	0.00
Core	CPU	C1%	C3%	C6%	C8%	C9%
-	-	0.62	10.88	53.34	3.34	0.00
0	0	0.89	11.51	52.60	4.60	0.00
0	4	0.56	9.80	57.32	3.55	0.00
1	1	0.39	9.86	52.46	5.24	0.00
1	5	0.66	13.48	50.07	2.15	0.02
2	2	0.44	9.39	56.68	2.81	0.00
2	6	0.65	11.20	51.48	2.99	0.00
3	3	1.00	12.43	51.70	1.48	0.00
3	7	0.38	9.32	54.32	3.93	0.00
Core	CPU	C1%	C3%	C6%	C8%	C9%
-	-	1.65	10.42	49.03	6.66	0.02
0	0	1.41	9.78	53.58	6.70	0.00
0	4	2.21	11.11	48.18	8.43	0.00
1	1	0.90	9.29	53.30	7.55	0.00
1	5	2.04	14.56	44.36	3.97	0.16
2	2	1.76	9.64	46.23	12.10	0.00
2	6	1.57	8.77	46.19	1.98	0.00
3	3	1.58	9.76	50.57	5.23	0.00
3	7	1.70	10.43	49.86	7.34	0.00
Core	CPU	C1%	C3%	C6%	C8%	C9%
-	-	0.45	10.38	52.00	5.02	0.03
0	0	0.16	10.89	55.70	1.85	0.03
0	4	0.31	8.38	52.91	9.15	0.00
1	1	0.69	10.46	54.71	2.74	0.00
1	5	0.49	14.86	42.41	3.40	0.15
2	2	0.59	11.06	54.14	4.23	0.00
2	6	0.47	8.38	48.19	9.09	0.09
3	3	0.60	10.12	52.23	4.93	0.00
3	7	0.32	8.88	55.73	4.79	0.00
Core	CPU	C1%	C3%	C6%	C8%	C9%
-	-	0.32	9.83	50.45	6.81	0.01
0	0	0.37	9.88	53.39	5.12	0.01
0	4	0.13	9.28	49.76	8.69	0.00
1	1	0.34	8.70	54.43	6.05	0.00
1	5	0.71	14.69	36.28	5.65	0.09
2	2	0.19	9.63	53.61	4.86	0.00
2	6	0.33	9.32	53.55	6.39	0.00
3	3	0.27	7.73	49.13	11.27	0.00
3	7	0.26	9.39	53.49	6.47	0.00
Core	CPU	C1%	C3%	C6%	C8%	C9%
-	-	0.72	10.76	48.83	6.04	0.04
0	0	0.47	9.61	50.57	5.35	0.00
0	4	0.72	9.84	53.13	6.97	0.00
1	1	0.61	10.69	53.13	5.39	0.00
1	5	1.00	15.79	34.94	2.79	0.29
2	2	0.60	10.02	51.38	5.45	0.00
2	6	0.58	10.25	52.21	6.62	0.01
3	3	0.93	10.90	48.66	8.87	0.00
3	7	0.87	9.20	47.63	7.02	0.00
Core	CPU	C1%	C3%	C6%	C8%	C9%
-	-	0.87	12.09	49.09	4.10	0.00
0	0	0.75	12.54	52.32	3.15	0.00
0	4	0.76	12.47	51.09	4.40	0.00
1	1	0.87	10.98	50.54	6.73	0.00
1	5	1.25	16.45	42.21	1.07	0.02
2	2	0.96	10.81	50.94	3.47	0.00
2	6	0.92	12.30	48.23	4.99	0.00
3	3	0.92	9.88	43.96	3.49	0.00
3	7	0.50	11.08	52.48	5.37	0.00
Core	CPU	C1%	C3%	C6%	C8%	C9%
-	-	0.38	8.80	55.07	7.55	0.04
0	0	0.36	7.38	54.76	8.73	0.00
0	4	0.30	9.15	57.05	7.17	0.00
1	1	0.24	7.64	55.92	11.00	0.00
1	5	0.68	12.67	45.97	4.29	0.31
2	2	0.24	7.43	56.80	6.08	0.00
2	6	0.40	8.66	56.43	9.26	0.00
3	3	0.41	9.15	53.95	8.03	0.00
3	7	0.41	8.34	59.59	5.79	0.00
Core	CPU	C1%	C3%	C6%	C8%	C9%
-	-	0.20	7.31	55.66	9.27	0.20
0	0	0.07	6.43	59.10	11.15	0.00
0	4	0.21	6.31	59.01	8.76	0.00
1	1	0.26	7.39	53.79	10.71	0.00
1	5	0.48	12.50	46.00	4.59	1.31
2	2	0.21	6.10	54.53	10.33	0.00
2	6	0.28	6.00	56.06	12.26	0.27
3	3	0.07	6.13	57.94	10.77	0.00
3	7	0.05	7.71	59.76	5.73	0.00
Core	CPU	C1%	C3%	C6%	C8%	C9%
-	-	0.11	5.66	58.25	12.44	0.08
0	0	0.17	4.81	54.67	18.60	0.00
0	4	0.13	5.32	55.39	6.21	0.00
1	1	0.02	5.21	56.19	13.66	0.00
1	5	0.07	7.30	56.46	12.19	0.48
2	2	0.03	4.99	59.73	11.73	0.00
2	6	0.07	6.33	65.25	7.54	0.00
3	3	0.27	5.63	56.10	16.25	0.17
3	7	0.13	5.61	61.18	13.13	0.00
Core	CPU	C1%	C3%	C6%	C8%	C9%
-	-	0.77	8.78	54.23	6.57	0.07
0	0	0.77	7.07	52.25	6.45	0.00
0	4	1.15	7.35	53.53	10.48	0.00
1	1	0.42	7.89	56.76	8.28	0.00
1	5	1.08	13.63	46.91	5.45	0.10
2	2	0.77	8.87	53.90	4.55	0.01
2	6	0.60	8.71	53.40	7.05	0.00
3	3	0.68	8.62	60.67	5.39	0.00
3	7	0.73	8.16	56.64	4.91	0.45
Core	CPU	C1%	C3%	C6%	C8%	C9%
-	-	0.33	6.77	59.87	7.11	0.07
0	0	0.64	6.98	62.90	4.90	0.00
0	4	0.15	5.84	60.01	8.89	0.00
1	1	0.22	6.62	62.71	5.19	0.00
1	5	0.67	8.67	53.60	6.50	0.52
2	2	0.33	7.90	55.68	10.53	0.00
2	6	0.16	6.25	60.84	6.55	0.00
3	3	0.12	5.94	63.07	6.07	0.00
3	7	0.34	5.96	60.15	8.27	0.00
Core	CPU	C1%	C3%	C6%	C8%	C9%
-	-	0.29	6.23	58.68	8.64	0.09
0	0	0.31	7.24	57.79	6.75	0.09
0	4	0.15	5.13	60.41	10.71	0.00
1	1	0.24	5.40	61.76	7.18	0.00
1	5	0.45	8.32	57.47	5.82	0.55
2	2	0.16	5.78	57.71	12.45	0.09
2	6	0.38	6.29	58.11	6.35	0.00
3	3	0.46	6.01	60.39	9.19	0.00
3	7	0.17	5.66	55.90	10.67	0.00
Core	CPU	C1%	C3%	C6%	C8%	C9%
-	-	0.52	6.68	58.14	7.13	0.09
0	0	0.44	6.70	54.42	7.88	0.00
0	4	0.70	6.54	59.69	8.34	0.00
1	1	0.36	6.08	56.84	8.57	0.00
1	5	0.76	7.65	57.86	6.56	0.71
2	2	0.78	6.71	61.86	6.75	0.00
2	6	0.24	6.95	59.34	5.10	0.00
3	3	0.22	7.46	60.35	5.06	0.00
3	7	0.67	5.34	54.56	8.73	0.00
Core	CPU	C1%	C3%	C6%	C8%	C9%
-	-	0.35	3.77	53.54	13.13	0.03
0	0	0.67	3.18	49.50	13.78	0.00
0	4	0.55	3.66	51.30	14.13	0.00
1	1	0.06	3.21	44.51	17.51	0.21
1	5	0.09	4.62	56.98	11.67	0.00
2	2	0.59	4.01	53.94	12.11	0.01
2	6	0.14	3.82	53.14	16.77	0.00
3	3	0.52	3.78	59.05	8.64	0.00
3	7	0.15	3.91	59.91	10.41	0.00
Core	CPU	C1%	C3%	C6%	C8%	C9%
-	-	0.28	3.81	50.96	11.28	0.11
0	0	0.30	3.95	51.12	8.38	0.00
0	4	0.45	3.57	50.61	13.80	0.00
1	1	0.18	3.70	52.96	11.66	0.00
1	5	0.53	4.06	51.62	10.05	0.20
2	2	0.18	3.36	49.00	11.18	0.00
2	6	0.30	4.00	48.27	11.32	0.54
3	3	0.15	3.97	53.13	10.68	0.00
3	7	0.10	3.91	50.94	13.20	0.19
Core	CPU	C1%	C3%	C6%	C8%	C9%
-	-	0.22	4.16	53.24	11.01	0.60
0	0	0.19	4.32	50.66	10.05	0.10
0	4	0.43	4.10	54.25	12.76	0.01
1	1	0.16	4.06	51.66	10.72	0.00
1	5	0.12	4.50	54.90	7.21	4.55
2	2	0.27	3.19	48.08	13.73	0.00
2	6	0.29	5.28	54.84	10.38	0.00
3	3	0.25	3.82	54.32	11.65	0.01
3	7	0.09	4.05	57.23	11.61	0.16
Core	CPU	C1%	C3%	C6%	C8%	C9%
-	-	0.62	5.30	51.00	15.88	0.04
0	0	0.51	5.73	49.88	20.78	0.00
0	4	0.55	4.83	51.04	24.14	0.19
1	1	0.59	5.56	57.11	13.30	0.00
1	5	0.66	6.59	52.00	15.47	0.12
2	2	0.32	4.53	39.21	10.20	0.01
2	6	1.09	5.51	56.74	14.01	0.00
3	3	0.79	5.23	53.92	11.91	0.00
3	7	0.47	4.41	48.08	17.23	0.00
Core	CPU	C1%	C3%	C6%	C8%	C9%
-	-	0.40	5.70	56.19	9.32	0.18
0	0	0.73	6.38	56.41	9.50	0.00
0	4	0.35	6.01	52.57	9.52	0.81
1	1	0.26	5.17	55.10	12.54	0.01
1	5	0.21	7.50	57.92	5.21	0.59
2	2	0.45	6.80	58.97	9.51	0.00
2	6	0.33	3.83	54.36	12.21	0.00
3	3	0.33	5.34	58.86	6.45	0.00
3	7	0.54	4.59	55.37	9.68	0.00
Core	CPU	C1%	C3%	C6%	C8%	C9%
-	-	0.65	10.50	55.92	3.63	0.05
0	0	0.72	9.95	50.68	5.97	0.00
0	4	0.65	10.06	56.91	2.83	0.00
1	1	0.70	9.84	59.90	3.74	0.00
1	5	0.96	11.38	51.13	3.28	0.42
2	2	0.78	11.80	57.18	1.24	0.00
2	6	0.31	9.83	56.40	5.34	0.00
3	3	0.55	10.34	58.91	2.42	0.00
3	7	0.49	10.76	56.18	4.20	0.00
Core	CPU	C1%	C3%	C6%	C8%	C9%
-	-	0.78	10.96	53.03	3.38	0.01
0	0	1.06	11.73	52.79	1.91	0.00
0	4	0.59	10.47	52.80	4.66	0.00
1	1	0.65	10.52	56.59	3.53	0.00
1	5	1.41	11.11	46.91	2.97	0.10
2	2	0.65	10.92	51.18	4.51	0.00
2	6	0.88	11.27	53.53	2.52	0.00
3	3	0.52	11.80	53.11	2.76	0.01
3	7	0.49	9.96	57.79	4.21	0.00
Core	CPU	C1%	C3%	C6%	C8%	C9%
-	-	0.55	10.31	53.46	4.08	0.02
0	0	0.32	8.78	55.76	5.48	0.00
0	4	0.63	9.17	51.41	6.26	0.00
1	1	0.53	9.29	54.43	4.97	0.00
1	5	0.83	14.82	44.04	2.10	0.00
2	2	0.59	9.82	55.94	3.27	0.00
2	6	0.76	10.51	55.14	2.77	0.12
3	3	0.25	9.15	57.54	4.59	0.00
3	7	0.44	10.82	53.10	3.18	0.00
Core	CPU	C1%	C3%	C6%	C8%	C9%
-	-	0.51	10.11	51.38	5.79	0.00
0	0	0.50	8.70	53.01	8.28	0.00
0	4	0.40	9.08	49.13	8.28	0.00
1	1	0.76	9.16	54.06	3.91	0.00
1	5	1.04	14.79	41.99	1.70	0.00
2	2	0.27	9.42	51.74	8.21	0.00
2	6	0.46	9.76	53.91	4.61	0.00
3	3	0.30	9.32	56.15	4.50	0.00
3	7	0.34	10.66	50.98	6.81	0.00
Core	CPU	C1%	C3%	C6%	C8%	C9%
-	-	0.56	10.11	52.13	3.99	0.04
0	0	0.52	9.75	53.98	4.00	0.00
0	4	0.43	9.90	51.12	3.69	0.00
1	1	0.91	11.09	53.22	0.89	0.00
1	5	0.90	12.88	46.94	3.72	0.29
2	2	0.38	9.73	50.93	4.27	0.01
2	6	0.31	8.00	53.48	5.42	0.01
3	3	0.68	10.42	51.36	4.73	0.00
3	7	0.39	9.08	55.91	5.24	0.01
Core	CPU	C1%	C3%	C6%	C8%	C9%
-	-	0.57	9.30	56.83	3.76	0.00
0	0	0.72	9.37	60.14	2.80	0.00
0	4	0.44	9.19	55.99	4.74	0.00
1	1	0.73	8.51	56.43	5.41	0.00
1	5	0.88	9.77	55.11	4.40	0.00
2	2	0.39	11.42	51.94	0.75	0.00
2	6	0.33	8.32	60.01	5.18	0.00
3	3	0.38	9.02	57.17	2.18	0.00
3	7	0.65	8.84	57.83	4.61	0.00
Core	CPU	C1%	C3%	C6%	C8%	C9%
-	-	0.99	9.41	54.45	5.49	0.05
0	0	1.41	9.87	56.24	5.25	0.00
0	4	1.06	9.62	57.14	6.88	0.00
1	1	1.08	7.12	45.73	1.88	0.00
1	5	0.70	9.22	52.55	7.19	0.44
2	2	0.67	9.73	56.36	4.50	0.00
2	6	0.82	10.07	54.66	6.46	0.00
3	3	0.75	11.27	56.98	4.35	0.00
3	7	1.41	8.39	55.88	7.42	0.00
Core	CPU	C1%	C3%	C6%	C8%	C9%
-	-	0.53	9.02	57.41	4.07	0.00
0	0	0.27	9.36	54.43	4.83	0.00
0	4	0.89	8.62	57.87	7.38	0.01
1	1	0.22	8.13	60.98	2.23	0.00
1	5	0.80	9.19	56.22	3.13	0.00
2	2	0.35	8.93	58.64	4.20	0.00
2	6	0.68	10.71	54.41	3.71	0.00
3	3	0.48	8.26	56.54	3.64	0.00
3	7	0.56	9.00	60.22	3.44	0.00
Core	CPU	C1%	C3%	C6%	C8%	C9%
-	-	1.28	10.12	43.55	4.12	0.11
0	0	1.09	10.14	46.76	3.16	0.00
0	4	0.90	9.73	46.10	2.37	0.00
1	1	1.64	8.34	44.50	7.97	0.00
1	5	1.24	12.75	33.96	2.18	0.92
2	2	1.43	9.08	46.04	4.72	0.00
2	6	0.98	10.01	43.62	4.05	0.00
3	3	1.49	11.01	42.82	3.73	0.00
3	7	1.51	9.93	44.80	4.84	0.00
Core	CPU	C1%	C3%	C6%	C8%	C9%
-	-	0.37	8.08	54.79	8.45	0.01
0	0	0.45	7.06	56.51	7.21	0.00
0	4	0.31	9.29	55.67	4.45	0.00
1	1	0.22	7.65	53.56	13.11	0.00
1	5	0.55	11.25	50.83	3.42	0.00
2	2	0.33	6.74	52.96	13.82	0.00
2	6	0.42	7.62	54.42	8.22	0.00
3	3	0.21	7.11	54.82	10.92	0.00
3	7	0.50	7.93	59.31	6.39	0.11
Core	CPU	C1%	C3%	C6%	C8%	C9%
-	-	0.44	6.80	58.45	8.57	0.05
0	0	0.75	6.13	60.71	7.96	0.01
0	4	0.67	6.33	63.30	5.18	0.00
1	1	0.24	5.61	59.48	11.26	0.00
1	5	0.61	9.94	54.92	5.28	0.36
2	2	0.14	6.32	60.84	9.69	0.00
2	6	0.13	7.01	55.99	9.81	0.00
3	3	0.71	6.94	56.87	8.79	0.00
3	7	0.29	6.14	55.45	10.63	0.00
Core	CPU	C1%	C3%	C6%	C8%	C9%
-	-	0.51	8.51	53.13	11.36	0.00
0	0	0.77	8.77	55.97	10.35	0.00
0	4	0.50	9.14	60.19	7.95	0.00
1	1	0.10	6.67	42.18	5.66	0.00
1	5	0.68	10.11	47.41	15.61	0.00
2	2	0.28	8.47	53.13	12.99	0.00
2	6	0.80	9.63	58.84	6.90	0.00
3	3	0.41	7.89	49.38	21.49	0.00
3	7	0.54	7.35	57.90	9.93	0.00
Core	CPU	C1%	C3%	C6%	C8%	C9%
-	-	0.64	7.22	51.41	11.60	0.22
0	0	0.42	6.94	52.84	11.50	0.00
0	4	0.69	6.54	49.02	17.13	0.00
1	1	0.84	6.90	50.37	10.62	0.09
1	5	0.43	10.30	47.58	6.72	0.84
2	2	0.80	7.74	55.36	9.47	0.00
2	6	0.92	6.72	54.48	11.09	0.00
3	3	0.46	6.97	49.95	14.59	0.82
3	7	0.58	5.69	51.88	11.71	0.00
Core	CPU	C1%	C3%	C6%	C8%	C9%
-	-	1.43	8.33	43.56	6.01	0.00
0	0	1.49	8.20	47.88	5.17	0.00
0	4	1.12	8.67	44.05	6.72	0.00
1	1	1.45	7.86	42.45	7.72	0.00
1	5	2.14	11.03	37.45	1.92	0.00
2	2	1.64	8.52	43.25	7.62	0.00
2	6	1.48	7.03	45.15	6.42	0.00
3	3	1.19	7.59	43.88	6.72	0.00
3	7	0.89	7.71	44.26	5.81	0.00
Core	CPU	C1%	C3%	C6%	C8%	C9%
-	-	0.42	6.96	56.46	8.84	0.07
0	0	0.18	6.19	54.93	9.35	0.00
0	4	0.50	6.78	55.31	11.78	0.00
1	1	0.27	6.24	57.46	8.25	0.00
1	5	0.37	7.76	56.47	9.80	0.04
2	2	0.53	7.93	56.31	6.98	0.07
2	6	0.73	6.55	58.60	9.40	0.00
3	3	0.39	7.92	57.05	6.90	0.00
3	7	0.42	6.32	55.55	8.26	0.42
Core	CPU	C1%	C3%	C6%	C8%	C9%
-	-	0.51	8.04	57.87	5.09	0.27
0	0	0.68	7.91	57.00	4.74	0.00
0	4	0.58	6.79	58.17	6.88	0.00
1	1	0.67	7.50	57.82	2.10	1.84
1	5	0.44	8.93	57.93	5.79	0.28
2	2	0.31	7.53	55.34	6.32	0.00
2	6	0.65	9.05	57.55	4.83	0.00
3	3	0.32	7.54	57.03	5.71	0.00
3	7	0.46	9.02	62.14	4.35	0.00
Core	CPU	C1%	C3%	C6%	C8%	C9%
-	-	0.54	7.12	60.46	6.61	0.04
0	0	0.50	7.87	58.70	6.72	0.00
0	4	0.50	6.55	57.93	8.47	0.32
1	1	0.54	7.30	58.91	6.23	0.00
1	5	0.51	7.34	59.54	8.68	0.00
2	2	0.35	7.12	59.30	5.33	0.00
2	6	0.78	7.47	62.33	6.20	0.00
3	3	0.53	6.20	65.17	6.41	0.00
3	7	0.60	7.13	62.01	4.90	0.00
Core	CPU	C1%	C3%	C6%	C8%	C9%
-	-	0.47	5.68	58.28	9.49	0.14
0	0	0.75	6.28	58.13	5.80	0.00
0	4	0.17	5.32	58.26	11.80	0.40
1	1	0.57	5.17	58.40	10.18	0.29
1	5	0.31	7.25	55.98	9.04	0.01
2	2	0.55	5.37	55.87	12.57	0.00
2	6	0.64	5.35	59.59	7.25	0.00
3	3	0.54	6.29	62.44	8.44	0.00
3	7	0.25	4.40	57.45	10.79	0.41
Core	CPU	C1%	C3%	C6%	C8%	C9%
-	-	0.35	6.65	57.21	7.60	0.03
0	0	0.50	5.84	57.56	10.29	0.00
0	4	0.13	6.04	55.92	7.23	0.00
1	1	0.60	6.45	54.04	7.02	0.00
1	5	0.40	7.24	54.06	6.54	0.00
2	2	0.21	5.50	58.18	12.34	0.00
2	6	0.29	7.63	61.62	5.05	0.00
3	3	0.33	6.88	57.74	7.71	0.22
3	7	0.30	7.57	58.48	4.67	0.00
Core	CPU	C1%	C3%	C6%	C8%	C9%
-	-	0.29	7.32	59.40	6.05	0.11
0	0	0.22	7.21	60.95	5.10	0.06
0	4	0.48	7.14	59.89	6.37	0.01
1	1	0.12	6.01	64.13	7.14	0.00
1	5	0.15	8.02	58.90	4.96	0.11
2	2	0.65	6.80	56.18	9.46	0.00
2	6	0.21	8.16	60.78	6.37	0.00
3	3	0.31	7.46	56.27	4.88	0.08
3	7	0.18	7.74	58.16	4.14	0.61
Core	CPU	C1%	C3%	C6%	C8%	C9%
-	-	0.98	7.42	54.93	11.19	0.04
0	0	1.08	8.93	57.55	10.32	0.00
0	4	0.48	6.16	53.06	15.66	0.00
1	1	0.72	5.74	55.95	17.66	0.21
1	5	1.08	8.42	55.20	10.08	0.08
2	2	0.59	5.53	42.28	4.38	0.00
2	6	1.32	7.15	59.40	12.13	0.00
3	3	1.51	8.95	59.30	12.33	0.00
3	7	1.02	8.48	56.71	6.94	0.00
Core	CPU	C1%	C3%	C6%	C8%	C9%
-	-	0.38	6.66	58.78	7.91	0.00
0	0	0.54	6.47	54.23	9.86	0.00
0	4	0.33	6.56	66.30	4.42	0.00
1	1	0.55	6.25	56.05	11.42	0.00
1	5	0.33	7.91	56.10	8.69	0.01
2	2	0.40	6.86	56.80	8.11	0.00
2	6	0.25	6.21	60.13	5.63	0.00
3	3	0.41	7.07	59.73	6.69	0.00
3	7	0.21	5.98	60.90	8.43	0.00
Core	CPU	C1%	C3%	C6%	C8%	C9%
-	-	0.37	7.24	57.84	7.35	0.03
0	0	0.24	7.19	61.19	3.56	0.00
0	4	0.50	6.79	57.19	9.54	0.01
1	1	0.31	5.60	53.95	13.68	0.11
1	5	0.61	10.01	56.85	3.64	0.15
2	2	0.37	6.69	61.26	6.87	0.00
2	6	0.28	7.13	60.31	5.47	0.00
3	3	0.28	7.84	54.77	6.93	0.00
3	7	0.37	6.66	57.16	9.12	0.00
Core	CPU	C1%	C3%	C6%	C8%	C9%
-	-	0.29	5.67	58.95	8.55	0.00
0	0	0.24	4.83	56.76	7.12	0.00
0	4	0.11	5.70	62.55	9.36	0.00
1	1	0.43	5.42	59.81	9.79	0.00
1	5	0.21	6.25	59.78	8.78	0.00
2	2	0.52	6.67	59.03	7.72	0.00
2	6	0.30	4.60	55.76	9.29	0.00
3	3	0.35	5.29	59.55	9.94	0.00
3	7	0.18	6.63	58.34	6.43	0.00
Core	CPU	C1%	C3%	C6%	C8%	C9%
-	-	0.27	4.18	51.45	11.20	0.01
0	0	0.14	4.06	52.18	15.58	0.01
0	4	0.34	3.91	52.63	8.23	0.05
1	1	0.25	3.46	50.42	10.61	0.00
1	5	0.28	5.02	49.59	10.21	0.00
2	2	0.03	4.25	52.11	12.94	0.00
2	6	0.34	4.00	51.30	9.44	0.00
3	3	0.35	4.33	49.85	9.88	0.00
3	7	0.39	4.50	54.16	12.88	0.00
Core	CPU	C1%	C3%	C6%	C8%	C9%
-	-	0.37	4.10	56.53	9.47	0.00
0	0	0.27	4.29	60.81	9.79	0.01
0	4	0.36	4.46	58.69	8.46	0.00
1	1	0.50	4.15	57.46	6.19	0.00
1	5	0.43	3.36	55.45	13.04	0.00
2	2	0.30	3.62	52.12	10.13	0.00
2	6	0.38	4.08	53.66	9.05	0.00
3	3	0.34	4.90	57.32	9.73	0.00
3	7	0.40	3.88	56.04	9.27	0.00
Core	CPU	C1%	C3%	C6%	C8%	C9%
-	-	0.33	4.79	56.71	10.42	0.00
0	0	0.45	5.12	56.24	7.59	0.04
0	4	0.33	4.43	53.53	12.86	0.00
1	1	0.49	5.30	59.76	7.59	0.00
1	5	0.56	5.34	56.61	8.79	0.00
2	2	0.18	4.62	55.89	12.19	0.00
2	6	0.46	4.86	57.87	9.75	0.00
3	3	0.08	4.20	55.29	13.47	0.00
3	7	0.12	4.54	59.33	11.26	0.00
Core	CPU	C1%	C3%	C6%	C8%	C9%
-	-	0.35	5.27	57.49	8.96	0.05
0	0	0.18	5.70	56.75	8.29	0.00
0	4	0.19	5.31	49.02	8.78	0.00
1	1	0.27	4.54	59.06	11.32	0.37
1	5	0.28	5.01	59.86	6.48	0.00
2	2	0.23	6.09	60.29	7.55	0.06
2	6	0.46	4.68	55.81	11.01	0.00
3	3	0.47	5.34	57.43	10.16	0.00
3	7	0.74	5.44	60.88	7.93	0.00
Core	CPU	C1%	C3%	C6%	C8%	C9%
-	-	0.63	10.56	54.85	2.81	0.00
0	0	0.52	9.98	57.87	3.26	0.00
0	4	0.58	9.74	55.08	2.11	0.00
1	1	0.56	8.74	57.58	4.38	0.00
1	5	0.90	13.53	47.73	1.98	0.01
2	2	0.75	10.09	57.49	4.24	0.00
2	6	0.72	10.76	53.75	2.43	0.00
3	3	0.44	10.98	56.85	1.18	0.00
3	7	0.59	10.64	52.43	2.87	0.00
Core	CPU	C1%	C3%	C6%	C8%	C9%
-	-	0.52	10.61	54.14	3.43	0.01
0	0	0.48	9.25	54.81	5.24	0.00
0	4	0.31	10.45	52.11	4.08	0.00
1	1	0.47	9.35	58.23	3.17	0.00
1	5	0.72	16.10	41.78	1.39	0.10
2	2	0.57	8.48	58.30	4.96	0.00
2	6	0.77	11.44	52.17	3.91	0.00
3	3	0.55	9.82	59.07	2.15	0.00
3	7	0.27	9.97	56.76	2.51	0.01
Core	CPU	C1%	C3%	C6%	C8%	C9%
-	-	0.64	10.56	52.52	4.39	0.00
0	0	0.69	10.52	55.66	3.24	0.00
0	4	0.42	10.35	52.62	4.96	0.00
1	1	0.37	8.84	53.26	10.40	0.00
1	5	0.82	15.75	41.52	2.30	0.00
2	2	0.73	10.53	56.14	3.31	0.00
2	6	0.56	10.17	54.40	3.11	0.00
3	3	0.77	7.76	53.21	5.41	0.00
3	7	0.79	10.55	53.15	2.38	0.00
Core	CPU	C1%	C3%	C6%	C8%	C9%
-	-	1.20	10.47	49.25	8.54	0.04
0	0	1.23	13.73	56.76	5.21	0.00
0	4	0.82	8.34	50.80	14.85	0.11
1	1	1.33	9.33	50.41	10.18	0.00
1	5	1.97	13.50	47.95	5.36	0.00
2	2	0.76	10.32	51.47	10.73	0.21
2	6	1.17	10.73	51.07	6.88	0.00
3	3	0.85	6.74	39.71	9.47	0.00
3	7	1.49	11.15	46.17	5.72	0.00
Core	CPU	C1%	C3%	C6%	C8%	C9%
-	-	0.37	9.61	53.30	6.03	0.06
0	0	0.33	8.80	50.53	10.02	0.00
0	4	0.27	8.29	57.13	5.09	0.00
1	1	0.14	8.82	57.00	6.11	0.10
1	5	0.65	14.45	40.24	3.83	0.35
2	2	0.34	9.19	54.76	5.19	0.00
2	6	0.35	8.83	57.22	4.92	0.00
3	3	0.61	10.59	54.25	5.63	0.00
3	7	0.30	7.89	55.02	7.40	0.00
Core	CPU	C1%	C3%	C6%	C8%	C9%
-	-	0.48	9.11	54.79	5.07	0.10
0	0	0.46	9.68	56.59	4.12	0.00
0	4	0.26	8.61	56.41	4.36	0.00
1	1	0.22	6.36	58.73	8.05	0.21
1	5	1.36	13.32	44.98	3.11	0.61
2	2	0.18	8.01	56.40	5.46	0.00
2	6	0.42	9.70	57.57	4.24	0.00
3	3	0.61	9.21	54.71	5.03	0.00
3	7	0.30	8.00	52.83	6.16	0.00
Core	CPU	C1%	C3%	C6%	C8%	C9%
-	-	0.29	7.83	54.57	8.02	0.08
0	0	0.22	6.39	51.91	11.15	0.00
0	4	0.11	8.65	54.88	10.77	0.01
1	1	0.28	6.90	58.93	4.48	0.00
1	5	0.48	11.57	47.02	5.26	0.61
2	2	0.24	8.94	54.77	4.72	0.00
2	6	0.08	6.25	56.81	8.42	0.00
3	3	0.54	6.30	56.05	12.27	0.00
3	7	0.37	7.68	56.34	7.10	0.01
Core	CPU	C1%	C3%	C6%	C8%	C9%
-	-	0.31	6.43	56.52	8.54	0.04
0	0	0.42	6.87	54.94	5.74	0.00
0	4	0.20	6.20	58.16	8.56	0.00
1	1	0.27	5.41	54.49	11.02	0.00
1	5	0.38	8.79	54.49	6.05	0.33
2	2	0.43	6.91	55.35	5.85	0.01
2	6	0.22	5.79	59.73	9.29	0.00
3	3	0.38	5.58	54.62	14.44	0.01
3	7	0.22	5.91	60.26	7.34	0.00
Core	CPU	C1%	C3%	C6%	C8%	C9%
-	-	0.40	9.07	55.04	5.02	0.10
0	0	0.56	9.84	50.57	6.04	0.50
0	4	0.41	7.95	54.89	7.14	0.00
1	1	0.31	9.66	53.86	4.33	0.00
1	5	0.62	11.78	52.57	4.35	0.29
2	2	0.27	7.70	61.08	4.82	0.00
2	6	0.38	9.36	57.26	2.92	0.00
3	3	0.42	9.23	54.62	4.01	0.00
3	7	0.26	7.05	55.44	6.52	0.00
Core	CPU	C1%	C3%	C6%	C8%	C9%
-	-	0.54	9.48	52.75	5.47	0.16
0	0	0.48	10.83	50.63	4.65	0.00
0	4	0.75	8.38	55.91	5.64	0.00
1	1	0.64	9.82	55.10	4.57	0.00
1	5	0.58	13.24	45.53	2.56	0.99
2	2	0.36	8.70	52.06	4.93	0.21
2	6	0.47	7.51	54.59	7.77	0.06
3	3	0.56	7.58	54.79	8.58	0.01
3	7	0.46	9.78	53.56	5.08	0.00
Core	CPU	C1%	C3%	C6%	C8%	C9%
-	-	0.46	6.82	52.92	10.80	0.15
0	0	0.83	6.98	54.17	9.98	0.00
0	4	0.66	5.87	55.13	8.87	0.00
1	1	0.27	6.43	54.77	12.92	0.00
1	5	0.49	10.27	47.59	6.58	0.82
2	2	0.70	7.25	58.47	8.85	0.40
2	6	0.35	4.69	46.85	17.94	0.00
3	3	0.26	6.11	49.01	13.04	0.00
3	7	0.17	6.94	57.37	8.18	0.00
Core	CPU	C1%	C3%	C6%	C8%	C9%
-	-	0.28	7.80	52.88	12.07	0.04
0	0	0.43	7.50	55.95	11.56	0.00
0	4	0.23	6.50	57.97	14.76	0.00
1	1	0.35	5.76	54.71	15.46	0.00
1	5	0.30	13.97	49.18	6.26	0.36
2	2	0.45	8.33	55.34	11.79	0.00
2	6	0.15	8.21	57.50	11.59	0.00
3	3	0.19	6.78	52.90	19.84	0.00
3	7	0.16	5.43	39.79	5.42	0.00
Core	CPU	C1%	C3%	C6%	C8%	C9%
-	-	0.97	9.12	51.74	7.70	0.02
0	0	1.13	8.42	52.80	7.83	0.00
0	4	1.01	8.60	56.67	5.37	0.00
1	1	0.94	8.20	50.23	11.17	0.00
1	5	1.27	13.58	46.36	3.18	0.09
2	2	0.88	7.92	51.27	8.65	0.07
2	6	0.93	8.88	51.21	9.29	0.00
3	3	1.07	9.40	53.12	8.33	0.00
3	7	0.53	7.92	51.89	7.68	0.04
Core	CPU	C1%	C3%	C6%	C8%	C9%
-	-	0.82	11.13	52.06	3.48	0.00
0	0	0.71	10.60	53.53	2.47	0.00
0	4	0.73	11.56	49.99	3.28	0.00
1	1	0.91	11.11	55.08	4.45	0.00
1	5	1.46	14.58	44.04	2.70	0.00
2	2	0.79	9.63	58.03	1.44	0.00
2	6	0.34	10.62	55.48	2.45	0.00
3	3	0.77	10.53	52.91	4.49	0.00
3	7	0.87	10.43	47.41	6.56	0.00
Core	CPU	C1%	C3%	C6%	C8%	C9%
-	-	5.76	10.48	43.71	4.16	0.03
0	0	5.58	9.91	45.34	5.08	0.00
0	4	4.74	10.49	46.94	3.66	0.08
1	1	6.18	10.23	47.03	2.77	0.00
1	5	5.84	12.27	39.72	3.67	0.00
2	2	7.07	10.88	41.63	3.45	0.10
2	6	5.11	9.95	41.78	5.64	0.09
3	3	5.25	10.62	44.43	3.87	0.00
3	7	6.29	9.47	42.78	5.17	0.00
Core	CPU	C1%	C3%	C6%	C8%	C9%
-	-	11.06	5.66	32.89	4.62	0.03
0	0	12.36	6.91	28.01	3.09	0.00
0	4	9.72	4.11	35.69	5.76	0.14
1	1	12.09	5.61	33.80	6.45	0.00
1	5	10.53	5.36	36.06	6.02	0.01
2	2	9.28	5.76	35.79	6.40	0.02
2	6	11.57	6.19	28.64	2.87	0.01
3	3	9.90	5.52	36.96	4.23	0.03
3	7	13.02	5.83	28.21	2.13	0.02
Core	CPU	C1%	C3%	C6%	C8%	C9%
-	-	8.22	6.34	34.78	5.71	0.28
0	0	9.19	6.70	34.72	4.41	0.00
0	4	7.67	5.98	33.39	4.41	0.01
1	1	8.55	5.83	39.03	6.27	0.11
1	5	8.15	6.48	34.37	7.45	1.59
2	2	8.67	6.69	34.84	5.56	0.00
2	6	7.54	5.82	33.23	5.51	0.00
3	3	6.35	5.73	37.78	7.80	0.21
3	7	9.65	7.46	30.87	4.25	0.34
Core	CPU	C1%	C3%	C6%	C8%	C9%
-	-	12.15	6.09	31.05	5.06	0.03
0	0	12.50	6.89	30.35	5.61	0.00
0	4	11.24	6.21	34.06	5.62	0.00
1	1	12.90	5.72	30.56	5.86	0.02
1	5	12.90	5.80	29.68	5.43	0.16
2	2	10.26	5.36	31.07	5.28	0.01
2	6	11.37	4.38	31.10	4.08	0.00
3	3	14.00	7.92	27.93	5.09	0.00
3	7	12.03	6.47	33.64	3.52	0.04
Core	CPU	C1%	C3%	C6%	C8%	C9%
-	-	9.12	7.03	33.80	4.29	0.05
0	0	9.82	7.65	29.18	3.04	0.00
0	4	8.85	6.49	37.28	6.41	0.00
1	1	7.70	7.48	36.67	3.97	0.00
1	5	11.07	6.69	31.75	4.90	0.00
2	2	10.06	7.24	31.86	4.92	0.12
2	6	10.75	7.28	34.39	4.55	0.18
3	3	8.60	7.45	34.06	4.32	0.00
3	7	6.08	5.92	35.23	2.21	0.08
Core	CPU	C1%	C3%	C6%	C8%	C9%
-	-	7.95	8.57	34.76	3.88	0.03
0	0	8.73	8.30	34.02	4.61	0.02
0	4	8.76	8.08	35.35	5.57	0.19
1	1	7.40	8.84	35.01	3.17	0.00
1	5	8.15	8.93	34.51	5.23	0.00
2	2	7.98	8.91	33.04	2.23	0.01
2	6	7.31	8.26	37.66	3.29	0.00
3	3	9.16	8.22	34.29	3.17	0.01
3	7	6.11	9.03	34.21	3.76	0.00
Core	CPU	C1%	C3%	C6%	C8%	C9%
-	-	10.00	4.70	22.33	10.97	0.38
0	0	11.19	5.33	23.06	6.17	0.01
0	4	9.66	4.27	18.74	4.84	0.00
1	1	10.54	4.28	22.52	2.92	0.00
1	5	10.10	4.91	20.08	3.13	0.00
2	2	11.11	4.76	23.12	23.92	0.04
2	6	8.77	5.35	27.39	23.70	0.88
3	3	9.94	4.66	21.32	2.85	0.00
3	7	8.66	4.04	22.41	20.26	2.08
Core	CPU	C1%	C3%	C6%	C8%	C9%
-	-	10.17	5.55	34.94	6.06	0.15
0	0	10.52	5.41	33.26	10.09	0.21
0	4	9.74	5.90	33.11	6.66	0.74
1	1	10.58	5.01	39.12	6.53	0.09
1	5	11.71	5.66	34.39	6.99	0.00
2	2	9.42	7.15	30.56	1.95	0.16
2	6	8.77	4.49	35.77	6.33	0.00
3	3	11.83	5.45	38.08	5.49	0.00
3	7	8.76	5.33	35.23	4.46	0.00
Core	CPU	C1%	C3%	C6%	C8%	C9%
-	-	8.10	8.66	36.82	4.57	0.20
0	0	6.50	9.31	37.75	3.79	0.01
0	4	7.72	8.52	39.85	4.05	0.01
1	1	7.29	8.39	35.38	8.55	0.00
1	5	9.38	9.36	35.11	3.86	0.09
2	2	10.17	8.79	33.38	4.20	0.00
2	6	7.81	8.80	37.61	3.63	0.06
3	3	8.20	9.29	36.84	3.55	0.03
3	7	7.75	6.84	38.66	4.90	1.39
Core	CPU	C1%	C3%	C6%	C8%	C9%
-	-	12.76	6.16	27.47	5.63	0.16
0	0	15.08	5.32	25.14	4.72	0.14
0	4	13.14	5.94	30.15	9.68	0.03
1	1	12.93	6.01	24.37	5.55	0.11
1	5	11.68	6.19	29.01	5.32	0.00
2	2	13.38	6.46	26.04	3.30	0.13
2	6	12.33	5.82	28.95	7.94	0.01
3	3	11.49	6.94	23.07	4.40	0.00
3	7	12.02	6.58	33.02	4.15	0.82
Core	CPU	C1%	C3%	C6%	C8%	C9%
-	-	15.69	7.46	25.92	4.41	0.03
0	0	16.80	6.99	26.65	5.64	0.00
0	4	15.41	7.71	23.76	4.51	0.05
1	1	17.73	8.16	24.80	4.74	0.00
1	5	14.47	6.56	28.51	5.54	0.01
2	2	17.70	7.41	22.25	3.63	0.01
2	6	13.95	8.22	29.07	3.23	0.05
3	3	14.96	8.75	25.31	4.58	0.10
3	7	14.56	5.95	27.09	3.43	0.00
Core	CPU	C1%	C3%	C6%	C8%	C9%
-	-	13.09	8.09	30.46	4.24	0.04
0	0	12.65	7.39	30.29	4.54	0.00
0	4	13.49	8.47	29.98	5.02	0.00
1	1	12.78	8.26	29.84	3.71	0.05
1	5	13.72	9.57	33.41	4.67	0.00
2	2	10.45	7.18	31.24	4.72	0.04
2	6	14.16	8.39	29.83	2.90	0.20
3	3	12.71	7.73	29.69	3.59	0.00
3	7	14.73	7.77	29.34	4.73	0.05
Core	CPU	C1%	C3%	C6%	C8%	C9%
-	-	13.56	6.82	29.26	4.56	0.02
0	0	12.67	6.01	30.08	4.55	0.01
0	4	12.52	6.88	32.44	6.13	0.00
1	1	12.63	7.79	31.12	6.48	0.00
1	5	14.17	7.07	28.28	3.08	0.03
2	2	15.35	7.90	25.22	2.93	0.00
2	6	13.11	5.96	28.86	4.97	0.00
3	3	14.81	6.54	26.48	3.82	0.08
3	7	13.18	6.38	31.57	4.49	0.00
Core	CPU	C1%	C3%	C6%	C8%	C9%
-	-	11.20	6.20	31.78	5.27	0.01
0	0	13.73	6.32	29.39	5.39	0.00
0	4	9.18	4.12	35.78	10.35	0.05
1	1	13.31	6.94	28.83	3.91	0.00
1	5	10.50	5.40	29.22	8.37	0.00
2	2	11.84	6.95	34.74	3.69	0.00
2	6	9.40	5.49	30.77	4.20	0.00
3	3	9.73	6.05	36.20	3.96	0.00
3	7	11.91	8.34	29.33	2.27	0.00
Core	CPU	C1%	C3%	C6%	C8%	C9%
-	-	6.46	4.52	22.78	17.63	0.26
0	0	6.77	5.44	28.95	32.28	0.07
0	4	6.88	4.57	19.08	4.48	0.00
1	1	6.80	4.25	21.81	4.57	0.40
1	5	5.61	4.70	21.61	31.06	0.00
2	2	7.46	5.19	23.07	28.49	0.50
2	6	5.93	3.91	27.87	29.01	1.07
3	3	5.78	3.51	21.43	8.19	0.00
3	7	6.50	4.61	18.46	2.95	0.06
Core	CPU	C1%	C3%	C6%	C8%	C9%
-	-	15.77	6.37	26.02	4.83	0.07
0	0	17.15	7.41	25.68	5.49	0.02
0	4	14.51	5.62	26.03	9.18	0.11
1	1	15.57	6.17	26.71	4.24	0.00
1	5	16.57	6.59	23.08	2.77	0.23
2	2	14.26	6.29	23.08	6.35	0.20
2	6	17.35	6.17	23.80	2.21	0.00
3	3	17.42	7.08	26.33	2.25	0.00
3	7	13.30	5.62	33.41	6.14	0.00
Core	CPU	C1%	C3%	C6%	C8%	C9%
-	-	15.62	7.39	25.26	3.45	0.07
0	0	16.43	6.81	28.52	4.07	0.01
0	4	15.61	7.71	26.60	2.35	0.00
1	1	15.09	7.39	23.75	2.82	0.22
1	5	15.72	7.16	25.70	3.87	0.00
2	2	17.10	8.61	21.88	1.42	0.32
2	6	15.16	7.09	26.35	5.52	0.00
3	3	16.35	8.07	23.60	2.35	0.01
3	7	13.61	6.30	25.91	5.20	0.02
Core	CPU	C1%	C3%	C6%	C8%	C9%
-	-	7.28	6.35	41.64	7.51	0.10
0	0	7.35	5.86	42.27	9.49	0.00
0	4	8.79	6.41	42.13	5.43	0.10
1	1	7.33	6.91	42.10	7.93	0.01
1	5	8.75	5.79	39.00	6.53	0.35
2	2	5.21	5.67	42.46	13.09	0.31
2	6	5.47	7.22	43.90	5.55	0.00
3	3	7.14	5.80	38.81	8.34	0.00
3	7	8.21	7.19	42.61	3.76	0.00
Core	CPU	C1%	C3%	C6%	C8%	C9%
-	-	0.38	6.01	58.33	7.81	0.06
0	0	0.77	6.59	59.72	6.48	0.00
0	4	0.24	4.96	53.95	5.16	0.00
1	1	0.61	6.49	61.95	7.81	0.00
1	5	0.13	6.99	60.40	5.61	0.32
2	2	0.36	5.83	56.01	10.52	0.00
2	6	0.24	5.74	59.01	10.15	0.14
3	3	0.52	6.12	58.10	6.11	0.00
3	7	0.19	5.27	56.81	10.54	0.00
Core	CPU	C1%	C3%	C6%	C8%	C9%
-	-	0.38	6.26	58.96	7.64	0.07
0	0	0.56	7.35	56.38	6.94	0.00
0	4	0.04	4.83	62.22	7.85	0.00
1	1	0.49	6.86	56.75	5.77	0.00
1	5	0.21	6.17	58.15	8.51	0.56
2	2	0.80	7.16	54.99	8.68	0.00
2	6	0.32	5.82	58.87	11.51	0.00
3	3	0.20	5.25	63.20	4.32	0.00
3	7	0.39	6.68	61.46	7.59	0.00
Core	CPU	C1%	C3%	C6%	C8%	C9%
-	-	0.19	3.66	53.60	9.78	0.19
0	0	0.24	3.84	55.29	8.34	0.00
0	4	0.09	2.83	52.86	14.63	0.00
1	1	0.08	3.84	59.06	6.11	0.00
1	5	0.08	3.67	48.53	9.07	1.37
2	2	0.27	3.74	57.07	12.75	0.00
2	6	0.17	3.85	51.90	6.37	0.10
3	3	0.09	2.34	46.76	15.94	0.01
3	7	0.53	5.18	57.93	5.10	0.02
Core	CPU	C1%	C3%	C6%	C8%	C9%
-	-	0.32	5.43	54.33	8.72	0.10
0	0	0.31	5.78	58.66	6.43	0.01
0	4	0.34	5.27	51.49	8.05	0.59
1	1	0.56	4.78	50.02	10.62	0.00
1	5	0.44	6.11	55.95	6.82	0.00
2	2	0.31	6.38	54.91	9.64	0.00
2	6	0.09	5.15	56.39	6.10	0.07
3	3	0.17	3.88	49.41	14.20	0.17
3	7	0.36	6.10	57.61	7.89	0.00
Core	CPU	C1%	C3%	C6%	C8%	C9%
-	-	0.31	4.55	50.98	14.44	0.18
0	0	0.56	4.12	50.35	14.66	0.01
0	4	0.08	4.19	50.84	15.64	0.04
1	1	0.35	5.06	56.68	11.88	0.00
1	5	0.41	5.32	42.99	13.96	1.34
2	2	0.23	5.02	56.68	13.27	0.00
2	6	0.08	3.82	52.22	12.73	0.00
3	3	0.35	4.93	52.84	15.03	0.00
3	7	0.38	3.90	44.58	18.16	0.01
Core	CPU	C1%	C3%	C6%	C8%	C9%
-	-	0.19	3.76	53.53	12.17	0.21
0	0	0.12	3.78	52.70	11.75	0.00
0	4	0.05	3.69	49.41	12.30	0.69
1	1	0.11	3.21	50.84	12.39	0.00
1	5	0.36	4.61	57.22	11.25	0.00
2	2	0.10	4.12	57.11	9.80	0.00
2	6	0.11	4.34	60.98	7.71	0.00
3	3	0.62	3.89	57.22	14.34	0.00
3	7	0.06	2.49	42.82	17.85	1.01
Core	CPU	C1%	C3%	C6%	C8%	C9%
-	-	0.44	6.86	55.13	7.13	0.25
0	0	0.29	6.52	51.11	12.09	0.00
0	4	0.44	6.76	60.05	4.50	0.00
1	1	0.43	6.51	57.65	7.65	0.00
1	5	0.71	7.75	48.39	6.73	1.89
2	2	0.29	6.91	61.68	4.08	0.00
2	6	0.27	7.00	53.65	9.16	0.00
3	3	0.69	7.11	55.76	4.96	0.00
3	7	0.44	6.47	54.30	8.04	0.10
Core	CPU	C1%	C3%	C6%	C8%	C9%
-	-	0.26	4.76	51.66	11.98	0.27
0	0	0.13	4.06	51.03	12.46	0.00
0	4	0.19	5.02	53.09	10.35	0.00
1	1	0.35	3.93	53.62	14.51	0.19
1	5	0.19	6.80	47.75	8.22	1.76
2	2	0.48	4.62	54.98	11.45	0.20
2	6	0.07	4.48	50.03	15.52	0.00
3	3	0.36	4.38	51.45	11.75	0.00
3	7	0.28	4.67	50.44	11.34	0.00
Core	CPU	C1%	C3%	C6%	C8%	C9%
-	-	0.41	6.33	52.45	8.55	0.29
0	0	0.61	5.49	53.04	7.90	0.00
0	4	0.41	6.19	52.65	8.27	0.00
1	1	0.55	5.47	51.72	13.33	0.00
1	5	0.65	9.88	46.92	8.07	2.35
2	2	0.49	6.26	53.22	8.50	0.00
2	6	0.20	6.75	54.96	6.15	0.00
3	3	0.34	5.49	54.45	8.80	0.00
3	7	0.04	5.04	52.29	7.29	0.00
Core	CPU	C1%	C3%	C6%	C8%	C9%
-	-	0.34	7.95	52.59	7.84	0.12
0	0	0.16	7.30	56.47	8.00	0.00
0	4	0.35	7.61	51.39	8.05	0.08
1	1	0.16	7.37	56.45	6.83	0.00
1	5	0.57	11.71	43.89	5.75	0.86
2	2	0.38	6.73	51.62	13.19	0.00
2	6	0.62	7.44	54.50	7.08	0.00
3	3	0.18	7.35	52.70	7.94	0.00
3	7	0.30	8.10	53.51	5.83	0.00
Core	CPU	C1%	C3%	C6%	C8%	C9%
-	-	0.20	2.93	34.73	17.58	0.07
0	0	0.05	3.42	35.32	9.20	0.00
0	4	0.28	2.20	29.13	9.18	0.00
1	1	0.28	2.55	33.98	9.62	0.00
1	5	0.53	3.36	38.40	32.73	0.59
2	2	0.13	3.17	33.21	5.00	0.00
2	6	0.05	3.13	42.84	35.25	0.00
3	3	0.25	2.98	33.09	5.81	0.00
3	7	0.03	2.63	31.82	33.84	0.00
Core	CPU	C1%	C3%	C6%	C8%	C9%
-	-	0.69	7.61	53.93	5.54	0.15
0	0	0.75	7.27	52.93	4.91	0.00
0	4	0.76	7.03	52.24	5.42	0.00
1	1	0.46	7.77	55.23	4.15	0.00
1	5	0.51	8.17	56.19	5.34	0.22
2	2	0.75	9.43	51.04	5.94	0.00
2	6	0.76	6.27	54.05	7.04	1.00
3	3	0.79	7.18	56.69	6.85	0.00
3	7	0.73	7.79	53.11	4.71	0.00
Core	CPU	C1%	C3%	C6%	C8%	C9%
-	-	0.33	3.77	53.83	12.06	0.02
0	0	0.14	3.62	52.23	12.23	0.00
0	4	0.53	3.14	55.43	15.53	0.00
1	1	0.33	3.86	53.44	9.24	0.00
1	5	0.15	4.42	53.82	10.90	0.00
2	2	0.24	3.93	56.69	12.49	0.00
2	6	0.49	2.86	47.90	13.71	0.04
3	3	0.45	3.93	55.62	11.11	0.11
3	7	0.29	4.42	55.70	11.33	0.00
Core	CPU	C1%	C3%	C6%	C8%	C9%
-	-	0.19	3.67	53.39	11.53	0.12
0	0	0.04	3.12	48.74	13.33	0.03
0	4	0.16	3.18	57.68	9.41	0.00
1	1	0.08	4.00	62.96	8.61	0.00
1	5	0.42	4.56	49.72	12.53	0.79
2	2	0.09	3.86	55.40	14.48	0.00
2	6	0.13	3.35	50.53	9.72	0.11
3	3	0.15	2.72	48.23	16.81	0.01
3	7	0.47	4.59	53.65	7.35	0.00
Core	CPU	C1%	C3%	C6%	C8%	C9%
-	-	0.22	5.03	52.41	11.71	0.20
0	0	0.13	4.96	52.96	11.51	0.00
0	4	0.13	4.96	55.61	8.41	0.00
1	1	0.14	4.74	53.68	14.81	0.00
1	5	0.95	8.31	46.32	9.40	1.56
2	2	0.08	4.40	49.25	15.26	0.01
2	6	0.04	4.63	55.13	10.31	0.00
3	3	0.15	4.59	54.55	11.58	0.00
3	7	0.17	3.68	52.21	12.50	0.00
Core	CPU	C1%	C3%	C6%	C8%	C9%
-	-	0.24	5.12	53.31	10.98	0.09
0	0	0.27	4.50	53.63	12.55	0.01
0	4	0.15	5.15	51.21	9.95	0.09
1	1	0.05	3.74	52.47	10.90	0.00
1	5	0.30	7.44	50.51	8.63	0.20
2	2	0.14	6.34	53.96	9.24	0.11
2	6	0.60	4.07	53.18	13.98	0.10
3	3	0.24	5.09	54.56	9.05	0.01
3	7	0.18	4.56	56.55	13.46	0.17
Core	CPU	C1%	C3%	C6%	C8%	C9%
-	-	0.21	5.91	55.02	8.50	0.10
0	0	0.22	4.14	49.49	14.45	0.00
0	4	0.35	6.06	57.93	7.81	0.00
1	1	0.07	5.22	54.68	11.78	0.00
1	5	0.31	9.03	49.50	6.13	0.83
2	2	0.12	5.81	58.27	8.87	0.00
2	6	0.17	6.00	56.39	5.27	0.00
3	3	0.17	5.64	58.73	5.61	0.00
3	7	0.24	5.45	55.58	8.11	0.00
Core	CPU	C1%	C3%	C6%	C8%	C9%
-	-	0.41	6.09	53.31	6.74	0.11
0	0	0.29	5.37	50.51	5.18	0.00
0	4	0.18	6.28	51.34	10.05	0.00
1	1	0.34	5.71	53.57	6.56	0.00
1	5	0.39	6.66	52.38	5.78	0.87
2	2	0.71	5.87	56.78	8.12	0.00
2	6	0.29	7.08	52.97	4.33	0.00
3	3	0.52	5.02	54.34	7.53	0.00
3	7	0.53	6.69	54.23	6.31	0.00
Core	CPU	C1%	C3%	C6%	C8%	C9%
-	-	0.84	11.52	53.27	1.77	0.02
0	0	1.08	12.16	51.59	0.82	0.00
0	4	0.46	11.27	57.98	2.48	0.00
1	1	0.60	12.14	52.23	0.72	0.00
1	5	0.76	11.89	53.41	2.12	0.13
2	2	1.17	11.58	53.02	1.60	0.00
2	6	0.78	11.49	55.00	2.00	0.00
3	3	1.08	9.91	51.64	2.42	0.00
3	7	0.78	11.70	51.26	1.98	0.00
Core	CPU	C1%	C3%	C6%	C8%	C9%
-	-	0.97	14.49	48.63	1.72	0.00
0	0	0.94	15.79	46.46	1.37	0.00
0	4	1.33	13.39	50.31	2.12	0.00
1	1	0.85	15.17	46.28	0.30	0.00
1	5	0.74	13.60	52.12	2.16	0.00
2	2	1.01	15.23	46.22	1.91	0.00
2	6	0.74	14.12	50.82	1.84	0.00
3	3	0.98	14.70	47.28	1.65	0.00
3	7	1.19	13.91	49.58	2.39	0.00
Core	CPU	C1%	C3%	C6%	C8%	C9%
-	-	0.90	13.42	51.21	1.68	0.00
0	0	0.70	13.22	51.45	2.19	0.00
0	4	1.09	13.57	51.15	1.78	0.00
1	1	0.88	13.46	49.54	2.03	0.00
1	5	1.13	13.66	50.56	1.96	0.00
2	2	0.92	14.72	47.30	0.83	0.00
2	6	1.03	12.33	54.54	1.85	0.00
3	3	0.51	11.95	56.15	2.51	0.00
3	7	0.95	14.46	49.02	0.32	0.00
Core	CPU	C1%	C3%	C6%	C8%	C9%
-	-	1.05	13.89	51.23	1.44	0.00
0	0	0.75	14.70	50.98	1.92	0.00
0	4	1.12	13.97	50.38	1.82	0.00
1	1	1.21	14.67	48.76	1.86	0.00
1	5	1.02	13.67	52.72	1.24	0.00
2	2	1.02	14.25	47.87	0.25	0.00
2	6	1.26	13.02	54.74	0.97	0.00
3	3	1.29	14.06	49.66	1.90	0.00
3	7	0.74	12.72	54.68	1.54	0.00
Core	CPU	C1%	C3%	C6%	C8%	C9%
-	-	0.94	14.88	48.44	0.85	0.00
0	0	0.92	14.38	48.84	0.83	0.00
0	4	1.19	15.57	47.57	0.36	0.00
1	1	0.76	14.04	49.87	2.45	0.00
1	5	0.79	16.11	45.77	0.35	0.00
2	2	0.90	15.43	46.47	0.40	0.00
2	6	1.10	13.66	51.50	1.04	0.00
3	3	1.11	16.21	44.20	0.43	0.00
3	7	0.74	13.66	53.31	0.91	0.00
Core	CPU	C1%	C3%	C6%	C8%	C9%
-	-	1.19	14.31	49.32	0.83	0.00
0	0	1.59	13.67	46.47	1.03	0.00
0	4	1.31	14.29	49.14	1.23	0.00
1	1	1.17	13.20	51.65	0.71	0.00
1	5	1.12	14.31	48.02	0.97	0.00
2	2	0.85	15.29	50.38	0.08	0.00
2	6	1.35	13.55	49.17	0.38	0.00
3	3	1.26	14.69	50.74	1.96	0.00
3	7	0.85	15.52	48.97	0.31	0.00
Core	CPU	C1%	C3%	C6%	C8%	C9%
-	-	1.05	14.22	49.05	2.71	0.00
0	0	1.19	13.07	54.40	3.07	0.00
0	4	1.22	15.34	42.66	0.00	0.00
1	1	0.77	13.71	53.46	2.69	0.00
1	5	1.08	13.68	47.83	3.79	0.00
2	2	1.04	14.79	48.60	1.42	0.00
2	6	1.22	14.73	48.48	2.71	0.00
3	3	1.13	14.03	45.69	5.47	0.00
3	7	0.73	14.43	51.36	2.57	0.00
Core	CPU	C1%	C3%	C6%	C8%	C9%
-	-	2.49	15.55	41.06	1.33	0.01
0	0	2.23	14.12	35.99	1.44	0.00
0	4	1.88	10.77	39.50	1.30	0.00
1	1	2.52	17.42	37.51	1.61	0.00
1	5	2.59	14.85	37.03	1.86	0.07
2	2	2.87	15.81	43.69	2.27	0.00
2	6	2.47	17.34	44.60	0.49	0.00
3	3	2.95	16.28	43.59	0.90	0.00
3	7	2.43	17.79	46.51	0.78	0.00
Core	CPU	C1%	C3%	C6%	C8%	C9%
-	-	1.19	14.76	47.79	0.78	0.00
0	0	1.10	14.84	48.68	1.00	0.00
0	4	0.92	14.64	49.34	0.83	0.00
1	1	2.09	14.78	45.99	0.30	0.00
1	5	1.06	14.06	49.29	1.72	0.00
2	2	1.21	16.92	44.56	0.33	0.00
2	6	1.20	15.59	48.99	0.46	0.00
3	3	0.95	14.79	46.12	1.07	0.00
3	7	1.00	12.46	49.33	0.50	0.00
Core	CPU	C1%	C3%	C6%	C8%	C9%
-	-	0.98	16.39	46.88	0.62	0.00
0	0	0.81	17.34	44.46	0.46	0.00
0	4	0.84	15.10	50.73	1.14	0.00
1	1	1.32	17.63	41.16	0.75	0.00
1	5	1.15	15.12	49.46	0.25	0.00
2	2	0.85	16.50	48.43	0.85	0.00
2	6	0.99	15.94	45.63	0.29	0.00
3	3	1.04	16.67	46.92	0.20	0.00
3	7	0.84	16.82	48.20	1.02	0.00
Core	CPU	C1%	C3%	C6%	C8%	C9%
-	-	1.00	14.96	49.32	0.63	0.00
0	0	0.80	14.80	51.63	0.79	0.00
0	4	0.95	14.48	52.45	0.25	0.00
1	1	1.00	15.52	48.02	1.25	0.00
1	5	1.20	14.96	48.93	0.38	0.00
2	2	1.04	15.81	46.23	0.29	0.00
2	6	1.04	14.56	51.73	0.78	0.00
3	3	0.89	13.33	53.14	0.72	0.00
3	7	1.12	16.26	42.43	0.60	0.00
Core	CPU	C1%	C3%	C6%	C8%	C9%
-	-	0.96	14.59	49.54	0.85	0.00
0	0	0.85	16.51	46.38	1.90	0.00
0	4	0.88	13.59	52.74	0.78	0.00
1	1	1.17	14.86	45.40	0.63	0.00
1	5	0.95	13.99	50.49	0.67	0.00
2	2	0.63	15.25	48.46	0.78	0.00
2	6	0.99	13.25	53.09	0.42	0.00
3	3	0.85	13.30	51.63	1.46	0.00
3	7	1.33	15.96	48.15	0.18	0.00
Core	CPU	C1%	C3%	C6%	C8%	C9%
-	-	1.20	14.67	48.80	0.64	0.00
0	0	1.19	14.98	47.31	0.04	0.00
0	4	0.83	14.81	50.73	1.02	0.00
1	1	0.94	13.11	50.56	1.06	0.00
1	5	1.26	15.02	49.54	0.79	0.00
2	2	1.74	15.06	47.48	0.40	0.00
2	6	1.56	13.37	49.76	0.22	0.00
3	3	1.19	15.49	47.22	0.26	0.00
3	7	0.89	15.50	47.79	1.30	0.00
Core	CPU	C1%	C3%	C6%	C8%	C9%
-	-	0.95	14.17	49.66	0.79	0.00
0	0	0.65	12.98	53.48	1.16	0.00
0	4	1.59	15.33	46.64	0.04	0.00
1	1	0.87	14.48	52.13	1.03	0.00
1	5	0.71	14.90	50.23	0.86	0.00
2	2	1.31	13.31	50.24	0.81	0.00
2	6	0.95	15.23	48.87	0.68	0.00
3	3	0.89	14.44	44.53	0.26	0.00
3	7	0.62	12.67	51.23	1.48	0.00
Core	CPU	C1%	C3%	C6%	C8%	C9%
-	-	0.32	9.60	54.76	6.71	0.01
0	0	0.08	8.47	56.07	7.97	0.00
0	4	0.48	10.28	51.97	7.30	0.00
1	1	0.48	9.39	54.03	5.75	0.00
1	5	0.46	13.22	46.77	7.40	0.00
2	2	0.36	9.21	58.21	7.46	0.00
2	6	0.07	8.45	57.41	5.78	0.00
3	3	0.31	8.12	56.91	5.45	0.00
3	7	0.29	9.66	56.92	6.64	0.06
Core	CPU	C1%	C3%	C6%	C8%	C9%
-	-	0.53	11.23	51.22	3.72	0.02
0	0	0.31	11.38	50.18	3.70	0.00
0	4	0.86	10.58	53.90	4.08	0.00
1	1	0.49	9.67	53.29	4.49	0.00
1	5	0.96	14.97	38.18	3.68	0.16
2	2	0.39	10.65	52.88	2.64	0.00
2	6	0.37	10.85	53.06	4.42	0.00
3	3	0.32	10.45	54.35	3.92	0.00
3	7	0.51	11.27	53.71	2.83	0.00
Core	CPU	C1%	C3%	C6%	C8%	C9%
-	-	0.44	10.59	54.05	4.05	0.03
0	0	0.72	11.34	53.86	2.47	0.00
0	4	0.11	8.84	52.51	7.83	0.15
1	1	0.58	9.80	57.32	2.80	0.00
1	5	0.42	14.19	43.45	3.41	0.09
2	2	0.62	11.75	54.22	4.99	0.00
2	6	0.31	10.31	56.10	3.56	0.00
3	3	0.29	8.04	61.45	4.41	0.00
3	7	0.49	10.45	53.49	2.94	0.00
Core	CPU	C1%	C3%	C6%	C8%	C9%
-	-	0.31	7.59	55.41	8.52	0.11
0	0	0.28	6.54	60.66	7.84	0.00
0	4	0.58	7.61	57.65	7.72	0.00
1	1	0.09	6.69	54.69	7.04	0.00
1	5	0.52	12.27	48.10	5.65	0.88
2	2	0.13	8.79	57.68	6.46	0.00
2	6	0.36	5.12	50.22	15.23	0.00
3	3	0.26	7.59	54.74	9.43	0.00
3	7	0.24	6.17	59.69	8.82	0.00
Core	CPU	C1%	C3%	C6%	C8%	C9%
-	-	0.31	7.19	56.70	8.71	0.07
0	0	0.47	8.21	60.03	6.52	0.00
0	4	0.20	5.90	55.17	11.57	0.00
1	1	0.20	6.76	61.21	7.40	0.00
1	5	0.27	9.84	51.82	6.01	0.58
2	2	0.12	6.94	59.09	7.55	0.00
2	6	0.30	6.27	56.50	10.54	0.00
3	3	0.65	6.37	54.53	11.38	0.00
3	7	0.30	7.25	55.12	8.69	0.00
Core	CPU	C1%	C3%	C6%	C8%	C9%
-	-	0.20	7.42	51.27	15.48	0.21
0	0	0.36	7.64	57.71	15.44	0.00
0	4	0.08	7.96	51.90	19.46	0.00
1	1	0.33	6.78	53.06	18.49	0.61
1	5	0.27	11.04	49.83	11.44	0.85
2	2	0.07	3.90	38.24	6.51	0.00
2	6	0.12	7.92	52.32	17.04	0.00
3	3	0.21	7.32	53.02	18.80	0.22
3	7	0.15	6.75	53.89	16.59	0.00
Core	CPU	C1%	C3%	C6%	C8%	C9%
-	-	2.03	9.76	50.50	5.92	0.12
0	0	1.77	8.81	50.72	7.11	0.00
0	4	2.16	10.48	52.53	4.46	0.00
1	1	2.39	10.02	51.36	8.50	0.00
1	5	1.62	9.96	48.02	7.05	0.00
2	2	1.94	9.02	43.88	4.00	0.00
2	6	2.77	11.42	48.00	4.47	0.00
3	3	1.59	9.95	53.73	6.83	0.40
3	7	1.98	8.48	55.98	4.94	0.57
Core	CPU	C1%	C3%	C6%	C8%	C9%
-	-	7.00	8.98	35.81	5.87	0.10
0	0	7.06	8.72	37.82	6.47	0.00
0	4	6.37	8.23	36.34	5.61	0.21
1	1	6.18	8.48	36.26	7.65	0.11
1	5	7.20	10.97	32.70	5.18	0.25
2	2	7.41	9.98	36.02	4.02	0.18
2	6	7.14	7.09	37.60	5.40	0.00
3	3	6.14	8.68	36.03	9.15	0.00
3	7	8.51	9.67	33.70	3.44	0.02
Core	CPU	C1%	C3%	C6%	C8%	C9%
-	-	10.12	7.94	33.76	5.40	0.02
0	0	9.96	7.28	31.10	5.57	0.00
0	4	10.15	9.10	33.39	4.48	0.03
1	1	10.03	7.55	37.72	5.83	0.01
1	5	9.76	7.42	33.24	4.27	0.01
2	2	11.30	8.92	35.62	4.74	0.00
2	6	10.18	7.92	37.20	5.23	0.00
3	3	9.52	8.28	30.03	7.14	0.08
3	7	10.07	7.07	31.81	5.94	0.00
Core	CPU	C1%	C3%	C6%	C8%	C9%
-	-	7.64	8.51	37.36	5.60	0.17
0	0	8.55	9.21	40.13	4.64	0.01
0	4	7.84	9.29	35.12	6.01	0.40
1	1	6.99	7.45	36.49	7.24	0.16
1	5	7.02	9.81	39.09	4.43	0.16
2	2	7.64	7.71	39.19	7.11	0.00
2	6	8.16	8.18	35.01	5.96	0.42
3	3	7.88	7.92	35.69	5.11	0.16
3	7	7.11	8.51	38.40	4.31	0.02
Core	CPU	C1%	C3%	C6%	C8%	C9%
-	-	7.49	8.56	39.72	5.39	0.01
0	0	6.23	8.88	42.38	4.57	0.00
0	4	6.79	8.37	42.44	3.88	0.00
1	1	9.94	8.25	38.31	7.98	0.00
1	5	7.92	8.37	38.36	5.10	0.10
2	2	6.34	9.82	37.81	8.02	0.00
2	6	7.05	7.39	40.62	5.89	0.00
3	3	8.43	8.89	38.28	3.19	0.00
3	7	7.18	8.45	39.39	4.45	0.01
Core	CPU	C1%	C3%	C6%	C8%	C9%
-	-	11.28	7.34	33.32	4.90	0.24
0	0	12.13	7.84	30.36	4.27	0.01
0	4	10.92	6.56	33.28	4.46	1.80
1	1	14.05	6.98	30.59	7.19	0.00
1	5	10.01	8.49	37.54	3.92	0.00
2	2	10.32	7.40	33.75	3.20	0.01
2	6	9.94	6.99	34.36	5.70	0.00
3	3	11.50	7.62	36.08	4.28	0.02
3	7	11.35	6.87	30.62	6.17	0.04
Core	CPU	C1%	C3%	C6%	C8%	C9%
-	-	10.84	6.29	32.02	6.27	0.10
0	0	11.34	6.24	32.35	7.06	0.21
0	4	9.10	6.14	33.29	4.77	0.00
1	1	9.81	6.27	34.07	7.39	0.01
1	5	12.10	7.43	29.29	6.65	0.01
2	2	10.96	5.15	31.43	10.58	0.21
2	6	10.37	6.59	30.58	5.34	0.36
3	3	11.80	6.24	36.23	2.76	0.00
3	7	11.28	6.23	28.89	5.66	0.01
Core	CPU	C1%	C3%	C6%	C8%	C9%
-	-	11.37	8.14	30.28	4.50	0.04
0	0	10.01	6.44	33.17	7.57	0.09
0	4	12.90	8.05	30.78	2.78	0.01
1	1	10.19	7.83	31.87	7.36	0.01
1	5	10.78	8.59	29.60	3.36	0.06
2	2	10.55	8.31	31.44	5.33	0.03
2	6	12.93	9.64	28.27	1.99	0.12
3	3	13.00	8.90	27.64	2.69	0.01
3	7	10.63	7.33	29.43	4.95	0.00
Core	CPU	C1%	C3%	C6%	C8%	C9%
-	-	5.23	11.70	38.32	2.85	0.05
0	0	6.80	13.59	35.26	0.99	0.00
0	4	3.84	10.83	40.16	5.94	0.00
1	1	5.42	12.48	38.30	2.89	0.14
1	5	5.03	10.15	39.03	4.37	0.00
2	2	5.91	10.57	37.70	2.63	0.09
2	6	4.62	12.36	37.84	1.04	0.00
3	3	4.58	10.79	42.07	3.69	0.18
3	7	5.67	12.83	36.29	1.28	0.00
Core	CPU	C1%	C3%	C6%	C8%	C9%
-	-	2.44	8.77	48.97	6.59	0.05
0	0	2.29	9.65	46.53	8.85	0.03
0	4	2.23	8.05	50.59	7.49	0.00
1	1	2.46	7.34	49.45	7.42	0.00
1	5	3.82	8.86	42.93	4.50	0.26
2	2	1.91	9.79	50.45	6.07	0.08
2	6	2.83	8.22	48.67	6.10	0.00
3	3	1.61	9.31	53.02	5.92	0.00
3	7	2.35	8.95	49.94	6.30	0.00
Core	CPU	C1%	C3%	C6%	C8%	C9%
-	-	5.28	10.29	42.59	3.93	0.06
0	0	6.63	10.75	43.96	3.16	0.01
0	4	4.03	8.58	40.66	6.11	0.10
1	1	4.47	9.86	44.55	5.70	0.14
1	5	6.23	10.73	40.41	3.32	0.19
2	2	5.16	10.28	41.75	2.60	0.02
2	6	4.40	9.91	44.01	2.58	0.00
3	3	5.54	11.41	41.84	3.93	0.01
3	7	5.83	10.83	43.55	4.06	0.00
Core	CPU	C1%	C3%	C6%	C8%	C9%
-	-	7.94	8.55	39.83	5.70	0.03
0	0	6.93	6.77	42.02	8.90	0.01
0	4	7.22	8.25	41.01	4.39	0.03
1	1	7.48	8.67	45.40	6.66	0.06
1	5	9.11	10.01	35.26	4.00	0.12
2	2	9.21	8.64	41.22	4.58	0.00
2	6	7.97	9.12	38.54	6.26	0.00
3	3	7.63	8.14	39.15	6.50	0.00
3	7	8.01	8.81	36.05	4.31	0.00
Core	CPU	C1%	C3%	C6%	C8%	C9%
-	-	8.62	8.38	34.27	4.77	0.15
0	0	10.06	6.98	35.50	10.46	0.00
0	4	6.59	8.61	31.71	2.84	0.02
1	1	9.66	9.97	36.77	3.82	0.01
1	5	9.14	9.25	32.63	4.78	0.88
2	2	8.20	7.69	35.51	3.83	0.00
2	6	10.45	9.44	31.35	2.49	0.10
3	3	8.27	7.90	36.33	6.67	0.15
3	7	6.64	7.19	34.39	3.29	0.00
Core	CPU	C1%	C3%	C6%	C8%	C9%
-	-	0.97	9.05	50.11	8.58	0.12
0	0	0.85	7.00	39.32	4.31	0.00
0	4	1.03	10.42	48.28	9.75	0.00
1	1	0.65	7.59	51.85	15.13	0.00
1	5	1.40	9.94	49.50	6.56	0.76
2	2	1.18	9.51	53.65	7.38	0.00
2	6	0.57	9.47	52.15	7.79	0.06
3	3	0.70	10.08	53.29	8.20	0.16
3	7	1.42	8.37	52.60	9.46	0.00
Core	CPU	C1%	C3%	C6%	C8%	C9%
-	-	16.66	11.90	27.46	1.69	0.03
0	0	14.91	5.75	16.93	1.85	0.01
0	4	16.30	12.63	17.77	2.17	0.00
1	1	16.70	11.93	34.08	1.57	0.00
1	5	18.11	13.78	29.53	1.34	0.12
2	2	15.31	13.67	32.24	2.35	0.00
2	6	17.29	12.31	29.21	1.39	0.07
3	3	17.79	12.52	30.71	1.49	0.01
3	7	16.96	12.63	29.40	1.35	0.00
Core	CPU	C1%	C3%	C6%	C8%	C9%
-	-	0.64	7.95	54.36	7.77	0.05
0	0	0.65	7.29	56.77	7.13	0.00
0	4	0.77	8.17	58.75	7.03	0.00
1	1	0.84	6.45	53.56	6.80	0.30
1	5	1.41	10.49	50.04	7.51	0.00
2	2	0.24	6.33	54.88	9.44	0.01
2	6	0.50	8.64	53.10	8.77	0.00
3	3	0.33	7.73	49.18	9.33	0.10
3	7	0.40	8.49	58.51	6.12	0.00
Core	CPU	C1%	C3%	C6%	C8%	C9%
-	-	0.74	10.11	52.59	5.48	0.06
0	0	0.62	9.98	53.92	6.21	0.29
0	4	0.26	9.38	53.21	8.43	0.01
1	1	0.58	9.71	51.94	3.79	0.00
1	5	0.91	14.27	43.13	3.86	0.17
2	2	0.89	9.65	55.89	5.40	0.00
2	6	0.66	8.97	53.23	7.55	0.00
3	3	1.50	9.04	53.15	3.78	0.00
3	7	0.49	9.99	56.69	4.89	0.00
Core	CPU	C1%	C3%	C6%	C8%	C9%
-	-	9.31	8.69	34.73	4.43	0.09
0	0	9.47	8.60	33.53	7.78	0.00
0	4	10.75	8.03	35.18	2.14	0.21
1	1	9.92	7.73	39.15	6.68	0.01
1	5	7.75	8.74	33.46	3.61	0.47
2	2	10.04	8.73	32.44	5.26	0.00
2	6	9.65	9.84	32.01	2.89	0.00
3	3	9.68	9.90	34.33	2.23	0.00
3	7	7.16	7.84	37.45	4.83	0.00
Core	CPU	C1%	C3%	C6%	C8%	C9%
-	-	8.58	7.12	37.17	5.51	0.03
0	0	10.29	8.23	38.38	3.82	0.00
0	4	7.81	6.84	35.43	6.28	0.08
1	1	8.89	8.27	36.71	4.52	0.01
1	5	8.18	7.05	38.58	7.88	0.12
2	2	7.30	7.66	41.84	6.32	0.00
2	6	7.75	6.05	34.62	5.00	0.01
3	3	10.57	6.56	36.49	8.23	0.00
3	7	7.83	6.33	35.34	2.00	0.00
Core	CPU	C1%	C3%	C6%	C8%	C9%
-	-	7.08	10.54	40.52	4.51	0.01
0	0	5.51	9.91	44.37	5.12	0.00
0	4	7.96	10.43	35.64	5.61	0.00
1	1	7.41	10.58	40.67	3.28	0.00
1	5	7.37	11.05	35.96	4.30	0.10
2	2	7.90	10.78	42.42	3.77	0.00
2	6	6.32	9.73	40.80	4.91	0.01
3	3	7.50	11.25	42.08	3.80	0.00
3	7	6.63	10.58	42.12	5.27	0.00
Core	CPU	C1%	C3%	C6%	C8%	C9%
-	-	12.07	6.72	30.76	5.98	0.09
0	0	13.08	6.64	30.78	5.20	0.02
0	4	11.89	6.58	29.90	6.04	0.01
1	1	11.15	6.77	29.17	7.07	0.03
1	5	13.77	5.68	30.98	5.75	0.32
2	2	11.66	7.86	31.89	5.34	0.00
2	6	10.66	5.73	31.39	8.98	0.02
3	3	13.54	7.27	28.05	5.32	0.01
3	7	10.82	7.20	33.97	4.19	0.31
Core	CPU	C1%	C3%	C6%	C8%	C9%
-	-	11.55	6.13	31.39	5.05	0.04
0	0	11.19	4.98	36.56	6.05	0.12
0	4	13.63	5.63	26.61	3.41	0.08
1	1	10.13	6.91	29.48	7.12	0.01
1	5	12.58	6.42	27.62	4.22	0.00
2	2	12.68	6.38	31.86	2.95	0.00
2	6	10.67	5.80	35.06	6.83	0.00
3	3	10.11	6.00	32.65	3.71	0.11
3	7	11.45	6.97	31.28	6.11	0.01
Core	CPU	C1%	C3%	C6%	C8%	C9%
-	-	10.75	6.88	32.95	5.41	0.09
0	0	11.88	6.81	28.20	4.95	0.00
0	4	10.49	6.36	37.06	6.95	0.15
1	1	12.17	7.41	29.05	7.20	0.31
1	5	10.95	7.06	36.55	4.66	0.27
2	2	9.94	6.49	34.36	4.16	0.00
2	6	9.08	6.73	34.82	4.63	0.00
3	3	10.51	7.93	33.54	5.45	0.01
3	7	10.96	6.29	30.05	5.27	0.00
Core	CPU	C1%	C3%	C6%	C8%	C9%
-	-	6.85	8.94	37.77	4.76	0.05
0	0	6.99	8.73	33.90	3.85	0.10
0	4	6.46	9.20	36.11	3.03	0.09
1	1	7.41	8.87	38.89	4.76	0.00
1	5	7.27	9.28	38.57	3.07	0.23
2	2	7.78	8.95	37.61	3.49	0.00
2	6	6.45	7.85	40.05	5.68	0.00
3	3	6.43	8.76	41.64	8.75	0.00
3	7	5.99	9.84	35.33	5.49	0.00
Core	CPU	C1%	C3%	C6%	C8%	C9%
-	-	7.26	8.74	37.18	4.74	0.23
0	0	9.07	9.45	41.24	3.50	0.00
0	4	6.91	7.83	39.65	6.17	0.15
1	1	6.43	9.52	38.57	5.22	0.00
1	5	7.66	9.52	33.24	5.27	1.46
2	2	8.03	7.44	32.71	4.52	0.01
2	6	7.21	7.98	38.32	5.98	0.00
3	3	7.27	8.73	38.55	2.98	0.01
3	7	5.47	9.49	35.21	4.30	0.20
Core	CPU	C1%	C3%	C6%	C8%	C9%
-	-	2.11	8.18	49.86	6.56	0.03
0	0	1.93	7.73	48.68	7.97	0.00
0	4	2.01	8.54	51.25	4.25	0.00
1	1	2.56	8.70	47.40	4.38	0.00
1	5	2.94	8.88	51.60	5.37	0.00
2	2	2.20	8.90	48.79	4.40	0.00
2	6	1.55	7.09	53.16	8.94	0.00
3	3	2.31	7.04	48.08	10.64	0.21
3	7	1.39	8.71	50.99	6.68	0.00
Core	CPU	C1%	C3%	C6%	C8%	C9%
-	-	1.33	9.98	51.12	5.74	0.00
0	0	1.57	9.40	49.74	7.82	0.00
0	4	1.47	9.21	54.09	5.08	0.00
1	1	0.68	8.90	50.79	7.76	0.00
1	5	1.88	14.09	43.43	5.41	0.00
2	2	1.13	9.30	53.94	3.90	0.00
2	6	1.43	9.73	51.92	5.91	0.00
3	3	1.28	9.87	47.83	5.58	0.01
3	7	1.15	9.16	56.24	4.40	0.00
Core	CPU	C1%	C3%	C6%	C8%	C9%
-	-	11.77	8.48	32.83	4.29	0.06
0	0	11.49	8.98	34.44	3.78	0.01
0	4	11.96	8.54	29.22	3.61	0.00
1	1	10.10	7.33	34.57	6.26	0.00
1	5	12.78	8.75	30.99	4.26	0.41
2	2	11.34	9.27	35.48	4.15	0.00
2	6	12.52	9.12	31.36	3.57	0.02
3	3	12.23	9.37	33.67	3.81	0.02
3	7	11.73	6.44	32.78	4.85	0.00
Core	CPU	C1%	C3%	C6%	C8%	C9%
-	-	11.28	7.13	32.72	3.62	0.10
0	0	10.33	6.18	34.51	4.09	0.00
0	4	9.63	7.07	36.22	3.02	0.03
1	1	13.19	7.62	31.73	3.78	0.00
1	5	10.50	7.89	28.85	3.88	0.68
2	2	11.35	7.13	34.70	4.52	0.00
2	6	13.80	6.74	32.64	1.62	0.00
3	3	10.78	8.08	30.19	3.35	0.08
3	7	10.71	6.37	33.04	4.68	0.01
Core	CPU	C1%	C3%	C6%	C8%	C9%
-	-	0.87	10.09	48.63	12.20	0.20
0	0	1.27	8.30	53.59	19.32	0.00
0	4	0.72	14.32	60.55	4.12	0.00
1	1	1.04	6.97	56.13	21.80	0.68
1	5	1.10	10.47	52.93	10.42	0.90
2	2	0.27	3.47	17.85	3.09	0.00
2	6	0.44	17.81	41.55	10.16	0.00
3	3	1.07	11.05	54.17	10.88	0.00
3	7	1.05	8.26	52.03	17.72	0.00
Core	CPU	C1%	C3%	C6%	C8%	C9%
-	-	6.46	10.71	43.69	3.02	0.02
0	0	6.07	10.87	39.84	2.38	0.00
0	4	6.65	10.48	42.31	2.50	0.00
1	1	6.36	11.57	42.48	2.27	0.00
1	5	7.30	11.02	40.29	5.36	0.03
2	2	4.95	9.84	46.81	4.88	0.16
2	6	8.00	10.74	46.29	1.82	0.00
3	3	5.73	11.27	47.53	0.98	0.00
3	7	6.64	9.89	44.01	4.00	0.00
Core	CPU	C1%	C3%	C6%	C8%	C9%
-	-	3.64	9.93	46.75	5.83	0.03
0	0	3.84	10.53	47.02	3.87	0.00
0	4	3.64	9.34	49.04	7.28	0.00
1	1	4.16	9.50	49.49	8.11	0.01
1	5	3.59	10.41	43.36	5.34	0.00
2	2	3.39	9.66	44.90	5.82	0.20
2	6	3.69	10.16	46.41	4.53	0.00
3	3	3.44	10.03	46.32	6.12	0.00
3	7	3.37	9.85	47.48	5.58	0.00
Core	CPU	C1%	C3%	C6%	C8%	C9%
-	-	14.92	7.75	26.67	4.14	0.14
0	0	15.51	7.95	24.73	5.57	0.00
0	4	14.93	8.08	26.22	3.42	0.08
1	1	14.14	7.26	26.16	5.08	0.02
1	5	13.77	8.60	28.57	3.34	0.05
2	2	16.21	7.09	24.56	4.06	0.02
2	6	16.10	6.85	28.68	4.29	0.85
3	3	16.35	8.18	24.70	3.45	0.00
3	7	12.37	8.00	29.77	3.91	0.10
Core	CPU	C1%	C3%	C6%	C8%	C9%
-	-	13.57	7.30	28.10	3.87	0.12
0	0	11.70	7.24	31.35	2.83	0.02
0	4	14.62	7.82	28.96	4.82	0.01
1	1	12.38	7.01	26.15	5.15	0.00
1	5	13.35	6.10	31.13	4.03	0.08
2	2	14.29	7.71	25.25	2.99	0.63
2	6	14.06	7.05	26.93	2.56	0.24
3	3	12.64	7.60	29.02	4.94	0.01
3	7	15.54	7.85	26.01	3.63	0.00
Core	CPU	C1%	C3%	C6%	C8%	C9%
-	-	5.43	10.81	40.63	3.30	0.04
0	0	5.45	10.56	40.28	3.20	0.00
0	4	6.23	9.91	40.52	3.52	0.01
1	1	5.70	11.17	42.35	3.43	0.00
1	5	4.58	9.98	46.00	3.78	0.07
2	2	5.07	10.55	39.58	4.51	0.00
2	6	5.81	11.28	38.49	1.98	0.00
3	3	5.62	10.16	39.44	4.19	0.25
3	7	4.98	12.91	38.52	1.81	0.00
Core	CPU	C1%	C3%	C6%	C8%	C9%
-	-	5.39	9.70	39.54	3.78	0.00
0	0	5.63	10.32	41.55	2.44	0.01
0	4	6.46	10.30	35.50	3.35	0.00
1	1	4.45	8.04	41.84	6.13	0.00
1	5	5.24	9.37	40.79	3.12	0.00
2	2	6.11	10.81	37.92	2.80	0.00
2	6	4.72	10.52	41.05	3.24	0.00
3	3	5.02	9.47	40.78	6.42	0.01
3	7	5.47	8.78	36.80	2.73	0.00
Core	CPU	C1%	C3%	C6%	C8%	C9%
-	-	4.66	10.13	38.84	3.72	0.00
0	0	5.02	10.81	38.26	3.04	0.01
0	4	4.67	9.55	39.05	3.66	0.01
1	1	3.87	8.40	39.66	7.08	0.00
1	5	5.31	10.10	38.06	4.23	0.00
2	2	4.51	11.23	41.81	3.73	0.00
2	6	3.53	10.51	39.08	3.28	0.00
3	3	4.83	9.65	39.93	3.28	0.00
3	7	5.53	10.84	34.92	1.48	0.01
Core	CPU	C1%	C3%	C6%	C8%	C9%
-	-	5.18	10.82	40.87	3.53	0.00
0	0	6.18	9.87	41.68	2.49	0.00
0	4	6.05	11.24	38.58	2.35	0.00
1	1	5.34	11.56	39.35	2.45	0.00
1	5	4.93	11.17	40.81	1.63	0.00
2	2	4.63	11.39	41.88	3.52	0.01
2	6	5.50	9.86	41.87	6.16	0.00
3	3	4.32	10.99	38.52	3.59	0.00
3	7	4.46	10.45	44.15	6.02	0.00
Core	CPU	C1%	C3%	C6%	C8%	C9%
-	-	4.82	10.40	39.40	3.83	0.03
0	0	3.91	10.87	39.56	4.42	0.07
0	4	5.28	9.89	42.92	1.44	0.00
1	1	4.81	10.86	38.89	3.38	0.00
1	5	4.03	10.48	38.29	2.89	0.19
2	2	5.64	9.95	39.66	4.29	0.00
2	6	4.70	11.14	39.23	7.03	0.00
3	3	4.18	8.32	41.41	4.64	0.00
3	7	6.01	11.68	35.22	2.54	0.00
Core	CPU	C1%	C3%	C6%	C8%	C9%
-	-	2.79	10.71	48.90	2.40	0.02
0	0	3.67	9.73	51.08	2.99	0.00
0	4	2.01	11.34	49.93	1.19	0.00
1	1	2.35	12.12	47.59	1.62	0.00
1	5	2.53	11.08	48.96	2.52	0.00
2	2	3.35	9.07	50.71	2.41	0.00
2	6	2.54	10.00	49.72	3.14	0.00
3	3	2.93	12.03	44.32	1.89	0.20
3	7	2.93	10.30	48.92	3.43	0.00
Core	CPU	C1%	C3%	C6%	C8%	C9%
-	-	3.24	10.95	46.35	3.43	0.00
0	0	3.66	12.77	45.88	2.52	0.00
0	4	3.03	10.00	45.76	4.36	0.00
1	1	2.84	10.21	47.06	3.96	0.00
1	5	2.86	10.43	46.80	2.93	0.00
2	2	4.02	12.43	45.35	2.77	0.00
2	6	2.66	10.92	49.42	2.67	0.00
3	3	4.40	9.25	47.75	2.28	0.00
3	7	2.45	11.63	42.79	5.96	0.00
Core	CPU	C1%	C3%	C6%	C8%	C9%
-	-	6.38	12.72	38.80	1.78	0.00
0	0	6.42	12.21	36.60	2.68	0.00
0	4	5.96	12.89	39.46	1.26	0.00
1	1	7.49	13.81	38.10	0.68	0.00
1	5	5.85	12.27	42.36	1.52	0.00
2	2	6.67	13.62	39.89	1.30	0.00
2	6	6.38	13.31	40.37	2.86	0.00
3	3	7.28	11.80	36.46	2.32	0.00
3	7	4.96	11.88	37.16	1.62	0.00
Core	CPU	C1%	C3%	C6%	C8%	C9%
-	-	2.98	9.34	43.07	4.10	0.05
0	0	1.47	10.23	45.38	4.16	0.00
0	4	3.56	9.29	43.21	7.15	0.00
1	1	3.06	8.98	42.20	5.14	0.15
1	5	3.04	10.51	41.86	1.66	0.08
2	2	2.99	8.18	41.05	4.63	0.01
2	6	2.98	9.54	46.21	3.61	0.18
3	3	3.78	9.13	44.81	3.50	0.01
3	7	2.94	8.81	39.84	2.97	0.00
Core	CPU	C1%	C3%	C6%	C8%	C9%
-	-	5.66	8.43	40.86	3.33	0.05
0	0	5.04	7.69	42.24	5.26	0.00
0	4	5.83	8.89	39.10	2.41	0.34
1	1	4.79	9.32	43.50	3.36	0.00
1	5	6.74	8.37	41.53	2.13	0.03
2	2	5.66	7.38	43.25	2.22	0.00
2	6	6.21	8.12	40.34	4.63	0.00
3	3	6.58	8.66	37.32	2.29	0.00
3	7	4.47	9.05	39.56	4.36	0.00
Core	CPU	C1%	C3%	C6%	C8%	C9%
-	-	1.18	8.05	49.15	3.52	0.04
0	0	1.35	8.38	47.65	5.14	0.00
0	4	1.09	7.95	50.01	1.70	0.00
1	1	0.88	5.68	45.86	3.95	0.00
1	5	1.20	10.33	52.96	2.18	0.00
2	2	1.16	6.90	48.26	4.13	0.00
2	6	1.08	9.55	46.51	2.17	0.19
3	3	1.07	7.78	50.85	4.21	0.16
3	7	1.63	7.79	51.14	4.69	0.00
Core	CPU	C1%	C3%	C6%	C8%	C9%
-	-	4.44	9.14	36.90	4.51	0.14
0	0	4.47	9.92	38.51	3.46	0.00
0	4	5.45	8.43	35.02	3.51	0.00
1	1	3.13	8.27	37.72	2.98	0.00
1	5	4.00	10.87	38.38	6.36	0.00
2	2	3.18	8.20	39.47	8.57	0.00
2	6	4.93	9.16	33.57	3.01	0.00
3	3	4.03	7.95	36.69	6.95	1.13
3	7	6.33	10.31	35.86	1.24	0.00
Core	CPU	C1%	C3%	C6%	C8%	C9%
-	-	5.38	10.52	36.52	4.34	0.02
0	0	5.02	11.08	37.17	7.23	0.00
0	4	5.18	9.36	41.09	6.18	0.00
1	1	4.27	9.61	39.24	4.97	0.11
1	5	5.25	10.64	33.09	3.85	0.00
2	2	6.10	11.50	37.29	3.07	0.00
2	6	7.31	11.24	35.40	1.77	0.00
3	3	4.12	8.24	37.97	5.65	0.00
3	7	5.80	12.53	30.93	1.98	0.06
Core	CPU	C1%	C3%	C6%	C8%	C9%
-	-	2.86	8.41	43.34	4.07	0.01
0	0	2.32	8.57	45.93	3.64	0.00
0	4	2.41	8.81	43.20	7.49	0.00
1	1	2.78	8.50	43.67	3.12	0.00
1	5	3.23	8.08	43.08	2.72	0.04
2	2	3.21	8.05	43.97	1.97	0.00
2	6	2.90	8.52	43.81	2.12	0.00
3	3	3.49	9.13	41.94	8.31	0.00
3	7	2.57	7.58	41.07	3.18	0.00
Core	CPU	C1%	C3%	C6%	C8%	C9%
-	-	5.82	9.47	37.06	12.56	0.00
0	0	5.43	6.88	34.47	1.01	0.00
0	4	5.91	10.55	35.70	16.24	0.00
1	1	4.53	8.80	35.79	21.91	0.01
1	5	7.02	10.77	34.54	12.69	0.00
2	2	6.35	9.51	38.10	16.90	0.00
2	6	5.09	11.08	36.82	9.08	0.00
3	3	5.77	9.23	40.90	16.03	0.00
3	7	6.44	8.90	40.09	6.62	0.00
Core	CPU	C1%	C3%	C6%	C8%	C9%
-	-	3.36	13.64	44.61	3.94	0.00
0	0	4.30	9.99	32.26	2.96	0.00
0	4	1.50	11.37	39.92	4.85	0.00
1	1	3.53	14.19	47.25	4.01	0.00
1	5	3.62	14.60	48.95	2.46	0.01
2	2	3.39	16.05	46.69	4.78	0.00
2	6	3.16	14.54	51.12	4.59	0.00
3	3	3.55	13.94	45.63	5.47	0.00
3	7	3.85	14.45	45.18	2.44	0.01
Core	CPU	C1%	C3%	C6%	C8%	C9%
-	-	2.82	12.27	46.74	2.42	0.07
0	0	2.89	10.06	45.80	3.42	0.27
0	4	3.56	13.41	47.29	2.36	0.20
1	1	1.97	12.48	46.08	2.69	0.00
1	5	3.09	11.23	49.08	1.70	0.00
2	2	2.50	13.49	43.47	2.26	0.00
2	6	3.02	11.73	49.12	1.45	0.00
3	3	2.49	12.37	47.33	2.67	0.11
3	7	3.04	13.42	45.77	2.81	0.01
Core	CPU	C1%	C3%	C6%	C8%	C9%
-	-	0.77	9.82	53.44	2.83	0.01
0	0	0.79	10.93	54.54	1.56	0.00
0	4	0.55	9.38	50.74	3.37	0.00
1	1	0.77	7.99	58.59	3.59	0.00
1	5	0.77	11.62	50.88	3.86	0.02
2	2	0.34	10.54	54.16	2.13	0.00
2	6	1.02	9.89	52.74	3.15	0.00
3	3	0.81	9.16	51.71	1.91	0.05
3	7	1.12	9.06	54.14	3.04	0.00
Core	CPU	C1%	C3%	C6%	C8%	C9%
-	-	0.78	10.22	52.75	2.67	0.00
0	0	1.11	10.85	53.49	2.02	0.00
0	4	0.96	9.21	49.92	4.03	0.02
1	1	0.72	10.26	53.43	2.18	0.02
1	5	0.87	10.69	50.79	1.55	0.00
2	2	0.55	11.04	55.24	2.02	0.00
2	6	0.71	9.56	54.77	4.63	0.00
3	3	0.78	10.55	51.04	2.89	0.00
3	7	0.56	9.61	53.25	2.04	0.00
Core	CPU	C1%	C3%	C6%	C8%	C9%
-	-	0.54	9.15	54.43	3.03	0.03
0	0	0.54	7.61	54.19	3.60	0.00
0	4	0.71	9.49	52.96	5.97	0.00
1	1	0.53	10.46	54.05	1.87	0.00
1	5	0.58	9.83	52.85	3.75	0.00
2	2	0.38	9.16	54.78	2.19	0.18
2	6	0.56	8.80	54.85	2.72	0.00
3	3	0.53	9.29	58.11	1.49	0.02
3	7	0.49	8.59	53.75	2.68	0.00
Core	CPU	C1%	C3%	C6%	C8%	C9%
-	-	0.73	9.80	54.67	2.77	0.01
0	0	0.54	10.25	53.93	1.79	0.00
0	4	0.58	9.15	55.08	3.06	0.00
1	1	0.98	9.63	55.10	3.74	0.00
1	5	0.68	9.47	56.52	1.77	0.00
2	2	0.42	9.53	56.05	1.98	0.11
2	6	0.65	9.44	56.98	3.52	0.00
3	3	1.02	9.76	50.89	4.88	0.00
3	7	0.98	11.18	52.85	1.42	0.00
Core	CPU	C1%	C3%	C6%	C8%	C9%
-	-	0.72	10.81	52.97	2.79	0.03
0	0	0.57	11.81	54.62	2.09	0.00
0	4	0.97	11.73	48.92	1.74	0.15
1	1	0.60	10.02	54.02	3.73	0.00
1	5	0.89	11.33	51.36	2.81	0.00
2	2	0.48	8.80	54.24	5.22	0.04
2	6	0.90	12.12	55.10	2.11	0.07
3	3	0.81	10.90	50.77	2.01	0.00
3	7	0.55	9.74	54.75	2.64	0.00
Core	CPU	C1%	C3%	C6%	C8%	C9%
-	-	0.88	10.86	53.71	2.30	0.01
0	0	0.62	11.98	52.40	1.33	0.00
0	4	0.89	11.00	55.19	2.55	0.00
1	1	0.72	10.80	52.45	1.16	0.11
1	5	0.79	9.86	55.17	2.42	0.00
2	2	1.11	10.86	54.94	2.99	0.00
2	6	1.19	11.74	52.70	3.24	0.00
3	3	0.94	11.71	52.38	1.61	0.00
3	7	0.79	8.93	54.29	3.07	0.00
Core	CPU	C1%	C3%	C6%	C8%	C9%
-	-	0.48	9.80	52.28	4.46	0.06
0	0	0.78	8.85	52.61	4.22	0.00
0	4	0.74	9.69	54.60	2.95	0.00
1	1	0.42	9.64	51.91	6.24	0.00
1	5	0.50	12.80	47.68	2.36	0.45
2	2	0.25	9.81	53.25	3.50	0.00
2	6	0.42	10.02	55.53	5.76	0.00
3	3	0.37	8.62	48.64	6.68	0.00
3	7	0.36	9.02	54.09	3.99	0.00
Core	CPU	C1%	C3%	C6%	C8%	C9%
-	-	0.45	7.49	57.13	6.56	0.03
0	0	0.25	7.86	59.00	4.41	0.00
0	4	0.46	6.48	59.48	7.92	0.00
1	1	0.34	7.16	57.10	7.33	0.00
1	5	0.26	8.67	57.63	3.27	0.20
2	2	0.53	7.74	53.46	8.87	0.00
2	6	0.64	7.67	56.92	8.65	0.00
3	3	0.68	7.35	57.05	4.34	0.00
3	7	0.41	7.03	56.42	7.69	0.00
Core	CPU	C1%	C3%	C6%	C8%	C9%
-	-	0.61	7.65	56.41	6.10	0.17
0	0	0.58	6.93	60.01	5.59	0.00
0	4	0.52	7.06	54.24	4.71	0.00
1	1	0.53	7.86	57.01	4.66	0.06
1	5	0.27	8.49	55.03	4.07	0.38
2	2	1.27	7.86	56.26	8.38	0.00
2	6	0.24	8.16	59.58	6.61	0.00
3	3	0.55	7.46	55.24	6.07	0.00
3	7	0.92	7.40	53.92	8.70	0.96
Core	CPU	C1%	C3%	C6%	C8%	C9%
-	-	0.34	6.43	57.71	7.01	0.05
0	0	0.24	7.13	58.22	5.72	0.11
0	4	0.42	5.48	59.34	9.19	0.00
1	1	0.33	5.51	58.45	6.61	0.00
1	5	0.40	7.79	54.54	8.34	0.32
2	2	0.23	5.87	58.75	7.64	0.00
2	6	0.17	6.40	59.67	5.34	0.00
3	3	0.27	6.20	57.92	7.27	0.00
3	7	0.66	7.08	54.68	5.93	0.00
Core	CPU	C1%	C3%	C6%	C8%	C9%
-	-	0.35	6.73	56.48	7.25	0.03
0	0	0.35	6.53	59.35	5.17	0.00
0	4	0.50	6.42	53.57	9.99	0.00
1	1	0.17	5.35	50.69	10.17	0.00
1	5	0.49	10.09	49.58	5.28	0.21
2	2	0.20	6.82	62.53	5.09	0.01
2	6	0.61	5.70	58.66	8.71	0.01
3	3	0.36	6.38	59.23	6.33	0.00
3	7	0.13	6.55	58.46	7.27	0.00
Core	CPU	C1%	C3%	C6%	C8%	C9%
-	-	0.51	10.04	53.28	4.69	0.10
0	0	0.44	9.92	54.58	3.61	0.07
0	4	0.40	10.55	53.37	3.57	0.00
1	1	0.28	9.37	54.47	6.28	0.00
1	5	1.14	12.69	45.33	3.93	0.75
2	2	0.21	9.78	54.23	6.64	0.00
2	6	0.70	9.66	54.00	5.11	0.00
3	3	0.58	8.26	56.85	4.04	0.01
3	7	0.36	10.10	53.20	4.33	0.00
Core	CPU	C1%	C3%	C6%	C8%	C9%
-	-	0.54	10.29	52.06	5.75	0.04
0	0	0.84	10.06	57.48	3.64	0.01
0	4	0.53	8.93	53.05	7.13	0.00
1	1	0.23	8.81	52.99	7.96	0.00
1	5	1.02	15.58	39.53	2.59	0.27
2	2	0.53	8.47	54.08	7.51	0.00
2	6	0.36	9.55	56.28	5.58	0.00
3	3	0.20	10.41	51.97	6.62	0.06
3	7	0.65	10.51	51.16	5.00	0.00
Core	CPU	C1%	C3%	C6%	C8%	C9%
-	-	0.61	10.89	53.64	3.63	0.02
0	0	0.93	11.27	54.80	2.69	0.00
0	4	0.33	9.48	56.90	3.13	0.00
1	1	0.39	8.51	57.09	5.19	0.00
1	5	1.30	14.43	45.10	2.49	0.18
2	2	0.36	9.52	52.95	6.70	0.00
2	6	0.49	11.37	54.32	3.60	0.00
3	3	0.58	10.58	52.77	3.66	0.00
3	7	0.50	11.94	55.18	1.61	0.00
Core	CPU	C1%	C3%	C6%	C8%	C9%
-	-	0.81	13.36	49.10	1.63	0.03
0	0	0.68	12.77	51.90	1.32	0.00
0	4	0.67	12.85	52.11	1.42	0.00
1	1	0.47	12.14	49.89	3.93	0.00
1	5	1.60	16.02	41.87	0.68	0.21
2	2	0.62	13.48	48.85	1.25	0.00
2	6	0.55	13.37	49.96	1.24	0.00
3	3	1.20	14.18	48.75	0.42	0.00
3	7	0.68	12.08	49.46	2.76	0.00
Core	CPU	C1%	C3%	C6%	C8%	C9%
-	-	0.70	12.07	52.76	3.18	0.00
0	0	0.68	11.89	52.87	2.95	0.00
0	4	0.95	12.44	51.66	2.97	0.00
1	1	0.43	10.79	53.73	3.84	0.00
1	5	1.36	14.84	47.77	1.32	0.00
2	2	0.76	11.53	52.33	5.19	0.00
2	6	0.41	11.37	56.81	1.73	0.00
3	3	0.59	12.43	48.27	3.54	0.00
3	7	0.40	11.30	58.59	3.91	0.00
Core	CPU	C1%	C3%	C6%	C8%	C9%
-	-	1.06	12.07	51.32	2.32	0.00
0	0	1.04	11.72	52.05	1.89	0.00
0	4	0.86	11.66	49.95	3.94	0.00
1	1	0.65	11.38	54.69	2.72	0.00
1	5	1.86	12.59	47.82	1.31	0.00
2	2	1.21	13.11	51.80	1.73	0.00
2	6	1.02	12.51	50.44	2.29	0.00
3	3	0.73	10.16	55.03	3.26	0.00
3	7	1.09	13.44	48.86	1.39	0.00
Core	CPU	C1%	C3%	C6%	C8%	C9%
-	-	1.15	13.09	50.90	2.42	0.00
0	0	1.46	13.58	50.07	1.86	0.00
0	4	1.10	13.43	52.17	5.01	0.00
1	1	0.65	12.06	54.95	3.40	0.00
1	5	1.28	13.77	50.10	0.50	0.00
2	2	1.13	12.56	51.47	3.35	0.00
2	6	1.13	13.90	49.65	1.59	0.00
3	3	1.64	13.65	45.77	0.75	0.00
3	7	0.81	11.78	52.95	2.92	0.00
Core	CPU	C1%	C3%	C6%	C8%	C9%
-	-	3.61	15.18	38.98	2.23	0.01
0	0	4.46	17.65	40.47	4.17	0.00
0	4	3.75	17.04	42.83	1.96	0.00
1	1	4.04	15.29	45.61	2.69	0.00
1	5	4.40	16.15	46.54	1.61	0.04
2	2	3.73	18.01	46.30	1.35	0.00
2	6	4.02	16.66	46.93	1.81	0.00
3	3	1.22	3.18	11.46	1.43	0.00
3	7	3.26	17.46	31.66	2.83	0.00
Core	CPU	C1%	C3%	C6%	C8%	C9%
-	-	1.75	11.06	50.19	2.80	0.02
0	0	2.57	10.23	49.35	3.41	0.06
0	4	1.86	11.02	52.98	2.28	0.00
1	1	1.37	10.25	50.77	4.52	0.00
1	5	1.94	11.47	47.35	3.69	0.09
2	2	1.23	11.13	50.46	2.09	0.00
2	6	1.81	12.53	46.48	1.60	0.00
3	3	1.17	9.06	53.30	3.41	0.00
3	7	2.06	12.79	50.99	1.43	0.01
Core	CPU	C1%	C3%	C6%	C8%	C9%
-	-	0.57	10.09	54.07	4.62	0.13
0	0	0.77	10.39	54.90	3.57	0.00
0	4	0.31	8.76	55.16	8.72	0.00
1	1	0.54	9.85	52.39	4.87	0.00
1	5	0.60	11.84	50.40	3.79	0.15
2	2	0.65	10.02	52.53	4.64	0.30
2	6	0.34	10.30	56.11	2.52	0.55
3	3	0.74	9.08	56.57	3.22	0.00
3	7	0.58	10.43	54.36	5.65	0.00
Core	CPU	C1%	C3%	C6%	C8%	C9%
-	-	0.69	11.39	53.88	2.25	0.09
0	0	1.07	11.88	50.17	1.90	0.00
0	4	0.61	9.47	56.20	2.50	0.00
1	1	0.59	10.13	57.59	1.89	0.00
1	5	1.02	13.75	47.79	2.51	0.69
2	2	0.19	10.85	55.70	3.71	0.00
2	6	0.96	12.92	53.06	1.30	0.00
3	3	0.45	10.43	58.00	1.89	0.00
3	7	0.63	11.71	52.52	2.31	0.00
Core	CPU	C1%	C3%	C6%	C8%	C9%
-	-	0.75	12.43	51.07	2.37	0.08
0	0	0.83	11.24	52.46	3.69	0.00
0	4	0.46	12.50	49.80	4.40	0.00
1	1	0.61	12.09	54.24	1.02	0.00
1	5	1.22	13.66	44.62	3.39	0.04
2	2	0.64	12.48	54.10	1.57	0.59
2	6	0.72	14.62	48.22	1.34	0.00
3	3	0.58	11.67	52.73	1.27	0.00
3	7	0.95	11.21	52.36	2.29	0.00
Core	CPU	C1%	C3%	C6%	C8%	C9%
-	-	1.64	12.88	49.27	2.66	0.09
0	0	1.62	14.01	51.32	2.12	0.00
0	4	1.75	11.99	52.27	1.83	0.00
1	1	1.63	13.58	47.01	2.19	0.00
1	5	1.56	14.35	46.14	1.68	0.00
2	2	1.77	11.41	51.87	4.19	0.00
2	6	2.07	13.59	45.48	3.10	0.60
3	3	1.46	12.71	48.44	3.62	0.00
3	7	1.27	11.50	51.82	2.57	0.10
Core	CPU	C1%	C3%	C6%	C8%	C9%
-	-	1.31	11.43	48.51	3.35	0.06
0	0	0.99	10.97	48.89	3.24	0.00
0	4	1.43	11.28	47.84	3.61	0.00
1	1	1.00	11.20	49.52	4.84	0.01
1	5	1.74	14.15	43.34	2.35	0.45
2	2	0.76	10.30	48.67	3.53	0.00
2	6	1.53	11.87	51.97	1.43	0.00
3	3	1.32	10.10	49.97	4.57	0.00
3	7	1.69	11.49	47.66	3.22	0.00
Core	CPU	C1%	C3%	C6%	C8%	C9%
-	-	4.78	10.64	41.57	3.50	0.14
0	0	5.14	9.88	41.83	7.64	0.00
0	4	4.95	11.72	43.73	1.59	0.00
1	1	5.15	9.95	43.31	2.73	0.43
1	5	5.15	12.29	38.33	4.08	0.49
2	2	5.47	10.45	41.98	2.12	0.00
2	6	4.28	10.98	41.70	2.42	0.01
3	3	3.97	9.74	41.69	3.94	0.18
3	7	4.12	10.10	39.99	3.52	0.00
Core	CPU	C1%	C3%	C6%	C8%	C9%
-	-	1.04	12.94	49.92	1.91	0.01
0	0	0.98	13.29	50.01	1.35	0.00
0	4	1.36	12.82	51.45	1.83	0.00
1	1	0.81	12.37	49.37	2.50	0.00
1	5	0.98	14.82	47.14	1.21	0.04
2	2	0.74	13.27	49.67	1.57	0.00
2	6	1.00	11.02	49.20	3.17	0.00
3	3	1.58	13.35	48.86	1.47	0.00
3	7	0.84	12.63	53.80	2.22	0.00
Core	CPU	C1%	C3%	C6%	C8%	C9%
-	-	11.37	13.51	28.50	0.38	0.00
0	0	10.36	14.81	28.42	0.01	0.00
0	4	10.55	12.24	32.09	0.62	0.00
1	1	12.41	12.45	29.79	0.24	0.00
1	5	12.84	14.43	24.88	0.76	0.00
2	2	11.19	14.41	27.84	0.20	0.00
2	6	11.79	12.83	30.81	0.33	0.00
3	3	11.47	13.67	25.55	0.14	0.00
3	7	10.28	13.15	28.40	0.74	0.00
Core	CPU	C1%	C3%	C6%	C8%	C9%
-	-	1.43	16.64	45.70	0.78	0.00
0	0	1.65	16.23	46.97	0.54	0.00
0	4	1.31	17.14	45.00	0.93	0.00
1	1	1.56	17.29	42.50	0.62	0.00
1	5	1.83	17.02	45.37	0.31	0.00
2	2	1.08	15.51	48.07	1.32	0.00
2	6	1.05	16.57	44.29	1.78	0.00
3	3	1.40	16.57	45.48	0.57	0.00
3	7	1.54	16.88	48.08	0.19	0.00
Core	CPU	C1%	C3%	C6%	C8%	C9%
-	-	1.01	14.45	49.21	1.16	0.00
0	0	1.18	14.28	50.45	0.67	0.00
0	4	1.27	14.14	49.90	1.21	0.00
1	1	0.99	14.46	47.85	0.66	0.00
1	5	0.84	14.83	46.93	2.14	0.00
2	2	1.30	14.76	47.05	1.22	0.00
2	6	0.55	14.62	53.00	0.81	0.00
3	3	1.00	13.64	49.83	1.73	0.00
3	7	0.98	14.89	48.71	0.85	0.00
Core	CPU	C1%	C3%	C6%	C8%	C9%
-	-	2.33	13.09	48.47	3.28	0.00
0	0	2.33	13.16	46.04	3.85	0.00
0	4	1.40	12.07	51.97	5.60	0.00
1	1	2.13	13.56	48.29	2.65	0.00
1	5	2.80	15.45	40.75	1.46	0.00
2	2	2.37	13.11	51.21	2.98	0.00
2	6	1.78	12.12	50.54	4.11	0.00
3	3	3.11	12.85	48.61	4.00	0.00
3	7	2.74	12.38	50.29	1.56	0.00
Core	CPU	C1%	C3%	C6%	C8%	C9%
-	-	7.54	10.56	39.46	2.37	0.10
0	0	7.09	10.96	40.65	2.46	0.00
0	4	8.13	9.60	40.99	2.30	0.04
1	1	7.83	9.97	39.78	2.64	0.00
1	5	8.14	13.15	32.97	0.77	0.00
2	2	7.77	9.49	40.69	2.64	0.00
2	6	6.96	11.11	40.92	3.18	0.00
3	3	7.83	10.46	37.44	3.01	0.70
3	7	6.60	9.74	42.24	1.99	0.09
Core	CPU	C1%	C3%	C6%	C8%	C9%
-	-	1.19	14.12	49.47	1.17	0.00
0	0	1.44	14.74	49.58	0.34	0.00
0	4	1.26	14.49	50.15	0.78	0.00
1	1	1.03	13.06	51.83	1.41	0.00
1	5	1.29	15.59	46.06	0.08	0.00
2	2	1.34	12.53	53.43	2.46	0.00
2	6	1.12	13.77	47.00	0.45	0.00
3	3	1.02	15.12	47.55	0.84	0.00
3	7	0.99	13.70	50.20	2.98	0.00
Core	CPU	C1%	C3%	C6%	C8%	C9%
-	-	0.74	14.27	49.72	2.54	0.01
0	0	0.79	14.22	51.81	2.36	0.00
0	4	0.52	12.69	49.98	3.39	0.00
1	1	0.98	13.34	51.79	2.82	0.00
1	5	0.95	15.73	42.52	2.41	0.00
2	2	0.49	12.88	53.59	2.62	0.00
2	6	0.95	15.88	48.99	1.99	0.00
3	3	0.55	15.21	48.48	1.96	0.05
3	7	0.69	14.25	50.67	2.75	0.00
Core	CPU	C1%	C3%	C6%	C8%	C9%
-	-	2.66	11.94	45.68	4.41	0.06
0	0	2.84	10.55	43.77	5.41	0.00
0	4	2.58	11.45	49.50	2.81	0.00
1	1	2.52	13.43	42.78	3.88	0.00
1	5	2.57	12.55	46.79	4.70	0.33
2	2	2.22	12.20	44.77	5.03	0.00
2	6	3.14	12.33	46.99	2.11	0.05
3	3	2.71	12.45	45.95	3.30	0.00
3	7	2.71	10.57	44.90	8.04	0.11
Core	CPU	C1%	C3%	C6%	C8%	C9%
-	-	1.14	13.69	49.27	1.08	0.00
0	0	1.28	13.70	48.37	0.42	0.00
0	4	1.29	13.19	48.95	1.38	0.00
1	1	1.04	13.41	49.27	1.72	0.00
1	5	1.73	15.24	46.94	0.21	0.00
2	2	1.06	13.15	47.82	2.22	0.00
2	6	0.89	12.88	53.83	0.51	0.00
3	3	1.04	14.46	49.89	0.67	0.00
3	7	0.80	13.49	49.07	1.52	0.00
Core	CPU	C1%	C3%	C6%	C8%	C9%
-	-	1.14	13.97	49.90	1.35	0.00
0	0	0.94	13.19	49.51	2.82	0.00
0	4	1.23	15.01	47.85	1.03	0.00
1	1	0.86	15.03	50.75	0.34	0.00
1	5	1.47	13.80	47.47	1.53	0.00
2	2	1.42	15.05	49.02	0.45	0.00
2	6	1.15	13.30	50.64	2.13	0.00
3	3	0.90	12.38	51.92	1.51	0.00
3	7	1.17	14.01	52.05	0.98	0.00
Core	CPU	C1%	C3%	C6%	C8%	C9%
-	-	3.26	14.12	44.43	1.97	0.00
0	0	3.47	14.32	45.97	1.50	0.01
0	4	3.32	14.37	43.92	2.56	0.00
1	1	1.79	13.35	48.65	1.98	0.00
1	5	4.21	14.60	38.76	2.19	0.00
2	2	2.94	13.05	44.09	2.99	0.00
2	6	3.40	14.92	45.40	0.83	0.00
3	3	3.28	14.18	42.34	1.21	0.00
3	7	3.63	14.17	46.33	2.54	0.00
Core	CPU	C1%	C3%	C6%	C8%	C9%
-	-	21.62	9.09	21.92	2.33	0.02
0	0	21.46	9.13	21.56	1.86	0.03
0	4	23.06	8.95	20.15	2.34	0.01
1	1	21.72	9.00	20.50	1.89	0.01
1	5	20.50	8.77	21.14	2.98	0.04
2	2	21.55	9.70	21.80	2.74	0.04
2	6	21.46	8.67	23.41	1.87	0.01
3	3	21.29	9.80	24.46	2.10	0.00
3	7	21.92	8.68	22.36	2.83	0.00
Core	CPU	C1%	C3%	C6%	C8%	C9%
-	-	10.71	5.01	17.63	12.79	0.01
0	0	11.10	5.33	21.56	32.27	0.00
0	4	10.96	5.23	13.30	2.55	0.00
1	1	11.28	5.86	20.57	26.80	0.00
1	5	10.60	4.53	12.65	2.28	0.01
2	2	11.60	4.51	16.48	2.80	0.02
2	6	9.80	4.33	16.40	2.24	0.02
3	3	11.33	5.97	24.71	29.25	0.06
3	7	8.95	4.33	15.32	4.08	0.00
Core	CPU	C1%	C3%	C6%	C8%	C9%
-	-	13.66	5.02	18.94	8.90	0.36
0	0	13.17	5.48	27.61	22.84	0.00
0	4	14.01	3.73	15.76	1.11	2.89
1	1	13.85	5.18	14.34	0.88	0.00
1	5	14.42	5.35	14.38	3.18	0.00
2	2	13.72	4.99	23.29	14.28	0.01
2	6	13.82	5.03	16.90	3.51	0.00
3	3	12.17	5.23	22.14	22.71	0.00
3	7	14.15	5.19	17.20	2.71	0.00
Core	CPU	C1%	C3%	C6%	C8%	C9%
-	-	16.90	7.51	23.83	3.37	0.09
0	0	17.91	8.10	19.96	3.27	0.01
0	4	16.49	6.52	25.83	2.61	0.04
1	1	16.59	8.02	26.28	3.68	0.41
1	5	14.17	7.71	26.79	4.05	0.00
2	2	19.42	7.92	24.18	2.75	0.00
2	6	16.84	6.82	24.19	4.23	0.02
3	3	16.59	6.90	20.21	2.24	0.18
3	7	17.21	8.08	23.17	4.10	0.06
Core	CPU	C1%	C3%	C6%	C8%	C9%
-	-	17.84	8.47	23.72	3.07	0.10
0	0	16.50	8.29	28.19	3.76	0.01
0	4	17.79	7.67	22.39	4.84	0.51
1	1	17.50	9.31	20.19	2.17	0.04
1	5	16.13	7.55	26.40	4.10	0.02
2	2	19.19	8.94	20.30	2.69	0.09
2	6	17.51	8.12	25.55	2.06	0.02
3	3	18.45	8.44	25.19	2.86	0.03
3	7	19.68	9.46	21.51	2.10	0.10
Core	CPU	C1%	C3%	C6%	C8%	C9%
-	-	18.85	8.40	22.60	2.84	0.10
0	0	18.57	8.11	21.28	3.98	0.00
0	4	17.82	8.63	23.96	2.79	0.00
1	1	20.04	9.83	23.14	1.52	0.00
1	5	18.31	7.75	23.47	2.68	0.42
2	2	18.35	9.56	21.19	4.11	0.01
2	6	16.69	8.13	25.19	2.30	0.09
3	3	21.75	7.77	20.41	2.28	0.24
3	7	19.26	7.46	22.18	3.07	0.03
Core	CPU	C1%	C3%	C6%	C8%	C9%
-	-	18.15	8.08	23.03	2.92	0.02
0	0	20.36	7.76	23.58	3.27	0.01
0	4	18.35	8.57	20.88	1.98	0.00
1	1	16.27	7.67	25.34	2.65	0.11
1	5	16.97	8.33	23.12	2.68	0.00
2	2	17.54	7.50	25.56	3.24	0.03
2	6	19.10	8.35	19.07	2.71	0.04
3	3	17.81	7.59	24.84	4.69	0.00
3	7	18.79	8.84	21.79	2.12	0.00
Core	CPU	C1%	C3%	C6%	C8%	C9%
-	-	18.15	8.60	22.48	3.23	0.07
0	0	19.34	8.32	22.04	3.32	0.11
0	4	19.92	8.48	21.05	1.42	0.00
1	1	15.81	8.66	23.94	3.05	0.00
1	5	18.78	8.28	22.64	2.06	0.05
2	2	17.56	9.67	21.44	2.74	0.06
2	6	17.82	8.14	24.86	5.34	0.00
3	3	18.35	8.48	21.88	3.04	0.00
3	7	17.65	8.79	21.97	4.89	0.31
Core	CPU	C1%	C3%	C6%	C8%	C9%
-	-	17.19	7.74	23.36	3.60	0.05
0	0	18.79	8.00	20.66	2.90	0.02
0	4	17.14	7.51	25.12	2.33	0.03
1	1	15.96	8.01	22.64	3.81	0.00
1	5	17.06	7.98	25.19	2.84	0.06
2	2	14.72	7.88	25.16	5.00	0.00
2	6	18.38	7.94	23.67	3.94	0.24
3	3	16.26	6.97	22.77	3.75	0.03
3	7	19.39	7.76	21.97	4.26	0.01
Core	CPU	C1%	C3%	C6%	C8%	C9%
-	-	4.44	11.10	41.17	3.37	0.00
0	0	5.39	8.78	37.83	4.56	0.00
0	4	3.19	10.48	40.51	3.37	0.00
1	1	4.63	13.02	40.29	2.41	0.00
1	5	4.38	10.29	41.02	2.33	0.00
2	2	4.59	12.42	42.91	2.10	0.00
2	6	4.34	10.72	41.43	3.42	0.00
3	3	4.15	10.90	43.75	3.52	0.00
3	7	4.81	12.03	41.07	5.19	0.00
Core	CPU	C1%	C3%	C6%	C8%	C9%
-	-	2.58	11.29	45.20	3.62	0.03
0	0	2.38	11.15	45.94	3.63	0.01
0	4	2.37	9.90	47.79	3.66	0.00
1	1	2.31	10.19	44.50	4.68	0.00
1	5	2.94	11.85	43.76	3.72	0.02
2	2	2.57	11.11	49.67	4.09	0.00
2	6	2.71	12.52	45.08	2.53	0.00
3	3	3.43	13.08	40.68	1.71	0.22
3	7	1.93	10.52	44.18	4.96	0.00
Core	CPU	C1%	C3%	C6%	C8%	C9%
-	-	2.33	9.18	44.99	5.43	0.00
0	0	1.83	7.73	46.88	5.40	0.00
0	4	3.03	10.32	47.16	2.96	0.00
1	1	2.88	10.10	41.81	4.29	0.00
1	5	2.11	9.50	46.68	3.11	0.00
2	2	2.05	9.39	44.34	8.66	0.00
2	6	1.70	8.84	44.81	6.95	0.01
3	3	2.31	9.75	43.60	2.66	0.00
3	7	2.75	7.82	44.67	9.38	0.00
Core	CPU	C1%	C3%	C6%	C8%	C9%
-	-	2.26	10.91	45.05	3.69	0.01
0	0	2.16	11.34	42.04	2.96	0.00
0	4	2.24	11.06	47.02	3.30	0.00
1	1	2.28	10.09	46.32	3.17	0.00
1	5	2.43	10.71	44.94	2.64	0.00
2	2	2.73	9.92	42.83	4.72	0.07
2	6	1.97	11.48	46.11	2.35	0.00
3	3	2.47	12.38	44.21	2.87	0.00
3	7	1.77	10.32	46.84	7.48	0.00
Core	CPU	C1%	C3%	C6%	C8%	C9%
-	-	4.17	11.23	42.66	3.03	0.07
0	0	3.97	10.99	38.99	6.80	0.01
0	4	4.18	11.61	45.01	2.79	0.10
1	1	4.52	11.78	39.88	1.63	0.00
1	5	3.96	9.95	41.84	2.66	0.44
2	2	3.54	11.60	43.44	2.24	0.01
2	6	4.77	11.90	39.63	1.57	0.00
3	3	4.18	11.43	45.12	3.10	0.00
3	7	4.24	10.61	47.35	3.48	0.00
Core	CPU	C1%	C3%	C6%	C8%	C9%
-	-	2.11	11.41	47.31	3.41	0.10
0	0	1.84	11.28	46.17	6.28	0.00
0	4	1.68	12.14	46.32	1.91	0.00
1	1	1.90	12.07	47.72	3.28	0.73
1	5	2.35	11.47	47.45	3.09	0.05
2	2	1.88	10.21	49.96	3.86	0.00
2	6	2.56	11.43	48.15	2.37	0.00
3	3	2.30	11.50	46.13	3.44	0.00
3	7	2.37	11.19	46.57	3.07	0.00
Core	CPU	C1%	C3%	C6%	C8%	C9%
-	-	1.66	12.51	50.93	3.15	0.00
0	0	1.21	12.73	46.77	5.49	0.00
0	4	1.76	12.80	51.30	4.19	0.00
1	1	1.77	12.02	51.51	3.72	0.00
1	5	2.21	12.34	52.46	1.49	0.00
2	2	1.87	14.10	49.87	1.68	0.00
2	6	1.55	12.48	52.01	2.27	0.00
3	3	1.52	12.77	50.44	2.32	0.00
3	7	1.41	10.81	53.12	4.07	0.00
Core	CPU	C1%	C3%	C6%	C8%	C9%
-	-	0.97	9.35	54.81	5.43	0.00
0	0	1.24	9.12	57.82	4.72	0.00
0	4	1.03	10.64	52.74	7.03	0.00
1	1	1.35	8.80	59.36	1.72	0.00
1	5	0.97	8.55	52.35	7.10	0.00
2	2	1.02	8.83	51.58	6.84	0.00
2	6	1.02	10.19	52.40	6.58	0.00
3	3	0.69	9.40	58.06	4.35	0.00
3	7	0.42	9.29	54.18	5.06	0.00
Core	CPU	C1%	C3%	C6%	C8%	C9%
-	-	0.65	8.88	54.58	7.14	0.03
0	0	0.51	9.59	52.55	5.56	0.00
0	4	0.67	8.74	55.24	7.71	0.01
1	1	0.82	8.67	54.84	6.95	0.00
1	5	0.41	8.22	52.38	8.04	0.00
2	2	0.65	8.44	58.11	6.74	0.00
2	6	0.90	9.98	53.95	8.77	0.00
3	3	0.62	8.61	54.52	6.58	0.00
3	7	0.66	8.78	55.05	6.77	0.24
Core	CPU	C1%	C3%	C6%	C8%	C9%
-	-	0.83	7.42	56.53	6.44	0.08
0	0	0.32	6.59	56.29	6.32	0.00
0	4	0.98	6.87	57.56	7.52	0.00
1	1	0.39	6.34	57.87	5.67	0.00
1	5	1.10	8.56	57.19	4.57	0.00
2	2	1.43	8.18	56.06	5.33	0.06
2	6	0.59	7.72	57.11	9.32	0.00
3	3	1.02	7.66	54.24	4.45	0.00
3	7	0.76	7.46	55.83	8.34	0.57
Core	CPU	C1%	C3%	C6%	C8%	C9%
-	-	0.34	5.48	58.50	10.96	0.00
0	0	0.40	6.33	57.32	10.48	0.00
0	4	0.37	6.09	60.21	8.50	0.00
1	1	0.53	6.00	61.54	8.80	0.01
1	5	0.43	4.95	49.99	16.57	0.00
2	2	0.19	3.78	61.25	13.11	0.00
2	6	0.15	4.99	56.63	11.61	0.00
3	3	0.20	6.50	62.49	8.63	0.00
3	7	0.44	5.17	58.62	9.97	0.00
Core	CPU	C1%	C3%	C6%	C8%	C9%
-	-	0.97	10.01	53.32	4.08	0.00
0	0	0.91	10.61	52.93	4.60	0.00
0	4	0.87	9.94	55.15	4.40	0.00
1	1	0.97	10.88	51.49	5.14	0.00
1	5	1.00	10.03	53.81	3.57	0.00
2	2	0.90	10.07	51.39	2.68	0.00
2	6	1.03	10.05	55.10	4.62	0.00
3	3	1.19	10.72	55.09	1.67	0.00
3	7	0.91	7.97	52.69	6.01	0.00
Core	CPU	C1%	C3%	C6%	C8%	C9%
-	-	0.61	8.96	58.79	5.00	0.00
0	0	0.64	8.55	57.16	7.52	0.00
0	4	0.62	8.19	61.72	5.04	0.00
1	1	0.46	10.25	56.46	4.82	0.00
1	5	0.71	9.12	59.56	3.94	0.00
2	2	0.71	9.21	57.58	4.69	0.00
2	6	0.43	8.91	61.28	3.76	0.00
3	3	0.67	7.55	59.43	4.31	0.00
3	7	0.62	9.76	55.97	5.85	0.00
Core	CPU	C1%	C3%	C6%	C8%	C9%
-	-	0.72	7.07	58.21	8.46	0.01
0	0	0.53	7.03	62.19	9.11	0.00
0	4	0.65	7.17	53.76	11.05	0.00
1	1	0.73	7.50	57.66	7.89	0.00
1	5	0.44	6.98	62.94	7.75	0.00
2	2	0.72	8.33	56.19	8.29	0.00
2	6	0.97	6.76	58.83	6.90	0.00
3	3	0.29	5.60	53.85	11.76	0.10
3	7	1.42	7.22	60.39	5.00	0.00
Core	CPU	C1%	C3%	C6%	C8%	C9%
-	-	0.37	4.30	58.46	10.96	0.00
0	0	0.23	4.51	61.80	16.03	0.00
0	4	0.33	4.62	56.15	11.78	0.00
1	1	0.18	3.32	63.91	12.12	0.00
1	5	0.26	4.22	60.34	9.10	0.00
2	2	0.52	3.17	53.41	11.15	0.00
2	6	0.64	5.55	62.33	7.04	0.00
3	3	0.36	3.87	52.40	12.66	0.00
3	7	0.41	5.15	57.14	7.73	0.00
Core	CPU	C1%	C3%	C6%	C8%	C9%
-	-	0.25	4.37	59.46	10.82	0.08
0	0	0.07	4.79	60.11	11.15	0.32
0	4	0.56	3.75	61.21	14.02	0.00
1	1	0.24	3.35	54.70	15.27	0.31
1	5	0.06	4.69	60.12	8.59	0.00
2	2	0.46	3.96	58.20	9.84	0.00
2	6	0.22	5.36	62.15	11.37	0.00
3	3	0.23	4.27	61.74	8.22	0.00
3	7	0.19	4.76	57.47	8.13	0.00
Core	CPU	C1%	C3%	C6%	C8%	C9%
-	-	0.32	5.38	60.66	8.99	0.00
0	0	0.08	5.20	57.75	12.87	0.00
0	4	0.14	4.82	60.74	8.98	0.00
1	1	0.81	4.79	56.03	10.72	0.00
1	5	0.32	6.22	64.48	5.32	0.00
2	2	0.30	5.63	63.38	8.10	0.00
2	6	0.16	6.42	62.32	6.70	0.00
3	3	0.49	5.00	62.07	9.50	0.00
3	7	0.23	5.00	58.59	9.76	0.00
Core	CPU	C1%	C3%	C6%	C8%	C9%
-	-	0.43	7.89	59.13	6.48	0.03
0	0	0.49	8.71	56.02	8.47	0.00
0	4	0.46	6.36	60.89	6.94	0.00
1	1	0.38	7.71	59.54	5.19	0.00
1	5	0.48	8.56	59.05	4.90	0.00
2	2	0.50	7.27	61.63	6.91	0.00
2	6	0.38	8.26	58.73	6.16	0.20
3	3	0.20	7.48	59.36	6.16	0.01
3	7	0.51	8.80	57.79	7.13	0.00
Core	CPU	C1%	C3%	C6%	C8%	C9%
-	-	0.41	8.09	60.86	5.15	0.05
0	0	0.35	9.01	60.53	2.71	0.00
0	4	0.31	8.44	62.22	5.77	0.00
1	1	0.48	8.02	60.79	4.23	0.00
1	5	0.31	7.72	58.65	6.49	0.00
2	2	0.37	8.22	58.56	6.78	0.00
2	6	0.41	8.11	59.35	4.88	0.00
3	3	0.33	6.93	61.61	6.50	0.38
3	7	0.73	8.30	65.21	3.86	0.00
Core	CPU	C1%	C3%	C6%	C8%	C9%
-	-	0.33	6.68	61.43	7.71	0.00
0	0	0.40	6.57	60.70	8.85	0.00
0	4	0.52	6.84	61.95	8.25	0.00
1	1	0.33	5.63	58.46	8.86	0.00
1	5	0.47	6.98	63.40	4.72	0.00
2	2	0.25	6.79	60.23	8.20	0.00
2	6	0.21	7.82	61.52	7.80	0.00
3	3	0.21	6.77	62.66	7.73	0.00
3	7	0.20	6.06	62.42	7.27	0.00
Core	CPU	C1%	C3%	C6%	C8%	C9%
-	-	0.59	7.45	61.18	5.02	0.00
0	0	0.75	8.91	56.30	5.49	0.00
0	4	0.44	6.75	65.07	5.76	0.00
1	1	0.44	5.98	65.58	5.13	0.00
1	5	0.59	7.26	60.99	3.15	0.00
2	2	0.46	7.09	61.32	5.02	0.00
2	6	0.31	7.91	59.94	4.07	0.00
3	3	0.76	7.76	61.07	5.82	0.00
3	7	0.94	7.96	59.27	5.76	0.00
Core	CPU	C1%	C3%	C6%	C8%	C9%
-	-	1.23	12.82	52.67	2.10	0.00
0	0	1.35	13.31	48.98	2.59	0.00
0	4	1.36	11.62	55.22	1.57	0.00
1	1	1.20	14.04	52.48	1.55	0.00
1	5	1.71	13.21	54.00	2.67	0.00
2	2	0.85	12.79	52.07	2.99	0.00
2	6	0.96	13.13	52.90	1.38	0.00
3	3	1.31	12.64	51.54	1.90	0.00
3	7	1.13	11.81	54.19	2.17	0.00
Core	CPU	C1%	C3%	C6%	C8%	C9%
-	-	0.62	7.72	57.13	7.32	0.00
0	0	0.49	7.62	52.87	7.84	0.00
0	4	0.56	8.69	56.50	4.20	0.00
1	1	0.59	7.21	60.95	8.01	0.00
1	5	0.37	8.09	54.33	10.25	0.00
2	2	0.93	6.64	60.61	5.36	0.00
2	6	0.44	8.60	56.96	5.17	0.00
3	3	0.77	6.55	57.91	10.93	0.00
3	7	0.80	8.36	56.98	6.81	0.00
Core	CPU	C1%	C3%	C6%	C8%	C9%
-	-	0.78	10.88	55.11	4.38	0.01
0	0	0.87	9.55	57.59	5.11	0.00
0	4	0.85	11.93	53.63	4.10	0.00
1	1	0.90	11.74	52.97	5.49	0.00
1	5	1.12	9.38	58.35	6.04	0.00
2	2	0.97	11.23	54.85	3.90	0.00
2	6	0.18	10.76	53.66	3.99	0.06
3	3	0.69	10.02	54.00	4.17	0.00
3	7	0.68	12.37	55.75	2.25	0.00
Core	CPU	C1%	C3%	C6%	C8%	C9%
-	-	0.40	5.32	55.81	10.46	0.02
0	0	0.43	5.45	59.64	9.03	0.02
0	4	0.60	5.46	53.11	11.40	0.00
1	1	0.40	5.61	48.45	14.01	0.00
1	5	0.51	5.05	58.78	8.43	0.00
2	2	0.37	5.94	53.89	10.99	0.00
2	6	0.40	5.11	60.41	7.28	0.00
3	3	0.29	4.75	57.40	13.86	0.00
3	7	0.19	5.19	54.96	8.72	0.11
Core	CPU	C1%	C3%	C6%	C8%	C9%
-	-	0.16	2.26	50.60	22.30	0.00
0	0	0.03	2.27	48.97	22.64	0.00
0	4	0.15	1.78	46.26	28.61	0.00
1	1	0.27	2.89	57.97	17.24	0.02
1	5	0.03	1.97	49.28	22.98	0.00
2	2	0.25	2.31	52.06	17.42	0.00
2	6	0.12	2.88	51.54	22.04	0.00
3	3	0.31	2.13	52.46	22.56	0.00
3	7	0.10	1.88	46.56	25.01	0.00
Core	CPU	C1%	C3%	C6%	C8%	C9%
-	-	0.48	8.19	37.78	20.39	0.06
0	0	0.44	1.90	15.92	3.52	0.00
0	4	0.20	9.24	36.39	28.93	0.00
1	1	0.33	8.73	46.11	28.14	0.00
1	5	0.43	9.65	46.21	25.85	0.00
2	2	0.43	8.92	42.32	25.78	0.00
2	6	0.82	9.21	38.48	18.95	0.50
3	3	0.88	9.81	45.33	22.13	0.00
3	7	0.33	7.96	31.06	9.59	0.00
Core	CPU	C1%	C3%	C6%	C8%	C9%
-	-	8.99	13.83	38.25	1.46	0.02
0	0	8.24	12.25	34.85	1.81	0.00
0	4	9.36	15.80	30.67	1.64	0.04
1	1	8.96	13.30	41.73	0.68	0.01
1	5	8.73	14.60	40.05	1.58	0.00
2	2	9.44	13.10	41.41	1.67	0.00
2	6	8.83	13.80	38.31	0.83	0.13
3	3	9.66	14.58	40.39	1.34	0.00
3	7	8.73	13.26	38.68	2.14	0.00
Core	CPU	C1%	C3%	C6%	C8%	C9%
-	-	2.47	11.26	47.78	4.45	0.08
0	0	2.54	10.12	49.42	3.24	0.10
0	4	2.94	12.09	48.99	3.17	0.00
1	1	2.70	12.25	46.62	3.09	0.01
1	5	2.25	11.62	47.98	3.78	0.02
2	2	1.82	10.10	45.89	8.38	0.00
2	6	2.28	12.44	48.25	3.74	0.30
3	3	2.48	10.34	48.15	5.97	0.00
3	7	2.74	11.15	47.08	4.26	0.17
Core	CPU	C1%	C3%	C6%	C8%	C9%
-	-	2.81	12.37	48.77	2.98	0.17
0	0	2.57	12.28	49.56	2.95	0.00
0	4	3.34	13.50	47.33	1.87	0.00
1	1	3.01	12.72	48.26	2.55	0.00
1	5	2.54	12.80	50.33	2.94	0.00
2	2	2.63	12.82	47.58	3.58	0.11
2	6	2.65	11.47	51.22	3.07	1.28
3	3	2.72	11.99	47.02	3.16	0.00
3	7	3.02	11.33	48.71	3.71	0.00
Core	CPU	C1%	C3%	C6%	C8%	C9%
-	-	1.05	6.35	51.65	13.70	0.01
0	0	1.09	6.35	51.78	12.66	0.00
0	4	0.96	6.34	50.64	13.96	0.00
1	1	1.23	5.82	49.52	17.24	0.00
1	5	0.77	6.53	53.77	11.32	0.04
2	2	0.90	6.19	49.73	19.41	0.00
2	6	0.96	7.04	52.17	9.66	0.00
3	3	1.53	6.63	54.45	9.21	0.00
3	7	0.96	5.93	51.18	16.11	0.08
Core	CPU	C1%	C3%	C6%	C8%	C9%
-	-	0.43	7.76	53.70	8.46	0.00
0	0	0.47	7.31	54.09	8.02	0.00
0	4	0.43	7.94	54.31	6.61	0.00
1	1	0.26	7.62	53.77	10.31	0.00
1	5	0.37	8.53	51.97	6.09	0.00
2	2	0.48	7.49	55.48	8.00	0.00
2	6	0.34	8.56	54.96	9.35	0.00
3	3	0.55	7.05	54.89	7.82	0.00
3	7	0.53	7.59	50.16	11.49	0.00
Core	CPU	C1%	C3%	C6%	C8%	C9%
-	-	0.62	8.03	55.43	6.68	0.00
0	0	0.57	7.53	53.51	7.86	0.00
0	4	0.43	7.86	53.27	9.13	0.00
1	1	0.26	8.21	56.60	7.08	0.00
1	5	0.53	8.75	58.27	4.24	0.00
2	2	0.67	8.76	55.53	6.30	0.00
2	6	0.84	7.88	56.66	5.60	0.00
3	3	0.84	8.12	53.44	5.48	0.00
3	7	0.79	7.13	56.03	7.74	0.00
Core	CPU	C1%	C3%	C6%	C8%	C9%
-	-	0.28	3.39	55.62	12.89	0.23
0	0	0.55	3.09	57.03	11.68	0.00
0	4	0.14	3.85	54.91	13.75	0.01
1	1	0.08	4.13	54.82	13.17	0.00
1	5	0.30	3.38	54.46	11.78	1.04
2	2	0.08	3.46	54.54	13.53	0.35
2	6	0.42	3.15	57.67	13.72	0.00
3	3	0.36	3.73	58.66	10.84	0.47
3	7	0.31	2.31	52.88	14.70	0.00
Core	CPU	C1%	C3%	C6%	C8%	C9%
-	-	0.20	3.20	54.31	14.17	0.05
0	0	0.03	3.74	56.52	18.04	0.00
0	4	0.10	3.08	48.02	14.92	0.00
1	1	0.06	3.30	56.09	12.11	0.21
1	5	0.56	3.82	57.09	10.43	0.00
2	2	0.21	3.14	51.97	17.23	0.21
2	6	0.05	3.16	59.53	12.63	0.00
3	3	0.46	2.98	53.74	14.85	0.00
3	7	0.11	2.41	51.54	13.11	0.00
Core	CPU	C1%	C3%	C6%	C8%	C9%
-	-	0.25	2.82	54.36	18.73	0.01
0	0	0.25	2.94	52.79	22.17	0.00
0	4	0.10	2.78	52.03	20.98	0.00
1	1	0.15	2.71	49.27	20.46	0.08
1	5	0.42	3.09	54.72	17.31	0.00
2	2	0.32	3.02	56.95	16.62	0.00
2	6	0.60	2.38	56.11	19.24	0.00
3	3	0.12	3.32	59.73	14.69	0.00
3	7	0.04	2.37	53.27	18.40	0.00
Core	CPU	C1%	C3%	C6%	C8%	C9%
-	-	0.25	3.67	56.07	16.16	0.10
0	0	0.19	4.44	61.44	14.96	0.01
0	4	0.52	3.17	53.88	16.94	0.01
1	1	0.14	3.66	52.24	22.97	0.00
1	5	0.13	3.58	59.66	15.24	0.00
2	2	0.36	3.92	55.33	12.16	0.00
2	6	0.10	3.21	53.67	16.27	0.00
3	3	0.17	3.62	56.80	14.82	0.00
3	7	0.41	3.76	55.54	15.89	0.81
Core	CPU	C1%	C3%	C6%	C8%	C9%
-	-	0.59	6.71	56.95	9.26	0.04
0	0	0.66	6.91	57.04	5.90	0.00
0	4	0.43	6.40	58.01	10.11	0.00
1	1	0.78	7.33	55.22	12.47	0.00
1	5	0.76	6.31	57.41	10.61	0.21
2	2	0.42	6.03	55.73	12.92	0.00
2	6	0.66	7.12	56.17	6.63	0.00
3	3	0.44	6.56	58.35	8.69	0.10
3	7	0.57	7.08	58.49	6.91	0.00
Core	CPU	C1%	C3%	C6%	C8%	C9%
-	-	0.36	3.73	54.47	14.07	0.05
0	0	0.40	3.96	54.92	13.74	0.40
0	4	0.19	3.97	50.40	14.63	0.00
1	1	0.41	3.35	56.97	17.15	0.00
1	5	0.49	3.66	54.08	14.84	0.00
2	2	0.17	3.10	52.49	18.45	0.00
2	6	0.30	3.52	56.88	10.65	0.00
3	3	0.56	4.25	55.60	9.46	0.00
3	7	0.38	3.97	53.79	13.46	0.00
Core	CPU	C1%	C3%	C6%	C8%	C9%
-	-	0.31	3.58	56.61	16.16	0.04
0	0	0.04	3.30	57.53	17.45	0.00
0	4	0.74	3.96	57.85	16.76	0.31
1	1	0.24	3.79	61.00	13.82	0.00
1	5	0.30	3.53	58.48	13.07	0.00
2	2	0.36	4.24	54.68	14.54	0.00
2	6	0.12	3.29	58.66	15.44	0.00
3	3	0.37	3.66	55.75	19.63	0.00
3	7	0.27	2.86	49.08	18.65	0.00
Core	CPU	C1%	C3%	C6%	C8%	C9%
-	-	0.23	5.81	53.15	10.00	0.11
0	0	0.12	5.36	50.94	9.86	0.00
0	4	0.25	6.65	53.15	8.84	0.00
1	1	0.16	5.74	48.96	11.59	0.22
1	5	0.23	6.06	55.25	8.01	0.20
2	2	0.46	5.60	57.52	7.81	0.00
2	6	0.18	6.02	53.02	10.06	0.00
3	3	0.21	5.28	53.97	13.77	0.45
3	7	0.25	5.76	52.13	10.03	0.00
Core	CPU	C1%	C3%	C6%	C8%	C9%
-	-	0.31	4.35	57.79	12.56	0.00
0	0	0.18	4.62	58.70	11.49	0.00
0	4	0.23	4.34	58.98	11.16	0.00
1	1	0.94	5.29	55.79	9.85	0.01
1	5	0.10	4.02	59.25	14.76	0.00
2	2	0.54	3.19	51.90	13.91	0.00
2	6	0.23	5.55	60.83	11.86	0.00
3	3	0.20	4.41	58.06	12.21	0.00
3	7	0.05	3.41	59.28	15.35	0.00
Core	CPU	C1%	C3%	C6%	C8%	C9%
-	-	0.46	7.45	57.66	6.53	0.03
0	0	0.54	7.77	55.58	3.60	0.00
0	4	0.20	7.13	55.93	7.21	0.00
1	1	0.68	8.16	57.61	6.57	0.00
1	5	0.42	6.19	58.53	7.06	0.00
2	2	0.35	7.67	57.15	5.89	0.00
2	6	0.81	7.19	56.92	9.30	0.00
3	3	0.34	8.31	59.13	6.26	0.00
3	7	0.36	7.12	60.00	6.32	0.27
Core	CPU	C1%	C3%	C6%	C8%	C9%
-	-	0.62	8.53	55.51	5.45	0.00
0	0	0.51	7.33	58.21	6.17	0.00
0	4	0.31	8.90	55.19	5.05	0.00
1	1	0.34	8.29	58.29	5.33	0.00
1	5	1.04	8.58	54.60	6.77	0.00
2	2	1.05	8.07	55.25	5.39	0.00
2	6	0.45	8.42	59.71	2.75	0.00
3	3	0.52	9.08	49.58	6.13	0.00
3	7	0.71	9.59	53.25	6.03	0.00
Core	CPU	C1%	C3%	C6%	C8%	C9%
-	-	0.51	6.60	57.06	8.27	0.26
0	0	0.65	6.67	56.62	10.54	0.00
0	4	0.75	7.00	58.84	8.96	0.00
1	1	0.32	6.31	56.59	8.31	0.21
1	5	0.35	6.94	58.38	7.58	0.41
2	2	0.17	5.89	55.90	10.45	0.00
2	6	0.43	6.69	59.63	4.82	0.00
3	3	0.64	6.74	53.55	8.77	1.47
3	7	0.80	6.58	56.95	6.71	0.00
Core	CPU	C1%	C3%	C6%	C8%	C9%
-	-	0.69	8.79	54.19	6.48	0.05
0	0	1.18	7.67	54.23	8.17	0.00
0	4	0.40	9.79	53.51	5.05	0.00
1	1	0.58	8.54	54.16	6.66	0.00
1	5	0.76	9.39	54.95	4.46	0.00
2	2	0.62	8.65	52.43	9.99	0.00
2	6	0.57	9.25	54.20	7.30	0.44
3	3	0.91	8.53	57.83	3.08	0.00
3	7	0.51	8.54	52.30	7.15	0.00
Core	CPU	C1%	C3%	C6%	C8%	C9%
-	-	0.25	5.20	56.97	10.75	0.07
0	0	0.12	4.29	61.01	8.80	0.00
0	4	0.25	5.62	60.76	11.53	0.01
1	1	0.34	3.28	56.39	10.42	0.01
1	5	0.44	6.97	57.04	6.73	0.01
2	2	0.20	4.94	54.44	13.81	0.13
2	6	0.29	5.86	53.10	11.28	0.03
3	3	0.20	5.63	56.50	10.75	0.00
3	7	0.20	5.11	57.25	12.81	0.40
Core	CPU	C1%	C3%	C6%	C8%	C9%
-	-	0.33	3.61	56.05	14.02	0.05
0	0	0.38	4.45	55.43	13.02	0.07
0	4	0.05	3.20	51.89	14.67	0.03
1	1	0.41	4.37	62.09	7.36	0.00
1	5	0.09	3.10	58.52	12.92	0.20
2	2	0.97	4.14	57.02	14.13	0.00
2	6	0.23	2.43	55.12	18.36	0.00
3	3	0.19	3.88	59.18	16.53	0.06
3	7	0.32	3.27	48.91	15.09	0.00
Core	CPU	C1%	C3%	C6%	C8%	C9%
-	-	0.62	8.53	55.29	6.06	0.00
0	0	0.67	8.28	57.90	5.97	0.00
0	4	1.10	7.67	56.53	4.56	0.00
1	1	0.40	9.66	52.70	6.39	0.00
1	5	0.34	8.00	55.69	3.05	0.02
2	2	0.60	8.82	54.38	10.89	0.00
2	6	0.56	8.25	56.50	4.20	0.00
3	3	0.92	9.19	51.12	7.54	0.00
3	7	0.34	8.27	56.91	5.86	0.00
Core	CPU	C1%	C3%	C6%	C8%	C9%
-	-	0.70	8.86	56.27	5.51	0.00
0	0	0.67	9.30	56.60	5.02	0.00
0	4	0.59	7.18	58.30	6.19	0.00
1	1	0.62	8.53	56.56	6.68	0.00
1	5	0.60	9.03	56.41	7.43	0.00
2	2	0.99	9.14	53.64	3.65	0.00
2	6	0.87	10.28	56.18	3.38	0.00
3	3	0.50	8.67	57.31	5.55	0.00
3	7	0.72	8.74	55.24	6.14	0.00
Core	CPU	C1%	C3%	C6%	C8%	C9%
-	-	0.35	4.60	56.52	10.14	0.08
0	0	0.28	3.91	63.97	12.05	0.00
0	4	0.19	5.24	55.46	6.22	0.00
1	1	0.22	3.91	53.30	15.95	0.08
1	5	0.62	4.92	57.15	5.85	0.16
2	2	0.25	5.34	59.67	8.61	0.30
2	6	0.45	3.87	51.32	12.64	0.00
3	3	0.45	4.75	53.28	12.33	0.10
3	7	0.35	4.88	58.32	7.51	0.00
Core	CPU	C1%	C3%	C6%	C8%	C9%
-	-	0.19	3.33	55.85	14.67	0.08
0	0	0.16	3.06	52.59	16.88	0.07
0	4	0.17	3.85	61.23	15.80	0.11
1	1	0.11	4.18	60.29	12.18	0.45
1	5	0.27	2.85	55.04	15.79	0.00
2	2	0.25	3.49	55.66	14.99	0.00
2	6	0.20	2.91	50.14	12.85	0.00
3	3	0.17	3.62	62.78	11.00	0.00
3	7	0.17	2.69	48.70	17.78	0.00
Core	CPU	C1%	C3%	C6%	C8%	C9%
-	-	0.39	3.48	56.51	13.72	0.06
0	0	0.69	3.40	55.00	13.68	0.00
0	4	0.41	3.31	54.69	14.91	0.00
1	1	0.45	3.07	52.47	15.29	0.00
1	5	0.45	3.62	58.83	9.38	0.00
2	2	0.14	4.00	54.02	17.18	0.00
2	6	0.56	3.13	57.90	15.56	0.50
3	3	0.17	3.53	57.43	12.75	0.00
3	7	0.27	3.83	62.15	11.10	0.00
