Core	CPU	C1%	C3%	C6%	C8%	C9%
-	-	0.00	0.06	2.96	13.32	0.00
0	0	0.00	0.00	1.85	3.31	0.00
0	4	0.00	0.03	2.47	1.18	0.00
1	1	0.00	0.05	3.08	4.05	0.00
1	5	0.00	0.01	4.57	22.51	0.00
2	2	0.01	0.18	2.46	0.97	0.00
2	6	0.00	0.00	1.87	3.34	0.00
3	3	0.00	0.02	4.84	42.22	0.00
3	7	0.01	0.22	2.52	28.95	0.00
Core	CPU	C1%	C3%	C6%	C8%	C9%
-	-	0.01	0.00	1.22	2.19	0.12
0	0	0.00	0.01	0.97	2.17	0.00
0	4	0.09	0.00	1.17	2.30	0.99
1	1	0.00	0.00	0.58	1.49	0.00
1	5	0.00	0.00	2.16	2.80	0.00
2	2	0.00	0.00	1.35	0.90	0.00
2	6	0.00	0.00	1.00	1.69	0.00
3	3	0.00	0.00	1.81	5.12	0.00
3	7	0.00	0.00	0.74	1.09	0.00
Core	CPU	C1%	C3%	C6%	C8%	C9%
-	-	0.00	0.01	0.68	1.13	0.00
0	0	0.00	0.02	1.49	0.91	0.00
0	4	0.00	0.00	0.46	1.90	0.00
1	1	0.00	0.00	1.19	0.91	0.00
1	5	0.00	0.00	0.64	0.90	0.00
2	2	0.00	0.00	0.13	1.10	0.00
2	6	0.00	0.03	0.59	0.89	0.00
3	3	0.00	0.00	0.58	1.74	0.00
3	7	0.00	0.00	0.40	0.69	0.00
Core	CPU	C1%	C3%	C6%	C8%	C9%
-	-	0.10	0.01	0.62	1.17	0.00
0	0	0.00	0.03	0.95	1.07	0.00
0	4	0.00	0.00	0.53	1.91	0.00
1	1	0.00	0.00	0.50	0.59	0.00
1	5	0.00	0.02	0.28	1.09	0.00
2	2	0.01	0.00	0.36	1.57	0.02
2	6	0.00	0.00	0.55	0.89	0.00
3	3	0.77	0.00	1.01	1.41	0.00
3	7	0.00	0.01	0.80	0.79	0.00
Core	CPU	C1%	C3%	C6%	C8%	C9%
-	-	0.00	0.01	1.05	1.66	0.12
0	0	0.00	0.01	0.86	0.60	0.00
0	4	0.00	0.03	2.07	2.81	0.00
1	1	0.00	0.00	0.73	0.69	0.00
1	5	0.00	0.05	2.22	0.80	0.00
2	2	0.00	0.00	0.10	1.09	0.00
2	6	0.00	0.00	1.20	2.39	0.00
3	3	0.00	0.00	0.86	4.03	0.00
3	7	0.00	0.00	0.33	0.89	1.00
Core	CPU	C1%	C3%	C6%	C8%	C9%
-	-	0.16	0.53	16.73	3.21	0.34
0	0	0.00	0.15	4.98	4.52	0.80
0	4	0.01	0.59	28.28	7.46	1.00
1	1	0.00	0.20	7.49	1.58	0.00
1	5	0.01	0.75	27.26	5.96	0.00
2	2	1.19	0.00	0.10	0.40	0.00
2	6	0.02	1.20	31.26	2.37	0.00
3	3	0.00	0.18	7.02	1.88	0.91
3	7	0.01	1.13	27.42	1.51	0.00
Core	CPU	C1%	C3%	C6%	C8%	C9%
-	-	0.83	8.81	47.60	6.48	0.01
0	0	0.68	8.80	50.01	5.41	0.00
0	4	0.72	10.21	50.56	5.43	0.00
1	1	0.89	4.43	55.67	12.58	0.10
1	5	1.43	13.84	40.32	3.51	0.00
2	2	0.35	3.41	45.06	14.54	0.00
2	6	1.05	13.04	41.27	0.59	0.00
3	3	0.77	4.93	49.06	7.53	0.00
3	7	0.75	11.81	48.91	2.27	0.00
Core	CPU	C1%	C3%	C6%	C8%	C9%
-	-	0.43	9.27	52.63	7.19	0.00
0	0	0.35	10.56	54.43	4.59	0.01
0	4	0.32	8.66	53.11	4.39	0.00
1	1	0.28	7.20	55.31	9.78	0.00
1	5	0.58	11.97	48.16	3.47	0.00
2	2	0.27	6.17	57.88	13.28	0.00
2	6	0.76	12.21	47.29	2.43	0.00
3	3	0.16	7.27	53.53	13.16	0.03
3	7	0.68	10.14	51.20	6.39	0.00
Core	CPU	C1%	C3%	C6%	C8%	C9%
-	-	0.39	6.00	57.70	8.57	0.05
0	0	0.49	7.28	61.16	4.04	0.00
0	4	0.12	4.58	53.89	11.66	0.00
1	1	0.24	5.29	59.44	7.99	0.00
1	5	0.70	6.75	57.37	6.11	0.00
2	2	0.23	5.03	61.83	11.36	0.00
2	6	0.33	6.78	59.22	8.09	0.00
3	3	0.49	5.36	54.21	12.09	0.00
3	7	0.52	6.92	54.43	7.22	0.36
Core	CPU	C1%	C3%	C6%	C8%	C9%
-	-	0.45	9.34	53.85	5.89	0.01
0	0	0.27	9.92	54.18	5.08	0.00
0	4	0.38	8.74	57.27	6.18	0.00
1	1	0.35	8.48	60.01	3.90	0.00
1	5	0.92	12.79	44.28	4.17	0.08
2	2	0.55	6.50	52.08	10.38	0.00
2	6	0.27	10.22	52.75	5.40	0.00
3	3	0.32	8.51	55.54	6.35	0.00
3	7	0.57	9.56	54.86	5.72	0.00
Core	CPU	C1%	C3%	C6%	C8%	C9%
-	-	0.56	8.72	54.16	6.42	0.11
0	0	0.43	8.83	54.92	5.17	0.20
0	4	0.27	8.40	55.14	6.02	0.00
1	1	0.71	8.46	52.84	6.72	0.00
1	5	0.65	9.80	46.53	5.45	0.51
2	2	0.75	8.58	57.67	5.09	0.00
2	6	0.64	9.44	52.39	7.45	0.20
3	3	0.28	8.11	59.26	6.55	0.00
3	7	0.75	8.11	54.56	8.89	0.00
Core	CPU	C1%	C3%	C6%	C8%	C9%
-	-	0.41	7.23	52.65	9.93	0.12
0	0	0.43	6.67	49.94	12.62	0.10
0	4	0.17	6.44	55.53	5.55	0.00
1	1	0.59	6.87	54.30	6.99	0.00
1	5	0.54	8.60	48.91	10.55	0.28
2	2	0.17	7.66	54.66	13.78	0.00
2	6	0.69	6.81	51.85	11.20	0.60
3	3	0.35	6.20	55.39	6.85	0.01
3	7	0.34	8.61	50.52	11.89	0.00
Core	CPU	C1%	C3%	C6%	C8%	C9%
-	-	0.71	10.49	54.30	3.43	0.00
0	0	0.60	9.38	54.49	3.85	0.00
0	4	0.48	10.01	55.49	2.52	0.00
1	1	0.44	9.26	56.50	4.86	0.00
1	5	0.72	12.70	48.79	2.78	0.00
2	2	0.97	9.94	57.10	2.20	0.00
2	6	1.22	12.13	51.35	3.65	0.00
3	3	0.59	9.19	56.09	5.10	0.00
3	7	0.66	11.29	54.58	2.51	0.00
Core	CPU	C1%	C3%	C6%	C8%	C9%
-	-	0.51	8.47	55.22	7.62	0.04
0	0	0.45	9.08	56.10	6.92	0.00
0	4	0.82	7.44	55.37	11.05	0.00
1	1	0.25	7.87	59.97	3.65	0.00
1	5	0.60	11.15	46.96	5.47	0.33
2	2	0.29	8.20	56.94	8.64	0.00
2	6	0.52	8.10	55.84	9.15	0.00
3	3	0.24	6.51	57.99	8.31	0.00
3	7	0.88	9.40	52.60	7.77	0.00
Core	CPU	C1%	C3%	C6%	C8%	C9%
-	-	0.80	10.67	53.69	3.26	0.01
0	0	1.17	11.82	51.92	2.44	0.00
0	4	1.01	10.68	56.07	2.03	0.00
1	1	0.93	10.77	52.38	2.77	0.00
1	5	0.72	10.48	52.82	3.58	0.09
2	2	0.34	11.07	53.71	5.24	0.00
2	6	0.63	10.14	56.25	2.29	0.00
3	3	0.55	8.83	57.13	6.22	0.00
3	7	1.03	11.53	49.23	1.51	0.00
Core	CPU	C1%	C3%	C6%	C8%	C9%
-	-	0.78	11.06	53.26	3.40	0.04
0	0	0.56	10.29	53.11	3.88	0.00
0	4	0.77	10.39	55.35	4.45	0.00
1	1	0.93	10.74	55.31	2.63	0.21
1	5	0.91	14.01	46.59	1.59	0.15
2	2	0.93	11.04	56.25	2.07	0.00
2	6	0.68	10.90	51.93	5.33	0.00
3	3	0.72	9.66	57.03	3.80	0.00
3	7	0.71	11.48	50.78	3.48	0.00
Core	CPU	C1%	C3%	C6%	C8%	C9%
-	-	0.87	10.36	52.44	3.78	0.08
0	0	0.55	10.68	53.36	2.84	0.00
0	4	0.88	9.72	54.63	3.21	0.00
1	1	1.03	10.50	53.00	1.23	0.00
1	5	0.87	10.92	48.59	5.02	0.21
2	2	0.88	10.85	52.55	3.96	0.40
2	6	0.79	9.81	52.50	5.32	0.00
3	3	0.97	9.66	53.79	4.75	0.00
3	7	0.99	10.73	50.77	3.88	0.00
Core	CPU	C1%	C3%	C6%	C8%	C9%
-	-	0.47	7.23	56.67	8.16	0.04
0	0	0.60	7.00	60.69	7.89	0.29
0	4	0.53	7.23	58.02	7.61	0.00
1	1	0.56	7.76	58.55	6.39	0.00
1	5	0.52	7.74	49.56	12.71	0.00
2	2	0.38	7.50	58.03	5.69	0.00
2	6	0.55	6.70	54.57	9.92	0.00
3	3	0.29	6.59	58.44	8.02	0.00
3	7	0.30	7.42	56.30	7.14	0.00
Core	CPU	C1%	C3%	C6%	C8%	C9%
-	-	0.33	5.85	58.74	8.23	0.04
0	0	0.56	6.70	59.42	6.91	0.18
0	4	0.45	5.61	61.17	5.34	0.15
1	1	0.37	6.33	58.53	10.32	0.00
1	5	0.35	5.63	56.65	7.26	0.00
2	2	0.28	6.22	58.97	6.10	0.01
2	6	0.16	5.62	59.78	8.64	0.00
3	3	0.21	5.41	55.93	9.06	0.00
3	7	0.22	5.16	58.70	12.10	0.00
Core	CPU	C1%	C3%	C6%	C8%	C9%
-	-	0.73	8.11	55.58	6.22	0.02
0	0	1.17	7.86	54.82	4.32	0.00
0	4	0.92	7.57	58.46	5.63	0.00
1	1	0.42	7.56	55.68	7.36	0.03
1	5	0.63	9.27	56.73	5.57	0.16
2	2	0.68	9.22	54.54	5.97	0.00
2	6	0.64	7.88	51.68	6.51	0.00
3	3	0.62	6.94	56.51	9.20	0.00
3	7	0.76	8.59	56.16	5.25	0.00
Core	CPU	C1%	C3%	C6%	C8%	C9%
-	-	0.33	5.03	55.82	12.08	0.04
0	0	0.47	4.98	53.06	9.46	0.00
0	4	0.24	5.15	52.19	14.56	0.00
1	1	0.25	4.88	54.34	13.47	0.23
1	5	0.33	4.82	59.42	9.93	0.00
2	2	0.51	4.22	58.19	13.67	0.01
2	6	0.15	5.52	57.42	10.91	0.00
3	3	0.26	4.41	58.43	11.55	0.04
3	7	0.45	6.28	53.56	13.06	0.00
Core	CPU	C1%	C3%	C6%	C8%	C9%
-	-	0.55	9.10	53.52	5.33	0.00
0	0	0.45	8.49	56.41	5.79	0.00
0	4	0.33	8.85	56.51	4.69	0.00
1	1	0.24	7.86	53.11	6.02	0.00
1	5	1.05	12.63	46.71	2.85	0.00
2	2	0.28	7.79	56.32	7.05	0.00
2	6	0.63	8.46	52.04	4.21	0.00
3	3	1.02	8.64	52.84	6.46	0.00
3	7	0.43	10.11	54.60	5.58	0.00
Core	CPU	C1%	C3%	C6%	C8%	C9%
-	-	0.42	9.95	49.86	6.64	0.10
0	0	0.39	8.25	55.01	6.45	0.00
0	4	0.33	9.41	52.03	6.15	0.04
1	1	0.13	8.94	50.19	9.15	0.17
1	5	0.75	15.17	39.34	2.86	0.47
2	2	0.79	9.70	47.06	7.88	0.00
2	6	0.18	10.48	50.98	4.11	0.11
3	3	0.15	9.14	49.97	9.50	0.00
3	7	0.67	8.41	53.87	6.95	0.00
Core	CPU	C1%	C3%	C6%	C8%	C9%
-	-	0.26	5.54	56.68	12.61	0.05
0	0	0.39	5.92	53.67	14.70	0.00
0	4	0.19	4.20	57.06	12.92	0.00
1	1	0.37	5.08	57.88	12.40	0.07
1	5	0.35	9.12	54.05	8.48	0.32
2	2	0.15	4.94	57.32	14.47	0.00
2	6	0.32	4.99	60.54	12.31	0.00
3	3	0.29	4.77	57.48	12.31	0.00
3	7	0.05	5.31	55.50	13.31	0.00
Core	CPU	C1%	C3%	C6%	C8%	C9%
-	-	0.55	7.37	56.33	7.50	0.05
0	0	1.01	6.31	58.51	8.41	0.00
0	4	0.33	6.83	54.44	7.15	0.04
1	1	0.32	6.92	59.80	7.80	0.00
1	5	0.63	10.47	49.44	5.69	0.38
2	2	0.71	7.13	55.41	8.76	0.00
2	6	0.51	7.44	61.39	6.24	0.00
3	3	0.37	6.59	57.16	7.60	0.00
3	7	0.52	7.24	54.46	8.34	0.00
Core	CPU	C1%	C3%	C6%	C8%	C9%
-	-	0.67	7.85	57.03	8.23	0.02
0	0	0.76	7.77	61.15	6.26	0.00
0	4	0.78	7.48	54.19	11.58	0.00
1	1	0.66	6.74	49.87	4.81	0.06
1	5	0.42	9.16	60.21	7.74	0.09
2	2	0.76	7.14	61.05	7.60	0.00
2	6	0.77	8.62	58.57	6.15	0.00
3	3	0.33	7.29	55.72	10.82	0.00
3	7	0.90	8.63	55.42	10.89	0.00
Core	CPU	C1%	C3%	C6%	C8%	C9%
-	-	0.37	8.14	54.10	7.46	0.10
0	0	0.28	7.49	58.79	8.70	0.00
0	4	0.39	6.83	53.39	8.06	0.51
1	1	0.22	6.27	59.62	7.25	0.00
1	5	0.84	13.08	43.01	4.71	0.27
2	2	0.29	7.84	56.88	5.41	0.00
2	6	0.37	7.00	50.28	11.19	0.00
3	3	0.25	9.00	57.82	4.77	0.00
3	7	0.30	7.65	53.19	9.59	0.00
Core	CPU	C1%	C3%	C6%	C8%	C9%
-	-	0.28	6.49	54.27	9.76	0.17
0	0	0.37	5.19	54.80	8.27	0.00
0	4	0.14	6.37	52.73	11.27	0.00
1	1	0.30	5.21	57.46	10.15	0.00
1	5	0.23	9.97	49.10	7.97	0.34
2	2	0.23	5.17	53.91	11.70	0.30
2	6	0.31	7.57	57.11	8.53	0.00
3	3	0.52	5.98	53.85	11.28	0.57
3	7	0.14	6.44	55.15	8.93	0.14
Core	CPU	C1%	C3%	C6%	C8%	C9%
-	-	0.39	4.68	58.83	9.76	0.01
0	0	0.82	4.02	56.43	11.62	0.00
0	4	0.46	4.83	60.32	9.27	0.00
1	1	0.19	4.95	53.59	9.35	0.09
1	5	0.17	4.94	59.65	6.11	0.00
2	2	0.42	4.47	55.72	12.50	0.00
2	6	0.16	4.49	62.79	8.64	0.00
3	3	0.11	4.70	60.50	9.51	0.00
3	7	0.79	5.12	62.21	11.14	0.00
Core	CPU	C1%	C3%	C6%	C8%	C9%
-	-	0.29	5.79	56.78	8.03	0.03
0	0	0.29	7.31	58.06	7.10	0.01
0	4	0.09	4.61	54.67	7.12	0.02
1	1	0.34	6.04	52.00	9.84	0.00
1	5	0.33	7.74	56.92	6.70	0.25
2	2	0.48	5.73	57.48	8.49	0.00
2	6	0.32	4.92	55.09	10.42	0.00
3	3	0.28	4.62	59.62	8.86	0.00
3	7	0.18	5.36	60.42	5.70	0.00
Core	CPU	C1%	C3%	C6%	C8%	C9%
-	-	0.44	7.30	58.98	6.08	0.00
0	0	0.23	6.47	59.00	6.67	0.00
0	4	0.54	8.64	58.70	5.31	0.00
1	1	0.32	6.19	54.36	5.87	0.00
1	5	0.91	8.38	56.72	4.65	0.00
2	2	0.40	5.40	59.61	10.82	0.00
2	6	0.41	7.86	60.57	4.95	0.00
3	3	0.55	8.74	60.85	3.90	0.00
3	7	0.17	6.64	61.34	6.39	0.00
Core	CPU	C1%	C3%	C6%	C8%	C9%
-	-	0.74	7.91	51.33	9.87	0.02
0	0	0.89	8.39	56.89	4.39	0.00
0	4	0.68	7.97	53.71	12.24	0.00
1	1	0.65	5.80	53.32	14.80	0.00
1	5	1.07	10.24	43.68	3.06	0.00
2	2	0.84	8.45	48.99	12.70	0.00
2	6	0.47	7.59	49.27	11.99	0.00
3	3	0.63	6.60	51.94	9.05	0.16
3	7	0.72	8.26	52.96	10.75	0.00
Core	CPU	C1%	C3%	C6%	C8%	C9%
-	-	0.26	7.39	54.48	9.73	0.04
0	0	0.17	6.53	57.80	8.35	0.00
0	4	0.18	7.07	54.99	11.52	0.00
1	1	0.36	5.51	54.01	12.91	0.00
1	5	0.46	13.33	45.93	5.86	0.19
2	2	0.22	7.42	58.76	7.81	0.00
2	6	0.39	6.52	55.86	9.67	0.00
3	3	0.15	6.23	55.85	10.18	0.10
3	7	0.13	6.53	52.84	11.57	0.00
Core	CPU	C1%	C3%	C6%	C8%	C9%
-	-	0.28	5.89	56.16	10.48	0.09
0	0	0.44	5.58	58.49	7.84	0.00
0	4	0.14	5.26	59.10	12.18	0.00
1	1	0.36	5.42	55.67	10.27	0.00
1	5	0.63	8.18	49.26	10.94	0.52
2	2	0.24	5.22	57.96	7.17	0.19
2	6	0.06	5.06	53.55	13.21	0.00
3	3	0.27	4.92	55.97	15.18	0.00
3	7	0.10	7.52	59.84	7.13	0.00
Core	CPU	C1%	C3%	C6%	C8%	C9%
-	-	0.64	9.64	53.36	4.56	0.01
0	0	0.68	9.24	53.13	6.01	0.00
0	4	1.00	8.92	57.69	2.57	0.00
1	1	0.46	10.02	51.56	5.36	0.00
1	5	1.01	11.94	46.85	4.44	0.10
2	2	0.68	10.03	53.61	3.67	0.00
2	6	0.26	9.44	54.53	5.11	0.00
3	3	0.49	9.19	56.18	4.57	0.00
3	7	0.56	8.40	53.62	4.81	0.00
Core	CPU	C1%	C3%	C6%	C8%	C9%
-	-	0.39	8.33	55.97	7.32	0.04
0	0	0.22	7.62	58.71	6.47	0.00
0	4	0.73	7.60	58.21	6.05	0.00
1	1	0.29	8.85	53.42	8.42	0.00
1	5	0.48	11.43	53.30	5.55	0.00
2	2	0.12	6.04	56.98	9.86	0.00
2	6	0.55	9.21	56.21	5.22	0.00
3	3	0.26	8.92	56.88	5.94	0.31
3	7	0.47	6.82	52.94	10.92	0.00
Core	CPU	C1%	C3%	C6%	C8%	C9%
-	-	0.47	10.52	52.67	4.35	0.06
0	0	0.47	10.81	52.44	7.06	0.01
0	4	0.57	9.83	55.63	2.86	0.00
1	1	0.14	7.85	58.37	7.42	0.00
1	5	1.05	15.61	37.17	2.67	0.20
2	2	0.31	8.79	55.51	4.75	0.31
2	6	0.54	11.89	53.45	2.05	0.00
3	3	0.28	9.13	55.05	5.24	0.00
3	7	0.43	10.22	53.64	2.71	0.00
Core	CPU	C1%	C3%	C6%	C8%	C9%
-	-	0.63	10.07	52.06	7.52	0.03
0	0	0.39	8.73	42.01	4.51	0.00
0	4	1.35	9.25	53.63	10.40	0.00
1	1	0.49	8.45	52.55	8.38	0.00
1	5	0.92	14.00	44.52	6.40	0.28
2	2	0.71	9.57	57.94	6.52	0.00
2	6	0.56	11.58	54.78	7.43	0.00
3	3	0.47	9.27	54.37	9.86	0.00
3	7	0.18	9.67	56.53	6.66	0.00
Core	CPU	C1%	C3%	C6%	C8%	C9%
-	-	0.60	10.54	50.44	5.28	0.05
0	0	0.12	9.51	51.11	6.07	0.00
0	4	0.31	9.96	54.65	4.66	0.11
1	1	0.76	10.54	52.61	7.13	0.00
1	5	1.19	16.44	39.26	2.65	0.03
2	2	1.15	9.66	52.56	5.64	0.00
2	6	0.39	8.63	53.44	4.62	0.01
3	3	0.38	9.67	51.21	6.90	0.00
3	7	0.49	10.16	49.70	4.68	0.24
Core	CPU	C1%	C3%	C6%	C8%	C9%
-	-	0.39	8.08	53.77	8.53	0.11
0	0	0.36	7.11	55.24	9.13	0.00
0	4	0.18	7.89	52.70	8.81	0.00
1	1	0.23	7.23	55.84	9.57	0.00
1	5	1.08	11.67	43.08	6.14	0.20
2	2	0.50	7.86	54.33	9.82	0.00
2	6	0.15	7.96	58.17	9.25	0.00
3	3	0.32	7.45	54.15	10.40	0.00
3	7	0.28	7.48	56.55	5.10	0.70
Core	CPU	C1%	C3%	C6%	C8%	C9%
-	-	0.28	5.45	56.98	11.25	0.31
0	0	0.18	5.64	64.82	7.90	0.00
0	4	0.23	4.19	54.29	14.42	0.00
1	1	0.26	5.11	56.83	12.76	0.01
1	5	0.16	9.06	50.67	8.68	1.38
2	2	0.13	4.26	55.59	15.78	0.00
2	6	0.22	5.23	57.17	11.23	0.90
3	3	0.31	4.50	57.92	8.83	0.21
3	7	0.74	5.52	57.73	10.22	0.00
Core	CPU	C1%	C3%	C6%	C8%	C9%
-	-	0.61	9.60	52.62	4.94	0.02
0	0	0.70	9.07	51.33	4.43	0.00
0	4	0.51	9.94	55.84	2.95	0.10
1	1	0.33	7.45	53.35	10.38	0.00
1	5	1.08	13.16	43.75	3.00	0.09
2	2	0.34	8.53	55.94	3.63	0.00
2	6	0.50	10.55	52.35	3.43	0.00
3	3	0.70	9.85	54.30	3.33	0.00
3	7	0.75	8.23	54.08	8.36	0.00
Core	CPU	C1%	C3%	C6%	C8%	C9%
-	-	0.39	10.20	51.66	6.84	0.00
0	0	0.33	10.36	50.57	6.78	0.00
0	4	0.52	9.25	54.29	7.43	0.00
1	1	0.22	8.91	53.61	8.08	0.00
1	5	0.66	14.36	43.62	2.88	0.00
2	2	0.19	10.06	53.41	9.51	0.00
2	6	0.34	10.58	49.07	2.87	0.00
3	3	0.37	8.37	55.17	11.58	0.00
3	7	0.52	9.73	53.61	5.63	0.00
Core	CPU	C1%	C3%	C6%	C8%	C9%
-	-	1.25	10.40	50.98	6.61	0.06
0	0	1.42	8.81	52.40	11.99	0.00
0	4	1.14	11.15	46.46	9.13	0.00
1	1	1.32	9.26	54.79	7.13	0.00
1	5	1.68	14.18	42.34	5.77	0.47
2	2	1.05	9.39	48.34	4.67	0.00
2	6	1.14	10.29	53.77	5.64	0.00
3	3	1.04	10.99	54.88	4.28	0.00
3	7	1.23	9.12	54.91	4.29	0.01
Core	CPU	C1%	C3%	C6%	C8%	C9%
-	-	0.28	7.41	56.47	9.47	0.08
0	0	0.30	7.24	58.19	8.60	0.00
0	4	0.31	6.77	58.58	10.54	0.01
1	1	0.11	5.78	57.35	11.51	0.00
1	5	0.34	10.44	48.62	7.90	0.44
2	2	0.30	7.22	57.82	10.06	0.00
2	6	0.31	6.96	58.48	9.06	0.15
3	3	0.27	6.41	56.15	10.43	0.01
3	7	0.28	8.42	56.51	7.68	0.00
Core	CPU	C1%	C3%	C6%	C8%	C9%
-	-	0.55	8.70	52.97	6.54	0.00
0	0	0.68	8.23	53.13	8.43	0.00
0	4	0.57	8.13	54.64	6.69	0.01
1	1	0.40	7.90	51.25	9.00	0.00
1	5	0.76	11.54	47.08	3.18	0.01
2	2	0.62	9.68	55.69	4.57	0.01
2	6	0.61	8.08	52.29	9.39	0.00
3	3	0.35	7.98	57.10	5.15	0.00
3	7	0.44	8.04	52.58	5.93	0.00
Core	CPU	C1%	C3%	C6%	C8%	C9%
-	-	0.45	7.59	57.43	7.14	0.01
0	0	0.55	7.55	59.54	7.06	0.00
0	4	0.20	7.35	58.50	9.20	0.01
1	1	0.41	6.26	54.00	9.36	0.00
1	5	0.60	9.38	54.18	6.44	0.05
2	2	0.23	6.94	59.29	7.20	0.00
2	6	0.69	7.82	59.23	5.73	0.00
3	3	0.25	6.94	59.47	5.92	0.00
3	7	0.65	8.49	55.20	6.19	0.00
Core	CPU	C1%	C3%	C6%	C8%	C9%
-	-	0.32	6.66	55.28	9.61	0.06
0	0	0.17	6.84	56.01	9.76	0.00
0	4	0.41	6.40	55.13	8.59	0.00
1	1	0.46	5.47	54.31	14.26	0.00
1	5	0.49	8.89	54.40	6.53	0.00
2	2	0.11	6.12	57.36	9.95	0.00
2	6	0.29	6.63	54.43	9.33	0.50
3	3	0.21	8.03	58.55	8.04	0.00
3	7	0.41	4.92	52.04	10.45	0.00
Core	CPU	C1%	C3%	C6%	C8%	C9%
-	-	0.37	6.38	55.83	8.63	0.10
0	0	0.76	6.17	57.21	9.84	0.00
0	4	0.10	4.77	56.34	9.39	0.00
1	1	0.14	6.00	52.67	11.56	0.00
1	5	0.90	8.73	55.26	3.11	0.84
2	2	0.21	6.77	56.75	8.66	0.00
2	6	0.49	6.64	52.43	9.53	0.00
3	3	0.18	5.48	56.09	10.26	0.00
3	7	0.20	6.46	59.85	6.70	0.00
Core	CPU	C1%	C3%	C6%	C8%	C9%
-	-	0.92	10.79	54.61	2.21	0.00
0	0	0.83	11.29	52.82	1.70	0.00
0	4	0.71	10.26	56.68	1.93	0.00
1	1	0.98	9.59	56.89	1.79	0.00
1	5	1.36	13.46	50.63	1.80	0.00
2	2	0.67	9.81	53.50	4.67	0.00
2	6	0.94	11.52	52.94	1.76	0.00
3	3	0.77	10.09	55.89	3.12	0.00
3	7	1.08	10.33	57.54	0.88	0.00
Core	CPU	C1%	C3%	C6%	C8%	C9%
-	-	1.00	12.76	52.84	1.73	0.03
0	0	1.15	11.39	54.63	1.88	0.00
0	4	1.26	13.08	52.77	1.33	0.00
1	1	0.90	11.39	58.14	1.81	0.00
1	5	0.74	15.68	45.15	1.48	0.28
2	2	1.24	11.58	53.98	2.83	0.00
2	6	0.78	13.71	50.53	1.15	0.00
3	3	1.23	11.84	56.47	2.48	0.00
3	7	0.72	13.37	51.06	0.91	0.00
Core	CPU	C1%	C3%	C6%	C8%	C9%
-	-	1.11	13.40	47.97	4.21	0.00
0	0	0.83	9.46	43.45	1.74	0.00
0	4	1.30	12.70	47.94	6.57	0.00
1	1	0.80	11.13	55.34	7.65	0.00
1	5	2.18	15.53	41.88	1.60	0.03
2	2	1.05	14.83	45.41	2.74	0.00
2	6	0.85	14.76	48.39	4.09	0.00
3	3	0.88	14.33	51.82	3.36	0.00
3	7	0.96	14.46	49.49	5.89	0.00
Core	CPU	C1%	C3%	C6%	C8%	C9%
-	-	0.46	10.58	51.71	4.94	0.02
0	0	0.47	10.76	55.26	4.70	0.00
0	4	0.35	9.03	55.92	6.13	0.00
1	1	0.38	8.77	52.54	8.83	0.00
1	5	0.96	16.58	37.66	1.76	0.16
2	2	0.38	10.98	51.09	5.26	0.00
2	6	0.11	9.55	53.50	3.46	0.00
3	3	0.52	9.47	53.22	6.64	0.00
3	7	0.53	9.58	54.87	2.77	0.00
Core	CPU	C1%	C3%	C6%	C8%	C9%
-	-	0.49	9.35	55.83	4.70	0.01
0	0	0.39	9.10	54.10	4.54	0.00
0	4	0.57	8.18	58.69	5.69	0.11
1	1	0.43	8.27	57.19	8.21	0.00
1	5	0.64	12.79	48.16	2.02	0.00
2	2	0.36	9.14	59.84	4.32	0.00
2	6	0.68	9.55	57.64	3.63	0.00
3	3	0.42	8.94	57.28	3.41	0.00
3	7	0.41	8.91	54.24	5.77	0.00
Core	CPU	C1%	C3%	C6%	C8%	C9%
-	-	0.78	8.74	56.33	4.18	0.00
0	0	0.48	9.13	57.18	4.20	0.00
0	4	0.69	8.52	58.48	4.34	0.00
1	1	0.46	8.16	58.02	3.25	0.00
1	5	1.07	9.96	54.18	3.35	0.04
2	2	0.76	8.82	56.80	3.55	0.00
2	6	1.08	8.62	55.34	5.31	0.00
3	3	1.23	7.81	56.54	5.10	0.00
3	7	0.45	8.80	53.25	4.30	0.00
Core	CPU	C1%	C3%	C6%	C8%	C9%
-	-	0.94	11.17	53.23	2.75	0.00
0	0	1.23	11.38	55.77	2.64	0.00
0	4	0.82	10.69	53.36	2.53	0.00
1	1	1.01	10.10	56.58	1.43	0.01
1	5	1.04	11.80	51.11	1.82	0.00
2	2	0.91	11.39	51.60	3.74	0.00
2	6	0.80	11.40	50.51	3.74	0.00
3	3	0.56	11.84	53.91	3.11	0.01
3	7	1.14	10.81	53.08	2.99	0.00
Core	CPU	C1%	C3%	C6%	C8%	C9%
-	-	0.43	11.33	53.33	3.59	0.09
0	0	0.57	9.77	53.74	4.17	0.00
0	4	0.42	9.73	56.96	3.49	0.46
1	1	0.38	10.96	55.65	2.66	0.00
1	5	0.65	14.99	41.46	2.30	0.20
2	2	0.42	11.98	52.40	6.06	0.00
2	6	0.37	11.41	56.53	3.20	0.02
3	3	0.28	9.28	57.26	4.27	0.00
3	7	0.33	12.53	52.51	2.56	0.00
Core	CPU	C1%	C3%	C6%	C8%	C9%
-	-	0.56	10.31	53.50	3.52	0.08
0	0	0.79	9.83	54.48	2.26	0.00
0	4	0.21	9.33	55.34	5.07	0.00
1	1	0.38	9.71	57.05	4.66	0.00
1	5	0.81	13.52	45.81	1.43	0.65
2	2	0.76	10.36	54.62	3.86	0.00
2	6	0.59	10.75	50.58	3.70	0.00
3	3	0.44	9.42	55.62	3.86	0.00
3	7	0.52	9.57	54.49	3.33	0.00
Core	CPU	C1%	C3%	C6%	C8%	C9%
-	-	0.71	10.94	52.72	3.74	0.02
0	0	0.41	10.18	55.76	3.99	0.10
0	4	0.57	11.41	53.61	3.37	0.00
1	1	0.36	9.94	56.02	3.64	0.01
1	5	1.31	14.67	40.98	3.54	0.09
2	2	0.53	9.82	51.30	5.26	0.00
2	6	1.02	11.61	54.34	3.03	0.00
3	3	0.73	8.62	59.40	3.42	0.00
3	7	0.72	11.30	50.40	3.72	0.00
Core	CPU	C1%	C3%	C6%	C8%	C9%
-	-	0.36	10.07	52.25	5.50	0.08
0	0	0.23	10.95	52.02	4.06	0.00
0	4	0.33	8.09	54.96	5.22	0.50
1	1	0.18	9.06	53.19	7.16	0.00
1	5	0.89	15.12	42.04	2.68	0.06
2	2	0.33	9.76	51.75	7.02	0.00
2	6	0.23	9.03	55.21	4.22	0.00
3	3	0.24	10.69	52.68	6.99	0.00
3	7	0.48	7.85	56.22	6.64	0.07
Core	CPU	C1%	C3%	C6%	C8%	C9%
-	-	0.87	10.77	52.26	6.71	0.00
0	0	0.74	12.05	56.88	4.96	0.00
0	4	0.98	9.90	54.96	8.48	0.00
1	1	0.95	8.63	54.85	10.54	0.00
1	5	0.76	13.02	49.31	8.14	0.01
2	2	0.98	6.90	37.61	4.28	0.00
2	6	0.92	12.89	55.21	5.47	0.00
3	3	0.96	11.33	52.11	7.81	0.00
3	7	0.70	11.42	57.13	3.96	0.00
Core	CPU	C1%	C3%	C6%	C8%	C9%
-	-	0.92	10.60	53.29	2.82	0.02
0	0	1.14	10.52	53.32	2.84	0.01
0	4	0.79	10.97	50.77	2.03	0.00
1	1	1.10	10.38	53.76	4.06	0.00
1	5	0.89	12.40	51.05	2.01	0.15
2	2	0.89	9.37	54.94	4.09	0.00
2	6	0.93	10.36	51.64	2.21	0.00
3	3	0.61	8.96	59.63	4.94	0.00
3	7	1.00	11.80	51.15	0.38	0.00
Core	CPU	C1%	C3%	C6%	C8%	C9%
-	-	0.63	8.28	57.78	5.64	0.00
0	0	0.72	8.34	60.04	6.65	0.00
0	4	0.99	8.28	57.66	4.89	0.00
1	1	0.81	7.48	59.50	8.01	0.00
1	5	0.25	8.74	58.23	4.04	0.00
2	2	0.47	8.07	60.44	2.59	0.00
2	6	0.37	9.10	58.59	5.48	0.00
3	3	0.61	7.44	54.29	8.16	0.00
3	7	0.79	8.81	53.44	5.27	0.01
Core	CPU	C1%	C3%	C6%	C8%	C9%
-	-	1.13	11.54	46.72	3.11	0.00
0	0	1.64	10.28	46.73	3.33	0.00
0	4	1.00	10.53	47.67	3.04	0.00
1	1	0.69	10.38	48.92	6.44	0.00
1	5	1.01	11.99	44.43	1.93	0.00
2	2	1.16	12.62	45.12	2.10	0.00
2	6	0.73	12.54	46.88	2.83	0.00
3	3	1.45	11.47	49.01	2.43	0.00
3	7	1.37	12.56	45.08	2.79	0.00
Core	CPU	C1%	C3%	C6%	C8%	C9%
-	-	0.60	7.19	56.98	7.35	0.03
0	0	0.80	7.48	59.79	6.25	0.00
0	4	0.82	5.89	54.94	9.43	0.00
1	1	0.48	6.98	56.41	9.10	0.00
1	5	0.42	7.76	55.31	6.08	0.26
2	2	0.46	6.74	56.67	7.99	0.00
2	6	0.40	8.33	59.81	4.99	0.00
3	3	0.76	6.77	53.98	8.93	0.01
3	7	0.63	7.60	59.01	6.05	0.00
Core	CPU	C1%	C3%	C6%	C8%	C9%
-	-	0.79	10.39	56.00	2.61	0.03
0	0	0.62	10.07	56.76	1.97	0.00
0	4	1.14	10.33	55.96	1.87	0.00
1	1	0.89	9.46	55.84	3.19	0.00
1	5	0.87	11.85	54.26	1.55	0.26
2	2	0.77	10.07	58.45	2.71	0.00
2	6	0.73	11.25	54.11	2.93	0.00
3	3	0.68	9.46	58.55	4.60	0.00
3	7	0.64	10.62	53.96	2.06	0.00
Core	CPU	C1%	C3%	C6%	C8%	C9%
-	-	0.54	8.83	57.51	4.47	0.00
0	0	0.49	9.12	57.92	2.83	0.00
0	4	0.57	7.86	59.89	7.59	0.00
1	1	0.73	7.72	55.25	4.72	0.00
1	5	0.53	11.47	53.78	3.70	0.00
2	2	0.64	7.86	57.15	5.74	0.00
2	6	0.39	9.24	57.10	3.37	0.00
3	3	0.44	8.76	60.80	5.03	0.00
3	7	0.50	8.58	58.15	2.74	0.00
Core	CPU	C1%	C3%	C6%	C8%	C9%
-	-	0.50	10.38	53.07	5.30	0.01
0	0	0.63	10.57	52.36	4.94	0.00
0	4	0.33	9.54	52.84	7.27	0.00
1	1	0.40	9.42	56.44	5.20	0.00
1	5	0.85	14.46	40.86	3.19	0.06
2	2	0.71	9.86	56.38	4.04	0.00
2	6	0.26	9.01	53.41	7.35	0.00
3	3	0.51	9.62	60.17	3.01	0.00
3	7	0.31	10.67	52.76	7.46	0.00
Core	CPU	C1%	C3%	C6%	C8%	C9%
-	-	0.28	4.01	58.17	13.55	0.00
0	0	0.27	4.74	59.06	11.82	0.00
0	4	0.17	3.57	58.34	14.02	0.02
1	1	0.29	3.65	62.31	11.34	0.00
1	5	0.15	4.54	56.61	12.80	0.00
2	2	0.35	3.96	56.58	17.32	0.00
2	6	0.26	3.98	53.80	12.91	0.00
3	3	0.35	3.85	58.02	17.31	0.00
3	7	0.36	3.74	59.97	10.72	0.00
Core	CPU	C1%	C3%	C6%	C8%	C9%
-	-	1.65	7.50	49.48	11.69	0.00
0	0	2.68	7.49	51.20	9.63	0.00
0	4	1.35	8.36	52.77	13.19	0.00
1	1	1.73	7.02	55.14	14.07	0.00
1	5	1.23	6.69	36.81	3.83	0.00
2	2	1.63	7.64	47.39	10.70	0.00
2	6	1.49	7.86	50.82	14.40	0.00
3	3	0.91	6.36	49.64	18.52	0.00
3	7	2.17	8.54	52.13	9.20	0.00
Core	CPU	C1%	C3%	C6%	C8%	C9%
-	-	0.54	7.73	56.85	6.11	0.01
0	0	0.50	8.20	54.53	7.46	0.00
0	4	0.41	7.33	55.10	7.44	0.00
1	1	0.66	6.30	58.32	10.03	0.02
1	5	0.45	8.15	57.00	6.32	0.00
2	2	0.64	7.62	57.52	4.02	0.06
2	6	0.81	9.01	54.93	3.52	0.00
3	3	0.60	7.38	58.68	5.13	0.00
3	7	0.26	7.81	58.63	4.96	0.00
Core	CPU	C1%	C3%	C6%	C8%	C9%
-	-	0.36	6.31	58.60	7.77	0.00
0	0	0.23	6.22	61.82	5.25	0.00
0	4	0.34	5.59	57.74	10.33	0.00
1	1	0.32	6.45	56.40	10.31	0.00
1	5	0.41	6.91	56.18	8.45	0.00
2	2	0.42	6.53	58.10	8.05	0.00
2	6	0.60	5.88	59.26	8.49	0.00
3	3	0.24	5.67	60.66	7.43	0.00
3	7	0.32	7.24	58.68	3.85	0.00
Core	CPU	C1%	C3%	C6%	C8%	C9%
-	-	0.51	6.33	59.79	6.59	0.00
0	0	0.60	5.81	59.05	8.75	0.00
0	4	0.21	6.60	62.12	5.92	0.01
1	1	0.45	5.45	59.54	7.45	0.00
1	5	0.71	8.37	58.25	5.51	0.00
2	2	0.31	6.74	63.32	4.08	0.00
2	6	0.59	6.69	58.43	7.09	0.00
3	3	0.43	5.16	60.04	7.62	0.00
3	7	0.81	5.80	57.52	6.33	0.00
Core	CPU	C1%	C3%	C6%	C8%	C9%
-	-	0.62	6.56	57.60	6.79	0.04
0	0	0.32	7.74	60.76	4.61	0.00
0	4	0.57	4.76	55.34	10.39	0.14
1	1	0.28	6.98	61.12	5.59	0.00
1	5	0.46	7.10	58.50	4.79	0.00
2	2	0.43	6.19	56.53	7.08	0.00
2	6	2.07	7.35	56.44	6.12	0.19
3	3	0.33	5.89	54.87	9.38	0.00
3	7	0.54	6.47	57.27	6.37	0.00
Core	CPU	C1%	C3%	C6%	C8%	C9%
-	-	0.78	10.87	54.34	2.98	0.01
0	0	0.90	10.42	56.67	3.46	0.00
0	4	1.19	10.81	52.59	2.63	0.00
1	1	0.71	11.02	53.18	5.18	0.00
1	5	0.71	11.92	52.10	2.13	0.05
2	2	0.35	9.21	59.17	2.72	0.06
2	6	1.23	11.25	51.29	2.53	0.00
3	3	0.33	10.32	58.50	2.55	0.00
3	7	0.82	11.98	51.13	2.64	0.00
Core	CPU	C1%	C3%	C6%	C8%	C9%
-	-	0.68	8.46	55.60	6.62	0.00
0	0	0.55	8.39	54.99	8.81	0.01
0	4	0.49	7.98	55.54	8.06	0.00
1	1	0.78	6.80	55.28	8.30	0.00
1	5	0.87	9.98	54.39	5.80	0.00
2	2	0.81	9.13	53.03	5.37	0.00
2	6	0.34	8.95	61.38	4.08	0.00
3	3	0.61	8.86	52.77	7.44	0.00
3	7	0.99	7.59	57.42	5.09	0.00
Core	CPU	C1%	C3%	C6%	C8%	C9%
-	-	0.69	9.52	54.21	4.41	0.04
0	0	0.91	10.99	52.98	3.57	0.11
0	4	0.51	8.49	56.56	4.47	0.00
1	1	0.86	7.88	56.07	6.83	0.00
1	5	0.68	12.03	50.63	1.79	0.00
2	2	0.61	9.54	58.33	3.93	0.00
2	6	0.67	9.73	51.91	3.94	0.25
3	3	0.61	9.45	50.51	5.56	0.00
3	7	0.67	8.03	56.74	5.21	0.00
Core	CPU	C1%	C3%	C6%	C8%	C9%
-	-	0.49	6.47	59.15	7.72	0.01
0	0	0.50	7.08	57.94	7.90	0.00
0	4	0.48	6.03	58.32	6.80	0.00
1	1	0.66	5.38	63.40	10.49	0.00
1	5	0.47	7.43	59.68	6.47	0.00
2	2	0.59	6.69	59.72	7.53	0.00
2	6	0.64	6.16	58.92	6.20	0.04
3	3	0.42	6.23	60.92	8.23	0.00
3	7	0.15	6.85	55.09	8.25	0.00
Core	CPU	C1%	C3%	C6%	C8%	C9%
-	-	0.70	5.89	53.23	13.99	0.00
0	0	0.40	7.02	58.21	14.67	0.00
0	4	0.52	5.47	53.68	17.12	0.00
1	1	0.58	5.98	54.12	17.61	0.00
1	5	1.05	3.56	39.82	7.10	0.00
2	2	1.07	5.92	51.46	20.65	0.00
2	6	0.86	6.58	57.25	11.32	0.00
3	3	0.60	4.72	50.70	14.04	0.02
3	7	0.51	7.77	59.84	9.24	0.00
Core	CPU	C1%	C3%	C6%	C8%	C9%
-	-	0.42	6.04	57.49	9.43	0.03
0	0	1.09	4.94	58.24	9.31	0.00
0	4	0.32	6.00	54.72	6.88	0.00
1	1	0.32	4.76	57.31	15.55	0.00
1	5	0.65	7.90	55.45	5.84	0.21
2	2	0.25	6.32	59.56	8.31	0.00
2	6	0.22	6.03	58.21	10.00	0.00
3	3	0.20	6.34	58.01	8.23	0.00
3	7	0.30	6.04	58.71	11.39	0.00
Core	CPU	C1%	C3%	C6%	C8%	C9%
-	-	0.37	4.66	55.96	11.53	0.04
0	0	0.31	4.06	55.40	13.25	0.11
0	4	0.54	5.00	55.35	12.82	0.09
1	1	0.64	3.74	57.67	11.42	0.11
1	5	0.21	6.65	55.10	9.62	0.00
2	2	0.44	3.64	57.16	12.79	0.00
2	6	0.17	5.86	55.85	9.71	0.00
3	3	0.11	4.05	58.31	12.59	0.00
3	7	0.52	4.28	52.78	10.07	0.00
Core	CPU	C1%	C3%	C6%	C8%	C9%
-	-	0.33	4.82	55.89	11.19	0.04
0	0	0.20	4.45	58.39	11.98	0.03
0	4	0.21	4.33	56.49	9.44	0.00
1	1	0.31	5.57	53.64	13.44	0.00
1	5	0.76	4.91	58.43	8.60	0.00
2	2	0.29	4.29	55.88	11.88	0.00
2	6	0.32	5.56	55.14	7.88	0.30
3	3	0.32	5.05	58.29	11.45	0.01
3	7	0.24	4.35	50.60	14.76	0.00
Core	CPU	C1%	C3%	C6%	C8%	C9%
-	-	0.73	10.72	54.56	2.59	0.00
0	0	0.80	11.75	52.84	1.58	0.00
0	4	0.63	9.48	57.38	4.41	0.00
1	1	0.62	10.22	54.48	4.19	0.00
1	5	0.50	10.60	56.63	2.05	0.03
2	2	0.78	11.28	57.12	1.59	0.00
2	6	0.51	11.03	49.86	3.29	0.00
3	3	1.01	9.22	55.40	2.45	0.00
3	7	1.00	12.14	52.76	1.19	0.00
Core	CPU	C1%	C3%	C6%	C8%	C9%
-	-	0.34	7.08	55.26	9.28	0.10
0	0	0.36	6.74	54.72	13.05	0.00
0	4	0.62	6.19	52.25	10.37	0.00
1	1	0.26	5.75	57.19	10.83	0.01
1	5	0.54	11.04	50.98	5.43	0.75
2	2	0.11	7.00	54.10	9.46	0.00
2	6	0.35	6.80	55.29	10.72	0.00
3	3	0.14	6.55	58.73	8.00	0.00
3	7	0.34	6.57	58.80	6.37	0.00
Core	CPU	C1%	C3%	C6%	C8%	C9%
-	-	0.30	6.28	56.05	10.75	0.08
0	0	0.43	6.36	59.07	8.78	0.00
0	4	0.23	5.97	54.67	13.33	0.00
1	1	0.26	5.91	52.63	15.05	0.00
1	5	0.41	8.17	57.38	6.44	0.53
2	2	0.25	6.42	55.35	10.93	0.11
2	6	0.30	5.85	57.44	11.43	0.00
3	3	0.36	5.97	52.32	13.68	0.01
3	7	0.14	5.57	59.56	6.36	0.00
Core	CPU	C1%	C3%	C6%	C8%	C9%
-	-	0.84	11.43	52.72	3.06	0.04
0	0	1.51	11.50	52.63	3.19	0.00
0	4	0.72	10.32	55.02	3.89	0.21
1	1	0.79	11.61	52.80	1.28	0.00
1	5	0.90	12.99	50.69	2.25	0.09
2	2	0.47	11.08	54.90	3.33	0.00
2	6	0.75	11.15	52.13	3.31	0.00
3	3	0.65	10.14	53.61	5.67	0.00
3	7	0.95	12.79	50.63	1.54	0.00
Core	CPU	C1%	C3%	C6%	C8%	C9%
-	-	2.47	11.65	47.36	3.82	0.00
0	0	2.11	13.00	46.17	3.66	0.00
0	4	2.59	10.87	51.73	2.69	0.00
1	1	2.81	10.49	47.70	4.05	0.00
1	5	2.64	14.59	40.52	2.66	0.01
2	2	2.35	11.11	47.42	4.98	0.00
2	6	2.62	10.33	48.94	3.68	0.00
3	3	2.42	11.99	47.58	4.74	0.00
3	7	2.18	10.67	48.29	4.06	0.00
Core	CPU	C1%	C3%	C6%	C8%	C9%
-	-	1.82	11.46	48.42	5.08	0.00
0	0	1.70	12.47	46.08	4.29	0.00
0	4	1.52	7.65	39.92	0.81	0.00
1	1	1.55	11.21	52.52	6.02	0.00
1	5	2.33	13.25	44.94	3.79	0.00
2	2	2.35	11.60	47.03	8.99	0.00
2	6	1.95	11.70	51.98	5.27	0.02
3	3	1.55	12.04	51.79	6.80	0.00
3	7	1.60	11.72	53.02	4.65	0.00
Core	CPU	C1%	C3%	C6%	C8%	C9%
-	-	0.47	8.61	50.95	7.93	0.02
0	0	0.12	7.83	53.82	8.45	0.01
0	4	0.88	7.77	48.99	8.72	0.00
1	1	0.63	7.86	52.01	9.97	0.00
1	5	0.73	14.58	40.39	2.95	0.03
2	2	0.35	7.55	56.81	10.76	0.14
2	6	0.38	7.86	53.30	7.17	0.01
3	3	0.45	7.00	53.58	7.71	0.00
3	7	0.22	8.47	48.76	7.68	0.00
Core	CPU	C1%	C3%	C6%	C8%	C9%
-	-	0.27	6.00	54.03	11.57	0.06
0	0	0.20	5.09	56.77	12.40	0.12
0	4	0.25	5.31	57.60	15.16	0.00
1	1	0.44	4.60	52.54	10.97	0.10
1	5	0.44	9.02	54.57	6.63	0.04
2	2	0.15	6.52	55.19	8.63	0.02
2	6	0.11	5.70	54.41	11.75	0.20
3	3	0.09	5.68	52.75	12.80	0.00
3	7	0.50	6.12	48.48	14.20	0.00
Core	CPU	C1%	C3%	C6%	C8%	C9%
-	-	0.37	4.97	54.69	11.90	0.14
0	0	0.12	5.20	55.49	13.13	0.00
0	4	0.42	4.43	53.26	14.73	0.01
1	1	0.06	4.79	55.91	13.47	0.00
1	5	0.28	6.05	55.47	9.99	1.08
2	2	0.32	4.68	56.85	8.27	0.00
2	6	0.14	4.90	55.28	13.08	0.00
3	3	0.37	4.71	52.92	12.93	0.00
3	7	1.27	5.04	52.59	9.66	0.00
Core	CPU	C1%	C3%	C6%	C8%	C9%
-	-	0.35	5.61	55.80	8.85	0.20
0	0	0.29	4.66	56.51	9.55	0.01
0	4	0.47	6.29	51.69	8.44	0.00
1	1	0.44	4.74	52.95	13.89	0.42
1	5	0.20	7.17	53.29	6.07	0.90
2	2	0.16	5.18	59.48	11.95	0.00
2	6	0.27	6.18	58.04	5.67	0.10
3	3	0.43	6.31	63.53	5.56	0.00
3	7	0.54	4.38	51.24	9.71	0.15
Core	CPU	C1%	C3%	C6%	C8%	C9%
-	-	0.32	5.55	58.36	9.48	0.00
0	0	0.10	5.53	58.41	9.80	0.00
0	4	0.12	6.11	57.99	11.44	0.01
1	1	0.66	5.22	60.33	10.06	0.00
1	5	0.48	5.34	54.29	8.30	0.00
2	2	0.27	5.64	60.53	8.17	0.00
2	6	0.28	5.57	58.29	6.93	0.00
3	3	0.44	4.53	53.97	12.36	0.00
3	7	0.25	6.40	62.68	8.70	0.00
Core	CPU	C1%	C3%	C6%	C8%	C9%
-	-	0.27	5.97	56.04	8.63	0.04
0	0	0.42	6.30	60.64	5.20	0.00
0	4	0.17	5.17	53.85	12.07	0.21
1	1	0.23	5.45	53.38	10.23	0.00
1	5	0.37	7.38	48.98	5.28	0.00
2	2	0.33	5.21	57.72	11.32	0.10
2	6	0.10	6.76	57.34	8.49	0.00
3	3	0.29	5.86	57.92	7.24	0.00
3	7	0.24	5.68	58.63	9.24	0.00
Core	CPU	C1%	C3%	C6%	C8%	C9%
-	-	0.46	6.33	52.44	12.31	0.16
0	0	0.26	5.98	52.08	12.41	0.00
0	4	0.20	5.16	48.50	15.21	0.21
1	1	0.55	5.34	57.08	14.34	0.00
1	5	1.04	11.38	43.46	6.40	1.07
2	2	0.21	5.64	52.48	13.70	0.01
2	6	0.77	6.21	52.96	12.61	0.00
3	3	0.22	4.93	57.31	11.25	0.00
3	7	0.44	5.93	55.41	12.52	0.00
Core	CPU	C1%	C3%	C6%	C8%	C9%
-	-	0.22	5.65	55.85	13.02	0.20
0	0	0.40	5.19	58.55	11.85	0.00
0	4	0.27	4.52	53.60	15.34	0.00
1	1	0.05	5.26	61.56	10.85	0.00
1	5	0.14	8.41	53.38	9.99	0.95
2	2	0.25	5.44	54.96	14.09	0.39
2	6	0.09	5.77	56.65	9.98	0.00
3	3	0.35	5.28	53.84	16.56	0.00
3	7	0.19	5.37	54.65	15.60	0.28
Core	CPU	C1%	C3%	C6%	C8%	C9%
-	-	0.49	10.28	51.97	6.31	0.09
0	0	0.38	9.98	52.79	7.48	0.00
0	4	0.32	10.15	54.90	5.90	0.00
1	1	0.43	9.85	50.56	7.07	0.00
1	5	0.66	13.84	45.95	4.73	0.74
2	2	0.63	9.46	53.85	8.68	0.00
2	6	0.26	10.20	50.66	2.71	0.00
3	3	0.47	9.47	48.18	9.81	0.00
3	7	0.80	9.19	58.45	4.03	0.00
Core	CPU	C1%	C3%	C6%	C8%	C9%
-	-	0.94	11.62	49.77	5.00	0.01
0	0	0.91	9.96	54.44	7.09	0.00
0	4	0.65	12.70	50.73	2.74	0.00
1	1	0.88	10.31	53.95	8.54	0.00
1	5	1.54	16.72	44.43	2.46	0.06
2	2	0.92	7.95	36.15	3.64	0.00
2	6	0.66	12.29	49.18	6.70	0.00
3	3	0.78	11.42	54.72	6.15	0.00
3	7	1.15	11.58	54.55	2.70	0.00
Core	CPU	C1%	C3%	C6%	C8%	C9%
-	-	0.41	9.19	55.27	5.01	0.02
0	0	0.45	9.09	60.57	2.92	0.00
0	4	0.24	8.79	54.98	6.32	0.00
1	1	0.33	9.04	54.65	7.86	0.00
1	5	0.68	11.94	49.48	5.15	0.12
2	2	0.60	8.58	53.29	4.20	0.00
2	6	0.28	9.18	55.53	3.13	0.01
3	3	0.50	8.08	55.87	6.29	0.00
3	7	0.19	8.85	57.79	4.18	0.00
Core	CPU	C1%	C3%	C6%	C8%	C9%
-	-	3.71	9.45	47.85	6.04	0.09
0	0	4.63	9.85	45.85	5.64	0.00
0	4	2.85	7.59	49.63	6.93	0.00
1	1	3.50	9.20	48.78	5.48	0.01
1	5	4.14	10.42	47.33	5.34	0.57
2	2	3.91	10.05	46.00	7.65	0.05
2	6	3.63	10.00	48.58	4.59	0.00
3	3	3.36	8.56	49.75	7.04	0.06
3	7	3.69	9.93	46.97	5.66	0.00
Core	CPU	C1%	C3%	C6%	C8%	C9%
-	-	4.28	10.49	40.43	4.29	0.06
0	0	3.87	11.24	37.78	3.50	0.00
0	4	4.96	10.10	38.05	2.89	0.04
1	1	4.59	9.68	42.68	8.02	0.00
1	5	4.92	11.93	38.85	4.51	0.00
2	2	4.13	10.20	44.27	3.36	0.00
2	6	3.37	10.66	42.54	4.13	0.00
3	3	3.91	11.02	41.83	3.40	0.05
3	7	4.46	9.06	37.45	4.50	0.41
Core	CPU	C1%	C3%	C6%	C8%	C9%
-	-	1.58	8.96	49.58	5.00	0.05
0	0	1.53	7.89	49.55	6.68	0.00
0	4	2.11	9.93	46.72	5.07	0.00
1	1	1.51	8.47	47.77	4.03	0.00
1	5	1.33	9.27	50.11	3.75	0.12
2	2	1.20	7.12	48.35	9.08	0.00
2	6	1.76	10.86	50.37	2.02	0.00
3	3	1.06	8.55	53.85	6.14	0.24
3	7	2.13	9.57	49.76	3.17	0.00
Core	CPU	C1%	C3%	C6%	C8%	C9%
-	-	1.72	8.27	48.09	6.75	0.04
0	0	1.76	9.16	48.02	3.76	0.10
0	4	1.74	7.39	47.80	8.60	0.00
1	1	2.14	8.21	47.81	4.47	0.00
1	5	1.33	8.87	48.66	4.13	0.05
2	2	2.04	8.98	50.47	5.92	0.00
2	6	1.60	9.31	48.53	5.69	0.00
3	3	1.64	7.62	44.77	14.07	0.00
3	7	1.50	6.75	49.29	7.46	0.19
Core	CPU	C1%	C3%	C6%	C8%	C9%
-	-	7.23	9.96	41.37	4.71	0.03
0	0	6.84	9.45	43.66	4.59	0.05
0	4	6.00	9.11	47.04	4.83	0.01
1	1	7.24	10.55	41.16	3.82	0.01
1	5	8.04	10.79	37.88	4.08	0.00
2	2	8.36	9.86	40.61	4.79	0.16
2	6	7.92	9.29	39.73	4.42	0.01
3	3	6.16	9.00	42.32	7.72	0.00
3	7	7.16	11.55	38.06	3.37	0.00
Core	CPU	C1%	C3%	C6%	C8%	C9%
-	-	13.08	6.86	28.37	3.47	0.07
0	0	13.02	7.86	26.64	4.35	0.01
0	4	10.62	6.00	31.28	3.83	0.29
1	1	12.51	6.20	31.13	3.28	0.00
1	5	14.73	7.39	27.00	3.53	0.01
2	2	15.17	7.64	27.41	3.74	0.00
2	6	11.87	5.85	28.75	1.88	0.00
3	3	13.72	7.19	27.64	3.27	0.00
3	7	12.97	6.76	27.12	3.86	0.24
Core	CPU	C1%	C3%	C6%	C8%	C9%
-	-	14.66	7.62	27.87	4.79	0.07
0	0	14.44	7.96	25.09	4.90	0.00
0	4	14.80	6.74	29.13	6.09	0.07
1	1	13.77	9.24	29.39	4.94	0.01
1	5	14.11	7.00	26.52	3.71	0.32
2	2	15.28	7.77	28.19	4.16	0.02
2	6	14.97	7.96	29.31	2.44	0.00
3	3	15.70	8.01	27.34	3.63	0.11
3	7	14.21	6.30	28.00	8.45	0.00
Core	CPU	C1%	C3%	C6%	C8%	C9%
-	-	6.86	8.31	41.62	5.34	0.03
0	0	6.46	8.36	43.35	4.43	0.00
0	4	7.10	6.97	42.68	4.71	0.15
1	1	6.78	7.49	41.73	6.06	0.02
1	5	5.94	9.65	39.15	6.53	0.00
2	2	6.64	8.28	38.09	6.09	0.00
2	6	6.73	9.11	42.55	4.31	0.00
3	3	7.45	8.83	40.53	3.95	0.01
3	7	7.78	7.81	44.85	6.65	0.08
Core	CPU	C1%	C3%	C6%	C8%	C9%
-	-	15.99	5.49	17.22	11.95	0.08
0	0	16.34	5.90	19.91	19.60	0.01
0	4	14.44	5.43	17.16	3.43	0.00
1	1	15.35	6.19	18.94	23.47	0.02
1	5	16.86	5.10	18.22	22.68	0.62
2	2	17.53	4.72	12.87	3.27	0.00
2	6	16.41	5.52	18.51	18.02	0.00
3	3	16.40	4.81	14.65	3.02	0.01
3	7	14.52	6.22	17.46	2.06	0.00
Core	CPU	C1%	C3%	C6%	C8%	C9%
-	-	12.30	6.21	28.65	9.11	0.10
0	0	13.19	5.56	33.43	9.59	0.05
0	4	11.72	6.55	31.80	8.48	0.00
1	1	14.36	5.35	29.20	9.99	0.11
1	5	11.36	6.56	25.10	11.06	0.50
2	2	10.48	6.73	26.18	4.92	0.04
2	6	12.24	6.53	28.34	8.72	0.01
3	3	12.91	6.31	28.07	9.28	0.02
3	7	12.16	6.13	27.13	10.85	0.10
Core	CPU	C1%	C3%	C6%	C8%	C9%
-	-	9.97	5.95	32.14	5.57	0.07
0	0	10.83	6.35	29.34	4.67	0.01
0	4	9.05	5.14	33.76	8.75	0.05
1	1	10.27	5.32	33.95	8.09	0.00
1	5	10.89	6.66	31.57	2.66	0.03
2	2	8.96	6.89	29.02	5.56	0.00
2	6	9.28	6.06	31.67	3.60	0.08
3	3	10.72	4.87	32.36	6.79	0.03
3	7	9.73	6.31	35.42	4.47	0.32
Core	CPU	C1%	C3%	C6%	C8%	C9%
-	-	12.09	6.68	28.54	5.61	0.09
0	0	12.33	7.76	27.77	5.53	0.01
0	4	10.93	6.94	28.09	1.39	0.29
1	1	14.31	5.91	27.24	7.95	0.03
1	5	13.28	6.82	28.73	6.82	0.00
2	2	12.57	5.91	26.36	7.45	0.21
2	6	12.86	7.31	29.07	3.58	0.21
3	3	9.67	5.20	33.09	8.28	0.00
3	7	10.77	7.62	27.98	3.87	0.00
Core	CPU	C1%	C3%	C6%	C8%	C9%
-	-	5.11	7.82	40.49	5.91	0.00
0	0	5.08	7.43	40.61	8.96	0.00
0	4	4.75	8.66	37.62	4.34	0.00
1	1	5.48	7.02	41.97	7.80	0.00
1	5	3.93	8.03	41.13	5.03	0.00
2	2	4.87	7.63	44.94	6.58	0.01
2	6	6.70	9.09	35.34	3.00	0.00
3	3	5.03	7.36	36.28	7.74	0.00
3	7	5.08	7.36	46.32	3.86	0.00
Core	CPU	C1%	C3%	C6%	C8%	C9%
-	-	5.07	9.49	41.58	4.57	0.06
0	0	4.81	8.96	42.59	5.12	0.00
0	4	5.38	9.95	44.15	5.62	0.00
1	1	5.41	10.48	43.02	3.25	0.00
1	5	6.61	9.10	38.97	4.20	0.38
2	2	4.54	9.36	38.71	3.61	0.10
2	6	5.97	10.28	40.96	2.31	0.02
3	3	3.25	7.62	44.91	7.26	0.00
3	7	4.57	10.09	39.06	5.20	0.00
Core	CPU	C1%	C3%	C6%	C8%	C9%
-	-	2.96	8.47	49.22	7.16	0.05
0	0	2.44	6.94	49.20	7.54	0.11
0	4	3.01	8.45	50.12	6.67	0.00
1	1	3.45	9.09	50.58	6.65	0.01
1	5	3.54	9.73	45.11	6.17	0.19
2	2	2.91	8.25	49.79	9.42	0.10
2	6	3.77	8.93	48.17	6.18	0.00
3	3	1.84	8.32	53.60	8.12	0.00
3	7	2.73	8.10	47.21	6.50	0.00
Core	CPU	C1%	C3%	C6%	C8%	C9%
-	-	4.87	9.38	43.05	5.40	0.09
0	0	4.68	8.78	43.73	5.54	0.00
0	4	4.84	10.40	43.43	5.27	0.01
1	1	4.82	9.75	45.30	5.70	0.14
1	5	5.47	10.13	37.72	6.45	0.54
2	2	4.75	9.68	43.70	4.45	0.00
2	6	4.86	8.92	43.74	4.41	0.00
3	3	4.96	8.34	43.23	6.31	0.00
3	7	4.55	9.05	43.53	5.08	0.00
Core	CPU	C1%	C3%	C6%	C8%	C9%
-	-	9.47	6.12	35.67	6.97	0.19
0	0	9.17	5.30	33.58	10.05	0.01
0	4	10.10	7.24	32.21	5.63	0.32
1	1	9.31	6.09	39.34	3.96	0.09
1	5	9.86	5.78	31.11	5.44	0.00
2	2	8.88	5.81	33.35	11.37	0.02
2	6	9.79	5.44	41.67	5.28	0.00
3	3	9.90	8.15	33.65	7.01	1.06
3	7	8.72	5.16	40.44	6.99	0.00
Core	CPU	C1%	C3%	C6%	C8%	C9%
-	-	10.51	5.69	33.14	5.20	0.08
0	0	13.22	5.48	31.94	7.10	0.10
0	4	8.48	4.56	35.46	6.48	0.21
1	1	9.40	6.24	33.64	4.27	0.01
1	5	12.11	5.98	30.81	4.73	0.00
2	2	10.90	6.02	35.04	6.19	0.11
2	6	9.70	5.55	33.75	3.33	0.20
3	3	9.86	5.96	33.04	4.31	0.00
3	7	10.43	5.76	31.44	5.17	0.01
Core	CPU	C1%	C3%	C6%	C8%	C9%
-	-	9.31	5.30	26.72	6.92	0.03
0	0	10.26	5.03	22.80	2.03	0.01
0	4	7.63	4.89	22.75	3.49	0.20
1	1	9.71	5.38	29.04	18.54	0.00
1	5	9.03	4.80	27.79	3.91	0.00
2	2	8.46	5.02	37.73	10.19	0.01
2	6	9.27	6.65	23.39	2.26	0.00
3	3	11.57	5.15	24.84	3.88	0.02
3	7	8.53	5.49	25.37	11.05	0.02
Core	CPU	C1%	C3%	C6%	C8%	C9%
-	-	2.54	5.25	42.03	14.02	0.30
0	0	2.22	5.39	37.24	5.67	0.00
0	4	2.28	4.92	43.72	14.86	0.00
1	1	2.31	5.00	43.23	24.47	1.74
1	5	2.02	6.68	41.80	9.30	0.00
2	2	2.66	5.35	43.29	9.14	0.00
2	6	2.89	4.51	42.50	9.86	0.00
3	3	2.71	4.96	43.70	16.44	0.66
3	7	3.28	5.24	41.01	22.46	0.00
Core	CPU	C1%	C3%	C6%	C8%	C9%
-	-	0.86	7.90	52.55	7.13	0.05
0	0	0.73	7.39	53.30	8.58	0.00
0	4	1.12	8.12	52.21	9.22	0.00
1	1	1.28	8.41	49.82	6.62	0.00
1	5	0.53	6.98	54.37	9.88	0.36
2	2	1.13	8.57	54.37	4.19	0.00
2	6	0.85	7.17	49.63	8.48	0.00
3	3	0.57	7.65	52.85	6.28	0.08
3	7	0.69	8.88	53.70	3.73	0.00
Core	CPU	C1%	C3%	C6%	C8%	C9%
-	-	4.77	12.04	43.55	3.01	0.00
0	0	4.55	12.06	42.72	4.67	0.00
0	4	5.40	12.83	44.61	0.46	0.00
1	1	4.74	12.24	40.98	3.63	0.00
1	5	4.59	10.52	43.99	3.49	0.00
2	2	5.05	11.72	42.99	3.89	0.00
2	6	4.77	13.19	45.18	1.58	0.00
3	3	4.93	12.48	42.89	2.77	0.01
3	7	4.18	11.26	45.07	3.58	0.00
Core	CPU	C1%	C3%	C6%	C8%	C9%
-	-	5.04	9.15	42.72	5.56	0.11
0	0	4.97	9.74	42.53	4.53	0.00
0	4	4.87	9.88	42.27	6.00	0.00
1	1	4.75	8.54	46.04	6.80	0.01
1	5	4.89	10.09	38.31	2.74	0.63
2	2	6.54	8.27	41.86	5.95	0.21
2	6	4.90	9.52	44.87	6.31	0.00
3	3	4.99	9.89	44.41	5.23	0.00
3	7	4.44	7.30	41.55	6.91	0.01
Core	CPU	C1%	C3%	C6%	C8%	C9%
-	-	4.51	10.05	41.91	4.68	0.10
0	0	4.36	10.37	43.04	5.43	0.00
0	4	5.19	9.40	44.78	3.23	0.20
1	1	3.63	9.30	38.26	4.79	0.00
1	5	5.21	9.77	41.77	3.25	0.60
2	2	4.02	9.99	44.98	8.28	0.00
2	6	5.01	10.64	40.13	3.41	0.00
3	3	4.77	9.73	38.25	7.15	0.00
3	7	3.90	11.17	44.05	1.93	0.00
Core	CPU	C1%	C3%	C6%	C8%	C9%
-	-	2.31	8.45	50.22	6.41	0.13
0	0	2.58	8.08	46.64	6.53	0.00
0	4	2.12	7.94	51.26	5.19	0.02
1	1	1.72	7.26	54.78	6.38	0.06
1	5	2.82	11.11	44.03	5.17	0.78
2	2	2.42	8.65	53.16	3.76	0.00
2	6	2.22	8.56	49.69	7.36	0.02
3	3	1.83	6.97	50.38	10.46	0.18
3	7	2.74	9.01	51.74	6.42	0.00
Core	CPU	C1%	C3%	C6%	C8%	C9%
-	-	6.92	9.80	39.65	3.98	0.03
0	0	5.70	9.34	44.43	4.52	0.00
0	4	6.10	10.44	37.94	6.16	0.00
1	1	7.62	9.39	37.77	4.77	0.00
1	5	8.14	9.55	39.48	2.35	0.20
2	2	7.19	11.00	36.40	5.26	0.00
2	6	6.60	8.81	42.06	3.23	0.00
3	3	7.45	10.20	38.51	2.55	0.05
3	7	6.61	9.64	40.65	3.01	0.00
Core	CPU	C1%	C3%	C6%	C8%	C9%
-	-	14.03	7.10	27.08	4.10	0.11
0	0	13.95	9.45	29.02	2.08	0.00
0	4	12.85	6.00	28.31	4.72	0.42
1	1	15.57	6.79	27.63	4.64	0.04
1	5	14.98	6.89	22.95	2.40	0.08
2	2	14.55	6.90	26.39	3.94	0.06
2	6	13.47	6.66	30.09	4.41	0.03
3	3	13.39	6.92	25.96	3.80	0.13
3	7	13.46	7.17	26.25	6.80	0.11
Core	CPU	C1%	C3%	C6%	C8%	C9%
-	-	6.87	7.82	34.77	4.73	0.03
0	0	5.82	6.29	31.97	5.16	0.01
0	4	6.68	7.93	32.77	3.05	0.00
1	1	5.57	7.75	36.33	4.87	0.11
1	5	9.38	7.89	34.70	3.37	0.00
2	2	6.07	7.38	37.43	8.40	0.10
2	6	8.10	9.32	30.64	3.05	0.00
3	3	7.23	8.21	36.69	6.15	0.00
3	7	6.11	7.81	37.69	3.79	0.00
Core	CPU	C1%	C3%	C6%	C8%	C9%
-	-	0.79	5.64	55.23	8.20	0.16
0	0	0.90	5.66	57.49	6.32	0.01
0	4	0.91	5.07	55.65	5.97	0.00
1	1	0.94	6.31	53.89	10.71	0.00
1	5	1.24	5.59	57.28	8.19	0.53
2	2	0.70	5.41	47.26	11.21	0.00
2	6	0.65	5.58	62.38	5.25	0.00
3	3	0.74	5.81	51.79	12.66	0.35
3	7	0.25	5.70	56.04	5.27	0.38
Core	CPU	C1%	C3%	C6%	C8%	C9%
-	-	0.33	5.72	56.96	9.18	0.05
0	0	0.50	6.07	57.86	7.99	0.00
0	4	0.40	6.08	56.11	7.95	0.00
1	1	0.45	5.49	58.78	13.43	0.00
1	5	0.29	6.81	53.91	8.52	0.30
2	2	0.37	4.59	60.07	9.66	0.01
2	6	0.15	5.16	56.01	10.18	0.00
3	3	0.19	5.93	57.96	8.13	0.04
3	7	0.32	5.69	55.37	7.62	0.07
Core	CPU	C1%	C3%	C6%	C8%	C9%
-	-	0.35	5.57	55.91	7.99	0.36
0	0	0.27	5.08	50.95	7.39	0.00
0	4	0.22	4.94	58.84	9.82	0.21
1	1	0.32	5.98	54.79	6.56	0.00
1	5	0.34	6.15	54.29	5.50	2.22
2	2	0.38	5.16	59.01	11.34	0.46
2	6	0.21	5.16	59.08	9.48	0.00
3	3	0.62	6.46	59.41	4.57	0.00
3	7	0.46	5.62	50.59	9.23	0.01
Core	CPU	C1%	C3%	C6%	C8%	C9%
-	-	0.30	5.03	54.60	9.21	0.03
0	0	0.17	5.50	56.54	8.08	0.00
0	4	0.24	4.06	55.33	13.46	0.00
1	1	0.22	4.51	55.03	9.93	0.00
1	5	0.47	5.92	51.72	8.95	0.09
2	2	0.29	4.82	56.35	6.44	0.00
2	6	0.49	5.22	56.69	9.57	0.00
3	3	0.32	5.37	56.81	8.79	0.17
3	7	0.23	4.82	48.33	8.43	0.00
Core	CPU	C1%	C3%	C6%	C8%	C9%
-	-	0.30	4.08	54.33	14.62	0.01
0	0	0.16	4.58	58.64	12.16	0.00
0	4	0.19	4.12	48.53	15.30	0.00
1	1	0.12	3.34	46.35	25.01	0.00
1	5	0.85	4.71	58.93	10.30	0.01
2	2	0.36	4.15	57.45	16.10	0.00
2	6	0.13	3.95	53.13	15.82	0.10
3	3	0.33	4.01	55.70	12.79	0.00
3	7	0.28	3.76	55.88	9.44	0.00
Core	CPU	C1%	C3%	C6%	C8%	C9%
-	-	0.47	8.41	52.95	7.46	0.01
0	0	0.67	7.27	51.36	10.29	0.11
0	4	0.78	8.72	52.99	8.26	0.00
1	1	0.47	7.00	57.25	8.96	0.00
1	5	0.26	10.39	53.38	5.78	0.00
2	2	0.35	8.14	50.93	8.18	0.00
2	6	0.41	8.29	49.92	6.08	0.00
3	3	0.51	9.04	55.20	5.37	0.00
3	7	0.31	8.43	52.67	6.76	0.00
Core	CPU	C1%	C3%	C6%	C8%	C9%
-	-	0.25	6.66	48.99	18.97	0.02
0	0	0.17	6.68	54.77	18.75	0.01
0	4	0.30	7.59	57.40	14.15	0.00
1	1	0.09	6.03	50.78	25.87	0.00
1	5	0.58	10.62	51.24	16.93	0.02
2	2	0.10	4.54	42.70	34.07	0.00
2	6	0.38	7.17	55.15	16.88	0.00
3	3	0.11	3.56	31.23	2.13	0.13
3	7	0.25	7.07	48.40	22.86	0.00
Core	CPU	C1%	C3%	C6%	C8%	C9%
-	-	0.61	6.10	52.94	11.59	0.13
0	0	0.71	5.71	57.37	9.91	0.00
0	4	0.48	4.54	49.60	17.04	0.00
1	1	0.49	5.69	50.82	15.39	0.01
1	5	0.59	11.42	50.26	8.90	0.91
2	2	0.56	4.96	49.29	11.93	0.00
2	6	0.73	5.85	57.63	9.07	0.00
3	3	0.54	4.78	49.32	12.77	0.08
3	7	0.76	5.84	59.35	7.72	0.00
Core	CPU	C1%	C3%	C6%	C8%	C9%
-	-	0.22	4.31	52.87	10.29	0.12
0	0	0.07	4.17	52.82	6.60	0.01
0	4	0.19	3.86	55.40	10.27	0.00
1	1	0.21	3.62	49.44	12.89	0.20
1	5	0.36	6.23	50.79	10.56	0.42
2	2	0.26	4.89	52.69	9.13	0.00
2	6	0.06	3.96	53.42	8.20	0.37
3	3	0.13	3.82	53.74	12.57	0.00
3	7	0.45	3.90	54.67	12.07	0.00
Core	CPU	C1%	C3%	C6%	C8%	C9%
-	-	0.52	6.84	54.01	5.99	0.08
0	0	0.46	7.12	52.82	4.90	0.12
0	4	0.42	5.99	54.77	10.04	0.00
1	1	0.38	6.34	47.68	6.65	0.40
1	5	0.55	8.28	55.59	5.81	0.02
2	2	1.17	6.14	56.93	4.36	0.09
2	6	0.49	7.60	54.79	4.98	0.00
3	3	0.25	6.49	52.51	7.95	0.00
3	7	0.47	6.77	56.98	3.24	0.00
Core	CPU	C1%	C3%	C6%	C8%	C9%
-	-	7.50	6.97	36.06	6.35	0.32
0	0	6.34	6.22	36.40	10.32	0.03
0	4	7.72	7.89	38.63	8.47	0.07
1	1	6.39	6.81	32.84	6.59	0.00
1	5	7.53	7.65	35.85	4.27	2.13
2	2	6.41	5.30	37.57	6.36	0.00
2	6	8.08	7.72	36.17	4.88	0.00
3	3	8.21	6.65	38.43	6.26	0.28
3	7	9.31	7.49	32.56	3.61	0.01
Core	CPU	C1%	C3%	C6%	C8%	C9%
-	-	4.76	7.51	36.07	8.64	0.18
0	0	4.65	7.55	37.54	11.50	0.01
0	4	4.32	8.15	38.03	7.28	0.19
1	1	4.59	7.60	37.24	6.02	0.00
1	5	4.57	7.88	35.55	7.96	0.72
2	2	5.07	6.82	38.19	11.19	0.00
2	6	5.29	7.77	34.21	9.96	0.00
3	3	5.01	7.42	35.67	7.86	0.21
3	7	4.59	6.92	32.25	7.34	0.29
Core	CPU	C1%	C3%	C6%	C8%	C9%
-	-	4.28	5.91	40.33	7.98	0.33
0	0	3.52	5.78	43.63	12.33	0.00
0	4	3.88	4.89	38.56	6.31	0.17
1	1	4.37	5.16	38.72	7.38	0.12
1	5	5.05	7.48	36.19	6.10	1.50
2	2	4.84	6.55	44.34	7.65	0.01
2	6	3.90	5.31	41.37	8.65	0.33
3	3	4.07	6.30	38.82	9.62	0.32
3	7	4.63	5.85	41.02	5.84	0.22
Core	CPU	C1%	C3%	C6%	C8%	C9%
-	-	0.70	5.50	50.72	12.00	0.47
0	0	0.51	5.32	55.21	11.63	0.00
0	4	1.20	4.71	46.89	12.52	0.01
1	1	0.53	4.27	50.06	18.10	0.11
1	5	0.81	8.76	44.68	7.65	3.07
2	2	0.48	4.59	51.16	14.83	0.06
2	6	0.90	6.02	56.80	8.20	0.11
3	3	0.64	5.55	48.65	12.12	0.42
3	7	0.50	4.80	52.46	10.98	0.00
Core	CPU	C1%	C3%	C6%	C8%	C9%
-	-	0.40	5.05	52.13	11.90	0.12
0	0	0.33	4.38	47.92	15.05	0.01
0	4	0.27	4.85	60.15	5.91	0.00
1	1	0.24	4.16	51.94	12.22	0.00
1	5	0.31	8.76	48.80	9.95	0.41
2	2	0.31	4.02	54.44	14.34	0.00
2	6	0.57	5.44	49.10	12.89	0.11
3	3	0.72	5.12	54.30	10.42	0.30
3	7	0.42	3.68	50.11	14.33	0.17
Core	CPU	C1%	C3%	C6%	C8%	C9%
-	-	0.46	7.24	57.90	6.94	0.11
0	0	0.46	7.59	59.80	5.95	0.00
0	4	0.28	6.53	61.08	6.33	0.00
1	1	0.81	5.70	57.48	9.64	0.00
1	5	0.43	9.84	49.56	6.43	0.92
2	2	0.35	7.98	56.91	6.44	0.00
2	6	0.34	6.23	57.97	9.55	0.00
3	3	0.52	6.81	62.78	3.55	0.00
3	7	0.48	7.25	57.60	7.64	0.00
Core	CPU	C1%	C3%	C6%	C8%	C9%
-	-	0.34	5.39	56.98	10.43	0.01
0	0	0.40	5.42	56.87	8.68	0.00
0	4	0.42	6.22	54.03	12.37	0.06
1	1	0.25	5.01	55.54	13.22	0.01
1	5	0.72	6.06	59.30	7.63	0.00
2	2	0.24	4.25	57.72	11.65	0.00
2	6	0.20	5.23	59.96	8.93	0.00
3	3	0.35	5.06	56.97	10.28	0.00
3	7	0.15	5.89	55.69	10.73	0.00
Core	CPU	C1%	C3%	C6%	C8%	C9%
-	-	0.48	8.57	56.47	3.95	0.03
0	0	0.35	8.89	55.53	2.19	0.00
0	4	0.69	8.31	53.24	3.84	0.00
1	1	0.25	7.60	57.99	6.27	0.00
1	5	0.74	8.90	57.22	2.62	0.26
2	2	0.17	8.14	55.27	3.88	0.00
2	6	0.53	9.00	54.96	5.02	0.00
3	3	0.48	8.48	58.92	4.01	0.00
3	7	0.61	9.19	58.37	3.77	0.00
Core	CPU	C1%	C3%	C6%	C8%	C9%
-	-	0.83	11.42	54.40	2.26	0.01
0	0	1.53	10.93	55.18	1.62	0.00
0	4	0.60	9.92	57.33	3.27	0.00
1	1	1.22	11.74	51.76	2.10	0.00
1	5	1.33	13.07	50.19	1.05	0.06
2	2	0.33	11.65	54.27	3.89	0.00
2	6	0.61	13.42	52.40	0.89	0.00
3	3	0.52	10.22	58.55	2.45	0.00
3	7	0.55	10.41	55.57	2.80	0.00
Core	CPU	C1%	C3%	C6%	C8%	C9%
-	-	0.43	8.10	51.96	7.88	0.21
0	0	0.47	8.59	55.69	6.73	0.00
0	4	0.28	7.80	52.63	10.72	0.00
1	1	0.91	6.68	54.06	10.25	0.01
1	5	0.86	11.51	40.67	5.01	1.42
2	2	0.18	7.16	51.86	8.30	0.00
2	6	0.23	8.47	54.65	5.03	0.00
3	3	0.27	7.83	55.28	8.88	0.00
3	7	0.21	6.77	51.00	8.14	0.27
Core	CPU	C1%	C3%	C6%	C8%	C9%
-	-	0.31	5.46	43.27	21.80	0.22
0	0	0.36	6.54	45.23	27.85	0.00
0	4	0.11	4.52	49.86	24.77	0.50
1	1	0.30	5.50	46.65	18.79	0.00
1	5	0.05	3.37	23.09	4.60	1.08
2	2	0.38	5.92	45.81	21.70	0.00
2	6	0.16	4.65	40.89	30.53	0.20
3	3	0.89	7.28	50.08	21.83	0.00
3	7	0.22	5.86	44.22	24.18	0.00
Core	CPU	C1%	C3%	C6%	C8%	C9%
-	-	0.76	6.73	54.19	9.83	0.00
0	0	0.95	6.97	54.88	8.71	0.00
0	4	0.54	6.37	54.93	8.22	0.01
1	1	0.46	5.24	52.47	9.36	0.00
1	5	1.20	8.37	53.48	9.10	0.00
2	2	0.39	5.13	53.25	17.77	0.00
2	6	1.41	7.93	54.58	6.21	0.00
3	3	0.38	5.94	55.43	13.67	0.00
3	7	0.75	7.89	54.68	5.63	0.00
Core	CPU	C1%	C3%	C6%	C8%	C9%
-	-	0.64	10.34	52.59	4.41	0.01
0	0	0.88	11.50	52.10	2.61	0.00
0	4	0.53	10.49	50.78	5.61	0.00
1	1	0.67	9.00	56.57	4.24	0.00
1	5	0.82	12.52	45.54	3.16	0.07
2	2	0.25	7.90	56.18	8.67	0.00
2	6	0.55	12.16	50.49	2.00	0.00
3	3	0.59	8.90	53.59	6.34	0.01
3	7	0.87	10.43	56.30	2.72	0.00
Core	CPU	C1%	C3%	C6%	C8%	C9%
-	-	2.29	10.96	51.40	4.32	0.02
0	0	2.62	11.62	50.72	3.46	0.00
0	4	2.39	11.21	53.63	3.00	0.00
1	1	1.44	10.27	53.17	5.67	0.00
1	5	2.49	12.73	47.09	4.08	0.18
2	2	2.23	9.92	49.17	6.91	0.00
2	6	1.80	11.03	52.03	4.33	0.00
3	3	2.62	10.68	51.95	2.84	0.00
3	7	2.74	10.12	52.92	4.24	0.00
Core	CPU	C1%	C3%	C6%	C8%	C9%
-	-	9.38	10.51	34.78	3.43	0.06
0	0	10.52	11.58	31.74	3.73	0.00
0	4	9.92	8.85	38.08	4.34	0.01
1	1	8.43	10.86	34.80	2.98	0.00
1	5	9.60	11.03	31.18	1.75	0.23
2	2	10.20	9.48	36.16	4.13	0.01
2	6	9.10	11.13	36.51	2.79	0.20
3	3	8.60	10.71	36.50	3.68	0.00
3	7	8.60	10.35	33.13	4.04	0.00
Core	CPU	C1%	C3%	C6%	C8%	C9%
-	-	3.67	11.77	46.33	1.58	0.00
0	0	4.21	12.23	42.89	1.09	0.00
0	4	4.14	11.53	46.07	1.26	0.00
1	1	3.90	11.65	47.59	0.90	0.00
1	5	3.21	12.35	47.04	1.19	0.00
2	2	3.68	12.70	45.12	3.18	0.00
2	6	3.24	10.53	47.92	2.77	0.00
3	3	3.61	12.08	45.54	1.28	0.00
3	7	3.34	11.11	48.45	0.99	0.00
Core	CPU	C1%	C3%	C6%	C8%	C9%
-	-	9.91	13.82	35.78	1.54	0.00
0	0	9.20	13.84	36.08	2.81	0.00
0	4	10.23	13.77	36.76	0.97	0.00
1	1	10.40	13.80	32.71	1.42	0.00
1	5	10.56	14.33	34.09	1.04	0.00
2	2	9.42	13.97	37.95	1.03	0.00
2	6	9.92	13.66	38.66	1.59	0.00
3	3	9.82	13.72	33.73	1.91	0.00
3	7	9.72	13.44	36.16	1.55	0.00
Core	CPU	C1%	C3%	C6%	C8%	C9%
-	-	11.09	11.41	36.08	2.72	0.00
0	0	10.67	11.70	34.68	3.47	0.00
0	4	11.63	9.66	37.82	1.63	0.00
1	1	9.73	12.31	38.82	1.84	0.00
1	5	10.42	12.11	35.38	3.16	0.00
2	2	11.58	12.07	33.41	4.03	0.00
2	6	11.37	10.33	38.01	4.00	0.00
3	3	12.10	11.91	35.90	1.53	0.00
3	7	11.21	11.23	34.65	2.12	0.00
Core	CPU	C1%	C3%	C6%	C8%	C9%
-	-	26.47	12.80	19.79	0.88	0.00
0	0	27.35	13.11	17.39	0.93	0.00
0	4	25.61	12.97	22.41	0.73	0.00
1	1	26.49	12.89	18.58	0.87	0.00
1	5	26.10	12.54	21.96	1.83	0.00
2	2	27.84	12.08	21.08	1.02	0.00
2	6	27.19	12.53	18.90	0.27	0.00
3	3	25.34	13.21	19.38	0.54	0.00
3	7	25.92	13.13	18.68	0.83	0.00
Core	CPU	C1%	C3%	C6%	C8%	C9%
-	-	15.81	8.96	24.92	3.50	0.13
0	0	17.71	9.57	20.13	3.24	0.00
0	4	14.51	8.92	25.81	2.43	0.23
1	1	14.03	9.25	27.83	6.77	0.00
1	5	15.27	9.57	25.58	2.84	0.00
2	2	15.49	9.47	28.15	4.01	0.00
2	6	16.11	8.84	24.89	2.89	0.16
3	3	16.42	8.35	26.48	3.36	0.09
3	7	16.96	7.75	20.54	2.42	0.57
Core	CPU	C1%	C3%	C6%	C8%	C9%
-	-	17.70	8.58	25.60	1.83	0.00
0	0	19.56	8.34	24.41	3.39	0.00
0	4	16.63	7.55	28.33	1.06	0.00
1	1	17.62	8.14	25.50	2.53	0.02
1	5	18.67	8.71	24.07	1.01	0.00
2	2	18.47	7.60	29.83	0.84	0.00
2	6	15.92	9.68	29.30	3.02	0.00
3	3	17.50	8.70	22.27	1.24	0.01
3	7	17.24	9.88	21.07	1.58	0.00
Core	CPU	C1%	C3%	C6%	C8%	C9%
-	-	1.82	14.25	47.48	2.29	0.02
0	0	1.64	14.40	49.96	2.56	0.00
0	4	2.09	14.55	46.61	2.51	0.00
1	1	2.10	12.38	48.11	1.70	0.00
1	5	1.56	14.19	45.56	2.59	0.00
2	2	1.72	13.20	45.11	3.59	0.00
2	6	2.02	14.87	48.73	1.79	0.00
3	3	1.72	15.34	48.06	1.97	0.13
3	7	1.68	15.04	47.68	1.60	0.00
Core	CPU	C1%	C3%	C6%	C8%	C9%
-	-	2.86	12.71	47.23	2.36	0.06
0	0	3.71	12.58	44.41	2.99	0.18
0	4	2.72	14.34	45.93	1.41	0.00
1	1	2.62	13.22	47.19	1.43	0.00
1	5	2.43	12.66	49.69	2.50	0.00
2	2	3.78	13.38	46.30	1.74	0.00
2	6	3.00	11.79	49.85	2.59	0.00
3	3	2.71	12.79	46.14	1.86	0.05
3	7	1.88	10.94	48.43	4.34	0.27
Core	CPU	C1%	C3%	C6%	C8%	C9%
-	-	4.27	14.45	42.14	1.65	0.01
0	0	5.01	13.85	40.74	1.29	0.00
0	4	4.20	13.89	41.81	1.29	0.00
1	1	3.59	14.48	43.60	2.12	0.00
1	5	5.25	16.76	40.23	1.16	0.00
2	2	3.24	14.00	43.30	1.97	0.07
2	6	4.39	13.50	46.31	2.06	0.00
3	3	4.51	15.25	39.89	1.47	0.00
3	7	3.94	13.83	41.23	1.82	0.05
Core	CPU	C1%	C3%	C6%	C8%	C9%
-	-	3.34	12.32	46.23	2.68	0.05
0	0	3.17	9.99	47.64	3.37	0.00
0	4	3.91	13.23	44.27	1.70	0.10
1	1	3.21	12.14	47.53	3.20	0.00
1	5	3.15	14.30	44.73	2.24	0.19
2	2	2.86	11.92	46.23	3.44	0.00
2	6	3.93	12.58	47.82	3.46	0.04
3	3	4.30	12.87	44.18	1.54	0.07
3	7	2.24	11.55	47.62	2.52	0.00
Core	CPU	C1%	C3%	C6%	C8%	C9%
-	-	14.69	14.94	28.37	0.55	0.00
0	0	14.83	15.56	28.96	0.88	0.00
0	4	12.68	15.05	30.39	0.58	0.00
1	1	15.64	15.36	27.38	0.50	0.00
1	5	15.07	15.07	27.13	0.52	0.00
2	2	14.25	14.11	28.16	0.03	0.00
2	6	13.85	14.49	30.97	0.40	0.00
3	3	15.85	15.16	26.67	0.53	0.00
3	7	15.34	14.65	27.23	0.91	0.00
Core	CPU	C1%	C3%	C6%	C8%	C9%
-	-	1.61	16.13	44.04	1.36	0.00
0	0	1.31	14.78	46.52	0.88	0.00
0	4	2.49	15.17	45.06	1.69	0.00
1	1	1.60	15.12	52.28	1.98	0.00
1	5	1.34	17.35	51.79	1.07	0.00
2	2	1.70	16.95	45.99	1.64	0.00
2	6	2.26	20.66	40.74	0.53	0.00
3	3	1.20	9.88	29.41	1.26	0.00
3	7	1.01	19.08	40.40	1.83	0.00
Core	CPU	C1%	C3%	C6%	C8%	C9%
-	-	12.49	14.05	33.09	1.95	0.00
0	0	12.23	13.72	34.61	1.48	0.00
0	4	12.35	13.71	35.01	3.39	0.00
1	1	13.98	14.51	31.75	3.28	0.00
1	5	12.86	13.33	38.61	3.83	0.00
2	2	12.87	14.21	38.09	2.16	0.00
2	6	12.69	13.46	38.64	0.89	0.00
3	3	10.02	10.28	24.44	0.50	0.00
3	7	12.89	19.21	23.54	0.05	0.00
Core	CPU	C1%	C3%	C6%	C8%	C9%
-	-	16.98	14.97	25.63	0.51	0.01
0	0	17.00	15.17	24.76	0.63	0.00
0	4	15.54	15.58	27.89	0.46	0.00
1	1	20.07	14.06	23.27	0.35	0.00
1	5	17.43	14.99	27.79	0.82	0.00
2	2	17.81	14.24	21.72	0.29	0.00
2	6	18.13	14.31	25.40	0.17	0.05
3	3	13.89	15.52	30.07	0.85	0.00
3	7	15.99	15.93	24.26	0.47	0.00
Core	CPU	C1%	C3%	C6%	C8%	C9%
-	-	4.02	12.19	45.28	2.59	0.04
0	0	4.46	11.94	44.22	2.08	0.00
0	4	3.75	12.13	44.82	3.82	0.27
1	1	3.43	12.44	46.66	2.23	0.00
1	5	4.65	11.69	44.08	4.55	0.00
2	2	3.33	12.40	46.82	2.63	0.05
2	6	4.48	10.63	46.40	1.85	0.00
3	3	3.72	12.04	46.91	2.24	0.00
3	7	4.35	14.23	42.36	1.30	0.00
Core	CPU	C1%	C3%	C6%	C8%	C9%
-	-	4.17	13.30	44.12	1.94	0.00
0	0	4.17	15.02	42.81	1.10	0.00
0	4	3.66	12.33	47.07	1.89	0.00
1	1	3.38	12.64	46.94	2.16	0.00
1	5	4.26	13.81	43.20	2.07	0.00
2	2	4.12	12.45	44.63	3.63	0.00
2	6	5.39	13.65	40.97	1.29	0.00
3	3	4.34	13.68	44.42	1.80	0.01
3	7	4.00	12.83	42.96	1.62	0.02
Core	CPU	C1%	C3%	C6%	C8%	C9%
-	-	1.33	13.61	48.52	1.62	0.00
0	0	1.23	14.08	47.91	0.56	0.00
0	4	0.72	12.07	52.62	1.32	0.00
1	1	1.44	14.64	47.32	0.62	0.00
1	5	1.29	13.01	48.29	3.62	0.00
2	2	1.69	14.20	46.23	1.78	0.00
2	6	1.64	13.94	46.80	1.55	0.00
3	3	1.10	12.46	52.91	2.45	0.01
3	7	1.57	14.52	46.12	1.10	0.00
Core	CPU	C1%	C3%	C6%	C8%	C9%
-	-	2.47	13.43	45.56	2.41	0.01
0	0	2.24	13.74	45.08	2.30	0.00
0	4	2.39	13.61	44.81	2.34	0.00
1	1	2.56	11.90	47.75	4.14	0.10
1	5	2.71	14.56	43.54	1.77	0.00
2	2	2.26	13.36	46.98	1.74	0.00
2	6	2.31	15.01	44.19	2.52	0.00
3	3	3.05	12.65	45.51	2.51	0.00
3	7	2.20	12.55	46.53	1.97	0.00
Core	CPU	C1%	C3%	C6%	C8%	C9%
-	-	3.32	13.17	44.89	2.10	0.00
0	0	2.60	11.92	46.67	1.87	0.00
0	4	3.97	14.42	43.47	1.35	0.00
1	1	3.90	13.22	45.63	2.86	0.00
1	5	3.65	13.24	41.74	2.61	0.00
2	2	2.59	13.76	47.36	2.77	0.00
2	6	3.72	14.85	40.41	1.28	0.00
3	3	2.72	11.75	48.53	1.82	0.00
3	7	3.43	12.24	45.45	2.28	0.00
Core	CPU	C1%	C3%	C6%	C8%	C9%
-	-	6.81	9.34	35.57	5.30	0.13
0	0	6.74	8.84	36.80	4.36	0.00
0	4	6.79	7.92	37.83	3.84	0.54
1	1	6.49	9.47	37.03	8.34	0.01
1	5	7.44	9.72	34.86	5.39	0.43
2	2	7.24	8.19	35.07	8.04	0.00
2	6	7.78	10.50	31.14	3.51	0.00
3	3	5.20	8.73	38.14	6.65	0.07
3	7	6.79	11.36	33.81	2.26	0.00
Core	CPU	C1%	C3%	C6%	C8%	C9%
-	-	3.98	8.85	41.00	6.41	0.06
0	0	3.79	8.75	39.74	7.00	0.10
0	4	4.37	8.89	38.90	5.22	0.00
1	1	3.94	7.74	41.78	8.78	0.01
1	5	3.90	9.60	41.80	5.05	0.36
2	2	3.73	6.80	42.64	8.64	0.00
2	6	3.44	8.54	40.89	4.04	0.01
3	3	3.82	9.63	38.00	9.01	0.00
3	7	4.88	10.77	44.00	3.53	0.00
Core	CPU	C1%	C3%	C6%	C8%	C9%
-	-	10.98	11.56	32.24	1.80	0.02
0	0	9.89	11.79	31.25	3.45	0.00
0	4	11.21	11.84	32.06	1.76	0.00
1	1	11.42	10.78	31.88	3.49	0.00
1	5	12.17	12.21	28.12	0.70	0.00
2	2	9.20	10.93	31.66	2.29	0.00
2	6	10.64	11.99	34.46	1.01	0.00
3	3	11.60	11.88	34.38	0.62	0.00
3	7	11.73	11.08	34.11	1.09	0.13
Core	CPU	C1%	C3%	C6%	C8%	C9%
-	-	4.02	15.16	42.28	1.68	0.00
0	0	4.97	16.13	41.33	0.49	0.00
0	4	4.05	13.89	46.38	1.42	0.00
1	1	3.78	14.57	43.01	2.92	0.00
1	5	3.98	16.57	40.58	0.30	0.00
2	2	3.63	13.44	44.55	3.38	0.00
2	6	4.24	15.58	38.52	1.37	0.00
3	3	3.35	15.70	42.22	2.27	0.00
3	7	4.18	15.47	41.76	1.30	0.00
Core	CPU	C1%	C3%	C6%	C8%	C9%
-	-	9.87	7.65	35.45	6.10	0.11
0	0	9.40	7.31	34.89	6.91	0.00
0	4	11.62	7.42	35.51	4.52	0.00
1	1	10.23	7.84	35.21	9.58	0.02
1	5	9.39	7.88	36.05	5.84	0.20
2	2	10.54	7.69	31.91	5.85	0.00
2	6	10.04	7.82	36.26	4.97	0.63
3	3	8.57	7.28	37.01	5.70	0.00
3	7	9.10	7.93	36.65	5.38	0.04
Core	CPU	C1%	C3%	C6%	C8%	C9%
-	-	12.15	6.10	30.67	4.74	0.21
0	0	12.60	6.14	34.22	3.33	0.00
0	4	13.36	4.56	26.87	3.73	0.10
1	1	12.41	5.59	29.01	5.65	0.01
1	5	11.04	6.48	29.27	6.11	1.25
2	2	12.00	6.78	30.96	7.28	0.00
2	6	12.29	5.48	27.50	2.64	0.05
3	3	12.56	6.97	35.55	6.39	0.00
3	7	10.93	6.84	32.00	2.81	0.29
Core	CPU	C1%	C3%	C6%	C8%	C9%
-	-	7.02	7.62	34.40	4.18	0.20
0	0	7.15	6.32	39.36	9.34	0.00
0	4	6.31	8.48	35.49	1.08	0.00
1	1	6.67	7.97	33.43	6.55	0.76
1	5	6.24	8.92	35.18	3.46	0.21
2	2	7.10	8.41	33.16	2.41	0.01
2	6	6.38	7.27	32.91	2.46	0.17
3	3	8.19	7.24	32.02	5.15	0.00
3	7	8.13	6.38	33.70	3.00	0.47
Core	CPU	C1%	C3%	C6%	C8%	C9%
-	-	5.66	12.33	41.65	3.04	0.03
0	0	5.83	13.03	41.59	1.23	0.00
0	4	5.26	13.33	40.91	2.74	0.00
1	1	5.42	13.35	38.71	3.14	0.00
1	5	5.99	11.93	39.21	2.75	0.01
2	2	5.11	10.73	43.60	4.14	0.00
2	6	4.98	10.64	44.39	3.75	0.00
3	3	6.09	13.28	40.21	4.67	0.25
3	7	6.56	12.31	44.55	1.89	0.00
Core	CPU	C1%	C3%	C6%	C8%	C9%
-	-	20.23	10.50	24.37	2.04	0.00
0	0	19.94	11.73	24.43	2.03	0.01
0	4	20.56	8.33	26.31	1.93	0.02
1	1	21.76	9.66	26.28	2.29	0.00
1	5	19.95	11.04	23.86	0.97	0.00
2	2	22.10	11.18	19.33	2.93	0.00
2	6	19.36	10.79	23.77	0.93	0.00
3	3	17.58	9.42	28.32	4.19	0.01
3	7	20.54	11.81	22.65	1.07	0.00
Core	CPU	C1%	C3%	C6%	C8%	C9%
-	-	11.72	11.50	32.33	2.19	0.00
0	0	12.37	10.94	33.91	3.51	0.00
0	4	12.40	12.09	30.50	1.44	0.00
1	1	13.00	10.74	31.36	0.86	0.00
1	5	12.31	12.53	29.46	1.67	0.01
2	2	11.31	11.77	33.36	2.92	0.00
2	6	11.01	11.69	34.88	2.35	0.00
3	3	10.17	11.23	32.40	1.78	0.00
3	7	11.26	11.00	32.86	3.00	0.00
Core	CPU	C1%	C3%	C6%	C8%	C9%
-	-	3.31	10.39	41.43	10.94	0.00
0	0	3.45	11.04	44.12	9.24	0.00
0	4	3.25	10.05	39.98	14.16	0.01
1	1	3.26	9.91	43.75	14.13	0.00
1	5	4.23	11.46	40.03	12.35	0.01
2	2	2.65	9.83	42.61	15.01	0.00
2	6	3.13	12.04	44.38	8.50	0.00
3	3	3.85	9.57	32.85	1.08	0.00
3	7	2.66	9.18	43.62	13.05	0.00
Core	CPU	C1%	C3%	C6%	C8%	C9%
-	-	4.14	10.81	43.92	10.68	0.00
0	0	4.39	13.00	48.68	7.96	0.01
0	4	4.29	11.13	46.92	11.94	0.00
1	1	5.49	10.94	46.80	11.31	0.00
1	5	3.37	11.44	41.61	15.04	0.00
2	2	3.33	9.93	46.20	16.22	0.00
2	6	3.95	9.77	47.42	15.02	0.00
3	3	3.36	6.88	29.36	1.40	0.00
3	7	4.95	13.47	44.51	6.56	0.00
Core	CPU	C1%	C3%	C6%	C8%	C9%
-	-	2.71	12.57	45.69	2.09	0.02
0	0	2.75	11.51	48.14	2.38	0.00
0	4	2.62	12.94	45.62	1.65	0.00
1	1	3.10	12.63	46.34	1.87	0.00
1	5	3.20	13.74	43.14	1.17	0.10
2	2	1.67	11.81	46.83	5.24	0.00
2	6	3.03	13.37	47.07	1.81	0.00
3	3	2.46	11.78	43.78	1.53	0.03
3	7	2.83	12.75	44.58	1.09	0.03
Core	CPU	C1%	C3%	C6%	C8%	C9%
-	-	6.14	12.54	40.33	2.88	0.02
0	0	6.95	12.58	38.23	2.44	0.13
0	4	7.81	11.45	42.52	2.93	0.00
1	1	5.17	13.47	39.63	1.99	0.00
1	5	5.80	13.19	40.29	3.02	0.01
2	2	4.16	10.75	45.22	3.79	0.01
2	6	5.69	13.10	39.37	4.24	0.00
3	3	6.44	13.50	38.07	1.74	0.00
3	7	7.13	12.24	39.29	2.90	0.00
Core	CPU	C1%	C3%	C6%	C8%	C9%
-	-	7.11	12.29	38.73	1.93	0.01
0	0	6.72	11.50	37.65	2.01	0.00
0	4	7.57	12.58	38.13	1.62	0.01
1	1	6.71	12.65	44.09	1.85	0.00
1	5	7.11	13.40	34.51	1.59	0.00
2	2	7.95	11.77	39.17	2.03	0.00
2	6	7.39	13.11	39.61	0.71	0.00
3	3	6.90	11.74	38.76	3.05	0.07
3	7	6.55	11.60	37.96	2.60	0.00
Core	CPU	C1%	C3%	C6%	C8%	C9%
-	-	15.31	7.90	27.38	4.49	0.06
0	0	14.08	8.37	32.07	4.38	0.01
0	4	14.39	8.54	28.69	3.03	0.01
1	1	14.02	7.53	24.85	6.38	0.24
1	5	16.26	7.23	27.38	5.43	0.01
2	2	18.11	7.77	23.92	3.22	0.00
2	6	16.00	7.94	23.31	3.94	0.16
3	3	15.12	6.47	27.36	4.82	0.07
3	7	14.51	9.35	31.44	4.76	0.00
Core	CPU	C1%	C3%	C6%	C8%	C9%
-	-	1.14	13.44	49.38	1.30	0.00
0	0	1.30	14.05	45.25	0.30	0.00
0	4	0.81	13.06	50.94	2.14	0.00
1	1	1.12	12.08	53.28	1.81	0.00
1	5	1.60	13.95	47.09	0.81	0.00
2	2	0.86	13.98	50.51	0.19	0.00
2	6	1.21	13.37	47.61	2.33	0.00
3	3	1.11	13.76	49.53	2.35	0.03
3	7	1.07	13.27	50.81	0.49	0.00
Core	CPU	C1%	C3%	C6%	C8%	C9%
-	-	1.17	15.75	46.77	0.56	0.00
0	0	1.31	16.91	41.81	0.09	0.00
0	4	1.19	13.13	54.13	1.10	0.00
1	1	0.66	16.29	47.23	0.91	0.00
1	5	0.92	15.33	45.88	0.30	0.00
2	2	0.87	15.43	47.52	0.94	0.00
2	6	1.50	16.67	44.89	0.00	0.00
3	3	1.67	16.77	45.13	0.26	0.00
3	7	1.22	15.45	47.61	0.86	0.00
Core	CPU	C1%	C3%	C6%	C8%	C9%
-	-	1.07	12.13	53.14	3.72	0.00
0	0	0.42	12.09	52.02	5.71	0.00
0	4	1.60	11.79	55.74	2.02	0.00
1	1	1.58	11.33	55.20	5.42	0.00
1	5	1.12	13.47	48.03	2.60	0.00
2	2	0.49	12.06	53.66	3.74	0.00
2	6	1.24	12.49	52.97	3.80	0.00
3	3	1.15	11.65	52.01	3.85	0.00
3	7	0.98	12.22	55.62	2.62	0.00
Core	CPU	C1%	C3%	C6%	C8%	C9%
-	-	3.72	10.52	47.61	4.76	0.06
0	0	3.42	9.48	49.57	3.98	0.00
0	4	4.46	10.77	45.94	4.83	0.01
1	1	3.97	10.64	48.46	3.97	0.00
1	5	4.04	12.24	44.22	4.52	0.50
2	2	2.61	9.71	47.73	5.90	0.00
2	6	3.72	10.57	48.61	5.68	0.00
3	3	3.96	10.50	48.24	4.12	0.00
3	7	3.53	10.22	47.99	5.10	0.00
Core	CPU	C1%	C3%	C6%	C8%	C9%
-	-	14.04	9.31	28.63	3.74	0.01
0	0	13.16	8.53	31.25	4.70	0.00
0	4	14.32	9.46	23.31	3.65	0.05
1	1	14.09	8.24	29.55	3.12	0.00
1	5	14.15	9.07	31.31	2.89	0.00
2	2	13.54	9.84	30.12	3.90	0.00
2	6	15.29	10.14	26.39	4.14	0.03
3	3	14.28	10.14	29.55	4.78	0.03
3	7	13.50	9.11	27.64	2.75	0.00
Core	CPU	C1%	C3%	C6%	C8%	C9%
-	-	11.24	8.24	29.75	4.61	0.08
0	0	10.49	7.73	25.24	5.12	0.02
0	4	10.38	7.94	29.94	4.99	0.03
1	1	11.58	8.93	29.12	4.23	0.01
1	5	10.12	7.84	31.27	3.17	0.12
2	2	11.74	7.70	29.16	7.19	0.00
2	6	12.63	9.30	29.65	3.80	0.00
3	3	10.27	8.25	33.77	6.64	0.44
3	7	12.68	8.22	29.79	1.74	0.00
Core	CPU	C1%	C3%	C6%	C8%	C9%
-	-	10.16	6.83	33.76	4.84	0.23
0	0	11.86	7.78	34.11	4.29	0.11
0	4	8.67	5.40	33.41	6.20	1.58
1	1	11.47	6.93	34.37	4.66	0.00
1	5	10.03	7.38	30.61	2.75	0.11
2	2	9.74	6.13	38.03	6.88	0.03
2	6	11.13	8.00	30.24	2.96	0.01
3	3	9.34	6.49	35.10	6.02	0.00
3	7	9.06	6.50	34.19	4.99	0.00
Core	CPU	C1%	C3%	C6%	C8%	C9%
-	-	9.79	8.23	32.75	4.38	0.01
0	0	10.81	8.53	30.86	3.35	0.00
0	4	9.21	8.47	38.02	3.99	0.00
1	1	9.37	8.27	37.59	6.53	0.03
1	5	9.75	8.47	28.75	4.92	0.01
2	2	8.91	8.07	30.60	3.05	0.02
2	6	11.84	9.10	29.60	4.41	0.00
3	3	8.94	7.31	33.67	5.78	0.01
3	7	9.54	7.62	32.94	3.03	0.00
Core	CPU	C1%	C3%	C6%	C8%	C9%
-	-	13.06	7.76	30.46	4.45	0.10
0	0	14.25	7.33	25.60	5.43	0.00
0	4	12.81	7.05	27.89	7.80	0.00
1	1	14.11	7.79	32.83	2.02	0.00
1	5	13.10	7.89	31.19	3.42	0.35
2	2	14.49	8.41	31.57	2.96	0.01
2	6	10.60	7.95	33.42	6.84	0.07
3	3	14.73	8.55	30.28	3.00	0.00
3	7	10.38	7.12	30.92	4.13	0.33
Core	CPU	C1%	C3%	C6%	C8%	C9%
-	-	15.04	7.91	28.78	4.01	0.03
0	0	14.77	8.41	29.39	4.34	0.16
0	4	13.90	8.89	32.11	3.94	0.00
1	1	15.90	7.64	29.21	3.45	0.01
1	5	14.67	6.38	29.82	3.62	0.01
2	2	13.81	8.07	29.14	5.41	0.00
2	6	15.41	8.40	26.89	5.37	0.00
3	3	17.37	8.23	25.63	2.34	0.00
3	7	14.44	7.24	28.07	3.57	0.04
Core	CPU	C1%	C3%	C6%	C8%	C9%
-	-	11.41	7.48	31.17	4.13	0.13
0	0	10.50	6.80	30.90	3.59	0.00
0	4	11.56	7.13	30.16	3.03	0.00
1	1	9.37	7.00	34.75	3.40	0.00
1	5	12.53	8.93	26.69	3.33	0.00
2	2	13.56	7.62	29.38	3.31	0.43
2	6	11.77	6.94	31.02	5.07	0.13
3	3	10.35	8.76	34.32	7.50	0.02
3	7	11.64	6.66	32.13	3.81	0.47
Core	CPU	C1%	C3%	C6%	C8%	C9%
-	-	9.69	6.95	33.83	5.34	0.06
0	0	11.55	7.89	33.83	4.05	0.00
0	4	11.18	6.77	34.69	7.06	0.00
1	1	8.05	5.55	33.15	5.31	0.00
1	5	8.40	7.69	35.25	3.26	0.00
2	2	8.08	6.42	34.00	5.35	0.02
2	6	8.81	5.89	33.99	9.72	0.47
3	3	11.12	8.37	30.24	4.10	0.00
3	7	10.36	7.06	35.46	3.89	0.00
Core	CPU	C1%	C3%	C6%	C8%	C9%
-	-	7.08	3.87	13.03	10.10	0.01
0	0	6.71	3.51	11.10	2.67	0.00
0	4	6.89	4.52	11.27	1.84	0.00
1	1	7.79	3.21	13.18	1.34	0.01
1	5	6.16	4.95	18.26	37.37	0.00
2	2	6.81	3.18	10.87	1.56	0.00
2	6	8.12	3.64	12.45	0.61	0.02
3	3	6.80	4.85	17.38	33.94	0.00
3	7	7.47	3.12	9.90	1.64	0.03
Core	CPU	C1%	C3%	C6%	C8%	C9%
-	-	4.69	8.30	46.46	4.42	0.03
0	0	5.58	8.63	47.14	4.31	0.00
0	4	4.02	6.69	47.64	3.50	0.00
1	1	5.66	8.50	48.03	3.35	0.00
1	5	5.54	8.17	43.29	2.88	0.27
2	2	4.98	8.48	46.31	2.74	0.00
2	6	3.89	8.76	49.65	7.19	0.00
3	3	3.49	7.65	38.54	6.36	0.00
3	7	4.27	9.38	50.50	4.99	0.00
Core	CPU	C1%	C3%	C6%	C8%	C9%
-	-	7.66	6.66	39.60	5.15	0.35
0	0	7.54	6.33	40.72	8.02	0.00
0	4	9.40	6.13	40.52	6.24	0.61
1	1	7.72	5.72	40.45	4.44	0.01
1	5	8.35	8.57	37.64	2.05	0.00
2	2	7.71	7.19	38.68	5.39	0.00
2	6	6.74	6.52	36.42	5.67	0.00
3	3	7.72	5.33	40.48	4.26	0.00
3	7	6.11	7.47	41.98	5.12	2.18
Core	CPU	C1%	C3%	C6%	C8%	C9%
-	-	12.72	7.92	31.09	7.95	0.24
0	0	12.13	6.39	31.42	8.26	0.00
0	4	13.63	8.67	31.85	5.76	0.00
1	1	13.74	7.77	29.85	10.30	0.00
1	5	12.97	8.56	31.74	7.68	0.71
2	2	12.88	8.02	28.96	8.01	0.00
2	6	12.63	7.14	30.80	9.27	1.21
3	3	12.44	8.50	32.12	7.37	0.00
3	7	11.37	8.32	31.94	6.96	0.00
Core	CPU	C1%	C3%	C6%	C8%	C9%
-	-	5.19	11.34	43.97	2.66	0.03
0	0	5.97	11.73	45.33	1.86	0.00
0	4	3.44	11.11	43.93	3.39	0.08
1	1	5.15	11.07	44.16	2.29	0.00
1	5	5.16	11.78	43.16	3.77	0.03
2	2	5.03	10.62	45.39	3.82	0.00
2	6	6.61	11.26	41.55	2.08	0.00
3	3	4.40	10.94	47.70	2.18	0.10
3	7	5.83	12.24	40.78	1.94	0.00
Core	CPU	C1%	C3%	C6%	C8%	C9%
-	-	3.65	13.30	44.45	1.84	0.01
0	0	4.24	13.83	46.11	1.50	0.00
0	4	2.96	13.39	45.44	1.71	0.03
1	1	4.10	14.57	41.05	1.48	0.00
1	5	3.86	12.20	45.02	0.99	0.00
2	2	3.60	12.17	44.09	4.37	0.00
2	6	3.79	13.19	44.63	1.76	0.00
3	3	2.99	12.96	42.87	1.77	0.00
3	7	3.64	14.00	46.20	1.16	0.01
Core	CPU	C1%	C3%	C6%	C8%	C9%
-	-	6.51	11.99	40.96	2.71	0.00
0	0	7.13	11.91	42.76	1.79	0.00
0	4	6.92	10.93	40.87	3.12	0.00
1	1	6.66	12.18	43.85	2.34	0.00
1	5	6.85	12.50	40.13	2.40	0.00
2	2	5.01	12.40	40.70	3.81	0.00
2	6	6.78	12.18	40.35	1.36	0.00
3	3	6.78	11.58	38.70	4.35	0.00
3	7	5.99	12.27	40.35	2.52	0.00
Core	CPU	C1%	C3%	C6%	C8%	C9%
-	-	1.29	9.90	51.32	6.55	0.00
0	0	1.49	9.53	54.17	5.67	0.00
0	4	1.48	9.11	49.83	7.33	0.00
1	1	0.99	9.87	52.36	9.06	0.00
1	5	1.81	13.71	41.73	3.40	0.00
2	2	0.88	9.10	53.00	7.46	0.00
2	6	1.47	11.03	52.36	5.37	0.00
3	3	0.89	7.67	53.60	7.03	0.00
3	7	1.28	9.25	53.72	7.11	0.00
Core	CPU	C1%	C3%	C6%	C8%	C9%
-	-	9.56	10.69	36.56	3.62	0.08
0	0	9.92	10.84	38.02	3.45	0.01
0	4	9.68	9.18	37.49	4.81	0.00
1	1	8.72	11.53	34.74	2.54	0.17
1	5	9.25	11.19	35.13	4.65	0.22
2	2	9.75	10.38	37.55	4.08	0.21
2	6	9.53	10.53	36.67	4.16	0.00
3	3	10.74	11.44	32.10	2.00	0.00
3	7	8.82	10.39	40.63	3.25	0.06
Core	CPU	C1%	C3%	C6%	C8%	C9%
-	-	4.38	9.85	43.39	5.26	0.05
0	0	4.22	9.09	44.91	4.86	0.00
0	4	4.99	11.00	41.95	3.84	0.08
1	1	3.61	8.28	45.44	8.64	0.00
1	5	4.68	11.76	40.04	4.20	0.12
2	2	4.13	9.21	46.77	3.73	0.20
2	6	4.46	9.63	44.26	6.01	0.00
3	3	4.27	10.31	39.03	5.10	0.00
3	7	4.69	9.52	44.78	5.74	0.00
Core	CPU	C1%	C3%	C6%	C8%	C9%
-	-	2.89	7.60	39.43	4.74	0.25
0	0	2.86	6.95	34.23	7.75	0.12
0	4	3.80	8.23	45.68	3.99	0.11
1	1	3.28	8.40	41.86	3.33	0.12
1	5	2.56	7.95	38.80	6.42	0.33
2	2	3.00	7.64	36.26	3.12	0.58
2	6	1.89	7.87	40.80	7.52	0.38
3	3	2.68	6.87	42.69	3.21	0.22
3	7	3.03	6.88	35.12	2.58	0.13
Core	CPU	C1%	C3%	C6%	C8%	C9%
-	-	16.23	8.34	25.02	4.15	0.08
0	0	17.52	9.23	24.71	2.32	0.01
0	4	13.58	7.47	32.67	5.59	0.00
1	1	16.48	8.17	21.67	3.89	0.01
1	5	17.40	8.14	20.07	3.23	0.32
2	2	15.96	9.39	26.04	3.73	0.00
2	6	16.66	8.38	25.45	4.01	0.03
3	3	15.73	7.04	25.82	6.10	0.31
3	7	16.49	8.86	23.74	4.32	0.00
Core	CPU	C1%	C3%	C6%	C8%	C9%
-	-	5.84	11.69	40.08	2.85	0.01
0	0	5.69	12.27	41.22	2.48	0.00
0	4	5.86	11.42	41.54	2.45	0.00
1	1	5.63	10.83	40.20	3.21	0.00
1	5	5.78	13.18	35.65	2.97	0.00
2	2	5.85	11.15	42.26	2.55	0.00
2	6	6.68	13.10	37.67	1.41	0.00
3	3	4.59	10.75	44.22	3.23	0.00
3	7	6.65	10.85	37.92	4.53	0.11
Core	CPU	C1%	C3%	C6%	C8%	C9%
-	-	6.19	9.06	41.83	4.14	0.19
0	0	5.07	10.13	44.14	2.96	0.00
0	4	6.28	7.25	39.04	5.66	0.06
1	1	6.60	9.68	46.00	2.54	0.04
1	5	7.64	9.01	36.45	4.41	0.03
2	2	6.22	9.24	40.75	4.49	0.00
2	6	6.95	9.07	42.83	2.86	1.41
3	3	5.39	8.45	44.29	5.34	0.00
3	7	5.40	9.61	41.13	4.90	0.00
Core	CPU	C1%	C3%	C6%	C8%	C9%
-	-	7.16	8.43	34.32	4.64	0.16
0	0	7.31	7.81	39.58	6.21	0.02
0	4	6.57	7.91	33.14	6.02	0.64
1	1	8.13	8.18	35.82	4.17	0.00
1	5	7.28	9.24	33.47	2.10	0.00
2	2	7.73	8.10	32.46	3.13	0.19
2	6	6.79	9.34	36.45	7.98	0.03
3	3	7.31	7.84	31.38	4.14	0.00
3	7	6.17	9.08	32.50	3.40	0.36
Core	CPU	C1%	C3%	C6%	C8%	C9%
-	-	2.19	14.08	47.69	1.90	0.00
0	0	1.92	13.27	50.44	3.29	0.00
0	4	2.78	13.75	48.47	0.34	0.00
1	1	2.21	14.18	48.05	1.24	0.01
1	5	1.81	15.87	46.88	0.25	0.00
2	2	2.49	13.64	50.16	1.82	0.00
2	6	1.89	16.49	43.75	1.29	0.00
3	3	1.71	10.11	52.78	5.55	0.00
3	7	2.72	15.22	40.69	1.38	0.00
Core	CPU	C1%	C3%	C6%	C8%	C9%
-	-	1.66	12.84	49.64	1.78	0.00
0	0	1.98	12.14	50.32	1.99	0.00
0	4	1.66	13.67	49.22	0.80	0.00
1	1	1.54	12.39	51.70	0.78	0.00
1	5	1.44	13.52	45.94	2.72	0.00
2	2	1.37	12.68	50.24	1.00	0.00
2	6	1.23	13.39	48.49	1.07	0.00
3	3	1.68	11.55	52.75	4.12	0.00
3	7	2.38	13.39	48.48	1.77	0.00
Core	CPU	C1%	C3%	C6%	C8%	C9%
-	-	0.95	15.18	47.22	0.29	0.00
0	0	0.50	13.82	51.65	0.14	0.00
0	4	1.26	15.41	43.99	0.27	0.00
1	1	0.59	14.87	51.87	0.13	0.00
1	5	1.47	16.13	42.35	0.45	0.00
2	2	0.85	14.87	48.24	0.51	0.00
2	6	0.92	15.43	47.30	0.39	0.00
3	3	1.17	16.47	41.97	0.04	0.00
3	7	0.82	14.46	50.49	0.39	0.00
Core	CPU	C1%	C3%	C6%	C8%	C9%
-	-	0.67	13.29	51.99	2.26	0.00
0	0	0.28	12.71	53.23	1.68	0.00
0	4	0.55	13.02	50.91	5.33	0.00
1	1	0.45	11.97	54.38	3.85	0.00
1	5	1.05	16.14	43.22	0.28	0.00
2	2	0.77	13.24	52.54	1.61	0.00
2	6	0.64	12.49	53.59	1.37	0.00
3	3	0.81	13.35	54.57	1.01	0.00
3	7	0.78	13.36	53.38	2.91	0.00
Core	CPU	C1%	C3%	C6%	C8%	C9%
-	-	0.39	9.18	53.77	6.48	0.04
0	0	0.28	7.73	54.17	8.32	0.00
0	4	0.53	9.17	55.60	5.58	0.00
1	1	0.31	9.45	54.38	4.88	0.00
1	5	0.53	13.80	47.31	2.36	0.13
2	2	0.27	7.94	51.60	9.19	0.00
2	6	0.33	7.87	58.27	4.77	0.21
3	3	0.50	9.62	50.28	10.49	0.00
3	7	0.39	8.01	59.56	6.36	0.00
Core	CPU	C1%	C3%	C6%	C8%	C9%
-	-	1.16	13.35	48.61	3.67	0.00
0	0	1.43	13.74	59.05	4.85	0.00
0	4	1.15	13.95	61.69	2.75	0.00
1	1	1.43	14.89	56.70	1.83	0.00
1	5	1.79	16.16	55.29	4.91	0.00
2	2	0.95	14.19	60.77	3.62	0.00
2	6	1.30	14.07	61.45	3.00	0.00
3	3	0.18	2.08	10.47	1.54	0.00
3	7	1.06	17.70	23.39	6.86	0.00
Core	CPU	C1%	C3%	C6%	C8%	C9%
-	-	0.38	7.88	54.98	5.92	0.02
0	0	0.57	8.50	49.17	6.16	0.01
0	4	0.30	6.60	57.40	5.36	0.00
1	1	0.19	6.48	53.46	9.51	0.11
1	5	0.42	10.00	53.36	4.74	0.03
2	2	0.67	7.32	55.99	5.06	0.00
2	6	0.35	8.61	52.64	4.80	0.00
3	3	0.33	7.56	56.80	8.08	0.00
3	7	0.20	7.86	60.01	3.54	0.00
Core	CPU	C1%	C3%	C6%	C8%	C9%
-	-	0.29	6.37	51.04	10.05	0.06
0	0	0.24	7.05	48.69	13.86	0.00
0	4	0.13	5.37	53.34	10.06	0.00
1	1	0.28	5.12	50.68	14.78	0.01
1	5	0.48	10.74	48.21	6.50	0.46
2	2	0.63	5.19	51.88	8.18	0.00
2	6	0.27	5.25	49.88	10.90	0.00
3	3	0.23	6.36	54.24	6.90	0.02
3	7	0.08	6.03	52.21	9.39	0.02
Core	CPU	C1%	C3%	C6%	C8%	C9%
-	-	0.23	2.93	51.38	14.96	0.08
0	0	0.34	2.22	49.73	17.44	0.14
0	4	0.15	3.15	57.42	9.75	0.00
1	1	0.09	2.50	51.18	17.48	0.00
1	5	0.31	3.38	57.46	16.52	0.49
2	2	0.02	2.91	46.36	17.66	0.00
2	6	0.20	3.14	51.95	10.45	0.00
3	3	0.19	2.89	39.48	14.24	0.00
3	7	0.52	3.21	56.59	15.91	0.00
Core	CPU	C1%	C3%	C6%	C8%	C9%
-	-	5.41	6.44	39.32	7.36	0.33
0	0	5.43	6.52	40.91	7.11	0.02
0	4	4.98	5.89	38.51	6.44	0.00
1	1	5.62	7.44	38.35	11.95	0.00
1	5	5.14	5.78	38.98	4.41	1.82
2	2	6.31	6.52	38.21	10.12	0.01
2	6	6.14	5.97	40.83	5.84	0.57
3	3	5.27	6.62	39.91	5.91	0.00
3	7	4.41	6.80	38.86	7.06	0.18
Core	CPU	C1%	C3%	C6%	C8%	C9%
-	-	2.18	8.99	42.50	5.46	0.21
0	0	2.46	8.72	43.48	2.79	0.01
0	4	1.58	8.76	44.06	2.25	0.00
1	1	2.99	8.58	45.86	10.37	0.00
1	5	2.48	10.22	36.07	3.43	1.43
2	2	1.98	9.27	45.06	5.02	0.00
2	6	2.08	8.17	40.12	9.20	0.00
3	3	2.24	9.78	42.56	4.23	0.00
3	7	1.67	8.40	42.75	6.36	0.24
Core	CPU	C1%	C3%	C6%	C8%	C9%
-	-	4.54	10.18	42.39	3.76	0.23
0	0	4.41	9.76	45.09	3.73	0.00
0	4	4.81	11.16	42.17	2.94	0.00
1	1	4.85	11.23	41.84	3.07	0.00
1	5	5.02	9.28	44.84	6.02	0.00
2	2	4.79	10.24	39.01	3.11	0.51
2	6	4.32	10.13	42.87	2.84	0.00
3	3	4.28	10.10	40.03	4.37	0.07
3	7	3.82	9.57	43.30	4.00	1.28
Core	CPU	C1%	C3%	C6%	C8%	C9%
-	-	3.12	11.29	40.86	4.75	0.01
0	0	2.96	12.39	40.68	4.70	0.00
0	4	2.57	9.62	40.71	4.55	0.00
1	1	3.63	11.81	38.48	3.54	0.01
1	5	3.48	13.17	38.06	4.92	0.01
2	2	1.93	8.94	42.18	9.95	0.09
2	6	3.03	11.79	44.44	2.15	0.00
3	3	3.27	11.59	41.32	4.48	0.00
3	7	4.05	11.02	40.95	3.75	0.00
Core	CPU	C1%	C3%	C6%	C8%	C9%
-	-	1.04	10.90	52.57	3.55	0.01
0	0	1.34	11.30	54.00	2.31	0.00
0	4	0.99	10.83	49.30	3.59	0.00
1	1	1.11	9.15	52.89	5.61	0.00
1	5	1.46	11.53	50.70	3.50	0.11
2	2	0.84	10.98	52.55	4.24	0.00
2	6	0.95	11.87	50.18	2.79	0.00
3	3	1.08	10.79	55.52	3.51	0.00
3	7	0.54	10.76	55.47	2.87	0.00
Core	CPU	C1%	C3%	C6%	C8%	C9%
-	-	0.52	7.20	55.52	7.35	0.01
0	0	0.37	6.73	55.64	8.29	0.00
0	4	0.22	7.38	55.62	6.21	0.00
1	1	0.91	6.32	56.73	9.17	0.00
1	5	1.04	8.29	55.17	3.77	0.00
2	2	0.74	7.48	53.90	6.50	0.10
2	6	0.25	6.53	58.05	10.40	0.00
3	3	0.28	7.34	56.16	5.64	0.00
3	7	0.34	7.53	52.86	8.80	0.00
Core	CPU	C1%	C3%	C6%	C8%	C9%
-	-	0.34	6.21	57.67	7.90	0.04
0	0	0.58	6.50	60.94	6.23	0.00
0	4	0.23	5.46	58.29	5.10	0.00
1	1	0.31	5.25	55.23	9.63	0.01
1	5	0.16	6.65	55.04	7.19	0.14
2	2	0.17	5.67	59.65	9.21	0.00
2	6	0.39	7.16	59.61	9.53	0.00
3	3	0.26	5.89	55.67	8.91	0.20
3	7	0.58	7.11	57.13	7.40	0.00
Core	CPU	C1%	C3%	C6%	C8%	C9%
-	-	0.34	8.27	56.17	7.61	0.08
0	0	0.51	9.09	55.59	4.89	0.00
0	4	0.46	6.54	60.11	8.54	0.00
1	1	0.25	7.97	58.71	6.22	0.00
1	5	0.38	11.80	51.28	4.46	0.64
2	2	0.33	8.01	53.62	10.51	0.01
2	6	0.37	7.83	57.92	7.67	0.00
3	3	0.16	8.20	58.24	7.83	0.01
3	7	0.27	6.72	53.72	10.73	0.00
Core	CPU	C1%	C3%	C6%	C8%	C9%
-	-	6.45	9.25	37.55	5.51	0.20
0	0	6.06	9.54	37.78	5.09	0.01
0	4	6.46	9.06	36.37	4.14	0.00
1	1	6.75	8.30	42.65	9.08	0.00
1	5	5.98	8.60	37.03	6.36	1.18
2	2	6.92	9.16	37.98	6.47	0.00
2	6	6.86	10.23	38.78	5.04	0.02
3	3	6.33	9.36	32.79	5.31	0.00
3	7	6.26	9.78	37.02	2.61	0.41
Core	CPU	C1%	C3%	C6%	C8%	C9%
-	-	9.36	7.97	36.03	6.12	0.17
0	0	8.95	8.07	35.24	5.36	0.00
0	4	9.42	7.25	36.17	10.65	0.00
1	1	10.79	7.84	38.50	4.95	0.06
1	5	10.61	8.95	31.89	3.55	1.11
2	2	7.85	7.40	37.02	6.35	0.01
2	6	10.39	9.16	34.43	4.57	0.00
3	3	8.95	7.21	39.01	7.12	0.17
3	7	7.92	7.92	35.97	6.38	0.00
Core	CPU	C1%	C3%	C6%	C8%	C9%
-	-	2.67	8.00	41.81	6.28	0.19
0	0	3.04	7.17	42.69	7.31	0.00
0	4	2.35	7.67	39.34	8.80	0.00
1	1	2.04	8.66	48.87	4.72	0.18
1	5	2.65	8.74	40.80	6.37	0.51
2	2	2.19	7.31	39.75	7.51	0.00
2	6	2.52	9.56	41.85	3.17	0.21
3	3	3.55	6.72	41.10	10.02	0.63
3	7	3.02	8.21	40.04	2.32	0.00
Core	CPU	C1%	C3%	C6%	C8%	C9%
-	-	0.44	7.05	55.74	4.90	0.53
0	0	0.28	7.72	58.44	3.05	0.06
0	4	0.43	5.99	52.50	7.09	0.04
1	1	0.73	7.95	57.36	2.95	0.00
1	5	0.37	7.20	51.36	4.14	3.85
2	2	0.47	6.00	56.07	4.96	0.00
2	6	0.52	7.47	57.80	2.18	0.00
3	3	0.51	7.06	54.72	9.70	0.29
3	7	0.19	6.98	57.64	5.15	0.00
Core	CPU	C1%	C3%	C6%	C8%	C9%
-	-	0.83	9.73	52.61	3.14	0.05
0	0	0.38	9.38	53.93	4.07	0.19
0	4	1.04	11.40	53.78	1.91	0.03
1	1	1.27	10.62	48.64	1.65	0.00
1	5	0.86	9.22	49.34	5.33	0.20
2	2	0.65	9.23	56.17	5.11	0.00
2	6	1.23	10.24	53.42	3.27	0.00
3	3	0.85	9.30	53.00	1.12	0.00
3	7	0.34	8.45	52.64	2.70	0.00
Core	CPU	C1%	C3%	C6%	C8%	C9%
-	-	0.50	10.61	52.31	2.76	0.04
0	0	0.52	10.12	51.50	3.95	0.09
0	4	0.54	9.68	54.67	3.65	0.00
1	1	0.38	9.10	56.52	2.45	0.00
1	5	0.68	11.02	52.90	1.95	0.26
2	2	0.50	11.06	46.48	2.83	0.00
2	6	0.46	10.85	52.18	2.34	0.00
3	3	0.55	12.50	53.40	1.76	0.00
3	7	0.34	10.57	50.80	3.11	0.00
Core	CPU	C1%	C3%	C6%	C8%	C9%
-	-	0.66	9.97	53.67	2.27	0.10
0	0	0.74	9.19	53.28	3.32	0.00
0	4	0.72	9.73	56.81	2.13	0.00
1	1	0.61	9.33	54.22	1.79	0.00
1	5	0.97	11.12	45.93	2.89	0.35
2	2	0.51	9.52	55.11	2.78	0.04
2	6	0.50	10.53	54.93	1.17	0.00
3	3	0.78	10.13	51.59	2.02	0.39
3	7	0.45	10.23	57.50	2.10	0.00
Core	CPU	C1%	C3%	C6%	C8%	C9%
-	-	0.80	13.19	52.08	1.03	0.00
0	0	0.61	13.15	52.35	0.69	0.00
0	4	0.70	12.38	56.30	0.56	0.00
1	1	0.79	14.41	49.33	0.09	0.00
1	5	0.44	13.41	53.49	0.56	0.00
2	2	0.62	12.41	51.28	3.04	0.00
2	6	1.32	14.26	49.03	1.28	0.00
3	3	1.08	13.51	51.68	0.68	0.00
3	7	0.87	12.04	53.21	1.35	0.00
Core	CPU	C1%	C3%	C6%	C8%	C9%
-	-	0.91	12.69	51.18	1.81	0.02
0	0	0.92	12.90	50.19	2.25	0.10
0	4	0.72	12.94	50.84	1.38	0.01
1	1	1.29	13.96	50.57	0.80	0.00
1	5	0.70	11.91	51.43	2.49	0.06
2	2	0.84	13.48	50.14	2.21	0.00
2	6	0.93	11.67	54.96	2.22	0.00
3	3	0.64	12.41	49.99	2.66	0.00
3	7	1.22	12.24	51.33	0.48	0.00
Core	CPU	C1%	C3%	C6%	C8%	C9%
-	-	1.20	15.35	49.10	0.43	0.00
0	0	1.05	15.23	48.06	0.38	0.00
0	4	1.01	13.93	50.80	0.32	0.00
1	1	1.14	16.12	47.99	0.59	0.00
1	5	1.42	15.35	47.15	1.33	0.00
2	2	1.72	15.92	48.21	0.21	0.00
2	6	0.96	14.52	52.09	0.11	0.00
3	3	1.09	15.69	49.99	0.29	0.00
3	7	1.21	16.06	48.51	0.18	0.00
Core	CPU	C1%	C3%	C6%	C8%	C9%
-	-	1.41	16.97	44.32	0.35	0.00
0	0	0.99	17.43	45.31	0.84	0.00
0	4	1.42	16.69	43.18	0.74	0.00
1	1	1.42	16.13	48.15	0.01	0.00
1	5	1.79	18.17	41.42	0.03	0.00
2	2	1.57	15.91	43.85	0.13	0.00
2	6	0.96	17.82	44.09	0.01	0.00
3	3	1.53	16.36	44.34	0.53	0.00
3	7	1.64	17.28	44.23	0.51	0.00
Core	CPU	C1%	C3%	C6%	C8%	C9%
-	-	0.50	11.01	53.06	10.04	0.00
0	0	0.40	10.67	61.18	8.87	0.00
0	4	0.71	10.13	51.37	19.64	0.00
1	1	0.57	13.19	53.03	11.03	0.00
1	5	0.41	9.41	50.20	22.35	0.01
2	2	0.19	6.11	30.07	1.13	0.00
2	6	0.37	16.01	58.19	1.54	0.00
3	3	0.80	10.24	59.95	10.24	0.00
3	7	0.57	12.28	60.29	5.49	0.00
Core	CPU	C1%	C3%	C6%	C8%	C9%
-	-	1.49	10.88	49.43	7.31	0.00
0	0	1.35	10.42	55.81	7.42	0.00
0	4	1.06	11.47	52.14	10.46	0.00
1	1	1.51	10.17	56.29	7.96	0.00
1	5	1.69	9.40	49.42	13.58	0.00
2	2	1.34	5.71	29.84	2.30	0.00
2	6	1.68	17.79	41.36	2.99	0.00
3	3	1.73	12.71	54.28	6.26	0.00
3	7	1.53	9.44	56.46	7.55	0.00
Core	CPU	C1%	C3%	C6%	C8%	C9%
-	-	0.49	9.61	52.75	4.56	0.01
0	0	0.41	8.19	57.71	5.92	0.00
0	4	0.62	12.06	49.09	3.05	0.00
1	1	0.77	10.59	52.41	5.24	0.00
1	5	0.30	9.76	55.48	3.53	0.00
2	2	0.29	10.39	55.24	2.90	0.10
2	6	0.55	7.40	51.40	5.11	0.00
3	3	0.51	10.18	51.61	3.16	0.00
3	7	0.46	8.34	49.12	7.59	0.00
Core	CPU	C1%	C3%	C6%	C8%	C9%
-	-	0.84	10.56	53.26	2.62	0.00
0	0	0.99	12.12	49.83	2.67	0.00
0	4	0.68	8.30	52.39	3.53	0.00
1	1	0.65	11.83	55.96	2.63	0.00
1	5	0.61	10.60	54.44	2.12	0.00
2	2	1.05	11.70	52.54	1.17	0.00
2	6	1.00	9.75	54.09	2.14	0.00
3	3	1.08	9.42	54.72	2.61	0.00
3	7	0.64	10.72	52.07	4.12	0.00
Core	CPU	C1%	C3%	C6%	C8%	C9%
-	-	0.91	10.90	52.83	2.98	0.00
0	0	1.09	11.25	51.17	4.15	0.00
0	4	0.95	10.83	54.89	2.54	0.00
1	1	0.89	10.24	51.62	4.37	0.00
1	5	0.68	11.48	50.57	3.86	0.00
2	2	0.91	11.75	51.59	1.89	0.00
2	6	1.25	10.98	53.56	2.77	0.00
3	3	0.71	9.58	57.07	2.71	0.00
3	7	0.81	11.05	52.14	1.53	0.00
Core	CPU	C1%	C3%	C6%	C8%	C9%
-	-	6.52	13.50	41.97	0.75	0.00
0	0	6.49	13.13	42.97	0.63	0.00
0	4	7.32	14.33	41.75	0.34	0.00
1	1	5.48	14.09	43.23	2.01	0.00
1	5	8.65	13.78	40.90	0.60	0.00
2	2	6.72	13.51	40.04	0.74	0.00
2	6	6.04	13.15	43.32	0.47	0.00
3	3	5.25	11.90	47.15	0.94	0.00
3	7	6.21	14.06	36.28	0.30	0.00
Core	CPU	C1%	C3%	C6%	C8%	C9%
-	-	3.05	13.64	45.79	1.97	0.00
0	0	2.37	13.29	47.99	1.21	0.00
0	4	3.31	12.83	42.13	2.51	0.00
1	1	3.02	14.06	48.90	1.26	0.00
1	5	3.33	13.81	45.51	1.60	0.00
2	2	2.71	13.39	47.32	2.57	0.00
2	6	2.67	14.88	46.24	1.81	0.00
3	3	3.46	13.20	44.08	3.20	0.00
3	7	3.57	13.67	44.25	1.63	0.00
Core	CPU	C1%	C3%	C6%	C8%	C9%
-	-	1.07	12.92	49.12	1.89	0.00
0	0	1.20	13.35	46.71	1.69	0.00
0	4	1.35	12.90	50.91	1.52	0.00
1	1	0.68	11.73	53.36	2.55	0.00
1	5	0.95	13.98	45.00	2.40	0.00
2	2	1.02	13.44	49.01	3.01	0.00
2	6	1.36	13.65	46.13	1.40	0.00
3	3	0.94	12.15	51.63	1.31	0.00
3	7	1.04	12.15	50.20	1.23	0.00
Core	CPU	C1%	C3%	C6%	C8%	C9%
-	-	0.87	15.28	48.85	1.10	0.00
0	0	0.85	14.52	49.04	1.47	0.00
0	4	0.99	14.93	49.63	1.77	0.00
1	1	1.13	15.23	48.78	1.67	0.00
1	5	0.87	14.88	51.68	0.90	0.00
2	2	0.75	16.30	49.64	0.03	0.00
2	6	0.84	16.07	47.47	0.51	0.00
3	3	0.60	14.72	47.34	0.78	0.00
3	7	0.92	15.59	47.19	1.64	0.00
Core	CPU	C1%	C3%	C6%	C8%	C9%
-	-	0.66	10.25	55.69	4.78	0.03
0	0	0.33	9.09	57.53	7.88	0.00
0	4	1.09	10.66	54.90	4.62	0.00
1	1	0.71	9.66	55.92	5.24	0.00
1	5	0.76	10.98	55.52	3.54	0.21
2	2	0.73	9.92	56.31	3.89	0.00
2	6	0.41	10.90	55.79	3.37	0.00
3	3	0.82	9.14	57.54	5.27	0.00
3	7	0.42	11.70	52.12	4.47	0.00
Core	CPU	C1%	C3%	C6%	C8%	C9%
-	-	0.95	11.15	52.52	2.57	0.00
0	0	0.75	10.69	53.49	2.95	0.00
0	4	1.21	11.38	51.60	1.19	0.00
1	1	0.88	11.53	52.17	3.55	0.00
1	5	1.00	12.26	54.80	2.19	0.00
2	2	0.96	10.52	48.84	2.13	0.00
2	6	1.18	9.65	54.89	3.14	0.00
3	3	0.68	12.27	52.04	1.07	0.00
3	7	0.91	10.89	52.17	4.34	0.00
Core	CPU	C1%	C3%	C6%	C8%	C9%
-	-	1.08	12.48	52.40	2.46	0.00
0	0	1.13	12.80	51.36	2.04	0.00
0	4	1.04	12.41	54.39	2.72	0.00
1	1	1.12	13.36	48.02	2.62	0.00
1	5	0.73	12.05	53.30	2.37	0.00
2	2	0.91	12.00	54.95	1.72	0.01
2	6	0.85	12.82	52.72	2.62	0.00
3	3	1.73	12.23	50.59	3.61	0.00
3	7	1.16	12.20	53.87	2.01	0.00
Core	CPU	C1%	C3%	C6%	C8%	C9%
-	-	1.02	13.69	49.63	1.14	0.00
0	0	1.05	13.82	51.93	0.73	0.00
0	4	0.82	13.90	51.50	0.90	0.00
1	1	0.76	12.75	52.59	1.99	0.00
1	5	1.44	14.93	45.29	1.00	0.00
2	2	1.32	13.31	50.03	1.45	0.00
2	6	0.56	13.63	47.62	1.13	0.00
3	3	0.92	12.61	52.04	1.42	0.00
3	7	1.29	14.61	46.08	0.53	0.00
Core	CPU	C1%	C3%	C6%	C8%	C9%
-	-	0.86	15.94	47.90	0.56	0.00
0	0	0.95	15.94	50.02	0.13	0.00
0	4	0.76	15.82	48.36	0.93	0.00
1	1	0.72	15.48	50.58	0.75	0.00
1	5	0.86	16.78	44.78	0.14	0.00
2	2	0.73	15.92	47.10	0.90	0.00
2	6	1.29	15.50	45.91	0.79	0.00
3	3	0.91	16.16	49.09	0.29	0.00
3	7	0.70	15.91	47.35	0.59	0.00
Core	CPU	C1%	C3%	C6%	C8%	C9%
-	-	0.89	11.65	51.90	2.89	0.00
0	0	1.19	12.48	48.91	3.10	0.00
0	4	0.71	10.90	54.05	3.53	0.00
1	1	0.82	10.76	51.58	3.90	0.00
1	5	1.20	12.47	49.59	1.56	0.00
2	2	0.93	11.41	54.00	2.11	0.00
2	6	0.79	13.09	50.95	1.81	0.00
3	3	0.63	11.66	51.01	3.61	0.00
3	7	0.86	10.46	55.08	3.49	0.00
Core	CPU	C1%	C3%	C6%	C8%	C9%
-	-	0.70	11.07	54.03	2.74	0.02
0	0	0.83	12.94	51.19	1.32	0.00
0	4	0.65	9.15	56.71	3.83	0.00
1	1	0.45	9.93	56.33	3.30	0.00
1	5	0.86	11.19	53.48	1.17	0.00
2	2	0.70	11.66	54.58	0.71	0.00
2	6	0.58	11.68	54.24	3.07	0.00
3	3	0.80	12.62	50.86	2.94	0.00
3	7	0.72	9.43	54.97	5.58	0.17
Core	CPU	C1%	C3%	C6%	C8%	C9%
-	-	0.42	9.45	51.77	5.75	0.08
0	0	0.54	8.91	55.44	4.11	0.07
0	4	0.51	9.16	51.85	5.79	0.00
1	1	0.22	8.29	58.42	7.28	0.00
1	5	0.69	12.62	45.23	5.60	0.58
2	2	0.21	7.17	49.25	6.87	0.00
2	6	0.31	10.39	52.92	3.49	0.00
3	3	0.20	6.50	49.25	9.85	0.00
3	7	0.65	12.56	51.75	2.99	0.00
Core	CPU	C1%	C3%	C6%	C8%	C9%
-	-	1.16	15.21	46.21	1.21	0.00
0	0	1.43	16.78	44.58	0.29	0.00
0	4	0.71	14.97	46.58	2.49	0.00
1	1	1.06	14.78	41.52	0.88	0.00
1	5	1.46	14.19	46.38	1.49	0.00
2	2	0.87	14.36	49.12	3.21	0.00
2	6	0.98	15.70	47.14	0.19	0.00
3	3	1.76	16.29	45.63	0.71	0.00
3	7	1.00	14.65	48.79	0.42	0.00
Core	CPU	C1%	C3%	C6%	C8%	C9%
-	-	0.94	14.56	49.14	0.55	0.00
0	0	1.14	14.59	46.27	0.33	0.00
0	4	0.73	13.40	50.31	1.59	0.00
1	1	1.02	15.65	44.78	0.63	0.00
1	5	0.57	14.24	52.47	0.05	0.00
2	2	0.76	12.98	53.08	0.58	0.00
2	6	1.26	15.33	46.99	0.30	0.00
3	3	0.70	13.91	52.86	0.79	0.00
3	7	1.32	16.37	46.22	0.12	0.00
Core	CPU	C1%	C3%	C6%	C8%	C9%
-	-	1.03	16.44	46.37	0.33	0.00
0	0	1.11	15.49	46.94	0.47	0.00
0	4	0.70	17.01	45.25	0.22	0.00
1	1	1.53	17.63	40.53	0.13	0.00
1	5	1.21	14.74	50.45	0.16	0.00
2	2	1.00	16.92	45.00	0.18	0.00
2	6	0.94	16.20	48.28	0.18	0.00
3	3	1.01	18.07	43.11	0.11	0.00
3	7	0.76	15.48	51.45	1.20	0.00
Core	CPU	C1%	C3%	C6%	C8%	C9%
-	-	1.16	15.70	47.52	0.83	0.00
0	0	1.21	16.37	45.30	0.58	0.00
0	4	0.91	14.49	53.02	0.91	0.00
1	1	1.26	14.59	48.81	0.74	0.00
1	5	1.03	15.55	47.92	0.91	0.00
2	2	1.51	16.78	43.94	0.05	0.00
2	6	0.82	13.94	50.36	2.65	0.00
3	3	1.62	17.76	42.10	0.30	0.00
3	7	0.93	16.14	48.66	0.51	0.00
Core	CPU	C1%	C3%	C6%	C8%	C9%
-	-	1.20	14.93	47.62	1.09	0.00
0	0	0.96	13.54	50.21	0.95	0.00
0	4	1.33	15.22	46.50	1.26	0.00
1	1	1.01	13.04	54.13	2.49	0.00
1	5	1.81	16.00	42.14	0.48	0.00
2	2	1.05	14.04	49.88	1.19	0.00
2	6	0.74	16.17	47.33	1.28	0.00
3	3	1.73	16.15	43.60	0.56	0.00
3	7	1.01	15.26	47.21	0.48	0.00
Core	CPU	C1%	C3%	C6%	C8%	C9%
-	-	1.03	15.74	47.00	0.63	0.00
0	0	1.02	15.93	45.41	0.50	0.00
0	4	1.07	15.49	45.00	0.70	0.00
1	1	0.68	14.46	50.71	0.42	0.00
1	5	1.32	16.85	44.45	0.37	0.00
2	2	0.69	15.08	50.86	1.04	0.00
2	6	1.28	15.62	48.04	0.59	0.00
3	3	1.46	16.08	43.28	0.81	0.00
3	7	0.71	16.44	48.22	0.63	0.00
Core	CPU	C1%	C3%	C6%	C8%	C9%
-	-	0.95	15.30	48.65	0.69	0.00
0	0	1.04	15.21	46.90	1.14	0.00
0	4	0.73	14.59	51.05	1.19	0.00
1	1	0.91	15.53	46.68	0.98	0.00
1	5	0.78	15.94	47.53	0.56	0.00
2	2	1.31	15.41	48.92	0.44	0.00
2	6	1.15	15.00	51.48	0.37	0.00
3	3	0.54	15.50	48.37	0.44	0.00
3	7	1.16	15.24	48.30	0.37	0.00
Core	CPU	C1%	C3%	C6%	C8%	C9%
-	-	0.94	12.97	51.47	1.62	0.00
0	0	1.19	14.30	47.90	1.06	0.00
0	4	0.81	12.08	53.37	2.42	0.00
1	1	1.10	13.46	51.44	0.34	0.00
1	5	1.15	14.08	52.33	0.97	0.00
2	2	0.71	12.98	51.65	0.94	0.00
2	6	0.49	12.55	50.96	1.94	0.00
3	3	0.77	12.69	51.93	1.87	0.00
3	7	1.31	11.61	52.27	3.38	0.00
Core	CPU	C1%	C3%	C6%	C8%	C9%
-	-	3.27	15.35	34.64	3.77	0.00
0	0	3.92	17.92	41.79	1.69	0.00
0	4	3.77	15.61	40.07	3.99	0.00
1	1	3.30	17.07	19.43	0.54	0.00
1	5	0.92	4.40	13.95	7.12	0.00
2	2	4.00	17.74	41.11	2.67	0.00
2	6	3.00	14.27	38.55	7.67	0.00
3	3	4.42	17.28	40.74	4.09	0.00
3	7	2.78	18.49	41.38	2.38	0.00
Core	CPU	C1%	C3%	C6%	C8%	C9%
-	-	2.25	10.05	50.79	3.76	0.00
0	0	2.00	9.87	50.60	4.19	0.00
0	4	2.32	10.15	48.59	2.23	0.00
1	1	2.63	9.92	50.43	4.92	0.00
1	5	1.98	11.64	48.49	2.25	0.00
2	2	2.17	10.03	49.77	5.27	0.00
2	6	2.35	9.35	52.92	4.46	0.00
3	3	2.16	10.84	49.55	2.98	0.00
3	7	2.36	8.60	56.06	3.78	0.00
Core	CPU	C1%	C3%	C6%	C8%	C9%
-	-	1.04	12.90	50.46	2.29	0.00
0	0	1.23	14.04	49.47	2.26	0.00
0	4	0.60	11.81	55.79	2.00	0.00
1	1	1.53	12.49	49.78	2.28	0.00
1	5	0.88	12.82	51.41	2.66	0.03
2	2	0.98	14.58	47.24	1.53	0.00
2	6	1.00	12.09	51.01	4.88	0.00
3	3	0.99	12.36	50.83	2.28	0.00
3	7	1.09	13.02	48.19	0.44	0.00
Core	CPU	C1%	C3%	C6%	C8%	C9%
-	-	0.83	14.26	49.69	2.10	0.07
0	0	0.93	15.23	50.54	0.63	0.00
0	4	0.64	12.98	49.64	4.62	0.00
1	1	0.97	14.12	50.03	2.31	0.00
1	5	1.23	14.36	48.91	2.61	0.00
2	2	0.86	15.65	49.32	1.36	0.00
2	6	0.69	14.46	52.22	1.92	0.00
3	3	0.54	13.11	49.65	1.41	0.49
3	7	0.77	14.19	47.20	1.95	0.04
Core	CPU	C1%	C3%	C6%	C8%	C9%
-	-	0.48	10.10	53.49	4.89	0.02
0	0	0.27	8.67	54.74	8.18	0.05
0	4	0.33	10.83	54.15	2.82	0.02
1	1	0.46	7.77	57.09	7.80	0.05
1	5	1.05	14.22	42.33	1.57	0.03
2	2	0.46	9.26	56.29	6.38	0.00
2	6	0.45	9.68	52.61	4.51	0.00
3	3	0.37	10.42	54.99	4.08	0.00
3	7	0.48	9.97	55.71	3.76	0.00
Core	CPU	C1%	C3%	C6%	C8%	C9%
-	-	0.88	12.89	51.31	2.52	0.00
0	0	0.48	12.56	53.60	2.38	0.00
0	4	1.10	13.19	49.19	3.17	0.00
1	1	0.82	12.97	53.02	2.58	0.00
1	5	1.35	14.12	47.94	1.49	0.00
2	2	0.76	10.95	54.36	4.64	0.00
2	6	1.03	12.94	47.62	3.18	0.00
3	3	0.41	12.73	52.46	1.77	0.00
3	7	1.08	13.65	52.33	0.97	0.00
Core	CPU	C1%	C3%	C6%	C8%	C9%
-	-	1.13	14.50	48.11	0.85	0.00
0	0	0.73	14.28	52.58	0.83	0.00
0	4	2.16	15.55	43.30	0.34	0.00
1	1	1.34	14.28	49.19	1.43	0.01
1	5	0.75	14.47	47.34	0.87	0.00
2	2	1.12	13.02	50.11	1.53	0.00
2	6	1.13	14.91	48.36	0.34	0.00
3	3	0.90	15.42	46.00	0.85	0.00
3	7	0.90	14.09	48.06	0.59	0.00
Core	CPU	C1%	C3%	C6%	C8%	C9%
-	-	1.16	17.12	44.87	0.14	0.00
0	0	0.82	17.21	45.90	0.09	0.00
0	4	1.44	17.83	43.55	0.05	0.00
1	1	2.15	16.62	43.05	0.00	0.00
1	5	0.93	16.63	43.77	0.02	0.00
2	2	1.40	17.35	43.75	0.65	0.00
2	6	0.94	17.84	44.60	0.10	0.00
3	3	0.73	16.80	48.04	0.07	0.00
3	7	0.87	16.66	46.22	0.17	0.00
Core	CPU	C1%	C3%	C6%	C8%	C9%
-	-	1.02	16.94	45.79	0.22	0.00
0	0	1.17	15.28	50.90	0.10	0.00
0	4	0.94	16.87	43.94	0.14	0.00
1	1	0.97	16.59	47.13	0.06	0.00
1	5	0.78	16.77	45.24	0.71	0.00
2	2	1.36	17.78	44.82	0.02	0.00
2	6	0.80	17.83	44.25	0.22	0.00
3	3	0.83	18.39	40.68	0.02	0.00
3	7	1.30	15.98	49.36	0.49	0.00
Core	CPU	C1%	C3%	C6%	C8%	C9%
-	-	0.95	15.01	48.73	1.40	0.00
0	0	0.75	14.94	50.17	1.67	0.00
0	4	1.69	14.61	46.99	2.61	0.00
1	1	0.97	14.71	49.04	0.77	0.00
1	5	0.73	16.08	48.36	0.80	0.00
2	2	0.97	15.10	46.06	1.07	0.00
2	6	0.87	15.83	49.40	1.37	0.00
3	3	0.71	14.67	51.95	0.96	0.00
3	7	0.92	14.18	47.91	1.96	0.00
Core	CPU	C1%	C3%	C6%	C8%	C9%
-	-	1.15	14.66	48.36	0.77	0.00
0	0	1.01	13.33	48.85	2.13	0.00
0	4	1.14	13.37	50.03	1.26	0.00
1	1	1.21	14.90	47.42	0.53	0.00
1	5	1.57	16.45	46.19	0.07	0.00
2	2	1.54	15.88	46.65	0.56	0.00
2	6	0.65	13.45	49.97	0.39	0.00
3	3	0.97	14.56	49.76	1.07	0.00
3	7	1.12	15.33	47.99	0.15	0.00
Core	CPU	C1%	C3%	C6%	C8%	C9%
-	-	1.02	16.28	47.75	0.86	0.00
0	0	0.98	15.19	49.00	1.32	0.00
0	4	1.07	17.05	46.93	0.65	0.00
1	1	1.40	16.95	46.75	1.04	0.00
1	5	0.86	16.80	48.29	1.22	0.00
2	2	0.96	16.30	45.78	1.76	0.00
2	6	1.02	15.14	51.02	0.46	0.00
3	3	0.80	15.67	50.06	0.46	0.00
3	7	1.04	17.12	44.23	0.00	0.00
Core	CPU	C1%	C3%	C6%	C8%	C9%
-	-	1.08	12.86	51.52	1.64	0.00
0	0	1.20	12.30	51.99	2.69	0.00
0	4	0.85	12.32	52.15	0.89	0.00
1	1	0.89	13.62	51.78	0.38	0.00
1	5	1.14	14.19	48.13	1.30	0.00
2	2	1.55	13.26	51.17	0.90	0.00
2	6	1.17	12.60	51.51	2.79	0.00
3	3	0.90	11.84	54.04	2.24	0.00
3	7	0.93	12.71	51.32	1.91	0.00
Core	CPU	C1%	C3%	C6%	C8%	C9%
-	-	0.78	10.02	51.54	4.35	0.08
0	0	0.65	8.81	49.35	7.81	0.04
0	4	0.88	9.90	52.65	3.26	0.00
1	1	0.50	9.52	49.44	5.86	0.11
1	5	0.82	11.23	47.81	3.93	0.00
2	2	0.95	10.58	54.95	2.11	0.00
2	6	0.90	10.43	52.30	3.61	0.40
3	3	1.12	10.80	51.73	4.48	0.00
3	7	0.41	8.89	54.04	3.74	0.08
Core	CPU	C1%	C3%	C6%	C8%	C9%
-	-	0.43	9.83	52.85	5.55	0.02
0	0	0.31	10.04	56.18	4.09	0.00
0	4	0.25	8.43	55.79	6.00	0.00
1	1	0.71	9.94	55.41	3.26	0.00
1	5	0.58	13.38	44.84	4.84	0.18
2	2	0.25	8.36	53.07	7.81	0.00
2	6	0.43	9.96	54.06	3.83	0.00
3	3	0.58	9.80	49.88	8.12	0.00
3	7	0.34	8.76	53.57	6.43	0.00
Core	CPU	C1%	C3%	C6%	C8%	C9%
-	-	0.66	10.68	52.04	3.87	0.01
0	0	0.62	10.70	50.36	1.61	0.00
0	4	0.64	9.10	56.46	4.41	0.00
1	1	0.89	10.37	50.10	6.26	0.00
1	5	0.80	13.34	47.04	3.23	0.08
2	2	0.66	10.10	55.91	3.30	0.00
2	6	0.66	10.84	50.57	4.22	0.00
3	3	0.71	12.05	53.31	2.45	0.00
3	7	0.34	8.94	52.56	5.46	0.02
Core	CPU	C1%	C3%	C6%	C8%	C9%
-	-	0.43	7.40	57.21	8.17	0.00
0	0	0.25	6.85	57.32	7.34	0.00
0	4	0.27	7.74	59.55	6.86	0.00
1	1	0.57	5.50	58.46	10.51	0.01
1	5	0.74	10.22	53.01	8.21	0.00
2	2	0.63	7.06	61.57	8.35	0.00
2	6	0.49	6.12	54.34	10.63	0.00
3	3	0.19	8.32	59.21	5.86	0.00
3	7	0.29	7.39	54.22	7.56	0.00
Core	CPU	C1%	C3%	C6%	C8%	C9%
-	-	0.36	7.66	55.49	8.96	0.03
0	0	0.23	6.41	58.16	9.18	0.00
0	4	0.91	7.49	58.81	6.33	0.00
1	1	0.17	6.19	55.38	12.36	0.00
1	5	0.64	13.21	48.15	3.47	0.21
2	2	0.15	5.83	53.22	13.57	0.01
2	6	0.55	7.18	57.90	6.89	0.00
3	3	0.09	7.61	56.34	9.75	0.00
3	7	0.17	7.34	55.97	10.12	0.00
Core	CPU	C1%	C3%	C6%	C8%	C9%
-	-	0.36	7.45	52.45	10.87	0.05
0	0	0.63	8.14	55.23	7.92	0.00
0	4	0.40	5.61	55.32	10.95	0.02
1	1	0.48	6.38	53.03	10.65	0.00
1	5	0.30	11.60	46.61	6.55	0.38
2	2	0.23	5.79	52.66	14.72	0.00
2	6	0.34	7.84	52.71	11.71	0.00
3	3	0.29	6.16	49.52	14.87	0.00
3	7	0.22	8.03	54.47	9.59	0.00
Core	CPU	C1%	C3%	C6%	C8%	C9%
-	-	0.99	13.67	49.81	1.22	0.01
0	0	0.75	12.62	52.07	0.98	0.00
0	4	1.37	15.42	46.68	0.74	0.00
1	1	1.35	13.67	47.90	0.58	0.00
1	5	0.75	13.66	50.77	1.45	0.08
2	2	1.11	13.64	49.94	2.00	0.01
2	6	0.82	14.73	51.31	1.42	0.00
3	3	0.82	12.48	49.04	2.37	0.00
3	7	0.95	13.15	50.81	0.25	0.00
Core	CPU	C1%	C3%	C6%	C8%	C9%
-	-	1.09	15.86	48.19	0.83	0.00
0	0	0.87	15.94	49.15	0.74	0.00
0	4	1.10	15.76	48.47	0.53	0.00
1	1	0.59	15.57	50.06	2.01	0.00
1	5	1.15	15.45	47.06	1.16	0.00
2	2	0.78	16.38	48.51	0.83	0.00
2	6	1.39	16.49	49.07	0.47	0.00
3	3	1.09	16.16	47.87	0.09	0.00
3	7	1.74	15.15	45.33	0.83	0.00
Core	CPU	C1%	C3%	C6%	C8%	C9%
-	-	0.97	15.75	47.42	0.65	0.00
0	0	0.88	15.57	47.40	0.14	0.00
0	4	1.13	15.52	45.07	0.11	0.00
1	1	1.00	16.34	45.42	1.05	0.00
1	5	1.02	16.82	44.20	0.44	0.00
2	2	0.89	15.18	49.48	0.73	0.00
2	6	1.22	14.09	50.91	0.92	0.00
3	3	0.68	17.09	46.37	0.23	0.00
3	7	0.98	15.44	50.58	1.58	0.00
Core	CPU	C1%	C3%	C6%	C8%	C9%
-	-	0.93	14.43	50.13	0.98	0.00
0	0	0.58	14.26	50.32	1.10	0.00
0	4	0.77	12.38	55.05	0.92	0.00
1	1	1.59	15.32	49.25	1.42	0.00
1	5	0.97	16.10	44.30	0.03	0.00
2	2	0.54	14.50	52.11	1.09	0.00
2	6	0.78	13.61	51.72	0.67	0.00
3	3	1.04	14.40	48.71	1.50	0.00
3	7	1.21	14.89	49.53	1.09	0.00
Core	CPU	C1%	C3%	C6%	C8%	C9%
-	-	0.84	13.60	51.35	1.55	0.00
0	0	0.68	13.82	52.53	0.76	0.00
0	4	0.90	13.43	51.55	2.56	0.00
1	1	0.55	12.33	54.30	1.61	0.00
1	5	0.84	13.27	48.21	1.48	0.00
2	2	0.60	13.80	53.69	1.08	0.00
2	6	1.04	15.07	46.69	1.97	0.00
3	3	0.58	13.61	52.92	1.45	0.00
3	7	1.52	13.56	51.21	1.50	0.00
Core	CPU	C1%	C3%	C6%	C8%	C9%
-	-	0.40	7.50	53.68	9.41	0.02
0	0	0.32	7.06	54.94	13.12	0.00
0	4	0.59	8.50	53.74	9.23	0.00
1	1	0.31	6.49	51.91	10.64	0.00
1	5	0.60	10.76	51.52	4.01	0.20
2	2	0.37	6.95	56.92	9.91	0.00
2	6	0.13	6.92	52.40	8.97	0.00
3	3	0.35	6.28	56.11	9.91	0.00
3	7	0.53	7.11	52.62	9.63	0.00
Core	CPU	C1%	C3%	C6%	C8%	C9%
-	-	1.69	8.63	50.66	6.48	0.10
0	0	1.85	9.63	52.44	5.33	0.00
0	4	1.38	7.77	57.62	5.34	0.00
1	1	1.36	8.22	53.76	6.71	0.00
1	5	1.55	10.97	46.78	5.96	0.20
2	2	1.57	8.09	48.49	7.26	0.58
2	6	1.80	8.16	50.93	5.39	0.00
3	3	1.38	7.49	46.03	8.46	0.00
3	7	2.56	8.52	48.21	7.29	0.00
Core	CPU	C1%	C3%	C6%	C8%	C9%
-	-	5.06	4.69	28.32	30.21	0.05
0	0	5.11	3.68	30.86	35.54	0.00
0	4	6.20	4.68	26.91	27.10	0.00
1	1	5.16	4.92	36.48	31.44	0.00
1	5	4.73	3.32	10.17	0.94	0.00
2	2	5.68	4.88	24.92	35.25	0.00
2	6	5.77	5.24	35.63	33.05	0.00
3	3	3.42	5.78	34.57	33.09	0.37
3	7	4.36	4.97	26.88	45.16	0.02
Core	CPU	C1%	C3%	C6%	C8%	C9%
-	-	5.42	6.58	37.47	13.57	0.07
0	0	5.59	7.44	32.54	23.75	0.00
0	4	5.13	6.41	40.36	16.41	0.10
1	1	5.01	4.79	29.68	4.37	0.00
1	5	5.83	6.96	26.66	3.62	0.10
2	2	4.94	7.09	43.84	11.16	0.00
2	6	5.36	6.57	39.77	17.81	0.30
3	3	6.05	6.92	43.65	13.30	0.04
3	7	5.51	6.55	43.56	18.29	0.00
Core	CPU	C1%	C3%	C6%	C8%	C9%
-	-	3.59	11.84	44.66	3.39	0.04
0	0	3.21	11.32	47.50	3.20	0.01
0	4	4.36	10.99	44.13	4.56	0.00
1	1	3.13	13.38	44.67	1.27	0.00
1	5	3.49	12.31	45.43	3.00	0.29
2	2	4.05	12.28	38.15	4.24	0.00
2	6	3.51	11.20	44.49	3.51	0.00
3	3	3.76	12.04	44.76	4.25	0.00
3	7	3.16	11.17	47.89	3.08	0.00
Core	CPU	C1%	C3%	C6%	C8%	C9%
-	-	0.88	10.05	51.36	3.70	0.06
0	0	1.35	9.86	52.53	2.34	0.02
0	4	0.53	9.36	51.41	6.19	0.00
1	1	0.92	9.85	53.75	3.47	0.00
1	5	0.75	11.35	50.22	2.24	0.11
2	2	0.96	11.17	49.61	4.95	0.00
2	6	0.65	9.32	52.50	4.16	0.00
3	3	0.88	10.28	53.49	2.65	0.00
3	7	1.03	9.23	47.38	3.61	0.32
Core	CPU	C1%	C3%	C6%	C8%	C9%
-	-	0.81	12.71	51.83	1.99	0.00
0	0	0.50	13.51	53.36	1.37	0.00
0	4	0.81	12.40	51.44	2.72	0.00
1	1	0.67	11.98	52.49	3.01	0.00
1	5	0.90	14.11	48.19	1.37	0.00
2	2	0.94	12.54	51.32	2.67	0.00
2	6	0.60	11.61	54.04	0.97	0.00
3	3	0.80	12.37	53.42	1.80	0.00
3	7	1.25	13.21	50.43	2.02	0.00
Core	CPU	C1%	C3%	C6%	C8%	C9%
-	-	1.15	15.41	47.91	0.65	0.00
0	0	0.87	14.88	48.85	1.45	0.00
0	4	0.67	15.86	49.11	1.13	0.00
1	1	0.85	15.09	49.54	0.57	0.00
1	5	0.95	16.55	45.68	0.67	0.00
2	2	1.26	14.92	48.92	0.61	0.00
2	6	1.50	14.70	48.43	0.33	0.00
3	3	1.83	14.45	48.89	0.38	0.00
3	7	1.29	16.82	43.77	0.06	0.00
