Core	CPU	C1%	C3%	C6%	C8%	C9%
-	-	0.09	0.02	5.73	9.01	0.00
0	0	0.00	0.00	34.91	62.95	0.00
0	4	0.00	0.02	2.65	2.12	0.00
1	1	0.00	0.02	1.06	2.85	0.00
1	5	0.43	0.04	2.62	0.92	0.00
2	2	0.12	0.00	0.40	0.10	0.00
2	6	0.20	0.00	2.38	0.87	0.00
3	3	0.01	0.01	0.70	1.46	0.00
3	7	0.00	0.06	1.09	0.79	0.00
Core	CPU	C1%	C3%	C6%	C8%	C9%
-	-	0.00	0.01	4.95	8.41	0.00
0	0	0.00	0.02	35.58	62.25	0.00
0	4	0.00	0.00	0.00	0.50	0.00
1	1	0.00	0.00	0.88	0.29	0.00
1	5	0.00	0.00	0.33	0.89	0.00
2	2	0.00	0.00	0.45	0.79	0.00
2	6	0.00	0.00	0.16	1.08	0.00
3	3	0.00	0.06	1.75	0.68	0.00
3	7	0.00	0.00	0.48	0.79	0.00
Core	CPU	C1%	C3%	C6%	C8%	C9%
-	-	0.02	0.01	4.56	8.97	0.11
0	0	0.00	0.01	33.48	64.38	0.00
0	4	0.00	0.02	0.10	0.40	0.00
1	1	0.00	0.00	0.54	1.10	0.00
1	5	0.18	0.00	0.18	0.99	0.00
2	2	0.00	0.00	0.54	1.00	0.00
2	6	0.00	0.01	0.19	1.90	0.91
3	3	0.00	0.04	0.91	0.66	0.00
3	7	0.00	0.00	0.52	1.30	0.00
Core	CPU	C1%	C3%	C6%	C8%	C9%
-	-	0.00	0.01	4.59	8.61	0.00
0	0	0.00	0.00	34.21	63.63	0.00
0	4	0.00	0.00	0.13	0.40	0.00
1	1	0.00	0.00	0.09	0.60	0.00
1	5	0.00	0.00	0.28	0.99	0.00
2	2	0.00	0.00	0.37	0.89	0.00
2	6	0.00	0.02	0.35	0.79	0.00
3	3	0.00	0.05	1.19	0.48	0.00
3	7	0.00	0.00	0.10	1.10	0.00
Core	CPU	C1%	C3%	C6%	C8%	C9%
-	-	0.00	0.00	4.77	8.60	0.00
0	0	0.00	0.00	34.82	63.07	0.00
0	4	0.00	0.00	0.14	0.40	0.00
1	1	0.00	0.02	0.73	0.50	0.00
1	5	0.00	0.00	0.10	0.99	0.00
2	2	0.00	0.00	0.88	0.79	0.00
2	6	0.00	0.00	0.36	0.89	0.00
3	3	0.00	0.01	1.05	0.96	0.00
3	7	0.00	0.00	0.10	1.19	0.00
Core	CPU	C1%	C3%	C6%	C8%	C9%
-	-	0.00	0.07	4.75	8.54	0.00
0	0	0.00	0.00	35.20	62.67	0.00
0	4	0.00	0.00	0.05	0.50	0.00
1	1	0.00	0.02	0.18	0.60	0.00
1	5	0.00	0.00	0.00	0.59	0.00
2	2	0.00	0.00	0.37	0.99	0.00
2	6	0.00	0.00	0.46	1.08	0.00
3	3	0.00	0.49	1.50	0.97	0.00
3	7	0.00	0.01	0.22	0.90	0.00
Core	CPU	C1%	C3%	C6%	C8%	C9%
-	-	0.00	0.01	4.47	8.67	0.00
0	0	0.00	0.01	33.22	64.71	0.00
0	4	0.00	0.00	0.46	0.40	0.00
1	1	0.00	0.01	0.14	0.40	0.00
1	5	0.00	0.00	0.23	0.40	0.00
2	2	0.00	0.00	0.00	0.50	0.00
2	6	0.00	0.00	0.20	0.99	0.00
3	3	0.00	0.01	0.49	1.07	0.00
3	7	0.00	0.00	1.02	0.90	0.00
Core	CPU	C1%	C3%	C6%	C8%	C9%
-	-	0.00	0.00	4.81	8.71	0.10
0	0	0.00	0.00	34.36	63.49	0.00
0	4	0.00	0.00	0.47	0.40	0.00
1	1	0.00	0.00	1.08	0.81	0.00
1	5	0.00	0.00	0.28	1.09	0.81
2	2	0.00	0.00	0.41	1.30	0.00
2	6	0.00	0.03	0.29	1.01	0.00
3	3	0.00	0.01	0.99	0.20	0.00
3	7	0.00	0.00	0.61	1.39	0.00
Core	CPU	C1%	C3%	C6%	C8%	C9%
-	-	0.00	0.01	4.63	8.79	0.00
0	0	0.00	0.02	33.64	64.24	0.00
0	4	0.00	0.00	0.20	0.30	0.00
1	1	0.00	0.00	1.13	0.99	0.00
1	5	0.00	0.00	0.36	0.80	0.00
2	2	0.00	0.00	0.24	1.08	0.00
2	6	0.00	0.03	0.10	1.00	0.00
3	3	0.00	0.02	1.11	0.96	0.00
3	7	0.00	0.00	0.28	0.98	0.00
Core	CPU	C1%	C3%	C6%	C8%	C9%
-	-	0.00	0.00	4.70	8.62	0.00
0	0	0.00	0.00	34.79	63.07	0.00
0	4	0.00	0.00	0.10	0.40	0.00
1	1	0.00	0.00	0.19	0.99	0.00
1	5	0.00	0.00	0.35	0.89	0.00
2	2	0.00	0.00	0.16	0.99	0.00
2	6	0.00	0.00	0.14	1.09	0.00
3	3	0.00	0.02	1.69	0.48	0.00
3	7	0.00	0.00	0.20	1.08	0.00
Core	CPU	C1%	C3%	C6%	C8%	C9%
-	-	0.00	0.02	4.78	8.45	0.00
0	0	0.00	0.01	35.06	62.78	0.00
0	4	0.00	0.00	0.14	0.40	0.00
1	1	0.00	0.02	0.55	0.01	0.00
1	5	0.00	0.00	0.10	0.80	0.00
2	2	0.00	0.00	0.37	1.19	0.00
2	6	0.00	0.00	0.36	0.80	0.00
3	3	0.00	0.10	1.05	0.96	0.00
3	7	0.00	0.00	0.60	0.69	0.00
Core	CPU	C1%	C3%	C6%	C8%	C9%
-	-	0.00	0.00	4.85	8.74	0.00
0	0	0.00	0.00	34.29	63.62	0.00
0	4	0.00	0.00	0.84	0.50	0.00
1	1	0.00	0.00	0.82	0.79	0.00
1	5	0.00	0.01	0.88	0.68	0.00
2	2	0.00	0.00	0.20	0.98	0.00
2	6	0.00	0.00	0.28	1.18	0.00
3	3	0.00	0.01	1.26	0.67	0.00
3	7	0.00	0.00	0.22	1.48	0.00
Core	CPU	C1%	C3%	C6%	C8%	C9%
-	-	0.19	0.01	4.69	8.61	0.00
0	0	0.00	0.01	34.17	63.62	0.00
0	4	0.00	0.00	0.36	0.60	0.00
1	1	0.00	0.00	0.65	0.59	0.00
1	5	0.00	0.00	0.03	0.49	0.00
2	2	1.54	0.00	0.00	0.00	0.00
2	6	0.00	0.00	0.69	1.39	0.00
3	3	0.00	0.08	1.32	0.41	0.00
3	7	0.00	0.00	0.32	1.79	0.00
Core	CPU	C1%	C3%	C6%	C8%	C9%
-	-	0.00	0.00	4.65	8.72	0.00
0	0	0.00	0.03	33.67	64.14	0.00
0	4	0.00	0.00	0.46	0.40	0.00
1	1	0.00	0.00	0.24	0.90	0.00
1	5	0.00	0.00	0.31	0.69	0.00
2	2	0.00	0.00	0.10	0.59	0.00
2	6	0.00	0.00	0.38	1.29	0.00
3	3	0.00	0.01	1.71	0.68	0.00
3	7	0.00	0.00	0.35	1.08	0.00
Core	CPU	C1%	C3%	C6%	C8%	C9%
-	-	0.00	0.01	4.62	8.78	0.00
0	0	0.00	0.01	34.50	63.36	0.00
0	4	0.00	0.00	0.18	0.99	0.00
1	1	0.00	0.00	0.44	1.10	0.00
1	5	0.00	0.00	0.14	0.99	0.00
2	2	0.00	0.02	0.38	1.10	0.00
2	6	0.00	0.00	0.18	1.19	0.00
3	3	0.00	0.01	0.69	0.88	0.00
3	7	0.00	0.00	0.45	0.60	0.00
Core	CPU	C1%	C3%	C6%	C8%	C9%
-	-	0.00	0.02	4.71	12.32	0.00
0	0	0.00	0.00	32.60	65.33	0.00
0	4	0.00	0.00	0.19	1.00	0.00
1	1	0.00	0.00	0.81	0.40	0.00
1	5	0.00	0.00	0.33	0.90	0.00
2	2	0.00	0.00	0.82	0.39	0.00
2	6	0.00	0.01	0.80	0.60	0.00
3	3	0.00	0.02	1.10	0.97	0.00
3	7	0.01	0.10	1.01	28.94	0.00
Core	CPU	C1%	C3%	C6%	C8%	C9%
-	-	0.00	0.19	4.52	8.73	0.00
0	0	0.00	0.02	33.62	64.22	0.00
0	4	0.00	0.00	0.00	0.50	0.00
1	1	0.00	0.00	0.24	0.99	0.00
1	5	0.00	0.00	0.27	1.09	0.00
2	2	0.00	0.00	0.15	0.99	0.00
2	6	0.00	0.00	0.70	1.20	0.00
3	3	0.00	1.52	0.43	0.19	0.00
3	7	0.00	0.00	0.77	0.69	0.00
Core	CPU	C1%	C3%	C6%	C8%	C9%
-	-	0.00	0.00	5.02	8.46	0.00
0	0	0.00	0.00	36.26	61.60	0.00
0	4	0.00	0.02	0.60	0.00	0.00
1	1	0.00	0.00	0.20	1.09	0.00
1	5	0.00	0.00	0.36	1.09	0.00
2	2	0.00	0.00	0.35	1.29	0.00
2	6	0.00	0.00	0.54	0.89	0.00
3	3	0.00	0.02	1.58	0.78	0.00
3	7	0.00	0.00	0.30	0.99	0.00
Core	CPU	C1%	C3%	C6%	C8%	C9%
-	-	0.00	0.01	4.79	8.68	0.00
0	0	0.00	0.01	35.07	62.77	0.00
0	4	0.00	0.00	0.43	0.10	0.00
1	1	0.00	0.02	0.39	0.60	0.00
1	5	0.00	0.00	0.19	1.19	0.00
2	2	0.00	0.00	0.27	0.89	0.00
2	6	0.00	0.00	0.64	1.00	0.00
3	3	0.00	0.01	0.92	1.09	0.00
3	7	0.00	0.00	0.42	1.80	0.00
Core	CPU	C1%	C3%	C6%	C8%	C9%
-	-	0.00	0.00	4.69	8.62	0.00
0	0	0.00	0.00	33.32	64.55	0.00
0	4	0.00	0.00	0.14	0.40	0.00
1	1	0.00	0.02	0.60	0.10	0.00
1	5	0.00	0.00	1.57	0.70	0.00
2	2	0.00	0.00	0.19	0.97	0.00
2	6	0.00	0.00	0.45	0.69	0.00
3	3	0.00	0.00	1.14	0.50	0.00
3	7	0.00	0.00	0.13	1.08	0.00
Core	CPU	C1%	C3%	C6%	C8%	C9%
-	-	0.00	0.02	4.67	8.72	0.00
0	0	0.00	0.00	33.89	63.98	0.00
0	4	0.00	0.00	0.44	0.41	0.00
1	1	0.00	0.00	1.29	0.79	0.00
1	5	0.00	0.13	0.19	0.50	0.00
2	2	0.00	0.00	0.18	0.81	0.00
2	6	0.00	0.00	0.42	1.21	0.00
3	3	0.00	0.01	0.66	1.08	0.00
3	7	0.00	0.00	0.31	1.00	0.00
Core	CPU	C1%	C3%	C6%	C8%	C9%
-	-	0.00	0.01	4.98	8.72	0.00
0	0	0.00	0.01	35.31	62.53	0.00
0	4	0.00	0.00	0.85	0.50	0.00
1	1	0.00	0.04	0.68	0.71	0.00
1	5	0.00	0.00	0.22	0.99	0.00
2	2	0.00	0.00	0.49	0.70	0.00
2	6	0.00	0.00	0.20	1.97	0.00
3	3	0.00	0.03	1.87	1.45	0.00
3	7	0.00	0.00	0.25	0.89	0.00
Core	CPU	C1%	C3%	C6%	C8%	C9%
-	-	0.00	0.21	4.61	8.62	0.00
0	0	0.00	0.01	34.52	63.36	0.00
0	4	0.00	0.00	0.18	0.99	0.00
1	1	0.00	0.00	0.31	0.89	0.00
1	5	0.00	0.00	0.84	0.79	0.00
2	2	0.00	0.01	0.22	0.90	0.00
2	6	0.00	0.00	0.10	1.09	0.00
3	3	0.00	1.63	0.36	0.09	0.00
3	7	0.00	0.00	0.35	0.89	0.00
Core	CPU	C1%	C3%	C6%	C8%	C9%
-	-	0.00	0.01	4.75	8.72	0.00
0	0	0.00	0.01	34.52	63.31	0.00
0	4	0.00	0.00	0.69	0.99	0.00
1	1	0.00	0.00	0.28	0.89	0.00
1	5	0.00	0.00	0.44	0.79	0.00
2	2	0.00	0.00	0.24	0.89	0.00
2	6	0.00	0.02	0.30	0.89	0.00
3	3	0.00	0.02	1.09	0.87	0.00
3	7	0.00	0.00	0.42	1.09	0.00
Core	CPU	C1%	C3%	C6%	C8%	C9%
-	-	0.00	0.01	4.76	8.66	0.00
0	0	0.00	0.00	34.52	63.33	0.00
0	4	0.00	0.01	0.50	0.00	0.00
1	1	0.00	0.00	0.20	0.99	0.00
1	5	0.00	0.00	0.28	0.98	0.00
2	2	0.00	0.00	0.25	1.10	0.00
2	6	0.00	0.00	0.49	1.21	0.00
3	3	0.00	0.04	1.19	0.49	0.00
3	7	0.00	0.02	0.68	1.20	0.00
Core	CPU	C1%	C3%	C6%	C8%	C9%
-	-	0.00	0.01	4.85	8.55	0.00
0	0	0.00	0.03	35.05	62.79	0.00
0	4	0.00	0.03	0.40	0.10	0.00
1	1	0.00	0.00	0.68	0.70	0.00
1	5	0.00	0.00	0.37	0.99	0.00
2	2	0.00	0.00	0.36	0.80	0.00
2	6	0.00	0.00	0.15	0.99	0.00
3	3	0.00	0.05	1.63	0.96	0.00
3	7	0.00	0.00	0.20	1.09	0.00
Core	CPU	C1%	C3%	C6%	C8%	C9%
-	-	0.00	0.00	4.77	8.56	0.00
0	0	0.00	0.01	35.21	62.64	0.00
0	4	0.00	0.00	0.23	0.30	0.00
1	1	0.00	0.02	0.38	0.30	0.00
1	5	0.00	0.00	0.20	0.89	0.00
2	2	0.00	0.00	0.28	1.08	0.00
2	6	0.00	0.00	0.45	0.99	0.00
3	3	0.00	0.01	1.15	0.97	0.00
3	7	0.00	0.00	0.29	1.30	0.00
Core	CPU	C1%	C3%	C6%	C8%	C9%
-	-	0.00	0.00	4.68	8.59	0.00
0	0	0.00	0.00	34.46	63.37	0.00
0	4	0.00	0.00	0.14	0.40	0.00
1	1	0.00	0.02	0.71	0.21	0.00
1	5	0.00	0.00	0.28	0.50	0.00
2	2	0.00	0.00	0.19	1.48	0.00
2	6	0.00	0.00	0.37	0.89	0.00
3	3	0.00	0.00	1.13	0.68	0.00
3	7	0.00	0.02	0.13	1.18	0.00
Core	CPU	C1%	C3%	C6%	C8%	C9%
-	-	0.00	0.22	4.61	8.70	0.00
0	0	0.00	0.00	33.05	64.83	0.00
0	4	0.00	0.00	0.73	0.50	0.00
1	1	0.00	0.00	1.44	0.70	0.00
1	5	0.00	0.02	0.19	0.69	0.00
2	2	0.00	0.00	0.09	0.60	0.00
2	6	0.00	0.00	0.19	0.99	0.00
3	3	0.00	1.67	0.42	0.88	0.00
3	7	0.00	0.03	0.80	0.40	0.00
Core	CPU	C1%	C3%	C6%	C8%	C9%
-	-	0.00	0.01	4.78	8.65	0.00
0	0	0.00	0.00	34.33	63.52	0.00
0	4	0.00	0.00	0.46	0.40	0.00
1	1	0.00	0.05	0.10	0.81	0.00
1	5	0.00	0.00	1.49	0.89	0.00
2	2	0.00	0.00	0.10	0.60	0.00
2	6	0.00	0.00	0.20	0.99	0.00
3	3	0.00	0.04	1.11	0.98	0.00
3	7	0.00	0.00	0.45	0.99	0.00
Core	CPU	C1%	C3%	C6%	C8%	C9%
-	-	0.00	0.01	4.83	8.58	0.11
0	0	0.00	0.01	35.91	61.90	0.00
0	4	0.00	0.00	0.27	0.89	0.00
1	1	0.00	0.00	0.34	0.81	0.00
1	5	0.00	0.00	0.24	0.89	0.00
2	2	0.00	0.02	0.39	0.81	0.00
2	6	0.00	0.00	0.31	1.49	0.00
3	3	0.00	0.06	0.80	1.18	0.89
3	7	0.00	0.00	0.34	0.70	0.00
Core	CPU	C1%	C3%	C6%	C8%	C9%
-	-	0.00	0.00	4.65	8.68	0.00
0	0	0.00	0.00	34.89	62.89	0.00
0	4	0.00	0.00	0.18	1.00	0.00
1	1	0.00	0.00	0.16	0.99	0.00
1	5	0.00	0.00	0.23	1.00	0.00
2	2	0.00	0.00	0.22	0.99	0.00
2	6	0.00	0.00	0.19	1.10	0.00
3	3	0.00	0.04	0.98	0.67	0.00
3	7	0.00	0.00	0.37	0.78	0.00
Core	CPU	C1%	C3%	C6%	C8%	C9%
-	-	0.00	0.00	4.69	8.61	0.00
0	0	0.00	0.02	34.16	63.64	0.00
0	4	0.00	0.00	0.46	0.03	0.00
1	1	0.00	0.00	0.25	0.99	0.00
1	5	0.00	0.00	0.36	0.89	0.00
2	2	0.00	0.00	0.45	0.78	0.00
2	6	0.00	0.00	0.22	0.99	0.00
3	3	0.00	0.02	1.21	0.79	0.00
3	7	0.00	0.00	0.37	0.79	0.00
Core	CPU	C1%	C3%	C6%	C8%	C9%
-	-	0.00	0.01	4.76	8.78	0.00
0	0	0.00	0.02	34.83	62.98	0.00
0	4	0.00	0.00	0.00	0.50	0.00
1	1	0.00	0.00	0.28	0.89	0.00
1	5	0.00	0.00	0.45	0.89	0.00
2	2	0.00	0.00	0.33	1.00	0.00
2	6	0.00	0.02	0.26	1.79	0.00
3	3	0.00	0.01	0.93	1.30	0.00
3	7	0.00	0.02	1.04	0.90	0.00
Core	CPU	C1%	C3%	C6%	C8%	C9%
-	-	0.00	0.20	4.68	8.66	0.00
0	0	0.00	0.00	34.83	63.03	0.00
0	4	0.00	0.02	0.10	0.40	0.00
1	1	0.00	0.00	0.52	1.39	0.00
1	5	0.00	0.00	0.68	1.19	0.00
2	2	0.00	0.00	0.36	1.28	0.00
2	6	0.00	0.00	0.15	1.09	0.00
3	3	0.00	1.59	0.43	0.09	0.00
3	7	0.00	0.00	0.39	0.79	0.00
Core	CPU	C1%	C3%	C6%	C8%	C9%
-	-	0.00	0.00	4.81	8.54	0.00
0	0	0.00	0.00	34.36	63.52	0.00
0	4	0.00	0.00	0.23	0.30	0.00
1	1	0.00	0.00	0.18	0.50	0.00
1	5	0.00	0.00	1.07	1.00	0.00
2	2	0.00	0.00	0.46	1.09	0.00
2	6	0.00	0.00	0.35	0.80	0.00
3	3	0.00	0.01	1.12	0.59	0.00
3	7	0.00	0.00	0.70	0.49	0.00
Core	CPU	C1%	C3%	C6%	C8%	C9%
-	-	0.00	0.01	4.76	8.59	0.11
0	0	0.00	0.00	34.43	63.42	0.00
0	4	0.00	0.01	0.40	1.01	0.90
1	1	0.00	0.00	0.73	0.69	0.00
1	5	0.00	0.00	0.50	0.10	0.00
2	2	0.00	0.00	0.20	0.99	0.00
2	6	0.00	0.00	0.37	1.00	0.00
3	3	0.00	0.04	1.32	0.39	0.00
3	7	0.00	0.00	0.13	1.08	0.00
Core	CPU	C1%	C3%	C6%	C8%	C9%
-	-	0.00	0.01	4.84	9.12	0.00
0	0	0.00	0.00	34.46	63.35	0.00
0	4	0.00	0.00	0.55	0.30	0.00
1	1	0.00	0.00	1.45	0.61	0.00
1	5	0.00	0.02	0.18	0.50	0.00
2	2	0.00	0.00	0.10	0.89	0.00
2	6	0.00	0.00	0.19	1.09	0.00
3	3	0.00	0.04	1.55	0.98	0.00
3	7	0.00	0.01	0.26	5.26	0.00
Core	CPU	C1%	C3%	C6%	C8%	C9%
-	-	0.00	0.03	5.04	11.77	0.00
0	0	0.00	0.01	33.85	64.16	0.00
0	4	0.00	0.02	0.87	1.48	0.00
1	1	0.00	0.00	1.62	1.18	0.00
1	5	0.00	0.00	1.24	0.80	0.00
2	2	0.00	0.00	0.61	1.19	0.00
2	6	0.00	0.00	0.20	1.49	0.00
3	3	0.00	0.00	0.98	0.33	0.00
3	7	0.01	0.19	0.93	23.52	0.00
Core	CPU	C1%	C3%	C6%	C8%	C9%
-	-	0.00	0.00	4.74	8.84	0.00
0	0	0.00	0.02	33.18	64.67	0.00
0	4	0.00	0.00	0.74	0.18	0.00
1	1	0.00	0.00	0.38	0.79	0.00
1	5	0.00	0.00	0.44	0.90	0.00
2	2	0.00	0.00	0.63	0.89	0.00
2	6	0.00	0.02	1.21	1.00	0.00
3	3	0.00	0.00	0.46	1.49	0.00
3	7	0.00	0.00	0.88	0.79	0.00
Core	CPU	C1%	C3%	C6%	C8%	C9%
-	-	0.03	0.22	4.50	8.52	0.00
0	0	0.21	0.00	33.60	64.07	0.00
0	4	0.05	0.04	0.99	0.18	0.00
1	1	0.00	0.00	0.03	0.60	0.00
1	5	0.00	0.00	0.19	0.99	0.00
2	2	0.00	0.00	0.36	0.79	0.00
2	6	0.00	0.00	0.54	0.69	0.00
3	3	0.00	1.69	0.12	0.00	0.00
3	7	0.00	0.00	0.20	0.89	0.00
Core	CPU	C1%	C3%	C6%	C8%	C9%
-	-	0.00	0.01	4.84	8.87	0.00
0	0	0.00	0.00	34.52	63.36	0.00
0	4	0.00	0.04	0.84	0.29	0.00
1	1	0.00	0.00	0.19	0.70	0.00
1	5	0.00	0.00	0.37	1.00	0.00
2	2	0.00	0.00	0.55	1.59	0.00
2	6	0.00	0.00	0.72	1.59	0.00
3	3	0.00	0.03	1.04	0.69	0.00
3	7	0.00	0.00	0.47	1.71	0.00
Core	CPU	C1%	C3%	C6%	C8%	C9%
-	-	0.00	0.01	5.08	8.48	0.00
0	0	0.00	0.01	35.14	62.71	0.00
0	4	0.00	0.04	1.46	0.69	0.00
1	1	0.00	0.02	0.20	0.40	0.00
1	5	0.00	0.00	0.79	0.80	0.00
2	2	0.00	0.00	0.88	0.79	0.00
2	6	0.00	0.00	0.36	0.89	0.00
3	3	0.00	0.00	0.84	0.79	0.00
3	7	0.00	0.01	0.99	0.79	0.00
Core	CPU	C1%	C3%	C6%	C8%	C9%
-	-	0.00	0.00	4.72	8.53	0.00
0	0	0.00	0.00	34.64	63.25	0.00
0	4	0.00	0.02	0.76	0.17	0.00
1	1	0.00	0.00	0.40	0.51	0.00
1	5	0.00	0.00	0.28	0.50	0.00
2	2	0.00	0.00	0.28	0.89	0.00
2	6	0.00	0.00	0.36	0.90	0.00
3	3	0.00	0.00	0.63	0.81	0.00
3	7	0.00	0.00	0.37	1.19	0.00
Core	CPU	C1%	C3%	C6%	C8%	C9%
-	-	0.00	0.00	4.81	8.81	0.00
0	0	0.00	0.00	34.44	63.46	0.00
0	4	0.00	0.01	0.93	0.27	0.00
1	1	0.00	0.00	0.30	0.90	0.00
1	5	0.00	0.00	0.12	1.18	0.00
2	2	0.00	0.00	0.00	0.70	0.00
2	6	0.00	0.00	0.42	1.29	0.00
3	3	0.00	0.02	1.13	1.29	0.00
3	7	0.00	0.00	1.13	1.37	0.00
Core	CPU	C1%	C3%	C6%	C8%	C9%
-	-	0.00	0.00	4.94	8.44	0.00
0	0	0.00	0.00	35.05	62.76	0.00
0	4	0.00	0.00	0.78	0.18	0.00
1	1	0.00	0.00	0.84	0.69	0.00
1	5	0.00	0.00	0.22	0.99	0.00
2	2	0.00	0.01	0.30	0.60	0.00
2	6	0.00	0.00	0.79	0.60	0.00
3	3	0.00	0.00	0.85	0.89	0.00
3	7	0.00	0.00	0.65	0.79	0.00
Core	CPU	C1%	C3%	C6%	C8%	C9%
-	-	0.00	0.22	5.14	8.60	0.00
0	0	0.00	0.00	35.85	61.84	0.00
0	4	0.00	0.04	0.88	0.77	0.00
1	1	0.00	0.00	0.42	1.19	0.00
1	5	0.00	0.00	1.24	1.68	0.00
2	2	0.00	0.00	0.83	0.79	0.00
2	6	0.00	0.01	0.89	0.79	0.00
3	3	0.00	1.67	0.41	0.39	0.00
3	7	0.00	0.00	0.57	1.38	0.00
Core	CPU	C1%	C3%	C6%	C8%	C9%
-	-	0.00	0.00	4.92	8.81	0.00
0	0	0.00	0.01	34.33	63.44	0.00
0	4	0.00	0.00	1.00	0.69	0.00
1	1	0.00	0.00	0.27	1.17	0.00
1	5	0.00	0.00	0.53	1.29	0.00
2	2	0.00	0.00	0.92	0.79	0.00
2	6	0.00	0.01	0.99	0.40	0.00
3	3	0.00	0.00	0.68	0.50	0.00
3	7	0.00	0.00	0.62	2.18	0.00
Core	CPU	C1%	C3%	C6%	C8%	C9%
-	-	0.00	0.01	4.85	9.17	0.00
0	0	0.00	0.02	34.18	63.66	0.00
0	4	0.00	0.00	0.31	0.59	0.00
1	1	0.00	0.00	0.57	0.99	0.00
1	5	0.00	0.00	0.46	0.90	0.00
2	2	0.00	0.05	0.10	1.09	0.00
2	6	0.00	0.00	0.77	1.89	0.00
3	3	0.00	0.00	0.77	1.11	0.00
3	7	0.00	0.00	1.61	3.16	0.00
Core	CPU	C1%	C3%	C6%	C8%	C9%
-	-	0.02	0.01	5.00	8.91	0.00
0	0	0.10	0.05	35.71	61.46	0.00
0	4	0.00	0.04	0.55	1.17	0.00
1	1	0.00	0.00	0.46	2.38	0.00
1	5	0.00	0.00	0.63	1.20	0.00
2	2	0.05	0.00	0.24	0.92	0.00
2	6	0.00	0.00	0.31	1.79	0.00
3	3	0.00	0.00	1.74	1.43	0.00
3	7	0.00	0.01	0.38	0.90	0.00
Core	CPU	C1%	C3%	C6%	C8%	C9%
-	-	0.01	0.01	4.78	8.52	0.00
0	0	0.00	0.01	35.38	62.50	0.00
0	4	0.00	0.05	0.71	0.18	0.00
1	1	0.00	0.00	0.17	1.09	0.00
1	5	0.00	0.00	0.37	0.99	0.00
2	2	0.00	0.00	0.25	0.90	0.00
2	6	0.00	0.00	0.14	1.09	0.00
3	3	0.00	0.02	0.29	1.00	0.00
3	7	0.09	0.00	0.90	0.39	0.00
Core	CPU	C1%	C3%	C6%	C8%	C9%
-	-	0.00	0.01	4.84	8.71	0.00
0	0	0.00	0.00	35.04	62.84	0.00
0	4	0.00	0.05	0.99	0.37	0.00
1	1	0.00	0.00	0.19	1.39	0.00
1	5	0.00	0.00	0.28	1.19	0.00
2	2	0.00	0.00	0.26	0.90	0.00
2	6	0.00	0.00	0.35	0.80	0.00
3	3	0.00	0.00	0.80	1.68	0.00
3	7	0.00	0.00	0.79	0.50	0.00
Core	CPU	C1%	C3%	C6%	C8%	C9%
-	-	0.00	0.19	4.73	8.61	0.00
0	0	0.00	0.00	34.44	63.48	0.00
0	4	0.00	0.02	1.20	1.25	0.00
1	1	0.00	0.00	1.33	0.99	0.00
1	5	0.00	0.00	0.00	0.69	0.00
2	2	0.00	0.00	0.19	0.89	0.00
2	6	0.00	0.00	0.27	0.99	0.00
3	3	0.00	1.48	0.12	0.00	0.00
3	7	0.00	0.02	0.27	0.61	0.00
Core	CPU	C1%	C3%	C6%	C8%	C9%
-	-	0.00	0.01	4.81	9.00	0.00
0	0	0.00	0.00	34.26	63.60	0.00
0	4	0.00	0.01	0.86	0.48	0.00
1	1	0.00	0.04	0.49	0.79	0.00
1	5	0.00	0.02	0.28	2.02	0.00
2	2	0.00	0.00	0.59	0.89	0.00
2	6	0.00	0.00	0.28	0.99	0.00
3	3	0.00	0.00	1.45	1.88	0.00
3	7	0.00	0.03	0.24	1.38	0.00
Core	CPU	C1%	C3%	C6%	C8%	C9%
-	-	0.00	0.01	4.68	8.68	0.18
0	0	0.00	0.01	34.92	62.96	0.00
0	4	0.00	0.02	1.27	0.76	1.46
1	1	0.00	0.00	0.45	1.09	0.00
1	5	0.00	0.00	0.23	0.92	0.00
2	2	0.00	0.00	0.10	0.89	0.00
2	6	0.00	0.02	0.10	1.19	0.00
3	3	0.00	0.00	0.27	0.89	0.00
3	7	0.00	0.00	0.06	0.69	0.00
Core	CPU	C1%	C3%	C6%	C8%	C9%
-	-	0.00	0.00	4.78	8.75	0.00
0	0	0.00	0.00	34.21	63.66	0.00
0	4	0.00	0.01	1.09	0.67	0.00
1	1	0.00	0.00	0.26	0.89	0.00
1	5	0.00	0.00	1.59	0.81	0.00
2	2	0.00	0.00	0.22	1.00	0.00
2	6	0.00	0.00	0.19	1.20	0.00
3	3	0.00	0.00	0.19	0.99	0.00
3	7	0.00	0.00	0.51	0.79	0.00
Core	CPU	C1%	C3%	C6%	C8%	C9%
-	-	0.03	0.00	4.66	8.70	0.00
0	0	0.20	0.02	34.95	62.72	0.00
0	4	0.00	0.01	0.82	0.27	0.00
1	1	0.00	0.00	0.34	0.90	0.00
1	5	0.00	0.00	0.19	0.91	0.00
2	2	0.00	0.00	0.14	1.00	0.00
2	6	0.00	0.00	0.15	1.29	0.00
3	3	0.00	0.00	0.26	1.60	0.00
3	7	0.00	0.00	0.46	0.90	0.00
Core	CPU	C1%	C3%	C6%	C8%	C9%
-	-	0.00	0.01	4.99	8.54	0.00
0	0	0.00	0.04	36.05	61.80	0.00
0	4	0.00	0.01	0.89	0.18	0.00
1	1	0.00	0.00	0.48	0.90	0.00
1	5	0.00	0.00	0.36	1.68	0.00
2	2	0.00	0.00	0.45	0.39	0.00
2	6	0.00	0.00	0.23	0.99	0.00
3	3	0.00	0.04	1.20	1.31	0.00
3	7	0.00	0.00	0.29	1.08	0.00
Core	CPU	C1%	C3%	C6%	C8%	C9%
-	-	0.00	0.14	4.66	8.52	0.00
0	0	0.00	0.00	34.62	63.24	0.00
0	4	0.00	0.01	1.05	0.57	0.00
1	1	0.00	0.02	0.13	0.30	0.00
1	5	0.00	0.00	0.10	0.79	0.00
2	2	0.00	0.00	0.28	0.99	0.00
2	6	0.00	0.00	0.41	0.98	0.00
3	3	0.00	1.10	0.12	0.30	0.00
3	7	0.00	0.00	0.59	1.00	0.00
Core	CPU	C1%	C3%	C6%	C8%	C9%
-	-	0.00	0.00	4.73	8.61	0.00
0	0	0.00	0.00	34.01	63.84	0.00
0	4	0.00	0.00	1.05	0.48	0.00
1	1	0.00	0.02	0.68	0.79	0.00
1	5	0.00	0.00	0.28	0.60	0.00
2	2	0.00	0.00	0.28	0.99	0.00
2	6	0.00	0.00	0.37	0.79	0.00
3	3	0.00	0.00	0.45	0.69	0.00
3	7	0.00	0.00	0.72	0.68	0.00
Core	CPU	C1%	C3%	C6%	C8%	C9%
-	-	0.00	0.05	4.61	12.30	0.00
0	0	0.00	0.00	33.50	64.43	0.00
0	4	0.00	0.17	0.50	0.51	0.00
1	1	0.00	0.00	0.37	0.41	0.00
1	5	0.00	0.02	0.18	0.75	0.00
2	2	0.00	0.00	0.28	1.21	0.00
2	6	0.00	0.00	0.36	0.80	0.00
3	3	0.00	0.00	0.49	0.92	0.00
3	7	0.01	0.22	1.17	29.35	0.00
Core	CPU	C1%	C3%	C6%	C8%	C9%
-	-	0.00	0.00	4.80	8.85	0.00
0	0	0.00	0.00	34.73	63.16	0.00
0	4	0.00	0.01	0.48	1.07	0.00
1	1	0.00	0.00	0.15	1.18	0.00
1	5	0.00	0.00	0.22	1.50	0.00
2	2	0.00	0.00	0.79	0.80	0.00
2	6	0.00	0.00	0.10	1.08	0.00
3	3	0.00	0.00	0.84	1.38	0.00
3	7	0.00	0.00	1.09	0.59	0.00
Core	CPU	C1%	C3%	C6%	C8%	C9%
-	-	0.00	0.01	4.87	8.59	0.00
0	0	0.00	0.00	34.72	63.14	0.00
0	4	0.00	0.01	1.00	0.57	0.00
1	1	0.00	0.00	0.33	0.99	0.00
1	5	0.00	0.00	0.25	0.91	0.00
2	2	0.00	0.00	0.92	0.40	0.00
2	6	0.00	0.01	0.90	0.49	0.00
3	3	0.00	0.01	0.49	1.39	0.00
3	7	0.00	0.00	0.36	0.79	0.00
Core	CPU	C1%	C3%	C6%	C8%	C9%
-	-	0.01	0.01	4.63	8.62	0.00
0	0	0.00	0.02	34.76	63.15	0.00
0	4	0.07	0.02	0.72	0.18	0.00
1	1	0.00	0.00	0.28	0.89	0.00
1	5	0.00	0.00	0.34	0.89	0.00
2	2	0.00	0.00	0.14	1.18	0.00
2	6	0.00	0.00	0.32	1.10	0.00
3	3	0.00	0.01	0.19	0.80	0.00
3	7	0.00	0.00	0.29	0.79	0.00
Core	CPU	C1%	C3%	C6%	C8%	C9%
-	-	0.00	0.18	4.77	8.52	0.16
0	0	0.00	0.00	35.25	62.67	0.00
0	4	0.00	0.04	1.40	0.97	0.00
1	1	0.00	0.00	0.13	0.79	0.00
1	5	0.00	0.00	0.58	0.50	0.00
2	2	0.00	0.00	0.36	0.99	0.00
2	6	0.00	0.00	0.22	1.18	0.00
3	3	0.00	1.42	0.00	0.00	1.30
3	7	0.00	0.00	0.20	1.08	0.00
Core	CPU	C1%	C3%	C6%	C8%	C9%
-	-	0.00	0.00	4.81	8.61	0.00
0	0	0.00	0.03	34.71	63.13	0.00
0	4	0.00	0.00	1.04	0.48	0.00
1	1	0.00	0.00	0.10	0.99	0.00
1	5	0.00	0.00	0.28	1.00	0.00
2	2	0.00	0.00	0.37	0.69	0.00
2	6	0.00	0.00	0.35	0.80	0.00
3	3	0.00	0.00	1.53	0.98	0.00
3	7	0.00	0.00	0.10	0.79	0.00
Core	CPU	C1%	C3%	C6%	C8%	C9%
-	-	0.00	0.00	5.03	8.72	0.11
0	0	0.00	0.01	35.87	62.01	0.00
0	4	0.00	0.00	1.25	2.48	0.90
1	1	0.00	0.02	0.29	0.89	0.00
1	5	0.00	0.00	0.10	1.09	0.00
2	2	0.00	0.00	0.38	1.18	0.00
2	6	0.00	0.00	0.36	1.18	0.00
3	3	0.00	0.00	1.07	0.39	0.00
3	7	0.00	0.01	0.90	0.49	0.00
Core	CPU	C1%	C3%	C6%	C8%	C9%
-	-	0.00	0.00	4.59	8.77	0.00
0	0	0.00	0.00	34.18	63.68	0.00
0	4	0.00	0.00	0.46	1.66	0.00
1	1	0.00	0.00	0.22	0.69	0.00
1	5	0.00	0.00	0.28	0.51	0.00
2	2	0.00	0.00	0.48	0.99	0.00
2	6	0.00	0.00	0.27	0.90	0.00
3	3	0.00	0.00	0.35	0.80	0.00
3	7	0.00	0.00	0.47	0.90	0.00
Core	CPU	C1%	C3%	C6%	C8%	C9%
-	-	0.00	0.00	4.79	8.72	0.00
0	0	0.00	0.00	35.30	62.58	0.00
0	4	0.00	0.01	0.48	1.06	0.00
1	1	0.00	0.00	0.31	0.91	0.00
1	5	0.00	0.00	0.72	0.69	0.00
2	2	0.00	0.00	0.50	0.39	0.00
2	6	0.00	0.00	0.28	1.10	0.00
3	3	0.00	0.00	0.53	1.30	0.00
3	7	0.00	0.00	0.23	1.68	0.00
Core	CPU	C1%	C3%	C6%	C8%	C9%
-	-	0.00	0.00	4.89	8.46	0.00
0	0	0.00	0.00	35.63	62.20	0.00
0	4	0.00	0.01	0.99	0.28	0.00
1	1	0.00	0.00	0.35	1.19	0.00
1	5	0.00	0.00	0.23	1.08	0.00
2	2	0.00	0.01	0.39	0.80	0.00
2	6	0.00	0.00	0.08	1.20	0.00
3	3	0.00	0.00	1.01	0.31	0.00
3	7	0.00	0.00	0.45	0.59	0.00
Core	CPU	C1%	C3%	C6%	C8%	C9%
-	-	0.00	0.22	4.80	8.37	0.00
0	0	0.00	0.01	36.26	61.64	0.00
0	4	0.00	0.01	1.10	0.47	0.00
1	1	0.00	0.00	0.20	0.99	0.00
1	5	0.00	0.00	0.35	0.79	0.00
2	2	0.00	0.00	0.14	1.19	0.00
2	6	0.00	0.02	0.10	1.09	0.00
3	3	0.00	1.72	0.03	0.02	0.00
3	7	0.00	0.00	0.27	0.80	0.00
Core	CPU	C1%	C3%	C6%	C8%	C9%
-	-	0.00	0.01	4.79	8.49	0.00
0	0	0.00	0.02	35.30	62.48	0.00
0	4	0.00	0.01	0.71	0.18	0.00
1	1	0.00	0.00	0.18	0.99	0.00
1	5	0.00	0.00	0.54	0.90	0.00
2	2	0.00	0.00	0.24	0.90	0.00
2	6	0.00	0.00	0.32	1.00	0.00
3	3	0.00	0.00	0.70	0.49	0.00
3	7	0.00	0.01	0.37	0.99	0.00
Core	CPU	C1%	C3%	C6%	C8%	C9%
-	-	0.00	0.01	5.06	8.44	0.00
0	0	0.00	0.02	35.61	62.14	0.00
0	4	0.00	0.01	1.03	0.18	0.00
1	1	0.00	0.00	0.56	0.99	0.00
1	5	0.00	0.00	0.59	1.10	0.00
2	2	0.00	0.00	1.02	0.78	0.00
2	6	0.00	0.01	0.80	0.79	0.00
3	3	0.00	0.00	0.10	1.08	0.00
3	7	0.00	0.00	0.80	0.49	0.00
Core	CPU	C1%	C3%	C6%	C8%	C9%
-	-	0.00	0.01	4.92	8.45	0.00
0	0	0.00	0.02	36.02	61.79	0.00
0	4	0.00	0.01	0.71	0.18	0.00
1	1	0.00	0.00	0.27	0.90	0.00
1	5	0.00	0.00	0.53	1.01	0.00
2	2	0.00	0.00	0.23	1.02	0.00
2	6	0.00	0.02	0.29	0.80	0.00
3	3	0.00	0.00	0.85	1.01	0.00
3	7	0.00	0.00	0.46	0.89	0.00
Core	CPU	C1%	C3%	C6%	C8%	C9%
-	-	0.00	0.01	4.70	8.61	0.00
0	0	0.00	0.00	35.15	62.66	0.00
0	4	0.00	0.00	0.71	0.18	0.00
1	1	0.00	0.00	0.34	1.29	0.00
1	5	0.00	0.00	0.27	0.90	0.00
2	2	0.00	0.05	0.10	1.09	0.00
2	6	0.00	0.00	0.23	1.19	0.00
3	3	0.00	0.00	0.49	0.81	0.00
3	7	0.00	0.00	0.28	0.79	0.00
Core	CPU	C1%	C3%	C6%	C8%	C9%
-	-	0.00	0.00	4.95	8.45	0.00
0	0	0.00	0.00	36.57	61.31	0.00
0	4	0.00	0.03	0.71	0.17	0.00
1	1	0.00	0.00	0.38	0.99	0.00
1	5	0.00	0.00	1.15	0.99	0.00
2	2	0.00	0.00	0.15	0.99	0.00
2	6	0.00	0.00	0.14	1.19	0.00
3	3	0.00	0.01	0.30	1.00	0.00
3	7	0.00	0.00	0.20	0.98	0.00
Core	CPU	C1%	C3%	C6%	C8%	C9%
-	-	0.00	0.33	4.79	8.36	0.00
0	0	0.00	0.00	35.66	62.24	0.00
0	4	0.00	0.05	0.85	0.18	0.00
1	1	0.00	0.82	0.59	0.60	0.00
1	5	0.00	0.00	0.29	0.98	0.00
2	2	0.00	0.00	0.37	1.08	0.00
2	6	0.00	0.00	0.35	0.89	0.00
3	3	0.00	1.79	0.02	0.00	0.00
3	7	0.00	0.00	0.20	0.90	0.00
Core	CPU	C1%	C3%	C6%	C8%	C9%
-	-	0.00	0.01	5.05	8.31	0.00
0	0	0.00	0.00	36.77	61.12	0.00
0	4	0.00	0.01	0.75	0.17	0.00
1	1	0.00	0.01	0.59	0.59	0.00
1	5	0.00	0.00	0.19	0.90	0.00
2	2	0.00	0.00	0.28	0.89	0.00
2	6	0.00	0.00	0.37	0.89	0.00
3	3	0.00	0.00	1.33	0.79	0.00
3	7	0.00	0.03	0.10	1.18	0.00
Core	CPU	C1%	C3%	C6%	C8%	C9%
-	-	0.00	0.01	4.73	8.63	0.11
0	0	0.00	0.00	33.98	63.87	0.00
0	4	0.00	0.00	1.11	0.09	0.91
1	1	0.00	0.00	0.72	0.79	0.00
1	5	0.00	0.02	0.10	0.60	0.00
2	2	0.00	0.00	0.10	0.99	0.00
2	6	0.00	0.00	0.28	0.99	0.00
3	3	0.00	0.03	0.74	0.90	0.00
3	7	0.00	0.00	0.82	0.79	0.00
Core	CPU	C1%	C3%	C6%	C8%	C9%
-	-	0.00	0.00	4.64	8.66	0.00
0	0	0.00	0.00	34.67	63.17	0.00
0	4	0.00	0.00	0.47	0.69	0.00
1	1	0.00	0.00	0.42	0.79	0.00
1	5	0.00	0.02	0.28	0.54	0.00
2	2	0.00	0.00	0.10	0.99	0.00
2	6	0.00	0.00	0.37	1.19	0.00
3	3	0.00	0.00	0.55	0.70	0.00
3	7	0.00	0.00	0.24	1.19	0.00
Core	CPU	C1%	C3%	C6%	C8%	C9%
-	-	0.00	0.00	4.66	8.89	0.00
0	0	0.00	0.00	34.22	63.62	0.00
0	4	0.00	0.00	0.75	1.14	0.00
1	1	0.00	0.00	0.38	1.30	0.00
1	5	0.00	0.00	0.31	0.94	0.00
2	2	0.00	0.00	0.28	1.30	0.00
2	6	0.00	0.00	0.37	0.91	0.00
3	3	0.00	0.00	0.54	1.40	0.00
3	7	0.00	0.00	0.41	0.52	0.00
Core	CPU	C1%	C3%	C6%	C8%	C9%
-	-	0.00	0.02	4.81	8.64	0.00
0	0	0.00	0.03	35.11	62.73	0.00
0	4	0.00	0.00	0.57	0.89	0.00
1	1	0.00	0.00	0.35	0.60	0.00
1	5	0.00	0.00	0.32	1.71	0.00
2	2	0.00	0.11	0.30	0.60	0.00
2	6	0.00	0.00	0.26	0.71	0.00
3	3	0.00	0.01	1.09	1.40	0.00
3	7	0.00	0.00	0.45	0.52	0.00
Core	CPU	C1%	C3%	C6%	C8%	C9%
-	-	0.00	0.25	4.74	12.20	0.00
0	0	0.00	0.02	34.70	63.31	0.00
0	4	0.00	0.01	1.00	0.87	0.00
1	1	0.00	0.03	0.31	0.99	0.00
1	5	0.00	0.00	0.26	1.00	0.00
2	2	0.00	0.00	0.33	1.28	0.00
2	6	0.00	0.00	0.13	1.38	0.00
3	3	0.00	1.67	0.00	0.02	0.00
3	7	0.02	0.26	1.22	28.78	0.00
Core	CPU	C1%	C3%	C6%	C8%	C9%
-	-	0.00	0.01	4.80	8.57	0.00
0	0	0.00	0.02	35.00	62.87	0.00
0	4	0.00	0.01	0.74	0.17	0.00
1	1	0.00	0.00	0.18	0.99	0.00
1	5	0.00	0.00	0.35	0.99	0.00
2	2	0.00	0.00	0.53	1.09	0.00
2	6	0.00	0.00	0.23	1.09	0.00
3	3	0.00	0.00	0.59	0.79	0.00
3	7	0.00	0.05	0.78	0.60	0.00
Core	CPU	C1%	C3%	C6%	C8%	C9%
-	-	0.00	0.01	4.82	8.57	0.00
0	0	0.00	0.00	35.55	62.37	0.00
0	4	0.00	0.05	0.81	0.17	0.00
1	1	0.00	0.00	0.10	1.19	0.00
1	5	0.00	0.00	0.28	0.99	0.00
2	2	0.00	0.00	0.46	0.99	0.00
2	6	0.00	0.00	0.34	0.80	0.00
3	3	0.00	0.03	0.72	1.11	0.00
3	7	0.00	0.00	0.29	0.89	0.00
Core	CPU	C1%	C3%	C6%	C8%	C9%
-	-	0.00	0.01	5.15	8.52	0.00
0	0	0.00	0.00	36.10	61.79	0.00
0	4	0.00	0.02	1.05	0.97	0.00
1	1	0.00	0.01	0.39	1.08	0.00
1	5	0.00	0.00	0.19	1.00	0.00
2	2	0.00	0.00	0.28	0.89	0.00
2	6	0.00	0.03	0.59	1.11	0.00
3	3	0.00	0.00	1.81	1.01	0.00
3	7	0.00	0.01	0.79	0.29	0.00
Core	CPU	C1%	C3%	C6%	C8%	C9%
-	-	0.00	0.01	4.95	8.38	0.00
0	0	0.00	0.01	35.91	61.96	0.00
0	4	0.00	0.00	1.16	0.50	0.00
1	1	0.00	0.00	0.68	0.29	0.00
1	5	0.00	0.00	0.50	0.00	0.00
2	2	0.00	0.00	0.20	1.08	0.00
2	6	0.00	0.03	0.33	1.18	0.00
3	3	0.00	0.00	0.54	0.89	0.00
3	7	0.00	0.03	0.29	1.14	0.00
Core	CPU	C1%	C3%	C6%	C8%	C9%
-	-	0.00	0.00	4.86	8.61	0.00
0	0	0.00	0.00	35.58	62.29	0.00
0	4	0.00	0.01	0.46	1.19	0.00
1	1	0.00	0.00	0.62	0.60	0.00
1	5	0.00	0.00	0.58	0.00	0.00
2	2	0.00	0.00	0.37	1.69	0.00
2	6	0.00	0.00	0.36	1.00	0.00
3	3	0.00	0.00	0.46	1.29	0.00
3	7	0.00	0.00	0.42	0.79	0.00
Core	CPU	C1%	C3%	C6%	C8%	C9%
-	-	0.00	0.16	4.77	8.30	0.10
0	0	0.00	0.00	36.13	61.78	0.00
0	4	0.00	0.01	0.88	0.57	0.00
1	1	0.00	0.00	0.18	0.91	0.00
1	5	0.00	0.00	0.13	0.49	0.00
2	2	0.00	0.00	0.40	0.49	0.00
2	6	0.00	0.00	0.20	1.08	0.00
3	3	0.00	1.29	0.10	0.00	0.80
3	7	0.00	0.00	0.14	1.09	0.00
Core	CPU	C1%	C3%	C6%	C8%	C9%
-	-	0.00	0.00	4.65	9.08	0.00
0	0	0.00	0.00	34.08	63.78	0.00
0	4	0.00	0.00	0.98	0.69	0.00
1	1	0.00	0.00	0.34	1.70	0.00
1	5	0.00	0.00	0.32	1.09	0.00
2	2	0.00	0.00	0.29	1.10	0.00
2	6	0.00	0.00	0.19	1.29	0.00
3	3	0.00	0.00	0.55	2.29	0.00
3	7	0.00	0.00	0.45	0.69	0.00
Core	CPU	C1%	C3%	C6%	C8%	C9%
-	-	0.00	0.00	4.71	8.70	0.23
0	0	0.00	0.01	34.97	62.90	0.00
0	4	0.00	0.00	0.58	1.28	0.91
1	1	0.00	0.00	0.26	0.89	0.00
1	5	0.00	0.00	0.84	0.79	0.00
2	2	0.00	0.00	0.22	0.99	0.00
2	6	0.00	0.00	0.10	1.19	0.00
3	3	0.00	0.00	0.24	0.99	0.90
3	7	0.00	0.00	0.46	0.59	0.00
Core	CPU	C1%	C3%	C6%	C8%	C9%
-	-	0.00	0.00	4.66	8.77	0.00
0	0	0.00	0.01	34.45	63.41	0.00
0	4	0.00	0.00	0.60	1.48	0.00
1	1	0.00	0.00	0.28	0.89	0.00
1	5	0.00	0.00	0.44	0.79	0.00
2	2	0.00	0.00	0.52	1.09	0.00
2	6	0.00	0.03	0.10	0.99	0.00
3	3	0.00	0.00	0.50	0.59	0.00
3	7	0.00	0.00	0.38	0.88	0.00
Core	CPU	C1%	C3%	C6%	C8%	C9%
-	-	0.00	0.01	4.95	8.73	0.00
0	0	0.00	0.00	35.07	62.84	0.00
0	4	0.00	0.04	0.31	0.68	0.00
1	1	0.00	0.00	1.63	0.50	0.00
1	5	0.00	0.00	0.29	0.89	0.00
2	2	0.00	0.00	0.20	0.99	0.00
2	6	0.00	0.00	0.59	1.49	0.00
3	3	0.00	0.02	0.44	0.99	0.00
3	7	0.00	0.00	1.06	1.47	0.00
Core	CPU	C1%	C3%	C6%	C8%	C9%
-	-	0.00	0.01	4.81	8.72	0.00
0	0	0.00	0.03	34.73	63.20	0.00
0	4	0.00	0.05	0.80	0.17	0.00
1	1	0.00	0.00	0.69	0.80	0.00
1	5	0.00	0.00	0.28	0.99	0.00
2	2	0.00	0.00	0.65	1.09	0.00
2	6	0.00	0.00	0.32	1.39	0.00
3	3	0.00	0.00	0.75	1.09	0.00
3	7	0.00	0.00	0.27	0.99	0.00
Core	CPU	C1%	C3%	C6%	C8%	C9%
-	-	0.01	0.22	4.84	8.33	0.00
0	0	0.10	0.01	35.10	62.71	0.00
0	4	0.00	0.00	1.00	0.66	0.00
1	1	0.00	0.04	0.62	0.00	0.00
1	5	0.00	0.01	0.50	0.00	0.00
2	2	0.00	0.00	0.20	1.08	0.00
2	6	0.00	0.00	0.38	1.19	0.00
3	3	0.00	1.69	0.10	0.00	0.00
3	7	0.00	0.03	0.79	1.00	0.00
Core	CPU	C1%	C3%	C6%	C8%	C9%
-	-	0.00	0.00	4.88	8.49	0.00
0	0	0.00	0.00	34.72	63.20	0.00
0	4	0.00	0.01	0.96	0.67	0.00
1	1	0.00	0.00	0.73	0.71	0.00
1	5	0.00	0.02	0.58	0.59	0.00
2	2	0.00	0.00	0.29	0.79	0.00
2	6	0.00	0.00	0.19	1.08	0.00
3	3	0.00	0.00	0.75	0.60	0.00
3	7	0.00	0.00	0.83	0.30	0.00
Core	CPU	C1%	C3%	C6%	C8%	C9%
-	-	0.00	0.02	4.84	8.65	0.00
0	0	0.00	0.00	34.95	62.99	0.00
0	4	0.00	0.01	1.22	0.88	0.00
1	1	0.00	0.00	0.44	0.79	0.00
1	5	0.00	0.00	0.83	0.79	0.00
2	2	0.00	0.13	0.20	0.79	0.00
2	6	0.00	0.00	0.10	1.19	0.00
3	3	0.00	0.02	0.52	1.18	0.00
3	7	0.00	0.00	0.46	0.59	0.00
Core	CPU	C1%	C3%	C6%	C8%	C9%
-	-	0.00	0.00	5.12	8.33	0.00
0	0	0.00	0.02	36.33	61.60	0.00
0	4	0.00	0.01	0.71	0.18	0.00
1	1	0.00	0.00	0.28	0.89	0.00
1	5	0.00	0.00	0.45	0.99	0.00
2	2	0.00	0.00	0.83	0.79	0.00
2	6	0.00	0.00	0.62	1.09	0.00
3	3	0.00	0.00	1.46	0.30	0.00
3	7	0.00	0.00	0.29	0.79	0.00
Core	CPU	C1%	C3%	C6%	C8%	C9%
-	-	0.00	0.01	4.84	8.48	0.00
0	0	0.00	0.01	36.12	61.81	0.00
0	4	0.00	0.03	0.71	0.17	0.00
1	1	0.00	0.00	0.05	0.60	0.00
1	5	0.00	0.00	0.19	0.99	0.00
2	2	0.00	0.00	0.46	1.19	0.00
2	6	0.00	0.00	0.24	1.00	0.00
3	3	0.00	0.02	0.68	1.10	0.00
3	7	0.00	0.00	0.29	0.99	0.00
Core	CPU	C1%	C3%	C6%	C8%	C9%
-	-	0.00	0.00	4.82	8.52	0.00
0	0	0.00	0.00	36.39	61.56	0.00
0	4	0.00	0.01	0.75	0.17	0.00
1	1	0.00	0.00	0.10	0.79	0.00
1	5	0.00	0.00	0.39	1.68	0.00
2	2	0.00	0.00	0.27	0.99	0.00
2	6	0.00	0.00	0.35	0.80	0.00
3	3	0.00	0.00	0.23	1.09	0.00
3	7	0.00	0.00	0.10	1.09	0.00
Core	CPU	C1%	C3%	C6%	C8%	C9%
-	-	0.00	0.20	4.81	8.29	0.00
0	0	0.00	0.00	35.57	62.36	0.00
0	4	0.00	0.01	0.95	0.17	0.00
1	1	0.00	0.02	0.10	1.00	0.00
1	5	0.00	0.00	0.39	0.11	0.00
2	2	0.00	0.00	0.18	0.99	0.00
2	6	0.00	0.00	0.37	0.79	0.00
3	3	0.00	1.59	0.12	0.00	0.00
3	7	0.00	0.01	0.79	0.90	0.00
Core	CPU	C1%	C3%	C6%	C8%	C9%
-	-	0.02	0.00	4.86	8.63	0.00
0	0	0.11	0.00	34.65	63.18	0.00
0	4	0.04	0.00	1.19	0.18	0.00
1	1	0.00	0.00	0.31	0.81	0.00
1	5	0.00	0.00	0.48	0.60	0.00
2	2	0.00	0.00	0.18	0.99	0.00
2	6	0.00	0.00	0.27	0.89	0.00
3	3	0.00	0.00	1.40	1.60	0.00
3	7	0.00	0.00	0.42	0.80	0.00
Core	CPU	C1%	C3%	C6%	C8%	C9%
-	-	0.00	0.01	4.69	8.88	0.21
0	0	0.00	0.01	35.02	62.88	0.00
0	4	0.00	0.10	0.91	1.23	0.77
1	1	0.00	0.00	0.21	0.62	0.00
1	5	0.00	0.00	0.23	0.30	0.92
2	2	0.00	0.00	0.09	1.30	0.00
2	6	0.00	0.00	0.26	1.69	0.00
3	3	0.00	0.00	0.45	1.50	0.00
3	7	0.00	0.00	0.32	1.50	0.00
Core	CPU	C1%	C3%	C6%	C8%	C9%
-	-	0.00	0.00	4.58	8.93	0.00
0	0	0.00	0.00	34.00	63.92	0.00
0	4	0.00	0.00	0.49	1.09	0.00
1	1	0.00	0.00	0.24	1.29	0.00
1	5	0.00	0.00	0.22	0.99	0.00
2	2	0.00	0.01	0.30	0.80	0.00
2	6	0.00	0.02	0.57	1.41	0.00
3	3	0.00	0.00	0.28	0.88	0.00
3	7	0.00	0.00	0.57	1.01	0.00
Core	CPU	C1%	C3%	C6%	C8%	C9%
-	-	0.00	0.02	4.69	9.78	0.00
0	0	0.00	0.00	34.97	62.94	0.00
0	4	0.00	0.01	0.41	1.16	0.00
1	1	0.00	0.00	0.36	0.89	0.00
1	5	0.00	0.00	0.36	0.79	0.00
2	2	0.00	0.00	0.14	1.09	0.00
2	6	0.00	0.05	0.38	1.09	0.00
3	3	0.00	0.00	0.10	0.99	0.00
3	7	0.00	0.10	0.73	9.26	0.00
Core	CPU	C1%	C3%	C6%	C8%	C9%
-	-	0.00	0.03	4.76	11.09	0.00
0	0	0.00	0.00	34.59	63.45	0.00
0	4	0.00	0.02	0.95	0.67	0.00
1	1	0.00	0.02	0.20	1.10	0.00
1	5	0.00	0.00	0.08	0.40	0.00
2	2	0.03	0.00	0.10	1.09	0.00
2	6	0.00	0.02	0.29	2.27	0.00
3	3	0.00	0.00	0.68	0.99	0.00
3	7	0.00	0.16	1.22	18.79	0.00
Core	CPU	C1%	C3%	C6%	C8%	C9%
-	-	0.00	0.15	4.85	8.33	0.00
0	0	0.00	0.03	35.23	62.69	0.00
0	4	0.00	0.00	0.99	0.32	0.00
1	1	0.00	0.00	0.19	0.98	0.00
1	5	0.00	0.00	0.27	0.99	0.00
2	2	0.00	0.00	0.16	1.09	0.00
2	6	0.00	0.02	0.86	0.30	0.00
3	3	0.01	1.12	0.21	0.00	0.00
3	7	0.00	0.01	0.88	0.29	0.00
Core	CPU	C1%	C3%	C6%	C8%	C9%
-	-	0.00	0.01	4.76	8.66	0.00
0	0	0.00	0.00	34.19	63.75	0.00
0	4	0.00	0.00	0.45	1.08	0.00
1	1	0.00	0.01	0.59	0.59	0.00
1	5	0.00	0.00	0.67	0.70	0.00
2	2	0.00	0.00	0.28	1.08	0.00
2	6	0.00	0.00	0.27	1.08	0.00
3	3	0.00	0.00	0.64	0.60	0.00
3	7	0.00	0.03	0.98	0.40	0.00
Core	CPU	C1%	C3%	C6%	C8%	C9%
-	-	0.00	0.05	4.62	8.62	0.00
0	0	0.00	0.00	33.89	64.04	0.00
0	4	0.00	0.37	0.71	0.70	0.00
1	1	0.00	0.00	0.39	0.41	0.00
1	5	0.00	0.02	0.65	0.41	0.00
2	2	0.00	0.00	0.28	0.81	0.00
2	6	0.00	0.00	0.27	0.90	0.00
3	3	0.00	0.00	0.44	0.80	0.00
3	7	0.00	0.00	0.31	0.90	0.00
Core	CPU	C1%	C3%	C6%	C8%	C9%
-	-	0.00	0.01	4.87	8.30	0.00
0	0	0.00	0.03	35.97	61.98	0.00
0	4	0.00	0.02	0.66	0.58	0.00
1	1	0.00	0.00	0.23	0.50	0.00
1	5	0.00	0.03	0.37	0.21	0.00
2	2	0.00	0.00	0.18	0.50	0.00
2	6	0.00	0.00	0.37	0.91	0.00
3	3	0.00	0.02	0.96	0.81	0.00
3	7	0.00	0.00	0.23	0.90	0.00
Core	CPU	C1%	C3%	C6%	C8%	C9%
-	-	0.00	0.00	4.95	8.71	0.00
0	0	0.00	0.01	35.02	62.95	0.00
0	4	0.00	0.01	1.09	0.96	0.00
1	1	0.00	0.00	0.29	1.10	0.00
1	5	0.00	0.00	0.33	1.49	0.00
2	2	0.00	0.00	0.92	0.40	0.00
2	6	0.00	0.01	0.80	0.39	0.00
3	3	0.00	0.00	0.49	0.89	0.00
3	7	0.00	0.00	0.64	1.50	0.00
Core	CPU	C1%	C3%	C6%	C8%	C9%
-	-	0.00	0.00	4.63	8.75	0.00
0	0	0.00	0.02	34.78	63.17	0.00
0	4	0.00	0.01	0.76	0.56	0.00
1	1	0.00	0.00	0.28	0.99	0.00
1	5	0.00	0.00	0.45	0.79	0.00
2	2	0.00	0.00	0.14	1.09	0.00
2	6	0.00	0.00	0.13	1.18	0.00
3	3	0.00	0.00	0.19	1.39	0.00
3	7	0.00	0.00	0.28	0.79	0.00
Core	CPU	C1%	C3%	C6%	C8%	C9%
-	-	0.00	0.14	4.57	8.60	0.00
0	0	0.00	0.00	34.34	63.61	0.00
0	4	0.00	0.00	0.71	0.18	0.00
1	1	0.00	0.00	0.20	0.98	0.00
1	5	0.00	0.00	0.56	0.99	0.00
2	2	0.00	0.00	0.16	0.99	0.00
2	6	0.00	0.00	0.14	1.18	0.00
3	3	0.01	1.10	0.14	0.00	0.02
3	7	0.00	0.00	0.35	0.86	0.00
Core	CPU	C1%	C3%	C6%	C8%	C9%
-	-	0.00	0.01	4.87	8.55	0.00
0	0	0.00	0.00	35.27	62.68	0.00
0	4	0.00	0.04	0.71	0.18	0.00
1	1	0.00	0.00	0.10	0.99	0.00
1	5	0.00	0.00	0.28	1.10	0.00
2	2	0.00	0.00	0.46	0.89	0.00
2	6	0.00	0.00	0.64	0.99	0.00
3	3	0.00	0.02	1.26	0.69	0.00
3	7	0.00	0.00	0.29	0.90	0.00
Core	CPU	C1%	C3%	C6%	C8%	C9%
-	-	0.00	0.00	4.91	8.47	0.11
0	0	0.00	0.01	36.14	61.80	0.00
0	4	0.00	0.01	0.86	0.18	0.00
1	1	0.00	0.00	0.29	0.30	0.00
1	5	0.00	0.00	0.00	0.60	0.90
2	2	0.00	0.00	0.29	0.99	0.00
2	6	0.00	0.00	0.43	1.38	0.00
3	3	0.00	0.00	1.03	1.40	0.00
3	7	0.00	0.00	0.22	1.09	0.00
Core	CPU	C1%	C3%	C6%	C8%	C9%
-	-	0.00	0.00	4.55	8.74	0.00
0	0	0.00	0.00	33.54	64.40	0.00
0	4	0.00	0.00	0.77	0.18	0.00
1	1	0.00	0.00	0.62	0.62	0.00
1	5	0.00	0.02	0.19	0.69	0.00
2	2	0.00	0.00	0.30	0.60	0.00
2	6	0.00	0.00	0.19	1.09	0.00
3	3	0.00	0.00	0.36	1.09	0.00
3	7	0.00	0.00	0.41	1.30	0.00
Core	CPU	C1%	C3%	C6%	C8%	C9%
-	-	0.00	0.01	4.67	8.63	0.00
0	0	0.00	0.00	35.20	62.74	0.00
0	4	0.00	0.01	0.58	1.16	0.00
1	1	0.00	0.05	0.23	0.91	0.00
1	5	0.00	0.00	0.33	0.79	0.00
2	2	0.00	0.01	0.30	0.80	0.00
2	6	0.00	0.00	0.19	1.09	0.00
3	3	0.00	0.00	0.28	0.89	0.00
3	7	0.00	0.00	0.23	0.69	0.00
Core	CPU	C1%	C3%	C6%	C8%	C9%
-	-	0.00	0.01	4.73	9.01	0.00
0	0	0.00	0.01	33.53	64.13	0.00
0	4	0.00	0.00	1.09	0.69	0.00
1	1	0.00	0.00	0.33	1.68	0.00
1	5	0.00	0.00	0.81	0.89	0.00
2	2	0.00	0.02	0.30	0.80	0.00
2	6	0.00	0.00	0.10	1.09	0.00
3	3	0.00	0.03	1.34	1.98	0.00
3	7	0.00	0.02	0.36	0.79	0.00
Core	CPU	C1%	C3%	C6%	C8%	C9%
-	-	0.00	0.21	4.51	8.79	0.00
0	0	0.00	0.02	33.86	64.13	0.00
0	4	0.00	0.00	0.36	0.70	0.00
1	1	0.00	0.00	0.28	1.28	0.00
1	5	0.00	0.00	0.36	0.79	0.00
2	2	0.00	0.00	0.14	1.09	0.00
2	6	0.00	0.05	0.10	1.28	0.00
3	3	0.00	1.56	0.21	0.11	0.00
3	7	0.00	0.03	0.79	0.96	0.00
Core	CPU	C1%	C3%	C6%	C8%	C9%
-	-	0.00	0.01	4.76	8.62	0.00
0	0	0.00	0.00	34.72	63.20	0.00
0	4	0.00	0.04	0.79	0.79	0.00
1	1	0.00	0.00	0.47	1.18	0.00
1	5	0.00	0.00	0.35	0.99	0.00
2	2	0.00	0.00	0.25	0.99	0.00
2	6	0.00	0.00	0.24	0.59	0.00
3	3	0.00	0.02	0.99	0.29	0.00
3	7	0.00	0.00	0.30	0.89	0.00
Core	CPU	C1%	C3%	C6%	C8%	C9%
-	-	0.00	0.01	4.77	8.62	0.11
0	0	0.00	0.00	34.72	63.22	0.00
0	4	0.00	0.04	1.08	0.28	0.00
1	1	0.00	0.02	0.77	0.41	0.00
1	5	0.00	0.00	0.00	0.70	0.00
2	2	0.00	0.00	0.77	0.89	0.00
2	6	0.00	0.00	0.39	1.28	0.91
3	3	0.00	0.03	0.36	0.99	0.00
3	7	0.00	0.03	0.10	1.18	0.00
Core	CPU	C1%	C3%	C6%	C8%	C9%
-	-	0.00	0.01	4.98	8.55	0.00
0	0	0.00	0.01	35.72	62.19	0.00
0	4	0.00	0.01	0.77	0.18	0.00
1	1	0.00	0.00	0.73	0.72	0.00
1	5	0.00	0.02	0.68	0.00	0.00
2	2	0.00	0.00	0.19	1.00	0.00
2	6	0.00	0.01	0.37	1.39	0.00
3	3	0.00	0.00	1.14	1.49	0.00
3	7	0.00	0.00	0.27	1.40	0.00
Core	CPU	C1%	C3%	C6%	C8%	C9%
-	-	0.00	0.00	5.04	8.61	0.00
0	0	0.00	0.01	34.93	63.02	0.00
0	4	0.00	0.01	1.18	0.97	0.00
1	1	0.00	0.00	0.88	0.71	0.00
1	5	0.00	0.00	0.83	0.79	0.00
2	2	0.00	0.00	0.10	1.19	0.00
2	6	0.00	0.00	0.79	0.59	0.00
3	3	0.00	0.00	0.77	0.79	0.00
3	7	0.00	0.00	0.84	0.79	0.00
Core	CPU	C1%	C3%	C6%	C8%	C9%
-	-	0.00	0.01	4.97	9.14	0.00
0	0	0.00	0.00	33.83	64.13	0.00
0	4	0.00	0.01	1.08	0.67	0.00
1	1	0.00	0.00	0.35	1.97	0.00
1	5	0.00	0.00	1.84	2.27	0.00
2	2	0.00	0.02	0.74	1.28	0.00
2	6	0.00	0.03	0.20	0.99	0.00
3	3	0.00	0.00	0.38	0.99	0.00
3	7	0.00	0.01	1.35	0.79	0.00
Core	CPU	C1%	C3%	C6%	C8%	C9%
-	-	0.00	0.15	4.65	8.66	0.00
0	0	0.00	0.02	33.91	64.04	0.00
0	4	0.00	0.01	0.71	0.18	0.00
1	1	0.00	0.00	0.58	1.09	0.00
1	5	0.00	0.00	0.37	0.79	0.00
2	2	0.00	0.00	0.64	1.18	0.00
2	6	0.00	0.00	0.39	1.28	0.00
3	3	0.00	1.20	0.20	0.01	0.00
3	7	0.00	0.00	0.37	0.70	0.00
Core	CPU	C1%	C3%	C6%	C8%	C9%
-	-	0.00	0.01	4.94	9.00	0.00
0	0	0.00	0.00	34.91	63.02	0.00
0	4	0.00	0.02	0.71	0.19	0.00
1	1	0.00	0.00	0.49	0.89	0.00
1	5	0.00	0.00	0.36	1.29	0.00
2	2	0.00	0.00	0.73	1.80	0.00
2	6	0.00	0.00	0.33	1.89	0.00
3	3	0.00	0.05	1.60	1.10	0.00
3	7	0.00	0.00	0.38	1.79	0.00
Core	CPU	C1%	C3%	C6%	C8%	C9%
-	-	0.00	0.01	4.87	8.64	0.15
0	0	0.00	0.01	35.73	62.23	0.00
0	4	0.00	0.02	0.52	0.96	0.00
1	1	0.00	0.02	0.58	0.00	0.00
1	5	0.00	0.00	0.00	0.60	0.00
2	2	0.00	0.00	0.19	0.99	0.00
2	6	0.00	0.01	1.06	1.97	0.44
3	3	0.00	0.03	0.75	0.89	0.78
3	7	0.00	0.02	0.13	1.49	0.00
Core	CPU	C1%	C3%	C6%	C8%	C9%
-	-	0.00	0.04	4.69	12.28	0.00
0	0	0.00	0.00	33.51	64.55	0.00
0	4	0.00	0.01	0.87	0.18	0.00
1	1	0.00	0.00	0.67	0.82	0.00
1	5	0.00	0.02	0.28	0.89	0.00
2	2	0.00	0.00	0.00	0.50	0.00
2	6	0.00	0.00	0.29	1.28	0.00
3	3	0.00	0.00	0.37	1.18	0.00
3	7	0.01	0.27	1.56	28.86	0.00
Core	CPU	C1%	C3%	C6%	C8%	C9%
-	-	0.00	0.00	4.83	8.63	0.00
0	0	0.00	0.00	34.57	63.38	0.00
0	4	0.00	0.02	1.08	0.56	0.00
1	1	0.00	0.00	0.39	0.81	0.00
1	5	0.00	0.00	0.81	0.60	0.00
2	2	0.00	0.00	0.48	1.00	0.00
2	6	0.00	0.00	0.20	1.48	0.00
3	3	0.00	0.00	0.28	0.79	0.00
3	7	0.00	0.00	0.83	0.40	0.00
Core	CPU	C1%	C3%	C6%	C8%	C9%
-	-	0.00	0.02	4.85	8.62	0.00
0	0	0.00	0.00	35.43	62.50	0.00
0	4	0.00	0.01	1.09	0.47	0.00
1	1	0.00	0.00	0.26	1.28	0.00
1	5	0.00	0.00	0.42	0.89	0.00
2	2	0.00	0.13	0.20	0.89	0.00
2	6	0.00	0.00	0.19	1.10	0.00
3	3	0.00	0.00	0.85	1.10	0.00
3	7	0.00	0.00	0.37	0.69	0.00
Core	CPU	C1%	C3%	C6%	C8%	C9%
-	-	0.00	0.21	4.68	8.60	0.00
0	0	0.00	0.03	34.83	63.08	0.00
0	4	0.00	0.00	0.71	0.18	0.00
1	1	0.00	0.00	0.28	0.99	0.00
1	5	0.00	0.00	0.37	0.79	0.00
2	2	0.00	0.00	0.15	1.18	0.00
2	6	0.00	0.00	0.13	1.28	0.00
3	3	0.00	1.59	0.53	0.01	0.00
3	7	0.00	0.03	0.46	1.29	0.00
Core	CPU	C1%	C3%	C6%	C8%	C9%
-	-	0.00	0.00	4.76	8.60	0.00
0	0	0.00	0.00	34.22	63.67	0.00
0	4	0.00	0.00	0.69	0.19	0.00
1	1	0.00	0.00	0.29	1.29	0.00
1	5	0.00	0.00	0.36	0.89	0.00
2	2	0.00	0.00	0.76	0.78	0.00
2	6	0.00	0.00	0.80	0.40	0.00
3	3	0.00	0.01	0.39	0.79	0.00
3	7	0.00	0.00	0.57	0.81	0.00
Core	CPU	C1%	C3%	C6%	C8%	C9%
-	-	0.00	0.01	4.79	8.48	0.00
0	0	0.00	0.00	35.09	62.51	0.00
0	4	0.00	0.04	1.09	0.39	0.00
1	1	0.00	0.01	0.36	0.40	0.00
1	5	0.00	0.00	0.28	0.90	0.00
2	2	0.00	0.00	0.36	0.80	0.00
2	6	0.00	0.00	0.44	0.80	0.00
3	3	0.00	0.00	0.32	0.81	0.00
3	7	0.00	0.00	0.37	1.21	0.00
Core	CPU	C1%	C3%	C6%	C8%	C9%
-	-	0.01	0.00	4.97	8.35	0.00
0	0	0.00	0.00	36.51	61.43	0.00
0	4	0.07	0.02	0.46	0.47	0.00
1	1	0.00	0.00	0.62	0.61	0.00
1	5	0.00	0.00	0.67	0.41	0.00
2	2	0.00	0.00	0.20	1.08	0.00
2	6	0.00	0.00	0.28	0.89	0.00
3	3	0.00	0.00	0.65	1.10	0.00
3	7	0.00	0.00	0.34	0.79	0.00
Core	CPU	C1%	C3%	C6%	C8%	C9%
-	-	0.00	0.01	4.99	8.58	0.00
0	0	0.00	0.01	36.07	61.80	0.00
0	4	0.00	0.01	1.19	0.97	0.00
1	1	0.00	0.06	0.44	0.70	0.00
1	5	0.00	0.00	0.91	1.20	0.00
2	2	0.00	0.02	0.59	0.99	0.00
2	6	0.00	0.00	0.10	1.19	0.00
3	3	0.00	0.00	0.19	1.18	0.00
3	7	0.00	0.00	0.45	0.59	0.00
Core	CPU	C1%	C3%	C6%	C8%	C9%
-	-	0.00	0.00	4.68	8.78	0.00
0	0	0.00	0.00	34.44	63.41	0.00
0	4	0.00	0.00	1.13	1.17	0.00
1	1	0.00	0.00	0.27	0.90	0.00
1	5	0.00	0.00	0.43	0.80	0.00
2	2	0.00	0.00	0.33	1.00	0.00
2	6	0.00	0.02	0.10	1.09	0.00
3	3	0.00	0.00	0.45	1.00	0.00
3	7	0.00	0.00	0.29	0.88	0.00
Core	CPU	C1%	C3%	C6%	C8%	C9%
-	-	0.00	0.22	4.68	8.66	0.00
0	0	0.00	0.00	35.22	62.70	0.00
0	4	0.00	0.04	0.42	1.18	0.00
1	1	0.00	0.00	0.10	0.89	0.00
1	5	0.00	0.02	0.48	1.19	0.00
2	2	0.00	0.00	0.65	1.09	0.00
2	6	0.00	0.00	0.15	1.18	0.00
3	3	0.01	1.69	0.12	0.00	0.00
3	7	0.00	0.00	0.28	1.09	0.00
Core	CPU	C1%	C3%	C6%	C8%	C9%
-	-	0.00	0.01	4.93	8.79	0.00
0	0	0.00	0.03	35.13	62.74	0.00
0	4	0.00	0.00	1.04	0.59	0.00
1	1	0.00	0.01	0.30	2.17	0.00
1	5	0.00	0.00	0.18	0.40	0.00
2	2	0.00	0.00	0.28	0.89	0.00
2	6	0.00	0.00	0.37	0.89	0.00
3	3	0.00	0.00	1.35	1.88	0.00
3	7	0.00	0.00	0.82	0.79	0.00
Core	CPU	C1%	C3%	C6%	C8%	C9%
-	-	0.00	0.00	4.77	8.58	0.00
0	0	0.00	0.00	35.24	62.64	0.00
0	4	0.00	0.00	0.69	1.00	0.00
1	1	0.00	0.00	0.49	1.00	0.00
1	5	0.00	0.02	0.53	0.51	0.00
2	2	0.00	0.00	0.09	0.80	0.00
2	6	0.00	0.00	0.27	1.00	0.00
3	3	0.00	0.00	0.54	0.81	0.00
3	7	0.00	0.00	0.32	0.90	0.00
Core	CPU	C1%	C3%	C6%	C8%	C9%
-	-	0.00	0.00	4.68	8.60	0.00
0	0	0.00	0.00	35.28	62.59	0.00
0	4	0.00	0.01	0.57	0.87	0.00
1	1	0.00	0.00	0.17	0.90	0.00
1	5	0.00	0.00	0.21	0.58	0.00
2	2	0.00	0.00	0.50	0.60	0.00
2	6	0.00	0.00	0.19	1.18	0.00
3	3	0.00	0.00	0.37	0.98	0.00
3	7	0.00	0.02	0.15	1.09	0.00
Core	CPU	C1%	C3%	C6%	C8%	C9%
-	-	0.00	0.00	4.79	8.64	0.00
0	0	0.00	0.00	34.21	63.67	0.00
0	4	0.00	0.00	0.99	0.98	0.00
1	1	0.00	0.00	0.30	0.89	0.00
1	5	0.00	0.00	0.15	0.99	0.00
2	2	0.00	0.00	0.92	0.40	0.00
2	6	0.00	0.01	0.80	0.39	0.00
3	3	0.00	0.00	0.10	0.98	0.00
3	7	0.00	0.00	0.86	0.79	0.00
Core	CPU	C1%	C3%	C6%	C8%	C9%
-	-	0.00	0.00	4.89	8.71	0.00
0	0	0.00	0.02	35.37	62.43	0.00
0	4	0.00	0.00	0.70	0.48	0.00
1	1	0.00	0.00	0.27	1.09	0.00
1	5	0.00	0.00	0.94	1.49	0.00
2	2	0.00	0.00	0.34	0.80	0.00
2	6	0.00	0.00	0.22	1.20	0.00
3	3	0.00	0.00	0.76	1.09	0.00
3	7	0.00	0.00	0.55	1.10	0.00
Core	CPU	C1%	C3%	C6%	C8%	C9%
-	-	0.00	0.19	4.75	8.35	0.00
0	0	0.00	0.00	34.38	63.50	0.00
0	4	0.00	0.00	0.65	0.28	0.00
1	1	0.00	0.02	0.59	0.20	0.00
1	5	0.00	0.00	0.55	0.14	0.00
2	2	0.00	0.00	0.47	0.99	0.00
2	6	0.00	0.00	0.36	0.79	0.00
3	3	0.00	1.48	0.23	0.00	0.00
3	7	0.00	0.00	0.77	0.90	0.00
Core	CPU	C1%	C3%	C6%	C8%	C9%
-	-	0.00	0.00	4.75	8.67	0.00
0	0	0.00	0.00	34.69	63.22	0.00
0	4	0.00	0.00	0.44	1.09	0.00
1	1	0.00	0.02	0.30	0.82	0.00
1	5	0.00	0.00	0.47	0.71	0.00
2	2	0.00	0.00	0.40	0.78	0.00
2	6	0.00	0.02	0.44	0.60	0.00
3	3	0.00	0.00	0.93	0.60	0.00
3	7	0.00	0.00	0.32	1.59	0.00
Core	CPU	C1%	C3%	C6%	C8%	C9%
-	-	0.02	0.01	5.04	8.73	0.00
0	0	0.00	0.03	35.28	62.18	0.00
0	4	0.00	0.00	0.99	1.48	0.00
1	1	0.00	0.00	0.42	1.68	0.00
1	5	0.00	0.03	1.22	1.00	0.00
2	2	0.16	0.00	0.80	0.79	0.00
2	6	0.00	0.00	0.89	0.79	0.00
3	3	0.00	0.00	0.23	0.99	0.00
3	7	0.00	0.00	0.54	0.90	0.00
Core	CPU	C1%	C3%	C6%	C8%	C9%
-	-	0.00	0.00	4.89	8.90	0.00
0	0	0.00	0.00	34.50	63.38	0.00
0	4	0.00	0.00	0.50	1.08	0.00
1	1	0.00	0.00	0.17	1.77	0.00
1	5	0.00	0.00	0.43	0.99	0.00
2	2	0.00	0.00	0.83	0.79	0.00
2	6	0.00	0.01	0.90	0.79	0.00
3	3	0.00	0.00	1.42	1.59	0.00
3	7	0.00	0.00	0.37	0.79	0.00
Core	CPU	C1%	C3%	C6%	C8%	C9%
-	-	0.00	0.01	4.60	8.96	0.00
0	0	0.00	0.03	34.30	63.57	0.00
0	4	0.00	0.00	0.42	0.99	0.00
1	1	0.00	0.00	0.23	1.08	0.00
1	5	0.00	0.00	0.48	1.40	0.00
2	2	0.00	0.05	0.29	1.19	0.00
2	6	0.00	0.00	0.20	0.99	0.00
3	3	0.00	0.02	0.29	1.10	0.00
3	7	0.00	0.00	0.56	1.30	0.00
Core	CPU	C1%	C3%	C6%	C8%	C9%
-	-	0.00	0.01	4.47	8.86	0.00
0	0	0.00	0.00	33.67	64.24	0.00
0	4	0.00	0.02	0.31	0.98	0.00
1	1	0.00	0.00	0.10	0.89	0.00
1	5	0.00	0.00	0.26	1.09	0.00
2	2	0.00	0.00	0.16	1.09	0.00
2	6	0.00	0.01	0.15	0.99	0.00
3	3	0.00	0.03	0.99	0.39	0.00
3	7	0.00	0.00	0.10	1.20	0.00
Core	CPU	C1%	C3%	C6%	C8%	C9%
-	-	0.10	0.19	4.50	8.60	0.00
0	0	0.00	0.00	33.55	64.44	0.00
0	4	0.00	0.00	0.35	0.98	0.00
1	1	0.00	0.02	0.45	0.30	0.00
1	5	0.79	0.00	0.00	0.20	0.00
2	2	0.00	0.00	0.37	1.09	0.00
2	6	0.00	0.00	0.45	0.79	0.00
3	3	0.01	1.47	0.22	0.00	0.00
3	7	0.00	0.02	0.59	1.00	0.00
Core	CPU	C1%	C3%	C6%	C8%	C9%
-	-	0.03	0.03	4.93	9.66	0.00
0	0	0.20	0.00	35.49	62.27	0.00
0	4	0.00	0.01	0.86	0.87	0.00
1	1	0.00	0.00	0.65	0.31	0.00
1	5	0.00	0.12	0.18	0.52	0.00
2	2	0.00	0.00	0.29	0.89	0.00
2	6	0.00	0.00	0.28	0.89	0.00
3	3	0.00	0.00	0.94	0.80	0.00
3	7	0.00	0.13	0.77	10.71	0.00
Core	CPU	C1%	C3%	C6%	C8%	C9%
-	-	0.00	0.00	4.77	10.83	0.00
0	0	0.00	0.01	35.06	62.91	0.00
0	4	0.00	0.01	1.09	0.68	0.00
1	1	0.00	0.00	0.33	1.19	0.00
1	5	0.00	0.00	0.15	1.00	0.00
2	2	0.00	0.00	0.14	1.00	0.00
2	6	0.00	0.00	0.31	1.23	0.00
3	3	0.00	0.00	0.23	0.99	0.00
3	7	0.00	0.01	0.83	17.62	0.00
Core	CPU	C1%	C3%	C6%	C8%	C9%
-	-	0.00	0.01	4.78	8.63	0.00
0	0	0.00	0.00	34.25	63.68	0.00
0	4	0.00	0.01	0.71	0.17	0.00
1	1	0.00	0.00	0.20	0.98	0.00
1	5	0.00	0.00	0.94	0.89	0.00
2	2	0.00	0.00	0.16	1.09	0.00
2	6	0.00	0.07	0.88	0.81	0.00
3	3	0.00	0.02	0.30	0.89	0.00
3	7	0.00	0.00	0.79	0.49	0.00
Core	CPU	C1%	C3%	C6%	C8%	C9%
-	-	0.00	0.00	4.78	8.56	0.00
0	0	0.00	0.00	34.44	63.48	0.00
0	4	0.00	0.01	0.85	0.47	0.00
1	1	0.00	0.01	0.33	0.69	0.00
1	5	0.00	0.00	0.10	0.98	0.00
2	2	0.00	0.00	0.18	0.99	0.00
2	6	0.00	0.00	0.45	0.79	0.00
3	3	0.00	0.00	1.04	0.30	0.00
3	7	0.00	0.02	0.90	0.79	0.00
Core	CPU	C1%	C3%	C6%	C8%	C9%
-	-	0.00	0.00	4.97	8.89	0.00
0	0	0.00	0.00	34.91	63.04	0.00
0	4	0.00	0.01	1.06	1.75	0.00
1	1	0.00	0.00	0.14	0.40	0.00
1	5	0.00	0.02	0.20	0.60	0.00
2	2	0.00	0.00	0.70	0.79	0.00
2	6	0.00	0.00	0.33	2.08	0.00
3	3	0.00	0.00	1.45	1.28	0.00
3	7	0.00	0.00	0.93	1.18	0.00
Core	CPU	C1%	C3%	C6%	C8%	C9%
-	-	0.00	0.22	4.78	8.62	0.00
0	0	0.00	0.01	35.24	62.66	0.00
0	4	0.00	0.01	0.99	0.77	0.00
1	1	0.00	0.00	0.36	0.89	0.00
1	5	0.00	0.00	0.24	1.02	0.00
2	2	0.00	0.12	0.27	1.27	0.00
2	6	0.00	0.00	0.20	1.57	0.00
3	3	0.00	1.59	0.08	0.00	0.00
3	7	0.00	0.00	0.84	0.80	0.00
Core	CPU	C1%	C3%	C6%	C8%	C9%
-	-	0.00	0.00	4.73	8.77	0.00
0	0	0.00	0.00	33.49	64.42	0.00
0	4	0.00	0.00	0.90	0.78	0.00
1	1	0.00	0.00	0.17	1.00	0.00
1	5	0.00	0.00	0.34	0.91	0.00
2	2	0.00	0.00	0.82	0.50	0.00
2	6	0.00	0.02	0.96	0.99	0.00
3	3	0.00	0.00	0.69	0.58	0.00
3	7	0.00	0.00	0.51	0.97	0.00
Core	CPU	C1%	C3%	C6%	C8%	C9%
-	-	0.00	0.01	4.66	8.82	0.00
0	0	0.00	0.02	33.91	64.00	0.00
0	4	0.00	0.00	0.44	0.60	0.00
1	1	0.00	0.00	0.84	1.20	0.00
1	5	0.00	0.00	0.26	1.00	0.00
2	2	0.00	0.00	0.33	1.00	0.00
2	6	0.00	0.02	0.50	0.70	0.00
3	3	0.00	0.04	0.40	1.00	0.00
3	7	0.00	0.00	0.61	1.10	0.00
Core	CPU	C1%	C3%	C6%	C8%	C9%
-	-	0.00	0.01	4.77	8.57	0.00
0	0	0.00	0.00	35.12	62.79	0.00
0	4	0.00	0.01	0.33	1.28	0.00
1	1	0.00	0.00	0.19	0.89	0.00
1	5	0.00	0.00	0.37	0.90	0.00
2	2	0.00	0.00	0.35	0.80	0.00
2	6	0.00	0.01	0.23	0.60	0.00
3	3	0.00	0.02	1.16	0.79	0.00
3	7	0.00	0.00	0.39	0.50	0.00
Core	CPU	C1%	C3%	C6%	C8%	C9%
-	-	0.00	0.01	4.91	9.03	0.00
0	0	0.00	0.01	35.70	62.25	0.00
0	4	0.00	0.01	1.13	0.99	0.00
1	1	0.00	0.01	0.37	1.20	0.00
1	5	0.00	0.00	0.00	0.50	0.00
2	2	0.00	0.00	0.46	1.79	0.00
2	6	0.00	0.00	0.68	1.71	0.00
3	3	0.00	0.00	0.60	1.89	0.00
3	7	0.00	0.00	0.38	1.90	0.00
Core	CPU	C1%	C3%	C6%	C8%	C9%
-	-	0.00	0.00	4.88	8.55	0.00
0	0	0.00	0.00	35.22	62.73	0.00
0	4	0.00	0.02	0.96	0.67	0.00
1	1	0.00	0.00	0.22	0.69	0.00
1	5	0.00	0.00	0.56	0.11	0.00
2	2	0.00	0.00	0.48	1.18	0.00
2	6	0.00	0.01	0.45	1.20	0.00
3	3	0.00	0.00	0.36	1.07	0.00
3	7	0.00	0.00	0.83	0.79	0.00
Core	CPU	C1%	C3%	C6%	C8%	C9%
-	-	0.00	0.23	4.49	8.78	0.00
0	0	0.00	0.00	33.30	64.67	0.00
0	4	0.00	0.00	0.88	0.98	0.00
1	1	0.00	0.01	0.14	0.89	0.00
1	5	0.00	0.00	0.23	0.68	0.00
2	2	0.00	0.00	0.39	0.60	0.00
2	6	0.00	0.01	0.76	1.29	0.00
3	3	0.00	1.79	0.11	0.00	0.00
3	7	0.00	0.00	0.13	1.10	0.00
Core	CPU	C1%	C3%	C6%	C8%	C9%
-	-	0.00	0.00	4.75	8.70	0.00
0	0	0.00	0.00	34.16	63.72	0.00
0	4	0.00	0.00	0.48	0.88	0.00
1	1	0.00	0.00	0.84	0.61	0.00
1	5	0.00	0.00	0.22	0.89	0.00
2	2	0.00	0.01	0.59	0.60	0.00
2	6	0.00	0.00	0.29	0.99	0.00
3	3	0.00	0.00	0.87	1.09	0.00
3	7	0.00	0.00	0.55	0.80	0.00
Core	CPU	C1%	C3%	C6%	C8%	C9%
-	-	0.00	0.02	4.64	8.90	0.11
0	0	0.00	0.01	34.46	63.44	0.00
0	4	0.00	0.00	0.50	1.08	0.00
1	1	0.00	0.00	0.39	1.19	0.00
1	5	0.00	0.00	0.20	1.29	0.90
2	2	0.00	0.11	0.31	0.90	0.00
2	6	0.00	0.00	0.14	1.09	0.00
3	3	0.00	0.00	0.79	1.38	0.00
3	7	0.00	0.01	0.36	0.79	0.00
Core	CPU	C1%	C3%	C6%	C8%	C9%
-	-	0.01	0.00	4.54	9.12	0.00
0	0	0.00	0.00	32.96	65.03	0.00
0	4	0.00	0.01	0.71	0.86	0.00
1	1	0.00	0.00	0.28	0.89	0.00
1	5	0.05	0.00	0.97	1.58	0.00
2	2	0.00	0.00	0.14	1.09	0.00
2	6	0.00	0.00	0.30	1.19	0.03
3	3	0.00	0.00	0.10	1.20	0.00
3	7	0.00	0.00	0.88	1.09	0.00
Core	CPU	C1%	C3%	C6%	C8%	C9%
-	-	0.00	0.01	4.86	9.06	0.00
0	0	0.00	0.00	35.03	62.93	0.00
0	4	0.00	0.02	1.23	0.88	0.00
1	1	0.00	0.02	0.54	1.29	0.00
1	5	0.00	0.00	0.40	0.10	0.00
2	2	0.00	0.00	0.46	1.79	0.00
2	6	0.00	0.08	0.64	1.69	0.00
3	3	0.00	0.00	0.32	1.90	0.00
3	7	0.00	0.00	0.28	1.90	0.00
Core	CPU	C1%	C3%	C6%	C8%	C9%
-	-	0.00	0.01	4.97	8.76	0.00
0	0	0.00	0.03	35.24	62.67	0.00
0	4	0.00	0.01	1.15	0.77	0.00
1	1	0.00	0.03	0.79	0.79	0.00
1	5	0.00	0.00	0.67	1.11	0.00
2	2	0.00	0.00	0.28	1.29	0.00
2	6	0.00	0.00	0.41	1.19	0.00
3	3	0.00	0.00	0.97	0.99	0.00
3	7	0.00	0.00	0.23	1.29	0.00
Core	CPU	C1%	C3%	C6%	C8%	C9%
-	-	0.00	0.26	4.65	8.70	0.00
0	0	0.00	0.01	34.04	63.91	0.00
0	4	0.00	0.00	0.88	0.60	0.00
1	1	0.00	0.00	0.18	1.21	0.00
1	5	0.00	0.00	0.67	0.69	0.00
2	2	0.00	0.00	0.40	0.10	0.00
2	6	0.00	0.00	0.22	1.48	0.00
3	3	0.00	2.09	0.08	0.00	0.00
3	7	0.00	0.00	0.73	1.59	0.00
Core	CPU	C1%	C3%	C6%	C8%	C9%
-	-	0.00	0.00	4.57	8.83	0.00
0	0	0.00	0.00	33.73	64.19	0.00
0	4	0.00	0.00	0.48	1.19	0.00
1	1	0.00	0.00	0.25	0.90	0.00
1	5	0.00	0.00	0.31	0.89	0.00
2	2	0.00	0.00	0.20	0.89	0.00
2	6	0.00	0.00	0.29	1.10	0.00
3	3	0.00	0.03	0.86	0.69	0.00
3	7	0.00	0.00	0.45	0.79	0.00
Core	CPU	C1%	C3%	C6%	C8%	C9%
-	-	0.00	0.01	4.72	8.48	0.00
0	0	0.00	0.00	34.43	63.47	0.00
0	4	0.00	0.00	0.40	0.87	0.00
1	1	0.00	0.00	0.26	0.89	0.00
1	5	0.00	0.00	0.25	0.89	0.00
2	2	0.00	0.00	0.82	0.00	0.00
2	6	0.00	0.07	0.92	0.02	0.00
3	3	0.00	0.00	0.25	0.89	0.00
3	7	0.00	0.00	0.42	0.79	0.00
Core	CPU	C1%	C3%	C6%	C8%	C9%
-	-	0.00	0.01	4.90	8.70	0.00
0	0	0.00	0.01	34.34	63.60	0.00
0	4	0.00	0.00	0.80	0.99	0.00
1	1	0.00	0.00	0.28	1.28	0.00
1	5	0.00	0.00	0.44	0.80	0.00
2	2	0.00	0.00	0.83	0.79	0.00
2	6	0.00	0.04	0.93	0.58	0.00
3	3	0.00	0.00	1.07	0.69	0.00
3	7	0.00	0.00	0.47	0.89	0.00
Core	CPU	C1%	C3%	C6%	C8%	C9%
-	-	0.00	0.01	4.58	8.74	0.00
0	0	0.00	0.01	34.54	63.39	0.00
0	4	0.00	0.02	0.21	0.69	0.00
1	1	0.00	0.00	0.17	0.79	0.00
1	5	0.00	0.00	0.28	1.39	0.00
2	2	0.00	0.00	0.37	0.79	0.00
2	6	0.00	0.02	0.19	1.09	0.00
3	3	0.00	0.00	0.62	0.70	0.00
3	7	0.00	0.00	0.29	1.10	0.00
Core	CPU	C1%	C3%	C6%	C8%	C9%
-	-	0.00	0.00	4.59	8.93	0.00
0	0	0.00	0.00	34.41	63.57	0.00
0	4	0.00	0.02	0.45	1.18	0.00
1	1	0.00	0.02	0.38	1.23	0.00
1	5	0.00	0.00	0.17	1.09	0.00
2	2	0.00	0.00	0.18	1.09	0.00
2	6	0.00	0.00	0.45	1.00	0.00
3	3	0.00	0.00	0.34	0.99	0.00
3	7	0.00	0.00	0.31	1.30	0.00
Core	CPU	C1%	C3%	C6%	C8%	C9%
-	-	0.00	0.24	4.73	12.34	0.00
0	0	0.00	0.00	33.43	64.61	0.00
0	4	0.00	0.02	1.18	0.58	0.00
1	1	0.00	0.00	0.34	1.00	0.00
1	5	0.00	0.00	0.23	1.09	0.00
2	2	0.00	0.01	0.69	1.29	0.00
2	6	0.00	0.00	0.13	1.29	0.00
3	3	0.00	1.69	0.09	0.00	0.00
3	7	0.01	0.16	1.73	28.86	0.00
Core	CPU	C1%	C3%	C6%	C8%	C9%
-	-	0.00	0.02	4.87	8.97	0.00
0	0	0.00	0.01	34.12	63.51	0.00
0	4	0.00	0.00	1.19	0.59	0.00
1	1	0.00	0.00	0.35	2.37	0.00
1	5	0.00	0.00	0.43	0.80	0.00
2	2	0.00	0.11	0.41	0.89	0.00
2	6	0.00	0.00	0.45	1.31	0.00
3	3	0.00	0.00	1.08	1.58	0.00
3	7	0.00	0.03	0.95	0.71	0.00
Core	CPU	C1%	C3%	C6%	C8%	C9%
-	-	0.00	0.00	4.87	8.72	0.10
0	0	0.00	0.03	35.27	62.61	0.00
0	4	0.00	0.00	0.26	0.83	0.00
1	1	0.00	0.00	0.84	1.29	0.00
1	5	0.00	0.00	0.45	0.79	0.82
2	2	0.00	0.00	0.84	0.79	0.00
2	6	0.00	0.00	0.13	1.09	0.00
3	3	0.00	0.00	0.20	1.19	0.00
3	7	0.00	0.00	0.97	1.18	0.00
Core	CPU	C1%	C3%	C6%	C8%	C9%
-	-	0.00	0.00	4.54	8.90	0.00
0	0	0.00	0.00	33.65	64.31	0.00
0	4	0.00	0.01	0.71	0.18	0.00
1	1	0.00	0.00	0.57	1.01	0.00
1	5	0.00	0.00	0.18	1.00	0.00
2	2	0.00	0.00	0.25	0.90	0.00
2	6	0.00	0.00	0.31	1.23	0.00
3	3	0.00	0.02	0.48	1.59	0.00
3	7	0.00	0.00	0.20	0.99	0.00
Core	CPU	C1%	C3%	C6%	C8%	C9%
-	-	0.00	0.01	4.63	8.86	0.00
0	0	0.00	0.00	33.87	64.05	0.00
0	4	0.00	0.00	0.75	0.29	0.00
1	1	0.00	0.02	0.67	0.79	0.00
1	5	0.00	0.00	0.08	0.60	0.00
2	2	0.00	0.00	0.28	1.29	0.00
2	6	0.00	0.01	0.55	1.10	0.00
3	3	0.00	0.00	0.56	1.40	0.00
3	7	0.00	0.05	0.28	1.40	0.00
Core	CPU	C1%	C3%	C6%	C8%	C9%
-	-	0.00	0.01	4.70	8.82	0.00
0	0	0.00	0.02	34.85	63.04	0.00
0	4	0.00	0.01	0.31	0.68	0.00
1	1	0.00	0.00	0.23	1.18	0.00
1	5	0.00	0.02	0.27	0.80	0.00
2	2	0.00	0.00	0.18	1.40	0.00
2	6	0.00	0.00	0.36	0.92	0.00
3	3	0.00	0.00	0.95	1.29	0.00
3	7	0.00	0.00	0.42	1.21	0.00
Core	CPU	C1%	C3%	C6%	C8%	C9%
-	-	0.00	0.24	4.77	8.80	0.00
0	0	0.00	0.01	35.16	62.80	0.00
0	4	0.00	0.02	1.17	0.77	0.00
1	1	0.00	0.00	0.88	1.38	0.00
1	5	0.00	0.00	0.32	1.38	0.00
2	2	0.00	0.02	0.10	1.29	0.00
2	6	0.00	0.00	0.20	1.38	0.00
3	3	0.00	1.89	0.10	0.00	0.00
3	7	0.00	0.00	0.23	1.39	0.00
Core	CPU	C1%	C3%	C6%	C8%	C9%
-	-	0.00	0.00	4.59	8.82	0.00
0	0	0.00	0.00	33.19	64.80	0.00
0	4	0.00	0.00	1.09	0.49	0.00
1	1	0.00	0.00	0.26	0.89	0.00
1	5	0.00	0.00	0.32	1.09	0.00
2	2	0.00	0.02	0.58	0.80	0.00
2	6	0.00	0.00	0.28	0.99	0.00
3	3	0.00	0.00	0.49	0.59	0.00
3	7	0.00	0.00	0.52	0.89	0.00
Core	CPU	C1%	C3%	C6%	C8%	C9%
-	-	0.00	0.07	4.70	8.79	0.10
0	0	0.00	0.54	34.50	62.53	0.00
0	4	0.00	0.00	0.52	1.68	0.00
1	1	0.00	0.00	0.46	1.29	0.00
1	5	0.00	0.00	0.46	0.99	0.00
2	2	0.00	0.00	0.83	0.80	0.00
2	6	0.00	0.04	0.27	1.29	0.00
3	3	0.00	0.00	0.20	0.99	0.00
3	7	0.00	0.00	0.33	0.79	0.78
Core	CPU	C1%	C3%	C6%	C8%	C9%
-	-	0.00	0.01	4.92	8.66	0.00
0	0	0.00	0.00	35.74	62.16	0.00
0	4	0.00	0.04	0.41	1.26	0.00
1	1	0.00	0.00	0.79	0.60	0.00
1	5	0.00	0.00	0.37	0.99	0.00
2	2	0.00	0.00	0.26	0.89	0.00
2	6	0.00	0.02	0.37	1.28	0.00
3	3	0.00	0.02	1.00	1.09	0.00
3	7	0.00	0.00	0.39	1.00	0.00
Core	CPU	C1%	C3%	C6%	C8%	C9%
-	-	0.00	0.01	4.87	8.72	0.00
0	0	0.00	0.01	35.49	62.37	0.00
0	4	0.00	0.02	0.94	0.77	0.00
1	1	0.00	0.02	0.36	0.41	0.00
1	5	0.00	0.00	0.14	0.70	0.00
2	2	0.00	0.00	0.18	0.99	0.00
2	6	0.00	0.01	0.93	1.32	0.00
3	3	0.00	0.00	0.54	1.08	0.00
3	7	0.00	0.03	0.35	2.09	0.00
Core	CPU	C1%	C3%	C6%	C8%	C9%
-	-	0.00	0.00	4.77	8.87	0.00
0	0	0.00	0.00	35.22	62.66	0.00
0	4	0.00	0.01	1.06	0.69	0.00
1	1	0.00	0.00	0.33	1.39	0.00
1	5	0.00	0.02	0.28	1.18	0.00
2	2	0.00	0.00	0.10	1.09	0.00
2	6	0.00	0.00	0.42	1.30	0.00
3	3	0.00	0.00	0.46	1.38	0.00
3	7	0.00	0.00	0.33	1.30	0.00
Core	CPU	C1%	C3%	C6%	C8%	C9%
-	-	0.09	0.13	4.82	8.64	0.00
0	0	0.00	0.00	35.28	62.61	0.00
0	4	0.00	0.01	0.99	0.58	0.00
1	1	0.00	0.00	0.23	1.09	0.00
1	5	0.00	0.00	0.14	1.19	0.00
2	2	0.68	0.02	0.59	0.99	0.00
2	6	0.00	0.00	1.10	1.98	0.00
3	3	0.05	1.02	0.17	0.00	0.00
3	7	0.00	0.01	0.05	0.70	0.00
Core	CPU	C1%	C3%	C6%	C8%	C9%
-	-	0.00	0.00	4.87	8.90	0.00
0	0	0.00	0.00	34.91	62.96	0.00
0	4	0.00	0.00	1.10	1.77	0.00
1	1	0.00	0.00	0.17	1.09	0.00
1	5	0.00	0.00	0.44	0.79	0.00
2	2	0.00	0.00	0.33	1.00	0.00
2	6	0.00	0.03	0.28	1.20	0.00
3	3	0.00	0.01	0.87	2.10	0.00
3	7	0.00	0.00	0.87	0.30	0.00
Core	CPU	C1%	C3%	C6%	C8%	C9%
-	-	0.00	0.06	4.92	8.50	0.11
0	0	0.00	0.44	36.72	60.29	0.00
0	4	0.00	0.01	0.81	0.31	0.00
1	1	0.00	0.00	0.28	1.49	0.00
1	5	0.00	0.00	0.63	1.29	0.90
2	2	0.00	0.00	0.15	1.09	0.00
2	6	0.00	0.00	0.17	1.28	0.00
3	3	0.00	0.01	0.30	1.29	0.00
3	7	0.00	0.00	0.29	0.99	0.00
Core	CPU	C1%	C3%	C6%	C8%	C9%
-	-	0.00	0.00	4.67	8.91	0.00
0	0	0.00	0.00	34.53	63.29	0.00
0	4	0.00	0.00	0.57	0.50	0.00
1	1	0.00	0.00	0.18	1.20	0.00
1	5	0.00	0.00	0.37	0.90	0.00
2	2	0.00	0.00	0.36	0.89	0.00
2	6	0.00	0.01	0.54	1.69	0.00
3	3	0.00	0.00	0.59	1.61	0.00
3	7	0.00	0.00	0.18	1.20	0.00
Core	CPU	C1%	C3%	C6%	C8%	C9%
-	-	0.00	0.00	4.92	8.40	0.00
0	0	0.00	0.00	35.19	62.69	0.00
0	4	0.00	0.01	0.29	0.68	0.00
1	1	0.00	0.02	0.67	0.10	0.00
1	5	0.00	0.00	0.79	0.80	0.00
2	2	0.00	0.00	0.18	1.09	0.00
2	6	0.00	0.00	0.36	0.79	0.00
3	3	0.00	0.00	1.12	0.59	0.00
3	7	0.00	0.01	0.80	0.49	0.00
Core	CPU	C1%	C3%	C6%	C8%	C9%
-	-	0.00	0.00	4.82	8.55	0.00
0	0	0.00	0.03	35.29	62.55	0.00
0	4	0.00	0.00	0.79	0.29	0.00
1	1	0.00	0.00	0.22	0.33	0.00
1	5	0.00	0.00	0.19	0.61	0.00
2	2	0.00	0.00	0.37	1.21	0.00
2	6	0.00	0.00	0.35	1.09	0.00
3	3	0.00	0.01	0.85	0.91	0.00
3	7	0.00	0.00	0.50	1.41	0.00
Core	CPU	C1%	C3%	C6%	C8%	C9%
-	-	0.00	0.17	4.57	8.88	0.00
0	0	0.00	0.01	34.31	63.61	0.00
0	4	0.00	0.00	0.53	1.49	0.00
1	1	0.00	0.01	0.19	1.60	0.00
1	5	0.00	0.00	0.98	1.09	0.00
2	2	0.00	0.01	0.20	0.90	0.00
2	6	0.00	0.00	0.15	1.48	0.00
3	3	0.00	1.32	0.07	0.00	0.00
3	7	0.00	0.00	0.14	0.89	0.00
Core	CPU	C1%	C3%	C6%	C8%	C9%
-	-	0.00	0.00	4.85	9.05	0.00
0	0	0.00	0.00	33.37	64.53	0.00
0	4	0.00	0.00	0.68	1.30	0.00
1	1	0.00	0.00	0.52	1.40	0.00
1	5	0.00	0.00	1.20	1.59	0.00
2	2	0.00	0.02	0.48	1.01	0.00
2	6	0.00	0.00	0.94	0.82	0.00
3	3	0.00	0.00	1.08	0.71	0.00
3	7	0.00	0.00	0.55	0.99	0.00
Core	CPU	C1%	C3%	C6%	C8%	C9%
-	-	0.00	0.01	4.66	8.89	0.00
0	0	0.00	0.01	34.66	63.24	0.00
0	4	0.00	0.02	0.31	1.27	0.00
1	1	0.00	0.00	0.27	1.29	0.00
1	5	0.00	0.00	0.36	0.80	0.00
2	2	0.00	0.00	0.32	1.23	0.00
2	6	0.00	0.05	0.65	1.40	0.00
3	3	0.00	0.00	0.18	1.11	0.00
3	7	0.00	0.00	0.51	0.79	0.00
Core	CPU	C1%	C3%	C6%	C8%	C9%
-	-	0.00	0.02	4.73	8.78	0.00
0	0	0.00	0.00	34.61	63.31	0.00
0	4	0.00	0.03	0.67	0.19	0.00
1	1	0.00	0.00	0.19	0.99	0.00
1	5	0.00	0.00	0.45	1.10	0.00
2	2	0.00	0.00	0.24	1.19	0.00
2	6	0.00	0.07	0.63	1.00	0.00
3	3	0.00	0.01	0.77	0.99	0.00
3	7	0.00	0.03	0.29	1.49	0.00
Core	CPU	C1%	C3%	C6%	C8%	C9%
-	-	0.00	0.04	4.88	12.35	0.00
0	0	0.00	0.01	33.41	64.62	0.00
0	4	0.00	0.00	0.69	0.69	0.00
1	1	0.00	0.02	0.49	0.71	0.00
1	5	0.00	0.00	0.79	0.70	0.00
2	2	0.00	0.00	0.28	0.89	0.00
2	6	0.00	0.02	0.65	2.09	0.00
3	3	0.00	0.00	0.97	0.69	0.00
3	7	0.02	0.23	1.75	28.45	0.00
Core	CPU	C1%	C3%	C6%	C8%	C9%
-	-	0.00	0.00	4.70	8.82	0.00
0	0	0.00	0.00	33.68	64.24	0.00
0	4	0.00	0.00	0.27	0.69	0.00
1	1	0.00	0.00	0.81	0.60	0.00
1	5	0.00	0.01	0.68	0.11	0.00
2	2	0.00	0.00	0.47	1.79	0.00
2	6	0.00	0.02	0.55	1.59	0.00
3	3	0.00	0.00	0.26	0.98	0.00
3	7	0.00	0.00	0.85	0.60	0.00
Core	CPU	C1%	C3%	C6%	C8%	C9%
-	-	0.00	0.15	4.89	8.55	0.00
0	0	0.00	0.00	34.39	63.55	0.00
0	4	0.00	0.01	0.76	0.99	0.00
1	1	0.00	0.00	0.68	0.59	0.00
1	5	0.00	0.00	0.72	0.68	0.00
2	2	0.00	0.00	0.68	0.70	0.00
2	6	0.00	0.00	1.00	1.09	0.00
3	3	0.00	1.19	0.09	0.00	0.00
3	7	0.00	0.00	0.83	0.80	0.00
Core	CPU	C1%	C3%	C6%	C8%	C9%
-	-	0.00	0.00	4.61	8.63	0.00
0	0	0.00	0.01	33.57	64.38	0.00
0	4	0.00	0.00	0.78	0.19	0.00
1	1	0.00	0.00	0.15	0.40	0.00
1	5	0.00	0.00	0.42	0.50	0.00
2	2	0.00	0.00	0.00	0.60	0.00
2	6	0.00	0.00	0.39	1.08	0.00
3	3	0.00	0.00	0.97	1.39	0.00
3	7	0.00	0.00	0.57	0.51	0.00
Core	CPU	C1%	C3%	C6%	C8%	C9%
-	-	0.00	0.01	4.72	8.84	0.00
0	0	0.00	0.01	34.47	63.42	0.00
0	4	0.00	0.00	0.49	1.21	0.00
1	1	0.00	0.00	0.27	0.90	0.00
1	5	0.00	0.00	0.53	1.51	0.00
2	2	0.00	0.00	0.32	1.00	0.00
2	6	0.00	0.04	0.91	1.20	0.00
3	3	0.00	0.00	0.37	0.82	0.00
3	7	0.00	0.00	0.40	0.70	0.00
Core	CPU	C1%	C3%	C6%	C8%	C9%
-	-	0.00	0.00	4.63	8.77	0.13
0	0	0.00	0.00	34.59	63.35	0.00
0	4	0.00	0.01	0.21	0.69	0.00
1	1	0.00	0.00	0.18	1.09	0.00
1	5	0.00	0.00	0.44	1.00	0.00
2	2	0.00	0.00	0.34	1.10	0.00
2	6	0.00	0.00	0.74	1.71	1.01
3	3	0.00	0.00	0.28	0.71	0.00
3	7	0.00	0.00	0.28	0.50	0.00
Core	CPU	C1%	C3%	C6%	C8%	C9%
-	-	0.00	0.00	4.76	8.83	0.00
0	0	0.00	0.00	34.24	63.67	0.00
0	4	0.00	0.03	0.74	0.29	0.00
1	1	0.00	0.00	0.77	0.70	0.00
1	5	0.00	0.00	0.20	0.98	0.00
2	2	0.00	0.00	0.27	0.89	0.00
2	6	0.00	0.00	0.58	1.71	0.00
3	3	0.00	0.00	0.82	0.80	0.00
3	7	0.00	0.00	0.49	1.62	0.00
Core	CPU	C1%	C3%	C6%	C8%	C9%
-	-	0.00	0.01	4.77	8.86	0.00
0	0	0.00	0.03	34.72	63.15	0.00
0	4	0.00	0.00	0.46	0.51	0.00
1	1	0.00	0.02	0.37	0.51	0.00
1	5	0.00	0.00	0.17	1.00	0.00
2	2	0.00	0.00	0.28	0.90	0.00
2	6	0.00	0.00	0.45	1.10	0.00
3	3	0.00	0.00	1.14	1.80	0.00
3	7	0.00	0.00	0.58	1.90	0.00
Core	CPU	C1%	C3%	C6%	C8%	C9%
-	-	0.00	0.20	4.76	8.60	0.00
0	0	0.00	0.01	34.46	63.45	0.00
0	4	0.00	0.00	1.06	0.69	0.00
1	1	0.00	0.00	0.78	0.92	0.00
1	5	0.00	0.00	0.67	0.69	0.00
2	2	0.00	0.00	0.59	0.60	0.00
2	6	0.00	0.00	0.29	1.29	0.00
3	3	0.00	1.59	0.11	0.00	0.00
3	7	0.00	0.02	0.15	1.19	0.00
Core	CPU	C1%	C3%	C6%	C8%	C9%
-	-	0.00	0.02	4.90	9.31	0.00
0	0	0.00	0.00	34.42	63.51	0.00
0	4	0.00	0.02	0.67	1.39	0.00
1	1	0.00	0.00	0.35	1.47	0.00
1	5	0.00	0.00	1.39	1.80	0.00
2	2	0.00	0.13	0.38	1.69	0.00
2	6	0.00	0.02	0.22	2.18	0.00
3	3	0.00	0.00	1.06	1.20	0.00
3	7	0.00	0.00	0.72	1.20	0.00
Core	CPU	C1%	C3%	C6%	C8%	C9%
-	-	0.00	0.01	4.85	8.69	0.09
0	0	0.00	0.02	36.07	61.81	0.00
0	4	0.00	0.02	0.72	0.17	0.00
1	1	0.00	0.00	0.18	1.39	0.00
1	5	0.00	0.00	0.46	1.00	0.00
2	2	0.00	0.05	0.28	1.80	0.00
2	6	0.01	0.01	0.31	1.30	0.72
3	3	0.00	0.01	0.19	0.91	0.00
3	7	0.00	0.00	0.57	1.11	0.00
Core	CPU	C1%	C3%	C6%	C8%	C9%
-	-	0.00	0.01	4.99	8.37	0.00
0	0	0.00	0.00	35.38	62.56	0.00
0	4	0.00	0.01	0.86	0.17	0.00
1	1	0.00	0.01	0.38	0.30	0.00
1	5	0.00	0.00	0.87	0.50	0.00
2	2	0.00	0.00	0.28	0.89	0.00
2	6	0.00	0.03	0.56	0.59	0.00
3	3	0.00	0.00	0.71	1.18	0.00
3	7	0.00	0.03	0.89	0.79	0.00
Core	CPU	C1%	C3%	C6%	C8%	C9%
-	-	0.01	0.01	4.79	8.52	0.00
0	0	0.10	0.01	35.67	62.16	0.00
0	4	0.00	0.01	0.77	0.28	0.00
1	1	0.00	0.00	0.24	0.53	0.00
1	5	0.00	0.02	0.00	0.50	0.00
2	2	0.00	0.00	0.09	1.00	0.00
2	6	0.00	0.00	0.63	0.83	0.00
3	3	0.00	0.00	0.55	1.00	0.00
3	7	0.00	0.01	0.34	1.88	0.00
Core	CPU	C1%	C3%	C6%	C8%	C9%
-	-	0.00	0.00	4.65	8.81	0.00
0	0	0.00	0.00	33.70	64.23	0.00
0	4	0.00	0.00	1.08	0.99	0.00
1	1	0.00	0.00	0.25	0.90	0.00
1	5	0.00	0.00	0.23	1.00	0.00
2	2	0.00	0.02	0.20	0.99	0.00
2	6	0.00	0.00	0.69	0.80	0.00
3	3	0.00	0.00	0.22	1.18	0.00
3	7	0.00	0.00	0.85	0.40	0.00
Core	CPU	C1%	C3%	C6%	C8%	C9%
-	-	0.00	0.21	4.41	8.89	0.00
0	0	0.00	0.01	33.38	64.55	0.00
0	4	0.00	0.00	0.31	1.39	0.00
1	1	0.00	0.00	0.32	0.88	0.00
1	5	0.00	0.00	0.36	0.79	0.00
2	2	0.00	0.00	0.14	1.18	0.00
2	6	0.00	0.00	0.22	1.39	0.00
3	3	0.00	1.65	0.10	0.02	0.00
3	7	0.00	0.00	0.45	0.89	0.00
Core	CPU	C1%	C3%	C6%	C8%	C9%
-	-	0.00	0.01	4.82	8.68	0.00
0	0	0.00	0.04	35.43	62.44	0.00
0	4	0.00	0.02	0.34	0.58	0.00
1	1	0.00	0.00	0.28	0.99	0.00
1	5	0.00	0.00	0.44	1.09	0.00
2	2	0.00	0.00	0.15	1.08	0.00
2	6	0.00	0.00	0.32	1.10	0.00
3	3	0.00	0.00	1.27	1.39	0.00
3	7	0.00	0.00	0.29	0.79	0.00
Core	CPU	C1%	C3%	C6%	C8%	C9%
-	-	0.00	0.06	4.76	8.55	0.11
0	0	0.00	0.43	35.56	61.47	0.00
0	4	0.00	0.04	0.71	0.18	0.00
1	1	0.00	0.00	0.00	0.80	0.00
1	5	0.00	0.00	0.24	1.29	0.90
2	2	0.00	0.00	0.64	1.60	0.00
2	6	0.00	0.01	0.43	1.09	0.00
3	3	0.00	0.00	0.32	1.00	0.00
3	7	0.00	0.00	0.20	0.99	0.00
Core	CPU	C1%	C3%	C6%	C8%	C9%
-	-	0.00	0.01	4.86	9.16	0.00
0	0	0.00	0.00	34.66	63.24	0.00
0	4	0.00	0.02	1.43	0.68	0.00
1	1	0.00	0.02	0.59	0.60	0.00
1	5	0.00	0.00	0.18	1.19	0.00
2	2	0.00	0.00	0.46	1.89	0.00
2	6	0.00	0.00	0.82	1.82	0.00
3	3	0.00	0.00	0.43	1.99	0.00
3	7	0.00	0.00	0.31	1.88	0.00
Core	CPU	C1%	C3%	C6%	C8%	C9%
-	-	0.00	0.01	4.68	8.66	0.00
0	0	0.00	0.00	34.94	62.95	0.00
0	4	0.00	0.02	0.87	0.96	0.00
1	1	0.00	0.04	0.56	1.00	0.00
1	5	0.00	0.00	0.22	0.73	0.00
2	2	0.00	0.00	0.00	0.70	0.00
2	6	0.00	0.01	0.28	0.98	0.00
3	3	0.00	0.00	0.42	0.89	0.00
3	7	0.00	0.00	0.15	1.09	0.00
Core	CPU	C1%	C3%	C6%	C8%	C9%
-	-	0.00	0.01	4.79	8.76	0.00
0	0	0.00	0.03	34.92	62.94	0.00
0	4	0.00	0.02	1.18	0.96	0.00
1	1	0.00	0.00	0.15	0.99	0.00
1	5	0.00	0.00	0.32	1.30	0.00
2	2	0.00	0.02	0.30	0.80	0.00
2	6	0.00	0.00	0.14	1.20	0.00
3	3	0.00	0.00	0.88	0.98	0.00
3	7	0.00	0.00	0.46	0.89	0.00
Core	CPU	C1%	C3%	C6%	C8%	C9%
-	-	0.00	0.21	4.64	8.58	0.00
0	0	0.00	0.03	35.08	62.79	0.00
0	4	0.00	0.02	0.84	0.17	0.00
1	1	0.00	0.00	0.22	1.09	0.00
1	5	0.00	0.00	0.27	0.99	0.00
2	2	0.00	0.00	0.15	1.18	0.00
2	6	0.00	0.00	0.16	1.48	0.00
3	3	0.00	1.60	0.06	0.01	0.00
3	7	0.00	0.00	0.37	0.90	0.00
Core	CPU	C1%	C3%	C6%	C8%	C9%
-	-	0.00	0.00	4.93	8.51	0.00
0	0	0.00	0.00	35.87	62.08	0.00
0	4	0.00	0.02	0.81	0.17	0.00
1	1	0.00	0.00	0.19	0.99	0.00
1	5	0.00	0.00	0.74	0.59	0.00
2	2	0.00	0.00	0.35	1.29	0.00
2	6	0.00	0.00	0.24	0.99	0.00
3	3	0.00	0.00	0.99	0.78	0.00
3	7	0.00	0.00	0.20	1.18	0.00
Core	CPU	C1%	C3%	C6%	C8%	C9%
-	-	0.00	0.09	4.81	12.67	0.00
0	0	0.00	0.51	33.58	63.54	0.00
0	4	0.00	0.01	1.44	0.79	0.00
1	1	0.00	0.02	0.31	0.89	0.00
1	5	0.00	0.00	0.55	1.29	0.00
2	2	0.00	0.00	0.46	1.99	0.00
2	6	0.00	0.00	0.61	1.31	0.00
3	3	0.00	0.00	0.53	1.40	0.00
3	7	0.01	0.14	0.98	30.13	0.00
Core	CPU	C1%	C3%	C6%	C8%	C9%
-	-	0.00	0.00	4.94	8.49	0.00
0	0	0.00	0.00	35.37	62.61	0.00
0	4	0.00	0.01	0.88	0.48	0.00
1	1	0.00	0.00	0.15	0.40	0.00
1	5	0.00	0.00	0.31	1.21	0.00
2	2	0.00	0.00	0.69	0.80	0.00
2	6	0.00	0.00	0.24	1.08	0.00
3	3	0.00	0.00	1.02	0.99	0.00
3	7	0.00	0.00	0.84	0.39	0.00
Core	CPU	C1%	C3%	C6%	C8%	C9%
-	-	0.00	0.02	4.85	8.62	0.00
0	0	0.00	0.01	35.20	62.67	0.00
0	4	0.00	0.00	1.07	0.70	0.00
1	1	0.00	0.00	0.33	0.99	0.00
1	5	0.00	0.00	0.38	1.30	0.00
2	2	0.00	0.10	0.22	0.79	0.00
2	6	0.00	0.03	0.79	0.63	0.00
3	3	0.00	0.01	0.39	1.29	0.00
3	7	0.00	0.00	0.46	0.59	0.00
Core	CPU	C1%	C3%	C6%	C8%	C9%
-	-	0.00	0.01	4.63	8.80	0.00
0	0	0.00	0.02	35.20	62.68	0.00
0	4	0.00	0.00	0.31	0.82	0.00
1	1	0.00	0.00	0.27	0.90	0.00
1	5	0.00	0.00	0.27	1.30	0.00
2	2	0.00	0.00	0.23	1.10	0.00
2	6	0.00	0.02	0.30	1.24	0.00
3	3	0.00	0.00	0.18	1.49	0.00
3	7	0.00	0.00	0.28	0.89	0.00
Core	CPU	C1%	C3%	C6%	C8%	C9%
-	-	0.00	0.21	4.54	8.67	0.00
0	0	0.00	0.00	34.84	63.03	0.00
0	4	0.00	0.00	0.34	1.48	0.00
1	1	0.00	0.00	0.15	0.79	0.00
1	5	0.00	0.00	0.19	0.99	0.00
2	2	0.00	0.00	0.36	1.08	0.00
2	6	0.00	0.00	0.15	1.09	0.00
3	3	0.01	1.69	0.12	0.00	0.00
3	7	0.00	0.00	0.20	0.89	0.00
Core	CPU	C1%	C3%	C6%	C8%	C9%
-	-	0.00	0.00	4.96	8.96	0.00
0	0	0.00	0.01	35.45	62.49	0.00
0	4	0.00	0.00	0.35	1.17	0.00
1	1	0.00	0.00	0.10	2.18	0.00
1	5	0.00	0.00	0.38	0.79	0.00
2	2	0.00	0.00	0.27	0.89	0.00
2	6	0.00	0.02	1.35	1.12	0.00
3	3	0.00	0.01	1.06	2.37	0.00
3	7	0.00	0.00	0.69	0.70	0.00
Core	CPU	C1%	C3%	C6%	C8%	C9%
-	-	0.00	0.05	4.91	8.56	0.02
0	0	0.00	0.33	36.43	60.60	0.00
0	4	0.00	0.01	0.80	0.87	0.16
1	1	0.00	0.01	0.32	0.99	0.00
1	5	0.00	0.00	0.00	0.50	0.00
2	2	0.00	0.00	0.19	1.08	0.00
2	6	0.00	0.01	0.73	2.48	0.00
3	3	0.00	0.00	0.38	0.99	0.00
3	7	0.00	0.00	0.42	0.99	0.00
Core	CPU	C1%	C3%	C6%	C8%	C9%
-	-	0.00	0.00	4.78	8.60	0.00
0	0	0.00	0.00	34.98	62.89	0.00
0	4	0.00	0.02	0.77	0.18	0.00
1	1	0.00	0.00	0.73	0.61	0.00
1	5	0.00	0.00	0.30	0.89	0.00
2	2	0.00	0.00	0.50	0.11	0.00
2	6	0.00	0.00	0.18	1.09	0.00
3	3	0.00	0.00	0.45	1.28	0.00
3	7	0.00	0.00	0.33	1.79	0.00
Core	CPU	C1%	C3%	C6%	C8%	C9%
-	-	0.00	0.00	4.88	8.72	0.00
0	0	0.00	0.00	34.15	63.75	0.00
0	4	0.00	0.02	0.90	0.67	0.00
1	1	0.00	0.00	0.92	0.51	0.00
1	5	0.04	0.00	1.20	0.79	0.00
2	2	0.00	0.00	0.62	1.10	0.00
2	6	0.00	0.01	0.30	1.49	0.00
3	3	0.00	0.00	0.47	0.39	0.00
3	7	0.00	0.00	0.46	1.07	0.00
Core	CPU	C1%	C3%	C6%	C8%	C9%
-	-	0.00	0.02	5.02	8.65	0.00
0	0	0.00	0.04	34.46	63.39	0.00
0	4	0.00	0.00	1.10	0.97	0.00
1	1	0.00	0.00	0.17	1.38	0.00
1	5	0.00	0.00	1.42	0.49	0.00
2	2	0.00	0.00	1.02	0.39	0.00
2	6	0.00	0.07	1.04	0.79	0.00
3	3	0.00	0.03	0.62	1.08	0.00
3	7	0.00	0.00	0.37	0.69	0.00
Core	CPU	C1%	C3%	C6%	C8%	C9%
-	-	0.00	0.18	4.70	8.70	0.00
0	0	0.00	0.01	34.84	63.06	0.00
0	4	0.00	0.00	0.36	0.77	0.00
1	1	0.00	0.00	0.82	1.18	0.00
1	5	0.00	0.00	0.37	1.28	0.00
2	2	0.00	0.00	0.25	0.99	0.00
2	6	0.00	0.00	0.30	1.18	0.00
3	3	0.00	1.44	0.00	0.01	0.00
3	7	0.00	0.00	0.67	1.09	0.00
Core	CPU	C1%	C3%	C6%	C8%	C9%
-	-	0.00	0.01	4.89	8.98	0.00
0	0	0.00	0.00	34.93	62.95	0.00
0	4	0.00	0.02	0.81	0.48	0.00
1	1	0.00	0.00	0.29	1.09	0.00
1	5	0.00	0.00	0.73	1.24	0.00
2	2	0.00	0.00	0.15	1.01	0.00
2	6	0.00	0.01	0.45	1.51	0.00
3	3	0.03	0.01	1.34	1.91	0.00
3	7	0.00	0.01	0.38	1.69	0.00
Core	CPU	C1%	C3%	C6%	C8%	C9%
-	-	0.00	0.00	4.45	8.83	0.00
0	0	0.00	0.00	32.97	64.94	0.00
0	4	0.00	0.00	0.85	0.19	0.00
1	1	0.00	0.01	0.20	0.89	0.00
1	5	0.00	0.02	0.18	1.10	0.00
2	2	0.00	0.00	0.26	0.90	0.00
2	6	0.00	0.00	0.15	0.99	0.00
3	3	0.00	0.00	0.22	1.20	0.00
3	7	0.00	0.00	0.80	0.40	0.00
Core	CPU	C1%	C3%	C6%	C8%	C9%
-	-	0.00	0.01	4.86	8.70	0.00
0	0	0.00	0.00	35.06	62.87	0.00
0	4	0.00	0.00	0.74	1.10	0.00
1	1	0.00	0.01	0.79	0.59	0.00
1	5	0.00	0.00	0.20	0.40	0.00
2	2	0.00	0.00	0.28	0.99	0.00
2	6	0.00	0.00	0.45	0.99	0.00
3	3	0.00	0.00	0.98	1.50	0.00
3	7	0.00	0.03	0.38	1.13	0.00
Core	CPU	C1%	C3%	C6%	C8%	C9%
-	-	0.00	0.03	4.80	8.57	0.11
0	0	0.00	0.13	34.46	62.56	0.00
0	4	0.00	0.00	0.75	1.00	0.90
1	1	0.00	0.00	0.42	1.40	0.00
1	5	0.00	0.00	0.13	0.40	0.00
2	2	0.00	0.00	0.98	0.89	0.00
2	6	0.00	0.04	0.39	0.61	0.00
3	3	0.00	0.00	0.95	0.89	0.00
3	7	0.00	0.05	0.30	0.79	0.00
Core	CPU	C1%	C3%	C6%	C8%	C9%
-	-	0.00	0.00	4.64	8.84	0.00
0	0	0.00	0.00	34.03	63.85	0.00
0	4	0.00	0.00	0.62	1.39	0.00
1	1	0.00	0.00	0.26	0.99	0.00
1	5	0.00	0.00	0.24	1.09	0.00
2	2	0.00	0.00	0.72	0.70	0.00
2	6	0.00	0.03	0.47	0.90	0.00
3	3	0.00	0.00	0.38	0.99	0.00
3	7	0.00	0.00	0.37	0.79	0.00
Core	CPU	C1%	C3%	C6%	C8%	C9%
-	-	0.00	0.00	4.57	8.81	0.00
0	0	0.00	0.02	34.07	63.76	0.00
0	4	0.00	0.00	0.21	0.69	0.00
1	1	0.00	0.00	0.23	0.99	0.00
1	5	0.00	0.00	0.37	0.79	0.00
2	2	0.00	0.00	0.15	1.18	0.00
2	6	0.00	0.00	0.93	0.90	0.00
3	3	0.00	0.00	0.19	1.39	0.00
3	7	0.00	0.00	0.38	0.79	0.00
Core	CPU	C1%	C3%	C6%	C8%	C9%
-	-	0.00	0.01	4.84	8.60	0.00
0	0	0.00	0.00	35.80	62.09	0.00
0	4	0.00	0.03	0.72	0.17	0.00
1	1	0.00	0.00	0.19	1.09	0.00
1	5	0.00	0.00	0.36	0.89	0.00
2	2	0.00	0.00	0.15	1.09	0.00
2	6	0.00	0.01	0.35	0.89	0.00
3	3	0.00	0.01	0.85	1.50	0.00
3	7	0.00	0.00	0.29	1.10	0.00
Core	CPU	C1%	C3%	C6%	C8%	C9%
-	-	0.00	0.01	4.76	8.33	0.37
0	0	0.00	0.01	35.38	62.53	0.00
0	4	0.00	0.02	0.85	0.17	0.00
1	1	0.00	0.02	0.55	0.00	0.00
1	5	0.01	0.00	0.03	0.19	2.99
2	2	0.00	0.00	0.27	1.00	0.00
2	6	0.00	0.00	0.44	0.79	0.00
3	3	0.00	0.00	0.43	0.89	0.00
3	7	0.00	0.00	0.10	1.10	0.00
Core	CPU	C1%	C3%	C6%	C8%	C9%
-	-	0.00	0.01	4.81	8.71	0.00
0	0	0.00	0.00	35.32	62.63	0.00
0	4	0.00	0.01	0.76	0.18	0.00
1	1	0.00	0.02	0.79	0.79	0.00
1	5	0.00	0.00	0.19	0.79	0.00
2	2	0.00	0.00	0.19	0.99	0.00
2	6	0.00	0.01	0.46	0.90	0.00
3	3	0.00	0.00	0.43	1.79	0.00
3	7	0.00	0.00	0.31	1.60	0.00
Core	CPU	C1%	C3%	C6%	C8%	C9%
-	-	0.00	0.08	4.53	8.54	0.00
0	0	0.00	0.61	33.93	63.10	0.00
0	4	0.00	0.01	0.94	0.18	0.00
1	1	0.00	0.00	0.35	0.63	0.00
1	5	0.00	0.02	0.10	0.59	0.00
2	2	0.00	0.00	0.09	0.90	0.00
2	6	0.00	0.00	0.22	0.99	0.00
3	3	0.00	0.00	0.36	0.90	0.00
3	7	0.00	0.00	0.23	1.00	0.00
Core	CPU	C1%	C3%	C6%	C8%	C9%
-	-	0.00	0.01	4.69	8.86	0.00
0	0	0.00	0.01	34.38	63.47	0.00
0	4	0.00	0.00	0.98	0.60	0.00
1	1	0.00	0.00	0.15	1.39	0.00
1	5	0.00	0.00	0.23	1.19	0.00
2	2	0.00	0.02	0.30	1.00	0.00
2	6	0.00	0.03	0.18	1.29	0.00
3	3	0.00	0.00	0.98	0.99	0.00
3	7	0.00	0.00	0.37	0.98	0.00
Core	CPU	C1%	C3%	C6%	C8%	C9%
-	-	0.00	0.03	4.56	12.36	0.00
0	0	0.00	0.03	33.70	64.27	0.00
0	4	0.00	0.00	0.31	0.60	0.00
1	1	0.00	0.00	0.38	1.10	0.00
1	5	0.00	0.00	0.37	0.89	0.00
2	2	0.00	0.00	0.15	0.99	0.00
2	6	0.00	0.00	0.27	1.19	0.00
3	3	0.00	0.00	0.39	0.90	0.00
3	7	0.01	0.24	0.95	28.95	0.00
Core	CPU	C1%	C3%	C6%	C8%	C9%
-	-	0.00	0.02	4.77	8.71	0.00
0	0	0.00	0.00	35.10	62.77	0.00
0	4	0.00	0.02	0.71	0.19	0.00
1	1	0.00	0.00	0.20	1.18	0.00
1	5	0.00	0.00	0.36	1.09	0.00
2	2	0.00	0.00	0.16	0.99	0.00
2	6	0.00	0.09	0.44	2.19	0.00
3	3	0.00	0.01	0.30	0.80	0.00
3	7	0.00	0.00	0.89	0.50	0.00
Core	CPU	C1%	C3%	C6%	C8%	C9%
-	-	0.00	0.06	4.55	8.48	0.00
0	0	0.00	0.00	34.39	62.76	0.00
0	4	0.00	0.01	0.75	0.17	0.00
1	1	0.00	0.02	0.00	0.59	0.00
1	5	0.01	0.41	0.30	0.08	0.00
2	2	0.00	0.00	0.27	0.99	0.00
2	6	0.00	0.00	0.35	0.79	0.00
3	3	0.00	0.00	0.23	1.28	0.00
3	7	0.00	0.00	0.10	1.19	0.00
Core	CPU	C1%	C3%	C6%	C8%	C9%
-	-	0.00	0.01	4.96	8.70	0.05
0	0	0.00	0.03	35.31	62.59	0.00
0	4	0.00	0.01	0.76	0.17	0.00
1	1	0.00	0.02	0.39	0.70	0.00
1	5	0.00	0.00	0.67	0.30	0.40
2	2	0.00	0.00	0.27	1.10	0.00
2	6	0.00	0.00	0.59	1.01	0.00
3	3	0.00	0.02	1.13	1.80	0.00
3	7	0.00	0.00	0.59	1.90	0.00
Core	CPU	C1%	C3%	C6%	C8%	C9%
-	-	0.00	0.02	4.89	8.70	0.09
0	0	0.00	0.01	34.88	62.99	0.00
0	4	0.00	0.02	0.89	0.29	0.00
1	1	0.00	0.00	0.92	0.79	0.00
1	5	0.00	0.11	0.21	1.10	0.72
2	2	0.00	0.01	0.30	0.80	0.00
2	6	0.00	0.03	0.25	1.48	0.00
3	3	0.00	0.00	0.97	0.99	0.00
3	7	0.00	0.00	0.74	1.18	0.00
Core	CPU	C1%	C3%	C6%	C8%	C9%
-	-	0.00	0.00	4.84	9.10	0.00
0	0	0.00	0.00	34.64	63.27	0.00
0	4	0.00	0.00	0.40	1.29	0.00
1	1	0.00	0.00	0.26	1.29	0.00
1	5	0.00	0.00	1.26	1.49	0.00
2	2	0.00	0.00	0.37	1.59	0.00
2	6	0.00	0.01	0.62	1.79	0.00
3	3	0.00	0.00	0.28	1.09	0.00
3	7	0.00	0.00	0.87	0.99	0.00
Core	CPU	C1%	C3%	C6%	C8%	C9%
-	-	0.00	0.00	4.71	8.74	0.00
0	0	0.00	0.02	34.32	63.56	0.00
0	4	0.00	0.00	0.60	0.31	0.00
1	1	0.00	0.00	0.35	0.98	0.00
1	5	0.00	0.00	0.76	0.79	0.00
2	2	0.00	0.00	0.42	0.99	0.00
2	6	0.00	0.00	0.26	1.10	0.00
3	3	0.00	0.00	0.48	1.00	0.00
3	7	0.00	0.00	0.47	1.18	0.00
Core	CPU	C1%	C3%	C6%	C8%	C9%
-	-	0.00	0.01	4.75	8.76	0.00
0	0	0.00	0.02	35.25	62.59	0.00
0	4	0.00	0.00	0.35	0.71	0.00
1	1	0.00	0.00	0.27	1.10	0.00
1	5	0.00	0.00	0.45	0.80	0.00
2	2	0.00	0.00	0.14	1.09	0.00
2	6	0.00	0.03	0.30	1.20	0.00
3	3	0.00	0.00	0.80	1.20	0.00
3	7	0.00	0.00	0.47	1.40	0.00
Core	CPU	C1%	C3%	C6%	C8%	C9%
-	-	0.00	0.10	4.62	8.64	0.32
0	0	0.00	0.01	33.77	64.18	0.00
0	4	0.00	0.02	0.32	0.80	0.00
1	1	0.00	0.00	0.83	0.50	0.00
1	5	0.00	0.70	0.08	0.10	2.58
2	2	0.00	0.00	0.26	0.99	0.00
2	6	0.00	0.02	0.93	0.79	0.00
3	3	0.00	0.02	0.50	0.79	0.00
3	7	0.00	0.00	0.29	0.99	0.00
Core	CPU	C1%	C3%	C6%	C8%	C9%
-	-	0.00	0.00	4.55	8.78	0.00
0	0	0.00	0.00	34.13	63.77	0.00
0	4	0.00	0.00	0.44	1.08	0.00
1	1	0.00	0.01	0.30	0.20	0.00
1	5	0.00	0.00	0.36	0.50	0.00
2	2	0.00	0.00	0.28	0.90	0.00
2	6	0.00	0.02	0.44	0.80	0.00
3	3	0.00	0.00	0.14	1.18	0.00
3	7	0.00	0.00	0.31	1.79	0.00
Core	CPU	C1%	C3%	C6%	C8%	C9%
-	-	0.00	0.00	4.69	8.79	0.00
0	0	0.00	0.00	34.73	63.15	0.00
0	4	0.00	0.01	0.94	1.28	0.00
1	1	0.00	0.00	0.23	0.70	0.00
1	5	0.00	0.00	0.22	0.41	0.00
2	2	0.00	0.00	0.18	0.91	0.00
2	6	0.00	0.00	0.36	1.11	0.00
3	3	0.00	0.00	0.27	1.08	0.00
3	7	0.00	0.00	0.55	1.70	0.00
Core	CPU	C1%	C3%	C6%	C8%	C9%
-	-	0.00	0.01	5.11	8.68	0.00
0	0	0.00	0.02	35.77	62.13	0.00
0	4	0.00	0.01	1.09	1.26	0.00
1	1	0.00	0.00	0.26	1.19	0.00
1	5	0.00	0.00	0.24	1.09	0.00
2	2	0.00	0.00	0.83	0.49	0.00
2	6	0.00	0.01	0.98	0.61	0.00
3	3	0.00	0.00	1.28	1.98	0.00
3	7	0.00	0.00	0.43	0.69	0.00
Core	CPU	C1%	C3%	C6%	C8%	C9%
-	-	0.00	0.01	4.84	8.61	0.00
0	0	0.00	0.03	35.81	62.04	0.00
0	4	0.00	0.02	0.81	0.27	0.00
1	1	0.00	0.00	0.48	1.39	0.00
1	5	0.00	0.00	0.36	0.90	0.00
2	2	0.00	0.00	0.24	0.90	0.00
2	6	0.00	0.00	0.26	1.09	0.00
3	3	0.00	0.00	0.28	1.11	0.00
3	7	0.00	0.01	0.46	1.20	0.00
Core	CPU	C1%	C3%	C6%	C8%	C9%
-	-	0.00	0.00	4.77	8.74	0.00
0	0	0.00	0.00	34.99	62.89	0.00
0	4	0.00	0.01	0.71	0.18	0.00
1	1	0.00	0.00	0.37	1.40	0.00
1	5	0.00	0.00	0.45	1.31	0.00
2	2	0.00	0.00	0.25	1.19	0.00
2	6	0.00	0.00	0.28	1.19	0.00
3	3	0.00	0.00	0.31	1.00	0.00
3	7	0.00	0.00	0.80	0.78	0.00
Core	CPU	C1%	C3%	C6%	C8%	C9%
-	-	0.04	0.06	4.86	8.29	0.00
0	0	0.29	0.02	35.61	61.94	0.00
0	4	0.00	0.02	0.64	0.09	0.00
1	1	0.00	0.02	0.33	0.80	0.00
1	5	0.00	0.40	0.00	0.08	0.00
2	2	0.00	0.00	0.18	1.09	0.00
2	6	0.00	0.00	0.36	0.79	0.00
3	3	0.00	0.00	0.84	0.79	0.00
3	7	0.00	0.02	0.89	0.78	0.00
Core	CPU	C1%	C3%	C6%	C8%	C9%
-	-	0.00	0.00	5.01	8.46	0.00
0	0	0.00	0.00	35.50	62.32	0.00
0	4	0.00	0.00	0.55	0.00	0.00
1	1	0.00	0.00	0.72	0.20	0.00
1	5	0.00	0.01	0.88	0.79	0.00
2	2	0.00	0.00	0.29	1.09	0.00
2	6	0.00	0.00	0.37	0.90	0.00
3	3	0.00	0.03	1.13	1.59	0.00
3	7	0.00	0.00	0.62	0.80	0.00
Core	CPU	C1%	C3%	C6%	C8%	C9%
-	-	0.00	0.01	4.75	8.50	0.00
0	0	0.00	0.01	35.73	62.08	0.00
0	4	0.00	0.00	0.60	0.40	0.00
1	1	0.00	0.01	0.34	1.40	0.00
1	5	0.00	0.00	0.22	0.89	0.00
2	2	0.00	0.00	0.00	0.50	0.00
2	6	0.00	0.00	0.28	0.90	0.00
3	3	0.00	0.01	0.54	0.81	0.00
3	7	0.00	0.00	0.27	0.99	0.00
Core	CPU	C1%	C3%	C6%	C8%	C9%
-	-	0.00	0.00	4.63	8.61	0.00
0	0	0.00	0.00	34.63	63.12	0.00
0	4	0.00	0.00	0.27	0.90	0.00
1	1	0.00	0.00	0.15	1.00	0.00
1	5	0.00	0.00	0.31	0.50	0.00
2	2	0.00	0.00	0.00	0.60	0.00
2	6	0.00	0.03	0.15	1.28	0.00
3	3	0.00	0.00	1.06	0.59	0.00
3	7	0.00	0.00	0.45	0.88	0.00
Core	CPU	C1%	C3%	C6%	C8%	C9%
-	-	0.00	0.00	4.81	8.48	0.00
0	0	0.00	0.02	35.33	62.40	0.00
0	4	0.00	0.00	0.46	1.00	0.00
1	1	0.00	0.00	0.33	0.90	0.00
1	5	0.00	0.00	0.35	0.80	0.00
2	2	0.00	0.00	0.73	0.49	0.00
2	6	0.00	0.00	0.69	0.60	0.00
3	3	0.00	0.00	0.19	0.89	0.00
3	7	0.00	0.00	0.36	0.79	0.00
Core	CPU	C1%	C3%	C6%	C8%	C9%
-	-	0.00	0.00	4.77	8.67	0.00
0	0	0.00	0.03	35.92	61.84	0.00
0	4	0.00	0.00	0.00	1.10	0.00
1	1	0.00	0.00	0.28	0.90	0.00
1	5	0.00	0.00	0.53	1.01	0.00
2	2	0.00	0.00	0.14	0.99	0.00
2	6	0.00	0.00	0.13	1.09	0.00
3	3	0.00	0.00	0.75	1.50	0.00
3	7	0.00	0.00	0.38	0.90	0.00
Core	CPU	C1%	C3%	C6%	C8%	C9%
-	-	0.00	0.20	4.64	8.41	0.00
0	0	0.00	0.01	35.66	62.08	0.00
0	4	0.00	0.00	0.13	0.40	0.00
1	1	0.00	0.00	0.08	0.89	0.00
1	5	0.00	1.59	0.00	0.08	0.00
2	2	0.00	0.00	0.36	0.79	0.00
2	6	0.00	0.00	0.25	0.99	0.00
3	3	0.00	0.00	0.53	0.79	0.00
3	7	0.00	0.00	0.10	1.29	0.00
Core	CPU	C1%	C3%	C6%	C8%	C9%
-	-	0.00	0.01	4.65	8.61	0.00
0	0	0.00	0.00	34.88	62.89	0.00
0	4	0.00	0.00	0.24	0.39	0.00
1	1	0.00	0.02	0.39	0.50	0.00
1	5	0.00	0.00	0.18	0.70	0.00
2	2	0.00	0.00	0.28	0.90	0.00
2	6	0.00	0.00	0.45	0.90	0.00
3	3	0.00	0.00	0.37	1.11	0.00
3	7	0.00	0.03	0.37	1.49	0.00
Core	CPU	C1%	C3%	C6%	C8%	C9%
-	-	0.00	0.03	4.78	12.43	0.00
0	0	0.00	0.00	34.59	63.30	0.00
0	4	0.00	0.00	0.67	0.72	0.00
1	1	0.00	0.00	0.45	1.54	0.00
1	5	0.00	0.00	0.30	1.31	0.00
2	2	0.00	0.00	0.28	1.31	0.00
2	6	0.00	0.00	0.55	1.21	0.00
3	3	0.00	0.00	0.44	0.91	0.00
3	7	0.01	0.20	0.98	29.16	0.00
Core	CPU	C1%	C3%	C6%	C8%	C9%
-	-	0.00	0.01	6.15	8.05	0.00
0	0	0.00	0.03	45.41	52.22	0.00
0	4	0.00	0.00	0.33	1.19	0.00
1	1	0.00	0.00	0.25	3.75	0.00
1	5	0.00	0.00	1.11	2.12	0.00
2	2	0.00	0.01	0.20	0.90	0.00
2	6	0.00	0.00	0.36	1.68	0.00
3	3	0.00	0.00	0.68	1.69	0.00
3	7	0.00	0.00	0.86	0.88	0.00
Core	CPU	C1%	C3%	C6%	C8%	C9%
-	-	0.00	0.00	4.92	8.74	0.00
0	0	0.00	0.01	35.38	62.40	0.00
0	4	0.00	0.00	0.33	1.59	0.00
1	1	0.00	0.00	0.43	1.19	0.00
1	5	0.00	0.00	0.45	1.09	0.00
2	2	0.00	0.00	1.02	0.70	0.00
2	6	0.00	0.01	0.90	0.60	0.00
3	3	0.00	0.00	0.20	1.38	0.00
3	7	0.00	0.00	0.63	0.99	0.00
Core	CPU	C1%	C3%	C6%	C8%	C9%
-	-	0.00	0.00	4.71	8.55	0.00
0	0	0.00	0.02	35.30	62.45	0.00
0	4	0.00	0.00	0.08	0.50	0.00
1	1	0.00	0.00	0.28	0.89	0.00
1	5	0.00	0.00	0.45	0.79	0.00
2	2	0.00	0.00	0.84	0.79	0.00
2	6	0.00	0.00	0.23	1.09	0.00
3	3	0.00	0.00	0.10	0.99	0.00
3	7	0.00	0.00	0.38	0.89	0.00
Core	CPU	C1%	C3%	C6%	C8%	C9%
-	-	0.00	0.20	6.06	7.19	0.00
0	0	0.01	0.08	45.94	51.25	0.00
0	4	0.00	0.00	0.40	0.98	0.00
1	1	0.00	0.00	0.13	0.70	0.00
1	5	0.00	1.51	0.62	0.21	0.00
2	2	0.03	0.00	0.36	0.99	0.00
2	6	0.00	0.01	0.40	1.38	0.00
3	3	0.00	0.00	0.22	0.99	0.00
3	7	0.00	0.00	0.38	0.98	0.00
Core	CPU	C1%	C3%	C6%	C8%	C9%
-	-	0.00	0.01	5.13	8.71	0.00
0	0	0.00	0.01	37.31	60.45	0.00
0	4	0.00	0.00	0.32	1.60	0.00
1	1	0.00	0.02	0.79	0.99	0.00
1	5	0.00	0.00	0.41	0.81	0.00
2	2	0.00	0.00	0.37	1.59	0.00
2	6	0.00	0.00	0.55	1.39	0.00
3	3	0.00	0.03	0.95	1.40	0.00
3	7	0.00	0.00	0.31	1.48	0.00
Core	CPU	C1%	C3%	C6%	C8%	C9%
-	-	0.00	0.07	5.02	8.28	0.11
0	0	0.00	0.57	37.41	59.44	0.00
0	4	0.00	0.00	0.89	0.50	0.90
1	1	0.00	0.00	0.14	1.68	0.00
1	5	0.00	0.00	0.34	1.08	0.00
2	2	0.00	0.00	0.50	0.20	0.00
2	6	0.00	0.00	0.19	1.09	0.00
3	3	0.00	0.00	0.55	1.19	0.00
3	7	0.00	0.00	0.14	1.08	0.00
Core	CPU	C1%	C3%	C6%	C8%	C9%
-	-	0.18	0.01	5.98	7.83	0.00
0	0	0.00	0.07	43.53	53.47	0.00
0	4	0.00	0.00	0.72	1.68	0.00
1	1	0.00	0.00	0.43	2.46	0.00
1	5	0.00	0.02	0.64	0.70	0.00
2	2	0.67	0.00	1.10	0.50	0.00
2	6	0.74	0.01	0.28	0.89	0.00
3	3	0.00	0.00	0.60	1.30	0.00
3	7	0.00	0.00	0.54	1.60	0.00
Core	CPU	C1%	C3%	C6%	C8%	C9%
-	-	0.00	0.00	4.86	8.63	0.00
0	0	0.00	0.00	35.47	62.28	0.00
0	4	0.00	0.00	0.28	1.30	0.00
1	1	0.00	0.00	0.42	1.29	0.00
1	5	0.00	0.00	0.75	0.49	0.00
2	2	0.00	0.00	0.40	1.29	0.00
2	6	0.00	0.00	0.89	0.50	0.00
3	3	0.00	0.00	0.19	1.10	0.00
3	7	0.00	0.00	0.46	0.79	0.00
Core	CPU	C1%	C3%	C6%	C8%	C9%
-	-	0.00	0.00	4.93	8.53	0.00
0	0	0.00	0.02	36.62	61.08	0.00
0	4	0.00	0.00	0.39	0.90	0.00
1	1	0.00	0.00	0.37	0.90	0.00
1	5	0.00	0.00	0.54	1.09	0.00
2	2	0.00	0.00	0.23	1.20	0.00
2	6	0.00	0.00	0.22	1.20	0.00
3	3	0.00	0.00	0.70	1.10	0.00
3	7	0.00	0.00	0.38	0.79	0.00
Core	CPU	C1%	C3%	C6%	C8%	C9%
-	-	0.10	0.23	4.90	8.18	0.00
0	0	0.00	0.04	37.17	59.90	0.00
0	4	0.00	0.12	0.00	0.40	0.00
1	1	0.00	0.00	0.23	0.70	0.00
1	5	0.00	1.61	0.59	0.11	0.00
2	2	0.01	0.00	0.36	0.79	0.00
2	6	0.74	0.01	0.15	1.17	0.00
3	3	0.00	0.02	0.50	1.32	0.00
3	7	0.00	0.00	0.20	1.08	0.00
Core	CPU	C1%	C3%	C6%	C8%	C9%
-	-	0.00	0.00	4.84	8.37	0.00
0	0	0.00	0.00	35.57	62.19	0.00
0	4	0.00	0.00	0.13	0.40	0.00
1	1	0.00	0.00	0.10	0.60	0.00
1	5	0.00	0.00	0.38	0.99	0.00
2	2	0.00	0.00	0.27	0.99	0.00
2	6	0.00	0.00	0.36	0.99	0.00
3	3	0.00	0.00	1.02	0.44	0.00
3	7	0.00	0.03	0.90	0.39	0.00
Core	CPU	C1%	C3%	C6%	C8%	C9%
-	-	0.00	0.06	5.73	7.89	0.00
0	0	0.00	0.42	42.19	54.59	0.00
0	4	0.00	0.07	0.36	0.60	0.00
1	1	0.00	0.00	0.20	1.00	0.00
1	5	0.00	0.00	0.18	1.28	0.00
2	2	0.00	0.00	1.14	1.68	0.00
2	6	0.00	0.00	0.35	0.99	0.00
3	3	0.00	0.00	0.33	1.80	0.00
3	7	0.00	0.00	1.05	1.17	0.00
Core	CPU	C1%	C3%	C6%	C8%	C9%
-	-	0.00	0.00	5.06	8.38	0.00
0	0	0.00	0.00	36.39	61.37	0.00
0	4	0.00	0.00	0.35	0.20	0.00
1	1	0.00	0.00	0.81	0.59	0.00
1	5	0.00	0.02	1.66	0.79	0.00
2	2	0.00	0.00	0.10	1.09	0.00
2	6	0.00	0.00	0.28	0.99	0.00
3	3	0.00	0.00	0.66	1.08	0.00
3	7	0.00	0.00	0.23	0.99	0.00
Core	CPU	C1%	C3%	C6%	C8%	C9%
-	-	0.03	0.01	4.88	8.44	0.00
0	0	0.01	0.05	36.47	60.52	0.00
0	4	0.00	0.00	0.27	0.90	0.00
1	1	0.00	0.00	0.53	0.79	0.00
1	5	0.00	0.00	0.34	1.00	0.00
2	2	0.07	0.02	0.44	0.91	0.00
2	6	0.15	0.01	0.10	1.00	0.00
3	3	0.00	0.00	0.28	1.65	0.00
3	7	0.00	0.00	0.63	0.79	0.00
Core	CPU	C1%	C3%	C6%	C8%	C9%
-	-	0.00	0.00	4.73	8.61	0.00
0	0	0.00	0.01	35.60	62.17	0.00
0	4	0.00	0.00	0.29	1.10	0.00
1	1	0.00	0.00	0.28	0.89	0.00
1	5	0.00	0.00	0.75	0.60	0.00
2	2	0.00	0.00	0.23	1.19	0.00
2	6	0.00	0.00	0.13	1.08	0.00
3	3	0.00	0.00	0.19	0.96	0.00
3	7	0.00	0.00	0.38	0.89	0.00
Core	CPU	C1%	C3%	C6%	C8%	C9%
-	-	0.00	0.20	4.64	8.45	0.00
0	0	0.00	0.03	35.49	62.23	0.00
0	4	0.00	0.00	0.50	0.39	0.00
1	1	0.00	0.00	0.14	1.09	0.00
1	5	0.00	1.58	0.08	0.00	0.00
2	2	0.00	0.00	0.16	1.09	0.00
2	6	0.00	0.00	0.14	1.18	0.00
3	3	0.00	0.02	0.29	0.84	0.00
3	7	0.00	0.00	0.29	0.79	0.00
Core	CPU	C1%	C3%	C6%	C8%	C9%
-	-	0.00	0.01	4.82	8.41	0.00
0	0	0.00	0.03	35.81	61.93	0.00
0	4	0.00	0.00	0.13	0.40	0.00
1	1	0.00	0.00	0.10	0.60	0.00
1	5	0.00	0.00	0.27	0.99	0.00
2	2	0.00	0.00	0.36	0.79	0.00
2	6	0.00	0.00	0.25	0.99	0.00
3	3	0.00	0.02	0.84	0.82	0.00
3	7	0.00	0.00	0.79	0.80	0.00
Core	CPU	C1%	C3%	C6%	C8%	C9%
-	-	0.00	0.07	4.74	8.56	0.00
0	0	0.00	0.52	35.43	61.48	0.00
0	4	0.00	0.00	0.60	0.69	0.00
1	1	0.00	0.01	0.32	0.41	0.00
1	5	0.00	0.00	0.14	1.40	0.00
2	2	0.00	0.00	0.28	1.00	0.00
2	6	0.00	0.00	0.45	1.01	0.00
3	3	0.00	0.00	0.54	1.10	0.00
3	7	0.00	0.03	0.18	1.39	0.00
Core	CPU	C1%	C3%	C6%	C8%	C9%
-	-	0.00	0.01	6.05	7.41	0.00
0	0	0.00	0.02	45.87	51.85	0.00
0	4	0.00	0.00	0.36	0.70	0.00
1	1	0.00	0.00	0.72	0.69	0.00
1	5	0.00	0.03	0.36	0.60	0.00
2	2	0.00	0.00	0.10	0.90	0.00
2	6	0.00	0.05	0.44	1.58	0.00
3	3	0.00	0.00	0.25	0.99	0.00
3	7	0.00	0.00	0.31	1.97	0.00
Core	CPU	C1%	C3%	C6%	C8%	C9%
-	-	0.00	0.01	4.88	8.48	0.00
0	0	0.00	0.00	35.63	62.13	0.00
0	4	0.00	0.00	0.18	0.99	0.00
1	1	0.00	0.00	0.43	1.30	0.00
1	5	0.00	0.03	0.90	0.79	0.00
2	2	0.00	0.02	0.20	1.09	0.00
2	6	0.00	0.00	0.83	0.10	0.00
3	3	0.00	0.00	0.38	0.87	0.00
3	7	0.00	0.00	0.53	0.59	0.00
Core	CPU	C1%	C3%	C6%	C8%	C9%
-	-	0.00	0.00	5.05	8.65	0.00
0	0	0.00	0.00	35.28	62.51	0.00
0	4	0.00	0.00	0.88	0.79	0.00
1	1	0.00	0.00	0.26	1.40	0.00
1	5	0.00	0.00	0.33	0.99	0.00
2	2	0.00	0.00	1.02	0.39	0.00
2	6	0.00	0.01	0.99	0.39	0.00
3	3	0.00	0.00	1.20	1.64	0.00
3	7	0.00	0.00	0.46	1.08	0.00
Core	CPU	C1%	C3%	C6%	C8%	C9%
-	-	0.05	0.25	4.96	12.00	0.00
0	0	0.10	0.05	36.18	60.76	0.00
0	4	0.00	0.00	0.87	0.80	0.00
1	1	0.00	0.00	0.66	1.40	0.00
1	5	0.00	1.70	0.18	0.00	0.00
2	2	0.27	0.00	0.18	1.09	0.00
2	6	0.02	0.00	0.22	1.18	0.00
3	3	0.00	0.01	0.48	1.54	0.00
3	7	0.01	0.20	0.89	29.27	0.00
Core	CPU	C1%	C3%	C6%	C8%	C9%
-	-	0.00	0.01	4.81	8.48	0.00
0	0	0.00	0.00	35.63	62.15	0.00
0	4	0.00	0.02	0.10	0.40	0.00
1	1	0.00	0.00	0.79	0.60	0.00
1	5	0.00	0.00	0.26	0.99	0.00
2	2	0.00	0.00	0.26	0.99	0.00
2	6	0.00	0.00	0.24	1.09	0.00
3	3	0.00	0.02	0.39	0.83	0.00
3	7	0.00	0.00	0.79	0.79	0.00
Core	CPU	C1%	C3%	C6%	C8%	C9%
-	-	0.00	0.00	4.94	8.61	0.11
0	0	0.00	0.00	35.06	62.69	0.00
0	4	0.00	0.00	0.52	1.09	0.00
1	1	0.00	0.02	0.30	0.59	0.00
1	5	0.00	0.00	1.36	1.00	0.90
2	2	0.00	0.00	0.18	1.09	0.00
2	6	0.00	0.00	0.36	0.79	0.00
3	3	0.00	0.00	0.83	1.22	0.00
3	7	0.00	0.01	0.94	0.39	0.00
Core	CPU	C1%	C3%	C6%	C8%	C9%
-	-	0.01	0.00	4.85	8.58	0.00
0	0	0.00	0.02	36.34	61.45	0.00
0	4	0.00	0.00	0.15	0.40	0.00
1	1	0.00	0.00	0.22	0.51	0.00
1	5	0.07	0.00	0.46	0.79	0.00
2	2	0.00	0.00	0.18	1.00	0.00
2	6	0.00	0.00	0.36	1.00	0.00
3	3	0.00	0.00	0.47	2.57	0.00
3	7	0.00	0.00	0.61	0.91	0.00
Core	CPU	C1%	C3%	C6%	C8%	C9%
-	-	0.00	0.00	4.87	8.22	0.00
0	0	0.00	0.02	36.63	61.10	0.00
0	4	0.00	0.00	0.76	0.50	0.00
1	1	0.00	0.00	0.13	0.59	0.00
1	5	0.00	0.00	0.68	0.20	0.00
2	2	0.00	0.01	0.20	0.30	0.00
2	6	0.00	0.00	0.10	1.09	0.00
3	3	0.00	0.00	0.28	0.98	0.00
3	7	0.00	0.00	0.15	0.99	0.00
Core	CPU	C1%	C3%	C6%	C8%	C9%
-	-	0.00	0.00	4.65	8.71	0.00
0	0	0.00	0.00	34.85	62.91	0.00
0	4	0.00	0.00	0.36	0.99	0.00
1	1	0.00	0.00	0.45	0.70	0.00
1	5	0.00	0.00	0.31	1.60	0.00
2	2	0.00	0.02	0.29	0.81	0.00
2	6	0.00	0.00	0.18	1.11	0.00
3	3	0.00	0.00	0.34	0.86	0.00
3	7	0.00	0.00	0.46	0.69	0.00
Core	CPU	C1%	C3%	C6%	C8%	C9%
-	-	0.00	0.14	5.97	7.21	0.00
0	0	0.00	0.04	46.02	51.69	0.00
0	4	0.00	0.00	0.00	0.50	0.00
1	1	0.00	0.00	0.23	1.09	0.00
1	5	0.00	1.06	0.55	0.01	0.00
2	2	0.00	0.00	0.15	1.09	0.00
2	6	0.00	0.00	0.13	1.18	0.00
3	3	0.00	0.00	0.25	0.96	0.00
3	7	0.00	0.00	0.47	1.17	0.00
Core	CPU	C1%	C3%	C6%	C8%	C9%
-	-	0.00	0.00	4.87	8.41	0.00
0	0	0.00	0.00	36.22	61.54	0.00
0	4	0.00	0.00	0.10	0.40	0.00
1	1	0.00	0.00	0.19	0.99	0.00
1	5	0.00	0.00	1.04	0.41	0.00
2	2	0.00	0.00	0.15	0.99	0.00
2	6	0.00	0.00	0.23	0.99	0.00
3	3	0.00	0.00	0.69	0.94	0.00
3	7	0.00	0.00	0.37	0.99	0.00
Core	CPU	C1%	C3%	C6%	C8%	C9%
-	-	0.00	0.07	4.81	8.58	0.00
0	0	0.00	0.53	35.55	61.29	0.00
0	4	0.00	0.00	0.20	0.40	0.00
1	1	0.00	0.00	0.10	0.60	0.00
1	5	0.00	0.00	0.27	0.99	0.00
2	2	0.00	0.00	0.36	1.10	0.00
2	6	0.00	0.00	0.56	0.91	0.00
3	3	0.00	0.00	0.80	0.83	0.00
3	7	0.00	0.00	0.63	2.49	0.00
Core	CPU	C1%	C3%	C6%	C8%	C9%
-	-	0.09	0.01	4.95	8.28	0.00
0	0	0.01	0.08	36.56	60.29	0.00
0	4	0.00	0.00	0.54	0.10	0.00
1	1	0.00	0.00	0.40	1.10	0.00
1	5	0.00	0.00	0.58	0.91	0.00
2	2	0.11	0.00	0.18	1.09	0.00
2	6	0.58	0.00	0.36	1.00	0.00
3	3	0.00	0.00	0.62	1.21	0.00
3	7	0.00	0.00	0.31	0.51	0.00
Core	CPU	C1%	C3%	C6%	C8%	C9%
-	-	0.00	0.01	5.04	8.38	0.00
0	0	0.00	0.06	36.42	61.28	0.00
0	4	0.00	0.00	0.25	0.99	0.00
1	1	0.00	0.00	0.41	0.60	0.00
1	5	0.00	0.03	0.21	0.60	0.00
2	2	0.00	0.00	0.09	1.00	0.00
2	6	0.00	0.00	1.07	0.90	0.00
3	3	0.00	0.00	0.90	0.70	0.00
3	7	0.00	0.00	0.93	0.99	0.00
Core	CPU	C1%	C3%	C6%	C8%	C9%
-	-	0.00	0.00	5.09	8.47	0.00
0	0	0.00	0.00	36.13	61.62	0.00
0	4	0.00	0.00	0.86	0.50	0.00
1	1	0.00	0.00	0.45	0.29	0.00
1	5	0.00	0.00	1.04	1.09	0.00
2	2	0.00	0.00	0.19	0.70	0.00
2	6	0.00	0.00	0.79	0.89	0.00
3	3	0.00	0.00	1.15	1.69	0.00
3	7	0.00	0.00	0.16	0.99	0.00
Core	CPU	C1%	C3%	C6%	C8%	C9%
-	-	0.00	0.14	4.96	8.25	0.00
0	0	0.00	0.03	36.83	60.92	0.00
0	4	0.00	0.00	0.19	0.99	0.00
1	1	0.00	0.00	0.25	1.09	0.00
1	5	0.00	1.06	0.10	0.33	0.00
2	2	0.00	0.00	0.92	0.40	0.00
2	6	0.00	0.01	0.80	0.39	0.00
3	3	0.00	0.00	0.19	1.18	0.00
3	7	0.00	0.01	0.36	0.69	0.00
Core	CPU	C1%	C3%	C6%	C8%	C9%
-	-	0.00	0.00	4.87	8.60	0.00
0	0	0.00	0.01	35.40	62.36	0.00
0	4	0.00	0.00	0.68	0.49	0.00
1	1	0.00	0.00	0.37	1.10	0.00
1	5	0.00	0.01	0.69	0.60	0.00
2	2	0.00	0.00	0.34	1.10	0.00
2	6	0.00	0.00	0.23	1.09	0.00
3	3	0.00	0.00	0.29	1.48	0.00
3	7	0.00	0.00	0.97	0.60	0.00
Core	CPU	C1%	C3%	C6%	C8%	C9%
-	-	0.00	0.01	4.96	8.52	0.00
0	0	0.00	0.03	37.09	60.66	0.00
0	4	0.00	0.02	0.54	0.50	0.00
1	1	0.00	0.01	0.00	0.79	0.00
1	5	0.00	0.00	0.69	1.82	0.00
2	2	0.00	0.00	0.62	1.31	0.00
2	6	0.00	0.00	0.14	1.00	0.00
3	3	0.00	0.00	0.21	1.12	0.00
3	7	0.00	0.03	0.39	1.00	0.00
Core	CPU	C1%	C3%	C6%	C8%	C9%
-	-	0.00	0.00	4.93	8.41	0.00
0	0	0.00	0.01	35.55	62.18	0.00
0	4	0.00	0.00	0.24	0.30	0.00
1	1	0.00	0.00	0.70	0.19	0.00
1	5	0.00	0.00	0.10	1.09	0.00
2	2	0.00	0.00	0.37	1.00	0.00
2	6	0.00	0.00	0.36	0.89	0.00
3	3	0.00	0.01	1.33	0.81	0.00
3	7	0.00	0.02	0.80	0.78	0.00
Core	CPU	C1%	C3%	C6%	C8%	C9%
-	-	0.00	0.01	4.88	8.22	0.00
0	0	0.00	0.01	36.40	61.34	0.00
0	4	0.00	0.00	0.35	0.60	0.00
1	1	0.00	0.00	0.61	0.00	0.00
1	5	0.00	0.01	0.60	0.09	0.00
2	2	0.00	0.00	0.20	1.09	0.00
2	6	0.00	0.00	0.37	0.99	0.00
3	3	0.00	0.00	0.25	0.90	0.00
3	7	0.00	0.03	0.30	0.79	0.00
