Core	CPU	C1%	C3%	C6%	C8%	C9%
-	-	0.04	0.32	9.62	14.82	0.00
0	0	0.01	2.38	58.41	11.74	0.00
0	4	0.19	0.00	1.07	0.00	0.00
1	1	0.00	0.00	2.70	12.01	0.00
1	5	0.00	0.00	0.85	0.60	0.00
2	2	0.00	0.04	3.46	1.40	0.00
2	6	0.02	0.02	0.82	0.60	0.00
3	3	0.12	0.01	3.08	0.69	0.00
3	7	0.01	0.10	6.60	91.54	0.00
Core	CPU	C1%	C3%	C6%	C8%	C9%
-	-	0.00	0.30	8.26	14.21	0.12
0	0	0.02	2.35	58.87	11.23	0.00
0	4	0.00	0.00	0.65	0.00	0.00
1	1	0.00	0.00	0.53	5.60	0.00
1	5	0.00	0.02	0.28	0.68	0.00
2	2	0.00	0.00	0.54	0.20	0.99
2	6	0.00	0.02	0.43	1.06	0.00
3	3	0.00	0.00	0.36	0.89	0.00
3	7	0.00	0.00	4.41	93.99	0.00
Core	CPU	C1%	C3%	C6%	C8%	C9%
-	-	0.00	0.32	8.16	14.52	0.00
0	0	0.02	2.49	57.16	12.76	0.00
0	4	0.00	0.00	0.76	0.10	0.00
1	1	0.00	0.00	0.34	6.27	0.00
1	5	0.00	0.00	0.23	1.10	0.00
2	2	0.00	0.07	0.49	0.80	0.00
2	6	0.00	0.00	1.40	0.90	0.00
3	3	0.00	0.00	0.42	0.36	0.00
3	7	0.00	0.00	4.47	93.89	0.00
Core	CPU	C1%	C3%	C6%	C8%	C9%
-	-	0.00	0.27	8.17	14.63	0.00
0	0	0.02	2.05	56.32	13.91	0.00
0	4	0.00	0.00	0.79	0.38	0.00
1	1	0.00	0.04	1.29	5.85	0.00
1	5	0.00	0.00	0.36	1.09	0.00
2	2	0.00	0.00	0.36	1.18	0.00
2	6	0.00	0.00	1.24	0.61	0.00
3	3	0.00	0.02	0.29	0.59	0.00
3	7	0.00	0.03	4.75	93.44	0.00
Core	CPU	C1%	C3%	C6%	C8%	C9%
-	-	0.02	0.31	8.14	13.41	1.08
0	0	0.16	2.39	55.17	12.05	0.00
0	4	0.00	0.02	1.09	1.05	8.63
1	1	0.00	0.01	3.29	56.52	0.00
1	5	0.00	0.01	0.79	0.40	0.00
2	2	0.00	0.00	0.45	1.57	0.00
2	6	0.00	0.01	1.08	0.59	0.00
3	3	0.00	0.00	0.36	0.79	0.00
3	7	0.00	0.04	2.92	34.31	0.00
Core	CPU	C1%	C3%	C6%	C8%	C9%
-	-	0.00	0.23	7.88	14.30	0.09
0	0	0.03	1.79	55.38	15.12	0.00
0	4	0.00	0.00	0.83	0.51	0.68
1	1	0.00	0.00	0.62	1.48	0.00
1	5	0.00	0.02	0.29	0.98	0.00
2	2	0.00	0.00	0.20	1.28	0.00
2	6	0.00	0.01	0.51	1.28	0.00
3	3	0.00	0.00	0.37	0.79	0.00
3	7	0.00	0.00	4.82	92.96	0.00
Core	CPU	C1%	C3%	C6%	C8%	C9%
-	-	0.03	0.30	7.99	14.01	0.15
0	0	0.03	2.33	55.92	14.03	0.00
0	4	0.04	0.01	0.44	0.82	1.24
1	1	0.00	0.00	2.53	54.40	0.00
1	5	0.00	0.02	1.07	0.79	0.00
2	2	0.00	0.00	0.36	0.69	0.00
2	6	0.00	0.03	0.52	0.99	0.00
3	3	0.00	0.00	0.33	0.80	0.00
3	7	0.19	0.00	2.74	39.56	0.00
Core	CPU	C1%	C3%	C6%	C8%	C9%
-	-	0.03	1.82	9.68	12.27	0.00
0	0	0.00	0.05	12.64	0.82	0.02
0	4	0.00	0.02	0.78	0.90	0.00
1	1	0.00	0.00	0.88	3.75	0.00
1	5	0.00	0.00	0.80	1.19	0.00
2	2	0.00	0.00	0.36	1.09	0.00
2	6	0.00	0.02	0.47	0.58	0.00
3	3	0.20	14.43	55.39	0.00	0.00
3	7	0.00	0.00	6.12	89.82	0.00
Core	CPU	C1%	C3%	C6%	C8%	C9%
-	-	0.02	1.86	9.23	12.47	1.03
0	0	0.00	0.50	8.28	2.63	0.00
0	4	0.00	0.00	1.18	0.21	8.25
1	1	0.00	0.01	1.60	22.60	0.00
1	5	0.00	0.00	0.41	1.30	0.00
2	2	0.00	0.03	0.28	1.50	0.00
2	6	0.00	0.01	0.67	1.47	0.00
3	3	0.15	14.33	55.55	0.00	0.00
3	7	0.00	0.03	5.85	70.08	0.00
Core	CPU	C1%	C3%	C6%	C8%	C9%
-	-	0.02	1.81	9.32	11.81	2.40
0	0	0.00	0.30	10.32	0.97	0.00
0	4	0.00	0.00	0.58	0.51	17.01
1	1	0.00	4.07	15.64	0.89	2.19
1	5	0.00	0.00	0.37	0.88	0.00
2	2	0.00	0.00	0.49	0.69	0.00
2	6	0.00	0.01	1.45	0.49	0.00
3	3	0.17	10.08	39.47	0.40	0.00
3	7	0.00	0.00	6.24	89.63	0.00
Core	CPU	C1%	C3%	C6%	C8%	C9%
-	-	0.00	1.97	8.84	12.56	2.97
0	0	0.00	1.23	7.01	5.64	0.00
0	4	0.00	0.00	0.44	0.60	23.73
1	1	0.01	14.50	55.19	0.00	0.00
1	5	0.00	0.02	0.19	0.51	0.00
2	2	0.00	0.00	0.49	0.40	0.00
2	6	0.00	0.01	0.51	0.99	0.00
3	3	0.00	0.00	0.36	0.70	0.00
3	7	0.00	0.00	6.51	91.65	0.00
Core	CPU	C1%	C3%	C6%	C8%	C9%
-	-	0.00	0.28	7.72	14.84	0.00
0	0	0.02	2.24	52.94	16.97	0.00
0	4	0.00	0.00	0.29	0.70	0.00
1	1	0.00	0.00	1.52	4.42	0.00
1	5	0.00	0.00	0.48	0.79	0.00
2	2	0.00	0.00	0.33	0.99	0.00
2	6	0.00	0.03	1.14	0.90	0.00
3	3	0.00	0.00	0.20	1.19	0.00
3	7	0.00	0.00	4.87	92.74	0.02
Core	CPU	C1%	C3%	C6%	C8%	C9%
-	-	0.01	0.29	8.05	13.96	0.36
0	0	0.01	2.29	57.09	12.93	0.00
0	4	0.05	0.00	0.44	0.40	2.88
1	1	0.00	0.03	2.45	48.27	0.00
1	5	0.00	0.00	0.20	0.99	0.00
2	2	0.00	0.00	0.36	1.38	0.00
2	6	0.00	0.01	1.28	0.30	0.00
3	3	0.00	0.00	0.35	0.89	0.00
3	7	0.00	0.00	2.20	46.53	0.00
Core	CPU	C1%	C3%	C6%	C8%	C9%
-	-	0.00	0.22	7.64	14.41	0.00
0	0	0.02	1.75	53.87	16.64	0.00
0	4	0.00	0.00	0.86	0.00	0.00
1	1	0.00	0.00	3.82	82.57	0.00
1	5	0.00	0.00	0.32	0.89	0.00
2	2	0.00	0.00	0.20	0.89	0.00
2	6	0.00	0.02	0.70	0.89	0.00
3	3	0.00	0.00	0.28	0.99	0.00
3	7	0.00	0.00	1.10	12.39	0.00
Core	CPU	C1%	C3%	C6%	C8%	C9%
-	-	0.00	0.43	7.48	14.03	0.00
0	0	0.02	3.41	52.82	15.22	0.00
0	4	0.00	0.00	0.48	0.51	0.00
1	1	0.00	0.00	3.95	78.24	0.00
1	5	0.00	0.00	0.36	0.79	0.00
2	2	0.00	0.00	0.44	0.71	0.00
2	6	0.00	0.03	0.74	0.79	0.00
3	3	0.00	0.00	0.20	1.19	0.00
3	7	0.00	0.00	0.88	14.82	0.00
Core	CPU	C1%	C3%	C6%	C8%	C9%
-	-	0.00	0.20	8.10	14.46	0.00
0	0	0.02	1.59	52.63	17.93	0.00
0	4	0.00	0.02	1.38	0.00	0.00
1	1	0.00	0.00	3.58	27.41	0.00
1	5	0.00	0.00	0.37	1.38	0.00
2	2	0.00	0.02	1.23	0.59	0.00
2	6	0.00	0.00	1.76	0.39	0.00
3	3	0.00	0.00	0.41	1.20	0.00
3	7	0.00	0.00	3.40	66.80	0.00
Core	CPU	C1%	C3%	C6%	C8%	C9%
-	-	0.00	0.35	7.78	14.10	0.11
0	0	0.02	2.77	54.80	14.84	0.00
0	4	0.00	0.00	0.85	0.00	0.00
1	1	0.00	0.00	1.80	31.49	0.91
1	5	0.00	0.00	0.26	0.60	0.00
2	2	0.00	0.00	0.19	0.71	0.00
2	6	0.00	0.00	1.05	1.00	0.00
3	3	0.00	0.00	0.28	0.79	0.00
3	7	0.00	0.00	2.98	63.36	0.00
Core	CPU	C1%	C3%	C6%	C8%	C9%
-	-	0.00	0.24	7.75	14.43	0.00
0	0	0.02	1.88	54.07	16.29	0.00
0	4	0.00	0.00	1.08	0.00	0.00
1	1	0.00	0.00	0.55	2.95	0.00
1	5	0.00	0.00	0.33	1.08	0.00
2	2	0.00	0.00	0.56	1.59	0.00
2	6	0.00	0.00	0.82	0.69	0.00
3	3	0.00	0.00	0.79	0.69	0.00
3	7	0.00	0.02	3.81	92.15	0.00
Core	CPU	C1%	C3%	C6%	C8%	C9%
-	-	0.01	1.51	9.20	15.64	0.54
0	0	0.01	1.21	20.77	8.13	0.02
0	4	0.00	0.00	0.68	0.11	4.30
1	1	0.00	0.00	2.77	41.38	0.00
1	5	0.00	0.00	0.28	0.79	0.00
2	2	0.03	10.76	43.51	0.89	0.00
2	6	0.00	0.02	1.03	0.30	0.00
3	3	0.00	0.02	0.29	0.40	0.00
3	7	0.01	0.07	4.27	73.14	0.00
Core	CPU	C1%	C3%	C6%	C8%	C9%
-	-	0.01	1.51	9.59	13.50	0.27
0	0	0.01	0.77	20.69	7.38	0.00
0	4	0.00	0.00	0.82	0.52	0.00
1	1	0.00	0.02	5.51	83.56	0.00
1	5	0.00	0.00	0.18	0.50	0.00
2	2	0.09	11.31	47.28	7.81	2.18
2	6	0.01	0.00	0.97	0.89	0.00
3	3	0.00	0.00	0.45	0.89	0.00
3	7	0.00	0.01	0.81	6.41	0.00
Core	CPU	C1%	C3%	C6%	C8%	C9%
-	-	0.01	1.87	9.92	12.89	3.34
0	0	0.00	0.67	15.47	8.05	0.00
0	4	0.00	0.00	0.43	0.79	26.71
1	1	0.00	0.01	5.50	91.67	0.00
1	5	0.00	0.00	0.24	1.00	0.00
2	2	0.10	14.23	55.57	0.00	0.00
2	6	0.00	0.05	1.18	0.29	0.00
3	3	0.00	0.00	0.29	0.90	0.00
3	7	0.00	0.00	0.66	0.39	0.00
Core	CPU	C1%	C3%	C6%	C8%	C9%
-	-	0.01	2.01	9.47	13.27	2.79
0	0	0.01	0.95	13.53	9.59	0.00
0	4	0.00	0.02	0.28	0.41	22.30
1	1	0.00	0.00	0.28	0.90	0.00
1	5	0.00	0.00	0.28	0.89	0.00
2	2	0.09	15.02	55.34	0.00	0.00
2	6	0.00	0.00	0.94	0.40	0.00
3	3	0.00	0.00	4.94	93.46	0.00
3	7	0.00	0.12	0.16	0.49	0.00
Core	CPU	C1%	C3%	C6%	C8%	C9%
-	-	0.01	1.91	9.57	13.29	2.52
0	0	0.00	0.86	13.85	9.19	0.00
0	4	0.00	0.00	0.56	0.10	20.20
1	1	0.00	0.00	0.90	13.32	0.00
1	5	0.00	0.00	0.23	1.19	0.00
2	2	0.04	14.34	55.57	0.00	0.00
2	6	0.00	0.04	0.64	0.42	0.00
3	3	0.00	0.00	4.41	81.39	0.00
3	7	0.00	0.00	0.36	0.69	0.00
Core	CPU	C1%	C3%	C6%	C8%	C9%
-	-	0.02	2.00	9.32	13.60	5.41
0	0	0.00	1.37	11.78	10.60	0.00
0	4	0.00	0.00	0.19	0.41	43.27
1	1	0.00	0.00	0.38	1.69	0.00
1	5	0.00	0.00	0.56	1.19	0.00
2	2	0.14	14.58	55.41	0.00	0.00
2	6	0.00	0.01	0.82	1.21	0.00
3	3	0.00	0.00	5.39	93.19	0.00
3	7	0.00	0.00	0.00	0.50	0.00
Core	CPU	C1%	C3%	C6%	C8%	C9%
-	-	0.01	2.06	9.21	13.43	6.80
0	0	0.00	1.26	12.61	10.97	0.00
0	4	0.00	0.00	0.41	0.79	54.44
1	1	0.05	0.00	0.60	0.89	0.00
1	5	0.00	0.00	0.46	2.19	0.00
2	2	0.05	15.20	53.93	0.00	0.00
2	6	0.00	0.04	0.75	0.61	0.00
3	3	0.00	0.02	4.80	91.20	0.00
3	7	0.00	0.00	0.15	0.79	0.00
Core	CPU	C1%	C3%	C6%	C8%	C9%
-	-	0.00	2.06	9.84	14.27	5.09
0	0	0.00	1.91	14.36	18.64	0.18
0	4	0.00	0.01	0.28	0.49	40.50
1	1	0.00	0.00	0.76	0.60	0.00
1	5	0.00	0.00	0.54	0.79	0.00
2	2	0.01	14.55	55.60	0.00	0.00
2	6	0.00	0.05	0.50	0.42	0.00
3	3	0.00	0.00	6.27	92.29	0.00
3	7	0.00	0.00	0.38	0.88	0.00
Core	CPU	C1%	C3%	C6%	C8%	C9%
-	-	0.03	0.33	7.73	14.62	0.25
0	0	0.02	2.58	53.14	16.60	0.00
0	4	0.00	0.00	0.13	0.49	0.00
1	1	0.00	0.02	0.48	4.17	0.00
1	5	0.00	0.00	0.17	0.80	0.00
2	2	0.00	0.00	1.12	0.40	2.01
2	6	0.00	0.02	0.79	0.97	0.00
3	3	0.00	0.00	5.28	93.05	0.00
3	7	0.20	0.01	0.68	0.50	0.00
Core	CPU	C1%	C3%	C6%	C8%	C9%
-	-	0.00	0.29	8.05	14.68	0.00
0	0	0.01	2.30	55.89	14.18	0.00
0	4	0.00	0.00	0.33	0.80	0.00
1	1	0.00	0.00	1.07	6.20	0.00
1	5	0.00	0.00	0.18	1.29	0.00
2	2	0.00	0.00	0.68	0.40	0.00
2	6	0.00	0.00	0.49	1.19	0.00
3	3	0.00	0.00	5.42	92.92	0.00
3	7	0.00	0.00	0.33	0.49	0.00
Core	CPU	C1%	C3%	C6%	C8%	C9%
-	-	0.00	0.35	8.48	14.93	1.61
0	0	0.02	2.79	56.12	13.41	0.00
0	4	0.00	0.00	0.57	0.30	12.85
1	1	0.00	0.00	2.09	9.95	0.00
1	5	0.00	0.00	0.14	0.99	0.00
2	2	0.00	0.02	0.39	1.38	0.00
2	6	0.00	0.00	1.31	0.80	0.00
3	3	0.00	0.02	6.57	91.75	0.00
3	7	0.00	0.00	0.65	0.88	0.00
Core	CPU	C1%	C3%	C6%	C8%	C9%
-	-	0.00	0.40	7.41	14.38	0.00
0	0	0.03	3.16	50.58	17.66	0.00
0	4	0.00	0.00	0.78	0.11	0.00
1	1	0.00	0.00	3.95	74.91	0.00
1	5	0.00	0.00	0.50	1.39	0.00
2	2	0.00	0.00	0.99	0.49	0.00
2	6	0.00	0.02	1.23	0.40	0.00
3	3	0.00	0.00	0.94	19.18	0.00
3	7	0.00	0.00	0.28	0.89	0.00
Core	CPU	C1%	C3%	C6%	C8%	C9%
-	-	0.00	0.31	7.86	15.11	0.00
0	0	0.02	2.43	55.36	14.56	0.00
0	4	0.00	0.00	0.79	0.30	0.00
1	1	0.00	0.00	3.02	64.10	0.00
1	5	0.00	0.00	0.28	0.78	0.00
2	2	0.00	0.00	0.73	8.13	0.00
2	6	0.00	0.01	0.66	0.89	0.00
3	3	0.00	0.00	1.61	30.94	0.00
3	7	0.00	0.00	0.40	1.18	0.00
Core	CPU	C1%	C3%	C6%	C8%	C9%
-	-	0.00	0.40	8.25	13.75	0.12
0	0	0.01	3.09	56.47	12.89	0.00
0	4	0.00	0.00	0.53	0.21	0.00
1	1	0.00	0.00	1.19	0.83	0.00
1	5	0.00	0.00	0.79	0.49	0.00
2	2	0.00	0.00	1.05	0.79	0.99
2	6	0.01	0.02	0.57	1.16	0.00
3	3	0.00	0.04	5.26	93.05	0.00
3	7	0.00	0.01	0.14	0.59	0.00
Core	CPU	C1%	C3%	C6%	C8%	C9%
-	-	0.31	0.34	8.32	14.84	0.00
0	0	0.01	2.67	56.60	13.07	0.00
0	4	0.00	0.00	1.74	1.49	0.00
1	1	2.47	0.00	1.48	8.53	0.00
1	5	0.00	0.00	0.14	0.99	0.00
2	2	0.00	0.02	0.30	0.40	0.00
2	6	0.00	0.00	1.00	0.40	0.00
3	3	0.00	0.01	4.64	93.69	0.00
3	7	0.00	0.00	0.65	0.19	0.00
Core	CPU	C1%	C3%	C6%	C8%	C9%
-	-	0.00	0.27	7.81	14.81	0.00
0	0	0.02	2.09	53.78	16.37	0.00
0	4	0.00	0.00	0.49	0.11	0.00
1	1	0.00	0.00	0.38	6.16	0.00
1	5	0.00	0.00	0.36	0.69	0.00
2	2	0.00	0.03	0.64	0.79	0.00
2	6	0.00	0.01	1.32	0.89	0.00
3	3	0.00	0.02	5.19	93.10	0.00
3	7	0.00	0.00	0.29	0.39	0.00
Core	CPU	C1%	C3%	C6%	C8%	C9%
-	-	0.00	0.61	8.17	13.75	0.80
0	0	0.01	4.86	56.34	10.51	0.00
0	4	0.00	0.00	0.53	0.11	6.41
1	1	0.00	0.00	1.10	6.10	0.00
1	5	0.00	0.01	0.76	0.10	0.00
2	2	0.00	0.00	0.20	0.88	0.00
2	6	0.01	0.02	0.89	1.09	0.00
3	3	0.00	0.00	5.35	90.55	0.00
3	7	0.00	0.00	0.23	0.69	0.00
Core	CPU	C1%	C3%	C6%	C8%	C9%
-	-	0.00	0.36	8.36	15.29	0.00
0	0	0.01	2.81	56.42	13.20	0.00
0	4	0.00	0.00	0.77	0.00	0.00
1	1	0.00	0.03	2.15	11.56	0.00
1	5	0.00	0.00	1.21	0.89	0.00
2	2	0.00	0.01	0.19	0.90	0.00
2	6	0.00	0.00	0.62	1.50	0.00
3	3	0.00	0.00	5.18	93.15	0.00
3	7	0.00	0.00	0.36	1.09	0.00
Core	CPU	C1%	C3%	C6%	C8%	C9%
-	-	0.09	0.42	8.06	14.68	0.11
0	0	0.01	3.25	55.60	13.56	0.00
0	4	0.00	0.00	0.38	0.62	0.00
1	1	0.68	0.01	2.88	24.10	0.00
1	5	0.00	0.00	0.37	0.79	0.00
2	2	0.00	0.00	0.24	0.89	0.00
2	6	0.00	0.07	0.74	1.78	0.90
3	3	0.00	0.00	3.88	74.98	0.00
3	7	0.00	0.00	0.38	0.69	0.00
Core	CPU	C1%	C3%	C6%	C8%	C9%
-	-	0.00	0.31	8.08	14.30	0.00
0	0	0.01	2.42	56.35	13.59	0.00
0	4	0.00	0.02	0.29	0.71	0.00
1	1	0.00	0.00	1.80	36.63	0.00
1	5	0.00	0.00	1.06	0.89	0.00
2	2	0.00	0.00	0.60	3.56	0.00
2	6	0.00	0.00	1.17	0.11	0.00
3	3	0.00	0.01	2.84	58.36	0.00
3	7	0.00	0.00	0.49	0.60	0.00
Core	CPU	C1%	C3%	C6%	C8%	C9%
-	-	0.00	0.24	7.84	14.12	0.00
0	0	0.02	1.78	54.75	15.73	0.00
0	4	0.00	0.00	0.36	0.60	0.00
1	1	0.00	0.00	0.34	1.09	0.00
1	5	0.00	0.10	0.13	0.99	0.00
2	2	0.00	0.00	0.70	0.00	0.00
2	6	0.00	0.02	0.55	1.06	0.00
3	3	0.00	0.02	5.48	92.81	0.00
3	7	0.00	0.00	0.44	0.69	0.00
Core	CPU	C1%	C3%	C6%	C8%	C9%
-	-	0.00	0.53	8.05	13.58	0.00
0	0	0.01	4.17	54.50	12.89	0.00
0	4	0.00	0.00	0.28	0.61	0.00
1	1	0.00	0.03	3.18	39.58	0.00
1	5	0.00	0.00	0.44	0.79	0.00
2	2	0.00	0.02	0.53	3.15	0.00
2	6	0.00	0.00	1.44	0.50	0.00
3	3	0.00	0.00	3.62	50.52	0.00
3	7	0.00	0.00	0.37	0.59	0.00
Core	CPU	C1%	C3%	C6%	C8%	C9%
-	-	0.01	1.26	8.60	12.71	0.50
0	0	0.01	0.67	23.50	5.78	0.12
0	4	0.00	0.00	0.42	0.39	3.87
1	1	0.00	0.01	3.22	62.81	0.00
1	5	0.00	0.00	0.29	1.08	0.00
2	2	0.00	0.00	0.37	0.89	0.00
2	6	0.00	0.00	1.06	0.60	0.00
3	3	0.07	9.38	39.90	29.66	0.00
3	7	0.00	0.00	0.00	0.50	0.00
Core	CPU	C1%	C3%	C6%	C8%	C9%
-	-	0.03	1.83	10.18	15.89	0.00
0	0	0.01	0.21	14.25	6.10	0.00
0	4	0.00	0.00	0.93	0.10	0.00
1	1	0.00	0.00	4.67	42.72	0.00
1	5	0.00	0.02	1.08	0.40	0.00
2	2	0.00	0.00	3.49	48.73	0.00
2	6	0.00	0.02	1.08	0.60	0.00
3	3	0.22	14.21	54.69	0.00	0.00
3	7	0.01	0.16	1.20	28.46	0.00
Core	CPU	C1%	C3%	C6%	C8%	C9%
-	-	0.02	1.84	14.54	6.19	0.00
0	0	0.00	0.35	55.95	27.69	0.00
0	4	0.00	0.00	0.79	0.30	0.00
1	1	0.00	0.00	0.27	0.89	0.00
1	5	0.00	0.00	0.46	0.49	0.00
2	2	0.00	0.00	1.50	18.53	0.00
2	6	0.00	0.00	0.63	1.09	0.00
3	3	0.16	14.34	56.16	0.00	0.00
3	7	0.00	0.00	0.58	0.49	0.00
Core	CPU	C1%	C3%	C6%	C8%	C9%
-	-	0.00	0.30	8.35	14.88	0.25
0	0	0.01	2.29	55.95	14.12	0.00
0	4	0.00	0.00	1.00	0.51	1.89
1	1	0.00	0.04	5.47	92.64	0.00
1	5	0.00	0.00	0.37	1.39	0.00
2	2	0.00	0.00	0.89	7.52	0.07
2	6	0.00	0.08	1.09	0.99	0.00
3	3	0.00	0.00	1.28	0.60	0.00
3	7	0.00	0.00	0.72	1.28	0.00
Core	CPU	C1%	C3%	C6%	C8%	C9%
-	-	0.02	1.09	9.39	11.83	0.09
0	0	0.01	2.47	41.16	14.38	0.00
0	4	0.00	0.00	0.54	0.80	0.00
1	1	0.00	0.01	4.34	74.14	0.00
1	5	0.00	0.00	0.41	2.67	0.00
2	2	0.00	0.00	0.82	0.80	0.69
2	6	0.00	0.05	1.29	0.99	0.00
3	3	0.13	6.22	25.69	0.49	0.00
3	7	0.00	0.00	0.83	0.41	0.00
Core	CPU	C1%	C3%	C6%	C8%	C9%
-	-	0.00	0.22	7.81	14.30	0.00
0	0	0.01	1.73	54.51	15.98	0.00
0	4	0.00	0.00	0.67	0.50	0.00
1	1	0.00	0.00	4.69	93.68	0.00
1	5	0.00	0.00	0.43	0.80	0.00
2	2	0.00	0.00	0.23	1.08	0.00
2	6	0.00	0.02	1.20	0.50	0.00
3	3	0.00	0.00	0.29	1.00	0.00
3	7	0.00	0.00	0.48	0.89	0.00
Core	CPU	C1%	C3%	C6%	C8%	C9%
-	-	0.00	0.37	7.90	14.57	0.00
0	0	0.02	2.78	54.29	14.52	0.00
0	4	0.00	0.00	2.42	1.38	0.00
1	1	0.00	0.00	1.70	31.32	0.00
1	5	0.00	0.00	0.28	0.69	0.00
2	2	0.00	0.00	0.54	3.85	0.00
2	6	0.00	0.02	1.09	0.52	0.00
3	3	0.00	0.12	2.74	63.28	0.00
3	7	0.00	0.00	0.19	0.99	0.00
Core	CPU	C1%	C3%	C6%	C8%	C9%
-	-	0.00	0.23	7.75	14.51	0.10
0	0	0.02	1.80	54.01	16.37	0.00
0	4	0.00	0.00	0.04	0.59	0.00
1	1	0.00	0.02	4.54	79.39	0.00
1	5	0.00	0.00	0.28	0.70	0.00
2	2	0.00	0.00	0.54	0.69	0.00
2	6	0.00	0.03	1.06	1.49	0.80
3	3	0.00	0.00	1.11	15.14	0.00
3	7	0.00	0.00	0.43	1.68	0.00
Core	CPU	C1%	C3%	C6%	C8%	C9%
-	-	0.01	0.41	7.85	14.11	0.00
0	0	0.02	1.61	50.27	14.87	0.00
0	4	0.00	0.00	0.26	0.40	0.00
1	1	0.00	0.00	2.26	37.80	0.00
1	5	0.00	0.00	0.14	0.70	0.00
2	2	0.00	0.02	0.32	0.31	0.00
2	6	0.00	0.01	0.31	1.18	0.00
3	3	0.03	1.66	8.82	56.92	0.00
3	7	0.00	0.00	0.36	0.69	0.00
Core	CPU	C1%	C3%	C6%	C8%	C9%
-	-	0.01	1.98	14.90	4.49	4.62
0	0	0.00	0.84	61.66	30.16	0.00
0	4	0.00	0.00	0.60	0.00	35.37
1	1	0.00	0.00	0.48	1.18	0.00
1	5	0.00	0.00	0.44	1.40	0.00
2	2	0.00	0.00	0.65	0.89	0.00
2	6	0.00	0.01	1.23	1.00	0.00
3	3	0.07	15.00	53.90	0.00	1.61
3	7	0.00	0.00	0.27	1.31	0.00
Core	CPU	C1%	C3%	C6%	C8%	C9%
-	-	0.01	2.05	14.94	4.55	7.12
0	0	0.01	1.78	60.30	32.95	0.00
0	4	0.00	0.00	0.53	0.21	56.97
1	1	0.00	0.00	0.63	0.12	0.00
1	5	0.00	0.01	0.75	0.10	0.00
2	2	0.00	0.00	0.48	0.80	0.00
2	6	0.00	0.02	1.08	1.09	0.00
3	3	0.04	14.56	55.42	0.00	0.00
3	7	0.00	0.00	0.33	1.09	0.00
Core	CPU	C1%	C3%	C6%	C8%	C9%
-	-	0.02	2.06	15.03	4.82	8.51
0	0	0.00	1.35	60.13	32.78	0.00
0	4	0.00	0.00	0.37	1.00	68.05
1	1	0.00	0.00	1.57	1.69	0.00
1	5	0.00	0.00	0.62	0.71	0.00
2	2	0.00	0.00	1.10	0.40	0.00
2	6	0.00	0.02	1.20	0.68	0.00
3	3	0.15	15.08	54.80	0.00	0.00
3	7	0.00	0.00	0.43	1.32	0.00
Core	CPU	C1%	C3%	C6%	C8%	C9%
-	-	0.13	2.06	14.70	5.96	9.01
0	0	0.00	1.86	59.38	33.51	0.00
0	4	0.00	0.00	0.22	0.41	72.09
1	1	0.49	0.00	0.56	10.18	0.00
1	5	0.00	0.01	0.19	1.49	0.00
2	2	0.00	0.00	0.34	0.39	0.00
2	6	0.00	0.02	1.18	0.90	0.00
3	3	0.00	14.59	55.02	0.00	0.00
3	7	0.59	0.02	0.68	0.79	0.00
Core	CPU	C1%	C3%	C6%	C8%	C9%
-	-	0.00	0.29	7.99	15.10	0.08
0	0	0.01	2.23	56.17	13.92	0.00
0	4	0.00	0.00	0.27	0.31	0.00
1	1	0.00	0.00	4.31	94.07	0.00
1	5	0.00	0.00	0.43	1.09	0.00
2	2	0.00	0.09	0.71	8.94	0.61
2	6	0.00	0.02	0.46	1.37	0.00
3	3	0.00	0.00	0.88	0.39	0.00
3	7	0.00	0.01	0.67	0.69	0.00
Core	CPU	C1%	C3%	C6%	C8%	C9%
-	-	0.00	0.47	8.36	14.94	0.00
0	0	0.01	3.77	54.11	13.68	0.00
0	4	0.00	0.01	0.79	0.30	0.00
1	1	0.00	0.00	4.73	90.24	0.00
1	5	0.00	0.00	0.28	0.79	0.00
2	2	0.00	0.00	4.63	12.61	0.00
2	6	0.01	0.00	1.25	0.60	0.00
3	3	0.00	0.02	0.39	1.00	0.00
3	7	0.00	0.00	0.69	0.30	0.00
Core	CPU	C1%	C3%	C6%	C8%	C9%
-	-	0.01	0.28	8.02	15.07	0.00
0	0	0.02	2.18	54.92	15.20	0.00
0	4	0.10	0.01	0.60	0.00	0.00
1	1	0.00	0.04	5.74	92.58	0.00
1	5	0.00	0.00	0.27	0.79	0.00
2	2	0.00	0.01	1.18	9.79	0.00
2	6	0.00	0.00	0.85	1.00	0.00
3	3	0.00	0.00	0.32	0.59	0.00
3	7	0.00	0.00	0.30	0.59	0.00
Core	CPU	C1%	C3%	C6%	C8%	C9%
-	-	0.00	0.31	7.81	15.24	0.00
0	0	0.02	2.37	52.30	17.64	0.00
0	4	0.00	0.00	0.64	0.00	0.00
1	1	0.00	0.02	5.82	92.55	0.00
1	5	0.00	0.02	0.99	0.50	0.00
2	2	0.00	0.05	1.29	7.78	0.00
2	6	0.00	0.01	0.92	2.09	0.00
3	3	0.00	0.00	0.32	0.39	0.00
3	7	0.00	0.00	0.23	0.99	0.00
Core	CPU	C1%	C3%	C6%	C8%	C9%
-	-	0.00	0.30	8.09	13.90	0.00
0	0	0.02	2.36	56.48	13.49	0.00
0	4	0.00	0.00	0.88	0.00	0.00
1	1	0.00	0.00	4.29	92.52	0.00
1	5	0.00	0.00	0.32	0.99	0.00
2	2	0.00	0.02	0.74	1.37	0.00
2	6	0.00	0.02	1.01	1.09	0.00
3	3	0.00	0.00	0.49	0.85	0.00
3	7	0.00	0.00	0.47	0.88	0.00
Core	CPU	C1%	C3%	C6%	C8%	C9%
-	-	0.02	1.83	8.90	12.32	0.00
0	0	0.00	0.28	6.58	2.96	0.00
0	4	0.00	0.01	0.69	0.30	0.00
1	1	0.00	0.00	6.68	91.80	0.00
1	5	0.00	0.00	0.29	0.79	0.00
2	2	0.00	0.00	0.33	0.98	0.00
2	6	0.00	0.02	0.47	1.08	0.00
3	3	0.15	14.34	55.86	0.00	0.00
3	7	0.00	0.00	0.30	0.69	0.00
Core	CPU	C1%	C3%	C6%	C8%	C9%
-	-	0.01	2.07	12.41	7.26	5.50
0	0	0.01	0.86	41.09	33.19	0.00
0	4	0.00	0.00	0.44	0.99	41.02
1	1	0.00	0.03	2.20	19.21	0.00
1	5	0.00	0.02	0.38	1.00	0.00
2	2	0.00	0.00	0.26	1.49	0.00
2	6	0.00	0.01	0.49	1.28	2.96
3	3	0.10	15.66	54.13	0.00	0.00
3	7	0.00	0.00	0.33	0.91	0.00
Core	CPU	C1%	C3%	C6%	C8%	C9%
-	-	0.00	0.26	8.15	13.72	0.00
0	0	0.01	2.03	57.16	13.17	0.00
0	4	0.00	0.00	0.58	0.20	0.00
1	1	0.00	0.01	1.57	29.45	0.00
1	5	0.00	0.00	0.35	0.69	0.00
2	2	0.00	0.00	3.54	64.26	0.00
2	6	0.00	0.07	0.89	0.19	0.00
3	3	0.00	0.00	0.69	0.79	0.00
3	7	0.00	0.00	0.37	0.99	0.00
Core	CPU	C1%	C3%	C6%	C8%	C9%
-	-	0.01	0.36	7.87	14.20	0.00
0	0	0.02	2.73	53.59	16.15	0.00
0	4	0.00	0.02	0.69	0.11	0.00
1	1	0.00	0.00	1.12	13.94	0.00
1	5	0.00	0.00	0.27	0.89	0.00
2	2	0.00	0.05	6.01	80.24	0.00
2	6	0.08	0.05	0.51	0.99	0.00
3	3	0.00	0.00	0.62	0.49	0.00
3	7	0.00	0.00	0.18	0.79	0.00
Core	CPU	C1%	C3%	C6%	C8%	C9%
-	-	0.00	0.27	8.08	14.09	0.00
0	0	0.03	2.11	56.00	14.26	0.00
0	4	0.00	0.00	0.55	0.60	0.00
1	1	0.00	0.00	5.55	92.80	0.00
1	5	0.00	0.00	0.22	1.09	0.00
2	2	0.00	0.00	0.29	1.49	0.00
2	6	0.00	0.01	1.59	0.30	0.00
3	3	0.00	0.00	0.27	1.18	0.00
3	7	0.00	0.00	0.15	0.99	0.00
Core	CPU	C1%	C3%	C6%	C8%	C9%
-	-	0.00	0.32	8.31	17.41	0.00
0	0	0.03	2.41	56.51	14.22	0.00
0	4	0.00	0.00	0.58	0.20	0.00
1	1	0.00	0.00	2.41	16.58	0.00
1	5	0.00	0.00	0.31	0.89	0.00
2	2	0.00	0.00	4.55	81.69	0.00
2	6	0.00	0.04	0.98	0.49	0.00
3	3	0.00	0.00	0.29	1.28	0.00
3	7	0.01	0.13	0.86	23.95	0.00
Core	CPU	C1%	C3%	C6%	C8%	C9%
-	-	0.06	0.44	8.06	14.17	0.52
0	0	0.02	3.48	55.49	12.05	0.00
0	4	0.00	0.00	0.35	1.37	4.16
1	1	0.00	0.00	0.39	1.98	0.00
1	5	0.00	0.00	0.55	1.20	0.00
2	2	0.48	0.00	2.11	19.77	0.00
2	6	0.00	0.01	1.46	0.59	0.00
3	3	0.00	0.03	3.49	71.66	0.00
3	7	0.00	0.01	0.67	4.77	0.00
Core	CPU	C1%	C3%	C6%	C8%	C9%
-	-	0.02	1.59	9.06	12.09	0.18
0	0	0.01	0.39	13.66	2.19	1.41
0	4	0.00	0.00	1.78	8.40	0.00
1	1	0.00	0.02	0.29	0.80	0.00
1	5	0.00	0.00	0.43	0.50	0.00
2	2	0.00	0.03	3.88	73.17	0.00
2	6	0.00	0.01	1.28	0.59	0.00
3	3	0.17	12.25	50.51	10.73	0.00
3	7	0.00	0.00	0.63	0.30	0.00
Core	CPU	C1%	C3%	C6%	C8%	C9%
-	-	0.00	0.53	10.10	13.23	0.00
0	0	0.00	4.26	63.80	4.69	0.00
0	4	0.00	0.00	12.39	85.99	0.00
1	1	0.00	0.00	0.91	11.88	0.00
1	5	0.00	0.00	0.25	1.28	0.00
2	2	0.00	0.00	0.92	0.30	0.00
2	6	0.00	0.02	1.21	0.50	0.00
3	3	0.00	0.00	0.98	0.30	0.00
3	7	0.00	0.00	0.37	0.88	0.00
Core	CPU	C1%	C3%	C6%	C8%	C9%
-	-	0.00	0.46	10.46	12.55	0.00
0	0	0.00	3.64	65.08	3.76	0.00
0	4	0.00	0.01	15.24	83.11	0.00
1	1	0.00	0.00	0.93	9.30	0.00
1	5	0.00	0.00	0.37	1.28	0.00
2	2	0.00	0.00	0.35	0.79	0.00
2	6	0.00	0.01	1.25	0.69	0.00
3	3	0.00	0.02	0.29	0.60	0.00
3	7	0.00	0.00	0.20	0.89	0.00
Core	CPU	C1%	C3%	C6%	C8%	C9%
-	-	0.00	0.45	10.18	13.01	0.00
0	0	0.01	3.56	64.81	4.08	0.00
0	4	0.00	0.00	12.63	85.72	0.00
1	1	0.00	0.00	1.18	10.53	0.00
1	5	0.00	0.01	0.75	0.19	0.00
2	2	0.00	0.00	0.24	1.28	0.00
2	6	0.00	0.02	1.19	0.49	0.00
3	3	0.00	0.00	0.36	0.70	0.00
3	7	0.00	0.00	0.33	1.09	0.00
Core	CPU	C1%	C3%	C6%	C8%	C9%
-	-	0.00	0.65	9.86	13.70	0.00
0	0	0.01	5.19	64.49	2.15	0.00
0	4	0.00	0.00	6.96	89.08	0.00
1	1	0.00	0.00	5.18	13.13	0.00
1	5	0.00	0.00	0.42	1.09	0.00
2	2	0.00	0.02	0.49	1.29	0.00
2	6	0.00	0.00	0.62	0.90	0.00
3	3	0.00	0.00	0.38	0.89	0.00
3	7	0.00	0.00	0.36	1.09	0.00
Core	CPU	C1%	C3%	C6%	C8%	C9%
-	-	0.00	0.34	8.41	13.76	0.12
0	0	0.01	2.70	59.49	10.20	0.00
0	4	0.00	0.00	3.41	31.96	0.00
1	1	0.00	0.00	0.36	2.97	0.00
1	5	0.00	0.00	2.56	61.13	0.00
2	2	0.00	0.00	0.13	0.50	1.00
2	6	0.00	0.04	0.56	1.36	0.00
3	3	0.00	0.00	0.39	1.38	0.00
3	7	0.00	0.00	0.37	0.59	0.00
Core	CPU	C1%	C3%	C6%	C8%	C9%
-	-	0.10	0.43	9.31	12.75	0.00
0	0	0.02	3.39	58.09	11.05	0.00
0	4	0.00	0.02	10.31	32.66	0.00
1	1	0.00	0.00	0.91	1.00	0.00
1	5	0.00	0.00	3.06	53.38	0.00
2	2	0.00	0.00	0.26	0.79	0.00
2	6	0.00	0.01	1.14	0.70	0.00
3	3	0.78	0.02	0.37	0.91	0.00
3	7	0.00	0.00	0.34	1.50	0.00
Core	CPU	C1%	C3%	C6%	C8%	C9%
-	-	0.00	0.47	10.81	10.85	0.00
0	0	0.00	3.65	66.64	2.27	0.00
0	4	0.00	0.00	17.48	80.92	0.00
1	1	0.00	0.02	0.50	0.10	0.00
1	5	0.00	0.00	0.30	0.99	0.00
2	2	0.00	0.00	0.22	0.79	0.00
2	6	0.00	0.04	0.76	0.59	0.00
3	3	0.00	0.00	0.15	0.59	0.00
3	7	0.00	0.02	0.40	0.49	0.00
Core	CPU	C1%	C3%	C6%	C8%	C9%
-	-	0.00	0.51	9.69	12.44	0.00
0	0	0.00	4.08	68.16	0.33	0.00
0	4	0.00	0.00	6.60	91.80	0.00
1	1	0.00	0.00	0.25	1.19	0.00
1	5	0.00	0.00	0.50	1.28	0.00
2	2	0.00	0.01	0.49	1.09	0.00
2	6	0.00	0.02	0.52	1.56	0.00
3	3	0.00	0.00	0.38	1.08	0.00
3	7	0.00	0.00	0.66	1.18	0.00
Core	CPU	C1%	C3%	C6%	C8%	C9%
-	-	0.00	0.72	10.21	10.70	0.12
0	0	0.00	5.71	65.90	0.33	0.00
0	4	0.00	0.00	13.70	82.25	0.00
1	1	0.00	0.00	0.47	0.39	0.00
1	5	0.00	0.00	0.56	0.29	0.00
2	2	0.00	0.00	0.23	0.39	0.98
2	6	0.01	0.01	0.44	0.58	0.00
3	3	0.00	0.00	0.10	0.69	0.00
3	7	0.00	0.00	0.29	0.69	0.00
Core	CPU	C1%	C3%	C6%	C8%	C9%
-	-	0.00	0.60	11.61	10.55	0.00
0	0	0.01	4.78	68.23	0.00	0.00
0	4	0.00	0.00	20.72	77.73	0.00
1	1	0.00	0.01	1.16	1.20	0.00
1	5	0.00	0.00	0.28	1.41	0.00
2	2	0.00	0.00	0.28	1.18	0.00
2	6	0.00	0.01	1.47	0.49	0.00
3	3	0.00	0.00	0.44	1.18	0.00
3	7	0.00	0.01	0.29	1.18	0.00
Core	CPU	C1%	C3%	C6%	C8%	C9%
-	-	0.00	0.53	9.70	12.26	0.11
0	0	0.01	4.20	62.08	6.18	0.00
0	4	0.00	0.00	10.96	56.01	0.00
1	1	0.00	0.00	0.56	1.18	0.00
1	5	0.00	0.00	1.79	31.07	0.00
2	2	0.00	0.00	0.23	1.10	0.00
2	6	0.00	0.02	0.81	0.69	0.00
3	3	0.00	0.00	0.27	1.09	0.00
3	7	0.00	0.00	0.92	0.79	0.91
Core	CPU	C1%	C3%	C6%	C8%	C9%
-	-	0.00	0.51	10.05	12.00	0.00
0	0	0.00	4.05	67.48	1.18	0.00
0	4	0.00	0.02	10.67	87.45	0.00
1	1	0.00	0.00	0.10	1.58	0.00
1	5	0.00	0.00	0.37	1.28	0.00
2	2	0.00	0.00	0.35	1.87	0.00
2	6	0.00	0.04	0.64	1.28	0.00
3	3	0.00	0.00	0.22	0.60	0.00
3	7	0.00	0.00	0.60	0.79	0.00
Core	CPU	C1%	C3%	C6%	C8%	C9%
-	-	0.00	0.50	10.76	12.38	0.00
0	0	0.00	3.95	67.49	1.29	0.00
0	4	0.00	0.00	14.87	83.55	0.00
1	1	0.00	0.00	1.81	10.19	0.00
1	5	0.00	0.02	0.40	1.08	0.00
2	2	0.00	0.00	0.19	0.59	0.00
2	6	0.00	0.02	0.63	0.76	0.00
3	3	0.00	0.00	0.37	0.79	0.00
3	7	0.00	0.00	0.34	0.79	0.00
Core	CPU	C1%	C3%	C6%	C8%	C9%
-	-	0.00	0.69	9.93	12.09	0.00
0	0	0.01	5.52	63.28	3.13	0.00
0	4	0.00	0.00	12.21	83.72	0.00
1	1	0.00	0.00	1.52	6.04	0.00
1	5	0.00	0.00	0.37	0.59	0.00
2	2	0.00	0.00	0.42	1.29	0.00
2	6	0.00	0.00	0.96	0.11	0.00
3	3	0.00	0.00	0.20	1.08	0.00
3	7	0.00	0.00	0.47	0.79	0.00
Core	CPU	C1%	C3%	C6%	C8%	C9%
-	-	0.00	0.51	10.83	11.63	0.00
0	0	0.00	4.04	66.98	1.51	0.00
0	4	0.00	0.00	16.90	81.53	0.00
1	1	0.00	0.00	0.44	6.03	0.00
1	5	0.00	0.00	0.46	0.50	0.00
2	2	0.00	0.00	0.36	1.19	0.00
2	6	0.00	0.03	1.03	0.10	0.00
3	3	0.00	0.00	0.19	1.09	0.00
3	7	0.00	0.00	0.28	1.09	0.00
Core	CPU	C1%	C3%	C6%	C8%	C9%
-	-	0.00	0.64	10.23	12.04	0.00
0	0	0.00	5.07	67.38	0.33	0.00
0	4	0.00	0.02	11.20	87.25	0.00
1	1	0.00	0.00	0.10	5.27	0.00
1	5	0.00	0.00	0.29	1.17	0.00
2	2	0.00	0.00	0.53	1.08	0.00
2	6	0.00	0.00	0.79	0.69	0.00
3	3	0.00	0.00	0.73	0.19	0.00
3	7	0.00	0.02	0.79	0.30	0.00
Core	CPU	C1%	C3%	C6%	C8%	C9%
-	-	0.01	0.47	11.46	12.73	0.00
0	0	0.00	3.71	65.99	2.79	0.00
0	4	0.00	0.00	17.61	80.82	0.00
1	1	0.00	0.00	5.67	13.74	0.00
1	5	0.00	0.00	0.23	0.99	0.00
2	2	0.00	0.00	0.69	0.81	0.00
2	6	0.04	0.01	0.56	0.79	0.00
3	3	0.00	0.00	0.47	0.89	0.00
3	7	0.00	0.00	0.44	0.99	0.00
Core	CPU	C1%	C3%	C6%	C8%	C9%
-	-	0.00	0.52	10.04	12.81	0.00
0	0	0.00	4.11	67.84	0.65	0.00
0	4	0.00	0.00	9.26	89.16	0.00
1	1	0.00	0.00	0.62	8.30	0.00
1	5	0.00	0.00	0.37	1.48	0.00
2	2	0.00	0.00	0.35	0.70	0.00
2	6	0.00	0.02	1.20	0.30	0.00
3	3	0.00	0.00	0.30	0.88	0.00
3	7	0.00	0.00	0.37	0.99	0.00
Core	CPU	C1%	C3%	C6%	C8%	C9%
-	-	0.00	0.69	10.59	11.05	0.00
0	0	0.00	5.42	64.71	0.96	0.00
0	4	0.00	0.02	17.93	77.72	0.00
1	1	0.00	0.00	0.30	4.67	0.00
1	5	0.00	0.00	0.38	0.99	0.00
2	2	0.00	0.00	0.36	1.08	0.00
2	6	0.00	0.00	0.72	1.77	0.00
3	3	0.00	0.10	0.13	0.50	0.00
3	7	0.00	0.00	0.17	0.69	0.00
Core	CPU	C1%	C3%	C6%	C8%	C9%
-	-	0.01	0.56	10.72	11.51	0.00
0	0	0.00	4.47	67.54	0.85	0.00
0	4	0.00	0.00	15.44	82.96	0.00
1	1	0.08	0.00	0.40	1.67	0.00
1	5	0.00	0.02	0.48	1.48	0.00
2	2	0.00	0.00	0.30	1.78	0.00
2	6	0.00	0.01	0.99	0.90	0.00
3	3	0.00	0.00	0.37	1.28	0.00
3	7	0.00	0.00	0.25	1.18	0.00
Core	CPU	C1%	C3%	C6%	C8%	C9%
-	-	0.00	0.54	9.76	16.14	0.17
0	0	0.01	4.13	61.30	7.67	0.00
0	4	0.00	0.00	13.43	84.87	0.00
1	1	0.00	0.00	0.43	5.56	0.40
1	5	0.00	0.00	0.36	0.69	0.00
2	2	0.00	0.00	0.33	0.69	0.98
2	6	0.00	0.09	1.08	0.09	0.00
3	3	0.00	0.00	0.10	0.60	0.00
3	7	0.01	0.14	1.09	28.97	0.00
Core	CPU	C1%	C3%	C6%	C8%	C9%
-	-	0.00	0.49	10.46	11.91	0.00
0	0	0.00	3.86	67.08	1.56	0.00
0	4	0.00	0.00	11.75	86.66	0.00
1	1	0.00	0.00	1.20	1.68	0.00
1	5	0.00	0.00	0.38	1.28	0.00
2	2	0.00	0.02	0.88	1.79	0.00
2	6	0.00	0.00	1.16	0.40	0.00
3	3	0.00	0.00	0.42	1.39	0.00
3	7	0.00	0.00	0.79	0.50	0.00
Core	CPU	C1%	C3%	C6%	C8%	C9%
-	-	0.00	0.50	10.88	10.95	0.00
0	0	0.00	3.94	68.20	0.54	0.00
0	4	0.00	0.00	16.18	82.25	0.00
1	1	0.00	0.02	0.29	1.38	0.00
1	5	0.00	0.00	0.15	0.70	0.00
2	2	0.00	0.00	0.58	0.10	0.00
2	6	0.00	0.03	1.08	0.50	0.00
3	3	0.00	0.00	0.35	1.08	0.00
3	7	0.00	0.03	0.19	1.08	0.00
Core	CPU	C1%	C3%	C6%	C8%	C9%
-	-	0.00	0.70	10.13	11.16	0.00
0	0	0.01	5.56	63.36	3.13	0.00
0	4	0.00	0.00	14.94	80.99	0.00
1	1	0.00	0.00	0.35	0.39	0.00
1	5	0.00	0.00	0.37	1.29	0.00
2	2	0.00	0.01	0.29	0.50	0.00
2	6	0.00	0.02	0.73	0.41	0.00
3	3	0.00	0.00	0.32	1.58	0.00
3	7	0.00	0.00	0.65	0.99	0.00
Core	CPU	C1%	C3%	C6%	C8%	C9%
-	-	0.00	0.47	9.61	12.36	0.12
0	0	0.00	3.77	68.36	0.53	0.00
0	4	0.00	0.00	6.42	92.01	0.00
1	1	0.00	0.00	0.19	0.79	0.00
1	5	0.00	0.00	0.47	1.28	0.00
2	2	0.00	0.00	0.33	1.09	0.99
2	6	0.00	0.01	0.40	1.08	0.00
3	3	0.00	0.02	0.39	0.99	0.00
3	7	0.00	0.00	0.29	1.09	0.00
Core	CPU	C1%	C3%	C6%	C8%	C9%
-	-	0.00	0.73	11.22	10.52	0.00
0	0	0.00	5.79	66.46	0.73	0.00
0	4	0.00	0.00	20.33	78.09	0.00
1	1	0.00	0.01	0.55	1.48	0.00
1	5	0.00	0.00	0.19	0.99	0.00
2	2	0.00	0.00	0.27	0.88	0.00
2	6	0.00	0.01	1.47	0.40	0.00
3	3	0.00	0.00	0.30	0.69	0.00
3	7	0.00	0.02	0.20	0.89	0.00
Core	CPU	C1%	C3%	C6%	C8%	C9%
-	-	0.00	0.49	11.35	10.31	0.00
0	0	0.00	3.92	67.68	0.97	0.00
0	4	0.00	0.00	20.84	77.58	0.00
1	1	0.00	0.00	0.15	0.79	0.00
1	5	0.00	0.00	0.20	0.50	0.00
2	2	0.00	0.01	0.29	0.60	0.00
2	6	0.00	0.00	0.72	0.70	0.00
3	3	0.00	0.00	0.47	0.60	0.00
3	7	0.00	0.00	0.45	0.79	0.00
Core	CPU	C1%	C3%	C6%	C8%	C9%
-	-	0.00	0.48	10.89	12.71	0.12
0	0	0.01	3.80	66.02	2.69	0.00
0	4	0.00	0.00	16.52	81.88	0.00
1	1	0.00	0.00	1.13	12.60	0.00
1	5	0.00	0.00	0.33	0.89	0.00
2	2	0.00	0.00	1.02	0.30	0.99
2	6	0.00	0.03	1.31	0.49	0.00
3	3	0.00	0.00	0.30	1.68	0.00
3	7	0.00	0.00	0.48	1.18	0.00
Core	CPU	C1%	C3%	C6%	C8%	C9%
-	-	0.00	0.70	10.42	12.11	0.00
0	0	0.01	5.55	62.92	3.25	0.00
0	4	0.00	0.00	15.60	80.22	0.00
1	1	0.00	0.01	1.52	8.61	0.00
1	5	0.00	0.00	1.02	0.69	0.00
2	2	0.00	0.00	0.17	0.30	0.00
2	6	0.00	0.02	1.44	0.89	0.00
3	3	0.00	0.00	0.38	0.99	0.00
3	7	0.00	0.00	0.34	1.99	0.00
Core	CPU	C1%	C3%	C6%	C8%	C9%
-	-	0.00	0.42	10.09	11.96	0.00
0	0	0.00	3.38	65.75	3.36	0.00
0	4	0.00	0.00	11.78	86.56	0.00
1	1	0.00	0.00	0.96	0.90	0.00
1	5	0.00	0.00	0.44	0.30	0.00
2	2	0.00	0.00	0.29	1.67	0.00
2	6	0.00	0.02	0.69	1.08	0.00
3	3	0.00	0.00	0.45	0.79	0.00
3	7	0.00	0.00	0.34	0.98	0.00
Core	CPU	C1%	C3%	C6%	C8%	C9%
-	-	0.00	0.51	9.95	12.95	0.00
0	0	0.01	4.04	63.71	4.69	0.00
0	4	0.00	0.00	12.54	78.85	0.00
1	1	0.00	0.00	0.60	6.13	0.00
1	5	0.00	0.00	0.85	7.79	0.00
2	2	0.00	0.00	0.46	1.50	0.00
2	6	0.00	0.00	0.65	1.88	0.00
3	3	0.00	0.00	0.35	1.58	0.00
3	7	0.00	0.00	0.41	1.16	0.00
Core	CPU	C1%	C3%	C6%	C8%	C9%
-	-	0.00	0.51	10.64	11.99	0.00
0	0	0.01	4.07	66.69	1.83	0.00
0	4	0.00	0.00	14.87	83.49	0.00
1	1	0.00	0.00	0.58	6.73	0.00
1	5	0.00	0.01	1.17	0.79	0.00
2	2	0.00	0.01	0.45	0.60	0.00
2	6	0.00	0.00	0.63	0.70	0.00
3	3	0.00	0.02	0.19	1.49	0.00
3	7	0.00	0.00	0.49	0.30	0.00
Core	CPU	C1%	C3%	C6%	C8%	C9%
-	-	0.00	1.12	8.92	13.01	0.00
0	0	0.01	1.35	33.73	9.11	0.00
0	4	0.00	0.00	1.60	4.81	0.00
1	1	0.00	0.01	0.20	0.80	0.00
1	5	0.00	0.03	6.12	86.45	0.00
2	2	0.00	7.57	28.86	0.40	0.00
2	6	0.00	0.00	0.35	0.89	0.00
3	3	0.00	0.00	0.23	1.00	0.00
3	7	0.00	0.01	0.29	0.60	0.00
Core	CPU	C1%	C3%	C6%	C8%	C9%
-	-	0.00	0.72	8.17	13.76	2.65
0	0	0.01	3.23	45.58	10.38	0.00
0	4	0.00	0.00	0.75	0.00	21.23
1	1	0.00	0.00	0.99	5.40	0.00
1	5	0.00	0.02	4.60	90.94	0.00
2	2	0.00	0.00	1.09	0.49	0.00
2	6	0.01	0.00	0.30	1.18	0.00
3	3	0.02	2.52	11.51	1.38	0.00
3	7	0.00	0.00	0.59	0.28	0.00
Core	CPU	C1%	C3%	C6%	C8%	C9%
-	-	0.04	1.82	9.40	12.43	0.00
0	0	0.00	0.07	12.56	0.95	0.00
0	4	0.00	0.00	0.38	0.71	0.00
1	1	0.00	0.00	0.39	0.98	0.00
1	5	0.00	0.01	4.83	93.81	0.00
2	2	0.00	0.00	0.25	0.89	0.00
2	6	0.00	0.00	0.32	1.19	0.00
3	3	0.28	14.49	56.14	0.00	0.00
3	7	0.00	0.00	0.36	0.91	0.00
Core	CPU	C1%	C3%	C6%	C8%	C9%
-	-	0.00	0.42	8.32	14.72	0.16
0	0	0.01	3.28	56.73	12.63	0.00
0	4	0.00	0.00	2.00	1.42	1.31
1	1	0.00	0.00	0.48	6.21	0.00
1	5	0.00	0.00	4.97	93.36	0.00
2	2	0.00	0.00	0.48	0.98	0.00
2	6	0.00	0.00	0.36	1.18	0.00
3	3	0.00	0.04	1.14	0.69	0.00
3	7	0.00	0.03	0.37	1.29	0.00
Core	CPU	C1%	C3%	C6%	C8%	C9%
-	-	0.00	0.33	9.72	16.99	0.00
0	0	0.01	2.66	57.57	12.20	0.00
0	4	0.00	0.00	0.37	0.70	0.00
1	1	0.00	0.00	12.38	26.44	0.00
1	5	0.00	0.01	5.75	92.55	0.00
2	2	0.00	0.00	0.20	1.39	0.00
2	6	0.00	0.00	0.29	1.19	0.00
3	3	0.00	0.00	0.67	0.89	0.00
3	7	0.00	0.00	0.55	0.59	0.00
Core	CPU	C1%	C3%	C6%	C8%	C9%
-	-	0.00	0.43	10.26	11.95	0.00
0	0	0.00	3.40	65.18	3.91	0.00
0	4	0.00	0.00	12.65	65.92	0.00
1	1	0.00	0.03	1.07	2.38	0.00
1	5	0.00	0.00	1.87	19.19	0.00
2	2	0.00	0.00	0.32	0.59	0.00
2	6	0.00	0.00	0.10	0.99	0.00
3	3	0.00	0.00	0.50	1.66	0.00
3	7	0.00	0.00	0.37	0.99	0.00
Core	CPU	C1%	C3%	C6%	C8%	C9%
-	-	0.00	0.55	9.85	11.56	0.00
0	0	0.01	4.41	62.40	4.20	0.00
0	4	0.00	0.01	13.81	81.88	0.00
1	1	0.00	0.00	0.49	0.79	0.00
1	5	0.00	0.00	0.54	1.88	0.00
2	2	0.00	0.00	0.26	0.89	0.00
2	6	0.00	0.00	0.28	1.18	0.00
3	3	0.00	0.00	0.71	0.60	0.00
3	7	0.00	0.00	0.30	1.09	0.00
Core	CPU	C1%	C3%	C6%	C8%	C9%
-	-	0.00	0.59	10.72	10.99	0.00
0	0	0.00	4.66	67.77	0.43	0.00
0	4	0.00	0.00	15.81	82.57	0.00
1	1	0.00	0.02	0.29	1.00	0.00
1	5	0.00	0.04	0.67	0.99	0.00
2	2	0.00	0.00	0.39	0.49	0.00
2	6	0.00	0.00	0.08	0.39	0.00
3	3	0.00	0.00	0.54	0.99	0.00
3	7	0.00	0.00	0.24	1.08	0.00
Core	CPU	C1%	C3%	C6%	C8%	C9%
-	-	0.00	0.67	10.59	11.41	0.11
0	0	0.00	5.34	66.89	0.64	0.00
0	4	0.00	0.00	15.49	82.85	0.00
1	1	0.00	0.00	0.36	1.18	0.00
1	5	0.00	0.00	0.35	1.28	0.00
2	2	0.00	0.00	0.51	1.98	0.00
2	6	0.00	0.00	0.29	1.09	0.00
3	3	0.00	0.00	0.44	1.19	0.90
3	7	0.00	0.00	0.36	1.09	0.00
Core	CPU	C1%	C3%	C6%	C8%	C9%
-	-	0.00	0.52	10.36	11.92	0.65
0	0	0.00	4.12	66.38	2.05	0.00
0	4	0.00	0.02	12.07	68.76	5.18
1	1	0.00	0.00	1.16	1.90	0.00
1	5	0.00	0.00	2.00	18.03	0.00
2	2	0.00	0.00	0.25	1.29	0.00
2	6	0.00	0.00	0.24	1.38	0.00
3	3	0.00	0.02	0.60	0.79	0.00
3	7	0.00	0.00	0.20	1.18	0.00
Core	CPU	C1%	C3%	C6%	C8%	C9%
-	-	0.00	0.45	9.78	16.50	0.00
0	0	0.01	3.31	61.06	8.64	0.00
0	4	0.01	0.04	9.92	31.02	0.00
1	1	0.00	0.00	2.43	7.93	0.00
1	5	0.00	0.00	2.84	56.25	0.00
2	2	0.00	0.00	0.37	0.99	0.00
2	6	0.00	0.00	0.28	0.88	0.00
3	3	0.00	0.00	0.35	0.89	0.00
3	7	0.01	0.23	0.98	25.43	0.00
Core	CPU	C1%	C3%	C6%	C8%	C9%
-	-	0.00	0.64	10.98	10.74	0.00
0	0	0.01	5.12	64.33	1.94	0.00
0	4	0.00	0.01	20.36	75.32	0.00
1	1	0.00	0.00	0.25	1.99	0.00
1	5	0.00	0.00	0.42	1.18	0.00
2	2	0.00	0.01	0.29	1.00	0.00
2	6	0.00	0.00	0.13	0.99	0.00
3	3	0.00	0.00	0.71	0.59	0.00
3	7	0.00	0.00	1.37	2.92	0.00
Core	CPU	C1%	C3%	C6%	C8%	C9%
-	-	0.00	0.27	7.89	14.16	0.00
0	0	0.02	2.15	55.72	14.37	0.00
0	4	0.00	0.00	1.69	5.59	0.00
1	1	0.00	0.00	0.19	0.99	0.00
1	5	0.00	0.00	4.13	88.97	0.00
2	2	0.00	0.00	0.25	1.09	0.00
2	6	0.00	0.00	0.14	0.40	0.00
3	3	0.00	0.02	0.30	0.79	0.00
3	7	0.00	0.00	0.69	1.08	0.00
Core	CPU	C1%	C3%	C6%	C8%	C9%
-	-	0.00	0.48	9.05	13.96	0.00
0	0	0.01	3.74	60.23	8.79	0.00
0	4	0.00	0.04	4.72	26.53	0.00
1	1	0.00	0.00	1.50	7.31	0.00
1	5	0.00	0.00	3.30	67.49	0.00
2	2	0.00	0.00	0.37	0.60	0.00
2	6	0.00	0.00	0.46	0.59	0.00
3	3	0.00	0.00	1.13	0.30	0.00
3	7	0.00	0.02	0.70	0.10	0.00
Core	CPU	C1%	C3%	C6%	C8%	C9%
-	-	0.00	0.39	9.05	12.97	0.00
0	0	0.01	3.05	61.80	7.57	0.00
0	4	0.00	0.06	6.94	56.19	0.00
1	1	0.00	0.00	0.64	0.89	0.00
1	5	0.00	0.00	1.72	35.15	0.00
2	2	0.00	0.00	0.19	1.09	0.00
2	6	0.00	0.00	0.39	0.79	0.00
3	3	0.00	0.00	0.28	1.28	0.00
3	7	0.00	0.00	0.44	0.79	0.00
Core	CPU	C1%	C3%	C6%	C8%	C9%
-	-	0.00	0.49	10.89	11.56	0.00
0	0	0.00	3.90	67.97	0.65	0.00
0	4	0.00	0.03	17.22	81.11	0.00
1	1	0.00	0.00	0.27	6.92	0.00
1	5	0.00	0.00	0.54	0.59	0.00
2	2	0.00	0.00	0.33	0.79	0.00
2	6	0.00	0.02	0.20	0.99	0.00
3	3	0.00	0.00	0.18	0.70	0.00
3	7	0.00	0.00	0.39	0.69	0.00
Core	CPU	C1%	C3%	C6%	C8%	C9%
-	-	0.00	0.65	9.69	11.62	0.00
0	0	0.02	5.08	61.54	5.60	0.00
0	4	0.00	0.05	14.87	80.77	0.00
1	1	0.00	0.00	0.10	3.56	0.00
1	5	0.00	0.00	0.10	0.88	0.00
2	2	0.00	0.02	0.24	0.99	0.00
2	6	0.00	0.01	0.45	0.40	0.00
3	3	0.00	0.00	0.23	0.30	0.00
3	7	0.00	0.00	0.00	0.50	0.00
Core	CPU	C1%	C3%	C6%	C8%	C9%
-	-	0.00	0.51	10.50	11.57	0.00
0	0	0.00	4.04	67.50	1.07	0.00
0	4	0.00	0.05	13.36	84.95	0.00
1	1	0.00	0.00	0.95	1.09	0.00
1	5	0.00	0.00	0.61	1.19	0.00
2	2	0.00	0.00	0.20	1.19	0.00
2	6	0.00	0.00	0.69	0.79	0.00
3	3	0.00	0.00	0.27	0.98	0.00
3	7	0.00	0.00	0.45	1.28	0.00
Core	CPU	C1%	C3%	C6%	C8%	C9%
-	-	0.00	0.64	10.91	11.62	0.00
0	0	0.01	4.92	65.92	1.95	0.00
0	4	0.00	0.05	17.88	80.20	0.00
1	1	0.00	0.00	2.13	7.33	0.00
1	5	0.00	0.00	0.51	0.59	0.00
2	2	0.00	0.01	0.17	0.50	0.00
2	6	0.00	0.13	0.20	0.39	0.00
3	3	0.00	0.00	0.10	1.10	0.00
3	7	0.00	0.02	0.37	0.89	0.00
Core	CPU	C1%	C3%	C6%	C8%	C9%
-	-	0.00	0.51	11.14	10.67	0.00
0	0	0.00	3.99	68.04	0.54	0.00
0	4	0.00	0.05	18.53	79.75	0.00
1	1	0.00	0.00	0.19	1.29	0.00
1	5	0.00	0.00	0.38	0.50	0.00
2	2	0.00	0.00	0.70	0.10	0.00
2	6	0.00	0.00	0.35	0.99	0.00
3	3	0.00	0.00	0.36	1.20	0.00
3	7	0.00	0.00	0.56	0.99	0.00
Core	CPU	C1%	C3%	C6%	C8%	C9%
-	-	0.00	0.54	10.80	12.67	0.00
0	0	0.00	4.31	66.33	1.83	0.00
0	4	0.00	0.04	15.64	82.65	0.00
1	1	0.00	0.00	2.60	11.38	0.00
1	5	0.00	0.00	0.10	0.83	0.00
2	2	0.00	0.00	0.30	0.69	0.00
2	6	0.00	0.00	0.39	1.28	0.00
3	3	0.00	0.00	0.46	1.69	0.00
3	7	0.00	0.00	0.61	0.99	0.00
Core	CPU	C1%	C3%	C6%	C8%	C9%
-	-	0.04	1.76	9.37	12.36	0.00
0	0	0.00	0.10	11.53	2.12	0.00
0	4	0.00	0.01	0.69	1.58	0.00
1	1	0.00	0.00	1.33	1.28	0.00
1	5	0.00	0.00	4.45	91.82	0.00
2	2	0.00	0.00	0.92	0.30	0.00
2	6	0.00	0.01	0.70	0.30	0.00
3	3	0.00	0.00	0.47	1.51	0.00
3	7	0.32	13.99	54.84	0.00	0.00
Core	CPU	C1%	C3%	C6%	C8%	C9%
-	-	0.02	1.18	8.72	13.35	0.02
0	0	0.01	1.37	30.87	4.09	0.14
0	4	0.00	0.04	0.99	0.30	0.00
1	1	0.00	0.00	0.26	5.98	0.00
1	5	0.00	0.00	4.54	94.01	0.00
2	2	0.00	0.00	0.26	0.70	0.00
2	6	0.00	0.00	0.45	0.89	0.00
3	3	0.00	0.00	0.13	0.41	0.00
3	7	0.17	8.03	32.28	0.39	0.00
Core	CPU	C1%	C3%	C6%	C8%	C9%
-	-	0.00	0.39	8.06	14.15	0.00
0	0	0.01	3.07	56.28	13.07	0.00
0	4	0.00	0.03	2.13	10.11	0.00
1	1	0.00	0.00	0.27	4.37	0.00
1	5	0.00	0.00	4.00	83.08	0.00
2	2	0.00	0.00	0.10	0.80	0.00
2	6	0.00	0.00	0.50	0.98	0.00
3	3	0.00	0.00	0.72	0.10	0.00
3	7	0.00	0.02	0.45	0.69	0.00
Core	CPU	C1%	C3%	C6%	C8%	C9%
-	-	0.00	0.32	8.66	15.18	0.51
0	0	0.01	2.41	57.27	12.66	0.00
0	4	0.00	0.00	1.68	0.20	4.11
1	1	0.00	0.00	3.72	11.70	0.00
1	5	0.00	0.00	4.52	93.87	0.00
2	2	0.00	0.00	0.52	1.29	0.00
2	6	0.00	0.12	0.20	0.40	0.00
3	3	0.00	0.00	0.40	0.49	0.00
3	7	0.00	0.00	0.96	0.79	0.00
Core	CPU	C1%	C3%	C6%	C8%	C9%
-	-	0.00	0.54	12.38	13.22	0.03
0	0	0.00	4.29	66.98	1.28	0.00
0	4	0.00	0.01	19.02	79.15	0.00
1	1	0.00	0.00	9.31	18.80	0.20
1	5	0.00	0.00	2.16	1.36	0.00
2	2	0.00	0.00	0.36	0.69	0.00
2	6	0.00	0.00	0.15	1.19	0.00
3	3	0.00	0.00	0.42	1.58	0.00
3	7	0.00	0.03	0.61	1.68	0.00
Core	CPU	C1%	C3%	C6%	C8%	C9%
-	-	0.02	1.98	12.09	8.37	3.45
0	0	0.00	0.81	31.65	17.42	2.08
0	4	0.00	0.03	8.42	43.71	25.55
1	1	0.00	0.00	0.44	1.41	0.00
1	5	0.00	0.00	0.31	0.90	0.00
2	2	0.00	0.02	0.19	1.00	0.00
2	6	0.00	0.00	0.31	1.41	0.00
3	3	0.12	13.53	48.53	0.40	0.00
3	7	0.03	1.48	6.84	0.68	0.00
Core	CPU	C1%	C3%	C6%	C8%	C9%
-	-	0.00	0.36	9.39	12.96	0.00
0	0	0.01	2.79	59.89	9.65	0.00
0	4	0.00	0.07	9.58	40.68	0.00
1	1	0.00	0.00	0.37	1.77	0.00
1	5	0.00	0.00	2.60	47.49	0.00
2	2	0.00	0.00	0.79	1.19	0.00
2	6	0.00	0.02	0.39	1.49	0.00
3	3	0.00	0.00	0.99	0.39	0.00
3	7	0.00	0.00	0.54	0.99	0.00
Core	CPU	C1%	C3%	C6%	C8%	C9%
-	-	0.01	0.45	8.80	13.63	0.64
0	0	0.01	3.49	58.70	10.88	0.00
0	4	0.07	0.14	6.18	39.16	5.08
1	1	0.00	0.00	0.45	2.78	0.00
1	5	0.00	0.00	0.76	1.19	0.00
2	2	0.00	0.00	0.17	0.59	0.00
2	6	0.00	0.00	3.72	51.96	0.00
3	3	0.00	0.00	0.23	0.99	0.00
3	7	0.00	0.00	0.20	1.50	0.00
Core	CPU	C1%	C3%	C6%	C8%	C9%
-	-	0.00	0.55	10.93	11.36	0.00
0	0	0.00	4.36	65.93	2.15	0.00
0	4	0.00	0.02	18.14	80.17	0.00
1	1	0.00	0.00	0.99	3.16	0.00
1	5	0.00	0.02	0.58	0.79	0.00
2	2	0.00	0.00	0.20	1.00	0.00
2	6	0.00	0.00	0.58	1.08	0.00
3	3	0.00	0.00	0.66	1.18	0.00
3	7	0.00	0.00	0.33	1.38	0.00
Core	CPU	C1%	C3%	C6%	C8%	C9%
-	-	0.00	0.51	10.15	12.09	0.00
0	0	0.00	4.03	66.19	2.27	0.00
0	4	0.00	0.03	12.85	85.43	0.00
1	1	0.00	0.00	0.35	4.87	0.00
1	5	0.00	0.00	0.46	0.50	0.00
2	2	0.00	0.00	0.24	0.49	0.00
2	6	0.00	0.03	0.54	0.87	0.00
3	3	0.00	0.01	0.13	1.09	0.00
3	7	0.00	0.00	0.47	1.18	0.00
Core	CPU	C1%	C3%	C6%	C8%	C9%
-	-	0.03	1.32	9.47	12.25	1.06
0	0	0.01	3.55	33.41	7.64	0.88
0	4	0.11	0.09	9.25	38.22	7.57
1	1	0.00	0.00	0.19	1.77	0.00
1	5	0.00	0.00	0.91	1.66	0.00
2	2	0.00	0.00	0.37	0.99	0.00
2	6	0.00	0.00	3.93	46.99	0.00
3	3	0.11	6.90	26.76	0.00	0.00
3	7	0.00	0.04	0.92	0.70	0.00
Core	CPU	C1%	C3%	C6%	C8%	C9%
-	-	0.00	0.47	10.49	11.90	0.00
0	0	0.01	3.70	64.69	4.11	0.00
0	4	0.00	0.00	14.37	58.64	0.00
1	1	0.00	0.01	0.97	4.68	0.00
1	5	0.00	0.02	0.19	0.50	0.00
2	2	0.00	0.00	0.20	0.89	0.00
2	6	0.00	0.00	1.94	24.36	0.00
3	3	0.00	0.00	1.09	0.59	0.00
3	7	0.00	0.00	0.46	1.46	0.00
Core	CPU	C1%	C3%	C6%	C8%	C9%
-	-	0.00	0.60	9.92	16.66	1.25
0	0	0.01	4.66	63.04	5.60	0.00
0	4	0.00	0.01	10.30	52.09	10.03
1	1	0.00	0.00	1.31	8.91	0.00
1	5	0.00	0.00	0.36	1.49	0.00
2	2	0.00	0.01	0.19	0.50	0.00
2	6	0.00	0.00	2.69	34.31	0.00
3	3	0.00	0.00	0.27	0.79	0.00
3	7	0.01	0.08	1.19	29.59	0.00
Core	CPU	C1%	C3%	C6%	C8%	C9%
-	-	0.01	0.43	9.62	13.45	1.01
0	0	0.01	3.31	61.18	7.81	0.00
0	4	0.06	0.10	9.27	40.02	8.08
1	1	0.00	0.00	0.66	8.08	0.00
1	5	0.00	0.00	1.32	1.48	0.00
2	2	0.00	0.00	0.25	1.09	0.00
2	6	0.00	0.00	3.23	48.09	0.00
3	3	0.00	0.01	0.39	0.70	0.00
3	7	0.00	0.00	0.68	0.30	0.00
Core	CPU	C1%	C3%	C6%	C8%	C9%
-	-	0.00	0.27	8.10	15.06	0.56
0	0	0.02	2.17	54.98	15.08	0.00
0	4	0.00	0.02	0.64	0.50	4.47
1	1	0.00	0.00	2.08	7.74	0.00
1	5	0.00	0.00	0.51	0.90	0.00
2	2	0.00	0.00	0.44	0.89	0.00
2	6	0.00	0.00	5.65	92.79	0.00
3	3	0.00	0.00	0.22	1.00	0.00
3	7	0.00	0.00	0.29	1.58	0.00
Core	CPU	C1%	C3%	C6%	C8%	C9%
-	-	0.00	0.50	8.00	14.20	0.75
0	0	0.01	3.99	55.85	11.83	0.00
0	4	0.00	0.03	0.96	0.09	5.98
1	1	0.00	0.00	0.56	5.08	0.00
1	5	0.00	0.00	0.13	0.99	0.00
2	2	0.00	0.00	0.10	1.38	0.00
2	6	0.02	0.00	5.42	90.08	0.00
3	3	0.00	0.01	0.45	1.78	0.00
3	7	0.00	0.00	0.55	2.36	0.00
Core	CPU	C1%	C3%	C6%	C8%	C9%
-	-	0.15	0.35	8.95	13.71	0.79
0	0	0.11	2.75	60.41	9.12	0.00
0	4	0.00	0.03	5.31	20.42	6.36
1	1	1.08	0.00	1.12	5.92	0.00
1	5	0.00	0.00	0.33	0.89	0.00
2	2	0.00	0.00	0.32	1.29	0.00
2	6	0.00	0.00	3.41	70.31	0.00
3	3	0.00	0.00	0.29	1.08	0.00
3	7	0.00	0.00	0.37	0.67	0.00
Core	CPU	C1%	C3%	C6%	C8%	C9%
-	-	0.02	0.45	9.44	12.78	0.51
0	0	0.02	3.52	59.28	10.31	0.00
0	4	0.16	0.03	9.89	35.82	3.19
1	1	0.00	0.00	0.28	1.78	0.00
1	5	0.00	0.00	0.53	0.50	0.90
2	2	0.00	0.00	1.01	0.81	0.00
2	6	0.00	0.00	3.73	49.93	0.00
3	3	0.00	0.00	0.45	2.03	0.00
3	7	0.00	0.02	0.34	1.08	0.00
Core	CPU	C1%	C3%	C6%	C8%	C9%
-	-	0.00	0.27	7.89	13.95	0.00
0	0	0.02	2.12	56.40	13.78	0.00
0	4	0.00	0.05	1.20	0.30	0.00
1	1	0.00	0.00	0.10	0.89	0.00
1	5	0.00	0.00	0.39	0.70	0.00
2	2	0.00	0.00	0.28	0.79	0.00
2	6	0.00	0.00	4.21	94.23	0.00
3	3	0.00	0.00	0.54	0.29	0.00
3	7	0.00	0.03	0.00	0.59	0.00
Core	CPU	C1%	C3%	C6%	C8%	C9%
-	-	0.00	0.31	8.23	14.09	0.00
0	0	0.01	2.47	56.70	13.13	0.00
0	4	0.00	0.01	1.15	0.00	0.00
1	1	0.00	0.00	0.34	3.78	0.00
1	5	0.00	0.00	0.65	0.31	0.00
2	2	0.00	0.00	0.82	0.59	0.00
2	6	0.00	0.00	5.52	92.94	0.00
3	3	0.00	0.00	0.37	0.89	0.00
3	7	0.00	0.00	0.25	1.09	0.00
Core	CPU	C1%	C3%	C6%	C8%	C9%
-	-	0.00	0.49	7.85	14.22	1.00
0	0	0.01	3.87	54.82	12.36	0.00
0	4	0.00	0.05	0.67	0.67	8.00
1	1	0.00	0.00	1.80	6.58	0.00
1	5	0.00	0.00	0.45	0.69	0.00
2	2	0.00	0.00	0.24	1.09	0.00
2	6	0.01	0.00	4.40	91.00	0.00
3	3	0.00	0.00	0.10	0.60	0.00
3	7	0.00	0.00	0.29	0.79	0.00
Core	CPU	C1%	C3%	C6%	C8%	C9%
-	-	0.01	0.49	8.26	13.89	0.00
0	0	0.02	1.84	48.83	12.70	0.00
0	4	0.00	0.04	0.50	0.89	0.00
1	1	0.00	0.01	0.59	1.09	0.00
1	5	0.00	0.00	0.10	1.29	0.00
2	2	0.00	0.00	0.26	1.38	0.00
2	6	0.00	0.00	5.31	93.16	0.00
3	3	0.04	2.01	9.40	0.30	0.00
3	7	0.00	0.02	1.09	0.30	0.00
Core	CPU	C1%	C3%	C6%	C8%	C9%
-	-	0.00	0.49	9.49	12.60	0.00
0	0	0.01	3.81	58.89	9.53	0.00
0	4	0.00	0.01	10.97	54.83	0.00
1	1	0.00	0.00	0.34	2.08	0.00
1	5	0.00	0.00	0.32	0.70	0.00
2	2	0.00	0.00	0.19	0.90	0.00
2	6	0.00	0.06	4.06	30.16	0.00
3	3	0.00	0.00	0.63	0.69	0.00
3	7	0.00	0.00	0.53	1.93	0.00
Core	CPU	C1%	C3%	C6%	C8%	C9%
-	-	0.00	0.30	8.40	13.84	0.43
0	0	0.02	2.37	57.37	12.63	0.00
0	4	0.00	0.01	1.39	0.90	3.41
1	1	0.00	0.00	0.36	0.99	0.00
1	5	0.00	0.00	0.25	0.99	0.00
2	2	0.00	0.00	0.83	0.32	0.00
2	6	0.00	0.01	6.04	92.39	0.00
3	3	0.00	0.00	0.59	1.58	0.00
3	7	0.00	0.00	0.42	0.96	0.00
Core	CPU	C1%	C3%	C6%	C8%	C9%
-	-	0.01	0.30	8.37	14.32	2.04
0	0	0.02	2.25	56.85	13.79	0.00
0	4	0.07	0.11	1.28	0.02	16.35
1	1	0.00	0.00	0.51	1.87	0.00
1	5	0.00	0.00	0.38	1.27	0.00
2	2	0.00	0.02	0.98	1.68	0.00
2	6	0.00	0.00	5.87	92.62	0.00
3	3	0.00	0.02	0.58	1.63	0.00
3	7	0.00	0.01	0.52	1.67	0.00
Core	CPU	C1%	C3%	C6%	C8%	C9%
-	-	0.00	0.41	7.95	13.46	0.52
0	0	0.02	3.13	53.24	14.64	0.00
0	4	0.00	0.05	1.22	0.00	4.16
1	1	0.00	0.00	1.01	0.59	0.00
1	5	0.00	0.01	0.89	0.50	0.00
2	2	0.00	0.00	0.88	0.30	0.00
2	6	0.00	0.02	5.21	90.27	0.00
3	3	0.00	0.00	0.36	0.89	0.00
3	7	0.00	0.04	0.79	0.50	0.00
Core	CPU	C1%	C3%	C6%	C8%	C9%
-	-	0.00	0.30	8.12	13.96	0.00
0	0	0.01	2.43	56.31	13.58	0.00
0	4	0.00	0.00	0.85	0.71	0.00
1	1	0.00	0.00	0.82	0.00	0.00
1	5	0.00	0.01	1.08	0.89	0.00
2	2	0.00	0.00	0.49	0.99	0.00
2	6	0.00	0.00	4.84	93.62	0.00
3	3	0.00	0.00	0.36	0.99	0.00
3	7	0.00	0.00	0.24	0.89	0.00
Core	CPU	C1%	C3%	C6%	C8%	C9%
-	-	0.00	0.39	8.21	13.93	0.15
0	0	0.02	3.08	55.56	13.64	0.15
0	4	0.00	0.00	0.88	0.70	1.07
1	1	0.00	0.00	0.70	0.69	0.00
1	5	0.00	0.00	0.25	1.19	0.00
2	2	0.00	0.00	1.12	0.59	0.00
2	6	0.00	0.01	6.16	91.97	0.00
3	3	0.00	0.00	0.36	1.48	0.00
3	7	0.00	0.00	0.65	1.19	0.00
Core	CPU	C1%	C3%	C6%	C8%	C9%
-	-	0.01	0.28	8.01	14.17	0.00
0	0	0.01	2.22	56.54	13.53	0.00
0	4	0.00	0.02	1.11	0.10	0.00
1	1	0.06	0.00	0.28	1.48	0.00
1	5	0.00	0.00	0.36	0.99	0.00
2	2	0.00	0.00	0.26	1.26	0.00
2	6	0.00	0.00	4.61	93.84	0.00
3	3	0.00	0.00	0.22	0.70	0.00
3	7	0.00	0.00	0.68	1.49	0.00
Core	CPU	C1%	C3%	C6%	C8%	C9%
-	-	0.00	0.37	7.99	14.19	0.00
0	0	0.01	2.12	53.85	14.31	0.00
0	4	0.00	0.03	1.10	0.29	0.00
1	1	0.00	0.00	0.23	0.79	0.00
1	5	0.00	0.02	0.19	0.90	0.00
2	2	0.00	0.00	0.13	1.49	0.00
2	6	0.00	0.00	0.57	9.42	0.00
3	3	0.00	0.00	0.73	1.28	0.00
3	7	0.00	0.76	7.07	85.04	0.00
Core	CPU	C1%	C3%	C6%	C8%	C9%
-	-	0.03	1.93	9.50	11.86	0.01
0	0	0.01	0.22	12.66	2.84	0.07
0	4	0.00	0.02	0.77	0.61	0.00
1	1	0.00	0.00	0.46	0.99	0.00
1	5	0.00	0.00	0.32	0.80	0.00
2	2	0.00	0.00	0.98	0.39	0.00
2	6	0.00	2.12	12.65	76.53	0.00
3	3	0.00	0.00	0.19	0.79	0.00
3	7	0.25	13.08	47.95	11.90	0.00
Core	CPU	C1%	C3%	C6%	C8%	C9%
-	-	0.00	1.94	9.47	12.54	1.15
0	0	0.00	0.68	10.47	7.17	0.00
0	4	0.00	0.07	1.07	0.11	9.22
1	1	0.00	0.00	0.19	1.28	0.00
1	5	0.00	0.02	0.20	0.56	0.00
2	2	0.00	0.00	0.35	0.41	0.00
2	6	0.00	14.70	55.09	0.00	0.00
3	3	0.00	0.00	0.27	1.07	0.00
3	7	0.00	0.06	8.10	89.70	0.00
Core	CPU	C1%	C3%	C6%	C8%	C9%
-	-	0.00	0.37	7.93	15.13	0.00
0	0	0.02	2.84	53.83	15.62	0.00
0	4	0.00	0.00	1.54	0.00	0.00
1	1	0.00	0.04	1.21	8.19	0.00
1	5	0.00	0.00	0.51	0.70	0.00
2	2	0.00	0.00	0.30	0.99	0.00
2	6	0.00	0.03	1.06	0.40	0.00
3	3	0.00	0.00	0.42	1.39	0.00
3	7	0.00	0.02	4.55	93.75	0.00
Core	CPU	C1%	C3%	C6%	C8%	C9%
-	-	0.03	1.00	8.91	13.76	0.00
0	0	0.01	1.64	35.43	6.62	0.00
0	4	0.07	0.02	1.40	1.09	0.00
1	1	0.00	0.00	0.69	4.63	0.00
1	5	0.00	0.00	1.30	2.07	0.00
2	2	0.00	0.05	0.82	2.20	0.00
2	6	0.00	0.00	0.23	1.00	0.00
3	3	0.15	6.30	25.03	0.59	0.00
3	7	0.00	0.03	6.41	91.91	0.00
Core	CPU	C1%	C3%	C6%	C8%	C9%
-	-	0.02	0.71	10.28	14.25	0.00
0	0	0.03	2.38	58.24	17.74	0.00
0	4	0.00	0.02	0.92	0.31	0.00
1	1	0.00	0.03	0.45	4.89	0.00
1	5	0.00	0.00	0.28	1.10	0.00
2	2	0.00	0.00	1.02	0.30	0.00
2	6	0.00	0.00	0.37	0.69	0.00
3	3	0.15	3.04	14.92	1.08	0.00
3	7	0.01	0.23	6.04	87.89	0.00
Core	CPU	C1%	C3%	C6%	C8%	C9%
-	-	0.00	0.47	7.74	13.42	0.44
0	0	0.02	3.69	54.10	13.52	0.00
0	4	0.00	0.00	0.97	0.50	0.00
1	1	0.00	0.00	0.49	0.65	0.00
1	5	0.00	0.00	0.43	1.17	0.00
2	2	0.00	0.01	0.39	0.70	0.00
2	6	0.00	0.00	0.10	1.09	3.54
3	3	0.00	0.01	0.46	0.79	0.00
3	7	0.00	0.03	5.01	88.92	0.00
Core	CPU	C1%	C3%	C6%	C8%	C9%
-	-	0.00	0.23	7.71	14.21	0.00
0	0	0.01	1.73	53.33	17.02	0.00
0	4	0.00	0.08	1.12	0.00	0.00
1	1	0.00	0.00	0.56	0.89	0.00
1	5	0.00	0.00	0.24	0.59	0.00
2	2	0.00	0.00	1.03	0.39	0.00
2	6	0.00	0.02	0.70	0.19	0.00
3	3	0.00	0.00	0.10	0.89	0.00
3	7	0.00	0.02	4.59	93.71	0.00
Core	CPU	C1%	C3%	C6%	C8%	C9%
-	-	0.00	0.34	7.55	14.81	0.16
0	0	0.02	2.67	52.66	16.96	0.00
0	4	0.00	0.00	0.91	0.60	1.30
1	1	0.00	0.00	0.36	4.07	0.00
1	5	0.00	0.00	0.28	0.79	0.00
2	2	0.00	0.00	0.36	0.98	0.00
2	6	0.00	0.00	0.77	6.89	0.00
3	3	0.00	0.02	0.45	1.40	0.00
3	7	0.00	0.00	4.62	86.76	0.00
Core	CPU	C1%	C3%	C6%	C8%	C9%
-	-	0.00	0.26	7.73	14.45	1.12
0	0	0.01	2.06	54.72	15.39	0.00
0	4	0.00	0.01	1.06	0.42	8.96
1	1	0.00	0.01	0.29	1.58	0.00
1	5	0.00	0.00	0.29	1.19	0.00
2	2	0.00	0.00	0.28	0.88	0.00
2	6	0.00	0.00	4.43	93.99	0.00
3	3	0.00	0.00	0.54	0.99	0.00
3	7	0.00	0.00	0.23	1.18	0.00
Core	CPU	C1%	C3%	C6%	C8%	C9%
-	-	0.00	0.34	8.18	14.93	0.00
0	0	0.01	2.69	57.21	12.47	0.00
0	4	0.00	0.04	0.98	0.27	0.00
1	1	0.00	0.00	1.37	8.00	0.00
1	5	0.00	0.00	0.23	1.18	0.00
2	2	0.00	0.00	0.29	1.39	0.00
2	6	0.00	0.00	4.56	93.90	0.00
3	3	0.00	0.00	0.28	1.18	0.00
3	7	0.00	0.00	0.54	1.09	0.00
Core	CPU	C1%	C3%	C6%	C8%	C9%
-	-	0.00	0.50	7.61	14.17	0.00
0	0	0.01	3.96	53.45	13.99	0.00
0	4	0.00	0.00	1.29	0.40	0.00
1	1	0.00	0.00	0.47	3.09	0.00
1	5	0.00	0.00	0.46	1.08	0.00
2	2	0.00	0.00	0.64	0.70	0.00
2	6	0.00	0.00	1.37	27.78	0.00
3	3	0.00	0.00	0.19	1.00	0.00
3	7	0.00	0.00	3.01	65.36	0.00
Core	CPU	C1%	C3%	C6%	C8%	C9%
-	-	0.00	0.26	7.54	14.31	0.00
0	0	0.01	2.03	52.77	17.20	0.00
0	4	0.00	0.03	1.03	0.30	0.00
1	1	0.00	0.02	0.39	0.30	0.00
1	5	0.00	0.00	0.39	0.80	0.00
2	2	0.00	0.00	0.19	1.09	0.00
2	6	0.00	0.00	0.28	0.79	0.00
3	3	0.00	0.00	0.36	0.69	0.00
3	7	0.00	0.03	4.89	93.33	0.00
Core	CPU	C1%	C3%	C6%	C8%	C9%
-	-	0.05	1.46	11.98	11.75	0.00
0	0	0.00	0.71	47.33	14.75	0.00
0	4	0.00	0.01	1.09	0.58	0.00
1	1	0.19	0.00	0.81	19.51	0.00
1	5	0.00	0.00	0.33	0.99	0.00
2	2	0.00	0.02	0.29	0.90	0.00
2	6	0.00	0.00	3.32	55.60	0.00
3	3	0.00	0.00	0.46	0.88	0.00
3	7	0.20	10.97	42.23	0.80	0.00
Core	CPU	C1%	C3%	C6%	C8%	C9%
-	-	0.00	0.22	7.62	14.37	0.00
0	0	0.02	1.71	53.40	17.05	0.00
0	4	0.00	0.04	1.09	0.10	0.00
1	1	0.00	0.00	0.94	0.88	0.00
1	5	0.00	0.00	0.37	1.08	0.00
2	2	0.00	0.00	0.21	0.82	0.00
2	6	0.00	0.00	4.46	93.44	0.00
3	3	0.00	0.00	0.10	0.60	0.00
3	7	0.00	0.00	0.38	0.99	0.00
Core	CPU	C1%	C3%	C6%	C8%	C9%
-	-	0.00	0.27	7.85	14.48	0.00
0	0	0.02	2.07	54.65	15.52	0.00
0	4	0.00	0.06	1.00	0.48	0.00
1	1	0.00	0.00	0.83	1.48	0.00
1	5	0.00	0.00	0.41	1.88	0.00
2	2	0.00	0.00	0.62	0.49	0.00
2	6	0.00	0.00	4.72	93.71	0.00
3	3	0.00	0.00	0.32	0.89	0.00
3	7	0.00	0.00	0.28	1.39	0.00
Core	CPU	C1%	C3%	C6%	C8%	C9%
-	-	0.00	0.48	8.55	13.20	2.57
0	0	0.01	3.79	57.36	9.86	1.09
0	4	0.00	0.00	0.87	0.60	16.79
1	1	0.00	0.00	0.41	3.29	0.00
1	5	0.00	0.00	0.22	0.68	0.00
2	2	0.00	0.00	0.10	1.39	0.00
2	6	0.01	0.03	7.63	66.88	2.67
3	3	0.00	0.00	0.27	0.79	0.00
3	7	0.00	0.02	1.55	22.14	0.00
Core	CPU	C1%	C3%	C6%	C8%	C9%
-	-	0.00	0.25	7.92	14.48	0.00
0	0	0.01	1.98	53.44	16.72	0.00
0	4	0.00	0.03	1.06	0.50	0.00
1	1	0.00	0.00	0.26	1.09	0.00
1	5	0.00	0.00	0.44	1.08	0.00
2	2	0.00	0.00	1.22	0.89	0.00
2	6	0.00	0.02	1.09	0.59	0.00
3	3	0.00	0.00	0.68	1.88	0.00
3	7	0.00	0.00	5.16	93.12	0.00
Core	CPU	C1%	C3%	C6%	C8%	C9%
-	-	0.01	1.69	9.62	13.07	1.23
0	0	0.00	1.17	19.96	5.97	0.36
0	4	0.03	0.11	2.12	2.09	9.48
1	1	0.05	12.17	46.76	1.10	0.00
1	5	0.00	0.00	0.19	0.79	0.00
2	2	0.00	0.04	1.21	1.16	0.00
2	6	0.00	0.00	5.38	77.89	0.00
3	3	0.00	0.00	0.33	0.40	0.00
3	7	0.00	0.01	1.05	15.15	0.00
Core	CPU	C1%	C3%	C6%	C8%	C9%
-	-	0.00	1.86	9.82	12.57	0.76
0	0	0.00	0.57	11.80	5.08	0.16
0	4	0.00	0.01	1.16	0.88	5.89
1	1	0.01	11.74	47.66	0.30	0.00
1	5	0.00	0.01	0.88	0.40	0.00
2	2	0.02	2.53	10.17	0.10	0.00
2	6	0.00	0.00	5.81	92.70	0.00
3	3	0.00	0.00	0.35	0.70	0.00
3	7	0.00	0.00	0.73	0.40	0.00
Core	CPU	C1%	C3%	C6%	C8%	C9%
-	-	0.00	1.88	9.40	12.60	0.34
0	0	0.00	0.51	10.22	4.86	0.28
0	4	0.00	0.03	1.09	0.59	2.43
1	1	0.02	14.51	55.64	0.00	0.00
1	5	0.00	0.00	0.41	1.03	0.00
2	2	0.00	0.00	0.72	0.30	0.00
2	6	0.00	0.02	6.38	92.11	0.00
3	3	0.00	0.00	0.23	1.00	0.00
3	7	0.00	0.00	0.53	0.89	0.00
Core	CPU	C1%	C3%	C6%	C8%	C9%
-	-	0.01	2.05	9.00	12.28	0.85
0	0	0.00	0.71	9.93	4.52	0.13
0	4	0.00	0.03	1.20	0.40	6.65
1	1	0.04	15.68	53.95	0.00	0.00
1	5	0.00	0.00	0.36	1.01	0.00
2	2	0.00	0.00	0.47	0.69	0.00
2	6	0.00	0.00	5.65	89.73	0.00
3	3	0.00	0.00	0.23	1.00	0.00
3	7	0.00	0.02	0.19	0.90	0.00
Core	CPU	C1%	C3%	C6%	C8%	C9%
-	-	0.00	0.38	8.16	14.51	0.84
0	0	0.01	3.03	55.79	13.44	0.00
0	4	0.00	0.03	1.05	0.89	6.73
1	1	0.00	0.00	1.14	4.48	0.00
1	5	0.00	0.00	0.33	0.90	0.00
2	2	0.00	0.00	1.19	1.13	0.00
2	6	0.00	0.00	5.13	93.33	0.00
3	3	0.00	0.00	0.27	0.69	0.00
3	7	0.00	0.00	0.34	1.18	0.00
Core	CPU	C1%	C3%	C6%	C8%	C9%
-	-	0.00	0.27	7.21	14.82	0.69
0	0	0.03	2.13	49.01	20.97	0.00
0	4	0.00	0.02	0.97	0.40	5.49
1	1	0.00	0.00	0.36	0.89	0.00
1	5	0.00	0.00	0.44	0.98	0.00
2	2	0.00	0.00	0.83	0.69	0.00
2	6	0.00	0.02	1.15	3.94	0.00
3	3	0.00	0.00	0.29	0.89	0.00
3	7	0.00	0.00	4.60	89.82	0.00
Core	CPU	C1%	C3%	C6%	C8%	C9%
-	-	0.06	0.34	8.12	13.86	0.42
0	0	0.01	2.68	56.73	12.87	0.00
0	4	0.00	0.00	1.27	0.49	3.39
1	1	0.00	0.00	0.10	0.89	0.00
1	5	0.00	0.00	0.19	0.89	0.00
2	2	0.00	0.00	0.36	1.77	0.00
2	6	0.49	0.00	0.35	0.89	0.00
3	3	0.00	0.00	0.23	0.50	0.00
3	7	0.00	0.00	5.73	92.61	0.00
Core	CPU	C1%	C3%	C6%	C8%	C9%
-	-	0.00	0.24	7.41	15.16	0.32
0	0	0.02	1.91	52.03	18.18	0.00
0	4	0.00	0.02	1.00	0.10	2.58
1	1	0.00	0.00	0.28	5.76	0.00
1	5	0.00	0.00	0.36	0.99	0.00
2	2	0.00	0.00	0.46	1.09	0.00
2	6	0.00	0.00	0.24	1.19	0.00
3	3	0.00	0.02	0.19	0.41	0.00
3	7	0.00	0.00	4.71	93.59	0.00
Core	CPU	C1%	C3%	C6%	C8%	C9%
-	-	0.00	0.51	8.04	13.85	0.00
0	0	0.02	4.01	54.45	12.99	0.00
0	4	0.00	0.02	0.73	0.70	0.00
1	1	0.00	0.00	0.72	2.69	0.00
1	5	0.00	0.02	0.70	0.10	0.00
2	2	0.00	0.00	0.95	1.15	0.00
2	6	0.00	0.00	0.68	1.47	0.00
3	3	0.00	0.00	0.56	1.57	0.00
3	7	0.00	0.07	5.51	90.10	0.00
Core	CPU	C1%	C3%	C6%	C8%	C9%
-	-	0.00	0.29	7.91	14.03	1.46
0	0	0.01	2.28	55.14	15.48	0.00
0	4	0.00	0.02	0.95	0.00	11.72
1	1	0.00	0.00	0.45	0.79	0.00
1	5	0.00	0.00	0.61	0.49	0.00
2	2	0.00	0.04	0.50	0.49	0.00
2	6	0.00	0.00	0.29	5.41	0.00
3	3	0.00	0.00	0.28	0.99	0.00
3	7	0.00	0.00	5.07	88.59	0.00
Core	CPU	C1%	C3%	C6%	C8%	C9%
-	-	0.00	2.02	13.04	10.34	7.29
0	0	0.00	3.46	54.80	31.75	0.00
0	4	0.00	0.00	0.80	0.99	58.30
1	1	0.02	12.53	45.89	2.08	0.00
1	5	0.00	0.00	0.24	0.99	0.00
2	2	0.00	0.02	0.43	1.38	0.00
2	6	0.00	0.00	0.28	1.59	0.00
3	3	0.00	0.00	0.19	0.89	0.00
3	7	0.01	0.13	1.71	43.08	0.00
Core	CPU	C1%	C3%	C6%	C8%	C9%
-	-	0.01	2.02	12.92	8.36	5.06
0	0	0.00	1.52	43.19	24.72	0.12
0	4	0.00	0.06	0.82	0.69	40.32
1	1	0.10	14.57	55.52	0.00	0.00
1	5	0.00	0.00	0.46	0.99	0.00
2	2	0.00	0.00	1.96	37.40	0.00
2	6	0.00	0.00	0.24	1.39	0.00
3	3	0.00	0.00	0.31	1.10	0.00
3	7	0.00	0.00	0.89	0.60	0.00
Core	CPU	C1%	C3%	C6%	C8%	C9%
-	-	0.00	1.88	9.44	12.09	0.26
0	0	0.00	0.46	10.32	1.88	0.50
0	4	0.00	0.01	1.30	0.99	1.54
1	1	0.03	14.50	55.31	0.00	0.00
1	5	0.00	0.00	0.40	0.91	0.00
2	2	0.00	0.05	7.35	89.55	0.00
2	6	0.00	0.00	0.29	1.29	0.00
3	3	0.00	0.00	0.27	1.09	0.00
3	7	0.00	0.00	0.25	0.98	0.00
Core	CPU	C1%	C3%	C6%	C8%	C9%
-	-	0.01	2.00	8.91	11.83	0.00
0	0	0.00	0.30	8.52	2.28	0.02
0	4	0.00	0.00	1.01	0.49	0.00
1	1	0.10	15.57	54.18	0.00	0.00
1	5	0.00	0.00	0.54	0.49	0.00
2	2	0.00	0.04	6.23	90.04	0.00
2	6	0.00	0.06	0.22	0.41	0.00
3	3	0.00	0.01	0.19	0.41	0.00
3	7	0.00	0.00	0.39	0.49	0.00
Core	CPU	C1%	C3%	C6%	C8%	C9%
-	-	0.01	1.89	9.11	12.83	0.70
0	0	0.00	0.71	9.50	4.75	0.38
0	4	0.08	0.00	0.71	1.30	5.20
1	1	0.04	14.41	55.80	0.00	0.00
1	5	0.00	0.00	0.49	0.39	0.00
2	2	0.00	0.03	5.34	93.19	0.00
2	6	0.00	0.00	0.28	0.89	0.00
3	3	0.00	0.00	0.36	0.59	0.00
3	7	0.00	0.00	0.37	1.50	0.00
Core	CPU	C1%	C3%	C6%	C8%	C9%
-	-	0.02	1.95	9.30	12.42	2.83
0	0	0.00	0.85	10.11	4.78	0.00
0	4	0.00	0.01	0.73	0.78	22.62
1	1	0.02	14.72	55.15	0.00	0.00
1	5	0.00	0.02	0.41	0.52	0.00
2	2	0.00	0.03	6.95	91.18	0.00
2	6	0.10	0.02	0.58	0.10	0.00
3	3	0.00	0.00	0.09	0.60	0.00
3	7	0.00	0.00	0.38	1.38	0.00
Core	CPU	C1%	C3%	C6%	C8%	C9%
-	-	0.01	1.77	9.32	11.68	0.02
0	0	0.00	0.09	9.04	0.72	0.14
0	4	0.00	0.05	0.89	0.11	0.00
1	1	0.06	13.99	56.04	0.00	0.00
1	5	0.00	0.00	0.31	0.98	0.00
2	2	0.00	0.04	7.19	90.13	0.00
2	6	0.00	0.00	0.55	0.00	0.00
3	3	0.00	0.00	0.32	1.00	0.00
3	7	0.00	0.00	0.19	0.51	0.00
Core	CPU	C1%	C3%	C6%	C8%	C9%
-	-	0.00	1.88	9.59	12.78	1.23
0	0	0.00	0.45	10.03	4.10	0.01
0	4	0.00	0.00	1.06	1.09	9.02
1	1	0.02	14.49	55.86	0.00	0.00
1	5	0.00	0.00	0.49	1.00	0.00
2	2	0.00	0.03	6.44	82.25	0.00
2	6	0.00	0.00	0.29	1.00	0.00
3	3	0.00	0.04	1.89	10.85	0.00
3	7	0.00	0.01	0.69	1.94	0.80
Core	CPU	C1%	C3%	C6%	C8%	C9%
-	-	0.01	1.91	9.16	11.95	0.24
0	0	0.00	0.46	10.20	2.55	0.22
0	4	0.00	0.01	0.98	0.51	0.00
1	1	0.09	14.77	54.10	0.11	0.00
1	5	0.00	0.00	0.46	0.60	0.00
2	2	0.00	0.00	6.14	89.77	0.00
2	6	0.00	0.00	0.23	0.90	1.67
3	3	0.00	0.02	0.38	0.90	0.00
3	7	0.00	0.00	0.78	0.30	0.00
Core	CPU	C1%	C3%	C6%	C8%	C9%
-	-	0.05	1.86	9.24	12.49	2.00
0	0	0.00	0.68	7.53	4.13	0.12
0	4	0.20	0.01	0.83	0.31	15.26
1	1	0.13	14.07	56.66	0.00	0.00
1	5	0.00	0.02	0.91	0.78	0.00
2	2	0.00	0.06	6.14	92.40	0.00
2	6	0.00	0.00	0.27	0.79	0.00
3	3	0.09	0.01	1.15	1.20	0.58
3	7	0.00	0.02	0.42	0.31	0.00
Core	CPU	C1%	C3%	C6%	C8%	C9%
-	-	0.01	1.92	9.32	11.95	0.37
0	0	0.00	0.51	6.87	3.50	0.00
0	4	0.00	0.00	1.31	0.11	2.99
1	1	0.08	14.75	55.64	0.00	0.00
1	5	0.00	0.02	0.43	0.21	0.00
2	2	0.00	0.06	8.30	90.19	0.00
2	6	0.00	0.00	0.59	0.10	0.00
3	3	0.00	0.00	0.35	0.30	0.00
3	7	0.00	0.00	1.04	1.18	0.00
Core	CPU	C1%	C3%	C6%	C8%	C9%
-	-	0.00	1.92	10.76	11.60	0.38
0	0	0.00	0.67	11.76	5.98	3.05
0	4	0.00	0.04	12.74	36.53	0.00
1	1	0.02	14.60	55.65	0.00	0.00
1	5	0.00	0.00	0.53	0.43	0.00
2	2	0.00	0.00	0.51	1.09	0.00
2	6	0.00	0.00	0.35	0.80	0.00
3	3	0.00	0.00	3.52	47.41	0.00
3	7	0.00	0.02	0.99	0.59	0.00
Core	CPU	C1%	C3%	C6%	C8%	C9%
-	-	0.01	1.94	10.60	11.26	2.21
0	0	0.00	1.03	9.28	6.89	4.54
0	4	0.07	0.05	15.03	41.84	13.13
1	1	0.02	14.39	55.59	0.00	0.00
1	5	0.00	0.00	0.38	0.51	0.00
2	2	0.00	0.02	0.19	0.90	0.00
2	6	0.00	0.00	0.49	0.49	0.00
3	3	0.00	0.00	3.50	38.91	0.00
3	7	0.00	0.00	0.32	0.49	0.00
Core	CPU	C1%	C3%	C6%	C8%	C9%
-	-	0.00	0.79	10.50	10.52	0.54
0	0	0.00	6.31	63.71	1.71	0.00
0	4	0.00	0.02	16.98	73.82	3.13
1	1	0.00	0.00	1.08	0.39	0.00
1	5	0.00	0.00	0.36	0.60	0.00
2	2	0.00	0.00	0.35	0.99	0.00
2	6	0.01	0.00	0.34	0.40	1.21
3	3	0.00	0.02	0.58	5.44	0.00
3	7	0.00	0.00	0.60	0.79	0.00
Core	CPU	C1%	C3%	C6%	C8%	C9%
-	-	0.00	0.49	10.30	11.73	0.00
0	0	0.01	3.82	63.75	4.76	0.00
0	4	0.00	0.07	14.49	67.35	0.00
1	1	0.00	0.00	0.92	2.08	0.00
1	5	0.00	0.01	0.60	0.10	0.00
2	2	0.00	0.00	0.68	1.48	0.00
2	6	0.00	0.00	0.29	0.78	0.00
3	3	0.00	0.00	1.40	16.23	0.00
3	7	0.00	0.00	0.24	1.08	0.00
Core	CPU	C1%	C3%	C6%	C8%	C9%
-	-	0.32	0.57	10.41	11.70	0.00
0	0	0.00	4.53	64.46	3.41	0.00
0	4	0.00	0.01	16.04	82.27	0.00
1	1	2.57	0.00	1.05	4.65	0.00
1	5	0.00	0.00	0.47	0.30	0.00
2	2	0.00	0.00	0.40	0.31	0.00
2	6	0.00	0.00	0.10	0.50	0.00
3	3	0.00	0.00	0.28	0.98	0.00
3	7	0.00	0.00	0.50	1.18	0.00
Core	CPU	C1%	C3%	C6%	C8%	C9%
-	-	0.01	1.88	10.52	11.73	0.54
0	0	0.00	0.83	10.52	6.38	3.76
0	4	0.00	0.02	12.40	42.73	0.54
1	1	0.04	13.47	52.64	0.89	0.00
1	5	0.00	0.00	0.19	0.78	0.00
2	2	0.00	0.01	0.47	0.79	0.00
2	6	0.00	0.00	0.36	0.69	0.00
3	3	0.00	0.02	3.39	41.22	0.00
3	7	0.00	0.73	4.18	0.40	0.00
Core	CPU	C1%	C3%	C6%	C8%	C9%
-	-	0.00	1.99	11.43	10.91	0.96
0	0	0.00	1.21	9.52	9.70	7.64
0	4	0.00	0.09	24.87	73.52	0.00
1	1	0.00	14.59	55.48	0.00	0.00
1	5	0.00	0.01	0.36	0.71	0.00
2	2	0.00	0.00	0.19	0.79	0.00
2	6	0.00	0.00	0.29	0.78	0.00
3	3	0.00	0.00	0.45	0.60	0.00
3	7	0.00	0.00	0.24	1.19	0.00
Core	CPU	C1%	C3%	C6%	C8%	C9%
-	-	0.00	0.81	10.81	10.76	0.00
0	0	0.00	6.39	64.58	1.07	0.00
0	4	0.00	0.02	18.05	78.02	0.00
1	1	0.00	0.00	1.16	2.16	0.00
1	5	0.00	0.00	0.45	0.69	0.00
2	2	0.00	0.03	1.24	0.60	0.00
2	6	0.00	0.03	0.20	1.09	0.00
3	3	0.00	0.00	0.20	1.38	0.00
3	7	0.00	0.00	0.57	1.09	0.00
Core	CPU	C1%	C3%	C6%	C8%	C9%
-	-	0.00	0.27	7.84	14.40	0.00
0	0	0.02	2.12	54.66	15.40	0.00
0	4	0.00	0.06	2.31	7.08	0.00
1	1	0.00	0.00	0.19	1.19	0.00
1	5	0.00	0.00	0.38	1.38	0.00
2	2	0.00	0.00	0.56	0.79	0.00
2	6	0.00	0.00	0.25	1.08	0.00
3	3	0.00	0.00	4.00	86.79	0.00
3	7	0.00	0.00	0.39	1.49	0.00
Core	CPU	C1%	C3%	C6%	C8%	C9%
-	-	0.01	0.54	9.53	12.33	0.08
0	0	0.08	4.30	61.06	7.26	0.00
0	4	0.00	0.04	10.61	42.07	0.67
1	1	0.00	0.00	0.14	0.80	0.00
1	5	0.00	0.00	0.12	0.50	0.00
2	2	0.00	0.00	0.44	1.38	0.00
2	6	0.00	0.00	0.19	0.88	0.00
3	3	0.00	0.00	2.97	44.19	0.00
3	7	0.00	0.00	0.74	1.57	0.00
Core	CPU	C1%	C3%	C6%	C8%	C9%
-	-	0.00	0.59	11.04	11.26	0.00
0	0	0.00	4.70	66.86	0.96	0.00
0	4	0.00	0.02	18.14	80.21	0.00
1	1	0.00	0.00	0.37	5.95	0.00
1	5	0.00	0.00	0.34	0.89	0.00
2	2	0.00	0.00	0.73	0.00	0.00
2	6	0.00	0.01	0.70	0.20	0.00
3	3	0.00	0.00	0.39	0.79	0.00
3	7	0.00	0.00	0.77	1.08	0.00
Core	CPU	C1%	C3%	C6%	C8%	C9%
-	-	0.00	0.55	11.20	14.99	0.00
0	0	0.01	4.06	65.50	3.61	0.00
0	4	0.00	0.06	19.56	78.76	0.00
1	1	0.00	0.00	0.43	4.64	0.00
1	5	0.00	0.00	0.27	0.99	0.00
2	2	0.00	0.00	1.51	1.30	0.00
2	6	0.00	0.00	0.63	0.80	0.00
3	3	0.00	0.02	0.48	1.10	0.00
3	7	0.01	0.23	1.23	28.69	0.00
Core	CPU	C1%	C3%	C6%	C8%	C9%
-	-	0.00	0.67	10.52	11.04	0.00
0	0	0.01	5.31	63.25	2.47	0.00
0	4	0.00	0.03	18.09	77.64	0.00
1	1	0.00	0.00	0.30	3.56	0.00
1	5	0.00	0.00	0.46	0.89	0.00
2	2	0.00	0.04	0.87	1.29	0.00
2	6	0.00	0.00	0.25	0.89	0.00
3	3	0.00	0.00	0.22	1.40	0.00
3	7	0.00	0.00	0.72	0.20	0.00
Core	CPU	C1%	C3%	C6%	C8%	C9%
-	-	0.00	0.54	10.96	11.15	0.00
0	0	0.00	4.25	66.96	1.29	0.00
0	4	0.00	0.00	18.51	79.85	0.00
1	1	0.00	0.00	0.31	4.06	0.00
1	5	0.00	0.00	0.40	0.50	0.00
2	2	0.00	0.04	0.47	0.49	0.00
2	6	0.00	0.00	0.19	0.79	0.00
3	3	0.00	0.00	0.63	1.28	0.00
3	7	0.00	0.00	0.25	0.98	0.00
Core	CPU	C1%	C3%	C6%	C8%	C9%
-	-	0.00	0.67	10.91	11.27	0.10
0	0	0.00	5.31	65.93	1.39	0.00
0	4	0.00	0.00	18.55	79.76	0.00
1	1	0.00	0.00	0.46	4.56	0.00
1	5	0.00	0.00	0.33	1.19	0.00
2	2	0.00	0.02	0.89	0.79	0.00
2	6	0.00	0.00	0.10	0.40	0.00
3	3	0.00	0.00	0.44	0.99	0.78
3	7	0.00	0.00	0.57	1.08	0.00
Core	CPU	C1%	C3%	C6%	C8%	C9%
-	-	0.00	0.57	10.83	11.21	0.00
0	0	0.00	4.54	65.58	2.39	0.00
0	4	0.00	0.03	18.05	80.25	0.00
1	1	0.00	0.00	0.47	3.69	0.00
1	5	0.00	0.00	0.46	0.50	0.00
2	2	0.00	0.00	0.83	0.40	0.00
2	6	0.00	0.00	0.62	0.99	0.00
3	3	0.00	0.00	0.36	0.80	0.00
3	7	0.00	0.00	0.28	0.69	0.00
Core	CPU	C1%	C3%	C6%	C8%	C9%
-	-	0.00	0.56	11.01	11.06	0.00
0	0	0.00	4.46	66.97	1.05	0.00
0	4	0.00	0.05	18.39	79.91	0.00
1	1	0.00	0.00	0.49	4.06	0.00
1	5	0.00	0.00	0.28	0.98	0.00
2	2	0.00	0.00	0.37	0.59	0.00
2	6	0.00	0.00	0.25	1.28	0.00
3	3	0.00	0.00	0.83	0.59	0.00
3	7	0.00	0.00	0.50	0.00	0.00
Core	CPU	C1%	C3%	C6%	C8%	C9%
-	-	0.56	0.62	10.72	11.22	0.42
0	0	0.01	4.87	62.16	3.75	0.00
0	4	0.00	0.09	19.22	76.72	0.00
1	1	4.46	0.01	1.28	4.85	0.00
1	5	0.00	0.00	0.20	1.19	0.00
2	2	0.00	0.00	0.55	1.29	0.00
2	6	0.00	0.00	0.36	1.18	3.34
3	3	0.00	0.00	1.03	0.39	0.00
3	7	0.00	0.02	0.99	0.39	0.00
Core	CPU	C1%	C3%	C6%	C8%	C9%
-	-	0.00	0.58	11.07	10.72	0.00
0	0	0.00	4.52	67.76	0.32	0.00
0	4	0.00	0.07	18.95	79.34	0.00
1	1	0.00	0.00	0.25	1.69	0.00
1	5	0.00	0.00	0.32	1.09	0.00
2	2	0.00	0.01	0.29	0.60	0.00
2	6	0.00	0.00	0.10	0.99	0.00
3	3	0.00	0.00	0.47	0.89	0.00
3	7	0.00	0.00	0.46	0.89	0.00
Core	CPU	C1%	C3%	C6%	C8%	C9%
-	-	0.01	0.91	10.73	11.57	0.05
0	0	0.01	3.91	52.04	3.89	0.38
0	4	0.00	0.00	16.79	81.55	0.00
1	1	0.00	0.00	0.37	3.07	0.00
1	5	0.00	0.00	0.67	1.28	0.00
2	2	0.00	0.00	1.01	0.99	0.00
2	6	0.00	0.00	0.23	0.60	0.00
3	3	0.00	0.00	0.18	0.59	0.00
3	7	0.03	3.37	14.55	0.59	0.00
Core	CPU	C1%	C3%	C6%	C8%	C9%
-	-	0.04	1.71	10.01	11.88	0.14
0	0	0.00	0.39	17.24	1.65	1.15
0	4	0.00	0.01	5.60	28.47	0.00
1	1	0.00	0.00	0.09	0.80	0.00
1	5	0.00	0.00	0.28	0.90	0.00
2	2	0.00	0.00	0.56	0.40	0.00
2	6	0.00	0.00	0.45	0.80	0.00
3	3	0.00	0.00	4.40	61.72	0.00
3	7	0.29	13.29	51.45	0.30	0.00
Core	CPU	C1%	C3%	C6%	C8%	C9%
-	-	0.09	0.44	8.41	14.53	2.26
0	0	0.01	3.45	59.02	10.08	0.00
0	4	0.00	0.01	1.07	0.09	18.07
1	1	0.72	0.00	0.76	8.24	0.00
1	5	0.00	0.00	0.43	0.99	0.00
2	2	0.00	0.01	0.39	0.99	0.00
2	6	0.00	0.00	0.15	1.38	0.00
3	3	0.00	0.02	4.94	93.46	0.00
3	7	0.00	0.00	0.51	0.99	0.00
Core	CPU	C1%	C3%	C6%	C8%	C9%
-	-	0.03	2.02	8.63	11.87	1.14
0	0	0.00	0.25	5.94	1.77	0.11
0	4	0.00	0.00	0.89	0.51	9.04
1	1	0.00	0.00	0.67	0.40	0.00
1	5	0.00	0.00	0.46	1.08	0.00
2	2	0.00	0.00	0.25	0.78	0.00
2	6	0.00	0.00	0.27	0.99	0.00
3	3	0.00	0.00	6.82	89.42	0.00
3	7	0.26	15.88	53.72	0.00	0.00
Core	CPU	C1%	C3%	C6%	C8%	C9%
-	-	0.04	1.84	9.96	12.62	0.02
0	0	0.00	0.07	15.25	3.94	0.13
0	4	0.00	0.01	0.54	1.11	0.00
1	1	0.00	0.02	0.38	1.01	0.00
1	5	0.00	0.00	0.19	1.29	0.00
2	2	0.00	0.01	0.68	0.89	0.00
2	6	0.00	0.00	0.28	0.79	0.00
3	3	0.00	0.00	6.61	91.91	0.00
3	7	0.32	14.58	55.72	0.00	0.00
Core	CPU	C1%	C3%	C6%	C8%	C9%
-	-	0.01	2.10	9.61	13.76	4.61
0	0	0.00	1.44	13.02	11.30	0.16
0	4	0.00	0.09	1.05	2.08	35.93
1	1	0.03	13.11	46.77	0.89	0.00
1	5	0.00	0.00	1.43	22.03	0.00
2	2	0.00	0.00	0.86	0.80	0.00
2	6	0.00	0.00	0.65	0.59	0.81
3	3	0.00	0.00	4.24	72.08	0.00
3	7	0.04	2.15	8.82	0.30	0.00
Core	CPU	C1%	C3%	C6%	C8%	C9%
-	-	0.00	1.85	9.43	12.39	0.52
0	0	0.00	0.32	10.35	3.16	0.36
0	4	0.00	0.09	1.62	0.64	3.77
1	1	0.02	14.32	55.72	0.00	0.00
1	5	0.00	0.02	5.50	93.05	0.00
2	2	0.00	0.02	0.24	0.60	0.00
2	6	0.00	0.00	0.61	0.60	0.00
3	3	0.00	0.00	0.54	0.60	0.00
3	7	0.00	0.03	0.84	0.50	0.00
Core	CPU	C1%	C3%	C6%	C8%	C9%
-	-	0.00	1.86	9.82	12.85	0.24
0	0	0.00	0.44	12.11	3.82	0.29
0	4	0.00	0.01	3.46	10.29	1.61
1	1	0.03	14.44	55.72	0.00	0.00
1	5	0.00	0.00	3.71	55.97	0.00
2	2	0.00	0.02	0.29	0.90	0.00
2	6	0.00	0.00	0.44	1.98	0.00
3	3	0.00	0.00	1.73	27.74	0.00
3	7	0.00	0.00	1.10	2.07	0.00
Core	CPU	C1%	C3%	C6%	C8%	C9%
-	-	0.01	0.47	7.59	14.37	0.01
0	0	0.02	3.69	50.92	16.65	0.00
0	4	0.07	0.03	1.23	0.53	0.00
1	1	0.00	0.00	1.97	1.58	0.00
1	5	0.00	0.02	0.44	1.24	0.00
2	2	0.00	0.00	0.82	1.49	0.00
2	6	0.01	0.00	1.94	33.45	0.05
3	3	0.00	0.00	3.06	58.87	0.00
3	7	0.00	0.00	0.36	1.19	0.00
Core	CPU	C1%	C3%	C6%	C8%	C9%
-	-	0.00	0.43	7.97	13.90	1.27
0	0	0.02	2.08	50.46	14.94	0.00
0	4	0.00	0.01	0.49	0.61	10.15
1	1	0.00	0.00	0.27	0.80	0.00
1	5	0.00	0.00	0.67	1.30	0.00
2	2	0.00	0.00	0.33	0.71	0.00
2	6	0.00	0.00	1.41	7.40	0.00
3	3	0.02	1.36	9.81	84.36	0.00
3	7	0.00	0.00	0.28	1.11	0.00
Core	CPU	C1%	C3%	C6%	C8%	C9%
-	-	0.00	0.37	8.00	13.84	0.80
0	0	0.02	2.94	54.61	14.79	0.00
0	4	0.00	0.02	0.73	0.50	6.38
1	1	0.00	0.00	0.82	0.30	0.00
1	5	0.00	0.02	0.70	0.00	0.00
2	2	0.00	0.00	0.20	1.08	0.00
2	6	0.00	0.00	2.66	28.04	0.00
3	3	0.00	0.00	4.07	64.92	0.00
3	7	0.00	0.00	0.24	1.08	0.00
Core	CPU	C1%	C3%	C6%	C8%	C9%
-	-	0.00	0.41	8.36	14.00	1.78
0	0	0.01	3.27	58.21	10.99	0.00
0	4	0.00	0.00	1.17	0.10	14.21
1	1	0.00	0.00	0.65	4.19	0.00
1	5	0.00	0.00	0.93	0.30	0.00
2	2	0.00	0.00	0.32	0.90	0.00
2	6	0.00	0.00	0.70	0.59	0.00
3	3	0.00	0.00	4.68	93.73	0.00
3	7	0.00	0.00	0.27	1.18	0.00
Core	CPU	C1%	C3%	C6%	C8%	C9%
-	-	0.02	1.05	9.14	13.66	0.16
0	0	0.01	0.97	34.92	10.35	0.00
0	4	0.00	0.00	0.68	0.82	1.29
1	1	0.00	0.00	0.28	2.09	0.00
1	5	0.00	0.00	0.27	0.89	0.00
2	2	0.00	0.01	1.24	0.79	0.00
2	6	0.00	0.00	3.09	47.37	0.00
3	3	0.00	0.02	3.53	46.15	0.00
3	7	0.13	7.39	29.10	0.79	0.00
Core	CPU	C1%	C3%	C6%	C8%	C9%
-	-	0.00	0.37	7.40	14.01	0.00
0	0	0.03	2.88	51.82	15.97	0.00
0	4	0.00	0.01	0.49	1.27	0.00
1	1	0.00	0.02	0.19	0.80	0.00
1	5	0.00	0.00	0.27	0.90	0.00
2	2	0.00	0.00	0.54	0.99	0.00
2	6	0.00	0.02	0.28	0.79	0.00
3	3	0.00	0.00	4.59	90.99	0.00
3	7	0.00	0.04	0.99	0.39	0.00
Core	CPU	C1%	C3%	C6%	C8%	C9%
-	-	0.00	0.24	7.54	15.11	0.00
0	0	0.02	1.85	52.98	17.31	0.00
0	4	0.00	0.05	1.22	0.21	0.00
1	1	0.00	0.00	0.42	5.67	0.00
1	5	0.00	0.00	0.14	0.99	0.00
2	2	0.00	0.02	0.29	0.90	0.00
2	6	0.00	0.00	0.30	0.99	0.00
3	3	0.00	0.02	4.63	93.71	0.00
3	7	0.00	0.00	0.36	1.09	0.00
Core	CPU	C1%	C3%	C6%	C8%	C9%
-	-	0.00	0.60	8.69	17.57	0.72
0	0	0.01	3.56	53.32	9.16	0.00
0	4	0.00	0.03	1.09	0.39	3.78
1	1	0.00	0.00	0.35	5.52	0.00
1	5	0.00	0.00	0.46	0.60	0.00
2	2	0.00	0.00	0.26	1.28	1.97
2	6	0.00	0.01	4.71	79.90	0.00
3	3	0.02	1.18	8.40	14.59	0.00
3	7	0.01	0.04	0.94	29.15	0.00
Core	CPU	C1%	C3%	C6%	C8%	C9%
-	-	0.00	0.29	7.84	14.86	0.00
0	0	0.02	2.27	53.43	16.48	0.00
0	4	0.00	0.01	1.15	0.00	0.00
1	1	0.00	0.00	0.51	6.07	0.00
1	5	0.00	0.00	0.16	0.70	0.00
2	2	0.00	0.00	1.22	1.37	0.00
2	6	0.00	0.00	5.08	93.30	0.00
3	3	0.00	0.00	0.45	0.79	0.00
3	7	0.00	0.03	0.69	0.19	0.00
Core	CPU	C1%	C3%	C6%	C8%	C9%
-	-	0.00	0.32	7.92	14.13	0.16
0	0	0.02	2.54	55.32	14.39	0.00
0	4	0.00	0.04	0.95	0.00	1.30
1	1	0.00	0.00	0.35	2.09	0.00
1	5	0.00	0.00	0.23	0.50	0.00
2	2	0.00	0.02	0.30	0.52	0.00
2	6	0.00	0.00	1.98	24.45	0.00
3	3	0.00	0.00	3.82	69.69	0.00
3	7	0.00	0.00	0.42	1.38	0.00
Core	CPU	C1%	C3%	C6%	C8%	C9%
-	-	0.00	0.47	7.43	14.01	0.00
0	0	0.02	3.75	52.15	15.58	0.00
0	4	0.00	0.03	0.82	0.75	0.00
1	1	0.00	0.00	0.19	1.09	0.00
1	5	0.00	0.00	0.27	0.79	0.00
2	2	0.00	0.00	0.34	1.88	0.00
2	6	0.00	0.00	4.20	71.94	0.00
3	3	0.00	0.02	1.22	19.39	0.00
3	7	0.00	0.00	0.29	0.69	0.00
Core	CPU	C1%	C3%	C6%	C8%	C9%
-	-	0.09	0.35	7.80	15.09	0.89
0	0	0.01	2.72	54.56	14.94	0.00
0	4	0.00	0.03	1.06	0.71	6.16
1	1	0.69	0.02	0.52	6.23	0.00
1	5	0.00	0.00	0.33	2.08	0.00
2	2	0.00	0.00	0.19	0.79	0.96
2	6	0.00	0.01	4.24	69.73	0.00
3	3	0.00	0.00	1.19	24.48	0.00
3	7	0.00	0.00	0.34	1.77	0.00
Core	CPU	C1%	C3%	C6%	C8%	C9%
-	-	0.01	0.95	8.87	13.50	1.65
0	0	0.03	1.53	37.82	7.97	0.00
0	4	0.00	0.01	1.18	0.11	13.21
1	1	0.00	0.00	0.85	3.95	0.00
1	5	0.00	0.00	0.24	0.99	0.00
2	2	0.00	0.02	0.26	0.90	0.00
2	6	0.00	0.01	3.38	39.56	0.00
3	3	0.02	6.05	26.97	53.55	0.00
3	7	0.00	0.00	0.27	0.98	0.00
Core	CPU	C1%	C3%	C6%	C8%	C9%
-	-	0.00	0.41	8.69	14.76	1.09
0	0	0.02	3.15	57.35	11.90	0.00
0	4	0.00	0.05	1.36	0.18	8.74
1	1	0.00	0.00	2.06	9.43	0.00
1	5	0.00	0.00	1.15	1.09	0.00
2	2	0.00	0.02	0.63	0.89	0.00
2	6	0.00	0.00	5.62	92.81	0.00
3	3	0.00	0.03	1.09	0.59	0.00
3	7	0.00	0.00	0.29	1.19	0.00
Core	CPU	C1%	C3%	C6%	C8%	C9%
-	-	0.00	0.29	8.19	14.62	0.96
0	0	0.02	2.28	56.37	13.42	0.00
0	4	0.00	0.06	0.80	0.19	7.66
1	1	0.00	0.00	0.27	6.50	0.00
1	5	0.00	0.00	0.29	1.38	0.00
2	2	0.00	0.00	1.10	0.50	0.00
2	6	0.00	0.00	5.91	92.50	0.00
3	3	0.00	0.00	0.53	1.18	0.00
3	7	0.00	0.00	0.29	1.30	0.00
Core	CPU	C1%	C3%	C6%	C8%	C9%
-	-	0.05	1.30	8.81	13.20	1.14
0	0	0.01	1.56	31.76	6.81	0.00
0	4	0.00	0.00	1.27	0.40	7.19
1	1	0.29	0.00	1.50	15.20	0.00
1	5	0.00	0.01	0.94	1.28	0.00
2	2	0.00	0.00	0.23	1.28	0.00
2	6	0.00	0.00	6.04	78.33	1.89
3	3	0.09	8.82	28.46	1.18	0.00
3	7	0.00	0.00	0.25	1.08	0.00
Core	CPU	C1%	C3%	C6%	C8%	C9%
-	-	0.04	1.81	8.78	12.41	0.00
0	0	0.00	0.09	6.07	0.58	0.00
0	4	0.00	0.03	0.77	0.60	0.00
1	1	0.00	0.00	5.82	89.71	0.00
1	5	0.00	0.00	0.25	0.30	0.00
2	2	0.00	0.00	0.32	1.40	0.00
2	6	0.00	0.02	0.54	5.15	0.00
3	3	0.30	14.38	55.98	0.00	0.00
3	7	0.00	0.00	0.45	1.51	0.00
Core	CPU	C1%	C3%	C6%	C8%	C9%
-	-	0.04	1.90	9.32	12.29	0.13
0	0	0.00	0.02	11.17	1.41	0.14
0	4	0.00	0.03	1.01	0.39	0.90
1	1	0.00	0.00	0.09	0.60	0.00
1	5	0.00	0.00	0.37	1.00	0.00
2	2	0.00	0.00	0.26	1.00	0.00
2	6	0.00	0.00	4.93	93.63	0.00
3	3	0.31	15.12	55.80	0.00	0.00
3	7	0.00	0.02	0.89	0.30	0.00
Core	CPU	C1%	C3%	C6%	C8%	C9%
-	-	0.00	0.21	7.79	14.46	0.00
0	0	0.02	1.62	52.11	18.46	0.00
0	4	0.00	0.04	1.57	0.30	0.00
1	1	0.00	0.00	0.25	1.19	0.00
1	5	0.00	0.00	0.24	1.29	0.00
2	2	0.00	0.03	0.32	1.19	0.00
2	6	0.00	0.00	6.28	92.07	0.00
3	3	0.00	0.00	0.98	0.40	0.00
3	7	0.00	0.00	0.56	0.79	0.00
Core	CPU	C1%	C3%	C6%	C8%	C9%
-	-	0.00	0.30	8.13	14.33	0.12
0	0	0.01	2.29	54.42	15.41	0.00
0	4	0.00	0.01	1.16	0.50	0.00
1	1	0.00	0.00	0.52	1.67	0.00
1	5	0.00	0.00	1.69	1.68	0.00
2	2	0.00	0.00	0.33	0.89	0.96
2	6	0.00	0.05	6.12	92.23	0.00
3	3	0.00	0.01	0.39	0.90	0.00
3	7	0.00	0.00	0.39	1.38	0.00
Core	CPU	C1%	C3%	C6%	C8%	C9%
-	-	0.00	0.48	7.92	13.59	1.08
0	0	0.03	3.81	53.18	14.34	0.00
0	4	0.00	0.01	1.20	0.49	8.66
1	1	0.00	0.00	2.16	21.47	0.00
1	5	0.00	0.00	0.48	1.28	0.00
2	2	0.00	0.02	0.16	1.18	0.00
2	6	0.00	0.00	5.48	68.83	0.00
3	3	0.00	0.02	0.33	0.50	0.00
3	7	0.00	0.00	0.39	0.59	0.00
Core	CPU	C1%	C3%	C6%	C8%	C9%
-	-	0.00	0.32	7.87	14.12	2.07
0	0	0.02	2.52	55.50	14.35	0.00
0	4	0.00	0.05	1.09	0.21	16.57
1	1	0.00	0.01	4.83	93.57	0.00
1	5	0.00	0.00	0.18	1.09	0.00
2	2	0.00	0.00	0.28	0.79	0.00
2	6	0.00	0.00	0.55	0.59	0.00
3	3	0.00	0.00	0.24	1.19	0.00
3	7	0.00	0.00	0.33	1.18	0.00
Core	CPU	C1%	C3%	C6%	C8%	C9%
-	-	0.01	0.45	8.08	13.85	0.59
0	0	0.10	3.53	56.20	12.78	0.00
0	4	0.00	0.02	1.38	0.49	4.69
1	1	0.00	0.00	5.27	93.14	0.00
1	5	0.00	0.00	0.14	0.90	0.00
2	2	0.00	0.03	0.37	0.91	0.00
2	6	0.00	0.00	0.37	0.68	0.00
3	3	0.00	0.00	0.38	0.88	0.00
3	7	0.00	0.00	0.46	0.99	0.00
Core	CPU	C1%	C3%	C6%	C8%	C9%
-	-	0.00	0.48	8.39	13.62	3.25
0	0	0.02	3.62	58.08	11.31	0.00
0	4	0.00	0.07	0.94	0.09	25.99
1	1	0.00	0.14	6.07	91.83	0.00
1	5	0.00	0.00	0.28	0.50	0.00
2	2	0.00	0.03	0.55	3.40	0.00
2	6	0.00	0.00	0.82	0.30	0.00
3	3	0.00	0.00	0.27	1.10	0.00
3	7	0.00	0.00	0.13	0.50	0.00
Core	CPU	C1%	C3%	C6%	C8%	C9%
-	-	0.00	0.45	8.22	15.19	3.59
0	0	0.01	3.53	56.51	12.39	0.00
0	4	0.00	0.04	0.85	0.30	28.71
1	1	0.00	0.00	5.35	84.99	0.00
1	5	0.00	0.00	0.28	1.08	0.00
2	2	0.00	0.06	1.64	10.99	0.00
2	6	0.00	0.00	0.62	9.36	0.00
3	3	0.00	0.00	0.42	1.39	0.00
3	7	0.00	0.00	0.09	1.00	0.00
Core	CPU	C1%	C3%	C6%	C8%	C9%
-	-	0.00	0.44	7.95	13.95	3.68
0	0	0.02	3.50	55.06	13.89	0.00
0	4	0.00	0.00	1.15	0.00	29.47
1	1	0.00	0.00	5.20	91.06	0.00
1	5	0.00	0.00	0.78	0.59	0.00
2	2	0.00	0.00	0.56	1.28	0.00
2	6	0.00	0.00	0.33	3.06	0.00
3	3	0.00	0.00	0.36	0.69	0.00
3	7	0.00	0.00	0.14	0.99	0.00
Core	CPU	C1%	C3%	C6%	C8%	C9%
-	-	0.00	0.23	7.55	14.57	1.02
0	0	0.02	1.85	52.80	17.61	0.00
0	4	0.00	0.00	1.26	0.10	8.18
1	1	0.00	0.01	4.18	89.37	0.00
1	5	0.00	0.00	0.28	1.48	0.00
2	2	0.00	0.01	0.39	0.80	0.00
2	6	0.00	0.00	0.78	5.27	0.00
3	3	0.00	0.00	0.28	0.95	0.00
3	7	0.00	0.00	0.45	0.97	0.00
Core	CPU	C1%	C3%	C6%	C8%	C9%
-	-	0.04	1.82	10.66	10.83	0.03
0	0	0.01	0.06	23.21	8.03	0.25
0	4	0.00	0.00	0.71	1.18	0.00
1	1	0.00	0.00	1.72	33.70	0.00
1	5	0.00	0.00	0.45	1.09	0.00
2	2	0.00	0.00	0.25	0.98	0.00
2	6	0.00	0.00	2.19	40.33	0.00
3	3	0.00	0.00	0.38	1.30	0.00
3	7	0.35	14.46	56.41	0.00	0.00
Core	CPU	C1%	C3%	C6%	C8%	C9%
-	-	0.04	1.97	9.51	11.14	0.00
0	0	0.00	0.10	13.24	4.55	0.00
0	4	0.00	0.03	1.03	0.09	0.00
1	1	0.00	0.02	5.48	81.23	0.00
1	5	0.00	0.00	0.10	0.60	0.00
2	2	0.00	0.00	0.19	0.80	0.00
2	6	0.00	0.00	0.33	0.99	0.00
3	3	0.29	15.57	54.62	0.00	0.00
3	7	0.00	0.03	1.08	0.90	0.00
Core	CPU	C1%	C3%	C6%	C8%	C9%
-	-	0.17	0.48	9.16	18.12	1.72
0	0	0.01	3.64	61.70	7.49	0.00
0	4	0.00	0.03	1.23	1.78	13.80
1	1	0.00	0.00	5.73	91.87	0.00
1	5	0.00	0.00	0.43	1.29	0.00
2	2	1.38	0.04	0.75	10.50	0.00
2	6	0.00	0.00	0.20	1.19	0.00
3	3	0.00	0.00	2.25	1.47	0.00
3	7	0.01	0.11	1.03	29.35	0.00
Core	CPU	C1%	C3%	C6%	C8%	C9%
-	-	0.00	0.47	8.22	14.89	0.51
0	0	0.01	3.72	56.58	12.07	0.00
0	4	0.00	0.00	1.04	1.17	4.05
1	1	0.00	0.01	4.64	93.51	0.00
1	5	0.00	0.00	0.31	1.37	0.00
2	2	0.00	0.02	1.71	9.01	0.00
2	6	0.00	0.00	0.19	0.60	0.00
3	3	0.00	0.02	0.39	0.80	0.00
3	7	0.00	0.00	0.88	0.59	0.00
Core	CPU	C1%	C3%	C6%	C8%	C9%
-	-	0.00	0.24	7.68	14.47	0.22
0	0	0.01	1.81	53.36	17.07	0.00
0	4	0.00	0.06	0.79	0.79	1.78
1	1	0.00	0.02	5.02	93.37	0.00
1	5	0.00	0.00	0.28	0.90	0.00
2	2	0.00	0.00	0.68	0.59	0.00
2	6	0.00	0.00	0.47	1.09	0.00
3	3	0.00	0.00	0.25	1.08	0.00
3	7	0.00	0.00	0.62	0.89	0.00
Core	CPU	C1%	C3%	C6%	C8%	C9%
-	-	0.00	0.28	8.17	13.70	0.31
0	0	0.01	2.23	55.29	14.86	0.00
0	4	0.00	0.00	1.11	0.19	2.50
1	1	0.00	0.00	7.55	90.79	0.00
1	5	0.00	0.00	0.14	0.59	0.00
2	2	0.00	0.02	0.39	0.60	0.00
2	6	0.00	0.00	0.30	0.90	0.00
3	3	0.00	0.00	0.19	0.99	0.00
3	7	0.00	0.00	0.36	0.69	0.00
Core	CPU	C1%	C3%	C6%	C8%	C9%
-	-	0.00	0.56	8.20	14.74	0.24
0	0	0.02	4.44	55.62	11.87	0.00
0	4	0.00	0.04	1.16	0.10	1.89
1	1	0.00	0.00	4.83	91.20	0.00
1	5	0.00	0.00	0.52	1.37	0.00
2	2	0.00	0.02	2.79	11.57	0.00
2	6	0.00	0.00	0.04	0.69	0.00
3	3	0.00	0.01	0.29	0.31	0.00
3	7	0.00	0.00	0.38	0.79	0.00
Core	CPU	C1%	C3%	C6%	C8%	C9%
-	-	0.00	0.30	7.95	14.17	0.87
0	0	0.02	2.36	55.60	14.33	0.00
0	4	0.00	0.01	1.06	0.48	6.98
1	1	0.00	0.01	4.73	93.66	0.00
1	5	0.00	0.00	0.20	0.88	0.00
2	2	0.00	0.00	0.64	0.61	0.00
2	6	0.00	0.00	0.36	0.99	0.00
3	3	0.00	0.00	0.72	1.59	0.00
3	7	0.00	0.00	0.30	0.80	0.00
Core	CPU	C1%	C3%	C6%	C8%	C9%
-	-	0.00	0.31	7.33	14.88	0.11
0	0	0.02	2.40	50.81	19.06	0.00
0	4	0.00	0.00	1.72	5.50	0.00
1	1	0.00	0.00	4.17	87.86	0.00
1	5	0.00	0.00	0.31	0.99	0.00
2	2	0.00	0.10	0.44	3.07	0.00
2	6	0.00	0.00	0.46	0.69	0.90
3	3	0.00	0.00	0.37	0.89	0.00
3	7	0.00	0.00	0.35	0.99	0.00
Core	CPU	C1%	C3%	C6%	C8%	C9%
-	-	0.00	0.32	8.01	15.07	0.00
0	0	0.02	2.43	55.73	14.11	0.00
0	4	0.00	0.00	0.89	0.39	0.00
1	1	0.00	0.00	4.83	93.57	0.00
1	5	0.00	0.00	0.37	0.79	0.00
2	2	0.00	0.15	1.37	9.58	0.00
2	6	0.00	0.00	0.53	0.39	0.00
3	3	0.00	0.00	0.00	0.70	0.00
3	7	0.00	0.00	0.38	0.98	0.00
Core	CPU	C1%	C3%	C6%	C8%	C9%
-	-	0.00	0.28	8.10	14.97	0.00
0	0	0.02	2.15	54.77	15.39	0.00
0	4	0.00	0.00	0.67	0.20	0.00
1	1	0.00	0.00	4.99	93.40	0.00
1	5	0.00	0.00	0.29	0.98	0.00
2	2	0.00	0.10	1.53	8.42	0.00
2	6	0.00	0.00	0.35	0.79	0.00
3	3	0.00	0.00	1.12	0.30	0.00
3	7	0.00	0.01	1.07	0.30	0.00
Core	CPU	C1%	C3%	C6%	C8%	C9%
-	-	0.03	1.97	8.98	12.21	0.02
0	0	0.00	0.08	9.71	2.15	0.15
0	4	0.00	0.01	1.32	0.58	0.00
1	1	0.00	0.00	5.02	91.26	0.00
1	5	0.00	0.02	0.19	1.19	0.00
2	2	0.00	0.00	0.47	0.70	0.00
2	6	0.00	0.00	0.19	1.28	0.00
3	3	0.00	0.00	0.45	0.51	0.00
3	7	0.27	15.63	54.47	0.00	0.00
Core	CPU	C1%	C3%	C6%	C8%	C9%
-	-	0.00	0.35	8.17	15.30	0.00
0	0	0.01	2.73	57.11	12.57	0.00
0	4	0.00	0.00	0.76	0.90	0.00
1	1	0.00	0.00	4.56	93.89	0.00
1	5	0.00	0.00	0.33	1.09	0.00
2	2	0.00	0.07	1.26	11.68	0.00
2	6	0.00	0.00	0.19	1.00	0.00
3	3	0.00	0.00	0.29	0.88	0.00
3	7	0.00	0.00	0.86	0.40	0.00
Core	CPU	C1%	C3%	C6%	C8%	C9%
-	-	0.08	0.36	8.10	16.01	1.11
0	0	0.03	2.88	53.82	15.66	0.00
0	4	0.00	0.01	1.74	5.66	8.25
1	1	0.00	0.00	5.39	89.91	0.00
1	5	0.00	0.00	0.35	0.98	0.00
2	2	0.58	0.00	2.15	12.46	0.00
2	6	0.00	0.00	0.39	1.17	0.65
3	3	0.00	0.02	0.39	0.80	0.00
3	7	0.00	0.02	0.57	1.44	0.00
Core	CPU	C1%	C3%	C6%	C8%	C9%
-	-	0.00	0.31	8.63	13.65	0.00
0	0	0.02	2.38	55.32	14.36	0.00
0	4	0.00	0.03	7.79	28.61	0.00
1	1	0.00	0.01	3.07	60.33	0.00
1	5	0.00	0.00	0.32	1.38	0.00
2	2	0.00	0.00	0.28	0.98	0.00
2	6	0.00	0.00	0.98	1.07	0.00
3	3	0.00	0.00	0.25	1.47	0.00
3	7	0.00	0.05	1.00	0.98	0.00
Core	CPU	C1%	C3%	C6%	C8%	C9%
-	-	0.00	0.25	7.67	14.27	0.00
0	0	0.02	1.90	53.88	16.37	0.00
0	4	0.00	0.04	0.92	0.09	0.00
1	1	0.00	0.01	4.51	93.85	0.00
1	5	0.00	0.01	0.10	1.38	0.00
2	2	0.00	0.00	0.33	1.19	0.00
2	6	0.00	0.00	0.46	0.49	0.00
3	3	0.00	0.00	0.24	0.30	0.00
3	7	0.00	0.00	0.89	0.49	0.00
Core	CPU	C1%	C3%	C6%	C8%	C9%
-	-	0.04	1.02	9.36	12.17	1.03
0	0	0.02	1.56	44.97	18.53	1.26
0	4	0.05	0.06	5.88	14.58	6.98
1	1	0.03	6.53	21.93	58.62	0.00
1	5	0.00	0.03	0.93	0.41	0.00
2	2	0.00	0.00	0.25	1.49	0.00
2	6	0.00	0.00	0.19	0.89	0.00
3	3	0.19	0.00	0.28	1.18	0.00
3	7	0.00	0.00	0.46	1.68	0.00
Core	CPU	C1%	C3%	C6%	C8%	C9%
-	-	0.10	0.30	8.12	14.75	0.00
0	0	0.01	2.28	54.76	15.32	0.00
0	4	0.00	0.03	0.99	0.40	0.00
1	1	0.00	0.03	6.68	90.69	0.00
1	5	0.00	0.00	0.66	0.89	0.00
2	2	0.00	0.00	1.23	8.43	0.00
2	6	0.00	0.02	0.20	1.18	0.00
3	3	0.80	0.00	0.00	0.21	0.00
3	7	0.00	0.00	0.47	0.90	0.00
Core	CPU	C1%	C3%	C6%	C8%	C9%
-	-	0.00	0.37	7.74	15.60	0.00
0	0	0.03	2.93	52.00	17.46	0.00
0	4	0.00	0.07	0.97	0.49	0.00
1	1	0.00	0.00	5.31	93.08	0.00
1	5	0.00	0.00	0.37	0.79	0.00
2	2	0.00	0.00	1.14	11.00	0.00
2	6	0.00	0.00	0.50	0.99	0.00
3	3	0.00	0.00	0.73	0.40	0.00
3	7	0.00	0.00	0.88	0.61	0.00
Core	CPU	C1%	C3%	C6%	C8%	C9%
-	-	0.00	0.23	7.40	14.86	0.00
0	0	0.03	1.80	52.25	18.10	0.00
0	4	0.00	0.00	0.77	0.50	0.00
1	1	0.00	0.01	4.34	93.13	0.00
1	5	0.00	0.00	0.13	0.99	0.00
2	2	0.00	0.01	0.55	3.38	0.00
2	6	0.00	0.00	0.54	1.19	0.00
3	3	0.00	0.00	0.28	0.88	0.00
3	7	0.00	0.00	0.35	0.69	0.00
Core	CPU	C1%	C3%	C6%	C8%	C9%
-	-	0.00	0.30	7.86	14.04	0.07
0	0	0.02	2.39	54.07	15.73	0.00
0	4	0.00	0.00	1.02	0.60	0.58
1	1	0.00	0.00	6.16	92.24	0.00
1	5	0.00	0.00	0.62	0.30	0.00
2	2	0.00	0.02	0.27	0.99	0.00
2	6	0.00	0.00	0.20	0.89	0.00
3	3	0.00	0.00	0.19	0.79	0.00
3	7	0.00	0.00	0.37	0.79	0.00
Core	CPU	C1%	C3%	C6%	C8%	C9%
-	-	0.00	0.39	7.80	14.57	1.70
0	0	0.01	3.04	54.21	13.34	0.00
0	4	0.00	0.03	0.58	0.50	10.75
1	1	0.00	0.00	5.98	89.68	0.00
1	5	0.00	0.00	0.27	0.80	0.00
2	2	0.00	0.00	0.56	9.49	0.00
2	6	0.00	0.00	0.33	0.99	2.86
3	3	0.00	0.02	0.19	0.90	0.00
3	7	0.00	0.00	0.29	0.89	0.00
Core	CPU	C1%	C3%	C6%	C8%	C9%
-	-	0.00	0.21	7.15	16.10	0.00
0	0	0.02	1.58	50.02	20.50	0.00
0	4	0.00	0.02	0.49	0.59	0.00
1	1	0.00	0.00	4.50	93.86	0.00
1	5	0.00	0.00	0.44	0.90	0.00
2	2	0.00	0.06	0.81	10.00	0.00
2	6	0.00	0.00	0.32	1.10	0.00
3	3	0.00	0.02	0.37	0.72	0.00
3	7	0.00	0.00	0.28	1.11	0.00
Core	CPU	C1%	C3%	C6%	C8%	C9%
-	-	0.00	0.30	7.54	15.65	0.00
0	0	0.03	2.33	50.51	19.36	0.00
0	4	0.00	0.00	1.03	0.61	0.00
1	1	0.00	0.01	5.42	92.85	0.00
1	5	0.00	0.01	0.75	0.10	0.00
2	2	0.00	0.03	1.06	8.90	0.00
2	6	0.00	0.00	0.28	0.89	0.00
3	3	0.00	0.00	0.56	1.29	0.00
3	7	0.00	0.00	0.71	1.18	0.00
Core	CPU	C1%	C3%	C6%	C8%	C9%
-	-	0.00	0.16	7.09	14.84	0.00
0	0	0.03	1.23	48.47	22.25	0.00
0	4	0.00	0.02	0.84	0.68	0.00
1	1	0.00	0.00	5.05	93.25	0.00
1	5	0.00	0.00	0.39	0.40	0.00
2	2	0.00	0.02	0.63	0.00	0.00
2	6	0.00	0.00	0.68	0.70	0.00
3	3	0.00	0.00	0.19	0.79	0.00
3	7	0.00	0.00	0.46	0.69	0.00
Core	CPU	C1%	C3%	C6%	C8%	C9%
-	-	0.00	0.34	8.23	19.54	0.43
0	0	0.02	2.51	54.44	16.01	0.00
0	4	0.00	0.04	0.50	0.59	3.41
1	1	0.00	0.04	5.99	92.38	0.00
1	5	0.00	0.00	0.47	1.38	0.00
2	2	0.00	0.01	2.63	15.36	0.00
2	6	0.00	0.00	0.24	0.89	0.00
3	3	0.00	0.02	0.29	0.90	0.00
3	7	0.01	0.13	1.30	28.82	0.00
Core	CPU	C1%	C3%	C6%	C8%	C9%
-	-	0.00	0.65	8.64	13.18	2.37
0	0	0.01	5.09	59.67	7.04	0.00
0	4	0.00	0.00	0.85	0.19	18.94
1	1	0.00	0.01	2.52	36.94	0.00
1	5	0.00	0.00	0.18	0.40	0.00
2	2	0.00	0.05	4.57	58.65	0.00
2	6	0.01	0.00	0.37	0.79	0.00
3	3	0.00	0.00	0.25	0.89	0.00
3	7	0.00	0.03	0.68	0.59	0.00
Core	CPU	C1%	C3%	C6%	C8%	C9%
-	-	0.00	0.24	7.52	14.50	0.00
0	0	0.02	1.81	52.81	17.55	0.00
0	4	0.00	0.04	0.83	0.49	0.00
1	1	0.00	0.01	4.11	78.40	0.00
1	5	0.00	0.00	0.14	0.80	0.00
2	2	0.00	0.02	1.13	15.28	0.00
2	6	0.00	0.00	0.19	1.09	0.00
3	3	0.00	0.00	0.39	0.79	0.00
3	7	0.00	0.00	0.55	1.59	0.00
Core	CPU	C1%	C3%	C6%	C8%	C9%
-	-	0.01	0.54	8.58	13.86	1.89
0	0	0.01	4.26	57.27	9.82	0.02
0	4	0.00	0.03	2.61	1.49	15.09
1	1	0.08	0.00	4.35	68.96	0.00
1	5	0.00	0.00	0.36	1.18	0.00
2	2	0.00	0.05	2.48	26.36	0.00
2	6	0.00	0.00	0.93	0.99	0.00
3	3	0.00	0.02	0.29	1.00	0.00
3	7	0.00	0.00	0.34	1.10	0.00
Core	CPU	C1%	C3%	C6%	C8%	C9%
-	-	0.00	0.21	7.38	15.14	4.09
0	0	0.03	1.54	50.16	20.25	0.00
0	4	0.00	0.02	1.02	0.50	32.69
1	1	0.00	0.06	2.89	46.47	0.00
1	5	0.00	0.00	0.24	1.68	0.00
2	2	0.00	0.02	3.81	49.97	0.00
2	6	0.00	0.00	0.28	0.98	0.00
3	3	0.00	0.00	0.35	0.69	0.00
3	7	0.00	0.03	0.30	0.59	0.00
Core	CPU	C1%	C3%	C6%	C8%	C9%
-	-	0.09	0.52	8.50	14.36	1.84
0	0	0.01	3.21	55.31	10.75	0.00
0	4	0.00	0.01	1.05	0.09	14.72
1	1	0.69	0.00	1.31	13.15	0.00
1	5	0.00	0.02	1.03	0.40	0.00
2	2	0.00	0.89	8.33	87.23	0.00
2	6	0.00	0.00	0.29	1.17	0.00
3	3	0.00	0.00	0.37	0.59	0.00
3	7	0.00	0.00	0.35	1.48	0.00
Core	CPU	C1%	C3%	C6%	C8%	C9%
-	-	0.00	0.68	7.96	13.56	1.97
0	0	0.01	4.90	54.44	11.34	0.00
0	4	0.00	0.03	0.81	0.60	14.82
1	1	0.00	0.00	1.70	29.84	0.00
1	5	0.00	0.00	0.42	0.71	0.00
2	2	0.00	0.50	5.65	64.49	0.00
2	6	0.01	0.02	0.18	0.31	0.91
3	3	0.00	0.00	0.00	0.50	0.00
3	7	0.00	0.00	0.47	0.69	0.00
Core	CPU	C1%	C3%	C6%	C8%	C9%
-	-	0.01	1.17	8.45	13.67	0.00
0	0	0.01	0.74	25.82	8.72	0.00
0	4	0.00	0.00	0.66	0.81	0.00
1	1	0.00	0.00	0.52	2.36	0.00
1	5	0.00	0.00	0.44	0.78	0.00
2	2	0.00	0.02	5.46	92.98	0.00
2	6	0.05	8.57	33.37	0.71	0.00
3	3	0.00	0.02	1.02	2.10	0.00
3	7	0.00	0.00	0.28	0.90	0.00
Core	CPU	C1%	C3%	C6%	C8%	C9%
-	-	0.01	1.92	9.30	12.02	0.06
0	0	0.00	0.23	8.02	1.64	0.45
0	4	0.00	0.05	1.01	1.99	0.00
1	1	0.00	0.00	1.89	5.92	0.00
1	5	0.00	0.01	0.60	0.00	0.00
2	2	0.00	0.01	7.03	84.68	0.00
2	6	0.08	15.03	55.24	0.00	0.00
3	3	0.00	0.00	0.36	0.79	0.00
3	7	0.00	0.00	0.29	1.09	0.00
Core	CPU	C1%	C3%	C6%	C8%	C9%
-	-	0.00	0.25	7.98	14.08	0.37
0	0	0.01	1.89	53.28	16.96	0.00
0	4	0.00	0.04	1.36	0.69	2.93
1	1	0.00	0.00	0.47	0.59	0.00
1	5	0.00	0.00	0.67	0.30	0.00
2	2	0.00	0.08	6.34	91.90	0.00
2	6	0.00	0.02	0.99	0.50	0.00
3	3	0.00	0.00	0.39	1.00	0.00
3	7	0.00	0.00	0.38	0.69	0.00
Core	CPU	C1%	C3%	C6%	C8%	C9%
-	-	0.02	1.11	8.83	12.87	0.01
0	0	0.01	1.61	34.08	5.24	0.12
0	4	0.00	0.07	1.36	0.69	0.00
1	1	0.00	0.01	2.74	39.60	0.00
1	5	0.00	0.00	0.19	0.89	0.00
2	2	0.00	0.00	3.24	54.30	0.00
2	6	0.00	0.00	0.35	0.79	0.00
3	3	0.14	7.21	28.58	0.70	0.00
3	7	0.00	0.00	0.10	0.79	0.00
Core	CPU	C1%	C3%	C6%	C8%	C9%
-	-	0.04	1.91	9.26	12.07	0.00
0	0	0.00	0.05	10.09	2.04	0.00
0	4	0.00	0.01	0.87	1.21	0.00
1	1	0.00	0.00	1.01	0.40	0.00
1	5	0.00	0.01	1.08	0.90	0.00
2	2	0.00	0.07	5.90	89.99	0.00
2	6	0.00	0.00	0.29	1.18	0.01
3	3	0.30	15.16	54.50	0.00	0.00
3	7	0.00	0.00	0.32	0.81	0.00
Core	CPU	C1%	C3%	C6%	C8%	C9%
-	-	0.00	0.34	8.47	13.67	1.02
0	0	0.01	2.70	57.00	12.54	0.00
0	4	0.00	0.02	1.10	0.29	8.20
1	1	0.00	0.00	2.45	33.36	0.00
1	5	0.00	0.00	0.25	0.89	0.00
2	2	0.00	0.00	4.05	59.52	0.00
2	6	0.00	0.02	0.60	0.19	0.00
3	3	0.00	0.00	1.71	1.89	0.00
3	7	0.00	0.01	0.56	0.69	0.00
Core	CPU	C1%	C3%	C6%	C8%	C9%
-	-	0.04	1.89	9.08	12.38	0.03
0	0	0.00	0.10	9.93	1.64	0.26
0	4	0.00	0.00	0.70	0.61	0.00
1	1	0.00	0.00	3.81	74.86	0.00
1	5	0.00	0.00	0.36	1.18	0.00
2	2	0.00	0.00	1.33	20.01	0.00
2	6	0.00	0.00	0.52	0.70	0.00
3	3	0.28	15.06	55.42	0.00	0.00
3	7	0.00	0.00	0.55	0.00	0.00
Core	CPU	C1%	C3%	C6%	C8%	C9%
-	-	0.00	0.28	7.89	14.38	0.22
0	0	0.02	2.20	55.09	14.92	0.00
0	4	0.00	0.04	0.96	1.37	1.74
1	1	0.00	0.01	3.82	77.45	0.00
1	5	0.00	0.02	0.30	1.19	0.00
2	2	0.00	0.00	0.86	17.48	0.00
2	6	0.00	0.00	0.39	1.28	0.00
3	3	0.00	0.00	0.96	0.70	0.00
3	7	0.00	0.00	0.74	0.70	0.00
Core	CPU	C1%	C3%	C6%	C8%	C9%
-	-	0.00	0.29	7.92	14.27	0.00
0	0	0.02	2.24	54.40	15.59	0.00
0	4	0.00	0.01	1.25	0.67	0.00
1	1	0.00	0.00	0.24	1.19	0.00
1	5	0.00	0.00	0.31	1.09	0.00
2	2	0.00	0.05	5.91	92.39	0.00
2	6	0.00	0.00	0.20	1.38	0.00
3	3	0.00	0.00	0.28	1.09	0.00
3	7	0.00	0.00	0.75	0.79	0.00
Core	CPU	C1%	C3%	C6%	C8%	C9%
-	-	0.00	0.33	7.42	14.02	0.00
0	0	0.02	2.51	51.58	16.37	0.00
0	4	0.00	0.00	1.07	0.40	0.00
1	1	0.00	0.01	0.87	8.37	0.00
1	5	0.00	0.00	0.37	1.19	0.00
2	2	0.00	0.07	4.50	83.54	0.00
2	6	0.00	0.06	0.14	0.50	0.00
3	3	0.00	0.01	0.39	0.80	0.00
3	7	0.00	0.00	0.41	0.99	0.00
Core	CPU	C1%	C3%	C6%	C8%	C9%
-	-	0.00	0.30	8.03	14.21	0.00
0	0	0.02	2.35	56.26	13.61	0.00
0	4	0.00	0.00	0.93	1.80	0.00
1	1	0.00	0.01	3.82	69.73	0.00
1	5	0.00	0.00	0.29	0.99	0.00
2	2	0.00	0.03	2.09	24.39	0.00
2	6	0.00	0.00	0.36	0.99	0.00
3	3	0.00	0.00	0.25	1.08	0.00
3	7	0.00	0.00	0.23	1.08	0.00
Core	CPU	C1%	C3%	C6%	C8%	C9%
-	-	0.00	0.33	7.58	14.65	0.30
0	0	0.02	2.56	52.13	17.55	0.00
0	4	0.00	0.05	0.73	1.07	2.42
1	1	0.00	0.01	3.71	79.31	0.00
1	5	0.00	0.00	0.34	1.38	0.00
2	2	0.00	0.03	2.14	14.79	0.00
2	6	0.00	0.00	0.30	0.89	0.00
3	3	0.00	0.00	0.28	1.09	0.00
3	7	0.00	0.00	1.00	1.08	0.00
Core	CPU	C1%	C3%	C6%	C8%	C9%
-	-	0.00	0.27	7.71	14.36	0.36
0	0	0.01	2.13	53.67	16.36	0.00
0	4	0.00	0.05	1.14	2.13	2.90
1	1	0.00	0.00	1.51	21.43	0.00
1	5	0.00	0.00	0.45	0.79	0.00
2	2	0.00	0.01	4.22	72.19	0.00
2	6	0.00	0.00	0.13	0.59	0.00
3	3	0.00	0.00	0.10	0.79	0.00
3	7	0.00	0.00	0.49	0.59	0.00
Core	CPU	C1%	C3%	C6%	C8%	C9%
-	-	0.00	0.33	8.01	13.82	0.30
0	0	0.01	2.63	56.04	13.62	0.00
0	4	0.00	0.01	0.53	0.50	2.39
1	1	0.00	0.04	5.97	92.36	0.00
1	5	0.00	0.00	0.20	0.68	0.00
2	2	0.00	0.00	0.36	0.70	0.00
2	6	0.00	0.00	0.45	0.80	0.00
3	3	0.00	0.00	0.33	1.29	0.00
3	7	0.00	0.00	0.18	0.60	0.00
Core	CPU	C1%	C3%	C6%	C8%	C9%
-	-	0.03	1.78	8.81	11.91	0.29
0	0	0.01	0.08	8.46	1.04	0.38
0	4	0.00	0.05	0.76	1.09	1.91
1	1	0.00	0.00	5.19	84.35	0.00
1	5	0.00	0.00	0.21	0.59	0.00
2	2	0.00	0.00	0.47	6.60	0.00
2	6	0.00	0.00	0.42	0.99	0.00
3	3	0.00	0.00	0.35	0.61	0.00
3	7	0.25	14.13	54.63	0.00	0.00
Core	CPU	C1%	C3%	C6%	C8%	C9%
-	-	0.00	0.37	8.02	18.94	0.99
0	0	0.02	2.75	55.33	14.20	0.00
0	4	0.00	0.01	1.02	0.21	7.94
1	1	0.00	0.01	4.32	94.10	0.00
1	5	0.00	0.00	0.54	1.30	0.00
2	2	0.00	0.06	0.78	11.24	0.00
2	6	0.00	0.00	0.33	0.89	0.00
3	3	0.00	0.01	0.29	0.80	0.00
3	7	0.01	0.08	1.52	28.77	0.00
Core	CPU	C1%	C3%	C6%	C8%	C9%
-	-	0.09	0.47	8.29	14.98	1.06
0	0	0.01	3.70	57.81	11.14	0.00
0	4	0.00	0.07	0.98	0.39	7.65
1	1	0.00	0.00	4.48	93.97	0.00
1	5	0.00	0.00	0.28	0.99	0.00
2	2	0.68	0.00	1.54	11.37	0.00
2	6	0.00	0.00	0.36	0.59	0.00
3	3	0.00	0.00	0.14	0.49	0.00
3	7	0.00	0.02	0.73	0.88	0.82
Core	CPU	C1%	C3%	C6%	C8%	C9%
-	-	0.00	0.32	8.14	15.80	0.96
0	0	0.02	2.47	54.62	15.15	0.00
0	4	0.00	0.02	1.15	0.68	7.68
1	1	0.00	0.00	5.16	93.23	0.00
1	5	0.00	0.02	0.10	0.60	0.00
2	2	0.00	0.01	2.94	13.86	0.00
2	6	0.00	0.00	0.29	0.88	0.00
3	3	0.00	0.00	0.37	0.79	0.00
3	7	0.00	0.00	0.53	1.18	0.00
Core	CPU	C1%	C3%	C6%	C8%	C9%
-	-	0.04	0.43	9.09	14.80	2.28
0	0	0.01	3.41	60.87	8.24	0.00
0	4	0.00	0.01	1.23	0.00	18.22
1	1	0.00	0.00	5.35	93.13	0.00
1	5	0.00	0.00	1.12	1.87	0.00
2	2	0.29	0.01	2.42	12.98	0.00
2	6	0.00	0.01	0.90	0.30	0.00
3	3	0.00	0.00	0.10	0.89	0.00
3	7	0.00	0.00	0.76	0.99	0.00
Core	CPU	C1%	C3%	C6%	C8%	C9%
-	-	0.02	1.15	8.39	14.08	0.00
0	0	0.03	0.58	30.51	14.28	0.00
0	4	0.00	0.01	1.08	0.30	0.00
1	1	0.00	0.00	5.86	89.90	0.00
1	5	0.00	0.00	0.35	0.60	0.00
2	2	0.00	0.05	0.83	5.52	0.00
2	6	0.00	0.02	0.29	0.40	0.00
3	3	0.00	0.00	0.10	0.90	0.00
3	7	0.12	8.49	28.07	0.79	0.00
Core	CPU	C1%	C3%	C6%	C8%	C9%
-	-	0.00	0.24	7.67	14.57	0.00
0	0	0.02	1.90	52.84	17.42	0.00
0	4	0.00	0.00	0.82	0.53	0.00
1	1	0.00	0.00	5.03	93.34	0.00
1	5	0.00	0.00	0.37	0.99	0.00
2	2	0.00	0.00	0.34	1.28	0.00
2	6	0.00	0.00	0.35	1.09	0.00
3	3	0.00	0.00	0.42	1.40	0.00
3	7	0.00	0.00	1.19	0.49	0.00
Core	CPU	C1%	C3%	C6%	C8%	C9%
-	-	0.01	0.52	8.46	14.61	0.75
0	0	0.01	4.13	58.70	9.74	0.00
0	4	0.07	0.00	0.47	0.71	5.07
1	1	0.00	0.00	5.68	85.32	0.00
1	5	0.00	0.00	0.30	1.00	0.00
2	2	0.00	0.00	1.10	17.45	0.00
2	6	0.00	0.00	0.73	0.69	0.00
3	3	0.00	0.02	0.29	1.10	0.00
3	7	0.00	0.00	0.38	0.89	0.90
Core	CPU	C1%	C3%	C6%	C8%	C9%
-	-	0.00	0.27	7.66	14.64	0.30
0	0	0.02	1.99	51.94	18.17	0.00
0	4	0.00	0.04	1.21	0.21	2.41
1	1	0.00	0.01	4.59	64.85	0.00
1	5	0.00	0.00	0.28	1.09	0.00
2	2	0.00	0.05	2.01	31.11	0.00
2	6	0.00	0.00	0.37	0.69	0.00
3	3	0.00	0.00	0.15	0.60	0.00
3	7	0.00	0.03	0.69	0.40	0.00
Core	CPU	C1%	C3%	C6%	C8%	C9%
-	-	0.00	0.33	8.22	15.56	0.65
0	0	0.01	2.61	55.60	14.08	0.00
0	4	0.00	0.04	1.08	0.17	5.23
1	1	0.00	0.00	5.29	93.12	0.00
1	5	0.00	0.00	0.14	0.99	0.00
2	2	0.00	0.01	2.63	13.13	0.00
2	6	0.00	0.00	0.20	0.60	0.00
3	3	0.00	0.00	0.29	1.18	0.00
3	7	0.00	0.00	0.56	1.18	0.00
Core	CPU	C1%	C3%	C6%	C8%	C9%
-	-	0.00	0.52	7.74	14.78	1.42
0	0	0.01	4.09	53.69	13.54	0.00
0	4	0.00	0.00	1.41	0.39	11.34
1	1	0.00	0.00	4.37	91.40	0.00
1	5	0.00	0.00	0.45	0.99	0.00
2	2	0.00	0.08	0.88	8.37	0.00
2	6	0.00	0.00	0.43	1.39	0.00
3	3	0.00	0.01	0.39	1.00	0.00
3	7	0.00	0.00	0.30	1.19	0.00
Core	CPU	C1%	C3%	C6%	C8%	C9%
-	-	0.00	0.32	7.86	14.27	0.00
0	0	0.02	2.48	54.56	15.79	0.00
0	4	0.00	0.00	0.91	0.31	0.00
1	1	0.00	0.05	4.91	85.65	0.00
1	5	0.00	0.00	0.37	0.42	0.00
2	2	0.00	0.01	1.40	9.42	0.00
2	6	0.00	0.00	0.27	0.89	0.00
3	3	0.00	0.00	0.25	0.79	0.00
3	7	0.00	0.03	0.20	0.89	0.00
