Core	CPU	C1%	C3%	C6%	C8%	C9%
-	-	0.02	0.74	71.77	15.96	0.00
0	0	0.11	0.50	69.24	19.64	0.00
0	4	0.01	0.56	69.05	21.29	0.00
1	1	0.01	0.55	75.68	13.81	0.00
1	5	0.01	0.63	69.73	20.53	0.00
2	2	0.01	0.54	72.39	17.08	0.00
2	6	0.01	0.55	72.39	18.28	0.00
3	3	0.00	0.59	79.05	10.29	0.00
3	7	0.02	1.96	66.38	6.66	0.00
Core	CPU	C1%	C3%	C6%	C8%	C9%
-	-	0.01	0.72	71.96	15.96	0.00
0	0	0.00	0.48	73.40	15.55	0.00
0	4	0.00	0.61	69.43	21.00	0.00
1	1	0.01	0.61	72.43	17.39	0.00
1	5	0.01	0.56	70.54	20.16	0.00
2	2	0.01	0.36	72.24	17.84	0.00
2	6	0.00	0.39	72.22	18.57	0.00
3	3	0.00	0.62	78.91	10.86	0.00
3	7	0.02	2.15	67.13	6.42	0.00
Core	CPU	C1%	C3%	C6%	C8%	C9%
-	-	0.01	0.66	70.84	17.24	0.00
0	0	0.01	0.41	74.78	14.18	0.00
0	4	0.00	0.56	72.15	18.38	0.00
1	1	0.00	0.48	71.40	18.42	0.00
1	5	0.01	0.49	68.75	22.04	0.00
2	2	0.01	0.45	68.46	21.62	0.00
2	6	0.00	0.49	69.07	21.72	0.00
3	3	0.00	0.56	77.85	12.03	0.00
3	7	0.01	1.84	64.24	9.50	0.00
Core	CPU	C1%	C3%	C6%	C8%	C9%
-	-	0.01	0.71	71.58	16.45	0.00
0	0	0.01	0.51	71.46	17.41	0.00
0	4	0.01	0.59	70.97	19.51	0.00
1	1	0.00	0.52	73.48	16.19	0.00
1	5	0.01	0.57	69.30	21.46	0.00
2	2	0.01	0.53	70.74	19.25	0.00
2	6	0.00	0.41	71.19	19.66	0.00
3	3	0.00	0.44	78.85	11.10	0.00
3	7	0.01	2.08	66.62	7.02	0.00
Core	CPU	C1%	C3%	C6%	C8%	C9%
-	-	0.01	0.71	68.38	17.26	0.00
0	0	0.00	0.44	70.27	16.49	0.00
0	4	0.00	0.53	70.18	17.06	0.00
1	1	0.07	0.78	70.05	16.51	0.00
1	5	0.01	0.39	64.91	23.77	0.00
2	2	0.00	0.52	66.99	20.65	0.00
2	6	0.00	0.49	65.86	22.90	0.00
3	3	0.00	0.52	75.86	11.68	0.00
3	7	0.01	2.03	62.90	9.05	0.00
Core	CPU	C1%	C3%	C6%	C8%	C9%
-	-	0.01	0.64	70.92	17.16	0.00
0	0	0.00	0.45	76.26	12.62	0.00
0	4	0.00	0.51	72.19	18.45	0.00
1	1	0.00	0.30	71.76	18.25	0.00
1	5	0.01	0.38	69.27	21.60	0.00
2	2	0.01	0.62	70.30	19.57	0.00
2	6	0.01	0.44	68.76	22.02	0.00
3	3	0.00	0.62	75.97	13.90	0.00
3	7	0.01	1.79	62.87	10.88	0.00
Core	CPU	C1%	C3%	C6%	C8%	C9%
-	-	0.01	0.68	69.73	18.00	0.00
0	0	0.00	0.40	69.68	19.44	0.00
0	4	0.00	0.56	69.33	20.13	0.00
1	1	0.01	0.52	73.73	15.95	0.00
1	5	0.01	0.69	67.17	22.73	0.00
2	2	0.01	0.48	67.55	22.48	0.00
2	6	0.01	0.61	68.36	22.33	0.00
3	3	0.00	0.53	77.20	11.83	0.00
3	7	0.03	1.63	64.80	9.10	0.00
Core	CPU	C1%	C3%	C6%	C8%	C9%
-	-	0.00	0.62	70.65	17.47	0.00
0	0	0.00	0.43	74.97	14.20	0.00
0	4	0.01	0.55	73.41	17.18	0.00
1	1	0.00	0.43	74.98	14.72	0.00
1	5	0.00	0.29	68.84	22.11	0.00
2	2	0.01	0.59	68.19	21.67	0.00
2	6	0.00	0.61	67.63	23.06	0.00
3	3	0.00	0.48	74.26	15.77	0.00
3	7	0.01	1.59	62.89	11.03	0.00
Core	CPU	C1%	C3%	C6%	C8%	C9%
-	-	0.01	0.66	70.70	17.43	0.00
0	0	0.00	0.39	73.97	15.27	0.00
0	4	0.01	0.61	71.56	18.74	0.00
1	1	0.01	0.46	72.68	17.14	0.00
1	5	0.00	0.29	68.25	22.76	0.00
2	2	0.01	0.52	69.17	20.38	0.00
2	6	0.00	0.48	68.51	22.30	0.00
3	3	0.00	0.58	76.91	12.94	0.00
3	7	0.01	1.93	63.90	9.72	0.00
Core	CPU	C1%	C3%	C6%	C8%	C9%
-	-	0.01	1.04	68.70	17.05	0.01
0	0	0.00	0.49	69.41	17.56	0.00
0	4	0.00	0.59	67.86	20.78	0.00
1	1	0.01	1.59	69.55	16.94	0.08
1	5	0.01	0.42	68.49	19.92	0.00
2	2	0.00	0.49	68.46	19.36	0.00
2	6	0.00	0.45	67.67	20.96	0.00
3	3	0.00	0.73	74.99	12.64	0.00
3	7	0.01	3.54	63.33	8.30	0.00
Core	CPU	C1%	C3%	C6%	C8%	C9%
-	-	0.01	0.60	71.03	17.02	0.00
0	0	0.00	0.29	75.83	13.24	0.00
0	4	0.00	0.33	72.62	18.17	0.00
1	1	0.01	0.42	72.74	17.19	0.00
1	5	0.01	0.34	67.97	22.92	0.00
2	2	0.01	0.53	69.54	20.44	0.00
2	6	0.01	0.63	69.34	21.31	0.00
3	3	0.00	0.61	76.00	13.83	0.00
3	7	0.01	1.68	64.64	9.15	0.00
Core	CPU	C1%	C3%	C6%	C8%	C9%
-	-	0.00	0.80	70.90	17.03	0.00
0	0	0.00	0.52	76.23	12.81	0.00
0	4	0.00	0.63	72.02	18.52	0.00
1	1	0.00	1.19	73.51	15.29	0.00
1	5	0.00	0.35	69.41	21.53	0.00
2	2	0.00	0.53	69.56	20.38	0.00
2	6	0.00	0.41	68.39	22.38	0.00
3	3	0.01	0.53	75.35	14.67	0.00
3	7	0.00	2.27	62.75	10.67	0.00
Core	CPU	C1%	C3%	C6%	C8%	C9%
-	-	0.01	0.73	72.10	15.89	0.00
0	0	0.00	0.55	72.29	16.78	0.00
0	4	0.00	0.61	73.07	17.44	0.00
1	1	0.01	0.47	74.21	15.61	0.00
1	5	0.01	0.45	70.97	19.69	0.00
2	2	0.00	0.45	69.97	19.96	0.00
2	6	0.01	0.46	72.06	18.62	0.00
3	3	0.01	0.64	78.54	11.18	0.00
3	7	0.06	2.24	65.25	7.71	0.00
Core	CPU	C1%	C3%	C6%	C8%	C9%
-	-	0.00	0.68	71.52	16.52	0.00
0	0	0.00	0.43	74.92	14.07	0.00
0	4	0.00	0.42	71.30	19.38	0.00
1	1	0.00	0.50	72.66	17.14	0.00
1	5	0.01	0.49	71.29	19.46	0.00
2	2	0.00	0.53	69.15	20.76	0.00
2	6	0.00	0.50	68.17	22.49	0.00
3	3	0.00	0.69	78.76	11.00	0.00
3	7	0.01	1.92	65.89	7.86	0.00
Core	CPU	C1%	C3%	C6%	C8%	C9%
-	-	0.01	0.88	69.59	16.27	0.00
0	0	0.01	0.46	70.90	16.30	0.00
0	4	0.00	0.40	67.13	21.50	0.00
1	1	0.00	1.81	71.10	15.41	0.00
1	5	0.01	0.53	69.10	19.08	0.00
2	2	0.01	0.40	67.48	20.35	0.00
2	6	0.00	0.42	67.96	20.88	0.00
3	3	0.01	0.54	78.35	9.69	0.00
3	7	0.01	2.47	64.49	6.91	0.00
Core	CPU	C1%	C3%	C6%	C8%	C9%
-	-	0.05	0.74	71.37	16.00	0.00
0	0	0.23	0.50	73.14	14.85	0.00
0	4	0.00	0.72	69.34	21.18	0.00
1	1	0.00	0.42	73.36	16.63	0.00
1	5	0.06	0.53	72.96	17.13	0.00
2	2	0.01	0.35	69.34	19.72	0.00
2	6	0.00	0.35	69.78	20.68	0.00
3	3	0.01	0.82	79.64	9.11	0.00
3	7	0.05	2.24	64.08	8.81	0.00
Core	CPU	C1%	C3%	C6%	C8%	C9%
-	-	0.01	0.77	70.92	16.99	0.00
0	0	0.00	0.45	73.52	15.48	0.00
0	4	0.00	0.50	68.94	21.17	0.00
1	1	0.01	1.05	72.87	16.28	0.00
1	5	0.01	0.50	69.65	21.14	0.00
2	2	0.01	0.52	69.92	20.06	0.00
2	6	0.01	0.39	69.05	21.86	0.00
3	3	0.00	0.54	78.70	11.15	0.00
3	7	0.02	2.21	64.67	8.76	0.00
Core	CPU	C1%	C3%	C6%	C8%	C9%
-	-	0.00	0.70	71.49	16.63	0.00
0	0	0.01	0.57	75.33	13.53	0.00
0	4	0.00	0.74	68.15	22.28	0.00
1	1	0.00	0.45	73.00	16.95	0.00
1	5	0.00	0.44	71.57	19.22	0.00
2	2	0.00	0.34	67.78	22.25	0.00
2	6	0.00	0.34	68.09	22.80	0.00
3	3	0.00	0.66	81.27	8.43	0.00
3	7	0.01	2.09	66.13	7.40	0.00
Core	CPU	C1%	C3%	C6%	C8%	C9%
-	-	0.01	0.74	71.94	15.90	0.00
0	0	0.00	0.55	70.83	18.23	0.00
0	4	0.01	0.84	70.89	19.07	0.00
1	1	0.00	0.53	70.70	18.63	0.00
1	5	0.00	0.59	72.18	18.51	0.00
2	2	0.00	0.34	70.42	19.61	0.00
2	6	0.01	0.37	69.95	20.85	0.00
3	3	0.01	0.60	83.02	6.68	0.00
3	7	0.02	2.07	67.98	5.77	0.00
Core	CPU	C1%	C3%	C6%	C8%	C9%
-	-	0.01	0.97	69.35	16.40	0.00
0	0	0.00	0.49	68.37	18.56	0.00
0	4	0.01	0.70	67.23	20.49	0.00
1	1	0.01	2.16	70.94	15.66	0.00
1	5	0.01	0.56	68.09	20.53	0.00
2	2	0.00	0.41	68.52	19.40	0.00
2	6	0.00	0.36	68.28	20.48	0.00
3	3	0.00	0.55	77.90	9.37	0.00
3	7	0.01	2.53	65.07	6.62	0.00
Core	CPU	C1%	C3%	C6%	C8%	C9%
-	-	0.01	0.68	72.51	15.44	0.00
0	0	0.01	0.49	72.63	16.45	0.00
0	4	0.01	0.60	68.38	22.21	0.00
1	1	0.00	0.49	75.37	14.41	0.00
1	5	0.01	0.55	71.62	19.03	0.00
2	2	0.01	0.40	72.83	17.05	0.00
2	6	0.00	0.37	71.63	19.19	0.00
3	3	0.00	0.61	81.21	8.47	0.00
3	7	0.02	1.93	67.01	6.84	0.00
Core	CPU	C1%	C3%	C6%	C8%	C9%
-	-	0.01	0.77	71.59	16.07	0.00
0	0	0.01	0.48	73.41	15.39	0.00
0	4	0.00	0.51	67.95	22.01	0.00
1	1	0.00	0.47	73.93	15.74	0.00
1	5	0.01	0.46	70.37	20.36	0.00
2	2	0.00	0.38	72.26	17.36	0.00
2	6	0.01	0.35	70.83	19.93	0.00
3	3	0.00	0.71	78.50	10.01	0.00
3	7	0.01	2.75	65.40	7.70	0.00
Core	CPU	C1%	C3%	C6%	C8%	C9%
-	-	0.01	0.60	68.95	18.57	0.00
0	0	0.01	0.49	73.19	16.01	0.00
0	4	0.00	0.47	69.35	21.39	0.00
1	1	0.01	0.34	68.61	20.98	0.00
1	5	0.01	0.42	66.76	24.00	0.00
2	2	0.00	0.42	68.57	21.27	0.00
2	6	0.00	0.39	68.07	22.90	0.00
3	3	0.01	0.51	75.17	13.93	0.00
3	7	0.02	1.80	61.32	7.94	0.00
Core	CPU	C1%	C3%	C6%	C8%	C9%
-	-	0.09	0.67	71.59	16.30	0.00
0	0	0.01	0.50	71.82	17.02	0.00
0	4	0.00	0.44	68.32	22.34	0.00
1	1	0.01	0.51	73.25	16.65	0.00
1	5	0.01	0.49	70.87	19.92	0.00
2	2	0.01	0.35	72.78	17.20	0.00
2	6	0.00	0.38	71.21	19.63	0.00
3	3	0.01	0.58	79.34	10.47	0.00
3	7	0.70	2.13	65.59	7.29	0.00
Core	CPU	C1%	C3%	C6%	C8%	C9%
-	-	0.07	0.89	69.18	16.80	0.00
0	0	0.00	0.49	69.45	17.80	0.00
0	4	0.00	0.72	67.38	20.95	0.00
1	1	0.00	1.24	69.27	17.52	0.01
1	5	0.01	0.52	68.47	19.90	0.00
2	2	0.01	0.39	70.40	18.69	0.00
2	6	0.00	0.52	69.44	18.65	0.00
3	3	0.01	0.64	76.05	12.77	0.00
3	7	0.49	2.57	62.77	8.08	0.00
Core	CPU	C1%	C3%	C6%	C8%	C9%
-	-	0.09	0.67	71.81	16.16	0.00
0	0	0.00	0.36	73.16	15.90	0.00
0	4	0.00	0.50	70.16	20.45	0.00
1	1	0.00	0.56	71.92	17.94	0.00
1	5	0.02	0.57	69.08	21.66	0.00
2	2	0.01	0.39	73.93	16.03	0.00
2	6	0.00	0.60	71.81	18.94	0.00
3	3	0.00	0.60	78.17	11.69	0.00
3	7	0.69	1.81	65.98	6.62	0.00
Core	CPU	C1%	C3%	C6%	C8%	C9%
-	-	0.01	0.92	70.90	16.69	0.00
0	0	0.01	0.60	69.89	18.56	0.00
0	4	0.01	0.82	66.51	23.64	0.00
1	1	0.00	0.44	73.56	16.27	0.00
1	5	0.01	0.55	71.27	19.46	0.00
2	2	0.01	1.32	69.39	19.45	0.00
2	6	0.00	0.27	69.16	21.05	0.00
3	3	0.00	0.57	81.34	8.33	0.00
3	7	0.01	2.82	66.27	6.81	0.00
Core	CPU	C1%	C3%	C6%	C8%	C9%
-	-	0.01	0.67	71.57	16.44	0.00
0	0	0.00	0.39	74.33	14.78	0.00
0	4	0.01	0.64	69.30	21.15	0.00
1	1	0.00	0.43	73.38	16.60	0.00
1	5	0.01	0.44	70.29	20.51	0.00
2	2	0.01	0.39	71.44	18.44	0.00
2	6	0.01	0.48	69.97	20.83	0.00
3	3	0.00	0.62	78.74	10.99	0.00
3	7	0.01	1.97	65.43	8.33	0.00
Core	CPU	C1%	C3%	C6%	C8%	C9%
-	-	0.00	0.68	71.05	17.09	0.00
0	0	0.00	0.40	74.18	14.81	0.00
0	4	0.01	0.67	71.41	19.08	0.00
1	1	0.00	0.45	72.46	17.47	0.00
1	5	0.01	0.48	69.44	21.38	0.00
2	2	0.01	0.53	67.88	22.07	0.00
2	6	0.00	0.48	68.68	22.13	0.00
3	3	0.01	0.61	78.28	11.52	0.00
3	7	0.01	1.83	65.63	8.12	0.00
Core	CPU	C1%	C3%	C6%	C8%	C9%
-	-	0.01	1.20	69.99	16.50	0.18
0	0	0.01	0.51	71.42	15.72	0.00
0	4	0.01	0.71	66.75	23.18	0.00
1	1	0.01	2.05	72.63	14.11	1.41
1	5	0.01	0.47	69.90	19.44	0.00
2	2	0.01	0.31	67.31	21.56	0.00
2	6	0.00	0.36	67.91	21.68	0.00
3	3	0.00	0.65	78.85	10.10	0.00
3	7	0.01	4.52	65.24	6.26	0.00
Core	CPU	C1%	C3%	C6%	C8%	C9%
-	-	0.01	0.67	70.92	17.06	0.00
0	0	0.00	0.45	72.96	15.97	0.00
0	4	0.00	0.60	70.62	19.85	0.00
1	1	0.00	0.51	71.77	18.12	0.00
1	5	0.01	0.50	68.67	21.99	0.00
2	2	0.01	0.45	70.80	19.11	0.00
2	6	0.01	0.48	70.49	20.17	0.00
3	3	0.00	0.55	77.35	12.51	0.00
3	7	0.02	1.83	65.09	8.86	0.00
Core	CPU	C1%	C3%	C6%	C8%	C9%
-	-	0.01	0.88	71.08	16.52	0.00
0	0	0.01	0.52	70.70	18.33	0.00
0	4	0.00	0.69	71.22	18.96	0.00
1	1	0.00	1.03	70.72	18.30	0.00
1	5	0.01	0.45	70.55	19.60	0.00
2	2	0.00	0.42	71.33	17.94	0.00
2	6	0.06	0.51	70.95	19.15	0.00
3	3	0.00	0.53	78.45	11.48	0.00
3	7	0.01	2.91	64.58	8.39	0.00
Core	CPU	C1%	C3%	C6%	C8%	C9%
-	-	0.01	0.72	72.15	15.94	0.00
0	0	0.00	0.51	70.31	18.85	0.00
0	4	0.00	0.73	71.06	19.22	0.00
1	1	0.00	0.46	70.64	19.35	0.00
1	5	0.01	0.58	72.26	18.36	0.00
2	2	0.00	0.36	71.31	18.73	0.00
2	6	0.00	0.36	71.75	19.07	0.00
3	3	0.00	0.71	82.84	6.85	0.00
3	7	0.01	2.06	66.66	6.98	0.00
Core	CPU	C1%	C3%	C6%	C8%	C9%
-	-	0.02	0.68	71.40	16.50	0.00
0	0	0.01	0.52	72.29	16.69	0.00
0	4	0.00	0.65	72.70	17.46	0.00
1	1	0.01	0.47	71.26	18.52	0.00
1	5	0.01	0.44	69.75	21.05	0.00
2	2	0.00	0.44	70.71	19.21	0.00
2	6	0.00	0.45	70.12	20.57	0.00
3	3	0.00	0.53	79.55	10.31	0.00
3	7	0.15	1.93	65.19	8.32	0.00
Core	CPU	C1%	C3%	C6%	C8%	C9%
-	-	0.01	0.83	68.56	17.31	0.00
0	0	0.00	0.42	72.73	13.83	0.00
0	4	0.00	0.67	71.28	17.08	0.00
1	1	0.00	1.13	67.68	18.84	0.00
1	5	0.01	0.39	66.29	22.58	0.00
2	2	0.01	0.47	67.45	20.46	0.00
2	6	0.00	0.54	66.41	22.24	0.00
3	3	0.00	0.58	74.58	13.66	0.00
3	7	0.01	2.45	61.80	9.73	0.00
Core	CPU	C1%	C3%	C6%	C8%	C9%
-	-	0.01	0.69	71.13	16.83	0.00
0	0	0.01	0.56	72.06	16.92	0.00
0	4	0.00	0.63	69.23	21.16	0.00
1	1	0.01	0.51	73.43	16.37	0.00
1	5	0.01	0.50	68.68	22.08	0.00
2	2	0.00	0.39	70.75	19.26	0.00
2	6	0.01	0.43	71.03	19.77	0.00
3	3	0.00	0.56	78.52	11.32	0.00
3	7	0.01	1.96	65.85	7.92	0.00
Core	CPU	C1%	C3%	C6%	C8%	C9%
-	-	0.01	0.80	71.37	16.58	0.00
0	0	0.01	0.44	72.54	16.57	0.00
0	4	0.01	0.62	68.59	22.01	0.00
1	1	0.01	0.48	73.14	16.72	0.00
1	5	0.01	0.47	69.52	21.24	0.00
2	2	0.01	1.10	69.64	19.57	0.00
2	6	0.00	0.48	70.68	20.03	0.00
3	3	0.00	0.56	80.10	9.73	0.00
3	7	0.01	2.29	66.70	6.73	0.00
Core	CPU	C1%	C3%	C6%	C8%	C9%
-	-	0.01	0.72	72.25	15.84	0.00
0	0	0.00	0.45	73.52	15.55	0.00
0	4	0.01	0.65	72.99	17.43	0.00
1	1	0.00	0.53	71.79	17.96	0.00
1	5	0.01	0.44	72.17	18.62	0.00
2	2	0.01	0.49	70.84	19.12	0.00
2	6	0.00	0.42	71.33	19.49	0.00
3	3	0.00	0.65	79.32	10.36	0.00
3	7	0.01	2.12	65.44	8.02	0.00
Core	CPU	C1%	C3%	C6%	C8%	C9%
-	-	0.01	0.67	71.41	16.56	0.00
0	0	0.01	0.32	72.27	16.92	0.00
0	4	0.00	0.51	70.42	20.03	0.00
1	1	0.00	0.42	72.39	17.57	0.00
1	5	0.02	0.51	70.72	20.02	0.00
2	2	0.01	0.49	69.67	20.21	0.00
2	6	0.00	0.40	70.40	20.41	0.00
3	3	0.00	0.70	79.51	10.13	0.00
3	7	0.01	1.99	66.45	7.32	0.00
Core	CPU	C1%	C3%	C6%	C8%	C9%
-	-	0.01	1.18	70.18	16.21	0.00
0	0	0.01	0.54	70.47	17.24	0.00
0	4	0.01	0.60	68.05	21.49	0.00
1	1	0.00	1.71	72.36	14.63	0.00
1	5	0.01	0.47	70.94	18.02	0.00
2	2	0.00	0.33	70.61	18.25	0.00
2	6	0.00	0.31	68.66	20.23	0.00
3	3	0.01	0.79	77.83	10.72	0.00
3	7	0.01	4.72	62.37	9.06	0.00
Core	CPU	C1%	C3%	C6%	C8%	C9%
-	-	0.00	0.67	71.31	16.68	0.00
0	0	0.00	0.35	75.31	13.86	0.00
0	4	0.01	0.58	71.19	19.34	0.00
1	1	0.00	0.49	72.32	17.52	0.00
1	5	0.01	0.46	69.40	21.35	0.00
2	2	0.00	0.46	69.26	20.53	0.00
2	6	0.00	0.47	70.38	20.25	0.00
3	3	0.00	0.57	77.84	12.02	0.00
3	7	0.01	2.02	65.03	8.64	0.00
Core	CPU	C1%	C3%	C6%	C8%	C9%
-	-	0.00	0.79	71.07	16.74	0.00
0	0	0.00	0.45	73.26	15.99	0.00
0	4	0.00	0.43	70.79	19.98	0.00
1	1	0.00	0.39	72.03	16.52	0.00
1	5	0.00	0.37	69.76	21.14	0.00
2	2	0.00	1.20	70.82	17.89	0.00
2	6	0.00	0.59	70.07	20.58	0.00
3	3	0.00	0.64	76.89	12.82	0.00
3	7	0.01	2.24	64.67	8.90	0.00
Core	CPU	C1%	C3%	C6%	C8%	C9%
-	-	0.01	0.66	71.47	16.54	0.00
0	0	0.01	0.39	72.95	16.18	0.00
0	4	0.00	0.43	70.65	19.92	0.00
1	1	0.00	0.56	70.25	19.63	0.00
1	5	0.01	0.55	69.14	21.54	0.00
2	2	0.01	0.32	71.29	18.59	0.00
2	6	0.00	0.50	72.26	18.43	0.00
3	3	0.00	0.62	79.24	10.50	0.00
3	7	0.02	1.94	66.23	7.62	0.00
Core	CPU	C1%	C3%	C6%	C8%	C9%
-	-	0.01	0.67	72.28	15.86	0.00
0	0	0.00	0.47	73.91	15.22	0.00
0	4	0.00	0.45	70.54	20.22	0.00
1	1	0.01	0.39	72.70	17.31	0.00
1	5	0.01	0.50	69.65	21.13	0.00
2	2	0.00	0.46	71.85	18.08	0.00
2	6	0.01	0.44	73.23	17.41	0.00
3	3	0.01	0.65	79.42	10.20	0.00
3	7	0.01	2.04	66.32	7.20	0.00
Core	CPU	C1%	C3%	C6%	C8%	C9%
-	-	0.01	1.28	67.55	18.25	0.00
0	0	0.01	0.52	66.90	20.83	0.00
0	4	0.00	0.63	65.49	23.60	0.00
1	1	0.01	2.70	69.14	17.72	0.00
1	5	0.01	0.48	69.34	20.56	0.00
2	2	0.00	0.35	68.38	19.81	0.00
2	6	0.01	0.31	68.22	22.88	0.00
3	3	0.00	0.67	73.41	13.42	0.00
3	7	0.04	4.58	59.83	7.23	0.00
Core	CPU	C1%	C3%	C6%	C8%	C9%
-	-	0.01	0.70	71.26	16.83	0.00
0	0	0.01	0.57	74.53	14.44	0.00
0	4	0.01	0.70	70.88	19.57	0.00
1	1	0.00	0.46	74.13	15.78	0.00
1	5	0.01	0.37	72.54	18.34	0.00
2	2	0.00	0.41	68.99	20.94	0.00
2	6	0.00	0.41	67.89	22.93	0.00
3	3	0.01	0.71	77.68	12.09	0.00
3	7	0.01	1.97	63.16	10.43	0.00
Core	CPU	C1%	C3%	C6%	C8%	C9%
-	-	0.01	0.77	71.52	16.27	0.00
0	0	0.00	0.42	71.31	17.70	0.00
0	4	0.04	0.58	68.08	21.49	0.00
1	1	0.01	0.53	71.52	18.26	0.00
1	5	0.01	0.59	69.35	21.35	0.00
2	2	0.01	0.37	71.57	18.49	0.00
2	6	0.00	0.42	72.46	18.38	0.00
3	3	0.00	0.62	81.00	8.89	0.00
3	7	0.02	2.63	67.49	5.74	0.00
Core	CPU	C1%	C3%	C6%	C8%	C9%
-	-	0.01	0.73	71.46	16.53	0.00
0	0	0.01	0.43	68.60	20.44	0.00
0	4	0.00	0.63	69.69	20.63	0.00
1	1	0.01	0.69	71.12	18.43	0.00
1	5	0.01	0.62	69.87	20.82	0.00
2	2	0.00	0.35	72.88	17.18	0.00
2	6	0.00	0.36	72.33	18.56	0.00
3	3	0.00	0.61	80.47	9.35	0.00
3	7	0.02	2.15	66.75	6.84	0.00
Core	CPU	C1%	C3%	C6%	C8%	C9%
-	-	0.01	0.65	71.39	16.70	0.00
0	0	0.01	0.44	75.11	13.82	0.00
0	4	0.00	0.54	70.39	20.14	0.00
1	1	0.00	0.47	72.42	17.40	0.00
1	5	0.01	0.48	69.78	21.01	0.00
2	2	0.01	0.45	69.76	20.20	0.00
2	6	0.01	0.45	69.76	21.08	0.00
3	3	0.00	0.57	77.80	12.11	0.00
3	7	0.02	1.83	66.06	7.86	0.00
Core	CPU	C1%	C3%	C6%	C8%	C9%
-	-	0.01	1.03	69.53	16.53	0.00
0	0	0.00	0.44	71.86	15.07	0.00
0	4	0.00	0.56	68.82	21.03	0.00
1	1	0.00	1.84	71.99	14.56	0.00
1	5	0.01	0.43	69.06	19.70	0.00
2	2	0.01	0.40	68.21	19.85	0.00
2	6	0.01	0.41	68.14	20.59	0.00
3	3	0.00	0.65	75.41	12.00	0.00
3	7	0.00	3.53	62.28	9.29	0.00
Core	CPU	C1%	C3%	C6%	C8%	C9%
-	-	0.01	0.68	71.38	16.71	0.00
0	0	0.00	0.48	74.52	14.42	0.00
0	4	0.00	0.63	69.81	20.75	0.00
1	1	0.00	0.38	73.49	16.47	0.00
1	5	0.01	0.40	70.48	20.36	0.00
2	2	0.01	0.47	69.51	20.48	0.00
2	6	0.00	0.49	69.90	20.86	0.00
3	3	0.01	0.66	78.65	11.17	0.00
3	7	0.01	1.94	64.52	9.16	0.00
Core	CPU	C1%	C3%	C6%	C8%	C9%
-	-	0.01	0.82	71.46	16.42	0.00
0	0	0.01	0.49	72.85	16.30	0.00
0	4	0.00	1.10	69.47	20.12	0.00
1	1	0.00	0.43	76.35	13.28	0.00
1	5	0.01	0.34	73.01	17.84	0.00
2	2	0.00	0.43	67.46	22.46	0.00
2	6	0.00	0.36	68.22	22.68	0.00
3	3	0.00	0.58	79.72	10.25	0.00
3	7	0.02	2.82	64.62	8.40	0.00
Core	CPU	C1%	C3%	C6%	C8%	C9%
-	-	0.01	0.69	71.82	16.16	0.00
0	0	0.01	0.53	74.21	14.71	0.00
0	4	0.00	0.59	69.23	21.33	0.00
1	1	0.00	0.54	74.69	15.02	0.00
1	5	0.01	0.52	71.44	19.29	0.00
2	2	0.01	0.34	70.31	19.71	0.00
2	6	0.00	0.31	69.72	21.12	0.00
3	3	0.01	0.64	79.90	9.92	0.00
3	7	0.01	2.03	65.44	8.26	0.00
Core	CPU	C1%	C3%	C6%	C8%	C9%
-	-	0.01	0.72	71.94	16.15	0.00
0	0	0.01	0.62	71.65	17.37	0.00
0	4	0.00	0.66	67.61	22.86	0.00
1	1	0.00	0.51	73.59	16.10	0.00
1	5	0.00	0.57	71.28	19.34	0.00
2	2	0.00	0.35	71.79	18.28	0.00
2	6	0.01	0.34	71.35	19.53	0.00
3	3	0.01	0.56	81.22	8.70	0.00
3	7	0.01	2.18	66.67	6.89	0.00
Core	CPU	C1%	C3%	C6%	C8%	C9%
-	-	0.01	1.14	69.09	17.30	0.00
0	0	0.00	0.59	70.65	16.46	0.00
0	4	0.01	0.66	69.45	19.86	0.00
1	1	0.01	2.04	70.09	16.29	0.00
1	5	0.00	0.46	67.86	20.96	0.00
2	2	0.00	0.42	66.57	22.61	0.00
2	6	0.00	0.31	68.82	21.21	0.00
3	3	0.00	0.45	76.15	12.57	0.00
3	7	0.01	4.18	63.11	8.46	0.00
Core	CPU	C1%	C3%	C6%	C8%	C9%
-	-	0.01	0.75	71.83	15.93	0.00
0	0	0.01	0.52	72.43	16.60	0.00
0	4	0.01	0.84	73.46	16.48	0.00
1	1	0.00	0.58	72.24	17.37	0.00
1	5	0.00	0.46	71.81	18.86	0.00
2	2	0.00	0.39	69.43	20.47	0.00
2	6	0.00	0.40	70.37	20.39	0.00
3	3	0.01	0.61	79.17	10.54	0.00
3	7	0.01	2.19	66.40	6.84	0.00
Core	CPU	C1%	C3%	C6%	C8%	C9%
-	-	0.01	0.84	71.29	16.60	0.00
0	0	0.01	0.51	68.78	20.44	0.00
0	4	0.01	0.60	67.71	22.69	0.00
1	1	0.00	0.60	71.74	18.22	0.00
1	5	0.02	0.66	72.45	18.16	0.00
2	2	0.00	0.32	70.30	19.78	0.00
2	6	0.00	0.63	71.17	18.44	0.00
3	3	0.00	0.58	80.51	9.35	0.00
3	7	0.02	2.84	67.43	5.64	0.00
Core	CPU	C1%	C3%	C6%	C8%	C9%
-	-	0.01	0.73	71.75	16.18	0.00
0	0	0.01	0.61	70.04	18.92	0.00
0	4	0.01	0.67	67.44	23.00	0.00
1	1	0.00	0.51	72.82	16.99	0.00
1	5	0.01	0.61	72.98	17.57	0.00
2	2	0.00	0.40	70.84	19.12	0.00
2	6	0.01	0.32	71.93	18.94	0.00
3	3	0.00	0.57	81.68	8.07	0.00
3	7	0.02	2.10	66.49	6.92	0.00
Core	CPU	C1%	C3%	C6%	C8%	C9%
-	-	0.02	0.69	71.06	16.36	0.00
0	0	0.00	0.45	73.26	15.27	0.00
0	4	0.00	0.57	71.57	18.88	0.00
1	1	0.00	0.36	71.68	17.75	0.00
1	5	0.03	0.46	69.72	20.12	0.00
2	2	0.01	0.56	70.31	18.37	0.00
2	6	0.01	0.47	69.22	20.38	0.00
3	3	0.01	0.57	78.19	11.69	0.00
3	7	0.06	2.04	64.58	8.42	0.00
Core	CPU	C1%	C3%	C6%	C8%	C9%
-	-	0.01	1.14	69.29	16.96	0.00
0	0	0.01	0.40	72.11	15.53	0.00
0	4	0.00	0.37	69.23	19.67	0.00
1	1	0.02	2.75	68.66	17.88	0.00
1	5	0.01	0.53	68.20	20.66	0.00
2	2	0.01	0.42	69.12	19.71	0.00
2	6	0.00	0.44	67.68	21.60	0.00
3	3	0.00	0.63	75.51	12.18	0.00
3	7	0.01	3.61	63.30	8.27	0.00
Core	CPU	C1%	C3%	C6%	C8%	C9%
-	-	0.01	0.67	71.65	16.30	0.00
0	0	0.00	0.44	74.20	14.92	0.00
0	4	0.01	0.52	70.38	20.21	0.00
1	1	0.01	0.51	75.94	13.78	0.00
1	5	0.01	0.37	72.02	18.72	0.00
2	2	0.01	0.46	68.34	21.64	0.00
2	6	0.01	0.41	68.78	22.05	0.00
3	3	0.00	0.71	79.10	10.50	0.00
3	7	0.01	1.94	64.97	8.72	0.00
Core	CPU	C1%	C3%	C6%	C8%	C9%
-	-	0.08	0.83	70.78	17.06	0.00
0	0	0.00	0.57	72.21	16.72	0.00
0	4	0.00	0.50	70.10	20.52	0.00
1	1	0.00	0.45	70.59	19.34	0.00
1	5	0.01	0.48	69.60	21.21	0.00
2	2	0.01	0.43	70.55	19.48	0.00
2	6	0.01	1.09	69.67	20.29	0.00
3	3	0.01	0.62	78.91	10.88	0.00
3	7	0.60	2.47	64.54	8.00	0.00
Core	CPU	C1%	C3%	C6%	C8%	C9%
-	-	0.01	0.64	70.90	17.19	0.00
0	0	0.00	0.42	73.78	15.16	0.00
0	4	0.01	0.50	71.33	19.33	0.00
1	1	0.01	0.46	70.89	19.13	0.00
1	5	0.01	0.47	69.16	21.62	0.00
2	2	0.01	0.51	70.32	19.64	0.00
2	6	0.00	0.45	69.30	21.52	0.00
3	3	0.01	0.56	77.23	12.58	0.00
3	7	0.01	1.77	65.16	8.54	0.00
Core	CPU	C1%	C3%	C6%	C8%	C9%
-	-	0.08	0.68	70.77	17.17	0.00
0	0	0.00	0.42	74.09	14.91	0.00
0	4	0.00	0.59	71.62	18.97	0.00
1	1	0.00	0.40	71.69	18.20	0.00
1	5	0.01	0.43	69.51	21.30	0.00
2	2	0.01	0.51	70.19	19.75	0.00
2	6	0.01	0.49	69.20	21.53	0.00
3	3	0.01	0.59	76.68	13.18	0.00
3	7	0.57	1.98	63.15	9.55	0.00
Core	CPU	C1%	C3%	C6%	C8%	C9%
-	-	0.01	1.16	68.90	18.02	0.00
0	0	0.00	0.40	75.59	12.78	0.00
0	4	0.00	0.54	69.67	19.80	0.00
1	1	0.00	2.61	69.31	17.63	0.00
1	5	0.01	0.30	66.17	24.28	0.00
2	2	0.01	0.48	66.17	22.55	0.00
2	6	0.01	0.62	66.00	23.49	0.00
3	3	0.00	0.51	75.41	14.43	0.00
3	7	0.01	3.86	62.62	9.17	0.00
Core	CPU	C1%	C3%	C6%	C8%	C9%
-	-	0.00	0.66	71.56	16.51	0.00
0	0	0.01	0.50	75.75	13.29	0.00
0	4	0.01	0.67	72.79	17.76	0.00
1	1	0.00	0.41	72.56	17.41	0.00
1	5	0.00	0.29	70.20	20.63	0.00
2	2	0.01	0.50	69.33	20.51	0.00
2	6	0.00	0.48	69.45	21.25	0.00
3	3	0.01	0.57	78.27	11.64	0.00
3	7	0.01	1.88	64.10	9.63	0.00
Core	CPU	C1%	C3%	C6%	C8%	C9%
-	-	0.01	0.76	69.91	17.93	0.00
0	0	0.00	0.38	73.02	16.34	0.00
0	4	0.00	0.41	72.22	18.61	0.00
1	1	0.01	0.35	70.84	18.98	0.00
1	5	0.01	0.36	70.54	20.18	0.00
2	2	0.01	0.58	69.14	20.17	0.00
2	6	0.00	1.32	66.07	22.88	0.00
3	3	0.00	0.58	74.50	15.43	0.00
3	7	0.01	2.11	62.72	10.81	0.00
Core	CPU	C1%	C3%	C6%	C8%	C9%
-	-	0.01	0.68	69.77	17.68	0.00
0	0	0.00	0.47	72.72	16.67	0.00
0	4	0.01	0.66	71.70	18.81	0.00
1	1	0.00	0.40	71.23	18.61	0.00
1	5	0.00	0.39	68.97	21.85	0.00
2	2	0.01	0.49	68.21	21.88	0.00
2	6	0.00	0.45	66.98	24.01	0.00
3	3	0.01	0.61	77.38	11.83	0.00
3	7	0.03	1.97	61.18	7.86	0.00
Core	CPU	C1%	C3%	C6%	C8%	C9%
-	-	0.01	0.67	71.63	16.51	0.00
0	0	0.00	0.44	73.38	15.86	0.00
0	4	0.00	0.61	71.83	18.73	0.00
1	1	0.00	0.38	73.87	16.16	0.00
1	5	0.00	0.41	72.63	18.10	0.00
2	2	0.01	0.53	69.24	20.48	0.00
2	6	0.00	0.40	67.51	23.34	0.00
3	3	0.01	0.59	78.89	10.93	0.00
3	7	0.02	2.01	65.29	8.39	0.00
Core	CPU	C1%	C3%	C6%	C8%	C9%
-	-	0.00	0.88	69.35	16.22	0.00
0	0	0.01	0.41	69.15	17.96	0.00
0	4	0.00	0.34	67.15	21.54	0.00
1	1	0.00	0.76	72.23	14.17	0.00
1	5	0.01	0.49	68.76	20.01	0.00
2	2	0.00	0.38	68.27	19.06	0.00
2	6	0.00	0.49	67.99	20.07	0.00
3	3	0.00	0.65	77.27	9.65	0.00
3	7	0.01	3.55	64.11	7.33	0.00
Core	CPU	C1%	C3%	C6%	C8%	C9%
-	-	0.01	0.65	70.40	17.59	0.00
0	0	0.00	0.34	74.27	14.71	0.00
0	4	0.00	0.50	71.24	19.47	0.00
1	1	0.01	0.51	70.36	19.54	0.00
1	5	0.01	0.41	67.14	23.67	0.00
2	2	0.01	0.50	70.30	19.69	0.00
2	6	0.01	0.61	69.98	20.75	0.00
3	3	0.00	0.60	76.59	13.28	0.00
3	7	0.02	1.77	63.94	9.76	0.00
Core	CPU	C1%	C3%	C6%	C8%	C9%
-	-	0.00	0.86	71.05	16.69	0.01
0	0	0.01	0.56	69.09	19.33	0.00
0	4	0.00	0.65	68.22	22.00	0.00
1	1	0.00	0.43	74.86	14.98	0.00
1	5	0.01	0.52	69.82	20.68	0.00
2	2	0.00	0.46	70.35	19.63	0.00
2	6	0.00	0.95	69.46	20.20	0.00
3	3	0.00	0.71	79.53	9.95	0.00
3	7	0.01	2.57	66.58	6.59	0.12
Core	CPU	C1%	C3%	C6%	C8%	C9%
-	-	0.01	0.72	71.55	16.38	0.00
0	0	0.01	0.46	70.95	18.19	0.00
0	4	0.01	0.79	69.11	21.20	0.00
1	1	0.00	0.47	76.07	13.67	0.00
1	5	0.01	0.47	70.76	19.95	0.00
2	2	0.00	0.42	69.74	20.23	0.00
2	6	0.00	0.44	69.47	21.35	0.00
3	3	0.01	0.70	80.42	9.29	0.00
3	7	0.01	2.04	66.37	7.27	0.00
Core	CPU	C1%	C3%	C6%	C8%	C9%
-	-	0.01	0.67	70.68	17.36	0.00
0	0	0.00	0.45	73.89	14.92	0.00
0	4	0.00	0.59	70.81	19.59	0.00
1	1	0.00	0.52	70.24	19.73	0.00
1	5	0.01	0.50	68.05	22.71	0.00
2	2	0.01	0.49	70.53	19.37	0.00
2	6	0.00	0.45	69.74	21.06	0.00
3	3	0.00	0.55	77.18	12.79	0.00
3	7	0.01	1.83	65.01	8.76	0.00
Core	CPU	C1%	C3%	C6%	C8%	C9%
-	-	0.01	0.97	70.17	15.73	0.00
0	0	0.01	0.53	72.33	14.73	0.00
0	4	0.00	0.74	67.13	21.29	0.00
1	1	0.00	2.23	70.35	16.18	0.00
1	5	0.01	0.61	69.31	19.17	0.00
2	2	0.00	0.38	70.30	17.86	0.00
2	6	0.00	0.38	69.31	18.97	0.00
3	3	0.00	0.56	77.50	10.53	0.00
3	7	0.02	2.31	64.64	7.03	0.00
Core	CPU	C1%	C3%	C6%	C8%	C9%
-	-	0.01	0.69	71.25	16.68	0.00
0	0	0.00	0.52	71.57	17.54	0.00
0	4	0.00	0.54	72.80	17.50	0.00
1	1	0.01	0.53	70.49	19.14	0.00
1	5	0.01	0.52	70.58	20.10	0.00
2	2	0.01	0.38	71.46	18.61	0.00
2	6	0.00	0.46	70.27	20.52	0.00
3	3	0.00	0.58	77.64	12.28	0.00
3	7	0.02	2.01	65.69	7.88	0.00
Core	CPU	C1%	C3%	C6%	C8%	C9%
-	-	0.01	0.73	70.42	17.57	0.00
0	0	0.00	0.40	73.33	15.85	0.00
0	4	0.00	0.92	71.35	18.17	0.00
1	1	0.01	0.38	70.96	19.18	0.00
1	5	0.01	0.48	70.34	20.43	0.00
2	2	0.01	0.46	68.43	21.59	0.00
2	6	0.01	0.50	67.89	22.98	0.00
3	3	0.01	0.58	77.50	12.44	0.00
3	7	0.01	2.16	63.52	9.91	0.00
Core	CPU	C1%	C3%	C6%	C8%	C9%
-	-	0.01	0.70	71.93	16.11	0.00
0	0	0.00	0.42	72.30	16.81	0.00
0	4	0.00	0.70	70.62	19.66	0.00
1	1	0.00	0.55	72.75	17.05	0.00
1	5	0.01	0.54	70.04	20.66	0.00
2	2	0.01	0.41	71.11	18.86	0.00
2	6	0.00	0.40	70.27	20.62	0.00
3	3	0.00	0.56	81.48	8.45	0.00
3	7	0.01	2.00	66.89	6.81	0.00
Core	CPU	C1%	C3%	C6%	C8%	C9%
-	-	0.01	0.67	72.55	15.54	0.00
0	0	0.01	0.52	72.46	16.57	0.00
0	4	0.01	0.49	69.26	21.38	0.00
1	1	0.01	0.48	75.79	14.05	0.00
1	5	0.01	0.54	72.41	18.27	0.00
2	2	0.00	0.42	71.38	18.61	0.00
2	6	0.01	0.37	71.67	19.22	0.00
3	3	0.01	0.53	80.76	9.17	0.00
3	7	0.00	2.02	66.64	7.04	0.00
Core	CPU	C1%	C3%	C6%	C8%	C9%
-	-	0.01	1.24	69.84	16.71	0.00
0	0	0.01	0.55	69.86	17.53	0.00
0	4	0.01	0.70	67.43	21.28	0.00
1	1	0.01	2.20	73.18	13.51	0.00
1	5	0.00	0.44	70.14	19.25	0.00
2	2	0.00	0.35	66.89	22.14	0.00
2	6	0.00	0.39	68.22	21.93	0.00
3	3	0.01	0.67	79.30	9.95	0.00
3	7	0.01	4.61	63.11	7.95	0.00
Core	CPU	C1%	C3%	C6%	C8%	C9%
-	-	0.01	0.65	71.65	16.35	0.00
0	0	0.01	0.41	72.66	16.59	0.00
0	4	0.00	0.58	69.85	20.73	0.00
1	1	0.00	0.42	74.03	15.78	0.00
1	5	0.01	0.45	71.31	19.41	0.00
2	2	0.00	0.41	71.23	18.70	0.00
2	6	0.00	0.43	70.81	20.04	0.00
3	3	0.00	0.65	78.30	11.49	0.00
3	7	0.01	1.85	65.60	8.19	0.00
Core	CPU	C1%	C3%	C6%	C8%	C9%
-	-	0.01	0.82	71.46	16.48	0.00
0	0	0.01	0.52	72.69	16.41	0.00
0	4	0.00	0.53	70.94	19.72	0.00
1	1	0.00	0.45	73.20	16.65	0.00
1	5	0.01	0.49	69.82	20.94	0.00
2	2	0.01	0.46	72.64	17.37	0.00
2	6	0.01	1.20	70.78	19.20	0.00
3	3	0.00	0.59	77.61	12.31	0.00
3	7	0.01	2.33	64.03	9.26	0.00
Core	CPU	C1%	C3%	C6%	C8%	C9%
-	-	0.00	0.60	71.09	17.06	0.00
0	0	0.00	0.46	75.29	13.88	0.00
0	4	0.00	0.43	71.99	18.81	0.00
1	1	0.01	0.22	75.81	14.19	0.00
1	5	0.00	0.22	70.69	20.20	0.00
2	2	0.01	0.57	67.64	22.25	0.00
2	6	0.00	0.59	67.57	23.17	0.00
3	3	0.01	0.65	75.60	14.20	0.00
3	7	0.01	1.67	64.10	9.76	0.00
Core	CPU	C1%	C3%	C6%	C8%	C9%
-	-	0.01	0.70	71.25	16.82	0.00
0	0	0.01	0.43	73.83	15.20	0.00
0	4	0.01	0.55	71.38	19.25	0.00
1	1	0.01	0.49	73.89	15.93	0.00
1	5	0.01	0.50	69.49	21.24	0.00
2	2	0.01	0.50	69.27	20.74	0.00
2	6	0.00	0.48	69.50	21.34	0.00
3	3	0.00	0.54	77.60	12.29	0.00
3	7	0.01	2.07	65.01	8.59	0.00
Core	CPU	C1%	C3%	C6%	C8%	C9%
-	-	0.01	1.10	69.43	16.36	0.00
0	0	0.00	0.46	69.21	17.74	0.00
0	4	0.00	0.49	67.89	20.28	0.00
1	1	0.00	2.47	69.75	16.83	0.00
1	5	0.01	0.58	66.88	21.19	0.00
2	2	0.00	0.32	69.13	18.56	0.00
2	6	0.00	0.37	69.58	19.25	0.00
3	3	0.00	0.51	77.73	10.11	0.00
3	7	0.01	3.59	64.64	6.80	0.00
Core	CPU	C1%	C3%	C6%	C8%	C9%
-	-	0.01	0.69	71.80	16.13	0.00
0	0	0.01	0.47	75.22	13.76	0.00
0	4	0.01	0.63	68.93	21.61	0.00
1	1	0.00	0.52	73.95	15.89	0.00
1	5	0.01	0.59	71.53	19.04	0.00
2	2	0.00	0.50	70.29	19.65	0.00
2	6	0.00	0.34	70.38	20.53	0.00
3	3	0.00	0.52	79.38	10.46	0.00
3	7	0.02	1.99	65.39	8.29	0.00
Core	CPU	C1%	C3%	C6%	C8%	C9%
-	-	0.01	0.82	71.96	15.91	0.00
0	0	0.01	0.46	72.18	16.78	0.00
0	4	0.00	0.57	69.28	21.26	0.00
1	1	0.00	0.50	73.03	16.85	0.00
1	5	0.02	0.53	71.46	19.16	0.00
2	2	0.01	0.34	70.75	19.35	0.00
2	6	0.00	0.39	70.86	20.07	0.00
3	3	0.00	1.28	80.60	7.87	0.00
3	7	0.02	2.49	67.47	5.90	0.00
Core	CPU	C1%	C3%	C6%	C8%	C9%
-	-	0.01	0.69	70.76	17.26	0.00
0	0	0.00	0.43	70.13	19.03	0.00
0	4	0.00	0.65	70.33	19.96	0.00
1	1	0.00	0.48	70.50	19.36	0.00
1	5	0.01	0.57	68.93	21.66	0.00
2	2	0.00	0.40	69.21	20.81	0.00
2	6	0.00	0.43	69.41	21.43	0.00
3	3	0.00	0.59	80.98	8.75	0.00
3	7	0.02	2.02	66.57	7.12	0.00
Core	CPU	C1%	C3%	C6%	C8%	C9%
-	-	0.01	0.67	71.39	16.68	0.00
0	0	0.00	0.40	71.23	17.95	0.00
0	4	0.00	0.45	70.39	20.24	0.00
1	1	0.00	0.61	71.54	18.24	0.00
1	5	0.01	0.52	69.11	21.53	0.00
2	2	0.01	0.42	71.71	18.23	0.00
2	6	0.01	0.46	71.07	19.77	0.00
3	3	0.00	0.59	79.13	10.62	0.00
3	7	0.02	1.89	66.92	6.86	0.00
Core	CPU	C1%	C3%	C6%	C8%	C9%
-	-	0.01	1.07	67.65	17.48	0.00
0	0	0.00	0.48	68.99	18.35	0.00
0	4	0.01	0.45	65.42	22.69	0.00
1	1	0.00	2.38	71.73	14.55	0.00
1	5	0.01	0.48	68.22	19.80	0.00
2	2	0.01	0.51	65.54	21.44	0.00
2	6	0.00	0.34	65.90	23.18	0.00
3	3	0.01	0.54	74.91	12.76	0.00
3	7	0.03	3.39	59.96	6.91	0.00
Core	CPU	C1%	C3%	C6%	C8%	C9%
-	-	0.00	0.69	71.61	16.41	0.00
0	0	0.01	0.55	72.04	16.97	0.00
0	4	0.00	0.62	70.11	20.37	0.00
1	1	0.00	0.50	73.05	16.81	0.00
1	5	0.01	0.49	69.88	20.83	0.00
2	2	0.00	0.36	70.35	19.71	0.00
2	6	0.00	0.37	71.39	19.48	0.00
3	3	0.01	0.57	80.90	8.97	0.00
3	7	0.01	2.04	65.50	8.19	0.00
Core	CPU	C1%	C3%	C6%	C8%	C9%
-	-	0.00	0.81	70.31	17.51	0.00
0	0	0.00	0.47	74.59	14.58	0.00
0	4	0.00	0.67	72.97	17.47	0.00
1	1	0.00	0.40	71.92	18.04	0.00
1	5	0.00	0.43	70.17	20.66	0.00
2	2	0.01	0.57	65.53	23.82	0.00
2	6	0.00	1.14	67.37	22.35	0.00
3	3	0.01	0.55	76.75	13.24	0.00
3	7	0.01	2.24	63.45	10.02	0.00
Core	CPU	C1%	C3%	C6%	C8%	C9%
-	-	0.01	0.68	71.18	16.89	0.00
0	0	0.00	0.57	75.28	13.61	0.00
0	4	0.00	0.60	71.21	19.41	0.00
1	1	0.00	0.33	72.30	17.77	0.00
1	5	0.01	0.44	69.87	20.88	0.00
2	2	0.01	0.54	69.52	20.38	0.00
2	6	0.00	0.48	68.29	22.48	0.00
3	3	0.01	0.68	78.76	11.04	0.00
3	7	0.01	1.85	64.24	9.53	0.00
Core	CPU	C1%	C3%	C6%	C8%	C9%
-	-	0.01	0.68	71.48	16.60	0.00
0	0	0.00	0.48	74.02	15.04	0.00
0	4	0.00	0.53	72.37	18.10	0.00
1	1	0.00	0.39	70.72	19.35	0.00
1	5	0.00	0.46	70.41	20.41	0.00
2	2	0.01	0.48	69.74	20.21	0.00
2	6	0.00	0.45	68.15	22.68	0.00
3	3	0.00	0.64	80.71	9.12	0.00
3	7	0.02	2.01	65.69	7.88	0.00
Core	CPU	C1%	C3%	C6%	C8%	C9%
-	-	0.01	1.10	68.58	17.32	0.00
0	0	0.01	0.41	74.07	13.05	0.00
0	4	0.00	0.72	72.59	15.45	0.00
1	1	0.00	2.17	69.08	17.90	0.00
1	5	0.01	0.37	68.57	19.76	0.00
2	2	0.01	0.51	65.42	22.46	0.00
2	6	0.00	0.66	65.57	23.06	0.00
3	3	0.01	0.54	72.33	15.66	0.00
3	7	0.01	3.42	60.50	11.06	0.00
Core	CPU	C1%	C3%	C6%	C8%	C9%
-	-	0.01	0.71	72.40	15.51	0.00
0	0	0.00	0.49	73.55	15.41	0.00
0	4	0.01	0.76	69.36	21.05	0.00
1	1	0.00	0.40	74.15	15.75	0.00
1	5	0.01	0.47	72.21	18.57	0.00
2	2	0.00	0.46	70.36	19.36	0.00
2	6	0.00	0.35	70.70	20.16	0.00
3	3	0.01	0.62	81.72	8.03	0.00
3	7	0.01	2.12	67.73	5.89	0.00
Core	CPU	C1%	C3%	C6%	C8%	C9%
-	-	0.01	0.75	71.84	16.28	0.00
0	0	0.01	0.29	76.01	13.17	0.00
0	4	0.00	0.53	71.55	19.11	0.00
1	1	0.00	0.52	72.95	16.92	0.00
1	5	0.00	0.39	70.14	20.73	0.00
2	2	0.01	0.49	70.00	20.05	0.00
2	6	0.01	1.19	71.04	18.91	0.00
3	3	0.00	0.51	76.68	13.33	0.00
3	7	0.02	2.10	65.71	7.83	0.00
Core	CPU	C1%	C3%	C6%	C8%	C9%
-	-	0.01	0.62	70.91	17.08	0.00
0	0	0.00	0.30	75.12	14.08	0.00
0	4	0.00	0.54	74.05	16.38	0.00
1	1	0.00	0.54	73.01	16.66	0.00
1	5	0.01	0.35	68.56	22.18	0.00
2	2	0.01	0.48	69.18	20.66	0.00
2	6	0.00	0.55	69.81	20.89	0.00
3	3	0.00	0.50	74.54	15.43	0.00
3	7	0.02	1.71	63.51	10.46	0.00
Core	CPU	C1%	C3%	C6%	C8%	C9%
-	-	0.00	0.66	72.08	15.94	0.00
0	0	0.01	0.44	74.19	14.88	0.00
0	4	0.00	0.77	75.61	14.50	0.00
1	1	0.01	0.42	72.92	16.93	0.00
1	5	0.01	0.43	70.57	20.01	0.00
2	2	0.01	0.47	69.30	20.66	0.00
2	6	0.00	0.43	69.76	21.04	0.00
3	3	0.00	0.54	78.08	11.91	0.00
3	7	0.01	1.75	66.32	7.60	0.00
Core	CPU	C1%	C3%	C6%	C8%	C9%
-	-	0.01	0.95	69.17	16.80	0.00
0	0	0.00	0.45	70.45	16.94	0.00
0	4	0.00	0.66	73.32	14.88	0.00
1	1	0.02	1.17	68.05	18.40	0.00
1	5	0.01	0.49	66.43	22.24	0.00
2	2	0.00	0.54	68.87	19.06	0.00
2	6	0.00	0.53	68.37	20.40	0.00
3	3	0.00	0.48	74.57	13.25	0.00
3	7	0.01	3.25	62.62	9.07	0.00
Core	CPU	C1%	C3%	C6%	C8%	C9%
-	-	0.01	0.65	71.49	16.48	0.00
0	0	0.00	0.31	73.50	15.50	0.00
0	4	0.00	0.54	71.91	18.67	0.00
1	1	0.01	0.56	71.45	18.33	0.00
1	5	0.02	0.45	70.55	20.26	0.00
2	2	0.01	0.50	72.18	17.81	0.00
2	6	0.01	0.52	71.02	19.73	0.00
3	3	0.00	0.52	76.40	13.54	0.00
3	7	0.01	1.78	65.60	8.19	0.00
Core	CPU	C1%	C3%	C6%	C8%	C9%
-	-	0.00	0.67	71.27	16.74	0.00
0	0	0.00	0.38	76.53	12.55	0.00
0	4	0.00	0.56	72.21	18.45	0.00
1	1	0.01	0.39	74.46	15.47	0.00
1	5	0.01	0.36	70.07	20.82	0.00
2	2	0.01	0.56	68.68	21.25	0.00
2	6	0.00	0.56	68.73	21.98	0.00
3	3	0.00	0.54	76.17	13.84	0.00
3	7	0.01	1.97	63.29	9.57	0.00
Core	CPU	C1%	C3%	C6%	C8%	C9%
-	-	0.01	0.68	70.87	16.97	0.00
0	0	0.00	0.35	74.66	14.33	0.00
0	4	0.00	0.74	70.84	19.61	0.00
1	1	0.03	0.48	70.50	17.93	0.00
1	5	0.01	0.52	69.01	21.73	0.00
2	2	0.01	0.51	68.01	21.60	0.00
2	6	0.00	0.46	69.34	21.46	0.00
3	3	0.00	0.42	78.96	11.01	0.00
3	7	0.01	1.97	65.64	8.07	0.00
Core	CPU	C1%	C3%	C6%	C8%	C9%
-	-	0.00	0.66	70.79	17.29	0.00
0	0	0.00	0.52	74.07	14.91	0.00
0	4	0.00	0.52	69.83	20.81	0.00
1	1	0.00	0.46	70.30	19.71	0.00
1	5	0.01	0.28	70.16	20.78	0.00
2	2	0.01	0.46	72.52	17.25	0.00
2	6	0.00	0.58	69.31	21.31	0.00
3	3	0.00	0.58	76.91	13.04	0.00
3	7	0.01	1.86	63.26	10.49	0.00
Core	CPU	C1%	C3%	C6%	C8%	C9%
-	-	0.01	1.17	70.21	16.34	0.00
0	0	0.00	0.51	71.75	17.10	0.00
0	4	0.00	0.72	68.33	20.60	0.00
1	1	0.01	2.05	72.20	14.32	0.00
1	5	0.01	0.43	69.78	19.87	0.00
2	2	0.01	0.52	69.26	19.40	0.00
2	6	0.01	0.36	68.58	20.57	0.00
3	3	0.00	0.54	76.46	11.67	0.00
3	7	0.02	4.20	64.72	7.02	0.00
Core	CPU	C1%	C3%	C6%	C8%	C9%
-	-	0.01	0.69	72.07	15.86	0.00
0	0	0.00	0.39	74.51	14.45	0.00
0	4	0.00	0.50	69.95	20.65	0.00
1	1	0.01	0.48	72.90	16.95	0.00
1	5	0.01	0.57	70.82	19.87	0.00
2	2	0.01	0.43	71.45	18.50	0.00
2	6	0.01	0.47	71.08	19.65	0.00
3	3	0.00	0.65	79.85	9.98	0.00
3	7	0.01	2.03	66.61	7.01	0.00
Core	CPU	C1%	C3%	C6%	C8%	C9%
-	-	0.01	0.85	71.33	16.51	0.00
0	0	0.01	0.44	68.96	20.22	0.00
0	4	0.00	0.67	68.35	22.15	0.00
1	1	0.01	1.29	70.90	18.26	0.00
1	5	0.01	0.59	70.83	19.80	0.00
2	2	0.01	0.38	73.20	16.37	0.00
2	6	0.01	0.36	71.78	19.13	0.00
3	3	0.00	0.52	80.78	8.74	0.00
3	7	0.02	2.55	65.90	7.40	0.00
Core	CPU	C1%	C3%	C6%	C8%	C9%
-	-	0.03	0.69	71.62	16.40	0.00
0	0	0.00	0.46	70.98	18.11	0.00
0	4	0.00	0.74	73.02	17.06	0.00
1	1	0.00	0.52	70.09	19.76	0.00
1	5	0.01	0.52	70.62	20.10	0.00
2	2	0.00	0.36	71.91	18.14	0.00
2	6	0.01	0.42	71.41	19.45	0.00
3	3	0.00	0.54	80.06	9.90	0.00
3	7	0.21	1.97	64.87	8.65	0.00
Core	CPU	C1%	C3%	C6%	C8%	C9%
-	-	0.02	0.71	71.67	16.36	0.00
0	0	0.00	0.59	73.01	15.90	0.00
0	4	0.00	0.73	71.77	18.53	0.00
1	1	0.00	0.44	72.26	17.76	0.00
1	5	0.01	0.46	71.19	19.65	0.00
2	2	0.01	0.48	70.11	19.84	0.00
2	6	0.01	0.38	69.99	20.87	0.00
3	3	0.01	0.59	79.16	10.76	0.00
3	7	0.11	2.02	65.84	7.56	0.00
Core	CPU	C1%	C3%	C6%	C8%	C9%
-	-	0.00	0.90	68.65	17.32	0.00
0	0	0.00	0.43	74.78	12.29	0.00
0	4	0.00	0.58	71.45	17.40	0.00
1	1	0.01	1.12	69.47	17.32	0.02
1	5	0.00	0.26	68.64	19.65	0.00
2	2	0.00	0.61	66.00	21.24	0.00
2	6	0.01	0.50	64.70	24.54	0.00
3	3	0.00	0.55	73.09	14.86	0.00
3	7	0.01	3.12	60.49	11.15	0.00
Core	CPU	C1%	C3%	C6%	C8%	C9%
-	-	0.01	0.71	71.91	15.99	0.00
0	0	0.01	0.49	73.13	15.84	0.00
0	4	0.01	0.61	67.87	22.65	0.00
1	1	0.01	0.58	73.73	15.77	0.00
1	5	0.02	0.68	71.57	19.04	0.00
2	2	0.00	0.32	70.90	19.15	0.00
2	6	0.00	0.43	71.99	18.79	0.00
3	3	0.00	0.54	80.38	9.45	0.00
3	7	0.02	2.09	66.32	7.42	0.00
Core	CPU	C1%	C3%	C6%	C8%	C9%
-	-	0.01	0.90	71.19	16.33	0.00
0	0	0.01	0.57	74.20	14.70	0.00
0	4	0.01	0.61	69.87	19.85	0.00
1	1	0.00	1.21	74.10	14.97	0.00
1	5	0.01	0.41	71.63	18.92	0.00
2	2	0.00	0.48	69.15	20.78	0.00
2	6	0.00	0.44	68.72	21.89	0.00
3	3	0.00	0.56	78.00	10.83	0.00
3	7	0.01	2.90	63.84	8.72	0.00
Core	CPU	C1%	C3%	C6%	C8%	C9%
-	-	0.02	0.66	70.57	17.01	0.00
0	0	0.01	0.43	74.86	14.44	0.00
0	4	0.01	0.62	69.73	20.87	0.00
1	1	0.00	0.41	73.18	17.02	0.00
1	5	0.01	0.31	69.94	20.71	0.00
2	2	0.01	0.47	69.55	20.50	0.00
2	6	0.00	0.57	68.77	22.00	0.00
3	3	0.01	0.51	77.03	12.29	0.00
3	7	0.12	1.99	61.17	8.19	0.00
Core	CPU	C1%	C3%	C6%	C8%	C9%
-	-	0.01	0.64	70.60	17.42	0.00
0	0	0.01	0.47	76.17	12.83	0.00
0	4	0.00	0.58	71.97	18.17	0.00
1	1	0.00	0.41	71.15	18.86	0.00
1	5	0.01	0.34	70.12	20.61	0.00
2	2	0.01	0.50	67.84	22.08	0.00
2	6	0.01	0.53	67.86	22.87	0.00
3	3	0.00	0.50	76.60	13.41	0.00
3	7	0.01	1.75	63.34	10.55	0.00
Core	CPU	C1%	C3%	C6%	C8%	C9%
-	-	0.00	1.02	68.41	17.34	0.00
0	0	0.01	0.44	71.50	15.04	0.00
0	4	0.01	0.52	70.52	17.94	0.00
1	1	0.00	2.35	68.99	17.11	0.00
1	5	0.00	0.31	68.58	20.23	0.00
2	2	0.01	0.52	67.20	20.63	0.00
2	6	0.00	0.45	65.74	22.79	0.00
3	3	0.00	0.53	73.44	14.03	0.00
3	7	0.01	3.06	61.01	10.85	0.00
Core	CPU	C1%	C3%	C6%	C8%	C9%
-	-	0.01	0.73	71.77	16.26	0.00
0	0	0.00	0.60	72.61	16.32	0.00
0	4	0.00	0.75	75.05	15.05	0.00
1	1	0.01	0.44	70.93	19.00	0.00
1	5	0.00	0.43	70.36	20.45	0.00
2	2	0.00	0.45	70.32	19.72	0.00
2	6	0.00	0.44	68.97	21.85	0.00
3	3	0.00	0.54	79.88	10.09	0.00
3	7	0.02	2.19	65.91	7.55	0.00
Core	CPU	C1%	C3%	C6%	C8%	C9%
-	-	0.01	0.87	71.13	16.65	0.05
0	0	0.01	0.48	71.53	17.60	0.00
0	4	0.00	0.84	72.73	17.26	0.00
1	1	0.00	0.96	70.66	18.39	0.41
1	5	0.01	0.46	69.88	20.60	0.00
2	2	0.00	0.49	71.44	18.60	0.00
2	6	0.01	0.49	70.39	20.49	0.00
3	3	0.01	0.58	77.66	12.17	0.00
3	7	0.01	2.67	65.01	8.14	0.00
Core	CPU	C1%	C3%	C6%	C8%	C9%
-	-	0.00	0.68	71.13	16.86	0.00
0	0	0.00	0.59	75.92	12.84	0.00
0	4	0.00	0.65	71.61	18.71	0.00
1	1	0.00	0.39	71.82	18.18	0.00
1	5	0.00	0.53	70.48	20.18	0.00
2	2	0.00	0.45	69.49	20.52	0.00
2	6	0.01	0.34	68.01	22.87	0.00
3	3	0.00	0.56	77.19	12.74	0.00
3	7	0.01	1.93	64.83	8.90	0.00
Core	CPU	C1%	C3%	C6%	C8%	C9%
-	-	0.00	0.73	71.87	16.16	0.00
0	0	0.01	0.60	74.76	14.13	0.00
0	4	0.00	0.65	69.55	21.01	0.00
1	1	0.00	0.41	75.95	13.88	0.00
1	5	0.00	0.53	71.65	19.06	0.00
2	2	0.00	0.42	68.71	21.25	0.00
2	6	0.00	0.45	70.09	20.67	0.00
3	3	0.00	0.60	78.39	11.46	0.00
3	7	0.02	2.16	65.45	7.74	0.00
Core	CPU	C1%	C3%	C6%	C8%	C9%
-	-	0.01	1.01	69.71	15.86	0.00
0	0	0.01	0.51	70.36	16.61	0.00
0	4	0.00	0.65	66.91	21.18	0.00
1	1	0.02	1.38	73.62	12.65	0.00
1	5	0.01	0.55	69.30	18.83	0.00
2	2	0.01	0.36	68.33	19.16	0.00
2	6	0.00	0.38	68.59	20.23	0.00
3	3	0.00	0.58	77.27	10.51	0.00
3	7	0.02	3.66	63.45	7.79	0.00
Core	CPU	C1%	C3%	C6%	C8%	C9%
-	-	0.01	0.75	71.57	15.90	0.00
0	0	0.00	0.61	71.37	17.41	0.00
0	4	0.00	0.79	68.39	21.90	0.00
1	1	0.00	0.48	76.07	13.05	0.00
1	5	0.05	0.56	72.77	17.39	0.00
2	2	0.00	0.53	69.38	19.72	0.00
2	6	0.00	0.27	70.22	20.31	0.00
3	3	0.00	0.64	79.48	9.83	0.00
3	7	0.02	2.14	65.22	7.71	0.00
Core	CPU	C1%	C3%	C6%	C8%	C9%
-	-	0.01	0.85	71.39	16.52	0.00
0	0	0.01	1.21	71.09	17.16	0.00
0	4	0.00	0.64	68.45	22.11	0.00
1	1	0.01	0.46	75.02	14.76	0.00
1	5	0.01	0.50	70.81	19.89	0.00
2	2	0.01	0.44	71.02	19.05	0.00
2	6	0.00	0.39	70.51	20.39	0.00
3	3	0.00	0.62	79.29	10.48	0.00
3	7	0.02	2.55	64.84	8.30	0.00
Core	CPU	C1%	C3%	C6%	C8%	C9%
-	-	0.01	0.67	72.22	15.95	0.00
0	0	0.01	0.48	72.85	16.26	0.00
0	4	0.00	0.63	70.38	20.20	0.00
1	1	0.01	0.42	76.60	13.25	0.00
1	5	0.02	0.42	71.39	19.24	0.00
2	2	0.01	0.42	70.16	19.90	0.00
2	6	0.00	0.43	69.76	21.10	0.00
3	3	0.00	0.58	79.77	10.01	0.00
3	7	0.02	1.95	66.20	7.48	0.00
Core	CPU	C1%	C3%	C6%	C8%	C9%
-	-	0.01	0.68	71.09	16.87	0.00
0	0	0.00	0.44	74.61	14.38	0.00
0	4	0.00	0.59	72.39	18.09	0.00
1	1	0.00	0.34	71.99	18.06	0.00
1	5	0.01	0.39	71.04	19.66	0.00
2	2	0.01	0.52	68.04	21.88	0.00
2	6	0.01	0.52	67.05	23.65	0.00
3	3	0.00	0.67	79.01	10.64	0.00
3	7	0.02	2.00	64.98	8.68	0.00
Core	CPU	C1%	C3%	C6%	C8%	C9%
-	-	0.01	1.00	69.36	16.51	0.00
0	0	0.00	0.41	75.77	10.96	0.00
0	4	0.00	0.58	70.13	18.41	0.00
1	1	0.01	1.88	70.65	16.03	0.00
1	5	0.01	0.40	67.72	21.02	0.00
2	2	0.01	0.51	66.64	21.36	0.00
2	6	0.00	0.48	65.11	23.74	0.00
3	3	0.00	0.56	75.50	11.94	0.00
3	7	0.01	3.21	62.96	8.51	0.00
Core	CPU	C1%	C3%	C6%	C8%	C9%
-	-	0.01	0.69	71.23	16.71	0.00
0	0	0.01	0.39	71.55	17.59	0.00
0	4	0.00	0.61	68.90	21.54	0.00
1	1	0.00	0.52	73.88	15.92	0.00
1	5	0.01	0.57	70.41	20.13	0.00
2	2	0.01	0.37	69.85	20.25	0.00
2	6	0.01	0.46	69.91	20.88	0.00
3	3	0.00	0.52	79.05	10.81	0.00
3	7	0.01	2.09	66.93	6.70	0.00
Core	CPU	C1%	C3%	C6%	C8%	C9%
-	-	0.01	0.79	71.26	16.72	0.00
0	0	0.00	0.38	74.61	14.58	0.00
0	4	0.00	0.54	70.50	20.09	0.00
1	1	0.00	1.18	73.40	15.54	0.00
1	5	0.01	0.44	69.87	20.97	0.00
2	2	0.01	0.49	69.43	20.65	0.00
2	6	0.01	0.47	69.38	21.46	0.00
3	3	0.01	0.54	78.13	11.77	0.00
3	7	0.02	2.31	64.64	8.72	0.00
Core	CPU	C1%	C3%	C6%	C8%	C9%
-	-	0.01	0.59	71.10	16.99	0.00
0	0	0.00	0.41	76.80	11.81	0.00
0	4	0.00	0.52	74.00	16.21	0.00
1	1	0.01	0.39	73.17	16.69	0.00
1	5	0.01	0.25	67.86	23.02	0.00
2	2	0.01	0.60	69.01	20.95	0.00
2	6	0.01	0.55	68.12	22.54	0.00
3	3	0.00	0.51	76.27	13.69	0.00
3	7	0.01	1.47	63.12	10.94	0.00
Core	CPU	C1%	C3%	C6%	C8%	C9%
-	-	0.01	0.66	71.48	16.40	0.00
0	0	0.00	0.46	75.67	13.21	0.00
0	4	0.00	0.53	71.11	19.26	0.00
1	1	0.01	0.38	73.91	16.11	0.00
1	5	0.01	0.51	71.59	19.11	0.00
2	2	0.01	0.41	69.25	20.38	0.00
2	6	0.00	0.46	69.92	20.45	0.00
3	3	0.00	0.61	76.86	12.87	0.00
3	7	0.01	1.94	63.87	9.87	0.00
Core	CPU	C1%	C3%	C6%	C8%	C9%
-	-	0.00	1.14	69.58	16.91	0.00
0	0	0.00	0.43	73.07	14.69	0.00
0	4	0.00	0.62	68.37	20.60	0.00
1	1	0.01	1.99	69.74	16.58	0.00
1	5	0.01	0.37	67.44	22.25	0.00
2	2	0.00	0.44	67.58	21.56	0.00
2	6	0.00	0.52	67.63	21.81	0.00
3	3	0.00	0.63	78.08	10.74	0.00
3	7	0.01	4.12	64.61	6.99	0.00
Core	CPU	C1%	C3%	C6%	C8%	C9%
-	-	0.01	0.65	70.36	17.67	0.00
0	0	0.00	0.45	75.65	13.30	0.00
0	4	0.00	0.59	71.53	19.05	0.00
1	1	0.00	0.40	73.29	16.64	0.00
1	5	0.00	0.36	69.74	21.07	0.00
2	2	0.01	0.55	67.87	22.10	0.00
2	6	0.00	0.48	68.81	21.93	0.00
3	3	0.01	0.50	74.72	15.16	0.00
3	7	0.01	1.89	61.51	12.20	0.00
Core	CPU	C1%	C3%	C6%	C8%	C9%
-	-	0.01	0.87	70.72	16.97	0.00
0	0	0.01	0.47	71.91	16.79	0.00
0	4	0.00	0.59	68.42	21.50	0.00
1	1	0.00	0.50	71.88	17.89	0.00
1	5	0.01	0.47	70.33	19.89	0.00
2	2	0.01	1.10	69.37	19.64	0.00
2	6	0.00	0.49	69.03	21.56	0.00
3	3	0.01	0.67	79.29	10.48	0.00
3	7	0.01	2.64	65.29	7.93	0.00
Core	CPU	C1%	C3%	C6%	C8%	C9%
-	-	0.00	0.69	72.03	15.95	0.00
0	0	0.00	0.51	73.60	15.53	0.00
0	4	0.00	0.56	70.86	19.82	0.00
1	1	0.00	0.41	76.98	12.75	0.00
1	5	0.00	0.33	71.69	19.04	0.00
2	2	0.00	0.49	71.22	18.74	0.00
2	6	0.00	0.48	69.72	21.06	0.00
3	3	0.00	0.60	78.22	11.57	0.00
3	7	0.01	2.10	64.22	9.16	0.00
Core	CPU	C1%	C3%	C6%	C8%	C9%
-	-	0.03	0.66	71.48	16.56	0.00
0	0	0.00	0.36	73.44	15.63	0.00
0	4	0.00	0.57	69.95	20.60	0.00
1	1	0.00	0.50	73.43	16.35	0.00
1	5	0.01	0.47	70.27	20.47	0.00
2	2	0.01	0.42	71.87	18.18	0.00
2	6	0.00	0.46	71.15	19.67	0.00
3	3	0.00	0.60	77.15	12.65	0.00
3	7	0.20	1.93	64.60	8.91	0.00
Core	CPU	C1%	C3%	C6%	C8%	C9%
-	-	0.01	1.28	67.43	18.88	0.00
0	0	0.00	0.49	66.37	22.22	0.00
0	4	0.00	0.63	65.73	24.83	0.00
1	1	0.00	2.63	69.31	17.10	0.00
1	5	0.00	0.58	66.13	23.07	0.00
2	2	0.00	0.33	67.29	22.51	0.00
2	6	0.00	0.35	65.73	23.79	0.00
3	3	0.01	0.52	77.47	11.19	0.00
3	7	0.04	4.73	60.80	6.12	0.00
Core	CPU	C1%	C3%	C6%	C8%	C9%
-	-	0.03	0.73	71.20	16.68	0.00
0	0	0.01	0.60	72.13	16.71	0.00
0	4	0.00	0.67	68.22	22.21	0.00
1	1	0.00	0.52	71.53	18.27	0.00
1	5	0.00	0.52	69.36	21.29	0.00
2	2	0.01	0.35	70.15	19.89	0.00
2	6	0.00	0.45	70.75	20.01	0.00
3	3	0.00	0.56	80.88	8.98	0.00
3	7	0.21	2.15	67.03	6.21	0.00
Core	CPU	C1%	C3%	C6%	C8%	C9%
-	-	0.01	0.85	71.72	16.24	0.00
0	0	0.01	0.46	71.23	17.95	0.00
0	4	0.00	0.69	70.02	20.36	0.00
1	1	0.00	0.46	73.54	16.43	0.00
1	5	0.01	0.58	70.78	19.73	0.00
2	2	0.01	0.42	69.98	20.09	0.00
2	6	0.00	0.37	70.73	20.18	0.00
3	3	0.01	1.26	80.28	8.49	0.00
3	7	0.02	2.50	66.73	6.55	0.00
Core	CPU	C1%	C3%	C6%	C8%	C9%
-	-	0.01	0.67	71.44	16.55	0.00
0	0	0.01	0.46	72.65	16.47	0.00
0	4	0.00	0.59	69.48	21.07	0.00
1	1	0.00	0.50	76.07	13.54	0.00
1	5	0.01	0.45	71.47	19.20	0.00
2	2	0.01	0.39	69.24	20.76	0.00
2	6	0.01	0.38	69.59	21.24	0.00
3	3	0.00	0.62	78.36	11.45	0.00
3	7	0.01	1.94	64.99	8.72	0.00
Core	CPU	C1%	C3%	C6%	C8%	C9%
-	-	0.01	0.67	71.78	16.26	0.00
0	0	0.00	0.53	74.92	14.08	0.00
0	4	0.01	0.67	70.55	19.93	0.00
1	1	0.00	0.41	73.73	16.12	0.00
1	5	0.01	0.47	70.53	20.22	0.00
2	2	0.00	0.43	69.15	20.87	0.00
2	6	0.01	0.36	69.67	21.18	0.00
3	3	0.00	0.55	80.19	9.75	0.00
3	7	0.02	1.93	65.78	7.98	0.00
Core	CPU	C1%	C3%	C6%	C8%	C9%
-	-	0.01	1.34	69.24	17.05	0.00
0	0	0.01	0.49	71.42	15.80	0.00
0	4	0.00	0.59	66.84	21.90	0.00
1	1	0.01	3.28	68.88	17.68	0.00
1	5	0.01	0.51	70.60	18.76	0.00
2	2	0.01	0.35	69.08	18.88	0.00
2	6	0.01	0.45	68.27	21.71	0.00
3	3	0.01	0.63	76.44	12.21	0.00
3	7	0.01	4.43	62.03	9.33	0.00
Core	CPU	C1%	C3%	C6%	C8%	C9%
-	-	0.01	0.72	71.52	16.41	0.00
0	0	0.01	0.48	71.25	17.85	0.00
0	4	0.00	0.63	69.69	20.62	0.00
1	1	0.00	0.61	71.52	18.11	0.00
1	5	0.01	0.53	69.86	20.83	0.00
2	2	0.00	0.36	72.08	17.97	0.00
2	6	0.00	0.46	70.47	20.30	0.00
3	3	0.00	0.59	81.47	8.44	0.00
3	7	0.02	2.12	66.28	7.30	0.00
Core	CPU	C1%	C3%	C6%	C8%	C9%
-	-	0.01	0.86	71.66	16.19	0.00
0	0	0.01	0.45	75.18	13.77	0.00
0	4	0.01	0.58	68.77	21.68	0.00
1	1	0.00	1.26	72.80	16.05	0.00
1	5	0.01	0.46	70.73	20.04	0.00
2	2	0.01	0.45	71.25	18.75	0.00
2	6	0.00	0.38	70.11	20.75	0.00
3	3	0.01	0.64	79.68	10.20	0.00
3	7	0.01	2.68	64.82	8.31	0.00
Core	CPU	C1%	C3%	C6%	C8%	C9%
-	-	0.01	0.66	71.19	17.01	0.00
0	0	0.00	0.48	73.70	15.44	0.00
0	4	0.00	0.64	72.59	17.78	0.00
1	1	0.00	0.34	73.61	16.42	0.00
1	5	0.00	0.36	72.77	18.09	0.00
2	2	0.01	0.52	68.61	21.32	0.00
2	6	0.00	0.41	67.44	23.41	0.00
3	3	0.01	0.62	77.60	12.29	0.00
3	7	0.01	1.88	62.53	11.15	0.00
Core	CPU	C1%	C3%	C6%	C8%	C9%
-	-	0.01	0.71	71.60	16.34	0.00
0	0	0.01	0.47	73.71	15.25	0.00
0	4	0.01	0.75	69.05	21.31	0.00
1	1	0.00	0.60	74.28	15.38	0.00
1	5	0.01	0.50	70.82	19.90	0.00
2	2	0.00	0.38	70.63	19.39	0.00
2	6	0.00	0.44	70.44	20.35	0.00
3	3	0.00	0.56	79.71	10.17	0.00
3	7	0.02	2.01	64.63	9.11	0.00
Core	CPU	C1%	C3%	C6%	C8%	C9%
-	-	0.01	1.06	69.23	16.58	0.00
0	0	0.01	0.41	71.62	15.32	0.00
0	4	0.00	0.58	67.56	20.48	0.00
1	1	0.01	2.34	72.33	14.11	0.00
1	5	0.01	0.56	69.90	18.74	0.00
2	2	0.01	0.46	68.19	19.42	0.00
2	6	0.00	0.42	68.07	20.70	0.00
3	3	0.01	0.58	73.40	14.38	0.00
3	7	0.02	3.14	62.32	9.34	0.00
Core	CPU	C1%	C3%	C6%	C8%	C9%
-	-	0.01	0.68	71.53	16.53	0.00
0	0	0.00	0.44	74.09	14.99	0.00
0	4	0.01	0.65	70.39	20.10	0.00
1	1	0.01	0.48	72.37	17.55	0.00
1	5	0.01	0.47	71.05	19.59	0.00
2	2	0.00	0.47	70.37	19.58	0.00
2	6	0.00	0.44	71.06	19.75	0.00
3	3	0.00	0.55	78.36	11.59	0.00
3	7	0.01	1.94	64.60	9.09	0.00
Core	CPU	C1%	C3%	C6%	C8%	C9%
-	-	0.01	0.85	72.42	15.44	0.00
0	0	0.01	1.05	75.07	13.22	0.00
0	4	0.00	0.80	69.77	20.57	0.00
1	1	0.01	0.51	75.11	14.76	0.00
1	5	0.01	0.43	72.88	17.74	0.00
2	2	0.01	0.37	70.48	19.44	0.00
2	6	0.00	0.44	70.48	20.32	0.00
3	3	0.00	0.57	80.04	9.93	0.00
3	7	0.01	2.62	65.52	7.52	0.00
Core	CPU	C1%	C3%	C6%	C8%	C9%
-	-	0.01	0.67	71.32	16.59	0.00
0	0	0.00	0.46	73.86	15.08	0.00
0	4	0.00	0.69	70.40	19.96	0.00
1	1	0.00	0.41	73.44	16.41	0.00
1	5	0.01	0.49	69.86	20.71	0.00
2	2	0.00	0.44	69.08	20.63	0.00
2	6	0.00	0.50	70.75	20.00	0.00
3	3	0.00	0.65	78.31	11.57	0.00
3	7	0.01	1.72	65.53	8.49	0.00
Core	CPU	C1%	C3%	C6%	C8%	C9%
-	-	0.01	0.69	72.14	15.88	0.00
0	0	0.01	0.50	73.63	15.35	0.00
0	4	0.00	0.69	69.72	20.69	0.00
1	1	0.01	0.51	73.48	16.42	0.00
1	5	0.01	0.49	72.24	18.37	0.00
2	2	0.00	0.38	70.80	19.19	0.00
2	6	0.01	0.40	70.86	19.92	0.00
3	3	0.00	0.59	80.80	9.04	0.00
3	7	0.01	2.01	65.62	8.07	0.00
Core	CPU	C1%	C3%	C6%	C8%	C9%
-	-	0.01	1.21	69.29	17.08	0.00
0	0	0.01	0.50	71.05	16.25	0.00
0	4	0.00	0.68	67.00	21.71	0.00
1	1	0.00	2.08	71.66	15.11	0.00
1	5	0.01	0.39	68.53	20.43	0.00
2	2	0.00	0.42	67.62	21.33	0.00
2	6	0.00	0.39	67.99	21.68	0.00
3	3	0.01	0.63	77.07	11.61	0.00
3	7	0.01	4.56	63.08	8.41	0.00
Core	CPU	C1%	C3%	C6%	C8%	C9%
-	-	0.01	0.69	71.71	16.38	0.00
0	0	0.00	0.55	74.99	13.98	0.00
0	4	0.00	0.64	69.22	21.31	0.00
1	1	0.01	0.35	73.80	16.20	0.00
1	5	0.01	0.42	72.38	18.43	0.00
2	2	0.01	0.39	67.85	22.17	0.00
2	6	0.01	0.43	70.11	20.64	0.00
3	3	0.01	0.75	80.41	9.31	0.00
3	7	0.01	2.01	64.68	8.89	0.00
Core	CPU	C1%	C3%	C6%	C8%	C9%
-	-	0.01	0.86	71.40	16.54	0.00
0	0	0.01	0.51	74.81	14.26	0.00
0	4	0.00	0.49	69.77	21.04	0.00
1	1	0.00	0.49	72.92	17.04	0.00
1	5	0.01	0.46	70.19	20.58	0.00
2	2	0.00	1.05	70.40	18.82	0.00
2	6	0.00	0.38	71.14	19.70	0.00
3	3	0.01	0.64	78.55	11.32	0.00
3	7	0.01	2.90	63.44	9.53	0.00
Core	CPU	C1%	C3%	C6%	C8%	C9%
-	-	0.01	0.69	71.31	16.64	0.00
0	0	0.00	0.45	72.61	16.49	0.00
0	4	0.00	0.68	73.45	16.72	0.00
1	1	0.00	0.52	70.68	19.03	0.00
1	5	0.01	0.43	70.45	20.33	0.00
2	2	0.01	0.46	70.07	19.86	0.00
2	6	0.01	0.46	68.69	22.08	0.00
3	3	0.00	0.64	78.88	10.94	0.00
3	7	0.01	1.87	65.97	7.78	0.00
Core	CPU	C1%	C3%	C6%	C8%	C9%
-	-	0.01	0.68	71.65	16.47	0.00
0	0	0.00	0.40	73.39	15.76	0.00
0	4	0.00	0.56	71.81	18.49	0.00
1	1	0.00	0.57	71.36	18.51	0.00
1	5	0.01	0.58	70.38	20.33	0.00
2	2	0.01	0.41	70.92	19.11	0.00
2	6	0.00	0.46	71.49	19.32	0.00
3	3	0.00	0.50	78.01	12.00	0.00
3	7	0.02	1.98	65.47	8.20	0.00
Core	CPU	C1%	C3%	C6%	C8%	C9%
-	-	0.03	0.92	68.93	17.14	0.00
0	0	0.00	0.44	70.03	17.30	0.00
0	4	0.00	1.34	70.12	19.43	0.00
1	1	0.01	0.41	72.65	15.13	0.00
1	5	0.00	0.42	68.39	19.81	0.00
2	2	0.01	0.50	68.22	19.75	0.00
2	6	0.01	0.44	67.34	21.38	0.00
3	3	0.01	0.55	74.89	13.51	0.00
3	7	0.21	3.23	60.48	11.00	0.00
Core	CPU	C1%	C3%	C6%	C8%	C9%
-	-	0.01	0.68	71.51	16.54	0.00
0	0	0.00	0.51	71.79	17.24	0.00
0	4	0.00	0.52	69.51	21.05	0.00
1	1	0.00	0.41	72.02	17.77	0.00
1	5	0.01	0.52	70.48	20.24	0.00
2	2	0.01	0.40	71.99	18.06	0.00
2	6	0.00	0.36	70.06	20.79	0.00
3	3	0.01	0.68	80.23	9.51	0.00
3	7	0.01	2.06	65.96	7.67	0.00
Core	CPU	C1%	C3%	C6%	C8%	C9%
-	-	0.01	0.86	71.03	16.72	0.00
0	0	0.01	0.56	70.88	18.18	0.00
0	4	0.00	0.58	70.31	20.09	0.00
1	1	0.00	0.48	69.41	20.24	0.00
1	5	0.00	0.58	70.35	20.45	0.00
2	2	0.00	0.35	70.62	19.40	0.00
2	6	0.00	0.36	71.25	19.63	0.00
3	3	0.01	1.34	80.30	8.56	0.00
3	7	0.01	2.63	64.79	7.13	0.00
Core	CPU	C1%	C3%	C6%	C8%	C9%
-	-	0.01	0.69	70.74	16.80	0.00
0	0	0.01	0.38	75.44	13.68	0.00
0	4	0.00	0.55	69.23	20.95	0.00
1	1	0.00	0.56	71.14	18.33	0.00
1	5	0.02	0.49	68.98	21.79	0.00
2	2	0.01	0.40	70.61	19.69	0.00
2	6	0.00	0.46	69.15	21.82	0.00
3	3	0.01	0.56	78.85	10.57	0.00
3	7	0.02	2.13	62.46	7.58	0.00
Core	CPU	C1%	C3%	C6%	C8%	C9%
-	-	0.01	0.73	71.99	16.00	0.00
0	0	0.01	0.61	73.04	15.90	0.00
0	4	0.01	0.71	69.23	21.22	0.00
1	1	0.00	0.40	73.17	16.70	0.00
1	5	0.01	0.61	71.51	19.15	0.00
2	2	0.00	0.49	71.61	18.34	0.00
2	6	0.00	0.31	71.05	19.78	0.00
3	3	0.00	0.61	81.09	8.76	0.00
3	7	0.02	2.14	65.46	8.17	0.00
Core	CPU	C1%	C3%	C6%	C8%	C9%
-	-	0.01	1.31	69.68	17.08	0.00
0	0	0.01	0.36	72.93	15.89	0.00
0	4	0.00	3.37	68.43	18.77	0.00
1	1	0.00	0.44	71.97	15.95	0.00
1	5	0.01	0.52	68.92	20.71	0.00
2	2	0.01	0.45	68.88	20.05	0.00
2	6	0.00	0.50	68.38	21.11	0.00
3	3	0.00	0.61	74.98	14.84	0.00
3	7	0.01	4.23	62.40	9.20	0.00
Core	CPU	C1%	C3%	C6%	C8%	C9%
-	-	0.01	0.72	71.74	16.15	0.00
0	0	0.01	0.46	72.82	16.26	0.00
0	4	0.00	0.74	70.46	19.80	0.00
1	1	0.00	0.56	72.98	16.71	0.00
1	5	0.01	0.49	70.09	20.64	0.00
2	2	0.01	0.38	71.83	18.12	0.00
2	6	0.00	0.56	71.58	19.04	0.00
3	3	0.01	0.59	78.64	11.23	0.00
3	7	0.01	1.95	66.10	7.55	0.00
Core	CPU	C1%	C3%	C6%	C8%	C9%
-	-	0.01	0.80	71.59	16.33	0.00
0	0	0.00	0.36	71.29	17.82	0.00
0	4	0.00	0.54	69.21	21.32	0.00
1	1	0.01	0.53	72.88	16.90	0.00
1	5	0.02	0.61	67.97	22.68	0.00
2	2	0.00	0.45	73.64	16.30	0.00
2	6	0.01	0.47	71.99	18.81	0.00
3	3	0.01	1.15	79.30	9.76	0.00
3	7	0.03	2.27	66.41	7.05	0.00
Core	CPU	C1%	C3%	C6%	C8%	C9%
-	-	0.01	0.70	70.73	17.21	0.00
0	0	0.01	0.48	70.52	18.44	0.00
0	4	0.00	0.78	69.67	20.40	0.00
1	1	0.00	0.46	69.00	21.00	0.00
1	5	0.01	0.56	68.81	21.72	0.00
2	2	0.00	0.37	71.01	18.78	0.00
2	6	0.01	0.45	72.40	18.28	0.00
3	3	0.01	0.55	78.90	10.97	0.00
3	7	0.01	1.96	65.59	8.14	0.00
Core	CPU	C1%	C3%	C6%	C8%	C9%
-	-	0.01	0.74	72.24	15.71	0.00
0	0	0.01	0.40	69.41	19.69	0.00
0	4	0.00	0.75	67.62	22.67	0.00
1	1	0.00	0.61	70.85	19.06	0.00
1	5	0.02	0.77	72.44	17.77	0.00
2	2	0.00	0.23	71.51	18.35	0.00
2	6	0.00	0.30	73.11	17.77	0.00
3	3	0.00	0.69	83.58	6.06	0.00
3	7	0.03	2.17	69.36	4.31	0.00
Core	CPU	C1%	C3%	C6%	C8%	C9%
-	-	0.01	1.26	69.09	17.22	0.00
0	0	0.01	0.53	67.53	20.52	0.00
0	4	0.00	3.20	68.44	18.77	0.00
1	1	0.07	0.45	69.26	17.93	0.00
1	5	0.01	0.56	68.92	20.95	0.00
2	2	0.00	0.42	68.60	19.12	0.00
2	6	0.00	0.36	68.21	21.25	0.00
3	3	0.00	0.49	77.08	11.54	0.00
3	7	0.01	4.08	64.05	7.51	0.00
Core	CPU	C1%	C3%	C6%	C8%	C9%
-	-	0.01	0.66	71.36	16.58	0.00
0	0	0.00	0.43	75.03	14.07	0.00
0	4	0.00	0.60	73.61	16.67	0.00
1	1	0.00	0.39	71.22	18.77	0.00
1	5	0.01	0.46	69.61	21.17	0.00
2	2	0.00	0.45	70.92	18.96	0.00
2	6	0.00	0.47	71.31	19.44	0.00
3	3	0.01	0.50	75.85	14.09	0.00
3	7	0.01	2.00	64.02	9.64	0.00
Core	CPU	C1%	C3%	C6%	C8%	C9%
-	-	0.01	0.78	70.02	17.89	0.00
0	0	0.00	0.42	72.65	16.35	0.00
0	4	0.00	0.51	70.44	20.16	0.00
1	1	0.01	0.62	71.66	18.02	0.00
1	5	0.01	0.50	66.54	24.28	0.00
2	2	0.01	0.45	69.38	20.60	0.00
2	6	0.00	0.55	69.92	20.80	0.00
3	3	0.00	1.14	74.76	14.07	0.00
3	7	0.02	2.05	64.81	8.79	0.00
Core	CPU	C1%	C3%	C6%	C8%	C9%
-	-	0.01	0.71	70.73	17.30	0.00
0	0	0.01	0.59	73.65	15.17	0.00
0	4	0.00	0.71	68.09	22.40	0.00
1	1	0.00	0.48	73.07	16.84	0.00
1	5	0.01	0.54	71.60	19.07	0.00
2	2	0.00	0.25	67.28	22.79	0.00
2	6	0.01	0.37	67.93	22.87	0.00
3	3	0.01	0.66	79.38	10.44	0.00
3	7	0.01	2.09	64.85	8.81	0.00
Core	CPU	C1%	C3%	C6%	C8%	C9%
-	-	0.01	0.62	70.90	17.20	0.00
0	0	0.00	0.39	76.48	12.54	0.00
0	4	0.00	0.39	72.20	18.56	0.00
1	1	0.01	0.38	71.34	18.67	0.00
1	5	0.02	0.37	68.25	22.62	0.00
2	2	0.01	0.52	71.00	18.97	0.00
2	6	0.01	0.56	69.28	21.32	0.00
3	3	0.01	0.51	74.08	15.81	0.00
3	7	0.01	1.81	64.57	9.07	0.00
Core	CPU	C1%	C3%	C6%	C8%	C9%
-	-	0.00	1.48	69.24	17.71	0.02
0	0	0.00	0.63	71.21	17.57	0.00
0	4	0.00	3.94	66.99	19.99	0.12
1	1	0.00	0.38	68.69	20.24	0.00
1	5	0.00	0.46	69.84	20.11	0.00
2	2	0.00	0.36	66.98	22.40	0.00
2	6	0.00	0.32	67.45	23.55	0.00
3	3	0.00	0.62	78.43	10.40	0.00
3	7	0.01	5.15	63.76	7.24	0.00
Core	CPU	C1%	C3%	C6%	C8%	C9%
-	-	0.01	0.72	71.69	16.15	0.00
0	0	0.01	0.56	72.88	16.13	0.00
0	4	0.00	0.80	69.97	20.10	0.00
1	1	0.00	0.40	70.15	19.41	0.00
1	5	0.01	0.53	70.89	19.87	0.00
2	2	0.00	0.34	71.18	18.86	0.00
2	6	0.00	0.35	70.69	20.14	0.00
3	3	0.01	0.61	81.45	8.35	0.00
3	7	0.02	2.21	66.95	6.47	0.00
Core	CPU	C1%	C3%	C6%	C8%	C9%
-	-	0.00	0.83	70.76	17.07	0.00
0	0	0.00	0.47	74.69	14.27	0.00
0	4	0.01	1.61	71.19	18.46	0.00
1	1	0.00	0.33	75.98	13.95	0.00
1	5	0.00	0.33	70.23	20.44	0.00
2	2	0.01	0.58	65.83	23.88	0.00
2	6	0.00	0.46	66.17	24.34	0.00
3	3	0.00	0.59	77.95	11.89	0.00
3	7	0.01	2.30	64.00	9.35	0.00
Core	CPU	C1%	C3%	C6%	C8%	C9%
-	-	0.01	0.76	73.27	14.83	0.00
0	0	0.01	0.65	75.19	13.68	0.00
0	4	0.01	0.76	69.82	20.65	0.00
1	1	0.00	0.43	76.02	13.94	0.00
1	5	0.01	0.52	73.80	17.05	0.00
2	2	0.00	0.37	71.12	18.88	0.00
2	6	0.00	0.35	71.39	19.43	0.00
3	3	0.00	0.64	81.15	8.58	0.00
3	7	0.01	2.34	67.01	6.30	0.00
Core	CPU	C1%	C3%	C6%	C8%	C9%
-	-	0.01	0.70	72.00	15.93	0.00
0	0	0.00	0.52	71.27	17.80	0.00
0	4	0.00	0.71	68.48	21.95	0.00
1	1	0.00	0.47	74.45	15.33	0.00
1	5	0.01	0.54	71.28	19.43	0.00
2	2	0.00	0.37	72.84	17.11	0.00
2	6	0.00	0.38	72.32	18.42	0.00
3	3	0.00	0.60	80.58	9.22	0.00
3	7	0.01	2.03	65.30	8.34	0.00
Core	CPU	C1%	C3%	C6%	C8%	C9%
-	-	0.01	1.28	70.13	16.48	0.00
0	0	0.01	0.43	72.56	15.97	0.00
0	4	0.00	2.85	67.34	19.97	0.03
1	1	0.00	0.43	67.91	20.20	0.00
1	5	0.01	0.59	68.12	21.37	0.00
2	2	0.00	0.43	72.15	17.15	0.00
2	6	0.01	0.46	69.64	19.75	0.00
3	3	0.00	0.56	78.02	10.69	0.00
3	7	0.03	4.49	64.76	6.57	0.00
Core	CPU	C1%	C3%	C6%	C8%	C9%
-	-	0.00	0.68	71.74	16.18	0.00
0	0	0.00	0.56	74.03	15.11	0.00
0	4	0.00	0.65	71.94	18.60	0.00
1	1	0.00	0.23	76.33	13.44	0.00
1	5	0.00	0.34	72.32	18.54	0.00
2	2	0.01	0.58	69.10	20.69	0.00
2	6	0.00	0.40	69.68	21.05	0.00
3	3	0.01	0.70	78.01	11.72	0.00
3	7	0.00	2.02	63.12	10.43	0.00
Core	CPU	C1%	C3%	C6%	C8%	C9%
-	-	0.01	0.79	69.53	18.18	0.00
0	0	0.00	0.42	71.70	17.33	0.00
0	4	0.00	0.61	71.08	19.08	0.00
1	1	0.00	0.45	69.76	19.59	0.00
1	5	0.01	0.43	67.77	22.81	0.00
2	2	0.00	0.44	68.79	21.18	0.00
2	6	0.01	0.61	67.80	22.64	0.00
3	3	0.00	0.86	75.92	12.72	0.00
3	7	0.02	2.49	63.25	10.02	0.00
Core	CPU	C1%	C3%	C6%	C8%	C9%
-	-	0.00	0.74	72.08	15.99	0.00
0	0	0.00	0.56	71.78	17.23	0.00
0	4	0.00	0.67	70.28	20.10	0.00
1	1	0.01	0.47	71.46	18.28	0.00
1	5	0.01	0.64	71.38	19.35	0.00
2	2	0.00	0.36	71.80	18.28	0.00
2	6	0.00	0.39	71.03	19.77	0.00
3	3	0.00	0.62	81.32	8.47	0.00
3	7	0.02	2.21	67.14	6.33	0.00
Core	CPU	C1%	C3%	C6%	C8%	C9%
-	-	0.01	0.70	70.96	16.97	0.00
0	0	0.01	0.50	71.67	17.21	0.00
0	4	0.00	0.65	69.38	21.07	0.00
1	1	0.01	0.52	70.73	19.03	0.00
1	5	0.01	0.54	68.83	21.92	0.00
2	2	0.00	0.48	72.60	17.32	0.00
2	6	0.00	0.43	69.41	21.36	0.00
3	3	0.00	0.53	79.03	10.85	0.00
3	7	0.02	1.96	66.47	7.10	0.00
Core	CPU	C1%	C3%	C6%	C8%	C9%
-	-	0.01	1.03	67.52	17.71	0.00
0	0	0.00	0.48	72.01	15.35	0.00
0	4	0.00	2.34	68.53	18.91	0.00
1	1	0.00	0.45	71.12	16.99	0.00
1	5	0.01	0.37	65.85	22.79	0.00
2	2	0.01	0.47	65.27	22.10	0.00
2	6	0.01	0.38	63.75	25.43	0.00
3	3	0.01	0.47	74.10	12.68	0.00
3	7	0.01	3.26	59.71	7.49	0.00
Core	CPU	C1%	C3%	C6%	C8%	C9%
-	-	0.00	0.72	71.72	16.29	0.00
0	0	0.00	0.66	74.63	14.38	0.00
0	4	0.01	0.70	73.57	16.67	0.00
1	1	0.00	0.39	72.17	17.61	0.00
1	5	0.00	0.46	70.79	20.01	0.00
2	2	0.00	0.39	68.24	21.76	0.00
2	6	0.00	0.30	69.96	20.88	0.00
3	3	0.00	0.61	79.99	9.90	0.00
3	7	0.01	2.23	64.37	9.09	0.00
Core	CPU	C1%	C3%	C6%	C8%	C9%
-	-	0.01	0.78	71.35	16.50	0.05
0	0	0.01	0.42	69.18	19.48	0.00
0	4	0.00	0.65	71.73	18.52	0.00
1	1	0.01	0.46	68.95	20.42	0.00
1	5	0.01	0.56	69.94	19.90	0.41
2	2	0.00	0.38	72.57	17.46	0.00
2	6	0.01	0.55	71.68	19.06	0.00
3	3	0.00	0.55	79.86	10.13	0.00
3	7	0.01	2.68	66.33	6.87	0.00
Core	CPU	C1%	C3%	C6%	C8%	C9%
-	-	0.01	0.72	71.55	16.48	0.00
0	0	0.01	0.56	75.25	13.68	0.00
0	4	0.01	0.70	70.79	19.60	0.00
1	1	0.00	0.38	72.18	17.68	0.00
1	5	0.01	0.48	71.15	19.66	0.00
2	2	0.00	0.46	69.38	20.60	0.00
2	6	0.00	0.36	68.91	21.92	0.00
3	3	0.00	0.55	79.60	10.36	0.00
3	7	0.02	2.25	65.09	8.34	0.00
Core	CPU	C1%	C3%	C6%	C8%	C9%
-	-	0.01	0.63	70.97	17.02	0.00
0	0	0.00	0.37	74.23	14.77	0.00
0	4	0.00	0.56	69.86	20.74	0.00
1	1	0.00	0.37	72.70	17.26	0.00
1	5	0.01	0.35	69.92	20.84	0.00
2	2	0.01	0.47	69.83	20.07	0.00
2	6	0.01	0.48	69.91	20.79	0.00
3	3	0.01	0.66	78.50	11.39	0.00
3	7	0.01	1.78	63.35	10.47	0.00
Core	CPU	C1%	C3%	C6%	C8%	C9%
-	-	0.01	1.00	69.97	15.80	0.00
0	0	0.00	0.44	73.28	13.18	0.00
0	4	0.01	2.64	66.44	20.66	0.00
1	1	0.00	0.37	72.32	15.56	0.00
1	5	0.01	0.40	69.25	19.47	0.00
2	2	0.00	0.38	68.43	19.32	0.00
2	6	0.00	0.41	68.86	19.55	0.00
3	3	0.00	0.59	77.62	10.18	0.00
3	7	0.01	2.73	63.09	8.36	0.00
Core	CPU	C1%	C3%	C6%	C8%	C9%
-	-	0.01	0.68	71.81	16.25	0.00
0	0	0.01	0.56	72.73	16.32	0.00
0	4	0.00	0.69	70.64	19.85	0.00
1	1	0.01	0.39	74.11	15.75	0.00
1	5	0.01	0.49	71.20	19.48	0.00
2	2	0.01	0.43	70.10	19.90	0.00
2	6	0.00	0.35	71.32	19.42	0.00
3	3	0.00	0.53	79.56	10.42	0.00
3	7	0.01	2.02	64.79	8.87	0.00
Core	CPU	C1%	C3%	C6%	C8%	C9%
-	-	0.01	0.81	70.83	16.89	0.00
0	0	0.00	0.45	71.60	17.58	0.00
0	4	0.00	1.20	70.68	18.83	0.00
1	1	0.00	0.43	72.78	16.82	0.00
1	5	0.01	0.37	68.44	21.84	0.00
2	2	0.01	0.59	71.04	18.82	0.00
2	6	0.01	0.48	70.29	20.45	0.00
3	3	0.00	0.48	77.83	12.18	0.00
3	7	0.01	2.48	64.53	8.75	0.00
Core	CPU	C1%	C3%	C6%	C8%	C9%
-	-	0.01	0.71	71.79	16.35	0.00
0	0	0.01	0.51	71.85	17.19	0.00
0	4	0.00	0.62	68.06	22.53	0.00
1	1	0.00	0.46	71.10	18.75	0.00
1	5	0.01	0.46	71.12	19.69	0.00
2	2	0.00	0.32	73.54	16.37	0.00
2	6	0.00	0.60	71.66	18.97	0.00
3	3	0.01	0.67	80.38	9.47	0.00
3	7	0.01	2.07	65.92	7.67	0.00
Core	CPU	C1%	C3%	C6%	C8%	C9%
-	-	0.01	0.68	71.37	16.51	0.00
0	0	0.01	0.54	72.52	16.44	0.00
0	4	0.00	0.71	68.65	21.01	0.00
1	1	0.01	0.47	71.40	18.63	0.00
1	5	0.01	0.41	69.03	21.81	0.00
2	2	0.00	0.36	73.19	16.62	0.00
2	6	0.01	0.43	70.96	19.81	0.00
3	3	0.01	0.60	79.96	9.96	0.00
3	7	0.02	1.92	65.86	7.95	0.00
Core	CPU	C1%	C3%	C6%	C8%	C9%
-	-	0.01	1.26	69.46	17.07	0.00
0	0	0.00	0.45	70.32	17.71	0.00
0	4	0.00	2.77	66.86	20.33	0.00
1	1	0.01	0.52	72.18	17.42	0.00
1	5	0.01	0.54	67.58	21.93	0.00
2	2	0.01	0.35	69.32	19.78	0.00
2	6	0.00	0.42	67.77	21.28	0.00
3	3	0.00	0.55	77.58	10.49	0.00
3	7	0.01	4.49	63.87	7.60	0.00
Core	CPU	C1%	C3%	C6%	C8%	C9%
-	-	0.00	0.69	71.88	16.25	0.00
0	0	0.00	0.59	72.94	15.95	0.00
0	4	0.00	0.67	70.00	20.54	0.00
1	1	0.00	0.37	74.04	15.90	0.00
1	5	0.00	0.40	70.87	20.08	0.00
2	2	0.00	0.50	70.63	19.30	0.00
2	6	0.00	0.43	70.05	20.72	0.00
3	3	0.00	0.54	80.24	9.75	0.00
3	7	0.01	2.04	65.91	7.65	0.00
Core	CPU	C1%	C3%	C6%	C8%	C9%
-	-	0.00	0.82	70.68	17.12	0.00
0	0	0.01	0.49	73.94	15.05	0.00
0	4	0.00	0.64	71.31	19.14	0.00
1	1	0.00	0.48	71.02	18.73	0.00
1	5	0.00	0.44	70.32	20.52	0.00
2	2	0.00	0.30	69.96	20.13	0.00
2	6	0.00	0.45	68.84	21.91	0.00
3	3	0.00	1.31	77.21	11.87	0.00
3	7	0.01	2.47	63.39	9.74	0.00
Core	CPU	C1%	C3%	C6%	C8%	C9%
-	-	0.01	0.74	71.52	16.56	0.00
0	0	0.01	0.70	73.04	16.01	0.00
0	4	0.00	0.73	71.65	18.60	0.00
1	1	0.00	0.34	71.28	18.51	0.00
1	5	0.00	0.48	72.08	18.71	0.00
2	2	0.00	0.36	69.05	20.98	0.00
2	6	0.01	0.48	69.82	20.84	0.00
3	3	0.01	0.66	80.29	9.57	0.00
3	7	0.01	2.17	64.39	9.09	0.00
Core	CPU	C1%	C3%	C6%	C8%	C9%
-	-	0.01	0.72	72.49	15.42	0.00
0	0	0.01	0.47	70.37	18.69	0.00
0	4	0.01	0.77	73.87	16.20	0.00
1	1	0.00	0.50	71.71	17.85	0.00
1	5	0.01	0.55	71.71	18.99	0.00
2	2	0.00	0.44	71.52	18.45	0.00
2	6	0.00	0.36	71.57	19.23	0.00
3	3	0.00	0.57	81.61	8.29	0.00
3	7	0.01	2.09	67.96	5.73	0.00
Core	CPU	C1%	C3%	C6%	C8%	C9%
-	-	0.00	0.96	70.15	15.50	0.00
0	0	0.01	0.52	70.95	15.66	0.00
0	4	0.00	2.15	68.41	18.73	0.00
1	1	0.00	0.41	71.75	15.98	0.00
1	5	0.01	0.45	70.17	18.70	0.00
2	2	0.00	0.39	69.87	17.68	0.00
2	6	0.00	0.39	67.69	20.59	0.00
3	3	0.00	0.62	78.58	9.06	0.00
3	7	0.01	2.76	63.77	7.56	0.00
Core	CPU	C1%	C3%	C6%	C8%	C9%
-	-	0.00	0.70	71.52	16.62	0.00
0	0	0.01	0.50	76.05	12.80	0.00
0	4	0.00	0.70	70.30	20.22	0.00
1	1	0.00	0.40	72.11	17.95	0.00
1	5	0.01	0.46	71.03	19.82	0.00
2	2	0.00	0.45	69.11	20.91	0.00
2	6	0.00	0.34	68.68	22.20	0.00
3	3	0.00	0.53	78.70	11.27	0.00
3	7	0.01	2.21	65.81	7.70	0.00
Core	CPU	C1%	C3%	C6%	C8%	C9%
-	-	0.00	0.89	70.95	16.64	0.00
0	0	0.01	0.61	71.43	17.34	0.00
0	4	0.00	0.66	68.53	21.92	0.00
1	1	0.00	0.37	75.11	14.18	0.00
1	5	0.00	1.32	71.05	18.55	0.00
2	2	0.00	0.33	67.73	22.15	0.00
2	6	0.00	0.34	68.97	21.71	0.00
3	3	0.00	0.67	80.07	9.51	0.00
3	7	0.01	2.81	65.09	7.86	0.00
Core	CPU	C1%	C3%	C6%	C8%	C9%
-	-	0.01	0.73	72.16	15.80	0.00
0	0	0.00	0.53	71.24	17.77	0.00
0	4	0.01	0.74	70.27	20.03	0.00
1	1	0.00	0.54	73.58	16.12	0.00
1	5	0.01	0.67	72.69	17.92	0.00
2	2	0.00	0.35	71.15	18.84	0.00
2	6	0.00	0.38	70.39	20.42	0.00
3	3	0.00	0.58	81.89	8.00	0.00
3	7	0.01	2.04	66.32	7.39	0.00
Core	CPU	C1%	C3%	C6%	C8%	C9%
-	-	0.01	0.70	71.40	16.74	0.00
0	0	0.00	0.56	72.96	16.08	0.00
0	4	0.00	0.71	70.61	19.86	0.00
1	1	0.00	0.39	71.47	18.35	0.00
1	5	0.01	0.46	71.39	19.44	0.00
2	2	0.01	0.50	69.18	20.73	0.00
2	6	0.01	0.31	69.80	21.07	0.00
3	3	0.00	0.52	80.19	9.79	0.00
3	7	0.01	2.11	65.02	8.44	0.00
Core	CPU	C1%	C3%	C6%	C8%	C9%
-	-	0.01	1.14	69.90	16.36	0.00
0	0	0.00	0.41	71.01	17.21	0.00
0	4	0.01	2.66	68.53	18.75	0.00
1	1	0.00	0.45	71.82	16.33	0.00
1	5	0.01	0.43	69.09	20.37	0.00
2	2	0.00	0.44	70.73	17.26	0.00
2	6	0.00	0.53	69.55	19.26	0.00
3	3	0.00	0.56	75.66	13.31	0.00
3	7	0.01	3.66	63.18	8.48	0.00
Core	CPU	C1%	C3%	C6%	C8%	C9%
-	-	0.01	0.69	71.30	16.69	0.00
0	0	0.01	0.46	71.01	18.10	0.00
0	4	0.00	0.75	70.83	19.48	0.00
1	1	0.00	0.44	74.82	14.93	0.00
1	5	0.01	0.45	72.30	18.45	0.00
2	2	0.01	0.45	69.99	19.93	0.00
2	6	0.00	0.43	69.85	20.85	0.00
3	3	0.00	0.69	78.57	11.27	0.00
3	7	0.01	1.84	63.23	10.58	0.00
Core	CPU	C1%	C3%	C6%	C8%	C9%
-	-	0.01	0.84	69.61	17.73	0.00
0	0	0.00	0.48	73.90	15.14	0.00
0	4	0.00	0.67	70.83	19.59	0.00
1	1	0.00	0.45	70.35	19.78	0.00
1	5	0.01	1.25	67.80	22.16	0.00
2	2	0.01	0.52	68.73	21.33	0.00
2	6	0.01	0.50	68.40	22.46	0.00
3	3	0.00	0.48	76.70	12.90	0.00
3	7	0.01	2.36	62.16	8.99	0.00
Core	CPU	C1%	C3%	C6%	C8%	C9%
-	-	0.01	0.73	71.01	17.07	0.00
0	0	0.01	0.60	70.00	19.00	0.00
0	4	0.00	0.71	68.01	22.42	0.00
1	1	0.00	0.49	71.38	18.36	0.00
1	5	0.01	0.63	68.76	21.94	0.00
2	2	0.01	0.35	70.74	19.44	0.00
2	6	0.00	0.32	70.56	20.42	0.00
3	3	0.00	0.59	80.93	8.59	0.00
3	7	0.02	2.16	65.42	5.75	0.00
Core	CPU	C1%	C3%	C6%	C8%	C9%
-	-	0.01	0.73	72.28	15.80	0.00
0	0	0.01	0.47	70.58	18.47	0.00
0	4	0.00	0.78	68.89	21.49	0.00
1	1	0.00	0.54	73.05	16.86	0.00
1	5	0.01	0.66	71.95	18.66	0.00
2	2	0.00	0.29	72.65	17.46	0.00
2	6	0.00	0.34	73.03	17.81	0.00
3	3	0.01	0.61	80.94	8.94	0.00
3	7	0.01	2.17	66.89	6.64	0.00
Core	CPU	C1%	C3%	C6%	C8%	C9%
-	-	0.01	1.10	70.01	15.83	0.00
0	0	0.01	0.56	71.62	16.37	0.00
0	4	0.01	2.35	67.63	19.53	0.00
1	1	0.00	0.36	74.15	13.76	0.00
1	5	0.01	0.36	70.04	18.36	0.00
2	2	0.00	0.44	68.98	18.38	0.00
2	6	0.00	0.47	67.39	21.28	0.00
3	3	0.01	0.59	77.34	10.55	0.00
3	7	0.02	3.70	63.01	8.40	0.00
Core	CPU	C1%	C3%	C6%	C8%	C9%
-	-	0.01	0.70	71.74	16.24	0.00
0	0	0.01	0.44	70.80	18.31	0.00
0	4	0.00	0.72	67.92	22.49	0.00
1	1	0.00	0.63	74.90	14.75	0.00
1	5	0.02	0.52	70.81	19.83	0.00
2	2	0.00	0.26	72.47	17.59	0.00
2	6	0.00	0.40	72.24	18.55	0.00
3	3	0.00	0.57	78.84	11.03	0.00
3	7	0.02	2.06	66.30	7.44	0.00
Core	CPU	C1%	C3%	C6%	C8%	C9%
-	-	0.00	0.81	71.61	16.29	0.00
0	0	0.00	0.62	73.71	15.33	0.00
0	4	0.00	1.43	69.44	20.26	0.00
1	1	0.00	0.31	76.15	13.90	0.00
1	5	0.00	0.33	71.16	19.74	0.00
2	2	0.00	0.46	71.62	18.24	0.00
2	6	0.00	0.45	67.57	22.93	0.00
3	3	0.00	0.63	78.99	10.91	0.00
3	7	0.01	2.28	64.36	9.08	0.00
Core	CPU	C1%	C3%	C6%	C8%	C9%
-	-	0.01	0.69	71.53	16.56	0.00
0	0	0.01	0.51	75.49	13.48	0.00
0	4	0.00	0.72	71.34	19.08	0.00
1	1	0.00	0.40	71.95	17.94	0.00
1	5	0.01	0.33	70.21	20.72	0.00
2	2	0.01	0.46	69.98	19.98	0.00
2	6	0.01	0.52	69.42	21.34	0.00
3	3	0.00	0.60	78.00	11.92	0.00
3	7	0.01	1.94	65.56	7.96	0.00
Core	CPU	C1%	C3%	C6%	C8%	C9%
-	-	0.01	0.70	71.78	16.20	0.00
0	0	0.00	0.65	72.53	16.39	0.00
0	4	0.00	0.67	70.71	19.78	0.00
1	1	0.00	0.39	75.13	14.72	0.00
1	5	0.01	0.37	73.15	17.67	0.00
2	2	0.01	0.52	69.97	19.92	0.00
2	6	0.00	0.44	69.98	20.71	0.00
3	3	0.01	0.63	79.02	10.85	0.00
3	7	0.01	1.95	64.02	9.64	0.00
Core	CPU	C1%	C3%	C6%	C8%	C9%
-	-	0.01	0.96	69.31	16.70	0.00
0	0	0.01	0.49	70.43	16.29	0.00
0	4	0.00	2.38	67.05	20.08	0.00
1	1	0.00	0.39	71.27	17.18	0.00
1	5	0.01	0.49	67.91	20.36	0.00
2	2	0.00	0.46	67.91	19.86	0.00
2	6	0.00	0.57	68.18	20.53	0.00
3	3	0.00	0.53	77.99	10.94	0.00
3	7	0.03	2.33	63.28	8.24	0.00
Core	CPU	C1%	C3%	C6%	C8%	C9%
-	-	0.01	0.67	71.15	16.85	0.00
0	0	0.01	0.39	73.71	15.27	0.00
0	4	0.00	0.71	68.10	22.32	0.00
1	1	0.00	0.46	74.09	15.82	0.00
1	5	0.01	0.43	70.08	20.67	0.00
2	2	0.01	0.37	69.50	20.55	0.00
2	6	0.00	0.54	69.60	21.10	0.00
3	3	0.01	0.64	79.23	10.66	0.00
3	7	0.02	1.80	65.37	8.49	0.00
Core	CPU	C1%	C3%	C6%	C8%	C9%
-	-	0.01	0.88	71.22	16.75	0.00
0	0	0.01	0.43	73.48	15.51	0.00
0	4	0.00	0.63	68.64	21.98	0.00
1	1	0.01	0.52	71.15	18.66	0.00
1	5	0.01	1.35	68.93	20.73	0.00
2	2	0.01	0.42	70.43	19.62	0.00
2	6	0.00	0.50	71.45	19.28	0.00
3	3	0.00	0.58	79.05	10.93	0.00
3	7	0.01	2.60	66.03	7.11	0.00
Core	CPU	C1%	C3%	C6%	C8%	C9%
-	-	0.01	0.77	72.61	15.33	0.00
0	0	0.01	0.68	70.78	18.20	0.00
0	4	0.00	0.76	71.30	18.90	0.00
1	1	0.00	0.52	72.94	16.99	0.00
1	5	0.01	0.67	74.96	15.51	0.00
2	2	0.00	0.27	70.34	19.78	0.00
2	6	0.00	0.27	71.39	19.50	0.00
3	3	0.01	0.61	81.44	8.40	0.00
3	7	0.02	2.37	67.71	5.33	0.00
Core	CPU	C1%	C3%	C6%	C8%	C9%
-	-	0.00	0.66	71.28	16.68	0.00
0	0	0.00	0.48	71.70	17.30	0.00
0	4	0.00	0.60	71.19	19.21	0.00
1	1	0.01	0.36	73.18	16.78	0.00
1	5	0.01	0.47	71.89	18.75	0.00
2	2	0.01	0.47	70.25	19.71	0.00
2	6	0.01	0.47	69.74	20.98	0.00
3	3	0.01	0.57	78.67	11.29	0.00
3	7	0.00	1.89	64.16	9.59	0.00
Core	CPU	C1%	C3%	C6%	C8%	C9%
-	-	0.03	1.15	69.47	15.98	0.00
0	0	0.01	0.57	69.27	16.78	0.00
0	4	0.01	2.80	68.72	18.40	0.00
1	1	0.01	0.33	72.94	14.73	0.00
1	5	0.05	0.47	70.07	17.78	0.00
2	2	0.00	0.39	67.71	20.33	0.00
2	6	0.01	0.43	68.01	19.52	0.00
3	3	0.00	0.55	75.71	12.18	0.00
3	7	0.18	3.62	62.89	8.04	0.00
Core	CPU	C1%	C3%	C6%	C8%	C9%
-	-	0.01	0.71	70.81	17.23	0.00
0	0	0.00	0.48	69.56	19.58	0.00
0	4	0.00	0.67	70.85	19.50	0.00
1	1	0.00	0.40	70.59	19.30	0.00
1	5	0.01	0.54	70.63	19.92	0.00
2	2	0.00	0.44	70.34	19.68	0.00
2	6	0.00	0.52	71.01	19.71	0.00
3	3	0.01	0.55	79.22	10.65	0.00
3	7	0.02	2.04	64.14	9.49	0.00
Core	CPU	C1%	C3%	C6%	C8%	C9%
-	-	0.01	0.85	70.64	17.18	0.00
0	0	0.00	0.45	73.67	15.46	0.00
0	4	0.00	1.55	72.43	17.13	0.00
1	1	0.00	0.31	72.56	17.31	0.00
1	5	0.01	0.35	69.67	21.17	0.00
2	2	0.01	0.51	69.08	20.90	0.00
2	6	0.00	0.53	69.03	21.72	0.00
3	3	0.01	0.59	77.30	12.61	0.00
3	7	0.01	2.53	62.04	11.26	0.00
Core	CPU	C1%	C3%	C6%	C8%	C9%
-	-	0.01	0.69	71.25	16.80	0.00
0	0	0.01	0.54	77.87	10.93	0.00
0	4	0.00	0.57	70.77	19.78	0.00
1	1	0.00	0.38	72.72	17.29	0.00
1	5	0.00	0.47	68.73	22.02	0.00
2	2	0.01	0.49	69.74	20.28	0.00
2	6	0.00	0.46	69.43	21.34	0.00
3	3	0.01	0.54	77.54	12.36	0.00
3	7	0.01	2.04	63.21	10.43	0.00
Core	CPU	C1%	C3%	C6%	C8%	C9%
-	-	0.01	0.67	71.86	16.22	0.00
0	0	0.00	0.42	71.80	17.28	0.00
0	4	0.01	0.66	69.76	20.79	0.00
1	1	0.00	0.44	74.79	15.01	0.00
1	5	0.01	0.49	70.40	20.27	0.00
2	2	0.01	0.47	71.48	18.49	0.00
2	6	0.01	0.36	71.13	19.75	0.00
3	3	0.01	0.49	79.84	10.10	0.00
3	7	0.01	2.00	65.64	8.08	0.00
Core	CPU	C1%	C3%	C6%	C8%	C9%
-	-	0.00	1.04	68.40	17.44	0.00
0	0	0.00	0.53	74.12	12.39	0.00
0	4	0.00	2.30	67.66	19.52	0.00
1	1	0.00	0.31	71.63	16.20	0.00
1	5	0.01	0.35	67.02	21.81	0.00
2	2	0.00	0.43	65.49	22.60	0.00
2	6	0.00	0.45	65.78	22.31	0.00
3	3	0.00	0.59	73.67	14.22	0.00
3	7	0.01	3.37	61.28	10.34	0.00
Core	CPU	C1%	C3%	C6%	C8%	C9%
-	-	0.01	0.70	72.35	15.70	0.00
0	0	0.01	0.44	74.77	14.20	0.00
0	4	0.00	0.76	68.66	21.71	0.00
1	1	0.00	0.52	73.71	16.06	0.00
1	5	0.02	0.55	70.28	20.27	0.00
2	2	0.00	0.33	71.65	18.45	0.00
2	6	0.00	0.43	71.80	19.06	0.00
3	3	0.00	0.62	81.10	8.77	0.00
3	7	0.02	1.96	66.72	7.08	0.00
Core	CPU	C1%	C3%	C6%	C8%	C9%
-	-	0.01	0.76	70.89	16.94	0.00
0	0	0.00	0.35	73.56	15.49	0.00
0	4	0.00	0.51	70.37	20.24	0.00
1	1	0.00	0.53	75.04	14.74	0.00
1	5	0.01	0.44	69.02	21.42	0.00
2	2	0.01	0.47	69.69	19.97	0.00
2	6	0.00	1.25	69.49	20.40	0.00
3	3	0.01	0.49	76.46	13.56	0.00
3	7	0.01	2.02	63.86	9.77	0.00
Core	CPU	C1%	C3%	C6%	C8%	C9%
-	-	0.01	0.68	71.92	16.10	0.00
0	0	0.01	0.43	74.49	14.52	0.00
0	4	0.00	0.62	69.47	20.99	0.00
1	1	0.00	0.47	73.52	16.40	0.00
1	5	0.01	0.44	69.52	21.23	0.00
2	2	0.00	0.40	72.22	17.72	0.00
2	6	0.00	0.50	72.26	18.43	0.00
3	3	0.00	0.52	77.96	11.95	0.00
3	7	0.01	2.09	66.07	7.61	0.00
Core	CPU	C1%	C3%	C6%	C8%	C9%
-	-	0.06	0.71	71.76	16.16	0.00
0	0	0.01	0.40	72.85	16.14	0.00
0	4	0.00	0.68	69.41	20.99	0.00
1	1	0.00	0.56	71.90	18.00	0.00
1	5	0.01	0.66	69.40	21.09	0.00
2	2	0.00	0.32	70.71	19.37	0.00
2	6	0.00	0.52	71.34	19.28	0.00
3	3	0.00	0.60	81.04	8.78	0.00
3	7	0.42	1.97	67.62	5.68	0.00
Core	CPU	C1%	C3%	C6%	C8%	C9%
-	-	0.01	1.16	67.29	17.99	0.00
0	0	0.00	0.49	65.74	21.36	0.00
0	4	0.00	2.62	65.76	20.83	0.00
1	1	0.01	0.54	67.45	21.22	0.00
1	5	0.01	0.59	65.06	23.38	0.00
2	2	0.00	0.36	69.04	18.85	0.00
2	6	0.00	0.44	67.45	22.20	0.00
3	3	0.00	0.57	76.74	10.16	0.00
3	7	0.04	3.67	61.00	5.88	0.00
Core	CPU	C1%	C3%	C6%	C8%	C9%
-	-	0.03	0.74	71.65	16.05	0.00
0	0	0.01	0.57	73.35	15.50	0.00
0	4	0.00	0.80	69.15	21.27	0.00
1	1	0.02	0.42	70.57	17.66	0.00
1	5	0.01	0.47	72.45	18.28	0.00
2	2	0.00	0.36	71.10	18.43	0.00
2	6	0.00	0.33	70.93	19.93	0.00
3	3	0.00	0.64	80.45	9.44	0.00
3	7	0.21	2.32	65.21	7.92	0.00
Core	CPU	C1%	C3%	C6%	C8%	C9%
-	-	0.00	0.91	71.50	16.52	0.00
0	0	0.01	0.56	75.56	13.39	0.00
0	4	0.00	1.61	70.27	19.42	0.00
1	1	0.00	0.38	71.76	18.38	0.00
1	5	0.01	0.44	70.28	20.55	0.00
2	2	0.00	0.47	69.19	20.80	0.00
2	6	0.00	0.45	69.97	20.80	0.00
3	3	0.00	0.63	80.11	9.86	0.00
3	7	0.01	2.75	64.27	8.81	0.00
Core	CPU	C1%	C3%	C6%	C8%	C9%
-	-	0.01	0.72	71.33	16.60	0.00
0	0	0.00	0.42	73.34	15.69	0.00
0	4	0.00	0.57	69.92	20.69	0.00
1	1	0.01	0.51	72.38	17.48	0.00
1	5	0.01	0.67	69.47	21.09	0.00
2	2	0.01	0.42	71.32	18.62	0.00
2	6	0.00	0.52	70.99	19.72	0.00
3	3	0.00	0.57	78.69	11.24	0.00
3	7	0.02	2.07	65.17	8.45	0.00
Core	CPU	C1%	C3%	C6%	C8%	C9%
-	-	0.00	0.63	70.11	17.98	0.00
0	0	0.00	0.43	76.48	12.57	0.00
0	4	0.00	0.52	72.00	18.70	0.00
1	1	0.00	0.40	72.02	17.90	0.00
1	5	0.01	0.31	68.33	22.33	0.00
2	2	0.01	0.55	69.69	20.22	0.00
2	6	0.00	0.63	67.16	23.51	0.00
3	3	0.00	0.54	73.37	16.66	0.00
3	7	0.01	1.69	61.86	11.98	0.00
Core	CPU	C1%	C3%	C6%	C8%	C9%
-	-	0.01	0.93	69.20	16.55	0.00
0	0	0.00	0.58	73.25	13.11	0.00
0	4	0.01	2.37	70.77	16.13	0.00
1	1	0.00	0.29	70.26	17.55	0.00
1	5	0.01	0.38	68.44	20.24	0.00
2	2	0.00	0.47	69.21	18.71	0.00
2	6	0.00	0.48	67.08	21.18	0.00
3	3	0.00	0.53	74.28	13.90	0.00
3	7	0.02	2.30	60.15	11.52	0.00
Core	CPU	C1%	C3%	C6%	C8%	C9%
-	-	0.01	0.72	71.78	16.33	0.00
0	0	0.01	0.53	73.22	15.79	0.00
0	4	0.01	0.84	72.46	17.70	0.00
1	1	0.00	0.44	72.68	17.22	0.00
1	5	0.01	0.46	71.84	18.93	0.00
2	2	0.00	0.34	70.03	20.08	0.00
2	6	0.00	0.38	69.34	21.55	0.00
3	3	0.00	0.61	79.04	10.89	0.00
3	7	0.01	2.16	65.18	8.34	0.00
Core	CPU	C1%	C3%	C6%	C8%	C9%
-	-	0.01	0.89	71.34	16.56	0.00
0	0	0.00	0.43	74.79	14.28	0.00
0	4	0.00	1.39	72.74	16.71	0.00
1	1	0.00	0.41	71.96	18.07	0.00
1	5	0.02	0.44	69.15	21.70	0.00
2	2	0.01	0.51	69.86	20.16	0.00
2	6	0.00	0.47	70.63	20.25	0.00
3	3	0.00	0.53	77.87	12.22	0.00
3	7	0.02	2.93	63.81	9.10	0.00
Core	CPU	C1%	C3%	C6%	C8%	C9%
-	-	0.00	0.69	71.18	16.77	0.00
0	0	0.00	0.43	72.36	16.71	0.00
0	4	0.00	0.67	72.82	17.38	0.00
1	1	0.00	0.48	71.37	18.36	0.00
1	5	0.01	0.48	69.80	20.92	0.00
2	2	0.00	0.45	69.22	20.77	0.00
2	6	0.00	0.52	69.26	21.49	0.00
3	3	0.00	0.54	79.22	10.74	0.00
3	7	0.01	1.95	65.81	7.92	0.00
Core	CPU	C1%	C3%	C6%	C8%	C9%
-	-	0.01	0.67	71.32	16.87	0.00
0	0	0.01	0.40	71.74	17.39	0.00
0	4	0.00	0.56	67.85	22.76	0.00
1	1	0.00	0.52	76.50	13.27	0.00
1	5	0.01	0.56	72.23	18.46	0.00
2	2	0.01	0.32	69.63	20.52	0.00
2	6	0.01	0.44	70.38	20.49	0.00
3	3	0.00	0.59	77.14	12.80	0.00
3	7	0.02	1.95	64.64	9.11	0.00
Core	CPU	C1%	C3%	C6%	C8%	C9%
-	-	0.01	1.14	69.44	17.12	0.00
0	0	0.01	0.42	72.51	15.30	0.00
0	4	0.01	2.18	67.37	19.93	0.00
1	1	0.00	0.41	72.82	16.39	0.00
1	5	0.01	0.43	68.91	20.87	0.00
2	2	0.00	0.41	68.03	21.10	0.00
2	6	0.00	0.45	66.51	22.89	0.00
3	3	0.01	0.54	77.33	11.69	0.00
3	7	0.01	4.30	62.65	8.97	0.00
Core	CPU	C1%	C3%	C6%	C8%	C9%
-	-	0.01	0.67	70.84	17.24	0.00
0	0	0.01	0.53	74.26	14.76	0.00
0	4	0.00	0.70	69.71	20.85	0.00
1	1	0.00	0.38	74.40	15.46	0.00
1	5	0.00	0.35	70.93	19.76	0.00
2	2	0.01	0.49	69.55	20.43	0.00
2	6	0.01	0.41	68.09	22.77	0.00
3	3	0.01	0.63	77.24	12.68	0.00
3	7	0.01	1.85	62.52	11.26	0.00
Core	CPU	C1%	C3%	C6%	C8%	C9%
-	-	0.01	0.98	70.73	16.93	0.00
0	0	0.01	0.52	75.15	13.78	0.00
0	4	0.01	1.37	70.22	19.45	0.00
1	1	0.00	0.34	72.18	17.44	0.00
1	5	0.01	1.10	70.21	19.78	0.00
2	2	0.01	0.50	68.98	20.84	0.00
2	6	0.00	1.24	68.57	21.23	0.00
3	3	0.00	0.56	77.38	12.62	0.00
3	7	0.01	2.26	63.02	10.31	0.00
Core	CPU	C1%	C3%	C6%	C8%	C9%
-	-	0.01	0.67	71.48	16.60	0.00
0	0	0.00	0.38	71.89	17.28	0.00
0	4	0.00	0.57	70.44	20.02	0.00
1	1	0.00	0.53	73.09	16.70	0.00
1	5	0.03	0.55	68.88	21.77	0.00
2	2	0.01	0.41	71.12	18.93	0.00
2	6	0.00	0.42	71.26	19.57	0.00
3	3	0.00	0.53	79.03	10.98	0.00
3	7	0.02	1.98	66.17	7.57	0.00
Core	CPU	C1%	C3%	C6%	C8%	C9%
-	-	0.01	0.75	69.69	18.19	0.00
0	0	0.00	0.31	74.53	14.70	0.00
0	4	0.01	0.47	74.70	15.80	0.00
1	1	0.00	0.43	71.04	18.69	0.00
1	5	0.01	0.34	67.91	22.56	0.00
2	2	0.01	0.51	67.64	22.40	0.00
2	6	0.00	1.28	68.60	20.97	0.00
3	3	0.01	0.42	72.07	18.08	0.00
3	7	0.01	2.25	61.03	12.35	0.00
Core	CPU	C1%	C3%	C6%	C8%	C9%
-	-	0.01	0.63	70.35	17.77	0.00
0	0	0.00	0.39	72.77	16.47	0.00
0	4	0.00	0.57	72.66	17.81	0.00
1	1	0.00	0.42	72.64	17.17	0.00
1	5	0.01	0.32	68.50	22.38	0.00
2	2	0.01	0.57	69.70	20.17	0.00
2	6	0.00	0.52	67.69	23.08	0.00
3	3	0.00	0.51	75.32	14.73	0.00
3	7	0.01	1.70	63.49	10.34	0.00
Core	CPU	C1%	C3%	C6%	C8%	C9%
-	-	0.01	0.66	71.23	16.84	0.00
0	0	0.00	0.38	75.48	13.61	0.00
0	4	0.01	0.51	71.45	19.22	0.00
1	1	0.00	0.41	73.70	16.20	0.00
1	5	0.01	0.33	70.48	20.39	0.00
2	2	0.01	0.52	70.00	19.92	0.00
2	6	0.00	0.62	69.50	21.09	0.00
3	3	0.01	0.53	76.11	13.90	0.00
3	7	0.01	2.00	63.16	10.41	0.00
Core	CPU	C1%	C3%	C6%	C8%	C9%
-	-	0.01	0.77	68.53	17.37	0.00
0	0	0.00	0.34	75.55	11.60	0.00
0	4	0.01	0.59	71.53	15.60	0.00
1	1	0.00	0.41	68.74	19.14	0.00
1	5	0.01	0.28	66.24	22.17	0.00
2	2	0.00	0.51	66.37	21.50	0.00
2	6	0.01	0.53	65.48	23.40	0.00
3	3	0.01	0.56	73.36	14.19	0.00
3	7	0.01	2.90	60.40	11.22	0.00
Core	CPU	C1%	C3%	C6%	C8%	C9%
-	-	0.01	0.67	71.47	16.51	0.00
0	0	0.01	0.46	70.86	18.27	0.00
0	4	0.00	0.51	69.53	21.18	0.00
1	1	0.00	0.49	75.64	14.06	0.00
1	5	0.01	0.46	69.15	21.58	0.00
2	2	0.01	0.44	71.92	18.03	0.00
2	6	0.01	0.49	71.77	18.95	0.00
3	3	0.00	0.51	78.15	11.82	0.00
3	7	0.01	2.01	65.36	8.37	0.00
Core	CPU	C1%	C3%	C6%	C8%	C9%
-	-	0.01	0.79	71.81	16.15	0.00
0	0	0.01	0.44	71.96	17.06	0.00
0	4	0.00	0.52	67.02	23.72	0.00
1	1	0.00	0.55	73.80	16.02	0.00
1	5	0.02	0.62	71.92	18.50	0.00
2	2	0.00	0.24	71.42	18.78	0.00
2	6	0.00	0.97	71.28	18.70	0.00
3	3	0.00	0.63	80.67	9.21	0.00
3	7	0.01	2.34	66.31	7.22	0.00
Core	CPU	C1%	C3%	C6%	C8%	C9%
-	-	0.01	0.73	71.57	16.44	0.00
0	0	0.00	0.55	72.30	16.80	0.00
0	4	0.01	0.70	70.01	20.51	0.00
1	1	0.00	0.43	76.56	13.15	0.00
1	5	0.01	0.45	72.27	18.48	0.00
2	2	0.01	0.49	68.95	20.97	0.00
2	6	0.00	0.52	68.39	22.30	0.00
3	3	0.00	0.58	79.53	10.36	0.00
3	7	0.01	2.12	64.65	8.96	0.00
Core	CPU	C1%	C3%	C6%	C8%	C9%
-	-	0.01	0.69	72.34	15.72	0.00
0	0	0.00	0.45	72.74	16.37	0.00
0	4	0.00	0.62	73.76	16.58	0.00
1	1	0.00	0.56	72.61	17.20	0.00
1	5	0.01	0.45	71.28	19.47	0.00
2	2	0.00	0.48	71.18	18.81	0.00
2	6	0.00	0.37	70.60	20.23	0.00
3	3	0.00	0.50	80.18	9.82	0.00
3	7	0.01	2.08	66.33	7.26	0.00
Core	CPU	C1%	C3%	C6%	C8%	C9%
-	-	0.01	1.06	68.08	18.34	0.00
0	0	0.00	0.42	70.07	17.40	0.00
0	4	0.01	2.29	71.94	15.53	0.00
1	1	0.01	0.47	67.43	21.49	0.00
1	5	0.01	0.39	66.71	23.45	0.00
2	2	0.01	0.48	67.16	21.82	0.00
2	6	0.00	0.49	67.76	21.98	0.00
3	3	0.00	0.45	74.04	14.88	0.00
3	7	0.02	3.49	59.53	10.15	0.00
Core	CPU	C1%	C3%	C6%	C8%	C9%
-	-	0.01	0.66	70.80	17.15	0.00
0	0	0.00	0.39	73.24	15.91	0.00
0	4	0.00	0.62	71.56	18.92	0.00
1	1	0.00	0.56	71.62	18.10	0.00
1	5	0.01	0.47	68.48	22.39	0.00
2	2	0.01	0.38	69.29	20.86	0.00
2	6	0.01	0.47	68.80	22.07	0.00
3	3	0.00	0.48	78.67	11.19	0.00
3	7	0.02	1.89	64.67	7.74	0.00
Core	CPU	C1%	C3%	C6%	C8%	C9%
-	-	0.01	0.91	71.56	16.21	0.00
0	0	0.01	0.41	72.87	16.04	0.00
0	4	0.00	1.58	70.19	19.15	0.00
1	1	0.01	0.56	72.14	17.54	0.00
1	5	0.01	0.59	70.70	19.94	0.00
2	2	0.01	0.35	71.39	18.62	0.00
2	6	0.00	0.41	71.42	19.19	0.00
3	3	0.00	0.64	79.05	10.88	0.00
3	7	0.01	2.77	64.80	8.30	0.00
Core	CPU	C1%	C3%	C6%	C8%	C9%
-	-	0.01	0.70	70.79	17.05	0.00
0	0	0.00	0.60	72.83	16.05	0.00
0	4	0.01	0.68	68.14	22.01	0.00
1	1	0.00	0.41	73.38	16.36	0.00
1	5	0.01	0.48	70.14	20.65	0.00
2	2	0.01	0.50	69.26	20.36	0.00
2	6	0.00	0.38	70.48	20.34	0.00
3	3	0.00	0.54	78.54	10.62	0.00
3	7	0.01	2.05	63.63	10.03	0.00
Core	CPU	C1%	C3%	C6%	C8%	C9%
-	-	0.01	0.69	70.87	17.15	0.00
0	0	0.00	0.42	73.93	14.94	0.00
0	4	0.00	0.68	70.76	19.67	0.00
1	1	0.00	0.47	70.89	19.01	0.00
1	5	0.02	0.50	67.77	23.01	0.00
2	2	0.01	0.49	70.19	19.78	0.00
2	6	0.00	0.51	71.50	19.24	0.00
3	3	0.01	0.46	77.38	12.59	0.00
3	7	0.01	1.99	64.55	8.99	0.00
Core	CPU	C1%	C3%	C6%	C8%	C9%
-	-	0.01	1.05	68.85	17.03	0.00
0	0	0.00	0.47	71.73	15.13	0.00
0	4	0.00	0.62	67.47	21.01	0.00
1	1	0.00	2.44	69.32	17.27	0.00
1	5	0.01	0.36	68.23	20.69	0.00
2	2	0.00	0.41	69.06	18.96	0.00
2	6	0.00	0.41	68.70	20.06	0.00
3	3	0.00	0.59	74.32	12.97	0.00
3	7	0.01	3.12	61.54	10.06	0.00
Core	CPU	C1%	C3%	C6%	C8%	C9%
-	-	0.01	0.62	71.08	16.94	0.00
0	0	0.00	0.38	75.24	13.84	0.00
0	4	0.00	0.51	72.32	18.31	0.00
1	1	0.00	0.44	72.82	17.00	0.00
1	5	0.01	0.33	69.49	21.36	0.00
2	2	0.01	0.54	70.17	19.78	0.00
2	6	0.01	0.56	69.39	21.31	0.00
3	3	0.01	0.60	76.12	13.70	0.00
3	7	0.01	1.61	63.60	10.34	0.00
Core	CPU	C1%	C3%	C6%	C8%	C9%
-	-	0.01	0.85	71.94	15.92	0.00
0	0	0.00	0.37	70.19	19.04	0.00
0	4	0.01	1.24	67.42	22.34	0.00
1	1	0.00	0.58	75.15	14.46	0.00
1	5	0.01	0.58	71.78	18.86	0.00
2	2	0.01	0.38	71.76	18.35	0.00
2	6	0.00	0.48	71.81	18.55	0.00
3	3	0.00	0.58	80.97	8.87	0.00
3	7	0.01	2.58	66.36	6.88	0.00
Core	CPU	C1%	C3%	C6%	C8%	C9%
-	-	0.01	0.71	72.57	15.57	0.00
0	0	0.00	0.56	72.19	16.81	0.00
0	4	0.01	0.69	69.08	21.40	0.00
1	1	0.00	0.41	75.03	14.74	0.00
1	5	0.01	0.48	71.56	19.26	0.00
2	2	0.00	0.45	71.20	18.82	0.00
2	6	0.01	0.41	71.52	19.32	0.00
3	3	0.00	0.60	82.21	7.61	0.00
3	7	0.01	2.08	67.12	6.43	0.00
Core	CPU	C1%	C3%	C6%	C8%	C9%
-	-	0.01	0.72	72.17	15.71	0.00
0	0	0.00	0.46	73.25	15.83	0.00
0	4	0.01	0.79	73.70	16.40	0.00
1	1	0.01	0.49	72.83	16.60	0.00
1	5	0.01	0.51	71.78	18.95	0.00
2	2	0.01	0.50	70.27	19.63	0.00
2	6	0.00	0.37	70.89	19.92	0.00
3	3	0.00	0.57	79.59	10.24	0.00
3	7	0.02	2.07	65.43	8.22	0.00
Core	CPU	C1%	C3%	C6%	C8%	C9%
-	-	0.03	1.25	69.53	16.71	0.00
0	0	0.00	0.52	70.27	17.62	0.00
0	4	0.00	0.61	66.54	22.14	0.00
1	1	0.01	2.43	68.68	17.56	0.00
1	5	0.01	0.49	67.93	21.61	0.00
2	2	0.00	0.36	69.84	18.93	0.00
2	6	0.00	0.49	70.69	18.73	0.00
3	3	0.00	0.57	77.39	11.06	0.00
3	7	0.21	4.50	64.65	5.94	0.00
Core	CPU	C1%	C3%	C6%	C8%	C9%
-	-	0.01	0.71	71.50	16.55	0.00
0	0	0.00	0.45	72.18	16.94	0.00
0	4	0.00	0.63	70.35	20.17	0.00
1	1	0.01	0.60	73.46	16.07	0.00
1	5	0.01	0.50	70.99	19.79	0.00
2	2	0.01	0.48	71.24	18.79	0.00
2	6	0.00	0.54	71.04	19.66	0.00
3	3	0.00	0.58	78.18	11.72	0.00
3	7	0.01	1.91	64.47	9.20	0.00
Core	CPU	C1%	C3%	C6%	C8%	C9%
-	-	0.00	0.93	71.78	16.07	0.00
0	0	0.01	0.58	70.20	18.90	0.00
0	4	0.00	1.58	70.51	18.90	0.00
1	1	0.01	0.45	72.75	17.22	0.00
1	5	0.01	0.60	71.16	19.61	0.00
2	2	0.00	0.39	71.04	19.05	0.00
2	6	0.00	0.37	71.30	19.53	0.00
3	3	0.00	0.55	81.04	8.85	0.00
3	7	0.01	2.91	66.48	6.50	0.00
Core	CPU	C1%	C3%	C6%	C8%	C9%
-	-	0.00	0.70	71.11	16.86	0.00
0	0	0.01	0.57	74.03	14.97	0.00
0	4	0.00	0.62	72.83	17.59	0.00
1	1	0.00	0.39	71.61	18.32	0.00
1	5	0.00	0.43	70.85	19.81	0.00
2	2	0.01	0.45	68.59	21.38	0.00
2	6	0.00	0.52	68.91	21.77	0.00
3	3	0.00	0.60	77.86	11.97	0.00
3	7	0.01	2.00	64.46	9.12	0.00
Core	CPU	C1%	C3%	C6%	C8%	C9%
-	-	0.01	0.68	71.63	16.55	0.00
0	0	0.01	0.49	73.01	16.13	0.00
0	4	0.00	0.64	71.52	18.80	0.00
1	1	0.01	0.43	73.32	16.68	0.00
1	5	0.01	0.42	71.01	19.78	0.00
2	2	0.00	0.42	69.94	20.10	0.00
2	6	0.00	0.53	70.55	20.18	0.00
3	3	0.00	0.51	78.08	11.83	0.00
3	7	0.01	1.94	64.95	8.75	0.00
Core	CPU	C1%	C3%	C6%	C8%	C9%
-	-	0.01	1.19	70.25	16.16	0.09
0	0	0.01	0.66	69.49	17.91	0.00
0	4	0.01	0.73	66.02	23.68	0.00
1	1	0.00	2.02	71.87	14.72	0.00
1	5	0.01	0.57	69.54	19.49	0.00
2	2	0.00	0.42	70.53	18.46	0.00
2	6	0.00	0.35	69.80	19.99	0.00
3	3	0.00	0.56	79.57	9.13	0.00
3	7	0.02	4.21	65.46	5.98	0.72
Core	CPU	C1%	C3%	C6%	C8%	C9%
-	-	0.01	0.71	71.88	16.06	0.00
0	0	0.00	0.59	73.17	15.84	0.00
0	4	0.01	0.75	69.70	20.75	0.00
1	1	0.00	0.33	75.96	13.77	0.00
1	5	0.01	0.41	73.18	17.58	0.00
2	2	0.01	0.49	69.49	20.40	0.00
2	6	0.00	0.43	68.27	22.42	0.00
3	3	0.00	0.59	80.44	9.36	0.00
3	7	0.01	2.11	65.11	8.44	0.00
Core	CPU	C1%	C3%	C6%	C8%	C9%
-	-	0.01	0.83	71.32	16.60	0.03
0	0	0.00	0.44	74.33	14.71	0.00
0	4	0.00	1.25	70.51	19.17	0.21
1	1	0.00	0.36	73.00	16.99	0.00
1	5	0.01	0.33	69.13	21.81	0.00
2	2	0.00	0.51	70.58	19.26	0.00
2	6	0.00	0.59	70.04	20.52	0.00
3	3	0.01	0.57	76.90	12.67	0.00
3	7	0.01	2.59	65.60	7.52	0.00
Core	CPU	C1%	C3%	C6%	C8%	C9%
-	-	0.01	0.68	71.20	16.76	0.00
0	0	0.00	0.54	77.10	11.80	0.00
0	4	0.00	0.66	72.45	17.98	0.00
1	1	0.00	0.41	72.82	16.99	0.00
1	5	0.01	0.46	67.58	23.20	0.00
2	2	0.01	0.58	70.94	18.97	0.00
2	6	0.00	0.56	70.01	20.71	0.00
3	3	0.01	0.62	75.93	13.95	0.00
3	7	0.02	1.64	63.30	10.62	0.00
Core	CPU	C1%	C3%	C6%	C8%	C9%
-	-	0.00	0.73	72.16	15.84	0.00
0	0	0.01	0.60	71.15	17.81	0.00
0	4	0.01	0.77	68.19	22.26	0.00
1	1	0.00	0.46	76.50	13.10	0.00
1	5	0.01	0.52	72.52	18.24	0.00
2	2	0.00	0.45	70.44	19.54	0.00
2	6	0.00	0.29	70.93	19.92	0.00
3	3	0.00	0.62	81.82	7.99	0.00
3	7	0.01	2.12	65.75	7.82	0.00
Core	CPU	C1%	C3%	C6%	C8%	C9%
-	-	0.01	1.30	69.95	16.91	0.00
0	0	0.01	0.46	69.49	18.78	0.00
0	4	0.00	0.76	67.52	22.01	0.00
1	1	0.01	3.17	68.88	17.69	0.00
1	5	0.01	0.45	69.48	20.50	0.00
2	2	0.01	0.42	69.36	19.36	0.00
2	6	0.00	0.47	69.35	21.38	0.00
3	3	0.00	0.62	80.06	8.85	0.00
3	7	0.02	4.04	64.95	6.59	0.00
Core	CPU	C1%	C3%	C6%	C8%	C9%
-	-	0.01	0.69	71.75	16.28	0.00
0	0	0.01	0.38	72.42	16.77	0.00
0	4	0.00	0.68	70.71	19.68	0.00
1	1	0.00	0.48	71.21	18.68	0.00
1	5	0.01	0.49	71.13	19.56	0.00
2	2	0.01	0.39	70.99	18.80	0.00
2	6	0.00	0.59	70.88	19.75	0.00
3	3	0.00	0.57	79.87	10.00	0.00
3	7	0.02	1.97	66.77	7.01	0.00
Core	CPU	C1%	C3%	C6%	C8%	C9%
-	-	0.00	0.70	71.09	16.71	0.00
0	0	0.01	0.46	73.24	15.87	0.00
0	4	0.00	0.60	71.59	18.81	0.00
1	1	0.00	0.56	70.94	18.70	0.00
1	5	0.01	0.46	69.89	20.70	0.00
2	2	0.01	0.44	71.63	17.93	0.00
2	6	0.00	0.50	70.13	19.88	0.00
3	3	0.00	0.56	76.49	13.46	0.00
3	7	0.00	2.03	65.01	8.33	0.00
Core	CPU	C1%	C3%	C6%	C8%	C9%
-	-	0.00	0.74	69.90	17.45	0.00
0	0	0.01	0.61	73.55	15.36	0.00
0	4	0.00	0.73	68.24	21.95	0.00
1	1	0.00	0.50	71.26	18.25	0.00
1	5	0.01	0.36	67.30	23.70	0.00
2	2	0.00	0.35	70.22	19.89	0.00
2	6	0.00	0.62	68.68	22.01	0.00
3	3	0.00	0.53	77.63	11.49	0.00
3	7	0.01	2.22	62.15	6.92	0.00
Core	CPU	C1%	C3%	C6%	C8%	C9%
-	-	0.01	0.66	71.81	16.21	0.00
0	0	0.01	0.47	70.52	18.59	0.00
0	4	0.01	0.53	68.56	22.05	0.00
1	1	0.01	0.45	75.66	14.07	0.00
1	5	0.01	0.52	72.02	18.67	0.00
2	2	0.00	0.38	70.24	19.78	0.00
2	6	0.00	0.38	71.56	19.22	0.00
3	3	0.01	0.62	80.41	9.44	0.00
3	7	0.01	1.92	65.86	7.93	0.00
Core	CPU	C1%	C3%	C6%	C8%	C9%
-	-	0.01	1.08	67.92	18.00	0.00
0	0	0.01	0.44	70.96	16.43	0.00
0	4	0.00	0.52	71.08	17.24	0.00
1	1	0.01	2.30	67.15	19.42	0.00
1	5	0.01	0.43	66.65	21.51	0.00
2	2	0.01	0.45	66.58	21.65	0.00
2	6	0.00	0.56	66.53	22.17	0.00
3	3	0.00	0.54	72.98	15.04	0.00
3	7	0.01	3.42	60.99	10.45	0.00
Core	CPU	C1%	C3%	C6%	C8%	C9%
-	-	0.01	0.72	71.44	16.49	0.00
0	0	0.01	0.55	71.05	17.95	0.00
0	4	0.00	0.78	70.01	20.31	0.00
1	1	0.00	0.44	73.38	16.34	0.00
1	5	0.01	0.54	70.10	20.65	0.00
2	2	0.00	0.37	70.96	19.08	0.00
2	6	0.00	0.44	70.55	20.15	0.00
3	3	0.00	0.60	79.76	10.15	0.00
3	7	0.02	2.08	66.23	7.45	0.00
Core	CPU	C1%	C3%	C6%	C8%	C9%
-	-	0.01	0.76	71.00	16.97	0.00
0	0	0.00	0.38	75.69	12.89	0.00
0	4	0.00	0.60	71.46	19.10	0.00
1	1	0.01	0.50	72.68	17.20	0.00
1	5	0.01	0.36	68.60	21.92	0.00
2	2	0.01	0.49	71.11	18.93	0.00
2	6	0.01	0.81	69.85	20.14	0.00
3	3	0.00	0.61	75.27	14.75	0.00
3	7	0.01	2.33	62.74	10.65	0.00
Core	CPU	C1%	C3%	C6%	C8%	C9%
-	-	0.01	0.69	71.97	16.02	0.00
0	0	0.01	0.56	73.92	14.98	0.00
0	4	0.00	0.68	71.04	19.26	0.00
1	1	0.00	0.49	72.78	17.02	0.00
1	5	0.01	0.47	69.43	21.36	0.00
2	2	0.01	0.38	71.86	18.20	0.00
2	6	0.01	0.42	71.88	18.90	0.00
3	3	0.00	0.56	78.75	11.19	0.00
3	7	0.01	1.98	66.46	7.29	0.00
Core	CPU	C1%	C3%	C6%	C8%	C9%
-	-	0.01	0.66	71.06	17.10	0.00
0	0	0.01	0.58	72.88	16.04	0.00
0	4	0.00	0.54	67.44	23.23	0.00
1	1	0.00	0.44	73.82	16.07	0.00
1	5	0.00	0.42	71.53	19.24	0.00
2	2	0.01	0.38	70.28	19.78	0.00
2	6	0.01	0.34	70.66	20.22	0.00
3	3	0.00	0.62	77.16	12.79	0.00
3	7	0.01	1.93	64.34	9.37	0.00
Core	CPU	C1%	C3%	C6%	C8%	C9%
-	-	0.01	1.21	69.80	16.33	0.00
0	0	0.00	0.50	72.08	15.98	0.00
0	4	0.00	0.59	69.56	19.14	0.00
1	1	0.01	2.87	70.15	16.36	0.00
1	5	0.01	0.43	66.58	22.13	0.00
2	2	0.00	0.45	70.00	18.01	0.00
2	6	0.00	0.52	69.73	19.47	0.00
3	3	0.00	0.49	76.57	12.47	0.00
3	7	0.02	3.86	64.36	7.23	0.00
Core	CPU	C1%	C3%	C6%	C8%	C9%
-	-	0.01	0.71	71.31	16.82	0.00
0	0	0.00	0.48	73.25	15.85	0.00
0	4	0.00	0.70	72.15	18.13	0.00
1	1	0.01	0.61	72.82	16.74	0.00
1	5	0.01	0.54	69.04	21.62	0.00
2	2	0.01	0.43	70.10	19.96	0.00
2	6	0.01	0.57	70.87	19.87	0.00
3	3	0.00	0.50	77.26	12.78	0.00
3	7	0.02	1.81	64.34	9.44	0.00
Core	CPU	C1%	C3%	C6%	C8%	C9%
-	-	0.01	0.78	70.92	16.93	0.00
0	0	0.00	0.46	73.30	15.70	0.00
0	4	0.00	1.18	71.39	18.21	0.00
1	1	0.00	0.46	73.93	15.82	0.00
1	5	0.00	0.42	69.44	21.03	0.00
2	2	0.00	0.53	69.61	20.39	0.00
2	6	0.00	0.50	69.28	21.44	0.00
3	3	0.00	0.43	76.24	13.72	0.00
3	7	0.02	2.28	64.30	9.13	0.00
Core	CPU	C1%	C3%	C6%	C8%	C9%
-	-	0.01	0.70	71.48	16.48	0.00
0	0	0.01	0.41	70.28	18.90	0.00
0	4	0.00	0.65	67.99	22.49	0.00
1	1	0.00	0.51	74.14	15.53	0.00
1	5	0.01	0.52	71.35	19.30	0.00
2	2	0.01	0.33	72.09	17.98	0.00
2	6	0.00	0.55	71.87	18.84	0.00
3	3	0.01	0.71	79.50	10.30	0.00
3	7	0.01	1.89	65.12	8.63	0.00
Core	CPU	C1%	C3%	C6%	C8%	C9%
-	-	0.01	0.75	72.45	15.66	0.00
0	0	0.01	0.55	71.14	17.95	0.00
0	4	0.00	0.79	68.56	21.76	0.00
1	1	0.00	0.50	75.32	14.38	0.00
1	5	0.01	0.52	71.75	19.03	0.00
2	2	0.00	0.40	72.22	17.75	0.00
2	6	0.00	0.33	71.66	19.26	0.00
3	3	0.00	0.62	81.40	8.47	0.00
3	7	0.01	2.29	66.92	6.53	0.00
Core	CPU	C1%	C3%	C6%	C8%	C9%
-	-	0.00	0.85	69.31	16.52	0.00
0	0	0.00	0.51	71.55	15.44	0.00
0	4	0.00	0.63	69.73	18.75	0.00
1	1	0.01	1.01	70.74	15.69	0.00
1	5	0.01	0.50	67.68	21.00	0.00
2	2	0.00	0.42	68.23	19.75	0.00
2	6	0.01	0.48	67.52	21.20	0.00
3	3	0.00	0.52	75.86	11.72	0.00
3	7	0.01	2.71	63.12	8.60	0.00
Core	CPU	C1%	C3%	C6%	C8%	C9%
-	-	0.01	0.67	71.51	16.44	0.00
0	0	0.00	0.46	76.28	12.67	0.00
0	4	0.00	0.61	71.82	18.65	0.00
1	1	0.01	0.40	73.86	15.95	0.00
1	5	0.01	0.38	69.32	21.44	0.00
2	2	0.01	0.48	69.36	20.60	0.00
2	6	0.00	0.56	70.06	20.62	0.00
3	3	0.00	0.57	77.15	12.80	0.00
3	7	0.01	1.92	64.84	8.93	0.00
Core	CPU	C1%	C3%	C6%	C8%	C9%
-	-	0.01	0.80	70.43	17.22	0.00
0	0	0.00	0.42	74.21	14.76	0.00
0	4	0.00	0.67	69.79	20.29	0.00
1	1	0.00	0.42	74.13	15.48	0.00
1	5	0.01	0.58	68.50	21.14	0.00
2	2	0.01	0.47	69.43	19.88	0.00
2	6	0.00	0.42	67.53	22.98	0.00
3	3	0.00	0.51	76.31	13.62	0.00
3	7	0.02	2.88	63.45	9.61	0.00
Core	CPU	C1%	C3%	C6%	C8%	C9%
-	-	0.01	0.68	71.64	16.38	0.00
0	0	0.01	0.48	76.33	12.66	0.00
0	4	0.00	0.70	72.40	18.07	0.00
1	1	0.00	0.36	74.93	14.86	0.00
1	5	0.01	0.26	70.85	20.09	0.00
2	2	0.01	0.54	68.68	21.21	0.00
2	6	0.00	0.43	68.54	22.24	0.00
3	3	0.01	0.57	77.35	12.60	0.00
3	7	0.01	2.10	64.25	9.32	0.00
Core	CPU	C1%	C3%	C6%	C8%	C9%
-	-	0.01	0.70	71.50	16.56	0.00
0	0	0.01	0.59	72.60	16.29	0.00
0	4	0.01	0.72	69.09	21.29	0.00
1	1	0.00	0.51	74.17	15.63	0.00
1	5	0.01	0.45	71.69	19.09	0.00
2	2	0.01	0.42	70.20	19.84	0.00
2	6	0.00	0.38	69.11	21.74	0.00
3	3	0.00	0.60	79.23	10.69	0.00
3	7	0.01	1.93	65.89	7.88	0.00
Core	CPU	C1%	C3%	C6%	C8%	C9%
-	-	0.01	0.96	68.29	17.28	0.00
0	0	0.00	0.36	72.21	14.55	0.00
0	4	0.00	0.55	70.97	17.52	0.00
1	1	0.01	1.56	66.37	18.87	0.00
1	5	0.01	0.35	65.79	22.34	0.00
2	2	0.00	0.46	68.29	18.46	0.00
2	6	0.00	0.61	66.75	21.73	0.00
3	3	0.00	0.57	74.02	14.40	0.00
3	7	0.01	3.17	61.37	10.24	0.00
Core	CPU	C1%	C3%	C6%	C8%	C9%
-	-	0.01	0.69	71.57	16.38	0.00
0	0	0.00	0.46	73.34	15.67	0.00
0	4	0.00	0.69	69.65	20.81	0.00
1	1	0.00	0.41	73.98	15.84	0.00
1	5	0.01	0.42	70.27	20.52	0.00
2	2	0.01	0.44	69.87	20.13	0.00
2	6	0.00	0.44	69.92	20.86	0.00
3	3	0.00	0.61	80.68	9.26	0.00
3	7	0.02	2.05	65.43	8.13	0.00
Core	CPU	C1%	C3%	C6%	C8%	C9%
-	-	0.00	0.86	71.16	16.59	0.00
0	0	0.00	0.57	75.58	13.31	0.00
0	4	0.00	0.72	71.95	18.52	0.00
1	1	0.00	0.26	71.47	18.22	0.00
1	5	0.00	1.09	70.70	19.36	0.00
2	2	0.00	0.46	68.21	21.37	0.00
2	6	0.00	0.56	68.30	21.84	0.00
3	3	0.00	0.65	78.97	11.01	0.00
3	7	0.01	2.61	64.07	9.08	0.00
Core	CPU	C1%	C3%	C6%	C8%	C9%
-	-	0.00	0.66	71.07	17.11	0.00
0	0	0.01	0.49	74.95	14.21	0.00
0	4	0.00	0.65	72.04	18.40	0.00
1	1	0.00	0.39	72.65	17.20	0.00
1	5	0.00	0.35	70.04	20.75	0.00
2	2	0.01	0.52	68.49	21.46	0.00
2	6	0.01	0.46	68.63	22.10	0.00
3	3	0.01	0.55	77.40	12.64	0.00
3	7	0.01	1.83	63.73	9.94	0.00
Core	CPU	C1%	C3%	C6%	C8%	C9%
-	-	0.01	0.63	70.94	17.08	0.00
0	0	0.00	0.26	72.82	16.39	0.00
0	4	0.01	0.64	72.39	17.94	0.00
1	1	0.00	0.54	72.29	17.45	0.00
1	5	0.01	0.39	69.62	21.22	0.00
2	2	0.01	0.47	70.70	19.29	0.00
2	6	0.01	0.51	69.63	21.12	0.00
3	3	0.00	0.57	75.79	14.17	0.00
3	7	0.02	1.68	64.74	9.19	0.00
Core	CPU	C1%	C3%	C6%	C8%	C9%
-	-	0.01	1.13	68.66	17.51	0.00
0	0	0.01	0.59	68.41	19.77	0.00
0	4	0.00	0.74	65.74	22.94	0.00
1	1	0.00	2.16	71.78	15.28	0.00
1	5	0.01	0.42	68.95	21.59	0.00
2	2	0.00	0.35	67.81	20.27	0.00
2	6	0.00	0.33	67.70	22.60	0.00
3	3	0.00	0.53	76.57	11.75	0.00
3	7	0.02	3.90	62.48	5.96	0.00
Core	CPU	C1%	C3%	C6%	C8%	C9%
-	-	0.01	0.68	71.49	16.49	0.00
0	0	0.01	0.50	74.45	14.48	0.00
0	4	0.00	0.76	71.28	19.04	0.00
1	1	0.01	0.45	73.16	16.68	0.00
1	5	0.01	0.41	68.89	21.98	0.00
2	2	0.00	0.51	70.19	19.79	0.00
2	6	0.01	0.45	70.51	20.33	0.00
3	3	0.00	0.50	79.14	10.80	0.00
3	7	0.01	1.84	64.32	8.85	0.00
Core	CPU	C1%	C3%	C6%	C8%	C9%
-	-	0.01	0.86	70.97	17.03	0.00
0	0	0.00	0.64	71.11	17.96	0.00
0	4	0.00	0.82	68.28	22.10	0.00
1	1	0.00	0.38	74.69	15.04	0.00
1	5	0.01	1.11	69.94	19.88	0.00
2	2	0.00	0.43	68.27	21.82	0.00
2	6	0.01	0.44	69.24	21.58	0.00
3	3	0.01	0.58	80.08	9.91	0.00
3	7	0.01	2.48	65.54	7.76	0.00
Core	CPU	C1%	C3%	C6%	C8%	C9%
-	-	0.01	0.65	70.20	17.75	0.00
0	0	0.01	0.37	73.27	15.82	0.00
0	4	0.00	0.56	71.91	18.43	0.00
1	1	0.01	0.44	71.67	18.23	0.00
1	5	0.01	0.46	69.57	21.17	0.00
2	2	0.00	0.45	68.77	21.22	0.00
2	6	0.01	0.69	68.64	21.93	0.00
3	3	0.00	0.52	75.18	14.80	0.00
3	7	0.01	1.72	63.24	10.58	0.00
Core	CPU	C1%	C3%	C6%	C8%	C9%
-	-	0.00	0.67	70.62	17.45	0.00
0	0	0.00	0.47	73.69	15.48	0.00
0	4	0.00	0.68	72.90	17.23	0.00
1	1	0.00	0.34	71.64	18.35	0.00
1	5	0.01	0.36	70.21	20.67	0.00
2	2	0.01	0.50	68.78	21.19	0.00
2	6	0.00	0.41	67.27	23.61	0.00
3	3	0.01	0.62	77.38	12.60	0.00
3	7	0.01	1.95	63.07	10.44	0.00
Core	CPU	C1%	C3%	C6%	C8%	C9%
-	-	0.01	0.96	70.59	15.18	0.00
0	0	0.01	0.53	69.71	16.63	0.00
0	4	0.01	0.81	68.40	19.94	0.00
1	1	0.01	1.57	71.45	15.31	0.00
1	5	0.01	0.50	70.37	17.96	0.00
2	2	0.00	0.37	69.27	18.95	0.00
2	6	0.00	0.31	69.19	19.55	0.00
3	3	0.00	0.64	79.67	7.89	0.00
3	7	0.01	2.92	66.11	5.05	0.00
Core	CPU	C1%	C3%	C6%	C8%	C9%
-	-	0.00	0.75	72.46	15.52	0.00
0	0	0.00	0.65	73.79	15.15	0.00
0	4	0.01	0.83	69.27	21.01	0.00
1	1	0.00	0.34	76.88	12.74	0.00
1	5	0.01	0.38	75.06	15.76	0.00
2	2	0.00	0.45	68.72	21.24	0.00
2	6	0.00	0.36	69.18	21.69	0.00
3	3	0.00	0.66	80.85	9.00	0.00
3	7	0.01	2.31	65.83	7.54	0.00
Core	CPU	C1%	C3%	C6%	C8%	C9%
-	-	0.01	0.81	70.73	17.12	0.00
0	0	0.00	0.42	71.76	17.38	0.00
0	4	0.00	1.40	69.78	19.82	0.00
1	1	0.01	0.49	72.23	17.61	0.00
1	5	0.01	0.50	69.70	20.78	0.00
2	2	0.01	0.54	73.00	16.89	0.00
2	6	0.01	0.51	70.40	20.41	0.00
3	3	0.00	0.49	76.36	13.73	0.00
3	7	0.02	2.16	62.98	10.42	0.00
