Core	CPU	C1%	C3%	C6%	C8%	C9%
-	-	0.12	0.76	71.72	15.80	0.00
0	0	0.14	0.56	72.28	16.62	0.00
0	4	0.19	0.82	69.71	20.03	0.00
1	1	0.17	0.24	75.32	14.48	0.00
1	5	0.08	0.55	73.18	16.93	0.00
2	2	0.05	0.63	71.92	17.60	0.00
2	6	0.04	0.44	69.39	20.78	0.00
3	3	0.03	0.82	78.27	10.77	0.00
3	7	0.23	2.04	63.77	9.23	0.00
Core	CPU	C1%	C3%	C6%	C8%	C9%
-	-	0.01	0.68	71.73	16.32	0.00
0	0	0.01	0.52	74.27	14.84	0.00
0	4	0.01	0.70	70.26	20.29	0.00
1	1	0.00	0.35	74.36	15.58	0.00
1	5	0.01	0.37	72.08	18.75	0.00
2	2	0.00	0.47	69.99	19.84	0.00
2	6	0.01	0.45	69.20	21.58	0.00
3	3	0.00	0.61	79.11	10.55	0.00
3	7	0.01	1.95	64.54	9.15	0.00
Core	CPU	C1%	C3%	C6%	C8%	C9%
-	-	0.01	0.77	72.96	14.93	0.00
0	0	0.01	0.66	70.57	18.26	0.00
0	4	0.01	0.94	66.12	24.23	0.00
1	1	0.00	0.57	75.91	13.90	0.00
1	5	0.01	0.58	74.64	16.05	0.00
2	2	0.00	0.24	73.27	16.73	0.00
2	6	0.00	0.17	72.10	18.85	0.00
3	3	0.00	0.69	83.44	6.06	0.00
3	7	0.01	2.35	68.04	5.43	0.00
Core	CPU	C1%	C3%	C6%	C8%	C9%
-	-	0.01	0.72	72.87	15.26	0.00
0	0	0.01	0.44	74.56	14.36	0.00
0	4	0.01	0.53	67.64	23.10	0.00
1	1	0.00	0.50	73.87	16.08	0.00
1	5	0.01	0.59	73.27	17.48	0.00
2	2	0.01	0.42	71.64	18.31	0.00
2	6	0.01	0.35	70.57	20.33	0.00
3	3	0.00	0.62	82.66	7.09	0.00
3	7	0.01	2.31	68.23	5.20	0.00
Core	CPU	C1%	C3%	C6%	C8%	C9%
-	-	0.02	0.74	69.27	16.66	0.28
0	0	0.08	0.45	70.32	15.37	0.00
0	4	0.01	0.55	66.00	22.67	0.00
1	1	0.00	0.46	70.78	17.92	0.00
1	5	0.01	0.48	70.13	18.59	0.00
2	2	0.00	0.33	66.52	22.24	0.00
2	6	0.00	0.47	69.32	18.83	0.00
3	3	0.00	0.78	76.97	10.36	0.00
3	7	0.01	2.41	64.24	7.29	2.20
Core	CPU	C1%	C3%	C6%	C8%	C9%
-	-	0.01	0.71	71.64	16.22	0.00
0	0	0.01	0.62	75.39	13.37	0.00
0	4	0.01	0.61	70.34	20.31	0.00
1	1	0.00	0.52	75.38	14.33	0.00
1	5	0.01	0.40	71.02	19.77	0.00
2	2	0.01	0.45	71.83	18.01	0.00
2	6	0.00	0.42	69.93	20.80	0.00
3	3	0.01	0.62	75.48	14.30	0.00
3	7	0.02	2.01	64.38	9.02	0.00
Core	CPU	C1%	C3%	C6%	C8%	C9%
-	-	0.01	0.86	71.41	16.41	0.00
0	0	0.01	1.09	73.11	14.92	0.00
0	4	0.00	0.60	70.21	20.41	0.00
1	1	0.00	0.50	72.31	17.61	0.00
1	5	0.01	1.25	70.07	19.51	0.00
2	2	0.00	0.43	73.10	16.71	0.00
2	6	0.00	0.38	69.80	21.07	0.00
3	3	0.00	0.66	78.28	11.46	0.00
3	7	0.01	1.93	64.09	9.52	0.00
Core	CPU	C1%	C3%	C6%	C8%	C9%
-	-	0.05	0.66	70.05	17.10	0.00
0	0	0.01	0.51	70.13	17.24	0.00
0	4	0.16	0.51	68.65	20.21	0.00
1	1	0.14	0.34	71.89	17.49	0.00
1	5	0.01	0.50	70.36	19.41	0.00
2	2	0.01	0.59	70.20	18.06	0.00
2	6	0.00	0.43	69.79	20.90	0.00
3	3	0.00	0.51	76.18	13.58	0.00
3	7	0.11	1.86	63.42	9.96	0.00
Core	CPU	C1%	C3%	C6%	C8%	C9%
-	-	0.00	0.67	71.70	16.27	0.00
0	0	0.00	0.45	77.38	11.72	0.00
0	4	0.00	0.61	74.24	16.13	0.00
1	1	0.00	0.36	70.98	18.78	0.00
1	5	0.00	0.32	69.41	21.51	0.00
2	2	0.01	0.68	70.19	19.49	0.00
2	6	0.01	0.57	68.22	22.47	0.00
3	3	0.00	0.55	78.29	11.33	0.00
3	7	0.01	1.81	64.96	8.69	0.00
Core	CPU	C1%	C3%	C6%	C8%	C9%
-	-	0.00	0.98	70.07	15.71	0.00
0	0	0.01	1.78	70.72	15.10	0.00
0	4	0.00	0.58	67.32	21.36	0.00
1	1	0.00	0.39	71.04	17.00	0.00
1	5	0.01	0.43	69.45	19.48	0.00
2	2	0.00	0.38	70.83	17.04	0.00
2	6	0.00	0.42	68.58	19.64	0.00
3	3	0.00	0.58	78.09	9.06	0.00
3	7	0.01	3.29	64.26	6.91	0.00
Core	CPU	C1%	C3%	C6%	C8%	C9%
-	-	0.01	0.65	71.31	16.69	0.00
0	0	0.00	0.45	72.56	16.52	0.00
0	4	0.01	0.50	70.96	19.73	0.00
1	1	0.01	0.38	74.52	15.31	0.00
1	5	0.01	0.47	71.43	19.34	0.00
2	2	0.01	0.55	71.13	18.71	0.00
2	6	0.00	0.40	69.24	21.58	0.00
3	3	0.00	0.69	77.46	12.19	0.00
3	7	0.01	1.78	63.47	10.23	0.00
Core	CPU	C1%	C3%	C6%	C8%	C9%
-	-	0.01	0.80	71.18	16.57	0.00
0	0	0.01	0.46	72.74	16.09	0.00
0	4	0.01	0.68	69.56	20.90	0.00
1	1	0.00	0.35	72.39	17.14	0.00
1	5	0.01	0.46	70.90	19.80	0.00
2	2	0.00	0.48	70.75	18.67	0.00
2	6	0.00	0.39	69.35	21.31	0.00
3	3	0.00	0.99	78.43	10.11	0.00
3	7	0.01	2.60	64.77	8.41	0.00
Core	CPU	C1%	C3%	C6%	C8%	C9%
-	-	0.01	0.72	71.93	15.99	0.00
0	0	0.01	0.56	73.13	15.72	0.00
0	4	0.00	0.68	68.62	21.90	0.00
1	1	0.00	0.45	72.33	17.63	0.00
1	5	0.01	0.51	71.89	18.88	0.00
2	2	0.00	0.36	70.85	19.18	0.00
2	6	0.00	0.31	70.47	20.40	0.00
3	3	0.00	0.72	81.74	7.83	0.00
3	7	0.01	2.20	66.98	6.51	0.00
Core	CPU	C1%	C3%	C6%	C8%	C9%
-	-	0.01	0.69	71.70	16.34	0.00
0	0	0.01	0.41	73.38	15.57	0.00
0	4	0.00	0.49	67.96	22.75	0.00
1	1	0.00	0.42	73.05	16.96	0.00
1	5	0.01	0.60	71.41	19.27	0.00
2	2	0.01	0.40	70.84	19.15	0.00
2	6	0.01	0.44	71.05	19.73	0.00
3	3	0.01	0.67	80.05	9.58	0.00
3	7	0.01	2.08	65.86	7.73	0.00
Core	CPU	C1%	C3%	C6%	C8%	C9%
-	-	0.01	1.13	69.39	16.40	0.00
0	0	0.00	2.41	69.77	15.96	0.00
0	4	0.00	0.55	67.05	21.09	0.00
1	1	0.01	0.39	73.51	14.36	0.00
1	5	0.01	0.48	69.95	18.97	0.00
2	2	0.01	0.43	67.95	19.38	0.00
2	6	0.00	0.49	67.98	20.75	0.00
3	3	0.00	0.69	75.80	11.80	0.00
3	7	0.01	3.60	62.56	8.75	0.00
Core	CPU	C1%	C3%	C6%	C8%	C9%
-	-	0.01	0.69	71.74	16.28	0.00
0	0	0.00	0.43	75.92	13.02	0.00
0	4	0.00	0.66	72.97	17.51	0.00
1	1	0.00	0.43	70.20	19.65	0.00
1	5	0.01	0.41	70.45	20.36	0.00
2	2	0.01	0.49	71.18	18.71	0.00
2	6	0.00	0.37	69.21	21.63	0.00
3	3	0.00	0.64	79.63	10.13	0.00
3	7	0.01	2.11	64.25	9.22	0.00
Core	CPU	C1%	C3%	C6%	C8%	C9%
-	-	0.01	0.75	71.80	16.07	0.00
0	0	0.01	0.46	77.21	11.66	0.00
0	4	0.01	0.53	71.66	19.06	0.00
1	1	0.01	0.58	72.39	16.74	0.00
1	5	0.01	0.33	71.43	19.47	0.00
2	2	0.01	0.48	70.97	18.98	0.00
2	6	0.00	0.49	69.04	21.70	0.00
3	3	0.00	0.77	77.15	12.15	0.00
3	7	0.01	2.39	64.57	8.77	0.00
Core	CPU	C1%	C3%	C6%	C8%	C9%
-	-	0.01	0.68	71.69	16.25	0.00
0	0	0.01	0.55	75.17	13.58	0.00
0	4	0.00	0.50	68.69	21.99	0.00
1	1	0.00	0.50	72.44	17.57	0.00
1	5	0.01	0.54	72.50	18.25	0.00
2	2	0.00	0.34	70.20	19.86	0.00
2	6	0.00	0.34	70.62	20.22	0.00
3	3	0.00	0.63	79.62	10.02	0.00
3	7	0.01	2.09	64.95	8.65	0.00
Core	CPU	C1%	C3%	C6%	C8%	C9%
-	-	0.01	0.72	72.54	15.46	0.00
0	0	0.01	0.51	74.65	14.19	0.00
0	4	0.01	0.64	69.75	20.79	0.00
1	1	0.00	0.45	73.85	16.08	0.00
1	5	0.01	0.46	72.63	18.20	0.00
2	2	0.01	0.43	71.46	18.54	0.00
2	6	0.00	0.34	70.85	19.99	0.00
3	3	0.01	0.72	80.57	9.06	0.00
3	7	0.01	2.24	66.59	6.87	0.00
Core	CPU	C1%	C3%	C6%	C8%	C9%
-	-	0.01	1.06	67.53	17.87	0.00
0	0	0.01	2.51	69.61	16.33	0.00
0	4	0.00	0.58	66.18	22.17	0.00
1	1	0.00	0.52	70.46	17.65	0.00
1	5	0.00	0.39	66.69	22.57	0.00
2	2	0.01	0.46	67.53	20.11	0.00
2	6	0.01	0.40	65.89	23.25	0.00
3	3	0.00	0.57	73.39	13.56	0.00
3	7	0.01	3.01	59.80	7.09	0.00
Core	CPU	C1%	C3%	C6%	C8%	C9%
-	-	0.01	0.65	70.78	17.09	0.00
0	0	0.00	0.50	72.76	15.37	0.00
0	4	0.01	0.42	70.46	20.25	0.00
1	1	0.00	0.42	73.32	16.55	0.00
1	5	0.01	0.47	69.41	21.31	0.00
2	2	0.00	0.46	69.99	19.94	0.00
2	6	0.00	0.45	70.89	19.86	0.00
3	3	0.00	0.57	76.37	13.53	0.00
3	7	0.02	1.96	63.74	10.07	0.00
Core	CPU	C1%	C3%	C6%	C8%	C9%
-	-	0.00	0.71	70.63	17.35	0.00
0	0	0.00	1.03	76.86	11.40	0.00
0	4	0.00	0.54	72.55	17.77	0.00
1	1	0.01	0.38	71.20	18.90	0.00
1	5	0.00	0.31	68.31	22.39	0.00
2	2	0.01	0.56	69.15	20.63	0.00
2	6	0.00	0.55	68.03	22.67	0.00
3	3	0.00	0.44	75.36	14.75	0.00
3	7	0.01	1.85	63.46	10.31	0.00
Core	CPU	C1%	C3%	C6%	C8%	C9%
-	-	0.01	0.65	70.73	17.30	0.00
0	0	0.00	0.41	73.63	15.27	0.00
0	4	0.00	0.42	69.16	21.53	0.00
1	1	0.00	0.51	70.72	19.21	0.00
1	5	0.01	0.48	67.72	22.98	0.00
2	2	0.01	0.51	71.79	17.90	0.00
2	6	0.01	0.46	70.26	20.52	0.00
3	3	0.01	0.55	77.66	12.26	0.00
3	7	0.02	1.87	64.96	8.76	0.00
Core	CPU	C1%	C3%	C6%	C8%	C9%
-	-	0.01	0.71	72.00	16.04	0.00
0	0	0.01	0.51	71.68	17.31	0.00
0	4	0.01	0.56	67.97	22.66	0.00
1	1	0.00	0.52	73.66	16.20	0.00
1	5	0.01	0.60	71.45	19.26	0.00
2	2	0.00	0.32	72.47	17.53	0.00
2	6	0.00	0.42	72.84	17.91	0.00
3	3	0.00	0.64	79.35	10.38	0.00
3	7	0.02	2.10	66.60	7.09	0.00
Core	CPU	C1%	C3%	C6%	C8%	C9%
-	-	0.01	1.15	69.60	16.36	0.00
0	0	0.01	2.64	71.11	14.58	0.00
0	4	0.01	0.56	67.23	21.63	0.00
1	1	0.00	0.44	73.00	14.71	0.00
1	5	0.01	0.50	69.47	19.43	0.00
2	2	0.00	0.40	68.17	19.90	0.00
2	6	0.00	0.36	67.14	21.21	0.00
3	3	0.00	0.58	76.74	11.07	0.00
3	7	0.01	3.73	63.35	8.15	0.00
Core	CPU	C1%	C3%	C6%	C8%	C9%
-	-	0.01	0.67	71.65	16.44	0.00
0	0	0.01	0.49	73.79	15.31	0.00
0	4	0.00	0.55	71.23	19.44	0.00
1	1	0.01	0.43	73.85	16.13	0.00
1	5	0.01	0.39	69.72	21.19	0.00
2	2	0.00	0.52	73.36	16.35	0.00
2	6	0.01	0.53	69.60	21.16	0.00
3	3	0.00	0.53	76.98	12.88	0.00
3	7	0.01	1.92	64.67	9.04	0.00
Core	CPU	C1%	C3%	C6%	C8%	C9%
-	-	0.01	0.83	72.58	15.21	0.00
0	0	0.01	0.54	70.35	18.31	0.00
0	4	0.00	1.35	67.56	22.09	0.00
1	1	0.00	0.53	74.73	15.09	0.00
1	5	0.01	0.60	70.98	19.76	0.00
2	2	0.00	0.44	73.78	15.93	0.00
2	6	0.00	0.31	71.87	18.97	0.00
3	3	0.00	0.54	83.15	6.43	0.00
3	7	0.01	2.34	68.24	5.07	0.00
Core	CPU	C1%	C3%	C6%	C8%	C9%
-	-	0.01	0.72	71.56	16.37	0.00
0	0	0.00	0.56	73.64	15.18	0.00
0	4	0.01	0.63	68.85	21.73	0.00
1	1	0.00	0.45	73.88	16.03	0.00
1	5	0.01	0.53	71.86	18.91	0.00
2	2	0.00	0.42	70.00	19.93	0.00
2	6	0.00	0.32	69.72	21.15	0.00
3	3	0.01	0.66	79.63	10.12	0.00
3	7	0.02	2.22	65.49	8.07	0.00
Core	CPU	C1%	C3%	C6%	C8%	C9%
-	-	0.01	0.71	71.31	16.83	0.00
0	0	0.01	0.46	70.81	18.39	0.00
0	4	0.00	0.59	68.24	22.33	0.00
1	1	0.00	0.47	73.24	16.69	0.00
1	5	0.00	0.53	70.67	19.94	0.00
2	2	0.01	0.40	70.19	19.73	0.00
2	6	0.01	0.39	69.63	21.21	0.00
3	3	0.00	0.71	80.31	9.38	0.00
3	7	0.02	2.11	66.82	6.75	0.00
Core	CPU	C1%	C3%	C6%	C8%	C9%
-	-	0.01	0.90	69.24	16.61	0.00
0	0	0.00	2.30	67.78	18.12	0.00
0	4	0.01	0.58	67.16	21.43	0.00
1	1	0.00	0.36	74.60	13.47	0.00
1	5	0.01	0.44	68.84	20.29	0.00
2	2	0.01	0.49	68.59	19.00	0.00
2	6	0.01	0.37	66.91	22.06	0.00
3	3	0.01	0.63	77.06	10.50	0.00
3	7	0.02	2.06	63.57	8.14	0.00
Core	CPU	C1%	C3%	C6%	C8%	C9%
-	-	0.01	0.73	71.62	16.38	0.00
0	0	0.01	0.66	70.38	18.54	0.00
0	4	0.01	0.66	68.66	21.85	0.00
1	1	0.00	0.53	72.31	17.52	0.00
1	5	0.01	0.49	70.42	20.31	0.00
2	2	0.00	0.32	71.24	18.75	0.00
2	6	0.00	0.36	70.72	20.11	0.00
3	3	0.00	0.62	82.09	7.68	0.00
3	7	0.03	2.18	67.14	6.30	0.00
Core	CPU	C1%	C3%	C6%	C8%	C9%
-	-	0.01	0.81	71.71	16.24	0.00
0	0	0.01	0.36	75.26	13.87	0.00
0	4	0.01	1.37	72.72	16.99	0.00
1	1	0.00	0.40	74.25	15.78	0.00
1	5	0.01	0.47	72.08	18.71	0.00
2	2	0.01	0.48	69.34	20.59	0.00
2	6	0.00	0.42	68.52	22.36	0.00
3	3	0.01	0.69	78.63	11.22	0.00
3	7	0.01	2.31	62.95	10.39	0.00
Core	CPU	C1%	C3%	C6%	C8%	C9%
-	-	0.00	0.59	70.28	17.84	0.00
0	0	0.00	0.45	74.39	14.73	0.00
0	4	0.00	0.54	73.15	17.53	0.00
1	1	0.00	0.35	74.12	15.81	0.00
1	5	0.00	0.27	68.78	22.15	0.00
2	2	0.00	0.58	69.49	20.25	0.00
2	6	0.01	0.55	67.43	23.28	0.00
3	3	0.00	0.55	73.10	16.80	0.00
3	7	0.01	1.40	61.78	12.19	0.00
Core	CPU	C1%	C3%	C6%	C8%	C9%
-	-	0.01	0.64	70.64	17.48	0.00
0	0	0.00	0.31	73.17	15.96	0.00
0	4	0.00	0.42	71.16	19.56	0.00
1	1	0.00	0.36	70.62	19.49	0.00
1	5	0.01	0.42	68.73	22.07	0.00
2	2	0.01	0.61	71.04	18.63	0.00
2	6	0.01	0.63	68.42	22.20	0.00
3	3	0.00	0.59	76.92	13.03	0.00
3	7	0.02	1.75	65.05	8.91	0.00
Core	CPU	C1%	C3%	C6%	C8%	C9%
-	-	0.01	1.38	69.40	17.05	0.00
0	0	0.01	3.48	68.15	17.40	0.00
0	4	0.00	0.64	68.56	20.54	0.00
1	1	0.01	0.56	69.55	18.88	0.00
1	5	0.01	0.58	68.89	20.84	0.00
2	2	0.01	0.41	68.88	20.00	0.00
2	6	0.01	0.33	69.12	19.84	0.00
3	3	0.00	0.48	77.09	11.76	0.00
3	7	0.01	4.54	64.49	7.00	0.00
Core	CPU	C1%	C3%	C6%	C8%	C9%
-	-	0.01	0.70	72.04	15.92	0.00
0	0	0.01	0.39	72.22	16.79	0.00
0	4	0.01	0.59	68.66	21.90	0.00
1	1	0.00	0.48	74.43	15.42	0.00
1	5	0.02	0.54	70.91	19.82	0.00
2	2	0.00	0.42	71.41	18.58	0.00
2	6	0.00	0.42	70.79	20.02	0.00
3	3	0.00	0.58	81.05	8.76	0.00
3	7	0.01	2.17	67.40	6.25	0.00
Core	CPU	C1%	C3%	C6%	C8%	C9%
-	-	0.01	0.88	71.95	15.88	0.00
0	0	0.00	1.21	71.31	16.65	0.00
0	4	0.01	0.59	70.15	20.43	0.00
1	1	0.01	0.41	73.53	16.39	0.00
1	5	0.01	0.53	70.66	19.93	0.00
2	2	0.00	0.45	70.83	19.21	0.00
2	6	0.00	0.39	71.54	18.70	0.00
3	3	0.00	0.65	79.80	9.95	0.00
3	7	0.01	2.80	67.50	5.72	0.00
Core	CPU	C1%	C3%	C6%	C8%	C9%
-	-	0.01	0.66	71.42	16.75	0.00
0	0	0.01	0.50	72.46	16.67	0.00
0	4	0.00	0.61	69.52	21.10	0.00
1	1	0.00	0.44	75.04	14.75	0.00
1	5	0.01	0.40	70.31	20.48	0.00
2	2	0.01	0.45	70.70	19.27	0.00
2	6	0.01	0.40	70.42	20.44	0.00
3	3	0.00	0.59	77.97	11.91	0.00
3	7	0.01	1.86	64.58	9.30	0.00
Core	CPU	C1%	C3%	C6%	C8%	C9%
-	-	0.01	0.70	71.44	16.49	0.00
0	0	0.01	0.57	71.52	17.41	0.00
0	4	0.01	0.55	70.56	20.06	0.00
1	1	0.00	0.53	74.89	14.86	0.00
1	5	0.01	0.47	69.41	21.27	0.00
2	2	0.00	0.54	72.07	17.67	0.00
2	6	0.00	0.48	71.31	19.41	0.00
3	3	0.00	0.54	77.05	12.83	0.00
3	7	0.02	1.97	65.27	8.54	0.00
Core	CPU	C1%	C3%	C6%	C8%	C9%
-	-	0.00	0.83	69.64	16.19	0.00
0	0	0.01	0.96	69.18	16.69	0.00
0	4	0.00	0.49	66.36	21.81	0.00
1	1	0.00	0.50	73.11	14.80	0.00
1	5	0.00	0.59	69.60	18.34	0.00
2	2	0.00	0.47	66.70	21.02	0.00
2	6	0.00	0.41	69.06	19.78	0.00
3	3	0.00	0.63	77.98	10.13	0.00
3	7	0.01	2.58	64.68	6.87	0.00
Core	CPU	C1%	C3%	C6%	C8%	C9%
-	-	0.01	0.73	71.76	16.15	0.00
0	0	0.01	0.50	70.30	18.74	0.00
0	4	0.01	0.72	71.73	18.47	0.00
1	1	0.00	0.58	70.52	19.17	0.00
1	5	0.01	0.60	70.19	20.47	0.00
2	2	0.00	0.37	71.77	18.28	0.00
2	6	0.00	0.33	71.19	19.64	0.00
3	3	0.00	0.54	81.73	8.13	0.00
3	7	0.01	2.17	67.16	6.44	0.00
Core	CPU	C1%	C3%	C6%	C8%	C9%
-	-	0.01	0.96	71.35	16.57	0.00
0	0	0.01	0.55	71.35	17.72	0.00
0	4	0.00	1.51	69.60	19.90	0.00
1	1	0.00	0.55	72.52	17.21	0.00
1	5	0.01	0.59	71.77	19.03	0.00
2	2	0.00	0.35	69.96	20.09	0.00
2	6	0.01	0.32	70.47	20.48	0.00
3	3	0.00	0.70	79.62	9.94	0.00
3	7	0.01	3.10	64.92	8.03	0.00
Core	CPU	C1%	C3%	C6%	C8%	C9%
-	-	0.01	0.66	69.16	17.95	0.00
0	0	0.00	0.43	73.26	15.99	0.00
0	4	0.00	0.46	72.05	18.01	0.00
1	1	0.01	0.45	70.13	19.16	0.00
1	5	0.01	0.38	67.74	22.90	0.00
2	2	0.01	0.53	67.06	21.61	0.00
2	6	0.00	0.56	65.47	25.49	0.00
3	3	0.01	0.53	76.03	13.23	0.00
3	7	0.02	1.96	61.84	7.28	0.00
Core	CPU	C1%	C3%	C6%	C8%	C9%
-	-	0.01	0.65	71.34	16.72	0.00
0	0	0.01	0.44	77.10	11.86	0.00
0	4	0.01	0.49	71.02	19.61	0.00
1	1	0.00	0.37	73.46	16.61	0.00
1	5	0.00	0.31	71.17	19.68	0.00
2	2	0.00	0.46	69.26	20.68	0.00
2	6	0.00	0.49	67.44	23.28	0.00
3	3	0.01	0.74	77.90	11.85	0.00
3	7	0.01	1.90	63.50	10.25	0.00
Core	CPU	C1%	C3%	C6%	C8%	C9%
-	-	0.00	1.11	69.12	17.46	0.00
0	0	0.00	2.05	74.61	11.37	0.00
0	4	0.00	0.47	70.89	18.82	0.00
1	1	0.01	0.40	70.46	17.70	0.00
1	5	0.00	0.29	67.68	22.59	0.00
2	2	0.01	0.57	68.38	19.54	0.00
2	6	0.00	0.49	66.46	23.19	0.00
3	3	0.00	0.50	73.01	15.70	0.00
3	7	0.01	4.09	60.98	10.66	0.00
Core	CPU	C1%	C3%	C6%	C8%	C9%
-	-	0.01	0.70	71.50	16.58	0.00
0	0	0.00	0.54	71.18	17.87	0.00
0	4	0.00	0.58	68.42	22.21	0.00
1	1	0.00	0.51	72.59	17.20	0.00
1	5	0.01	0.55	69.75	21.01	0.00
2	2	0.01	0.41	72.44	17.49	0.00
2	6	0.00	0.38	71.23	19.65	0.00
3	3	0.01	0.62	80.20	9.65	0.00
3	7	0.02	2.03	66.16	7.52	0.00
Core	CPU	C1%	C3%	C6%	C8%	C9%
-	-	0.01	0.89	72.10	15.74	0.00
0	0	0.01	0.61	72.87	16.15	0.00
0	4	0.01	0.69	69.91	20.34	0.00
1	1	0.00	0.36	75.86	14.07	0.00
1	5	0.00	0.47	73.49	17.24	0.00
2	2	0.00	0.37	69.90	20.10	0.00
2	6	0.00	0.29	69.07	21.90	0.00
3	3	0.01	1.48	80.66	8.26	0.00
3	7	0.01	2.83	65.19	7.86	0.00
Core	CPU	C1%	C3%	C6%	C8%	C9%
-	-	0.00	0.66	71.15	16.79	0.00
0	0	0.00	0.56	75.59	13.31	0.00
0	4	0.00	0.80	73.55	16.52	0.00
1	1	0.00	0.32	72.95	16.99	0.00
1	5	0.00	0.44	71.58	19.16	0.00
2	2	0.00	0.52	68.66	21.22	0.00
2	6	0.00	0.36	67.96	22.91	0.00
3	3	0.01	0.60	77.06	12.84	0.00
3	7	0.01	1.73	62.31	11.50	0.00
Core	CPU	C1%	C3%	C6%	C8%	C9%
-	-	0.00	0.67	71.47	16.57	0.00
0	0	0.00	0.53	74.07	14.97	0.00
0	4	0.01	0.84	71.51	18.74	0.00
1	1	0.00	0.31	74.16	15.69	0.00
1	5	0.00	0.33	70.85	20.00	0.00
2	2	0.01	0.50	68.36	21.57	0.00
2	6	0.00	0.51	69.21	21.56	0.00
3	3	0.00	0.61	78.61	11.25	0.00
3	7	0.01	1.69	65.06	8.81	0.00
Core	CPU	C1%	C3%	C6%	C8%	C9%
-	-	0.01	1.30	68.62	18.11	0.00
0	0	0.01	3.13	70.24	15.61	0.00
0	4	0.00	0.57	68.45	20.82	0.00
1	1	0.01	0.47	69.98	18.83	0.00
1	5	0.01	0.45	66.76	22.32	0.00
2	2	0.01	0.40	67.39	21.73	0.00
2	6	0.01	0.51	67.74	22.47	0.00
3	3	0.00	0.59	75.17	14.10	0.00
3	7	0.01	4.31	62.76	8.86	0.00
Core	CPU	C1%	C3%	C6%	C8%	C9%
-	-	0.01	0.65	71.86	16.27	0.00
0	0	0.01	0.51	77.03	11.96	0.00
0	4	0.01	0.68	71.16	19.35	0.00
1	1	0.00	0.31	73.64	16.41	0.00
1	5	0.01	0.29	70.92	20.02	0.00
2	2	0.00	0.48	70.65	19.30	0.00
2	6	0.00	0.40	68.61	22.29	0.00
3	3	0.01	0.64	78.62	11.25	0.00
3	7	0.01	1.89	64.12	9.52	0.00
Core	CPU	C1%	C3%	C6%	C8%	C9%
-	-	0.00	0.77	70.62	17.05	0.00
0	0	0.01	0.64	72.72	15.78	0.00
0	4	0.00	0.65	68.53	22.00	0.00
1	1	0.00	0.42	73.00	16.49	0.00
1	5	0.00	0.44	69.68	21.17	0.00
2	2	0.00	0.40	67.64	21.74	0.00
2	6	0.00	0.39	68.78	22.09	0.00
3	3	0.00	0.89	79.53	8.94	0.00
3	7	0.01	2.31	65.07	8.23	0.00
Core	CPU	C1%	C3%	C6%	C8%	C9%
-	-	0.01	0.66	70.85	17.13	0.00
0	0	0.00	0.48	77.52	11.30	0.00
0	4	0.00	0.52	70.70	19.96	0.00
1	1	0.01	0.31	71.77	18.35	0.00
1	5	0.01	0.39	70.04	20.75	0.00
2	2	0.00	0.47	69.55	20.41	0.00
2	6	0.00	0.43	67.72	23.12	0.00
3	3	0.01	0.67	76.97	12.84	0.00
3	7	0.01	1.97	63.15	10.44	0.00
Core	CPU	C1%	C3%	C6%	C8%	C9%
-	-	0.01	0.68	71.28	16.79	0.00
0	0	0.01	0.50	76.23	12.53	0.00
0	4	0.00	0.61	69.57	20.92	0.00
1	1	0.00	0.47	71.99	18.00	0.00
1	5	0.01	0.46	70.44	20.30	0.00
2	2	0.01	0.41	70.36	19.67	0.00
2	6	0.01	0.45	69.57	21.27	0.00
3	3	0.01	0.60	76.99	12.91	0.00
3	7	0.01	1.92	65.07	8.71	0.00
Core	CPU	C1%	C3%	C6%	C8%	C9%
-	-	0.01	0.90	68.86	17.13	0.00
0	0	0.01	1.56	74.74	10.97	0.00
0	4	0.00	0.54	70.17	18.40	0.00
1	1	0.00	0.35	70.01	17.44	0.00
1	5	0.01	0.30	67.00	22.01	0.00
2	2	0.01	0.59	69.41	18.42	0.00
2	6	0.01	0.52	67.35	22.24	0.00
3	3	0.01	0.51	69.75	18.11	0.00
3	7	0.01	2.79	61.96	9.34	0.00
Core	CPU	C1%	C3%	C6%	C8%	C9%
-	-	0.13	0.71	71.11	16.22	0.00
0	0	0.28	0.49	74.16	14.48	0.00
0	4	0.01	0.60	67.07	21.49	0.00
1	1	0.01	0.48	72.56	16.99	0.00
1	5	0.01	0.57	70.92	19.49	0.00
2	2	0.21	0.44	70.71	17.83	0.00
2	6	0.00	0.41	70.36	20.30	0.00
3	3	0.01	0.57	78.07	11.69	0.00
3	7	0.53	2.12	65.45	7.61	0.00
Core	CPU	C1%	C3%	C6%	C8%	C9%
-	-	0.11	0.74	71.07	16.07	0.00
0	0	0.01	0.35	74.98	14.02	0.00
0	4	0.01	0.57	72.46	17.83	0.00
1	1	0.59	0.43	72.22	16.90	0.00
1	5	0.01	0.45	70.98	19.62	0.00
2	2	0.01	1.01	67.66	17.07	0.00
2	6	0.23	0.53	70.07	20.06	0.00
3	3	0.01	0.66	76.20	12.96	0.00
3	7	0.01	1.91	63.50	10.01	0.00
Core	CPU	C1%	C3%	C6%	C8%	C9%
-	-	0.01	0.72	72.00	15.91	0.00
0	0	0.01	0.59	70.32	18.71	0.00
0	4	0.00	0.69	70.70	19.56	0.00
1	1	0.00	0.48	73.02	16.75	0.00
1	5	0.01	0.53	72.00	18.70	0.00
2	2	0.00	0.39	70.74	19.23	0.00
2	6	0.00	0.30	70.28	20.59	0.00
3	3	0.00	0.64	81.55	8.23	0.00
3	7	0.01	2.14	67.87	5.67	0.00
Core	CPU	C1%	C3%	C6%	C8%	C9%
-	-	0.03	0.79	72.16	15.72	0.00
0	0	0.00	0.52	73.49	15.51	0.00
0	4	0.01	0.56	70.98	19.58	0.00
1	1	0.00	0.42	75.15	14.73	0.00
1	5	0.09	0.50	72.03	17.88	0.00
2	2	0.00	0.51	70.02	19.84	0.00
2	6	0.01	0.51	70.44	20.30	0.00
3	3	0.12	1.26	78.02	10.76	0.00
3	7	0.02	2.07	66.51	7.05	0.00
Core	CPU	C1%	C3%	C6%	C8%	C9%
-	-	0.01	0.69	72.08	15.89	0.00
0	0	0.00	0.44	75.35	13.56	0.00
0	4	0.01	0.66	70.73	19.76	0.00
1	1	0.01	0.41	73.70	16.29	0.00
1	5	0.01	0.51	71.39	19.31	0.00
2	2	0.00	0.53	70.76	19.06	0.00
2	6	0.00	0.43	69.72	21.05	0.00
3	3	0.00	0.64	79.78	10.04	0.00
3	7	0.01	1.93	65.63	8.12	0.00
Core	CPU	C1%	C3%	C6%	C8%	C9%
-	-	0.01	0.69	72.01	16.12	0.00
0	0	0.00	0.45	76.65	12.32	0.00
0	4	0.01	0.56	71.33	19.31	0.00
1	1	0.00	0.40	73.43	16.60	0.00
1	5	0.01	0.44	70.43	20.37	0.00
2	2	0.01	0.54	71.07	18.81	0.00
2	6	0.00	0.51	70.06	20.69	0.00
3	3	0.00	0.58	77.47	12.40	0.00
3	7	0.01	2.03	65.22	8.38	0.00
Core	CPU	C1%	C3%	C6%	C8%	C9%
-	-	0.01	1.23	70.34	15.99	0.00
0	0	0.01	2.25	72.23	13.40	0.00
0	4	0.01	0.69	67.43	21.22	0.00
1	1	0.00	0.38	72.38	16.44	0.00
1	5	0.01	0.51	70.82	18.90	0.00
2	2	0.01	0.45	69.17	19.11	0.00
2	6	0.00	0.27	69.66	20.69	0.00
3	3	0.00	0.60	76.97	10.89	0.00
3	7	0.01	4.72	64.04	7.30	0.00
Core	CPU	C1%	C3%	C6%	C8%	C9%
-	-	0.01	0.68	71.23	16.72	0.00
0	0	0.00	0.58	73.44	15.54	0.00
0	4	0.01	0.67	70.00	20.43	0.00
1	1	0.00	0.37	74.90	15.02	0.00
1	5	0.00	0.36	70.71	20.17	0.00
2	2	0.01	0.60	71.28	18.36	0.00
2	6	0.01	0.48	68.96	21.80	0.00
3	3	0.00	0.56	76.87	13.01	0.00
3	7	0.02	1.85	64.24	9.54	0.00
Core	CPU	C1%	C3%	C6%	C8%	C9%
-	-	0.01	0.82	71.16	16.30	0.00
0	0	0.01	1.16	71.48	16.61	0.00
0	4	0.01	0.89	69.71	19.64	0.00
1	1	0.00	0.39	75.06	14.65	0.00
1	5	0.00	0.59	72.09	17.60	0.00
2	2	0.01	0.39	68.53	21.18	0.00
2	6	0.00	0.30	68.23	22.07	0.00
3	3	0.00	0.58	78.76	10.67	0.00
3	7	0.01	2.27	65.26	7.94	0.00
Core	CPU	C1%	C3%	C6%	C8%	C9%
-	-	0.01	0.71	70.24	17.11	0.00
0	0	0.00	0.52	71.32	17.70	0.00
0	4	0.00	0.75	69.77	20.59	0.00
1	1	0.00	0.51	70.24	19.71	0.00
1	5	0.01	0.49	68.12	22.25	0.00
2	2	0.00	0.31	69.51	20.39	0.00
2	6	0.00	0.44	70.87	20.12	0.00
3	3	0.00	0.39	79.25	10.22	0.00
3	7	0.02	2.25	63.07	5.94	0.00
Core	CPU	C1%	C3%	C6%	C8%	C9%
-	-	0.01	0.65	71.05	17.03	0.00
0	0	0.01	0.42	75.04	13.98	0.00
0	4	0.00	0.56	70.59	19.90	0.00
1	1	0.01	0.35	74.00	16.03	0.00
1	5	0.01	0.41	70.11	20.72	0.00
2	2	0.01	0.45	69.70	20.25	0.00
2	6	0.00	0.47	68.02	22.77	0.00
3	3	0.00	0.65	76.74	13.11	0.00
3	7	0.01	1.90	64.21	9.48	0.00
Core	CPU	C1%	C3%	C6%	C8%	C9%
-	-	0.00	1.10	70.00	15.83	0.00
0	0	0.00	2.46	72.38	13.42	0.00
0	4	0.01	0.79	69.51	18.17	0.00
1	1	0.00	0.44	72.90	14.87	0.00
1	5	0.01	0.40	69.04	19.27	0.00
2	2	0.00	0.43	69.01	18.98	0.00
2	6	0.00	0.43	67.43	21.38	0.00
3	3	0.00	0.54	76.12	12.19	0.00
3	7	0.01	3.33	63.27	8.27	0.00
Core	CPU	C1%	C3%	C6%	C8%	C9%
-	-	0.01	0.72	71.92	16.15	0.00
0	0	0.01	0.58	72.11	16.83	0.00
0	4	0.01	0.76	67.40	22.88	0.00
1	1	0.00	0.50	73.26	16.70	0.00
1	5	0.01	0.58	72.00	18.74	0.00
2	2	0.00	0.35	70.50	19.49	0.00
2	6	0.00	0.38	71.53	19.31	0.00
3	3	0.00	0.56	80.70	9.20	0.00
3	7	0.02	2.09	67.64	6.01	0.00
Core	CPU	C1%	C3%	C6%	C8%	C9%
-	-	0.01	0.91	71.01	16.49	0.00
0	0	0.01	0.45	71.98	16.83	0.00
0	4	0.00	0.84	68.86	20.98	0.00
1	1	0.01	0.57	72.51	17.10	0.00
1	5	0.01	1.34	70.83	18.61	0.00
2	2	0.00	0.43	68.86	21.07	0.00
2	6	0.00	0.45	70.16	20.31	0.00
3	3	0.00	0.55	78.09	11.16	0.00
3	7	0.02	2.67	67.12	5.93	0.00
Core	CPU	C1%	C3%	C6%	C8%	C9%
-	-	0.01	0.74	71.76	15.87	0.00
0	0	0.01	0.64	72.79	16.01	0.00
0	4	0.02	0.73	66.75	22.20	0.00
1	1	0.00	0.46	72.38	17.63	0.00
1	5	0.00	0.51	74.99	15.56	0.00
2	2	0.00	0.37	67.23	21.94	0.00
2	6	0.00	0.29	69.05	21.74	0.00
3	3	0.00	0.63	82.79	6.93	0.00
3	7	0.01	2.29	68.31	5.04	0.00
Core	CPU	C1%	C3%	C6%	C8%	C9%
-	-	0.01	0.69	71.46	16.67	0.00
0	0	0.01	0.54	73.22	15.78	0.00
0	4	0.00	0.59	69.13	21.36	0.00
1	1	0.00	0.39	73.27	16.75	0.00
1	5	0.01	0.42	73.68	17.06	0.00
2	2	0.01	0.36	69.40	20.60	0.00
2	6	0.00	0.40	69.28	21.59	0.00
3	3	0.00	0.86	78.55	11.07	0.00
3	7	0.02	1.98	64.59	8.99	0.00
Core	CPU	C1%	C3%	C6%	C8%	C9%
-	-	0.03	1.20	68.84	17.26	0.00
0	0	0.01	1.93	67.38	18.52	0.00
0	4	0.00	0.63	67.96	19.88	0.00
1	1	0.00	0.45	70.56	18.01	0.00
1	5	0.01	0.46	68.41	20.94	0.00
2	2	0.00	0.50	69.39	19.30	0.00
2	6	0.00	0.47	67.68	21.42	0.00
3	3	0.00	0.50	76.38	12.72	0.00
3	7	0.21	4.64	63.58	7.49	0.00
Core	CPU	C1%	C3%	C6%	C8%	C9%
-	-	0.01	0.65	71.05	17.10	0.00
0	0	0.00	0.42	70.45	18.70	0.00
0	4	0.01	0.61	69.99	20.59	0.00
1	1	0.01	0.45	74.05	15.87	0.00
1	5	0.01	0.39	71.51	19.28	0.00
2	2	0.01	0.54	71.48	18.30	0.00
2	6	0.01	0.41	69.91	20.95	0.00
3	3	0.00	0.59	77.14	12.69	0.00
3	7	0.01	1.80	63.46	10.30	0.00
Core	CPU	C1%	C3%	C6%	C8%	C9%
-	-	0.01	0.93	72.09	15.62	0.00
0	0	0.01	0.54	72.33	16.57	0.00
0	4	0.01	0.65	66.22	24.10	0.00
1	1	0.00	0.46	75.64	14.32	0.00
1	5	0.01	0.59	73.30	17.33	0.00
2	2	0.00	1.23	70.73	18.20	0.00
2	6	0.00	0.33	70.57	19.98	0.00
3	3	0.01	0.62	81.85	7.29	0.00
3	7	0.01	2.99	65.81	7.10	0.00
Core	CPU	C1%	C3%	C6%	C8%	C9%
-	-	0.01	0.70	71.56	16.37	0.00
0	0	0.01	0.52	74.08	14.78	0.00
0	4	0.00	0.58	68.94	21.46	0.00
1	1	0.01	0.53	71.21	18.51	0.00
1	5	0.01	0.58	70.75	19.97	0.00
2	2	0.01	0.43	70.66	19.31	0.00
2	6	0.00	0.38	70.88	19.94	0.00
3	3	0.00	0.56	79.60	10.16	0.00
3	7	0.02	2.02	66.84	6.96	0.00
Core	CPU	C1%	C3%	C6%	C8%	C9%
-	-	0.01	0.72	72.21	15.90	0.00
0	0	0.01	0.48	71.95	17.12	0.00
0	4	0.00	0.76	69.78	20.53	0.00
1	1	0.00	0.44	73.60	16.46	0.00
1	5	0.01	0.49	71.49	19.33	0.00
2	2	0.00	0.44	71.91	17.98	0.00
2	6	0.00	0.43	69.79	21.06	0.00
3	3	0.01	0.56	82.04	7.76	0.00
3	7	0.02	2.12	66.68	6.85	0.00
Core	CPU	C1%	C3%	C6%	C8%	C9%
-	-	0.01	1.05	69.35	16.49	0.00
0	0	0.01	2.14	69.80	16.05	0.00
0	4	0.00	0.68	68.38	20.05	0.00
1	1	0.01	0.48	72.04	15.74	0.00
1	5	0.01	0.43	66.33	22.45	0.00
2	2	0.01	0.42	71.53	17.32	0.00
2	6	0.01	0.44	68.17	20.15	0.00
3	3	0.01	0.51	75.98	11.44	0.00
3	7	0.02	3.31	62.73	8.76	0.00
Core	CPU	C1%	C3%	C6%	C8%	C9%
-	-	0.01	0.69	71.54	16.42	0.00
0	0	0.01	0.54	73.67	15.24	0.00
0	4	0.00	0.67	70.26	20.11	0.00
1	1	0.00	0.43	73.63	16.26	0.00
1	5	0.01	0.42	71.27	19.55	0.00
2	2	0.00	0.39	71.32	18.65	0.00
2	6	0.01	0.38	69.20	21.61	0.00
3	3	0.01	0.68	78.59	11.20	0.00
3	7	0.01	2.02	64.83	8.85	0.00
Core	CPU	C1%	C3%	C6%	C8%	C9%
-	-	0.01	0.77	70.75	17.14	0.00
0	0	0.00	0.43	73.70	15.52	0.00
0	4	0.00	0.56	72.20	18.44	0.00
1	1	0.01	0.45	73.74	15.93	0.00
1	5	0.00	0.40	68.31	22.59	0.00
2	2	0.02	0.62	69.87	19.78	0.00
2	6	0.00	0.56	67.89	22.87	0.00
3	3	0.00	0.51	75.85	13.19	0.00
3	7	0.01	2.65	64.40	8.79	0.00
Core	CPU	C1%	C3%	C6%	C8%	C9%
-	-	0.01	0.72	72.04	16.09	0.00
0	0	0.01	0.51	70.40	18.57	0.00
0	4	0.00	0.63	68.59	21.90	0.00
1	1	0.01	0.56	72.86	17.02	0.00
1	5	0.01	0.53	70.78	20.02	0.00
2	2	0.00	0.35	74.30	15.67	0.00
2	6	0.00	0.41	72.59	18.22	0.00
3	3	0.00	0.54	79.82	10.06	0.00
3	7	0.01	2.20	66.39	7.14	0.00
Core	CPU	C1%	C3%	C6%	C8%	C9%
-	-	0.01	0.67	71.00	16.99	0.00
0	0	0.01	0.40	73.75	15.38	0.00
0	4	0.00	0.64	72.18	18.09	0.00
1	1	0.01	0.44	69.79	20.07	0.00
1	5	0.01	0.50	70.63	20.03	0.00
2	2	0.01	0.45	69.45	20.53	0.00
2	6	0.00	0.48	68.92	21.81	0.00
3	3	0.00	0.59	78.26	11.61	0.00
3	7	0.01	1.88	65.30	8.52	0.00
Core	CPU	C1%	C3%	C6%	C8%	C9%
-	-	0.01	1.11	69.10	16.82	0.00
0	0	0.01	2.37	73.13	12.68	0.00
0	4	0.01	0.53	69.19	19.68	0.00
1	1	0.01	0.49	70.55	17.23	0.00
1	5	0.00	0.42	68.01	20.93	0.00
2	2	0.01	0.43	66.30	21.89	0.00
2	6	0.00	0.50	65.79	22.96	0.00
3	3	0.00	0.60	75.36	11.68	0.00
3	7	0.01	3.56	64.18	7.41	0.00
Core	CPU	C1%	C3%	C6%	C8%	C9%
-	-	0.01	0.70	71.77	16.13	0.00
0	0	0.01	0.63	73.60	15.29	0.00
0	4	0.00	0.67	71.27	19.08	0.00
1	1	0.01	0.43	73.57	16.16	0.00
1	5	0.00	0.55	70.49	20.25	0.00
2	2	0.00	0.51	70.79	19.16	0.00
2	6	0.00	0.39	70.44	20.36	0.00
3	3	0.00	0.62	78.77	10.94	0.00
3	7	0.02	1.84	65.88	7.93	0.00
Core	CPU	C1%	C3%	C6%	C8%	C9%
-	-	0.01	0.79	72.29	15.63	0.00
0	0	0.00	0.48	72.62	16.52	0.00
0	4	0.00	0.68	69.75	20.82	0.00
1	1	0.00	0.92	74.98	13.87	0.00
1	5	0.01	0.41	72.01	18.85	0.00
2	2	0.00	0.52	71.86	18.12	0.00
2	6	0.00	0.36	71.01	19.89	0.00
3	3	0.00	0.53	79.92	9.89	0.00
3	7	0.01	2.45	66.15	7.09	0.00
Core	CPU	C1%	C3%	C6%	C8%	C9%
-	-	0.01	0.71	72.58	15.52	0.00
0	0	0.01	0.51	73.04	15.99	0.00
0	4	0.01	0.66	66.80	23.75	0.00
1	1	0.00	0.46	73.69	16.31	0.00
1	5	0.01	0.51	72.76	18.04	0.00
2	2	0.00	0.29	73.86	16.09	0.00
2	6	0.00	0.36	70.26	20.60	0.00
3	3	0.00	0.75	82.03	7.54	0.00
3	7	0.01	2.18	67.69	5.74	0.00
Core	CPU	C1%	C3%	C6%	C8%	C9%
-	-	0.00	0.68	71.61	16.31	0.00
0	0	0.01	0.58	73.11	15.78	0.00
0	4	0.00	0.70	70.17	20.32	0.00
1	1	0.00	0.40	73.97	15.80	0.00
1	5	0.00	0.41	72.57	18.19	0.00
2	2	0.01	0.43	70.09	19.80	0.00
2	6	0.00	0.38	69.21	21.58	0.00
3	3	0.00	0.67	79.29	10.40	0.00
3	7	0.01	1.88	65.03	8.74	0.00
Core	CPU	C1%	C3%	C6%	C8%	C9%
-	-	0.01	1.25	69.27	17.48	0.00
0	0	0.01	2.28	72.45	13.54	0.00
0	4	0.00	0.65	69.90	20.60	0.00
1	1	0.01	0.38	70.29	18.05	0.00
1	5	0.01	0.37	68.15	22.33	0.00
2	2	0.01	0.48	68.85	19.29	0.00
2	6	0.00	0.59	67.88	22.43	0.00
3	3	0.01	0.56	74.92	13.98	0.00
3	7	0.02	4.69	61.57	9.61	0.00
Core	CPU	C1%	C3%	C6%	C8%	C9%
-	-	0.01	0.65	69.60	17.94	0.00
0	0	0.01	0.42	72.70	16.27	0.00
0	4	0.00	0.68	71.24	19.37	0.00
1	1	0.01	0.44	71.09	18.69	0.00
1	5	0.01	0.37	67.77	23.19	0.00
2	2	0.01	0.45	69.19	20.90	0.00
2	6	0.01	0.48	66.96	23.98	0.00
3	3	0.01	0.48	76.09	12.73	0.00
3	7	0.07	1.90	61.26	8.25	0.00
Core	CPU	C1%	C3%	C6%	C8%	C9%
-	-	0.01	0.90	72.38	15.39	0.00
0	0	0.01	0.63	73.20	15.67	0.00
0	4	0.01	0.71	66.93	23.53	0.00
1	1	0.00	0.48	74.69	15.17	0.00
1	5	0.01	1.39	72.55	17.28	0.00
2	2	0.00	0.33	71.55	18.55	0.00
2	6	0.00	0.27	70.88	19.98	0.00
3	3	0.00	0.67	82.59	7.21	0.00
3	7	0.02	2.77	67.28	5.86	0.00
Core	CPU	C1%	C3%	C6%	C8%	C9%
-	-	0.01	0.70	71.31	16.85	0.00
0	0	0.01	0.48	72.46	16.57	0.00
0	4	0.00	0.63	67.89	22.70	0.00
1	1	0.00	0.41	73.68	16.24	0.00
1	5	0.01	0.52	70.81	19.85	0.00
2	2	0.01	0.37	70.17	19.91	0.00
2	6	0.00	0.34	69.38	21.51	0.00
3	3	0.01	0.67	79.63	10.14	0.00
3	7	0.01	2.16	65.80	7.74	0.00
Core	CPU	C1%	C3%	C6%	C8%	C9%
-	-	0.00	0.75	72.26	15.64	0.00
0	0	0.00	0.63	75.23	13.51	0.00
0	4	0.01	0.74	69.08	21.35	0.00
1	1	0.00	0.46	74.58	15.25	0.00
1	5	0.00	0.54	72.79	17.96	0.00
2	2	0.01	0.44	69.73	20.22	0.00
2	6	0.00	0.28	69.99	20.86	0.00
3	3	0.01	0.66	81.22	8.57	0.00
3	7	0.01	2.29	65.95	7.53	0.00
Core	CPU	C1%	C3%	C6%	C8%	C9%
-	-	0.00	1.06	68.84	16.86	0.00
0	0	0.00	2.28	70.24	15.42	0.00
0	4	0.00	0.69	69.72	18.57	0.00
1	1	0.00	0.51	69.00	18.70	0.00
1	5	0.00	0.48	67.12	21.00	0.00
2	2	0.00	0.40	67.65	19.82	0.00
2	6	0.00	0.41	67.24	20.83	0.00
3	3	0.01	0.50	76.44	12.09	0.00
3	7	0.01	3.22	63.33	8.40	0.00
Core	CPU	C1%	C3%	C6%	C8%	C9%
-	-	0.01	0.74	72.04	15.97	0.00
0	0	0.01	0.53	70.66	18.25	0.00
0	4	0.00	0.72	67.24	23.12	0.00
1	1	0.00	0.55	73.43	16.44	0.00
1	5	0.01	0.68	71.20	19.44	0.00
2	2	0.00	0.28	73.08	17.01	0.00
2	6	0.00	0.30	70.97	19.94	0.00
3	3	0.00	0.59	82.11	7.75	0.00
3	7	0.01	2.25	67.81	5.82	0.00
Core	CPU	C1%	C3%	C6%	C8%	C9%
-	-	0.01	0.86	71.78	16.27	0.00
0	0	0.01	1.42	71.94	16.23	0.00
0	4	0.00	0.67	69.27	21.21	0.00
1	1	0.00	0.46	72.76	17.13	0.00
1	5	0.01	0.52	70.86	19.94	0.00
2	2	0.00	0.38	71.41	18.65	0.00
2	6	0.00	0.40	70.52	20.32	0.00
3	3	0.01	0.57	80.75	9.20	0.00
3	7	0.01	2.44	66.14	7.29	0.00
Core	CPU	C1%	C3%	C6%	C8%	C9%
-	-	0.01	0.70	71.87	16.06	0.00
0	0	0.01	0.55	70.06	18.95	0.00
0	4	0.00	0.73	69.04	21.36	0.00
1	1	0.01	0.50	76.29	13.43	0.00
1	5	0.01	0.52	70.99	19.69	0.00
2	2	0.01	0.30	71.89	18.11	0.00
2	6	0.00	0.37	70.89	19.93	0.00
3	3	0.01	0.68	80.19	9.57	0.00
3	7	0.02	1.96	66.22	7.56	0.00
Core	CPU	C1%	C3%	C6%	C8%	C9%
-	-	0.01	0.67	71.56	16.62	0.00
0	0	0.01	0.43	71.70	17.46	0.00
0	4	0.00	0.71	70.47	19.97	0.00
1	1	0.00	0.45	72.10	17.73	0.00
1	5	0.01	0.53	70.17	20.60	0.00
2	2	0.00	0.44	71.09	18.83	0.00
2	6	0.01	0.39	68.98	21.87	0.00
3	3	0.00	0.55	80.33	9.56	0.00
3	7	0.01	1.86	67.05	6.81	0.00
Core	CPU	C1%	C3%	C6%	C8%	C9%
-	-	0.01	1.08	69.26	16.42	0.00
0	0	0.01	2.38	70.13	15.76	0.00
0	4	0.00	0.61	68.26	19.73	0.00
1	1	0.00	0.44	73.75	14.01	0.00
1	5	0.01	0.45	68.60	19.55	0.00
2	2	0.01	0.41	67.01	20.58	0.00
2	6	0.01	0.46	67.31	21.40	0.00
3	3	0.00	0.59	75.93	11.79	0.00
3	7	0.02	3.27	63.11	8.57	0.00
Core	CPU	C1%	C3%	C6%	C8%	C9%
-	-	0.13	0.70	70.23	17.58	0.00
0	0	0.00	0.40	71.45	17.62	0.00
0	4	0.00	0.50	69.07	21.48	0.00
1	1	0.01	0.53	72.57	17.11	0.00
1	5	0.01	0.58	67.86	22.72	0.00
2	2	0.01	0.47	67.80	22.24	0.00
2	6	0.00	0.55	68.59	22.09	0.00
3	3	0.00	0.58	79.22	10.54	0.00
3	7	0.98	2.02	65.72	6.99	0.00
Core	CPU	C1%	C3%	C6%	C8%	C9%
-	-	0.01	0.79	71.03	16.82	0.00
0	0	0.00	0.42	76.01	13.03	0.00
0	4	0.00	0.67	72.37	18.03	0.00
1	1	0.00	0.40	71.32	18.68	0.00
1	5	0.01	0.42	71.30	19.45	0.00
2	2	0.01	0.44	68.91	21.10	0.00
2	6	0.00	0.49	68.10	22.69	0.00
3	3	0.00	0.91	76.67	11.93	0.00
3	7	0.01	2.58	63.56	9.66	0.00
Core	CPU	C1%	C3%	C6%	C8%	C9%
-	-	0.01	0.70	71.04	17.03	0.00
0	0	0.00	0.47	75.27	13.63	0.00
0	4	0.00	0.77	71.27	19.02	0.00
1	1	0.00	0.46	71.79	18.20	0.00
1	5	0.01	0.38	69.66	21.23	0.00
2	2	0.01	0.49	70.09	19.83	0.00
2	6	0.01	0.56	68.05	22.66	0.00
3	3	0.00	0.58	78.08	11.69	0.00
3	7	0.01	1.86	63.64	9.87	0.00
Core	CPU	C1%	C3%	C6%	C8%	C9%
-	-	0.01	0.74	72.28	15.63	0.00
0	0	0.01	0.56	70.18	18.73	0.00
0	4	0.00	0.75	68.83	21.55	0.00
1	1	0.00	0.48	74.08	15.64	0.00
1	5	0.01	0.60	71.82	18.90	0.00
2	2	0.00	0.42	72.63	17.32	0.00
2	6	0.00	0.37	71.26	19.53	0.00
3	3	0.00	0.53	82.11	7.71	0.00
3	7	0.01	2.20	67.83	5.79	0.00
Core	CPU	C1%	C3%	C6%	C8%	C9%
-	-	0.01	0.73	68.90	16.93	0.31
0	0	0.00	1.07	70.83	15.26	2.44
0	4	0.00	0.55	68.45	19.59	0.00
1	1	0.00	0.32	71.71	16.30	0.00
1	5	0.01	0.40	68.44	19.83	0.00
2	2	0.00	0.40	68.09	20.04	0.00
2	6	0.00	0.41	66.96	21.84	0.00
3	3	0.00	0.68	74.40	13.26	0.00
3	7	0.01	2.04	62.02	9.26	0.00
Core	CPU	C1%	C3%	C6%	C8%	C9%
-	-	0.01	0.73	72.58	15.33	0.00
0	0	0.00	0.51	73.45	15.51	0.00
0	4	0.00	0.65	68.89	21.55	0.00
1	1	0.00	0.47	74.63	15.19	0.00
1	5	0.01	0.51	71.95	18.68	0.00
2	2	0.01	0.43	72.19	17.70	0.00
2	6	0.01	0.33	71.00	19.84	0.00
3	3	0.00	0.64	81.83	7.86	0.00
3	7	0.02	2.26	67.02	6.44	0.00
Core	CPU	C1%	C3%	C6%	C8%	C9%
-	-	0.04	0.81	71.55	16.43	0.00
0	0	0.01	0.50	70.50	18.61	0.00
0	4	0.00	0.62	68.36	22.20	0.00
1	1	0.01	0.43	73.41	16.40	0.00
1	5	0.01	0.98	70.92	18.96	0.00
2	2	0.00	0.44	70.87	19.18	0.00
2	6	0.00	0.38	72.31	18.55	0.00
3	3	0.00	0.48	79.47	10.45	0.00
3	7	0.30	2.61	65.94	6.94	0.00
Core	CPU	C1%	C3%	C6%	C8%	C9%
-	-	0.01	0.70	71.93	16.00	0.00
0	0	0.00	0.45	74.35	14.60	0.00
0	4	0.01	0.73	70.21	20.13	0.00
1	1	0.00	0.38	74.44	15.50	0.00
1	5	0.01	0.51	71.06	19.72	0.00
2	2	0.01	0.49	71.23	18.74	0.00
2	6	0.00	0.41	70.18	20.61	0.00
3	3	0.00	0.56	79.22	10.65	0.00
3	7	0.02	2.07	65.39	8.19	0.00
Core	CPU	C1%	C3%	C6%	C8%	C9%
-	-	0.00	1.08	69.77	16.72	0.00
0	0	0.01	1.86	70.98	15.02	0.00
0	4	0.00	0.72	67.27	21.70	0.00
1	1	0.00	0.34	73.37	15.72	0.00
1	5	0.00	0.38	69.66	19.76	0.00
2	2	0.00	0.33	67.74	21.09	0.00
2	6	0.00	0.42	67.59	21.80	0.00
3	3	0.00	0.63	78.02	10.71	0.00
3	7	0.01	3.95	63.46	7.92	0.00
Core	CPU	C1%	C3%	C6%	C8%	C9%
-	-	0.00	0.74	72.19	15.88	0.00
0	0	0.00	0.52	74.58	14.53	0.00
0	4	0.00	0.83	71.52	18.78	0.00
1	1	0.00	0.38	75.36	14.45	0.00
1	5	0.01	0.52	71.81	18.87	0.00
2	2	0.00	0.45	68.08	21.88	0.00
2	6	0.00	0.48	68.27	22.48	0.00
3	3	0.00	0.67	80.63	9.10	0.00
3	7	0.02	2.03	66.75	6.84	0.00
Core	CPU	C1%	C3%	C6%	C8%	C9%
-	-	0.00	0.74	71.67	16.17	0.00
0	0	0.00	0.57	71.32	17.61	0.00
0	4	0.01	0.76	68.43	21.91	0.00
1	1	0.00	0.42	75.37	14.42	0.00
1	5	0.01	0.52	71.68	18.80	0.00
2	2	0.00	0.43	68.45	21.51	0.00
2	6	0.00	0.37	69.86	20.90	0.00
3	3	0.00	0.64	81.66	8.02	0.00
3	7	0.01	2.23	67.18	6.37	0.00
Core	CPU	C1%	C3%	C6%	C8%	C9%
-	-	0.01	0.79	71.34	16.46	0.00
0	0	0.00	0.54	74.33	14.73	0.00
0	4	0.00	0.71	70.87	18.77	0.00
1	1	0.01	0.42	71.31	18.56	0.00
1	5	0.01	0.50	70.44	20.36	0.00
2	2	0.01	0.48	72.06	17.45	0.00
2	6	0.00	0.83	68.96	20.71	0.00
3	3	0.01	0.59	77.80	12.10	0.00
3	7	0.01	2.23	64.49	8.87	0.00
Core	CPU	C1%	C3%	C6%	C8%	C9%
-	-	0.02	0.67	69.69	17.57	0.00
0	0	0.01	0.38	71.47	17.70	0.00
0	4	0.00	0.72	70.91	19.60	0.00
1	1	0.01	0.39	69.77	19.68	0.00
1	5	0.01	0.35	68.50	22.24	0.00
2	2	0.01	0.50	70.57	19.00	0.00
2	6	0.00	0.44	66.88	24.01	0.00
3	3	0.01	0.51	78.04	11.00	0.00
3	7	0.07	2.07	61.79	7.46	0.00
Core	CPU	C1%	C3%	C6%	C8%	C9%
-	-	0.01	1.05	69.37	17.11	0.00
0	0	0.01	1.82	73.53	12.49	0.00
0	4	0.00	0.64	69.08	19.35	0.00
1	1	0.00	0.33	72.41	16.32	0.00
1	5	0.01	0.46	69.25	20.13	0.00
2	2	0.00	0.52	67.07	22.40	0.00
2	6	0.00	0.42	66.14	23.48	0.00
3	3	0.00	0.57	75.55	12.85	0.00
3	7	0.01	3.65	61.85	9.83	0.00
Core	CPU	C1%	C3%	C6%	C8%	C9%
-	-	0.00	0.70	71.33	16.69	0.00
0	0	0.01	0.55	73.65	15.24	0.00
0	4	0.00	0.62	68.78	21.80	0.00
1	1	0.00	0.40	73.30	16.58	0.00
1	5	0.01	0.52	70.87	19.90	0.00
2	2	0.01	0.39	69.45	20.57	0.00
2	6	0.01	0.36	69.25	21.57	0.00
3	3	0.00	0.65	79.67	10.11	0.00
3	7	0.01	2.16	65.79	7.78	0.00
Core	CPU	C1%	C3%	C6%	C8%	C9%
-	-	0.00	0.74	72.28	15.87	0.00
0	0	0.01	0.64	72.54	16.45	0.00
0	4	0.01	0.80	69.99	20.31	0.00
1	1	0.00	0.44	73.80	16.25	0.00
1	5	0.01	0.55	74.42	16.27	0.00
2	2	0.00	0.29	69.90	20.17	0.00
2	6	0.01	0.23	70.19	20.72	0.00
3	3	0.00	0.68	81.00	8.77	0.00
3	7	0.01	2.32	65.69	7.82	0.00
Core	CPU	C1%	C3%	C6%	C8%	C9%
-	-	0.01	0.85	70.89	16.76	0.00
0	0	0.01	0.47	73.65	15.50	0.00
0	4	0.00	0.63	69.53	20.95	0.00
1	1	0.00	0.35	73.85	15.96	0.00
1	5	0.01	0.38	70.94	19.78	0.00
2	2	0.00	0.50	70.19	19.53	0.00
2	6	0.01	1.32	69.21	20.42	0.00
3	3	0.00	0.55	76.78	12.52	0.00
3	7	0.02	2.62	63.64	9.61	0.00
Core	CPU	C1%	C3%	C6%	C8%	C9%
-	-	0.01	0.67	71.61	16.56	0.00
0	0	0.00	0.57	72.31	16.73	0.00
0	4	0.00	0.65	70.99	19.47	0.00
1	1	0.00	0.43	75.60	14.17	0.00
1	5	0.01	0.40	70.65	20.13	0.00
2	2	0.01	0.48	70.19	19.78	0.00
2	6	0.01	0.43	69.39	21.41	0.00
3	3	0.00	0.60	78.16	11.75	0.00
3	7	0.01	1.78	64.95	8.88	0.00
Core	CPU	C1%	C3%	C6%	C8%	C9%
-	-	0.01	1.11	69.89	16.70	0.00
0	0	0.01	1.97	71.88	14.03	0.00
0	4	0.00	0.70	66.29	23.07	0.00
1	1	0.00	0.43	70.94	17.24	0.00
1	5	0.01	0.48	68.86	21.31	0.00
2	2	0.00	0.37	70.27	18.75	0.00
2	6	0.00	0.44	68.72	20.85	0.00
3	3	0.00	0.56	77.87	11.28	0.00
3	7	0.01	3.94	64.39	7.11	0.00
Core	CPU	C1%	C3%	C6%	C8%	C9%
-	-	0.01	0.70	71.88	16.09	0.00
0	0	0.01	0.42	73.37	15.69	0.00
0	4	0.00	0.63	69.88	20.57	0.00
1	1	0.01	0.56	73.15	16.54	0.00
1	5	0.02	0.55	70.17	20.56	0.00
2	2	0.01	0.40	71.00	18.97	0.00
2	6	0.00	0.50	71.06	19.63	0.00
3	3	0.00	0.53	79.66	10.24	0.00
3	7	0.01	1.99	67.19	6.63	0.00
Core	CPU	C1%	C3%	C6%	C8%	C9%
-	-	0.01	0.73	71.74	16.27	0.00
0	0	0.01	0.52	72.49	16.55	0.00
0	4	0.01	0.87	68.56	21.72	0.00
1	1	0.00	0.48	73.53	16.42	0.00
1	5	0.01	0.50	73.63	16.93	0.00
2	2	0.00	0.36	69.71	20.31	0.00
2	6	0.00	0.33	70.64	20.18	0.00
3	3	0.01	0.65	80.06	9.73	0.00
3	7	0.01	2.16	65.33	8.29	0.00
Core	CPU	C1%	C3%	C6%	C8%	C9%
-	-	0.01	0.87	71.12	16.66	0.00
0	0	0.00	1.26	71.31	16.68	0.00
0	4	0.01	0.67	70.93	19.45	0.00
1	1	0.00	0.41	74.11	15.49	0.00
1	5	0.01	0.48	71.85	18.93	0.00
2	2	0.01	0.51	69.62	20.26	0.00
2	6	0.01	0.36	68.74	21.93	0.00
3	3	0.00	0.60	77.69	11.67	0.00
3	7	0.01	2.66	64.45	8.78	0.00
Core	CPU	C1%	C3%	C6%	C8%	C9%
-	-	0.00	0.73	71.89	16.18	0.00
0	0	0.01	0.55	76.16	12.82	0.00
0	4	0.01	0.79	69.66	20.78	0.00
1	1	0.00	0.36	73.65	16.27	0.00
1	5	0.00	0.37	71.43	19.42	0.00
2	2	0.01	0.47	70.01	19.96	0.00
2	6	0.00	0.42	68.60	22.19	0.00
3	3	0.00	0.66	80.06	9.80	0.00
3	7	0.01	2.21	65.30	8.15	0.00
Core	CPU	C1%	C3%	C6%	C8%	C9%
-	-	0.02	1.05	69.63	16.03	0.00
0	0	0.01	2.41	73.30	12.44	0.00
0	4	0.01	0.61	68.61	19.41	0.00
1	1	0.01	0.32	72.15	15.70	0.00
1	5	0.01	0.38	68.53	19.68	0.00
2	2	0.00	0.44	69.02	19.09	0.00
2	6	0.00	0.43	66.99	21.71	0.00
3	3	0.01	0.65	76.24	11.34	0.00
3	7	0.14	3.14	62.40	8.93	0.00
Core	CPU	C1%	C3%	C6%	C8%	C9%
-	-	0.01	0.71	72.07	15.86	0.00
0	0	0.01	0.59	74.21	14.60	0.00
0	4	0.00	0.69	70.48	20.00	0.00
1	1	0.00	0.36	73.27	16.61	0.00
1	5	0.00	0.48	71.44	19.28	0.00
2	2	0.00	0.48	71.30	18.62	0.00
2	6	0.00	0.41	69.45	21.32	0.00
3	3	0.01	0.62	81.38	8.40	0.00
3	7	0.01	2.04	65.33	8.14	0.00
Core	CPU	C1%	C3%	C6%	C8%	C9%
-	-	0.01	0.73	72.32	15.79	0.00
0	0	0.00	0.52	72.07	16.96	0.00
0	4	0.00	0.66	69.67	20.86	0.00
1	1	0.00	0.44	75.94	13.92	0.00
1	5	0.01	0.58	72.35	18.11	0.00
2	2	0.00	0.41	70.66	19.38	0.00
2	6	0.00	0.33	70.02	20.87	0.00
3	3	0.01	0.75	80.80	8.87	0.00
3	7	0.02	2.11	66.37	7.17	0.00
Core	CPU	C1%	C3%	C6%	C8%	C9%
-	-	0.01	0.76	71.05	16.82	0.00
0	0	0.00	0.50	75.23	13.71	0.00
0	4	0.00	0.56	70.29	20.41	0.00
1	1	0.01	0.34	72.55	17.48	0.00
1	5	0.01	0.83	70.06	20.18	0.00
2	2	0.00	0.44	69.82	20.21	0.00
2	6	0.01	0.42	68.21	22.61	0.00
3	3	0.01	0.61	78.47	11.36	0.00
3	7	0.01	2.39	64.45	8.79	0.00
Core	CPU	C1%	C3%	C6%	C8%	C9%
-	-	0.01	0.72	72.68	15.49	0.00
0	0	0.01	0.54	74.05	14.90	0.00
0	4	0.00	0.59	69.00	21.56	0.00
1	1	0.00	0.44	73.83	16.12	0.00
1	5	0.01	0.51	71.71	19.11	0.00
2	2	0.00	0.31	71.44	18.67	0.00
2	6	0.00	0.40	71.00	19.85	0.00
3	3	0.00	0.61	81.95	7.90	0.00
3	7	0.02	2.35	67.80	5.63	0.00
Core	CPU	C1%	C3%	C6%	C8%	C9%
-	-	0.01	0.98	69.35	16.45	0.00
0	0	0.01	2.34	70.43	15.39	0.00
0	4	0.00	0.72	67.64	20.25	0.00
1	1	0.01	0.42	71.55	15.81	0.00
1	5	0.00	0.45	68.97	19.82	0.00
2	2	0.00	0.43	67.88	20.32	0.00
2	6	0.01	0.37	66.25	22.59	0.00
3	3	0.00	0.58	78.42	9.91	0.00
3	7	0.01	2.56	63.90	7.59	0.00
Core	CPU	C1%	C3%	C6%	C8%	C9%
-	-	0.01	0.69	71.38	16.56	0.00
0	0	0.01	0.57	72.68	16.28	0.00
0	4	0.00	0.69	70.13	20.03	0.00
1	1	0.00	0.40	73.84	15.95	0.00
1	5	0.01	0.42	70.66	19.98	0.00
2	2	0.00	0.40	70.56	19.14	0.00
2	6	0.01	0.45	69.50	21.26	0.00
3	3	0.01	0.60	78.81	11.10	0.00
3	7	0.01	1.97	64.95	8.74	0.00
Core	CPU	C1%	C3%	C6%	C8%	C9%
-	-	0.04	0.91	70.53	17.24	0.00
0	0	0.01	0.53	74.35	14.54	0.00
0	4	0.00	0.80	70.24	20.12	0.00
1	1	0.00	0.39	70.63	19.25	0.00
1	5	0.01	0.38	70.79	19.65	0.00
2	2	0.00	1.35	66.65	22.18	0.00
2	6	0.00	0.49	68.23	22.49	0.00
3	3	0.00	0.59	77.71	12.21	0.00
3	7	0.30	2.74	65.38	7.43	0.00
Core	CPU	C1%	C3%	C6%	C8%	C9%
-	-	0.01	0.71	70.90	17.06	0.00
0	0	0.00	0.60	70.51	18.59	0.00
0	4	0.01	0.84	67.89	22.49	0.00
1	1	0.00	0.39	76.75	12.86	0.00
1	5	0.01	0.48	72.31	18.41	0.00
2	2	0.00	0.40	67.64	22.07	0.00
2	6	0.00	0.33	69.17	21.65	0.00
3	3	0.01	0.62	79.01	10.39	0.00
3	7	0.01	1.97	63.86	9.99	0.00
Core	CPU	C1%	C3%	C6%	C8%	C9%
-	-	0.01	0.72	72.09	15.86	0.00
0	0	0.01	0.49	73.66	15.31	0.00
0	4	0.00	0.78	68.83	21.51	0.00
1	1	0.00	0.43	74.83	15.11	0.00
1	5	0.01	0.47	72.76	18.00	0.00
2	2	0.00	0.37	69.65	20.41	0.00
2	6	0.00	0.40	69.88	20.91	0.00
3	3	0.01	0.64	81.26	8.57	0.00
3	7	0.01	2.16	66.44	7.16	0.00
Core	CPU	C1%	C3%	C6%	C8%	C9%
-	-	0.01	1.19	69.01	17.38	0.00
0	0	0.00	2.60	73.14	12.63	0.00
0	4	0.03	0.64	68.30	19.71	0.00
1	1	0.01	0.49	71.14	17.37	0.00
1	5	0.00	0.39	69.96	19.51	0.00
2	2	0.02	0.43	67.57	20.90	0.00
2	6	0.00	0.32	66.89	22.65	0.00
3	3	0.01	0.59	73.87	15.34	0.00
3	7	0.01	4.02	60.69	10.79	0.00
Core	CPU	C1%	C3%	C6%	C8%	C9%
-	-	0.01	0.71	71.57	16.21	0.00
0	0	0.00	0.50	73.77	15.23	0.00
0	4	0.00	0.64	70.34	20.11	0.00
1	1	0.00	0.35	75.83	14.13	0.00
1	5	0.01	0.43	70.66	20.24	0.00
2	2	0.00	0.51	69.43	20.59	0.00
2	6	0.01	0.49	69.32	21.49	0.00
3	3	0.01	0.63	79.06	10.55	0.00
3	7	0.02	2.15	64.43	7.39	0.00
Core	CPU	C1%	C3%	C6%	C8%	C9%
-	-	0.01	0.71	71.10	16.46	0.00
0	0	0.00	0.51	72.72	16.14	0.00
0	4	0.00	0.72	70.45	19.94	0.00
1	1	0.00	0.47	72.63	17.28	0.00
1	5	0.01	0.48	69.97	20.94	0.00
2	2	0.00	0.38	71.05	18.73	0.00
2	6	0.00	0.34	68.80	22.22	0.00
3	3	0.01	0.57	79.42	9.91	0.00
3	7	0.02	2.24	64.09	6.63	0.00
Core	CPU	C1%	C3%	C6%	C8%	C9%
-	-	0.00	0.89	71.34	16.57	0.00
0	0	0.00	1.54	72.32	15.74	0.00
0	4	0.01	0.74	69.93	20.46	0.00
1	1	0.00	0.25	77.32	12.64	0.00
1	5	0.00	0.43	72.41	18.45	0.00
2	2	0.00	0.56	68.21	21.75	0.00
2	6	0.00	0.37	67.60	23.29	0.00
3	3	0.01	0.58	78.64	11.32	0.00
3	7	0.01	2.68	64.25	8.92	0.00
Core	CPU	C1%	C3%	C6%	C8%	C9%
-	-	0.00	0.66	71.26	16.91	0.00
0	0	0.01	0.55	76.33	12.50	0.00
0	4	0.00	0.74	69.97	20.46	0.00
1	1	0.00	0.40	72.43	17.60	0.00
1	5	0.00	0.38	70.73	20.07	0.00
2	2	0.00	0.40	70.34	19.65	0.00
2	6	0.00	0.37	68.29	22.57	0.00
3	3	0.00	0.65	78.42	11.45	0.00
3	7	0.01	1.76	63.01	10.81	0.00
Core	CPU	C1%	C3%	C6%	C8%	C9%
-	-	0.01	0.87	70.05	15.72	0.11
0	0	0.01	1.06	66.75	19.32	0.92
0	4	0.00	0.66	65.17	23.39	0.00
1	1	0.00	0.54	73.18	14.60	0.00
1	5	0.01	0.65	69.61	18.90	0.00
2	2	0.00	0.32	70.56	17.55	0.00
2	6	0.01	0.33	69.72	18.68	0.00
3	3	0.00	0.65	79.81	7.78	0.00
3	7	0.02	2.78	65.88	5.62	0.00
Core	CPU	C1%	C3%	C6%	C8%	C9%
-	-	0.00	0.71	72.08	15.90	0.00
0	0	0.01	0.54	73.39	15.58	0.00
0	4	0.00	0.73	70.22	20.14	0.00
1	1	0.00	0.38	75.88	13.95	0.00
1	5	0.01	0.48	71.71	18.98	0.00
2	2	0.01	0.45	70.48	19.52	0.00
2	6	0.00	0.38	70.38	20.41	0.00
3	3	0.00	0.58	79.97	9.92	0.00
3	7	0.01	2.19	64.87	8.71	0.00
Core	CPU	C1%	C3%	C6%	C8%	C9%
-	-	0.01	0.72	70.76	17.37	0.00
0	0	0.00	0.64	72.18	16.68	0.00
0	4	0.00	0.64	70.18	20.31	0.00
1	1	0.00	0.50	74.50	15.23	0.00
1	5	0.01	0.40	69.87	21.01	0.00
2	2	0.01	0.44	68.00	22.09	0.00
2	6	0.01	0.44	68.10	22.74	0.00
3	3	0.00	0.62	78.75	11.12	0.00
3	7	0.02	2.10	63.95	9.67	0.00
Core	CPU	C1%	C3%	C6%	C8%	C9%
-	-	0.01	0.80	71.59	16.16	0.00
0	0	0.00	1.11	73.39	14.99	0.00
0	4	0.00	0.75	69.39	21.01	0.00
1	1	0.00	0.26	75.98	13.99	0.00
1	5	0.01	0.46	71.58	18.97	0.00
2	2	0.01	0.46	69.88	19.77	0.00
2	6	0.00	0.47	69.27	21.48	0.00
3	3	0.01	0.69	78.68	10.80	0.00
3	7	0.01	2.19	65.17	8.40	0.00
Core	CPU	C1%	C3%	C6%	C8%	C9%
-	-	0.01	0.70	71.46	16.68	0.00
0	0	0.01	0.57	74.18	14.74	0.00
0	4	0.01	0.72	69.62	20.74	0.00
1	1	0.00	0.46	73.55	16.30	0.00
1	5	0.00	0.47	71.43	19.41	0.00
2	2	0.00	0.39	67.20	22.89	0.00
2	6	0.01	0.39	69.33	21.50	0.00
3	3	0.00	0.53	79.61	10.28	0.00
3	7	0.01	2.07	66.22	7.43	0.00
Core	CPU	C1%	C3%	C6%	C8%	C9%
-	-	0.03	1.19	69.44	17.04	0.00
0	0	0.01	2.16	71.64	14.05	0.00
0	4	0.00	0.67	69.41	19.85	0.00
1	1	0.00	0.41	69.48	19.43	0.00
1	5	0.01	0.46	67.87	21.13	0.00
2	2	0.01	0.48	67.90	20.99	0.00
2	6	0.00	0.42	67.75	21.96	0.00
3	3	0.00	0.57	76.70	12.48	0.00
3	7	0.21	4.34	64.78	6.44	0.00
Core	CPU	C1%	C3%	C6%	C8%	C9%
-	-	0.07	0.71	71.21	16.65	0.00
0	0	0.01	0.43	73.05	15.84	0.00
0	4	0.01	0.76	70.61	19.75	0.00
1	1	0.00	0.50	70.60	19.13	0.00
1	5	0.01	0.55	69.85	20.85	0.00
2	2	0.00	0.44	70.60	19.39	0.00
2	6	0.00	0.39	69.65	21.15	0.00
3	3	0.00	0.54	79.73	10.19	0.00
3	7	0.50	2.10	65.95	6.99	0.00
Core	CPU	C1%	C3%	C6%	C8%	C9%
-	-	0.04	0.79	70.84	16.97	0.00
0	0	0.01	0.36	72.07	16.14	0.00
0	4	0.00	0.68	70.04	20.22	0.00
1	1	0.00	0.47	72.51	17.38	0.00
1	5	0.02	1.05	70.06	19.76	0.00
2	2	0.01	0.46	70.13	19.90	0.00
2	6	0.00	0.47	69.31	21.55	0.00
3	3	0.00	0.56	77.06	12.93	0.00
3	7	0.30	2.26	65.42	7.81	0.00
Core	CPU	C1%	C3%	C6%	C8%	C9%
-	-	0.00	0.66	71.21	16.80	0.00
0	0	0.00	0.52	76.46	12.28	0.00
0	4	0.00	0.68	70.93	19.46	0.00
1	1	0.00	0.42	71.91	18.09	0.00
1	5	0.01	0.38	70.96	19.81	0.00
2	2	0.01	0.43	69.46	20.53	0.00
2	6	0.00	0.41	68.38	22.41	0.00
3	3	0.00	0.62	77.92	11.95	0.00
3	7	0.01	1.82	63.93	9.96	0.00
Core	CPU	C1%	C3%	C6%	C8%	C9%
-	-	0.01	0.71	71.85	16.31	0.00
0	0	0.01	0.45	73.50	15.61	0.00
0	4	0.00	0.68	72.10	18.15	0.00
1	1	0.00	0.52	72.83	17.11	0.00
1	5	0.01	0.51	69.51	21.28	0.00
2	2	0.00	0.48	72.23	17.74	0.00
2	6	0.00	0.44	69.62	21.22	0.00
3	3	0.00	0.56	78.63	11.31	0.00
3	7	0.02	2.03	65.76	7.86	0.00
Core	CPU	C1%	C3%	C6%	C8%	C9%
-	-	0.01	1.24	69.48	17.17	0.00
0	0	0.01	3.13	69.55	16.17	0.00
0	4	0.01	0.67	70.85	18.60	0.00
1	1	0.00	0.44	70.40	18.20	0.00
1	5	0.01	0.50	70.65	18.88	0.00
2	2	0.00	0.39	66.84	21.97	0.00
2	6	0.01	0.33	67.34	23.42	0.00
3	3	0.01	0.58	77.52	11.43	0.00
3	7	0.01	3.86	63.02	8.75	0.00
Core	CPU	C1%	C3%	C6%	C8%	C9%
-	-	0.01	0.73	72.16	15.79	0.00
0	0	0.00	0.53	73.77	15.05	0.00
0	4	0.00	0.73	69.82	20.45	0.00
1	1	0.01	0.58	74.51	15.28	0.00
1	5	0.01	0.53	69.85	20.88	0.00
2	2	0.01	0.42	73.09	16.89	0.00
2	6	0.00	0.43	72.12	18.68	0.00
3	3	0.00	0.52	78.87	11.03	0.00
3	7	0.02	2.13	65.47	8.15	0.00
Core	CPU	C1%	C3%	C6%	C8%	C9%
-	-	0.01	0.84	71.80	15.82	0.00
0	0	0.01	0.47	73.55	15.45	0.00
0	4	0.01	0.75	70.89	19.36	0.00
1	1	0.00	0.78	74.49	14.29	0.00
1	5	0.01	0.49	70.08	20.03	0.00
2	2	0.00	0.55	71.09	18.83	0.00
2	6	0.00	0.48	69.66	20.53	0.00
3	3	0.00	0.55	78.60	10.70	0.00
3	7	0.01	2.68	65.90	7.29	0.00
Core	CPU	C1%	C3%	C6%	C8%	C9%
-	-	0.01	0.71	71.89	16.13	0.00
0	0	0.00	0.43	72.15	16.85	0.00
0	4	0.00	0.67	68.96	21.46	0.00
1	1	0.00	0.60	74.12	15.64	0.00
1	5	0.01	0.58	69.59	21.11	0.00
2	2	0.01	0.34	72.53	17.52	0.00
2	6	0.00	0.38	70.70	20.16	0.00
3	3	0.00	0.56	80.80	9.06	0.00
3	7	0.01	2.09	66.44	7.26	0.00
Core	CPU	C1%	C3%	C6%	C8%	C9%
-	-	0.00	0.71	71.86	16.27	0.00
0	0	0.00	0.54	72.77	16.16	0.00
0	4	0.00	0.71	69.56	20.82	0.00
1	1	0.00	0.47	74.00	15.90	0.00
1	5	0.01	0.43	70.49	20.39	0.00
2	2	0.00	0.34	69.65	20.47	0.00
2	6	0.00	0.36	70.94	19.93	0.00
3	3	0.00	0.62	80.36	9.44	0.00
3	7	0.01	2.20	66.56	6.93	0.00
Core	CPU	C1%	C3%	C6%	C8%	C9%
-	-	0.00	1.23	70.26	16.32	0.00
0	0	0.00	2.38	73.17	12.28	0.00
0	4	0.01	0.75	69.49	19.84	0.00
1	1	0.01	0.40	74.99	14.89	0.00
1	5	0.01	0.36	71.81	17.90	0.00
2	2	0.00	0.47	67.46	22.11	0.00
2	6	0.00	0.39	65.00	24.06	0.00
3	3	0.00	0.56	77.51	11.00	0.00
3	7	0.01	4.50	62.88	8.57	0.00
Core	CPU	C1%	C3%	C6%	C8%	C9%
-	-	0.00	0.68	71.09	16.87	0.00
0	0	0.00	0.50	72.03	17.04	0.00
0	4	0.00	0.60	70.82	19.71	0.00
1	1	0.01	0.47	72.46	17.41	0.00
1	5	0.01	0.41	69.19	21.58	0.00
2	2	0.00	0.41	72.06	17.89	0.00
2	6	0.01	0.53	70.61	20.04	0.00
3	3	0.00	0.59	76.88	12.89	0.00
3	7	0.01	1.96	65.02	8.51	0.00
Core	CPU	C1%	C3%	C6%	C8%	C9%
-	-	0.01	0.80	71.61	16.44	0.00
0	0	0.01	0.49	70.15	19.04	0.00
0	4	0.01	0.78	71.06	19.17	0.00
1	1	0.00	0.53	71.49	18.40	0.00
1	5	0.01	0.62	71.06	19.61	0.00
2	2	0.00	0.34	71.87	18.21	0.00
2	6	0.00	0.33	70.09	20.81	0.00
3	3	0.00	1.13	80.52	8.64	0.00
3	7	0.02	2.18	65.98	7.41	0.00
Core	CPU	C1%	C3%	C6%	C8%	C9%
-	-	0.01	0.72	70.31	17.59	0.00
0	0	0.00	0.53	72.21	16.90	0.00
0	4	0.00	0.72	70.39	20.08	0.00
1	1	0.01	0.41	70.68	19.26	0.00
1	5	0.01	0.29	70.76	19.96	0.00
2	2	0.00	0.49	70.06	19.85	0.00
2	6	0.00	0.58	69.02	21.51	0.00
3	3	0.00	0.77	76.15	13.32	0.00
3	7	0.02	1.96	63.73	9.94	0.00
Core	CPU	C1%	C3%	C6%	C8%	C9%
-	-	0.01	0.67	70.03	17.45	0.03
0	0	0.01	0.45	72.08	17.09	0.00
0	4	0.00	0.61	71.33	19.36	0.00
1	1	0.01	0.51	70.99	18.92	0.00
1	5	0.01	0.38	68.30	22.60	0.00
2	2	0.00	0.47	70.79	19.29	0.00
2	6	0.00	0.45	68.84	22.18	0.00
3	3	0.00	0.55	76.23	12.76	0.22
3	7	0.02	1.93	61.79	7.46	0.00
Core	CPU	C1%	C3%	C6%	C8%	C9%
-	-	0.53	1.09	66.19	17.57	0.00
0	0	0.49	0.60	69.90	18.38	0.00
0	4	0.92	0.62	69.89	19.75	0.00
1	1	0.81	0.50	63.61	17.99	0.00
1	5	0.44	0.47	65.68	21.24	0.00
2	2	0.01	0.43	64.63	19.20	0.00
2	6	0.83	0.40	61.65	21.85	0.00
3	3	0.76	3.84	71.51	10.62	0.00
3	7	0.01	1.85	62.38	11.43	0.00
Core	CPU	C1%	C3%	C6%	C8%	C9%
-	-	0.60	0.73	68.82	14.43	0.00
0	0	0.00	0.47	72.69	15.78	0.00
0	4	0.00	0.45	72.74	17.81	0.00
1	1	3.66	0.76	50.82	9.78	0.00
1	5	0.01	0.40	70.48	20.41	0.00
2	2	0.93	0.49	67.88	15.41	0.00
2	6	0.17	0.39	70.84	18.86	0.00
3	3	0.01	0.85	79.26	10.08	0.00
3	7	0.01	2.03	66.14	7.38	0.00
Core	CPU	C1%	C3%	C6%	C8%	C9%
-	-	0.01	0.81	70.84	16.81	0.00
0	0	0.01	0.57	69.80	18.98	0.00
0	4	0.01	0.58	68.28	21.33	0.00
1	1	0.00	0.57	71.08	17.89	0.00
1	5	0.01	0.59	70.46	20.02	0.00
2	2	0.01	0.31	69.66	20.18	0.00
2	6	0.00	0.34	68.82	21.81	0.00
3	3	0.01	0.59	81.46	8.17	0.00
3	7	0.02	2.92	66.94	6.07	0.00
Core	CPU	C1%	C3%	C6%	C8%	C9%
-	-	0.00	0.73	72.24	15.85	0.00
0	0	0.01	0.60	73.64	15.25	0.00
0	4	0.00	0.68	69.46	20.94	0.00
1	1	0.00	0.52	72.79	17.11	0.00
1	5	0.01	0.54	70.82	19.94	0.00
2	2	0.00	0.41	73.96	15.90	0.00
2	6	0.00	0.35	71.04	19.81	0.00
3	3	0.00	0.60	79.50	10.36	0.00
3	7	0.01	2.11	66.19	7.41	0.00
Core	CPU	C1%	C3%	C6%	C8%	C9%
-	-	0.00	0.65	70.75	17.22	0.00
0	0	0.00	0.48	72.12	17.00	0.00
0	4	0.00	0.54	70.63	19.93	0.00
1	1	0.00	0.36	74.25	15.62	0.00
1	5	0.01	0.40	70.77	20.05	0.00
2	2	0.00	0.46	70.64	19.27	0.00
2	6	0.01	0.46	69.05	21.73	0.00
3	3	0.01	0.68	76.29	13.41	0.00
3	7	0.01	1.86	62.89	10.90	0.00
Core	CPU	C1%	C3%	C6%	C8%	C9%
-	-	0.01	1.18	69.20	17.49	0.00
0	0	0.01	2.20	70.79	14.95	0.00
0	4	0.01	0.65	71.04	18.08	0.00
1	1	0.00	0.36	71.58	17.55	0.00
1	5	0.00	0.40	68.66	21.22	0.00
2	2	0.00	0.54	69.57	19.55	0.00
2	6	0.00	0.40	67.25	22.67	0.00
3	3	0.01	0.55	73.68	15.16	0.00
3	7	0.01	4.33	60.91	10.67	0.00
Core	CPU	C1%	C3%	C6%	C8%	C9%
-	-	0.01	0.69	71.36	16.74	0.00
0	0	0.01	0.51	72.07	17.08	0.00
0	4	0.00	0.85	71.00	19.19	0.00
1	1	0.00	0.29	71.13	18.99	0.00
1	5	0.01	0.43	70.40	20.49	0.00
2	2	0.00	0.51	72.20	17.51	0.00
2	6	0.01	0.50	68.82	21.96	0.00
3	3	0.00	0.63	79.17	10.68	0.00
3	7	0.01	1.79	65.88	7.93	0.00
Core	CPU	C1%	C3%	C6%	C8%	C9%
-	-	0.00	0.87	71.90	15.95	0.00
0	0	0.00	0.67	72.60	16.29	0.00
0	4	0.00	0.87	69.23	20.86	0.00
1	1	0.00	1.06	72.21	16.77	0.00
1	5	0.01	0.53	72.68	18.06	0.00
2	2	0.00	0.43	69.47	20.57	0.00
2	6	0.00	0.25	70.32	20.60	0.00
3	3	0.00	0.62	81.85	7.86	0.00
3	7	0.01	2.49	66.70	6.58	0.00
Core	CPU	C1%	C3%	C6%	C8%	C9%
-	-	0.01	0.74	71.99	15.95	0.00
0	0	0.01	0.44	72.05	16.72	0.00
0	4	0.00	0.82	68.58	21.68	0.00
1	1	0.00	0.59	74.59	15.25	0.00
1	5	0.02	0.51	71.90	18.87	0.00
2	2	0.01	0.48	72.99	16.97	0.00
2	6	0.00	0.40	72.81	17.97	0.00
3	3	0.00	0.59	77.22	12.67	0.00
3	7	0.01	2.09	65.90	7.50	0.00
Core	CPU	C1%	C3%	C6%	C8%	C9%
-	-	0.00	0.69	71.40	16.57	0.00
0	0	0.01	0.52	72.87	16.07	0.00
0	4	0.00	0.69	68.96	21.50	0.00
1	1	0.00	0.37	76.21	13.70	0.00
1	5	0.00	0.34	72.61	18.30	0.00
2	2	0.00	0.48	68.24	21.76	0.00
2	6	0.01	0.41	67.54	23.26	0.00
3	3	0.01	0.71	80.30	9.38	0.00
3	7	0.01	1.98	64.87	8.69	0.00
Core	CPU	C1%	C3%	C6%	C8%	C9%
-	-	0.02	1.18	68.84	17.42	0.00
0	0	0.00	2.22	70.06	15.08	0.00
0	4	0.01	0.69	67.22	21.85	0.00
1	1	0.05	0.46	70.98	16.71	0.00
1	5	0.01	0.34	68.98	20.37	0.00
2	2	0.00	0.53	69.24	19.55	0.00
2	6	0.01	0.40	66.89	22.82	0.00
3	3	0.01	0.61	74.75	13.91	0.00
3	7	0.05	4.21	62.42	9.01	0.00
Core	CPU	C1%	C3%	C6%	C8%	C9%
-	-	0.01	0.69	71.50	16.58	0.00
0	0	0.01	0.57	71.98	16.98	0.00
0	4	0.00	0.76	69.55	20.77	0.00
1	1	0.01	0.37	75.06	14.85	0.00
1	5	0.01	0.37	71.09	19.74	0.00
2	2	0.00	0.49	71.14	18.81	0.00
2	6	0.00	0.51	69.62	21.13	0.00
3	3	0.01	0.61	79.38	10.44	0.00
3	7	0.01	1.82	63.66	9.83	0.00
Core	CPU	C1%	C3%	C6%	C8%	C9%
-	-	0.01	0.79	70.99	16.81	0.00
0	0	0.00	0.51	73.76	15.33	0.00
0	4	0.00	0.80	71.91	18.17	0.00
1	1	0.00	0.38	73.18	16.63	0.00
1	5	0.00	0.45	70.10	20.75	0.00
2	2	0.01	0.53	68.64	21.38	0.00
2	6	0.00	0.48	67.61	23.17	0.00
3	3	0.00	1.03	78.36	10.79	0.00
3	7	0.02	2.15	65.00	8.46	0.00
Core	CPU	C1%	C3%	C6%	C8%	C9%
-	-	0.01	0.71	71.97	16.08	0.00
0	0	0.01	0.51	73.23	15.88	0.00
0	4	0.01	0.76	71.33	18.94	0.00
1	1	0.00	0.45	74.43	15.32	0.00
1	5	0.01	0.39	70.93	19.96	0.00
2	2	0.01	0.47	69.96	20.04	0.00
2	6	0.00	0.47	69.03	21.72	0.00
3	3	0.00	0.66	80.53	9.20	0.00
3	7	0.02	2.00	66.05	7.53	0.00
Core	CPU	C1%	C3%	C6%	C8%	C9%
-	-	0.01	0.77	71.57	16.35	0.00
0	0	0.01	0.68	69.84	18.97	0.00
0	4	0.00	0.86	68.08	22.15	0.00
1	1	0.00	0.44	73.52	16.27	0.00
1	5	0.01	0.55	71.11	19.62	0.00
2	2	0.00	0.35	70.95	19.14	0.00
2	6	0.00	0.40	70.72	20.10	0.00
3	3	0.01	0.70	82.18	7.51	0.00
3	7	0.02	2.16	66.46	7.12	0.00
Core	CPU	C1%	C3%	C6%	C8%	C9%
-	-	0.01	1.20	69.07	17.46	0.00
0	0	0.01	2.38	71.49	14.21	0.00
0	4	0.00	0.62	66.60	23.08	0.00
1	1	0.00	0.40	72.72	15.48	0.00
1	5	0.01	0.39	70.42	19.94	0.00
2	2	0.01	0.46	65.73	22.52	0.00
2	6	0.00	0.41	66.25	23.49	0.00
3	3	0.00	0.64	76.04	12.66	0.00
3	7	0.03	4.27	63.30	8.27	0.00
Core	CPU	C1%	C3%	C6%	C8%	C9%
-	-	0.01	0.70	71.12	16.97	0.00
0	0	0.00	0.55	73.16	15.74	0.00
0	4	0.01	0.76	70.62	19.67	0.00
1	1	0.01	0.42	72.27	17.62	0.00
1	5	0.01	0.44	70.26	20.62	0.00
2	2	0.00	0.44	70.98	19.04	0.00
2	6	0.01	0.42	69.22	21.60	0.00
3	3	0.00	0.56	77.64	12.28	0.00
3	7	0.01	2.01	64.53	9.10	0.00
Core	CPU	C1%	C3%	C6%	C8%	C9%
-	-	0.00	0.72	70.47	17.25	0.02
0	0	0.00	0.52	76.46	12.13	0.00
0	4	0.00	0.68	70.95	18.91	0.00
1	1	0.00	0.27	71.79	17.41	0.00
1	5	0.01	0.27	68.18	21.97	0.00
2	2	0.01	0.48	69.03	20.83	0.00
2	6	0.00	0.53	68.13	22.55	0.00
3	3	0.00	0.59	75.63	14.07	0.00
3	7	0.01	2.41	63.23	10.02	0.12
Core	CPU	C1%	C3%	C6%	C8%	C9%
-	-	0.01	0.70	71.21	16.70	0.00
0	0	0.01	0.39	71.96	17.05	0.00
0	4	0.01	0.75	69.37	20.99	0.00
1	1	0.00	0.45	72.82	17.19	0.00
1	5	0.01	0.50	71.09	19.64	0.00
2	2	0.00	0.39	70.65	19.27	0.00
2	6	0.01	0.43	70.78	19.89	0.00
3	3	0.00	0.60	78.85	10.93	0.00
3	7	0.01	2.10	64.82	8.78	0.00
Core	CPU	C1%	C3%	C6%	C8%	C9%
-	-	0.00	0.69	72.04	16.10	0.00
0	0	0.00	0.54	77.33	11.62	0.00
0	4	0.01	0.62	71.46	19.17	0.00
1	1	0.00	0.21	74.19	15.93	0.00
1	5	0.00	0.28	72.19	18.76	0.00
2	2	0.01	0.55	70.09	19.79	0.00
2	6	0.00	0.60	69.11	21.45	0.00
3	3	0.01	0.70	78.15	11.62	0.00
3	7	0.00	2.00	63.19	10.31	0.00
Core	CPU	C1%	C3%	C6%	C8%	C9%
-	-	0.01	1.17	69.71	16.84	0.00
0	0	0.01	2.16	74.06	11.60	0.00
0	4	0.00	0.64	67.73	21.90	0.00
1	1	0.00	0.43	71.71	17.48	0.00
1	5	0.01	0.38	69.37	19.61	0.00
2	2	0.01	0.38	68.75	20.36	0.00
2	6	0.01	0.42	67.69	21.98	0.00
3	3	0.00	0.58	76.29	12.45	0.00
3	7	0.01	4.38	62.16	9.35	0.00
Core	CPU	C1%	C3%	C6%	C8%	C9%
-	-	0.01	0.73	71.18	16.43	0.00
0	0	0.01	0.53	72.62	16.23	0.00
0	4	0.01	0.73	69.99	20.13	0.00
1	1	0.00	0.43	72.87	16.75	0.00
1	5	0.00	0.45	70.86	20.08	0.00
2	2	0.00	0.35	69.39	20.65	0.00
2	6	0.01	0.53	68.72	22.02	0.00
3	3	0.00	0.59	80.92	8.58	0.00
3	7	0.02	2.19	63.96	6.93	0.00
Core	CPU	C1%	C3%	C6%	C8%	C9%
-	-	0.01	0.79	69.24	17.98	0.00
0	0	0.00	0.50	69.67	19.19	0.00
0	4	0.00	0.55	69.95	20.33	0.00
1	1	0.00	0.39	70.90	18.70	0.00
1	5	0.01	0.48	68.23	22.21	0.00
2	2	0.00	0.44	67.90	21.44	0.00
2	6	0.01	0.58	67.81	21.91	0.00
3	3	0.00	0.49	77.47	11.83	0.00
3	7	0.02	2.92	62.58	8.40	0.00
Core	CPU	C1%	C3%	C6%	C8%	C9%
-	-	0.01	0.75	72.12	15.96	0.00
0	0	0.00	0.64	76.14	12.49	0.00
0	4	0.00	0.71	69.80	20.74	0.00
1	1	0.00	0.42	71.55	18.50	0.00
1	5	0.01	0.48	70.85	20.02	0.00
2	2	0.01	0.41	71.75	18.25	0.00
2	6	0.00	0.55	71.39	19.23	0.00
3	3	0.00	0.57	79.93	9.90	0.00
3	7	0.01	2.23	64.96	8.39	0.00
Core	CPU	C1%	C3%	C6%	C8%	C9%
-	-	0.01	0.67	71.28	16.67	0.00
0	0	0.01	0.53	71.08	17.83	0.00
0	4	0.01	0.69	67.80	22.70	0.00
1	1	0.00	0.36	74.89	15.14	0.00
1	5	0.01	0.42	72.20	18.64	0.00
2	2	0.01	0.43	69.82	20.08	0.00
2	6	0.01	0.42	70.01	20.72	0.00
3	3	0.01	0.60	79.50	10.26	0.00
3	7	0.02	1.89	65.57	8.19	0.00
Core	CPU	C1%	C3%	C6%	C8%	C9%
-	-	0.00	1.37	68.95	17.42	0.00
0	0	0.00	3.38	70.53	15.23	0.00
0	4	0.00	0.66	70.43	18.82	0.00
1	1	0.00	0.35	70.17	19.18	0.00
1	5	0.01	0.45	68.83	20.79	0.00
2	2	0.01	0.44	65.84	22.45	0.00
2	6	0.00	0.49	66.65	22.35	0.00
3	3	0.00	0.62	75.76	12.24	0.00
3	7	0.01	4.55	63.12	8.24	0.00
Core	CPU	C1%	C3%	C6%	C8%	C9%
-	-	0.01	0.74	72.31	15.73	0.00
0	0	0.01	0.54	69.83	19.15	0.00
0	4	0.01	0.78	72.94	17.16	0.00
1	1	0.01	0.44	71.15	18.66	0.00
1	5	0.01	0.48	71.32	19.53	0.00
2	2	0.00	0.45	71.11	18.90	0.00
2	6	0.01	0.50	72.46	18.21	0.00
3	3	0.00	0.53	81.50	8.37	0.00
3	7	0.01	2.15	67.78	5.73	0.00
Core	CPU	C1%	C3%	C6%	C8%	C9%
-	-	0.01	0.88	71.13	16.49	0.00
0	0	0.01	0.46	73.72	15.12	0.00
0	4	0.00	0.57	69.15	20.81	0.00
1	1	0.01	1.26	70.62	18.34	0.00
1	5	0.01	0.52	69.61	20.60	0.00
2	2	0.01	0.49	71.33	18.66	0.00
2	6	0.00	0.54	70.24	20.12	0.00
3	3	0.00	0.58	79.12	10.55	0.00
3	7	0.01	2.66	65.35	7.75	0.00
Core	CPU	C1%	C3%	C6%	C8%	C9%
-	-	0.01	0.66	71.19	16.79	0.00
0	0	0.00	0.42	74.52	14.47	0.00
0	4	0.01	0.47	69.37	21.31	0.00
1	1	0.00	0.48	74.40	15.44	0.00
1	5	0.01	0.56	72.71	17.99	0.00
2	2	0.01	0.40	68.97	21.04	0.00
2	6	0.00	0.40	68.19	22.58	0.00
3	3	0.00	0.65	77.53	12.24	0.00
3	7	0.01	1.91	64.39	9.37	0.00
Core	CPU	C1%	C3%	C6%	C8%	C9%
-	-	0.01	0.68	71.19	16.90	0.00
0	0	0.00	0.39	73.56	15.49	0.00
0	4	0.00	0.56	68.15	22.52	0.00
1	1	0.00	0.44	73.80	16.14	0.00
1	5	0.01	0.50	70.23	20.59	0.00
2	2	0.01	0.42	70.97	19.08	0.00
2	6	0.01	0.51	70.29	20.38	0.00
3	3	0.01	0.56	78.56	11.34	0.00
3	7	0.02	2.06	63.94	9.69	0.00
Core	CPU	C1%	C3%	C6%	C8%	C9%
-	-	0.01	1.02	70.00	15.79	0.00
0	0	0.01	1.93	72.09	13.75	0.00
0	4	0.01	0.58	68.78	19.28	0.00
1	1	0.00	0.40	72.93	14.95	0.00
1	5	0.01	0.37	68.88	19.44	0.00
2	2	0.01	0.52	69.71	18.26	0.00
2	6	0.01	0.48	68.48	19.96	0.00
3	3	0.00	0.50	76.34	11.49	0.00
3	7	0.01	3.41	62.46	9.10	0.00
Core	CPU	C1%	C3%	C6%	C8%	C9%
-	-	0.01	0.68	71.11	17.00	0.00
0	0	0.00	0.49	77.38	11.52	0.00
0	4	0.00	0.61	70.51	20.03	0.00
1	1	0.00	0.42	72.99	16.98	0.00
1	5	0.01	0.33	69.70	21.22	0.00
2	2	0.01	0.57	71.24	18.65	0.00
2	6	0.01	0.61	69.99	20.61	0.00
3	3	0.01	0.55	75.41	14.57	0.00
3	7	0.01	1.90	61.32	12.36	0.00
Core	CPU	C1%	C3%	C6%	C8%	C9%
-	-	0.01	0.86	71.15	16.58	0.00
0	0	0.01	0.53	72.78	16.04	0.00
0	4	0.01	0.55	69.66	20.75	0.00
1	1	0.00	1.26	73.10	15.84	0.00
1	5	0.00	0.40	70.89	20.04	0.00
2	2	0.01	0.48	70.86	19.03	0.00
2	6	0.00	0.41	70.66	19.80	0.00
3	3	0.01	0.44	78.02	11.97	0.00
3	7	0.02	2.83	63.85	9.29	0.00
Core	CPU	C1%	C3%	C6%	C8%	C9%
-	-	0.01	0.71	71.92	16.10	0.00
0	0	0.01	0.63	70.80	18.13	0.00
0	4	0.01	0.61	67.05	23.51	0.00
1	1	0.00	0.44	75.19	14.63	0.00
1	5	0.01	0.44	71.74	19.10	0.00
2	2	0.00	0.39	72.75	17.20	0.00
2	6	0.00	0.40	72.45	18.28	0.00
3	3	0.00	0.59	80.24	9.58	0.00
3	7	0.01	2.20	65.17	8.37	0.00
Core	CPU	C1%	C3%	C6%	C8%	C9%
-	-	0.01	0.71	71.06	16.86	0.00
0	0	0.00	0.42	72.66	16.38	0.00
0	4	0.00	0.73	70.97	19.21	0.00
1	1	0.00	0.54	69.32	19.85	0.00
1	5	0.01	0.52	69.58	21.18	0.00
2	2	0.01	0.42	71.70	18.34	0.00
2	6	0.00	0.51	71.62	19.08	0.00
3	3	0.00	0.55	77.95	11.94	0.00
3	7	0.01	1.97	64.70	8.94	0.00
Core	CPU	C1%	C3%	C6%	C8%	C9%
-	-	0.01	1.09	69.02	16.83	0.00
0	0	0.01	2.42	71.24	14.50	0.00
0	4	0.00	0.61	68.24	19.94	0.00
1	1	0.00	0.41	70.32	17.72	0.00
1	5	0.01	0.38	66.87	21.46	0.00
2	2	0.01	0.47	69.41	18.59	0.00
2	6	0.01	0.53	68.49	20.18	0.00
3	3	0.00	0.63	75.44	12.42	0.00
3	7	0.01	3.27	61.92	9.73	0.00
Core	CPU	C1%	C3%	C6%	C8%	C9%
-	-	0.01	0.72	71.37	16.34	0.00
0	0	0.01	0.60	73.65	15.13	0.00
0	4	0.03	0.73	67.37	21.85	0.00
1	1	0.00	0.44	75.11	14.87	0.00
1	5	0.01	0.48	73.15	17.55	0.00
2	2	0.00	0.38	69.07	20.01	0.00
2	6	0.00	0.37	68.94	21.82	0.00
3	3	0.00	0.61	79.19	10.59	0.00
3	7	0.01	2.16	64.68	8.97	0.00
Core	CPU	C1%	C3%	C6%	C8%	C9%
-	-	0.01	0.84	71.22	16.82	0.00
0	0	0.01	0.47	72.84	16.35	0.00
0	4	0.00	0.70	69.55	20.95	0.00
1	1	0.00	0.40	72.48	17.43	0.00
1	5	0.01	0.45	71.45	19.39	0.00
2	2	0.01	0.41	69.62	20.44	0.00
2	6	0.00	1.02	70.42	19.46	0.00
3	3	0.00	0.56	78.06	11.88	0.00
3	7	0.01	2.68	64.70	8.51	0.00
Core	CPU	C1%	C3%	C6%	C8%	C9%
-	-	0.01	0.68	71.53	16.56	0.00
0	0	0.00	0.48	72.49	16.57	0.00
0	4	0.00	0.60	71.18	19.33	0.00
1	1	0.00	0.42	72.91	17.05	0.00
1	5	0.01	0.39	68.57	22.33	0.00
2	2	0.01	0.50	73.63	16.25	0.00
2	6	0.00	0.48	69.78	21.02	0.00
3	3	0.00	0.56	78.71	11.23	0.00
3	7	0.01	2.02	64.95	8.71	0.00
Core	CPU	C1%	C3%	C6%	C8%	C9%
-	-	0.00	0.72	72.06	15.88	0.00
0	0	0.00	0.52	73.51	15.42	0.00
0	4	0.01	0.64	71.81	18.56	0.00
1	1	0.00	0.45	72.40	17.58	0.00
1	5	0.01	0.44	70.59	20.18	0.00
2	2	0.00	0.55	71.29	18.56	0.00
2	6	0.00	0.43	70.57	20.22	0.00
3	3	0.00	0.51	79.93	9.98	0.00
3	7	0.01	2.24	66.89	6.67	0.00
Core	CPU	C1%	C3%	C6%	C8%	C9%
-	-	0.01	1.20	69.49	17.54	0.00
0	0	0.01	2.51	72.06	13.96	0.00
0	4	0.00	0.64	67.36	22.71	0.00
1	1	0.01	0.44	70.73	18.79	0.00
1	5	0.01	0.43	70.36	19.78	0.00
2	2	0.01	0.37	68.07	20.81	0.00
2	6	0.01	0.45	67.84	21.85	0.00
3	3	0.00	0.52	75.91	13.93	0.00
3	7	0.01	4.27	63.17	8.38	0.00
Core	CPU	C1%	C3%	C6%	C8%	C9%
-	-	0.01	0.70	71.04	17.03	0.00
0	0	0.00	0.58	74.95	14.00	0.00
0	4	0.00	0.74	71.27	19.20	0.00
1	1	0.01	0.42	74.51	15.37	0.00
1	5	0.00	0.34	71.51	19.43	0.00
2	2	0.01	0.46	69.23	20.83	0.00
2	6	0.01	0.37	68.36	22.56	0.00
3	3	0.01	0.56	76.53	13.42	0.00
3	7	0.01	2.11	62.00	11.47	0.00
Core	CPU	C1%	C3%	C6%	C8%	C9%
-	-	0.01	0.83	70.86	17.08	0.00
0	0	0.01	0.57	70.33	18.83	0.00
0	4	0.00	0.63	69.14	21.46	0.00
1	1	0.00	0.42	72.77	17.28	0.00
1	5	0.01	0.38	69.76	21.18	0.00
2	2	0.01	0.44	71.90	17.97	0.00
2	6	0.00	1.20	71.61	18.29	0.00
3	3	0.00	0.54	77.44	12.52	0.00
3	7	0.01	2.46	64.17	9.16	0.00
Core	CPU	C1%	C3%	C6%	C8%	C9%
-	-	0.00	0.72	72.22	15.77	0.00
0	0	0.01	0.61	71.74	17.18	0.00
0	4	0.00	0.72	69.26	21.16	0.00
1	1	0.00	0.47	74.06	15.92	0.00
1	5	0.01	0.49	73.12	17.56	0.00
2	2	0.00	0.36	71.95	17.99	0.00
2	6	0.00	0.33	70.51	20.31	0.00
3	3	0.00	0.67	80.62	9.08	0.00
3	7	0.01	2.08	66.76	7.00	0.00
Core	CPU	C1%	C3%	C6%	C8%	C9%
-	-	0.01	0.67	70.41	17.18	0.00
0	0	0.01	0.41	73.88	15.36	0.00
0	4	0.01	0.71	68.76	21.48	0.00
1	1	0.01	0.43	73.95	16.18	0.00
1	5	0.01	0.38	68.66	22.48	0.00
2	2	0.00	0.44	69.36	20.64	0.00
2	6	0.00	0.41	67.51	23.54	0.00
3	3	0.01	0.47	78.19	11.23	0.00
3	7	0.01	2.13	62.59	6.39	0.00
Core	CPU	C1%	C3%	C6%	C8%	C9%
-	-	0.01	1.21	69.50	16.25	0.00
0	0	0.01	2.49	68.16	17.62	0.00
0	4	0.00	0.71	66.12	22.31	0.00
1	1	0.00	0.46	70.94	16.56	0.00
1	5	0.01	0.52	69.41	19.48	0.00
2	2	0.00	0.43	70.42	16.92	0.00
2	6	0.00	0.44	68.61	20.28	0.00
3	3	0.00	0.49	78.09	9.89	0.00
3	7	0.01	4.19	64.32	6.97	0.00
Core	CPU	C1%	C3%	C6%	C8%	C9%
-	-	0.02	0.70	71.55	16.41	0.00
0	0	0.11	0.59	71.69	17.20	0.00
0	4	0.01	0.71	70.95	19.44	0.00
1	1	0.01	0.34	74.00	15.82	0.00
1	5	0.01	0.37	73.06	17.73	0.00
2	2	0.01	0.43	70.98	18.96	0.00
2	6	0.01	0.41	70.39	20.39	0.00
3	3	0.01	0.67	78.18	11.64	0.00
3	7	0.00	2.08	63.52	10.16	0.00
Core	CPU	C1%	C3%	C6%	C8%	C9%
-	-	0.01	0.81	71.50	16.36	0.00
0	0	0.00	0.52	72.99	15.91	0.00
0	4	0.01	0.68	70.80	19.72	0.00
1	1	0.00	0.49	72.05	17.57	0.00
1	5	0.01	0.55	70.87	19.90	0.00
2	2	0.01	0.56	70.65	18.26	0.00
2	6	0.00	0.39	69.90	20.66	0.00
3	3	0.00	0.58	79.07	10.80	0.00
3	7	0.02	2.69	65.23	7.97	0.00
Core	CPU	C1%	C3%	C6%	C8%	C9%
-	-	0.00	0.64	70.73	17.25	0.00
0	0	0.00	0.39	74.37	13.87	0.00
0	4	0.00	0.52	71.61	19.09	0.00
1	1	0.00	0.31	72.22	17.87	0.00
1	5	0.01	0.35	69.23	21.68	0.00
2	2	0.00	0.54	68.39	21.54	0.00
2	6	0.00	0.67	69.84	20.62	0.00
3	3	0.00	0.53	75.95	14.05	0.00
3	7	0.02	1.83	64.46	9.37	0.00
Core	CPU	C1%	C3%	C6%	C8%	C9%
-	-	0.01	0.74	72.15	15.81	0.00
0	0	0.01	0.54	69.70	19.26	0.00
0	4	0.01	0.82	72.92	17.13	0.00
1	1	0.00	0.53	70.76	19.22	0.00
1	5	0.01	0.59	69.42	21.24	0.00
2	2	0.00	0.43	72.71	17.29	0.00
2	6	0.01	0.41	72.88	17.87	0.00
3	3	0.00	0.50	81.72	8.17	0.00
3	7	0.01	2.09	67.36	6.41	0.00
Core	CPU	C1%	C3%	C6%	C8%	C9%
-	-	0.00	1.27	69.36	17.25	0.14
0	0	0.00	2.24	71.94	13.84	1.10
0	4	0.01	0.74	67.78	20.79	0.00
1	1	0.00	0.36	69.55	19.44	0.00
1	5	0.00	0.43	69.05	20.56	0.00
2	2	0.00	0.36	68.13	20.91	0.00
2	6	0.00	0.40	67.42	22.75	0.00
3	3	0.00	0.64	78.10	11.00	0.00
3	7	0.01	4.97	62.62	8.63	0.00
Core	CPU	C1%	C3%	C6%	C8%	C9%
-	-	0.01	0.70	71.58	16.45	0.00
0	0	0.01	0.50	74.54	14.48	0.00
0	4	0.00	0.79	71.23	19.15	0.00
1	1	0.00	0.40	72.93	17.11	0.00
1	5	0.01	0.38	71.64	19.14	0.00
2	2	0.00	0.41	70.39	19.34	0.00
2	6	0.00	0.47	69.71	21.05	0.00
3	3	0.00	0.58	77.70	12.18	0.00
3	7	0.01	2.06	64.45	9.10	0.00
Core	CPU	C1%	C3%	C6%	C8%	C9%
-	-	0.01	0.74	71.34	16.57	0.00
0	0	0.01	0.47	72.91	16.12	0.00
0	4	0.00	0.67	71.61	18.85	0.00
1	1	0.00	0.36	71.37	18.72	0.00
1	5	0.01	0.41	70.42	20.33	0.00
2	2	0.01	0.41	70.82	19.05	0.00
2	6	0.01	0.76	70.13	19.71	0.00
3	3	0.01	0.55	78.88	11.08	0.00
3	7	0.02	2.27	64.76	8.74	0.00
Core	CPU	C1%	C3%	C6%	C8%	C9%
-	-	0.01	0.72	71.79	16.28	0.00
0	0	0.00	0.47	73.71	15.19	0.00
0	4	0.00	0.64	69.60	20.83	0.00
1	1	0.00	0.50	73.26	16.69	0.00
1	5	0.01	0.57	68.63	21.75	0.00
2	2	0.00	0.34	72.07	18.07	0.00
2	6	0.00	0.49	71.37	19.40	0.00
3	3	0.00	0.58	79.34	10.57	0.00
3	7	0.03	2.14	65.87	7.68	0.00
Core	CPU	C1%	C3%	C6%	C8%	C9%
-	-	0.00	0.69	71.08	16.86	0.00
0	0	0.00	0.49	73.44	15.61	0.00
0	4	0.00	0.83	73.80	16.40	0.00
1	1	0.00	0.38	71.51	18.34	0.00
1	5	0.00	0.35	72.03	18.75	0.00
2	2	0.01	0.48	69.02	20.93	0.00
2	6	0.00	0.49	68.98	21.76	0.00
3	3	0.00	0.60	77.64	12.27	0.00
3	7	0.01	1.94	62.77	10.94	0.00
Core	CPU	C1%	C3%	C6%	C8%	C9%
-	-	0.01	1.04	69.99	16.07	0.00
0	0	0.01	1.66	70.40	15.54	0.00
0	4	0.00	0.66	69.44	19.21	0.00
1	1	0.00	0.42	72.96	15.14	0.00
1	5	0.01	0.39	69.66	19.30	0.00
2	2	0.00	0.36	67.61	20.36	0.00
2	6	0.00	0.48	69.31	20.04	0.00
3	3	0.00	0.63	76.68	11.15	0.00
3	7	0.01	3.68	63.65	7.74	0.00
Core	CPU	C1%	C3%	C6%	C8%	C9%
-	-	0.01	0.68	71.07	17.01	0.00
0	0	0.00	0.46	73.46	15.56	0.00
0	4	0.00	0.70	70.01	20.46	0.00
1	1	0.00	0.50	72.27	17.59	0.00
1	5	0.01	0.41	69.01	21.74	0.00
2	2	0.00	0.43	70.14	19.83	0.00
2	6	0.00	0.55	69.56	21.12	0.00
3	3	0.00	0.56	78.54	11.36	0.00
3	7	0.02	1.87	65.28	8.29	0.00
Core	CPU	C1%	C3%	C6%	C8%	C9%
-	-	0.00	0.87	71.34	16.28	0.00
0	0	0.00	0.59	73.75	15.20	0.00
0	4	0.00	0.77	70.55	19.61	0.00
1	1	0.00	0.37	71.21	18.58	0.00
1	5	0.00	0.48	71.37	19.19	0.00
2	2	0.00	1.01	69.32	19.44	0.00
2	6	0.00	0.38	69.75	20.65	0.00
3	3	0.00	0.59	79.53	10.42	0.00
3	7	0.01	2.83	65.87	7.29	0.00
Core	CPU	C1%	C3%	C6%	C8%	C9%
-	-	0.00	0.69	71.25	16.89	0.00
0	0	0.00	0.52	73.24	15.83	0.00
0	4	0.00	0.70	71.80	18.56	0.00
1	1	0.00	0.40	69.41	20.49	0.00
1	5	0.01	0.49	70.57	20.11	0.00
2	2	0.00	0.41	70.96	18.98	0.00
2	6	0.00	0.48	70.68	20.02	0.00
3	3	0.00	0.55	78.34	11.65	0.00
3	7	0.01	1.94	64.42	9.28	0.00
Core	CPU	C1%	C3%	C6%	C8%	C9%
-	-	0.01	0.71	71.65	16.24	0.00
0	0	0.01	0.48	71.42	17.57	0.00
0	4	0.01	0.82	72.31	17.72	0.00
1	1	0.00	0.52	72.81	17.07	0.00
1	5	0.01	0.53	71.26	19.35	0.00
2	2	0.00	0.37	69.32	20.51	0.00
2	6	0.01	0.42	70.25	20.55	0.00
3	3	0.00	0.63	79.53	10.29	0.00
3	7	0.02	1.93	66.92	6.98	0.00
Core	CPU	C1%	C3%	C6%	C8%	C9%
-	-	0.01	1.10	69.42	16.36	0.00
0	0	0.01	2.31	71.26	14.58	0.00
0	4	0.00	0.90	68.64	19.51	0.00
1	1	0.00	0.48	69.26	18.72	0.00
1	5	0.01	0.43	70.10	18.15	0.00
2	2	0.00	0.33	67.99	20.28	0.00
2	6	0.00	0.38	67.24	21.56	0.00
3	3	0.00	0.52	76.76	10.57	0.00
3	7	0.01	3.49	63.95	7.43	0.00
Core	CPU	C1%	C3%	C6%	C8%	C9%
-	-	0.00	0.67	71.60	16.51	0.00
0	0	0.00	0.57	76.06	12.89	0.00
0	4	0.00	0.61	72.26	18.31	0.00
1	1	0.00	0.35	73.90	16.10	0.00
1	5	0.00	0.30	70.77	20.21	0.00
2	2	0.00	0.46	69.68	20.32	0.00
2	6	0.00	0.48	69.21	21.50	0.00
3	3	0.00	0.63	77.10	12.79	0.00
3	7	0.01	1.95	63.68	9.93	0.00
Core	CPU	C1%	C3%	C6%	C8%	C9%
-	-	0.00	0.82	70.70	17.16	0.00
0	0	0.01	0.57	73.21	15.75	0.00
0	4	0.00	0.78	69.93	20.53	0.00
1	1	0.00	0.90	73.14	15.90	0.00
1	5	0.00	0.35	71.02	19.85	0.00
2	2	0.00	0.49	68.96	21.07	0.00
2	6	0.00	0.48	68.48	22.23	0.00
3	3	0.00	0.53	77.48	12.49	0.00
3	7	0.01	2.46	63.70	9.56	0.00
Core	CPU	C1%	C3%	C6%	C8%	C9%
-	-	0.00	0.72	72.06	15.99	0.00
0	0	0.01	0.53	71.30	17.67	0.00
0	4	0.00	0.70	70.78	19.49	0.00
1	1	0.00	0.39	73.55	16.32	0.00
1	5	0.01	0.44	72.15	18.73	0.00
2	2	0.00	0.44	70.72	19.24	0.00
2	6	0.01	0.46	70.69	20.01	0.00
3	3	0.00	0.61	81.00	8.81	0.00
3	7	0.00	2.15	65.91	7.55	0.00
Core	CPU	C1%	C3%	C6%	C8%	C9%
-	-	0.01	0.69	71.75	16.23	0.00
0	0	0.00	0.58	72.28	16.70	0.00
0	4	0.00	0.73	70.90	19.44	0.00
1	1	0.00	0.35	74.22	15.62	0.00
1	5	0.01	0.42	70.44	20.32	0.00
2	2	0.00	0.45	71.10	18.89	0.00
2	6	0.01	0.54	70.94	19.70	0.00
3	3	0.00	0.58	79.24	10.63	0.00
3	7	0.01	1.83	65.24	8.64	0.00
Core	CPU	C1%	C3%	C6%	C8%	C9%
-	-	0.01	1.32	69.62	17.40	0.00
0	0	0.01	3.03	71.51	14.37	0.00
0	4	0.00	0.66	69.34	20.17	0.00
1	1	0.00	0.29	71.36	18.68	0.00
1	5	0.01	0.41	69.41	20.52	0.00
2	2	0.00	0.49	67.55	21.62	0.00
2	6	0.01	0.44	67.68	22.90	0.00
3	3	0.00	0.60	76.91	11.94	0.00
3	7	0.01	4.65	62.76	8.89	0.00
Core	CPU	C1%	C3%	C6%	C8%	C9%
-	-	0.01	0.71	70.92	16.72	0.00
0	0	0.01	0.61	72.95	16.05	0.00
0	4	0.01	0.83	70.66	19.70	0.00
1	1	0.00	0.33	73.45	16.47	0.00
1	5	0.01	0.39	70.91	20.05	0.00
2	2	0.00	0.49	69.04	21.06	0.00
2	6	0.00	0.36	67.71	23.13	0.00
3	3	0.01	0.50	79.28	10.27	0.00
3	7	0.02	2.17	63.17	7.02	0.00
Core	CPU	C1%	C3%	C6%	C8%	C9%
-	-	0.01	0.81	69.77	17.82	0.00
0	0	0.00	0.57	71.90	17.20	0.00
0	4	0.00	0.65	70.44	19.72	0.00
1	1	0.01	0.49	72.18	17.85	0.00
1	5	0.01	0.43	71.33	19.39	0.00
2	2	0.01	0.50	68.41	21.14	0.00
2	6	0.01	0.41	68.60	22.31	0.00
3	3	0.00	1.19	74.34	14.64	0.00
3	7	0.01	2.26	61.57	10.47	0.00
Core	CPU	C1%	C3%	C6%	C8%	C9%
-	-	0.01	0.71	71.34	16.73	0.00
0	0	0.00	0.51	73.82	15.27	0.00
0	4	0.00	0.68	75.12	15.08	0.00
1	1	0.01	0.33	69.45	20.38	0.00
1	5	0.01	0.39	69.24	21.65	0.00
2	2	0.01	0.54	71.07	18.88	0.00
2	6	0.00	0.52	70.26	20.43	0.00
3	3	0.00	0.59	77.50	12.46	0.00
3	7	0.01	2.10	63.83	9.59	0.00
Core	CPU	C1%	C3%	C6%	C8%	C9%
-	-	0.01	0.71	71.31	16.65	0.00
0	0	0.00	0.57	74.31	14.43	0.00
0	4	0.00	0.77	72.25	18.08	0.00
1	1	0.00	0.36	71.97	18.10	0.00
1	5	0.01	0.36	70.78	20.13	0.00
2	2	0.01	0.51	69.37	20.58	0.00
2	6	0.00	0.42	68.81	21.98	0.00
3	3	0.00	0.61	79.24	10.63	0.00
3	7	0.02	2.06	64.16	9.38	0.00
Core	CPU	C1%	C3%	C6%	C8%	C9%
-	-	0.00	1.42	70.33	16.41	0.00
0	0	0.00	3.64	73.67	12.12	0.00
0	4	0.01	0.71	70.75	19.34	0.00
1	1	0.00	0.30	73.48	14.86	0.00
1	5	0.00	0.30	71.02	17.92	0.00
2	2	0.01	0.51	67.15	21.95	0.00
2	6	0.00	0.45	67.37	22.87	0.00
3	3	0.00	0.64	76.84	12.54	0.00
3	7	0.01	4.79	61.92	9.58	0.00
Core	CPU	C1%	C3%	C6%	C8%	C9%
-	-	0.00	0.70	71.89	16.14	0.00
0	0	0.00	0.58	75.25	13.55	0.00
0	4	0.00	0.70	71.46	18.99	0.00
1	1	0.00	0.40	73.83	16.05	0.00
1	5	0.00	0.32	71.73	19.25	0.00
2	2	0.00	0.50	70.77	19.23	0.00
2	6	0.00	0.49	70.11	20.56	0.00
3	3	0.01	0.52	77.78	12.18	0.00
3	7	0.01	2.08	64.13	9.34	0.00
Core	CPU	C1%	C3%	C6%	C8%	C9%
-	-	0.01	0.83	72.38	15.60	0.00
0	0	0.01	0.58	72.46	16.60	0.00
0	4	0.01	0.79	69.86	20.60	0.00
1	1	0.00	0.50	73.99	16.03	0.00
1	5	0.01	0.47	72.30	18.55	0.00
2	2	0.00	0.37	73.68	16.18	0.00
2	6	0.00	0.31	70.08	20.81	0.00
3	3	0.00	1.06	79.84	9.24	0.00
3	7	0.02	2.54	66.66	6.73	0.00
Core	CPU	C1%	C3%	C6%	C8%	C9%
-	-	0.03	0.73	71.57	16.27	0.00
0	0	0.20	0.50	71.29	17.50	0.00
0	4	0.00	0.81	70.63	19.47	0.00
1	1	0.00	0.41	72.61	17.42	0.00
1	5	0.00	0.47	71.64	19.19	0.00
2	2	0.01	0.44	70.42	19.46	0.00
2	6	0.00	0.48	69.81	20.77	0.00
3	3	0.00	0.53	80.19	9.72	0.00
3	7	0.02	2.20	66.62	6.81	0.00
Core	CPU	C1%	C3%	C6%	C8%	C9%
-	-	0.01	0.75	72.23	15.80	0.00
0	0	0.01	0.61	74.13	14.51	0.00
0	4	0.00	0.79	69.50	20.85	0.00
1	1	0.00	0.36	73.18	16.64	0.00
1	5	0.01	0.40	73.21	17.68	0.00
2	2	0.00	0.40	69.88	20.09	0.00
2	6	0.00	0.40	69.45	21.40	0.00
3	3	0.01	0.73	81.32	8.43	0.00
3	7	0.01	2.33	66.56	6.64	0.00
Core	CPU	C1%	C3%	C6%	C8%	C9%
-	-	0.01	1.16	69.12	17.04	0.00
0	0	0.01	2.71	68.95	16.71	0.00
0	4	0.00	0.79	68.94	20.32	0.00
1	1	0.00	0.40	69.72	18.87	0.00
1	5	0.00	0.40	67.82	21.31	0.00
2	2	0.00	0.40	69.76	18.30	0.00
2	6	0.00	0.41	67.89	21.06	0.00
3	3	0.00	0.57	76.81	11.24	0.00
3	7	0.02	3.57	62.99	8.52	0.00
Core	CPU	C1%	C3%	C6%	C8%	C9%
-	-	0.00	0.70	71.19	16.82	0.00
0	0	0.00	0.57	74.33	14.63	0.00
0	4	0.00	0.60	72.07	18.35	0.00
1	1	0.01	0.47	71.78	18.08	0.00
1	5	0.00	0.39	70.10	20.77	0.00
2	2	0.00	0.51	70.23	19.72	0.00
2	6	0.00	0.50	69.54	21.19	0.00
3	3	0.00	0.54	77.60	12.34	0.00
3	7	0.01	2.07	63.97	9.54	0.00
Core	CPU	C1%	C3%	C6%	C8%	C9%
-	-	0.00	0.87	70.32	17.62	0.00
0	0	0.00	1.31	74.85	13.19	0.00
0	4	0.00	0.67	69.47	20.99	0.00
1	1	0.00	0.32	72.98	17.18	0.00
1	5	0.01	0.41	71.39	19.53	0.00
2	2	0.01	0.49	67.70	22.32	0.00
2	6	0.00	0.49	67.46	23.34	0.00
3	3	0.00	0.68	75.47	14.37	0.00
3	7	0.01	2.60	63.19	10.06	0.00
Core	CPU	C1%	C3%	C6%	C8%	C9%
-	-	0.00	0.74	72.73	15.15	0.00
0	0	0.01	0.64	75.75	13.11	0.00
0	4	0.01	0.86	71.42	18.79	0.00
1	1	0.00	0.30	74.13	15.87	0.00
1	5	0.00	0.42	72.89	17.97	0.00
2	2	0.00	0.50	71.57	18.34	0.00
2	6	0.00	0.33	69.73	21.08	0.00
3	3	0.00	0.63	80.99	8.86	0.00
3	7	0.00	2.26	66.03	7.36	0.00
Core	CPU	C1%	C3%	C6%	C8%	C9%
-	-	0.01	0.73	72.35	15.71	0.00
0	0	0.00	0.57	74.18	14.75	0.00
0	4	0.01	0.98	70.35	19.74	0.00
1	1	0.00	0.35	73.97	15.83	0.00
1	5	0.01	0.47	73.93	16.92	0.00
2	2	0.00	0.41	70.01	19.97	0.00
2	6	0.00	0.30	69.97	20.93	0.00
3	3	0.01	0.63	80.57	9.25	0.00
3	7	0.01	2.11	65.20	8.15	0.00
Core	CPU	C1%	C3%	C6%	C8%	C9%
-	-	0.01	1.20	70.15	16.24	0.00
0	0	0.03	1.95	72.12	13.57	0.00
0	4	0.01	0.89	68.54	20.14	0.00
1	1	0.00	0.40	73.48	15.75	0.00
1	5	0.01	0.40	72.69	16.40	0.00
2	2	0.00	0.44	68.41	20.17	0.00
2	6	0.00	0.32	68.34	21.27	0.00
3	3	0.01	0.56	76.00	12.74	0.00
3	7	0.00	4.62	61.51	9.90	0.00
Core	CPU	C1%	C3%	C6%	C8%	C9%
-	-	0.01	0.77	70.14	17.57	0.00
0	0	0.00	0.52	74.64	14.33	0.00
0	4	0.00	0.67	73.28	16.91	0.00
1	1	0.00	0.92	72.43	16.31	0.00
1	5	0.01	0.29	69.83	21.11	0.00
2	2	0.01	0.49	67.72	22.25	0.00
2	6	0.01	1.18	67.05	22.75	0.00
3	3	0.01	0.53	74.55	15.41	0.00
3	7	0.01	1.59	62.28	11.64	0.00
Core	CPU	C1%	C3%	C6%	C8%	C9%
-	-	0.00	0.72	72.00	16.12	0.00
0	0	0.00	0.57	72.72	16.27	0.00
0	4	0.00	0.76	69.74	20.59	0.00
1	1	0.00	0.29	74.02	15.93	0.00
1	5	0.01	0.43	72.40	18.47	0.00
2	2	0.00	0.39	69.79	20.25	0.00
2	6	0.00	0.32	69.40	21.53	0.00
3	3	0.00	0.62	81.53	8.31	0.00
3	7	0.01	2.33	65.86	7.50	0.00
Core	CPU	C1%	C3%	C6%	C8%	C9%
-	-	0.01	0.84	71.57	16.21	0.00
0	0	0.00	0.64	72.80	15.93	0.00
0	4	0.00	1.50	68.36	21.12	0.00
1	1	0.00	0.42	74.68	15.33	0.00
1	5	0.01	0.44	72.35	18.50	0.00
2	2	0.01	0.46	70.84	18.83	0.00
2	6	0.01	0.34	69.74	21.13	0.00
3	3	0.01	0.67	80.30	9.54	0.00
3	7	0.03	2.30	64.00	9.45	0.00
Core	CPU	C1%	C3%	C6%	C8%	C9%
-	-	0.01	0.73	72.18	15.94	0.00
0	0	0.00	0.61	72.92	15.87	0.00
0	4	0.01	0.69	68.86	21.63	0.00
1	1	0.01	0.47	74.43	15.54	0.00
1	5	0.01	0.51	71.31	19.52	0.00
2	2	0.00	0.34	70.75	19.29	0.00
2	6	0.00	0.37	70.50	20.38	0.00
3	3	0.00	0.63	81.49	8.33	0.00
3	7	0.02	2.23	66.63	6.82	0.00
Core	CPU	C1%	C3%	C6%	C8%	C9%
-	-	0.00	0.69	71.44	16.48	0.00
0	0	0.00	0.60	73.99	14.94	0.00
0	4	0.00	0.71	72.23	18.09	0.00
1	1	0.00	0.42	72.09	17.72	0.00
1	5	0.01	0.42	70.83	20.02	0.00
2	2	0.01	0.40	71.28	18.63	0.00
2	6	0.00	0.39	70.13	20.68	0.00
3	3	0.00	0.62	77.89	11.95	0.00
3	7	0.01	1.98	63.69	9.99	0.00
Core	CPU	C1%	C3%	C6%	C8%	C9%
-	-	0.01	1.17	70.04	16.87	0.00
0	0	0.01	2.30	71.94	14.08	0.00
0	4	0.01	0.83	68.24	21.36	0.00
1	1	0.00	0.35	71.97	16.94	0.00
1	5	0.01	0.30	70.93	19.56	0.00
2	2	0.00	0.43	67.93	21.08	0.00
2	6	0.00	0.45	66.70	23.09	0.00
3	3	0.01	0.54	79.01	10.78	0.00
3	7	0.02	4.20	63.46	8.04	0.00
Core	CPU	C1%	C3%	C6%	C8%	C9%
-	-	0.01	0.74	72.58	15.51	0.00
0	0	0.01	0.58	73.69	15.24	0.00
0	4	0.01	0.93	71.24	19.00	0.00
1	1	0.00	0.42	73.51	16.43	0.00
1	5	0.01	0.50	71.50	19.33	0.00
2	2	0.00	0.46	71.94	17.99	0.00
2	6	0.00	0.38	70.34	20.47	0.00
3	3	0.00	0.54	81.70	8.25	0.00
3	7	0.02	2.13	66.22	7.27	0.00
Core	CPU	C1%	C3%	C6%	C8%	C9%
-	-	0.01	0.79	70.85	16.99	0.00
0	0	0.00	0.58	72.06	16.54	0.00
0	4	0.00	1.34	69.82	19.64	0.00
1	1	0.00	0.30	74.42	15.60	0.00
1	5	0.01	0.45	70.16	20.66	0.00
2	2	0.00	0.38	69.73	20.33	0.00
2	6	0.01	0.50	69.25	21.45	0.00
3	3	0.01	0.64	77.87	12.01	0.00
3	7	0.01	2.18	63.83	9.78	0.00
Core	CPU	C1%	C3%	C6%	C8%	C9%
-	-	0.01	0.72	70.62	16.78	0.00
0	0	0.00	0.64	73.65	15.25	0.00
0	4	0.00	0.74	69.44	20.70	0.00
1	1	0.00	0.40	71.35	18.93	0.00
1	5	0.01	0.42	68.59	22.31	0.00
2	2	0.01	0.39	70.55	18.87	0.00
2	6	0.00	0.37	68.90	22.17	0.00
3	3	0.00	0.49	79.48	9.94	0.00
3	7	0.02	2.32	62.87	6.05	0.00
Core	CPU	C1%	C3%	C6%	C8%	C9%
-	-	0.01	0.73	71.79	16.18	0.00
0	0	0.01	0.51	74.66	14.27	0.00
0	4	0.00	0.73	70.34	20.05	0.00
1	1	0.01	0.37	74.28	15.65	0.00
1	5	0.01	0.48	71.74	19.03	0.00
2	2	0.00	0.46	68.33	21.64	0.00
2	6	0.00	0.45	69.30	21.43	0.00
3	3	0.00	0.61	79.66	10.17	0.00
3	7	0.01	2.22	66.28	7.28	0.00
Core	CPU	C1%	C3%	C6%	C8%	C9%
-	-	0.00	1.14	69.62	16.14	0.00
0	0	0.00	2.65	69.21	16.46	0.00
0	4	0.01	0.76	68.40	20.32	0.00
1	1	0.00	0.27	73.81	13.91	0.00
1	5	0.00	0.39	69.66	19.15	0.00
2	2	0.00	0.42	67.84	19.66	0.00
2	6	0.01	0.46	67.73	21.02	0.00
3	3	0.01	0.65	77.57	9.89	0.00
3	7	0.00	3.49	62.49	8.64	0.00
Core	CPU	C1%	C3%	C6%	C8%	C9%
-	-	0.01	0.72	71.44	16.51	0.00
0	0	0.00	0.63	75.73	12.94	0.00
0	4	0.01	0.80	71.13	19.17	0.00
1	1	0.01	0.40	72.50	17.46	0.00
1	5	0.01	0.42	71.15	19.61	0.00
2	2	0.01	0.41	69.65	20.40	0.00
2	6	0.00	0.45	69.85	20.91	0.00
3	3	0.00	0.62	77.48	12.35	0.00
3	7	0.01	2.02	64.32	9.28	0.00
Core	CPU	C1%	C3%	C6%	C8%	C9%
-	-	0.01	0.84	71.16	16.69	0.00
0	0	0.00	0.57	72.34	16.40	0.00
0	4	0.01	0.76	71.59	18.49	0.00
1	1	0.00	0.40	76.12	13.64	0.00
1	5	0.00	0.40	70.64	20.18	0.00
2	2	0.01	1.25	69.77	19.30	0.00
2	6	0.01	0.53	68.51	22.12	0.00
3	3	0.01	0.57	77.62	12.06	0.00
3	7	0.01	2.26	62.27	11.22	0.00
Core	CPU	C1%	C3%	C6%	C8%	C9%
-	-	0.01	0.75	72.31	15.69	0.00
0	0	0.01	0.61	73.72	15.06	0.00
0	4	0.00	0.70	69.35	21.07	0.00
1	1	0.00	0.49	72.19	17.66	0.00
1	5	0.01	0.51	72.03	18.80	0.00
2	2	0.01	0.34	72.03	18.07	0.00
2	6	0.00	0.38	71.65	19.18	0.00
3	3	0.00	0.70	80.73	9.04	0.00
3	7	0.01	2.29	66.79	6.61	0.00
Core	CPU	C1%	C3%	C6%	C8%	C9%
-	-	0.02	0.74	71.44	16.47	0.00
0	0	0.11	0.66	72.75	15.77	0.00
0	4	0.01	0.80	68.25	22.00	0.00
1	1	0.00	0.48	72.59	17.32	0.00
1	5	0.01	0.68	72.07	18.58	0.00
2	2	0.00	0.36	68.85	21.23	0.00
2	6	0.00	0.26	69.98	20.88	0.00
3	3	0.00	0.51	80.87	9.02	0.00
3	7	0.01	2.14	66.53	7.11	0.00
Core	CPU	C1%	C3%	C6%	C8%	C9%
-	-	0.00	1.04	69.72	16.18	0.13
0	0	0.00	1.74	71.25	14.68	1.03
0	4	0.00	0.73	68.08	21.05	0.00
1	1	0.00	0.34	71.84	16.11	0.00
1	5	0.00	0.40	69.47	18.89	0.00
2	2	0.00	0.42	68.48	19.60	0.00
2	6	0.00	0.43	68.00	20.31	0.00
3	3	0.00	0.62	76.97	10.87	0.00
3	7	0.01	3.63	63.54	7.92	0.00
Core	CPU	C1%	C3%	C6%	C8%	C9%
-	-	0.01	0.66	70.71	17.12	0.00
0	0	0.01	0.47	73.44	15.64	0.00
0	4	0.02	0.61	69.41	19.73	0.00
1	1	0.01	0.43	72.47	17.59	0.00
1	5	0.01	0.43	68.74	22.09	0.00
2	2	0.00	0.40	72.16	17.22	0.00
2	6	0.00	0.54	69.74	20.93	0.00
3	3	0.00	0.56	76.19	13.75	0.00
3	7	0.02	1.85	63.74	10.05	0.00
Core	CPU	C1%	C3%	C6%	C8%	C9%
-	-	0.01	0.93	71.31	16.58	0.00
0	0	0.01	0.42	69.90	19.13	0.00
0	4	0.00	1.57	67.11	22.14	0.00
1	1	0.01	0.48	71.09	18.98	0.00
1	5	0.01	0.65	69.43	21.17	0.00
2	2	0.00	0.41	72.39	17.67	0.00
2	6	0.00	0.44	71.53	19.27	0.00
3	3	0.00	0.57	81.93	8.00	0.00
3	7	0.02	2.91	66.79	6.19	0.00
Core	CPU	C1%	C3%	C6%	C8%	C9%
-	-	0.01	0.74	71.33	16.61	0.00
0	0	0.01	0.54	73.52	15.10	0.00
0	4	0.00	0.80	68.82	21.52	0.00
1	1	0.00	0.45	74.51	15.45	0.00
1	5	0.01	0.45	71.33	19.46	0.00
2	2	0.01	0.40	68.29	21.74	0.00
2	6	0.00	0.40	69.13	21.63	0.00
3	3	0.00	0.60	79.66	10.17	0.00
3	7	0.01	2.27	65.60	7.86	0.00
Core	CPU	C1%	C3%	C6%	C8%	C9%
-	-	0.01	0.71	71.78	16.38	0.00
0	0	0.01	0.46	73.18	15.85	0.00
0	4	0.00	0.74	70.15	20.23	0.00
1	1	0.00	0.51	72.20	17.72	0.00
1	5	0.01	0.60	70.00	20.72	0.00
2	2	0.01	0.40	72.50	17.49	0.00
2	6	0.00	0.38	69.28	21.59	0.00
3	3	0.00	0.56	79.50	10.45	0.00
3	7	0.02	2.00	66.82	6.80	0.00
Core	CPU	C1%	C3%	C6%	C8%	C9%
-	-	0.01	1.16	70.33	16.11	0.00
0	0	0.02	1.98	67.49	18.74	0.00
0	4	0.00	0.87	66.26	22.01	0.00
1	1	0.00	0.43	72.46	16.10	0.00
1	5	0.01	0.48	72.35	17.03	0.00
2	2	0.00	0.30	69.53	20.32	0.00
2	6	0.01	0.32	69.45	20.19	0.00
3	3	0.01	0.68	80.15	8.17	0.00
3	7	0.02	4.22	65.20	6.38	0.00
Core	CPU	C1%	C3%	C6%	C8%	C9%
-	-	0.01	0.71	71.84	16.11	0.00
0	0	0.01	0.54	70.63	18.28	0.00
0	4	0.01	0.73	71.77	18.39	0.00
1	1	0.01	0.50	73.82	15.92	0.00
1	5	0.01	0.51	72.23	18.55	0.00
2	2	0.00	0.39	71.30	18.77	0.00
2	6	0.00	0.41	70.81	20.00	0.00
3	3	0.00	0.56	79.20	10.69	0.00
3	7	0.01	2.05	65.27	8.39	0.00
Core	CPU	C1%	C3%	C6%	C8%	C9%
-	-	0.01	0.80	71.67	16.34	0.00
0	0	0.00	0.44	74.62	14.36	0.00
0	4	0.01	1.12	70.48	19.33	0.00
1	1	0.01	0.36	73.59	16.43	0.00
1	5	0.01	0.46	69.69	21.20	0.00
2	2	0.01	0.53	70.16	19.88	0.00
2	6	0.00	0.41	70.03	20.82	0.00
3	3	0.01	0.54	79.86	10.17	0.00
3	7	0.01	2.55	64.66	8.44	0.00
Core	CPU	C1%	C3%	C6%	C8%	C9%
-	-	0.01	0.72	72.29	15.70	0.00
0	0	0.01	0.60	69.78	19.08	0.00
0	4	0.01	0.64	68.57	21.93	0.00
1	1	0.00	0.46	75.52	14.23	0.00
1	5	0.01	0.51	72.07	18.64	0.00
2	2	0.00	0.37	72.10	17.98	0.00
2	6	0.01	0.43	71.51	19.23	0.00
3	3	0.00	0.57	81.81	8.09	0.00
3	7	0.01	2.19	67.15	6.46	0.00
Core	CPU	C1%	C3%	C6%	C8%	C9%
-	-	0.01	0.69	71.43	16.62	0.00
0	0	0.01	0.59	75.67	13.04	0.00
0	4	0.00	0.67	70.49	19.98	0.00
1	1	0.00	0.50	73.97	15.85	0.00
1	5	0.01	0.38	69.83	21.07	0.00
2	2	0.01	0.45	70.14	19.93	0.00
2	6	0.00	0.44	68.89	21.91	0.00
3	3	0.00	0.57	77.71	12.23	0.00
3	7	0.01	1.93	64.83	8.99	0.00
Core	CPU	C1%	C3%	C6%	C8%	C9%
-	-	0.01	1.32	69.73	16.84	0.00
0	0	0.01	3.16	69.79	15.73	0.00
0	4	0.00	0.75	66.48	23.51	0.00
1	1	0.00	0.49	73.21	14.96	0.00
1	5	0.01	0.52	70.15	18.82	0.00
2	2	0.00	0.29	67.17	21.88	0.00
2	6	0.00	0.27	68.32	21.73	0.00
3	3	0.01	0.61	78.52	10.31	0.00
3	7	0.01	4.47	63.89	7.70	0.00
Core	CPU	C1%	C3%	C6%	C8%	C9%
-	-	0.00	0.66	70.60	17.39	0.00
0	0	0.00	0.55	77.39	11.28	0.00
0	4	0.00	0.61	73.73	16.72	0.00
1	1	0.01	0.33	72.32	17.70	0.00
1	5	0.00	0.27	69.07	21.82	0.00
2	2	0.00	0.57	67.79	22.14	0.00
2	6	0.01	0.60	67.34	23.29	0.00
3	3	0.00	0.52	74.84	15.18	0.00
3	7	0.01	1.85	62.66	11.05	0.00
Core	CPU	C1%	C3%	C6%	C8%	C9%
-	-	0.00	0.83	71.16	16.59	0.04
0	0	0.00	1.13	74.77	13.26	0.30
0	4	0.01	0.65	71.44	18.99	0.00
1	1	0.00	0.27	75.20	14.71	0.00
1	5	0.00	0.34	71.33	19.62	0.00
2	2	0.00	0.60	68.90	20.31	0.00
2	6	0.00	0.50	67.11	23.45	0.00
3	3	0.00	0.50	76.71	12.61	0.00
3	7	0.01	2.68	63.51	9.67	0.00
Core	CPU	C1%	C3%	C6%	C8%	C9%
-	-	0.01	0.71	71.24	16.85	0.00
0	0	0.01	0.60	71.13	17.94	0.00
0	4	0.00	0.76	68.24	22.19	0.00
1	1	0.00	0.39	75.54	14.33	0.00
1	5	0.00	0.43	70.70	20.10	0.00
2	2	0.00	0.37	69.77	20.24	0.00
2	6	0.00	0.36	69.94	20.87	0.00
3	3	0.01	0.63	79.84	9.97	0.00
3	7	0.01	2.12	64.47	9.11	0.00
Core	CPU	C1%	C3%	C6%	C8%	C9%
-	-	0.01	0.71	70.43	17.46	0.00
0	0	0.01	0.55	68.70	20.27	0.00
0	4	0.01	0.71	66.66	23.71	0.00
1	1	0.00	0.49	72.87	17.10	0.00
1	5	0.01	0.48	72.39	18.07	0.00
2	2	0.01	0.29	68.26	21.11	0.00
2	6	0.00	0.32	69.42	21.25	0.00
3	3	0.00	0.60	79.40	10.23	0.00
3	7	0.01	2.24	65.74	7.94	0.00
Core	CPU	C1%	C3%	C6%	C8%	C9%
-	-	0.01	1.04	68.36	16.94	0.13
0	0	0.01	2.35	72.54	13.39	0.00
0	4	0.00	0.62	68.72	19.57	0.00
1	1	0.01	0.40	72.25	15.82	0.00
1	5	0.01	0.28	67.55	20.71	0.00
2	2	0.01	0.42	66.13	22.11	0.00
2	6	0.00	0.51	65.86	22.83	0.00
3	3	0.01	0.58	73.88	12.94	0.00
3	7	0.03	3.13	59.97	8.12	1.01
Core	CPU	C1%	C3%	C6%	C8%	C9%
-	-	0.01	0.73	71.57	16.36	0.00
0	0	0.01	0.58	70.13	18.78	0.00
0	4	0.00	0.72	68.05	22.35	0.00
1	1	0.00	0.45	74.64	15.23	0.00
1	5	0.01	0.57	70.85	19.89	0.00
2	2	0.00	0.38	70.65	19.44	0.00
2	6	0.00	0.37	71.12	19.75	0.00
3	3	0.01	0.59	80.92	8.85	0.00
3	7	0.01	2.17	66.42	6.67	0.00
Core	CPU	C1%	C3%	C6%	C8%	C9%
-	-	0.01	0.82	70.64	17.13	0.04
0	0	0.00	0.46	74.00	15.06	0.00
0	4	0.00	1.10	69.56	19.96	0.00
1	1	0.01	0.42	73.48	16.25	0.00
1	5	0.01	0.37	69.36	20.95	0.00
2	2	0.00	0.51	68.04	22.03	0.00
2	6	0.00	0.40	68.39	21.82	0.32
3	3	0.00	0.51	77.67	12.36	0.00
3	7	0.01	2.80	64.49	8.57	0.00
Core	CPU	C1%	C3%	C6%	C8%	C9%
-	-	0.01	0.71	72.02	16.07	0.00
0	0	0.00	0.62	73.64	15.16	0.00
0	4	0.00	0.64	69.70	20.82	0.00
1	1	0.01	0.38	75.65	14.30	0.00
1	5	0.01	0.45	71.14	19.74	0.00
2	2	0.01	0.47	72.38	17.65	0.00
2	6	0.01	0.44	70.49	20.33	0.00
3	3	0.01	0.58	78.53	11.37	0.00
3	7	0.02	2.06	64.50	9.14	0.00
Core	CPU	C1%	C3%	C6%	C8%	C9%
-	-	0.01	0.71	71.45	16.49	0.00
0	0	0.01	0.59	73.82	14.98	0.00
0	4	0.01	0.68	69.80	20.65	0.00
1	1	0.00	0.45	74.30	15.52	0.00
1	5	0.00	0.41	70.49	20.36	0.00
2	2	0.01	0.48	70.52	19.47	0.00
2	6	0.01	0.42	69.67	21.08	0.00
3	3	0.00	0.52	78.25	11.68	0.00
3	7	0.01	2.12	65.36	8.29	0.00
Core	CPU	C1%	C3%	C6%	C8%	C9%
-	-	0.01	1.16	69.82	16.62	0.00
0	0	0.01	0.53	69.49	18.46	0.00
0	4	0.00	0.57	68.27	21.07	0.00
1	1	0.00	0.51	70.81	18.16	0.00
1	5	0.01	0.49	68.70	20.23	0.00
2	2	0.00	1.75	69.24	17.54	0.00
2	6	0.00	0.41	69.31	20.36	0.00
3	3	0.00	0.52	77.85	10.25	0.00
3	7	0.02	4.48	64.68	6.79	0.00
Core	CPU	C1%	C3%	C6%	C8%	C9%
-	-	0.01	0.72	71.86	16.14	0.00
0	0	0.01	0.58	72.92	15.84	0.00
0	4	0.00	0.74	69.31	21.01	0.00
1	1	0.00	0.53	73.10	16.95	0.00
1	5	0.01	0.52	72.20	18.52	0.00
2	2	0.00	0.35	70.27	19.81	0.00
2	6	0.00	0.39	70.53	20.26	0.00
3	3	0.00	0.51	80.53	9.44	0.00
3	7	0.02	2.13	66.29	7.40	0.00
Core	CPU	C1%	C3%	C6%	C8%	C9%
-	-	0.01	0.81	72.15	15.64	0.00
0	0	0.01	0.48	73.95	14.99	0.00
0	4	0.00	0.61	69.52	20.19	0.00
1	1	0.00	0.40	71.69	17.67	0.00
1	5	0.01	0.70	70.60	19.25	0.00
2	2	0.01	0.38	72.83	17.16	0.00
2	6	0.00	0.36	71.83	19.01	0.00
3	3	0.00	0.56	79.57	10.38	0.00
3	7	0.02	2.97	66.70	6.31	0.00
Core	CPU	C1%	C3%	C6%	C8%	C9%
-	-	0.01	0.74	72.47	15.44	0.00
0	0	0.01	0.65	75.78	13.03	0.00
0	4	0.00	0.72	71.08	19.36	0.00
1	1	0.00	0.37	72.93	17.14	0.00
1	5	0.01	0.40	72.70	18.13	0.00
2	2	0.01	0.45	70.75	19.20	0.00
2	6	0.00	0.49	69.70	20.93	0.00
3	3	0.00	0.61	81.48	8.34	0.00
3	7	0.01	2.24	65.89	7.55	0.00
Core	CPU	C1%	C3%	C6%	C8%	C9%
-	-	0.01	0.68	71.33	16.82	0.00
0	0	0.00	0.47	71.80	17.25	0.00
0	4	0.00	0.59	69.70	20.80	0.00
1	1	0.00	0.47	73.64	16.35	0.00
1	5	0.00	0.48	69.01	21.78	0.00
2	2	0.00	0.42	70.18	19.86	0.00
2	6	0.01	0.56	70.53	20.16	0.00
3	3	0.00	0.64	78.69	11.14	0.00
3	7	0.02	1.83	66.53	7.06	0.00
Core	CPU	C1%	C3%	C6%	C8%	C9%
-	-	0.01	1.02	69.66	16.52	0.00
0	0	0.00	0.46	72.00	15.45	0.00
0	4	0.00	0.45	67.47	21.13	0.00
1	1	0.01	0.42	69.90	18.05	0.00
1	5	0.01	0.45	67.85	20.86	0.00
2	2	0.01	2.10	68.93	17.60	0.00
2	6	0.01	0.48	69.69	20.43	0.00
3	3	0.00	0.51	76.98	11.57	0.00
3	7	0.02	3.27	64.52	7.08	0.00
Core	CPU	C1%	C3%	C6%	C8%	C9%
-	-	0.01	0.69	71.08	16.84	0.00
0	0	0.01	0.42	73.97	15.01	0.00
0	4	0.00	0.68	73.16	17.04	0.00
1	1	0.01	0.44	71.44	18.29	0.00
1	5	0.01	0.46	70.38	20.44	0.00
2	2	0.01	0.49	68.68	21.29	0.00
2	6	0.00	0.47	68.89	21.80	0.00
3	3	0.00	0.56	78.10	11.86	0.00
3	7	0.01	1.98	64.52	9.11	0.00
Core	CPU	C1%	C3%	C6%	C8%	C9%
-	-	0.01	0.90	72.05	15.82	0.00
0	0	0.01	0.57	71.73	17.27	0.00
0	4	0.00	0.71	68.35	22.17	0.00
1	1	0.00	0.42	75.84	14.10	0.00
1	5	0.01	0.50	72.32	18.41	0.00
2	2	0.00	0.45	70.20	19.81	0.00
2	6	0.00	1.10	70.68	18.87	0.00
3	3	0.01	0.60	81.27	8.68	0.00
3	7	0.01	2.86	65.77	7.14	0.00
Core	CPU	C1%	C3%	C6%	C8%	C9%
-	-	0.01	0.67	71.44	16.68	0.00
0	0	0.00	0.65	77.49	11.15	0.00
0	4	0.00	0.61	72.44	18.17	0.00
1	1	0.00	0.29	73.43	16.64	0.00
1	5	0.01	0.38	70.87	20.04	0.00
2	2	0.00	0.55	68.74	21.21	0.00
2	6	0.01	0.49	67.84	22.92	0.00
3	3	0.01	0.57	77.34	12.62	0.00
3	7	0.01	1.81	63.00	10.60	0.00
Core	CPU	C1%	C3%	C6%	C8%	C9%
-	-	0.02	0.75	72.87	15.03	0.00
0	0	0.01	0.61	73.39	15.45	0.00
0	4	0.00	0.83	69.35	21.08	0.00
1	1	0.00	0.41	76.39	13.55	0.00
1	5	0.01	0.47	73.81	16.97	0.00
2	2	0.00	0.34	70.97	19.09	0.00
2	6	0.00	0.31	70.88	19.96	0.00
3	3	0.00	0.62	82.28	7.56	0.00
3	7	0.11	2.43	66.41	6.69	0.00
Core	CPU	C1%	C3%	C6%	C8%	C9%
-	-	0.01	1.00	69.16	16.68	0.00
0	0	0.00	0.64	74.96	11.59	0.00
0	4	0.01	0.50	68.69	20.07	0.00
1	1	0.00	0.36	71.23	16.28	0.00
1	5	0.02	0.43	68.25	20.60	0.00
2	2	0.01	2.52	67.43	18.98	0.00
2	6	0.01	0.45	67.11	21.77	0.00
3	3	0.00	0.54	73.31	14.62	0.00
3	7	0.01	2.53	62.06	9.47	0.00
Core	CPU	C1%	C3%	C6%	C8%	C9%
-	-	0.00	0.74	72.74	15.28	0.00
0	0	0.01	0.61	71.47	17.53	0.00
0	4	0.01	0.78	69.80	20.70	0.00
1	1	0.00	0.35	78.25	11.60	0.00
1	5	0.01	0.42	73.12	17.57	0.00
2	2	0.00	0.48	70.70	19.18	0.00
2	6	0.00	0.42	71.21	19.56	0.00
3	3	0.00	0.65	81.10	8.71	0.00
3	7	0.01	2.19	66.05	7.32	0.00
Core	CPU	C1%	C3%	C6%	C8%	C9%
-	-	0.00	0.80	70.85	16.82	0.00
0	0	0.00	0.61	71.78	17.17	0.00
0	4	0.01	0.74	72.70	17.61	0.00
1	1	0.00	0.84	72.31	16.74	0.00
1	5	0.01	0.39	72.41	18.30	0.00
2	2	0.00	0.44	68.56	20.96	0.00
2	6	0.00	0.43	68.14	22.63	0.00
3	3	0.00	0.59	78.23	11.26	0.00
3	7	0.01	2.36	63.25	10.01	0.00
Core	CPU	C1%	C3%	C6%	C8%	C9%
-	-	0.01	0.72	71.57	16.37	0.00
0	0	0.00	0.59	74.57	14.22	0.00
0	4	0.01	0.67	71.55	18.72	0.00
1	1	0.00	0.32	73.44	16.39	0.00
1	5	0.01	0.49	74.66	15.80	0.00
2	2	0.01	0.58	68.96	20.80	0.00
2	6	0.01	0.45	67.65	23.08	0.00
3	3	0.01	0.67	77.07	12.71	0.00
3	7	0.01	1.95	64.24	9.09	0.00
Core	CPU	C1%	C3%	C6%	C8%	C9%
-	-	0.01	0.72	72.02	16.02	0.00
0	0	0.00	0.51	72.09	16.88	0.00
0	4	0.01	0.69	70.00	20.47	0.00
1	1	0.01	0.43	75.13	14.77	0.00
1	5	0.01	0.46	71.48	19.27	0.00
2	2	0.01	0.51	69.83	20.12	0.00
2	6	0.00	0.50	70.54	20.16	0.00
3	3	0.00	0.57	80.22	9.68	0.00
3	7	0.01	2.06	66.73	6.77	0.00
Core	CPU	C1%	C3%	C6%	C8%	C9%
-	-	0.01	1.05	68.88	16.41	0.00
0	0	0.00	0.61	72.57	14.50	0.00
0	4	0.00	0.69	69.46	18.40	0.00
1	1	0.03	0.56	72.18	14.75	0.00
1	5	0.01	0.39	68.21	19.16	0.00
2	2	0.01	1.93	65.00	21.18	0.00
2	6	0.00	0.38	66.63	22.09	0.00
3	3	0.00	0.61	75.22	12.16	0.00
3	7	0.02	3.25	62.40	9.16	0.00
Core	CPU	C1%	C3%	C6%	C8%	C9%
-	-	0.01	0.70	72.19	15.79	0.00
0	0	0.00	0.47	75.24	13.74	0.00
0	4	0.01	0.60	69.78	20.77	0.00
1	1	0.00	0.40	74.78	15.13	0.00
1	5	0.01	0.55	73.01	17.37	0.00
2	2	0.01	0.51	70.24	19.64	0.00
2	6	0.00	0.44	70.38	20.37	0.00
3	3	0.00	0.59	78.82	11.01	0.00
3	7	0.01	2.07	64.97	8.26	0.00
Core	CPU	C1%	C3%	C6%	C8%	C9%
-	-	0.01	0.85	71.82	16.05	0.00
0	0	0.00	0.47	74.00	14.97	0.00
0	4	0.00	0.60	71.29	19.28	0.00
1	1	0.01	0.46	71.77	18.25	0.00
1	5	0.01	0.40	69.86	21.04	0.00
2	2	0.00	0.65	73.60	16.06	0.00
2	6	0.01	1.34	71.39	18.38	0.00
3	3	0.00	0.44	77.73	12.26	0.00
3	7	0.01	2.46	65.08	8.24	0.00
Core	CPU	C1%	C3%	C6%	C8%	C9%
-	-	0.01	0.68	69.25	17.89	0.00
0	0	0.00	0.42	71.95	17.20	0.00
0	4	0.00	0.51	67.26	22.99	0.00
1	1	0.01	0.43	71.75	18.15	0.00
1	5	0.01	0.49	67.92	22.55	0.00
2	2	0.00	0.41	67.48	21.89	0.00
2	6	0.00	0.49	67.51	23.24	0.00
3	3	0.00	0.58	78.23	10.45	0.00
3	7	0.02	2.14	61.89	6.61	0.00
Core	CPU	C1%	C3%	C6%	C8%	C9%
-	-	0.05	0.73	71.97	15.86	0.00
0	0	0.00	0.50	74.04	14.97	0.00
0	4	0.07	0.87	70.44	19.55	0.00
1	1	0.09	0.36	74.26	15.40	0.00
1	5	0.01	0.39	72.87	17.96	0.00
2	2	0.01	0.56	69.38	20.39	0.00
2	6	0.01	0.44	71.29	19.31	0.00
3	3	0.01	0.73	78.57	10.92	0.00
3	7	0.21	2.00	64.76	8.32	0.00
Core	CPU	C1%	C3%	C6%	C8%	C9%
-	-	0.01	1.10	69.08	16.51	0.00
0	0	0.01	0.62	70.66	15.80	0.00
0	4	0.00	0.69	68.80	19.55	0.00
1	1	0.00	0.37	68.56	18.90	0.00
1	5	0.01	0.47	68.54	19.53	0.00
2	2	0.01	2.15	67.63	18.88	0.00
2	6	0.00	0.28	67.53	21.23	0.00
3	3	0.00	0.57	77.41	10.39	0.00
3	7	0.01	3.68	63.52	7.80	0.00
Core	CPU	C1%	C3%	C6%	C8%	C9%
-	-	0.01	0.71	71.61	16.37	0.00
0	0	0.00	0.52	73.43	15.28	0.00
0	4	0.00	0.71	69.09	21.34	0.00
1	1	0.00	0.55	72.47	17.47	0.00
1	5	0.01	0.53	71.08	19.65	0.00
2	2	0.00	0.39	71.61	18.37	0.00
2	6	0.00	0.40	71.76	19.00	0.00
3	3	0.00	0.48	78.71	11.27	0.00
3	7	0.01	2.11	64.93	8.65	0.00
Core	CPU	C1%	C3%	C6%	C8%	C9%
-	-	0.02	0.86	70.63	16.73	0.00
0	0	0.00	0.68	74.32	13.77	0.00
0	4	0.01	0.68	71.38	18.56	0.00
1	1	0.11	0.35	72.56	16.59	0.00
1	5	0.00	0.35	72.29	18.39	0.00
2	2	0.01	0.55	68.86	20.29	0.00
2	6	0.01	1.23	67.44	21.84	0.00
3	3	0.01	0.63	75.92	13.67	0.00
3	7	0.01	2.45	62.22	10.70	0.00
Core	CPU	C1%	C3%	C6%	C8%	C9%
-	-	0.01	0.70	71.96	16.12	0.00
0	0	0.00	0.37	75.04	13.84	0.00
0	4	0.01	0.57	70.09	20.52	0.00
1	1	0.00	0.43	73.05	17.00	0.00
1	5	0.01	0.41	71.61	19.27	0.00
2	2	0.02	0.53	70.55	19.36	0.00
2	6	0.01	0.58	70.76	19.87	0.00
3	3	0.00	0.61	79.36	10.43	0.00
3	7	0.01	2.07	64.91	8.60	0.00
Core	CPU	C1%	C3%	C6%	C8%	C9%
-	-	0.03	0.72	72.45	15.36	0.00
0	0	0.01	0.54	74.02	14.70	0.00
0	4	0.01	0.74	70.15	20.21	0.00
1	1	0.00	0.35	75.31	14.60	0.00
1	5	0.01	0.52	75.94	14.67	0.00
2	2	0.00	0.48	70.06	19.84	0.00
2	6	0.01	0.48	70.57	20.00	0.00
3	3	0.01	0.62	78.42	11.36	0.00
3	7	0.17	1.99	65.61	7.59	0.00
Core	CPU	C1%	C3%	C6%	C8%	C9%
-	-	0.01	1.03	68.75	17.00	0.00
0	0	0.00	0.60	68.64	17.72	0.00
0	4	0.00	0.67	66.92	21.61	0.00
1	1	0.00	0.41	69.64	17.97	0.00
1	5	0.01	0.51	67.90	21.50	0.00
2	2	0.00	2.31	67.97	18.45	0.00
2	6	0.01	0.45	67.89	20.73	0.00
3	3	0.00	0.61	77.78	9.82	0.00
3	7	0.01	2.66	63.14	8.12	0.00
Core	CPU	C1%	C3%	C6%	C8%	C9%
-	-	0.05	0.69	71.58	16.05	0.00
0	0	0.00	0.55	72.04	16.92	0.00
0	4	0.08	0.63	69.41	20.44	0.00
1	1	0.00	0.32	75.81	13.90	0.00
1	5	0.01	0.43	71.62	18.78	0.00
2	2	0.01	0.47	70.35	19.23	0.00
2	6	0.29	0.50	70.81	19.69	0.00
3	3	0.00	0.68	78.15	10.73	0.00
3	7	0.01	1.90	64.62	8.78	0.00
Core	CPU	C1%	C3%	C6%	C8%	C9%
-	-	0.01	0.86	71.79	16.18	0.00
0	0	0.01	0.55	75.83	13.01	0.00
0	4	0.01	1.44	71.11	18.64	0.00
1	1	0.00	0.38	72.78	17.26	0.00
1	5	0.01	0.40	70.59	20.31	0.00
2	2	0.00	0.47	70.96	19.05	0.00
2	6	0.01	0.48	70.30	20.53	0.00
3	3	0.00	0.63	78.11	11.72	0.00
3	7	0.02	2.53	64.25	8.86	0.00
