Core	CPU	C1%	C3%	C6%	C8%	C9%
-	-	0.11	1.89	10.58	12.67	0.79
0	0	0.00	0.92	11.51	5.64	0.48
0	4	0.00	0.05	3.70	1.32	5.87
1	1	0.02	13.59	54.46	0.70	0.00
1	5	0.61	0.54	5.63	23.36	0.00
2	2	0.00	0.02	1.66	1.06	0.00
2	6	0.20	0.00	0.69	0.30	0.00
3	3	0.00	0.03	6.16	68.69	0.00
3	7	0.07	0.00	0.79	0.29	0.00
Core	CPU	C1%	C3%	C6%	C8%	C9%
-	-	0.01	0.57	8.86	14.04	1.10
0	0	0.01	2.66	53.45	10.00	0.00
0	4	0.10	0.03	1.12	2.10	8.82
1	1	0.00	0.00	0.28	4.59	0.00
1	5	0.01	1.87	9.29	2.38	0.00
2	2	0.00	0.00	0.36	0.79	0.00
2	6	0.00	0.00	0.83	0.60	0.00
3	3	0.00	0.00	4.60	91.54	0.00
3	7	0.00	0.00	0.90	0.30	0.00
Core	CPU	C1%	C3%	C6%	C8%	C9%
-	-	0.00	0.28	7.90	13.98	0.45
0	0	0.01	2.18	56.90	13.14	0.00
0	4	0.00	0.00	0.87	0.09	3.63
1	1	0.00	0.00	0.23	0.89	0.00
1	5	0.00	0.02	4.06	89.50	0.00
2	2	0.00	0.00	0.10	0.99	0.00
2	6	0.00	0.00	0.19	0.79	0.00
3	3	0.00	0.00	0.36	5.11	0.00
3	7	0.00	0.00	0.46	1.28	0.00
Core	CPU	C1%	C3%	C6%	C8%	C9%
-	-	0.00	0.26	8.07	14.12	0.18
0	0	0.02	2.03	55.46	14.68	0.00
0	4	0.00	0.00	0.66	1.59	1.44
1	1	0.00	0.00	0.36	1.09	0.00
1	5	0.00	0.03	5.46	85.86	0.00
2	2	0.00	0.00	0.82	0.30	0.00
2	6	0.00	0.01	0.89	0.49	0.00
3	3	0.00	0.00	0.48	7.98	0.00
3	7	0.00	0.00	0.41	0.99	0.00
Core	CPU	C1%	C3%	C6%	C8%	C9%
-	-	0.04	0.25	7.40	14.12	0.01
0	0	0.16	1.99	52.27	16.28	0.00
0	4	0.20	0.01	0.84	0.00	0.05
1	1	0.00	0.00	0.19	1.78	0.00
1	5	0.00	0.00	3.08	63.16	0.00
2	2	0.00	0.00	0.45	0.69	0.00
2	6	0.00	0.00	0.24	0.89	0.00
3	3	0.00	0.02	1.70	29.46	0.00
3	7	0.00	0.00	0.39	0.69	0.00
Core	CPU	C1%	C3%	C6%	C8%	C9%
-	-	0.00	0.25	7.88	14.37	0.06
0	0	0.02	2.00	54.77	15.43	0.00
0	4	0.00	0.00	0.91	1.19	0.45
1	1	0.00	0.00	0.72	0.69	0.00
1	5	0.00	0.02	4.15	71.16	0.00
2	2	0.00	0.00	0.20	0.98	0.00
2	6	0.00	0.00	0.28	0.99	0.00
3	3	0.00	0.00	1.78	23.63	0.00
3	7	0.00	0.00	0.24	0.89	0.00
Core	CPU	C1%	C3%	C6%	C8%	C9%
-	-	0.01	0.32	8.49	13.74	0.13
0	0	0.01	2.47	55.71	14.07	0.00
0	4	0.10	0.00	0.99	0.65	1.01
1	1	0.00	0.02	0.25	2.10	0.00
1	5	0.00	0.00	3.74	55.53	0.00
2	2	0.00	0.00	0.20	0.99	0.00
2	6	0.00	0.00	0.20	1.37	0.00
3	3	0.00	0.04	6.07	33.76	0.00
3	7	0.00	0.00	0.80	1.48	0.00
Core	CPU	C1%	C3%	C6%	C8%	C9%
-	-	0.00	0.21	7.80	14.53	0.07
0	0	0.01	1.69	53.94	16.50	0.00
0	4	0.00	0.00	0.90	1.17	0.60
1	1	0.00	0.00	0.28	1.38	0.00
1	5	0.00	0.03	2.03	32.07	0.00
2	2	0.00	0.00	0.94	0.99	0.00
2	6	0.00	0.00	0.23	0.89	0.00
3	3	0.00	0.00	3.64	62.63	0.00
3	7	0.00	0.00	0.42	0.60	0.00
Core	CPU	C1%	C3%	C6%	C8%	C9%
-	-	0.00	0.26	8.20	14.17	0.00
0	0	0.01	2.05	56.62	13.57	0.00
0	4	0.00	0.02	0.99	0.98	0.00
1	1	0.00	0.00	0.29	0.99	0.00
1	5	0.00	0.00	0.80	1.60	0.00
2	2	0.00	0.00	0.37	1.09	0.00
2	6	0.00	0.00	0.46	1.18	0.00
3	3	0.00	0.00	4.99	93.45	0.00
3	7	0.00	0.01	1.04	0.50	0.00
Core	CPU	C1%	C3%	C6%	C8%	C9%
-	-	0.02	0.48	7.73	13.89	0.12
0	0	0.02	3.79	52.61	14.97	0.00
0	4	0.00	0.00	1.31	0.70	0.98
1	1	0.00	0.02	0.62	1.28	0.00
1	5	0.00	0.00	2.91	41.24	0.00
2	2	0.00	0.00	0.23	1.29	0.00
2	6	0.11	0.01	0.29	0.80	0.00
3	3	0.00	0.00	3.21	50.02	0.00
3	7	0.00	0.00	0.67	0.79	0.00
Core	CPU	C1%	C3%	C6%	C8%	C9%
-	-	0.09	0.29	7.92	14.42	0.06
0	0	0.01	2.29	55.60	14.30	0.00
0	4	0.00	0.00	0.93	1.07	0.50
1	1	0.68	0.00	0.45	3.35	0.00
1	5	0.00	0.00	3.05	66.28	0.00
2	2	0.00	0.00	0.23	0.89	0.00
2	6	0.00	0.02	0.75	0.39	0.00
3	3	0.00	0.01	1.79	28.28	0.00
3	7	0.00	0.01	0.59	0.79	0.00
Core	CPU	C1%	C3%	C6%	C8%	C9%
-	-	0.00	0.35	7.64	14.39	0.08
0	0	0.02	2.73	54.18	15.42	0.00
0	4	0.00	0.02	0.93	0.47	0.63
1	1	0.00	0.00	0.20	0.89	0.00
1	5	0.00	0.00	4.21	91.61	0.00
2	2	0.00	0.00	0.37	0.99	0.00
2	6	0.00	0.00	0.35	0.89	0.00
3	3	0.00	0.00	0.54	3.69	0.00
3	7	0.00	0.01	0.31	1.19	0.00
Core	CPU	C1%	C3%	C6%	C8%	C9%
-	-	0.00	0.26	7.81	14.46	0.12
0	0	0.01	2.03	55.32	14.88	0.00
0	4	0.00	0.02	0.90	1.67	0.95
1	1	0.00	0.00	0.14	1.48	0.00
1	5	0.00	0.00	4.17	94.22	0.00
2	2	0.00	0.00	0.14	0.70	0.00
2	6	0.00	0.00	0.78	0.49	0.00
3	3	0.00	0.00	0.57	0.89	0.00
3	7	0.00	0.00	0.46	1.38	0.00
Core	CPU	C1%	C3%	C6%	C8%	C9%
-	-	0.00	1.07	9.40	17.37	2.42
0	0	0.01	2.01	38.60	12.10	0.00
0	4	0.00	0.00	0.91	1.38	19.34
1	1	0.01	6.22	25.99	0.79	0.00
1	5	0.00	0.00	2.33	30.00	0.00
2	2	0.00	0.00	0.23	1.09	0.00
2	6	0.00	0.12	0.20	1.09	0.00
3	3	0.00	0.00	5.44	63.72	0.00
3	7	0.01	0.23	1.47	28.80	0.00
Core	CPU	C1%	C3%	C6%	C8%	C9%
-	-	0.00	2.17	9.33	13.67	9.37
0	0	0.01	1.76	14.24	14.25	0.12
0	4	0.00	0.03	0.77	1.27	74.85
1	1	0.02	15.54	53.66	0.00	0.00
1	5	0.00	0.00	3.89	92.15	0.00
2	2	0.00	0.00	0.47	0.40	0.00
2	6	0.00	0.00	0.36	0.79	0.00
3	3	0.00	0.00	0.23	0.30	0.00
3	7	0.00	0.00	1.00	0.20	0.00
Core	CPU	C1%	C3%	C6%	C8%	C9%
-	-	0.00	0.24	7.67	14.46	0.00
0	0	0.01	1.90	54.11	16.14	0.00
0	4	0.00	0.00	0.88	0.86	0.00
1	1	0.00	0.00	0.73	0.40	0.00
1	5	0.00	0.00	2.92	61.72	0.00
2	2	0.00	0.00	0.20	1.20	0.00
2	6	0.00	0.00	0.20	0.98	0.00
3	3	0.00	0.00	1.59	33.45	0.00
3	7	0.00	0.04	0.74	0.89	0.00
Core	CPU	C1%	C3%	C6%	C8%	C9%
-	-	0.00	0.36	8.12	14.90	0.04
0	0	0.01	2.83	55.41	14.10	0.00
0	4	0.00	0.02	1.41	2.79	0.31
1	1	0.00	0.00	0.36	4.19	0.00
1	5	0.00	0.00	0.34	1.39	0.00
2	2	0.00	0.00	1.02	0.79	0.00
2	6	0.00	0.01	0.89	0.79	0.00
3	3	0.00	0.00	4.82	93.63	0.00
3	7	0.00	0.00	0.68	1.47	0.00
Core	CPU	C1%	C3%	C6%	C8%	C9%
-	-	0.03	0.29	7.89	14.38	0.40
0	0	0.01	2.30	56.23	13.69	0.00
0	4	0.20	0.01	0.90	3.03	3.23
1	1	0.00	0.00	0.28	0.89	0.00
1	5	0.00	0.00	4.41	89.72	0.00
2	2	0.00	0.00	0.15	0.89	0.00
2	6	0.00	0.00	0.23	0.99	0.00
3	3	0.00	0.02	0.48	4.84	0.00
3	7	0.00	0.01	0.41	0.99	0.00
Core	CPU	C1%	C3%	C6%	C8%	C9%
-	-	0.00	0.24	7.75	14.27	0.00
0	0	0.02	1.86	54.95	15.32	0.00
0	4	0.00	0.00	0.74	0.68	0.00
1	1	0.00	0.02	0.19	0.90	0.00
1	5	0.00	0.00	4.91	93.48	0.00
2	2	0.00	0.00	0.18	0.89	0.00
2	6	0.00	0.00	0.37	0.79	0.00
3	3	0.00	0.00	0.24	0.90	0.00
3	7	0.00	0.02	0.41	1.20	0.00
Core	CPU	C1%	C3%	C6%	C8%	C9%
-	-	0.00	0.42	7.43	13.82	0.11
0	0	0.02	3.37	53.36	14.42	0.00
0	4	0.00	0.00	0.36	0.79	0.87
1	1	0.00	0.00	0.25	0.69	0.00
1	5	0.00	0.00	4.01	91.61	0.00
2	2	0.01	0.01	0.29	0.31	0.00
2	6	0.00	0.00	0.10	0.89	0.00
3	3	0.00	0.00	0.29	0.79	0.00
3	7	0.00	0.00	0.78	1.08	0.00
Core	CPU	C1%	C3%	C6%	C8%	C9%
-	-	0.00	0.22	7.47	14.56	0.10
0	0	0.03	1.73	53.39	17.02	0.00
0	4	0.00	0.02	0.57	1.18	0.83
1	1	0.00	0.00	0.19	0.79	0.00
1	5	0.00	0.00	4.22	94.16	0.00
2	2	0.00	0.00	0.25	0.89	0.00
2	6	0.00	0.00	0.14	0.79	0.00
3	3	0.00	0.02	0.48	0.72	0.00
3	7	0.00	0.00	0.50	0.90	0.00
Core	CPU	C1%	C3%	C6%	C8%	C9%
-	-	0.00	0.39	7.82	15.03	0.11
0	0	0.02	3.03	54.52	14.85	0.00
0	4	0.00	0.00	1.03	1.47	0.01
1	1	0.00	0.01	0.49	4.26	0.00
1	5	0.00	0.00	1.19	2.39	0.90
2	2	0.00	0.00	0.28	0.88	0.00
2	6	0.00	0.00	0.37	1.08	0.00
3	3	0.00	0.05	4.23	94.17	0.00
3	7	0.00	0.03	0.42	1.18	0.00
Core	CPU	C1%	C3%	C6%	C8%	C9%
-	-	0.00	0.37	8.26	14.66	0.52
0	0	0.01	2.40	54.18	13.44	0.00
0	4	0.00	0.00	1.05	0.78	4.17
1	1	0.00	0.02	0.47	5.37	0.00
1	5	0.00	0.00	0.25	1.48	0.00
2	2	0.01	0.54	3.66	1.38	0.00
2	6	0.00	0.00	0.37	1.08	0.00
3	3	0.00	0.02	5.46	92.90	0.00
3	7	0.00	0.03	0.63	0.88	0.00
Core	CPU	C1%	C3%	C6%	C8%	C9%
-	-	0.00	0.25	7.72	15.04	0.16
0	0	0.01	2.03	54.34	16.03	0.00
0	4	0.00	0.00	0.97	2.43	1.24
1	1	0.00	0.00	0.25	4.15	0.00
1	5	0.00	0.00	0.32	1.10	0.00
2	2	0.00	0.01	0.39	1.00	0.00
2	6	0.00	0.00	0.20	0.98	0.00
3	3	0.00	0.00	4.61	93.73	0.00
3	7	0.00	0.00	0.68	0.89	0.00
Core	CPU	C1%	C3%	C6%	C8%	C9%
-	-	0.00	0.46	7.54	14.19	0.00
0	0	0.02	3.67	53.74	14.28	0.00
0	4	0.00	0.00	0.59	1.30	0.00
1	1	0.00	0.00	0.38	2.38	0.00
1	5	0.00	0.00	0.26	1.20	0.00
2	2	0.00	0.00	0.34	0.89	0.00
2	6	0.00	0.00	0.23	0.90	0.00
3	3	0.00	0.04	4.19	91.66	0.00
3	7	0.00	0.00	0.60	0.91	0.00
Core	CPU	C1%	C3%	C6%	C8%	C9%
-	-	0.01	0.29	7.93	14.30	0.58
0	0	0.05	2.28	56.27	13.46	0.00
0	4	0.00	0.00	0.30	0.98	4.65
1	1	0.00	0.00	0.62	1.39	0.00
1	5	0.00	0.00	2.84	42.30	0.00
2	2	0.00	0.00	0.19	1.09	0.00
2	6	0.00	0.00	0.27	1.09	0.00
3	3	0.00	0.00	2.60	53.30	0.00
3	7	0.00	0.00	0.35	0.80	0.00
Core	CPU	C1%	C3%	C6%	C8%	C9%
-	-	0.00	2.07	8.19	13.31	4.91
0	0	0.00	1.75	6.27	3.03	0.03
0	4	0.00	0.02	1.09	2.46	38.42
1	1	0.01	14.77	53.06	0.98	0.00
1	5	0.00	0.00	2.51	96.13	0.00
2	2	0.00	0.00	0.82	0.51	0.00
2	6	0.00	0.00	0.59	0.70	0.00
3	3	0.00	0.00	0.35	1.27	0.82
3	7	0.00	0.03	0.82	1.38	0.00
Core	CPU	C1%	C3%	C6%	C8%	C9%
-	-	0.00	0.33	8.22	13.91	1.43
0	0	0.01	2.61	56.84	12.83	0.00
0	4	0.00	0.02	0.67	1.28	11.46
1	1	0.00	0.00	1.08	0.79	0.00
1	5	0.00	0.00	4.54	93.85	0.00
2	2	0.00	0.00	0.26	0.79	0.00
2	6	0.00	0.00	0.54	0.88	0.00
3	3	0.00	0.00	0.62	0.80	0.00
3	7	0.00	0.02	1.18	0.10	0.00
Core	CPU	C1%	C3%	C6%	C8%	C9%
-	-	0.00	0.26	7.93	14.26	0.09
0	0	0.01	2.04	55.80	14.44	0.00
0	4	0.00	0.00	1.34	0.40	0.73
1	1	0.00	0.00	0.14	1.10	0.00
1	5	0.00	0.00	1.09	22.15	0.00
2	2	0.00	0.00	0.30	1.49	0.00
2	6	0.00	0.00	0.10	0.89	0.00
3	3	0.00	0.00	4.04	72.84	0.00
3	7	0.00	0.05	0.62	0.79	0.00
Core	CPU	C1%	C3%	C6%	C8%	C9%
-	-	0.00	0.46	7.52	14.00	0.44
0	0	0.02	3.63	53.03	14.73	0.00
0	4	0.00	0.00	0.47	0.61	0.00
1	1	0.00	0.00	0.27	0.79	0.00
1	5	0.00	0.00	4.46	83.75	0.00
2	2	0.01	0.00	0.34	1.09	3.50
2	6	0.00	0.00	0.41	1.10	0.00
3	3	0.00	0.02	0.63	8.98	0.00
3	7	0.00	0.02	0.60	0.97	0.00
Core	CPU	C1%	C3%	C6%	C8%	C9%
-	-	0.00	0.31	7.94	14.30	0.11
0	0	0.01	2.43	56.50	13.35	0.00
0	4	0.00	0.05	0.59	1.37	0.90
1	1	0.00	0.00	0.19	1.79	0.00
1	5	0.00	0.00	2.83	52.28	0.00
2	2	0.00	0.00	0.26	1.08	0.00
2	6	0.00	0.00	0.23	1.39	0.00
3	3	0.00	0.02	1.89	42.37	0.00
3	7	0.00	0.00	1.04	0.80	0.00
Core	CPU	C1%	C3%	C6%	C8%	C9%
-	-	0.00	0.36	7.67	14.29	0.21
0	0	0.02	2.79	54.75	14.73	0.00
0	4	0.00	0.00	0.77	0.99	0.80
1	1	0.00	0.02	0.19	0.70	0.00
1	5	0.00	0.00	0.28	0.90	0.90
2	2	0.00	0.00	0.28	0.89	0.00
2	6	0.00	0.00	0.27	1.19	0.00
3	3	0.00	0.02	4.37	94.03	0.00
3	7	0.00	0.01	0.44	0.89	0.00
Core	CPU	C1%	C3%	C6%	C8%	C9%
-	-	0.01	0.31	8.32	14.11	0.12
0	0	0.01	2.40	58.65	11.31	0.00
0	4	0.00	0.00	0.92	0.98	0.93
1	1	0.00	0.00	0.45	3.59	0.00
1	5	0.00	0.00	0.33	7.48	0.00
2	2	0.00	0.02	0.19	0.90	0.00
2	6	0.00	0.00	0.19	0.70	0.00
3	3	0.00	0.00	4.98	86.73	0.00
3	7	0.08	0.05	0.80	1.17	0.00
Core	CPU	C1%	C3%	C6%	C8%	C9%
-	-	0.00	0.28	7.85	14.10	0.12
0	0	0.02	2.23	55.47	14.54	0.00
0	4	0.00	0.03	0.82	0.32	1.00
1	1	0.00	0.00	0.19	0.89	0.00
1	5	0.00	0.00	3.08	53.83	0.00
2	2	0.00	0.00	0.35	0.99	0.00
2	6	0.00	0.00	0.23	1.19	0.00
3	3	0.00	0.01	1.88	40.52	0.00
3	7	0.00	0.00	0.82	0.50	0.00
Core	CPU	C1%	C3%	C6%	C8%	C9%
-	-	0.00	0.48	7.89	13.74	0.56
0	0	0.02	3.77	55.24	12.35	0.00
0	4	0.00	0.00	0.76	1.06	0.87
1	1	0.00	0.00	0.27	1.29	0.00
1	5	0.00	0.00	0.40	1.58	0.00
2	2	0.00	0.00	0.25	1.19	3.59
2	6	0.00	0.00	0.24	0.99	0.00
3	3	0.00	0.06	5.31	90.41	0.00
3	7	0.00	0.01	0.61	1.08	0.00
Core	CPU	C1%	C3%	C6%	C8%	C9%
-	-	0.00	0.30	7.86	14.21	0.46
0	0	0.02	2.39	56.84	13.03	0.00
0	4	0.00	0.01	0.68	1.06	3.68
1	1	0.00	0.02	0.20	0.89	0.00
1	5	0.00	0.00	0.19	1.48	0.00
2	2	0.00	0.00	0.19	0.89	0.00
2	6	0.00	0.00	0.27	0.98	0.00
3	3	0.00	0.00	4.11	94.33	0.00
3	7	0.00	0.00	0.35	0.99	0.00
Core	CPU	C1%	C3%	C6%	C8%	C9%
-	-	0.00	0.42	8.08	17.86	0.70
0	0	0.02	3.29	55.37	13.77	0.00
0	4	0.00	0.00	1.15	2.35	5.59
1	1	0.00	0.00	0.51	2.80	0.00
1	5	0.00	0.00	0.14	0.99	0.00
2	2	0.00	0.02	0.29	0.90	0.00
2	6	0.00	0.00	0.20	1.09	0.00
3	3	0.00	0.00	5.65	92.16	0.00
3	7	0.01	0.04	1.34	28.80	0.00
Core	CPU	C1%	C3%	C6%	C8%	C9%
-	-	0.00	0.31	8.21	14.42	0.19
0	0	0.01	2.43	57.84	12.06	0.00
0	4	0.00	0.01	1.10	0.98	1.51
1	1	0.00	0.00	0.20	4.27	0.00
1	5	0.00	0.00	0.50	1.78	0.00
2	2	0.00	0.00	0.26	1.08	0.00
2	6	0.00	0.00	0.24	1.19	0.00
3	3	0.00	0.02	4.66	93.78	0.00
3	7	0.00	0.00	0.91	0.20	0.00
Core	CPU	C1%	C3%	C6%	C8%	C9%
-	-	0.00	0.33	8.51	14.48	0.05
0	0	0.00	2.58	57.89	11.93	0.00
0	4	0.00	0.00	0.92	1.77	0.39
1	1	0.00	0.00	1.79	5.64	0.00
1	5	0.00	0.02	0.89	0.30	0.00
2	2	0.00	0.00	0.19	1.19	0.00
2	6	0.00	0.00	0.29	0.98	0.00
3	3	0.00	0.02	5.63	92.83	0.00
3	7	0.00	0.00	0.49	1.19	0.00
Core	CPU	C1%	C3%	C6%	C8%	C9%
-	-	0.00	0.37	7.71	14.02	0.01
0	0	0.01	2.92	54.03	13.58	0.00
0	4	0.00	0.03	1.23	0.99	0.04
1	1	0.00	0.00	0.36	1.99	0.00
1	5	0.00	0.00	2.51	57.66	0.00
2	2	0.00	0.00	0.61	0.60	0.00
2	6	0.00	0.00	0.20	1.39	0.00
3	3	0.00	0.02	1.86	35.15	0.00
3	7	0.00	0.02	0.86	0.79	0.00
Core	CPU	C1%	C3%	C6%	C8%	C9%
-	-	0.00	0.24	7.82	14.76	0.02
0	0	0.01	1.82	54.13	16.81	0.00
0	4	0.00	0.00	0.98	1.08	0.18
1	1	0.00	0.03	0.96	1.50	0.00
1	5	0.00	0.00	4.67	93.76	0.00
2	2	0.00	0.00	0.58	2.29	0.00
2	6	0.00	0.00	0.24	1.09	0.00
3	3	0.00	0.02	0.29	0.90	0.00
3	7	0.00	0.02	0.71	0.69	0.00
Core	CPU	C1%	C3%	C6%	C8%	C9%
-	-	0.03	0.40	7.74	14.60	0.64
0	0	0.18	2.80	53.67	15.51	0.00
0	4	0.00	0.00	0.79	1.48	5.15
1	1	0.00	0.00	0.42	1.79	0.00
1	5	0.00	0.22	1.87	7.69	0.00
2	2	0.00	0.00	0.64	0.69	0.00
2	6	0.00	0.00	0.14	0.79	0.00
3	3	0.00	0.12	3.97	87.83	0.00
3	7	0.07	0.02	0.40	0.99	0.00
Core	CPU	C1%	C3%	C6%	C8%	C9%
-	-	0.00	0.28	8.08	14.03	0.65
0	0	0.02	2.15	55.74	14.31	0.00
0	4	0.00	0.00	1.12	1.26	5.17
1	1	0.00	0.00	0.82	0.79	0.00
1	5	0.00	0.01	0.80	0.30	0.00
2	2	0.00	0.00	0.20	0.89	0.00
2	6	0.00	0.00	0.28	0.88	0.00
3	3	0.00	0.02	4.84	93.59	0.00
3	7	0.00	0.04	0.81	0.20	0.00
Core	CPU	C1%	C3%	C6%	C8%	C9%
-	-	0.00	0.35	8.20	14.48	0.00
0	0	0.00	2.69	57.60	12.06	0.00
0	4	0.00	0.02	0.79	1.57	0.00
1	1	0.00	0.00	0.35	5.24	0.00
1	5	0.00	0.00	0.42	0.60	0.00
2	2	0.00	0.02	0.30	0.89	0.00
2	6	0.00	0.00	0.19	0.90	0.00
3	3	0.00	0.00	5.14	93.33	0.00
3	7	0.00	0.04	0.84	1.28	0.00
Core	CPU	C1%	C3%	C6%	C8%	C9%
-	-	0.36	0.55	8.47	14.65	0.40
0	0	0.01	4.37	55.14	11.97	0.00
0	4	0.00	0.00	0.81	0.19	3.17
1	1	2.87	0.00	5.12	9.40	0.00
1	5	0.00	0.00	0.28	0.98	0.00
2	2	0.00	0.00	1.04	1.19	0.00
2	6	0.00	0.00	0.24	1.38	0.00
3	3	0.00	0.02	4.66	91.13	0.00
3	7	0.00	0.00	0.51	0.99	0.00
Core	CPU	C1%	C3%	C6%	C8%	C9%
-	-	0.00	0.25	7.91	14.45	0.00
0	0	0.02	1.91	54.93	15.32	0.00
0	4	0.00	0.00	1.03	1.36	0.00
1	1	0.00	0.00	0.31	0.99	0.00
1	5	0.00	0.00	1.61	13.55	0.00
2	2	0.00	0.00	0.30	1.08	0.00
2	6	0.00	0.00	0.58	1.17	0.00
3	3	0.00	0.00	4.02	81.53	0.00
3	7	0.00	0.05	0.52	0.59	0.00
Core	CPU	C1%	C3%	C6%	C8%	C9%
-	-	0.00	0.34	7.66	14.46	0.06
0	0	0.02	2.70	54.04	15.57	0.00
0	4	0.00	0.05	0.96	1.36	0.52
1	1	0.00	0.00	0.24	0.99	0.00
1	5	0.00	0.00	4.65	93.23	0.00
2	2	0.00	0.00	0.19	0.99	0.00
2	6	0.00	0.00	0.29	1.29	0.00
3	3	0.00	0.00	0.37	1.09	0.00
3	7	0.00	0.01	0.56	1.17	0.00
Core	CPU	C1%	C3%	C6%	C8%	C9%
-	-	0.02	0.31	8.10	14.10	0.74
0	0	0.17	2.41	56.24	13.44	0.00
0	4	0.00	0.06	2.44	6.78	5.93
1	1	0.00	0.00	0.25	1.38	0.00
1	5	0.00	0.00	0.42	3.84	0.00
2	2	0.00	0.00	0.20	1.19	0.00
2	6	0.00	0.00	0.38	1.29	0.00
3	3	0.00	0.00	3.67	83.96	0.00
3	7	0.00	0.00	1.24	0.89	0.00
Core	CPU	C1%	C3%	C6%	C8%	C9%
-	-	0.00	0.28	7.94	14.32	0.22
0	0	0.01	2.17	55.46	14.54	0.00
0	4	0.00	0.00	1.14	2.37	1.75
1	1	0.00	0.00	0.18	0.89	0.00
1	5	0.00	0.00	0.37	0.89	0.00
2	2	0.00	0.00	0.25	1.09	0.00
2	6	0.00	0.00	0.13	0.99	0.00
3	3	0.00	0.01	5.42	93.01	0.00
3	7	0.00	0.02	0.54	0.77	0.00
Core	CPU	C1%	C3%	C6%	C8%	C9%
-	-	0.00	0.37	7.54	13.95	0.46
0	0	0.02	2.93	52.85	14.86	0.00
0	4	0.00	0.01	1.05	0.11	0.00
1	1	0.00	0.00	0.19	0.99	0.00
1	5	0.00	0.01	1.14	1.18	0.00
2	2	0.01	0.00	0.36	1.19	3.68
2	6	0.00	0.00	0.24	1.09	0.00
3	3	0.00	0.04	4.12	91.40	0.00
3	7	0.00	0.00	0.34	0.79	0.00
Core	CPU	C1%	C3%	C6%	C8%	C9%
-	-	0.00	0.27	7.67	14.23	0.86
0	0	0.02	2.09	55.08	14.86	0.00
0	4	0.00	0.00	0.88	0.50	6.87
1	1	0.00	0.00	0.23	0.79	0.00
1	5	0.00	0.02	0.29	0.80	0.00
2	2	0.00	0.00	0.10	0.99	0.00
2	6	0.00	0.00	0.19	0.88	0.00
3	3	0.00	0.02	4.21	94.21	0.00
3	7	0.00	0.01	0.35	0.79	0.00
Core	CPU	C1%	C3%	C6%	C8%	C9%
-	-	0.00	0.47	8.15	14.23	0.15
0	0	0.01	3.72	57.82	10.95	0.00
0	4	0.00	0.03	0.96	1.08	1.18
1	1	0.00	0.00	0.65	3.87	0.00
1	5	0.00	0.00	0.33	0.99	0.00
2	2	0.00	0.00	0.23	0.50	0.00
2	6	0.00	0.00	0.20	1.09	0.00
3	3	0.00	0.00	4.19	94.30	0.00
3	7	0.00	0.00	0.79	1.08	0.00
Core	CPU	C1%	C3%	C6%	C8%	C9%
-	-	0.01	0.49	9.94	12.18	0.59
0	0	0.00	3.82	64.63	4.03	0.00
0	4	0.07	0.04	10.97	48.30	4.69
1	1	0.00	0.00	0.29	2.60	0.00
1	5	0.00	0.00	0.28	1.08	0.00
2	2	0.00	0.00	0.35	1.19	0.00
2	6	0.00	0.00	0.24	0.99	0.00
3	3	0.01	0.02	2.12	38.34	0.00
3	7	0.00	0.02	0.60	0.88	0.00
Core	CPU	C1%	C3%	C6%	C8%	C9%
-	-	0.00	0.26	8.32	13.82	0.00
0	0	0.01	1.99	55.89	14.32	0.00
0	4	0.00	0.06	4.87	12.45	0.00
1	1	0.00	0.02	0.60	0.49	0.00
1	5	0.00	0.00	0.48	1.68	0.00
2	2	0.00	0.00	0.19	0.79	0.00
2	6	0.00	0.00	0.46	1.29	0.00
3	3	0.00	0.00	3.44	78.37	0.00
3	7	0.00	0.03	0.62	1.18	0.00
Core	CPU	C1%	C3%	C6%	C8%	C9%
-	-	0.00	0.69	9.88	11.20	0.00
0	0	0.01	5.49	63.13	3.13	0.00
0	4	0.00	0.02	14.04	81.83	0.00
1	1	0.00	0.00	0.35	0.79	0.00
1	5	0.00	0.00	0.14	0.79	0.00
2	2	0.00	0.02	0.19	0.90	0.00
2	6	0.00	0.00	0.14	0.70	0.00
3	3	0.00	0.00	0.19	0.89	0.00
3	7	0.00	0.00	0.87	0.60	0.00
Core	CPU	C1%	C3%	C6%	C8%	C9%
-	-	0.00	0.48	10.04	11.58	0.00
0	0	0.01	3.76	66.83	1.94	0.00
0	4	0.00	0.02	11.65	86.68	0.00
1	1	0.00	0.00	0.28	0.69	0.00
1	5	0.00	0.00	0.47	1.08	0.00
2	2	0.00	0.00	0.22	0.50	0.00
2	6	0.00	0.00	0.14	0.39	0.00
3	3	0.00	0.00	0.10	0.60	0.00
3	7	0.00	0.02	0.61	0.78	0.00
Core	CPU	C1%	C3%	C6%	C8%	C9%
-	-	0.00	0.55	9.67	11.79	0.00
0	0	0.01	4.35	63.95	4.15	0.00
0	4	0.00	0.00	10.01	87.49	0.00
1	1	0.00	0.01	0.20	0.30	0.00
1	5	0.00	0.00	0.18	0.40	0.00
2	2	0.00	0.00	0.38	0.60	0.00
2	6	0.00	0.00	0.47	0.88	0.00
3	3	0.00	0.00	1.13	0.50	0.00
3	7	0.00	0.03	1.00	0.00	0.00
Core	CPU	C1%	C3%	C6%	C8%	C9%
-	-	0.00	0.58	11.25	10.71	0.00
0	0	0.01	4.57	67.24	0.96	0.00
0	4	0.00	0.03	19.75	78.60	0.00
1	1	0.00	0.00	0.14	1.59	0.00
1	5	0.00	0.00	1.06	0.81	0.00
2	2	0.00	0.00	0.16	0.69	0.00
2	6	0.00	0.00	0.39	1.28	0.00
3	3	0.00	0.00	0.37	0.59	0.00
3	7	0.00	0.02	0.85	1.18	0.00
Core	CPU	C1%	C3%	C6%	C8%	C9%
-	-	0.00	0.60	10.88	15.07	0.00
0	0	0.01	4.47	66.09	2.56	0.00
0	4	0.00	0.03	17.87	80.52	0.00
1	1	0.00	0.00	0.61	4.95	0.00
1	5	0.00	0.00	0.51	1.28	0.00
2	2	0.00	0.00	0.23	0.49	0.00
2	6	0.00	0.10	0.23	0.59	0.00
3	3	0.00	0.00	0.10	0.99	0.00
3	7	0.01	0.17	1.43	29.13	0.00
Core	CPU	C1%	C3%	C6%	C8%	C9%
-	-	0.00	0.62	10.08	11.54	0.00
0	0	0.01	4.85	61.27	5.42	0.00
0	4	0.00	0.02	16.04	52.41	0.00
1	1	0.00	0.01	0.39	3.88	0.00
1	5	0.00	0.00	0.27	0.80	0.00
2	2	0.00	0.00	0.29	0.78	0.00
2	6	0.00	0.00	0.37	1.08	0.00
3	3	0.00	0.00	1.18	27.77	0.00
3	7	0.00	0.07	0.80	0.19	0.00
Core	CPU	C1%	C3%	C6%	C8%	C9%
-	-	0.00	0.23	7.61	14.34	0.00
0	0	0.01	1.84	54.31	16.01	0.00
0	4	0.00	0.03	0.80	0.00	0.00
1	1	0.00	0.00	0.25	0.89	0.00
1	5	0.00	0.00	0.23	0.69	0.00
2	2	0.00	0.00	0.20	0.90	0.00
2	6	0.00	0.00	0.30	0.88	0.00
3	3	0.00	0.00	4.22	94.20	0.00
3	7	0.00	0.00	0.57	1.18	0.00
Core	CPU	C1%	C3%	C6%	C8%	C9%
-	-	0.00	0.40	8.09	14.53	0.19
0	0	0.01	3.15	56.36	12.78	0.00
0	4	0.00	0.00	0.56	0.78	1.51
1	1	0.00	0.00	0.26	4.87	0.00
1	5	0.00	0.00	1.22	2.27	0.00
2	2	0.00	0.00	0.77	0.19	0.00
2	6	0.00	0.01	0.77	0.30	0.00
3	3	0.00	0.00	4.17	94.29	0.00
3	7	0.00	0.01	0.59	0.80	0.00
Core	CPU	C1%	C3%	C6%	C8%	C9%
-	-	0.00	0.28	8.07	14.66	0.11
0	0	0.01	2.14	55.71	14.43	0.00
0	4	0.00	0.00	0.54	1.88	0.92
1	1	0.00	0.00	0.17	5.55	0.00
1	5	0.00	0.00	0.19	0.89	0.00
2	2	0.00	0.00	0.47	1.08	0.00
2	6	0.00	0.00	0.60	0.87	0.00
3	3	0.00	0.04	6.40	92.00	0.00
3	7	0.00	0.03	0.50	0.60	0.00
Core	CPU	C1%	C3%	C6%	C8%	C9%
-	-	0.00	0.32	8.13	14.76	0.13
0	0	0.01	2.49	55.92	13.90	0.00
0	4	0.00	0.00	1.36	0.69	1.00
1	1	0.00	0.00	0.33	5.67	0.00
1	5	0.00	0.02	0.28	1.09	0.00
2	2	0.00	0.00	0.41	1.30	0.00
2	6	0.00	0.00	0.30	1.27	0.00
3	3	0.00	0.02	5.49	92.92	0.00
3	7	0.00	0.01	0.97	1.19	0.00
Core	CPU	C1%	C3%	C6%	C8%	C9%
-	-	0.00	0.45	7.58	14.68	0.55
0	0	0.02	3.54	52.36	15.64	0.00
0	4	0.00	0.00	0.97	1.20	0.76
1	1	0.00	0.00	0.28	5.74	0.00
1	5	0.00	0.00	0.36	1.09	0.00
2	2	0.00	0.00	0.24	1.19	3.64
2	6	0.00	0.00	0.32	1.09	0.00
3	3	0.00	0.00	5.51	90.42	0.00
3	7	0.00	0.04	0.58	1.07	0.00
Core	CPU	C1%	C3%	C6%	C8%	C9%
-	-	0.00	0.28	8.09	14.09	0.00
0	0	0.03	2.18	56.47	13.73	0.00
0	4	0.00	0.04	1.18	1.18	0.00
1	1	0.00	0.00	0.10	0.80	0.00
1	5	0.00	0.00	1.10	1.38	0.00
2	2	0.00	0.00	0.27	0.79	0.00
2	6	0.00	0.00	0.35	0.80	0.00
3	3	0.00	0.00	4.46	93.88	0.00
3	7	0.00	0.00	0.81	0.20	0.00
Core	CPU	C1%	C3%	C6%	C8%	C9%
-	-	0.00	0.33	7.81	14.53	0.27
0	0	0.02	2.65	55.14	14.69	0.00
0	4	0.00	0.00	0.95	1.45	2.13
1	1	0.00	0.00	0.23	3.58	0.00
1	5	0.00	0.00	0.38	0.50	0.00
2	2	0.00	0.02	0.19	0.50	0.00
2	6	0.00	0.00	0.47	0.59	0.00
3	3	0.00	0.01	4.49	93.85	0.00
3	7	0.00	0.00	0.66	1.09	0.00
Core	CPU	C1%	C3%	C6%	C8%	C9%
-	-	0.00	0.29	8.19	14.30	0.10
0	0	0.02	2.29	57.80	12.45	0.00
0	4	0.00	0.00	0.68	1.39	0.00
1	1	0.00	0.00	0.36	3.26	0.00
1	5	0.00	0.00	0.34	1.48	0.00
2	2	0.00	0.00	0.82	0.29	0.00
2	6	0.00	0.01	0.79	0.39	0.80
3	3	0.00	0.00	4.24	94.15	0.00
3	7	0.00	0.01	0.49	0.98	0.00
Core	CPU	C1%	C3%	C6%	C8%	C9%
-	-	0.00	0.29	7.88	14.48	0.00
0	0	0.02	2.25	56.02	14.15	0.00
0	4	0.00	0.00	0.96	0.99	0.00
1	1	0.00	0.00	0.19	3.16	0.00
1	5	0.00	0.00	0.27	1.09	0.00
2	2	0.00	0.00	0.35	0.69	0.00
2	6	0.00	0.00	0.33	0.89	0.00
3	3	0.00	0.02	4.50	93.85	0.00
3	7	0.00	0.02	0.40	0.98	0.00
Core	CPU	C1%	C3%	C6%	C8%	C9%
-	-	0.00	0.53	8.36	14.01	0.51
0	0	0.01	4.17	56.52	11.12	0.00
0	4	0.00	0.01	2.50	11.38	0.54
1	1	0.00	0.00	0.82	3.10	0.00
1	5	0.00	0.00	0.77	0.99	0.00
2	2	0.00	0.00	0.39	1.38	3.57
2	6	0.00	0.00	0.72	1.89	0.00
3	3	0.00	0.00	4.43	80.87	0.00
3	7	0.00	0.05	0.72	1.38	0.00
Core	CPU	C1%	C3%	C6%	C8%	C9%
-	-	0.00	0.58	11.00	11.24	0.00
0	0	0.00	4.51	67.51	0.77	0.00
0	4	0.00	0.05	17.68	80.64	0.00
1	1	0.00	0.00	0.44	4.49	0.00
1	5	0.00	0.00	0.19	0.70	0.00
2	2	0.00	0.00	0.72	0.40	0.00
2	6	0.00	0.00	0.60	0.69	0.00
3	3	0.00	0.00	0.29	1.08	0.00
3	7	0.00	0.05	0.58	1.17	0.00
Core	CPU	C1%	C3%	C6%	C8%	C9%
-	-	0.00	0.47	9.16	13.21	0.05
0	0	0.01	3.72	58.54	10.18	0.00
0	4	0.00	0.00	6.94	27.48	0.41
1	1	0.00	0.00	0.58	2.27	0.00
1	5	0.00	0.00	0.60	0.70	0.00
2	2	0.00	0.01	0.36	0.99	0.00
2	6	0.00	0.00	1.03	2.28	0.00
3	3	0.00	0.03	3.97	61.50	0.00
3	7	0.00	0.03	1.26	0.29	0.00
Core	CPU	C1%	C3%	C6%	C8%	C9%
-	-	0.00	0.27	7.89	14.20	0.07
0	0	0.01	2.14	55.88	14.25	0.00
0	4	0.00	0.00	1.03	0.49	0.58
1	1	0.00	0.00	0.18	0.99	0.00
1	5	0.00	0.00	0.37	0.79	0.00
2	2	0.00	0.00	0.58	1.39	0.00
2	6	0.00	0.00	0.24	0.69	0.00
3	3	0.00	0.02	4.16	94.26	0.00
3	7	0.00	0.01	0.68	0.70	0.00
Core	CPU	C1%	C3%	C6%	C8%	C9%
-	-	0.00	0.28	9.51	14.33	0.17
0	0	0.02	1.34	21.93	8.78	0.22
0	4	0.00	0.86	45.91	7.62	1.13
1	1	0.00	0.02	0.20	0.80	0.00
1	5	0.00	0.00	0.19	1.39	0.00
2	2	0.00	0.00	0.28	1.48	0.00
2	6	0.00	0.01	0.87	1.78	0.00
3	3	0.00	0.00	5.84	92.60	0.00
3	7	0.00	0.00	0.84	0.20	0.00
Core	CPU	C1%	C3%	C6%	C8%	C9%
-	-	0.00	0.48	7.61	14.31	0.42
0	0	0.02	3.74	53.08	14.63	0.00
0	4	0.00	0.00	0.76	1.09	0.00
1	1	0.00	0.00	0.43	3.75	0.00
1	5	0.00	0.01	0.14	1.09	0.00
2	2	0.00	0.05	0.63	1.09	3.40
2	6	0.00	0.00	0.20	1.29	0.00
3	3	0.00	0.06	4.97	90.75	0.00
3	7	0.00	0.00	0.67	0.79	0.00
Core	CPU	C1%	C3%	C6%	C8%	C9%
-	-	0.00	0.24	7.89	14.04	0.00
0	0	0.01	1.94	55.17	15.10	0.00
0	4	0.00	0.00	0.39	0.30	0.00
1	1	0.00	0.00	0.57	0.20	0.00
1	5	0.00	0.00	0.85	0.30	0.00
2	2	0.00	0.00	1.13	0.30	0.00
2	6	0.00	0.00	0.23	0.99	0.00
3	3	0.00	0.00	4.23	94.19	0.00
3	7	0.00	0.00	0.58	0.95	0.00
Core	CPU	C1%	C3%	C6%	C8%	C9%
-	-	0.00	0.32	7.56	14.58	0.00
0	0	0.02	2.52	52.94	16.78	0.00
0	4	0.00	0.00	1.09	0.00	0.00
1	1	0.00	0.02	0.53	0.65	0.00
1	5	0.00	0.00	0.29	1.19	0.00
2	2	0.00	0.01	0.42	1.85	0.00
2	6	0.00	0.00	0.37	0.89	0.00
3	3	0.00	0.00	4.39	94.01	0.00
3	7	0.00	0.04	0.41	1.29	0.00
Core	CPU	C1%	C3%	C6%	C8%	C9%
-	-	0.00	0.29	8.02	14.38	0.00
0	0	0.01	2.28	56.39	13.57	0.00
0	4	0.00	0.00	0.65	0.22	0.00
1	1	0.00	0.00	0.73	3.82	0.00
1	5	0.00	0.00	0.32	0.89	0.00
2	2	0.00	0.01	0.50	0.40	0.00
2	6	0.00	0.00	0.65	1.09	0.00
3	3	0.00	0.00	4.32	94.14	0.00
3	7	0.00	0.00	0.58	0.90	0.00
Core	CPU	C1%	C3%	C6%	C8%	C9%
-	-	0.00	0.53	11.34	10.36	0.00
0	0	0.00	4.23	68.13	0.22	0.00
0	4	0.00	0.00	20.92	77.51	0.00
1	1	0.00	0.00	0.25	0.99	0.00
1	5	0.00	0.00	0.24	0.99	0.00
2	2	0.00	0.02	0.22	0.40	0.00
2	6	0.00	0.00	0.10	0.60	0.00
3	3	0.00	0.00	0.29	1.08	0.00
3	7	0.00	0.00	0.58	1.09	0.00
Core	CPU	C1%	C3%	C6%	C8%	C9%
-	-	0.00	0.66	9.97	11.60	0.43
0	0	0.01	5.26	62.28	4.32	0.00
0	4	0.00	0.00	15.22	81.10	0.00
1	1	0.00	0.00	0.29	1.18	0.00
1	5	0.00	0.00	0.35	0.98	0.00
2	2	0.00	0.00	0.28	1.09	3.48
2	6	0.00	0.00	0.33	1.39	0.00
3	3	0.00	0.02	0.53	1.49	0.00
3	7	0.00	0.03	0.50	1.28	0.00
Core	CPU	C1%	C3%	C6%	C8%	C9%
-	-	0.00	0.51	10.49	11.25	0.00
0	0	0.00	4.06	68.23	0.31	0.00
0	4	0.00	0.00	13.80	84.62	0.00
1	1	0.00	0.00	0.22	0.30	0.00
1	5	0.00	0.00	0.10	0.60	0.00
2	2	0.00	0.00	0.36	0.99	0.00
2	6	0.00	0.00	0.48	1.28	0.00
3	3	0.00	0.00	0.35	1.29	0.00
3	7	0.00	0.05	0.41	0.60	0.00
Core	CPU	C1%	C3%	C6%	C8%	C9%
-	-	0.00	0.52	9.97	16.35	0.00
0	0	0.01	4.03	61.19	8.04	0.00
0	4	0.00	0.00	14.43	84.00	0.00
1	1	0.00	0.00	0.50	5.08	0.00
1	5	0.00	0.00	0.71	1.29	0.00
2	2	0.00	0.02	0.45	0.90	0.00
2	6	0.00	0.00	0.79	1.19	0.00
3	3	0.00	0.00	0.28	0.99	0.00
3	7	0.01	0.08	1.44	29.29	0.00
Core	CPU	C1%	C3%	C6%	C8%	C9%
-	-	0.00	0.43	10.01	12.37	0.00
0	0	0.01	3.38	63.03	6.19	0.00
0	4	0.00	0.00	11.06	44.95	0.00
1	1	0.00	0.00	1.09	4.27	0.00
1	5	0.00	0.00	0.46	0.49	0.00
2	2	0.00	0.00	0.54	0.10	0.00
2	6	0.00	0.00	0.38	1.28	0.00
3	3	0.00	0.01	2.60	41.19	0.00
3	7	0.00	0.01	0.89	0.50	0.00
Core	CPU	C1%	C3%	C6%	C8%	C9%
-	-	0.00	0.27	7.92	14.03	0.00
0	0	0.02	2.14	57.23	12.95	0.00
0	4	0.00	0.00	0.33	0.60	0.00
1	1	0.00	0.01	0.30	0.79	0.00
1	5	0.00	0.00	0.10	1.09	0.00
2	2	0.00	0.00	0.38	0.69	0.00
2	6	0.00	0.00	0.36	0.89	0.00
3	3	0.00	0.00	4.20	94.26	0.00
3	7	0.00	0.00	0.45	0.99	0.00
Core	CPU	C1%	C3%	C6%	C8%	C9%
-	-	0.00	0.52	7.78	13.81	0.70
0	0	0.01	4.11	55.53	11.85	0.00
0	4	0.00	0.00	0.75	0.30	5.60
1	1	0.00	0.00	0.24	2.90	0.00
1	5	0.00	0.00	0.23	0.90	0.00
2	2	0.00	0.01	0.39	0.89	0.00
2	6	0.00	0.00	0.29	1.29	0.00
3	3	0.00	0.02	4.04	91.74	0.00
3	7	0.00	0.03	0.75	0.59	0.00
Core	CPU	C1%	C3%	C6%	C8%	C9%
-	-	0.00	0.28	8.33	14.37	0.00
0	0	0.01	2.21	56.62	13.47	0.00
0	4	0.00	0.00	3.50	10.38	0.00
1	1	0.00	0.00	0.46	4.98	0.00
1	5	0.00	0.00	0.23	0.79	0.00
2	2	0.00	0.02	0.43	1.00	0.00
2	6	0.00	0.00	1.17	1.68	0.00
3	3	0.00	0.00	3.67	81.45	0.00
3	7	0.00	0.00	0.58	1.18	0.00
Core	CPU	C1%	C3%	C6%	C8%	C9%
-	-	0.00	0.67	10.72	11.15	0.00
0	0	0.01	5.30	64.90	2.66	0.00
0	4	0.00	0.00	18.79	79.61	0.00
1	1	0.00	0.00	0.28	1.57	0.00
1	5	0.00	0.00	0.35	1.88	0.00
2	2	0.00	0.00	0.40	1.18	0.00
2	6	0.00	0.00	0.24	0.99	0.00
3	3	0.00	0.03	0.19	0.50	0.00
3	7	0.00	0.02	0.61	0.78	0.00
Core	CPU	C1%	C3%	C6%	C8%	C9%
-	-	0.00	0.54	10.90	10.99	0.00
0	0	0.00	4.26	68.30	0.33	0.00
0	4	0.00	0.00	15.30	83.15	0.00
1	1	0.00	0.00	0.23	1.09	0.00
1	5	0.00	0.00	0.29	0.59	0.00
2	2	0.00	0.00	0.76	1.91	0.00
2	6	0.00	0.00	0.16	0.40	0.00
3	3	0.00	0.00	0.73	0.19	0.00
3	7	0.00	0.04	1.40	0.30	0.00
Core	CPU	C1%	C3%	C6%	C8%	C9%
-	-	0.00	0.25	7.98	14.04	0.00
0	0	0.01	2.00	55.88	14.39	0.00
0	4	0.00	0.00	2.81	7.97	0.00
1	1	0.00	0.00	0.24	0.50	0.00
1	5	0.00	0.00	0.32	0.89	0.00
2	2	0.00	0.00	0.18	1.05	0.00
2	6	0.00	0.00	0.29	1.09	0.00
3	3	0.00	0.00	3.66	85.34	0.00
3	7	0.00	0.00	0.46	1.09	0.00
Core	CPU	C1%	C3%	C6%	C8%	C9%
-	-	0.00	0.69	9.89	11.27	0.11
0	0	0.01	5.50	63.48	2.82	0.00
0	4	0.00	0.00	11.09	67.41	0.00
1	1	0.00	0.00	0.24	1.39	0.00
1	5	0.00	0.00	0.13	0.80	0.00
2	2	0.00	0.01	0.67	0.29	0.92
2	6	0.00	0.00	0.89	0.49	0.00
3	3	0.00	0.01	1.80	16.54	0.00
3	7	0.00	0.01	0.77	0.39	0.00
Core	CPU	C1%	C3%	C6%	C8%	C9%
-	-	0.00	0.58	10.96	10.97	0.00
0	0	0.01	4.63	66.00	2.29	0.00
0	4	0.00	0.00	17.07	66.48	0.00
1	1	0.00	0.00	0.26	0.89	0.00
1	5	0.00	0.00	0.61	0.78	0.00
2	2	0.00	0.01	0.96	0.70	0.00
2	6	0.00	0.00	0.40	0.88	0.00
3	3	0.00	0.01	1.63	14.50	0.00
3	7	0.00	0.00	0.72	1.28	0.00
Core	CPU	C1%	C3%	C6%	C8%	C9%
-	-	0.00	0.34	8.16	13.92	0.00
0	0	0.01	2.72	55.27	14.46	0.00
0	4	0.00	0.00	2.01	11.55	0.00
1	1	0.00	0.02	0.29	0.80	0.00
1	5	0.00	0.00	0.20	0.99	0.00
2	2	0.00	0.00	0.96	0.88	0.00
2	6	0.00	0.00	0.86	0.69	0.00
3	3	0.00	0.00	4.61	81.05	0.00
3	7	0.00	0.02	1.04	0.97	0.00
Core	CPU	C1%	C3%	C6%	C8%	C9%
-	-	0.00	0.49	10.23	11.52	0.00
0	0	0.00	3.89	68.12	0.64	0.00
0	4	0.00	0.00	11.68	86.74	0.00
1	1	0.00	0.00	0.35	0.69	0.00
1	5	0.00	0.00	0.24	0.89	0.00
2	2	0.00	0.04	0.19	0.99	0.00
2	6	0.00	0.00	0.10	0.89	0.00
3	3	0.00	0.00	0.28	0.89	0.00
3	7	0.00	0.00	0.87	0.39	0.00
Core	CPU	C1%	C3%	C6%	C8%	C9%
-	-	0.00	0.54	10.59	11.09	0.00
0	0	0.00	4.29	66.72	1.84	0.00
0	4	0.00	0.00	16.08	82.33	0.00
1	1	0.00	0.00	0.18	0.79	0.00
1	5	0.00	0.00	0.46	0.49	0.00
2	2	0.00	0.00	0.30	0.98	0.00
2	6	0.00	0.00	0.32	1.28	0.00
3	3	0.00	0.00	0.01	0.60	0.00
3	7	0.00	0.00	0.63	0.40	0.00
Core	CPU	C1%	C3%	C6%	C8%	C9%
-	-	0.00	0.49	10.12	10.93	0.00
0	0	0.01	3.75	61.46	5.60	0.00
0	4	0.00	0.00	13.10	51.00	0.00
1	1	0.00	0.03	0.48	0.20	0.00
1	5	0.00	0.00	0.16	0.49	0.00
2	2	0.00	0.01	0.76	0.19	0.00
2	6	0.00	0.00	0.67	0.39	0.00
3	3	0.00	0.04	3.20	29.45	0.00
3	7	0.00	0.08	1.17	0.09	0.00
Core	CPU	C1%	C3%	C6%	C8%	C9%
-	-	0.00	0.34	8.95	13.17	0.00
0	0	0.01	2.69	60.66	9.18	0.00
0	4	0.00	0.00	3.89	21.51	0.00
1	1	0.00	0.00	0.74	1.98	0.00
1	5	0.00	0.00	0.71	0.60	0.00
2	2	0.00	0.00	0.45	0.30	0.00
2	6	0.00	0.00	0.39	0.70	0.00
3	3	0.00	0.00	3.99	70.02	0.00
3	7	0.00	0.01	0.77	1.08	0.00
Core	CPU	C1%	C3%	C6%	C8%	C9%
-	-	0.00	0.57	9.46	12.43	0.00
0	0	0.01	4.54	66.20	1.96	0.00
0	4	0.00	0.00	6.17	92.15	0.00
1	1	0.00	0.00	0.27	0.99	0.00
1	5	0.00	0.00	0.75	0.97	0.00
2	2	0.00	0.00	0.23	1.09	0.00
2	6	0.00	0.02	0.19	0.90	0.00
3	3	0.00	0.00	0.76	0.70	0.00
3	7	0.00	0.01	1.08	0.69	0.00
Core	CPU	C1%	C3%	C6%	C8%	C9%
-	-	0.05	0.53	10.52	11.43	0.00
0	0	0.00	4.16	67.34	1.08	0.00
0	4	0.00	0.02	13.62	84.79	0.00
1	1	0.00	0.00	0.10	0.79	0.00
1	5	0.00	0.00	0.77	0.69	0.00
2	2	0.00	0.00	0.25	0.39	0.00
2	6	0.00	0.03	0.76	1.38	0.00
3	3	0.39	0.00	0.62	0.89	0.00
3	7	0.00	0.01	0.70	1.42	0.00
Core	CPU	C1%	C3%	C6%	C8%	C9%
-	-	0.00	0.46	10.99	11.11	0.00
0	0	0.00	3.70	66.92	1.94	0.00
0	4	0.00	0.00	17.05	81.36	0.00
1	1	0.00	0.00	1.61	0.79	0.00
1	5	0.00	0.00	0.19	1.58	0.00
2	2	0.00	0.00	0.10	0.90	0.00
2	6	0.00	0.00	0.48	0.59	0.00
3	3	0.00	0.00	0.37	0.59	0.00
3	7	0.00	0.00	1.18	1.09	0.00
Core	CPU	C1%	C3%	C6%	C8%	C9%
-	-	0.01	0.54	8.66	12.72	0.02
0	0	0.01	4.26	58.94	8.74	0.00
0	4	0.00	0.00	2.32	15.25	0.00
1	1	0.00	0.00	0.26	1.39	0.00
1	5	0.00	0.00	0.54	0.79	0.00
2	2	0.00	0.05	0.83	0.30	0.14
2	6	0.10	0.01	0.60	0.00	0.00
3	3	0.00	0.02	4.50	74.88	0.00
3	7	0.00	0.01	1.28	0.40	0.00
Core	CPU	C1%	C3%	C6%	C8%	C9%
-	-	0.00	0.45	9.90	12.26	0.00
0	0	0.01	3.49	62.90	6.07	0.00
0	4	0.00	0.00	11.15	63.67	0.00
1	1	0.00	0.02	0.40	1.18	0.00
1	5	0.00	0.00	0.37	0.89	0.00
2	2	0.00	0.00	0.84	0.30	0.00
2	6	0.00	0.00	0.53	0.99	0.00
3	3	0.00	0.00	2.21	23.10	0.00
3	7	0.00	0.10	0.80	1.90	0.00
Core	CPU	C1%	C3%	C6%	C8%	C9%
-	-	0.00	0.54	10.40	11.81	0.00
0	0	0.01	4.14	64.41	4.71	0.00
0	4	0.00	0.00	14.36	84.07	0.00
1	1	0.00	0.02	0.29	0.60	0.00
1	5	0.00	0.00	0.33	0.99	0.00
2	2	0.00	0.01	0.82	0.49	0.00
2	6	0.00	0.00	1.12	0.89	0.00
3	3	0.00	0.11	0.79	2.18	0.00
3	7	0.00	0.03	1.08	0.49	0.00
Core	CPU	C1%	C3%	C6%	C8%	C9%
-	-	0.03	1.81	10.09	10.86	0.84
0	0	0.00	0.16	7.64	0.97	6.70
0	4	0.00	0.00	15.17	83.07	0.00
1	1	0.00	0.00	0.25	0.80	0.00
1	5	0.00	0.00	0.23	0.69	0.00
2	2	0.00	0.02	0.63	0.19	0.00
2	6	0.00	0.00	0.39	0.50	0.00
3	3	0.26	14.27	55.80	0.00	0.00
3	7	0.00	0.05	0.60	0.70	0.00
Core	CPU	C1%	C3%	C6%	C8%	C9%
-	-	0.09	1.65	9.44	16.02	0.00
0	0	0.02	0.52	10.51	3.07	0.00
0	4	0.00	0.02	1.27	2.11	0.04
1	1	0.00	1.28	6.93	2.11	0.00
1	5	0.00	0.00	0.29	0.89	0.00
2	2	0.00	0.00	0.45	1.19	0.00
2	6	0.07	0.04	6.64	89.41	0.00
3	3	0.20	11.17	47.49	0.80	0.00
3	7	0.46	0.13	1.95	28.57	0.00
Core	CPU	C1%	C3%	C6%	C8%	C9%
-	-	0.00	0.48	7.86	14.17	0.24
0	0	0.02	3.79	52.72	15.15	0.00
0	4	0.00	0.00	0.78	0.41	1.89
1	1	0.00	0.00	0.82	3.89	0.00
1	5	0.00	0.00	0.37	1.19	0.00
2	2	0.00	0.00	0.36	1.48	0.02
2	6	0.00	0.00	5.99	89.86	0.00
3	3	0.00	0.02	0.50	0.69	0.00
3	7	0.00	0.01	1.30	0.69	0.00
Core	CPU	C1%	C3%	C6%	C8%	C9%
-	-	0.00	0.54	10.94	11.01	0.00
0	0	0.00	4.20	67.82	0.56	0.00
0	4	0.00	0.00	16.29	79.00	0.00
1	1	0.00	0.02	0.49	0.69	0.00
1	5	0.00	0.00	0.24	0.99	0.00
2	2	0.00	0.00	0.24	1.08	0.00
2	6	0.00	0.04	1.47	3.94	0.00
3	3	0.00	0.00	0.35	0.89	0.00
3	7	0.00	0.03	0.64	0.88	0.00
Core	CPU	C1%	C3%	C6%	C8%	C9%
-	-	0.00	0.57	10.65	11.37	0.11
0	0	0.02	4.52	65.41	2.83	0.00
0	4	0.00	0.00	17.30	81.10	0.00
1	1	0.00	0.00	0.36	1.18	0.00
1	5	0.00	0.00	0.33	1.19	0.00
2	2	0.00	0.02	0.36	1.19	0.90
2	6	0.00	0.00	0.30	1.29	0.00
3	3	0.00	0.00	0.30	1.18	0.00
3	7	0.00	0.00	0.89	0.99	0.00
Core	CPU	C1%	C3%	C6%	C8%	C9%
-	-	0.00	0.44	9.79	12.18	0.00
0	0	0.01	3.47	61.70	7.50	0.00
0	4	0.00	0.00	11.35	48.18	0.00
1	1	0.00	0.00	0.36	0.79	0.00
1	5	0.00	0.00	0.24	0.99	0.00
2	2	0.00	0.00	0.72	0.80	0.00
2	6	0.00	0.00	2.79	37.53	0.00
3	3	0.00	0.00	0.58	0.79	0.00
3	7	0.00	0.03	0.57	0.88	0.00
Core	CPU	C1%	C3%	C6%	C8%	C9%
-	-	0.00	0.23	7.75	14.61	0.00
0	0	0.02	1.83	54.43	15.97	0.00
0	4	0.00	0.02	0.88	0.00	0.00
1	1	0.00	0.00	0.14	1.58	0.00
1	5	0.00	0.00	0.47	1.57	0.00
2	2	0.00	0.02	0.36	1.58	0.00
2	6	0.00	0.00	3.25	69.28	0.00
3	3	0.00	0.00	0.72	1.10	0.00
3	7	0.00	0.01	1.74	25.78	0.00
Core	CPU	C1%	C3%	C6%	C8%	C9%
-	-	0.00	0.46	7.51	13.90	0.01
0	0	0.01	3.65	52.19	15.52	0.00
0	4	0.00	0.00	0.74	0.30	0.00
1	1	0.00	0.00	0.85	0.59	0.00
1	5	0.00	0.01	0.74	0.49	0.00
2	2	0.00	0.00	0.27	1.09	0.09
2	6	0.00	0.00	3.19	61.70	0.00
3	3	0.00	0.00	0.36	0.69	0.00
3	7	0.00	0.00	1.76	30.88	0.00
Core	CPU	C1%	C3%	C6%	C8%	C9%
-	-	0.00	0.20	7.55	14.55	0.13
0	0	0.02	1.59	52.13	18.41	0.00
0	4	0.00	0.00	0.48	0.50	0.00
1	1	0.00	0.00	0.36	0.69	0.00
1	5	0.00	0.00	0.44	0.59	0.00
2	2	0.00	0.00	1.09	0.98	1.00
2	6	0.00	0.01	5.13	93.21	0.00
3	3	0.00	0.00	0.10	0.89	0.00
3	7	0.00	0.00	0.69	1.09	0.00
Core	CPU	C1%	C3%	C6%	C8%	C9%
-	-	0.00	0.33	7.60	14.70	0.00
0	0	0.02	2.61	53.02	16.63	0.00
0	4	0.00	0.00	0.24	1.40	0.00
1	1	0.00	0.00	0.69	1.60	0.00
1	5	0.00	0.00	0.58	1.71	0.00
2	2	0.00	0.00	0.72	1.21	0.00
2	6	0.00	0.00	4.58	89.76	0.00
3	3	0.00	0.04	0.28	0.61	0.00
3	7	0.00	0.00	0.66	4.65	0.00
Core	CPU	C1%	C3%	C6%	C8%	C9%
-	-	0.00	0.23	7.65	14.43	0.00
0	0	0.02	1.81	53.86	16.59	0.00
0	4	0.00	0.03	0.48	0.42	0.00
1	1	0.00	0.00	0.29	1.09	0.00
1	5	0.00	0.00	0.37	0.99	0.00
2	2	0.00	0.00	0.37	0.78	0.00
2	6	0.00	0.00	5.10	93.26	0.00
3	3	0.00	0.00	0.32	1.00	0.00
3	7	0.00	0.00	0.41	1.30	0.00
Core	CPU	C1%	C3%	C6%	C8%	C9%
-	-	0.01	0.25	7.99	14.19	0.09
0	0	0.03	1.88	53.76	16.39	0.00
0	4	0.00	0.00	0.74	0.30	0.00
1	1	0.00	0.00	0.81	0.00	0.00
1	5	0.00	0.02	0.80	0.68	0.00
2	2	0.00	0.04	0.32	1.67	0.71
2	6	0.00	0.00	6.24	92.11	0.00
3	3	0.07	0.01	0.52	1.48	0.00
3	7	0.00	0.01	0.76	0.88	0.00
Core	CPU	C1%	C3%	C6%	C8%	C9%
-	-	0.00	0.36	8.05	13.52	0.41
0	0	0.04	2.81	53.49	14.17	0.00
0	4	0.00	0.00	0.77	0.11	0.00
1	1	0.00	0.00	0.86	0.40	0.00
1	5	0.00	0.00	0.43	0.79	0.00
2	2	0.00	0.03	1.13	0.81	3.30
2	6	0.00	0.01	3.90	66.42	0.00
3	3	0.00	0.00	0.79	1.58	0.00
3	7	0.00	0.05	3.03	23.87	0.00
Core	CPU	C1%	C3%	C6%	C8%	C9%
-	-	0.00	0.26	7.69	14.23	1.08
0	0	0.02	2.01	53.36	16.80	0.00
0	4	0.00	0.00	0.80	0.00	8.67
1	1	0.00	0.00	0.22	0.89	0.00
1	5	0.00	0.00	0.28	0.88	0.00
2	2	0.00	0.00	0.41	1.19	0.00
2	6	0.00	0.00	0.53	7.19	0.00
3	3	0.00	0.02	0.30	0.60	0.00
3	7	0.00	0.03	5.63	86.25	0.00
Core	CPU	C1%	C3%	C6%	C8%	C9%
-	-	0.00	0.39	7.64	14.12	1.06
0	0	0.02	3.08	53.41	15.89	0.00
0	4	0.00	0.00	0.64	0.00	8.48
1	1	0.00	0.00	0.33	1.19	0.00
1	5	0.00	0.02	0.28	0.59	0.00
2	2	0.00	0.00	0.10	1.08	0.00
2	6	0.00	0.00	0.18	0.89	0.00
3	3	0.00	0.00	0.82	0.49	0.00
3	7	0.00	0.00	5.40	92.86	0.00
Core	CPU	C1%	C3%	C6%	C8%	C9%
-	-	0.00	0.44	9.04	15.26	0.62
0	0	0.01	3.43	57.45	11.52	0.00
0	4	0.00	0.00	0.41	0.61	4.97
1	1	0.00	0.00	6.65	13.46	0.00
1	5	0.00	0.00	0.29	1.19	0.00
2	2	0.00	0.02	0.33	0.60	0.00
2	6	0.00	0.00	0.52	1.90	0.00
3	3	0.00	0.00	0.49	0.69	0.00
3	7	0.00	0.03	6.16	92.16	0.00
Core	CPU	C1%	C3%	C6%	C8%	C9%
-	-	0.00	0.24	7.64	14.88	0.00
0	0	0.02	1.91	53.41	16.90	0.00
0	4	0.00	0.00	0.29	0.80	0.00
1	1	0.00	0.00	0.33	4.28	0.00
1	5	0.00	0.00	1.15	0.98	0.00
2	2	0.00	0.00	0.25	0.89	0.00
2	6	0.00	0.00	0.62	11.93	0.00
3	3	0.00	0.01	0.39	0.70	0.00
3	7	0.00	0.00	4.68	82.53	0.00
Core	CPU	C1%	C3%	C6%	C8%	C9%
-	-	0.00	0.43	7.84	13.78	0.73
0	0	0.01	3.39	54.80	12.39	0.00
0	4	0.00	0.00	0.51	0.30	2.18
1	1	0.00	0.00	0.10	3.28	0.00
1	5	0.00	0.00	0.19	0.89	0.00
2	2	0.00	0.00	0.30	0.79	3.68
2	6	0.00	0.00	4.72	90.82	0.00
3	3	0.00	0.00	1.12	0.79	0.00
3	7	0.00	0.01	1.01	1.00	0.00
Core	CPU	C1%	C3%	C6%	C8%	C9%
-	-	0.00	0.29	7.98	14.40	0.00
0	0	0.01	2.29	56.36	13.67	0.00
0	4	0.00	0.00	0.65	0.00	0.00
1	1	0.00	0.00	0.19	4.40	0.00
1	5	0.00	0.00	0.42	1.48	0.00
2	2	0.00	0.00	0.12	0.60	0.00
2	6	0.00	0.00	5.23	93.19	0.00
3	3	0.00	0.00	0.38	1.28	0.00
3	7	0.00	0.01	0.46	0.59	0.00
Core	CPU	C1%	C3%	C6%	C8%	C9%
-	-	0.00	0.32	7.58	14.88	0.21
0	0	0.02	2.54	52.25	17.51	0.00
0	4	0.00	0.00	0.92	0.19	0.88
1	1	0.00	0.00	0.30	4.77	0.00
1	5	0.00	0.00	0.27	0.99	0.00
2	2	0.00	0.00	0.20	0.99	0.00
2	6	0.00	0.00	4.41	71.38	0.00
3	3	0.00	0.00	0.34	1.17	0.81
3	7	0.00	0.04	1.94	22.04	0.00
Core	CPU	C1%	C3%	C6%	C8%	C9%
-	-	0.00	0.23	7.64	14.28	1.08
0	0	0.01	1.79	53.74	16.68	0.00
0	4	0.00	0.00	0.47	0.31	8.67
1	1	0.00	0.00	0.35	0.59	0.00
1	5	0.00	0.00	0.33	0.89	0.00
2	2	0.00	0.02	0.49	0.60	0.00
2	6	0.00	0.00	1.25	20.52	0.00
3	3	0.00	0.00	0.48	0.69	0.00
3	7	0.00	0.00	4.01	73.95	0.00
Core	CPU	C1%	C3%	C6%	C8%	C9%
-	-	0.00	0.25	7.81	14.29	0.00
0	0	0.02	1.96	54.33	15.94	0.00
0	4	0.00	0.00	0.38	0.61	0.00
1	1	0.00	0.00	0.67	0.50	0.00
1	5	0.00	0.00	0.16	0.99	0.00
2	2	0.00	0.00	0.31	1.18	0.00
2	6	0.00	0.00	5.27	89.48	0.00
3	3	0.00	0.00	0.70	0.99	0.00
3	7	0.00	0.00	0.67	4.63	0.00
Core	CPU	C1%	C3%	C6%	C8%	C9%
-	-	0.00	0.47	7.84	13.57	0.00
0	0	0.01	3.72	55.14	12.59	0.00
0	4	0.00	0.00	0.63	0.11	0.00
1	1	0.00	0.02	0.29	0.89	0.00
1	5	0.00	0.00	0.39	1.18	0.00
2	2	0.00	0.00	0.38	0.69	0.00
2	6	0.00	0.00	4.93	90.72	0.00
3	3	0.00	0.00	0.64	1.29	0.00
3	7	0.00	0.01	0.34	1.09	0.00
Core	CPU	C1%	C3%	C6%	C8%	C9%
-	-	0.00	0.24	7.80	14.69	0.21
0	0	0.01	1.90	54.19	15.92	0.00
0	4	0.00	0.00	0.81	0.70	1.67
1	1	0.00	0.00	0.35	1.08	0.00
1	5	0.00	0.00	0.34	1.38	0.00
2	2	0.00	0.02	0.48	1.49	0.00
2	6	0.00	0.00	3.21	49.67	0.00
3	3	0.00	0.00	0.28	1.19	0.00
3	7	0.00	0.01	2.82	46.15	0.00
Core	CPU	C1%	C3%	C6%	C8%	C9%
-	-	0.00	0.45	8.07	17.40	0.00
0	0	0.02	3.40	54.92	14.76	0.00
0	4	0.00	0.00	0.19	0.68	0.00
1	1	0.00	0.00	0.36	2.28	0.00
1	5	0.00	0.00	0.31	0.99	0.00
2	2	0.00	0.01	0.74	0.00	0.00
2	6	0.00	0.01	5.33	86.83	0.00
3	3	0.00	0.00	0.16	0.50	0.00
3	7	0.01	0.20	2.43	33.00	0.00
Core	CPU	C1%	C3%	C6%	C8%	C9%
-	-	0.00	1.03	8.92	13.06	0.00
0	0	0.01	1.25	34.78	8.22	0.02
0	4	0.00	0.00	0.88	0.00	0.00
1	1	0.00	0.00	0.27	0.89	0.00
1	5	0.00	0.00	0.45	0.40	0.00
2	2	0.03	7.00	28.87	0.20	0.00
2	6	0.00	0.02	3.98	66.04	0.00
3	3	0.00	0.00	0.20	0.89	0.00
3	7	0.00	0.00	1.89	27.81	0.00
Core	CPU	C1%	C3%	C6%	C8%	C9%
-	-	0.00	0.23	7.40	14.52	0.16
0	0	0.02	1.84	52.67	17.62	0.00
0	4	0.00	0.02	0.67	0.21	1.29
1	1	0.00	0.00	0.00	0.99	0.00
1	5	0.00	0.00	0.28	0.89	0.00
2	2	0.00	0.00	0.37	0.79	0.00
2	6	0.00	0.00	2.70	53.63	0.00
3	3	0.00	0.00	0.25	0.61	0.00
3	7	0.00	0.00	2.28	41.42	0.00
Core	CPU	C1%	C3%	C6%	C8%	C9%
-	-	0.01	0.57	8.00	13.51	0.24
0	0	0.02	3.65	51.48	13.67	0.00
0	4	0.00	0.00	0.65	0.00	0.00
1	1	0.00	0.00	0.72	0.20	0.00
1	5	0.00	0.01	0.79	0.79	0.00
2	2	0.01	0.08	0.10	1.07	1.92
2	6	0.00	0.03	6.14	89.66	0.00
3	3	0.01	0.82	3.58	1.09	0.00
3	7	0.00	0.00	0.56	1.58	0.00
Core	CPU	C1%	C3%	C6%	C8%	C9%
-	-	0.04	1.82	9.06	11.97	0.00
0	0	0.01	0.07	6.71	0.65	0.00
0	4	0.00	0.00	0.55	0.32	0.00
1	1	0.00	0.00	0.36	0.99	0.00
1	5	0.00	0.00	0.42	1.09	0.00
2	2	0.00	0.00	0.82	0.30	0.00
2	6	0.00	0.02	4.80	65.64	0.00
3	3	0.28	14.43	55.88	0.00	0.00
3	7	0.00	0.04	2.93	26.77	0.00
Core	CPU	C1%	C3%	C6%	C8%	C9%
-	-	0.03	1.80	9.49	12.77	0.03
0	0	0.00	0.01	11.84	0.95	0.26
0	4	0.00	0.02	1.50	1.13	0.00
1	1	0.00	0.00	0.61	2.50	0.00
1	5	0.00	0.00	0.39	1.39	0.00
2	2	0.00	0.00	0.55	1.50	0.00
2	6	0.00	0.00	3.11	57.94	0.00
3	3	0.27	14.31	55.19	0.00	0.00
3	7	0.00	0.06	2.73	36.76	0.00
Core	CPU	C1%	C3%	C6%	C8%	C9%
-	-	0.00	0.21	7.69	15.22	0.00
0	0	0.02	1.67	51.47	18.92	0.00
0	4	0.00	0.00	1.02	0.65	0.00
1	1	0.00	0.00	0.58	3.87	0.00
1	5	0.00	0.00	0.52	1.49	0.00
2	2	0.00	0.02	0.57	1.60	0.00
2	6	0.00	0.00	1.14	15.52	0.00
3	3	0.00	0.00	1.26	0.80	0.00
3	7	0.00	0.00	4.94	78.89	0.00
Core	CPU	C1%	C3%	C6%	C8%	C9%
-	-	0.00	0.27	8.12	14.13	0.00
0	0	0.02	2.10	55.16	14.96	0.00
0	4	0.00	0.00	0.49	0.31	0.00
1	1	0.00	0.00	0.70	1.70	0.00
1	5	0.00	0.00	0.27	0.89	0.00
2	2	0.00	0.00	1.07	1.59	0.00
2	6	0.00	0.00	6.33	92.03	0.00
3	3	0.00	0.03	0.33	0.80	0.00
3	7	0.00	0.03	0.60	0.79	0.00
Core	CPU	C1%	C3%	C6%	C8%	C9%
-	-	0.03	1.99	8.76	12.06	0.46
0	0	0.00	0.17	9.11	0.58	0.00
0	4	0.00	0.00	0.62	0.62	0.00
1	1	0.00	0.00	0.31	1.00	0.00
1	5	0.00	0.00	0.28	0.99	0.00
2	2	0.00	0.00	0.36	0.79	3.64
2	6	0.00	0.00	4.65	92.06	0.00
3	3	0.26	15.73	53.65	0.00	0.00
3	7	0.00	0.02	1.11	0.48	0.00
Core	CPU	C1%	C3%	C6%	C8%	C9%
-	-	0.04	1.79	9.95	12.26	0.01
0	0	0.00	0.01	15.75	2.31	0.11
0	4	0.00	0.00	0.45	0.61	0.00
1	1	0.00	0.00	0.34	0.60	0.00
1	5	0.00	0.00	0.23	0.90	0.00
2	2	0.00	0.02	0.29	1.09	0.00
2	6	0.00	0.00	2.54	47.94	0.00
3	3	0.31	14.24	55.67	0.00	0.00
3	7	0.00	0.03	4.34	44.59	0.00
Core	CPU	C1%	C3%	C6%	C8%	C9%
-	-	0.00	0.40	8.20	13.60	0.48
0	0	0.02	3.16	55.83	13.50	0.00
0	4	0.00	0.02	0.59	0.50	2.97
1	1	0.00	0.00	0.29	1.10	0.00
1	5	0.00	0.00	0.24	0.80	0.91
2	2	0.00	0.00	0.36	0.69	0.00
2	6	0.00	0.00	6.40	91.39	0.00
3	3	0.00	0.04	1.09	0.29	0.00
3	7	0.00	0.00	0.81	0.50	0.00
Core	CPU	C1%	C3%	C6%	C8%	C9%
-	-	0.00	0.39	8.83	15.61	1.39
0	0	0.01	3.10	55.40	13.78	0.00
0	4	0.00	0.00	0.64	0.80	11.11
1	1	0.00	0.00	6.54	15.67	0.00
1	5	0.00	0.00	0.53	0.19	0.00
2	2	0.00	0.00	0.21	0.70	0.00
2	6	0.00	0.00	6.24	92.15	0.00
3	3	0.00	0.00	0.37	0.79	0.00
3	7	0.00	0.03	0.66	0.79	0.00
Core	CPU	C1%	C3%	C6%	C8%	C9%
-	-	0.00	0.26	7.74	14.79	0.16
0	0	0.02	1.97	53.20	17.00	0.00
0	4	0.00	0.00	0.41	0.09	1.29
1	1	0.00	0.00	0.68	5.15	0.00
1	5	0.00	0.00	0.47	0.89	0.00
2	2	0.00	0.12	0.92	0.39	0.00
2	6	0.00	0.00	5.07	93.31	0.00
3	3	0.00	0.00	0.22	1.09	0.00
3	7	0.00	0.00	0.99	0.39	0.00
Core	CPU	C1%	C3%	C6%	C8%	C9%
-	-	0.00	0.49	7.78	13.41	0.00
0	0	0.01	3.77	54.82	12.79	0.00
0	4	0.00	0.00	0.64	0.00	0.00
1	1	0.00	0.00	0.22	0.89	0.00
1	5	0.00	0.00	0.00	0.50	0.00
2	2	0.00	0.10	1.07	0.50	0.03
2	6	0.00	0.00	0.67	1.28	0.00
3	3	0.00	0.00	0.45	0.78	0.00
3	7	0.00	0.02	4.39	90.52	0.00
Core	CPU	C1%	C3%	C6%	C8%	C9%
-	-	0.00	0.25	7.58	14.33	0.29
0	0	0.02	1.92	53.34	16.88	0.00
0	4	0.00	0.00	0.66	0.11	2.31
1	1	0.00	0.00	0.45	0.40	0.00
1	5	0.00	0.00	0.53	1.27	0.00
2	2	0.00	0.09	1.03	0.39	0.00
2	6	0.00	0.00	0.10	0.80	0.00
3	3	0.00	0.00	0.19	0.79	0.00
3	7	0.00	0.00	4.31	94.02	0.00
Core	CPU	C1%	C3%	C6%	C8%	C9%
-	-	0.00	0.46	8.75	15.85	0.51
0	0	0.01	3.55	56.37	12.63	0.00
0	4	0.00	0.00	0.99	1.18	4.05
1	1	0.00	0.00	5.29	16.52	0.00
1	5	0.00	0.00	0.28	0.99	0.00
2	2	0.00	0.10	1.21	0.29	0.00
2	6	0.00	0.04	0.76	1.18	0.00
3	3	0.00	0.02	0.26	0.60	0.00
3	7	0.00	0.00	4.84	93.41	0.00
Core	CPU	C1%	C3%	C6%	C8%	C9%
-	-	0.00	0.37	8.47	14.13	0.28
0	0	0.01	2.86	58.14	11.40	0.00
0	4	0.00	0.00	0.93	0.61	2.28
1	1	0.00	0.00	4.08	61.84	0.00
1	5	0.00	0.02	0.98	0.30	0.00
2	2	0.00	0.11	1.11	5.06	0.00
2	6	0.00	0.00	1.91	31.80	0.00
3	3	0.00	0.00	0.26	0.89	0.00
3	7	0.00	0.00	0.34	1.18	0.00
Core	CPU	C1%	C3%	C6%	C8%	C9%
-	-	0.00	0.32	8.20	15.03	0.63
0	0	0.01	2.42	55.63	14.28	0.00
0	4	0.00	0.00	0.77	0.00	5.07
1	1	0.00	0.00	5.68	92.77	0.00
1	5	0.00	0.00	0.24	0.70	0.00
2	2	0.00	0.15	1.51	9.71	0.00
2	6	0.00	0.00	0.30	1.09	0.00
3	3	0.00	0.00	0.68	0.59	0.00
3	7	0.00	0.00	0.76	1.09	0.00
Core	CPU	C1%	C3%	C6%	C8%	C9%
-	-	0.01	1.08	8.39	13.64	0.18
0	0	0.02	1.88	38.24	8.85	0.00
0	4	0.00	0.01	0.60	0.00	1.40
1	1	0.00	0.00	5.30	90.96	0.00
1	5	0.00	0.00	1.05	0.79	0.00
2	2	0.00	0.07	1.49	6.54	0.00
2	6	0.00	0.00	0.35	1.09	0.00
3	3	0.06	6.67	20.01	0.40	0.00
3	7	0.00	0.00	0.10	0.50	0.00
Core	CPU	C1%	C3%	C6%	C8%	C9%
-	-	0.04	1.85	9.40	12.28	0.00
0	0	0.00	0.07	10.41	2.17	0.00
0	4	0.00	0.00	0.64	0.50	0.00
1	1	0.00	0.01	5.95	92.71	0.00
1	5	0.00	0.02	0.19	1.00	0.00
2	2	0.05	0.11	0.72	0.60	0.00
2	6	0.00	0.04	0.90	0.89	0.00
3	3	0.29	14.52	56.12	0.00	0.00
3	7	0.00	0.00	0.23	0.41	0.00
Core	CPU	C1%	C3%	C6%	C8%	C9%
-	-	0.03	1.61	8.92	12.57	0.00
0	0	0.00	0.35	16.39	3.34	0.00
0	4	0.00	0.00	0.59	0.10	0.00
1	1	0.00	0.00	4.05	70.24	0.00
1	5	0.00	0.00	0.46	0.69	0.00
2	2	0.00	0.15	1.29	0.40	0.00
2	6	0.00	0.00	1.46	24.45	0.00
3	3	0.20	12.35	46.63	0.40	0.00
3	7	0.00	0.02	0.53	0.91	0.00
Core	CPU	C1%	C3%	C6%	C8%	C9%
-	-	0.00	0.29	7.91	13.83	0.00
0	0	0.02	2.16	56.17	13.98	0.00
0	4	0.00	0.00	0.52	0.10	0.00
1	1	0.00	0.00	3.97	88.18	0.00
1	5	0.00	0.00	0.10	0.89	0.00
2	2	0.00	0.12	0.89	0.49	0.00
2	6	0.00	0.00	1.04	5.91	0.00
3	3	0.00	0.00	0.30	0.79	0.00
3	7	0.00	0.02	0.30	0.30	0.00
Core	CPU	C1%	C3%	C6%	C8%	C9%
-	-	0.04	0.93	8.45	16.80	0.00
0	0	0.03	0.77	30.23	10.44	0.00
0	4	0.00	0.00	0.42	0.32	0.00
1	1	0.00	0.02	4.45	67.72	0.00
1	5	0.00	0.00	0.38	0.90	0.00
2	2	0.00	0.07	0.98	0.50	0.00
2	6	0.00	0.00	2.32	25.40	0.00
3	3	0.30	6.41	27.81	0.50	0.00
3	7	0.01	0.18	0.99	28.63	0.00
Core	CPU	C1%	C3%	C6%	C8%	C9%
-	-	0.03	1.93	9.09	11.48	0.44
0	0	0.00	0.07	7.66	1.66	0.00
0	4	0.00	0.00	0.27	0.80	0.00
1	1	0.00	0.00	0.34	0.50	0.00
1	5	0.00	0.00	0.23	0.89	0.00
2	2	0.00	0.09	1.02	0.00	3.52
2	6	0.00	0.03	8.18	87.95	0.00
3	3	0.27	15.26	54.46	0.00	0.00
3	7	0.00	0.00	0.55	0.00	0.00
Core	CPU	C1%	C3%	C6%	C8%	C9%
-	-	0.04	1.83	9.26	11.90	0.00
0	0	0.00	0.06	9.50	0.05	0.00
0	4	0.00	0.00	0.10	0.69	0.00
1	1	0.00	0.01	2.60	26.30	0.00
1	5	0.00	0.00	0.56	0.50	0.00
2	2	0.00	0.05	1.06	0.20	0.00
2	6	0.00	0.00	3.56	66.82	0.00
3	3	0.35	14.50	56.35	0.00	0.00
3	7	0.00	0.00	0.37	0.60	0.00
Core	CPU	C1%	C3%	C6%	C8%	C9%
-	-	0.00	0.32	8.09	15.00	0.06
0	0	0.02	2.41	49.32	16.68	0.06
0	4	0.00	0.03	6.03	2.00	0.38
1	1	0.00	0.02	5.35	92.96	0.00
1	5	0.00	0.00	0.70	0.19	0.00
2	2	0.00	0.09	1.54	6.52	0.00
2	6	0.00	0.00	0.47	0.99	0.00
3	3	0.00	0.00	1.04	0.29	0.00
3	7	0.00	0.00	0.26	0.40	0.00
Core	CPU	C1%	C3%	C6%	C8%	C9%
-	-	0.00	0.28	8.07	14.09	0.01
0	0	0.01	2.17	55.72	14.54	0.00
0	4	0.00	0.00	0.68	0.39	0.09
1	1	0.00	0.00	3.51	57.16	0.00
1	5	0.00	0.00	0.24	0.59	0.00
2	2	0.00	0.08	1.12	2.27	0.00
2	6	0.00	0.01	2.60	36.58	0.00
3	3	0.00	0.00	0.20	0.79	0.00
3	7	0.00	0.00	0.47	0.40	0.00
Core	CPU	C1%	C3%	C6%	C8%	C9%
-	-	0.00	0.31	8.28	15.07	0.00
0	0	0.01	2.33	56.73	13.30	0.00
0	4	0.00	0.00	0.58	0.61	0.00
1	1	0.00	0.03	5.37	93.05	0.00
1	5	0.00	0.00	0.28	0.99	0.00
2	2	0.00	0.09	2.11	10.31	0.00
2	6	0.00	0.00	0.61	0.50	0.00
3	3	0.00	0.02	0.40	1.00	0.00
3	7	0.00	0.00	0.19	0.80	0.00
Core	CPU	C1%	C3%	C6%	C8%	C9%
-	-	0.01	0.55	7.87	13.87	0.42
0	0	0.01	4.29	54.17	13.22	0.00
0	4	0.00	0.00	0.74	0.10	0.00
1	1	0.00	0.00	5.35	90.64	0.00
1	5	0.09	0.01	0.79	0.20	0.00
2	2	0.01	0.09	1.15	4.64	3.40
2	6	0.00	0.00	0.37	0.89	0.00
3	3	0.00	0.00	0.36	0.69	0.00
3	7	0.00	0.02	0.04	0.59	0.00
Core	CPU	C1%	C3%	C6%	C8%	C9%
-	-	0.00	0.28	7.89	14.10	0.00
0	0	0.02	2.16	54.15	15.91	0.00
0	4	0.00	0.00	0.68	0.00	0.00
1	1	0.00	0.00	4.98	93.42	0.00
1	5	0.00	0.00	0.25	0.49	0.00
2	2	0.00	0.04	1.38	0.30	0.00
2	6	0.00	0.02	1.09	0.69	0.00
3	3	0.00	0.00	0.20	1.18	0.00
3	7	0.00	0.00	0.38	0.79	0.00
Core	CPU	C1%	C3%	C6%	C8%	C9%
-	-	0.00	0.41	8.17	14.49	0.16
0	0	0.01	3.24	55.05	14.04	0.00
0	4	0.00	0.00	0.70	0.09	1.29
1	1	0.00	0.00	3.48	39.74	0.00
1	5	0.00	0.00	0.66	0.21	0.00
2	2	0.00	0.04	1.21	4.93	0.00
2	6	0.00	0.00	3.80	55.36	0.00
3	3	0.00	0.02	0.29	0.60	0.00
3	7	0.00	0.00	0.19	0.99	0.00
Core	CPU	C1%	C3%	C6%	C8%	C9%
-	-	0.09	0.41	8.78	14.09	0.72
0	0	0.02	3.30	58.76	10.38	0.00
0	4	0.00	0.00	0.52	0.31	5.77
1	1	0.68	0.02	1.26	7.70	0.00
1	5	0.00	0.00	0.20	0.99	0.00
2	2	0.00	0.00	0.86	0.29	0.00
2	6	0.00	0.00	7.62	90.81	0.00
3	3	0.00	0.00	0.35	0.69	0.00
3	7	0.00	0.00	0.63	1.57	0.00
Core	CPU	C1%	C3%	C6%	C8%	C9%
-	-	0.00	0.40	8.19	14.26	0.20
0	0	0.01	3.08	56.28	12.98	0.00
0	4	0.00	0.00	0.77	0.19	1.59
1	1	0.00	0.00	0.35	4.87	0.00
1	5	0.00	0.00	0.33	0.68	0.00
2	2	0.00	0.09	1.02	0.97	0.00
2	6	0.00	0.00	6.03	92.39	0.00
3	3	0.00	0.00	0.29	1.09	0.00
3	7	0.00	0.00	0.45	0.89	0.00
Core	CPU	C1%	C3%	C6%	C8%	C9%
-	-	0.01	1.73	9.35	12.86	0.00
0	0	0.00	0.86	22.14	3.28	0.00
0	4	0.00	0.00	0.49	0.11	0.00
1	1	0.00	0.00	1.96	6.62	0.00
1	5	0.00	0.00	0.37	0.89	0.00
2	2	0.07	12.99	43.65	0.00	0.00
2	6	0.00	0.00	5.64	90.13	0.00
3	3	0.00	0.00	0.20	0.70	0.00
3	7	0.00	0.00	0.40	1.18	0.00
Core	CPU	C1%	C3%	C6%	C8%	C9%
-	-	0.00	0.29	7.92	14.51	0.00
0	0	0.02	2.31	55.61	14.39	0.00
0	4	0.00	0.00	0.52	0.70	0.00
1	1	0.00	0.02	0.39	3.36	0.00
1	5	0.00	0.00	0.19	1.49	0.00
2	2	0.00	0.00	0.90	0.40	0.00
2	6	0.00	0.00	4.81	93.58	0.00
3	3	0.00	0.00	0.63	0.99	0.00
3	7	0.00	0.01	0.31	1.20	0.00
Core	CPU	C1%	C3%	C6%	C8%	C9%
-	-	0.07	0.53	8.61	14.06	2.48
0	0	0.01	4.16	60.36	8.23	0.00
0	4	0.00	0.00	0.37	0.50	19.81
1	1	0.59	0.00	0.27	7.73	0.00
1	5	0.00	0.00	0.20	1.08	0.00
2	2	0.00	0.00	0.37	0.69	0.00
2	6	0.00	0.00	5.94	92.55	0.00
3	3	0.00	0.00	0.32	1.09	0.00
3	7	0.00	0.04	1.06	0.60	0.00
Core	CPU	C1%	C3%	C6%	C8%	C9%
-	-	0.00	0.34	9.02	16.80	2.06
0	0	0.01	2.69	55.94	14.42	0.00
0	4	0.00	0.00	1.06	0.11	15.49
1	1	0.00	0.00	6.51	22.99	0.00
1	5	0.00	0.00	1.30	1.29	0.00
2	2	0.00	0.02	0.29	0.43	1.00
2	6	0.00	0.00	6.06	92.41	0.00
3	3	0.00	0.00	0.29	1.27	0.00
3	7	0.00	0.00	0.72	1.48	0.00
Core	CPU	C1%	C3%	C6%	C8%	C9%
-	-	0.00	0.48	8.15	14.29	0.13
0	0	0.02	2.10	50.39	12.85	0.00
0	4	0.00	0.00	0.49	0.10	0.00
1	1	0.00	0.00	0.66	5.30	0.00
1	5	0.00	0.00	0.37	0.69	0.00
2	2	0.01	1.77	7.42	0.20	1.01
2	6	0.00	0.00	5.30	93.12	0.00
3	3	0.00	0.00	0.10	1.00	0.00
3	7	0.00	0.00	0.50	1.08	0.00
Core	CPU	C1%	C3%	C6%	C8%	C9%
-	-	0.00	2.00	8.97	12.35	0.00
0	0	0.00	0.37	10.24	3.46	0.00
0	4	0.00	0.00	0.88	0.19	0.00
1	1	0.00	0.01	0.69	0.60	0.00
1	5	0.00	0.00	0.19	1.78	0.00
2	2	0.03	15.60	53.60	0.00	0.00
2	6	0.00	0.00	5.04	91.10	0.00
3	3	0.00	0.00	0.34	0.90	0.00
3	7	0.00	0.04	0.79	0.80	0.00
Core	CPU	C1%	C3%	C6%	C8%	C9%
-	-	0.01	0.45	8.22	14.43	0.00
0	0	0.01	1.87	50.39	13.60	0.00
0	4	0.00	0.01	0.38	1.65	0.00
1	1	0.00	0.00	0.42	4.29	0.00
1	5	0.00	0.00	0.73	0.68	0.00
2	2	0.00	0.00	0.75	0.59	0.00
2	6	0.00	0.00	5.49	92.87	0.00
3	3	0.03	1.70	6.93	0.89	0.00
3	7	0.00	0.00	0.68	0.89	0.00
Core	CPU	C1%	C3%	C6%	C8%	C9%
-	-	0.00	0.50	8.04	14.48	0.00
0	0	0.03	2.12	47.17	17.29	0.00
0	4	0.00	0.00	0.85	0.30	0.00
1	1	0.00	0.00	0.54	3.19	0.00
1	5	0.00	0.00	1.33	0.50	0.00
2	2	0.00	1.80	7.23	0.10	0.00
2	6	0.00	0.00	5.22	92.82	0.00
3	3	0.00	0.00	1.15	0.69	0.00
3	7	0.00	0.06	0.85	0.98	0.00
Core	CPU	C1%	C3%	C6%	C8%	C9%
-	-	0.01	1.30	8.94	12.88	0.08
0	0	0.01	0.82	26.71	6.23	0.02
0	4	0.00	0.00	0.42	0.58	0.60
1	1	0.00	0.02	0.29	0.80	0.00
1	5	0.00	0.00	0.10	0.69	0.00
2	2	0.04	9.48	37.33	0.30	0.00
2	6	0.00	0.00	5.10	93.39	0.00
3	3	0.00	0.00	0.54	0.60	0.00
3	7	0.00	0.04	1.01	0.48	0.00
Core	CPU	C1%	C3%	C6%	C8%	C9%
-	-	0.01	0.25	7.71	14.41	0.91
0	0	0.02	1.96	53.65	16.61	0.00
0	4	0.03	0.00	0.48	1.37	7.27
1	1	0.00	0.00	0.45	0.40	0.00
1	5	0.00	0.04	1.15	0.70	0.00
2	2	0.00	0.02	0.26	0.59	0.00
2	6	0.00	0.00	4.54	93.74	0.00
3	3	0.00	0.00	0.19	0.89	0.00
3	7	0.00	0.00	0.96	1.00	0.00
Core	CPU	C1%	C3%	C6%	C8%	C9%
-	-	0.00	0.32	7.55	13.76	0.17
0	0	0.01	2.59	51.72	16.17	0.00
0	4	0.00	0.00	0.79	0.09	1.36
1	1	0.00	0.00	0.38	0.59	0.00
1	5	0.00	0.00	0.76	0.59	0.00
2	2	0.00	0.00	0.31	0.59	0.00
2	6	0.00	0.00	5.62	89.94	0.00
3	3	0.00	0.01	0.30	0.79	0.00
3	7	0.00	0.00	0.55	1.29	0.00
Core	CPU	C1%	C3%	C6%	C8%	C9%
-	-	0.01	1.01	8.71	17.08	0.10
0	0	0.02	1.18	31.34	8.40	0.14
0	4	0.00	0.02	0.94	1.09	0.67
1	1	0.00	2.75	11.11	1.10	0.00
1	5	0.00	0.00	0.28	1.20	0.00
2	2	0.00	0.00	0.29	0.88	0.00
2	6	0.00	0.00	5.02	93.43	0.00
3	3	0.05	3.94	19.28	1.29	0.00
3	7	0.01	0.20	1.41	29.26	0.00
Core	CPU	C1%	C3%	C6%	C8%	C9%
-	-	0.00	2.05	9.09	12.87	6.42
0	0	0.00	0.86	9.42	5.94	0.12
0	4	0.00	0.00	1.04	0.51	51.20
1	1	0.03	15.46	55.13	0.00	0.00
1	5	0.00	0.00	0.32	1.01	0.00
2	2	0.00	0.02	0.36	0.80	0.00
2	6	0.00	0.00	4.80	93.63	0.00
3	3	0.00	0.00	0.58	0.60	0.00
3	7	0.00	0.03	1.06	0.50	0.00
Core	CPU	C1%	C3%	C6%	C8%	C9%
-	-	0.08	1.90	9.12	12.44	1.56
0	0	0.00	0.48	8.76	3.36	0.00
0	4	0.00	0.02	0.56	1.20	12.44
1	1	0.03	14.66	55.53	0.00	0.00
1	5	0.63	0.00	0.37	1.78	0.00
2	2	0.00	0.00	0.56	0.60	0.00
2	6	0.00	0.00	5.88	92.36	0.00
3	3	0.00	0.00	0.53	0.00	0.00
3	7	0.00	0.03	0.80	0.20	0.00
Core	CPU	C1%	C3%	C6%	C8%	C9%
-	-	0.00	1.92	9.38	12.75	0.96
0	0	0.00	0.39	12.32	4.57	0.12
0	4	0.00	0.00	0.58	0.90	7.54
1	1	0.02	14.88	55.44	0.00	0.00
1	5	0.00	0.00	0.23	0.90	0.00
2	2	0.00	0.02	0.35	0.50	0.00
2	6	0.00	0.00	5.09	93.51	0.00
3	3	0.00	0.01	0.50	0.98	0.00
3	7	0.00	0.01	0.57	0.60	0.00
Core	CPU	C1%	C3%	C6%	C8%	C9%
-	-	0.00	2.02	8.70	11.91	0.24
0	0	0.00	0.28	8.19	2.15	0.12
0	4	0.00	0.04	0.53	0.80	1.82
1	1	0.03	15.70	53.81	0.00	0.00
1	5	0.00	0.00	0.35	0.61	0.00
2	2	0.00	0.10	0.49	0.56	0.00
2	6	0.00	0.00	5.35	90.59	0.00
3	3	0.00	0.04	0.91	0.10	0.00
3	7	0.00	0.00	0.00	0.50	0.00
Core	CPU	C1%	C3%	C6%	C8%	C9%
-	-	0.01	1.90	9.38	12.88	1.39
0	0	0.00	0.66	11.06	5.22	0.00
0	4	0.00	0.02	0.82	1.56	11.13
1	1	0.04	14.44	56.01	0.00	0.00
1	5	0.00	0.02	0.27	0.82	0.00
2	2	0.00	0.00	0.19	1.29	0.00
2	6	0.00	0.00	5.23	93.41	0.00
3	3	0.04	0.03	1.00	0.40	0.00
3	7	0.00	0.00	0.42	0.35	0.00
Core	CPU	C1%	C3%	C6%	C8%	C9%
-	-	0.00	0.38	7.95	14.62	0.46
0	0	0.02	3.02	54.56	14.89	0.00
0	4	0.00	0.00	0.48	1.10	3.69
1	1	0.00	0.00	1.05	3.50	0.00
1	5	0.00	0.00	1.09	1.07	0.00
2	2	0.00	0.00	0.43	0.70	0.00
2	6	0.00	0.00	4.59	93.73	0.00
3	3	0.00	0.03	0.79	1.00	0.00
3	7	0.00	0.00	0.61	0.99	0.00
Core	CPU	C1%	C3%	C6%	C8%	C9%
-	-	0.00	0.35	8.10	14.58	0.41
0	0	0.01	2.74	56.94	12.86	0.00
0	4	0.00	0.01	0.89	0.98	3.26
1	1	0.00	0.01	0.37	4.82	0.00
1	5	0.00	0.00	0.79	1.28	0.00
2	2	0.00	0.00	0.48	0.79	0.00
2	6	0.00	0.00	4.42	93.92	0.00
3	3	0.00	0.02	0.46	1.27	0.00
3	7	0.00	0.00	0.43	0.69	0.00
Core	CPU	C1%	C3%	C6%	C8%	C9%
-	-	0.00	0.23	7.58	15.12	0.00
0	0	0.02	1.77	53.64	17.00	0.00
0	4	0.00	0.02	0.80	0.68	0.00
1	1	0.00	0.00	4.17	94.17	0.00
1	5	0.00	0.00	0.32	0.70	0.00
2	2	0.00	0.02	0.10	5.45	0.00
2	6	0.00	0.00	0.39	0.99	0.00
3	3	0.00	0.00	1.02	0.89	0.00
3	7	0.00	0.00	0.25	1.08	0.00
Core	CPU	C1%	C3%	C6%	C8%	C9%
-	-	0.00	0.33	7.55	14.41	0.27
0	0	0.02	2.61	52.55	15.43	0.00
0	4	0.00	0.01	1.09	1.49	2.13
1	1	0.00	0.00	4.35	82.73	0.00
1	5	0.00	0.00	0.35	0.79	0.00
2	2	0.00	0.00	0.41	3.14	0.00
2	6	0.00	0.02	0.49	8.88	0.00
3	3	0.00	0.00	0.41	1.70	0.00
3	7	0.00	0.00	0.72	1.09	0.00
Core	CPU	C1%	C3%	C6%	C8%	C9%
-	-	0.00	0.31	7.90	14.09	1.07
0	0	0.01	2.45	55.68	14.09	0.00
0	4	0.00	0.04	0.69	0.09	8.54
1	1	0.00	0.00	0.29	0.90	0.00
1	5	0.00	0.00	0.95	0.80	0.00
2	2	0.00	0.00	0.37	0.69	0.00
2	6	0.00	0.00	4.51	93.89	0.00
3	3	0.00	0.00	0.54	1.60	0.00
3	7	0.00	0.00	0.14	0.70	0.00
Core	CPU	C1%	C3%	C6%	C8%	C9%
-	-	0.00	0.50	8.56	15.04	1.79
0	0	0.01	4.01	57.14	11.42	0.00
0	4	0.00	0.00	0.83	0.85	14.30
1	1	0.00	0.00	3.50	8.84	0.00
1	5	0.00	0.02	0.62	1.99	0.00
2	2	0.00	0.00	0.64	1.28	0.00
2	6	0.00	0.00	4.59	93.77	0.00
3	3	0.00	0.00	0.82	0.97	0.00
3	7	0.00	0.00	0.35	1.18	0.00
Core	CPU	C1%	C3%	C6%	C8%	C9%
-	-	0.00	0.73	8.62	13.59	0.41
0	0	0.01	1.78	45.41	10.15	0.00
0	4	0.00	0.00	0.52	1.68	3.28
1	1	0.00	4.00	15.66	0.79	0.00
1	5	0.00	0.00	0.45	1.20	0.00
2	2	0.00	0.00	0.04	0.60	0.00
2	6	0.00	0.00	5.89	92.58	0.00
3	3	0.00	0.02	0.60	1.00	0.00
3	7	0.00	0.01	0.38	0.69	0.00
Core	CPU	C1%	C3%	C6%	C8%	C9%
-	-	0.00	0.39	7.83	14.29	0.09
0	0	0.01	1.60	48.61	15.36	0.00
0	4	0.00	0.00	0.31	0.49	0.72
1	1	0.02	1.45	6.69	0.40	0.00
1	5	0.00	0.00	0.28	0.90	0.00
2	2	0.00	0.00	0.39	0.88	0.00
2	6	0.00	0.00	4.84	93.49	0.00
3	3	0.00	0.03	0.56	2.28	0.00
3	7	0.00	0.03	0.99	0.50	0.00
Core	CPU	C1%	C3%	C6%	C8%	C9%
-	-	0.00	0.49	7.70	13.81	0.00
0	0	0.02	3.92	53.41	14.26	0.00
0	4	0.00	0.00	0.90	0.28	0.00
1	1	0.00	0.00	0.24	0.99	0.00
1	5	0.00	0.01	1.14	1.09	0.00
2	2	0.00	0.01	0.29	0.80	0.00
2	6	0.00	0.00	4.81	90.97	0.00
3	3	0.00	0.00	0.19	0.89	0.00
3	7	0.00	0.00	0.67	1.19	0.00
Core	CPU	C1%	C3%	C6%	C8%	C9%
-	-	0.00	0.21	7.35	14.71	0.00
0	0	0.02	1.65	52.48	17.95	0.00
0	4	0.00	0.01	0.47	1.40	0.00
1	1	0.00	0.00	0.29	0.88	0.00
1	5	0.00	0.00	0.37	0.89	0.00
2	2	0.00	0.00	0.15	0.80	0.00
2	6	0.00	0.00	4.28	94.10	0.00
3	3	0.00	0.01	0.30	0.79	0.00
3	7	0.00	0.00	0.50	0.90	0.00
Core	CPU	C1%	C3%	C6%	C8%	C9%
-	-	0.00	0.46	8.12	13.92	0.56
0	0	0.01	3.71	57.91	10.82	0.00
0	4	0.00	0.00	0.46	1.67	3.55
1	1	0.00	0.00	2.04	36.37	0.00
1	5	0.00	0.00	0.25	1.09	0.91
2	2	0.00	0.00	0.32	1.09	0.00
2	6	0.00	0.00	3.14	57.97	0.00
3	3	0.00	0.00	0.36	0.98	0.00
3	7	0.00	0.01	0.44	1.38	0.00
Core	CPU	C1%	C3%	C6%	C8%	C9%
-	-	0.00	0.29	7.75	14.65	0.28
0	0	0.02	2.34	54.08	15.78	0.00
0	4	0.00	0.00	1.32	1.08	2.23
1	1	0.00	0.00	0.34	9.07	0.00
1	5	0.00	0.00	0.52	0.69	0.00
2	2	0.00	0.00	0.19	1.10	0.00
2	6	0.00	0.00	1.13	25.00	0.00
3	3	0.00	0.00	0.36	0.81	0.00
3	7	0.00	0.00	4.02	63.64	0.00
Core	CPU	C1%	C3%	C6%	C8%	C9%
-	-	0.00	0.29	8.00	15.63	0.68
0	0	0.01	2.31	56.23	13.77	0.00
0	4	0.00	0.01	0.43	0.77	5.46
1	1	0.00	0.00	4.34	94.13	0.00
1	5	0.00	0.00	1.21	0.99	0.00
2	2	0.00	0.00	0.47	13.48	0.00
2	6	0.00	0.00	0.24	0.69	0.00
3	3	0.00	0.02	0.50	0.20	0.00
3	7	0.00	0.01	0.60	0.99	0.00
Core	CPU	C1%	C3%	C6%	C8%	C9%
-	-	0.00	0.56	8.04	14.19	1.34
0	0	0.01	4.31	56.31	11.06	0.00
0	4	0.00	0.00	0.85	1.86	7.38
1	1	0.00	0.02	5.17	90.69	0.00
1	5	0.00	0.00	0.39	1.10	0.00
2	2	0.00	0.08	0.51	6.04	3.37
2	6	0.00	0.00	0.27	0.88	0.00
3	3	0.00	0.03	0.45	0.39	0.00
3	7	0.00	0.00	0.34	1.48	0.00
Core	CPU	C1%	C3%	C6%	C8%	C9%
-	-	0.01	2.00	10.71	10.12	4.12
0	0	0.00	1.62	25.06	17.15	0.13
0	4	0.00	0.00	0.45	1.89	32.82
1	1	0.06	14.37	55.34	0.60	0.00
1	5	0.00	0.02	0.27	0.50	0.00
2	2	0.00	0.00	0.19	1.49	0.00
2	6	0.00	0.00	3.18	56.96	0.00
3	3	0.00	0.00	0.86	1.28	0.00
3	7	0.00	0.00	0.33	1.09	0.00
Core	CPU	C1%	C3%	C6%	C8%	C9%
-	-	0.03	1.92	9.63	12.49	0.28
0	0	0.00	0.31	13.09	2.93	0.26
0	4	0.00	0.02	0.46	1.67	1.19
1	1	0.05	14.99	55.31	0.00	0.00
1	5	0.00	0.00	0.64	0.10	0.00
2	2	0.00	0.00	0.82	0.60	0.00
2	6	0.00	0.02	5.74	92.76	0.00
3	3	0.00	0.05	0.56	1.37	0.80
3	7	0.20	0.00	0.38	0.49	0.00
Core	CPU	C1%	C3%	C6%	C8%	C9%
-	-	0.00	2.06	11.11	10.44	3.99
0	0	0.00	1.48	26.12	17.29	0.12
0	4	0.00	0.03	0.79	1.56	31.78
1	1	0.01	14.92	55.26	0.00	0.00
1	5	0.00	0.00	1.26	1.09	0.00
2	2	0.00	0.00	0.37	0.80	0.00
2	6	0.00	0.00	3.43	58.37	0.00
3	3	0.00	0.02	1.25	0.30	0.00
3	7	0.00	0.03	0.41	4.11	0.00
Core	CPU	C1%	C3%	C6%	C8%	C9%
-	-	0.02	1.88	9.91	15.38	3.44
0	0	0.01	1.36	13.84	11.76	0.13
0	4	0.00	0.00	0.79	2.54	27.36
1	1	0.09	13.48	56.40	0.00	0.00
1	5	0.00	0.00	0.47	0.49	0.00
2	2	0.00	0.03	0.29	1.49	0.00
2	6	0.00	0.00	5.54	82.52	0.00
3	3	0.08	0.00	0.39	0.59	0.00
3	7	0.01	0.14	1.56	23.67	0.00
Core	CPU	C1%	C3%	C6%	C8%	C9%
-	-	0.01	2.06	9.03	12.53	1.71
0	0	0.00	0.72	9.70	5.86	0.13
0	4	0.03	0.03	0.78	1.07	11.18
1	1	0.02	15.74	53.86	0.00	0.00
1	5	0.00	0.00	0.36	0.71	0.00
2	2	0.00	0.00	0.55	0.99	2.39
2	6	0.00	0.00	5.28	90.87	0.00
3	3	0.00	0.00	0.83	0.30	0.00
3	7	0.00	0.00	0.89	0.40	0.00
Core	CPU	C1%	C3%	C6%	C8%	C9%
-	-	0.00	0.19	7.40	14.63	0.05
0	0	0.02	1.44	51.03	19.61	0.00
0	4	0.00	0.00	0.84	0.18	0.44
1	1	0.00	0.03	0.70	0.20	0.00
1	5	0.00	0.02	0.75	0.11	0.00
2	2	0.00	0.05	1.05	1.59	0.00
2	6	0.00	0.00	4.40	93.94	0.00
3	3	0.00	0.00	0.27	0.59	0.00
3	7	0.00	0.00	0.15	0.79	0.00
Core	CPU	C1%	C3%	C6%	C8%	C9%
-	-	0.00	0.31	7.67	14.53	0.11
0	0	0.02	2.40	53.19	16.63	0.00
0	4	0.00	0.01	0.59	1.50	0.00
1	1	0.00	0.00	0.76	0.69	0.00
1	5	0.00	0.00	0.90	1.49	0.00
2	2	0.00	0.02	0.62	1.38	0.00
2	6	0.00	0.02	4.47	92.02	0.00
3	3	0.00	0.00	0.45	1.49	0.90
3	7	0.00	0.00	0.37	1.08	0.00
Core	CPU	C1%	C3%	C6%	C8%	C9%
-	-	0.00	0.31	7.93	14.25	0.00
0	0	0.01	2.46	55.83	14.00	0.00
0	4	0.00	0.03	1.01	1.60	0.00
1	1	0.00	0.00	0.19	0.89	0.00
1	5	0.00	0.00	0.27	1.09	0.00
2	2	0.00	0.00	0.96	0.79	0.00
2	6	0.00	0.00	4.49	93.90	0.00
3	3	0.00	0.02	0.50	0.89	0.00
3	7	0.00	0.00	0.20	0.79	0.00
Core	CPU	C1%	C3%	C6%	C8%	C9%
-	-	0.00	0.38	8.45	13.42	1.70
0	0	0.01	3.06	58.96	10.41	0.00
0	4	0.00	0.00	0.77	0.60	13.62
1	1	0.00	0.00	0.41	0.90	0.00
1	5	0.00	0.00	0.19	1.09	0.00
2	2	0.00	0.01	0.70	0.69	0.00
2	6	0.00	0.00	6.14	92.29	0.00
3	3	0.00	0.00	0.36	0.69	0.00
3	7	0.00	0.00	0.04	0.69	0.00
Core	CPU	C1%	C3%	C6%	C8%	C9%
-	-	0.00	0.54	7.69	13.72	0.21
0	0	0.02	4.06	54.22	13.16	0.00
0	4	0.00	0.00	1.02	0.09	1.66
1	1	0.00	0.00	0.45	0.40	0.00
1	5	0.00	0.00	0.14	1.49	0.00
2	2	0.00	0.23	0.72	1.39	0.00
2	6	0.00	0.00	4.20	91.66	0.00
3	3	0.00	0.00	0.38	0.89	0.00
3	7	0.00	0.00	0.37	0.69	0.00
Core	CPU	C1%	C3%	C6%	C8%	C9%
-	-	0.01	0.28	7.82	14.39	0.02
0	0	0.11	2.16	53.89	16.03	0.00
0	4	0.00	0.00	0.77	0.39	0.13
1	1	0.00	0.00	0.49	1.19	0.00
1	5	0.00	0.04	1.23	1.39	0.00
2	2	0.00	0.03	0.59	0.87	0.00
2	6	0.00	0.00	3.48	56.88	0.00
3	3	0.00	0.02	0.10	0.61	0.00
3	7	0.00	0.00	2.02	37.79	0.00
Core	CPU	C1%	C3%	C6%	C8%	C9%
-	-	0.00	0.31	7.37	14.77	0.33
0	0	0.02	2.44	51.37	18.39	0.00
0	4	0.00	0.02	0.67	1.96	1.76
1	1	0.00	0.02	0.20	0.89	0.00
1	5	0.00	0.00	0.49	0.99	0.00
2	2	0.00	0.00	0.96	0.80	0.90
2	6	0.00	0.00	0.27	0.98	0.00
3	3	0.00	0.00	0.35	0.59	0.00
3	7	0.00	0.02	4.65	93.54	0.00
Core	CPU	C1%	C3%	C6%	C8%	C9%
-	-	0.00	0.37	8.51	14.27	0.74
0	0	0.01	2.97	58.74	10.50	0.00
0	4	0.00	0.00	0.86	0.96	5.91
1	1	0.00	0.00	1.14	5.74	0.00
1	5	0.00	0.00	0.32	1.00	0.00
2	2	0.00	0.02	0.90	0.90	0.00
2	6	0.00	0.00	0.29	1.10	0.00
3	3	0.00	0.00	0.28	1.09	0.00
3	7	0.00	0.00	5.51	92.87	0.00
Core	CPU	C1%	C3%	C6%	C8%	C9%
-	-	0.00	0.32	7.72	15.21	0.26
0	0	0.01	2.49	54.82	14.93	0.00
0	4	0.00	0.04	0.89	2.78	2.04
1	1	0.00	0.00	0.28	5.89	0.00
1	5	0.00	0.00	0.36	0.80	0.00
2	2	0.00	0.01	0.36	1.17	0.00
2	6	0.00	0.00	0.34	1.18	0.00
3	3	0.00	0.00	0.20	1.09	0.00
3	7	0.00	0.00	4.48	93.86	0.00
Core	CPU	C1%	C3%	C6%	C8%	C9%
-	-	0.02	0.62	8.00	13.92	0.36
0	0	0.17	4.93	55.73	10.96	0.00
0	4	0.00	0.01	0.82	1.25	2.91
1	1	0.00	0.00	0.22	3.87	0.00
1	5	0.00	0.00	0.74	1.00	0.00
2	2	0.00	0.00	1.20	0.59	0.00
2	6	0.00	0.00	0.28	1.29	0.00
3	3	0.00	0.00	0.36	1.08	0.00
3	7	0.00	0.01	4.68	91.33	0.00
Core	CPU	C1%	C3%	C6%	C8%	C9%
-	-	0.00	0.31	7.95	14.80	0.43
0	0	0.02	2.44	54.43	15.32	0.00
0	4	0.00	0.04	0.75	1.34	3.42
1	1	0.00	0.00	1.24	5.49	0.00
1	5	0.00	0.00	0.49	0.70	0.00
2	2	0.00	0.00	0.51	0.99	0.00
2	6	0.00	0.00	0.28	1.18	0.00
3	3	0.00	0.00	0.55	0.59	0.00
3	7	0.00	0.01	5.37	92.79	0.00
Core	CPU	C1%	C3%	C6%	C8%	C9%
-	-	0.00	0.49	8.25	14.85	0.90
0	0	0.02	3.89	57.88	10.84	0.00
0	4	0.00	0.01	1.33	3.80	7.20
1	1	0.00	0.00	0.25	5.45	0.00
1	5	0.00	0.00	0.31	0.99	0.00
2	2	0.00	0.03	0.52	1.89	0.00
2	6	0.00	0.00	0.39	1.38	0.00
3	3	0.00	0.00	0.28	1.19	0.00
3	7	0.00	0.00	5.03	93.27	0.00
Core	CPU	C1%	C3%	C6%	C8%	C9%
-	-	0.00	0.35	8.62	16.08	3.17
0	0	0.02	2.76	55.17	14.33	0.00
0	4	0.00	0.01	0.78	0.40	25.39
1	1	0.00	0.00	6.30	16.11	0.00
1	5	0.00	0.00	0.45	1.18	0.00
2	2	0.00	0.00	0.85	1.18	0.00
2	6	0.00	0.00	0.23	1.18	0.00
3	3	0.00	0.00	0.19	0.90	0.00
3	7	0.00	0.00	5.03	93.34	0.00
Core	CPU	C1%	C3%	C6%	C8%	C9%
-	-	0.26	0.36	8.18	15.35	0.50
0	0	0.12	2.82	56.79	12.66	0.00
0	4	0.00	0.00	0.62	1.70	4.00
1	1	1.98	0.03	1.83	9.70	0.00
1	5	0.00	0.00	0.59	2.08	0.00
2	2	0.00	0.00	0.29	0.88	0.00
2	6	0.00	0.00	0.38	0.98	0.00
3	3	0.00	0.00	0.36	0.99	0.00
3	7	0.00	0.01	4.57	93.81	0.00
Core	CPU	C1%	C3%	C6%	C8%	C9%
-	-	0.10	0.34	7.17	14.58	0.00
0	0	0.02	2.71	51.02	16.85	0.00
0	4	0.00	0.02	1.02	0.79	0.00
1	1	0.00	0.01	0.57	5.14	0.00
1	5	0.00	0.00	0.15	0.69	0.00
2	2	0.00	0.02	0.19	0.69	0.00
2	6	0.79	0.00	0.66	17.76	0.00
3	3	0.00	0.00	0.19	0.89	0.00
3	7	0.00	0.00	3.58	73.84	0.00
Core	CPU	C1%	C3%	C6%	C8%	C9%
-	-	0.01	0.28	7.97	14.09	0.01
0	0	0.01	2.21	55.66	14.38	0.00
0	4	0.08	0.00	0.85	1.09	0.09
1	1	0.00	0.00	0.68	0.39	0.00
1	5	0.00	0.00	0.66	0.89	0.00
2	2	0.00	0.00	0.63	0.69	0.00
2	6	0.00	0.00	4.39	94.02	0.00
3	3	0.00	0.00	0.10	0.99	0.00
3	7	0.00	0.00	0.75	0.30	0.00
Core	CPU	C1%	C3%	C6%	C8%	C9%
-	-	0.00	0.35	7.78	14.29	0.17
0	0	0.02	2.76	54.55	15.00	0.00
0	4	0.00	0.05	0.82	0.20	0.62
1	1	0.00	0.00	0.19	1.09	0.00
1	5	0.00	0.00	0.50	1.49	0.00
2	2	0.00	0.00	0.44	0.98	0.71
2	6	0.00	0.00	4.23	94.17	0.00
3	3	0.00	0.00	0.73	0.60	0.00
3	7	0.00	0.00	0.79	0.79	0.00
Core	CPU	C1%	C3%	C6%	C8%	C9%
-	-	0.30	0.35	8.38	14.58	0.16
0	0	0.01	2.78	57.20	12.36	0.00
0	4	0.00	0.00	0.90	2.15	1.26
1	1	2.37	0.00	0.96	4.75	0.00
1	5	0.00	0.05	1.60	0.20	0.00
2	2	0.00	0.00	0.68	1.28	0.00
2	6	0.00	0.00	4.96	93.48	0.00
3	3	0.00	0.00	0.45	0.79	0.00
3	7	0.00	0.00	0.32	1.58	0.00
Core	CPU	C1%	C3%	C6%	C8%	C9%
-	-	0.02	0.35	8.10	14.82	0.14
0	0	0.17	2.78	56.73	12.58	0.00
0	4	0.00	0.00	0.77	1.70	1.09
1	1	0.00	0.00	0.72	6.76	0.00
1	5	0.00	0.01	0.75	0.89	0.00
2	2	0.00	0.02	0.28	1.09	0.00
2	6	0.00	0.00	4.87	93.57	0.00
3	3	0.00	0.00	0.29	1.18	0.00
3	7	0.00	0.00	0.37	0.79	0.00
Core	CPU	C1%	C3%	C6%	C8%	C9%
-	-	0.00	0.62	8.30	14.02	2.18
0	0	0.00	4.91	57.28	9.42	0.00
0	4	0.00	0.02	0.58	1.36	17.42
1	1	0.00	0.00	2.03	7.10	0.00
1	5	0.00	0.00	0.36	0.89	0.00
2	2	0.00	0.00	1.22	0.99	0.00
2	6	0.00	0.00	4.47	91.34	0.00
3	3	0.00	0.02	0.20	0.40	0.00
3	7	0.00	0.00	0.29	0.69	0.00
Core	CPU	C1%	C3%	C6%	C8%	C9%
-	-	0.01	1.41	9.33	16.41	0.08
0	0	0.01	0.69	21.47	6.46	0.08
0	4	0.00	0.01	0.82	1.08	0.59
1	1	0.00	0.00	0.37	1.29	0.00
1	5	0.00	0.00	0.20	0.98	0.00
2	2	0.08	10.44	42.75	0.79	0.00
2	6	0.00	0.00	6.78	91.73	0.00
3	3	0.00	0.00	0.83	0.30	0.00
3	7	0.01	0.18	1.45	28.63	0.00
Core	CPU	C1%	C3%	C6%	C8%	C9%
-	-	0.00	0.55	9.23	14.72	0.70
0	0	0.01	4.38	60.67	7.63	0.00
0	4	0.00	0.03	1.27	2.46	5.63
1	1	0.00	0.01	3.97	8.71	0.00
1	5	0.00	0.00	0.53	3.06	0.00
2	2	0.00	0.00	1.19	0.60	0.00
2	6	0.00	0.00	0.40	1.28	0.00
3	3	0.00	0.00	0.47	1.09	0.00
3	7	0.00	0.00	5.36	92.96	0.00
Core	CPU	C1%	C3%	C6%	C8%	C9%
-	-	0.00	0.35	7.90	14.64	1.25
0	0	0.02	2.73	55.72	13.77	0.00
0	4	0.00	0.00	1.12	1.45	9.99
1	1	0.00	0.00	1.10	23.27	0.00
1	5	0.00	0.00	0.60	1.10	0.00
2	2	0.00	0.00	0.23	0.50	0.00
2	6	0.00	0.02	0.19	0.90	0.00
3	3	0.00	0.00	0.10	0.89	0.00
3	7	0.00	0.02	4.16	75.23	0.00
Core	CPU	C1%	C3%	C6%	C8%	C9%
-	-	0.00	0.28	7.88	14.13	0.09
0	0	0.03	2.24	54.14	15.79	0.00
0	4	0.00	0.04	0.93	0.98	0.74
1	1	0.00	0.00	0.31	1.10	0.00
1	5	0.00	0.00	0.19	0.79	0.00
2	2	0.00	0.00	0.27	1.18	0.00
2	6	0.00	0.00	0.36	0.99	0.00
3	3	0.00	0.00	0.64	0.10	0.00
3	7	0.00	0.00	6.21	92.10	0.00
Core	CPU	C1%	C3%	C6%	C8%	C9%
-	-	0.00	0.50	7.89	14.47	0.33
0	0	0.01	3.89	52.66	14.84	0.00
0	4	0.00	0.07	2.72	2.29	0.74
1	1	0.00	0.01	1.39	6.84	0.00
1	5	0.00	0.00	0.33	1.39	0.00
2	2	0.00	0.00	0.28	1.18	0.00
2	6	0.00	0.00	0.37	1.18	0.00
3	3	0.00	0.00	0.25	0.99	0.00
3	7	0.00	0.01	5.16	87.04	1.89
Core	CPU	C1%	C3%	C6%	C8%	C9%
-	-	0.03	0.43	8.62	14.53	1.11
0	0	0.01	3.30	59.51	9.59	0.00
0	4	0.00	0.09	1.29	2.81	8.89
1	1	0.00	0.00	3.85	68.16	0.00
1	5	0.00	0.00	0.89	1.58	0.00
2	2	0.25	0.00	0.30	4.34	0.00
2	6	0.00	0.00	0.39	1.68	0.00
3	3	0.00	0.00	0.37	1.78	0.00
3	7	0.00	0.02	2.33	26.32	0.00
Core	CPU	C1%	C3%	C6%	C8%	C9%
-	-	0.01	0.43	8.18	14.85	0.26
0	0	0.01	3.35	54.86	14.54	0.00
0	4	0.00	0.03	2.56	2.63	2.11
1	1	0.00	0.01	4.84	80.90	0.00
1	5	0.00	0.00	0.28	1.38	0.00
2	2	0.00	0.00	0.57	5.45	0.00
2	6	0.00	0.00	0.20	0.99	0.00
3	3	0.00	0.00	0.20	0.98	0.00
3	7	0.10	0.04	1.98	11.90	0.00
Core	CPU	C1%	C3%	C6%	C8%	C9%
-	-	0.14	0.33	8.23	15.01	0.58
0	0	0.02	2.59	54.93	14.78	0.00
0	4	0.43	0.00	2.12	1.94	4.64
1	1	0.00	0.01	4.71	83.16	0.00
1	5	0.00	0.00	0.36	0.79	0.00
2	2	0.68	0.00	1.05	6.43	0.00
2	6	0.00	0.00	0.95	1.67	0.00
3	3	0.00	0.02	0.33	0.90	0.00
3	7	0.00	0.03	1.42	10.37	0.00
Core	CPU	C1%	C3%	C6%	C8%	C9%
-	-	0.00	0.30	8.09	14.63	1.10
0	0	0.02	2.40	54.48	15.36	0.00
0	4	0.00	0.01	1.85	3.37	8.79
1	1	0.00	0.00	4.46	61.60	0.00
1	5	0.00	0.02	0.79	0.50	0.00
2	2	0.00	0.00	0.19	2.19	0.00
2	6	0.00	0.00	0.33	1.08	0.00
3	3	0.00	0.00	0.36	0.69	0.00
3	7	0.00	0.00	2.23	32.28	0.00
Core	CPU	C1%	C3%	C6%	C8%	C9%
-	-	0.00	0.61	8.11	14.14	1.04
0	0	0.01	4.83	55.49	11.04	0.00
0	4	0.00	0.04	0.52	3.51	8.33
1	1	0.00	0.00	4.21	67.75	0.00
1	5	0.00	0.00	1.00	0.79	0.00
2	2	0.00	0.00	0.52	3.07	0.00
2	6	0.00	0.00	0.89	1.08	0.00
3	3	0.00	0.00	0.20	1.38	0.00
3	7	0.00	0.01	2.02	24.48	0.00
Core	CPU	C1%	C3%	C6%	C8%	C9%
-	-	0.03	0.34	8.26	15.06	0.51
0	0	0.02	2.64	56.05	13.55	0.00
0	4	0.08	0.06	1.53	2.76	4.10
1	1	0.10	0.02	1.90	21.03	0.00
1	5	0.00	0.00	0.27	1.19	0.00
2	2	0.00	0.00	0.36	0.89	0.00
2	6	0.00	0.00	0.55	1.68	0.00
3	3	0.00	0.02	0.29	0.80	0.00
3	7	0.00	0.01	5.15	78.57	0.00
Core	CPU	C1%	C3%	C6%	C8%	C9%
-	-	0.00	0.41	8.29	13.97	1.90
0	0	0.02	3.19	54.95	14.22	0.00
0	4	0.00	0.03	1.22	1.17	15.21
1	1	0.00	0.01	5.82	67.83	0.00
1	5	0.00	0.02	0.98	0.77	0.00
2	2	0.00	0.00	0.23	1.79	0.00
2	6	0.00	0.00	0.49	1.09	0.00
3	3	0.00	0.00	0.27	0.98	0.00
3	7	0.00	0.04	2.36	23.94	0.00
Core	CPU	C1%	C3%	C6%	C8%	C9%
-	-	0.00	0.37	8.08	14.56	0.71
0	0	0.01	2.88	56.08	13.19	0.00
0	4	0.00	0.01	0.92	2.30	5.70
1	1	0.00	0.00	0.48	3.22	0.00
1	5	0.00	0.00	0.46	0.99	0.00
2	2	0.00	0.00	0.32	0.41	0.00
2	6	0.00	0.00	0.68	2.97	0.00
3	3	0.00	0.00	0.19	0.79	0.00
3	7	0.00	0.04	5.51	92.61	0.00
Core	CPU	C1%	C3%	C6%	C8%	C9%
-	-	0.02	0.47	8.69	14.78	3.81
0	0	0.02	3.71	58.30	10.37	0.00
0	4	0.07	0.01	1.57	3.33	30.44
1	1	0.11	0.01	2.90	21.42	0.00
1	5	0.00	0.00	0.40	1.77	0.00
2	2	0.00	0.00	0.26	0.89	0.00
2	6	0.00	0.00	0.82	0.80	0.00
3	3	0.00	0.00	0.31	0.99	0.00
3	7	0.00	0.00	5.01	78.69	0.00
Core	CPU	C1%	C3%	C6%	C8%	C9%
-	-	0.00	0.53	7.90	13.72	0.39
0	0	0.02	4.19	54.16	13.10	0.00
0	4	0.00	0.01	1.30	1.38	3.09
1	1	0.00	0.05	1.30	0.49	0.00
1	5	0.00	0.00	0.70	0.79	0.00
2	2	0.00	0.00	0.20	0.98	0.00
2	6	0.00	0.00	0.48	0.79	0.00
3	3	0.00	0.00	0.36	1.09	0.00
3	7	0.00	0.00	4.70	91.12	0.00
Core	CPU	C1%	C3%	C6%	C8%	C9%
-	-	0.01	0.39	8.30	13.81	0.61
0	0	0.11	3.07	56.71	12.37	0.00
0	4	0.00	0.00	1.09	2.17	4.84
1	1	0.00	0.01	0.47	0.79	0.00
1	5	0.00	0.01	0.44	0.89	0.00
2	2	0.00	0.00	1.02	0.49	0.00
2	6	0.00	0.02	0.92	0.39	0.00
3	3	0.00	0.00	0.10	0.68	0.00
3	7	0.00	0.02	5.66	92.69	0.00
Core	CPU	C1%	C3%	C6%	C8%	C9%
-	-	0.00	0.38	7.89	14.59	0.54
0	0	0.02	2.99	53.36	15.92	0.00
0	4	0.00	0.00	1.21	2.51	3.39
1	1	0.00	0.01	5.15	77.64	0.13
1	5	0.00	0.04	0.75	0.79	0.00
2	2	0.00	0.00	0.54	0.50	0.00
2	6	0.00	0.00	0.23	0.89	0.00
3	3	0.01	0.01	0.46	0.41	0.81
3	7	0.00	0.00	1.38	18.05	0.00
Core	CPU	C1%	C3%	C6%	C8%	C9%
-	-	0.00	0.40	8.06	14.17	1.03
0	0	0.01	3.13	56.36	12.83	0.00
0	4	0.00	0.01	0.66	2.36	8.22
1	1	0.00	0.02	2.50	32.09	0.00
1	5	0.00	0.00	0.28	1.60	0.00
2	2	0.00	0.00	0.29	1.09	0.00
2	6	0.00	0.00	0.28	0.79	0.00
3	3	0.00	0.00	0.45	0.89	0.00
3	7	0.00	0.00	3.63	61.72	0.00
Core	CPU	C1%	C3%	C6%	C8%	C9%
-	-	0.03	0.26	7.64	14.65	0.99
0	0	0.02	1.96	51.73	18.36	0.00
0	4	0.13	0.04	0.77	0.41	7.91
1	1	0.13	0.01	1.47	6.04	0.00
1	5	0.00	0.03	0.40	1.37	0.00
2	2	0.00	0.00	0.28	0.90	0.00
2	6	0.00	0.01	0.70	0.70	0.00
3	3	0.00	0.02	0.74	1.60	0.00
3	7	0.00	0.01	5.04	87.86	0.00
Core	CPU	C1%	C3%	C6%	C8%	C9%
-	-	0.00	0.44	8.02	13.60	0.60
0	0	0.01	3.22	55.83	11.61	0.00
0	4	0.00	0.02	0.96	0.98	4.78
1	1	0.00	0.00	0.36	0.79	0.00
1	5	0.00	0.00	0.76	1.67	0.00
2	2	0.00	0.27	0.32	1.09	0.00
2	6	0.00	0.00	0.89	0.79	0.00
3	3	0.00	0.00	0.19	1.09	0.00
3	7	0.00	0.00	4.83	90.80	0.00
Core	CPU	C1%	C3%	C6%	C8%	C9%
-	-	0.00	0.38	8.14	15.22	0.00
0	0	0.01	2.99	57.60	11.70	0.00
0	4	0.00	0.01	0.89	1.89	0.01
1	1	0.00	0.00	0.48	11.12	0.00
1	5	0.00	0.00	0.67	1.19	0.00
2	2	0.00	0.00	0.25	0.68	0.00
2	6	0.00	0.00	0.14	0.99	0.00
3	3	0.00	0.02	0.38	0.50	0.00
3	7	0.00	0.00	4.69	93.72	0.00
Core	CPU	C1%	C3%	C6%	C8%	C9%
-	-	0.00	0.46	8.20	14.74	0.30
0	0	0.02	3.64	55.39	13.41	0.00
0	4	0.00	0.00	0.68	0.20	2.41
1	1	0.00	0.00	1.37	7.24	0.00
1	5	0.00	0.01	1.38	1.48	0.00
2	2	0.00	0.00	0.10	1.08	0.00
2	6	0.00	0.00	0.38	0.59	0.00
3	3	0.02	0.00	0.97	0.99	0.00
3	7	0.00	0.02	5.35	92.90	0.00
Core	CPU	C1%	C3%	C6%	C8%	C9%
-	-	0.00	0.41	8.56	13.61	0.41
0	0	0.02	2.33	53.57	14.69	0.00
0	4	0.00	0.00	0.87	1.50	3.26
1	1	0.00	0.89	6.41	10.95	0.00
1	5	0.00	0.04	1.30	0.40	0.00
2	2	0.00	0.00	0.10	0.60	0.00
2	6	0.00	0.00	0.29	1.78	0.00
3	3	0.00	0.00	0.77	0.59	0.00
3	7	0.00	0.04	5.21	78.35	0.00
Core	CPU	C1%	C3%	C6%	C8%	C9%
-	-	0.08	0.48	10.17	17.70	1.87
0	0	0.01	3.73	58.95	9.97	0.00
0	4	0.00	0.00	0.54	2.28	14.94
1	1	0.00	0.01	8.71	69.23	0.00
1	5	0.00	0.05	0.82	1.19	0.00
2	2	0.58	0.00	7.94	15.40	0.00
2	6	0.00	0.02	0.29	1.09	0.00
3	3	0.00	0.00	0.23	1.97	0.00
3	7	0.01	0.00	3.88	40.51	0.00
Core	CPU	C1%	C3%	C6%	C8%	C9%
-	-	0.00	0.41	7.87	14.14	0.23
0	0	0.01	3.22	55.27	13.85	0.00
0	4	0.00	0.01	1.06	1.20	1.84
1	1	0.00	0.00	0.92	12.13	0.00
1	5	0.00	0.00	0.57	0.98	0.00
2	2	0.00	0.00	0.53	0.90	0.00
2	6	0.00	0.00	0.32	0.89	0.00
3	3	0.00	0.00	0.33	0.60	0.00
3	7	0.00	0.02	3.98	82.56	0.00
Core	CPU	C1%	C3%	C6%	C8%	C9%
-	-	0.03	0.32	8.27	14.11	0.71
0	0	0.01	2.47	55.02	14.67	0.00
0	4	0.05	0.00	0.60	1.38	5.69
1	1	0.16	0.02	0.46	1.28	0.00
1	5	0.00	0.02	1.19	1.12	0.00
2	2	0.00	0.00	1.17	0.79	0.00
2	6	0.00	0.01	0.60	1.01	0.00
3	3	0.00	0.00	0.49	0.98	0.00
3	7	0.00	0.03	6.65	91.63	0.00
Core	CPU	C1%	C3%	C6%	C8%	C9%
-	-	0.00	0.25	7.65	14.62	0.08
0	0	0.01	2.00	53.04	17.10	0.00
0	4	0.00	0.02	0.46	2.74	0.62
1	1	0.00	0.00	0.15	0.99	0.00
1	5	0.00	0.00	0.54	1.28	0.00
2	2	0.00	0.00	0.10	0.89	0.00
2	6	0.00	0.00	0.74	0.59	0.00
3	3	0.00	0.00	0.32	0.89	0.00
3	7	0.00	0.00	5.82	92.47	0.00
Core	CPU	C1%	C3%	C6%	C8%	C9%
-	-	0.01	0.54	7.55	13.91	0.46
0	0	0.02	4.32	52.85	14.39	0.00
0	4	0.08	0.00	0.24	1.58	3.70
1	1	0.00	0.00	5.42	90.56	0.00
1	5	0.00	0.02	0.58	1.08	0.00
2	2	0.00	0.00	0.25	1.18	0.00
2	6	0.00	0.00	0.43	1.09	0.00
3	3	0.00	0.01	0.19	0.50	0.00
3	7	0.00	0.00	0.48	0.89	0.00
Core	CPU	C1%	C3%	C6%	C8%	C9%
-	-	0.00	0.42	8.70	14.06	1.62
0	0	0.01	3.26	59.64	9.62	0.00
0	4	0.00	0.00	0.87	2.17	12.99
1	1	0.00	0.00	6.89	78.68	0.00
1	5	0.00	0.05	0.67	1.87	0.00
2	2	0.00	0.00	0.26	4.29	0.00
2	6	0.00	0.00	0.24	1.09	0.00
3	3	0.00	0.02	0.29	1.10	0.00
3	7	0.00	0.00	0.76	13.65	0.00
Core	CPU	C1%	C3%	C6%	C8%	C9%
-	-	0.00	0.40	7.86	14.43	1.60
0	0	0.02	3.16	53.82	15.33	0.00
0	4	0.00	0.04	0.96	1.27	12.78
1	1	0.00	0.00	0.46	1.58	0.00
1	5	0.00	0.00	1.56	0.80	0.00
2	2	0.00	0.00	0.26	1.09	0.00
2	6	0.00	0.00	0.24	1.19	0.00
3	3	0.00	0.00	0.47	1.10	0.00
3	7	0.00	0.00	5.12	93.11	0.00
Core	CPU	C1%	C3%	C6%	C8%	C9%
-	-	0.00	0.40	8.07	14.07	0.81
0	0	0.01	3.15	56.57	12.55	0.00
0	4	0.00	0.01	1.09	0.98	6.46
1	1	0.00	0.00	0.23	1.47	0.00
1	5	0.00	0.02	0.65	1.20	0.00
2	2	0.00	0.00	0.29	1.19	0.00
2	6	0.00	0.00	0.29	1.08	0.00
3	3	0.00	0.00	0.46	0.69	0.00
3	7	0.00	0.00	5.00	93.38	0.00
Core	CPU	C1%	C3%	C6%	C8%	C9%
-	-	0.04	0.28	7.92	15.64	1.11
0	0	0.04	2.20	53.28	16.76	0.00
0	4	0.00	0.01	1.30	0.00	8.88
1	1	0.29	0.00	2.12	10.72	0.00
1	5	0.00	0.00	0.57	1.30	0.00
2	2	0.00	0.00	0.23	1.09	0.00
2	6	0.00	0.02	0.30	1.09	0.00
3	3	0.00	0.00	0.30	1.09	0.00
3	7	0.00	0.03	5.27	93.07	0.00
Core	CPU	C1%	C3%	C6%	C8%	C9%
-	-	0.00	0.63	8.10	14.46	1.11
0	0	0.01	4.99	55.35	11.46	0.00
0	4	0.00	0.02	1.13	1.95	8.90
1	1	0.00	0.00	0.99	8.15	0.00
1	5	0.00	0.00	0.50	1.09	0.00
2	2	0.00	0.00	0.36	0.89	0.00
2	6	0.00	0.00	0.35	1.10	0.00
3	3	0.00	0.00	0.72	0.50	0.00
3	7	0.00	0.03	5.40	90.58	0.00
Core	CPU	C1%	C3%	C6%	C8%	C9%
-	-	0.00	0.28	7.82	14.68	0.08
0	0	0.01	2.17	54.18	15.82	0.00
0	4	0.00	0.02	1.12	0.80	0.62
1	1	0.00	0.01	4.69	93.69	0.00
1	5	0.00	0.02	1.07	1.49	0.00
2	2	0.00	0.00	0.19	1.39	0.00
2	6	0.00	0.00	0.40	1.27	0.00
3	3	0.00	0.00	0.27	0.90	0.00
3	7	0.00	0.00	0.66	2.09	0.00
Core	CPU	C1%	C3%	C6%	C8%	C9%
-	-	0.00	0.36	7.55	14.58	2.04
0	0	0.02	2.83	51.85	17.30	0.00
0	4	0.00	0.00	1.12	1.57	16.31
1	1	0.00	0.00	0.84	9.46	0.00
1	5	0.00	0.00	0.70	1.28	0.00
2	2	0.00	0.00	0.23	0.89	0.00
2	6	0.00	0.02	0.24	0.59	0.00
3	3	0.00	0.00	0.16	0.90	0.00
3	7	0.00	0.02	5.25	84.69	0.00
Core	CPU	C1%	C3%	C6%	C8%	C9%
-	-	0.10	0.37	8.88	13.61	2.03
0	0	0.01	2.89	59.92	9.61	0.00
0	4	0.71	0.07	1.67	1.68	16.22
1	1	0.06	0.00	0.20	1.58	0.00
1	5	0.00	0.00	0.49	1.20	0.00
2	2	0.00	0.00	1.06	1.19	0.00
2	6	0.00	0.00	0.67	1.29	0.00
3	3	0.00	0.00	0.23	1.00	0.00
3	7	0.00	0.01	6.77	91.36	0.00
Core	CPU	C1%	C3%	C6%	C8%	C9%
-	-	0.04	1.81	9.18	12.76	0.00
0	0	0.01	0.04	9.43	1.96	0.00
0	4	0.00	0.00	0.77	1.67	0.00
1	1	0.00	0.00	4.87	93.77	0.00
1	5	0.00	0.01	0.77	2.09	0.00
2	2	0.00	0.00	0.19	1.10	0.00
2	6	0.00	0.00	0.68	0.60	0.00
3	3	0.00	0.00	0.36	0.89	0.00
3	7	0.32	14.44	56.37	0.00	0.00
Core	CPU	C1%	C3%	C6%	C8%	C9%
-	-	0.00	0.66	8.52	13.78	1.01
0	0	0.01	5.22	57.61	9.10	0.00
0	4	0.00	0.00	0.63	1.39	8.09
1	1	0.00	0.00	6.06	90.05	0.00
1	5	0.00	0.05	1.32	1.47	0.00
2	2	0.00	0.00	1.10	5.47	0.00
2	6	0.00	0.00	0.22	1.09	0.00
3	3	0.00	0.00	0.19	1.10	0.00
3	7	0.00	0.00	1.07	0.59	0.00
Core	CPU	C1%	C3%	C6%	C8%	C9%
-	-	0.00	0.34	7.94	14.68	0.77
0	0	0.01	2.62	55.93	13.76	0.00
0	4	0.00	0.05	0.84	2.35	6.20
1	1	0.00	0.01	4.63	93.77	0.00
1	5	0.00	0.00	0.63	1.01	0.00
2	2	0.00	0.00	0.53	3.96	0.00
2	6	0.00	0.00	0.24	0.89	0.00
3	3	0.00	0.02	0.53	0.76	0.00
3	7	0.00	0.00	0.20	0.89	0.00
Core	CPU	C1%	C3%	C6%	C8%	C9%
-	-	0.07	0.50	8.51	14.23	0.82
0	0	0.11	3.96	59.08	9.52	0.00
0	4	0.17	0.02	1.22	1.89	6.57
1	1	0.00	0.00	5.24	93.24	0.00
1	5	0.00	0.02	1.10	0.50	0.00
2	2	0.29	0.00	0.29	6.83	0.00
2	6	0.00	0.00	0.57	0.29	0.00
3	3	0.00	0.00	0.36	0.69	0.00
3	7	0.00	0.00	0.24	0.88	0.00
Core	CPU	C1%	C3%	C6%	C8%	C9%
-	-	0.00	0.41	8.30	14.10	3.92
0	0	0.01	3.31	58.13	10.95	0.00
0	4	0.00	0.00	0.92	1.26	31.32
1	1	0.00	0.00	4.93	93.52	0.00
1	5	0.00	0.00	0.46	1.09	0.00
2	2	0.00	0.00	0.82	3.36	0.00
2	6	0.00	0.00	0.70	0.59	0.00
3	3	0.00	0.00	0.10	1.09	0.00
3	7	0.00	0.00	0.37	0.95	0.00
Core	CPU	C1%	C3%	C6%	C8%	C9%
-	-	0.04	1.80	9.05	12.33	0.00
0	0	0.01	0.02	7.56	0.80	0.00
0	4	0.00	0.02	0.76	0.41	0.00
1	1	0.00	0.00	5.21	93.45	0.00
1	5	0.00	0.03	1.38	1.67	0.00
2	2	0.00	0.00	0.37	0.89	0.00
2	6	0.00	0.00	0.26	0.89	0.00
3	3	0.00	0.00	0.61	0.51	0.00
3	7	0.32	14.34	56.26	0.00	0.00
Core	CPU	C1%	C3%	C6%	C8%	C9%
-	-	0.04	0.69	9.19	14.87	1.80
0	0	0.01	5.37	57.73	8.79	0.00
0	4	0.00	0.03	0.65	1.41	14.38
1	1	0.00	0.01	5.81	90.20	0.00
1	5	0.00	0.00	0.91	0.38	0.00
2	2	0.29	0.09	6.59	15.91	0.00
2	6	0.00	0.00	0.27	0.89	0.00
3	3	0.00	0.00	0.45	0.69	0.00
3	7	0.00	0.03	1.09	0.69	0.00
Core	CPU	C1%	C3%	C6%	C8%	C9%
-	-	0.00	0.47	8.60	13.34	2.68
0	0	0.01	3.77	61.06	7.70	0.00
0	4	0.00	0.01	1.11	1.17	21.46
1	1	0.00	0.00	5.08	93.40	0.00
1	5	0.00	0.00	0.44	0.80	0.00
2	2	0.00	0.01	0.19	0.70	0.00
2	6	0.00	0.00	0.10	0.99	0.00
3	3	0.00	0.00	0.29	1.28	0.00
3	7	0.00	0.00	0.49	0.67	0.00
Core	CPU	C1%	C3%	C6%	C8%	C9%
-	-	0.00	0.49	7.97	14.35	0.96
0	0	0.01	3.86	56.33	12.32	0.00
0	4	0.00	0.05	1.01	1.45	7.71
1	1	0.00	0.00	4.77	93.57	0.00
1	5	0.00	0.00	0.58	1.20	0.00
2	2	0.00	0.00	0.25	4.17	0.00
2	6	0.00	0.00	0.29	0.60	0.00
3	3	0.00	0.00	0.23	0.61	0.00
3	7	0.00	0.00	0.30	0.89	0.00
Core	CPU	C1%	C3%	C6%	C8%	C9%
-	-	0.00	0.52	10.45	18.97	0.53
0	0	0.02	3.93	64.01	5.37	0.00
0	4	0.00	0.02	1.38	1.39	4.25
1	1	0.00	0.02	4.83	80.18	0.00
1	5	0.00	0.00	1.12	1.39	0.00
2	2	0.00	0.00	8.88	19.43	0.00
2	6	0.00	0.00	0.56	0.99	0.00
3	3	0.00	0.00	0.25	1.37	0.00
3	7	0.01	0.16	2.58	41.65	0.00
Core	CPU	C1%	C3%	C6%	C8%	C9%
-	-	0.01	0.36	8.37	14.10	0.57
0	0	0.05	2.85	57.73	11.67	0.00
0	4	0.00	0.02	1.63	3.60	4.58
1	1	0.00	0.03	5.19	80.50	0.00
1	5	0.00	0.01	0.55	1.09	0.00
2	2	0.00	0.00	0.10	0.99	0.00
2	6	0.00	0.00	0.29	1.08	0.00
3	3	0.00	0.00	0.37	0.79	0.00
3	7	0.00	0.00	1.08	13.09	0.00
Core	CPU	C1%	C3%	C6%	C8%	C9%
-	-	0.45	0.46	8.13	13.69	1.53
0	0	0.01	3.63	56.10	10.95	0.00
0	4	0.00	0.02	0.95	1.77	8.74
1	1	0.00	0.00	5.55	90.12	0.00
1	5	0.00	0.06	0.83	0.59	0.00
2	2	3.57	0.00	0.94	3.86	3.51
2	6	0.00	0.00	0.23	0.69	0.00
3	3	0.00	0.00	0.10	0.80	0.00
3	7	0.00	0.00	0.38	0.69	0.00
Core	CPU	C1%	C3%	C6%	C8%	C9%
-	-	0.04	0.43	8.50	13.80	0.80
0	0	0.01	3.39	59.84	9.18	0.00
0	4	0.29	0.03	1.53	3.07	6.40
1	1	0.01	0.00	3.56	64.53	0.00
1	5	0.00	0.00	0.50	1.09	0.00
2	2	0.00	0.00	0.27	0.89	0.00
2	6	0.00	0.00	0.45	1.24	0.00
3	3	0.00	0.00	0.30	1.09	0.00
3	7	0.00	0.02	1.52	29.27	0.00
Core	CPU	C1%	C3%	C6%	C8%	C9%
-	-	0.02	0.45	7.73	14.57	0.24
0	0	0.16	2.71	49.12	17.68	0.00
0	4	0.00	0.00	1.01	0.39	1.90
1	1	0.00	0.84	4.29	0.30	0.00
1	5	0.00	0.00	0.63	1.58	0.00
2	2	0.00	0.02	1.28	1.19	0.00
2	6	0.00	0.00	0.39	0.89	0.00
3	3	0.00	0.00	0.29	0.97	0.00
3	7	0.00	0.00	4.79	93.53	0.00
Core	CPU	C1%	C3%	C6%	C8%	C9%
-	-	0.00	2.35	12.95	6.73	9.05
0	0	0.00	3.88	45.59	45.80	0.00
0	4	0.00	0.02	0.79	1.08	72.44
1	1	0.01	14.86	55.35	0.00	0.00
1	5	0.00	0.02	0.53	1.98	0.00
2	2	0.00	0.00	0.36	0.79	0.00
2	6	0.00	0.00	0.29	1.38	0.00
3	3	0.00	0.03	0.46	1.60	0.00
3	7	0.00	0.00	0.28	1.19	0.00
Core	CPU	C1%	C3%	C6%	C8%	C9%
-	-	0.09	0.28	7.55	15.26	0.94
0	0	0.01	2.19	52.53	17.40	0.00
0	4	0.00	0.05	0.55	2.46	7.55
1	1	0.68	0.02	0.90	6.25	0.00
1	5	0.00	0.00	1.00	0.20	0.00
2	2	0.00	0.00	0.19	0.79	0.00
2	6	0.00	0.00	0.27	0.69	0.00
3	3	0.00	0.00	0.35	0.79	0.00
3	7	0.00	0.01	4.56	93.46	0.00
Core	CPU	C1%	C3%	C6%	C8%	C9%
-	-	0.00	0.53	8.18	14.05	0.90
0	0	0.02	4.24	53.65	13.63	0.00
0	4	0.00	0.00	0.88	0.76	7.19
1	1	0.00	0.00	0.36	3.28	0.00
1	5	0.00	0.00	0.46	1.20	0.00
2	2	0.00	0.00	3.86	1.00	0.00
2	6	0.00	0.00	0.30	1.29	0.00
3	3	0.00	0.00	0.29	0.98	0.00
3	7	0.00	0.00	5.62	90.27	0.00
Core	CPU	C1%	C3%	C6%	C8%	C9%
-	-	0.00	0.33	8.01	14.87	0.14
0	0	0.01	2.53	50.27	15.04	0.02
0	4	0.00	0.12	6.89	1.83	1.07
1	1	0.00	0.00	0.28	3.97	0.00
1	5	0.00	0.00	0.93	1.89	0.00
2	2	0.00	0.00	0.35	0.80	0.00
2	6	0.00	0.00	0.24	1.00	0.00
3	3	0.00	0.00	0.40	1.00	0.00
3	7	0.00	0.00	4.71	93.41	0.00
Core	CPU	C1%	C3%	C6%	C8%	C9%
-	-	0.04	0.50	8.71	15.46	0.81
0	0	0.01	3.98	57.65	10.88	0.00
0	4	0.00	0.00	0.37	2.26	6.47
1	1	0.29	0.00	5.13	13.64	0.00
1	5	0.00	0.02	0.41	1.18	0.00
2	2	0.00	0.00	0.20	1.18	0.00
2	6	0.00	0.00	0.29	0.88	0.00
3	3	0.00	0.00	0.37	0.79	0.00
3	7	0.00	0.00	5.24	92.88	0.00
Core	CPU	C1%	C3%	C6%	C8%	C9%
-	-	0.01	0.75	9.46	12.88	1.39
0	0	0.04	1.82	52.38	24.94	0.00
0	4	0.00	0.00	0.77	0.80	11.14
1	1	0.00	0.00	0.65	7.13	0.00
1	5	0.00	0.00	0.65	1.09	0.00
2	2	0.00	0.00	0.23	1.19	0.00
2	6	0.00	0.02	0.40	1.38	0.00
3	3	0.00	0.00	0.20	1.08	0.00
3	7	0.07	4.18	20.41	65.41	0.00
Core	CPU	C1%	C3%	C6%	C8%	C9%
-	-	0.03	0.37	8.03	14.71	1.41
0	0	0.02	2.89	55.23	14.18	0.00
0	4	0.20	0.01	1.22	0.78	11.32
1	1	0.00	0.00	0.80	5.74	0.00
1	5	0.00	0.00	0.50	1.49	0.00
2	2	0.00	0.00	0.26	0.99	0.00
2	6	0.00	0.00	0.24	1.09	0.00
3	3	0.00	0.02	0.13	0.90	0.00
3	7	0.00	0.00	5.85	92.53	0.00
Core	CPU	C1%	C3%	C6%	C8%	C9%
-	-	0.00	0.85	11.12	15.70	3.88
0	0	0.01	5.49	58.49	8.11	0.00
0	4	0.00	0.00	0.65	0.00	27.51
1	1	0.00	1.25	21.37	29.02	0.00
1	5	0.00	0.03	1.91	0.49	0.00
2	2	0.01	0.00	0.35	1.28	3.54
2	6	0.00	0.00	0.28	1.08	0.00
3	3	0.00	0.00	0.65	1.19	0.00
3	7	0.00	0.03	5.26	84.45	0.00
Core	CPU	C1%	C3%	C6%	C8%	C9%
-	-	0.00	2.05	12.22	9.25	5.72
0	0	0.00	1.73	37.02	23.05	0.00
0	4	0.00	0.00	0.69	0.61	44.74
1	1	0.02	14.59	55.34	0.00	0.00
1	5	0.00	0.04	1.12	1.49	0.00
2	2	0.00	0.01	0.88	7.35	0.00
2	6	0.00	0.00	0.09	0.61	0.00
3	3	0.00	0.00	0.29	0.70	1.00
3	7	0.00	0.00	2.37	40.18	0.00
Core	CPU	C1%	C3%	C6%	C8%	C9%
-	-	0.01	1.93	8.97	12.34	0.69
0	0	0.00	0.45	7.70	3.04	0.00
0	4	0.00	0.03	0.80	1.06	5.50
1	1	0.12	14.96	55.47	0.00	0.00
1	5	0.00	0.04	0.71	0.50	0.00
2	2	0.00	0.00	0.66	0.20	0.00
2	6	0.00	0.00	0.45	0.60	0.00
3	3	0.00	0.00	0.60	0.10	0.00
3	7	0.00	0.00	5.33	93.23	0.00
Core	CPU	C1%	C3%	C6%	C8%	C9%
-	-	0.01	2.00	10.91	10.26	2.64
0	0	0.00	1.34	24.46	13.53	0.00
0	4	0.00	0.00	0.54	1.60	21.16
1	1	0.09	14.60	55.86	0.00	0.00
1	5	0.00	0.06	1.29	0.90	0.00
2	2	0.00	0.01	0.43	1.00	0.00
2	6	0.00	0.00	0.19	1.00	0.00
3	3	0.00	0.00	0.48	0.50	0.00
3	7	0.00	0.00	4.04	63.56	0.00
Core	CPU	C1%	C3%	C6%	C8%	C9%
-	-	0.00	2.18	14.38	5.31	8.76
0	0	0.00	2.54	56.80	35.78	0.00
0	4	0.00	0.02	0.37	1.10	70.06
1	1	0.00	14.82	55.25	0.00	0.00
1	5	0.00	0.02	1.32	1.09	0.00
2	2	0.00	0.00	0.37	1.29	0.00
2	6	0.00	0.00	0.36	0.79	0.00
3	3	0.00	0.00	0.32	0.90	0.00
3	7	0.00	0.00	0.28	1.50	0.00
Core	CPU	C1%	C3%	C6%	C8%	C9%
-	-	0.01	2.07	11.87	8.87	6.59
0	0	0.00	1.12	36.35	19.78	0.13
0	4	0.00	0.00	0.50	0.99	48.91
1	1	0.06	15.46	53.72	0.00	0.00
1	5	0.00	0.02	0.81	0.91	0.00
2	2	0.00	0.00	0.45	5.57	3.64
2	6	0.00	0.00	0.20	1.18	0.00
3	3	0.00	0.00	0.27	0.89	0.00
3	7	0.00	0.00	2.66	41.67	0.00
Core	CPU	C1%	C3%	C6%	C8%	C9%
-	-	0.00	0.49	8.42	13.74	4.81
0	0	0.01	3.93	59.39	9.19	0.00
0	4	0.00	0.00	0.19	0.51	38.44
1	1	0.00	0.00	1.07	3.80	0.00
1	5	0.00	0.00	0.57	1.09	0.00
2	2	0.00	0.00	0.35	0.59	0.00
2	6	0.00	0.00	0.24	0.89	0.00
3	3	0.00	0.01	0.39	0.55	0.00
3	7	0.00	0.00	5.16	93.27	0.00
Core	CPU	C1%	C3%	C6%	C8%	C9%
-	-	0.00	0.48	8.19	14.31	2.78
0	0	0.02	3.71	56.18	12.52	0.00
0	4	0.00	0.00	0.83	0.61	21.85
1	1	0.00	0.00	0.29	5.62	0.41
1	5	0.00	0.03	0.58	0.99	0.00
2	2	0.00	0.00	0.55	0.50	0.00
2	6	0.00	0.00	0.41	1.09	0.00
3	3	0.00	0.02	0.80	1.09	0.00
3	7	0.00	0.04	5.86	92.03	0.00
Core	CPU	C1%	C3%	C6%	C8%	C9%
-	-	0.00	0.61	11.32	10.67	0.02
0	0	0.01	4.77	66.11	1.60	0.00
0	4	0.00	0.02	20.32	75.37	0.19
1	1	0.00	0.00	0.92	0.49	0.00
1	5	0.00	0.06	1.78	0.89	0.00
2	2	0.00	0.00	0.30	0.98	0.00
2	6	0.00	0.00	0.28	1.28	0.00
3	3	0.00	0.00	0.49	1.27	0.00
3	7	0.00	0.00	0.40	3.45	0.00
Core	CPU	C1%	C3%	C6%	C8%	C9%
-	-	0.00	0.36	8.87	13.06	0.00
0	0	0.03	2.88	58.52	10.99	0.00
0	4	0.00	0.00	7.32	29.42	0.00
1	1	0.00	0.00	0.35	0.79	0.00
1	5	0.00	0.01	0.66	0.98	0.00
2	2	0.00	0.02	0.34	1.20	0.00
2	6	0.00	0.00	0.10	0.79	0.00
3	3	0.00	0.00	0.28	0.99	0.00
3	7	0.00	0.00	3.39	59.30	0.00
Core	CPU	C1%	C3%	C6%	C8%	C9%
-	-	0.16	0.69	9.57	13.82	0.67
0	0	0.03	5.36	60.84	6.34	0.00
0	4	0.62	0.00	7.28	31.70	5.34
1	1	0.00	0.00	0.78	7.60	0.00
1	5	0.00	0.04	1.61	0.78	0.00
2	2	0.00	0.00	1.15	1.09	0.00
2	6	0.00	0.00	0.44	1.28	0.00
3	3	0.59	0.02	0.39	0.99	0.00
3	7	0.03	0.10	4.01	60.71	0.00
Core	CPU	C1%	C3%	C6%	C8%	C9%
-	-	0.00	0.55	10.59	14.48	0.06
0	0	0.01	4.25	64.13	4.49	0.00
0	4	0.00	0.00	18.01	80.43	0.00
1	1	0.00	0.00	0.35	6.38	0.49
1	5	0.00	0.03	0.94	1.18	0.00
2	2	0.00	0.00	0.27	1.00	0.00
2	6	0.00	0.00	0.13	0.79	0.00
3	3	0.00	0.01	0.20	0.50	0.00
3	7	0.01	0.13	0.76	21.09	0.00
Core	CPU	C1%	C3%	C6%	C8%	C9%
-	-	0.26	0.64	10.78	12.16	0.00
0	0	0.00	5.11	63.50	3.93	0.00
0	4	0.00	0.00	16.78	81.51	0.00
1	1	2.08	0.00	1.68	6.61	0.00
1	5	0.00	0.05	1.74	0.39	0.00
2	2	0.00	0.00	0.40	1.19	0.00
2	6	0.00	0.00	0.46	1.38	0.00
3	3	0.00	0.00	0.46	1.29	0.00
3	7	0.00	0.00	1.23	0.99	0.00
Core	CPU	C1%	C3%	C6%	C8%	C9%
-	-	0.00	0.61	11.44	11.00	0.00
0	0	0.00	4.83	66.33	1.93	0.00
0	4	0.00	0.00	21.77	76.69	0.00
1	1	0.00	0.00	0.64	6.45	0.00
1	5	0.00	0.00	0.67	0.68	0.00
2	2	0.00	0.00	0.92	0.39	0.00
2	6	0.00	0.01	0.70	0.09	0.00
3	3	0.00	0.00	0.10	0.99	0.00
3	7	0.00	0.00	0.38	0.79	0.00
Core	CPU	C1%	C3%	C6%	C8%	C9%
-	-	0.00	0.40	9.32	13.47	1.50
0	0	0.01	3.18	58.27	10.79	0.00
0	4	0.00	0.02	10.79	49.94	12.02
1	1	0.00	0.00	0.79	5.94	0.01
1	5	0.00	0.02	1.08	0.98	0.00
2	2	0.00	0.00	0.45	1.09	0.00
2	6	0.00	0.00	0.94	0.99	0.00
3	3	0.00	0.00	0.47	1.05	0.00
3	7	0.00	0.00	1.79	37.00	0.00
Core	CPU	C1%	C3%	C6%	C8%	C9%
-	-	0.00	0.76	10.40	10.70	0.00
0	0	0.00	5.94	64.91	0.85	0.00
0	4	0.00	0.00	16.08	79.68	0.00
1	1	0.00	0.00	0.23	0.89	0.00
1	5	0.00	0.04	0.61	1.09	0.00
2	2	0.00	0.09	0.18	0.60	0.00
2	6	0.00	0.00	0.58	0.49	0.00
3	3	0.00	0.00	0.27	0.89	0.00
3	7	0.00	0.00	0.35	1.08	0.00
Core	CPU	C1%	C3%	C6%	C8%	C9%
-	-	0.16	0.62	11.10	12.42	0.00
0	0	0.00	4.94	65.87	1.72	0.00
0	4	0.00	0.00	16.20	82.18	0.00
1	1	1.29	0.00	4.92	10.68	0.00
1	5	0.00	0.04	0.79	1.57	0.00
2	2	0.00	0.00	0.19	0.69	0.00
2	6	0.00	0.00	0.23	0.89	0.00
3	3	0.00	0.00	0.10	0.70	0.00
3	7	0.00	0.00	0.50	0.89	0.00
Core	CPU	C1%	C3%	C6%	C8%	C9%
-	-	0.00	0.58	10.10	12.17	0.00
0	0	0.02	4.67	61.75	5.97	0.00
0	4	0.00	0.00	16.96	81.37	0.00
1	1	0.00	0.00	0.18	5.77	0.00
1	5	0.00	0.00	0.61	0.91	0.00
2	2	0.00	0.00	0.28	0.89	0.00
2	6	0.00	0.00	0.52	0.89	0.00
3	3	0.00	0.00	0.25	0.88	0.00
3	7	0.00	0.00	0.23	0.69	0.00
Core	CPU	C1%	C3%	C6%	C8%	C9%
-	-	0.00	0.60	11.06	11.55	0.00
0	0	0.00	4.81	65.80	1.91	0.00
0	4	0.00	0.00	19.25	79.12	0.00
1	1	0.00	0.00	1.33	6.85	0.00
1	5	0.00	0.01	0.43	0.70	0.00
2	2	0.00	0.01	0.37	0.51	0.00
2	6	0.00	0.00	0.29	1.19	0.00
3	3	0.00	0.00	0.37	0.99	0.00
3	7	0.00	0.00	0.63	1.10	0.00
Core	CPU	C1%	C3%	C6%	C8%	C9%
-	-	0.00	0.60	10.65	11.90	0.00
0	0	0.00	4.73	66.89	0.96	0.00
0	4	0.00	0.00	16.04	82.34	0.00
1	1	0.00	0.00	0.38	6.25	0.00
1	5	0.00	0.01	0.69	0.88	0.00
2	2	0.00	0.00	0.24	1.09	0.00
2	6	0.00	0.00	0.43	1.28	0.00
3	3	0.00	0.00	0.20	1.19	0.00
3	7	0.00	0.02	0.35	1.18	0.00
Core	CPU	C1%	C3%	C6%	C8%	C9%
-	-	0.04	1.75	10.21	10.78	1.10
0	0	0.00	0.14	9.67	0.97	5.24
0	4	0.00	0.00	14.48	81.37	0.00
1	1	0.00	0.02	0.58	0.40	0.00
1	5	0.00	0.06	1.06	1.09	0.00
2	2	0.00	0.09	0.29	0.99	3.58
2	6	0.00	0.00	0.27	0.79	0.00
3	3	0.00	0.00	0.33	0.61	0.00
3	7	0.32	13.71	55.03	0.00	0.00
Core	CPU	C1%	C3%	C6%	C8%	C9%
-	-	0.00	0.56	11.38	10.23	0.00
0	0	0.00	4.43	67.16	0.95	0.00
0	4	0.00	0.00	21.46	76.96	0.00
1	1	0.00	0.00	0.35	0.60	0.00
1	5	0.00	0.00	0.45	0.71	0.00
2	2	0.00	0.02	0.19	0.61	0.00
2	6	0.00	0.00	0.20	0.90	0.00
3	3	0.00	0.00	0.19	0.78	0.00
3	7	0.00	0.00	1.06	0.29	0.00
Core	CPU	C1%	C3%	C6%	C8%	C9%
-	-	0.00	0.65	10.67	11.17	0.00
0	0	0.00	5.17	66.31	1.19	0.00
0	4	0.00	0.00	16.30	82.09	0.00
1	1	0.00	0.02	0.19	0.80	0.00
1	5	0.00	0.01	0.67	0.50	0.00
2	2	0.00	0.00	0.55	1.18	0.00
2	6	0.00	0.00	0.60	1.88	0.00
3	3	0.00	0.02	0.23	0.60	0.00
3	7	0.00	0.02	0.49	1.08	0.00
Core	CPU	C1%	C3%	C6%	C8%	C9%
-	-	0.00	0.60	11.34	10.49	0.00
0	0	0.00	4.79	67.44	0.33	0.00
0	4	0.00	0.00	19.79	78.63	0.00
1	1	0.00	0.02	0.79	0.40	0.00
1	5	0.00	0.02	0.61	1.29	0.00
2	2	0.00	0.00	0.29	1.09	0.00
2	6	0.00	0.00	0.57	0.79	0.00
3	3	0.00	0.00	0.35	0.99	0.00
3	7	0.00	0.00	0.93	0.40	0.00
Core	CPU	C1%	C3%	C6%	C8%	C9%
-	-	0.00	0.51	10.93	10.86	0.00
0	0	0.00	4.01	67.10	1.39	0.00
0	4	0.00	0.00	17.64	80.76	0.00
1	1	0.00	0.00	0.36	0.69	0.00
1	5	0.00	0.04	1.27	1.08	0.00
2	2	0.00	0.00	0.31	0.61	0.00
2	6	0.00	0.00	0.10	0.99	0.00
3	3	0.00	0.00	0.19	0.79	0.00
3	7	0.00	0.00	0.51	0.57	0.00
Core	CPU	C1%	C3%	C6%	C8%	C9%
-	-	0.00	0.79	10.24	10.87	0.00
0	0	0.00	6.24	64.61	1.61	0.00
0	4	0.00	0.00	15.28	81.23	0.00
1	1	0.00	0.00	0.09	0.39	0.00
1	5	0.00	0.00	0.69	0.99	0.00
2	2	0.00	0.09	0.15	0.36	0.03
2	6	0.00	0.00	0.24	0.68	0.00
3	3	0.01	0.02	0.19	0.41	0.00
3	7	0.00	0.00	0.68	1.29	0.00
Core	CPU	C1%	C3%	C6%	C8%	C9%
-	-	0.00	0.59	10.87	11.11	0.06
0	0	0.00	4.68	66.81	1.07	0.00
0	4	0.00	0.02	17.81	80.53	0.00
1	1	0.00	0.00	0.19	1.19	0.00
1	5	0.00	0.03	0.66	1.38	0.52
2	2	0.00	0.00	0.36	1.28	0.00
2	6	0.00	0.00	0.44	1.09	0.00
3	3	0.00	0.00	0.32	1.00	0.00
3	7	0.00	0.00	0.40	1.39	0.00
