Core	CPU	C1%	C3%	C6%	C8%	C9%
-	-	0.19	0.42	13.23	1.38	0.06
0	0	0.00	0.05	2.43	1.50	0.00
0	4	0.00	0.07	1.59	2.56	0.00
1	1	0.80	0.00	1.65	3.15	0.45
1	5	0.67	0.00	0.49	0.30	0.00
2	2	0.05	0.00	1.38	0.79	0.00
2	6	0.00	0.07	2.79	1.29	0.00
3	3	0.00	0.20	1.38	1.48	0.00
3	7	0.03	2.94	94.10	0.00	0.00
Core	CPU	C1%	C3%	C6%	C8%	C9%
-	-	0.00	0.18	12.62	0.90	0.00
0	0	0.00	0.00	0.77	1.68	0.00
0	4	0.00	0.00	0.37	1.19	0.00
1	1	0.00	0.00	0.64	1.29	0.00
1	5	0.00	0.00	1.02	0.49	0.00
2	2	0.00	0.02	0.40	1.19	0.00
2	6	0.00	0.00	0.73	0.59	0.00
3	3	0.00	0.03	0.54	0.80	0.00
3	7	0.00	1.40	96.46	0.00	0.00
Core	CPU	C1%	C3%	C6%	C8%	C9%
-	-	0.02	0.26	12.45	0.69	0.09
0	0	0.00	0.00	0.72	0.19	0.00
0	4	0.00	0.02	0.69	0.10	0.00
1	1	0.00	0.00	0.34	1.67	0.00
1	5	0.00	0.00	0.28	0.89	0.00
2	2	0.05	0.01	0.45	0.90	0.73
2	6	0.00	0.00	0.30	1.38	0.00
3	3	0.10	0.02	1.10	0.38	0.00
3	7	0.00	2.01	95.76	0.00	0.00
Core	CPU	C1%	C3%	C6%	C8%	C9%
-	-	0.00	0.29	12.48	0.37	0.00
0	0	0.00	0.00	0.27	0.99	0.00
0	4	0.00	0.00	0.65	0.49	0.00
1	1	0.00	0.00	0.74	0.08	0.00
1	5	0.00	0.01	0.79	0.20	0.00
2	2	0.00	0.00	0.43	0.33	0.00
2	6	0.00	0.00	0.29	0.79	0.00
3	3	0.00	0.02	1.05	0.09	0.00
3	7	0.00	2.30	95.59	0.00	0.00
Core	CPU	C1%	C3%	C6%	C8%	C9%
-	-	0.00	0.17	12.53	0.51	0.00
0	0	0.00	0.02	0.30	0.30	0.00
0	4	0.00	0.00	0.17	0.40	0.00
1	1	0.00	0.00	0.95	0.49	0.00
1	5	0.00	0.00	0.86	0.39	0.00
2	2	0.00	0.00	0.25	0.89	0.00
2	6	0.00	0.00	0.83	0.79	0.00
3	3	0.00	0.05	0.68	0.79	0.00
3	7	0.00	1.25	96.24	0.00	0.00
Core	CPU	C1%	C3%	C6%	C8%	C9%
-	-	0.00	0.28	11.85	0.67	0.00
0	0	0.00	0.00	1.31	1.39	0.00
0	4	0.00	0.00	0.54	0.60	0.00
1	1	0.00	0.00	0.02	0.06	0.00
1	5	0.00	0.00	0.29	1.01	0.00
2	2	0.00	0.00	0.19	0.99	0.00
2	6	0.00	0.00	0.28	0.79	0.00
3	3	0.00	0.01	0.96	0.50	0.00
3	7	0.01	2.26	91.21	0.00	0.00
Core	CPU	C1%	C3%	C6%	C8%	C9%
-	-	0.00	0.26	12.54	0.84	0.00
0	0	0.00	0.00	0.10	0.60	0.00
0	4	0.00	0.00	1.56	1.68	0.00
1	1	0.00	0.00	0.76	0.69	0.00
1	5	0.00	0.00	0.34	1.19	0.00
2	2	0.00	0.00	0.23	0.99	0.00
2	6	0.00	0.02	0.20	1.09	0.00
3	3	0.00	0.02	1.29	0.50	0.00
3	7	0.00	2.06	95.83	0.00	0.00
Core	CPU	C1%	C3%	C6%	C8%	C9%
-	-	0.00	0.21	12.42	0.77	0.00
0	0	0.00	0.00	0.53	1.09	0.00
0	4	0.00	0.00	0.52	0.40	0.00
1	1	0.00	0.00	0.18	0.79	0.00
1	5	0.00	0.00	0.17	0.89	0.00
2	2	0.00	0.00	0.32	1.28	0.00
2	6	0.00	0.00	0.36	0.89	0.00
3	3	0.00	0.02	1.22	0.79	0.00
3	7	0.00	1.69	96.05	0.00	0.00
Core	CPU	C1%	C3%	C6%	C8%	C9%
-	-	0.01	0.16	12.50	0.76	0.00
0	0	0.00	0.00	0.20	0.99	0.00
0	4	0.00	0.00	0.28	0.89	0.00
1	1	0.00	0.00	0.26	0.89	0.00
1	5	0.00	0.00	0.15	1.09	0.00
2	2	0.00	0.00	0.72	0.59	0.00
2	6	0.00	0.00	0.60	0.79	0.00
3	3	0.07	0.04	1.30	0.87	0.00
3	7	0.00	1.20	96.50	0.00	0.00
Core	CPU	C1%	C3%	C6%	C8%	C9%
-	-	0.00	0.22	12.47	0.67	0.00
0	0	0.00	0.00	1.07	1.08	0.00
0	4	0.00	0.01	0.40	0.49	0.00
1	1	0.00	0.00	0.39	0.99	0.00
1	5	0.00	0.00	0.27	0.99	0.00
2	2	0.00	0.02	0.41	0.90	0.00
2	6	0.00	0.00	0.15	0.80	0.00
3	3	0.00	0.03	1.01	0.10	0.00
3	7	0.00	1.72	96.09	0.00	0.00
Core	CPU	C1%	C3%	C6%	C8%	C9%
-	-	0.00	0.42	12.19	0.73	0.00
0	0	0.00	0.00	0.48	0.49	0.00
0	4	0.00	0.00	0.60	0.79	0.00
1	1	0.00	0.00	0.15	0.79	0.00
1	5	0.00	0.00	0.13	0.99	0.00
2	2	0.00	0.00	0.20	0.70	0.00
2	6	0.00	0.00	0.69	0.99	0.00
3	3	0.00	0.04	0.77	1.08	0.00
3	7	0.00	3.29	94.48	0.00	0.00
Core	CPU	C1%	C3%	C6%	C8%	C9%
-	-	0.00	0.18	12.58	1.11	0.00
0	0	0.00	0.02	0.49	0.79	0.00
0	4	0.00	0.00	0.50	0.59	0.00
1	1	0.01	0.00	0.15	1.18	0.00
1	5	0.00	0.00	0.93	1.68	0.00
2	2	0.00	0.00	0.84	2.28	0.00
2	6	0.00	0.00	0.33	1.09	0.00
3	3	0.00	0.00	1.01	1.27	0.00
3	7	0.00	1.46	96.36	0.00	0.00
Core	CPU	C1%	C3%	C6%	C8%	C9%
-	-	0.00	0.26	12.49	0.66	0.00
0	0	0.00	0.00	0.46	0.50	0.00
0	4	0.00	0.00	0.42	0.69	0.00
1	1	0.00	0.00	0.73	0.69	0.00
1	5	0.00	0.02	0.80	0.32	0.00
2	2	0.00	0.00	0.26	1.48	0.00
2	6	0.00	0.00	0.88	0.79	0.00
3	3	0.00	0.02	0.71	0.79	0.00
3	7	0.00	2.05	95.67	0.00	0.00
Core	CPU	C1%	C3%	C6%	C8%	C9%
-	-	0.01	0.19	12.48	0.93	0.00
0	0	0.00	0.02	0.50	0.70	0.00
0	4	0.00	0.00	0.28	0.89	0.00
1	1	0.00	0.00	0.47	1.28	0.00
1	5	0.00	0.00	0.62	0.99	0.00
2	2	0.00	0.00	0.38	1.28	0.00
2	6	0.00	0.02	0.20	1.49	0.00
3	3	0.07	0.03	1.12	0.77	0.00
3	7	0.00	1.44	96.29	0.00	0.00
Core	CPU	C1%	C3%	C6%	C8%	C9%
-	-	0.00	0.20	12.44	0.61	0.00
0	0	0.00	0.00	0.54	0.39	0.00
0	4	0.00	0.00	0.17	0.79	0.00
1	1	0.00	0.00	0.39	0.80	0.00
1	5	0.00	0.00	0.39	0.79	0.00
2	2	0.00	0.00	0.38	0.79	0.00
2	6	0.00	0.00	0.36	0.79	0.00
3	3	0.00	0.00	1.06	0.49	0.00
3	7	0.00	1.59	96.25	0.00	0.00
Core	CPU	C1%	C3%	C6%	C8%	C9%
-	-	0.00	0.31	12.24	0.66	0.00
0	0	0.00	0.00	0.58	0.99	0.00
0	4	0.00	0.00	0.37	0.59	0.00
1	1	0.00	0.00	0.25	0.89	0.00
1	5	0.00	0.00	0.27	0.70	0.00
2	2	0.00	0.02	0.20	0.40	0.00
2	6	0.00	0.00	0.10	0.70	0.00
3	3	0.00	0.04	0.84	0.99	0.00
3	7	0.00	2.41	95.34	0.00	0.00
Core	CPU	C1%	C3%	C6%	C8%	C9%
-	-	0.02	0.28	12.26	0.34	0.00
0	0	0.00	0.00	0.53	0.00	0.00
0	4	0.10	0.02	0.40	0.20	0.00
1	1	0.01	0.01	0.11	0.08	0.00
1	5	0.00	0.00	0.18	0.90	0.00
2	2	0.00	0.00	0.16	0.69	0.00
2	6	0.00	0.00	0.15	0.60	0.00
3	3	0.08	0.04	0.93	0.29	0.00
3	7	0.00	2.19	95.63	0.00	0.00
Core	CPU	C1%	C3%	C6%	C8%	C9%
-	-	0.00	0.28	12.48	0.81	0.00
0	0	0.00	0.00	1.16	2.47	0.00
0	4	0.00	0.00	0.75	0.99	0.00
1	1	0.00	0.00	0.57	0.00	0.00
1	5	0.00	0.00	0.31	0.49	0.00
2	2	0.00	0.00	0.20	0.71	0.00
2	6	0.00	0.00	0.19	0.99	0.00
3	3	0.00	0.03	1.17	0.87	0.00
3	7	0.00	2.20	95.49	0.00	0.00
Core	CPU	C1%	C3%	C6%	C8%	C9%
-	-	0.00	0.27	12.48	0.95	0.10
0	0	0.00	0.02	0.37	0.79	0.78
0	4	0.00	0.00	0.69	0.99	0.00
1	1	0.00	0.00	1.17	0.89	0.00
1	5	0.00	0.00	0.95	1.29	0.00
2	2	0.00	0.00	0.30	1.29	0.00
2	6	0.00	0.00	0.24	1.38	0.00
3	3	0.00	0.02	1.29	0.99	0.00
3	7	0.00	2.12	94.83	0.00	0.00
Core	CPU	C1%	C3%	C6%	C8%	C9%
-	-	0.00	0.20	12.29	0.75	0.00
0	0	0.00	0.00	0.36	0.59	0.00
0	4	0.00	0.00	0.14	0.79	0.00
1	1	0.00	0.00	0.22	0.70	0.00
1	5	0.00	0.00	0.19	0.99	0.00
2	2	0.00	0.00	0.20	0.99	0.00
2	6	0.00	0.00	0.28	0.98	0.00
3	3	0.00	0.04	0.75	0.99	0.00
3	7	0.00	1.60	96.17	0.00	0.00
Core	CPU	C1%	C3%	C6%	C8%	C9%
-	-	0.00	0.19	12.37	0.73	0.00
0	0	0.00	0.00	0.10	0.60	0.00
0	4	0.00	0.00	0.25	0.89	0.00
1	1	0.00	0.00	0.36	0.79	0.00
1	5	0.00	0.00	0.25	0.79	0.00
2	2	0.00	0.00	0.13	1.09	0.00
2	6	0.00	0.02	0.59	1.19	0.00
3	3	0.00	0.00	0.91	0.50	0.00
3	7	0.00	1.48	96.38	0.00	0.00
Core	CPU	C1%	C3%	C6%	C8%	C9%
-	-	0.00	0.27	12.43	0.96	0.00
0	0	0.00	0.00	0.61	1.48	0.00
0	4	0.00	0.00	0.03	0.50	0.00
1	1	0.00	0.00	0.30	0.24	0.00
1	5	0.00	0.00	0.77	1.39	0.00
2	2	0.00	0.00	0.76	1.38	0.00
2	6	0.00	0.00	0.85	1.28	0.00
3	3	0.00	0.03	0.51	1.39	0.00
3	7	0.00	2.14	95.61	0.00	0.00
Core	CPU	C1%	C3%	C6%	C8%	C9%
-	-	0.00	0.23	12.35	0.55	0.00
0	0	0.00	0.00	0.18	0.79	0.00
0	4	0.00	0.00	0.61	0.78	0.00
1	1	0.00	0.12	0.16	0.03	0.00
1	5	0.00	0.00	0.04	0.49	0.00
2	2	0.00	0.02	0.33	0.50	0.00
2	6	0.00	0.00	0.17	0.60	0.00
3	3	0.00	0.04	1.26	1.19	0.00
3	7	0.00	1.67	96.06	0.00	0.00
Core	CPU	C1%	C3%	C6%	C8%	C9%
-	-	0.00	0.24	12.48	0.54	0.00
0	0	0.00	0.02	0.20	0.30	0.00
0	4	0.00	0.00	0.40	0.30	0.00
1	1	0.00	0.00	0.88	0.79	0.00
1	5	0.00	0.00	0.86	0.89	0.00
2	2	0.00	0.00	0.35	0.79	0.00
2	6	0.00	0.00	0.14	0.79	0.00
3	3	0.00	0.03	0.96	0.49	0.00
3	7	0.00	1.83	96.04	0.00	0.00
Core	CPU	C1%	C3%	C6%	C8%	C9%
-	-	0.01	0.21	12.34	0.44	0.00
0	0	0.00	0.08	0.54	0.39	0.00
0	4	0.00	0.00	0.25	0.69	0.00
1	1	0.00	0.00	0.24	0.30	0.00
1	5	0.00	0.02	0.15	0.52	0.00
2	2	0.00	0.00	0.50	0.10	0.00
2	6	0.00	0.00	0.69	0.99	0.00
3	3	0.07	0.03	1.06	0.49	0.00
3	7	0.00	1.55	95.28	0.00	0.00
Core	CPU	C1%	C3%	C6%	C8%	C9%
-	-	0.00	0.32	12.32	0.91	0.00
0	0	0.00	0.00	0.45	1.49	0.00
0	4	0.00	0.00	0.69	0.69	0.00
1	1	0.00	0.00	0.27	0.89	0.00
1	5	0.00	0.00	0.35	1.28	0.00
2	2	0.00	0.00	0.14	1.09	0.00
2	6	0.00	0.00	0.23	1.09	0.00
3	3	0.00	0.01	1.20	0.79	0.00
3	7	0.00	2.55	95.23	0.00	0.00
Core	CPU	C1%	C3%	C6%	C8%	C9%
-	-	0.02	0.16	12.42	0.59	0.00
0	0	0.00	0.00	0.36	0.89	0.00
0	4	0.04	0.00	0.50	1.09	0.00
1	1	0.00	0.00	0.42	0.01	0.00
1	5	0.00	0.00	0.00	0.73	0.00
2	2	0.00	0.00	0.19	0.89	0.00
2	6	0.00	0.00	0.28	0.79	0.00
3	3	0.10	0.04	1.14	0.30	0.00
3	7	0.00	1.27	96.47	0.00	0.00
Core	CPU	C1%	C3%	C6%	C8%	C9%
-	-	0.00	0.24	11.99	0.65	0.00
0	0	0.00	0.00	0.49	1.09	0.00
0	4	0.00	0.00	0.58	0.69	0.00
1	1	0.00	0.00	0.43	0.79	0.00
1	5	0.00	0.00	0.33	0.89	0.00
2	2	0.00	0.00	0.92	0.39	0.00
2	6	0.00	0.01	0.90	0.39	0.00
3	3	0.00	0.02	1.14	0.98	0.00
3	7	0.01	1.89	91.09	0.00	0.00
Core	CPU	C1%	C3%	C6%	C8%	C9%
-	-	0.01	0.23	12.35	0.72	0.00
0	0	0.00	0.00	0.14	0.79	0.00
0	4	0.00	0.00	0.19	1.09	0.00
1	1	0.01	0.30	0.00	0.08	0.00
1	5	0.00	0.00	0.20	1.37	0.00
2	2	0.00	0.02	0.44	0.89	0.00
2	6	0.00	0.00	0.37	0.87	0.00
3	3	0.08	0.01	1.25	0.69	0.00
3	7	0.00	1.50	96.21	0.00	0.00
Core	CPU	C1%	C3%	C6%	C8%	C9%
-	-	0.00	0.22	12.60	0.74	0.00
0	0	0.00	0.00	1.15	1.48	0.00
0	4	0.00	0.00	0.99	0.89	0.00
1	1	0.00	0.00	0.25	0.69	0.00
1	5	0.00	0.00	0.38	1.39	0.00
2	2	0.00	0.02	0.70	0.10	0.00
2	6	0.00	0.00	0.80	0.30	0.00
3	3	0.00	0.04	0.47	1.09	0.00
3	7	0.00	1.70	96.04	0.00	0.00
Core	CPU	C1%	C3%	C6%	C8%	C9%
-	-	0.00	0.27	12.60	0.78	0.00
0	0	0.00	0.01	0.42	0.00	0.00
0	4	0.00	0.00	0.64	0.88	0.00
1	1	0.00	0.00	0.78	0.79	0.00
1	5	0.00	0.00	0.28	1.09	0.00
2	2	0.00	0.00	0.98	1.97	0.00
2	6	0.00	0.00	0.64	1.19	0.00
3	3	0.00	0.03	1.28	0.29	0.00
3	7	0.00	2.11	95.75	0.00	0.00
Core	CPU	C1%	C3%	C6%	C8%	C9%
-	-	0.00	0.22	12.58	0.64	0.00
0	0	0.00	0.00	0.96	0.99	0.00
0	4	0.00	0.00	0.35	0.79	0.00
1	1	0.00	0.00	0.63	0.79	0.00
1	5	0.00	0.02	0.78	0.22	0.00
2	2	0.00	0.00	0.59	0.59	0.00
2	6	0.00	0.00	0.19	1.09	0.00
3	3	0.00	0.04	1.15	0.69	0.00
3	7	0.00	1.74	96.00	0.00	0.00
Core	CPU	C1%	C3%	C6%	C8%	C9%
-	-	0.00	0.30	12.25	0.82	0.00
0	0	0.00	0.00	0.49	0.79	0.00
0	4	0.00	0.00	0.21	1.28	0.00
1	1	0.00	0.00	0.28	0.89	0.00
1	5	0.00	0.00	0.36	0.79	0.00
2	2	0.00	0.00	0.15	1.09	0.00
2	6	0.00	0.00	0.23	1.09	0.00
3	3	0.00	0.00	0.91	0.60	0.00
3	7	0.00	2.42	95.37	0.00	0.00
Core	CPU	C1%	C3%	C6%	C8%	C9%
-	-	0.00	0.21	12.42	0.95	0.00
0	0	0.00	0.00	0.81	1.68	0.00
0	4	0.00	0.00	0.84	0.89	0.00
1	1	0.00	0.10	0.22	1.29	0.00
1	5	0.00	0.00	0.12	0.50	0.00
2	2	0.00	0.00	0.19	0.99	0.00
2	6	0.00	0.00	0.28	0.79	0.00
3	3	0.00	0.02	0.71	1.48	0.00
3	7	0.00	1.55	96.18	0.00	0.00
Core	CPU	C1%	C3%	C6%	C8%	C9%
-	-	0.00	0.56	12.38	1.29	0.00
0	0	0.00	0.00	0.10	1.19	0.00
0	4	0.00	0.00	0.38	2.08	0.00
1	1	0.00	2.55	0.17	0.02	0.00
1	5	0.00	0.00	0.48	1.98	0.00
2	2	0.00	0.00	0.31	1.98	0.00
2	6	0.00	0.02	0.41	1.88	0.00
3	3	0.00	0.02	1.30	1.19	0.00
3	7	0.00	1.90	95.87	0.00	0.00
Core	CPU	C1%	C3%	C6%	C8%	C9%
-	-	0.00	0.25	12.45	0.62	0.00
0	0	0.00	0.00	0.33	1.09	0.00
0	4	0.00	0.00	0.62	0.60	0.00
1	1	0.00	0.00	0.49	0.23	0.00
1	5	0.00	0.00	0.91	1.18	0.00
2	2	0.00	0.00	0.27	0.89	0.00
2	6	0.00	0.06	0.20	0.79	0.00
3	3	0.00	0.02	0.90	0.20	0.00
3	7	0.00	1.91	95.91	0.00	0.00
Core	CPU	C1%	C3%	C6%	C8%	C9%
-	-	0.00	0.35	12.18	1.05	0.00
0	0	0.00	0.00	0.65	1.78	0.00
0	4	0.00	0.00	0.34	0.99	0.00
1	1	0.00	0.00	0.35	1.58	0.00
1	5	0.00	0.00	0.14	0.99	0.00
2	2	0.00	0.02	0.20	0.90	0.00
2	6	0.00	0.00	0.59	1.19	0.00
3	3	0.00	0.00	1.00	0.99	0.00
3	7	0.00	2.77	94.13	0.00	0.00
Core	CPU	C1%	C3%	C6%	C8%	C9%
-	-	0.00	0.33	12.28	0.69	0.00
0	0	0.00	0.02	0.73	0.89	0.00
0	4	0.00	0.00	0.50	0.59	0.00
1	1	0.00	0.00	0.19	0.89	0.00
1	5	0.00	0.00	0.45	1.29	0.00
2	2	0.00	0.00	0.35	0.69	0.00
2	6	0.00	0.00	0.24	0.69	0.00
3	3	0.00	0.06	0.57	0.50	0.00
3	7	0.00	2.53	95.20	0.00	0.00
Core	CPU	C1%	C3%	C6%	C8%	C9%
-	-	0.00	0.18	12.27	0.67	0.00
0	0	0.00	0.00	0.27	0.69	0.00
0	4	0.00	0.00	0.20	0.79	0.00
1	1	0.00	0.00	0.14	0.60	0.00
1	5	0.00	0.02	0.00	0.52	0.00
2	2	0.00	0.00	0.30	0.80	0.00
2	6	0.00	0.00	0.19	1.09	0.00
3	3	0.00	0.02	0.67	0.89	0.00
3	7	0.00	1.42	96.41	0.00	0.00
Core	CPU	C1%	C3%	C6%	C8%	C9%
-	-	0.00	0.20	12.30	0.79	0.00
0	0	0.00	0.00	0.10	0.80	0.00
0	4	0.00	0.00	0.10	1.09	0.00
1	1	0.00	0.00	0.31	0.89	0.00
1	5	0.00	0.00	0.35	0.89	0.00
2	2	0.00	0.00	0.24	0.99	0.00
2	6	0.00	0.00	0.13	0.99	0.00
3	3	0.00	0.02	1.01	0.67	0.00
3	7	0.00	1.58	96.20	0.00	0.00
Core	CPU	C1%	C3%	C6%	C8%	C9%
-	-	0.00	0.33	12.39	0.79	0.96
0	0	0.00	0.00	0.75	1.19	7.68
0	4	0.00	0.00	0.24	1.39	0.00
1	1	0.00	0.78	0.02	0.06	0.00
1	5	0.00	0.00	0.30	0.93	0.00
2	2	0.00	0.00	0.29	0.89	0.00
2	6	0.00	0.00	0.58	1.28	0.00
3	3	0.01	0.03	0.93	0.58	0.00
3	7	0.00	1.85	96.02	0.00	0.00
Core	CPU	C1%	C3%	C6%	C8%	C9%
-	-	0.00	0.21	12.61	0.74	0.00
0	0	0.00	0.00	0.10	1.39	0.00
0	4	0.00	0.00	0.88	0.69	0.00
1	1	0.00	0.00	0.56	0.59	0.00
1	5	0.00	0.00	0.33	1.29	0.00
2	2	0.00	0.00	0.73	0.49	0.00
2	6	0.00	0.00	0.99	0.69	0.00
3	3	0.00	0.04	1.18	0.79	0.00
3	7	0.00	1.60	96.13	0.00	0.00
Core	CPU	C1%	C3%	C6%	C8%	C9%
-	-	0.00	0.29	12.24	0.70	0.00
0	0	0.00	0.00	0.30	0.89	0.00
0	4	0.00	0.02	1.01	0.79	0.00
1	1	0.00	0.00	0.10	0.99	0.00
1	5	0.00	0.00	0.20	0.89	0.00
2	2	0.00	0.00	0.27	0.89	0.00
2	6	0.00	0.00	0.36	0.89	0.00
3	3	0.00	0.00	1.04	0.29	0.00
3	7	0.00	2.27	94.64	0.00	0.00
Core	CPU	C1%	C3%	C6%	C8%	C9%
-	-	0.00	0.22	12.40	0.70	0.00
0	0	0.00	0.00	0.28	0.89	0.00
0	4	0.00	0.04	0.75	0.68	0.00
1	1	0.00	0.00	0.25	1.08	0.00
1	5	0.00	0.00	0.13	0.50	0.00
2	2	0.00	0.01	0.37	0.30	0.00
2	6	0.00	0.00	0.10	0.90	0.00
3	3	0.00	0.04	1.16	1.28	0.00
3	7	0.00	1.63	96.13	0.00	0.00
Core	CPU	C1%	C3%	C6%	C8%	C9%
-	-	0.00	0.20	12.59	0.93	0.00
0	0	0.00	0.00	0.12	0.30	0.00
0	4	0.00	0.00	0.76	0.79	0.00
1	1	0.00	0.00	0.68	1.28	0.00
1	5	0.00	0.00	0.67	1.29	0.00
2	2	0.00	0.00	0.95	1.19	0.00
2	6	0.00	0.00	0.24	1.78	0.00
3	3	0.00	0.02	1.01	0.79	0.00
3	7	0.00	1.59	96.26	0.00	0.00
Core	CPU	C1%	C3%	C6%	C8%	C9%
-	-	0.00	0.13	12.57	0.77	0.00
0	0	0.00	0.00	1.32	1.09	0.00
0	4	0.00	0.00	0.25	1.08	0.00
1	1	0.00	0.00	0.52	0.29	0.00
1	5	0.00	0.02	0.79	0.62	0.00
2	2	0.00	0.00	0.13	1.19	0.00
2	6	0.00	0.00	0.18	0.99	0.00
3	3	0.00	0.04	0.65	0.87	0.00
3	7	0.00	1.02	96.74	0.00	0.00
Core	CPU	C1%	C3%	C6%	C8%	C9%
-	-	0.00	0.60	12.49	1.19	0.00
0	0	0.00	0.00	0.59	1.29	0.00
0	4	0.00	0.00	0.94	1.78	0.00
1	1	0.00	1.84	0.29	0.01	0.00
1	5	0.00	0.00	0.26	1.78	0.00
2	2	0.00	0.00	0.83	1.68	0.00
2	6	0.00	0.00	0.92	1.68	0.00
3	3	0.00	0.00	1.20	1.28	0.00
3	7	0.00	2.96	94.89	0.00	0.00
Core	CPU	C1%	C3%	C6%	C8%	C9%
-	-	0.01	0.16	12.56	0.61	0.00
0	0	0.00	0.00	0.54	0.89	0.00
0	4	0.00	0.00	0.23	0.99	0.00
1	1	0.00	0.00	0.50	0.21	0.00
1	5	0.00	0.00	0.78	0.89	0.00
2	2	0.00	0.00	0.28	0.89	0.00
2	6	0.00	0.00	0.37	0.79	0.00
3	3	0.07	0.03	1.18	0.20	0.00
3	7	0.00	1.25	96.61	0.00	0.00
Core	CPU	C1%	C3%	C6%	C8%	C9%
-	-	0.00	0.10	12.69	0.80	0.00
0	0	0.00	0.00	0.74	1.09	0.00
0	4	0.00	0.02	0.28	1.09	0.00
1	1	0.00	0.00	0.53	0.69	0.00
1	5	0.00	0.00	0.15	0.99	0.00
2	2	0.00	0.00	0.92	0.79	0.00
2	6	0.00	0.01	0.80	0.79	0.00
3	3	0.00	0.00	1.01	0.99	0.00
3	7	0.00	0.77	97.08	0.00	0.00
Core	CPU	C1%	C3%	C6%	C8%	C9%
-	-	0.00	0.15	12.72	0.85	0.00
0	0	0.00	0.00	1.18	0.00	0.00
0	4	0.00	0.02	0.70	0.79	0.00
1	1	0.00	0.00	0.86	1.39	0.00
1	5	0.00	0.01	0.88	1.19	0.00
2	2	0.00	0.00	0.40	1.09	0.00
2	6	0.00	0.00	0.25	1.19	0.00
3	3	0.00	0.03	1.11	1.18	0.00
3	7	0.00	1.11	96.35	0.00	0.00
Core	CPU	C1%	C3%	C6%	C8%	C9%
-	-	0.00	0.14	11.85	0.53	0.00
0	0	0.00	0.00	0.18	0.79	0.00
0	4	0.00	0.00	0.47	0.49	0.00
1	1	0.00	0.00	0.15	0.78	0.00
1	5	0.00	0.00	0.47	0.40	0.00
2	2	0.00	0.03	0.27	0.71	0.00
2	6	0.00	0.00	0.10	0.50	0.00
3	3	0.00	0.01	0.98	0.59	0.00
3	7	0.00	1.07	92.16	0.00	0.00
Core	CPU	C1%	C3%	C6%	C8%	C9%
-	-	0.00	0.20	12.51	0.94	0.00
0	0	0.00	0.02	0.30	0.89	0.00
0	4	0.00	0.00	0.10	1.39	0.00
1	1	0.00	0.00	0.58	1.19	0.00
1	5	0.00	0.00	1.15	1.28	0.00
2	2	0.00	0.00	0.35	0.79	0.00
2	6	0.00	0.00	0.14	1.09	0.00
3	3	0.00	0.04	1.15	0.89	0.00
3	7	0.00	1.53	96.30	0.00	0.00
Core	CPU	C1%	C3%	C6%	C8%	C9%
-	-	0.00	0.40	12.35	1.01	0.00
0	0	0.00	0.00	0.27	1.18	0.00
0	4	0.00	0.00	0.54	1.29	0.00
1	1	0.00	1.69	0.18	0.00	0.00
1	5	0.00	0.02	0.10	1.09	0.00
2	2	0.00	0.00	0.17	1.48	0.00
2	6	0.00	0.00	0.39	1.68	0.00
3	3	0.00	0.03	0.85	1.34	0.00
3	7	0.00	1.46	96.32	0.00	0.00
Core	CPU	C1%	C3%	C6%	C8%	C9%
-	-	0.01	0.18	12.67	1.19	0.00
0	0	0.00	0.01	1.23	1.18	0.00
0	4	0.00	0.00	0.39	1.38	0.00
1	1	0.00	0.00	1.17	0.89	0.00
1	5	0.00	0.00	0.55	1.58	0.00
2	2	0.00	0.00	0.34	1.48	0.00
2	6	0.00	0.00	0.23	1.68	0.00
3	3	0.10	0.00	1.11	1.29	0.00
3	7	0.00	1.46	96.34	0.00	0.00
Core	CPU	C1%	C3%	C6%	C8%	C9%
-	-	0.00	0.13	12.61	0.80	0.00
0	0	0.00	0.00	0.52	1.38	0.00
0	4	0.00	0.00	0.30	1.68	0.00
1	1	0.00	0.00	0.52	0.00	0.00
1	5	0.00	0.02	0.60	0.10	0.00
2	2	0.00	0.00	0.79	1.38	0.00
2	6	0.00	0.00	0.97	1.09	0.00
3	3	0.00	0.00	1.26	0.78	0.00
3	7	0.00	1.00	95.94	0.00	0.00
Core	CPU	C1%	C3%	C6%	C8%	C9%
-	-	0.00	0.21	12.43	1.33	0.00
0	0	0.00	0.00	0.20	1.29	0.00
0	4	0.00	0.00	0.28	1.68	0.00
1	1	0.00	0.00	0.46	1.48	0.00
1	5	0.00	0.00	0.64	1.39	0.00
2	2	0.00	0.00	0.33	1.58	0.00
2	6	0.00	0.02	0.79	1.59	0.00
3	3	0.00	0.03	0.68	1.61	0.00
3	7	0.00	1.62	96.10	0.00	0.00
Core	CPU	C1%	C3%	C6%	C8%	C9%
-	-	0.00	0.33	12.46	1.27	0.00
0	0	0.00	0.00	0.35	1.68	0.00
0	4	0.00	0.82	0.63	1.88	0.00
1	1	0.00	0.02	0.31	0.90	0.00
1	5	0.00	0.00	0.10	1.19	0.00
2	2	0.00	0.00	0.29	1.87	0.00
2	6	0.00	0.00	0.37	1.77	0.00
3	3	0.00	0.04	1.63	0.87	0.00
3	7	0.00	1.74	96.00	0.00	0.00
Core	CPU	C1%	C3%	C6%	C8%	C9%
-	-	0.00	0.21	12.58	1.55	0.00
0	0	0.00	0.00	0.79	2.38	0.00
0	4	0.00	0.00	0.38	1.88	0.00
1	1	0.00	0.06	0.99	1.39	0.00
1	5	0.00	0.00	0.43	1.69	0.00
2	2	0.00	0.00	0.42	1.69	0.00
2	6	0.00	0.00	0.29	1.89	0.00
3	3	0.00	0.00	1.20	1.53	0.00
3	7	0.00	1.66	96.11	0.00	0.00
Core	CPU	C1%	C3%	C6%	C8%	C9%
-	-	0.00	0.41	12.50	1.29	0.00
0	0	0.00	0.00	0.83	1.88	0.00
0	4	0.00	0.00	0.71	1.98	0.00
1	1	0.00	1.59	0.08	0.00	0.00
1	5	0.00	0.00	0.78	1.69	0.00
2	2	0.00	0.00	0.37	1.58	0.00
2	6	0.00	0.00	0.45	1.58	0.00
3	3	0.00	0.04	0.70	1.59	0.00
3	7	0.00	1.63	96.10	0.00	0.00
Core	CPU	C1%	C3%	C6%	C8%	C9%
-	-	0.00	0.14	12.50	0.53	0.00
0	0	0.00	0.00	0.28	0.89	0.00
0	4	0.00	0.00	0.66	0.59	0.00
1	1	0.00	0.00	0.64	0.50	0.00
1	5	0.00	0.00	0.32	0.89	0.00
2	2	0.00	0.01	0.30	0.20	0.00
2	6	0.00	0.00	0.10	0.64	0.00
3	3	0.00	0.02	0.97	0.50	0.00
3	7	0.00	1.08	96.72	0.00	0.00
Core	CPU	C1%	C3%	C6%	C8%	C9%
-	-	0.00	0.12	12.39	0.86	0.00
0	0	0.00	0.00	0.23	0.50	0.00
0	4	0.00	0.00	0.18	0.79	0.00
1	1	0.00	0.00	0.19	1.09	0.00
1	5	0.00	0.00	1.14	1.58	0.00
2	2	0.00	0.00	0.35	0.79	0.00
2	6	0.00	0.00	0.14	1.38	0.00
3	3	0.00	0.03	0.88	0.78	0.00
3	7	0.00	0.91	95.98	0.00	0.00
Core	CPU	C1%	C3%	C6%	C8%	C9%
-	-	0.00	0.17	12.65	0.89	0.00
0	0	0.00	0.00	0.95	1.78	0.00
0	4	0.00	0.00	0.64	0.79	0.00
1	1	0.00	0.00	0.72	0.20	0.00
1	5	0.00	0.01	0.88	0.79	0.00
2	2	0.00	0.00	0.10	1.09	0.00
2	6	0.00	0.00	0.28	1.34	0.00
3	3	0.00	0.03	1.13	1.17	0.00
3	7	0.00	1.29	96.50	0.00	0.00
Core	CPU	C1%	C3%	C6%	C8%	C9%
-	-	0.00	0.18	12.41	0.98	0.00
0	0	0.00	0.00	0.10	0.90	0.00
0	4	0.00	0.02	0.47	1.79	0.00
1	1	0.00	0.00	0.69	0.99	0.00
1	5	0.00	0.00	0.35	0.99	0.00
2	2	0.00	0.00	0.20	0.99	0.00
2	6	0.00	0.02	0.19	1.31	0.00
3	3	0.00	0.01	1.06	0.89	0.00
3	7	0.00	1.39	96.24	0.00	0.00
Core	CPU	C1%	C3%	C6%	C8%	C9%
-	-	0.00	0.20	12.49	0.60	0.00
0	0	0.00	0.00	0.14	0.79	0.00
0	4	0.00	0.00	0.82	0.59	0.00
1	1	0.00	0.00	0.10	0.40	0.00
1	5	0.00	0.00	0.98	0.79	0.00
2	2	0.00	0.00	0.27	0.89	0.00
2	6	0.00	0.00	0.26	0.96	0.00
3	3	0.00	0.02	1.13	0.39	0.00
3	7	0.00	1.56	96.25	0.00	0.00
Core	CPU	C1%	C3%	C6%	C8%	C9%
-	-	0.01	0.33	12.51	0.75	0.00
0	0	0.00	0.00	0.29	1.09	0.00
0	4	0.00	0.03	1.36	0.99	0.00
1	1	0.00	1.65	0.16	0.03	0.00
1	5	0.00	0.00	0.74	0.89	0.00
2	2	0.00	0.02	0.20	0.90	0.00
2	6	0.00	0.00	0.10	1.03	0.00
3	3	0.07	0.04	0.37	1.08	0.00
3	7	0.00	0.93	96.89	0.00	0.00
Core	CPU	C1%	C3%	C6%	C8%	C9%
-	-	0.00	0.23	12.50	0.64	0.00
0	0	0.00	0.00	0.60	1.18	0.00
0	4	0.00	0.00	0.00	0.40	0.00
1	1	0.00	0.00	0.99	0.79	0.00
1	5	0.00	0.03	0.46	0.76	0.00
2	2	0.00	0.03	0.23	0.60	0.00
2	6	0.00	0.00	0.63	1.28	0.00
3	3	0.00	0.09	1.04	0.10	0.00
3	7	0.00	1.68	96.06	0.00	0.00
Core	CPU	C1%	C3%	C6%	C8%	C9%
-	-	0.01	0.17	12.37	0.93	0.00
0	0	0.00	0.00	0.35	1.68	0.00
0	4	0.00	0.00	0.35	0.89	0.00
1	1	0.00	0.00	0.30	0.89	0.00
1	5	0.00	0.02	0.10	1.29	0.00
2	2	0.00	0.00	0.10	1.03	0.00
2	6	0.00	0.00	0.19	0.89	0.00
3	3	0.10	0.04	1.15	0.79	0.00
3	7	0.00	1.30	96.46	0.00	0.00
Core	CPU	C1%	C3%	C6%	C8%	C9%
-	-	0.00	0.11	12.40	0.77	0.00
0	0	0.00	0.00	0.20	0.69	0.00
0	4	0.00	0.00	0.20	0.99	0.00
1	1	0.00	0.00	0.17	1.08	0.00
1	5	0.00	0.00	0.35	0.89	0.00
2	2	0.00	0.00	0.24	0.89	0.00
2	6	0.00	0.00	0.22	0.99	0.00
3	3	0.00	0.00	0.92	0.59	0.00
3	7	0.00	0.86	96.94	0.00	0.00
Core	CPU	C1%	C3%	C6%	C8%	C9%
-	-	0.01	0.17	12.30	0.66	0.00
0	0	0.00	0.00	0.36	0.69	0.00
0	4	0.00	0.00	0.23	0.79	0.00
1	1	0.00	0.00	0.22	0.50	0.00
1	5	0.00	0.00	0.00	0.50	0.00
2	2	0.00	0.00	0.19	0.99	0.00
2	6	0.00	0.00	0.28	0.99	0.00
3	3	0.07	0.03	0.66	0.79	0.00
3	7	0.00	1.30	96.50	0.00	0.00
Core	CPU	C1%	C3%	C6%	C8%	C9%
-	-	0.00	0.17	12.62	1.23	0.00
0	0	0.00	0.00	0.84	1.77	0.00
0	4	0.00	0.00	0.67	1.68	0.00
1	1	0.00	0.00	0.95	1.39	0.00
1	5	0.00	0.00	0.33	1.59	0.00
2	2	0.00	0.00	0.32	1.30	0.00
2	6	0.00	0.00	0.20	1.49	0.00
3	3	0.00	0.04	1.27	0.59	0.00
3	7	0.00	1.33	96.36	0.00	0.00
Core	CPU	C1%	C3%	C6%	C8%	C9%
-	-	0.00	0.13	12.48	0.74	0.00
0	0	0.00	0.00	0.14	0.99	0.00
0	4	0.00	0.02	0.25	0.79	0.00
1	1	0.01	0.44	0.05	0.08	0.00
1	5	0.00	0.00	0.27	1.29	0.00
2	2	0.00	0.00	0.26	0.89	0.00
2	6	0.00	0.00	0.35	1.09	0.00
3	3	0.00	0.00	1.33	0.78	0.00
3	7	0.00	0.61	97.23	0.00	0.00
Core	CPU	C1%	C3%	C6%	C8%	C9%
-	-	0.01	0.11	12.54	0.57	0.00
0	0	0.00	0.00	0.28	0.89	0.00
0	4	0.00	0.00	0.96	0.69	0.00
1	1	0.00	0.00	0.64	0.50	0.00
1	5	0.00	0.00	0.27	1.19	0.00
2	2	0.00	0.01	0.29	0.42	0.00
2	6	0.00	0.00	0.00	0.50	0.00
3	3	0.10	0.03	0.96	0.40	0.00
3	7	0.00	0.82	96.89	0.00	0.00
Core	CPU	C1%	C3%	C6%	C8%	C9%
-	-	0.00	0.18	11.84	1.16	0.10
0	0	0.00	0.00	0.61	1.68	0.00
0	4	0.00	0.00	0.24	0.90	0.00
1	1	0.00	0.00	0.55	1.29	0.00
1	5	0.00	0.00	0.67	1.48	0.79
2	2	0.00	0.01	0.48	1.78	0.00
2	6	0.00	0.00	0.27	1.48	0.00
3	3	0.00	0.02	1.21	0.70	0.00
3	7	0.01	1.41	90.70	0.00	0.00
Core	CPU	C1%	C3%	C6%	C8%	C9%
-	-	0.00	0.13	12.72	0.67	0.00
0	0	0.00	0.00	0.39	1.29	0.00
0	4	0.00	0.00	0.94	0.69	0.00
1	1	0.00	0.00	0.62	0.50	0.00
1	5	0.00	0.00	0.69	0.51	0.00
2	2	0.00	0.00	0.79	0.79	0.00
2	6	0.00	0.00	0.28	0.89	0.00
3	3	0.00	0.03	1.23	0.69	0.00
3	7	0.00	1.04	96.80	0.00	0.00
Core	CPU	C1%	C3%	C6%	C8%	C9%
-	-	0.00	0.14	12.53	0.99	0.00
0	0	0.00	0.00	0.10	0.80	0.00
0	4	0.00	0.00	0.31	1.58	0.00
1	1	0.00	0.00	0.36	1.09	0.00
1	5	0.00	0.00	0.35	1.28	0.00
2	2	0.00	0.00	0.33	0.90	0.00
2	6	0.00	0.02	0.43	1.19	0.00
3	3	0.00	0.02	1.58	1.08	0.00
3	7	0.00	1.11	96.76	0.00	0.00
Core	CPU	C1%	C3%	C6%	C8%	C9%
-	-	0.00	0.22	12.51	1.05	0.00
0	0	0.00	0.00	0.24	0.89	0.00
0	4	0.00	0.00	0.66	0.79	0.00
1	1	0.00	0.00	0.69	0.70	0.00
1	5	0.00	0.00	1.13	2.47	0.00
2	2	0.00	0.00	0.27	1.33	0.00
2	6	0.00	0.00	0.26	0.89	0.00
3	3	0.04	0.02	0.68	1.37	0.00
3	7	0.00	1.75	96.11	0.00	0.00
Core	CPU	C1%	C3%	C6%	C8%	C9%
-	-	0.00	0.35	12.42	0.65	0.00
0	0	0.00	0.00	0.19	1.19	0.00
0	4	0.00	0.00	1.15	0.79	0.00
1	1	0.00	0.87	0.20	0.03	0.00
1	5	0.00	0.00	0.24	0.90	0.00
2	2	0.00	0.02	0.29	0.82	0.00
2	6	0.00	0.00	0.30	0.99	0.00
3	3	0.00	0.01	1.11	0.47	0.00
3	7	0.00	1.88	95.91	0.00	0.00
Core	CPU	C1%	C3%	C6%	C8%	C9%
-	-	0.00	0.16	12.56	0.74	0.00
0	0	0.00	0.00	0.32	1.09	0.00
0	4	0.00	0.00	0.60	0.49	0.00
1	1	0.00	0.00	0.88	0.79	0.00
1	5	0.00	0.00	0.37	0.99	0.00
2	2	0.00	0.02	0.33	1.19	0.00
2	6	0.00	0.00	0.29	1.09	0.00
3	3	0.00	0.04	1.17	0.30	0.00
3	7	0.00	1.25	96.52	0.00	0.00
Core	CPU	C1%	C3%	C6%	C8%	C9%
-	-	0.00	0.21	12.37	0.71	0.00
0	0	0.00	0.00	0.96	0.79	0.00
0	4	0.00	0.00	0.46	0.79	0.00
1	1	0.00	0.00	0.73	0.89	0.00
1	5	0.00	0.02	0.10	1.19	0.00
2	2	0.00	0.00	0.10	0.64	0.00
2	6	0.00	0.00	0.25	0.89	0.00
3	3	0.00	0.04	1.16	0.47	0.00
3	7	0.00	1.63	95.23	0.00	0.00
Core	CPU	C1%	C3%	C6%	C8%	C9%
-	-	0.00	0.11	12.47	0.76	0.00
0	0	0.00	0.00	0.50	0.20	0.00
0	4	0.00	0.00	0.29	0.89	0.00
1	1	0.00	0.00	0.27	0.89	0.00
1	5	0.00	0.00	0.44	1.68	0.00
2	2	0.00	0.00	0.23	0.89	0.00
2	6	0.00	0.02	0.10	0.99	0.00
3	3	0.00	0.00	1.01	0.50	0.00
3	7	0.00	0.90	96.94	0.00	0.00
Core	CPU	C1%	C3%	C6%	C8%	C9%
-	-	0.01	0.16	12.32	0.66	0.00
0	0	0.00	0.00	0.36	0.79	0.00
0	4	0.00	0.00	0.18	1.19	0.00
1	1	0.00	0.00	0.22	0.30	0.00
1	5	0.00	0.00	0.00	0.63	0.00
2	2	0.00	0.00	0.19	0.89	0.00
2	6	0.00	0.00	0.28	0.89	0.00
3	3	0.08	0.03	0.84	0.59	0.00
3	7	0.00	1.24	96.52	0.00	0.00
Core	CPU	C1%	C3%	C6%	C8%	C9%
-	-	0.00	0.11	12.70	1.03	0.00
0	0	0.00	0.00	0.78	2.07	0.00
0	4	0.00	0.00	0.57	1.19	0.00
1	1	0.00	0.00	0.16	0.99	0.00
1	5	0.00	0.00	0.33	1.28	0.00
2	2	0.00	0.00	0.72	0.49	0.00
2	6	0.00	0.00	0.69	0.61	0.00
3	3	0.00	0.04	1.37	1.57	0.00
3	7	0.00	0.82	96.94	0.00	0.00
Core	CPU	C1%	C3%	C6%	C8%	C9%
-	-	0.00	0.22	12.39	0.60	0.00
0	0	0.00	0.00	0.14	0.59	0.00
0	4	0.00	0.00	0.27	0.50	0.00
1	1	0.01	0.53	0.05	0.08	0.00
1	5	0.00	0.00	0.35	1.09	0.00
2	2	0.00	0.00	0.27	0.89	0.00
2	6	0.00	0.00	0.30	1.29	0.00
3	3	0.00	0.02	1.23	0.40	0.00
3	7	0.00	1.24	96.50	0.00	0.00
Core	CPU	C1%	C3%	C6%	C8%	C9%
-	-	0.00	0.17	12.46	0.59	0.00
0	0	0.00	0.00	0.48	0.99	0.00
0	4	0.00	0.00	0.66	0.69	0.00
1	1	0.00	0.00	0.64	0.59	0.00
1	5	0.00	0.00	0.23	0.99	0.00
2	2	0.00	0.01	0.20	0.20	0.00
2	6	0.00	0.00	0.10	0.63	0.00
3	3	0.00	0.03	0.86	0.59	0.00
3	7	0.00	1.33	96.51	0.00	0.00
Core	CPU	C1%	C3%	C6%	C8%	C9%
-	-	0.01	0.24	12.42	0.84	0.00
0	0	0.00	0.19	0.68	0.10	0.00
0	4	0.00	0.00	0.69	0.10	0.00
1	1	0.00	0.00	0.53	1.19	0.00
1	5	0.00	0.00	0.54	1.09	0.00
2	2	0.00	0.00	0.36	0.79	0.00
2	6	0.00	0.00	0.23	1.87	0.00
3	3	0.07	0.06	1.09	1.57	0.00
3	7	0.00	1.68	95.26	0.00	0.00
Core	CPU	C1%	C3%	C6%	C8%	C9%
-	-	0.00	0.26	12.57	0.96	0.00
0	0	0.00	0.00	1.14	1.48	0.00
0	4	0.00	0.00	0.65	0.99	0.00
1	1	0.00	0.00	0.73	0.89	0.00
1	5	0.00	0.00	0.81	1.68	0.00
2	2	0.00	0.00	0.00	1.12	0.00
2	6	0.00	0.00	0.39	0.69	0.00
3	3	0.00	0.01	1.04	0.79	0.00
3	7	0.00	2.08	95.76	0.00	0.00
Core	CPU	C1%	C3%	C6%	C8%	C9%
-	-	0.00	0.19	12.49	0.68	0.00
0	0	0.00	0.01	0.50	0.00	0.00
0	4	0.00	0.00	0.66	1.28	0.00
1	1	0.00	0.00	0.88	0.79	0.00
1	5	0.00	0.00	0.37	0.79	0.00
2	2	0.00	0.00	0.25	0.89	0.00
2	6	0.00	0.00	0.23	0.89	0.00
3	3	0.00	0.05	0.65	0.80	0.00
3	7	0.00	1.48	96.38	0.00	0.00
Core	CPU	C1%	C3%	C6%	C8%	C9%
-	-	0.01	0.20	12.44	0.61	0.00
0	0	0.00	0.00	0.45	0.99	0.00
0	4	0.05	0.00	0.99	0.69	0.00
1	1	0.00	0.00	0.22	0.30	0.00
1	5	0.00	0.00	0.09	0.72	0.00
2	2	0.00	0.00	0.19	0.99	0.00
2	6	0.00	0.00	0.28	0.79	0.00
3	3	0.00	0.04	1.15	0.39	0.00
3	7	0.00	1.58	96.14	0.00	0.00
Core	CPU	C1%	C3%	C6%	C8%	C9%
-	-	0.00	0.52	12.52	1.16	0.00
0	0	0.00	0.00	0.10	1.48	0.00
0	4	0.00	0.00	1.61	1.19	0.00
1	1	0.00	2.42	0.12	0.01	0.00
1	5	0.00	0.00	0.26	1.88	0.00
2	2	0.00	0.00	0.43	1.68	0.00
2	6	0.00	0.02	0.20	1.78	0.00
3	3	0.00	0.00	1.32	1.27	0.00
3	7	0.00	1.69	96.13	0.00	0.00
Core	CPU	C1%	C3%	C6%	C8%	C9%
-	-	0.00	0.27	12.51	0.69	0.00
0	0	0.00	0.00	1.00	1.48	0.00
0	4	0.00	0.00	0.23	0.99	0.00
1	1	0.00	0.00	0.60	0.51	0.00
1	5	0.00	0.00	0.78	0.89	0.00
2	2	0.00	0.00	0.28	0.89	0.00
2	6	0.00	0.00	0.36	0.69	0.00
3	3	0.00	0.03	1.13	0.10	0.00
3	7	0.00	2.13	95.70	0.00	0.00
Core	CPU	C1%	C3%	C6%	C8%	C9%
-	-	0.00	0.23	12.38	0.92	0.00
0	0	0.00	0.00	0.29	1.09	0.00
0	4	0.00	0.00	0.48	0.79	0.00
1	1	0.00	0.00	0.35	1.98	0.00
1	5	0.00	0.01	0.20	1.59	0.00
2	2	0.00	0.00	0.87	0.01	0.00
2	6	0.00	0.01	1.16	0.90	0.00
3	3	0.00	0.03	0.58	0.99	0.00
3	7	0.00	1.76	95.14	0.00	0.00
Core	CPU	C1%	C3%	C6%	C8%	C9%
-	-	0.00	0.21	12.43	0.63	0.00
0	0	0.00	0.00	0.13	0.40	0.00
0	4	0.00	0.02	0.60	0.59	0.00
1	1	0.00	0.00	0.10	0.79	0.00
1	5	0.00	0.00	0.87	0.69	0.00
2	2	0.00	0.00	0.26	0.89	0.00
2	6	0.00	0.00	0.25	0.89	0.00
3	3	0.00	0.07	1.09	0.79	0.00
3	7	0.00	1.62	96.17	0.00	0.00
Core	CPU	C1%	C3%	C6%	C8%	C9%
-	-	0.00	0.23	12.41	0.71	0.00
0	0	0.00	0.00	0.68	0.99	0.00
0	4	0.00	0.00	1.05	0.99	0.00
1	1	0.00	0.00	0.44	0.99	0.00
1	5	0.00	0.00	0.14	0.99	0.00
2	2	0.00	0.01	0.29	0.43	0.00
2	6	0.00	0.00	0.10	0.30	0.00
3	3	0.00	0.00	0.60	0.99	0.00
3	7	0.00	1.83	95.96	0.00	0.00
Core	CPU	C1%	C3%	C6%	C8%	C9%
-	-	0.00	0.27	12.34	0.80	0.00
0	0	0.00	0.02	0.34	0.69	0.00
0	4	0.00	0.00	0.49	0.70	0.00
1	1	0.00	0.00	0.19	1.09	0.00
1	5	0.00	0.00	0.36	0.89	0.00
2	2	0.00	0.00	0.25	1.28	0.00
2	6	0.00	0.00	0.83	0.79	0.00
3	3	0.00	0.05	0.49	0.98	0.00
3	7	0.00	2.08	95.73	0.00	0.00
Core	CPU	C1%	C3%	C6%	C8%	C9%
-	-	0.00	0.33	12.32	0.62	0.00
0	0	0.00	0.00	0.27	0.89	0.00
0	4	0.00	0.00	0.42	0.79	0.00
1	1	0.00	0.70	0.14	0.05	0.00
1	5	0.00	0.02	0.79	0.80	0.00
2	2	0.00	0.00	0.00	0.73	0.00
2	6	0.00	0.00	0.19	0.89	0.00
3	3	0.00	0.03	1.16	0.79	0.00
3	7	0.00	1.92	95.60	0.00	0.00
Core	CPU	C1%	C3%	C6%	C8%	C9%
-	-	0.00	0.18	12.15	0.83	0.00
0	0	0.00	0.00	1.49	0.69	0.00
0	4	0.00	0.00	0.20	0.99	0.00
1	1	0.00	0.00	0.87	0.79	0.00
1	5	0.00	0.00	0.60	1.68	0.00
2	2	0.00	0.00	0.34	0.79	0.00
2	6	0.00	0.00	0.72	0.89	0.00
3	3	0.00	0.01	1.16	0.80	0.00
3	7	0.01	1.43	91.83	0.00	0.00
Core	CPU	C1%	C3%	C6%	C8%	C9%
-	-	0.00	0.29	12.34	0.98	0.00
0	0	0.00	0.00	1.02	1.09	0.00
0	4	0.00	0.00	0.28	1.49	0.00
1	1	0.00	0.11	0.22	0.10	0.00
1	5	0.00	0.00	0.00	1.51	0.00
2	2	0.00	0.00	0.29	1.28	0.00
2	6	0.00	0.00	0.87	1.18	0.00
3	3	0.00	0.02	1.22	1.19	0.00
3	7	0.00	2.19	94.78	0.00	0.00
Core	CPU	C1%	C3%	C6%	C8%	C9%
-	-	0.00	0.27	12.72	0.84	0.00
0	0	0.00	0.00	0.99	0.39	0.00
0	4	0.00	0.00	0.77	1.29	0.00
1	1	0.00	0.00	0.65	1.29	0.00
1	5	0.00	0.00	0.43	1.59	0.00
2	2	0.00	0.00	1.12	0.49	0.00
2	6	0.00	0.01	1.09	0.59	0.00
3	3	0.00	0.02	0.98	1.08	0.00
3	7	0.00	2.10	95.73	0.00	0.00
Core	CPU	C1%	C3%	C6%	C8%	C9%
-	-	0.00	0.37	12.28	0.93	0.00
0	0	0.00	0.00	0.34	1.38	0.00
0	4	0.00	0.00	0.47	1.29	0.00
1	1	0.00	0.00	0.20	1.39	0.00
1	5	0.00	0.00	0.59	0.69	0.00
2	2	0.00	0.00	0.27	0.89	0.00
2	6	0.00	0.00	0.36	0.99	0.00
3	3	0.00	0.03	1.21	0.79	0.00
3	7	0.00	2.94	94.81	0.00	0.00
Core	CPU	C1%	C3%	C6%	C8%	C9%
-	-	0.00	0.19	12.39	0.66	0.00
0	0	0.00	0.00	0.18	0.89	0.00
0	4	0.00	0.00	0.27	0.79	0.00
1	1	0.00	0.00	0.15	0.40	0.00
1	5	0.00	0.00	0.22	0.80	0.00
2	2	0.00	0.01	0.26	0.40	0.00
2	6	0.00	0.00	0.63	0.70	0.00
3	3	0.00	0.02	1.03	1.28	0.00
3	7	0.00	1.46	96.41	0.00	0.00
Core	CPU	C1%	C3%	C6%	C8%	C9%
-	-	0.00	0.53	12.54	1.04	0.00
0	0	0.00	0.00	0.92	0.39	0.00
0	4	0.00	0.01	0.98	1.19	0.00
1	1	0.00	2.48	0.17	0.00	0.00
1	5	0.00	0.00	0.27	2.18	0.00
2	2	0.00	0.00	0.65	1.29	0.00
2	6	0.00	0.00	0.24	1.78	0.00
3	3	0.04	0.04	0.88	1.48	0.00
3	7	0.00	1.68	96.20	0.00	0.00
Core	CPU	C1%	C3%	C6%	C8%	C9%
-	-	0.00	0.16	12.58	0.71	0.00
0	0	0.00	0.00	0.95	1.78	0.00
0	4	0.00	0.00	0.35	0.89	0.00
1	1	0.00	0.00	0.72	0.20	0.00
1	5	0.00	0.02	0.38	1.00	0.00
2	2	0.00	0.00	0.10	0.40	0.00
2	6	0.00	0.00	0.19	0.99	0.00
3	3	0.00	0.04	1.34	0.39	0.00
3	7	0.00	1.21	96.57	0.00	0.00
Core	CPU	C1%	C3%	C6%	C8%	C9%
-	-	0.00	0.27	12.40	0.77	0.00
0	0	0.00	0.10	0.10	0.89	0.00
0	4	0.00	0.00	0.56	1.29	0.00
1	1	0.00	0.00	1.15	1.48	0.00
1	5	0.00	0.00	0.16	1.38	0.00
2	2	0.00	0.03	0.63	0.79	0.00
2	6	0.00	0.00	0.52	0.31	0.00
3	3	0.00	0.04	1.25	0.00	0.00
3	7	0.00	1.96	94.82	0.00	0.00
Core	CPU	C1%	C3%	C6%	C8%	C9%
-	-	0.00	0.21	12.53	0.60	0.00
0	0	0.00	0.00	0.36	1.09	0.00
0	4	0.00	0.00	0.93	0.69	0.00
1	1	0.00	0.02	0.20	0.20	0.00
1	5	0.00	0.00	0.19	0.63	0.00
2	2	0.00	0.00	0.46	0.69	0.00
2	6	0.00	0.00	0.86	0.69	0.00
3	3	0.00	0.01	1.03	0.79	0.00
3	7	0.00	1.63	96.25	0.00	0.00
Core	CPU	C1%	C3%	C6%	C8%	C9%
-	-	0.10	0.08	12.38	0.74	0.00
0	0	0.79	0.00	0.00	0.00	0.00
0	4	0.00	0.00	0.22	1.00	0.00
1	1	0.00	0.00	0.37	0.79	0.00
1	5	0.00	0.00	0.15	0.99	0.00
2	2	0.00	0.00	0.23	1.09	0.00
2	6	0.00	0.02	0.20	0.99	0.00
3	3	0.00	0.02	0.60	1.09	0.00
3	7	0.00	0.60	97.28	0.00	0.00
Core	CPU	C1%	C3%	C6%	C8%	C9%
-	-	0.00	0.25	12.52	0.91	0.00
0	0	0.00	0.00	1.70	1.28	0.00
0	4	0.00	0.00	0.72	0.99	0.00
1	1	0.00	0.00	0.12	0.99	0.00
1	5	0.00	0.00	0.88	1.58	0.00
2	2	0.00	0.00	0.27	0.79	0.00
2	6	0.00	0.00	0.36	0.79	0.00
3	3	0.00	0.03	0.23	0.88	0.00
3	7	0.00	2.00	95.87	0.00	0.00
Core	CPU	C1%	C3%	C6%	C8%	C9%
-	-	0.00	0.43	12.60	1.13	0.00
0	0	0.00	0.00	0.29	1.58	0.00
0	4	0.00	0.00	0.37	1.58	0.00
1	1	0.00	1.90	0.10	0.13	0.00
1	5	0.00	0.00	0.73	1.69	0.00
2	2	0.00	0.02	0.79	1.49	0.00
2	6	0.00	0.00	0.79	1.59	0.00
3	3	0.00	0.02	1.38	0.97	0.00
3	7	0.00	1.50	96.38	0.00	0.00
Core	CPU	C1%	C3%	C6%	C8%	C9%
-	-	0.00	0.27	12.55	0.67	0.00
0	0	0.00	0.00	0.72	0.79	0.00
0	4	0.00	0.00	0.50	0.20	0.00
1	1	0.00	0.00	0.82	0.69	0.00
1	5	0.00	0.00	0.56	1.48	0.00
2	2	0.00	0.00	0.45	0.69	0.00
2	6	0.00	0.00	0.64	1.49	0.00
3	3	0.00	0.03	1.11	0.00	0.00
3	7	0.00	2.10	95.61	0.00	0.00
Core	CPU	C1%	C3%	C6%	C8%	C9%
-	-	0.00	0.39	12.18	0.61	0.00
0	0	0.00	0.00	0.27	0.79	0.00
0	4	0.00	0.00	0.54	0.89	0.00
1	1	0.00	0.00	0.21	0.80	0.00
1	5	0.00	0.13	0.00	0.40	0.00
2	2	0.00	0.00	0.09	0.60	0.00
2	6	0.00	0.00	0.26	0.99	0.00
3	3	0.00	0.02	1.16	0.40	0.00
3	7	0.00	2.97	94.95	0.00	0.00
Core	CPU	C1%	C3%	C6%	C8%	C9%
-	-	0.00	0.25	12.41	0.98	0.00
0	0	0.00	0.00	0.94	1.68	0.00
0	4	0.00	0.00	0.10	1.08	0.00
1	1	0.00	0.00	0.28	1.67	0.00
1	5	0.00	0.00	0.36	0.79	0.00
2	2	0.00	0.00	0.15	1.09	0.00
2	6	0.00	0.00	0.53	0.59	0.00
3	3	0.01	0.03	1.06	0.90	0.00
3	7	0.00	2.01	95.84	0.00	0.00
Core	CPU	C1%	C3%	C6%	C8%	C9%
-	-	0.00	0.22	12.44	0.70	0.00
0	0	0.00	0.00	0.36	0.89	0.00
0	4	0.00	0.00	0.21	0.99	0.00
1	1	0.00	0.00	0.52	0.21	0.00
1	5	0.00	0.01	0.70	0.69	0.00
2	2	0.00	0.00	0.17	0.99	0.00
2	6	0.00	0.00	0.28	0.79	0.00
3	3	0.00	0.01	1.20	1.07	0.00
3	7	0.00	1.74	96.06	0.00	0.00
Core	CPU	C1%	C3%	C6%	C8%	C9%
-	-	0.00	0.26	12.61	0.85	0.00
0	0	0.00	0.00	0.10	0.99	0.00
0	4	0.00	0.00	0.38	1.38	0.00
1	1	0.00	0.00	0.66	0.89	0.00
1	5	0.00	0.00	0.63	1.78	0.00
2	2	0.00	0.00	1.02	0.49	0.00
2	6	0.00	0.03	1.09	0.60	0.00
3	3	0.00	0.02	1.19	0.69	0.00
3	7	0.00	2.00	95.80	0.00	0.00
Core	CPU	C1%	C3%	C6%	C8%	C9%
-	-	0.00	0.50	12.31	1.34	0.00
0	0	0.00	0.00	0.24	1.78	0.00
0	4	0.00	0.00	0.61	1.72	0.00
1	1	0.00	1.79	0.08	0.08	0.00
1	5	0.00	0.00	0.20	1.87	0.00
2	2	0.00	0.00	0.62	1.52	0.00
2	6	0.00	0.00	0.46	1.78	0.00
3	3	0.00	0.03	0.62	1.97	0.00
3	7	0.00	2.17	95.64	0.00	0.00
Core	CPU	C1%	C3%	C6%	C8%	C9%
-	-	0.00	0.17	12.41	0.72	0.00
0	0	0.00	0.00	0.32	1.98	0.00
0	4	0.00	0.00	0.27	0.79	0.00
1	1	0.00	0.00	0.25	1.48	0.00
1	5	0.00	0.00	0.32	0.40	0.00
2	2	0.00	0.01	0.30	0.22	0.00
2	6	0.00	0.00	0.10	0.59	0.00
3	3	0.00	0.01	1.19	0.29	0.00
3	7	0.00	1.33	96.51	0.00	0.00
Core	CPU	C1%	C3%	C6%	C8%	C9%
-	-	0.00	0.21	12.56	0.84	0.00
0	0	0.00	0.00	0.92	0.49	0.00
0	4	0.00	0.01	0.80	0.30	0.00
1	1	0.00	0.00	0.66	1.67	0.00
1	5	0.00	0.00	0.67	1.19	0.00
2	2	0.00	0.00	0.35	1.29	0.00
2	6	0.00	0.00	0.25	0.98	0.00
3	3	0.00	0.02	0.71	0.80	0.00
3	7	0.00	1.64	96.14	0.00	0.00
Core	CPU	C1%	C3%	C6%	C8%	C9%
-	-	0.00	0.31	12.32	0.76	0.00
0	0	0.00	0.00	0.37	0.79	0.00
0	4	0.00	0.00	0.65	0.59	0.00
1	1	0.00	0.00	0.24	0.89	0.00
1	5	0.00	0.02	0.78	1.68	0.00
2	2	0.00	0.03	0.07	0.63	0.00
2	6	0.00	0.00	0.19	0.89	0.00
3	3	0.00	0.02	0.84	0.59	0.00
3	7	0.00	2.44	95.39	0.00	0.00
Core	CPU	C1%	C3%	C6%	C8%	C9%
-	-	0.00	0.26	12.44	0.64	0.00
0	0	0.00	0.02	0.10	0.60	0.00
0	4	0.00	0.00	0.19	0.40	0.00
1	1	0.00	0.00	0.88	0.79	0.00
1	5	0.00	0.00	0.27	0.89	0.00
2	2	0.00	0.00	0.25	0.89	0.00
2	6	0.00	0.00	0.83	0.79	0.00
3	3	0.00	0.07	1.25	0.79	0.00
3	7	0.00	1.99	95.73	0.00	0.00
Core	CPU	C1%	C3%	C6%	C8%	C9%
-	-	0.00	0.20	11.85	0.77	0.04
0	0	0.00	0.00	0.36	1.29	0.00
0	4	0.00	0.00	0.15	1.19	0.00
1	1	0.00	0.00	0.29	0.20	0.30
1	5	0.00	0.00	0.19	1.12	0.00
2	2	0.00	0.00	0.89	0.69	0.00
2	6	0.00	0.00	0.28	0.89	0.00
3	3	0.00	0.00	1.17	0.79	0.00
3	7	0.01	1.57	91.46	0.00	0.00
Core	CPU	C1%	C3%	C6%	C8%	C9%
-	-	0.00	0.52	12.56	1.50	0.00
0	0	0.00	0.00	0.10	1.29	0.00
0	4	0.00	0.00	0.35	1.68	0.00
1	1	0.00	2.21	0.47	0.11	0.00
1	5	0.00	0.01	1.19	3.25	0.00
2	2	0.00	0.00	0.23	1.58	0.00
2	6	0.00	0.07	1.42	2.58	0.00
3	3	0.01	0.03	0.86	1.47	0.00
3	7	0.00	1.83	95.87	0.00	0.00
Core	CPU	C1%	C3%	C6%	C8%	C9%
-	-	0.00	0.29	12.43	0.74	0.00
0	0	0.00	0.00	0.24	0.89	0.00
0	4	0.00	0.00	0.62	0.59	0.00
1	1	0.00	0.00	0.49	0.62	0.00
1	5	0.00	0.00	0.28	0.89	0.00
2	2	0.00	0.00	0.27	0.89	0.00
2	6	0.00	0.05	1.06	2.01	0.00
3	3	0.00	0.04	1.12	0.00	0.00
3	7	0.00	2.21	95.37	0.00	0.00
Core	CPU	C1%	C3%	C6%	C8%	C9%
-	-	0.00	0.21	12.63	1.16	0.00
0	0	0.00	0.00	0.23	0.99	0.00
0	4	0.00	0.00	0.36	1.48	0.00
1	1	0.00	0.00	0.25	1.67	0.00
1	5	0.00	0.00	0.98	1.29	0.00
2	2	0.00	0.02	0.69	1.09	0.00
2	6	0.00	0.00	1.30	2.28	0.00
3	3	0.00	0.03	0.97	0.48	0.00
3	7	0.00	1.64	96.22	0.00	0.00
Core	CPU	C1%	C3%	C6%	C8%	C9%
-	-	0.02	0.38	12.33	1.04	0.00
0	0	0.16	0.01	1.30	1.69	0.00
0	4	0.00	0.00	0.10	1.77	0.00
1	1	0.00	0.00	0.19	0.99	0.00
1	5	0.00	0.01	0.96	1.09	0.00
2	2	0.00	0.00	0.49	0.69	0.00
2	6	0.00	0.00	0.53	1.09	0.00
3	3	0.00	0.02	1.01	0.99	0.00
3	7	0.04	3.01	94.08	0.00	0.00
Core	CPU	C1%	C3%	C6%	C8%	C9%
-	-	0.00	0.28	12.41	1.11	0.00
0	0	0.00	0.00	0.37	1.19	0.00
0	4	0.00	0.00	0.65	1.09	0.00
1	1	0.00	0.00	0.13	1.19	0.00
1	5	0.00	0.02	1.00	0.79	0.00
2	2	0.00	0.00	0.10	1.39	0.00
2	6	0.00	0.01	0.89	1.87	0.00
3	3	0.00	0.03	0.66	1.35	0.00
3	7	0.00	2.18	95.52	0.00	0.00
Core	CPU	C1%	C3%	C6%	C8%	C9%
-	-	0.00	0.21	12.56	1.38	0.00
0	0	0.00	0.00	0.88	0.79	0.00
0	4	0.00	0.00	0.29	1.68	0.00
1	1	0.00	0.00	0.46	1.78	0.00
1	5	0.00	0.00	0.54	1.58	0.00
2	2	0.00	0.00	0.33	1.78	0.00
2	6	0.00	0.02	0.30	2.08	0.00
3	3	0.00	0.04	1.52	1.31	0.00
3	7	0.00	1.61	96.19	0.00	0.00
Core	CPU	C1%	C3%	C6%	C8%	C9%
-	-	0.12	0.26	12.66	1.12	0.00
0	0	0.79	0.00	1.14	1.49	0.00
0	4	0.00	0.00	0.33	2.37	0.00
1	1	0.00	0.31	0.18	0.07	0.00
1	5	0.00	0.00	0.48	0.80	0.00
2	2	0.00	0.00	0.48	1.29	0.00
2	6	0.00	0.01	2.05	1.29	0.00
3	3	0.00	0.00	1.15	1.67	0.00
3	7	0.15	1.73	95.46	0.00	0.00
Core	CPU	C1%	C3%	C6%	C8%	C9%
-	-	0.00	0.24	12.67	1.76	0.00
0	0	0.00	0.01	1.35	2.87	0.00
0	4	0.00	0.00	0.38	1.88	0.00
1	1	0.00	0.01	0.75	2.17	0.00
1	5	0.00	0.00	1.18	2.48	0.00
2	2	0.00	0.00	0.52	1.49	0.00
2	6	0.00	0.00	0.49	1.39	0.00
3	3	0.04	0.04	0.83	1.81	0.00
3	7	0.00	1.89	95.82	0.00	0.00
Core	CPU	C1%	C3%	C6%	C8%	C9%
-	-	0.00	0.19	12.67	1.00	0.10
0	0	0.00	0.00	0.88	1.29	0.00
0	4	0.00	0.00	0.39	1.58	0.00
1	1	0.00	0.14	0.75	1.10	0.76
1	5	0.00	0.00	0.59	0.69	0.00
2	2	0.00	0.00	0.44	1.38	0.00
2	6	0.00	0.01	0.41	1.28	0.00
3	3	0.00	0.02	1.61	0.69	0.00
3	7	0.00	1.38	96.31	0.00	0.00
Core	CPU	C1%	C3%	C6%	C8%	C9%
-	-	0.00	0.17	12.50	0.67	0.00
0	0	0.00	0.00	0.19	0.99	0.00
0	4	0.00	0.00	0.56	0.99	0.00
1	1	0.00	0.00	0.65	0.49	0.00
1	5	0.00	0.00	0.52	0.79	0.00
2	2	0.00	0.01	0.28	0.60	0.00
2	6	0.00	0.00	0.17	0.93	0.00
3	3	0.01	0.03	1.07	0.58	0.00
3	7	0.00	1.28	96.56	0.00	0.00
Core	CPU	C1%	C3%	C6%	C8%	C9%
-	-	0.01	0.28	12.37	0.88	0.00
0	0	0.03	0.03	0.10	0.59	0.00
0	4	0.00	0.00	0.73	0.70	0.00
1	1	0.00	0.00	0.50	1.09	0.00
1	5	0.00	0.00	0.73	1.21	0.00
2	2	0.00	0.00	0.35	0.79	0.00
2	6	0.00	0.00	0.33	1.87	0.00
3	3	0.00	0.05	1.18	0.79	0.00
3	7	0.04	2.19	95.05	0.00	0.00
Core	CPU	C1%	C3%	C6%	C8%	C9%
-	-	0.00	0.15	12.60	0.84	0.00
0	0	0.00	0.00	1.30	1.48	0.00
0	4	0.00	0.00	0.44	1.19	0.00
1	1	0.00	0.00	0.35	0.80	0.00
1	5	0.00	0.00	0.54	0.40	0.00
2	2	0.00	0.00	0.20	0.98	0.00
2	6	0.00	0.00	0.28	1.34	0.00
3	3	0.00	0.00	1.06	0.50	0.00
3	7	0.00	1.21	96.62	0.00	0.00
Core	CPU	C1%	C3%	C6%	C8%	C9%
-	-	0.00	0.41	12.34	0.81	0.00
0	0	0.00	0.00	0.10	0.99	0.00
0	4	0.00	0.00	0.68	1.09	0.00
1	1	0.00	1.49	0.07	0.02	0.00
1	5	0.00	0.00	0.35	1.09	0.00
2	2	0.00	0.01	0.83	1.10	0.00
2	6	0.00	0.02	0.19	0.91	0.00
3	3	0.00	0.03	0.39	1.28	0.00
3	7	0.00	1.75	96.08	0.00	0.00
Core	CPU	C1%	C3%	C6%	C8%	C9%
-	-	0.00	0.25	12.42	0.95	0.00
0	0	0.00	0.03	0.29	1.30	0.00
0	4	0.00	0.00	0.26	1.39	0.00
1	1	0.00	0.00	0.58	0.29	0.00
1	5	0.00	0.00	0.88	1.08	0.00
2	2	0.00	0.00	0.27	0.89	0.00
2	6	0.00	0.00	0.26	1.35	0.00
3	3	0.00	0.04	1.19	1.28	0.00
3	7	0.00	1.96	95.61	0.00	0.00
Core	CPU	C1%	C3%	C6%	C8%	C9%
-	-	0.00	0.23	12.49	1.09	0.00
0	0	0.00	0.00	0.29	1.09	0.00
0	4	0.00	0.00	1.15	1.68	0.00
1	1	0.00	0.00	0.32	1.19	0.00
1	5	0.00	0.00	0.14	1.09	0.00
2	2	0.00	0.02	0.69	0.90	0.00
2	6	0.00	0.38	0.46	1.82	0.00
3	3	0.00	0.00	0.50	0.99	0.00
3	7	0.00	1.41	96.40	0.00	0.00
Core	CPU	C1%	C3%	C6%	C8%	C9%
-	-	0.06	0.42	12.27	0.98	0.00
0	0	0.45	0.00	1.06	1.68	0.00
0	4	0.00	0.00	0.00	0.40	0.00
1	1	0.00	0.00	0.89	0.79	0.00
1	5	0.00	0.00	0.44	1.19	0.00
2	2	0.00	0.00	0.36	0.89	0.00
2	6	0.00	0.00	0.44	1.86	0.00
3	3	0.00	0.03	1.01	0.98	0.00
3	7	0.01	3.32	94.00	0.00	0.00
Core	CPU	C1%	C3%	C6%	C8%	C9%
-	-	0.00	0.16	12.53	0.75	0.00
0	0	0.00	0.01	0.27	1.49	0.00
0	4	0.00	0.00	0.43	0.89	0.00
1	1	0.00	0.00	0.24	0.99	0.00
1	5	0.00	0.03	0.60	0.49	0.00
2	2	0.00	0.00	0.10	0.64	0.00
2	6	0.00	0.00	0.69	0.69	0.00
3	3	0.00	0.04	1.26	0.79	0.00
3	7	0.00	1.20	96.66	0.00	0.00
Core	CPU	C1%	C3%	C6%	C8%	C9%
-	-	0.00	0.20	12.36	0.96	0.00
0	0	0.00	0.00	0.59	1.09	0.00
0	4	0.00	0.00	0.49	0.89	0.00
1	1	0.00	0.00	0.27	0.89	0.00
1	5	0.00	0.00	0.45	1.68	0.00
2	2	0.00	0.00	0.24	0.89	0.00
2	6	0.00	0.00	0.23	1.09	0.00
3	3	0.00	0.00	0.41	1.19	0.00
3	7	0.00	1.61	96.21	0.00	0.00
Core	CPU	C1%	C3%	C6%	C8%	C9%
-	-	0.00	0.30	12.41	1.25	0.14
0	0	0.00	0.00	0.46	1.78	0.00
0	4	0.00	0.00	0.29	1.88	0.00
1	1	0.00	1.10	0.12	0.06	1.10
1	5	0.00	0.00	0.30	1.22	0.00
2	2	0.00	0.00	0.29	1.68	0.00
2	6	0.00	0.00	0.38	1.58	0.00
3	3	0.00	0.02	0.95	1.77	0.00
3	7	0.00	1.29	96.53	0.00	0.00
Core	CPU	C1%	C3%	C6%	C8%	C9%
-	-	0.00	0.21	12.60	0.88	0.00
0	0	0.00	0.00	1.16	1.79	0.00
0	4	0.00	0.00	0.38	1.09	0.00
1	1	0.00	0.00	0.36	0.79	0.00
1	5	0.00	0.00	0.33	1.49	0.00
2	2	0.00	0.00	0.92	0.39	0.00
2	6	0.00	0.01	0.90	0.52	0.00
3	3	0.00	0.03	0.83	0.99	0.00
3	7	0.00	1.67	95.95	0.00	0.00
Core	CPU	C1%	C3%	C6%	C8%	C9%
-	-	0.00	0.28	12.19	0.84	0.00
0	0	0.00	0.00	0.58	1.09	0.00
0	4	0.00	0.01	0.18	0.79	0.00
1	1	0.00	0.01	0.18	0.71	0.00
1	5	0.00	0.00	0.19	1.19	0.00
2	2	0.00	0.00	0.27	0.99	0.00
2	6	0.00	0.01	0.26	1.68	0.00
3	3	0.00	0.07	1.28	0.30	0.00
3	7	0.00	2.12	94.59	0.00	0.00
Core	CPU	C1%	C3%	C6%	C8%	C9%
-	-	0.00	0.26	12.27	0.61	0.00
0	0	0.00	0.00	0.38	0.79	0.00
0	4	0.00	0.00	0.86	0.30	0.00
1	1	0.00	0.00	0.22	0.99	0.00
1	5	0.00	0.00	0.42	1.68	0.00
2	2	0.00	0.00	0.18	0.53	0.00
2	6	0.00	0.01	0.28	0.49	0.00
3	3	0.00	0.02	1.05	0.10	0.00
3	7	0.01	2.06	94.76	0.00	0.00
Core	CPU	C1%	C3%	C6%	C8%	C9%
-	-	0.03	0.35	11.94	0.90	0.00
0	0	0.03	0.02	0.60	0.39	0.00
0	4	0.00	0.00	0.59	0.70	0.00
1	1	0.00	0.00	0.58	0.99	0.00
1	5	0.00	0.00	0.77	1.16	0.00
2	2	0.00	0.00	0.25	2.37	0.00
2	6	0.00	0.01	1.33	0.79	0.00
3	3	0.08	0.06	0.79	0.79	0.00
3	7	0.11	2.70	90.59	0.00	0.00
Core	CPU	C1%	C3%	C6%	C8%	C9%
-	-	0.00	0.22	12.66	0.97	0.00
0	0	0.00	0.00	1.32	1.68	0.00
0	4	0.00	0.00	0.24	1.39	0.00
1	1	0.00	0.00	0.51	0.70	0.00
1	5	0.00	0.00	0.79	0.81	0.00
2	2	0.00	0.00	0.69	1.28	0.00
2	6	0.00	0.00	0.48	0.99	0.00
3	3	0.00	0.02	1.14	0.89	0.00
3	7	0.00	1.73	96.12	0.00	0.00
Core	CPU	C1%	C3%	C6%	C8%	C9%
-	-	0.01	0.52	12.57	1.13	0.00
0	0	0.00	0.00	0.39	1.19	0.00
0	4	0.00	0.00	0.85	1.68	0.00
1	1	0.00	1.85	0.18	0.00	0.00
1	5	0.00	0.00	1.04	1.39	0.00
2	2	0.00	0.00	0.72	1.68	0.00
2	6	0.00	0.02	0.79	1.70	0.00
3	3	0.10	0.02	1.01	1.37	0.00
3	7	0.00	2.29	95.60	0.00	0.00
Core	CPU	C1%	C3%	C6%	C8%	C9%
-	-	0.00	0.19	12.51	0.72	0.00
0	0	0.00	0.00	0.24	0.89	0.00
0	4	0.00	0.00	0.62	0.30	0.00
1	1	0.00	0.00	0.70	0.69	0.00
1	5	0.00	0.00	0.48	1.68	0.00
2	2	0.00	0.00	0.27	0.89	0.00
2	6	0.00	0.00	0.36	0.86	0.00
3	3	0.00	0.04	0.99	0.48	0.00
3	7	0.00	1.45	96.41	0.00	0.00
Core	CPU	C1%	C3%	C6%	C8%	C9%
-	-	0.00	0.20	12.63	0.92	0.00
0	0	0.00	0.00	0.34	1.09	0.00
0	4	0.00	0.00	0.71	1.19	0.00
1	1	0.00	0.06	0.89	0.79	0.00
1	5	0.00	0.00	0.24	1.18	0.00
2	2	0.00	0.02	0.69	0.90	0.00
2	6	0.00	0.00	0.61	1.03	0.00
3	3	0.00	0.04	1.17	1.18	0.00
3	7	0.00	1.45	96.42	0.00	0.00
Core	CPU	C1%	C3%	C6%	C8%	C9%
-	-	0.00	0.20	12.50	0.75	0.00
0	0	0.00	0.00	0.48	0.79	0.00
0	4	0.00	0.00	0.50	0.39	0.00
1	1	0.00	0.00	0.19	0.99	0.00
1	5	0.00	0.00	0.37	0.89	0.00
2	2	0.00	0.00	0.45	0.69	0.00
2	6	0.00	0.08	0.64	1.28	0.00
3	3	0.00	0.02	1.00	1.00	0.00
3	7	0.00	1.52	96.36	0.00	0.00
Core	CPU	C1%	C3%	C6%	C8%	C9%
-	-	0.00	0.15	12.30	0.86	0.00
0	0	0.00	0.00	0.27	1.09	0.00
0	4	0.00	0.01	0.35	0.89	0.00
1	1	0.00	0.00	0.14	0.99	0.00
1	5	0.00	0.02	0.10	1.09	0.00
2	2	0.00	0.00	0.00	0.74	0.00
2	6	0.00	0.00	0.19	0.89	0.00
3	3	0.00	0.02	0.67	1.18	0.00
3	7	0.00	1.18	96.68	0.00	0.00
Core	CPU	C1%	C3%	C6%	C8%	C9%
-	-	0.00	0.16	12.44	0.89	0.00
0	0	0.00	0.00	0.20	0.70	0.00
0	4	0.00	0.00	0.79	0.40	0.00
1	1	0.00	0.00	0.27	0.99	0.00
1	5	0.00	0.00	0.63	1.79	0.00
2	2	0.00	0.00	0.24	0.89	0.00
2	6	0.00	0.00	0.13	0.99	0.00
3	3	0.00	0.04	0.84	1.37	0.00
3	7	0.00	1.22	96.46	0.00	0.00
Core	CPU	C1%	C3%	C6%	C8%	C9%
-	-	0.01	0.41	12.51	1.13	0.00
0	0	0.00	0.00	1.15	1.28	0.00
0	4	0.00	0.00	0.34	1.68	0.00
1	1	0.01	0.73	0.27	0.56	0.00
1	5	0.00	0.00	0.30	1.02	0.00
2	2	0.00	0.00	0.78	1.28	0.00
2	6	0.00	0.05	1.28	2.05	0.00
3	3	0.10	0.00	0.87	1.17	0.00
3	7	0.00	2.47	95.09	0.00	0.00
Core	CPU	C1%	C3%	C6%	C8%	C9%
-	-	0.01	0.28	12.57	0.64	0.00
0	0	0.00	0.00	0.97	0.89	0.00
0	4	0.06	0.00	0.59	0.99	0.00
1	1	0.00	0.00	0.36	0.79	0.00
1	5	0.00	0.00	0.33	1.28	0.00
2	2	0.00	0.00	0.73	0.49	0.00
2	6	0.00	0.00	0.90	0.29	0.00
3	3	0.00	0.00	1.10	0.40	0.00
3	7	0.00	2.22	95.60	0.00	0.00
Core	CPU	C1%	C3%	C6%	C8%	C9%
-	-	0.01	0.38	12.23	1.31	0.00
0	0	0.05	0.00	0.14	0.40	0.00
0	4	0.00	0.00	0.67	2.84	0.00
1	1	0.00	0.00	1.17	1.49	0.00
1	5	0.00	0.00	1.06	1.38	0.00
2	2	0.00	0.00	0.27	1.29	0.00
2	6	0.00	0.00	0.46	1.58	0.00
3	3	0.00	0.03	0.69	1.48	0.00
3	7	0.05	2.99	93.41	0.00	0.00
Core	CPU	C1%	C3%	C6%	C8%	C9%
-	-	0.00	0.30	12.42	0.58	0.00
0	0	0.00	0.00	0.58	0.69	0.00
0	4	0.00	0.00	0.56	0.79	0.00
1	1	0.00	0.00	0.25	0.89	0.00
1	5	0.00	0.00	0.52	0.49	0.00
2	2	0.00	0.01	0.30	0.90	0.00
2	6	0.00	0.00	0.10	0.89	0.00
3	3	0.00	0.04	1.73	0.00	0.00
3	7	0.00	2.38	95.35	0.00	0.00
Core	CPU	C1%	C3%	C6%	C8%	C9%
-	-	0.00	0.26	12.56	0.90	0.00
0	0	0.00	0.01	0.62	0.10	0.00
0	4	0.00	0.00	0.64	0.98	0.00
1	1	0.00	0.00	0.43	1.38	0.00
1	5	0.00	0.00	0.67	1.19	0.00
2	2	0.00	0.00	0.53	1.09	0.00
2	6	0.00	0.00	0.52	1.68	0.00
3	3	0.00	0.05	1.29	0.79	0.00
3	7	0.00	2.02	95.75	0.00	0.00
Core	CPU	C1%	C3%	C6%	C8%	C9%
-	-	0.00	0.24	12.54	1.00	0.00
0	0	0.00	0.00	1.21	1.38	0.00
0	4	0.00	0.00	0.55	0.79	0.00
1	1	0.00	0.00	0.72	0.69	0.00
1	5	0.00	0.02	0.89	1.60	0.00
2	2	0.00	0.00	0.10	1.19	0.00
2	6	0.00	0.00	0.19	0.99	0.00
3	3	0.00	0.00	0.73	1.38	0.00
3	7	0.00	1.87	95.96	0.00	0.00
Core	CPU	C1%	C3%	C6%	C8%	C9%
-	-	0.00	0.48	12.31	1.31	0.00
0	0	0.00	0.00	0.10	1.29	0.00
0	4	0.00	0.01	0.69	1.78	0.00
1	1	0.00	2.35	0.19	0.00	0.00
1	5	0.00	0.00	0.20	1.69	0.00
2	2	0.00	0.00	0.24	1.78	0.00
2	6	0.00	0.00	0.23	2.08	0.00
3	3	0.00	0.03	0.38	1.88	0.00
3	7	0.00	1.45	96.42	0.00	0.00
Core	CPU	C1%	C3%	C6%	C8%	C9%
-	-	0.00	0.31	12.48	0.52	0.11
0	0	0.00	0.00	0.35	0.79	0.00
0	4	0.00	0.00	0.93	0.40	0.00
1	1	0.00	0.02	0.60	0.01	0.00
1	5	0.00	0.00	0.28	0.53	0.00
2	2	0.00	0.00	0.68	0.99	0.00
2	6	0.00	0.00	0.37	0.69	0.00
3	3	0.00	0.04	1.24	0.79	0.87
3	7	0.00	2.39	95.35	0.00	0.00
Core	CPU	C1%	C3%	C6%	C8%	C9%
-	-	0.01	0.19	13.01	1.32	0.00
0	0	0.00	0.00	0.69	1.29	0.00
0	4	0.00	0.00	0.58	1.88	0.00
1	1	0.00	0.00	0.71	1.38	0.00
1	5	0.00	0.00	0.34	2.07	0.00
2	2	0.00	0.00	1.71	0.89	0.00
2	6	0.00	0.02	2.45	1.58	0.00
3	3	0.07	0.03	1.29	1.48	0.00
3	7	0.00	1.49	96.34	0.00	0.00
Core	CPU	C1%	C3%	C6%	C8%	C9%
-	-	0.00	0.25	12.35	0.85	0.00
0	0	0.00	0.00	0.27	1.48	0.00
0	4	0.00	0.02	0.49	0.79	0.00
1	1	0.00	0.00	0.10	0.79	0.00
1	5	0.00	0.00	0.28	0.99	0.00
2	2	0.00	0.00	0.28	0.99	0.00
2	6	0.00	0.00	0.36	0.79	0.00
3	3	0.00	0.04	1.13	0.98	0.00
3	7	0.00	1.95	95.89	0.00	0.00
Core	CPU	C1%	C3%	C6%	C8%	C9%
-	-	0.00	0.22	12.42	0.75	0.00
0	0	0.00	0.00	0.30	1.09	0.00
0	4	0.00	0.00	0.45	0.79	0.00
1	1	0.00	0.00	0.16	0.99	0.00
1	5	0.00	0.00	0.15	1.09	0.00
2	2	0.00	0.00	0.92	0.59	0.00
2	6	0.00	0.01	0.90	0.49	0.00
3	3	0.00	0.01	0.52	0.97	0.00
3	7	0.00	1.77	95.99	0.00	0.00
Core	CPU	C1%	C3%	C6%	C8%	C9%
-	-	0.00	0.18	12.58	0.62	0.00
0	0	0.00	0.00	0.83	0.79	0.00
0	4	0.00	0.02	0.50	0.20	0.00
1	1	0.00	0.00	0.10	0.99	0.00
1	5	0.00	0.00	1.06	0.99	0.00
2	2	0.00	0.00	0.36	0.89	0.00
2	6	0.00	0.00	0.25	1.09	0.00
3	3	0.00	0.06	1.09	0.00	0.00
3	7	0.00	1.37	96.44	0.00	0.00
Core	CPU	C1%	C3%	C6%	C8%	C9%
-	-	0.00	0.33	12.22	0.57	0.00
0	0	0.00	0.00	0.28	0.69	0.00
0	4	0.00	0.00	0.61	0.39	0.00
1	1	0.00	0.50	0.15	0.03	0.00
1	5	0.00	0.00	0.13	0.40	0.00
2	2	0.00	0.01	0.22	0.60	0.00
2	6	0.00	0.00	0.15	1.39	0.00
3	3	0.00	0.03	0.47	1.08	0.00
3	7	0.00	2.08	95.75	0.00	0.00
Core	CPU	C1%	C3%	C6%	C8%	C9%
-	-	0.00	0.31	12.51	0.84	0.00
0	0	0.00	0.02	0.40	1.29	0.00
0	4	0.00	0.00	0.50	0.79	0.00
1	1	0.00	0.00	1.40	0.79	0.00
1	5	0.00	0.00	0.90	1.28	0.00
2	2	0.00	0.00	0.25	0.89	0.00
2	6	0.00	0.00	0.14	1.09	0.00
3	3	0.00	0.01	1.12	0.59	0.00
3	7	0.00	2.43	95.35	0.00	0.00
Core	CPU	C1%	C3%	C6%	C8%	C9%
-	-	0.00	0.31	11.58	0.94	0.11
0	0	0.00	0.00	0.27	0.79	0.00
0	4	0.00	0.02	0.25	1.08	0.00
1	1	0.00	0.04	0.41	1.37	0.00
1	5	0.00	0.02	0.10	1.31	0.00
2	2	0.00	0.01	0.16	1.10	0.90
2	6	0.00	0.00	0.34	0.99	0.00
3	3	0.00	0.02	0.57	0.89	0.00
3	7	0.01	2.36	90.50	0.00	0.00
Core	CPU	C1%	C3%	C6%	C8%	C9%
-	-	0.02	0.27	12.24	0.94	0.00
0	0	0.06	0.00	0.07	0.60	0.00
0	4	0.00	0.00	0.19	1.19	0.00
1	1	0.00	0.02	0.77	1.49	0.00
1	5	0.00	0.00	0.46	1.38	0.00
2	2	0.00	0.00	0.14	1.38	0.00
2	6	0.00	0.02	0.10	1.09	0.00
3	3	0.00	0.04	1.18	0.40	0.00
3	7	0.06	2.05	95.06	0.00	0.00
Core	CPU	C1%	C3%	C6%	C8%	C9%
-	-	0.01	0.24	12.67	0.79	0.08
0	0	0.00	0.00	0.45	0.50	0.00
0	4	0.00	0.00	0.90	1.38	0.00
1	1	0.00	0.02	0.59	0.70	0.00
1	5	0.00	0.00	0.79	0.59	0.00
2	2	0.00	0.00	0.31	0.69	0.00
2	6	0.00	0.00	0.28	1.08	0.00
3	3	0.10	0.00	2.02	1.38	0.62
3	7	0.00	1.89	96.00	0.00	0.00
Core	CPU	C1%	C3%	C6%	C8%	C9%
-	-	0.10	0.14	12.58	1.16	0.00
0	0	0.00	0.00	1.18	1.48	0.00
0	4	0.77	0.00	0.10	1.29	0.00
1	1	0.00	0.00	0.56	1.28	0.00
1	5	0.00	0.00	0.33	1.19	0.00
2	2	0.00	0.00	0.79	1.68	0.00
2	6	0.00	0.00	0.20	1.39	0.00
3	3	0.00	0.02	0.73	0.99	0.00
3	7	0.00	1.06	96.78	0.00	0.00
Core	CPU	C1%	C3%	C6%	C8%	C9%
-	-	0.01	0.21	12.63	1.07	0.00
0	0	0.00	0.00	0.04	0.59	0.00
0	4	0.00	0.00	0.44	1.58	0.00
1	1	0.01	0.42	0.06	0.08	0.00
1	5	0.00	0.00	0.93	1.79	0.00
2	2	0.00	0.00	0.47	2.18	0.00
2	6	0.00	0.00	0.95	1.29	0.00
3	3	0.10	0.01	1.62	1.09	0.00
3	7	0.00	1.22	96.56	0.00	0.00
Core	CPU	C1%	C3%	C6%	C8%	C9%
-	-	0.00	0.24	12.42	0.70	0.00
0	0	0.00	0.00	0.28	0.89	0.00
0	4	0.00	0.00	0.56	0.39	0.00
1	1	0.00	0.00	0.64	0.59	0.00
1	5	0.00	0.00	0.23	1.29	0.00
2	2	0.00	0.01	0.39	0.60	0.00
2	6	0.00	0.00	0.10	1.29	0.00
3	3	0.00	0.02	1.19	0.58	0.00
3	7	0.00	1.89	96.01	0.00	0.00
Core	CPU	C1%	C3%	C6%	C8%	C9%
-	-	0.00	0.23	12.61	1.09	0.00
0	0	0.00	0.00	0.73	0.69	0.00
0	4	0.00	0.01	1.54	0.79	0.00
1	1	0.00	0.00	0.19	0.99	0.00
1	5	0.00	0.00	0.18	1.77	0.00
2	2	0.00	0.00	0.76	2.38	0.00
2	6	0.00	0.00	0.64	1.09	0.00
3	3	0.00	0.03	0.73	0.98	0.00
3	7	0.00	1.79	96.10	0.00	0.00
Core	CPU	C1%	C3%	C6%	C8%	C9%
-	-	0.00	0.27	12.47	0.82	0.00
0	0	0.00	0.00	1.23	2.17	0.00
0	4	0.00	0.00	0.36	0.99	0.00
1	1	0.00	0.00	0.14	0.40	0.00
1	5	0.00	0.04	0.29	1.00	0.00
2	2	0.00	0.00	0.60	0.10	0.00
2	6	0.00	0.00	0.19	0.99	0.00
3	3	0.00	0.01	1.24	0.89	0.00
3	7	0.00	2.11	95.70	0.00	0.00
Core	CPU	C1%	C3%	C6%	C8%	C9%
-	-	0.00	0.31	12.44	0.68	0.00
0	0	0.00	0.02	0.50	0.00	0.00
0	4	0.00	0.03	0.00	0.50	0.00
1	1	0.00	0.00	0.58	1.09	0.00
1	5	0.00	0.00	0.66	0.59	0.00
2	2	0.00	0.00	0.23	1.20	0.00
2	6	0.00	0.00	0.86	1.39	0.00
3	3	0.00	0.04	1.17	0.68	0.00
3	7	0.00	2.37	95.51	0.00	0.00
Core	CPU	C1%	C3%	C6%	C8%	C9%
-	-	0.01	0.09	12.44	0.81	0.00
0	0	0.00	0.00	0.45	0.99	0.00
0	4	0.00	0.00	0.64	0.60	0.00
1	1	0.00	0.02	0.20	0.30	0.00
1	5	0.00	0.00	0.19	0.63	0.00
2	2	0.00	0.00	0.19	1.28	0.00
2	6	0.00	0.00	0.28	0.99	0.00
3	3	0.08	0.04	0.40	1.67	0.00
3	7	0.00	0.69	97.18	0.00	0.00
Core	CPU	C1%	C3%	C6%	C8%	C9%
-	-	0.00	0.53	12.47	1.25	0.00
0	0	0.00	0.00	0.10	1.29	0.00
0	4	0.00	0.00	0.98	1.58	0.00
1	1	0.00	2.35	0.28	0.02	0.00
1	5	0.00	0.00	0.25	1.78	0.00
2	2	0.00	0.02	0.39	2.67	0.00
2	6	0.00	0.02	0.20	1.88	0.00
3	3	0.00	0.01	1.59	0.79	0.00
3	7	0.00	1.82	95.97	0.00	0.00
Core	CPU	C1%	C3%	C6%	C8%	C9%
-	-	0.00	0.24	12.43	0.71	0.00
0	0	0.00	0.00	0.19	1.48	0.00
0	4	0.00	0.00	0.62	0.99	0.00
1	1	0.00	0.00	0.60	0.51	0.00
1	5	0.00	0.00	0.28	0.89	0.00
2	2	0.00	0.00	0.31	0.99	0.00
2	6	0.00	0.00	0.36	0.79	0.00
3	3	0.00	0.02	1.13	0.00	0.00
3	7	0.00	1.93	95.94	0.00	0.00
Core	CPU	C1%	C3%	C6%	C8%	C9%
-	-	0.00	0.21	12.39	0.89	0.08
0	0	0.00	0.00	0.29	0.89	0.00
0	4	0.00	0.00	0.75	1.09	0.00
1	1	0.00	0.00	0.58	0.98	0.00
1	5	0.00	0.00	0.14	0.99	0.00
2	2	0.00	0.03	0.58	1.09	0.62
2	6	0.00	0.00	0.10	1.09	0.00
3	3	0.00	0.12	0.42	0.98	0.00
3	7	0.00	1.51	96.27	0.00	0.00
Core	CPU	C1%	C3%	C6%	C8%	C9%
-	-	0.00	0.14	12.59	1.00	0.00
0	0	0.00	0.00	0.22	0.20	0.00
0	4	0.00	0.00	0.10	1.49	0.00
1	1	0.00	0.00	0.68	1.38	0.00
1	5	0.00	0.00	0.72	1.98	0.00
2	2	0.00	0.00	0.85	1.09	0.00
2	6	0.00	0.00	0.14	1.48	0.00
3	3	0.00	0.03	1.40	0.40	0.00
3	7	0.00	1.11	96.64	0.00	0.00
Core	CPU	C1%	C3%	C6%	C8%	C9%
-	-	0.00	0.08	12.58	0.46	0.00
0	0	0.00	0.00	0.37	0.59	0.00
0	4	0.00	0.00	0.51	0.49	0.00
1	1	0.00	0.00	0.63	0.59	0.00
1	5	0.00	0.13	0.00	0.42	0.00
2	2	0.00	0.00	0.16	0.50	0.00
2	6	0.00	0.00	0.39	0.49	0.00
3	3	0.00	0.02	1.29	0.59	0.00
3	7	0.00	0.47	97.27	0.00	0.00
Core	CPU	C1%	C3%	C6%	C8%	C9%
-	-	0.00	0.20	12.55	0.82	0.00
0	0	0.00	0.03	0.99	0.59	0.00
0	4	0.00	0.00	0.39	1.09	0.00
1	1	0.00	0.00	0.47	0.89	0.00
1	5	0.00	0.00	0.34	1.28	0.00
2	2	0.00	0.00	0.14	1.09	0.00
2	6	0.00	0.03	0.63	0.99	0.00
3	3	0.00	0.02	1.13	0.59	0.00
3	7	0.00	1.56	96.28	0.00	0.00
Core	CPU	C1%	C3%	C6%	C8%	C9%
-	-	0.00	0.27	12.57	1.01	0.00
0	0	0.00	0.00	0.85	1.18	0.00
0	4	0.00	0.00	0.67	1.48	0.00
1	1	0.00	0.71	0.12	0.06	0.00
1	5	0.00	0.00	0.30	0.93	0.00
2	2	0.00	0.00	0.46	1.67	0.00
2	6	0.00	0.00	0.77	1.28	0.00
3	3	0.04	0.02	0.90	1.47	0.00
3	7	0.00	1.43	96.45	0.00	0.00
Core	CPU	C1%	C3%	C6%	C8%	C9%
-	-	0.00	0.20	12.70	0.98	0.00
0	0	0.00	0.00	0.39	1.58	0.00
0	4	0.00	0.00	0.38	1.49	0.00
1	1	0.00	0.00	0.85	1.09	0.00
1	5	0.00	0.00	0.43	1.19	0.00
2	2	0.00	0.00	1.02	0.89	0.00
2	6	0.00	0.01	1.20	0.69	0.00
3	3	0.00	0.04	1.17	0.89	0.00
3	7	0.00	1.58	96.16	0.00	0.00
Core	CPU	C1%	C3%	C6%	C8%	C9%
-	-	0.00	0.16	12.53	0.70	0.15
0	0	0.00	0.00	0.84	0.79	0.00
0	4	0.00	0.00	0.69	0.99	0.00
1	1	0.00	0.02	0.36	0.80	1.17
1	5	0.00	0.00	0.40	1.19	0.00
2	2	0.00	0.00	0.28	0.89	0.00
2	6	0.00	0.00	0.36	0.69	0.00
3	3	0.00	0.02	0.94	0.20	0.00
3	7	0.00	1.22	96.37	0.00	0.00
Core	CPU	C1%	C3%	C6%	C8%	C9%
-	-	0.00	0.22	12.39	0.81	0.00
0	0	0.00	0.00	0.19	1.29	0.00
0	4	0.00	0.00	0.47	0.89	0.00
1	1	0.00	0.09	0.44	0.86	0.00
1	5	0.00	0.00	0.13	0.50	0.00
2	2	0.00	0.02	0.19	0.90	0.00
2	6	0.00	0.00	0.68	0.70	0.00
3	3	0.00	0.00	0.85	1.38	0.00
3	7	0.00	1.62	96.15	0.00	0.00
Core	CPU	C1%	C3%	C6%	C8%	C9%
-	-	0.01	0.25	12.59	1.01	0.00
0	0	0.00	0.00	0.73	0.69	0.00
0	4	0.00	0.02	0.78	0.49	0.00
1	1	0.00	0.00	0.69	1.09	0.00
1	5	0.00	0.00	0.28	1.58	0.00
2	2	0.00	0.00	0.99	1.49	0.00
2	6	0.00	0.00	0.84	1.38	0.00
3	3	0.07	0.04	0.51	1.38	0.00
3	7	0.00	1.98	95.90	0.00	0.00
Core	CPU	C1%	C3%	C6%	C8%	C9%
-	-	0.02	0.28	12.39	0.71	0.00
0	0	0.11	0.00	1.01	0.79	0.00
0	4	0.00	0.00	0.65	1.08	0.00
1	1	0.00	0.00	0.14	0.59	0.00
1	5	0.00	0.00	0.39	0.59	0.00
2	2	0.00	0.00	0.60	0.80	0.00
2	6	0.00	0.00	0.19	0.99	0.00
3	3	0.01	0.03	1.16	0.88	0.00
3	7	0.07	2.22	94.99	0.00	0.00
Core	CPU	C1%	C3%	C6%	C8%	C9%
-	-	0.00	0.34	12.30	0.69	0.00
0	0	0.00	0.02	0.20	0.30	0.00
0	4	0.00	0.00	0.16	0.60	0.00
1	1	0.01	1.37	0.09	0.10	0.00
1	5	0.00	0.00	0.87	1.18	0.00
2	2	0.00	0.00	0.25	1.28	0.00
2	6	0.00	0.00	0.14	1.48	0.00
3	3	0.00	0.04	1.19	0.59	0.00
3	7	0.01	1.27	95.54	0.00	0.00
Core	CPU	C1%	C3%	C6%	C8%	C9%
-	-	0.00	0.16	12.17	0.69	0.00
0	0	0.00	0.00	1.33	1.18	0.00
0	4	0.00	0.00	0.24	1.08	0.00
1	1	0.00	0.02	0.59	0.50	0.00
1	5	0.00	0.00	0.29	0.30	0.00
2	2	0.00	0.00	0.19	0.99	0.00
2	6	0.00	0.00	0.87	0.69	0.00
3	3	0.00	0.01	1.12	0.79	0.00
3	7	0.01	1.25	92.73	0.00	0.00
Core	CPU	C1%	C3%	C6%	C8%	C9%
-	-	0.10	0.12	12.62	0.58	0.11
0	0	0.79	0.00	0.00	0.00	0.00
0	4	0.00	0.00	0.27	1.00	0.00
1	1	0.00	0.00	0.26	0.89	0.00
1	5	0.00	0.00	0.25	0.89	0.00
2	2	0.00	0.00	0.92	0.29	0.00
2	6	0.00	0.02	1.12	1.18	0.90
3	3	0.00	0.02	1.19	0.40	0.00
3	7	0.00	0.94	96.96	0.00	0.00
Core	CPU	C1%	C3%	C6%	C8%	C9%
-	-	0.01	0.18	12.28	0.86	0.00
0	0	0.00	0.00	0.14	1.09	0.00
0	4	0.00	0.00	0.22	0.69	0.00
1	1	0.00	0.00	0.20	0.89	0.00
1	5	0.00	0.00	0.28	1.08	0.00
2	2	0.00	0.00	0.28	0.89	0.00
2	6	0.00	0.00	0.26	1.18	0.00
3	3	0.07	0.04	0.41	1.08	0.00
3	7	0.00	1.41	96.48	0.00	0.00
Core	CPU	C1%	C3%	C6%	C8%	C9%
-	-	0.00	0.19	12.59	0.72	0.00
0	0	0.00	0.00	0.79	1.18	0.00
0	4	0.00	0.00	0.28	0.89	0.00
1	1	0.00	0.00	0.16	1.09	0.00
1	5	0.00	0.00	0.15	0.99	0.00
2	2	0.00	0.00	0.80	0.49	0.00
2	6	0.00	0.00	0.65	0.87	0.00
3	3	0.00	0.03	1.54	0.29	0.00
3	7	0.00	1.52	96.35	0.00	0.00
Core	CPU	C1%	C3%	C6%	C8%	C9%
-	-	0.00	0.15	12.60	0.85	0.00
0	0	0.00	0.01	1.18	1.28	0.00
0	4	0.00	0.02	0.50	0.88	0.00
1	1	0.00	0.00	0.20	0.99	0.00
1	5	0.00	0.00	0.47	1.58	0.00
2	2	0.00	0.00	0.16	0.69	0.00
2	6	0.00	0.00	0.54	0.79	0.00
3	3	0.00	0.06	1.13	0.59	0.00
3	7	0.00	1.14	96.63	0.00	0.00
Core	CPU	C1%	C3%	C6%	C8%	C9%
-	-	0.00	0.21	12.45	0.52	0.00
0	0	0.00	0.00	0.67	0.79	0.00
0	4	0.00	0.00	0.55	0.49	0.00
1	1	0.00	0.40	0.15	0.03	0.00
1	5	0.00	0.00	0.13	0.60	0.00
2	2	0.00	0.01	0.30	0.79	0.00
2	6	0.00	0.00	0.10	0.89	0.00
3	3	0.00	0.00	1.12	0.58	0.00
3	7	0.00	1.30	96.58	0.00	0.00
Core	CPU	C1%	C3%	C6%	C8%	C9%
-	-	0.00	0.13	12.49	0.80	0.79
0	0	0.00	0.02	0.79	0.89	0.00
0	4	0.00	0.00	0.10	0.79	0.00
1	1	0.00	0.00	0.88	0.79	6.30
1	5	0.00	0.00	0.36	0.99	0.00
2	2	0.00	0.00	0.25	0.89	0.00
2	6	0.00	0.00	0.24	1.09	0.00
3	3	0.01	0.05	0.49	0.98	0.00
3	7	0.00	1.01	96.81	0.00	0.00
Core	CPU	C1%	C3%	C6%	C8%	C9%
-	-	0.00	0.29	12.41	0.75	0.00
0	0	0.00	0.00	0.36	0.79	0.00
0	4	0.00	0.00	0.28	1.09	0.00
1	1	0.00	0.01	0.25	0.51	0.00
1	5	0.00	0.02	0.60	0.59	0.00
2	2	0.00	0.00	0.10	0.89	0.00
2	6	0.00	0.02	0.81	1.38	0.00
3	3	0.00	0.03	1.25	0.77	0.00
3	7	0.00	2.21	95.67	0.00	0.00
Core	CPU	C1%	C3%	C6%	C8%	C9%
-	-	0.00	0.23	12.41	0.82	0.00
0	0	0.00	0.00	0.04	0.99	0.00
0	4	0.00	0.00	0.28	0.89	0.00
1	1	0.00	0.00	0.96	1.08	0.00
1	5	0.00	0.00	0.34	0.89	0.00
2	2	0.00	0.00	0.23	0.99	0.00
2	6	0.00	0.02	0.40	0.69	0.00
3	3	0.00	0.00	1.01	0.98	0.00
3	7	0.00	1.82	96.05	0.00	0.00
Core	CPU	C1%	C3%	C6%	C8%	C9%
-	-	0.00	0.30	12.23	0.80	0.00
0	0	0.00	0.00	0.25	0.99	0.00
0	4	0.00	0.00	0.18	1.29	0.00
1	1	0.00	0.02	0.29	0.62	0.00
1	5	0.00	0.00	0.49	0.69	0.00
2	2	0.00	0.00	0.19	1.08	0.00
2	6	0.00	0.00	0.30	0.89	0.00
3	3	0.00	0.03	0.62	0.88	0.00
3	7	0.00	2.37	95.50	0.00	0.00
Core	CPU	C1%	C3%	C6%	C8%	C9%
-	-	0.00	0.21	12.51	1.00	0.00
0	0	0.00	0.00	0.20	1.19	0.00
0	4	0.00	0.00	0.18	0.99	0.00
1	1	0.00	0.00	0.26	0.89	0.00
1	5	0.00	0.00	0.44	1.58	0.00
2	2	0.00	0.00	0.92	0.79	0.00
2	6	0.00	0.01	0.80	0.79	0.00
3	3	0.00	0.03	1.18	1.77	0.00
3	7	0.00	1.67	96.14	0.00	0.00
Core	CPU	C1%	C3%	C6%	C8%	C9%
-	-	0.00	0.36	12.37	0.89	0.00
0	0	0.00	0.00	0.14	1.38	0.00
0	4	0.00	0.00	0.13	1.38	0.00
1	1	0.00	1.03	0.04	0.18	0.00
1	5	0.00	0.00	0.20	1.28	0.00
2	2	0.00	0.00	0.77	1.29	0.00
2	6	0.00	0.00	0.36	1.09	0.00
3	3	0.00	0.04	1.41	0.50	0.00
3	7	0.00	1.85	95.90	0.00	0.00
Core	CPU	C1%	C3%	C6%	C8%	C9%
-	-	0.01	0.15	12.54	0.59	0.00
0	0	0.00	0.00	1.28	0.79	0.00
0	4	0.00	0.00	0.76	0.49	0.00
1	1	0.00	0.00	0.28	1.09	0.00
1	5	0.00	0.00	0.23	0.40	0.00
2	2	0.00	0.02	0.36	0.50	0.00
2	6	0.00	0.00	0.14	0.70	0.00
3	3	0.10	0.00	0.71	0.78	0.00
3	7	0.00	1.20	96.61	0.00	0.00
Core	CPU	C1%	C3%	C6%	C8%	C9%
-	-	0.00	0.17	12.68	1.33	0.00
0	0	0.00	0.00	0.43	0.00	0.00
0	4	0.00	0.01	1.13	2.06	0.00
1	1	0.00	0.00	0.69	1.98	0.00
1	5	0.00	0.00	1.31	2.47	0.00
2	2	0.00	0.00	0.93	1.78	0.00
2	6	0.00	0.00	0.25	1.48	0.00
3	3	0.00	0.03	1.11	0.89	0.00
3	7	0.00	1.36	95.63	0.00	0.00
Core	CPU	C1%	C3%	C6%	C8%	C9%
-	-	0.00	0.09	12.63	0.62	0.00
0	0	0.00	0.00	0.96	0.59	0.00
0	4	0.00	0.00	0.45	0.49	0.00
1	1	0.00	0.00	0.63	0.99	0.00
1	5	0.00	0.03	0.64	0.30	0.00
2	2	0.00	0.00	0.62	0.41	0.00
2	6	0.00	0.00	0.19	0.99	0.00
3	3	0.00	0.03	0.43	1.17	0.00
3	7	0.00	0.70	97.13	0.00	0.00
Core	CPU	C1%	C3%	C6%	C8%	C9%
-	-	0.00	0.18	12.50	0.79	0.00
0	0	0.00	0.12	0.20	0.59	0.00
0	4	0.00	0.00	0.16	1.19	0.00
1	1	0.00	0.00	0.98	0.79	0.00
1	5	0.00	0.00	0.47	0.89	0.00
2	2	0.00	0.00	0.29	1.58	0.00
2	6	0.00	0.00	0.14	0.99	0.00
3	3	0.00	0.05	1.27	0.30	0.00
3	7	0.00	1.28	96.47	0.00	0.00
Core	CPU	C1%	C3%	C6%	C8%	C9%
-	-	0.01	0.13	12.66	0.92	0.12
0	0	0.00	0.00	0.84	1.39	0.00
0	4	0.00	0.00	0.68	1.58	0.00
1	1	0.00	0.01	0.61	0.49	0.00
1	5	0.00	0.00	0.69	0.32	0.00
2	2	0.00	0.00	0.59	1.19	0.00
2	6	0.00	0.00	0.18	0.99	0.00
3	3	0.06	0.16	1.01	1.38	0.96
3	7	0.00	0.88	96.72	0.00	0.00
Core	CPU	C1%	C3%	C6%	C8%	C9%
-	-	0.01	0.21	12.37	0.87	0.12
0	0	0.00	0.00	0.10	0.99	0.00
0	4	0.00	0.00	0.63	1.19	0.00
1	1	0.00	0.00	0.27	0.89	0.00
1	5	0.00	0.00	0.26	0.99	0.00
2	2	0.00	0.00	0.24	0.99	0.00
2	6	0.00	0.00	0.23	1.09	0.00
3	3	0.08	0.11	1.01	0.79	0.96
3	7	0.00	1.61	96.24	0.00	0.00
Core	CPU	C1%	C3%	C6%	C8%	C9%
-	-	0.00	0.21	12.43	0.83	0.00
0	0	0.00	0.00	0.64	1.09	0.00
0	4	0.00	0.00	0.53	0.79	0.00
1	1	0.00	0.01	0.69	0.40	0.00
1	5	0.00	0.00	0.58	2.08	0.00
2	2	0.00	0.00	0.34	0.99	0.00
2	6	0.00	0.00	0.37	0.79	0.00
3	3	0.00	0.10	0.94	0.49	0.00
3	7	0.00	1.58	95.33	0.00	0.00
Core	CPU	C1%	C3%	C6%	C8%	C9%
-	-	0.02	0.30	12.39	0.75	0.12
0	0	0.00	0.00	0.10	0.40	0.00
0	4	0.00	0.00	0.28	0.89	0.00
1	1	0.00	0.00	0.36	1.19	0.00
1	5	0.00	0.00	0.25	1.18	0.00
2	2	0.00	0.01	0.92	0.79	0.00
2	6	0.10	0.01	0.70	0.79	0.00
3	3	0.07	0.14	0.99	0.79	0.96
3	7	0.00	2.27	95.56	0.00	0.00
Core	CPU	C1%	C3%	C6%	C8%	C9%
-	-	0.00	0.24	12.49	0.89	0.00
0	0	0.00	0.00	0.93	1.48	0.00
0	4	0.00	0.02	0.59	0.69	0.00
1	1	0.00	0.00	0.10	0.79	0.00
1	5	0.00	0.00	0.47	1.68	0.00
2	2	0.00	0.00	0.37	0.79	0.00
2	6	0.00	0.00	0.36	0.89	0.00
3	3	0.04	0.05	1.17	0.79	0.00
3	7	0.00	1.84	95.95	0.00	0.00
Core	CPU	C1%	C3%	C6%	C8%	C9%
-	-	0.01	0.20	12.40	0.60	0.00
0	0	0.00	0.00	0.18	1.09	0.00
0	4	0.00	0.00	0.56	0.49	0.00
1	1	0.00	0.00	0.15	0.79	0.00
1	5	0.00	0.00	0.19	0.49	0.00
2	2	0.00	0.01	0.72	0.80	0.00
2	6	0.00	0.00	0.15	0.70	0.00
3	3	0.07	0.03	1.00	0.47	0.00
3	7	0.00	1.57	96.29	0.00	0.00
Core	CPU	C1%	C3%	C6%	C8%	C9%
-	-	0.00	0.26	11.80	0.58	0.00
0	0	0.00	0.02	0.30	0.79	0.00
0	4	0.00	0.00	0.40	0.30	0.00
1	1	0.00	0.54	0.33	0.00	0.00
1	5	0.00	0.00	0.35	1.29	0.00
2	2	0.00	0.00	0.24	1.28	0.00
2	6	0.00	0.00	0.22	0.69	0.00
3	3	0.00	0.00	0.97	0.29	0.00
3	7	0.01	1.48	91.58	0.00	0.00
Core	CPU	C1%	C3%	C6%	C8%	C9%
-	-	0.00	0.24	12.27	0.71	0.00
0	0	0.00	0.00	0.27	0.69	0.00
0	4	0.00	0.00	0.32	0.69	0.00
1	1	0.00	0.00	0.14	0.79	0.00
1	5	0.00	0.02	0.49	1.01	0.00
2	2	0.00	0.00	0.10	0.59	0.00
2	6	0.00	0.00	0.29	0.89	0.00
3	3	0.00	0.03	0.57	0.98	0.00
3	7	0.00	1.87	95.97	0.00	0.00
Core	CPU	C1%	C3%	C6%	C8%	C9%
-	-	0.00	0.13	12.40	1.07	0.11
0	0	0.00	0.00	0.05	1.09	0.00
0	4	0.00	0.00	0.49	0.89	0.00
1	1	0.00	0.00	0.17	1.08	0.00
1	5	0.00	0.00	0.35	1.88	0.00
2	2	0.00	0.02	0.74	1.48	0.90
2	6	0.00	0.00	0.62	1.19	0.00
3	3	0.00	0.04	1.08	0.98	0.00
3	7	0.00	0.98	95.74	0.00	0.00
Core	CPU	C1%	C3%	C6%	C8%	C9%
-	-	0.01	0.31	12.46	0.58	0.00
0	0	0.00	0.00	0.36	0.79	0.00
0	4	0.05	0.00	1.33	0.79	0.00
1	1	0.00	0.03	0.47	0.47	0.00
1	5	0.00	0.00	0.10	0.63	0.00
2	2	0.00	0.04	0.79	0.79	0.00
2	6	0.00	0.00	0.28	0.79	0.00
3	3	0.00	0.01	1.06	0.40	0.00
3	7	0.00	2.41	95.29	0.00	0.00
Core	CPU	C1%	C3%	C6%	C8%	C9%
-	-	0.00	0.20	12.63	0.89	0.00
0	0	0.00	0.00	0.59	1.88	0.00
0	4	0.00	0.00	0.87	0.89	0.00
1	1	0.00	0.03	0.16	1.48	0.00
1	5	0.00	0.00	0.33	0.89	0.00
2	2	0.00	0.03	0.99	0.30	0.00
2	6	0.00	0.01	0.90	0.79	0.00
3	3	0.00	0.03	0.85	0.88	0.00
3	7	0.00	1.47	96.30	0.00	0.00
Core	CPU	C1%	C3%	C6%	C8%	C9%
-	-	0.02	0.36	12.44	0.90	0.00
0	0	0.01	0.00	0.24	0.89	0.00
0	4	0.00	0.00	0.76	1.48	0.00
1	1	0.00	0.03	0.24	1.46	0.00
1	5	0.00	0.02	0.90	1.41	0.00
2	2	0.00	0.00	1.16	0.89	0.00
2	6	0.00	0.00	0.36	0.79	0.00
3	3	0.17	0.03	1.23	0.29	0.00
3	7	0.00	2.78	94.61	0.00	0.00
Core	CPU	C1%	C3%	C6%	C8%	C9%
-	-	0.01	0.24	12.36	0.69	0.00
0	0	0.00	0.00	0.34	1.05	0.00
0	4	0.00	0.00	0.46	0.89	0.00
1	1	0.00	0.00	0.15	1.19	0.00
1	5	0.00	0.00	0.32	0.99	0.00
2	2	0.00	0.01	0.39	0.40	0.00
2	6	0.00	0.00	0.10	0.99	0.00
3	3	0.10	0.03	1.13	0.00	0.00
3	7	0.00	1.91	95.97	0.00	0.00
Core	CPU	C1%	C3%	C6%	C8%	C9%
-	-	0.00	0.17	12.54	0.95	0.11
0	0	0.00	0.00	0.23	0.30	0.00
0	4	0.00	0.00	0.19	1.88	0.00
1	1	0.00	0.00	0.29	1.38	0.00
1	5	0.00	0.00	0.87	1.19	0.00
2	2	0.00	0.00	0.42	1.09	0.90
2	6	0.00	0.00	0.50	1.28	0.00
3	3	0.00	0.02	1.31	0.50	0.00
3	7	0.00	1.31	96.56	0.00	0.00
Core	CPU	C1%	C3%	C6%	C8%	C9%
-	-	0.01	0.37	12.44	0.84	0.00
0	0	0.00	0.00	0.36	0.89	0.00
0	4	0.00	0.00	0.15	1.19	0.00
1	1	0.00	0.00	0.73	0.70	0.00
1	5	0.00	0.03	1.38	1.39	0.00
2	2	0.00	0.00	0.99	0.79	0.00
2	6	0.00	0.00	0.48	0.69	0.00
3	3	0.08	0.04	0.43	1.08	0.00
3	7	0.00	2.87	94.98	0.00	0.00
Core	CPU	C1%	C3%	C6%	C8%	C9%
-	-	0.00	0.12	12.57	0.77	0.00
0	0	0.00	0.00	0.20	1.29	0.00
0	4	0.00	0.00	0.26	1.19	0.00
1	1	0.00	0.00	0.39	0.70	0.00
1	5	0.00	0.00	0.66	0.49	0.00
2	2	0.00	0.00	0.23	0.99	0.00
2	6	0.00	0.02	0.49	1.09	0.00
3	3	0.00	0.03	1.29	0.38	0.00
3	7	0.00	0.88	97.00	0.00	0.00
Core	CPU	C1%	C3%	C6%	C8%	C9%
-	-	0.00	0.10	12.66	0.66	0.00
0	0	0.00	0.00	0.93	1.19	0.00
0	4	0.00	0.00	0.82	0.59	0.00
1	1	0.00	0.00	0.50	0.59	0.00
1	5	0.00	0.00	0.28	0.89	0.00
2	2	0.00	0.00	0.27	0.89	0.00
2	6	0.00	0.00	0.36	0.89	0.00
3	3	0.00	0.04	0.99	0.20	0.00
3	7	0.00	0.74	97.12	0.00	0.00
Core	CPU	C1%	C3%	C6%	C8%	C9%
-	-	0.00	0.35	12.38	1.03	0.00
0	0	0.00	0.00	0.28	1.19	0.00
0	4	0.00	0.00	0.61	1.19	0.00
1	1	0.00	0.70	0.36	0.13	0.00
1	5	0.00	0.00	0.24	1.39	0.00
2	2	0.00	0.02	0.20	1.19	0.00
2	6	0.00	0.00	0.39	1.39	0.00
3	3	0.00	0.00	1.16	1.77	0.00
3	7	0.00	2.09	95.77	0.00	0.00
Core	CPU	C1%	C3%	C6%	C8%	C9%
-	-	0.00	0.13	12.55	0.67	0.00
0	0	0.00	0.02	0.20	0.20	0.00
0	4	0.00	0.00	0.10	0.60	0.00
1	1	0.00	0.00	0.81	0.69	0.00
1	5	0.00	0.00	0.56	1.48	0.00
2	2	0.00	0.00	0.35	0.89	0.00
2	6	0.00	0.00	0.44	0.99	0.00
3	3	0.00	0.02	1.17	0.49	0.00
3	7	0.00	1.03	96.80	0.00	0.00
Core	CPU	C1%	C3%	C6%	C8%	C9%
-	-	0.00	0.15	12.53	0.82	0.11
0	0	0.00	0.00	0.37	0.59	0.00
0	4	0.00	0.01	0.61	0.79	0.90
1	1	0.00	0.00	0.14	0.79	0.00
1	5	0.00	0.13	0.69	0.81	0.00
2	2	0.00	0.00	0.86	0.80	0.00
2	6	0.00	0.00	0.27	1.68	0.00
3	3	0.00	0.04	0.46	1.08	0.00
3	7	0.00	1.02	96.83	0.00	0.00
Core	CPU	C1%	C3%	C6%	C8%	C9%
-	-	0.00	0.22	12.51	0.83	0.00
0	0	0.00	0.00	0.19	1.19	0.00
0	4	0.00	0.00	0.89	0.79	0.00
1	1	0.00	0.00	0.27	0.89	0.00
1	5	0.00	0.00	0.35	1.28	0.00
2	2	0.00	0.02	0.54	0.69	0.00
2	6	0.00	0.00	0.62	0.99	0.00
3	3	0.00	0.01	1.12	0.79	0.00
3	7	0.00	1.71	96.15	0.00	0.00
Core	CPU	C1%	C3%	C6%	C8%	C9%
-	-	0.00	0.21	12.40	0.62	0.00
0	0	0.00	0.00	0.36	0.79	0.00
0	4	0.00	0.00	0.53	0.50	0.00
1	1	0.00	0.00	0.22	0.40	0.00
1	5	0.00	0.00	0.10	0.73	0.00
2	2	0.00	0.00	0.78	0.79	0.00
2	6	0.00	0.00	0.28	0.89	0.00
3	3	0.04	0.02	0.72	0.89	0.00
3	7	0.00	1.65	96.25	0.00	0.00
Core	CPU	C1%	C3%	C6%	C8%	C9%
-	-	0.00	0.12	12.70	0.83	0.00
0	0	0.00	0.00	0.10	0.99	0.00
0	4	0.00	0.00	0.28	1.29	0.00
1	1	0.00	0.00	0.65	1.29	0.00
1	5	0.00	0.00	0.34	1.28	0.00
2	2	0.00	0.00	1.12	0.59	0.00
2	6	0.00	0.01	1.09	0.49	0.00
3	3	0.00	0.04	1.18	0.67	0.00
3	7	0.00	0.87	96.84	0.00	0.00
Core	CPU	C1%	C3%	C6%	C8%	C9%
-	-	0.01	0.36	12.69	0.96	0.00
0	0	0.00	0.00	0.74	1.18	0.00
0	4	0.00	0.00	1.88	0.99	0.00
1	1	0.00	0.99	0.08	0.20	0.00
1	5	0.00	0.00	0.20	1.68	0.00
2	2	0.00	0.00	0.57	1.29	0.00
2	6	0.00	0.00	1.05	1.29	0.00
3	3	0.10	0.00	1.06	1.07	0.00
3	7	0.00	1.90	95.92	0.00	0.00
Core	CPU	C1%	C3%	C6%	C8%	C9%
-	-	0.10	0.13	12.57	0.59	0.00
0	0	0.00	0.00	1.34	0.89	0.00
0	4	0.00	0.00	0.37	0.69	0.00
1	1	0.00	0.00	0.15	1.18	0.00
1	5	0.00	0.00	0.62	0.89	0.00
2	2	0.00	0.02	0.00	0.50	0.00
2	6	0.80	0.00	0.00	0.00	0.00
3	3	0.00	0.02	1.20	0.59	0.00
3	7	0.00	0.98	96.85	0.00	0.00
Core	CPU	C1%	C3%	C6%	C8%	C9%
-	-	0.00	0.13	12.74	0.97	0.11
0	0	0.00	0.00	0.73	0.19	0.00
0	4	0.00	0.01	1.31	1.18	0.00
1	1	0.00	0.00	0.20	1.38	0.00
1	5	0.00	0.00	0.43	1.68	0.00
2	2	0.00	0.03	0.50	1.09	0.90
2	6	0.00	0.00	0.88	1.28	0.00
3	3	0.00	0.04	1.03	0.97	0.00
3	7	0.00	0.96	96.83	0.00	0.00
Core	CPU	C1%	C3%	C6%	C8%	C9%
-	-	0.00	0.08	12.57	1.05	0.11
0	0	0.00	0.00	0.68	1.78	0.90
0	4	0.00	0.00	0.55	1.18	0.00
1	1	0.01	0.00	0.24	1.38	0.00
1	5	0.00	0.03	0.26	2.22	0.00
2	2	0.00	0.00	0.49	0.20	0.00
2	6	0.00	0.00	0.27	0.99	0.00
3	3	0.00	0.00	0.89	0.69	0.00
3	7	0.00	0.63	97.19	0.00	0.00
Core	CPU	C1%	C3%	C6%	C8%	C9%
-	-	0.00	0.16	12.33	0.75	0.00
0	0	0.00	0.02	0.30	0.20	0.00
0	4	0.00	0.02	0.20	0.89	0.00
1	1	0.00	0.01	0.18	1.09	0.00
1	5	0.00	0.00	0.27	1.09	0.00
2	2	0.00	0.00	0.25	1.28	0.00
2	6	0.00	0.00	0.14	0.99	0.00
3	3	0.00	0.05	0.65	0.49	0.00
3	7	0.00	1.15	96.67	0.00	0.00
Core	CPU	C1%	C3%	C6%	C8%	C9%
-	-	0.00	0.19	12.44	0.78	0.07
0	0	0.00	0.00	0.50	1.28	0.00
0	4	0.00	0.00	0.74	0.59	0.00
1	1	0.00	0.02	0.76	0.11	0.00
1	5	0.00	0.02	0.49	0.60	0.00
2	2	0.00	0.00	0.19	1.09	0.00
2	6	0.00	0.00	0.28	0.89	0.00
3	3	0.00	0.02	1.29	1.71	0.53
3	7	0.01	1.44	95.26	0.00	0.00
Core	CPU	C1%	C3%	C6%	C8%	C9%
-	-	0.00	0.41	11.92	0.80	0.11
0	0	0.00	0.00	0.10	0.99	0.00
0	4	0.00	0.00	0.78	0.89	0.00
1	1	0.00	0.00	0.64	1.08	0.00
1	5	0.00	0.00	0.35	0.99	0.00
2	2	0.00	0.00	0.70	0.99	0.84
2	6	0.00	0.02	0.64	0.70	0.00
3	3	0.00	0.00	1.18	0.78	0.06
3	7	0.01	3.24	90.97	0.00	0.00
Core	CPU	C1%	C3%	C6%	C8%	C9%
-	-	0.00	0.13	12.65	0.80	0.00
0	0	0.00	0.00	0.14	1.18	0.00
0	4	0.00	0.00	0.66	0.69	0.00
1	1	0.00	0.00	0.84	0.49	0.00
1	5	0.00	0.00	0.28	0.99	0.00
2	2	0.00	0.00	1.17	1.67	0.00
2	6	0.00	0.00	0.36	0.89	0.00
3	3	0.04	0.03	0.98	0.49	0.00
3	7	0.00	1.00	96.78	0.00	0.00
Core	CPU	C1%	C3%	C6%	C8%	C9%
-	-	0.00	0.15	12.61	0.80	0.00
0	0	0.00	0.00	0.20	0.99	0.00
0	4	0.00	0.00	0.35	0.89	0.00
1	1	0.00	0.00	0.26	1.09	0.00
1	5	0.00	0.00	0.64	1.09	0.00
2	2	0.00	0.00	0.72	0.69	0.00
2	6	0.00	0.00	0.67	0.89	0.00
3	3	0.01	0.02	1.47	0.79	0.00
3	7	0.00	1.15	96.61	0.00	0.00
Core	CPU	C1%	C3%	C6%	C8%	C9%
-	-	0.00	0.14	12.69	0.74	0.00
0	0	0.00	0.03	1.12	0.99	0.00
0	4	0.00	0.02	0.60	0.49	0.00
1	1	0.00	0.00	0.89	0.79	0.00
1	5	0.00	0.00	0.47	1.58	0.00
2	2	0.00	0.00	0.34	1.19	0.00
2	6	0.00	0.00	0.15	0.79	0.00
3	3	0.00	0.05	1.13	0.10	0.00
3	7	0.00	1.03	96.83	0.00	0.00
Core	CPU	C1%	C3%	C6%	C8%	C9%
-	-	0.00	0.10	12.57	0.62	0.00
0	0	0.00	0.00	0.38	0.59	0.00
0	4	0.00	0.00	0.61	0.79	0.00
1	1	0.00	0.11	0.18	0.00	0.00
1	5	0.00	0.00	0.03	0.49	0.00
2	2	0.00	0.00	0.37	0.80	0.00
2	6	0.00	0.00	0.49	1.48	0.00
3	3	0.00	0.00	1.28	0.79	0.00
3	7	0.00	0.66	97.19	0.00	0.00
Core	CPU	C1%	C3%	C6%	C8%	C9%
-	-	0.00	0.25	12.47	0.72	0.00
0	0	0.00	0.01	0.40	0.69	0.00
0	4	0.00	0.00	0.50	0.20	0.00
1	1	0.00	0.00	0.77	0.10	0.00
1	5	0.00	0.00	0.55	1.38	0.00
2	2	0.00	0.00	0.54	1.09	0.00
2	6	0.00	0.00	0.24	1.09	0.00
3	3	0.03	0.05	0.80	1.19	0.00
3	7	0.00	1.95	95.93	0.00	0.00
Core	CPU	C1%	C3%	C6%	C8%	C9%
-	-	0.00	0.21	12.64	0.72	0.00
0	0	0.00	0.00	0.36	0.50	0.00
0	4	0.00	0.03	0.31	1.38	0.00
1	1	0.00	0.00	0.63	0.00	0.00
1	5	0.00	0.00	0.50	0.42	0.00
2	2	0.00	0.01	1.09	2.17	0.00
2	6	0.00	0.00	0.29	1.28	0.00
3	3	0.00	0.02	1.73	0.00	0.00
3	7	0.00	1.65	96.23	0.00	0.00
Core	CPU	C1%	C3%	C6%	C8%	C9%
-	-	0.00	0.26	12.31	0.93	0.00
0	0	0.00	0.00	0.15	1.00	0.00
0	4	0.00	0.00	0.78	0.89	0.00
1	1	0.00	0.00	0.36	0.79	0.00
1	5	0.00	0.00	0.34	1.29	0.00
2	2	0.00	0.01	0.33	1.28	0.00
2	6	0.00	0.02	0.20	1.09	0.00
3	3	0.01	0.03	0.46	1.08	0.00
3	7	0.00	1.98	95.90	0.00	0.00
Core	CPU	C1%	C3%	C6%	C8%	C9%
-	-	0.01	0.14	12.50	0.62	0.00
0	0	0.00	0.00	0.49	0.85	0.00
0	4	0.00	0.00	0.29	1.28	0.00
1	1	0.00	0.02	0.10	0.30	0.00
1	5	0.00	0.00	0.10	1.03	0.00
2	2	0.00	0.00	0.80	0.20	0.00
2	6	0.00	0.00	0.62	1.18	0.00
3	3	0.07	0.03	0.93	0.09	0.00
3	7	0.00	1.10	96.66	0.00	0.00
Core	CPU	C1%	C3%	C6%	C8%	C9%
-	-	0.00	0.11	12.61	0.68	0.00
0	0	0.00	0.00	0.20	1.18	0.00
0	4	0.00	0.00	0.28	0.99	0.00
1	1	0.00	0.00	0.26	0.89	0.00
1	5	0.00	0.00	0.33	0.89	0.00
2	2	0.00	0.00	1.02	0.49	0.00
2	6	0.00	0.01	0.80	0.49	0.00
3	3	0.00	0.02	1.08	0.50	0.00
3	7	0.00	0.87	96.94	0.00	0.00
Core	CPU	C1%	C3%	C6%	C8%	C9%
-	-	0.00	0.25	12.77	1.28	0.00
0	0	0.00	0.00	0.83	1.88	0.00
0	4	0.00	0.00	1.79	1.88	0.00
1	1	0.01	0.74	0.24	0.18	0.00
1	5	0.00	0.00	0.30	1.67	0.00
2	2	0.00	0.00	0.37	1.68	0.00
2	6	0.00	0.00	1.14	1.29	0.00
3	3	0.00	0.02	0.91	1.67	0.00
3	7	0.00	1.28	96.54	0.00	0.00
Core	CPU	C1%	C3%	C6%	C8%	C9%
-	-	0.00	0.21	12.70	0.72	0.00
0	0	0.00	0.76	1.75	1.18	0.00
0	4	0.00	0.00	0.27	0.69	0.00
1	1	0.00	0.00	0.25	1.18	0.00
1	5	0.00	0.00	0.29	0.40	0.00
2	2	0.00	0.01	0.42	0.92	0.00
2	6	0.00	0.00	0.59	0.99	0.00
3	3	0.00	0.04	1.15	0.40	0.00
3	7	0.00	0.90	96.87	0.00	0.00
Core	CPU	C1%	C3%	C6%	C8%	C9%
-	-	0.00	0.08	12.75	0.94	0.00
0	0	0.00	0.00	0.86	1.48	0.00
0	4	0.00	0.01	0.82	0.59	0.00
1	1	0.00	0.00	0.24	1.09	0.00
1	5	0.00	0.00	0.28	1.09	0.00
2	2	0.00	0.00	0.62	1.64	0.00
2	6	0.00	0.00	0.84	0.79	0.00
3	3	0.00	0.06	1.15	0.86	0.00
3	7	0.00	0.55	97.18	0.00	0.00
Core	CPU	C1%	C3%	C6%	C8%	C9%
-	-	0.00	0.12	12.69	0.66	0.00
0	0	0.00	0.00	0.65	1.09	0.00
0	4	0.00	0.00	0.65	0.59	0.00
1	1	0.00	0.00	0.23	0.99	0.00
1	5	0.00	0.02	1.67	0.79	0.00
2	2	0.00	0.00	0.49	0.23	0.00
2	6	0.00	0.00	0.19	0.89	0.00
3	3	0.00	0.00	0.78	0.69	0.00
3	7	0.00	0.96	96.88	0.00	0.00
Core	CPU	C1%	C3%	C6%	C8%	C9%
-	-	0.00	0.17	12.34	0.80	0.00
0	0	0.00	0.01	0.30	0.50	0.00
0	4	0.00	0.00	0.13	0.79	0.00
1	1	0.00	0.00	0.28	1.09	0.00
1	5	0.00	0.00	0.37	0.99	0.00
2	2	0.00	0.00	0.24	0.89	0.00
2	6	0.00	0.00	0.13	0.99	0.00
3	3	0.00	0.02	0.78	1.19	0.00
3	7	0.00	1.32	96.49	0.00	0.00
Core	CPU	C1%	C3%	C6%	C8%	C9%
-	-	0.00	0.24	12.39	0.76	0.00
0	0	0.00	0.00	1.21	1.29	0.00
0	4	0.00	0.00	0.14	1.09	0.00
1	1	0.00	0.02	0.20	0.20	0.00
1	5	0.00	0.00	0.19	1.02	0.00
2	2	0.00	0.00	0.19	0.89	0.00
2	6	0.00	0.00	0.28	0.89	0.00
3	3	0.00	0.03	0.93	0.68	0.00
3	7	0.00	1.83	95.99	0.00	0.00
Core	CPU	C1%	C3%	C6%	C8%	C9%
-	-	0.01	0.50	12.74	1.03	0.00
0	0	0.00	0.00	0.44	1.29	0.00
0	4	0.00	0.00	0.53	1.88	0.00
1	1	0.00	1.95	0.17	0.02	0.00
1	5	0.00	0.00	0.26	1.88	0.00
2	2	0.00	0.02	1.09	1.09	0.00
2	6	0.10	0.01	1.59	0.89	0.00
3	3	0.00	0.04	2.09	1.19	0.00
3	7	0.00	2.00	95.79	0.00	0.00
Core	CPU	C1%	C3%	C6%	C8%	C9%
-	-	0.00	0.14	12.62	0.66	0.00
0	0	0.00	0.00	0.53	0.89	0.00
0	4	0.00	0.02	0.69	0.50	0.00
1	1	0.00	0.00	0.50	0.20	0.00
1	5	0.00	0.00	0.57	1.39	0.00
2	2	0.00	0.00	0.37	0.69	0.00
2	6	0.00	0.00	0.35	0.79	0.00
3	3	0.00	0.03	1.19	0.79	0.00
3	7	0.00	1.05	96.75	0.00	0.00
Core	CPU	C1%	C3%	C6%	C8%	C9%
-	-	0.00	0.12	12.43	0.58	0.20
0	0	0.00	0.00	0.27	1.09	0.00
0	4	0.00	0.00	0.51	0.89	0.82
1	1	0.00	0.00	0.35	0.59	0.00
1	5	0.00	0.00	0.04	0.60	0.00
2	2	0.00	0.02	0.14	0.50	0.00
2	6	0.00	0.00	0.00	0.50	0.00
3	3	0.00	0.03	1.23	0.49	0.80
3	7	0.00	0.89	96.92	0.00	0.00
Core	CPU	C1%	C3%	C6%	C8%	C9%
-	-	0.00	0.21	12.41	0.78	0.00
0	0	0.00	0.02	0.44	1.18	0.00
0	4	0.00	0.00	0.50	0.69	0.00
1	1	0.00	0.00	0.19	0.99	0.00
1	5	0.00	0.00	0.36	0.79	0.00
2	2	0.00	0.00	0.35	0.79	0.00
2	6	0.00	0.00	0.14	1.09	0.00
3	3	0.00	0.05	1.03	0.68	0.00
3	7	0.00	1.58	96.24	0.00	0.00
Core	CPU	C1%	C3%	C6%	C8%	C9%
-	-	0.00	0.14	12.55	0.46	0.00
0	0	0.00	0.00	0.37	0.40	0.00
0	4	0.00	0.00	0.51	0.50	0.00
1	1	0.00	0.00	0.14	0.50	0.00
1	5	0.00	0.02	0.69	0.69	0.00
2	2	0.00	0.01	0.13	0.90	0.00
2	6	0.00	0.00	0.39	0.49	0.00
3	3	0.00	0.03	1.35	0.18	0.00
3	7	0.00	1.05	96.80	0.00	0.00
Core	CPU	C1%	C3%	C6%	C8%	C9%
-	-	0.00	0.30	12.37	0.59	0.00
0	0	0.00	0.00	0.49	0.20	0.00
0	4	0.00	0.00	0.29	0.99	0.00
1	1	0.00	0.00	0.27	0.89	0.00
1	5	0.00	0.00	0.44	0.79	0.00
2	2	0.00	0.00	0.14	1.09	0.00
2	6	0.00	0.03	0.79	0.49	0.00
3	3	0.00	0.03	1.09	0.30	0.00
3	7	0.00	2.36	95.46	0.00	0.00
Core	CPU	C1%	C3%	C6%	C8%	C9%
-	-	0.00	0.35	12.04	1.08	0.00
0	0	0.00	0.00	1.15	1.29	0.00
0	4	0.00	0.03	0.39	2.37	0.00
1	1	0.00	0.99	0.12	0.28	0.00
1	5	0.00	0.00	0.84	1.00	0.00
2	2	0.00	0.00	0.29	1.58	0.00
2	6	0.00	0.00	1.07	1.28	0.00
3	3	0.00	0.01	1.46	0.88	0.00
3	7	0.01	1.77	91.01	0.00	0.00
Core	CPU	C1%	C3%	C6%	C8%	C9%
-	-	0.00	0.22	12.66	0.67	0.00
0	0	0.00	0.01	0.70	0.30	0.00
0	4	0.00	0.01	0.78	0.98	0.00
1	1	0.00	0.00	0.46	1.09	0.00
1	5	0.00	0.00	0.33	1.09	0.00
2	2	0.00	0.00	0.82	0.79	0.00
2	6	0.00	0.01	0.90	0.79	0.00
3	3	0.00	0.02	1.22	0.30	0.00
3	7	0.00	1.68	96.04	0.00	0.00
Core	CPU	C1%	C3%	C6%	C8%	C9%
-	-	0.03	0.37	12.28	1.04	0.00
0	0	0.14	0.00	0.44	0.80	0.00
0	4	0.00	0.00	0.46	1.98	0.00
1	1	0.00	0.00	0.10	1.26	0.00
1	5	0.00	0.00	0.68	0.93	0.00
2	2	0.00	0.00	0.27	0.79	0.00
2	6	0.00	0.00	0.36	0.79	0.00
3	3	0.01	0.04	1.64	1.77	0.00
3	7	0.10	2.91	94.28	0.00	0.00
Core	CPU	C1%	C3%	C6%	C8%	C9%
-	-	0.01	0.27	12.45	0.65	0.00
0	0	0.00	0.00	0.18	0.79	0.00
0	4	0.00	0.00	0.46	0.49	0.00
1	1	0.00	0.00	0.74	0.69	0.00
1	5	0.00	0.00	0.72	1.28	0.00
2	2	0.00	0.01	0.30	0.80	0.00
2	6	0.00	0.00	0.10	0.89	0.00
3	3	0.10	0.01	1.37	0.29	0.00
3	7	0.00	2.10	95.70	0.00	0.00
Core	CPU	C1%	C3%	C6%	C8%	C9%
-	-	0.00	0.23	12.44	1.00	0.00
0	0	0.00	0.00	0.22	0.30	0.00
0	4	0.00	0.00	0.18	1.58	0.00
1	1	0.00	0.00	0.29	1.38	0.00
1	5	0.00	0.00	1.07	1.19	0.00
2	2	0.00	0.00	0.36	1.09	0.00
2	6	0.00	0.00	0.24	1.68	0.00
3	3	0.00	0.03	1.13	0.77	0.00
3	7	0.00	1.79	96.00	0.00	0.00
Core	CPU	C1%	C3%	C6%	C8%	C9%
-	-	0.00	0.14	12.74	1.04	0.00
0	0	0.00	0.00	0.65	1.38	0.00
0	4	0.00	0.00	0.38	2.18	0.00
1	1	0.00	0.00	0.82	0.80	0.00
1	5	0.00	0.01	1.04	0.49	0.00
2	2	0.00	0.00	0.20	1.38	0.00
2	6	0.00	0.00	0.78	1.28	0.00
3	3	0.00	0.02	1.25	0.79	0.00
3	7	0.00	1.07	96.79	0.00	0.00
Core	CPU	C1%	C3%	C6%	C8%	C9%
-	-	0.00	0.47	12.33	0.95	0.00
0	0	0.00	0.00	0.10	1.09	0.00
0	4	0.00	0.00	0.36	1.28	0.00
1	1	0.00	1.94	0.18	0.01	0.00
1	5	0.00	0.00	1.26	0.89	0.00
2	2	0.00	0.00	0.14	1.38	0.00
2	6	0.00	0.00	0.22	1.38	0.00
3	3	0.00	0.03	0.29	1.58	0.00
3	7	0.00	1.78	96.11	0.00	0.00
Core	CPU	C1%	C3%	C6%	C8%	C9%
-	-	0.00	0.23	12.48	0.69	0.00
0	0	0.00	0.00	0.25	0.99	0.00
0	4	0.00	0.00	0.53	0.40	0.00
1	1	0.00	0.00	0.70	0.69	0.00
1	5	0.00	0.00	0.29	0.89	0.00
2	2	0.00	0.00	0.28	0.89	0.00
2	6	0.00	0.00	0.56	0.89	0.00
3	3	0.00	0.01	1.30	0.79	0.00
3	7	0.00	1.86	95.95	0.00	0.00
Core	CPU	C1%	C3%	C6%	C8%	C9%
-	-	0.00	0.09	12.68	0.77	0.11
0	0	0.00	0.00	0.10	1.09	0.00
0	4	0.00	0.00	0.78	0.99	0.90
1	1	0.00	0.00	0.26	1.09	0.00
1	5	0.00	0.00	0.41	1.29	0.00
2	2	0.00	0.00	0.81	0.59	0.00
2	6	0.00	0.00	0.76	0.79	0.00
3	3	0.00	0.02	1.18	0.30	0.00
3	7	0.00	0.71	97.15	0.00	0.00
Core	CPU	C1%	C3%	C6%	C8%	C9%
-	-	0.02	0.11	12.59	0.80	0.00
0	0	0.00	0.00	1.10	1.38	0.00
0	4	0.10	0.02	0.50	0.59	0.00
1	1	0.00	0.00	0.10	0.80	0.00
1	5	0.00	0.00	0.57	1.49	0.00
2	2	0.00	0.00	0.36	0.69	0.00
2	6	0.00	0.00	0.45	0.79	0.00
3	3	0.07	0.04	0.56	0.70	0.00
3	7	0.00	0.81	97.05	0.00	0.00
Core	CPU	C1%	C3%	C6%	C8%	C9%
-	-	0.00	0.11	12.58	0.72	0.00
0	0	0.00	0.00	0.27	1.09	0.00
0	4	0.00	0.00	0.57	0.39	0.00
1	1	0.00	0.00	0.15	0.99	0.00
1	5	0.00	0.00	0.73	0.69	0.00
2	2	0.00	0.02	0.22	1.09	0.00
2	6	0.00	0.02	0.17	0.70	0.00
3	3	0.00	0.04	1.55	0.79	0.00
3	7	0.00	0.80	96.95	0.00	0.00
Core	CPU	C1%	C3%	C6%	C8%	C9%
-	-	0.00	0.24	12.68	1.10	0.00
0	0	0.00	0.02	0.69	0.49	0.00
0	4	0.00	0.00	0.60	1.37	0.00
1	1	0.00	0.00	0.48	1.09	0.00
1	5	0.00	0.00	0.76	1.88	0.00
2	2	0.00	0.00	0.74	1.19	0.00
2	6	0.00	0.00	1.12	1.38	0.00
3	3	0.00	0.02	1.05	1.36	0.00
3	7	0.00	1.88	95.97	0.00	0.00
Core	CPU	C1%	C3%	C6%	C8%	C9%
-	-	0.00	0.22	12.42	0.54	0.11
0	0	0.00	0.00	0.86	0.49	0.00
0	4	0.00	0.00	0.54	0.59	0.00
1	1	0.00	0.41	0.17	0.00	0.90
1	5	0.00	0.12	0.00	0.60	0.00
2	2	0.00	0.00	0.19	0.70	0.00
2	6	0.00	0.00	0.48	0.99	0.00
3	3	0.00	0.04	0.53	0.98	0.00
3	7	0.00	1.22	96.58	0.00	0.00
Core	CPU	C1%	C3%	C6%	C8%	C9%
-	-	0.00	0.18	12.58	1.00	0.00
0	0	0.00	0.00	0.35	1.28	0.00
0	4	0.00	0.00	0.10	0.98	0.00
1	1	0.00	0.00	0.67	0.99	0.00
1	5	0.00	0.00	0.64	1.48	0.00
2	2	0.00	0.00	0.81	2.08	0.00
2	6	0.00	0.00	0.62	0.99	0.00
3	3	0.00	0.02	1.09	0.20	0.00
3	7	0.00	1.38	96.39	0.00	0.00
Core	CPU	C1%	C3%	C6%	C8%	C9%
-	-	0.01	0.20	12.64	0.89	0.00
0	0	0.00	0.00	0.45	0.89	0.00
0	4	0.00	0.00	0.25	0.99	0.00
1	1	0.00	0.00	0.72	0.72	0.00
1	5	0.00	0.00	0.69	0.80	0.00
2	2	0.00	0.00	1.09	1.78	0.00
2	6	0.00	0.00	0.57	1.09	0.00
3	3	0.11	0.03	1.04	0.87	0.00
3	7	0.00	1.60	96.28	0.00	0.00
Core	CPU	C1%	C3%	C6%	C8%	C9%
-	-	0.00	0.16	12.60	0.80	0.00
0	0	0.00	0.00	0.59	1.18	0.00
0	4	0.00	0.00	0.28	0.89	0.00
1	1	0.00	0.00	0.26	0.89	0.00
1	5	0.00	0.00	1.02	0.99	0.00
2	2	0.00	0.00	0.71	1.09	0.00
2	6	0.00	0.00	0.10	1.19	0.00
3	3	0.00	0.01	1.24	0.20	0.00
3	7	0.00	1.26	96.57	0.00	0.00
Core	CPU	C1%	C3%	C6%	C8%	C9%
-	-	0.00	0.14	12.44	0.80	0.00
0	0	0.00	0.00	0.63	0.99	0.00
0	4	0.00	0.10	0.85	0.79	0.00
1	1	0.00	0.00	0.10	0.60	0.00
1	5	0.00	0.00	0.19	0.89	0.00
2	2	0.00	0.00	0.27	0.79	0.00
2	6	0.00	0.00	0.35	0.79	0.00
3	3	0.00	0.02	0.35	1.57	0.00
3	7	0.00	1.02	96.79	0.00	0.00
Core	CPU	C1%	C3%	C6%	C8%	C9%
-	-	0.01	0.15	12.43	0.75	0.00
0	0	0.00	0.00	0.31	1.48	0.00
0	4	0.00	0.00	0.57	0.39	0.00
1	1	0.00	0.00	0.15	1.28	0.00
1	5	0.00	0.00	0.26	0.69	0.00
2	2	0.00	0.02	0.22	0.60	0.00
2	6	0.00	0.00	0.79	0.80	0.00
3	3	0.07	0.04	0.47	0.78	0.00
3	7	0.00	1.14	96.70	0.00	0.00
Core	CPU	C1%	C3%	C6%	C8%	C9%
-	-	0.01	0.39	12.43	0.41	0.11
0	0	0.00	0.00	0.62	0.49	0.00
0	4	0.10	0.01	0.40	0.00	0.00
1	1	0.00	1.13	0.04	0.09	0.90
1	5	0.00	0.00	0.18	0.90	0.00
2	2	0.00	0.00	0.36	0.69	0.00
2	6	0.00	0.00	0.84	0.79	0.00
3	3	0.00	0.04	1.11	0.30	0.00
3	7	0.00	1.98	95.90	0.00	0.00
Core	CPU	C1%	C3%	C6%	C8%	C9%
-	-	0.01	0.29	12.43	1.02	0.00
0	0	0.00	0.00	0.57	1.18	0.00
0	4	0.05	0.00	0.77	1.57	0.00
1	1	0.00	0.00	0.63	0.30	0.00
1	5	0.00	0.02	0.78	1.68	0.00
2	2	0.00	0.00	0.10	0.99	0.00
2	6	0.00	0.00	0.69	0.99	0.00
3	3	0.00	0.02	0.48	1.47	0.00
3	7	0.00	2.32	95.45	0.00	0.00
Core	CPU	C1%	C3%	C6%	C8%	C9%
-	-	0.00	0.17	12.38	0.95	0.00
0	0	0.00	0.02	0.29	1.58	0.00
0	4	0.00	0.00	0.28	0.11	0.00
1	1	0.00	0.00	0.34	1.09	0.00
1	5	0.00	0.00	0.27	0.99	0.00
2	2	0.00	0.00	0.52	1.77	0.00
2	6	0.00	0.00	0.74	1.38	0.00
3	3	0.00	0.05	1.13	0.70	0.00
3	7	0.00	1.32	95.50	0.00	0.00
Core	CPU	C1%	C3%	C6%	C8%	C9%
-	-	0.00	0.23	12.43	0.51	0.09
0	0	0.00	0.00	0.45	0.89	0.00
0	4	0.00	0.00	0.54	0.00	0.00
1	1	0.00	0.00	0.61	0.30	0.00
1	5	0.00	0.00	0.19	0.99	0.00
2	2	0.00	0.00	0.19	0.99	0.00
2	6	0.00	0.00	0.28	0.89	0.00
3	3	0.00	0.07	1.20	0.00	0.74
3	7	0.00	1.77	95.98	0.00	0.00
Core	CPU	C1%	C3%	C6%	C8%	C9%
-	-	0.00	0.20	12.18	1.00	0.00
0	0	0.00	0.00	0.10	0.99	0.00
0	4	0.00	0.00	0.25	0.99	0.00
1	1	0.00	0.00	0.43	1.29	0.00
1	5	0.00	0.00	0.25	0.99	0.00
2	2	0.00	0.00	0.23	1.09	0.00
2	6	0.00	0.02	0.20	1.29	0.00
3	3	0.00	0.04	0.95	1.38	0.00
3	7	0.00	1.58	95.04	0.00	0.00
Core	CPU	C1%	C3%	C6%	C8%	C9%
-	-	0.01	0.26	12.16	0.59	0.00
0	0	0.00	0.00	0.23	0.69	0.00
0	4	0.00	0.00	0.52	0.59	0.00
1	1	0.00	0.00	0.59	0.49	0.00
1	5	0.00	0.00	0.57	1.88	0.00
2	2	0.04	0.04	1.39	0.00	0.00
2	6	0.00	0.00	0.85	0.59	0.00
3	3	0.00	0.00	0.80	0.49	0.00
3	7	0.01	2.01	92.29	0.00	0.00
Core	CPU	C1%	C3%	C6%	C8%	C9%
-	-	0.00	0.44	12.55	0.68	0.14
0	0	0.00	0.00	0.72	0.49	0.00
0	4	0.00	0.01	0.63	0.49	0.00
1	1	0.00	1.40	0.08	0.09	1.10
1	5	0.00	0.00	0.54	1.39	0.00
2	2	0.00	0.06	1.32	0.59	0.00
2	6	0.00	0.00	0.25	1.39	0.00
3	3	0.00	0.10	0.91	0.99	0.00
3	7	0.00	1.95	95.93	0.00	0.00
Core	CPU	C1%	C3%	C6%	C8%	C9%
-	-	0.00	0.34	12.37	0.67	0.00
0	0	0.00	0.00	0.65	1.18	0.00
0	4	0.00	0.00	0.56	0.00	0.00
1	1	0.00	0.00	0.63	0.59	0.00
1	5	0.00	0.00	0.31	0.69	0.00
2	2	0.00	0.04	0.73	0.70	0.00
2	6	0.00	0.00	0.19	1.09	0.00
3	3	0.00	0.00	0.67	1.09	0.00
3	7	0.00	2.68	95.19	0.00	0.00
Core	CPU	C1%	C3%	C6%	C8%	C9%
-	-	0.00	0.34	12.48	1.04	0.10
0	0	0.00	0.02	0.30	1.77	0.00
0	4	0.00	0.00	0.66	0.40	0.78
1	1	0.00	0.00	0.58	1.28	0.00
1	5	0.00	0.00	0.71	1.58	0.00
2	2	0.00	0.51	1.08	0.78	0.00
2	6	0.00	0.00	0.53	1.09	0.00
3	3	0.00	0.02	0.30	1.38	0.00
3	7	0.00	2.16	95.70	0.00	0.00
Core	CPU	C1%	C3%	C6%	C8%	C9%
-	-	0.00	0.13	12.59	0.63	0.00
0	0	0.00	0.00	0.45	0.49	0.00
0	4	0.00	0.00	0.15	0.79	0.00
1	1	0.00	0.00	0.72	0.69	0.00
1	5	0.00	0.00	0.69	0.49	0.00
2	2	0.00	0.04	0.94	0.59	0.00
2	6	0.00	0.00	0.28	0.99	0.00
3	3	0.00	0.00	0.65	0.99	0.00
3	7	0.00	0.99	96.87	0.00	0.00
Core	CPU	C1%	C3%	C6%	C8%	C9%
-	-	0.00	0.37	12.23	0.88	0.00
0	0	0.00	0.00	0.10	0.99	0.00
0	4	0.00	0.00	0.37	1.29	0.00
1	1	0.00	0.00	0.37	1.19	0.00
1	5	0.00	0.00	0.71	0.99	0.00
2	2	0.00	0.10	1.05	0.39	0.00
2	6	0.00	0.02	0.10	1.19	0.00
3	3	0.00	0.00	0.10	0.99	0.00
3	7	0.00	2.82	95.07	0.00	0.00
Core	CPU	C1%	C3%	C6%	C8%	C9%
-	-	0.00	0.13	12.56	0.83	0.00
0	0	0.00	0.00	0.31	1.18	0.00
0	4	0.00	0.00	0.13	0.99	0.00
1	1	0.00	0.00	0.49	0.62	0.00
1	5	0.00	0.00	0.88	1.18	0.00
2	2	0.00	0.05	1.23	0.59	0.00
2	6	0.00	0.00	0.36	0.98	0.00
3	3	0.00	0.00	0.14	1.09	0.00
3	7	0.00	0.96	96.89	0.00	0.00
Core	CPU	C1%	C3%	C6%	C8%	C9%
-	-	0.10	0.44	12.61	1.19	0.00
0	0	0.00	0.00	0.29	1.68	0.00
0	4	0.00	0.00	0.44	1.58	0.00
1	1	0.00	1.79	0.16	0.03	0.00
1	5	0.00	0.00	0.93	1.59	0.00
2	2	0.00	0.10	1.37	1.38	0.00
2	6	0.00	0.00	0.84	1.67	0.00
3	3	0.79	0.00	0.68	1.58	0.00
3	7	0.00	1.67	96.20	0.00	0.00
Core	CPU	C1%	C3%	C6%	C8%	C9%
-	-	0.00	0.19	12.47	0.71	0.00
0	0	0.00	0.00	0.22	0.20	0.00
0	4	0.00	0.00	0.10	0.60	0.00
1	1	0.00	0.00	0.49	0.69	0.00
1	5	0.00	0.00	0.66	1.48	0.00
2	2	0.00	0.09	1.05	1.29	0.00
2	6	0.00	0.00	0.22	0.99	0.00
3	3	0.00	0.02	0.50	0.39	0.00
3	7	0.00	1.39	96.48	0.00	0.00
Core	CPU	C1%	C3%	C6%	C8%	C9%
-	-	0.00	0.17	12.40	0.58	0.11
0	0	0.00	0.00	0.27	0.79	0.00
0	4	0.00	0.00	0.54	0.49	0.00
1	1	0.00	0.00	0.14	0.79	0.00
1	5	0.00	0.00	0.13	0.51	0.00
2	2	0.00	0.04	1.11	0.09	0.90
2	6	0.00	0.00	0.20	0.99	0.00
3	3	0.00	0.00	0.27	0.99	0.00
3	7	0.00	1.34	96.53	0.00	0.00
Core	CPU	C1%	C3%	C6%	C8%	C9%
-	-	0.00	0.18	12.48	0.85	0.00
0	0	0.00	0.00	0.05	1.09	0.00
0	4	0.00	0.00	0.10	1.09	0.00
1	1	0.00	0.00	0.28	0.89	0.00
1	5	0.00	0.00	0.35	1.28	0.00
2	2	0.00	0.12	1.14	0.49	0.00
2	6	0.00	0.00	0.63	1.19	0.00
3	3	0.00	0.00	0.79	0.80	0.00
3	7	0.00	1.34	96.52	0.00	0.00
Core	CPU	C1%	C3%	C6%	C8%	C9%
-	-	0.00	0.21	12.42	0.56	0.00
0	0	0.00	0.00	0.36	0.79	0.00
0	4	0.00	0.00	0.15	1.09	0.00
1	1	0.00	0.00	0.53	0.00	0.00
1	5	0.00	0.01	0.50	0.23	0.00
2	2	0.00	0.04	1.12	0.39	0.00
2	6	0.00	0.00	0.18	0.89	0.00
3	3	0.00	0.00	0.36	1.08	0.00
3	7	0.00	1.66	96.19	0.00	0.00
Core	CPU	C1%	C3%	C6%	C8%	C9%
-	-	0.00	0.23	12.55	0.49	0.00
0	0	0.00	0.00	0.54	0.30	0.00
0	4	0.00	0.00	0.18	1.09	0.00
1	1	0.00	0.00	0.50	0.69	0.00
1	5	0.00	0.00	0.73	0.49	0.00
2	2	0.00	0.16	1.27	0.00	0.00
2	6	0.00	0.02	1.00	0.39	0.00
3	3	0.00	0.00	0.10	0.99	0.00
3	7	0.00	1.69	96.09	0.00	0.00
Core	CPU	C1%	C3%	C6%	C8%	C9%
-	-	0.00	0.42	12.46	1.29	0.00
0	0	0.00	0.00	0.35	1.98	0.00
0	4	0.00	0.00	0.43	1.98	0.00
1	1	0.00	1.81	0.00	0.07	0.00
1	5	0.00	0.00	0.58	1.23	0.00
2	2	0.00	0.05	1.32	1.49	0.00
2	6	0.00	0.00	0.37	1.68	0.00
3	3	0.00	0.00	0.25	1.88	0.00
3	7	0.00	1.49	96.36	0.00	0.00
Core	CPU	C1%	C3%	C6%	C8%	C9%
-	-	0.00	0.21	12.50	0.96	0.00
0	0	0.00	0.02	0.30	1.58	0.00
0	4	0.00	0.00	0.28	0.99	0.00
1	1	0.00	0.00	0.56	0.59	0.00
1	5	0.00	0.00	0.24	1.29	0.00
2	2	0.00	0.12	1.37	1.58	0.00
2	6	0.00	0.00	0.70	0.69	0.00
3	3	0.00	0.00	0.29	1.00	0.00
3	7	0.00	1.55	96.28	0.00	0.00
Core	CPU	C1%	C3%	C6%	C8%	C9%
-	-	0.00	0.33	12.37	0.78	0.06
0	0	0.00	0.00	0.63	0.99	0.00
0	4	0.00	0.18	0.24	0.59	0.00
1	1	0.00	0.00	0.10	0.50	0.00
1	5	0.00	0.00	0.19	1.09	0.00
2	2	0.00	0.04	1.54	1.08	0.51
2	6	0.00	0.00	0.26	0.89	0.00
3	3	0.00	0.00	0.53	1.09	0.00
3	7	0.00	2.39	95.46	0.00	0.00
Core	CPU	C1%	C3%	C6%	C8%	C9%
-	-	0.00	0.27	12.39	0.81	0.00
0	0	0.00	0.00	0.58	1.19	0.00
0	4	0.00	0.00	0.76	1.19	0.00
1	1	0.00	0.00	0.45	1.09	0.00
1	5	0.00	0.00	0.43	1.09	0.00
2	2	0.00	0.12	0.91	0.31	0.00
2	6	0.00	0.00	0.00	0.60	0.00
3	3	0.00	0.00	0.19	0.99	0.00
3	7	0.00	2.04	95.80	0.00	0.00
Core	CPU	C1%	C3%	C6%	C8%	C9%
-	-	0.00	0.38	12.34	0.67	0.00
0	0	0.00	0.00	0.83	0.79	0.00
0	4	0.00	0.02	0.74	0.00	0.00
1	1	0.00	0.00	0.10	0.79	0.00
1	5	0.00	0.00	0.44	1.09	0.00
2	2	0.00	0.15	1.12	0.89	0.00
2	6	0.00	0.00	0.25	0.89	0.00
3	3	0.00	0.00	0.23	0.90	0.00
3	7	0.00	2.88	95.02	0.00	0.00
Core	CPU	C1%	C3%	C6%	C8%	C9%
-	-	0.00	0.20	12.59	0.89	0.00
0	0	0.00	0.00	0.96	1.19	0.00
0	4	0.00	0.00	0.36	0.89	0.00
1	1	0.00	0.00	0.83	0.79	0.00
1	5	0.00	0.00	0.81	1.88	0.00
2	2	0.00	0.11	0.91	0.52	0.00
2	6	0.00	0.00	0.19	0.89	0.00
3	3	0.00	0.00	0.28	0.99	0.00
3	7	0.00	1.46	96.36	0.00	0.00
Core	CPU	C1%	C3%	C6%	C8%	C9%
-	-	0.00	0.35	12.51	0.52	0.00
0	0	0.00	0.02	0.20	0.30	0.00
0	4	0.00	0.00	0.00	0.60	0.00
1	1	0.01	1.58	0.17	0.00	0.00
1	5	0.00	0.00	0.27	0.89	0.00
2	2	0.00	0.10	1.16	0.79	0.00
2	6	0.00	0.00	0.83	0.79	0.00
3	3	0.00	0.02	0.69	0.80	0.00
3	7	0.00	1.08	96.77	0.00	0.00
Core	CPU	C1%	C3%	C6%	C8%	C9%
-	-	0.00	0.11	12.63	0.65	0.00
0	0	0.00	0.00	0.46	0.79	0.00
0	4	0.00	0.00	0.84	0.79	0.00
1	1	0.00	0.00	0.51	0.50	0.00
1	5	0.00	0.00	0.19	0.62	0.00
2	2	0.00	0.15	1.23	0.98	0.00
2	6	0.00	0.00	0.28	0.89	0.00
3	3	0.00	0.00	0.46	0.59	0.00
3	7	0.00	0.74	97.07	0.00	0.00
Core	CPU	C1%	C3%	C6%	C8%	C9%
-	-	0.00	0.22	12.54	0.87	0.00
0	0	0.00	0.00	0.65	0.70	0.00
0	4	0.00	0.00	0.55	1.48	0.00
1	1	0.00	0.00	0.37	0.79	0.00
1	5	0.00	0.00	0.25	1.28	0.00
2	2	0.00	0.14	1.30	0.79	0.00
2	6	0.00	0.02	0.89	0.91	0.00
3	3	0.00	0.00	0.10	1.00	0.00
3	7	0.00	1.60	96.24	0.00	0.00
Core	CPU	C1%	C3%	C6%	C8%	C9%
-	-	0.00	0.19	12.00	0.79	0.00
0	0	0.00	0.00	1.39	1.48	0.00
0	4	0.00	0.00	0.62	0.30	0.00
1	1	0.00	0.00	0.17	0.60	0.00
1	5	0.00	0.00	0.28	1.18	0.00
2	2	0.00	0.11	0.84	0.59	0.00
2	6	0.00	0.00	0.19	1.35	0.00
3	3	0.00	0.00	0.83	0.80	0.00
3	7	0.01	1.40	91.66	0.00	0.00
Core	CPU	C1%	C3%	C6%	C8%	C9%
-	-	0.00	0.14	12.53	0.87	0.00
0	0	0.00	0.00	0.20	1.28	0.00
0	4	0.00	0.00	0.74	1.29	0.00
1	1	0.00	0.00	0.16	0.99	0.00
1	5	0.00	0.00	0.15	1.09	0.00
2	2	0.00	0.15	1.24	0.79	0.00
2	6	0.00	0.00	0.60	0.52	0.00
3	3	0.00	0.00	0.29	1.00	0.00
3	7	0.00	1.00	96.85	0.00	0.00
