Core	CPU	C1%	C3%	C6%	C8%	C9%
-	-	0.11	0.26	1.33	1.23	0.51
0	0	0.00	0.00	2.48	1.52	0.00
0	4	0.00	0.00	0.93	4.04	0.00
1	1	0.00	0.08	1.45	0.40	0.00
1	5	0.71	0.13	1.82	0.60	0.00
2	2	0.00	1.79	0.33	0.00	4.06
2	6	0.18	0.00	0.80	0.79	0.00
3	3	0.00	0.00	0.16	1.09	0.00
3	7	0.00	0.07	2.68	1.44	0.00
Core	CPU	C1%	C3%	C6%	C8%	C9%
-	-	0.00	0.02	0.54	0.32	1.03
0	0	0.01	0.00	0.12	0.25	0.00
0	4	0.00	0.00	0.07	0.25	0.00
1	1	0.01	0.03	0.41	0.14	0.07
1	5	0.00	0.00	0.11	0.00	0.00
2	2	0.00	0.07	0.02	0.10	4.33
2	6	0.00	0.00	0.05	0.05	0.00
3	3	0.00	0.00	0.05	0.04	0.00
3	7	0.02	0.03	3.51	1.73	3.82
Core	CPU	C1%	C3%	C6%	C8%	C9%
-	-	0.00	0.27	0.43	0.74	2.37
0	0	0.00	0.00	0.59	0.98	0.00
0	4	0.00	0.00	0.25	1.08	0.00
1	1	0.00	0.01	0.84	0.28	0.00
1	5	0.00	0.00	0.00	0.60	0.00
2	2	0.00	2.16	0.21	0.00	18.94
2	6	0.00	0.00	0.36	0.79	0.00
3	3	0.00	0.00	0.92	0.78	0.00
3	7	0.00	0.00	0.23	1.38	0.00
Core	CPU	C1%	C3%	C6%	C8%	C9%
-	-	0.00	0.13	0.65	0.56	0.51
0	0	0.00	0.00	0.92	0.30	0.00
0	4	0.00	0.01	0.59	0.29	0.00
1	1	0.00	0.01	1.14	0.61	0.00
1	5	0.00	0.00	1.12	0.79	0.00
2	2	0.00	0.99	0.10	0.00	4.06
2	6	0.00	0.02	0.20	0.90	0.00
3	3	0.00	0.00	0.78	0.89	0.00
3	7	0.00	0.00	0.36	0.69	0.00
Core	CPU	C1%	C3%	C6%	C8%	C9%
-	-	0.00	0.20	0.52	0.77	0.65
0	0	0.00	0.00	0.10	1.08	0.00
0	4	0.00	0.00	0.48	0.69	0.00
1	1	0.00	0.00	0.86	0.79	0.00
1	5	0.00	0.00	0.83	0.79	0.00
2	2	0.01	1.58	0.11	0.00	5.22
2	6	0.00	0.00	0.89	0.69	0.00
3	3	0.00	0.00	0.36	0.88	0.00
3	7	0.00	0.00	0.51	1.28	0.00
Core	CPU	C1%	C3%	C6%	C8%	C9%
-	-	0.00	0.20	0.38	0.74	3.57
0	0	0.00	0.00	0.82	1.48	0.00
0	4	0.00	0.00	0.23	0.70	0.00
1	1	0.00	0.02	1.00	0.19	0.00
1	5	0.00	0.00	0.27	0.70	0.00
2	2	0.00	1.58	0.01	0.00	28.55
2	6	0.00	0.00	0.25	1.00	0.00
3	3	0.00	0.00	0.22	0.89	0.00
3	7	0.00	0.00	0.19	0.99	0.00
Core	CPU	C1%	C3%	C6%	C8%	C9%
-	-	0.00	0.26	0.44	1.14	0.89
0	0	0.00	0.00	0.14	1.28	0.00
0	4	0.00	0.02	0.10	0.40	0.00
1	1	0.00	0.00	0.71	1.58	0.00
1	5	0.00	0.00	0.87	1.48	0.00
2	2	0.00	2.08	0.11	0.00	7.14
2	6	0.00	0.00	0.32	1.49	0.00
3	3	0.00	0.00	0.29	1.48	0.00
3	7	0.00	0.00	0.96	1.40	0.00
Core	CPU	C1%	C3%	C6%	C8%	C9%
-	-	0.00	0.19	0.51	0.68	0.62
0	0	0.00	0.00	0.18	0.49	0.00
0	4	0.00	0.00	0.28	0.88	0.00
1	1	0.00	0.03	1.27	0.98	0.00
1	5	0.00	0.00	1.30	0.79	0.00
2	2	0.01	1.48	0.11	0.00	4.96
2	6	0.00	0.00	0.19	0.99	0.00
3	3	0.00	0.00	0.36	0.79	0.00
3	7	0.00	0.00	0.42	0.55	0.00
Core	CPU	C1%	C3%	C6%	C8%	C9%
-	-	0.00	0.21	0.41	0.70	3.44
0	0	0.00	0.00	0.27	0.79	0.00
0	4	0.00	0.00	0.41	0.97	0.00
1	1	0.00	0.00	1.15	0.39	0.00
1	5	0.00	0.01	0.74	0.59	0.00
2	2	0.00	1.67	0.10	0.00	27.54
2	6	0.00	0.00	0.27	0.89	0.00
3	3	0.00	0.00	0.14	0.99	0.00
3	7	0.00	0.00	0.19	0.98	0.00
Core	CPU	C1%	C3%	C6%	C8%	C9%
-	-	0.00	0.20	0.49	0.77	0.50
0	0	0.00	0.00	0.48	1.19	0.00
0	4	0.00	0.00	0.71	0.69	0.00
1	1	0.00	0.03	0.73	0.70	0.00
1	5	0.00	0.00	0.38	0.79	0.00
2	2	0.00	1.58	0.11	0.00	3.96
2	6	0.00	0.00	0.72	0.90	0.00
3	3	0.00	0.00	0.19	0.89	0.00
3	7	0.00	0.02	0.57	0.99	0.00
Core	CPU	C1%	C3%	C6%	C8%	C9%
-	-	0.10	0.11	0.36	0.55	0.51
0	0	0.00	0.02	0.30	0.20	0.00
0	4	0.79	0.00	0.00	0.00	0.00
1	1	0.00	0.00	0.59	1.36	0.00
1	5	0.00	0.00	0.46	0.69	0.00
2	2	0.00	0.79	0.30	0.00	4.06
2	6	0.00	0.01	0.29	1.20	0.00
3	3	0.00	0.00	0.18	0.89	0.00
3	7	0.00	0.02	0.74	0.08	0.00
Core	CPU	C1%	C3%	C6%	C8%	C9%
-	-	0.00	0.13	0.55	0.82	0.51
0	0	0.00	0.00	0.40	0.69	0.00
0	4	0.00	0.00	0.29	1.19	0.00
1	1	0.00	0.02	0.68	1.00	0.00
1	5	0.00	0.00	1.23	0.99	0.00
2	2	0.00	0.99	0.11	0.00	4.06
2	6	0.00	0.00	0.83	0.90	0.00
3	3	0.00	0.02	0.58	0.90	0.00
3	7	0.00	0.00	0.29	0.87	0.00
Core	CPU	C1%	C3%	C6%	C8%	C9%
-	-	0.00	0.09	0.34	0.71	0.60
0	0	0.00	0.00	0.39	0.45	0.00
0	4	0.00	0.00	0.23	0.99	0.00
1	1	0.00	0.02	0.64	0.40	0.00
1	5	0.00	0.00	0.19	1.00	0.00
2	2	0.01	0.68	0.11	0.11	4.78
2	6	0.00	0.00	0.24	1.00	0.00
3	3	0.00	0.02	0.68	0.80	0.00
3	7	0.00	0.00	0.29	0.90	0.00
Core	CPU	C1%	C3%	C6%	C8%	C9%
-	-	0.00	0.19	0.62	0.99	0.51
0	0	0.00	0.00	1.17	1.99	0.00
0	4	0.00	0.00	0.20	0.99	0.00
1	1	0.00	0.02	1.17	0.40	0.00
1	5	0.00	0.00	1.41	0.99	0.00
2	2	0.00	1.48	0.11	0.00	4.06
2	6	0.00	0.01	0.29	0.90	0.00
3	3	0.00	0.00	0.29	1.08	0.00
3	7	0.00	0.00	0.36	1.59	0.00
Core	CPU	C1%	C3%	C6%	C8%	C9%
-	-	0.00	0.20	0.51	0.73	3.44
0	0	0.00	0.00	0.69	0.69	0.00
0	4	0.00	0.00	0.37	0.99	0.00
1	1	0.00	0.02	0.66	1.08	0.00
1	5	0.00	0.00	0.93	0.79	0.00
2	2	0.00	1.58	0.11	0.00	27.54
2	6	0.00	0.00	0.69	0.89	0.00
3	3	0.00	0.00	0.28	0.78	0.00
3	7	0.00	0.00	0.33	0.64	0.00
Core	CPU	C1%	C3%	C6%	C8%	C9%
-	-	0.00	0.21	0.29	0.68	0.63
0	0	0.00	0.00	0.46	0.89	0.00
0	4	0.00	0.00	0.45	0.79	0.00
1	1	0.00	0.05	0.40	0.49	0.00
1	5	0.00	0.00	0.18	0.50	0.00
2	2	0.00	1.67	0.10	0.00	5.08
2	6	0.00	0.00	0.37	0.79	0.00
3	3	0.00	0.00	0.13	0.99	0.00
3	7	0.00	0.00	0.19	0.97	0.00
Core	CPU	C1%	C3%	C6%	C8%	C9%
-	-	0.00	0.20	0.35	0.86	0.51
0	0	0.00	0.00	0.35	0.79	0.00
0	4	0.00	0.00	0.27	1.09	0.00
1	1	0.00	0.04	0.77	0.10	0.00
1	5	0.00	0.00	0.18	0.99	0.00
2	2	0.00	1.48	0.11	0.00	4.06
2	6	0.00	0.00	0.14	1.09	0.00
3	3	0.00	0.02	0.56	1.09	0.00
3	7	0.00	0.03	0.43	1.70	0.00
Core	CPU	C1%	C3%	C6%	C8%	C9%
-	-	0.00	0.19	0.62	0.94	0.38
0	0	0.00	0.00	0.64	1.00	0.00
0	4	0.00	0.02	0.23	0.70	0.00
1	1	0.00	0.00	0.59	1.08	0.00
1	5	0.00	0.00	1.10	0.79	0.00
2	2	0.00	1.48	0.10	0.00	3.04
2	6	0.00	0.00	0.79	0.89	0.00
3	3	0.00	0.00	0.77	0.79	0.00
3	7	0.00	0.02	0.70	2.30	0.00
Core	CPU	C1%	C3%	C6%	C8%	C9%
-	-	0.00	0.20	0.42	0.73	0.47
0	0	0.00	0.00	0.20	0.40	0.00
0	4	0.00	0.00	0.28	0.89	0.00
1	1	0.00	0.01	0.86	1.08	0.00
1	5	0.00	0.00	0.92	0.79	0.00
2	2	0.01	1.58	0.11	0.32	3.73
2	6	0.00	0.00	0.19	0.89	0.00
3	3	0.00	0.00	0.54	0.79	0.00
3	7	0.00	0.00	0.27	0.66	0.00
Core	CPU	C1%	C3%	C6%	C8%	C9%
-	-	0.04	0.23	0.55	4.36	0.78
0	0	0.12	0.00	0.44	1.08	0.00
0	4	0.00	0.00	0.25	1.08	0.00
1	1	0.15	0.05	0.98	0.61	0.00
1	5	0.00	0.00	1.25	0.59	0.00
2	2	0.00	1.48	0.11	0.20	6.25
2	6	0.00	0.00	0.25	0.99	0.00
3	3	0.00	0.13	0.36	0.89	0.00
3	7	0.02	0.15	0.74	29.43	0.00
Core	CPU	C1%	C3%	C6%	C8%	C9%
-	-	0.00	0.34	0.83	1.19	3.44
0	0	0.00	0.00	0.35	1.48	0.00
0	4	0.00	0.00	0.51	1.38	0.00
1	1	0.00	0.05	1.64	0.60	0.00
1	5	0.00	0.00	1.07	1.68	0.00
2	2	0.00	2.67	0.11	0.04	27.51
2	6	0.00	0.00	0.34	1.99	0.00
3	3	0.00	0.02	1.10	1.28	0.00
3	7	0.00	0.00	1.57	1.08	0.00
Core	CPU	C1%	C3%	C6%	C8%	C9%
-	-	0.00	0.34	0.82	1.56	0.51
0	0	0.00	0.02	0.97	1.69	0.00
0	4	0.00	0.00	0.69	1.48	0.00
1	1	0.00	0.00	0.98	1.77	0.00
1	5	0.00	0.00	1.21	1.78	0.00
2	2	0.00	2.67	0.11	0.15	4.06
2	6	0.00	0.02	0.99	1.79	0.00
3	3	0.00	0.00	0.89	1.97	0.00
3	7	0.00	0.00	0.75	1.87	0.00
Core	CPU	C1%	C3%	C6%	C8%	C9%
-	-	0.00	0.28	0.45	1.58	0.51
0	0	0.00	0.00	0.19	1.39	0.00
0	4	0.00	0.00	0.38	1.88	0.00
1	1	0.00	0.05	1.08	1.66	0.00
1	5	0.00	0.00	0.34	1.88	0.00
2	2	0.00	2.17	0.11	0.07	4.06
2	6	0.00	0.00	0.29	1.99	0.00
3	3	0.00	0.00	0.48	1.77	0.00
3	7	0.00	0.00	0.69	1.97	0.00
Core	CPU	C1%	C3%	C6%	C8%	C9%
-	-	0.00	0.27	0.68	1.58	0.63
0	0	0.00	0.00	0.38	1.88	0.00
0	4	0.00	0.00	1.05	1.97	0.00
1	1	0.00	0.01	1.34	1.39	0.00
1	5	0.00	0.00	1.19	1.78	0.00
2	2	0.00	2.17	0.11	0.00	5.01
2	6	0.00	0.00	0.38	1.88	0.00
3	3	0.00	0.00	0.64	1.77	0.00
3	7	0.00	0.00	0.34	1.97	0.00
Core	CPU	C1%	C3%	C6%	C8%	C9%
-	-	0.00	0.15	0.35	0.88	0.60
0	0	0.00	0.00	0.37	1.00	0.00
0	4	0.00	0.00	0.35	0.99	0.00
1	1	0.00	0.01	0.74	0.39	0.00
1	5	0.00	0.00	0.20	0.80	0.00
2	2	0.00	1.15	0.10	0.67	4.77
2	6	0.00	0.00	0.36	1.00	0.00
3	3	0.00	0.00	0.43	1.09	0.00
3	7	0.00	0.00	0.29	1.09	0.00
Core	CPU	C1%	C3%	C6%	C8%	C9%
-	-	0.00	0.21	0.76	0.84	3.57
0	0	0.00	0.00	1.09	0.79	0.00
0	4	0.00	0.01	0.60	0.00	0.00
1	1	0.00	0.00	0.81	1.86	0.00
1	5	0.00	0.00	1.70	1.49	0.00
2	2	0.00	1.67	0.21	0.00	28.55
2	6	0.00	0.02	0.98	1.10	0.00
3	3	0.00	0.00	0.29	0.79	0.00
3	7	0.00	0.00	0.37	0.69	0.00
Core	CPU	C1%	C3%	C6%	C8%	C9%
-	-	0.00	0.18	0.48	0.60	3.44
0	0	0.00	0.01	0.30	0.20	0.00
0	4	0.00	0.00	0.49	0.69	0.00
1	1	0.00	0.04	1.03	0.59	0.00
1	5	0.00	0.00	0.25	0.94	0.00
2	2	0.00	1.38	0.20	0.00	27.54
2	6	0.00	0.00	0.49	1.00	0.00
3	3	0.00	0.00	0.87	0.69	0.00
3	7	0.00	0.00	0.20	0.70	0.00
Core	CPU	C1%	C3%	C6%	C8%	C9%
-	-	0.00	0.20	0.64	0.60	0.51
0	0	0.00	0.00	0.18	0.98	0.00
0	4	0.00	0.00	0.36	0.89	0.00
1	1	0.00	0.01	1.14	0.38	0.00
1	5	0.00	0.02	1.56	0.79	0.00
2	2	0.00	1.57	0.10	0.00	4.06
2	6	0.00	0.00	0.27	0.79	0.00
3	3	0.00	0.00	0.83	0.79	0.00
3	7	0.00	0.02	0.70	0.19	0.00
Core	CPU	C1%	C3%	C6%	C8%	C9%
-	-	0.00	0.20	0.59	0.78	0.51
0	0	0.00	0.00	0.45	0.79	0.00
0	4	0.00	0.00	0.23	1.09	0.00
1	1	0.00	0.02	0.89	0.40	0.00
1	5	0.00	0.00	0.62	0.89	0.00
2	2	0.00	1.58	0.11	0.00	4.06
2	6	0.00	0.00	0.73	0.90	0.00
3	3	0.00	0.01	0.88	0.69	0.00
3	7	0.00	0.00	0.85	1.47	0.00
Core	CPU	C1%	C3%	C6%	C8%	C9%
-	-	0.00	0.19	0.81	0.83	0.51
0	0	0.00	0.04	0.87	0.80	0.00
0	4	0.00	0.00	0.77	0.49	0.00
1	1	0.00	0.00	1.16	1.38	0.00
1	5	0.00	0.00	1.39	0.99	0.00
2	2	0.00	1.48	0.11	0.09	4.06
2	6	0.00	0.00	0.79	0.89	0.00
3	3	0.00	0.00	0.27	0.97	0.00
3	7	0.00	0.00	1.12	0.99	0.00
Core	CPU	C1%	C3%	C6%	C8%	C9%
-	-	0.00	0.22	0.39	0.71	0.51
0	0	0.00	0.00	0.28	1.18	0.00
0	4	0.00	0.00	0.36	0.99	0.00
1	1	0.00	0.05	0.90	0.48	0.00
1	5	0.00	0.00	0.60	0.00	0.00
2	2	0.00	1.67	0.10	0.00	4.06
2	6	0.00	0.00	0.27	1.09	0.00
3	3	0.00	0.00	0.34	0.98	0.00
3	7	0.00	0.00	0.30	0.99	0.00
Core	CPU	C1%	C3%	C6%	C8%	C9%
-	-	0.00	0.30	0.50	0.91	0.61
0	0	0.00	0.00	0.47	1.28	0.00
0	4	0.00	0.00	0.32	1.17	0.00
1	1	0.00	0.00	0.99	0.77	0.00
1	5	0.00	0.00	1.15	1.08	0.00
2	2	0.00	2.36	0.27	0.30	4.91
2	6	0.00	0.00	0.31	0.90	0.00
3	3	0.00	0.00	0.20	0.89	0.00
3	7	0.00	0.00	0.32	0.88	0.00
Core	CPU	C1%	C3%	C6%	C8%	C9%
-	-	0.10	0.19	0.30	0.84	0.64
0	0	0.00	0.02	0.08	0.59	0.00
0	4	0.79	0.00	0.00	0.51	0.00
1	1	0.00	0.02	0.73	1.39	0.00
1	5	0.00	0.00	0.46	0.79	0.00
2	2	0.00	1.47	0.10	0.54	5.15
2	6	0.00	0.00	0.10	1.10	0.00
3	3	0.00	0.00	0.47	1.08	0.00
3	7	0.00	0.00	0.44	0.69	0.00
Core	CPU	C1%	C3%	C6%	C8%	C9%
-	-	0.00	0.20	0.43	0.89	0.82
0	0	0.00	0.00	0.84	1.19	0.00
0	4	0.00	0.00	0.36	1.18	0.00
1	1	0.00	0.05	1.10	0.89	0.00
1	5	0.00	0.00	0.30	0.99	0.00
2	2	0.00	1.58	0.00	0.00	6.55
2	6	0.00	0.00	0.28	0.79	0.00
3	3	0.00	0.00	0.35	1.07	0.00
3	7	0.00	0.00	0.23	0.98	0.00
Core	CPU	C1%	C3%	C6%	C8%	C9%
-	-	0.00	0.19	0.33	0.64	0.50
0	0	0.00	0.00	0.37	0.59	0.00
0	4	0.00	0.00	0.15	0.78	0.00
1	1	0.00	0.07	0.60	0.41	0.00
1	5	0.00	0.00	0.20	0.69	0.00
2	2	0.00	1.38	0.11	0.00	3.96
2	6	0.00	0.00	0.25	0.99	0.00
3	3	0.00	0.10	0.12	0.98	0.00
3	7	0.00	0.00	0.88	0.69	0.00
Core	CPU	C1%	C3%	C6%	C8%	C9%
-	-	0.00	0.15	0.35	0.93	0.63
0	0	0.00	0.00	0.22	0.61	0.00
0	4	0.00	0.00	0.19	1.18	0.00
1	1	0.00	0.01	0.60	1.20	0.00
1	5	0.00	0.00	0.41	1.48	0.00
2	2	0.00	1.19	0.00	0.00	5.08
2	6	0.00	0.02	0.68	1.10	0.00
3	3	0.00	0.00	0.29	0.88	0.00
3	7	0.00	0.00	0.36	0.98	0.00
Core	CPU	C1%	C3%	C6%	C8%	C9%
-	-	0.00	0.15	0.27	0.84	3.33
0	0	0.00	0.00	0.19	0.69	0.00
0	4	0.00	0.00	0.28	0.89	0.00
1	1	0.00	0.01	0.79	1.58	0.00
1	5	0.00	0.00	0.14	0.98	0.00
2	2	0.01	1.19	0.00	0.00	26.63
2	6	0.00	0.00	0.19	0.89	0.00
3	3	0.00	0.00	0.36	0.99	0.00
3	7	0.00	0.00	0.17	0.69	0.00
Core	CPU	C1%	C3%	C6%	C8%	C9%
-	-	0.00	0.11	0.45	0.94	0.63
0	0	0.00	0.00	0.77	1.00	0.00
0	4	0.00	0.00	0.05	0.49	0.00
1	1	0.00	0.02	0.20	0.30	0.00
1	5	0.00	0.00	1.16	1.29	0.00
2	2	0.00	0.88	0.21	0.00	5.06
2	6	0.00	0.00	0.44	1.29	0.00
3	3	0.00	0.02	0.51	1.48	0.00
3	7	0.00	0.00	0.29	1.68	0.00
Core	CPU	C1%	C3%	C6%	C8%	C9%
-	-	0.00	0.20	0.30	0.69	3.44
0	0	0.00	0.00	0.16	0.70	0.00
0	4	0.00	0.00	0.18	0.50	0.00
1	1	0.00	0.00	0.39	0.78	0.00
1	5	0.00	0.00	0.36	0.79	0.00
2	2	0.00	1.58	0.11	0.00	27.53
2	6	0.00	0.02	0.19	0.90	0.00
3	3	0.00	0.00	0.65	1.06	0.00
3	7	0.00	0.00	0.35	0.83	0.00
Core	CPU	C1%	C3%	C6%	C8%	C9%
-	-	0.00	0.20	0.39	0.82	3.44
0	0	0.00	0.00	0.19	0.99	0.00
0	4	0.00	0.00	0.37	0.89	0.00
1	1	0.00	0.00	0.53	0.99	0.00
1	5	0.00	0.00	0.23	1.08	0.00
2	2	0.00	1.58	0.10	0.00	27.54
2	6	0.00	0.00	0.77	0.79	0.00
3	3	0.00	0.00	0.64	1.19	0.00
3	7	0.00	0.00	0.31	0.65	0.00
Core	CPU	C1%	C3%	C6%	C8%	C9%
-	-	0.00	0.19	0.31	0.60	3.44
0	0	0.00	0.00	0.46	0.49	0.00
0	4	0.00	0.00	0.53	0.78	0.00
1	1	0.00	0.02	0.20	0.30	0.00
1	5	0.00	0.00	0.10	0.50	0.00
2	2	0.00	1.48	0.11	0.00	27.54
2	6	0.00	0.00	0.36	0.79	0.00
3	3	0.00	0.01	0.53	0.99	0.00
3	7	0.00	0.00	0.19	0.98	0.00
Core	CPU	C1%	C3%	C6%	C8%	C9%
-	-	0.00	0.27	0.65	2.03	3.44
0	0	0.00	0.00	1.28	0.60	0.00
0	4	0.00	0.00	0.60	0.49	0.00
1	1	0.00	0.00	0.60	0.99	0.00
1	5	0.00	0.00	0.44	0.79	0.00
2	2	0.00	1.93	0.31	0.00	27.55
2	6	0.00	0.04	0.29	1.40	0.00
3	3	0.00	0.01	0.71	0.88	0.00
3	7	0.01	0.17	1.01	11.07	0.00
Core	CPU	C1%	C3%	C6%	C8%	C9%
-	-	0.00	0.22	0.51	2.66	0.51
0	0	0.00	0.00	0.62	0.30	0.00
0	4	0.00	0.02	0.50	0.48	0.00
1	1	0.00	0.00	0.10	0.50	0.00
1	5	0.00	0.00	0.10	1.08	0.00
2	2	0.00	1.59	0.11	0.00	4.06
2	6	0.00	0.00	0.42	0.80	0.00
3	3	0.00	0.01	1.24	0.79	0.00
3	7	0.00	0.13	1.00	17.32	0.00
Core	CPU	C1%	C3%	C6%	C8%	C9%
-	-	0.00	0.19	0.72	0.55	0.51
0	0	0.00	0.00	0.56	0.39	0.00
0	4	0.00	0.00	0.54	0.00	0.00
1	1	0.00	0.02	0.77	0.60	0.00
1	5	0.00	0.00	1.35	0.79	0.00
2	2	0.00	1.48	0.17	0.10	4.06
2	6	0.00	0.00	0.74	0.90	0.00
3	3	0.00	0.03	0.71	0.79	0.00
3	7	0.00	0.00	0.89	0.79	0.00
Core	CPU	C1%	C3%	C6%	C8%	C9%
-	-	0.00	0.22	0.30	0.89	0.61
0	0	0.00	0.00	0.24	0.79	0.00
0	4	0.00	0.02	0.20	0.99	0.00
1	1	0.00	0.00	0.20	1.28	0.00
1	5	0.00	0.00	0.61	1.08	0.00
2	2	0.00	1.58	0.10	0.00	4.88
2	6	0.00	0.10	0.22	0.99	0.00
3	3	0.00	0.02	0.50	1.09	0.00
3	7	0.00	0.00	0.36	0.88	0.00
Core	CPU	C1%	C3%	C6%	C8%	C9%
-	-	0.00	0.20	0.33	0.87	0.91
0	0	0.00	0.00	0.44	0.99	0.00
0	4	0.00	0.00	0.28	0.89	0.00
1	1	0.00	0.00	0.44	1.26	0.00
1	5	0.00	0.00	0.31	0.99	0.00
2	2	0.01	1.58	0.11	0.00	7.30
2	6	0.00	0.00	0.19	0.89	0.00
3	3	0.00	0.01	0.87	0.69	0.00
3	7	0.00	0.00	0.04	1.24	0.00
Core	CPU	C1%	C3%	C6%	C8%	C9%
-	-	0.00	0.19	0.45	0.56	0.51
0	0	0.00	0.00	0.37	0.69	0.00
0	4	0.00	0.00	0.15	0.59	0.00
1	1	0.00	0.02	0.48	0.20	0.00
1	5	0.00	0.00	0.20	0.69	0.00
2	2	0.00	1.48	0.11	0.00	4.06
2	6	0.00	0.00	0.83	0.90	0.00
3	3	0.00	0.03	0.99	0.39	0.00
3	7	0.00	0.02	0.50	1.00	0.00
Core	CPU	C1%	C3%	C6%	C8%	C9%
-	-	0.00	0.19	0.48	0.78	0.51
0	0	0.00	0.01	0.18	0.70	0.00
0	4	0.00	0.00	0.29	0.89	0.00
1	1	0.00	0.00	0.36	0.79	0.00
1	5	0.00	0.00	0.32	0.98	0.00
2	2	0.00	1.48	0.21	0.00	4.06
2	6	0.00	0.00	0.69	0.89	0.00
3	3	0.00	0.02	1.07	0.69	0.00
3	7	0.00	0.00	0.75	1.32	0.00
Core	CPU	C1%	C3%	C6%	C8%	C9%
-	-	0.05	0.14	0.52	0.77	0.51
0	0	0.17	0.00	0.38	0.98	0.00
0	4	0.00	0.00	0.36	0.79	0.00
1	1	0.21	0.00	0.53	1.32	0.00
1	5	0.00	0.02	0.79	0.89	0.00
2	2	0.00	1.08	0.00	0.00	4.06
2	6	0.00	0.00	0.28	0.79	0.00
3	3	0.00	0.00	1.36	0.40	0.00
3	7	0.00	0.00	0.50	0.97	0.00
Core	CPU	C1%	C3%	C6%	C8%	C9%
-	-	0.00	0.06	0.55	1.09	0.62
0	0	0.00	0.00	1.11	1.69	0.00
0	4	0.00	0.00	0.23	1.19	0.00
1	1	0.00	0.00	0.37	2.08	0.00
1	5	0.00	0.00	0.36	1.09	0.00
2	2	0.00	0.49	0.21	0.30	4.92
2	6	0.00	0.00	0.33	1.18	0.00
3	3	0.00	0.03	1.09	0.78	0.00
3	7	0.00	0.00	0.68	0.40	0.00
Core	CPU	C1%	C3%	C6%	C8%	C9%
-	-	0.00	0.26	0.57	1.10	3.44
0	0	0.00	0.00	0.12	0.78	0.00
0	4	0.00	0.00	0.19	1.20	0.00
1	1	0.00	0.00	0.37	1.61	0.00
1	5	0.00	0.00	1.04	1.18	0.00
2	2	0.00	2.08	0.11	0.00	27.53
2	6	0.00	0.01	0.30	1.49	0.00
3	3	0.00	0.01	1.57	1.09	0.00
3	7	0.00	0.02	0.84	1.43	0.00
Core	CPU	C1%	C3%	C6%	C8%	C9%
-	-	0.00	0.21	0.65	0.58	3.44
0	0	0.00	0.00	0.28	1.08	0.00
0	4	0.00	0.00	0.26	0.89	0.00
1	1	0.00	0.03	0.69	0.58	0.00
1	5	0.00	0.00	1.35	0.49	0.00
2	2	0.00	1.57	0.10	0.00	27.54
2	6	0.00	0.00	0.37	0.70	0.00
3	3	0.02	0.02	1.50	0.88	0.00
3	7	0.00	0.04	0.66	0.00	0.00
Core	CPU	C1%	C3%	C6%	C8%	C9%
-	-	0.00	0.19	0.43	0.67	1.71
0	0	0.00	0.00	0.36	0.69	0.00
0	4	0.00	0.00	0.14	0.79	0.00
1	1	0.00	0.02	0.20	0.49	0.00
1	5	0.00	0.00	0.53	0.70	0.00
2	2	0.00	1.48	0.11	0.00	13.65
2	6	0.00	0.00	0.36	0.90	0.00
3	3	0.00	0.01	1.05	0.49	0.00
3	7	0.00	0.00	0.69	1.29	0.00
Core	CPU	C1%	C3%	C6%	C8%	C9%
-	-	0.00	0.19	0.33	0.80	3.44
0	0	0.00	0.00	0.36	0.90	0.00
0	4	0.00	0.00	0.31	0.98	0.00
1	1	0.00	0.00	0.10	0.40	0.00
1	5	0.00	0.00	0.46	0.78	0.00
2	2	0.00	1.48	0.11	0.00	27.53
2	6	0.00	0.00	0.13	1.09	0.00
3	3	0.00	0.00	0.70	0.89	0.00
3	7	0.00	0.03	0.47	1.37	0.00
Core	CPU	C1%	C3%	C6%	C8%	C9%
-	-	0.01	0.14	0.59	0.66	0.51
0	0	0.00	0.02	0.23	0.60	0.00
0	4	0.00	0.00	0.18	0.80	0.00
1	1	0.00	0.00	1.62	0.89	0.00
1	5	0.00	0.00	0.45	0.69	0.00
2	2	0.00	1.08	0.11	0.00	4.06
2	6	0.00	0.00	0.69	0.90	0.00
3	3	0.00	0.03	1.17	0.88	0.00
3	7	0.06	0.02	0.25	0.49	0.00
Core	CPU	C1%	C3%	C6%	C8%	C9%
-	-	0.00	0.43	0.46	0.86	2.08
0	0	0.00	0.00	0.28	1.39	0.00
0	4	0.00	0.00	0.69	1.54	0.00
1	1	0.00	0.04	0.10	0.99	0.00
1	5	0.00	0.02	0.18	1.48	0.00
2	2	0.00	3.27	0.03	0.00	16.62
2	6	0.00	0.00	0.87	0.69	0.00
3	3	0.00	0.03	0.84	0.80	0.00
3	7	0.00	0.04	0.69	0.00	0.00
Core	CPU	C1%	C3%	C6%	C8%	C9%
-	-	0.00	0.06	0.48	0.62	0.51
0	0	0.00	0.00	0.87	0.49	0.00
0	4	0.00	0.00	0.55	0.49	0.00
1	1	0.00	0.00	0.22	0.50	0.00
1	5	0.00	0.03	0.14	0.69	0.00
2	2	0.00	0.39	0.11	0.00	4.06
2	6	0.00	0.00	0.52	0.99	0.00
3	3	0.00	0.02	0.77	0.89	0.00
3	7	0.00	0.00	0.63	0.89	0.00
Core	CPU	C1%	C3%	C6%	C8%	C9%
-	-	0.00	0.19	0.37	0.81	0.77
0	0	0.00	0.00	0.45	1.30	0.00
0	4	0.00	0.00	0.34	0.99	0.00
1	1	0.00	0.00	0.32	0.30	0.00
1	5	0.00	0.00	0.36	0.60	0.00
2	2	0.00	1.48	0.11	0.00	6.17
2	6	0.00	0.00	0.35	0.80	0.00
3	3	0.00	0.00	0.65	1.49	0.00
3	7	0.00	0.00	0.34	0.99	0.00
Core	CPU	C1%	C3%	C6%	C8%	C9%
-	-	0.00	0.26	0.33	0.90	0.50
0	0	0.00	0.00	0.14	0.59	0.00
0	4	0.00	0.00	0.21	1.08	0.00
1	1	0.00	0.00	0.10	0.50	0.00
1	5	0.00	0.00	0.97	1.08	0.00
2	2	0.00	2.06	0.11	0.00	3.96
2	6	0.00	0.00	0.13	1.39	0.00
3	3	0.00	0.04	0.57	1.38	0.00
3	7	0.00	0.00	0.37	1.20	0.00
Core	CPU	C1%	C3%	C6%	C8%	C9%
-	-	0.00	0.14	0.32	0.88	0.38
0	0	0.00	0.00	0.20	0.89	0.00
0	4	0.00	0.00	0.37	1.19	0.00
1	1	0.00	0.00	0.36	0.99	0.00
1	5	0.00	0.00	0.42	0.89	0.00
2	2	0.01	1.09	0.11	0.00	3.04
2	6	0.00	0.00	0.19	1.09	0.00
3	3	0.00	0.00	0.68	1.08	0.00
3	7	0.00	0.00	0.24	0.94	0.00
Core	CPU	C1%	C3%	C6%	C8%	C9%
-	-	0.00	0.15	0.34	0.66	0.51
0	0	0.00	0.00	0.27	0.79	0.00
0	4	0.00	0.00	0.45	0.59	0.00
1	1	0.00	0.00	0.70	0.21	0.00
1	5	0.00	0.00	0.00	0.60	0.00
2	2	0.00	1.17	0.23	0.29	4.06
2	6	0.00	0.00	0.36	0.79	0.00
3	3	0.00	0.02	0.52	0.99	0.00
3	7	0.00	0.00	0.19	0.99	0.00
Core	CPU	C1%	C3%	C6%	C8%	C9%
-	-	0.12	0.33	0.60	1.02	1.99
0	0	0.00	0.01	1.29	0.88	0.00
0	4	0.97	0.01	0.49	0.00	0.00
1	1	0.00	0.00	0.28	0.99	0.00
1	5	0.02	0.12	0.61	0.79	10.38
2	2	0.01	1.86	0.31	0.00	4.78
2	6	0.00	0.02	0.79	0.90	0.00
3	3	0.00	0.00	0.61	0.98	0.00
3	7	0.00	0.62	0.40	3.63	0.79
Core	CPU	C1%	C3%	C6%	C8%	C9%
-	-	0.01	0.03	0.66	0.09	0.62
0	0	0.02	0.19	0.02	0.02	0.21
0	4	0.00	0.00	0.03	0.08	0.00
1	1	0.00	0.00	0.01	0.03	0.00
1	5	0.00	0.00	0.37	0.06	0.00
2	2	0.00	0.04	0.01	0.01	4.23
2	6	0.00	0.00	0.03	0.06	0.00
3	3	0.00	0.02	0.37	0.14	0.00
3	7	0.02	0.01	4.46	0.35	0.54
Core	CPU	C1%	C3%	C6%	C8%	C9%
-	-	0.00	0.25	0.36	0.71	3.44
0	0	0.00	0.00	0.46	0.49	0.00
0	4	0.00	0.00	0.15	0.59	0.00
1	1	0.00	0.02	0.59	0.58	0.00
1	5	0.00	0.00	0.08	0.50	0.00
2	2	0.01	1.97	0.31	0.00	27.54
2	6	0.00	0.02	0.33	1.39	0.00
3	3	0.00	0.01	0.72	0.80	0.00
3	7	0.00	0.00	0.19	1.36	0.00
Core	CPU	C1%	C3%	C6%	C8%	C9%
-	-	0.00	0.14	0.36	0.76	0.51
0	0	0.00	0.02	0.64	0.59	0.00
0	4	0.00	0.00	0.23	0.89	0.00
1	1	0.00	0.00	0.55	0.10	0.00
1	5	0.00	0.00	0.28	0.89	0.00
2	2	0.00	1.09	0.00	0.00	4.06
2	6	0.00	0.00	0.33	0.90	0.00
3	3	0.00	0.00	0.51	1.39	0.00
3	7	0.00	0.00	0.37	1.30	0.00
Core	CPU	C1%	C3%	C6%	C8%	C9%
-	-	0.00	0.19	0.40	0.68	3.44
0	0	0.00	0.00	0.57	0.00	0.00
0	4	0.00	0.00	0.28	0.89	0.00
1	1	0.00	0.00	0.45	0.79	0.00
1	5	0.00	0.00	0.32	0.89	0.00
2	2	0.00	1.48	0.11	0.00	27.53
2	6	0.00	0.00	0.44	1.09	0.00
3	3	0.00	0.02	0.68	0.77	0.00
3	7	0.00	0.00	0.37	1.03	0.00
Core	CPU	C1%	C3%	C6%	C8%	C9%
-	-	0.00	0.13	0.34	0.75	0.71
0	0	0.00	0.00	0.51	0.99	0.00
0	4	0.00	0.00	0.37	0.89	0.00
1	1	0.00	0.00	0.14	1.09	0.00
1	5	0.00	0.02	0.10	0.99	0.00
2	2	0.00	0.98	0.10	0.00	5.68
2	6	0.00	0.00	0.27	0.79	0.00
3	3	0.00	0.02	1.14	0.57	0.00
3	7	0.00	0.00	0.10	0.68	0.00
Core	CPU	C1%	C3%	C6%	C8%	C9%
-	-	0.00	0.19	0.53	0.73	0.51
0	0	0.00	0.00	0.35	0.68	0.00
0	4	0.00	0.00	0.13	0.98	0.00
1	1	0.00	0.00	0.18	0.50	0.00
1	5	0.00	0.00	1.43	0.99	0.00
2	2	0.00	1.48	0.11	0.00	4.06
2	6	0.00	0.00	0.73	0.90	0.00
3	3	0.00	0.00	1.01	0.98	0.00
3	7	0.00	0.00	0.31	0.79	0.00
Core	CPU	C1%	C3%	C6%	C8%	C9%
-	-	0.00	0.23	0.46	0.99	0.61
0	0	0.00	0.00	0.83	1.10	0.00
0	4	0.00	0.00	0.19	1.29	0.00
1	1	0.00	0.00	0.55	1.09	0.00
1	5	0.00	0.00	0.64	1.08	0.00
2	2	0.00	1.78	0.11	0.00	4.91
2	6	0.00	0.01	0.68	1.00	0.00
3	3	0.00	0.01	0.51	1.18	0.00
3	7	0.00	0.00	0.16	1.18	0.00
Core	CPU	C1%	C3%	C6%	C8%	C9%
-	-	0.00	0.24	0.42	1.01	3.53
0	0	0.00	0.00	0.00	0.49	0.00
0	4	0.00	0.00	0.37	1.18	0.00
1	1	0.00	0.00	0.25	1.28	0.00
1	5	0.00	0.00	0.84	1.28	0.00
2	2	0.00	1.88	0.11	0.00	28.22
2	6	0.00	0.00	0.56	1.19	0.00
3	3	0.00	0.06	1.03	1.46	0.00
3	7	0.00	0.00	0.23	1.18	0.00
Core	CPU	C1%	C3%	C6%	C8%	C9%
-	-	0.00	0.20	0.31	0.65	3.44
0	0	0.00	0.00	0.37	0.89	0.00
0	4	0.00	0.00	0.15	0.79	0.00
1	1	0.00	0.00	0.22	0.30	0.00
1	5	0.00	0.00	0.04	0.50	0.00
2	2	0.00	1.57	0.10	0.29	27.54
2	6	0.00	0.00	0.36	0.80	0.00
3	3	0.00	0.01	1.14	0.48	0.00
3	7	0.00	0.00	0.10	1.19	0.00
Core	CPU	C1%	C3%	C6%	C8%	C9%
-	-	0.00	0.14	0.32	0.73	0.51
0	0	0.00	0.00	0.15	0.70	0.00
0	4	0.00	0.00	0.22	0.78	0.00
1	1	0.00	0.00	0.10	0.79	0.00
1	5	0.00	0.00	0.38	0.99	0.00
2	2	0.00	1.09	0.11	0.00	4.06
2	6	0.00	0.00	0.13	1.18	0.00
3	3	0.00	0.00	1.21	0.40	0.00
3	7	0.00	0.00	0.28	0.99	0.00
Core	CPU	C1%	C3%	C6%	C8%	C9%
-	-	0.00	0.18	0.42	1.22	0.51
0	0	0.00	0.01	0.62	1.29	0.00
0	4	0.00	0.00	0.30	1.37	0.00
1	1	0.00	0.00	0.86	1.18	0.00
1	5	0.00	0.00	0.43	1.87	0.00
2	2	0.00	1.38	0.11	0.00	4.06
2	6	0.00	0.00	0.10	1.39	0.00
3	3	0.00	0.02	0.67	1.29	0.00
3	7	0.00	0.00	0.24	1.37	0.00
Core	CPU	C1%	C3%	C6%	C8%	C9%
-	-	0.00	0.06	0.34	0.66	0.61
0	0	0.00	0.00	0.27	0.60	0.00
0	4	0.00	0.00	0.45	0.80	0.00
1	1	0.00	0.00	0.41	0.90	0.00
1	5	0.00	0.00	0.17	0.59	0.00
2	2	0.00	0.48	0.21	0.00	4.89
2	6	0.00	0.00	0.36	0.80	0.00
3	3	0.00	0.01	0.62	0.59	0.00
3	7	0.00	0.00	0.20	0.99	0.00
Core	CPU	C1%	C3%	C6%	C8%	C9%
-	-	0.00	0.19	0.39	0.75	0.67
0	0	0.00	0.00	0.61	0.78	0.00
0	4	0.00	0.00	0.23	1.08	0.00
1	1	0.00	0.00	0.10	0.70	0.00
1	5	0.00	0.00	0.42	0.89	0.00
2	2	0.00	1.48	0.11	0.00	5.33
2	6	0.00	0.00	0.37	1.09	0.00
3	3	0.00	0.00	1.01	0.68	0.00
3	7	0.00	0.00	0.27	0.78	0.00
Core	CPU	C1%	C3%	C6%	C8%	C9%
-	-	0.00	0.19	0.35	0.73	3.44
0	0	0.00	0.01	0.20	0.68	0.00
0	4	0.00	0.00	0.29	0.89	0.00
1	1	0.00	0.00	0.26	0.92	0.00
1	5	0.00	0.00	0.32	0.89	0.00
2	2	0.00	1.48	0.11	0.00	27.54
2	6	0.00	0.00	0.69	0.90	0.00
3	3	0.00	0.01	0.58	0.88	0.00
3	7	0.00	0.00	0.35	0.69	0.00
Core	CPU	C1%	C3%	C6%	C8%	C9%
-	-	0.00	0.20	0.43	1.15	2.28
0	0	0.00	0.00	0.84	2.10	0.00
0	4	0.00	0.00	0.36	0.89	0.00
1	1	0.00	0.00	0.33	2.06	0.00
1	5	0.00	0.02	0.20	0.99	0.00
2	2	0.00	1.57	0.10	0.00	18.24
2	6	0.00	0.00	0.27	0.89	0.00
3	3	0.00	0.03	1.14	1.06	0.00
3	7	0.00	0.00	0.20	1.19	0.00
Core	CPU	C1%	C3%	C6%	C8%	C9%
-	-	0.00	0.19	0.49	0.80	3.44
0	0	0.00	0.00	0.25	1.08	0.00
0	4	0.00	0.00	0.23	1.18	0.00
1	1	0.00	0.00	0.10	0.79	0.00
1	5	0.00	0.00	1.14	0.89	0.00
2	2	0.00	1.48	0.11	0.00	27.53
2	6	0.00	0.00	0.80	0.90	0.00
3	3	0.00	0.01	1.01	0.77	0.00
3	7	0.00	0.00	0.28	0.79	0.00
Core	CPU	C1%	C3%	C6%	C8%	C9%
-	-	0.01	0.23	0.48	4.13	3.44
0	0	0.00	0.02	0.27	0.60	0.00
0	4	0.00	0.00	0.10	0.79	0.00
1	1	0.00	0.00	0.31	0.89	0.00
1	5	0.00	0.00	0.36	0.89	0.00
2	2	0.00	1.48	0.11	0.00	27.51
2	6	0.00	0.01	0.30	0.80	0.00
3	3	0.00	0.06	1.05	0.88	0.00
3	7	0.04	0.29	1.35	28.20	0.00
Core	CPU	C1%	C3%	C6%	C8%	C9%
-	-	0.00	0.19	0.38	0.68	3.44
0	0	0.00	0.00	0.18	0.50	0.00
0	4	0.00	0.00	0.27	0.89	0.00
1	1	0.00	0.00	0.25	0.88	0.00
1	5	0.00	0.00	0.21	1.08	0.00
2	2	0.00	1.48	0.11	0.00	27.54
2	6	0.00	0.00	0.19	0.99	0.00
3	3	0.00	0.00	1.17	0.90	0.00
3	7	0.00	0.04	0.69	0.17	0.00
Core	CPU	C1%	C3%	C6%	C8%	C9%
-	-	0.00	0.19	0.42	0.82	3.44
0	0	0.00	0.00	0.75	1.59	0.00
0	4	0.00	0.00	0.24	1.08	0.00
1	1	0.00	0.00	0.50	0.70	0.00
1	5	0.00	0.00	0.10	0.50	0.00
2	2	0.00	1.48	0.11	0.00	27.53
2	6	0.00	0.00	0.35	0.90	0.00
3	3	0.00	0.01	0.53	0.99	0.00
3	7	0.00	0.00	0.79	0.79	0.00
Core	CPU	C1%	C3%	C6%	C8%	C9%
-	-	0.00	0.21	0.63	0.76	3.52
0	0	0.00	0.00	0.13	0.78	0.00
0	4	0.00	0.00	0.10	0.89	0.00
1	1	0.00	0.00	0.97	0.79	0.00
1	5	0.00	0.00	1.92	0.79	0.00
2	2	0.00	1.68	0.01	0.00	28.12
2	6	0.00	0.01	0.89	0.90	0.00
3	3	0.00	0.01	0.69	0.98	0.00
3	7	0.00	0.00	0.36	0.98	0.00
Core	CPU	C1%	C3%	C6%	C8%	C9%
-	-	0.00	0.19	0.42	0.84	3.52
0	0	0.00	0.00	0.32	1.48	0.00
0	4	0.00	0.00	0.52	1.00	0.00
1	1	0.00	0.00	0.36	0.89	0.00
1	5	0.00	0.00	0.35	0.79	0.00
2	2	0.00	1.48	0.11	0.00	28.15
2	6	0.00	0.00	0.79	0.90	0.00
3	3	0.00	0.00	0.60	0.98	0.00
3	7	0.00	0.00	0.35	0.69	0.00
Core	CPU	C1%	C3%	C6%	C8%	C9%
-	-	0.00	0.14	0.75	0.57	0.51
0	0	0.00	0.00	0.27	0.99	0.00
0	4	0.00	0.00	0.35	0.79	0.00
1	1	0.00	0.00	1.02	0.79	0.00
1	5	0.00	0.02	1.76	0.79	0.00
2	2	0.00	1.08	0.00	0.00	4.06
2	6	0.00	0.00	0.27	0.90	0.00
3	3	0.02	0.01	1.60	0.30	0.00
3	7	0.00	0.02	0.69	0.00	0.00
Core	CPU	C1%	C3%	C6%	C8%	C9%
-	-	0.00	0.17	0.60	0.78	0.38
0	0	0.00	0.02	0.83	1.69	0.00
0	4	0.00	0.00	0.34	1.68	0.00
1	1	0.00	0.00	0.71	0.20	0.00
1	5	0.00	0.00	0.60	0.00	0.00
2	2	0.00	1.28	0.08	0.00	3.05
2	6	0.00	0.00	0.47	0.70	0.00
3	3	0.00	0.06	0.93	1.07	0.00
3	7	0.00	0.00	0.82	0.89	0.00
Core	CPU	C1%	C3%	C6%	C8%	C9%
-	-	0.02	0.13	0.51	0.63	0.60
0	0	0.00	0.00	0.37	0.59	0.00
0	4	0.00	0.00	0.24	0.69	0.00
1	1	0.00	0.02	0.30	0.20	0.00
1	5	0.00	0.00	1.25	0.79	0.00
2	2	0.00	0.99	0.20	0.00	4.78
2	6	0.20	0.01	0.25	1.00	0.00
3	3	0.00	0.05	1.25	0.77	0.00
3	7	0.00	0.00	0.20	0.99	0.00
Core	CPU	C1%	C3%	C6%	C8%	C9%
-	-	0.00	0.25	0.45	1.05	1.45
0	0	0.00	0.00	0.43	0.89	0.00
0	4	0.00	0.00	0.23	1.48	0.00
1	1	0.00	0.00	0.69	1.09	0.00
1	5	0.00	0.00	0.29	1.19	0.00
2	2	0.00	1.97	0.11	0.00	11.58
2	6	0.00	0.00	0.98	0.49	0.00
3	3	0.00	0.01	0.73	1.79	0.00
3	7	0.00	0.00	0.20	1.49	0.00
Core	CPU	C1%	C3%	C6%	C8%	C9%
-	-	0.00	0.21	0.55	0.71	3.44
0	0	0.00	0.00	0.93	0.79	0.00
0	4	0.00	0.02	0.59	0.29	0.00
1	1	0.00	0.00	0.88	0.89	0.00
1	5	0.00	0.00	0.45	0.82	0.00
2	2	0.00	1.58	0.11	0.00	27.52
2	6	0.00	0.05	0.48	1.20	0.00
3	3	0.00	0.01	0.60	0.98	0.00
3	7	0.00	0.00	0.37	0.69	0.00
Core	CPU	C1%	C3%	C6%	C8%	C9%
-	-	0.00	0.19	0.47	0.87	3.44
0	0	0.00	0.00	0.46	1.39	0.00
0	4	0.00	0.00	0.48	0.69	0.00
1	1	0.00	0.00	0.45	0.79	0.00
1	5	0.00	0.00	0.52	1.08	0.00
2	2	0.00	1.48	0.11	0.00	27.52
2	6	0.00	0.00	0.29	0.79	0.00
3	3	0.00	0.01	1.17	1.26	0.00
3	7	0.00	0.01	0.23	0.98	0.00
Core	CPU	C1%	C3%	C6%	C8%	C9%
-	-	0.00	0.22	0.56	0.72	3.44
0	0	0.00	0.00	0.31	0.30	0.00
0	4	0.00	0.00	0.34	0.79	0.00
1	1	0.00	0.01	0.58	0.89	0.00
1	5	0.00	0.00	1.34	1.18	0.00
2	2	0.00	1.68	0.11	0.00	27.55
2	6	0.00	0.00	0.24	1.19	0.00
3	3	0.00	0.04	0.99	0.79	0.00
3	7	0.00	0.00	0.60	0.59	0.00
Core	CPU	C1%	C3%	C6%	C8%	C9%
-	-	0.00	0.19	0.38	0.75	3.44
0	0	0.00	0.00	0.24	0.99	0.00
0	4	0.00	0.00	0.13	0.79	0.00
1	1	0.00	0.00	0.08	0.50	0.00
1	5	0.00	0.00	0.39	0.79	0.00
2	2	0.00	1.48	0.11	0.00	27.53
2	6	0.00	0.00	0.84	0.90	0.00
3	3	0.00	0.01	1.07	1.08	0.00
3	7	0.00	0.00	0.20	0.99	0.00
Core	CPU	C1%	C3%	C6%	C8%	C9%
-	-	0.00	0.22	0.43	0.83	3.44
0	0	0.00	0.00	0.14	0.49	0.00
0	4	0.00	0.02	0.19	0.79	0.00
1	1	0.00	0.00	0.20	1.08	0.00
1	5	0.00	0.00	1.52	1.09	0.00
2	2	0.00	1.68	0.11	0.00	27.53
2	6	0.00	0.00	0.61	1.00	0.00
3	3	0.00	0.02	0.41	1.18	0.00
3	7	0.00	0.00	0.29	0.98	0.00
Core	CPU	C1%	C3%	C6%	C8%	C9%
-	-	0.00	0.30	0.54	0.76	0.58
0	0	0.00	0.00	0.95	0.81	0.00
0	4	0.00	0.00	0.69	0.98	0.00
1	1	0.00	0.00	0.98	0.79	0.00
1	5	0.00	0.00	0.37	0.81	0.00
2	2	0.00	2.36	0.21	0.00	4.64
2	6	0.00	0.00	0.23	0.90	0.00
3	3	0.00	0.04	0.59	1.00	0.00
3	7	0.00	0.00	0.28	0.79	0.00
Core	CPU	C1%	C3%	C6%	C8%	C9%
-	-	0.00	0.20	0.45	0.66	3.44
0	0	0.00	0.02	0.20	0.30	0.00
0	4	0.00	0.00	0.10	0.79	0.00
1	1	0.00	0.00	0.37	0.79	0.00
1	5	0.00	0.00	1.11	0.93	0.00
2	2	0.00	1.58	0.11	0.00	27.54
2	6	0.00	0.00	0.69	0.90	0.00
3	3	0.00	0.02	0.58	0.99	0.00
3	7	0.00	0.00	0.45	0.59	0.00
Core	CPU	C1%	C3%	C6%	C8%	C9%
-	-	0.00	0.20	0.24	0.74	3.54
0	0	0.00	0.00	0.10	0.40	0.00
0	4	0.00	0.00	0.28	0.89	0.00
1	1	0.00	0.00	0.16	0.99	0.00
1	5	0.00	0.00	0.24	0.89	0.00
2	2	0.00	1.58	0.11	0.00	28.32
2	6	0.00	0.00	0.20	1.09	0.00
3	3	0.00	0.03	0.57	0.99	0.00
3	7	0.00	0.00	0.24	0.69	0.00
Core	CPU	C1%	C3%	C6%	C8%	C9%
-	-	0.00	0.19	0.44	0.77	0.51
0	0	0.00	0.00	0.56	1.09	0.00
0	4	0.00	0.00	0.36	0.89	0.00
1	1	0.00	0.00	0.53	0.00	0.00
1	5	0.00	0.00	0.67	0.69	0.00
2	2	0.00	1.47	0.10	0.00	4.06
2	6	0.00	0.00	0.36	0.89	0.00
3	3	0.00	0.05	0.75	1.19	0.00
3	7	0.00	0.00	0.20	1.39	0.00
Core	CPU	C1%	C3%	C6%	C8%	C9%
-	-	0.00	0.13	0.27	0.95	0.51
0	0	0.00	0.00	0.43	1.30	0.00
0	4	0.00	0.00	0.23	1.09	0.00
1	1	0.00	0.00	0.38	0.90	0.00
1	5	0.00	0.00	0.18	0.99	0.00
2	2	0.00	1.07	0.11	0.00	4.06
2	6	0.00	0.00	0.13	1.10	0.00
3	3	0.00	0.00	0.41	1.20	0.00
3	7	0.00	0.00	0.27	0.99	0.00
Core	CPU	C1%	C3%	C6%	C8%	C9%
-	-	0.00	0.14	0.51	0.65	1.13
0	0	0.00	0.00	0.03	0.59	0.00
0	4	0.00	0.00	0.88	0.79	0.00
1	1	0.00	0.00	0.64	0.42	0.00
1	5	0.00	0.00	1.29	0.99	0.00
2	2	0.00	1.09	0.11	0.00	9.07
2	6	0.00	0.00	0.39	0.79	0.00
3	3	0.00	0.02	0.68	0.97	0.00
3	7	0.00	0.00	0.05	0.69	0.00
Core	CPU	C1%	C3%	C6%	C8%	C9%
-	-	0.00	0.20	0.40	0.68	0.64
0	0	0.00	0.00	0.53	0.24	0.00
0	4	0.00	0.00	0.28	0.89	0.00
1	1	0.00	0.00	0.25	0.89	0.00
1	5	0.00	0.00	0.24	0.98	0.00
2	2	0.00	1.58	0.11	0.00	5.08
2	6	0.00	0.00	0.69	0.89	0.00
3	3	0.00	0.02	0.97	0.53	0.00
3	7	0.00	0.00	0.15	0.98	0.00
Core	CPU	C1%	C3%	C6%	C8%	C9%
-	-	0.00	0.23	0.56	4.11	1.32
0	0	0.00	0.00	0.28	1.07	0.00
0	4	0.00	0.00	0.45	0.40	0.00
1	1	0.00	0.00	0.26	0.50	0.00
1	5	0.00	0.00	0.18	0.59	0.00
2	2	0.00	1.57	0.10	0.00	10.53
2	6	0.00	0.00	0.36	0.79	0.00
3	3	0.00	0.02	1.13	0.94	0.00
3	7	0.01	0.27	1.71	28.58	0.00
Core	CPU	C1%	C3%	C6%	C8%	C9%
-	-	0.00	0.20	0.55	0.75	3.44
0	0	0.00	0.00	0.99	1.79	0.00
0	4	0.00	0.00	0.24	0.89	0.00
1	1	0.00	0.02	0.30	0.39	0.00
1	5	0.00	0.00	0.20	0.40	0.00
2	2	0.00	1.48	0.11	0.00	27.53
2	6	0.00	0.00	0.84	0.80	0.00
3	3	0.00	0.06	0.97	0.97	0.00
3	7	0.00	0.00	0.78	0.79	0.00
Core	CPU	C1%	C3%	C6%	C8%	C9%
-	-	0.00	0.25	0.74	1.01	3.44
0	0	0.00	0.02	1.37	0.99	0.00
0	4	0.00	0.00	0.59	0.88	0.00
1	1	0.00	0.00	0.65	1.18	0.00
1	5	0.00	0.00	1.50	1.28	0.00
2	2	0.00	1.98	0.11	0.00	27.54
2	6	0.00	0.00	0.20	1.29	0.00
3	3	0.00	0.00	0.68	1.27	0.00
3	7	0.00	0.00	0.86	1.19	0.00
Core	CPU	C1%	C3%	C6%	C8%	C9%
-	-	0.00	0.25	0.36	1.11	0.59
0	0	0.00	0.00	0.20	0.89	0.00
0	4	0.00	0.00	0.28	1.08	0.00
1	1	0.00	0.00	0.10	1.29	0.00
1	5	0.00	0.00	0.63	1.09	0.00
2	2	0.00	1.98	0.21	0.00	4.74
2	6	0.00	0.00	0.10	1.00	0.00
3	3	0.00	0.05	0.56	2.07	0.00
3	7	0.00	0.00	0.76	1.49	0.00
Core	CPU	C1%	C3%	C6%	C8%	C9%
-	-	0.00	0.20	0.38	0.63	3.45
0	0	0.00	0.00	0.29	0.98	0.00
0	4	0.00	0.00	0.37	0.99	0.00
1	1	0.00	0.00	0.61	0.40	0.00
1	5	0.00	0.03	0.27	0.89	0.00
2	2	0.00	1.58	0.00	0.00	27.56
2	6	0.00	0.00	0.28	0.79	0.00
3	3	0.00	0.03	1.03	0.10	0.00
3	7	0.00	0.00	0.23	0.88	0.00
Core	CPU	C1%	C3%	C6%	C8%	C9%
-	-	0.00	0.07	0.44	0.77	0.51
0	0	0.00	0.02	0.69	1.09	0.00
0	4	0.00	0.00	0.27	1.21	0.00
1	1	0.00	0.00	0.36	1.20	0.00
1	5	0.00	0.00	0.54	1.40	0.00
2	2	0.00	0.53	0.11	0.00	4.07
2	6	0.00	0.00	0.04	0.50	0.00
3	3	0.00	0.02	1.03	0.75	0.00
3	7	0.00	0.01	0.50	0.00	0.00
Core	CPU	C1%	C3%	C6%	C8%	C9%
-	-	0.00	0.20	0.52	0.61	3.44
0	0	0.00	0.00	0.55	0.59	0.00
0	4	0.00	0.00	0.14	0.59	0.00
1	1	0.00	0.01	0.20	0.30	0.00
1	5	0.00	0.00	1.03	0.88	0.00
2	2	0.00	1.58	0.11	0.00	27.55
2	6	0.00	0.00	0.74	0.90	0.00
3	3	0.00	0.05	0.78	0.96	0.00
3	7	0.00	0.00	0.64	0.69	0.00
Core	CPU	C1%	C3%	C6%	C8%	C9%
-	-	0.00	0.20	0.35	0.75	2.80
0	0	0.00	0.00	0.35	0.69	0.00
0	4	0.00	0.00	0.47	0.99	0.00
1	1	0.00	0.00	0.10	0.50	0.00
1	5	0.00	0.00	0.19	0.99	0.00
2	2	0.00	1.58	0.11	0.00	22.42
2	6	0.00	0.00	0.74	0.90	0.00
3	3	0.00	0.01	0.64	1.06	0.00
3	7	0.00	0.00	0.19	0.89	0.00
Core	CPU	C1%	C3%	C6%	C8%	C9%
-	-	0.00	0.19	0.43	0.78	3.44
0	0	0.00	0.00	0.27	0.60	0.00
0	4	0.00	0.00	0.20	0.89	0.00
1	1	0.00	0.00	0.18	0.99	0.00
1	5	0.00	0.00	1.23	1.08	0.00
2	2	0.00	1.48	0.11	0.00	27.54
2	6	0.00	0.02	0.30	0.90	0.00
3	3	0.00	0.00	0.70	0.87	0.00
3	7	0.00	0.00	0.46	0.89	0.00
Core	CPU	C1%	C3%	C6%	C8%	C9%
-	-	0.00	0.14	0.51	0.90	0.51
0	0	0.00	0.02	1.41	1.68	0.00
0	4	0.00	0.00	0.10	0.99	0.00
1	1	0.00	0.00	0.28	0.89	0.00
1	5	0.00	0.00	0.36	0.89	0.00
2	2	0.00	1.09	0.11	0.00	4.06
2	6	0.00	0.02	0.69	0.90	0.00
3	3	0.00	0.01	0.80	1.17	0.00
3	7	0.00	0.00	0.37	0.69	0.00
Core	CPU	C1%	C3%	C6%	C8%	C9%
-	-	0.00	0.12	0.66	0.65	0.51
0	0	0.00	0.00	0.15	0.69	0.00
0	4	0.00	0.00	0.88	0.79	0.00
1	1	0.00	0.00	0.36	0.89	0.00
1	5	0.00	0.00	1.70	0.79	0.00
2	2	0.00	0.99	0.11	0.00	4.06
2	6	0.00	0.00	0.69	0.90	0.00
3	3	0.00	0.01	1.07	0.49	0.00
3	7	0.00	0.00	0.35	0.69	0.00
Core	CPU	C1%	C3%	C6%	C8%	C9%
-	-	0.00	0.17	0.33	0.96	0.60
0	0	0.00	0.00	0.10	0.40	0.00
0	4	0.00	0.00	0.37	1.29	0.00
1	1	0.00	0.00	0.25	1.39	0.00
1	5	0.00	0.00	0.53	1.09	0.00
2	2	0.00	1.27	0.34	0.10	4.83
2	6	0.00	0.00	0.32	1.30	0.00
3	3	0.00	0.05	0.61	1.38	0.00
3	7	0.00	0.01	0.15	0.78	0.00
Core	CPU	C1%	C3%	C6%	C8%	C9%
-	-	0.00	0.20	0.63	0.51	3.44
0	0	0.00	0.00	0.57	0.99	0.00
0	4	0.00	0.00	0.36	0.79	0.00
1	1	0.00	0.00	0.90	0.39	0.00
1	5	0.00	0.00	0.77	0.69	0.00
2	2	0.00	1.58	0.00	0.00	27.54
2	6	0.00	0.00	0.61	0.79	0.00
3	3	0.00	0.00	1.15	0.04	0.00
3	7	0.00	0.03	0.69	0.39	0.00
Core	CPU	C1%	C3%	C6%	C8%	C9%
-	-	0.00	0.19	0.36	0.79	0.51
0	0	0.00	0.00	0.59	1.29	0.00
0	4	0.00	0.00	0.25	1.18	0.00
1	1	0.00	0.02	0.20	0.40	0.00
1	5	0.00	0.00	0.10	0.50	0.00
2	2	0.00	1.48	0.11	0.00	4.06
2	6	0.00	0.00	0.25	0.90	0.00
3	3	0.00	0.02	0.71	1.27	0.00
3	7	0.00	0.00	0.69	0.79	0.00
Core	CPU	C1%	C3%	C6%	C8%	C9%
-	-	0.00	0.19	0.54	0.58	3.44
0	0	0.00	0.00	0.20	0.50	0.00
0	4	0.00	0.00	0.10	0.40	0.00
1	1	0.00	0.00	0.28	0.89	0.00
1	5	0.00	0.00	1.12	0.79	0.00
2	2	0.00	1.48	0.11	0.00	27.54
2	6	0.00	0.01	0.79	0.90	0.00
3	3	0.00	0.02	1.07	0.99	0.00
3	7	0.00	0.00	0.63	0.20	0.00
Core	CPU	C1%	C3%	C6%	C8%	C9%
-	-	0.00	0.19	0.28	0.84	3.44
0	0	0.00	0.00	0.29	1.09	0.00
0	4	0.00	0.00	0.18	0.99	0.00
1	1	0.00	0.00	0.36	0.89	0.00
1	5	0.00	0.00	0.14	0.99	0.00
2	2	0.00	1.48	0.11	0.00	27.54
2	6	0.00	0.00	0.20	1.00	0.00
3	3	0.00	0.02	0.58	1.02	0.00
3	7	0.00	0.00	0.35	0.79	0.00
Core	CPU	C1%	C3%	C6%	C8%	C9%
-	-	0.00	0.21	0.69	0.63	3.44
0	0	0.00	0.00	0.28	0.89	0.00
0	4	0.00	0.00	0.36	0.99	0.00
1	1	0.00	0.00	0.93	0.79	0.00
1	5	0.00	0.02	1.66	0.79	0.00
2	2	0.00	1.57	0.10	0.00	27.54
2	6	0.00	0.00	0.27	0.79	0.00
3	3	0.00	0.04	1.11	0.03	0.00
3	7	0.00	0.02	0.79	0.79	0.00
Core	CPU	C1%	C3%	C6%	C8%	C9%
-	-	0.04	1.01	1.41	2.93	0.61
0	0	0.00	0.00	0.73	1.89	0.00
0	4	0.00	0.12	1.87	1.88	0.00
1	1	0.01	1.62	0.55	2.65	0.00
1	5	0.00	0.00	0.20	0.40	0.00
2	2	0.01	6.32	0.21	1.58	4.86
2	6	0.27	0.00	3.94	4.19	0.00
3	3	0.00	0.01	2.26	5.15	0.00
3	7	0.00	0.00	1.50	5.67	0.00
Core	CPU	C1%	C3%	C6%	C8%	C9%
-	-	0.00	0.22	0.42	0.65	3.44
0	0	0.00	0.00	0.36	0.99	0.00
0	4	0.00	0.04	0.89	0.79	0.00
1	1	0.00	0.02	0.60	0.00	0.00
1	5	0.00	0.00	0.18	0.80	0.00
2	2	0.00	1.67	0.00	0.00	27.55
2	6	0.00	0.00	0.17	0.99	0.00
3	3	0.00	0.03	1.05	0.68	0.00
3	7	0.00	0.03	0.10	0.99	0.00
Core	CPU	C1%	C3%	C6%	C8%	C9%
-	-	0.00	0.20	0.49	0.57	3.52
0	0	0.00	0.00	0.36	0.59	0.00
0	4	0.00	0.00	0.44	0.49	0.00
1	1	0.00	0.02	0.40	0.10	0.00
1	5	0.00	0.00	0.20	0.69	0.00
2	2	0.00	1.58	0.10	0.00	28.15
2	6	0.00	0.00	0.74	0.89	0.00
3	3	0.00	0.02	1.12	0.89	0.00
3	7	0.00	0.00	0.57	0.88	0.00
Core	CPU	C1%	C3%	C6%	C8%	C9%
-	-	0.00	0.19	0.37	0.69	3.44
0	0	0.00	0.02	0.28	0.60	0.00
0	4	0.00	0.00	0.10	0.79	0.00
1	1	0.00	0.00	0.27	0.89	0.00
1	5	0.00	0.00	0.43	0.89	0.00
2	2	0.00	1.48	0.11	0.00	27.52
2	6	0.00	0.00	0.69	0.90	0.00
3	3	0.00	0.04	0.66	0.78	0.00
3	7	0.00	0.00	0.46	0.69	0.00
Core	CPU	C1%	C3%	C6%	C8%	C9%
-	-	0.00	0.14	0.53	0.79	0.51
0	0	0.00	0.00	0.47	1.20	0.00
0	4	0.00	0.00	0.36	1.19	0.00
1	1	0.00	0.00	0.64	0.79	0.00
1	5	0.00	0.00	0.23	0.98	0.00
2	2	0.00	1.09	0.11	0.00	4.06
2	6	0.00	0.00	0.88	0.79	0.00
3	3	0.00	0.01	0.77	0.77	0.00
3	7	0.00	0.00	0.80	0.59	0.00
Core	CPU	C1%	C3%	C6%	C8%	C9%
-	-	0.00	0.17	0.65	4.23	0.51
0	0	0.00	0.00	0.37	0.99	0.00
0	4	0.00	0.00	0.15	0.88	0.00
1	1	0.00	0.02	0.33	0.79	0.00
1	5	0.00	0.00	1.25	1.09	0.00
2	2	0.00	1.09	0.19	0.20	4.05
2	6	0.00	0.00	0.25	1.10	0.00
3	3	0.00	0.06	1.09	0.58	0.00
3	7	0.02	0.18	1.58	28.24	0.00
Core	CPU	C1%	C3%	C6%	C8%	C9%
-	-	0.00	0.20	0.58	0.79	0.62
0	0	0.00	0.00	0.49	0.89	0.00
0	4	0.00	0.00	0.23	1.18	0.00
1	1	0.00	0.00	0.25	0.60	0.00
1	5	0.00	0.00	0.19	1.09	0.00
2	2	0.00	1.57	0.34	0.20	4.98
2	6	0.00	0.00	0.44	0.90	0.00
3	3	0.00	0.05	1.17	0.78	0.00
3	7	0.00	0.00	1.56	0.67	0.00
Core	CPU	C1%	C3%	C6%	C8%	C9%
-	-	0.00	0.01	0.12	0.09	0.71
0	0	0.00	0.00	0.14	0.11	0.00
0	4	0.00	0.00	0.04	0.24	0.00
1	1	0.00	0.00	0.03	0.01	0.13
1	5	0.02	0.00	0.16	0.05	0.00
2	2	0.00	0.05	0.02	0.02	4.34
2	6	0.00	0.00	0.03	0.03	0.00
3	3	0.00	0.02	0.38	0.11	0.00
3	7	0.02	0.01	0.17	0.15	1.19
Core	CPU	C1%	C3%	C6%	C8%	C9%
-	-	0.00	0.15	0.65	0.62	0.51
0	0	0.00	0.00	0.28	0.79	0.00
0	4	0.00	0.00	0.45	0.49	0.00
1	1	0.00	0.00	0.70	0.49	0.00
1	5	0.00	0.01	1.60	0.59	0.00
2	2	0.00	1.18	0.00	0.20	4.06
2	6	0.00	0.00	0.66	0.60	0.00
3	3	0.00	0.02	1.27	0.90	0.00
3	7	0.00	0.00	0.19	0.89	0.00
Core	CPU	C1%	C3%	C6%	C8%	C9%
-	-	0.00	0.14	0.41	0.96	0.51
0	0	0.00	0.00	0.14	0.80	0.00
0	4	0.00	0.02	0.19	1.19	0.00
1	1	0.00	0.02	0.49	0.79	0.00
1	5	0.00	0.00	0.79	1.41	0.00
2	2	0.00	1.09	0.11	0.00	4.06
2	6	0.00	0.00	0.32	1.00	0.00
3	3	0.00	0.01	0.60	1.09	0.00
3	7	0.00	0.01	0.64	1.40	0.00
Core	CPU	C1%	C3%	C6%	C8%	C9%
-	-	0.00	0.18	0.47	0.78	0.63
0	0	0.00	0.01	0.66	1.57	0.00
0	4	0.00	0.00	0.19	0.99	0.00
1	1	0.00	0.00	0.36	0.79	0.00
1	5	0.00	0.00	0.32	0.99	0.00
2	2	0.00	1.38	0.11	0.00	5.07
2	6	0.00	0.00	0.69	0.89	0.00
3	3	0.00	0.05	0.73	0.79	0.00
3	7	0.00	0.00	0.73	0.19	0.00
Core	CPU	C1%	C3%	C6%	C8%	C9%
-	-	0.00	0.14	0.39	0.69	0.51
0	0	0.00	0.00	0.55	0.88	0.00
0	4	0.00	0.00	0.25	0.79	0.00
1	1	0.00	0.00	0.61	0.59	0.00
1	5	0.00	0.00	0.14	0.70	0.00
2	2	0.00	1.09	0.11	0.20	4.06
2	6	0.00	0.00	0.26	0.89	0.00
3	3	0.00	0.01	0.93	0.70	0.00
3	7	0.00	0.00	0.29	0.79	0.00
Core	CPU	C1%	C3%	C6%	C8%	C9%
-	-	0.00	0.16	0.35	0.78	0.51
0	0	0.00	0.00	0.14	0.88	0.00
0	4	0.00	0.02	0.20	0.30	0.00
1	1	0.00	0.00	0.88	0.88	0.00
1	5	0.00	0.00	0.35	1.08	0.00
2	2	0.00	1.18	0.11	0.00	4.06
2	6	0.00	0.00	0.22	1.00	0.00
3	3	0.00	0.04	0.57	1.09	0.00
3	7	0.00	0.00	0.36	0.98	0.00
Core	CPU	C1%	C3%	C6%	C8%	C9%
-	-	0.00	0.19	0.33	0.80	0.60
0	0	0.00	0.00	0.10	1.08	0.00
0	4	0.00	0.00	0.28	1.08	0.00
1	1	0.00	0.00	0.35	0.79	0.00
1	5	0.00	0.00	0.23	0.99	0.00
2	2	0.01	1.48	0.11	0.00	4.79
2	6	0.00	0.00	0.19	0.89	0.00
3	3	0.00	0.01	1.16	0.39	0.00
3	7	0.00	0.00	0.24	1.18	0.00
Core	CPU	C1%	C3%	C6%	C8%	C9%
-	-	0.00	0.15	0.39	0.70	0.51
0	0	0.00	0.00	0.50	0.99	0.00
0	4	0.00	0.00	0.35	0.59	0.00
1	1	0.00	0.00	0.22	0.50	0.00
1	5	0.00	0.00	0.27	0.41	0.00
2	2	0.00	1.17	0.10	0.30	4.06
2	6	0.00	0.00	0.36	0.79	0.00
3	3	0.00	0.05	1.09	0.90	0.00
3	7	0.00	0.00	0.26	1.08	0.00
Core	CPU	C1%	C3%	C6%	C8%	C9%
-	-	0.00	0.20	0.44	0.67	3.44
0	0	0.00	0.00	0.72	0.29	0.00
0	4	0.00	0.01	0.50	0.00	0.00
1	1	0.00	0.00	0.28	1.08	0.00
1	5	0.00	0.00	0.36	0.89	0.00
2	2	0.00	1.58	0.11	0.00	27.54
2	6	0.00	0.01	0.20	1.10	0.00
3	3	0.00	0.02	0.69	0.98	0.00
3	7	0.00	0.00	0.65	0.98	0.00
Core	CPU	C1%	C3%	C6%	C8%	C9%
-	-	0.00	0.13	0.57	0.68	0.51
0	0	0.00	0.00	0.39	0.49	0.00
0	4	0.00	0.00	0.48	0.69	0.00
1	1	0.00	0.00	0.36	0.89	0.00
1	5	0.00	0.00	1.70	0.79	0.00
2	2	0.00	0.99	0.11	0.00	4.06
2	6	0.00	0.00	0.69	0.90	0.00
3	3	0.00	0.02	0.57	0.99	0.00
3	7	0.00	0.00	0.23	0.69	0.00
Core	CPU	C1%	C3%	C6%	C8%	C9%
-	-	0.00	0.05	0.29	0.76	0.61
0	0	0.00	0.00	0.18	1.09	0.00
0	4	0.00	0.00	0.36	0.59	0.00
1	1	0.00	0.00	0.05	0.49	0.00
1	5	0.00	0.00	0.17	0.49	0.00
2	2	0.00	0.39	0.11	0.00	4.85
2	6	0.00	0.00	0.19	0.99	0.00
3	3	0.00	0.02	0.84	1.21	0.00
3	7	0.00	0.00	0.41	1.20	0.00
Core	CPU	C1%	C3%	C6%	C8%	C9%
-	-	0.00	0.10	0.52	0.56	0.60
0	0	0.00	0.00	1.06	1.50	0.00
0	4	0.00	0.00	0.44	0.50	0.00
1	1	0.00	0.00	0.53	0.00	0.00
1	5	0.00	0.00	0.67	0.10	0.00
2	2	0.00	0.76	0.21	0.00	4.82
2	6	0.00	0.00	0.36	0.90	0.00
3	3	0.00	0.02	0.59	0.71	0.00
3	7	0.00	0.00	0.29	0.79	0.00
Core	CPU	C1%	C3%	C6%	C8%	C9%
-	-	0.00	0.23	0.51	3.07	0.65
0	0	0.00	0.00	0.54	0.59	0.00
0	4	0.00	0.00	0.22	0.69	0.00
1	1	0.00	0.00	0.63	0.49	0.00
1	5	0.00	0.00	0.57	0.99	0.00
2	2	0.00	1.68	0.11	0.00	5.20
2	6	0.00	0.00	0.14	1.10	0.00
3	3	0.00	0.04	0.59	1.20	0.00
3	7	0.01	0.15	1.32	19.47	0.00
Core	CPU	C1%	C3%	C6%	C8%	C9%
-	-	0.00	0.17	0.44	1.82	0.63
0	0	0.00	0.00	0.60	1.09	0.00
0	4	0.00	0.00	0.13	0.40	0.00
1	1	0.00	0.00	0.49	0.10	0.00
1	5	0.00	0.00	0.36	1.38	0.00
2	2	0.00	1.28	0.39	0.31	5.07
2	6	0.00	0.00	0.23	1.50	0.00
3	3	0.00	0.05	0.79	0.88	0.00
3	7	0.00	0.05	0.50	8.90	0.00
Core	CPU	C1%	C3%	C6%	C8%	C9%
-	-	0.00	0.19	0.51	0.74	1.62
0	0	0.00	0.00	0.10	0.79	0.00
0	4	0.00	0.00	0.68	0.99	0.00
1	1	0.00	0.00	0.36	0.83	0.00
1	5	0.00	0.00	0.58	0.99	0.00
2	2	0.00	1.48	0.11	0.00	12.94
2	6	0.00	0.00	0.39	0.79	0.00
3	3	0.00	0.02	1.15	0.90	0.00
3	7	0.00	0.00	0.74	0.68	0.00
Core	CPU	C1%	C3%	C6%	C8%	C9%
-	-	0.00	0.21	0.54	0.56	3.44
0	0	0.00	0.01	0.87	0.69	0.00
0	4	0.00	0.00	0.45	0.50	0.00
1	1	0.00	0.00	0.62	0.00	0.00
1	5	0.00	0.00	0.58	0.59	0.00
2	2	0.00	1.67	0.00	0.00	27.54
2	6	0.00	0.00	0.36	0.89	0.00
3	3	0.00	0.03	1.12	0.89	0.00
3	7	0.00	0.00	0.29	0.89	0.00
Core	CPU	C1%	C3%	C6%	C8%	C9%
-	-	0.00	0.19	0.38	0.78	3.44
0	0	0.00	0.00	0.44	0.99	0.00
0	4	0.00	0.00	0.82	0.99	0.00
1	1	0.00	0.00	0.29	0.59	0.00
1	5	0.00	0.00	0.28	0.89	0.00
2	2	0.00	1.48	0.11	0.00	27.53
2	6	0.00	0.00	0.14	1.10	0.00
3	3	0.00	0.03	0.70	0.80	0.00
3	7	0.00	0.00	0.29	0.89	0.00
Core	CPU	C1%	C3%	C6%	C8%	C9%
-	-	0.00	0.14	0.46	0.74	0.25
0	0	0.00	0.00	0.31	0.70	0.00
0	4	0.00	0.00	0.10	0.70	0.00
1	1	0.00	0.00	0.28	0.89	0.00
1	5	0.00	0.00	1.36	0.99	0.00
2	2	0.00	1.09	0.11	0.00	2.03
2	6	0.00	0.00	0.69	0.90	0.00
3	3	0.00	0.06	0.56	0.87	0.00
3	7	0.00	0.00	0.25	0.88	0.00
Core	CPU	C1%	C3%	C6%	C8%	C9%
-	-	0.00	0.19	0.44	0.78	2.50
0	0	0.00	0.00	0.19	0.99	0.00
0	4	0.00	0.00	0.27	0.89	0.00
1	1	0.00	0.00	0.15	1.08	0.00
1	5	0.00	0.00	0.82	0.79	0.00
2	2	0.00	1.48	0.11	0.00	19.99
2	6	0.00	0.00	0.88	0.79	0.00
3	3	0.00	0.02	0.95	0.60	0.00
3	7	0.00	0.00	0.14	1.08	0.00
Core	CPU	C1%	C3%	C6%	C8%	C9%
-	-	0.00	0.15	0.44	0.96	0.51
0	0	0.00	0.01	0.81	1.89	0.00
0	4	0.00	0.00	0.24	1.48	0.00
1	1	0.00	0.00	0.31	0.60	0.00
1	5	0.00	0.00	0.77	0.50	0.00
2	2	0.00	1.07	0.10	0.00	4.05
2	6	0.00	0.00	0.36	0.90	0.00
3	3	0.00	0.00	0.55	1.11	0.00
3	7	0.00	0.13	0.38	1.18	0.00
Core	CPU	C1%	C3%	C6%	C8%	C9%
-	-	0.00	0.21	0.41	0.78	3.44
0	0	0.00	0.00	0.79	0.59	0.00
0	4	0.00	0.01	0.69	0.29	0.00
1	1	0.00	0.02	0.27	1.09	0.00
1	5	0.00	0.00	0.27	1.09	0.00
2	2	0.00	1.58	0.11	0.00	27.54
2	6	0.00	0.00	0.42	0.90	0.00
3	3	0.00	0.02	0.49	1.30	0.00
3	7	0.00	0.00	0.28	0.98	0.00
Core	CPU	C1%	C3%	C6%	C8%	C9%
-	-	0.00	0.13	0.65	0.68	0.51
0	0	0.00	0.02	0.49	0.39	0.00
0	4	0.00	0.00	0.68	0.89	0.00
1	1	0.00	0.00	0.74	0.40	0.00
1	5	0.00	0.00	1.45	0.99	0.00
2	2	0.00	0.99	0.11	0.00	4.06
2	6	0.00	0.00	0.20	0.99	0.00
3	3	0.00	0.02	0.68	0.98	0.00
3	7	0.00	0.00	0.83	0.79	0.00
Core	CPU	C1%	C3%	C6%	C8%	C9%
-	-	0.00	0.06	0.36	0.71	0.51
0	0	0.00	0.00	0.18	0.79	0.00
0	4	0.00	0.00	0.46	0.49	0.00
1	1	0.00	0.04	0.59	0.50	0.00
1	5	0.00	0.00	0.13	0.40	0.00
2	2	0.00	0.39	0.10	0.53	4.06
2	6	0.00	0.00	0.19	0.99	0.00
3	3	0.00	0.00	0.51	1.39	0.00
3	7	0.00	0.00	0.72	0.60	0.00
Core	CPU	C1%	C3%	C6%	C8%	C9%
-	-	0.00	0.13	0.42	0.56	0.70
0	0	0.00	0.02	0.96	0.49	0.00
0	4	0.00	0.00	0.25	0.40	0.00
1	1	0.00	0.00	0.22	0.30	0.00
1	5	0.00	0.00	0.27	0.50	0.00
2	2	0.00	0.99	0.11	0.00	5.64
2	6	0.00	0.00	0.35	0.80	0.00
3	3	0.00	0.02	0.93	0.89	0.00
3	7	0.00	0.00	0.26	1.09	0.00
Core	CPU	C1%	C3%	C6%	C8%	C9%
-	-	0.00	0.24	0.65	0.95	3.44
0	0	0.00	0.00	0.82	0.59	0.00
0	4	0.00	0.01	0.99	0.59	0.00
1	1	0.00	0.00	0.28	1.09	0.00
1	5	0.00	0.00	0.69	1.09	0.00
2	2	0.00	1.88	0.21	0.00	27.54
2	6	0.00	0.02	0.79	1.39	0.00
3	3	0.00	0.02	0.69	1.37	0.00
3	7	0.00	0.00	0.76	1.47	0.00
Core	CPU	C1%	C3%	C6%	C8%	C9%
-	-	0.00	0.19	0.39	0.77	3.44
0	0	0.00	0.00	0.67	0.69	0.00
0	4	0.00	0.00	0.18	0.99	0.00
1	1	0.00	0.02	0.36	0.79	0.00
1	5	0.00	0.00	0.22	1.09	0.00
2	2	0.00	1.48	0.11	0.00	27.54
2	6	0.00	0.00	0.79	0.89	0.00
3	3	0.00	0.02	0.57	0.99	0.00
3	7	0.00	0.01	0.24	0.69	0.00
Core	CPU	C1%	C3%	C6%	C8%	C9%
-	-	0.00	0.22	0.46	0.50	1.19
0	0	0.00	0.00	0.34	0.78	0.00
0	4	0.00	0.00	0.36	0.88	0.00
1	1	0.00	0.00	0.53	0.00	0.00
1	5	0.00	0.02	0.64	0.00	0.00
2	2	0.00	1.68	0.00	0.00	9.50
2	6	0.00	0.00	0.28	0.99	0.00
3	3	0.00	0.00	0.67	0.99	0.00
3	7	0.00	0.03	0.88	0.39	0.00
Core	CPU	C1%	C3%	C6%	C8%	C9%
-	-	0.00	0.24	0.45	0.83	3.44
0	0	0.00	0.00	0.94	1.49	0.00
0	4	0.00	0.00	0.05	0.49	0.00
1	1	0.00	0.02	0.68	0.68	0.00
1	5	0.00	0.00	0.48	0.20	0.00
2	2	0.00	1.88	0.11	0.00	27.53
2	6	0.00	0.00	0.25	1.39	0.00
3	3	0.00	0.01	0.73	1.19	0.00
3	7	0.00	0.00	0.39	1.18	0.00
Core	CPU	C1%	C3%	C6%	C8%	C9%
-	-	0.00	0.27	0.61	0.96	3.44
0	0	0.00	0.00	0.51	0.89	0.00
0	4	0.00	0.00	0.48	0.79	0.00
1	1	0.00	0.00	0.97	0.79	0.00
1	5	0.00	0.00	0.65	1.19	0.00
2	2	0.00	2.08	0.11	0.00	27.52
2	6	0.00	0.01	0.39	1.39	0.00
3	3	0.00	0.05	1.35	1.27	0.00
3	7	0.00	0.00	0.46	1.38	0.00
Core	CPU	C1%	C3%	C6%	C8%	C9%
-	-	0.00	0.20	0.45	0.70	3.44
0	0	0.00	0.00	0.36	0.79	0.00
0	4	0.00	0.00	0.28	0.90	0.00
1	1	0.00	0.00	0.46	0.69	0.00
1	5	0.00	0.00	0.31	0.99	0.00
2	2	0.00	1.58	0.11	0.00	27.54
2	6	0.00	0.00	0.79	0.79	0.00
3	3	0.00	0.00	0.98	0.48	0.00
3	7	0.00	0.00	0.29	0.98	0.00
Core	CPU	C1%	C3%	C6%	C8%	C9%
-	-	0.00	0.32	0.58	0.52	0.51
0	0	0.00	0.00	0.28	0.89	0.00
0	4	0.00	0.00	0.25	1.28	0.00
1	1	0.00	0.04	1.00	0.49	0.00
1	5	0.00	0.01	0.79	0.39	0.00
2	2	0.00	2.46	0.04	0.10	4.06
2	6	0.00	0.00	0.36	0.70	0.00
3	3	0.00	0.01	1.15	0.00	0.00
3	7	0.00	0.01	0.79	0.30	0.00
Core	CPU	C1%	C3%	C6%	C8%	C9%
-	-	0.00	0.19	0.39	0.86	3.44
0	0	0.00	0.01	0.57	1.11	0.00
0	4	0.00	0.00	0.23	1.08	0.00
1	1	0.00	0.01	0.31	0.79	0.00
1	5	0.00	0.00	0.37	1.09	0.00
2	2	0.00	1.48	0.11	0.00	27.53
2	6	0.00	0.00	0.74	0.90	0.00
3	3	0.00	0.05	0.59	0.99	0.00
3	7	0.00	0.00	0.20	0.89	0.00
Core	CPU	C1%	C3%	C6%	C8%	C9%
-	-	0.00	0.20	0.35	0.83	3.44
0	0	0.00	0.00	0.13	0.79	0.00
0	4	0.00	0.00	0.10	0.89	0.00
1	1	0.00	0.00	0.28	1.09	0.00
1	5	0.00	0.00	0.36	0.89	0.00
2	2	0.00	1.58	0.11	0.00	27.54
2	6	0.00	0.01	0.89	0.90	0.00
3	3	0.00	0.03	0.58	1.19	0.00
3	7	0.00	0.00	0.36	0.88	0.00
Core	CPU	C1%	C3%	C6%	C8%	C9%
-	-	0.00	0.20	0.57	0.69	0.63
0	0	0.00	0.00	0.19	0.69	0.00
0	4	0.00	0.00	0.28	0.99	0.00
1	1	0.00	0.00	0.43	0.99	0.00
1	5	0.00	0.00	0.21	1.09	0.00
2	2	0.00	1.58	0.10	0.00	5.08
2	6	0.00	0.00	0.98	0.79	0.00
3	3	0.00	0.02	1.34	0.60	0.00
3	7	0.00	0.02	0.99	0.39	0.00
Core	CPU	C1%	C3%	C6%	C8%	C9%
-	-	0.00	0.14	0.34	0.74	0.51
0	0	0.00	0.00	0.46	0.79	0.00
0	4	0.00	0.00	0.19	0.70	0.00
1	1	0.00	0.02	0.68	0.60	0.00
1	5	0.00	0.00	0.10	0.89	0.00
2	2	0.00	1.09	0.11	0.00	4.05
2	6	0.00	0.00	0.26	0.89	0.00
3	3	0.00	0.05	0.61	0.89	0.00
3	7	0.00	0.00	0.30	1.19	0.00
Core	CPU	C1%	C3%	C6%	C8%	C9%
-	-	0.00	0.15	0.56	4.49	3.55
0	0	0.00	0.00	0.61	1.99	0.00
0	4	0.00	0.00	0.63	0.99	0.00
1	1	0.00	0.00	0.53	1.18	0.00
1	5	0.00	0.00	0.26	0.99	0.00
2	2	0.00	0.99	0.11	0.00	28.38
2	6	0.00	0.00	0.83	0.90	0.00
3	3	0.00	0.02	0.41	1.16	0.00
3	7	0.02	0.22	1.11	28.68	0.00
Core	CPU	C1%	C3%	C6%	C8%	C9%
-	-	0.00	0.18	0.53	0.67	0.61
0	0	0.00	0.10	0.42	0.00	0.00
0	4	0.00	0.00	0.10	0.80	0.00
1	1	0.00	0.00	0.18	1.48	0.00
1	5	0.00	0.00	0.42	0.99	0.00
2	2	0.01	1.19	0.11	0.00	4.91
2	6	0.00	0.12	0.80	0.78	0.00
3	3	0.00	0.03	1.38	0.79	0.00
3	7	0.00	0.00	0.86	0.49	0.00
Core	CPU	C1%	C3%	C6%	C8%	C9%
-	-	0.00	0.19	0.46	0.88	3.44
0	0	0.00	0.01	0.68	0.98	0.00
0	4	0.00	0.00	0.20	0.99	0.00
1	1	0.00	0.00	0.80	1.90	0.00
1	5	0.00	0.00	0.35	0.79	0.00
2	2	0.00	1.48	0.20	0.00	27.53
2	6	0.00	0.00	0.59	0.90	0.00
3	3	0.00	0.05	0.56	0.97	0.00
3	7	0.00	0.00	0.25	0.49	0.00
Core	CPU	C1%	C3%	C6%	C8%	C9%
-	-	0.00	0.19	0.37	0.84	0.65
0	0	0.00	0.00	0.29	1.09	0.00
0	4	0.00	0.00	0.27	0.90	0.00
1	1	0.00	0.00	0.15	0.99	0.00
1	5	0.00	0.00	0.13	1.09	0.00
2	2	0.01	1.48	0.11	0.60	5.20
2	6	0.00	0.00	0.79	0.79	0.00
3	3	0.00	0.02	0.98	0.58	0.00
3	7	0.00	0.00	0.25	0.68	0.00
Core	CPU	C1%	C3%	C6%	C8%	C9%
-	-	0.00	0.20	0.58	0.77	3.44
0	0	0.00	0.00	0.51	1.29	0.00
0	4	0.00	0.00	0.34	1.19	0.00
1	1	0.00	0.00	0.82	0.79	0.00
1	5	0.00	0.01	0.97	0.39	0.00
2	2	0.00	1.58	0.00	0.00	27.53
2	6	0.00	0.00	0.36	0.70	0.00
3	3	0.00	0.00	1.35	0.89	0.00
3	7	0.00	0.00	0.29	0.89	0.00
Core	CPU	C1%	C3%	C6%	C8%	C9%
-	-	0.00	0.22	0.30	0.87	3.31
0	0	0.00	0.00	0.21	0.49	0.00
0	4	0.00	0.02	0.10	0.89	0.00
1	1	0.00	0.00	0.20	1.17	0.00
1	5	0.00	0.00	0.27	1.08	0.00
2	2	0.00	1.68	0.11	0.00	26.52
2	6	0.00	0.00	0.22	1.00	0.00
3	3	0.00	0.06	1.05	1.28	0.00
3	7	0.00	0.00	0.28	1.08	0.00
Core	CPU	C1%	C3%	C6%	C8%	C9%
-	-	0.00	0.19	0.40	0.63	3.44
0	0	0.00	0.02	0.29	0.59	0.00
0	4	0.00	0.00	0.19	0.70	0.00
1	1	0.00	0.00	0.31	0.99	0.00
1	5	0.00	0.00	0.43	0.79	0.00
2	2	0.00	1.48	0.11	0.00	27.54
2	6	0.00	0.01	0.30	0.80	0.00
3	3	0.00	0.00	1.10	0.59	0.00
3	7	0.00	0.00	0.45	0.59	0.00
Core	CPU	C1%	C3%	C6%	C8%	C9%
-	-	0.00	0.20	0.59	0.54	1.66
0	0	0.00	0.00	0.28	0.98	0.00
0	4	0.00	0.00	0.26	0.98	0.00
1	1	0.00	0.00	0.92	0.39	0.00
1	5	0.00	0.01	0.79	0.30	0.00
2	2	0.00	1.57	0.00	0.00	13.26
2	6	0.00	0.00	0.36	0.89	0.00
3	3	0.00	0.01	1.23	0.39	0.00
3	7	0.00	0.01	0.89	0.39	0.00
Core	CPU	C1%	C3%	C6%	C8%	C9%
-	-	0.06	0.19	0.52	0.90	3.56
0	0	0.01	0.00	0.54	1.20	0.00
0	4	0.49	0.00	0.23	1.48	0.00
1	1	0.00	0.00	0.67	0.99	0.00
1	5	0.00	0.00	0.36	0.99	0.00
2	2	0.00	1.48	0.14	0.00	28.52
2	6	0.00	0.00	0.83	0.90	0.00
3	3	0.00	0.02	0.54	0.99	0.00
3	7	0.00	0.00	0.87	0.69	0.00
Core	CPU	C1%	C3%	C6%	C8%	C9%
-	-	0.00	0.20	0.24	0.79	3.44
0	0	0.00	0.02	0.20	0.61	0.00
0	4	0.00	0.00	0.10	0.79	0.00
1	1	0.00	0.00	0.28	0.99	0.00
1	5	0.00	0.00	0.26	0.89	0.00
2	2	0.00	1.48	0.11	0.00	27.53
2	6	0.00	0.02	0.25	1.00	0.00
3	3	0.00	0.05	0.37	1.10	0.00
3	7	0.00	0.00	0.38	0.98	0.00
Core	CPU	C1%	C3%	C6%	C8%	C9%
-	-	0.00	0.19	0.37	0.87	3.44
0	0	0.00	0.03	0.39	0.99	0.00
0	4	0.00	0.00	0.20	1.18	0.00
1	1	0.00	0.00	0.36	0.79	0.00
1	5	0.00	0.00	0.36	1.38	0.00
2	2	0.00	1.48	0.11	0.00	27.54
2	6	0.00	0.00	0.79	0.90	0.00
3	3	0.00	0.02	0.57	0.99	0.00
3	7	0.00	0.00	0.20	0.69	0.00
Core	CPU	C1%	C3%	C6%	C8%	C9%
-	-	0.00	0.05	0.37	0.75	0.51
0	0	0.00	0.00	0.18	1.08	0.00
0	4	0.00	0.00	0.37	0.59	0.00
1	1	0.00	0.00	0.62	0.59	0.00
1	5	0.00	0.00	0.03	0.49	0.00
2	2	0.00	0.39	0.10	0.09	4.06
2	6	0.00	0.00	0.87	0.80	0.00
3	3	0.00	0.02	0.56	1.08	0.00
3	7	0.00	0.00	0.23	1.29	0.00
Core	CPU	C1%	C3%	C6%	C8%	C9%
-	-	0.00	0.16	0.48	0.60	0.51
0	0	0.00	0.00	1.01	0.80	0.00
0	4	0.00	0.00	0.35	0.59	0.00
1	1	0.00	0.00	0.69	0.00	0.00
1	5	0.00	0.01	0.68	0.10	0.00
2	2	0.00	1.18	0.00	0.00	4.06
2	6	0.00	0.00	0.27	1.00	0.00
3	3	0.00	0.06	0.61	0.98	0.00
3	7	0.00	0.00	0.23	1.29	0.00
Core	CPU	C1%	C3%	C6%	C8%	C9%
-	-	0.00	0.20	0.68	0.74	0.59
0	0	0.00	0.00	0.23	1.49	0.00
0	4	0.00	0.00	0.13	0.40	0.00
1	1	0.00	0.00	0.69	0.20	0.00
1	5	0.00	0.00	1.02	0.99	0.00
2	2	0.01	1.58	0.11	0.00	4.72
2	6	0.00	0.00	0.24	1.49	0.00
3	3	0.00	0.04	1.30	0.39	0.00
3	7	0.00	0.00	1.70	0.99	0.00
Core	CPU	C1%	C3%	C6%	C8%	C9%
-	-	0.00	0.21	0.27	0.72	3.44
0	0	0.00	0.00	0.23	0.79	0.00
0	4	0.00	0.02	0.10	0.60	0.00
1	1	0.00	0.00	0.10	0.79	0.00
1	5	0.00	0.00	0.37	0.59	0.00
2	2	0.00	1.58	0.11	0.00	27.54
2	6	0.00	0.00	0.23	1.00	0.00
3	3	0.00	0.06	0.57	1.10	0.00
3	7	0.00	0.00	0.47	0.88	0.00
Core	CPU	C1%	C3%	C6%	C8%	C9%
-	-	0.00	0.19	0.24	0.67	0.33
0	0	0.00	0.02	0.29	0.59	0.00
0	4	0.00	0.00	0.10	0.40	0.00
1	1	0.00	0.00	0.27	0.91	0.00
1	5	0.00	0.00	0.14	0.69	0.00
2	2	0.00	1.48	0.17	0.10	2.68
2	6	0.00	0.00	0.30	0.80	0.00
3	3	0.00	0.02	0.50	1.17	0.00
3	7	0.00	0.00	0.15	0.69	0.00
Core	CPU	C1%	C3%	C6%	C8%	C9%
-	-	0.00	0.20	0.40	0.93	3.44
0	0	0.00	0.00	0.43	1.40	0.00
0	4	0.00	0.00	0.48	0.99	0.00
1	1	0.00	0.00	0.34	1.28	0.00
1	5	0.00	0.00	0.39	0.79	0.00
2	2	0.00	1.58	0.11	0.00	27.55
2	6	0.00	0.00	0.19	1.09	0.00
3	3	0.00	0.02	1.06	0.78	0.00
3	7	0.00	0.03	0.20	1.08	0.00
Core	CPU	C1%	C3%	C6%	C8%	C9%
-	-	0.02	0.27	0.47	0.63	3.44
0	0	0.00	0.00	0.27	0.69	0.00
0	4	0.00	0.05	0.10	0.40	0.00
1	1	0.00	0.00	0.31	0.99	0.00
1	5	0.00	0.00	0.18	0.40	0.00
2	2	0.00	2.07	0.10	0.00	27.54
2	6	0.00	0.00	0.37	1.19	0.00
3	3	0.10	0.02	1.54	0.89	0.00
3	7	0.10	0.01	0.89	0.49	0.00
Core	CPU	C1%	C3%	C6%	C8%	C9%
-	-	0.00	0.19	0.63	0.79	3.55
0	0	0.00	0.00	0.36	0.89	0.00
0	4	0.00	0.00	1.27	0.99	0.00
1	1	0.00	0.01	0.40	0.65	0.00
1	5	0.00	0.00	0.49	0.53	0.00
2	2	0.00	1.48	0.28	0.00	28.40
2	6	0.00	0.00	0.74	0.90	0.00
3	3	0.02	0.00	1.20	1.29	0.00
3	7	0.00	0.00	0.30	1.08	0.00
Core	CPU	C1%	C3%	C6%	C8%	C9%
-	-	0.00	0.19	0.46	0.90	0.58
0	0	0.00	0.00	0.68	1.19	0.00
0	4	0.00	0.00	0.88	0.59	0.00
1	1	0.00	0.02	0.29	0.80	0.00
1	5	0.00	0.00	0.50	0.59	0.00
2	2	0.00	1.48	0.00	0.81	4.63
2	6	0.00	0.00	0.27	0.69	0.00
3	3	0.00	0.02	0.55	0.98	0.00
3	7	0.00	0.00	0.54	1.59	0.00
Core	CPU	C1%	C3%	C6%	C8%	C9%
-	-	0.00	0.21	0.59	0.74	0.75
0	0	0.00	0.00	0.55	2.18	0.00
0	4	0.00	0.00	0.36	1.19	0.00
1	1	0.00	0.00	0.72	0.59	0.00
1	5	0.00	0.02	0.48	0.00	0.00
2	2	0.00	1.57	0.23	0.19	6.04
2	6	0.00	0.00	0.27	0.89	0.00
3	3	0.00	0.05	1.22	0.49	0.00
3	7	0.00	0.01	0.89	0.39	0.00
Core	CPU	C1%	C3%	C6%	C8%	C9%
-	-	0.00	0.14	0.39	0.74	0.51
0	0	0.00	0.00	0.35	0.98	0.00
0	4	0.00	0.00	0.14	1.08	0.00
1	1	0.00	0.00	0.58	0.39	0.00
1	5	0.00	0.00	0.68	0.49	0.00
2	2	0.00	1.09	0.00	0.00	4.06
2	6	0.00	0.00	0.73	0.90	0.00
3	3	0.00	0.05	0.47	1.20	0.00
3	7	0.00	0.00	0.19	0.89	0.00
Core	CPU	C1%	C3%	C6%	C8%	C9%
-	-	0.00	0.21	0.40	3.40	3.44
0	0	0.00	0.02	0.20	0.30	0.00
0	4	0.00	0.00	0.19	0.69	0.00
1	1	0.00	0.00	0.49	0.89	0.00
1	5	0.00	0.00	0.53	0.83	0.00
2	2	0.00	1.38	0.20	0.00	27.54
2	6	0.00	0.00	0.10	1.00	0.00
3	3	0.00	0.02	0.50	0.98	0.00
3	7	0.01	0.23	0.99	22.53	0.00
Core	CPU	C1%	C3%	C6%	C8%	C9%
-	-	0.00	0.19	0.48	1.61	0.51
0	0	0.00	0.00	0.10	0.89	0.00
0	4	0.00	0.00	0.38	1.28	0.00
1	1	0.00	0.00	0.35	1.28	0.00
1	5	0.00	0.00	0.33	1.34	0.00
2	2	0.00	1.48	0.11	0.19	4.06
2	6	0.00	0.00	0.20	1.49	0.00
3	3	0.00	0.00	1.45	0.97	0.00
3	7	0.00	0.01	0.95	5.40	0.00
Core	CPU	C1%	C3%	C6%	C8%	C9%
-	-	0.00	0.14	0.66	0.87	0.51
0	0	0.00	0.00	0.51	1.30	0.00
0	4	0.00	0.00	0.36	0.99	0.00
1	1	0.00	0.00	0.82	0.79	0.00
1	5	0.00	0.01	1.75	1.08	0.00
2	2	0.00	1.08	0.00	0.00	4.06
2	6	0.00	0.00	0.27	0.89	0.00
3	3	0.00	0.01	0.54	1.29	0.00
3	7	0.00	0.00	1.03	0.60	0.00
