Core	CPU	C1%	C3%	C6%	C8%	C9%
-	-	0.07	0.03	1.41	1.06	1.81
0	0	0.00	0.00	0.94	0.36	0.00
0	4	0.00	0.06	1.56	0.89	0.00
1	1	0.00	0.06	2.23	1.01	0.00
1	5	0.36	0.02	0.20	0.10	14.49
2	2	0.18	0.00	0.29	0.60	0.00
2	6	0.00	0.07	2.69	1.60	0.00
3	3	0.00	0.00	0.94	2.41	0.00
3	7	0.00	0.00	2.44	1.51	0.00
Core	CPU	C1%	C3%	C6%	C8%	C9%
-	-	0.00	0.00	0.54	0.91	0.00
0	0	0.00	0.00	0.37	0.49	0.00
0	4	0.00	0.00	0.31	0.50	0.00
1	1	0.00	0.00	0.22	0.90	0.00
1	5	0.00	0.00	0.82	0.59	0.00
2	2	0.00	0.00	0.54	1.19	0.00
2	6	0.00	0.00	1.34	1.00	0.00
3	3	0.00	0.00	0.32	0.96	0.00
3	7	0.00	0.00	0.37	1.70	0.00
Core	CPU	C1%	C3%	C6%	C8%	C9%
-	-	0.00	0.01	0.46	1.09	0.00
0	0	0.00	0.00	0.41	1.49	0.00
0	4	0.00	0.02	0.42	1.58	0.00
1	1	0.00	0.00	0.00	0.49	0.00
1	5	0.00	0.00	0.87	0.78	0.00
2	2	0.00	0.00	0.25	0.98	0.00
2	6	0.00	0.04	0.89	1.09	0.00
3	3	0.00	0.00	0.38	1.28	0.00
3	7	0.00	0.00	0.48	0.99	0.00
Core	CPU	C1%	C3%	C6%	C8%	C9%
-	-	0.00	0.02	0.52	3.21	0.00
0	0	0.00	0.01	0.20	0.30	0.00
0	4	0.00	0.02	0.20	1.27	0.00
1	1	0.00	0.00	0.39	0.89	0.00
1	5	0.00	0.00	0.71	0.99	0.00
2	2	0.00	0.02	0.59	0.90	0.00
2	6	0.00	0.05	0.58	1.09	0.00
3	3	0.00	0.00	0.37	0.81	0.00
3	7	0.01	0.08	1.11	19.47	0.00
Core	CPU	C1%	C3%	C6%	C8%	C9%
-	-	0.00	0.01	0.31	1.78	0.00
0	0	0.00	0.00	0.00	0.40	0.00
0	4	0.00	0.00	0.82	1.08	0.00
1	1	0.00	0.00	0.26	0.69	0.00
1	5	0.00	0.00	0.13	0.59	0.00
2	2	0.00	0.00	0.19	0.79	0.00
2	6	0.00	0.01	0.49	0.90	0.00
3	3	0.00	0.00	0.35	0.74	0.00
3	7	0.00	0.03	0.26	9.09	0.00
Core	CPU	C1%	C3%	C6%	C8%	C9%
-	-	0.00	0.09	0.58	0.69	0.00
0	0	0.00	0.00	0.46	0.49	0.00
0	4	0.00	0.00	0.34	0.20	0.00
1	1	0.00	0.01	0.40	0.29	0.00
1	5	0.00	0.00	0.47	1.28	0.00
2	2	0.00	0.00	1.15	1.08	0.00
2	6	0.00	0.02	0.54	1.48	0.00
3	3	0.00	0.72	0.21	0.08	0.00
3	7	0.00	0.00	1.07	0.60	0.00
Core	CPU	C1%	C3%	C6%	C8%	C9%
-	-	0.00	0.01	0.67	0.74	0.00
0	0	0.00	0.00	0.46	0.71	0.00
0	4	0.00	0.00	0.17	0.70	0.00
1	1	0.00	0.00	0.77	0.89	0.00
1	5	0.00	0.00	0.36	0.79	0.00
2	2	0.00	0.00	0.92	0.79	0.00
2	6	0.00	0.06	1.38	0.29	0.00
3	3	0.00	0.00	0.87	1.20	0.00
3	7	0.00	0.00	0.45	0.59	0.00
Core	CPU	C1%	C3%	C6%	C8%	C9%
-	-	0.01	0.01	0.35	0.98	0.00
0	0	0.00	0.00	0.18	1.00	0.01
0	4	0.00	0.00	0.45	1.18	0.00
1	1	0.11	0.00	0.23	0.90	0.00
1	5	0.00	0.00	0.29	1.00	0.00
2	2	0.00	0.00	0.28	0.90	0.00
2	6	0.00	0.05	0.72	1.20	0.00
3	3	0.00	0.00	0.43	0.65	0.00
3	7	0.00	0.00	0.22	1.00	0.00
Core	CPU	C1%	C3%	C6%	C8%	C9%
-	-	0.00	0.00	0.30	0.72	0.00
0	0	0.00	0.00	0.36	0.88	0.00
0	4	0.00	0.00	0.55	0.10	0.00
1	1	0.00	0.02	0.20	0.30	0.00
1	5	0.00	0.00	0.00	0.60	0.00
2	2	0.00	0.00	0.28	0.99	0.00
2	6	0.00	0.01	0.47	1.10	0.00
3	3	0.00	0.00	0.22	0.97	0.00
3	7	0.00	0.00	0.29	0.79	0.00
Core	CPU	C1%	C3%	C6%	C8%	C9%
-	-	0.00	0.01	0.83	0.68	0.00
0	0	0.00	0.00	0.73	0.00	0.00
0	4	0.00	0.01	0.79	0.79	0.00
1	1	0.00	0.00	0.66	0.60	0.00
1	5	0.00	0.00	0.43	1.19	0.00
2	2	0.00	0.00	1.12	0.40	0.00
2	6	0.00	0.02	1.31	0.48	0.00
3	3	0.00	0.00	0.67	0.99	0.00
3	7	0.00	0.01	0.94	0.99	0.00
Core	CPU	C1%	C3%	C6%	C8%	C9%
-	-	0.00	0.01	0.50	0.91	0.00
0	0	0.00	0.00	0.56	1.07	0.00
0	4	0.00	0.00	0.28	0.89	0.00
1	1	0.00	0.00	0.35	0.88	0.00
1	5	0.00	0.00	0.75	1.29	0.00
2	2	0.00	0.00	0.20	1.08	0.00
2	6	0.00	0.04	0.96	0.59	0.00
3	3	0.00	0.00	0.45	1.04	0.00
3	7	0.00	0.03	0.48	0.40	0.00
Core	CPU	C1%	C3%	C6%	C8%	C9%
-	-	0.00	0.35	0.46	1.52	0.00
0	0	0.00	0.00	0.85	1.28	0.00
0	4	0.00	0.00	0.43	1.38	0.00
1	1	0.00	0.01	0.29	1.38	0.00
1	5	0.00	0.00	0.47	1.87	0.00
2	2	0.00	0.00	0.36	1.97	0.00
2	6	0.00	0.00	0.56	2.08	0.00
3	3	0.00	2.78	0.00	0.09	0.00
3	7	0.00	0.00	0.69	2.07	0.00
Core	CPU	C1%	C3%	C6%	C8%	C9%
-	-	0.00	0.00	0.57	0.69	0.00
0	0	0.00	0.00	0.23	0.30	0.00
0	4	0.00	0.00	0.10	0.61	0.00
1	1	0.00	0.00	0.28	0.89	0.00
1	5	0.00	0.00	0.36	0.79	0.00
2	2	0.00	0.00	0.92	0.79	0.00
2	6	0.00	0.03	1.25	0.88	0.00
3	3	0.00	0.00	0.68	0.51	0.00
3	7	0.00	0.00	0.72	0.79	0.00
Core	CPU	C1%	C3%	C6%	C8%	C9%
-	-	0.00	0.00	0.53	1.00	0.00
0	0	0.00	0.00	0.77	0.99	0.00
0	4	0.00	0.00	0.80	1.37	0.00
1	1	0.00	0.00	0.43	0.99	0.00
1	5	0.00	0.02	0.17	0.99	0.00
2	2	0.00	0.00	0.29	0.98	0.00
2	6	0.00	0.00	1.09	0.48	0.00
3	3	0.00	0.00	0.44	1.03	0.00
3	7	0.00	0.00	0.27	1.18	0.00
Core	CPU	C1%	C3%	C6%	C8%	C9%
-	-	0.00	0.00	0.50	0.98	0.00
0	0	0.00	0.00	1.45	1.71	0.00
0	4	0.00	0.00	0.24	0.99	0.00
1	1	0.00	0.02	0.30	0.30	0.00
1	5	0.00	0.00	0.10	0.40	0.00
2	2	0.00	0.00	0.45	1.10	0.00
2	6	0.00	0.00	0.84	0.80	0.00
3	3	0.00	0.00	0.31	1.27	0.00
3	7	0.00	0.00	0.29	1.28	0.00
Core	CPU	C1%	C3%	C6%	C8%	C9%
-	-	0.00	0.01	0.51	0.64	0.00
0	0	0.00	0.00	0.13	0.40	0.00
0	4	0.00	0.00	0.58	0.10	0.00
1	1	0.00	0.00	0.28	0.89	0.00
1	5	0.00	0.00	0.43	0.79	0.00
2	2	0.00	0.00	0.83	0.49	0.00
2	6	0.00	0.07	1.18	0.79	0.00
3	3	0.00	0.00	0.39	0.79	0.00
3	7	0.00	0.00	0.26	0.89	0.00
Core	CPU	C1%	C3%	C6%	C8%	C9%
-	-	0.00	0.00	0.37	0.77	0.00
0	0	0.00	0.00	0.10	0.50	0.00
0	4	0.00	0.00	0.43	1.19	0.00
1	1	0.00	0.02	0.35	0.79	0.00
1	5	0.00	0.00	0.23	0.99	0.00
2	2	0.00	0.00	0.20	0.99	0.00
2	6	0.00	0.00	1.19	0.41	0.00
3	3	0.00	0.00	0.45	0.63	0.00
3	7	0.00	0.01	0.03	0.69	0.00
Core	CPU	C1%	C3%	C6%	C8%	C9%
-	-	0.00	0.28	0.66	1.40	0.00
0	0	0.00	0.00	0.57	1.77	0.00
0	4	0.00	0.00	0.45	1.97	0.00
1	1	0.00	0.02	0.99	0.49	0.00
1	5	0.00	0.00	0.27	1.38	0.00
2	2	0.00	0.00	0.47	1.77	0.00
2	6	0.00	0.02	0.95	1.77	0.00
3	3	0.00	2.19	0.22	0.73	0.00
3	7	0.00	0.00	1.37	1.29	0.00
Core	CPU	C1%	C3%	C6%	C8%	C9%
-	-	0.00	0.01	0.43	1.15	0.00
0	0	0.00	0.00	0.42	0.72	0.00
0	4	0.00	0.02	0.36	0.51	0.00
1	1	0.00	0.01	0.28	1.59	0.00
1	5	0.00	0.00	0.35	1.30	0.00
2	2	0.00	0.00	0.33	1.39	0.00
2	6	0.00	0.01	0.77	1.08	0.00
3	3	0.00	0.00	0.46	1.51	0.00
3	7	0.00	0.00	0.44	1.10	0.00
Core	CPU	C1%	C3%	C6%	C8%	C9%
-	-	0.00	0.01	0.28	1.12	0.00
0	0	0.00	0.00	0.21	2.39	0.00
0	4	0.00	0.02	0.09	1.00	0.00
1	1	0.00	0.00	0.00	0.50	0.00
1	5	0.00	0.02	0.08	0.61	0.00
2	2	0.00	0.00	0.28	1.61	0.00
2	6	0.00	0.05	1.00	0.62	0.00
3	3	0.00	0.00	0.27	1.01	0.00
3	7	0.00	0.00	0.35	1.21	0.00
Core	CPU	C1%	C3%	C6%	C8%	C9%
-	-	0.04	0.00	0.69	0.92	0.00
0	0	0.00	0.00	0.79	0.79	0.00
0	4	0.00	0.00	0.46	1.66	0.00
1	1	0.00	0.00	0.91	0.88	0.00
1	5	0.00	0.00	0.61	0.90	0.00
2	2	0.29	0.01	0.69	0.98	0.00
2	6	0.00	0.00	1.17	0.88	0.00
3	3	0.00	0.00	0.55	0.34	0.00
3	7	0.00	0.00	0.33	0.88	0.00
Core	CPU	C1%	C3%	C6%	C8%	C9%
-	-	0.00	0.01	0.55	0.97	0.00
0	0	0.00	0.00	0.36	0.99	0.00
0	4	0.00	0.04	0.43	1.49	0.00
1	1	0.00	0.02	0.38	0.51	0.00
1	5	0.00	0.00	1.46	0.79	0.00
2	2	0.00	0.02	0.38	1.20	0.00
2	6	0.00	0.01	0.66	1.10	0.00
3	3	0.00	0.00	0.41	0.77	0.00
3	7	0.00	0.00	0.35	0.90	0.00
Core	CPU	C1%	C3%	C6%	C8%	C9%
-	-	0.00	0.01	0.46	1.19	0.00
0	0	0.00	0.00	0.58	1.99	0.00
0	4	0.00	0.00	0.69	2.29	0.00
1	1	0.00	0.00	0.09	0.41	0.00
1	5	0.00	0.00	0.45	0.71	0.00
2	2	0.00	0.00	0.36	1.11	0.00
2	6	0.00	0.03	0.60	0.90	0.00
3	3	0.00	0.00	0.36	1.20	0.00
3	7	0.00	0.01	0.58	0.93	0.00
Core	CPU	C1%	C3%	C6%	C8%	C9%
-	-	0.00	0.33	0.68	1.60	0.00
0	0	0.00	0.01	0.29	1.09	0.00
0	4	0.00	0.00	1.23	1.70	0.00
1	1	0.00	0.00	0.84	1.87	0.00
1	5	0.02	0.00	0.68	2.07	0.00
2	2	0.00	0.02	0.88	2.07	0.00
2	6	0.00	0.01	1.00	1.68	0.00
3	3	0.00	2.57	0.21	0.04	0.00
3	7	0.00	0.00	0.27	2.28	0.00
Core	CPU	C1%	C3%	C6%	C8%	C9%
-	-	0.01	0.00	0.65	1.10	0.00
0	0	0.01	0.00	0.32	1.19	0.00
0	4	0.00	0.02	0.94	1.19	0.00
1	1	0.00	0.00	0.93	1.59	0.00
1	5	0.00	0.01	0.99	0.79	0.00
2	2	0.00	0.00	1.03	1.08	0.00
2	6	0.00	0.00	0.36	1.19	0.00
3	3	0.07	0.01	0.45	0.88	0.00
3	7	0.00	0.00	0.20	0.89	0.00
Core	CPU	C1%	C3%	C6%	C8%	C9%
-	-	0.00	0.00	0.65	1.03	0.00
0	0	0.00	0.00	0.15	0.39	0.00
0	4	0.00	0.00	1.22	0.98	0.00
1	1	0.00	0.00	0.18	0.60	0.00
1	5	0.00	0.00	1.03	1.19	0.00
2	2	0.00	0.02	0.65	1.39	0.00
2	6	0.00	0.00	0.39	1.49	0.00
3	3	0.00	0.00	1.19	0.79	0.00
3	7	0.00	0.00	0.43	1.38	0.00
Core	CPU	C1%	C3%	C6%	C8%	C9%
-	-	0.00	0.03	0.61	4.58	0.00
0	0	0.00	0.00	0.53	1.39	0.00
0	4	0.00	0.03	0.63	1.19	0.00
1	1	0.00	0.00	0.40	1.10	0.00
1	5	0.00	0.00	0.45	0.99	0.00
2	2	0.00	0.02	1.34	0.60	0.00
2	6	0.00	0.03	0.28	1.30	0.00
3	3	0.00	0.00	0.28	1.20	0.00
3	7	0.02	0.19	0.99	28.84	0.00
Core	CPU	C1%	C3%	C6%	C8%	C9%
-	-	0.00	0.01	0.55	1.17	0.00
0	0	0.00	0.00	0.00	0.49	0.00
0	4	0.00	0.01	0.71	1.21	0.00
1	1	0.00	0.00	0.34	1.19	0.00
1	5	0.00	0.00	0.67	1.87	0.00
2	2	0.00	0.00	0.69	1.20	0.00
2	6	0.00	0.00	0.47	1.78	0.00
3	3	0.00	0.00	0.63	1.00	0.00
3	7	0.00	0.04	0.87	0.60	0.00
Core	CPU	C1%	C3%	C6%	C8%	C9%
-	-	0.00	0.00	0.45	0.94	0.00
0	0	0.00	0.00	0.44	1.01	0.00
0	4	0.00	0.00	0.41	1.21	0.00
1	1	0.00	0.00	0.38	1.01	0.00
1	5	0.00	0.00	0.27	0.42	0.00
2	2	0.00	0.00	0.77	1.02	0.00
2	6	0.00	0.00	0.53	0.81	0.00
3	3	0.00	0.00	0.43	1.21	0.00
3	7	0.00	0.00	0.37	0.81	0.00
Core	CPU	C1%	C3%	C6%	C8%	C9%
-	-	0.00	0.19	0.46	0.79	0.00
0	0	0.00	0.00	0.83	0.79	0.00
0	4	0.00	0.02	0.69	0.29	0.00
1	1	0.00	0.00	0.29	1.08	0.00
1	5	0.00	0.00	0.44	1.08	0.00
2	2	0.00	0.01	0.74	0.89	0.00
2	6	0.00	0.02	0.19	1.28	0.00
3	3	0.00	1.48	0.10	0.02	0.00
3	7	0.00	0.00	0.36	0.89	0.00
Core	CPU	C1%	C3%	C6%	C8%	C9%
-	-	0.00	0.00	0.41	1.20	0.00
0	0	0.00	0.00	0.47	1.98	0.00
0	4	0.00	0.00	0.47	0.71	0.00
1	1	0.00	0.00	0.34	0.80	0.00
1	5	0.00	0.00	0.22	1.10	0.00
2	2	0.00	0.02	0.57	1.32	0.00
2	6	0.00	0.00	0.18	0.98	0.00
3	3	0.00	0.00	0.63	1.00	0.00
3	7	0.00	0.00	0.40	1.69	0.00
Core	CPU	C1%	C3%	C6%	C8%	C9%
-	-	0.00	0.01	0.76	1.62	0.00
0	0	0.00	0.00	0.45	2.47	0.00
0	4	0.00	0.00	0.22	0.69	0.00
1	1	0.00	0.02	1.61	1.79	0.00
1	5	0.00	0.00	0.64	1.40	0.00
2	2	0.00	0.00	1.44	1.01	0.00
2	6	0.00	0.01	0.51	1.89	0.00
3	3	0.00	0.01	0.66	1.90	0.00
3	7	0.00	0.00	0.56	1.78	0.00
Core	CPU	C1%	C3%	C6%	C8%	C9%
-	-	0.00	0.01	0.37	0.74	0.00
0	0	0.00	0.00	0.23	0.91	0.00
0	4	0.00	0.00	0.22	0.80	0.00
1	1	0.00	0.01	0.78	0.10	0.00
1	5	0.00	0.01	0.50	0.10	0.00
2	2	0.00	0.00	0.09	0.90	0.00
2	6	0.00	0.04	0.67	0.81	0.00
3	3	0.00	0.00	0.28	1.20	0.00
3	7	0.00	0.00	0.17	1.10	0.00
Core	CPU	C1%	C3%	C6%	C8%	C9%
-	-	0.00	0.00	0.43	1.22	0.00
0	0	0.00	0.00	0.28	0.80	0.00
0	4	0.00	0.00	0.36	1.29	0.00
1	1	0.00	0.00	0.53	1.19	0.00
1	5	0.00	0.00	0.40	0.80	0.00
2	2	0.00	0.00	0.37	1.39	0.00
2	6	0.00	0.02	0.86	1.97	0.00
3	3	0.00	0.00	0.34	1.23	0.00
3	7	0.00	0.00	0.31	1.10	0.00
Core	CPU	C1%	C3%	C6%	C8%	C9%
-	-	0.00	0.00	0.43	0.91	0.00
0	0	0.00	0.00	0.50	1.50	0.00
0	4	0.00	0.00	0.35	0.69	0.00
1	1	0.00	0.00	0.03	0.50	0.00
1	5	0.00	0.00	0.53	0.60	0.00
2	2	0.00	0.03	0.57	0.99	0.00
2	6	0.00	0.00	0.95	0.59	0.00
3	3	0.00	0.00	0.32	1.35	0.00
3	7	0.00	0.00	0.20	1.09	0.00
Core	CPU	C1%	C3%	C6%	C8%	C9%
-	-	0.00	0.33	0.49	1.50	0.00
0	0	0.00	0.00	0.42	1.28	0.00
0	4	0.00	0.02	0.20	1.38	0.00
1	1	0.00	0.00	0.39	1.87	0.00
1	5	0.00	0.00	0.55	1.87	0.00
2	2	0.00	0.02	0.75	1.97	0.00
2	6	0.00	0.00	0.72	1.68	0.00
3	3	0.00	2.57	0.11	0.10	0.00
3	7	0.00	0.00	0.75	1.89	0.00
Core	CPU	C1%	C3%	C6%	C8%	C9%
-	-	0.00	0.01	0.54	0.66	0.00
0	0	0.00	0.02	0.30	0.20	0.00
0	4	0.00	0.00	0.10	0.79	0.00
1	1	0.00	0.00	0.28	0.99	0.00
1	5	0.00	0.00	0.36	0.80	0.00
2	2	0.00	0.05	1.20	0.38	0.00
2	6	0.00	0.02	0.99	0.78	0.00
3	3	0.00	0.00	0.58	0.60	0.00
3	7	0.00	0.00	0.49	0.71	0.00
Core	CPU	C1%	C3%	C6%	C8%	C9%
-	-	0.00	0.01	0.68	0.98	0.00
0	0	0.00	0.00	0.35	0.89	0.00
0	4	0.00	0.00	0.28	0.89	0.00
1	1	0.00	0.00	0.53	0.99	0.00
1	5	0.00	0.02	1.09	1.10	0.00
2	2	0.00	0.00	1.11	0.49	0.00
2	6	0.00	0.00	0.65	1.50	0.00
3	3	0.00	0.00	0.65	1.30	0.00
3	7	0.00	0.05	0.79	0.69	0.00
Core	CPU	C1%	C3%	C6%	C8%	C9%
-	-	0.00	0.01	0.44	1.16	0.00
0	0	0.00	0.00	0.55	1.42	0.00
0	4	0.00	0.00	0.44	0.71	0.00
1	1	0.00	0.01	0.41	2.08	0.00
1	5	0.00	0.02	0.31	1.11	0.00
2	2	0.00	0.02	0.66	1.60	0.00
2	6	0.00	0.00	0.44	1.20	0.00
3	3	0.00	0.00	0.41	0.77	0.00
3	7	0.03	0.01	0.33	0.42	0.00
Core	CPU	C1%	C3%	C6%	C8%	C9%
-	-	0.00	0.00	0.63	0.75	0.00
0	0	0.00	0.00	0.35	0.59	0.00
0	4	0.00	0.00	0.33	0.89	0.00
1	1	0.00	0.00	0.78	0.59	0.00
1	5	0.00	0.00	1.04	0.89	0.00
2	2	0.00	0.00	1.17	0.89	0.00
2	6	0.00	0.00	0.24	0.99	0.00
3	3	0.00	0.01	0.29	0.88	0.00
3	7	0.00	0.00	0.88	0.30	0.00
Core	CPU	C1%	C3%	C6%	C8%	C9%
-	-	0.00	0.00	0.48	0.59	0.00
0	0	0.00	0.00	0.21	0.30	0.00
0	4	0.00	0.00	0.24	0.40	0.00
1	1	0.00	0.00	0.57	0.69	0.00
1	5	0.00	0.00	0.45	0.69	0.00
2	2	0.00	0.01	0.94	0.79	0.00
2	6	0.00	0.00	0.60	0.49	0.00
3	3	0.00	0.00	0.38	0.81	0.00
3	7	0.00	0.00	0.45	0.59	0.00
Core	CPU	C1%	C3%	C6%	C8%	C9%
-	-	0.00	0.27	0.63	1.61	0.00
0	0	0.00	0.00	0.58	1.67	0.00
0	4	0.00	0.00	0.46	1.77	0.00
1	1	0.00	0.00	1.12	1.77	0.00
1	5	0.00	0.02	0.95	1.97	0.00
2	2	0.00	0.00	0.51	1.87	0.00
2	6	0.00	0.00	0.58	1.97	0.00
3	3	0.02	2.08	0.03	0.00	0.00
3	7	0.00	0.02	0.79	1.89	0.00
Core	CPU	C1%	C3%	C6%	C8%	C9%
-	-	0.00	0.01	0.52	0.82	0.00
0	0	0.00	0.00	0.99	1.70	0.00
0	4	0.00	0.00	0.44	0.89	0.00
1	1	0.00	0.01	0.52	0.00	0.00
1	5	0.00	0.00	0.54	0.00	0.00
2	2	0.00	0.00	0.18	0.99	0.00
2	6	0.00	0.04	0.64	0.90	0.00
3	3	0.00	0.00	0.53	1.05	0.00
3	7	0.00	0.00	0.29	1.00	0.00
Core	CPU	C1%	C3%	C6%	C8%	C9%
-	-	0.00	0.00	0.44	0.90	0.00
0	0	0.00	0.00	0.34	0.80	0.00
0	4	0.00	0.00	0.22	1.10	0.00
1	1	0.00	0.00	0.29	0.21	0.00
1	5	0.00	0.00	0.92	0.90	0.00
2	2	0.00	0.00	0.53	0.80	0.00
2	6	0.00	0.02	0.54	0.98	0.00
3	3	0.00	0.00	0.39	1.58	0.00
3	7	0.00	0.00	0.27	0.80	0.00
Core	CPU	C1%	C3%	C6%	C8%	C9%
-	-	0.00	0.00	0.42	0.78	0.00
0	0	0.00	0.00	0.12	0.40	0.00
0	4	0.00	0.00	0.04	0.60	0.00
1	1	0.00	0.00	0.27	0.89	0.00
1	5	0.00	0.00	0.35	0.89	0.00
2	2	0.00	0.00	0.44	1.29	0.00
2	6	0.00	0.03	1.44	0.69	0.00
3	3	0.00	0.00	0.38	0.81	0.00
3	7	0.00	0.00	0.35	0.69	0.00
Core	CPU	C1%	C3%	C6%	C8%	C9%
-	-	0.00	0.01	0.57	0.86	0.00
0	0	0.00	0.00	0.49	0.68	0.00
0	4	0.00	0.00	0.61	1.09	0.00
1	1	0.00	0.00	0.24	1.09	0.00
1	5	0.00	0.02	0.85	0.99	0.00
2	2	0.00	0.00	0.19	0.88	0.00
2	6	0.00	0.00	1.28	0.90	0.00
3	3	0.00	0.00	0.19	0.59	0.00
3	7	0.00	0.03	0.68	0.68	0.00
Core	CPU	C1%	C3%	C6%	C8%	C9%
-	-	0.00	0.01	0.51	1.07	0.00
0	0	0.00	0.03	0.83	1.79	0.00
0	4	0.00	0.00	0.23	0.69	0.00
1	1	0.00	0.01	0.69	0.79	0.00
1	5	0.00	0.00	0.20	0.98	0.00
2	2	0.00	0.00	0.36	0.88	0.00
2	6	0.00	0.05	1.10	0.89	0.00
3	3	0.00	0.02	0.38	1.57	0.00
3	7	0.00	0.00	0.28	0.98	0.00
Core	CPU	C1%	C3%	C6%	C8%	C9%
-	-	0.00	0.31	0.49	1.47	0.00
0	0	0.00	0.02	0.30	1.08	0.00
0	4	0.00	0.00	0.20	1.28	0.00
1	1	0.00	0.00	0.85	1.87	0.00
1	5	0.00	0.00	1.10	1.77	0.00
2	2	0.00	0.00	0.32	1.88	0.00
2	6	0.00	0.01	0.71	1.97	0.00
3	3	0.01	2.47	0.13	0.10	0.00
3	7	0.00	0.00	0.35	1.79	0.00
Core	CPU	C1%	C3%	C6%	C8%	C9%
-	-	0.00	0.02	0.49	3.95	0.00
0	0	0.00	0.00	0.37	1.58	0.00
0	4	0.00	0.00	0.46	1.09	0.00
1	1	0.00	0.00	0.28	0.90	0.00
1	5	0.00	0.00	0.33	1.38	0.00
2	2	0.00	0.01	0.48	1.40	0.00
2	6	0.00	0.01	0.40	1.19	0.00
3	3	0.00	0.00	0.46	0.72	0.00
3	7	0.01	0.17	1.12	23.38	0.00
Core	CPU	C1%	C3%	C6%	C8%	C9%
-	-	0.00	0.01	0.64	1.77	0.00
0	0	0.00	0.00	0.47	1.29	0.00
0	4	0.00	0.00	0.54	1.39	0.00
1	1	0.00	0.00	0.33	1.28	0.00
1	5	0.00	0.02	1.24	1.68	0.00
2	2	0.00	0.00	0.29	1.18	0.00
2	6	0.00	0.00	0.86	1.29	0.00
3	3	0.00	0.00	0.41	1.12	0.00
3	7	0.00	0.04	1.00	4.92	0.00
Core	CPU	C1%	C3%	C6%	C8%	C9%
-	-	0.00	0.00	0.43	1.00	0.00
0	0	0.00	0.00	0.64	1.40	0.00
0	4	0.00	0.00	0.18	0.69	0.00
1	1	0.00	0.02	0.20	0.90	0.00
1	5	0.00	0.00	0.10	1.09	0.00
2	2	0.00	0.00	0.36	1.09	0.00
2	6	0.00	0.00	0.75	1.18	0.00
3	3	0.00	0.00	0.41	1.27	0.00
3	7	0.00	0.00	0.78	0.40	0.00
Core	CPU	C1%	C3%	C6%	C8%	C9%
-	-	0.00	0.00	0.64	0.81	0.00
0	0	0.00	0.00	0.31	0.59	0.00
0	4	0.00	0.00	0.18	0.50	0.00
1	1	0.00	0.00	0.37	1.28	0.00
1	5	0.00	0.00	1.01	0.80	0.00
2	2	0.00	0.00	1.04	0.89	0.00
2	6	0.00	0.01	1.30	0.70	0.00
3	3	0.00	0.00	0.38	0.80	0.00
3	7	0.00	0.00	0.49	0.89	0.00
Core	CPU	C1%	C3%	C6%	C8%	C9%
-	-	0.00	0.02	0.43	1.03	0.00
0	0	0.00	0.00	0.36	1.00	0.00
0	4	0.00	0.00	0.26	1.10	0.00
1	1	0.00	0.00	0.43	0.70	0.00
1	5	0.00	0.00	0.60	0.90	0.00
2	2	0.00	0.04	0.65	1.11	0.00
2	6	0.00	0.00	0.36	1.10	0.00
3	3	0.00	0.00	0.51	1.43	0.00
3	7	0.00	0.13	0.27	0.91	0.00
Core	CPU	C1%	C3%	C6%	C8%	C9%
-	-	0.00	0.24	0.39	0.84	0.00
0	0	0.00	0.00	0.46	0.69	0.00
0	4	0.00	0.00	0.10	0.59	0.00
1	1	0.00	0.02	0.10	0.99	0.00
1	5	0.00	0.00	1.37	0.89	0.00
2	2	0.00	0.00	0.59	1.17	0.00
2	6	0.00	0.00	0.35	1.08	0.00
3	3	0.00	1.87	0.02	0.00	0.00
3	7	0.00	0.00	0.10	1.29	0.00
Core	CPU	C1%	C3%	C6%	C8%	C9%
-	-	0.00	0.01	0.55	1.37	0.00
0	0	0.00	0.00	0.56	1.49	0.00
0	4	0.00	0.02	0.20	0.69	0.00
1	1	0.00	0.00	0.56	1.69	0.00
1	5	0.00	0.00	0.46	0.89	0.00
2	2	0.00	0.03	1.11	1.30	0.00
2	6	0.00	0.02	0.57	2.19	0.00
3	3	0.00	0.00	0.47	1.80	0.00
3	7	0.00	0.00	0.46	0.89	0.00
Core	CPU	C1%	C3%	C6%	C8%	C9%
-	-	0.00	0.00	0.58	0.77	0.00
0	0	0.00	0.00	0.17	0.69	0.00
0	4	0.00	0.00	0.28	0.89	0.00
1	1	0.00	0.00	0.35	0.98	0.00
1	5	0.00	0.00	0.88	0.79	0.00
2	2	0.00	0.00	1.31	0.50	0.00
2	6	0.00	0.00	0.40	0.89	0.00
3	3	0.00	0.00	0.46	0.62	0.00
3	7	0.00	0.00	0.83	0.79	0.00
Core	CPU	C1%	C3%	C6%	C8%	C9%
-	-	0.00	0.00	0.40	0.83	0.00
0	0	0.00	0.00	0.26	0.60	0.00
0	4	0.00	0.00	0.24	0.31	0.00
1	1	0.00	0.00	0.38	1.01	0.00
1	5	0.00	0.00	0.37	0.99	0.00
2	2	0.00	0.03	0.75	1.10	0.00
2	6	0.00	0.00	0.53	0.81	0.00
3	3	0.00	0.00	0.30	0.89	0.00
3	7	0.00	0.00	0.37	0.91	0.00
Core	CPU	C1%	C3%	C6%	C8%	C9%
-	-	0.00	0.00	0.64	0.44	0.00
0	0	0.00	0.00	0.62	0.00	0.00
0	4	0.00	0.01	0.79	0.19	0.00
1	1	0.00	0.00	0.87	0.79	0.00
1	5	0.00	0.00	0.18	0.99	0.00
2	2	0.00	0.00	1.22	0.00	0.00
2	6	0.00	0.02	0.79	0.00	0.00
3	3	0.00	0.00	0.39	0.79	0.00
3	7	0.00	0.00	0.27	0.79	0.00
Core	CPU	C1%	C3%	C6%	C8%	C9%
-	-	0.00	0.00	0.55	1.35	0.00
0	0	0.00	0.00	0.58	1.00	0.00
0	4	0.00	0.00	0.67	0.99	0.00
1	1	0.00	0.00	0.72	1.39	0.00
1	5	0.00	0.00	0.33	1.19	0.00
2	2	0.00	0.00	0.77	1.99	0.00
2	6	0.00	0.00	0.58	0.89	0.00
3	3	0.00	0.00	0.35	1.53	0.00
3	7	0.00	0.00	0.41	1.78	0.00
Core	CPU	C1%	C3%	C6%	C8%	C9%
-	-	0.00	0.35	0.41	1.36	0.02
0	0	0.00	0.00	0.36	1.18	0.00
0	4	0.00	0.02	0.25	1.38	0.00
1	1	0.00	0.02	0.20	1.18	0.00
1	5	0.00	0.00	0.85	1.48	0.00
2	2	0.00	0.01	0.89	1.76	0.00
2	6	0.00	0.00	0.55	1.77	0.00
3	3	0.00	2.77	0.02	0.07	0.17
3	7	0.00	0.01	0.20	2.08	0.00
Core	CPU	C1%	C3%	C6%	C8%	C9%
-	-	0.00	0.00	0.55	0.91	0.00
0	0	0.00	0.00	0.38	0.30	0.00
0	4	0.00	0.02	0.38	0.31	0.00
1	1	0.00	0.00	0.19	1.08	0.00
1	5	0.00	0.00	0.46	0.90	0.00
2	2	0.00	0.01	1.32	1.61	0.00
2	6	0.00	0.00	0.41	1.49	0.00
3	3	0.00	0.00	0.47	1.19	0.00
3	7	0.00	0.00	0.76	0.39	0.00
Core	CPU	C1%	C3%	C6%	C8%	C9%
-	-	0.00	0.00	0.42	0.94	0.00
0	0	0.00	0.01	0.57	1.00	0.00
0	4	0.00	0.00	0.27	0.90	0.00
1	1	0.00	0.00	0.44	1.00	0.00
1	5	0.00	0.00	0.28	0.90	0.00
2	2	0.00	0.02	0.39	1.00	0.00
2	6	0.00	0.00	0.59	1.22	0.00
3	3	0.00	0.00	0.35	0.83	0.00
3	7	0.00	0.00	0.43	0.70	0.00
Core	CPU	C1%	C3%	C6%	C8%	C9%
-	-	0.00	0.00	0.75	0.91	0.00
0	0	0.00	0.00	0.82	1.60	0.00
0	4	0.00	0.00	0.31	1.48	0.00
1	1	0.00	0.00	1.02	0.39	0.00
1	5	0.00	0.02	1.09	0.39	0.00
2	2	0.00	0.00	0.29	0.98	0.00
2	6	0.00	0.00	0.68	0.78	0.00
3	3	0.00	0.00	0.32	0.86	0.00
3	7	0.00	0.00	1.47	0.79	0.00
Core	CPU	C1%	C3%	C6%	C8%	C9%
-	-	0.00	0.01	0.48	0.69	0.00
0	0	0.00	0.00	0.63	0.00	0.00
0	4	0.00	0.02	0.66	0.10	0.00
1	1	0.00	0.00	0.32	1.20	0.00
1	5	0.00	0.00	0.53	0.80	0.00
2	2	0.00	0.00	0.24	0.90	0.00
2	6	0.00	0.03	1.01	0.71	0.00
3	3	0.00	0.00	0.19	0.99	0.00
3	7	0.00	0.00	0.28	0.80	0.00
Core	CPU	C1%	C3%	C6%	C8%	C9%
-	-	0.00	0.00	0.44	0.60	0.00
0	0	0.00	0.02	0.49	0.00	0.00
0	4	0.00	0.00	0.49	0.00	0.00
1	1	0.00	0.00	0.37	0.79	0.00
1	5	0.00	0.00	0.25	0.99	0.00
2	2	0.00	0.00	0.31	1.09	0.00
2	6	0.00	0.00	1.21	0.50	0.00
3	3	0.00	0.00	0.38	0.72	0.00
3	7	0.00	0.00	0.05	0.69	0.00
Core	CPU	C1%	C3%	C6%	C8%	C9%
-	-	0.00	0.25	0.71	1.14	0.00
0	0	0.00	0.00	0.66	1.08	0.00
0	4	0.00	0.00	0.71	1.38	0.00
1	1	0.00	0.00	1.00	0.79	0.00
1	5	0.00	0.00	0.76	0.89	0.00
2	2	0.00	0.00	0.48	1.67	0.00
2	6	0.00	0.03	0.86	1.79	0.00
3	3	0.01	1.97	0.13	0.06	0.00
3	7	0.00	0.01	1.08	1.49	0.00
Core	CPU	C1%	C3%	C6%	C8%	C9%
-	-	0.00	0.01	0.39	1.06	0.00
0	0	0.00	0.02	0.53	1.21	0.00
0	4	0.00	0.00	0.48	1.98	0.00
1	1	0.00	0.00	0.10	0.30	0.00
1	5	0.00	0.00	0.32	1.19	0.00
2	2	0.00	0.00	0.44	0.70	0.00
2	6	0.00	0.03	0.52	1.20	0.00
3	3	0.00	0.00	0.48	1.09	0.00
3	7	0.00	0.00	0.27	0.80	0.00
Core	CPU	C1%	C3%	C6%	C8%	C9%
-	-	0.00	0.00	0.45	0.91	0.00
0	0	0.00	0.00	0.00	0.50	0.00
0	4	0.00	0.00	0.85	1.41	0.00
1	1	0.00	0.00	0.36	0.89	0.00
1	5	0.00	0.00	0.20	0.98	0.00
2	2	0.00	0.01	0.29	0.99	0.00
2	6	0.00	0.00	1.10	0.40	0.00
3	3	0.00	0.00	0.46	1.10	0.00
3	7	0.00	0.00	0.34	0.99	0.00
Core	CPU	C1%	C3%	C6%	C8%	C9%
-	-	0.00	0.00	0.61	0.82	0.00
0	0	0.00	0.00	0.28	0.99	0.00
0	4	0.00	0.00	0.36	0.79	0.00
1	1	0.00	0.00	1.02	0.79	0.00
1	5	0.00	0.01	0.99	0.39	0.00
2	2	0.00	0.00	0.29	1.08	0.00
2	6	0.00	0.01	0.81	1.08	0.00
3	3	0.00	0.00	0.32	0.67	0.00
3	7	0.00	0.00	0.79	0.79	0.00
Core	CPU	C1%	C3%	C6%	C8%	C9%
-	-	0.00	0.00	0.41	0.92	0.00
0	0	0.00	0.00	0.14	0.60	0.00
0	4	0.00	0.00	0.37	0.60	0.00
1	1	0.00	0.00	0.36	1.01	0.00
1	5	0.00	0.00	0.53	1.22	0.00
2	2	0.00	0.00	0.53	0.72	0.00
2	6	0.00	0.01	0.54	1.09	0.00
3	3	0.00	0.00	0.40	1.30	0.00
3	7	0.00	0.00	0.45	0.80	0.00
Core	CPU	C1%	C3%	C6%	C8%	C9%
-	-	0.00	0.02	0.44	4.52	0.00
0	0	0.00	0.02	0.46	1.49	0.00
0	4	0.00	0.02	0.12	0.68	0.00
1	1	0.00	0.00	0.40	0.79	0.00
1	5	0.00	0.00	0.35	0.89	0.00
2	2	0.00	0.00	0.31	0.80	0.00
2	6	0.00	0.02	0.62	1.59	0.00
3	3	0.00	0.00	0.47	1.09	0.00
3	7	0.02	0.10	0.78	28.80	0.00
Core	CPU	C1%	C3%	C6%	C8%	C9%
-	-	0.00	0.34	0.71	1.53	0.00
0	0	0.00	0.00	1.07	1.68	0.00
0	4	0.00	0.00	0.46	2.16	0.00
1	1	0.00	0.00	0.34	1.97	0.00
1	5	0.00	0.02	0.28	2.17	0.00
2	2	0.00	0.05	0.67	1.97	0.00
2	6	0.00	0.02	1.74	1.09	0.00
3	3	0.00	2.57	0.13	0.05	0.00
3	7	0.00	0.02	0.99	1.19	0.00
Core	CPU	C1%	C3%	C6%	C8%	C9%
-	-	0.00	0.00	0.38	0.78	0.00
0	0	0.00	0.00	0.54	0.79	0.00
0	4	0.00	0.00	0.24	0.88	0.00
1	1	0.00	0.00	0.20	0.30	0.00
1	5	0.00	0.00	0.29	0.90	0.00
2	2	0.00	0.00	0.45	0.89	0.00
2	6	0.00	0.01	0.56	0.99	0.00
3	3	0.00	0.02	0.49	0.68	0.00
3	7	0.00	0.00	0.28	0.79	0.00
Core	CPU	C1%	C3%	C6%	C8%	C9%
-	-	0.00	0.01	0.36	0.73	0.00
0	0	0.00	0.02	0.27	0.41	0.00
0	4	0.00	0.00	0.19	0.30	0.00
1	1	0.00	0.00	0.35	0.81	0.00
1	5	0.00	0.00	0.41	0.91	0.00
2	2	0.00	0.00	0.21	1.01	0.00
2	6	0.00	0.05	0.65	1.01	0.00
3	3	0.00	0.00	0.36	0.81	0.00
3	7	0.00	0.00	0.44	0.60	0.00
Core	CPU	C1%	C3%	C6%	C8%	C9%
-	-	0.00	0.00	0.52	1.08	0.00
0	0	0.00	0.00	0.42	1.20	0.00
0	4	0.00	0.00	0.46	1.00	0.00
1	1	0.00	0.00	0.24	1.19	0.00
1	5	0.00	0.00	0.30	1.49	0.00
2	2	0.00	0.00	0.36	1.60	0.00
2	6	0.00	0.01	0.49	1.09	0.00
3	3	0.00	0.00	1.08	0.29	0.00
3	7	0.00	0.02	0.79	0.79	0.00
Core	CPU	C1%	C3%	C6%	C8%	C9%
-	-	0.00	0.00	0.45	0.88	0.00
0	0	0.00	0.00	0.36	0.89	0.00
0	4	0.00	0.00	0.24	1.18	0.00
1	1	0.00	0.00	0.00	0.60	0.00
1	5	0.00	0.00	0.75	0.99	0.00
2	2	0.00	0.00	0.57	0.79	0.00
2	6	0.00	0.02	0.43	1.18	0.00
3	3	0.00	0.02	0.69	0.48	0.00
3	7	0.00	0.00	0.57	0.89	0.00
Core	CPU	C1%	C3%	C6%	C8%	C9%
-	-	0.00	0.00	0.56	0.88	0.00
0	0	0.00	0.00	0.60	0.70	0.00
0	4	0.00	0.00	0.51	0.99	0.00
1	1	0.00	0.00	0.97	0.79	0.00
1	5	0.00	0.00	0.36	0.79	0.00
2	2	0.00	0.04	0.51	1.20	0.00
2	6	0.00	0.00	0.79	0.79	0.00
3	3	0.00	0.00	0.38	0.80	0.00
3	7	0.00	0.00	0.35	0.99	0.00
Core	CPU	C1%	C3%	C6%	C8%	C9%
-	-	0.00	0.32	0.42	1.72	0.00
0	0	0.00	0.00	0.39	2.07	0.00
0	4	0.00	0.00	0.55	1.87	0.00
1	1	0.00	0.00	0.34	1.97	0.00
1	5	0.00	0.00	0.78	1.97	0.00
2	2	0.00	0.02	0.49	2.08	0.00
2	6	0.00	0.00	0.47	1.77	0.00
3	3	0.00	2.57	0.13	0.03	0.00
3	7	0.00	0.00	0.23	1.98	0.00
Core	CPU	C1%	C3%	C6%	C8%	C9%
-	-	0.00	0.00	0.59	1.01	0.00
0	0	0.00	0.00	1.13	2.49	0.00
0	4	0.00	0.00	0.45	0.59	0.00
1	1	0.00	0.00	0.82	0.30	0.00
1	5	0.00	0.01	0.53	0.00	0.00
2	2	0.00	0.02	0.59	1.19	0.00
2	6	0.00	0.00	0.36	1.19	0.00
3	3	0.00	0.00	0.62	1.45	0.00
3	7	0.00	0.00	0.20	0.90	0.00
Core	CPU	C1%	C3%	C6%	C8%	C9%
-	-	0.00	0.00	0.57	1.41	0.00
0	0	0.00	0.00	0.35	0.59	0.00
0	4	0.00	0.00	0.26	0.87	0.00
1	1	0.00	0.00	0.74	0.89	0.00
1	5	0.00	0.00	0.84	1.50	0.00
2	2	0.00	0.01	0.65	0.99	0.00
2	6	0.00	0.00	0.53	2.29	0.00
3	3	0.00	0.00	0.47	1.87	0.00
3	7	0.00	0.02	0.74	2.29	0.00
Core	CPU	C1%	C3%	C6%	C8%	C9%
-	-	0.00	0.02	0.41	0.70	0.00
0	0	0.00	0.02	0.28	0.40	0.00
0	4	0.00	0.00	0.10	0.40	0.00
1	1	0.00	0.00	0.27	1.09	0.00
1	5	0.00	0.00	0.36	0.78	0.00
2	2	0.00	0.03	0.92	0.59	0.00
2	6	0.00	0.00	0.29	0.90	0.00
3	3	0.00	0.00	0.38	0.72	0.00
3	7	0.00	0.13	0.72	0.69	0.00
Core	CPU	C1%	C3%	C6%	C8%	C9%
-	-	0.00	0.01	0.72	0.77	0.00
0	0	0.00	0.00	0.76	1.19	0.00
0	4	0.00	0.00	0.53	1.60	0.00
1	1	0.00	0.00	0.71	0.00	0.00
1	5	0.00	0.00	0.83	0.07	0.00
2	2	0.00	0.05	0.45	0.99	0.00
2	6	0.00	0.00	0.64	0.90	0.00
3	3	0.00	0.00	0.83	1.02	0.00
3	7	0.00	0.01	0.99	0.40	0.00
Core	CPU	C1%	C3%	C6%	C8%	C9%
-	-	0.00	0.02	0.54	0.81	0.00
0	0	0.00	0.00	0.61	1.10	0.00
0	4	0.00	0.07	0.52	0.50	0.00
1	1	0.00	0.01	0.31	0.60	0.00
1	5	0.00	0.00	0.29	0.79	0.00
2	2	0.00	0.05	1.14	0.88	0.00
2	6	0.00	0.05	0.73	0.59	0.00
3	3	0.00	0.00	0.41	1.06	0.00
3	7	0.03	0.01	0.29	0.99	0.00
Core	CPU	C1%	C3%	C6%	C8%	C9%
-	-	0.00	0.33	1.09	1.04	0.00
0	0	0.00	0.00	0.92	0.59	0.00
0	4	0.00	0.02	1.14	1.39	0.00
1	1	0.00	0.00	1.44	1.08	0.00
1	5	0.00	0.00	1.01	1.77	0.00
2	2	0.00	0.02	1.52	1.08	0.00
2	6	0.00	0.02	1.62	0.99	0.00
3	3	0.00	2.57	0.11	0.13	0.00
3	7	0.00	0.00	0.96	1.29	0.00
Core	CPU	C1%	C3%	C6%	C8%	C9%
-	-	0.00	0.00	0.33	0.84	0.00
0	0	0.00	0.00	0.10	0.60	0.00
0	4	0.00	0.00	0.28	0.88	0.00
1	1	0.00	0.00	0.45	0.69	0.00
1	5	0.02	0.00	0.23	0.99	0.00
2	2	0.00	0.02	0.49	1.20	0.00
2	6	0.00	0.00	0.29	0.78	0.00
3	3	0.00	0.00	0.46	0.59	0.00
3	7	0.00	0.00	0.32	0.99	0.00
Core	CPU	C1%	C3%	C6%	C8%	C9%
-	-	0.00	0.00	0.39	0.86	0.00
0	0	0.00	0.00	0.18	0.79	0.00
0	4	0.00	0.00	0.59	1.19	0.00
1	1	0.00	0.00	0.20	0.63	0.00
1	5	0.00	0.00	0.49	0.00	0.00
2	2	0.00	0.02	0.40	0.50	0.00
2	6	0.00	0.00	0.45	1.69	0.00
3	3	0.00	0.00	0.27	1.10	0.00
3	7	0.00	0.00	0.54	0.99	0.00
Core	CPU	C1%	C3%	C6%	C8%	C9%
-	-	0.00	0.01	0.72	0.91	0.00
0	0	0.00	0.01	0.79	1.08	0.00
0	4	0.00	0.00	0.37	0.79	0.00
1	1	0.00	0.01	1.10	1.32	0.00
1	5	0.00	0.00	0.12	0.99	0.00
2	2	0.00	0.00	0.58	0.99	0.00
2	6	0.00	0.01	0.59	0.99	0.00
3	3	0.00	0.00	0.74	0.45	0.00
3	7	0.00	0.01	1.47	0.68	0.00
Core	CPU	C1%	C3%	C6%	C8%	C9%
-	-	0.00	0.00	0.54	0.56	0.00
0	0	0.00	0.00	0.54	0.10	0.00
0	4	0.00	0.00	0.70	0.21	0.00
1	1	0.00	0.00	0.49	0.01	0.00
1	5	0.00	0.00	0.83	0.90	0.00
2	2	0.00	0.00	0.44	0.80	0.00
2	6	0.00	0.01	0.64	0.89	0.00
3	3	0.00	0.00	0.38	0.79	0.00
3	7	0.00	0.00	0.28	0.80	0.00
Core	CPU	C1%	C3%	C6%	C8%	C9%
-	-	0.04	0.00	0.48	1.11	0.00
0	0	0.00	0.02	0.21	0.99	0.00
0	4	0.00	0.00	0.55	2.19	0.00
1	1	0.00	0.00	0.36	1.08	0.00
1	5	0.00	0.00	0.36	0.79	0.00
2	2	0.00	0.00	0.50	1.30	0.00
2	6	0.00	0.01	1.02	0.68	0.00
3	3	0.35	0.00	0.50	1.16	0.00
3	7	0.00	0.00	0.35	0.69	0.00
Core	CPU	C1%	C3%	C6%	C8%	C9%
-	-	0.00	0.08	0.75	0.69	0.00
0	0	0.00	0.00	0.28	0.99	0.00
0	4	0.00	0.00	0.45	0.69	0.00
1	1	0.00	0.00	0.92	0.78	0.00
1	5	0.00	0.01	1.66	0.78	0.00
2	2	0.00	0.00	0.97	0.79	0.00
2	6	0.00	0.02	0.95	0.79	0.00
3	3	0.00	0.62	0.11	0.00	0.00
3	7	0.00	0.00	0.68	0.70	0.00
Core	CPU	C1%	C3%	C6%	C8%	C9%
-	-	0.00	0.00	0.43	1.00	0.01
0	0	0.00	0.00	0.62	1.98	0.00
0	4	0.00	0.00	0.23	1.08	0.00
1	1	0.00	0.00	0.00	0.50	0.06
1	5	0.00	0.02	0.39	1.09	0.00
2	2	0.00	0.00	0.36	0.79	0.00
2	6	0.00	0.00	0.47	1.20	0.00
3	3	0.00	0.02	1.09	0.38	0.00
3	7	0.00	0.00	0.29	0.99	0.00
Core	CPU	C1%	C3%	C6%	C8%	C9%
-	-	0.00	0.00	0.57	0.92	0.00
0	0	0.00	0.00	0.12	0.50	0.00
0	4	0.00	0.00	0.17	0.88	0.00
1	1	0.00	0.00	0.66	1.09	0.00
1	5	0.00	0.00	1.71	0.79	0.00
2	2	0.00	0.01	0.78	1.31	0.00
2	6	0.00	0.01	0.29	0.89	0.00
3	3	0.00	0.00	0.29	0.89	0.00
3	7	0.00	0.00	0.54	0.99	0.00
Core	CPU	C1%	C3%	C6%	C8%	C9%
-	-	0.00	0.04	0.51	4.46	0.00
0	0	0.00	0.00	0.28	0.80	0.00
0	4	0.00	0.00	0.40	0.70	0.00
1	1	0.00	0.05	0.31	0.90	0.00
1	5	0.00	0.00	0.41	1.10	0.00
2	2	0.00	0.00	0.59	1.12	0.00
2	6	0.00	0.00	0.45	1.01	0.00
3	3	0.00	0.00	0.53	0.81	0.00
3	7	0.01	0.29	1.14	29.30	0.00
Core	CPU	C1%	C3%	C6%	C8%	C9%
-	-	0.00	0.01	0.33	0.84	0.00
0	0	0.00	0.00	0.37	0.89	0.00
0	4	0.00	0.00	0.19	0.89	0.00
1	1	0.00	0.02	0.00	0.69	0.00
1	5	0.00	0.00	0.66	0.99	0.00
2	2	0.00	0.04	0.56	0.99	0.00
2	6	0.00	0.00	0.36	0.79	0.00
3	3	0.00	0.00	0.23	1.46	0.00
3	7	0.00	0.03	0.30	0.00	0.00
Core	CPU	C1%	C3%	C6%	C8%	C9%
-	-	0.00	0.00	0.54	1.03	0.00
0	0	0.00	0.00	0.37	0.90	0.00
0	4	0.00	0.00	0.21	0.88	0.00
1	1	0.00	0.00	0.78	0.90	0.00
1	5	0.00	0.00	0.89	1.49	0.00
2	2	0.00	0.00	0.34	0.79	0.00
2	6	0.00	0.01	0.75	1.20	0.00
3	3	0.00	0.00	0.38	1.30	0.00
3	7	0.00	0.00	0.56	0.79	0.00
Core	CPU	C1%	C3%	C6%	C8%	C9%
-	-	0.00	0.32	0.57	1.60	0.00
0	0	0.00	0.00	0.69	1.58	0.00
0	4	0.00	0.01	0.52	1.99	0.00
1	1	0.00	0.00	0.45	1.87	0.00
1	5	0.00	0.00	0.89	1.87	0.00
2	2	0.00	0.06	0.66	1.88	0.00
2	6	0.00	0.00	0.39	1.77	0.00
3	3	0.00	2.47	0.13	0.02	0.00
3	7	0.00	0.00	0.82	1.79	0.00
Core	CPU	C1%	C3%	C6%	C8%	C9%
-	-	0.00	0.01	0.64	0.73	0.00
0	0	0.00	0.00	0.28	0.89	0.00
0	4	0.00	0.03	0.36	1.18	0.00
1	1	0.00	0.00	0.81	0.59	0.00
1	5	0.00	0.00	0.50	0.19	0.00
2	2	0.00	0.00	1.20	0.40	0.00
2	6	0.00	0.00	0.36	1.00	0.00
3	3	0.00	0.00	0.84	0.84	0.00
3	7	0.00	0.01	0.79	0.79	0.00
Core	CPU	C1%	C3%	C6%	C8%	C9%
-	-	0.00	0.01	0.42	0.85	0.07
0	0	0.00	0.00	0.46	0.49	0.00
0	4	0.00	0.01	0.38	1.49	0.57
1	1	0.00	0.01	0.30	0.30	0.00
1	5	0.00	0.00	0.75	0.99	0.00
2	2	0.00	0.06	0.64	0.89	0.00
2	6	0.00	0.00	0.15	1.08	0.00
3	3	0.00	0.02	0.39	0.78	0.00
3	7	0.00	0.00	0.29	0.79	0.00
Core	CPU	C1%	C3%	C6%	C8%	C9%
-	-	0.00	0.00	0.62	0.93	0.00
0	0	0.00	0.00	0.50	1.89	0.00
0	4	0.00	0.00	0.67	0.39	0.00
1	1	0.00	0.00	0.37	0.89	0.00
1	5	0.00	0.00	0.36	0.79	0.00
2	2	0.00	0.01	1.13	1.08	0.00
2	6	0.00	0.01	0.89	0.40	0.00
3	3	0.00	0.00	0.57	1.41	0.00
3	7	0.00	0.00	0.45	0.60	0.00
Core	CPU	C1%	C3%	C6%	C8%	C9%
-	-	0.00	0.01	0.44	0.96	0.00
0	0	0.00	0.00	0.27	1.09	0.00
0	4	0.00	0.00	0.44	0.81	0.00
1	1	0.00	0.00	0.23	0.90	0.00
1	5	0.00	0.02	0.74	0.90	0.00
2	2	0.00	0.00	0.50	0.99	0.00
2	6	0.00	0.00	0.45	0.71	0.00
3	3	0.00	0.00	0.37	1.05	0.00
3	7	0.00	0.03	0.51	1.21	0.00
Core	CPU	C1%	C3%	C6%	C8%	C9%
-	-	0.00	0.00	0.36	0.77	0.00
0	0	0.00	0.00	0.35	0.70	0.00
0	4	0.00	0.00	0.36	1.00	0.00
1	1	0.00	0.02	0.27	0.71	0.00
1	5	0.00	0.00	0.18	0.41	0.00
2	2	0.00	0.01	0.65	1.00	0.00
2	6	0.00	0.00	0.43	0.71	0.00
3	3	0.00	0.00	0.30	0.89	0.00
3	7	0.00	0.00	0.37	0.70	0.00
Core	CPU	C1%	C3%	C6%	C8%	C9%
-	-	0.00	0.33	0.68	1.30	0.00
0	0	0.00	0.00	0.22	1.38	0.00
0	4	0.00	0.00	0.20	1.68	0.00
1	1	0.00	0.00	0.67	1.67	0.00
1	5	0.00	0.00	1.01	1.77	0.00
2	2	0.00	0.00	1.21	0.98	0.00
2	6	0.00	0.04	1.37	1.00	0.00
3	3	0.00	2.57	0.13	0.10	0.00
3	7	0.00	0.00	0.61	1.79	0.00
Core	CPU	C1%	C3%	C6%	C8%	C9%
-	-	0.00	0.01	0.46	1.20	0.00
0	0	0.00	0.00	0.64	1.60	0.00
0	4	0.00	0.00	0.37	1.59	0.00
1	1	0.00	0.00	0.45	0.70	0.00
1	5	0.00	0.00	0.37	1.30	0.00
2	2	0.00	0.01	0.39	0.80	0.00
2	6	0.00	0.00	0.61	0.91	0.00
3	3	0.00	0.00	0.46	1.21	0.00
3	7	0.00	0.05	0.37	1.49	0.00
Core	CPU	C1%	C3%	C6%	C8%	C9%
-	-	0.00	0.00	0.53	0.74	0.00
0	0	0.00	0.00	0.27	1.08	0.00
0	4	0.00	0.00	0.58	0.90	0.00
1	1	0.00	0.00	0.30	0.40	0.00
1	5	0.00	0.00	0.04	0.40	0.00
2	2	0.00	0.00	0.37	1.09	0.00
2	6	0.00	0.02	0.76	0.79	0.00
3	3	0.00	0.00	0.82	0.46	0.00
3	7	0.00	0.02	1.06	0.80	0.00
Core	CPU	C1%	C3%	C6%	C8%	C9%
-	-	0.00	0.01	0.35	0.81	0.00
0	0	0.00	0.00	0.38	0.50	0.00
0	4	0.00	0.00	0.13	0.99	0.00
1	1	0.00	0.00	0.10	0.79	0.00
1	5	0.00	0.00	0.28	0.89	0.00
2	2	0.00	0.00	0.15	1.08	0.00
2	6	0.00	0.06	0.51	0.99	0.00
3	3	0.00	0.00	0.29	0.90	0.00
3	7	0.00	0.00	0.94	0.31	0.00
Core	CPU	C1%	C3%	C6%	C8%	C9%
-	-	0.00	0.01	0.39	0.82	0.00
0	0	0.00	0.00	0.20	0.30	0.00
0	4	0.00	0.00	0.29	0.89	0.00
1	1	0.00	0.00	0.36	0.79	0.00
1	5	0.00	0.00	0.80	1.09	0.00
2	2	0.00	0.01	0.29	0.90	0.00
2	6	0.00	0.04	0.57	0.89	0.00
3	3	0.00	0.00	0.36	0.73	0.00
3	7	0.00	0.00	0.24	0.99	0.00
Core	CPU	C1%	C3%	C6%	C8%	C9%
-	-	0.00	0.00	0.52	0.90	0.00
0	0	0.00	0.01	0.94	1.01	0.00
0	4	0.00	0.00	0.53	0.90	0.00
1	1	0.00	0.00	0.21	0.50	0.00
1	5	0.00	0.00	0.18	0.31	0.00
2	2	0.00	0.00	0.64	1.02	0.00
2	6	0.00	0.00	0.94	0.82	0.00
3	3	0.00	0.00	0.30	1.36	0.00
3	7	0.00	0.00	0.37	1.30	0.00
Core	CPU	C1%	C3%	C6%	C8%	C9%
-	-	0.00	0.34	0.66	1.53	0.00
0	0	0.00	0.00	0.54	1.08	0.00
0	4	0.00	0.02	0.88	1.09	0.00
1	1	0.00	0.00	0.68	1.97	0.00
1	5	0.00	0.00	1.73	1.97	0.00
2	2	0.00	0.00	0.35	2.18	0.00
2	6	0.00	0.02	0.62	1.97	0.00
3	3	0.00	2.65	0.10	0.10	0.00
3	7	0.00	0.00	0.37	1.89	0.00
Core	CPU	C1%	C3%	C6%	C8%	C9%
-	-	0.00	0.01	0.61	0.78	0.00
0	0	0.00	0.02	0.40	0.99	0.00
0	4	0.00	0.00	0.20	0.90	0.00
1	1	0.00	0.00	0.66	0.99	0.00
1	5	0.00	0.00	0.36	0.79	0.00
2	2	0.00	0.04	1.30	0.79	0.00
2	6	0.00	0.01	0.99	0.40	0.00
3	3	0.00	0.00	0.48	0.69	0.00
3	7	0.00	0.00	0.48	0.70	0.00
Core	CPU	C1%	C3%	C6%	C8%	C9%
-	-	0.00	0.00	0.57	1.21	0.00
0	0	0.00	0.00	0.37	1.11	0.00
0	4	0.00	0.00	0.36	1.00	0.00
1	1	0.00	0.00	0.28	0.91	0.00
1	5	0.00	0.00	1.19	1.30	0.00
2	2	0.00	0.03	0.97	1.49	0.00
2	6	0.00	0.00	0.52	1.11	0.00
3	3	0.00	0.00	0.36	1.21	0.00
3	7	0.00	0.00	0.53	1.59	0.00
Core	CPU	C1%	C3%	C6%	C8%	C9%
-	-	0.00	0.01	0.76	1.18	0.00
0	0	0.00	0.00	0.46	1.78	0.00
0	4	0.00	0.00	1.03	1.49	0.00
1	1	0.00	0.00	0.25	1.28	0.00
1	5	0.00	0.00	0.23	1.38	0.00
2	2	0.00	0.03	1.47	0.50	0.00
2	6	0.00	0.00	0.37	1.28	0.00
3	3	0.00	0.00	1.23	1.13	0.00
3	7	0.00	0.02	1.08	0.59	0.00
Core	CPU	C1%	C3%	C6%	C8%	C9%
-	-	0.00	0.01	0.52	0.70	0.00
0	0	0.00	0.00	0.85	0.49	0.00
0	4	0.00	0.00	0.37	0.70	0.00
1	1	0.00	0.01	0.30	0.30	0.00
1	5	0.00	0.00	0.75	0.98	0.00
2	2	0.00	0.00	0.76	0.39	0.00
2	6	0.00	0.01	0.45	1.20	0.00
3	3	0.00	0.02	0.29	0.87	0.00
3	7	0.00	0.00	0.39	0.69	0.00
Core	CPU	C1%	C3%	C6%	C8%	C9%
-	-	0.00	0.01	0.64	0.74	0.00
0	0	0.00	0.00	0.62	0.49	0.00
0	4	0.00	0.00	0.68	0.20	0.00
1	1	0.00	0.00	0.57	1.09	0.00
1	5	0.00	0.00	0.36	1.08	0.00
2	2	0.00	0.00	1.12	0.60	0.00
2	6	0.00	0.05	1.09	0.87	0.00
3	3	0.00	0.00	0.39	0.81	0.00
3	7	0.00	0.00	0.26	0.79	0.00
Core	CPU	C1%	C3%	C6%	C8%	C9%
-	-	0.00	0.34	0.72	1.59	0.00
0	0	0.00	0.00	0.68	1.87	0.00
0	4	0.00	0.00	0.56	1.77	0.00
1	1	0.00	0.00	0.93	1.87	0.00
1	5	0.00	0.10	0.88	1.97	0.00
2	2	0.00	0.00	0.30	2.17	0.00
2	6	0.00	0.01	1.28	1.38	0.00
3	3	0.00	2.57	0.13	0.03	0.00
3	7	0.00	0.00	1.01	1.69	0.00
Core	CPU	C1%	C3%	C6%	C8%	C9%
-	-	0.00	0.02	0.53	4.28	0.00
0	0	0.00	0.00	0.58	1.11	0.00
0	4	0.00	0.00	0.24	0.50	0.00
1	1	0.00	0.00	0.36	0.50	0.00
1	5	0.00	0.00	0.10	0.99	0.00
2	2	0.00	0.00	0.27	0.99	0.00
2	6	0.00	0.02	0.74	0.80	0.00
3	3	0.00	0.00	0.61	0.97	0.00
3	7	0.02	0.15	1.31	28.39	0.00
Core	CPU	C1%	C3%	C6%	C8%	C9%
-	-	0.00	0.01	0.41	0.77	0.00
0	0	0.00	0.00	0.05	0.59	0.00
0	4	0.00	0.00	0.13	0.80	0.00
1	1	0.00	0.00	0.10	0.40	0.00
1	5	0.00	0.00	0.45	0.99	0.00
2	2	0.00	0.00	0.25	0.89	0.00
2	6	0.00	0.06	1.18	0.90	0.00
3	3	0.00	0.00	0.38	0.79	0.00
3	7	0.00	0.00	0.77	0.79	0.00
Core	CPU	C1%	C3%	C6%	C8%	C9%
-	-	0.00	0.01	0.34	0.76	0.00
0	0	0.00	0.02	0.29	0.20	0.00
0	4	0.00	0.00	0.28	0.90	0.00
1	1	0.00	0.00	0.35	0.90	0.00
1	5	0.00	0.00	0.23	0.90	0.00
2	2	0.00	0.02	0.37	0.91	0.00
2	6	0.00	0.01	0.58	0.91	0.00
3	3	0.00	0.00	0.35	0.74	0.00
3	7	0.00	0.00	0.23	0.61	0.00
Core	CPU	C1%	C3%	C6%	C8%	C9%
-	-	0.00	0.00	0.42	0.70	0.00
0	0	0.00	0.00	0.27	0.80	0.00
0	4	0.00	0.00	0.44	0.99	0.00
1	1	0.00	0.00	0.13	0.39	0.00
1	5	0.00	0.00	0.18	0.60	0.00
2	2	0.00	0.00	0.37	0.99	0.00
2	6	0.00	0.01	0.76	0.79	0.00
3	3	0.00	0.00	0.63	0.55	0.00
3	7	0.00	0.00	0.60	0.50	0.00
Core	CPU	C1%	C3%	C6%	C8%	C9%
-	-	0.00	0.00	0.47	1.30	0.00
0	0	0.00	0.00	0.62	1.69	0.00
0	4	0.00	0.00	0.22	0.99	0.00
1	1	0.00	0.00	0.37	1.50	0.00
1	5	0.00	0.00	0.36	0.91	0.00
2	2	0.00	0.00	0.53	0.81	0.00
2	6	0.00	0.00	0.77	1.60	0.00
3	3	0.00	0.00	0.45	1.61	0.00
3	7	0.00	0.00	0.45	1.29	0.00
Core	CPU	C1%	C3%	C6%	C8%	C9%
-	-	0.00	0.32	0.55	1.57	0.00
0	0	0.00	0.00	0.69	1.58	0.00
0	4	0.00	0.00	1.16	1.57	0.00
1	1	0.00	0.00	0.55	1.67	0.00
1	5	0.00	0.00	0.51	1.87	0.00
2	2	0.00	0.00	0.39	1.86	0.00
2	6	0.00	0.02	0.75	1.98	0.00
3	3	0.00	2.57	0.13	0.04	0.00
3	7	0.00	0.00	0.23	1.98	0.00
Core	CPU	C1%	C3%	C6%	C8%	C9%
-	-	0.00	0.00	0.40	0.85	0.00
0	0	0.00	0.00	0.45	0.99	0.00
0	4	0.00	0.00	0.42	0.90	0.00
1	1	0.00	0.00	0.21	0.31	0.00
1	5	0.00	0.00	0.09	0.50	0.00
2	2	0.00	0.00	0.45	1.20	0.00
2	6	0.00	0.01	0.84	1.20	0.00
3	3	0.00	0.00	0.41	0.88	0.00
3	7	0.00	0.00	0.29	0.79	0.00
Core	CPU	C1%	C3%	C6%	C8%	C9%
-	-	0.00	0.00	0.52	0.84	0.00
0	0	0.00	0.00	0.72	0.00	0.00
0	4	0.00	0.01	0.79	0.79	0.00
1	1	0.00	0.00	0.44	0.79	0.00
1	5	0.00	0.00	0.44	0.99	0.00
2	2	0.00	0.00	0.72	1.27	0.00
2	6	0.00	0.02	0.29	1.29	0.00
3	3	0.00	0.00	0.39	0.80	0.00
3	7	0.00	0.00	0.37	0.79	0.00
Core	CPU	C1%	C3%	C6%	C8%	C9%
-	-	0.00	0.00	0.37	0.94	0.00
0	0	0.00	0.00	0.53	0.72	0.00
0	4	0.00	0.00	0.37	0.80	0.00
1	1	0.00	0.00	0.34	0.90	0.00
1	5	0.00	0.00	0.22	0.90	0.00
2	2	0.00	0.01	0.47	1.19	0.00
2	6	0.00	0.00	0.37	1.00	0.00
3	3	0.00	0.00	0.44	1.03	0.00
3	7	0.00	0.00	0.22	1.00	0.00
Core	CPU	C1%	C3%	C6%	C8%	C9%
-	-	0.01	0.00	0.47	0.96	0.00
0	0	0.00	0.00	0.53	1.01	0.00
0	4	0.00	0.00	0.55	1.11	0.00
1	1	0.00	0.02	0.27	0.81	0.00
1	5	0.00	0.00	0.26	0.81	0.00
2	2	0.00	0.02	0.85	1.01	0.00
2	6	0.00	0.00	0.52	1.01	0.00
3	3	0.00	0.00	0.30	0.96	0.00
3	7	0.08	0.00	0.44	0.92	0.00
Core	CPU	C1%	C3%	C6%	C8%	C9%
-	-	0.00	0.00	0.35	1.00	0.00
0	0	0.00	0.00	0.24	1.18	0.00
0	4	0.00	0.00	0.30	1.19	0.00
1	1	0.00	0.00	0.10	0.89	0.00
1	5	0.00	0.00	0.28	0.89	0.00
2	2	0.00	0.00	0.90	0.79	0.00
2	6	0.00	0.01	0.44	1.39	0.00
3	3	0.00	0.00	0.29	0.89	0.00
3	7	0.00	0.00	0.27	0.79	0.00
Core	CPU	C1%	C3%	C6%	C8%	C9%
-	-	0.00	0.31	0.52	1.57	0.00
0	0	0.00	0.00	0.20	1.28	0.00
0	4	0.00	0.00	0.48	1.67	0.00
1	1	0.00	0.00	0.46	1.67	0.00
1	5	0.00	0.00	1.11	1.57	0.00
2	2	0.00	0.01	0.91	2.37	0.00
2	6	0.00	0.00	0.62	2.06	0.00
3	3	0.00	2.47	0.13	0.03	0.00
3	7	0.00	0.00	0.24	1.89	0.00
Core	CPU	C1%	C3%	C6%	C8%	C9%
-	-	0.00	0.00	0.55	0.88	0.00
0	0	0.00	0.00	0.46	1.11	0.00
0	4	0.00	0.00	0.55	0.98	0.00
1	1	0.00	0.00	0.75	0.54	0.00
1	5	0.00	0.00	0.69	0.39	0.00
2	2	0.00	0.00	0.19	0.99	0.00
2	6	0.00	0.02	0.77	1.19	0.00
3	3	0.00	0.00	0.72	0.86	0.00
3	7	0.00	0.01	0.29	1.00	0.00
Core	CPU	C1%	C3%	C6%	C8%	C9%
-	-	0.00	0.01	0.34	0.91	0.00
0	0	0.00	0.00	0.04	0.59	0.00
0	4	0.00	0.02	0.10	0.70	0.00
1	1	0.00	0.00	0.20	0.98	0.00
1	5	0.00	0.00	0.35	0.99	0.00
2	2	0.00	0.00	0.25	1.19	0.00
2	6	0.00	0.06	0.59	1.48	0.00
3	3	0.00	0.00	0.29	0.99	0.00
3	7	0.00	0.00	0.87	0.39	0.00
Core	CPU	C1%	C3%	C6%	C8%	C9%
-	-	0.00	0.00	0.47	0.87	0.00
0	0	0.00	0.01	0.48	0.40	0.00
0	4	0.00	0.00	0.50	1.21	0.00
1	1	0.00	0.00	0.36	0.89	0.00
1	5	0.00	0.00	0.45	1.31	0.00
2	2	0.00	0.02	0.29	0.80	0.00
2	6	0.00	0.00	1.11	0.60	0.00
3	3	0.00	0.00	0.46	1.03	0.00
3	7	0.00	0.00	0.14	0.69	0.00
Core	CPU	C1%	C3%	C6%	C8%	C9%
-	-	0.00	0.00	0.55	1.18	0.00
0	0	0.00	0.00	0.26	1.19	0.00
0	4	0.00	0.00	0.43	0.61	0.00
1	1	0.00	0.00	0.39	0.90	0.00
1	5	0.00	0.00	0.75	1.82	0.00
2	2	0.00	0.00	0.45	0.90	0.00
2	6	0.00	0.02	0.92	1.21	0.00
3	3	0.00	0.00	0.48	1.57	0.00
3	7	0.00	0.00	0.72	1.23	0.00
Core	CPU	C1%	C3%	C6%	C8%	C9%
-	-	0.00	0.00	0.50	0.85	0.00
0	0	0.00	0.00	0.42	0.99	0.00
0	4	0.00	0.00	0.11	0.59	0.00
1	1	0.00	0.00	0.00	0.60	0.00
1	5	0.00	0.00	0.41	1.19	0.00
2	2	0.00	0.00	0.35	0.89	0.00
2	6	0.00	0.02	1.03	0.60	0.00
3	3	0.00	0.00	0.84	1.30	0.00
3	7	0.00	0.00	0.86	0.69	0.00
Core	CPU	C1%	C3%	C6%	C8%	C9%
-	-	0.00	0.26	0.67	1.52	0.04
0	0	0.00	0.00	0.20	1.28	0.00
0	4	0.00	0.00	0.58	1.48	0.00
1	1	0.00	0.00	1.14	1.67	0.00
1	5	0.00	0.03	1.01	1.48	0.00
2	2	0.00	0.02	1.19	2.07	0.00
2	6	0.00	0.00	0.77	1.48	0.00
3	3	0.00	2.00	0.13	0.82	0.34
3	7	0.00	0.00	0.34	1.89	0.00
Core	CPU	C1%	C3%	C6%	C8%	C9%
-	-	0.00	0.00	0.56	0.88	0.00
0	0	0.00	0.00	0.37	1.48	0.00
0	4	0.00	0.00	0.35	1.09	0.00
1	1	0.00	0.00	0.82	0.78	0.00
1	5	0.00	0.01	0.89	0.79	0.00
2	2	0.00	0.01	0.89	0.71	0.00
2	6	0.00	0.00	0.36	0.89	0.00
3	3	0.00	0.00	0.51	0.47	0.00
3	7	0.00	0.00	0.29	0.80	0.00
Core	CPU	C1%	C3%	C6%	C8%	C9%
-	-	0.00	0.00	0.40	0.84	0.00
0	0	0.00	0.00	0.14	0.50	0.00
0	4	0.00	0.00	0.16	0.70	0.00
1	1	0.00	0.00	0.39	0.59	0.00
1	5	0.00	0.00	0.53	0.99	0.00
2	2	0.00	0.01	0.75	1.18	0.00
2	6	0.00	0.00	0.32	1.30	0.00
3	3	0.00	0.00	0.62	0.50	0.00
3	7	0.00	0.00	0.28	0.99	0.00
Core	CPU	C1%	C3%	C6%	C8%	C9%
-	-	0.00	0.01	0.43	0.87	0.00
0	0	0.00	0.02	0.42	0.60	0.00
0	4	0.00	0.00	0.10	0.79	0.00
1	1	0.00	0.00	0.37	0.89	0.00
1	5	0.00	0.00	0.15	0.99	0.00
2	2	0.00	0.06	1.07	0.89	0.00
2	6	0.00	0.00	0.19	1.09	0.00
3	3	0.00	0.00	0.46	1.02	0.00
3	7	0.00	0.00	0.72	0.69	0.00
Core	CPU	C1%	C3%	C6%	C8%	C9%
-	-	0.00	0.00	0.48	0.98	0.00
0	0	0.00	0.00	0.26	1.19	0.00
0	4	0.00	0.00	0.43	0.61	0.00
1	1	0.00	0.00	0.39	1.01	0.00
1	5	0.00	0.00	0.53	1.02	0.00
2	2	0.00	0.00	0.86	1.11	0.00
2	6	0.00	0.00	0.66	1.12	0.00
3	3	0.00	0.00	0.39	0.87	0.00
3	7	0.00	0.00	0.37	0.92	0.00
Core	CPU	C1%	C3%	C6%	C8%	C9%
-	-	0.00	0.03	0.54	4.43	0.00
0	0	0.00	0.00	0.42	1.20	0.00
0	4	0.00	0.00	0.30	1.10	0.00
1	1	0.00	0.00	0.21	0.41	0.00
1	5	0.00	0.00	0.63	1.32	0.00
2	2	0.00	0.02	0.73	0.81	0.00
2	6	0.00	0.00	0.41	0.91	0.00
3	3	0.00	0.00	0.37	0.99	0.00
3	7	0.01	0.23	1.24	28.69	0.00
Core	CPU	C1%	C3%	C6%	C8%	C9%
-	-	0.00	0.33	0.74	1.41	0.00
0	0	0.00	0.01	0.79	1.19	0.00
0	4	0.00	0.00	0.29	1.97	0.00
1	1	0.00	0.00	0.47	1.98	0.00
1	5	0.00	0.00	0.66	1.87	0.00
2	2	0.00	0.00	1.43	1.39	0.00
2	6	0.00	0.04	1.32	1.38	0.00
3	3	0.00	2.57	0.11	0.11	0.00
3	7	0.00	0.00	0.86	1.39	0.00
Core	CPU	C1%	C3%	C6%	C8%	C9%
-	-	0.00	0.01	0.46	1.20	0.00
0	0	0.00	0.00	0.57	1.71	0.00
0	4	0.00	0.00	0.37	1.52	0.00
1	1	0.00	0.00	0.42	0.98	0.00
1	5	0.00	0.00	0.42	1.20	0.00
2	2	0.00	0.02	0.39	1.00	0.00
2	6	0.00	0.02	0.60	1.25	0.00
3	3	0.00	0.00	0.66	1.26	0.00
3	7	0.00	0.00	0.25	0.68	0.00
Core	CPU	C1%	C3%	C6%	C8%	C9%
-	-	0.00	0.01	0.65	0.97	0.00
0	0	0.00	0.00	0.28	0.91	0.00
0	4	0.00	0.00	0.48	1.10	0.00
1	1	0.00	0.02	0.43	0.91	0.00
1	5	0.00	0.00	0.99	0.91	0.00
2	2	0.00	0.00	0.41	1.02	0.00
2	6	0.00	0.05	0.58	0.92	0.00
3	3	0.00	0.01	0.89	1.18	0.00
3	7	0.00	0.00	1.12	0.81	0.00
Core	CPU	C1%	C3%	C6%	C8%	C9%
-	-	0.00	0.01	0.58	0.66	0.00
0	0	0.00	0.00	0.53	0.00	0.00
0	4	0.00	0.01	0.64	0.00	0.00
1	1	0.00	0.00	0.66	0.89	0.00
1	5	0.00	0.00	0.36	0.79	0.00
2	2	0.00	0.00	0.83	0.79	0.00
2	6	0.00	0.04	0.61	1.08	0.00
3	3	0.00	0.00	0.49	0.69	0.00
3	7	0.00	0.00	0.49	1.07	0.00
Core	CPU	C1%	C3%	C6%	C8%	C9%
-	-	0.00	0.00	0.51	0.87	0.00
0	0	0.00	0.00	0.49	0.90	0.00
0	4	0.00	0.00	0.38	0.89	0.00
1	1	0.00	0.00	0.55	0.80	0.00
1	5	0.00	0.00	0.51	0.69	0.00
2	2	0.00	0.03	0.49	1.30	0.00
2	6	0.00	0.00	0.19	0.89	0.00
3	3	0.00	0.00	0.75	0.83	0.00
3	7	0.00	0.00	0.71	0.69	0.00
Core	CPU	C1%	C3%	C6%	C8%	C9%
-	-	0.00	0.00	0.48	0.86	0.00
0	0	0.00	0.00	0.90	0.90	0.00
0	4	0.00	0.00	0.43	1.29	0.00
1	1	0.00	0.00	0.12	0.40	0.00
1	5	0.00	0.00	0.10	0.59	0.00
2	2	0.00	0.00	1.29	0.50	0.00
2	6	0.00	0.00	0.35	1.39	0.00
3	3	0.00	0.03	0.39	0.89	0.00
3	7	0.00	0.00	0.29	0.89	0.00
Core	CPU	C1%	C3%	C6%	C8%	C9%
-	-	0.00	0.19	0.47	0.77	0.00
0	0	0.00	0.00	0.21	0.70	0.00
0	4	0.00	0.00	0.10	0.89	0.00
1	1	0.00	0.00	0.56	1.08	0.00
1	5	0.00	0.00	0.44	0.89	0.00
2	2	0.00	0.01	1.24	0.78	0.00
2	6	0.00	0.01	0.89	0.59	0.00
3	3	0.00	1.48	0.13	0.00	0.00
3	7	0.00	0.00	0.19	1.22	0.00
Core	CPU	C1%	C3%	C6%	C8%	C9%
-	-	0.00	0.01	0.32	0.89	0.00
0	0	0.00	0.00	0.19	0.69	0.00
0	4	0.00	0.03	0.35	0.49	0.00
1	1	0.00	0.00	0.44	1.09	0.00
1	5	0.00	0.00	0.23	1.09	0.00
2	2	0.00	0.02	0.31	1.19	0.00
2	6	0.00	0.00	0.29	0.79	0.00
3	3	0.00	0.00	0.55	0.79	0.00
3	7	0.00	0.03	0.19	0.98	0.00
Core	CPU	C1%	C3%	C6%	C8%	C9%
-	-	0.00	0.00	0.56	0.85	0.00
0	0	0.00	0.00	0.46	0.69	0.00
0	4	0.00	0.00	0.23	0.69	0.00
1	1	0.00	0.02	0.69	0.50	0.00
1	5	0.00	0.00	0.66	1.09	0.00
2	2	0.00	0.01	1.36	0.61	0.00
2	6	0.00	0.00	0.44	0.99	0.00
3	3	0.00	0.00	0.41	1.00	0.00
3	7	0.00	0.00	0.24	1.20	0.00
Core	CPU	C1%	C3%	C6%	C8%	C9%
-	-	0.00	0.01	0.48	0.96	0.00
0	0	0.00	0.00	0.63	1.09	0.00
0	4	0.00	0.02	0.19	0.31	0.00
1	1	0.00	0.00	0.28	0.91	0.00
1	5	0.03	0.00	0.82	1.00	0.00
2	2	0.00	0.06	0.69	1.09	0.00
2	6	0.00	0.00	0.49	1.21	0.00
3	3	0.00	0.00	0.28	0.91	0.00
3	7	0.00	0.00	0.44	1.20	0.00
Core	CPU	C1%	C3%	C6%	C8%	C9%
-	-	0.00	0.00	0.53	0.79	0.00
0	0	0.00	0.00	0.19	0.69	0.00
0	4	0.00	0.00	0.20	0.98	0.00
1	1	0.00	0.00	0.37	0.89	0.00
1	5	0.00	0.00	0.73	0.49	0.00
2	2	0.00	0.01	1.23	0.88	0.00
2	6	0.00	0.01	0.89	0.50	0.00
3	3	0.00	0.00	0.25	1.10	0.00
3	7	0.00	0.01	0.37	0.79	0.00
Core	CPU	C1%	C3%	C6%	C8%	C9%
-	-	0.00	0.01	0.47	0.75	0.00
0	0	0.00	0.00	0.38	0.36	0.00
0	4	0.00	0.00	0.27	0.90	0.00
1	1	0.00	0.00	0.63	0.59	0.00
1	5	0.00	0.00	0.36	0.80	0.00
2	2	0.00	0.04	0.57	1.10	0.00
2	6	0.00	0.00	0.28	1.09	0.00
3	3	0.00	0.00	0.35	0.85	0.00
3	7	0.00	0.00	0.89	0.30	0.00
Core	CPU	C1%	C3%	C6%	C8%	C9%
-	-	0.00	0.37	0.53	1.61	0.00
0	0	0.00	0.00	0.26	1.28	0.00
0	4	0.00	0.00	0.24	1.18	0.00
1	1	0.00	0.01	0.39	1.18	0.00
1	5	0.00	0.01	1.03	1.87	0.00
2	2	0.00	0.00	0.79	1.88	0.00
2	6	0.00	0.00	0.35	1.97	0.00
3	3	0.00	2.87	0.29	0.56	0.00
3	7	0.00	0.10	0.91	2.97	0.00
Core	CPU	C1%	C3%	C6%	C8%	C9%
-	-	0.00	0.01	0.43	0.92	0.00
0	0	0.00	0.00	0.57	1.29	0.00
0	4	0.00	0.02	0.23	0.40	0.00
1	1	0.00	0.00	0.29	1.09	0.00
1	5	0.00	0.00	0.48	0.69	0.00
2	2	0.00	0.02	0.56	1.28	0.00
2	6	0.00	0.00	0.23	0.99	0.00
3	3	0.00	0.00	0.78	0.79	0.00
3	7	0.00	0.00	0.28	0.79	0.00
Core	CPU	C1%	C3%	C6%	C8%	C9%
-	-	0.00	0.01	0.47	0.99	0.00
0	0	0.00	0.01	0.20	0.40	0.00
0	4	0.00	0.00	0.33	1.17	0.00
1	1	0.00	0.00	0.51	1.48	0.00
1	5	0.00	0.00	0.59	1.09	0.00
2	2	0.00	0.02	0.79	0.79	0.00
2	6	0.00	0.01	0.52	1.09	0.00
3	3	0.00	0.00	0.46	1.10	0.00
3	7	0.00	0.02	0.35	0.79	0.00
Core	CPU	C1%	C3%	C6%	C8%	C9%
-	-	0.00	0.00	0.54	1.09	0.00
0	0	0.00	0.00	0.28	0.89	0.00
0	4	0.00	0.00	0.45	0.99	0.00
1	1	0.00	0.00	1.00	0.90	0.00
1	5	0.00	0.00	0.95	1.09	0.00
2	2	0.00	0.00	0.36	1.19	0.00
2	6	0.00	0.02	0.75	1.69	0.00
3	3	0.00	0.00	0.41	0.95	0.00
3	7	0.00	0.00	0.10	0.99	0.00
Core	CPU	C1%	C3%	C6%	C8%	C9%
-	-	0.10	0.01	0.36	0.70	0.00
0	0	0.00	0.00	0.05	0.59	0.00
0	4	0.00	0.00	0.20	0.69	0.00
1	1	0.79	0.00	0.00	0.00	0.00
1	5	0.00	0.00	0.28	0.90	0.00
2	2	0.00	0.00	0.30	1.18	0.00
2	6	0.00	0.05	1.10	0.40	0.00
3	3	0.00	0.00	0.69	0.98	0.00
3	7	0.00	0.00	0.24	0.89	0.00
Core	CPU	C1%	C3%	C6%	C8%	C9%
-	-	0.00	0.01	0.45	0.96	0.00
0	0	0.00	0.02	0.89	0.51	0.00
0	4	0.00	0.00	0.30	0.59	0.00
1	1	0.00	0.00	0.27	0.89	0.00
1	5	0.00	0.00	0.35	0.89	0.00
2	2	0.00	0.03	0.69	1.51	0.00
2	6	0.00	0.00	0.19	1.19	0.00
3	3	0.00	0.00	0.64	1.38	0.00
3	7	0.00	0.00	0.25	0.69	0.00
Core	CPU	C1%	C3%	C6%	C8%	C9%
-	-	0.00	0.33	0.48	1.67	0.00
0	0	0.00	0.00	0.67	1.97	0.00
0	4	0.00	0.00	0.55	1.88	0.00
1	1	0.00	0.00	0.34	2.07	0.00
1	5	0.00	0.00	0.31	2.07	0.00
2	2	0.00	0.05	1.36	1.28	0.00
2	6	0.00	0.00	0.29	1.97	0.00
3	3	0.00	2.57	0.12	0.11	0.00
3	7	0.00	0.00	0.24	1.99	0.00
Core	CPU	C1%	C3%	C6%	C8%	C9%
-	-	0.00	0.01	0.52	0.75	0.00
0	0	0.00	0.00	0.38	0.99	0.00
0	4	0.00	0.00	0.36	1.08	0.00
1	1	0.00	0.00	0.82	0.99	0.00
1	5	0.00	0.02	0.57	0.99	0.00
2	2	0.00	0.00	0.48	0.29	0.00
2	6	0.00	0.01	0.98	0.29	0.00
3	3	0.00	0.00	0.45	0.63	0.00
3	7	0.00	0.03	0.10	0.74	0.00
Core	CPU	C1%	C3%	C6%	C8%	C9%
-	-	0.12	0.02	0.46	0.70	0.00
0	0	0.00	0.00	0.36	1.09	0.00
0	4	0.00	0.00	0.24	1.28	0.00
1	1	0.00	0.12	0.00	0.40	0.00
1	5	0.79	0.00	0.08	0.00	0.00
2	2	0.00	0.00	0.28	0.89	0.00
2	6	0.00	0.04	1.03	0.61	0.00
3	3	0.00	0.00	0.88	0.84	0.00
3	7	0.16	0.01	0.79	0.50	0.00
Core	CPU	C1%	C3%	C6%	C8%	C9%
-	-	0.00	0.03	0.63	4.60	0.00
0	0	0.00	0.00	1.29	1.80	0.00
0	4	0.00	0.00	0.23	1.09	0.00
1	1	0.00	0.00	0.42	0.40	0.00
1	5	0.00	0.02	0.26	1.08	0.00
2	2	0.00	0.00	0.45	0.99	0.00
2	6	0.00	0.00	0.46	1.10	0.00
3	3	0.00	0.03	0.77	1.67	0.00
3	7	0.01	0.19	1.17	28.67	0.00
Core	CPU	C1%	C3%	C6%	C8%	C9%
-	-	0.00	0.01	0.38	0.72	0.00
0	0	0.00	0.02	0.20	0.40	0.00
0	4	0.00	0.00	0.10	0.40	0.00
1	1	0.00	0.00	0.36	0.99	0.00
1	5	0.00	0.00	0.43	0.79	0.00
2	2	0.00	0.00	0.12	1.09	0.00
2	6	0.00	0.05	0.38	1.10	0.00
3	3	0.00	0.00	0.67	0.51	0.00
3	7	0.00	0.00	0.75	0.49	0.00
Core	CPU	C1%	C3%	C6%	C8%	C9%
-	-	0.00	0.00	0.61	1.05	0.00
0	0	0.00	0.00	0.49	0.89	0.00
0	4	0.00	0.00	0.86	1.18	0.00
1	1	0.00	0.00	0.34	1.38	0.00
1	5	0.00	0.00	0.23	1.28	0.00
2	2	0.00	0.00	0.40	1.28	0.00
2	6	0.00	0.02	0.68	1.28	0.00
3	3	0.00	0.00	1.02	0.62	0.00
3	7	0.00	0.01	0.89	0.49	0.00
Core	CPU	C1%	C3%	C6%	C8%	C9%
-	-	0.00	0.35	0.48	1.49	0.00
0	0	0.00	0.00	0.95	1.28	0.00
0	4	0.00	0.00	0.24	1.38	0.00
1	1	0.00	0.01	0.89	1.09	0.00
1	5	0.00	0.00	0.38	1.97	0.00
2	2	0.00	0.05	0.64	1.98	0.00
2	6	0.00	0.00	0.45	1.87	0.00
3	3	0.00	2.77	0.12	0.23	0.00
3	7	0.00	0.00	0.20	2.09	0.00
Core	CPU	C1%	C3%	C6%	C8%	C9%
-	-	0.00	0.01	0.49	0.72	0.00
0	0	0.00	0.00	0.25	0.40	0.00
0	4	0.00	0.00	0.22	0.30	0.00
1	1	0.00	0.00	0.29	0.70	0.00
1	5	0.00	0.00	0.36	0.81	0.00
2	2	0.00	0.01	0.75	1.00	0.00
2	6	0.00	0.00	0.32	0.80	0.00
3	3	0.00	0.04	1.37	1.02	0.00
3	7	0.00	0.00	0.35	0.71	0.00
Core	CPU	C1%	C3%	C6%	C8%	C9%
-	-	0.00	0.00	0.38	0.86	0.08
0	0	0.00	0.00	0.49	0.11	0.00
0	4	0.00	0.00	0.31	1.01	0.00
1	1	0.00	0.00	0.35	0.90	0.00
1	5	0.00	0.00	0.41	1.29	0.00
2	2	0.00	0.01	0.50	1.18	0.00
2	6	0.00	0.00	0.28	1.09	0.00
3	3	0.00	0.00	0.51	0.63	0.60
3	7	0.00	0.00	0.22	0.70	0.00
Core	CPU	C1%	C3%	C6%	C8%	C9%
-	-	0.00	0.00	0.47	0.80	0.00
0	0	0.00	0.00	0.27	0.69	0.00
0	4	0.00	0.00	0.25	0.80	0.00
1	1	0.00	0.00	0.31	0.40	0.00
1	5	0.00	0.00	0.94	0.60	0.00
2	2	0.00	0.02	1.15	0.99	0.00
2	6	0.00	0.00	0.45	0.90	0.00
3	3	0.00	0.00	0.23	0.94	0.00
3	7	0.00	0.00	0.19	1.09	0.00
Core	CPU	C1%	C3%	C6%	C8%	C9%
-	-	0.00	0.00	0.47	0.83	0.00
0	0	0.00	0.00	0.25	0.79	0.00
0	4	0.00	0.00	0.28	1.28	0.00
1	1	0.00	0.00	0.38	0.40	0.00
1	5	0.00	0.00	0.57	0.99	0.00
2	2	0.00	0.00	0.97	0.69	0.00
2	6	0.00	0.00	0.83	0.79	0.00
3	3	0.00	0.02	0.39	0.76	0.00
3	7	0.00	0.00	0.10	0.99	0.00
Core	CPU	C1%	C3%	C6%	C8%	C9%
-	-	0.00	0.01	0.46	0.79	0.00
0	0	0.00	0.00	0.15	0.50	0.00
0	4	0.00	0.02	0.25	0.60	0.00
1	1	0.00	0.00	0.10	0.40	0.00
1	5	0.00	0.00	0.42	0.98	0.00
2	2	0.00	0.05	1.00	0.60	0.00
2	6	0.00	0.00	0.44	0.88	0.00
3	3	0.00	0.03	1.00	1.08	0.00
3	7	0.00	0.00	0.30	1.25	0.00
Core	CPU	C1%	C3%	C6%	C8%	C9%
-	-	0.00	0.32	0.62	1.36	0.00
0	0	0.00	0.02	0.30	1.09	0.00
0	4	0.00	0.00	0.10	1.38	0.00
1	1	0.00	0.00	0.37	1.87	0.00
1	5	0.00	0.00	0.54	1.68	0.00
2	2	0.00	0.02	1.11	1.28	0.00
2	6	0.00	0.02	1.70	1.98	0.00
3	3	0.01	2.47	0.21	0.09	0.00
3	7	0.00	0.00	0.65	1.49	0.00
Core	CPU	C1%	C3%	C6%	C8%	C9%
-	-	0.00	0.01	0.44	0.80	0.00
0	0	0.00	0.00	0.10	0.49	0.00
0	4	0.00	0.00	0.33	0.89	0.00
1	1	0.00	0.00	0.36	0.79	0.00
1	5	0.00	0.00	0.25	0.98	0.00
2	2	0.00	0.02	0.29	0.79	0.00
2	6	0.00	0.05	0.73	0.92	0.00
3	3	0.00	0.00	0.77	0.82	0.00
3	7	0.00	0.00	0.73	0.68	0.00
Core	CPU	C1%	C3%	C6%	C8%	C9%
-	-	0.00	0.00	0.67	0.60	0.00
0	0	0.00	0.00	0.38	0.69	0.00
0	4	0.00	0.00	0.45	0.49	0.00
1	1	0.00	0.00	0.53	0.00	0.00
1	5	0.00	0.00	0.76	0.20	0.00
2	2	0.00	0.00	0.46	1.10	0.00
2	6	0.00	0.02	0.76	0.89	0.00
3	3	0.00	0.00	1.15	1.04	0.00
3	7	0.00	0.01	0.89	0.40	0.00
Core	CPU	C1%	C3%	C6%	C8%	C9%
-	-	0.00	0.02	0.78	0.34	0.00
0	0	0.00	0.00	0.63	0.20	0.00
0	4	0.00	0.00	0.64	0.28	0.00
1	1	0.00	0.00	0.55	0.20	0.00
1	5	0.00	0.00	0.66	0.38	0.00
2	2	0.00	0.00	0.84	0.70	0.00
2	6	0.00	0.03	1.02	0.49	0.00
3	3	0.00	0.03	1.18	0.29	0.00
3	7	0.00	0.05	0.68	0.18	0.00
Core	CPU	C1%	C3%	C6%	C8%	C9%
-	-	0.00	0.00	0.54	0.66	0.00
0	0	0.00	0.00	0.32	0.20	0.00
0	4	0.00	0.00	0.10	0.50	0.00
1	1	0.00	0.00	0.28	0.89	0.00
1	5	0.00	0.00	0.26	0.99	0.00
2	2	0.00	0.02	1.22	0.90	0.00
2	6	0.00	0.02	0.69	0.39	0.00
3	3	0.00	0.00	0.59	0.60	0.00
3	7	0.00	0.00	0.86	0.79	0.00
Core	CPU	C1%	C3%	C6%	C8%	C9%
-	-	0.00	0.00	0.49	0.79	0.00
0	0	0.00	0.00	0.10	0.78	0.00
0	4	0.00	0.00	0.28	0.89	0.00
1	1	0.00	0.00	0.54	0.89	0.00
1	5	0.00	0.00	0.52	0.79	0.00
2	2	0.00	0.00	1.21	0.51	0.00
2	6	0.00	0.00	0.64	0.79	0.00
3	3	0.00	0.00	0.36	0.73	0.00
3	7	0.00	0.00	0.33	0.99	0.00
Core	CPU	C1%	C3%	C6%	C8%	C9%
-	-	0.00	0.36	0.45	1.71	0.02
0	0	0.00	0.00	0.47	1.87	0.00
0	4	0.00	0.00	0.25	2.17	0.00
1	1	0.00	0.12	0.59	1.48	0.00
1	5	0.00	0.00	0.58	1.19	0.00
2	2	0.00	0.01	0.96	2.57	0.00
2	6	0.00	0.00	0.45	1.87	0.00
3	3	0.00	2.77	0.11	0.46	0.17
3	7	0.00	0.00	0.20	2.09	0.00
Core	CPU	C1%	C3%	C6%	C8%	C9%
-	-	0.00	0.00	0.48	0.74	0.00
0	0	0.00	0.00	0.14	0.49	0.00
0	4	0.00	0.00	0.35	0.69	0.00
1	1	0.00	0.00	0.20	0.69	0.00
1	5	0.00	0.01	0.85	0.89	0.00
2	2	0.00	0.01	0.66	0.96	0.00
2	6	0.00	0.00	0.23	0.89	0.00
3	3	0.00	0.00	1.02	0.60	0.00
3	7	0.00	0.00	0.37	0.69	0.00
Core	CPU	C1%	C3%	C6%	C8%	C9%
-	-	0.00	0.00	0.51	0.84	0.00
0	0	0.00	0.00	0.20	0.50	0.00
0	4	0.00	0.00	0.36	1.28	0.00
1	1	0.00	0.00	0.45	1.08	0.00
1	5	0.00	0.00	0.44	0.79	0.00
2	2	0.00	0.00	1.15	0.74	0.00
2	6	0.00	0.00	0.29	0.99	0.00
3	3	0.00	0.00	0.46	0.63	0.00
3	7	0.00	0.00	0.72	0.69	0.00
Core	CPU	C1%	C3%	C6%	C8%	C9%
-	-	0.00	0.00	0.33	0.80	0.00
0	0	0.00	0.00	0.27	0.60	0.00
0	4	0.00	0.00	0.24	0.41	0.00
1	1	0.00	0.00	0.60	1.00	0.00
1	5	0.00	0.00	0.09	0.79	0.00
2	2	0.00	0.02	0.48	1.08	0.00
2	6	0.00	0.00	0.45	0.79	0.00
3	3	0.00	0.00	0.32	0.87	0.00
3	7	0.00	0.00	0.19	0.89	0.00
Core	CPU	C1%	C3%	C6%	C8%	C9%
-	-	0.00	0.01	0.69	0.70	0.00
0	0	0.00	0.00	0.82	0.79	0.00
0	4	0.00	0.01	0.70	0.20	0.00
1	1	0.00	0.00	0.68	0.98	0.00
1	5	0.00	0.00	0.50	0.89	0.00
2	2	0.00	0.00	0.94	0.39	0.00
2	6	0.00	0.05	0.97	0.90	0.00
3	3	0.00	0.00	0.57	0.78	0.00
3	7	0.00	0.00	0.37	0.69	0.00
Core	CPU	C1%	C3%	C6%	C8%	C9%
-	-	0.00	0.00	0.45	0.86	0.00
0	0	0.00	0.00	0.56	0.71	0.00
0	4	0.00	0.00	0.38	0.79	0.00
1	1	0.00	0.00	0.45	0.89	0.00
1	5	0.00	0.00	0.51	0.69	0.00
2	2	0.00	0.01	0.49	0.89	0.00
2	6	0.00	0.02	0.60	1.08	0.00
3	3	0.00	0.00	0.36	0.73	0.00
3	7	0.00	0.00	0.23	1.08	0.00
Core	CPU	C1%	C3%	C6%	C8%	C9%
-	-	0.00	0.32	0.39	1.30	0.02
0	0	0.00	0.00	0.66	1.08	0.00
0	4	0.00	0.00	0.25	1.28	0.00
1	1	0.00	0.02	0.58	1.38	0.00
1	5	0.00	0.00	0.20	1.09	0.00
2	2	0.00	0.00	0.38	1.77	0.00
2	6	0.00	0.05	0.72	1.87	0.00
3	3	0.00	2.47	0.13	0.04	0.17
3	7	0.00	0.00	0.20	1.89	0.00
Core	CPU	C1%	C3%	C6%	C8%	C9%
-	-	0.00	0.03	0.47	4.28	0.00
0	0	0.00	0.00	0.35	0.80	0.00
0	4	0.00	0.00	0.21	1.57	0.00
1	1	0.00	0.01	0.23	0.21	0.00
1	5	0.00	0.00	0.18	0.79	0.00
2	2	0.00	0.00	0.59	1.09	0.00
2	6	0.00	0.00	0.75	0.69	0.00
3	3	0.00	0.00	0.72	0.14	0.00
3	7	0.02	0.22	0.75	28.96	0.00
Core	CPU	C1%	C3%	C6%	C8%	C9%
-	-	0.00	0.07	0.75	1.10	0.02
0	0	0.00	0.52	1.05	0.49	0.00
0	4	0.00	0.00	0.82	1.89	0.00
1	1	0.00	0.00	0.72	0.69	0.00
1	5	0.00	0.00	0.79	0.30	0.00
2	2	0.00	0.00	0.60	1.48	0.19
2	6	0.00	0.02	0.52	1.38	0.00
3	3	0.00	0.00	0.53	1.81	0.00
3	7	0.00	0.03	0.95	0.79	0.00
Core	CPU	C1%	C3%	C6%	C8%	C9%
-	-	0.00	0.00	0.58	0.75	0.00
0	0	0.00	0.00	1.15	0.49	0.00
0	4	0.00	0.00	0.45	0.79	0.00
1	1	0.00	0.00	0.32	0.79	0.00
1	5	0.00	0.00	0.18	0.71	0.00
2	2	0.00	0.00	0.28	0.78	0.00
2	6	0.00	0.00	0.98	0.89	0.00
3	3	0.00	0.00	0.52	0.57	0.00
3	7	0.00	0.00	0.78	0.99	0.00
Core	CPU	C1%	C3%	C6%	C8%	C9%
-	-	0.03	0.01	0.67	1.54	0.00
0	0	0.05	0.00	0.23	0.99	0.00
0	4	0.00	0.05	0.38	2.18	0.00
1	1	0.00	0.00	0.46	1.89	0.00
1	5	0.00	0.00	0.64	1.30	0.00
2	2	0.20	0.00	1.04	1.54	0.00
2	6	0.00	0.02	0.80	1.80	0.00
3	3	0.00	0.00	1.00	1.31	0.00
3	7	0.00	0.00	0.78	1.30	0.00
Core	CPU	C1%	C3%	C6%	C8%	C9%
-	-	0.00	0.01	0.48	0.79	0.00
0	0	0.00	0.00	0.71	0.20	0.00
0	4	0.00	0.03	0.75	0.60	0.00
1	1	0.00	0.00	0.59	0.80	0.00
1	5	0.00	0.00	0.28	0.98	0.00
2	2	0.00	0.00	0.28	0.89	0.00
2	6	0.00	0.02	0.77	0.99	0.00
3	3	0.00	0.00	0.35	0.79	0.00
3	7	0.00	0.00	0.13	1.09	0.00
Core	CPU	C1%	C3%	C6%	C8%	C9%
-	-	0.00	0.21	0.38	0.84	0.00
0	0	0.00	0.00	0.63	1.20	0.00
0	4	0.00	0.01	0.69	1.38	0.00
1	1	0.00	0.10	0.59	0.60	0.00
1	5	0.00	0.03	0.00	0.60	0.00
2	2	0.00	0.00	0.28	0.99	0.00
2	6	0.00	0.02	0.48	1.08	0.00
3	3	0.02	1.48	0.12	0.00	0.00
3	7	0.00	0.01	0.28	0.90	0.00
Core	CPU	C1%	C3%	C6%	C8%	C9%
-	-	0.00	0.01	0.59	0.85	0.00
0	0	0.00	0.00	0.16	0.49	0.00
0	4	0.00	0.00	0.64	0.98	0.00
1	1	0.00	0.02	0.59	0.01	0.00
1	5	0.00	0.00	0.17	0.40	0.00
2	2	0.00	0.00	0.46	1.10	0.00
2	6	0.00	0.02	1.52	1.31	0.00
3	3	0.00	0.00	0.72	0.81	0.00
3	7	0.00	0.00	0.47	1.70	0.00
Core	CPU	C1%	C3%	C6%	C8%	C9%
-	-	0.00	0.00	0.41	0.85	0.00
0	0	0.00	0.00	0.24	0.30	0.00
0	4	0.00	0.00	0.22	0.79	0.00
1	1	0.00	0.00	0.19	0.70	0.00
1	5	0.00	0.00	0.57	0.99	0.00
2	2	0.00	0.00	0.49	0.79	0.00
2	6	0.00	0.00	0.55	1.30	0.00
3	3	0.00	0.00	0.77	0.90	0.00
3	7	0.00	0.00	0.28	0.99	0.00
Core	CPU	C1%	C3%	C6%	C8%	C9%
-	-	0.00	0.01	0.35	0.84	0.00
0	0	0.00	0.02	0.19	0.30	0.00
0	4	0.00	0.00	0.12	0.71	0.00
1	1	0.00	0.00	0.35	1.01	0.00
1	5	0.00	0.00	0.52	0.71	0.00
2	2	0.00	0.00	0.21	1.00	0.00
2	6	0.00	0.04	0.65	1.11	0.00
3	3	0.00	0.00	0.54	1.01	0.00
3	7	0.00	0.00	0.24	0.90	0.00
Core	CPU	C1%	C3%	C6%	C8%	C9%
-	-	0.00	0.01	0.42	1.13	0.00
0	0	0.00	0.00	0.49	1.21	0.00
0	4	0.00	0.00	0.34	1.19	0.00
1	1	0.00	0.00	0.49	1.41	0.00
1	5	0.00	0.02	0.28	1.10	0.00
2	2	0.00	0.00	0.37	0.91	0.00
2	6	0.00	0.02	0.68	1.29	0.00
3	3	0.00	0.00	0.53	1.01	0.00
3	7	0.00	0.00	0.22	0.89	0.00
Core	CPU	C1%	C3%	C6%	C8%	C9%
-	-	0.00	0.00	0.48	0.81	0.00
0	0	0.00	0.00	0.27	0.69	0.00
0	4	0.00	0.00	0.45	0.59	0.00
1	1	0.00	0.00	0.61	0.29	0.00
1	5	0.00	0.01	0.86	0.59	0.00
2	2	0.00	0.00	0.28	1.09	0.00
2	6	0.00	0.01	0.87	0.88	0.00
3	3	0.00	0.00	0.31	1.19	0.00
3	7	0.00	0.00	0.20	1.19	0.00
Core	CPU	C1%	C3%	C6%	C8%	C9%
-	-	0.00	0.22	0.57	0.73	0.00
0	0	0.00	0.00	0.82	0.49	0.00
0	4	0.00	0.01	0.83	0.50	0.00
1	1	0.00	0.00	0.29	1.18	0.00
1	5	0.00	0.00	0.86	1.18	0.00
2	2	0.00	0.00	0.24	0.99	0.00
2	6	0.00	0.02	1.01	0.70	0.00
3	3	0.00	1.68	0.12	0.04	0.00
3	7	0.00	0.02	0.43	0.80	0.00
Core	CPU	C1%	C3%	C6%	C8%	C9%
-	-	0.00	0.01	0.47	0.74	0.00
0	0	0.00	0.00	0.38	0.46	0.00
0	4	0.00	0.00	0.28	0.99	0.00
1	1	0.00	0.00	0.72	0.50	0.00
1	5	0.00	0.00	0.40	0.79	0.00
2	2	0.00	0.00	0.20	1.09	0.00
2	6	0.00	0.02	0.58	1.00	0.00
3	3	0.00	0.00	0.46	0.63	0.00
3	7	0.00	0.03	0.78	0.50	0.00
Core	CPU	C1%	C3%	C6%	C8%	C9%
-	-	0.00	0.01	0.65	1.04	0.00
0	0	0.00	0.00	1.30	1.32	0.00
0	4	0.00	0.01	0.91	1.20	0.00
1	1	0.00	0.02	0.28	0.90	0.00
1	5	0.00	0.00	0.18	0.67	0.00
2	2	0.00	0.00	0.68	0.90	0.00
2	6	0.00	0.03	0.82	0.49	0.00
3	3	0.00	0.00	0.49	1.94	0.00
3	7	0.00	0.00	0.56	0.90	0.00
Core	CPU	C1%	C3%	C6%	C8%	C9%
-	-	0.00	0.01	0.44	0.93	0.00
0	0	0.00	0.00	0.84	0.69	0.00
0	4	0.00	0.00	0.23	1.00	0.00
1	1	0.00	0.00	0.10	0.50	0.00
1	5	0.00	0.00	0.27	0.99	0.00
2	2	0.00	0.00	0.36	0.99	0.00
2	6	0.00	0.02	0.74	1.19	0.00
3	3	0.00	0.02	0.29	0.97	0.00
3	7	0.00	0.00	0.67	1.08	0.00
Core	CPU	C1%	C3%	C6%	C8%	C9%
-	-	0.00	0.01	0.48	0.83	0.00
0	0	0.00	0.00	0.32	0.59	0.00
0	4	0.00	0.00	0.30	0.70	0.00
1	1	0.00	0.00	0.28	0.99	0.00
1	5	0.00	0.00	0.36	0.79	0.00
2	2	0.00	0.00	0.23	1.09	0.00
2	6	0.00	0.05	1.08	1.00	0.00
3	3	0.00	0.00	0.39	0.78	0.00
3	7	0.00	0.00	0.86	0.69	0.00
Core	CPU	C1%	C3%	C6%	C8%	C9%
-	-	0.00	0.01	0.55	0.74	0.00
0	0	0.00	0.01	0.30	0.20	0.00
0	4	0.00	0.00	0.29	0.89	0.00
1	1	0.00	0.00	0.39	0.89	0.00
1	5	0.00	0.00	0.91	0.79	0.00
2	2	0.00	0.02	0.89	0.89	0.00
2	6	0.00	0.02	1.08	0.90	0.00
3	3	0.00	0.00	0.28	0.90	0.00
3	7	0.00	0.00	0.25	0.49	0.00
Core	CPU	C1%	C3%	C6%	C8%	C9%
-	-	0.00	0.34	0.58	1.93	0.00
0	0	0.00	0.00	1.01	2.28	0.00
0	4	0.00	0.00	0.51	1.98	0.00
1	1	0.00	0.00	0.62	2.17	0.00
1	5	0.00	0.02	0.89	1.88	0.00
2	2	0.00	0.00	0.38	2.57	0.00
2	6	0.00	0.02	0.78	1.87	0.00
3	3	0.00	2.67	0.21	0.72	0.00
3	7	0.00	0.00	0.23	1.99	0.00
Core	CPU	C1%	C3%	C6%	C8%	C9%
-	-	0.00	0.00	0.60	0.85	0.00
0	0	0.00	0.00	0.27	0.80	0.00
0	4	0.00	0.00	0.55	0.40	0.00
1	1	0.00	0.00	0.92	0.79	0.00
1	5	0.00	0.01	0.87	0.79	0.00
2	2	0.00	0.00	0.78	0.89	0.00
2	6	0.00	0.02	0.76	1.10	0.00
3	3	0.00	0.00	0.33	0.84	0.00
3	7	0.00	0.00	0.29	1.20	0.00
Core	CPU	C1%	C3%	C6%	C8%	C9%
-	-	0.00	0.00	0.44	0.99	0.00
0	0	0.00	0.00	0.35	0.69	0.00
0	4	0.00	0.01	0.82	0.88	0.00
1	1	0.00	0.00	0.14	0.40	0.00
1	5	0.00	0.01	0.94	0.99	0.00
2	2	0.00	0.00	0.37	0.98	0.00
2	6	0.00	0.01	0.40	1.87	0.00
3	3	0.00	0.00	0.41	1.15	0.00
3	7	0.00	0.00	0.10	0.99	0.00
Core	CPU	C1%	C3%	C6%	C8%	C9%
-	-	0.00	0.00	0.44	0.73	0.00
0	0	0.00	0.00	0.15	0.99	0.00
0	4	0.00	0.03	0.78	0.10	0.00
1	1	0.00	0.00	0.10	0.50	0.00
1	5	0.00	0.00	0.56	0.69	0.00
2	2	0.00	0.00	0.35	0.89	0.00
2	6	0.00	0.00	1.04	1.00	0.00
3	3	0.00	0.00	0.19	1.00	0.00
3	7	0.00	0.00	0.37	0.69	0.00
Core	CPU	C1%	C3%	C6%	C8%	C9%
-	-	0.00	0.00	0.49	0.85	0.00
0	0	0.00	0.00	0.28	0.71	0.00
0	4	0.00	0.00	0.71	0.50	0.00
1	1	0.00	0.00	0.56	0.79	0.00
1	5	0.00	0.00	0.24	1.09	0.00
2	2	0.00	0.01	0.29	1.09	0.00
2	6	0.00	0.02	0.69	0.90	0.00
3	3	0.00	0.00	0.45	1.01	0.00
3	7	0.00	0.00	0.72	0.69	0.00
Core	CPU	C1%	C3%	C6%	C8%	C9%
-	-	0.00	0.04	0.45	4.23	0.00
0	0	0.00	0.00	0.27	0.81	0.00
0	4	0.00	0.00	0.42	0.71	0.00
1	1	0.00	0.00	0.33	0.41	0.00
1	5	0.00	0.02	0.26	0.31	0.00
2	2	0.00	0.00	0.28	0.91	0.00
2	6	0.00	0.02	0.57	1.00	0.00
3	3	0.00	0.00	0.43	0.74	0.00
3	7	0.02	0.29	1.04	28.93	0.00
Core	CPU	C1%	C3%	C6%	C8%	C9%
-	-	0.00	0.34	0.54	1.27	0.00
0	0	0.00	0.00	0.95	1.28	0.00
0	4	0.00	0.00	0.15	1.48	0.00
1	1	0.00	0.00	0.22	1.19	0.00
1	5	0.00	0.00	0.10	1.58	0.00
2	2	0.00	0.00	0.28	1.97	0.00
2	6	0.00	0.02	1.35	1.29	0.00
3	3	0.00	2.67	0.12	0.04	0.00
3	7	0.00	0.02	1.15	1.29	0.00
Core	CPU	C1%	C3%	C6%	C8%	C9%
-	-	0.00	0.01	0.46	0.72	0.00
0	0	0.00	0.00	0.55	0.89	0.00
0	4	0.00	0.00	0.34	0.89	0.00
1	1	0.00	0.02	0.30	0.39	0.00
1	5	0.00	0.00	0.27	0.30	0.00
2	2	0.00	0.00	0.36	0.99	0.00
2	6	0.00	0.02	0.85	0.70	0.00
3	3	0.00	0.00	0.51	0.68	0.00
3	7	0.00	0.00	0.48	0.89	0.00
Core	CPU	C1%	C3%	C6%	C8%	C9%
-	-	0.00	0.01	0.51	1.08	0.00
0	0	0.00	0.00	1.16	0.21	0.00
0	4	0.00	0.02	0.68	1.27	0.00
1	1	0.00	0.00	0.24	0.99	0.00
1	5	0.00	0.00	0.46	0.80	0.00
2	2	0.00	0.00	0.24	1.00	0.00
2	6	0.00	0.04	0.68	1.29	0.00
3	3	0.00	0.00	0.28	2.15	0.00
3	7	0.00	0.00	0.37	0.90	0.00
Core	CPU	C1%	C3%	C6%	C8%	C9%
-	-	0.00	0.01	0.59	0.71	0.00
0	0	0.00	0.02	0.19	0.70	0.00
0	4	0.00	0.00	0.81	0.40	0.00
1	1	0.00	0.00	0.27	0.90	0.00
1	5	0.00	0.00	0.44	0.89	0.00
2	2	0.00	0.00	0.93	0.40	0.00
2	6	0.00	0.02	1.19	0.89	0.00
3	3	0.00	0.00	0.39	0.81	0.00
3	7	0.00	0.00	0.49	0.73	0.00
Core	CPU	C1%	C3%	C6%	C8%	C9%
-	-	0.00	0.01	0.45	1.02	0.00
0	0	0.00	0.00	0.19	0.78	0.00
0	4	0.00	0.00	0.68	1.18	0.00
1	1	0.00	0.00	0.33	1.09	0.00
1	5	0.02	0.00	0.67	1.10	0.00
2	2	0.00	0.00	0.48	1.30	0.00
2	6	0.00	0.02	0.69	0.79	0.00
3	3	0.00	0.00	0.34	0.71	0.00
3	7	0.00	0.04	0.27	1.20	0.00
Core	CPU	C1%	C3%	C6%	C8%	C9%
-	-	0.00	0.01	0.44	0.78	0.00
0	0	0.00	0.00	0.18	0.79	0.00
0	4	0.00	0.00	0.46	0.40	0.00
1	1	0.00	0.05	0.68	0.69	0.00
1	5	0.00	0.00	0.71	0.50	0.00
2	2	0.00	0.00	0.68	0.70	0.00
2	6	0.00	0.02	0.40	1.19	0.00
3	3	0.00	0.00	0.27	0.99	0.00
3	7	0.00	0.00	0.15	0.99	0.00
Core	CPU	C1%	C3%	C6%	C8%	C9%
-	-	0.00	0.27	0.73	1.90	0.00
0	0	0.00	0.03	1.07	2.28	0.00
0	4	0.00	0.01	1.11	2.07	0.00
1	1	0.00	0.00	0.54	2.07	0.00
1	5	0.00	0.00	0.24	2.17	0.00
2	2	0.00	0.01	0.99	1.98	0.00
2	6	0.00	0.00	1.01	2.38	0.00
3	3	0.00	2.08	0.22	0.37	0.00
3	7	0.00	0.00	0.64	1.89	0.00
Core	CPU	C1%	C3%	C6%	C8%	C9%
-	-	0.00	0.01	0.60	0.79	0.00
0	0	0.00	0.00	0.10	0.80	0.00
0	4	0.00	0.00	0.88	0.79	0.00
1	1	0.00	0.00	0.37	0.80	0.00
1	5	0.00	0.00	0.43	0.90	0.00
2	2	0.00	0.00	0.83	0.79	0.00
2	6	0.00	0.07	1.36	0.79	0.00
3	3	0.00	0.00	0.49	0.78	0.00
3	7	0.00	0.00	0.37	0.70	0.00
Core	CPU	C1%	C3%	C6%	C8%	C9%
-	-	0.00	0.02	0.40	0.82	0.00
0	0	0.00	0.00	0.10	0.40	0.00
0	4	0.00	0.00	0.32	0.89	0.00
1	1	0.00	0.00	0.46	0.90	0.00
1	5	0.00	0.00	0.15	0.99	0.00
2	2	0.00	0.11	0.32	0.79	0.00
2	6	0.00	0.02	1.09	0.89	0.00
3	3	0.00	0.00	0.35	0.88	0.00
3	7	0.00	0.00	0.41	0.81	0.00
Core	CPU	C1%	C3%	C6%	C8%	C9%
-	-	0.00	0.02	0.47	0.77	0.00
0	0	0.00	0.00	0.10	0.40	0.00
0	4	0.00	0.00	0.29	0.89	0.00
1	1	0.00	0.00	0.36	0.89	0.00
1	5	0.00	0.00	0.47	0.99	0.00
2	2	0.00	0.02	0.39	1.00	0.00
2	6	0.00	0.02	1.19	0.50	0.00
3	3	0.00	0.00	0.27	0.81	0.00
3	7	0.00	0.12	0.68	0.70	0.00
Core	CPU	C1%	C3%	C6%	C8%	C9%
-	-	0.00	0.00	0.44	1.13	0.00
0	0	0.00	0.00	0.62	2.10	0.00
0	4	0.00	0.00	0.53	0.92	0.00
1	1	0.00	0.00	0.31	0.91	0.00
1	5	0.00	0.02	0.18	0.41	0.00
2	2	0.00	0.00	0.37	1.20	0.00
2	6	0.00	0.00	0.77	1.02	0.00
3	3	0.00	0.00	0.43	1.64	0.00
3	7	0.00	0.01	0.35	0.81	0.00
Core	CPU	C1%	C3%	C6%	C8%	C9%
-	-	0.00	0.00	0.47	0.96	0.00
0	0	0.00	0.00	0.22	0.99	0.00
0	4	0.00	0.00	0.34	1.29	0.00
1	1	0.00	0.00	0.87	0.80	0.00
1	5	0.00	0.00	0.27	1.08	0.00
2	2	0.00	0.00	0.36	1.09	0.00
2	6	0.00	0.04	0.72	1.19	0.00
3	3	0.00	0.00	0.31	0.88	0.00
3	7	0.00	0.00	0.68	0.40	0.00
Core	CPU	C1%	C3%	C6%	C8%	C9%
-	-	0.00	0.33	0.46	1.62	0.00
0	0	0.00	0.00	0.22	1.38	0.00
0	4	0.00	0.00	0.49	1.58	0.00
1	1	0.00	0.00	0.67	1.87	0.00
1	5	0.00	0.00	0.46	1.88	0.00
2	2	0.00	0.00	0.43	2.07	0.00
2	6	0.00	0.05	0.50	2.27	0.00
3	3	0.00	2.57	0.13	0.02	0.00
3	7	0.00	0.00	0.75	1.89	0.00
Core	CPU	C1%	C3%	C6%	C8%	C9%
-	-	0.00	0.01	0.33	0.91	0.00
0	0	0.00	0.00	0.32	1.01	0.00
0	4	0.00	0.03	0.13	0.51	0.00
1	1	0.00	0.00	0.09	0.93	0.00
1	5	0.00	0.00	0.27	0.62	0.00
2	2	0.00	0.00	0.28	0.91	0.00
2	6	0.00	0.02	0.66	1.12	0.00
3	3	0.00	0.00	0.55	0.72	0.00
3	7	0.00	0.00	0.33	1.50	0.00
Core	CPU	C1%	C3%	C6%	C8%	C9%
-	-	0.00	0.00	0.47	1.17	0.00
0	0	0.00	0.00	0.68	1.61	0.00
0	4	0.00	0.00	0.35	0.80	0.00
1	1	0.00	0.00	0.42	1.40	0.00
1	5	0.00	0.00	0.31	1.30	0.00
2	2	0.00	0.00	0.50	1.02	0.00
2	6	0.00	0.02	0.66	0.81	0.00
3	3	0.00	0.00	0.34	1.12	0.00
3	7	0.00	0.00	0.50	1.31	0.00
Core	CPU	C1%	C3%	C6%	C8%	C9%
-	-	0.00	0.00	0.38	0.66	0.00
0	0	0.00	0.00	0.46	0.31	0.00
0	4	0.00	0.01	0.42	0.40	0.00
1	1	0.00	0.00	0.20	0.50	0.00
1	5	0.00	0.00	0.30	0.47	0.00
2	2	0.00	0.00	0.27	0.89	0.00
2	6	0.00	0.01	0.74	0.59	0.00
3	3	0.00	0.00	0.32	0.94	0.00
3	7	0.00	0.00	0.28	1.20	0.00
Core	CPU	C1%	C3%	C6%	C8%	C9%
-	-	0.00	0.01	0.61	1.00	0.00
0	0	0.00	0.00	0.54	0.39	0.00
0	4	0.00	0.03	0.79	0.80	0.00
1	1	0.00	0.00	0.10	0.40	0.00
1	5	0.00	0.05	0.68	1.29	0.00
2	2	0.00	0.00	0.36	0.88	0.00
2	6	0.00	0.02	0.83	0.69	0.00
3	3	0.00	0.01	0.48	1.46	0.00
3	7	0.00	0.00	1.10	2.07	0.00
Core	CPU	C1%	C3%	C6%	C8%	C9%
-	-	0.00	0.00	0.51	0.91	0.00
0	0	0.00	0.00	0.72	0.50	0.00
0	4	0.00	0.00	0.60	0.49	0.00
1	1	0.00	0.00	0.46	1.08	0.00
1	5	0.00	0.00	0.82	1.00	0.00
2	2	0.00	0.00	0.33	1.19	0.00
2	6	0.00	0.02	0.62	0.99	0.00
3	3	0.00	0.00	0.19	1.09	0.00
3	7	0.00	0.00	0.37	0.89	0.00
Core	CPU	C1%	C3%	C6%	C8%	C9%
-	-	0.00	0.32	0.47	1.97	0.00
0	0	0.00	0.00	0.56	2.67	0.00
0	4	0.00	0.03	0.41	2.37	0.00
1	1	0.00	0.00	0.73	1.68	0.00
1	5	0.00	0.00	0.43	2.18	0.00
2	2	0.00	0.00	0.30	1.88	0.00
2	6	0.00	0.00	0.71	1.97	0.00
3	3	0.00	2.57	0.41	1.01	0.00
3	7	0.00	0.00	0.23	1.99	0.00
Core	CPU	C1%	C3%	C6%	C8%	C9%
-	-	0.00	0.01	0.64	0.73	0.00
0	0	0.00	0.00	0.37	0.59	0.00
0	4	0.00	0.00	0.45	0.40	0.00
1	1	0.00	0.00	0.81	0.10	0.00
1	5	0.00	0.02	0.87	0.79	0.00
2	2	0.00	0.00	0.38	1.59	0.00
2	6	0.00	0.04	0.64	1.10	0.00
3	3	0.00	0.00	0.84	0.45	0.00
3	7	0.00	0.01	0.80	0.79	0.00
Core	CPU	C1%	C3%	C6%	C8%	C9%
-	-	0.00	0.00	0.56	0.84	0.00
0	0	0.00	0.00	0.85	0.49	0.00
0	4	0.00	0.00	0.21	0.49	0.00
1	1	0.00	0.00	0.46	0.69	0.00
1	5	0.00	0.00	0.88	1.08	0.00
2	2	0.00	0.00	0.26	0.98	0.00
2	6	0.00	0.02	1.13	0.89	0.00
3	3	0.00	0.01	0.45	0.87	0.00
3	7	0.00	0.00	0.29	1.18	0.00
Core	CPU	C1%	C3%	C6%	C8%	C9%
-	-	0.01	0.01	0.58	4.46	0.00
0	0	0.00	0.00	0.50	1.00	0.00
0	4	0.00	0.00	0.20	1.18	0.00
1	1	0.00	0.00	0.40	1.09	0.00
1	5	0.00	0.00	0.53	0.79	0.00
2	2	0.00	0.00	0.32	1.29	0.00
2	6	0.00	0.00	1.30	0.61	0.00
3	3	0.00	0.00	0.38	0.89	0.00
3	7	0.10	0.12	1.00	28.82	0.00
Core	CPU	C1%	C3%	C6%	C8%	C9%
-	-	0.00	0.01	0.50	1.00	0.00
0	0	0.00	0.00	0.52	1.50	0.00
0	4	0.00	0.00	0.27	0.89	0.00
1	1	0.00	0.00	0.15	1.09	0.00
1	5	0.00	0.00	0.82	0.79	0.00
2	2	0.00	0.00	0.48	0.90	0.00
2	6	0.00	0.06	0.56	0.88	0.00
3	3	0.00	0.00	0.36	1.19	0.00
3	7	0.00	0.00	0.84	0.79	0.00
Core	CPU	C1%	C3%	C6%	C8%	C9%
-	-	0.00	0.01	0.58	0.94	0.00
0	0	0.00	0.00	0.28	1.19	0.00
0	4	0.00	0.00	0.46	1.09	0.00
1	1	0.00	0.00	0.53	1.09	0.00
1	5	0.00	0.00	0.30	1.09	0.00
2	2	0.00	0.00	0.18	0.99	0.00
2	6	0.00	0.03	1.16	0.60	0.00
3	3	0.00	0.00	0.26	0.80	0.00
3	7	0.00	0.03	1.44	0.69	0.00
Core	CPU	C1%	C3%	C6%	C8%	C9%
-	-	0.00	0.34	0.56	1.37	0.00
0	0	0.00	0.00	0.87	1.28	0.00
0	4	0.00	0.00	0.36	1.09	0.00
1	1	0.00	0.00	0.73	1.58	0.00
1	5	0.00	0.02	0.59	1.58	0.00
2	2	0.00	0.00	0.59	1.38	0.00
2	6	0.00	0.02	0.68	2.08	0.00
3	3	0.00	2.67	0.12	0.02	0.00
3	7	0.00	0.00	0.52	1.99	0.00
Core	CPU	C1%	C3%	C6%	C8%	C9%
-	-	0.00	0.01	0.66	0.64	0.00
0	0	0.00	0.00	0.18	0.69	0.00
0	4	0.00	0.00	0.41	0.78	0.00
1	1	0.00	0.03	0.69	0.49	0.00
1	5	0.00	0.02	0.91	0.10	0.00
2	2	0.00	0.00	0.48	1.29	0.00
2	6	0.00	0.02	0.67	0.99	0.00
3	3	0.00	0.00	0.94	0.35	0.00
3	7	0.00	0.01	0.99	0.39	0.00
Core	CPU	C1%	C3%	C6%	C8%	C9%
-	-	0.00	0.01	0.56	0.87	0.00
0	0	0.00	0.00	0.64	0.81	0.00
0	4	0.00	0.00	0.21	0.69	0.00
1	1	0.00	0.00	0.30	0.11	0.00
1	5	0.00	0.03	0.95	1.21	0.00
2	2	0.00	0.00	0.60	0.60	0.00
2	6	0.00	0.01	0.56	1.07	0.00
3	3	0.00	0.01	1.00	1.59	0.00
3	7	0.00	0.00	0.19	0.89	0.00
Core	CPU	C1%	C3%	C6%	C8%	C9%
-	-	0.00	0.00	0.41	0.64	0.00
0	0	0.00	0.00	0.12	0.50	0.00
0	4	0.00	0.00	0.10	0.40	0.00
1	1	0.00	0.00	0.28	0.88	0.00
1	5	0.00	0.00	0.43	0.79	0.00
2	2	0.00	0.00	0.23	0.87	0.00
2	6	0.00	0.02	1.37	0.30	0.00
3	3	0.00	0.00	0.38	0.81	0.00
3	7	0.00	0.00	0.34	0.60	0.00
Core	CPU	C1%	C3%	C6%	C8%	C9%
-	-	0.00	0.01	0.65	0.85	0.00
0	0	0.00	0.00	0.28	0.99	0.00
0	4	0.00	0.00	0.49	1.38	0.00
1	1	0.00	0.00	1.02	0.40	0.00
1	5	0.00	0.02	0.79	0.79	0.00
2	2	0.00	0.00	0.29	0.99	0.00
2	6	0.00	0.01	0.67	0.79	0.00
3	3	0.00	0.00	0.82	0.65	0.00
3	7	0.00	0.02	0.79	0.79	0.00
Core	CPU	C1%	C3%	C6%	C8%	C9%
-	-	0.00	0.01	0.51	0.76	0.00
0	0	0.00	0.00	0.45	0.59	0.00
0	4	0.00	0.00	0.14	0.59	0.00
1	1	0.00	0.00	0.20	0.89	0.00
1	5	0.00	0.00	0.74	0.89	0.00
2	2	0.00	0.00	0.36	0.98	0.00
2	6	0.00	0.05	1.21	0.79	0.00
3	3	0.00	0.01	0.59	0.57	0.00
3	7	0.00	0.00	0.38	0.79	0.00
Core	CPU	C1%	C3%	C6%	C8%	C9%
-	-	0.00	0.31	0.52	1.63	0.00
0	0	0.00	0.02	0.74	1.59	0.00
0	4	0.00	0.00	0.47	1.69	0.00
1	1	0.00	0.00	0.37	1.88	0.00
1	5	0.00	0.00	0.45	1.87	0.00
2	2	0.00	0.00	0.92	1.78	0.00
2	6	0.00	0.02	0.49	2.19	0.00
3	3	0.00	2.47	0.22	0.37	0.00
3	7	0.00	0.00	0.46	1.69	0.00
Core	CPU	C1%	C3%	C6%	C8%	C9%
-	-	0.00	0.01	0.37	0.81	0.00
0	0	0.00	0.00	0.10	0.40	0.00
0	4	0.00	0.00	0.27	1.19	0.00
1	1	0.00	0.00	0.35	0.80	0.00
1	5	0.00	0.00	0.41	1.00	0.00
2	2	0.00	0.02	0.39	0.80	0.00
2	6	0.00	0.02	0.49	1.01	0.00
3	3	0.00	0.00	0.47	0.70	0.00
3	7	0.00	0.00	0.44	0.60	0.00
Core	CPU	C1%	C3%	C6%	C8%	C9%
-	-	0.00	0.01	0.69	1.41	0.01
0	0	0.00	0.00	0.55	1.41	0.00
0	4	0.00	0.04	1.70	1.96	0.00
1	1	0.00	0.00	0.88	1.39	0.05
1	5	0.00	0.00	0.40	1.31	0.00
2	2	0.00	0.00	0.27	1.30	0.00
2	6	0.00	0.01	0.78	1.31	0.00
3	3	0.00	0.00	0.57	1.30	0.00
3	7	0.00	0.00	0.41	1.30	0.00
Core	CPU	C1%	C3%	C6%	C8%	C9%
-	-	0.00	0.01	0.41	0.83	0.00
0	0	0.00	0.00	0.86	0.49	0.00
0	4	0.00	0.00	0.40	1.36	0.00
1	1	0.00	0.01	0.52	0.20	0.00
1	5	0.00	0.00	0.08	0.60	0.00
2	2	0.00	0.00	0.28	0.98	0.00
2	6	0.00	0.06	0.72	0.79	0.00
3	3	0.00	0.00	0.23	1.09	0.00
3	7	0.03	0.01	0.20	1.09	0.00
Core	CPU	C1%	C3%	C6%	C8%	C9%
-	-	0.00	0.01	0.70	1.11	0.00
0	0	0.00	0.02	0.51	1.40	0.00
0	4	0.00	0.01	0.91	1.80	0.00
1	1	0.00	0.00	0.77	0.59	0.00
1	5	0.00	0.00	0.40	1.20	0.00
2	2	0.00	0.00	0.26	0.99	0.00
2	6	0.00	0.00	1.30	0.89	0.00
3	3	0.00	0.01	0.56	1.60	0.00
3	7	0.00	0.00	0.88	0.41	0.00
Core	CPU	C1%	C3%	C6%	C8%	C9%
-	-	0.00	0.01	0.40	0.99	0.00
0	0	0.00	0.00	0.13	0.40	0.00
0	4	0.00	0.02	0.09	0.90	0.00
1	1	0.00	0.00	0.47	0.91	0.00
1	5	0.00	0.00	0.44	1.01	0.00
2	2	0.00	0.00	0.71	1.22	0.00
2	6	0.00	0.01	0.64	1.16	0.00
3	3	0.00	0.02	0.37	1.29	0.00
3	7	0.00	0.00	0.36	1.01	0.00
Core	CPU	C1%	C3%	C6%	C8%	C9%
-	-	0.00	0.00	0.38	0.87	0.00
0	0	0.00	0.00	0.30	0.40	0.00
0	4	0.00	0.00	0.09	0.41	0.00
1	1	0.00	0.00	0.46	0.81	0.00
1	5	0.00	0.00	0.63	1.01	0.00
2	2	0.00	0.00	0.23	1.00	0.00
2	6	0.00	0.02	0.60	1.07	0.00
3	3	0.00	0.00	0.32	1.30	0.00
3	7	0.00	0.00	0.41	0.92	0.00
Core	CPU	C1%	C3%	C6%	C8%	C9%
-	-	0.00	0.01	0.38	0.86	0.00
0	0	0.00	0.01	0.39	0.70	0.00
0	4	0.00	0.00	0.28	1.00	0.00
1	1	0.00	0.00	0.36	0.79	0.00
1	5	0.00	0.00	0.46	1.19	0.00
2	2	0.00	0.02	0.29	1.10	0.00
2	6	0.00	0.00	0.90	0.61	0.00
3	3	0.00	0.00	0.27	0.79	0.00
3	7	0.00	0.04	0.09	0.70	0.00
Core	CPU	C1%	C3%	C6%	C8%	C9%
-	-	0.00	0.19	0.44	0.91	0.00
0	0	0.00	0.00	0.53	2.28	0.00
0	4	0.00	0.00	0.35	0.99	0.00
1	1	0.00	0.00	0.60	0.60	0.00
1	5	0.00	0.00	0.00	0.50	0.00
2	2	0.00	0.00	0.28	0.89	0.00
2	6	0.00	0.02	0.85	1.12	0.00
3	3	0.01	1.48	0.13	0.00	0.00
3	7	0.00	0.01	0.79	0.90	0.00
Core	CPU	C1%	C3%	C6%	C8%	C9%
-	-	0.00	0.01	0.41	0.74	0.00
0	0	0.00	0.00	0.84	0.40	0.00
0	4	0.00	0.00	0.19	0.49	0.00
1	1	0.00	0.00	0.28	0.60	0.00
1	5	0.00	0.00	0.27	0.99	0.00
2	2	0.00	0.00	0.37	0.79	0.00
2	6	0.00	0.05	0.63	1.04	0.00
3	3	0.00	0.00	0.42	0.80	0.00
3	7	0.00	0.00	0.29	0.79	0.00
Core	CPU	C1%	C3%	C6%	C8%	C9%
-	-	0.00	0.01	0.62	0.97	0.00
0	0	0.00	0.00	0.82	0.79	0.00
0	4	0.00	0.04	0.96	0.99	0.00
1	1	0.00	0.00	0.88	0.89	0.00
1	5	0.00	0.00	0.37	0.98	0.00
2	2	0.00	0.00	0.84	0.79	0.00
2	6	0.00	0.00	0.23	0.95	0.00
3	3	0.00	0.00	0.24	1.19	0.00
3	7	0.00	0.01	0.60	1.17	0.00
Core	CPU	C1%	C3%	C6%	C8%	C9%
-	-	0.00	0.01	0.44	0.87	0.00
0	0	0.00	0.02	0.50	0.39	0.00
0	4	0.00	0.00	0.39	0.89	0.00
1	1	0.00	0.00	0.65	0.99	0.00
1	5	0.00	0.00	0.33	1.18	0.00
2	2	0.00	0.02	0.29	0.90	0.00
2	6	0.00	0.00	0.19	1.01	0.00
3	3	0.00	0.00	0.28	0.99	0.00
3	7	0.00	0.04	0.91	0.60	0.00
Core	CPU	C1%	C3%	C6%	C8%	C9%
-	-	0.00	0.00	0.39	0.99	0.00
0	0	0.00	0.00	0.49	1.40	0.00
0	4	0.00	0.00	0.45	0.80	0.00
1	1	0.00	0.00	0.23	0.50	0.00
1	5	0.00	0.00	0.00	0.50	0.00
2	2	0.00	0.00	0.37	1.00	0.00
2	6	0.00	0.00	0.35	1.22	0.00
3	3	0.00	0.00	0.70	1.30	0.00
3	7	0.00	0.00	0.50	1.19	0.00
Core	CPU	C1%	C3%	C6%	C8%	C9%
-	-	0.00	0.03	0.45	4.28	0.00
0	0	0.00	0.00	0.33	0.49	0.00
0	4	0.00	0.00	0.20	0.69	0.00
1	1	0.00	0.00	0.14	0.40	0.00
1	5	0.00	0.00	0.35	1.28	0.00
2	2	0.00	0.00	0.44	0.99	0.00
2	6	0.00	0.00	0.43	0.84	0.00
3	3	0.00	0.01	0.29	0.90	0.00
3	7	0.01	0.20	1.38	28.64	0.00
Core	CPU	C1%	C3%	C6%	C8%	C9%
-	-	0.00	0.11	0.39	0.71	0.01
0	0	0.00	0.00	0.20	0.49	0.00
0	4	0.00	0.00	0.14	0.70	0.00
1	1	0.00	0.00	0.28	0.89	0.00
1	5	0.00	0.00	0.36	0.79	0.00
2	2	0.00	0.00	0.14	1.09	0.00
2	6	0.00	0.00	0.80	0.75	0.00
3	3	0.00	0.89	0.11	0.06	0.10
3	7	0.00	0.00	1.09	0.89	0.00
Core	CPU	C1%	C3%	C6%	C8%	C9%
-	-	0.00	0.01	0.56	0.78	0.00
0	0	0.00	0.02	0.69	0.79	0.00
0	4	0.00	0.00	0.20	0.61	0.00
1	1	0.00	0.00	0.28	0.99	0.00
1	5	0.00	0.00	0.44	0.79	0.00
2	2	0.00	0.00	0.83	0.78	0.00
2	6	0.00	0.02	0.79	0.87	0.00
3	3	0.00	0.00	0.59	0.59	0.00
3	7	0.00	0.01	0.67	0.79	0.00
Core	CPU	C1%	C3%	C6%	C8%	C9%
-	-	0.00	0.00	0.47	1.08	0.00
0	0	0.00	0.00	0.47	1.78	0.00
0	4	0.00	0.02	0.33	0.89	0.00
1	1	0.00	0.00	0.25	0.99	0.00
1	5	0.00	0.01	0.38	1.28	0.00
2	2	0.00	0.00	0.88	0.90	0.00
2	6	0.00	0.00	0.66	1.20	0.00
3	3	0.00	0.00	0.41	0.79	0.00
3	7	0.00	0.00	0.39	0.78	0.00
Core	CPU	C1%	C3%	C6%	C8%	C9%
-	-	0.00	0.00	0.39	0.80	0.00
0	0	0.00	0.00	0.37	0.99	0.00
0	4	0.00	0.00	0.34	0.89	0.00
1	1	0.00	0.00	0.41	0.70	0.00
1	5	0.00	0.00	0.78	0.00	0.00
2	2	0.00	0.00	0.28	0.89	0.00
2	6	0.00	0.00	0.26	0.94	0.00
3	3	0.00	0.00	0.22	0.90	0.00
3	7	0.00	0.04	0.47	1.09	0.00
Core	CPU	C1%	C3%	C6%	C8%	C9%
-	-	0.00	0.00	0.60	0.89	0.00
0	0	0.00	0.00	0.73	0.69	0.00
0	4	0.00	0.01	0.79	0.79	0.00
1	1	0.00	0.00	0.20	1.09	0.00
1	5	0.00	0.00	0.37	0.79	0.00
2	2	0.00	0.00	0.93	0.69	0.00
2	6	0.00	0.00	0.22	0.96	0.00
3	3	0.00	0.00	0.20	0.99	0.00
3	7	0.00	0.02	1.41	1.10	0.00
Core	CPU	C1%	C3%	C6%	C8%	C9%
-	-	0.00	0.01	0.39	0.83	0.00
0	0	0.00	0.02	0.40	0.49	0.00
0	4	0.00	0.00	0.38	1.00	0.00
1	1	0.00	0.00	0.36	0.79	0.00
1	5	0.00	0.00	0.24	1.08	0.00
2	2	0.00	0.02	0.70	0.39	0.00
2	6	0.00	0.00	0.19	0.91	0.00
3	3	0.00	0.00	0.28	0.88	0.00
3	7	0.00	0.03	0.55	1.08	0.00
Core	CPU	C1%	C3%	C6%	C8%	C9%
-	-	0.00	0.16	0.50	0.82	0.00
0	0	0.00	0.00	0.60	1.29	0.00
0	4	0.00	0.00	0.53	1.19	0.00
1	1	0.00	0.00	0.13	0.59	0.00
1	5	0.00	0.00	0.68	0.69	0.00
2	2	0.00	0.00	0.28	0.89	0.00
2	6	0.00	0.00	0.46	1.10	0.00
3	3	0.01	1.28	0.22	0.40	0.00
3	7	0.00	0.01	1.11	0.40	0.00
Core	CPU	C1%	C3%	C6%	C8%	C9%
-	-	0.00	0.01	0.39	0.83	0.00
0	0	0.00	0.00	0.45	0.69	0.00
0	4	0.00	0.00	0.16	0.70	0.00
1	1	0.00	0.00	0.19	0.90	0.00
1	5	0.00	0.00	0.45	1.00	0.00
2	2	0.00	0.00	0.36	0.80	0.00
2	6	0.00	0.00	0.34	0.85	0.00
3	3	0.00	0.00	0.59	0.71	0.00
3	7	0.00	0.05	0.56	0.99	0.00
Core	CPU	C1%	C3%	C6%	C8%	C9%
-	-	0.00	0.00	0.57	0.83	0.00
0	0	0.00	0.00	0.82	0.79	0.00
0	4	0.00	0.01	0.78	0.10	0.00
1	1	0.00	0.00	0.77	0.99	0.00
1	5	0.00	0.00	0.65	0.99	0.00
2	2	0.00	0.00	0.52	0.61	0.00
2	6	0.00	0.00	0.22	1.05	0.00
3	3	0.00	0.00	0.15	1.29	0.00
3	7	0.00	0.02	0.67	0.79	0.00
Core	CPU	C1%	C3%	C6%	C8%	C9%
-	-	0.00	0.01	0.49	0.80	0.00
0	0	0.00	0.02	0.39	0.30	0.00
0	4	0.00	0.00	0.29	0.80	0.00
1	1	0.00	0.00	0.30	0.99	0.00
1	5	0.00	0.00	0.43	1.08	0.00
2	2	0.00	0.00	0.82	0.79	0.00
2	6	0.00	0.01	0.79	0.88	0.00
3	3	0.00	0.00	0.19	0.89	0.00
3	7	0.00	0.04	0.73	0.69	0.00
Core	CPU	C1%	C3%	C6%	C8%	C9%
-	-	0.00	0.00	0.37	0.90	0.00
0	0	0.00	0.00	0.46	1.41	0.00
0	4	0.00	0.00	0.35	0.80	0.00
1	1	0.00	0.00	0.23	0.90	0.00
1	5	0.00	0.00	0.21	1.09	0.00
2	2	0.00	0.00	0.28	0.80	0.00
2	6	0.00	0.00	0.36	1.12	0.00
3	3	0.00	0.00	0.44	0.60	0.00
3	7	0.00	0.01	0.62	0.50	0.00
Core	CPU	C1%	C3%	C6%	C8%	C9%
-	-	0.00	0.01	0.45	0.80	0.00
0	0	0.00	0.00	0.37	0.98	0.00
0	4	0.00	0.00	0.25	1.18	0.00
1	1	0.00	0.04	0.24	0.60	0.00
1	5	0.00	0.00	0.86	0.60	0.00
2	2	0.00	0.00	0.27	0.89	0.00
2	6	0.00	0.00	0.45	0.74	0.00
3	3	0.00	0.00	0.13	0.99	0.00
3	7	0.00	0.05	1.06	0.39	0.00
Core	CPU	C1%	C3%	C6%	C8%	C9%
-	-	0.01	0.18	0.58	0.70	0.00
0	0	0.00	0.00	0.63	0.00	0.00
0	4	0.00	0.01	0.50	0.00	0.00
1	1	0.00	0.00	0.57	0.99	0.00
1	5	0.00	0.00	0.49	1.48	0.00
2	2	0.00	0.00	0.84	0.79	0.00
2	6	0.00	0.00	0.42	1.24	0.00
3	3	0.00	1.39	0.11	0.02	0.00
3	7	0.10	0.04	1.07	1.09	0.00
Core	CPU	C1%	C3%	C6%	C8%	C9%
-	-	0.00	0.01	0.45	0.75	0.00
0	0	0.00	0.02	0.40	0.49	0.00
0	4	0.00	0.00	0.42	0.89	0.00
1	1	0.00	0.00	0.28	0.89	0.00
1	5	0.00	0.00	0.74	0.90	0.00
2	2	0.00	0.01	0.34	0.79	0.00
2	6	0.00	0.02	0.29	0.88	0.00
3	3	0.00	0.00	0.59	0.50	0.00
3	7	0.00	0.00	0.56	0.69	0.00
Core	CPU	C1%	C3%	C6%	C8%	C9%
-	-	0.00	0.01	0.68	0.85	0.00
0	0	0.00	0.00	1.22	1.20	0.00
0	4	0.00	0.00	0.28	0.89	0.00
1	1	0.00	0.00	0.35	0.79	0.00
1	5	0.00	0.06	1.10	0.58	0.00
2	2	0.00	0.00	0.92	0.10	0.00
2	6	0.00	0.00	0.29	1.18	0.00
3	3	0.00	0.00	0.45	1.29	0.00
3	7	0.00	0.00	0.83	0.79	0.00
Core	CPU	C1%	C3%	C6%	C8%	C9%
-	-	0.00	0.00	0.46	0.82	0.00
0	0	0.00	0.00	0.19	0.90	0.00
0	4	0.00	0.02	0.67	1.00	0.00
1	1	0.00	0.00	0.73	0.69	0.00
1	5	0.00	0.00	0.91	0.20	0.00
2	2	0.00	0.00	0.58	0.79	0.00
2	6	0.00	0.00	0.20	0.99	0.00
3	3	0.00	0.00	0.27	0.99	0.00
3	7	0.00	0.00	0.15	0.99	0.00
Core	CPU	C1%	C3%	C6%	C8%	C9%
-	-	0.00	0.01	0.49	1.28	0.00
0	0	0.00	0.00	0.55	1.21	0.00
0	4	0.00	0.00	0.35	1.31	0.00
1	1	0.00	0.05	0.46	1.41	0.00
1	5	0.00	0.02	0.78	0.91	0.00
2	2	0.00	0.00	0.28	1.21	0.00
2	6	0.00	0.00	0.55	1.51	0.00
3	3	0.00	0.00	0.44	1.31	0.00
3	7	0.00	0.00	0.51	1.41	0.00
Core	CPU	C1%	C3%	C6%	C8%	C9%
-	-	0.10	0.00	0.33	0.86	0.00
0	0	0.00	0.00	0.20	0.98	0.00
0	4	0.00	0.00	0.47	0.69	0.00
1	1	0.00	0.00	0.15	1.08	0.00
1	5	0.00	0.01	1.23	1.66	0.00
2	2	0.79	0.00	0.00	0.00	0.00
2	6	0.00	0.00	0.28	0.80	0.00
3	3	0.00	0.00	0.16	0.98	0.00
3	7	0.00	0.00	0.18	0.69	0.00
Core	CPU	C1%	C3%	C6%	C8%	C9%
-	-	0.00	0.19	0.57	0.95	0.00
0	0	0.00	0.01	0.93	1.28	0.00
0	4	0.00	0.00	0.47	2.37	0.00
1	1	0.00	0.00	0.22	0.40	0.00
1	5	0.00	0.01	1.14	0.49	0.00
2	2	0.00	0.00	0.38	0.89	0.00
2	6	0.00	0.00	0.41	0.99	0.00
3	3	0.02	1.48	0.20	0.38	0.00
3	7	0.00	0.02	0.79	0.80	0.00
Core	CPU	C1%	C3%	C6%	C8%	C9%
-	-	0.00	0.00	0.46	1.04	0.00
0	0	0.00	0.00	0.55	0.91	0.00
0	4	0.00	0.00	0.23	1.20	0.00
1	1	0.00	0.00	0.31	0.31	0.00
1	5	0.00	0.01	0.61	0.80	0.00
2	2	0.00	0.00	0.37	1.30	0.00
2	6	0.00	0.00	0.35	1.40	0.00
3	3	0.00	0.00	0.80	1.12	0.00
3	7	0.00	0.02	0.47	1.31	0.00
Core	CPU	C1%	C3%	C6%	C8%	C9%
-	-	0.00	0.01	0.52	0.82	0.00
0	0	0.00	0.00	0.36	0.59	0.00
0	4	0.00	0.00	0.24	0.69	0.00
1	1	0.00	0.01	0.68	0.79	0.00
1	5	0.00	0.03	1.15	0.70	0.00
2	2	0.00	0.00	0.42	0.88	0.00
2	6	0.00	0.00	0.84	0.79	0.00
3	3	0.00	0.02	0.10	0.99	0.00
3	7	0.00	0.00	0.35	1.17	0.00
Core	CPU	C1%	C3%	C6%	C8%	C9%
-	-	0.01	0.04	0.61	4.38	0.00
0	0	0.00	0.00	0.53	0.00	0.00
0	4	0.00	0.01	0.69	1.27	0.00
1	1	0.00	0.00	0.31	0.89	0.00
1	5	0.03	0.03	1.00	0.99	0.00
2	2	0.00	0.00	0.14	0.99	0.00
2	6	0.00	0.00	0.32	0.94	0.00
3	3	0.00	0.00	0.78	0.90	0.00
3	7	0.02	0.27	1.10	29.08	0.00
Core	CPU	C1%	C3%	C6%	C8%	C9%
-	-	0.00	0.01	0.61	1.40	0.00
0	0	0.00	0.01	0.76	1.69	0.00
0	4	0.00	0.01	0.25	0.88	0.00
1	1	0.00	0.00	0.46	1.59	0.00
1	5	0.00	0.02	1.16	0.78	0.00
2	2	0.00	0.00	0.33	1.40	0.00
2	6	0.00	0.00	0.46	1.74	0.00
3	3	0.00	0.00	0.47	2.30	0.00
3	7	0.00	0.00	0.97	0.79	0.00
Core	CPU	C1%	C3%	C6%	C8%	C9%
-	-	0.00	0.02	0.47	0.84	0.00
0	0	0.00	0.10	0.12	0.89	0.00
0	4	0.00	0.00	0.70	0.68	0.00
1	1	0.00	0.00	0.18	0.99	0.00
1	5	0.00	0.00	1.25	0.60	0.00
2	2	0.00	0.00	0.83	0.79	0.00
2	6	0.00	0.02	0.19	0.96	0.00
3	3	0.00	0.00	0.10	0.99	0.00
3	7	0.00	0.00	0.37	0.79	0.00
Core	CPU	C1%	C3%	C6%	C8%	C9%
-	-	0.00	0.19	0.43	0.73	0.00
0	0	0.00	0.00	0.18	0.69	0.00
0	4	0.00	0.00	0.38	1.07	0.00
1	1	0.00	0.00	0.36	0.89	0.00
1	5	0.00	0.05	1.10	0.90	0.00
2	2	0.00	0.02	0.20	0.79	0.00
2	6	0.00	0.00	0.39	0.77	0.00
3	3	0.00	1.48	0.12	0.00	0.00
3	7	0.00	0.00	0.73	0.69	0.00
Core	CPU	C1%	C3%	C6%	C8%	C9%
-	-	0.00	0.00	0.44	1.13	0.00
0	0	0.00	0.00	0.29	1.09	0.00
0	4	0.00	0.00	0.37	0.89	0.00
1	1	0.00	0.00	0.34	1.20	0.00
1	5	0.00	0.02	0.71	1.19	0.00
2	2	0.00	0.00	0.20	0.90	0.00
2	6	0.00	0.00	0.48	1.10	0.00
3	3	0.00	0.02	0.65	0.80	0.00
3	7	0.00	0.00	0.51	1.89	0.00
Core	CPU	C1%	C3%	C6%	C8%	C9%
-	-	0.00	0.00	0.52	0.93	0.00
0	0	0.00	0.00	0.58	1.31	0.00
0	4	0.00	0.00	0.82	1.00	0.00
1	1	0.00	0.00	0.21	0.50	0.00
1	5	0.00	0.04	1.05	0.21	0.00
2	2	0.00	0.00	0.28	1.09	0.00
2	6	0.00	0.00	0.63	1.13	0.00
3	3	0.00	0.00	0.36	1.00	0.00
3	7	0.00	0.00	0.19	1.20	0.00
Core	CPU	C1%	C3%	C6%	C8%	C9%
-	-	0.00	0.00	0.36	0.78	0.00
0	0	0.00	0.00	0.33	0.70	0.00
0	4	0.00	0.00	0.22	0.50	0.00
1	1	0.00	0.00	0.09	0.41	0.00
1	5	0.00	0.02	0.75	0.99	0.00
2	2	0.00	0.00	0.44	0.70	0.00
2	6	0.00	0.00	0.30	0.99	0.00
3	3	0.00	0.00	0.43	1.11	0.00
3	7	0.00	0.00	0.35	0.81	0.00
Core	CPU	C1%	C3%	C6%	C8%	C9%
-	-	0.00	0.00	0.42	0.83	0.00
0	0	0.00	0.00	0.09	0.59	0.00
0	4	0.00	0.00	0.19	0.99	0.00
1	1	0.00	0.00	0.35	1.03	0.00
1	5	0.00	0.00	1.15	0.89	0.00
2	2	0.00	0.01	0.20	0.90	0.00
2	6	0.00	0.00	0.29	0.79	0.00
3	3	0.00	0.00	0.37	0.79	0.00
3	7	0.00	0.00	0.72	0.69	0.00
Core	CPU	C1%	C3%	C6%	C8%	C9%
-	-	0.00	0.01	0.50	1.34	0.00
0	0	0.00	0.00	0.45	1.32	0.00
0	4	0.00	0.01	0.44	1.21	0.00
1	1	0.00	0.00	0.41	1.50	0.00
1	5	0.00	0.04	0.93	1.51	0.00
2	2	0.00	0.00	0.46	1.40	0.00
2	6	0.00	0.00	0.35	0.93	0.00
3	3	0.00	0.00	0.50	1.42	0.00
3	7	0.00	0.00	0.46	1.42	0.00
Core	CPU	C1%	C3%	C6%	C8%	C9%
-	-	0.00	0.24	0.56	1.14	0.00
0	0	0.00	0.00	0.53	1.30	0.00
0	4	0.00	0.00	0.38	1.07	0.00
1	1	0.00	0.01	0.68	0.60	0.00
1	5	0.00	0.00	1.00	1.57	0.00
2	2	0.00	0.00	0.86	1.18	0.00
2	6	0.00	0.00	0.44	1.89	0.00
3	3	0.00	1.88	0.12	0.00	0.00
3	7	0.00	0.00	0.49	1.49	0.00
Core	CPU	C1%	C3%	C6%	C8%	C9%
-	-	0.00	0.00	0.40	0.89	0.00
0	0	0.00	0.00	0.24	0.41	0.00
0	4	0.00	0.00	0.31	1.09	0.00
1	1	0.00	0.00	0.18	0.31	0.00
1	5	0.00	0.01	0.85	0.82	0.00
2	2	0.00	0.00	0.44	1.21	0.00
2	6	0.00	0.00	0.42	0.77	0.00
3	3	0.00	0.00	0.39	1.31	0.00
3	7	0.00	0.00	0.37	1.21	0.00
Core	CPU	C1%	C3%	C6%	C8%	C9%
-	-	0.00	0.01	0.51	0.80	0.00
0	0	0.00	0.00	0.53	0.00	0.00
0	4	0.00	0.01	0.85	0.89	0.00
1	1	0.00	0.00	0.19	0.99	0.00
1	5	0.00	0.01	0.51	1.16	0.00
2	2	0.00	0.00	0.83	0.79	0.00
2	6	0.00	0.02	0.48	1.07	0.00
3	3	0.00	0.00	0.30	0.78	0.00
3	7	0.00	0.01	0.37	0.69	0.00
Core	CPU	C1%	C3%	C6%	C8%	C9%
-	-	0.00	0.01	0.56	0.54	0.00
0	0	0.00	0.00	0.54	0.00	0.00
0	4	0.00	0.00	0.28	0.89	0.00
1	1	0.00	0.00	0.63	0.59	0.00
1	5	0.00	0.05	1.17	0.11	0.00
2	2	0.00	0.00	0.20	0.89	0.00
2	6	0.00	0.00	0.28	0.91	0.00
3	3	0.00	0.00	0.63	0.61	0.00
3	7	0.00	0.00	0.79	0.30	0.00
Core	CPU	C1%	C3%	C6%	C8%	C9%
-	-	0.00	0.01	0.44	0.79	0.00
0	0	0.00	0.00	0.68	0.91	0.00
0	4	0.00	0.00	0.58	0.10	0.00
1	1	0.00	0.01	0.30	0.20	0.00
1	5	0.00	0.04	0.58	0.99	0.00
2	2	0.00	0.00	0.36	1.08	0.00
2	6	0.00	0.00	0.33	1.24	0.00
3	3	0.00	0.02	0.39	0.90	0.00
3	7	0.00	0.00	0.29	0.89	0.00
Core	CPU	C1%	C3%	C6%	C8%	C9%
-	-	0.00	0.00	0.55	0.76	0.00
0	0	0.00	0.00	0.52	0.99	0.00
0	4	0.00	0.00	0.48	0.69	0.00
1	1	0.00	0.00	0.28	0.99	0.00
1	5	0.00	0.01	0.65	0.97	0.00
2	2	0.00	0.00	0.82	0.29	0.00
2	6	0.00	0.01	0.79	0.58	0.00
3	3	0.00	0.00	0.39	0.79	0.00
3	7	0.00	0.00	0.45	0.79	0.00
Core	CPU	C1%	C3%	C6%	C8%	C9%
-	-	0.00	0.20	0.46	0.77	0.00
0	0	0.00	0.00	0.58	1.18	0.00
0	4	0.00	0.00	0.37	1.08	0.00
1	1	0.00	0.00	0.25	0.98	0.00
1	5	0.00	0.01	0.84	0.68	0.00
2	2	0.00	0.00	0.39	0.79	0.00
2	6	0.00	0.00	0.38	0.71	0.00
3	3	0.00	1.58	0.12	0.00	0.00
3	7	0.00	0.00	0.71	0.70	0.00
Core	CPU	C1%	C3%	C6%	C8%	C9%
-	-	0.00	0.00	0.42	0.75	0.00
0	0	0.00	0.00	0.36	1.10	0.00
0	4	0.00	0.00	0.35	0.89	0.00
1	1	0.00	0.00	0.23	0.30	0.00
1	5	0.00	0.00	0.99	0.11	0.00
2	2	0.00	0.00	0.37	0.89	0.00
2	6	0.00	0.00	0.27	0.93	0.00
3	3	0.00	0.00	0.63	0.79	0.00
3	7	0.00	0.00	0.20	1.00	0.00
Core	CPU	C1%	C3%	C6%	C8%	C9%
-	-	0.00	0.00	0.39	0.91	0.00
0	0	0.00	0.00	1.02	0.91	0.00
0	4	0.00	0.00	0.03	0.49	0.00
1	1	0.00	0.00	0.10	0.40	0.00
1	5	0.00	0.02	0.71	1.29	0.00
2	2	0.00	0.00	0.40	0.79	0.00
2	6	0.00	0.00	0.40	1.64	0.00
3	3	0.00	0.01	0.29	0.80	0.00
3	7	0.00	0.00	0.19	0.98	0.00
Core	CPU	C1%	C3%	C6%	C8%	C9%
-	-	0.00	0.00	0.46	0.69	0.00
0	0	0.00	0.00	0.12	0.40	0.00
0	4	0.00	0.00	0.18	0.50	0.00
1	1	0.00	0.00	0.27	0.99	0.00
1	5	0.00	0.01	0.75	0.89	0.00
2	2	0.00	0.00	0.89	0.40	0.00
2	6	0.00	0.01	0.79	0.87	0.00
3	3	0.00	0.00	0.19	0.89	0.00
3	7	0.00	0.00	0.45	0.60	0.00
Core	CPU	C1%	C3%	C6%	C8%	C9%
-	-	0.00	0.00	0.38	0.82	0.00
0	0	0.00	0.00	0.10	0.49	0.00
0	4	0.00	0.00	0.41	0.89	0.00
1	1	0.00	0.00	0.25	0.89	0.00
1	5	0.00	0.01	0.53	1.19	0.00
2	2	0.00	0.00	0.58	0.70	0.00
2	6	0.00	0.00	0.38	0.69	0.00
3	3	0.00	0.00	0.46	0.89	0.00
3	7	0.00	0.00	0.33	0.79	0.00
Core	CPU	C1%	C3%	C6%	C8%	C9%
-	-	0.00	0.01	0.47	1.17	0.00
0	0	0.00	0.00	0.36	1.00	0.00
0	4	0.00	0.00	0.35	0.90	0.00
1	1	0.00	0.00	0.41	1.11	0.00
1	5	0.00	0.02	0.83	1.90	0.00
2	2	0.00	0.00	0.28	1.10	0.00
2	6	0.00	0.00	0.56	1.11	0.00
3	3	0.00	0.00	0.53	0.90	0.00
3	7	0.00	0.02	0.45	1.31	0.00
Core	CPU	C1%	C3%	C6%	C8%	C9%
-	-	0.00	0.24	0.59	1.35	0.00
0	0	0.00	0.00	1.21	2.37	0.00
0	4	0.00	0.00	0.24	1.38	0.00
1	1	0.00	0.02	0.48	1.09	0.00
1	5	0.00	0.05	1.12	1.11	0.00
2	2	0.00	0.00	0.77	1.28	0.00
2	6	0.00	0.00	0.44	1.89	0.00
3	3	0.00	1.88	0.12	0.00	0.00
3	7	0.00	0.00	0.33	1.70	0.00
Core	CPU	C1%	C3%	C6%	C8%	C9%
-	-	0.00	0.04	0.52	4.33	0.00
0	0	0.00	0.00	0.45	0.50	0.00
0	4	0.00	0.00	0.14	0.99	0.00
1	1	0.00	0.01	0.51	0.90	0.00
1	5	0.00	0.01	1.27	0.50	0.00
2	2	0.00	0.00	0.28	0.89	0.00
2	6	0.00	0.00	0.16	1.02	0.00
3	3	0.00	0.00	0.33	0.80	0.00
3	7	0.01	0.30	1.02	29.05	0.00
Core	CPU	C1%	C3%	C6%	C8%	C9%
-	-	0.00	0.00	0.46	1.11	0.00
0	0	0.00	0.00	0.25	0.79	0.00
0	4	0.00	0.03	0.19	1.87	0.00
1	1	0.00	0.00	0.10	0.59	0.00
1	5	0.00	0.00	0.78	1.40	0.00
2	2	0.00	0.00	0.46	1.10	0.00
2	6	0.00	0.00	0.43	1.53	0.00
3	3	0.00	0.00	0.41	1.10	0.00
3	7	0.00	0.00	1.09	0.50	0.00
Core	CPU	C1%	C3%	C6%	C8%	C9%
-	-	0.00	0.00	0.38	0.65	0.00
0	0	0.00	0.00	0.23	0.69	0.00
0	4	0.00	0.00	0.30	0.41	0.00
1	1	0.00	0.00	0.28	0.69	0.00
1	5	0.00	0.00	0.83	0.61	0.00
2	2	0.00	0.00	0.43	0.71	0.00
2	6	0.00	0.00	0.26	0.68	0.00
3	3	0.00	0.00	0.18	0.69	0.00
3	7	0.00	0.00	0.53	0.71	0.00
Core	CPU	C1%	C3%	C6%	C8%	C9%
-	-	0.00	0.00	0.36	0.85	0.00
0	0	0.00	0.00	0.30	0.71	0.00
0	4	0.00	0.00	0.27	0.90	0.00
1	1	0.00	0.00	0.44	0.71	0.00
1	5	0.00	0.01	0.53	1.10	0.00
2	2	0.00	0.00	0.18	0.91	0.00
2	6	0.00	0.00	0.46	1.01	0.00
3	3	0.00	0.00	0.44	0.61	0.00
3	7	0.00	0.00	0.23	0.89	0.00
Core	CPU	C1%	C3%	C6%	C8%	C9%
-	-	0.00	0.01	0.43	0.93	0.00
0	0	0.00	0.00	0.35	0.91	0.00
0	4	0.00	0.00	0.52	0.91	0.00
1	1	0.00	0.00	0.38	1.01	0.00
1	5	0.00	0.03	0.65	0.91	0.00
2	2	0.00	0.00	0.36	0.91	0.00
2	6	0.00	0.00	0.43	0.76	0.00
3	3	0.00	0.00	0.40	0.92	0.00
3	7	0.00	0.02	0.36	1.13	0.00
Core	CPU	C1%	C3%	C6%	C8%	C9%
-	-	0.00	0.00	0.59	0.76	0.00
0	0	0.00	0.00	0.72	0.69	0.00
0	4	0.00	0.01	0.79	0.30	0.00
1	1	0.00	0.00	0.29	0.98	0.00
1	5	0.00	0.00	1.18	0.89	0.00
2	2	0.00	0.00	0.83	0.79	0.00
2	6	0.00	0.02	0.39	0.77	0.00
3	3	0.00	0.00	0.20	0.98	0.00
3	7	0.00	0.00	0.37	0.69	0.00
Core	CPU	C1%	C3%	C6%	C8%	C9%
-	-	0.00	0.00	0.40	0.83	0.00
0	0	0.00	0.00	0.27	0.51	0.00
0	4	0.00	0.00	0.26	0.90	0.00
1	1	0.00	0.00	0.44	0.70	0.00
1	5	0.00	0.02	0.69	1.22	0.00
2	2	0.00	0.00	0.18	0.81	0.00
2	6	0.00	0.00	0.37	0.82	0.00
3	3	0.00	0.00	0.63	0.91	0.00
3	7	0.00	0.00	0.36	0.80	0.00
Core	CPU	C1%	C3%	C6%	C8%	C9%
-	-	0.00	0.00	0.53	1.07	0.00
0	0	0.00	0.00	0.53	2.18	0.00
0	4	0.00	0.00	0.44	0.89	0.00
1	1	0.00	0.00	0.70	0.90	0.00
1	5	0.00	0.03	0.41	0.70	0.00
2	2	0.00	0.00	0.63	0.92	0.00
2	6	0.00	0.00	0.44	1.22	0.00
3	3	0.00	0.00	0.41	0.90	0.00
3	7	0.00	0.00	0.68	0.84	0.00
Core	CPU	C1%	C3%	C6%	C8%	C9%
-	-	0.00	0.00	0.38	1.12	0.00
0	0	0.00	0.00	0.42	1.59	0.00
0	4	0.00	0.00	0.39	1.41	0.00
1	1	0.00	0.00	0.19	0.80	0.00
1	5	0.00	0.01	0.85	0.89	0.00
2	2	0.00	0.00	0.24	1.00	0.00
2	6	0.00	0.00	0.21	0.98	0.00
3	3	0.00	0.00	0.36	1.60	0.00
3	7	0.00	0.00	0.35	0.71	0.00
