Core	CPU	C1%	C3%	C6%	C8%	C9%
-	-	0.16	0.06	9.22	3.33	0.00
0	0	0.06	0.42	64.94	21.15	0.00
0	4	0.00	0.00	1.34	0.50	0.00
1	1	0.00	0.05	1.80	1.52	0.00
1	5	0.60	0.00	0.00	0.09	0.00
2	2	0.00	0.00	1.08	0.29	0.00
2	6	0.57	0.00	2.35	1.20	0.00
3	3	0.00	0.00	0.86	1.08	0.00
3	7	0.01	0.00	1.09	0.69	0.00
Core	CPU	C1%	C3%	C6%	C8%	C9%
-	-	0.01	0.05	8.81	3.34	0.00
0	0	0.06	0.29	65.25	21.59	0.00
0	4	0.00	0.00	0.39	0.31	0.00
1	1	0.00	0.04	0.86	0.48	0.00
1	5	0.00	0.07	1.07	0.29	0.00
2	2	0.00	0.00	0.54	0.89	0.00
2	6	0.00	0.00	0.40	1.20	0.00
3	3	0.00	0.02	0.99	0.89	0.00
3	7	0.00	0.00	0.98	1.09	0.00
Core	CPU	C1%	C3%	C6%	C8%	C9%
-	-	0.01	0.04	8.83	3.55	0.00
0	0	0.04	0.28	65.49	21.40	0.00
0	4	0.00	0.00	1.32	0.49	0.00
1	1	0.00	0.01	1.01	0.67	0.00
1	5	0.00	0.00	0.49	0.10	0.00
2	2	0.00	0.00	0.37	1.58	0.00
2	6	0.00	0.00	1.06	1.28	0.00
3	3	0.00	0.00	0.54	1.38	0.00
3	7	0.00	0.02	0.39	1.49	0.00
Core	CPU	C1%	C3%	C6%	C8%	C9%
-	-	0.01	0.07	8.37	3.39	0.00
0	0	0.05	0.47	63.37	20.27	0.00
0	4	0.00	0.00	0.37	0.19	0.00
1	1	0.00	0.04	1.00	1.10	0.00
1	5	0.00	0.02	0.38	0.40	0.00
2	2	0.00	0.00	0.31	0.98	0.00
2	6	0.00	0.00	0.39	1.18	0.00
3	3	0.00	0.00	0.77	1.78	0.00
3	7	0.00	0.00	0.34	1.19	0.00
Core	CPU	C1%	C3%	C6%	C8%	C9%
-	-	0.01	0.02	8.75	3.31	0.00
0	0	0.05	0.15	65.49	21.45	0.00
0	4	0.00	0.00	0.87	0.11	0.00
1	1	0.00	0.00	0.78	0.80	0.00
1	5	0.00	0.00	0.26	0.89	0.00
2	2	0.00	0.00	1.02	0.78	0.00
2	6	0.00	0.02	0.95	0.51	0.00
3	3	0.00	0.00	0.30	1.19	0.00
3	7	0.00	0.00	0.37	0.79	0.00
Core	CPU	C1%	C3%	C6%	C8%	C9%
-	-	0.01	0.05	8.53	3.85	0.00
0	0	0.03	0.34	65.09	21.61	0.00
0	4	0.06	0.00	0.88	1.47	0.02
1	1	0.00	0.00	0.79	1.11	0.00
1	5	0.00	0.00	0.35	1.01	0.00
2	2	0.00	0.00	0.44	1.39	0.00
2	6	0.02	0.00	0.33	2.20	0.00
3	3	0.00	0.00	0.19	1.09	0.00
3	7	0.00	0.04	0.19	0.89	0.00
Core	CPU	C1%	C3%	C6%	C8%	C9%
-	-	0.00	0.05	8.76	3.10	0.16
0	0	0.03	0.39	66.00	20.73	0.00
0	4	0.00	0.00	0.68	0.00	1.31
1	1	0.00	0.00	0.98	0.39	0.00
1	5	0.00	0.00	0.26	0.99	0.00
2	2	0.00	0.00	0.64	0.50	0.00
2	6	0.00	0.01	0.51	0.50	0.00
3	3	0.00	0.00	0.20	1.19	0.00
3	7	0.00	0.00	0.78	0.49	0.00
Core	CPU	C1%	C3%	C6%	C8%	C9%
-	-	0.00	0.04	8.68	3.55	0.00
0	0	0.04	0.25	65.25	21.63	0.00
0	4	0.00	0.02	0.91	0.71	0.00
1	1	0.00	0.00	0.31	1.30	0.00
1	5	0.00	0.00	0.57	0.79	0.00
2	2	0.00	0.00	0.75	0.99	0.00
2	6	0.00	0.00	0.64	0.80	0.00
3	3	0.00	0.01	0.73	1.39	0.00
3	7	0.00	0.00	0.30	0.80	0.00
Core	CPU	C1%	C3%	C6%	C8%	C9%
-	-	0.00	0.07	8.20	3.33	0.00
0	0	0.04	0.57	62.94	20.62	0.00
0	4	0.00	0.00	0.49	0.41	0.00
1	1	0.00	0.00	0.36	1.31	0.00
1	5	0.00	0.00	0.13	0.50	0.00
2	2	0.00	0.00	0.71	0.40	0.00
2	6	0.00	0.00	0.19	0.99	0.00
3	3	0.00	0.00	0.55	1.08	0.00
3	7	0.00	0.00	0.25	1.38	0.00
Core	CPU	C1%	C3%	C6%	C8%	C9%
-	-	0.00	0.04	8.92	3.33	0.12
0	0	0.03	0.28	65.63	21.22	0.00
0	4	0.00	0.00	0.88	0.00	0.00
1	1	0.00	0.00	0.48	1.10	0.00
1	5	0.00	0.00	1.12	0.89	0.00
2	2	0.00	0.01	1.01	0.68	0.00
2	6	0.00	0.01	1.05	1.17	0.93
3	3	0.00	0.00	0.78	0.79	0.00
3	7	0.00	0.00	0.38	0.79	0.00
Core	CPU	C1%	C3%	C6%	C8%	C9%
-	-	0.00	0.05	8.56	3.70	0.11
0	0	0.03	0.34	64.80	21.16	0.00
0	4	0.00	0.02	0.50	0.00	0.00
1	1	0.00	0.01	0.45	2.17	0.00
1	5	0.00	0.00	0.39	1.09	0.00
2	2	0.00	0.00	1.25	0.79	0.00
2	6	0.00	0.02	0.52	1.95	0.91
3	3	0.00	0.00	0.39	1.09	0.00
3	7	0.00	0.00	0.20	1.38	0.00
Core	CPU	C1%	C3%	C6%	C8%	C9%
-	-	0.01	0.02	8.73	3.24	0.00
0	0	0.04	0.14	65.32	21.71	0.00
0	4	0.00	0.00	0.74	0.49	0.00
1	1	0.00	0.02	0.94	0.20	0.00
1	5	0.00	0.01	0.59	0.00	0.00
2	2	0.00	0.00	0.20	0.99	0.00
2	6	0.00	0.00	0.97	0.79	0.00
3	3	0.00	0.00	0.92	0.70	0.00
3	7	0.00	0.00	0.14	1.08	0.00
Core	CPU	C1%	C3%	C6%	C8%	C9%
-	-	0.00	0.06	8.81	3.19	0.00
0	0	0.03	0.44	65.52	21.17	0.00
0	4	0.00	0.00	0.88	0.00	0.00
1	1	0.00	0.00	0.78	0.90	0.00
1	5	0.00	0.00	0.44	0.90	0.00
2	2	0.00	0.00	0.83	0.29	0.00
2	6	0.00	0.01	1.09	0.39	0.00
3	3	0.00	0.00	0.60	0.79	0.00
3	7	0.00	0.00	0.38	1.08	0.00
Core	CPU	C1%	C3%	C6%	C8%	C9%
-	-	0.01	0.05	8.42	3.62	0.00
0	0	0.05	0.40	63.44	20.26	0.00
0	4	0.00	0.00	0.90	0.30	0.00
1	1	0.00	0.00	0.50	1.48	0.00
1	5	0.00	0.00	0.85	1.28	0.00
2	2	0.00	0.00	0.54	1.29	0.00
2	6	0.00	0.00	0.42	1.38	0.00
3	3	0.00	0.01	0.49	1.69	0.00
3	7	0.00	0.00	0.20	1.28	0.00
Core	CPU	C1%	C3%	C6%	C8%	C9%
-	-	0.01	0.01	8.49	3.70	0.00
0	0	0.06	0.06	65.14	21.98	0.00
0	4	0.00	0.00	0.24	0.50	0.00
1	1	0.00	0.03	1.01	0.67	0.00
1	5	0.00	0.00	0.10	0.80	0.00
2	2	0.00	0.00	0.38	1.39	0.00
2	6	0.00	0.00	0.46	1.19	0.00
3	3	0.00	0.00	0.34	1.59	0.00
3	7	0.00	0.03	0.28	1.49	0.00
Core	CPU	C1%	C3%	C6%	C8%	C9%
-	-	0.02	0.08	8.59	3.43	0.10
0	0	0.05	0.62	64.77	20.89	0.00
0	4	0.08	0.01	0.36	0.89	0.83
1	1	0.00	0.00	0.95	1.10	0.00
1	5	0.00	0.00	0.33	0.60	0.00
2	2	0.00	0.00	0.59	0.10	0.00
2	6	0.00	0.00	0.53	1.38	0.00
3	3	0.00	0.00	0.67	1.29	0.00
3	7	0.00	0.00	0.55	1.18	0.00
Core	CPU	C1%	C3%	C6%	C8%	C9%
-	-	0.01	0.15	8.82	6.89	0.00
0	0	0.04	1.10	65.19	21.15	0.00
0	4	0.00	0.00	0.97	0.00	0.00
1	1	0.00	0.00	1.01	1.71	0.00
1	5	0.00	0.00	0.35	0.79	0.00
2	2	0.00	0.00	0.83	0.33	0.00
2	6	0.00	0.02	0.94	1.09	0.00
3	3	0.00	0.00	0.30	0.89	0.00
3	7	0.01	0.05	0.99	29.16	0.00
Core	CPU	C1%	C3%	C6%	C8%	C9%
-	-	0.01	0.04	8.56	3.37	0.00
0	0	0.07	0.32	65.23	21.57	0.00
0	4	0.00	0.00	0.49	0.00	0.00
1	1	0.00	0.00	0.40	1.20	0.00
1	5	0.00	0.00	0.36	0.89	0.00
2	2	0.00	0.00	0.45	0.69	0.00
2	6	0.00	0.00	0.40	1.30	0.00
3	3	0.00	0.01	0.39	0.90	0.00
3	7	0.00	0.00	0.79	0.39	0.00
Core	CPU	C1%	C3%	C6%	C8%	C9%
-	-	0.01	0.06	8.29	3.55	0.00
0	0	0.08	0.40	63.28	20.42	0.00
0	4	0.00	0.00	1.18	0.00	0.00
1	1	0.00	0.02	0.52	0.60	0.00
1	5	0.00	0.00	0.09	1.97	0.00
2	2	0.00	0.00	0.50	1.27	0.00
2	6	0.00	0.01	0.28	1.28	0.00
3	3	0.00	0.00	0.25	1.09	0.00
3	7	0.00	0.03	0.23	1.77	0.00
Core	CPU	C1%	C3%	C6%	C8%	C9%
-	-	0.01	0.04	8.83	3.32	0.00
0	0	0.07	0.27	65.46	21.38	0.00
0	4	0.00	0.00	0.66	0.00	0.00
1	1	0.00	0.00	0.36	1.19	0.00
1	5	0.00	0.00	0.60	0.81	0.00
2	2	0.00	0.00	0.90	0.79	0.00
2	6	0.00	0.00	1.05	0.10	0.00
3	3	0.00	0.03	0.80	1.18	0.00
3	7	0.00	0.00	0.79	1.08	0.00
Core	CPU	C1%	C3%	C6%	C8%	C9%
-	-	0.01	0.04	8.49	3.45	0.22
0	0	0.07	0.27	64.68	21.19	0.00
0	4	0.00	0.00	0.98	0.39	0.92
1	1	0.00	0.00	0.49	1.20	0.00
1	5	0.00	0.00	0.36	0.79	0.00
2	2	0.00	0.00	0.24	0.99	0.00
2	6	0.00	0.01	0.38	1.18	0.83
3	3	0.00	0.00	0.50	0.89	0.00
3	7	0.00	0.00	0.28	0.99	0.00
Core	CPU	C1%	C3%	C6%	C8%	C9%
-	-	0.01	0.04	8.54	3.67	0.00
0	0	0.09	0.31	64.87	21.81	0.00
0	4	0.00	0.02	0.64	0.68	0.00
1	1	0.00	0.00	0.31	0.80	0.00
1	5	0.00	0.00	0.38	1.28	0.00
2	2	0.00	0.00	0.56	1.19	0.00
2	6	0.00	0.00	0.84	0.79	0.00
3	3	0.00	0.00	0.42	1.29	0.00
3	7	0.00	0.00	0.30	1.49	0.00
Core	CPU	C1%	C3%	C6%	C8%	C9%
-	-	0.01	0.05	8.58	3.41	0.39
0	0	0.09	0.42	65.62	20.98	0.00
0	4	0.00	0.00	0.64	0.29	3.09
1	1	0.00	0.00	0.35	1.59	0.00
1	5	0.00	0.00	0.18	0.50	0.00
2	2	0.00	0.00	0.69	0.07	0.00
2	6	0.00	0.00	0.28	1.29	0.00
3	3	0.00	0.00	0.65	1.28	0.00
3	7	0.00	0.00	0.24	1.29	0.00
Core	CPU	C1%	C3%	C6%	C8%	C9%
-	-	0.01	0.09	8.54	3.43	0.20
0	0	0.08	0.69	63.05	20.15	0.00
0	4	0.00	0.00	0.86	0.30	1.62
1	1	0.00	0.00	0.36	1.20	0.00
1	5	0.00	0.00	1.61	0.89	0.00
2	2	0.00	0.01	0.69	1.61	0.00
2	6	0.00	0.00	0.10	0.99	0.00
3	3	0.00	0.00	1.14	1.59	0.00
3	7	0.00	0.00	0.50	0.68	0.00
Core	CPU	C1%	C3%	C6%	C8%	C9%
-	-	0.01	0.05	8.51	3.47	0.00
0	0	0.08	0.39	65.31	21.30	0.00
0	4	0.00	0.00	0.28	0.22	0.00
1	1	0.00	0.00	0.50	1.40	0.00
1	5	0.00	0.00	0.37	0.99	0.00
2	2	0.00	0.00	0.34	0.60	0.00
2	6	0.00	0.01	0.32	1.30	0.00
3	3	0.00	0.01	0.58	1.00	0.00
3	7	0.00	0.00	0.38	0.99	0.00
Core	CPU	C1%	C3%	C6%	C8%	C9%
-	-	0.01	0.06	8.38	3.78	0.00
0	0	0.09	0.44	64.12	21.61	0.00
0	4	0.00	0.00	0.24	0.99	0.00
1	1	0.00	0.01	0.41	0.42	0.00
1	5	0.00	0.00	0.18	1.58	0.00
2	2	0.00	0.00	0.66	1.39	0.00
2	6	0.00	0.02	0.73	1.96	0.00
3	3	0.00	0.00	0.34	1.09	0.00
3	7	0.00	0.00	0.32	1.19	0.00
Core	CPU	C1%	C3%	C6%	C8%	C9%
-	-	0.01	0.03	8.43	3.39	0.00
0	0	0.10	0.18	64.78	21.70	0.00
0	4	0.00	0.00	0.76	0.37	0.00
1	1	0.00	0.00	0.37	0.71	0.00
1	5	0.00	0.02	0.10	0.79	0.00
2	2	0.00	0.00	0.10	0.80	0.00
2	6	0.00	0.02	0.74	0.99	0.00
3	3	0.00	0.00	0.36	0.89	0.00
3	7	0.00	0.01	0.24	0.89	0.00
Core	CPU	C1%	C3%	C6%	C8%	C9%
-	-	0.01	0.04	8.62	3.32	0.00
0	0	0.09	0.31	64.83	21.84	0.00
0	4	0.00	0.00	0.53	0.00	0.00
1	1	0.00	0.04	1.00	0.11	0.00
1	5	0.00	0.00	0.28	1.14	0.00
2	2	0.00	0.00	0.19	0.98	0.00
2	6	0.00	0.00	0.34	0.99	0.00
3	3	0.00	0.00	0.85	1.09	0.00
3	7	0.00	0.00	0.93	0.39	0.00
Core	CPU	C1%	C3%	C6%	C8%	C9%
-	-	0.01	0.04	8.27	3.36	0.00
0	0	0.08	0.26	62.73	21.06	0.00
0	4	0.00	0.00	0.87	0.00	0.00
1	1	0.00	0.03	0.73	1.00	0.00
1	5	0.00	0.00	0.24	0.91	0.00
2	2	0.00	0.03	0.47	0.80	0.00
2	6	0.00	0.00	0.30	1.30	0.00
3	3	0.00	0.01	0.38	0.89	0.00
3	7	0.00	0.00	0.45	0.89	0.00
Core	CPU	C1%	C3%	C6%	C8%	C9%
-	-	0.01	0.03	8.68	3.40	0.00
0	0	0.10	0.27	64.86	21.97	0.00
0	4	0.00	0.00	0.30	0.00	0.00
1	1	0.00	0.00	1.08	0.89	0.00
1	5	0.00	0.00	1.04	0.99	0.00
2	2	0.00	0.00	0.44	0.69	0.00
2	6	0.00	0.00	0.33	0.90	0.00
3	3	0.00	0.00	0.80	0.78	0.00
3	7	0.00	0.00	0.58	0.98	0.00
Core	CPU	C1%	C3%	C6%	C8%	C9%
-	-	0.01	0.05	8.49	3.53	0.00
0	0	0.07	0.38	64.71	21.00	0.00
0	4	0.00	0.03	0.87	0.90	0.00
1	1	0.00	0.01	0.60	1.29	0.00
1	5	0.00	0.00	0.19	1.09	0.00
2	2	0.00	0.00	0.37	0.89	0.00
2	6	0.00	0.02	0.51	1.22	0.00
3	3	0.00	0.00	0.43	0.69	0.00
3	7	0.00	0.00	0.23	1.19	0.00
Core	CPU	C1%	C3%	C6%	C8%	C9%
-	-	0.01	0.05	8.82	3.75	0.00
0	0	0.10	0.34	64.85	21.82	0.00
0	4	0.00	0.00	1.12	0.31	0.00
1	1	0.00	0.04	1.32	1.56	0.00
1	5	0.00	0.00	0.88	0.59	0.00
2	2	0.00	0.00	0.30	1.17	0.00
2	6	0.00	0.00	0.46	1.97	0.00
3	3	0.00	0.00	0.91	1.28	0.00
3	7	0.00	0.00	0.73	1.28	0.00
Core	CPU	C1%	C3%	C6%	C8%	C9%
-	-	0.01	0.04	8.58	3.44	0.00
0	0	0.08	0.29	64.94	21.85	0.00
0	4	0.00	0.00	0.88	0.00	0.00
1	1	0.00	0.00	0.77	0.80	0.00
1	5	0.00	0.00	0.25	0.99	0.00
2	2	0.00	0.00	0.32	0.99	0.00
2	6	0.00	0.00	0.17	0.99	0.00
3	3	0.00	0.00	0.49	0.89	0.00
3	7	0.00	0.00	0.85	0.99	0.00
Core	CPU	C1%	C3%	C6%	C8%	C9%
-	-	0.01	0.05	8.34	3.39	0.00
0	0	0.08	0.34	63.29	20.39	0.00
0	4	0.00	0.00	0.60	0.00	0.00
1	1	0.00	0.00	0.82	0.70	0.00
1	5	0.00	0.00	0.36	0.99	0.00
2	2	0.00	0.00	0.25	1.08	0.00
2	6	0.00	0.00	0.31	1.19	0.00
3	3	0.00	0.02	0.39	1.49	0.00
3	7	0.00	0.00	0.69	1.29	0.00
Core	CPU	C1%	C3%	C6%	C8%	C9%
-	-	0.01	0.04	8.55	3.40	0.00
0	0	0.09	0.23	64.91	21.83	0.00
0	4	0.00	0.00	1.03	0.00	0.00
1	1	0.00	0.04	0.97	0.39	0.00
1	5	0.00	0.00	0.20	0.70	0.00
2	2	0.00	0.00	0.58	1.18	0.00
2	6	0.00	0.00	0.37	0.79	0.00
3	3	0.00	0.00	0.25	0.98	0.00
3	7	0.00	0.03	0.10	1.29	0.00
Core	CPU	C1%	C3%	C6%	C8%	C9%
-	-	0.01	0.05	8.50	3.28	0.00
0	0	0.08	0.35	64.39	21.27	0.00
0	4	0.00	0.00	0.66	0.00	0.00
1	1	0.00	0.00	0.57	0.79	0.00
1	5	0.00	0.09	0.29	0.89	0.00
2	2	0.00	0.00	0.59	0.10	0.00
2	6	0.00	0.00	0.20	0.98	0.00
3	3	0.00	0.00	0.86	1.39	0.00
3	7	0.00	0.00	0.46	0.79	0.00
Core	CPU	C1%	C3%	C6%	C8%	C9%
-	-	0.01	0.03	8.55	3.49	0.00
0	0	0.10	0.15	65.25	21.57	0.00
0	4	0.00	0.00	0.66	0.10	0.00
1	1	0.00	0.05	0.66	1.19	0.00
1	5	0.00	0.00	0.67	0.59	0.00
2	2	0.00	0.00	0.15	1.18	0.00
2	6	0.00	0.00	0.14	1.29	0.00
3	3	0.00	0.02	0.50	0.99	0.00
3	7	0.00	0.00	0.38	0.99	0.00
Core	CPU	C1%	C3%	C6%	C8%	C9%
-	-	0.01	0.19	8.68	7.02	0.35
0	0	0.08	1.26	65.46	20.66	0.00
0	4	0.00	0.02	0.59	0.00	2.81
1	1	0.00	0.05	0.53	2.45	0.00
1	5	0.00	0.00	0.19	1.10	0.00
2	2	0.00	0.00	0.37	0.99	0.00
2	6	0.00	0.00	0.41	1.19	0.00
3	3	0.00	0.00	0.73	0.59	0.00
3	7	0.01	0.19	1.15	29.19	0.00
Core	CPU	C1%	C3%	C6%	C8%	C9%
-	-	0.01	0.05	8.50	3.37	0.00
0	0	0.07	0.34	62.92	20.76	0.00
0	4	0.00	0.00	0.55	0.00	0.00
1	1	0.00	0.00	1.15	1.59	0.00
1	5	0.00	0.00	0.13	0.50	0.00
2	2	0.00	0.00	0.49	0.46	0.00
2	6	0.00	0.03	1.07	1.86	0.00
3	3	0.00	0.00	0.27	0.99	0.00
3	7	0.00	0.02	1.43	0.79	0.00
Core	CPU	C1%	C3%	C6%	C8%	C9%
-	-	0.01	0.06	8.71	3.41	0.14
0	0	0.08	0.45	64.81	21.66	0.00
0	4	0.00	0.00	0.89	0.10	1.10
1	1	0.00	0.00	0.46	1.21	0.00
1	5	0.00	0.00	1.30	0.99	0.00
2	2	0.00	0.02	0.39	1.13	0.00
2	6	0.00	0.00	0.60	0.50	0.00
3	3	0.00	0.02	0.80	0.89	0.00
3	7	0.00	0.00	0.46	0.79	0.00
Core	CPU	C1%	C3%	C6%	C8%	C9%
-	-	0.01	0.04	8.35	3.54	0.00
0	0	0.09	0.27	64.23	21.61	0.00
0	4	0.00	0.00	0.64	0.58	0.00
1	1	0.00	0.02	0.55	1.40	0.00
1	5	0.00	0.00	0.36	0.99	0.00
2	2	0.00	0.00	0.24	0.91	0.00
2	6	0.00	0.02	0.13	1.28	0.00
3	3	0.00	0.00	0.29	0.90	0.00
3	7	0.00	0.00	0.38	0.69	0.00
Core	CPU	C1%	C3%	C6%	C8%	C9%
-	-	0.07	0.05	8.68	3.27	0.07
0	0	0.08	0.31	64.76	21.92	0.00
0	4	0.00	0.03	0.59	0.00	0.58
1	1	0.00	0.02	0.50	0.50	0.00
1	5	0.48	0.00	0.19	0.98	0.00
2	2	0.00	0.00	0.27	1.28	0.00
2	6	0.00	0.00	0.85	0.29	0.00
3	3	0.00	0.00	0.93	0.39	0.00
3	7	0.00	0.01	1.38	0.79	0.00
Core	CPU	C1%	C3%	C6%	C8%	C9%
-	-	0.01	0.02	8.50	3.39	0.00
0	0	0.09	0.17	65.05	21.80	0.00
0	4	0.00	0.00	0.96	0.00	0.00
1	1	0.00	0.01	0.46	1.27	0.00
1	5	0.00	0.00	0.33	0.79	0.00
2	2	0.00	0.00	0.10	0.64	0.00
2	6	0.00	0.00	0.30	0.79	0.00
3	3	0.00	0.00	0.57	1.08	0.00
3	7	0.00	0.00	0.25	0.79	0.00
Core	CPU	C1%	C3%	C6%	C8%	C9%
-	-	0.01	0.07	8.57	3.47	0.44
0	0	0.08	0.51	62.60	20.92	0.00
0	4	0.00	0.00	0.88	0.00	0.00
1	1	0.00	0.01	1.11	1.09	0.00
1	5	0.00	0.00	0.34	1.09	0.00
2	2	0.00	0.00	1.02	1.71	0.00
2	6	0.00	0.01	0.97	0.29	0.00
3	3	0.01	0.00	1.26	1.69	3.50
3	7	0.00	0.00	0.38	0.98	0.00
Core	CPU	C1%	C3%	C6%	C8%	C9%
-	-	0.01	0.02	8.53	3.58	0.00
0	0	0.09	0.11	65.20	21.72	0.00
0	4	0.00	0.00	0.60	0.00	0.00
1	1	0.00	0.03	0.69	0.99	0.00
1	5	0.00	0.00	0.42	1.39	0.00
2	2	0.00	0.00	0.25	1.39	0.00
2	6	0.00	0.03	0.29	0.69	0.00
3	3	0.00	0.02	0.28	1.00	0.00
3	7	0.00	0.00	0.49	1.49	0.00
Core	CPU	C1%	C3%	C6%	C8%	C9%
-	-	0.01	0.04	8.59	3.43	0.11
0	0	0.09	0.28	64.43	21.50	0.87
0	4	0.00	0.00	0.83	0.00	0.00
1	1	0.00	0.00	0.52	0.60	0.00
1	5	0.00	0.00	0.67	1.09	0.00
2	2	0.00	0.00	0.17	0.99	0.00
2	6	0.00	0.00	0.35	0.80	0.00
3	3	0.00	0.01	0.93	1.70	0.00
3	7	0.00	0.02	0.80	0.79	0.00
Core	CPU	C1%	C3%	C6%	C8%	C9%
-	-	0.01	0.03	8.57	3.42	0.00
0	0	0.10	0.18	65.16	21.66	0.00
0	4	0.00	0.00	1.17	0.50	0.00
1	1	0.00	0.05	0.60	1.18	0.00
1	5	0.00	0.00	0.53	0.99	0.00
2	2	0.00	0.00	0.09	0.64	0.00
2	6	0.00	0.00	0.10	0.99	0.00
3	3	0.00	0.00	0.57	0.60	0.00
3	7	0.00	0.00	0.35	0.79	0.00
Core	CPU	C1%	C3%	C6%	C8%	C9%
-	-	0.01	0.05	8.67	3.60	0.00
0	0	0.09	0.36	65.12	21.51	0.00
0	4	0.00	0.00	1.37	0.00	0.00
1	1	0.00	0.01	0.49	1.37	0.00
1	5	0.00	0.00	0.54	0.99	0.00
2	2	0.00	0.00	0.23	1.49	0.00
2	6	0.00	0.02	0.20	1.09	0.00
3	3	0.00	0.00	0.70	1.38	0.00
3	7	0.00	0.00	0.68	0.99	0.00
Core	CPU	C1%	C3%	C6%	C8%	C9%
-	-	0.01	0.04	8.22	3.28	0.38
0	0	0.09	0.29	62.82	20.90	0.00
0	4	0.00	0.03	0.59	0.00	0.00
1	1	0.00	0.00	0.83	0.49	0.00
1	5	0.00	0.00	0.19	0.99	0.00
2	2	0.00	0.00	0.27	0.91	0.00
2	6	0.00	0.00	0.35	0.79	0.00
3	3	0.00	0.00	0.58	1.10	3.01
3	7	0.00	0.02	0.10	1.09	0.00
Core	CPU	C1%	C3%	C6%	C8%	C9%
-	-	0.01	0.04	8.65	3.35	0.14
0	0	0.09	0.32	65.25	21.39	0.00
0	4	0.00	0.00	0.50	0.00	1.12
1	1	0.00	0.00	0.60	1.18	0.00
1	5	0.00	0.00	0.36	1.29	0.00
2	2	0.00	0.00	0.25	0.98	0.00
2	6	0.00	0.00	0.14	1.08	0.00
3	3	0.00	0.02	1.09	0.49	0.00
3	7	0.00	0.00	0.99	0.39	0.00
Core	CPU	C1%	C3%	C6%	C8%	C9%
-	-	0.01	0.07	8.57	3.76	0.10
0	0	0.08	0.54	64.36	21.25	0.00
0	4	0.00	0.00	1.23	0.00	0.00
1	1	0.00	0.00	0.63	1.39	0.00
1	5	0.00	0.00	0.19	1.69	0.00
2	2	0.00	0.00	0.78	1.19	0.00
2	6	0.00	0.00	0.47	1.88	0.00
3	3	0.00	0.00	0.46	1.28	0.79
3	7	0.00	0.00	0.42	1.39	0.00
Core	CPU	C1%	C3%	C6%	C8%	C9%
-	-	0.01	0.06	8.70	3.35	0.00
0	0	0.09	0.46	64.94	21.63	0.00
0	4	0.00	0.00	0.76	0.00	0.00
1	1	0.00	0.03	1.05	0.00	0.00
1	5	0.00	0.00	0.22	1.49	0.00
2	2	0.00	0.01	0.49	0.59	0.00
2	6	0.00	0.00	0.10	0.89	0.00
3	3	0.00	0.00	1.13	0.99	0.00
3	7	0.00	0.00	0.95	1.19	0.00
Core	CPU	C1%	C3%	C6%	C8%	C9%
-	-	0.01	0.05	8.67	3.53	0.21
0	0	0.08	0.39	64.86	21.79	0.00
0	4	0.00	0.00	0.69	0.30	1.71
1	1	0.00	0.00	1.96	1.58	0.00
1	5	0.00	0.00	0.26	0.89	0.00
2	2	0.00	0.00	0.64	0.89	0.00
2	6	0.00	0.00	0.33	1.09	0.00
3	3	0.00	0.00	0.30	0.89	0.00
3	7	0.00	0.00	0.29	0.78	0.00
Core	CPU	C1%	C3%	C6%	C8%	C9%
-	-	0.01	0.12	8.16	3.34	0.00
0	0	0.07	0.93	63.05	20.40	0.00
0	4	0.00	0.02	0.50	0.00	0.00
1	1	0.00	0.04	0.30	0.78	0.00
1	5	0.00	0.00	0.19	1.20	0.00
2	2	0.00	0.00	0.66	1.00	0.00
2	6	0.00	0.00	0.15	1.09	0.00
3	3	0.00	0.00	0.32	1.00	0.00
3	7	0.00	0.00	0.10	1.29	0.00
Core	CPU	C1%	C3%	C6%	C8%	C9%
-	-	0.11	0.04	8.49	3.23	0.00
0	0	0.08	0.31	65.10	21.56	0.00
0	4	0.00	0.00	0.65	0.00	0.00
1	1	0.00	0.00	0.84	0.52	0.00
1	5	0.00	0.02	0.15	0.69	0.00
2	2	0.79	0.00	0.00	0.00	0.00
2	6	0.00	0.00	0.18	1.00	0.00
3	3	0.00	0.00	0.37	1.07	0.00
3	7	0.00	0.00	0.63	0.99	0.00
Core	CPU	C1%	C3%	C6%	C8%	C9%
-	-	0.01	0.07	8.55	3.46	0.10
0	0	0.08	0.58	64.62	21.03	0.00
0	4	0.00	0.00	0.86	0.00	0.00
1	1	0.00	0.00	0.80	1.50	0.00
1	5	0.00	0.00	0.42	0.80	0.00
2	2	0.00	0.01	0.48	0.99	0.00
2	6	0.00	0.00	0.29	1.00	0.00
3	3	0.00	0.00	0.46	1.79	0.00
3	7	0.00	0.00	0.47	0.59	0.79
Core	CPU	C1%	C3%	C6%	C8%	C9%
-	-	0.01	0.06	8.47	3.56	0.00
0	0	0.09	0.48	64.82	21.61	0.00
0	4	0.00	0.00	0.54	0.00	0.00
1	1	0.00	0.03	0.56	0.99	0.00
1	5	0.00	0.00	0.35	0.80	0.00
2	2	0.00	0.00	0.24	0.87	0.00
2	6	0.00	0.00	0.42	1.00	0.00
3	3	0.00	0.00	0.27	2.19	0.00
3	7	0.00	0.00	0.56	1.00	0.00
Core	CPU	C1%	C3%	C6%	C8%	C9%
-	-	0.01	0.04	8.65	3.79	0.19
0	0	0.08	0.30	65.20	21.55	0.00
0	4	0.00	0.00	1.00	0.19	0.00
1	1	0.00	0.02	0.71	1.49	0.00
1	5	0.00	0.00	0.78	1.58	0.00
2	2	0.00	0.00	0.45	1.38	0.00
2	6	0.00	0.00	0.25	1.38	0.00
3	3	0.00	0.00	0.52	1.29	0.00
3	7	0.00	0.00	0.33	1.49	1.49
Core	CPU	C1%	C3%	C6%	C8%	C9%
-	-	0.03	0.09	8.51	3.33	0.00
0	0	0.08	0.64	63.09	20.60	0.00
0	4	0.00	0.00	0.93	0.78	0.00
1	1	0.00	0.06	1.19	0.89	0.00
1	5	0.02	0.00	0.68	0.19	0.00
2	2	0.00	0.00	0.49	1.02	0.00
2	6	0.00	0.00	0.93	1.39	0.00
3	3	0.14	0.00	0.55	0.69	0.00
3	7	0.00	0.00	0.23	1.08	0.00
Core	CPU	C1%	C3%	C6%	C8%	C9%
-	-	0.01	0.10	8.53	7.10	0.00
0	0	0.07	0.79	64.25	21.93	0.00
0	4	0.00	0.00	0.64	0.99	0.00
1	1	0.00	0.00	0.71	0.90	0.00
1	5	0.00	0.00	0.31	0.90	0.00
2	2	0.00	0.00	0.29	0.61	0.00
2	6	0.00	0.00	0.28	0.79	0.00
3	3	0.00	0.00	0.86	1.19	0.00
3	7	0.01	0.04	0.89	29.51	0.00
Core	CPU	C1%	C3%	C6%	C8%	C9%
-	-	0.01	0.05	8.54	3.41	0.00
0	0	0.07	0.36	64.41	21.36	0.00
0	4	0.00	0.00	0.88	0.00	0.00
1	1	0.00	0.02	0.58	1.40	0.00
1	5	0.00	0.00	0.35	1.09	0.00
2	2	0.00	0.00	0.23	0.89	0.00
2	6	0.00	0.03	0.20	0.99	0.00
3	3	0.00	0.00	0.78	0.89	0.00
3	7	0.00	0.00	0.90	0.69	0.00
Core	CPU	C1%	C3%	C6%	C8%	C9%
-	-	0.01	0.07	8.76	3.66	0.00
0	0	0.08	0.57	65.11	21.35	0.00
0	4	0.00	0.00	0.59	0.00	0.00
1	1	0.00	0.00	0.51	1.48	0.00
1	5	0.00	0.00	1.43	1.38	0.00
2	2	0.00	0.00	0.84	1.38	0.00
2	6	0.00	0.00	0.64	1.18	0.00
3	3	0.00	0.02	0.69	1.19	0.00
3	7	0.00	0.00	0.30	1.28	0.00
Core	CPU	C1%	C3%	C6%	C8%	C9%
-	-	0.01	0.02	8.57	3.45	0.00
0	0	0.09	0.13	64.96	21.99	0.00
0	4	0.00	0.00	0.62	0.61	0.00
1	1	0.00	0.01	0.41	0.90	0.00
1	5	0.00	0.00	0.09	0.41	0.00
2	2	0.00	0.00	0.28	0.89	0.00
2	6	0.00	0.00	0.36	0.89	0.00
3	3	0.00	0.00	0.93	0.89	0.00
3	7	0.00	0.02	0.88	0.99	0.00
Core	CPU	C1%	C3%	C6%	C8%	C9%
-	-	0.01	0.03	8.22	3.39	0.00
0	0	0.07	0.26	63.20	20.69	0.00
0	4	0.00	0.00	0.46	0.10	0.00
1	1	0.00	0.00	0.55	1.59	0.00
1	5	0.00	0.00	0.12	0.49	0.00
2	2	0.00	0.00	0.49	0.40	0.00
2	6	0.00	0.00	0.10	1.09	0.00
3	3	0.00	0.00	0.47	1.99	0.00
3	7	0.00	0.00	0.36	0.79	0.00
Core	CPU	C1%	C3%	C6%	C8%	C9%
-	-	0.01	0.03	8.47	3.55	0.00
0	0	0.09	0.25	64.98	21.82	0.00
0	4	0.00	0.00	0.89	0.00	0.00
1	1	0.00	0.00	0.49	1.09	0.00
1	5	0.00	0.00	0.36	0.79	0.00
2	2	0.00	0.00	0.24	1.09	0.00
2	6	0.00	0.00	0.22	1.09	0.00
3	3	0.00	0.00	0.20	1.28	0.00
3	7	0.00	0.02	0.38	1.27	0.00
Core	CPU	C1%	C3%	C6%	C8%	C9%
-	-	0.01	0.07	8.51	3.29	0.00
0	0	0.08	0.52	64.22	21.45	0.00
0	4	0.00	0.02	0.50	0.00	0.00
1	1	0.00	0.01	0.31	1.00	0.00
1	5	0.00	0.00	1.07	0.98	0.00
2	2	0.00	0.00	0.37	0.89	0.00
2	6	0.00	0.00	0.35	0.79	0.00
3	3	0.00	0.00	0.69	0.49	0.00
3	7	0.00	0.00	0.60	0.69	0.00
Core	CPU	C1%	C3%	C6%	C8%	C9%
-	-	0.01	0.04	8.44	3.35	0.00
0	0	0.08	0.23	65.17	21.65	0.00
0	4	0.00	0.00	0.93	0.21	0.00
1	1	0.00	0.02	0.41	0.90	0.00
1	5	0.00	0.00	0.00	0.40	0.00
2	2	0.00	0.00	0.29	0.98	0.00
2	6	0.00	0.00	0.27	0.89	0.00
3	3	0.00	0.00	0.35	0.79	0.00
3	7	0.00	0.03	0.10	0.99	0.00
Core	CPU	C1%	C3%	C6%	C8%	C9%
-	-	0.01	0.03	8.48	3.49	0.00
0	0	0.08	0.25	65.14	21.60	0.00
0	4	0.00	0.00	0.56	0.30	0.00
1	1	0.00	0.00	0.45	1.30	0.00
1	5	0.00	0.00	0.32	1.68	0.00
2	2	0.00	0.01	0.20	0.30	0.00
2	6	0.00	0.00	0.30	0.59	0.00
3	3	0.00	0.00	0.54	1.29	0.00
3	7	0.00	0.00	0.37	0.88	0.00
Core	CPU	C1%	C3%	C6%	C8%	C9%
-	-	0.02	0.10	8.42	3.65	1.69
0	0	0.13	0.73	63.19	20.11	0.00
0	4	0.00	0.00	0.29	0.21	13.48
1	1	0.00	0.00	0.68	1.39	0.00
1	5	0.00	0.00	0.51	1.18	0.00
2	2	0.00	0.00	0.25	1.38	0.00
2	6	0.00	0.05	0.94	1.78	0.00
3	3	0.00	0.01	0.38	1.59	0.06
3	7	0.00	0.00	1.15	1.58	0.00
Core	CPU	C1%	C3%	C6%	C8%	C9%
-	-	0.01	0.04	8.58	3.85	0.00
0	0	0.09	0.26	64.82	21.97	0.00
0	4	0.00	0.00	0.89	0.49	0.00
1	1	0.00	0.00	0.41	1.79	0.00
1	5	0.00	0.00	0.51	1.67	0.00
2	2	0.00	0.00	0.36	1.48	0.00
2	6	0.00	0.00	0.64	1.28	0.00
3	3	0.00	0.02	0.79	0.80	0.00
3	7	0.00	0.00	0.19	1.29	0.00
Core	CPU	C1%	C3%	C6%	C8%	C9%
-	-	0.27	0.04	8.82	3.58	0.11
0	0	0.08	0.27	65.03	20.95	0.84
0	4	0.00	0.01	1.14	0.78	0.00
1	1	1.28	0.02	1.22	1.19	0.00
1	5	0.00	0.01	0.90	0.40	0.00
2	2	0.00	0.00	0.38	1.48	0.00
2	6	0.00	0.00	0.38	1.28	0.00
3	3	0.78	0.00	1.15	1.18	0.00
3	7	0.00	0.00	0.33	1.38	0.00
Core	CPU	C1%	C3%	C6%	C8%	C9%
-	-	0.01	0.03	8.58	3.41	0.00
0	0	0.09	0.19	64.87	21.96	0.00
0	4	0.00	0.00	0.96	0.30	0.00
1	1	0.00	0.03	0.66	0.87	0.00
1	5	0.00	0.00	0.23	0.99	0.00
2	2	0.00	0.02	0.59	0.59	0.00
2	6	0.00	0.00	0.39	0.80	0.00
3	3	0.00	0.00	0.60	0.99	0.00
3	7	0.00	0.01	0.36	0.79	0.00
Core	CPU	C1%	C3%	C6%	C8%	C9%
-	-	0.01	0.04	8.59	3.27	0.14
0	0	0.09	0.23	65.37	21.48	0.00
0	4	0.00	0.00	0.59	0.20	1.14
1	1	0.00	0.04	0.57	0.89	0.00
1	5	0.00	0.00	0.37	0.70	0.00
2	2	0.00	0.05	0.20	0.89	0.00
2	6	0.00	0.00	0.23	0.69	0.00
3	3	0.00	0.01	0.60	0.49	0.00
3	7	0.00	0.00	0.78	0.79	0.00
Core	CPU	C1%	C3%	C6%	C8%	C9%
-	-	0.01	0.07	8.49	3.22	0.00
0	0	0.08	0.50	63.32	20.34	0.00
0	4	0.00	0.03	0.70	0.40	0.00
1	1	0.00	0.01	0.42	1.29	0.00
1	5	0.00	0.00	0.47	0.99	0.00
2	2	0.00	0.00	0.65	1.09	0.00
2	6	0.00	0.00	0.35	0.79	0.00
3	3	0.00	0.00	1.02	0.40	0.00
3	7	0.00	0.01	0.99	0.50	0.00
Core	CPU	C1%	C3%	C6%	C8%	C9%
-	-	0.01	0.01	8.45	3.45	0.00
0	0	0.09	0.02	65.03	22.09	0.00
0	4	0.00	0.00	0.54	0.40	0.00
1	1	0.00	0.03	0.93	0.50	0.00
1	5	0.00	0.00	0.26	0.99	0.00
2	2	0.00	0.00	0.10	0.59	0.00
2	6	0.00	0.00	0.20	0.98	0.00
3	3	0.00	0.00	0.27	1.09	0.00
3	7	0.00	0.00	0.24	0.99	0.00
Core	CPU	C1%	C3%	C6%	C8%	C9%
-	-	0.01	0.04	8.55	3.53	0.11
0	0	0.08	0.20	64.67	21.35	0.00
0	4	0.00	0.00	1.20	1.48	0.00
1	1	0.00	0.03	0.65	0.90	0.00
1	5	0.00	0.00	0.22	1.10	0.00
2	2	0.00	0.02	0.38	0.93	0.00
2	6	0.00	0.00	0.18	0.91	0.00
3	3	0.00	0.05	0.60	0.99	0.90
3	7	0.00	0.00	0.46	0.60	0.00
Core	CPU	C1%	C3%	C6%	C8%	C9%
-	-	0.01	0.04	8.61	3.75	0.00
0	0	0.09	0.29	65.00	21.71	0.00
0	4	0.00	0.00	0.63	0.41	0.00
1	1	0.00	0.02	1.07	2.65	0.00
1	5	0.00	0.00	0.67	1.08	0.00
2	2	0.00	0.00	0.25	1.58	0.00
2	6	0.00	0.00	0.14	0.99	0.00
3	3	0.00	0.00	0.80	0.40	0.00
3	7	0.00	0.00	0.29	1.18	0.00
Core	CPU	C1%	C3%	C6%	C8%	C9%
-	-	0.01	0.02	8.54	3.35	0.00
0	0	0.08	0.11	65.19	21.91	0.00
0	4	0.00	0.04	0.59	0.21	0.00
1	1	0.00	0.00	0.82	0.19	0.00
1	5	0.00	0.00	0.19	1.59	0.00
2	2	0.00	0.00	0.48	0.69	0.00
2	6	0.00	0.00	0.37	0.69	0.00
3	3	0.00	0.00	0.35	0.69	0.00
3	7	0.00	0.00	0.33	0.79	0.00
Core	CPU	C1%	C3%	C6%	C8%	C9%
-	-	0.01	0.03	8.28	3.76	0.00
0	0	0.07	0.22	62.68	21.25	0.00
0	4	0.00	0.00	0.96	0.69	0.00
1	1	0.00	0.00	0.72	1.58	0.00
1	5	0.00	0.00	0.23	1.20	0.00
2	2	0.00	0.01	0.30	0.80	0.00
2	6	0.00	0.01	0.39	1.69	0.00
3	3	0.00	0.00	0.45	1.49	0.00
3	7	0.00	0.00	0.52	1.39	0.00
Core	CPU	C1%	C3%	C6%	C8%	C9%
-	-	0.01	0.04	8.58	3.65	0.00
0	0	0.08	0.35	65.43	21.34	0.00
0	4	0.00	0.00	0.19	1.48	0.00
1	1	0.00	0.00	0.68	1.01	0.00
1	5	0.00	0.00	0.53	0.80	0.00
2	2	0.00	0.00	0.43	1.00	0.00
2	6	0.00	0.00	0.25	1.20	0.00
3	3	0.00	0.00	0.77	1.70	0.00
3	7	0.00	0.00	0.38	0.70	0.00
Core	CPU	C1%	C3%	C6%	C8%	C9%
-	-	0.01	0.05	8.44	3.36	0.00
0	0	0.06	0.34	64.70	21.22	0.00
0	4	0.00	0.00	0.62	0.21	0.00
1	1	0.00	0.02	0.31	0.99	0.00
1	5	0.00	0.00	0.10	0.49	0.00
2	2	0.00	0.00	0.48	1.08	0.00
2	6	0.00	0.00	0.17	0.98	0.00
3	3	0.00	0.00	0.81	0.89	0.00
3	7	0.00	0.02	0.30	0.99	0.00
Core	CPU	C1%	C3%	C6%	C8%	C9%
-	-	0.01	0.16	8.71	6.65	0.00
0	0	0.06	1.12	65.32	21.13	0.00
0	4	0.00	0.00	0.67	0.19	0.00
1	1	0.00	0.00	1.09	0.99	0.00
1	5	0.00	0.00	0.22	0.42	0.00
2	2	0.00	0.00	0.10	0.59	0.00
2	6	0.00	0.03	0.36	0.50	0.00
3	3	0.00	0.00	0.66	0.60	0.00
3	7	0.01	0.16	1.29	28.81	0.00
Core	CPU	C1%	C3%	C6%	C8%	C9%
-	-	0.01	0.02	8.89	3.50	0.00
0	0	0.07	0.18	65.44	21.60	0.00
0	4	0.00	0.00	1.28	0.00	0.00
1	1	0.00	0.00	0.68	1.30	0.00
1	5	0.00	0.00	0.35	1.20	0.00
2	2	0.00	0.00	1.05	0.60	0.00
2	6	0.00	0.02	0.99	0.69	0.00
3	3	0.00	0.00	0.39	1.79	0.00
3	7	0.00	0.00	0.96	0.79	0.00
Core	CPU	C1%	C3%	C6%	C8%	C9%
-	-	0.01	0.05	8.59	3.61	0.43
0	0	0.07	0.33	65.46	21.30	0.00
0	4	0.00	0.00	0.50	0.00	0.00
1	1	0.00	0.00	0.44	1.60	0.00
1	5	0.00	0.00	0.35	1.29	0.00
2	2	0.00	0.05	0.19	1.00	0.00
2	6	0.00	0.00	0.33	1.00	0.00
3	3	0.01	0.05	1.15	1.33	3.47
3	7	0.00	0.00	0.29	1.37	0.00
Core	CPU	C1%	C3%	C6%	C8%	C9%
-	-	0.01	0.04	8.66	3.33	0.24
0	0	0.07	0.30	65.57	21.31	0.00
0	4	0.00	0.00	0.94	0.00	1.89
1	1	0.00	0.00	0.74	0.41	0.00
1	5	0.00	0.00	0.59	0.60	0.00
2	2	0.00	0.00	0.29	0.99	0.00
2	6	0.00	0.00	0.28	1.08	0.00
3	3	0.00	0.00	0.45	0.89	0.00
3	7	0.00	0.00	0.42	1.39	0.00
Core	CPU	C1%	C3%	C6%	C8%	C9%
-	-	0.01	0.02	8.38	3.28	0.00
0	0	0.07	0.18	64.71	21.50	0.00
0	4	0.00	0.00	0.66	0.00	0.00
1	1	0.00	0.00	0.36	0.60	0.00
1	5	0.00	0.00	0.22	0.81	0.00
2	2	0.00	0.00	0.10	0.79	0.00
2	6	0.00	0.00	0.29	0.88	0.00
3	3	0.00	0.00	0.37	0.89	0.00
3	7	0.00	0.01	0.36	0.79	0.00
Core	CPU	C1%	C3%	C6%	C8%	C9%
-	-	0.01	0.03	8.91	3.47	0.00
0	0	0.07	0.23	65.54	21.41	0.00
0	4	0.00	0.00	1.28	0.00	0.00
1	1	0.00	0.00	0.48	1.69	0.00
1	5	0.00	0.00	0.34	1.20	0.00
2	2	0.00	0.00	1.31	0.69	0.00
2	6	0.00	0.01	1.09	0.79	0.00
3	3	0.00	0.00	0.20	1.28	0.00
3	7	0.00	0.00	1.06	0.69	0.00
Core	CPU	C1%	C3%	C6%	C8%	C9%
-	-	0.01	0.01	8.61	3.66	0.00
0	0	0.06	0.08	65.32	21.88	0.00
0	4	0.00	0.00	0.64	0.20	0.00
1	1	0.00	0.00	0.51	1.20	0.00
1	5	0.00	0.00	0.65	1.18	0.00
2	2	0.00	0.00	0.26	0.98	0.00
2	6	0.00	0.00	0.24	1.09	0.00
3	3	0.00	0.02	0.97	1.59	0.00
3	7	0.00	0.00	0.29	1.20	0.00
Core	CPU	C1%	C3%	C6%	C8%	C9%
-	-	0.01	0.02	8.28	3.39	0.00
0	0	0.06	0.11	63.27	20.99	0.00
0	4	0.05	0.00	0.83	0.00	0.00
1	1	0.00	0.02	0.52	1.11	0.00
1	5	0.00	0.00	0.33	0.90	0.00
2	2	0.00	0.00	0.28	0.99	0.00
2	6	0.00	0.00	0.37	0.69	0.00
3	3	0.00	0.00	0.44	0.88	0.00
3	7	0.00	0.03	0.22	1.59	0.00
Core	CPU	C1%	C3%	C6%	C8%	C9%
-	-	0.00	0.04	8.61	3.38	0.00
0	0	0.03	0.28	65.54	21.39	0.00
0	4	0.00	0.00	0.57	0.00	0.00
1	1	0.00	0.00	0.36	0.89	0.00
1	5	0.00	0.00	0.31	1.01	0.00
2	2	0.00	0.00	0.10	0.79	0.00
2	6	0.00	0.00	0.38	1.28	0.00
3	3	0.00	0.00	0.77	0.89	0.00
3	7	0.00	0.00	0.84	0.79	0.00
Core	CPU	C1%	C3%	C6%	C8%	C9%
-	-	0.00	0.02	8.50	3.40	0.06
0	0	0.03	0.14	64.76	21.41	0.00
0	4	0.00	0.00	0.87	0.32	0.00
1	1	0.00	0.00	0.79	0.69	0.00
1	5	0.00	0.00	0.35	0.80	0.00
2	2	0.00	0.00	0.23	0.90	0.00
2	6	0.00	0.01	0.42	0.79	0.49
3	3	0.00	0.00	0.19	1.09	0.00
3	7	0.00	0.00	0.38	1.19	0.00
Core	CPU	C1%	C3%	C6%	C8%	C9%
-	-	0.01	0.05	8.62	3.49	0.00
0	0	0.04	0.31	65.52	21.31	0.00
0	4	0.00	0.02	0.21	0.77	0.00
1	1	0.00	0.04	0.69	0.50	0.00
1	5	0.00	0.00	0.27	0.99	0.00
2	2	0.00	0.00	0.37	1.07	0.00
2	6	0.00	0.00	0.58	0.98	0.00
3	3	0.00	0.00	1.03	1.29	0.00
3	7	0.00	0.00	0.30	0.99	0.00
Core	CPU	C1%	C3%	C6%	C8%	C9%
-	-	0.01	0.04	8.60	3.29	0.00
0	0	0.04	0.20	65.58	21.36	0.00
0	4	0.00	0.00	0.74	0.19	0.00
1	1	0.00	0.08	0.77	0.21	0.00
1	5	0.00	0.00	0.15	0.70	0.00
2	2	0.00	0.00	0.39	0.78	0.00
2	6	0.00	0.00	0.37	0.96	0.00
3	3	0.00	0.00	0.55	1.08	0.00
3	7	0.00	0.03	0.30	1.08	0.00
Core	CPU	C1%	C3%	C6%	C8%	C9%
-	-	0.01	0.04	8.29	3.08	0.42
0	0	0.03	0.16	63.18	20.77	0.00
0	4	0.00	0.00	0.85	0.00	0.00
1	1	0.00	0.02	0.83	0.49	0.00
1	5	0.00	0.00	0.34	0.58	0.00
2	2	0.00	0.00	0.22	0.90	0.00
2	6	0.00	0.00	0.19	0.64	0.00
3	3	0.01	0.10	0.27	0.49	3.36
3	7	0.00	0.00	0.46	0.79	0.00
Core	CPU	C1%	C3%	C6%	C8%	C9%
-	-	0.00	0.05	8.68	3.28	0.00
0	0	0.02	0.37	65.53	21.24	0.00
0	4	0.00	0.00	0.63	0.10	0.00
1	1	0.00	0.00	1.19	0.61	0.00
1	5	0.00	0.00	0.67	0.59	0.00
2	2	0.00	0.00	0.25	0.98	0.00
2	6	0.00	0.00	0.23	0.92	0.00
3	3	0.00	0.01	0.68	0.90	0.00
3	7	0.00	0.00	0.29	0.88	0.00
Core	CPU	C1%	C3%	C6%	C8%	C9%
-	-	0.00	0.05	8.61	3.40	0.00
0	0	0.03	0.33	64.50	21.53	0.00
0	4	0.00	0.03	0.49	0.00	0.00
1	1	0.00	0.00	0.41	1.12	0.00
1	5	0.00	0.00	0.37	0.99	0.00
2	2	0.00	0.00	0.37	1.09	0.00
2	6	0.00	0.00	0.25	1.38	0.00
3	3	0.00	0.00	1.48	0.30	0.00
3	7	0.00	0.01	0.99	0.79	0.00
Core	CPU	C1%	C3%	C6%	C8%	C9%
-	-	0.00	0.04	8.66	3.58	0.10
0	0	0.04	0.32	65.74	21.07	0.00
0	4	0.00	0.00	1.06	0.00	0.81
1	1	0.00	0.01	0.94	1.40	0.00
1	5	0.00	0.00	0.32	1.29	0.00
2	2	0.00	0.00	0.10	1.04	0.00
2	6	0.00	0.00	0.31	1.38	0.00
3	3	0.00	0.00	0.57	1.08	0.00
3	7	0.00	0.00	0.24	1.38	0.00
Core	CPU	C1%	C3%	C6%	C8%	C9%
-	-	0.00	0.05	8.64	3.59	0.00
0	0	0.04	0.35	65.31	21.48	0.00
0	4	0.00	0.00	0.97	0.49	0.00
1	1	0.00	0.00	0.47	1.29	0.00
1	5	0.00	0.00	0.63	1.20	0.00
2	2	0.00	0.00	0.31	0.83	0.00
2	6	0.00	0.03	0.77	1.48	0.00
3	3	0.00	0.00	0.29	0.99	0.00
3	7	0.00	0.00	0.37	0.99	0.00
Core	CPU	C1%	C3%	C6%	C8%	C9%
-	-	0.01	0.24	8.14	3.24	0.00
0	0	0.04	0.16	62.91	21.10	0.00
0	4	0.00	0.03	0.86	0.00	0.00
1	1	0.00	0.00	0.41	1.20	0.00
1	5	0.00	0.00	0.27	0.89	0.00
2	2	0.00	0.00	0.25	0.90	0.00
2	6	0.00	0.00	0.14	1.09	0.00
3	3	0.00	1.69	0.00	0.00	0.00
3	7	0.00	0.00	0.29	0.79	0.00
Core	CPU	C1%	C3%	C6%	C8%	C9%
-	-	0.02	0.05	8.67	3.54	0.00
0	0	0.05	0.40	65.09	21.64	0.00
0	4	0.00	0.03	0.50	0.00	0.00
1	1	0.00	0.00	0.31	0.81	0.00
1	5	0.00	0.00	0.48	1.58	0.00
2	2	0.00	0.00	0.27	1.68	0.00
2	6	0.00	0.00	0.39	0.79	0.00
3	3	0.08	0.00	1.51	1.40	0.00
3	7	0.00	0.01	0.80	0.39	0.00
Core	CPU	C1%	C3%	C6%	C8%	C9%
-	-	0.00	0.06	8.42	3.39	0.12
0	0	0.04	0.37	64.51	21.35	0.94
0	4	0.00	0.00	0.86	0.00	0.00
1	1	0.00	0.00	0.88	1.01	0.00
1	5	0.00	0.10	0.13	0.99	0.00
2	2	0.00	0.00	0.10	0.65	0.00
2	6	0.00	0.03	0.28	1.19	0.00
3	3	0.00	0.00	0.37	0.99	0.00
3	7	0.00	0.00	0.24	0.99	0.00
Core	CPU	C1%	C3%	C6%	C8%	C9%
-	-	0.00	0.06	8.73	3.24	0.56
0	0	0.04	0.43	65.77	20.94	0.00
0	4	0.00	0.00	0.86	0.09	4.50
1	1	0.00	0.00	0.37	1.20	0.00
1	5	0.00	0.00	1.02	0.99	0.00
2	2	0.00	0.02	0.39	0.73	0.00
2	6	0.00	0.00	0.79	0.40	0.00
3	3	0.00	0.00	0.29	0.79	0.00
3	7	0.00	0.00	0.36	0.79	0.00
Core	CPU	C1%	C3%	C6%	C8%	C9%
-	-	0.01	0.02	8.41	3.41	0.15
0	0	0.07	0.14	64.75	21.65	0.00
0	4	0.00	0.00	0.49	0.00	1.23
1	1	0.00	0.00	0.51	1.29	0.00
1	5	0.00	0.00	0.28	0.88	0.00
2	2	0.00	0.00	0.25	0.90	0.00
2	6	0.00	0.00	0.34	0.89	0.00
3	3	0.00	0.01	0.39	0.70	0.00
3	7	0.00	0.00	0.29	0.98	0.00
Core	CPU	C1%	C3%	C6%	C8%	C9%
-	-	0.01	0.53	8.24	6.82	0.00
0	0	0.04	1.06	63.40	20.62	0.00
0	4	0.00	0.00	0.52	0.08	0.00
1	1	0.00	0.00	0.27	2.43	0.00
1	5	0.00	0.00	0.26	0.96	0.00
2	2	0.00	0.00	0.16	1.36	0.00
2	6	0.00	0.00	0.27	1.28	0.00
3	3	0.00	1.44	0.53	0.10	0.00
3	7	0.02	1.71	0.50	27.73	0.00
Core	CPU	C1%	C3%	C6%	C8%	C9%
-	-	0.01	0.05	8.51	3.34	0.00
0	0	0.04	0.36	65.16	21.57	0.00
0	4	0.00	0.00	0.59	0.00	0.00
1	1	0.00	0.00	0.45	0.89	0.00
1	5	0.00	0.00	0.28	0.99	0.00
2	2	0.00	0.00	0.26	0.89	0.00
2	6	0.00	0.00	0.14	0.70	0.00
3	3	0.00	0.00	0.40	0.90	0.00
3	7	0.00	0.00	0.79	0.78	0.00
Core	CPU	C1%	C3%	C6%	C8%	C9%
-	-	0.01	0.03	8.40	3.72	0.06
0	0	0.06	0.24	64.39	21.71	0.00
0	4	0.00	0.00	0.52	0.70	0.00
1	1	0.00	0.02	0.51	1.58	0.00
1	5	0.00	0.00	0.17	0.41	0.00
2	2	0.00	0.00	0.47	1.59	0.00
2	6	0.00	0.00	0.37	1.58	0.51
3	3	0.00	0.00	0.54	1.00	0.00
3	7	0.00	0.00	0.23	1.19	0.00
Core	CPU	C1%	C3%	C6%	C8%	C9%
-	-	0.01	0.02	8.48	3.65	0.00
0	0	0.05	0.13	65.44	21.58	0.00
0	4	0.00	0.00	0.20	0.78	0.00
1	1	0.00	0.00	0.39	1.69	0.00
1	5	0.00	0.00	0.12	0.59	0.00
2	2	0.00	0.00	0.39	0.60	0.00
2	6	0.00	0.00	0.55	1.49	0.00
3	3	0.00	0.00	0.37	1.28	0.00
3	7	0.00	0.00	0.34	1.19	0.00
Core	CPU	C1%	C3%	C6%	C8%	C9%
-	-	0.01	0.07	8.28	3.45	0.00
0	0	0.05	0.39	63.21	20.53	0.00
0	4	0.00	0.00	0.87	0.00	0.00
1	1	0.00	0.00	0.47	1.69	0.00
1	5	0.00	0.00	0.33	0.89	0.00
2	2	0.00	0.02	0.30	0.90	0.00
2	6	0.00	0.00	0.20	1.29	0.00
3	3	0.00	0.17	0.48	1.38	0.00
3	7	0.00	0.00	0.37	0.89	0.00
Core	CPU	C1%	C3%	C6%	C8%	C9%
-	-	0.01	0.04	8.43	3.38	0.00
0	0	0.07	0.30	65.27	21.46	0.00
0	4	0.00	0.00	0.60	0.00	0.00
1	1	0.00	0.00	0.42	1.20	0.00
1	5	0.00	0.00	0.18	0.99	0.00
2	2	0.00	0.00	0.26	0.89	0.00
2	6	0.00	0.00	0.19	1.09	0.00
3	3	0.00	0.02	0.20	0.70	0.00
3	7	0.00	0.00	0.29	0.69	0.00
Core	CPU	C1%	C3%	C6%	C8%	C9%
-	-	0.01	0.06	8.68	3.53	0.00
0	0	0.07	0.46	65.21	21.47	0.00
0	4	0.00	0.00	0.72	0.20	0.00
1	1	0.00	0.00	0.31	1.59	0.00
1	5	0.00	0.00	1.18	0.89	0.00
2	2	0.00	0.00	0.57	1.18	0.00
2	6	0.00	0.00	0.43	1.18	0.00
3	3	0.00	0.00	0.25	0.98	0.00
3	7	0.00	0.03	0.79	0.79	0.00
Core	CPU	C1%	C3%	C6%	C8%	C9%
-	-	0.01	0.02	8.42	3.31	0.00
0	0	0.08	0.16	64.63	21.48	0.00
0	4	0.00	0.00	0.76	0.49	0.00
1	1	0.00	0.01	0.56	0.51	0.00
1	5	0.00	0.00	0.23	0.40	0.00
2	2	0.00	0.00	0.10	0.70	0.00
2	6	0.00	0.00	0.31	0.89	0.00
3	3	0.00	0.00	0.28	0.79	0.00
3	7	0.00	0.00	0.47	1.18	0.00
Core	CPU	C1%	C3%	C6%	C8%	C9%
-	-	0.01	0.06	8.67	3.69	0.00
0	0	0.06	0.45	65.32	21.33	0.00
0	4	0.00	0.00	0.99	0.00	0.00
1	1	0.00	0.01	0.68	1.48	0.00
1	5	0.00	0.00	0.55	1.78	0.00
2	2	0.00	0.00	0.24	1.09	0.00
2	6	0.00	0.03	0.72	1.09	0.00
3	3	0.00	0.01	0.61	1.29	0.00
3	7	0.00	0.00	0.29	1.48	0.00
Core	CPU	C1%	C3%	C6%	C8%	C9%
-	-	0.01	0.06	8.29	3.44	0.00
0	0	0.07	0.41	62.96	20.72	0.00
0	4	0.00	0.03	0.89	0.40	0.00
1	1	0.00	0.03	0.50	0.79	0.00
1	5	0.00	0.00	0.19	0.98	0.00
2	2	0.00	0.00	0.47	1.09	0.00
2	6	0.00	0.01	0.46	1.86	0.00
3	3	0.00	0.00	0.63	0.59	0.00
3	7	0.00	0.00	0.20	1.09	0.00
Core	CPU	C1%	C3%	C6%	C8%	C9%
-	-	0.01	0.05	8.39	3.28	0.00
0	0	0.07	0.35	64.97	21.75	0.00
0	4	0.00	0.00	0.25	0.29	0.00
1	1	0.00	0.04	0.52	0.80	0.00
1	5	0.00	0.02	0.19	0.50	0.00
2	2	0.00	0.00	0.00	0.50	0.00
2	6	0.00	0.00	0.68	0.50	0.00
3	3	0.00	0.00	0.27	0.89	0.00
3	7	0.00	0.00	0.25	0.98	0.00
Core	CPU	C1%	C3%	C6%	C8%	C9%
-	-	0.01	0.02	8.65	3.44	0.14
0	0	0.08	0.10	65.52	21.47	0.00
0	4	0.00	0.00	0.62	0.61	1.10
1	1	0.00	0.00	0.69	0.99	0.00
1	5	0.00	0.00	0.35	0.80	0.00
2	2	0.00	0.00	1.01	0.90	0.00
2	6	0.00	0.02	0.48	1.00	0.00
3	3	0.00	0.00	0.09	1.00	0.00
3	7	0.00	0.00	0.47	0.79	0.00
Core	CPU	C1%	C3%	C6%	C8%	C9%
-	-	0.01	0.07	8.55	3.86	0.00
0	0	0.07	0.41	64.59	21.13	0.00
0	4	0.00	0.04	1.05	0.49	0.00
1	1	0.00	0.01	0.75	2.20	0.00
1	5	0.00	0.00	0.36	1.29	0.00
2	2	0.00	0.00	0.45	1.39	0.00
2	6	0.00	0.00	0.25	1.49	0.00
3	3	0.00	0.11	0.75	1.28	0.00
3	7	0.00	0.01	0.20	1.59	0.00
Core	CPU	C1%	C3%	C6%	C8%	C9%
-	-	0.01	0.05	8.70	3.09	0.00
0	0	0.09	0.37	65.43	21.22	0.00
0	4	0.00	0.00	0.60	0.00	0.00
1	1	0.00	0.01	1.13	0.70	0.00
1	5	0.00	0.02	0.64	0.00	0.00
2	2	0.00	0.00	0.19	0.80	0.00
2	6	0.00	0.00	0.18	0.99	0.00
3	3	0.00	0.00	0.56	0.59	0.00
3	7	0.00	0.03	0.89	0.39	0.00
Core	CPU	C1%	C3%	C6%	C8%	C9%
-	-	0.01	0.05	8.35	3.61	0.00
0	0	0.08	0.27	63.21	23.98	0.00
0	4	0.00	0.00	0.87	0.00	0.00
1	1	0.00	0.01	0.76	0.80	0.00
1	5	0.00	0.00	0.63	0.59	0.00
2	2	0.00	0.02	0.30	1.38	0.00
2	6	0.00	0.03	0.56	0.30	0.00
3	3	0.00	0.09	0.19	0.88	0.00
3	7	0.00	0.00	0.28	0.98	0.00
Core	CPU	C1%	C3%	C6%	C8%	C9%
-	-	0.01	0.05	8.77	3.96	0.00
0	0	0.08	0.39	65.35	21.38	0.00
0	4	0.00	0.00	0.92	0.19	0.00
1	1	0.00	0.00	1.35	1.97	0.00
1	5	0.00	0.00	0.27	1.78	0.00
2	2	0.00	0.00	0.25	1.28	0.00
2	6	0.00	0.01	0.42	2.47	0.00
3	3	0.00	0.02	0.49	1.40	0.00
3	7	0.00	0.00	1.08	1.18	0.00
Core	CPU	C1%	C3%	C6%	C8%	C9%
-	-	0.01	0.06	8.94	3.75	0.00
0	0	0.08	0.42	64.93	21.59	0.00
0	4	0.00	0.03	1.19	0.77	0.00
1	1	0.00	0.00	0.45	1.49	0.00
1	5	0.00	0.00	0.38	1.98	0.00
2	2	0.00	0.00	0.86	1.28	0.00
2	6	0.00	0.00	0.95	0.59	0.00
3	3	0.00	0.00	1.80	1.49	0.00
3	7	0.00	0.01	0.99	0.79	0.00
Core	CPU	C1%	C3%	C6%	C8%	C9%
-	-	0.01	0.07	8.36	3.33	0.00
0	0	0.07	0.28	64.43	21.35	0.00
0	4	0.00	0.00	0.66	0.19	0.00
1	1	0.00	0.00	0.75	0.61	0.00
1	5	0.00	0.30	0.09	0.60	0.00
2	2	0.00	0.00	0.09	0.90	0.00
2	6	0.00	0.00	0.32	1.18	0.00
3	3	0.00	0.00	0.36	0.79	0.00
3	7	0.00	0.00	0.14	0.99	0.00
Core	CPU	C1%	C3%	C6%	C8%	C9%
-	-	0.01	0.03	8.72	3.36	0.00
0	0	0.09	0.20	65.33	21.52	0.00
0	4	0.00	0.00	1.08	0.00	0.00
1	1	0.00	0.00	0.48	1.20	0.00
1	5	0.00	0.00	0.34	0.99	0.00
2	2	0.00	0.00	1.01	0.52	0.00
2	6	0.00	0.01	0.96	0.50	0.00
3	3	0.00	0.00	0.20	1.19	0.00
3	7	0.00	0.00	0.37	0.99	0.00
Core	CPU	C1%	C3%	C6%	C8%	C9%
-	-	0.01	0.07	8.30	3.28	0.00
0	0	0.10	0.52	62.98	20.51	0.00
0	4	0.00	0.00	0.49	0.00	0.00
1	1	0.00	0.00	0.51	1.19	0.00
1	5	0.00	0.00	0.67	1.08	0.00
2	2	0.00	0.00	0.25	0.90	0.00
2	6	0.00	0.00	0.93	0.69	0.00
3	3	0.00	0.02	0.30	0.80	0.00
3	7	0.00	0.00	0.29	1.08	0.00
Core	CPU	C1%	C3%	C6%	C8%	C9%
-	-	0.01	0.04	8.76	3.49	0.00
0	0	0.11	0.27	65.13	21.57	0.00
0	4	0.00	0.00	0.92	0.00	0.00
1	1	0.00	0.01	0.31	1.59	0.00
1	5	0.00	0.00	0.47	1.19	0.00
2	2	0.00	0.00	0.27	1.38	0.00
2	6	0.00	0.00	0.36	0.99	0.00
3	3	0.00	0.01	1.62	0.40	0.00
3	7	0.00	0.02	0.99	0.79	0.00
Core	CPU	C1%	C3%	C6%	C8%	C9%
-	-	0.01	0.06	8.48	3.49	0.07
0	0	0.09	0.49	64.54	21.47	0.00
0	4	0.00	0.00	0.98	0.10	0.56
1	1	0.00	0.00	0.40	1.49	0.00
1	5	0.00	0.00	0.23	1.38	0.00
2	2	0.00	0.00	0.20	0.95	0.00
2	6	0.00	0.00	0.50	0.99	0.00
3	3	0.00	0.00	0.76	0.89	0.00
3	7	0.00	0.00	0.24	0.69	0.00
Core	CPU	C1%	C3%	C6%	C8%	C9%
-	-	0.01	0.15	8.51	6.88	0.00
0	0	0.07	1.18	64.05	21.84	0.00
0	4	0.00	0.00	0.67	0.20	0.00
1	1	0.00	0.00	0.58	1.41	0.00
1	5	0.00	0.00	0.71	0.20	0.00
2	2	0.00	0.02	0.29	0.82	0.00
2	6	0.00	0.00	0.34	0.45	0.00
3	3	0.00	0.00	0.19	0.89	0.00
3	7	0.01	0.03	1.27	29.26	0.00
Core	CPU	C1%	C3%	C6%	C8%	C9%
-	-	0.01	0.02	8.54	3.42	0.00
0	0	0.10	0.17	65.21	21.58	0.00
0	4	0.00	0.00	0.50	0.00	0.00
1	1	0.00	0.00	0.70	0.89	0.00
1	5	0.00	0.00	0.28	0.99	0.00
2	2	0.00	0.00	0.26	0.89	0.00
2	6	0.00	0.00	0.30	1.59	0.00
3	3	0.00	0.02	0.29	0.90	0.00
3	7	0.00	0.00	0.78	0.49	0.00
Core	CPU	C1%	C3%	C6%	C8%	C9%
-	-	0.01	0.06	8.27	3.41	0.00
0	0	0.08	0.40	63.18	20.35	0.00
0	4	0.00	0.00	0.52	0.00	0.00
1	1	0.00	0.00	0.70	0.61	0.00
1	5	0.00	0.00	0.28	0.99	0.00
2	2	0.00	0.00	0.27	1.67	0.00
2	6	0.00	0.00	0.26	1.29	0.00
3	3	0.00	0.00	0.86	0.89	0.00
3	7	0.00	0.05	0.09	1.49	0.00
Core	CPU	C1%	C3%	C6%	C8%	C9%
-	-	0.01	0.01	8.42	3.47	0.00
0	0	0.10	0.10	64.87	21.98	0.00
0	4	0.00	0.00	0.95	0.41	0.00
1	1	0.00	0.00	0.46	1.30	0.00
1	5	0.00	0.00	0.22	0.99	0.00
2	2	0.00	0.00	0.10	0.64	0.00
2	6	0.00	0.00	0.10	0.99	0.00
3	3	0.00	0.00	0.55	0.69	0.00
3	7	0.00	0.00	0.15	0.80	0.00
Core	CPU	C1%	C3%	C6%	C8%	C9%
-	-	0.01	0.04	8.45	3.58	0.00
0	0	0.10	0.28	64.30	21.62	0.00
0	4	0.00	0.00	0.97	0.11	0.00
1	1	0.00	0.00	0.47	1.99	0.00
1	5	0.00	0.00	0.44	1.37	0.00
2	2	0.00	0.00	0.23	1.00	0.00
2	6	0.00	0.05	0.17	0.89	0.00
3	3	0.00	0.00	0.50	0.69	0.00
3	7	0.00	0.00	0.51	0.98	0.00
Core	CPU	C1%	C3%	C6%	C8%	C9%
-	-	0.01	0.03	8.44	3.54	0.00
0	0	0.10	0.19	65.20	21.49	0.00
0	4	0.00	0.03	0.79	0.79	0.00
1	1	0.00	0.00	0.32	1.19	0.00
1	5	0.00	0.00	0.19	0.99	0.00
2	2	0.00	0.00	0.27	0.89	0.00
2	6	0.00	0.00	0.46	0.99	0.00
3	3	0.00	0.00	0.23	0.99	0.00
3	7	0.00	0.00	0.10	0.99	0.00
Core	CPU	C1%	C3%	C6%	C8%	C9%
-	-	0.01	0.08	8.84	3.55	0.00
0	0	0.10	0.61	64.93	21.22	0.00
0	4	0.00	0.00	1.33	0.00	0.00
1	1	0.00	0.01	0.93	0.11	0.00
1	5	0.00	0.01	0.88	1.33	0.00
2	2	0.00	0.00	0.69	1.28	0.00
2	6	0.00	0.00	0.28	1.38	0.00
3	3	0.00	0.00	1.34	1.78	0.00
3	7	0.00	0.00	0.34	1.28	0.00
Core	CPU	C1%	C3%	C6%	C8%	C9%
-	-	0.01	0.04	8.28	3.33	0.42
0	0	0.09	0.31	62.83	20.83	3.37
0	4	0.00	0.00	0.86	0.00	0.00
1	1	0.00	0.00	0.56	1.00	0.00
1	5	0.00	0.00	0.23	0.91	0.00
2	2	0.00	0.01	0.66	0.89	0.00
2	6	0.00	0.00	0.37	1.09	0.00
3	3	0.00	0.00	0.28	0.89	0.00
3	7	0.00	0.00	0.45	1.08	0.00
Core	CPU	C1%	C3%	C6%	C8%	C9%
-	-	0.01	0.04	8.40	3.63	0.00
0	0	0.11	0.30	64.79	21.82	0.00
0	4	0.00	0.00	0.50	0.00	0.00
1	1	0.00	0.00	0.50	1.09	0.00
1	5	0.00	0.00	0.50	1.28	0.00
2	2	0.00	0.00	0.24	1.19	0.00
2	6	0.00	0.00	0.16	0.99	0.00
3	3	0.00	0.00	0.10	1.29	0.00
3	7	0.00	0.00	0.42	1.38	0.00
Core	CPU	C1%	C3%	C6%	C8%	C9%
-	-	0.01	0.02	8.35	3.48	0.00
0	0	0.11	0.10	64.15	21.84	0.00
0	4	0.00	0.00	0.52	0.70	0.00
1	1	0.00	0.02	0.41	0.41	0.00
1	5	0.00	0.00	0.16	1.08	0.00
2	2	0.00	0.00	0.28	0.89	0.00
2	6	0.00	0.00	0.36	0.89	0.00
3	3	0.00	0.00	0.83	0.99	0.00
3	7	0.00	0.02	0.09	0.99	0.00
Core	CPU	C1%	C3%	C6%	C8%	C9%
-	-	0.01	0.03	8.52	3.34	0.00
0	0	0.09	0.23	65.13	21.55	0.00
0	4	0.00	0.00	0.16	0.40	0.00
1	1	0.00	0.01	0.76	0.58	0.00
1	5	0.00	0.00	0.13	1.60	0.00
2	2	0.00	0.01	0.20	0.30	0.00
2	6	0.00	0.00	0.59	0.60	0.00
3	3	0.00	0.00	0.82	0.89	0.00
3	7	0.00	0.00	0.36	0.79	0.00
Core	CPU	C1%	C3%	C6%	C8%	C9%
-	-	0.01	0.02	8.49	3.53	0.00
0	0	0.10	0.15	64.79	22.00	0.00
0	4	0.00	0.00	0.38	0.11	0.00
1	1	0.00	0.00	0.96	1.59	0.00
1	5	0.00	0.00	0.35	0.84	0.00
2	2	0.00	0.00	0.24	0.89	0.00
2	6	0.00	0.00	0.32	0.90	0.00
3	3	0.00	0.00	0.29	1.00	0.00
3	7	0.00	0.01	0.56	0.90	0.00
Core	CPU	C1%	C3%	C6%	C8%	C9%
-	-	0.01	0.08	8.41	3.55	0.00
0	0	0.09	0.40	63.03	20.53	0.00
0	4	0.00	0.00	1.71	0.00	0.00
1	1	0.00	0.00	0.67	1.49	0.00
1	5	0.00	0.00	0.24	1.20	0.00
2	2	0.00	0.00	0.32	1.20	0.00
2	6	0.00	0.00	0.33	1.79	0.00
3	3	0.00	0.24	0.18	1.19	0.00
3	7	0.00	0.00	0.82	0.99	0.00
Core	CPU	C1%	C3%	C6%	C8%	C9%
-	-	0.01	0.03	8.51	3.45	0.76
0	0	0.12	0.22	65.15	21.56	0.00
0	4	0.00	0.00	0.49	0.00	6.10
1	1	0.00	0.00	0.49	1.29	0.00
1	5	0.00	0.00	0.36	0.80	0.00
2	2	0.00	0.00	0.24	0.90	0.00
2	6	0.00	0.00	0.23	1.09	0.00
3	3	0.00	0.01	0.39	1.00	0.00
3	7	0.00	0.00	0.71	0.99	0.00
Core	CPU	C1%	C3%	C6%	C8%	C9%
-	-	0.01	0.06	8.78	3.46	0.00
0	0	0.09	0.48	65.22	21.03	0.00
0	4	0.00	0.03	0.89	0.20	0.00
1	1	0.00	0.00	0.41	2.08	0.00
1	5	0.00	0.00	0.27	1.09	0.00
2	2	0.00	0.00	0.46	0.89	0.00
2	6	0.00	0.00	0.25	0.89	0.00
3	3	0.00	0.00	1.83	1.00	0.00
3	7	0.00	0.01	0.90	0.49	0.00
Core	CPU	C1%	C3%	C6%	C8%	C9%
-	-	0.01	0.04	8.36	3.55	0.03
0	0	0.10	0.27	64.28	21.64	0.00
0	4	0.00	0.00	0.83	0.80	0.00
1	1	0.00	0.02	0.53	1.59	0.00
1	5	0.00	0.00	0.00	0.39	0.00
2	2	0.00	0.00	0.28	1.19	0.00
2	6	0.00	0.01	0.18	0.60	0.21
3	3	0.00	0.00	0.45	0.99	0.00
3	7	0.00	0.00	0.32	1.19	0.00
Core	CPU	C1%	C3%	C6%	C8%	C9%
-	-	0.01	0.03	8.54	3.15	0.00
0	0	0.10	0.25	65.37	21.32	0.00
0	4	0.00	0.00	0.46	0.20	0.00
1	1	0.00	0.01	0.37	1.28	0.00
1	5	0.00	0.00	0.22	0.40	0.00
2	2	0.00	0.01	0.59	0.00	0.00
2	6	0.00	0.00	0.60	0.40	0.00
3	3	0.00	0.00	0.28	0.88	0.00
3	7	0.00	0.00	0.46	0.69	0.00
Core	CPU	C1%	C3%	C6%	C8%	C9%
-	-	0.02	0.06	8.49	3.45	0.46
0	0	0.15	0.46	63.41	20.04	0.00
0	4	0.00	0.00	0.60	0.00	0.16
1	1	0.00	0.00	1.22	0.79	0.00
1	5	0.00	0.00	0.66	1.28	0.00
2	2	0.00	0.00	0.44	1.19	0.00
2	6	0.00	0.02	0.58	1.39	0.00
3	3	0.00	0.00	0.49	1.58	3.51
3	7	0.00	0.00	0.48	1.38	0.00
Core	CPU	C1%	C3%	C6%	C8%	C9%
-	-	0.01	0.07	8.61	3.47	0.00
0	0	0.10	0.52	64.67	21.73	0.00
0	4	0.00	0.03	0.89	0.11	0.00
1	1	0.00	0.00	0.31	1.68	0.00
1	5	0.00	0.00	1.07	0.99	0.00
2	2	0.00	0.00	0.27	0.89	0.00
2	6	0.00	0.00	0.85	0.30	0.00
3	3	0.00	0.00	0.65	0.99	0.00
3	7	0.00	0.02	0.20	1.08	0.00
Core	CPU	C1%	C3%	C6%	C8%	C9%
-	-	0.01	0.02	8.34	3.33	0.00
0	0	0.09	0.15	64.35	21.64	0.00
0	4	0.00	0.00	0.46	0.41	0.00
1	1	0.00	0.00	0.43	1.01	0.00
1	5	0.00	0.00	0.13	0.59	0.00
2	2	0.00	0.00	0.50	0.29	0.00
2	6	0.00	0.00	0.39	0.80	0.00
3	3	0.00	0.00	0.36	0.80	0.00
3	7	0.00	0.00	0.14	1.10	0.00
Core	CPU	C1%	C3%	C6%	C8%	C9%
-	-	0.01	0.07	8.52	3.58	0.00
0	0	0.09	0.53	65.00	21.32	0.00
0	4	0.00	0.00	0.37	0.60	0.00
1	1	0.00	0.00	0.46	1.39	0.00
1	5	0.00	0.00	0.44	1.78	0.00
2	2	0.00	0.00	0.25	0.89	0.00
2	6	0.00	0.00	0.70	0.49	0.00
3	3	0.00	0.00	0.59	1.18	0.00
3	7	0.00	0.00	0.38	0.98	0.00
Core	CPU	C1%	C3%	C6%	C8%	C9%
-	-	0.01	0.07	8.52	3.42	0.00
0	0	0.10	0.40	64.61	21.52	0.00
0	4	0.00	0.00	0.60	0.00	0.00
1	1	0.00	0.00	0.89	0.30	0.00
1	5	0.00	0.00	0.28	1.09	0.00
2	2	0.00	0.00	0.26	0.99	0.00
2	6	0.00	0.00	0.24	1.09	0.00
3	3	0.00	0.13	0.49	1.08	0.00
3	7	0.00	0.00	0.79	1.29	0.00
Core	CPU	C1%	C3%	C6%	C8%	C9%
-	-	0.01	0.17	8.35	7.04	0.00
0	0	0.08	1.30	62.23	20.73	0.00
0	4	0.00	0.00	0.94	0.00	0.00
1	1	0.00	0.00	0.43	2.17	0.00
1	5	0.00	0.00	0.28	1.38	0.00
2	2	0.00	0.00	0.28	0.89	0.00
2	6	0.00	0.00	0.36	0.98	0.00
3	3	0.00	0.00	0.80	1.09	0.00
3	7	0.01	0.07	1.48	29.07	0.00
Core	CPU	C1%	C3%	C6%	C8%	C9%
-	-	0.01	0.04	8.60	3.44	0.00
0	0	0.11	0.29	65.05	21.57	0.00
0	4	0.00	0.00	0.66	0.00	0.00
1	1	0.00	0.02	0.53	0.50	0.00
1	5	0.00	0.00	0.13	0.78	0.00
2	2	0.00	0.00	0.59	0.55	0.00
2	6	0.00	0.03	0.41	2.35	0.00
3	3	0.00	0.00	0.57	1.08	0.00
3	7	0.00	0.00	0.86	0.70	0.00
Core	CPU	C1%	C3%	C6%	C8%	C9%
-	-	0.01	0.03	8.49	3.34	0.11
0	0	0.10	0.20	64.42	21.47	0.00
0	4	0.00	0.00	0.88	0.00	0.00
1	1	0.00	0.00	0.55	0.40	0.00
1	5	0.00	0.00	0.24	1.28	0.00
2	2	0.00	0.00	0.32	0.83	0.00
2	6	0.00	0.00	0.11	1.38	0.91
3	3	0.00	0.00	0.78	0.49	0.00
3	7	0.00	0.01	0.59	0.89	0.00
Core	CPU	C1%	C3%	C6%	C8%	C9%
-	-	0.01	0.05	8.48	3.53	0.00
0	0	0.10	0.38	65.07	21.43	0.00
0	4	0.00	0.00	0.49	0.00	0.00
1	1	0.00	0.00	0.19	0.99	0.00
1	5	0.00	0.00	0.46	1.49	0.00
2	2	0.00	0.00	0.15	1.39	0.00
2	6	0.00	0.00	0.44	0.79	0.00
3	3	0.00	0.01	0.30	0.99	0.00
3	7	0.00	0.01	0.70	1.19	0.00
Core	CPU	C1%	C3%	C6%	C8%	C9%
-	-	0.01	0.03	8.64	3.46	0.00
0	0	0.11	0.16	64.93	21.85	0.00
0	4	0.00	0.03	0.50	0.00	0.00
1	1	0.00	0.00	0.39	1.10	0.00
1	5	0.00	0.00	0.31	1.38	0.00
2	2	0.00	0.00	0.26	1.28	0.00
2	6	0.00	0.00	0.35	0.79	0.00
3	3	0.00	0.00	1.05	0.79	0.00
3	7	0.00	0.02	1.31	0.49	0.00
Core	CPU	C1%	C3%	C6%	C8%	C9%
-	-	0.01	0.06	8.28	3.51	0.00
0	0	0.09	0.48	62.90	20.62	0.00
0	4	0.00	0.00	1.05	0.00	0.00
1	1	0.00	0.00	0.73	0.70	0.00
1	5	0.00	0.00	0.22	1.09	0.00
2	2	0.00	0.00	0.10	1.53	0.00
2	6	0.00	0.00	0.19	1.18	0.00
3	3	0.00	0.00	0.47	1.48	0.00
3	7	0.00	0.02	0.57	1.46	0.00
Core	CPU	C1%	C3%	C6%	C8%	C9%
-	-	0.01	0.01	8.78	3.45	0.00
0	0	0.11	0.05	64.90	22.00	0.00
0	4	0.00	0.00	0.87	0.39	0.00
1	1	0.00	0.00	0.36	1.18	0.00
1	5	0.00	0.00	0.53	1.39	0.00
2	2	0.00	0.00	1.02	0.21	0.00
2	6	0.00	0.01	0.90	0.39	0.00
3	3	0.00	0.00	0.20	1.19	0.00
3	7	0.00	0.04	1.43	0.84	0.00
Core	CPU	C1%	C3%	C6%	C8%	C9%
-	-	0.01	0.05	8.48	3.15	0.11
0	0	0.11	0.32	64.33	21.47	0.00
0	4	0.00	0.05	0.36	0.20	0.00
1	1	0.00	0.00	0.20	0.49	0.00
1	5	0.00	0.00	0.18	0.99	0.00
2	2	0.00	0.00	0.85	0.00	0.00
2	6	0.00	0.01	0.53	0.30	0.00
3	3	0.00	0.00	0.32	0.79	0.00
3	7	0.00	0.01	1.04	0.97	0.91
Core	CPU	C1%	C3%	C6%	C8%	C9%
-	-	0.01	0.05	8.61	3.54	0.00
0	0	0.10	0.35	64.82	21.75	0.00
0	4	0.00	0.04	0.89	0.09	0.00
1	1	0.00	0.02	0.20	1.48	0.00
1	5	0.00	0.00	0.32	1.83	0.00
2	2	0.00	0.00	0.58	0.49	0.00
2	6	0.00	0.00	0.67	0.49	0.00
3	3	0.00	0.00	0.77	0.99	0.00
3	7	0.00	0.01	0.65	1.19	0.00
Core	CPU	C1%	C3%	C6%	C8%	C9%
-	-	0.01	0.02	8.52	3.63	0.11
0	0	0.11	0.13	65.14	21.63	0.00
0	4	0.00	0.00	0.76	0.89	0.91
1	1	0.00	0.01	0.44	1.40	0.00
1	5	0.00	0.00	0.24	0.90	0.00
2	2	0.00	0.02	0.29	1.39	0.00
2	6	0.00	0.00	0.29	1.10	0.00
3	3	0.00	0.00	0.48	0.59	0.00
3	7	0.00	0.00	0.57	1.09	0.00
Core	CPU	C1%	C3%	C6%	C8%	C9%
-	-	0.01	0.07	8.17	3.37	0.00
0	0	0.10	0.55	62.51	20.94	0.00
0	4	0.00	0.00	0.69	0.20	0.00
1	1	0.00	0.00	0.28	0.89	0.00
1	5	0.00	0.00	0.65	0.59	0.00
2	2	0.00	0.00	0.24	0.99	0.00
2	6	0.00	0.00	0.33	0.99	0.00
3	3	0.00	0.00	0.20	1.19	0.00
3	7	0.00	0.01	0.41	1.18	0.00
Core	CPU	C1%	C3%	C6%	C8%	C9%
-	-	0.01	0.03	8.51	3.45	0.00
0	0	0.10	0.21	64.97	21.78	0.00
0	4	0.00	0.03	0.99	0.00	0.00
1	1	0.00	0.00	0.20	0.79	0.00
1	5	0.00	0.00	0.10	1.08	0.00
2	2	0.00	0.00	0.46	0.99	0.00
2	6	0.00	0.00	0.40	0.79	0.00
3	3	0.00	0.00	0.33	0.99	0.00
3	7	0.00	0.02	0.61	1.19	0.00
Core	CPU	C1%	C3%	C6%	C8%	C9%
-	-	0.01	0.05	8.32	3.35	0.00
0	0	0.10	0.33	64.15	21.48	0.00
0	4	0.00	0.00	0.56	0.00	0.00
1	1	0.00	0.00	0.28	1.18	0.00
1	5	0.00	0.00	0.21	0.60	0.00
2	2	0.00	0.00	0.30	0.20	0.00
2	6	0.00	0.00	0.18	0.99	0.00
3	3	0.00	0.03	0.46	1.20	0.00
3	7	0.00	0.04	0.45	1.17	0.00
Core	CPU	C1%	C3%	C6%	C8%	C9%
-	-	0.11	0.03	8.57	3.53	0.00
0	0	0.11	0.21	64.72	22.06	0.00
0	4	0.75	0.00	1.24	0.00	0.00
1	1	0.00	0.00	0.28	0.89	0.00
1	5	0.00	0.00	0.36	0.79	0.00
2	2	0.00	0.00	0.24	1.08	0.00
2	6	0.00	0.00	0.20	1.09	0.00
3	3	0.00	0.00	0.18	1.30	0.00
3	7	0.00	0.00	1.35	1.05	0.00
Core	CPU	C1%	C3%	C6%	C8%	C9%
-	-	0.01	0.05	8.52	3.45	0.00
0	0	0.10	0.24	64.86	21.87	0.00
0	4	0.00	0.12	0.40	0.00	0.00
1	1	0.00	0.00	0.10	0.79	0.00
1	5	0.00	0.00	0.27	0.99	0.00
2	2	0.00	0.00	0.36	0.89	0.00
2	6	0.00	0.00	0.25	1.09	0.00
3	3	0.00	0.00	0.83	0.79	0.00
3	7	0.00	0.03	1.08	1.18	0.00
Core	CPU	C1%	C3%	C6%	C8%	C9%
-	-	0.01	0.08	8.36	3.63	0.45
0	0	0.09	0.60	62.93	20.44	0.00
0	4	0.00	0.00	1.11	0.32	0.00
1	1	0.00	0.00	0.32	1.78	0.00
1	5	0.00	0.00	0.00	0.40	0.00
2	2	0.00	0.00	0.49	1.97	0.00
2	6	0.00	0.00	0.47	1.28	0.00
3	3	0.00	0.00	0.94	1.29	3.62
3	7	0.00	0.04	0.62	1.58	0.00
Core	CPU	C1%	C3%	C6%	C8%	C9%
-	-	0.01	0.05	8.46	3.31	0.00
0	0	0.10	0.36	64.73	21.77	0.00
0	4	0.00	0.00	0.56	0.00	0.00
1	1	0.00	0.00	0.24	1.09	0.00
1	5	0.00	0.00	0.28	0.49	0.00
2	2	0.00	0.01	0.49	0.11	0.00
2	6	0.00	0.00	0.10	0.40	0.00
3	3	0.00	0.00	0.70	0.90	0.00
3	7	0.00	0.02	0.56	1.69	0.00
Core	CPU	C1%	C3%	C6%	C8%	C9%
-	-	0.01	0.05	8.60	3.46	0.22
0	0	0.11	0.34	64.45	21.38	0.84
0	4	0.00	0.00	0.60	0.00	0.00
1	1	0.00	0.00	0.68	2.07	0.00
1	5	0.00	0.00	0.69	0.50	0.00
2	2	0.00	0.00	0.54	0.60	0.00
2	6	0.00	0.00	0.24	1.08	0.00
3	3	0.00	0.01	0.68	0.79	0.00
3	7	0.00	0.01	0.94	1.29	0.91
Core	CPU	C1%	C3%	C6%	C8%	C9%
-	-	0.01	0.07	8.72	3.44	0.00
0	0	0.09	0.48	64.66	21.79	0.00
0	4	0.00	0.01	0.62	0.00	0.00
1	1	0.00	0.00	0.68	0.70	0.00
1	5	0.00	0.00	0.39	1.28	0.00
2	2	0.00	0.00	0.86	0.89	0.00
2	6	0.00	0.00	0.45	1.19	0.00
3	3	0.00	0.00	0.64	0.99	0.00
3	7	0.00	0.05	1.49	0.69	0.00
Core	CPU	C1%	C3%	C6%	C8%	C9%
-	-	0.01	0.02	8.61	3.36	0.00
0	0	0.10	0.14	65.06	21.74	0.00
0	4	0.00	0.00	0.84	0.00	0.00
1	1	0.00	0.00	0.53	0.20	0.00
1	5	0.00	0.02	0.79	0.51	0.00
2	2	0.00	0.00	0.39	1.05	0.00
2	6	0.00	0.00	0.29	0.98	0.00
3	3	0.00	0.00	0.36	0.79	0.00
3	7	0.00	0.00	0.62	1.58	0.00
Core	CPU	C1%	C3%	C6%	C8%	C9%
-	-	0.01	0.06	8.44	3.16	0.00
0	0	0.09	0.49	62.68	20.78	0.00
0	4	0.00	0.00	0.47	0.40	0.00
1	1	0.00	0.00	0.55	0.59	0.00
1	5	0.00	0.00	0.42	0.89	0.00
2	2	0.00	0.02	0.79	0.53	0.00
2	6	0.00	0.01	0.57	0.20	0.00
3	3	0.00	0.00	1.27	0.80	0.00
3	7	0.00	0.00	0.77	1.08	0.00
Core	CPU	C1%	C3%	C6%	C8%	C9%
-	-	0.01	0.03	8.47	3.40	0.00
0	0	0.10	0.24	64.92	21.78	0.00
0	4	0.00	0.00	0.39	0.10	0.00
1	1	0.00	0.00	0.28	1.08	0.00
1	5	0.00	0.00	0.37	0.99	0.00
2	2	0.00	0.00	0.54	0.70	0.00
2	6	0.00	0.00	0.53	0.60	0.00
3	3	0.00	0.00	0.10	1.00	0.00
3	7	0.00	0.02	0.60	0.98	0.00
Core	CPU	C1%	C3%	C6%	C8%	C9%
-	-	0.01	0.07	8.72	4.91	0.11
0	0	0.10	0.39	64.31	21.70	0.00
0	4	0.00	0.02	0.60	0.00	0.00
1	1	0.00	0.00	0.14	0.80	0.00
1	5	0.00	0.00	1.01	1.38	0.00
2	2	0.00	0.02	0.47	1.28	0.90
2	6	0.00	0.00	0.46	0.89	0.00
3	3	0.00	0.00	0.93	0.79	0.00
3	7	0.01	0.11	1.81	12.47	0.00
Core	CPU	C1%	C3%	C6%	C8%	C9%
-	-	0.01	0.04	8.52	5.28	0.00
0	0	0.08	0.34	64.46	22.23	0.00
0	4	0.00	0.00	0.55	0.00	0.00
1	1	0.00	0.00	0.54	0.79	0.00
1	5	0.00	0.00	0.23	1.19	0.00
2	2	0.00	0.00	0.50	0.73	0.00
2	6	0.00	0.00	0.20	0.98	0.00
3	3	0.00	0.00	0.27	1.08	0.00
3	7	0.00	0.01	1.40	15.22	0.00
Core	CPU	C1%	C3%	C6%	C8%	C9%
-	-	0.01	0.05	8.64	3.45	0.00
0	0	0.11	0.36	65.27	21.36	0.00
0	4	0.00	0.00	0.89	0.00	0.00
1	1	0.00	0.00	0.27	1.09	0.00
1	5	0.00	0.00	0.44	0.79	0.00
2	2	0.00	0.00	0.33	1.19	0.00
2	6	0.00	0.02	0.20	0.99	0.00
3	3	0.00	0.00	0.86	1.29	0.00
3	7	0.00	0.00	0.89	0.90	0.00
Core	CPU	C1%	C3%	C6%	C8%	C9%
-	-	0.01	0.03	8.13	3.33	0.00
0	0	0.10	0.24	62.65	21.06	0.00
0	4	0.00	0.02	0.55	0.00	0.00
1	1	0.00	0.00	0.10	0.60	0.00
1	5	0.00	0.00	0.19	0.99	0.00
2	2	0.00	0.00	0.26	0.89	0.00
2	6	0.00	0.00	0.25	0.89	0.00
3	3	0.00	0.00	0.60	0.89	0.03
3	7	0.00	0.01	0.41	1.29	0.00
Core	CPU	C1%	C3%	C6%	C8%	C9%
-	-	0.01	0.02	8.52	3.42	0.00
0	0	0.11	0.12	64.82	22.01	0.00
0	4	0.00	0.00	0.54	0.00	0.00
1	1	0.00	0.00	0.92	0.78	0.00
1	5	0.00	0.02	0.68	0.09	0.00
2	2	0.00	0.00	0.10	1.19	0.00
2	6	0.00	0.00	0.19	0.98	0.00
3	3	0.00	0.00	0.56	0.89	0.00
3	7	0.00	0.00	0.36	1.39	0.00
Core	CPU	C1%	C3%	C6%	C8%	C9%
-	-	0.01	0.07	8.91	3.46	0.00
0	0	0.10	0.55	64.18	21.45	0.00
0	4	0.00	0.00	1.27	0.00	0.00
1	1	0.00	0.00	0.85	0.79	0.00
1	5	0.00	0.00	0.55	1.08	0.00
2	2	0.00	0.00	1.43	0.79	0.00
2	6	0.00	0.02	1.09	0.59	0.00
3	3	0.00	0.00	0.79	1.68	0.00
3	7	0.00	0.00	1.08	1.28	0.00
Core	CPU	C1%	C3%	C6%	C8%	C9%
-	-	0.01	0.06	8.86	4.03	0.04
0	0	0.09	0.40	64.77	21.69	0.00
0	4	0.00	0.02	0.99	1.64	0.29
1	1	0.00	0.00	0.78	1.98	0.00
1	5	0.00	0.04	1.40	1.59	0.00
2	2	0.00	0.02	0.86	1.69	0.00
2	6	0.00	0.00	0.83	1.09	0.00
3	3	0.00	0.02	0.79	1.09	0.00
3	7	0.00	0.00	0.41	1.51	0.00
Core	CPU	C1%	C3%	C6%	C8%	C9%
-	-	0.01	0.06	8.64	3.47	0.00
0	0	0.10	0.51	65.17	21.59	0.00
0	4	0.00	0.00	0.64	0.00	0.00
1	1	0.00	0.00	0.41	0.80	0.00
1	5	0.00	0.00	0.63	0.42	0.00
2	2	0.00	0.00	0.39	1.63	0.00
2	6	0.00	0.00	0.28	0.99	0.00
3	3	0.00	0.00	0.55	0.79	0.00
3	7	0.00	0.00	1.02	1.54	0.00
Core	CPU	C1%	C3%	C6%	C8%	C9%
-	-	0.01	0.03	8.28	3.38	0.00
0	0	0.10	0.24	62.57	21.14	0.00
0	4	0.00	0.00	0.86	0.81	0.00
1	1	0.00	0.00	0.35	1.19	0.00
1	5	0.00	0.00	0.51	0.70	0.00
2	2	0.00	0.02	0.50	0.59	0.00
2	6	0.00	0.00	0.10	1.10	0.00
3	3	0.00	0.00	0.39	0.79	0.00
3	7	0.00	0.00	0.97	0.69	0.00
Core	CPU	C1%	C3%	C6%	C8%	C9%
-	-	0.02	0.07	8.63	3.56	1.83
0	0	0.10	0.50	65.29	21.48	0.00
0	4	0.00	0.01	0.73	0.00	14.68
1	1	0.00	0.00	0.19	0.99	0.00
1	5	0.00	0.05	0.59	1.68	0.00
2	2	0.00	0.00	0.72	1.29	0.00
2	6	0.00	0.00	0.24	0.99	0.00
3	3	0.10	0.03	0.21	1.09	0.00
3	7	0.00	0.00	1.04	0.95	0.00
Core	CPU	C1%	C3%	C6%	C8%	C9%
-	-	0.01	0.08	8.58	3.71	0.11
0	0	0.09	0.57	64.47	21.09	0.84
0	4	0.00	0.03	0.60	0.00	0.00
1	1	0.00	0.00	0.20	0.99	0.00
1	5	0.00	0.00	0.78	1.83	0.00
2	2	0.00	0.02	0.68	1.37	0.00
2	6	0.00	0.00	0.34	0.89	0.00
3	3	0.00	0.00	0.86	1.28	0.00
3	7	0.00	0.03	0.69	2.23	0.00
Core	CPU	C1%	C3%	C6%	C8%	C9%
-	-	0.01	0.03	8.48	3.44	0.00
0	0	0.10	0.23	64.70	21.95	0.00
0	4	0.00	0.00	0.56	0.00	0.00
1	1	0.00	0.00	0.35	0.59	0.00
1	5	0.00	0.00	0.18	1.30	0.00
2	2	0.00	0.00	0.50	0.00	0.00
2	6	0.00	0.00	0.20	0.89	0.00
3	3	0.00	0.00	0.48	0.79	0.00
3	7	0.00	0.03	0.85	1.98	0.00
Core	CPU	C1%	C3%	C6%	C8%	C9%
-	-	0.03	0.07	8.63	3.56	0.00
0	0	0.09	0.53	65.10	21.57	0.00
0	4	0.00	0.00	0.89	0.00	0.00
1	1	0.00	0.00	0.38	0.79	0.00
1	5	0.00	0.00	0.81	1.45	0.00
2	2	0.00	0.00	0.54	0.69	0.00
2	6	0.00	0.00	0.36	1.09	0.00
3	3	0.15	0.00	0.33	1.59	0.00
3	7	0.00	0.04	0.63	1.27	0.00
Core	CPU	C1%	C3%	C6%	C8%	C9%
-	-	0.03	0.07	8.47	3.35	0.01
0	0	0.08	0.43	62.67	20.82	0.00
0	4	0.00	0.00	1.12	0.00	0.00
1	1	0.00	0.02	0.20	0.30	0.00
1	5	0.00	0.00	0.09	1.29	0.00
2	2	0.00	0.00	0.38	0.89	0.00
2	6	0.00	0.00	0.37	1.08	0.00
3	3	0.17	0.01	1.46	1.08	0.06
3	7	0.00	0.11	1.49	1.33	0.00
Core	CPU	C1%	C3%	C6%	C8%	C9%
-	-	0.01	0.05	8.72	3.48	0.00
0	0	0.11	0.41	65.13	21.38	0.00
0	4	0.00	0.00	0.57	0.00	0.00
1	1	0.00	0.00	0.44	0.50	0.00
1	5	0.00	0.00	0.31	1.80	0.00
2	2	0.00	0.00	0.10	1.09	0.00
2	6	0.00	0.00	0.40	1.18	0.00
3	3	0.00	0.00	1.85	1.29	0.00
3	7	0.00	0.00	0.98	0.60	0.00
Core	CPU	C1%	C3%	C6%	C8%	C9%
-	-	0.04	0.08	8.61	3.61	0.00
0	0	0.10	0.57	64.41	21.47	0.00
0	4	0.00	0.00	0.78	0.50	0.00
1	1	0.00	0.00	1.26	0.50	0.00
1	5	0.00	0.00	0.60	1.30	0.00
2	2	0.00	0.00	0.45	1.49	0.00
2	6	0.14	0.02	0.36	1.29	0.00
3	3	0.07	0.02	0.62	1.50	0.00
3	7	0.00	0.00	0.37	0.79	0.00
Core	CPU	C1%	C3%	C6%	C8%	C9%
-	-	0.04	0.05	8.50	3.49	0.00
0	0	0.09	0.37	64.85	21.67	0.00
0	4	0.20	0.01	0.59	0.32	0.00
1	1	0.00	0.00	0.29	0.90	0.00
1	5	0.00	0.00	0.56	0.69	0.00
2	2	0.00	0.00	0.25	0.99	0.00
2	6	0.00	0.01	0.30	1.18	0.00
3	3	0.00	0.02	0.81	1.01	0.00
3	7	0.00	0.00	0.32	1.20	0.00
Core	CPU	C1%	C3%	C6%	C8%	C9%
-	-	0.01	0.08	8.69	3.53	0.00
0	0	0.11	0.45	64.77	21.73	0.00
0	4	0.00	0.00	0.43	0.11	0.00
1	1	0.00	0.00	1.71	0.79	0.00
1	5	0.00	0.01	0.76	0.44	0.00
2	2	0.00	0.00	0.20	1.18	0.00
2	6	0.00	0.00	0.28	0.98	0.00
3	3	0.00	0.00	0.58	1.19	0.00
3	7	0.00	0.20	0.82	1.80	0.00
Core	CPU	C1%	C3%	C6%	C8%	C9%
-	-	0.01	0.06	8.46	3.78	0.00
0	0	0.09	0.39	63.23	20.32	0.00
0	4	0.00	0.00	0.87	0.30	0.00
1	1	0.00	0.00	0.25	0.82	0.00
1	5	0.00	0.00	0.72	2.09	0.00
2	2	0.00	0.02	0.66	2.40	0.00
2	6	0.00	0.00	0.20	1.19	0.00
3	3	0.00	0.05	1.10	1.49	0.02
3	7	0.00	0.00	0.67	1.65	0.00
Core	CPU	C1%	C3%	C6%	C8%	C9%
-	-	0.01	0.04	8.49	3.54	0.00
0	0	0.10	0.27	65.01	21.67	0.00
0	4	0.00	0.00	0.39	0.10	0.00
1	1	0.00	0.02	0.36	0.89	0.00
1	5	0.00	0.00	0.26	0.89	0.00
2	2	0.00	0.00	0.37	1.50	0.00
2	6	0.00	0.00	0.46	0.89	0.00
3	3	0.00	0.04	0.64	1.49	0.00
3	7	0.00	0.00	0.46	0.90	0.00
Core	CPU	C1%	C3%	C6%	C8%	C9%
-	-	0.03	0.09	8.59	3.56	0.00
0	0	0.09	0.71	65.06	20.63	0.00
0	4	0.00	0.02	0.60	0.00	0.00
1	1	0.00	0.00	0.89	0.78	0.00
1	5	0.00	0.00	0.74	1.41	0.00
2	2	0.00	0.00	0.49	1.58	0.00
2	6	0.00	0.00	0.20	1.29	0.00
3	3	0.16	0.00	0.63	1.49	0.00
3	7	0.00	0.00	0.10	1.29	0.00
Core	CPU	C1%	C3%	C6%	C8%	C9%
-	-	0.01	0.04	8.48	3.53	0.00
0	0	0.11	0.29	64.77	21.89	0.00
0	4	0.00	0.00	0.56	0.00	0.00
1	1	0.00	0.00	0.33	0.91	0.00
1	5	0.00	0.02	0.29	0.79	0.00
2	2	0.00	0.00	0.09	0.70	0.00
2	6	0.00	0.00	0.29	1.28	0.00
3	3	0.00	0.03	1.32	1.38	0.00
3	7	0.00	0.00	0.24	1.28	0.00
Core	CPU	C1%	C3%	C6%	C8%	C9%
-	-	0.01	0.04	8.70	3.32	0.00
0	0	0.11	0.24	64.88	21.83	0.00
0	4	0.00	0.00	1.17	0.19	0.00
1	1	0.00	0.00	0.26	1.27	0.00
1	5	0.00	0.00	0.24	0.98	0.00
2	2	0.00	0.00	0.82	0.39	0.00
2	6	0.00	0.00	0.64	0.39	0.00
3	3	0.00	0.04	1.31	0.70	0.00
3	7	0.00	0.00	0.27	0.78	0.00
Core	CPU	C1%	C3%	C6%	C8%	C9%
-	-	0.01	0.17	8.58	7.38	0.87
0	0	0.08	1.18	62.55	20.52	3.37
0	4	0.00	0.00	0.78	0.40	0.00
1	1	0.00	0.00	0.99	2.76	0.00
1	5	0.00	0.00	0.54	1.49	0.00
2	2	0.00	0.00	0.30	1.58	0.00
2	6	0.00	0.00	0.42	1.58	0.00
3	3	0.00	0.00	1.42	1.28	3.55
3	7	0.01	0.20	1.68	29.39	0.00
Core	CPU	C1%	C3%	C6%	C8%	C9%
-	-	0.01	0.04	8.74	3.59	0.00
0	0	0.11	0.24	65.27	21.42	0.00
0	4	0.00	0.00	0.63	0.69	0.00
1	1	0.00	0.01	0.79	0.79	0.00
1	5	0.00	0.00	0.86	0.70	0.00
2	2	0.00	0.00	0.57	1.48	0.00
2	6	0.00	0.00	0.36	0.89	0.00
3	3	0.00	0.00	0.55	2.28	0.00
3	7	0.00	0.03	0.86	0.49	0.00
Core	CPU	C1%	C3%	C6%	C8%	C9%
-	-	0.01	0.03	8.37	3.39	0.14
0	0	0.11	0.21	64.11	21.76	0.00
0	4	0.00	0.00	0.87	0.00	0.00
1	1	0.00	0.00	0.25	1.09	0.00
1	5	0.00	0.00	0.33	1.11	0.00
2	2	0.00	0.02	0.30	0.60	0.00
2	6	0.00	0.00	0.10	0.99	0.00
3	3	0.00	0.00	0.55	0.99	0.00
3	7	0.00	0.00	0.46	0.58	1.09
Core	CPU	C1%	C3%	C6%	C8%	C9%
-	-	0.04	0.08	8.74	3.62	0.00
0	0	0.10	0.58	65.08	21.62	0.00
0	4	0.00	0.00	0.49	0.88	0.00
1	1	0.00	0.00	0.27	0.99	0.00
1	5	0.00	0.00	0.59	1.99	0.00
2	2	0.00	0.01	1.30	0.79	0.00
2	6	0.00	0.02	0.89	0.49	0.00
3	3	0.25	0.01	0.90	1.20	0.00
3	7	0.00	0.00	0.38	0.99	0.00
Core	CPU	C1%	C3%	C6%	C8%	C9%
-	-	0.01	0.04	8.50	3.48	0.00
0	0	0.11	0.30	64.97	21.66	0.00
0	4	0.00	0.00	0.46	0.81	0.00
1	1	0.00	0.00	0.10	0.60	0.00
1	5	0.00	0.00	0.28	0.89	0.00
2	2	0.00	0.00	0.37	0.79	0.00
2	6	0.00	0.00	0.74	0.99	0.00
3	3	0.00	0.00	0.98	0.99	0.00
3	7	0.00	0.00	0.10	1.09	0.00
Core	CPU	C1%	C3%	C6%	C8%	C9%
-	-	0.01	0.06	8.24	3.48	0.43
0	0	0.10	0.37	62.98	20.61	0.00
0	4	0.00	0.00	0.57	0.91	0.00
1	1	0.00	0.02	0.29	0.41	0.00
1	5	0.00	0.00	0.18	0.51	0.00
2	2	0.00	0.00	0.47	0.99	0.00
2	6	0.00	0.00	0.36	0.89	0.00
3	3	0.00	0.05	0.71	1.98	3.47
3	7	0.00	0.00	0.35	1.58	0.00
Core	CPU	C1%	C3%	C6%	C8%	C9%
-	-	0.10	0.06	8.60	3.64	0.00
0	0	0.11	0.47	64.81	21.67	0.00
0	4	0.00	0.00	0.78	0.39	0.00
1	1	0.68	0.00	0.74	1.38	0.00
1	5	0.00	0.00	0.24	1.01	0.00
2	2	0.00	0.02	0.29	1.00	0.00
2	6	0.00	0.00	0.32	1.19	0.00
3	3	0.00	0.02	1.39	1.18	0.00
3	7	0.00	0.00	0.26	1.28	0.00
Core	CPU	C1%	C3%	C6%	C8%	C9%
-	-	0.01	0.05	8.39	3.59	0.11
0	0	0.10	0.32	64.21	21.58	0.87
0	4	0.00	0.00	0.19	0.99	0.00
1	1	0.00	0.00	0.56	0.51	0.00
1	5	0.00	0.00	0.43	1.19	0.00
2	2	0.00	0.00	0.23	0.89	0.00
2	6	0.00	0.02	0.19	0.99	0.00
3	3	0.00	0.07	1.01	1.68	0.00
3	7	0.00	0.00	0.28	0.89	0.00
Core	CPU	C1%	C3%	C6%	C8%	C9%
-	-	0.01	0.03	8.58	3.36	0.00
0	0	0.12	0.25	64.83	21.85	0.00
0	4	0.00	0.00	0.52	0.40	0.00
1	1	0.00	0.01	0.30	0.49	0.00
1	5	0.00	0.00	0.23	1.49	0.00
2	2	0.00	0.00	0.27	0.89	0.00
2	6	0.00	0.00	0.36	0.80	0.00
3	3	0.00	0.00	1.30	0.50	0.00
3	7	0.00	0.01	0.79	0.49	0.00
Core	CPU	C1%	C3%	C6%	C8%	C9%
-	-	0.01	0.06	8.65	3.60	0.00
0	0	0.11	0.44	65.02	21.46	0.00
0	4	0.00	0.00	1.22	0.11	0.00
1	1	0.00	0.00	0.32	0.91	0.00
1	5	0.00	0.00	0.36	0.89	0.00
2	2	0.00	0.00	0.67	1.57	0.00
2	6	0.00	0.00	0.58	1.18	0.00
3	3	0.00	0.00	0.57	1.40	0.00
3	7	0.00	0.00	0.43	1.28	0.00
Core	CPU	C1%	C3%	C6%	C8%	C9%
-	-	0.01	0.06	8.47	3.06	0.08
0	0	0.10	0.49	63.29	20.18	0.00
0	4	0.00	0.00	1.27	0.00	0.61
1	1	0.00	0.00	0.72	0.40	0.00
1	5	0.00	0.00	0.15	1.09	0.00
2	2	0.00	0.02	0.43	0.69	0.00
2	6	0.00	0.00	0.29	1.10	0.00
3	3	0.00	0.00	0.89	0.60	0.00
3	7	0.00	0.01	0.73	0.39	0.00
Core	CPU	C1%	C3%	C6%	C8%	C9%
-	-	0.01	0.05	8.63	3.52	0.00
0	0	0.11	0.39	64.58	21.83	0.00
0	4	0.00	0.00	0.88	1.08	0.00
1	1	0.00	0.00	0.19	1.27	0.00
1	5	0.00	0.00	0.46	0.70	0.00
2	2	0.00	0.00	0.44	0.31	0.00
2	6	0.00	0.00	0.13	0.99	0.00
3	3	0.00	0.03	1.49	0.90	0.00
3	7	0.00	0.00	0.86	1.10	0.00
Core	CPU	C1%	C3%	C6%	C8%	C9%
-	-	0.04	0.14	8.73	3.21	0.41
0	0	0.09	1.02	65.10	20.27	0.00
0	4	0.00	0.00	1.11	0.89	3.29
1	1	0.00	0.02	0.72	0.40	0.00
1	5	0.00	0.00	0.70	0.53	0.00
2	2	0.00	0.00	0.44	0.79	0.00
2	6	0.00	0.00	0.45	0.70	0.00
3	3	0.19	0.00	1.15	1.10	0.00
3	7	0.00	0.04	0.20	0.98	0.00
Core	CPU	C1%	C3%	C6%	C8%	C9%
-	-	0.01	0.03	8.53	3.26	0.15
0	0	0.10	0.24	64.82	21.88	0.00
0	4	0.00	0.00	0.64	0.30	1.19
1	1	0.00	0.00	0.23	0.79	0.00
1	5	0.00	0.02	0.71	0.19	0.00
2	2	0.00	0.00	0.10	0.40	0.00
2	6	0.00	0.00	0.19	0.89	0.00
3	3	0.00	0.00	0.68	0.80	0.00
3	7	0.00	0.00	0.84	0.79	0.00
Core	CPU	C1%	C3%	C6%	C8%	C9%
-	-	0.01	0.04	8.64	3.49	0.00
0	0	0.10	0.27	65.23	21.44	0.00
0	4	0.00	0.00	0.98	0.00	0.00
1	1	0.00	0.00	0.36	1.29	0.00
1	5	0.00	0.00	0.44	1.09	0.00
2	2	0.00	0.00	0.82	0.82	0.00
2	6	0.00	0.04	0.39	1.00	0.00
3	3	0.00	0.00	0.41	1.49	0.00
3	7	0.00	0.00	0.47	0.79	0.00
Core	CPU	C1%	C3%	C6%	C8%	C9%
-	-	0.01	0.11	8.25	3.53	1.06
0	0	0.10	0.85	62.78	20.35	0.00
0	4	0.00	0.00	0.79	0.78	4.99
1	1	0.00	0.00	0.19	0.99	0.00
1	5	0.00	0.00	0.37	1.09	0.00
2	2	0.00	0.00	0.34	0.99	0.00
2	6	0.00	0.00	0.28	1.28	0.00
3	3	0.00	0.02	1.01	1.19	3.48
3	7	0.00	0.03	0.20	1.57	0.00
Core	CPU	C1%	C3%	C6%	C8%	C9%
-	-	0.01	0.02	8.43	3.38	0.00
0	0	0.11	0.11	64.94	21.89	0.00
0	4	0.00	0.00	0.54	0.39	0.00
1	1	0.00	0.00	0.32	0.40	0.00
1	5	0.00	0.00	0.00	0.50	0.00
2	2	0.00	0.00	0.28	0.89	0.00
2	6	0.00	0.00	0.36	0.90	0.00
3	3	0.00	0.04	0.74	0.99	0.00
3	7	0.00	0.00	0.22	1.09	0.00
Core	CPU	C1%	C3%	C6%	C8%	C9%
-	-	0.01	0.05	8.50	3.32	0.11
0	0	0.09	0.31	64.48	21.40	0.00
0	4	0.00	0.01	0.36	0.21	0.91
1	1	0.00	0.00	0.25	0.49	0.00
1	5	0.00	0.00	0.28	0.69	0.00
2	2	0.00	0.01	0.56	0.90	0.00
2	6	0.00	0.00	0.79	0.60	0.00
3	3	0.00	0.02	0.69	1.18	0.00
3	7	0.00	0.00	0.61	1.09	0.00
Core	CPU	C1%	C3%	C6%	C8%	C9%
-	-	0.02	0.03	8.49	3.95	0.00
0	0	0.19	0.24	64.68	22.00	0.00
0	4	0.00	0.00	0.60	0.30	0.00
1	1	0.00	0.00	0.29	2.27	0.00
1	5	0.00	0.00	0.26	1.28	0.00
2	2	0.00	0.00	0.94	0.99	0.00
2	6	0.00	0.00	0.33	1.69	0.00
3	3	0.00	0.01	0.42	1.58	0.00
3	7	0.00	0.00	0.39	1.48	0.00
Core	CPU	C1%	C3%	C6%	C8%	C9%
-	-	0.11	0.02	8.49	3.56	0.00
0	0	0.11	0.12	64.74	22.08	0.00
0	4	0.00	0.02	0.70	0.49	0.00
1	1	0.79	0.00	0.00	0.79	0.00
1	5	0.00	0.00	0.30	1.39	0.00
2	2	0.00	0.00	0.36	0.89	0.00
2	6	0.00	0.00	0.15	0.99	0.00
3	3	0.00	0.03	1.56	0.80	0.00
3	7	0.00	0.00	0.10	1.09	0.00
Core	CPU	C1%	C3%	C6%	C8%	C9%
-	-	0.01	0.05	8.22	3.18	0.58
0	0	0.10	0.40	62.96	20.63	0.00
0	4	0.00	0.00	0.65	0.11	3.00
1	1	0.00	0.00	0.43	0.20	0.00
1	5	0.00	0.02	0.24	0.61	0.00
2	2	0.00	0.00	0.10	0.80	0.00
2	6	0.00	0.00	0.28	0.99	0.00
3	3	0.00	0.00	0.85	1.10	1.68
3	7	0.00	0.00	0.23	0.99	0.00
Core	CPU	C1%	C3%	C6%	C8%	C9%
-	-	0.01	0.04	8.71	3.74	0.00
0	0	0.11	0.30	65.21	21.43	0.00
0	4	0.00	0.00	1.47	0.29	0.00
1	1	0.00	0.00	0.45	1.29	0.00
1	5	0.00	0.00	0.42	1.49	0.00
2	2	0.00	0.02	0.39	1.19	0.00
2	6	0.00	0.00	0.20	1.29	0.00
3	3	0.00	0.01	1.00	1.68	0.00
3	7	0.00	0.00	0.57	1.28	0.00
Core	CPU	C1%	C3%	C6%	C8%	C9%
-	-	0.01	0.11	8.46	5.33	0.02
0	0	0.09	0.73	64.08	21.59	0.00
0	4	0.00	0.02	0.84	0.46	0.20
1	1	0.00	0.00	0.25	0.99	0.00
1	5	0.00	0.00	0.81	1.82	0.00
2	2	0.00	0.00	0.16	0.99	0.00
2	6	0.00	0.00	0.22	0.69	0.00
3	3	0.00	0.02	0.51	1.20	0.00
3	7	0.01	0.09	0.93	14.96	0.00
Core	CPU	C1%	C3%	C6%	C8%	C9%
-	-	0.01	0.06	8.62	5.33	0.00
0	0	0.10	0.36	64.67	21.94	0.00
0	4	0.00	0.00	1.14	1.09	0.00
1	1	0.00	0.00	0.39	1.48	0.00
1	5	0.00	0.00	0.41	1.37	0.00
2	2	0.00	0.00	0.35	0.89	0.00
2	6	0.00	0.00	0.24	0.89	0.00
3	3	0.00	0.00	0.58	1.71	0.00
3	7	0.01	0.13	1.09	13.25	0.00
Core	CPU	C1%	C3%	C6%	C8%	C9%
-	-	0.02	0.01	8.47	3.41	0.00
0	0	0.12	0.08	64.77	22.11	0.00
0	4	0.00	0.00	0.65	0.31	0.00
1	1	0.00	0.00	0.24	0.89	0.00
1	5	0.00	0.00	0.26	1.23	0.00
2	2	0.00	0.00	0.00	0.50	0.00
2	6	0.00	0.00	0.19	0.59	0.00
3	3	0.00	0.00	0.57	1.09	0.00
3	7	0.00	0.00	1.07	0.59	0.00
Core	CPU	C1%	C3%	C6%	C8%	C9%
-	-	0.03	0.11	8.51	3.69	0.52
0	0	0.09	0.89	63.58	19.87	0.00
0	4	0.00	0.00	0.67	0.51	4.10
1	1	0.00	0.00	0.67	1.36	0.00
1	5	0.00	0.02	0.82	2.48	0.00
2	2	0.00	0.00	1.00	1.78	0.00
2	6	0.00	0.00	0.48	1.09	0.00
3	3	0.13	0.01	0.50	1.51	0.03
3	7	0.00	0.00	0.38	0.89	0.00
Core	CPU	C1%	C3%	C6%	C8%	C9%
-	-	0.01	0.02	8.53	3.40	0.00
0	0	0.11	0.15	65.01	21.75	0.00
0	4	0.00	0.03	0.50	0.00	0.00
1	1	0.00	0.00	0.30	0.59	0.00
1	5	0.00	0.00	0.68	0.49	0.00
2	2	0.00	0.00	0.37	1.08	0.00
2	6	0.00	0.00	0.25	0.99	0.00
3	3	0.00	0.01	0.44	1.29	0.00
3	7	0.00	0.00	0.69	0.99	0.00
Core	CPU	C1%	C3%	C6%	C8%	C9%
-	-	0.01	0.11	8.72	3.60	0.66
0	0	0.09	0.61	64.65	20.90	0.00
0	4	0.00	0.19	0.63	0.09	5.28
1	1	0.00	0.02	0.69	1.38	0.00
1	5	0.00	0.00	0.19	0.80	0.00
2	2	0.00	0.00	0.84	1.78	0.00
2	6	0.00	0.00	0.96	1.29	0.00
3	3	0.00	0.04	1.38	1.38	0.00
3	7	0.00	0.00	0.43	1.18	0.00
Core	CPU	C1%	C3%	C6%	C8%	C9%
-	-	0.01	0.01	8.45	3.35	0.00
0	0	0.12	0.05	64.97	21.90	0.00
0	4	0.00	0.00	0.56	0.00	0.00
1	1	0.00	0.00	0.24	0.70	0.00
1	5	0.00	0.00	0.22	0.61	0.00
2	2	0.00	0.00	0.49	0.20	0.00
2	6	0.00	0.00	0.19	0.99	0.00
3	3	0.00	0.03	0.57	1.50	0.00
3	7	0.00	0.00	0.34	0.89	0.00
Core	CPU	C1%	C3%	C6%	C8%	C9%
-	-	0.01	0.05	8.63	3.43	0.00
0	0	0.10	0.35	64.56	22.00	0.00
0	4	0.00	0.00	1.43	0.00	0.00
1	1	0.00	0.00	0.26	0.89	0.00
1	5	0.00	0.00	0.38	0.99	0.00
2	2	0.00	0.00	0.83	0.78	0.00
2	6	0.00	0.02	0.80	0.79	0.00
3	3	0.00	0.00	0.41	1.19	0.00
3	7	0.00	0.00	0.38	0.79	0.00
Core	CPU	C1%	C3%	C6%	C8%	C9%
-	-	0.01	0.05	8.16	3.73	0.00
0	0	0.10	0.32	62.93	24.10	0.00
0	4	0.00	0.03	0.50	0.00	0.00
1	1	0.00	0.00	0.10	0.79	0.00
1	5	0.00	0.00	0.29	0.89	0.00
2	2	0.00	0.00	0.36	0.99	0.00
2	6	0.00	0.00	0.35	0.89	0.00
3	3	0.00	0.02	0.63	1.09	0.00
3	7	0.00	0.00	0.10	1.09	0.00
Core	CPU	C1%	C3%	C6%	C8%	C9%
-	-	0.01	0.07	8.53	3.33	0.00
0	0	0.10	0.53	64.70	21.71	0.00
0	4	0.00	0.00	0.85	0.00	0.00
1	1	0.00	0.00	0.72	0.80	0.00
1	5	0.00	0.01	0.58	0.00	0.00
2	2	0.00	0.00	0.20	0.99	0.00
2	6	0.00	0.00	0.28	0.89	0.00
3	3	0.00	0.02	0.77	1.58	0.00
3	7	0.00	0.00	0.17	0.69	0.00
Core	CPU	C1%	C3%	C6%	C8%	C9%
-	-	0.01	0.07	8.72	3.21	0.00
0	0	0.09	0.53	64.77	20.79	0.00
0	4	0.00	0.01	0.87	0.00	0.00
1	1	0.00	0.00	0.36	1.18	0.00
1	5	0.00	0.00	0.75	0.79	0.00
2	2	0.00	0.01	1.36	0.30	0.00
2	6	0.00	0.01	0.90	0.39	0.00
3	3	0.00	0.04	0.59	1.18	0.00
3	7	0.00	0.00	0.17	1.08	0.00
Core	CPU	C1%	C3%	C6%	C8%	C9%
-	-	0.01	0.02	8.51	3.52	0.00
0	0	0.11	0.14	64.81	22.00	0.00
0	4	0.00	0.00	0.60	0.00	0.00
1	1	0.00	0.00	0.71	0.59	0.00
1	5	0.00	0.00	0.35	1.09	0.00
2	2	0.00	0.00	0.35	1.10	0.00
2	6	0.00	0.00	0.34	0.99	0.00
3	3	0.00	0.04	0.70	1.17	0.00
3	7	0.00	0.02	0.19	1.20	0.00
Core	CPU	C1%	C3%	C6%	C8%	C9%
-	-	0.01	0.03	8.60	3.44	0.00
0	0	0.12	0.19	65.15	21.58	0.00
0	4	0.00	0.00	0.50	0.00	0.00
1	1	0.00	0.00	0.28	0.89	0.00
1	5	0.00	0.00	0.51	1.19	0.00
2	2	0.00	0.00	0.44	0.99	0.00
2	6	0.00	0.00	0.24	0.98	0.00
3	3	0.00	0.04	0.69	1.23	0.00
3	7	0.00	0.00	1.00	0.70	0.00
Core	CPU	C1%	C3%	C6%	C8%	C9%
-	-	0.01	0.08	8.33	3.16	0.00
0	0	0.10	0.54	62.81	20.60	0.00
0	4	0.00	0.03	0.50	0.00	0.00
1	1	0.00	0.00	0.10	0.60	0.00
1	5	0.00	0.00	0.19	1.08	0.00
2	2	0.00	0.00	0.28	0.99	0.00
2	6	0.00	0.00	0.36	0.99	0.00
3	3	0.00	0.08	1.59	0.49	0.00
3	7	0.00	0.02	0.80	0.52	0.00
Core	CPU	C1%	C3%	C6%	C8%	C9%
-	-	0.01	0.02	8.59	3.49	0.00
0	0	0.11	0.12	65.27	21.56	0.00
0	4	0.00	0.00	1.05	0.00	0.00
1	1	0.00	0.00	0.25	1.09	0.00
1	5	0.00	0.00	0.14	0.99	0.00
2	2	0.00	0.01	0.59	0.11	0.00
2	6	0.00	0.02	0.18	1.48	0.00
3	3	0.00	0.01	0.99	1.67	0.00
3	7	0.00	0.00	0.29	1.00	0.00
Core	CPU	C1%	C3%	C6%	C8%	C9%
-	-	0.01	0.08	8.68	3.32	0.00
0	0	0.09	0.57	64.40	21.18	0.00
0	4	0.00	0.00	0.60	0.09	0.00
1	1	0.00	0.00	0.28	0.89	0.00
1	5	0.00	0.00	1.28	1.69	0.00
2	2	0.00	0.00	1.22	0.40	0.00
2	6	0.00	0.04	0.87	0.00	0.00
3	3	0.00	0.01	0.51	1.53	0.00
3	7	0.00	0.00	0.29	0.79	0.00
Core	CPU	C1%	C3%	C6%	C8%	C9%
-	-	0.01	0.03	8.57	3.26	0.00
0	0	0.12	0.22	64.94	21.78	0.00
0	4	0.00	0.00	0.62	0.00	0.00
1	1	0.00	0.00	0.20	0.50	0.00
1	5	0.00	0.00	0.10	1.09	0.00
2	2	0.00	0.00	0.48	0.89	0.00
2	6	0.00	0.00	0.56	0.69	0.00
3	3	0.00	0.01	1.05	0.61	0.00
3	7	0.00	0.00	0.60	0.50	0.00
Core	CPU	C1%	C3%	C6%	C8%	C9%
-	-	0.01	0.04	8.55	3.40	0.00
0	0	0.11	0.26	64.75	21.94	0.00
0	4	0.00	0.00	0.66	0.00	0.00
1	1	0.00	0.00	0.23	0.90	0.00
1	5	0.00	0.02	0.32	0.60	0.00
2	2	0.00	0.00	0.79	0.50	0.00
2	6	0.00	0.00	0.19	1.18	0.00
3	3	0.00	0.00	1.09	1.17	0.00
3	7	0.00	0.00	0.35	0.89	0.00
Core	CPU	C1%	C3%	C6%	C8%	C9%
-	-	0.01	0.08	8.24	3.34	1.44
0	0	0.10	0.56	62.93	20.45	0.00
0	4	0.00	0.00	1.07	0.30	7.99
1	1	0.00	0.00	0.26	0.99	0.00
1	5	0.00	0.00	0.25	1.09	0.00
2	2	0.00	0.11	0.41	0.79	0.00
2	6	0.00	0.00	0.10	1.09	0.00
3	3	0.00	0.00	0.51	1.06	3.56
3	7	0.00	0.00	0.36	0.98	0.00
Core	CPU	C1%	C3%	C6%	C8%	C9%
-	-	0.01	0.06	8.70	3.51	0.20
0	0	0.10	0.46	64.68	21.78	0.00
0	4	0.00	0.00	0.30	0.52	1.56
1	1	0.00	0.00	1.65	1.00	0.00
1	5	0.00	0.00	0.54	1.49	0.00
2	2	0.00	0.00	0.25	1.09	0.00
2	6	0.00	0.00	1.01	0.90	0.00
3	3	0.00	0.01	0.89	0.45	0.00
3	7	0.00	0.00	0.29	0.89	0.00
Core	CPU	C1%	C3%	C6%	C8%	C9%
-	-	0.01	0.11	8.66	3.46	0.53
0	0	0.08	0.85	65.15	19.89	0.00
0	4	0.00	0.00	1.05	1.12	4.25
1	1	0.00	0.01	0.28	0.81	0.00
1	5	0.00	0.00	0.56	1.29	0.00
2	2	0.00	0.00	0.57	0.89	0.00
2	6	0.00	0.00	0.36	0.89	0.00
3	3	0.00	0.00	0.75	1.50	0.00
3	7	0.00	0.02	0.52	1.27	0.00
Core	CPU	C1%	C3%	C6%	C8%	C9%
-	-	0.01	0.04	8.52	3.36	0.11
0	0	0.11	0.29	65.28	21.37	0.00
0	4	0.00	0.00	0.56	0.39	0.88
1	1	0.00	0.00	0.14	0.60	0.00
1	5	0.00	0.00	0.26	0.70	0.00
2	2	0.00	0.00	0.10	0.79	0.00
2	6	0.00	0.00	0.10	1.09	0.00
3	3	0.00	0.01	1.24	1.15	0.00
3	7	0.00	0.00	0.46	0.79	0.00
Core	CPU	C1%	C3%	C6%	C8%	C9%
-	-	0.02	0.18	8.62	7.30	0.00
0	0	0.19	1.20	64.81	21.18	0.00
0	4	0.00	0.00	0.89	0.09	0.00
1	1	0.00	0.00	0.90	3.18	0.00
1	5	0.00	0.00	0.36	0.89	0.00
2	2	0.00	0.00	0.15	0.99	0.00
2	6	0.00	0.00	0.23	1.19	0.00
3	3	0.00	0.03	0.51	1.65	0.00
3	7	0.01	0.18	1.12	29.26	0.00
Core	CPU	C1%	C3%	C6%	C8%	C9%
-	-	0.04	0.12	8.74	3.47	0.95
0	0	0.09	0.88	65.41	20.81	0.00
0	4	0.00	0.02	0.60	0.02	4.14
1	1	0.00	0.00	0.20	1.01	0.00
1	5	0.02	0.00	0.54	1.30	0.00
2	2	0.00	0.00	0.57	2.09	0.00
2	6	0.00	0.00	0.35	0.89	0.00
3	3	0.24	0.03	1.44	1.29	3.49
3	7	0.00	0.00	0.80	0.39	0.00
Core	CPU	C1%	C3%	C6%	C8%	C9%
-	-	0.01	0.02	8.37	3.50	0.00
0	0	0.11	0.09	64.85	22.02	0.00
0	4	0.00	0.00	0.44	0.11	0.00
1	1	0.00	0.01	0.27	1.29	0.00
1	5	0.00	0.02	0.24	0.60	0.00
2	2	0.00	0.00	0.09	0.61	0.00
2	6	0.00	0.00	0.35	1.29	0.00
3	3	0.00	0.01	0.47	1.17	0.00
3	7	0.00	0.00	0.23	0.90	0.00
Core	CPU	C1%	C3%	C6%	C8%	C9%
-	-	0.01	0.07	8.61	3.29	0.00
0	0	0.10	0.52	64.80	20.82	0.00
0	4	0.00	0.00	0.87	0.11	0.00
1	1	0.00	0.01	1.07	0.49	0.00
1	5	0.00	0.00	0.44	1.08	0.00
2	2	0.00	0.00	0.23	1.09	0.00
2	6	0.00	0.02	0.10	0.99	0.00
3	3	0.00	0.02	1.11	0.94	0.00
3	7	0.00	0.00	0.29	0.78	0.00
Core	CPU	C1%	C3%	C6%	C8%	C9%
-	-	0.01	0.02	8.47	3.42	0.00
0	0	0.11	0.12	64.95	21.87	0.00
0	4	0.00	0.00	0.59	0.00	0.00
1	1	0.00	0.00	0.59	0.00	0.00
1	5	0.00	0.00	0.18	1.09	0.00
2	2	0.00	0.00	0.46	1.09	0.00
2	6	0.00	0.00	0.15	1.19	0.00
3	3	0.00	0.00	0.74	1.01	0.00
3	7	0.00	0.00	0.10	1.09	0.00
Core	CPU	C1%	C3%	C6%	C8%	C9%
-	-	0.01	0.02	8.45	3.52	0.00
0	0	0.11	0.09	64.96	21.93	0.00
0	4	0.00	0.05	0.69	0.00	0.00
1	1	0.00	0.00	0.32	0.80	0.00
1	5	0.00	0.00	0.23	0.70	0.00
2	2	0.00	0.00	0.28	1.19	0.00
2	6	0.00	0.00	0.34	1.09	0.00
3	3	0.00	0.02	0.54	1.39	0.00
3	7	0.00	0.00	0.23	1.09	0.00
Core	CPU	C1%	C3%	C6%	C8%	C9%
-	-	0.01	0.05	8.36	3.21	0.45
0	0	0.09	0.34	62.92	20.70	0.00
0	4	0.00	0.00	0.88	0.00	0.00
1	1	0.00	0.00	0.26	0.89	0.00
1	5	0.00	0.00	0.24	0.99	3.63
2	2	0.00	0.00	0.82	0.68	0.00
2	6	0.00	0.01	0.90	0.40	0.00
3	3	0.00	0.04	0.49	1.04	0.00
3	7	0.00	0.00	0.37	0.98	0.00
Core	CPU	C1%	C3%	C6%	C8%	C9%
-	-	0.01	0.06	8.60	3.54	0.00
0	0	0.11	0.44	64.80	21.72	0.00
0	4	0.00	0.00	0.70	0.00	0.00
1	1	0.00	0.00	0.20	0.98	0.00
1	5	0.00	0.00	1.04	1.10	0.00
2	2	0.00	0.00	0.35	1.58	0.00
2	6	0.00	0.00	0.24	1.09	0.00
3	3	0.00	0.02	1.28	0.92	0.00
3	7	0.00	0.00	0.20	0.90	0.00
Core	CPU	C1%	C3%	C6%	C8%	C9%
-	-	0.01	0.10	8.41	3.42	0.11
0	0	0.10	0.77	64.34	21.00	0.86
0	4	0.00	0.00	0.55	0.00	0.00
1	1	0.00	0.00	0.22	0.89	0.00
1	5	0.00	0.00	0.66	0.70	0.00
2	2	0.00	0.01	0.27	1.48	0.00
2	6	0.00	0.00	0.28	0.89	0.00
3	3	0.00	0.04	0.82	1.29	0.00
3	7	0.00	0.00	0.13	1.08	0.00
Core	CPU	C1%	C3%	C6%	C8%	C9%
-	-	0.01	0.03	8.48	3.34	0.00
0	0	0.11	0.25	65.03	21.68	0.00
0	4	0.00	0.00	0.56	0.00	0.00
1	1	0.00	0.00	0.15	0.79	0.00
1	5	0.00	0.00	0.31	0.50	0.00
2	2	0.00	0.00	0.42	0.70	0.00
2	6	0.00	0.00	0.10	0.89	0.00
3	3	0.00	0.00	0.69	1.24	0.00
3	7	0.00	0.00	0.56	0.88	0.00
Core	CPU	C1%	C3%	C6%	C8%	C9%
-	-	0.01	0.03	8.42	3.57	0.00
0	0	0.11	0.16	64.74	22.10	0.00
0	4	0.00	0.00	0.50	0.00	0.00
1	1	0.00	0.00	0.29	0.99	0.00
1	5	0.00	0.00	0.27	1.10	0.00
2	2	0.00	0.05	0.50	1.18	0.00
2	6	0.00	0.00	0.24	1.19	0.00
3	3	0.00	0.02	0.51	1.13	0.00
3	7	0.00	0.00	0.29	0.89	0.00
Core	CPU	C1%	C3%	C6%	C8%	C9%
-	-	0.01	0.08	8.43	3.47	3.90
0	0	0.09	0.60	63.18	20.18	0.00
0	4	0.00	0.00	0.53	0.00	27.66
1	1	0.00	0.00	0.20	2.40	0.00
1	5	0.00	0.00	0.29	1.18	3.56
2	2	0.00	0.00	0.57	0.98	0.00
2	6	0.00	0.00	0.36	0.99	0.00
3	3	0.00	0.02	1.70	1.00	0.00
3	7	0.00	0.02	0.59	0.99	0.00
Core	CPU	C1%	C3%	C6%	C8%	C9%
-	-	0.01	0.04	8.41	3.30	0.00
0	0	0.10	0.30	64.74	21.82	0.00
0	4	0.00	0.00	0.56	0.00	0.00
1	1	0.00	0.00	0.56	0.31	0.00
1	5	0.00	0.00	0.13	0.79	0.00
2	2	0.00	0.00	0.39	0.01	0.00
2	6	0.00	0.00	0.10	1.09	0.00
3	3	0.00	0.01	0.54	1.49	0.00
3	7	0.00	0.02	0.25	0.89	0.00
Core	CPU	C1%	C3%	C6%	C8%	C9%
-	-	0.01	0.05	8.51	3.46	0.00
0	0	0.10	0.40	64.38	21.31	0.00
0	4	0.00	0.00	0.88	0.00	0.00
1	1	0.00	0.00	0.36	1.19	0.00
1	5	0.00	0.00	0.43	0.80	0.00
2	2	0.00	0.00	0.73	1.09	0.00
2	6	0.00	0.02	0.20	0.99	0.00
3	3	0.00	0.00	0.31	1.49	0.00
3	7	0.00	0.00	0.78	0.79	0.00
Core	CPU	C1%	C3%	C6%	C8%	C9%
-	-	0.02	0.05	8.46	3.58	0.00
0	0	0.11	0.34	64.76	21.87	0.00
0	4	0.00	0.02	0.59	0.00	0.00
1	1	0.00	0.00	0.10	1.19	0.00
1	5	0.00	0.00	0.19	1.09	0.00
2	2	0.00	0.00	0.65	0.99	0.00
2	6	0.00	0.00	0.28	1.29	0.00
3	3	0.03	0.04	0.78	1.19	0.00
3	7	0.00	0.00	0.29	1.00	0.00
Core	CPU	C1%	C3%	C6%	C8%	C9%
-	-	0.01	0.03	8.77	3.37	0.00
0	0	0.11	0.16	65.00	21.79	0.00
0	4	0.00	0.05	1.09	0.00	0.00
1	1	0.00	0.00	0.62	1.09	0.00
1	5	0.00	0.00	0.68	0.49	0.00
2	2	0.00	0.00	0.49	1.18	0.00
2	6	0.00	0.00	0.27	0.99	0.00
3	3	0.00	0.01	1.86	0.40	0.00
3	7	0.00	0.00	0.14	0.99	0.00
Core	CPU	C1%	C3%	C6%	C8%	C9%
-	-	0.01	0.04	8.30	3.41	0.87
0	0	0.09	0.18	62.89	20.84	3.37
0	4	0.00	0.00	0.98	0.00	0.00
1	1	0.00	0.00	0.56	0.50	0.00
1	5	0.00	0.00	0.15	1.09	3.62
2	2	0.00	0.11	0.22	1.08	0.00
2	6	0.00	0.00	0.20	1.09	0.00
3	3	0.00	0.00	0.70	1.60	0.00
3	7	0.00	0.00	0.74	1.09	0.00
Core	CPU	C1%	C3%	C6%	C8%	C9%
-	-	0.01	0.04	8.54	3.53	0.00
0	0	0.11	0.29	64.70	21.94	0.00
0	4	0.00	0.00	0.50	0.00	0.00
1	1	0.00	0.00	0.28	1.18	0.00
1	5	0.00	0.00	1.48	1.08	0.00
2	2	0.00	0.00	0.24	0.99	0.00
2	6	0.00	0.00	0.20	1.09	0.00
3	3	0.00	0.03	0.59	1.10	0.00
3	7	0.00	0.00	0.30	0.87	0.00
Core	CPU	C1%	C3%	C6%	C8%	C9%
-	-	0.01	0.07	8.50	3.20	0.11
0	0	0.09	0.47	64.52	21.14	0.00
0	4	0.00	0.00	0.64	0.00	0.00
1	1	0.00	0.02	0.59	0.90	0.00
1	5	0.00	0.00	0.10	0.99	0.00
2	2	0.00	0.01	0.59	0.49	0.91
2	6	0.00	0.00	0.72	0.30	0.00
3	3	0.00	0.00	0.76	0.61	0.00
3	7	0.00	0.03	0.10	1.18	0.00
Core	CPU	C1%	C3%	C6%	C8%	C9%
-	-	0.01	0.04	8.57	3.38	0.00
0	0	0.12	0.32	64.85	21.74	0.00
0	4	0.00	0.00	0.56	0.00	0.00
1	1	0.00	0.00	0.15	0.39	0.00
1	5	0.00	0.00	0.13	0.59	0.00
2	2	0.00	0.00	0.60	0.60	0.00
2	6	0.00	0.00	0.38	0.89	0.00
3	3	0.00	0.00	1.46	1.85	0.00
3	7	0.00	0.00	0.40	0.99	0.00
Core	CPU	C1%	C3%	C6%	C8%	C9%
-	-	0.02	0.03	8.56	3.52	0.00
0	0	0.12	0.21	65.14	21.61	0.00
0	4	0.00	0.00	0.70	0.00	0.00
1	1	0.00	0.00	0.38	1.09	0.00
1	5	0.00	0.00	0.51	1.19	0.00
2	2	0.00	0.05	0.29	1.09	0.00
2	6	0.00	0.00	0.33	1.09	0.00
3	3	0.00	0.01	0.90	1.03	0.00
3	7	0.00	0.00	0.19	1.08	0.00
Core	CPU	C1%	C3%	C6%	C8%	C9%
-	-	0.01	0.08	8.59	3.38	4.46
0	0	0.09	0.62	63.20	20.14	3.26
0	4	0.00	0.03	0.49	0.00	28.96
1	1	0.00	0.00	0.20	0.70	0.00
1	5	0.00	0.00	0.32	1.43	3.47
2	2	0.00	0.00	1.30	1.48	0.00
2	6	0.00	0.00	0.85	1.28	0.00
3	3	0.00	0.00	1.35	0.91	0.00
3	7	0.00	0.01	1.02	1.08	0.00
Core	CPU	C1%	C3%	C6%	C8%	C9%
-	-	0.01	0.10	8.47	5.47	0.00
0	0	0.09	0.62	64.90	21.85	0.00
0	4	0.00	0.00	0.55	0.00	0.00
1	1	0.00	0.00	0.20	0.80	0.00
1	5	0.00	0.00	0.13	0.40	0.00
2	2	0.00	0.00	0.50	0.20	0.00
2	6	0.00	0.00	0.20	0.98	0.00
3	3	0.00	0.00	0.49	1.18	0.00
3	7	0.01	0.20	0.82	18.32	0.00
Core	CPU	C1%	C3%	C6%	C8%	C9%
-	-	0.01	0.10	8.61	4.70	0.00
0	0	0.09	0.80	64.15	21.28	0.00
0	4	0.00	0.00	0.88	0.00	0.00
1	1	0.00	0.00	0.36	1.51	0.00
1	5	0.00	0.00	0.42	1.61	0.00
2	2	0.00	0.00	0.72	0.99	0.00
2	6	0.00	0.02	0.20	1.09	0.00
3	3	0.00	0.01	1.17	0.93	0.00
3	7	0.00	0.00	0.95	10.19	0.00
Core	CPU	C1%	C3%	C6%	C8%	C9%
-	-	0.01	0.04	8.59	3.37	0.00
0	0	0.12	0.28	65.17	21.42	0.00
0	4	0.00	0.02	0.50	0.00	0.00
1	1	0.00	0.00	0.28	0.60	0.00
1	5	0.00	0.00	0.24	1.17	0.00
2	2	0.00	0.00	0.37	0.88	0.00
2	6	0.00	0.00	0.33	1.29	0.00
3	3	0.00	0.04	1.27	1.13	0.00
3	7	0.00	0.00	0.59	0.49	0.00
Core	CPU	C1%	C3%	C6%	C8%	C9%
-	-	0.01	0.03	8.49	3.31	0.00
0	0	0.11	0.26	64.86	21.85	0.00
0	4	0.00	0.00	0.64	0.00	0.00
1	1	0.00	0.00	0.22	0.50	0.00
1	5	0.00	0.00	0.58	0.10	0.00
2	2	0.00	0.00	0.49	1.09	0.00
2	6	0.00	0.00	0.28	0.88	0.00
3	3	0.00	0.00	0.57	1.08	0.00
3	7	0.00	0.00	0.24	1.00	0.00
Core	CPU	C1%	C3%	C6%	C8%	C9%
-	-	0.01	0.08	8.29	3.42	0.42
0	0	0.09	0.52	63.09	20.38	0.00
0	4	0.00	0.00	0.98	0.00	0.00
1	1	0.00	0.00	0.26	0.89	0.00
1	5	0.00	0.00	0.28	1.87	3.39
2	2	0.00	0.10	0.52	0.99	0.00
2	6	0.00	0.00	0.10	1.19	0.00
3	3	0.00	0.00	0.60	0.95	0.00
3	7	0.00	0.00	0.49	1.09	0.00
Core	CPU	C1%	C3%	C6%	C8%	C9%
-	-	0.01	0.03	8.53	3.68	0.00
0	0	0.09	0.18	65.20	21.59	0.00
0	4	0.00	0.00	0.50	0.00	0.00
1	1	0.00	0.00	0.29	1.19	0.00
1	5	0.00	0.00	0.73	1.19	0.00
2	2	0.00	0.06	0.30	1.18	0.00
2	6	0.00	0.00	0.24	1.09	0.00
3	3	0.00	0.03	0.67	1.89	0.00
3	7	0.00	0.00	0.30	1.30	0.00
Core	CPU	C1%	C3%	C6%	C8%	C9%
-	-	0.01	0.06	8.64	3.16	0.00
0	0	0.10	0.46	64.40	21.35	0.00
0	4	0.00	0.00	0.62	0.00	0.00
1	1	0.00	0.00	0.71	0.01	0.00
1	5	0.00	0.02	0.69	0.80	0.00
2	2	0.00	0.00	0.39	0.78	0.00
2	6	0.00	0.00	0.28	0.99	0.00
3	3	0.00	0.00	1.28	1.08	0.00
3	7	0.00	0.02	0.78	0.27	0.00
Core	CPU	C1%	C3%	C6%	C8%	C9%
-	-	0.01	0.04	8.78	3.32	0.00
0	0	0.10	0.30	65.35	21.35	0.00
0	4	0.00	0.00	0.66	0.00	0.00
1	1	0.00	0.00	0.64	0.40	0.00
1	5	0.00	0.03	0.27	0.90	0.00
2	2	0.00	0.00	0.10	0.79	0.00
2	6	0.00	0.00	0.29	0.89	0.00
3	3	0.00	0.01	0.58	1.15	0.00
3	7	0.00	0.00	2.36	1.09	0.00
Core	CPU	C1%	C3%	C6%	C8%	C9%
-	-	0.04	0.09	8.84	3.53	0.00
0	0	0.11	0.46	64.61	21.52	0.00
0	4	0.00	0.00	1.09	0.00	0.00
1	1	0.00	0.00	0.37	1.29	0.00
1	5	0.19	0.10	0.85	1.19	0.00
2	2	0.00	0.00	0.44	1.59	0.00
2	6	0.00	0.07	0.64	0.90	0.00
3	3	0.00	0.01	1.64	0.91	0.00
3	7	0.00	0.08	1.09	0.87	0.00
Core	CPU	C1%	C3%	C6%	C8%	C9%
-	-	0.01	0.09	8.63	3.97	0.42
0	0	0.09	0.65	62.64	20.69	0.00
0	4	0.00	0.01	1.31	1.35	0.00
1	1	0.00	0.00	0.19	1.39	0.00
1	5	0.00	0.00	0.45	1.28	3.40
2	2	0.00	0.00	1.30	2.18	0.00
2	6	0.00	0.00	1.85	2.08	0.00
3	3	0.00	0.02	1.01	1.29	0.00
3	7	0.00	0.00	0.29	1.49	0.00
Core	CPU	C1%	C3%	C6%	C8%	C9%
-	-	0.07	0.06	8.58	3.59	0.00
0	0	0.11	0.31	64.76	21.87	0.00
0	4	0.44	0.00	0.59	0.90	0.00
1	1	0.00	0.01	0.92	1.38	0.00
1	5	0.00	0.01	0.45	0.29	0.00
2	2	0.00	0.00	0.19	1.09	0.00
2	6	0.00	0.11	0.78	0.89	0.00
3	3	0.00	0.01	0.64	1.09	0.00
3	7	0.00	0.00	0.31	1.18	0.00
Core	CPU	C1%	C3%	C6%	C8%	C9%
-	-	0.01	0.04	8.64	3.29	0.11
0	0	0.09	0.27	64.54	21.37	0.00
0	4	0.00	0.00	0.76	0.11	0.00
1	1	0.00	0.00	1.14	0.49	0.00
1	5	0.00	0.00	0.43	1.58	0.00
2	2	0.00	0.02	0.73	0.50	0.91
2	6	0.00	0.03	0.94	0.50	0.00
3	3	0.00	0.00	0.39	0.69	0.00
3	7	0.00	0.00	0.17	1.08	0.00
Core	CPU	C1%	C3%	C6%	C8%	C9%
-	-	0.06	0.05	8.61	3.40	0.00
0	0	0.11	0.38	64.70	21.88	0.00
0	4	0.00	0.01	0.67	0.29	0.00
1	1	0.00	0.00	0.18	0.99	0.00
1	5	0.38	0.00	0.37	0.89	0.00
2	2	0.00	0.00	0.74	0.50	0.00
2	6	0.00	0.00	0.93	0.59	0.00
3	3	0.00	0.01	0.88	0.99	0.00
3	7	0.00	0.00	0.39	1.08	0.00
Core	CPU	C1%	C3%	C6%	C8%	C9%
-	-	0.01	0.02	8.68	3.80	0.00
0	0	0.11	0.11	64.85	21.98	0.00
0	4	0.00	0.00	1.38	0.79	0.00
1	1	0.00	0.00	0.26	0.89	0.00
1	5	0.00	0.00	1.16	1.09	0.00
2	2	0.00	0.00	0.32	1.09	0.00
2	6	0.00	0.03	0.58	1.98	0.00
3	3	0.00	0.00	0.38	1.19	0.00
3	7	0.00	0.00	0.50	1.38	0.00
Core	CPU	C1%	C3%	C6%	C8%	C9%
-	-	0.01	0.04	8.41	3.18	0.42
0	0	0.10	0.30	63.06	20.62	3.37
0	4	0.00	0.01	0.99	0.20	0.00
1	1	0.00	0.00	0.20	0.89	0.00
1	5	0.00	0.00	0.78	0.89	0.00
2	2	0.00	0.00	0.26	0.99	0.00
2	6	0.00	0.00	1.03	0.49	0.00
3	3	0.00	0.02	0.20	0.61	0.00
3	7	0.00	0.00	0.79	0.79	0.00
Core	CPU	C1%	C3%	C6%	C8%	C9%
-	-	0.01	0.07	8.61	3.44	0.00
0	0	0.10	0.47	65.20	21.27	0.00
0	4	0.00	0.11	1.08	0.48	0.00
1	1	0.00	0.01	0.30	0.59	0.00
1	5	0.00	0.00	0.18	0.79	0.00
2	2	0.00	0.00	0.77	1.28	0.00
2	6	0.00	0.00	0.37	0.99	0.00
3	3	0.00	0.00	0.24	1.09	0.00
3	7	0.00	0.00	0.72	0.99	0.00
Core	CPU	C1%	C3%	C6%	C8%	C9%
-	-	0.01	0.05	8.36	3.23	0.24
0	0	0.09	0.37	64.36	21.40	0.00
0	4	0.00	0.01	0.87	0.47	1.92
1	1	0.00	0.00	0.25	0.49	0.00
1	5	0.00	0.00	0.14	0.40	0.00
2	2	0.00	0.02	0.29	0.40	0.00
2	6	0.00	0.00	0.20	0.89	0.00
3	3	0.00	0.00	0.28	0.88	0.00
3	7	0.00	0.00	0.52	0.88	0.00
Core	CPU	C1%	C3%	C6%	C8%	C9%
-	-	0.01	0.05	8.54	3.47	0.23
0	0	0.11	0.37	64.94	21.66	0.00
0	4	0.00	0.00	1.11	0.20	1.83
1	1	0.00	0.00	0.28	0.99	0.00
1	5	0.00	0.00	0.45	0.80	0.00
2	2	0.00	0.00	0.24	1.09	0.00
2	6	0.00	0.00	0.22	0.99	0.00
3	3	0.00	0.00	0.75	0.95	0.00
3	7	0.00	0.00	0.38	1.09	0.00
Core	CPU	C1%	C3%	C6%	C8%	C9%
-	-	0.02	0.03	8.48	3.45	0.00
0	0	0.12	0.19	64.99	21.79	0.00
0	4	0.00	0.07	0.88	0.00	0.00
1	1	0.00	0.00	0.10	0.79	0.00
1	5	0.00	0.00	0.18	0.99	0.00
2	2	0.00	0.00	0.37	0.99	0.00
2	6	0.00	0.00	0.34	1.18	0.00
3	3	0.00	0.01	0.72	0.93	0.00
3	7	0.00	0.00	0.29	0.90	0.00
Core	CPU	C1%	C3%	C6%	C8%	C9%
-	-	0.01	0.10	8.48	3.60	0.28
0	0	0.09	0.59	65.26	21.07	0.00
0	4	0.00	0.02	0.87	0.21	2.27
1	1	0.00	0.00	0.31	0.80	0.00
1	5	0.01	0.20	0.10	0.60	0.00
2	2	0.00	0.00	0.19	1.18	0.00
2	6	0.00	0.00	0.48	1.99	0.00
3	3	0.00	0.00	0.35	1.38	0.00
3	7	0.00	0.00	0.27	1.58	0.00
Core	CPU	C1%	C3%	C6%	C8%	C9%
-	-	0.01	0.03	8.56	3.36	0.00
0	0	0.11	0.24	65.11	21.60	0.00
0	4	0.00	0.01	1.25	0.21	0.00
1	1	0.00	0.00	0.25	0.99	0.00
1	5	0.00	0.00	0.43	0.99	0.00
2	2	0.00	0.00	0.19	0.81	0.00
2	6	0.00	0.03	0.52	0.80	0.00
3	3	0.00	0.00	0.28	0.86	0.00
3	7	0.00	0.00	0.45	0.59	0.00
Core	CPU	C1%	C3%	C6%	C8%	C9%
-	-	0.01	0.05	8.53	3.61	0.00
0	0	0.10	0.41	64.56	21.18	0.00
0	4	0.00	0.03	1.09	0.09	0.00
1	1	0.00	0.00	0.28	0.89	0.00
1	5	0.00	0.00	0.44	0.89	0.00
2	2	0.00	0.00	0.24	1.08	0.00
2	6	0.00	0.00	0.33	2.17	0.00
3	3	0.00	0.00	0.98	1.79	0.00
3	7	0.00	0.00	0.29	0.79	0.00
Core	CPU	C1%	C3%	C6%	C8%	C9%
-	-	0.01	0.06	8.81	3.47	0.00
0	0	0.10	0.48	65.38	21.03	0.00
0	4	0.00	0.03	1.01	0.09	0.00
1	1	0.00	0.00	0.10	0.40	0.00
1	5	0.00	0.00	0.89	1.97	0.00
2	2	0.00	0.00	0.96	1.09	0.00
2	6	0.00	0.00	0.65	1.28	0.00
3	3	0.00	0.00	0.81	0.81	0.00
3	7	0.00	0.00	0.69	1.09	0.00
Core	CPU	C1%	C3%	C6%	C8%	C9%
-	-	0.01	0.15	8.45	6.98	0.00
0	0	0.09	0.96	64.52	21.85	0.00
0	4	0.00	0.00	0.76	0.20	0.00
1	1	0.00	0.00	0.29	1.38	0.00
1	5	0.00	0.02	0.20	0.49	0.00
2	2	0.00	0.00	0.10	0.79	0.00
2	6	0.00	0.00	0.18	0.99	0.00
3	3	0.00	0.00	0.36	0.87	0.00
3	7	0.01	0.23	1.16	29.28	0.00
Core	CPU	C1%	C3%	C6%	C8%	C9%
-	-	0.01	0.07	8.30	3.38	0.00
0	0	0.10	0.47	62.57	20.92	0.00
0	4	0.00	0.04	1.31	0.31	0.00
1	1	0.00	0.00	0.56	1.19	0.00
1	5	0.00	0.00	0.35	0.99	0.00
2	2	0.00	0.00	0.23	1.30	0.00
2	6	0.00	0.02	0.19	1.00	0.00
3	3	0.00	0.00	0.19	0.95	0.00
3	7	0.00	0.00	0.97	0.39	0.00
Core	CPU	C1%	C3%	C6%	C8%	C9%
-	-	0.02	0.03	8.55	3.52	0.00
0	0	0.12	0.22	64.78	21.97	0.00
0	4	0.00	0.04	0.80	0.08	0.00
1	1	0.00	0.00	0.29	1.09	0.00
1	5	0.00	0.00	1.00	0.99	0.00
2	2	0.00	0.00	0.25	0.99	0.00
2	6	0.00	0.00	0.24	1.19	0.00
3	3	0.00	0.02	0.74	0.93	0.00
3	7	0.00	0.00	0.28	0.90	0.00
Core	CPU	C1%	C3%	C6%	C8%	C9%
-	-	0.01	0.06	8.32	3.45	0.00
0	0	0.11	0.43	64.62	21.02	0.00
0	4	0.00	0.01	0.76	0.17	0.00
1	1	0.00	0.00	0.22	0.89	0.00
1	5	0.00	0.00	0.05	0.99	0.00
2	2	0.00	0.00	0.19	1.09	0.00
2	6	0.00	0.00	0.27	0.89	0.00
3	3	0.00	0.02	0.35	1.38	0.00
3	7	0.00	0.01	0.13	1.19	0.00
Core	CPU	C1%	C3%	C6%	C8%	C9%
-	-	0.01	0.03	8.69	3.43	0.00
0	0	0.10	0.21	65.27	21.52	0.00
0	4	0.00	0.02	1.27	0.10	0.00
1	1	0.00	0.00	0.25	0.89	0.00
1	5	0.00	0.00	0.99	1.09	0.00
2	2	0.00	0.02	0.39	0.80	0.00
2	6	0.00	0.00	0.27	1.19	0.00
3	3	0.00	0.00	0.29	0.85	0.00
3	7	0.00	0.00	0.80	0.97	0.00
Core	CPU	C1%	C3%	C6%	C8%	C9%
-	-	0.01	0.04	8.45	3.38	0.00
0	0	0.10	0.27	65.17	21.55	0.00
0	4	0.00	0.01	0.64	0.19	0.00
1	1	0.00	0.00	0.28	0.98	0.00
1	5	0.00	0.00	0.37	0.79	0.00
2	2	0.00	0.00	0.15	0.99	0.00
2	6	0.00	0.00	0.33	0.89	0.00
3	3	0.00	0.00	0.19	0.94	0.00
3	7	0.00	0.00	0.47	0.69	0.00
Core	CPU	C1%	C3%	C6%	C8%	C9%
-	-	0.01	0.07	8.28	3.17	0.00
0	0	0.09	0.49	62.65	20.79	0.00
0	4	0.00	0.02	0.91	0.10	0.00
1	1	0.00	0.00	0.30	0.50	0.00
1	5	0.00	0.00	0.18	0.99	0.00
2	2	0.00	0.00	0.37	0.79	0.00
2	6	0.00	0.00	0.25	0.99	0.00
3	3	0.00	0.01	1.02	0.50	0.00
3	7	0.00	0.00	0.60	0.69	0.00
Core	CPU	C1%	C3%	C6%	C8%	C9%
-	-	0.02	0.06	8.45	3.27	0.00
0	0	0.12	0.41	65.04	21.49	0.00
0	4	0.08	0.05	0.85	0.00	0.00
1	1	0.00	0.00	0.23	0.70	0.00
1	5	0.00	0.00	0.47	0.21	0.00
2	2	0.00	0.00	0.09	1.00	0.00
2	6	0.00	0.00	0.19	0.99	0.00
3	3	0.00	0.00	0.46	0.78	0.00
3	7	0.00	0.00	0.24	0.99	0.00
Core	CPU	C1%	C3%	C6%	C8%	C9%
-	-	0.01	0.05	8.54	3.31	0.00
0	0	0.10	0.33	64.11	21.64	0.00
0	4	0.00	0.03	1.26	0.10	0.00
1	1	0.00	0.00	0.16	1.09	0.00
1	5	0.00	0.01	0.25	0.90	0.00
2	2	0.00	0.00	0.92	0.39	0.00
2	6	0.00	0.01	0.90	0.49	0.00
3	3	0.00	0.00	0.29	0.85	0.00
3	7	0.00	0.00	0.43	0.98	0.00
Core	CPU	C1%	C3%	C6%	C8%	C9%
-	-	0.01	0.02	8.47	3.52	0.00
0	0	0.11	0.11	64.94	21.94	0.00
0	4	0.00	0.01	1.10	0.00	0.00
1	1	0.00	0.00	0.18	0.99	0.00
1	5	0.00	0.00	0.57	0.70	0.00
2	2	0.00	0.00	0.25	0.99	0.00
2	6	0.00	0.01	0.13	1.78	0.00
3	3	0.00	0.02	0.32	0.80	0.00
3	7	0.00	0.00	0.29	0.99	0.00
Core	CPU	C1%	C3%	C6%	C8%	C9%
-	-	0.01	0.04	8.62	3.16	0.00
0	0	0.10	0.30	65.11	21.50	0.00
0	4	0.00	0.01	0.74	0.21	0.00
1	1	0.00	0.02	0.20	0.30	0.00
1	5	0.00	0.00	0.10	0.59	0.00
2	2	0.00	0.00	0.28	0.89	0.00
2	6	0.00	0.00	0.76	0.19	0.00
3	3	0.00	0.00	0.96	0.78	0.00
3	7	0.00	0.00	0.83	0.79	0.00
Core	CPU	C1%	C3%	C6%	C8%	C9%
-	-	0.01	0.05	8.41	3.30	0.42
0	0	0.09	0.35	63.48	20.21	3.34
0	4	0.00	0.05	1.43	0.00	0.00
1	1	0.00	0.00	0.65	0.79	0.00
1	5	0.00	0.00	0.24	1.09	0.00
2	2	0.00	0.02	0.29	0.90	0.00
2	6	0.00	0.00	0.29	1.19	0.00
3	3	0.00	0.02	0.48	1.26	0.00
3	7	0.00	0.00	0.45	0.99	0.00
Core	CPU	C1%	C3%	C6%	C8%	C9%
-	-	0.01	0.06	8.67	3.47	0.00
0	0	0.10	0.51	64.88	21.50	0.00
0	4	0.00	0.00	0.79	0.30	0.00
1	1	0.00	0.00	0.40	1.10	0.00
1	5	0.00	0.00	1.08	0.90	0.00
2	2	0.00	0.00	0.23	1.20	0.00
2	6	0.00	0.00	0.51	1.00	0.00
3	3	0.00	0.00	0.28	0.66	0.00
3	7	0.01	0.01	1.16	1.10	0.00
Core	CPU	C1%	C3%	C6%	C8%	C9%
-	-	0.01	0.07	8.42	3.54	0.00
0	0	0.08	0.56	64.28	21.26	0.00
0	4	0.00	0.00	0.34	0.60	0.00
1	1	0.00	0.00	0.10	0.99	0.00
1	5	0.00	0.00	0.20	1.17	0.00
2	2	0.00	0.00	0.76	1.29	0.00
2	6	0.00	0.00	0.35	0.99	0.00
3	3	0.00	0.01	0.63	1.40	0.00
3	7	0.00	0.00	0.70	0.59	0.00
Core	CPU	C1%	C3%	C6%	C8%	C9%
-	-	0.01	0.05	8.63	3.40	0.00
0	0	0.11	0.41	65.02	21.51	0.00
0	4	0.00	0.01	0.65	0.40	0.00
1	1	0.00	0.02	0.29	0.60	0.00
1	5	0.00	0.00	0.58	0.40	0.00
2	2	0.00	0.00	0.29	0.88	0.00
2	6	0.00	0.00	0.37	0.89	0.00
3	3	0.00	0.00	1.62	1.49	0.00
3	7	0.00	0.00	0.24	0.98	0.00
Core	CPU	C1%	C3%	C6%	C8%	C9%
-	-	0.02	0.03	8.48	3.38	0.00
0	0	0.11	0.23	65.04	21.65	0.00
0	4	0.07	0.04	0.76	0.40	0.00
1	1	0.00	0.00	0.33	0.71	0.00
1	5	0.00	0.00	0.26	0.41	0.00
2	2	0.00	0.00	0.19	0.70	0.00
2	6	0.00	0.00	0.38	0.99	0.00
3	3	0.00	0.00	0.35	1.06	0.00
3	7	0.00	0.00	0.52	1.10	0.00
Core	CPU	C1%	C3%	C6%	C8%	C9%
-	-	0.01	0.08	8.25	3.32	1.55
0	0	0.10	0.65	62.58	20.78	0.00
0	4	0.00	0.00	1.10	0.19	12.44
1	1	0.00	0.00	0.17	0.99	0.00
1	5	0.00	0.00	0.36	0.89	0.00
2	2	0.00	0.00	0.23	1.09	0.00
2	6	0.00	0.02	0.40	0.99	0.00
3	3	0.00	0.00	0.50	0.64	0.00
3	7	0.00	0.00	0.68	0.98	0.00
Core	CPU	C1%	C3%	C6%	C8%	C9%
-	-	0.01	0.04	8.36	3.41	0.00
0	0	0.10	0.28	64.84	21.82	0.00
0	4	0.00	0.02	0.71	0.20	0.00
1	1	0.00	0.00	0.10	0.49	0.00
1	5	0.00	0.00	0.19	0.99	0.00
2	2	0.00	0.00	0.36	0.99	0.00
2	6	0.00	0.00	0.25	0.99	0.00
3	3	0.00	0.00	0.32	0.82	0.00
3	7	0.00	0.00	0.10	0.99	0.00
