Core	CPU	C1%	C3%	C6%	C8%	C9%
-	-	0.00	0.03	1.64	1.07	0.00
0	0	0.00	0.00	2.24	1.11	0.00
0	4	0.00	0.00	1.89	1.59	0.00
1	1	0.00	0.02	1.63	0.60	0.00
1	5	0.00	0.06	1.70	1.59	0.00
2	2	0.00	0.00	0.88	0.80	0.00
2	6	0.00	0.02	2.03	1.82	0.00
3	3	0.00	0.08	1.41	0.60	0.00
3	7	0.03	0.04	1.37	0.49	0.00
Core	CPU	C1%	C3%	C6%	C8%	C9%
-	-	0.00	0.00	0.62	0.80	0.00
0	0	0.00	0.00	0.37	0.89	0.00
0	4	0.00	0.00	0.73	1.09	0.00
1	1	0.00	0.03	1.11	0.11	0.00
1	5	0.00	0.00	0.26	0.91	0.00
2	2	0.00	0.00	0.46	0.89	0.00
2	6	0.00	0.00	0.66	1.04	0.00
3	3	0.00	0.00	0.32	0.99	0.00
3	7	0.00	0.00	1.06	0.49	0.00
Core	CPU	C1%	C3%	C6%	C8%	C9%
-	-	0.09	0.01	0.41	0.67	0.00
0	0	0.00	0.00	0.52	0.49	0.00
0	4	0.00	0.02	0.00	0.59	0.00
1	1	0.00	0.05	0.57	0.99	0.00
1	5	0.00	0.00	0.37	0.79	0.00
2	2	0.00	0.00	0.93	0.69	0.00
2	6	0.00	0.00	0.82	0.86	0.00
3	3	0.00	0.00	0.10	0.99	0.00
3	7	0.75	0.00	0.00	0.00	0.00
Core	CPU	C1%	C3%	C6%	C8%	C9%
-	-	0.10	0.00	0.34	0.88	0.00
0	0	0.79	0.00	0.10	0.79	0.00
0	4	0.00	0.00	0.28	0.90	0.00
1	1	0.00	0.02	0.85	0.99	0.00
1	5	0.00	0.00	0.31	0.99	0.00
2	2	0.00	0.01	0.29	0.79	0.00
2	6	0.00	0.00	0.39	0.79	0.00
3	3	0.00	0.00	0.27	0.79	0.00
3	7	0.00	0.00	0.25	0.99	0.00
Core	CPU	C1%	C3%	C6%	C8%	C9%
-	-	0.09	0.00	0.63	1.10	0.00
0	0	0.73	0.00	0.38	1.98	0.00
0	4	0.00	0.00	0.78	1.09	0.00
1	1	0.00	0.02	1.35	0.69	0.00
1	5	0.00	0.02	0.89	0.78	0.00
2	2	0.00	0.00	0.38	0.99	0.00
2	6	0.00	0.00	0.41	1.60	0.00
3	3	0.00	0.00	0.72	0.90	0.00
3	7	0.00	0.00	0.10	0.79	0.00
Core	CPU	C1%	C3%	C6%	C8%	C9%
-	-	0.00	0.00	0.36	0.64	0.00
0	0	0.00	0.00	0.05	0.49	0.00
0	4	0.00	0.00	0.43	0.20	0.00
1	1	0.00	0.02	0.30	0.60	0.00
1	5	0.00	0.00	0.88	0.00	0.00
2	2	0.00	0.00	0.45	0.99	0.00
2	6	0.00	0.00	0.44	0.73	0.00
3	3	0.00	0.00	0.22	1.00	0.00
3	7	0.00	0.00	0.10	1.09	0.00
Core	CPU	C1%	C3%	C6%	C8%	C9%
-	-	0.00	0.01	0.51	0.71	0.00
0	0	0.00	0.00	0.24	0.69	0.00
0	4	0.00	0.03	0.20	0.89	0.00
1	1	0.00	0.01	1.57	0.11	0.00
1	5	0.00	0.00	0.56	0.60	0.00
2	2	0.00	0.00	0.24	1.10	0.00
2	6	0.00	0.00	0.48	0.60	0.00
3	3	0.00	0.00	0.47	0.62	0.00
3	7	0.00	0.00	0.36	1.09	0.00
Core	CPU	C1%	C3%	C6%	C8%	C9%
-	-	0.06	0.01	0.49	1.11	0.11
0	0	0.00	0.00	0.49	1.04	0.00
0	4	0.00	0.00	0.28	0.98	0.00
1	1	0.47	0.04	0.84	0.69	0.00
1	5	0.00	0.00	0.81	0.89	0.00
2	2	0.00	0.00	0.10	0.99	0.00
2	6	0.00	0.00	0.48	1.09	0.00
3	3	0.00	0.00	0.48	1.38	0.91
3	7	0.00	0.00	0.41	1.78	0.00
Core	CPU	C1%	C3%	C6%	C8%	C9%
-	-	0.02	0.00	0.35	1.02	0.00
0	0	0.20	0.00	0.37	1.09	0.00
0	4	0.00	0.00	0.52	1.38	0.00
1	1	0.00	0.01	0.66	0.97	0.00
1	5	0.00	0.00	0.00	0.60	0.00
2	2	0.00	0.00	0.37	0.80	0.00
2	6	0.00	0.00	0.25	1.33	0.00
3	3	0.00	0.00	0.42	0.90	0.00
3	7	0.00	0.00	0.19	1.09	0.00
Core	CPU	C1%	C3%	C6%	C8%	C9%
-	-	0.00	0.01	0.59	0.68	0.00
0	0	0.00	0.00	0.63	0.00	0.00
0	4	0.00	0.02	0.50	0.00	0.00
1	1	0.00	0.05	1.26	1.26	0.00
1	5	0.00	0.00	0.27	0.91	0.00
2	2	0.00	0.00	0.72	0.79	0.00
2	6	0.00	0.00	0.22	0.88	0.00
3	3	0.00	0.00	0.78	0.89	0.00
3	7	0.00	0.00	0.38	0.69	0.00
Core	CPU	C1%	C3%	C6%	C8%	C9%
-	-	0.00	0.04	0.66	3.10	0.00
0	0	0.00	0.01	0.59	0.49	0.00
0	4	0.00	0.00	0.78	0.80	0.00
1	1	0.00	0.03	1.28	0.81	0.00
1	5	0.00	0.00	0.34	1.24	0.00
2	2	0.00	0.10	0.41	1.58	0.00
2	6	0.00	0.00	0.37	2.08	0.00
3	3	0.00	0.00	0.46	1.39	0.00
3	7	0.01	0.19	1.04	16.40	0.00
Core	CPU	C1%	C3%	C6%	C8%	C9%
-	-	0.00	0.33	0.56	2.67	0.00
0	0	0.00	0.00	0.20	1.18	0.00
0	4	0.00	0.00	0.37	1.77	0.00
1	1	0.00	0.01	1.46	1.19	0.00
1	5	0.00	2.58	0.11	0.06	0.00
2	2	0.00	0.00	0.20	1.98	0.00
2	6	0.00	0.00	0.40	2.16	0.00
3	3	0.00	0.00	0.35	1.78	0.00
3	7	0.00	0.05	1.37	11.26	0.00
Core	CPU	C1%	C3%	C6%	C8%	C9%
-	-	0.00	0.01	0.61	1.11	0.00
0	0	0.00	0.00	0.46	1.09	0.00
0	4	0.00	0.03	0.83	1.20	0.00
1	1	0.00	0.04	0.59	0.89	0.00
1	5	0.00	0.00	0.58	0.91	0.00
2	2	0.00	0.00	0.28	0.98	0.00
2	6	0.00	0.00	0.54	1.38	0.00
3	3	0.00	0.00	0.59	1.30	0.00
3	7	0.00	0.00	0.97	1.09	0.00
Core	CPU	C1%	C3%	C6%	C8%	C9%
-	-	0.00	0.01	0.67	0.75	0.00
0	0	0.00	0.00	0.68	0.00	0.00
0	4	0.00	0.00	0.68	0.20	0.00
1	1	0.00	0.03	1.16	0.89	0.00
1	5	0.00	0.00	0.43	1.22	0.00
2	2	0.00	0.00	0.93	0.79	0.00
2	6	0.00	0.02	0.93	1.13	0.00
3	3	0.00	0.00	0.20	1.08	0.00
3	7	0.00	0.00	0.37	0.69	0.00
Core	CPU	C1%	C3%	C6%	C8%	C9%
-	-	0.00	0.01	0.42	0.72	0.00
0	0	0.00	0.00	0.49	0.00	0.00
0	4	0.00	0.00	0.28	0.89	0.00
1	1	0.00	0.02	0.75	0.79	0.00
1	5	0.00	0.00	0.23	0.89	0.00
2	2	0.00	0.00	0.20	0.80	0.00
2	6	0.00	0.00	0.34	0.92	0.00
3	3	0.00	0.00	0.35	0.79	0.00
3	7	0.00	0.02	0.74	0.69	0.00
Core	CPU	C1%	C3%	C6%	C8%	C9%
-	-	0.00	0.01	0.43	0.79	0.00
0	0	0.00	0.00	0.45	0.69	0.00
0	4	0.00	0.00	0.14	0.59	0.00
1	1	0.00	0.07	0.86	0.00	0.00
1	5	0.00	0.00	0.19	1.00	0.00
2	2	0.00	0.00	0.27	0.98	0.00
2	6	0.00	0.00	0.64	0.59	0.00
3	3	0.00	0.00	0.31	1.00	0.00
3	7	0.00	0.00	0.58	1.48	0.00
Core	CPU	C1%	C3%	C6%	C8%	C9%
-	-	0.00	0.01	0.68	0.63	0.00
0	0	0.00	0.00	0.53	0.00	0.00
0	4	0.00	0.01	0.94	0.51	0.00
1	1	0.00	0.04	1.16	0.39	0.00
1	5	0.00	0.00	0.26	1.34	0.00
2	2	0.00	0.00	0.83	0.78	0.00
2	6	0.00	0.02	0.93	0.41	0.00
3	3	0.00	0.00	0.36	0.98	0.00
3	7	0.00	0.00	0.45	0.60	0.00
Core	CPU	C1%	C3%	C6%	C8%	C9%
-	-	0.00	0.33	0.64	1.49	0.00
0	0	0.00	0.00	1.28	1.48	0.00
0	4	0.00	0.00	0.47	1.87	0.00
1	1	0.00	0.03	1.13	1.49	0.00
1	5	0.00	2.58	0.03	0.07	0.00
2	2	0.00	0.00	1.08	1.58	0.00
2	6	0.00	0.00	0.37	1.67	0.00
3	3	0.00	0.00	0.45	1.87	0.00
3	7	0.00	0.00	0.33	1.87	0.00
Core	CPU	C1%	C3%	C6%	C8%	C9%
-	-	0.00	0.01	0.52	0.88	0.00
0	0	0.00	0.00	0.74	0.98	0.00
0	4	0.00	0.00	0.34	0.89	0.00
1	1	0.00	0.05	0.79	0.41	0.00
1	5	0.00	0.00	0.39	0.51	0.00
2	2	0.00	0.00	0.37	0.79	0.00
2	6	0.00	0.00	0.49	0.98	0.00
3	3	0.00	0.00	0.42	0.89	0.00
3	7	0.00	0.00	0.57	1.58	0.00
Core	CPU	C1%	C3%	C6%	C8%	C9%
-	-	0.00	0.00	0.70	0.68	0.00
0	0	0.00	0.00	0.73	0.00	0.00
0	4	0.00	0.00	0.50	0.00	0.00
1	1	0.00	0.02	0.81	1.87	0.00
1	5	0.00	0.00	1.13	0.92	0.00
2	2	0.00	0.00	0.93	0.68	0.00
2	6	0.00	0.02	0.79	0.30	0.00
3	3	0.00	0.00	0.29	0.98	0.00
3	7	0.00	0.00	0.45	0.70	0.00
Core	CPU	C1%	C3%	C6%	C8%	C9%
-	-	0.01	0.01	0.46	1.20	0.00
0	0	0.00	0.00	0.20	0.89	0.00
0	4	0.10	0.01	0.87	1.19	0.00
1	1	0.00	0.02	0.67	1.47	0.00
1	5	0.00	0.05	0.48	1.48	0.00
2	2	0.00	0.02	0.49	1.10	0.00
2	6	0.00	0.00	0.39	1.10	0.00
3	3	0.00	0.00	0.37	1.19	0.00
3	7	0.00	0.00	0.24	1.19	0.00
Core	CPU	C1%	C3%	C6%	C8%	C9%
-	-	0.00	0.00	0.54	1.44	0.00
0	0	0.00	0.00	0.57	1.79	0.00
0	4	0.00	0.00	0.84	1.49	0.00
1	1	0.00	0.00	0.85	0.09	0.00
1	5	0.00	0.02	0.37	1.49	0.00
2	2	0.00	0.00	0.10	0.89	0.00
2	6	0.00	0.00	0.46	1.91	0.00
3	3	0.00	0.00	0.54	1.78	0.00
3	7	0.00	0.01	0.60	2.08	0.00
Core	CPU	C1%	C3%	C6%	C8%	C9%
-	-	0.00	0.01	0.50	1.02	0.00
0	0	0.00	0.00	0.32	0.39	0.00
0	4	0.00	0.00	0.23	0.70	0.00
1	1	0.00	0.03	0.88	0.60	0.00
1	5	0.00	0.00	0.38	1.19	0.00
2	2	0.00	0.00	0.64	1.50	0.00
2	6	0.00	0.00	0.33	1.26	0.00
3	3	0.00	0.02	0.37	1.30	0.00
3	7	0.00	0.00	0.87	1.19	0.00
Core	CPU	C1%	C3%	C6%	C8%	C9%
-	-	0.00	0.10	0.38	0.69	0.00
0	0	0.00	0.02	0.20	0.50	0.00
0	4	0.00	0.00	0.10	0.59	0.00
1	1	0.00	0.05	0.63	0.99	0.00
1	5	0.00	0.59	0.16	0.04	0.00
2	2	0.00	0.10	0.71	0.79	0.00
2	6	0.00	0.00	0.42	0.78	0.00
3	3	0.00	0.00	0.28	0.88	0.00
3	7	0.00	0.00	0.54	0.99	0.00
Core	CPU	C1%	C3%	C6%	C8%	C9%
-	-	0.00	0.00	0.73	0.93	0.00
0	0	0.00	0.00	0.20	0.88	0.00
0	4	0.00	0.00	1.33	1.69	0.00
1	1	0.00	0.00	1.15	0.48	0.00
1	5	0.00	0.00	0.66	0.78	0.00
2	2	0.00	0.00	0.21	0.89	0.00
2	6	0.00	0.00	0.37	1.11	0.00
3	3	0.00	0.00	1.04	0.79	0.00
3	7	0.00	0.02	0.89	0.79	0.00
Core	CPU	C1%	C3%	C6%	C8%	C9%
-	-	0.00	0.00	0.40	0.90	0.00
0	0	0.00	0.00	0.51	0.60	0.00
0	4	0.00	0.00	0.04	0.59	0.00
1	1	0.00	0.01	0.39	0.89	0.00
1	5	0.00	0.00	0.27	0.99	0.00
2	2	0.00	0.00	0.36	0.79	0.00
2	6	0.00	0.00	0.41	1.14	0.00
3	3	0.00	0.01	0.58	1.29	0.00
3	7	0.00	0.00	0.67	0.89	0.00
Core	CPU	C1%	C3%	C6%	C8%	C9%
-	-	0.00	0.00	0.62	0.82	0.00
0	0	0.00	0.00	0.61	0.29	0.00
0	4	0.00	0.00	0.18	0.50	0.00
1	1	0.00	0.00	1.07	1.09	0.00
1	5	0.00	0.00	0.45	0.70	0.00
2	2	0.00	0.00	0.82	0.69	0.00
2	6	0.00	0.00	0.78	0.50	0.00
3	3	0.00	0.00	0.52	1.49	0.00
3	7	0.00	0.00	0.52	1.29	0.00
Core	CPU	C1%	C3%	C6%	C8%	C9%
-	-	0.00	0.01	0.53	0.93	0.00
0	0	0.00	0.00	0.45	1.11	0.00
0	4	0.00	0.00	0.44	0.71	0.00
1	1	0.00	0.02	0.80	1.29	0.00
1	5	0.00	0.02	1.23	1.50	0.00
2	2	0.00	0.00	0.27	0.81	0.00
2	6	0.00	0.00	0.35	0.72	0.00
3	3	0.00	0.00	0.39	0.52	0.00
3	7	0.00	0.03	0.27	0.81	0.00
Core	CPU	C1%	C3%	C6%	C8%	C9%
-	-	0.00	0.01	0.42	0.91	0.00
0	0	0.00	0.00	0.37	0.99	0.00
0	4	0.00	0.00	0.84	1.09	0.00
1	1	0.00	0.05	0.89	0.10	0.00
1	5	0.00	0.00	0.00	0.40	0.00
2	2	0.00	0.00	0.28	0.89	0.00
2	6	0.00	0.00	0.50	1.32	0.00
3	3	0.00	0.00	0.23	1.19	0.00
3	7	0.00	0.00	0.28	1.29	0.00
Core	CPU	C1%	C3%	C6%	C8%	C9%
-	-	0.00	0.17	0.42	0.59	0.00
0	0	0.00	0.00	0.63	0.59	0.00
0	4	0.00	0.00	0.13	0.40	0.00
1	1	0.00	0.00	0.41	0.61	0.00
1	5	0.00	1.39	0.19	0.01	0.00
2	2	0.00	0.00	0.35	0.79	0.00
2	6	0.00	0.00	0.43	0.75	0.00
3	3	0.00	0.00	0.79	0.79	0.00
3	7	0.00	0.00	0.46	0.79	0.00
Core	CPU	C1%	C3%	C6%	C8%	C9%
-	-	0.00	0.00	0.50	0.62	0.00
0	0	0.00	0.00	0.40	0.30	0.00
0	4	0.00	0.00	0.10	0.40	0.00
1	1	0.00	0.02	0.49	1.11	0.00
1	5	0.00	0.00	0.55	0.89	0.00
2	2	0.00	0.00	0.83	0.40	0.00
2	6	0.00	0.01	0.79	0.39	0.00
3	3	0.00	0.00	0.39	0.89	0.00
3	7	0.00	0.00	0.45	0.59	0.00
Core	CPU	C1%	C3%	C6%	C8%	C9%
-	-	0.00	0.01	0.57	0.66	0.00
0	0	0.00	0.00	0.73	0.49	0.00
0	4	0.00	0.00	0.37	0.78	0.00
1	1	0.00	0.00	0.58	0.98	0.00
1	5	0.00	0.02	0.28	0.98	0.00
2	2	0.00	0.00	0.68	0.10	0.00
2	6	0.00	0.04	0.65	0.51	0.00
3	3	0.00	0.00	0.46	0.66	0.00
3	7	0.00	0.00	0.81	0.79	0.00
Core	CPU	C1%	C3%	C6%	C8%	C9%
-	-	0.00	0.04	0.52	4.46	0.00
0	0	0.00	0.00	0.37	0.89	0.00
0	4	0.00	0.00	0.70	1.29	0.00
1	1	0.00	0.07	0.59	0.98	0.00
1	5	0.00	0.00	0.10	0.90	0.00
2	2	0.00	0.00	0.37	0.79	0.00
2	6	0.00	0.00	0.45	1.14	0.00
3	3	0.00	0.00	0.32	0.80	0.00
3	7	0.01	0.23	1.28	28.87	0.00
Core	CPU	C1%	C3%	C6%	C8%	C9%
-	-	0.00	0.00	0.66	0.70	0.00
0	0	0.00	0.00	0.61	0.40	0.00
0	4	0.00	0.00	0.60	0.00	0.00
1	1	0.00	0.00	1.19	0.89	0.00
1	5	0.00	0.00	0.44	0.79	0.00
2	2	0.00	0.00	0.52	0.98	0.00
2	6	0.00	0.03	0.19	0.95	0.00
3	3	0.00	0.00	0.88	0.79	0.00
3	7	0.00	0.00	0.86	0.79	0.00
Core	CPU	C1%	C3%	C6%	C8%	C9%
-	-	0.00	0.02	0.35	0.83	0.00
0	0	0.00	0.01	0.40	0.10	0.00
0	4	0.00	0.00	0.19	0.99	0.00
1	1	0.00	0.04	0.74	0.89	0.00
1	5	0.00	0.00	0.15	0.99	0.00
2	2	0.00	0.11	0.22	0.79	0.00
2	6	0.00	0.00	0.57	1.49	0.00
3	3	0.00	0.00	0.28	0.89	0.00
3	7	0.00	0.00	0.25	0.49	0.00
Core	CPU	C1%	C3%	C6%	C8%	C9%
-	-	0.00	0.09	0.37	0.79	0.00
0	0	0.00	0.00	0.29	0.99	0.00
0	4	0.00	0.00	0.36	0.79	0.00
1	1	0.00	0.05	0.51	1.09	0.00
1	5	0.00	0.64	0.11	0.07	0.00
2	2	0.00	0.00	0.19	0.89	0.00
2	6	0.00	0.00	0.60	0.81	0.00
3	3	0.00	0.00	0.24	0.99	0.00
3	7	0.00	0.02	0.68	0.69	0.00
Core	CPU	C1%	C3%	C6%	C8%	C9%
-	-	0.00	0.01	0.50	0.82	0.00
0	0	0.00	0.00	0.45	0.90	0.00
0	4	0.00	0.00	0.73	1.00	0.00
1	1	0.00	0.04	0.89	0.20	0.00
1	5	0.00	0.00	0.29	0.20	0.00
2	2	0.00	0.00	0.37	0.80	0.00
2	6	0.00	0.00	0.38	1.53	0.00
3	3	0.00	0.00	0.49	1.20	0.00
3	7	0.00	0.00	0.38	0.70	0.00
Core	CPU	C1%	C3%	C6%	C8%	C9%
-	-	0.00	0.01	0.44	0.97	0.00
0	0	0.00	0.00	0.14	0.80	0.00
0	4	0.00	0.02	0.49	0.60	0.00
1	1	0.00	0.00	0.70	0.70	0.00
1	5	0.00	0.00	0.44	1.00	0.00
2	2	0.00	0.00	0.14	0.99	0.00
2	6	0.00	0.02	0.51	1.94	0.00
3	3	0.00	0.00	0.72	0.71	0.00
3	7	0.00	0.00	0.36	1.00	0.00
Core	CPU	C1%	C3%	C6%	C8%	C9%
-	-	0.00	0.01	0.50	0.79	0.00
0	0	0.00	0.01	0.29	0.60	0.00
0	4	0.00	0.00	0.86	0.80	0.00
1	1	0.00	0.02	0.65	1.00	0.00
1	5	0.00	0.00	0.72	0.90	0.00
2	2	0.00	0.02	0.68	0.90	0.00
2	6	0.00	0.02	0.38	0.72	0.00
3	3	0.00	0.00	0.27	0.79	0.00
3	7	0.00	0.00	0.13	0.63	0.00
Core	CPU	C1%	C3%	C6%	C8%	C9%
-	-	0.00	0.00	0.48	0.85	0.00
0	0	0.00	0.00	0.55	1.29	0.00
0	4	0.00	0.00	0.25	1.09	0.00
1	1	0.00	0.04	0.79	0.50	0.00
1	5	0.00	0.00	0.18	0.40	0.00
2	2	0.00	0.00	0.28	0.89	0.00
2	6	0.00	0.00	0.85	0.82	0.00
3	3	0.00	0.00	0.32	1.00	0.00
3	7	0.00	0.00	0.67	0.80	0.00
Core	CPU	C1%	C3%	C6%	C8%	C9%
-	-	0.00	0.00	0.42	1.00	0.00
0	0	0.00	0.00	0.51	0.69	0.00
0	4	0.00	0.00	0.69	1.00	0.00
1	1	0.00	0.01	0.30	0.89	0.00
1	5	0.00	0.00	0.19	1.09	0.00
2	2	0.00	0.00	0.36	0.89	0.00
2	6	0.00	0.00	0.44	1.25	0.00
3	3	0.00	0.03	0.57	1.30	0.00
3	7	0.00	0.00	0.28	0.89	0.00
Core	CPU	C1%	C3%	C6%	C8%	C9%
-	-	0.00	0.22	0.48	1.20	0.00
0	0	0.00	0.02	0.20	0.89	0.00
0	4	0.00	0.00	0.29	1.28	0.00
1	1	0.00	0.00	0.66	2.25	0.00
1	5	0.00	1.78	0.16	0.04	0.00
2	2	0.00	0.00	0.22	1.29	0.00
2	6	0.00	0.00	0.60	1.47	0.00
3	3	0.00	0.00	0.87	1.27	0.00
3	7	0.00	0.00	0.83	1.08	0.00
Core	CPU	C1%	C3%	C6%	C8%	C9%
-	-	0.00	0.00	0.38	0.91	0.00
0	0	0.00	0.00	0.48	1.18	0.00
0	4	0.00	0.00	0.27	1.18	0.00
1	1	0.00	0.00	0.56	1.10	0.00
1	5	0.00	0.00	0.52	0.60	0.00
2	2	0.00	0.00	0.20	0.90	0.00
2	6	0.00	0.00	0.38	0.72	0.00
3	3	0.00	0.00	0.45	0.60	0.00
3	7	0.00	0.03	0.20	0.99	0.00
Core	CPU	C1%	C3%	C6%	C8%	C9%
-	-	0.00	0.01	0.46	0.81	0.00
0	0	0.00	0.00	0.46	0.49	0.00
0	4	0.00	0.00	0.14	0.40	0.00
1	1	0.00	0.06	0.58	0.69	0.00
1	5	0.00	0.00	0.38	0.69	0.00
2	2	0.00	0.00	0.36	0.89	0.00
2	6	0.00	0.02	1.14	1.51	0.00
3	3	0.00	0.02	0.37	0.52	0.00
3	7	0.00	0.00	0.29	1.28	0.00
Core	CPU	C1%	C3%	C6%	C8%	C9%
-	-	0.00	0.01	0.56	1.10	0.00
0	0	0.00	0.02	0.32	0.71	0.00
0	4	0.00	0.02	0.28	0.82	0.00
1	1	0.00	0.02	1.04	1.30	0.00
1	5	0.00	0.00	0.74	0.92	0.00
2	2	0.00	0.00	0.24	0.90	0.00
2	6	0.00	0.00	0.71	2.37	0.00
3	3	0.00	0.00	0.80	1.00	0.00
3	7	0.03	0.01	0.35	0.80	0.00
Core	CPU	C1%	C3%	C6%	C8%	C9%
-	-	0.00	0.00	0.54	1.09	0.00
0	0	0.00	0.00	0.10	0.99	0.00
0	4	0.00	0.00	0.37	1.29	0.00
1	1	0.00	0.00	1.35	0.70	0.00
1	5	0.00	0.00	0.40	1.39	0.00
2	2	0.00	0.00	0.20	1.29	0.00
2	6	0.00	0.00	0.61	1.30	0.00
3	3	0.00	0.00	0.36	1.08	0.00
3	7	0.00	0.00	0.92	0.70	0.00
Core	CPU	C1%	C3%	C6%	C8%	C9%
-	-	0.00	0.00	0.45	1.14	0.00
0	0	0.00	0.00	0.26	1.09	0.00
0	4	0.03	0.00	0.95	1.00	0.00
1	1	0.00	0.04	0.45	1.48	0.00
1	5	0.00	0.00	0.36	1.02	0.00
2	2	0.00	0.00	0.35	1.29	0.00
2	6	0.00	0.00	0.54	1.35	0.00
3	3	0.00	0.00	0.22	1.10	0.00
3	7	0.00	0.00	0.45	0.80	0.00
Core	CPU	C1%	C3%	C6%	C8%	C9%
-	-	0.00	0.19	0.39	0.69	0.00
0	0	0.00	0.00	0.84	0.79	0.00
0	4	0.00	0.03	0.59	0.10	0.00
1	1	0.00	0.00	0.32	0.60	0.00
1	5	0.00	1.46	0.19	0.02	0.00
2	2	0.00	0.00	0.25	0.89	0.00
2	6	0.00	0.00	0.47	1.31	0.00
3	3	0.00	0.00	0.20	0.99	0.00
3	7	0.00	0.00	0.28	0.79	0.00
Core	CPU	C1%	C3%	C6%	C8%	C9%
-	-	0.00	0.01	0.42	0.93	0.00
0	0	0.00	0.00	0.23	0.30	0.00
0	4	0.00	0.00	0.74	0.40	0.00
1	1	0.00	0.04	0.66	0.89	0.00
1	5	0.00	0.00	0.47	0.69	0.00
2	2	0.00	0.00	0.24	0.99	0.00
2	6	0.00	0.03	0.48	2.06	0.00
3	3	0.00	0.00	0.20	1.19	0.00
3	7	0.00	0.00	0.37	0.89	0.00
Core	CPU	C1%	C3%	C6%	C8%	C9%
-	-	0.00	0.00	0.46	0.96	0.00
0	0	0.00	0.00	0.29	0.20	0.00
0	4	0.00	0.00	0.27	0.90	0.00
1	1	0.00	0.02	0.85	0.89	0.00
1	5	0.00	0.00	0.30	0.90	0.00
2	2	0.00	0.00	0.28	0.81	0.00
2	6	0.00	0.02	0.93	2.53	0.00
3	3	0.00	0.00	0.35	0.80	0.00
3	7	0.00	0.00	0.41	0.61	0.00
Core	CPU	C1%	C3%	C6%	C8%	C9%
-	-	0.00	0.01	0.44	0.80	0.00
0	0	0.00	0.00	0.66	1.18	0.00
0	4	0.00	0.00	0.35	0.99	0.00
1	1	0.00	0.07	0.78	0.20	0.00
1	5	0.00	0.00	0.00	0.59	0.00
2	2	0.00	0.00	0.28	0.88	0.00
2	6	0.00	0.00	0.46	0.69	0.00
3	3	0.00	0.00	0.23	1.09	0.00
3	7	0.00	0.00	0.80	0.78	0.00
Core	CPU	C1%	C3%	C6%	C8%	C9%
-	-	0.00	0.01	0.61	0.93	0.00
0	0	0.00	0.00	0.44	1.10	0.00
0	4	0.00	0.00	0.52	0.62	0.00
1	1	0.00	0.07	0.71	1.61	0.00
1	5	0.00	0.02	0.46	0.64	0.00
2	2	0.00	0.00	0.18	0.62	0.00
2	6	0.00	0.00	0.77	1.01	0.00
3	3	0.00	0.00	0.96	0.91	0.00
3	7	0.00	0.00	0.85	0.91	0.00
Core	CPU	C1%	C3%	C6%	C8%	C9%
-	-	0.00	0.00	0.43	1.04	0.00
0	0	0.00	0.00	0.00	0.50	0.00
0	4	0.00	0.00	0.83	2.10	0.00
1	1	0.00	0.01	0.56	0.98	0.00
1	5	0.00	0.00	0.71	1.29	0.00
2	2	0.00	0.01	0.38	1.00	0.00
2	6	0.00	0.00	0.38	0.70	0.00
3	3	0.00	0.00	0.45	0.80	0.00
3	7	0.00	0.00	0.13	0.99	0.00
Core	CPU	C1%	C3%	C6%	C8%	C9%
-	-	0.00	0.15	0.39	1.37	0.00
0	0	0.00	0.00	0.56	1.48	0.00
0	4	0.00	0.00	0.35	1.77	0.00
1	1	0.00	0.03	0.49	1.09	0.00
1	5	0.00	1.18	0.00	0.09	0.00
2	2	0.00	0.00	0.47	1.48	0.00
2	6	0.00	0.00	0.34	1.58	0.00
3	3	0.00	0.00	0.41	1.68	0.00
3	7	0.00	0.00	0.47	1.77	0.00
Core	CPU	C1%	C3%	C6%	C8%	C9%
-	-	0.00	0.02	0.77	3.96	0.00
0	0	0.00	0.00	0.98	1.69	0.00
0	4	0.00	0.00	0.50	1.89	0.00
1	1	0.00	0.00	0.80	1.21	0.00
1	5	0.00	0.00	0.78	0.86	0.00
2	2	0.00	0.00	0.53	1.01	0.00
2	6	0.00	0.00	0.50	1.30	0.00
3	3	0.00	0.00	0.56	1.22	0.00
3	7	0.01	0.18	1.54	22.52	0.00
Core	CPU	C1%	C3%	C6%	C8%	C9%
-	-	0.00	0.01	0.69	1.51	0.00
0	0	0.00	0.02	0.20	0.89	0.00
0	4	0.00	0.00	0.67	0.70	0.00
1	1	0.00	0.05	0.79	1.29	0.00
1	5	0.00	0.00	0.34	1.13	0.00
2	2	0.00	0.00	1.15	0.46	0.00
2	6	0.00	0.02	1.07	0.49	0.00
3	3	0.00	0.02	0.35	1.18	0.00
3	7	0.00	0.01	0.97	5.98	0.00
Core	CPU	C1%	C3%	C6%	C8%	C9%
-	-	0.00	0.01	0.64	0.64	0.00
0	0	0.00	0.00	0.50	0.29	0.00
0	4	0.00	0.00	0.73	0.99	0.00
1	1	0.00	0.02	1.14	0.11	0.00
1	5	0.00	0.00	1.05	0.79	0.00
2	2	0.00	0.00	0.10	0.99	0.00
2	6	0.00	0.00	0.58	0.89	0.00
3	3	0.00	0.00	0.36	0.69	0.00
3	7	0.00	0.03	0.69	0.39	0.00
Core	CPU	C1%	C3%	C6%	C8%	C9%
-	-	0.00	0.01	0.59	0.83	0.00
0	0	0.00	0.00	0.46	1.09	0.00
0	4	0.00	0.00	0.44	1.19	0.00
1	1	0.00	0.04	1.10	0.49	0.00
1	5	0.00	0.00	0.19	0.89	0.00
2	2	0.00	0.00	0.28	1.09	0.00
2	6	0.00	0.00	0.45	1.00	0.00
3	3	0.00	0.00	0.92	0.50	0.00
3	7	0.00	0.01	0.89	0.40	0.00
Core	CPU	C1%	C3%	C6%	C8%	C9%
-	-	0.00	0.01	0.36	0.76	0.00
0	0	0.00	0.00	0.44	0.49	0.00
0	4	0.00	0.02	0.43	0.59	0.00
1	1	0.00	0.01	0.00	0.59	0.00
1	5	0.00	0.00	0.19	0.99	0.00
2	2	0.00	0.00	0.26	0.93	0.00
2	6	0.00	0.00	0.83	0.79	0.00
3	3	0.00	0.02	0.30	0.89	0.00
3	7	0.00	0.00	0.45	0.79	0.00
Core	CPU	C1%	C3%	C6%	C8%	C9%
-	-	0.00	0.08	0.42	0.72	0.00
0	0	0.00	0.02	0.38	0.59	0.00
0	4	0.00	0.01	1.19	0.69	0.00
1	1	0.00	0.00	0.77	0.49	0.00
1	5	0.00	0.60	0.16	0.04	0.00
2	2	0.00	0.00	0.22	0.96	0.00
2	6	0.00	0.00	0.10	0.99	0.00
3	3	0.00	0.00	0.28	0.98	0.00
3	7	0.00	0.00	0.28	0.98	0.00
Core	CPU	C1%	C3%	C6%	C8%	C9%
-	-	0.00	0.02	0.61	1.01	0.00
0	0	0.00	0.00	0.19	0.69	0.00
0	4	0.00	0.06	1.71	1.11	0.00
1	1	0.00	0.00	0.53	0.89	0.00
1	5	0.00	0.00	0.62	0.70	0.00
2	2	0.00	0.00	0.26	1.79	0.00
2	6	0.00	0.00	0.38	0.99	0.00
3	3	0.00	0.00	0.90	0.90	0.00
3	7	0.00	0.13	0.25	0.99	0.00
Core	CPU	C1%	C3%	C6%	C8%	C9%
-	-	0.00	0.00	0.55	1.07	0.00
0	0	0.00	0.00	0.37	0.89	0.00
0	4	0.00	0.00	1.25	0.60	0.00
1	1	0.00	0.02	0.29	0.59	0.00
1	5	0.00	0.00	0.27	1.19	0.00
2	2	0.00	0.00	0.57	0.60	0.00
2	6	0.00	0.00	0.35	0.89	0.00
3	3	0.00	0.00	0.66	1.70	0.00
3	7	0.00	0.00	0.62	2.09	0.00
Core	CPU	C1%	C3%	C6%	C8%	C9%
-	-	0.00	0.01	0.52	0.89	0.00
0	0	0.00	0.00	0.24	1.19	0.00
0	4	0.00	0.07	0.37	0.69	0.00
1	1	0.00	0.00	0.57	0.98	0.00
1	5	0.00	0.00	0.36	0.94	0.00
2	2	0.00	0.00	1.03	0.78	0.00
2	6	0.00	0.02	0.99	0.40	0.00
3	3	0.00	0.00	0.38	1.09	0.00
3	7	0.00	0.00	0.25	1.08	0.00
Core	CPU	C1%	C3%	C6%	C8%	C9%
-	-	0.01	0.02	1.05	1.03	0.00
0	0	0.00	0.00	1.37	0.40	0.00
0	4	0.00	0.03	0.65	1.00	0.00
1	1	0.00	0.03	0.80	0.79	0.00
1	5	0.00	0.02	1.45	1.86	0.00
2	2	0.00	0.02	0.65	1.00	0.00
2	6	0.00	0.00	0.37	1.00	0.00
3	3	0.00	0.00	1.36	1.38	0.00
3	7	0.06	0.06	1.75	0.78	0.00
Core	CPU	C1%	C3%	C6%	C8%	C9%
-	-	0.00	0.00	0.47	1.18	0.00
0	0	0.00	0.00	0.44	0.78	0.00
0	4	0.00	0.00	0.76	1.52	0.00
1	1	0.00	0.02	0.40	0.10	0.00
1	5	0.00	0.00	0.20	0.40	0.00
2	2	0.00	0.00	0.65	1.39	0.00
2	6	0.00	0.00	0.52	1.94	0.00
3	3	0.00	0.00	0.40	1.69	0.00
3	7	0.00	0.00	0.37	1.59	0.00
Core	CPU	C1%	C3%	C6%	C8%	C9%
-	-	0.00	0.18	0.45	0.67	0.00
0	0	0.00	0.00	0.73	0.20	0.00
0	4	0.00	0.06	1.06	0.89	0.00
1	1	0.00	0.00	0.37	0.99	0.00
1	5	0.00	1.38	0.17	0.03	0.00
2	2	0.00	0.00	0.34	0.88	0.00
2	6	0.00	0.02	0.39	0.77	0.00
3	3	0.00	0.00	0.19	0.88	0.00
3	7	0.00	0.00	0.37	0.69	0.00
Core	CPU	C1%	C3%	C6%	C8%	C9%
-	-	0.00	0.00	0.43	0.97	0.00
0	0	0.00	0.00	0.39	1.09	0.00
0	4	0.00	0.03	0.47	1.20	0.00
1	1	0.00	0.00	0.64	0.88	0.00
1	5	0.00	0.00	0.53	0.59	0.00
2	2	0.00	0.00	0.20	0.89	0.00
2	6	0.00	0.00	0.39	0.81	0.00
3	3	0.00	0.00	0.53	1.19	0.00
3	7	0.00	0.00	0.26	1.08	0.00
Core	CPU	C1%	C3%	C6%	C8%	C9%
-	-	0.00	0.01	0.35	0.88	0.00
0	0	0.00	0.00	0.12	0.40	0.00
0	4	0.00	0.05	0.54	0.49	0.00
1	1	0.00	0.01	0.66	1.01	0.00
1	5	0.00	0.00	0.47	1.08	0.00
2	2	0.00	0.00	0.36	0.89	0.00
2	6	0.00	0.00	0.24	1.04	0.00
3	3	0.00	0.02	0.25	1.09	0.00
3	7	0.00	0.00	0.20	1.08	0.00
Core	CPU	C1%	C3%	C6%	C8%	C9%
-	-	0.00	0.00	0.73	0.65	0.00
0	0	0.00	0.00	0.80	0.20	0.00
0	4	0.00	0.01	1.74	0.21	0.00
1	1	0.00	0.00	0.38	0.89	0.00
1	5	0.00	0.00	0.36	0.79	0.00
2	2	0.00	0.00	0.83	0.78	0.00
2	6	0.00	0.02	0.94	0.78	0.00
3	3	0.00	0.00	0.29	0.98	0.00
3	7	0.00	0.00	0.45	0.60	0.00
Core	CPU	C1%	C3%	C6%	C8%	C9%
-	-	0.00	0.00	0.41	0.95	0.00
0	0	0.00	0.00	0.59	0.49	0.00
0	4	0.00	0.03	0.58	1.08	0.00
1	1	0.00	0.00	0.43	0.98	0.00
1	5	0.00	0.00	0.30	1.28	0.00
2	2	0.00	0.00	0.29	0.79	0.00
2	6	0.00	0.00	0.28	0.80	0.00
3	3	0.00	0.00	0.54	0.99	0.00
3	7	0.00	0.00	0.23	1.19	0.00
Core	CPU	C1%	C3%	C6%	C8%	C9%
-	-	0.00	0.00	0.45	1.04	0.00
0	0	0.00	0.00	0.54	1.09	0.00
0	4	0.00	0.03	1.32	0.50	0.00
1	1	0.00	0.00	0.32	0.79	0.00
1	5	0.00	0.00	0.18	0.70	0.00
2	2	0.00	0.00	0.37	1.09	0.00
2	6	0.00	0.01	0.26	1.13	0.00
3	3	0.00	0.00	0.22	1.20	0.00
3	7	0.00	0.00	0.38	1.78	0.00
Core	CPU	C1%	C3%	C6%	C8%	C9%
-	-	0.00	0.19	0.56	0.65	0.00
0	0	0.00	0.00	0.63	0.49	0.00
0	4	0.00	0.02	0.90	0.20	0.00
1	1	0.00	0.00	0.47	1.08	0.00
1	5	0.00	1.38	0.17	0.03	0.00
2	2	0.00	0.00	0.83	0.79	0.00
2	6	0.00	0.01	0.79	0.87	0.00
3	3	0.00	0.00	0.29	0.88	0.00
3	7	0.00	0.13	0.45	0.89	0.00
Core	CPU	C1%	C3%	C6%	C8%	C9%
-	-	0.00	0.00	0.58	0.96	0.00
0	0	0.00	0.00	0.20	0.49	0.00
0	4	0.00	0.02	0.89	1.22	0.00
1	1	0.00	0.00	0.35	0.89	0.00
1	5	0.00	0.00	0.77	0.59	0.00
2	2	0.00	0.00	0.58	0.90	0.00
2	6	0.00	0.00	0.65	1.81	0.00
3	3	0.00	0.00	0.48	1.12	0.00
3	7	0.00	0.00	0.70	0.69	0.00
Core	CPU	C1%	C3%	C6%	C8%	C9%
-	-	0.00	0.01	0.39	0.78	0.00
0	0	0.00	0.00	0.35	0.60	0.00
0	4	0.00	0.04	0.64	0.31	0.00
1	1	0.00	0.02	0.27	0.81	0.00
1	5	0.00	0.00	0.26	0.81	0.00
2	2	0.00	0.00	0.44	0.91	0.00
2	6	0.00	0.00	0.43	0.85	0.00
3	3	0.00	0.00	0.33	0.91	0.00
3	7	0.00	0.00	0.44	1.01	0.00
Core	CPU	C1%	C3%	C6%	C8%	C9%
-	-	0.00	0.00	0.36	0.84	0.00
0	0	0.00	0.00	0.23	0.50	0.00
0	4	0.00	0.04	0.58	0.60	0.00
1	1	0.00	0.00	0.47	1.00	0.00
1	5	0.00	0.00	0.36	0.80	0.00
2	2	0.00	0.00	0.33	1.00	0.00
2	6	0.00	0.00	0.22	0.98	0.00
3	3	0.00	0.00	0.18	1.00	0.00
3	7	0.00	0.00	0.54	0.80	0.00
Core	CPU	C1%	C3%	C6%	C8%	C9%
-	-	0.00	0.02	0.51	0.82	0.00
0	0	0.00	0.00	0.57	0.59	0.00
0	4	0.00	0.00	1.19	0.89	0.00
1	1	0.00	0.00	0.44	0.99	0.00
1	5	0.00	0.00	0.31	0.99	0.00
2	2	0.00	0.00	0.10	1.00	0.00
2	6	0.00	0.00	0.39	0.71	0.00
3	3	0.00	0.00	0.36	0.69	0.00
3	7	0.00	0.13	0.72	0.69	0.00
Core	CPU	C1%	C3%	C6%	C8%	C9%
-	-	0.00	0.00	0.51	0.94	0.00
0	0	0.00	0.00	0.45	0.90	0.00
0	4	0.00	0.03	1.30	1.11	0.00
1	1	0.00	0.00	0.30	0.61	0.00
1	5	0.00	0.00	0.36	1.01	0.00
2	2	0.00	0.00	0.36	0.81	0.00
2	6	0.00	0.00	0.43	1.15	0.00
3	3	0.00	0.00	0.49	0.92	0.00
3	7	0.00	0.00	0.37	1.01	0.00
Core	CPU	C1%	C3%	C6%	C8%	C9%
-	-	0.00	0.20	0.59	4.16	0.00
0	0	0.00	0.00	0.33	0.79	0.00
0	4	0.00	0.02	1.20	0.57	0.00
1	1	0.00	0.00	0.22	0.99	0.00
1	5	0.00	1.38	0.18	0.03	0.00
2	2	0.00	0.00	0.83	0.79	0.00
2	6	0.00	0.02	0.39	0.76	0.00
3	3	0.00	0.00	0.20	0.98	0.00
3	7	0.02	0.19	1.36	28.40	0.00
Core	CPU	C1%	C3%	C6%	C8%	C9%
-	-	0.00	0.01	0.55	0.66	0.00
0	0	0.00	0.00	0.38	0.79	0.00
0	4	0.00	0.00	1.19	0.41	0.00
1	1	0.00	0.00	0.54	0.79	0.00
1	5	0.00	0.00	0.44	0.69	0.00
2	2	0.00	0.01	0.29	0.70	0.00
2	6	0.00	0.00	0.39	0.71	0.00
3	3	0.00	0.00	0.36	0.79	0.00
3	7	0.00	0.03	0.79	0.39	0.00
Core	CPU	C1%	C3%	C6%	C8%	C9%
-	-	0.00	0.02	0.48	1.14	0.00
0	0	0.00	0.00	0.58	1.40	0.00
0	4	0.00	0.05	0.69	0.93	0.00
1	1	0.00	0.12	0.36	0.91	0.00
1	5	0.00	0.00	0.35	0.42	0.00
2	2	0.00	0.00	0.45	1.20	0.00
2	6	0.00	0.00	0.57	1.63	0.00
3	3	0.00	0.00	0.44	1.31	0.00
3	7	0.00	0.00	0.46	1.31	0.00
Core	CPU	C1%	C3%	C6%	C8%	C9%
-	-	0.00	0.01	0.43	0.77	0.00
0	0	0.00	0.00	0.23	0.41	0.00
0	4	0.00	0.03	0.88	0.99	0.00
1	1	0.00	0.00	0.28	0.91	0.00
1	5	0.00	0.00	0.36	0.81	0.00
2	2	0.00	0.00	0.43	0.42	0.00
2	6	0.00	0.01	0.41	0.87	0.00
3	3	0.00	0.00	0.48	0.98	0.00
3	7	0.00	0.00	0.35	0.80	0.00
Core	CPU	C1%	C3%	C6%	C8%	C9%
-	-	0.00	0.00	0.45	0.84	0.00
0	0	0.00	0.00	0.08	0.59	0.00
0	4	0.00	0.02	0.69	0.89	0.00
1	1	0.00	0.00	0.45	0.89	0.00
1	5	0.00	0.00	0.31	1.19	0.00
2	2	0.00	0.01	0.19	0.90	0.00
2	6	0.00	0.00	0.78	0.80	0.00
3	3	0.00	0.00	0.37	0.79	0.00
3	7	0.00	0.00	0.72	0.69	0.00
Core	CPU	C1%	C3%	C6%	C8%	C9%
-	-	0.00	0.01	0.51	0.82	0.00
0	0	0.00	0.00	0.37	1.09	0.00
0	4	0.00	0.05	0.63	1.08	0.00
1	1	0.00	0.00	0.81	0.10	0.00
1	5	0.00	0.01	0.78	0.59	0.00
2	2	0.00	0.00	0.28	0.89	0.00
2	6	0.00	0.00	0.26	0.93	0.00
3	3	0.00	0.00	0.71	0.90	0.00
3	7	0.00	0.00	0.28	1.00	0.00
Core	CPU	C1%	C3%	C6%	C8%	C9%
-	-	0.00	0.18	0.32	0.71	0.00
0	0	0.00	0.00	0.62	0.59	0.00
0	4	0.00	0.02	0.32	0.60	0.00
1	1	0.00	0.00	0.20	0.99	0.00
1	5	0.00	1.38	0.20	0.00	0.00
2	2	0.00	0.00	0.35	0.79	0.00
2	6	0.00	0.00	0.23	0.96	0.00
3	3	0.00	0.00	0.20	0.89	0.00
3	7	0.00	0.00	0.42	0.88	0.00
Core	CPU	C1%	C3%	C6%	C8%	C9%
-	-	0.00	0.01	0.50	0.96	0.00
0	0	0.00	0.01	0.39	0.10	0.00
0	4	0.00	0.01	0.97	1.28	0.00
1	1	0.00	0.00	0.36	0.79	0.00
1	5	0.00	0.00	0.73	0.50	0.00
2	2	0.00	0.02	0.39	0.90	0.00
2	6	0.00	0.00	0.48	1.98	0.00
3	3	0.00	0.00	0.36	0.80	0.00
3	7	0.00	0.04	0.36	1.30	0.00
Core	CPU	C1%	C3%	C6%	C8%	C9%
-	-	0.00	0.00	0.59	1.10	0.00
0	0	0.00	0.00	0.39	1.00	0.00
0	4	0.00	0.02	0.92	1.70	0.00
1	1	0.00	0.00	0.39	1.01	0.00
1	5	0.00	0.00	1.13	0.91	0.00
2	2	0.00	0.00	0.63	1.31	0.00
2	6	0.00	0.00	0.43	0.84	0.00
3	3	0.00	0.00	0.40	1.02	0.00
3	7	0.00	0.00	0.45	1.02	0.00
Core	CPU	C1%	C3%	C6%	C8%	C9%
-	-	0.00	0.01	0.41	0.76	0.00
0	0	0.00	0.00	0.43	0.49	0.00
0	4	0.00	0.05	1.00	0.00	0.00
1	1	0.00	0.00	0.20	0.99	0.00
1	5	0.00	0.00	0.28	0.89	0.00
2	2	0.00	0.00	0.35	0.89	0.00
2	6	0.00	0.00	0.43	0.76	0.00
3	3	0.00	0.00	0.20	1.09	0.00
3	7	0.00	0.00	0.37	0.98	0.00
Core	CPU	C1%	C3%	C6%	C8%	C9%
-	-	0.00	0.00	0.37	0.75	0.00
0	0	0.00	0.00	0.19	0.31	0.00
0	4	0.00	0.01	0.68	0.90	0.00
1	1	0.00	0.00	0.53	0.81	0.00
1	5	0.00	0.00	0.31	0.90	0.00
2	2	0.00	0.01	0.28	0.81	0.00
2	6	0.00	0.00	0.37	0.71	0.00
3	3	0.00	0.00	0.36	0.70	0.00
3	7	0.00	0.00	0.23	0.90	0.00
Core	CPU	C1%	C3%	C6%	C8%	C9%
-	-	0.00	0.01	0.58	0.95	0.00
0	0	0.00	0.00	0.37	1.10	0.00
0	4	0.00	0.04	1.42	0.81	0.00
1	1	0.00	0.00	0.81	0.59	0.00
1	5	0.00	0.01	0.69	0.68	0.00
2	2	0.00	0.00	0.38	0.79	0.00
2	6	0.00	0.00	0.54	1.43	0.00
3	3	0.00	0.00	0.23	1.10	0.00
3	7	0.00	0.00	0.19	1.10	0.00
Core	CPU	C1%	C3%	C6%	C8%	C9%
-	-	0.00	0.27	0.42	0.80	0.00
0	0	0.00	0.72	0.72	0.69	0.00
0	4	0.00	0.02	0.41	1.09	0.00
1	1	0.00	0.00	0.76	0.99	0.00
1	5	0.00	1.38	0.18	0.02	0.00
2	2	0.00	0.00	0.25	0.88	0.00
2	6	0.00	0.00	0.42	0.74	0.00
3	3	0.00	0.00	0.37	1.19	0.00
3	7	0.00	0.01	0.27	0.79	0.00
Core	CPU	C1%	C3%	C6%	C8%	C9%
-	-	0.00	0.02	0.51	0.74	0.00
0	0	0.00	0.12	0.20	0.20	0.00
0	4	0.00	0.02	0.53	0.50	0.00
1	1	0.00	0.00	0.37	0.89	0.00
1	5	0.00	0.00	1.05	0.79	0.00
2	2	0.00	0.00	0.59	0.99	0.00
2	6	0.00	0.02	0.29	0.87	0.00
3	3	0.00	0.00	0.20	0.89	0.00
3	7	0.00	0.00	0.86	0.79	0.00
Core	CPU	C1%	C3%	C6%	C8%	C9%
-	-	0.00	0.00	0.47	0.88	0.00
0	0	0.00	0.00	0.31	0.41	0.00
0	4	0.00	0.01	0.48	1.11	0.00
1	1	0.00	0.00	0.44	0.80	0.00
1	5	0.00	0.00	1.07	0.99	0.00
2	2	0.00	0.00	0.28	0.81	0.00
2	6	0.00	0.00	0.37	1.10	0.00
3	3	0.00	0.00	0.50	1.19	0.00
3	7	0.00	0.00	0.31	0.61	0.00
Core	CPU	C1%	C3%	C6%	C8%	C9%
-	-	0.00	0.00	0.57	1.07	0.00
0	0	0.00	0.00	0.80	1.00	0.00
0	4	0.00	0.00	1.21	1.30	0.00
1	1	0.00	0.00	0.29	0.61	0.00
1	5	0.00	0.00	0.40	0.93	0.00
2	2	0.00	0.00	0.74	0.80	0.00
2	6	0.00	0.00	0.55	1.85	0.00
3	3	0.00	0.00	0.31	1.01	0.00
3	7	0.00	0.00	0.27	1.01	0.00
Core	CPU	C1%	C3%	C6%	C8%	C9%
-	-	0.00	0.01	0.42	0.68	0.00
0	0	0.00	0.00	0.71	0.00	0.00
0	4	0.00	0.07	0.77	0.08	0.00
1	1	0.00	0.00	0.37	0.99	0.00
1	5	0.00	0.00	0.44	0.79	0.00
2	2	0.00	0.00	0.24	0.99	0.00
2	6	0.00	0.02	0.27	0.67	0.00
3	3	0.00	0.00	0.20	0.99	0.00
3	7	0.00	0.00	0.37	0.89	0.00
Core	CPU	C1%	C3%	C6%	C8%	C9%
-	-	0.00	0.00	0.48	0.95	0.00
0	0	0.00	0.00	0.39	0.69	0.00
0	4	0.00	0.04	1.26	0.69	0.00
1	1	0.00	0.00	0.45	0.98	0.00
1	5	0.00	0.00	0.33	1.19	0.00
2	2	0.00	0.00	0.19	1.09	0.00
2	6	0.00	0.00	0.48	0.71	0.00
3	3	0.00	0.00	0.55	1.19	0.00
3	7	0.00	0.00	0.23	1.08	0.00
Core	CPU	C1%	C3%	C6%	C8%	C9%
-	-	0.00	0.07	0.40	0.72	0.00
0	0	0.00	0.00	0.27	0.98	0.00
0	4	0.00	0.01	1.14	0.59	0.00
1	1	0.00	0.02	0.00	0.50	0.00
1	5	0.00	0.49	0.00	0.09	0.00
2	2	0.00	0.00	0.27	0.89	0.00
2	6	0.00	0.00	0.45	0.73	0.00
3	3	0.00	0.03	0.81	0.79	0.00
3	7	0.00	0.00	0.28	1.17	0.00
Core	CPU	C1%	C3%	C6%	C8%	C9%
-	-	0.00	0.00	0.43	0.90	0.00
0	0	0.00	0.00	0.15	0.49	0.00
0	4	0.00	0.01	1.02	0.48	0.00
1	1	0.00	0.00	0.48	0.79	0.00
1	5	0.00	0.00	0.37	0.99	0.00
2	2	0.00	0.00	0.25	0.89	0.00
2	6	0.00	0.03	0.43	1.86	0.00
3	3	0.00	0.00	0.20	0.99	0.00
3	7	0.00	0.00	0.56	0.70	0.00
Core	CPU	C1%	C3%	C6%	C8%	C9%
-	-	0.00	0.00	0.47	0.94	0.00
0	0	0.00	0.00	0.24	0.80	0.00
0	4	0.00	0.03	0.57	1.00	0.00
1	1	0.00	0.00	0.52	0.81	0.00
1	5	0.00	0.00	0.98	1.00	0.00
2	2	0.00	0.00	0.18	0.91	0.00
2	6	0.00	0.00	0.46	1.02	0.00
3	3	0.00	0.00	0.44	0.80	0.00
3	7	0.00	0.00	0.40	1.20	0.00
Core	CPU	C1%	C3%	C6%	C8%	C9%
-	-	0.00	0.01	0.53	0.92	0.00
0	0	0.00	0.00	0.66	1.18	0.00
0	4	0.00	0.05	1.22	0.60	0.00
1	1	0.00	0.00	0.71	0.69	0.00
1	5	0.00	0.00	0.69	0.79	0.00
2	2	0.00	0.00	0.28	0.89	0.00
2	6	0.00	0.00	0.26	0.93	0.00
3	3	0.00	0.00	0.23	1.09	0.00
3	7	0.00	0.00	0.20	1.18	0.00
Core	CPU	C1%	C3%	C6%	C8%	C9%
-	-	0.00	0.03	0.71	4.20	0.00
0	0	0.00	0.00	0.22	0.90	0.00
0	4	0.00	0.07	0.69	0.51	0.00
1	1	0.00	0.00	1.09	1.30	0.00
1	5	0.00	0.00	1.32	1.20	0.00
2	2	0.00	0.00	0.33	1.30	0.00
2	6	0.00	0.00	0.38	1.15	0.00
3	3	0.00	0.00	0.36	1.41	0.00
3	7	0.02	0.17	1.28	25.87	0.00
Core	CPU	C1%	C3%	C6%	C8%	C9%
-	-	0.00	0.01	0.66	1.09	0.00
0	0	0.00	0.00	0.53	0.00	0.00
0	4	0.00	0.03	1.64	0.61	0.00
1	1	0.00	0.00	0.29	1.08	0.00
1	5	0.00	0.00	0.60	1.09	0.00
2	2	0.00	0.00	0.94	0.79	0.00
2	6	0.00	0.02	0.22	1.85	0.00
3	3	0.00	0.00	0.20	1.09	0.00
3	7	0.00	0.00	0.84	2.21	0.00
Core	CPU	C1%	C3%	C6%	C8%	C9%
-	-	0.00	0.19	0.40	0.70	0.00
0	0	0.00	0.00	0.49	0.39	0.00
0	4	0.00	0.02	0.58	1.00	0.00
1	1	0.00	0.00	0.36	1.08	0.00
1	5	0.00	1.48	0.15	0.06	0.00
2	2	0.00	0.00	0.20	0.89	0.00
2	6	0.00	0.00	0.39	0.70	0.00
3	3	0.00	0.00	0.36	0.79	0.00
3	7	0.00	0.00	0.72	0.69	0.00
Core	CPU	C1%	C3%	C6%	C8%	C9%
-	-	0.00	0.01	0.46	0.80	0.00
0	0	0.00	0.00	0.37	1.09	0.00
0	4	0.00	0.04	0.83	0.89	0.00
1	1	0.00	0.00	0.41	0.68	0.00
1	5	0.00	0.00	0.30	0.40	0.00
2	2	0.00	0.00	0.28	0.89	0.00
2	6	0.00	0.00	0.26	0.94	0.00
3	3	0.00	0.00	0.71	0.61	0.00
3	7	0.00	0.00	0.58	0.90	0.00
Core	CPU	C1%	C3%	C6%	C8%	C9%
-	-	0.00	0.01	0.53	0.88	0.00
0	0	0.00	0.00	0.63	0.10	0.00
0	4	0.00	0.06	0.78	0.11	0.00
1	1	0.00	0.00	0.37	1.39	0.00
1	5	0.00	0.00	1.41	0.90	0.00
2	2	0.00	0.00	0.32	1.49	0.00
2	6	0.00	0.02	0.19	0.97	0.00
3	3	0.00	0.00	0.13	0.99	0.00
3	7	0.00	0.00	0.44	1.10	0.00
Core	CPU	C1%	C3%	C6%	C8%	C9%
-	-	0.00	0.01	0.51	0.99	0.00
0	0	0.00	0.00	0.59	0.50	0.00
0	4	0.00	0.05	1.26	1.12	0.00
1	1	0.00	0.00	0.45	0.70	0.00
1	5	0.00	0.00	0.42	1.59	0.00
2	2	0.00	0.01	0.19	0.89	0.00
2	6	0.00	0.00	0.38	1.11	0.00
3	3	0.00	0.00	0.54	0.90	0.00
3	7	0.00	0.00	0.22	1.09	0.00
Core	CPU	C1%	C3%	C6%	C8%	C9%
-	-	0.00	0.00	0.65	1.04	0.00
0	0	0.00	0.00	1.06	0.78	0.00
0	4	0.00	0.03	1.50	0.60	0.00
1	1	0.00	0.00	0.22	0.99	0.00
1	5	0.00	0.00	0.85	0.99	0.00
2	2	0.00	0.00	0.38	1.28	0.00
2	6	0.00	0.00	0.56	0.82	0.00
3	3	0.00	0.00	0.23	1.28	0.00
3	7	0.00	0.00	0.37	1.59	0.00
Core	CPU	C1%	C3%	C6%	C8%	C9%
-	-	0.00	0.01	0.57	0.66	0.00
0	0	0.00	0.00	0.84	0.69	0.00
0	4	0.00	0.05	1.11	0.00	0.00
1	1	0.00	0.00	0.48	0.50	0.00
1	5	0.00	0.00	0.19	0.99	0.00
2	2	0.00	0.00	0.36	0.79	0.00
2	6	0.00	0.00	0.44	0.74	0.00
3	3	0.00	0.02	0.29	0.79	0.00
3	7	0.00	0.00	0.88	0.79	0.00
Core	CPU	C1%	C3%	C6%	C8%	C9%
-	-	0.01	0.18	0.49	0.75	0.00
0	0	0.00	0.00	0.72	0.89	0.00
0	4	0.07	0.01	0.91	0.58	0.00
1	1	0.00	0.00	0.36	0.89	0.00
1	5	0.00	1.38	0.17	0.03	0.00
2	2	0.00	0.00	0.83	0.79	0.00
2	6	0.00	0.02	0.19	0.94	0.00
3	3	0.00	0.00	0.27	0.98	0.00
3	7	0.00	0.00	0.46	0.89	0.00
Core	CPU	C1%	C3%	C6%	C8%	C9%
-	-	0.00	0.00	0.57	0.77	0.00
0	0	0.00	0.02	0.49	0.01	0.00
0	4	0.00	0.01	1.57	0.00	0.00
1	1	0.00	0.00	0.37	0.98	0.00
1	5	0.00	0.00	0.56	1.09	0.00
2	2	0.00	0.00	0.83	0.79	0.00
2	6	0.00	0.00	0.22	1.43	0.00
3	3	0.00	0.00	0.10	0.99	0.00
3	7	0.00	0.00	0.46	0.89	0.00
Core	CPU	C1%	C3%	C6%	C8%	C9%
-	-	0.00	0.01	0.65	0.92	0.00
0	0	0.00	0.01	0.55	0.59	0.00
0	4	0.00	0.03	0.59	1.08	0.00
1	1	0.00	0.00	0.27	1.09	0.00
1	5	0.00	0.00	1.10	0.80	0.00
2	2	0.00	0.00	1.02	0.40	0.00
2	6	0.00	0.01	0.88	1.16	0.00
3	3	0.00	0.00	0.33	1.38	0.00
3	7	0.00	0.00	0.46	0.90	0.00
Core	CPU	C1%	C3%	C6%	C8%	C9%
-	-	0.00	0.00	0.38	0.87	0.00
0	0	0.00	0.00	0.18	0.71	0.00
0	4	0.00	0.00	0.59	1.01	0.00
1	1	0.00	0.00	0.52	0.71	0.00
1	5	0.00	0.00	0.42	0.90	0.00
2	2	0.00	0.00	0.18	0.91	0.00
2	6	0.00	0.00	0.37	0.72	0.00
3	3	0.00	0.00	0.59	1.10	0.00
3	7	0.00	0.00	0.22	0.90	0.00
Core	CPU	C1%	C3%	C6%	C8%	C9%
-	-	0.00	0.01	0.58	1.31	0.00
0	0	0.00	0.00	0.44	1.30	0.00
0	4	0.00	0.00	0.72	1.60	0.00
1	1	0.00	0.00	0.27	0.91	0.00
1	5	0.00	0.00	1.22	1.01	0.00
2	2	0.00	0.00	0.45	1.20	0.00
2	6	0.00	0.01	0.65	1.50	0.00
3	3	0.00	0.03	0.40	1.91	0.00
3	7	0.00	0.01	0.45	1.02	0.00
Core	CPU	C1%	C3%	C6%	C8%	C9%
-	-	0.00	0.01	0.42	0.93	0.00
0	0	0.00	0.00	0.54	0.61	0.00
0	4	0.00	0.02	1.16	0.80	0.00
1	1	0.00	0.00	0.30	0.90	0.00
1	5	0.00	0.00	0.31	1.61	0.00
2	2	0.00	0.00	0.13	1.21	0.00
2	6	0.00	0.03	0.60	0.83	0.00
3	3	0.00	0.02	0.16	0.50	0.00
3	7	0.00	0.00	0.19	1.00	0.00
Core	CPU	C1%	C3%	C6%	C8%	C9%
-	-	0.00	0.18	0.59	1.41	0.00
0	0	0.00	0.02	0.52	1.59	0.00
0	4	0.00	0.07	1.08	2.18	0.00
1	1	0.00	0.00	0.38	0.99	0.00
1	5	0.00	1.38	0.94	0.84	0.00
2	2	0.00	0.00	0.84	0.79	0.00
2	6	0.00	0.00	0.22	2.12	0.00
3	3	0.00	0.00	0.10	0.99	0.00
3	7	0.00	0.00	0.63	1.79	0.00
Core	CPU	C1%	C3%	C6%	C8%	C9%
-	-	0.00	0.01	0.32	0.81	0.00
0	0	0.00	0.02	0.19	0.30	0.00
0	4	0.00	0.04	0.37	0.90	0.00
1	1	0.00	0.00	0.36	1.00	0.00
1	5	0.00	0.00	0.44	0.80	0.00
2	2	0.00	0.00	0.33	0.80	0.00
2	6	0.00	0.02	0.18	0.98	0.00
3	3	0.00	0.00	0.28	0.80	0.00
3	7	0.00	0.00	0.45	0.90	0.00
Core	CPU	C1%	C3%	C6%	C8%	C9%
-	-	0.00	0.00	0.60	1.19	0.00
0	0	0.00	0.00	0.18	0.90	0.00
0	4	0.00	0.02	0.67	0.99	0.00
1	1	0.00	0.00	0.62	1.40	0.00
1	5	0.00	0.00	1.35	1.21	0.00
2	2	0.00	0.00	0.39	1.31	0.00
2	6	0.00	0.00	0.46	0.73	0.00
3	3	0.00	0.00	0.66	1.50	0.00
3	7	0.00	0.00	0.50	1.50	0.00
Core	CPU	C1%	C3%	C6%	C8%	C9%
-	-	0.00	0.00	0.52	0.93	0.00
0	0	0.00	0.00	0.27	1.18	0.00
0	4	0.00	0.01	1.86	0.50	0.00
1	1	0.00	0.00	0.81	0.79	0.00
1	5	0.00	0.00	0.04	0.69	0.00
2	2	0.00	0.00	0.28	0.89	0.00
2	6	0.00	0.00	0.46	1.13	0.00
3	3	0.00	0.00	0.23	1.18	0.00
3	7	0.00	0.00	0.20	1.08	0.00
Core	CPU	C1%	C3%	C6%	C8%	C9%
-	-	0.00	0.01	0.49	0.78	0.00
0	0	0.00	0.00	0.63	0.00	0.00
0	4	0.00	0.06	0.96	0.40	0.00
1	1	0.00	0.00	0.28	1.29	0.00
1	5	0.00	0.00	0.53	0.99	0.00
2	2	0.00	0.00	0.23	1.19	0.00
2	6	0.00	0.04	0.38	0.89	0.00
3	3	0.00	0.00	0.45	0.62	0.00
3	7	0.00	0.00	0.44	0.89	0.00
Core	CPU	C1%	C3%	C6%	C8%	C9%
-	-	0.00	0.00	0.46	0.83	0.00
0	0	0.00	0.00	0.39	0.30	0.00
0	4	0.00	0.01	1.09	0.58	0.00
1	1	0.00	0.00	0.63	0.88	0.00
1	5	0.00	0.00	0.24	1.19	0.00
2	2	0.00	0.01	0.29	0.90	0.00
2	6	0.00	0.00	0.29	0.60	0.00
3	3	0.00	0.00	0.55	0.99	0.00
3	7	0.00	0.00	0.23	1.18	0.00
Core	CPU	C1%	C3%	C6%	C8%	C9%
-	-	0.00	0.04	0.36	0.77	0.00
0	0	0.00	0.00	0.54	1.00	0.00
0	4	0.00	0.00	0.96	0.69	0.00
1	1	0.00	0.02	0.09	0.60	0.00
1	5	0.00	0.29	0.10	0.09	0.00
2	2	0.00	0.00	0.28	0.89	0.00
2	6	0.00	0.00	0.50	0.73	0.00
3	3	0.00	0.00	0.22	1.10	0.00
3	7	0.00	0.00	0.19	1.10	0.00
Core	CPU	C1%	C3%	C6%	C8%	C9%
-	-	0.00	0.00	0.38	0.85	0.00
0	0	0.00	0.00	0.43	0.70	0.00
0	4	0.00	0.02	0.84	0.88	0.00
1	1	0.00	0.00	0.37	0.51	0.00
1	5	0.00	0.00	0.28	0.89	0.00
2	2	0.00	0.00	0.35	0.80	0.00
2	6	0.00	0.00	0.33	1.26	0.00
3	3	0.00	0.00	0.19	1.00	0.00
3	7	0.00	0.00	0.27	0.79	0.00
Core	CPU	C1%	C3%	C6%	C8%	C9%
-	-	0.00	0.00	0.57	0.78	0.00
0	0	0.00	0.00	0.00	0.59	0.00
0	4	0.00	0.03	1.17	0.89	0.00
1	1	0.00	0.00	0.83	0.21	0.00
1	5	0.00	0.00	0.69	1.08	0.00
2	2	0.00	0.01	0.20	0.89	0.00
2	6	0.00	0.00	0.39	1.09	0.00
3	3	0.00	0.00	0.42	0.69	0.00
3	7	0.00	0.00	0.83	0.79	0.00
Core	CPU	C1%	C3%	C6%	C8%	C9%
-	-	0.00	0.04	0.76	4.37	0.00
0	0	0.00	0.00	0.48	0.98	0.00
0	4	0.00	0.02	0.66	1.09	0.00
1	1	0.00	0.00	1.65	0.79	0.00
1	5	0.00	0.01	0.69	0.68	0.00
2	2	0.00	0.00	0.88	0.78	0.00
2	6	0.00	0.00	0.46	0.73	0.00
3	3	0.00	0.00	0.23	1.09	0.00
3	7	0.02	0.26	1.02	28.83	0.00
Core	CPU	C1%	C3%	C6%	C8%	C9%
-	-	0.00	0.01	0.40	0.76	0.00
0	0	0.00	0.00	0.14	0.49	0.00
0	4	0.00	0.07	0.38	0.48	0.00
1	1	0.00	0.00	0.57	0.89	0.00
1	5	0.00	0.00	0.45	0.89	0.00
2	2	0.00	0.00	0.35	0.99	0.00
2	6	0.00	0.00	0.23	0.96	0.00
3	3	0.00	0.00	0.20	0.90	0.00
3	7	0.00	0.00	0.87	0.49	0.00
Core	CPU	C1%	C3%	C6%	C8%	C9%
-	-	0.00	0.00	0.50	0.97	0.00
0	0	0.00	0.01	0.30	0.79	0.00
0	4	0.00	0.00	1.64	1.39	0.00
1	1	0.00	0.00	0.37	0.79	0.00
1	5	0.00	0.00	0.34	0.99	0.00
2	2	0.00	0.02	0.39	1.00	0.00
2	6	0.00	0.00	0.48	1.01	0.00
3	3	0.00	0.00	0.27	0.89	0.00
3	7	0.00	0.00	0.24	0.89	0.00
Core	CPU	C1%	C3%	C6%	C8%	C9%
-	-	0.00	0.04	0.39	0.98	0.00
0	0	0.00	0.00	0.85	1.09	0.00
0	4	0.00	0.01	0.56	1.39	0.00
1	1	0.00	0.00	0.21	0.89	0.00
1	5	0.00	0.29	0.10	0.09	0.00
2	2	0.00	0.00	0.28	0.98	0.00
2	6	0.00	0.00	0.40	0.72	0.00
3	3	0.00	0.00	0.32	1.19	0.00
3	7	0.00	0.00	0.37	1.49	0.00
Core	CPU	C1%	C3%	C6%	C8%	C9%
-	-	0.00	0.00	0.49	1.02	0.00
0	0	0.00	0.00	0.25	0.30	0.00
0	4	0.00	0.03	0.62	0.49	0.00
1	1	0.00	0.00	0.29	0.99	0.00
1	5	0.00	0.00	0.46	1.20	0.00
2	2	0.00	0.00	0.72	1.20	0.00
2	6	0.00	0.00	0.71	0.88	0.00
3	3	0.00	0.00	0.34	1.50	0.00
3	7	0.00	0.00	0.55	1.59	0.00
Core	CPU	C1%	C3%	C6%	C8%	C9%
-	-	0.00	0.00	0.46	0.70	0.00
0	0	0.00	0.00	0.10	0.39	0.00
0	4	0.00	0.00	1.18	0.39	0.00
1	1	0.00	0.00	0.46	0.69	0.00
1	5	0.00	0.00	0.30	1.08	0.00
2	2	0.00	0.01	0.10	0.89	0.00
2	6	0.00	0.00	0.39	0.70	0.00
3	3	0.00	0.00	0.37	0.69	0.00
3	7	0.00	0.00	0.83	0.79	0.00
Core	CPU	C1%	C3%	C6%	C8%	C9%
-	-	0.00	0.00	0.43	1.02	0.00
0	0	0.00	0.00	0.28	1.09	0.00
0	4	0.00	0.01	1.35	0.98	0.00
1	1	0.00	0.00	0.13	0.78	0.00
1	5	0.00	0.00	0.63	0.69	0.00
2	2	0.00	0.00	0.28	0.89	0.00
2	6	0.00	0.00	0.35	1.43	0.00
3	3	0.00	0.00	0.22	1.10	0.00
3	7	0.00	0.00	0.19	1.19	0.00
Core	CPU	C1%	C3%	C6%	C8%	C9%
-	-	0.00	0.00	0.43	0.89	0.00
0	0	0.00	0.00	0.63	0.19	0.00
0	4	0.00	0.02	1.01	0.10	0.00
1	1	0.00	0.00	0.28	1.19	0.00
1	5	0.00	0.00	0.45	1.00	0.00
2	2	0.00	0.00	0.24	0.99	0.00
2	6	0.00	0.00	0.25	1.35	0.00
3	3	0.00	0.00	0.28	1.20	0.00
3	7	0.00	0.00	0.28	1.09	0.00
Core	CPU	C1%	C3%	C6%	C8%	C9%
-	-	0.00	0.01	0.34	0.72	0.00
0	0	0.00	0.02	0.38	0.30	0.00
0	4	0.00	0.06	0.67	0.41	0.00
1	1	0.00	0.00	0.27	0.99	0.00
1	5	0.00	0.00	0.45	0.70	0.00
2	2	0.00	0.00	0.22	1.00	0.00
2	6	0.00	0.00	0.32	0.91	0.00
3	3	0.00	0.00	0.29	0.89	0.00
3	7	0.00	0.00	0.15	0.59	0.00
Core	CPU	C1%	C3%	C6%	C8%	C9%
-	-	0.00	0.19	0.55	0.57	0.00
0	0	0.00	0.00	0.36	0.98	0.00
0	4	0.00	0.01	0.66	0.99	0.00
1	1	0.00	0.00	0.83	0.30	0.00
1	5	0.01	1.50	0.19	0.00	0.00
2	2	0.00	0.00	0.19	0.89	0.00
2	6	0.00	0.00	0.46	0.61	0.00
3	3	0.00	0.00	0.83	0.39	0.00
3	7	0.00	0.01	0.89	0.39	0.00
Core	CPU	C1%	C3%	C6%	C8%	C9%
-	-	0.00	0.00	0.58	0.76	0.00
0	0	0.00	0.00	0.45	0.40	0.00
0	4	0.00	0.01	1.59	0.00	0.00
1	1	0.00	0.01	0.40	0.69	0.00
1	5	0.00	0.00	0.79	0.50	0.00
2	2	0.00	0.00	0.47	0.89	0.00
2	6	0.00	0.00	0.25	1.33	0.00
3	3	0.00	0.00	0.42	0.90	0.00
3	7	0.00	0.00	0.29	1.38	0.00
Core	CPU	C1%	C3%	C6%	C8%	C9%
-	-	0.00	0.01	0.69	0.60	0.00
0	0	0.00	0.00	0.67	0.09	0.00
0	4	0.00	0.04	0.91	0.00	0.00
1	1	0.00	0.00	0.18	0.99	0.00
1	5	0.00	0.00	1.11	0.79	0.00
2	2	0.00	0.00	1.03	0.79	0.00
2	6	0.00	0.02	0.86	0.68	0.00
3	3	0.00	0.00	0.39	0.79	0.00
3	7	0.00	0.01	0.36	0.69	0.00
Core	CPU	C1%	C3%	C6%	C8%	C9%
-	-	0.00	0.00	0.44	0.80	0.00
0	0	0.00	0.00	0.28	0.26	0.00
0	4	0.00	0.01	0.58	0.99	0.00
1	1	0.00	0.00	0.63	0.59	0.00
1	5	0.00	0.00	0.32	1.10	0.00
2	2	0.00	0.00	0.10	0.89	0.00
2	6	0.00	0.00	0.38	0.71	0.00
3	3	0.00	0.00	0.35	1.38	0.00
3	7	0.00	0.00	0.88	0.50	0.00
Core	CPU	C1%	C3%	C6%	C8%	C9%
-	-	0.00	0.01	0.56	0.87	0.00
0	0	0.00	0.00	0.27	0.99	0.00
0	4	0.00	0.02	1.14	0.59	0.00
1	1	0.00	0.02	0.48	0.69	0.00
1	5	0.00	0.00	1.65	0.79	0.00
2	2	0.00	0.00	0.28	0.89	0.00
2	6	0.00	0.00	0.25	0.91	0.00
3	3	0.00	0.00	0.23	0.99	0.00
3	7	0.00	0.00	0.20	1.09	0.00
Core	CPU	C1%	C3%	C6%	C8%	C9%
-	-	0.00	0.01	0.47	0.82	0.00
0	0	0.00	0.00	0.15	0.39	0.00
0	4	0.00	0.06	1.70	0.00	0.00
1	1	0.00	0.00	0.48	0.79	0.00
1	5	0.00	0.00	0.58	1.09	0.00
2	2	0.00	0.00	0.27	0.89	0.00
2	6	0.00	0.00	0.26	1.41	0.00
3	3	0.00	0.00	0.23	0.90	0.00
3	7	0.00	0.00	0.10	1.09	0.00
Core	CPU	C1%	C3%	C6%	C8%	C9%
-	-	0.00	0.20	0.39	0.66	0.00
0	0	0.00	0.00	0.14	0.59	0.00
0	4	0.00	0.01	0.65	0.29	0.00
1	1	0.00	0.00	0.46	0.60	0.00
1	5	0.00	1.59	0.08	0.00	0.00
2	2	0.00	0.00	0.36	0.79	0.00
2	6	0.00	0.00	0.25	0.91	0.00
3	3	0.00	0.00	0.22	0.99	0.00
3	7	0.00	0.00	0.96	1.09	0.00
Core	CPU	C1%	C3%	C6%	C8%	C9%
-	-	0.00	0.01	0.46	0.76	0.00
0	0	0.00	0.00	0.45	0.58	0.00
0	4	0.00	0.04	0.95	0.11	0.00
1	1	0.00	0.01	0.57	0.70	0.00
1	5	0.00	0.00	0.28	1.00	0.00
2	2	0.00	0.00	0.27	0.89	0.00
2	6	0.00	0.00	0.25	0.93	0.00
3	3	0.00	0.00	0.71	0.90	0.00
3	7	0.00	0.00	0.20	0.98	0.00
Core	CPU	C1%	C3%	C6%	C8%	C9%
-	-	0.00	0.01	0.49	0.98	0.00
0	0	0.00	0.00	0.19	0.39	0.00
0	4	0.00	0.04	0.49	0.70	0.00
1	1	0.00	0.00	0.29	1.00	0.00
1	5	0.00	0.02	1.22	1.00	0.00
2	2	0.00	0.00	0.35	0.79	0.00
2	6	0.00	0.00	0.53	2.13	0.00
3	3	0.00	0.00	0.28	1.10	0.00
3	7	0.00	0.00	0.54	0.70	0.00
Core	CPU	C1%	C3%	C6%	C8%	C9%
-	-	0.02	0.00	0.41	0.86	0.00
0	0	0.20	0.00	0.30	0.40	0.00
0	4	0.00	0.02	1.37	0.11	0.00
1	1	0.00	0.00	0.27	0.90	0.00
1	5	0.00	0.00	0.45	0.70	0.00
2	2	0.00	0.00	0.22	0.90	0.00
2	6	0.00	0.00	0.21	1.98	0.00
3	3	0.00	0.00	0.27	0.90	0.00
3	7	0.00	0.00	0.19	1.00	0.00
Core	CPU	C1%	C3%	C6%	C8%	C9%
-	-	0.00	0.01	0.74	0.82	0.00
0	0	0.00	0.00	0.18	0.98	0.00
0	4	0.00	0.01	0.76	0.89	0.00
1	1	0.00	0.00	1.02	0.79	0.00
1	5	0.00	0.02	1.07	0.40	0.00
2	2	0.00	0.00	0.29	0.79	0.00
2	6	0.00	0.00	0.36	0.72	0.00
3	3	0.00	0.00	1.12	1.57	0.00
3	7	0.00	0.02	1.09	0.40	0.00
Core	CPU	C1%	C3%	C6%	C8%	C9%
-	-	0.00	0.00	0.42	0.88	0.00
0	0	0.00	0.00	0.36	0.69	0.00
0	4	0.00	0.02	0.63	0.69	0.00
1	1	0.00	0.00	0.10	0.89	0.00
1	5	0.00	0.00	0.28	1.19	0.00
2	2	0.00	0.00	0.36	0.98	0.00
2	6	0.00	0.00	0.51	0.87	0.00
3	3	0.00	0.01	0.85	0.62	0.00
3	7	0.00	0.00	0.28	1.08	0.00
Core	CPU	C1%	C3%	C6%	C8%	C9%
-	-	0.00	0.21	0.34	0.76	0.00
0	0	0.00	0.01	0.20	0.50	0.00
0	4	0.00	0.01	0.60	0.98	0.00
1	1	0.00	0.00	0.45	0.99	0.00
1	5	0.00	1.48	0.16	0.05	0.00
2	2	0.00	0.02	0.20	0.89	0.00
2	6	0.00	0.00	0.39	0.79	0.00
3	3	0.00	0.00	0.28	0.79	0.00
3	7	0.00	0.13	0.45	1.07	0.00
Core	CPU	C1%	C3%	C6%	C8%	C9%
-	-	0.00	0.05	0.52	4.50	0.00
0	0	0.00	0.00	0.28	0.99	0.00
0	4	0.00	0.03	1.28	1.07	0.00
1	1	0.00	0.04	0.12	1.00	0.00
1	5	0.00	0.02	0.58	0.70	0.00
2	2	0.00	0.00	0.28	0.80	0.00
2	6	0.00	0.00	0.36	1.23	0.00
3	3	0.00	0.00	0.39	1.20	0.00
3	7	0.01	0.29	0.90	29.06	0.00
Core	CPU	C1%	C3%	C6%	C8%	C9%
-	-	0.00	0.01	0.47	0.78	0.00
0	0	0.00	0.00	0.39	0.70	0.00
0	4	0.00	0.09	0.97	0.00	0.00
1	1	0.00	0.00	0.10	0.40	0.00
1	5	0.00	0.00	0.35	0.99	0.00
2	2	0.00	0.00	0.45	0.90	0.00
2	6	0.00	0.00	0.24	1.04	0.00
3	3	0.00	0.01	0.45	1.40	0.00
3	7	0.00	0.00	0.78	0.79	0.00
Core	CPU	C1%	C3%	C6%	C8%	C9%
-	-	0.00	0.00	0.55	0.91	0.00
0	0	0.00	0.00	0.22	0.89	0.00
0	4	0.00	0.00	0.61	1.00	0.00
1	1	0.00	0.00	0.66	1.09	0.00
1	5	0.00	0.00	0.36	0.89	0.00
2	2	0.00	0.00	1.02	0.50	0.00
2	6	0.00	0.01	0.89	0.88	0.00
3	3	0.00	0.00	0.29	1.08	0.00
3	7	0.00	0.00	0.35	0.99	0.00
Core	CPU	C1%	C3%	C6%	C8%	C9%
-	-	0.00	0.01	0.55	1.33	0.00
0	0	0.00	0.00	0.74	1.30	0.00
0	4	0.00	0.01	0.56	1.49	0.00
1	1	0.00	0.00	0.32	1.30	0.00
1	5	0.00	0.02	1.14	1.30	0.00
2	2	0.00	0.00	0.46	1.40	0.00
2	6	0.00	0.00	0.35	1.21	0.00
3	3	0.00	0.00	0.42	1.30	0.00
3	7	0.00	0.03	0.46	1.31	0.00
Core	CPU	C1%	C3%	C6%	C8%	C9%
-	-	0.00	0.00	0.50	0.88	0.00
0	0	0.00	0.00	0.35	0.70	0.00
0	4	0.00	0.02	1.57	0.30	0.00
1	1	0.00	0.02	0.36	0.61	0.00
1	5	0.00	0.00	0.43	0.99	0.00
2	2	0.00	0.00	0.36	0.80	0.00
2	6	0.00	0.00	0.29	1.71	0.00
3	3	0.00	0.00	0.46	1.00	0.00
3	7	0.00	0.00	0.19	0.89	0.00
Core	CPU	C1%	C3%	C6%	C8%	C9%
-	-	0.00	0.20	0.48	0.57	0.00
0	0	0.00	0.00	0.53	0.00	0.00
0	4	0.00	0.02	0.92	0.10	0.00
1	1	0.00	0.00	0.48	1.09	0.00
1	5	0.00	1.57	0.08	0.00	0.00
2	2	0.00	0.00	0.35	0.79	0.00
2	6	0.00	0.00	0.43	0.72	0.00
3	3	0.00	0.01	0.69	0.89	0.00
3	7	0.00	0.00	0.35	0.98	0.00
Core	CPU	C1%	C3%	C6%	C8%	C9%
-	-	0.00	0.01	0.47	0.65	0.00
0	0	0.00	0.00	0.54	0.10	0.00
0	4	0.00	0.04	0.70	0.20	0.00
1	1	0.00	0.00	0.20	0.69	0.00
1	5	0.00	0.00	0.48	0.79	0.00
2	2	0.00	0.00	0.36	0.79	0.00
2	6	0.00	0.00	0.24	0.96	0.00
3	3	0.00	0.01	0.88	0.80	0.00
3	7	0.00	0.00	0.37	0.89	0.00
Core	CPU	C1%	C3%	C6%	C8%	C9%
-	-	0.00	0.00	0.51	0.93	0.00
0	0	0.00	0.02	0.35	0.20	0.00
0	4	0.00	0.02	0.89	0.70	0.00
1	1	0.00	0.00	0.55	0.89	0.00
1	5	0.00	0.00	1.00	1.08	0.00
2	2	0.00	0.00	0.12	0.99	0.00
2	6	0.00	0.00	0.29	1.27	0.00
3	3	0.00	0.00	0.33	1.28	0.00
3	7	0.00	0.00	0.54	0.99	0.00
Core	CPU	C1%	C3%	C6%	C8%	C9%
-	-	0.00	0.00	0.43	0.96	0.00
0	0	0.00	0.00	0.28	1.30	0.00
0	4	0.00	0.04	1.01	1.34	0.00
1	1	0.00	0.00	0.43	0.80	0.00
1	5	0.00	0.00	0.51	0.91	0.00
2	2	0.00	0.00	0.28	0.81	0.00
2	6	0.00	0.00	0.37	1.11	0.00
3	3	0.00	0.00	0.35	0.81	0.00
3	7	0.00	0.00	0.22	0.60	0.00
Core	CPU	C1%	C3%	C6%	C8%	C9%
-	-	0.00	0.00	0.43	0.95	0.00
0	0	0.00	0.00	0.44	1.01	0.00
0	4	0.00	0.02	0.63	1.10	0.00
1	1	0.00	0.00	0.29	0.71	0.00
1	5	0.00	0.00	0.26	0.52	0.00
2	2	0.00	0.00	0.45	1.01	0.00
2	6	0.00	0.00	0.42	0.85	0.00
3	3	0.00	0.00	0.58	1.41	0.00
3	7	0.00	0.00	0.37	1.02	0.00
Core	CPU	C1%	C3%	C6%	C8%	C9%
-	-	0.00	0.01	0.46	0.78	0.00
0	0	0.00	0.00	0.22	0.79	0.00
0	4	0.00	0.08	1.02	0.50	0.00
1	1	0.00	0.00	0.68	0.69	0.00
1	5	0.00	0.00	0.28	0.89	0.00
2	2	0.00	0.00	0.43	0.89	0.00
2	6	0.00	0.00	0.43	0.97	0.00
3	3	0.00	0.00	0.20	0.87	0.00
3	7	0.00	0.00	0.45	0.67	0.00
Core	CPU	C1%	C3%	C6%	C8%	C9%
-	-	0.00	0.08	0.50	1.17	0.00
0	0	0.00	0.00	0.57	2.09	0.00
0	4	0.00	0.04	0.57	1.08	0.00
1	1	0.00	0.00	0.36	0.89	0.00
1	5	0.00	0.59	0.15	0.06	0.00
2	2	0.00	0.00	0.79	0.79	0.00
2	6	0.00	0.00	0.48	1.59	0.00
3	3	0.00	0.00	0.36	0.69	0.00
3	7	0.00	0.00	0.75	2.17	0.00
Core	CPU	C1%	C3%	C6%	C8%	C9%
-	-	0.00	0.00	0.51	1.24	0.00
0	0	0.00	0.00	0.37	1.09	0.00
0	4	0.00	0.02	1.12	1.40	0.00
1	1	0.00	0.00	0.25	0.89	0.00
1	5	0.00	0.00	0.64	0.79	0.00
2	2	0.00	0.00	0.37	1.09	0.00
2	6	0.00	0.00	0.60	2.03	0.00
3	3	0.00	0.00	0.39	1.50	0.00
3	7	0.00	0.01	0.33	1.10	0.00
Core	CPU	C1%	C3%	C6%	C8%	C9%
-	-	0.01	0.01	0.76	0.81	0.00
0	0	0.00	0.00	1.42	0.00	0.00
0	4	0.00	0.04	0.80	0.11	0.00
1	1	0.00	0.00	0.28	0.89	0.00
1	5	0.00	0.00	1.12	0.89	0.00
2	2	0.00	0.00	1.04	0.85	0.00
2	6	0.00	0.02	0.28	1.64	0.00
3	3	0.00	0.00	0.40	1.29	0.00
3	7	0.07	0.00	0.76	0.79	0.00
Core	CPU	C1%	C3%	C6%	C8%	C9%
-	-	0.00	0.01	0.35	0.80	0.00
0	0	0.00	0.00	0.20	0.30	0.00
0	4	0.00	0.04	0.76	0.79	0.00
1	1	0.00	0.00	0.36	0.98	0.00
1	5	0.00	0.00	0.25	0.89	0.00
2	2	0.00	0.02	0.39	0.70	0.00
2	6	0.00	0.00	0.19	1.00	0.00
3	3	0.00	0.00	0.28	0.88	0.00
3	7	0.00	0.00	0.34	0.89	0.00
Core	CPU	C1%	C3%	C6%	C8%	C9%
-	-	0.00	0.02	0.71	0.80	0.00
0	0	0.00	0.00	0.19	0.89	0.00
0	4	0.00	0.05	0.64	0.98	0.00
1	1	0.00	0.03	0.99	0.59	0.00
1	5	0.00	0.01	1.66	0.79	0.00
2	2	0.00	0.00	0.29	0.99	0.00
2	6	0.00	0.02	0.36	0.82	0.00
3	3	0.00	0.00	0.76	0.59	0.00
3	7	0.00	0.02	0.79	0.79	0.00
Core	CPU	C1%	C3%	C6%	C8%	C9%
-	-	0.00	0.02	0.54	0.84	0.00
0	0	0.00	0.00	0.36	0.90	0.00
0	4	0.00	0.02	1.74	0.60	0.00
1	1	0.00	0.12	0.10	0.30	0.00
1	5	0.00	0.00	0.23	0.70	0.00
2	2	0.00	0.00	0.28	0.90	0.00
2	6	0.00	0.00	0.39	1.72	0.00
3	3	0.00	0.00	0.52	0.80	0.00
3	7	0.00	0.00	0.68	0.80	0.00
Core	CPU	C1%	C3%	C6%	C8%	C9%
-	-	0.00	0.21	0.38	0.64	0.00
0	0	0.00	0.00	0.05	0.59	0.00
0	4	0.00	0.01	0.63	0.30	0.00
1	1	0.00	0.00	0.38	0.60	0.00
1	5	0.01	1.65	0.09	0.00	0.00
2	2	0.00	0.00	0.36	0.79	0.00
2	6	0.00	0.00	0.74	0.94	0.00
3	3	0.00	0.02	0.58	0.99	0.00
3	7	0.00	0.00	0.19	0.89	0.00
Core	CPU	C1%	C3%	C6%	C8%	C9%
-	-	0.00	0.00	0.48	0.72	0.00
0	0	0.00	0.00	0.53	0.00	0.00
0	4	0.00	0.01	1.01	0.00	0.00
1	1	0.00	0.00	0.38	1.09	0.00
1	5	0.00	0.00	0.56	0.89	0.00
2	2	0.00	0.00	0.34	0.79	0.00
2	6	0.00	0.00	0.21	1.06	0.00
3	3	0.00	0.00	0.46	1.20	0.00
3	7	0.00	0.00	0.37	0.69	0.00
Core	CPU	C1%	C3%	C6%	C8%	C9%
-	-	0.00	0.00	0.46	0.92	0.00
0	0	0.00	0.00	0.55	0.10	0.00
0	4	0.00	0.03	0.58	1.00	0.00
1	1	0.00	0.00	0.35	1.08	0.00
1	5	0.00	0.00	0.99	0.99	0.00
2	2	0.00	0.00	0.19	0.90	0.00
2	6	0.00	0.00	0.39	1.09	0.00
3	3	0.00	0.00	0.42	1.18	0.00
3	7	0.00	0.00	0.24	0.99	0.00
Core	CPU	C1%	C3%	C6%	C8%	C9%
-	-	0.00	0.00	0.53	0.96	0.00
0	0	0.00	0.00	0.27	1.09	0.00
0	4	0.00	0.02	1.71	0.70	0.00
1	1	0.00	0.00	0.51	0.99	0.00
1	5	0.00	0.00	0.49	0.80	0.00
2	2	0.00	0.00	0.28	0.89	0.00
2	6	0.00	0.00	0.55	1.01	0.00
3	3	0.00	0.00	0.23	1.10	0.00
3	7	0.00	0.00	0.20	1.09	0.00
Core	CPU	C1%	C3%	C6%	C8%	C9%
-	-	0.00	0.00	0.44	0.82	0.00
0	0	0.00	0.00	0.23	0.50	0.00
0	4	0.00	0.02	0.62	0.41	0.00
1	1	0.00	0.00	0.09	0.41	0.00
1	5	0.00	0.00	0.93	0.90	0.00
2	2	0.00	0.00	0.44	0.90	0.00
2	6	0.00	0.00	0.32	0.95	0.00
3	3	0.00	0.01	0.47	0.81	0.00
3	7	0.00	0.00	0.37	1.69	0.00
Core	CPU	C1%	C3%	C6%	C8%	C9%
-	-	0.00	0.04	0.62	4.33	0.00
0	0	0.00	0.00	0.62	0.99	0.00
0	4	0.00	0.02	0.42	1.08	0.00
1	1	0.00	0.00	0.30	0.89	0.00
1	5	0.00	0.00	0.43	0.99	0.00
2	2	0.00	0.00	0.93	0.88	0.00
2	6	0.00	0.01	0.79	0.37	0.00
3	3	0.00	0.00	0.29	0.89	0.00
3	7	0.02	0.27	1.21	28.57	0.00
Core	CPU	C1%	C3%	C6%	C8%	C9%
-	-	0.00	0.19	0.43	0.64	0.00
0	0	0.00	0.00	0.10	0.69	0.00
0	4	0.00	0.01	1.19	0.49	0.00
1	1	0.00	0.00	0.36	0.79	0.00
1	5	0.00	1.49	0.15	0.04	0.00
2	2	0.00	0.02	0.19	0.89	0.00
2	6	0.00	0.00	0.29	0.67	0.00
3	3	0.00	0.00	0.38	0.78	0.00
3	7	0.00	0.00	0.75	0.79	0.00
Core	CPU	C1%	C3%	C6%	C8%	C9%
-	-	0.00	0.00	0.41	0.87	0.00
0	0	0.02	0.00	0.20	0.50	0.00
0	4	0.00	0.01	0.90	1.19	0.00
1	1	0.00	0.00	0.35	0.90	0.00
1	5	0.00	0.00	0.44	0.70	0.00
2	2	0.00	0.02	0.39	0.71	0.00
2	6	0.00	0.00	0.38	1.20	0.00
3	3	0.00	0.00	0.27	0.89	0.00
3	7	0.00	0.00	0.33	0.90	0.00
Core	CPU	C1%	C3%	C6%	C8%	C9%
-	-	0.00	0.00	0.54	1.00	0.00
0	0	0.00	0.00	0.72	0.79	0.00
0	4	0.01	0.01	1.06	1.29	0.00
1	1	0.00	0.00	0.34	0.79	0.00
1	5	0.00	0.00	1.08	0.98	0.00
2	2	0.00	0.00	0.19	0.89	0.00
2	6	0.00	0.00	0.27	0.90	0.00
3	3	0.00	0.00	0.35	0.88	0.00
3	7	0.00	0.00	0.32	1.44	0.00
Core	CPU	C1%	C3%	C6%	C8%	C9%
-	-	0.00	0.00	0.51	0.81	0.00
0	0	0.00	0.00	0.27	1.09	0.00
0	4	0.00	0.02	1.05	0.80	0.00
1	1	0.00	0.01	0.72	0.49	0.00
1	5	0.00	0.00	0.60	0.20	0.00
2	2	0.00	0.00	0.59	0.99	0.00
2	6	0.00	0.00	0.46	0.73	0.00
3	3	0.00	0.00	0.24	1.09	0.00
3	7	0.00	0.00	0.20	1.09	0.00
Core	CPU	C1%	C3%	C6%	C8%	C9%
-	-	0.00	0.00	0.46	0.79	0.00
0	0	0.00	0.00	0.62	0.20	0.00
0	4	0.00	0.03	0.82	0.22	0.00
1	1	0.00	0.00	0.19	1.38	0.00
1	5	0.00	0.00	0.93	1.00	0.00
2	2	0.00	0.00	0.35	0.80	0.00
2	6	0.00	0.00	0.22	0.95	0.00
3	3	0.00	0.00	0.19	1.10	0.00
3	7	0.00	0.00	0.37	0.70	0.00
Core	CPU	C1%	C3%	C6%	C8%	C9%
-	-	0.00	0.01	0.62	0.80	0.00
0	0	0.00	0.00	0.32	0.30	0.00
0	4	0.00	0.05	1.03	0.62	0.00
1	1	0.00	0.00	0.95	0.69	0.00
1	5	0.00	0.00	0.36	0.79	0.00
2	2	0.00	0.00	0.83	0.79	0.00
2	6	0.00	0.02	0.89	1.15	0.00
3	3	0.00	0.00	0.20	1.08	0.00
3	7	0.00	0.00	0.36	0.98	0.00
Core	CPU	C1%	C3%	C6%	C8%	C9%
-	-	0.00	0.19	0.52	0.88	0.00
0	0	0.00	0.00	0.10	0.99	0.00
0	4	0.00	0.05	0.70	1.48	0.00
1	1	0.00	0.00	0.98	0.89	0.00
1	5	0.00	1.49	0.84	0.24	0.00
2	2	0.00	0.01	0.50	0.59	0.00
2	6	0.00	0.00	0.42	1.27	0.00
3	3	0.00	0.00	0.37	0.69	0.00
3	7	0.00	0.00	0.25	0.88	0.00
Core	CPU	C1%	C3%	C6%	C8%	C9%
-	-	0.00	0.00	0.39	1.02	0.00
0	0	0.00	0.00	0.27	0.90	0.00
0	4	0.00	0.01	0.57	1.01	0.00
1	1	0.00	0.00	0.45	1.20	0.00
1	5	0.00	0.00	0.31	0.90	0.00
2	2	0.00	0.00	0.37	0.91	0.00
2	6	0.00	0.00	0.28	0.82	0.00
3	3	0.00	0.00	0.45	0.90	0.00
3	7	0.00	0.00	0.41	1.50	0.00
Core	CPU	C1%	C3%	C6%	C8%	C9%
-	-	0.00	0.01	0.43	0.83	0.00
0	0	0.00	0.00	0.54	0.91	0.00
0	4	0.00	0.01	0.74	1.10	0.00
1	1	0.00	0.02	0.32	0.71	0.00
1	5	0.00	0.00	0.35	0.51	0.00
2	2	0.00	0.00	0.35	0.81	0.00
2	6	0.00	0.02	0.51	0.75	0.00
3	3	0.00	0.00	0.40	0.92	0.00
3	7	0.00	0.00	0.27	0.91	0.00
Core	CPU	C1%	C3%	C6%	C8%	C9%
-	-	0.00	0.00	0.64	1.05	0.00
0	0	0.00	0.00	0.84	0.69	0.00
0	4	0.00	0.01	1.54	0.50	0.00
1	1	0.00	0.00	0.10	0.40	0.00
1	5	0.00	0.00	0.76	1.29	0.00
2	2	0.00	0.00	0.65	1.19	0.00
2	6	0.00	0.00	0.37	1.84	0.00
3	3	0.00	0.00	0.20	1.38	0.00
3	7	0.00	0.00	0.65	1.09	0.00
Core	CPU	C1%	C3%	C6%	C8%	C9%
-	-	0.00	0.00	0.37	0.80	0.00
0	0	0.00	0.00	0.20	0.30	0.00
0	4	0.00	0.00	0.69	0.91	0.00
1	1	0.00	0.00	0.35	0.99	0.00
1	5	0.00	0.00	0.41	0.90	0.00
2	2	0.00	0.02	0.38	0.71	0.00
2	6	0.00	0.01	0.28	0.99	0.00
3	3	0.00	0.00	0.28	0.79	0.00
3	7	0.00	0.00	0.35	0.79	0.00
Core	CPU	C1%	C3%	C6%	C8%	C9%
-	-	0.00	0.01	0.38	0.96	0.00
0	0	0.00	0.00	0.10	0.99	0.00
0	4	0.00	0.00	0.38	0.89	0.00
1	1	0.00	0.00	0.15	0.98	0.00
1	5	0.00	0.00	0.13	1.18	0.00
2	2	0.00	0.00	0.79	0.79	0.00
2	6	0.00	0.03	1.03	0.82	0.00
3	3	0.00	0.00	0.36	0.89	0.00
3	7	0.00	0.04	0.10	1.18	0.00
Core	CPU	C1%	C3%	C6%	C8%	C9%
-	-	0.00	0.21	0.44	0.43	0.00
0	0	0.00	0.00	0.41	0.69	0.00
0	4	0.00	0.00	0.14	0.50	0.00
1	1	0.00	0.00	0.00	0.59	0.00
1	5	0.00	1.46	0.19	0.01	0.00
2	2	0.00	0.00	0.36	0.79	0.00
2	6	0.00	0.24	0.96	0.06	0.00
3	3	0.00	0.00	0.60	0.49	0.00
3	7	0.00	0.00	0.88	0.29	0.00
Core	CPU	C1%	C3%	C6%	C8%	C9%
-	-	0.00	0.01	0.54	0.85	0.00
0	0	0.00	0.00	0.69	0.50	0.00
0	4	0.00	0.01	0.66	1.00	0.00
1	1	0.00	0.00	0.37	0.99	0.00
1	5	0.00	0.00	0.56	0.59	0.00
2	2	0.00	0.00	0.23	0.90	0.00
2	6	0.00	0.04	1.15	1.26	0.00
3	3	0.00	0.00	0.29	0.89	0.00
3	7	0.00	0.00	0.35	0.69	0.00
Core	CPU	C1%	C3%	C6%	C8%	C9%
-	-	0.00	0.00	0.64	1.34	0.00
0	0	0.00	0.00	0.52	1.79	0.00
0	4	0.00	0.00	1.05	0.50	0.00
1	1	0.00	0.00	0.34	1.38	0.00
1	5	0.00	0.00	0.43	1.68	0.00
2	2	0.00	0.00	0.29	1.20	0.00
2	6	0.00	0.02	1.57	1.40	0.00
3	3	0.00	0.00	0.50	1.00	0.00
3	7	0.00	0.00	0.42	1.78	0.00
Core	CPU	C1%	C3%	C6%	C8%	C9%
-	-	0.00	0.01	0.42	0.98	0.00
0	0	0.00	0.00	0.36	1.09	0.00
0	4	0.00	0.00	0.25	1.08	0.00
1	1	0.00	0.00	0.61	0.99	0.00
1	5	0.00	0.00	0.10	0.99	0.00
2	2	0.00	0.00	0.37	0.99	0.00
2	6	0.00	0.07	0.79	0.74	0.00
3	3	0.00	0.00	0.71	0.79	0.00
3	7	0.00	0.00	0.19	1.19	0.00
Core	CPU	C1%	C3%	C6%	C8%	C9%
-	-	0.00	0.02	0.80	0.75	0.00
0	0	0.00	0.03	1.03	0.10	0.00
0	4	0.00	0.01	0.40	0.00	0.00
1	1	0.00	0.00	0.47	0.99	0.00
1	5	0.00	0.02	1.44	0.89	0.00
2	2	0.00	0.00	0.83	0.79	0.00
2	6	0.00	0.12	1.69	1.14	0.00
3	3	0.00	0.00	0.28	1.08	0.00
3	7	0.00	0.00	0.27	0.98	0.00
Core	CPU	C1%	C3%	C6%	C8%	C9%
-	-	0.00	0.01	0.58	0.95	0.00
0	0	0.00	0.01	0.40	0.10	0.00
0	4	0.00	0.00	1.19	0.90	0.00
1	1	0.00	0.00	0.45	1.51	0.00
1	5	0.00	0.00	0.44	0.91	0.00
2	2	0.00	0.00	0.58	0.90	0.00
2	6	0.00	0.05	1.06	1.26	0.00
3	3	0.00	0.00	0.09	1.09	0.00
3	7	0.00	0.00	0.46	0.90	0.00
Core	CPU	C1%	C3%	C6%	C8%	C9%
-	-	0.00	0.20	0.41	0.84	0.00
0	0	0.00	0.00	0.69	0.89	0.00
0	4	0.00	0.00	0.19	0.99	0.00
1	1	0.00	0.00	0.45	0.99	0.00
1	5	0.00	1.48	0.15	0.04	0.00
2	2	0.00	0.02	0.30	0.99	0.00
2	6	0.00	0.07	0.71	0.88	0.00
3	3	0.00	0.00	0.37	0.89	0.00
3	7	0.00	0.00	0.46	1.07	0.00
Core	CPU	C1%	C3%	C6%	C8%	C9%
-	-	0.00	0.00	0.41	0.77	0.00
0	0	0.00	0.00	0.20	0.30	0.00
0	4	0.00	0.00	0.27	0.89	0.00
1	1	0.00	0.00	0.24	0.99	0.00
1	5	0.00	0.00	0.52	0.79	0.00
2	2	0.00	0.00	0.29	0.79	0.00
2	6	0.00	0.00	1.09	0.72	0.00
3	3	0.00	0.00	0.45	0.59	0.00
3	7	0.00	0.02	0.20	1.08	0.00
Core	CPU	C1%	C3%	C6%	C8%	C9%
-	-	0.00	0.01	0.37	0.84	0.00
0	0	0.00	0.00	0.45	0.59	0.00
0	4	0.00	0.00	0.14	0.49	0.00
1	1	0.00	0.01	0.26	0.60	0.00
1	5	0.00	0.00	0.27	0.98	0.00
2	2	0.00	0.00	0.36	0.99	0.00
2	6	0.00	0.01	0.79	0.90	0.00
3	3	0.00	0.02	0.30	0.89	0.00
3	7	0.00	0.00	0.35	1.29	0.00
Core	CPU	C1%	C3%	C6%	C8%	C9%
-	-	0.00	0.00	0.61	1.02	0.00
0	0	0.00	0.00	0.13	0.60	0.00
0	4	0.00	0.00	0.83	1.59	0.00
1	1	0.00	0.00	0.28	1.29	0.00
1	5	0.00	0.00	0.36	0.99	0.00
2	2	0.00	0.00	1.21	0.40	0.00
2	6	0.00	0.03	1.40	0.87	0.00
3	3	0.00	0.00	0.48	1.29	0.00
3	7	0.00	0.00	0.19	1.09	0.00
Core	CPU	C1%	C3%	C6%	C8%	C9%
-	-	0.00	0.03	0.43	4.49	0.00
0	0	0.00	0.00	0.28	0.90	0.00
0	4	0.00	0.00	0.25	0.99	0.00
1	1	0.00	0.00	0.26	0.90	0.00
1	5	0.00	0.02	0.27	1.09	0.00
2	2	0.00	0.00	0.19	1.19	0.00
2	6	0.00	0.02	0.97	0.89	0.00
3	3	0.00	0.00	0.33	1.20	0.00
3	7	0.02	0.22	0.89	28.78	0.00
Core	CPU	C1%	C3%	C6%	C8%	C9%
-	-	0.00	0.00	0.51	0.91	0.00
0	0	0.00	0.00	0.36	0.59	0.00
0	4	0.00	0.00	0.24	1.19	0.00
1	1	0.00	0.00	0.37	0.50	0.00
1	5	0.00	0.00	0.20	0.89	0.00
2	2	0.00	0.00	0.55	1.59	0.00
2	6	0.00	0.02	1.14	0.50	0.00
3	3	0.00	0.00	0.23	1.19	0.00
3	7	0.00	0.00	0.98	0.79	0.00
Core	CPU	C1%	C3%	C6%	C8%	C9%
-	-	0.00	0.08	0.47	0.65	0.00
0	0	0.00	0.00	0.23	0.99	0.00
0	4	0.00	0.00	0.10	0.79	0.00
1	1	0.00	0.00	0.28	0.89	0.00
1	5	0.00	0.59	0.17	0.04	0.00
2	2	0.00	0.00	0.83	0.39	0.00
2	6	0.00	0.04	1.43	0.40	0.00
3	3	0.00	0.00	0.33	0.88	0.00
3	7	0.00	0.00	0.40	0.82	0.00
Core	CPU	C1%	C3%	C6%	C8%	C9%
-	-	0.00	0.02	0.41	0.92	0.00
0	0	0.00	0.00	0.10	1.18	0.00
0	4	0.00	0.00	0.67	1.00	0.00
1	1	0.00	0.00	0.51	0.99	0.00
1	5	0.00	0.00	0.76	0.70	0.00
2	2	0.00	0.00	0.19	0.90	0.00
2	6	0.00	0.00	0.50	1.10	0.00
3	3	0.00	0.00	0.44	0.61	0.00
3	7	0.00	0.13	0.09	0.89	0.00
Core	CPU	C1%	C3%	C6%	C8%	C9%
-	-	0.00	0.01	0.39	0.63	0.00
0	0	0.00	0.00	0.55	0.39	0.00
0	4	0.00	0.00	0.15	0.59	0.00
1	1	0.00	0.02	0.49	0.00	0.00
1	5	0.00	0.00	0.66	0.10	0.00
2	2	0.00	0.00	0.27	0.89	0.00
2	6	0.00	0.04	0.53	0.99	0.00
3	3	0.00	0.00	0.28	1.09	0.00
3	7	0.00	0.00	0.20	0.99	0.00
Core	CPU	C1%	C3%	C6%	C8%	C9%
-	-	0.00	0.01	0.34	1.20	0.00
0	0	0.00	0.00	0.13	1.09	0.00
0	4	0.00	0.02	0.19	0.30	0.00
1	1	0.00	0.00	0.37	1.01	0.00
1	5	0.00	0.00	0.36	0.84	0.00
2	2	0.00	0.00	0.42	1.60	0.00
2	6	0.00	0.04	0.61	2.37	0.00
3	3	0.00	0.00	0.18	1.00	0.00
3	7	0.00	0.00	0.44	1.39	0.00
Core	CPU	C1%	C3%	C6%	C8%	C9%
-	-	0.00	0.00	0.34	0.82	0.00
0	0	0.00	0.00	0.18	0.41	0.00
0	4	0.00	0.00	0.27	0.90	0.00
1	1	0.00	0.00	0.44	0.71	0.00
1	5	0.00	0.00	0.39	0.80	0.00
2	2	0.00	0.00	0.27	1.01	0.00
2	6	0.00	0.01	0.53	1.21	0.00
3	3	0.00	0.00	0.45	0.61	0.00
3	7	0.00	0.00	0.23	0.90	0.00
Core	CPU	C1%	C3%	C6%	C8%	C9%
-	-	0.09	0.01	0.45	1.07	0.00
0	0	0.76	0.00	0.37	1.10	0.00
0	4	0.00	0.00	0.68	1.89	0.00
1	1	0.00	0.00	0.43	0.00	0.00
1	5	0.00	0.01	0.59	0.69	0.00
2	2	0.00	0.00	0.28	0.99	0.00
2	6	0.00	0.03	0.80	1.57	0.00
3	3	0.00	0.00	0.23	1.20	0.00
3	7	0.00	0.00	0.19	1.10	0.00
Core	CPU	C1%	C3%	C6%	C8%	C9%
-	-	0.00	0.28	0.51	1.39	0.00
0	0	0.00	0.00	0.35	1.77	0.00
0	4	0.00	0.00	0.62	1.38	0.00
1	1	0.00	0.00	0.49	1.10	0.00
1	5	0.00	2.18	0.19	0.02	0.00
2	2	0.00	0.00	1.04	1.38	0.00
2	6	0.00	0.02	0.63	1.87	0.00
3	3	0.00	0.00	0.37	1.87	0.00
3	7	0.00	0.00	0.38	1.77	0.00
Core	CPU	C1%	C3%	C6%	C8%	C9%
-	-	0.00	0.01	0.50	0.74	0.00
0	0	0.00	0.02	0.20	0.40	0.00
0	4	0.00	0.00	0.19	0.69	0.00
1	1	0.00	0.00	0.28	0.89	0.00
1	5	0.00	0.00	0.66	0.69	0.00
2	2	0.00	0.00	0.82	0.79	0.00
2	6	0.00	0.04	1.18	0.89	0.00
3	3	0.00	0.00	0.20	0.99	0.00
3	7	0.00	0.00	0.46	0.59	0.00
Core	CPU	C1%	C3%	C6%	C8%	C9%
-	-	0.00	0.00	0.43	0.90	0.00
0	0	0.00	0.00	0.19	0.50	0.00
0	4	0.00	0.00	0.36	0.90	0.00
1	1	0.00	0.00	0.72	1.19	0.00
1	5	0.00	0.00	0.30	0.89	0.00
2	2	0.00	0.00	0.39	0.90	0.00
2	6	0.00	0.02	0.62	0.90	0.00
3	3	0.00	0.00	0.35	1.08	0.00
3	7	0.00	0.00	0.49	0.80	0.00
Core	CPU	C1%	C3%	C6%	C8%	C9%
-	-	0.00	0.01	0.44	0.92	0.00
0	0	0.00	0.00	0.36	0.60	0.00
0	4	0.00	0.00	0.73	0.89	0.00
1	1	0.00	0.02	0.35	0.51	0.00
1	5	0.00	0.00	0.19	0.90	0.00
2	2	0.00	0.00	0.45	1.10	0.00
2	6	0.00	0.02	0.75	1.21	0.00
3	3	0.00	0.00	0.31	1.20	0.00
3	7	0.00	0.00	0.39	0.99	0.00
Core	CPU	C1%	C3%	C6%	C8%	C9%
-	-	0.00	0.01	0.60	0.82	0.00
0	0	0.00	0.00	0.30	0.49	0.00
0	4	0.00	0.00	0.29	0.79	0.00
1	1	0.00	0.01	0.28	1.18	0.00
1	5	0.00	0.00	0.44	0.99	0.00
2	2	0.00	0.00	1.02	0.39	0.00
2	6	0.00	0.06	1.46	0.40	0.00
3	3	0.00	0.00	0.38	1.19	0.00
3	7	0.00	0.03	0.62	1.09	0.00
Core	CPU	C1%	C3%	C6%	C8%	C9%
-	-	0.00	0.01	0.41	0.93	0.00
0	0	0.00	0.00	0.10	0.79	0.00
0	4	0.00	0.00	0.28	0.89	0.00
1	1	0.00	0.00	0.85	0.79	0.00
1	5	0.00	0.00	0.23	0.98	0.00
2	2	0.00	0.00	0.20	1.19	0.00
2	6	0.00	0.01	0.59	1.30	0.00
3	3	0.00	0.00	0.36	0.99	0.00
3	7	0.00	0.03	0.69	0.49	0.00
Core	CPU	C1%	C3%	C6%	C8%	C9%
-	-	0.00	0.06	0.33	0.68	0.00
0	0	0.00	0.00	0.46	0.49	0.00
0	4	0.00	0.00	0.05	0.49	0.00
1	1	0.00	0.02	0.49	0.01	0.00
1	5	0.00	0.47	0.00	0.10	0.00
2	2	0.00	0.00	0.27	0.89	0.00
2	6	0.00	0.00	0.84	1.78	0.00
3	3	0.00	0.00	0.32	0.79	0.00
3	7	0.00	0.00	0.20	0.89	0.00
Core	CPU	C1%	C3%	C6%	C8%	C9%
-	-	0.00	0.01	0.52	0.93	0.00
0	0	0.00	0.00	0.24	1.58	0.00
0	4	0.00	0.02	1.16	0.41	0.00
1	1	0.00	0.00	0.74	0.11	0.00
1	5	0.00	0.00	0.28	0.98	0.00
2	2	0.00	0.00	0.53	1.68	0.00
2	6	0.00	0.02	0.53	1.20	0.00
3	3	0.00	0.02	0.37	0.60	0.00
3	7	0.00	0.00	0.27	0.88	0.00
Core	CPU	C1%	C3%	C6%	C8%	C9%
-	-	0.00	0.01	0.38	0.83	0.00
0	0	0.00	0.02	0.34	0.21	0.00
0	4	0.00	0.00	0.28	0.90	0.00
1	1	0.00	0.00	0.35	0.82	0.00
1	5	0.00	0.00	0.51	0.71	0.00
2	2	0.00	0.00	0.21	0.91	0.00
2	6	0.00	0.04	0.75	1.51	0.00
3	3	0.00	0.00	0.27	0.90	0.00
3	7	0.00	0.00	0.35	0.70	0.00
Core	CPU	C1%	C3%	C6%	C8%	C9%
-	-	0.00	0.00	0.38	0.76	0.00
0	0	0.00	0.00	0.09	0.41	0.00
0	4	0.00	0.00	0.36	0.81	0.00
1	1	0.00	0.00	0.51	1.01	0.00
1	5	0.00	0.00	0.31	0.81	0.00
2	2	0.00	0.00	0.27	0.81	0.00
2	6	0.00	0.00	0.76	1.00	0.00
3	3	0.00	0.00	0.44	0.71	0.00
3	7	0.00	0.00	0.31	0.51	0.00
Core	CPU	C1%	C3%	C6%	C8%	C9%
-	-	0.00	0.00	0.53	1.29	0.00
0	0	0.00	0.00	0.54	1.40	0.00
0	4	0.00	0.00	0.42	1.69	0.00
1	1	0.00	0.02	0.18	0.80	0.00
1	5	0.00	0.00	1.05	1.10	0.00
2	2	0.00	0.00	0.44	1.01	0.00
2	6	0.00	0.01	0.84	1.59	0.00
3	3	0.00	0.00	0.39	1.60	0.00
3	7	0.00	0.00	0.35	1.10	0.00
Core	CPU	C1%	C3%	C6%	C8%	C9%
-	-	0.00	0.01	0.40	1.15	0.00
0	0	0.02	0.00	0.23	0.70	0.00
0	4	0.00	0.01	0.31	0.81	0.00
1	1	0.00	0.00	0.47	0.82	0.00
1	5	0.00	0.00	0.40	1.19	0.00
2	2	0.00	0.00	0.42	1.60	0.00
2	6	0.00	0.04	0.58	1.69	0.00
3	3	0.00	0.00	0.27	1.50	0.00
3	7	0.00	0.00	0.55	0.90	0.00
Core	CPU	C1%	C3%	C6%	C8%	C9%
-	-	0.00	0.31	0.47	1.54	0.00
0	0	0.00	0.00	0.20	1.48	0.00
0	4	0.00	0.00	0.38	2.07	0.00
1	1	0.00	0.00	0.36	1.88	0.00
1	5	0.00	2.47	0.15	0.06	0.00
2	2	0.00	0.01	0.29	1.88	0.00
2	6	0.00	0.01	1.69	1.28	0.00
3	3	0.00	0.00	0.46	1.67	0.00
3	7	0.00	0.00	0.24	1.97	0.00
Core	CPU	C1%	C3%	C6%	C8%	C9%
-	-	0.00	0.01	0.66	0.98	0.00
0	0	0.00	0.00	0.37	1.68	0.00
0	4	0.00	0.00	0.55	1.19	0.00
1	1	0.00	0.00	0.83	0.49	0.00
1	5	0.00	0.02	0.40	0.00	0.00
2	2	0.00	0.00	0.38	1.39	0.00
2	6	0.00	0.05	0.74	1.49	0.00
3	3	0.00	0.00	1.03	0.80	0.00
3	7	0.00	0.01	0.99	0.80	0.00
Core	CPU	C1%	C3%	C6%	C8%	C9%
-	-	0.02	0.03	0.45	4.46	0.00
0	0	0.00	0.00	0.41	1.08	0.00
0	4	0.00	0.00	0.24	1.19	0.00
1	1	0.00	0.00	0.42	0.49	0.00
1	5	0.00	0.00	0.76	0.49	0.00
2	2	0.00	0.00	0.26	0.89	0.00
2	6	0.00	0.02	0.35	1.48	0.00
3	3	0.06	0.01	0.39	0.99	0.00
3	7	0.10	0.25	0.81	29.02	0.00
Core	CPU	C1%	C3%	C6%	C8%	C9%
-	-	0.00	0.00	0.72	1.12	0.00
0	0	0.00	0.00	0.53	0.00	0.00
0	4	0.00	0.02	1.15	1.48	0.00
1	1	0.00	0.00	0.38	1.49	0.00
1	5	0.00	0.00	0.57	1.19	0.00
2	2	0.00	0.00	0.35	1.59	0.00
2	6	0.00	0.00	1.44	0.90	0.00
3	3	0.00	0.01	0.39	1.40	0.00
3	7	0.00	0.00	0.97	0.90	0.00
Core	CPU	C1%	C3%	C6%	C8%	C9%
-	-	0.00	0.01	0.45	0.82	0.00
0	0	0.00	0.02	0.69	0.29	0.00
0	4	0.00	0.00	0.79	0.59	0.00
1	1	0.00	0.00	0.37	1.01	0.00
1	5	0.00	0.00	0.33	0.89	0.00
2	2	0.00	0.00	0.22	0.89	0.00
2	6	0.00	0.05	0.47	1.08	0.00
3	3	0.00	0.00	0.28	1.09	0.00
3	7	0.00	0.00	0.48	0.73	0.00
Core	CPU	C1%	C3%	C6%	C8%	C9%
-	-	0.00	0.00	0.50	0.80	0.00
0	0	0.00	0.00	0.38	1.09	0.00
0	4	0.00	0.00	0.46	0.99	0.00
1	1	0.00	0.00	0.24	0.89	0.00
1	5	0.00	0.03	0.10	0.99	0.00
2	2	0.00	0.00	0.20	1.09	0.00
2	6	0.00	0.00	1.09	0.39	0.00
3	3	0.00	0.00	0.74	0.19	0.00
3	7	0.00	0.01	0.80	0.79	0.00
Core	CPU	C1%	C3%	C6%	C8%	C9%
-	-	0.00	0.28	0.41	1.52	0.00
0	0	0.00	0.00	0.45	1.67	0.00
0	4	0.00	0.00	0.23	1.87	0.00
1	1	0.00	0.00	0.10	1.48	0.00
1	5	0.00	2.18	0.20	0.00	0.00
2	2	0.00	0.00	1.05	1.38	0.00
2	6	0.00	0.02	0.63	1.68	0.00
3	3	0.00	0.00	0.34	2.17	0.00
3	7	0.00	0.00	0.28	1.87	0.00
Core	CPU	C1%	C3%	C6%	C8%	C9%
-	-	0.00	0.00	0.77	0.95	0.00
0	0	0.00	0.00	0.32	0.20	0.00
0	4	0.00	0.02	0.75	1.12	0.00
1	1	0.00	0.00	0.38	1.38	0.00
1	5	0.00	0.00	0.65	1.18	0.00
2	2	0.00	0.00	1.22	0.69	0.00
2	6	0.00	0.02	1.67	0.50	0.00
3	3	0.00	0.00	0.45	1.40	0.00
3	7	0.00	0.00	0.74	1.09	0.00
Core	CPU	C1%	C3%	C6%	C8%	C9%
-	-	0.00	0.01	0.41	0.83	0.00
0	0	0.00	0.00	0.37	0.80	0.00
0	4	0.00	0.00	0.34	0.80	0.00
1	1	0.00	0.05	0.32	0.91	0.00
1	5	0.00	0.03	0.35	0.80	0.00
2	2	0.00	0.00	0.36	1.01	0.00
2	6	0.00	0.04	0.74	0.81	0.00
3	3	0.00	0.00	0.53	0.71	0.00
3	7	0.00	0.00	0.31	0.81	0.00
Core	CPU	C1%	C3%	C6%	C8%	C9%
-	-	0.00	0.00	0.39	0.83	0.00
0	0	0.00	0.00	0.46	0.40	0.00
0	4	0.00	0.00	0.14	0.79	0.00
1	1	0.00	0.02	0.57	0.90	0.00
1	5	0.00	0.00	0.19	0.70	0.00
2	2	0.00	0.00	0.27	0.99	0.00
2	6	0.00	0.01	0.56	0.99	0.00
3	3	0.00	0.00	0.31	1.00	0.00
3	7	0.00	0.00	0.67	0.89	0.00
Core	CPU	C1%	C3%	C6%	C8%	C9%
-	-	0.00	0.01	0.56	0.88	0.00
0	0	0.00	0.00	0.63	0.09	0.00
0	4	0.00	0.01	0.69	0.30	0.00
1	1	0.00	0.00	0.85	1.11	0.00
1	5	0.00	0.00	0.44	1.00	0.00
2	2	0.00	0.00	0.33	1.79	0.00
2	6	0.00	0.05	1.08	0.71	0.00
3	3	0.00	0.00	0.19	1.20	0.00
3	7	0.00	0.00	0.28	0.89	0.00
Core	CPU	C1%	C3%	C6%	C8%	C9%
-	-	0.00	0.02	0.44	0.95	0.00
0	0	0.00	0.02	0.49	0.79	0.00
0	4	0.00	0.00	0.79	0.81	0.00
1	1	0.00	0.00	0.54	1.10	0.00
1	5	0.00	0.00	0.37	1.30	0.00
2	2	0.00	0.10	0.11	0.89	0.00
2	6	0.00	0.02	0.73	1.11	0.00
3	3	0.00	0.00	0.27	0.89	0.00
3	7	0.00	0.00	0.22	0.70	0.00
Core	CPU	C1%	C3%	C6%	C8%	C9%
-	-	0.01	0.05	0.47	0.56	0.00
0	0	0.00	0.00	0.47	0.50	0.00
0	4	0.00	0.00	0.45	0.40	0.00
1	1	0.00	0.00	0.53	0.00	0.00
1	5	0.10	0.40	0.11	0.00	0.00
2	2	0.00	0.00	0.18	0.99	0.00
2	6	0.00	0.01	0.77	0.89	0.00
3	3	0.00	0.00	0.63	0.70	0.00
3	7	0.00	0.00	0.59	0.98	0.00
Core	CPU	C1%	C3%	C6%	C8%	C9%
-	-	0.00	0.00	0.60	1.08	0.00
0	0	0.00	0.00	0.52	1.00	0.00
0	4	0.00	0.00	0.32	1.09	0.00
1	1	0.00	0.00	0.68	0.60	0.00
1	5	0.00	0.00	0.78	0.40	0.00
2	2	0.00	0.00	0.53	1.79	0.00
2	6	0.00	0.02	1.11	0.89	0.00
3	3	0.00	0.00	0.46	1.90	0.00
3	7	0.00	0.00	0.37	0.99	0.00
Core	CPU	C1%	C3%	C6%	C8%	C9%
-	-	0.01	0.00	0.36	0.94	0.00
0	0	0.00	0.00	0.06	0.49	0.00
0	4	0.00	0.00	0.19	0.99	0.00
1	1	0.08	0.00	1.18	1.30	0.00
1	5	0.00	0.00	0.32	0.89	0.00
2	2	0.00	0.01	0.10	0.99	0.00
2	6	0.00	0.00	0.51	1.00	0.00
3	3	0.00	0.00	0.37	0.79	0.00
3	7	0.00	0.01	0.20	1.08	0.00
Core	CPU	C1%	C3%	C6%	C8%	C9%
-	-	0.00	0.01	0.51	0.77	0.00
0	0	0.00	0.00	0.43	0.49	0.00
0	4	0.00	0.01	0.95	0.69	0.00
1	1	0.00	0.00	0.60	0.88	0.00
1	5	0.00	0.00	0.10	0.40	0.00
2	2	0.00	0.00	0.28	0.99	0.00
2	6	0.00	0.05	0.63	1.10	0.00
3	3	0.00	0.00	0.23	1.19	0.00
3	7	0.00	0.00	0.89	0.39	0.00
Core	CPU	C1%	C3%	C6%	C8%	C9%
-	-	0.00	0.00	0.40	1.02	0.00
0	0	0.00	0.00	0.24	1.19	0.00
0	4	0.00	0.00	0.63	0.69	0.00
1	1	0.00	0.00	0.10	0.69	0.00
1	5	0.00	0.00	0.26	1.00	0.00
2	2	0.00	0.00	0.65	1.40	0.00
2	6	0.00	0.02	0.54	0.99	0.00
3	3	0.00	0.02	0.39	0.90	0.00
3	7	0.00	0.00	0.37	1.30	0.00
Core	CPU	C1%	C3%	C6%	C8%	C9%
-	-	0.00	0.00	0.60	1.21	0.00
0	0	0.00	0.00	0.81	0.10	0.00
0	4	0.00	0.01	0.99	0.49	0.00
1	1	0.00	0.00	0.57	1.59	0.00
1	5	0.00	0.00	0.36	1.48	0.00
2	2	0.00	0.00	0.43	1.49	0.00
2	6	0.00	0.00	0.73	1.60	0.00
3	3	0.00	0.00	0.38	1.59	0.00
3	7	0.00	0.00	0.55	1.30	0.00
Core	CPU	C1%	C3%	C6%	C8%	C9%
-	-	0.00	0.08	0.39	0.76	0.00
0	0	0.00	0.00	0.39	0.49	0.00
0	4	0.00	0.00	0.28	0.89	0.00
1	1	0.00	0.00	0.25	0.99	0.00
1	5	0.00	0.59	0.14	0.06	0.00
2	2	0.00	0.00	0.79	0.79	0.00
2	6	0.00	0.01	0.66	1.09	0.00
3	3	0.00	0.00	0.36	0.79	0.00
3	7	0.00	0.00	0.23	0.98	0.00
Core	CPU	C1%	C3%	C6%	C8%	C9%
-	-	0.00	0.01	0.63	1.27	0.00
0	0	0.00	0.00	0.36	1.98	0.00
0	4	0.00	0.00	0.84	0.90	0.00
1	1	0.00	0.00	0.71	0.41	0.00
1	5	0.00	0.00	0.85	2.10	0.00
2	2	0.00	0.00	0.37	1.30	0.00
2	6	0.00	0.05	1.23	1.63	0.00
3	3	0.00	0.00	0.30	0.81	0.00
3	7	0.00	0.00	0.37	1.01	0.00
Core	CPU	C1%	C3%	C6%	C8%	C9%
-	-	0.00	0.01	0.36	1.05	0.00
0	0	0.00	0.00	0.13	0.79	0.00
0	4	0.00	0.02	0.19	0.31	0.00
1	1	0.00	0.00	0.23	0.81	0.00
1	5	0.00	0.00	0.54	0.91	0.00
2	2	0.00	0.00	0.43	1.40	0.00
2	6	0.00	0.02	0.62	1.40	0.00
3	3	0.00	0.02	0.37	1.30	0.00
3	7	0.00	0.00	0.37	1.50	0.00
Core	CPU	C1%	C3%	C6%	C8%	C9%
-	-	0.00	0.01	0.49	0.84	0.00
0	0	0.00	0.00	0.72	0.29	0.00
0	4	0.04	0.01	0.86	0.00	0.00
1	1	0.00	0.00	0.47	1.08	0.00
1	5	0.00	0.00	0.36	0.89	0.00
2	2	0.00	0.00	0.24	1.09	0.00
2	6	0.00	0.07	0.58	1.28	0.00
3	3	0.00	0.00	0.20	1.18	0.00
3	7	0.00	0.00	0.46	0.89	0.00
Core	CPU	C1%	C3%	C6%	C8%	C9%
-	-	0.00	0.00	0.44	0.87	0.00
0	0	0.00	0.00	0.19	0.69	0.00
0	4	0.00	0.00	0.78	0.40	0.00
1	1	0.00	0.00	0.36	0.80	0.00
1	5	0.00	0.00	0.23	1.37	0.00
2	2	0.00	0.00	0.22	1.09	0.00
2	6	0.00	0.01	1.10	0.69	0.00
3	3	0.00	0.00	0.19	0.99	0.00
3	7	0.00	0.00	0.44	0.90	0.00
Core	CPU	C1%	C3%	C6%	C8%	C9%
-	-	0.00	0.00	0.40	0.94	0.00
0	0	0.00	0.00	0.19	1.09	0.00
0	4	0.00	0.00	0.76	0.90	0.00
1	1	0.00	0.00	0.60	1.01	0.00
1	5	0.00	0.00	0.22	0.90	0.00
2	2	0.00	0.00	0.27	1.10	0.00
2	6	0.00	0.01	0.58	0.99	0.00
3	3	0.00	0.00	0.35	0.80	0.00
3	7	0.00	0.00	0.22	0.69	0.00
Core	CPU	C1%	C3%	C6%	C8%	C9%
-	-	0.00	0.07	0.62	1.40	0.00
0	0	0.00	0.00	0.65	1.78	0.00
0	4	0.00	0.00	0.34	0.49	0.00
1	1	0.00	0.02	0.54	1.50	0.00
1	5	0.00	0.48	0.38	0.21	0.00
2	2	0.00	0.00	0.46	1.32	0.00
2	6	0.00	0.02	1.59	2.00	0.00
3	3	0.00	0.00	0.41	1.89	0.00
3	7	0.00	0.00	0.59	2.00	0.00
Core	CPU	C1%	C3%	C6%	C8%	C9%
-	-	0.00	0.03	0.51	4.55	0.00
0	0	0.00	0.00	0.23	1.19	0.00
0	4	0.00	0.02	0.29	0.40	0.00
1	1	0.00	0.00	0.37	1.73	0.00
1	5	0.00	0.00	0.45	1.01	0.00
2	2	0.00	0.00	0.43	1.01	0.00
2	6	0.00	0.01	0.64	1.21	0.00
3	3	0.00	0.00	0.37	1.11	0.00
3	7	0.02	0.19	1.32	28.71	0.00
Core	CPU	C1%	C3%	C6%	C8%	C9%
-	-	0.00	0.01	0.56	1.04	0.00
0	0	0.00	0.01	0.29	0.99	0.00
0	4	0.00	0.00	0.15	1.58	0.00
1	1	0.00	0.00	0.96	0.99	0.00
1	5	0.00	0.00	1.01	0.99	0.00
2	2	0.00	0.00	0.83	0.79	0.00
2	6	0.00	0.05	0.40	1.19	0.00
3	3	0.00	0.00	0.10	0.99	0.00
3	7	0.00	0.00	0.78	0.79	0.00
Core	CPU	C1%	C3%	C6%	C8%	C9%
-	-	0.00	0.00	0.47	1.20	0.00
0	0	0.00	0.00	0.40	0.89	0.00
0	4	0.00	0.00	0.72	0.62	0.00
1	1	0.00	0.00	0.45	1.41	0.00
1	5	0.00	0.00	0.44	1.20	0.00
2	2	0.00	0.00	0.32	1.40	0.00
2	6	0.00	0.04	0.64	1.89	0.00
3	3	0.00	0.00	0.37	1.50	0.00
3	7	0.00	0.00	0.44	0.71	0.00
Core	CPU	C1%	C3%	C6%	C8%	C9%
-	-	0.00	0.01	0.53	0.80	0.00
0	0	0.00	0.00	0.18	0.70	0.00
0	4	0.00	0.00	0.36	0.81	0.00
1	1	0.00	0.00	0.43	0.71	0.00
1	5	0.00	0.00	1.16	0.91	0.00
2	2	0.00	0.00	0.37	1.01	0.00
2	6	0.00	0.04	0.82	1.02	0.00
3	3	0.00	0.00	0.44	0.70	0.00
3	7	0.00	0.00	0.49	0.51	0.00
Core	CPU	C1%	C3%	C6%	C8%	C9%
-	-	0.00	0.00	0.45	0.73	0.00
0	0	0.00	0.00	0.37	0.59	0.00
0	4	0.00	0.00	0.73	0.49	0.00
1	1	0.00	0.00	0.77	0.59	0.00
1	5	0.00	0.00	0.30	0.21	0.00
2	2	0.00	0.00	0.28	0.99	0.00
2	6	0.00	0.00	0.68	0.89	0.00
3	3	0.00	0.00	0.24	1.00	0.00
3	7	0.00	0.00	0.20	1.09	0.00
Core	CPU	C1%	C3%	C6%	C8%	C9%
-	-	0.00	0.21	0.36	0.67	0.00
0	0	0.00	0.00	0.15	0.79	0.00
0	4	0.00	0.00	0.13	0.59	0.00
1	1	0.00	0.00	0.55	0.10	0.00
1	5	0.00	1.66	0.09	0.00	0.00
2	2	0.00	0.00	0.36	0.89	0.00
2	6	0.00	0.00	1.11	0.79	0.00
3	3	0.00	0.02	0.30	1.09	0.00
3	7	0.00	0.00	0.20	1.08	0.00
Core	CPU	C1%	C3%	C6%	C8%	C9%
-	-	0.00	0.01	0.59	0.99	0.00
0	0	0.00	0.00	0.82	0.40	0.00
0	4	0.00	0.02	0.99	0.00	0.00
1	1	0.00	0.00	0.47	1.10	0.00
1	5	0.00	0.00	0.54	1.69	0.00
2	2	0.00	0.00	0.32	1.10	0.00
2	6	0.00	0.03	0.76	1.51	0.00
3	3	0.00	0.00	0.19	1.08	0.00
3	7	0.00	0.00	0.58	1.03	0.00
Core	CPU	C1%	C3%	C6%	C8%	C9%
-	-	0.00	0.00	0.47	0.99	0.00
0	0	0.00	0.00	0.39	0.78	0.00
0	4	0.00	0.00	0.77	0.49	0.00
1	1	0.00	0.00	0.35	1.09	0.00
1	5	0.00	0.00	0.62	0.79	0.00
2	2	0.00	0.00	0.20	1.48	0.00
2	6	0.00	0.01	0.69	1.69	0.00
3	3	0.00	0.00	0.26	0.89	0.00
3	7	0.00	0.00	0.48	0.69	0.00
Core	CPU	C1%	C3%	C6%	C8%	C9%
-	-	0.00	0.00	0.39	0.64	0.00
0	0	0.00	0.00	0.55	0.41	0.00
0	4	0.00	0.00	0.24	0.31	0.00
1	1	0.00	0.00	0.29	0.41	0.00
1	5	0.00	0.00	0.18	0.51	0.00
2	2	0.00	0.00	0.36	0.89	0.00
2	6	0.00	0.02	0.84	0.90	0.00
3	3	0.00	0.00	0.41	0.91	0.00
3	7	0.00	0.00	0.28	0.80	0.00
Core	CPU	C1%	C3%	C6%	C8%	C9%
-	-	0.00	0.00	0.69	0.91	0.00
0	0	0.00	0.00	0.82	0.29	0.00
0	4	0.00	0.01	0.69	0.67	0.00
1	1	0.00	0.00	0.38	1.09	0.00
1	5	0.00	0.00	1.32	0.99	0.00
2	2	0.00	0.00	0.24	1.08	0.00
2	6	0.00	0.02	1.11	0.70	0.00
3	3	0.00	0.00	0.20	1.28	0.00
3	7	0.00	0.00	0.75	1.18	0.00
Core	CPU	C1%	C3%	C6%	C8%	C9%
-	-	0.00	0.01	0.47	0.95	0.00
0	0	0.00	0.00	0.19	1.29	0.00
0	4	0.00	0.00	1.09	0.91	0.00
1	1	0.00	0.00	0.44	0.81	0.00
1	5	0.00	0.00	0.33	0.80	0.00
2	2	0.00	0.02	0.28	0.80	0.00
2	6	0.00	0.05	0.64	1.01	0.00
3	3	0.00	0.00	0.36	0.81	0.00
3	7	0.00	0.00	0.46	1.21	0.00
Core	CPU	C1%	C3%	C6%	C8%	C9%
-	-	0.00	0.05	0.58	0.48	0.00
0	0	0.00	0.00	0.47	0.49	0.00
0	4	0.00	0.00	0.45	0.59	0.00
1	1	0.00	0.00	0.53	0.00	0.00
1	5	0.01	0.41	0.19	0.00	0.00
2	2	0.00	0.00	0.28	1.10	0.00
2	6	0.00	0.00	1.08	0.78	0.00
3	3	0.00	0.00	0.83	0.40	0.00
3	7	0.00	0.03	0.79	0.50	0.00
Core	CPU	C1%	C3%	C6%	C8%	C9%
-	-	0.00	0.00	0.48	0.75	0.00
0	0	0.00	0.00	0.40	0.29	0.00
0	4	0.00	0.00	0.23	0.30	0.00
1	1	0.00	0.00	0.40	0.49	0.00
1	5	0.00	0.00	0.87	0.89	0.00
2	2	0.00	0.00	0.35	1.14	0.00
2	6	0.00	0.00	0.45	1.29	0.00
3	3	0.00	0.00	0.29	1.09	0.00
3	7	0.00	0.00	0.86	0.50	0.00
Core	CPU	C1%	C3%	C6%	C8%	C9%
-	-	0.00	0.00	0.51	0.99	0.00
0	0	0.00	0.00	0.18	0.70	0.00
0	4	0.00	0.00	0.24	0.98	0.00
1	1	0.00	0.00	0.36	0.79	0.00
1	5	0.00	0.00	0.99	0.99	0.00
2	2	0.00	0.01	0.48	1.06	0.00
2	6	0.00	0.00	1.25	1.69	0.00
3	3	0.00	0.00	0.37	0.69	0.00
3	7	0.00	0.00	0.24	0.99	0.00
Core	CPU	C1%	C3%	C6%	C8%	C9%
-	-	0.00	0.02	0.53	0.94	0.17
0	0	0.00	0.00	0.75	0.80	1.39
0	4	0.00	0.01	0.94	1.01	0.00
1	1	0.00	0.00	0.61	0.91	0.00
1	5	0.00	0.13	0.18	0.90	0.00
2	2	0.00	0.00	0.38	1.10	0.00
2	6	0.00	0.01	0.63	1.28	0.00
3	3	0.00	0.00	0.44	0.61	0.00
3	7	0.00	0.03	0.28	0.91	0.00
Core	CPU	C1%	C3%	C6%	C8%	C9%
-	-	0.00	0.00	0.59	0.82	0.00
0	0	0.00	0.00	0.54	1.30	0.00
0	4	0.00	0.00	0.67	0.80	0.00
1	1	0.00	0.00	0.30	0.40	0.00
1	5	0.00	0.00	0.17	0.90	0.00
2	2	0.00	0.00	0.37	1.10	0.00
2	6	0.00	0.01	0.76	1.09	0.00
3	3	0.00	0.00	1.08	0.51	0.00
3	7	0.00	0.01	0.80	0.50	0.00
Core	CPU	C1%	C3%	C6%	C8%	C9%
-	-	0.00	0.00	0.33	1.00	0.00
0	0	0.00	0.00	0.35	0.69	0.00
0	4	0.00	0.00	0.13	0.99	0.00
1	1	0.00	0.00	0.59	0.60	0.00
1	5	0.00	0.00	0.28	0.98	0.00
2	2	0.00	0.00	0.26	1.19	0.00
2	6	0.00	0.01	0.45	1.29	0.00
3	3	0.00	0.00	0.29	1.20	0.00
3	7	0.00	0.00	0.28	1.09	0.00
Core	CPU	C1%	C3%	C6%	C8%	C9%
-	-	0.00	0.19	0.39	0.72	0.00
0	0	0.00	0.01	0.29	0.59	0.00
0	4	0.00	0.00	0.19	0.98	0.00
1	1	0.00	0.00	0.36	0.83	0.00
1	5	0.00	1.48	0.15	0.11	0.00
2	2	0.00	0.02	0.20	0.99	0.00
2	6	0.00	0.00	0.71	0.79	0.00
3	3	0.00	0.00	0.37	0.78	0.00
3	7	0.00	0.00	0.84	0.69	0.00
Core	CPU	C1%	C3%	C6%	C8%	C9%
-	-	0.00	0.00	0.57	0.96	0.00
0	0	0.00	0.00	0.28	1.09	0.00
0	4	0.00	0.00	1.12	0.99	0.00
1	1	0.00	0.00	0.83	0.78	0.00
1	5	0.00	0.01	0.89	1.07	0.00
2	2	0.00	0.00	0.37	1.00	0.00
2	6	0.00	0.01	0.66	1.19	0.00
3	3	0.00	0.00	0.23	0.90	0.00
3	7	0.00	0.00	0.20	0.69	0.00
Core	CPU	C1%	C3%	C6%	C8%	C9%
-	-	0.00	0.01	0.54	0.88	0.00
0	0	0.00	0.02	0.64	1.19	0.00
0	4	0.00	0.00	0.75	0.41	0.00
1	1	0.00	0.00	0.19	1.09	0.00
1	5	0.00	0.00	0.36	1.39	0.00
2	2	0.00	0.00	0.36	0.49	0.00
2	6	0.00	0.02	0.93	0.40	0.00
3	3	0.00	0.01	0.47	1.00	0.00
3	7	0.00	0.00	0.57	1.08	0.00
Core	CPU	C1%	C3%	C6%	C8%	C9%
-	-	0.00	0.01	0.65	0.77	0.00
0	0	0.00	0.00	0.71	0.30	0.00
0	4	0.00	0.00	0.29	0.81	0.00
1	1	0.00	0.00	0.28	1.09	0.00
1	5	0.00	0.00	0.55	0.89	0.00
2	2	0.00	0.00	1.02	0.40	0.00
2	6	0.00	0.06	1.35	0.50	0.00
3	3	0.00	0.00	0.38	1.19	0.00
3	7	0.00	0.00	0.63	1.00	0.00
Core	CPU	C1%	C3%	C6%	C8%	C9%
-	-	0.00	0.01	0.57	1.28	0.00
0	0	0.00	0.00	0.55	1.41	0.00
0	4	0.00	0.00	0.48	1.79	0.00
1	1	0.00	0.00	0.41	1.30	0.00
1	5	0.00	0.02	1.32	1.50	0.00
2	2	0.00	0.00	0.28	1.30	0.00
2	6	0.00	0.01	0.76	0.71	0.00
3	3	0.00	0.00	0.42	1.30	0.00
3	7	0.00	0.03	0.37	0.92	0.00
Core	CPU	C1%	C3%	C6%	C8%	C9%
-	-	0.00	0.02	0.59	4.52	0.00
0	0	0.00	0.01	0.60	1.69	0.00
0	4	0.00	0.00	0.64	1.59	0.00
1	1	0.00	0.00	0.38	0.79	0.00
1	5	0.00	0.00	0.30	1.17	0.00
2	2	0.00	0.00	0.26	1.08	0.00
2	6	0.00	0.06	1.21	0.68	0.00
3	3	0.00	0.01	0.27	0.82	0.00
3	7	0.01	0.10	1.04	28.35	0.00
Core	CPU	C1%	C3%	C6%	C8%	C9%
-	-	0.00	0.19	0.51	0.58	0.00
0	0	0.00	0.02	0.20	0.69	0.00
0	4	0.00	0.00	0.50	0.00	0.00
1	1	0.00	0.00	0.28	0.89	0.00
1	5	0.00	1.48	0.16	0.03	0.00
2	2	0.00	0.00	0.63	0.49	0.00
2	6	0.00	0.03	1.28	0.79	0.00
3	3	0.00	0.00	0.29	0.98	0.00
3	7	0.00	0.00	0.76	0.79	0.00
Core	CPU	C1%	C3%	C6%	C8%	C9%
-	-	0.00	0.00	0.44	0.87	0.00
0	0	0.00	0.00	0.19	0.69	0.00
0	4	0.00	0.00	0.28	0.89	0.00
1	1	0.00	0.00	0.35	0.98	0.00
1	5	0.00	0.00	0.43	0.69	0.00
2	2	0.00	0.00	0.78	0.89	0.00
2	6	0.00	0.02	0.59	0.89	0.00
3	3	0.00	0.00	0.36	1.08	0.00
3	7	0.00	0.00	0.51	0.88	0.00
Core	CPU	C1%	C3%	C6%	C8%	C9%
-	-	0.00	0.01	0.57	1.23	0.00
0	0	0.00	0.00	0.54	1.29	0.00
0	4	0.00	0.00	0.53	0.89	0.00
1	1	0.00	0.02	0.19	0.30	0.00
1	5	0.00	0.00	0.95	0.70	0.00
2	2	0.00	0.00	0.55	1.70	0.00
2	6	0.00	0.02	0.93	1.31	0.00
3	3	0.00	0.00	0.50	1.80	0.00
3	7	0.00	0.00	0.42	1.80	0.00
Core	CPU	C1%	C3%	C6%	C8%	C9%
-	-	0.00	0.01	0.47	0.91	0.00
0	0	0.00	0.00	1.01	0.79	0.00
0	4	0.00	0.00	0.18	0.69	0.00
1	1	0.00	0.00	0.49	0.19	0.00
1	5	0.00	0.00	0.28	0.99	0.00
2	2	0.00	0.00	0.55	1.00	0.00
2	6	0.00	0.05	0.80	1.30	0.00
3	3	0.00	0.02	0.19	1.19	0.00
3	7	0.00	0.00	0.28	1.09	0.00
Core	CPU	C1%	C3%	C6%	C8%	C9%
-	-	0.00	0.01	0.36	1.02	0.00
0	0	0.00	0.00	0.41	1.10	0.00
0	4	0.00	0.01	0.09	0.52	0.00
1	1	0.00	0.00	0.36	1.11	0.00
1	5	0.00	0.00	0.52	1.01	0.00
2	2	0.00	0.00	0.22	1.00	0.00
2	6	0.00	0.06	0.55	1.11	0.00
3	3	0.00	0.00	0.37	1.51	0.00
3	7	0.00	0.00	0.36	0.80	0.00
Core	CPU	C1%	C3%	C6%	C8%	C9%
-	-	0.00	0.00	0.36	1.01	0.00
0	0	0.00	0.00	0.09	1.09	0.00
0	4	0.00	0.00	0.36	1.01	0.00
1	1	0.00	0.00	0.62	1.11	0.00
1	5	0.00	0.00	0.23	0.90	0.00
2	2	0.00	0.01	0.37	1.01	0.00
2	6	0.00	0.02	0.50	1.08	0.00
3	3	0.00	0.00	0.35	0.70	0.00
3	7	0.00	0.00	0.40	1.17	0.00
Core	CPU	C1%	C3%	C6%	C8%	C9%
-	-	0.00	0.09	0.41	0.76	0.00
0	0	0.00	0.00	0.46	0.69	0.00
0	4	0.00	0.00	0.25	0.99	0.00
1	1	0.00	0.03	0.39	0.20	0.00
1	5	0.00	0.70	0.00	0.10	0.00
2	2	0.00	0.00	0.27	1.09	0.00
2	6	0.00	0.01	1.36	0.60	0.00
3	3	0.00	0.00	0.32	1.20	0.00
3	7	0.00	0.00	0.20	1.19	0.00
Core	CPU	C1%	C3%	C6%	C8%	C9%
-	-	0.00	0.01	0.42	1.02	0.00
0	0	0.00	0.00	0.14	1.77	0.00
0	4	0.00	0.00	0.38	0.70	0.00
1	1	0.00	0.00	0.20	0.40	0.00
1	5	0.00	0.00	0.27	0.90	0.00
2	2	0.00	0.00	0.24	1.09	0.00
2	6	0.00	0.06	0.59	1.19	0.00
3	3	0.00	0.04	1.19	1.31	0.00
3	7	0.00	0.00	0.36	0.80	0.00
Core	CPU	C1%	C3%	C6%	C8%	C9%
-	-	0.00	0.01	0.67	0.72	0.00
0	0	0.00	0.00	0.19	0.69	0.00
0	4	0.00	0.00	0.68	0.60	0.00
1	1	0.00	0.00	0.36	0.89	0.00
1	5	0.00	0.00	1.70	0.79	0.00
2	2	0.00	0.02	0.29	1.09	0.00
2	6	0.00	0.05	1.27	0.30	0.00
3	3	0.00	0.00	0.28	0.98	0.00
3	7	0.00	0.00	0.58	0.40	0.00
Core	CPU	C1%	C3%	C6%	C8%	C9%
-	-	0.00	0.00	0.40	0.87	0.00
0	0	0.00	0.00	0.18	1.00	0.00
0	4	0.00	0.00	0.36	0.81	0.00
1	1	0.00	0.00	0.43	0.81	0.00
1	5	0.00	0.00	0.42	0.71	0.00
2	2	0.00	0.00	0.37	0.92	0.00
2	6	0.00	0.00	0.66	1.20	0.00
3	3	0.00	0.00	0.42	1.00	0.00
3	7	0.00	0.00	0.40	0.51	0.00
Core	CPU	C1%	C3%	C6%	C8%	C9%
-	-	0.00	0.00	0.66	1.66	0.00
0	0	0.00	0.00	0.97	2.21	0.00
0	4	0.00	0.00	0.33	2.56	0.00
1	1	0.00	0.00	0.83	2.01	0.00
1	5	0.00	0.00	0.35	0.82	0.00
2	2	0.00	0.00	0.45	0.82	0.00
2	6	0.00	0.01	0.83	1.11	0.00
3	3	0.00	0.00	1.01	2.52	0.00
3	7	0.00	0.00	0.54	1.22	0.00
Core	CPU	C1%	C3%	C6%	C8%	C9%
-	-	0.00	0.00	0.69	1.17	0.00
0	0	0.00	0.00	0.47	0.80	0.00
0	4	0.00	0.00	0.21	1.58	0.00
1	1	0.00	0.00	0.81	0.79	0.00
1	5	0.00	0.00	0.97	1.28	0.00
2	2	0.00	0.00	0.94	1.38	0.00
2	6	0.00	0.01	1.63	1.08	0.00
3	3	0.00	0.00	0.20	1.38	0.00
3	7	0.00	0.01	0.27	1.08	0.00
Core	CPU	C1%	C3%	C6%	C8%	C9%
-	-	0.00	0.19	0.34	0.87	0.00
0	0	0.00	0.01	0.39	0.49	0.00
0	4	0.00	0.00	0.10	1.08	0.00
1	1	0.00	0.00	0.27	0.91	0.00
1	5	0.00	1.48	0.16	0.04	0.00
2	2	0.00	0.00	0.22	0.99	0.00
2	6	0.00	0.01	0.52	1.58	0.00
3	3	0.00	0.00	0.29	1.08	0.00
3	7	0.00	0.00	0.75	0.79	0.00
Core	CPU	C1%	C3%	C6%	C8%	C9%
-	-	0.00	0.00	0.35	0.79	0.00
0	0	0.00	0.00	0.19	0.79	0.00
0	4	0.00	0.00	0.37	0.89	0.00
1	1	0.00	0.00	0.25	0.89	0.00
1	5	0.00	0.00	0.53	0.60	0.00
2	2	0.00	0.00	0.20	0.90	0.00
2	6	0.00	0.03	0.60	0.88	0.00
3	3	0.00	0.00	0.36	0.79	0.00
3	7	0.00	0.00	0.29	0.59	0.00
Core	CPU	C1%	C3%	C6%	C8%	C9%
-	-	0.00	0.00	0.37	0.88	0.00
0	0	0.00	0.00	0.37	0.89	0.00
0	4	0.00	0.00	0.34	1.09	0.00
1	1	0.00	0.02	0.29	0.59	0.00
1	5	0.00	0.00	0.15	0.40	0.00
2	2	0.00	0.00	0.28	0.89	0.00
2	6	0.00	0.00	0.96	0.99	0.00
3	3	0.00	0.00	0.22	0.99	0.00
3	7	0.00	0.00	0.37	1.18	0.00
Core	CPU	C1%	C3%	C6%	C8%	C9%
-	-	0.00	0.00	0.61	1.32	0.00
0	0	0.00	0.00	1.17	1.69	0.00
0	4	0.00	0.00	0.30	1.11	0.00
1	1	0.00	0.00	0.09	1.09	0.00
1	5	0.00	0.00	0.49	1.41	0.00
2	2	0.00	0.00	0.70	1.65	0.00
2	6	0.00	0.02	0.53	1.20	0.00
3	3	0.00	0.00	0.18	1.00	0.00
3	7	0.00	0.00	1.42	1.40	0.00
Core	CPU	C1%	C3%	C6%	C8%	C9%
-	-	0.00	0.00	0.64	1.34	0.00
0	0	0.00	0.00	0.08	0.50	0.00
0	4	0.00	0.00	0.20	0.99	0.00
1	1	0.00	0.00	1.08	2.70	0.00
1	5	0.00	0.00	0.80	1.09	0.00
2	2	0.00	0.02	0.82	1.87	0.00
2	6	0.00	0.01	0.94	1.08	0.00
3	3	0.00	0.00	0.28	0.89	0.00
3	7	0.00	0.00	0.90	1.61	0.00
Core	CPU	C1%	C3%	C6%	C8%	C9%
-	-	0.00	0.00	0.36	0.88	0.00
0	0	0.00	0.00	0.28	0.61	0.00
0	4	0.00	0.00	0.27	1.00	0.00
1	1	0.00	0.00	0.45	0.70	0.00
1	5	0.00	0.00	0.42	1.00	0.00
2	2	0.00	0.02	0.18	0.91	0.00
2	6	0.00	0.02	0.59	1.11	0.00
3	3	0.00	0.00	0.43	1.00	0.00
3	7	0.00	0.00	0.23	0.71	0.00
Core	CPU	C1%	C3%	C6%	C8%	C9%
-	-	0.01	0.34	1.01	1.95	0.00
0	0	0.00	0.01	1.96	2.10	0.00
0	4	0.00	0.00	0.45	1.97	0.00
1	1	0.00	0.00	1.26	1.80	0.00
1	5	0.05	2.68	0.49	1.50	0.00
2	2	0.00	0.00	0.50	2.07	0.00
2	6	0.00	0.01	1.76	2.82	0.00
3	3	0.00	0.02	0.49	1.58	0.00
3	7	0.00	0.00	1.16	1.77	0.00
Core	CPU	C1%	C3%	C6%	C8%	C9%
-	-	0.00	0.01	0.74	0.56	0.00
0	0	0.00	0.00	0.82	0.21	0.00
0	4	0.00	0.00	0.67	0.00	0.00
1	1	0.00	0.00	0.28	0.89	0.00
1	5	0.00	0.00	0.65	0.93	0.00
2	2	0.00	0.00	0.93	0.79	0.00
2	6	0.00	0.06	1.27	0.41	0.00
3	3	0.00	0.00	0.39	0.69	0.00
3	7	0.00	0.00	0.92	0.59	0.00
Core	CPU	C1%	C3%	C6%	C8%	C9%
-	-	0.00	0.01	0.54	1.06	0.00
0	0	0.00	0.00	0.28	1.19	0.00
0	4	0.00	0.00	0.60	1.29	0.00
1	1	0.00	0.00	0.61	0.99	0.00
1	5	0.00	0.03	1.03	1.10	0.00
2	2	0.00	0.00	0.29	1.00	0.00
2	6	0.00	0.02	0.76	0.60	0.00
3	3	0.00	0.00	0.53	1.39	0.00
3	7	0.00	0.00	0.25	0.89	0.00
Core	CPU	C1%	C3%	C6%	C8%	C9%
-	-	0.11	0.04	0.89	4.59	0.00
0	0	0.00	0.03	1.21	1.42	0.00
0	4	0.00	0.00	0.49	1.96	0.00
1	1	0.00	0.02	0.48	1.30	0.00
1	5	0.79	0.00	0.00	0.41	0.00
2	2	0.00	0.00	0.77	0.70	0.00
2	6	0.00	0.08	1.94	0.90	0.00
3	3	0.00	0.00	0.23	1.29	0.00
3	7	0.10	0.15	1.97	28.74	0.00
Core	CPU	C1%	C3%	C6%	C8%	C9%
-	-	0.00	0.01	0.75	0.86	0.00
0	0	0.00	0.00	0.81	0.59	0.00
0	4	0.00	0.01	0.60	0.10	0.00
1	1	0.00	0.00	0.68	0.49	0.00
1	5	0.00	0.00	0.63	1.02	0.00
2	2	0.00	0.00	0.62	0.99	0.00
2	6	0.00	0.04	1.32	1.09	0.00
3	3	0.00	0.00	0.20	1.09	0.00
3	7	0.00	0.00	1.12	1.48	0.00
Core	CPU	C1%	C3%	C6%	C8%	C9%
-	-	0.00	0.01	0.61	0.84	0.00
0	0	0.00	0.00	0.75	1.00	0.00
0	4	0.00	0.00	0.48	0.39	0.00
1	1	0.00	0.00	0.45	1.39	0.00
1	5	0.00	0.00	0.86	0.98	0.00
2	2	0.00	0.01	0.39	0.69	0.00
2	6	0.00	0.03	1.35	0.59	0.00
3	3	0.00	0.00	0.36	0.69	0.00
3	7	0.00	0.00	0.23	0.99	0.00
Core	CPU	C1%	C3%	C6%	C8%	C9%
-	-	0.03	0.16	0.66	1.59	0.00
0	0	0.00	0.00	0.86	2.21	0.00
0	4	0.00	0.02	0.60	1.75	0.00
1	1	0.16	0.02	0.10	1.09	0.00
1	5	0.01	1.19	0.09	1.08	0.00
2	2	0.00	0.00	1.05	1.78	0.00
2	6	0.00	0.04	1.37	0.99	0.00
3	3	0.00	0.00	0.32	1.59	0.00
3	7	0.06	0.00	0.91	2.21	0.00
Core	CPU	C1%	C3%	C6%	C8%	C9%
-	-	0.00	0.01	0.58	1.00	0.00
0	0	0.00	0.00	0.83	0.79	0.00
0	4	0.00	0.00	0.41	1.49	0.00
1	1	0.00	0.00	0.20	0.30	0.00
1	5	0.00	0.00	0.46	1.12	0.00
2	2	0.00	0.00	0.34	1.19	0.00
2	6	0.00	0.07	1.53	0.51	0.00
3	3	0.00	0.00	0.38	1.49	0.00
3	7	0.00	0.00	0.51	1.09	0.00
Core	CPU	C1%	C3%	C6%	C8%	C9%
-	-	0.01	0.00	0.66	0.92	0.00
0	0	0.00	0.00	0.67	0.52	0.00
0	4	0.00	0.00	0.32	0.69	0.00
1	1	0.00	0.00	0.56	0.69	0.00
1	5	0.00	0.00	0.98	1.80	0.00
2	2	0.00	0.00	0.20	0.89	0.00
2	6	0.00	0.04	1.73	1.17	0.00
3	3	0.00	0.00	0.36	0.88	0.00
3	7	0.04	0.00	0.46	0.73	0.00
Core	CPU	C1%	C3%	C6%	C8%	C9%
-	-	0.00	0.00	0.54	0.95	0.00
0	0	0.00	0.00	0.87	0.31	0.00
0	4	0.00	0.00	0.63	1.20	0.00
1	1	0.00	0.00	0.33	1.10	0.00
1	5	0.00	0.00	0.33	1.30	0.00
2	2	0.00	0.00	0.11	1.00	0.00
2	6	0.00	0.04	0.76	0.99	0.00
3	3	0.00	0.00	0.62	1.19	0.00
3	7	0.00	0.00	0.70	0.50	0.00
Core	CPU	C1%	C3%	C6%	C8%	C9%
-	-	0.00	0.01	0.44	1.03	0.00
0	0	0.00	0.00	0.36	0.99	0.00
0	4	0.00	0.00	0.24	0.99	0.00
1	1	0.00	0.04	0.39	1.09	0.00
1	5	0.00	0.00	0.18	1.09	0.00
2	2	0.00	0.00	0.36	1.10	0.00
2	6	0.00	0.05	1.38	0.79	0.00
3	3	0.00	0.00	0.41	1.00	0.00
3	7	0.00	0.00	0.19	1.20	0.00
Core	CPU	C1%	C3%	C6%	C8%	C9%
-	-	0.00	0.09	0.53	0.93	0.00
0	0	0.00	0.01	0.33	1.38	0.00
0	4	0.00	0.12	0.26	1.19	0.00
1	1	0.00	0.00	0.88	0.79	0.00
1	5	0.00	0.00	0.27	0.93	0.00
2	2	0.00	0.50	0.84	0.79	0.00
2	6	0.00	0.05	1.09	0.39	0.00
3	3	0.00	0.00	0.10	0.99	0.00
3	7	0.00	0.00	0.51	0.98	0.00
Core	CPU	C1%	C3%	C6%	C8%	C9%
-	-	0.00	0.31	0.70	1.44	0.00
0	0	0.00	0.00	1.08	0.49	0.00
0	4	0.00	0.00	0.82	2.46	0.00
1	1	0.00	0.00	0.45	1.78	0.00
1	5	0.00	2.47	0.14	0.06	0.00
2	2	0.00	0.00	0.98	1.68	0.00
2	6	0.00	0.02	0.68	1.78	0.00
3	3	0.00	0.00	0.46	1.67	0.00
3	7	0.00	0.00	0.99	1.58	0.00
Core	CPU	C1%	C3%	C6%	C8%	C9%
-	-	0.01	0.01	0.63	1.33	0.00
0	0	0.00	0.02	1.15	1.42	0.00
0	4	0.00	0.00	0.61	1.99	0.00
1	1	0.00	0.00	0.41	0.69	0.00
1	5	0.00	0.00	0.56	2.17	0.00
2	2	0.00	0.00	0.56	1.30	0.00
2	6	0.00	0.02	1.02	1.12	0.00
3	3	0.00	0.00	0.41	0.91	0.00
3	7	0.05	0.00	0.28	1.00	0.00
Core	CPU	C1%	C3%	C6%	C8%	C9%
-	-	0.00	0.02	0.45	1.40	0.00
0	0	0.00	0.00	0.70	1.00	0.00
0	4	0.00	0.12	0.33	1.60	0.00
1	1	0.00	0.00	0.35	2.28	0.00
1	5	0.00	0.00	0.83	0.82	0.00
2	2	0.00	0.00	0.22	1.19	0.00
2	6	0.00	0.02	0.39	1.74	0.00
3	3	0.00	0.00	0.28	1.21	0.00
3	7	0.00	0.01	0.46	1.40	0.00
Core	CPU	C1%	C3%	C6%	C8%	C9%
-	-	0.00	0.01	0.66	0.81	0.00
0	0	0.00	0.02	0.75	0.31	0.00
0	4	0.00	0.00	0.20	0.98	0.00
1	1	0.00	0.00	0.88	0.96	0.00
1	5	0.00	0.00	0.24	1.09	0.00
2	2	0.00	0.02	0.29	1.09	0.00
2	6	0.00	0.05	0.66	1.27	0.00
3	3	0.00	0.02	1.14	0.00	0.00
3	7	0.00	0.00	1.13	0.79	0.00
Core	CPU	C1%	C3%	C6%	C8%	C9%
-	-	0.00	0.00	0.67	0.59	0.00
0	0	0.00	0.00	0.28	0.89	0.00
0	4	0.02	0.00	0.71	0.99	0.00
1	1	0.00	0.00	0.72	0.39	0.00
1	5	0.00	0.00	0.57	0.20	0.00
2	2	0.00	0.00	0.19	0.88	0.00
2	6	0.00	0.03	1.05	0.59	0.00
3	3	0.00	0.00	0.93	0.40	0.00
3	7	0.00	0.01	0.89	0.40	0.00
Core	CPU	C1%	C3%	C6%	C8%	C9%
-	-	0.00	0.00	0.67	1.30	0.00
0	0	0.00	0.00	0.99	2.30	0.00
0	4	0.00	0.00	1.23	0.59	0.00
1	1	0.00	0.00	0.63	0.00	0.00
1	5	0.00	0.01	0.89	0.89	0.00
2	2	0.00	0.00	0.29	1.69	0.00
2	6	0.00	0.00	0.69	1.49	0.00
3	3	0.00	0.03	0.45	1.79	0.00
3	7	0.00	0.00	0.23	1.69	0.00
Core	CPU	C1%	C3%	C6%	C8%	C9%
-	-	0.00	0.14	0.58	1.69	0.00
0	0	0.00	0.00	0.53	1.69	0.00
0	4	0.00	0.00	0.84	2.88	0.00
1	1	0.00	0.02	0.80	1.11	0.00
1	5	0.00	1.08	0.38	0.81	0.00
2	2	0.00	0.00	0.50	2.19	0.00
2	6	0.00	0.01	0.84	1.59	0.00
3	3	0.00	0.00	0.32	1.59	0.00
3	7	0.00	0.00	0.47	1.70	0.00
Core	CPU	C1%	C3%	C6%	C8%	C9%
-	-	0.00	0.00	0.41	1.22	0.00
0	0	0.00	0.00	0.32	1.49	0.00
0	4	0.00	0.00	0.30	0.91	0.00
1	1	0.00	0.00	0.19	0.70	0.00
1	5	0.00	0.00	0.35	0.81	0.00
2	2	0.00	0.00	0.42	1.40	0.00
2	6	0.00	0.01	0.72	1.60	0.00
3	3	0.00	0.00	0.46	1.51	0.00
3	7	0.00	0.00	0.49	1.30	0.00
Core	CPU	C1%	C3%	C6%	C8%	C9%
-	-	0.10	0.00	0.64	1.05	0.00
0	0	0.00	0.00	0.49	1.00	0.00
0	4	0.00	0.00	0.70	0.90	0.00
1	1	0.70	0.00	0.34	1.55	0.00
1	5	0.00	0.00	0.97	1.01	0.00
2	2	0.00	0.00	0.37	1.11	0.00
2	6	0.00	0.02	1.59	1.39	0.00
3	3	0.00	0.00	0.35	0.80	0.00
3	7	0.13	0.00	0.34	0.61	0.00
Core	CPU	C1%	C3%	C6%	C8%	C9%
-	-	0.00	0.01	0.64	0.88	0.00
0	0	0.00	0.03	0.77	0.90	0.00
0	4	0.00	0.00	0.27	0.99	0.00
1	1	0.00	0.00	1.03	1.59	0.00
1	5	0.00	0.00	0.83	0.79	0.00
2	2	0.00	0.00	0.63	0.49	0.00
2	6	0.00	0.03	0.99	0.50	0.00
3	3	0.00	0.00	0.19	1.09	0.00
3	7	0.00	0.00	0.37	0.69	0.00
Core	CPU	C1%	C3%	C6%	C8%	C9%
-	-	0.00	0.00	0.43	0.92	0.00
0	0	0.00	0.00	0.29	0.99	0.00
0	4	0.00	0.00	0.58	0.89	0.00
1	1	0.00	0.01	0.36	0.81	0.00
1	5	0.00	0.00	0.22	0.99	0.00
2	2	0.00	0.02	0.30	0.79	0.00
2	6	0.00	0.00	0.90	0.82	0.00
3	3	0.00	0.00	0.28	1.08	0.00
3	7	0.00	0.00	0.53	0.99	0.00
Core	CPU	C1%	C3%	C6%	C8%	C9%
-	-	0.00	0.00	0.52	0.90	0.00
0	0	0.00	0.00	0.19	0.79	0.00
0	4	0.00	0.00	0.86	0.99	0.00
1	1	0.00	0.00	0.84	0.58	0.00
1	5	0.00	0.00	0.33	0.89	0.00
2	2	0.00	0.00	0.20	1.19	0.00
2	6	0.00	0.02	0.50	1.09	0.00
3	3	0.00	0.00	0.41	0.88	0.00
3	7	0.00	0.00	0.82	0.79	0.00
