Core	CPU	C1%	C3%	C6%	C8%	C9%
-	-	0.11	1.85	10.73	11.69	0.22
0	0	0.00	0.40	4.92	1.48	1.77
0	4	0.00	0.02	14.50	84.07	0.00
1	1	0.11	0.06	2.24	1.92	0.00
1	5	0.09	0.00	1.56	1.48	0.00
2	2	0.17	0.01	2.98	2.10	0.00
2	6	0.00	0.04	2.48	1.50	0.00
3	3	0.14	0.00	1.44	0.99	0.00
3	7	0.35	14.30	55.69	0.00	0.00
Core	CPU	C1%	C3%	C6%	C8%	C9%
-	-	0.02	1.81	11.13	11.58	0.38
0	0	0.00	0.27	13.08	3.06	3.01
0	4	0.00	0.00	14.68	83.88	0.00
1	1	0.02	2.55	11.07	0.30	0.00
1	5	0.00	0.00	0.32	1.10	0.00
2	2	0.05	3.24	14.47	1.80	0.00
2	6	0.11	8.41	33.72	0.70	0.00
3	3	0.00	0.00	0.55	1.29	0.00
3	7	0.00	0.00	1.11	0.50	0.00
Core	CPU	C1%	C3%	C6%	C8%	C9%
-	-	0.02	1.89	11.11	11.50	0.39
0	0	0.00	0.71	11.95	5.87	3.14
0	4	0.00	0.02	17.83	80.65	0.00
1	1	0.00	0.00	0.29	0.90	0.00
1	5	0.00	0.00	0.47	1.10	0.00
2	2	0.00	0.01	0.57	0.89	0.00
2	6	0.07	11.68	45.92	0.30	0.00
3	3	0.00	0.00	0.97	1.40	0.00
3	7	0.06	2.69	10.92	0.90	0.00
Core	CPU	C1%	C3%	C6%	C8%	C9%
-	-	0.00	0.58	10.89	12.00	0.00
0	0	0.01	4.59	65.33	2.55	0.00
0	4	0.00	0.00	17.68	80.75	0.00
1	1	0.00	0.00	0.47	5.83	0.00
1	5	0.00	0.00	0.42	1.68	0.00
2	2	0.00	0.04	0.87	1.49	0.00
2	6	0.00	0.00	0.50	1.18	0.00
3	3	0.00	0.00	0.59	1.68	0.00
3	7	0.00	0.00	1.24	0.79	0.00
Core	CPU	C1%	C3%	C6%	C8%	C9%
-	-	0.00	0.63	10.68	10.84	0.00
0	0	0.01	4.98	62.07	3.53	0.00
0	4	0.00	0.00	20.90	74.83	0.00
1	1	0.00	0.00	0.42	4.07	0.00
1	5	0.00	0.00	0.46	1.09	0.00
2	2	0.00	0.03	0.62	1.29	0.00
2	6	0.00	0.00	0.13	0.30	0.00
3	3	0.00	0.01	0.44	0.40	0.00
3	7	0.00	0.00	0.38	1.19	0.00
Core	CPU	C1%	C3%	C6%	C8%	C9%
-	-	0.00	0.61	10.53	15.18	0.00
0	0	0.01	4.63	64.32	4.25	0.00
0	4	0.00	0.04	17.24	81.17	0.00
1	1	0.00	0.01	0.48	2.49	0.00
1	5	0.00	0.00	0.20	1.19	0.00
2	2	0.00	0.00	0.61	0.99	0.00
2	6	0.00	0.00	0.37	0.99	0.00
3	3	0.00	0.00	0.15	0.98	0.00
3	7	0.01	0.22	0.87	29.42	0.00
Core	CPU	C1%	C3%	C6%	C8%	C9%
-	-	0.06	0.64	11.31	11.30	0.11
0	0	0.00	5.09	65.45	1.93	0.00
0	4	0.00	0.00	21.47	76.95	0.00
1	1	0.00	0.01	0.59	7.69	0.00
1	5	0.00	0.00	0.23	0.49	0.00
2	2	0.50	0.03	0.50	0.89	0.91
2	6	0.00	0.00	0.00	0.40	0.00
3	3	0.00	0.01	1.13	1.29	0.00
3	7	0.00	0.00	1.14	0.79	0.00
Core	CPU	C1%	C3%	C6%	C8%	C9%
-	-	0.56	0.60	12.07	13.10	0.00
0	0	0.01	4.79	63.99	3.63	0.00
0	4	0.00	0.00	19.88	78.52	0.00
1	1	4.50	0.00	9.62	15.40	0.00
1	5	0.00	0.00	0.36	1.39	0.00
2	2	0.00	0.00	0.68	1.79	0.00
2	6	0.00	0.00	0.93	1.24	0.00
3	3	0.00	0.01	0.29	1.59	0.00
3	7	0.00	0.00	0.78	1.29	0.00
Core	CPU	C1%	C3%	C6%	C8%	C9%
-	-	0.00	0.60	10.77	11.76	0.00
0	0	0.00	4.80	64.35	3.31	0.00
0	4	0.00	0.00	19.44	78.97	0.00
1	1	0.00	0.02	0.37	5.59	0.00
1	5	0.00	0.00	0.28	1.00	0.00
2	2	0.00	0.00	0.50	1.57	0.00
2	6	0.00	0.00	0.49	0.90	0.00
3	3	0.00	0.00	0.35	1.19	0.00
3	7	0.00	0.03	0.40	1.57	0.00
Core	CPU	C1%	C3%	C6%	C8%	C9%
-	-	0.03	1.76	10.26	11.07	0.51
0	0	0.00	0.21	10.66	1.47	4.04
0	4	0.00	0.00	14.23	81.67	0.00
1	1	0.00	0.00	0.29	0.49	0.00
1	5	0.00	0.00	0.31	1.00	0.00
2	2	0.00	0.01	0.50	1.08	0.00
2	6	0.24	13.82	55.32	0.00	0.00
3	3	0.00	0.00	0.42	1.87	0.00
3	7	0.00	0.00	0.34	1.00	0.00
Core	CPU	C1%	C3%	C6%	C8%	C9%
-	-	0.03	1.81	10.66	11.20	0.39
0	0	0.00	0.11	11.51	0.43	3.16
0	4	0.00	0.00	13.63	84.95	0.00
1	1	0.00	0.00	0.27	0.89	0.00
1	5	0.00	0.00	1.33	0.89	0.00
2	2	0.00	0.01	0.82	0.40	0.00
2	6	0.25	14.37	56.22	0.00	0.00
3	3	0.00	0.00	1.18	0.62	0.00
3	7	0.00	0.00	0.28	1.38	0.00
Core	CPU	C1%	C3%	C6%	C8%	C9%
-	-	0.03	1.89	10.60	11.16	0.90
0	0	0.00	0.32	10.50	2.77	6.32
0	4	0.00	0.00	17.24	81.22	0.00
1	1	0.00	0.00	0.09	0.60	0.00
1	5	0.00	0.00	0.30	0.89	0.00
2	2	0.00	0.00	0.72	2.00	0.90
2	6	0.21	14.78	55.30	0.00	0.00
3	3	0.00	0.00	0.33	1.00	0.00
3	7	0.00	0.00	0.31	0.80	0.00
Core	CPU	C1%	C3%	C6%	C8%	C9%
-	-	0.03	1.84	10.27	10.71	0.37
0	0	0.00	0.30	5.46	0.59	2.94
0	4	0.00	0.00	17.64	80.99	0.00
1	1	0.00	0.00	0.35	1.00	0.00
1	5	0.00	0.00	1.01	1.10	0.00
2	2	0.00	0.03	0.85	0.31	0.00
2	6	0.21	14.37	56.11	0.00	0.00
3	3	0.00	0.00	0.28	0.69	0.00
3	7	0.00	0.00	0.47	0.98	0.00
Core	CPU	C1%	C3%	C6%	C8%	C9%
-	-	0.00	0.58	10.38	11.52	0.00
0	0	0.00	4.60	64.79	3.11	0.00
0	4	0.00	0.00	15.13	83.23	0.00
1	1	0.00	0.00	0.29	1.00	0.00
1	5	0.00	0.00	0.28	1.08	0.00
2	2	0.00	0.00	0.81	1.29	0.00
2	6	0.00	0.00	1.03	0.59	0.00
3	3	0.00	0.02	0.40	0.89	0.00
3	7	0.00	0.00	0.30	0.99	0.00
Core	CPU	C1%	C3%	C6%	C8%	C9%
-	-	0.00	0.75	9.86	11.34	0.00
0	0	0.00	5.99	62.57	3.11	0.00
0	4	0.00	0.00	14.04	81.68	0.00
1	1	0.00	0.00	0.26	0.80	0.00
1	5	0.00	0.00	0.28	0.99	0.00
2	2	0.00	0.03	0.56	0.88	0.00
2	6	0.00	0.00	0.28	0.79	0.00
3	3	0.00	0.00	0.64	1.57	0.00
3	7	0.00	0.00	0.24	0.88	0.00
Core	CPU	C1%	C3%	C6%	C8%	C9%
-	-	0.03	1.71	10.62	10.74	1.22
0	0	0.00	0.80	16.20	0.72	9.32
0	4	0.00	0.00	17.67	80.84	0.00
1	1	0.00	0.00	0.25	0.59	0.00
1	5	0.00	0.00	0.14	0.80	0.00
2	2	0.00	0.02	0.35	0.60	0.00
2	6	0.00	0.00	0.10	0.50	0.00
3	3	0.25	12.80	49.38	1.09	0.00
3	7	0.00	0.04	0.84	0.79	0.41
Core	CPU	C1%	C3%	C6%	C8%	C9%
-	-	0.00	0.65	10.51	11.24	0.00
0	0	0.00	5.19	63.26	4.05	0.00
0	4	0.00	0.02	17.39	80.81	0.00
1	1	0.00	0.00	0.37	1.09	0.00
1	5	0.00	0.00	0.47	1.19	0.00
2	2	0.00	0.00	0.46	0.99	0.00
2	6	0.00	0.00	0.35	1.09	0.00
3	3	0.00	0.03	0.89	0.30	0.00
3	7	0.00	0.00	0.91	0.39	0.00
Core	CPU	C1%	C3%	C6%	C8%	C9%
-	-	0.00	0.59	10.91	10.76	0.00
0	0	0.01	4.70	64.77	2.99	0.00
0	4	0.00	0.00	19.56	78.84	0.00
1	1	0.00	0.00	0.75	0.39	0.00
1	5	0.00	0.00	0.60	0.29	0.00
2	2	0.00	0.00	0.41	0.80	0.00
2	6	0.00	0.00	0.28	0.99	0.00
3	3	0.00	0.00	0.46	0.49	0.00
3	7	0.00	0.03	0.45	1.29	0.00
Core	CPU	C1%	C3%	C6%	C8%	C9%
-	-	0.00	0.62	10.77	11.97	0.00
0	0	0.01	4.89	64.09	3.42	0.00
0	4	0.00	0.00	17.44	80.94	0.00
1	1	0.00	0.03	0.50	5.94	0.00
1	5	0.00	0.00	0.33	0.99	0.00
2	2	0.00	0.00	1.05	0.31	0.00
2	6	0.00	0.01	0.90	0.49	0.00
3	3	0.00	0.00	0.54	2.36	0.00
3	7	0.00	0.06	1.32	1.27	0.00
Core	CPU	C1%	C3%	C6%	C8%	C9%
-	-	0.00	0.79	10.55	10.87	0.43
0	0	0.00	6.31	63.65	1.82	0.00
0	4	0.00	0.00	18.03	67.49	3.42
1	1	0.00	0.00	0.38	1.98	0.00
1	5	0.00	0.00	0.41	0.99	0.00
2	2	0.00	0.00	0.37	2.36	0.00
2	6	0.00	0.02	0.29	0.89	0.00
3	3	0.00	0.00	0.19	0.50	0.00
3	7	0.00	0.00	1.06	10.93	0.00
Core	CPU	C1%	C3%	C6%	C8%	C9%
-	-	0.02	0.64	11.39	10.90	0.00
0	0	0.01	5.08	66.19	1.94	0.00
0	4	0.00	0.02	20.28	78.16	0.00
1	1	0.00	0.00	1.06	1.40	0.00
1	5	0.07	0.00	0.38	0.99	0.00
2	2	0.00	0.03	0.75	2.31	0.00
2	6	0.11	0.00	0.36	0.88	0.00
3	3	0.00	0.00	1.12	0.80	0.00
3	7	0.00	0.03	0.95	0.70	0.00
Core	CPU	C1%	C3%	C6%	C8%	C9%
-	-	0.00	0.67	10.59	11.05	0.09
0	0	0.00	5.31	62.97	4.26	0.00
0	4	0.00	0.00	19.29	78.99	0.00
1	1	0.00	0.00	0.34	0.68	0.00
1	5	0.00	0.02	0.20	0.89	0.00
2	2	0.00	0.00	0.16	1.09	0.00
2	6	0.00	0.00	0.18	0.99	0.00
3	3	0.00	0.00	0.48	1.28	0.00
3	7	0.00	0.03	1.08	0.20	0.69
Core	CPU	C1%	C3%	C6%	C8%	C9%
-	-	0.16	0.66	11.14	11.82	0.00
0	0	0.01	5.23	64.20	3.00	0.00
0	4	0.00	0.00	21.35	77.06	0.00
1	1	1.29	0.00	0.49	7.65	0.00
1	5	0.00	0.00	0.54	1.39	0.00
2	2	0.00	0.00	0.52	1.09	0.00
2	6	0.00	0.02	0.29	1.19	0.00
3	3	0.00	0.00	1.10	0.80	0.00
3	7	0.00	0.00	0.67	2.37	0.00
Core	CPU	C1%	C3%	C6%	C8%	C9%
-	-	0.00	0.64	10.71	11.85	0.00
0	0	0.01	5.12	62.39	4.81	0.00
0	4	0.00	0.02	20.56	77.81	0.00
1	1	0.00	0.00	0.76	7.46	0.00
1	5	0.00	0.00	0.18	0.99	0.00
2	2	0.00	0.00	0.69	0.60	0.00
2	6	0.00	0.00	0.25	0.89	0.00
3	3	0.00	0.00	0.32	0.90	0.00
3	7	0.00	0.02	0.56	1.38	0.00
Core	CPU	C1%	C3%	C6%	C8%	C9%
-	-	0.00	0.84	10.79	11.20	0.00
0	0	0.01	6.66	61.58	3.52	0.00
0	4	0.00	0.00	21.39	74.46	0.00
1	1	0.02	0.05	0.86	6.06	0.00
1	5	0.00	0.00	0.28	1.10	0.00
2	2	0.00	0.00	0.56	1.09	0.00
2	6	0.00	0.00	0.37	1.28	0.00
3	3	0.00	0.00	0.35	0.79	0.00
3	7	0.00	0.03	0.89	1.29	0.00
Core	CPU	C1%	C3%	C6%	C8%	C9%
-	-	0.00	0.67	10.85	11.01	0.00
0	0	0.00	5.33	65.32	1.82	0.00
0	4	0.00	0.00	19.10	79.29	0.00
1	1	0.00	0.02	0.49	1.49	0.00
1	5	0.00	0.00	0.40	1.68	0.00
2	2	0.00	0.00	0.33	0.92	0.00
2	6	0.00	0.00	0.37	0.60	0.00
3	3	0.00	0.00	0.35	0.99	0.00
3	7	0.00	0.01	0.45	1.29	0.00
Core	CPU	C1%	C3%	C6%	C8%	C9%
-	-	0.00	0.66	11.12	10.65	0.12
0	0	0.02	5.24	65.17	2.87	0.04
0	4	0.00	0.00	20.86	77.50	0.00
1	1	0.00	0.00	0.43	0.70	0.00
1	5	0.00	0.00	0.33	0.89	0.00
2	2	0.00	0.02	0.80	0.50	0.90
2	6	0.00	0.00	0.14	0.70	0.00
3	3	0.00	0.00	0.70	0.89	0.00
3	7	0.00	0.03	0.57	1.18	0.00
Core	CPU	C1%	C3%	C6%	C8%	C9%
-	-	0.00	0.59	10.91	13.73	0.00
0	0	0.02	4.61	62.58	5.79	0.00
0	4	0.00	0.00	20.05	78.38	0.00
1	1	0.00	0.00	0.93	1.78	0.00
1	5	0.00	0.00	0.37	1.28	0.00
2	2	0.00	0.00	1.22	1.38	0.00
2	6	0.00	0.00	0.24	1.18	0.00
3	3	0.00	0.00	0.49	0.99	0.00
3	7	0.00	0.12	1.44	19.08	0.00
Core	CPU	C1%	C3%	C6%	C8%	C9%
-	-	0.00	0.60	10.85	12.69	0.00
0	0	0.01	4.81	64.74	2.98	0.00
0	4	0.00	0.00	17.52	80.88	0.00
1	1	0.00	0.00	0.83	2.46	0.00
1	5	0.00	0.00	0.75	1.39	0.00
2	2	0.00	0.00	0.43	1.47	0.00
2	6	0.00	0.00	0.33	1.49	0.00
3	3	0.00	0.02	0.93	1.20	0.00
3	7	0.00	0.00	1.24	9.70	0.00
Core	CPU	C1%	C3%	C6%	C8%	C9%
-	-	0.00	0.87	10.48	10.45	0.31
0	0	0.01	6.89	63.39	1.61	0.00
0	4	0.00	0.00	18.56	77.40	0.00
1	1	0.00	0.09	0.40	0.71	2.50
1	5	0.00	0.00	0.10	0.40	0.00
2	2	0.00	0.00	0.09	0.39	0.00
2	6	0.00	0.00	0.27	0.70	0.00
3	3	0.00	0.00	0.44	1.19	0.00
3	7	0.00	0.00	0.62	1.19	0.00
Core	CPU	C1%	C3%	C6%	C8%	C9%
-	-	0.00	0.70	11.57	10.21	0.00
0	0	0.01	5.56	66.20	0.74	0.00
0	4	0.00	0.00	21.88	76.55	0.00
1	1	0.00	0.05	1.06	0.49	0.00
1	5	0.00	0.00	0.82	0.79	0.00
2	2	0.00	0.02	0.33	0.53	0.00
2	6	0.00	0.00	0.79	0.79	0.00
3	3	0.00	0.00	1.05	0.98	0.00
3	7	0.00	0.00	0.46	0.79	0.00
Core	CPU	C1%	C3%	C6%	C8%	C9%
-	-	0.03	1.64	10.91	10.39	0.16
0	0	0.02	0.37	12.95	0.87	1.29
0	4	0.00	0.00	21.07	77.21	0.00
1	1	0.00	0.03	0.58	1.48	0.00
1	5	0.00	0.00	0.37	0.79	0.00
2	2	0.00	0.00	0.36	0.73	0.00
2	6	0.00	0.00	0.43	0.89	0.00
3	3	0.26	12.72	51.21	0.40	0.00
3	7	0.00	0.00	0.30	0.79	0.00
Core	CPU	C1%	C3%	C6%	C8%	C9%
-	-	0.04	1.82	12.10	10.43	0.21
0	0	0.00	0.02	15.39	0.10	1.65
0	4	0.00	0.00	22.05	76.56	0.00
1	1	0.00	0.02	1.36	1.68	0.00
1	5	0.00	0.00	0.67	0.70	0.00
2	2	0.00	0.00	0.32	1.69	0.00
2	6	0.00	0.00	0.61	1.98	0.00
3	3	0.30	14.49	56.20	0.00	0.00
3	7	0.00	0.00	0.21	0.70	0.00
Core	CPU	C1%	C3%	C6%	C8%	C9%
-	-	0.04	1.83	9.65	11.46	0.49
0	0	0.00	0.08	5.73	0.31	3.94
0	4	0.00	0.00	11.90	86.76	0.00
1	1	0.00	0.03	0.76	1.29	0.00
1	5	0.00	0.00	0.33	1.40	0.00
2	2	0.00	0.00	1.01	0.40	0.00
2	6	0.00	0.01	0.99	0.50	0.00
3	3	0.34	14.55	56.01	0.00	0.00
3	7	0.00	0.00	0.46	1.01	0.00
Core	CPU	C1%	C3%	C6%	C8%	C9%
-	-	0.01	1.22	9.65	11.98	2.63
0	0	0.00	4.15	43.86	1.19	4.96
0	4	0.00	0.00	5.30	22.29	16.07
1	1	0.00	0.02	0.64	1.21	0.00
1	5	0.00	0.00	3.49	66.74	0.00
2	2	0.00	0.00	0.49	1.00	0.00
2	6	0.00	0.00	0.37	1.08	0.00
3	3	0.11	5.57	22.60	1.29	0.00
3	7	0.00	0.00	0.50	1.01	0.00
Core	CPU	C1%	C3%	C6%	C8%	C9%
-	-	0.04	1.82	9.12	12.05	0.00
0	0	0.03	0.00	7.76	1.15	0.00
0	4	0.00	0.00	0.85	0.30	0.00
1	1	0.00	0.02	0.74	0.89	0.00
1	5	0.00	0.00	5.71	92.79	0.00
2	2	0.00	0.05	0.47	0.33	0.00
2	6	0.00	0.00	0.60	0.29	0.00
3	3	0.33	14.45	56.34	0.00	0.00
3	7	0.00	0.00	0.45	0.68	0.00
Core	CPU	C1%	C3%	C6%	C8%	C9%
-	-	0.04	1.83	9.30	12.04	0.02
0	0	0.00	0.06	10.09	1.49	0.00
0	4	0.00	0.00	0.38	0.31	0.00
1	1	0.00	0.02	0.79	0.69	0.00
1	5	0.00	0.00	5.85	92.36	0.00
2	2	0.00	0.01	0.72	0.02	0.00
2	6	0.00	0.00	0.57	0.79	0.00
3	3	0.33	14.55	55.71	0.00	0.14
3	7	0.00	0.00	0.29	0.71	0.00
Core	CPU	C1%	C3%	C6%	C8%	C9%
-	-	0.00	0.65	11.00	10.91	0.00
0	0	0.00	5.13	64.77	2.70	0.00
0	4	0.00	0.00	16.84	59.97	0.00
1	1	0.00	0.03	1.40	0.60	0.00
1	5	0.00	0.01	2.12	20.77	0.00
2	2	0.00	0.00	0.73	0.89	0.00
2	6	0.00	0.00	0.67	0.79	0.00
3	3	0.00	0.00	1.23	0.49	0.00
3	7	0.00	0.00	0.23	1.09	0.00
Core	CPU	C1%	C3%	C6%	C8%	C9%
-	-	0.00	0.62	11.16	11.02	0.00
0	0	0.00	4.97	66.52	1.07	0.00
0	4	0.00	0.00	19.28	79.15	0.00
1	1	0.00	0.00	0.57	1.29	0.00
1	5	0.00	0.00	0.33	1.78	0.00
2	2	0.00	0.02	0.44	0.79	0.00
2	6	0.00	0.00	0.29	1.40	0.00
3	3	0.00	0.00	1.25	1.39	0.00
3	7	0.00	0.00	0.65	1.28	0.00
Core	CPU	C1%	C3%	C6%	C8%	C9%
-	-	0.00	0.32	8.01	13.27	0.00
0	0	0.02	2.51	50.54	16.47	0.00
0	4	0.00	0.00	11.55	84.01	0.00
1	1	0.00	0.00	0.60	1.19	0.00
1	5	0.00	0.00	0.24	0.89	0.00
2	2	0.00	0.04	0.29	0.89	0.00
2	6	0.00	0.00	0.20	1.19	0.00
3	3	0.00	0.00	0.28	0.79	0.00
3	7	0.00	0.00	0.37	0.69	0.00
Core	CPU	C1%	C3%	C6%	C8%	C9%
-	-	0.00	0.58	10.91	10.66	0.00
0	0	0.01	4.56	65.59	2.35	0.00
0	4	0.00	0.00	19.11	79.29	0.00
1	1	0.00	0.03	0.50	0.39	0.00
1	5	0.00	0.00	0.43	0.50	0.00
2	2	0.00	0.00	1.03	0.37	0.00
2	6	0.00	0.00	0.14	0.60	0.00
3	3	0.00	0.02	0.19	0.50	0.00
3	7	0.00	0.02	0.30	1.28	0.00
Core	CPU	C1%	C3%	C6%	C8%	C9%
-	-	0.00	0.72	9.80	12.52	2.45
0	0	0.00	5.65	62.70	4.26	0.00
0	4	0.00	0.00	9.66	45.39	19.56
1	1	0.00	0.04	1.34	6.14	0.00
1	5	0.00	0.00	3.06	42.47	0.00
2	2	0.00	0.00	0.81	0.69	0.00
2	6	0.00	0.00	0.37	0.78	0.00
3	3	0.00	0.00	0.06	0.39	0.00
3	7	0.00	0.04	0.39	0.00	0.00
Core	CPU	C1%	C3%	C6%	C8%	C9%
-	-	0.00	0.66	10.77	11.10	0.00
0	0	0.00	5.24	64.65	2.56	0.00
0	4	0.00	0.00	18.19	80.23	0.00
1	1	0.00	0.01	0.80	1.19	0.00
1	5	0.00	0.00	0.53	0.70	0.00
2	2	0.00	0.02	0.56	1.04	0.00
2	6	0.00	0.00	0.30	1.28	0.00
3	3	0.00	0.01	0.59	1.28	0.00
3	7	0.00	0.00	0.55	0.50	0.00
Core	CPU	C1%	C3%	C6%	C8%	C9%
-	-	0.00	0.67	11.29	10.46	0.00
0	0	0.00	5.28	66.27	0.96	0.00
0	4	0.00	0.00	21.87	76.56	0.00
1	1	0.00	0.03	0.65	1.19	0.00
1	5	0.00	0.00	0.14	0.99	0.00
2	2	0.00	0.02	0.43	0.73	0.00
2	6	0.00	0.00	0.19	0.99	0.00
3	3	0.00	0.00	0.39	1.48	0.00
3	7	0.00	0.00	0.37	0.79	0.00
Core	CPU	C1%	C3%	C6%	C8%	C9%
-	-	0.00	0.68	9.93	11.42	0.00
0	0	0.01	5.41	59.33	6.57	0.00
0	4	0.00	0.00	17.42	78.37	0.00
1	1	0.00	0.01	0.71	1.49	0.00
1	5	0.00	0.00	0.56	1.18	0.00
2	2	0.00	0.00	0.33	0.67	0.00
2	6	0.00	0.00	0.23	0.99	0.00
3	3	0.00	0.02	0.30	0.99	0.00
3	7	0.00	0.00	0.58	1.09	0.00
Core	CPU	C1%	C3%	C6%	C8%	C9%
-	-	0.00	0.56	10.33	11.30	1.47
0	0	0.01	4.51	62.33	5.58	0.00
0	4	0.00	0.00	16.94	60.37	11.79
1	1	0.00	0.00	1.00	0.58	0.00
1	5	0.00	0.00	1.32	20.76	0.00
2	2	0.00	0.01	0.16	0.59	0.00
2	6	0.00	0.00	0.13	0.59	0.00
3	3	0.00	0.00	0.45	0.99	0.00
3	7	0.00	0.00	0.29	0.89	0.00
Core	CPU	C1%	C3%	C6%	C8%	C9%
-	-	0.00	0.52	9.31	12.62	0.86
0	0	0.01	4.12	58.72	9.46	0.00
0	4	0.00	0.00	11.35	62.64	6.05
1	1	0.00	0.00	0.43	1.59	0.00
1	5	0.00	0.00	1.60	23.61	0.00
2	2	0.00	0.00	0.47	0.89	0.00
2	6	0.00	0.00	0.48	0.99	0.82
3	3	0.00	0.02	1.25	1.00	0.00
3	7	0.00	0.00	0.20	0.79	0.00
Core	CPU	C1%	C3%	C6%	C8%	C9%
-	-	0.00	0.54	9.03	12.67	2.56
0	0	0.01	4.28	63.26	5.20	0.00
0	4	0.00	0.00	0.48	0.89	20.46
1	1	0.00	0.04	0.59	0.89	0.00
1	5	0.00	0.00	0.96	18.61	0.00
2	2	0.00	0.00	0.52	0.73	0.00
2	6	0.00	0.00	5.98	74.13	0.00
3	3	0.00	0.00	0.15	0.40	0.00
3	7	0.00	0.00	0.29	0.49	0.00
Core	CPU	C1%	C3%	C6%	C8%	C9%
-	-	0.00	0.32	7.69	14.27	2.13
0	0	0.03	2.50	53.77	15.99	0.00
0	4	0.00	0.00	0.65	0.41	17.07
1	1	0.00	0.02	0.66	1.09	0.00
1	5	0.00	0.00	0.32	0.89	0.00
2	2	0.00	0.01	0.37	0.83	0.00
2	6	0.00	0.00	1.33	20.38	0.00
3	3	0.00	0.00	4.00	73.89	0.00
3	7	0.00	0.00	0.45	0.69	0.00
Core	CPU	C1%	C3%	C6%	C8%	C9%
-	-	0.02	0.37	6.84	14.72	1.13
0	0	0.05	2.95	47.16	21.27	0.00
0	4	0.00	0.00	0.69	0.30	5.53
1	1	0.00	0.04	0.77	0.59	3.53
1	5	0.00	0.00	0.36	0.79	0.00
2	2	0.00	0.00	0.42	1.17	0.00
2	6	0.00	0.00	0.23	1.09	0.00
3	3	0.00	0.00	4.61	91.26	0.00
3	7	0.12	0.00	0.49	1.27	0.00
Core	CPU	C1%	C3%	C6%	C8%	C9%
-	-	0.00	0.40	8.68	17.09	1.66
0	0	0.02	3.01	60.39	9.29	0.00
0	4	0.00	0.00	0.62	0.41	13.28
1	1	0.00	0.03	0.77	2.48	0.00
1	5	0.00	0.00	0.29	1.19	0.00
2	2	0.00	0.00	0.36	0.87	0.00
2	6	0.00	0.00	0.37	0.79	0.00
3	3	0.00	0.00	6.12	92.26	0.00
3	7	0.01	0.16	0.56	29.41	0.00
Core	CPU	C1%	C3%	C6%	C8%	C9%
-	-	0.01	0.40	7.89	14.55	0.73
0	0	0.03	3.11	53.92	15.38	0.00
0	4	0.00	0.00	0.61	0.29	5.81
1	1	0.00	0.06	1.02	4.46	0.00
1	5	0.00	0.00	0.18	0.69	0.00
2	2	0.00	0.00	0.23	1.20	0.00
2	6	0.00	0.00	0.32	1.28	0.00
3	3	0.00	0.01	5.67	92.73	0.00
3	7	0.04	0.00	1.19	0.40	0.00
Core	CPU	C1%	C3%	C6%	C8%	C9%
-	-	0.00	0.69	9.07	13.68	5.59
0	0	0.01	5.50	63.82	3.45	0.00
0	4	0.00	0.00	0.77	0.29	44.75
1	1	0.00	0.00	1.44	8.53	0.00
1	5	0.00	0.00	0.52	1.09	0.00
2	2	0.00	0.03	0.39	0.90	0.00
2	6	0.00	0.00	0.10	1.00	0.00
3	3	0.00	0.00	4.95	93.59	0.00
3	7	0.00	0.00	0.55	0.59	0.00
Core	CPU	C1%	C3%	C6%	C8%	C9%
-	-	0.00	0.26	7.33	15.64	0.68
0	0	0.04	2.06	50.03	19.99	0.00
0	4	0.00	0.00	0.68	0.40	5.44
1	1	0.00	0.00	0.68	7.63	0.00
1	5	0.00	0.00	0.37	1.28	0.00
2	2	0.00	0.02	0.32	1.00	0.00
2	6	0.00	0.00	2.22	43.79	0.00
3	3	0.00	0.01	3.92	50.02	0.00
3	7	0.00	0.00	0.39	0.99	0.00
Core	CPU	C1%	C3%	C6%	C8%	C9%
-	-	0.00	0.78	8.85	14.06	4.34
0	0	0.00	6.14	59.80	5.92	0.00
0	4	0.00	0.00	0.33	0.71	34.74
1	1	0.00	0.08	4.00	9.77	0.00
1	5	0.00	0.00	0.28	1.00	0.00
2	2	0.00	0.02	0.37	1.02	0.00
2	6	0.00	0.00	4.62	91.32	0.00
3	3	0.00	0.00	1.16	1.68	0.00
3	7	0.00	0.00	0.23	1.08	0.00
Core	CPU	C1%	C3%	C6%	C8%	C9%
-	-	0.08	0.29	8.09	15.41	0.81
0	0	0.03	2.22	52.59	17.61	0.00
0	4	0.00	0.00	1.08	1.58	6.46
1	1	0.59	0.03	2.26	8.93	0.00
1	5	0.00	0.00	0.23	0.99	0.00
2	2	0.00	0.05	0.66	1.20	0.00
2	6	0.00	0.00	7.04	91.30	0.00
3	3	0.00	0.00	0.28	0.79	0.00
3	7	0.00	0.00	0.56	0.89	0.00
Core	CPU	C1%	C3%	C6%	C8%	C9%
-	-	0.00	0.46	7.89	14.43	1.02
0	0	0.02	3.61	54.13	14.66	0.00
0	4	0.00	0.00	0.58	0.51	8.18
1	1	0.00	0.00	0.52	4.95	0.00
1	5	0.00	0.00	0.45	1.39	0.00
2	2	0.00	0.01	0.28	0.58	0.00
2	6	0.00	0.00	4.57	56.99	0.00
3	3	0.00	0.02	2.22	35.26	0.00
3	7	0.00	0.00	0.38	1.09	0.00
Core	CPU	C1%	C3%	C6%	C8%	C9%
-	-	0.00	0.48	8.31	13.38	6.90
0	0	0.01	3.84	58.06	10.56	0.00
0	4	0.00	0.00	0.18	0.50	55.21
1	1	0.00	0.01	0.58	1.01	0.00
1	5	0.00	0.00	0.35	0.90	0.00
2	2	0.00	0.00	0.30	0.49	0.00
2	6	0.00	0.00	6.57	91.89	0.00
3	3	0.00	0.02	0.28	0.61	0.00
3	7	0.00	0.00	0.18	1.10	0.00
Core	CPU	C1%	C3%	C6%	C8%	C9%
-	-	0.00	0.44	8.30	13.68	2.76
0	0	0.02	3.48	57.18	11.74	0.00
0	4	0.00	0.00	0.24	0.51	22.12
1	1	0.00	0.04	0.61	0.99	0.00
1	5	0.00	0.02	0.18	1.00	0.00
2	2	0.00	0.00	0.36	1.61	0.00
2	6	0.00	0.00	6.14	87.00	0.00
3	3	0.00	0.00	1.51	5.90	0.00
3	7	0.00	0.00	0.17	0.69	0.00
Core	CPU	C1%	C3%	C6%	C8%	C9%
-	-	0.00	0.64	8.13	12.98	1.31
0	0	0.02	5.09	56.95	9.52	0.00
0	4	0.00	0.00	0.76	0.00	10.50
1	1	0.01	0.00	1.31	0.00	0.00
1	5	0.00	0.00	0.23	0.99	0.00
2	2	0.00	0.02	0.26	0.71	0.00
2	6	0.00	0.00	0.35	1.38	0.00
3	3	0.00	0.01	5.06	90.72	0.00
3	7	0.00	0.00	0.16	0.49	0.00
Core	CPU	C1%	C3%	C6%	C8%	C9%
-	-	0.02	0.46	7.99	14.03	3.27
0	0	0.02	3.65	56.16	12.50	0.00
0	4	0.00	0.00	0.68	0.41	26.13
1	1	0.00	0.00	0.47	3.37	0.00
1	5	0.00	0.00	0.44	1.00	0.00
2	2	0.00	0.00	0.50	0.21	0.00
2	6	0.00	0.00	0.32	0.69	0.00
3	3	0.00	0.00	4.97	93.44	0.00
3	7	0.12	0.00	0.38	0.60	0.00
Core	CPU	C1%	C3%	C6%	C8%	C9%
-	-	0.00	0.44	7.88	14.13	2.71
0	0	0.02	3.47	54.38	14.45	0.00
0	4	0.00	0.00	0.32	0.71	21.69
1	1	0.00	0.02	0.61	1.30	0.00
1	5	0.00	0.00	0.29	1.29	0.00
2	2	0.00	0.00	0.49	1.62	0.00
2	6	0.00	0.00	5.89	80.57	0.00
3	3	0.00	0.00	0.82	12.09	0.00
3	7	0.00	0.02	0.23	0.99	0.00
Core	CPU	C1%	C3%	C6%	C8%	C9%
-	-	0.02	0.45	8.28	13.96	6.52
0	0	0.14	3.59	56.45	12.15	0.00
0	4	0.00	0.00	0.23	0.99	52.14
1	1	0.00	0.01	0.97	1.09	0.00
1	5	0.00	0.00	0.29	1.29	0.00
2	2	0.00	0.00	0.36	0.97	0.00
2	6	0.00	0.00	6.49	91.95	0.00
3	3	0.00	0.00	0.45	2.37	0.00
3	7	0.00	0.03	0.98	0.89	0.00
Core	CPU	C1%	C3%	C6%	C8%	C9%
-	-	0.00	0.37	8.43	13.57	3.32
0	0	0.01	2.91	58.63	11.02	0.00
0	4	0.00	0.00	0.46	0.21	26.53
1	1	0.00	0.03	0.56	0.98	0.00
1	5	0.00	0.00	0.24	0.99	0.00
2	2	0.00	0.02	0.46	1.88	0.00
2	6	0.00	0.00	6.26	92.18	0.00
3	3	0.00	0.00	0.18	0.89	0.00
3	7	0.00	0.00	0.62	0.37	0.00
Core	CPU	C1%	C3%	C6%	C8%	C9%
-	-	0.01	1.79	8.76	12.40	0.44
0	0	0.01	0.08	15.72	3.70	0.00
0	4	0.00	0.00	0.79	0.10	0.00
1	1	0.00	0.00	0.59	0.99	3.48
1	5	0.07	14.10	46.94	0.69	0.00
2	2	0.00	0.00	0.32	1.05	0.00
2	6	0.00	0.00	5.17	91.06	0.00
3	3	0.00	0.12	0.19	0.59	0.00
3	7	0.00	0.00	0.38	0.99	0.00
Core	CPU	C1%	C3%	C6%	C8%	C9%
-	-	0.00	0.36	8.31	14.01	2.30
0	0	0.03	2.82	55.12	14.36	0.00
0	4	0.00	0.00	1.01	0.61	18.37
1	1	0.00	0.02	1.10	1.29	0.00
1	5	0.00	0.00	1.07	0.50	0.00
2	2	0.00	0.00	0.27	1.32	0.00
2	6	0.00	0.00	5.59	92.83	0.00
3	3	0.00	0.00	1.22	0.50	0.00
3	7	0.00	0.02	1.09	0.69	0.00
Core	CPU	C1%	C3%	C6%	C8%	C9%
-	-	0.11	0.54	8.99	15.07	3.43
0	0	0.21	4.24	59.99	8.27	0.00
0	4	0.00	0.00	0.76	0.20	27.44
1	1	0.68	0.04	3.04	13.37	0.00
1	5	0.00	0.00	0.31	1.19	0.00
2	2	0.00	0.00	0.49	0.91	0.00
2	6	0.00	0.00	5.70	92.77	0.00
3	3	0.00	0.02	1.28	2.88	0.00
3	7	0.00	0.00	0.35	0.98	0.00
Core	CPU	C1%	C3%	C6%	C8%	C9%
-	-	0.00	0.41	8.57	14.71	2.14
0	0	0.03	3.25	55.54	13.57	0.00
0	4	0.00	0.00	0.61	0.39	17.15
1	1	0.00	0.00	3.98	8.45	0.00
1	5	0.00	0.00	0.18	0.70	0.00
2	2	0.00	0.04	0.84	1.09	0.00
2	6	0.00	0.00	5.11	64.47	0.00
3	3	0.00	0.00	1.98	28.23	0.00
3	7	0.00	0.00	0.36	0.79	0.00
Core	CPU	C1%	C3%	C6%	C8%	C9%
-	-	0.00	0.71	8.08	13.93	0.60
0	0	0.02	1.74	41.30	11.89	0.00
0	4	0.00	0.00	0.69	0.20	4.78
1	1	0.00	0.00	0.37	3.08	0.00
1	5	0.00	0.00	0.46	0.79	0.00
2	2	0.01	3.96	15.87	0.70	0.00
2	6	0.00	0.00	1.46	20.14	0.00
3	3	0.00	0.00	4.18	73.83	0.00
3	7	0.00	0.00	0.29	0.78	0.00
Core	CPU	C1%	C3%	C6%	C8%	C9%
-	-	0.02	0.44	7.92	13.75	1.46
0	0	0.16	3.52	53.95	13.81	0.00
0	4	0.00	0.01	1.21	0.52	11.68
1	1	0.01	0.00	0.60	0.99	0.00
1	5	0.00	0.00	0.30	1.18	0.00
2	2	0.00	0.00	1.05	0.69	0.00
2	6	0.00	0.00	4.54	91.12	0.00
3	3	0.00	0.00	0.93	0.89	0.00
3	7	0.00	0.00	0.78	0.79	0.00
Core	CPU	C1%	C3%	C6%	C8%	C9%
-	-	0.02	0.43	9.17	15.78	2.72
0	0	0.20	3.44	60.44	8.60	0.00
0	4	0.00	0.00	0.76	0.48	21.75
1	1	0.00	0.00	5.27	19.51	0.00
1	5	0.00	0.00	0.41	1.39	0.00
2	2	0.00	0.00	0.10	0.50	0.00
2	6	0.00	0.00	4.90	93.58	0.00
3	3	0.00	0.00	1.36	1.68	0.00
3	7	0.00	0.00	0.15	0.49	0.00
Core	CPU	C1%	C3%	C6%	C8%	C9%
-	-	0.02	1.12	8.87	12.94	0.01
0	0	0.02	1.66	35.59	14.05	0.11
0	4	0.04	0.03	0.77	1.19	0.00
1	1	0.00	0.00	0.61	1.08	0.00
1	5	0.00	0.00	0.21	0.99	0.00
2	2	0.00	0.00	0.32	0.80	0.00
2	6	0.00	0.00	4.41	82.35	0.00
3	3	0.12	7.23	28.65	1.88	0.00
3	7	0.00	0.00	0.37	1.18	0.00
Core	CPU	C1%	C3%	C6%	C8%	C9%
-	-	0.01	0.38	8.62	17.94	0.87
0	0	0.02	2.79	56.78	12.52	0.00
0	4	0.00	0.01	1.39	0.22	6.98
1	1	0.00	0.00	0.69	5.83	0.00
1	5	0.00	0.00	0.67	0.99	0.00
2	2	0.00	0.00	0.35	0.99	0.00
2	6	0.00	0.00	4.63	93.81	0.00
3	3	0.01	0.16	2.32	1.09	0.00
3	7	0.01	0.07	2.15	28.09	0.00
Core	CPU	C1%	C3%	C6%	C8%	C9%
-	-	0.05	0.33	7.68	15.14	1.12
0	0	0.03	2.57	53.13	16.53	0.00
0	4	0.00	0.04	1.05	0.48	8.95
1	1	0.00	0.05	0.56	6.80	0.00
1	5	0.00	0.00	0.19	0.99	0.00
2	2	0.39	0.00	0.19	0.78	0.00
2	6	0.00	0.00	5.03	93.38	0.00
3	3	0.00	0.00	0.76	1.99	0.00
3	7	0.00	0.00	0.53	0.20	0.00
Core	CPU	C1%	C3%	C6%	C8%	C9%
-	-	0.00	0.64	9.14	16.38	3.88
0	0	0.01	4.28	55.73	10.34	2.53
0	4	0.00	0.05	1.11	0.99	28.50
1	1	0.00	0.75	9.93	25.19	0.00
1	5	0.00	0.00	0.23	0.70	0.00
2	2	0.00	0.02	0.29	0.43	0.00
2	6	0.00	0.00	4.59	91.59	0.00
3	3	0.00	0.00	0.72	1.50	0.00
3	7	0.00	0.00	0.55	0.30	0.00
Core	CPU	C1%	C3%	C6%	C8%	C9%
-	-	0.00	0.46	8.41	14.41	3.48
0	0	0.02	3.64	58.82	9.92	0.00
0	4	0.00	0.01	1.22	1.20	27.41
1	1	0.00	0.00	0.66	5.98	0.00
1	5	0.00	0.00	0.27	0.99	0.00
2	2	0.00	0.00	0.72	0.89	0.00
2	6	0.00	0.00	4.84	93.63	0.00
3	3	0.00	0.06	0.46	1.60	0.00
3	7	0.00	0.00	0.29	1.09	0.41
Core	CPU	C1%	C3%	C6%	C8%	C9%
-	-	0.00	0.52	7.99	14.68	5.64
0	0	0.02	4.15	56.89	11.36	0.00
0	4	0.00	0.03	0.70	0.69	45.15
1	1	0.00	0.00	0.31	7.34	0.00
1	5	0.00	0.00	0.29	1.09	0.00
2	2	0.00	0.00	0.39	0.59	0.00
2	6	0.00	0.00	4.67	93.78	0.00
3	3	0.00	0.00	0.45	1.58	0.00
3	7	0.00	0.00	0.24	0.98	0.00
Core	CPU	C1%	C3%	C6%	C8%	C9%
-	-	0.00	0.38	7.90	14.80	4.35
0	0	0.03	3.06	55.06	14.15	0.00
0	4	0.00	0.00	1.33	0.00	34.78
1	1	0.00	0.00	0.77	6.24	0.00
1	5	0.00	0.00	0.22	0.99	0.00
2	2	0.00	0.02	0.39	0.69	0.00
2	6	0.00	0.00	4.67	93.76	0.00
3	3	0.00	0.00	0.36	1.28	0.00
3	7	0.00	0.00	0.40	1.28	0.00
Core	CPU	C1%	C3%	C6%	C8%	C9%
-	-	0.00	0.45	8.87	13.20	2.51
0	0	0.01	3.44	63.02	6.36	0.00
0	4	0.00	0.12	0.65	0.27	20.06
1	1	0.00	0.00	0.19	2.28	0.00
1	5	0.00	0.00	0.28	0.99	0.00
2	2	0.00	0.00	0.36	0.89	0.00
2	6	0.00	0.00	5.36	92.26	0.00
3	3	0.00	0.00	0.94	1.59	0.00
3	7	0.00	0.00	0.20	0.99	0.00
Core	CPU	C1%	C3%	C6%	C8%	C9%
-	-	0.00	0.53	7.64	13.65	3.32
0	0	0.02	4.16	53.09	14.25	0.00
0	4	0.00	0.05	1.00	0.00	26.57
1	1	0.00	0.00	0.39	0.60	0.00
1	5	0.00	0.00	0.24	0.99	0.00
2	2	0.00	0.00	0.47	0.49	0.00
2	6	0.00	0.00	4.74	91.12	0.00
3	3	0.00	0.00	0.53	0.99	0.00
3	7	0.00	0.00	0.65	0.77	0.00
Core	CPU	C1%	C3%	C6%	C8%	C9%
-	-	0.02	0.22	7.17	14.75	1.31
0	0	0.14	1.65	50.26	19.96	0.00
0	4	0.00	0.00	0.96	0.68	10.46
1	1	0.00	0.00	0.35	0.70	0.00
1	5	0.00	0.00	0.14	0.99	0.00
2	2	0.00	0.10	0.22	0.43	0.00
2	6	0.00	0.00	4.53	93.83	0.00
3	3	0.00	0.00	0.28	1.00	0.00
3	7	0.00	0.00	0.66	0.39	0.00
Core	CPU	C1%	C3%	C6%	C8%	C9%
-	-	0.00	0.39	7.76	14.26	2.24
0	0	0.03	3.08	54.62	14.57	0.00
0	4	0.00	0.03	0.76	0.91	17.88
1	1	0.00	0.00	0.38	0.49	0.00
1	5	0.00	0.00	0.36	0.89	0.00
2	2	0.00	0.00	0.21	0.99	0.00
2	6	0.00	0.00	4.38	93.52	0.00
3	3	0.00	0.00	0.67	1.19	0.00
3	7	0.00	0.00	0.67	1.49	0.00
Core	CPU	C1%	C3%	C6%	C8%	C9%
-	-	0.03	0.38	8.31	14.78	1.29
0	0	0.22	2.97	56.49	12.67	0.00
0	4	0.00	0.02	1.13	0.68	10.34
1	1	0.00	0.00	0.45	7.83	0.00
1	5	0.00	0.00	0.29	0.89	0.00
2	2	0.00	0.00	0.57	0.50	0.00
2	6	0.00	0.00	5.41	92.95	0.00
3	3	0.00	0.00	1.28	1.85	0.00
3	7	0.00	0.01	0.82	0.89	0.00
Core	CPU	C1%	C3%	C6%	C8%	C9%
-	-	0.04	1.83	9.37	12.45	0.00
0	0	0.00	0.11	8.23	1.50	0.00
0	4	0.00	0.01	1.72	1.55	0.00
1	1	0.00	0.00	1.26	0.89	0.00
1	5	0.00	0.00	0.72	0.90	0.00
2	2	0.00	0.01	0.87	0.60	0.00
2	6	0.00	0.00	5.37	93.24	0.00
3	3	0.31	14.47	55.83	0.08	0.00
3	7	0.00	0.00	1.00	0.87	0.00
Core	CPU	C1%	C3%	C6%	C8%	C9%
-	-	0.04	1.91	9.45	10.81	0.03
0	0	0.04	0.26	13.08	5.54	0.25
0	4	0.00	0.01	1.36	0.79	0.00
1	1	0.00	0.01	0.66	0.28	0.00
1	5	0.00	0.00	0.86	0.10	0.00
2	2	0.00	0.00	0.24	0.40	0.00
2	6	0.00	0.00	5.00	77.99	0.00
3	3	0.24	14.96	53.98	0.30	0.00
3	7	0.00	0.02	0.40	1.10	0.00
Core	CPU	C1%	C3%	C6%	C8%	C9%
-	-	0.04	0.33	8.19	14.12	0.14
0	0	0.21	1.99	52.90	15.57	0.02
0	4	0.00	0.07	1.35	0.99	1.12
1	1	0.00	0.03	0.68	3.27	0.00
1	5	0.00	0.00	0.38	0.99	0.00
2	2	0.00	0.02	0.85	0.70	0.00
2	6	0.12	0.00	0.66	3.18	0.00
3	3	0.00	0.54	8.21	87.95	0.00
3	7	0.00	0.00	0.53	0.31	0.00
Core	CPU	C1%	C3%	C6%	C8%	C9%
-	-	0.02	1.98	14.76	4.57	2.12
0	0	0.00	1.03	60.13	33.26	0.00
0	4	0.00	0.00	1.20	0.67	16.93
1	1	0.00	0.00	0.32	0.70	0.00
1	5	0.00	0.02	0.22	0.40	0.00
2	2	0.00	0.00	0.19	0.61	0.00
2	6	0.00	0.00	0.19	0.69	0.00
3	3	0.17	14.79	55.23	0.00	0.00
3	7	0.00	0.00	0.57	0.19	0.00
Core	CPU	C1%	C3%	C6%	C8%	C9%
-	-	0.01	1.91	15.16	4.70	2.86
0	0	0.00	0.75	62.05	32.14	0.00
0	4	0.00	0.00	1.41	0.48	22.91
1	1	0.00	0.00	0.28	0.98	0.00
1	5	0.00	0.00	0.46	0.99	0.00
2	2	0.00	0.00	0.25	1.18	0.00
2	6	0.00	0.00	0.32	0.90	0.00
3	3	0.09	14.50	55.75	0.00	0.00
3	7	0.00	0.00	0.77	0.91	0.00
Core	CPU	C1%	C3%	C6%	C8%	C9%
-	-	0.00	2.08	14.53	5.25	7.17
0	0	0.00	2.04	58.02	35.20	0.00
0	4	0.00	0.02	1.35	1.59	57.37
1	1	0.00	0.00	0.32	1.20	0.00
1	5	0.00	0.02	0.29	1.29	0.00
2	2	0.00	0.00	0.19	1.10	0.00
2	6	0.00	0.00	0.28	0.90	0.00
3	3	0.02	14.52	55.36	0.00	0.00
3	7	0.00	0.00	0.41	0.71	0.00
Core	CPU	C1%	C3%	C6%	C8%	C9%
-	-	0.01	2.11	14.58	5.18	6.95
0	0	0.00	1.13	60.04	31.19	0.00
0	4	0.00	0.01	1.15	0.71	55.64
1	1	0.00	0.00	0.43	6.30	0.00
1	5	0.00	0.00	0.36	0.69	0.00
2	2	0.00	0.00	0.32	1.18	0.00
2	6	0.00	0.02	0.19	0.90	0.00
3	3	0.07	15.70	53.61	0.00	0.00
3	7	0.00	0.00	0.54	0.51	0.00
Core	CPU	C1%	C3%	C6%	C8%	C9%
-	-	0.00	0.38	8.43	13.95	1.72
0	0	0.01	2.89	55.92	13.39	0.00
0	4	0.00	0.08	1.71	0.81	13.76
1	1	0.00	0.00	0.68	1.09	0.00
1	5	0.00	0.00	0.38	1.29	0.00
2	2	0.00	0.00	0.47	1.19	0.00
2	6	0.00	0.00	0.45	1.29	0.00
3	3	0.00	0.08	6.72	91.43	0.00
3	7	0.00	0.01	1.09	1.08	0.00
Core	CPU	C1%	C3%	C6%	C8%	C9%
-	-	0.01	2.12	14.78	5.19	4.70
0	0	0.00	1.76	59.86	33.30	0.00
0	4	0.00	0.00	1.16	2.28	37.60
1	1	0.00	0.00	0.24	0.99	0.00
1	5	0.00	0.00	1.09	1.09	0.00
2	2	0.00	0.00	0.27	1.59	0.00
2	6	0.00	0.00	0.20	1.28	0.00
3	3	0.04	15.17	55.14	0.00	0.00
3	7	0.00	0.00	0.28	1.00	0.00
Core	CPU	C1%	C3%	C6%	C8%	C9%
-	-	0.00	0.33	8.20	15.18	0.22
0	0	0.01	2.51	54.90	14.06	0.02
0	4	0.00	0.04	3.01	2.11	1.78
1	1	0.00	0.05	0.56	7.03	0.00
1	5	0.00	0.00	0.41	1.99	0.00
2	2	0.00	0.00	0.55	1.08	0.00
2	6	0.00	0.00	0.34	1.38	0.00
3	3	0.00	0.00	5.52	92.80	0.00
3	7	0.00	0.00	0.30	0.98	0.00
Core	CPU	C1%	C3%	C6%	C8%	C9%
-	-	0.00	0.25	7.76	14.60	0.00
0	0	0.02	1.97	54.75	15.69	0.00
0	4	0.00	0.00	0.73	0.32	0.00
1	1	0.00	0.00	0.70	4.10	0.00
1	5	0.00	0.00	0.28	0.52	0.00
2	2	0.00	0.02	0.45	0.88	0.00
2	6	0.00	0.00	0.28	0.99	0.00
3	3	0.00	0.00	4.66	93.66	0.00
3	7	0.00	0.00	0.25	0.69	0.00
Core	CPU	C1%	C3%	C6%	C8%	C9%
-	-	0.02	0.56	8.52	17.00	0.50
0	0	0.02	4.36	56.55	10.65	0.00
0	4	0.00	0.04	1.28	0.30	3.96
1	1	0.00	0.00	0.43	4.63	0.00
1	5	0.00	0.00	0.25	0.99	0.00
2	2	0.00	0.01	1.02	0.60	0.00
2	6	0.10	0.02	0.70	0.30	0.00
3	3	0.00	0.01	6.83	89.36	0.00
3	7	0.01	0.05	1.12	29.21	0.00
Core	CPU	C1%	C3%	C6%	C8%	C9%
-	-	0.00	2.03	13.26	7.09	8.87
0	0	0.01	3.43	46.40	46.61	0.00
0	4	0.01	0.02	1.01	0.37	70.96
1	1	0.00	0.00	0.48	6.54	0.00
1	5	0.00	0.00	0.37	0.99	0.00
2	2	0.00	0.00	0.42	1.00	0.00
2	6	0.00	0.00	0.43	1.00	0.00
3	3	0.01	12.77	56.29	0.00	0.00
3	7	0.00	0.00	0.70	0.20	0.00
Core	CPU	C1%	C3%	C6%	C8%	C9%
-	-	0.00	0.37	8.03	13.95	0.00
0	0	0.03	2.90	55.47	14.03	0.00
0	4	0.00	0.02	1.50	0.11	0.00
1	1	0.00	0.00	0.43	0.59	0.00
1	5	0.00	0.00	0.22	0.89	0.00
2	2	0.00	0.00	0.85	1.50	0.00
2	6	0.00	0.00	0.29	0.79	0.00
3	3	0.00	0.00	5.01	93.10	0.00
3	7	0.00	0.00	0.44	0.60	0.00
Core	CPU	C1%	C3%	C6%	C8%	C9%
-	-	0.00	0.32	7.97	14.18	0.81
0	0	0.02	2.55	56.94	12.78	0.00
0	4	0.00	0.02	1.06	0.58	6.46
1	1	0.00	0.00	0.38	1.98	0.00
1	5	0.00	0.00	0.45	1.55	0.00
2	2	0.00	0.00	0.25	1.28	0.00
2	6	0.00	0.00	0.24	0.99	0.00
3	3	0.00	0.00	4.10	93.55	0.00
3	7	0.00	0.00	0.36	0.70	0.00
Core	CPU	C1%	C3%	C6%	C8%	C9%
-	-	0.00	0.27	8.02	14.13	0.24
0	0	0.02	2.08	55.84	14.27	0.00
0	4	0.00	0.02	0.85	0.08	1.96
1	1	0.00	0.00	0.31	0.80	0.00
1	5	0.00	0.00	1.23	23.88	0.00
2	2	0.00	0.00	0.19	0.88	0.00
2	6	0.00	0.02	0.56	1.28	0.00
3	3	0.00	0.00	4.98	70.75	0.00
3	7	0.00	0.00	0.23	1.08	0.00
Core	CPU	C1%	C3%	C6%	C8%	C9%
-	-	0.01	1.96	8.82	12.10	0.27
0	0	0.00	0.26	9.31	3.66	0.13
0	4	0.00	0.00	0.74	0.40	1.01
1	1	0.00	0.00	0.44	0.30	0.00
1	5	0.00	0.00	5.31	90.24	0.00
2	2	0.00	0.00	0.18	0.80	0.99
2	6	0.00	0.00	0.69	0.79	0.00
3	3	0.08	15.45	53.61	0.00	0.00
3	7	0.00	0.00	0.26	0.61	0.00
Core	CPU	C1%	C3%	C6%	C8%	C9%
-	-	0.04	1.83	8.96	12.42	0.03
0	0	0.00	0.25	8.76	2.66	0.26
0	4	0.00	0.00	0.38	0.90	0.00
1	1	0.00	0.00	0.19	0.99	0.00
1	5	0.00	0.00	4.82	93.05	0.00
2	2	0.00	0.00	0.25	0.79	0.00
2	6	0.00	0.01	1.05	0.50	0.00
3	3	0.29	14.41	55.73	0.00	0.00
3	7	0.00	0.00	0.49	0.48	0.00
Core	CPU	C1%	C3%	C6%	C8%	C9%
-	-	0.02	0.89	7.86	14.01	0.12
0	0	0.01	1.83	34.19	11.48	0.00
0	4	0.00	0.00	0.35	1.58	0.00
1	1	0.00	0.02	0.34	2.29	0.00
1	5	0.00	0.00	5.18	91.66	0.00
2	2	0.00	0.00	0.34	1.19	0.99
2	6	0.00	0.02	0.98	2.56	0.00
3	3	0.12	5.23	21.17	0.30	0.00
3	7	0.00	0.00	0.32	1.00	0.00
Core	CPU	C1%	C3%	C6%	C8%	C9%
-	-	0.00	0.30	8.51	14.09	0.46
0	0	0.02	2.40	57.90	12.05	0.00
0	4	0.00	0.00	0.76	0.19	3.67
1	1	0.00	0.00	0.45	1.79	0.00
1	5	0.00	0.00	3.38	59.75	0.00
2	2	0.00	0.02	0.57	1.87	0.00
2	6	0.00	0.00	3.33	34.73	0.00
3	3	0.00	0.01	1.02	1.28	0.00
3	7	0.00	0.00	0.65	1.08	0.00
Core	CPU	C1%	C3%	C6%	C8%	C9%
-	-	0.00	0.26	7.77	14.35	0.13
0	0	0.01	1.99	55.47	14.82	0.00
0	4	0.00	0.00	0.40	1.10	0.00
1	1	0.00	0.00	0.45	1.69	0.00
1	5	0.00	0.00	2.76	61.16	0.00
2	2	0.00	0.05	0.80	0.30	1.00
2	6	0.00	0.01	1.69	33.97	0.00
3	3	0.00	0.00	0.19	0.88	0.00
3	7	0.00	0.00	0.37	0.88	0.00
Core	CPU	C1%	C3%	C6%	C8%	C9%
-	-	0.00	0.55	7.68	13.99	0.00
0	0	0.02	4.41	54.25	13.46	0.00
0	4	0.00	0.00	0.70	0.19	0.00
1	1	0.00	0.00	0.33	1.18	0.00
1	5	0.00	0.00	3.85	92.63	0.00
2	2	0.00	0.00	0.48	1.48	0.00
2	6	0.00	0.00	1.25	0.49	0.00
3	3	0.00	0.00	0.10	0.99	0.00
3	7	0.00	0.00	0.49	1.48	0.00
Core	CPU	C1%	C3%	C6%	C8%	C9%
-	-	0.00	0.25	7.80	14.48	0.00
0	0	0.01	1.93	54.89	15.40	0.00
0	4	0.00	0.00	0.39	0.89	0.00
1	1	0.00	0.00	0.66	1.00	0.00
1	5	0.00	0.00	4.39	94.01	0.00
2	2	0.00	0.00	0.39	1.37	0.00
2	6	0.00	0.03	0.92	0.90	0.00
3	3	0.00	0.01	0.48	1.10	0.00
3	7	0.00	0.00	0.30	1.18	0.00
Core	CPU	C1%	C3%	C6%	C8%	C9%
-	-	0.00	0.33	7.75	14.27	0.00
0	0	0.02	2.62	52.59	17.09	0.00
0	4	0.00	0.00	0.95	0.40	0.00
1	1	0.00	0.00	0.32	1.08	0.00
1	5	0.00	0.00	1.24	14.76	0.00
2	2	0.00	0.00	0.25	0.79	0.00
2	6	0.00	0.01	5.67	78.15	0.00
3	3	0.00	0.02	0.75	1.09	0.00
3	7	0.00	0.02	0.19	0.79	0.00
Core	CPU	C1%	C3%	C6%	C8%	C9%
-	-	0.00	0.26	8.13	14.11	0.00
0	0	0.01	2.05	56.34	13.91	0.00
0	4	0.00	0.00	0.63	0.10	0.00
1	1	0.00	0.02	0.39	2.89	0.00
1	5	0.00	0.00	1.24	15.46	0.00
2	2	0.00	0.00	0.28	0.89	0.00
2	6	0.00	0.01	4.62	78.66	0.00
3	3	0.00	0.00	0.73	0.70	0.00
3	7	0.00	0.03	0.78	0.30	0.00
Core	CPU	C1%	C3%	C6%	C8%	C9%
-	-	0.00	0.29	8.10	14.21	0.00
0	0	0.01	2.34	56.99	13.01	0.00
0	4	0.00	0.00	0.75	0.00	0.00
1	1	0.00	0.00	0.24	3.17	0.00
1	5	0.00	0.00	2.02	47.48	0.00
2	2	0.00	0.00	0.28	1.78	0.00
2	6	0.00	0.00	3.85	46.15	0.00
3	3	0.00	0.00	0.28	0.88	0.00
3	7	0.00	0.00	0.40	1.18	0.00
Core	CPU	C1%	C3%	C6%	C8%	C9%
-	-	0.00	0.51	7.94	13.38	0.20
0	0	0.02	4.06	54.90	12.69	0.81
0	4	0.00	0.00	0.47	0.61	0.81
1	1	0.00	0.01	0.26	0.89	0.00
1	5	0.00	0.00	1.18	16.74	0.00
2	2	0.00	0.02	0.80	0.00	0.00
2	6	0.00	0.01	5.30	74.34	0.00
3	3	0.00	0.00	0.20	0.98	0.00
3	7	0.00	0.00	0.38	0.79	0.00
Core	CPU	C1%	C3%	C6%	C8%	C9%
-	-	0.08	0.30	8.75	15.03	0.12
0	0	0.01	2.38	57.42	12.55	0.00
0	4	0.00	0.02	0.92	0.80	0.00
1	1	0.59	0.00	4.42	8.83	0.00
1	5	0.00	0.00	0.38	1.09	0.00
2	2	0.00	0.00	0.93	0.39	0.99
2	6	0.00	0.02	5.17	93.22	0.00
3	3	0.00	0.00	0.57	1.99	0.00
3	7	0.00	0.00	0.18	1.40	0.00
Core	CPU	C1%	C3%	C6%	C8%	C9%
-	-	0.00	0.39	8.10	13.66	1.00
0	0	0.02	2.98	55.30	14.06	0.00
0	4	0.00	0.00	0.35	0.49	7.99
1	1	0.00	0.10	6.59	72.22	0.00
1	5	0.00	0.02	1.03	19.64	0.00
2	2	0.00	0.00	0.19	0.31	0.00
2	6	0.00	0.00	0.59	1.00	0.00
3	3	0.00	0.00	0.43	0.79	0.00
3	7	0.00	0.00	0.35	0.79	0.00
Core	CPU	C1%	C3%	C6%	C8%	C9%
-	-	0.01	0.25	8.06	14.26	0.00
0	0	0.01	1.99	56.05	14.23	0.00
0	4	0.00	0.00	0.95	0.21	0.00
1	1	0.00	0.00	0.47	1.88	0.00
1	5	0.00	0.00	5.55	92.87	0.00
2	2	0.00	0.00	0.31	1.10	0.00
2	6	0.00	0.01	0.41	1.39	0.00
3	3	0.00	0.00	0.29	1.35	0.00
3	7	0.05	0.00	0.46	1.08	0.00
Core	CPU	C1%	C3%	C6%	C8%	C9%
-	-	0.00	0.22	7.76	14.31	0.00
0	0	0.02	1.72	55.19	15.30	0.00
0	4	0.00	0.00	0.68	0.60	0.00
1	1	0.00	0.00	1.60	28.11	0.00
1	5	0.00	0.00	3.39	66.54	0.00
2	2	0.00	0.00	0.15	0.89	0.00
2	6	0.00	0.01	0.46	0.88	0.00
3	3	0.00	0.00	0.29	0.90	0.00
3	7	0.00	0.00	0.30	1.29	0.00
Core	CPU	C1%	C3%	C6%	C8%	C9%
-	-	0.00	0.50	7.56	14.05	0.57
0	0	0.01	3.83	53.63	13.88	0.00
0	4	0.00	0.00	0.43	0.71	1.09
1	1	0.00	0.09	3.13	56.87	3.48
1	5	0.00	0.00	1.52	36.00	0.00
2	2	0.00	0.00	0.19	2.01	0.00
2	6	0.00	0.02	0.83	1.08	0.00
3	3	0.00	0.00	0.65	0.89	0.00
3	7	0.00	0.03	0.10	0.99	0.00
Core	CPU	C1%	C3%	C6%	C8%	C9%
-	-	0.00	0.28	8.16	14.03	0.00
0	0	0.02	2.21	56.44	13.70	0.00
0	4	0.00	0.00	1.15	0.40	0.00
1	1	0.00	0.06	4.17	73.29	0.00
1	5	0.00	0.00	1.78	19.88	0.00
2	2	0.00	0.00	0.10	0.80	0.00
2	6	0.00	0.00	0.42	1.79	0.00
3	3	0.00	0.00	0.47	1.38	0.00
3	7	0.00	0.00	0.76	0.98	0.00
Core	CPU	C1%	C3%	C6%	C8%	C9%
-	-	0.00	0.39	8.21	17.08	0.03
0	0	0.02	2.88	56.42	13.83	0.00
0	4	0.00	0.00	0.58	0.21	0.00
1	1	0.00	0.03	4.31	53.65	0.00
1	5	0.00	0.00	2.35	41.58	0.00
2	2	0.00	0.00	0.35	0.80	0.00
2	6	0.00	0.04	0.64	1.19	0.00
3	3	0.00	0.00	0.17	1.35	0.24
3	7	0.01	0.14	0.86	24.04	0.00
Core	CPU	C1%	C3%	C6%	C8%	C9%
-	-	0.03	0.28	8.70	15.96	0.34
0	0	0.01	2.08	43.45	10.86	0.12
0	4	0.00	0.15	18.40	5.88	2.59
1	1	0.19	0.00	0.56	10.79	0.00
1	5	0.00	0.00	5.27	93.08	0.00
2	2	0.00	0.00	0.27	0.99	0.00
2	6	0.00	0.00	0.79	0.98	0.00
3	3	0.00	0.00	0.42	0.60	0.00
3	7	0.00	0.01	0.40	4.47	0.00
Core	CPU	C1%	C3%	C6%	C8%	C9%
-	-	0.00	0.27	8.30	14.88	0.20
0	0	0.02	2.12	54.39	14.58	0.00
0	4	0.00	0.02	3.18	1.30	1.39
1	1	0.00	0.00	1.02	7.99	0.21
1	5	0.00	0.00	4.93	93.39	0.00
2	2	0.00	0.00	0.30	0.79	0.00
2	6	0.00	0.02	0.78	0.59	0.00
3	3	0.00	0.00	1.15	0.09	0.00
3	7	0.00	0.00	0.62	0.29	0.00
Core	CPU	C1%	C3%	C6%	C8%	C9%
-	-	0.00	0.46	7.99	14.49	0.21
0	0	0.01	3.60	54.50	12.70	0.00
0	4	0.00	0.00	2.01	2.40	0.00
1	1	0.01	0.01	1.13	6.27	1.70
1	5	0.00	0.00	4.58	91.02	0.00
2	2	0.00	0.02	0.48	1.30	0.00
2	6	0.00	0.01	0.31	0.79	0.00
3	3	0.00	0.00	0.48	0.69	0.00
3	7	0.00	0.00	0.46	0.79	0.00
Core	CPU	C1%	C3%	C6%	C8%	C9%
-	-	0.00	1.06	8.66	13.71	0.87
0	0	0.01	1.48	33.97	10.71	0.00
0	4	0.00	0.00	0.67	0.60	6.98
1	1	0.00	6.96	27.10	1.87	0.00
1	5	0.00	0.00	5.67	92.85	0.00
2	2	0.00	0.00	0.24	0.89	0.00
2	6	0.00	0.03	1.11	0.50	0.00
3	3	0.00	0.00	0.20	1.19	0.00
3	7	0.00	0.00	0.29	1.08	0.00
Core	CPU	C1%	C3%	C6%	C8%	C9%
-	-	0.00	1.92	8.78	13.28	2.48
0	0	0.00	0.86	7.94	6.45	0.00
0	4	0.00	0.00	0.31	0.51	18.96
1	1	0.01	14.47	54.66	0.00	0.00
1	5	0.00	0.00	3.95	94.66	0.00
2	2	0.00	0.00	1.16	1.37	0.00
2	6	0.00	0.01	1.46	0.80	0.00
3	3	0.00	0.03	0.47	1.09	0.91
3	7	0.00	0.00	0.31	1.39	0.00
Core	CPU	C1%	C3%	C6%	C8%	C9%
-	-	0.00	1.50	9.18	13.36	0.00
0	0	0.01	1.10	23.43	4.84	0.00
0	4	0.00	0.00	0.59	1.21	0.00
1	1	0.01	10.87	43.32	0.59	0.00
1	5	0.00	0.00	3.38	94.85	0.00
2	2	0.00	0.02	0.38	1.20	0.00
2	6	0.00	0.02	0.40	1.48	0.00
3	3	0.00	0.00	1.35	1.40	0.00
3	7	0.00	0.00	0.56	1.28	0.00
Core	CPU	C1%	C3%	C6%	C8%	C9%
-	-	0.00	0.22	7.73	14.40	0.00
0	0	0.02	1.76	54.64	15.92	0.00
0	4	0.00	0.02	0.58	0.61	0.00
1	1	0.00	0.00	0.29	0.79	0.00
1	5	0.00	0.00	4.39	94.01	0.00
2	2	0.00	0.00	0.26	0.89	0.00
2	6	0.00	0.02	1.05	0.10	0.00
3	3	0.00	0.00	0.52	2.08	0.00
3	7	0.00	0.00	0.10	0.80	0.00
Core	CPU	C1%	C3%	C6%	C8%	C9%
-	-	0.00	0.47	7.67	13.88	0.43
0	0	0.02	3.68	54.42	13.54	0.00
0	4	0.00	0.00	0.75	0.00	0.00
1	1	0.00	0.00	0.63	0.79	3.48
1	5	0.00	0.00	3.98	91.99	0.00
2	2	0.00	0.00	0.10	1.09	0.00
2	6	0.00	0.04	0.69	0.89	0.00
3	3	0.00	0.02	0.45	0.99	0.00
3	7	0.00	0.00	0.35	1.77	0.00
Core	CPU	C1%	C3%	C6%	C8%	C9%
-	-	0.00	0.25	8.01	14.17	0.00
0	0	0.02	1.95	56.06	14.40	0.00
0	4	0.00	0.00	0.66	0.00	0.00
1	1	0.00	0.00	0.15	0.59	0.00
1	5	0.00	0.00	4.54	93.84	0.00
2	2	0.00	0.00	0.19	0.80	0.00
2	6	0.00	0.03	0.40	1.09	0.00
3	3	0.00	0.00	1.33	1.48	0.00
3	7	0.00	0.00	0.75	1.18	0.00
Core	CPU	C1%	C3%	C6%	C8%	C9%
-	-	0.00	0.48	7.88	14.13	0.73
0	0	0.02	3.01	54.67	14.91	0.00
0	4	0.00	0.00	0.49	0.50	5.61
1	1	0.00	0.00	0.28	1.28	0.21
1	5	0.00	0.00	5.48	92.94	0.00
2	2	0.00	0.00	0.23	0.99	0.00
2	6	0.00	0.02	0.63	0.50	0.00
3	3	0.00	0.79	0.88	0.89	0.00
3	7	0.00	0.00	0.38	0.98	0.00
Core	CPU	C1%	C3%	C6%	C8%	C9%
-	-	0.00	0.33	8.35	13.87	0.89
0	0	0.01	2.58	58.93	10.91	0.00
0	4	0.00	0.00	0.61	0.99	7.09
1	1	0.00	0.00	0.22	1.38	0.00
1	5	0.00	0.00	4.04	83.94	0.00
2	2	0.00	0.00	0.26	1.08	0.00
2	6	0.00	0.04	1.70	10.52	0.00
3	3	0.00	0.02	0.70	0.69	0.00
3	7	0.00	0.02	0.30	1.48	0.00
Core	CPU	C1%	C3%	C6%	C8%	C9%
-	-	0.09	0.33	8.50	14.34	0.00
0	0	0.01	2.59	57.28	12.62	0.00
0	4	0.00	0.00	0.72	0.21	0.00
1	1	0.68	0.00	1.94	5.95	0.00
1	5	0.00	0.00	0.98	16.00	0.00
2	2	0.00	0.00	0.30	1.18	0.00
2	6	0.00	0.01	5.70	77.39	0.00
3	3	0.00	0.00	0.31	1.09	0.00
3	7	0.00	0.04	0.79	0.29	0.00
Core	CPU	C1%	C3%	C6%	C8%	C9%
-	-	0.29	0.35	7.59	13.70	0.62
0	0	0.02	2.80	53.66	14.17	0.00
0	4	0.00	0.00	0.76	0.09	4.99
1	1	2.32	0.00	0.00	0.10	0.00
1	5	0.00	0.02	4.53	85.01	0.00
2	2	0.00	0.00	0.10	0.80	0.00
2	6	0.00	0.00	0.49	7.47	0.00
3	3	0.00	0.00	0.39	1.28	0.00
3	7	0.00	0.00	0.78	0.69	0.00
Core	CPU	C1%	C3%	C6%	C8%	C9%
-	-	0.00	0.29	8.03	14.61	0.20
0	0	0.02	2.31	56.82	13.31	0.00
0	4	0.00	0.00	0.69	0.00	1.58
1	1	0.00	0.00	0.33	5.77	0.00
1	5	0.00	0.00	0.14	0.99	0.00
2	2	0.00	0.01	0.39	0.70	0.00
2	6	0.00	0.01	4.48	93.94	0.00
3	3	0.00	0.00	1.04	1.68	0.00
3	7	0.00	0.00	0.35	0.50	0.00
Core	CPU	C1%	C3%	C6%	C8%	C9%
-	-	0.00	0.36	7.90	14.42	0.75
0	0	0.01	2.88	55.79	13.82	0.00
0	4	0.00	0.00	0.72	0.00	5.98
1	1	0.00	0.02	0.25	4.17	0.00
1	5	0.00	0.00	2.84	64.03	0.00
2	2	0.00	0.01	0.29	0.90	0.00
2	6	0.00	0.00	2.10	30.64	0.00
3	3	0.00	0.00	0.35	0.69	0.00
3	7	0.00	0.00	0.86	1.08	0.00
Core	CPU	C1%	C3%	C6%	C8%	C9%
-	-	0.00	0.25	7.73	14.21	0.00
0	0	0.01	1.98	55.21	15.19	0.00
0	4	0.00	0.00	0.79	0.00	0.00
1	1	0.00	0.03	0.38	0.79	0.00
1	5	0.00	0.00	4.20	94.22	0.00
2	2	0.00	0.00	0.15	0.49	0.00
2	6	0.00	0.01	0.44	0.90	0.00
3	3	0.00	0.00	0.27	1.49	0.00
3	7	0.00	0.00	0.38	0.59	0.00
Core	CPU	C1%	C3%	C6%	C8%	C9%
-	-	0.00	0.28	7.97	14.69	0.00
0	0	0.01	2.17	56.42	13.86	0.00
0	4	0.00	0.02	0.67	0.51	0.00
1	1	0.00	0.00	0.38	6.39	0.00
1	5	0.00	0.00	4.62	93.80	0.00
2	2	0.00	0.00	0.45	0.50	0.00
2	6	0.00	0.08	0.68	0.60	0.00
3	3	0.00	0.00	0.41	0.50	0.00
3	7	0.00	0.00	0.09	1.39	0.00
Core	CPU	C1%	C3%	C6%	C8%	C9%
-	-	0.00	0.51	7.82	14.30	0.00
0	0	0.01	4.00	54.98	12.59	0.00
0	4	0.00	0.00	0.44	0.77	0.00
1	1	0.00	0.01	0.32	5.20	0.00
1	5	0.00	0.00	3.98	91.80	0.00
2	2	0.00	0.00	0.80	0.30	0.00
2	6	0.00	0.06	0.94	0.98	0.00
3	3	0.00	0.02	0.87	1.89	0.00
3	7	0.00	0.00	0.25	0.88	0.00
Core	CPU	C1%	C3%	C6%	C8%	C9%
-	-	0.00	0.25	7.97	14.41	0.00
0	0	0.03	1.93	55.53	14.90	0.00
0	4	0.00	0.00	0.91	0.90	0.00
1	1	0.00	0.00	0.95	1.89	0.00
1	5	0.00	0.00	1.44	32.40	0.00
2	2	0.00	0.02	0.39	0.70	0.00
2	6	0.00	0.03	3.75	62.29	0.00
3	3	0.00	0.00	0.29	1.08	0.00
3	7	0.00	0.00	0.46	1.08	0.00
Core	CPU	C1%	C3%	C6%	C8%	C9%
-	-	0.00	0.33	7.86	14.24	0.31
0	0	0.02	2.53	56.05	13.75	0.00
0	4	0.00	0.00	1.00	0.30	2.49
1	1	0.00	0.03	0.37	2.37	0.00
1	5	0.00	0.00	2.93	64.97	0.00
2	2	0.00	0.00	0.26	0.69	0.00
2	6	0.00	0.00	1.67	30.62	0.00
3	3	0.00	0.05	0.30	0.49	0.00
3	7	0.00	0.00	0.29	0.70	0.00
Core	CPU	C1%	C3%	C6%	C8%	C9%
-	-	0.00	0.27	7.96	14.30	0.82
0	0	0.02	2.13	56.73	13.47	0.00
0	4	0.00	0.00	0.72	0.80	6.57
1	1	0.00	0.02	0.69	0.70	0.00
1	5	0.00	0.00	3.85	87.09	0.00
2	2	0.00	0.00	0.28	1.19	0.00
2	6	0.00	0.00	0.76	8.45	0.00
3	3	0.00	0.00	0.41	1.29	0.00
3	7	0.00	0.00	0.23	1.39	0.00
Core	CPU	C1%	C3%	C6%	C8%	C9%
-	-	0.00	0.29	7.78	18.38	0.52
0	0	0.03	1.95	53.45	17.37	0.00
0	4	0.00	0.00	0.36	0.69	4.17
1	1	0.00	0.00	0.47	4.80	0.00
1	5	0.00	0.00	0.22	0.90	0.00
2	2	0.00	0.12	0.18	0.41	0.00
2	6	0.00	0.03	5.63	92.78	0.00
3	3	0.00	0.00	0.89	1.19	0.00
3	7	0.01	0.22	1.02	28.90	0.00
Core	CPU	C1%	C3%	C6%	C8%	C9%
-	-	0.00	0.32	7.45	14.95	0.00
0	0	0.02	2.51	51.63	16.38	0.00
0	4	0.00	0.02	0.29	0.59	0.00
1	1	0.00	0.00	1.08	9.50	0.00
1	5	0.00	0.00	0.36	1.09	0.00
2	2	0.00	0.00	0.25	0.50	0.00
2	6	0.00	0.00	4.74	87.72	0.00
3	3	0.00	0.02	0.39	0.70	0.00
3	7	0.00	0.00	0.88	3.15	0.00
Core	CPU	C1%	C3%	C6%	C8%	C9%
-	-	0.00	0.25	7.79	14.58	0.00
0	0	0.01	1.98	54.38	15.83	0.00
0	4	0.00	0.00	1.00	0.40	0.00
1	1	0.00	0.02	0.38	2.80	0.00
1	5	0.00	0.00	0.40	1.38	0.00
2	2	0.00	0.00	0.29	0.98	0.00
2	6	0.00	0.01	5.45	92.91	0.00
3	3	0.00	0.00	0.25	1.18	0.00
3	7	0.00	0.03	0.20	1.19	0.00
Core	CPU	C1%	C3%	C6%	C8%	C9%
-	-	0.00	0.38	7.74	14.94	0.24
0	0	0.02	2.98	54.12	15.29	0.00
0	4	0.00	0.00	0.65	1.28	1.90
1	1	0.00	0.00	0.35	5.15	0.00
1	5	0.00	0.00	0.43	0.88	0.00
2	2	0.00	0.02	0.49	1.09	0.00
2	6	0.00	0.00	3.08	54.67	0.00
3	3	0.00	0.00	0.36	0.88	0.00
3	7	0.00	0.00	2.47	40.32	0.00
Core	CPU	C1%	C3%	C6%	C8%	C9%
-	-	0.00	0.24	8.11	13.95	0.00
0	0	0.02	1.87	54.33	16.01	0.00
0	4	0.00	0.00	0.37	0.41	0.00
1	1	0.00	0.00	0.76	0.49	0.00
1	5	0.00	0.00	0.25	0.89	0.00
2	2	0.00	0.01	0.72	0.00	0.00
2	6	0.00	0.01	1.01	0.70	0.00
3	3	0.00	0.02	1.38	0.87	0.00
3	7	0.00	0.00	6.09	92.24	0.00
Core	CPU	C1%	C3%	C6%	C8%	C9%
-	-	0.05	0.30	7.95	15.01	0.62
0	0	0.02	2.37	56.16	13.80	0.00
0	4	0.00	0.00	0.79	0.40	5.00
1	1	0.29	0.01	0.37	8.11	0.00
1	5	0.00	0.00	0.36	1.18	0.00
2	2	0.00	0.00	0.35	0.79	0.00
2	6	0.00	0.00	1.55	26.70	0.00
3	3	0.07	0.00	0.79	0.69	0.00
3	7	0.00	0.00	3.23	68.42	0.00
Core	CPU	C1%	C3%	C6%	C8%	C9%
-	-	0.00	0.43	7.44	14.02	0.00
0	0	0.02	3.41	52.21	15.74	0.00
0	4	0.00	0.00	0.72	0.11	0.00
1	1	0.00	0.02	0.82	0.39	0.00
1	5	0.00	0.00	0.20	1.09	0.00
2	2	0.00	0.00	0.19	0.79	0.00
2	6	0.00	0.00	0.58	1.00	0.00
3	3	0.00	0.00	0.65	1.58	0.00
3	7	0.00	0.03	4.13	91.51	0.00
Core	CPU	C1%	C3%	C6%	C8%	C9%
-	-	0.00	0.26	8.13	14.30	0.00
0	0	0.02	1.96	52.33	14.21	0.00
0	4	0.00	0.02	5.21	1.98	0.00
1	1	0.00	0.00	0.82	0.89	0.00
1	5	0.00	0.00	0.68	0.40	0.00
2	2	0.00	0.00	0.10	0.89	0.00
2	6	0.00	0.07	0.77	1.29	0.00
3	3	0.00	0.00	0.31	1.28	0.00
3	7	0.00	0.00	4.84	93.49	0.00
Core	CPU	C1%	C3%	C6%	C8%	C9%
-	-	0.00	0.36	7.92	14.20	0.67
0	0	0.02	2.85	53.89	15.66	0.00
0	4	0.00	0.00	1.03	0.49	5.34
1	1	0.00	0.00	0.26	0.69	0.00
1	5	0.00	0.00	0.25	0.89	0.00
2	2	0.00	0.00	1.02	0.39	0.00
2	6	0.00	0.04	1.40	0.50	0.00
3	3	0.00	0.00	0.62	1.64	0.00
3	7	0.00	0.00	4.85	93.37	0.00
Core	CPU	C1%	C3%	C6%	C8%	C9%
-	-	0.00	0.28	7.91	14.69	0.00
0	0	0.01	2.21	55.38	14.82	0.00
0	4	0.00	0.00	0.90	0.17	0.00
1	1	0.00	0.00	0.19	4.32	0.00
1	5	0.00	0.00	0.46	1.39	0.00
2	2	0.00	0.00	0.35	0.98	0.00
2	6	0.00	0.01	0.56	1.28	0.00
3	3	0.00	0.01	0.46	1.29	0.00
3	7	0.00	0.00	4.97	93.29	0.00
Core	CPU	C1%	C3%	C6%	C8%	C9%
-	-	0.43	0.27	8.06	14.80	0.21
0	0	0.02	2.15	55.35	14.89	0.00
0	4	0.00	0.00	0.54	0.21	1.69
1	1	3.45	0.00	1.02	7.22	0.00
1	5	0.00	0.01	0.90	0.39	0.00
2	2	0.00	0.00	0.10	0.89	0.00
2	6	0.00	0.01	0.98	0.50	0.00
3	3	0.00	0.00	0.36	1.27	0.00
3	7	0.00	0.02	5.24	93.03	0.00
Core	CPU	C1%	C3%	C6%	C8%	C9%
-	-	0.01	0.44	7.58	14.24	0.19
0	0	0.02	3.43	51.52	16.50	0.00
0	4	0.05	0.02	0.87	0.10	1.52
1	1	0.01	0.00	0.75	1.76	0.00
1	5	0.00	0.00	1.20	0.99	0.00
2	2	0.00	0.02	0.29	0.80	0.00
2	6	0.00	0.00	2.36	41.81	0.00
3	3	0.00	0.00	0.33	1.28	0.00
3	7	0.00	0.02	3.30	50.72	0.00
Core	CPU	C1%	C3%	C6%	C8%	C9%
-	-	0.05	0.28	8.13	14.15	0.00
0	0	0.02	2.24	56.30	13.76	0.00
0	4	0.00	0.00	1.11	0.48	0.00
1	1	0.00	0.00	0.43	2.48	0.00
1	5	0.00	0.00	0.24	0.90	0.00
2	2	0.41	0.00	0.10	0.40	0.00
2	6	0.00	0.00	4.96	93.43	0.00
3	3	0.00	0.00	1.10	1.48	0.00
3	7	0.00	0.00	0.85	0.29	0.00
Core	CPU	C1%	C3%	C6%	C8%	C9%
-	-	0.00	0.32	7.79	14.46	0.11
0	0	0.02	2.55	53.17	16.53	0.00
0	4	0.00	0.00	0.65	0.00	0.90
1	1	0.00	0.00	0.64	3.00	0.00
1	5	0.00	0.00	1.74	0.49	0.00
2	2	0.00	0.00	0.24	1.09	0.00
2	6	0.00	0.02	2.39	35.96	0.00
3	3	0.00	0.00	0.13	0.50	0.00
3	7	0.00	0.01	3.34	58.12	0.00
Core	CPU	C1%	C3%	C6%	C8%	C9%
-	-	0.01	0.25	7.80	14.18	0.00
0	0	0.01	1.98	54.63	15.62	0.00
0	4	0.00	0.00	0.98	0.00	0.00
1	1	0.00	0.02	0.30	0.79	0.00
1	5	0.00	0.00	0.20	1.19	0.00
2	2	0.00	0.00	0.29	0.88	0.00
2	6	0.00	0.00	0.49	1.19	0.00
3	3	0.07	0.00	0.25	0.79	0.00
3	7	0.00	0.03	5.29	92.99	0.00
Core	CPU	C1%	C3%	C6%	C8%	C9%
-	-	0.15	0.37	8.20	14.63	0.34
0	0	0.01	2.83	58.14	11.50	0.00
0	4	0.00	0.00	0.80	0.60	2.68
1	1	1.19	0.00	0.84	7.02	0.00
1	5	0.00	0.00	0.33	1.09	0.00
2	2	0.00	0.12	0.29	0.69	0.00
2	6	0.00	0.02	0.69	11.27	0.00
3	3	0.00	0.00	0.31	0.98	0.01
3	7	0.00	0.00	4.18	83.86	0.00
Core	CPU	C1%	C3%	C6%	C8%	C9%
-	-	0.00	0.47	7.61	13.90	0.07
0	0	0.02	3.73	53.64	13.98	0.00
0	4	0.00	0.00	0.49	0.40	0.58
1	1	0.00	0.02	0.29	0.98	0.00
1	5	0.00	0.00	0.27	1.09	0.00
2	2	0.00	0.00	0.23	0.98	0.00
2	6	0.00	0.01	2.69	53.94	0.00
3	3	0.00	0.03	0.65	2.20	0.00
3	7	0.00	0.00	2.66	37.63	0.00
Core	CPU	C1%	C3%	C6%	C8%	C9%
-	-	0.00	0.27	8.07	13.93	0.00
0	0	0.02	2.07	55.17	14.98	0.00
0	4	0.00	0.03	0.68	0.31	0.00
1	1	0.00	0.00	0.89	0.29	0.00
1	5	0.00	0.00	0.96	0.89	0.00
2	2	0.00	0.00	0.37	0.99	0.00
2	6	0.00	0.04	1.38	24.40	0.00
3	3	0.00	0.00	0.73	0.50	0.00
3	7	0.00	0.00	4.41	69.07	0.00
Core	CPU	C1%	C3%	C6%	C8%	C9%
-	-	0.00	0.35	7.64	14.55	0.11
0	0	0.01	2.78	54.49	15.14	0.00
0	4	0.00	0.00	1.09	0.79	0.90
1	1	0.00	0.01	0.24	2.88	0.00
1	5	0.00	0.00	0.13	0.99	0.00
2	2	0.00	0.00	0.10	0.59	0.00
2	6	0.00	0.00	1.90	28.07	0.00
3	3	0.00	0.00	0.28	1.18	0.00
3	7	0.00	0.00	2.87	66.79	0.00
Core	CPU	C1%	C3%	C6%	C8%	C9%
-	-	0.04	0.33	8.56	14.27	0.10
0	0	0.01	2.65	59.36	10.45	0.00
0	4	0.00	0.00	0.59	0.40	0.78
1	1	0.29	0.00	0.96	7.12	0.00
1	5	0.00	0.00	0.45	0.89	0.00
2	2	0.00	0.00	0.34	0.99	0.00
2	6	0.00	0.01	2.26	26.31	0.00
3	3	0.00	0.00	0.17	0.70	0.00
3	7	0.00	0.00	4.34	67.30	0.00
Core	CPU	C1%	C3%	C6%	C8%	C9%
-	-	0.00	0.28	7.90	14.20	0.12
0	0	0.01	2.17	56.59	13.37	0.00
0	4	0.00	0.03	0.61	0.10	0.00
1	1	0.00	0.00	0.18	1.28	0.00
1	5	0.00	0.00	0.19	0.89	0.00
2	2	0.00	0.00	0.56	1.08	0.00
2	6	0.00	0.00	1.41	23.42	0.00
3	3	0.00	0.03	0.78	1.69	1.00
3	7	0.00	0.00	2.84	71.75	0.00
Core	CPU	C1%	C3%	C6%	C8%	C9%
-	-	0.00	0.51	7.50	14.47	0.14
0	0	0.01	4.07	52.93	14.85	0.00
0	4	0.00	0.00	0.81	0.40	1.08
1	1	0.00	0.00	0.43	4.08	0.00
1	5	0.00	0.00	0.27	1.19	0.00
2	2	0.00	0.00	0.28	1.09	0.00
2	6	0.00	0.01	0.58	1.19	0.00
3	3	0.00	0.00	0.37	1.08	0.00
3	7	0.00	0.03	4.33	91.84	0.00
Core	CPU	C1%	C3%	C6%	C8%	C9%
-	-	0.00	0.35	8.08	17.92	0.15
0	0	0.02	2.64	56.95	12.78	0.00
0	4	0.00	0.00	0.65	0.20	1.18
1	1	0.00	0.00	0.53	5.45	0.00
1	5	0.00	0.02	0.10	0.80	0.00
2	2	0.00	0.00	0.10	0.90	0.00
2	6	0.00	0.01	3.93	79.15	0.00
3	3	0.00	0.00	1.06	1.38	0.00
3	7	0.01	0.12	1.36	42.73	0.00
Core	CPU	C1%	C3%	C6%	C8%	C9%
-	-	0.00	0.31	7.75	14.44	0.11
0	0	0.01	2.44	53.61	16.22	0.00
0	4	0.00	0.00	0.37	0.39	0.00
1	1	0.00	0.00	0.44	3.75	0.00
1	5	0.00	0.00	0.33	0.59	0.00
2	2	0.00	0.00	0.72	0.20	0.00
2	6	0.00	0.01	2.22	27.39	0.00
3	3	0.01	0.02	0.35	0.90	0.90
3	7	0.00	0.02	3.94	66.07	0.00
Core	CPU	C1%	C3%	C6%	C8%	C9%
-	-	0.00	0.27	7.82	14.41	0.00
0	0	0.02	2.10	54.58	15.49	0.00
0	4	0.00	0.02	0.72	0.59	0.00
1	1	0.00	0.00	0.79	1.19	0.00
1	5	0.00	0.00	0.19	0.98	0.00
2	2	0.00	0.00	0.37	0.79	0.00
2	6	0.00	0.00	0.46	1.01	0.00
3	3	0.00	0.03	0.61	1.70	0.00
3	7	0.00	0.00	4.81	93.53	0.00
Core	CPU	C1%	C3%	C6%	C8%	C9%
-	-	0.00	0.20	7.54	15.31	0.00
0	0	0.02	1.55	52.92	17.68	0.00
0	4	0.00	0.00	0.41	0.29	0.00
1	1	0.00	0.00	1.06	7.64	0.00
1	5	0.00	0.00	0.36	0.89	0.00
2	2	0.00	0.00	0.26	0.89	0.00
2	6	0.00	0.00	2.30	43.73	0.00
3	3	0.00	0.02	0.41	0.80	0.01
3	7	0.00	0.00	2.63	50.60	0.00
Core	CPU	C1%	C3%	C6%	C8%	C9%
-	-	0.00	0.50	7.89	13.83	0.00
0	0	0.02	3.98	54.15	13.46	0.00
0	4	0.00	0.00	1.17	0.30	0.00
1	1	0.00	0.00	0.79	3.61	0.04
1	5	0.00	0.00	0.20	0.70	0.00
2	2	0.00	0.00	0.39	0.49	0.00
2	6	0.00	0.01	5.26	77.98	0.00
3	3	0.00	0.00	0.45	0.80	0.00
3	7	0.00	0.01	0.68	13.31	0.00
Core	CPU	C1%	C3%	C6%	C8%	C9%
-	-	0.00	0.23	7.62	14.41	0.00
0	0	0.02	1.81	53.83	16.50	0.00
0	4	0.00	0.00	0.95	0.21	0.00
1	1	0.00	0.00	0.34	0.69	0.00
1	5	0.00	0.00	0.31	0.70	0.00
2	2	0.00	0.00	0.20	0.90	0.00
2	6	0.00	0.02	0.41	0.88	0.00
3	3	0.00	0.00	0.54	1.48	0.00
3	7	0.00	0.00	4.38	93.94	0.00
Core	CPU	C1%	C3%	C6%	C8%	C9%
-	-	0.00	0.32	7.73	15.17	0.00
0	0	0.02	2.51	53.27	16.46	0.00
0	4	0.00	0.00	0.69	0.39	0.00
1	1	0.00	0.02	0.63	6.63	0.00
1	5	0.00	0.00	0.37	0.79	0.00
2	2	0.00	0.00	0.25	1.19	0.00
2	6	0.00	0.02	0.55	0.60	0.00
3	3	0.00	0.05	1.16	2.00	0.00
3	7	0.00	0.00	4.90	93.33	0.00
Core	CPU	C1%	C3%	C6%	C8%	C9%
-	-	0.00	0.26	8.05	14.11	0.00
0	0	0.02	2.07	56.03	14.12	0.00
0	4	0.00	0.00	0.42	0.71	0.00
1	1	0.00	0.02	0.70	0.79	0.00
1	5	0.00	0.00	0.29	1.29	0.00
2	2	0.00	0.00	0.28	0.99	0.00
2	6	0.00	0.00	0.87	1.08	0.00
3	3	0.00	0.00	0.35	0.99	0.00
3	7	0.00	0.01	5.44	92.90	0.00
Core	CPU	C1%	C3%	C6%	C8%	C9%
-	-	0.00	0.27	7.72	14.25	0.00
0	0	0.01	2.04	55.36	14.85	0.00
0	4	0.00	0.00	0.26	0.70	0.00
1	1	0.00	0.00	0.36	0.59	0.00
1	5	0.00	0.00	0.24	1.19	0.00
2	2	0.00	0.12	0.10	0.89	0.00
2	6	0.00	0.02	0.31	1.28	0.00
3	3	0.00	0.00	0.55	0.79	0.00
3	7	0.00	0.00	4.59	93.75	0.00
Core	CPU	C1%	C3%	C6%	C8%	C9%
-	-	0.00	0.50	7.94	13.84	0.00
0	0	0.01	3.98	54.80	12.61	0.00
0	4	0.00	0.00	0.30	0.68	0.00
1	1	0.00	0.00	0.70	3.50	0.00
1	5	0.00	0.00	0.64	1.26	0.00
2	2	0.00	0.00	0.24	0.80	0.00
2	6	0.00	0.03	1.01	0.50	0.00
3	3	0.00	0.00	0.29	1.19	0.00
3	7	0.00	0.00	5.53	90.19	0.00
Core	CPU	C1%	C3%	C6%	C8%	C9%
-	-	0.00	0.28	7.74	14.35	0.00
0	0	0.02	2.17	54.51	15.38	0.00
0	4	0.00	0.00	0.58	0.41	0.00
1	1	0.00	0.02	0.29	1.19	0.00
1	5	0.00	0.00	0.35	0.70	0.00
2	2	0.00	0.00	0.20	0.87	0.00
2	6	0.00	0.03	0.77	0.78	0.00
3	3	0.00	0.00	0.41	1.97	0.00
3	7	0.00	0.03	4.81	93.49	0.00
Core	CPU	C1%	C3%	C6%	C8%	C9%
-	-	0.00	0.30	7.29	14.87	0.01
0	0	0.02	2.36	51.00	18.79	0.00
0	4	0.00	0.00	0.74	0.51	0.00
1	1	0.00	0.00	0.45	1.60	0.00
1	5	0.00	0.00	0.32	0.89	0.00
2	2	0.00	0.01	0.39	0.90	0.00
2	6	0.00	0.02	0.50	0.99	0.00
3	3	0.00	0.00	0.43	1.66	0.12
3	7	0.00	0.00	4.49	93.63	0.00
Core	CPU	C1%	C3%	C6%	C8%	C9%
-	-	0.00	0.30	7.91	14.32	0.00
0	0	0.01	2.37	54.64	15.18	0.00
0	4	0.00	0.00	0.10	0.58	0.00
1	1	0.00	0.00	4.98	77.57	0.00
1	5	0.00	0.00	0.37	0.99	0.00
2	2	0.00	0.00	0.25	2.99	0.00
2	6	0.00	0.01	1.93	16.08	0.00
3	3	0.00	0.02	0.50	0.39	0.00
3	7	0.00	0.01	0.49	0.79	0.00
Core	CPU	C1%	C3%	C6%	C8%	C9%
-	-	0.01	0.26	7.79	14.42	0.30
0	0	0.02	2.01	54.85	15.39	0.00
0	4	0.00	0.00	0.20	0.50	2.41
1	1	0.00	0.00	0.28	4.74	0.00
1	5	0.00	0.00	0.36	1.19	0.00
2	2	0.00	0.00	0.16	0.59	0.00
2	6	0.00	0.01	5.43	91.37	0.00
3	3	0.00	0.02	0.29	0.80	0.00
3	7	0.08	0.00	0.77	0.78	0.00
Core	CPU	C1%	C3%	C6%	C8%	C9%
-	-	0.00	0.53	7.99	13.71	0.00
0	0	0.02	4.22	55.09	12.24	0.00
0	4	0.00	0.00	0.24	0.58	0.00
1	1	0.00	0.00	1.42	19.31	0.00
1	5	0.00	0.00	0.69	0.50	0.00
2	2	0.00	0.00	0.30	1.18	0.00
2	6	0.00	0.02	4.70	74.32	0.00
3	3	0.00	0.00	1.01	0.67	0.00
3	7	0.00	0.00	0.43	0.89	0.00
Core	CPU	C1%	C3%	C6%	C8%	C9%
-	-	0.00	0.30	8.21	14.00	0.56
0	0	0.01	2.41	59.11	10.87	0.00
0	4	0.00	0.00	0.64	0.10	4.47
1	1	0.00	0.00	0.80	17.85	0.00
1	5	0.00	0.02	0.28	0.99	0.00
2	2	0.00	0.00	0.10	0.90	0.00
2	6	0.00	0.00	4.07	79.51	0.00
3	3	0.00	0.00	0.37	0.79	0.00
3	7	0.00	0.00	0.29	0.97	0.00
Core	CPU	C1%	C3%	C6%	C8%	C9%
-	-	0.00	0.38	8.44	14.02	0.08
0	0	0.02	3.00	55.14	14.26	0.00
0	4	0.00	0.00	0.29	0.70	0.67
1	1	0.00	0.00	0.93	4.98	0.00
1	5	0.00	0.00	0.62	0.10	0.00
2	2	0.00	0.00	7.17	90.95	0.00
2	6	0.00	0.04	1.33	0.12	0.00
3	3	0.00	0.00	1.09	0.77	0.00
3	7	0.00	0.01	0.93	0.24	0.00
Core	CPU	C1%	C3%	C6%	C8%	C9%
-	-	0.00	0.27	8.05	13.94	1.61
0	0	0.01	2.11	56.98	13.13	0.00
0	4	0.00	0.00	0.50	1.48	12.91
1	1	0.00	0.00	0.10	0.99	0.00
1	5	0.00	0.00	0.57	0.89	0.00
2	2	0.00	0.00	4.33	94.10	0.00
2	6	0.00	0.01	0.66	0.69	0.00
3	3	0.00	0.00	0.63	0.20	0.00
3	7	0.00	0.00	0.66	0.00	0.00
Core	CPU	C1%	C3%	C6%	C8%	C9%
-	-	0.03	0.29	8.39	13.87	0.31
0	0	0.02	2.31	56.86	12.94	0.00
0	4	0.00	0.00	1.25	0.88	2.44
1	1	0.00	0.00	0.78	1.19	0.00
1	5	0.09	0.00	0.32	1.19	0.00
2	2	0.00	0.00	3.11	63.58	0.00
2	6	0.13	0.00	1.00	0.61	0.00
3	3	0.00	0.03	3.31	29.69	0.00
3	7	0.00	0.00	0.50	0.89	0.00
Core	CPU	C1%	C3%	C6%	C8%	C9%
-	-	0.00	0.48	7.91	13.41	0.21
0	0	0.01	3.84	55.90	11.85	0.00
0	4	0.00	0.00	0.69	0.18	1.67
1	1	0.01	0.00	0.47	0.60	0.00
1	5	0.00	0.00	0.45	1.09	0.00
2	2	0.00	0.00	2.97	66.76	0.00
2	6	0.00	0.01	0.44	1.09	0.00
3	3	0.00	0.02	1.61	25.42	0.00
3	7	0.00	0.00	0.76	0.30	0.00
Core	CPU	C1%	C3%	C6%	C8%	C9%
-	-	0.00	0.26	8.21	13.87	0.00
0	0	0.01	2.00	56.94	13.36	0.00
0	4	0.00	0.00	0.81	0.11	0.00
1	1	0.00	0.01	0.39	0.89	0.00
1	5	0.00	0.00	0.10	1.09	0.00
2	2	0.00	0.00	4.62	93.79	0.00
2	6	0.00	0.03	0.75	1.00	0.00
3	3	0.00	0.00	0.94	0.29	0.00
3	7	0.00	0.02	1.09	0.39	0.00
Core	CPU	C1%	C3%	C6%	C8%	C9%
-	-	0.00	0.52	8.02	14.49	0.00
0	0	0.02	2.31	48.25	15.06	0.00
0	4	0.00	0.00	0.74	0.51	0.00
1	1	0.00	0.00	0.53	1.88	0.00
1	5	0.00	0.00	1.19	0.99	0.00
2	2	0.02	1.83	10.59	61.93	0.00
2	6	0.00	0.02	0.51	1.67	0.00
3	3	0.00	0.01	2.03	33.08	0.00
3	7	0.00	0.00	0.35	0.80	0.00
Core	CPU	C1%	C3%	C6%	C8%	C9%
-	-	0.00	1.92	9.62	16.24	2.58
0	0	0.00	0.89	9.21	7.88	0.00
0	4	0.00	0.00	0.20	0.40	20.63
1	1	0.00	0.00	0.53	1.33	0.00
1	5	0.00	0.00	0.46	1.08	0.00
2	2	0.02	14.30	55.50	0.00	0.00
2	6	0.00	0.02	1.03	0.70	0.00
3	3	0.00	0.12	9.09	89.24	0.00
3	7	0.01	0.08	0.99	29.31	0.00
Core	CPU	C1%	C3%	C6%	C8%	C9%
-	-	0.00	1.87	9.49	12.09	0.00
0	0	0.00	0.14	11.45	1.30	0.00
0	4	0.00	0.00	0.25	0.89	0.00
1	1	0.00	0.00	0.92	0.30	0.00
1	5	0.00	0.02	0.88	0.39	0.00
2	2	0.00	14.73	55.24	0.00	0.00
2	6	0.00	0.00	0.78	0.61	0.00
3	3	0.00	0.04	5.44	92.70	0.00
3	7	0.00	0.00	0.89	0.50	0.00
Core	CPU	C1%	C3%	C6%	C8%	C9%
-	-	0.00	1.74	8.83	11.89	0.00
0	0	0.00	0.12	8.55	1.26	0.02
0	4	0.00	0.00	0.16	0.40	0.00
1	1	0.00	0.07	0.33	0.90	0.00
1	5	0.00	0.02	0.29	0.40	0.00
2	2	0.03	13.60	54.72	0.00	0.00
2	6	0.00	0.04	0.66	1.00	0.00
3	3	0.00	0.04	5.71	90.19	0.00
3	7	0.00	0.00	0.24	0.99	0.00
Core	CPU	C1%	C3%	C6%	C8%	C9%
-	-	0.00	0.27	8.12	13.91	0.56
0	0	0.01	2.08	56.11	14.11	0.00
0	4	0.00	0.00	0.29	0.89	4.46
1	1	0.00	0.00	0.66	0.59	0.00
1	5	0.00	0.00	0.54	0.89	0.00
2	2	0.00	0.04	2.12	29.53	0.00
2	6	0.00	0.03	0.71	0.59	0.00
3	3	0.00	0.03	4.23	63.96	0.00
3	7	0.00	0.00	0.28	0.70	0.00
Core	CPU	C1%	C3%	C6%	C8%	C9%
-	-	0.00	0.35	8.10	13.96	0.00
0	0	0.03	2.71	54.42	15.30	0.00
0	4	0.00	0.00	0.62	0.11	0.00
1	1	0.00	0.01	0.88	0.69	0.00
1	5	0.00	0.00	0.10	0.99	0.00
2	2	0.00	0.00	0.43	1.18	0.00
2	6	0.00	0.01	0.86	1.29	0.00
3	3	0.00	0.03	6.80	91.51	0.00
3	7	0.00	0.01	0.70	0.59	0.00
Core	CPU	C1%	C3%	C6%	C8%	C9%
-	-	0.00	0.36	7.93	14.16	0.00
0	0	0.02	2.09	55.30	14.88	0.00
0	4	0.00	0.00	0.91	0.30	0.00
1	1	0.00	0.00	1.02	0.10	0.00
1	5	0.00	0.00	0.79	0.79	0.00
2	2	0.00	0.00	3.02	72.41	0.00
2	6	0.00	0.00	0.49	1.19	0.00
3	3	0.00	0.00	1.30	22.74	0.00
3	7	0.00	0.76	0.63	0.89	0.00
Core	CPU	C1%	C3%	C6%	C8%	C9%
-	-	0.00	0.26	8.03	13.87	0.00
0	0	0.01	2.02	57.03	13.24	0.00
0	4	0.00	0.00	0.46	0.31	0.00
1	1	0.00	0.00	0.36	0.89	0.00
1	5	0.00	0.00	0.15	1.09	0.00
2	2	0.00	0.00	4.50	93.94	0.00
2	6	0.00	0.04	1.10	0.00	0.00
3	3	0.00	0.00	0.19	0.79	0.00
3	7	0.00	0.00	0.47	0.69	0.00
Core	CPU	C1%	C3%	C6%	C8%	C9%
-	-	0.00	0.36	7.94	14.15	0.11
0	0	0.02	2.81	53.61	14.21	0.00
0	4	0.00	0.00	0.73	0.21	0.88
1	1	0.00	0.00	1.94	4.24	0.00
1	5	0.00	0.00	0.34	1.69	0.00
2	2	0.00	0.00	3.32	40.85	0.00
2	6	0.00	0.04	1.19	0.79	0.00
3	3	0.00	0.00	2.14	50.55	0.00
3	7	0.00	0.00	0.28	0.69	0.00
Core	CPU	C1%	C3%	C6%	C8%	C9%
-	-	0.00	0.30	8.27	14.34	0.02
0	0	0.01	2.28	56.44	13.47	0.00
0	4	0.00	0.00	0.70	0.31	0.14
1	1	0.00	0.00	0.17	6.10	0.00
1	5	0.00	0.00	0.47	0.98	0.00
2	2	0.00	0.00	0.35	0.69	0.00
2	6	0.00	0.00	0.95	0.78	0.00
3	3	0.00	0.11	6.86	91.42	0.00
3	7	0.00	0.00	0.20	0.99	0.00
Core	CPU	C1%	C3%	C6%	C8%	C9%
-	-	0.00	0.33	8.02	14.66	0.08
0	0	0.02	2.58	53.76	15.88	0.00
0	4	0.00	0.00	0.50	0.80	0.61
1	1	0.00	0.00	1.08	4.08	0.00
1	5	0.00	0.01	1.47	0.59	0.00
2	2	0.00	0.00	0.77	0.88	0.00
2	6	0.00	0.00	0.50	1.59	0.00
3	3	0.00	0.06	5.84	92.37	0.00
3	7	0.00	0.00	0.25	1.08	0.00
Core	CPU	C1%	C3%	C6%	C8%	C9%
-	-	0.00	0.27	8.34	14.14	0.39
0	0	0.02	2.09	56.77	13.46	0.00
0	4	0.00	0.00	0.77	0.11	3.09
1	1	0.00	0.00	0.59	4.39	0.00
1	5	0.00	0.00	0.45	0.99	0.00
2	2	0.00	0.00	1.02	0.30	0.00
2	6	0.00	0.02	1.11	0.50	0.00
3	3	0.00	0.06	5.62	92.71	0.00
3	7	0.00	0.00	0.37	0.69	0.00
Core	CPU	C1%	C3%	C6%	C8%	C9%
-	-	0.00	0.28	8.01	14.57	0.00
0	0	0.02	2.18	55.24	14.89	0.00
0	4	0.00	0.00	0.86	0.21	0.00
1	1	0.00	0.00	0.26	5.36	0.00
1	5	0.00	0.00	0.44	0.89	0.00
2	2	0.00	0.00	0.92	0.30	0.00
2	6	0.00	0.03	1.21	0.49	0.00
3	3	0.00	0.03	4.88	93.49	0.00
3	7	0.00	0.00	0.28	0.89	0.00
Core	CPU	C1%	C3%	C6%	C8%	C9%
-	-	0.00	0.56	7.98	14.09	0.20
0	0	0.02	4.36	55.04	12.37	0.00
0	4	0.00	0.02	0.80	0.30	1.59
1	1	0.01	0.00	0.20	3.78	0.00
1	5	0.00	0.00	0.19	1.48	0.00
2	2	0.00	0.01	1.88	30.24	0.00
2	6	0.00	0.03	0.75	0.98	0.00
3	3	0.00	0.03	4.75	62.69	0.00
3	7	0.00	0.01	0.20	0.89	0.00
Core	CPU	C1%	C3%	C6%	C8%	C9%
-	-	0.00	0.27	8.22	13.85	0.19
0	0	0.02	2.12	56.34	13.77	0.00
0	4	0.00	0.02	0.83	0.71	1.49
1	1	0.00	0.00	0.29	0.89	0.00
1	5	0.00	0.00	1.16	0.89	0.00
2	2	0.00	0.00	4.81	93.62	0.00
2	6	0.00	0.02	1.08	0.00	0.00
3	3	0.00	0.02	0.38	0.50	0.00
3	7	0.00	0.00	0.89	0.40	0.00
Core	CPU	C1%	C3%	C6%	C8%	C9%
-	-	0.00	0.37	7.94	13.95	0.15
0	0	0.02	2.90	55.23	14.30	0.00
0	4	0.00	0.01	0.84	0.20	1.18
1	1	0.00	0.00	0.17	1.28	0.00
1	5	0.00	0.00	0.28	0.79	0.00
2	2	0.00	0.00	5.85	92.04	0.00
2	6	0.00	0.01	0.55	0.79	0.00
3	3	0.00	0.02	0.35	1.28	0.00
3	7	0.00	0.00	0.20	0.89	0.00
Core	CPU	C1%	C3%	C6%	C8%	C9%
-	-	0.00	0.26	7.83	14.27	0.24
0	0	0.02	1.99	53.69	16.44	0.00
0	4	0.00	0.01	0.29	0.70	1.89
1	1	0.00	0.00	0.28	0.90	0.00
1	5	0.00	0.00	1.22	1.00	0.00
2	2	0.00	0.00	3.80	45.75	0.00
2	6	0.00	0.06	0.69	1.20	0.00
3	3	0.00	0.02	2.46	47.25	0.00
3	7	0.00	0.00	0.19	0.89	0.00
Core	CPU	C1%	C3%	C6%	C8%	C9%
-	-	0.00	0.23	7.61	14.42	0.00
0	0	0.02	1.82	53.55	16.78	0.00
0	4	0.00	0.02	0.39	0.30	0.00
1	1	0.00	0.00	0.29	0.60	0.00
1	5	0.00	0.00	0.18	0.89	0.00
2	2	0.00	0.01	4.50	93.89	0.00
2	6	0.00	0.00	0.99	0.10	0.00
3	3	0.00	0.02	0.88	1.80	0.00
3	7	0.00	0.00	0.10	0.99	0.00
Core	CPU	C1%	C3%	C6%	C8%	C9%
-	-	0.12	0.51	7.53	14.41	0.00
0	0	0.02	4.04	52.43	15.17	0.00
0	4	0.00	0.00	0.68	0.59	0.00
1	1	0.97	0.02	0.47	5.26	0.00
1	5	0.00	0.00	0.46	1.38	0.00
2	2	0.00	0.00	4.61	91.36	0.00
2	6	0.00	0.02	0.64	0.50	0.00
3	3	0.00	0.02	0.68	0.23	0.00
3	7	0.00	0.00	0.29	0.79	0.00
Core	CPU	C1%	C3%	C6%	C8%	C9%
-	-	0.00	0.24	7.85	14.54	0.23
0	0	0.01	1.91	55.20	15.08	0.00
0	4	0.00	0.00	1.09	0.79	1.81
1	1	0.00	0.00	0.71	0.80	0.00
1	5	0.00	0.00	0.20	1.38	0.00
2	2	0.00	0.00	3.69	81.86	0.00
2	6	0.00	0.04	0.86	1.37	0.00
3	3	0.00	0.00	0.82	13.89	0.00
3	7	0.00	0.00	0.23	1.18	0.00
Core	CPU	C1%	C3%	C6%	C8%	C9%
-	-	0.00	0.30	7.51	14.91	0.00
0	0	0.02	2.37	51.80	18.08	0.00
0	4	0.00	0.00	0.87	0.39	0.00
1	1	0.00	0.00	0.35	4.57	0.00
1	5	0.00	0.00	1.01	0.79	0.00
2	2	0.00	0.02	4.88	92.97	0.00
2	6	0.00	0.00	0.40	0.70	0.00
3	3	0.00	0.00	0.19	0.89	0.00
3	7	0.00	0.00	0.56	0.89	0.00
Core	CPU	C1%	C3%	C6%	C8%	C9%
-	-	0.00	0.29	8.01	14.11	0.00
0	0	0.02	2.24	55.61	14.43	0.00
0	4	0.00	0.00	1.08	0.19	0.00
1	1	0.00	0.00	0.27	0.88	0.00
1	5	0.00	0.00	0.28	0.99	0.00
2	2	0.00	0.01	4.33	69.89	0.00
2	6	0.00	0.01	0.66	1.08	0.00
3	3	0.00	0.05	1.57	24.65	0.00
3	7	0.00	0.00	0.30	0.79	0.00
Core	CPU	C1%	C3%	C6%	C8%	C9%
-	-	0.00	0.30	7.87	14.33	0.66
0	0	0.03	2.37	55.69	14.21	0.00
0	4	0.00	0.00	0.58	0.68	5.28
1	1	0.00	0.02	0.59	0.80	0.00
1	5	0.00	0.00	0.38	1.20	0.00
2	2	0.00	0.00	0.49	1.28	0.00
2	6	0.00	0.03	0.85	1.09	0.00
3	3	0.00	0.00	4.19	94.21	0.00
3	7	0.00	0.00	0.23	1.19	0.00
Core	CPU	C1%	C3%	C6%	C8%	C9%
-	-	0.00	0.48	7.77	13.73	0.44
0	0	0.02	3.79	54.48	13.47	0.00
0	4	0.00	0.00	0.28	0.78	0.00
1	1	0.00	0.00	0.62	0.88	3.48
1	5	0.00	0.00	0.83	0.79	0.00
2	2	0.00	0.02	2.35	52.69	0.00
2	6	0.00	0.03	1.40	0.79	0.00
3	3	0.00	0.00	1.98	39.82	0.00
3	7	0.00	0.00	0.26	0.60	0.00
Core	CPU	C1%	C3%	C6%	C8%	C9%
-	-	0.00	1.68	9.44	16.53	1.08
0	0	0.00	1.13	16.09	6.83	0.00
0	4	0.00	0.00	0.90	0.00	8.63
1	1	0.01	12.22	48.02	1.10	0.00
1	5	0.00	0.00	0.37	0.79	0.00
2	2	0.00	0.00	0.35	1.67	0.00
2	6	0.00	0.00	0.55	2.07	0.00
3	3	0.00	0.06	8.19	90.24	0.00
3	7	0.01	0.01	1.08	29.52	0.00
Core	CPU	C1%	C3%	C6%	C8%	C9%
-	-	0.00	1.90	9.28	12.72	1.84
0	0	0.00	0.72	8.70	6.43	0.13
0	4	0.00	0.00	0.70	0.69	14.43
1	1	0.02	14.37	55.14	0.00	0.14
1	5	0.00	0.01	0.66	0.29	0.00
2	2	0.00	0.00	0.49	1.82	0.00
2	6	0.00	0.03	0.87	0.80	0.00
3	3	0.00	0.07	6.95	91.24	0.00
3	7	0.00	0.00	0.72	0.50	0.00
Core	CPU	C1%	C3%	C6%	C8%	C9%
-	-	0.04	0.31	8.29	14.55	0.78
0	0	0.02	2.44	57.31	12.59	0.00
0	4	0.00	0.00	0.85	0.32	6.25
1	1	0.29	0.00	0.95	6.59	0.00
1	5	0.00	0.00	0.52	0.89	0.00
2	2	0.00	0.02	0.86	14.26	0.00
2	6	0.00	0.03	0.75	0.80	0.00
3	3	0.00	0.02	4.53	79.92	0.00
3	7	0.00	0.00	0.56	0.99	0.00
Core	CPU	C1%	C3%	C6%	C8%	C9%
-	-	0.00	0.23	8.10	14.66	0.16
0	0	0.02	1.80	54.33	16.17	0.00
0	4	0.00	0.00	1.06	0.09	1.29
1	1	0.00	0.00	0.37	4.20	0.00
1	5	0.00	0.00	0.94	1.38	0.00
2	2	0.00	0.00	0.92	0.39	0.00
2	6	0.00	0.01	1.11	0.59	0.00
3	3	0.00	0.07	5.02	93.29	0.00
3	7	0.00	0.00	1.06	1.18	0.00
Core	CPU	C1%	C3%	C6%	C8%	C9%
-	-	0.00	0.49	8.26	13.61	0.00
0	0	0.01	3.83	56.16	11.86	0.00
0	4	0.00	0.01	1.59	1.39	0.00
1	1	0.00	0.00	0.10	2.78	0.00
1	5	0.00	0.00	0.37	0.79	0.00
2	2	0.00	0.00	0.36	0.99	0.00
2	6	0.00	0.00	0.46	1.10	0.00
3	3	0.00	0.09	6.84	89.04	0.00
3	7	0.00	0.00	0.20	0.89	0.00
Core	CPU	C1%	C3%	C6%	C8%	C9%
-	-	0.00	0.26	8.27	14.16	0.03
0	0	0.03	2.00	54.28	15.92	0.00
0	4	0.00	0.00	0.98	1.89	0.22
1	1	0.00	0.00	1.13	2.49	0.00
1	5	0.00	0.01	0.70	0.69	0.00
2	2	0.00	0.00	0.19	0.89	0.00
2	6	0.00	0.00	0.59	0.80	0.00
3	3	0.00	0.09	8.15	90.08	0.00
3	7	0.00	0.00	0.13	0.50	0.00
Core	CPU	C1%	C3%	C6%	C8%	C9%
-	-	0.00	0.37	8.02	13.83	0.00
0	0	0.02	2.85	55.56	13.99	0.00
0	4	0.00	0.00	0.29	0.58	0.00
1	1	0.00	0.00	0.22	0.90	0.00
1	5	0.00	0.00	0.37	1.10	0.00
2	2	0.00	0.00	0.29	0.88	0.00
2	6	0.00	0.00	0.49	1.00	0.00
3	3	0.00	0.10	6.71	91.09	0.01
3	7	0.00	0.00	0.24	1.08	0.00
Core	CPU	C1%	C3%	C6%	C8%	C9%
-	-	0.00	0.28	8.25	15.05	0.00
0	0	0.01	2.15	55.14	14.94	0.00
0	4	0.00	0.00	1.30	0.80	0.00
1	1	0.00	0.02	1.28	6.64	0.00
1	5	0.00	0.00	0.49	2.28	0.00
2	2	0.00	0.00	1.58	18.52	0.00
2	6	0.00	0.01	1.11	1.78	0.00
3	3	0.00	0.05	4.76	74.55	0.00
3	7	0.00	0.00	0.37	0.88	0.00
Core	CPU	C1%	C3%	C6%	C8%	C9%
-	-	0.01	0.26	7.88	14.11	0.00
0	0	0.01	2.02	56.01	14.22	0.00
0	4	0.10	0.01	0.49	0.00	0.00
1	1	0.00	0.00	0.19	0.79	0.00
1	5	0.00	0.00	0.37	0.79	0.00
2	2	0.00	0.00	4.79	93.63	0.00
2	6	0.00	0.02	0.64	1.39	0.00
3	3	0.00	0.02	0.36	1.09	0.00
3	7	0.00	0.00	0.18	0.99	0.00
Core	CPU	C1%	C3%	C6%	C8%	C9%
-	-	0.00	0.47	7.66	13.88	0.09
0	0	0.02	3.68	53.67	14.11	0.00
0	4	0.00	0.00	0.49	0.20	0.74
1	1	0.00	0.01	0.19	1.39	0.00
1	5	0.00	0.00	0.37	1.38	0.00
2	2	0.00	0.01	3.66	70.47	0.00
2	6	0.00	0.05	0.52	0.79	0.00
3	3	0.00	0.02	2.05	21.70	0.00
3	7	0.00	0.00	0.29	0.98	0.00
Core	CPU	C1%	C3%	C6%	C8%	C9%
-	-	0.00	0.28	7.89	14.06	0.00
0	0	0.02	2.22	56.40	13.70	0.00
0	4	0.00	0.00	0.42	0.40	0.00
1	1	0.00	0.00	0.10	0.99	0.00
1	5	0.00	0.00	0.18	0.89	0.00
2	2	0.00	0.00	3.31	63.17	0.00
2	6	0.00	0.01	1.07	0.60	0.00
3	3	0.00	0.02	1.64	32.10	0.00
3	7	0.00	0.03	0.00	0.59	0.00
Core	CPU	C1%	C3%	C6%	C8%	C9%
-	-	0.00	0.37	8.21	13.67	0.67
0	0	0.02	2.90	56.82	12.70	0.00
0	4	0.00	0.00	0.76	0.39	4.47
1	1	0.00	0.00	0.35	0.89	0.00
1	5	0.00	0.00	0.13	0.59	0.00
2	2	0.00	0.01	1.39	21.58	0.90
2	6	0.00	0.00	0.31	0.90	0.00
3	3	0.00	0.02	5.39	71.17	0.00
3	7	0.00	0.00	0.56	1.18	0.00
Core	CPU	C1%	C3%	C6%	C8%	C9%
-	-	0.02	0.30	8.26	13.87	0.00
0	0	0.02	2.30	57.17	12.82	0.00
0	4	0.00	0.00	0.28	0.80	0.00
1	1	0.00	0.00	0.40	1.00	0.00
1	5	0.00	0.00	0.64	1.89	0.00
2	2	0.00	0.00	0.53	0.70	0.00
2	6	0.00	0.01	0.43	1.10	0.00
3	3	0.00	0.04	6.27	92.07	0.00
3	7	0.12	0.03	0.35	0.60	0.00
Core	CPU	C1%	C3%	C6%	C8%	C9%
-	-	0.00	0.30	7.99	14.08	0.69
0	0	0.02	2.34	56.76	13.23	0.00
0	4	0.00	0.00	0.24	0.30	5.49
1	1	0.00	0.02	0.29	0.99	0.00
1	5	0.00	0.00	0.20	1.29	0.00
2	2	0.00	0.00	1.04	22.40	0.00
2	6	0.00	0.03	0.51	1.78	0.00
3	3	0.00	0.04	4.26	71.86	0.00
3	7	0.00	0.00	0.63	0.79	0.00
Core	CPU	C1%	C3%	C6%	C8%	C9%
-	-	0.00	0.32	7.69	13.53	0.00
0	0	0.02	2.53	52.82	15.19	0.00
0	4	0.00	0.00	0.67	0.00	0.00
1	1	0.00	0.00	0.26	0.79	0.00
1	5	0.00	0.00	0.33	0.50	0.00
2	2	0.00	0.02	1.78	32.41	0.00
2	6	0.00	0.00	0.45	0.80	0.00
3	3	0.00	0.03	4.85	57.84	0.00
3	7	0.00	0.00	0.37	0.69	0.00
Core	CPU	C1%	C3%	C6%	C8%	C9%
-	-	0.02	0.30	8.35	13.93	0.00
0	0	0.02	2.39	56.99	12.94	0.00
0	4	0.00	0.01	0.89	0.30	0.00
1	1	0.00	0.00	0.57	0.99	0.00
1	5	0.00	0.00	0.47	1.28	0.00
2	2	0.00	0.00	1.11	8.08	0.00
2	6	0.00	0.03	0.63	0.99	0.00
3	3	0.00	0.01	5.05	85.48	0.00
3	7	0.12	0.00	1.08	1.38	0.00
Core	CPU	C1%	C3%	C6%	C8%	C9%
-	-	0.07	0.46	8.05	13.89	0.89
0	0	0.02	3.52	56.23	12.56	0.00
0	4	0.00	0.00	0.61	0.21	6.89
1	1	0.00	0.04	0.43	3.45	0.00
1	5	0.58	0.01	0.10	0.89	0.00
2	2	0.00	0.01	3.12	46.92	0.22
2	6	0.00	0.05	0.65	0.79	0.00
3	3	0.00	0.00	3.10	45.72	0.00
3	7	0.00	0.01	0.14	0.59	0.00
Core	CPU	C1%	C3%	C6%	C8%	C9%
-	-	0.00	0.29	8.31	14.38	0.14
0	0	0.02	2.26	56.21	13.88	0.00
0	4	0.00	0.00	1.05	0.11	1.08
1	1	0.00	0.00	0.53	5.96	0.00
1	5	0.00	0.00	0.83	0.69	0.00
2	2	0.00	0.01	0.39	0.80	0.00
2	6	0.00	0.01	0.31	1.08	0.00
3	3	0.00	0.06	6.24	92.09	0.00
3	7	0.00	0.00	0.95	0.40	0.00
Core	CPU	C1%	C3%	C6%	C8%	C9%
-	-	0.00	0.28	8.16	15.05	0.00
0	0	0.01	2.17	54.40	15.71	0.00
0	4	0.00	0.00	0.88	0.31	0.00
1	1	0.00	0.00	1.56	6.41	0.00
1	5	0.00	0.00	0.75	1.48	0.00
2	2	0.00	0.00	0.55	1.58	0.00
2	6	0.00	0.00	1.04	0.90	0.00
3	3	0.00	0.06	5.71	92.60	0.00
3	7	0.00	0.00	0.39	1.38	0.00
Core	CPU	C1%	C3%	C6%	C8%	C9%
-	-	0.00	0.48	8.17	14.37	0.82
0	0	0.01	3.71	54.01	13.73	0.00
0	4	0.00	0.00	1.41	0.21	6.58
1	1	0.00	0.02	3.45	6.57	0.00
1	5	0.00	0.00	0.39	1.49	0.00
2	2	0.00	0.00	0.20	0.99	0.00
2	6	0.00	0.01	0.60	0.99	0.00
3	3	0.00	0.08	5.19	90.46	0.00
3	7	0.00	0.00	0.13	0.49	0.00
Core	CPU	C1%	C3%	C6%	C8%	C9%
-	-	0.00	2.01	10.55	11.68	0.99
0	0	0.00	1.33	8.23	10.02	4.98
0	4	0.00	0.00	15.42	45.20	2.98
1	1	0.00	0.00	0.54	0.50	0.00
1	5	0.00	0.00	0.31	0.70	0.00
2	2	0.00	14.74	55.16	0.00	0.00
2	6	0.00	0.00	0.50	1.11	0.00
3	3	0.00	0.00	3.90	34.99	0.00
3	7	0.00	0.00	0.36	0.89	0.00
Core	CPU	C1%	C3%	C6%	C8%	C9%
-	-	0.00	0.48	8.82	13.53	0.71
0	0	0.02	3.61	58.28	10.77	0.00
0	4	0.00	0.02	2.05	7.09	5.66
1	1	0.00	0.00	0.29	1.79	0.00
1	5	0.00	0.00	0.33	1.19	0.00
2	2	0.00	0.09	1.58	0.79	0.00
2	6	0.00	0.01	1.13	0.92	0.00
3	3	0.00	0.08	6.63	84.29	0.00
3	7	0.00	0.00	0.29	1.39	0.00
Core	CPU	C1%	C3%	C6%	C8%	C9%
-	-	0.00	0.34	8.79	17.17	0.00
0	0	0.02	2.63	58.08	11.65	0.00
0	4	0.00	0.00	6.94	34.14	0.00
1	1	0.00	0.00	0.44	2.66	0.00
1	5	0.00	0.02	0.37	1.29	0.00
2	2	0.00	0.00	0.29	1.00	0.00
2	6	0.00	0.04	0.83	1.08	0.00
3	3	0.00	0.03	2.49	56.20	0.00
3	7	0.01	0.03	0.93	29.33	0.00
Core	CPU	C1%	C3%	C6%	C8%	C9%
-	-	0.00	0.53	11.01	12.21	0.00
0	0	0.00	4.21	68.01	0.45	0.00
0	4	0.00	0.00	16.90	81.50	0.00
1	1	0.00	0.00	1.06	12.04	0.00
1	5	0.00	0.00	0.35	0.70	0.00
2	2	0.00	0.00	0.13	0.60	0.00
2	6	0.00	0.05	0.62	1.27	0.00
3	3	0.00	0.00	0.20	0.80	0.00
3	7	0.00	0.00	0.77	0.30	0.00
Core	CPU	C1%	C3%	C6%	C8%	C9%
-	-	0.57	0.57	9.25	13.24	0.00
0	0	0.01	4.50	57.71	9.55	0.00
0	4	0.00	0.02	8.41	32.94	0.00
1	1	4.57	0.02	1.78	7.90	0.00
1	5	0.00	0.00	0.28	1.88	0.00
2	2	0.00	0.00	0.37	0.79	0.00
2	6	0.00	0.00	0.57	0.89	0.00
3	3	0.00	0.02	4.22	51.78	0.00
3	7	0.00	0.01	0.69	0.19	0.00
Core	CPU	C1%	C3%	C6%	C8%	C9%
-	-	0.00	0.37	8.52	13.65	0.19
0	0	0.01	2.87	59.76	9.76	0.00
0	4	0.00	0.00	2.39	20.14	1.51
1	1	0.00	0.00	0.34	2.17	0.00
1	5	0.00	0.00	0.38	1.28	0.00
2	2	0.00	0.00	0.20	1.09	0.00
2	6	0.00	0.01	0.41	1.38	0.00
3	3	0.00	0.06	4.25	72.65	0.00
3	7	0.00	0.00	0.45	0.69	0.00
Core	CPU	C1%	C3%	C6%	C8%	C9%
-	-	0.00	0.57	10.41	11.75	0.00
0	0	0.01	4.47	65.55	2.70	0.00
0	4	0.00	0.00	14.30	75.30	0.00
1	1	0.00	0.00	0.45	1.19	0.00
1	5	0.00	0.00	0.53	1.48	0.00
2	2	0.00	0.02	0.36	1.19	0.00
2	6	0.00	0.03	0.70	1.29	0.00
3	3	0.00	0.00	0.57	9.65	0.00
3	7	0.00	0.00	0.87	1.18	0.00
Core	CPU	C1%	C3%	C6%	C8%	C9%
-	-	0.00	0.50	11.21	10.75	0.00
0	0	0.00	3.90	68.11	0.54	0.00
0	4	0.00	0.00	18.28	80.14	0.00
1	1	0.00	0.00	1.07	1.28	0.00
1	5	0.00	0.00	0.28	0.99	0.00
2	2	0.00	0.00	0.65	0.88	0.00
2	6	0.00	0.05	0.60	0.90	0.00
3	3	0.00	0.02	0.38	0.60	0.00
3	7	0.00	0.00	0.29	0.69	0.00
Core	CPU	C1%	C3%	C6%	C8%	C9%
-	-	0.00	0.49	9.97	11.81	0.00
0	0	0.00	3.91	68.33	0.33	0.00
0	4	0.00	0.00	8.85	89.56	0.00
1	1	0.00	0.00	0.19	0.89	0.00
1	5	0.00	0.00	0.37	0.79	0.00
2	2	0.00	0.00	0.64	0.50	0.00
2	6	0.00	0.00	0.65	1.09	0.00
3	3	0.00	0.02	0.59	0.21	0.00
3	7	0.00	0.00	0.10	1.09	0.00
Core	CPU	C1%	C3%	C6%	C8%	C9%
-	-	0.00	0.93	10.52	10.97	0.57
0	0	0.01	3.67	48.49	3.10	4.53
0	4	0.00	0.00	17.61	78.03	0.00
1	1	0.00	0.00	0.70	0.30	0.00
1	5	0.00	0.00	0.90	0.88	0.00
2	2	0.00	0.00	0.20	0.89	0.00
2	6	0.00	0.01	0.50	0.79	0.00
3	3	0.00	3.74	14.82	2.17	0.00
3	7	0.00	0.00	0.93	1.58	0.00
Core	CPU	C1%	C3%	C6%	C8%	C9%
-	-	0.01	1.85	11.35	10.24	0.75
0	0	0.00	0.45	11.32	1.39	6.04
0	4	0.00	0.00	21.21	63.14	0.00
1	1	0.00	0.00	0.30	0.93	0.00
1	5	0.00	0.00	1.01	14.28	0.00
2	2	0.00	0.00	0.12	0.41	0.00
2	6	0.00	0.03	0.48	1.09	0.00
3	3	0.12	14.35	55.65	0.00	0.00
3	7	0.00	0.00	0.69	0.70	0.00
Core	CPU	C1%	C3%	C6%	C8%	C9%
-	-	0.04	1.90	9.41	11.96	0.00
0	0	0.00	0.05	10.30	0.00	0.00
0	4	0.00	0.00	1.28	2.16	0.00
1	1	0.00	0.00	0.12	0.83	0.00
1	5	0.00	0.00	6.20	90.07	0.00
2	2	0.00	0.00	0.36	0.69	0.00
2	6	0.00	0.01	0.46	1.30	0.00
3	3	0.29	15.10	55.84	0.00	0.00
3	7	0.00	0.00	0.68	0.61	0.00
Core	CPU	C1%	C3%	C6%	C8%	C9%
-	-	0.03	1.90	9.07	11.47	0.18
0	0	0.00	0.19	3.71	1.09	0.56
0	4	0.00	0.00	7.25	45.57	0.00
1	1	0.00	0.00	0.55	0.07	0.00
1	5	0.00	0.51	3.47	41.89	0.00
2	2	0.00	0.00	0.09	1.19	0.00
2	6	0.00	0.04	1.03	1.16	0.88
3	3	0.23	14.44	56.02	0.00	0.00
3	7	0.00	0.00	0.43	0.81	0.00
Core	CPU	C1%	C3%	C6%	C8%	C9%
-	-	0.01	0.71	8.98	13.47	0.14
0	0	0.01	1.78	44.81	9.54	0.13
0	4	0.00	0.00	1.84	3.02	0.00
1	1	0.00	0.00	0.77	1.09	0.98
1	5	0.00	0.00	5.79	89.38	0.00
2	2	0.00	0.00	0.34	1.19	0.00
2	6	0.00	0.00	0.73	1.29	0.00
3	3	0.08	3.86	16.96	1.19	0.00
3	7	0.00	0.00	0.58	1.08	0.00
Core	CPU	C1%	C3%	C6%	C8%	C9%
-	-	0.03	1.92	10.84	10.56	0.37
0	0	0.00	0.23	10.66	0.46	2.98
0	4	0.00	0.03	17.82	70.50	0.00
1	1	0.00	0.00	0.29	0.92	0.00
1	5	0.00	0.00	0.84	9.91	0.00
2	2	0.00	0.00	0.35	0.98	0.00
2	6	0.00	0.02	0.84	0.60	0.00
3	3	0.22	15.07	55.50	0.00	0.00
3	7	0.01	0.02	0.41	1.11	0.00
Core	CPU	C1%	C3%	C6%	C8%	C9%
-	-	0.03	1.78	9.65	12.32	0.03
0	0	0.00	0.06	12.80	1.34	0.27
0	4	0.00	0.00	0.96	0.00	0.00
1	1	0.00	0.00	0.67	0.92	0.00
1	5	0.00	0.00	5.15	93.53	0.00
2	2	0.00	0.00	0.31	0.90	0.00
2	6	0.00	0.02	0.59	1.20	0.00
3	3	0.28	14.13	56.27	0.00	0.00
3	7	0.00	0.00	0.47	0.70	0.00
Core	CPU	C1%	C3%	C6%	C8%	C9%
-	-	0.00	0.33	8.49	15.14	0.00
0	0	0.01	2.53	58.18	11.73	0.00
0	4	0.00	0.00	0.69	0.39	0.00
1	1	0.00	0.08	0.67	11.96	0.00
1	5	0.00	0.00	5.51	92.89	0.00
2	2	0.00	0.00	0.45	0.89	0.00
2	6	0.00	0.00	0.46	1.38	0.00
3	3	0.00	0.02	1.09	0.40	0.00
3	7	0.00	0.00	0.87	1.49	0.00
Core	CPU	C1%	C3%	C6%	C8%	C9%
-	-	0.00	0.39	8.39	14.52	0.33
0	0	0.01	2.97	49.90	12.71	0.00
0	4	0.00	0.03	6.78	2.42	0.81
1	1	0.00	0.09	1.99	7.22	1.85
1	5	0.00	0.01	6.85	88.74	0.00
2	2	0.00	0.00	0.10	1.08	0.00
2	6	0.00	0.00	0.84	1.48	0.00
3	3	0.00	0.00	0.54	1.70	0.00
3	7	0.00	0.00	0.14	0.79	0.00
Core	CPU	C1%	C3%	C6%	C8%	C9%
-	-	0.00	0.28	7.88	14.00	0.00
0	0	0.01	2.23	56.30	13.78	0.00
0	4	0.00	0.00	0.87	0.00	0.00
1	1	0.00	0.00	0.55	0.69	0.00
1	5	0.00	0.00	4.00	94.41	0.00
2	2	0.00	0.02	0.19	0.90	0.00
2	6	0.00	0.02	0.40	0.70	0.00
3	3	0.00	0.00	0.23	0.90	0.00
3	7	0.00	0.00	0.46	0.59	0.00
Core	CPU	C1%	C3%	C6%	C8%	C9%
-	-	0.03	1.90	9.49	12.33	0.02
0	0	0.01	0.11	10.99	2.68	0.12
0	4	0.00	0.00	0.58	0.84	0.00
1	1	0.00	0.01	0.47	1.42	0.00
1	5	0.00	0.00	6.16	90.77	0.00
2	2	0.00	0.00	0.24	0.50	0.00
2	6	0.00	0.04	0.90	1.48	0.00
3	3	0.27	15.04	55.63	0.00	0.00
3	7	0.00	0.00	0.94	0.91	0.00
Core	CPU	C1%	C3%	C6%	C8%	C9%
-	-	0.03	1.84	10.22	11.42	0.69
0	0	0.00	0.17	9.69	1.26	5.49
0	4	0.00	0.00	13.45	85.17	0.00
1	1	0.00	0.02	0.45	0.91	0.00
1	5	0.00	0.00	0.29	1.20	0.00
2	2	0.00	0.00	0.37	1.20	0.00
2	6	0.00	0.04	0.66	1.10	0.00
3	3	0.24	14.51	56.10	0.00	0.00
3	7	0.00	0.00	0.73	0.50	0.00
Core	CPU	C1%	C3%	C6%	C8%	C9%
-	-	0.02	1.89	11.03	11.39	0.51
0	0	0.01	0.59	12.26	5.43	4.07
0	4	0.00	0.00	17.29	80.45	0.00
1	1	0.00	0.02	0.45	1.98	0.00
1	5	0.00	5.06	19.45	0.79	0.00
2	2	0.00	0.00	0.23	0.69	0.00
2	6	0.00	0.06	0.39	1.09	0.00
3	3	0.17	9.39	37.64	0.30	0.00
3	7	0.00	0.00	0.55	0.41	0.00
Core	CPU	C1%	C3%	C6%	C8%	C9%
-	-	0.00	0.48	7.93	13.79	0.44
0	0	0.02	3.80	53.54	14.32	0.00
0	4	0.00	0.00	1.36	5.42	0.00
1	1	0.01	0.00	0.53	1.77	3.48
1	5	0.00	0.02	5.77	85.14	0.00
2	2	0.00	0.00	0.45	0.98	0.00
2	6	0.00	0.00	1.05	0.60	0.00
3	3	0.00	0.02	0.55	0.89	0.00
3	7	0.00	0.00	0.20	1.19	0.00
Core	CPU	C1%	C3%	C6%	C8%	C9%
-	-	0.03	1.81	9.04	12.42	0.02
0	0	0.00	0.01	9.64	0.26	0.13
0	4	0.00	0.00	0.53	0.89	0.00
1	1	0.00	0.00	0.43	1.72	0.00
1	5	0.00	0.02	4.50	94.17	0.00
2	2	0.00	0.00	0.20	0.89	0.00
2	6	0.00	0.01	0.50	1.19	0.00
3	3	0.22	14.47	55.79	0.00	0.00
3	7	0.00	0.00	0.73	0.20	0.00
Core	CPU	C1%	C3%	C6%	C8%	C9%
-	-	0.00	0.34	7.80	15.13	0.11
0	0	0.02	2.69	53.77	15.87	0.00
0	4	0.00	0.00	0.56	0.11	0.00
1	1	0.00	0.00	0.76	8.78	0.00
1	5	0.00	0.00	4.98	93.29	0.00
2	2	0.00	0.00	0.39	0.89	0.91
2	6	0.00	0.04	0.61	0.89	0.00
3	3	0.00	0.00	0.99	0.50	0.00
3	7	0.00	0.00	0.38	0.69	0.00
Core	CPU	C1%	C3%	C6%	C8%	C9%
-	-	0.00	0.34	8.47	19.22	0.00
0	0	0.02	2.64	57.13	12.55	0.00
0	4	0.00	0.00	0.68	0.72	0.00
1	1	0.00	0.00	2.30	14.16	0.00
1	5	0.00	0.00	5.32	93.09	0.00
2	2	0.00	0.00	0.55	0.79	0.00
2	6	0.00	0.03	0.54	1.47	0.00
3	3	0.00	0.02	0.39	0.99	0.00
3	7	0.01	0.03	0.84	30.03	0.00
Core	CPU	C1%	C3%	C6%	C8%	C9%
-	-	0.00	0.31	7.93	15.53	0.00
0	0	0.02	2.40	54.76	15.05	0.00
0	4	0.00	0.00	0.41	5.70	0.00
1	1	0.00	0.10	0.84	10.99	0.00
1	5	0.00	0.00	4.63	89.03	0.00
2	2	0.00	0.00	0.37	0.89	0.00
2	6	0.00	0.01	1.36	0.98	0.00
3	3	0.00	0.00	0.28	0.69	0.00
3	7	0.00	0.00	0.79	0.89	0.00
Core	CPU	C1%	C3%	C6%	C8%	C9%
-	-	0.02	1.96	9.27	11.99	0.00
0	0	0.00	0.16	11.80	2.49	0.00
0	4	0.00	0.00	0.87	0.38	0.00
1	1	0.00	0.00	0.56	0.64	0.00
1	5	0.00	0.00	5.14	91.02	0.00
2	2	0.00	0.00	0.00	0.70	0.00
2	6	0.00	0.03	1.08	0.40	0.00
3	3	0.18	15.52	54.26	0.00	0.00
3	7	0.00	0.00	0.43	0.30	0.00
Core	CPU	C1%	C3%	C6%	C8%	C9%
-	-	0.04	1.82	9.21	12.43	0.14
0	0	0.00	0.07	9.94	1.52	0.13
0	4	0.00	0.00	0.88	2.86	0.00
1	1	0.00	0.00	0.28	0.99	0.99
1	5	0.00	0.00	5.03	91.37	0.00
2	2	0.00	0.00	0.43	1.10	0.00
2	6	0.00	0.02	0.63	0.99	0.00
3	3	0.31	14.43	56.15	0.00	0.00
3	7	0.00	0.00	0.37	0.61	0.00
Core	CPU	C1%	C3%	C6%	C8%	C9%
-	-	0.03	1.53	9.36	13.16	0.00
0	0	0.01	1.53	26.06	5.23	0.00
0	4	0.00	0.00	0.37	1.10	0.00
1	1	0.00	0.00	0.52	1.70	0.00
1	5	0.00	0.00	4.57	93.93	0.00
2	2	0.00	0.00	0.35	1.10	0.00
2	6	0.00	0.00	0.68	1.10	0.00
3	3	0.22	10.67	42.04	0.30	0.00
3	7	0.00	0.02	0.29	0.81	0.00
Core	CPU	C1%	C3%	C6%	C8%	C9%
-	-	0.00	0.24	7.54	14.42	0.00
0	0	0.01	1.93	53.50	16.68	0.00
0	4	0.00	0.00	0.65	0.51	0.00
1	1	0.00	0.00	0.34	0.40	0.00
1	5	0.00	0.00	4.36	94.02	0.00
2	2	0.00	0.01	0.29	0.80	0.00
2	6	0.00	0.00	0.32	1.18	0.00
3	3	0.00	0.00	0.32	0.88	0.00
3	7	0.00	0.00	0.56	0.89	0.00
Core	CPU	C1%	C3%	C6%	C8%	C9%
-	-	0.02	1.19	9.95	11.89	0.15
0	0	0.00	2.12	35.93	1.36	1.19
0	4	0.00	0.00	10.93	64.63	0.00
1	1	0.00	0.00	0.77	1.79	0.00
1	5	0.00	0.00	1.49	24.06	0.00
2	2	0.00	0.00	0.25	1.29	0.00
2	6	0.00	0.01	0.35	1.18	0.00
3	3	0.12	7.39	29.56	0.00	0.00
3	7	0.00	0.00	0.36	0.79	0.00
Core	CPU	C1%	C3%	C6%	C8%	C9%
-	-	0.00	0.64	9.69	11.63	0.00
0	0	0.01	5.08	62.30	4.22	0.00
0	4	0.00	0.00	11.76	77.24	0.00
1	1	0.00	0.00	0.19	0.89	0.00
1	5	0.00	0.00	0.46	7.44	0.00
2	2	0.00	0.00	0.87	0.87	0.00
2	6	0.00	0.04	1.42	0.89	0.00
3	3	0.00	0.00	0.41	0.90	0.00
3	7	0.00	0.00	0.10	0.60	0.00
Core	CPU	C1%	C3%	C6%	C8%	C9%
-	-	0.00	0.97	8.72	13.55	0.00
0	0	0.01	1.19	37.15	10.59	0.00
0	4	0.00	0.00	0.52	0.49	0.00
1	1	0.01	6.52	25.21	0.89	0.00
1	5	0.00	0.00	5.25	93.24	0.00
2	2	0.00	0.00	0.30	0.20	0.00
2	6	0.00	0.02	0.59	1.18	0.00
3	3	0.00	0.00	0.38	0.59	0.00
3	7	0.00	0.00	0.35	1.19	0.00
Core	CPU	C1%	C3%	C6%	C8%	C9%
-	-	0.00	0.56	10.03	12.09	0.11
0	0	0.00	4.41	58.66	6.35	0.00
0	4	0.00	0.02	16.40	56.18	0.00
1	1	0.00	0.00	1.07	0.40	0.00
1	5	0.00	0.00	1.95	29.72	0.00
2	2	0.00	0.00	0.49	1.39	0.90
2	6	0.00	0.03	1.00	0.60	0.00
3	3	0.00	0.00	0.19	1.09	0.00
3	7	0.00	0.00	0.44	0.99	0.00
Core	CPU	C1%	C3%	C6%	C8%	C9%
-	-	0.00	0.51	10.64	11.10	0.00
0	0	0.00	4.05	68.21	0.32	0.00
0	4	0.00	0.00	15.16	83.26	0.00
1	1	0.00	0.00	0.19	0.89	0.00
1	5	0.00	0.00	0.27	1.09	0.00
2	2	0.00	0.00	0.35	0.69	0.00
2	6	0.00	0.01	0.36	0.89	0.00
3	3	0.00	0.02	0.33	0.50	0.00
3	7	0.00	0.00	0.29	1.18	0.00
Core	CPU	C1%	C3%	C6%	C8%	C9%
-	-	0.00	0.49	10.73	11.06	0.00
0	0	0.00	3.86	67.55	1.17	0.00
0	4	0.00	0.00	16.36	82.06	0.00
1	1	0.00	0.02	0.20	0.70	0.00
1	5	0.00	0.00	0.19	0.50	0.00
2	2	0.00	0.00	0.09	0.39	0.00
2	6	0.00	0.02	0.49	0.49	0.00
3	3	0.00	0.00	0.48	1.78	0.00
3	7	0.00	0.00	0.52	1.38	0.00
Core	CPU	C1%	C3%	C6%	C8%	C9%
-	-	0.00	0.61	9.72	11.82	0.01
0	0	0.01	4.86	62.26	4.21	0.00
0	4	0.00	0.00	13.23	82.41	0.00
1	1	0.00	0.00	0.86	3.67	0.07
1	5	0.00	0.02	0.19	1.00	0.00
2	2	0.00	0.00	0.19	0.80	0.00
2	6	0.00	0.02	0.40	1.08	0.00
3	3	0.00	0.00	0.35	0.90	0.00
3	7	0.00	0.01	0.23	0.50	0.00
Core	CPU	C1%	C3%	C6%	C8%	C9%
-	-	0.00	0.52	10.89	11.05	0.00
0	0	0.00	4.17	67.39	0.97	0.00
0	4	0.00	0.00	15.94	82.46	0.00
1	1	0.00	0.00	0.34	0.89	0.00
1	5	0.00	0.00	0.34	1.38	0.00
2	2	0.00	0.00	0.92	0.39	0.00
2	6	0.00	0.01	1.11	0.99	0.00
3	3	0.00	0.00	0.10	0.89	0.00
3	7	0.00	0.00	0.97	0.40	0.00
Core	CPU	C1%	C3%	C6%	C8%	C9%
-	-	0.00	0.55	9.73	11.89	0.00
0	0	0.01	4.34	63.94	4.33	0.00
0	4	0.00	0.00	10.40	53.39	0.00
1	1	0.00	0.00	0.28	1.19	0.00
1	5	0.00	0.00	1.71	33.06	0.00
2	2	0.00	0.00	0.32	0.50	0.00
2	6	0.00	0.04	0.63	0.50	0.00
3	3	0.00	0.00	0.30	1.28	0.00
3	7	0.00	0.00	0.28	0.89	0.00
Core	CPU	C1%	C3%	C6%	C8%	C9%
-	-	0.00	0.50	10.91	11.05	0.00
0	0	0.00	3.96	67.74	0.86	0.00
0	4	0.00	0.00	15.61	82.80	0.00
1	1	0.00	0.00	0.10	0.99	0.00
1	5	0.00	0.00	1.17	0.89	0.00
2	2	0.00	0.00	0.07	0.40	0.00
2	6	0.00	0.01	0.57	1.08	0.00
3	3	0.00	0.00	1.12	0.59	0.00
3	7	0.00	0.01	0.90	0.79	0.00
Core	CPU	C1%	C3%	C6%	C8%	C9%
-	-	0.00	0.49	9.89	12.09	0.00
0	0	0.00	3.84	68.23	0.54	0.00
0	4	0.00	0.00	8.50	89.92	0.00
1	1	0.00	0.02	0.30	0.99	0.00
1	5	0.00	0.00	0.10	0.90	0.00
2	2	0.00	0.00	0.19	0.89	0.00
2	6	0.00	0.01	0.98	0.59	0.00
3	3	0.00	0.00	0.53	1.88	0.00
3	7	0.00	0.03	0.29	0.99	0.00
Core	CPU	C1%	C3%	C6%	C8%	C9%
-	-	0.00	0.56	10.18	11.04	0.44
0	0	0.00	4.45	64.52	1.82	0.00
0	4	0.00	0.00	14.71	81.06	0.00
1	1	0.00	0.02	0.35	0.98	3.48
1	5	0.00	0.00	0.22	0.99	0.00
2	2	0.00	0.01	0.39	0.80	0.00
2	6	0.00	0.03	0.60	0.79	0.00
3	3	0.00	0.00	0.28	0.79	0.00
3	7	0.00	0.00	0.41	1.08	0.00
Core	CPU	C1%	C3%	C6%	C8%	C9%
-	-	0.00	0.51	10.32	11.36	0.00
0	0	0.00	4.07	67.89	0.65	0.00
0	4	0.00	0.00	12.75	85.67	0.00
1	1	0.00	0.00	0.46	0.49	0.00
1	5	0.00	0.00	0.30	0.99	0.00
2	2	0.00	0.00	0.32	0.90	0.00
2	6	0.00	0.00	0.43	0.70	0.00
3	3	0.00	0.00	0.19	0.89	0.00
3	7	0.00	0.00	0.19	0.59	0.00
Core	CPU	C1%	C3%	C6%	C8%	C9%
-	-	0.00	0.67	11.30	10.42	0.03
0	0	0.00	5.33	67.50	0.00	0.00
0	4	0.00	0.00	20.59	77.09	0.22
1	1	0.00	0.00	0.19	0.90	0.00
1	5	0.00	0.00	0.66	1.67	0.00
2	2	0.00	0.00	0.34	0.99	0.00
2	6	0.00	0.00	0.35	1.09	0.00
3	3	0.00	0.01	0.38	0.60	0.00
3	7	0.00	0.00	0.40	0.99	0.00
Core	CPU	C1%	C3%	C6%	C8%	C9%
-	-	0.00	0.48	10.42	11.50	0.00
0	0	0.00	3.79	66.62	2.06	0.00
0	4	0.00	0.00	14.46	83.92	0.00
1	1	0.00	0.00	0.32	0.89	0.00
1	5	0.00	0.00	0.24	1.58	0.00
2	2	0.00	0.00	0.38	0.40	0.00
2	6	0.00	0.04	0.58	0.98	0.00
3	3	0.00	0.05	0.63	1.48	0.00
3	7	0.00	0.00	0.13	0.70	0.00
Core	CPU	C1%	C3%	C6%	C8%	C9%
-	-	0.02	0.52	11.43	10.85	0.00
0	0	0.03	3.96	65.29	2.48	0.01
0	4	0.00	0.00	20.24	76.65	0.00
1	1	0.00	0.00	0.82	1.59	0.00
1	5	0.00	0.00	1.02	1.08	0.00
2	2	0.00	0.02	0.64	1.69	0.00
2	6	0.00	0.03	0.86	0.93	0.00
3	3	0.14	0.20	2.17	1.19	0.00
3	7	0.00	0.00	0.43	1.19	0.00
Core	CPU	C1%	C3%	C6%	C8%	C9%
-	-	0.22	1.99	13.65	16.49	0.73
0	0	0.00	1.39	16.03	16.97	5.83
0	4	0.28	0.73	20.44	76.35	0.00
1	1	0.70	0.03	4.27	1.70	0.00
1	5	0.07	0.03	4.01	3.47	0.00
2	2	0.67	3.29	16.89	0.47	0.00
2	6	0.01	10.19	42.88	1.60	0.00
3	3	0.00	0.14	1.85	0.78	0.00
3	7	0.01	0.13	2.82	30.52	0.00
Core	CPU	C1%	C3%	C6%	C8%	C9%
-	-	0.00	2.04	11.86	13.24	0.76
0	0	0.00	1.85	14.95	24.81	6.07
0	4	0.00	0.04	21.68	76.65	0.00
1	1	0.01	14.45	55.36	0.69	0.00
1	5	0.00	0.00	0.29	1.09	0.00
2	2	0.00	0.00	1.08	0.49	0.00
2	6	0.00	0.00	0.27	0.89	0.00
3	3	0.00	0.00	0.45	0.99	0.00
3	7	0.00	0.00	0.83	0.30	0.00
Core	CPU	C1%	C3%	C6%	C8%	C9%
-	-	0.04	0.29	8.97	13.27	0.00
0	0	0.14	2.31	57.23	12.51	0.00
0	4	0.00	0.00	5.02	17.11	0.00
1	1	0.00	0.00	1.05	0.29	0.00
1	5	0.10	0.00	4.92	72.00	0.00
2	2	0.00	0.00	0.91	0.20	0.00
2	6	0.10	0.01	1.11	0.71	0.00
3	3	0.00	0.00	1.13	2.47	0.00
3	7	0.00	0.00	0.37	0.88	0.00
Core	CPU	C1%	C3%	C6%	C8%	C9%
-	-	0.00	0.54	10.88	11.04	0.00
0	0	0.00	4.24	67.56	0.87	0.00
0	4	0.00	0.01	16.26	82.16	0.00
1	1	0.00	0.00	0.29	0.79	0.00
1	5	0.00	0.00	0.96	0.79	0.00
2	2	0.00	0.00	0.45	0.60	0.00
2	6	0.00	0.03	1.04	0.99	0.00
3	3	0.00	0.02	0.30	0.58	0.00
3	7	0.00	0.00	0.20	1.58	0.00
Core	CPU	C1%	C3%	C6%	C8%	C9%
-	-	0.00	0.51	10.00	11.73	0.00
0	0	0.00	4.12	68.11	0.43	0.00
0	4	0.00	0.00	9.96	88.49	0.00
1	1	0.00	0.00	0.22	0.69	0.00
1	5	0.00	0.00	0.20	0.70	0.00
2	2	0.00	0.00	0.29	1.28	0.00
2	6	0.00	0.00	0.70	0.99	0.00
3	3	0.00	0.00	0.35	0.69	0.00
3	7	0.00	0.00	0.13	0.59	0.00
Core	CPU	C1%	C3%	C6%	C8%	C9%
-	-	0.00	0.72	9.90	11.40	0.43
0	0	0.00	5.71	65.72	0.32	0.00
0	4	0.00	0.00	11.15	84.62	0.00
1	1	0.00	0.00	0.35	0.89	3.47
1	5	0.00	0.00	0.33	0.97	0.00
2	2	0.00	0.02	0.29	0.90	0.00
2	6	0.00	0.02	0.40	1.28	0.00
3	3	0.00	0.00	0.29	1.18	0.00
3	7	0.00	0.00	0.67	1.08	0.00
Core	CPU	C1%	C3%	C6%	C8%	C9%
-	-	0.01	1.02	11.40	10.18	0.37
0	0	0.00	3.32	49.27	0.10	2.94
0	4	0.00	0.00	19.77	73.16	0.00
1	1	0.00	0.00	0.38	0.49	0.00
1	5	0.00	0.00	0.74	5.70	0.00
2	2	0.00	0.00	0.14	0.60	0.00
2	6	0.00	0.04	0.91	0.30	0.00
3	3	0.08	4.83	19.61	0.70	0.00
3	7	0.00	0.00	0.38	0.39	0.00
Core	CPU	C1%	C3%	C6%	C8%	C9%
-	-	0.00	0.31	7.36	14.90	0.11
0	0	0.03	2.41	51.55	18.21	0.00
0	4	0.00	0.00	0.38	0.79	0.00
1	1	0.00	0.01	0.45	1.54	0.00
1	5	0.00	0.00	3.90	94.35	0.00
2	2	0.00	0.00	0.29	1.09	0.00
2	6	0.00	0.04	0.76	1.08	0.00
3	3	0.00	0.00	1.30	0.90	0.91
3	7	0.00	0.00	0.23	1.29	0.00
Core	CPU	C1%	C3%	C6%	C8%	C9%
-	-	0.00	0.28	7.88	14.21	0.00
0	0	0.02	2.17	54.69	15.40	0.00
0	4	0.00	0.00	0.96	0.00	0.00
1	1	0.00	0.00	0.25	1.19	0.00
1	5	0.00	0.00	4.75	93.63	0.00
2	2	0.00	0.02	0.29	1.00	0.00
2	6	0.00	0.02	0.99	0.90	0.00
3	3	0.00	0.00	0.62	0.89	0.00
3	7	0.00	0.00	0.45	0.69	0.00
Core	CPU	C1%	C3%	C6%	C8%	C9%
-	-	0.03	1.85	9.38	12.58	0.00
0	0	0.00	0.25	11.60	2.32	0.00
0	4	0.00	0.00	0.79	0.29	0.00
1	1	0.00	0.00	0.28	0.79	0.00
1	5	0.00	0.00	5.15	93.50	0.00
2	2	0.00	0.00	0.34	1.39	0.00
2	6	0.00	0.03	0.60	1.68	0.00
3	3	0.23	14.49	55.96	0.00	0.00
3	7	0.00	0.00	0.34	0.69	0.00
Core	CPU	C1%	C3%	C6%	C8%	C9%
-	-	0.03	1.95	9.13	11.98	0.01
0	0	0.00	0.13	10.80	2.63	0.11
0	4	0.00	0.00	0.72	0.42	0.00
1	1	0.00	0.07	0.70	0.58	0.00
1	5	0.00	0.01	5.60	90.38	0.00
2	2	0.00	0.00	0.09	0.89	0.00
2	6	0.00	0.01	0.60	0.59	0.00
3	3	0.21	15.37	54.32	0.00	0.00
3	7	0.00	0.00	0.22	0.31	0.00
Core	CPU	C1%	C3%	C6%	C8%	C9%
-	-	0.04	1.82	9.35	11.82	0.10
0	0	0.00	0.13	7.17	1.56	0.78
0	4	0.00	0.00	5.57	29.44	0.00
1	1	0.00	0.00	0.86	0.30	0.00
1	5	0.00	0.00	2.98	61.70	0.00
2	2	0.00	0.00	0.62	0.00	0.00
2	6	0.00	0.03	1.05	0.69	0.00
3	3	0.30	14.38	56.16	0.00	0.00
3	7	0.00	0.00	0.37	0.90	0.00
Core	CPU	C1%	C3%	C6%	C8%	C9%
-	-	0.03	1.92	9.58	11.56	0.29
0	0	0.00	0.11	8.68	0.47	2.34
0	4	0.00	0.00	6.00	24.71	0.00
1	1	0.00	0.03	0.39	0.89	0.00
1	5	0.00	0.00	3.95	64.50	0.00
2	2	0.00	0.00	0.57	0.50	0.00
2	6	0.00	0.01	1.17	0.78	0.00
3	3	0.27	15.17	55.46	0.00	0.00
3	7	0.00	0.02	0.38	0.63	0.00
Core	CPU	C1%	C3%	C6%	C8%	C9%
-	-	0.03	1.82	10.23	11.80	0.35
0	0	0.00	0.11	12.28	2.37	2.83
0	4	0.00	0.00	7.37	29.48	0.00
1	1	0.00	0.00	0.69	0.30	0.00
1	5	0.00	0.00	3.77	59.04	0.00
2	2	0.00	0.00	0.23	1.10	0.00
2	6	0.00	0.01	0.62	1.00	0.00
3	3	0.26	14.41	56.24	0.00	0.00
3	7	0.00	0.00	0.65	1.12	0.00
Core	CPU	C1%	C3%	C6%	C8%	C9%
-	-	0.03	1.82	10.13	12.13	0.30
0	0	0.00	0.09	14.09	2.07	2.43
0	4	0.00	0.00	5.71	33.92	0.00
1	1	0.00	0.08	0.49	1.19	0.00
1	5	0.00	0.00	0.19	1.30	0.00
2	2	0.00	0.00	0.28	1.00	0.00
2	6	0.00	0.00	3.69	56.65	0.00
3	3	0.23	14.39	56.20	0.00	0.00
3	7	0.00	0.02	0.39	0.89	0.00
Core	CPU	C1%	C3%	C6%	C8%	C9%
-	-	0.00	0.74	10.11	11.23	0.00
0	0	0.00	5.90	64.68	1.41	0.00
0	4	0.00	0.00	12.02	73.65	0.00
1	1	0.00	0.03	0.32	0.90	0.00
1	5	0.00	0.00	1.22	0.79	0.00
2	2	0.00	0.00	0.22	0.40	0.00
2	6	0.00	0.01	0.97	11.13	0.00
3	3	0.00	0.00	0.98	0.79	0.00
3	7	0.00	0.00	0.47	0.79	0.00
Core	CPU	C1%	C3%	C6%	C8%	C9%
-	-	0.00	0.51	10.36	11.55	0.00
0	0	0.00	3.97	67.59	0.96	0.00
0	4	0.00	0.02	13.00	85.40	0.00
1	1	0.00	0.00	0.57	0.99	0.00
1	5	0.00	0.00	0.19	0.69	0.00
2	2	0.00	0.00	0.36	1.19	0.00
2	6	0.00	0.02	0.76	1.48	0.00
3	3	0.00	0.10	0.22	0.40	0.00
3	7	0.00	0.00	0.20	1.28	0.00
Core	CPU	C1%	C3%	C6%	C8%	C9%
-	-	0.00	0.51	9.99	11.99	0.00
0	0	0.01	3.89	60.78	7.77	0.00
0	4	0.00	0.20	13.03	43.87	0.00
1	1	0.00	0.00	0.35	1.48	0.00
1	5	0.00	0.00	1.17	1.19	0.00
2	2	0.00	0.00	0.37	0.89	0.00
2	6	0.00	0.00	2.72	40.35	0.00
3	3	0.00	0.00	0.63	0.10	0.00
3	7	0.00	0.02	0.90	0.30	0.00
Core	CPU	C1%	C3%	C6%	C8%	C9%
-	-	0.01	0.87	9.18	13.62	0.00
0	0	0.01	1.83	43.61	11.11	0.00
0	4	0.00	0.00	3.30	11.98	0.00
1	1	0.00	0.00	0.41	4.66	0.00
1	5	0.00	0.00	0.04	0.50	0.00
2	2	0.00	0.00	0.10	0.78	0.00
2	6	0.00	0.01	5.52	78.85	0.00
3	3	0.07	5.13	20.12	0.00	0.00
3	7	0.00	0.01	0.33	1.10	0.00
Core	CPU	C1%	C3%	C6%	C8%	C9%
-	-	0.04	1.82	9.82	12.26	0.40
0	0	0.00	0.10	11.24	2.86	3.18
0	4	0.00	0.00	5.64	30.79	0.00
1	1	0.00	0.00	0.45	0.89	0.00
1	5	0.00	0.00	0.43	1.88	0.00
2	2	0.00	0.02	0.29	0.99	0.00
2	6	0.00	0.01	3.52	59.74	0.00
3	3	0.29	14.43	56.28	0.00	0.00
3	7	0.00	0.00	0.68	0.90	0.00
Core	CPU	C1%	C3%	C6%	C8%	C9%
-	-	0.01	1.97	10.62	10.93	1.09
0	0	0.00	0.59	10.89	5.24	6.06
0	4	0.00	0.02	16.36	61.23	0.00
1	1	0.00	0.39	0.31	0.00	0.07
1	5	0.02	7.92	30.41	0.77	0.00
2	2	0.00	0.00	0.26	0.77	0.00
2	6	0.00	0.01	1.58	18.49	0.00
3	3	0.04	6.36	24.90	0.29	0.00
3	7	0.01	0.49	0.27	0.63	2.59
Core	CPU	C1%	C3%	C6%	C8%	C9%
-	-	0.00	1.38	11.00	11.30	0.61
0	0	0.00	2.38	34.01	5.99	4.85
0	4	0.00	0.03	18.08	80.37	0.00
1	1	0.00	0.01	0.72	0.10	0.00
1	5	0.01	8.53	33.43	0.69	0.00
2	2	0.00	0.00	0.37	0.59	0.00
2	6	0.00	0.05	0.73	0.80	0.00
3	3	0.00	0.00	0.33	0.80	0.00
3	7	0.00	0.02	0.29	1.09	0.00
Core	CPU	C1%	C3%	C6%	C8%	C9%
-	-	0.00	0.50	9.31	12.66	0.11
0	0	0.01	4.01	61.12	7.28	0.00
0	4	0.00	0.00	9.21	68.76	0.00
1	1	0.00	0.00	0.54	0.99	0.00
1	5	0.00	0.00	0.33	0.99	0.00
2	2	0.00	0.00	0.20	1.09	0.00
2	6	0.00	0.01	2.39	19.82	0.90
3	3	0.00	0.00	0.34	1.29	0.00
3	7	0.00	0.00	0.35	1.09	0.00
Core	CPU	C1%	C3%	C6%	C8%	C9%
-	-	0.02	1.72	9.27	16.72	1.27
0	0	0.01	0.84	13.01	6.82	0.12
0	4	0.00	0.00	0.28	0.71	10.01
1	1	0.12	11.63	46.17	0.89	0.00
1	5	0.00	0.00	0.45	1.18	0.00
2	2	0.00	0.00	0.14	0.59	0.00
2	6	0.00	0.01	5.89	92.69	0.00
3	3	0.01	1.20	7.20	1.68	0.00
3	7	0.04	0.07	1.01	29.15	0.00
Core	CPU	C1%	C3%	C6%	C8%	C9%
-	-	0.01	2.11	10.11	12.20	2.45
0	0	0.00	0.94	9.32	8.19	2.89
0	4	0.00	0.00	9.74	32.25	16.73
1	1	0.02	15.83	53.73	0.00	0.00
1	5	0.00	0.02	0.47	1.74	0.00
2	2	0.00	0.00	0.28	0.88	0.00
2	6	0.00	0.01	4.03	51.69	0.00
3	3	0.00	0.04	2.31	1.88	0.00
3	7	0.05	0.03	0.99	0.97	0.00
Core	CPU	C1%	C3%	C6%	C8%	C9%
-	-	0.00	0.48	10.35	12.45	0.20
0	0	0.00	3.85	64.79	4.10	0.00
0	4	0.00	0.00	12.60	59.28	1.59
1	1	0.00	0.00	1.04	2.06	0.00
1	5	0.00	0.00	1.11	1.09	0.00
2	2	0.00	0.01	0.39	0.90	0.00
2	6	0.00	0.00	1.70	28.96	0.00
3	3	0.00	0.00	0.28	0.99	0.00
3	7	0.00	0.02	0.89	2.26	0.00
Core	CPU	C1%	C3%	C6%	C8%	C9%
-	-	0.00	0.50	10.28	11.81	0.00
0	0	0.00	4.03	67.06	1.40	0.00
0	4	0.00	0.00	11.68	86.74	0.00
1	1	0.00	0.00	0.36	0.99	0.00
1	5	0.00	0.00	0.35	1.08	0.00
2	2	0.00	0.00	0.41	0.90	0.00
2	6	0.00	0.00	0.41	1.50	0.00
3	3	0.00	0.00	0.83	0.98	0.00
3	7	0.00	0.00	1.16	0.88	0.00
