Core	CPU	C1%	C3%	C6%	C8%	C9%
-	-	0.19	0.03	2.40	9.95	0.27
0	0	0.00	0.09	3.76	8.58	2.19
0	4	0.00	0.02	3.10	52.65	0.00
1	1	0.00	0.04	3.03	2.24	0.00
1	5	0.75	0.00	2.18	1.51	0.00
2	2	0.02	0.06	2.94	0.00	0.00
2	6	0.73	0.00	0.08	0.00	0.00
3	3	0.00	0.00	1.67	11.51	0.00
3	7	0.00	0.00	2.39	2.88	0.00
Core	CPU	C1%	C3%	C6%	C8%	C9%
-	-	0.02	0.01	0.83	2.20	0.00
0	0	0.00	0.03	1.16	3.28	0.00
0	4	0.12	0.02	0.93	2.07	0.00
1	1	0.00	0.00	0.75	1.96	0.00
1	5	0.00	0.00	0.23	2.09	0.00
2	2	0.00	0.03	2.12	1.06	0.00
2	6	0.00	0.00	0.50	0.00	0.00
3	3	0.00	0.00	0.39	6.15	0.00
3	7	0.00	0.03	0.58	1.00	0.00
Core	CPU	C1%	C3%	C6%	C8%	C9%
-	-	0.00	0.00	0.58	0.71	0.00
0	0	0.00	0.00	0.26	0.30	0.00
0	4	0.00	0.01	0.56	1.49	0.00
1	1	0.00	0.01	0.80	0.09	0.00
1	5	0.00	0.02	0.83	0.11	0.00
2	2	0.00	0.00	0.70	0.79	0.00
2	6	0.00	0.00	0.79	0.40	0.00
3	3	0.00	0.00	0.37	1.28	0.00
3	7	0.00	0.00	0.31	1.20	0.00
Core	CPU	C1%	C3%	C6%	C8%	C9%
-	-	0.00	0.01	0.60	1.15	0.00
0	0	0.00	0.00	0.68	1.10	0.00
0	4	0.00	0.02	0.67	1.09	0.00
1	1	0.00	0.03	1.08	1.47	0.00
1	5	0.00	0.00	0.88	0.79	0.00
2	2	0.00	0.00	0.41	1.00	0.00
2	6	0.00	0.00	0.29	1.20	0.00
3	3	0.00	0.00	0.38	1.55	0.00
3	7	0.00	0.00	0.41	0.99	0.00
Core	CPU	C1%	C3%	C6%	C8%	C9%
-	-	0.00	0.02	0.87	1.44	0.00
0	0	0.00	0.02	0.69	0.89	0.00
0	4	0.00	0.01	0.31	1.38	0.00
1	1	0.00	0.00	0.18	1.09	0.00
1	5	0.00	0.00	1.96	1.82	0.00
2	2	0.00	0.00	0.88	1.38	0.00
2	6	0.00	0.10	0.44	0.01	0.00
3	3	0.00	0.01	0.38	3.32	0.00
3	7	0.00	0.01	2.13	1.61	0.00
Core	CPU	C1%	C3%	C6%	C8%	C9%
-	-	0.00	0.44	12.90	5.48	0.14
0	0	0.01	0.88	15.35	3.74	0.11
0	4	0.00	0.14	9.76	14.85	1.00
1	1	0.01	0.59	24.96	2.60	0.00
1	5	0.00	0.03	1.93	3.51	0.02
2	2	0.01	0.63	20.67	5.15	0.00
2	6	0.00	0.06	3.84	1.45	0.00
3	3	0.01	0.96	20.27	10.21	0.00
3	7	0.00	0.20	6.43	2.31	0.00
Core	CPU	C1%	C3%	C6%	C8%	C9%
-	-	0.53	7.27	50.55	8.83	0.09
0	0	0.49	6.65	45.60	7.08	0.00
0	4	0.66	7.67	51.03	10.58	0.68
1	1	0.41	8.83	55.62	5.36	0.00
1	5	0.58	6.39	47.93	10.48	0.04
2	2	0.56	9.78	52.53	5.16	0.00
2	6	0.67	4.88	50.06	11.87	0.00
3	3	0.77	9.71	49.47	4.63	0.00
3	7	0.11	4.23	52.11	15.48	0.00
Core	CPU	C1%	C3%	C6%	C8%	C9%
-	-	0.71	8.54	54.77	5.96	0.02
0	0	0.53	5.64	50.02	11.85	0.00
0	4	0.89	8.96	59.53	2.49	0.00
1	1	0.90	8.53	53.90	5.54	0.00
1	5	1.36	12.06	47.34	7.39	0.15
2	2	0.66	10.48	52.78	1.62	0.00
2	6	0.47	6.44	60.65	6.42	0.00
3	3	0.64	10.96	49.59	4.09	0.00
3	7	0.29	5.40	65.43	8.41	0.00
Core	CPU	C1%	C3%	C6%	C8%	C9%
-	-	0.46	8.32	56.15	5.11	0.02
0	0	0.18	5.14	57.42	7.57	0.08
0	4	0.42	10.23	53.39	3.28	0.00
1	1	0.31	7.94	59.71	4.25	0.00
1	5	0.71	8.80	51.20	6.28	0.07
2	2	0.32	7.38	61.01	5.49	0.00
2	6	0.88	9.31	56.06	4.06	0.00
3	3	0.63	9.61	53.46	2.99	0.00
3	7	0.21	7.97	55.74	6.88	0.00
Core	CPU	C1%	C3%	C6%	C8%	C9%
-	-	0.31	5.55	60.28	9.79	0.00
0	0	0.39	5.45	58.43	13.20	0.00
0	4	0.52	6.28	61.60	7.66	0.00
1	1	0.13	5.47	61.16	9.49	0.00
1	5	0.21	6.53	59.66	8.76	0.01
2	2	0.41	4.58	56.61	12.74	0.00
2	6	0.17	5.13	63.50	8.55	0.00
3	3	0.09	6.28	57.76	8.63	0.00
3	7	0.58	4.71	63.59	9.26	0.00
Core	CPU	C1%	C3%	C6%	C8%	C9%
-	-	0.55	6.39	53.91	9.74	0.47
0	0	0.24	5.94	58.41	11.52	0.00
0	4	0.41	6.42	54.37	9.54	1.77
1	1	0.53	6.63	56.08	12.97	0.00
1	5	0.72	6.17	53.30	10.31	0.60
2	2	0.72	4.69	43.02	12.41	0.39
2	6	0.76	8.03	56.32	7.52	0.00
3	3	0.30	6.57	55.66	7.16	0.97
3	7	0.73	6.69	54.16	6.53	0.01
Core	CPU	C1%	C3%	C6%	C8%	C9%
-	-	0.87	7.84	46.71	8.56	0.01
0	0	0.64	7.34	50.20	10.74	0.00
0	4	0.92	6.94	47.10	10.56	0.01
1	1	0.53	6.78	50.81	12.29	0.00
1	5	1.40	11.01	39.72	2.00	0.00
2	2	0.89	6.48	45.13	9.35	0.04
2	6	0.92	7.92	44.05	9.15	0.01
3	3	0.83	7.81	48.97	6.75	0.00
3	7	0.85	8.43	47.63	7.60	0.00
Core	CPU	C1%	C3%	C6%	C8%	C9%
-	-	0.42	6.42	55.84	9.49	0.12
0	0	0.09	6.30	56.41	11.38	0.00
0	4	0.32	7.30	56.95	8.11	0.00
1	1	0.85	5.96	53.86	12.69	0.26
1	5	0.85	7.66	53.61	6.62	0.42
2	2	0.27	4.65	59.23	11.34	0.19
2	6	0.41	7.68	53.27	8.69	0.00
3	3	0.37	5.09	56.79	8.31	0.07
3	7	0.20	6.74	56.67	8.81	0.00
Core	CPU	C1%	C3%	C6%	C8%	C9%
-	-	0.23	4.57	54.09	14.76	0.20
0	0	0.17	4.33	57.14	18.49	0.00
0	4	0.26	4.73	55.45	12.22	0.00
1	1	0.17	3.56	51.46	18.47	0.00
1	5	0.23	6.22	54.00	11.74	1.63
2	2	0.42	4.07	50.69	16.93	0.00
2	6	0.28	4.56	55.16	12.31	0.00
3	3	0.11	3.89	55.60	12.38	0.00
3	7	0.23	5.21	53.35	15.58	0.00
Core	CPU	C1%	C3%	C6%	C8%	C9%
-	-	0.36	6.23	55.49	10.34	0.00
0	0	0.30	5.91	56.02	13.16	0.00
0	4	0.49	5.62	56.55	10.78	0.00
1	1	0.56	6.11	60.38	10.07	0.00
1	5	0.70	9.23	53.48	7.88	0.00
2	2	0.29	4.84	54.72	10.11	0.00
2	6	0.18	6.76	54.00	8.17	0.01
3	3	0.14	5.37	55.10	10.89	0.00
3	7	0.20	5.98	53.44	11.65	0.01
Core	CPU	C1%	C3%	C6%	C8%	C9%
-	-	0.49	7.42	57.09	7.14	0.17
0	0	0.68	7.29	55.65	8.22	0.18
0	4	0.36	7.38	54.77	7.70	0.00
1	1	0.41	6.53	55.81	10.67	0.00
1	5	1.02	10.57	52.89	3.64	0.24
2	2	0.32	7.17	58.88	6.25	0.90
2	6	0.29	7.18	61.14	6.97	0.00
3	3	0.41	5.93	59.50	7.62	0.00
3	7	0.45	7.32	58.20	6.05	0.00
Core	CPU	C1%	C3%	C6%	C8%	C9%
-	-	0.48	9.52	51.37	6.86	0.04
0	0	0.46	7.75	48.86	6.30	0.00
0	4	0.12	8.54	55.09	6.52	0.00
1	1	0.46	9.43	56.14	6.53	0.00
1	5	1.04	14.77	39.26	4.35	0.33
2	2	0.33	8.44	56.80	7.29	0.00
2	6	0.66	9.22	52.74	7.66	0.00
3	3	0.38	8.95	51.90	7.60	0.00
3	7	0.42	9.01	50.10	8.59	0.02
Core	CPU	C1%	C3%	C6%	C8%	C9%
-	-	0.41	8.02	56.30	6.13	0.01
0	0	0.25	7.42	57.73	9.51	0.00
0	4	0.31	7.02	56.58	6.06	0.03
1	1	0.14	7.23	59.09	6.34	0.00
1	5	0.98	12.23	48.95	4.35	0.04
2	2	0.26	8.08	57.00	6.63	0.00
2	6	0.11	6.95	55.35	5.57	0.00
3	3	0.44	7.47	58.65	4.92	0.00
3	7	0.79	7.76	57.03	5.64	0.00
Core	CPU	C1%	C3%	C6%	C8%	C9%
-	-	0.63	9.10	56.70	3.85	0.04
0	0	0.31	9.94	56.39	2.31	0.00
0	4	0.42	7.72	57.95	4.90	0.00
1	1	0.85	9.10	59.89	2.36	0.00
1	5	1.08	10.10	55.26	3.18	0.02
2	2	0.84	9.08	53.83	4.71	0.30
2	6	0.29	9.25	58.54	5.71	0.00
3	3	0.71	8.46	56.75	5.38	0.00
3	7	0.52	9.12	55.01	2.24	0.00
Core	CPU	C1%	C3%	C6%	C8%	C9%
-	-	0.70	12.02	53.25	2.05	0.00
0	0	0.83	12.40	54.22	0.95	0.00
0	4	0.98	11.76	51.96	1.70	0.00
1	1	0.68	11.92	52.54	3.26	0.00
1	5	0.84	13.18	51.50	2.04	0.00
2	2	0.53	12.54	52.02	1.75	0.00
2	6	0.57	10.90	55.44	3.60	0.00
3	3	0.64	11.34	53.29	1.95	0.00
3	7	0.53	12.10	54.98	1.16	0.00
Core	CPU	C1%	C3%	C6%	C8%	C9%
-	-	1.47	12.50	41.60	2.21	0.00
0	0	1.73	13.15	36.64	2.69	0.00
0	4	1.32	10.45	47.67	3.13	0.00
1	1	1.30	11.98	43.53	2.56	0.00
1	5	1.59	14.99	34.68	1.06	0.00
2	2	1.49	12.45	42.96	1.97	0.00
2	6	1.42	11.52	43.20	2.20	0.00
3	3	1.39	12.48	42.75	2.64	0.00
3	7	1.52	13.03	41.43	1.40	0.00
Core	CPU	C1%	C3%	C6%	C8%	C9%
-	-	0.89	11.15	52.05	3.13	0.00
0	0	1.34	11.19	50.39	2.12	0.00
0	4	0.41	10.62	57.81	1.25	0.00
1	1	1.40	9.84	55.70	4.60	0.00
1	5	0.69	13.08	48.32	2.73	0.00
2	2	0.71	11.91	49.94	5.09	0.00
2	6	0.97	10.80	52.16	3.51	0.00
3	3	0.74	11.59	50.29	2.74	0.00
3	7	0.84	10.21	51.73	2.99	0.00
Core	CPU	C1%	C3%	C6%	C8%	C9%
-	-	0.80	11.06	53.71	3.05	0.03
0	0	0.85	11.70	55.34	2.05	0.00
0	4	0.65	10.33	54.88	3.70	0.00
1	1	0.49	10.16	57.08	2.89	0.00
1	5	1.17	11.72	50.30	0.90	0.01
2	2	0.61	11.33	52.19	3.92	0.00
2	6	0.64	10.58	52.36	5.13	0.20
3	3	1.28	10.90	55.91	2.92	0.00
3	7	0.72	11.78	51.66	2.87	0.00
Core	CPU	C1%	C3%	C6%	C8%	C9%
-	-	0.39	7.59	56.59	7.06	0.02
0	0	0.50	8.66	55.03	8.55	0.00
0	4	0.51	6.76	56.80	7.21	0.00
1	1	0.16	6.27	55.86	11.44	0.00
1	5	0.63	7.14	57.34	8.30	0.00
2	2	0.26	8.57	58.52	6.30	0.00
2	6	0.52	7.52	54.10	4.78	0.19
3	3	0.41	9.12	59.12	4.63	0.00
3	7	0.09	6.78	56.89	5.38	0.00
Core	CPU	C1%	C3%	C6%	C8%	C9%
-	-	0.56	7.23	57.12	7.06	0.00
0	0	0.37	7.94	57.80	5.84	0.00
0	4	0.42	5.78	57.89	8.99	0.00
1	1	0.45	6.53	56.25	9.23	0.00
1	5	0.35	8.83	55.83	6.09	0.02
2	2	0.68	7.20	57.89	6.97	0.00
2	6	0.94	7.36	54.84	6.58	0.00
3	3	0.52	5.79	59.21	8.00	0.01
3	7	0.70	8.27	56.32	4.64	0.00
Core	CPU	C1%	C3%	C6%	C8%	C9%
-	-	1.35	8.69	49.34	9.89	0.05
0	0	1.23	9.52	54.77	6.38	0.00
0	4	1.65	8.44	52.87	8.19	0.00
1	1	1.03	8.38	49.18	13.43	0.00
1	5	1.43	9.69	45.11	10.80	0.37
2	2	1.66	8.20	47.93	11.80	0.00
2	6	1.40	9.49	52.00	9.62	0.00
3	3	1.32	8.74	44.85	13.80	0.00
3	7	1.07	7.02	48.02	5.09	0.00
Core	CPU	C1%	C3%	C6%	C8%	C9%
-	-	0.53	8.74	55.61	4.96	0.01
0	0	1.22	9.92	51.72	3.38	0.00
0	4	0.29	6.21	63.21	4.87	0.00
1	1	0.42	8.15	55.84	5.93	0.04
1	5	0.42	10.08	55.44	4.34	0.08
2	2	0.47	8.00	55.11	6.63	0.00
2	6	0.56	9.88	53.25	3.67	0.00
3	3	0.31	7.51	57.96	8.15	0.00
3	7	0.57	10.17	52.41	2.75	0.00
Core	CPU	C1%	C3%	C6%	C8%	C9%
-	-	0.57	9.39	54.03	5.84	0.00
0	0	0.72	9.72	51.33	4.90	0.00
0	4	0.39	7.21	57.56	7.75	0.01
1	1	0.36	8.44	55.78	8.08	0.00
1	5	0.73	12.12	50.18	3.51	0.00
2	2	0.72	8.88	54.48	3.39	0.00
2	6	0.43	8.65	53.44	8.98	0.00
3	3	0.75	10.34	54.87	5.07	0.00
3	7	0.43	9.77	54.78	5.06	0.00
Core	CPU	C1%	C3%	C6%	C8%	C9%
-	-	0.63	9.97	52.38	4.75	0.02
0	0	0.58	10.42	51.34	3.91	0.02
0	4	0.40	10.08	51.55	5.88	0.00
1	1	0.73	7.89	55.37	8.48	0.02
1	5	1.70	13.71	42.19	2.40	0.15
2	2	0.40	9.57	58.04	3.41	0.00
2	6	0.33	10.10	53.39	2.78	0.00
3	3	0.53	9.27	53.55	5.67	0.00
3	7	0.35	8.74	53.50	5.43	0.00
Core	CPU	C1%	C3%	C6%	C8%	C9%
-	-	0.58	10.25	53.54	4.31	0.00
0	0	0.18	11.36	49.55	4.16	0.00
0	4	0.35	9.28	56.87	6.43	0.00
1	1	0.98	10.19	53.15	4.89	0.00
1	5	0.77	12.59	49.18	3.42	0.00
2	2	0.58	8.74	56.56	3.48	0.00
2	6	0.71	9.95	54.15	3.62	0.00
3	3	0.22	9.04	56.54	5.63	0.00
3	7	0.88	10.82	52.26	2.84	0.00
Core	CPU	C1%	C3%	C6%	C8%	C9%
-	-	0.50	9.43	55.17	5.58	0.00
0	0	0.67	9.95	54.67	5.16	0.00
0	4	0.45	9.26	56.93	5.19	0.00
1	1	0.48	9.15	55.05	6.00	0.00
1	5	0.63	11.56	51.38	5.37	0.00
2	2	0.32	9.63	55.10	4.98	0.00
2	6	0.71	7.94	59.51	4.70	0.00
3	3	0.42	8.92	56.53	4.98	0.00
3	7	0.34	9.00	52.16	8.26	0.00
Core	CPU	C1%	C3%	C6%	C8%	C9%
-	-	0.34	5.26	57.80	9.17	0.07
0	0	0.56	4.74	60.69	8.41	0.00
0	4	0.55	5.10	59.00	8.98	0.00
1	1	0.08	4.08	55.28	13.04	0.00
1	5	0.32	6.46	57.17	8.26	0.58
2	2	0.35	6.00	56.71	9.89	0.00
2	6	0.17	5.14	57.22	8.93	0.00
3	3	0.22	5.94	59.82	7.56	0.00
3	7	0.49	4.68	56.97	8.38	0.00
Core	CPU	C1%	C3%	C6%	C8%	C9%
-	-	0.43	4.88	54.80	14.91	0.01
0	0	0.36	5.27	56.92	16.38	0.00
0	4	0.29	4.95	55.01	17.45	0.00
1	1	0.45	3.87	55.32	17.99	0.00
1	5	0.33	5.93	52.03	17.74	0.00
2	2	0.53	4.78	49.50	18.67	0.00
2	6	0.44	5.86	59.04	10.52	0.10
3	3	0.45	4.44	57.51	14.37	0.00
3	7	0.55	3.93	52.66	6.00	0.00
Core	CPU	C1%	C3%	C6%	C8%	C9%
-	-	1.18	5.53	58.02	9.93	0.05
0	0	1.31	6.58	57.36	9.52	0.00
0	4	1.00	5.01	61.43	9.32	0.00
1	1	0.82	5.51	56.83	12.60	0.00
1	5	1.43	6.12	59.11	8.07	0.00
2	2	1.91	5.60	53.30	9.89	0.00
2	6	0.85	5.65	60.12	8.72	0.40
3	3	1.09	4.86	58.47	12.78	0.00
3	7	1.01	4.90	57.60	8.60	0.00
Core	CPU	C1%	C3%	C6%	C8%	C9%
-	-	0.34	6.99	55.03	8.04	0.06
0	0	0.20	5.92	55.99	7.85	0.00
0	4	0.32	6.46	54.95	8.58	0.00
1	1	0.18	6.48	59.42	5.72	0.00
1	5	0.50	8.46	51.73	6.58	0.30
2	2	0.29	6.71	54.23	7.18	0.16
2	6	0.66	8.33	56.68	5.08	0.00
3	3	0.37	5.80	52.21	13.34	0.00
3	7	0.20	7.82	55.24	10.03	0.00
Core	CPU	C1%	C3%	C6%	C8%	C9%
-	-	0.36	5.11	56.44	11.26	0.19
0	0	0.16	4.90	56.00	13.18	0.00
0	4	0.24	5.28	59.97	9.85	0.11
1	1	0.38	4.76	59.45	12.46	0.00
1	5	0.48	8.10	52.32	8.86	0.49
2	2	0.79	4.23	56.32	9.13	0.27
2	6	0.29	4.20	56.91	12.55	0.30
3	3	0.41	3.95	57.51	13.71	0.00
3	7	0.15	5.46	53.15	10.36	0.38
Core	CPU	C1%	C3%	C6%	C8%	C9%
-	-	0.41	6.03	56.53	7.71	0.03
0	0	0.30	5.89	57.20	7.57	0.00
0	4	0.15	5.98	55.68	8.50	0.00
1	1	0.26	4.18	58.28	11.62	0.00
1	5	0.51	7.87	53.86	4.46	0.21
2	2	0.65	5.63	55.73	6.97	0.00
2	6	0.63	5.90	54.45	7.63	0.00
3	3	0.12	7.22	58.08	6.57	0.00
3	7	0.62	5.50	58.69	8.35	0.00
Core	CPU	C1%	C3%	C6%	C8%	C9%
-	-	0.51	8.10	57.26	6.43	0.04
0	0	0.67	7.98	55.19	6.26	0.00
0	4	0.35	9.11	59.91	5.52	0.00
1	1	0.36	5.91	58.96	7.09	0.05
1	5	1.06	10.32	54.74	5.40	0.04
2	2	0.26	7.67	56.33	9.71	0.21
2	6	0.44	7.57	59.35	5.90	0.00
3	3	0.76	8.83	55.99	5.42	0.00
3	7	0.22	7.41	57.57	6.14	0.00
Core	CPU	C1%	C3%	C6%	C8%	C9%
-	-	0.34	6.32	55.72	8.68	0.03
0	0	0.39	6.43	56.77	7.90	0.00
0	4	0.34	5.27	55.60	12.20	0.00
1	1	0.56	6.08	58.56	8.83	0.00
1	5	0.32	8.24	54.69	8.25	0.23
2	2	0.08	5.62	55.31	11.37	0.00
2	6	0.26	5.77	58.38	7.54	0.00
3	3	0.49	6.68	52.80	5.84	0.00
3	7	0.30	6.54	54.34	7.64	0.00
Core	CPU	C1%	C3%	C6%	C8%	C9%
-	-	0.29	5.10	58.65	9.50	0.04
0	0	0.40	5.32	55.85	11.24	0.00
0	4	0.27	4.87	59.96	7.95	0.00
1	1	0.20	4.68	58.46	13.40	0.00
1	5	0.59	6.40	59.62	7.23	0.00
2	2	0.14	4.04	50.49	13.55	0.30
2	6	0.48	6.01	65.00	7.40	0.00
3	3	0.14	4.77	61.32	6.47	0.00
3	7	0.13	4.65	57.74	8.66	0.00
Core	CPU	C1%	C3%	C6%	C8%	C9%
-	-	1.19	8.34	49.43	10.18	0.03
0	0	1.21	7.72	50.09	13.22	0.00
0	4	0.85	7.40	52.87	11.09	0.00
1	1	1.03	7.93	47.88	14.26	0.00
1	5	1.11	9.79	39.37	2.43	0.17
2	2	1.36	8.78	56.54	6.17	0.01
2	6	1.23	9.17	46.71	8.62	0.00
3	3	0.98	8.04	52.24	10.58	0.00
3	7	1.78	7.92	49.98	15.15	0.02
Core	CPU	C1%	C3%	C6%	C8%	C9%
-	-	0.45	8.63	51.99	8.99	0.02
0	0	0.36	7.50	54.14	10.72	0.00
0	4	0.39	8.91	52.66	9.86	0.00
1	1	0.49	7.33	52.53	10.18	0.01
1	5	0.77	12.83	44.98	5.31	0.17
2	2	0.23	8.70	51.59	8.67	0.00
2	6	0.35	7.36	52.79	9.86	0.00
3	3	0.55	9.06	51.47	7.45	0.00
3	7	0.48	7.28	55.51	9.85	0.00
Core	CPU	C1%	C3%	C6%	C8%	C9%
-	-	0.31	7.70	55.67	7.67	0.02
0	0	0.30	7.05	57.35	6.98	0.00
0	4	0.14	8.26	56.45	8.16	0.00
1	1	0.16	6.87	58.19	6.09	0.00
1	5	0.49	9.22	53.88	6.52	0.08
2	2	0.37	7.09	55.43	10.87	0.01
2	6	0.34	7.81	53.57	7.54	0.01
3	3	0.43	8.43	54.34	9.52	0.00
3	7	0.29	6.88	56.33	5.67	0.10
Core	CPU	C1%	C3%	C6%	C8%	C9%
-	-	0.30	7.38	55.79	7.56	0.00
0	0	0.36	7.12	53.52	7.83	0.00
0	4	0.23	6.83	57.42	7.11	0.00
1	1	0.15	6.85	52.69	8.80	0.00
1	5	0.46	8.88	60.82	4.19	0.00
2	2	0.19	6.42	55.44	11.98	0.00
2	6	0.31	8.15	55.68	6.80	0.00
3	3	0.31	7.62	55.37	7.85	0.00
3	7	0.44	7.21	55.49	5.94	0.00
Core	CPU	C1%	C3%	C6%	C8%	C9%
-	-	0.95	7.55	48.17	11.29	0.06
0	0	0.98	8.47	53.39	10.15	0.00
0	4	0.73	7.13	48.56	16.20	0.00
1	1	0.64	6.89	50.18	11.10	0.00
1	5	2.11	8.74	47.22	13.98	0.00
2	2	0.89	7.76	48.65	15.31	0.00
2	6	0.70	8.30	44.32	12.88	0.50
3	3	0.60	6.89	45.32	2.70	0.00
3	7	0.94	6.20	47.50	7.90	0.00
Core	CPU	C1%	C3%	C6%	C8%	C9%
-	-	0.52	9.66	55.08	4.75	0.04
0	0	0.42	9.57	57.11	4.41	0.01
0	4	0.59	8.96	54.14	7.09	0.00
1	1	0.39	9.49	57.42	4.80	0.00
1	5	0.70	12.13	48.60	1.98	0.28
2	2	0.41	8.26	57.04	5.88	0.01
2	6	0.63	10.64	55.08	3.57	0.00
3	3	0.67	8.03	56.34	5.88	0.00
3	7	0.38	10.23	54.92	4.36	0.00
Core	CPU	C1%	C3%	C6%	C8%	C9%
-	-	0.49	8.83	54.34	5.16	0.07
0	0	0.63	8.77	54.18	5.35	0.00
0	4	0.41	7.99	58.39	5.03	0.00
1	1	0.29	7.61	55.11	9.19	0.10
1	5	0.51	10.49	48.16	3.88	0.22
2	2	0.51	9.06	53.96	4.75	0.00
2	6	0.47	8.40	50.99	5.44	0.10
3	3	0.43	9.67	56.17	4.18	0.11
3	7	0.67	8.68	57.76	3.49	0.02
Core	CPU	C1%	C3%	C6%	C8%	C9%
-	-	0.45	7.85	56.86	7.47	0.00
0	0	0.69	8.10	56.82	7.23	0.00
0	4	0.32	7.24	58.71	6.37	0.00
1	1	0.36	8.32	55.81	7.32	0.00
1	5	0.77	10.49	52.28	5.36	0.02
2	2	0.30	6.92	58.51	6.86	0.01
2	6	0.46	6.19	59.99	9.25	0.00
3	3	0.29	7.06	52.61	13.61	0.00
3	7	0.37	8.49	60.15	3.72	0.00
Core	CPU	C1%	C3%	C6%	C8%	C9%
-	-	0.82	11.36	48.07	6.20	0.02
0	0	0.92	10.04	53.23	6.94	0.00
0	4	0.72	11.51	51.39	7.11	0.00
1	1	0.58	10.65	48.99	8.53	0.00
1	5	1.30	16.85	38.73	1.86	0.15
2	2	0.39	7.86	40.71	6.11	0.00
2	6	1.23	11.81	48.90	6.92	0.00
3	3	0.64	11.42	52.12	4.24	0.00
3	7	0.76	10.77	50.53	7.90	0.00
Core	CPU	C1%	C3%	C6%	C8%	C9%
-	-	0.62	8.49	50.06	9.77	0.01
0	0	0.57	8.08	52.50	10.67	0.00
0	4	0.48	9.19	53.26	7.01	0.00
1	1	0.46	7.80	48.59	13.74	0.00
1	5	0.70	12.89	40.95	2.50	0.07
2	2	0.51	5.89	51.32	13.18	0.00
2	6	0.47	7.98	52.16	11.08	0.00
3	3	0.97	8.55	53.07	8.58	0.00
3	7	0.79	7.61	48.98	11.46	0.00
Core	CPU	C1%	C3%	C6%	C8%	C9%
-	-	1.08	11.35	48.44	4.32	0.04
0	0	0.82	10.91	48.26	6.60	0.00
0	4	1.46	11.00	50.14	3.39	0.00
1	1	0.82	9.47	51.75	5.30	0.00
1	5	1.85	16.25	30.77	2.94	0.35
2	2	0.67	11.18	51.68	3.18	0.00
2	6	1.04	10.72	50.84	4.64	0.00
3	3	0.71	10.44	52.02	4.34	0.00
3	7	1.24	10.72	51.72	4.16	0.00
Core	CPU	C1%	C3%	C6%	C8%	C9%
-	-	1.33	11.76	47.28	4.64	0.05
0	0	1.50	11.06	46.69	5.32	0.00
0	4	1.10	10.18	46.98	7.95	0.00
1	1	1.40	9.90	51.06	6.40	0.00
1	5	2.10	17.00	33.78	1.63	0.32
2	2	1.21	11.14	49.68	4.34	0.01
2	6	1.23	11.76	49.64	4.07	0.00
3	3	0.88	12.09	49.86	2.59	0.04
3	7	1.19	10.93	50.53	4.80	0.00
Core	CPU	C1%	C3%	C6%	C8%	C9%
-	-	0.62	6.49	54.58	11.46	0.20
0	0	0.50	5.94	56.40	12.11	0.00
0	4	0.35	5.41	55.48	15.42	0.00
1	1	0.73	4.64	54.43	14.06	0.00
1	5	0.73	10.14	50.19	6.41	1.61
2	2	0.60	7.31	55.27	10.30	0.00
2	6	0.62	6.67	52.67	13.94	0.01
3	3	0.59	6.38	50.64	13.43	0.01
3	7	0.83	5.47	61.90	6.08	0.01
Core	CPU	C1%	C3%	C6%	C8%	C9%
-	-	0.53	8.97	54.81	7.19	0.07
0	0	0.96	8.74	53.49	10.12	0.00
0	4	0.96	8.95	54.37	7.16	0.00
1	1	0.11	8.52	57.98	7.81	0.00
1	5	0.76	11.77	49.42	7.84	0.59
2	2	0.50	7.09	50.60	4.09	0.00
2	6	0.30	9.47	55.63	7.70	0.00
3	3	0.35	9.78	59.28	5.24	0.00
3	7	0.33	7.49	58.16	7.65	0.01
Core	CPU	C1%	C3%	C6%	C8%	C9%
-	-	1.22	9.88	54.40	6.61	0.06
0	0	1.31	9.47	54.48	7.83	0.03
0	4	1.04	9.57	53.88	9.12	0.06
1	1	0.98	9.94	57.86	4.84	0.00
1	5	1.12	10.70	53.84	6.00	0.00
2	2	2.07	8.81	48.60	5.62	0.00
2	6	1.33	10.41	53.86	6.56	0.39
3	3	0.94	10.46	56.21	5.47	0.00
3	7	0.99	9.57	55.70	7.35	0.00
Core	CPU	C1%	C3%	C6%	C8%	C9%
-	-	0.43	7.11	56.10	8.12	0.13
0	0	0.50	7.35	58.83	6.31	0.22
0	4	0.39	6.58	55.52	10.77	0.00
1	1	0.22	6.09	55.95	9.82	0.00
1	5	0.58	9.28	51.66	6.39	0.79
2	2	0.38	7.23	57.51	7.95	0.00
2	6	0.16	7.17	54.10	8.98	0.00
3	3	0.89	6.68	56.15	8.24	0.00
3	7	0.32	6.52	59.07	6.51	0.00
Core	CPU	C1%	C3%	C6%	C8%	C9%
-	-	0.39	6.69	56.74	8.53	0.06
0	0	0.27	5.85	61.80	5.05	0.00
0	4	0.27	6.67	55.80	11.41	0.00
1	1	0.22	4.52	55.57	12.06	0.00
1	5	0.81	9.86	54.15	6.68	0.15
2	2	0.36	6.90	54.82	10.06	0.01
2	6	0.28	6.15	57.75	7.22	0.00
3	3	0.38	6.32	52.17	10.11	0.31
3	7	0.58	7.27	61.90	5.67	0.00
Core	CPU	C1%	C3%	C6%	C8%	C9%
-	-	0.65	10.30	52.37	5.10	0.00
0	0	0.50	11.27	50.32	5.41	0.00
0	4	0.57	9.25	54.13	7.26	0.00
1	1	0.63	8.48	54.06	7.04	0.00
1	5	0.99	13.20	45.01	2.75	0.00
2	2	0.64	7.96	57.27	6.20	0.00
2	6	0.64	10.43	52.24	4.82	0.00
3	3	0.68	10.01	53.59	3.64	0.00
3	7	0.53	11.80	52.54	3.71	0.00
Core	CPU	C1%	C3%	C6%	C8%	C9%
-	-	0.58	8.37	53.06	8.65	0.01
0	0	0.39	8.36	58.65	5.88	0.00
0	4	0.56	7.12	54.40	8.15	0.00
1	1	0.64	8.18	51.93	8.33	0.00
1	5	0.51	12.30	48.49	5.15	0.09
2	2	0.33	7.77	52.93	11.52	0.00
2	6	1.10	8.12	52.23	8.37	0.00
3	3	0.55	7.99	54.08	8.57	0.00
3	7	0.59	7.11	51.57	13.18	0.00
Core	CPU	C1%	C3%	C6%	C8%	C9%
-	-	0.46	7.12	50.36	9.22	0.12
0	0	0.38	7.94	54.54	7.72	0.00
0	4	0.35	6.85	48.13	7.60	0.00
1	1	0.37	6.00	51.72	10.25	0.01
1	5	0.66	9.59	48.44	9.91	0.72
2	2	0.35	6.51	50.16	7.20	0.26
2	6	0.45	8.22	49.00	7.59	0.00
3	3	0.27	5.93	47.62	12.38	0.00
3	7	0.88	5.91	53.36	11.12	0.00
Core	CPU	C1%	C3%	C6%	C8%	C9%
-	-	0.38	6.06	53.77	10.39	0.43
0	0	0.30	5.72	55.63	10.81	0.00
0	4	0.22	4.78	47.81	12.87	0.00
1	1	0.45	5.94	53.55	11.07	0.00
1	5	0.43	8.47	47.16	8.55	3.43
2	2	0.39	5.53	57.77	10.09	0.00
2	6	0.56	6.33	58.07	8.69	0.00
3	3	0.24	6.33	52.28	8.93	0.00
3	7	0.40	5.42	57.76	12.12	0.02
Core	CPU	C1%	C3%	C6%	C8%	C9%
-	-	0.53	5.68	54.10	9.82	0.23
0	0	0.35	4.85	54.75	9.26	0.00
0	4	0.31	5.57	53.42	13.07	0.00
1	1	0.62	4.76	55.91	11.12	0.00
1	5	0.78	7.76	53.16	6.02	1.83
2	2	0.71	5.13	54.04	8.37	0.00
2	6	0.50	6.23	52.97	7.38	0.00
3	3	0.66	6.59	59.25	6.47	0.00
3	7	0.36	4.54	49.26	16.87	0.00
Core	CPU	C1%	C3%	C6%	C8%	C9%
-	-	0.51	7.56	54.50	11.15	0.22
0	0	0.37	5.35	40.84	8.46	0.00
0	4	1.24	8.40	53.18	14.65	0.50
1	1	0.43	7.09	57.82	11.83	0.00
1	5	0.22	9.94	57.33	7.26	1.26
2	2	0.28	7.89	59.74	11.04	0.00
2	6	0.32	6.86	58.64	11.88	0.00
3	3	0.69	7.19	53.43	15.04	0.00
3	7	0.51	7.77	55.03	9.03	0.00
Core	CPU	C1%	C3%	C6%	C8%	C9%
-	-	0.46	6.21	54.78	8.86	0.21
0	0	0.40	5.88	51.89	9.23	0.00
0	4	0.36	5.82	52.35	10.14	0.12
1	1	0.39	6.29	57.60	7.92	0.00
1	5	0.35	6.63	51.52	6.77	1.57
2	2	0.36	6.72	57.61	6.05	0.00
2	6	1.16	5.74	53.73	14.11	0.00
3	3	0.35	5.94	58.28	11.20	0.00
3	7	0.28	6.69	55.22	5.43	0.00
Core	CPU	C1%	C3%	C6%	C8%	C9%
-	-	0.80	10.57	54.67	3.22	0.02
0	0	0.82	9.38	53.21	5.01	0.00
0	4	0.71	9.00	55.90	4.82	0.00
1	1	0.66	8.99	56.03	4.39	0.00
1	5	1.03	14.99	48.12	1.83	0.04
2	2	0.80	10.70	57.89	0.71	0.00
2	6	0.90	11.27	55.99	1.51	0.11
3	3	0.66	9.82	54.58	4.72	0.01
3	7	0.81	10.44	55.70	2.80	0.00
Core	CPU	C1%	C3%	C6%	C8%	C9%
-	-	0.43	8.75	54.93	7.06	0.11
0	0	0.64	8.49	54.12	8.68	0.00
0	4	0.42	10.93	56.51	5.57	0.00
1	1	0.40	7.48	57.28	9.06	0.00
1	5	0.72	11.86	48.63	3.10	0.90
2	2	0.26	7.34	57.86	6.63	0.00
2	6	0.27	8.35	54.08	10.06	0.00
3	3	0.30	7.19	54.50	8.65	0.00
3	7	0.38	8.36	56.37	4.76	0.00
Core	CPU	C1%	C3%	C6%	C8%	C9%
-	-	0.31	7.03	58.68	7.21	0.00
0	0	0.52	6.98	53.06	9.53	0.00
0	4	0.21	6.08	57.00	8.65	0.00
1	1	0.19	6.26	61.34	6.65	0.00
1	5	0.54	9.71	57.17	2.53	0.02
2	2	0.42	6.28	60.19	8.95	0.00
2	6	0.18	7.35	61.97	4.46	0.00
3	3	0.20	6.61	58.07	9.73	0.00
3	7	0.24	6.98	60.64	7.18	0.00
Core	CPU	C1%	C3%	C6%	C8%	C9%
-	-	0.53	8.71	57.38	5.03	0.01
0	0	0.30	7.74	58.06	4.82	0.00
0	4	0.45	8.45	60.45	5.78	0.00
1	1	0.48	7.11	55.88	7.75	0.00
1	5	0.62	11.72	51.02	4.25	0.05
2	2	0.87	9.75	58.63	3.20	0.00
2	6	0.34	8.28	58.53	5.35	0.00
3	3	0.56	8.70	56.91	5.46	0.00
3	7	0.62	7.92	59.60	3.59	0.00
Core	CPU	C1%	C3%	C6%	C8%	C9%
-	-	0.86	12.66	52.83	1.77	0.00
0	0	0.74	12.39	51.10	2.09	0.00
0	4	0.71	11.19	56.52	2.60	0.00
1	1	1.05	11.98	55.00	2.66	0.00
1	5	0.85	15.28	48.66	0.74	0.00
2	2	0.70	12.69	52.17	1.57	0.00
2	6	0.74	12.45	52.94	1.20	0.00
3	3	1.07	13.61	51.26	1.98	0.00
3	7	1.06	11.72	55.06	1.31	0.00
Core	CPU	C1%	C3%	C6%	C8%	C9%
-	-	0.54	6.95	52.34	13.85	0.06
0	0	0.64	5.76	55.80	18.90	0.00
0	4	0.69	8.08	59.56	9.63	0.00
1	1	0.46	4.44	42.20	4.33	0.00
1	5	0.63	7.72	52.16	11.73	0.00
2	2	0.86	7.91	54.82	13.93	0.00
2	6	0.39	7.96	54.44	14.16	0.21
3	3	0.47	5.76	47.66	18.62	0.29
3	7	0.22	7.95	51.83	19.46	0.00
Core	CPU	C1%	C3%	C6%	C8%	C9%
-	-	1.67	10.58	50.84	3.46	0.02
0	0	1.61	11.22	52.20	3.74	0.00
0	4	2.04	9.99	49.43	3.89	0.04
1	1	1.93	8.69	52.93	3.90	0.00
1	5	1.55	12.34	47.41	1.66	0.01
2	2	2.04	12.27	49.82	1.45	0.00
2	6	1.61	8.82	52.08	6.32	0.15
3	3	1.40	10.63	49.73	2.83	0.00
3	7	1.17	10.70	53.21	3.87	0.00
Core	CPU	C1%	C3%	C6%	C8%	C9%
-	-	0.42	10.71	51.21	5.31	0.02
0	0	0.70	9.39	52.94	7.15	0.00
0	4	0.13	9.50	51.28	8.89	0.00
1	1	0.31	9.15	53.79	4.92	0.00
1	5	0.80	16.57	38.43	2.63	0.17
2	2	0.36	11.20	50.67	4.26	0.00
2	6	0.35	9.45	56.44	4.27	0.00
3	3	0.31	11.13	54.24	3.47	0.00
3	7	0.43	9.29	51.88	6.90	0.00
Core	CPU	C1%	C3%	C6%	C8%	C9%
-	-	0.64	10.83	51.87	4.01	0.00
0	0	0.47	10.54	55.12	3.12	0.00
0	4	0.48	9.10	53.28	4.55	0.00
1	1	0.44	9.40	52.71	6.06	0.00
1	5	1.25	15.12	38.51	0.93	0.00
2	2	0.50	10.10	54.54	3.98	0.00
2	6	0.50	11.14	55.21	3.86	0.00
3	3	0.88	10.45	54.77	3.89	0.00
3	7	0.61	10.84	51.09	5.70	0.00
Core	CPU	C1%	C3%	C6%	C8%	C9%
-	-	0.40	9.11	52.43	7.26	0.11
0	0	0.38	9.05	54.15	6.57	0.00
0	4	0.58	8.55	54.79	6.08	0.01
1	1	0.08	7.91	51.51	10.47	0.00
1	5	0.58	14.21	43.93	3.95	0.07
2	2	0.48	8.39	54.70	6.52	0.01
2	6	0.30	8.40	53.92	6.39	0.30
3	3	0.15	7.64	53.88	10.59	0.00
3	7	0.68	8.71	52.44	7.50	0.50
Core	CPU	C1%	C3%	C6%	C8%	C9%
-	-	0.65	12.38	48.41	3.69	0.01
0	0	0.31	12.43	49.77	3.82	0.00
0	4	0.34	12.14	51.42	4.24	0.00
1	1	0.52	11.38	50.07	4.31	0.00
1	5	1.52	16.48	32.50	1.86	0.00
2	2	0.41	10.80	53.18	4.60	0.00
2	6	0.86	11.67	49.76	4.75	0.00
3	3	0.70	12.37	49.96	2.26	0.00
3	7	0.55	11.73	50.54	3.69	0.12
Core	CPU	C1%	C3%	C6%	C8%	C9%
-	-	0.58	9.46	53.50	5.61	0.00
0	0	0.54	9.72	57.56	3.19	0.00
0	4	0.32	8.20	54.88	5.39	0.02
1	1	0.37	7.92	55.16	6.25	0.00
1	5	1.00	12.98	45.26	4.45	0.00
2	2	0.13	7.97	53.55	9.31	0.00
2	6	0.80	10.08	54.45	4.61	0.00
3	3	0.79	8.87	53.82	4.07	0.00
3	7	0.69	9.96	53.31	7.59	0.00
Core	CPU	C1%	C3%	C6%	C8%	C9%
-	-	0.63	9.31	53.95	5.22	0.05
0	0	0.73	9.14	53.19	5.57	0.00
0	4	0.57	8.03	55.66	7.22	0.00
1	1	0.45	9.04	55.61	5.24	0.00
1	5	0.87	13.35	46.76	3.06	0.42
2	2	0.85	7.98	55.38	6.14	0.00
2	6	0.70	8.87	54.73	4.62	0.00
3	3	0.55	10.10	53.41	5.72	0.01
3	7	0.34	8.01	56.90	4.24	0.00
Core	CPU	C1%	C3%	C6%	C8%	C9%
-	-	2.03	10.91	49.89	6.76	0.05
0	0	0.90	7.36	37.42	3.30	0.00
0	4	2.69	13.83	47.13	6.65	0.00
1	1	2.37	9.78	52.08	9.41	0.00
1	5	2.04	13.91	47.99	5.24	0.36
2	2	1.70	10.52	53.10	10.85	0.00
2	6	2.49	10.08	56.35	5.35	0.00
3	3	2.31	11.74	53.37	6.93	0.00
3	7	1.72	10.04	51.68	6.31	0.00
Core	CPU	C1%	C3%	C6%	C8%	C9%
-	-	4.56	11.23	47.86	2.65	0.03
0	0	5.16	10.55	50.75	2.29	0.00
0	4	4.17	11.29	48.27	3.86	0.00
1	1	4.19	10.45	50.88	2.68	0.00
1	5	5.17	12.43	46.20	2.32	0.21
2	2	4.23	11.26	48.64	3.79	0.05
2	6	4.81	11.68	44.39	2.15	0.00
3	3	3.65	11.65	49.20	1.49	0.00
3	7	5.08	10.51	44.55	2.59	0.00
Core	CPU	C1%	C3%	C6%	C8%	C9%
-	-	0.32	5.45	58.85	11.75	0.06
0	0	0.40	5.35	59.41	9.14	0.00
0	4	0.19	5.31	57.37	9.78	0.00
1	1	0.26	4.72	59.42	11.88	0.00
1	5	0.29	6.51	57.59	9.75	0.36
2	2	0.44	5.53	62.19	10.95	0.00
2	6	0.38	5.42	56.03	19.02	0.00
3	3	0.22	5.61	62.07	11.52	0.11
3	7	0.42	5.15	56.76	11.98	0.00
Core	CPU	C1%	C3%	C6%	C8%	C9%
-	-	0.42	6.65	57.91	7.17	0.21
0	0	0.41	5.86	55.80	9.96	0.00
0	4	0.33	6.37	58.95	7.26	0.00
1	1	0.52	5.93	59.52	3.72	1.51
1	5	0.23	7.84	59.61	3.68	0.00
2	2	0.31	8.65	58.21	4.25	0.19
2	6	0.24	5.97	55.77	10.38	0.00
3	3	0.65	6.28	56.54	9.74	0.00
3	7	0.66	6.38	59.36	8.48	0.00
Core	CPU	C1%	C3%	C6%	C8%	C9%
-	-	0.41	6.81	56.82	9.46	0.10
0	0	0.38	6.80	61.64	6.76	0.00
0	4	0.30	6.76	57.03	9.45	0.00
1	1	0.67	6.57	58.47	7.78	0.00
1	5	0.42	8.31	52.07	8.36	0.31
2	2	0.47	6.70	59.03	9.44	0.00
2	6	0.16	6.96	53.99	9.48	0.00
3	3	0.26	5.53	55.65	11.54	0.51
3	7	0.61	6.76	56.09	12.76	0.00
Core	CPU	C1%	C3%	C6%	C8%	C9%
-	-	0.53	9.35	54.39	5.03	0.00
0	0	0.61	9.08	54.77	6.32	0.00
0	4	0.69	8.08	58.33	4.96	0.00
1	1	0.21	8.43	51.44	6.82	0.00
1	5	0.63	13.52	50.38	1.19	0.00
2	2	0.49	9.14	57.01	4.37	0.00
2	6	0.51	9.09	55.95	3.16	0.00
3	3	0.64	8.30	55.85	5.26	0.01
3	7	0.43	9.22	51.91	8.24	0.00
Core	CPU	C1%	C3%	C6%	C8%	C9%
-	-	0.74	10.01	53.81	4.20	0.00
0	0	0.68	9.46	52.37	4.10	0.00
0	4	0.64	10.78	52.78	5.53	0.00
1	1	0.61	8.74	58.42	5.51	0.00
1	5	0.94	13.20	50.52	2.02	0.00
2	2	0.93	9.53	53.34	5.09	0.00
2	6	0.82	10.67	54.73	4.18	0.00
3	3	0.74	9.19	53.15	4.21	0.00
3	7	0.54	8.41	54.66	2.96	0.00
Core	CPU	C1%	C3%	C6%	C8%	C9%
-	-	0.56	9.43	54.60	5.89	0.03
0	0	0.43	8.62	53.85	7.59	0.00
0	4	0.55	9.08	58.98	5.09	0.00
1	1	0.27	9.01	55.82	7.84	0.00
1	5	0.79	13.11	45.19	2.63	0.03
2	2	0.49	9.17	56.24	6.37	0.00
2	6	0.74	8.52	56.40	6.71	0.00
3	3	0.41	9.06	55.65	6.09	0.21
3	7	0.78	8.91	54.86	4.79	0.00
Core	CPU	C1%	C3%	C6%	C8%	C9%
-	-	3.51	10.75	43.68	6.24	0.07
0	0	3.72	11.08	48.45	4.64	0.00
0	4	3.36	9.55	45.50	7.21	0.04
1	1	4.02	10.51	43.22	6.67	0.00
1	5	4.25	14.69	36.77	3.23	0.51
2	2	2.75	10.30	43.14	8.95	0.00
2	6	3.19	9.98	43.89	6.77	0.00
3	3	3.54	9.76	43.56	7.56	0.00
3	7	3.22	10.13	44.89	4.87	0.00
Core	CPU	C1%	C3%	C6%	C8%	C9%
-	-	1.22	11.31	49.15	4.23	0.06
0	0	1.18	10.98	50.14	4.01	0.00
0	4	1.15	11.66	50.05	2.79	0.00
1	1	0.90	9.86	54.38	4.77	0.01
1	5	1.15	12.41	44.08	2.56	0.20
2	2	2.13	10.88	50.16	5.24	0.00
2	6	1.32	10.67	46.58	4.01	0.25
3	3	1.38	13.23	46.57	4.38	0.00
3	7	0.55	10.81	51.18	6.10	0.00
Core	CPU	C1%	C3%	C6%	C8%	C9%
-	-	6.49	12.05	39.38	4.71	0.03
0	0	6.71	14.11	43.57	3.52	0.00
0	4	6.99	13.51	40.36	5.22	0.00
1	1	7.68	12.20	42.66	4.42	0.00
1	5	7.20	12.34	39.57	4.89	0.21
2	2	5.73	12.62	43.96	4.03	0.00
2	6	6.82	12.39	40.10	5.56	0.00
3	3	6.18	13.09	37.82	7.63	0.00
3	7	4.57	6.11	26.97	2.40	0.00
Core	CPU	C1%	C3%	C6%	C8%	C9%
-	-	9.24	12.04	37.05	1.77	0.01
0	0	9.03	12.01	36.66	1.15	0.00
0	4	10.43	11.78	35.33	1.54	0.04
1	1	9.77	12.30	37.68	1.50	0.01
1	5	9.16	12.48	37.87	1.39	0.00
2	2	8.17	13.59	34.39	1.54	0.00
2	6	10.22	11.72	36.98	1.93	0.00
3	3	8.42	11.97	37.89	2.02	0.00
3	7	8.72	10.50	39.64	3.06	0.01
Core	CPU	C1%	C3%	C6%	C8%	C9%
-	-	6.69	9.73	37.97	3.93	0.07
0	0	6.44	9.53	38.01	3.50	0.00
0	4	6.11	9.40	38.13	5.88	0.04
1	1	5.48	10.31	37.94	3.32	0.00
1	5	8.68	10.29	34.93	3.00	0.29
2	2	5.63	8.43	39.19	5.45	0.21
2	6	7.53	9.90	39.67	2.37	0.00
3	3	5.96	9.58	40.86	4.75	0.00
3	7	7.66	10.36	34.98	3.14	0.03
Core	CPU	C1%	C3%	C6%	C8%	C9%
-	-	10.20	8.27	32.28	4.56	0.11
0	0	11.35	7.42	30.40	3.92	0.01
0	4	9.30	8.02	36.88	6.17	0.01
1	1	9.79	8.61	36.22	5.04	0.00
1	5	10.95	8.76	29.10	4.79	0.04
2	2	11.70	7.56	29.06	4.93	0.81
2	6	10.00	9.78	34.04	2.65	0.00
3	3	9.22	7.27	30.22	6.36	0.00
3	7	9.26	8.75	32.36	2.65	0.00
Core	CPU	C1%	C3%	C6%	C8%	C9%
-	-	15.06	6.06	26.44	4.10	0.17
0	0	15.72	6.15	25.39	3.01	0.00
0	4	15.41	5.29	24.81	5.15	0.00
1	1	14.58	5.64	32.88	4.64	0.13
1	5	14.19	6.37	26.55	2.96	0.47
2	2	16.15	6.14	25.09	3.51	0.11
2	6	16.24	6.85	25.25	3.81	0.31
3	3	14.38	6.75	23.92	4.41	0.01
3	7	13.82	5.26	27.67	5.31	0.34
Core	CPU	C1%	C3%	C6%	C8%	C9%
-	-	5.06	8.59	36.31	4.67	0.01
0	0	6.47	8.72	35.10	2.67	0.00
0	4	3.90	8.40	35.57	7.72	0.00
1	1	6.84	8.37	33.46	4.19	0.11
1	5	4.26	8.99	38.55	5.32	0.00
2	2	4.04	8.43	39.34	3.46	0.00
2	6	4.69	8.53	35.20	4.50	0.00
3	3	4.32	9.20	35.11	4.60	0.00
3	7	6.00	8.06	38.20	4.88	0.00
Core	CPU	C1%	C3%	C6%	C8%	C9%
-	-	2.77	10.06	45.32	3.57	0.05
0	0	2.58	7.99	48.62	5.34	0.00
0	4	2.89	10.30	42.29	5.45	0.00
1	1	4.07	9.45	42.98	3.75	0.01
1	5	2.45	9.93	47.20	1.99	0.22
2	2	3.15	12.19	41.06	2.89	0.00
2	6	2.78	10.84	44.34	4.09	0.00
3	3	1.97	9.94	46.64	3.03	0.00
3	7	2.22	9.87	49.38	2.01	0.16
Core	CPU	C1%	C3%	C6%	C8%	C9%
-	-	2.25	11.27	46.37	3.85	0.00
0	0	3.07	11.01	48.55	3.43	0.00
0	4	2.54	12.82	46.04	3.17	0.00
1	1	1.25	8.98	47.68	11.68	0.00
1	5	1.79	13.17	47.20	0.78	0.00
2	2	2.17	10.98	47.22	2.95	0.00
2	6	2.57	11.09	41.71	2.53	0.00
3	3	2.50	10.42	46.11	2.84	0.00
3	7	2.11	11.71	46.43	3.43	0.00
Core	CPU	C1%	C3%	C6%	C8%	C9%
-	-	0.55	8.11	57.09	6.40	0.01
0	0	0.70	8.82	60.58	3.28	0.00
0	4	0.82	7.14	56.88	10.68	0.00
1	1	0.48	7.02	55.34	6.77	0.10
1	5	0.56	9.45	55.12	6.91	0.00
2	2	0.39	8.21	57.72	4.09	0.00
2	6	0.32	8.24	57.00	4.38	0.00
3	3	0.81	8.52	56.01	7.14	0.00
3	7	0.30	7.56	58.41	8.01	0.00
Core	CPU	C1%	C3%	C6%	C8%	C9%
-	-	0.45	6.44	56.90	9.42	0.00
0	0	0.40	5.08	56.55	13.17	0.03
0	4	0.64	7.97	57.09	8.41	0.00
1	1	0.60	5.09	56.98	11.40	0.00
1	5	0.67	7.55	56.08	7.05	0.00
2	2	0.49	7.04	55.69	9.37	0.00
2	6	0.40	4.75	56.43	7.75	0.00
3	3	0.27	6.92	54.58	10.06	0.00
3	7	0.15	7.09	61.47	8.11	0.00
Core	CPU	C1%	C3%	C6%	C8%	C9%
-	-	0.42	6.56	57.19	8.04	0.08
0	0	0.48	6.68	58.32	4.89	0.01
0	4	0.30	5.62	59.99	9.98	0.00
1	1	0.26	5.90	56.24	13.42	0.00
1	5	0.66	7.74	52.32	8.14	0.61
2	2	0.38	6.09	61.60	6.85	0.00
2	6	0.54	7.60	55.85	7.81	0.00
3	3	0.37	7.31	55.83	6.53	0.00
3	7	0.35	5.50	57.42	6.70	0.01
Core	CPU	C1%	C3%	C6%	C8%	C9%
-	-	0.74	11.62	53.32	2.05	0.01
0	0	0.90	12.19	50.76	2.18	0.00
0	4	0.91	10.55	54.39	1.20	0.00
1	1	0.43	9.32	58.59	3.70	0.05
1	5	0.97	15.19	46.58	1.35	0.00
2	2	0.71	12.35	49.28	2.75	0.00
2	6	0.50	10.08	58.44	0.51	0.00
3	3	0.42	11.35	56.32	3.99	0.00
3	7	1.12	11.97	52.44	0.70	0.00
Core	CPU	C1%	C3%	C6%	C8%	C9%
-	-	0.80	12.41	50.27	3.72	0.00
0	0	0.89	12.54	51.92	4.04	0.00
0	4	0.69	11.97	56.30	5.44	0.00
1	1	1.03	10.46	57.70	4.29	0.00
1	5	1.03	16.13	48.80	2.59	0.04
2	2	0.86	14.02	53.24	5.89	0.00
2	6	0.80	12.90	54.60	3.94	0.00
3	3	0.63	14.17	47.13	2.32	0.00
3	7	0.47	7.21	33.11	1.30	0.00
Core	CPU	C1%	C3%	C6%	C8%	C9%
-	-	1.77	10.76	52.69	2.69	0.03
0	0	1.40	10.54	55.69	1.14	0.00
0	4	1.43	10.48	50.24	2.00	0.01
1	1	1.99	11.46	57.12	1.11	0.00
1	5	1.61	12.15	51.36	2.32	0.26
2	2	2.16	11.15	49.44	3.25	0.00
2	6	2.44	9.23	53.32	3.26	0.00
3	3	1.36	10.58	51.66	4.41	0.00
3	7	1.74	10.27	51.79	3.97	0.00
Core	CPU	C1%	C3%	C6%	C8%	C9%
-	-	0.61	7.72	57.67	6.42	0.02
0	0	1.19	8.48	60.06	3.44	0.00
0	4	0.31	7.24	59.60	8.05	0.00
1	1	0.44	6.60	58.18	9.86	0.00
1	5	0.48	8.85	55.91	4.65	0.16
2	2	0.46	6.95	56.11	8.02	0.00
2	6	0.75	8.31	57.51	6.26	0.00
3	3	0.56	7.34	54.61	5.75	0.00
3	7	0.67	8.02	59.40	5.34	0.00
Core	CPU	C1%	C3%	C6%	C8%	C9%
-	-	0.55	9.53	54.60	5.48	0.00
0	0	0.32	8.40	59.43	4.37	0.00
0	4	0.50	8.65	54.92	5.80	0.00
1	1	0.61	9.10	55.54	5.20	0.00
1	5	0.71	10.53	50.97	3.43	0.00
2	2	0.33	9.75	55.32	5.68	0.00
2	6	0.67	10.54	51.31	3.35	0.00
3	3	0.77	9.74	51.10	9.91	0.00
3	7	0.48	9.61	58.62	6.12	0.00
Core	CPU	C1%	C3%	C6%	C8%	C9%
-	-	0.35	6.61	54.22	6.30	0.10
0	0	0.20	6.62	55.17	5.86	0.00
0	4	0.12	6.38	56.27	10.63	0.06
1	1	0.65	6.62	55.30	5.14	0.04
1	5	0.82	7.37	49.99	2.60	0.69
2	2	0.17	6.32	51.74	7.98	0.01
2	6	0.29	7.08	56.28	4.08	0.00
3	3	0.24	6.20	52.51	5.29	0.00
3	7	0.35	6.21	56.20	8.79	0.00
Core	CPU	C1%	C3%	C6%	C8%	C9%
-	-	0.28	4.57	53.98	8.96	0.07
0	0	0.21	4.32	54.58	7.30	0.00
0	4	0.53	4.18	51.11	9.31	0.00
1	1	0.07	4.04	53.72	14.25	0.00
1	5	0.29	4.50	56.87	8.47	0.07
2	2	0.18	5.21	57.10	9.77	0.10
2	6	0.16	5.06	49.90	7.10	0.39
3	3	0.41	4.75	55.87	7.32	0.00
3	7	0.41	4.49	52.69	8.13	0.00
Core	CPU	C1%	C3%	C6%	C8%	C9%
-	-	0.48	6.66	55.76	8.05	0.03
0	0	0.17	5.87	55.65	8.94	0.00
0	4	0.31	6.83	60.98	8.94	0.00
1	1	0.92	6.72	56.32	8.08	0.00
1	5	0.58	6.64	54.34	7.13	0.15
2	2	0.25	6.29	50.70	9.60	0.00
2	6	0.36	8.07	56.33	3.23	0.00
3	3	0.47	7.03	59.91	4.71	0.00
3	7	0.78	5.86	51.79	13.75	0.11
Core	CPU	C1%	C3%	C6%	C8%	C9%
-	-	0.47	7.41	57.38	7.02	0.00
0	0	0.64	6.96	59.13	7.34	0.00
0	4	0.54	8.17	58.65	6.69	0.00
1	1	0.52	6.27	58.01	6.56	0.00
1	5	0.58	8.10	56.62	6.59	0.00
2	2	0.24	7.75	59.67	4.48	0.00
2	6	0.48	7.54	57.38	4.96	0.00
3	3	0.45	7.58	57.63	10.09	0.00
3	7	0.34	6.97	52.79	9.59	0.00
Core	CPU	C1%	C3%	C6%	C8%	C9%
-	-	0.52	7.58	56.03	7.20	0.06
0	0	0.39	6.26	56.47	11.32	0.00
0	4	0.56	7.03	58.06	6.81	0.00
1	1	0.89	6.51	57.86	6.82	0.00
1	5	0.58	11.12	46.85	4.70	0.08
2	2	0.46	7.27	55.40	8.01	0.00
2	6	0.51	7.33	59.47	4.98	0.00
3	3	0.45	7.99	56.46	6.36	0.00
3	7	0.30	7.02	56.87	8.47	0.40
Core	CPU	C1%	C3%	C6%	C8%	C9%
-	-	0.22	6.88	53.94	11.23	0.00
0	0	0.13	7.03	53.21	14.32	0.00
0	4	0.10	6.01	57.56	8.60	0.00
1	1	0.14	5.76	54.18	12.75	0.00
1	5	0.49	10.28	44.54	7.63	0.00
2	2	0.25	6.06	55.73	12.25	0.00
2	6	0.14	6.86	57.23	9.76	0.00
3	3	0.28	6.90	54.82	12.41	0.00
3	7	0.22	6.17	54.33	12.11	0.00
Core	CPU	C1%	C3%	C6%	C8%	C9%
-	-	0.37	6.72	54.30	9.39	0.08
0	0	0.25	5.14	54.44	11.88	0.00
0	4	0.41	7.37	60.82	6.52	0.00
1	1	0.47	6.58	55.28	9.64	0.00
1	5	0.58	8.52	52.49	7.22	0.22
2	2	0.31	6.10	56.01	9.31	0.00
2	6	0.38	7.11	49.05	11.83	0.41
3	3	0.26	7.98	55.59	7.63	0.00
3	7	0.28	4.98	50.75	11.09	0.00
Core	CPU	C1%	C3%	C6%	C8%	C9%
-	-	0.50	8.18	53.66	9.65	0.48
0	0	0.63	9.08	50.84	14.07	0.01
0	4	0.59	7.53	56.64	9.19	0.10
1	1	0.80	8.34	60.95	8.11	0.00
1	5	0.49	9.47	48.08	7.95	3.43
2	2	0.43	9.10	55.72	10.30	0.00
2	6	0.49	7.92	57.38	9.38	0.13
3	3	0.44	6.72	46.17	3.16	0.00
3	7	0.09	7.27	53.26	14.95	0.19
Core	CPU	C1%	C3%	C6%	C8%	C9%
-	-	1.75	10.95	52.42	2.71	0.04
0	0	1.79	10.57	53.25	5.04	0.20
0	4	2.06	12.47	55.14	1.73	0.00
1	1	1.74	11.51	57.79	1.16	0.00
1	5	2.00	13.32	50.99	1.66	0.13
2	2	1.89	10.19	52.39	3.99	0.00
2	6	2.01	10.18	51.15	1.94	0.00
3	3	1.05	9.20	45.44	1.21	0.00
3	7	1.42	10.16	53.36	5.00	0.00
Core	CPU	C1%	C3%	C6%	C8%	C9%
-	-	0.73	10.24	53.70	3.63	0.00
0	0	0.83	10.64	48.76	4.52	0.00
0	4	0.94	9.73	53.71	6.42	0.00
1	1	0.61	9.65	54.70	3.65	0.00
1	5	0.98	11.80	49.84	1.06	0.02
2	2	0.28	9.17	55.98	5.80	0.00
2	6	0.48	10.93	54.46	3.20	0.00
3	3	0.65	9.69	57.15	3.26	0.00
3	7	1.05	10.29	55.00	1.13	0.00
Core	CPU	C1%	C3%	C6%	C8%	C9%
-	-	1.15	11.14	47.25	3.16	0.01
0	0	1.26	10.76	47.05	3.56	0.00
0	4	1.00	11.40	48.16	4.24	0.00
1	1	1.42	9.07	48.51	5.45	0.00
1	5	1.43	13.39	37.43	1.95	0.05
2	2	1.22	11.82	48.35	2.79	0.00
2	6	0.76	11.55	51.07	1.24	0.00
3	3	1.14	9.26	49.31	4.05	0.00
3	7	0.96	11.87	48.16	2.02	0.00
Core	CPU	C1%	C3%	C6%	C8%	C9%
-	-	0.67	11.16	53.04	3.17	0.02
0	0	0.50	11.68	51.79	4.70	0.00
0	4	0.91	10.75	56.39	2.39	0.00
1	1	0.34	9.90	55.32	3.82	0.00
1	5	0.92	13.44	46.94	2.10	0.14
2	2	0.52	11.37	54.01	2.29	0.00
2	6	0.88	10.25	51.71	4.45	0.00
3	3	0.53	10.30	55.59	2.58	0.00
3	7	0.76	11.56	52.52	3.03	0.00
Core	CPU	C1%	C3%	C6%	C8%	C9%
-	-	0.65	11.90	53.89	2.02	0.00
0	0	0.89	13.37	50.78	2.39	0.00
0	4	0.47	10.95	55.40	1.05	0.00
1	1	0.44	9.83	55.61	2.83	0.00
1	5	0.54	13.68	47.27	1.91	0.00
2	2	0.62	12.18	54.64	2.42	0.00
2	6	0.66	11.67	54.77	2.12	0.01
3	3	0.82	12.13	55.37	1.22	0.00
3	7	0.72	11.41	57.32	2.23	0.00
Core	CPU	C1%	C3%	C6%	C8%	C9%
-	-	1.27	13.69	48.78	1.54	0.02
0	0	1.42	13.36	49.47	2.34	0.00
0	4	0.90	13.07	47.86	2.05	0.00
1	1	1.39	13.63	51.11	1.91	0.01
1	5	1.33	15.51	42.65	0.40	0.15
2	2	1.05	13.00	52.56	1.69	0.00
2	6	1.91	13.89	45.85	0.96	0.00
3	3	1.22	14.59	47.55	1.75	0.00
3	7	0.98	12.49	53.23	1.20	0.00
Core	CPU	C1%	C3%	C6%	C8%	C9%
-	-	1.23	15.63	48.10	0.46	0.00
0	0	1.97	13.16	44.69	0.35	0.00
0	4	1.05	15.00	52.31	0.03	0.00
1	1	1.31	17.91	45.81	0.01	0.00
1	5	1.27	16.63	48.68	0.04	0.00
2	2	0.78	14.94	51.52	1.47	0.00
2	6	0.84	15.98	47.58	0.18	0.00
3	3	1.06	15.10	49.45	0.68	0.00
3	7	1.56	16.34	44.76	0.92	0.00
Core	CPU	C1%	C3%	C6%	C8%	C9%
-	-	1.04	14.82	46.92	1.09	0.00
0	0	1.01	14.77	45.94	2.04	0.00
0	4	0.83	15.75	45.87	0.46	0.00
1	1	0.63	14.83	51.07	1.14	0.00
1	5	1.44	16.56	40.52	0.79	0.00
2	2	1.23	14.74	46.15	1.84	0.00
2	6	1.20	13.70	49.88	0.58	0.00
3	3	0.75	13.72	49.40	1.18	0.00
3	7	1.22	14.47	46.54	0.68	0.00
Core	CPU	C1%	C3%	C6%	C8%	C9%
-	-	0.74	10.72	54.70	4.83	0.06
0	0	0.74	10.36	55.47	5.53	0.00
0	4	0.70	9.92	55.68	6.10	0.51
1	1	0.72	11.09	55.87	4.61	0.00
1	5	0.93	10.69	52.95	3.68	0.00
2	2	0.71	9.73	56.71	5.74	0.00
2	6	0.73	11.88	53.75	2.88	0.00
3	3	0.76	11.69	53.98	5.35	0.00
3	7	0.58	10.38	53.24	4.75	0.00
Core	CPU	C1%	C3%	C6%	C8%	C9%
-	-	0.53	7.72	57.62	6.94	0.00
0	0	0.53	9.74	54.69	4.25	0.00
0	4	0.72	6.96	58.28	8.61	0.00
1	1	0.68	7.27	59.31	7.54	0.00
1	5	0.84	6.83	57.15	6.51	0.00
2	2	0.40	7.06	60.89	6.78	0.00
2	6	0.57	7.51	54.00	7.13	0.00
3	3	0.33	7.37	60.22	7.90	0.00
3	7	0.20	9.07	56.59	6.84	0.00
Core	CPU	C1%	C3%	C6%	C8%	C9%
-	-	0.41	8.08	60.52	5.87	0.08
0	0	0.27	8.23	60.63	3.56	0.01
0	4	0.40	8.05	63.63	2.30	0.00
1	1	0.54	7.43	61.98	9.21	0.00
1	5	0.38	8.31	57.00	6.90	0.60
2	2	0.09	7.28	60.11	6.91	0.00
2	6	0.55	8.74	59.81	5.04	0.00
3	3	0.46	8.87	58.61	4.87	0.00
3	7	0.63	7.69	62.24	8.18	0.00
Core	CPU	C1%	C3%	C6%	C8%	C9%
-	-	0.64	9.83	52.57	8.10	0.01
0	0	1.21	11.52	54.98	8.42	0.00
0	4	0.48	10.03	52.08	6.91	0.00
1	1	0.42	7.49	50.62	6.22	0.08
1	5	0.61	7.36	51.26	6.99	0.00
2	2	0.83	11.53	50.93	7.15	0.00
2	6	0.63	11.48	49.32	9.50	0.00
3	3	0.31	9.57	54.66	10.64	0.00
3	7	0.65	9.63	56.55	8.91	0.00
Core	CPU	C1%	C3%	C6%	C8%	C9%
-	-	1.81	12.26	46.44	1.76	0.00
0	0	3.34	10.85	45.82	0.85	0.00
0	4	1.49	10.67	46.67	3.51	0.00
1	1	0.60	8.11	45.01	1.60	0.00
1	5	1.83	12.45	50.49	1.63	0.00
2	2	2.02	12.94	47.47	1.75	0.00
2	6	1.78	15.51	43.13	1.00	0.00
3	3	1.42	12.76	48.21	2.27	0.00
3	7	1.98	14.84	44.88	1.47	0.00
Core	CPU	C1%	C3%	C6%	C8%	C9%
-	-	0.46	7.99	56.89	8.13	0.04
0	0	0.68	7.47	54.12	9.00	0.06
0	4	0.26	7.90	61.31	5.97	0.00
1	1	0.30	7.70	58.15	7.36	0.04
1	5	0.45	9.64	54.63	7.13	0.25
2	2	0.50	7.55	54.70	9.89	0.00
2	6	0.50	7.51	56.98	11.37	0.00
3	3	0.56	8.33	58.35	6.54	0.00
3	7	0.47	7.87	57.19	7.80	0.00
Core	CPU	C1%	C3%	C6%	C8%	C9%
-	-	0.62	7.36	54.45	7.77	0.00
0	0	0.71	6.97	55.14	7.84	0.01
0	4	0.54	7.52	52.45	9.93	0.00
1	1	0.86	6.56	57.15	8.58	0.00
1	5	0.56	9.63	52.84	5.16	0.02
2	2	0.84	7.41	56.40	4.20	0.00
2	6	0.79	7.44	53.07	7.39	0.00
3	3	0.31	7.19	54.57	9.17	0.00
3	7	0.35	6.15	53.67	9.83	0.00
Core	CPU	C1%	C3%	C6%	C8%	C9%
-	-	0.34	6.53	57.12	8.16	0.06
0	0	0.46	6.69	57.53	5.69	0.01
0	4	0.52	5.95	55.94	7.97	0.01
1	1	0.05	6.35	55.90	9.95	0.00
1	5	0.29	7.65	61.05	5.83	0.45
2	2	0.45	6.38	56.50	9.93	0.00
2	6	0.37	5.73	60.69	9.25	0.00
3	3	0.19	6.72	52.04	9.79	0.00
3	7	0.37	6.74	57.23	6.86	0.00
Core	CPU	C1%	C3%	C6%	C8%	C9%
-	-	0.78	10.52	52.75	3.76	0.00
0	0	0.66	10.69	52.68	2.26	0.00
0	4	0.65	10.13	56.01	3.82	0.00
1	1	0.81	9.71	53.26	4.72	0.00
1	5	0.82	10.96	51.52	3.14	0.00
2	2	0.96	8.75	55.44	4.80	0.00
2	6	0.86	11.78	50.65	2.40	0.00
3	3	1.03	11.67	52.03	3.93	0.00
3	7	0.46	10.45	50.50	4.98	0.00
Core	CPU	C1%	C3%	C6%	C8%	C9%
-	-	1.25	9.53	48.23	5.39	0.00
0	0	1.15	10.62	47.81	5.47	0.00
0	4	1.21	8.36	50.22	5.16	0.00
1	1	0.72	9.09	51.43	4.71	0.00
1	5	2.19	8.99	43.87	4.82	0.00
2	2	1.21	10.94	47.21	4.71	0.00
2	6	1.22	9.57	50.65	6.61	0.00
3	3	0.99	9.01	50.48	6.19	0.00
3	7	1.27	9.68	44.14	5.40	0.00
Core	CPU	C1%	C3%	C6%	C8%	C9%
-	-	0.55	6.59	54.54	8.04	0.22
0	0	0.99	7.05	55.56	7.79	0.02
0	4	0.93	6.43	51.10	8.45	0.01
1	1	0.24	6.22	61.75	9.46	0.00
1	5	0.72	7.36	48.04	5.05	1.59
2	2	0.53	7.65	58.03	7.65	0.00
2	6	0.30	6.45	53.01	7.41	0.00
3	3	0.21	5.38	54.50	8.69	0.18
3	7	0.49	6.15	54.35	9.84	0.00
Core	CPU	C1%	C3%	C6%	C8%	C9%
-	-	0.72	8.66	54.75	5.31	0.15
0	0	1.26	8.35	51.60	6.97	0.00
0	4	0.44	8.05	55.87	7.45	0.00
1	1	0.40	8.66	57.76	4.63	0.00
1	5	0.51	10.30	51.83	3.62	1.13
2	2	0.96	8.26	55.72	4.44	0.00
2	6	1.08	9.02	55.55	4.04	0.00
3	3	0.45	7.81	56.23	7.12	0.06
3	7	0.66	8.82	53.45	4.25	0.00
Core	CPU	C1%	C3%	C6%	C8%	C9%
-	-	0.81	11.12	52.75	3.32	0.03
0	0	0.63	11.54	55.41	2.11	0.00
0	4	0.74	10.37	55.93	2.78	0.00
1	1	0.87	10.00	52.39	3.83	0.00
1	5	0.83	13.39	49.02	1.22	0.26
2	2	0.69	10.19	53.29	3.89	0.00
2	6	1.30	10.05	56.64	3.08	0.00
3	3	0.70	10.74	52.09	3.94	0.00
3	7	0.75	12.69	47.33	5.66	0.00
Core	CPU	C1%	C3%	C6%	C8%	C9%
-	-	6.28	10.08	44.09	4.85	0.02
0	0	6.40	10.68	43.97	4.44	0.00
0	4	5.28	8.71	47.02	5.41	0.00
1	1	6.56	10.77	43.10	5.70	0.00
1	5	5.74	11.59	40.70	5.31	0.12
2	2	6.32	9.68	47.83	4.67	0.00
2	6	6.78	9.17	44.71	3.44	0.00
3	3	5.87	9.54	43.06	6.03	0.00
3	7	7.30	10.46	42.29	3.75	0.02
Core	CPU	C1%	C3%	C6%	C8%	C9%
-	-	11.48	7.86	28.08	4.99	0.11
0	0	11.88	7.50	26.69	7.38	0.00
0	4	11.42	6.97	28.50	5.99	0.00
1	1	10.12	7.03	30.47	4.65	0.00
1	5	14.12	9.87	25.39	4.78	0.41
2	2	9.29	8.19	32.80	4.88	0.00
2	6	11.51	8.08	27.17	5.03	0.00
3	3	11.09	7.06	27.19	4.48	0.02
3	7	12.42	8.19	26.46	2.71	0.48
Core	CPU	C1%	C3%	C6%	C8%	C9%
-	-	1.83	9.20	40.09	14.75	0.22
0	0	2.65	9.97	39.48	16.24	0.00
0	4	2.07	8.58	36.48	16.91	0.00
1	1	1.23	8.21	42.41	21.35	0.00
1	5	1.72	11.25	42.97	11.86	1.72
2	2	1.33	8.52	36.84	13.13	0.00
2	6	1.58	9.09	34.06	5.42	0.00
3	3	2.10	8.35	41.51	18.65	0.00
3	7	1.98	9.57	46.82	14.41	0.00
Core	CPU	C1%	C3%	C6%	C8%	C9%
-	-	3.85	12.30	47.35	3.47	0.00
0	0	5.07	13.26	47.54	2.18	0.00
0	4	2.54	11.00	53.38	4.01	0.00
1	1	3.89	12.87	48.36	2.81	0.00
1	5	4.06	12.85	46.44	1.95	0.03
2	2	3.22	10.24	39.52	1.66	0.00
2	6	4.17	13.13	44.45	8.09	0.00
3	3	3.21	13.69	49.67	2.50	0.00
3	7	4.60	11.39	49.61	4.59	0.00
Core	CPU	C1%	C3%	C6%	C8%	C9%
-	-	10.85	8.57	34.32	5.16	0.08
0	0	10.96	9.69	33.32	6.20	0.00
0	4	10.88	8.09	35.37	7.90	0.00
1	1	12.02	8.20	32.93	5.22	0.00
1	5	8.97	7.82	35.84	2.96	0.41
2	2	10.94	7.91	36.57	4.65	0.00
2	6	10.81	8.31	35.35	3.17	0.14
3	3	11.74	8.73	30.36	5.96	0.00
3	7	10.47	9.86	34.91	5.22	0.12
Core	CPU	C1%	C3%	C6%	C8%	C9%
-	-	10.91	6.14	32.14	6.39	0.27
0	0	10.92	6.81	31.70	6.65	0.00
0	4	9.76	5.52	31.21	12.16	0.00
1	1	11.31	6.47	32.92	4.88	0.00
1	5	11.77	5.81	29.92	5.92	0.40
2	2	9.73	6.61	34.57	9.01	0.00
2	6	12.01	5.74	28.31	4.54	1.74
3	3	11.49	7.08	35.54	3.86	0.01
3	7	10.24	5.05	32.87	4.06	0.00
Core	CPU	C1%	C3%	C6%	C8%	C9%
-	-	10.25	8.78	31.60	4.28	0.01
0	0	9.31	6.42	31.13	6.65	0.00
0	4	11.21	9.62	27.88	2.04	0.03
1	1	10.07	10.21	33.93	2.36	0.02
1	5	9.81	8.15	33.64	3.88	0.06
2	2	9.30	9.37	29.38	5.67	0.00
2	6	9.80	8.41	32.54	8.50	0.00
3	3	10.96	8.94	33.76	2.29	0.00
3	7	11.54	9.14	30.53	2.85	0.00
Core	CPU	C1%	C3%	C6%	C8%	C9%
-	-	14.30	8.90	28.32	4.52	0.05
0	0	12.40	8.66	32.31	4.11	0.00
0	4	14.77	8.43	26.90	4.74	0.00
1	1	14.73	9.49	30.65	3.77	0.10
1	5	15.26	9.53	27.74	5.02	0.08
2	2	16.02	9.17	24.08	4.76	0.08
2	6	12.75	9.89	27.99	3.94	0.00
3	3	14.36	7.40	27.59	5.31	0.05
3	7	14.10	8.61	29.30	4.54	0.12
Core	CPU	C1%	C3%	C6%	C8%	C9%
-	-	14.16	7.00	26.77	4.43	0.03
0	0	13.90	6.40	27.40	4.82	0.00
0	4	12.94	7.10	33.13	4.77	0.05
1	1	13.76	7.64	30.06	4.60	0.00
1	5	14.97	6.64	24.69	3.80	0.04
2	2	16.76	8.13	20.73	3.46	0.12
2	6	12.26	5.19	25.82	5.79	0.04
3	3	13.59	6.74	26.69	5.69	0.00
3	7	15.11	8.14	25.61	2.49	0.00
Core	CPU	C1%	C3%	C6%	C8%	C9%
-	-	14.79	7.99	27.52	3.88	0.02
0	0	15.22	9.04	23.57	2.38	0.01
0	4	14.16	6.23	29.13	5.48	0.04
1	1	14.29	7.84	28.35	3.65	0.03
1	5	14.28	8.30	25.80	3.55	0.00
2	2	15.29	8.33	28.17	2.48	0.01
2	6	14.33	7.56	29.08	4.80	0.02
3	3	16.15	8.37	25.37	3.56	0.00
3	7	14.59	8.23	30.66	5.17	0.01
Core	CPU	C1%	C3%	C6%	C8%	C9%
-	-	11.56	8.51	31.92	4.08	0.19
0	0	9.92	8.82	33.41	8.01	0.01
0	4	13.04	9.15	29.59	3.82	0.02
1	1	11.19	9.41	32.17	1.46	0.00
1	5	11.35	8.66	28.97	4.00	0.17
2	2	12.81	8.57	30.52	3.28	0.00
2	6	10.90	8.76	34.50	4.70	0.19
3	3	12.05	8.01	32.79	4.00	0.69
3	7	11.20	6.72	33.40	3.34	0.41
Core	CPU	C1%	C3%	C6%	C8%	C9%
-	-	14.85	7.38	27.51	3.92	0.11
0	0	17.00	7.36	26.02	3.31	0.00
0	4	15.85	5.80	29.92	3.00	0.00
1	1	15.90	8.22	28.69	3.02	0.00
1	5	13.85	7.25	29.31	3.18	0.09
2	2	12.35	6.26	29.89	5.88	0.02
2	6	15.31	8.11	23.17	2.86	0.22
3	3	13.19	7.96	28.75	7.40	0.55
3	7	15.38	8.08	24.30	2.73	0.02
Core	CPU	C1%	C3%	C6%	C8%	C9%
-	-	10.51	8.43	35.18	3.89	0.07
0	0	9.24	9.43	35.01	4.24	0.10
0	4	11.51	7.48	34.82	5.10	0.23
1	1	8.74	7.42	37.76	3.44	0.00
1	5	11.20	8.40	31.53	4.54	0.01
2	2	11.45	8.16	37.61	4.27	0.00
2	6	11.22	9.34	34.73	2.93	0.14
3	3	10.56	9.10	34.93	2.24	0.00
3	7	10.16	8.11	35.05	4.32	0.05
Core	CPU	C1%	C3%	C6%	C8%	C9%
-	-	8.10	9.31	35.97	4.12	0.09
0	0	6.58	8.72	37.09	5.30	0.00
0	4	8.46	10.59	35.54	1.06	0.01
1	1	6.05	8.80	37.58	3.54	0.00
1	5	10.86	9.51	34.92	3.53	0.20
2	2	8.54	9.50	37.78	5.68	0.10
2	6	6.79	9.72	34.82	2.83	0.00
3	3	8.31	8.81	33.56	3.89	0.42
3	7	9.17	8.81	36.44	7.14	0.00
Core	CPU	C1%	C3%	C6%	C8%	C9%
-	-	9.92	8.49	34.11	4.13	0.05
0	0	10.02	8.85	40.18	5.48	0.00
0	4	8.11	7.91	33.92	2.42	0.35
1	1	11.30	9.11	30.43	3.64	0.00
1	5	8.14	8.55	34.55	4.34	0.00
2	2	12.08	8.14	33.68	4.08	0.02
2	6	10.32	8.54	30.92	4.30	0.02
3	3	9.26	8.79	36.01	4.31	0.00
3	7	10.16	7.99	33.17	4.49	0.00
Core	CPU	C1%	C3%	C6%	C8%	C9%
-	-	4.11	7.39	34.41	24.47	0.30
0	0	4.98	7.85	34.79	31.54	0.02
0	4	4.16	7.31	33.17	29.45	0.00
1	1	3.63	6.25	22.59	1.18	0.00
1	5	4.56	7.29	30.51	30.30	0.09
2	2	3.28	9.14	45.46	21.16	0.00
2	6	4.76	7.11	31.99	31.42	0.25
3	3	4.47	6.85	40.37	24.09	0.30
3	7	3.05	7.34	36.47	26.64	1.71
Core	CPU	C1%	C3%	C6%	C8%	C9%
-	-	5.89	9.04	42.75	5.12	0.07
0	0	6.27	9.24	43.47	5.44	0.00
0	4	5.41	9.43	43.01	4.48	0.00
1	1	7.34	8.21	37.02	6.35	0.01
1	5	4.59	8.91	44.35	3.98	0.53
2	2	5.00	8.79	45.41	4.97	0.00
2	6	5.86	8.53	42.15	6.26	0.00
3	3	6.38	9.41	43.44	5.75	0.00
3	7	6.24	9.74	42.94	3.70	0.00
Core	CPU	C1%	C3%	C6%	C8%	C9%
-	-	3.20	6.30	50.45	9.89	0.13
0	0	2.76	5.62	51.10	8.73	0.00
0	4	2.87	6.54	50.30	11.28	0.00
1	1	2.39	5.65	51.79	13.18	0.00
1	5	3.44	7.68	49.34	6.54	1.02
2	2	3.33	5.49	48.96	13.08	0.00
2	6	3.90	7.17	50.24	7.49	0.00
3	3	3.82	5.87	49.84	10.06	0.00
3	7	3.13	6.46	52.83	8.90	0.00
Core	CPU	C1%	C3%	C6%	C8%	C9%
-	-	0.32	6.40	56.45	9.12	0.07
0	0	0.51	6.40	55.73	8.54	0.00
0	4	0.10	4.80	53.35	10.61	0.00
1	1	0.48	5.31	61.50	10.46	0.21
1	5	0.43	9.48	51.82	6.07	0.32
2	2	0.14	6.59	60.11	9.35	0.00
2	6	0.27	6.37	55.13	10.77	0.00
3	3	0.22	6.33	58.97	5.88	0.00
3	7	0.38	5.85	54.51	11.21	0.00
Core	CPU	C1%	C3%	C6%	C8%	C9%
-	-	5.65	7.79	42.59	8.20	0.20
0	0	5.62	7.93	48.46	4.83	0.00
0	4	5.06	6.19	39.92	13.13	0.42
1	1	5.67	6.93	43.85	8.59	0.00
1	5	6.86	11.97	37.03	6.29	0.35
2	2	6.39	7.78	43.59	7.91	0.00
2	6	6.45	6.81	45.20	7.08	0.00
3	3	4.59	7.92	42.43	8.58	0.15
3	7	4.60	6.76	40.23	9.17	0.69
Core	CPU	C1%	C3%	C6%	C8%	C9%
-	-	1.16	7.43	53.50	6.63	0.08
0	0	1.20	5.74	54.62	10.75	0.00
0	4	1.07	6.94	49.95	8.30	0.00
1	1	0.74	7.79	54.41	6.33	0.01
1	5	1.28	7.47	51.06	9.26	0.61
2	2	1.52	7.43	54.20	4.86	0.00
2	6	1.44	7.89	52.20	4.78	0.00
3	3	0.85	7.92	55.40	4.03	0.01
3	7	1.18	8.24	56.11	4.75	0.00
Core	CPU	C1%	C3%	C6%	C8%	C9%
-	-	0.35	5.22	57.88	10.30	0.00
0	0	0.26	5.40	58.71	8.71	0.00
0	4	0.40	4.77	56.29	12.39	0.00
1	1	0.61	4.75	54.57	11.15	0.00
1	5	0.43	6.41	61.15	6.29	0.00
2	2	0.33	5.31	59.92	9.43	0.00
2	6	0.15	4.92	57.39	12.81	0.00
3	3	0.26	5.71	56.28	8.89	0.00
3	7	0.35	4.50	58.70	12.74	0.00
Core	CPU	C1%	C3%	C6%	C8%	C9%
-	-	0.85	7.52	53.92	8.43	0.00
0	0	0.87	9.17	56.62	3.98	0.00
0	4	0.56	6.26	54.65	10.18	0.00
1	1	1.05	7.07	54.15	9.66	0.00
1	5	0.75	9.09	52.47	7.56	0.00
2	2	0.87	7.39	52.45	8.50	0.00
2	6	1.05	6.15	53.33	9.69	0.02
3	3	0.56	7.13	53.98	12.27	0.00
3	7	1.14	7.93	53.92	5.58	0.00
Core	CPU	C1%	C3%	C6%	C8%	C9%
-	-	0.37	5.50	58.45	10.62	0.04
0	0	0.64	4.75	55.44	15.38	0.00
0	4	0.39	6.67	58.62	8.43	0.00
1	1	0.32	5.27	56.30	11.98	0.00
1	5	0.38	6.51	58.39	8.35	0.06
2	2	0.17	5.36	62.34	9.58	0.00
2	6	0.32	5.47	59.00	11.41	0.00
3	3	0.26	4.99	58.50	10.10	0.26
3	7	0.48	5.04	59.77	9.85	0.00
Core	CPU	C1%	C3%	C6%	C8%	C9%
-	-	0.25	4.36	57.34	11.10	0.13
0	0	0.24	4.50	56.50	10.75	0.00
0	4	0.25	3.30	53.79	12.50	0.54
1	1	0.19	4.25	58.82	11.64	0.00
1	5	0.44	5.55	56.78	7.85	0.52
2	2	0.25	4.27	56.16	14.51	0.00
2	6	0.11	4.27	61.32	12.73	0.00
3	3	0.19	3.87	58.14	10.14	0.00
3	7	0.32	4.80	56.22	8.53	0.00
Core	CPU	C1%	C3%	C6%	C8%	C9%
-	-	0.36	5.03	57.07	8.30	0.19
0	0	0.23	4.84	50.34	11.11	0.00
0	4	0.34	5.29	59.29	6.81	0.07
1	1	0.43	5.18	61.43	5.05	0.45
1	5	0.58	5.47	56.32	6.92	0.28
2	2	0.44	4.63	57.47	10.44	0.00
2	6	0.12	5.24	61.19	9.46	0.00
3	3	0.45	4.76	55.04	8.16	0.00
3	7	0.31	4.85	55.50	8.48	0.70
Core	CPU	C1%	C3%	C6%	C8%	C9%
-	-	0.35	6.15	58.23	7.83	0.09
0	0	0.41	7.30	58.27	7.96	0.00
0	4	0.33	5.60	58.93	5.54	0.00
1	1	0.25	5.91	57.93	12.79	0.00
1	5	0.24	7.17	58.68	4.54	0.69
2	2	0.31	5.81	56.63	6.55	0.00
2	6	0.18	5.92	56.52	8.06	0.00
3	3	0.78	5.13	57.06	8.19	0.00
3	7	0.28	6.34	61.99	9.00	0.00
Core	CPU	C1%	C3%	C6%	C8%	C9%
-	-	0.36	5.46	57.41	8.75	0.18
0	0	0.11	4.34	60.82	9.46	0.00
0	4	0.29	5.43	61.29	6.13	0.00
1	1	0.26	5.31	55.93	10.09	0.00
1	5	0.09	6.73	54.84	10.18	1.43
2	2	0.66	5.29	61.78	6.87	0.00
2	6	0.56	4.96	55.88	6.12	0.00
3	3	0.44	6.44	55.23	9.17	0.00
3	7	0.51	5.16	53.40	11.96	0.00
Core	CPU	C1%	C3%	C6%	C8%	C9%
-	-	0.34	5.01	58.63	10.51	0.01
0	0	0.23	5.36	57.63	9.72	0.00
0	4	0.22	4.52	54.31	11.32	0.00
1	1	0.35	4.37	56.54	12.77	0.00
1	5	0.88	6.78	59.63	7.46	0.06
2	2	0.30	5.35	62.52	7.72	0.00
2	6	0.35	4.30	55.84	12.94	0.00
3	3	0.24	4.93	60.75	11.71	0.00
3	7	0.18	4.49	61.72	10.45	0.00
Core	CPU	C1%	C3%	C6%	C8%	C9%
-	-	0.73	10.26	54.18	4.51	0.06
0	0	0.79	10.15	51.86	4.70	0.00
0	4	1.11	9.31	55.12	3.90	0.00
1	1	0.75	9.97	53.72	6.84	0.00
1	5	0.72	11.92	48.76	4.57	0.49
2	2	0.36	10.46	55.18	4.64	0.00
2	6	0.66	10.22	56.54	2.88	0.00
3	3	0.72	9.50	60.14	4.82	0.00
3	7	0.77	10.70	52.72	3.77	0.00
Core	CPU	C1%	C3%	C6%	C8%	C9%
-	-	0.54	7.09	58.49	6.43	0.08
0	0	0.54	7.40	58.86	7.52	0.00
0	4	0.27	7.81	61.90	5.01	0.00
1	1	1.21	6.73	55.63	5.66	0.00
1	5	0.35	7.49	56.02	6.69	0.62
2	2	0.43	7.54	58.81	5.53	0.00
2	6	0.15	6.17	58.97	7.82	0.00
3	3	0.43	7.04	60.57	6.84	0.00
3	7	0.91	6.46	56.45	6.33	0.00
Core	CPU	C1%	C3%	C6%	C8%	C9%
-	-	0.96	10.02	55.16	2.79	0.00
0	0	0.64	10.16	55.49	2.40	0.00
0	4	0.58	10.22	56.52	2.24	0.00
1	1	0.56	9.32	57.46	2.19	0.00
1	5	1.11	11.78	52.79	1.63	0.00
2	2	1.15	8.49	58.04	5.56	0.00
2	6	1.77	10.96	50.68	1.60	0.00
3	3	1.16	9.29	54.20	3.19	0.00
3	7	0.72	9.94	56.10	3.51	0.00
Core	CPU	C1%	C3%	C6%	C8%	C9%
-	-	0.70	10.22	52.07	3.49	0.01
0	0	1.02	10.42	51.59	5.37	0.00
0	4	0.61	9.62	47.07	1.90	0.08
1	1	1.10	11.45	50.58	1.86	0.00
1	5	0.47	7.88	53.14	5.42	0.00
2	2	0.50	9.30	53.77	5.40	0.00
2	6	0.98	11.60	49.92	1.95	0.00
3	3	0.62	12.60	52.31	1.75	0.00
3	7	0.28	8.91	58.21	4.27	0.01
Core	CPU	C1%	C3%	C6%	C8%	C9%
-	-	0.56	9.13	52.61	6.85	0.11
0	0	0.72	9.01	53.26	7.02	0.00
0	4	0.59	9.19	54.39	6.17	0.00
1	1	0.23	8.95	54.06	8.64	0.00
1	5	0.52	10.42	46.46	1.39	0.00
2	2	0.70	8.82	52.62	8.72	0.03
2	6	0.52	9.79	49.78	9.03	0.85
3	3	0.65	8.75	53.89	7.63	0.00
3	7	0.53	8.14	56.32	6.18	0.00
Core	CPU	C1%	C3%	C6%	C8%	C9%
-	-	1.39	11.43	51.54	4.47	0.00
0	0	1.30	12.79	55.39	3.92	0.00
0	4	1.50	13.27	55.02	4.09	0.01
1	1	0.85	4.13	28.96	2.68	0.00
1	5	1.21	17.52	35.05	2.01	0.00
2	2	1.32	11.94	59.03	3.42	0.00
2	6	1.65	10.80	60.65	6.58	0.00
3	3	1.59	10.51	56.98	8.99	0.00
3	7	1.67	10.50	61.30	4.11	0.00
Core	CPU	C1%	C3%	C6%	C8%	C9%
-	-	0.35	8.32	51.62	7.13	0.08
0	0	0.29	7.84	52.78	8.66	0.01
0	4	0.30	7.85	46.77	7.26	0.01
1	1	0.48	7.87	55.27	8.34	0.06
1	5	0.67	12.43	45.82	4.02	0.54
2	2	0.26	7.52	49.80	8.70	0.01
2	6	0.48	7.71	54.42	5.23	0.00
3	3	0.15	8.39	52.81	9.54	0.00
3	7	0.19	6.93	55.30	5.30	0.00
Core	CPU	C1%	C3%	C6%	C8%	C9%
-	-	0.53	8.14	53.49	4.11	0.15
0	0	0.39	8.54	53.93	4.04	0.00
0	4	0.46	6.79	55.78	4.52	0.50
1	1	0.61	7.90	54.04	3.54	0.00
1	5	0.73	9.35	50.61	2.82	0.73
2	2	0.65	9.09	52.97	2.52	0.00
2	6	0.50	7.30	51.25	4.63	0.00
3	3	0.53	7.83	54.46	6.53	0.00
3	7	0.39	8.32	54.83	4.25	0.00
Core	CPU	C1%	C3%	C6%	C8%	C9%
-	-	0.68	6.97	54.30	6.33	0.14
0	0	0.61	6.01	50.61	7.89	0.00
0	4	0.55	7.84	56.22	6.65	0.12
1	1	0.56	7.76	55.40	4.30	0.00
1	5	0.48	5.66	55.91	6.04	0.99
2	2	0.93	8.07	55.25	6.30	0.00
2	6	0.68	6.69	57.06	5.67	0.00
3	3	0.70	6.81	53.13	7.08	0.00
3	7	0.95	6.95	50.85	6.66	0.00
Core	CPU	C1%	C3%	C6%	C8%	C9%
-	-	5.12	8.27	33.44	4.74	0.11
0	0	5.57	8.39	34.87	4.02	0.00
0	4	5.40	7.64	33.19	8.30	0.12
1	1	5.18	8.92	34.59	6.24	0.00
1	5	4.53	7.44	33.37	3.58	0.01
2	2	4.59	8.98	34.92	3.20	0.11
2	6	4.59	8.47	32.30	2.72	0.59
3	3	4.63	8.19	32.19	6.72	0.00
3	7	6.46	8.09	32.06	3.11	0.05
Core	CPU	C1%	C3%	C6%	C8%	C9%
-	-	3.96	10.54	39.49	5.91	0.07
0	0	4.41	10.34	39.67	5.43	0.03
0	4	3.76	10.17	43.34	5.12	0.00
1	1	3.59	10.81	42.62	8.22	0.01
1	5	4.14	11.50	41.24	6.55	0.16
2	2	3.61	10.91	39.36	6.24	0.00
2	6	4.72	11.32	36.18	3.32	0.00
3	3	3.16	8.83	36.83	9.61	0.00
3	7	4.26	10.44	36.64	2.78	0.32
Core	CPU	C1%	C3%	C6%	C8%	C9%
-	-	2.70	11.60	42.85	4.80	0.08
0	0	2.27	12.21	41.75	7.90	0.00
0	4	2.94	9.64	42.59	4.53	0.50
1	1	3.28	11.74	43.91	5.81	0.00
1	5	3.16	11.74	43.44	3.48	0.05
2	2	2.35	10.47	43.32	6.79	0.01
2	6	1.74	12.21	43.12	3.64	0.00
3	3	2.95	11.39	44.90	4.05	0.11
3	7	2.92	13.46	39.83	2.20	0.00
Core	CPU	C1%	C3%	C6%	C8%	C9%
-	-	0.63	10.25	52.80	3.37	0.11
0	0	1.05	11.38	53.43	3.64	0.00
0	4	0.47	8.32	55.33	3.58	0.11
1	1	0.57	11.34	51.38	2.61	0.00
1	5	0.61	12.00	50.83	2.57	0.79
2	2	0.82	11.09	53.43	1.80	0.00
2	6	0.77	8.51	55.61	3.63	0.00
3	3	0.33	10.63	46.68	4.97	0.01
3	7	0.40	8.82	56.05	4.19	0.00
Core	CPU	C1%	C3%	C6%	C8%	C9%
-	-	6.27	9.38	38.39	5.09	0.06
0	0	5.42	7.94	44.10	4.83	0.00
0	4	6.47	10.37	38.08	5.69	0.00
1	1	6.82	8.15	36.65	8.12	0.00
1	5	6.85	10.78	32.20	2.72	0.37
2	2	5.59	9.48	37.85	6.16	0.00
2	6	4.99	9.19	37.16	5.00	0.00
3	3	6.83	8.74	39.58	4.96	0.03
3	7	7.17	10.33	41.23	3.18	0.07
Core	CPU	C1%	C3%	C6%	C8%	C9%
-	-	4.41	10.53	42.67	5.20	0.13
0	0	4.63	11.09	41.57	6.63	0.20
0	4	4.37	8.91	41.71	4.85	0.01
1	1	4.00	11.49	43.67	4.14	0.00
1	5	4.01	11.21	38.79	5.22	0.87
2	2	4.75	9.88	43.80	4.47	0.00
2	6	4.95	10.45	43.01	6.15	0.00
3	3	4.28	10.91	45.02	5.06	0.00
3	7	4.32	10.29	43.79	5.11	0.00
Core	CPU	C1%	C3%	C6%	C8%	C9%
-	-	2.28	10.55	48.50	3.31	0.02
0	0	1.67	8.77	44.27	6.32	0.00
0	4	2.89	11.82	45.43	2.03	0.00
1	1	2.30	9.29	50.61	5.27	0.00
1	5	2.71	12.72	44.44	1.73	0.19
2	2	2.61	10.88	51.02	1.84	0.00
2	6	2.23	10.71	51.07	2.95	0.00
3	3	2.10	10.16	51.25	2.49	0.00
3	7	1.79	10.29	50.86	3.94	0.00
Core	CPU	C1%	C3%	C6%	C8%	C9%
-	-	3.55	7.37	51.63	7.85	0.04
0	0	3.38	8.47	53.09	7.13	0.00
0	4	3.75	6.45	52.59	8.76	0.12
1	1	3.60	6.70	50.29	10.95	0.00
1	5	3.38	8.40	50.73	6.82	0.09
2	2	3.05	7.54	49.69	6.01	0.00
2	6	3.77	6.92	51.83	8.32	0.00
3	3	4.13	7.64	53.30	5.70	0.00
3	7	3.25	6.74	50.53	8.99	0.14
Core	CPU	C1%	C3%	C6%	C8%	C9%
-	-	6.73	9.24	35.82	5.66	0.04
0	0	5.74	8.44	37.63	8.84	0.03
0	4	6.40	8.68	39.02	6.09	0.00
1	1	7.96	9.63	33.61	5.08	0.00
1	5	7.38	9.42	37.51	4.73	0.00
2	2	7.23	10.91	32.91	5.40	0.00
2	6	4.96	8.73	35.31	5.17	0.27
3	3	6.61	9.28	34.90	6.02	0.00
3	7	7.53	8.79	35.67	3.94	0.00
Core	CPU	C1%	C3%	C6%	C8%	C9%
-	-	2.86	10.27	45.58	4.71	0.01
0	0	2.74	10.86	45.64	7.01	0.00
0	4	2.00	9.49	50.37	4.37	0.00
1	1	4.02	10.54	45.74	3.48	0.00
1	5	2.69	10.29	41.08	5.49	0.08
2	2	2.76	9.77	47.62	5.01	0.00
2	6	3.11	10.52	43.58	4.83	0.00
3	3	2.36	10.71	46.11	2.69	0.00
3	7	3.23	10.02	44.53	4.79	0.00
Core	CPU	C1%	C3%	C6%	C8%	C9%
-	-	1.32	10.49	51.50	3.58	0.02
0	0	1.27	10.11	55.43	3.59	0.00
0	4	0.86	9.76	53.56	2.74	0.03
1	1	0.95	9.77	53.40	4.07	0.00
1	5	1.67	12.67	42.35	4.88	0.00
2	2	1.24	10.74	50.39	3.95	0.03
2	6	1.59	10.38	53.58	3.13	0.00
3	3	1.88	10.84	50.03	2.12	0.11
3	7	1.15	9.85	54.22	4.25	0.00
Core	CPU	C1%	C3%	C6%	C8%	C9%
-	-	9.13	9.08	39.51	4.26	0.08
0	0	8.60	10.30	40.83	5.18	0.00
0	4	9.67	8.74	38.85	5.59	0.00
1	1	9.65	9.04	42.15	4.29	0.00
1	5	7.67	8.53	40.96	2.85	0.65
2	2	9.29	9.58	34.89	4.06	0.00
2	6	9.20	7.71	40.39	4.07	0.00
3	3	9.19	8.75	40.54	5.72	0.00
3	7	9.63	9.82	36.68	2.20	0.00
Core	CPU	C1%	C3%	C6%	C8%	C9%
-	-	3.11	3.13	22.77	26.75	3.01
0	0	3.33	2.48	16.73	15.42	0.52
0	4	4.05	3.50	29.11	42.09	0.00
1	1	2.77	3.11	30.93	43.32	0.00
1	5	3.30	4.00	20.11	16.13	19.45
2	2	2.21	3.09	26.23	27.50	3.07
2	6	3.36	3.30	21.62	43.91	1.00
3	3	3.67	2.91	18.72	10.69	0.00
3	7	2.20	2.64	18.74	14.95	0.00
Core	CPU	C1%	C3%	C6%	C8%	C9%
-	-	6.40	9.06	41.04	6.96	0.08
0	0	6.98	9.48	38.97	7.67	0.08
0	4	6.30	8.28	44.99	6.46	0.00
1	1	5.74	8.90	44.60	7.51	0.00
1	5	5.19	11.00	37.44	8.48	0.43
2	2	7.57	8.36	39.08	5.89	0.15
2	6	7.27	7.77	40.62	7.71	0.00
3	3	7.03	9.52	39.93	5.75	0.00
3	7	5.12	9.21	42.77	6.22	0.00
Core	CPU	C1%	C3%	C6%	C8%	C9%
-	-	0.54	9.65	53.62	4.77	0.15
0	0	0.56	10.28	58.38	3.07	0.00
0	4	0.49	8.92	59.68	1.74	0.00
1	1	0.36	8.30	53.29	7.00	0.00
1	5	0.68	14.12	41.50	2.95	1.19
2	2	0.69	7.98	50.08	8.96	0.00
2	6	0.43	8.93	57.70	4.04	0.00
3	3	0.48	9.41	52.16	5.94	0.00
3	7	0.64	9.20	55.98	4.45	0.00
Core	CPU	C1%	C3%	C6%	C8%	C9%
-	-	0.29	6.45	57.21	11.66	0.11
0	0	0.26	5.98	59.38	9.59	0.00
0	4	0.65	6.75	56.12	15.29	0.36
1	1	0.06	6.29	58.68	11.76	0.00
1	5	0.33	7.56	52.78	12.05	0.42
2	2	0.40	5.79	60.98	8.72	0.00
2	6	0.23	6.83	55.73	11.25	0.00
3	3	0.23	7.85	58.32	10.18	0.00
3	7	0.17	4.55	55.62	14.40	0.10
Core	CPU	C1%	C3%	C6%	C8%	C9%
-	-	0.53	9.27	53.83	4.41	0.05
0	0	0.67	10.79	49.53	4.05	0.00
0	4	0.23	8.38	52.34	4.71	0.00
1	1	0.77	9.17	53.81	4.03	0.00
1	5	0.62	8.34	53.58	7.08	0.40
2	2	0.66	9.32	57.41	2.74	0.00
2	6	0.42	9.17	54.46	4.51	0.00
3	3	0.31	9.31	55.97	3.74	0.00
3	7	0.55	9.72	53.58	4.43	0.00
Core	CPU	C1%	C3%	C6%	C8%	C9%
-	-	0.65	9.96	53.51	3.80	0.05
0	0	0.74	9.82	53.94	4.64	0.00
0	4	0.50	9.61	55.50	2.17	0.00
1	1	0.60	9.02	58.14	1.81	0.00
1	5	1.16	11.77	50.95	3.17	0.35
2	2	0.57	9.30	51.19	7.33	0.06
2	6	0.57	11.05	52.49	4.69	0.00
3	3	0.58	9.85	51.94	3.01	0.00
3	7	0.52	9.26	53.87	3.55	0.00
Core	CPU	C1%	C3%	C6%	C8%	C9%
-	-	0.77	8.25	55.76	6.89	0.05
0	0	1.01	7.88	53.71	7.26	0.00
0	4	0.38	8.10	59.59	5.71	0.00
1	1	0.46	8.09	57.01	6.63	0.00
1	5	1.37	9.78	51.84	5.19	0.41
2	2	0.65	8.23	55.28	8.92	0.00
2	6	1.25	7.69	56.35	5.61	0.00
3	3	0.49	7.94	56.22	9.58	0.00
3	7	0.53	8.27	56.05	6.23	0.00
Core	CPU	C1%	C3%	C6%	C8%	C9%
-	-	0.71	13.55	52.17	2.31	0.00
0	0	0.76	13.84	50.70	1.86	0.00
0	4	0.46	11.70	55.06	4.11	0.00
1	1	0.76	13.87	52.83	3.41	0.00
1	5	0.87	15.57	46.91	1.40	0.00
2	2	0.55	12.60	58.02	1.89	0.00
2	6	0.79	14.83	49.16	1.75	0.00
3	3	0.60	13.27	51.75	1.61	0.00
3	7	0.86	12.75	52.95	2.45	0.00
Core	CPU	C1%	C3%	C6%	C8%	C9%
-	-	0.73	12.83	52.08	2.24	0.00
0	0	0.88	13.24	49.30	2.96	0.00
0	4	0.66	11.68	56.66	2.76	0.00
1	1	0.74	13.12	49.43	3.11	0.00
1	5	0.74	12.90	51.88	1.70	0.00
2	2	0.45	12.90	51.24	2.72	0.00
2	6	0.75	13.43	51.73	1.12	0.00
3	3	0.85	12.24	53.98	2.39	0.00
3	7	0.77	13.12	52.40	1.12	0.00
Core	CPU	C1%	C3%	C6%	C8%	C9%
-	-	1.22	14.28	49.64	0.86	0.00
0	0	1.48	14.63	48.56	0.35	0.00
0	4	1.03	14.38	48.37	1.58	0.00
1	1	1.27	14.49	48.16	0.97	0.00
1	5	0.86	13.80	50.81	1.14	0.00
2	2	1.27	14.37	50.28	0.92	0.00
2	6	1.02	15.07	49.73	0.78	0.00
3	3	1.49	14.24	47.99	0.18	0.00
3	7	1.36	13.25	53.18	0.96	0.00
Core	CPU	C1%	C3%	C6%	C8%	C9%
-	-	1.08	14.64	48.17	1.52	0.00
0	0	0.61	13.72	50.20	3.51	0.00
0	4	1.00	15.06	48.10	0.36	0.00
1	1	0.99	13.37	51.95	0.83	0.00
1	5	1.08	15.63	45.72	0.16	0.00
2	2	0.88	15.95	45.03	3.14	0.00
2	6	1.02	14.24	48.64	1.76	0.00
3	3	1.63	14.68	45.04	1.29	0.00
3	7	1.45	14.45	50.66	1.12	0.00
Core	CPU	C1%	C3%	C6%	C8%	C9%
-	-	1.22	13.68	48.63	1.15	0.00
0	0	1.38	13.95	47.03	0.46	0.00
0	4	1.45	13.30	49.22	2.12	0.00
1	1	0.95	13.90	48.18	2.09	0.00
1	5	1.38	13.97	50.16	0.81	0.00
2	2	1.16	14.28	45.86	1.10	0.00
2	6	1.40	13.71	50.73	0.37	0.00
3	3	1.21	12.91	48.44	1.21	0.00
3	7	0.85	13.41	49.44	1.03	0.00
Core	CPU	C1%	C3%	C6%	C8%	C9%
-	-	7.57	13.75	36.07	1.07	0.00
0	0	7.94	14.73	34.22	1.51	0.00
0	4	7.17	12.16	39.68	2.57	0.00
1	1	6.71	13.69	37.17	0.76	0.00
1	5	7.66	13.94	35.50	0.63	0.00
2	2	8.18	14.84	34.86	0.55	0.00
2	6	8.11	13.78	35.62	1.91	0.00
3	3	6.93	14.56	35.52	0.07	0.00
3	7	7.86	12.29	35.91	0.56	0.00
Core	CPU	C1%	C3%	C6%	C8%	C9%
-	-	2.61	15.92	38.37	1.09	0.03
0	0	2.32	14.98	40.12	1.47	0.00
0	4	3.13	16.65	36.89	0.67	0.11
1	1	2.41	15.87	39.71	1.43	0.00
1	5	2.25	14.94	41.17	1.33	0.02
2	2	2.88	15.87	40.47	1.05	0.00
2	6	2.85	16.93	36.41	0.70	0.12
3	3	2.47	16.33	36.68	0.56	0.00
3	7	2.58	15.86	35.69	1.53	0.00
Core	CPU	C1%	C3%	C6%	C8%	C9%
-	-	14.62	15.18	28.74	0.72	0.01
0	0	14.58	14.81	28.67	0.87	0.00
0	4	14.26	15.71	28.66	0.19	0.00
1	1	15.40	15.73	27.26	0.28	0.00
1	5	13.02	16.30	29.12	1.23	0.00
2	2	16.71	14.98	27.55	1.01	0.00
2	6	16.12	14.02	29.03	0.49	0.00
3	3	13.78	15.31	29.68	0.25	0.07
3	7	12.99	14.50	29.85	1.46	0.00
Core	CPU	C1%	C3%	C6%	C8%	C9%
-	-	8.61	15.72	32.42	1.20	0.00
0	0	8.51	14.99	33.66	2.63	0.00
0	4	8.23	16.95	31.45	0.88	0.00
1	1	8.39	15.32	33.66	0.53	0.00
1	5	8.32	17.62	31.36	0.23	0.00
2	2	9.58	15.92	32.32	1.93	0.00
2	6	8.33	14.79	35.34	0.70	0.00
3	3	9.14	15.85	29.67	0.46	0.00
3	7	8.39	14.43	32.08	2.23	0.00
Core	CPU	C1%	C3%	C6%	C8%	C9%
-	-	7.18	13.84	40.72	1.24	0.01
0	0	6.96	13.83	38.90	1.55	0.00
0	4	7.34	12.32	43.97	0.89	0.05
1	1	6.98	13.46	42.66	1.05	0.00
1	5	7.48	13.87	42.79	1.55	0.00
2	2	6.69	14.98	40.72	0.95	0.00
2	6	6.70	12.88	40.44	1.50	0.00
3	3	7.94	15.28	36.65	0.77	0.00
3	7	7.30	14.00	39.42	1.61	0.00
Core	CPU	C1%	C3%	C6%	C8%	C9%
-	-	5.75	13.50	40.56	2.05	0.00
0	0	5.04	11.54	45.89	1.53	0.00
0	4	5.31	13.55	37.87	3.00	0.00
1	1	6.44	13.18	41.26	2.09	0.00
1	5	6.53	16.24	30.36	0.50	0.00
2	2	5.15	12.75	42.54	2.85	0.00
2	6	5.30	14.30	44.25	2.16	0.00
3	3	5.72	12.96	40.78	1.90	0.00
3	7	6.56	13.58	41.74	2.41	0.00
Core	CPU	C1%	C3%	C6%	C8%	C9%
-	-	1.86	8.33	42.20	12.52	0.35
0	0	2.24	8.12	43.36	18.95	0.10
0	4	1.78	7.97	41.25	4.31	0.00
1	1	1.73	6.96	40.71	4.34	0.00
1	5	1.75	8.76	35.07	19.07	1.18
2	2	1.53	8.40	36.32	9.13	1.44
2	6	1.73	8.77	45.41	16.61	0.00
3	3	1.50	8.33	42.46	19.36	0.09
3	7	2.61	9.31	52.79	8.33	0.01
Core	CPU	C1%	C3%	C6%	C8%	C9%
-	-	4.77	4.44	34.57	22.92	0.14
0	0	5.33	6.01	44.08	20.24	0.00
0	4	4.48	4.46	32.47	26.35	0.00
1	1	4.22	3.10	21.25	12.65	0.01
1	5	4.88	3.76	35.91	19.36	0.14
2	2	4.19	4.29	35.40	30.56	0.48
2	6	4.47	4.78	34.85	28.16	0.00
3	3	6.42	4.01	26.43	32.69	0.50
3	7	4.21	5.16	46.37	13.42	0.00
Core	CPU	C1%	C3%	C6%	C8%	C9%
-	-	6.03	8.35	39.15	6.25	0.14
0	0	6.72	9.90	35.75	6.10	0.00
0	4	5.59	7.57	39.69	6.28	0.68
1	1	5.78	8.33	40.62	5.63	0.00
1	5	6.02	8.41	38.41	6.85	0.38
2	2	6.65	7.30	39.87	8.04	0.05
2	6	5.77	7.90	39.36	6.72	0.00
3	3	5.59	8.07	40.42	5.70	0.03
3	7	6.08	9.26	39.05	4.66	0.00
Core	CPU	C1%	C3%	C6%	C8%	C9%
-	-	4.70	8.11	43.64	6.41	0.03
0	0	4.99	7.53	44.18	7.15	0.00
0	4	4.84	8.52	43.53	6.89	0.00
1	1	4.37	7.32	44.75	7.98	0.00
1	5	5.10	11.20	38.69	3.85	0.23
2	2	4.73	7.28	46.31	6.19	0.00
2	6	5.27	8.77	41.91	6.24	0.00
3	3	4.32	7.50	45.05	6.72	0.00
3	7	4.09	6.94	45.45	6.35	0.00
Core	CPU	C1%	C3%	C6%	C8%	C9%
-	-	3.38	11.51	47.40	3.54	0.02
0	0	3.48	11.86	50.66	1.97	0.00
0	4	3.20	11.29	46.04	3.62	0.00
1	1	2.78	10.64	47.33	5.32	0.00
1	5	3.26	13.67	42.08	3.17	0.14
2	2	4.85	11.84	43.45	4.34	0.00
2	6	2.79	9.85	53.15	2.41	0.00
3	3	3.54	12.30	48.12	2.96	0.00
3	7	3.07	10.39	47.63	4.49	0.00
Core	CPU	C1%	C3%	C6%	C8%	C9%
-	-	11.74	9.30	37.89	4.05	0.01
0	0	10.89	8.19	37.41	5.06	0.00
0	4	12.67	9.55	36.28	4.50	0.00
1	1	11.81	9.51	42.92	3.13	0.00
1	5	11.34	11.29	34.79	2.94	0.00
2	2	12.96	8.60	37.01	3.85	0.02
2	6	11.54	9.16	39.65	3.58	0.03
3	3	10.86	9.03	39.49	3.98	0.00
3	7	11.88	9.09	35.58	5.38	0.00
Core	CPU	C1%	C3%	C6%	C8%	C9%
-	-	12.67	8.02	29.27	5.35	0.11
0	0	11.99	7.17	28.65	5.64	0.01
0	4	11.77	8.13	29.31	3.91	0.00
1	1	11.94	7.45	29.34	10.02	0.00
1	5	14.57	8.49	28.84	2.52	0.17
2	2	12.78	9.01	30.64	3.99	0.01
2	6	14.76	7.64	27.46	3.14	0.62
3	3	12.58	9.57	26.94	3.77	0.02
3	7	11.05	6.74	33.13	9.87	0.01
Core	CPU	C1%	C3%	C6%	C8%	C9%
-	-	5.99	8.38	38.43	4.32	0.12
0	0	5.73	8.44	35.92	5.41	0.04
0	4	5.90	8.12	41.86	4.59	0.72
1	1	4.86	7.92	41.58	4.46	0.02
1	5	6.84	8.93	35.94	3.21	0.00
2	2	6.67	8.44	36.60	2.40	0.01
2	6	5.91	9.43	37.24	2.70	0.02
3	3	6.90	8.61	35.71	2.29	0.12
3	7	5.11	7.08	42.40	9.49	0.00
Core	CPU	C1%	C3%	C6%	C8%	C9%
-	-	5.09	10.62	41.63	3.42	0.07
0	0	4.80	10.13	42.66	2.57	0.00
0	4	4.86	9.79	42.15	5.66	0.07
1	1	6.11	10.44	42.63	2.63	0.00
1	5	4.28	11.33	41.02	4.98	0.16
2	2	5.19	11.46	41.00	2.57	0.00
2	6	5.56	10.49	42.68	2.32	0.00
3	3	5.22	11.65	43.53	3.15	0.00
3	7	4.68	9.68	37.32	3.53	0.30
Core	CPU	C1%	C3%	C6%	C8%	C9%
-	-	5.93	8.43	40.74	5.65	0.14
0	0	4.68	7.96	42.50	4.24	0.00
0	4	6.47	9.04	42.33	4.67	0.05
1	1	6.62	8.51	41.61	5.97	0.00
1	5	4.64	9.10	39.59	5.24	0.48
2	2	7.75	8.72	35.92	5.25	0.00
2	6	6.17	6.05	43.77	6.87	0.00
3	3	5.74	7.61	40.77	10.35	0.60
3	7	5.37	10.47	39.45	2.60	0.00
Core	CPU	C1%	C3%	C6%	C8%	C9%
-	-	10.00	8.87	34.40	3.96	0.06
0	0	11.12	9.01	31.76	2.49	0.00
0	4	9.72	8.89	32.79	5.18	0.21
1	1	7.25	9.97	37.35	4.31	0.01
1	5	10.37	9.11	37.25	3.91	0.00
2	2	11.69	8.29	34.53	2.68	0.00
2	6	11.21	8.13	32.27	4.52	0.10
3	3	10.57	9.05	33.84	4.06	0.11
3	7	8.18	8.60	35.63	4.53	0.03
Core	CPU	C1%	C3%	C6%	C8%	C9%
-	-	8.20	7.24	36.86	5.61	0.07
0	0	7.42	7.79	39.93	5.97	0.00
0	4	10.19	8.18	37.09	7.97	0.04
1	1	8.07	6.72	37.99	8.07	0.11
1	5	6.97	6.77	38.13	5.75	0.05
2	2	8.65	8.74	35.43	3.49	0.00
2	6	6.87	6.44	37.93	4.80	0.01
3	3	8.18	6.92	35.55	4.97	0.30
3	7	9.20	6.33	32.68	3.86	0.02
Core	CPU	C1%	C3%	C6%	C8%	C9%
-	-	8.45	7.42	33.75	6.63	0.12
0	0	7.65	7.81	31.46	6.25	0.11
0	4	6.30	6.66	30.45	7.49	0.61
1	1	9.15	6.78	34.77	9.76	0.01
1	5	8.90	8.74	32.10	4.94	0.11
2	2	8.38	7.89	36.53	7.98	0.00
2	6	8.91	6.92	35.66	3.13	0.09
3	3	10.91	7.32	37.17	7.43	0.00
3	7	7.39	7.23	31.71	6.02	0.05
Core	CPU	C1%	C3%	C6%	C8%	C9%
-	-	13.50	9.14	29.36	3.39	0.24
0	0	14.38	9.91	25.24	3.00	0.00
0	4	14.50	8.95	27.86	2.88	0.00
1	1	14.07	8.68	30.20	4.17	0.00
1	5	14.11	9.50	28.40	3.13	0.00
2	2	14.09	9.71	28.32	3.88	0.00
2	6	11.47	7.64	30.75	3.04	0.91
3	3	13.00	9.08	32.06	2.71	0.10
3	7	12.43	9.70	32.03	4.27	0.89
Core	CPU	C1%	C3%	C6%	C8%	C9%
-	-	9.90	7.52	34.02	4.49	0.10
0	0	8.95	6.99	35.32	5.76	0.07
0	4	13.38	8.33	35.18	2.72	0.00
1	1	10.07	8.37	31.29	5.30	0.02
1	5	10.27	6.36	33.30	3.52	0.56
2	2	10.04	7.99	34.26	3.01	0.06
2	6	7.86	6.60	33.25	4.66	0.01
3	3	10.33	7.65	35.21	5.72	0.00
3	7	8.31	7.85	34.31	5.26	0.10
Core	CPU	C1%	C3%	C6%	C8%	C9%
-	-	8.53	6.32	35.54	5.92	0.25
0	0	9.90	5.45	31.57	6.37	0.01
0	4	8.62	6.92	35.87	4.36	0.02
1	1	9.08	6.66	38.30	5.26	0.00
1	5	9.04	6.00	38.48	10.85	0.00
2	2	6.98	5.68	33.94	4.94	0.15
2	6	8.54	7.36	37.69	3.74	0.00
3	3	8.70	7.61	34.94	8.74	1.14
3	7	7.37	4.91	33.53	3.10	0.71
Core	CPU	C1%	C3%	C6%	C8%	C9%
-	-	9.74	5.86	33.41	6.35	0.17
0	0	11.19	6.62	31.77	2.72	0.00
0	4	8.19	5.19	36.00	5.51	0.00
1	1	10.67	5.61	32.55	10.81	0.06
1	5	10.63	5.46	35.06	5.53	0.07
2	2	9.57	5.41	36.56	7.14	0.18
2	6	10.98	6.14	30.31	4.61	0.00
3	3	8.64	5.56	31.58	10.91	0.47
3	7	8.10	6.96	33.54	3.57	0.60
Core	CPU	C1%	C3%	C6%	C8%	C9%
-	-	4.29	3.25	22.76	20.37	0.57
0	0	3.84	3.06	25.00	37.73	0.24
0	4	4.71	3.21	19.80	2.10	1.23
1	1	3.85	2.69	27.28	41.91	0.00
1	5	4.08	3.23	18.99	3.82	0.01
2	2	4.27	4.17	23.68	37.00	0.00
2	6	5.13	2.63	22.39	3.84	3.07
3	3	4.74	3.98	20.31	4.05	0.00
3	7	3.66	2.99	24.52	32.39	0.02
Core	CPU	C1%	C3%	C6%	C8%	C9%
-	-	9.97	4.92	26.61	11.57	0.49
0	0	11.13	4.53	34.12	18.32	0.01
0	4	10.49	5.77	23.19	9.12	2.28
1	1	10.84	5.40	23.55	2.93	0.01
1	5	9.83	4.07	24.57	10.15	1.05
2	2	9.95	5.72	30.77	22.22	0.00
2	6	8.64	4.11	27.20	3.38	0.56
3	3	9.39	5.16	23.26	3.80	0.01
3	7	9.55	4.64	26.31	22.67	0.00
Core	CPU	C1%	C3%	C6%	C8%	C9%
-	-	14.17	7.70	28.61	4.01	0.09
0	0	15.32	7.12	27.14	2.26	0.20
0	4	16.09	7.33	30.98	3.21	0.00
1	1	12.99	7.20	30.43	6.42	0.06
1	5	13.40	7.70	28.89	5.19	0.01
2	2	11.81	7.91	29.16	4.60	0.00
2	6	14.38	7.98	29.53	4.06	0.06
3	3	16.70	8.94	24.80	2.92	0.31
3	7	12.67	7.41	27.92	3.43	0.08
Core	CPU	C1%	C3%	C6%	C8%	C9%
-	-	8.74	7.72	36.60	5.78	0.10
0	0	9.18	7.40	36.86	5.03	0.00
0	4	8.46	8.21	35.51	6.36	0.31
1	1	9.49	6.77	38.15	5.11	0.12
1	5	10.64	8.69	32.69	6.33	0.00
2	2	7.64	8.06	36.46	9.49	0.00
2	6	8.27	7.32	38.21	3.06	0.35
3	3	8.57	7.92	38.85	5.70	0.00
3	7	7.69	7.39	36.06	5.19	0.00
Core	CPU	C1%	C3%	C6%	C8%	C9%
-	-	9.39	7.48	33.55	4.37	0.02
0	0	9.50	7.21	33.56	5.73	0.00
0	4	9.97	7.16	34.41	3.36	0.01
1	1	7.54	6.24	32.11	7.35	0.00
1	5	9.78	8.93	34.87	5.10	0.00
2	2	9.44	7.89	34.33	2.03	0.00
2	6	9.42	7.39	33.50	4.76	0.00
3	3	11.48	8.30	30.81	3.27	0.00
3	7	7.98	6.72	34.85	3.40	0.19
Core	CPU	C1%	C3%	C6%	C8%	C9%
-	-	7.05	11.88	37.61	2.79	0.16
0	0	7.13	11.78	38.16	3.89	0.00
0	4	5.76	11.81	39.41	2.64	0.10
1	1	7.38	11.18	36.61	3.65	0.10
1	5	7.81	12.65	37.77	1.28	0.04
2	2	6.71	11.49	40.61	1.54	0.01
2	6	7.09	12.76	33.87	3.32	0.92
3	3	6.51	11.59	41.51	2.83	0.01
3	7	7.98	11.73	32.93	3.16	0.08
Core	CPU	C1%	C3%	C6%	C8%	C9%
-	-	5.33	10.73	41.27	3.70	0.07
0	0	5.99	10.63	39.84	1.45	0.00
0	4	5.52	10.21	41.92	4.93	0.00
1	1	6.62	11.83	41.63	1.99	0.00
1	5	4.80	9.84	44.03	5.45	0.49
2	2	4.32	8.69	40.24	5.97	0.00
2	6	5.20	11.74	37.40	2.70	0.01
3	3	4.73	11.21	42.30	4.47	0.00
3	7	5.44	11.69	42.79	2.64	0.02
Core	CPU	C1%	C3%	C6%	C8%	C9%
-	-	4.47	9.82	40.97	4.25	0.00
0	0	4.83	9.18	41.64	2.49	0.01
0	4	3.61	9.22	40.27	5.75	0.00
1	1	4.29	9.73	42.04	3.91	0.00
1	5	4.93	10.82	41.91	2.70	0.00
2	2	3.35	8.97	37.88	7.44	0.00
2	6	6.10	11.50	39.22	2.29	0.00
3	3	4.13	8.95	43.14	5.30	0.00
3	7	4.54	10.23	41.60	4.15	0.00
Core	CPU	C1%	C3%	C6%	C8%	C9%
-	-	2.64	9.04	48.31	4.96	0.00
0	0	2.74	8.58	44.37	7.01	0.00
0	4	3.22	8.85	49.15	5.35	0.00
1	1	1.84	10.19	49.21	3.84	0.00
1	5	3.06	10.21	50.79	1.48	0.00
2	2	1.71	9.19	50.45	6.27	0.00
2	6	2.96	9.46	49.33	4.46	0.01
3	3	3.27	9.44	47.91	3.02	0.02
3	7	2.28	6.36	45.27	8.26	0.00
Core	CPU	C1%	C3%	C6%	C8%	C9%
-	-	8.73	6.39	34.55	5.98	0.10
0	0	9.07	5.17	33.77	9.89	0.01
0	4	8.27	7.29	36.27	2.78	0.00
1	1	6.34	4.33	34.99	7.24	0.01
1	5	11.79	7.89	30.98	4.05	0.35
2	2	7.21	6.19	36.67	7.20	0.15
2	6	9.07	6.30	33.64	2.76	0.00
3	3	10.04	7.95	33.66	5.91	0.00
3	7	8.04	5.96	36.40	8.01	0.30
Core	CPU	C1%	C3%	C6%	C8%	C9%
-	-	13.87	6.21	26.33	3.73	0.13
0	0	12.04	6.20	26.81	4.82	0.13
0	4	16.81	5.35	23.15	3.27	0.00
1	1	12.60	7.08	28.57	3.27	0.11
1	5	12.61	7.07	28.62	3.37	0.01
2	2	15.13	5.62	29.08	5.68	0.11
2	6	13.93	5.66	21.82	4.30	0.01
3	3	13.26	5.57	25.46	2.00	0.51
3	7	14.59	7.11	27.13	3.09	0.19
Core	CPU	C1%	C3%	C6%	C8%	C9%
-	-	16.25	7.89	25.65	3.23	0.03
0	0	15.95	5.90	26.07	2.46	0.00
0	4	15.68	8.66	22.37	1.54	0.10
1	1	15.02	6.84	26.03	2.60	0.00
1	5	16.88	9.73	25.87	2.39	0.00
2	2	17.99	7.58	26.76	4.77	0.00
2	6	16.61	8.53	25.75	3.73	0.00
3	3	17.00	7.53	24.14	4.05	0.11
3	7	14.83	8.35	28.18	4.25	0.00
Core	CPU	C1%	C3%	C6%	C8%	C9%
-	-	5.35	10.37	37.63	4.45	0.02
0	0	6.32	11.08	38.45	2.67	0.04
0	4	3.95	8.79	39.14	8.47	0.01
1	1	3.35	9.82	34.79	6.20	0.01
1	5	5.91	11.13	37.61	4.71	0.00
2	2	4.78	9.13	42.75	5.82	0.00
2	6	6.95	11.29	34.12	2.13	0.00
3	3	5.07	11.44	37.07	2.37	0.09
3	7	6.49	10.33	37.16	3.20	0.00
Core	CPU	C1%	C3%	C6%	C8%	C9%
-	-	5.33	9.73	36.34	4.86	0.01
0	0	6.40	11.10	35.10	3.74	0.00
0	4	4.28	8.20	43.04	3.85	0.00
1	1	4.82	8.10	36.40	6.07	0.00
1	5	5.04	10.49	35.10	4.71	0.00
2	2	5.20	9.07	37.17	5.28	0.00
2	6	6.32	12.28	34.58	3.71	0.00
3	3	5.49	9.89	36.45	5.67	0.10
3	7	5.05	8.75	32.83	5.82	0.00
Core	CPU	C1%	C3%	C6%	C8%	C9%
-	-	5.11	10.73	42.13	3.16	0.02
0	0	4.92	10.27	43.18	4.65	0.00
0	4	5.50	10.44	40.74	2.35	0.00
1	1	6.71	10.04	40.05	3.37	0.00
1	5	5.38	11.00	41.42	2.59	0.08
2	2	4.71	11.15	44.87	2.67	0.00
2	6	4.05	10.83	44.78	2.82	0.00
3	3	4.51	10.38	41.37	3.58	0.01
3	7	5.09	11.71	40.65	3.23	0.08
Core	CPU	C1%	C3%	C6%	C8%	C9%
-	-	5.09	10.29	43.05	3.58	0.02
0	0	5.08	10.09	42.87	5.77	0.01
0	4	6.64	9.64	39.45	3.27	0.07
1	1	4.65	10.07	46.15	2.72	0.00
1	5	4.80	11.32	42.49	2.89	0.00
2	2	4.58	10.97	43.16	3.14	0.00
2	6	5.32	10.10	43.69	3.93	0.10
3	3	4.87	9.53	44.53	1.97	0.00
3	7	4.80	10.57	42.06	4.94	0.00
Core	CPU	C1%	C3%	C6%	C8%	C9%
-	-	4.90	10.26	44.53	3.63	0.01
0	0	6.54	10.07	43.53	2.91	0.00
0	4	5.18	10.00	46.67	2.54	0.00
1	1	4.17	10.40	45.72	5.26	0.01
1	5	4.69	10.50	43.18	2.89	0.00
2	2	5.01	10.36	42.26	5.51	0.01
2	6	3.77	10.91	44.88	2.29	0.05
3	3	5.64	10.03	42.60	2.83	0.00
3	7	4.23	9.85	47.46	4.80	0.00
Core	CPU	C1%	C3%	C6%	C8%	C9%
-	-	4.63	8.77	41.30	4.91	0.05
0	0	4.89	7.59	44.31	8.62	0.01
0	4	4.31	9.34	42.52	6.17	0.22
1	1	4.86	8.42	39.65	5.54	0.11
1	5	5.06	9.21	42.65	3.04	0.00
2	2	5.84	7.90	38.75	5.20	0.10
2	6	4.09	9.17	42.02	5.17	0.00
3	3	3.68	8.84	38.29	3.78	0.00
3	7	4.29	9.71	42.16	1.79	0.00
Core	CPU	C1%	C3%	C6%	C8%	C9%
-	-	6.84	9.79	38.23	4.08	0.01
0	0	6.74	9.43	39.06	3.22	0.00
0	4	7.24	10.90	35.93	4.54	0.00
1	1	5.91	7.87	44.63	7.18	0.00
1	5	6.87	10.09	39.71	4.65	0.10
2	2	6.53	8.74	38.19	3.63	0.00
2	6	7.75	10.53	36.81	2.27	0.00
3	3	7.40	11.35	35.56	3.65	0.00
3	7	6.27	9.38	35.93	3.54	0.00
Core	CPU	C1%	C3%	C6%	C8%	C9%
-	-	5.00	9.81	42.41	3.63	0.02
0	0	5.31	10.11	37.41	5.77	0.13
0	4	5.60	10.44	37.53	3.16	0.00
1	1	4.72	10.11	48.57	2.00	0.00
1	5	4.32	10.53	43.45	2.78	0.00
2	2	5.50	9.82	45.64	3.30	0.00
2	6	4.87	8.95	42.74	3.71	0.00
3	3	5.09	9.11	42.65	4.76	0.00
3	7	4.55	9.44	41.31	3.53	0.00
Core	CPU	C1%	C3%	C6%	C8%	C9%
-	-	4.88	9.42	39.95	4.04	0.00
0	0	4.53	8.80	42.89	4.22	0.00
0	4	4.60	9.54	40.38	4.37	0.00
1	1	4.15	9.17	41.11	4.22	0.02
1	5	4.79	9.24	38.01	4.21	0.00
2	2	5.23	9.51	37.64	2.53	0.00
2	6	6.10	10.06	40.92	4.67	0.01
3	3	4.61	9.47	40.62	4.19	0.00
3	7	5.05	9.60	38.15	3.93	0.00
Core	CPU	C1%	C3%	C6%	C8%	C9%
-	-	5.26	9.64	38.97	3.86	0.00
0	0	5.69	9.33	39.66	5.68	0.00
0	4	5.28	8.65	41.48	6.25	0.00
1	1	5.13	9.18	39.18	3.46	0.01
1	5	6.53	10.48	40.91	2.16	0.00
2	2	4.28	8.84	40.44	4.15	0.00
2	6	4.32	12.20	41.87	2.30	0.00
3	3	6.23	9.35	29.78	5.18	0.00
3	7	4.67	9.15	38.80	1.74	0.00
Core	CPU	C1%	C3%	C6%	C8%	C9%
-	-	3.42	7.96	44.36	7.12	0.05
0	0	3.52	8.44	43.43	6.97	0.00
0	4	3.09	5.89	40.03	11.39	0.14
1	1	3.58	8.80	48.99	7.81	0.00
1	5	2.73	7.84	45.19	9.64	0.20
2	2	3.41	8.19	44.61	4.14	0.00
2	6	3.63	7.54	43.62	6.16	0.00
3	3	3.80	7.92	44.30	7.80	0.02
3	7	3.59	8.99	44.21	2.96	0.00
Core	CPU	C1%	C3%	C6%	C8%	C9%
-	-	1.77	9.96	46.83	3.90	0.06
0	0	1.93	11.67	44.29	2.15	0.05
0	4	1.87	9.26	43.99	5.56	0.00
1	1	1.55	11.52	48.07	2.52	0.00
1	5	2.01	9.82	50.30	3.93	0.34
2	2	1.97	9.73	52.71	3.44	0.00
2	6	1.84	10.45	44.88	3.07	0.00
3	3	1.54	7.77	42.41	6.75	0.00
3	7	1.49	9.50	48.09	3.77	0.06
Core	CPU	C1%	C3%	C6%	C8%	C9%
-	-	1.99	8.68	46.76	6.23	0.01
0	0	2.21	8.47	45.24	7.47	0.03
0	4	2.00	9.23	48.42	3.75	0.00
1	1	1.49	8.61	47.00	5.05	0.00
1	5	2.30	7.81	45.79	7.82	0.00
2	2	2.11	7.53	46.42	10.35	0.00
2	6	2.01	10.67	49.45	2.97	0.02
3	3	1.48	8.02	43.92	7.29	0.01
3	7	2.32	9.09	47.74	5.15	0.00
Core	CPU	C1%	C3%	C6%	C8%	C9%
-	-	1.77	7.73	46.54	7.65	0.02
0	0	2.35	7.13	44.91	12.03	0.01
0	4	1.26	6.82	46.20	10.27	0.00
1	1	2.28	8.01	46.65	7.28	0.11
1	5	1.41	8.03	48.59	4.55	0.07
2	2	1.82	7.34	48.42	3.45	0.00
2	6	2.20	7.81	45.89	8.76	0.00
3	3	1.97	10.76	46.98	2.85	0.00
3	7	0.88	5.96	44.64	12.01	0.00
Core	CPU	C1%	C3%	C6%	C8%	C9%
-	-	2.69	8.04	48.68	5.27	0.01
0	0	2.44	9.35	48.38	5.37	0.00
0	4	3.44	7.97	51.40	3.72	0.01
1	1	1.90	6.71	50.78	12.03	0.00
1	5	3.72	8.80	45.73	3.97	0.00
2	2	2.73	8.05	48.57	3.36	0.11
2	6	2.43	8.41	48.79	3.98	0.00
3	3	2.60	7.20	45.54	5.18	0.00
3	7	2.25	7.83	50.21	4.52	0.00
Core	CPU	C1%	C3%	C6%	C8%	C9%
-	-	3.86	8.92	44.39	5.31	0.04
0	0	3.51	8.26	44.13	6.88	0.01
0	4	3.84	9.24	45.38	5.87	0.00
1	1	3.36	7.17	41.84	6.82	0.00
1	5	4.23	10.05	47.62	2.49	0.00
2	2	2.82	7.36	45.90	7.29	0.30
2	6	4.56	10.26	43.79	5.14	0.00
3	3	4.54	9.68	43.37	4.10	0.00
3	7	4.01	9.34	43.08	3.89	0.00
Core	CPU	C1%	C3%	C6%	C8%	C9%
-	-	1.87	7.50	44.64	23.37	0.00
0	0	1.90	10.56	56.82	15.01	0.00
0	4	2.29	8.16	51.51	24.76	0.00
1	1	1.44	8.53	55.69	21.65	0.00
1	5	1.96	7.26	50.02	28.33	0.00
2	2	1.70	7.33	41.31	36.14	0.00
2	6	1.41	2.51	8.60	0.52	0.00
3	3	2.48	9.73	57.13	16.11	0.00
3	7	1.78	5.96	36.12	44.50	0.00
Core	CPU	C1%	C3%	C6%	C8%	C9%
-	-	2.67	10.30	45.47	3.68	0.03
0	0	2.91	12.19	43.96	3.90	0.00
0	4	2.90	9.32	45.68	5.63	0.04
1	1	3.06	9.04	46.78	2.08	0.00
1	5	2.23	10.02	44.94	4.57	0.00
2	2	2.40	11.23	41.69	3.38	0.21
2	6	2.41	8.05	50.35	3.20	0.00
3	3	3.09	10.64	44.64	2.56	0.00
3	7	2.34	11.88	45.71	4.10	0.00
Core	CPU	C1%	C3%	C6%	C8%	C9%
-	-	1.55	7.68	46.77	7.71	0.02
0	0	1.74	7.75	49.62	3.93	0.00
0	4	1.27	7.24	44.86	10.40	0.06
1	1	1.28	8.07	45.62	8.51	0.00
1	5	1.59	7.30	48.28	6.36	0.00
2	2	1.61	8.03	43.47	10.07	0.01
2	6	1.02	7.63	44.58	4.65	0.06
3	3	2.49	7.47	50.67	8.27	0.00
3	7	1.44	7.94	47.05	9.53	0.01
Core	CPU	C1%	C3%	C6%	C8%	C9%
-	-	1.28	5.81	52.92	11.08	0.07
0	0	0.88	4.54	50.84	14.42	0.00
0	4	0.93	7.21	50.44	13.07	0.00
1	1	1.18	6.32	53.79	11.09	0.00
1	5	1.47	5.77	55.67	8.80	0.58
2	2	1.17	5.25	54.66	10.59	0.00
2	6	1.64	6.45	52.26	7.77	0.00
3	3	1.39	5.60	51.17	12.62	0.00
3	7	1.56	5.36	54.94	10.34	0.01
Core	CPU	C1%	C3%	C6%	C8%	C9%
-	-	0.34	5.98	58.36	9.11	0.00
0	0	0.35	6.88	57.19	10.35	0.00
0	4	0.29	4.70	57.51	9.10	0.00
1	1	0.24	5.49	61.00	10.60	0.01
1	5	0.38	6.14	58.06	8.89	0.00
2	2	0.23	6.12	56.08	9.97	0.00
2	6	0.24	6.18	59.40	7.15	0.00
3	3	0.34	6.62	59.38	8.13	0.01
3	7	0.64	5.70	58.06	8.69	0.00
Core	CPU	C1%	C3%	C6%	C8%	C9%
-	-	0.34	6.05	57.92	9.77	0.00
0	0	0.25	7.39	59.43	4.67	0.00
0	4	0.22	5.60	57.93	8.78	0.00
1	1	0.38	5.54	58.19	12.57	0.00
1	5	0.40	6.93	56.64	8.44	0.00
2	2	0.50	5.26	51.20	13.20	0.00
2	6	0.19	5.66	59.16	9.97	0.00
3	3	0.65	5.54	61.45	10.04	0.00
3	7	0.17	6.52	59.36	10.48	0.00
Core	CPU	C1%	C3%	C6%	C8%	C9%
-	-	0.21	4.47	57.79	15.09	0.05
0	0	0.41	5.03	60.96	10.40	0.00
0	4	0.29	3.87	57.11	18.55	0.00
1	1	0.13	5.13	55.69	13.81	0.31
1	5	0.03	4.15	61.51	13.40	0.12
2	2	0.10	4.92	56.30	18.05	0.00
2	6	0.51	3.85	57.31	14.40	0.00
3	3	0.14	3.47	51.81	18.75	0.00
3	7	0.08	5.33	61.44	13.34	0.00
Core	CPU	C1%	C3%	C6%	C8%	C9%
-	-	0.23	3.91	55.26	15.27	0.03
0	0	0.12	3.86	55.06	15.45	0.21
0	4	0.11	3.67	56.26	16.87	0.00
1	1	0.25	4.18	54.18	10.03	0.00
1	5	0.18	4.11	56.80	13.30	0.00
2	2	0.36	4.13	55.10	17.09	0.00
2	6	0.53	4.32	58.42	14.33	0.00
3	3	0.13	3.46	53.40	17.29	0.00
3	7	0.18	3.57	52.93	17.80	0.03
Core	CPU	C1%	C3%	C6%	C8%	C9%
-	-	0.51	9.05	52.04	6.11	0.04
0	0	0.51	8.62	54.17	7.02	0.00
0	4	0.39	9.67	51.42	2.89	0.00
1	1	0.85	8.81	48.46	5.79	0.01
1	5	0.21	10.63	53.37	6.08	0.00
2	2	0.42	9.18	53.83	8.29	0.19
2	6	0.89	8.41	48.68	4.65	0.08
3	3	0.29	8.07	53.57	9.45	0.01
3	7	0.51	8.98	52.76	4.68	0.03
Core	CPU	C1%	C3%	C6%	C8%	C9%
-	-	0.92	6.08	56.49	9.57	0.00
0	0	1.01	5.07	62.47	8.34	0.00
0	4	0.99	7.06	47.61	8.92	0.00
1	1	0.81	6.35	61.82	8.04	0.01
1	5	1.15	6.87	51.61	10.48	0.00
2	2	0.71	5.52	60.52	8.66	0.00
2	6	0.92	5.53	52.17	10.27	0.00
3	3	0.71	6.29	56.55	11.03	0.00
3	7	1.07	5.94	58.98	10.82	0.00
Core	CPU	C1%	C3%	C6%	C8%	C9%
-	-	1.70	8.96	53.08	7.81	0.02
0	0	1.52	9.05	53.56	6.44	0.00
0	4	1.05	8.70	49.51	7.00	0.00
1	1	2.14	8.21	51.70	12.18	0.05
1	5	1.83	9.03	53.06	9.56	0.01
2	2	1.95	8.56	53.52	8.78	0.00
2	6	1.18	9.72	53.66	5.10	0.00
3	3	2.27	9.47	55.18	7.31	0.00
3	7	1.70	8.97	54.61	6.18	0.07
Core	CPU	C1%	C3%	C6%	C8%	C9%
-	-	0.90	5.44	48.66	13.39	0.04
0	0	0.88	4.32	46.08	12.43	0.11
0	4	0.74	6.27	50.73	12.44	0.00
1	1	1.45	5.01	45.81	16.00	0.00
1	5	0.48	5.54	51.14	9.80	0.03
2	2	0.91	4.99	49.69	15.60	0.00
2	6	0.94	6.36	47.10	11.84	0.00
3	3	0.80	5.07	46.13	17.24	0.10
3	7	1.04	5.95	52.60	11.78	0.11
Core	CPU	C1%	C3%	C6%	C8%	C9%
-	-	1.40	14.27	49.00	0.36	0.00
0	0	1.24	14.05	50.29	0.34	0.00
0	4	1.21	14.45	47.71	0.21	0.00
1	1	1.27	14.05	50.42	0.16	0.00
1	5	1.84	14.05	47.40	0.38	0.00
2	2	1.40	14.32	50.67	0.12	0.00
2	6	1.38	13.75	50.46	0.79	0.00
3	3	1.72	14.73	47.45	0.25	0.00
3	7	1.11	14.74	47.62	0.67	0.00
Core	CPU	C1%	C3%	C6%	C8%	C9%
-	-	0.61	12.85	52.87	1.49	0.02
0	0	0.49	12.04	53.45	2.28	0.00
0	4	0.60	12.79	54.21	1.30	0.00
1	1	0.74	11.98	52.40	1.38	0.12
1	5	0.55	13.93	52.33	1.46	0.05
2	2	0.35	12.67	54.62	1.21	0.02
2	6	0.70	14.00	50.68	1.19	0.00
3	3	0.43	12.97	52.36	1.82	0.00
3	7	1.05	12.42	52.93	1.25	0.00
Core	CPU	C1%	C3%	C6%	C8%	C9%
-	-	0.74	9.74	53.99	3.07	0.01
0	0	1.03	10.96	53.18	2.18	0.01
0	4	0.55	8.84	55.33	2.49	0.00
1	1	0.87	9.13	58.73	2.54	0.05
1	5	0.48	9.67	50.65	5.49	0.00
2	2	0.76	8.39	53.95	3.21	0.00
2	6	0.97	10.29	52.56	2.45	0.00
3	3	0.52	8.03	53.70	4.65	0.00
3	7	0.71	12.59	53.89	1.56	0.00
Core	CPU	C1%	C3%	C6%	C8%	C9%
-	-	0.72	10.07	54.47	3.50	0.02
0	0	0.28	10.34	57.28	1.58	0.00
0	4	1.02	9.49	54.11	4.50	0.00
1	1	0.31	10.11	57.67	3.43	0.00
1	5	0.99	10.45	49.97	4.82	0.17
2	2	0.68	11.35	48.21	4.38	0.00
2	6	1.03	8.05	58.92	3.97	0.00
3	3	0.92	10.89	53.89	3.21	0.00
3	7	0.55	9.86	55.62	2.10	0.00
Core	CPU	C1%	C3%	C6%	C8%	C9%
-	-	0.77	12.78	53.39	2.52	0.00
0	0	0.29	11.00	57.95	3.64	0.01
0	4	0.59	14.09	50.21	1.75	0.00
1	1	1.17	12.56	53.48	2.60	0.00
1	5	1.43	15.32	50.98	1.15	0.00
2	2	0.39	12.73	55.04	2.22	0.00
2	6	0.81	12.86	54.68	1.15	0.00
3	3	0.64	11.78	51.70	4.48	0.00
3	7	0.83	11.93	53.07	3.18	0.00
Core	CPU	C1%	C3%	C6%	C8%	C9%
-	-	0.43	8.50	55.48	5.19	0.00
0	0	0.11	7.69	55.47	6.80	0.01
0	4	0.22	10.35	59.22	2.89	0.00
1	1	0.39	7.36	56.92	7.53	0.00
1	5	0.58	10.07	54.07	3.30	0.00
2	2	0.42	8.75	56.23	4.43	0.00
2	6	0.49	8.17	53.88	5.21	0.00
3	3	0.44	7.86	58.18	6.21	0.00
3	7	0.76	7.80	49.98	5.18	0.00
Core	CPU	C1%	C3%	C6%	C8%	C9%
-	-	0.34	4.44	52.78	14.38	0.05
0	0	0.66	3.78	54.26	14.79	0.00
0	4	0.25	3.80	50.62	17.08	0.00
1	1	0.07	3.88	56.15	16.39	0.00
1	5	0.19	7.67	57.05	7.26	0.13
2	2	0.22	4.72	50.92	14.72	0.00
2	6	0.26	3.71	49.64	13.05	0.17
3	3	0.47	3.60	53.66	16.92	0.10
3	7	0.63	4.33	49.88	14.79	0.00
Core	CPU	C1%	C3%	C6%	C8%	C9%
-	-	0.56	6.98	55.19	7.86	0.14
0	0	0.40	5.94	53.33	11.52	0.31
0	4	0.31	6.27	52.64	10.14	0.03
1	1	0.65	7.81	50.37	7.06	0.00
1	5	0.48	8.15	55.58	6.81	0.33
2	2	0.62	7.74	55.61	5.87	0.00
2	6	0.62	6.13	60.84	5.40	0.00
3	3	0.40	6.87	56.44	7.68	0.47
3	7	0.99	6.89	56.73	8.39	0.00
Core	CPU	C1%	C3%	C6%	C8%	C9%
-	-	0.67	10.57	53.71	3.51	0.01
0	0	0.51	10.40	55.64	2.97	0.00
0	4	0.51	9.52	55.72	4.92	0.00
1	1	0.48	11.27	54.61	2.79	0.00
1	5	0.74	12.04	49.99	1.49	0.06
2	2	0.75	12.06	54.42	1.99	0.00
2	6	0.69	9.12	55.08	4.29	0.01
3	3	0.75	8.71	53.92	6.12	0.00
3	7	0.97	11.42	50.20	3.52	0.00
Core	CPU	C1%	C3%	C6%	C8%	C9%
-	-	0.49	7.47	54.88	5.72	0.01
0	0	0.30	7.23	54.76	8.02	0.00
0	4	0.25	6.81	56.67	8.30	0.00
1	1	0.37	7.39	53.23	5.65	0.00
1	5	0.51	8.14	57.07	5.46	0.05
2	2	1.06	8.06	54.88	3.73	0.00
2	6	0.57	7.53	55.21	2.85	0.00
3	3	0.52	7.49	55.00	7.65	0.00
3	7	0.32	7.13	52.35	4.12	0.00
Core	CPU	C1%	C3%	C6%	C8%	C9%
-	-	0.40	5.82	55.33	8.38	0.00
0	0	0.33	6.29	54.76	10.58	0.00
0	4	0.71	5.57	54.70	7.61	0.00
1	1	0.66	6.51	53.08	7.78	0.01
1	5	0.12	5.13	57.57	5.38	0.00
2	2	0.33	6.06	64.25	4.37	0.00
2	6	0.71	5.55	49.53	13.42	0.00
3	3	0.12	7.06	54.13	8.67	0.00
3	7	0.25	4.38	54.67	9.24	0.00
Core	CPU	C1%	C3%	C6%	C8%	C9%
-	-	0.40	7.48	52.87	7.45	0.18
0	0	0.66	7.42	51.01	9.15	0.00
0	4	0.19	6.24	53.17	7.75	0.00
1	1	0.46	7.09	55.47	6.49	0.07
1	5	0.51	10.11	44.83	6.43	1.33
2	2	0.13	8.41	54.41	7.07	0.00
2	6	0.58	6.30	51.33	7.42	0.00
3	3	0.36	7.77	55.92	7.86	0.00
3	7	0.31	6.45	56.70	7.38	0.00
Core	CPU	C1%	C3%	C6%	C8%	C9%
-	-	0.30	5.77	58.64	9.69	0.04
0	0	0.39	5.30	61.79	8.52	0.00
0	4	0.31	5.87	60.29	5.93	0.00
1	1	0.24	5.34	54.85	10.87	0.00
1	5	0.21	7.10	57.22	8.32	0.30
2	2	0.39	6.25	59.60	11.84	0.00
2	6	0.32	4.69	57.50	9.67	0.00
3	3	0.14	5.00	57.35	13.64	0.00
3	7	0.38	6.62	60.84	8.78	0.00
Core	CPU	C1%	C3%	C6%	C8%	C9%
-	-	0.32	6.61	51.94	11.77	0.11
0	0	0.21	7.16	49.08	11.18	0.00
0	4	0.45	5.44	52.62	15.49	0.58
1	1	0.38	5.86	54.62	9.33	0.00
1	5	0.34	11.07	49.46	4.76	0.16
2	2	0.32	5.29	47.77	17.06	0.10
2	6	0.52	6.30	56.78	10.27	0.00
3	3	0.19	7.09	50.54	12.61	0.00
3	7	0.16	4.72	54.89	13.49	0.00
Core	CPU	C1%	C3%	C6%	C8%	C9%
-	-	0.28	5.25	54.66	10.19	0.03
0	0	0.38	5.42	57.19	10.68	0.00
0	4	0.27	5.58	52.13	9.27	0.13
1	1	0.12	3.84	52.35	14.91	0.00
1	5	0.32	6.30	59.15	8.27	0.00
2	2	0.17	6.03	57.48	7.39	0.10
2	6	0.37	4.85	50.85	11.43	0.00
3	3	0.43	6.15	55.50	11.31	0.00
3	7	0.17	3.77	52.06	8.13	0.00
Core	CPU	C1%	C3%	C6%	C8%	C9%
-	-	0.26	6.37	54.36	9.16	0.29
0	0	0.13	5.76	54.93	9.25	0.02
0	4	0.30	5.45	55.82	13.04	0.00
1	1	0.06	6.02	54.27	10.14	0.00
1	5	0.36	10.73	47.80	7.28	2.19
2	2	0.26	5.53	53.59	11.39	0.01
2	6	0.15	6.05	53.74	8.79	0.13
3	3	0.46	6.40	57.04	7.72	0.00
3	7	0.34	5.02	57.68	5.62	0.00
Core	CPU	C1%	C3%	C6%	C8%	C9%
-	-	0.30	7.62	52.65	8.25	0.13
0	0	0.31	7.25	53.68	7.88	0.00
0	4	0.21	7.46	55.21	6.97	0.11
1	1	0.36	6.85	55.30	9.26	0.00
1	5	0.56	10.83	43.49	5.79	0.90
2	2	0.06	7.66	51.29	10.43	0.00
2	6	0.21	7.59	55.55	7.38	0.00
3	3	0.56	6.16	56.59	7.77	0.00
3	7	0.17	7.13	50.10	10.53	0.00
Core	CPU	C1%	C3%	C6%	C8%	C9%
-	-	0.44	5.38	53.15	10.67	0.08
0	0	0.57	5.08	52.40	16.04	0.02
0	4	0.49	4.85	53.33	13.64	0.00
1	1	0.53	4.55	52.65	11.51	0.04
1	5	0.47	6.77	51.17	6.31	0.29
2	2	0.20	4.98	52.96	7.82	0.00
2	6	0.37	5.84	54.33	10.12	0.00
3	3	0.40	5.63	51.06	9.83	0.00
3	7	0.45	5.37	57.33	10.12	0.25
Core	CPU	C1%	C3%	C6%	C8%	C9%
-	-	0.43	6.44	57.56	6.93	0.00
0	0	0.54	7.79	56.96	5.06	0.00
0	4	0.47	4.49	54.89	10.96	0.00
1	1	0.80	7.49	59.89	2.56	0.00
1	5	0.41	6.23	57.12	5.80	0.00
2	2	0.22	4.90	56.94	10.13	0.00
2	6	0.32	7.35	62.30	4.98	0.00
3	3	0.19	5.97	57.65	9.56	0.00
3	7	0.50	7.34	55.42	6.42	0.00
Core	CPU	C1%	C3%	C6%	C8%	C9%
-	-	0.50	5.29	55.72	8.83	0.13
0	0	0.42	6.03	59.06	8.26	0.10
0	4	0.64	4.68	57.59	8.04	0.00
1	1	0.41	5.10	59.53	7.80	0.01
1	5	0.83	5.92	54.03	6.23	0.00
2	2	0.47	4.81	50.25	11.86	0.00
2	6	0.36	5.45	57.65	7.96	0.89
3	3	0.51	4.75	52.40	11.59	0.00
3	7	0.39	5.53	54.57	8.76	0.02
Core	CPU	C1%	C3%	C6%	C8%	C9%
-	-	0.49	7.61	48.29	12.70	0.24
0	0	0.41	7.21	48.47	12.34	0.00
0	4	0.77	7.74	46.55	2.16	0.00
1	1	0.47	6.61	48.56	18.71	0.00
1	5	0.63	8.26	46.27	17.27	0.09
2	2	0.12	7.02	44.96	6.36	0.00
2	6	0.59	8.58	51.31	13.21	0.00
3	3	0.59	7.80	51.37	16.30	0.50
3	7	0.33	7.61	48.65	15.26	1.31
Core	CPU	C1%	C3%	C6%	C8%	C9%
-	-	0.30	3.46	35.72	36.11	0.08
0	0	0.14	1.01	14.35	2.92	0.01
0	4	0.32	2.64	28.63	39.11	0.00
1	1	0.01	3.17	40.44	46.18	0.00
1	5	0.48	5.24	41.90	40.46	0.04
2	2	0.22	2.96	24.08	45.33	0.60
2	6	0.59	4.01	45.61	41.39	0.00
3	3	0.41	3.54	40.24	42.35	0.00
3	7	0.22	5.12	50.64	31.26	0.00
Core	CPU	C1%	C3%	C6%	C8%	C9%
-	-	2.04	6.44	48.12	7.30	0.12
0	0	1.92	7.38	47.63	11.88	0.00
0	4	1.75	6.00	47.64	5.46	0.00
1	1	2.49	6.62	48.90	7.73	0.00
1	5	2.72	6.73	46.59	5.81	0.84
2	2	1.33	6.93	47.76	4.84	0.01
2	6	2.62	5.46	51.14	9.36	0.10
3	3	1.54	6.04	47.00	6.96	0.00
3	7	1.96	6.35	48.28	6.34	0.00
Core	CPU	C1%	C3%	C6%	C8%	C9%
-	-	1.41	8.67	49.83	4.32	0.32
0	0	1.39	9.97	47.65	3.47	0.00
0	4	1.31	8.27	46.30	2.92	1.17
1	1	0.91	8.42	52.31	3.83	0.00
1	5	1.18	9.01	47.78	5.67	1.16
2	2	1.37	7.34	52.64	7.27	0.01
2	6	1.70	8.75	49.48	3.07	0.20
3	3	1.90	8.58	52.90	5.03	0.00
3	7	1.57	9.04	49.62	3.27	0.00
Core	CPU	C1%	C3%	C6%	C8%	C9%
-	-	10.27	8.33	34.83	4.75	0.05
0	0	10.81	7.84	35.48	7.05	0.02
0	4	10.32	8.77	37.28	4.32	0.00
1	1	9.79	7.09	34.66	3.91	0.14
1	5	10.57	9.63	32.25	3.14	0.01
2	2	10.05	7.36	37.66	5.99	0.02
2	6	10.38	9.22	33.13	3.14	0.18
3	3	11.07	8.78	36.16	4.19	0.00
3	7	9.17	7.99	31.96	6.22	0.00
Core	CPU	C1%	C3%	C6%	C8%	C9%
-	-	0.77	10.79	55.38	2.30	0.10
0	0	1.07	10.00	58.86	3.54	0.00
0	4	0.74	11.26	55.26	1.28	0.00
1	1	0.77	10.13	53.69	3.67	0.00
1	5	0.48	12.19	53.05	1.12	0.31
2	2	1.21	11.53	55.89	1.42	0.00
2	6	0.52	9.75	57.00	2.70	0.48
3	3	0.65	11.38	51.40	1.90	0.00
3	7	0.68	10.09	57.88	2.73	0.00
Core	CPU	C1%	C3%	C6%	C8%	C9%
-	-	0.67	10.65	53.96	3.52	0.03
0	0	0.66	9.59	50.81	6.53	0.11
0	4	0.58	11.62	51.67	3.43	0.00
1	1	0.74	9.25	59.95	3.51	0.07
1	5	0.90	12.07	51.09	1.81	0.04
2	2	0.88	10.04	55.95	3.19	0.00
2	6	0.57	10.42	55.80	2.27	0.00
3	3	0.44	11.49	53.05	1.34	0.00
3	7	0.60	10.70	53.38	6.11	0.00
Core	CPU	C1%	C3%	C6%	C8%	C9%
-	-	0.82	10.49	52.95	3.30	0.03
0	0	1.02	10.91	47.73	4.32	0.21
0	4	0.88	8.54	54.01	5.84	0.00
1	1	0.99	10.98	52.31	2.54	0.00
1	5	0.81	11.35	54.72	1.04	0.00
2	2	0.77	9.36	54.93	3.90	0.00
2	6	1.01	11.42	52.68	1.06	0.00
3	3	0.34	10.50	52.15	4.73	0.00
3	7	0.71	10.84	55.07	2.95	0.00
Core	CPU	C1%	C3%	C6%	C8%	C9%
-	-	0.97	11.71	52.12	3.88	0.00
0	0	1.36	11.01	52.54	3.38	0.00
0	4	0.72	11.61	53.76	5.16	0.00
1	1	0.93	9.74	56.51	6.99	0.00
1	5	0.71	12.77	49.89	4.41	0.00
2	2	0.68	11.47	53.56	3.11	0.00
2	6	1.43	13.10	48.96	1.95	0.00
3	3	1.04	12.14	51.54	2.32	0.00
3	7	0.88	11.85	50.21	3.73	0.00
Core	CPU	C1%	C3%	C6%	C8%	C9%
-	-	0.76	11.61	53.02	3.25	0.00
0	0	0.55	11.99	54.46	2.51	0.00
0	4	1.11	11.97	53.17	2.14	0.00
1	1	0.37	10.07	55.75	7.25	0.00
1	5	1.19	13.33	49.36	1.85	0.03
2	2	0.55	11.07	53.17	4.01	0.00
2	6	0.54	10.74	54.62	2.73	0.00
3	3	0.89	12.37	50.45	4.16	0.00
3	7	0.87	11.35	53.15	1.31	0.00
Core	CPU	C1%	C3%	C6%	C8%	C9%
-	-	1.03	10.56	53.19	3.08	0.09
0	0	1.31	11.07	55.51	1.87	0.20
0	4	0.90	11.48	53.16	4.10	0.00
1	1	1.08	10.00	55.41	2.90	0.21
1	5	0.89	11.57	51.50	2.58	0.00
2	2	0.44	10.68	52.19	2.92	0.01
2	6	1.45	9.39	54.31	1.43	0.33
3	3	0.99	10.23	52.20	3.04	0.00
3	7	1.19	10.04	51.32	5.83	0.00
Core	CPU	C1%	C3%	C6%	C8%	C9%
-	-	0.89	11.70	51.58	3.57	0.01
0	0	1.17	12.59	48.38	3.45	0.00
0	4	0.59	11.44	52.41	5.56	0.00
1	1	0.85	12.63	53.00	2.48	0.00
1	5	1.08	9.79	52.53	4.29	0.00
2	2	0.88	11.76	51.59	3.33	0.07
2	6	0.64	11.75	50.95	4.19	0.00
3	3	1.00	12.00	51.47	2.91	0.00
3	7	0.89	11.60	52.27	2.32	0.00
Core	CPU	C1%	C3%	C6%	C8%	C9%
-	-	0.60	9.39	51.52	5.89	0.07
0	0	0.91	9.62	50.08	5.13	0.00
0	4	0.68	9.90	53.57	4.53	0.12
1	1	0.70	9.37	48.83	6.65	0.03
1	5	0.60	9.07	56.09	4.09	0.37
2	2	0.43	10.58	51.30	4.01	0.00
2	6	0.26	7.69	52.63	8.35	0.00
3	3	0.43	9.14	52.24	7.60	0.01
3	7	0.77	9.73	47.42	6.73	0.01
Core	CPU	C1%	C3%	C6%	C8%	C9%
-	-	1.00	13.98	49.44	1.29	0.00
0	0	1.49	13.47	49.45	0.77	0.00
0	4	1.01	13.60	49.29	1.14	0.00
1	1	1.08	15.82	43.83	0.64	0.00
1	5	0.78	13.92	49.46	1.35	0.00
2	2	1.02	13.56	50.02	1.46	0.00
2	6	0.87	14.10	52.27	1.20	0.00
3	3	1.09	12.96	51.99	2.69	0.00
3	7	0.68	14.39	49.24	1.04	0.00
Core	CPU	C1%	C3%	C6%	C8%	C9%
-	-	0.81	10.50	51.52	3.65	0.06
0	0	0.83	11.78	53.85	3.14	0.00
0	4	0.97	10.61	51.05	4.29	0.00
1	1	0.71	10.48	50.88	4.01	0.00
1	5	1.13	9.91	51.40	2.92	0.40
2	2	0.73	9.59	52.52	5.12	0.00
2	6	0.74	10.79	50.87	4.35	0.00
3	3	0.82	9.66	51.82	2.24	0.10
3	7	0.57	11.17	49.77	3.15	0.00
Core	CPU	C1%	C3%	C6%	C8%	C9%
-	-	1.05	14.33	49.87	1.43	0.00
0	0	0.53	14.08	51.81	2.23	0.00
0	4	1.05	14.77	49.74	0.74	0.00
1	1	0.91	12.67	52.48	1.46	0.00
1	5	0.89	14.62	48.85	1.65	0.00
2	2	0.99	14.97	50.34	2.11	0.00
2	6	1.20	13.98	49.15	0.80	0.00
3	3	1.29	13.98	48.38	1.87	0.00
3	7	1.58	15.61	48.22	0.58	0.00
Core	CPU	C1%	C3%	C6%	C8%	C9%
-	-	0.99	12.09	51.45	2.03	0.07
0	0	1.20	11.88	51.62	2.23	0.00
0	4	1.03	11.23	51.93	2.92	0.00
1	1	1.14	11.44	54.27	2.48	0.01
1	5	0.91	15.42	45.43	1.28	0.31
2	2	0.96	11.21	55.83	2.52	0.00
2	6	1.32	12.31	50.51	1.60	0.00
3	3	0.74	11.77	49.28	2.11	0.23
3	7	0.66	11.70	53.63	1.17	0.00
Core	CPU	C1%	C3%	C6%	C8%	C9%
-	-	1.07	15.52	47.70	0.97	0.00
0	0	0.96	16.45	47.06	0.72	0.00
0	4	1.04	14.03	47.50	1.81	0.00
1	1	0.86	15.31	48.16	0.76	0.00
1	5	1.30	15.94	46.53	0.55	0.00
2	2	1.34	14.47	47.13	1.62	0.00
2	6	0.95	16.98	47.85	0.51	0.00
3	3	0.77	14.11	50.85	1.09	0.00
3	7	1.32	16.63	45.71	0.71	0.00
Core	CPU	C1%	C3%	C6%	C8%	C9%
-	-	0.56	12.33	54.21	2.60	0.00
0	0	0.44	12.03	55.08	1.96	0.00
0	4	0.36	12.14	53.61	2.67	0.00
1	1	0.70	11.64	56.09	3.18	0.00
1	5	0.99	15.29	44.82	1.45	0.00
2	2	0.56	11.78	56.04	4.46	0.00
2	6	0.42	12.03	52.58	3.11	0.00
3	3	0.54	11.38	57.42	3.02	0.00
3	7	0.49	12.39	58.14	0.99	0.00
Core	CPU	C1%	C3%	C6%	C8%	C9%
-	-	0.69	11.53	52.58	2.74	0.00
0	0	0.61	11.10	54.55	3.17	0.00
0	4	0.58	13.15	48.08	2.14	0.00
1	1	0.73	10.89	54.70	1.91	0.00
1	5	1.00	12.59	49.52	1.95	0.02
2	2	0.64	12.83	48.41	1.62	0.00
2	6	0.62	9.83	55.63	3.74	0.00
3	3	0.93	10.74	56.53	2.53	0.00
3	7	0.37	11.07	53.14	4.89	0.00
Core	CPU	C1%	C3%	C6%	C8%	C9%
-	-	0.56	8.56	54.50	7.30	0.00
0	0	0.64	7.99	54.86	9.72	0.00
0	4	0.63	8.91	52.91	8.19	0.00
1	1	0.37	7.78	54.47	6.69	0.00
1	5	0.80	10.11	54.45	5.21	0.00
2	2	0.30	8.45	55.36	6.62	0.00
2	6	0.43	8.02	55.64	7.87	0.00
3	3	0.67	7.34	55.58	6.66	0.00
3	7	0.62	9.85	52.71	7.46	0.00
Core	CPU	C1%	C3%	C6%	C8%	C9%
-	-	1.05	14.45	49.68	0.85	0.00
0	0	1.33	14.43	52.39	0.45	0.00
0	4	1.22	15.03	46.48	0.75	0.00
1	1	1.02	12.64	53.90	1.23	0.00
1	5	1.06	15.12	47.80	0.69	0.00
2	2	0.80	14.91	48.49	1.61	0.00
2	6	0.90	13.57	51.79	0.61	0.00
3	3	1.00	14.51	48.97	0.65	0.00
3	7	1.06	15.36	47.60	0.81	0.00
