Core	CPU	C1%	C3%	C6%	C8%	C9%
-	-	0.08	0.13	1.59	0.92	0.00
0	0	0.00	0.00	1.96	0.19	0.00
0	4	0.00	0.00	1.44	1.19	0.00
1	1	0.00	0.00	1.05	0.60	0.00
1	5	0.44	0.17	1.76	1.30	0.00
2	2	0.00	0.07	2.47	1.62	0.00
2	6	0.00	0.04	2.09	1.86	0.00
3	3	0.00	0.76	0.67	0.10	0.00
3	7	0.17	0.00	1.29	0.49	0.00
Core	CPU	C1%	C3%	C6%	C8%	C9%
-	-	0.06	1.74	14.48	9.01	0.36
0	0	0.01	1.11	20.76	11.41	2.69
0	4	0.18	3.08	12.30	8.69	0.00
1	1	0.14	8.08	15.37	2.02	0.00
1	5	0.01	0.41	21.14	7.71	0.00
2	2	0.01	0.40	10.08	10.31	0.23
2	6	0.00	0.14	9.06	19.21	0.00
3	3	0.00	0.09	7.54	6.66	0.00
3	7	0.15	0.63	19.59	6.05	0.00
Core	CPU	C1%	C3%	C6%	C8%	C9%
-	-	0.03	2.59	13.71	14.48	0.00
0	0	0.01	4.29	16.30	7.66	0.00
0	4	0.01	11.00	10.40	4.33	0.00
1	1	0.07	2.66	12.88	17.83	0.00
1	5	0.12	2.10	14.37	13.49	0.00
2	2	0.00	0.20	13.52	15.46	0.00
2	6	0.00	0.13	14.89	28.20	0.00
3	3	0.00	0.18	13.08	14.87	0.00
3	7	0.00	0.15	14.23	14.02	0.00
Core	CPU	C1%	C3%	C6%	C8%	C9%
-	-	0.00	2.64	12.30	14.40	0.39
0	0	0.00	14.30	7.92	2.27	0.00
0	4	0.00	1.86	11.67	14.87	0.00
1	1	0.01	0.10	14.86	23.29	0.00
1	5	0.02	3.84	12.39	10.30	3.05
2	2	0.00	0.08	12.06	21.46	0.00
2	6	0.00	0.07	11.82	14.66	0.07
3	3	0.00	0.85	13.67	14.63	0.00
3	7	0.00	0.04	14.03	13.72	0.00
Core	CPU	C1%	C3%	C6%	C8%	C9%
-	-	0.14	2.80	15.68	19.98	0.08
0	0	0.00	0.17	19.40	14.78	0.49
0	4	0.00	0.15	14.86	37.88	0.00
1	1	0.61	16.17	9.72	4.87	0.00
1	5	0.47	5.50	16.53	13.98	0.16
2	2	0.00	0.06	13.72	17.93	0.00
2	6	0.00	0.07	14.76	17.17	0.00
3	3	0.00	0.13	17.56	18.56	0.00
3	7	0.01	0.19	18.98	34.79	0.00
Core	CPU	C1%	C3%	C6%	C8%	C9%
-	-	0.04	3.82	20.76	21.21	0.02
0	0	0.02	22.63	11.84	3.20	0.00
0	4	0.00	1.27	23.72	27.70	0.00
1	1	0.05	0.82	21.72	22.17	0.00
1	5	0.24	4.94	20.70	15.29	0.00
2	2	0.00	0.21	20.37	19.80	0.00
2	6	0.00	0.21	21.80	23.13	0.12
3	3	0.00	0.20	21.95	28.64	0.00
3	7	0.00	0.17	23.81	29.61	0.02
Core	CPU	C1%	C3%	C6%	C8%	C9%
-	-	0.11	3.19	18.05	17.50	0.05
0	0	0.01	0.23	22.80	18.61	0.00
0	4	0.12	15.94	9.32	3.18	0.00
1	1	0.09	3.58	18.34	15.30	0.00
1	5	0.08	2.89	19.27	32.40	0.00
2	2	0.01	0.19	17.63	16.93	0.40
2	6	0.00	0.15	18.23	18.02	0.00
3	3	0.60	2.32	20.45	20.64	0.00
3	7	0.00	0.26	18.44	14.96	0.00
Core	CPU	C1%	C3%	C6%	C8%	C9%
-	-	0.25	3.50	21.84	21.65	0.33
0	0	0.00	3.54	26.16	28.04	1.29
0	4	0.00	0.10	21.41	25.08	1.31
1	1	0.59	12.37	15.46	11.52	0.00
1	5	0.05	1.31	22.64	19.91	0.00
2	2	0.25	0.83	23.80	20.72	0.00
2	6	1.09	9.45	16.85	20.17	0.00
3	3	0.00	0.26	24.93	28.32	0.00
3	7	0.00	0.11	23.39	19.34	0.00
Core	CPU	C1%	C3%	C6%	C8%	C9%
-	-	0.04	3.97	23.26	23.80	0.02
0	0	0.01	21.19	13.73	4.35	0.08
0	4	0.01	5.65	23.55	27.75	0.00
1	1	0.24	3.92	21.62	30.74	0.00
1	5	0.00	0.24	23.99	30.16	0.00
2	2	0.00	0.21	23.82	28.64	0.00
2	6	0.01	0.17	25.22	23.75	0.08
3	3	0.07	0.25	25.10	19.29	0.00
3	7	0.00	0.12	29.04	25.71	0.00
Core	CPU	C1%	C3%	C6%	C8%	C9%
-	-	0.07	3.08	16.23	15.66	0.01
0	0	0.02	1.97	18.50	7.25	0.00
0	4	0.09	3.42	15.69	10.47	0.00
1	1	0.43	18.32	9.44	10.66	0.00
1	5	0.00	0.17	16.48	17.38	0.00
2	2	0.01	0.14	15.80	29.17	0.00
2	6	0.00	0.23	17.96	15.02	0.06
3	3	0.00	0.16	17.92	20.25	0.00
3	7	0.00	0.21	18.04	15.13	0.01
Core	CPU	C1%	C3%	C6%	C8%	C9%
-	-	0.07	3.90	20.70	21.28	0.01
0	0	0.03	18.94	14.93	7.10	0.00
0	4	0.00	0.18	22.78	36.97	0.00
1	1	0.11	2.30	21.36	22.47	0.00
1	5	0.22	6.80	18.06	23.36	0.00
2	2	0.00	0.14	19.73	19.83	0.00
2	6	0.00	0.20	21.34	17.59	0.07
3	3	0.01	0.22	21.31	19.73	0.00
3	7	0.19	2.44	26.06	23.17	0.00
Core	CPU	C1%	C3%	C6%	C8%	C9%
-	-	0.11	3.20	21.87	22.81	0.07
0	0	0.02	1.58	26.15	15.70	0.00
0	4	0.00	0.15	25.89	25.11	0.00
1	1	0.00	0.14	22.15	22.50	0.00
1	5	0.00	0.10	23.57	33.59	0.00
2	2	0.00	0.14	21.63	24.23	0.00
2	6	0.00	0.14	23.77	34.00	0.00
3	3	0.86	23.16	7.30	2.32	0.59
3	7	0.00	0.16	24.54	25.01	0.00
Core	CPU	C1%	C3%	C6%	C8%	C9%
-	-	0.13	3.83	20.77	21.16	0.02
0	0	0.01	5.87	23.94	10.79	0.00
0	4	0.01	1.85	22.05	21.18	0.00
1	1	0.15	3.70	21.48	27.14	0.00
1	5	0.75	17.35	10.54	16.14	0.13
2	2	0.00	0.20	23.87	29.88	0.00
2	6	0.13	0.10	21.67	24.08	0.00
3	3	0.00	1.28	21.40	18.06	0.00
3	7	0.00	0.30	21.18	22.04	0.00
Core	CPU	C1%	C3%	C6%	C8%	C9%
-	-	0.08	3.68	21.13	21.80	0.07
0	0	0.01	7.88	22.79	15.86	0.00
0	4	0.04	5.94	19.22	14.58	0.00
1	1	0.11	4.37	21.22	23.81	0.00
1	5	0.38	8.54	16.94	20.29	0.47
2	2	0.00	0.13	24.39	28.78	0.00
2	6	0.08	1.18	19.60	22.75	0.06
3	3	0.00	0.20	22.55	25.46	0.00
3	7	0.01	1.22	22.33	22.90	0.00
Core	CPU	C1%	C3%	C6%	C8%	C9%
-	-	0.00	2.77	15.60	17.87	0.00
0	0	0.02	18.56	6.71	0.70	0.00
0	4	0.00	2.58	15.50	16.70	0.00
1	1	0.00	0.16	17.34	21.93	0.00
1	5	0.00	0.12	15.59	18.09	0.00
2	2	0.00	0.16	16.34	22.07	0.00
2	6	0.00	0.13	15.97	27.83	0.00
3	3	0.00	0.30	17.89	18.71	0.00
3	7	0.00	0.15	19.47	16.94	0.00
Core	CPU	C1%	C3%	C6%	C8%	C9%
-	-	0.01	3.99	21.73	22.77	0.07
0	0	0.01	18.56	15.98	10.98	0.00
0	4	0.10	11.56	17.18	15.69	0.45
1	1	0.00	0.34	24.06	22.63	0.00
1	5	0.00	0.34	25.18	25.56	0.00
2	2	0.00	0.22	22.20	22.54	0.12
2	6	0.00	0.28	22.16	33.69	0.00
3	3	0.00	0.38	23.22	30.46	0.00
3	7	0.00	0.32	23.93	20.65	0.00
Core	CPU	C1%	C3%	C6%	C8%	C9%
-	-	0.07	3.46	22.72	22.81	0.03
0	0	0.01	10.99	21.11	10.16	0.26
0	4	0.09	10.98	16.19	15.85	0.00
1	1	0.13	0.19	23.95	26.09	0.00
1	5	0.01	0.22	24.72	21.11	0.00
2	2	0.13	0.31	22.74	31.27	0.00
2	6	0.01	0.24	25.17	23.47	0.00
3	3	0.16	3.27	21.71	35.43	0.00
3	7	0.01	1.44	26.06	19.00	0.00
Core	CPU	C1%	C3%	C6%	C8%	C9%
-	-	0.03	4.00	21.98	21.72	0.18
0	0	0.02	19.39	20.09	4.44	0.00
0	4	0.00	4.80	24.19	18.62	0.00
1	1	0.00	0.26	22.12	24.67	0.00
1	5	0.00	0.15	21.20	26.40	0.00
2	2	0.00	0.17	24.57	23.33	0.00
2	6	0.00	0.18	19.67	22.80	0.18
3	3	0.17	5.59	20.37	28.85	1.30
3	7	0.00	1.44	23.62	24.69	0.00
Core	CPU	C1%	C3%	C6%	C8%	C9%
-	-	0.02	3.84	20.84	22.53	0.00
0	0	0.03	24.56	10.86	2.56	0.00
0	4	0.00	1.23	22.32	21.57	0.00
1	1	0.00	0.19	23.61	21.52	0.00
1	5	0.00	0.08	20.61	20.32	0.00
2	2	0.12	3.42	20.56	25.33	0.00
2	6	0.00	0.10	22.08	29.35	0.02
3	3	0.00	0.14	23.52	36.05	0.00
3	7	0.00	1.07	23.47	23.85	0.00
Core	CPU	C1%	C3%	C6%	C8%	C9%
-	-	0.09	1.77	26.35	25.16	0.00
0	0	0.03	7.14	26.22	9.07	0.00
0	4	0.00	1.86	25.15	17.45	0.00
1	1	0.00	0.21	26.65	31.17	0.00
1	5	0.00	0.29	28.19	26.83	0.00
2	2	0.00	0.20	25.57	44.83	0.00
2	6	0.00	0.28	28.45	33.05	0.00
3	3	0.54	3.70	21.41	17.90	0.00
3	7	0.14	0.47	28.84	20.58	0.02
Core	CPU	C1%	C3%	C6%	C8%	C9%
-	-	0.11	3.80	21.63	21.25	0.17
0	0	0.02	4.51	24.50	13.24	1.38
0	4	0.01	9.57	16.18	18.70	0.00
1	1	0.47	6.65	19.59	16.72	0.00
1	5	0.01	0.20	23.50	22.15	0.00
2	2	0.15	4.76	22.18	21.81	0.00
2	6	0.25	4.26	18.91	19.86	0.00
3	3	0.00	0.23	24.89	40.15	0.00
3	7	0.01	0.19	23.29	17.42	0.00
Core	CPU	C1%	C3%	C6%	C8%	C9%
-	-	0.06	3.82	22.43	21.33	0.00
0	0	0.00	1.31	29.71	19.21	0.00
0	4	0.13	23.36	9.41	3.99	0.00
1	1	0.00	0.14	22.12	24.62	0.00
1	5	0.00	0.15	21.70	26.80	0.00
2	2	0.29	3.35	23.37	18.34	0.00
2	6	0.04	0.16	24.40	18.25	0.00
3	3	0.00	0.16	23.97	25.06	0.00
3	7	0.00	1.96	24.86	34.41	0.00
Core	CPU	C1%	C3%	C6%	C8%	C9%
-	-	0.04	4.10	20.53	23.28	0.07
0	0	0.01	13.38	17.30	10.15	0.04
0	4	0.09	17.59	12.68	14.45	0.00
1	1	0.00	0.32	23.39	22.75	0.00
1	5	0.05	0.31	21.53	50.56	0.00
2	2	0.13	0.38	23.42	22.20	0.00
2	6	0.02	0.29	22.15	21.95	0.39
3	3	0.00	0.22	19.56	23.38	0.00
3	7	0.00	0.27	24.12	20.81	0.09
Core	CPU	C1%	C3%	C6%	C8%	C9%
-	-	0.01	4.03	21.46	23.44	0.00
0	0	0.03	25.06	14.07	2.52	0.00
0	4	0.01	4.76	21.78	23.61	0.00
1	1	0.00	0.25	19.26	29.62	0.00
1	5	0.00	0.26	23.45	33.20	0.00
2	2	0.00	1.00	23.74	22.94	0.00
2	6	0.00	0.15	21.84	24.12	0.00
3	3	0.00	0.36	22.19	26.46	0.00
3	7	0.00	0.35	25.33	25.03	0.00
Core	CPU	C1%	C3%	C6%	C8%	C9%
-	-	0.01	2.47	15.34	16.56	0.00
0	0	0.01	11.52	12.82	6.06	0.00
0	4	0.02	7.55	12.30	8.07	0.00
1	1	0.00	0.13	15.94	26.07	0.00
1	5	0.00	0.12	16.17	24.33	0.00
2	2	0.00	0.07	15.39	17.95	0.00
2	6	0.00	0.12	16.72	16.14	0.01
3	3	0.00	0.08	17.51	14.86	0.00
3	7	0.00	0.16	15.90	18.98	0.00
Core	CPU	C1%	C3%	C6%	C8%	C9%
-	-	0.07	4.03	21.24	21.63	0.18
0	0	0.00	0.44	28.13	31.79	1.40
0	4	0.02	17.68	12.77	8.78	0.00
1	1	0.26	5.75	19.15	19.71	0.00
1	5	0.29	7.59	17.55	14.73	0.00
2	2	0.00	0.22	21.81	21.05	0.00
2	6	0.00	0.17	24.83	26.31	0.00
3	3	0.00	0.17	22.56	23.82	0.00
3	7	0.00	0.22	23.10	26.78	0.00
Core	CPU	C1%	C3%	C6%	C8%	C9%
-	-	0.16	3.70	21.90	22.79	0.00
0	0	0.01	1.50	25.93	17.81	0.03
0	4	0.01	0.25	22.97	27.41	0.00
1	1	0.93	19.75	11.28	6.68	0.00
1	5	0.15	2.72	24.62	28.42	0.00
2	2	0.16	3.48	21.53	20.83	0.00
2	6	0.00	0.22	22.12	25.29	0.00
3	3	0.00	0.25	21.66	25.98	0.00
3	7	0.02	1.45	25.07	29.94	0.00
Core	CPU	C1%	C3%	C6%	C8%	C9%
-	-	0.07	3.70	21.79	24.02	0.26
0	0	0.10	10.66	21.76	10.92	1.40
0	4	0.00	0.24	23.61	21.65	0.00
1	1	0.00	0.30	22.79	23.16	0.00
1	5	0.00	1.29	19.93	20.42	0.00
2	2	0.00	0.33	23.51	30.96	0.67
2	6	0.00	0.26	22.75	39.14	0.00
3	3	0.40	15.12	16.47	20.04	0.00
3	7	0.01	1.42	23.59	25.99	0.00
Core	CPU	C1%	C3%	C6%	C8%	C9%
-	-	0.20	3.71	20.26	22.52	0.14
0	0	0.01	0.27	27.73	22.33	1.11
0	4	0.00	0.14	21.68	22.61	0.00
1	1	0.47	7.59	18.91	20.97	0.00
1	5	1.09	20.92	10.60	5.57	0.00
2	2	0.00	0.18	21.27	25.66	0.00
2	6	0.00	0.14	20.29	20.46	0.00
3	3	0.00	0.24	20.16	32.88	0.00
3	7	0.01	0.17	21.32	29.55	0.00
Core	CPU	C1%	C3%	C6%	C8%	C9%
-	-	0.06	2.58	16.10	16.74	0.00
0	0	0.01	5.79	15.31	6.29	0.00
0	4	0.01	2.24	14.02	16.51	0.00
1	1	0.25	7.46	15.63	15.18	0.00
1	5	0.00	0.12	17.73	31.75	0.00
2	2	0.00	0.24	16.93	22.09	0.00
2	6	0.00	0.16	16.17	14.08	0.00
3	3	0.06	2.80	15.29	11.50	0.00
3	7	0.13	1.87	17.71	16.49	0.00
Core	CPU	C1%	C3%	C6%	C8%	C9%
-	-	0.02	3.76	21.59	22.47	0.00
0	0	0.03	16.84	18.03	7.44	0.00
0	4	0.09	11.89	16.59	14.43	0.00
1	1	0.00	0.21	22.64	29.84	0.00
1	5	0.00	0.26	21.95	29.36	0.00
2	2	0.00	0.17	25.93	21.01	0.00
2	6	0.00	0.23	22.18	26.60	0.00
3	3	0.00	0.18	21.18	24.82	0.00
3	7	0.00	0.24	24.17	26.22	0.00
Core	CPU	C1%	C3%	C6%	C8%	C9%
-	-	0.07	3.68	21.29	22.23	0.01
0	0	0.00	5.04	24.40	22.62	0.00
0	4	0.00	2.82	19.56	24.88	0.00
1	1	0.00	0.24	21.21	22.48	0.00
1	5	0.31	11.35	16.85	22.89	0.00
2	2	0.00	0.15	22.20	21.36	0.00
2	6	0.00	0.17	22.84	21.83	0.06
3	3	0.20	7.75	17.65	22.45	0.00
3	7	0.01	1.90	25.60	19.34	0.00
Core	CPU	C1%	C3%	C6%	C8%	C9%
-	-	0.01	4.12	21.21	22.46	0.00
0	0	0.03	29.34	7.75	0.90	0.00
0	4	0.01	0.30	23.20	27.79	0.00
1	1	0.00	0.20	24.04	22.76	0.00
1	5	0.00	0.10	21.19	24.17	0.00
2	2	0.00	0.24	22.34	21.19	0.00
2	6	0.00	0.25	21.16	26.53	0.00
3	3	0.05	1.10	24.97	29.95	0.00
3	7	0.00	1.47	25.06	26.41	0.02
Core	CPU	C1%	C3%	C6%	C8%	C9%
-	-	0.04	3.87	20.42	22.88	0.00
0	0	0.00	24.92	10.81	5.96	0.00
0	4	0.00	0.13	22.58	26.90	0.00
1	1	0.00	0.13	21.04	23.49	0.00
1	5	0.00	0.06	21.70	22.22	0.00
2	2	0.06	3.42	18.29	22.29	0.01
2	6	0.04	1.85	19.11	27.54	0.00
3	3	0.20	0.28	24.48	32.27	0.00
3	7	0.00	0.21	25.37	22.39	0.00
Core	CPU	C1%	C3%	C6%	C8%	C9%
-	-	0.06	1.95	25.04	26.05	0.02
0	0	0.01	5.94	29.37	15.72	0.00
0	4	0.16	6.58	15.41	11.71	0.00
1	1	0.00	0.28	27.42	35.35	0.00
1	5	0.00	0.27	27.27	26.79	0.00
2	2	0.27	1.79	20.29	21.68	0.00
2	6	0.00	0.26	23.69	34.49	0.12
3	3	0.00	0.30	28.59	26.47	0.00
3	7	0.00	0.23	28.56	36.38	0.00
Core	CPU	C1%	C3%	C6%	C8%	C9%
-	-	0.10	3.74	20.50	23.15	0.18
0	0	0.01	10.25	21.55	6.19	1.39
0	4	0.00	0.18	23.14	30.42	0.00
1	1	0.18	4.51	18.60	18.50	0.00
1	5	0.00	0.16	18.61	20.04	0.00
2	2	0.31	7.80	17.47	31.29	0.00
2	6	0.32	4.25	20.01	23.49	0.06
3	3	0.00	0.26	23.48	35.02	0.00
3	7	0.00	2.43	20.91	20.04	0.02
Core	CPU	C1%	C3%	C6%	C8%	C9%
-	-	0.05	3.39	22.11	23.95	0.01
0	0	0.04	15.36	17.78	13.84	0.00
0	4	0.01	3.26	24.61	28.58	0.00
1	1	0.01	0.31	21.09	24.23	0.00
1	5	0.01	0.37	23.59	21.24	0.00
2	2	0.01	0.31	22.49	27.95	0.00
2	6	0.09	2.42	23.96	22.42	0.10
3	3	0.26	4.86	19.24	21.74	0.00
3	7	0.00	0.28	24.09	31.58	0.00
Core	CPU	C1%	C3%	C6%	C8%	C9%
-	-	0.10	3.87	21.05	22.57	0.00
0	0	0.03	1.53	28.02	22.09	0.00
0	4	0.09	9.31	17.32	26.00	0.00
1	1	0.05	5.37	20.71	26.42	0.00
1	5	0.30	4.58	18.85	19.01	0.00
2	2	0.00	0.13	22.29	19.08	0.00
2	6	0.00	0.11	20.64	22.26	0.00
3	3	0.34	8.82	18.23	22.64	0.00
3	7	0.00	1.20	22.76	23.58	0.00
Core	CPU	C1%	C3%	C6%	C8%	C9%
-	-	0.01	3.78	21.26	23.29	0.16
0	0	0.03	25.52	11.29	2.42	0.00
0	4	0.00	0.21	23.61	29.86	0.00
1	1	0.00	0.21	24.73	30.25	0.00
1	5	0.00	0.21	20.19	19.37	0.00
2	2	0.06	3.28	22.80	32.57	0.00
2	6	0.00	0.30	23.01	21.85	0.01
3	3	0.00	0.15	19.80	27.18	1.28
3	7	0.00	0.24	24.20	22.36	0.00
Core	CPU	C1%	C3%	C6%	C8%	C9%
-	-	0.00	2.73	17.38	17.09	0.38
0	0	0.01	17.15	9.51	2.92	0.00
0	4	0.01	1.95	18.07	15.55	3.06
1	1	0.00	0.18	17.92	22.12	0.00
1	5	0.00	0.21	18.17	21.95	0.00
2	2	0.00	0.21	16.08	16.65	0.00
2	6	0.00	0.19	17.90	14.13	0.00
3	3	0.00	0.22	20.39	18.25	0.00
3	7	0.00	1.76	21.02	25.14	0.00
Core	CPU	C1%	C3%	C6%	C8%	C9%
-	-	0.01	3.89	22.59	23.21	0.01
0	0	0.02	26.14	11.65	2.79	0.04
0	4	0.00	3.69	22.90	29.90	0.00
1	1	0.00	0.48	23.76	21.19	0.00
1	5	0.00	0.20	25.91	41.71	0.00
2	2	0.00	0.13	24.47	28.22	0.00
2	6	0.00	0.18	22.20	19.85	0.06
3	3	0.00	0.08	25.85	22.92	0.00
3	7	0.00	0.22	24.02	19.13	0.00
Core	CPU	C1%	C3%	C6%	C8%	C9%
-	-	0.10	3.87	21.26	21.68	0.14
0	0	0.01	11.88	22.95	10.99	0.01
0	4	0.13	8.21	19.89	19.06	0.00
1	1	0.00	0.15	20.97	21.59	1.11
1	5	0.00	0.18	19.79	22.42	0.00
2	2	0.28	6.45	19.99	22.74	0.00
2	6	0.34	3.68	19.06	36.55	0.00
3	3	0.03	0.29	22.97	18.55	0.00
3	7	0.00	0.19	24.77	21.84	0.00
Core	CPU	C1%	C3%	C6%	C8%	C9%
-	-	0.15	3.74	21.23	21.73	0.19
0	0	0.10	0.62	25.61	15.12	0.00
0	4	0.00	0.30	24.40	20.26	0.00
1	1	0.13	2.02	23.87	29.95	0.00
1	5	0.00	0.25	21.55	32.24	1.43
2	2	0.40	9.93	17.63	16.41	0.00
2	6	0.55	16.08	14.89	9.89	0.06
3	3	0.00	0.29	20.21	25.17	0.00
3	7	0.00	0.38	21.32	24.44	0.00
Core	CPU	C1%	C3%	C6%	C8%	C9%
-	-	0.18	4.07	21.39	22.47	0.00
0	0	0.00	0.55	27.39	11.72	0.02
0	4	0.27	0.28	22.42	27.73	0.00
1	1	0.00	0.22	22.07	24.45	0.00
1	5	0.12	3.71	19.50	29.63	0.00
2	2	0.00	0.25	25.16	25.00	0.00
2	6	1.05	26.83	6.51	4.89	0.00
3	3	0.00	0.32	23.18	28.75	0.00
3	7	0.01	0.38	24.93	27.62	0.00
Core	CPU	C1%	C3%	C6%	C8%	C9%
-	-	0.16	2.52	15.97	14.75	0.00
0	0	0.00	0.23	20.01	9.00	0.00
0	4	0.10	0.12	16.87	16.83	0.00
1	1	1.11	17.88	5.02	0.93	0.00
1	5	0.09	1.24	16.79	23.02	0.00
2	2	0.00	0.15	18.23	16.53	0.00
2	6	0.00	0.14	15.80	15.33	0.00
3	3	0.00	0.20	16.80	16.33	0.00
3	7	0.00	0.16	18.26	20.05	0.00
Core	CPU	C1%	C3%	C6%	C8%	C9%
-	-	0.15	3.98	20.31	22.22	0.00
0	0	0.00	0.27	26.32	16.86	0.01
0	4	0.00	0.15	22.02	51.80	0.00
1	1	0.98	26.29	8.08	3.60	0.00
1	5	0.21	4.68	21.53	20.61	0.00
2	2	0.00	0.09	22.53	22.78	0.00
2	6	0.00	0.07	20.79	22.75	0.00
3	3	0.00	0.10	20.39	19.49	0.00
3	7	0.00	0.15	20.83	19.88	0.00
Core	CPU	C1%	C3%	C6%	C8%	C9%
-	-	0.13	3.81	21.68	22.68	0.18
0	0	0.11	5.44	23.76	13.60	1.40
0	4	0.00	0.28	23.80	27.50	0.00
1	1	0.47	16.64	14.18	10.12	0.00
1	5	0.07	0.29	22.60	25.62	0.00
2	2	0.00	0.62	21.55	23.12	0.00
2	6	0.00	0.21	20.50	22.29	0.05
3	3	0.19	4.46	22.52	33.17	0.00
3	7	0.19	2.54	24.52	26.03	0.00
Core	CPU	C1%	C3%	C6%	C8%	C9%
-	-	0.15	3.71	21.20	20.98	0.00
0	0	0.00	0.28	26.23	13.53	0.00
0	4	0.02	0.21	21.94	31.48	0.00
1	1	1.07	24.15	8.36	2.69	0.00
1	5	0.13	4.39	19.90	18.64	0.01
2	2	0.00	0.14	21.79	22.05	0.00
2	6	0.00	0.12	22.10	24.48	0.00
3	3	0.00	0.17	24.94	28.83	0.00
3	7	0.00	0.25	24.38	26.13	0.02
Core	CPU	C1%	C3%	C6%	C8%	C9%
-	-	0.14	3.70	20.60	23.80	0.00
0	0	0.02	8.75	22.32	19.66	0.00
0	4	0.01	9.95	17.83	20.21	0.00
1	1	0.25	8.04	17.23	19.78	0.00
1	5	0.00	0.12	22.36	23.05	0.00
2	2	0.00	0.09	21.85	21.80	0.00
2	6	0.00	0.12	20.67	30.38	0.00
3	3	0.79	0.08	20.60	32.53	0.00
3	7	0.00	2.48	21.98	22.97	0.00
Core	CPU	C1%	C3%	C6%	C8%	C9%
-	-	0.19	1.86	25.55	26.23	0.01
0	0	0.01	4.29	28.21	20.06	0.00
0	4	0.08	0.94	23.89	24.17	0.00
1	1	0.58	5.85	19.99	16.72	0.00
1	5	0.72	2.92	21.84	17.32	0.00
2	2	0.01	0.16	26.15	31.76	0.00
2	6	0.00	0.13	26.38	27.23	0.06
3	3	0.10	0.26	28.43	39.26	0.00
3	7	0.04	0.32	29.54	33.34	0.00
Core	CPU	C1%	C3%	C6%	C8%	C9%
-	-	0.01	3.90	20.07	23.32	0.00
0	0	0.02	28.68	8.68	2.12	0.00
0	4	0.00	1.38	24.02	38.71	0.00
1	1	0.00	0.13	22.10	21.02	0.00
1	5	0.00	0.17	21.73	29.27	0.00
2	2	0.00	0.19	20.09	21.96	0.00
2	6	0.01	0.14	18.16	22.00	0.00
3	3	0.00	0.28	23.03	27.51	0.00
3	7	0.00	0.24	22.73	24.00	0.00
Core	CPU	C1%	C3%	C6%	C8%	C9%
-	-	0.13	3.65	21.13	21.84	0.19
0	0	0.02	16.85	14.91	5.40	0.00
0	4	0.00	0.18	21.71	26.21	0.00
1	1	0.17	0.20	23.07	45.69	1.41
1	5	0.13	0.18	21.23	22.81	0.00
2	2	0.24	5.85	20.50	14.76	0.00
2	6	0.28	5.45	15.42	18.38	0.00
3	3	0.12	0.23	27.25	22.36	0.00
3	7	0.11	0.26	24.94	19.07	0.13
Core	CPU	C1%	C3%	C6%	C8%	C9%
-	-	0.10	3.75	20.56	20.98	0.01
0	0	0.11	10.03	20.06	12.60	0.00
0	4	0.00	0.25	20.83	20.80	0.00
1	1	0.00	0.26	21.89	32.73	0.00
1	5	0.01	0.22	21.03	15.10	0.00
2	2	0.15	7.81	16.56	15.74	0.00
2	6	0.49	9.60	17.60	18.80	0.06
3	3	0.00	0.29	22.95	27.37	0.00
3	7	0.00	1.51	23.55	24.70	0.00
Core	CPU	C1%	C3%	C6%	C8%	C9%
-	-	0.01	3.77	22.72	20.88	0.01
0	0	0.01	8.09	23.13	13.16	0.00
0	4	0.03	20.96	11.33	6.55	0.00
1	1	0.00	0.18	23.72	22.63	0.00
1	5	0.00	0.23	24.11	28.70	0.00
2	2	0.00	0.20	25.19	23.01	0.00
2	6	0.00	0.16	24.31	19.18	0.07
3	3	0.00	0.17	24.03	28.32	0.00
3	7	0.00	0.21	25.91	25.49	0.00
Core	CPU	C1%	C3%	C6%	C8%	C9%
-	-	0.09	1.84	25.83	26.11	0.00
0	0	0.02	5.29	29.54	16.62	0.00
0	4	0.01	0.36	28.84	27.50	0.00
1	1	0.63	7.02	13.79	13.32	0.00
1	5	0.00	0.38	26.50	30.94	0.00
2	2	0.00	0.33	27.02	32.61	0.00
2	6	0.00	0.29	25.97	27.04	0.00
3	3	0.01	0.75	28.94	34.67	0.00
3	7	0.02	0.33	26.11	26.29	0.00
Core	CPU	C1%	C3%	C6%	C8%	C9%
-	-	0.09	3.79	21.47	23.40	0.01
0	0	0.01	13.39	19.74	16.95	0.00
0	4	0.00	0.09	26.46	27.73	0.00
1	1	0.52	13.65	17.35	17.86	0.05
1	5	0.15	2.41	20.55	24.60	0.05
2	2	0.00	0.13	20.92	27.77	0.00
2	6	0.01	0.26	21.25	25.63	0.00
3	3	0.01	0.21	23.95	24.19	0.00
3	7	0.00	0.18	21.51	22.39	0.00
Core	CPU	C1%	C3%	C6%	C8%	C9%
-	-	0.15	3.58	22.10	22.91	0.07
0	0	0.00	0.39	28.96	18.38	0.01
0	4	0.10	2.26	21.71	32.75	0.00
1	1	0.05	1.39	22.93	24.31	0.00
1	5	0.00	0.25	24.85	21.44	0.00
2	2	0.00	0.29	22.50	27.67	0.00
2	6	0.04	0.28	21.80	20.48	0.06
3	3	0.95	23.26	9.71	8.15	0.00
3	7	0.01	0.49	24.32	30.12	0.51
Core	CPU	C1%	C3%	C6%	C8%	C9%
-	-	0.09	3.84	21.38	21.81	0.01
0	0	0.00	4.96	25.14	15.58	0.00
0	4	0.01	9.34	17.86	16.52	0.00
1	1	0.01	0.18	20.03	21.03	0.00
1	5	0.00	0.16	19.15	18.18	0.00
2	2	0.54	12.27	16.64	12.38	0.00
2	6	0.11	2.33	24.64	25.98	0.06
3	3	0.00	0.20	24.18	41.62	0.00
3	7	0.06	1.27	23.43	23.19	0.00
Core	CPU	C1%	C3%	C6%	C8%	C9%
-	-	0.07	3.96	21.25	22.01	0.03
0	0	0.01	15.03	19.09	11.40	0.05
0	4	0.01	3.52	22.70	19.83	0.00
1	1	0.00	0.17	21.83	24.15	0.00
1	5	0.00	0.17	20.82	28.15	0.00
2	2	0.28	6.08	16.34	16.97	0.00
2	6	0.26	4.61	20.60	29.19	0.10
3	3	0.00	0.92	23.01	25.34	0.00
3	7	0.01	1.31	26.27	21.77	0.11
Core	CPU	C1%	C3%	C6%	C8%	C9%
-	-	0.01	2.99	15.92	16.06	0.01
0	0	0.00	12.79	15.13	10.47	0.00
0	4	0.02	4.57	13.38	17.53	0.00
1	1	0.00	0.17	17.77	16.95	0.00
1	5	0.00	0.14	15.66	15.57	0.00
2	2	0.01	0.12	16.39	21.13	0.00
2	6	0.01	0.14	17.52	12.70	0.07
3	3	0.01	5.76	15.88	14.86	0.00
3	7	0.01	0.15	15.13	18.75	0.00
Core	CPU	C1%	C3%	C6%	C8%	C9%
-	-	0.01	3.83	20.88	21.70	0.19
0	0	0.03	20.93	11.95	6.36	0.00
0	4	0.04	9.03	18.24	26.55	0.00
1	1	0.00	0.13	24.30	24.59	1.41
1	5	0.00	0.08	19.78	16.22	0.00
2	2	0.01	0.08	22.01	17.69	0.00
2	6	0.00	0.10	24.10	24.86	0.06
3	3	0.01	0.17	22.99	32.61	0.00
3	7	0.01	0.11	23.68	24.74	0.02
Core	CPU	C1%	C3%	C6%	C8%	C9%
-	-	0.14	3.61	21.77	23.60	0.14
0	0	0.01	13.23	18.99	12.98	0.00
0	4	0.00	0.21	22.24	24.86	1.01
1	1	0.50	7.94	19.41	22.09	0.00
1	5	0.49	6.34	16.69	19.66	0.00
2	2	0.02	0.22	24.44	32.17	0.00
2	6	0.04	0.17	23.36	27.84	0.08
3	3	0.00	0.23	23.17	24.62	0.00
3	7	0.03	0.58	25.90	24.61	0.00
Core	CPU	C1%	C3%	C6%	C8%	C9%
-	-	0.07	3.74	21.39	22.54	0.06
0	0	0.01	8.07	23.02	11.23	0.00
0	4	0.09	3.45	21.15	22.93	0.00
1	1	0.01	0.11	24.49	22.09	0.00
1	5	0.01	0.12	22.98	30.94	0.00
2	2	0.00	0.13	21.69	37.08	0.00
2	6	0.00	0.13	22.04	24.61	0.47
3	3	0.47	17.75	13.27	9.25	0.00
3	7	0.00	0.16	22.80	22.58	0.00
Core	CPU	C1%	C3%	C6%	C8%	C9%
-	-	0.07	4.03	21.11	21.23	0.18
0	0	0.01	11.87	21.65	7.40	0.01
0	4	0.00	3.76	23.20	32.37	0.00
1	1	0.50	13.13	12.63	16.85	0.04
1	5	0.00	0.22	22.20	36.88	0.00
2	2	0.00	0.19	21.56	20.17	0.00
2	6	0.00	0.31	22.96	18.49	0.00
3	3	0.00	0.14	22.58	19.09	1.41
3	7	0.00	2.51	21.79	18.28	0.00
Core	CPU	C1%	C3%	C6%	C8%	C9%
-	-	0.05	3.15	15.62	17.42	0.01
0	0	0.12	13.39	13.57	6.06	0.00
0	4	0.01	0.70	16.51	27.69	0.00
1	1	0.24	6.24	11.84	9.76	0.00
1	5	0.00	0.12	17.99	22.84	0.00
2	2	0.00	0.13	15.64	16.72	0.00
2	6	0.00	0.20	16.22	19.21	0.07
3	3	0.01	0.34	16.36	20.67	0.00
3	7	0.01	4.09	16.80	16.43	0.00
Core	CPU	C1%	C3%	C6%	C8%	C9%
-	-	0.09	3.89	22.50	21.43	0.10
0	0	0.00	4.86	26.35	9.50	0.00
0	4	0.01	3.53	19.63	17.85	0.00
1	1	0.54	14.63	15.26	10.68	0.00
1	5	0.19	5.94	20.97	26.23	0.00
2	2	0.00	0.17	24.28	20.17	0.00
2	6	0.00	0.31	23.39	41.02	0.78
3	3	0.00	0.21	25.16	20.15	0.00
3	7	0.00	1.43	25.01	25.86	0.00
Core	CPU	C1%	C3%	C6%	C8%	C9%
-	-	0.05	3.62	22.55	21.88	0.08
0	0	0.00	6.43	26.90	15.45	0.00
0	4	0.01	18.84	12.86	6.72	0.00
1	1	0.19	1.55	23.52	32.32	0.52
1	5	0.01	0.16	23.86	28.83	0.00
2	2	0.00	0.19	23.26	23.07	0.00
2	6	0.01	0.22	22.49	18.16	0.11
3	3	0.00	0.17	23.58	25.80	0.00
3	7	0.19	1.41	23.91	24.65	0.00
Core	CPU	C1%	C3%	C6%	C8%	C9%
-	-	0.03	3.81	22.66	22.64	0.00
0	0	0.01	3.57	28.81	15.59	0.00
0	4	0.03	22.48	12.35	5.90	0.00
1	1	0.00	0.21	22.19	41.19	0.00
1	5	0.00	0.11	24.67	19.84	0.00
2	2	0.15	3.42	21.74	19.22	0.00
2	6	0.01	0.28	23.85	22.76	0.00
3	3	0.00	0.21	24.22	33.92	0.00
3	7	0.01	0.21	23.49	22.73	0.00
Core	CPU	C1%	C3%	C6%	C8%	C9%
-	-	0.16	3.79	22.28	22.39	0.01
0	0	0.01	3.51	24.22	40.95	0.00
0	4	0.00	0.21	23.46	19.29	0.00
1	1	0.92	21.99	13.81	6.66	0.07
1	5	0.20	0.57	22.44	20.99	0.00
2	2	0.18	3.48	21.24	24.06	0.00
2	6	0.00	0.17	20.79	24.98	0.00
3	3	0.00	0.15	24.77	19.89	0.00
3	7	0.00	0.19	27.46	22.34	0.00
Core	CPU	C1%	C3%	C6%	C8%	C9%
-	-	0.01	2.66	16.04	16.24	0.01
0	0	0.01	13.75	12.46	3.49	0.00
0	4	0.01	5.62	14.50	16.91	0.00
1	1	0.01	0.07	16.04	16.27	0.00
1	5	0.00	0.03	15.42	14.65	0.00
2	2	0.00	0.08	16.13	19.61	0.00
2	6	0.01	0.04	15.44	18.91	0.06
3	3	0.00	0.28	17.89	15.99	0.00
3	7	0.01	1.37	20.44	24.11	0.00
Core	CPU	C1%	C3%	C6%	C8%	C9%
-	-	0.10	3.67	22.03	21.54	0.15
0	0	0.01	14.09	19.15	11.67	0.00
0	4	0.00	0.16	22.10	23.77	0.00
1	1	0.36	6.56	20.63	18.06	0.00
1	5	0.40	7.86	18.43	21.86	0.00
2	2	0.00	0.13	23.22	23.27	0.00
2	6	0.00	0.09	20.11	23.30	0.00
3	3	0.01	0.28	27.15	23.29	1.17
3	7	0.00	0.24	25.43	27.09	0.00
Core	CPU	C1%	C3%	C6%	C8%	C9%
-	-	0.06	3.82	22.57	23.29	0.00
0	0	0.03	15.25	19.66	11.01	0.00
0	4	0.01	5.54	20.24	26.13	0.00
1	1	0.00	1.43	24.85	23.08	0.00
1	5	0.16	3.61	22.24	22.32	0.00
2	2	0.00	1.04	24.47	20.62	0.00
2	6	0.04	0.22	22.60	24.09	0.00
3	3	0.13	0.81	21.73	29.67	0.00
3	7	0.14	2.64	24.75	29.42	0.00
Core	CPU	C1%	C3%	C6%	C8%	C9%
-	-	0.08	3.68	21.79	23.30	0.18
0	0	0.02	11.53	23.09	12.78	0.00
0	4	0.00	0.19	23.92	21.92	0.00
1	1	0.14	0.22	23.20	36.79	0.00
1	5	0.00	0.10	20.59	22.50	0.16
2	2	0.00	0.12	21.65	32.88	0.00
2	6	0.00	0.16	21.07	23.39	0.00
3	3	0.45	16.66	14.56	9.02	1.31
3	7	0.01	0.46	26.24	27.13	0.00
Core	CPU	C1%	C3%	C6%	C8%	C9%
-	-	0.13	3.76	21.68	20.80	0.01
0	0	0.00	0.35	27.05	11.57	0.06
0	4	0.00	0.27	24.41	34.92	0.00
1	1	0.08	2.96	23.54	33.70	0.00
1	5	0.77	19.56	11.27	6.28	0.00
2	2	0.00	0.19	21.25	23.17	0.00
2	6	0.01	0.22	23.24	19.15	0.00
3	3	0.17	6.29	19.63	17.66	0.00
3	7	0.00	0.20	23.06	19.90	0.00
Core	CPU	C1%	C3%	C6%	C8%	C9%
-	-	0.15	1.98	26.21	24.06	0.00
0	0	0.02	1.45	30.08	27.71	0.00
0	4	0.00	0.31	27.32	27.49	0.00
1	1	0.17	1.07	30.72	23.91	0.00
1	5	1.00	11.69	10.16	5.74	0.00
2	2	0.00	0.25	26.80	23.61	0.00
2	6	0.00	0.26	29.14	30.22	0.00
3	3	0.01	0.40	29.24	28.76	0.00
3	7	0.00	0.38	26.29	25.14	0.00
Core	CPU	C1%	C3%	C6%	C8%	C9%
-	-	0.12	3.97	21.30	23.66	0.04
0	0	0.03	13.84	17.87	24.60	0.10
0	4	0.00	0.11	24.00	26.55	0.00
1	1	0.91	16.08	12.98	12.28	0.10
1	5	0.00	0.10	24.72	26.61	0.00
2	2	0.00	0.95	22.62	19.75	0.00
2	6	0.00	0.18	23.76	32.29	0.00
3	3	0.00	0.22	20.80	23.07	0.00
3	7	0.00	0.22	23.62	24.09	0.10
Core	CPU	C1%	C3%	C6%	C8%	C9%
-	-	0.09	3.56	22.64	21.72	0.01
0	0	0.00	4.04	25.36	24.94	0.02
0	4	0.00	1.39	23.19	26.17	0.00
1	1	0.46	13.42	14.73	10.19	0.00
1	5	0.27	7.18	20.52	26.65	0.00
2	2	0.00	0.36	26.23	19.14	0.00
2	6	0.00	0.28	24.72	20.11	0.05
3	3	0.01	0.36	23.67	26.11	0.00
3	7	0.00	1.46	22.74	20.50	0.00
Core	CPU	C1%	C3%	C6%	C8%	C9%
-	-	0.02	4.02	21.17	21.59	0.10
0	0	0.02	20.54	16.67	6.82	0.00
0	4	0.00	3.99	22.67	18.12	0.00
1	1	0.00	0.27	20.26	30.03	0.80
1	5	0.10	0.28	19.94	29.98	0.00
2	2	0.04	3.88	20.85	16.90	0.00
2	6	0.00	1.50	20.99	15.93	0.00
3	3	0.00	0.25	22.42	23.28	0.00
3	7	0.01	1.45	25.63	31.74	0.00
Core	CPU	C1%	C3%	C6%	C8%	C9%
-	-	0.22	3.66	21.66	21.83	0.00
0	0	0.39	2.12	27.88	34.74	0.00
0	4	0.01	0.16	22.84	18.40	0.00
1	1	0.01	0.10	19.56	22.13	0.00
1	5	0.00	0.14	22.48	24.25	0.00
2	2	0.76	13.53	15.87	10.93	0.00
2	6	0.53	11.68	19.00	14.68	0.02
3	3	0.00	0.15	22.15	22.49	0.00
3	7	0.06	1.42	23.41	26.96	0.00
Core	CPU	C1%	C3%	C6%	C8%	C9%
-	-	0.15	2.64	15.53	16.68	0.13
0	0	0.02	5.61	18.64	14.47	0.00
0	4	0.87	7.64	14.07	12.94	0.00
1	1	0.00	0.13	15.71	19.92	0.00
1	5	0.00	0.12	15.43	17.67	0.01
2	2	0.16	2.22	15.22	21.75	0.00
2	6	0.11	5.07	12.78	12.59	1.01
3	3	0.01	0.12	15.66	16.97	0.00
3	7	0.00	0.20	16.79	17.11	0.00
Core	CPU	C1%	C3%	C6%	C8%	C9%
-	-	0.03	4.03	22.46	22.02	0.03
0	0	0.01	14.70	20.57	7.51	0.12
0	4	0.08	7.81	22.74	17.84	0.00
1	1	0.00	0.27	23.03	17.65	0.00
1	5	0.00	0.31	23.17	23.70	0.00
2	2	0.00	0.36	23.27	40.61	0.00
2	6	0.08	7.01	17.90	22.25	0.09
3	3	0.00	0.32	24.69	22.34	0.00
3	7	0.06	1.44	24.24	24.24	0.01
Core	CPU	C1%	C3%	C6%	C8%	C9%
-	-	0.01	3.84	22.74	22.72	0.00
0	0	0.03	26.58	11.01	1.39	0.00
0	4	0.01	1.46	25.64	33.06	0.00
1	1	0.00	0.19	24.97	21.59	0.00
1	5	0.00	0.26	22.02	23.04	0.00
2	2	0.00	0.24	24.15	22.72	0.00
2	6	0.00	0.24	24.62	25.73	0.00
3	3	0.00	0.27	24.25	33.05	0.00
3	7	0.00	1.45	25.29	21.18	0.00
Core	CPU	C1%	C3%	C6%	C8%	C9%
-	-	0.02	3.83	22.05	22.63	0.01
0	0	0.02	16.98	17.92	5.71	0.00
0	4	0.09	12.50	16.29	13.56	0.05
1	1	0.00	0.25	22.41	23.41	0.00
1	5	0.00	0.17	23.36	26.33	0.00
2	2	0.00	0.20	23.65	20.72	0.00
2	6	0.00	0.16	24.65	36.49	0.06
3	3	0.00	0.18	25.73	32.62	0.00
3	7	0.00	0.24	22.40	22.21	0.00
Core	CPU	C1%	C3%	C6%	C8%	C9%
-	-	0.01	3.85	21.78	22.46	0.00
0	0	0.02	25.26	12.99	1.18	0.00
0	4	0.01	4.68	22.87	24.06	0.00
1	1	0.00	0.14	25.34	20.89	0.00
1	5	0.00	0.11	21.36	27.08	0.00
2	2	0.01	0.22	23.30	35.19	0.00
2	6	0.00	0.15	23.22	24.00	0.00
3	3	0.00	0.16	23.95	28.12	0.00
3	7	0.00	0.16	21.25	19.20	0.00
Core	CPU	C1%	C3%	C6%	C8%	C9%
-	-	0.02	2.05	25.98	25.32	0.01
0	0	0.02	8.72	21.64	7.15	0.00
0	4	0.05	5.55	18.01	14.19	0.00
1	1	0.01	0.28	27.99	22.75	0.00
1	5	0.00	0.26	28.66	27.68	0.00
2	2	0.00	0.29	30.03	42.15	0.00
2	6	0.00	0.30	25.59	27.42	0.06
3	3	0.00	0.28	29.13	31.73	0.00
3	7	0.04	0.66	26.73	29.49	0.03
Core	CPU	C1%	C3%	C6%	C8%	C9%
-	-	0.03	3.95	21.91	22.96	0.00
0	0	0.02	16.77	16.34	9.45	0.00
0	4	0.01	5.21	21.99	24.66	0.00
1	1	0.09	5.61	20.64	16.57	0.00
1	5	0.16	2.37	23.00	22.84	0.00
2	2	0.00	0.12	21.69	28.59	0.00
2	6	0.00	0.25	22.16	23.73	0.00
3	3	0.00	0.93	22.56	23.23	0.00
3	7	0.00	0.35	26.89	34.59	0.00
Core	CPU	C1%	C3%	C6%	C8%	C9%
-	-	0.13	3.48	22.37	22.42	0.00
0	0	0.02	0.86	26.57	32.47	0.00
0	4	0.00	0.29	25.86	24.33	0.00
1	1	0.77	16.38	14.48	8.21	0.00
1	5	0.21	7.31	21.21	19.19	0.00
2	2	0.00	1.55	21.32	21.01	0.00
2	6	0.00	0.45	24.78	28.57	0.00
3	3	0.00	0.38	23.49	22.29	0.00
3	7	0.00	0.64	21.29	23.30	0.00
Core	CPU	C1%	C3%	C6%	C8%	C9%
-	-	0.06	3.71	21.97	21.62	0.00
0	0	0.00	3.46	26.47	28.31	0.00
0	4	0.03	16.76	15.06	7.16	0.00
1	1	0.01	0.24	21.67	27.98	0.00
1	5	0.00	0.26	22.84	16.01	0.00
2	2	0.00	0.35	23.50	22.98	0.00
2	6	0.16	3.38	23.31	22.39	0.00
3	3	0.30	5.08	21.37	19.74	0.00
3	7	0.00	0.23	21.83	28.66	0.00
Core	CPU	C1%	C3%	C6%	C8%	C9%
-	-	0.07	3.82	20.67	23.11	0.04
0	0	0.00	0.38	29.42	27.88	0.00
0	4	0.13	14.24	13.27	17.92	0.00
1	1	0.00	0.09	20.01	26.19	0.00
1	5	0.00	0.07	21.35	31.36	0.00
2	2	0.00	0.22	22.31	24.41	0.00
2	6	0.00	0.19	22.52	22.09	0.00
3	3	0.42	15.11	12.80	10.70	0.35
3	7	0.00	0.23	23.67	24.38	0.00
Core	CPU	C1%	C3%	C6%	C8%	C9%
-	-	0.01	3.48	15.71	16.01	0.06
0	0	0.00	13.05	13.42	5.15	0.00
0	4	0.01	5.72	13.45	21.77	0.00
1	1	0.00	0.16	17.15	15.73	0.00
1	5	0.00	0.12	15.63	17.22	0.51
2	2	0.00	0.24	17.31	13.78	0.00
2	6	0.00	0.14	16.13	11.37	0.00
3	3	0.08	6.16	13.72	15.87	0.00
3	7	0.01	2.19	18.59	26.95	0.00
Core	CPU	C1%	C3%	C6%	C8%	C9%
-	-	0.11	3.86	20.98	23.28	0.15
0	0	0.01	8.14	20.52	23.07	0.00
0	4	0.00	0.13	23.03	21.51	0.00
1	1	0.18	3.56	18.97	28.51	0.00
1	5	0.29	7.68	20.58	20.79	0.00
2	2	0.07	2.56	20.06	20.28	0.00
2	6	0.00	0.21	21.43	22.26	0.00
3	3	0.34	7.11	18.66	23.91	1.20
3	7	0.00	1.51	24.56	25.89	0.00
Core	CPU	C1%	C3%	C6%	C8%	C9%
-	-	0.03	3.46	21.22	22.67	0.01
0	0	0.01	4.72	25.85	10.50	0.00
0	4	0.01	15.91	15.83	10.22	0.00
1	1	0.18	2.02	21.51	26.39	0.00
1	5	0.00	0.17	20.91	24.93	0.00
2	2	0.00	0.23	21.14	20.61	0.00
2	6	0.02	2.94	20.49	35.73	0.06
3	3	0.00	0.16	21.47	22.98	0.00
3	7	0.00	1.56	22.53	30.01	0.00
Core	CPU	C1%	C3%	C6%	C8%	C9%
-	-	0.16	3.68	21.94	22.68	0.18
0	0	0.00	0.69	28.44	16.20	1.41
0	4	0.00	0.45	25.46	30.97	0.00
1	1	0.50	7.24	17.33	15.27	0.00
1	5	0.00	0.17	21.53	30.68	0.00
2	2	0.16	4.72	19.50	22.01	0.00
2	6	0.00	0.34	23.11	22.84	0.00
3	3	0.48	15.43	14.60	15.88	0.00
3	7	0.13	0.36	25.56	27.62	0.00
Core	CPU	C1%	C3%	C6%	C8%	C9%
-	-	0.08	3.88	22.29	22.02	0.02
0	0	0.01	11.91	21.63	15.27	0.04
0	4	0.17	8.49	17.69	22.69	0.11
1	1	0.01	0.38	23.86	18.41	0.00
1	5	0.00	0.23	25.51	21.96	0.00
2	2	0.03	0.27	24.33	35.58	0.00
2	6	0.00	0.18	22.18	19.56	0.00
3	3	0.34	9.29	18.50	19.85	0.00
3	7	0.10	0.36	24.73	22.86	0.00
Core	CPU	C1%	C3%	C6%	C8%	C9%
-	-	0.13	1.86	26.27	23.64	0.11
0	0	0.01	2.69	29.87	28.38	0.79
0	4	0.00	0.29	32.27	32.04	0.00
1	1	0.00	0.33	26.63	22.03	0.00
1	5	0.00	0.33	25.67	28.99	0.00
2	2	0.66	3.80	22.03	13.76	0.00
2	6	0.25	1.86	22.87	14.73	0.05
3	3	0.12	4.98	22.65	16.92	0.00
3	7	0.01	0.56	28.04	32.22	0.00
Core	CPU	C1%	C3%	C6%	C8%	C9%
-	-	0.05	3.83	21.22	22.81	0.00
0	0	0.02	22.17	13.07	2.46	0.00
0	4	0.00	0.22	21.19	22.93	0.00
1	1	0.00	0.26	21.37	31.28	0.00
1	5	0.00	0.24	22.92	25.48	0.00
2	2	0.29	4.54	23.19	20.22	0.00
2	6	0.01	1.39	23.19	30.11	0.00
3	3	0.00	0.39	20.79	27.76	0.00
3	7	0.11	1.55	24.47	22.64	0.02
Core	CPU	C1%	C3%	C6%	C8%	C9%
-	-	0.06	3.56	22.85	23.02	0.25
0	0	0.01	5.40	26.74	16.17	0.00
0	4	0.23	17.64	15.30	7.80	0.12
1	1	0.00	0.24	19.41	22.42	0.00
1	5	0.10	0.34	22.16	31.70	0.00
2	2	0.00	0.25	25.01	23.37	1.42
2	6	0.00	0.27	23.70	34.92	0.00
3	3	0.11	2.33	26.45	26.09	0.48
3	7	0.01	1.91	23.65	21.30	0.00
Core	CPU	C1%	C3%	C6%	C8%	C9%
-	-	0.12	3.76	21.08	22.64	0.19
0	0	0.00	2.97	25.48	22.53	0.00
0	4	0.00	3.44	21.78	19.97	0.00
1	1	0.89	17.34	12.69	9.72	0.00
1	5	0.09	4.48	20.67	22.09	0.00
2	2	0.00	0.16	20.90	23.06	1.42
2	6	0.00	0.14	21.17	38.92	0.06
3	3	0.00	0.18	22.69	20.60	0.00
3	7	0.00	1.37	23.25	24.20	0.02
Core	CPU	C1%	C3%	C6%	C8%	C9%
-	-	0.05	3.86	21.20	23.02	0.00
0	0	0.00	2.42	26.74	13.58	0.00
0	4	0.21	21.70	11.17	4.97	0.00
1	1	0.06	2.36	20.44	26.43	0.00
1	5	0.04	0.08	21.73	46.11	0.00
2	2	0.00	0.15	22.28	17.80	0.00
2	6	0.00	0.12	21.88	25.61	0.00
3	3	0.05	3.08	21.88	23.39	0.00
3	7	0.00	0.96	23.42	26.28	0.00
Core	CPU	C1%	C3%	C6%	C8%	C9%
-	-	0.00	2.83	15.29	15.61	0.00
0	0	0.01	17.20	10.63	3.88	0.00
0	4	0.01	4.12	14.73	12.93	0.00
1	1	0.00	0.14	16.61	13.12	0.00
1	5	0.00	0.13	15.98	20.40	0.00
2	2	0.00	0.14	15.87	20.57	0.00
2	6	0.00	0.12	15.68	21.96	0.00
3	3	0.00	0.26	16.63	14.55	0.00
3	7	0.00	0.52	16.21	17.44	0.00
Core	CPU	C1%	C3%	C6%	C8%	C9%
-	-	0.08	3.68	21.57	21.68	0.00
0	0	0.01	5.76	23.70	11.47	0.00
0	4	0.10	7.95	19.57	13.68	0.00
1	1	0.31	10.00	16.98	14.83	0.00
1	5	0.00	0.13	23.14	35.22	0.00
2	2	0.11	2.94	21.17	20.21	0.00
2	6	0.00	0.12	21.27	29.94	0.00
3	3	0.11	0.18	21.34	25.82	0.00
3	7	0.00	2.38	25.39	22.26	0.00
Core	CPU	C1%	C3%	C6%	C8%	C9%
-	-	0.13	3.65	21.41	21.29	0.00
0	0	0.01	0.29	26.20	12.83	0.00
0	4	0.00	0.13	21.36	19.35	0.00
1	1	0.00	0.18	22.41	22.62	0.00
1	5	0.00	0.18	23.23	24.53	0.00
2	2	0.38	9.59	17.01	15.70	0.00
2	6	0.66	18.43	12.84	9.20	0.00
3	3	0.00	0.23	23.12	34.07	0.00
3	7	0.00	0.20	25.08	32.02	0.00
Core	CPU	C1%	C3%	C6%	C8%	C9%
-	-	0.15	3.71	21.54	20.14	0.04
0	0	0.01	7.02	22.17	7.59	0.00
0	4	0.25	0.21	24.84	30.38	0.00
1	1	0.00	0.18	24.63	28.15	0.00
1	5	0.00	0.19	20.06	17.86	0.00
2	2	0.52	9.02	18.27	17.10	0.00
2	6	0.40	12.47	16.44	11.94	0.00
3	3	0.00	0.24	23.22	22.14	0.00
3	7	0.00	0.33	22.67	26.01	0.28
Core	CPU	C1%	C3%	C6%	C8%	C9%
-	-	0.14	3.59	21.90	19.80	0.06
0	0	0.02	0.38	29.27	31.27	0.00
0	4	0.00	0.24	23.07	12.44	0.00
1	1	0.08	1.81	22.85	19.30	0.00
1	5	0.00	0.12	20.19	18.72	0.00
2	2	0.43	11.01	17.35	12.68	0.00
2	6	0.61	14.81	16.32	12.58	0.51
3	3	0.00	0.11	22.15	24.88	0.00
3	7	0.00	0.25	24.00	26.50	0.00
Core	CPU	C1%	C3%	C6%	C8%	C9%
-	-	0.09	3.15	14.97	16.54	0.00
0	0	0.01	5.16	17.66	10.00	0.00
0	4	0.01	0.14	16.39	18.89	0.00
1	1	0.00	0.13	16.58	18.48	0.00
1	5	0.00	0.10	13.65	24.48	0.00
2	2	0.16	2.42	16.06	15.50	0.00
2	6	0.51	16.81	7.91	6.96	0.00
3	3	0.00	0.28	15.98	21.16	0.00
3	7	0.00	0.18	15.49	16.86	0.02
Core	CPU	C1%	C3%	C6%	C8%	C9%
-	-	0.01	3.71	22.77	24.20	0.03
0	0	0.01	19.77	18.33	6.18	0.00
0	4	0.01	5.84	22.46	22.73	0.00
1	1	0.00	0.27	23.41	29.32	0.00
1	5	0.00	0.24	21.86	23.50	0.21
2	2	0.09	1.62	22.24	22.77	0.00
2	6	0.00	0.28	23.08	23.60	0.00
3	3	0.00	0.28	25.57	38.74	0.00
3	7	0.00	1.40	25.17	26.79	0.00
Core	CPU	C1%	C3%	C6%	C8%	C9%
-	-	0.13	3.66	20.91	21.86	0.02
0	0	0.02	5.75	24.38	15.28	0.08
0	4	0.00	0.13	20.33	23.73	0.00
1	1	0.14	4.25	21.22	17.09	0.00
1	5	0.00	0.14	20.79	24.66	0.00
2	2	0.39	8.88	19.69	25.60	0.00
2	6	0.45	8.70	16.91	21.30	0.00
3	3	0.00	0.14	21.39	22.50	0.00
3	7	0.00	1.33	22.80	24.92	0.10
Core	CPU	C1%	C3%	C6%	C8%	C9%
-	-	0.07	3.73	21.91	22.20	0.00
0	0	0.03	12.99	21.05	15.46	0.00
0	4	0.09	5.01	22.34	20.20	0.00
1	1	0.00	0.32	22.94	19.55	0.00
1	5	0.01	0.23	23.76	31.10	0.00
2	2	0.00	0.18	23.53	23.85	0.00
2	6	0.35	9.27	14.81	23.57	0.00
3	3	0.03	0.27	23.14	23.30	0.00
3	7	0.03	1.52	23.50	20.33	0.00
Core	CPU	C1%	C3%	C6%	C8%	C9%
-	-	0.04	3.85	22.37	21.28	0.00
0	0	0.02	8.59	23.48	7.97	0.00
0	4	0.02	12.20	19.22	12.26	0.00
1	1	0.00	0.23	21.83	17.75	0.00
1	5	0.00	0.16	21.37	23.29	0.00
2	2	0.22	6.67	20.72	29.01	0.00
2	6	0.01	1.32	24.03	33.59	0.00
3	3	0.00	0.21	23.51	23.21	0.00
3	7	0.01	1.45	24.82	23.20	0.00
Core	CPU	C1%	C3%	C6%	C8%	C9%
-	-	0.07	3.22	15.26	16.32	0.12
0	0	0.00	4.86	18.90	8.37	0.02
0	4	0.01	5.98	14.86	15.25	0.00
1	1	0.16	4.12	15.35	13.14	0.00
1	5	0.00	0.79	15.84	20.85	0.00
2	2	0.20	3.49	14.53	23.40	0.00
2	6	0.22	4.45	13.97	15.88	0.00
3	3	0.00	1.91	14.29	18.20	0.00
3	7	0.00	0.14	14.34	15.44	0.96
Core	CPU	C1%	C3%	C6%	C8%	C9%
-	-	0.03	4.24	21.59	24.04	0.10
0	0	0.03	23.54	11.80	4.73	0.00
0	4	0.01	4.44	22.52	26.39	0.00
1	1	0.01	0.22	22.72	22.21	0.80
1	5	0.14	0.14	20.43	33.46	0.00
2	2	0.00	0.20	25.00	34.76	0.00
2	6	0.00	0.20	22.98	22.67	0.00
3	3	0.03	2.27	24.64	24.11	0.00
3	7	0.00	2.92	22.65	24.01	0.00
Core	CPU	C1%	C3%	C6%	C8%	C9%
-	-	0.04	3.85	21.09	22.53	0.00
0	0	0.01	11.64	20.90	17.57	0.02
0	4	0.10	16.08	17.02	16.18	0.00
1	1	0.01	0.29	22.68	24.61	0.00
1	5	0.00	0.18	21.68	31.39	0.00
2	2	0.00	0.23	21.97	22.54	0.00
2	6	0.01	0.19	19.73	27.83	0.00
3	3	0.00	0.18	21.18	20.14	0.00
3	7	0.21	2.00	23.59	19.94	0.00
Core	CPU	C1%	C3%	C6%	C8%	C9%
-	-	0.07	3.62	21.59	23.03	0.08
0	0	0.02	14.43	19.81	13.07	0.00
0	4	0.00	3.83	21.26	21.77	0.00
1	1	0.01	0.22	22.80	24.06	0.00
1	5	0.04	0.05	22.46	35.04	0.00
2	2	0.37	9.61	15.84	13.83	0.00
2	6	0.00	0.12	21.11	30.36	0.67
3	3	0.13	0.22	25.29	28.04	0.00
3	7	0.02	0.50	24.11	18.05	0.00
Core	CPU	C1%	C3%	C6%	C8%	C9%
-	-	0.11	3.84	21.38	21.67	0.19
0	0	0.00	0.37	26.36	26.64	1.39
0	4	0.00	0.11	24.84	24.15	0.00
1	1	0.00	0.23	24.59	24.39	0.00
1	5	0.03	0.14	23.00	23.19	0.00
2	2	0.19	9.55	16.17	15.46	0.00
2	6	0.00	0.20	24.14	25.26	0.06
3	3	0.63	20.03	11.55	11.30	0.08
3	7	0.00	0.07	20.41	22.99	0.02
Core	CPU	C1%	C3%	C6%	C8%	C9%
-	-	0.15	2.11	26.31	25.60	0.10
0	0	0.01	0.32	32.09	21.52	0.00
0	4	0.01	0.21	26.49	34.46	0.00
1	1	0.35	2.28	21.35	18.93	0.62
1	5	0.15	0.94	28.18	25.13	0.00
2	2	0.05	0.50	28.78	37.94	0.00
2	6	0.15	1.33	24.95	25.80	0.07
3	3	0.47	9.78	19.70	15.05	0.00
3	7	0.00	1.55	29.42	26.43	0.10
Core	CPU	C1%	C3%	C6%	C8%	C9%
-	-	0.06	3.71	21.65	22.41	0.00
0	0	0.01	8.83	22.54	11.46	0.00
0	4	0.09	8.02	19.49	28.85	0.00
1	1	0.28	6.12	17.04	17.14	0.00
1	5	0.00	0.18	21.98	25.96	0.00
2	2	0.08	4.72	23.48	18.16	0.00
2	6	0.01	0.22	23.91	24.54	0.00
3	3	0.01	0.19	22.71	33.19	0.00
3	7	0.01	1.32	21.61	19.55	0.00
Core	CPU	C1%	C3%	C6%	C8%	C9%
-	-	0.03	3.71	22.06	24.19	0.15
0	0	0.01	17.47	16.18	6.55	0.00
0	4	0.00	0.04	23.69	29.95	0.00
1	1	0.00	3.35	21.13	22.51	0.00
1	5	0.18	5.58	20.83	25.19	0.00
2	2	0.00	0.29	25.16	29.83	0.00
2	6	0.00	0.16	23.61	25.16	0.00
3	3	0.00	0.12	21.36	19.53	1.19
3	7	0.02	2.70	24.61	34.93	0.00
Core	CPU	C1%	C3%	C6%	C8%	C9%
-	-	0.08	3.89	21.71	21.76	0.18
0	0	0.01	5.89	25.22	8.36	0.00
0	4	0.01	6.03	19.03	18.22	0.00
1	1	0.60	16.50	12.97	10.48	0.00
1	5	0.00	1.45	24.16	19.31	0.00
2	2	0.00	0.30	23.50	30.66	0.00
2	6	0.00	0.29	22.33	26.41	1.45
3	3	0.00	0.30	23.64	39.10	0.00
3	7	0.00	0.48	23.33	22.02	0.00
Core	CPU	C1%	C3%	C6%	C8%	C9%
-	-	0.12	3.96	21.48	23.46	0.18
0	0	0.00	0.43	25.76	15.70	1.38
0	4	0.00	4.34	20.18	40.86	0.00
1	1	0.32	9.53	18.81	17.54	0.03
1	5	0.14	5.75	21.82	18.59	0.00
2	2	0.00	1.05	23.42	22.01	0.00
2	6	0.00	0.24	21.40	23.59	0.00
3	3	0.51	10.02	16.96	21.70	0.00
3	7	0.01	0.22	22.91	27.07	0.00
Core	CPU	C1%	C3%	C6%	C8%	C9%
-	-	0.02	2.18	25.38	24.47	0.01
0	0	0.02	7.09	25.72	10.07	0.00
0	4	0.02	7.43	19.02	17.85	0.00
1	1	0.01	0.75	27.05	24.27	0.00
1	5	0.11	0.89	22.53	28.98	0.00
2	2	0.01	0.39	29.70	30.29	0.00
2	6	0.00	0.32	25.98	29.32	0.11
3	3	0.00	0.25	25.88	29.34	0.00
3	7	0.00	0.34	27.29	25.69	0.00
Core	CPU	C1%	C3%	C6%	C8%	C9%
-	-	0.01	3.47	22.86	22.58	0.01
0	0	0.03	12.03	22.55	8.88	0.07
0	4	0.02	14.63	14.89	11.04	0.00
1	1	0.01	0.20	25.05	24.94	0.00
1	5	0.01	0.17	22.84	29.87	0.00
2	2	0.01	0.18	24.20	32.04	0.00
2	6	0.00	0.15	24.71	29.31	0.03
3	3	0.00	0.18	24.56	21.24	0.00
3	7	0.01	0.15	24.01	23.24	0.00
Core	CPU	C1%	C3%	C6%	C8%	C9%
-	-	0.02	4.02	21.23	21.19	0.00
0	0	0.01	2.97	25.91	14.29	0.00
0	4	0.15	27.13	9.30	3.10	0.00
1	1	0.00	0.25	21.84	37.90	0.00
1	5	0.00	0.16	22.51	20.06	0.00
2	2	0.00	1.10	22.88	18.59	0.00
2	6	0.00	0.27	22.80	20.45	0.00
3	3	0.00	0.15	20.65	24.90	0.00
3	7	0.00	0.16	23.97	30.24	0.00
Core	CPU	C1%	C3%	C6%	C8%	C9%
-	-	0.22	3.62	21.17	21.19	0.01
0	0	0.00	0.35	27.94	20.45	0.00
0	4	0.00	0.26	22.81	21.38	0.00
1	1	0.53	9.73	15.26	12.93	0.00
1	5	1.19	17.52	13.71	9.39	0.00
2	2	0.00	0.34	23.22	17.24	0.00
2	6	0.00	0.23	21.31	46.01	0.07
3	3	0.00	0.20	21.06	20.47	0.00
3	7	0.00	0.30	24.09	21.64	0.02
Core	CPU	C1%	C3%	C6%	C8%	C9%
-	-	0.17	3.90	20.94	19.68	0.00
0	0	0.00	0.33	25.88	19.27	0.00
0	4	0.00	0.16	24.19	14.77	0.00
1	1	0.35	7.81	19.34	15.17	0.00
1	5	0.98	21.85	9.26	7.99	0.00
2	2	0.00	0.31	24.94	19.99	0.00
2	6	0.00	0.25	20.08	19.69	0.00
3	3	0.00	0.23	21.85	34.42	0.00
3	7	0.00	0.25	22.00	26.08	0.00
Core	CPU	C1%	C3%	C6%	C8%	C9%
-	-	0.11	2.81	15.66	16.07	0.03
0	0	0.00	0.30	19.19	19.32	0.11
0	4	0.00	0.09	16.60	21.71	0.00
1	1	0.15	11.14	12.13	11.52	0.00
1	5	0.68	10.32	10.53	7.89	0.00
2	2	0.00	0.13	16.63	13.41	0.00
2	6	0.00	0.11	18.05	15.50	0.16
3	3	0.00	0.29	17.30	19.44	0.00
3	7	0.00	0.11	14.87	19.76	0.00
Core	CPU	C1%	C3%	C6%	C8%	C9%
-	-	0.02	3.56	21.75	22.81	0.03
0	0	0.02	15.72	19.02	10.19	0.00
0	4	0.01	7.41	20.16	22.90	0.08
1	1	0.07	1.13	22.81	24.01	0.00
1	5	0.00	0.14	21.62	30.36	0.00
2	2	0.01	2.41	20.95	19.97	0.13
2	6	0.00	0.24	23.74	26.90	0.00
3	3	0.01	0.58	23.32	25.38	0.00
3	7	0.00	0.95	22.66	23.03	0.00
Core	CPU	C1%	C3%	C6%	C8%	C9%
-	-	0.01	3.98	20.66	22.28	0.01
0	0	0.02	24.64	13.26	1.99	0.00
0	4	0.00	2.45	20.27	31.01	0.00
1	1	0.02	0.19	22.30	24.54	0.00
1	5	0.00	0.18	20.93	22.48	0.00
2	2	0.00	2.54	18.66	26.69	0.00
2	6	0.00	0.08	19.18	21.04	0.06
3	3	0.00	0.26	24.44	23.73	0.02
3	7	0.02	1.37	25.98	26.48	0.00
Core	CPU	C1%	C3%	C6%	C8%	C9%
-	-	0.07	2.87	19.58	18.95	0.03
0	0	0.02	12.08	18.71	11.33	0.00
0	4	0.01	0.87	21.05	13.97	0.14
1	1	0.00	0.17	18.98	17.42	0.00
1	5	0.00	0.24	20.63	23.91	0.00
2	2	0.30	4.55	17.09	14.84	0.00
2	6	0.23	3.26	18.44	24.56	0.00
3	3	0.00	0.26	20.31	26.44	0.00
3	7	0.00	1.50	21.43	19.18	0.11
Core	CPU	C1%	C3%	C6%	C8%	C9%
-	-	0.02	4.08	22.63	23.71	0.00
0	0	0.12	27.15	9.19	2.28	0.00
0	4	0.01	3.76	20.97	21.08	0.00
1	1	0.00	0.90	24.77	24.41	0.00
1	5	0.00	0.16	24.40	20.38	0.00
2	2	0.00	0.17	24.63	36.72	0.00
2	6	0.00	0.18	25.33	20.14	0.00
3	3	0.01	0.19	26.31	23.09	0.00
3	7	0.00	0.16	25.45	41.60	0.00
Core	CPU	C1%	C3%	C6%	C8%	C9%
-	-	0.02	3.12	16.41	17.03	0.00
0	0	0.12	18.65	9.57	2.38	0.00
0	4	0.00	5.05	17.26	13.93	0.00
1	1	0.00	0.26	16.82	19.96	0.00
1	5	0.00	0.14	15.90	13.82	0.00
2	2	0.01	0.19	18.82	27.04	0.00
2	6	0.01	0.12	16.27	21.82	0.00
3	3	0.01	0.38	17.15	18.33	0.00
3	7	0.01	0.16	19.52	18.97	0.00
Core	CPU	C1%	C3%	C6%	C8%	C9%
-	-	0.05	3.61	19.85	17.19	0.07
0	0	0.00	2.07	23.89	16.71	0.00
0	4	0.21	21.63	9.13	2.80	0.00
1	1	0.00	0.23	22.82	14.49	0.00
1	5	0.00	0.18	20.67	14.86	0.00
2	2	0.00	0.16	18.98	27.30	0.00
2	6	0.00	0.30	19.27	20.72	0.00
3	3	0.08	2.20	20.08	17.46	0.58
3	7	0.10	2.10	24.02	23.21	0.00
Core	CPU	C1%	C3%	C6%	C8%	C9%
-	-	0.13	3.95	22.06	23.56	0.16
0	0	0.16	11.58	18.75	10.99	0.00
0	4	0.19	7.78	22.14	22.29	0.00
1	1	0.00	0.27	22.87	29.50	1.30
1	5	0.00	0.27	22.65	38.35	0.00
2	2	0.67	10.78	16.61	18.87	0.00
2	6	0.00	0.27	22.42	21.61	0.00
3	3	0.00	0.36	25.76	24.11	0.00
3	7	0.00	0.28	25.31	22.73	0.00
Core	CPU	C1%	C3%	C6%	C8%	C9%
-	-	0.08	3.91	21.95	23.24	0.01
0	0	0.01	3.11	24.66	11.36	0.00
0	4	0.31	24.87	9.30	7.99	0.00
1	1	0.00	0.25	22.15	43.43	0.00
1	5	0.18	1.83	21.88	29.59	0.00
2	2	0.02	0.25	22.83	24.01	0.00
2	6	0.00	0.27	22.62	20.77	0.06
3	3	0.08	0.33	25.34	25.17	0.00
3	7	0.00	0.37	26.84	23.62	0.00
Core	CPU	C1%	C3%	C6%	C8%	C9%
-	-	0.09	3.68	20.95	23.03	0.05
0	0	0.01	4.96	24.74	28.17	0.00
0	4	0.01	3.50	21.14	20.81	0.00
1	1	0.35	7.00	18.60	19.38	0.00
1	5	0.37	11.92	16.21	14.41	0.00
2	2	0.01	0.14	19.29	22.88	0.00
2	6	0.00	0.23	21.02	32.08	0.00
3	3	0.00	0.32	22.77	23.70	0.00
3	7	0.00	1.42	23.84	22.80	0.41
Core	CPU	C1%	C3%	C6%	C8%	C9%
-	-	0.02	2.77	14.62	15.10	0.03
0	0	0.10	14.17	10.98	3.28	0.00
0	4	0.01	6.47	13.62	13.79	0.00
1	1	0.00	0.25	14.40	10.67	0.00
1	5	0.00	0.19	15.59	17.11	0.00
2	2	0.00	0.20	13.31	13.66	0.00
2	6	0.00	0.25	15.38	19.08	0.00
3	3	0.01	0.33	15.67	19.65	0.00
3	7	0.01	0.31	18.01	23.57	0.24
Core	CPU	C1%	C3%	C6%	C8%	C9%
-	-	0.14	4.03	21.70	21.65	0.13
0	0	0.00	1.97	25.53	13.64	0.94
0	4	0.12	16.93	12.96	9.55	0.00
1	1	0.12	0.28	21.86	25.31	0.00
1	5	0.01	0.25	22.28	30.37	0.00
2	2	0.00	0.14	19.70	19.22	0.00
2	6	0.85	10.00	17.75	24.53	0.06
3	3	0.01	0.24	24.22	29.20	0.00
3	7	0.01	2.42	29.26	21.32	0.03
Core	CPU	C1%	C3%	C6%	C8%	C9%
-	-	0.09	3.91	20.86	22.27	0.01
0	0	0.00	2.71	26.43	24.93	0.00
0	4	0.16	10.65	17.44	11.50	0.08
1	1	0.00	1.28	20.41	25.83	0.00
1	5	0.01	0.17	22.37	29.00	0.00
2	2	0.47	14.39	13.63	14.36	0.00
2	6	0.00	0.19	20.98	21.93	0.00
3	3	0.05	0.32	22.64	25.73	0.00
3	7	0.00	1.60	23.09	24.96	0.00
Core	CPU	C1%	C3%	C6%	C8%	C9%
-	-	0.13	3.77	21.55	23.90	0.12
0	0	0.01	1.38	26.92	16.97	0.00
0	4	0.00	4.13	21.71	19.49	0.00
1	1	0.00	0.20	22.99	34.31	0.00
1	5	0.01	0.17	22.86	25.85	0.00
2	2	0.33	5.69	17.47	22.91	0.00
2	6	0.72	18.11	12.63	8.13	0.00
3	3	0.01	0.19	23.11	27.01	0.96
3	7	0.00	0.32	24.62	36.46	0.00
Core	CPU	C1%	C3%	C6%	C8%	C9%
-	-	0.02	3.70	22.23	21.85	0.01
0	0	0.00	4.36	25.03	18.53	0.00
0	4	0.01	18.54	14.65	8.72	0.00
1	1	0.00	0.12	22.27	32.04	0.00
1	5	0.00	0.13	22.35	19.78	0.00
2	2	0.00	2.60	24.56	17.83	0.00
2	6	0.14	3.38	22.27	16.90	0.06
3	3	0.01	0.14	21.85	24.22	0.00
3	7	0.00	0.34	24.88	36.79	0.00
Core	CPU	C1%	C3%	C6%	C8%	C9%
-	-	0.16	2.98	17.06	18.36	0.01
0	0	0.00	10.13	13.07	12.11	0.00
0	4	0.00	0.22	17.47	16.81	0.00
1	1	0.00	0.28	18.42	23.26	0.00
1	5	0.00	0.18	20.03	20.58	0.00
2	2	0.32	2.60	16.36	13.15	0.00
2	6	0.84	9.75	13.14	12.63	0.00
3	3	0.11	0.18	18.02	18.95	0.00
3	7	0.01	0.52	20.28	29.70	0.09
Core	CPU	C1%	C3%	C6%	C8%	C9%
-	-	0.04	4.00	22.57	21.34	0.05
0	0	0.01	6.45	27.06	18.59	0.00
0	4	0.01	20.94	13.45	9.07	0.00
1	1	0.00	0.22	21.29	28.99	0.38
1	5	0.00	0.19	21.08	24.14	0.00
2	2	0.13	0.47	24.35	21.92	0.00
2	6	0.19	1.98	21.27	24.49	0.00
3	3	0.00	0.37	24.70	23.27	0.00
3	7	0.00	1.33	27.08	20.03	0.00
Core	CPU	C1%	C3%	C6%	C8%	C9%
-	-	0.10	3.91	22.36	23.61	0.17
0	0	0.03	23.07	13.57	3.15	0.00
0	4	0.35	3.47	21.61	18.86	0.00
1	1	0.00	0.23	22.22	30.15	0.00
1	5	0.00	0.21	24.35	24.58	0.00
2	2	0.00	0.26	25.81	25.67	0.00
2	6	0.31	3.48	20.34	32.25	0.00
3	3	0.07	0.21	24.62	22.02	1.31
3	7	0.00	0.28	26.28	32.16	0.03
Core	CPU	C1%	C3%	C6%	C8%	C9%
-	-	0.11	3.74	22.45	21.53	0.13
0	0	0.00	10.32	21.46	7.58	0.00
0	4	0.00	0.14	24.18	34.05	0.00
1	1	0.00	0.73	23.72	21.43	0.00
1	5	0.00	0.21	23.24	21.23	0.00
2	2	0.83	16.63	14.40	6.73	0.00
2	6	0.03	1.44	23.11	22.08	0.00
3	3	0.01	0.24	25.41	40.23	0.00
3	7	0.00	0.26	24.29	19.04	1.01
Core	CPU	C1%	C3%	C6%	C8%	C9%
-	-	0.08	3.64	21.63	20.95	0.14
0	0	0.00	3.66	23.80	13.36	0.17
0	4	0.01	5.28	19.31	30.25	0.00
1	1	0.25	6.93	18.93	14.15	0.00
1	5	0.02	1.92	23.89	26.71	0.49
2	2	0.08	5.52	20.04	17.91	0.00
2	6	0.28	5.10	18.88	20.07	0.46
3	3	0.00	0.31	23.70	20.00	0.00
3	7	0.00	0.34	24.33	25.00	0.03
Core	CPU	C1%	C3%	C6%	C8%	C9%
-	-	0.04	3.34	14.69	15.88	0.19
0	0	0.01	15.54	12.29	4.41	0.00
0	4	0.07	3.95	14.06	11.67	0.00
1	1	0.00	0.12	14.15	13.50	0.00
1	5	0.00	0.16	13.62	12.49	0.00
2	2	0.17	4.69	13.81	19.04	0.00
2	6	0.01	0.11	15.75	36.34	0.00
3	3	0.08	0.23	16.33	14.73	0.00
3	7	0.00	1.97	17.64	14.98	1.49
Core	CPU	C1%	C3%	C6%	C8%	C9%
-	-	0.11	3.77	20.72	22.61	0.72
0	0	0.01	0.31	27.46	16.09	3.19
0	4	0.00	0.16	24.10	46.11	0.00
1	1	0.14	2.14	20.42	21.23	1.42
1	5	0.40	8.44	18.18	20.08	0.00
2	2	0.07	2.92	19.07	17.14	0.00
2	6	0.00	0.13	21.09	21.98	0.00
3	3	0.24	15.84	13.68	13.16	1.13
3	7	0.01	0.23	21.60	24.88	0.00
Core	CPU	C1%	C3%	C6%	C8%	C9%
-	-	0.17	2.69	19.73	18.22	0.13
0	0	0.00	0.39	21.51	9.13	1.01
0	4	0.00	0.10	20.12	23.90	0.00
1	1	0.40	6.17	15.61	13.56	0.00
1	5	0.01	1.21	19.57	24.73	0.00
2	2	0.53	8.16	17.60	14.13	0.00
2	6	0.42	5.15	18.26	16.03	0.00
3	3	0.00	0.15	23.27	25.18	0.00
3	7	0.00	0.21	21.92	19.14	0.00
Core	CPU	C1%	C3%	C6%	C8%	C9%
-	-	0.48	3.62	22.89	21.84	0.00
0	0	0.00	0.43	27.51	16.47	0.02
0	4	0.00	0.31	25.62	21.52	0.00
1	1	0.79	0.24	24.05	19.91	0.00
1	5	0.00	0.26	23.00	44.03	0.00
2	2	1.16	10.70	17.79	16.48	0.00
2	6	1.87	16.42	14.31	7.94	0.00
3	3	0.00	0.27	24.48	23.63	0.00
3	7	0.01	0.33	26.31	24.74	0.00
Core	CPU	C1%	C3%	C6%	C8%	C9%
-	-	0.39	3.79	21.61	20.98	0.00
0	0	0.00	0.26	26.84	15.34	0.00
0	4	0.04	0.24	22.21	17.94	0.00
1	1	0.00	0.28	21.96	21.04	0.00
1	5	0.17	0.12	22.33	32.03	0.00
2	2	0.44	5.55	22.53	19.40	0.00
2	6	2.15	16.34	11.64	9.00	0.00
3	3	0.34	7.34	20.41	27.93	0.00
3	7	0.00	0.22	25.00	25.22	0.03
Core	CPU	C1%	C3%	C6%	C8%	C9%
-	-	0.13	2.21	24.25	24.71	0.01
0	0	0.01	1.64	28.45	15.95	0.08
0	4	0.02	2.63	21.39	28.16	0.00
1	1	0.55	6.67	20.08	19.13	0.00
1	5	0.43	5.82	18.66	18.71	0.00
2	2	0.00	0.35	27.37	41.11	0.00
2	6	0.00	0.26	25.13	22.09	0.00
3	3	0.00	0.17	25.55	28.06	0.00
3	7	0.00	0.14	27.39	24.44	0.00
Core	CPU	C1%	C3%	C6%	C8%	C9%
-	-	0.13	3.42	22.27	22.21	0.02
0	0	0.00	3.69	27.82	23.72	0.00
0	4	0.00	0.85	22.82	18.71	0.00
1	1	0.15	0.14	20.61	25.31	0.00
1	5	0.08	2.34	21.25	18.65	0.00
2	2	0.28	5.66	22.74	35.39	0.00
2	6	0.00	0.17	21.08	18.70	0.05
3	3	0.50	13.09	14.88	9.75	0.09
3	7	0.00	1.37	26.91	27.40	0.00
Core	CPU	C1%	C3%	C6%	C8%	C9%
-	-	0.09	3.81	21.51	22.33	0.00
0	0	0.02	18.50	14.88	3.00	0.00
0	4	0.00	1.11	22.69	23.24	0.00
1	1	0.01	0.21	24.43	31.24	0.00
1	5	0.41	10.02	16.03	13.77	0.00
2	2	0.22	0.19	23.48	30.88	0.00
2	6	0.01	0.14	22.83	26.91	0.00
3	3	0.00	0.18	26.57	27.58	0.00
3	7	0.00	0.15	21.21	22.05	0.00
Core	CPU	C1%	C3%	C6%	C8%	C9%
-	-	0.03	3.74	20.11	22.14	0.01
0	0	0.01	2.89	27.31	18.50	0.00
0	4	0.17	25.33	9.21	4.18	0.00
1	1	0.00	0.10	18.17	23.60	0.00
1	5	0.01	0.09	19.89	40.48	0.00
2	2	0.00	0.11	21.74	20.84	0.00
2	6	0.01	0.05	21.96	22.94	0.06
3	3	0.01	0.09	20.65	22.30	0.00
3	7	0.01	1.30	21.95	24.31	0.00
Core	CPU	C1%	C3%	C6%	C8%	C9%
-	-	0.05	3.88	20.79	24.07	0.00
0	0	0.04	25.10	11.86	7.11	0.00
0	4	0.01	0.25	23.51	22.16	0.00
1	1	0.00	0.22	22.60	24.09	0.00
1	5	0.19	3.37	17.66	28.60	0.00
2	2	0.00	0.24	20.41	35.92	0.00
2	6	0.00	0.28	23.30	26.27	0.00
3	3	0.00	0.20	23.31	22.92	0.00
3	7	0.13	1.42	23.66	25.49	0.00
Core	CPU	C1%	C3%	C6%	C8%	C9%
-	-	0.12	2.27	25.53	22.60	0.01
0	0	0.03	9.71	24.83	16.43	0.00
0	4	0.14	0.15	25.52	21.58	0.00
1	1	0.35	2.81	21.82	15.43	0.00
1	5	0.37	2.40	24.19	14.34	0.00
2	2	0.05	0.19	27.93	35.02	0.00
2	6	0.00	0.23	25.35	34.22	0.06
3	3	0.01	2.38	25.96	22.20	0.00
3	7	0.00	0.29	28.62	21.54	0.00
Core	CPU	C1%	C3%	C6%	C8%	C9%
-	-	0.08	3.48	22.35	24.22	0.03
0	0	0.01	1.48	32.00	15.67	0.00
0	4	0.00	4.20	19.17	23.30	0.00
1	1	0.33	6.65	17.50	21.03	0.11
1	5	0.04	0.81	23.44	37.35	0.00
2	2	0.00	0.14	22.68	25.72	0.00
2	6	0.00	0.22	23.83	30.18	0.05
3	3	0.29	14.17	16.16	12.40	0.06
3	7	0.00	0.19	24.04	28.11	0.00
Core	CPU	C1%	C3%	C6%	C8%	C9%
-	-	0.05	3.03	19.87	20.32	0.09
0	0	0.01	5.11	22.22	11.18	0.04
0	4	0.21	13.00	13.94	12.63	0.70
1	1	0.20	4.35	18.55	23.64	0.00
1	5	0.00	0.10	19.39	35.82	0.00
2	2	0.00	0.08	21.38	20.58	0.00
2	6	0.00	0.16	20.92	25.12	0.00
3	3	0.00	0.12	19.78	17.82	0.00
3	7	0.00	1.36	22.81	15.76	0.00
Core	CPU	C1%	C3%	C6%	C8%	C9%
-	-	0.06	3.74	23.58	21.48	0.01
0	0	0.01	6.48	25.14	13.24	0.00
0	4	0.49	21.57	10.95	6.26	0.00
1	1	0.00	0.33	24.52	22.24	0.00
1	5	0.00	0.33	24.26	32.10	0.00
2	2	0.00	0.30	24.88	20.37	0.00
2	6	0.01	0.27	23.12	25.21	0.05
3	3	0.00	0.33	27.75	19.86	0.00
3	7	0.00	0.34	27.95	32.51	0.00
Core	CPU	C1%	C3%	C6%	C8%	C9%
-	-	0.16	3.92	21.76	23.38	0.00
0	0	0.22	14.73	17.54	6.24	0.00
0	4	0.21	12.98	17.02	15.32	0.00
1	1	0.27	2.18	21.93	29.89	0.00
1	5	0.56	0.14	22.28	29.13	0.00
2	2	0.00	0.21	23.45	30.59	0.00
2	6	0.01	0.18	23.10	19.52	0.00
3	3	0.00	0.24	23.91	28.05	0.00
3	7	0.00	0.70	24.89	28.32	0.00
Core	CPU	C1%	C3%	C6%	C8%	C9%
-	-	0.08	2.10	25.94	25.33	0.00
0	0	0.01	6.12	26.76	18.26	0.00
0	4	0.09	1.12	27.55	22.56	0.00
1	1	0.00	0.60	24.89	25.45	0.00
1	5	0.00	0.16	23.85	34.98	0.00
2	2	0.00	0.12	29.71	30.39	0.00
2	6	0.00	0.10	27.25	26.62	0.00
3	3	0.53	8.05	18.56	19.22	0.00
3	7	0.00	0.56	28.94	25.14	0.00
Core	CPU	C1%	C3%	C6%	C8%	C9%
-	-	0.09	3.66	22.08	23.00	0.02
0	0	0.01	0.90	25.58	14.86	0.00
0	4	0.00	0.12	23.59	23.70	0.00
1	1	0.12	8.45	15.77	19.59	0.00
1	5	0.15	2.14	23.69	25.99	0.14
2	2	0.01	0.21	24.99	33.91	0.00
2	6	0.41	16.28	14.00	15.15	0.05
3	3	0.01	0.93	25.46	26.14	0.00
3	7	0.01	0.26	23.71	24.90	0.00
Core	CPU	C1%	C3%	C6%	C8%	C9%
-	-	0.16	3.77	20.64	23.45	0.26
0	0	0.01	0.28	24.39	15.65	1.39
0	4	0.00	0.18	20.96	30.87	0.00
1	1	0.00	0.25	21.56	27.28	0.00
1	5	0.70	16.10	13.43	8.56	0.58
2	2	0.28	6.08	20.18	31.65	0.00
2	6	0.25	6.78	18.36	17.26	0.00
3	3	0.00	0.20	23.92	23.07	0.12
3	7	0.01	0.26	22.12	33.07	0.00
Core	CPU	C1%	C3%	C6%	C8%	C9%
-	-	0.10	3.61	21.18	23.11	0.11
0	0	0.02	12.26	19.36	11.48	0.00
0	4	0.00	0.23	21.91	22.98	0.00
1	1	0.00	0.12	22.12	26.96	0.00
1	5	0.00	0.87	22.98	30.54	0.00
2	2	0.62	12.48	14.52	12.73	0.00
2	6	0.12	2.28	23.88	27.73	0.00
3	3	0.00	0.32	20.93	27.01	0.00
3	7	0.00	0.28	23.75	25.45	0.89
Core	CPU	C1%	C3%	C6%	C8%	C9%
-	-	0.07	3.94	19.02	21.55	0.31
0	0	0.01	11.45	18.49	6.77	0.00
0	4	0.00	1.21	20.43	20.31	0.00
1	1	0.00	0.17	19.68	22.85	0.00
1	5	0.00	0.17	19.44	40.31	0.00
2	2	0.15	5.62	19.25	17.67	0.00
2	6	0.41	12.67	14.25	20.57	0.00
3	3	0.00	0.15	19.13	20.32	2.47
3	7	0.00	0.14	21.60	23.74	0.00
Core	CPU	C1%	C3%	C6%	C8%	C9%
-	-	0.13	3.17	16.63	14.32	0.01
0	0	0.00	0.20	18.00	7.67	0.00
0	4	0.00	0.11	15.36	9.56	0.00
1	1	0.27	5.34	15.70	15.32	0.00
1	5	0.62	15.68	9.81	14.34	0.00
2	2	0.00	0.15	17.30	20.27	0.00
2	6	0.14	3.36	15.85	9.91	0.11
3	3	0.00	0.30	20.82	21.52	0.00
3	7	0.00	0.16	20.08	15.90	0.00
Core	CPU	C1%	C3%	C6%	C8%	C9%
-	-	0.09	3.91	20.81	22.61	0.01
0	0	0.01	13.02	18.76	8.12	0.01
0	4	0.00	2.55	24.17	24.44	0.00
1	1	0.70	12.06	15.84	17.76	0.00
1	5	0.01	0.30	20.46	24.22	0.00
2	2	0.00	0.19	21.39	24.78	0.00
2	6	0.00	0.19	20.53	25.42	0.05
3	3	0.00	0.63	22.29	33.31	0.00
3	7	0.00	2.37	23.02	22.87	0.00
Core	CPU	C1%	C3%	C6%	C8%	C9%
-	-	0.04	3.90	21.45	22.90	0.00
0	0	0.04	28.11	8.94	0.90	0.00
0	4	0.00	1.24	24.08	22.49	0.00
1	1	0.00	0.14	24.78	41.87	0.00
1	5	0.00	0.15	22.45	17.96	0.00
2	2	0.00	0.13	21.66	26.71	0.00
2	6	0.00	0.09	23.19	20.89	0.00
3	3	0.27	1.09	24.02	27.22	0.00
3	7	0.00	0.24	22.52	25.16	0.02
Core	CPU	C1%	C3%	C6%	C8%	C9%
-	-	0.05	3.59	22.56	22.76	0.00
0	0	0.01	17.58	19.50	8.72	0.00
0	4	0.01	3.28	23.58	19.30	0.00
1	1	0.00	0.23	26.38	29.19	0.00
1	5	0.01	0.22	22.04	25.71	0.00
2	2	0.01	3.25	18.28	17.55	0.00
2	6	0.25	3.80	18.35	14.19	0.00
3	3	0.10	0.14	28.04	41.58	0.00
3	7	0.00	0.18	24.31	25.87	0.00
Core	CPU	C1%	C3%	C6%	C8%	C9%
-	-	0.04	3.67	21.71	22.16	0.30
0	0	0.01	15.47	19.43	5.72	1.40
0	4	0.00	0.14	24.00	22.16	0.00
1	1	0.07	2.27	23.61	27.64	0.00
1	5	0.00	2.21	22.51	34.67	0.99
2	2	0.25	6.72	18.40	18.70	0.00
2	6	0.00	1.10	20.95	21.80	0.00
3	3	0.00	0.18	23.50	26.37	0.00
3	7	0.00	1.27	21.41	20.28	0.00
Core	CPU	C1%	C3%	C6%	C8%	C9%
-	-	0.09	2.09	26.34	24.97	0.00
0	0	0.01	5.57	26.31	13.19	0.00
0	4	0.10	5.85	24.73	20.40	0.00
1	1	0.18	0.53	27.33	42.42	0.00
1	5	0.23	0.74	24.77	20.51	0.01
2	2	0.08	1.08	27.13	32.19	0.00
2	6	0.01	0.45	26.51	23.60	0.00
3	3	0.09	2.16	24.82	22.05	0.00
3	7	0.01	0.28	29.01	25.28	0.00
Core	CPU	C1%	C3%	C6%	C8%	C9%
-	-	0.11	2.76	19.48	17.46	0.00
0	0	0.02	2.51	22.48	21.76	0.00
0	4	0.00	0.09	16.53	17.26	0.00
1	1	0.08	1.30	22.31	27.92	0.00
1	5	0.00	0.06	18.45	15.41	0.00
2	2	0.55	13.40	13.63	5.35	0.00
2	6	0.23	4.56	20.02	13.95	0.00
3	3	0.00	0.08	19.08	19.93	0.00
3	7	0.00	0.10	23.34	18.11	0.00
Core	CPU	C1%	C3%	C6%	C8%	C9%
-	-	0.21	3.79	21.21	22.85	0.00
0	0	0.37	15.30	15.48	5.37	0.00
0	4	0.00	2.47	23.21	23.75	0.00
1	1	0.00	0.19	25.76	23.04	0.00
1	5	0.00	0.13	23.56	21.67	0.00
2	2	0.00	0.89	22.44	48.06	0.00
2	6	0.62	4.20	16.18	14.01	0.00
3	3	0.71	7.02	19.56	26.09	0.00
3	7	0.01	0.11	23.47	20.79	0.00
Core	CPU	C1%	C3%	C6%	C8%	C9%
-	-	0.33	3.68	23.31	20.52	0.00
0	0	0.00	0.29	28.27	12.49	0.00
0	4	0.08	0.34	24.83	17.71	0.00
1	1	0.00	1.24	24.98	41.82	0.00
1	5	0.00	0.28	24.27	19.19	0.00
2	2	0.70	11.21	18.26	16.44	0.00
2	6	1.81	15.48	11.66	7.92	0.00
3	3	0.01	0.29	26.98	23.32	0.00
3	7	0.00	0.28	27.41	25.42	0.00
Core	CPU	C1%	C3%	C6%	C8%	C9%
-	-	0.06	3.66	21.00	24.08	0.00
0	0	0.01	18.27	15.25	5.77	0.00
0	4	0.01	0.13	21.66	32.57	0.00
1	1	0.07	3.64	20.79	29.68	0.00
1	5	0.00	0.20	21.51	19.93	0.00
2	2	0.09	1.20	22.30	22.83	0.00
2	6	0.19	2.99	20.27	20.04	0.00
3	3	0.00	0.16	22.50	36.85	0.00
3	7	0.14	2.61	23.58	24.80	0.00
Core	CPU	C1%	C3%	C6%	C8%	C9%
-	-	0.02	3.29	16.53	16.04	0.00
0	0	0.01	16.16	11.51	3.46	0.00
0	4	0.11	6.14	13.64	17.19	0.00
1	1	0.01	1.19	17.97	16.68	0.00
1	5	0.01	0.13	16.74	27.15	0.00
2	2	0.00	0.19	18.39	17.00	0.00
2	6	0.00	0.12	17.25	14.08	0.00
3	3	0.00	0.09	19.79	18.04	0.00
3	7	0.01	2.33	17.04	14.74	0.00
Core	CPU	C1%	C3%	C6%	C8%	C9%
-	-	0.05	3.85	22.38	22.52	0.00
0	0	0.02	17.96	17.07	4.73	0.00
0	4	0.00	0.32	23.10	23.30	0.00
1	1	0.09	3.63	21.72	20.78	0.01
1	5	0.26	6.40	18.10	29.02	0.00
2	2	0.00	0.23	26.60	24.46	0.00
2	6	0.00	0.25	24.40	28.52	0.00
3	3	0.00	1.89	22.87	20.88	0.00
3	7	0.00	0.12	25.43	28.76	0.00
Core	CPU	C1%	C3%	C6%	C8%	C9%
-	-	0.02	4.05	20.91	23.21	0.00
0	0	0.02	19.60	17.01	6.53	0.00
0	4	0.00	9.09	18.92	19.78	0.00
1	1	0.06	2.12	20.20	22.81	0.00
1	5	0.00	0.09	21.23	26.45	0.00
2	2	0.00	0.09	20.79	22.22	0.00
2	6	0.00	0.21	23.05	34.99	0.00
3	3	0.00	0.89	23.54	31.56	0.00
3	7	0.11	0.21	22.26	20.99	0.00
Core	CPU	C1%	C3%	C6%	C8%	C9%
-	-	0.12	3.50	22.93	23.06	0.03
0	0	0.00	9.19	22.19	6.92	0.00
0	4	0.01	1.20	23.13	24.32	0.00
1	1	0.27	3.18	21.63	19.14	0.00
1	5	0.52	9.60	20.61	15.44	0.00
2	2	0.16	2.35	24.48	28.64	0.00
2	6	0.00	0.36	25.64	24.23	0.00
3	3	0.00	0.23	22.10	43.37	0.11
3	7	0.00	1.86	23.69	22.45	0.12
Core	CPU	C1%	C3%	C6%	C8%	C9%
-	-	0.07	3.72	22.42	23.30	0.01
0	0	0.02	14.72	18.95	11.69	0.00
0	4	0.09	7.03	21.32	17.80	0.00
1	1	0.00	0.12	22.98	31.29	0.00
1	5	0.10	0.18	22.48	20.10	0.00
2	2	0.07	2.28	24.93	21.91	0.00
2	6	0.00	0.27	23.22	27.94	0.00
3	3	0.14	2.60	21.65	30.20	0.00
3	7	0.13	2.53	23.79	25.44	0.09
Core	CPU	C1%	C3%	C6%	C8%	C9%
-	-	0.04	3.11	16.55	16.94	0.02
0	0	0.00	2.35	20.01	10.86	0.00
0	4	0.01	12.25	11.12	6.45	0.05
1	1	0.20	8.38	14.89	12.18	0.00
1	5	0.00	0.09	16.21	19.61	0.00
2	2	0.02	0.18	19.00	28.47	0.00
2	6	0.00	0.28	17.39	26.50	0.08
3	3	0.10	0.17	17.82	15.10	0.00
3	7	0.00	1.21	15.94	16.37	0.00
Core	CPU	C1%	C3%	C6%	C8%	C9%
-	-	0.12	3.77	22.43	22.91	0.24
0	0	0.01	5.73	25.83	20.92	0.51
0	4	0.01	0.11	22.66	20.63	0.00
1	1	0.56	14.18	15.68	10.20	0.00
1	5	0.06	2.82	26.04	24.05	0.00
2	2	0.17	5.22	19.82	24.31	0.08
2	6	0.00	0.22	23.66	25.75	1.36
3	3	0.14	1.73	22.39	34.90	0.00
3	7	0.00	0.16	23.35	22.50	0.00
Core	CPU	C1%	C3%	C6%	C8%	C9%
-	-	0.03	3.79	21.09	22.51	0.18
0	0	0.01	13.98	18.67	13.45	1.39
0	4	0.00	3.40	21.98	17.71	0.00
1	1	0.00	1.44	20.39	19.33	0.00
1	5	0.00	0.18	20.67	21.78	0.00
2	2	0.09	5.07	19.37	18.68	0.00
2	6	0.16	4.68	21.56	38.44	0.06
3	3	0.00	0.23	23.07	23.56	0.00
3	7	0.00	1.36	23.05	27.20	0.00
Core	CPU	C1%	C3%	C6%	C8%	C9%
-	-	0.02	3.79	23.50	22.46	0.14
0	0	0.00	1.73	30.29	12.61	0.00
0	4	0.08	23.22	10.84	4.65	0.00
1	1	0.01	0.24	26.01	36.04	0.00
1	5	0.09	2.51	24.31	20.49	0.00
2	2	0.00	0.24	24.44	25.53	0.00
2	6	0.00	0.42	23.45	22.89	0.00
3	3	0.01	0.26	25.80	33.83	0.00
3	7	0.00	1.69	23.10	23.90	1.12
Core	CPU	C1%	C3%	C6%	C8%	C9%
-	-	0.03	3.96	20.55	23.11	0.00
0	0	0.01	5.88	24.23	12.69	0.00
0	4	0.02	20.64	11.19	9.22	0.00
1	1	0.20	3.24	20.13	23.03	0.00
1	5	0.01	1.18	22.63	34.37	0.00
2	2	0.00	0.19	20.67	32.50	0.00
2	6	0.00	0.10	21.90	22.48	0.00
3	3	0.00	0.20	22.34	23.32	0.00
3	7	0.01	0.19	21.03	27.02	0.00
Core	CPU	C1%	C3%	C6%	C8%	C9%
-	-	0.07	3.10	14.42	16.10	0.09
0	0	0.00	0.49	18.62	15.13	0.00
0	4	0.01	4.29	12.53	14.94	0.00
1	1	0.41	13.94	9.08	4.88	0.69
1	5	0.00	0.23	15.51	29.17	0.00
2	2	0.00	1.04	16.86	16.01	0.00
2	6	0.11	3.05	11.97	10.95	0.00
3	3	0.01	0.38	14.28	12.82	0.00
3	7	0.01	1.41	16.59	24.93	0.00
Core	CPU	C1%	C3%	C6%	C8%	C9%
-	-	0.11	3.40	21.02	22.71	0.48
0	0	0.02	5.48	24.27	20.50	0.00
0	4	0.00	2.31	22.17	21.97	0.00
1	1	0.11	2.40	19.72	20.88	0.00
1	5	0.59	10.20	18.27	13.40	0.00
2	2	0.01	0.12	18.93	28.44	0.00
2	6	0.00	0.15	21.82	34.61	0.06
3	3	0.13	6.27	20.14	17.71	3.74
3	7	0.00	0.23	22.80	24.12	0.00
Core	CPU	C1%	C3%	C6%	C8%	C9%
-	-	0.05	3.61	21.23	23.44	0.00
0	0	0.00	3.26	25.91	13.53	0.01
0	4	0.01	8.32	19.59	17.46	0.00
1	1	0.00	0.15	20.04	25.76	0.00
1	5	0.22	2.65	18.74	31.95	0.00
2	2	0.14	8.71	20.12	20.48	0.00
2	6	0.06	3.42	21.21	29.85	0.00
3	3	0.00	0.94	21.00	26.56	0.00
3	7	0.00	1.46	23.24	21.91	0.00
Core	CPU	C1%	C3%	C6%	C8%	C9%
-	-	0.01	3.93	20.23	23.55	0.00
0	0	0.02	27.46	9.53	0.68	0.00
0	4	0.01	1.63	21.50	21.69	0.00
1	1	0.00	0.32	20.19	29.94	0.00
1	5	0.00	0.21	18.85	31.31	0.00
2	2	0.00	0.23	21.45	21.35	0.00
2	6	0.00	0.31	22.63	35.92	0.00
3	3	0.05	1.03	24.84	24.00	0.00
3	7	0.00	0.22	22.86	23.52	0.00
Core	CPU	C1%	C3%	C6%	C8%	C9%
-	-	0.03	3.75	22.37	23.81	0.04
0	0	0.01	5.87	25.07	11.21	0.00
0	4	0.02	17.07	17.35	10.19	0.03
1	1	0.00	0.19	22.16	20.44	0.00
1	5	0.09	1.73	21.48	35.97	0.00
2	2	0.00	0.13	21.46	33.66	0.00
2	6	0.00	0.13	23.31	28.72	0.00
3	3	0.15	4.75	22.62	21.58	0.00
3	7	0.01	0.17	25.51	28.67	0.33
Core	CPU	C1%	C3%	C6%	C8%	C9%
-	-	0.01	2.97	15.66	18.71	0.01
0	0	0.09	13.90	12.40	5.82	0.04
0	4	0.01	5.62	15.56	12.75	0.00
1	1	0.00	2.06	15.54	18.33	0.00
1	5	0.00	1.51	17.10	17.56	0.00
2	2	0.00	0.24	16.64	33.90	0.00
2	6	0.00	0.11	15.49	15.44	0.00
3	3	0.00	0.13	16.26	27.65	0.00
3	7	0.00	0.17	16.28	18.21	0.00
Core	CPU	C1%	C3%	C6%	C8%	C9%
-	-	0.05	2.92	18.10	18.94	0.04
0	0	0.10	13.95	11.63	5.66	0.18
0	4	0.00	0.29	17.82	23.22	0.00
1	1	0.16	5.61	18.47	14.20	0.00
1	5	0.11	2.57	18.34	19.15	0.00
2	2	0.00	0.20	19.53	35.81	0.00
2	6	0.00	0.16	19.31	22.04	0.07
3	3	0.00	0.41	18.04	17.59	0.00
3	7	0.00	0.19	21.70	13.82	0.10
Core	CPU	C1%	C3%	C6%	C8%	C9%
-	-	0.31	3.66	21.38	24.06	0.08
0	0	0.11	5.37	20.46	11.22	0.61
0	4	0.00	0.37	25.99	23.77	0.00
1	1	1.32	13.44	16.42	15.54	0.03
1	5	1.03	9.20	17.36	16.67	0.00
2	2	0.00	0.22	21.93	18.58	0.00
2	6	0.00	0.21	22.97	44.25	0.04
3	3	0.00	0.18	20.50	35.79	0.00
3	7	0.00	0.31	25.44	26.65	0.00
Core	CPU	C1%	C3%	C6%	C8%	C9%
-	-	0.06	3.70	21.63	24.13	0.00
0	0	0.09	17.91	13.18	8.90	0.00
0	4	0.14	3.90	24.13	20.48	0.00
1	1	0.14	3.89	20.82	24.89	0.00
1	5	0.00	0.19	21.60	26.90	0.00
2	2	0.05	0.27	22.37	43.53	0.00
2	6	0.05	0.22	21.09	18.55	0.00
3	3	0.00	0.90	23.71	21.57	0.00
3	7	0.00	2.30	26.15	28.26	0.00
Core	CPU	C1%	C3%	C6%	C8%	C9%
-	-	0.00	4.04	20.85	21.90	0.01
0	0	0.00	9.51	22.46	8.75	0.00
0	4	0.02	20.31	12.64	7.05	0.00
1	1	0.00	0.25	21.81	21.68	0.00
1	5	0.00	0.40	23.00	23.94	0.00
2	2	0.00	0.18	22.16	27.53	0.00
2	6	0.00	0.21	21.10	42.60	0.05
3	3	0.00	1.27	21.27	22.44	0.00
3	7	0.00	0.18	22.40	21.26	0.00
Core	CPU	C1%	C3%	C6%	C8%	C9%
-	-	0.04	3.16	17.92	17.36	0.00
0	0	0.10	7.64	19.47	7.54	0.00
0	4	0.11	14.73	12.82	7.38	0.00
1	1	0.13	0.23	19.12	19.12	0.00
1	5	0.00	0.24	20.26	27.96	0.00
2	2	0.01	0.19	18.63	22.32	0.00
2	6	0.00	0.21	17.60	22.28	0.00
3	3	0.00	0.29	17.78	16.78	0.00
3	7	0.01	1.75	17.66	15.51	0.00
Core	CPU	C1%	C3%	C6%	C8%	C9%
-	-	0.05	3.58	21.42	22.20	0.04
0	0	0.01	5.98	23.43	22.86	0.00
0	4	0.01	7.24	19.33	13.33	0.00
1	1	0.00	0.12	22.65	25.64	0.00
1	5	0.07	4.57	19.54	24.38	0.00
2	2	0.08	3.15	20.94	28.80	0.35
2	6	0.00	0.25	24.18	21.71	0.00
3	3	0.23	5.92	19.77	19.18	0.00
3	7	0.00	1.45	21.48	21.74	0.00
Core	CPU	C1%	C3%	C6%	C8%	C9%
-	-	0.21	3.54	20.72	21.74	0.04
0	0	0.20	0.27	24.30	8.99	0.00
0	4	0.00	0.17	24.18	23.13	0.00
1	1	0.00	0.16	21.54	21.03	0.00
1	5	0.00	0.17	21.80	42.73	0.00
2	2	0.29	8.02	16.38	21.23	0.33
2	6	0.00	0.19	20.64	22.17	0.00
3	3	1.18	19.22	11.73	10.57	0.00
3	7	0.01	0.14	25.66	24.62	0.00
Core	CPU	C1%	C3%	C6%	C8%	C9%
-	-	0.09	3.54	22.08	22.00	0.01
0	0	0.01	3.04	24.95	10.89	0.00
0	4	0.15	12.51	15.04	13.37	0.05
1	1	0.00	0.16	24.83	43.93	0.00
1	5	0.31	7.31	18.10	27.55	0.00
2	2	0.00	0.17	23.07	21.57	0.00
2	6	0.00	0.19	22.49	18.74	0.00
3	3	0.12	2.32	21.93	19.05	0.00
3	7	0.10	2.55	25.77	20.40	0.00
Core	CPU	C1%	C3%	C6%	C8%	C9%
-	-	0.04	3.88	22.05	21.79	0.00
0	0	0.12	16.03	19.64	6.25	0.00
0	4	0.01	9.12	19.22	26.03	0.00
1	1	0.00	0.23	21.43	22.70	0.00
1	5	0.21	2.43	20.03	21.83	0.00
2	2	0.00	0.29	25.41	30.10	0.00
2	6	0.00	0.19	24.75	22.88	0.00
3	3	0.00	1.41	23.73	25.74	0.00
3	7	0.00	1.37	22.17	18.83	0.00
Core	CPU	C1%	C3%	C6%	C8%	C9%
-	-	0.16	2.35	26.48	24.81	0.13
0	0	0.02	5.41	27.04	13.23	1.01
0	4	0.00	1.35	27.93	30.40	0.00
1	1	0.66	8.08	20.55	13.97	0.00
1	5	0.57	2.67	23.62	28.44	0.00
2	2	0.00	0.20	26.45	27.54	0.00
2	6	0.00	0.28	28.08	26.04	0.00
3	3	0.00	0.20	27.66	30.56	0.00
3	7	0.00	0.59	30.52	28.28	0.00
Core	CPU	C1%	C3%	C6%	C8%	C9%
-	-	0.06	3.52	22.64	22.92	0.13
0	0	0.02	11.34	23.36	15.38	0.00
0	4	0.10	3.56	23.76	24.71	0.00
1	1	0.23	9.32	17.42	19.05	0.00
1	5	0.08	1.42	21.64	23.46	0.00
2	2	0.00	0.24	25.85	21.73	0.00
2	6	0.04	1.30	22.95	25.73	1.05
3	3	0.00	0.91	24.30	26.11	0.00
3	7	0.00	0.11	21.82	27.19	0.00
Core	CPU	C1%	C3%	C6%	C8%	C9%
-	-	0.12	3.74	21.46	21.46	0.18
0	0	0.01	3.02	25.26	13.91	1.40
0	4	0.00	2.49	21.90	23.39	0.00
1	1	0.36	13.49	16.01	10.98	0.00
1	5	0.48	9.12	17.84	21.15	0.00
2	2	0.01	0.13	21.47	24.27	0.00
2	6	0.01	0.07	21.69	19.80	0.00
3	3	0.01	0.23	23.64	35.20	0.00
3	7	0.05	1.39	23.89	23.01	0.00
Core	CPU	C1%	C3%	C6%	C8%	C9%
-	-	0.12	3.65	22.34	22.80	0.01
0	0	0.01	19.75	13.66	11.44	0.00
0	4	0.01	2.37	25.53	31.49	0.00
1	1	0.17	4.50	19.77	26.90	0.05
1	5	0.00	0.17	23.20	23.07	0.00
2	2	0.00	0.36	25.26	18.40	0.00
2	6	0.00	0.14	23.42	25.16	0.00
3	3	0.79	0.15	23.75	21.88	0.00
3	7	0.00	1.77	24.16	24.02	0.00
Core	CPU	C1%	C3%	C6%	C8%	C9%
-	-	0.16	3.85	21.00	21.36	0.11
0	0	0.00	0.24	26.05	18.55	0.81
0	4	0.00	0.19	21.96	22.22	0.00
1	1	1.01	21.98	10.22	7.57	0.00
1	5	0.29	7.52	20.13	16.87	0.00
2	2	0.00	0.25	21.80	24.21	0.00
2	6	0.00	0.21	22.00	29.21	0.07
3	3	0.01	0.19	22.61	22.26	0.00
3	7	0.00	0.24	23.27	30.02	0.00
Core	CPU	C1%	C3%	C6%	C8%	C9%
-	-	0.01	3.02	15.44	16.68	0.41
0	0	0.01	18.27	9.31	2.04	1.21
0	4	0.00	3.58	15.23	16.38	0.00
1	1	0.02	0.16	17.84	27.76	0.00
1	5	0.00	0.15	16.21	21.15	0.00
2	2	0.00	0.12	15.03	14.68	0.00
2	6	0.00	0.13	16.41	19.29	1.00
3	3	0.00	0.09	15.52	16.47	0.00
3	7	0.00	1.64	18.02	15.68	1.11
Core	CPU	C1%	C3%	C6%	C8%	C9%
-	-	0.07	3.65	21.75	21.91	0.06
0	0	0.02	12.88	18.49	9.16	0.00
0	4	0.00	4.99	17.92	13.08	0.52
1	1	0.34	6.97	18.57	32.30	0.00
1	5	0.06	1.64	22.38	23.53	0.00
2	2	0.00	0.30	23.32	21.08	0.00
2	6	0.00	0.27	24.07	22.05	0.00
3	3	0.00	1.87	25.55	26.56	0.00
3	7	0.13	0.25	23.66	27.55	0.00
Core	CPU	C1%	C3%	C6%	C8%	C9%
-	-	0.07	3.89	20.84	23.17	0.01
0	0	0.01	17.34	15.94	7.17	0.01
0	4	0.00	0.27	23.46	19.93	0.00
1	1	0.00	0.31	22.29	25.33	0.00
1	5	0.00	0.23	20.75	40.21	0.00
2	2	0.39	8.88	17.47	16.13	0.00
2	6	0.14	3.40	19.79	18.51	0.06
3	3	0.00	0.23	22.04	20.79	0.00
3	7	0.01	0.46	25.01	37.31	0.00
Core	CPU	C1%	C3%	C6%	C8%	C9%
-	-	0.02	3.63	22.48	22.44	0.19
0	0	0.01	8.87	22.89	13.34	0.05
0	4	0.10	18.78	13.14	9.71	0.00
1	1	0.01	0.15	22.76	20.90	0.00
1	5	0.01	0.14	24.55	34.00	0.00
2	2	0.01	0.43	23.54	26.34	0.00
2	6	0.01	0.13	23.99	24.62	0.07
3	3	0.01	0.24	23.97	27.45	1.29
3	7	0.01	0.27	24.98	23.21	0.10
Core	CPU	C1%	C3%	C6%	C8%	C9%
-	-	0.16	3.85	21.32	23.05	0.00
0	0	0.15	8.06	24.25	11.27	0.00
0	4	0.00	0.26	22.88	24.84	0.00
1	1	0.56	12.32	15.48	14.83	0.00
1	5	0.01	0.19	22.32	36.26	0.00
2	2	0.52	9.04	17.56	18.87	0.00
2	6	0.00	0.20	23.92	31.76	0.00
3	3	0.00	0.41	22.04	28.11	0.00
3	7	0.00	0.32	22.14	18.50	0.00
Core	CPU	C1%	C3%	C6%	C8%	C9%
-	-	0.13	3.35	16.29	17.41	0.02
0	0	0.01	0.19	21.41	16.71	0.10
0	4	0.00	0.08	16.30	16.61	0.00
1	1	0.55	12.93	12.08	10.33	0.00
1	5	0.47	13.12	12.14	15.35	0.04
2	2	0.01	0.14	17.82	26.66	0.00
2	6	0.00	0.15	16.95	18.23	0.00
3	3	0.01	0.10	16.36	18.84	0.00
3	7	0.00	0.11	17.26	16.57	0.00
Core	CPU	C1%	C3%	C6%	C8%	C9%
-	-	0.12	3.66	21.53	21.29	0.15
0	0	0.02	11.08	20.61	6.59	0.00
0	4	0.00	1.15	21.22	27.03	0.00
1	1	0.14	3.26	21.54	19.75	0.00
1	5	0.46	8.94	16.15	13.59	0.00
2	2	0.19	3.53	20.56	20.64	0.00
2	6	0.00	0.19	23.62	42.17	0.00
3	3	0.00	0.16	22.79	21.24	0.00
3	7	0.14	0.96	25.80	19.30	1.19
Core	CPU	C1%	C3%	C6%	C8%	C9%
-	-	0.03	3.84	21.25	21.97	0.01
0	0	0.10	24.32	12.57	2.16	0.00
0	4	0.00	1.25	23.56	28.78	0.00
1	1	0.15	3.26	21.27	20.43	0.00
1	5	0.00	0.13	21.35	27.55	0.00
2	2	0.00	0.15	21.41	19.59	0.00
2	6	0.00	0.15	22.91	32.65	0.06
3	3	0.00	0.14	23.36	23.70	0.00
3	7	0.00	1.35	23.54	20.92	0.00
Core	CPU	C1%	C3%	C6%	C8%	C9%
-	-	0.13	3.66	21.77	21.76	0.00
0	0	0.01	6.03	21.97	12.45	0.00
0	4	0.01	7.80	18.49	18.08	0.00
1	1	0.22	1.34	22.60	32.01	0.00
1	5	0.29	6.54	20.14	27.73	0.00
2	2	0.39	6.76	19.58	18.05	0.00
2	6	0.00	0.22	23.31	21.92	0.00
3	3	0.00	0.22	23.79	23.76	0.00
3	7	0.15	0.39	24.25	20.11	0.00
Core	CPU	C1%	C3%	C6%	C8%	C9%
-	-	0.06	4.08	20.24	22.91	0.14
0	0	0.03	24.76	9.37	2.58	0.71
0	4	0.00	0.21	25.54	46.97	0.00
1	1	0.15	2.88	20.43	19.17	0.44
1	5	0.00	0.27	21.65	25.80	0.00
2	2	0.00	0.17	19.03	18.29	0.00
2	6	0.00	0.13	18.88	24.95	0.00
3	3	0.27	2.92	22.20	26.15	0.00
3	7	0.00	1.26	24.81	19.39	0.00
Core	CPU	C1%	C3%	C6%	C8%	C9%
-	-	0.14	2.52	23.65	23.73	0.04
0	0	0.01	2.16	22.02	9.71	0.00
0	4	0.06	0.14	26.07	23.06	0.00
1	1	0.09	0.80	26.32	30.22	0.00
1	5	0.01	0.13	24.19	24.47	0.31
2	2	0.21	1.66	20.98	24.07	0.00
2	6	0.01	0.24	25.37	41.08	0.00
3	3	0.72	14.83	16.44	14.19	0.00
3	7	0.00	0.23	28.37	23.58	0.00
Core	CPU	C1%	C3%	C6%	C8%	C9%
-	-	0.09	3.46	22.51	21.96	0.01
0	0	0.01	12.27	18.73	9.71	0.00
0	4	0.00	0.29	24.44	38.31	0.00
1	1	0.00	0.37	24.00	22.29	0.00
1	5	0.00	0.33	23.14	18.67	0.00
2	2	0.12	2.46	22.07	22.80	0.00
2	6	0.17	1.00	21.06	21.60	0.06
3	3	0.43	10.39	19.98	17.51	0.00
3	7	0.00	0.49	26.11	24.29	0.00
Core	CPU	C1%	C3%	C6%	C8%	C9%
-	-	0.03	3.68	22.40	22.57	0.00
0	0	0.04	9.98	19.55	7.44	0.03
0	4	0.00	2.57	23.42	26.30	0.00
1	1	0.01	0.21	24.22	25.58	0.00
1	5	0.01	0.22	21.50	22.34	0.00
2	2	0.01	2.39	21.03	21.73	0.00
2	6	0.14	5.18	20.05	34.84	0.00
3	3	0.01	6.85	21.86	19.28	0.00
3	7	0.00	2.05	27.52	23.04	0.00
Core	CPU	C1%	C3%	C6%	C8%	C9%
-	-	0.06	3.68	21.14	23.35	0.00
0	0	0.05	19.04	16.12	4.47	0.00
0	4	0.00	1.52	21.45	21.92	0.00
1	1	0.00	0.28	23.51	24.76	0.00
1	5	0.00	0.19	23.64	28.99	0.00
2	2	0.39	7.88	17.49	18.08	0.00
2	6	0.00	0.21	22.00	36.00	0.00
3	3	0.00	0.22	23.11	30.95	0.00
3	7	0.01	0.20	21.87	21.68	0.00
Core	CPU	C1%	C3%	C6%	C8%	C9%
-	-	0.06	3.82	22.56	22.11	0.00
0	0	0.02	13.07	19.14	8.04	0.00
0	4	0.01	2.38	22.71	20.96	0.00
1	1	0.47	11.48	16.51	12.09	0.03
1	5	0.00	0.25	22.84	24.21	0.00
2	2	0.00	2.55	23.84	22.81	0.00
2	6	0.00	0.20	22.78	36.99	0.00
3	3	0.00	0.22	24.83	24.38	0.00
3	7	0.00	0.37	27.72	27.35	0.00
Core	CPU	C1%	C3%	C6%	C8%	C9%
-	-	0.13	3.36	22.93	22.58	0.01
0	0	0.11	12.61	17.26	8.88	0.00
0	4	0.00	0.15	23.53	24.48	0.00
1	1	0.44	11.08	17.22	11.34	0.00
1	5	0.48	1.96	23.48	25.90	0.00
2	2	0.00	0.24	24.08	52.48	0.00
2	6	0.00	0.18	23.16	23.25	0.06
3	3	0.00	0.24	26.79	19.56	0.01
3	7	0.00	0.45	27.90	14.75	0.00
Core	CPU	C1%	C3%	C6%	C8%	C9%
-	-	0.09	4.09	21.03	23.08	0.00
0	0	0.24	24.24	10.74	2.66	0.00
0	4	0.00	3.66	21.21	20.74	0.00
1	1	0.00	0.21	23.30	26.65	0.00
1	5	0.00	0.23	21.35	26.94	0.00
2	2	0.00	0.97	24.42	28.81	0.00
2	6	0.01	0.18	20.96	26.61	0.00
3	3	0.42	2.92	20.88	26.88	0.00
3	7	0.01	0.30	25.35	25.34	0.00
Core	CPU	C1%	C3%	C6%	C8%	C9%
-	-	0.07	4.03	22.41	23.96	0.01
0	0	0.23	19.70	12.68	3.50	0.00
0	4	0.01	9.10	18.91	17.92	0.00
1	1	0.01	0.25	21.43	30.62	0.00
1	5	0.01	0.29	25.52	30.22	0.00
2	2	0.25	0.26	24.40	25.44	0.00
2	6	0.02	0.24	24.44	22.05	0.05
3	3	0.01	1.10	26.06	29.72	0.00
3	7	0.01	1.30	25.81	32.19	0.00
Core	CPU	C1%	C3%	C6%	C8%	C9%
-	-	0.04	3.80	20.63	21.56	0.10
0	0	0.02	11.53	20.27	7.06	0.00
0	4	0.18	14.42	16.62	14.61	0.00
1	1	0.00	0.17	20.31	23.17	0.00
1	5	0.01	0.15	20.30	30.39	0.00
2	2	0.00	0.20	20.82	31.75	0.80
2	6	0.00	0.17	20.51	19.62	0.00
3	3	0.07	2.33	21.37	22.19	0.00
3	7	0.00	1.45	24.95	23.76	0.00
Core	CPU	C1%	C3%	C6%	C8%	C9%
-	-	0.15	3.59	21.99	24.04	0.20
0	0	0.01	0.92	27.99	29.98	1.39
0	4	0.01	0.21	25.11	21.72	0.00
1	1	0.00	0.25	20.43	26.18	0.10
1	5	0.00	0.25	23.26	24.26	0.00
2	2	0.00	0.98	22.89	25.41	0.00
2	6	0.00	0.21	23.62	40.07	0.06
3	3	1.15	25.16	8.16	1.78	0.05
3	7	0.01	0.70	24.34	22.76	0.00
Core	CPU	C1%	C3%	C6%	C8%	C9%
-	-	0.09	2.44	25.22	23.16	0.00
0	0	0.02	2.16	28.59	15.65	0.00
0	4	0.10	4.16	20.67	18.18	0.00
1	1	0.20	4.51	23.26	28.04	0.00
1	5	0.38	3.83	24.33	26.55	0.00
2	2	0.00	3.65	27.50	25.51	0.00
2	6	0.00	0.23	23.46	20.87	0.00
3	3	0.01	0.77	27.74	25.04	0.00
3	7	0.00	0.23	26.24	25.49	0.00
Core	CPU	C1%	C3%	C6%	C8%	C9%
-	-	0.06	3.63	22.88	22.22	0.15
0	0	0.02	9.94	21.67	10.70	0.45
0	4	0.00	3.83	24.71	20.39	0.00
1	1	0.00	0.22	23.20	27.39	0.00
1	5	0.30	7.70	18.47	21.73	0.00
2	2	0.00	0.21	22.86	22.69	0.61
2	6	0.00	0.27	23.48	27.40	0.06
3	3	0.15	5.52	23.52	28.10	0.00
3	7	0.00	1.35	25.11	19.34	0.12
Core	CPU	C1%	C3%	C6%	C8%	C9%
-	-	0.07	3.79	22.73	23.69	0.21
0	0	0.03	19.17	17.95	4.41	0.05
0	4	0.01	5.15	20.91	19.96	0.00
1	1	0.00	0.22	23.00	33.69	0.00
1	5	0.00	0.16	19.82	19.44	0.11
2	2	0.31	3.38	24.11	27.90	0.25
2	6	0.00	0.31	24.66	24.53	0.00
3	3	0.17	0.39	26.54	34.40	1.29
3	7	0.00	1.55	24.83	25.20	0.00
Core	CPU	C1%	C3%	C6%	C8%	C9%
-	-	0.04	3.71	22.25	23.62	0.00
0	0	0.02	21.91	11.74	3.35	0.00
0	4	0.00	1.24	25.36	32.68	0.00
1	1	0.01	0.10	24.02	28.02	0.00
1	5	0.01	0.08	22.48	27.60	0.00
2	2	0.08	2.76	21.91	33.18	0.00
2	6	0.01	2.38	22.89	20.40	0.00
3	3	0.00	0.11	22.69	22.00	0.00
3	7	0.19	1.12	26.89	21.72	0.00
Core	CPU	C1%	C3%	C6%	C8%	C9%
-	-	0.02	3.50	21.65	25.43	0.01
0	0	0.00	23.16	12.80	1.19	0.00
0	4	0.09	2.65	25.00	23.99	0.00
1	1	0.01	0.68	23.39	30.97	0.00
1	5	0.00	0.18	22.02	23.56	0.00
2	2	0.00	0.22	23.23	40.12	0.00
2	6	0.01	0.13	21.41	24.11	0.07
3	3	0.01	0.71	21.75	24.24	0.00
3	7	0.01	0.30	23.62	35.29	0.00
Core	CPU	C1%	C3%	C6%	C8%	C9%
-	-	0.11	2.27	25.59	22.88	0.08
0	0	0.02	3.94	29.26	17.52	0.60
0	4	0.01	0.20	32.80	22.36	0.00
1	1	0.00	0.32	26.86	25.52	0.00
1	5	0.00	0.23	25.62	21.99	0.00
2	2	0.27	2.05	22.99	24.05	0.00
2	6	0.37	8.39	16.53	13.69	0.07
3	3	0.16	1.19	24.51	25.92	0.00
3	7	0.02	1.82	26.18	32.03	0.00
Core	CPU	C1%	C3%	C6%	C8%	C9%
-	-	0.14	3.70	22.60	22.28	0.00
0	0	0.19	1.38	28.08	16.52	0.02
0	4	0.00	3.47	21.85	20.74	0.00
1	1	0.01	0.19	22.66	27.24	0.00
1	5	0.09	1.09	22.24	21.95	0.00
2	2	0.23	6.55	22.00	21.14	0.00
2	6	0.36	9.63	16.68	17.99	0.00
3	3	0.21	7.07	21.76	29.36	0.00
3	7	0.01	0.19	25.54	23.28	0.00
Core	CPU	C1%	C3%	C6%	C8%	C9%
-	-	0.11	3.42	23.28	22.45	0.02
0	0	0.00	1.21	29.22	19.31	0.00
0	4	0.00	0.22	23.12	15.14	0.00
1	1	0.16	6.73	20.47	28.49	0.00
1	5	0.07	2.36	24.45	23.48	0.00
2	2	0.00	0.22	24.53	28.29	0.01
2	6	0.00	0.22	25.79	33.06	0.07
3	3	0.63	16.01	12.12	9.55	0.10
3	7	0.01	0.38	26.53	22.24	0.00
Core	CPU	C1%	C3%	C6%	C8%	C9%
-	-	0.05	3.91	22.05	24.03	0.03
0	0	0.00	16.95	17.18	10.00	0.17
0	4	0.01	6.83	20.48	25.12	0.00
1	1	0.13	0.30	22.10	35.80	0.00
1	5	0.00	0.21	23.21	23.54	0.00
2	2	0.10	0.18	23.77	26.11	0.00
2	6	0.01	0.25	23.71	25.27	0.06
3	3	0.15	6.25	21.28	23.24	0.00
3	7	0.01	0.28	24.68	23.19	0.00
Core	CPU	C1%	C3%	C6%	C8%	C9%
-	-	0.06	3.30	23.80	24.57	0.03
0	0	0.03	14.34	23.14	5.12	0.00
0	4	0.01	6.37	24.33	16.52	0.00
1	1	0.33	3.11	23.34	37.06	0.22
1	5	0.08	1.86	22.22	26.84	0.00
2	2	0.00	0.15	25.06	32.25	0.00
2	6	0.00	0.19	22.77	29.23	0.00
3	3	0.01	0.20	24.50	25.58	0.00
3	7	0.00	0.18	25.02	23.99	0.02
Core	CPU	C1%	C3%	C6%	C8%	C9%
-	-	0.03	2.27	24.11	24.71	0.01
0	0	0.02	2.01	26.31	8.52	0.00
0	4	0.02	14.88	12.32	5.52	0.00
1	1	0.00	0.18	26.40	33.31	0.00
1	5	0.00	0.22	23.26	24.57	0.00
2	2	0.00	0.21	23.56	26.38	0.00
2	6	0.00	0.14	26.82	30.90	0.06
3	3	0.20	0.21	25.50	36.47	0.00
3	7	0.00	0.30	28.76	32.04	0.00
Core	CPU	C1%	C3%	C6%	C8%	C9%
-	-	0.02	3.99	21.65	21.94	0.03
0	0	0.01	0.28	29.87	19.90	0.00
0	4	0.02	29.56	7.26	0.83	0.23
1	1	0.01	0.21	21.07	21.19	0.00
1	5	0.00	0.16	19.82	20.27	0.00
2	2	0.01	0.18	23.23	20.94	0.00
2	6	0.01	0.13	22.80	21.28	0.00
3	3	0.09	1.23	25.20	33.98	0.00
3	7	0.00	0.21	24.10	37.26	0.02
Core	CPU	C1%	C3%	C6%	C8%	C9%
-	-	0.12	3.78	22.28	22.92	0.08
0	0	0.00	10.23	21.46	11.76	0.00
0	4	0.00	0.24	24.25	21.02	0.00
1	1	0.00	1.10	22.51	30.22	0.00
1	5	0.10	0.24	21.86	30.13	0.66
2	2	0.14	0.36	25.69	28.44	0.00
2	6	0.00	0.27	23.65	27.48	0.00
3	3	0.71	16.33	11.96	11.71	0.00
3	7	0.00	1.45	26.64	22.38	0.00
Core	CPU	C1%	C3%	C6%	C8%	C9%
-	-	0.16	3.84	20.52	23.05	0.01
0	0	0.01	1.09	25.45	29.06	0.00
0	4	0.00	0.20	21.70	18.47	0.00
1	1	1.27	28.34	4.10	1.54	0.00
1	5	0.00	0.16	23.47	29.01	0.00
2	2	0.00	0.29	21.71	26.70	0.00
2	6	0.00	0.20	23.03	32.40	0.06
3	3	0.01	0.23	23.03	22.58	0.00
3	7	0.01	0.18	21.67	24.60	0.00
Core	CPU	C1%	C3%	C6%	C8%	C9%
-	-	0.22	3.39	22.51	23.80	0.00
0	0	0.80	6.75	23.42	14.32	0.00
0	4	0.01	1.22	22.82	22.62	0.00
1	1	0.57	13.53	14.35	18.48	0.00
1	5	0.21	2.98	21.88	20.30	0.00
2	2	0.00	0.98	23.79	32.25	0.00
2	6	0.01	0.19	24.46	23.49	0.00
3	3	0.00	0.16	23.74	29.67	0.00
3	7	0.14	1.37	25.73	29.36	0.00
Core	CPU	C1%	C3%	C6%	C8%	C9%
-	-	0.09	2.45	25.35	24.15	0.01
0	0	0.02	8.85	24.76	14.84	0.00
0	4	0.01	3.73	22.53	21.03	0.00
1	1	0.19	1.63	25.38	21.23	0.00
1	5	0.45	4.09	18.70	11.33	0.00
2	2	0.00	0.21	26.62	25.27	0.00
2	6	0.01	0.20	27.84	38.38	0.09
3	3	0.01	0.27	29.35	34.52	0.00
3	7	0.01	0.58	27.47	26.53	0.00
Core	CPU	C1%	C3%	C6%	C8%	C9%
-	-	0.08	3.66	20.71	21.76	0.04
0	0	0.01	1.39	23.44	17.90	0.03
0	4	0.01	1.99	21.13	25.45	0.00
1	1	0.07	3.13	20.08	16.77	0.00
1	5	0.00	0.19	20.22	34.40	0.00
2	2	0.17	7.25	19.99	18.73	0.08
2	6	0.38	13.77	14.84	11.49	0.19
3	3	0.01	0.25	22.39	21.15	0.00
3	7	0.00	1.31	23.61	28.16	0.00
Core	CPU	C1%	C3%	C6%	C8%	C9%
-	-	0.15	3.74	21.79	22.12	0.00
0	0	0.02	14.32	19.89	8.79	0.00
0	4	0.00	1.42	21.59	28.17	0.00
1	1	0.87	11.83	15.61	13.67	0.00
1	5	0.13	0.15	25.30	30.71	0.00
2	2	0.13	0.32	21.21	25.19	0.00
2	6	0.00	0.23	22.24	29.38	0.02
3	3	0.01	0.26	25.17	22.90	0.00
3	7	0.06	1.43	23.26	18.12	0.00
Core	CPU	C1%	C3%	C6%	C8%	C9%
-	-	0.08	3.77	21.90	22.16	0.00
0	0	0.01	9.59	23.40	5.71	0.00
0	4	0.01	3.47	23.14	18.50	0.00
1	1	0.23	2.94	21.27	20.68	0.00
1	5	0.00	0.20	20.57	38.59	0.00
2	2	0.33	10.05	15.04	22.89	0.00
2	6	0.07	2.05	24.86	28.41	0.00
3	3	0.00	0.37	23.42	22.07	0.00
3	7	0.00	1.48	23.48	20.45	0.00
Core	CPU	C1%	C3%	C6%	C8%	C9%
-	-	0.17	3.47	21.17	23.68	0.01
0	0	0.01	6.93	21.75	18.11	0.02
0	4	0.01	0.20	21.53	34.21	0.00
1	1	0.01	0.26	22.68	33.13	0.00
1	5	0.00	0.25	21.90	24.55	0.00
2	2	1.05	18.28	11.91	10.43	0.00
2	6	0.25	1.30	20.75	21.71	0.06
3	3	0.01	0.28	25.79	26.49	0.00
3	7	0.00	0.33	23.36	21.15	0.00
Core	CPU	C1%	C3%	C6%	C8%	C9%
-	-	0.05	2.36	26.12	24.23	0.02
0	0	0.02	8.35	24.60	10.87	0.00
0	4	0.03	7.67	23.21	15.77	0.00
1	1	0.00	0.33	27.44	37.71	0.00
1	5	0.00	0.32	26.35	29.17	0.00
2	2	0.13	0.90	25.22	25.69	0.00
2	6	0.01	0.28	25.80	22.51	0.07
3	3	0.20	0.41	30.21	27.25	0.00
3	7	0.00	0.60	25.71	24.49	0.12
Core	CPU	C1%	C3%	C6%	C8%	C9%
-	-	0.05	3.91	21.52	21.72	0.02
0	0	0.01	11.36	21.07	7.72	0.00
0	4	0.05	11.00	21.10	13.61	0.00
1	1	0.00	0.21	20.68	21.51	0.00
1	5	0.25	4.73	20.63	18.66	0.00
2	2	0.00	0.15	21.28	20.84	0.00
2	6	0.08	3.31	20.69	34.09	0.13
3	3	0.00	0.25	24.04	34.64	0.00
3	7	0.01	0.29	22.70	22.73	0.02
Core	CPU	C1%	C3%	C6%	C8%	C9%
-	-	0.02	3.73	23.18	24.16	0.11
0	0	0.02	9.92	25.09	11.81	0.00
0	4	0.02	15.46	17.30	11.04	0.00
1	1	0.00	0.15	22.85	24.34	0.00
1	5	0.01	0.13	24.67	20.27	0.00
2	2	0.00	0.15	23.21	27.51	0.00
2	6	0.08	2.40	19.79	42.89	0.00
3	3	0.00	0.27	27.10	26.64	0.82
3	7	0.00	1.40	25.75	29.04	0.09
Core	CPU	C1%	C3%	C6%	C8%	C9%
-	-	0.08	3.84	20.59	22.41	0.48
0	0	0.02	10.44	18.50	11.12	1.40
0	4	0.01	2.40	22.54	19.13	0.00
1	1	0.19	5.14	18.59	17.81	0.00
1	5	0.00	0.20	17.49	27.73	0.00
2	2	0.31	7.38	18.23	18.25	0.00
2	6	0.14	4.51	22.12	18.12	0.07
3	3	0.00	0.27	21.95	35.77	2.38
3	7	0.00	0.30	25.11	31.10	0.00
Core	CPU	C1%	C3%	C6%	C8%	C9%
-	-	0.17	3.35	21.50	21.61	0.36
0	0	0.00	2.52	29.11	14.72	2.79
0	4	0.00	0.19	21.85	18.79	0.00
1	1	0.00	2.67	20.71	29.20	0.00
1	5	0.15	2.30	20.90	23.02	0.00
2	2	0.85	13.15	13.57	17.21	0.00
2	6	0.34	5.36	20.77	19.92	0.00
3	3	0.00	0.24	23.29	23.09	0.00
3	7	0.00	0.33	21.76	26.91	0.10
Core	CPU	C1%	C3%	C6%	C8%	C9%
-	-	0.11	2.49	25.34	22.91	0.02
0	0	0.01	3.06	23.54	12.02	0.02
0	4	0.00	1.56	25.41	21.25	0.00
1	1	0.07	1.45	26.80	30.51	0.01
1	5	0.00	0.24	29.31	19.24	0.00
2	2	0.79	11.55	16.56	14.61	0.00
2	6	0.00	1.60	26.63	22.04	0.11
3	3	0.01	0.21	27.95	37.26	0.00
3	7	0.00	0.27	26.62	26.47	0.00
Core	CPU	C1%	C3%	C6%	C8%	C9%
-	-	0.09	3.89	21.60	22.12	0.17
0	0	0.01	10.39	18.66	9.40	1.39
0	4	0.00	1.50	23.95	28.52	0.00
1	1	0.01	0.36	24.09	42.19	0.00
1	5	0.03	0.27	24.66	25.00	0.00
2	2	0.39	12.63	15.78	11.77	0.00
2	6	0.27	5.55	20.08	19.62	0.00
3	3	0.01	0.22	22.78	18.87	0.00
3	7	0.01	0.27	23.00	21.76	0.00
Core	CPU	C1%	C3%	C6%	C8%	C9%
-	-	0.13	3.21	23.08	23.81	0.17
0	0	0.08	2.72	27.43	19.58	1.30
0	4	0.00	0.27	25.70	27.88	0.00
1	1	0.16	6.13	22.82	21.83	0.08
1	5	0.00	0.21	25.66	25.41	0.00
2	2	0.16	3.51	18.44	22.19	0.00
2	6	0.00	0.20	23.04	33.56	0.00
3	3	0.61	11.04	14.34	8.79	0.00
3	7	0.01	1.57	26.82	30.89	0.00
Core	CPU	C1%	C3%	C6%	C8%	C9%
-	-	0.13	3.72	21.85	21.85	0.00
0	0	0.01	2.88	25.96	22.55	0.00
0	4	0.00	0.12	24.85	28.64	0.00
1	1	0.30	7.29	21.05	16.16	0.00
1	5	0.27	3.32	21.15	24.24	0.00
2	2	0.07	2.51	21.24	18.68	0.00
2	6	0.01	0.15	20.55	17.96	0.00
3	3	0.39	12.08	16.55	26.31	0.00
3	7	0.00	1.42	23.45	20.24	0.02
Core	CPU	C1%	C3%	C6%	C8%	C9%
-	-	0.08	3.49	23.26	21.49	0.32
0	0	0.01	8.66	21.39	6.86	0.05
0	4	0.00	3.69	24.58	18.82	0.00
1	1	0.00	0.25	24.94	24.21	0.00
1	5	0.00	0.37	24.09	23.47	0.00
2	2	0.63	13.58	12.98	13.04	0.00
2	6	0.00	0.27	25.36	29.27	0.00
3	3	0.00	0.40	26.12	36.57	1.29
3	7	0.00	0.68	26.61	19.71	1.25
Core	CPU	C1%	C3%	C6%	C8%	C9%
-	-	0.23	2.24	24.86	24.27	0.10
0	0	0.10	1.18	28.74	21.15	0.00
0	4	0.00	0.24	28.23	28.37	0.00
1	1	0.00	0.22	24.54	30.48	0.00
1	5	0.00	0.21	25.46	33.81	0.00
2	2	0.57	2.74	20.65	19.02	0.00
2	6	0.94	12.12	18.36	11.64	0.05
3	3	0.17	0.97	25.89	25.80	0.00
3	7	0.02	0.28	27.05	23.92	0.71
Core	CPU	C1%	C3%	C6%	C8%	C9%
-	-	0.07	3.64	23.77	22.68	0.01
0	0	0.03	9.96	25.26	11.52	0.00
0	4	0.01	2.24	25.19	31.87	0.00
1	1	0.00	0.25	23.43	18.23	0.00
1	5	0.00	0.13	23.58	23.42	0.00
2	2	0.25	8.05	22.07	20.57	0.00
2	6	0.24	6.46	20.52	20.30	0.00
3	3	0.00	0.17	23.87	29.36	0.00
3	7	0.00	1.84	26.36	26.26	0.09
Core	CPU	C1%	C3%	C6%	C8%	C9%
-	-	0.10	3.80	22.93	21.74	0.04
0	0	0.01	17.95	18.92	9.55	0.00
0	4	0.00	1.38	25.03	21.90	0.00
1	1	0.27	0.17	22.91	19.94	0.00
1	5	0.00	0.10	22.28	19.06	0.01
2	2	0.52	8.54	18.51	20.57	0.00
2	6	0.01	1.88	23.62	27.75	0.35
3	3	0.01	0.17	25.23	29.61	0.00
3	7	0.00	0.15	26.87	25.47	0.00
Core	CPU	C1%	C3%	C6%	C8%	C9%
-	-	0.11	3.90	21.29	22.05	0.02
0	0	0.00	15.07	17.08	13.10	0.00
0	4	0.10	4.01	22.32	21.13	0.00
1	1	0.00	0.18	23.97	23.08	0.00
1	5	0.00	0.21	22.21	18.08	0.00
2	2	0.54	10.83	17.10	18.44	0.00
2	6	0.10	0.26	22.47	29.17	0.14
3	3	0.01	0.37	22.64	27.69	0.00
3	7	0.12	0.25	22.52	25.70	0.00
Core	CPU	C1%	C3%	C6%	C8%	C9%
-	-	0.04	3.43	23.42	23.23	0.01
0	0	0.03	20.24	18.13	3.43	0.06
0	4	0.09	2.75	21.42	22.08	0.00
1	1	0.00	0.29	22.91	23.99	0.00
1	5	0.10	0.27	26.71	20.93	0.00
2	2	0.00	0.21	24.72	25.79	0.00
2	6	0.00	0.19	24.68	27.76	0.00
3	3	0.11	2.09	23.57	38.79	0.00
3	7	0.00	1.36	25.20	23.08	0.00
Core	CPU	C1%	C3%	C6%	C8%	C9%
-	-	0.11	2.36	24.42	22.71	0.08
0	0	0.21	5.50	22.42	8.33	0.00
0	4	0.00	3.45	28.16	23.93	0.53
1	1	0.07	2.50	24.88	25.61	0.00
1	5	0.20	4.43	22.07	16.70	0.04
2	2	0.00	0.30	24.87	30.71	0.00
2	6	0.00	0.26	23.84	25.00	0.00
3	3	0.36	2.16	22.22	21.50	0.05
3	7	0.01	0.31	26.93	29.93	0.00
Core	CPU	C1%	C3%	C6%	C8%	C9%
-	-	0.15	3.84	21.21	20.69	0.00
0	0	0.00	1.51	26.91	24.48	0.03
0	4	0.01	1.38	20.95	25.76	0.00
1	1	0.80	18.96	11.76	8.34	0.00
1	5	0.35	8.06	19.05	20.81	0.00
2	2	0.00	0.27	22.34	28.63	0.00
2	6	0.00	0.12	23.37	18.61	0.00
3	3	0.00	0.22	22.49	20.58	0.00
3	7	0.00	0.24	22.77	18.30	0.00
Core	CPU	C1%	C3%	C6%	C8%	C9%
-	-	0.03	3.78	22.22	22.09	0.01
0	0	0.01	20.06	16.60	7.20	0.00
0	4	0.09	3.38	24.31	21.99	0.00
1	1	0.00	0.14	20.76	19.52	0.00
1	5	0.07	5.57	19.88	14.86	0.00
2	2	0.00	0.31	24.35	48.58	0.00
2	6	0.02	0.20	22.07	21.48	0.06
3	3	0.00	0.28	24.36	18.42	0.00
3	7	0.00	0.30	25.42	24.69	0.02
Core	CPU	C1%	C3%	C6%	C8%	C9%
-	-	0.12	3.05	18.58	16.90	0.04
0	0	0.20	13.23	15.14	4.87	0.05
0	4	0.00	3.35	18.42	15.50	0.00
1	1	0.01	0.30	19.85	13.80	0.00
1	5	0.01	0.23	18.59	27.48	0.00
2	2	0.00	0.21	18.44	17.30	0.00
2	6	0.01	0.31	18.25	19.18	0.00
3	3	0.71	6.46	16.77	19.50	0.00
3	7	0.00	0.32	23.15	17.61	0.30
Core	CPU	C1%	C3%	C6%	C8%	C9%
-	-	0.15	3.41	22.66	24.16	0.02
0	0	0.05	13.38	14.84	9.29	0.00
0	4	0.00	0.08	24.14	32.18	0.00
1	1	0.00	0.24	25.36	24.42	0.00
1	5	0.46	3.22	21.50	18.19	0.16
2	2	0.00	0.14	22.09	21.61	0.00
2	6	0.00	0.23	24.05	35.20	0.00
3	3	0.71	9.56	21.00	18.44	0.00
3	7	0.00	0.42	28.39	34.06	0.00
Core	CPU	C1%	C3%	C6%	C8%	C9%
-	-	0.32	2.34	25.60	24.20	0.00
0	0	0.00	4.38	29.12	17.03	0.00
0	4	0.13	2.86	22.52	21.74	0.00
1	1	0.00	0.17	24.69	23.16	0.00
1	5	0.01	0.22	26.70	27.78	0.00
2	2	2.05	8.09	18.73	17.09	0.00
2	6	0.34	2.39	26.70	23.32	0.00
3	3	0.01	0.25	29.27	34.73	0.00
3	7	0.01	0.36	27.00	28.68	0.00
Core	CPU	C1%	C3%	C6%	C8%	C9%
-	-	0.09	4.02	22.53	22.31	0.00
0	0	0.13	15.07	19.45	7.52	0.00
0	4	0.01	1.33	25.24	26.65	0.00
1	1	0.00	0.24	26.85	27.13	0.00
1	5	0.00	0.27	23.50	33.69	0.00
2	2	0.01	0.22	23.51	24.62	0.00
2	6	0.55	14.55	14.63	12.59	0.00
3	3	0.00	0.20	23.85	21.80	0.00
3	7	0.00	0.31	23.25	24.48	0.00
Core	CPU	C1%	C3%	C6%	C8%	C9%
-	-	0.07	3.48	23.65	22.58	0.07
0	0	0.01	7.69	23.69	14.27	0.00
0	4	0.00	0.17	25.08	26.02	0.00
1	1	0.33	10.13	17.95	13.24	0.00
1	5	0.03	1.25	24.97	24.60	0.00
2	2	0.17	6.32	21.04	30.13	0.00
2	6	0.00	1.14	23.93	25.79	0.07
3	3	0.00	0.22	25.41	19.69	0.09
3	7	0.00	0.95	27.15	26.90	0.43
Core	CPU	C1%	C3%	C6%	C8%	C9%
-	-	0.15	3.93	23.07	22.71	0.00
0	0	0.01	4.51	27.33	33.95	0.00
0	4	0.00	3.30	23.21	21.01	0.00
1	1	0.03	0.24	24.03	26.07	0.00
1	5	0.00	0.28	25.59	22.59	0.00
2	2	0.25	6.42	22.07	17.23	0.00
2	6	0.84	15.45	12.87	8.37	0.01
3	3	0.04	0.22	23.38	22.16	0.00
3	7	0.01	0.99	26.10	30.29	0.00
Core	CPU	C1%	C3%	C6%	C8%	C9%
-	-	0.17	3.25	22.70	22.40	0.00
0	0	0.00	1.01	26.59	27.35	0.00
0	4	0.00	0.14	21.04	17.59	0.00
1	1	0.08	0.45	24.59	24.13	0.00
1	5	0.03	0.22	22.66	29.80	0.00
2	2	1.04	18.14	14.06	8.05	0.00
2	6	0.15	3.87	22.62	29.16	0.00
3	3	0.03	1.47	23.93	21.73	0.00
3	7	0.00	0.67	26.10	21.37	0.00
Core	CPU	C1%	C3%	C6%	C8%	C9%
-	-	0.13	2.40	25.48	24.04	0.30
0	0	0.01	0.90	29.25	22.79	2.35
0	4	0.02	2.29	21.93	24.92	0.00
1	1	0.16	1.77	23.42	31.00	0.00
1	5	0.00	0.31	27.52	23.16	0.00
2	2	0.41	2.95	24.74	19.60	0.00
2	6	0.40	10.55	21.73	21.30	0.06
3	3	0.01	0.21	28.10	21.56	0.00
3	7	0.00	0.22	27.13	27.98	0.00
Core	CPU	C1%	C3%	C6%	C8%	C9%
-	-	0.15	3.59	21.66	22.32	0.00
0	0	0.00	0.35	29.05	19.83	0.00
0	4	0.01	4.04	19.82	24.56	0.00
1	1	0.67	14.63	13.75	9.89	0.00
1	5	0.00	0.22	22.46	23.28	0.00
2	2	0.07	2.49	24.73	27.39	0.00
2	6	0.43	6.51	17.73	20.33	0.00
3	3	0.00	0.19	22.42	24.29	0.00
3	7	0.00	0.29	23.33	28.96	0.00
Core	CPU	C1%	C3%	C6%	C8%	C9%
-	-	0.14	3.40	21.13	22.84	0.00
0	0	0.01	7.80	22.04	10.79	0.01
0	4	0.00	0.17	21.69	34.14	0.00
1	1	0.01	0.23	23.02	24.07	0.00
1	5	0.00	0.22	23.05	25.23	0.00
2	2	1.02	16.48	11.47	12.62	0.00
2	6	0.00	0.20	23.48	33.59	0.00
3	3	0.07	0.77	21.16	21.01	0.00
3	7	0.00	1.36	23.14	21.29	0.00
Core	CPU	C1%	C3%	C6%	C8%	C9%
-	-	0.04	3.94	19.75	22.67	0.04
0	0	0.02	21.97	11.97	10.39	0.00
0	4	0.00	0.19	21.64	38.82	0.00
1	1	0.00	0.15	21.87	26.75	0.00
1	5	0.00	0.21	20.92	14.79	0.30
2	2	0.00	0.18	21.77	21.71	0.00
2	6	0.32	8.37	14.21	24.08	0.00
3	3	0.00	0.22	22.59	18.79	0.00
3	7	0.00	0.20	23.05	26.01	0.00
Core	CPU	C1%	C3%	C6%	C8%	C9%
-	-	0.15	3.47	22.98	23.18	0.08
0	0	0.01	0.27	27.66	24.27	0.01
0	4	0.00	0.10	24.88	36.52	0.00
1	1	0.00	0.15	24.78	22.16	0.59
1	5	0.00	0.26	24.80	20.44	0.00
2	2	1.14	24.75	8.24	4.18	0.00
2	6	0.00	0.69	25.32	20.26	0.06
3	3	0.09	1.26	22.14	33.53	0.00
3	7	0.00	0.28	26.04	24.10	0.00
Core	CPU	C1%	C3%	C6%	C8%	C9%
-	-	0.06	2.28	26.40	25.76	0.00
0	0	0.01	4.51	27.65	12.56	0.02
0	4	0.01	2.01	25.85	17.66	0.00
1	1	0.00	0.28	28.59	29.59	0.00
1	5	0.01	0.34	26.65	30.05	0.00
2	2	0.00	0.29	27.04	38.63	0.00
2	6	0.01	0.24	25.50	26.46	0.00
3	3	0.43	9.96	21.40	20.50	0.00
3	7	0.02	0.64	28.48	30.64	0.00
Core	CPU	C1%	C3%	C6%	C8%	C9%
-	-	0.16	3.98	22.43	22.04	0.03
0	0	0.01	5.85	24.55	27.79	0.00
0	4	0.01	1.35	24.47	20.15	0.00
1	1	0.00	0.37	25.30	21.99	0.00
1	5	0.00	0.18	25.29	20.47	0.00
2	2	0.63	9.27	18.11	26.39	0.00
2	6	0.14	2.38	20.49	20.88	0.16
3	3	0.53	11.21	18.18	15.03	0.05
3	7	0.00	1.29	23.47	24.03	0.00
Core	CPU	C1%	C3%	C6%	C8%	C9%
-	-	0.15	3.63	23.07	21.86	0.00
0	0	0.00	2.68	25.39	27.00	0.00
0	4	0.00	0.19	22.96	17.63	0.00
1	1	0.37	8.92	22.44	17.54	0.00
1	5	0.49	7.05	22.71	16.56	0.00
2	2	0.29	8.32	19.16	16.09	0.00
2	6	0.00	0.22	24.30	24.71	0.00
3	3	0.06	1.35	24.89	23.41	0.00
3	7	0.01	0.24	22.27	31.53	0.00
Core	CPU	C1%	C3%	C6%	C8%	C9%
-	-	0.12	3.86	22.00	20.89	0.34
0	0	0.01	4.22	24.18	24.40	1.41
0	4	0.02	0.17	23.75	24.94	0.00
1	1	0.56	15.66	16.46	13.87	0.00
1	5	0.25	7.68	20.24	15.54	0.00
2	2	0.00	0.15	22.20	23.14	0.00
2	6	0.00	0.30	24.83	18.79	0.00
3	3	0.00	1.30	22.80	25.12	1.29
3	7	0.11	1.40	21.54	21.30	0.00
Core	CPU	C1%	C3%	C6%	C8%	C9%
-	-	0.08	3.55	20.92	21.41	0.01
0	0	0.01	4.49	22.75	9.20	0.00
0	4	0.00	2.33	21.33	19.85	0.00
1	1	0.08	4.74	21.25	20.38	0.00
1	5	0.55	12.83	14.27	17.48	0.00
2	2	0.00	0.18	23.54	25.33	0.00
2	6	0.00	0.10	21.14	38.15	0.00
3	3	0.01	2.58	20.38	20.13	0.00
3	7	0.01	1.21	22.94	20.99	0.11
Core	CPU	C1%	C3%	C6%	C8%	C9%
-	-	0.14	2.72	17.33	16.93	0.00
0	0	0.00	0.29	22.51	12.12	0.00
0	4	0.00	0.12	17.01	19.89	0.00
1	1	0.24	4.44	15.14	17.61	0.00
1	5	0.00	0.12	17.27	27.69	0.00
2	2	0.00	0.18	18.88	15.89	0.00
2	6	0.00	0.14	18.60	18.49	0.00
3	3	0.84	16.20	7.77	4.47	0.00
3	7	0.01	0.27	21.34	19.10	0.00
Core	CPU	C1%	C3%	C6%	C8%	C9%
-	-	0.04	3.78	21.08	22.15	0.00
0	0	0.03	22.89	12.77	5.65	0.00
0	4	0.00	0.27	24.79	34.60	0.00
1	1	0.06	1.72	21.93	19.09	0.00
1	5	0.20	4.38	17.19	19.65	0.00
2	2	0.00	0.20	21.83	16.80	0.00
2	6	0.03	0.26	23.98	31.67	0.00
3	3	0.00	0.26	23.40	23.31	0.00
3	7	0.00	0.22	22.71	26.33	0.00
Core	CPU	C1%	C3%	C6%	C8%	C9%
-	-	0.10	3.61	22.38	23.53	0.18
0	0	0.02	11.00	21.98	8.96	1.40
0	4	0.01	0.91	21.91	21.33	0.00
1	1	0.78	15.76	15.10	13.37	0.00
1	5	0.01	0.19	21.51	25.28	0.00
2	2	0.00	0.25	24.10	31.21	0.00
2	6	0.00	0.35	25.33	22.32	0.00
3	3	0.00	0.20	25.36	38.90	0.00
3	7	0.00	0.23	23.72	26.88	0.00
Core	CPU	C1%	C3%	C6%	C8%	C9%
-	-	0.07	3.82	21.70	21.92	0.15
0	0	0.00	11.79	17.72	10.03	1.21
0	4	0.00	0.15	22.11	25.04	0.00
1	1	0.20	6.64	20.38	20.19	0.00
1	5	0.17	6.71	20.40	18.77	0.00
2	2	0.14	4.73	21.28	16.21	0.00
2	6	0.01	0.16	22.55	28.25	0.00
3	3	0.00	0.20	24.60	29.97	0.00
3	7	0.00	0.22	24.60	26.90	0.00
Core	CPU	C1%	C3%	C6%	C8%	C9%
-	-	0.14	3.37	22.03	20.27	0.14
0	0	0.01	1.86	24.52	9.77	0.09
0	4	0.00	0.12	22.34	23.65	1.06
1	1	0.01	0.25	23.64	23.36	0.00
1	5	0.66	11.66	15.83	18.60	0.00
2	2	0.25	4.63	22.53	26.38	0.00
2	6	0.17	6.89	20.98	14.37	0.00
3	3	0.01	0.21	24.95	25.90	0.00
3	7	0.00	1.36	21.49	20.16	0.00
Core	CPU	C1%	C3%	C6%	C8%	C9%
-	-	0.11	2.54	26.78	25.34	0.01
0	0	0.03	9.55	28.10	11.23	0.07
0	4	0.00	0.57	28.81	28.86	0.00
1	1	0.15	1.36	24.08	24.30	0.00
1	5	0.16	1.08	23.65	27.52	0.00
2	2	0.00	0.46	29.48	34.91	0.00
2	6	0.13	1.38	25.87	23.33	0.00
3	3	0.24	3.27	25.66	29.30	0.00
3	7	0.20	2.61	28.56	23.24	0.00
Core	CPU	C1%	C3%	C6%	C8%	C9%
-	-	0.08	3.86	21.90	23.79	0.01
0	0	0.01	9.52	23.07	14.91	0.00
0	4	0.00	1.35	23.08	30.94	0.00
1	1	0.19	4.51	20.03	23.69	0.00
1	5	0.42	12.44	15.56	21.66	0.00
2	2	0.00	0.24	24.71	22.77	0.00
2	6	0.00	0.20	24.09	26.17	0.06
3	3	0.00	0.21	22.56	24.67	0.00
3	7	0.00	2.39	22.13	25.54	0.00
Core	CPU	C1%	C3%	C6%	C8%	C9%
-	-	0.02	3.69	22.87	21.47	0.01
0	0	0.01	19.02	14.88	6.10	0.00
0	4	0.02	5.62	20.95	26.07	0.00
1	1	0.07	1.23	26.22	19.40	0.00
1	5	0.07	1.28	22.21	26.49	0.00
2	2	0.00	1.40	24.54	31.41	0.00
2	6	0.00	0.36	24.92	18.31	0.06
3	3	0.00	0.30	24.25	21.84	0.00
3	7	0.00	0.34	24.96	22.12	0.00
Core	CPU	C1%	C3%	C6%	C8%	C9%
-	-	0.23	3.68	21.71	23.13	0.03
0	0	0.80	5.38	24.11	14.16	0.00
0	4	0.00	0.21	22.14	26.78	0.00
1	1	0.00	0.15	20.85	22.38	0.00
1	5	0.47	9.32	18.88	20.78	0.00
2	2	0.01	1.33	22.08	23.79	0.00
2	6	0.54	11.25	15.49	17.40	0.00
3	3	0.00	0.31	25.71	26.86	0.00
3	7	0.00	1.52	24.64	33.14	0.25
Core	CPU	C1%	C3%	C6%	C8%	C9%
-	-	0.08	3.40	22.72	22.24	0.01
0	0	0.03	13.80	18.80	4.35	0.00
0	4	0.13	0.54	26.81	31.17	0.00
1	1	0.00	0.26	23.45	23.84	0.00
1	5	0.01	0.25	22.13	28.58	0.00
2	2	0.07	2.86	22.23	24.24	0.00
2	6	0.38	8.79	15.74	18.50	0.10
3	3	0.01	0.29	25.03	20.12	0.00
3	7	0.03	0.34	27.40	26.92	0.00
Core	CPU	C1%	C3%	C6%	C8%	C9%
-	-	0.02	2.33	24.90	26.35	0.01
0	0	0.03	14.16	14.87	8.14	0.00
0	4	0.00	0.44	28.50	24.25	0.00
1	1	0.00	0.29	25.40	31.41	0.00
1	5	0.00	0.33	27.01	29.95	0.00
2	2	0.01	0.25	27.78	31.75	0.00
2	6	0.00	0.21	27.33	31.29	0.05
3	3	0.02	1.49	23.04	24.03	0.00
3	7	0.11	1.46	25.29	29.95	0.00
Core	CPU	C1%	C3%	C6%	C8%	C9%
-	-	0.02	3.99	22.80	23.73	0.18
0	0	0.03	21.94	16.16	3.82	1.41
0	4	0.00	2.50	24.13	35.79	0.00
1	1	0.00	0.28	20.78	24.73	0.00
1	5	0.00	0.28	23.42	24.33	0.00
2	2	0.00	0.31	26.25	21.71	0.00
2	6	0.00	0.22	24.97	29.05	0.00
3	3	0.14	3.69	22.50	23.59	0.00
3	7	0.00	2.67	24.20	26.83	0.00
Core	CPU	C1%	C3%	C6%	C8%	C9%
-	-	0.00	3.70	22.33	23.99	0.18
0	0	0.01	18.01	15.55	4.68	0.00
0	4	0.02	8.79	18.56	21.66	0.00
1	1	0.00	0.92	23.04	19.85	1.40
1	5	0.00	0.21	22.27	27.73	0.00
2	2	0.00	0.21	23.90	29.97	0.00
2	6	0.00	0.22	24.37	22.17	0.05
3	3	0.00	1.07	26.63	33.59	0.00
3	7	0.00	0.18	24.33	32.24	0.00
Core	CPU	C1%	C3%	C6%	C8%	C9%
-	-	0.06	3.67	22.13	22.37	0.01
0	0	0.01	1.82	27.62	18.92	0.00
0	4	0.01	11.54	16.20	18.93	0.11
1	1	0.21	6.74	22.15	19.13	0.00
1	5	0.00	2.48	20.42	25.67	0.00
2	2	0.01	0.22	23.82	28.51	0.00
2	6	0.01	0.15	22.43	30.43	0.00
3	3	0.19	5.20	20.38	17.94	0.00
3	7	0.01	1.21	24.00	19.46	0.00
Core	CPU	C1%	C3%	C6%	C8%	C9%
-	-	0.06	3.78	19.81	20.25	0.07
0	0	0.00	0.46	23.74	24.40	0.00
0	4	0.03	19.38	10.33	8.75	0.00
1	1	0.08	2.16	21.59	18.40	0.00
1	5	0.30	6.51	17.16	18.70	0.00
2	2	0.05	1.26	22.35	16.73	0.00
2	6	0.00	0.16	21.42	33.09	0.03
3	3	0.00	0.17	20.98	20.34	0.56
3	7	0.00	0.12	20.89	21.59	0.00
Core	CPU	C1%	C3%	C6%	C8%	C9%
-	-	0.05	3.23	18.34	18.34	0.40
0	0	0.00	7.43	18.04	14.43	0.00
0	4	0.01	13.62	13.60	11.89	0.00
1	1	0.18	3.25	16.65	22.42	0.00
1	5	0.01	0.25	20.03	26.20	0.00
2	2	0.06	0.20	18.90	21.49	0.00
2	6	0.14	0.28	18.17	18.31	0.07
3	3	0.00	0.23	20.24	16.74	0.00
3	7	0.00	0.55	21.05	15.25	3.09
Core	CPU	C1%	C3%	C6%	C8%	C9%
-	-	0.16	3.64	22.17	20.73	0.08
0	0	0.00	1.71	25.51	24.35	0.00
0	4	0.00	0.29	22.51	19.54	0.00
1	1	0.80	16.10	15.39	8.67	0.00
1	5	0.48	9.47	18.28	15.46	0.54
2	2	0.00	0.37	23.32	18.84	0.00
2	6	0.00	0.32	22.73	21.77	0.07
3	3	0.00	0.40	23.61	21.95	0.00
3	7	0.00	0.43	26.03	35.28	0.00
Core	CPU	C1%	C3%	C6%	C8%	C9%
-	-	0.16	3.50	20.58	21.93	0.01
0	0	0.00	0.36	27.04	14.72	0.00
0	4	0.00	0.22	20.76	21.56	0.00
1	1	0.06	1.28	21.95	22.13	0.00
1	5	0.00	0.13	20.13	37.46	0.00
2	2	0.46	9.08	19.72	21.89	0.09
2	6	0.32	6.81	17.48	14.22	0.00
3	3	0.45	9.47	15.18	9.69	0.00
3	7	0.02	0.69	22.34	33.76	0.00
Core	CPU	C1%	C3%	C6%	C8%	C9%
-	-	0.14	3.65	21.95	21.02	0.02
0	0	0.01	5.84	24.71	12.52	0.11
0	4	0.00	0.26	24.12	25.69	0.00
1	1	0.95	18.71	12.09	5.57	0.05
1	5	0.17	2.49	23.10	30.86	0.00
2	2	0.00	0.21	24.14	31.15	0.00
2	6	0.00	0.19	22.61	18.06	0.00
3	3	0.00	0.11	22.33	24.02	0.00
3	7	0.01	1.43	22.48	20.26	0.00
Core	CPU	C1%	C3%	C6%	C8%	C9%
-	-	0.11	3.52	20.61	21.27	0.12
0	0	0.01	5.46	25.44	21.40	0.15
0	4	0.01	3.40	20.61	18.01	0.81
1	1	0.05	2.35	22.45	23.89	0.00
1	5	0.83	15.68	10.98	8.88	0.00
2	2	0.00	0.14	22.58	20.62	0.00
2	6	0.00	0.15	18.77	20.88	0.00
3	3	0.00	0.25	21.64	34.90	0.00
3	7	0.00	0.70	22.43	21.55	0.00
