Core	CPU	C1%	C3%	C6%	C8%	C9%
-	-	0.09	0.01	1.94	1.32	0.00
0	0	0.00	0.00	1.29	2.58	0.00
0	4	0.00	0.09	2.86	1.00	0.00
1	1	0.00	0.00	1.28	1.10	0.00
1	5	0.49	0.00	2.47	1.30	0.00
2	2	0.00	0.01	1.51	1.88	0.00
2	6	0.07	0.00	1.94	0.69	0.00
3	3	0.15	0.00	1.38	0.39	0.00
3	7	0.04	0.00	2.78	1.60	0.00
Core	CPU	C1%	C3%	C6%	C8%	C9%
-	-	0.10	0.01	0.46	0.84	0.00
0	0	0.00	0.00	0.55	0.70	0.00
0	4	0.00	0.00	0.63	0.59	0.00
1	1	0.00	0.02	0.00	0.49	0.00
1	5	0.79	0.00	0.00	0.00	0.00
2	2	0.00	0.07	1.19	0.81	0.00
2	6	0.00	0.00	0.45	1.09	0.00
3	3	0.00	0.00	0.60	1.20	0.00
3	7	0.00	0.00	0.28	1.88	0.00
Core	CPU	C1%	C3%	C6%	C8%	C9%
-	-	0.00	0.01	0.56	0.98	0.00
0	0	0.00	0.00	0.45	1.19	0.00
0	4	0.00	0.02	0.28	0.60	0.00
1	1	0.00	0.00	0.58	0.81	0.00
1	5	0.00	0.00	1.14	1.18	0.00
2	2	0.00	0.07	1.07	0.69	0.00
2	6	0.00	0.00	0.23	1.09	0.00
3	3	0.00	0.00	0.29	1.29	0.00
3	7	0.00	0.00	0.46	0.99	0.00
Core	CPU	C1%	C3%	C6%	C8%	C9%
-	-	0.00	0.01	0.50	0.79	0.00
0	0	0.00	0.00	0.00	0.50	0.00
0	4	0.00	0.00	0.29	0.89	0.00
1	1	0.00	0.00	0.26	0.91	0.00
1	5	0.00	0.00	0.84	0.79	0.00
2	2	0.00	0.06	1.13	0.49	0.00
2	6	0.00	0.00	0.63	1.00	0.00
3	3	0.00	0.00	0.38	0.88	0.00
3	7	0.00	0.00	0.45	0.88	0.00
Core	CPU	C1%	C3%	C6%	C8%	C9%
-	-	0.00	0.01	0.51	0.67	0.00
0	0	0.00	0.00	0.19	0.29	0.00
0	4	0.00	0.00	0.36	0.79	0.00
1	1	0.00	0.00	0.24	0.89	0.00
1	5	0.00	0.00	0.39	0.89	0.00
2	2	0.00	0.03	0.95	0.59	0.00
2	6	0.00	0.00	0.28	0.79	0.00
3	3	0.00	0.00	0.75	0.68	0.00
3	7	0.00	0.02	0.88	0.39	0.00
Core	CPU	C1%	C3%	C6%	C8%	C9%
-	-	0.00	0.02	0.46	0.95	0.00
0	0	0.00	0.00	0.45	0.99	0.00
0	4	0.00	0.00	0.33	1.19	0.00
1	1	0.00	0.01	0.30	0.59	0.00
1	5	0.00	0.00	0.20	0.99	0.00
2	2	0.00	0.03	1.13	0.49	0.00
2	6	0.00	0.00	0.15	0.99	0.00
3	3	0.00	0.12	0.49	0.70	0.00
3	7	0.00	0.00	0.64	1.69	0.00
Core	CPU	C1%	C3%	C6%	C8%	C9%
-	-	0.07	0.02	0.60	1.17	0.00
0	0	0.00	0.00	1.31	2.37	0.00
0	4	0.57	0.00	0.32	0.99	0.00
1	1	0.00	0.00	0.29	1.37	0.00
1	5	0.00	0.00	1.03	0.88	0.00
2	2	0.00	0.15	0.99	0.39	0.00
2	6	0.00	0.00	0.23	1.09	0.00
3	3	0.00	0.00	0.29	0.90	0.00
3	7	0.00	0.00	0.30	1.38	0.00
Core	CPU	C1%	C3%	C6%	C8%	C9%
-	-	0.00	0.01	0.31	0.87	0.00
0	0	0.00	0.02	0.10	0.50	0.00
0	4	0.00	0.00	0.10	0.79	0.00
1	1	0.00	0.00	0.18	1.19	0.00
1	5	0.00	0.00	0.37	0.79	0.00
2	2	0.00	0.04	1.20	0.69	0.00
2	6	0.00	0.00	0.13	1.09	0.00
3	3	0.00	0.00	0.10	1.09	0.00
3	7	0.00	0.00	0.32	0.79	0.00
Core	CPU	C1%	C3%	C6%	C8%	C9%
-	-	0.00	0.01	0.62	0.93	0.00
0	0	0.00	0.02	0.64	0.58	0.00
0	4	0.00	0.00	0.59	0.50	0.00
1	1	0.00	0.00	0.60	1.40	0.00
1	5	0.00	0.00	0.42	1.10	0.00
2	2	0.00	0.04	1.34	0.48	0.00
2	6	0.00	0.00	0.46	1.50	0.00
3	3	0.00	0.00	0.37	1.09	0.00
3	7	0.00	0.00	0.53	0.79	0.00
Core	CPU	C1%	C3%	C6%	C8%	C9%
-	-	0.00	0.01	0.80	0.62	0.00
0	0	0.00	0.00	0.67	0.79	0.00
0	4	0.00	0.00	0.54	0.30	0.00
1	1	0.00	0.00	0.82	0.79	0.00
1	5	0.00	0.01	0.78	0.59	0.00
2	2	0.00	0.09	1.22	0.39	0.00
2	6	0.00	0.00	0.37	0.89	0.00
3	3	0.00	0.00	1.03	0.40	0.00
3	7	0.00	0.02	0.99	0.78	0.00
Core	CPU	C1%	C3%	C6%	C8%	C9%
-	-	0.00	0.07	0.39	1.01	0.00
0	0	0.00	0.00	0.58	1.79	0.00
0	4	0.00	0.00	0.33	0.87	0.00
1	1	0.00	0.00	0.00	0.50	0.00
1	5	0.00	0.00	0.46	1.28	0.00
2	2	0.00	0.57	0.33	0.30	0.00
2	6	0.00	0.00	0.82	0.79	0.00
3	3	0.00	0.00	0.29	1.28	0.00
3	7	0.00	0.00	0.27	1.28	0.00
Core	CPU	C1%	C3%	C6%	C8%	C9%
-	-	0.00	0.01	0.41	0.82	0.00
0	0	0.00	0.01	0.29	0.59	0.00
0	4	0.00	0.00	0.29	0.89	0.00
1	1	0.00	0.00	0.36	0.82	0.00
1	5	0.00	0.00	0.14	0.99	0.00
2	2	0.00	0.07	1.12	0.30	0.00
2	6	0.00	0.00	0.30	0.89	0.00
3	3	0.00	0.00	0.37	0.89	0.00
3	7	0.00	0.00	0.38	1.19	0.00
Core	CPU	C1%	C3%	C6%	C8%	C9%
-	-	0.00	0.01	0.55	0.91	0.00
0	0	0.00	0.00	0.19	1.09	0.00
0	4	0.00	0.00	0.36	0.79	0.00
1	1	0.00	0.00	0.33	1.18	0.00
1	5	0.00	0.02	0.28	0.89	0.00
2	2	0.00	0.07	1.11	0.50	0.00
2	6	0.00	0.00	0.34	0.89	0.00
3	3	0.00	0.00	0.83	0.59	0.00
3	7	0.00	0.01	1.00	1.38	0.00
Core	CPU	C1%	C3%	C6%	C8%	C9%
-	-	0.00	0.02	0.39	0.93	0.00
0	0	0.00	0.00	0.37	0.98	0.00
0	4	0.00	0.00	0.25	1.28	0.00
1	1	0.00	0.02	0.19	0.69	0.00
1	5	0.00	0.00	0.10	0.89	0.00
2	2	0.00	0.04	1.23	0.79	0.00
2	6	0.00	0.00	0.26	1.09	0.00
3	3	0.00	0.10	0.32	0.79	0.00
3	7	0.00	0.00	0.37	0.90	0.00
Core	CPU	C1%	C3%	C6%	C8%	C9%
-	-	0.00	0.01	0.71	1.19	0.00
0	0	0.00	0.00	1.00	2.48	0.00
0	4	0.00	0.00	0.82	1.09	0.00
1	1	0.00	0.00	0.28	1.39	0.00
1	5	0.00	0.00	0.85	0.89	0.00
2	2	0.00	0.01	1.36	0.79	0.00
2	6	0.00	0.04	0.20	1.18	0.00
3	3	0.00	0.02	0.30	0.99	0.00
3	7	0.00	0.00	0.87	0.69	0.00
Core	CPU	C1%	C3%	C6%	C8%	C9%
-	-	0.00	0.02	0.45	0.81	0.00
0	0	0.00	0.02	0.10	0.80	0.00
0	4	0.00	0.00	0.29	0.59	0.00
1	1	0.00	0.00	0.55	0.99	0.00
1	5	0.00	0.00	0.45	0.88	0.00
2	2	0.00	0.15	1.06	0.59	0.00
2	6	0.00	0.00	0.29	1.19	0.00
3	3	0.00	0.00	0.38	0.89	0.00
3	7	0.00	0.00	0.45	0.59	0.00
Core	CPU	C1%	C3%	C6%	C8%	C9%
-	-	0.00	0.20	0.46	0.79	0.00
0	0	0.00	0.00	0.19	0.88	0.00
0	4	0.00	0.00	0.27	0.98	0.00
1	1	0.00	0.00	0.24	1.08	0.00
1	5	0.00	0.00	0.30	1.18	0.00
2	2	0.00	1.62	0.43	0.00	0.00
2	6	0.00	0.00	0.28	0.99	0.00
3	3	0.00	0.00	1.04	0.39	0.00
3	7	0.00	0.02	0.90	0.79	0.00
Core	CPU	C1%	C3%	C6%	C8%	C9%
-	-	0.00	0.00	0.44	0.74	0.00
0	0	0.00	0.00	0.45	0.49	0.00
0	4	0.00	0.00	0.14	0.79	0.00
1	1	0.00	0.00	0.10	0.40	0.00
1	5	0.00	0.00	0.47	0.99	0.00
2	2	0.00	0.00	1.35	0.79	0.00
2	6	0.00	0.00	0.24	0.89	0.00
3	3	0.00	0.02	0.39	0.90	0.00
3	7	0.00	0.00	0.39	0.69	0.00
Core	CPU	C1%	C3%	C6%	C8%	C9%
-	-	0.00	0.05	0.51	4.55	0.00
0	0	0.00	0.00	0.38	0.80	0.00
0	4	0.00	0.02	0.29	1.19	0.00
1	1	0.00	0.00	0.31	1.19	0.00
1	5	0.00	0.00	0.44	1.09	0.00
2	2	0.00	0.17	0.75	0.78	0.00
2	6	0.00	0.00	0.23	1.08	0.00
3	3	0.00	0.00	0.38	1.69	0.00
3	7	0.02	0.19	1.34	28.55	0.00
Core	CPU	C1%	C3%	C6%	C8%	C9%
-	-	0.00	0.00	0.60	0.93	0.00
0	0	0.00	0.00	0.19	1.19	0.00
0	4	0.00	0.00	0.28	0.89	0.00
1	1	0.00	0.00	0.76	1.14	0.00
1	5	0.00	0.00	0.38	0.99	0.00
2	2	0.00	0.02	1.36	0.79	0.00
2	6	0.00	0.00	0.42	0.79	0.00
3	3	0.00	0.00	0.64	1.01	0.00
3	7	0.00	0.00	0.74	0.68	0.00
Core	CPU	C1%	C3%	C6%	C8%	C9%
-	-	0.00	0.01	0.61	0.81	0.00
0	0	0.00	0.00	0.47	0.88	0.00
0	4	0.00	0.00	0.61	0.80	0.00
1	1	0.00	0.00	0.57	0.00	0.00
1	5	0.00	0.01	1.46	0.58	0.00
2	2	0.00	0.04	0.56	0.98	0.00
2	6	0.00	0.00	0.36	0.99	0.00
3	3	0.00	0.00	0.38	1.08	0.00
3	7	0.00	0.00	0.48	1.20	0.00
Core	CPU	C1%	C3%	C6%	C8%	C9%
-	-	0.00	0.00	0.45	1.04	0.00
0	0	0.00	0.00	0.14	1.09	0.00
0	4	0.00	0.00	0.21	0.30	0.00
1	1	0.00	0.00	0.56	0.81	0.00
1	5	0.00	0.00	0.45	1.20	0.00
2	2	0.00	0.01	0.92	1.12	0.00
2	6	0.00	0.00	0.40	1.40	0.00
3	3	0.00	0.00	0.37	1.02	0.00
3	7	0.00	0.00	0.54	1.40	0.00
Core	CPU	C1%	C3%	C6%	C8%	C9%
-	-	0.00	0.08	0.31	0.80	0.00
0	0	0.00	0.02	0.38	1.20	0.00
0	4	0.00	0.00	0.10	0.58	0.00
1	1	0.00	0.00	0.45	0.92	0.00
1	5	0.00	0.00	0.33	0.98	0.00
2	2	0.01	0.60	0.57	0.09	0.00
2	6	0.00	0.00	0.10	1.09	0.00
3	3	0.00	0.00	0.18	0.69	0.00
3	7	0.00	0.00	0.34	0.89	0.00
Core	CPU	C1%	C3%	C6%	C8%	C9%
-	-	0.00	0.00	0.68	0.84	0.00
0	0	0.00	0.00	0.57	1.09	0.00
0	4	0.00	0.00	0.36	0.99	0.00
1	1	0.00	0.00	0.82	0.79	0.00
1	5	0.00	0.01	0.79	0.79	0.00
2	2	0.00	0.00	0.90	0.70	0.00
2	6	0.00	0.00	0.46	0.90	0.00
3	3	0.00	0.00	0.83	0.78	0.00
3	7	0.00	0.02	0.70	0.67	0.00
Core	CPU	C1%	C3%	C6%	C8%	C9%
-	-	0.00	0.00	0.56	0.77	0.00
0	0	0.00	0.00	0.74	0.98	0.00
0	4	0.00	0.00	0.29	0.99	0.00
1	1	0.00	0.00	0.59	0.29	0.00
1	5	0.00	0.00	0.36	0.89	0.00
2	2	0.00	0.01	0.68	0.97	0.00
2	6	0.00	0.00	0.83	0.79	0.00
3	3	0.00	0.02	0.49	0.60	0.00
3	7	0.00	0.00	0.48	0.69	0.00
Core	CPU	C1%	C3%	C6%	C8%	C9%
-	-	0.00	0.00	0.39	0.85	0.00
0	0	0.00	0.02	0.20	0.69	0.00
0	4	0.00	0.00	0.10	0.89	0.00
1	1	0.00	0.00	0.36	1.01	0.00
1	5	0.00	0.00	0.45	1.08	0.00
2	2	0.00	0.01	1.04	0.48	0.00
2	6	0.00	0.00	0.19	1.09	0.00
3	3	0.00	0.00	0.28	0.98	0.00
3	7	0.00	0.00	0.48	0.59	0.00
Core	CPU	C1%	C3%	C6%	C8%	C9%
-	-	0.00	0.00	0.64	1.09	0.00
0	0	0.00	0.00	0.83	1.97	0.00
0	4	0.00	0.00	0.28	0.99	0.00
1	1	0.00	0.00	0.33	1.28	0.00
1	5	0.00	0.00	0.50	0.89	0.00
2	2	0.00	0.01	1.00	0.81	0.00
2	6	0.00	0.00	0.28	1.18	0.00
3	3	0.00	0.00	1.04	0.78	0.00
3	7	0.00	0.02	0.89	0.79	0.00
Core	CPU	C1%	C3%	C6%	C8%	C9%
-	-	0.00	0.00	0.42	1.00	0.00
0	0	0.00	0.00	0.45	0.89	0.00
0	4	0.00	0.00	0.49	1.50	0.00
1	1	0.00	0.00	0.09	0.80	0.00
1	5	0.00	0.00	0.27	0.90	0.00
2	2	0.00	0.02	0.94	0.80	0.00
2	6	0.00	0.00	0.59	1.01	0.00
3	3	0.00	0.00	0.18	1.20	0.00
3	7	0.00	0.00	0.36	0.90	0.00
Core	CPU	C1%	C3%	C6%	C8%	C9%
-	-	0.00	0.19	0.38	0.70	0.00
0	0	0.00	0.01	0.10	0.58	0.00
0	4	0.00	0.00	0.29	1.09	0.00
1	1	0.00	0.00	0.46	0.69	0.00
1	5	0.00	0.00	0.42	0.79	0.00
2	2	0.00	1.51	0.47	0.09	0.00
2	6	0.00	0.01	0.20	0.99	0.00
3	3	0.00	0.00	0.37	0.69	0.00
3	7	0.00	0.00	0.72	0.69	0.00
Core	CPU	C1%	C3%	C6%	C8%	C9%
-	-	0.00	0.00	0.51	0.90	0.00
0	0	0.00	0.00	0.85	1.09	0.00
0	4	0.00	0.00	0.73	1.18	0.00
1	1	0.00	0.00	0.32	0.69	0.00
1	5	0.00	0.00	0.10	0.40	0.00
2	2	0.00	0.00	1.18	0.69	0.00
2	6	0.00	0.00	0.36	0.99	0.00
3	3	0.00	0.00	0.33	1.19	0.00
3	7	0.00	0.00	0.20	0.99	0.00
Core	CPU	C1%	C3%	C6%	C8%	C9%
-	-	0.00	0.01	0.43	1.07	0.00
0	0	0.00	0.00	0.64	1.70	0.00
0	4	0.00	0.00	0.87	0.60	0.00
1	1	0.00	0.01	0.19	1.09	0.00
1	5	0.00	0.00	0.35	0.99	0.00
2	2	0.00	0.03	0.46	1.08	0.00
2	6	0.00	0.00	0.40	1.29	0.00
3	3	0.00	0.00	0.28	1.01	0.00
3	7	0.00	0.01	0.27	0.80	0.00
Core	CPU	C1%	C3%	C6%	C8%	C9%
-	-	0.00	0.00	0.54	0.78	0.00
0	0	0.00	0.01	0.20	0.30	0.00
0	4	0.00	0.00	0.37	1.28	0.00
1	1	0.00	0.00	0.85	0.82	0.00
1	5	0.00	0.00	0.34	0.79	0.00
2	2	0.00	0.02	1.21	0.89	0.00
2	6	0.00	0.00	0.20	0.89	0.00
3	3	0.00	0.00	0.28	0.89	0.00
3	7	0.00	0.00	0.84	0.40	0.00
Core	CPU	C1%	C3%	C6%	C8%	C9%
-	-	0.00	0.01	0.47	0.83	0.00
0	0	0.00	0.00	0.47	1.09	0.00
0	4	0.00	0.00	0.36	0.79	0.00
1	1	0.00	0.00	0.23	0.89	0.00
1	5	0.00	0.02	0.27	0.89	0.00
2	2	0.00	0.01	0.50	1.18	0.00
2	6	0.00	0.00	0.28	0.89	0.00
3	3	0.00	0.00	0.84	0.30	0.00
3	7	0.00	0.01	0.78	0.59	0.00
Core	CPU	C1%	C3%	C6%	C8%	C9%
-	-	0.00	0.01	0.33	0.93	0.00
0	0	0.00	0.00	0.45	0.89	0.00
0	4	0.00	0.00	0.23	1.28	0.00
1	1	0.00	0.00	0.10	0.79	0.00
1	5	0.00	0.00	0.28	0.89	0.00
2	2	0.00	0.04	0.64	0.93	0.00
2	6	0.00	0.00	0.24	1.09	0.00
3	3	0.00	0.01	0.39	0.70	0.00
3	7	0.00	0.00	0.29	0.89	0.00
Core	CPU	C1%	C3%	C6%	C8%	C9%
-	-	0.00	0.31	0.59	1.52	0.00
0	0	0.00	0.00	0.49	1.40	0.00
0	4	0.00	0.00	0.20	1.09	0.00
1	1	0.00	0.03	0.56	2.07	0.00
1	5	0.00	0.00	0.63	1.97	0.00
2	2	0.00	2.47	0.76	0.37	0.00
2	6	0.00	0.01	1.18	1.29	0.00
3	3	0.00	0.01	0.46	1.97	0.00
3	7	0.00	0.00	0.44	1.97	0.00
Core	CPU	C1%	C3%	C6%	C8%	C9%
-	-	0.00	0.01	0.46	0.77	0.00
0	0	0.00	0.00	0.38	0.79	0.00
0	4	0.00	0.00	0.36	0.99	0.00
1	1	0.00	0.00	0.24	0.89	0.00
1	5	0.00	0.02	0.33	0.99	0.00
2	2	0.00	0.02	0.98	0.50	0.00
2	6	0.00	0.00	0.38	0.79	0.00
3	3	0.00	0.00	0.44	0.59	0.00
3	7	0.00	0.00	0.59	0.59	0.00
Core	CPU	C1%	C3%	C6%	C8%	C9%
-	-	0.00	0.00	0.61	1.19	0.00
0	0	0.00	0.00	0.37	0.89	0.00
0	4	0.00	0.00	1.15	0.59	0.00
1	1	0.00	0.02	1.08	2.09	0.00
1	5	0.00	0.00	0.36	1.78	0.00
2	2	0.00	0.01	0.67	0.99	0.00
2	6	0.00	0.00	0.58	0.99	0.00
3	3	0.00	0.00	0.41	1.31	0.00
3	7	0.00	0.00	0.29	0.89	0.00
Core	CPU	C1%	C3%	C6%	C8%	C9%
-	-	0.00	0.00	0.60	0.70	0.00
0	0	0.00	0.00	0.53	0.00	0.00
0	4	0.00	0.00	0.68	0.60	0.00
1	1	0.00	0.00	0.28	0.89	0.00
1	5	0.00	0.00	0.26	0.93	0.00
2	2	0.00	0.01	1.34	0.79	0.00
2	6	0.00	0.02	0.99	0.79	0.00
3	3	0.00	0.00	0.29	0.79	0.00
3	7	0.00	0.00	0.40	0.82	0.00
Core	CPU	C1%	C3%	C6%	C8%	C9%
-	-	0.01	0.02	0.43	1.32	0.00
0	0	0.05	0.02	0.82	0.71	0.00
0	4	0.00	0.00	0.57	2.19	0.00
1	1	0.00	0.00	0.34	1.00	0.00
1	5	0.00	0.04	0.36	2.97	0.00
2	2	0.00	0.05	0.55	1.00	0.00
2	6	0.00	0.00	0.28	0.80	0.00
3	3	0.00	0.00	0.36	0.70	0.00
3	7	0.00	0.03	0.18	1.22	0.00
Core	CPU	C1%	C3%	C6%	C8%	C9%
-	-	0.00	0.00	0.37	0.88	0.00
0	0	0.00	0.00	0.67	0.40	0.00
0	4	0.00	0.00	0.36	0.79	0.00
1	1	0.00	0.00	0.72	0.69	0.00
1	5	0.00	0.00	0.13	1.04	0.00
2	2	0.00	0.00	0.21	0.91	0.00
2	6	0.00	0.00	0.29	1.09	0.00
3	3	0.00	0.00	0.36	0.99	0.00
3	7	0.00	0.00	0.25	1.09	0.00
Core	CPU	C1%	C3%	C6%	C8%	C9%
-	-	0.00	0.10	0.57	3.93	0.00
0	0	0.00	0.00	0.19	0.99	0.00
0	4	0.00	0.00	0.36	0.89	0.00
1	1	0.00	0.00	0.17	0.99	0.00
1	5	0.00	0.02	1.14	0.89	0.00
2	2	0.00	0.65	0.46	0.07	0.00
2	6	0.00	0.00	0.27	0.80	0.00
3	3	0.00	0.00	0.55	0.20	0.00
3	7	0.02	0.13	1.41	26.64	0.00
Core	CPU	C1%	C3%	C6%	C8%	C9%
-	-	0.00	0.01	0.44	0.86	0.00
0	0	0.00	0.00	0.36	0.89	0.00
0	4	0.00	0.00	0.14	1.19	0.00
1	1	0.00	0.01	0.40	0.49	0.00
1	5	0.00	0.00	0.29	0.90	0.00
2	2	0.00	0.03	1.06	0.50	0.00
2	6	0.00	0.00	0.25	0.99	0.00
3	3	0.00	0.02	0.39	0.90	0.00
3	7	0.00	0.00	0.68	1.06	0.00
Core	CPU	C1%	C3%	C6%	C8%	C9%
-	-	0.00	0.00	0.58	1.29	0.00
0	0	0.00	0.00	0.78	2.29	0.00
0	4	0.00	0.00	0.33	2.07	0.00
1	1	0.00	0.00	0.28	1.19	0.00
1	5	0.00	0.00	0.82	1.09	0.00
2	2	0.00	0.02	1.14	0.79	0.00
2	6	0.00	0.00	0.60	0.79	0.00
3	3	0.00	0.00	0.20	1.08	0.00
3	7	0.00	0.00	0.45	0.98	0.00
Core	CPU	C1%	C3%	C6%	C8%	C9%
-	-	0.00	0.01	0.33	0.77	0.00
0	0	0.00	0.00	0.10	0.39	0.00
0	4	0.00	0.00	0.56	0.60	0.00
1	1	0.00	0.00	0.24	0.90	0.00
1	5	0.00	0.00	0.36	1.00	0.00
2	2	0.00	0.05	0.55	0.90	0.00
2	6	0.00	0.00	0.28	0.89	0.00
3	3	0.00	0.00	0.35	0.79	0.00
3	7	0.00	0.00	0.22	0.69	0.00
Core	CPU	C1%	C3%	C6%	C8%	C9%
-	-	0.00	0.00	0.39	0.71	0.00
0	0	0.00	0.00	0.37	0.69	0.00
0	4	0.00	0.00	0.24	0.69	0.00
1	1	0.00	0.00	0.22	0.40	0.00
1	5	0.00	0.00	0.26	0.70	0.00
2	2	0.00	0.00	1.09	0.60	0.00
2	6	0.00	0.00	0.45	0.69	0.00
3	3	0.00	0.00	0.22	1.10	0.00
3	7	0.00	0.00	0.29	0.79	0.00
Core	CPU	C1%	C3%	C6%	C8%	C9%
-	-	0.00	0.00	0.43	0.74	0.00
0	0	0.00	0.00	0.71	0.00	0.00
0	4	0.00	0.01	0.59	0.30	0.00
1	1	0.00	0.00	0.19	0.99	0.00
1	5	0.00	0.00	0.54	0.91	0.00
2	2	0.00	0.01	0.45	1.08	0.00
2	6	0.00	0.00	0.41	0.80	0.00
3	3	0.00	0.00	0.19	1.09	0.00
3	7	0.00	0.00	0.32	0.78	0.00
Core	CPU	C1%	C3%	C6%	C8%	C9%
-	-	0.00	0.14	0.52	0.99	0.00
0	0	0.00	0.00	1.02	1.10	0.00
0	4	0.00	0.00	0.38	0.89	0.00
1	1	0.00	0.00	0.35	1.27	0.00
1	5	0.00	0.00	1.01	0.79	0.00
2	2	0.00	1.09	0.52	0.45	0.00
2	6	0.00	0.00	0.20	0.98	0.00
3	3	0.00	0.00	0.45	1.37	0.00
3	7	0.00	0.00	0.23	1.08	0.00
Core	CPU	C1%	C3%	C6%	C8%	C9%
-	-	0.00	0.01	0.55	0.75	0.00
0	0	0.00	0.00	0.35	1.38	0.00
0	4	0.00	0.00	0.65	0.69	0.00
1	1	0.00	0.00	0.22	0.79	0.00
1	5	0.00	0.00	0.10	0.59	0.00
2	2	0.00	0.01	0.59	1.18	0.00
2	6	0.00	0.00	0.36	0.99	0.00
3	3	0.00	0.04	1.06	0.39	0.00
3	7	0.00	0.01	1.09	0.00	0.00
Core	CPU	C1%	C3%	C6%	C8%	C9%
-	-	0.00	0.00	0.52	0.83	0.00
0	0	0.00	0.00	0.35	1.08	0.00
0	4	0.00	0.00	0.28	1.09	0.00
1	1	0.00	0.00	0.49	0.40	0.00
1	5	0.00	0.00	0.35	0.98	0.00
2	2	0.00	0.02	0.95	0.89	0.00
2	6	0.00	0.00	0.14	0.99	0.00
3	3	0.00	0.00	0.79	0.78	0.00
3	7	0.00	0.00	0.77	0.40	0.00
Core	CPU	C1%	C3%	C6%	C8%	C9%
-	-	0.00	0.00	0.48	1.09	0.00
0	0	0.00	0.01	0.29	0.79	0.00
0	4	0.00	0.00	0.38	1.19	0.00
1	1	0.00	0.00	0.35	1.23	0.00
1	5	0.00	0.00	0.33	1.38	0.00
2	2	0.00	0.02	1.30	0.61	0.00
2	6	0.00	0.00	0.29	1.29	0.00
3	3	0.00	0.00	0.46	1.08	0.00
3	7	0.00	0.00	0.42	1.19	0.00
Core	CPU	C1%	C3%	C6%	C8%	C9%
-	-	0.00	0.00	0.46	0.99	0.00
0	0	0.00	0.00	0.46	1.31	0.00
0	4	0.00	0.00	0.36	1.09	0.00
1	1	0.00	0.00	0.81	0.69	0.00
1	5	0.00	0.00	0.68	0.49	0.00
2	2	0.00	0.01	0.49	1.10	0.00
2	6	0.00	0.00	0.36	0.88	0.00
3	3	0.00	0.00	0.33	1.19	0.00
3	7	0.00	0.00	0.20	1.19	0.00
Core	CPU	C1%	C3%	C6%	C8%	C9%
-	-	0.00	0.00	0.31	0.96	0.00
0	0	0.00	0.00	0.14	0.40	0.00
0	4	0.00	0.00	0.21	0.69	0.00
1	1	0.00	0.00	0.18	0.90	0.00
1	5	0.00	0.00	0.36	0.80	0.00
2	2	0.00	0.00	0.81	1.20	0.00
2	6	0.00	0.00	0.31	1.49	0.00
3	3	0.00	0.00	0.18	1.00	0.00
3	7	0.00	0.00	0.27	1.18	0.00
Core	CPU	C1%	C3%	C6%	C8%	C9%
-	-	0.01	0.08	0.49	0.71	0.00
0	0	0.00	0.02	0.29	0.69	0.00
0	4	0.00	0.00	0.00	0.49	0.00
1	1	0.00	0.00	0.39	1.08	0.00
1	5	0.00	0.00	1.01	0.98	0.00
2	2	0.00	0.63	0.44	0.15	0.04
2	6	0.00	0.00	0.79	0.79	0.00
3	3	0.00	0.00	0.28	0.79	0.00
3	7	0.05	0.02	0.72	0.69	0.00
Core	CPU	C1%	C3%	C6%	C8%	C9%
-	-	0.00	0.01	0.47	0.79	0.00
0	0	0.00	0.00	0.53	0.70	0.00
0	4	0.00	0.00	0.36	0.79	0.00
1	1	0.00	0.00	0.49	0.70	0.00
1	5	0.00	0.01	0.19	0.80	0.00
2	2	0.00	0.04	0.66	0.89	0.00
2	6	0.00	0.00	0.37	0.89	0.00
3	3	0.00	0.00	0.25	1.09	0.00
3	7	0.00	0.03	0.89	0.49	0.00
Core	CPU	C1%	C3%	C6%	C8%	C9%
-	-	0.00	0.00	0.43	1.02	0.00
0	0	0.00	0.00	0.94	1.41	0.00
0	4	0.00	0.00	0.14	1.19	0.00
1	1	0.00	0.02	0.39	0.88	0.00
1	5	0.00	0.00	0.27	0.90	0.00
2	2	0.00	0.01	0.67	0.90	0.00
2	6	0.00	0.00	0.44	1.00	0.00
3	3	0.00	0.00	0.31	1.10	0.00
3	7	0.00	0.00	0.28	0.80	0.00
Core	CPU	C1%	C3%	C6%	C8%	C9%
-	-	0.00	0.00	0.65	0.95	0.00
0	0	0.00	0.00	0.13	0.79	0.00
0	4	0.00	0.00	0.19	0.89	0.00
1	1	0.00	0.00	0.28	1.09	0.00
1	5	0.00	0.00	0.74	1.12	0.00
2	2	0.00	0.02	1.42	0.89	0.00
2	6	0.00	0.02	0.99	0.49	0.00
3	3	0.00	0.00	0.20	1.18	0.00
3	7	0.00	0.00	1.22	1.18	0.00
Core	CPU	C1%	C3%	C6%	C8%	C9%
-	-	0.00	0.00	0.60	1.15	0.00
0	0	0.00	0.00	0.56	1.47	0.00
0	4	0.00	0.00	0.28	0.99	0.00
1	1	0.00	0.00	0.35	0.89	0.00
1	5	0.00	0.00	1.08	1.40	0.00
2	2	0.00	0.00	1.11	0.60	0.00
2	6	0.00	0.02	0.57	1.40	0.00
3	3	0.00	0.00	0.64	1.40	0.00
3	7	0.00	0.00	0.24	1.08	0.00
Core	CPU	C1%	C3%	C6%	C8%	C9%
-	-	0.00	0.01	0.45	1.06	0.00
0	0	0.00	0.00	0.27	1.09	0.00
0	4	0.00	0.00	0.35	1.19	0.00
1	1	0.00	0.00	0.53	0.00	0.00
1	5	0.00	0.01	0.88	0.79	0.00
2	2	0.00	0.01	0.60	1.19	0.00
2	6	0.00	0.00	0.37	0.89	0.00
3	3	0.00	0.00	0.25	1.28	0.00
3	7	0.00	0.03	0.38	2.08	0.00
Core	CPU	C1%	C3%	C6%	C8%	C9%
-	-	0.00	0.15	0.37	0.87	0.00
0	0	0.00	0.00	0.73	0.71	0.00
0	4	0.00	0.00	0.33	0.99	0.00
1	1	0.00	0.01	0.50	0.00	0.00
1	5	0.00	0.00	0.27	1.10	0.00
2	2	0.01	1.16	0.28	1.42	0.00
2	6	0.00	0.00	0.15	1.09	0.00
3	3	0.00	0.02	0.28	0.99	0.00
3	7	0.00	0.00	0.38	0.69	0.00
Core	CPU	C1%	C3%	C6%	C8%	C9%
-	-	0.00	0.01	0.40	0.68	0.00
0	0	0.00	0.02	0.14	0.70	0.00
0	4	0.00	0.00	0.10	0.50	0.00
1	1	0.00	0.00	0.27	0.89	0.00
1	5	0.00	0.00	0.25	1.01	0.00
2	2	0.00	0.03	0.51	0.68	0.00
2	6	0.00	0.00	0.89	0.79	0.00
3	3	0.00	0.02	0.56	0.39	0.00
3	7	0.00	0.00	0.48	0.50	0.00
Core	CPU	C1%	C3%	C6%	C8%	C9%
-	-	0.00	0.00	0.68	1.06	0.00
0	0	0.00	0.00	0.25	0.88	0.00
0	4	0.00	0.00	0.28	1.29	0.00
1	1	0.00	0.00	0.54	1.09	0.00
1	5	0.00	0.00	1.19	1.47	0.00
2	2	0.00	0.01	0.99	1.01	0.00
2	6	0.00	0.00	0.47	1.10	0.00
3	3	0.00	0.00	0.83	0.90	0.00
3	7	0.00	0.00	0.86	0.70	0.00
Core	CPU	C1%	C3%	C6%	C8%	C9%
-	-	0.01	0.00	0.53	0.90	0.00
0	0	0.00	0.00	0.61	1.31	0.00
0	4	0.00	0.00	0.42	1.01	0.00
1	1	0.00	0.00	0.30	0.82	0.00
1	5	0.10	0.00	0.18	0.61	0.00
2	2	0.00	0.01	0.67	0.89	0.00
2	6	0.00	0.00	0.53	0.72	0.00
3	3	0.00	0.00	0.57	0.92	0.00
3	7	0.00	0.00	0.94	0.92	0.00
Core	CPU	C1%	C3%	C6%	C8%	C9%
-	-	0.00	0.00	0.62	1.05	0.00
0	0	0.00	0.00	0.51	1.78	0.00
0	4	0.00	0.00	0.23	1.28	0.00
1	1	0.00	0.00	0.19	1.08	0.00
1	5	0.00	0.00	1.74	0.79	0.00
2	2	0.00	0.02	0.96	0.68	0.00
2	6	0.00	0.00	0.83	0.79	0.00
3	3	0.00	0.01	0.20	0.99	0.00
3	7	0.00	0.00	0.28	0.98	0.00
Core	CPU	C1%	C3%	C6%	C8%	C9%
-	-	0.00	0.04	0.81	4.60	0.00
0	0	0.00	0.02	0.23	1.18	0.00
0	4	0.00	0.00	0.58	0.99	0.00
1	1	0.00	0.00	1.27	1.50	0.00
1	5	0.00	0.00	0.36	1.27	0.00
2	2	0.00	0.05	1.57	0.61	0.00
2	6	0.00	0.00	0.79	0.80	0.00
3	3	0.00	0.00	0.38	1.29	0.00
3	7	0.02	0.22	1.29	29.15	0.00
Core	CPU	C1%	C3%	C6%	C8%	C9%
-	-	0.00	0.19	0.45	0.69	0.00
0	0	0.00	0.00	0.10	0.39	0.00
0	4	0.00	0.00	0.28	0.88	0.00
1	1	0.00	0.00	0.25	0.88	0.00
1	5	0.00	0.00	1.00	1.08	0.00
2	2	0.00	1.53	0.48	0.06	0.00
2	6	0.00	0.00	0.19	0.89	0.00
3	3	0.00	0.00	0.50	0.89	0.00
3	7	0.00	0.03	0.79	0.39	0.00
Core	CPU	C1%	C3%	C6%	C8%	C9%
-	-	0.00	0.00	0.45	1.13	0.00
0	0	0.00	0.00	0.75	1.22	0.00
0	4	0.00	0.00	0.23	1.00	0.00
1	1	0.00	0.02	0.27	1.11	0.00
1	5	0.00	0.00	0.37	0.80	0.00
2	2	0.00	0.01	0.48	1.10	0.00
2	6	0.00	0.00	0.62	1.21	0.00
3	3	0.00	0.00	0.58	1.33	0.00
3	7	0.00	0.00	0.28	1.30	0.00
Core	CPU	C1%	C3%	C6%	C8%	C9%
-	-	0.00	0.00	0.63	1.25	0.00
0	0	0.00	0.00	0.41	0.81	0.00
0	4	0.00	0.00	0.39	1.48	0.00
1	1	0.00	0.00	0.28	1.31	0.00
1	5	0.00	0.00	1.50	1.21	0.00
2	2	0.00	0.00	0.84	1.00	0.00
2	6	0.00	0.00	0.49	1.02	0.00
3	3	0.00	0.00	0.46	1.61	0.00
3	7	0.00	0.00	0.68	1.61	0.00
Core	CPU	C1%	C3%	C6%	C8%	C9%
-	-	0.00	0.00	0.29	0.94	0.00
0	0	0.00	0.00	0.00	0.50	0.00
0	4	0.00	0.00	0.27	0.90	0.00
1	1	0.00	0.00	0.25	0.98	0.00
1	5	0.00	0.00	0.32	0.99	0.00
2	2	0.00	0.02	0.60	0.89	0.00
2	6	0.00	0.00	0.19	0.98	0.00
3	3	0.00	0.00	0.36	0.69	0.00
3	7	0.00	0.00	0.32	1.58	0.00
Core	CPU	C1%	C3%	C6%	C8%	C9%
-	-	0.00	0.00	0.52	0.82	0.00
0	0	0.00	0.00	0.45	1.19	0.00
0	4	0.00	0.00	0.45	1.19	0.00
1	1	0.00	0.00	0.72	0.29	0.00
1	5	0.00	0.01	0.48	0.00	0.00
2	2	0.00	0.00	1.20	0.50	0.00
2	6	0.00	0.00	0.37	0.99	0.00
3	3	0.00	0.00	0.24	1.09	0.00
3	7	0.00	0.00	0.29	1.29	0.00
Core	CPU	C1%	C3%	C6%	C8%	C9%
-	-	0.00	0.00	0.36	0.98	0.00
0	0	0.00	0.00	0.33	1.29	0.00
0	4	0.00	0.00	0.22	1.19	0.00
1	1	0.00	0.00	0.38	0.50	0.00
1	5	0.00	0.00	0.47	0.70	0.00
2	2	0.00	0.02	0.56	1.08	0.00
2	6	0.00	0.00	0.33	0.80	0.00
3	3	0.00	0.00	0.28	1.20	0.00
3	7	0.00	0.00	0.28	1.09	0.00
Core	CPU	C1%	C3%	C6%	C8%	C9%
-	-	0.00	0.09	0.31	0.82	0.00
0	0	0.00	0.00	0.39	1.00	0.00
0	4	0.00	0.00	0.19	1.10	0.00
1	1	0.00	0.00	0.28	0.89	0.00
1	5	0.00	0.00	0.53	0.79	0.00
2	2	0.00	0.69	0.39	0.11	0.00
2	6	0.00	0.00	0.10	1.09	0.00
3	3	0.00	0.00	0.38	0.69	0.00
3	7	0.00	0.00	0.25	0.89	0.00
Core	CPU	C1%	C3%	C6%	C8%	C9%
-	-	0.00	0.01	0.78	0.65	0.00
0	0	0.00	0.00	0.56	0.99	0.00
0	4	0.00	0.00	0.26	0.89	0.00
1	1	0.00	0.00	0.93	0.79	0.00
1	5	0.00	0.02	0.99	0.79	0.00
2	2	0.00	0.05	0.97	0.58	0.00
2	6	0.00	0.00	0.37	0.79	0.00
3	3	0.00	0.00	1.11	0.11	0.00
3	7	0.00	0.02	1.08	0.31	0.00
Core	CPU	C1%	C3%	C6%	C8%	C9%
-	-	0.00	0.00	0.61	0.88	0.00
0	0	0.00	0.00	0.45	0.88	0.00
0	4	0.00	0.00	0.23	0.79	0.00
1	1	0.00	0.00	0.29	0.90	0.00
1	5	0.00	0.00	1.13	1.01	0.00
2	2	0.00	0.01	0.76	1.10	0.00
2	6	0.00	0.00	0.33	1.20	0.00
3	3	0.00	0.02	0.85	0.70	0.00
3	7	0.00	0.00	0.80	0.50	0.00
Core	CPU	C1%	C3%	C6%	C8%	C9%
-	-	0.00	0.00	0.41	1.15	0.00
0	0	0.00	0.02	0.19	0.51	0.00
0	4	0.00	0.00	0.21	1.10	0.00
1	1	0.00	0.00	0.35	0.80	0.00
1	5	0.00	0.00	0.37	1.25	0.00
2	2	0.00	0.01	0.80	1.01	0.00
2	6	0.00	0.00	0.18	1.00	0.00
3	3	0.00	0.00	0.45	1.69	0.00
3	7	0.00	0.00	0.72	1.79	0.00
Core	CPU	C1%	C3%	C6%	C8%	C9%
-	-	0.00	0.01	0.38	0.95	0.00
0	0	0.00	0.00	0.32	1.10	0.00
0	4	0.00	0.00	0.27	0.89	0.00
1	1	0.00	0.00	0.15	0.98	0.00
1	5	0.00	0.00	0.40	1.18	0.00
2	2	0.00	0.04	0.97	0.50	0.00
2	6	0.00	0.00	0.28	0.89	0.00
3	3	0.00	0.00	0.36	0.89	0.00
3	7	0.00	0.03	0.28	1.19	0.00
Core	CPU	C1%	C3%	C6%	C8%	C9%
-	-	0.00	0.01	0.38	1.14	0.00
0	0	0.00	0.00	0.45	0.89	0.00
0	4	0.00	0.00	0.51	1.90	0.00
1	1	0.00	0.03	0.39	1.49	0.00
1	5	0.00	0.00	0.29	0.99	0.00
2	2	0.00	0.00	0.78	0.79	0.00
2	6	0.00	0.00	0.24	1.00	0.00
3	3	0.00	0.02	0.29	1.10	0.00
3	7	0.00	0.01	0.10	0.98	0.00
Core	CPU	C1%	C3%	C6%	C8%	C9%
-	-	0.00	0.19	0.67	0.70	0.00
0	0	0.00	0.00	0.03	0.50	0.00
0	4	0.00	0.00	0.10	0.89	0.00
1	1	0.00	0.00	0.97	0.79	0.00
1	5	0.00	0.00	1.41	1.03	0.00
2	2	0.00	1.52	0.56	0.00	0.00
2	6	0.00	0.01	0.99	0.80	0.00
3	3	0.00	0.00	0.34	1.19	0.00
3	7	0.00	0.00	0.94	0.39	0.00
Core	CPU	C1%	C3%	C6%	C8%	C9%
-	-	0.00	0.01	0.40	1.00	0.00
0	0	0.00	0.00	0.28	0.99	0.00
0	4	0.00	0.00	0.36	1.19	0.00
1	1	0.00	0.05	0.20	0.89	0.00
1	5	0.00	0.00	0.22	0.89	0.00
2	2	0.00	0.00	1.11	0.69	0.00
2	6	0.00	0.00	0.38	1.09	0.00
3	3	0.00	0.00	0.45	0.90	0.00
3	7	0.00	0.00	0.23	1.37	0.00
Core	CPU	C1%	C3%	C6%	C8%	C9%
-	-	0.00	0.00	0.53	1.40	0.00
0	0	0.00	0.00	0.73	2.49	0.00
0	4	0.00	0.00	0.34	1.39	0.00
1	1	0.00	0.00	0.60	0.89	0.00
1	5	0.00	0.00	0.55	1.89	0.00
2	2	0.00	0.02	0.98	1.08	0.00
2	6	0.00	0.00	0.36	0.69	0.00
3	3	0.00	0.00	0.23	1.29	0.00
3	7	0.00	0.00	0.44	1.48	0.00
Core	CPU	C1%	C3%	C6%	C8%	C9%
-	-	0.00	0.01	0.77	0.67	0.00
0	0	0.00	0.00	0.62	0.00	0.00
0	4	0.00	0.01	1.47	0.59	0.00
1	1	0.00	0.00	0.74	0.99	0.00
1	5	0.00	0.00	0.46	0.71	0.00
2	2	0.00	0.02	1.24	0.39	0.00
2	6	0.00	0.03	0.78	0.79	0.00
3	3	0.00	0.00	0.29	0.89	0.00
3	7	0.00	0.04	0.52	0.99	0.00
Core	CPU	C1%	C3%	C6%	C8%	C9%
-	-	0.00	0.00	0.60	0.73	0.00
0	0	0.00	0.00	0.52	0.20	0.00
0	4	0.00	0.00	0.93	0.92	0.00
1	1	0.00	0.00	0.28	0.89	0.00
1	5	0.00	0.00	0.33	0.95	0.00
2	2	0.00	0.00	0.95	0.60	0.00
2	6	0.00	0.00	0.69	0.60	0.00
3	3	0.00	0.00	0.28	1.09	0.00
3	7	0.00	0.00	0.80	0.59	0.00
Core	CPU	C1%	C3%	C6%	C8%	C9%
-	-	0.00	0.00	0.45	1.04	0.00
0	0	0.00	0.00	0.27	0.99	0.00
0	4	0.00	0.00	0.82	1.29	0.00
1	1	0.00	0.00	0.32	0.80	0.00
1	5	0.00	0.00	0.28	0.81	0.00
2	2	0.00	0.02	0.79	1.40	0.00
2	6	0.00	0.00	0.45	0.79	0.00
3	3	0.00	0.00	0.40	1.11	0.00
3	7	0.00	0.00	0.28	1.10	0.00
Core	CPU	C1%	C3%	C6%	C8%	C9%
-	-	0.01	0.08	0.71	0.78	0.00
0	0	0.00	0.00	1.08	0.20	0.00
0	4	0.00	0.02	1.32	0.10	0.00
1	1	0.00	0.00	0.67	0.83	0.00
1	5	0.00	0.00	0.54	1.94	0.00
2	2	0.00	0.63	0.69	0.39	0.00
2	6	0.06	0.01	0.69	0.40	0.00
3	3	0.00	0.00	0.37	1.68	0.00
3	7	0.00	0.00	0.30	0.69	0.00
Core	CPU	C1%	C3%	C6%	C8%	C9%
-	-	0.00	0.00	0.75	0.80	0.00
0	0	0.00	0.00	0.28	1.08	0.00
0	4	0.00	0.00	0.36	0.89	0.00
1	1	0.00	0.00	0.61	0.40	0.00
1	5	0.00	0.00	0.82	0.89	0.00
2	2	0.00	0.02	1.47	0.70	0.00
2	6	0.00	0.00	0.45	0.90	0.00
3	3	0.00	0.00	0.91	0.90	0.00
3	7	0.00	0.00	1.07	0.60	0.00
Core	CPU	C1%	C3%	C6%	C8%	C9%
-	-	0.00	0.01	0.52	0.65	0.00
0	0	0.00	0.00	0.53	0.79	0.00
0	4	0.00	0.00	0.23	0.69	0.00
1	1	0.00	0.00	0.38	0.30	0.00
1	5	0.00	0.00	0.36	0.99	0.00
2	2	0.00	0.01	1.16	0.39	0.00
2	6	0.00	0.00	0.83	0.79	0.00
3	3	0.00	0.04	0.27	0.60	0.00
3	7	0.00	0.00	0.43	0.69	0.00
Core	CPU	C1%	C3%	C6%	C8%	C9%
-	-	0.00	0.03	0.53	4.37	0.00
0	0	0.00	0.02	0.19	0.69	0.00
0	4	0.00	0.00	0.10	0.89	0.00
1	1	0.00	0.00	0.32	0.89	0.00
1	5	0.00	0.00	0.45	0.79	0.00
2	2	0.00	0.02	1.03	0.86	0.00
2	6	0.00	0.00	0.29	1.09	0.00
3	3	0.00	0.00	0.28	0.98	0.00
3	7	0.01	0.24	1.60	28.72	0.00
Core	CPU	C1%	C3%	C6%	C8%	C9%
-	-	0.00	0.00	0.41	1.02	0.00
0	0	0.00	0.00	0.28	1.10	0.00
0	4	0.00	0.00	0.18	1.09	0.00
1	1	0.00	0.00	0.44	1.00	0.00
1	5	0.00	0.00	0.22	1.14	0.00
2	2	0.00	0.02	1.12	0.89	0.00
2	6	0.00	0.00	0.10	1.10	0.00
3	3	0.00	0.00	0.19	1.09	0.00
3	7	0.00	0.00	0.75	0.79	0.00
Core	CPU	C1%	C3%	C6%	C8%	C9%
-	-	0.00	0.09	0.39	0.91	0.00
0	0	0.00	0.00	0.57	1.00	0.00
0	4	0.00	0.58	0.35	1.00	0.00
1	1	0.00	0.04	0.18	0.90	0.00
1	5	0.00	0.02	0.28	0.89	0.00
2	2	0.00	0.04	0.65	0.81	0.00
2	6	0.00	0.00	0.26	0.80	0.00
3	3	0.00	0.00	0.42	1.00	0.00
3	7	0.00	0.03	0.37	0.90	0.00
Core	CPU	C1%	C3%	C6%	C8%	C9%
-	-	0.00	0.21	0.37	0.63	0.00
0	0	0.00	0.00	0.46	0.49	0.00
0	4	0.00	0.00	0.11	0.59	0.00
1	1	0.00	0.02	0.49	0.01	0.00
1	5	0.00	0.00	0.97	0.79	0.00
2	2	0.00	1.63	0.45	0.00	0.00
2	6	0.00	0.00	0.15	1.19	0.00
3	3	0.00	0.02	0.12	0.99	0.00
3	7	0.00	0.00	0.20	0.98	0.00
Core	CPU	C1%	C3%	C6%	C8%	C9%
-	-	0.00	0.00	0.65	1.15	0.00
0	0	0.00	0.00	0.92	0.50	0.00
0	4	0.00	0.02	0.78	0.59	0.00
1	1	0.00	0.00	0.38	1.49	0.00
1	5	0.00	0.00	0.37	1.38	0.00
2	2	0.00	0.00	0.76	1.60	0.00
2	6	0.00	0.00	0.52	1.50	0.00
3	3	0.00	0.02	1.18	0.61	0.00
3	7	0.00	0.00	0.28	1.50	0.00
Core	CPU	C1%	C3%	C6%	C8%	C9%
-	-	0.00	0.01	0.52	1.12	0.00
0	0	0.00	0.00	1.12	1.48	0.00
0	4	0.00	0.00	0.73	0.79	0.00
1	1	0.00	0.00	0.28	1.09	0.00
1	5	0.00	0.00	0.44	1.08	0.00
2	2	0.00	0.04	0.60	1.30	0.00
2	6	0.00	0.02	0.29	1.29	0.00
3	3	0.00	0.00	0.20	1.18	0.00
3	7	0.00	0.00	0.45	0.79	0.00
Core	CPU	C1%	C3%	C6%	C8%	C9%
-	-	0.00	0.00	0.32	0.86	0.00
0	0	0.00	0.00	0.09	0.40	0.00
0	4	0.00	0.00	0.35	0.80	0.00
1	1	0.00	0.00	0.23	0.90	0.00
1	5	0.00	0.00	0.21	1.09	0.00
2	2	0.00	0.00	0.50	1.01	0.00
2	6	0.00	0.00	0.36	0.90	0.00
3	3	0.00	0.00	0.44	0.60	0.00
3	7	0.00	0.00	0.40	1.20	0.00
Core	CPU	C1%	C3%	C6%	C8%	C9%
-	-	0.00	0.00	0.60	0.85	0.00
0	0	0.00	0.00	0.55	0.69	0.00
0	4	0.00	0.00	0.23	0.70	0.00
1	1	0.00	0.00	0.29	0.61	0.00
1	5	0.00	0.00	1.43	0.90	0.00
2	2	0.00	0.00	0.96	1.09	0.00
2	6	0.00	0.00	0.34	0.89	0.00
3	3	0.00	0.00	0.70	0.90	0.00
3	7	0.00	0.00	0.28	1.00	0.00
Core	CPU	C1%	C3%	C6%	C8%	C9%
-	-	0.00	0.00	0.74	0.76	0.00
0	0	0.00	0.00	0.53	0.19	0.00
0	4	0.00	0.00	0.59	0.39	0.00
1	1	0.00	0.00	0.97	0.79	0.00
1	5	0.00	0.00	0.65	1.02	0.00
2	2	0.00	0.01	1.49	0.90	0.00
2	6	0.00	0.02	0.99	0.79	0.00
3	3	0.00	0.00	0.29	1.08	0.00
3	7	0.00	0.00	0.36	0.88	0.00
Core	CPU	C1%	C3%	C6%	C8%	C9%
-	-	0.00	0.13	0.35	0.87	0.00
0	0	0.00	0.00	0.31	0.70	0.00
0	4	0.00	0.00	0.28	0.89	0.00
1	1	0.00	0.00	0.25	0.89	0.00
1	5	0.00	0.03	0.36	1.28	0.00
2	2	0.00	1.03	0.51	0.13	0.00
2	6	0.00	0.00	0.38	0.70	0.00
3	3	0.00	0.00	0.45	1.07	0.00
3	7	0.00	0.00	0.22	1.28	0.00
Core	CPU	C1%	C3%	C6%	C8%	C9%
-	-	0.00	0.00	0.44	1.00	0.00
0	0	0.00	0.00	0.45	0.40	0.00
0	4	0.00	0.00	0.23	0.99	0.00
1	1	0.00	0.02	0.37	0.51	0.00
1	5	0.00	0.00	0.47	0.99	0.00
2	2	0.00	0.01	0.66	1.33	0.00
2	6	0.00	0.00	0.53	1.00	0.00
3	3	0.00	0.00	0.39	1.30	0.00
3	7	0.00	0.00	0.36	1.50	0.00
Core	CPU	C1%	C3%	C6%	C8%	C9%
-	-	0.03	0.01	0.58	1.16	0.00
0	0	0.25	0.00	0.32	1.09	0.00
0	4	0.00	0.02	0.42	1.09	0.00
1	1	0.00	0.00	0.41	1.58	0.00
1	5	0.00	0.00	0.96	1.12	0.00
2	2	0.00	0.04	0.70	0.80	0.00
2	6	0.00	0.00	0.41	1.69	0.00
3	3	0.00	0.01	1.09	0.90	0.00
3	7	0.00	0.00	0.36	0.99	0.00
Core	CPU	C1%	C3%	C6%	C8%	C9%
-	-	0.00	0.00	0.38	0.95	0.00
0	0	0.00	0.00	0.10	0.40	0.00
0	4	0.00	0.00	0.27	0.90	0.00
1	1	0.00	0.00	0.54	0.80	0.00
1	5	0.00	0.00	0.33	0.89	0.00
2	2	0.00	0.01	0.49	1.09	0.00
2	6	0.00	0.00	0.28	0.80	0.00
3	3	0.00	0.00	0.72	1.40	0.00
3	7	0.00	0.00	0.34	1.30	0.00
Core	CPU	C1%	C3%	C6%	C8%	C9%
-	-	0.00	0.00	0.60	1.09	0.00
0	0	0.00	0.00	0.49	1.28	0.00
0	4	0.00	0.00	0.23	1.48	0.00
1	1	0.00	0.00	0.40	0.50	0.00
1	5	0.00	0.00	0.95	0.99	0.00
2	2	0.00	0.00	1.45	1.20	0.00
2	6	0.00	0.00	0.51	1.40	0.00
3	3	0.00	0.00	0.28	1.19	0.00
3	7	0.00	0.00	0.48	0.69	0.00
Core	CPU	C1%	C3%	C6%	C8%	C9%
-	-	0.01	0.00	0.55	0.98	0.00
0	0	0.05	0.00	0.53	0.50	0.00
0	4	0.00	0.00	0.32	1.57	0.00
1	1	0.00	0.00	0.56	1.09	0.00
1	5	0.00	0.00	0.52	1.00	0.00
2	2	0.00	0.02	1.04	0.79	0.00
2	6	0.00	0.00	0.59	0.90	0.00
3	3	0.00	0.00	0.38	1.19	0.00
3	7	0.00	0.00	0.46	0.79	0.00
Core	CPU	C1%	C3%	C6%	C8%	C9%
-	-	0.00	0.21	0.47	0.57	0.00
0	0	0.00	0.00	0.70	0.19	0.00
0	4	0.00	0.00	0.29	0.79	0.00
1	1	0.00	0.00	0.37	0.59	0.00
1	5	0.00	0.00	0.54	0.59	0.00
2	2	0.00	1.67	0.46	0.10	0.00
2	6	0.00	0.00	0.21	0.69	0.00
3	3	0.00	0.00	0.79	0.80	0.00
3	7	0.00	0.00	0.38	0.79	0.00
Core	CPU	C1%	C3%	C6%	C8%	C9%
-	-	0.00	0.01	0.52	0.78	0.00
0	0	0.00	0.01	0.49	0.39	0.00
0	4	0.00	0.00	0.83	0.69	0.00
1	1	0.00	0.00	0.40	0.89	0.00
1	5	0.00	0.00	0.30	0.89	0.00
2	2	0.00	0.04	1.28	0.90	0.00
2	6	0.00	0.00	0.30	0.98	0.00
3	3	0.00	0.00	0.37	0.79	0.00
3	7	0.00	0.00	0.24	0.69	0.00
Core	CPU	C1%	C3%	C6%	C8%	C9%
-	-	0.00	0.00	0.53	1.06	0.00
0	0	0.00	0.00	0.50	1.39	0.00
0	4	0.00	0.00	0.36	0.79	0.00
1	1	0.00	0.00	0.82	0.40	0.00
1	5	0.00	0.01	0.96	1.08	0.00
2	2	0.00	0.00	0.69	1.30	0.00
2	6	0.00	0.00	0.41	0.99	0.00
3	3	0.00	0.00	0.23	1.19	0.00
3	7	0.00	0.00	0.29	1.30	0.00
Core	CPU	C1%	C3%	C6%	C8%	C9%
-	-	0.00	0.00	0.46	0.87	0.00
0	0	0.00	0.00	0.27	0.99	0.00
0	4	0.00	0.00	0.85	0.80	0.00
1	1	0.00	0.00	0.15	0.80	0.00
1	5	0.00	0.00	0.14	1.01	0.00
2	2	0.00	0.01	0.82	0.79	0.00
2	6	0.00	0.02	1.00	0.59	0.00
3	3	0.00	0.00	0.08	0.60	0.00
3	7	0.00	0.00	0.41	1.38	0.00
Core	CPU	C1%	C3%	C6%	C8%	C9%
-	-	0.00	0.00	0.61	0.72	0.00
0	0	0.00	0.00	0.71	0.49	0.00
0	4	0.00	0.00	0.50	0.00	0.00
1	1	0.00	0.00	0.28	0.89	0.00
1	5	0.00	0.00	0.34	0.94	0.00
2	2	0.00	0.00	0.83	0.79	0.00
2	6	0.00	0.02	0.89	0.79	0.00
3	3	0.00	0.00	0.29	0.98	0.00
3	7	0.00	0.00	1.07	0.89	0.00
Core	CPU	C1%	C3%	C6%	C8%	C9%
-	-	0.00	0.00	0.42	0.92	0.00
0	0	0.00	0.00	0.20	1.08	0.00
0	4	0.00	0.00	0.37	0.99	0.00
1	1	0.00	0.00	0.15	0.99	0.00
1	5	0.00	0.00	0.22	0.98	0.00
2	2	0.00	0.00	0.68	0.80	0.00
2	6	0.00	0.00	0.28	0.79	0.00
3	3	0.00	0.00	0.45	1.09	0.00
3	7	0.00	0.02	1.04	0.68	0.00
Core	CPU	C1%	C3%	C6%	C8%	C9%
-	-	0.00	0.20	0.36	1.09	0.00
0	0	0.00	0.00	0.83	2.28	0.00
0	4	0.00	0.00	0.43	1.08	0.00
1	1	0.00	0.02	0.16	0.50	0.00
1	5	0.00	0.00	0.17	1.59	0.00
2	2	0.01	1.57	0.18	0.00	0.00
2	6	0.00	0.00	0.35	0.79	0.00
3	3	0.00	0.00	0.30	1.29	0.00
3	7	0.00	0.03	0.44	1.17	0.00
Core	CPU	C1%	C3%	C6%	C8%	C9%
-	-	0.00	0.01	0.56	0.77	0.00
0	0	0.00	0.00	0.63	0.00	0.00
0	4	0.00	0.00	0.53	0.30	0.00
1	1	0.00	0.04	0.55	0.89	0.00
1	5	0.00	0.00	0.26	0.93	0.00
2	2	0.00	0.00	0.83	0.79	0.00
2	6	0.00	0.02	0.89	0.79	0.00
3	3	0.00	0.00	0.36	1.39	0.00
3	7	0.00	0.00	0.47	1.09	0.00
Core	CPU	C1%	C3%	C6%	C8%	C9%
-	-	0.00	0.01	0.62	4.08	0.00
0	0	0.00	0.00	0.39	0.10	0.00
0	4	0.00	0.00	0.34	0.89	0.00
1	1	0.00	0.01	0.98	0.69	0.00
1	5	0.00	0.00	0.31	0.89	0.00
2	2	0.00	0.00	0.39	0.79	0.00
2	6	0.00	0.00	0.45	0.69	0.00
3	3	0.00	0.00	0.36	0.88	0.00
3	7	0.02	0.10	1.76	27.69	0.00
Core	CPU	C1%	C3%	C6%	C8%	C9%
-	-	0.00	0.01	0.53	0.76	0.00
0	0	0.00	0.00	0.37	1.08	0.00
0	4	0.00	0.00	0.33	1.09	0.00
1	1	0.00	0.03	0.89	0.10	0.00
1	5	0.00	0.00	0.29	0.59	0.00
2	2	0.00	0.00	0.27	0.89	0.00
2	6	0.00	0.00	0.35	0.89	0.00
3	3	0.00	0.02	0.79	0.89	0.00
3	7	0.00	0.00	0.96	0.59	0.00
Core	CPU	C1%	C3%	C6%	C8%	C9%
-	-	0.00	0.01	0.53	0.77	0.00
0	0	0.00	0.00	0.78	1.41	0.00
0	4	0.00	0.00	0.52	0.00	0.00
1	1	0.00	0.04	0.85	0.11	0.00
1	5	0.00	0.00	0.36	0.89	0.00
2	2	0.00	0.00	0.15	0.98	0.00
2	6	0.00	0.00	0.33	0.89	0.00
3	3	0.00	0.00	0.67	1.30	0.00
3	7	0.00	0.00	0.59	0.59	0.00
Core	CPU	C1%	C3%	C6%	C8%	C9%
-	-	0.00	0.00	0.41	0.82	0.00
0	0	0.00	0.00	0.10	0.78	0.00
0	4	0.00	0.00	0.38	0.89	0.00
1	1	0.00	0.01	0.77	0.87	0.00
1	5	0.00	0.00	0.83	0.79	0.00
2	2	0.00	0.01	0.39	0.89	0.00
2	6	0.00	0.00	0.19	0.88	0.00
3	3	0.00	0.00	0.37	0.79	0.00
3	7	0.00	0.00	0.23	0.69	0.00
Core	CPU	C1%	C3%	C6%	C8%	C9%
-	-	0.00	0.19	0.54	0.60	0.00
0	0	0.00	0.00	0.47	0.49	0.00
0	4	0.00	0.00	0.35	0.59	0.00
1	1	0.00	0.01	1.04	0.00	0.00
1	5	0.00	0.00	1.36	0.48	0.00
2	2	0.01	1.48	0.18	0.00	0.00
2	6	0.00	0.00	0.36	0.89	0.00
3	3	0.00	0.00	0.37	1.27	0.00
3	7	0.00	0.00	0.20	1.08	0.00
Core	CPU	C1%	C3%	C6%	C8%	C9%
-	-	0.00	0.00	0.44	1.00	0.00
0	0	0.00	0.00	0.24	1.38	0.00
0	4	0.00	0.00	0.23	0.49	0.00
1	1	0.00	0.00	0.90	0.09	0.00
1	5	0.00	0.00	0.54	1.33	0.00
2	2	0.00	0.00	0.71	1.71	0.00
2	6	0.00	0.00	0.32	1.09	0.00
3	3	0.00	0.00	0.19	1.00	0.00
3	7	0.00	0.00	0.37	0.90	0.00
Core	CPU	C1%	C3%	C6%	C8%	C9%
-	-	0.00	0.00	0.36	0.91	0.00
0	0	0.00	0.02	0.50	0.82	0.00
0	4	0.00	0.00	0.10	1.09	0.00
1	1	0.00	0.00	0.88	0.69	0.00
1	5	0.00	0.00	0.51	1.10	0.00
2	2	0.00	0.00	0.21	1.10	0.00
2	6	0.00	0.00	0.18	0.91	0.00
3	3	0.00	0.00	0.27	0.89	0.00
3	7	0.00	0.00	0.25	0.70	0.00
Core	CPU	C1%	C3%	C6%	C8%	C9%
-	-	0.00	0.01	0.61	0.75	0.00
0	0	0.00	0.00	0.28	0.99	0.00
0	4	0.00	0.00	0.36	0.79	0.00
1	1	0.00	0.02	1.12	0.89	0.00
1	5	0.00	0.01	0.50	0.20	0.00
2	2	0.00	0.00	0.57	0.99	0.00
2	6	0.00	0.00	0.37	0.99	0.00
3	3	0.00	0.00	0.93	0.40	0.00
3	7	0.00	0.01	0.79	0.78	0.00
Core	CPU	C1%	C3%	C6%	C8%	C9%
-	-	0.00	0.00	0.55	0.99	0.00
0	0	0.00	0.00	0.54	0.90	0.00
0	4	0.00	0.00	0.12	0.59	0.00
1	1	0.00	0.02	1.47	0.51	0.00
1	5	0.00	0.00	0.56	0.89	0.00
2	2	0.00	0.00	0.54	1.20	0.00
2	6	0.00	0.00	0.24	0.99	0.00
3	3	0.00	0.01	0.57	1.69	0.00
3	7	0.00	0.00	0.37	1.19	0.00
Core	CPU	C1%	C3%	C6%	C8%	C9%
-	-	0.00	0.01	0.38	0.88	0.00
0	0	0.00	0.01	0.28	0.59	0.00
0	4	0.00	0.00	0.27	0.90	0.00
1	1	0.00	0.02	0.73	1.11	0.00
1	5	0.00	0.00	0.23	1.15	0.00
2	2	0.00	0.02	0.56	1.01	0.00
2	6	0.00	0.00	0.18	0.90	0.00
3	3	0.00	0.00	0.36	0.80	0.00
3	7	0.00	0.00	0.43	0.60	0.00
Core	CPU	C1%	C3%	C6%	C8%	C9%
-	-	0.00	0.19	0.53	0.94	0.00
0	0	0.00	0.00	0.82	1.99	0.00
0	4	0.00	0.00	0.36	0.98	0.00
1	1	0.00	0.05	1.09	0.70	0.00
1	5	0.00	0.02	1.06	0.59	0.00
2	2	0.01	1.48	0.18	0.00	0.00
2	6	0.00	0.00	0.27	0.80	0.00
3	3	0.00	0.00	0.28	1.38	0.00
3	7	0.00	0.00	0.20	1.09	0.00
Core	CPU	C1%	C3%	C6%	C8%	C9%
-	-	0.00	0.00	0.37	0.96	0.00
0	0	0.00	0.00	0.23	1.10	0.00
0	4	0.00	0.00	0.40	1.01	0.00
1	1	0.00	0.03	0.57	0.71	0.00
1	5	0.00	0.00	0.36	0.81	0.00
2	2	0.00	0.00	0.53	1.11	0.00
2	6	0.00	0.00	0.22	0.90	0.00
3	3	0.00	0.00	0.27	1.11	0.00
3	7	0.00	0.01	0.36	0.90	0.00
Core	CPU	C1%	C3%	C6%	C8%	C9%
-	-	0.00	0.01	0.46	0.69	0.00
0	0	0.00	0.02	0.57	0.03	0.00
0	4	0.00	0.00	0.06	0.49	0.00
1	1	0.00	0.03	0.91	0.78	0.00
1	5	0.00	0.00	0.42	0.79	0.00
2	2	0.00	0.02	0.30	0.90	0.00
2	6	0.00	0.00	0.20	1.09	0.00
3	3	0.00	0.00	0.28	1.08	0.00
3	7	0.00	0.04	0.98	0.39	0.00
Core	CPU	C1%	C3%	C6%	C8%	C9%
-	-	0.00	0.01	0.46	1.17	0.00
0	0	0.00	0.00	0.27	0.79	0.00
0	4	0.00	0.00	0.34	1.58	0.00
1	1	0.00	0.05	0.97	0.60	0.00
1	5	0.00	0.00	0.10	1.00	0.00
2	2	0.00	0.00	0.55	1.49	0.00
2	6	0.00	0.00	0.45	1.09	0.00
3	3	0.00	0.03	0.54	1.01	0.00
3	7	0.00	0.00	0.45	1.79	0.00
Core	CPU	C1%	C3%	C6%	C8%	C9%
-	-	0.00	0.00	0.42	0.98	0.00
0	0	0.00	0.00	0.56	1.49	0.00
0	4	0.00	0.00	0.62	0.79	0.00
1	1	0.00	0.01	0.59	1.10	0.00
1	5	0.00	0.00	0.36	0.89	0.00
2	2	0.00	0.00	0.46	0.69	0.00
2	6	0.00	0.00	0.24	0.99	0.00
3	3	0.00	0.00	0.20	0.99	0.00
3	7	0.00	0.00	0.37	0.89	0.00
Core	CPU	C1%	C3%	C6%	C8%	C9%
-	-	0.00	0.01	0.35	0.95	0.00
0	0	0.00	0.01	0.28	0.40	0.00
0	4	0.00	0.00	0.27	0.90	0.00
1	1	0.00	0.02	0.64	0.99	0.00
1	5	0.00	0.00	0.32	1.01	0.00
2	2	0.00	0.01	0.28	0.81	0.00
2	6	0.00	0.00	0.18	0.99	0.00
3	3	0.00	0.00	0.44	0.93	0.00
3	7	0.00	0.00	0.41	1.59	0.00
Core	CPU	C1%	C3%	C6%	C8%	C9%
-	-	0.00	0.19	0.65	0.64	0.00
0	0	0.00	0.00	0.42	1.08	0.00
0	4	0.00	0.00	0.35	0.79	0.00
1	1	0.00	0.01	1.04	0.00	0.00
1	5	0.00	0.01	1.57	0.68	0.00
2	2	0.01	1.48	0.18	0.00	0.00
2	6	0.00	0.00	0.36	0.80	0.00
3	3	0.00	0.00	0.51	0.95	0.00
3	7	0.00	0.00	0.79	0.79	0.00
Core	CPU	C1%	C3%	C6%	C8%	C9%
-	-	0.00	0.01	0.54	0.77	0.00
0	0	0.00	0.00	0.74	0.69	0.00
0	4	0.00	0.00	0.52	0.19	0.00
1	1	0.00	0.04	0.60	0.50	0.00
1	5	0.00	0.00	0.29	0.89	0.00
2	2	0.00	0.00	0.55	0.89	0.00
2	6	0.00	0.00	0.83	0.79	0.00
3	3	0.00	0.02	0.49	1.07	0.00
3	7	0.00	0.00	0.29	1.18	0.00
Core	CPU	C1%	C3%	C6%	C8%	C9%
-	-	0.00	0.02	0.76	0.96	0.00
0	0	0.00	0.00	0.74	0.80	0.00
0	4	0.00	0.00	0.19	0.40	0.00
1	1	0.00	0.00	0.60	0.99	0.00
1	5	0.00	0.00	1.12	0.80	0.00
2	2	0.00	0.00	1.02	0.30	0.00
2	6	0.00	0.14	1.26	1.99	0.00
3	3	0.00	0.00	0.66	1.80	0.00
3	7	0.00	0.00	0.45	0.59	0.00
Core	CPU	C1%	C3%	C6%	C8%	C9%
-	-	0.00	0.02	0.39	0.87	0.00
0	0	0.00	0.00	0.20	0.98	0.00
0	4	0.00	0.00	0.66	0.49	0.00
1	1	0.00	0.02	0.54	1.09	0.00
1	5	0.00	0.10	0.12	0.88	0.00
2	2	0.00	0.00	0.57	0.99	0.00
2	6	0.00	0.00	0.37	0.79	0.00
3	3	0.00	0.00	0.45	0.62	0.00
3	7	0.00	0.00	0.23	1.08	0.00
Core	CPU	C1%	C3%	C6%	C8%	C9%
-	-	0.00	0.00	0.54	0.70	0.00
0	0	0.00	0.00	0.40	0.98	0.00
0	4	0.00	0.00	0.92	0.89	0.00
1	1	0.00	0.03	1.00	0.00	0.00
1	5	0.00	0.00	0.17	0.40	0.00
2	2	0.00	0.00	0.27	0.89	0.00
2	6	0.00	0.00	0.45	0.79	0.00
3	3	0.00	0.00	0.32	0.87	0.00
3	7	0.00	0.00	0.79	0.78	0.00
Core	CPU	C1%	C3%	C6%	C8%	C9%
-	-	0.00	0.01	0.54	0.70	0.00
0	0	0.00	0.00	0.71	0.30	0.00
0	4	0.00	0.00	0.28	0.59	0.00
1	1	0.00	0.04	0.55	1.09	0.00
1	5	0.00	0.00	0.36	0.80	0.00
2	2	0.00	0.00	0.93	0.40	0.00
2	6	0.00	0.01	0.79	0.60	0.00
3	3	0.00	0.00	0.39	0.80	0.00
3	7	0.00	0.00	0.36	0.99	0.00
Core	CPU	C1%	C3%	C6%	C8%	C9%
-	-	0.00	0.25	0.47	4.62	0.13
0	0	0.00	0.00	0.32	1.29	0.00
0	4	0.00	0.00	0.38	1.18	0.00
1	1	0.00	0.01	0.60	1.37	0.00
1	5	0.00	0.00	0.41	1.28	0.00
2	2	0.00	1.78	0.10	0.07	0.00
2	6	0.00	0.00	0.48	1.29	0.00
3	3	0.00	0.01	0.44	1.70	1.00
3	7	0.01	0.19	0.99	28.79	0.00
Core	CPU	C1%	C3%	C6%	C8%	C9%
-	-	0.00	0.01	0.58	0.71	0.00
0	0	0.00	0.00	0.46	1.09	0.00
0	4	0.00	0.00	0.15	1.18	0.00
1	1	0.00	0.04	1.05	0.20	0.00
1	5	0.00	0.00	0.18	0.50	0.00
2	2	0.00	0.00	0.68	0.79	0.00
2	6	0.00	0.00	0.54	0.80	0.00
3	3	0.00	0.03	0.79	0.37	0.00
3	7	0.00	0.00	0.79	0.79	0.00
Core	CPU	C1%	C3%	C6%	C8%	C9%
-	-	0.00	0.00	0.40	1.02	0.00
0	0	0.00	0.00	0.23	0.90	0.00
0	4	0.00	0.02	0.52	1.11	0.00
1	1	0.00	0.01	0.70	0.98	0.00
1	5	0.00	0.00	0.34	0.89	0.00
2	2	0.00	0.00	0.24	1.09	0.00
2	6	0.00	0.00	0.31	1.10	0.00
3	3	0.00	0.00	0.38	1.19	0.00
3	7	0.00	0.00	0.45	0.90	0.00
Core	CPU	C1%	C3%	C6%	C8%	C9%
-	-	0.00	0.00	0.35	0.76	0.00
0	0	0.00	0.00	0.09	0.40	0.00
0	4	0.00	0.00	0.28	0.88	0.00
1	1	0.00	0.00	1.24	0.10	0.00
1	5	0.00	0.00	0.14	0.98	0.00
2	2	0.00	0.00	0.20	1.09	0.00
2	6	0.00	0.00	0.19	0.88	0.00
3	3	0.00	0.00	0.45	1.02	0.00
3	7	0.00	0.00	0.22	0.69	0.00
Core	CPU	C1%	C3%	C6%	C8%	C9%
-	-	0.00	0.00	0.53	0.92	0.00
0	0	0.00	0.00	0.37	1.19	0.00
0	4	0.00	0.00	0.73	0.49	0.00
1	1	0.00	0.02	0.44	0.57	0.00
1	5	0.00	0.00	1.45	0.69	0.00
2	2	0.00	0.00	0.37	1.00	0.00
2	6	0.00	0.00	0.36	0.80	0.00
3	3	0.00	0.00	0.35	1.45	0.00
3	7	0.00	0.00	0.19	1.19	0.00
Core	CPU	C1%	C3%	C6%	C8%	C9%
-	-	0.00	0.02	0.33	0.72	0.00
0	0	0.00	0.00	0.19	0.50	0.00
0	4	0.00	0.12	0.00	0.40	0.00
1	1	0.00	0.01	0.87	0.50	0.00
1	5	0.00	0.00	0.28	0.90	0.00
2	2	0.00	0.00	0.35	0.80	0.00
2	6	0.00	0.00	0.13	1.00	0.00
3	3	0.00	0.01	0.53	0.89	0.00
3	7	0.00	0.00	0.28	0.80	0.00
Core	CPU	C1%	C3%	C6%	C8%	C9%
-	-	0.00	0.19	0.54	0.85	0.00
0	0	0.00	0.00	0.23	0.89	0.00
0	4	0.00	0.00	0.44	0.89	0.00
1	1	0.00	0.02	0.68	0.99	0.00
1	5	0.00	0.00	1.23	1.08	0.00
2	2	0.00	1.48	0.18	0.00	0.00
2	6	0.00	0.01	0.80	0.79	0.00
3	3	0.00	0.00	0.46	1.45	0.00
3	7	0.00	0.00	0.35	0.69	0.00
Core	CPU	C1%	C3%	C6%	C8%	C9%
-	-	0.00	0.01	0.39	1.00	0.00
0	0	0.00	0.00	0.20	0.99	0.00
0	4	0.00	0.00	0.27	1.09	0.00
1	1	0.00	0.02	0.56	1.00	0.00
1	5	0.00	0.00	0.45	1.38	0.00
2	2	0.00	0.00	0.84	0.50	0.00
2	6	0.00	0.10	0.32	1.00	0.00
3	3	0.00	0.00	0.10	1.08	0.00
3	7	0.00	0.00	0.39	1.00	0.00
Core	CPU	C1%	C3%	C6%	C8%	C9%
-	-	0.00	0.00	0.71	0.97	0.00
0	0	0.00	0.00	0.66	1.39	0.00
0	4	0.00	0.00	0.33	0.60	0.00
1	1	0.00	0.03	1.16	0.89	0.00
1	5	0.00	0.00	1.30	1.00	0.00
2	2	0.00	0.00	0.72	0.59	0.00
2	6	0.00	0.00	0.60	0.59	0.00
3	3	0.00	0.00	0.47	1.50	0.00
3	7	0.00	0.00	0.41	1.18	0.00
Core	CPU	C1%	C3%	C6%	C8%	C9%
-	-	0.00	0.01	0.57	0.82	0.00
0	0	0.00	0.00	0.28	0.89	0.00
0	4	0.00	0.00	0.94	1.09	0.00
1	1	0.00	0.03	1.11	0.50	0.00
1	5	0.00	0.00	0.59	0.69	0.00
2	2	0.00	0.00	0.39	1.08	0.00
2	6	0.00	0.00	0.37	0.99	0.00
3	3	0.00	0.00	0.29	0.65	0.00
3	7	0.00	0.02	0.57	0.69	0.00
Core	CPU	C1%	C3%	C6%	C8%	C9%
-	-	0.00	0.00	0.65	0.77	0.00
0	0	0.00	0.00	0.66	1.17	0.00
0	4	0.00	0.00	0.73	0.69	0.00
1	1	0.00	0.02	1.01	0.00	0.00
1	5	0.00	0.00	1.06	0.98	0.00
2	2	0.00	0.00	0.36	0.79	0.00
2	6	0.00	0.00	0.24	0.99	0.00
3	3	0.00	0.02	0.29	0.86	0.00
3	7	0.00	0.00	0.87	0.69	0.00
Core	CPU	C1%	C3%	C6%	C8%	C9%
-	-	0.00	0.00	0.41	1.42	0.00
0	0	0.00	0.00	0.31	1.30	0.00
0	4	0.00	0.00	0.37	1.12	0.00
1	1	0.00	0.01	0.77	2.27	0.00
1	5	0.00	0.00	0.45	1.30	0.00
2	2	0.00	0.00	0.33	1.30	0.00
2	6	0.00	0.00	0.40	1.50	0.00
3	3	0.00	0.00	0.27	1.39	0.00
3	7	0.00	0.00	0.36	1.20	0.00
Core	CPU	C1%	C3%	C6%	C8%	C9%
-	-	0.00	0.29	0.68	1.00	0.00
0	0	0.00	0.76	0.84	1.30	0.00
0	4	0.00	0.00	0.27	0.99	0.00
1	1	0.00	0.04	1.06	0.60	0.00
1	5	0.00	0.00	1.41	0.98	0.00
2	2	0.00	1.49	0.17	0.00	0.00
2	6	0.00	0.00	0.79	0.90	0.00
3	3	0.00	0.00	0.66	2.33	0.00
3	7	0.03	0.01	0.25	0.88	0.00
Core	CPU	C1%	C3%	C6%	C8%	C9%
-	-	0.00	0.01	0.59	0.85	0.00
0	0	0.00	0.00	0.19	0.98	0.00
0	4	0.00	0.00	0.45	0.88	0.00
1	1	0.00	0.02	0.79	1.28	0.00
1	5	0.00	0.00	0.82	0.79	0.00
2	2	0.00	0.00	0.69	0.49	0.00
2	6	0.00	0.00	0.57	0.89	0.00
3	3	0.00	0.00	0.35	0.72	0.00
3	7	0.00	0.03	0.89	0.79	0.00
Core	CPU	C1%	C3%	C6%	C8%	C9%
-	-	0.00	0.00	0.36	0.81	0.00
0	0	0.00	0.00	0.35	0.80	0.00
0	4	0.00	0.00	0.24	0.51	0.00
1	1	0.00	0.04	0.48	0.71	0.00
1	5	0.00	0.00	0.26	0.70	0.00
2	2	0.00	0.00	0.36	0.81	0.00
2	6	0.00	0.00	0.44	0.71	0.00
3	3	0.00	0.00	0.40	1.29	0.00
3	7	0.00	0.00	0.33	0.91	0.00
Core	CPU	C1%	C3%	C6%	C8%	C9%
-	-	0.00	0.01	0.59	0.64	0.00
0	0	0.00	0.00	0.71	0.00	0.00
0	4	0.00	0.01	0.50	0.00	0.00
1	1	0.00	0.04	0.65	1.09	0.00
1	5	0.00	0.00	0.26	0.89	0.00
2	2	0.00	0.00	1.02	0.79	0.00
2	6	0.00	0.02	0.79	0.79	0.00
3	3	0.00	0.00	0.39	0.88	0.00
3	7	0.00	0.00	0.36	0.69	0.00
Core	CPU	C1%	C3%	C6%	C8%	C9%
-	-	0.00	0.00	0.42	0.96	0.00
0	0	0.00	0.00	0.66	1.50	0.00
0	4	0.00	0.00	0.47	0.70	0.00
1	1	0.00	0.01	0.75	0.80	0.00
1	5	0.00	0.00	0.31	1.09	0.00
2	2	0.00	0.00	0.09	0.90	0.00
2	6	0.00	0.00	0.37	0.80	0.00
3	3	0.00	0.00	0.61	1.13	0.00
3	7	0.00	0.00	0.12	0.76	0.00
Core	CPU	C1%	C3%	C6%	C8%	C9%
-	-	0.00	0.01	0.43	0.85	0.00
0	0	0.00	0.00	0.37	0.89	0.00
0	4	0.00	0.00	0.15	0.49	0.00
1	1	0.00	0.04	1.09	0.90	0.00
1	5	0.00	0.00	0.78	0.70	0.00
2	2	0.00	0.00	0.28	0.99	0.00
2	6	0.00	0.00	0.35	0.79	0.00
3	3	0.00	0.00	0.22	0.95	0.00
3	7	0.00	0.00	0.20	1.09	0.00
Core	CPU	C1%	C3%	C6%	C8%	C9%
-	-	0.00	0.18	0.32	0.77	0.00
0	0	0.00	0.00	0.74	0.69	0.00
0	4	0.00	0.00	0.13	0.98	0.00
1	1	0.00	0.02	0.30	0.81	0.00
1	5	0.00	0.00	0.36	0.88	0.00
2	2	0.00	1.38	0.16	0.02	0.00
2	6	0.00	0.00	0.13	1.08	0.00
3	3	0.00	0.00	0.27	0.98	0.00
3	7	0.00	0.00	0.45	0.68	0.00
Core	CPU	C1%	C3%	C6%	C8%	C9%
-	-	0.00	0.01	0.44	0.84	0.00
0	0	0.00	0.00	0.20	0.30	0.00
0	4	0.00	0.00	0.57	0.99	0.00
1	1	0.00	0.04	0.76	1.09	0.00
1	5	0.00	0.00	0.15	1.09	0.00
2	2	0.00	0.02	0.60	0.59	0.00
2	6	0.00	0.00	0.48	1.00	0.00
3	3	0.00	0.00	0.28	0.90	0.00
3	7	0.00	0.00	0.48	0.72	0.00
Core	CPU	C1%	C3%	C6%	C8%	C9%
-	-	0.00	0.01	0.46	1.06	0.08
0	0	0.00	0.00	0.42	1.51	0.00
0	4	0.00	0.00	0.45	0.71	0.00
1	1	0.00	0.01	0.80	1.29	0.60
1	5	0.00	0.00	0.39	1.01	0.00
2	2	0.00	0.00	0.37	1.02	0.00
2	6	0.00	0.00	0.46	1.01	0.00
3	3	0.00	0.00	0.44	1.03	0.00
3	7	0.00	0.04	0.37	0.91	0.00
Core	CPU	C1%	C3%	C6%	C8%	C9%
-	-	0.00	0.01	0.52	0.85	0.00
0	0	0.00	0.00	0.36	0.59	0.00
0	4	0.00	0.05	0.92	0.89	0.00
1	1	0.00	0.03	1.01	0.58	0.00
1	5	0.00	0.00	0.78	0.79	0.00
2	2	0.00	0.00	0.28	0.89	0.00
2	6	0.00	0.00	0.36	0.89	0.00
3	3	0.00	0.00	0.22	0.96	0.00
3	7	0.00	0.00	0.20	1.19	0.00
Core	CPU	C1%	C3%	C6%	C8%	C9%
-	-	0.00	0.02	0.48	4.21	0.00
0	0	0.00	0.00	0.05	0.49	0.00
0	4	0.00	0.00	0.13	0.59	0.00
1	1	0.00	0.00	0.84	0.39	0.00
1	5	0.00	0.00	0.35	0.89	0.00
2	2	0.00	0.00	0.35	0.79	0.00
2	6	0.00	0.00	0.23	0.98	0.00
3	3	0.00	0.00	0.19	0.98	0.00
3	7	0.02	0.15	1.68	28.55	0.00
Core	CPU	C1%	C3%	C6%	C8%	C9%
-	-	0.00	0.01	0.50	0.81	0.00
0	0	0.00	0.01	0.30	0.20	0.00
0	4	0.00	0.00	0.69	0.99	0.00
1	1	0.00	0.06	0.72	0.99	0.00
1	5	0.00	0.00	0.35	0.79	0.00
2	2	0.00	0.00	0.72	0.89	0.00
2	6	0.00	0.00	0.10	1.09	0.00
3	3	0.00	0.00	0.39	0.78	0.00
3	7	0.00	0.00	0.76	0.79	0.00
Core	CPU	C1%	C3%	C6%	C8%	C9%
-	-	0.00	0.20	0.59	0.82	0.00
0	0	0.00	0.00	0.18	1.30	0.00
0	4	0.00	0.00	0.88	0.79	0.00
1	1	0.00	0.02	1.05	0.50	0.00
1	5	0.00	0.00	0.92	0.79	0.00
2	2	0.00	1.54	0.11	0.00	0.00
2	6	0.00	0.00	0.79	0.80	0.00
3	3	0.00	0.00	0.38	1.78	0.00
3	7	0.00	0.00	0.45	0.59	0.00
Core	CPU	C1%	C3%	C6%	C8%	C9%
-	-	0.00	0.01	0.44	0.84	0.00
0	0	0.00	0.00	0.37	0.90	0.00
0	4	0.00	0.00	0.46	0.69	0.00
1	1	0.00	0.02	0.82	1.10	0.00
1	5	0.00	0.02	0.38	1.00	0.00
2	2	0.00	0.00	0.58	0.50	0.00
2	6	0.00	0.00	0.37	0.80	0.00
3	3	0.00	0.00	0.34	0.74	0.00
3	7	0.00	0.00	0.22	0.99	0.00
Core	CPU	C1%	C3%	C6%	C8%	C9%
-	-	0.00	0.01	0.50	1.09	0.00
0	0	0.00	0.00	0.81	1.99	0.00
0	4	0.00	0.00	0.14	0.50	0.00
1	1	0.00	0.07	0.55	0.99	0.00
1	5	0.00	0.00	0.66	0.99	0.00
2	2	0.00	0.00	0.36	1.09	0.00
2	6	0.00	0.00	0.44	0.69	0.00
3	3	0.00	0.00	0.68	1.69	0.00
3	7	0.00	0.00	0.38	0.79	0.00
Core	CPU	C1%	C3%	C6%	C8%	C9%
-	-	0.00	0.00	0.53	0.60	0.00
0	0	0.00	0.00	0.18	0.60	0.00
0	4	0.00	0.00	0.10	0.60	0.00
1	1	0.00	0.02	1.17	0.51	0.00
1	5	0.00	0.00	0.36	0.80	0.00
2	2	0.00	0.00	0.91	0.40	0.00
2	6	0.00	0.01	0.79	0.40	0.00
3	3	0.00	0.00	0.38	0.78	0.00
3	7	0.00	0.00	0.36	0.69	0.00
Core	CPU	C1%	C3%	C6%	C8%	C9%
-	-	0.00	0.01	0.45	0.98	0.00
0	0	0.00	0.01	0.92	0.61	0.00
0	4	0.00	0.00	0.28	0.90	0.00
1	1	0.00	0.02	0.56	1.67	0.00
1	5	0.00	0.00	0.50	0.80	0.00
2	2	0.00	0.02	0.44	1.01	0.00
2	6	0.00	0.00	0.28	1.39	0.00
3	3	0.00	0.00	0.39	0.83	0.00
3	7	0.00	0.00	0.23	0.61	0.00
Core	CPU	C1%	C3%	C6%	C8%	C9%
-	-	0.00	0.00	0.53	0.84	0.00
0	0	0.00	0.00	0.27	1.18	0.00
0	4	0.00	0.00	1.06	1.09	0.00
1	1	0.00	0.02	1.13	0.00	0.00
1	5	0.00	0.00	0.58	0.70	0.00
2	2	0.00	0.00	0.28	0.89	0.00
2	6	0.00	0.00	0.36	0.89	0.00
3	3	0.00	0.00	0.39	0.84	0.00
3	7	0.00	0.00	0.20	1.09	0.00
Core	CPU	C1%	C3%	C6%	C8%	C9%
-	-	0.00	0.21	0.34	0.76	0.00
0	0	0.00	0.00	0.35	0.69	0.00
0	4	0.00	0.00	0.33	0.79	0.00
1	1	0.00	0.00	0.32	0.59	0.00
1	5	0.00	0.00	0.94	0.99	0.00
2	2	0.00	1.66	0.17	0.00	0.00
2	6	0.00	0.00	0.15	0.99	0.00
3	3	0.00	0.02	0.29	1.15	0.00
3	7	0.00	0.00	0.19	0.89	0.00
Core	CPU	C1%	C3%	C6%	C8%	C9%
-	-	0.01	0.00	0.44	0.91	0.00
0	0	0.07	0.00	0.97	0.90	0.00
0	4	0.00	0.00	0.47	0.69	0.00
1	1	0.00	0.01	0.75	1.20	0.00
1	5	0.00	0.00	0.37	0.79	0.00
2	2	0.00	0.00	0.13	1.19	0.00
2	6	0.00	0.02	0.29	0.90	0.00
3	3	0.00	0.00	0.29	0.86	0.00
3	7	0.00	0.00	0.28	0.78	0.00
Core	CPU	C1%	C3%	C6%	C8%	C9%
-	-	0.00	0.01	0.37	0.90	0.00
0	0	0.00	0.05	0.84	0.21	0.00
0	4	0.00	0.00	0.16	0.50	0.00
1	1	0.00	0.04	0.66	1.09	0.00
1	5	0.00	0.00	0.45	0.79	0.00
2	2	0.00	0.00	0.15	1.28	0.00
2	6	0.00	0.00	0.13	1.09	0.00
3	3	0.00	0.00	0.20	1.39	0.00
3	7	0.00	0.00	0.42	0.82	0.00
Core	CPU	C1%	C3%	C6%	C8%	C9%
-	-	0.00	0.01	0.31	0.92	0.00
0	0	0.00	0.00	0.10	0.50	0.00
0	4	0.00	0.00	0.28	0.89	0.00
1	1	0.00	0.00	0.46	0.90	0.00
1	5	0.00	0.00	0.22	0.99	0.00
2	2	0.00	0.01	0.48	0.90	0.00
2	6	0.00	0.00	0.19	1.09	0.00
3	3	0.00	0.00	0.36	0.82	0.00
3	7	0.00	0.08	0.37	1.27	0.00
Core	CPU	C1%	C3%	C6%	C8%	C9%
-	-	0.01	0.00	0.70	0.88	0.00
0	0	0.00	0.00	0.18	0.99	0.00
0	4	0.00	0.00	0.64	1.09	0.00
1	1	0.00	0.00	0.93	0.79	0.00
1	5	0.10	0.02	1.76	0.79	0.00
2	2	0.00	0.00	0.29	1.19	0.00
2	6	0.00	0.00	0.46	1.09	0.00
3	3	0.00	0.00	0.23	0.75	0.00
3	7	0.00	0.02	1.10	0.40	0.00
Core	CPU	C1%	C3%	C6%	C8%	C9%
-	-	0.00	0.00	0.41	0.95	0.00
0	0	0.00	0.00	0.40	0.69	0.00
0	4	0.00	0.00	0.13	0.40	0.00
1	1	0.00	0.00	0.20	0.70	0.00
1	5	0.00	0.00	0.87	0.79	0.00
2	2	0.00	0.00	0.16	1.18	0.00
2	6	0.00	0.00	0.15	1.48	0.00
3	3	0.00	0.02	0.37	1.56	0.00
3	7	0.00	0.02	1.01	0.77	0.00
Core	CPU	C1%	C3%	C6%	C8%	C9%
-	-	0.00	0.19	0.57	0.70	0.00
0	0	0.00	0.00	0.88	0.89	0.00
0	4	0.00	0.00	0.59	0.00	0.00
1	1	0.00	0.00	0.28	0.89	0.00
1	5	0.00	0.00	0.44	0.88	0.00
2	2	0.00	1.48	0.18	0.00	0.00
2	6	0.00	0.02	0.80	0.79	0.00
3	3	0.00	0.00	0.48	1.49	0.00
3	7	0.00	0.03	0.94	0.67	0.00
Core	CPU	C1%	C3%	C6%	C8%	C9%
-	-	0.00	0.01	0.52	0.93	0.00
0	0	0.00	0.00	0.20	0.98	0.00
0	4	0.00	0.00	0.37	1.18	0.00
1	1	0.00	0.00	0.24	1.19	0.00
1	5	0.00	0.00	0.61	0.99	0.00
2	2	0.00	0.00	0.99	0.79	0.00
2	6	0.00	0.00	0.38	0.69	0.00
3	3	0.00	0.00	0.48	0.63	0.00
3	7	0.00	0.05	0.88	1.00	0.00
Core	CPU	C1%	C3%	C6%	C8%	C9%
-	-	0.00	0.01	0.42	0.79	0.00
0	0	0.00	0.00	0.46	1.28	0.00
0	4	0.00	0.00	0.21	1.09	0.00
1	1	0.00	0.02	0.30	0.39	0.00
1	5	0.00	0.00	0.27	0.30	0.00
2	2	0.00	0.00	0.37	0.99	0.00
2	6	0.00	0.00	0.45	0.70	0.00
3	3	0.00	0.00	0.32	0.88	0.00
3	7	0.00	0.03	0.96	0.71	0.00
Core	CPU	C1%	C3%	C6%	C8%	C9%
-	-	0.01	0.00	0.54	0.75	0.00
0	0	0.00	0.00	0.13	0.40	0.00
0	4	0.00	0.00	0.36	0.50	0.00
1	1	0.00	0.00	0.18	1.09	0.00
1	5	0.00	0.00	0.36	0.80	0.00
2	2	0.00	0.00	0.83	0.79	0.00
2	6	0.10	0.02	0.89	0.78	0.00
3	3	0.00	0.00	0.38	0.80	0.00
3	7	0.00	0.01	1.18	0.82	0.00
Core	CPU	C1%	C3%	C6%	C8%	C9%
-	-	0.00	0.01	0.52	0.99	0.00
0	0	0.00	0.00	0.41	1.10	0.00
0	4	0.00	0.00	0.28	0.99	0.00
1	1	0.00	0.00	0.45	1.18	0.00
1	5	0.00	0.00	0.51	1.09	0.00
2	2	0.00	0.00	0.58	0.99	0.00
2	6	0.00	0.00	0.38	0.99	0.00
3	3	0.00	0.00	0.53	1.49	0.00
3	7	0.00	0.07	1.06	0.10	0.00
Core	CPU	C1%	C3%	C6%	C8%	C9%
-	-	0.00	0.00	0.51	0.86	0.00
0	0	0.00	0.00	0.45	1.10	0.00
0	4	0.00	0.00	0.64	0.60	0.00
1	1	0.00	0.02	0.29	1.39	0.00
1	5	0.00	0.00	0.18	0.69	0.00
2	2	0.00	0.00	0.28	0.99	0.00
2	6	0.00	0.00	0.35	1.08	0.00
3	3	0.00	0.00	0.72	0.46	0.00
3	7	0.00	0.00	1.20	0.60	0.00
Core	CPU	C1%	C3%	C6%	C8%	C9%
-	-	0.00	0.19	0.38	1.04	0.00
0	0	0.00	0.00	0.34	0.89	0.00
0	4	0.00	0.00	0.13	0.99	0.00
1	1	0.00	0.00	0.79	0.59	0.00
1	5	0.00	0.00	0.36	0.89	0.00
2	2	0.00	1.47	0.25	0.41	0.00
2	6	0.00	0.00	0.13	1.09	0.00
3	3	0.00	0.00	0.38	2.18	0.00
3	7	0.00	0.02	0.68	1.27	0.00
Core	CPU	C1%	C3%	C6%	C8%	C9%
-	-	0.00	0.01	0.41	0.84	0.00
0	0	0.00	0.00	0.10	0.60	0.00
0	4	0.00	0.00	0.29	0.89	0.00
1	1	0.00	0.00	0.54	0.89	0.00
1	5	0.00	0.00	0.14	0.99	0.00
2	2	0.00	0.01	0.60	0.59	0.00
2	6	0.00	0.00	0.20	0.89	0.00
3	3	0.00	0.00	0.37	0.82	0.00
3	7	0.00	0.03	1.08	1.08	0.00
Core	CPU	C1%	C3%	C6%	C8%	C9%
-	-	0.00	0.00	0.60	1.04	0.00
0	0	0.00	0.00	0.83	2.29	0.00
0	4	0.00	0.00	0.36	0.79	0.00
1	1	0.00	0.00	0.95	0.70	0.00
1	5	0.00	0.00	0.77	0.50	0.00
2	2	0.00	0.00	0.19	1.08	0.00
2	6	0.00	0.00	0.46	1.00	0.00
3	3	0.00	0.00	0.34	1.36	0.00
3	7	0.00	0.02	0.91	0.58	0.00
Core	CPU	C1%	C3%	C6%	C8%	C9%
-	-	0.00	0.02	0.50	4.26	0.00
0	0	0.00	0.00	0.05	0.49	0.00
0	4	0.00	0.00	0.03	0.59	0.00
1	1	0.00	0.00	0.79	0.59	0.00
1	5	0.00	0.00	0.33	1.17	0.00
2	2	0.00	0.00	0.35	0.79	0.00
2	6	0.00	0.00	0.33	0.89	0.00
3	3	0.00	0.00	0.19	0.98	0.00
3	7	0.02	0.16	1.96	28.56	0.00
Core	CPU	C1%	C3%	C6%	C8%	C9%
-	-	0.00	0.00	0.41	0.75	0.00
0	0	0.00	0.02	0.28	0.60	0.00
0	4	0.00	0.00	0.20	0.40	0.00
1	1	0.00	0.00	0.31	0.89	0.00
1	5	0.00	0.00	0.52	0.90	0.00
2	2	0.00	0.00	0.45	0.99	0.00
2	6	0.00	0.00	0.10	1.09	0.00
3	3	0.00	0.00	0.38	0.82	0.00
3	7	0.00	0.00	1.05	0.29	0.00
Core	CPU	C1%	C3%	C6%	C8%	C9%
-	-	0.00	0.00	0.66	0.80	0.00
0	0	0.00	0.00	0.28	0.89	0.00
0	4	0.00	0.00	0.46	1.08	0.00
1	1	0.00	0.00	1.02	0.79	0.00
1	5	0.00	0.01	0.89	0.79	0.00
2	2	0.00	0.00	0.38	1.19	0.00
2	6	0.00	0.00	0.37	0.99	0.00
3	3	0.00	0.00	0.77	0.16	0.00
3	7	0.00	0.01	1.11	0.48	0.00
Core	CPU	C1%	C3%	C6%	C8%	C9%
-	-	0.00	0.22	0.53	0.83	0.00
0	0	0.00	0.00	0.59	1.09	0.00
0	4	0.00	0.00	0.71	0.69	0.00
1	1	0.00	0.00	0.10	0.59	0.00
1	5	0.00	0.00	0.76	0.99	0.00
2	2	0.00	1.75	0.06	0.01	0.00
2	6	0.00	0.00	0.84	0.79	0.00
3	3	0.00	0.01	0.59	1.55	0.00
3	7	0.00	0.02	0.57	0.89	0.00
Core	CPU	C1%	C3%	C6%	C8%	C9%
-	-	0.00	0.00	0.48	0.98	0.00
0	0	0.00	0.02	0.43	1.49	0.00
0	4	0.00	0.00	0.29	1.28	0.00
1	1	0.00	0.00	0.45	0.90	0.00
1	5	0.00	0.00	0.44	0.90	0.00
2	2	0.00	0.00	0.63	0.59	0.00
2	6	0.00	0.00	0.27	1.30	0.00
3	3	0.00	0.00	0.38	0.79	0.00
3	7	0.00	0.00	0.98	0.62	0.00
Core	CPU	C1%	C3%	C6%	C8%	C9%
-	-	0.00	0.00	0.52	0.76	0.00
0	0	0.00	0.00	0.05	0.59	0.00
0	4	0.00	0.00	0.44	0.79	0.00
1	1	0.00	0.00	0.74	1.09	0.00
1	5	0.00	0.00	0.90	1.09	0.00
2	2	0.00	0.02	0.30	0.90	0.00
2	6	0.00	0.00	0.10	0.99	0.00
3	3	0.00	0.00	0.47	0.61	0.00
3	7	0.00	0.01	1.14	0.00	0.00
Core	CPU	C1%	C3%	C6%	C8%	C9%
-	-	0.00	0.02	0.46	0.96	0.00
0	0	0.00	0.00	0.32	1.00	0.00
0	4	0.00	0.00	0.55	0.80	0.00
1	1	0.00	0.00	0.31	0.61	0.00
1	5	0.00	0.13	0.56	0.80	0.00
2	2	0.00	0.00	0.18	0.81	0.00
2	6	0.00	0.00	0.45	1.49	0.00
3	3	0.00	0.00	0.52	1.05	0.00
3	7	0.00	0.05	0.78	1.11	0.00
Core	CPU	C1%	C3%	C6%	C8%	C9%
-	-	0.00	0.00	0.65	0.95	0.00
0	0	0.00	0.00	0.45	1.21	0.00
0	4	0.00	0.00	0.84	0.69	0.00
1	1	0.00	0.00	0.22	0.49	0.00
1	5	0.00	0.00	0.66	0.79	0.00
2	2	0.00	0.00	0.28	1.09	0.00
2	6	0.00	0.00	0.85	1.18	0.00
3	3	0.00	0.00	0.62	1.33	0.00
3	7	0.00	0.03	1.31	0.80	0.00
Core	CPU	C1%	C3%	C6%	C8%	C9%
-	-	0.00	0.00	0.48	0.90	0.00
0	0	0.00	0.00	0.46	0.69	0.00
0	4	0.00	0.00	0.24	0.99	0.00
1	1	0.00	0.01	0.69	0.68	0.00
1	5	0.00	0.00	0.28	1.09	0.00
2	2	0.00	0.00	0.37	0.89	0.00
2	6	0.00	0.00	0.25	1.08	0.00
3	3	0.00	0.00	0.41	0.87	0.00
3	7	0.00	0.00	1.15	0.87	0.00
Core	CPU	C1%	C3%	C6%	C8%	C9%
-	-	0.00	0.19	0.55	0.75	0.12
0	0	0.00	0.00	0.34	0.88	0.00
0	4	0.00	0.00	0.13	0.49	0.00
1	1	0.00	0.00	0.48	0.49	0.00
1	5	0.00	0.00	1.03	0.89	0.00
2	2	0.00	1.48	0.16	0.02	0.00
2	6	0.00	0.00	0.83	0.79	0.00
3	3	0.00	0.00	0.35	1.46	1.00
3	7	0.00	0.03	1.05	0.96	0.00
Core	CPU	C1%	C3%	C6%	C8%	C9%
-	-	0.00	0.00	0.52	0.88	0.00
0	0	0.00	0.00	0.19	0.78	0.00
0	4	0.00	0.00	0.68	0.99	0.00
1	1	0.00	0.00	0.36	0.79	0.00
1	5	0.00	0.00	0.34	1.18	0.00
2	2	0.00	0.00	0.63	0.59	0.00
2	6	0.00	0.00	0.59	0.89	0.00
3	3	0.00	0.00	0.29	0.88	0.00
3	7	0.00	0.03	1.05	0.90	0.00
Core	CPU	C1%	C3%	C6%	C8%	C9%
-	-	0.00	0.00	0.73	0.93	0.00
0	0	0.00	0.00	0.43	1.79	0.00
0	4	0.00	0.00	0.93	0.79	0.00
1	1	0.00	0.00	0.36	0.89	0.00
1	5	0.00	0.00	1.70	0.79	0.00
2	2	0.00	0.02	0.29	0.99	0.00
2	6	0.00	0.00	0.69	0.89	0.00
3	3	0.00	0.00	0.47	1.01	0.00
3	7	0.00	0.01	0.96	0.31	0.00
Core	CPU	C1%	C3%	C6%	C8%	C9%
-	-	0.00	0.01	0.60	0.53	0.00
0	0	0.00	0.00	0.18	0.79	0.00
0	4	0.00	0.00	0.45	0.50	0.00
1	1	0.00	0.02	0.52	0.00	0.00
1	5	0.00	0.00	0.60	0.00	0.00
2	2	0.00	0.00	0.38	0.89	0.00
2	6	0.00	0.00	0.37	0.98	0.00
3	3	0.00	0.00	0.96	0.56	0.00
3	7	0.00	0.06	1.38	0.50	0.00
Core	CPU	C1%	C3%	C6%	C8%	C9%
-	-	0.00	0.01	0.52	0.78	0.00
0	0	0.00	0.00	0.35	0.49	0.00
0	4	0.00	0.00	0.14	0.49	0.00
1	1	0.00	0.00	0.79	0.79	0.00
1	5	0.00	0.00	1.02	1.00	0.00
2	2	0.00	0.00	0.48	0.99	0.00
2	6	0.00	0.00	0.14	1.08	0.00
3	3	0.00	0.01	0.39	0.78	0.00
3	7	0.00	0.04	0.86	0.58	0.00
Core	CPU	C1%	C3%	C6%	C8%	C9%
-	-	0.00	0.01	0.49	0.62	0.00
0	0	0.00	0.02	0.30	0.20	0.00
0	4	0.00	0.00	0.19	0.69	0.00
1	1	0.00	0.00	0.27	0.89	0.00
1	5	0.00	0.00	0.45	0.79	0.00
2	2	0.00	0.00	0.72	0.60	0.00
2	6	0.00	0.00	0.60	0.50	0.00
3	3	0.00	0.00	0.39	0.80	0.00
3	7	0.00	0.06	1.03	0.50	0.00
Core	CPU	C1%	C3%	C6%	C8%	C9%
-	-	0.00	0.08	0.47	0.78	0.35
0	0	0.00	0.00	0.41	0.60	0.00
0	4	0.00	0.00	0.28	0.89	0.00
1	1	0.00	0.00	0.35	1.18	0.00
1	5	0.00	0.00	1.00	0.79	0.00
2	2	0.00	0.59	0.11	0.07	2.78
2	6	0.00	0.00	0.18	0.99	0.00
3	3	0.00	0.00	0.63	1.12	0.00
3	7	0.00	0.07	0.76	0.59	0.00
Core	CPU	C1%	C3%	C6%	C8%	C9%
-	-	0.00	0.01	0.47	0.73	0.10
0	0	0.00	0.00	0.45	0.80	0.00
0	4	0.00	0.00	0.13	0.59	0.00
1	1	0.00	0.02	0.20	0.30	0.00
1	5	0.00	0.00	0.79	0.50	0.00
2	2	0.00	0.02	0.37	0.89	0.00
2	6	0.00	0.00	0.35	0.79	0.00
3	3	0.00	0.00	0.39	0.96	0.83
3	7	0.00	0.01	1.05	0.99	0.00
Core	CPU	C1%	C3%	C6%	C8%	C9%
-	-	0.00	0.00	0.48	0.79	0.00
0	0	0.00	0.00	0.04	0.59	0.00
0	4	0.00	0.02	0.20	0.30	0.00
1	1	0.00	0.00	0.47	1.09	0.00
1	5	0.00	0.00	0.93	0.89	0.00
2	2	0.00	0.00	0.84	0.79	0.00
2	6	0.00	0.00	0.23	1.09	0.00
3	3	0.00	0.00	0.29	0.89	0.00
3	7	0.00	0.01	0.82	0.69	0.00
Core	CPU	C1%	C3%	C6%	C8%	C9%
-	-	0.00	0.01	0.37	1.00	0.00
0	0	0.00	0.00	0.29	1.09	0.00
0	4	0.00	0.00	0.29	0.89	0.00
1	1	0.00	0.00	0.39	0.89	0.00
1	5	0.00	0.00	0.43	0.99	0.00
2	2	0.00	0.02	0.39	1.00	0.00
2	6	0.00	0.00	0.20	1.29	0.00
3	3	0.00	0.00	0.28	0.90	0.00
3	7	0.00	0.05	0.73	0.99	0.00
Core	CPU	C1%	C3%	C6%	C8%	C9%
-	-	0.00	0.01	0.67	1.25	0.00
0	0	0.00	0.00	0.90	2.20	0.00
0	4	0.00	0.00	0.36	1.09	0.00
1	1	0.00	0.00	0.24	1.09	0.00
1	5	0.00	0.02	1.45	0.99	0.00
2	2	0.00	0.00	0.76	1.88	0.00
2	6	0.00	0.00	0.28	0.79	0.00
3	3	0.00	0.00	0.45	1.42	0.00
3	7	0.00	0.05	0.88	0.55	0.00
Core	CPU	C1%	C3%	C6%	C8%	C9%
-	-	0.00	0.01	0.48	0.72	0.00
0	0	0.00	0.00	0.16	1.09	0.00
0	4	0.00	0.00	0.24	1.19	0.00
1	1	0.00	0.02	0.33	0.70	0.00
1	5	0.00	0.00	0.10	0.40	0.00
2	2	0.00	0.00	0.56	0.71	0.00
2	6	0.00	0.00	0.36	0.80	0.00
3	3	0.00	0.00	0.82	0.45	0.00
3	7	0.00	0.05	1.25	0.40	0.00
Core	CPU	C1%	C3%	C6%	C8%	C9%
-	-	0.00	0.18	0.52	1.01	0.00
0	0	0.00	0.00	0.84	0.49	0.00
0	4	0.00	0.00	0.03	0.69	0.00
1	1	0.00	0.00	0.59	1.31	0.00
1	5	0.00	0.00	0.26	0.98	0.00
2	2	0.00	1.38	0.17	0.01	0.00
2	6	0.00	0.00	0.54	2.49	0.00
3	3	0.00	0.01	0.65	1.59	0.00
3	7	0.00	0.02	1.11	0.47	0.00
Core	CPU	C1%	C3%	C6%	C8%	C9%
-	-	0.00	0.04	0.59	4.37	0.00
0	0	0.00	0.01	0.49	0.59	0.00
0	4	0.00	0.00	0.39	1.09	0.00
1	1	0.00	0.00	0.44	0.79	0.00
1	5	0.00	0.00	0.54	0.99	0.00
2	2	0.00	0.02	0.69	0.69	0.00
2	6	0.00	0.00	0.29	1.19	0.00
3	3	0.00	0.00	0.37	0.80	0.00
3	7	0.02	0.32	1.52	28.82	0.00
Core	CPU	C1%	C3%	C6%	C8%	C9%
-	-	0.00	0.01	0.94	0.76	0.00
0	0	0.00	0.00	1.22	1.00	0.00
0	4	0.00	0.00	0.86	0.49	0.00
1	1	0.00	0.00	0.43	0.60	0.00
1	5	0.00	0.00	1.80	0.69	0.00
2	2	0.00	0.00	0.79	0.79	0.00
2	6	0.00	0.00	0.39	0.79	0.00
3	3	0.00	0.00	0.91	1.11	0.00
3	7	0.00	0.05	1.10	0.60	0.00
Core	CPU	C1%	C3%	C6%	C8%	C9%
-	-	0.00	0.00	0.48	1.05	0.11
0	0	0.00	0.00	0.27	0.80	0.00
0	4	0.00	0.00	0.25	0.89	0.00
1	1	0.00	0.00	0.45	0.39	0.00
1	5	0.00	0.00	0.52	0.70	0.00
2	2	0.00	0.00	0.18	1.09	0.00
2	6	0.00	0.00	0.72	1.11	0.90
3	3	0.00	0.00	0.51	1.44	0.01
3	7	0.00	0.02	0.93	2.00	0.00
Core	CPU	C1%	C3%	C6%	C8%	C9%
-	-	0.00	0.00	0.88	1.24	0.00
0	0	0.00	0.00	0.88	1.20	0.00
0	4	0.00	0.00	0.21	0.68	0.00
1	1	0.00	0.02	1.67	1.52	0.00
1	5	0.00	0.00	1.64	0.89	0.00
2	2	0.00	0.00	0.37	0.79	0.00
2	6	0.00	0.00	0.15	1.08	0.00
3	3	0.00	0.00	0.78	2.39	0.00
3	7	0.00	0.01	1.35	1.37	0.00
Core	CPU	C1%	C3%	C6%	C8%	C9%
-	-	0.00	0.01	0.43	0.91	0.00
0	0	0.00	0.00	0.24	0.89	0.00
0	4	0.00	0.00	0.29	0.60	0.00
1	1	0.00	0.00	0.44	1.01	0.00
1	5	0.00	0.00	0.57	0.69	0.00
2	2	0.00	0.00	0.35	0.88	0.00
2	6	0.00	0.00	0.24	1.08	0.00
3	3	0.00	0.00	0.38	1.26	0.00
3	7	0.00	0.05	0.92	0.89	0.00
Core	CPU	C1%	C3%	C6%	C8%	C9%
-	-	0.03	0.00	0.63	1.09	0.00
0	0	0.00	0.00	0.90	1.32	0.00
0	4	0.00	0.00	0.31	0.71	0.00
1	1	0.00	0.00	0.37	0.89	0.00
1	5	0.00	0.00	0.62	0.80	0.00
2	2	0.00	0.00	0.56	0.90	0.00
2	6	0.18	0.00	0.20	1.09	0.00
3	3	0.00	0.00	0.94	2.19	0.00
3	7	0.07	0.03	1.12	0.81	0.00
Core	CPU	C1%	C3%	C6%	C8%	C9%
-	-	0.00	0.00	0.51	1.14	0.13
0	0	0.00	0.00	0.20	0.70	0.00
0	4	0.00	0.00	0.14	1.31	0.00
1	1	0.00	0.00	0.19	1.10	0.00
1	5	0.00	0.00	0.19	0.99	0.00
2	2	0.00	0.00	0.28	0.89	0.00
2	6	0.00	0.00	0.27	1.00	0.00
3	3	0.00	0.00	0.72	0.89	1.00
3	7	0.00	0.03	2.08	2.21	0.00
Core	CPU	C1%	C3%	C6%	C8%	C9%
-	-	0.00	0.01	0.54	0.73	0.12
0	0	0.00	0.00	0.28	0.68	0.00
0	4	0.00	0.00	0.35	0.59	0.00
1	1	0.00	0.00	0.81	0.59	0.00
1	5	0.00	0.01	0.87	0.29	0.00
2	2	0.00	0.00	0.28	1.09	0.00
2	6	0.00	0.00	0.36	0.89	0.00
3	3	0.00	0.00	0.32	1.00	0.99
3	7	0.00	0.06	1.05	0.68	0.00
Core	CPU	C1%	C3%	C6%	C8%	C9%
-	-	0.01	0.14	0.42	0.98	0.00
0	0	0.05	0.00	0.15	1.54	0.00
0	4	0.00	0.02	0.52	0.70	0.00
1	1	0.00	0.00	0.29	0.98	0.00
1	5	0.00	0.00	0.27	1.09	0.00
2	2	0.00	1.09	0.05	0.02	0.04
2	6	0.06	0.00	0.13	1.19	0.00
3	3	0.00	0.00	0.52	1.29	0.00
3	7	0.00	0.04	1.41	0.99	0.00
Core	CPU	C1%	C3%	C6%	C8%	C9%
-	-	0.00	0.01	0.67	0.88	0.00
0	0	0.00	0.01	1.19	0.60	0.00
0	4	0.00	0.01	0.89	0.58	0.00
1	1	0.00	0.00	0.29	1.19	0.00
1	5	0.00	0.00	0.35	1.09	0.00
2	2	0.00	0.00	0.54	0.89	0.00
2	6	0.00	0.00	0.10	1.29	0.00
3	3	0.00	0.00	0.69	0.80	0.00
3	7	0.00	0.02	1.33	0.58	0.00
Core	CPU	C1%	C3%	C6%	C8%	C9%
-	-	0.00	0.01	0.56	0.89	0.00
0	0	0.00	0.00	0.19	1.07	0.00
0	4	0.00	0.00	0.89	0.80	0.00
1	1	0.00	0.00	0.35	0.89	0.00
1	5	0.00	0.00	0.24	0.89	0.00
2	2	0.00	0.00	0.10	0.79	0.00
2	6	0.00	0.00	0.29	0.79	0.00
3	3	0.00	0.04	0.33	0.59	0.00
3	7	0.00	0.03	2.09	1.29	0.00
Core	CPU	C1%	C3%	C6%	C8%	C9%
-	-	0.00	0.01	0.47	0.95	0.00
0	0	0.00	0.00	0.57	0.98	0.00
0	4	0.00	0.00	0.82	1.67	0.00
1	1	0.00	0.00	0.24	0.89	0.00
1	5	0.00	0.02	0.37	0.89	0.00
2	2	0.00	0.00	0.29	0.98	0.00
2	6	0.00	0.00	0.36	1.00	0.00
3	3	0.00	0.00	0.20	0.70	0.00
3	7	0.00	0.03	0.87	0.48	0.00
Core	CPU	C1%	C3%	C6%	C8%	C9%
-	-	0.01	0.01	0.44	0.98	0.00
0	0	0.00	0.00	0.25	0.50	0.00
0	4	0.00	0.00	0.41	1.68	0.00
1	1	0.00	0.00	0.18	0.40	0.00
1	5	0.00	0.00	0.28	0.89	0.00
2	2	0.00	0.00	0.45	1.08	0.00
2	6	0.05	0.00	0.26	1.19	0.00
3	3	0.00	0.02	0.63	1.19	0.00
3	7	0.00	0.05	1.08	0.90	0.00
Core	CPU	C1%	C3%	C6%	C8%	C9%
-	-	0.00	0.01	0.72	1.36	0.00
0	0	0.00	0.00	0.48	0.71	0.00
0	4	0.00	0.00	0.28	1.50	0.00
1	1	0.00	0.00	0.55	1.60	0.00
1	5	0.00	0.00	0.72	1.30	0.00
2	2	0.00	0.00	0.42	1.89	0.00
2	6	0.00	0.02	0.47	1.99	0.00
3	3	0.00	0.00	1.26	1.10	0.00
3	7	0.00	0.02	1.54	0.79	0.00
Core	CPU	C1%	C3%	C6%	C8%	C9%
-	-	0.00	0.17	0.46	0.72	0.25
0	0	0.00	0.00	0.10	0.79	0.00
0	4	0.00	0.00	0.28	0.89	0.00
1	1	0.00	0.00	0.35	0.89	0.00
1	5	0.00	0.00	0.82	0.79	0.00
2	2	0.00	1.28	0.11	0.17	0.00
2	6	0.00	0.00	0.47	1.09	0.00
3	3	0.00	0.00	0.43	0.69	2.01
3	7	0.00	0.04	1.16	0.48	0.00
Core	CPU	C1%	C3%	C6%	C8%	C9%
-	-	0.00	0.00	0.79	1.13	0.00
0	0	0.00	0.00	0.45	1.19	0.00
0	4	0.00	0.00	0.70	1.22	0.00
1	1	0.00	0.00	0.71	0.20	0.00
1	5	0.00	0.00	1.45	0.40	0.00
2	2	0.00	0.00	0.38	0.99	0.00
2	6	0.00	0.00	0.36	0.99	0.00
3	3	0.00	0.00	0.53	1.80	0.00
3	7	0.00	0.04	1.78	2.29	0.00
Core	CPU	C1%	C3%	C6%	C8%	C9%
-	-	0.00	0.00	0.31	0.86	0.00
0	0	0.00	0.00	0.15	0.88	0.00
0	4	0.00	0.00	0.11	0.59	0.00
1	1	0.00	0.00	0.49	0.00	0.00
1	5	0.00	0.00	0.28	0.98	0.00
2	2	0.00	0.00	0.35	0.89	0.00
2	6	0.00	0.00	0.23	1.09	0.00
3	3	0.00	0.00	0.20	1.19	0.00
3	7	0.00	0.02	0.68	1.27	0.00
Core	CPU	C1%	C3%	C6%	C8%	C9%
-	-	0.00	0.00	0.46	0.83	0.00
0	0	0.00	0.02	0.75	0.69	0.00
0	4	0.00	0.00	0.10	0.89	0.00
1	1	0.00	0.00	0.45	0.93	0.00
1	5	0.00	0.00	0.52	0.90	0.00
2	2	0.00	0.00	0.31	1.10	0.00
2	6	0.00	0.00	0.10	1.00	0.00
3	3	0.00	0.00	0.28	0.89	0.00
3	7	0.00	0.00	1.16	0.21	0.00
Core	CPU	C1%	C3%	C6%	C8%	C9%
-	-	0.10	0.00	0.80	1.11	0.00
0	0	0.61	0.00	0.28	0.89	0.00
0	4	0.00	0.00	1.27	1.86	0.00
1	1	0.00	0.00	0.97	1.76	0.00
1	5	0.00	0.01	0.79	0.79	0.00
2	2	0.00	0.00	0.29	0.99	0.00
2	6	0.18	0.00	0.40	1.09	0.00
3	3	0.00	0.00	1.11	0.61	0.00
3	7	0.00	0.01	1.27	0.89	0.00
Core	CPU	C1%	C3%	C6%	C8%	C9%
-	-	0.00	0.01	0.59	1.16	0.00
0	0	0.00	0.00	0.35	1.18	0.00
0	4	0.00	0.00	0.33	1.09	0.00
1	1	0.00	0.00	0.59	1.08	0.00
1	5	0.00	0.00	0.58	1.89	0.00
2	2	0.00	0.00	0.36	0.79	0.00
2	6	0.00	0.00	0.58	1.18	0.00
3	3	0.00	0.00	1.23	0.90	0.00
3	7	0.00	0.05	0.67	1.18	0.00
Core	CPU	C1%	C3%	C6%	C8%	C9%
-	-	0.00	0.11	0.45	0.61	0.00
0	0	0.00	0.00	0.21	0.69	0.00
0	4	0.00	0.00	0.18	0.79	0.00
1	1	0.00	0.00	0.34	0.89	0.00
1	5	0.00	0.00	0.35	0.92	0.00
2	2	0.00	0.89	0.26	0.00	0.00
2	6	0.00	0.00	0.70	0.40	0.00
3	3	0.00	0.00	0.58	0.69	0.00
3	7	0.00	0.01	0.96	0.50	0.00
Core	CPU	C1%	C3%	C6%	C8%	C9%
-	-	0.00	0.01	0.46	0.88	0.00
0	0	0.00	0.00	0.42	1.20	0.00
0	4	0.00	0.00	0.38	0.99	0.00
1	1	0.00	0.00	0.16	0.99	0.00
1	5	0.00	0.04	0.36	1.18	0.00
2	2	0.00	0.02	0.70	0.50	0.00
2	6	0.00	0.00	0.39	1.00	0.00
3	3	0.00	0.00	0.28	0.89	0.00
3	7	0.00	0.02	1.03	0.29	0.00
Core	CPU	C1%	C3%	C6%	C8%	C9%
-	-	0.00	0.01	0.75	1.19	0.00
0	0	0.00	0.00	0.37	1.09	0.00
0	4	0.00	0.00	0.74	1.41	0.00
1	1	0.00	0.01	0.78	0.39	0.00
1	5	0.00	0.00	0.59	0.49	0.00
2	2	0.00	0.00	0.38	1.39	0.00
2	6	0.00	0.00	0.36	0.89	0.00
3	3	0.00	0.03	0.90	0.99	0.00
3	7	0.00	0.08	1.88	2.84	0.00
Core	CPU	C1%	C3%	C6%	C8%	C9%
-	-	0.00	0.03	0.70	4.20	0.00
0	0	0.00	0.00	0.36	1.09	0.00
0	4	0.00	0.00	0.70	1.79	0.00
1	1	0.00	0.00	0.22	0.30	0.00
1	5	0.00	0.00	0.27	1.81	0.00
2	2	0.00	0.00	0.28	1.09	0.00
2	6	0.00	0.00	0.64	1.08	0.00
3	3	0.00	0.05	1.12	0.78	0.00
3	7	0.01	0.16	2.01	25.63	0.00
Core	CPU	C1%	C3%	C6%	C8%	C9%
-	-	0.04	0.00	0.56	1.03	0.00
0	0	0.16	0.00	0.80	0.00	0.00
0	4	0.00	0.01	0.82	0.30	0.00
1	1	0.00	0.00	0.58	1.79	0.00
1	5	0.00	0.00	0.35	1.69	0.00
2	2	0.00	0.00	0.14	1.09	0.00
2	6	0.14	0.00	0.22	1.21	0.00
3	3	0.00	0.00	0.46	1.28	0.00
3	7	0.00	0.00	1.09	0.89	0.00
Core	CPU	C1%	C3%	C6%	C8%	C9%
-	-	0.01	0.01	0.69	0.81	0.00
0	0	0.08	0.02	1.05	0.91	0.00
0	4	0.00	0.00	0.10	0.80	0.00
1	1	0.00	0.00	0.57	0.99	0.00
1	5	0.00	0.00	0.52	1.22	0.00
2	2	0.00	0.00	0.93	0.40	0.00
2	6	0.00	0.01	0.70	0.40	0.00
3	3	0.00	0.00	0.88	0.79	0.00
3	7	0.00	0.02	0.75	0.98	0.00
Core	CPU	C1%	C3%	C6%	C8%	C9%
-	-	0.00	0.00	0.53	0.79	0.12
0	0	0.00	0.00	0.50	0.00	0.00
0	4	0.00	0.00	0.97	0.89	0.00
1	1	0.00	0.00	0.86	0.03	0.00
1	5	0.00	0.00	0.35	1.00	0.00
2	2	0.00	0.00	0.22	0.89	0.00
2	6	0.00	0.00	0.10	1.09	0.00
3	3	0.00	0.00	0.36	1.38	0.99
3	7	0.00	0.01	0.86	1.07	0.00
Core	CPU	C1%	C3%	C6%	C8%	C9%
-	-	0.00	0.00	0.66	1.30	0.12
0	0	0.00	0.00	0.30	0.79	0.00
0	4	0.00	0.00	0.38	1.19	0.00
1	1	0.00	0.00	0.66	1.18	0.00
1	5	0.00	0.00	1.25	1.83	0.00
2	2	0.00	0.00	0.50	1.59	0.00
2	6	0.00	0.00	0.38	1.79	0.00
3	3	0.00	0.00	0.56	1.10	1.00
3	7	0.00	0.01	1.23	0.89	0.00
Core	CPU	C1%	C3%	C6%	C8%	C9%
-	-	0.00	0.01	0.59	0.92	0.00
0	0	0.00	0.00	0.56	1.08	0.00
0	4	0.00	0.00	0.36	0.89	0.00
1	1	0.00	0.03	0.80	0.79	0.00
1	5	0.00	0.02	0.79	0.79	0.00
2	2	0.00	0.00	0.29	1.09	0.00
2	6	0.00	0.00	0.49	1.09	0.00
3	3	0.00	0.00	0.24	1.09	0.00
3	7	0.00	0.04	1.18	0.50	0.00
Core	CPU	C1%	C3%	C6%	C8%	C9%
-	-	0.00	0.01	0.57	1.21	0.00
0	0	0.00	0.00	0.90	0.89	0.00
0	4	0.00	0.00	0.41	1.77	0.00
1	1	0.00	0.01	1.23	2.00	0.00
1	5	0.00	0.00	0.46	0.89	0.00
2	2	0.00	0.00	0.36	0.99	0.00
2	6	0.00	0.00	0.24	1.19	0.00
3	3	0.00	0.02	0.35	1.01	0.02
3	7	0.00	0.05	0.56	0.97	0.00
Core	CPU	C1%	C3%	C6%	C8%	C9%
-	-	0.00	0.01	0.53	0.86	0.00
0	0	0.00	0.02	0.20	0.70	0.00
0	4	0.00	0.00	0.10	0.79	0.00
1	1	0.00	0.00	0.38	0.99	0.00
1	5	0.00	0.00	0.40	1.03	0.00
2	2	0.00	0.00	0.82	0.79	0.00
2	6	0.00	0.01	0.89	0.79	0.00
3	3	0.00	0.00	0.33	0.99	0.00
3	7	0.00	0.01	1.16	0.79	0.00
Core	CPU	C1%	C3%	C6%	C8%	C9%
-	-	0.00	0.01	0.52	0.89	0.00
0	0	0.00	0.00	0.10	0.49	0.00
0	4	0.00	0.00	0.18	0.99	0.00
1	1	0.00	0.00	0.16	0.99	0.00
1	5	0.00	0.00	0.99	0.89	0.00
2	2	0.00	0.00	0.20	0.90	0.00
2	6	0.00	0.00	0.79	1.39	0.00
3	3	0.00	0.00	0.39	0.90	0.00
3	7	0.00	0.05	1.35	0.59	0.00
Core	CPU	C1%	C3%	C6%	C8%	C9%
-	-	0.00	0.32	0.54	1.44	0.00
0	0	0.00	0.00	0.37	1.97	0.00
0	4	0.00	0.00	0.82	1.97	0.00
1	1	0.01	2.58	0.11	0.00	0.00
1	5	0.00	0.00	0.39	1.29	0.00
2	2	0.00	0.00	0.28	1.87	0.00
2	6	0.00	0.00	0.46	1.58	0.00
3	3	0.00	0.00	0.73	1.38	0.00
3	7	0.00	0.00	1.17	1.48	0.00
Core	CPU	C1%	C3%	C6%	C8%	C9%
-	-	0.02	0.01	0.75	1.14	0.00
0	0	0.05	0.00	0.68	1.11	0.00
0	4	0.00	0.00	0.60	2.57	0.00
1	1	0.00	0.01	0.63	0.00	0.00
1	5	0.00	0.00	1.05	0.89	0.00
2	2	0.00	0.00	0.37	0.89	0.00
2	6	0.15	0.00	0.15	0.99	0.00
3	3	0.00	0.02	0.65	1.01	0.00
3	7	0.00	0.02	1.84	1.69	0.00
Core	CPU	C1%	C3%	C6%	C8%	C9%
-	-	0.00	0.00	0.59	1.46	0.00
0	0	0.00	0.00	0.53	0.10	0.00
0	4	0.00	0.00	0.59	0.80	0.00
1	1	0.00	0.00	0.47	1.80	0.00
1	5	0.00	0.00	0.55	1.79	0.00
2	2	0.00	0.00	0.62	1.72	0.00
2	6	0.00	0.00	0.55	1.89	0.00
3	3	0.00	0.01	0.68	1.60	0.00
3	7	0.00	0.00	0.75	1.98	0.00
Core	CPU	C1%	C3%	C6%	C8%	C9%
-	-	0.00	0.01	0.75	1.00	0.12
0	0	0.00	0.00	0.92	0.40	0.00
0	4	0.00	0.01	0.78	0.70	0.00
1	1	0.00	0.00	0.75	1.78	0.00
1	5	0.00	0.00	1.22	1.21	0.00
2	2	0.00	0.00	0.36	0.95	0.00
2	6	0.00	0.00	0.23	1.19	0.00
3	3	0.00	0.03	0.58	0.70	0.99
3	7	0.00	0.03	1.17	1.07	0.00
Core	CPU	C1%	C3%	C6%	C8%	C9%
-	-	0.01	0.01	0.61	0.87	0.00
0	0	0.00	0.01	0.40	0.49	0.00
0	4	0.00	0.00	0.48	0.99	0.00
1	1	0.00	0.00	0.65	0.90	0.00
1	5	0.00	0.00	0.19	0.92	0.00
2	2	0.00	0.00	0.83	0.78	0.00
2	6	0.10	0.01	0.80	0.79	0.00
3	3	0.00	0.00	0.58	1.09	0.00
3	7	0.00	0.02	0.98	0.97	0.00
Core	CPU	C1%	C3%	C6%	C8%	C9%
-	-	0.00	0.02	0.51	1.10	0.00
0	0	0.00	0.02	0.75	2.00	0.00
0	4	0.00	0.00	0.20	0.69	0.00
1	1	0.00	0.00	0.46	0.89	0.00
1	5	0.00	0.00	0.27	1.72	0.00
2	2	0.00	0.00	0.43	0.70	0.00
2	6	0.00	0.12	0.29	0.90	0.00
3	3	0.00	0.00	0.29	1.09	0.00
3	7	0.00	0.00	1.38	0.82	0.00
Core	CPU	C1%	C3%	C6%	C8%	C9%
-	-	0.00	0.31	0.72	1.42	0.00
0	0	0.00	0.00	0.20	1.28	0.00
0	4	0.00	0.00	0.97	1.67	0.00
1	1	0.00	2.48	0.17	0.04	0.00
1	5	0.00	0.00	1.04	1.72	0.00
2	2	0.00	0.02	0.98	1.68	0.00
2	6	0.00	0.00	0.99	1.58	0.00
3	3	0.00	0.00	0.38	1.87	0.00
3	7	0.00	0.02	1.04	1.49	0.00
Core	CPU	C1%	C3%	C6%	C8%	C9%
-	-	0.00	0.01	0.70	1.11	0.00
0	0	0.00	0.00	0.29	1.38	0.00
0	4	0.00	0.00	0.46	1.67	0.00
1	1	0.00	0.00	0.82	0.99	0.00
1	5	0.00	0.03	0.47	1.20	0.00
2	2	0.00	0.00	0.39	1.29	0.00
2	6	0.00	0.00	0.76	1.19	0.00
3	3	0.00	0.00	0.94	0.50	0.00
3	7	0.00	0.06	1.45	0.70	0.00
Core	CPU	C1%	C3%	C6%	C8%	C9%
-	-	0.00	0.01	0.50	1.20	0.00
0	0	0.00	0.00	0.35	0.59	0.00
0	4	0.00	0.00	0.37	1.40	0.00
1	1	0.00	0.01	0.20	0.79	0.00
1	5	0.00	0.00	0.28	1.39	0.00
2	2	0.00	0.00	0.63	1.30	0.00
2	6	0.00	0.00	0.35	1.09	0.00
3	3	0.00	0.00	0.50	1.59	0.00
3	7	0.00	0.05	1.30	1.41	0.00
Core	CPU	C1%	C3%	C6%	C8%	C9%
-	-	0.00	0.01	0.55	1.13	0.00
0	0	0.00	0.00	1.07	1.29	0.00
0	4	0.00	0.02	0.19	1.18	0.00
1	1	0.00	0.00	0.98	0.89	0.00
1	5	0.00	0.00	0.45	1.20	0.00
2	2	0.00	0.00	0.25	0.99	0.00
2	6	0.00	0.00	0.23	1.18	0.00
3	3	0.00	0.00	0.20	1.19	0.00
3	7	0.00	0.05	1.04	1.16	0.00
Core	CPU	C1%	C3%	C6%	C8%	C9%
-	-	0.00	0.00	0.46	0.78	0.00
0	0	0.00	0.02	0.25	0.60	0.00
0	4	0.00	0.00	0.00	0.60	0.00
1	1	0.00	0.00	0.28	0.89	0.00
1	5	0.00	0.00	0.39	1.22	0.00
2	2	0.00	0.00	0.83	0.78	0.00
2	6	0.00	0.01	0.70	0.40	0.00
3	3	0.00	0.00	0.28	1.09	0.00
3	7	0.00	0.00	0.98	0.70	0.00
Core	CPU	C1%	C3%	C6%	C8%	C9%
-	-	0.00	0.01	0.52	0.80	0.13
0	0	0.00	0.00	0.52	0.70	0.00
0	4	0.00	0.00	0.28	0.89	0.00
1	1	0.00	0.00	0.46	0.69	0.00
1	5	0.00	0.00	0.99	0.69	0.00
2	2	0.00	0.02	0.78	0.90	0.00
2	6	0.00	0.00	0.29	0.99	0.00
3	3	0.00	0.00	0.28	0.78	1.00
3	7	0.00	0.03	0.53	0.77	0.00
Core	CPU	C1%	C3%	C6%	C8%	C9%
-	-	0.00	0.23	0.60	1.64	0.00
0	0	0.00	0.00	0.65	1.53	0.00
0	4	0.00	0.00	0.94	3.05	0.00
1	1	0.00	1.78	0.15	0.07	0.00
1	5	0.00	0.02	0.20	1.68	0.00
2	2	0.00	0.00	0.20	1.19	0.00
2	6	0.00	0.00	0.38	1.88	0.00
3	3	0.00	0.00	0.53	1.87	0.00
3	7	0.00	0.05	1.74	1.82	0.00
Core	CPU	C1%	C3%	C6%	C8%	C9%
-	-	0.00	0.04	0.65	4.39	0.00
0	0	0.00	0.00	0.55	1.40	0.00
0	4	0.00	0.00	0.53	0.40	0.00
1	1	0.00	0.00	0.38	0.40	0.00
1	5	0.00	0.00	0.36	1.48	0.00
2	2	0.00	0.00	0.37	0.79	0.00
2	6	0.00	0.00	0.45	0.70	0.00
3	3	0.00	0.00	0.32	0.99	0.00
3	7	0.01	0.29	2.24	28.97	0.00
Core	CPU	C1%	C3%	C6%	C8%	C9%
-	-	0.04	0.00	0.55	1.39	0.00
0	0	0.18	0.00	0.32	1.83	0.00
0	4	0.00	0.02	0.92	1.81	0.00
1	1	0.00	0.00	0.10	0.40	0.00
1	5	0.00	0.00	0.46	2.17	0.00
2	2	0.00	0.00	0.44	1.09	0.00
2	6	0.16	0.00	0.23	1.58	0.00
3	3	0.00	0.00	0.52	1.41	0.00
3	7	0.00	0.00	1.37	0.81	0.00
Core	CPU	C1%	C3%	C6%	C8%	C9%
-	-	0.00	0.01	0.49	0.67	0.00
0	0	0.00	0.00	0.14	0.50	0.00
0	4	0.00	0.00	0.72	0.70	0.00
1	1	0.00	0.00	0.13	0.40	0.00
1	5	0.00	0.02	0.18	0.81	0.00
2	2	0.00	0.02	0.00	0.60	0.00
2	6	0.00	0.00	0.68	0.70	0.00
3	3	0.00	0.00	0.75	0.99	0.00
3	7	0.00	0.04	1.34	0.68	0.00
Core	CPU	C1%	C3%	C6%	C8%	C9%
-	-	0.00	0.02	0.46	0.73	0.00
0	0	0.00	0.02	0.40	0.10	0.00
0	4	0.00	0.00	0.00	0.50	0.00
1	1	0.00	0.00	0.28	0.89	0.00
1	5	0.00	0.00	0.26	0.91	0.00
2	2	0.00	0.00	0.14	1.09	0.00
2	6	0.00	0.10	0.71	0.80	0.00
3	3	0.00	0.00	0.78	0.80	0.00
3	7	0.00	0.00	1.09	0.80	0.00
Core	CPU	C1%	C3%	C6%	C8%	C9%
-	-	0.00	0.00	0.50	0.86	0.00
0	0	0.00	0.02	1.04	0.99	0.00
0	4	0.00	0.00	0.58	0.99	0.00
1	1	0.00	0.00	0.27	0.89	0.00
1	5	0.00	0.00	0.27	1.29	0.00
2	2	0.00	0.00	0.32	0.89	0.00
2	6	0.00	0.00	0.20	0.89	0.00
3	3	0.00	0.00	0.28	0.88	0.00
3	7	0.00	0.01	1.05	0.08	0.00
Core	CPU	C1%	C3%	C6%	C8%	C9%
-	-	0.00	0.15	0.76	1.20	0.13
0	0	0.00	0.00	0.68	1.80	0.00
0	4	0.00	0.00	0.45	1.39	0.00
1	1	0.00	1.09	0.22	0.11	0.00
1	5	0.00	0.01	0.98	1.00	0.00
2	2	0.00	0.00	0.38	1.39	0.00
2	6	0.00	0.00	0.46	1.39	0.00
3	3	0.00	0.04	1.55	1.82	1.01
3	7	0.00	0.04	1.38	0.70	0.00
Core	CPU	C1%	C3%	C6%	C8%	C9%
-	-	0.00	0.01	0.60	1.02	0.00
0	0	0.00	0.00	0.46	0.60	0.00
0	4	0.00	0.00	0.24	1.18	0.00
1	1	0.00	0.00	0.79	0.40	0.00
1	5	0.00	0.00	1.24	1.89	0.00
2	2	0.00	0.00	0.36	1.09	0.00
2	6	0.00	0.00	0.54	1.00	0.00
3	3	0.00	0.00	0.22	1.19	0.00
3	7	0.00	0.05	0.95	0.80	0.00
Core	CPU	C1%	C3%	C6%	C8%	C9%
-	-	0.02	0.00	0.71	1.01	0.00
0	0	0.00	0.00	0.61	1.19	0.00
0	4	0.00	0.00	0.19	1.19	0.00
1	1	0.00	0.00	0.38	1.08	0.00
1	5	0.00	0.00	0.74	1.08	0.00
2	2	0.00	0.00	1.03	0.79	0.00
2	6	0.10	0.02	0.89	0.49	0.00
3	3	0.04	0.02	0.29	0.89	0.00
3	7	0.00	0.00	1.54	1.39	0.00
Core	CPU	C1%	C3%	C6%	C8%	C9%
-	-	0.00	0.01	0.61	0.82	0.00
0	0	0.00	0.00	0.41	1.00	0.00
0	4	0.00	0.00	0.66	0.99	0.00
1	1	0.00	0.00	0.36	0.99	0.00
1	5	0.00	0.00	0.42	0.79	0.00
2	2	0.00	0.02	0.68	0.79	0.00
2	6	0.00	0.00	0.48	1.09	0.00
3	3	0.00	0.00	0.87	0.79	0.00
3	7	0.00	0.05	1.00	0.11	0.00
Core	CPU	C1%	C3%	C6%	C8%	C9%
-	-	0.00	0.01	0.49	0.88	0.00
0	0	0.00	0.00	0.47	0.79	0.00
0	4	0.00	0.00	0.45	0.50	0.00
1	1	0.00	0.00	0.71	0.89	0.00
1	5	0.00	0.00	0.29	1.09	0.00
2	2	0.00	0.00	0.37	1.19	0.00
2	6	0.00	0.00	0.36	0.89	0.00
3	3	0.00	0.00	0.42	1.00	0.00
3	7	0.00	0.05	0.86	0.70	0.00
Core	CPU	C1%	C3%	C6%	C8%	C9%
-	-	0.00	0.01	0.40	0.96	0.00
0	0	0.00	0.00	0.15	0.89	0.00
0	4	0.00	0.00	0.13	0.49	0.00
1	1	0.00	0.00	0.59	0.49	0.00
1	5	0.00	0.00	0.35	1.19	0.00
2	2	0.00	0.00	0.35	0.88	0.00
2	6	0.00	0.00	0.23	1.19	0.00
3	3	0.00	0.02	0.28	1.20	0.00
3	7	0.00	0.02	1.14	1.37	0.00
Core	CPU	C1%	C3%	C6%	C8%	C9%
-	-	0.00	0.19	0.35	0.79	0.00
0	0	0.00	0.01	0.29	0.59	0.00
0	4	0.00	0.00	0.19	0.98	0.00
1	1	0.00	1.48	0.17	0.05	0.00
1	5	0.00	0.00	0.83	0.85	0.00
2	2	0.00	0.01	0.20	0.99	0.00
2	6	0.00	0.00	0.20	1.08	0.00
3	3	0.00	0.00	0.37	0.78	0.00
3	7	0.00	0.00	0.57	0.99	0.00
Core	CPU	C1%	C3%	C6%	C8%	C9%
-	-	0.00	0.01	0.73	0.97	0.00
0	0	0.00	0.00	0.74	2.09	0.00
0	4	0.00	0.00	0.45	0.79	0.00
1	1	0.00	0.01	0.82	0.78	0.00
1	5	0.00	0.01	1.65	1.17	0.00
2	2	0.00	0.00	0.28	0.99	0.00
2	6	0.00	0.00	0.46	0.90	0.00
3	3	0.00	0.00	0.21	0.70	0.00
3	7	0.00	0.03	1.20	0.30	0.00
Core	CPU	C1%	C3%	C6%	C8%	C9%
-	-	0.00	0.00	0.48	0.97	0.00
0	0	0.00	0.00	0.46	1.47	0.00
0	4	0.00	0.00	0.22	1.63	0.00
1	1	0.00	0.00	0.59	0.29	0.00
1	5	0.00	0.00	0.47	0.99	0.00
2	2	0.00	0.00	0.36	0.80	0.00
2	6	0.00	0.00	0.14	1.19	0.00
3	3	0.00	0.01	0.30	0.90	0.00
3	7	0.00	0.02	1.27	0.49	0.00
Core	CPU	C1%	C3%	C6%	C8%	C9%
-	-	0.00	0.00	0.59	0.93	0.13
0	0	0.00	0.00	0.21	0.50	0.00
0	4	0.00	0.00	0.28	1.29	0.00
1	1	0.00	0.00	0.58	0.88	0.00
1	5	0.00	0.00	0.53	1.09	0.00
2	2	0.00	0.00	0.83	0.50	0.00
2	6	0.00	0.01	0.89	0.49	0.00
3	3	0.00	0.00	0.47	1.38	1.00
3	7	0.00	0.02	0.95	1.27	0.00
Core	CPU	C1%	C3%	C6%	C8%	C9%
-	-	0.00	0.01	0.51	0.67	0.00
0	0	0.00	0.03	0.39	0.36	0.00
0	4	0.00	0.00	0.28	0.88	0.00
1	1	0.00	0.00	0.48	0.78	0.00
1	5	0.00	0.00	0.83	0.79	0.00
2	2	0.00	0.00	0.20	0.89	0.00
2	6	0.00	0.00	0.29	0.98	0.00
3	3	0.00	0.01	0.37	0.59	0.00
3	7	0.00	0.06	1.20	0.08	0.00
Core	CPU	C1%	C3%	C6%	C8%	C9%
-	-	0.00	0.00	0.52	0.74	0.25
0	0	0.00	0.00	0.70	0.80	0.00
0	4	0.00	0.00	0.15	1.28	0.00
1	1	0.00	0.00	0.22	0.69	0.00
1	5	0.00	0.00	0.18	0.50	0.00
2	2	0.00	0.00	0.28	0.89	0.00
2	6	0.00	0.00	0.45	0.90	0.00
3	3	0.00	0.00	1.00	0.40	2.02
3	7	0.00	0.03	1.18	0.48	0.00
Core	CPU	C1%	C3%	C6%	C8%	C9%
-	-	0.00	0.18	0.62	0.89	0.00
0	0	0.00	0.00	0.72	1.19	0.00
0	4	0.00	0.00	0.50	0.39	0.00
1	1	0.00	1.38	0.20	0.02	0.00
1	5	0.00	0.00	0.27	0.89	0.00
2	2	0.00	0.00	0.24	0.99	0.00
2	6	0.00	0.00	1.57	2.11	0.00
3	3	0.00	0.00	0.26	1.19	0.00
3	7	0.00	0.02	1.17	0.39	0.00
Core	CPU	C1%	C3%	C6%	C8%	C9%
-	-	0.00	0.01	0.54	0.73	0.00
0	0	0.00	0.02	0.59	0.29	0.00
0	4	0.00	0.00	0.20	0.40	0.00
1	1	0.00	0.00	0.58	0.59	0.00
1	5	0.00	0.00	0.45	0.99	0.00
2	2	0.00	0.00	0.34	0.99	0.00
2	6	0.00	0.00	0.82	0.79	0.00
3	3	0.00	0.00	0.20	0.99	0.00
3	7	0.00	0.02	1.16	0.79	0.00
Core	CPU	C1%	C3%	C6%	C8%	C9%
-	-	0.00	0.01	0.41	1.04	0.13
0	0	0.00	0.03	0.73	0.92	0.00
0	4	0.00	0.00	0.10	0.99	0.00
1	1	0.00	0.00	0.37	0.82	0.00
1	5	0.00	0.00	0.25	1.08	0.00
2	2	0.00	0.00	0.28	0.90	0.00
2	6	0.00	0.00	0.19	1.10	0.00
3	3	0.00	0.00	0.39	0.99	1.00
3	7	0.00	0.01	1.01	1.56	0.00
Core	CPU	C1%	C3%	C6%	C8%	C9%
-	-	0.00	0.01	0.57	1.25	0.00
0	0	0.00	0.00	0.66	1.70	0.00
0	4	0.00	0.00	0.46	1.28	0.00
1	1	0.00	0.00	0.43	1.48	0.00
1	5	0.00	0.10	0.30	1.18	0.00
2	2	0.00	0.00	0.29	1.29	0.00
2	6	0.00	0.00	0.66	1.18	0.00
3	3	0.00	0.00	0.25	1.18	0.00
3	7	0.00	0.00	1.49	0.71	0.00
Core	CPU	C1%	C3%	C6%	C8%	C9%
-	-	0.02	0.00	0.58	1.11	0.00
0	0	0.00	0.00	0.45	1.09	0.00
0	4	0.00	0.00	0.23	1.19	0.00
1	1	0.00	0.00	0.59	1.46	0.00
1	5	0.00	0.00	0.37	0.98	0.00
2	2	0.00	0.00	0.76	1.45	0.00
2	6	0.04	0.00	0.82	0.79	0.00
3	3	0.00	0.02	0.41	1.29	0.00
3	7	0.15	0.00	1.04	0.62	0.00
Core	CPU	C1%	C3%	C6%	C8%	C9%
-	-	0.00	0.01	0.60	1.47	0.13
0	0	0.00	0.02	0.87	0.40	0.00
0	4	0.00	0.00	0.59	0.50	0.00
1	1	0.00	0.00	0.21	1.18	0.00
1	5	0.00	0.00	0.44	1.10	0.00
2	2	0.00	0.00	0.24	1.29	0.00
2	6	0.00	0.00	0.81	0.80	0.00
3	3	0.00	0.00	0.64	0.80	1.01
3	7	0.00	0.04	0.99	5.67	0.00
Core	CPU	C1%	C3%	C6%	C8%	C9%
-	-	0.00	0.06	0.52	3.51	0.00
0	0	0.00	0.00	0.27	0.80	0.00
0	4	0.00	0.00	0.46	0.70	0.00
1	1	0.00	0.30	0.16	0.13	0.00
1	5	0.00	0.00	0.13	0.60	0.00
2	2	0.00	0.00	0.83	0.80	0.00
2	6	0.00	0.00	0.13	1.10	0.00
3	3	0.00	0.00	0.77	1.10	0.00
3	7	0.01	0.18	1.40	22.84	0.00
Core	CPU	C1%	C3%	C6%	C8%	C9%
-	-	0.00	0.03	0.61	1.06	0.00
0	0	0.00	0.01	0.84	2.37	0.00
0	4	0.00	0.00	0.19	0.99	0.00
1	1	0.00	0.00	0.84	0.62	0.00
1	5	0.00	0.00	0.41	0.99	0.00
2	2	0.00	0.13	0.57	0.79	0.00
2	6	0.00	0.02	0.38	1.41	0.00
3	3	0.00	0.00	0.54	1.30	0.00
3	7	0.00	0.07	1.09	0.00	0.00
Core	CPU	C1%	C3%	C6%	C8%	C9%
-	-	0.00	0.01	0.43	1.12	0.12
0	0	0.00	0.00	0.28	1.19	0.00
0	4	0.00	0.00	0.59	1.31	0.00
1	1	0.00	0.00	0.33	1.00	0.00
1	5	0.00	0.00	0.30	1.00	0.00
2	2	0.00	0.00	0.24	0.90	0.00
2	6	0.00	0.00	0.36	1.30	0.00
3	3	0.00	0.00	0.54	1.29	0.99
3	7	0.00	0.05	0.80	0.99	0.00
Core	CPU	C1%	C3%	C6%	C8%	C9%
-	-	0.00	0.00	0.63	1.30	0.00
0	0	0.00	0.00	0.46	1.30	0.00
0	4	0.00	0.00	0.63	1.78	0.00
1	1	0.00	0.00	0.31	1.00	0.00
1	5	0.00	0.00	0.37	0.50	0.00
2	2	0.00	0.00	0.46	1.30	0.00
2	6	0.00	0.00	0.64	1.68	0.00
3	3	0.00	0.00	0.55	1.69	0.00
3	7	0.00	0.00	1.61	1.12	0.00
Core	CPU	C1%	C3%	C6%	C8%	C9%
-	-	0.00	0.01	0.54	0.83	0.00
0	0	0.00	0.00	0.70	0.02	0.00
0	4	0.00	0.00	0.49	0.59	0.00
1	1	0.00	0.00	0.28	1.19	0.00
1	5	0.00	0.00	0.64	0.98	0.00
2	2	0.00	0.00	0.32	1.19	0.00
2	6	0.00	0.02	0.20	1.19	0.00
3	3	0.00	0.00	0.28	1.09	0.00
3	7	0.00	0.02	1.44	0.40	0.00
Core	CPU	C1%	C3%	C6%	C8%	C9%
-	-	0.00	0.00	0.40	0.84	0.00
0	0	0.00	0.00	0.61	0.80	0.00
0	4	0.00	0.00	0.28	0.90	0.00
1	1	0.00	0.00	0.35	0.80	0.00
1	5	0.00	0.00	0.32	0.99	0.00
2	2	0.00	0.01	0.39	0.71	0.00
2	6	0.00	0.00	0.28	1.00	0.00
3	3	0.00	0.00	0.36	0.80	0.00
3	7	0.00	0.02	0.57	0.70	0.00
Core	CPU	C1%	C3%	C6%	C8%	C9%
-	-	0.00	0.05	0.37	0.77	0.00
0	0	0.00	0.00	0.46	0.79	0.00
0	4	0.00	0.00	0.84	0.59	0.00
1	1	0.01	0.39	0.21	0.01	0.00
1	5	0.00	0.00	0.00	0.50	0.00
2	2	0.00	0.00	0.28	0.89	0.00
2	6	0.00	0.00	0.36	0.99	0.00
3	3	0.00	0.00	0.23	1.39	0.00
3	7	0.00	0.05	0.57	1.00	0.00
Core	CPU	C1%	C3%	C6%	C8%	C9%
-	-	0.00	0.00	0.54	0.93	0.00
0	0	0.00	0.00	0.70	0.60	0.00
0	4	0.00	0.00	0.23	0.49	0.00
1	1	0.00	0.00	0.79	0.78	0.00
1	5	0.00	0.00	0.54	1.09	0.00
2	2	0.00	0.00	0.25	1.19	0.00
2	6	0.00	0.00	0.23	1.19	0.00
3	3	0.00	0.00	0.38	1.69	0.00
3	7	0.00	0.02	1.25	0.40	0.00
Core	CPU	C1%	C3%	C6%	C8%	C9%
-	-	0.00	0.00	0.52	1.24	0.00
0	0	0.00	0.00	0.42	1.88	0.00
0	4	0.00	0.00	0.20	0.99	0.00
1	1	0.00	0.00	0.46	1.08	0.00
1	5	0.00	0.00	0.83	0.79	0.00
2	2	0.00	0.00	0.20	1.19	0.00
2	6	0.00	0.00	0.48	1.28	0.00
3	3	0.00	0.00	0.86	1.58	0.00
3	7	0.00	0.00	0.76	1.09	0.00
Core	CPU	C1%	C3%	C6%	C8%	C9%
-	-	0.00	0.00	0.71	1.04	0.00
0	0	0.00	0.00	0.64	2.20	0.00
0	4	0.00	0.00	0.26	1.69	0.00
1	1	0.00	0.00	0.92	0.40	0.00
1	5	0.00	0.01	1.76	0.79	0.00
2	2	0.00	0.00	0.37	0.99	0.00
2	6	0.00	0.00	0.37	0.69	0.00
3	3	0.00	0.00	0.24	1.00	0.00
3	7	0.00	0.00	1.11	0.60	0.00
Core	CPU	C1%	C3%	C6%	C8%	C9%
-	-	0.01	0.00	0.40	1.07	0.00
0	0	0.00	0.00	0.38	0.91	0.00
0	4	0.00	0.00	0.22	0.69	0.00
1	1	0.00	0.00	0.18	0.81	0.00
1	5	0.00	0.00	0.40	1.13	0.00
2	2	0.00	0.00	0.43	1.30	0.00
2	6	0.00	0.00	0.40	1.40	0.00
3	3	0.07	0.00	0.40	1.51	0.00
3	7	0.00	0.02	0.76	0.79	0.00
Core	CPU	C1%	C3%	C6%	C8%	C9%
-	-	0.00	0.01	0.79	1.29	0.00
0	0	0.00	0.03	0.29	1.09	0.00
0	4	0.00	0.00	0.86	1.29	0.00
1	1	0.00	0.00	0.68	2.47	0.00
1	5	0.00	0.00	1.46	1.20	0.00
2	2	0.00	0.00	0.80	0.80	0.00
2	6	0.00	0.00	0.29	1.19	0.00
3	3	0.00	0.00	0.87	1.28	0.00
3	7	0.00	0.05	1.09	1.00	0.00
Core	CPU	C1%	C3%	C6%	C8%	C9%
-	-	0.00	0.31	0.64	1.46	0.00
0	0	0.00	0.00	0.48	1.67	0.00
0	4	0.00	0.00	0.35	1.87	0.00
1	1	0.01	2.48	0.22	0.00	0.00
1	5	0.00	0.01	0.89	0.89	0.00
2	2	0.00	0.00	0.67	1.77	0.00
2	6	0.00	0.00	0.36	1.88	0.00
3	3	0.00	0.01	0.52	1.99	0.00
3	7	0.01	0.00	1.63	1.57	0.00
Core	CPU	C1%	C3%	C6%	C8%	C9%
-	-	0.00	0.00	0.62	1.22	0.00
0	0	0.00	0.00	0.68	1.50	0.00
0	4	0.00	0.00	0.33	1.18	0.00
1	1	0.00	0.00	0.70	0.39	0.00
1	5	0.00	0.00	0.53	1.29	0.00
2	2	0.00	0.00	0.62	2.08	0.00
2	6	0.00	0.00	0.54	1.00	0.00
3	3	0.00	0.00	0.32	1.10	0.00
3	7	0.00	0.03	1.27	1.19	0.00
Core	CPU	C1%	C3%	C6%	C8%	C9%
-	-	0.01	0.01	0.57	0.69	0.00
0	0	0.00	0.00	0.16	0.50	0.00
0	4	0.00	0.00	0.10	0.89	0.00
1	1	0.00	0.00	0.38	0.99	0.00
1	5	0.00	0.00	0.48	0.89	0.00
2	2	0.00	0.00	1.09	0.29	0.00
2	6	0.10	0.02	0.99	0.40	0.00
3	3	0.00	0.00	0.29	1.09	0.00
3	7	0.00	0.03	1.04	0.50	0.00
Core	CPU	C1%	C3%	C6%	C8%	C9%
-	-	0.00	0.01	0.35	0.81	0.00
0	0	0.00	0.00	0.10	0.80	0.00
0	4	0.00	0.00	0.28	0.89	0.00
1	1	0.00	0.00	0.45	0.69	0.00
1	5	0.00	0.00	0.31	0.89	0.00
2	2	0.00	0.00	0.10	1.00	0.00
2	6	0.00	0.00	0.19	0.99	0.00
3	3	0.00	0.00	0.36	0.69	0.00
3	7	0.00	0.05	0.99	0.50	0.00
Core	CPU	C1%	C3%	C6%	C8%	C9%
-	-	0.00	0.01	0.72	1.05	0.00
0	0	0.00	0.00	0.84	1.00	0.00
0	4	0.00	0.00	0.35	1.57	0.00
1	1	0.00	0.02	0.58	0.50	0.00
1	5	0.00	0.00	0.10	1.19	0.00
2	2	0.00	0.00	0.96	1.18	0.00
2	6	0.00	0.00	0.94	1.28	0.00
3	3	0.00	0.00	0.90	0.90	0.00
3	7	0.00	0.05	1.08	0.80	0.00
Core	CPU	C1%	C3%	C6%	C8%	C9%
-	-	0.00	0.00	0.40	0.96	0.12
0	0	0.00	0.00	0.52	1.41	0.00
0	4	0.00	0.00	0.22	1.00	0.00
1	1	0.00	0.00	0.19	1.10	0.00
1	5	0.00	0.00	0.35	1.00	0.00
2	2	0.00	0.00	0.45	0.80	0.00
2	6	0.00	0.00	0.24	0.90	0.00
3	3	0.00	0.02	0.58	0.61	0.99
3	7	0.00	0.02	0.68	0.89	0.00
Core	CPU	C1%	C3%	C6%	C8%	C9%
-	-	0.01	0.18	0.53	0.70	0.00
0	0	0.06	0.01	0.62	0.39	0.00
0	4	0.00	0.00	0.10	0.79	0.00
1	1	0.00	1.39	0.19	0.03	0.00
1	5	0.00	0.00	0.36	0.91	0.00
2	2	0.00	0.00	0.83	0.79	0.00
2	6	0.00	0.02	0.79	0.79	0.00
3	3	0.00	0.00	0.20	1.08	0.00
3	7	0.00	0.01	1.17	0.79	0.00
Core	CPU	C1%	C3%	C6%	C8%	C9%
-	-	0.00	0.00	0.44	0.76	0.00
0	0	0.00	0.00	0.60	0.09	0.00
0	4	0.00	0.00	0.10	0.90	0.00
1	1	0.00	0.00	0.57	0.60	0.00
1	5	0.00	0.00	0.43	0.82	0.00
2	2	0.00	0.00	0.62	0.60	0.00
2	6	0.00	0.00	0.42	0.91	0.00
3	3	0.00	0.00	0.18	1.21	0.00
3	7	0.00	0.03	0.60	0.98	0.00
Core	CPU	C1%	C3%	C6%	C8%	C9%
-	-	0.00	0.01	0.40	0.71	0.00
0	0	0.00	0.02	0.54	0.10	0.00
0	4	0.00	0.00	0.10	0.40	0.00
1	1	0.00	0.00	0.28	0.89	0.00
1	5	0.00	0.00	0.26	0.91	0.00
2	2	0.00	0.00	0.19	0.99	0.00
2	6	0.00	0.02	0.79	0.79	0.00
3	3	0.00	0.00	0.10	1.08	0.00
3	7	0.00	0.03	0.96	0.50	0.00
Core	CPU	C1%	C3%	C6%	C8%	C9%
-	-	0.00	0.01	0.47	1.01	0.00
0	0	0.00	0.01	0.93	1.60	0.00
0	4	0.00	0.00	0.20	0.99	0.00
1	1	0.00	0.00	0.27	0.89	0.00
1	5	0.00	0.00	0.72	0.94	0.00
2	2	0.00	0.00	0.41	1.38	0.00
2	6	0.00	0.00	0.19	1.00	0.00
3	3	0.00	0.00	0.19	0.99	0.00
3	7	0.00	0.03	0.84	0.31	0.00
Core	CPU	C1%	C3%	C6%	C8%	C9%
-	-	0.00	0.03	0.56	4.37	0.00
0	0	0.00	0.00	0.34	1.68	0.00
0	4	0.00	0.00	0.27	1.08	0.00
1	1	0.00	0.00	0.86	0.79	0.00
1	5	0.00	0.00	0.22	0.89	0.00
2	2	0.00	0.00	0.20	0.99	0.00
2	6	0.00	0.00	0.28	0.79	0.00
3	3	0.00	0.00	0.35	0.79	0.00
3	7	0.02	0.27	1.95	27.97	0.00
Core	CPU	C1%	C3%	C6%	C8%	C9%
-	-	0.00	0.01	0.57	1.05	0.12
0	0	0.00	0.00	0.46	1.78	0.00
0	4	0.00	0.00	0.44	1.19	0.00
1	1	0.00	0.00	0.73	0.68	0.00
1	5	0.00	0.01	0.96	0.30	0.00
2	2	0.00	0.00	0.19	1.28	0.00
2	6	0.00	0.00	0.27	1.18	0.00
3	3	0.00	0.00	0.24	1.40	0.99
3	7	0.00	0.05	1.26	0.59	0.00
Core	CPU	C1%	C3%	C6%	C8%	C9%
-	-	0.00	0.05	0.39	0.81	0.00
0	0	0.00	0.00	0.35	0.89	0.00
0	4	0.00	0.00	0.14	0.89	0.00
1	1	0.00	0.39	0.00	0.10	0.00
1	5	0.00	0.00	0.47	1.00	0.00
2	2	0.00	0.00	0.36	0.89	0.00
2	6	0.00	0.00	0.24	1.10	0.00
3	3	0.00	0.00	0.37	1.10	0.00
3	7	0.00	0.03	1.19	0.50	0.00
Core	CPU	C1%	C3%	C6%	C8%	C9%
-	-	0.00	0.01	0.74	1.17	0.00
0	0	0.00	0.01	0.80	1.11	0.00
0	4	0.00	0.00	0.22	1.56	0.00
1	1	0.00	0.00	0.40	0.20	0.00
1	5	0.00	0.00	0.26	1.01	0.00
2	2	0.00	0.00	0.26	0.89	0.00
2	6	0.00	0.00	0.23	1.10	0.00
3	3	0.00	0.01	0.84	0.60	0.00
3	7	0.00	0.05	2.87	2.93	0.00
Core	CPU	C1%	C3%	C6%	C8%	C9%
-	-	0.00	0.01	0.51	1.19	0.13
0	0	0.00	0.02	0.85	0.39	0.00
0	4	0.00	0.00	0.10	0.99	0.00
1	1	0.00	0.00	0.45	1.20	0.00
1	5	0.00	0.00	0.42	1.43	0.00
2	2	0.00	0.00	0.31	1.19	0.00
2	6	0.00	0.00	0.37	1.90	0.00
3	3	0.00	0.00	0.46	1.20	1.00
3	7	0.00	0.04	1.09	1.19	0.00
Core	CPU	C1%	C3%	C6%	C8%	C9%
-	-	0.02	0.00	0.82	1.33	0.00
0	0	0.00	0.00	1.54	1.88	0.00
0	4	0.00	0.00	1.03	2.26	0.00
1	1	0.00	0.00	0.32	1.49	0.00
1	5	0.00	0.00	0.84	1.91	0.00
2	2	0.00	0.00	0.19	1.20	0.00
2	6	0.13	0.00	0.28	0.89	0.00
3	3	0.00	0.00	1.09	0.71	0.00
3	7	0.00	0.02	1.24	0.30	0.00
Core	CPU	C1%	C3%	C6%	C8%	C9%
-	-	0.00	0.01	0.68	0.89	0.00
0	0	0.00	0.00	0.91	2.28	0.00
0	4	0.00	0.00	0.27	1.09	0.00
1	1	0.00	0.00	0.36	0.90	0.00
1	5	0.00	0.00	0.84	0.80	0.00
2	2	0.00	0.00	0.14	1.09	0.00
2	6	0.00	0.00	0.82	0.80	0.00
3	3	0.00	0.03	1.00	0.10	0.00
3	7	0.00	0.06	1.12	0.09	0.00
Core	CPU	C1%	C3%	C6%	C8%	C9%
-	-	0.00	0.01	0.57	0.80	0.00
0	0	0.00	0.00	0.85	1.11	0.00
0	4	0.00	0.00	0.23	1.19	0.00
1	1	0.00	0.02	0.10	0.60	0.00
1	5	0.00	0.00	0.37	0.60	0.00
2	2	0.00	0.00	0.37	1.00	0.00
2	6	0.00	0.00	0.55	1.00	0.00
3	3	0.00	0.00	0.82	0.31	0.00
3	7	0.00	0.05	1.25	0.62	0.00
Core	CPU	C1%	C3%	C6%	C8%	C9%
-	-	0.00	0.09	0.36	0.90	0.00
0	0	0.00	0.00	0.50	1.18	0.00
0	4	0.00	0.00	0.13	0.79	0.00
1	1	0.00	0.71	0.00	0.10	0.00
1	5	0.00	0.00	0.47	0.99	0.00
2	2	0.00	0.00	0.36	0.99	0.00
2	6	0.00	0.00	0.15	1.09	0.00
3	3	0.00	0.02	0.19	1.20	0.00
3	7	0.00	0.03	1.07	0.89	0.00
Core	CPU	C1%	C3%	C6%	C8%	C9%
-	-	0.00	0.01	0.64	1.15	0.00
0	0	0.00	0.00	0.71	0.49	0.00
0	4	0.00	0.01	0.89	0.60	0.00
1	1	0.00	0.00	0.47	1.39	0.00
1	5	0.00	0.00	0.73	1.20	0.00
2	2	0.00	0.00	0.33	1.49	0.00
2	6	0.00	0.02	0.39	1.49	0.00
3	3	0.00	0.00	0.39	1.58	0.00
3	7	0.00	0.03	1.25	0.98	0.00
Core	CPU	C1%	C3%	C6%	C8%	C9%
-	-	0.00	0.01	0.51	0.78	0.00
0	0	0.00	0.00	0.39	0.10	0.00
0	4	0.00	0.00	0.27	0.89	0.00
1	1	0.00	0.00	0.29	1.08	0.00
1	5	0.00	0.00	0.51	0.99	0.00
2	2	0.00	0.00	0.78	0.90	0.00
2	6	0.00	0.00	0.28	0.79	0.00
3	3	0.00	0.00	0.35	0.69	0.00
3	7	0.00	0.04	1.19	0.79	0.00
Core	CPU	C1%	C3%	C6%	C8%	C9%
-	-	0.00	0.01	0.46	0.94	0.00
0	0	0.00	0.00	0.63	1.78	0.00
0	4	0.00	0.00	0.34	1.08	0.00
1	1	0.00	0.03	0.58	0.29	0.00
1	5	0.00	0.00	0.37	0.50	0.00
2	2	0.00	0.00	0.47	0.79	0.00
2	6	0.00	0.00	0.35	1.09	0.00
3	3	0.00	0.00	0.22	1.09	0.00
3	7	0.00	0.05	0.67	0.89	0.00
