Core	CPU	C1%	C3%	C6%	C8%	C9%
-	-	0.21	0.36	9.32	14.56	0.00
0	0	0.01	2.75	57.57	12.49	0.00
0	4	0.00	0.00	0.70	0.00	0.00
1	1	0.71	0.00	2.30	10.43	0.00
1	5	0.30	0.00	0.53	0.90	0.00
2	2	0.39	0.02	2.50	2.29	0.00
2	6	0.19	0.00	1.00	0.59	0.00
3	3	0.04	0.01	1.25	0.68	0.00
3	7	0.07	0.14	8.75	89.11	0.00
Core	CPU	C1%	C3%	C6%	C8%	C9%
-	-	0.00	0.96	10.26	11.51	3.52
0	0	0.01	3.03	56.80	20.33	0.00
0	4	0.00	0.03	0.93	0.89	28.18
1	1	0.00	4.62	20.91	63.82	0.00
1	5	0.00	0.00	1.06	0.30	0.00
2	2	0.00	0.00	0.43	4.59	0.00
2	6	0.00	0.00	0.64	0.79	0.00
3	3	0.00	0.00	0.91	0.30	0.00
3	7	0.00	0.00	0.38	1.07	0.00
Core	CPU	C1%	C3%	C6%	C8%	C9%
-	-	0.00	2.26	13.25	7.32	9.65
0	0	0.00	3.57	47.41	45.24	0.00
0	4	0.00	0.00	0.52	2.88	77.19
1	1	0.01	14.48	55.72	0.00	0.00
1	5	0.00	0.00	0.38	1.60	0.00
2	2	0.00	0.00	0.29	5.92	0.00
2	6	0.00	0.00	0.37	0.78	0.00
3	3	0.00	0.01	1.01	1.09	0.00
3	7	0.00	0.03	0.30	1.02	0.00
Core	CPU	C1%	C3%	C6%	C8%	C9%
-	-	0.01	2.28	13.36	7.24	9.88
0	0	0.00	3.51	46.89	45.67	0.00
0	4	0.00	0.00	1.01	1.47	79.06
1	1	0.00	10.81	42.32	1.92	0.00
1	5	0.00	0.00	0.61	0.61	0.00
2	2	0.07	0.03	0.45	6.47	0.00
2	6	0.00	0.00	0.20	0.50	0.00
3	3	0.00	0.03	0.49	0.47	0.00
3	7	0.00	3.83	14.92	0.81	0.00
Core	CPU	C1%	C3%	C6%	C8%	C9%
-	-	0.00	2.11	13.62	6.90	9.02
0	0	0.00	2.75	49.21	41.59	0.00
0	4	0.00	0.02	0.68	0.70	72.18
1	1	0.02	10.79	43.03	1.00	0.00
1	5	0.00	0.00	0.46	0.80	0.00
2	2	0.00	0.00	0.50	9.64	0.00
2	6	0.00	0.00	0.45	0.89	0.00
3	3	0.00	0.04	1.11	0.39	0.00
3	7	0.01	3.27	13.57	0.20	0.00
Core	CPU	C1%	C3%	C6%	C8%	C9%
-	-	0.00	2.24	14.37	5.64	8.71
0	0	0.00	3.00	55.65	36.86	0.00
0	4	0.00	0.00	0.53	2.19	69.69
1	1	0.01	14.83	54.98	0.00	0.00
1	5	0.00	0.02	1.18	0.70	0.00
2	2	0.00	0.00	0.68	1.39	0.00
2	6	0.00	0.00	0.27	1.59	0.00
3	3	0.00	0.04	1.04	1.18	0.00
3	7	0.00	0.00	0.63	1.19	0.00
Core	CPU	C1%	C3%	C6%	C8%	C9%
-	-	0.03	2.16	13.07	7.32	7.10
0	0	0.00	2.58	44.78	32.70	0.00
0	4	0.00	0.00	0.34	1.11	56.04
1	1	0.00	14.57	55.54	0.00	0.00
1	5	0.00	0.00	0.61	0.92	0.00
2	2	0.00	0.00	1.86	20.98	0.00
2	6	0.00	0.02	0.38	1.21	0.00
3	3	0.20	0.08	0.60	1.00	0.79
3	7	0.00	0.00	0.45	0.64	0.00
Core	CPU	C1%	C3%	C6%	C8%	C9%
-	-	0.00	0.56	9.10	13.12	1.91
0	0	0.03	2.93	56.00	16.04	0.00
0	4	0.00	0.04	0.49	0.60	15.31
1	1	0.00	0.00	1.18	3.58	0.00
1	5	0.00	0.00	0.29	1.18	0.00
2	2	0.00	0.00	5.72	81.09	0.00
2	6	0.00	0.00	0.35	1.09	0.00
3	3	0.00	0.02	1.13	0.88	0.00
3	7	0.01	1.47	7.63	0.48	0.00
Core	CPU	C1%	C3%	C6%	C8%	C9%
-	-	0.00	0.29	7.96	18.29	0.00
0	0	0.02	2.15	54.00	16.75	0.00
0	4	0.00	0.00	0.55	0.29	0.00
1	1	0.00	0.00	0.56	3.81	0.00
1	5	0.00	0.00	0.40	1.48	0.00
2	2	0.00	0.03	5.91	92.48	0.00
2	6	0.00	0.00	0.32	1.47	0.00
3	3	0.00	0.00	0.65	1.09	0.00
3	7	0.01	0.11	1.26	28.96	0.00
Core	CPU	C1%	C3%	C6%	C8%	C9%
-	-	0.01	0.51	8.17	13.85	0.17
0	0	0.02	3.97	54.36	12.60	0.00
0	4	0.00	0.00	1.29	1.11	1.37
1	1	0.00	0.00	0.44	4.90	0.00
1	5	0.00	0.01	3.18	34.02	0.00
2	2	0.05	0.06	3.95	55.95	0.00
2	6	0.00	0.02	0.73	0.77	0.00
3	3	0.00	0.00	0.53	1.13	0.00
3	7	0.00	0.00	0.87	0.29	0.00
Core	CPU	C1%	C3%	C6%	C8%	C9%
-	-	0.00	0.42	8.56	13.89	0.90
0	0	0.02	3.33	59.44	9.97	0.00
0	4	0.00	0.02	1.46	0.90	7.17
1	1	0.00	0.00	0.29	3.72	0.00
1	5	0.00	0.00	4.78	93.67	0.00
2	2	0.00	0.00	1.06	0.30	0.00
2	6	0.00	0.00	0.53	0.50	0.00
3	3	0.00	0.03	0.73	1.09	0.00
3	7	0.00	0.00	0.20	0.99	0.00
Core	CPU	C1%	C3%	C6%	C8%	C9%
-	-	0.00	0.48	9.04	16.31	1.59
0	0	0.01	3.73	50.83	11.40	0.23
0	4	0.00	0.07	11.11	4.73	12.53
1	1	0.00	0.02	3.55	15.93	0.00
1	5	0.00	0.00	4.75	93.62	0.00
2	2	0.00	0.00	0.49	0.98	0.00
2	6	0.00	0.00	0.33	1.20	0.00
3	3	0.00	0.04	0.95	1.18	0.00
3	7	0.00	0.00	0.34	1.48	0.00
Core	CPU	C1%	C3%	C6%	C8%	C9%
-	-	0.01	1.45	9.12	13.50	0.02
0	0	0.01	1.21	20.71	6.77	0.13
0	4	0.00	0.21	3.99	2.18	0.00
1	1	0.00	0.00	0.25	1.97	0.00
1	5	0.00	0.00	5.02	93.45	0.00
2	2	0.04	10.17	41.29	0.80	0.00
2	6	0.00	0.00	0.67	1.09	0.00
3	3	0.00	0.00	0.71	0.88	0.00
3	7	0.00	0.00	0.35	0.89	0.00
Core	CPU	C1%	C3%	C6%	C8%	C9%
-	-	0.01	1.88	9.43	12.91	0.81
0	0	0.00	0.74	12.41	6.73	0.00
0	4	0.00	0.00	0.48	0.61	6.45
1	1	0.00	0.00	0.27	1.00	0.00
1	5	0.00	0.00	5.44	92.34	0.00
2	2	0.07	14.29	55.44	0.00	0.00
2	6	0.00	0.00	0.39	0.82	0.00
3	3	0.00	0.03	0.59	0.89	0.00
3	7	0.00	0.00	0.39	0.88	0.00
Core	CPU	C1%	C3%	C6%	C8%	C9%
-	-	0.01	1.73	9.18	12.14	0.00
0	0	0.00	0.33	11.86	2.23	0.00
0	4	0.00	0.00	0.33	0.49	0.00
1	1	0.00	0.02	0.39	0.70	0.00
1	5	0.00	0.00	4.72	91.24	0.00
2	2	0.06	11.31	45.13	0.19	0.00
2	6	0.00	0.00	0.36	0.70	0.00
3	3	0.02	2.21	10.54	0.99	0.00
3	7	0.00	0.00	0.13	0.59	0.00
Core	CPU	C1%	C3%	C6%	C8%	C9%
-	-	0.04	1.84	9.35	12.52	0.00
0	0	0.00	0.30	10.44	2.51	0.00
0	4	0.00	0.01	0.67	1.08	0.00
1	1	0.00	0.00	0.24	1.09	0.00
1	5	0.00	0.00	5.76	92.80	0.00
2	2	0.00	0.02	0.85	0.89	0.00
2	6	0.00	0.03	0.24	1.00	0.00
3	3	0.29	14.31	56.10	0.00	0.00
3	7	0.00	0.03	0.48	0.77	0.00
Core	CPU	C1%	C3%	C6%	C8%	C9%
-	-	0.01	0.70	8.43	14.05	0.00
0	0	0.02	1.86	36.78	13.66	0.00
0	4	0.00	0.24	7.66	2.03	0.00
1	1	0.00	0.00	0.10	0.79	0.00
1	5	0.00	0.00	5.52	85.31	0.00
2	2	0.00	0.00	0.26	0.30	0.00
2	6	0.00	0.00	0.47	2.87	0.00
3	3	0.07	3.42	14.13	0.50	0.00
3	7	0.00	0.06	2.54	6.98	0.00
Core	CPU	C1%	C3%	C6%	C8%	C9%
-	-	0.00	0.43	8.28	13.87	0.64
0	0	0.03	2.55	53.46	13.87	0.00
0	4	0.00	0.01	0.70	0.09	5.11
1	1	0.00	0.00	0.29	0.79	0.00
1	5	0.00	0.00	4.36	80.77	0.00
2	2	0.00	0.00	0.25	1.19	0.00
2	6	0.00	0.00	0.63	0.89	0.00
3	3	0.01	0.84	4.96	0.58	0.00
3	7	0.00	0.04	1.62	12.78	0.00
Core	CPU	C1%	C3%	C6%	C8%	C9%
-	-	0.01	0.24	7.70	15.04	0.00
0	0	0.03	1.88	50.48	19.81	0.00
0	4	0.00	0.00	0.38	0.41	0.00
1	1	0.00	0.00	1.43	3.64	0.00
1	5	0.00	0.00	4.26	44.58	0.00
2	2	0.02	0.01	0.65	1.26	0.00
2	6	0.00	0.00	0.23	1.09	0.00
3	3	0.00	0.02	0.96	0.30	0.00
3	7	0.00	0.01	3.16	49.21	0.00
Core	CPU	C1%	C3%	C6%	C8%	C9%
-	-	0.00	0.39	7.83	13.51	0.30
0	0	0.03	3.06	54.40	13.43	0.00
0	4	0.00	0.02	0.79	0.11	2.40
1	1	0.00	0.00	0.19	0.90	0.00
1	5	0.00	0.00	0.28	0.85	0.00
2	2	0.00	0.00	0.76	0.40	0.00
2	6	0.00	0.00	0.25	1.29	0.00
3	3	0.00	0.02	0.93	0.59	0.00
3	7	0.00	0.02	5.00	90.51	0.00
Core	CPU	C1%	C3%	C6%	C8%	C9%
-	-	0.00	1.23	8.76	13.38	0.84
0	0	0.01	1.19	28.43	8.08	0.27
0	4	0.00	0.00	0.75	0.19	6.48
1	1	0.02	8.57	32.62	0.90	0.00
1	5	0.00	0.02	6.21	92.23	0.00
2	2	0.00	0.00	0.29	0.90	0.00
2	6	0.00	0.00	0.38	1.08	0.00
3	3	0.00	0.01	0.68	1.29	0.00
3	7	0.00	0.03	0.71	2.38	0.00
Core	CPU	C1%	C3%	C6%	C8%	C9%
-	-	0.00	1.97	9.90	12.69	0.40
0	0	0.00	0.60	13.39	4.70	0.25
0	4	0.00	0.00	0.72	1.29	2.00
1	1	0.03	15.08	55.25	0.00	0.00
1	5	0.00	0.00	7.77	90.77	0.00
2	2	0.00	0.02	0.31	1.89	0.00
2	6	0.00	0.02	0.27	0.99	0.00
3	3	0.00	0.04	0.48	1.09	0.00
3	7	0.00	0.00	1.01	0.80	0.98
Core	CPU	C1%	C3%	C6%	C8%	C9%
-	-	0.01	1.85	9.23	12.04	0.87
0	0	0.00	0.37	8.69	2.48	0.23
0	4	0.00	0.00	0.23	0.50	6.76
1	1	0.09	14.43	55.92	0.00	0.00
1	5	0.00	0.00	6.80	91.71	0.00
2	2	0.00	0.00	0.27	0.89	0.00
2	6	0.00	0.00	0.46	0.60	0.00
3	3	0.00	0.01	0.86	0.10	0.00
3	7	0.00	0.02	0.60	0.00	0.00
Core	CPU	C1%	C3%	C6%	C8%	C9%
-	-	0.01	1.86	9.54	12.34	0.00
0	0	0.00	0.49	10.08	4.00	0.00
0	4	0.00	0.00	0.36	0.80	0.00
1	1	0.09	14.39	55.98	0.00	0.00
1	5	0.00	0.00	7.36	91.15	0.00
2	2	0.00	0.01	0.39	0.80	0.00
2	6	0.00	0.00	0.19	0.80	0.00
3	3	0.00	0.02	1.38	0.40	0.00
3	7	0.00	0.00	0.56	0.79	0.00
Core	CPU	C1%	C3%	C6%	C8%	C9%
-	-	0.00	0.60	8.74	13.62	1.72
0	0	0.01	4.73	54.03	9.75	0.00
0	4	0.00	0.05	7.46	3.31	13.73
1	1	0.00	0.00	1.28	2.37	0.00
1	5	0.00	0.03	4.73	73.49	0.00
2	2	0.00	0.00	0.45	0.79	0.00
2	6	0.00	0.00	0.24	0.89	0.00
3	3	0.00	0.02	0.64	0.88	0.00
3	7	0.00	0.00	1.06	17.50	0.00
Core	CPU	C1%	C3%	C6%	C8%	C9%
-	-	0.00	0.26	7.56	14.36	0.00
0	0	0.02	1.98	52.69	17.51	0.00
0	4	0.00	0.00	0.63	0.00	0.00
1	1	0.00	0.01	0.50	1.41	0.00
1	5	0.00	0.00	4.47	82.72	0.00
2	2	0.00	0.00	0.28	0.69	0.00
2	6	0.00	0.00	0.46	0.29	0.00
3	3	0.00	0.05	0.63	1.15	0.00
3	7	0.00	0.00	0.84	11.13	0.00
Core	CPU	C1%	C3%	C6%	C8%	C9%
-	-	0.00	0.48	8.27	13.66	0.61
0	0	0.01	3.71	58.04	10.79	0.00
0	4	0.00	0.00	0.76	0.00	4.01
1	1	0.00	0.00	1.29	0.89	0.00
1	5	0.00	0.02	2.86	55.81	0.00
2	2	0.00	0.00	0.10	0.99	0.00
2	6	0.00	0.00	0.36	0.69	0.89
3	3	0.00	0.06	0.74	1.08	0.00
3	7	0.00	0.02	2.03	39.06	0.00
Core	CPU	C1%	C3%	C6%	C8%	C9%
-	-	0.00	0.35	8.14	14.49	0.49
0	0	0.02	2.67	54.71	14.88	0.00
0	4	0.00	0.00	0.87	0.00	3.89
1	1	0.00	0.00	0.55	5.46	0.00
1	5	0.00	0.00	0.24	0.89	0.00
2	2	0.00	0.02	0.29	0.90	0.00
2	6	0.00	0.00	0.89	0.89	0.00
3	3	0.00	0.04	0.98	1.26	0.00
3	7	0.00	0.05	6.62	91.63	0.00
Core	CPU	C1%	C3%	C6%	C8%	C9%
-	-	0.00	0.23	7.52	15.06	0.00
0	0	0.03	1.77	51.09	19.23	0.00
0	4	0.00	0.01	0.50	0.10	0.00
1	1	0.00	0.00	0.77	5.68	0.00
1	5	0.00	0.00	0.46	2.93	0.00
2	2	0.00	0.00	0.36	0.89	0.00
2	6	0.00	0.00	0.25	1.28	0.00
3	3	0.00	0.02	6.27	89.97	0.00
3	7	0.00	0.00	0.46	0.40	0.00
Core	CPU	C1%	C3%	C6%	C8%	C9%
-	-	0.00	0.58	7.98	14.02	0.50
0	0	0.02	4.61	54.69	12.53	0.00
0	4	0.00	0.00	1.06	3.76	3.40
1	1	0.00	0.02	0.29	1.49	0.61
1	5	0.00	0.01	6.12	89.87	0.00
2	2	0.00	0.00	0.29	1.08	0.00
2	6	0.00	0.00	0.37	0.99	0.00
3	3	0.00	0.00	0.67	1.19	0.00
3	7	0.00	0.00	0.32	1.28	0.00
Core	CPU	C1%	C3%	C6%	C8%	C9%
-	-	0.01	0.94	9.04	16.73	1.10
0	0	0.01	2.08	38.48	9.96	0.00
0	4	0.00	0.00	0.77	0.30	8.80
1	1	0.06	5.07	22.01	1.58	0.00
1	5	0.00	0.00	7.86	90.65	0.00
2	2	0.00	0.02	0.29	0.80	0.00
2	6	0.00	0.00	0.24	1.08	0.00
3	3	0.00	0.00	1.10	0.39	0.00
3	7	0.01	0.32	1.55	29.08	0.00
Core	CPU	C1%	C3%	C6%	C8%	C9%
-	-	0.01	1.93	9.35	12.79	0.11
0	0	0.00	0.22	10.86	3.53	0.00
0	4	0.00	0.00	0.19	0.31	0.00
1	1	0.09	15.19	55.47	0.00	0.00
1	5	0.00	0.00	3.46	51.12	0.00
2	2	0.00	0.00	0.33	1.30	0.00
2	6	0.00	0.00	0.47	1.89	0.91
3	3	0.00	0.01	3.22	43.17	0.00
3	7	0.00	0.00	0.77	1.00	0.00
Core	CPU	C1%	C3%	C6%	C8%	C9%
-	-	0.05	1.83	9.82	11.99	0.00
0	0	0.00	0.05	12.82	0.52	0.00
0	4	0.00	0.00	0.27	0.51	0.00
1	1	0.10	14.57	55.76	0.00	0.00
1	5	0.00	0.00	4.51	55.22	0.00
2	2	0.28	0.00	0.18	0.89	0.00
2	6	0.00	0.00	0.56	0.60	0.00
3	3	0.00	0.01	4.09	37.20	0.00
3	7	0.00	0.00	0.39	1.00	0.00
Core	CPU	C1%	C3%	C6%	C8%	C9%
-	-	0.01	0.42	8.82	14.01	1.84
0	0	0.10	3.33	59.26	9.85	0.00
0	4	0.00	0.00	0.27	0.70	14.75
1	1	0.00	0.01	6.16	57.33	0.00
1	5	0.00	0.00	0.34	0.79	0.00
2	2	0.00	0.02	0.29	1.00	0.00
2	6	0.00	0.00	0.19	1.10	0.00
3	3	0.00	0.00	3.67	40.69	0.00
3	7	0.00	0.00	0.37	0.59	0.00
Core	CPU	C1%	C3%	C6%	C8%	C9%
-	-	0.00	0.50	7.87	13.53	0.78
0	0	0.03	3.92	54.27	13.19	0.00
0	4	0.00	0.01	0.47	0.71	5.23
1	1	0.00	0.00	4.84	76.40	0.00
1	5	0.00	0.00	0.42	0.88	0.00
2	2	0.00	0.00	0.55	0.60	0.00
2	6	0.00	0.00	0.24	1.00	0.00
3	3	0.00	0.04	1.66	14.38	0.00
3	7	0.00	0.00	0.55	1.09	1.00
Core	CPU	C1%	C3%	C6%	C8%	C9%
-	-	0.00	0.33	7.95	13.91	1.71
0	0	0.01	2.59	55.94	13.84	0.00
0	4	0.00	0.00	0.44	0.39	12.68
1	1	0.00	0.02	2.00	38.88	0.00
1	5	0.00	0.00	0.20	1.19	0.00
2	2	0.00	0.00	0.29	0.69	0.00
2	6	0.00	0.00	0.56	1.18	0.00
3	3	0.00	0.00	4.16	54.49	0.00
3	7	0.00	0.00	0.04	0.59	1.00
Core	CPU	C1%	C3%	C6%	C8%	C9%
-	-	0.01	0.52	8.44	14.25	1.49
0	0	0.02	4.12	59.82	8.74	0.00
0	4	0.00	0.00	0.45	0.61	11.93
1	1	0.00	0.00	4.86	93.65	0.00
1	5	0.08	0.00	0.57	0.50	0.00
2	2	0.00	0.00	0.35	7.95	0.00
2	6	0.00	0.00	0.37	1.19	0.00
3	3	0.00	0.04	0.95	0.90	0.00
3	7	0.00	0.00	0.14	0.50	0.00
Core	CPU	C1%	C3%	C6%	C8%	C9%
-	-	0.00	0.43	8.22	14.15	3.85
0	0	0.01	3.35	56.76	12.26	0.00
0	4	0.00	0.00	0.67	0.40	30.76
1	1	0.00	0.01	3.73	66.56	0.00
1	5	0.00	0.00	0.45	0.29	0.00
2	2	0.00	0.00	0.80	5.74	0.00
2	6	0.00	0.02	0.60	0.09	0.00
3	3	0.00	0.02	2.39	26.90	0.00
3	7	0.00	0.00	0.38	0.99	0.00
Core	CPU	C1%	C3%	C6%	C8%	C9%
-	-	0.04	0.40	8.92	14.89	0.12
0	0	0.02	3.21	55.92	13.23	0.00
0	4	0.00	0.01	0.79	0.00	0.00
1	1	0.29	0.00	5.82	10.50	0.00
1	5	0.00	0.00	0.37	0.99	0.00
2	2	0.00	0.00	0.55	0.89	0.00
2	6	0.00	0.00	0.64	0.79	0.00
3	3	0.00	0.01	6.80	91.50	0.00
3	7	0.00	0.00	0.49	1.18	1.00
Core	CPU	C1%	C3%	C6%	C8%	C9%
-	-	0.00	0.47	7.57	13.74	0.24
0	0	0.01	3.71	53.34	14.06	0.00
0	4	0.00	0.00	0.99	0.40	1.89
1	1	0.00	0.02	3.25	66.07	0.00
1	5	0.00	0.00	0.10	1.00	0.00
2	2	0.00	0.00	0.29	0.98	0.00
2	6	0.00	0.00	0.37	0.89	0.00
3	3	0.00	0.00	2.05	25.86	0.00
3	7	0.00	0.00	0.16	0.69	0.00
Core	CPU	C1%	C3%	C6%	C8%	C9%
-	-	0.00	0.26	8.00	14.20	1.31
0	0	0.02	2.08	53.71	16.43	0.00
0	4	0.00	0.00	0.72	0.21	10.46
1	1	0.00	0.00	5.44	92.95	0.00
1	5	0.00	0.00	1.76	0.80	0.00
2	2	0.00	0.00	0.49	0.50	0.00
2	6	0.00	0.00	0.28	0.99	0.00
3	3	0.00	0.01	1.13	0.40	0.00
3	7	0.00	0.01	0.48	1.29	0.00
Core	CPU	C1%	C3%	C6%	C8%	C9%
-	-	0.01	0.89	8.21	14.07	0.00
0	0	0.02	1.09	35.09	13.93	0.00
0	4	0.00	0.00	0.96	0.00	0.00
1	1	0.00	0.00	5.00	93.44	0.00
1	5	0.00	0.00	0.38	1.68	0.00
2	2	0.00	0.02	1.03	0.78	0.00
2	6	0.00	0.00	0.77	0.79	0.00
3	3	0.06	6.00	21.96	0.89	0.00
3	7	0.00	0.00	0.47	1.08	0.00
Core	CPU	C1%	C3%	C6%	C8%	C9%
-	-	0.04	0.29	7.88	15.88	0.00
0	0	0.02	2.26	53.70	16.30	0.00
0	4	0.00	0.01	0.79	0.09	0.00
1	1	0.00	0.02	4.92	93.42	0.00
1	5	0.00	0.00	0.27	0.79	0.00
2	2	0.29	0.00	1.59	14.86	0.00
2	6	0.00	0.00	0.54	0.40	0.00
3	3	0.00	0.02	0.99	0.30	0.00
3	7	0.00	0.02	0.20	0.88	0.00
Core	CPU	C1%	C3%	C6%	C8%	C9%
-	-	0.00	0.29	8.30	14.76	0.00
0	0	0.02	2.31	54.97	15.05	0.00
0	4	0.00	0.00	1.70	1.19	0.00
1	1	0.00	0.00	3.33	51.05	0.00
1	5	0.00	0.00	0.87	1.50	0.00
2	2	0.00	0.01	0.97	5.05	0.00
2	6	0.00	0.00	0.65	2.20	0.00
3	3	0.00	0.01	3.00	41.70	0.00
3	7	0.00	0.00	0.89	0.39	0.00
Core	CPU	C1%	C3%	C6%	C8%	C9%
-	-	0.00	0.46	7.75	13.85	0.43
0	0	0.02	3.64	54.33	14.17	0.00
0	4	0.00	0.00	0.71	0.31	3.47
1	1	0.00	0.02	0.96	15.26	0.00
1	5	0.00	0.00	0.38	0.90	0.00
2	2	0.00	0.01	0.93	1.67	0.00
2	6	0.00	0.00	0.27	0.88	0.00
3	3	0.00	0.00	4.13	76.70	0.00
3	7	0.00	0.03	0.30	0.88	0.00
Core	CPU	C1%	C3%	C6%	C8%	C9%
-	-	0.00	0.34	8.59	13.49	0.59
0	0	0.01	2.71	59.38	10.29	0.00
0	4	0.00	0.00	1.00	0.39	4.74
1	1	0.00	0.01	2.13	24.04	0.00
1	5	0.00	0.01	0.94	0.69	0.00
2	2	0.00	0.02	0.59	1.18	0.00
2	6	0.00	0.00	0.42	1.19	0.00
3	3	0.00	0.00	4.01	69.27	0.00
3	7	0.00	0.00	0.24	0.88	0.00
Core	CPU	C1%	C3%	C6%	C8%	C9%
-	-	0.00	0.43	8.35	14.95	1.04
0	0	0.02	3.38	55.75	13.30	0.00
0	4	0.00	0.00	0.69	0.31	7.39
1	1	0.00	0.04	2.63	21.27	0.00
1	5	0.00	0.00	0.33	0.89	0.00
2	2	0.00	0.00	1.58	1.97	0.00
2	6	0.00	0.01	0.99	0.70	0.00
3	3	0.00	0.00	4.34	80.70	0.90
3	7	0.00	0.00	0.46	0.49	0.00
Core	CPU	C1%	C3%	C6%	C8%	C9%
-	-	0.00	0.32	7.85	15.81	0.98
0	0	0.03	2.58	55.17	14.61	0.00
0	4	0.00	0.02	0.62	0.41	7.83
1	1	0.00	0.00	4.66	93.77	0.00
1	5	0.00	0.00	0.28	1.19	0.00
2	2	0.00	0.00	1.02	13.22	0.00
2	6	0.00	0.00	0.24	1.09	0.00
3	3	0.00	0.00	0.62	0.99	0.00
3	7	0.00	0.00	0.20	1.19	0.00
Core	CPU	C1%	C3%	C6%	C8%	C9%
-	-	0.00	0.28	7.89	16.02	0.00
0	0	0.02	2.16	53.60	16.45	0.00
0	4	0.00	0.00	0.74	0.10	0.00
1	1	0.00	0.00	5.38	93.04	0.00
1	5	0.00	0.01	0.76	0.40	0.00
2	2	0.00	0.03	1.91	14.55	0.00
2	6	0.00	0.00	0.28	1.19	0.00
3	3	0.00	0.00	0.26	1.08	0.00
3	7	0.00	0.03	0.16	1.39	0.00
Core	CPU	C1%	C3%	C6%	C8%	C9%
-	-	0.00	0.45	7.91	15.24	1.06
0	0	0.02	3.49	53.81	13.69	0.00
0	4	0.00	0.00	0.76	0.21	8.49
1	1	0.00	0.01	4.70	91.06	0.00
1	5	0.00	0.00	0.24	0.99	0.00
2	2	0.00	0.04	2.10	12.18	0.00
2	6	0.00	0.00	0.60	0.59	0.00
3	3	0.00	0.00	0.29	1.19	0.00
3	7	0.00	0.03	0.76	2.02	0.00
Core	CPU	C1%	C3%	C6%	C8%	C9%
-	-	0.00	0.26	7.72	14.73	0.00
0	0	0.02	2.06	52.45	17.65	0.00
0	4	0.00	0.00	0.49	0.61	0.00
1	1	0.00	0.04	2.73	26.59	0.00
1	5	0.00	0.00	0.36	0.69	0.00
2	2	0.00	0.00	0.50	5.35	0.00
2	6	0.00	0.00	0.33	1.09	0.00
3	3	0.00	0.02	4.15	65.59	0.00
3	7	0.00	0.00	0.78	0.30	0.00
Core	CPU	C1%	C3%	C6%	C8%	C9%
-	-	0.08	0.35	8.02	14.16	0.11
0	0	0.02	2.81	55.43	14.74	0.00
0	4	0.00	0.00	0.33	0.31	0.00
1	1	0.00	0.02	4.17	88.75	0.00
1	5	0.00	0.00	1.43	0.90	0.00
2	2	0.05	0.00	0.95	1.98	0.90
2	6	0.00	0.00	0.28	1.18	0.00
3	3	0.54	0.00	1.29	5.12	0.00
3	7	0.00	0.00	0.33	0.29	0.00
Core	CPU	C1%	C3%	C6%	C8%	C9%
-	-	0.00	0.23	7.68	14.55	0.00
0	0	0.02	1.79	53.59	16.87	0.00
0	4	0.00	0.00	0.76	0.30	0.00
1	1	0.00	0.00	4.98	93.41	0.00
1	5	0.00	0.00	0.47	1.38	0.00
2	2	0.00	0.02	0.63	1.61	0.00
2	6	0.00	0.00	0.10	0.89	0.00
3	3	0.00	0.00	0.48	0.50	0.00
3	7	0.00	0.00	0.46	1.46	0.00
Core	CPU	C1%	C3%	C6%	C8%	C9%
-	-	0.00	0.35	8.32	17.70	0.16
0	0	0.02	2.65	56.23	13.48	0.00
0	4	0.00	0.00	0.53	0.31	1.29
1	1	0.00	0.01	4.05	63.35	0.00
1	5	0.00	0.00	0.47	0.69	0.00
2	2	0.00	0.01	0.75	5.07	0.00
2	6	0.00	0.00	0.32	1.09	0.00
3	3	0.00	0.00	2.83	29.04	0.00
3	7	0.01	0.15	1.40	28.54	0.00
Core	CPU	C1%	C3%	C6%	C8%	C9%
-	-	0.00	0.57	8.23	13.45	0.78
0	0	0.02	4.49	55.70	11.60	0.00
0	4	0.00	0.00	1.02	0.00	6.20
1	1	0.00	0.01	0.48	1.31	0.00
1	5	0.00	0.00	0.40	1.50	0.00
2	2	0.00	0.04	0.66	1.19	0.00
2	6	0.00	0.00	0.37	0.89	0.00
3	3	0.00	0.00	5.91	90.13	0.00
3	7	0.01	0.01	1.27	0.99	0.00
Core	CPU	C1%	C3%	C6%	C8%	C9%
-	-	0.00	0.28	7.77	14.20	0.00
0	0	0.02	2.21	55.39	14.72	0.00
0	4	0.00	0.00	0.35	0.61	0.00
1	1	0.00	0.00	0.14	1.38	0.00
1	5	0.00	0.00	0.19	0.50	0.00
2	2	0.00	0.02	0.81	0.80	0.00
2	6	0.00	0.00	0.20	0.98	0.00
3	3	0.00	0.00	4.72	93.65	0.00
3	7	0.00	0.00	0.34	0.98	0.00
Core	CPU	C1%	C3%	C6%	C8%	C9%
-	-	0.00	0.30	7.44	14.67	0.00
0	0	0.03	2.36	51.85	18.08	0.00
0	4	0.00	0.00	0.18	0.41	0.00
1	1	0.00	0.00	0.96	13.02	0.00
1	5	0.00	0.00	0.45	0.88	0.00
2	2	0.00	0.03	0.63	1.59	0.00
2	6	0.00	0.00	0.30	0.89	0.00
3	3	0.00	0.00	4.90	81.61	0.00
3	7	0.00	0.00	0.29	0.88	0.00
Core	CPU	C1%	C3%	C6%	C8%	C9%
-	-	0.00	0.32	8.16	13.84	0.49
0	0	0.01	2.51	54.54	15.23	0.00
0	4	0.00	0.00	0.52	0.30	3.94
1	1	0.00	0.00	1.22	22.18	0.00
1	5	0.00	0.00	0.48	1.29	0.00
2	2	0.00	0.00	0.48	1.00	0.00
2	6	0.00	0.00	0.55	0.80	0.00
3	3	0.00	0.02	6.48	69.59	0.00
3	7	0.00	0.01	1.02	0.30	0.00
Core	CPU	C1%	C3%	C6%	C8%	C9%
-	-	0.00	0.32	8.28	13.93	0.00
0	0	0.02	2.50	57.71	12.17	0.00
0	4	0.00	0.00	0.84	0.21	0.00
1	1	0.00	0.03	2.39	24.81	0.00
1	5	0.00	0.00	0.31	0.90	0.00
2	2	0.00	0.00	0.41	1.39	0.00
2	6	0.00	0.00	0.29	1.09	0.00
3	3	0.00	0.00	4.04	69.90	0.00
3	7	0.00	0.00	0.25	0.99	0.00
Core	CPU	C1%	C3%	C6%	C8%	C9%
-	-	0.00	0.52	7.81	13.73	0.00
0	0	0.02	4.17	54.77	12.71	0.00
0	4	0.00	0.00	0.38	0.70	0.00
1	1	0.00	0.00	2.25	53.46	0.00
1	5	0.00	0.00	0.36	0.89	0.00
2	2	0.00	0.01	1.33	0.50	0.00
2	6	0.00	0.02	0.99	0.30	0.00
3	3	0.00	0.00	2.00	40.74	0.00
3	7	0.00	0.00	0.38	0.59	0.00
Core	CPU	C1%	C3%	C6%	C8%	C9%
-	-	0.02	0.26	8.06	14.78	0.00
0	0	0.02	2.02	56.88	13.46	0.00
0	4	0.10	0.01	0.79	0.11	0.00
1	1	0.00	0.00	2.26	49.02	0.00
1	5	0.00	0.00	0.37	0.89	0.00
2	2	0.00	0.00	1.29	7.35	0.00
2	6	0.00	0.00	0.24	1.09	0.00
3	3	0.00	0.02	2.47	45.43	0.00
3	7	0.00	0.00	0.19	0.89	0.00
Core	CPU	C1%	C3%	C6%	C8%	C9%
-	-	0.01	0.75	8.29	13.81	0.20
0	0	0.02	2.05	42.36	11.41	0.00
0	4	0.00	0.00	0.74	0.09	1.60
1	1	0.00	0.00	0.29	1.29	0.00
1	5	0.00	0.00	0.47	1.28	0.00
2	2	0.00	0.01	1.01	1.20	0.00
2	6	0.03	3.87	16.16	0.89	0.00
3	3	0.00	0.03	5.13	93.24	0.00
3	7	0.00	0.00	0.13	1.08	0.00
Core	CPU	C1%	C3%	C6%	C8%	C9%
-	-	0.00	1.57	9.26	12.82	0.18
0	0	0.01	0.93	20.22	5.66	0.14
0	4	0.00	0.00	0.54	0.90	0.30
1	1	0.00	0.00	0.97	15.12	0.00
1	5	0.00	0.00	0.19	1.00	0.00
2	2	0.00	2.77	12.43	0.88	0.00
2	6	0.02	8.90	33.65	0.30	0.00
3	3	0.00	0.00	5.74	78.17	0.00
3	7	0.00	0.00	0.32	0.50	1.00
Core	CPU	C1%	C3%	C6%	C8%	C9%
-	-	0.03	1.85	9.13	12.74	0.00
0	0	0.00	0.32	10.02	3.59	0.00
0	4	0.00	0.00	0.45	0.69	0.00
1	1	0.00	0.00	4.53	94.12	0.00
1	5	0.00	0.00	0.22	0.90	0.00
2	2	0.00	0.00	0.49	0.31	0.00
2	6	0.00	0.00	0.63	0.90	0.00
3	3	0.00	0.01	0.86	1.40	0.00
3	7	0.22	14.44	55.81	0.00	0.00
Core	CPU	C1%	C3%	C6%	C8%	C9%
-	-	0.10	0.59	9.87	15.28	0.84
0	0	0.17	3.85	52.47	13.65	0.00
0	4	0.09	0.00	0.57	0.86	6.61
1	1	0.39	0.03	6.26	88.47	0.00
1	5	0.11	0.02	4.50	4.29	0.00
2	2	0.00	0.00	4.41	8.76	0.00
2	6	0.06	0.00	0.70	1.19	0.00
3	3	0.00	0.81	7.42	3.40	0.09
3	7	0.00	0.01	2.65	1.66	0.00
Core	CPU	C1%	C3%	C6%	C8%	C9%
-	-	0.00	0.26	8.01	15.59	0.00
0	0	0.02	1.97	55.41	14.90	0.00
0	4	0.00	0.00	0.82	0.39	0.00
1	1	0.00	0.03	4.95	93.39	0.00
1	5	0.00	0.00	0.20	1.19	0.00
2	2	0.00	0.00	0.65	13.05	0.00
2	6	0.00	0.00	0.46	0.79	0.00
3	3	0.00	0.02	1.22	0.20	0.00
3	7	0.00	0.01	0.41	0.80	0.00
Core	CPU	C1%	C3%	C6%	C8%	C9%
-	-	0.00	0.33	8.52	15.06	0.27
0	0	0.02	2.59	57.15	12.62	0.00
0	4	0.00	0.00	0.91	0.21	2.20
1	1	0.00	0.00	6.29	92.07	0.00
1	5	0.00	0.00	0.32	0.89	0.00
2	2	0.00	0.01	1.11	10.25	0.00
2	6	0.00	0.00	0.20	1.09	0.00
3	3	0.00	0.02	0.88	2.08	0.00
3	7	0.01	0.00	1.30	1.28	0.00
Core	CPU	C1%	C3%	C6%	C8%	C9%
-	-	0.02	1.85	9.47	12.76	1.62
0	0	0.00	0.53	11.89	5.20	0.00
0	4	0.00	0.00	0.38	0.80	12.96
1	1	0.00	0.00	4.33	60.42	0.00
1	5	0.00	0.00	0.36	0.79	0.00
2	2	0.00	0.00	0.34	1.09	0.00
2	6	0.00	0.00	0.37	1.09	0.00
3	3	0.00	0.00	2.40	32.71	0.00
3	7	0.16	14.31	55.67	0.00	0.00
Core	CPU	C1%	C3%	C6%	C8%	C9%
-	-	0.00	0.28	8.16	14.21	0.00
0	0	0.02	2.20	56.47	13.70	0.00
0	4	0.00	0.00	0.14	0.50	0.00
1	1	0.00	0.02	4.75	81.32	0.00
1	5	0.00	0.00	0.68	0.60	0.00
2	2	0.00	0.00	0.38	4.47	0.00
2	6	0.00	0.00	0.17	0.50	0.00
3	3	0.00	0.02	1.82	11.76	0.00
3	7	0.00	0.03	0.89	0.79	0.00
Core	CPU	C1%	C3%	C6%	C8%	C9%
-	-	0.00	0.43	7.60	14.24	1.10
0	0	0.03	3.43	52.96	15.12	0.00
0	4	0.00	0.00	0.88	1.21	8.79
1	1	0.00	0.00	1.27	27.01	0.00
1	5	0.00	0.00	0.30	1.12	0.00
2	2	0.00	0.01	0.60	0.60	0.00
2	6	0.00	0.00	0.19	0.90	0.00
3	3	0.00	0.02	4.23	67.29	0.00
3	7	0.00	0.00	0.42	0.69	0.00
Core	CPU	C1%	C3%	C6%	C8%	C9%
-	-	0.02	1.80	8.69	12.16	0.00
0	0	0.00	0.07	6.45	0.70	0.00
0	4	0.00	0.00	0.28	0.91	0.00
1	1	0.00	0.01	1.85	24.83	0.00
1	5	0.00	0.00	0.46	0.90	0.00
2	2	0.00	0.00	0.15	0.59	0.00
2	6	0.00	0.00	0.17	0.70	0.00
3	3	0.00	0.03	4.67	68.66	0.00
3	7	0.17	14.32	55.45	0.00	0.00
Core	CPU	C1%	C3%	C6%	C8%	C9%
-	-	0.00	0.35	7.94	13.93	0.11
0	0	0.02	2.75	55.40	14.22	0.00
0	4	0.00	0.00	0.63	0.20	0.00
1	1	0.00	0.02	0.95	2.57	0.91
1	5	0.00	0.00	0.20	0.69	0.00
2	2	0.00	0.00	0.28	0.89	0.00
2	6	0.00	0.00	0.42	0.69	0.00
3	3	0.00	0.00	4.64	91.39	0.00
3	7	0.00	0.03	0.99	0.79	0.00
Core	CPU	C1%	C3%	C6%	C8%	C9%
-	-	0.00	0.25	8.02	14.27	0.00
0	0	0.03	1.95	55.45	14.88	0.00
0	4	0.00	0.00	0.97	0.00	0.00
1	1	0.00	0.00	3.93	85.78	0.00
1	5	0.00	0.00	0.33	1.18	0.00
2	2	0.00	0.02	0.33	0.99	0.00
2	6	0.00	0.00	0.72	1.09	0.00
3	3	0.00	0.00	1.75	9.15	0.00
3	7	0.00	0.00	0.66	1.08	0.00
Core	CPU	C1%	C3%	C6%	C8%	C9%
-	-	0.00	0.28	8.16	14.48	0.02
0	0	0.02	2.17	57.79	12.41	0.00
0	4	0.00	0.00	0.69	0.11	0.00
1	1	0.00	0.01	4.80	93.60	0.00
1	5	0.00	0.00	0.45	0.50	0.00
2	2	0.00	0.00	0.41	5.58	0.19
2	6	0.00	0.04	0.34	1.78	0.00
3	3	0.00	0.01	0.50	1.00	0.00
3	7	0.00	0.00	0.29	0.88	0.00
Core	CPU	C1%	C3%	C6%	C8%	C9%
-	-	0.00	0.50	7.88	14.14	0.48
0	0	0.04	3.97	54.44	13.16	0.00
0	4	0.00	0.00	0.62	0.00	3.48
1	1	0.00	0.00	4.69	91.33	0.00
1	5	0.00	0.01	1.27	1.28	0.00
2	2	0.00	0.00	0.27	4.95	0.39
2	6	0.00	0.00	1.00	0.49	0.00
3	3	0.00	0.01	0.44	0.51	0.00
3	7	0.00	0.00	0.33	1.39	0.00
Core	CPU	C1%	C3%	C6%	C8%	C9%
-	-	0.00	0.30	8.26	17.51	0.76
0	0	0.03	2.23	56.47	14.35	0.00
0	4	0.00	0.03	1.24	0.79	6.05
1	1	0.00	0.00	6.14	92.19	0.00
1	5	0.00	0.00	0.28	0.90	0.00
2	2	0.00	0.00	0.36	0.90	0.00
2	6	0.00	0.00	0.18	0.69	0.00
3	3	0.00	0.02	0.62	1.39	0.00
3	7	0.01	0.13	0.74	28.87	0.00
Core	CPU	C1%	C3%	C6%	C8%	C9%
-	-	0.00	0.30	7.85	13.92	0.00
0	0	0.03	1.76	52.27	14.84	0.00
0	4	0.00	0.00	0.65	0.11	0.00
1	1	0.00	0.66	7.28	88.62	0.00
1	5	0.00	0.00	0.31	0.49	0.00
2	2	0.00	0.00	0.49	0.80	0.00
2	6	0.00	0.00	0.25	0.88	0.00
3	3	0.00	0.00	0.68	5.11	0.00
3	7	0.00	0.00	0.83	0.49	0.00
Core	CPU	C1%	C3%	C6%	C8%	C9%
-	-	0.00	2.06	10.06	13.98	5.69
0	0	0.00	1.91	15.42	17.49	0.15
0	4	0.00	0.00	0.73	0.51	45.34
1	1	0.01	14.46	55.32	0.00	0.00
1	5	0.00	0.01	0.14	1.09	0.00
2	2	0.00	0.00	0.83	0.08	0.00
2	6	0.00	0.02	1.33	6.80	0.00
3	3	0.00	0.05	6.14	84.89	0.00
3	7	0.00	0.00	0.59	0.99	0.00
Core	CPU	C1%	C3%	C6%	C8%	C9%
-	-	0.00	0.28	8.57	14.00	0.02
0	0	0.02	2.13	55.98	14.11	0.00
0	4	0.00	0.00	0.91	0.40	0.15
1	1	0.00	0.05	2.49	1.79	0.00
1	5	0.00	0.00	0.58	0.89	0.00
2	2	0.00	0.00	1.06	0.49	0.00
2	6	0.00	0.05	5.66	71.58	0.00
3	3	0.00	0.02	1.63	21.67	0.00
3	7	0.00	0.00	0.29	1.09	0.00
Core	CPU	C1%	C3%	C6%	C8%	C9%
-	-	0.00	0.44	7.52	14.12	0.00
0	0	0.02	3.46	53.39	14.66	0.00
0	4	0.00	0.00	0.33	0.50	0.00
1	1	0.00	0.01	0.59	2.96	0.00
1	5	0.00	0.00	0.10	0.99	0.00
2	2	0.00	0.00	0.38	0.68	0.00
2	6	0.00	0.07	3.66	64.33	0.00
3	3	0.00	0.00	1.47	27.85	0.00
3	7	0.00	0.00	0.22	0.99	0.00
Core	CPU	C1%	C3%	C6%	C8%	C9%
-	-	0.08	0.34	8.42	14.59	0.85
0	0	0.02	2.66	58.23	11.94	0.00
0	4	0.00	0.00	0.69	0.21	6.76
1	1	0.00	0.00	1.10	7.81	0.00
1	5	0.00	0.00	0.47	1.15	0.00
2	2	0.08	0.02	0.40	0.60	0.00
2	6	0.00	0.06	5.55	92.78	0.00
3	3	0.50	0.01	0.50	0.99	0.00
3	7	0.00	0.00	0.45	1.28	0.00
Core	CPU	C1%	C3%	C6%	C8%	C9%
-	-	0.00	0.36	7.82	15.09	0.19
0	0	0.03	2.78	53.99	15.94	0.00
0	4	0.00	0.00	1.29	2.22	0.61
1	1	0.00	0.00	1.04	5.76	0.00
1	5	0.00	0.00	0.55	0.80	0.00
2	2	0.00	0.00	0.14	0.79	0.00
2	6	0.00	0.08	4.62	93.52	0.00
3	3	0.00	0.03	0.60	0.90	0.00
3	7	0.00	0.00	0.35	0.79	0.90
Core	CPU	C1%	C3%	C6%	C8%	C9%
-	-	0.00	0.23	7.69	14.76	0.00
0	0	0.02	1.77	53.72	16.72	0.00
0	4	0.00	0.00	0.60	0.39	0.00
1	1	0.00	0.00	0.88	2.19	0.00
1	5	0.00	0.00	0.46	1.69	0.00
2	2	0.00	0.00	0.25	1.08	0.00
2	6	0.00	0.00	2.48	49.40	0.00
3	3	0.00	0.04	2.70	45.35	0.00
3	7	0.00	0.00	0.40	1.27	0.00
Core	CPU	C1%	C3%	C6%	C8%	C9%
-	-	0.00	0.27	7.98	15.05	0.00
0	0	0.02	2.12	55.95	14.24	0.00
0	4	0.00	0.00	0.23	0.40	0.00
1	1	0.00	0.01	0.98	8.43	0.00
1	5	0.00	0.00	0.10	0.89	0.00
2	2	0.00	0.00	0.78	0.49	0.00
2	6	0.00	0.00	4.86	93.49	0.00
3	3	0.00	0.02	0.66	1.28	0.00
3	7	0.00	0.00	0.32	1.18	0.00
Core	CPU	C1%	C3%	C6%	C8%	C9%
-	-	0.00	0.51	8.02	13.34	1.56
0	0	0.02	4.06	57.01	10.54	0.00
0	4	0.00	0.00	0.53	0.48	12.44
1	1	0.00	0.00	0.44	1.79	0.00
1	5	0.00	0.00	0.23	0.69	0.00
2	2	0.00	0.02	0.19	0.59	0.00
2	6	0.00	0.02	2.72	35.94	0.00
3	3	0.00	0.00	2.56	56.02	0.00
3	7	0.00	0.00	0.45	0.69	0.00
Core	CPU	C1%	C3%	C6%	C8%	C9%
-	-	0.00	0.29	8.30	13.71	0.37
0	0	0.02	2.25	57.24	12.92	0.00
0	4	0.00	0.00	0.29	0.49	2.96
1	1	0.00	0.00	0.36	1.48	0.00
1	5	0.00	0.00	0.24	0.99	0.00
2	2	0.00	0.02	0.21	0.40	0.00
2	6	0.00	0.01	2.23	29.11	0.00
3	3	0.00	0.03	5.46	63.45	0.00
3	7	0.00	0.00	0.42	0.79	0.00
Core	CPU	C1%	C3%	C6%	C8%	C9%
-	-	0.00	1.83	9.27	12.61	0.67
0	0	0.00	0.59	8.36	5.14	0.00
0	4	0.00	0.00	0.53	0.60	4.49
1	1	0.00	0.00	1.28	0.80	0.00
1	5	0.00	0.02	0.27	0.90	0.00
2	2	0.02	13.99	55.31	0.00	0.00
2	6	0.00	0.00	0.57	1.27	0.00
3	3	0.00	0.00	7.21	91.30	0.00
3	7	0.00	0.00	0.61	0.89	0.89
Core	CPU	C1%	C3%	C6%	C8%	C9%
-	-	0.00	2.01	9.23	13.05	7.89
0	0	0.00	1.53	9.92	8.94	0.00
0	4	0.00	0.00	0.23	0.98	63.11
1	1	0.00	0.00	0.36	0.59	0.00
1	5	0.00	0.00	0.35	0.69	0.00
2	2	0.00	14.53	55.32	0.00	0.00
2	6	0.00	0.02	0.29	0.80	0.00
3	3	0.00	0.01	6.83	91.68	0.00
3	7	0.00	0.00	0.57	0.70	0.00
Core	CPU	C1%	C3%	C6%	C8%	C9%
-	-	0.00	1.83	8.73	12.96	0.00
0	0	0.00	0.14	8.94	4.95	0.00
0	4	0.00	0.00	0.34	0.69	0.00
1	1	0.00	0.02	0.29	0.90	0.00
1	5	0.00	0.00	0.28	1.10	0.00
2	2	0.03	14.48	54.73	0.00	0.00
2	6	0.00	0.03	3.77	92.61	0.00
3	3	0.00	0.01	1.24	2.46	0.00
3	7	0.00	0.00	0.22	1.00	0.00
Core	CPU	C1%	C3%	C6%	C8%	C9%
-	-	0.00	2.06	9.34	13.11	0.66
0	0	0.00	0.72	12.23	8.42	0.13
0	4	0.00	0.09	0.66	0.50	5.15
1	1	0.01	4.88	13.49	1.00	0.00
1	5	0.00	0.00	0.37	2.38	0.00
2	2	0.01	10.71	41.32	0.50	0.00
2	6	0.00	0.00	5.36	90.72	0.00
3	3	0.00	0.04	0.84	0.99	0.00
3	7	0.00	0.00	0.46	0.40	0.00
Core	CPU	C1%	C3%	C6%	C8%	C9%
-	-	0.00	1.96	9.21	12.91	0.45
0	0	0.00	0.68	10.92	6.80	0.00
0	4	0.00	0.01	0.80	0.29	3.57
1	1	0.00	14.95	54.98	0.00	0.00
1	5	0.00	0.00	0.96	0.30	0.00
2	2	0.00	0.00	0.35	0.79	0.00
2	6	0.00	0.00	2.43	42.98	0.00
3	3	0.00	0.02	2.96	51.36	0.00
3	7	0.00	0.00	0.30	0.78	0.00
Core	CPU	C1%	C3%	C6%	C8%	C9%
-	-	0.00	1.97	9.22	12.78	2.33
0	0	0.00	0.85	10.43	6.48	0.01
0	4	0.00	0.00	0.49	0.21	18.62
1	1	0.01	14.84	55.13	0.00	0.00
1	5	0.00	0.00	0.49	0.40	0.00
2	2	0.00	0.00	0.19	0.70	0.00
2	6	0.00	0.00	1.53	17.00	0.00
3	3	0.00	0.05	5.11	76.38	0.00
3	7	0.00	0.00	0.39	1.09	0.00
Core	CPU	C1%	C3%	C6%	C8%	C9%
-	-	0.00	1.96	9.47	12.93	2.81
0	0	0.00	1.01	9.60	6.89	0.12
0	4	0.00	0.02	0.37	0.98	22.38
1	1	0.01	14.58	55.62	0.00	0.00
1	5	0.00	0.00	0.52	2.20	0.00
2	2	0.00	0.00	1.02	0.30	0.00
2	6	0.00	0.07	7.65	90.76	0.00
3	3	0.00	0.00	0.50	1.30	0.00
3	7	0.00	0.00	0.47	0.99	0.00
Core	CPU	C1%	C3%	C6%	C8%	C9%
-	-	0.00	0.26	8.06	14.29	0.00
0	0	0.03	2.05	55.33	15.05	0.00
0	4	0.00	0.02	0.29	0.21	0.00
1	1	0.00	0.00	1.16	2.98	0.00
1	5	0.00	0.00	0.19	1.03	0.00
2	2	0.00	0.00	0.37	0.79	0.00
2	6	0.00	0.02	6.45	91.79	0.00
3	3	0.00	0.00	0.46	1.39	0.00
3	7	0.00	0.02	0.19	1.09	0.00
Core	CPU	C1%	C3%	C6%	C8%	C9%
-	-	0.00	0.47	7.86	14.46	0.00
0	0	0.03	3.72	55.02	13.10	0.00
0	4	0.00	0.00	0.26	0.80	0.00
1	1	0.00	0.00	1.00	7.37	0.00
1	5	0.00	0.00	0.32	0.89	0.00
2	2	0.00	0.00	0.20	0.99	0.00
2	6	0.00	0.07	5.32	90.47	0.00
3	3	0.00	0.00	0.50	1.19	0.00
3	7	0.00	0.00	0.25	0.89	0.00
Core	CPU	C1%	C3%	C6%	C8%	C9%
-	-	0.00	0.28	7.94	13.98	0.47
0	0	0.03	2.13	56.25	13.90	0.00
0	4	0.00	0.00	0.20	0.87	3.79
1	1	0.00	0.00	0.28	0.99	0.00
1	5	0.00	0.02	0.36	0.79	0.00
2	2	0.00	0.00	0.15	1.09	0.00
2	6	0.00	0.06	5.72	92.59	0.00
3	3	0.00	0.00	0.31	0.80	0.00
3	7	0.00	0.00	0.29	0.79	0.00
Core	CPU	C1%	C3%	C6%	C8%	C9%
-	-	0.00	0.45	8.58	18.39	0.00
0	0	0.02	3.34	57.58	12.29	0.00
0	4	0.00	0.00	0.69	0.10	0.00
1	1	0.00	0.00	0.72	11.26	0.00
1	5	0.00	0.00	0.29	1.28	0.00
2	2	0.00	0.00	0.27	0.99	0.00
2	6	0.00	0.00	1.44	24.64	0.00
3	3	0.00	0.05	6.74	67.01	0.00
3	7	0.01	0.23	0.92	29.54	0.00
Core	CPU	C1%	C3%	C6%	C8%	C9%
-	-	0.01	0.34	8.65	13.93	0.23
0	0	0.02	2.68	59.08	10.65	0.00
0	4	0.00	0.00	0.57	0.41	1.86
1	1	0.00	0.00	0.80	4.52	0.00
1	5	0.08	0.00	0.73	1.00	0.00
2	2	0.00	0.00	0.19	1.00	0.00
2	6	0.00	0.04	4.42	61.30	0.00
3	3	0.00	0.00	2.56	32.17	0.00
3	7	0.00	0.00	0.84	0.39	0.00
Core	CPU	C1%	C3%	C6%	C8%	C9%
-	-	0.00	0.29	8.05	14.58	0.00
0	0	0.02	2.30	56.11	13.89	0.00
0	4	0.00	0.00	0.78	0.00	0.00
1	1	0.00	0.00	1.10	5.48	0.00
1	5	0.00	0.00	0.84	0.69	0.00
2	2	0.00	0.00	0.16	0.99	0.00
2	6	0.00	0.00	0.60	7.49	0.00
3	3	0.00	0.01	4.47	87.23	0.00
3	7	0.00	0.00	0.37	0.89	0.00
Core	CPU	C1%	C3%	C6%	C8%	C9%
-	-	0.00	0.38	7.98	14.48	0.00
0	0	0.02	3.04	55.67	11.84	0.00
0	4	0.00	0.02	0.99	0.19	0.00
1	1	0.00	0.00	1.06	8.72	0.00
1	5	0.00	0.00	0.38	0.99	0.00
2	2	0.00	0.00	0.26	1.09	0.00
2	6	0.00	0.00	0.36	1.48	0.00
3	3	0.00	0.00	4.93	90.64	0.00
3	7	0.00	0.00	0.19	0.90	0.00
Core	CPU	C1%	C3%	C6%	C8%	C9%
-	-	0.00	0.28	8.21	14.32	0.00
0	0	0.01	2.23	57.58	12.62	0.00
0	4	0.00	0.00	0.84	0.31	0.00
1	1	0.00	0.00	0.92	4.28	0.00
1	5	0.00	0.01	1.07	0.49	0.00
2	2	0.00	0.00	0.19	0.99	0.00
2	6	0.00	0.00	0.28	0.98	0.00
3	3	0.00	0.00	4.57	93.74	0.00
3	7	0.00	0.00	0.24	1.18	0.00
Core	CPU	C1%	C3%	C6%	C8%	C9%
-	-	0.16	0.45	8.34	14.27	0.43
0	0	0.02	3.52	57.59	11.27	0.00
0	4	0.00	0.00	0.57	0.20	3.41
1	1	1.28	0.00	1.14	5.94	0.00
1	5	0.00	0.00	0.34	1.18	0.00
2	2	0.00	0.01	0.49	1.09	0.00
2	6	0.00	0.02	1.25	25.11	0.00
3	3	0.00	0.04	4.70	68.66	0.00
3	7	0.00	0.00	0.63	0.69	0.00
Core	CPU	C1%	C3%	C6%	C8%	C9%
-	-	0.00	0.51	11.20	11.46	0.00
0	0	0.00	4.06	66.68	1.83	0.00
0	4	0.00	0.02	19.63	78.74	0.00
1	1	0.00	0.00	0.44	7.80	0.00
1	5	0.00	0.00	0.73	1.48	0.00
2	2	0.00	0.00	0.73	0.22	0.00
2	6	0.00	0.04	0.57	0.00	0.00
3	3	0.00	0.00	0.40	0.89	0.00
3	7	0.00	0.00	0.46	0.70	0.00
Core	CPU	C1%	C3%	C6%	C8%	C9%
-	-	0.02	1.75	11.03	11.24	0.32
0	0	0.00	0.50	16.21	3.33	2.52
0	4	0.00	0.00	15.67	82.86	0.00
1	1	0.00	0.00	0.19	1.28	0.00
1	5	0.00	0.00	0.18	0.29	0.00
2	2	0.00	0.32	2.46	0.30	0.00
2	6	0.00	0.00	0.52	0.71	0.00
3	3	0.16	13.18	52.79	0.50	0.00
3	7	0.00	0.00	0.19	0.61	0.00
Core	CPU	C1%	C3%	C6%	C8%	C9%
-	-	0.00	0.65	10.28	12.16	0.32
0	0	0.01	5.07	63.65	2.90	0.00
0	4	0.00	0.09	14.79	80.42	2.59
1	1	0.00	0.02	0.79	9.14	0.00
1	5	0.00	0.00	1.07	1.19	0.00
2	2	0.00	0.00	0.72	0.98	0.00
2	6	0.00	0.00	0.47	0.40	0.00
3	3	0.00	0.00	0.45	0.89	0.00
3	7	0.00	0.00	0.33	1.38	0.00
Core	CPU	C1%	C3%	C6%	C8%	C9%
-	-	0.00	0.59	11.28	10.81	0.00
0	0	0.02	4.69	67.61	1.28	0.00
0	4	0.00	0.01	20.46	77.98	0.00
1	1	0.00	0.03	0.76	2.69	0.00
1	5	0.00	0.00	0.10	0.79	0.00
2	2	0.00	0.02	0.41	1.06	0.00
2	6	0.00	0.00	0.27	0.89	0.00
3	3	0.00	0.00	0.35	0.59	0.00
3	7	0.00	0.00	0.24	1.18	0.00
Core	CPU	C1%	C3%	C6%	C8%	C9%
-	-	0.00	0.65	10.71	11.07	0.00
0	0	0.00	5.10	67.14	0.54	0.00
0	4	0.00	0.00	15.59	82.70	0.00
1	1	0.00	0.01	0.93	0.79	0.00
1	5	0.00	0.00	0.33	0.79	0.00
2	2	0.00	0.08	0.86	1.09	0.00
2	6	0.00	0.00	0.30	0.99	0.00
3	3	0.00	0.00	0.19	0.99	0.00
3	7	0.00	0.00	0.36	0.69	0.00
Core	CPU	C1%	C3%	C6%	C8%	C9%
-	-	0.00	0.61	11.42	10.55	0.00
0	0	0.01	4.82	67.38	0.64	0.00
0	4	0.00	0.04	20.67	77.69	0.00
1	1	0.00	0.00	0.58	1.09	0.00
1	5	0.00	0.00	0.56	1.29	0.00
2	2	0.00	0.02	0.96	1.16	0.00
2	6	0.00	0.00	0.24	1.09	0.00
3	3	0.00	0.01	0.69	0.79	0.00
3	7	0.00	0.00	0.29	0.70	0.00
Core	CPU	C1%	C3%	C6%	C8%	C9%
-	-	0.00	0.54	10.54	11.18	0.00
0	0	0.01	4.23	67.41	1.07	0.00
0	4	0.00	0.00	14.68	83.71	0.00
1	1	0.00	0.02	0.42	1.09	0.00
1	5	0.00	0.00	0.18	0.80	0.00
2	2	0.00	0.00	0.60	0.39	0.00
2	6	0.00	0.00	0.37	0.49	0.00
3	3	0.00	0.00	0.34	1.09	0.00
3	7	0.00	0.04	0.29	0.79	0.00
Core	CPU	C1%	C3%	C6%	C8%	C9%
-	-	0.00	0.66	9.36	11.63	0.00
0	0	0.01	5.09	62.10	4.42	0.00
0	4	0.00	0.18	8.40	62.95	0.00
1	1	0.00	0.00	0.63	0.10	0.00
1	5	0.00	0.00	0.22	0.89	0.00
2	2	0.00	0.02	1.01	0.10	0.00
2	6	0.00	0.00	1.41	23.83	0.00
3	3	0.00	0.00	0.37	0.60	0.00
3	7	0.00	0.00	0.74	0.19	0.00
Core	CPU	C1%	C3%	C6%	C8%	C9%
-	-	0.00	0.49	11.22	13.83	0.00
0	0	0.00	3.88	67.79	0.96	0.00
0	4	0.00	0.00	10.52	87.90	0.00
1	1	0.00	0.00	9.62	17.16	0.00
1	5	0.00	0.00	0.44	0.69	0.00
2	2	0.00	0.02	0.65	0.99	0.00
2	6	0.00	0.02	0.29	1.48	0.00
3	3	0.00	0.00	0.10	0.89	0.00
3	7	0.00	0.00	0.37	0.59	0.00
Core	CPU	C1%	C3%	C6%	C8%	C9%
-	-	0.00	0.62	10.25	11.74	0.00
0	0	0.00	4.91	67.47	0.32	0.00
0	4	0.00	0.03	12.14	86.13	0.00
1	1	0.00	0.00	0.10	3.18	0.00
1	5	0.00	0.00	0.78	0.89	0.00
2	2	0.00	0.00	0.79	0.79	0.00
2	6	0.00	0.00	0.25	0.80	0.00
3	3	0.00	0.00	0.33	0.79	0.00
3	7	0.00	0.00	0.17	0.99	0.00
Core	CPU	C1%	C3%	C6%	C8%	C9%
-	-	0.00	0.54	10.28	11.60	0.12
0	0	0.00	4.17	67.57	0.87	0.00
0	4	0.00	0.00	11.58	86.83	0.00
1	1	0.00	0.00	0.63	1.09	0.00
1	5	0.00	0.12	0.97	0.89	0.00
2	2	0.00	0.01	0.32	1.07	0.00
2	6	0.00	0.00	0.18	0.89	0.99
3	3	0.00	0.00	0.46	0.50	0.00
3	7	0.00	0.00	0.53	0.69	0.00
Core	CPU	C1%	C3%	C6%	C8%	C9%
-	-	0.00	1.25	10.58	12.02	0.25
0	0	0.00	2.30	38.60	5.76	1.98
0	4	0.00	0.00	13.09	85.32	0.00
1	1	0.00	5.00	18.98	0.20	0.00
1	5	0.00	0.00	0.39	0.50	0.00
2	2	0.00	0.04	1.10	0.40	0.00
2	6	0.00	0.00	0.36	1.38	0.00
3	3	0.03	2.65	11.78	1.58	0.00
3	7	0.00	0.00	0.37	0.99	0.00
Core	CPU	C1%	C3%	C6%	C8%	C9%
-	-	0.00	1.10	11.29	12.77	0.07
0	0	0.01	5.17	51.61	6.42	0.57
0	4	0.00	0.20	19.62	75.31	0.00
1	1	0.00	3.37	16.64	16.70	0.00
1	5	0.00	0.00	0.85	0.40	0.00
2	2	0.00	0.03	0.87	0.68	0.00
2	6	0.00	0.00	0.33	0.70	0.00
3	3	0.00	0.00	0.32	0.90	0.00
3	7	0.00	0.00	0.10	1.09	0.00
Core	CPU	C1%	C3%	C6%	C8%	C9%
-	-	0.00	0.59	11.29	10.62	0.00
0	0	0.02	4.72	67.36	0.76	0.00
0	4	0.00	0.00	19.89	78.52	0.00
1	1	0.00	0.00	0.82	0.79	0.00
1	5	0.00	0.00	0.70	0.50	0.00
2	2	0.00	0.01	0.41	1.18	0.00
2	6	0.00	0.00	0.38	0.89	0.00
3	3	0.00	0.00	0.54	1.19	0.00
3	7	0.00	0.00	0.24	1.18	0.00
Core	CPU	C1%	C3%	C6%	C8%	C9%
-	-	0.00	0.55	10.40	13.01	0.00
0	0	0.00	4.38	64.44	3.74	0.00
0	4	0.00	0.00	14.36	84.02	0.00
1	1	0.00	0.00	1.40	10.86	0.00
1	5	0.00	0.00	0.43	1.19	0.00
2	2	0.00	0.05	1.20	0.49	0.00
2	6	0.00	0.00	0.30	1.29	0.00
3	3	0.00	0.00	0.29	1.09	0.00
3	7	0.00	0.00	0.81	1.38	0.00
Core	CPU	C1%	C3%	C6%	C8%	C9%
-	-	0.00	0.49	10.60	12.06	0.00
0	0	0.00	3.91	67.13	1.50	0.00
0	4	0.00	0.00	15.26	83.12	0.00
1	1	0.00	0.00	0.93	8.01	0.00
1	5	0.00	0.00	0.12	0.49	0.00
2	2	0.00	0.02	0.57	1.37	0.00
2	6	0.00	0.00	0.37	1.38	0.00
3	3	0.00	0.01	0.29	0.21	0.00
3	7	0.00	0.00	0.10	0.39	0.00
Core	CPU	C1%	C3%	C6%	C8%	C9%
-	-	0.00	0.50	10.56	15.66	0.00
0	0	0.01	3.74	64.74	4.60	0.00
0	4	0.00	0.00	14.94	83.48	0.00
1	1	0.00	0.05	1.46	5.16	0.00
1	5	0.00	0.00	0.19	0.99	0.00
2	2	0.00	0.00	0.49	0.88	0.00
2	6	0.00	0.00	0.36	1.18	0.00
3	3	0.00	0.00	0.54	0.00	0.00
3	7	0.01	0.19	1.74	28.98	0.00
Core	CPU	C1%	C3%	C6%	C8%	C9%
-	-	0.00	0.68	10.32	11.06	0.13
0	0	0.00	5.45	64.75	1.60	0.00
0	4	0.00	0.00	14.78	80.59	1.01
1	1	0.00	0.00	0.23	3.96	0.00
1	5	0.00	0.00	0.23	0.40	0.00
2	2	0.00	0.00	1.01	0.19	0.00
2	6	0.00	0.00	0.26	0.98	0.00
3	3	0.00	0.00	0.57	0.39	0.00
3	7	0.00	0.00	0.75	0.39	0.00
Core	CPU	C1%	C3%	C6%	C8%	C9%
-	-	0.00	0.33	8.96	13.27	0.68
0	0	0.02	2.55	59.11	10.62	0.00
0	4	0.00	0.03	5.25	23.42	5.41
1	1	0.00	0.00	0.27	0.90	0.00
1	5	0.00	0.00	1.24	1.28	0.00
2	2	0.00	0.03	1.00	1.28	0.00
2	6	0.00	0.02	4.06	66.89	0.00
3	3	0.00	0.00	0.19	1.10	0.00
3	7	0.00	0.02	0.57	0.68	0.00
Core	CPU	C1%	C3%	C6%	C8%	C9%
-	-	0.00	0.66	11.64	10.01	0.01
0	0	0.02	5.19	66.09	1.69	0.00
0	4	0.00	0.06	23.02	74.54	0.11
1	1	0.00	0.00	0.09	1.39	0.00
1	5	0.00	0.00	0.30	0.98	0.00
2	2	0.00	0.00	1.19	0.38	0.00
2	6	0.00	0.00	0.55	0.79	0.00
3	3	0.00	0.00	0.93	0.30	0.00
3	7	0.00	0.02	0.99	0.00	0.00
Core	CPU	C1%	C3%	C6%	C8%	C9%
-	-	0.00	0.61	11.57	10.24	0.00
0	0	0.01	4.87	67.94	0.21	0.00
0	4	0.00	0.00	21.45	76.98	0.00
1	1	0.00	0.00	0.44	1.77	0.00
1	5	0.00	0.00	0.31	0.69	0.00
2	2	0.00	0.01	1.11	0.00	0.00
2	6	0.00	0.00	0.28	0.69	0.00
3	3	0.00	0.00	0.37	0.89	0.00
3	7	0.00	0.00	0.62	0.70	0.00
Core	CPU	C1%	C3%	C6%	C8%	C9%
-	-	0.01	0.36	9.16	13.23	0.00
0	0	0.02	2.88	59.92	9.61	0.00
0	4	0.00	0.01	4.75	24.94	0.00
1	1	0.00	0.00	0.28	1.68	0.00
1	5	0.00	0.01	1.59	1.69	0.00
2	2	0.04	0.02	1.15	0.59	0.00
2	6	0.00	0.00	4.26	65.45	0.00
3	3	0.00	0.00	0.99	1.08	0.00
3	7	0.00	0.00	0.38	0.78	0.00
Core	CPU	C1%	C3%	C6%	C8%	C9%
-	-	0.00	0.56	8.43	13.11	0.79
0	0	0.02	4.36	57.28	10.02	0.00
0	4	0.00	0.03	1.30	3.93	6.35
1	1	0.00	0.00	0.10	0.99	0.00
1	5	0.00	0.00	1.16	1.19	0.00
2	2	0.00	0.03	0.66	0.98	0.00
2	6	0.00	0.07	6.40	85.41	0.00
3	3	0.00	0.00	0.32	1.00	0.00
3	7	0.00	0.00	0.20	1.38	0.00
Core	CPU	C1%	C3%	C6%	C8%	C9%
-	-	0.00	0.27	8.39	13.86	0.00
0	0	0.02	2.08	56.27	13.89	0.00
0	4	0.00	0.00	0.76	0.80	0.00
1	1	0.00	0.00	0.88	1.60	0.00
1	5	0.00	0.01	0.76	0.11	0.00
2	2	0.00	0.00	1.20	0.30	0.00
2	6	0.00	0.04	3.21	33.05	0.00
3	3	0.00	0.00	0.45	0.50	0.00
3	7	0.00	0.00	3.54	60.63	0.00
Core	CPU	C1%	C3%	C6%	C8%	C9%
-	-	0.00	0.33	7.94	14.38	0.00
0	0	0.02	2.63	54.13	15.61	0.00
0	4	0.00	0.00	0.81	0.39	0.00
1	1	0.00	0.00	1.11	3.81	0.00
1	5	0.00	0.00	0.62	0.30	0.00
2	2	0.00	0.04	1.21	0.30	0.00
2	6	0.00	0.00	0.72	0.24	0.00
3	3	0.00	0.00	0.37	0.69	0.00
3	7	0.00	0.00	4.56	93.76	0.00
Core	CPU	C1%	C3%	C6%	C8%	C9%
-	-	0.00	0.28	7.99	14.20	0.01
0	0	0.02	2.23	56.83	13.27	0.00
0	4	0.00	0.00	0.74	0.70	0.09
1	1	0.00	0.00	0.28	2.80	0.00
1	5	0.00	0.00	0.46	0.49	0.00
2	2	0.00	0.03	1.04	0.69	0.00
2	6	0.00	0.00	1.05	17.80	0.00
3	3	0.00	0.00	0.40	0.10	0.00
3	7	0.00	0.00	3.09	77.77	0.00
Core	CPU	C1%	C3%	C6%	C8%	C9%
-	-	0.00	0.27	8.06	14.38	0.00
0	0	0.02	2.10	56.75	13.47	0.00
0	4	0.00	0.00	0.52	0.11	0.00
1	1	0.00	0.02	0.28	3.79	0.00
1	5	0.00	0.00	0.88	0.60	0.00
2	2	0.00	0.03	0.70	0.69	0.00
2	6	0.00	0.00	0.45	1.67	0.00
3	3	0.00	0.00	0.35	0.89	0.00
3	7	0.00	0.00	4.54	93.80	0.00
Core	CPU	C1%	C3%	C6%	C8%	C9%
-	-	0.09	0.56	8.11	14.75	0.00
0	0	0.02	4.38	54.94	12.58	0.00
0	4	0.00	0.00	0.85	0.49	0.00
1	1	0.69	0.02	1.96	8.31	0.00
1	5	0.00	0.00	0.69	0.79	0.00
2	2	0.00	0.04	1.23	1.57	0.00
2	6	0.00	0.00	0.56	1.78	0.00
3	3	0.00	0.00	0.25	0.89	0.00
3	7	0.00	0.01	4.37	91.61	0.00
Core	CPU	C1%	C3%	C6%	C8%	C9%
-	-	0.00	0.26	7.75	14.29	0.13
0	0	0.01	2.03	54.99	15.20	0.00
0	4	0.00	0.00	0.65	0.41	1.05
1	1	0.00	0.00	0.62	1.61	0.00
1	5	0.00	0.00	0.42	0.90	0.00
2	2	0.00	0.04	0.90	0.60	0.00
2	6	0.00	0.00	0.13	0.60	0.00
3	3	0.00	0.00	0.38	0.59	0.00
3	7	0.00	0.00	3.90	94.43	0.00
Core	CPU	C1%	C3%	C6%	C8%	C9%
-	-	0.00	0.42	8.15	13.96	0.60
0	0	0.01	3.35	58.00	11.10	0.00
0	4	0.00	0.00	0.26	0.61	3.82
1	1	0.00	0.00	0.31	4.27	0.00
1	5	0.00	0.00	0.36	0.69	0.00
2	2	0.00	0.02	0.52	0.88	0.00
2	6	0.00	0.00	0.19	0.70	0.98
3	3	0.00	0.00	0.10	0.69	0.00
3	7	0.00	0.02	5.46	92.72	0.00
Core	CPU	C1%	C3%	C6%	C8%	C9%
-	-	0.00	0.28	8.14	14.42	0.00
0	0	0.02	2.16	56.95	13.28	0.00
0	4	0.00	0.00	0.58	0.62	0.00
1	1	0.00	0.00	0.29	3.57	0.00
1	5	0.00	0.00	0.46	1.19	0.00
2	2	0.00	0.01	1.26	0.99	0.00
2	6	0.00	0.02	3.11	59.25	0.00
3	3	0.00	0.02	0.39	1.00	0.00
3	7	0.00	0.00	2.09	35.47	0.00
Core	CPU	C1%	C3%	C6%	C8%	C9%
-	-	0.00	0.24	7.96	14.01	0.06
0	0	0.02	1.90	55.60	14.65	0.00
0	4	0.00	0.00	0.73	0.20	0.00
1	1	0.00	0.00	0.19	1.09	0.00
1	5	0.00	0.00	0.19	0.89	0.00
2	2	0.00	0.02	0.67	0.80	0.00
2	6	0.00	0.00	0.35	0.79	0.00
3	3	0.00	0.00	0.92	0.39	0.51
3	7	0.00	0.01	5.04	93.27	0.00
Core	CPU	C1%	C3%	C6%	C8%	C9%
-	-	0.00	0.47	7.65	14.60	0.00
0	0	0.02	3.73	53.20	14.53	0.00
0	4	0.00	0.00	0.76	0.00	0.00
1	1	0.00	0.04	0.75	3.98	0.00
1	5	0.00	0.02	0.66	1.99	0.00
2	2	0.00	0.00	0.31	1.20	0.00
2	6	0.00	0.00	0.33	1.78	0.00
3	3	0.00	0.00	0.80	1.98	0.00
3	7	0.00	0.00	4.38	91.35	0.00
Core	CPU	C1%	C3%	C6%	C8%	C9%
-	-	0.00	0.25	7.96	14.18	0.37
0	0	0.02	1.96	55.33	15.03	0.00
0	4	0.00	0.00	1.17	0.00	2.97
1	1	0.00	0.00	0.76	0.29	0.00
1	5	0.00	0.02	0.24	0.90	0.00
2	2	0.00	0.01	0.82	0.90	0.00
2	6	0.00	0.00	0.28	1.68	0.00
3	3	0.00	0.00	0.28	1.28	0.00
3	7	0.00	0.02	4.83	93.37	0.00
Core	CPU	C1%	C3%	C6%	C8%	C9%
-	-	0.00	0.37	7.96	14.19	0.00
0	0	0.02	2.91	56.07	13.45	0.00
0	4	0.00	0.00	0.98	0.29	0.00
1	1	0.00	0.00	0.39	1.18	0.00
1	5	0.00	0.00	0.35	1.19	0.00
2	2	0.00	0.00	0.45	0.99	0.00
2	6	0.00	0.00	0.33	6.10	0.00
3	3	0.00	0.04	0.54	1.30	0.00
3	7	0.00	0.01	4.57	89.01	0.00
Core	CPU	C1%	C3%	C6%	C8%	C9%
-	-	0.00	0.25	7.99	14.06	0.33
0	0	0.03	1.99	55.61	14.66	0.00
0	4	0.00	0.00	0.53	0.11	2.66
1	1	0.00	0.01	0.30	1.59	0.00
1	5	0.00	0.00	0.29	1.09	0.00
2	2	0.00	0.00	0.37	1.09	0.00
2	6	0.00	0.03	3.34	52.93	0.00
3	3	0.00	0.00	0.74	0.31	0.00
3	7	0.00	0.00	2.77	40.75	0.00
Core	CPU	C1%	C3%	C6%	C8%	C9%
-	-	0.00	0.27	7.99	14.33	0.00
0	0	0.02	2.07	56.15	14.06	0.00
0	4	0.00	0.00	0.46	0.70	0.00
1	1	0.00	0.00	0.69	2.29	0.00
1	5	0.00	0.00	0.31	0.99	0.00
2	2	0.00	0.00	0.19	1.00	0.00
2	6	0.00	0.05	1.78	23.70	0.00
3	3	0.00	0.00	0.49	1.29	0.00
3	7	0.00	0.00	3.85	70.62	0.00
Core	CPU	C1%	C3%	C6%	C8%	C9%
-	-	0.00	0.46	7.62	13.63	0.00
0	0	0.03	3.67	53.59	14.12	0.00
0	4	0.00	0.00	0.38	0.30	0.00
1	1	0.00	0.00	0.26	0.89	0.00
1	5	0.00	0.00	0.19	0.55	0.00
2	2	0.00	0.00	0.92	0.40	0.00
2	6	0.00	0.02	0.88	0.31	0.00
3	3	0.00	0.00	0.50	1.09	0.00
3	7	0.00	0.00	4.25	91.42	0.00
Core	CPU	C1%	C3%	C6%	C8%	C9%
-	-	0.08	0.26	8.05	14.80	0.00
0	0	0.01	2.03	56.81	13.46	0.00
0	4	0.00	0.00	0.69	0.00	0.00
1	1	0.59	0.00	1.07	6.36	0.00
1	5	0.00	0.00	0.46	1.48	0.00
2	2	0.00	0.00	0.15	0.89	0.00
2	6	0.00	0.02	0.32	1.49	0.00
3	3	0.00	0.00	0.31	1.00	0.00
3	7	0.00	0.02	4.61	93.74	0.00
Core	CPU	C1%	C3%	C6%	C8%	C9%
-	-	0.00	0.43	8.25	17.50	0.31
0	0	0.03	3.17	55.13	14.08	0.00
0	4	0.00	0.03	0.90	0.60	2.49
1	1	0.00	0.00	0.35	2.77	0.00
1	5	0.00	0.00	0.68	1.08	0.00
2	2	0.00	0.00	0.37	0.69	0.00
2	6	0.00	0.05	5.83	85.79	0.00
3	3	0.00	0.01	0.53	1.10	0.00
3	7	0.01	0.19	2.17	33.89	0.00
Core	CPU	C1%	C3%	C6%	C8%	C9%
-	-	0.00	0.28	8.19	14.29	0.81
0	0	0.01	2.24	57.12	12.91	0.00
0	4	0.00	0.00	0.63	0.79	6.48
1	1	0.00	0.00	1.01	2.12	0.00
1	5	0.00	0.00	0.38	1.39	0.00
2	2	0.00	0.00	0.29	1.29	0.00
2	6	0.00	0.00	0.56	1.19	0.00
3	3	0.00	0.02	0.66	1.19	0.00
3	7	0.00	0.01	4.86	93.48	0.00
Core	CPU	C1%	C3%	C6%	C8%	C9%
-	-	0.00	0.31	8.27	13.75	0.00
0	0	0.02	2.41	59.34	10.66	0.00
0	4	0.00	0.00	0.55	0.10	0.00
1	1	0.00	0.00	0.63	0.69	0.00
1	5	0.00	0.00	0.23	1.48	0.00
2	2	0.00	0.00	0.20	0.90	0.00
2	6	0.00	0.00	0.20	0.69	0.00
3	3	0.00	0.03	0.66	1.38	0.00
3	7	0.00	0.00	4.33	94.06	0.00
Core	CPU	C1%	C3%	C6%	C8%	C9%
-	-	0.00	0.54	7.67	14.61	0.00
0	0	0.02	4.32	54.39	13.03	0.00
0	4	0.00	0.00	0.57	0.61	0.00
1	1	0.00	0.00	0.38	7.31	0.00
1	5	0.00	0.00	0.45	1.08	0.00
2	2	0.00	0.00	0.14	0.99	0.00
2	6	0.00	0.00	0.60	12.89	0.00
3	3	0.00	0.00	1.30	0.60	0.00
3	7	0.00	0.02	3.53	80.34	0.00
Core	CPU	C1%	C3%	C6%	C8%	C9%
-	-	0.00	0.24	7.91	14.20	0.00
0	0	0.01	1.86	54.97	15.41	0.00
0	4	0.00	0.00	0.52	0.30	0.00
1	1	0.00	0.00	0.20	0.89	0.00
1	5	0.00	0.00	0.19	0.99	0.00
2	2	0.00	0.00	0.37	0.99	0.00
2	6	0.00	0.02	1.76	19.48	0.00
3	3	0.00	0.00	1.14	0.60	0.00
3	7	0.00	0.01	4.16	74.95	0.00
Core	CPU	C1%	C3%	C6%	C8%	C9%
-	-	0.00	0.40	8.37	14.85	0.63
0	0	0.02	3.08	57.06	12.03	0.00
0	4	0.00	0.03	0.66	0.39	5.02
1	1	0.00	0.00	1.16	11.20	0.00
1	5	0.00	0.00	0.42	1.09	0.00
2	2	0.00	0.00	0.10	0.99	0.00
2	6	0.00	0.07	6.25	91.53	0.00
3	3	0.00	0.01	0.80	0.98	0.00
3	7	0.00	0.00	0.54	0.59	0.00
Core	CPU	C1%	C3%	C6%	C8%	C9%
-	-	0.00	0.26	7.97	14.61	0.00
0	0	0.03	2.06	56.01	14.42	0.00
0	4	0.00	0.00	0.78	0.11	0.00
1	1	0.00	0.00	0.55	5.45	0.00
1	5	0.00	0.00	0.24	0.99	0.00
2	2	0.00	0.02	0.20	0.90	0.00
2	6	0.00	0.00	5.04	93.21	0.00
3	3	0.00	0.04	0.40	1.06	0.00
3	7	0.00	0.00	0.57	0.79	0.00
Core	CPU	C1%	C3%	C6%	C8%	C9%
-	-	0.00	0.31	8.21	14.36	0.00
0	0	0.03	2.42	56.95	13.03	0.00
0	4	0.00	0.00	0.59	0.11	0.00
1	1	0.00	0.00	2.34	4.93	0.00
1	5	0.00	0.00	0.36	1.09	0.00
2	2	0.00	0.00	0.26	0.50	0.00
2	6	0.00	0.00	2.04	30.27	0.00
3	3	0.00	0.02	0.43	0.70	0.00
3	7	0.00	0.00	2.72	64.27	0.00
Core	CPU	C1%	C3%	C6%	C8%	C9%
-	-	0.00	0.47	7.45	14.06	0.28
0	0	0.03	3.70	53.49	14.32	0.00
0	4	0.00	0.00	0.43	0.71	2.20
1	1	0.00	0.02	0.29	0.89	0.00
1	5	0.00	0.00	0.20	1.29	0.00
2	2	0.00	0.00	0.19	0.89	0.00
2	6	0.00	0.00	1.76	29.89	0.00
3	3	0.00	0.01	0.66	1.18	0.00
3	7	0.00	0.00	2.57	63.35	0.00
Core	CPU	C1%	C3%	C6%	C8%	C9%
-	-	0.00	0.28	7.83	14.22	0.00
0	0	0.02	2.12	55.04	15.07	0.00
0	4	0.00	0.00	0.27	0.90	0.00
1	1	0.00	0.01	1.16	0.60	0.00
1	5	0.00	0.00	0.32	0.99	0.00
2	2	0.00	0.02	0.29	0.80	0.00
2	6	0.00	0.02	4.37	93.90	0.00
3	3	0.00	0.04	0.77	0.89	0.00
3	7	0.00	0.00	0.45	0.60	0.00
Core	CPU	C1%	C3%	C6%	C8%	C9%
-	-	0.00	0.36	8.00	14.00	0.10
0	0	0.02	2.89	57.03	12.59	0.00
0	4	0.00	0.00	0.26	0.89	0.79
1	1	0.00	0.00	1.22	25.52	0.00
1	5	0.00	0.00	0.37	0.89	0.00
2	2	0.00	0.00	0.15	0.79	0.00
2	6	0.00	0.01	3.99	69.07	0.00
3	3	0.00	0.01	0.51	1.29	0.00
3	7	0.00	0.00	0.49	0.98	0.00
Core	CPU	C1%	C3%	C6%	C8%	C9%
-	-	0.00	0.29	8.35	13.80	0.20
0	0	0.01	2.24	58.28	11.86	0.00
0	4	0.00	0.00	0.63	0.20	1.58
1	1	0.00	0.02	4.50	71.49	0.00
1	5	0.00	0.00	0.88	1.58	0.00
2	2	0.00	0.00	0.68	0.88	0.00
2	6	0.00	0.03	1.08	22.43	0.00
3	3	0.00	0.03	0.65	0.89	0.00
3	7	0.00	0.03	0.10	1.08	0.00
Core	CPU	C1%	C3%	C6%	C8%	C9%
-	-	0.00	0.27	8.09	14.11	0.00
0	0	0.02	2.10	56.76	13.48	0.00
0	4	0.00	0.00	0.65	0.57	0.00
1	1	0.00	0.01	4.42	74.26	0.00
1	5	0.00	0.00	0.25	1.59	0.00
2	2	0.00	0.00	0.30	0.88	0.00
2	6	0.00	0.00	1.12	19.66	0.00
3	3	0.00	0.02	0.86	0.98	0.00
3	7	0.00	0.01	0.34	1.47	0.00
Core	CPU	C1%	C3%	C6%	C8%	C9%
-	-	0.00	0.51	7.95	13.60	1.40
0	0	0.02	4.04	55.34	12.29	0.00
0	4	0.00	0.00	0.67	0.20	10.30
1	1	0.00	0.00	2.44	28.28	0.89
1	5	0.00	0.00	0.39	0.60	0.00
2	2	0.00	0.02	0.30	0.40	0.00
2	6	0.00	0.00	3.20	65.65	0.00
3	3	0.00	0.02	0.51	0.97	0.00
3	7	0.00	0.00	0.75	0.40	0.00
Core	CPU	C1%	C3%	C6%	C8%	C9%
-	-	0.45	0.30	8.21	14.27	0.52
0	0	0.03	2.39	57.56	12.47	0.00
0	4	0.00	0.00	0.28	0.41	4.15
1	1	0.00	0.00	4.33	94.10	0.00
1	5	0.00	0.00	0.36	1.29	0.00
2	2	3.57	0.00	1.63	2.69	0.00
2	6	0.00	0.00	0.33	1.10	0.00
3	3	0.00	0.02	0.80	1.20	0.00
3	7	0.00	0.00	0.37	0.90	0.00
Core	CPU	C1%	C3%	C6%	C8%	C9%
-	-	0.00	0.37	7.81	14.29	0.00
0	0	0.03	2.95	55.91	13.69	0.00
0	4	0.00	0.00	0.46	0.29	0.00
1	1	0.00	0.00	4.52	93.06	0.00
1	5	0.00	0.00	0.27	0.70	0.00
2	2	0.00	0.00	0.19	3.60	0.00
2	6	0.00	0.00	0.27	0.79	0.00
3	3	0.00	0.00	0.47	1.40	0.00
3	7	0.00	0.00	0.43	0.79	0.00
Core	CPU	C1%	C3%	C6%	C8%	C9%
-	-	0.00	0.51	8.41	13.56	0.00
0	0	0.02	2.24	52.73	10.54	0.00
0	4	0.00	0.00	0.47	0.49	0.00
1	1	0.00	1.80	11.43	81.62	0.00
1	5	0.00	0.00	0.33	1.19	0.00
2	2	0.00	0.02	0.39	0.80	0.00
2	6	0.00	0.00	0.68	11.66	0.00
3	3	0.00	0.00	0.50	1.10	0.00
3	7	0.00	0.00	0.75	1.09	0.00
Core	CPU	C1%	C3%	C6%	C8%	C9%
-	-	0.00	1.85	9.36	12.51	0.00
0	0	0.00	0.14	10.74	4.33	0.00
0	4	0.00	0.00	0.79	0.30	0.00
1	1	0.01	14.59	55.23	0.00	0.00
1	5	0.00	0.00	0.27	1.00	0.00
2	2	0.00	0.00	0.36	0.69	0.00
2	6	0.00	0.03	6.77	91.74	0.00
3	3	0.00	0.01	0.53	1.00	0.00
3	7	0.00	0.00	0.19	0.99	0.00
Core	CPU	C1%	C3%	C6%	C8%	C9%
-	-	0.00	0.54	7.72	13.50	0.84
0	0	0.03	4.25	54.41	13.23	0.00
0	4	0.00	0.00	0.40	0.40	6.70
1	1	0.00	0.03	2.51	36.43	0.00
1	5	0.00	0.00	0.75	0.19	0.00
2	2	0.00	0.00	0.20	0.88	0.00
2	6	0.00	0.00	2.70	55.50	0.00
3	3	0.00	0.03	0.66	0.78	0.00
3	7	0.00	0.00	0.14	0.59	0.00
Core	CPU	C1%	C3%	C6%	C8%	C9%
-	-	0.00	0.33	8.55	13.58	0.67
0	0	0.02	2.58	59.25	10.57	0.00
0	4	0.00	0.00	0.59	0.78	5.32
1	1	0.00	0.00	5.25	93.18	0.00
1	5	0.00	0.00	0.34	1.09	0.00
2	2	0.00	0.00	1.02	0.40	0.00
2	6	0.00	0.02	1.09	0.40	0.00
3	3	0.00	0.03	0.51	1.47	0.00
3	7	0.00	0.00	0.37	0.79	0.00
Core	CPU	C1%	C3%	C6%	C8%	C9%
-	-	0.00	0.34	7.88	14.28	0.00
0	0	0.02	2.64	55.84	13.92	0.00
0	4	0.00	0.00	0.83	0.50	0.00
1	1	0.00	0.00	3.57	67.65	0.00
1	5	0.00	0.00	0.27	0.79	0.00
2	2	0.00	0.00	0.43	2.68	0.00
2	6	0.00	0.02	1.24	27.35	0.00
3	3	0.00	0.04	0.60	0.40	0.00
3	7	0.00	0.00	0.29	0.97	0.00
Core	CPU	C1%	C3%	C6%	C8%	C9%
-	-	0.00	0.29	8.15	13.96	0.37
0	0	0.02	2.18	57.78	12.41	0.00
0	4	0.00	0.00	0.72	0.11	2.97
1	1	0.00	0.02	0.73	1.48	0.00
1	5	0.00	0.00	0.18	1.00	0.00
2	2	0.00	0.00	0.29	0.88	0.00
2	6	0.00	0.05	4.74	93.55	0.00
3	3	0.00	0.02	0.55	1.07	0.00
3	7	0.00	0.03	0.20	1.19	0.00
Core	CPU	C1%	C3%	C6%	C8%	C9%
-	-	0.00	0.32	8.27	17.63	0.00
0	0	0.02	2.31	56.90	13.87	0.00
0	4	0.00	0.00	0.76	0.00	0.00
1	1	0.00	0.00	0.30	4.19	0.00
1	5	0.00	0.00	0.13	0.78	0.00
2	2	0.00	0.00	0.10	0.50	0.00
2	6	0.00	0.05	5.56	92.77	0.00
3	3	0.00	0.00	0.99	0.60	0.00
3	7	0.01	0.19	1.45	28.37	0.00
Core	CPU	C1%	C3%	C6%	C8%	C9%
-	-	0.00	0.45	7.44	13.94	0.00
0	0	0.02	3.53	51.76	16.42	0.00
0	4	0.00	0.00	0.66	0.10	0.00
1	1	0.00	0.00	3.13	70.57	0.00
1	5	0.00	0.00	0.45	0.79	0.00
2	2	0.00	0.00	0.15	0.60	0.00
2	6	0.00	0.03	1.61	22.74	0.00
3	3	0.00	0.03	1.08	0.30	0.00
3	7	0.00	0.00	0.68	0.00	0.00
Core	CPU	C1%	C3%	C6%	C8%	C9%
-	-	0.00	0.26	8.07	13.95	0.00
0	0	0.02	2.00	56.07	14.18	0.00
0	4	0.00	0.03	0.69	0.00	0.00
1	1	0.00	0.01	4.43	93.94	0.00
1	5	0.00	0.00	0.39	0.78	0.00
2	2	0.00	0.00	0.27	0.89	0.00
2	6	0.00	0.00	0.36	0.99	0.00
3	3	0.00	0.05	1.20	0.39	0.00
3	7	0.00	0.01	1.16	0.40	0.00
Core	CPU	C1%	C3%	C6%	C8%	C9%
-	-	0.03	1.81	9.53	12.12	0.11
0	0	0.00	0.07	13.01	0.35	0.00
0	4	0.00	0.00	0.76	0.08	0.00
1	1	0.00	0.00	5.41	93.22	0.00
1	5	0.00	0.02	0.28	0.90	0.00
2	2	0.00	0.00	0.09	0.80	0.00
2	6	0.00	0.00	0.38	0.49	0.00
3	3	0.00	0.02	0.73	1.08	0.90
3	7	0.27	14.38	55.53	0.00	0.00
Core	CPU	C1%	C3%	C6%	C8%	C9%
-	-	0.00	0.27	8.08	14.14	0.00
0	0	0.03	2.16	55.95	14.76	0.00
0	4	0.00	0.00	0.66	0.21	0.00
1	1	0.00	0.00	4.02	94.41	0.00
1	5	0.00	0.00	0.15	1.09	0.00
2	2	0.00	0.00	1.02	0.30	0.00
2	6	0.00	0.01	0.80	0.30	0.00
3	3	0.00	0.01	0.99	1.26	0.00
3	7	0.00	0.00	1.07	0.79	0.00
Core	CPU	C1%	C3%	C6%	C8%	C9%
-	-	0.00	0.29	8.18	13.78	0.00
0	0	0.02	2.30	57.41	12.63	0.00
0	4	0.00	0.02	0.68	0.11	0.00
1	1	0.00	0.00	4.76	93.64	0.00
1	5	0.00	0.00	0.28	0.99	0.00
2	2	0.00	0.00	0.36	0.79	0.00
2	6	0.00	0.00	0.88	0.89	0.00
3	3	0.00	0.00	0.94	0.39	0.00
3	7	0.00	0.00	0.10	0.79	0.00
Core	CPU	C1%	C3%	C6%	C8%	C9%
-	-	0.02	1.36	8.67	12.91	0.00
0	0	0.01	0.92	29.03	8.11	0.00
0	4	0.00	0.00	0.85	0.00	0.00
1	1	0.00	0.01	5.13	91.03	0.00
1	5	0.00	0.02	0.89	0.79	0.00
2	2	0.00	0.00	0.29	0.99	0.00
2	6	0.00	0.00	0.19	0.79	0.00
3	3	0.00	0.02	0.55	0.99	0.00
3	7	0.14	9.94	32.47	0.60	0.00
Core	CPU	C1%	C3%	C6%	C8%	C9%
-	-	0.00	0.27	8.11	13.84	0.02
0	0	0.02	2.09	56.57	13.71	0.00
0	4	0.00	0.00	0.49	0.40	0.15
1	1	0.00	0.04	5.43	92.84	0.00
1	5	0.00	0.00	0.44	0.60	0.00
2	2	0.00	0.00	0.23	0.99	0.00
2	6	0.00	0.03	0.17	0.69	0.00
3	3	0.00	0.00	0.61	0.90	0.00
3	7	0.00	0.00	0.92	0.59	0.00
Core	CPU	C1%	C3%	C6%	C8%	C9%
-	-	0.00	0.31	7.66	15.05	0.00
0	0	0.02	2.47	54.76	15.16	0.00
0	4	0.00	0.01	0.38	0.60	0.00
1	1	0.00	0.00	4.05	88.68	0.00
1	5	0.00	0.00	0.37	0.59	0.00
2	2	0.00	0.00	0.50	7.54	0.00
2	6	0.00	0.00	0.33	6.51	0.00
3	3	0.00	0.01	0.51	0.61	0.00
3	7	0.00	0.00	0.39	0.69	0.00
Core	CPU	C1%	C3%	C6%	C8%	C9%
-	-	0.00	0.29	7.88	14.03	0.52
0	0	0.03	2.23	55.58	14.45	0.00
0	4	0.00	0.00	0.24	0.49	4.16
1	1	0.00	0.00	0.20	0.99	0.00
1	5	0.00	0.00	0.18	0.99	0.00
2	2	0.00	0.00	0.47	0.49	0.00
2	6	0.00	0.07	5.59	92.67	0.00
3	3	0.00	0.00	0.45	1.30	0.00
3	7	0.00	0.00	0.30	0.89	0.00
Core	CPU	C1%	C3%	C6%	C8%	C9%
-	-	0.00	0.27	8.21	14.12	0.00
0	0	0.03	2.13	56.62	13.74	0.00
0	4	0.00	0.00	1.28	1.10	0.00
1	1	0.00	0.00	0.72	4.92	0.00
1	5	0.00	0.00	0.22	0.89	0.00
2	2	0.00	0.00	0.10	0.60	0.00
2	6	0.00	0.03	5.62	89.45	0.00
3	3	0.00	0.01	0.78	1.47	0.00
3	7	0.00	0.00	0.35	0.78	0.00
Core	CPU	C1%	C3%	C6%	C8%	C9%
-	-	0.00	0.38	8.01	13.32	0.00
0	0	0.04	2.97	55.58	12.09	0.00
0	4	0.00	0.00	0.39	0.40	0.00
1	1	0.00	0.03	4.85	86.81	0.00
1	5	0.00	0.00	0.34	0.89	0.00
2	2	0.00	0.00	0.73	0.49	0.00
2	6	0.00	0.02	1.08	3.87	0.00
3	3	0.00	0.04	0.49	0.89	0.00
3	7	0.00	0.00	0.66	1.09	0.00
Core	CPU	C1%	C3%	C6%	C8%	C9%
-	-	0.00	0.29	8.08	14.03	0.00
0	0	0.03	2.26	56.91	13.16	0.00
0	4	0.00	0.02	0.78	0.11	0.00
1	1	0.00	0.00	0.50	1.79	0.00
1	5	0.00	0.00	0.31	0.89	0.00
2	2	0.00	0.00	0.46	0.89	0.00
2	6	0.00	0.00	4.86	93.48	0.00
3	3	0.00	0.05	0.70	0.90	0.00
3	7	0.00	0.01	0.10	1.00	0.00
Core	CPU	C1%	C3%	C6%	C8%	C9%
-	-	0.02	1.95	9.44	12.50	0.20
0	0	0.00	0.79	9.32	5.93	0.13
0	4	0.00	0.00	1.17	0.70	1.49
1	1	0.00	0.00	0.47	1.00	0.00
1	5	0.00	0.00	0.53	0.71	0.00
2	2	0.00	14.68	54.36	0.00	0.00
2	6	0.19	0.07	7.84	90.31	0.00
3	3	0.00	0.03	0.78	0.81	0.00
3	7	0.00	0.00	1.07	0.49	0.00
Core	CPU	C1%	C3%	C6%	C8%	C9%
-	-	0.00	1.99	8.92	13.60	3.91
0	0	0.00	1.11	7.97	10.81	0.00
0	4	0.00	0.00	0.28	0.50	31.29
1	1	0.00	0.03	4.02	71.72	0.00
1	5	0.00	0.00	0.49	1.49	0.00
2	2	0.01	14.76	55.40	0.00	0.00
2	6	0.00	0.00	2.21	22.12	0.00
3	3	0.00	0.05	0.63	1.20	0.00
3	7	0.00	0.00	0.33	0.98	0.00
Core	CPU	C1%	C3%	C6%	C8%	C9%
-	-	0.00	1.86	9.77	12.57	0.00
0	0	0.00	0.17	12.32	2.76	0.00
0	4	0.00	0.00	0.75	1.11	0.00
1	1	0.01	14.60	55.25	0.00	0.00
1	5	0.00	0.00	0.60	1.34	0.00
2	2	0.00	0.03	1.48	0.89	0.00
2	6	0.00	0.06	6.40	91.30	0.00
3	3	0.00	0.01	0.60	2.08	0.00
3	7	0.00	0.00	0.76	1.09	0.00
Core	CPU	C1%	C3%	C6%	C8%	C9%
-	-	0.01	2.08	9.33	12.31	0.02
0	0	0.00	0.66	11.14	6.39	0.13
0	4	0.00	0.02	0.34	1.00	0.00
1	1	0.05	15.89	53.22	0.00	0.00
1	5	0.00	0.00	0.68	1.72	0.00
2	2	0.00	0.00	0.37	0.69	0.00
2	6	0.00	0.04	6.47	87.78	0.00
3	3	0.00	0.02	1.52	0.40	0.00
3	7	0.00	0.01	0.90	0.50	0.00
Core	CPU	C1%	C3%	C6%	C8%	C9%
-	-	0.00	1.96	9.41	13.07	3.51
0	0	0.00	1.04	10.19	7.38	0.00
0	4	0.00	0.00	0.85	0.29	28.08
1	1	0.02	14.64	55.20	0.00	0.00
1	5	0.00	0.00	1.18	0.92	0.00
2	2	0.00	0.00	0.19	1.10	0.00
2	6	0.00	0.00	6.27	92.28	0.00
3	3	0.00	0.00	0.80	0.99	0.00
3	7	0.00	0.00	0.55	1.59	0.00
Core	CPU	C1%	C3%	C6%	C8%	C9%
-	-	0.00	2.09	9.25	13.15	5.95
0	0	0.00	1.50	10.31	8.68	0.00
0	4	0.00	0.00	0.83	0.50	47.58
1	1	0.02	15.14	55.21	0.00	0.00
1	5	0.00	0.00	0.43	0.61	0.00
2	2	0.00	0.00	0.23	0.69	0.00
2	6	0.00	0.08	6.20	92.25	0.00
3	3	0.00	0.00	0.41	1.19	0.00
3	7	0.00	0.00	0.42	1.28	0.00
Core	CPU	C1%	C3%	C6%	C8%	C9%
-	-	0.00	2.01	9.44	12.89	4.85
0	0	0.00	1.20	9.75	7.64	0.00
0	4	0.00	0.00	0.42	0.90	38.81
1	1	0.00	14.82	55.39	0.00	0.00
1	5	0.00	0.00	0.37	1.69	0.00
2	2	0.00	0.00	0.38	0.88	0.00
2	6	0.00	0.00	2.66	35.00	0.00
3	3	0.00	0.04	0.55	1.08	0.00
3	7	0.00	0.02	6.04	55.95	0.00
Core	CPU	C1%	C3%	C6%	C8%	C9%
-	-	0.00	0.30	8.17	14.16	0.00
0	0	0.02	2.38	58.44	11.61	0.00
0	4	0.00	0.00	0.27	0.98	0.00
1	1	0.00	0.00	1.14	2.79	0.00
1	5	0.00	0.00	0.14	0.99	0.00
2	2	0.00	0.02	0.29	0.99	0.00
2	6	0.00	0.00	0.10	1.10	0.00
3	3	0.00	0.00	0.40	1.08	0.00
3	7	0.00	0.00	4.61	93.76	0.00
Core	CPU	C1%	C3%	C6%	C8%	C9%
-	-	0.00	0.48	8.09	13.82	0.35
0	0	0.01	3.79	55.31	12.46	0.00
0	4	0.00	0.01	0.94	0.30	2.79
1	1	0.00	0.00	0.29	3.58	0.00
1	5	0.00	0.00	0.54	1.18	0.00
2	2	0.00	0.00	0.36	1.18	0.00
2	6	0.00	0.00	3.17	31.13	0.00
3	3	0.00	0.02	0.44	0.70	0.00
3	7	0.00	0.00	3.66	60.06	0.00
Core	CPU	C1%	C3%	C6%	C8%	C9%
-	-	0.00	0.23	7.83	14.45	0.00
0	0	0.02	1.77	54.82	15.62	0.00
0	4	0.00	0.00	0.73	0.00	0.00
1	1	0.00	0.02	0.27	3.47	0.00
1	5	0.00	0.00	0.20	0.99	0.00
2	2	0.00	0.00	0.18	0.79	0.00
2	6	0.00	0.00	1.47	16.79	0.00
3	3	0.00	0.01	0.46	0.99	0.00
3	7	0.00	0.04	4.51	76.94	0.00
Core	CPU	C1%	C3%	C6%	C8%	C9%
-	-	0.00	0.41	8.30	17.32	0.74
0	0	0.02	3.12	57.30	12.00	0.00
0	4	0.00	0.00	0.38	0.68	5.95
1	1	0.00	0.00	0.32	3.58	0.00
1	5	0.00	0.00	0.33	1.28	0.00
2	2	0.00	0.02	0.29	0.80	0.00
2	6	0.00	0.04	5.79	90.13	0.00
3	3	0.00	0.03	0.59	1.07	0.00
3	7	0.01	0.05	1.36	29.04	0.00
Core	CPU	C1%	C3%	C6%	C8%	C9%
-	-	0.01	0.26	8.29	14.04	0.00
0	0	0.03	2.01	56.16	14.13	0.00
0	4	0.00	0.00	0.38	0.90	0.00
1	1	0.00	0.00	0.54	1.86	0.00
1	5	0.00	0.01	0.86	0.77	0.00
2	2	0.04	0.00	0.73	0.00	0.00
2	6	0.00	0.05	5.14	68.17	0.00
3	3	0.00	0.00	1.72	25.18	0.00
3	7	0.00	0.00	0.77	1.27	0.00
Core	CPU	C1%	C3%	C6%	C8%	C9%
-	-	0.00	0.29	8.35	13.80	0.00
0	0	0.02	2.17	57.08	13.06	0.00
0	4	0.00	0.00	0.89	0.00	0.00
1	1	0.00	0.00	0.19	1.08	0.00
1	5	0.00	0.00	0.76	0.69	0.00
2	2	0.00	0.00	0.45	0.79	0.00
2	6	0.00	0.08	6.44	91.80	0.00
3	3	0.00	0.02	0.61	1.58	0.00
3	7	0.00	0.02	0.39	1.37	0.00
Core	CPU	C1%	C3%	C6%	C8%	C9%
-	-	0.00	0.48	7.90	13.47	0.30
0	0	0.02	3.78	55.64	12.06	0.00
0	4	0.00	0.00	0.93	0.00	2.40
1	1	0.00	0.02	0.29	1.19	0.00
1	5	0.00	0.00	0.20	1.19	0.00
2	2	0.00	0.00	0.53	0.67	0.00
2	6	0.00	0.01	1.09	22.84	0.00
3	3	0.00	0.03	3.67	69.35	0.00
3	7	0.00	0.04	0.89	0.49	0.00
Core	CPU	C1%	C3%	C6%	C8%	C9%
-	-	0.00	1.91	9.31	12.71	1.55
0	0	0.00	0.89	9.67	7.18	0.11
0	4	0.00	0.00	0.56	0.59	12.26
1	1	0.00	0.00	0.25	0.79	0.00
1	5	0.00	0.00	0.33	0.99	0.00
2	2	0.01	14.34	55.34	0.00	0.00
2	6	0.00	0.00	0.29	0.80	0.00
3	3	0.00	0.01	7.81	90.70	0.00
3	7	0.00	0.00	0.25	0.60	0.00
Core	CPU	C1%	C3%	C6%	C8%	C9%
-	-	0.04	0.32	7.56	15.45	0.27
0	0	0.02	2.51	52.61	17.14	0.00
0	4	0.00	0.00	0.19	0.39	2.20
1	1	0.29	0.00	0.62	9.67	0.00
1	5	0.00	0.00	0.37	0.89	0.00
2	2	0.00	0.00	1.04	0.39	0.00
2	6	0.00	0.00	0.41	1.09	0.00
3	3	0.00	0.02	4.95	93.00	0.00
3	7	0.00	0.00	0.30	0.99	0.00
Core	CPU	C1%	C3%	C6%	C8%	C9%
-	-	0.03	1.86	9.26	12.93	2.98
0	0	0.00	0.83	9.80	5.69	0.00
0	4	0.20	0.01	0.89	0.00	23.85
1	1	0.04	14.03	54.49	1.98	0.00
1	5	0.00	0.00	0.57	1.68	0.00
2	2	0.00	0.00	0.46	0.89	0.00
2	6	0.00	0.00	0.24	1.09	0.00
3	3	0.00	0.00	7.46	91.03	0.00
3	7	0.00	0.00	0.19	1.09	0.00
Core	CPU	C1%	C3%	C6%	C8%	C9%
-	-	0.00	1.95	9.25	13.34	7.75
0	0	0.00	0.99	12.12	7.67	0.02
0	4	0.00	0.00	0.58	0.71	61.97
1	1	0.01	14.58	55.56	0.00	0.00
1	5	0.00	0.00	1.22	32.62	0.00
2	2	0.00	0.00	0.28	1.29	0.00
2	6	0.00	0.02	0.32	1.29	0.00
3	3	0.00	0.02	3.68	62.17	0.00
3	7	0.00	0.00	0.24	0.99	0.00
Core	CPU	C1%	C3%	C6%	C8%	C9%
-	-	0.00	0.53	8.14	13.93	0.26
0	0	0.01	4.09	56.46	10.98	0.00
0	4	0.00	0.09	0.28	0.70	2.07
1	1	0.00	0.00	1.98	3.21	0.00
1	5	0.00	0.02	4.96	90.71	0.00
2	2	0.00	0.02	0.30	0.99	0.00
2	6	0.00	0.00	0.15	1.78	0.00
3	3	0.00	0.01	0.50	1.28	0.00
3	7	0.00	0.02	0.50	1.78	0.00
Core	CPU	C1%	C3%	C6%	C8%	C9%
-	-	0.00	0.21	7.87	14.82	0.00
0	0	0.02	1.68	55.10	15.80	0.00
0	4	0.00	0.00	1.08	1.81	0.00
1	1	0.00	0.00	0.36	3.61	0.00
1	5	0.00	0.00	4.83	93.45	0.00
2	2	0.00	0.00	0.24	0.81	0.00
2	6	0.00	0.00	0.28	0.91	0.00
3	3	0.00	0.04	0.68	1.01	0.00
3	7	0.00	0.00	0.38	1.20	0.00
Core	CPU	C1%	C3%	C6%	C8%	C9%
-	-	0.00	0.39	7.95	14.45	0.76
0	0	0.03	3.08	56.69	12.65	0.00
0	4	0.00	0.00	0.73	0.40	6.05
1	1	0.00	0.02	0.30	4.36	0.00
1	5	0.00	0.00	4.26	93.75	0.00
2	2	0.00	0.00	0.29	0.98	0.00
2	6	0.00	0.00	0.33	0.88	0.00
3	3	0.00	0.04	0.76	1.28	0.00
3	7	0.00	0.00	0.23	1.28	0.00
Core	CPU	C1%	C3%	C6%	C8%	C9%
-	-	0.00	0.29	8.19	14.03	0.00
0	0	0.02	2.29	57.70	12.34	0.00
0	4	0.00	0.00	0.77	0.20	0.00
1	1	0.00	0.00	0.35	0.79	0.00
1	5	0.00	0.00	4.90	93.49	0.00
2	2	0.00	0.02	0.39	1.09	0.00
2	6	0.00	0.00	0.29	1.50	0.00
3	3	0.00	0.03	0.77	1.87	0.00
3	7	0.00	0.00	0.37	0.99	0.00
Core	CPU	C1%	C3%	C6%	C8%	C9%
-	-	0.00	0.32	8.05	13.90	0.11
0	0	0.02	2.51	56.97	12.80	0.00
0	4	0.00	0.00	0.89	0.11	0.87
1	1	0.00	0.00	0.80	1.09	0.00
1	5	0.00	0.01	4.79	93.59	0.00
2	2	0.00	0.00	0.15	1.20	0.00
2	6	0.00	0.00	0.13	0.99	0.00
3	3	0.00	0.03	0.39	0.69	0.00
3	7	0.00	0.01	0.28	0.79	0.00
Core	CPU	C1%	C3%	C6%	C8%	C9%
-	-	0.01	2.02	9.23	12.31	2.91
0	0	0.00	0.81	12.08	5.41	0.00
0	4	0.00	0.04	0.68	0.30	23.27
1	1	0.00	0.00	0.28	0.93	0.00
1	5	0.00	0.00	5.21	90.72	0.00
2	2	0.06	15.31	53.45	0.00	0.00
2	6	0.00	0.00	0.35	0.70	0.00
3	3	0.00	0.00	1.04	0.10	0.00
3	7	0.00	0.00	0.80	0.30	0.00
Core	CPU	C1%	C3%	C6%	C8%	C9%
-	-	0.00	0.54	8.42	14.52	0.20
0	0	0.02	1.83	48.38	12.92	0.00
0	4	0.00	0.00	0.45	0.50	1.59
1	1	0.00	0.00	0.73	6.65	0.00
1	5	0.00	0.00	2.29	28.61	0.00
2	2	0.01	2.48	11.20	0.40	0.00
2	6	0.00	0.00	0.47	0.50	0.00
3	3	0.00	0.03	3.55	65.61	0.00
3	7	0.00	0.00	0.33	1.00	0.00
Core	CPU	C1%	C3%	C6%	C8%	C9%
-	-	0.00	0.28	7.37	15.39	0.00
0	0	0.02	2.24	51.10	18.92	0.00
0	4	0.00	0.00	0.43	0.79	0.00
1	1	0.00	0.00	0.81	7.84	0.00
1	5	0.00	0.00	1.64	24.97	0.00
2	2	0.00	0.03	0.29	0.30	0.00
2	6	0.00	0.00	0.55	0.50	0.00
3	3	0.00	0.01	3.81	69.07	0.00
3	7	0.00	0.00	0.37	0.69	0.00
Core	CPU	C1%	C3%	C6%	C8%	C9%
-	-	0.00	0.25	8.05	14.12	0.00
0	0	0.01	1.93	56.23	14.12	0.00
0	4	0.00	0.00	0.20	0.50	0.00
1	1	0.00	0.04	1.79	1.78	0.00
1	5	0.00	0.00	4.91	93.50	0.00
2	2	0.00	0.00	0.25	0.79	0.00
2	6	0.00	0.00	0.14	0.99	0.00
3	3	0.00	0.01	0.51	0.81	0.00
3	7	0.00	0.00	0.39	0.49	0.00
Core	CPU	C1%	C3%	C6%	C8%	C9%
-	-	0.00	1.34	8.42	13.71	0.02
0	0	0.01	0.71	24.97	9.48	0.12
0	4	0.00	0.00	0.18	0.51	0.00
1	1	0.01	9.98	37.73	1.40	0.00
1	5	0.00	0.00	3.20	95.36	0.00
2	2	0.00	0.00	0.24	0.81	0.00
2	6	0.00	0.00	0.26	0.41	0.00
3	3	0.00	0.03	0.57	0.90	0.00
3	7	0.00	0.00	0.18	0.80	0.00
Core	CPU	C1%	C3%	C6%	C8%	C9%
-	-	0.00	1.99	9.20	12.51	0.45
0	0	0.00	0.05	12.87	1.37	0.12
0	4	0.00	0.00	0.23	0.41	3.48
1	1	0.04	15.86	53.16	0.00	0.00
1	5	0.00	0.02	2.93	44.98	0.00
2	2	0.00	0.00	0.29	1.48	0.00
2	6	0.00	0.00	0.61	2.28	0.00
3	3	0.00	0.00	3.23	47.78	0.00
3	7	0.00	0.00	0.32	1.78	0.00
Core	CPU	C1%	C3%	C6%	C8%	C9%
-	-	0.00	1.92	9.35	13.57	0.31
0	0	0.00	0.58	12.98	6.06	0.00
0	4	0.00	0.00	1.05	0.40	2.47
1	1	0.00	14.72	55.06	0.00	0.00
1	5	0.00	0.00	3.22	95.44	0.00
2	2	0.00	0.02	0.47	1.21	0.00
2	6	0.00	0.00	0.64	2.10	0.00
3	3	0.00	0.01	0.60	1.43	0.00
3	7	0.00	0.00	0.76	1.88	0.00
Core	CPU	C1%	C3%	C6%	C8%	C9%
-	-	0.00	0.85	8.76	14.28	0.00
0	0	0.01	2.76	43.82	9.58	0.00
0	4	0.00	0.02	0.49	1.49	0.00
1	1	0.01	4.01	17.45	2.75	0.00
1	5	0.00	0.00	0.73	2.12	0.00
2	2	0.00	0.00	0.46	1.58	0.00
2	6	0.00	0.00	0.69	1.89	0.00
3	3	0.00	0.04	5.77	92.59	0.00
3	7	0.00	0.00	0.65	2.27	0.00
Core	CPU	C1%	C3%	C6%	C8%	C9%
-	-	0.00	0.25	7.96	14.39	0.00
0	0	0.02	2.03	55.55	14.75	0.00
0	4	0.00	0.00	0.86	0.38	0.00
1	1	0.00	0.00	0.34	1.87	0.00
1	5	0.00	0.00	3.81	83.20	0.00
2	2	0.00	0.00	0.29	1.19	0.00
2	6	0.00	0.00	0.58	1.19	0.00
3	3	0.00	0.00	1.92	11.34	0.00
3	7	0.00	0.00	0.35	1.18	0.00
Core	CPU	C1%	C3%	C6%	C8%	C9%
-	-	0.00	0.31	8.35	17.88	0.00
0	0	0.02	2.28	56.71	13.01	0.01
0	4	0.00	0.01	2.56	1.04	0.00
1	1	0.00	0.00	0.34	2.96	0.00
1	5	0.00	0.00	5.16	93.27	0.00
2	2	0.00	0.00	0.14	0.99	0.00
2	6	0.00	0.01	0.23	1.09	0.00
3	3	0.00	0.01	0.50	1.29	0.00
3	7	0.01	0.16	1.16	29.39	0.00
Core	CPU	C1%	C3%	C6%	C8%	C9%
-	-	0.00	0.55	8.09	13.23	0.00
0	0	0.03	4.33	56.42	10.99	0.00
0	4	0.00	0.03	0.65	0.40	0.00
1	1	0.00	0.00	0.10	1.00	0.00
1	5	0.00	0.00	1.77	30.90	0.00
2	2	0.00	0.00	0.37	0.89	0.00
2	6	0.00	0.02	4.10	60.05	0.00
3	3	0.00	0.01	0.54	1.09	0.00
3	7	0.00	0.00	0.79	0.49	0.00
Core	CPU	C1%	C3%	C6%	C8%	C9%
-	-	0.00	0.27	7.97	13.89	0.00
0	0	0.01	2.16	56.79	13.35	0.00
0	4	0.00	0.00	0.55	0.11	0.00
1	1	0.00	0.00	0.24	0.99	0.00
1	5	0.00	0.00	0.59	6.69	0.00
2	2	0.00	0.00	0.19	0.70	0.00
2	6	0.00	0.00	4.57	87.83	0.00
3	3	0.00	0.01	0.69	1.08	0.00
3	7	0.00	0.00	0.15	0.39	0.00
Core	CPU	C1%	C3%	C6%	C8%	C9%
-	-	0.09	0.38	8.21	14.44	0.33
0	0	0.01	3.02	56.44	13.01	0.00
0	4	0.00	0.00	0.95	0.00	2.67
1	1	0.68	0.00	0.24	5.97	0.00
1	5	0.00	0.00	0.32	0.99	0.00
2	2	0.00	0.00	0.20	0.99	0.00
2	6	0.00	0.00	6.25	92.01	0.00
3	3	0.00	0.05	0.65	1.09	0.00
3	7	0.00	0.00	0.62	1.47	0.00
Core	CPU	C1%	C3%	C6%	C8%	C9%
-	-	0.00	0.28	8.04	14.07	0.00
0	0	0.01	2.21	57.06	13.12	0.00
0	4	0.00	0.00	0.29	0.90	0.00
1	1	0.00	0.00	0.28	1.38	0.00
1	5	0.00	0.00	0.55	4.42	0.00
2	2	0.00	0.00	0.15	0.99	0.00
2	6	0.00	0.04	5.08	89.68	0.00
3	3	0.00	0.00	0.31	1.18	0.00
3	7	0.00	0.00	0.58	0.89	0.00
Core	CPU	C1%	C3%	C6%	C8%	C9%
-	-	0.00	0.30	8.12	14.01	0.00
0	0	0.01	2.37	56.51	13.44	0.00
0	4	0.00	0.00	0.29	1.00	0.00
1	1	0.00	0.00	0.29	1.18	0.00
1	5	0.00	0.00	4.73	76.52	0.00
2	2	0.00	0.00	0.26	0.99	0.00
2	6	0.00	0.01	1.67	17.20	0.00
3	3	0.00	0.02	1.05	0.60	0.00
3	7	0.00	0.00	0.20	1.18	0.00
Core	CPU	C1%	C3%	C6%	C8%	C9%
-	-	0.00	0.37	7.49	13.81	1.19
0	0	0.01	2.94	53.35	14.31	0.00
0	4	0.00	0.00	0.55	0.63	9.54
1	1	0.00	0.00	0.19	0.79	0.00
1	5	0.00	0.00	4.51	91.11	0.00
2	2	0.00	0.00	0.25	0.79	0.00
2	6	0.00	0.02	0.41	1.18	0.00
3	3	0.00	0.02	0.51	0.80	0.00
3	7	0.00	0.00	0.19	0.89	0.00
Core	CPU	C1%	C3%	C6%	C8%	C9%
-	-	0.00	0.24	7.53	14.44	0.00
0	0	0.02	1.94	54.07	16.16	0.00
0	4	0.00	0.00	0.28	0.81	0.00
1	1	0.00	0.00	0.18	0.90	0.00
1	5	0.00	0.00	4.59	93.80	0.00
2	2	0.00	0.00	0.14	1.00	0.00
2	6	0.00	0.00	0.23	0.89	0.00
3	3	0.00	0.02	0.50	1.00	0.00
3	7	0.00	0.00	0.25	0.99	0.00
Core	CPU	C1%	C3%	C6%	C8%	C9%
-	-	0.00	0.44	8.14	13.96	0.00
0	0	0.02	3.43	57.22	11.91	0.00
0	4	0.00	0.00	0.23	0.80	0.00
1	1	0.00	0.01	0.40	0.70	0.00
1	5	0.00	0.00	1.44	26.68	0.00
2	2	0.00	0.00	0.27	0.79	0.00
2	6	0.00	0.04	3.39	68.94	0.00
3	3	0.00	0.01	1.14	0.60	0.00
3	7	0.00	0.01	1.06	1.28	0.00
Core	CPU	C1%	C3%	C6%	C8%	C9%
-	-	0.04	0.30	8.09	14.49	0.16
0	0	0.01	2.35	56.37	13.62	0.00
0	4	0.00	0.00	0.65	0.00	1.29
1	1	0.29	0.00	0.42	6.65	0.00
1	5	0.00	0.00	0.32	1.19	0.00
2	2	0.00	0.00	0.00	0.70	0.00
2	6	0.00	0.00	5.25	93.10	0.00
3	3	0.00	0.03	1.27	0.49	0.00
3	7	0.00	0.00	0.45	0.20	0.00
Core	CPU	C1%	C3%	C6%	C8%	C9%
-	-	0.00	0.21	7.84	14.40	0.00
0	0	0.01	1.67	54.48	16.01	0.00
0	4	0.00	0.00	0.77	0.40	0.00
1	1	0.00	0.00	0.31	1.28	0.00
1	5	0.00	0.00	3.62	79.45	0.00
2	2	0.00	0.00	0.72	0.39	0.00
2	6	0.00	0.03	1.50	15.07	0.00
3	3	0.00	0.00	0.72	1.38	0.00
3	7	0.00	0.00	0.61	1.18	0.00
Core	CPU	C1%	C3%	C6%	C8%	C9%
-	-	0.00	0.47	7.55	13.68	0.00
0	0	0.02	3.71	53.75	13.97	0.00
0	4	0.00	0.00	0.19	0.50	0.00
1	1	0.00	0.00	0.28	0.79	0.00
1	5	0.00	0.00	1.03	14.67	0.00
2	2	0.00	0.00	0.26	0.89	0.00
2	6	0.00	0.00	4.07	76.86	0.00
3	3	0.00	0.05	0.38	0.60	0.00
3	7	0.00	0.01	0.41	1.18	0.00
Core	CPU	C1%	C3%	C6%	C8%	C9%
-	-	0.01	1.85	9.48	12.63	0.15
0	0	0.00	0.15	12.79	2.43	0.13
0	4	0.00	0.00	0.38	0.89	1.11
1	1	0.00	0.00	0.44	0.79	0.00
1	5	0.02	0.00	1.63	22.87	0.00
2	2	0.05	14.59	55.58	0.00	0.00
2	6	0.00	0.07	3.56	72.23	0.00
3	3	0.00	0.00	0.49	1.09	0.00
3	7	0.00	0.00	0.93	0.70	0.00
Core	CPU	C1%	C3%	C6%	C8%	C9%
-	-	0.01	1.94	9.49	12.82	2.18
0	0	0.00	0.72	11.08	6.19	0.14
0	4	0.00	0.00	0.18	0.90	16.54
1	1	0.08	14.71	55.62	0.00	0.00
1	5	0.00	0.00	0.45	0.71	0.00
2	2	0.00	0.00	1.04	0.40	0.00
2	6	0.00	0.02	6.15	92.38	0.00
3	3	0.00	0.05	0.99	0.50	0.00
3	7	0.00	0.00	0.37	1.47	0.80
Core	CPU	C1%	C3%	C6%	C8%	C9%
-	-	0.00	1.88	9.39	12.69	1.57
0	0	0.00	0.36	14.53	2.58	0.13
0	4	0.00	0.00	0.35	0.60	12.45
1	1	0.01	14.64	55.36	0.00	0.00
1	5	0.00	0.02	2.39	75.36	0.00
2	2	0.00	0.00	0.19	0.70	0.00
2	6	0.00	0.00	1.61	20.11	0.00
3	3	0.00	0.02	0.49	0.97	0.00
3	7	0.00	0.00	0.24	1.18	0.00
Core	CPU	C1%	C3%	C6%	C8%	C9%
-	-	0.00	1.85	9.13	12.75	0.00
0	0	0.00	0.27	11.21	4.68	0.00
0	4	0.00	0.00	0.27	0.60	0.00
1	1	0.02	14.44	55.32	0.00	0.00
1	5	0.00	0.00	3.82	72.74	0.00
2	2	0.00	0.00	0.23	0.31	0.00
2	6	0.00	0.04	1.49	22.10	0.00
3	3	0.00	0.01	0.31	0.70	0.00
3	7	0.00	0.00	0.38	0.89	0.00
Core	CPU	C1%	C3%	C6%	C8%	C9%
-	-	0.01	1.91	9.05	12.41	0.75
0	0	0.00	0.26	11.84	4.31	0.12
0	4	0.00	0.00	0.29	0.50	5.91
1	1	0.05	14.98	53.41	0.00	0.00
1	5	0.00	0.00	0.59	1.00	0.00
2	2	0.00	0.00	0.29	0.78	0.00
2	6	0.00	0.00	5.16	90.62	0.00
3	3	0.00	0.02	0.65	1.19	0.00
3	7	0.00	0.03	0.19	0.89	0.00
Core	CPU	C1%	C3%	C6%	C8%	C9%
-	-	0.00	1.90	9.49	13.46	2.14
0	0	0.00	0.59	13.83	6.13	0.13
0	4	0.00	0.00	1.01	0.98	16.97
1	1	0.01	14.60	55.27	0.00	0.00
1	5	0.00	0.00	3.78	94.84	0.00
2	2	0.00	0.00	0.10	1.00	0.00
2	6	0.00	0.00	0.82	2.97	0.00
3	3	0.00	0.02	0.56	0.96	0.00
3	7	0.00	0.02	0.54	0.78	0.00
Core	CPU	C1%	C3%	C6%	C8%	C9%
-	-	0.00	0.45	8.42	13.65	1.18
0	0	0.02	3.59	59.15	9.76	0.00
0	4	0.00	0.00	0.20	0.99	8.55
1	1	0.00	0.00	1.17	0.59	0.00
1	5	0.00	0.00	1.79	23.04	0.00
2	2	0.00	0.00	0.54	0.59	0.00
2	6	0.00	0.00	3.27	71.70	0.00
3	3	0.00	0.02	0.72	1.17	0.00
3	7	0.00	0.00	0.51	1.39	0.90
Core	CPU	C1%	C3%	C6%	C8%	C9%
-	-	0.00	0.27	7.99	13.94	0.46
0	0	0.01	2.14	57.30	12.92	0.00
0	4	0.00	0.00	0.30	0.49	2.67
1	1	0.00	0.00	0.28	0.99	0.00
1	5	0.00	0.00	0.37	0.98	0.00
2	2	0.00	0.00	0.27	0.89	0.00
2	6	0.00	0.00	4.00	94.41	0.00
3	3	0.00	0.00	1.02	0.09	0.00
3	7	0.00	0.00	0.36	0.79	0.99
Core	CPU	C1%	C3%	C6%	C8%	C9%
-	-	0.00	0.21	7.73	14.44	0.00
0	0	0.03	1.62	54.03	16.64	0.00
0	4	0.00	0.00	0.70	0.00	0.00
1	1	0.00	0.00	0.19	0.99	0.00
1	5	0.00	0.00	0.45	1.39	0.00
2	2	0.00	0.00	0.45	1.09	0.00
2	6	0.00	0.00	4.74	93.64	0.00
3	3	0.00	0.03	1.01	0.69	0.00
3	7	0.00	0.00	0.29	1.08	0.00
Core	CPU	C1%	C3%	C6%	C8%	C9%
-	-	0.00	0.39	7.38	13.93	0.00
0	0	0.03	3.04	51.27	16.89	0.00
0	4	0.00	0.03	0.59	0.00	0.00
1	1	0.00	0.00	0.24	1.39	0.00
1	5	0.00	0.00	0.19	0.79	0.00
2	2	0.00	0.00	0.35	0.88	0.00
2	6	0.00	0.00	4.67	91.04	0.00
3	3	0.00	0.03	1.13	0.00	0.00
3	7	0.00	0.00	0.60	0.49	0.00
Core	CPU	C1%	C3%	C6%	C8%	C9%
-	-	0.00	0.28	7.84	18.25	0.00
0	0	0.02	2.09	54.66	16.17	0.00
0	4	0.00	0.00	0.66	0.00	0.00
1	1	0.00	0.00	0.32	4.26	0.00
1	5	0.00	0.00	0.22	0.79	0.00
2	2	0.00	0.00	0.49	0.20	0.00
2	6	0.00	0.00	4.67	93.76	0.00
3	3	0.00	0.02	0.88	2.08	0.00
3	7	0.01	0.13	0.81	28.78	0.00
Core	CPU	C1%	C3%	C6%	C8%	C9%
-	-	0.00	0.37	7.97	14.31	0.00
0	0	0.02	2.92	56.27	13.32	0.00
0	4	0.00	0.00	0.57	0.61	0.00
1	1	0.00	0.00	0.17	3.73	0.00
1	5	0.00	0.00	0.35	0.69	0.00
2	2	0.00	0.00	0.23	0.89	0.00
2	6	0.00	0.02	4.36	94.05	0.00
3	3	0.00	0.02	1.06	0.87	0.00
3	7	0.00	0.00	0.73	0.30	0.00
Core	CPU	C1%	C3%	C6%	C8%	C9%
-	-	0.00	0.31	8.20	14.64	0.00
0	0	0.02	2.41	56.92	13.14	0.00
0	4	0.00	0.02	1.60	1.50	0.00
1	1	0.00	0.00	1.13	5.18	0.00
1	5	0.00	0.00	0.27	0.99	0.00
2	2	0.00	0.00	0.28	0.79	0.00
2	6	0.00	0.00	3.92	94.51	0.00
3	3	0.00	0.02	0.91	0.53	0.00
3	7	0.00	0.00	0.59	0.50	0.00
Core	CPU	C1%	C3%	C6%	C8%	C9%
-	-	0.00	0.34	8.16	14.62	0.00
0	0	0.02	2.71	57.79	11.93	0.00
0	4	0.00	0.00	0.29	0.90	0.00
1	1	0.00	0.00	0.76	4.99	0.00
1	5	0.00	0.00	0.28	0.99	0.00
2	2	0.00	0.00	0.26	1.08	0.00
2	6	0.00	0.00	4.50	93.94	0.00
3	3	0.00	0.00	1.22	0.60	0.00
3	7	0.00	0.01	0.20	2.56	0.00
Core	CPU	C1%	C3%	C6%	C8%	C9%
-	-	0.00	0.45	7.61	14.22	0.00
0	0	0.02	3.51	53.65	14.25	0.00
0	4	0.00	0.00	0.33	0.81	0.03
1	1	0.00	0.02	0.29	2.78	0.00
1	5	0.00	0.00	0.31	1.69	0.00
2	2	0.00	0.00	0.19	0.89	0.00
2	6	0.00	0.02	4.28	91.41	0.00
3	3	0.00	0.00	1.59	0.88	0.00
3	7	0.00	0.03	0.25	1.08	0.00
Core	CPU	C1%	C3%	C6%	C8%	C9%
-	-	0.00	0.21	7.52	14.66	0.00
0	0	0.03	1.63	53.21	17.36	0.00
0	4	0.00	0.00	0.36	0.70	0.00
1	1	0.00	0.00	0.20	0.70	0.00
1	5	0.00	0.02	1.05	11.81	0.00
2	2	0.00	0.01	0.29	0.80	0.00
2	6	0.00	0.00	3.95	83.81	0.00
3	3	0.00	0.03	0.58	0.98	0.00
3	7	0.00	0.00	0.50	1.07	0.00
Core	CPU	C1%	C3%	C6%	C8%	C9%
-	-	0.00	0.36	7.75	14.17	0.11
0	0	0.02	2.78	54.67	14.96	0.00
0	4	0.00	0.00	0.58	0.11	0.00
1	1	0.00	0.00	0.28	0.89	0.00
1	5	0.00	0.00	0.46	0.69	0.00
2	2	0.00	0.00	0.34	1.09	0.00
2	6	0.00	0.02	4.25	94.01	0.00
3	3	0.00	0.05	0.74	0.90	0.90
3	7	0.00	0.00	0.66	0.69	0.00
Core	CPU	C1%	C3%	C6%	C8%	C9%
-	-	0.00	0.33	8.08	14.19	1.32
0	0	0.01	2.45	55.97	13.89	0.00
0	4	0.00	0.01	0.83	0.21	9.65
1	1	0.00	0.00	0.37	1.97	0.92
1	5	0.00	0.00	0.38	1.38	0.00
2	2	0.00	0.00	0.25	0.99	0.00
2	6	0.00	0.10	5.62	92.04	0.00
3	3	0.00	0.04	0.95	1.49	0.00
3	7	0.00	0.02	0.28	1.57	0.00
Core	CPU	C1%	C3%	C6%	C8%	C9%
-	-	0.00	0.27	7.73	14.05	0.00
0	0	0.02	2.16	54.92	15.19	0.00
0	4	0.00	0.00	0.50	0.29	0.00
1	1	0.00	0.00	0.28	0.60	0.00
1	5	0.00	0.00	0.36	0.79	0.00
2	2	0.00	0.00	0.34	0.69	0.00
2	6	0.00	0.00	4.10	94.28	0.00
3	3	0.00	0.02	0.99	0.10	0.00
3	7	0.00	0.00	0.31	0.49	0.00
Core	CPU	C1%	C3%	C6%	C8%	C9%
-	-	0.00	0.42	7.89	14.01	0.54
0	0	0.02	3.25	55.17	13.99	0.00
0	4	0.00	0.00	0.62	0.31	3.29
1	1	0.00	0.02	0.89	0.49	0.00
1	5	0.00	0.00	0.20	0.99	0.00
2	2	0.00	0.00	0.29	0.89	0.00
2	6	0.00	0.02	4.38	93.99	0.00
3	3	0.00	0.07	0.78	0.87	0.00
3	7	0.00	0.00	0.79	0.59	1.00
Core	CPU	C1%	C3%	C6%	C8%	C9%
-	-	0.00	0.31	8.28	14.49	0.62
0	0	0.02	2.49	57.68	12.29	0.00
0	4	0.00	0.00	0.66	0.00	4.95
1	1	0.00	0.00	0.33	3.85	0.00
1	5	0.00	0.00	0.41	1.19	0.00
2	2	0.00	0.00	0.18	0.61	0.00
2	6	0.00	0.00	4.36	94.06	0.00
3	3	0.00	0.01	1.19	1.18	0.00
3	7	0.00	0.00	1.42	2.76	0.00
Core	CPU	C1%	C3%	C6%	C8%	C9%
-	-	0.00	0.24	7.98	14.33	0.00
0	0	0.01	1.89	54.92	15.43	0.00
0	4	0.00	0.00	0.97	0.11	0.00
1	1	0.00	0.00	0.41	1.68	0.00
1	5	0.00	0.00	3.56	76.76	0.00
2	2	0.00	0.00	0.33	1.09	0.00
2	6	0.00	0.02	1.74	17.93	0.00
3	3	0.00	0.00	1.50	0.50	0.00
3	7	0.00	0.00	0.38	1.18	0.00
Core	CPU	C1%	C3%	C6%	C8%	C9%
-	-	0.00	0.53	7.82	13.81	0.46
0	0	0.01	4.13	54.68	12.72	0.00
0	4	0.00	0.00	0.74	0.08	3.69
1	1	0.00	0.04	0.85	2.08	0.00
1	5	0.00	0.00	1.14	20.86	0.00
2	2	0.00	0.00	0.27	1.09	0.00
2	6	0.00	0.00	3.09	71.95	0.00
3	3	0.00	0.03	1.12	0.80	0.00
3	7	0.00	0.01	0.69	0.89	0.00
Core	CPU	C1%	C3%	C6%	C8%	C9%
-	-	0.00	0.24	7.51	14.52	0.00
0	0	0.02	1.88	52.51	17.76	0.00
0	4	0.00	0.00	0.73	0.41	0.00
1	1	0.00	0.02	1.19	0.40	0.00
1	5	0.00	0.00	0.20	0.99	0.00
2	2	0.00	0.00	0.29	0.98	0.00
2	6	0.00	0.00	4.12	94.25	0.00
3	3	0.00	0.00	0.25	0.89	0.00
3	7	0.00	0.00	0.83	0.50	0.00
Core	CPU	C1%	C3%	C6%	C8%	C9%
-	-	0.00	0.32	7.55	14.98	0.00
0	0	0.02	2.53	52.99	16.85	0.00
0	4	0.00	0.00	0.57	0.11	0.00
1	1	0.00	0.01	1.27	5.77	0.00
1	5	0.00	0.00	0.33	1.10	0.00
2	2	0.00	0.00	0.22	0.50	0.00
2	6	0.00	0.00	4.43	93.94	0.00
3	3	0.00	0.00	0.24	0.79	0.00
3	7	0.00	0.00	0.36	0.79	0.00
Core	CPU	C1%	C3%	C6%	C8%	C9%
-	-	0.20	0.30	7.97	14.89	0.41
0	0	0.02	2.42	55.20	14.62	0.00
0	4	0.00	0.00	0.60	0.10	3.26
1	1	1.58	0.00	1.49	7.11	0.00
1	5	0.00	0.00	0.35	1.39	0.00
2	2	0.00	0.00	0.15	0.79	0.00
2	6	0.00	0.00	5.16	93.25	0.00
3	3	0.00	0.00	0.50	1.08	0.00
3	7	0.00	0.00	0.29	0.79	0.00
Core	CPU	C1%	C3%	C6%	C8%	C9%
-	-	0.00	0.20	7.47	15.30	0.00
0	0	0.03	1.49	52.07	18.66	0.00
0	4	0.00	0.01	0.60	0.00	0.00
1	1	0.00	0.07	1.39	6.37	0.00
1	5	0.00	0.00	0.37	1.08	0.00
2	2	0.00	0.00	0.35	0.79	0.00
2	6	0.00	0.00	4.37	94.00	0.00
3	3	0.00	0.00	0.38	0.31	0.00
3	7	0.00	0.00	0.24	1.19	0.00
Core	CPU	C1%	C3%	C6%	C8%	C9%
-	-	0.00	0.49	7.79	14.02	0.56
0	0	0.03	3.90	55.35	12.28	0.00
0	4	0.00	0.00	0.53	0.21	4.47
1	1	0.00	0.02	1.02	4.64	0.00
1	5	0.00	0.00	0.20	1.09	0.00
2	2	0.00	0.00	0.68	0.30	0.00
2	6	0.00	0.00	4.04	91.73	0.00
3	3	0.00	0.00	0.35	0.69	0.00
3	7	0.00	0.00	0.17	1.18	0.00
Core	CPU	C1%	C3%	C6%	C8%	C9%
-	-	0.00	0.26	7.77	14.27	0.00
0	0	0.02	2.06	56.02	14.24	0.00
0	4	0.00	0.00	0.27	0.51	0.00
1	1	0.00	0.01	0.67	1.08	0.00
1	5	0.00	0.00	0.43	1.38	0.00
2	2	0.00	0.02	0.20	0.93	0.00
2	6	0.00	0.00	4.04	94.35	0.00
3	3	0.00	0.00	0.19	0.88	0.00
3	7	0.00	0.00	0.36	0.79	0.00
Core	CPU	C1%	C3%	C6%	C8%	C9%
-	-	0.00	0.40	8.06	14.20	0.01
0	0	0.03	2.09	52.22	14.24	0.12
0	4	0.00	1.08	5.58	2.42	0.00
1	1	0.00	0.03	0.65	0.99	0.00
1	5	0.00	0.00	0.36	0.70	0.00
2	2	0.00	0.00	0.32	0.79	0.00
2	6	0.00	0.00	4.55	93.45	0.00
3	3	0.00	0.01	0.48	0.21	0.00
3	7	0.00	0.00	0.29	0.79	0.00
Core	CPU	C1%	C3%	C6%	C8%	C9%
-	-	0.00	0.30	8.12	14.07	0.80
0	0	0.02	2.32	56.43	13.64	0.00
0	4	0.00	0.00	0.74	0.19	6.39
1	1	0.00	0.06	1.76	0.79	0.00
1	5	0.00	0.00	0.29	1.19	0.00
2	2	0.00	0.00	0.29	0.88	0.00
2	6	0.00	0.02	4.66	93.60	0.00
3	3	0.00	0.00	0.34	0.99	0.00
3	7	0.00	0.03	0.47	1.28	0.00
Core	CPU	C1%	C3%	C6%	C8%	C9%
-	-	0.00	0.22	7.80	15.44	0.00
0	0	0.03	1.77	55.05	15.59	0.00
0	4	0.00	0.00	0.66	0.10	0.00
1	1	0.00	0.00	1.21	9.56	0.00
1	5	0.00	0.00	0.23	1.28	0.00
2	2	0.00	0.00	0.20	0.90	0.00
2	6	0.00	0.00	4.30	94.00	0.00
3	3	0.00	0.00	0.28	1.08	0.00
3	7	0.00	0.00	0.45	0.99	0.00
Core	CPU	C1%	C3%	C6%	C8%	C9%
-	-	0.00	0.53	7.99	18.29	0.00
0	0	0.03	3.86	54.60	13.62	0.00
0	4	0.00	0.10	0.55	0.71	0.00
1	1	0.00	0.00	0.93	9.31	0.01
1	5	0.00	0.00	0.33	0.99	0.00
2	2	0.00	0.00	0.92	0.69	0.00
2	6	0.00	0.01	5.24	90.60	0.00
3	3	0.00	0.00	0.20	1.08	0.00
3	7	0.01	0.25	1.12	29.31	0.00
Core	CPU	C1%	C3%	C6%	C8%	C9%
-	-	0.00	0.30	7.90	14.86	0.19
0	0	0.02	2.31	55.05	14.88	0.00
0	4	0.00	0.01	0.65	0.09	1.51
1	1	0.00	0.00	0.88	7.34	0.00
1	5	0.00	0.00	2.49	51.65	0.00
2	2	0.00	0.00	0.36	0.59	0.00
2	6	0.00	0.02	2.68	43.21	0.00
3	3	0.00	0.02	0.29	1.00	0.00
3	7	0.00	0.00	0.78	0.10	0.00
Core	CPU	C1%	C3%	C6%	C8%	C9%
-	-	0.00	0.33	7.87	14.36	0.14
0	0	0.04	2.59	54.09	15.71	0.00
0	4	0.00	0.00	0.94	0.20	1.09
1	1	0.00	0.00	1.79	1.39	0.00
1	5	0.00	0.02	1.92	21.16	0.00
2	2	0.00	0.01	0.19	0.99	0.00
2	6	0.00	0.00	3.19	73.37	0.00
3	3	0.00	0.00	0.52	1.27	0.00
3	7	0.00	0.00	0.33	0.79	0.00
Core	CPU	C1%	C3%	C6%	C8%	C9%
-	-	0.00	0.27	7.91	14.07	0.00
0	0	0.02	2.07	56.10	14.10	0.00
0	4	0.00	0.00	0.37	0.70	0.00
1	1	0.00	0.00	0.67	0.78	0.00
1	5	0.00	0.00	0.24	0.99	0.00
2	2	0.00	0.02	0.80	0.29	0.00
2	6	0.00	0.02	4.23	94.12	0.00
3	3	0.00	0.00	0.38	0.69	0.00
3	7	0.00	0.00	0.47	0.88	0.00
Core	CPU	C1%	C3%	C6%	C8%	C9%
-	-	0.00	0.25	8.09	14.40	0.00
0	0	0.02	2.00	56.00	14.35	0.00
0	4	0.00	0.00	0.67	0.30	0.00
1	1	0.00	0.00	0.56	4.18	0.00
1	5	0.00	0.00	0.33	0.79	0.00
2	2	0.00	0.00	0.83	0.52	0.00
2	6	0.00	0.01	5.34	93.05	0.00
3	3	0.00	0.00	0.30	0.89	0.00
3	7	0.00	0.00	0.68	1.09	0.00
Core	CPU	C1%	C3%	C6%	C8%	C9%
-	-	0.00	0.44	7.62	14.08	0.02
0	0	0.03	3.55	54.09	13.90	0.00
0	4	0.00	0.01	1.29	0.30	0.16
1	1	0.00	0.00	0.36	3.27	0.00
1	5	0.00	0.00	0.37	0.79	0.00
2	2	0.00	0.00	0.34	0.70	0.00
2	6	0.00	0.00	3.99	91.87	0.00
3	3	0.00	0.00	0.19	0.90	0.00
3	7	0.00	0.00	0.32	0.88	0.00
Core	CPU	C1%	C3%	C6%	C8%	C9%
-	-	0.00	0.26	8.32	14.09	0.00
0	0	0.03	2.04	56.33	13.90	0.00
0	4	0.00	0.03	1.39	0.62	0.00
1	1	0.00	0.01	0.58	1.30	0.00
1	5	0.00	0.00	1.18	1.48	0.00
2	2	0.00	0.00	0.38	1.09	0.00
2	6	0.00	0.00	4.61	93.78	0.00
3	3	0.00	0.00	1.03	0.30	0.00
3	7	0.00	0.02	1.06	0.30	0.00
Core	CPU	C1%	C3%	C6%	C8%	C9%
-	-	0.00	0.37	8.41	15.55	0.00
0	0	0.01	2.99	55.01	14.44	0.00
0	4	0.00	0.00	1.04	0.71	0.00
1	1	0.00	0.00	4.98	11.05	0.00
1	5	0.00	0.00	3.44	58.93	0.00
2	2	0.00	0.00	0.20	1.08	0.00
2	6	0.00	0.00	1.80	35.68	0.00
3	3	0.00	0.00	0.28	0.88	0.00
3	7	0.00	0.00	0.53	1.68	0.00
Core	CPU	C1%	C3%	C6%	C8%	C9%
-	-	0.00	0.30	7.98	13.91	0.00
0	0	0.02	2.38	57.36	12.61	0.00
0	4	0.00	0.00	0.90	0.21	0.00
1	1	0.00	0.00	0.28	1.38	0.00
1	5	0.00	0.00	0.37	0.98	0.00
2	2	0.00	0.00	0.15	0.69	0.00
2	6	0.00	0.00	4.11	94.32	0.00
3	3	0.00	0.01	0.30	0.40	0.00
3	7	0.00	0.00	0.42	0.69	0.00
Core	CPU	C1%	C3%	C6%	C8%	C9%
-	-	0.00	0.29	8.16	14.02	0.20
0	0	0.02	2.22	57.05	13.02	0.00
0	4	0.00	0.06	1.14	1.09	1.59
1	1	0.00	0.00	0.19	1.38	0.00
1	5	0.00	0.00	0.29	1.18	0.00
2	2	0.00	0.00	0.27	0.79	0.00
2	6	0.00	0.00	4.41	94.00	0.00
3	3	0.00	0.00	1.12	0.40	0.00
3	7	0.00	0.02	0.79	0.33	0.00
Core	CPU	C1%	C3%	C6%	C8%	C9%
-	-	0.00	0.31	7.71	14.44	0.46
0	0	0.02	2.41	52.90	15.32	0.00
0	4	0.00	0.03	1.65	1.19	3.65
1	1	0.00	0.04	1.62	3.85	0.00
1	5	0.00	0.00	0.31	1.09	0.00
2	2	0.00	0.00	0.10	0.99	0.00
2	6	0.00	0.00	4.42	91.18	0.00
3	3	0.00	0.00	0.27	1.08	0.00
3	7	0.00	0.02	0.41	0.80	0.00
Core	CPU	C1%	C3%	C6%	C8%	C9%
-	-	0.00	0.21	7.60	14.36	0.00
0	0	0.02	1.63	53.88	16.70	0.00
0	4	0.00	0.05	1.11	0.39	0.00
1	1	0.00	0.00	0.35	0.90	0.00
1	5	0.00	0.00	0.14	0.99	0.00
2	2	0.00	0.02	0.29	0.30	0.00
2	6	0.00	0.00	4.41	93.96	0.00
3	3	0.00	0.00	0.19	0.89	0.00
3	7	0.00	0.02	0.43	0.78	0.00
Core	CPU	C1%	C3%	C6%	C8%	C9%
-	-	0.00	0.69	8.07	14.51	0.00
0	0	0.02	1.79	42.24	14.94	0.00
0	4	0.00	0.06	0.63	0.61	0.00
1	1	0.00	3.66	15.27	2.82	0.00
1	5	0.00	0.00	0.37	0.89	0.00
2	2	0.00	0.00	0.26	0.99	0.00
2	6	0.00	0.00	4.30	93.99	0.00
3	3	0.00	0.02	0.39	1.00	0.00
3	7	0.00	0.01	1.13	0.82	0.00
Core	CPU	C1%	C3%	C6%	C8%	C9%
-	-	0.00	0.34	8.10	13.81	0.24
0	0	0.02	2.70	56.78	12.73	0.00
0	4	0.00	0.00	1.23	0.00	1.90
1	1	0.00	0.01	0.59	0.79	0.00
1	5	0.00	0.00	0.10	0.99	0.00
2	2	0.00	0.00	0.19	0.79	0.00
2	6	0.00	0.00	4.89	93.40	0.00
3	3	0.00	0.00	0.25	0.99	0.00
3	7	0.00	0.03	0.77	0.80	0.00
Core	CPU	C1%	C3%	C6%	C8%	C9%
-	-	0.00	0.28	8.00	14.34	0.00
0	0	0.02	2.14	55.89	14.34	0.00
0	4	0.00	0.04	0.85	0.89	0.00
1	1	0.00	0.00	0.43	2.47	0.00
1	5	0.00	0.00	0.31	1.20	0.00
2	2	0.00	0.02	0.38	1.10	0.00
2	6	0.00	0.00	5.35	92.93	0.00
3	3	0.00	0.00	0.28	1.09	0.00
3	7	0.00	0.01	0.52	0.69	0.00
Core	CPU	C1%	C3%	C6%	C8%	C9%
-	-	0.00	0.32	7.39	14.00	0.44
0	0	0.03	2.52	52.88	15.10	0.00
0	4	0.00	0.03	0.76	0.89	3.49
1	1	0.00	0.00	0.28	1.08	0.00
1	5	0.00	0.00	2.53	56.97	0.00
2	2	0.00	0.00	0.24	1.09	0.00
2	6	0.00	0.00	1.91	35.31	0.00
3	3	0.00	0.00	0.10	0.78	0.00
3	7	0.00	0.00	0.37	0.82	0.00
Core	CPU	C1%	C3%	C6%	C8%	C9%
-	-	0.00	0.32	8.05	14.21	0.00
0	0	0.01	2.47	57.99	11.95	0.00
0	4	0.00	0.07	0.87	0.10	0.00
1	1	0.00	0.00	0.19	4.21	0.00
1	5	0.00	0.00	4.25	94.18	0.00
2	2	0.00	0.00	0.37	0.89	0.00
2	6	0.00	0.00	0.24	0.88	0.00
3	3	0.00	0.00	0.23	0.40	0.00
3	7	0.00	0.00	0.26	1.09	0.00
Core	CPU	C1%	C3%	C6%	C8%	C9%
-	-	0.00	0.33	7.92	14.46	0.19
0	0	0.01	2.55	52.40	17.26	0.00
0	4	0.00	0.01	1.04	0.30	1.51
1	1	0.00	0.00	1.02	0.90	0.00
1	5	0.00	0.04	5.23	62.13	0.00
2	2	0.00	0.00	0.30	1.28	0.00
2	6	0.00	0.02	2.63	31.77	0.00
3	3	0.00	0.00	0.46	1.08	0.00
3	7	0.00	0.00	0.28	0.98	0.00
Core	CPU	C1%	C3%	C6%	C8%	C9%
-	-	0.00	0.28	8.42	14.11	0.00
0	0	0.02	2.24	57.05	13.06	0.00
0	4	0.00	0.01	1.27	0.00	0.00
1	1	0.00	0.01	0.87	1.19	0.00
1	5	0.00	0.00	1.23	8.09	0.00
2	2	0.00	0.00	1.21	0.60	0.00
2	6	0.00	0.01	5.06	87.44	0.00
3	3	0.00	0.00	0.10	0.89	0.00
3	7	0.00	0.00	0.60	1.62	0.00
Core	CPU	C1%	C3%	C6%	C8%	C9%
-	-	0.00	0.30	8.22	13.99	0.00
0	0	0.02	2.30	57.79	12.28	0.00
0	4	0.00	0.03	1.29	0.60	0.00
1	1	0.00	0.00	0.79	0.79	0.00
1	5	0.00	0.00	0.39	1.18	0.00
2	2	0.00	0.00	0.26	1.08	0.00
2	6	0.00	0.02	4.69	93.72	0.00
3	3	0.00	0.02	0.29	1.10	0.00
3	7	0.00	0.00	0.30	1.19	0.00
Core	CPU	C1%	C3%	C6%	C8%	C9%
-	-	0.08	0.51	7.94	13.39	0.34
0	0	0.02	3.99	55.53	11.94	0.00
0	4	0.00	0.05	1.23	0.59	2.75
1	1	0.00	0.00	1.02	0.20	0.00
1	5	0.59	0.01	0.59	0.00	0.00
2	2	0.00	0.00	0.30	0.88	0.00
2	6	0.00	0.00	4.26	91.51	0.00
3	3	0.00	0.00	0.36	0.89	0.00
3	7	0.00	0.00	0.27	1.12	0.00
Core	CPU	C1%	C3%	C6%	C8%	C9%
-	-	0.09	0.33	8.80	15.72	0.49
0	0	0.01	2.64	56.58	13.17	0.00
0	4	0.00	0.00	1.08	0.59	3.91
1	1	0.68	0.00	6.06	15.48	0.00
1	5	0.00	0.00	0.63	0.69	0.00
2	2	0.00	0.02	0.69	0.10	0.00
2	6	0.00	0.00	4.67	93.76	0.00
3	3	0.00	0.00	0.28	0.99	0.00
3	7	0.00	0.00	0.39	0.99	0.00
Core	CPU	C1%	C3%	C6%	C8%	C9%
-	-	0.00	0.34	7.66	15.11	0.00
0	0	0.02	2.69	53.69	15.82	0.00
0	4	0.00	0.01	0.69	0.89	0.00
1	1	0.00	0.00	1.07	3.57	0.00
1	5	0.00	0.00	2.27	36.12	0.00
2	2	0.00	0.00	0.15	0.50	0.00
2	6	0.00	0.00	3.00	57.78	0.00
3	3	0.00	0.00	0.17	0.99	0.00
3	7	0.00	0.04	0.38	5.43	0.00
Core	CPU	C1%	C3%	C6%	C8%	C9%
-	-	0.00	0.30	8.55	17.15	0.00
0	0	0.01	1.94	53.51	15.49	0.02
0	4	0.00	0.27	5.38	2.58	0.00
1	1	0.00	0.00	1.02	1.20	0.00
1	5	0.00	0.01	6.05	92.29	0.00
2	2	0.00	0.00	0.20	0.99	0.00
2	6	0.00	0.00	0.77	0.61	0.00
3	3	0.00	0.02	0.30	0.40	0.00
3	7	0.01	0.15	1.04	23.43	0.00
Core	CPU	C1%	C3%	C6%	C8%	C9%
-	-	0.00	0.24	7.59	14.34	1.16
0	0	0.01	1.88	52.53	17.88	0.00
0	4	0.00	0.02	0.55	0.91	9.31
1	1	0.00	0.00	0.18	0.79	0.00
1	5	0.00	0.00	5.41	92.86	0.00
2	2	0.00	0.00	0.35	0.50	0.00
2	6	0.00	0.00	0.33	0.99	0.00
3	3	0.00	0.00	0.69	0.29	0.00
3	7	0.00	0.00	0.68	0.50	0.00
Core	CPU	C1%	C3%	C6%	C8%	C9%
-	-	0.00	0.47	7.81	13.99	0.43
0	0	0.03	3.77	54.50	13.37	0.00
0	4	0.00	0.01	0.62	0.50	3.42
1	1	0.00	0.00	0.17	1.92	0.00
1	5	0.00	0.00	4.72	91.09	0.00
2	2	0.00	0.00	0.95	1.19	0.00
2	6	0.00	0.00	0.34	1.38	0.00
3	3	0.00	0.01	0.91	0.99	0.00
3	7	0.00	0.00	0.29	1.48	0.00
Core	CPU	C1%	C3%	C6%	C8%	C9%
-	-	0.00	0.37	8.46	14.00	0.27
0	0	0.01	2.97	58.97	10.53	0.00
0	4	0.00	0.01	0.97	0.18	2.20
1	1	0.00	0.00	1.22	4.29	0.00
1	5	0.00	0.01	5.36	93.07	0.00
2	2	0.00	0.00	0.19	0.79	0.00
2	6	0.00	0.00	0.28	1.09	0.00
3	3	0.00	0.00	0.46	1.18	0.00
3	7	0.00	0.00	0.23	0.89	0.00
Core	CPU	C1%	C3%	C6%	C8%	C9%
-	-	0.03	0.45	9.25	16.79	0.49
0	0	0.01	3.43	55.33	13.81	0.00
0	4	0.00	0.04	0.94	0.67	2.30
1	1	0.19	0.00	9.91	21.58	0.00
1	5	0.00	0.01	5.48	92.81	0.00
2	2	0.00	0.10	0.92	0.80	0.00
2	6	0.00	0.00	0.21	1.59	0.00
3	3	0.00	0.00	0.84	2.16	1.63
3	7	0.00	0.05	0.37	0.89	0.00
Core	CPU	C1%	C3%	C6%	C8%	C9%
-	-	0.00	1.72	9.44	13.25	2.12
0	0	0.00	1.03	16.11	9.27	0.02
0	4	0.00	0.00	1.13	0.58	15.84
1	1	0.00	0.00	0.48	0.70	0.00
1	5	0.00	0.00	5.82	92.64	0.00
2	2	0.01	9.96	39.43	0.00	0.00
2	6	0.00	2.73	11.95	1.30	1.08
3	3	0.00	0.02	0.29	0.70	0.00
3	7	0.00	0.00	0.29	0.79	0.00
Core	CPU	C1%	C3%	C6%	C8%	C9%
-	-	0.01	0.26	7.97	14.14	0.07
0	0	0.01	2.09	55.16	15.08	0.00
0	4	0.00	0.01	1.09	0.31	0.58
1	1	0.00	0.01	0.47	3.95	0.00
1	5	0.06	0.00	5.39	90.76	0.00
2	2	0.00	0.00	0.75	0.49	0.00
2	6	0.00	0.00	0.40	0.88	0.00
3	3	0.00	0.00	0.25	0.89	0.00
3	7	0.00	0.00	0.22	0.79	0.00
Core	CPU	C1%	C3%	C6%	C8%	C9%
-	-	0.01	0.70	8.26	13.68	0.00
0	0	0.01	3.43	46.63	13.49	0.00
0	4	0.00	0.09	2.13	0.30	0.00
1	1	0.00	0.00	1.24	2.26	0.00
1	5	0.00	0.04	1.92	13.67	0.00
2	2	0.06	0.01	4.84	77.56	0.00
2	6	0.01	2.03	8.74	0.00	0.00
3	3	0.00	0.00	0.37	1.18	0.00
3	7	0.00	0.00	0.17	0.99	0.00
Core	CPU	C1%	C3%	C6%	C8%	C9%
-	-	0.00	0.31	7.97	14.00	0.00
0	0	0.02	2.43	56.15	13.69	0.00
0	4	0.00	0.04	1.02	0.00	0.00
1	1	0.00	0.00	0.23	0.50	0.00
1	5	0.00	0.03	0.29	0.60	0.00
2	2	0.00	0.00	4.35	94.09	0.00
2	6	0.00	0.00	0.69	0.79	0.00
3	3	0.00	0.00	0.56	1.19	0.00
3	7	0.00	0.00	0.49	1.18	0.00
Core	CPU	C1%	C3%	C6%	C8%	C9%
-	-	0.00	0.30	7.35	14.99	0.11
0	0	0.03	2.20	51.05	18.95	0.00
0	4	0.00	0.06	1.41	0.32	0.00
1	1	0.00	0.00	0.27	2.35	0.00
1	5	0.00	0.00	0.44	1.19	0.00
2	2	0.00	0.00	4.35	94.03	0.00
2	6	0.00	0.12	0.29	1.03	0.00
3	3	0.00	0.00	0.56	1.28	0.90
3	7	0.00	0.00	0.46	0.79	0.00
Core	CPU	C1%	C3%	C6%	C8%	C9%
-	-	0.00	1.86	9.40	12.58	0.00
0	0	0.00	0.29	12.11	4.44	0.02
0	4	0.00	0.06	1.14	0.49	0.00
1	1	0.00	0.00	0.19	0.89	0.00
1	5	0.00	0.00	0.31	0.60	0.00
2	2	0.00	0.01	5.47	93.12	0.00
2	6	0.04	14.49	55.59	0.00	0.00
3	3	0.00	0.02	0.29	0.31	0.00
3	7	0.00	0.00	0.09	0.82	0.00
Core	CPU	C1%	C3%	C6%	C8%	C9%
-	-	0.00	2.10	13.56	6.32	7.18
0	0	0.00	2.13	47.60	31.07	0.02
0	4	0.00	0.03	1.12	0.54	57.44
1	1	0.00	0.01	1.52	1.38	0.00
1	5	0.00	0.02	0.68	0.20	0.00
2	2	0.00	0.00	1.43	15.79	0.00
2	6	0.03	14.62	55.37	0.00	0.00
3	3	0.00	0.00	0.55	0.70	0.00
3	7	0.00	0.02	0.23	0.90	0.00
Core	CPU	C1%	C3%	C6%	C8%	C9%
-	-	0.00	0.38	7.56	14.64	1.33
0	0	0.02	2.97	51.59	16.16	0.00
0	4	0.00	0.05	1.19	0.89	10.67
1	1	0.00	0.01	0.85	5.66	0.00
1	5	0.00	0.00	0.55	0.79	0.00
2	2	0.00	0.00	1.83	39.97	0.00
2	6	0.00	0.00	1.09	0.79	0.00
3	3	0.00	0.00	2.64	52.16	0.00
3	7	0.00	0.01	0.72	0.67	0.00
Core	CPU	C1%	C3%	C6%	C8%	C9%
-	-	0.00	0.17	7.46	14.59	0.00
0	0	0.03	1.33	51.49	19.26	0.00
0	4	0.00	0.00	1.10	0.40	0.00
1	1	0.00	0.00	0.78	0.69	0.00
1	5	0.00	0.00	0.28	0.79	0.00
2	2	0.00	0.00	0.91	14.38	0.00
2	6	0.00	0.00	0.25	0.49	0.00
3	3	0.00	0.00	3.98	80.22	0.00
3	7	0.00	0.00	0.91	0.50	0.00
Core	CPU	C1%	C3%	C6%	C8%	C9%
-	-	0.00	0.38	7.82	14.19	0.00
0	0	0.02	2.92	55.53	14.52	0.00
0	4	0.00	0.09	0.97	0.00	0.00
1	1	0.00	0.00	0.22	1.19	0.00
1	5	0.00	0.02	0.16	0.99	0.00
2	2	0.00	0.00	0.10	0.80	0.00
2	6	0.00	0.00	0.23	1.58	0.00
3	3	0.00	0.01	5.07	93.22	0.00
3	7	0.00	0.00	0.28	1.22	0.00
Core	CPU	C1%	C3%	C6%	C8%	C9%
-	-	0.00	0.35	8.39	15.22	1.14
0	0	0.01	2.75	56.77	12.84	0.00
0	4	0.00	0.00	1.10	0.40	9.15
1	1	0.00	0.03	1.76	10.89	0.00
1	5	0.00	0.00	0.55	0.69	0.00
2	2	0.00	0.00	0.91	0.69	0.00
2	6	0.00	0.00	0.60	0.49	0.00
3	3	0.00	0.00	4.74	93.66	0.00
3	7	0.00	0.00	0.71	2.07	0.00
Core	CPU	C1%	C3%	C6%	C8%	C9%
-	-	0.01	0.97	8.22	13.94	0.03
0	0	0.01	1.41	31.73	8.83	0.25
0	4	0.00	0.05	1.29	0.20	0.00
1	1	0.00	0.00	0.67	6.34	0.00
1	5	0.00	0.00	0.27	0.89	0.00
2	2	0.00	0.00	2.20	42.96	0.00
2	6	0.00	0.00	0.14	0.79	0.00
3	3	0.11	6.29	29.14	49.81	0.00
3	7	0.00	0.00	0.33	1.68	0.00
Core	CPU	C1%	C3%	C6%	C8%	C9%
-	-	0.03	1.92	8.68	12.06	0.03
0	0	0.00	0.06	8.97	1.38	0.26
0	4	0.00	0.02	1.16	0.19	0.00
1	1	0.00	0.00	0.41	0.90	0.00
1	5	0.00	0.00	0.18	1.00	0.00
2	2	0.00	0.00	4.51	91.70	0.00
2	6	0.00	0.00	0.27	0.80	0.00
3	3	0.28	15.27	53.70	0.00	0.00
3	7	0.00	0.00	0.27	0.55	0.00
Core	CPU	C1%	C3%	C6%	C8%	C9%
-	-	0.03	1.81	9.06	12.87	0.02
0	0	0.00	0.09	9.07	3.19	0.15
0	4	0.00	0.01	0.86	1.01	0.00
1	1	0.00	0.00	0.54	1.39	0.00
1	5	0.00	0.00	0.33	1.50	0.00
2	2	0.00	0.03	5.06	93.58	0.00
2	6	0.00	0.00	0.28	1.20	0.00
3	3	0.28	14.31	55.89	0.00	0.00
3	7	0.00	0.01	0.47	1.09	0.00
Core	CPU	C1%	C3%	C6%	C8%	C9%
-	-	0.00	0.39	8.23	14.16	0.87
0	0	0.02	3.06	56.91	12.46	0.00
0	4	0.00	0.02	0.85	0.79	6.05
1	1	0.00	0.03	0.82	3.07	0.00
1	5	0.00	0.00	0.42	0.89	0.00
2	2	0.00	0.00	3.02	43.62	0.90
2	6	0.00	0.00	0.15	0.59	0.00
3	3	0.00	0.02	3.15	50.52	0.00
3	7	0.00	0.00	0.57	1.32	0.00
Core	CPU	C1%	C3%	C6%	C8%	C9%
-	-	0.00	0.23	7.91	14.17	0.00
0	0	0.01	1.82	54.97	15.46	0.00
0	4	0.00	0.01	0.90	0.11	0.00
1	1	0.00	0.00	0.49	1.48	0.00
1	5	0.00	0.00	0.37	1.09	0.00
2	2	0.00	0.00	0.55	0.69	0.00
2	6	0.00	0.00	0.33	0.99	0.00
3	3	0.00	0.02	5.51	92.83	0.00
3	7	0.00	0.00	0.17	0.73	0.00
Core	CPU	C1%	C3%	C6%	C8%	C9%
-	-	0.00	0.26	7.73	14.46	0.60
0	0	0.02	2.01	53.91	16.27	0.00
0	4	0.00	0.03	1.22	0.38	4.78
1	1	0.00	0.00	0.20	1.09	0.00
1	5	0.00	0.00	0.29	1.18	0.00
2	2	0.00	0.00	0.27	1.09	0.00
2	6	0.00	0.00	0.36	1.09	0.00
3	3	0.00	0.00	4.89	93.45	0.00
3	7	0.00	0.00	0.71	1.12	0.00
Core	CPU	C1%	C3%	C6%	C8%	C9%
-	-	0.01	0.55	7.39	17.86	0.40
0	0	0.03	4.04	51.15	16.57	0.00
0	4	0.00	0.18	1.18	0.77	3.17
1	1	0.00	0.00	0.21	1.97	0.00
1	5	0.00	0.00	0.13	0.99	0.00
2	2	0.00	0.00	2.28	43.38	0.00
2	6	0.00	0.00	0.29	1.19	0.00
3	3	0.00	0.02	2.67	48.87	0.00
3	7	0.01	0.14	1.19	29.15	0.00
Core	CPU	C1%	C3%	C6%	C8%	C9%
-	-	0.03	1.83	9.46	12.43	0.03
0	0	0.00	0.16	11.96	1.50	0.24
0	4	0.00	0.03	1.15	0.79	0.00
1	1	0.09	0.00	0.77	1.59	0.00
1	5	0.00	0.00	0.46	0.79	0.00
2	2	0.00	0.00	4.76	93.75	0.00
2	6	0.00	0.00	0.13	0.60	0.00
3	3	0.18	14.48	55.89	0.00	0.00
3	7	0.00	0.00	0.57	0.40	0.00
