Core	CPU	C1%	C3%	C6%	C8%	C9%
-	-	0.08	0.16	9.24	3.87	0.00
0	0	0.08	0.30	64.12	22.19	0.00
0	4	0.00	0.00	0.04	0.69	0.00
1	1	0.00	0.02	1.27	2.55	0.00
1	5	0.60	0.06	1.77	1.18	0.00
2	2	0.00	0.04	1.74	0.89	0.00
2	6	0.00	0.07	1.58	1.29	0.00
3	3	0.00	0.00	1.59	0.69	0.00
3	7	0.00	0.81	1.60	1.43	0.00
Core	CPU	C1%	C3%	C6%	C8%	C9%
-	-	0.01	0.04	8.64	3.30	0.00
0	0	0.07	0.26	65.14	21.71	0.00
0	4	0.00	0.00	0.66	0.21	0.00
1	1	0.00	0.00	0.62	0.60	0.00
1	5	0.00	0.00	0.34	0.89	0.00
2	2	0.00	0.00	0.73	0.59	0.00
2	6	0.00	0.08	1.19	0.59	0.00
3	3	0.00	0.00	0.19	0.90	0.00
3	7	0.00	0.00	0.28	0.89	0.00
Core	CPU	C1%	C3%	C6%	C8%	C9%
-	-	0.01	0.06	9.17	3.41	0.00
0	0	0.07	0.35	65.45	21.23	0.00
0	4	0.00	0.00	0.65	0.29	0.00
1	1	0.00	0.01	1.26	1.09	0.00
1	5	0.00	0.00	0.96	0.89	0.00
2	2	0.00	0.02	0.52	1.59	0.00
2	6	0.00	0.06	1.44	0.60	0.00
3	3	0.00	0.03	1.77	0.70	0.00
3	7	0.00	0.00	1.27	0.92	0.00
Core	CPU	C1%	C3%	C6%	C8%	C9%
-	-	0.02	0.03	8.65	3.27	0.00
0	0	0.06	0.15	64.98	21.96	0.00
0	4	0.07	0.01	0.83	0.39	0.00
1	1	0.00	0.02	0.39	0.72	0.00
1	5	0.00	0.00	0.19	0.30	0.00
2	2	0.00	0.00	0.48	0.30	0.00
2	6	0.00	0.02	1.37	0.60	0.00
3	3	0.00	0.00	0.58	1.29	0.00
3	7	0.00	0.00	0.41	0.60	0.00
Core	CPU	C1%	C3%	C6%	C8%	C9%
-	-	0.01	0.22	8.71	6.57	1.05
0	0	0.05	1.42	63.35	19.49	0.00
0	4	0.00	0.00	1.13	0.10	8.39
1	1	0.00	0.00	0.50	1.49	0.00
1	5	0.00	0.00	0.42	1.78	0.00
2	2	0.00	0.04	1.09	1.70	0.00
2	6	0.00	0.00	0.10	1.09	0.00
3	3	0.00	0.01	0.29	1.07	0.00
3	7	0.01	0.26	2.78	25.81	0.00
Core	CPU	C1%	C3%	C6%	C8%	C9%
-	-	0.01	0.02	8.58	3.53	0.00
0	0	0.07	0.16	65.27	21.63	0.00
0	4	0.00	0.00	0.71	0.81	0.00
1	1	0.00	0.01	0.28	1.26	0.00
1	5	0.00	0.00	0.36	0.79	0.00
2	2	0.00	0.00	0.42	1.78	0.00
2	6	0.00	0.00	0.23	0.99	0.00
3	3	0.00	0.00	0.70	0.40	0.00
3	7	0.00	0.00	0.67	0.59	0.00
Core	CPU	C1%	C3%	C6%	C8%	C9%
-	-	0.13	0.06	9.12	3.03	0.11
0	0	0.06	0.38	65.01	21.52	0.00
0	4	0.68	0.00	0.95	0.40	0.00
1	1	0.00	0.02	0.48	0.20	0.00
1	5	0.00	0.00	0.69	0.09	0.00
2	2	0.01	0.01	1.22	0.93	0.00
2	6	0.00	0.00	0.83	0.10	0.00
3	3	0.00	0.02	1.88	0.10	0.00
3	7	0.30	0.02	1.93	0.89	0.91
Core	CPU	C1%	C3%	C6%	C8%	C9%
-	-	0.01	0.03	8.56	3.04	1.78
0	0	0.07	0.27	65.25	21.52	0.00
0	4	0.00	0.00	0.77	0.20	14.22
1	1	0.00	0.00	0.54	0.00	0.00
1	5	0.00	0.00	0.13	0.40	0.00
2	2	0.00	0.00	0.50	0.00	0.00
2	6	0.00	0.00	0.30	0.88	0.00
3	3	0.00	0.00	0.66	0.57	0.00
3	7	0.00	0.00	0.36	0.78	0.00
Core	CPU	C1%	C3%	C6%	C8%	C9%
-	-	0.01	0.02	8.51	3.46	0.00
0	0	0.08	0.14	65.07	21.83	0.00
0	4	0.00	0.00	0.99	0.70	0.00
1	1	0.00	0.00	0.52	0.50	0.00
1	5	0.00	0.00	0.35	0.99	0.00
2	2	0.00	0.00	0.33	1.09	0.00
2	6	0.00	0.02	0.29	0.90	0.00
3	3	0.00	0.00	0.19	0.95	0.00
3	7	0.00	0.00	0.37	0.69	0.00
Core	CPU	C1%	C3%	C6%	C8%	C9%
-	-	0.01	0.03	8.21	3.44	0.87
0	0	0.05	0.19	62.84	21.09	3.37
0	4	0.00	0.00	0.71	0.20	0.00
1	1	0.00	0.00	0.38	0.90	0.00
1	5	0.00	0.00	0.36	1.09	0.00
2	2	0.00	0.00	0.25	1.09	0.00
2	6	0.00	0.00	0.53	1.20	0.00
3	3	0.00	0.02	0.38	0.92	0.00
3	7	0.00	0.01	0.19	1.00	3.56
Core	CPU	C1%	C3%	C6%	C8%	C9%
-	-	0.01	0.07	8.61	3.46	0.00
0	0	0.06	0.56	65.64	20.85	0.00
0	4	0.01	0.01	0.75	0.20	0.00
1	1	0.00	0.00	0.62	0.00	0.00
1	5	0.00	0.00	0.59	0.00	0.00
2	2	0.00	0.00	0.20	2.32	0.00
2	6	0.00	0.00	0.38	1.18	0.00
3	3	0.00	0.00	0.54	2.17	0.00
3	7	0.00	0.00	0.13	0.99	0.00
Core	CPU	C1%	C3%	C6%	C8%	C9%
-	-	0.01	0.13	8.54	3.64	0.00
0	0	0.06	0.19	64.34	21.72	0.00
0	4	0.00	0.03	1.24	0.00	0.00
1	1	0.00	0.82	1.18	1.87	0.00
1	5	0.00	0.00	0.14	0.99	0.00
2	2	0.00	0.02	0.39	1.90	0.00
2	6	0.00	0.00	0.26	0.90	0.00
3	3	0.00	0.00	0.38	0.89	0.00
3	7	0.00	0.00	0.41	0.87	0.00
Core	CPU	C1%	C3%	C6%	C8%	C9%
-	-	0.01	0.04	8.60	3.38	0.00
0	0	0.05	0.27	65.37	21.44	0.00
0	4	0.00	0.00	0.91	0.00	0.00
1	1	0.00	0.00	0.28	0.99	0.00
1	5	0.00	0.00	1.15	0.99	0.00
2	2	0.00	0.00	0.34	0.80	0.00
2	6	0.00	0.00	0.23	1.13	0.00
3	3	0.00	0.01	0.20	0.89	0.00
3	7	0.00	0.00	0.29	0.78	0.00
Core	CPU	C1%	C3%	C6%	C8%	C9%
-	-	0.01	0.05	8.62	3.39	0.31
0	0	0.06	0.34	65.23	21.53	0.00
0	4	0.00	0.04	0.94	0.20	2.49
1	1	0.00	0.00	0.00	0.50	0.00
1	5	0.00	0.00	0.19	0.99	0.00
2	2	0.00	0.00	0.26	0.89	0.00
2	6	0.00	0.00	0.59	0.89	0.00
3	3	0.00	0.00	0.96	1.37	0.00
3	7	0.00	0.01	0.80	0.78	0.00
Core	CPU	C1%	C3%	C6%	C8%	C9%
-	-	0.01	0.04	8.32	3.48	0.44
0	0	0.06	0.30	63.01	20.75	0.00
0	4	0.00	0.04	1.23	0.10	0.00
1	1	0.00	0.00	0.31	0.60	0.00
1	5	0.00	0.00	0.19	1.87	0.00
2	2	0.00	0.00	0.39	1.58	0.00
2	6	0.00	0.00	0.34	1.18	0.00
3	3	0.00	0.00	0.90	0.89	0.00
3	7	0.00	0.00	0.23	0.89	3.53
Core	CPU	C1%	C3%	C6%	C8%	C9%
-	-	0.01	0.03	8.45	3.63	0.00
0	0	0.07	0.18	65.30	21.62	0.00
0	4	0.00	0.02	0.74	0.31	0.00
1	1	0.00	0.00	0.15	0.40	0.00
1	5	0.00	0.00	0.23	1.41	0.00
2	2	0.00	0.00	0.20	0.89	0.00
2	6	0.00	0.00	0.23	1.77	0.00
3	3	0.00	0.00	0.38	1.57	0.00
3	7	0.00	0.00	0.35	1.10	0.00
Core	CPU	C1%	C3%	C6%	C8%	C9%
-	-	0.01	0.03	8.59	3.31	0.00
0	0	0.06	0.21	64.61	21.27	0.00
0	4	0.00	0.01	1.10	0.18	0.00
1	1	0.00	0.00	0.29	0.89	0.00
1	5	0.00	0.00	0.33	0.90	0.00
2	2	0.00	0.00	0.92	0.40	0.00
2	6	0.00	0.01	0.89	0.79	0.00
3	3	0.00	0.00	0.20	1.09	0.00
3	7	0.00	0.01	0.37	0.98	0.00
Core	CPU	C1%	C3%	C6%	C8%	C9%
-	-	0.01	0.04	8.65	3.33	0.00
0	0	0.05	0.29	65.42	21.42	0.00
0	4	0.00	0.00	1.04	0.00	0.00
1	1	0.00	0.00	0.29	0.99	0.00
1	5	0.00	0.00	0.37	0.59	0.00
2	2	0.00	0.00	0.36	1.09	0.00
2	6	0.00	0.00	0.34	0.99	0.00
3	3	0.00	0.02	0.30	1.09	0.00
3	7	0.00	0.00	1.09	0.49	0.00
Core	CPU	C1%	C3%	C6%	C8%	C9%
-	-	0.01	0.08	8.79	3.67	0.00
0	0	0.06	0.62	65.49	20.94	0.00
0	4	0.00	0.04	1.30	0.37	0.00
1	1	0.00	0.00	0.52	0.20	0.00
1	5	0.00	0.00	0.79	1.72	0.00
2	2	0.00	0.00	0.40	0.88	0.00
2	6	0.00	0.00	0.48	1.28	0.00
3	3	0.00	0.00	1.15	2.57	0.00
3	7	0.00	0.00	0.23	1.38	0.00
Core	CPU	C1%	C3%	C6%	C8%	C9%
-	-	0.01	0.07	8.23	3.42	0.42
0	0	0.05	0.57	62.59	20.98	3.36
0	4	0.00	0.00	0.88	0.41	0.00
1	1	0.00	0.00	0.35	0.79	0.00
1	5	0.00	0.00	0.44	1.09	0.00
2	2	0.00	0.02	0.30	1.00	0.00
2	6	0.00	0.00	0.20	0.99	0.00
3	3	0.00	0.00	0.57	1.19	0.00
3	7	0.01	0.00	0.49	0.87	0.02
Core	CPU	C1%	C3%	C6%	C8%	C9%
-	-	0.01	0.05	8.46	3.52	0.00
0	0	0.06	0.36	65.41	21.38	0.00
0	4	0.00	0.01	0.92	0.10	0.00
1	1	0.00	0.00	0.20	1.56	0.00
1	5	0.00	0.00	0.28	0.70	0.00
2	2	0.00	0.00	0.26	0.98	0.00
2	6	0.00	0.00	0.24	1.09	0.00
3	3	0.00	0.02	0.30	1.03	0.00
3	7	0.00	0.00	0.10	1.28	0.00
Core	CPU	C1%	C3%	C6%	C8%	C9%
-	-	0.01	0.07	8.47	3.24	0.12
0	0	0.06	0.52	64.34	21.35	0.94
0	4	0.00	0.00	0.94	0.00	0.00
1	1	0.00	0.00	0.39	0.11	0.00
1	5	0.00	0.00	0.49	0.70	0.00
2	2	0.00	0.01	0.27	1.19	0.00
2	6	0.00	0.00	0.35	0.99	0.00
3	3	0.00	0.00	0.23	0.89	0.00
3	7	0.00	0.03	0.73	0.73	0.00
Core	CPU	C1%	C3%	C6%	C8%	C9%
-	-	0.01	0.05	8.64	3.27	0.00
0	0	0.05	0.38	65.43	21.27	0.00
0	4	0.00	0.00	0.78	0.20	0.00
1	1	0.00	0.00	0.44	0.50	0.00
1	5	0.00	0.00	0.31	0.50	0.00
2	2	0.00	0.00	0.70	0.00	0.00
2	6	0.00	0.00	0.20	1.18	0.00
3	3	0.00	0.00	1.02	1.54	0.00
3	7	0.00	0.00	0.26	0.98	0.00
Core	CPU	C1%	C3%	C6%	C8%	C9%
-	-	0.01	0.05	8.52	3.42	0.00
0	0	0.06	0.36	65.20	21.51	0.00
0	4	0.00	0.00	1.41	0.09	0.00
1	1	0.00	0.00	0.28	1.08	0.00
1	5	0.00	0.00	0.36	0.79	0.00
2	2	0.00	0.00	0.15	0.99	0.00
2	6	0.00	0.00	0.23	1.19	0.00
3	3	0.00	0.00	0.28	0.94	0.00
3	7	0.00	0.00	0.29	0.79	0.00
Core	CPU	C1%	C3%	C6%	C8%	C9%
-	-	0.00	0.06	8.42	3.55	0.00
0	0	0.04	0.51	63.44	20.17	0.00
0	4	0.00	0.00	0.83	0.30	0.00
1	1	0.00	0.00	0.49	0.70	0.00
1	5	0.00	0.00	0.67	2.18	0.00
2	2	0.00	0.00	0.36	1.19	0.00
2	6	0.00	0.00	0.54	1.19	0.00
3	3	0.00	0.00	0.51	1.11	0.00
3	7	0.00	0.00	0.52	1.58	0.00
Core	CPU	C1%	C3%	C6%	C8%	C9%
-	-	0.02	0.06	8.42	3.36	0.00
0	0	0.05	0.39	65.40	21.28	0.00
0	4	0.07	0.06	0.46	0.88	0.00
1	1	0.00	0.00	0.14	0.89	0.00
1	5	0.00	0.00	0.17	0.50	0.00
2	2	0.00	0.00	0.09	0.60	0.00
2	6	0.00	0.00	0.39	0.79	0.00
3	3	0.00	0.00	0.26	0.96	0.00
3	7	0.00	0.00	0.43	0.99	0.00
Core	CPU	C1%	C3%	C6%	C8%	C9%
-	-	0.01	0.17	8.64	7.02	0.32
0	0	0.03	1.23	64.18	21.17	0.00
0	4	0.00	0.00	0.90	0.00	1.67
1	1	0.00	0.00	0.43	1.39	0.00
1	5	0.00	0.00	1.24	0.99	0.00
2	2	0.00	0.00	0.22	1.09	0.00
2	6	0.00	0.00	0.25	0.99	0.89
3	3	0.00	0.00	0.51	1.74	0.00
3	7	0.01	0.14	1.42	28.80	0.00
Core	CPU	C1%	C3%	C6%	C8%	C9%
-	-	0.01	0.05	8.67	3.11	0.00
0	0	0.05	0.36	65.25	21.47	0.00
0	4	0.00	0.02	0.90	0.10	0.00
1	1	0.00	0.00	0.20	0.60	0.00
1	5	0.00	0.00	0.19	1.09	0.00
2	2	0.00	0.00	0.75	0.40	0.00
2	6	0.00	0.03	0.93	0.39	0.00
3	3	0.00	0.00	0.41	0.42	0.00
3	7	0.00	0.00	0.70	0.39	0.00
Core	CPU	C1%	C3%	C6%	C8%	C9%
-	-	0.02	0.02	8.51	3.47	0.00
0	0	0.05	0.12	65.16	21.86	0.00
0	4	0.00	0.01	0.86	0.10	0.00
1	1	0.00	0.00	0.32	0.81	0.00
1	5	0.00	0.02	0.28	0.71	0.00
2	2	0.10	0.00	0.26	1.31	0.00
2	6	0.00	0.00	0.47	0.90	0.00
3	3	0.00	0.00	0.44	0.89	0.00
3	7	0.00	0.00	0.33	1.20	0.00
Core	CPU	C1%	C3%	C6%	C8%	C9%
-	-	0.01	0.08	8.32	3.33	0.62
0	0	0.04	0.52	63.13	20.40	0.00
0	4	0.07	0.09	1.22	0.00	1.45
1	1	0.00	0.00	0.26	1.09	0.00
1	5	0.00	0.00	0.24	0.99	0.00
2	2	0.00	0.02	0.79	0.59	0.00
2	6	0.00	0.00	0.20	1.19	0.00
3	3	0.00	0.01	0.38	1.35	0.00
3	7	0.00	0.00	0.37	0.98	3.51
Core	CPU	C1%	C3%	C6%	C8%	C9%
-	-	0.01	0.05	8.60	3.34	0.00
0	0	0.04	0.37	65.21	21.48	0.00
0	4	0.00	0.00	0.71	0.09	0.00
1	1	0.00	0.00	0.39	0.89	0.00
1	5	0.00	0.00	0.46	0.99	0.00
2	2	0.00	0.00	0.54	0.50	0.00
2	6	0.00	0.00	0.37	1.17	0.00
3	3	0.00	0.01	0.85	0.84	0.00
3	7	0.00	0.00	0.29	0.79	0.00
Core	CPU	C1%	C3%	C6%	C8%	C9%
-	-	0.00	0.04	8.47	3.24	0.00
0	0	0.03	0.14	64.37	21.71	0.01
0	4	0.00	0.02	0.50	0.00	0.00
1	1	0.00	0.00	0.10	0.51	0.00
1	5	0.00	0.00	0.18	0.99	0.00
2	2	0.00	0.00	0.42	0.90	0.00
2	6	0.00	0.11	0.58	1.09	0.00
3	3	0.00	0.03	0.82	0.21	0.00
3	7	0.00	0.01	0.80	0.52	0.00
Core	CPU	C1%	C3%	C6%	C8%	C9%
-	-	0.00	0.04	8.57	3.22	0.00
0	0	0.04	0.13	65.28	21.73	0.00
0	4	0.00	0.00	0.65	0.30	0.00
1	1	0.00	0.00	0.14	0.89	0.00
1	5	0.00	0.00	0.21	0.50	0.00
2	2	0.00	0.00	0.70	0.09	0.00
2	6	0.00	0.13	1.06	0.50	0.00
3	3	0.00	0.00	0.36	0.87	0.00
3	7	0.00	0.05	0.19	0.89	0.00
Core	CPU	C1%	C3%	C6%	C8%	C9%
-	-	0.01	0.03	8.73	3.40	0.00
0	0	0.05	0.13	65.27	21.74	0.00
0	4	0.00	0.00	0.78	0.20	0.00
1	1	0.00	0.00	0.27	0.89	0.00
1	5	0.00	0.00	0.60	1.09	0.00
2	2	0.00	0.00	0.83	0.88	0.00
2	6	0.00	0.09	1.42	0.79	0.00
3	3	0.00	0.00	0.29	0.84	0.00
3	7	0.00	0.00	0.38	0.79	0.00
Core	CPU	C1%	C3%	C6%	C8%	C9%
-	-	0.01	0.06	8.29	3.46	0.44
0	0	0.05	0.31	62.95	20.85	0.00
0	4	0.00	0.02	0.50	0.00	0.00
1	1	0.00	0.00	0.19	0.69	0.00
1	5	0.00	0.00	0.27	1.78	0.00
2	2	0.00	0.00	0.37	0.79	0.00
2	6	0.00	0.11	1.23	0.79	0.00
3	3	0.00	0.00	0.71	1.59	0.00
3	7	0.00	0.00	0.10	1.19	3.48
Core	CPU	C1%	C3%	C6%	C8%	C9%
-	-	0.01	0.04	8.60	3.40	0.00
0	0	0.05	0.27	65.47	21.33	0.00
0	4	0.00	0.00	0.83	0.00	0.00
1	1	0.00	0.02	0.29	0.51	0.00
1	5	0.00	0.00	0.10	1.42	0.00
2	2	0.00	0.00	0.29	1.09	0.00
2	6	0.00	0.03	1.13	0.50	0.00
3	3	0.00	0.00	0.45	0.79	0.00
3	7	0.00	0.00	0.24	1.58	0.00
Core	CPU	C1%	C3%	C6%	C8%	C9%
-	-	0.01	0.05	8.65	3.24	0.10
0	0	0.05	0.21	64.73	21.35	0.00
0	4	0.00	0.00	0.87	0.00	0.00
1	1	0.00	0.00	0.45	0.70	0.00
1	5	0.00	0.00	1.12	0.91	0.00
2	2	0.00	0.12	0.30	0.90	0.00
2	6	0.00	0.07	0.94	0.59	0.00
3	3	0.00	0.00	0.38	0.79	0.00
3	7	0.00	0.00	0.45	0.69	0.83
Core	CPU	C1%	C3%	C6%	C8%	C9%
-	-	0.01	0.06	8.72	3.54	0.00
0	0	0.07	0.35	65.15	21.47	0.00
0	4	0.00	0.00	1.47	0.00	0.00
1	1	0.00	0.00	0.27	1.28	0.00
1	5	0.00	0.06	0.20	1.32	0.00
2	2	0.00	0.00	0.33	1.29	0.00
2	6	0.00	0.07	1.26	0.79	0.00
3	3	0.00	0.00	0.20	1.28	0.00
3	7	0.00	0.05	0.88	0.89	0.00
Core	CPU	C1%	C3%	C6%	C8%	C9%
-	-	0.01	0.04	8.77	3.49	0.00
0	0	0.06	0.26	65.27	21.53	0.00
0	4	0.00	0.00	0.88	0.00	0.00
1	1	0.00	0.00	0.16	1.38	0.00
1	5	0.00	0.00	0.33	1.68	0.00
2	2	0.00	0.00	0.52	0.99	0.00
2	6	0.00	0.03	1.06	0.40	0.00
3	3	0.00	0.00	1.04	1.58	0.00
3	7	0.00	0.00	0.86	0.39	0.00
Core	CPU	C1%	C3%	C6%	C8%	C9%
-	-	0.01	0.05	8.22	3.32	0.42
0	0	0.04	0.29	62.69	21.14	3.37
0	4	0.00	0.00	0.70	0.00	0.00
1	1	0.00	0.00	0.29	1.29	0.00
1	5	0.00	0.00	0.28	0.89	0.00
2	2	0.00	0.00	0.35	0.99	0.00
2	6	0.00	0.11	0.84	0.59	0.00
3	3	0.00	0.02	0.38	0.72	0.00
3	7	0.00	0.00	0.20	0.99	0.00
Core	CPU	C1%	C3%	C6%	C8%	C9%
-	-	0.01	0.04	8.88	3.41	0.00
0	0	0.06	0.27	65.57	21.30	0.00
0	4	0.00	0.00	0.84	0.10	0.00
1	1	0.00	0.00	0.43	0.00	0.00
1	5	0.00	0.01	1.94	1.19	0.00
2	2	0.00	0.00	0.47	2.18	0.00
2	6	0.00	0.07	1.09	0.49	0.00
3	3	0.00	0.00	0.36	0.89	0.00
3	7	0.00	0.00	0.33	1.11	0.00
Core	CPU	C1%	C3%	C6%	C8%	C9%
-	-	0.01	0.03	8.55	3.46	0.00
0	0	0.06	0.15	64.50	21.62	0.00
0	4	0.00	0.00	0.66	0.00	0.00
1	1	0.00	0.00	0.44	0.10	0.00
1	5	0.00	0.00	0.13	1.50	0.00
2	2	0.00	0.01	0.19	0.89	0.00
2	6	0.00	0.10	1.22	1.20	0.00
3	3	0.00	0.00	0.54	1.09	0.00
3	7	0.00	0.00	0.70	1.29	0.00
Core	CPU	C1%	C3%	C6%	C8%	C9%
-	-	0.03	0.07	8.86	4.05	0.00
0	0	0.23	0.45	64.69	21.73	0.00
0	4	0.00	0.00	1.06	0.60	0.00
1	1	0.00	0.00	0.35	1.98	0.00
1	5	0.00	0.00	0.52	2.39	0.00
2	2	0.00	0.02	1.07	0.90	0.00
2	6	0.00	0.06	1.25	0.79	0.00
3	3	0.00	0.00	0.96	2.68	0.00
3	7	0.00	0.00	0.97	1.29	0.00
Core	CPU	C1%	C3%	C6%	C8%	C9%
-	-	0.01	0.04	8.54	3.36	0.00
0	0	0.06	0.20	65.42	21.48	0.00
0	4	0.00	0.00	0.18	0.42	0.00
1	1	0.00	0.00	0.32	0.89	0.00
1	5	0.00	0.00	0.27	0.89	0.00
2	2	0.00	0.00	0.25	1.10	0.00
2	6	0.00	0.09	1.27	0.39	0.00
3	3	0.00	0.01	0.29	0.90	0.00
3	7	0.00	0.00	0.30	0.79	0.00
Core	CPU	C1%	C3%	C6%	C8%	C9%
-	-	0.01	0.05	8.43	3.35	0.00
0	0	0.04	0.22	63.23	20.65	0.00
0	4	0.00	0.00	1.43	0.00	0.00
1	1	0.00	0.02	0.29	0.20	0.00
1	5	0.00	0.00	0.18	1.19	0.00
2	2	0.00	0.00	0.38	1.38	0.00
2	6	0.00	0.11	1.35	0.60	0.00
3	3	0.00	0.00	0.35	1.38	0.00
3	7	0.00	0.03	0.20	1.39	0.00
Core	CPU	C1%	C3%	C6%	C8%	C9%
-	-	0.01	0.06	8.55	3.30	0.00
0	0	0.06	0.47	65.54	21.04	0.00
0	4	0.00	0.00	0.56	0.00	0.00
1	1	0.00	0.00	0.18	0.59	0.00
1	5	0.00	0.00	0.13	1.10	0.00
2	2	0.00	0.00	0.00	0.50	0.00
2	6	0.00	0.03	1.25	0.69	0.00
3	3	0.00	0.00	0.42	1.28	0.00
3	7	0.00	0.00	0.36	1.18	0.00
Core	CPU	C1%	C3%	C6%	C8%	C9%
-	-	0.01	0.08	8.61	3.56	0.00
0	0	0.05	0.56	64.48	21.19	0.00
0	4	0.00	0.00	0.99	0.00	0.00
1	1	0.00	0.00	0.28	0.88	0.00
1	5	0.00	0.00	0.35	1.28	0.00
2	2	0.00	0.00	0.15	0.99	0.00
2	6	0.00	0.09	1.27	1.32	0.00
3	3	0.00	0.00	0.70	1.28	0.00
3	7	0.00	0.00	0.64	1.58	0.00
Core	CPU	C1%	C3%	C6%	C8%	C9%
-	-	0.01	0.04	8.69	3.57	0.00
0	0	0.06	0.25	65.30	21.49	0.00
0	4	0.00	0.02	0.89	0.00	0.00
1	1	0.00	0.00	0.19	1.09	0.00
1	5	0.00	0.00	0.38	1.19	0.00
2	2	0.00	0.00	0.86	1.18	0.00
2	6	0.00	0.03	1.20	1.71	0.00
3	3	0.00	0.00	0.52	0.80	0.00
3	7	0.00	0.00	0.14	1.09	0.00
Core	CPU	C1%	C3%	C6%	C8%	C9%
-	-	0.22	0.17	8.97	7.60	0.00
0	0	0.04	0.96	64.88	21.55	0.00
0	4	0.50	0.00	1.54	0.29	0.00
1	1	0.36	0.00	0.85	2.29	0.00
1	5	0.00	0.12	0.09	1.29	0.00
2	2	0.79	0.00	0.00	0.79	0.00
2	6	0.00	0.10	2.23	2.35	0.00
3	3	0.00	0.00	1.17	2.38	0.00
3	7	0.04	0.15	0.98	29.87	0.00
Core	CPU	C1%	C3%	C6%	C8%	C9%
-	-	0.01	0.04	8.42	3.34	0.00
0	0	0.07	0.25	63.02	20.81	0.00
0	4	0.00	0.00	1.00	0.00	0.00
1	1	0.00	0.00	0.90	1.49	0.00
1	5	0.00	0.00	0.34	1.09	0.00
2	2	0.00	0.00	0.32	0.90	0.00
2	6	0.00	0.05	0.56	1.04	0.00
3	3	0.00	0.00	0.39	0.79	0.00
3	7	0.00	0.00	0.87	0.59	0.00
Core	CPU	C1%	C3%	C6%	C8%	C9%
-	-	0.01	0.04	8.65	3.34	0.00
0	0	0.06	0.27	65.37	21.46	0.00
0	4	0.00	0.00	0.49	0.00	0.00
1	1	0.00	0.00	0.29	1.00	0.00
1	5	0.00	0.00	0.37	0.99	0.00
2	2	0.00	0.00	0.25	0.90	0.00
2	6	0.00	0.05	1.20	0.71	0.00
3	3	0.00	0.02	0.96	0.72	0.00
3	7	0.00	0.00	0.29	0.98	0.00
Core	CPU	C1%	C3%	C6%	C8%	C9%
-	-	0.01	0.03	8.54	3.30	0.11
0	0	0.07	0.18	64.64	21.40	0.00
0	4	0.00	0.03	0.59	0.00	0.91
1	1	0.00	0.00	0.10	0.50	0.00
1	5	0.00	0.00	0.20	0.98	0.00
2	2	0.00	0.00	0.27	0.89	0.00
2	6	0.00	0.03	1.02	0.69	0.00
3	3	0.00	0.00	0.44	0.69	0.00
3	7	0.00	0.02	1.02	1.28	0.00
Core	CPU	C1%	C3%	C6%	C8%	C9%
-	-	0.01	0.04	8.73	3.31	0.00
0	0	0.07	0.26	65.02	21.83	0.00
0	4	0.01	0.00	1.11	0.00	0.00
1	1	0.00	0.00	0.24	1.00	0.00
1	5	0.00	0.00	0.91	0.50	0.00
2	2	0.00	0.00	0.69	0.00	0.00
2	6	0.00	0.08	1.27	0.59	0.00
3	3	0.00	0.00	0.37	1.28	0.00
3	7	0.00	0.00	0.24	1.28	0.00
Core	CPU	C1%	C3%	C6%	C8%	C9%
-	-	0.02	0.03	8.68	3.23	0.00
0	0	0.07	0.14	65.21	21.67	0.00
0	4	0.05	0.00	0.88	0.00	0.00
1	1	0.00	0.00	0.27	0.89	0.00
1	5	0.00	0.00	0.36	0.78	0.00
2	2	0.00	0.00	0.78	0.39	0.00
2	6	0.00	0.07	1.34	0.30	0.00
3	3	0.00	0.00	0.25	1.09	0.00
3	7	0.00	0.00	0.39	0.68	0.00
Core	CPU	C1%	C3%	C6%	C8%	C9%
-	-	0.01	0.09	8.51	3.67	0.00
0	0	0.07	0.63	62.92	20.46	0.00
0	4	0.00	0.03	1.29	0.00	0.00
1	1	0.00	0.00	0.10	1.49	0.00
1	5	0.00	0.00	0.76	2.19	0.00
2	2	0.00	0.00	0.86	1.29	0.00
2	6	0.00	0.04	1.09	0.99	0.00
3	3	0.00	0.01	0.82	1.40	0.00
3	7	0.00	0.00	0.20	1.58	0.00
Core	CPU	C1%	C3%	C6%	C8%	C9%
-	-	0.01	0.02	8.61	3.19	0.00
0	0	0.06	0.12	65.22	21.74	0.00
0	4	0.00	0.00	0.64	0.00	0.00
1	1	0.00	0.00	0.62	0.31	0.00
1	5	0.00	0.00	0.50	0.10	0.00
2	2	0.00	0.00	0.29	0.89	0.00
2	6	0.00	0.07	1.00	0.40	0.00
3	3	0.00	0.00	0.47	0.98	0.00
3	7	0.00	0.00	0.15	1.09	0.00
Core	CPU	C1%	C3%	C6%	C8%	C9%
-	-	0.01	0.07	8.58	3.29	0.00
0	0	0.08	0.58	64.79	21.11	0.00
0	4	0.00	0.00	0.87	0.00	0.00
1	1	0.00	0.00	0.26	1.28	0.00
1	5	0.00	0.00	0.34	0.89	0.00
2	2	0.00	0.00	0.84	0.40	0.00
2	6	0.00	0.01	0.90	0.50	0.00
3	3	0.00	0.00	0.31	1.39	0.00
3	7	0.00	0.00	0.37	0.79	0.00
Core	CPU	C1%	C3%	C6%	C8%	C9%
-	-	0.01	0.05	8.77	3.72	0.00
0	0	0.07	0.35	65.19	21.53	0.00
0	4	0.00	0.00	1.00	0.19	0.00
1	1	0.00	0.00	0.29	1.28	0.00
1	5	0.00	0.00	0.77	1.28	0.00
2	2	0.00	0.00	0.74	1.49	0.00
2	6	0.00	0.00	0.43	1.29	0.00
3	3	0.00	0.03	0.78	1.50	0.00
3	7	0.00	0.00	0.99	1.18	0.00
Core	CPU	C1%	C3%	C6%	C8%	C9%
-	-	0.07	0.09	8.81	3.40	0.00
0	0	0.07	0.67	65.37	20.96	0.00
0	4	0.00	0.00	0.92	0.77	0.00
1	1	0.00	0.02	0.75	1.20	0.00
1	5	0.00	0.00	0.19	0.79	0.00
2	2	0.49	0.00	0.67	0.50	0.00
2	6	0.00	0.00	0.45	1.16	0.00
3	3	0.00	0.00	1.81	0.61	0.00
3	7	0.00	0.02	0.29	1.18	0.00
Core	CPU	C1%	C3%	C6%	C8%	C9%
-	-	0.01	0.03	8.26	3.30	0.00
0	0	0.05	0.21	63.06	20.81	0.00
0	4	0.00	0.00	0.87	0.00	0.00
1	1	0.00	0.00	0.26	0.99	0.00
1	5	0.00	0.00	0.24	1.09	0.00
2	2	0.00	0.02	0.70	0.43	0.00
2	6	0.00	0.00	0.20	0.94	0.00
3	3	0.00	0.01	0.40	1.39	0.00
3	7	0.00	0.00	0.36	0.79	0.00
Core	CPU	C1%	C3%	C6%	C8%	C9%
-	-	0.01	0.04	8.61	3.41	0.00
0	0	0.05	0.21	65.04	21.88	0.00
0	4	0.00	0.00	0.41	0.00	0.00
1	1	0.00	0.00	0.18	0.99	0.00
1	5	0.00	0.00	1.14	1.00	0.00
2	2	0.00	0.05	0.67	0.60	0.00
2	6	0.00	0.00	0.32	0.82	0.00
3	3	0.00	0.04	0.79	1.00	0.00
3	7	0.00	0.00	0.28	0.99	0.00
Core	CPU	C1%	C3%	C6%	C8%	C9%
-	-	0.01	0.04	8.34	3.41	0.00
0	0	0.05	0.19	64.68	21.29	0.00
0	4	0.00	0.03	0.49	0.00	0.00
1	1	0.00	0.00	0.09	0.80	0.00
1	5	0.00	0.00	0.20	0.98	0.00
2	2	0.00	0.00	0.38	1.26	0.00
2	6	0.00	0.00	0.25	0.89	0.00
3	3	0.00	0.04	0.53	0.99	0.00
3	7	0.00	0.02	0.10	1.08	0.00
Core	CPU	C1%	C3%	C6%	C8%	C9%
-	-	0.01	0.03	8.64	3.37	0.00
0	0	0.06	0.23	65.08	21.75	0.00
0	4	0.00	0.00	1.05	0.00	0.00
1	1	0.00	0.00	0.15	0.98	0.00
1	5	0.00	0.00	1.01	1.09	0.00
2	2	0.00	0.00	0.59	0.55	0.00
2	6	0.00	0.00	0.10	0.98	0.00
3	3	0.00	0.01	0.79	1.19	0.00
3	7	0.00	0.00	0.36	0.39	0.00
Core	CPU	C1%	C3%	C6%	C8%	C9%
-	-	0.01	0.04	8.52	3.41	0.00
0	0	0.05	0.32	65.07	21.64	0.00
0	4	0.00	0.00	0.90	0.00	0.00
1	1	0.00	0.00	0.27	0.99	0.00
1	5	0.00	0.00	0.36	0.88	0.00
2	2	0.00	0.00	0.33	0.90	0.00
2	6	0.00	0.02	0.20	0.89	0.00
3	3	0.00	0.01	0.73	1.19	0.00
3	7	0.00	0.00	0.29	0.78	0.00
Core	CPU	C1%	C3%	C6%	C8%	C9%
-	-	0.01	0.05	8.41	3.05	0.00
0	0	0.05	0.24	63.19	20.64	0.00
0	4	0.00	0.12	0.49	0.11	0.00
1	1	0.00	0.00	0.09	0.79	0.00
1	5	0.00	0.00	1.66	0.69	0.00
2	2	0.00	0.00	0.45	0.40	0.00
2	6	0.00	0.00	0.24	0.60	0.00
3	3	0.00	0.04	0.95	0.60	0.00
3	7	0.00	0.00	0.20	0.59	0.00
Core	CPU	C1%	C3%	C6%	C8%	C9%
-	-	0.01	0.06	8.85	3.44	0.00
0	0	0.05	0.49	65.18	21.38	0.00
0	4	0.00	0.00	1.33	0.00	0.00
1	1	0.00	0.00	0.62	0.00	0.00
1	5	0.00	0.00	0.69	1.33	0.00
2	2	0.00	0.00	0.39	1.19	0.00
2	6	0.00	0.00	0.57	1.28	0.00
3	3	0.00	0.00	1.09	0.98	0.00
3	7	0.00	0.00	0.94	1.37	0.00
Core	CPU	C1%	C3%	C6%	C8%	C9%
-	-	0.01	0.03	8.53	3.35	0.11
0	0	0.05	0.21	64.45	21.58	0.00
0	4	0.00	0.00	0.86	0.00	0.00
1	1	0.00	0.00	0.45	0.69	0.00
1	5	0.00	0.00	0.32	1.31	0.00
2	2	0.00	0.01	0.41	0.70	0.91
2	6	0.00	0.00	0.20	0.99	0.00
3	3	0.00	0.04	1.14	0.97	0.00
3	7	0.00	0.00	0.45	0.59	0.00
Core	CPU	C1%	C3%	C6%	C8%	C9%
-	-	0.01	0.03	8.93	3.50	0.00
0	0	0.06	0.22	65.33	21.53	0.00
0	4	0.00	0.00	1.27	0.29	0.00
1	1	0.00	0.00	0.46	0.80	0.00
1	5	0.00	0.00	0.34	1.19	0.00
2	2	0.00	0.00	0.92	0.69	0.00
2	6	0.00	0.00	1.49	0.69	0.00
3	3	0.00	0.01	1.26	1.37	0.00
3	7	0.00	0.00	0.38	1.48	0.00
Core	CPU	C1%	C3%	C6%	C8%	C9%
-	-	0.01	0.01	8.54	3.37	0.00
0	0	0.06	0.09	65.15	21.82	0.00
0	4	0.00	0.00	0.29	0.21	0.00
1	1	0.00	0.00	0.49	0.69	0.00
1	5	0.00	0.00	0.36	0.97	0.00
2	2	0.00	0.00	0.25	0.89	0.00
2	6	0.00	0.00	0.34	0.90	0.00
3	3	0.00	0.02	1.11	0.60	0.00
3	7	0.00	0.00	0.30	0.89	0.00
Core	CPU	C1%	C3%	C6%	C8%	C9%
-	-	0.01	0.15	8.33	7.00	0.00
0	0	0.05	0.96	62.86	20.55	0.00
0	4	0.00	0.02	0.81	0.00	0.00
1	1	0.00	0.01	0.45	0.80	0.00
1	5	0.00	0.00	0.29	1.28	0.00
2	2	0.00	0.00	0.29	1.18	0.00
2	6	0.00	0.00	0.51	0.99	0.00
3	3	0.00	0.02	0.56	1.78	0.00
3	7	0.01	0.20	0.85	29.40	0.00
Core	CPU	C1%	C3%	C6%	C8%	C9%
-	-	0.03	0.07	8.61	3.45	1.07
0	0	0.24	0.53	65.23	21.15	0.00
0	4	0.00	0.00	0.56	0.00	8.59
1	1	0.00	0.00	0.15	0.59	0.00
1	5	0.00	0.00	0.23	1.61	0.00
2	2	0.00	0.01	0.29	0.31	0.00
2	6	0.00	0.00	0.30	1.27	0.00
3	3	0.00	0.00	1.28	1.89	0.00
3	7	0.00	0.00	0.85	0.79	0.00
Core	CPU	C1%	C3%	C6%	C8%	C9%
-	-	0.01	0.03	8.81	3.46	0.00
0	0	0.06	0.25	64.75	21.18	0.00
0	4	0.00	0.00	1.38	0.00	0.00
1	1	0.00	0.00	0.66	0.80	0.00
1	5	0.00	0.00	0.34	1.19	0.00
2	2	0.00	0.01	1.12	0.59	0.00
2	6	0.00	0.02	1.22	1.18	0.00
3	3	0.00	0.00	0.51	1.48	0.00
3	7	0.00	0.00	0.48	1.28	0.00
Core	CPU	C1%	C3%	C6%	C8%	C9%
-	-	0.01	0.03	8.59	3.43	0.00
0	0	0.06	0.21	65.19	21.69	0.00
0	4	0.00	0.00	0.50	0.00	0.00
1	1	0.00	0.00	0.19	0.99	0.00
1	5	0.00	0.00	0.37	0.89	0.00
2	2	0.00	0.00	0.85	0.68	0.00
2	6	0.00	0.00	0.91	0.79	0.00
3	3	0.00	0.02	0.41	1.30	0.00
3	7	0.00	0.00	0.29	1.09	0.00
Core	CPU	C1%	C3%	C6%	C8%	C9%
-	-	0.01	0.03	8.61	3.66	0.00
0	0	0.06	0.26	65.14	21.61	0.00
0	4	0.00	0.00	1.32	0.00	0.00
1	1	0.00	0.02	0.30	0.58	0.00
1	5	0.00	0.00	0.10	1.09	0.00
2	2	0.00	0.00	0.38	1.19	0.00
2	6	0.00	0.00	0.68	1.67	0.00
3	3	0.00	0.00	0.66	1.88	0.00
3	7	0.00	0.00	0.33	1.28	0.00
Core	CPU	C1%	C3%	C6%	C8%	C9%
-	-	0.01	0.04	8.28	3.42	0.00
0	0	0.05	0.34	62.99	20.71	0.00
0	4	0.00	0.00	0.85	0.00	0.00
1	1	0.00	0.00	0.14	0.90	0.00
1	5	0.00	0.00	0.22	1.11	0.00
2	2	0.00	0.00	0.19	0.90	0.00
2	6	0.00	0.00	0.39	1.19	0.00
3	3	0.00	0.00	1.23	1.29	0.00
3	7	0.00	0.00	0.25	1.28	0.00
Core	CPU	C1%	C3%	C6%	C8%	C9%
-	-	0.01	0.02	8.78	3.23	0.00
0	0	0.07	0.16	65.25	21.69	0.00
0	4	0.00	0.00	1.08	0.00	0.00
1	1	0.00	0.00	0.27	1.09	0.00
1	5	0.00	0.00	0.25	0.98	0.00
2	2	0.00	0.00	1.12	0.39	0.00
2	6	0.00	0.01	1.09	0.29	0.00
3	3	0.00	0.00	0.51	1.10	0.00
3	7	0.00	0.00	0.66	0.30	0.00
Core	CPU	C1%	C3%	C6%	C8%	C9%
-	-	0.01	0.04	8.50	3.35	0.00
0	0	0.05	0.31	64.47	21.41	0.00
0	4	0.00	0.02	0.60	0.19	0.00
1	1	0.00	0.00	0.10	0.70	0.00
1	5	0.00	0.00	0.37	0.99	0.00
2	2	0.00	0.00	0.85	0.70	0.00
2	6	0.00	0.00	0.15	0.99	0.00
3	3	0.00	0.00	0.88	1.20	0.00
3	7	0.00	0.00	0.59	0.60	0.00
Core	CPU	C1%	C3%	C6%	C8%	C9%
-	-	0.01	0.03	8.64	3.40	0.00
0	0	0.06	0.18	65.24	21.64	0.00
0	4	0.00	0.00	0.74	0.49	0.00
1	1	0.00	0.00	0.72	0.80	0.00
1	5	0.00	0.01	0.65	0.10	0.00
2	2	0.00	0.00	0.69	0.79	0.00
2	6	0.00	0.02	0.26	0.59	0.00
3	3	0.00	0.00	0.56	1.48	0.00
3	7	0.00	0.00	0.24	1.28	0.00
Core	CPU	C1%	C3%	C6%	C8%	C9%
-	-	0.01	0.05	8.83	3.30	0.00
0	0	0.05	0.38	65.28	21.42	0.00
0	4	0.00	0.00	0.88	0.00	0.00
1	1	0.00	0.00	0.36	0.99	0.00
1	5	0.00	0.00	0.74	0.99	0.00
2	2	0.00	0.00	0.93	0.69	0.00
2	6	0.00	0.02	1.09	0.30	0.00
3	3	0.00	0.00	0.91	1.39	0.00
3	7	0.00	0.00	0.47	0.59	0.00
Core	CPU	C1%	C3%	C6%	C8%	C9%
-	-	0.01	0.03	8.26	3.33	0.00
0	0	0.07	0.13	63.22	20.71	0.00
0	4	0.00	0.02	0.60	0.00	0.00
1	1	0.00	0.00	0.10	0.99	0.00
1	5	0.00	0.07	0.57	0.40	0.00
2	2	0.00	0.00	0.59	1.10	0.00
2	6	0.00	0.00	0.24	1.09	0.00
3	3	0.00	0.01	0.63	1.20	0.00
3	7	0.00	0.00	0.10	1.18	0.00
Core	CPU	C1%	C3%	C6%	C8%	C9%
-	-	0.01	0.02	8.54	3.51	0.00
0	0	0.08	0.13	65.35	21.59	0.00
0	4	0.00	0.00	1.04	0.30	0.00
1	1	0.00	0.00	0.23	0.30	0.00
1	5	0.00	0.02	0.38	1.13	0.00
2	2	0.00	0.00	0.10	0.89	0.00
2	6	0.00	0.00	0.29	1.08	0.00
3	3	0.00	0.04	0.71	1.68	0.00
3	7	0.00	0.00	0.24	1.08	0.00
Core	CPU	C1%	C3%	C6%	C8%	C9%
-	-	0.01	0.06	8.72	3.24	0.00
0	0	0.09	0.46	64.70	21.01	0.00
0	4	0.00	0.00	0.88	0.20	0.00
1	1	0.00	0.00	0.38	0.89	0.00
1	5	0.00	0.00	0.25	0.99	0.00
2	2	0.00	0.00	1.02	0.49	0.00
2	6	0.00	0.01	0.89	0.49	0.00
3	3	0.00	0.00	1.28	0.69	0.00
3	7	0.00	0.01	0.39	1.18	0.00
Core	CPU	C1%	C3%	C6%	C8%	C9%
-	-	0.01	0.06	8.63	3.58	0.14
0	0	0.08	0.42	65.21	21.38	0.00
0	4	0.00	0.02	0.59	0.00	1.09
1	1	0.00	0.00	0.10	0.40	0.00
1	5	0.00	0.00	0.36	1.67	0.00
2	2	0.00	0.00	0.26	1.38	0.00
2	6	0.00	0.00	0.35	1.28	0.00
3	3	0.00	0.00	1.17	1.88	0.00
3	7	0.00	0.00	0.99	0.69	0.00
Core	CPU	C1%	C3%	C6%	C8%	C9%
-	-	0.01	0.05	8.56	3.42	0.00
0	0	0.08	0.34	65.08	21.57	0.00
0	4	0.00	0.00	1.03	0.00	0.00
1	1	0.00	0.04	0.20	0.49	0.00
1	5	0.00	0.00	0.10	1.13	0.00
2	2	0.00	0.00	0.19	0.99	0.00
2	6	0.00	0.00	0.27	0.89	0.00
3	3	0.00	0.01	1.26	1.39	0.00
3	7	0.00	0.00	0.34	0.88	0.00
Core	CPU	C1%	C3%	C6%	C8%	C9%
-	-	0.01	0.07	8.25	3.29	0.00
0	0	0.08	0.58	62.91	20.56	0.00
0	4	0.00	0.00	0.87	0.00	0.00
1	1	0.00	0.00	0.45	1.09	0.00
1	5	0.01	0.00	0.24	0.91	0.00
2	2	0.00	0.02	0.59	0.90	0.00
2	6	0.00	0.00	0.10	1.10	0.00
3	3	0.00	0.00	0.41	1.19	0.00
3	7	0.00	0.00	0.46	0.59	0.00
Core	CPU	C1%	C3%	C6%	C8%	C9%
-	-	0.01	0.03	8.43	3.54	0.11
0	0	0.10	0.26	65.06	21.64	0.00
0	4	0.00	0.00	0.50	0.20	0.91
1	1	0.00	0.00	0.18	1.09	0.00
1	5	0.00	0.00	0.27	0.98	0.00
2	2	0.00	0.00	0.25	1.18	0.00
2	6	0.00	0.00	0.23	1.08	0.00
3	3	0.00	0.01	0.61	1.09	0.00
3	7	0.00	0.00	0.30	1.09	0.00
Core	CPU	C1%	C3%	C6%	C8%	C9%
-	-	0.02	0.06	8.62	3.81	0.00
0	0	0.08	0.41	64.40	21.33	0.00
0	4	0.08	0.00	1.51	0.00	0.00
1	1	0.00	0.02	0.29	1.68	0.00
1	5	0.00	0.00	0.18	0.71	0.00
2	2	0.00	0.00	0.67	2.06	0.00
2	6	0.00	0.00	0.86	1.28	0.00
3	3	0.00	0.00	0.96	2.07	0.00
3	7	0.00	0.03	0.10	1.38	0.00
Core	CPU	C1%	C3%	C6%	C8%	C9%
-	-	0.01	0.01	8.49	3.45	0.00
0	0	0.10	0.07	64.86	22.03	0.00
0	4	0.00	0.00	0.66	0.10	0.00
1	1	0.00	0.00	0.24	0.99	0.00
1	5	0.00	0.00	0.13	0.99	0.00
2	2	0.00	0.00	0.59	0.10	0.00
2	6	0.00	0.00	0.29	1.29	0.00
3	3	0.00	0.02	0.58	1.28	0.00
3	7	0.00	0.00	0.54	0.80	0.00
Core	CPU	C1%	C3%	C6%	C8%	C9%
-	-	0.01	0.01	8.52	3.45	0.00
0	0	0.11	0.09	65.09	21.79	0.00
0	4	0.00	0.00	0.39	0.11	0.00
1	1	0.00	0.00	0.37	0.50	0.00
1	5	0.00	0.00	0.44	0.80	0.00
2	2	0.00	0.00	0.43	0.90	0.00
2	6	0.00	0.00	0.22	0.99	0.00
3	3	0.00	0.03	0.84	1.49	0.00
3	7	0.00	0.00	0.38	0.99	0.00
Core	CPU	C1%	C3%	C6%	C8%	C9%
-	-	0.01	0.04	8.18	3.40	0.00
0	0	0.09	0.24	62.83	20.95	0.00
0	4	0.00	0.02	0.30	1.00	0.00
1	1	0.00	0.00	0.50	0.49	0.00
1	5	0.00	0.00	0.30	0.88	0.00
2	2	0.00	0.00	0.46	0.98	0.00
2	6	0.00	0.00	0.31	1.29	0.00
3	3	0.00	0.06	0.67	0.51	0.00
3	7	0.00	0.00	0.10	1.10	0.00
Core	CPU	C1%	C3%	C6%	C8%	C9%
-	-	0.01	0.07	8.47	3.39	0.00
0	0	0.09	0.52	64.85	21.51	0.00
0	4	0.00	0.00	0.15	0.41	0.00
1	1	0.00	0.00	0.23	1.40	0.00
1	5	0.00	0.02	0.28	0.42	0.00
2	2	0.00	0.00	0.38	0.31	0.00
2	6	0.00	0.00	0.38	0.89	0.00
3	3	0.00	0.04	1.19	0.99	0.00
3	7	0.00	0.00	0.33	1.19	0.00
Core	CPU	C1%	C3%	C6%	C8%	C9%
-	-	0.01	0.13	8.57	5.85	0.00
0	0	0.09	0.87	64.03	21.48	0.00
0	4	0.00	0.00	0.52	0.59	0.00
1	1	0.00	0.00	0.32	0.99	0.00
1	5	0.00	0.00	0.15	0.99	0.00
2	2	0.00	0.01	0.92	0.39	0.00
2	6	0.00	0.01	0.79	0.79	0.00
3	3	0.00	0.02	1.00	0.99	0.00
3	7	0.01	0.17	0.81	20.58	0.00
Core	CPU	C1%	C3%	C6%	C8%	C9%
-	-	0.01	0.07	8.72	4.31	0.39
0	0	0.10	0.48	64.86	21.64	0.00
0	4	0.00	0.02	0.50	0.00	3.09
1	1	0.00	0.00	0.15	0.79	0.00
1	5	0.00	0.00	1.07	0.99	0.00
2	2	0.00	0.00	0.95	0.39	0.00
2	6	0.00	0.00	0.45	0.89	0.00
3	3	0.00	0.03	0.80	2.09	0.00
3	7	0.00	0.00	0.98	7.66	0.00
Core	CPU	C1%	C3%	C6%	C8%	C9%
-	-	0.01	0.01	8.52	3.39	0.00
0	0	0.10	0.11	64.83	21.97	0.00
0	4	0.00	0.00	0.64	0.00	0.00
1	1	0.00	0.00	0.62	0.31	0.00
1	5	0.00	0.00	0.54	0.10	0.00
2	2	0.00	0.00	0.28	1.47	0.00
2	6	0.00	0.00	0.35	1.18	0.00
3	3	0.00	0.01	0.58	1.17	0.00
3	7	0.00	0.00	0.34	0.89	0.00
Core	CPU	C1%	C3%	C6%	C8%	C9%
-	-	0.01	0.07	8.62	3.29	0.00
0	0	0.09	0.56	63.17	20.26	0.00
0	4	0.00	0.00	0.88	0.00	0.00
1	1	0.00	0.00	0.30	1.73	0.00
1	5	0.00	0.00	0.25	0.89	0.00
2	2	0.00	0.00	0.93	0.29	0.00
2	6	0.00	0.02	1.21	1.09	0.00
3	3	0.00	0.00	1.83	1.39	0.00
3	7	0.00	0.00	0.37	0.68	0.00
Core	CPU	C1%	C3%	C6%	C8%	C9%
-	-	0.01	0.04	8.42	3.77	0.00
0	0	0.12	0.27	64.67	21.98	0.00
0	4	0.00	0.00	0.59	0.00	0.00
1	1	0.00	0.00	0.29	1.28	0.00
1	5	0.00	0.00	0.28	1.28	0.00
2	2	0.00	0.00	0.45	1.39	0.00
2	6	0.00	0.00	0.24	1.48	0.00
3	3	0.00	0.02	0.51	1.49	0.00
3	7	0.00	0.00	0.30	1.28	0.00
Core	CPU	C1%	C3%	C6%	C8%	C9%
-	-	0.01	0.08	8.56	3.64	0.52
0	0	0.11	0.61	64.32	21.21	0.00
0	4	0.00	0.00	0.92	0.51	4.20
1	1	0.00	0.02	0.20	1.28	0.00
1	5	0.00	0.00	0.87	0.99	0.00
2	2	0.00	0.00	0.78	1.08	0.00
2	6	0.00	0.00	0.27	0.99	0.00
3	3	0.00	0.00	0.66	1.50	0.00
3	7	0.00	0.00	0.44	1.59	0.00
Core	CPU	C1%	C3%	C6%	C8%	C9%
-	-	0.01	0.05	8.53	3.30	0.76
0	0	0.10	0.35	64.70	21.82	0.00
0	4	0.00	0.00	0.46	0.11	6.09
1	1	0.00	0.00	0.15	0.79	0.00
1	5	0.00	0.00	0.68	0.49	0.00
2	2	0.00	0.01	0.68	0.29	0.00
2	6	0.00	0.00	0.84	0.89	0.00
3	3	0.00	0.00	0.49	1.10	0.00
3	7	0.00	0.00	0.26	0.89	0.00
Core	CPU	C1%	C3%	C6%	C8%	C9%
-	-	0.01	0.02	8.53	3.65	0.00
0	0	0.10	0.10	65.06	21.79	0.00
0	4	0.00	0.00	0.99	0.00	0.00
1	1	0.00	0.00	0.29	1.38	0.00
1	5	0.00	0.00	0.45	1.10	0.00
2	2	0.00	0.05	0.30	1.19	0.00
2	6	0.00	0.00	0.24	1.09	0.00
3	3	0.00	0.02	0.64	1.79	0.00
3	7	0.00	0.00	0.29	0.89	0.00
Core	CPU	C1%	C3%	C6%	C8%	C9%
-	-	0.01	0.07	8.32	3.13	0.00
0	0	0.09	0.52	62.74	20.68	0.00
0	4	0.00	0.03	0.89	0.11	0.00
1	1	0.00	0.00	0.20	0.69	0.00
1	5	0.00	0.00	0.19	0.99	0.00
2	2	0.00	0.00	0.27	0.89	0.00
2	6	0.00	0.00	0.36	0.79	0.00
3	3	0.00	0.00	1.04	0.50	0.00
3	7	0.00	0.01	0.89	0.39	0.00
Core	CPU	C1%	C3%	C6%	C8%	C9%
-	-	0.01	0.02	8.41	3.50	0.00
0	0	0.12	0.13	64.95	21.89	0.00
0	4	0.00	0.00	0.56	0.09	0.00
1	1	0.00	0.00	0.14	0.80	0.00
1	5	0.00	0.00	0.22	1.38	0.00
2	2	0.00	0.00	0.58	0.51	0.00
2	6	0.00	0.00	0.09	1.09	0.00
3	3	0.00	0.00	0.49	1.19	0.00
3	7	0.00	0.00	0.25	1.09	0.00
Core	CPU	C1%	C3%	C6%	C8%	C9%
-	-	0.01	0.05	8.54	3.53	0.10
0	0	0.09	0.32	63.98	21.71	0.00
0	4	0.00	0.01	1.13	0.73	0.79
1	1	0.00	0.00	0.26	0.90	0.00
1	5	0.00	0.00	0.26	0.89	0.00
2	2	0.00	0.00	0.92	0.79	0.00
2	6	0.00	0.04	0.80	0.69	0.00
3	3	0.00	0.00	0.59	1.69	0.00
3	7	0.00	0.00	0.38	0.88	0.00
Core	CPU	C1%	C3%	C6%	C8%	C9%
-	-	0.01	0.03	8.57	3.82	0.00
0	0	0.10	0.25	64.88	21.66	0.00
0	4	0.00	0.02	0.50	0.00	0.00
1	1	0.00	0.00	0.20	2.18	0.00
1	5	0.00	0.00	0.37	1.28	0.00
2	2	0.00	0.00	0.36	1.19	0.00
2	6	0.00	0.00	0.54	1.09	0.00
3	3	0.00	0.00	1.51	1.69	0.00
3	7	0.00	0.00	0.20	1.48	0.00
Core	CPU	C1%	C3%	C6%	C8%	C9%
-	-	0.02	0.03	8.44	3.42	0.00
0	0	0.12	0.18	65.01	21.75	0.00
0	4	0.00	0.00	0.62	0.41	0.00
1	1	0.00	0.01	0.29	0.81	0.00
1	5	0.00	0.00	0.00	0.41	0.00
2	2	0.00	0.00	0.28	0.98	0.00
2	6	0.00	0.00	0.36	0.70	0.00
3	3	0.00	0.01	0.76	1.29	0.00
3	7	0.00	0.00	0.22	0.99	0.00
Core	CPU	C1%	C3%	C6%	C8%	C9%
-	-	0.01	0.06	8.23	3.31	0.44
0	0	0.10	0.43	62.68	20.81	0.00
0	4	0.00	0.00	0.56	0.31	0.00
1	1	0.00	0.00	0.26	0.89	0.00
1	5	0.00	0.00	0.15	0.99	3.51
2	2	0.00	0.03	0.70	0.59	0.00
2	6	0.00	0.00	0.60	0.79	0.00
3	3	0.00	0.02	0.50	1.09	0.00
3	7	0.00	0.00	0.36	0.99	0.00
Core	CPU	C1%	C3%	C6%	C8%	C9%
-	-	0.01	0.05	8.42	3.56	0.00
0	0	0.10	0.43	64.66	21.81	0.00
0	4	0.00	0.00	0.60	0.20	0.00
1	1	0.00	0.00	0.19	0.98	0.00
1	5	0.00	0.00	0.51	0.99	0.00
2	2	0.00	0.00	0.45	1.19	0.00
2	6	0.00	0.00	0.23	1.19	0.00
3	3	0.00	0.00	0.40	1.31	0.00
3	7	0.00	0.00	0.30	0.78	0.00
Core	CPU	C1%	C3%	C6%	C8%	C9%
-	-	0.01	0.06	8.52	3.43	0.00
0	0	0.10	0.42	64.40	21.25	0.00
0	4	0.00	0.00	0.84	0.48	0.00
1	1	0.00	0.01	0.59	0.01	0.00
1	5	0.00	0.00	0.98	0.90	0.00
2	2	0.00	0.01	0.28	0.98	0.00
2	6	0.00	0.00	0.36	0.79	0.00
3	3	0.00	0.00	0.48	2.09	0.00
3	7	0.00	0.02	0.26	0.98	0.00
Core	CPU	C1%	C3%	C6%	C8%	C9%
-	-	0.01	0.03	8.42	3.20	0.00
0	0	0.11	0.15	64.80	22.00	0.00
0	4	0.00	0.00	0.64	0.20	0.00
1	1	0.00	0.00	0.27	0.40	0.00
1	5	0.00	0.12	0.10	0.30	0.00
2	2	0.00	0.00	0.40	0.20	0.00
2	6	0.00	0.00	0.29	0.79	0.00
3	3	0.00	0.00	0.72	0.99	0.00
3	7	0.00	0.00	0.15	0.69	0.00
Core	CPU	C1%	C3%	C6%	C8%	C9%
-	-	0.01	0.02	8.54	3.58	0.00
0	0	0.11	0.11	64.65	22.19	0.00
0	4	0.00	0.00	0.57	0.70	0.00
1	1	0.00	0.00	0.63	0.51	0.00
1	5	0.00	0.00	0.43	0.99	0.00
2	2	0.00	0.00	0.81	0.90	0.00
2	6	0.00	0.02	0.19	1.19	0.00
3	3	0.00	0.03	0.58	1.30	0.00
3	7	0.00	0.00	0.47	0.89	0.00
Core	CPU	C1%	C3%	C6%	C8%	C9%
-	-	0.01	0.06	8.29	3.32	0.44
0	0	0.10	0.42	62.87	20.66	0.00
0	4	0.00	0.02	0.19	0.41	0.00
1	1	0.00	0.00	0.19	0.79	0.00
1	5	0.00	0.00	0.19	1.09	3.50
2	2	0.00	0.00	0.75	1.10	0.00
2	6	0.00	0.00	0.25	1.08	0.00
3	3	0.00	0.01	1.31	0.59	0.00
3	7	0.00	0.00	0.60	0.80	0.00
Core	CPU	C1%	C3%	C6%	C8%	C9%
-	-	0.01	0.09	8.69	3.68	0.00
0	0	0.11	0.66	64.97	21.22	0.00
0	4	0.00	0.00	0.56	0.00	0.00
1	1	0.00	0.00	0.24	1.78	0.00
1	5	0.00	0.00	0.21	0.70	0.00
2	2	0.00	0.00	0.67	1.53	0.00
2	6	0.00	0.00	0.89	1.18	0.00
3	3	0.00	0.03	1.64	1.49	0.00
3	7	0.00	0.00	0.34	1.57	0.00
Core	CPU	C1%	C3%	C6%	C8%	C9%
-	-	0.01	0.04	8.68	3.59	0.00
0	0	0.11	0.25	64.27	21.51	0.00
0	4	0.00	0.00	1.16	0.61	0.00
1	1	0.00	0.00	0.38	2.10	0.00
1	5	0.00	0.00	0.52	0.90	0.00
2	2	0.00	0.03	1.01	1.04	0.00
2	6	0.00	0.01	0.82	0.90	0.00
3	3	0.00	0.00	0.80	0.89	0.00
3	7	0.00	0.00	0.46	0.79	0.00
Core	CPU	C1%	C3%	C6%	C8%	C9%
-	-	0.06	0.09	8.68	3.53	0.32
0	0	0.11	0.63	65.07	21.24	0.00
0	4	0.36	0.00	1.33	0.10	2.57
1	1	0.00	0.00	0.19	0.99	0.00
1	5	0.00	0.00	0.56	1.59	0.00
2	2	0.00	0.02	0.95	1.23	0.00
2	6	0.00	0.00	0.34	0.79	0.00
3	3	0.00	0.04	0.66	1.30	0.00
3	7	0.00	0.00	0.38	0.99	0.00
Core	CPU	C1%	C3%	C6%	C8%	C9%
-	-	0.02	0.03	8.64	3.40	0.00
0	0	0.11	0.22	64.76	21.96	0.00
0	4	0.02	0.03	0.79	0.00	0.00
1	1	0.00	0.00	0.09	0.79	0.00
1	5	0.00	0.00	0.20	0.98	0.00
2	2	0.00	0.00	0.76	1.28	0.00
2	6	0.00	0.00	0.36	0.79	0.00
3	3	0.00	0.00	1.13	0.62	0.00
3	7	0.00	0.02	0.99	0.79	0.00
Core	CPU	C1%	C3%	C6%	C8%	C9%
-	-	0.01	0.15	8.39	6.61	1.24
0	0	0.09	1.01	63.09	20.20	0.00
0	4	0.00	0.00	0.65	0.00	6.41
1	1	0.00	0.00	0.48	0.81	0.00
1	5	0.00	0.02	0.14	0.40	3.48
2	2	0.00	0.00	0.39	0.50	0.00
2	6	0.00	0.00	0.18	1.19	0.00
3	3	0.00	0.03	1.34	0.50	0.00
3	7	0.01	0.15	0.85	29.28	0.00
Core	CPU	C1%	C3%	C6%	C8%	C9%
-	-	0.01	0.02	8.68	3.34	0.00
0	0	0.11	0.16	65.03	21.79	0.00
0	4	0.00	0.00	0.77	0.11	0.00
1	1	0.00	0.00	0.26	0.89	0.00
1	5	0.00	0.00	0.24	0.99	0.00
2	2	0.00	0.00	0.72	0.59	0.00
2	6	0.00	0.00	0.60	0.79	0.00
3	3	0.00	0.02	1.08	1.26	0.00
3	7	0.00	0.00	0.77	0.29	0.00
Core	CPU	C1%	C3%	C6%	C8%	C9%
-	-	0.01	0.05	8.58	3.56	0.10
0	0	0.10	0.41	64.34	21.35	0.00
0	4	0.00	0.00	0.58	0.50	0.79
1	1	0.00	0.00	0.20	1.28	0.00
1	5	0.00	0.00	1.16	1.18	0.00
2	2	0.00	0.00	0.26	1.28	0.00
2	6	0.00	0.00	0.34	1.09	0.00
3	3	0.00	0.02	1.11	0.70	0.00
3	7	0.00	0.00	0.69	1.08	0.00
Core	CPU	C1%	C3%	C6%	C8%	C9%
-	-	0.02	0.03	8.84	3.37	0.00
0	0	0.13	0.18	65.23	21.53	0.00
0	4	0.00	0.03	0.66	0.29	0.00
1	1	0.00	0.00	0.10	0.30	0.00
1	5	0.00	0.00	0.85	1.28	0.00
2	2	0.00	0.00	0.27	0.99	0.00
2	6	0.00	0.00	0.85	1.19	0.00
3	3	0.00	0.00	1.14	0.60	0.00
3	7	0.00	0.02	1.65	0.79	0.00
Core	CPU	C1%	C3%	C6%	C8%	C9%
-	-	0.01	0.06	8.50	3.37	0.29
0	0	0.10	0.43	65.03	21.39	0.00
0	4	0.00	0.00	0.55	0.10	2.31
1	1	0.00	0.00	0.32	0.99	0.00
1	5	0.00	0.02	0.28	0.99	0.00
2	2	0.00	0.00	0.10	0.85	0.00
2	6	0.00	0.00	0.19	0.99	0.00
3	3	0.00	0.03	1.32	1.19	0.00
3	7	0.00	0.00	0.24	0.49	0.00
Core	CPU	C1%	C3%	C6%	C8%	C9%
-	-	0.01	0.05	8.24	3.31	0.00
0	0	0.10	0.42	62.97	20.58	0.00
0	4	0.00	0.00	0.56	0.41	0.00
1	1	0.00	0.00	0.35	0.79	0.00
1	5	0.00	0.00	0.34	1.10	0.00
2	2	0.00	0.00	0.31	0.82	0.00
2	6	0.00	0.00	0.19	0.90	0.00
3	3	0.00	0.00	0.77	1.30	0.00
3	7	0.00	0.00	0.46	0.60	0.00
Core	CPU	C1%	C3%	C6%	C8%	C9%
-	-	0.01	0.03	8.43	3.51	0.00
0	0	0.11	0.20	64.68	22.06	0.00
0	4	0.00	0.00	0.60	0.30	0.00
1	1	0.00	0.00	0.20	1.18	0.00
1	5	0.00	0.00	0.37	0.99	0.00
2	2	0.00	0.00	0.25	0.89	0.00
2	6	0.00	0.00	0.49	0.79	0.00
3	3	0.00	0.06	0.59	1.09	0.00
3	7	0.00	0.00	0.30	0.78	0.00
Core	CPU	C1%	C3%	C6%	C8%	C9%
-	-	0.01	0.06	8.43	3.23	0.00
0	0	0.11	0.45	64.32	21.27	0.00
0	4	0.00	0.03	0.56	0.00	0.00
1	1	0.00	0.00	0.19	0.50	0.00
1	5	0.00	0.00	0.53	0.79	0.00
2	2	0.00	0.00	0.27	0.89	0.00
2	6	0.00	0.00	0.36	0.79	0.00
3	3	0.00	0.01	1.05	0.50	0.00
3	7	0.00	0.00	0.13	1.08	0.00
Core	CPU	C1%	C3%	C6%	C8%	C9%
-	-	0.04	0.03	8.51	3.74	0.00
0	0	0.29	0.25	64.78	21.71	0.00
0	4	0.00	0.00	0.56	0.00	0.00
1	1	0.00	0.00	0.25	1.19	0.00
1	5	0.00	0.00	0.32	1.09	0.00
2	2	0.00	0.01	0.29	1.78	0.00
2	6	0.00	0.00	0.10	0.89	0.00
3	3	0.00	0.00	1.35	2.15	0.00
3	7	0.00	0.00	0.46	1.07	0.00
Core	CPU	C1%	C3%	C6%	C8%	C9%
-	-	0.01	0.03	8.78	3.67	0.00
0	0	0.12	0.18	64.89	21.86	0.00
0	4	0.00	0.00	1.38	0.00	0.00
1	1	0.00	0.00	0.66	0.79	0.00
1	5	0.00	0.00	0.74	1.18	0.00
2	2	0.00	0.00	0.33	1.58	0.00
2	6	0.00	0.02	0.43	1.38	0.00
3	3	0.00	0.00	0.62	1.45	0.00
3	7	0.00	0.00	1.17	1.08	0.00
Core	CPU	C1%	C3%	C6%	C8%	C9%
-	-	0.01	0.05	8.13	3.48	0.00
0	0	0.09	0.38	62.53	21.04	0.00
0	4	0.00	0.02	0.50	0.00	0.00
1	1	0.00	0.00	0.30	1.00	0.00
1	5	0.00	0.00	0.26	1.41	0.00
2	2	0.00	0.00	0.37	0.98	0.00
2	6	0.00	0.00	0.35	1.08	0.00
3	3	0.00	0.00	0.44	1.12	0.00
3	7	0.00	0.00	0.33	1.19	0.00
Core	CPU	C1%	C3%	C6%	C8%	C9%
-	-	0.01	0.02	8.43	3.43	0.00
0	0	0.11	0.13	65.03	21.78	0.00
0	4	0.00	0.00	0.54	0.00	0.00
1	1	0.00	0.00	0.42	0.50	0.00
1	5	0.00	0.00	0.10	1.00	0.00
2	2	0.00	0.00	0.19	1.19	0.00
2	6	0.00	0.00	0.27	0.99	0.00
3	3	0.00	0.00	0.47	1.17	0.00
3	7	0.00	0.02	0.43	0.79	0.00
Core	CPU	C1%	C3%	C6%	C8%	C9%
-	-	0.01	0.06	8.76	3.24	0.11
0	0	0.09	0.44	64.23	21.31	0.00
0	4	0.00	0.00	0.87	0.00	0.00
1	1	0.00	0.00	0.27	0.89	0.00
1	5	0.00	0.00	0.54	1.68	0.00
2	2	0.00	0.00	1.12	0.30	0.91
2	6	0.00	0.02	1.09	0.19	0.00
3	3	0.00	0.04	1.27	1.05	0.00
3	7	0.00	0.00	0.67	0.49	0.00
Core	CPU	C1%	C3%	C6%	C8%	C9%
-	-	0.01	0.03	8.49	3.38	0.00
0	0	0.11	0.23	64.95	21.75	0.00
0	4	0.00	0.00	0.59	0.00	0.00
1	1	0.00	0.00	0.20	0.98	0.00
1	5	0.00	0.00	0.28	0.89	0.00
2	2	0.00	0.00	0.65	0.49	0.00
2	6	0.00	0.02	0.31	1.09	0.00
3	3	0.00	0.02	0.61	0.93	0.00
3	7	0.00	0.00	0.29	0.89	0.00
Core	CPU	C1%	C3%	C6%	C8%	C9%
-	-	0.01	0.04	8.41	3.56	0.00
0	0	0.09	0.24	64.73	21.98	0.00
0	4	0.00	0.04	0.50	0.00	0.00
1	1	0.00	0.02	0.19	0.60	0.00
1	5	0.00	0.00	0.09	0.60	0.00
2	2	0.00	0.00	0.29	1.48	0.00
2	6	0.00	0.00	0.56	1.29	0.00
3	3	0.00	0.00	0.56	1.39	0.00
3	7	0.00	0.00	0.33	1.18	0.00
Core	CPU	C1%	C3%	C6%	C8%	C9%
-	-	0.01	0.03	8.13	3.31	0.86
0	0	0.10	0.20	62.66	21.02	3.36
0	4	0.00	0.00	0.57	0.00	0.00
1	1	0.00	0.00	0.15	0.69	0.00
1	5	0.00	0.00	0.14	0.80	3.50
2	2	0.00	0.01	0.20	0.59	0.00
2	6	0.00	0.00	0.20	0.89	0.00
3	3	0.00	0.00	0.58	1.46	0.00
3	7	0.00	0.00	0.55	1.00	0.00
Core	CPU	C1%	C3%	C6%	C8%	C9%
-	-	0.01	0.06	8.63	3.65	0.26
0	0	0.10	0.50	64.90	21.46	0.00
0	4	0.00	0.00	0.50	0.00	2.09
1	1	0.00	0.00	0.28	1.18	0.00
1	5	0.00	0.00	1.25	1.08	0.00
2	2	0.00	0.00	0.25	1.89	0.00
2	6	0.00	0.00	0.23	0.99	0.00
3	3	0.00	0.00	1.22	1.50	0.00
3	7	0.00	0.00	0.42	1.08	0.00
Core	CPU	C1%	C3%	C6%	C8%	C9%
-	-	0.01	0.04	8.34	3.48	0.00
0	0	0.09	0.31	64.50	21.28	0.00
0	4	0.00	0.02	0.49	1.20	0.00
1	1	0.00	0.00	0.19	0.70	0.00
1	5	0.00	0.00	0.28	0.89	0.00
2	2	0.00	0.00	0.26	0.89	0.00
2	6	0.00	0.00	0.24	0.90	0.00
3	3	0.00	0.00	0.43	1.11	0.00
3	7	0.00	0.00	0.29	0.90	0.00
Core	CPU	C1%	C3%	C6%	C8%	C9%
-	-	0.01	0.04	8.58	3.50	0.00
0	0	0.11	0.29	65.03	21.61	0.00
0	4	0.00	0.00	0.55	0.00	0.00
1	1	0.00	0.00	0.14	1.18	0.00
1	5	0.00	0.00	1.21	1.09	0.00
2	2	0.00	0.00	0.09	0.85	0.00
2	6	0.00	0.00	0.20	0.98	0.00
3	3	0.00	0.00	0.49	1.39	0.00
3	7	0.00	0.00	0.93	0.89	0.00
Core	CPU	C1%	C3%	C6%	C8%	C9%
-	-	0.01	0.03	8.48	3.44	0.00
0	0	0.10	0.27	65.10	21.56	0.00
0	4	0.00	0.00	0.87	0.00	0.00
1	1	0.00	0.00	0.26	0.99	0.00
1	5	0.00	0.00	0.35	0.99	0.00
2	2	0.00	0.00	0.31	0.92	0.00
2	6	0.00	0.00	0.20	0.99	0.00
3	3	0.00	0.01	0.41	1.08	0.00
3	7	0.00	0.00	0.37	0.99	0.00
Core	CPU	C1%	C3%	C6%	C8%	C9%
-	-	0.01	0.07	8.22	3.42	0.44
0	0	0.09	0.51	62.81	20.63	0.00
0	4	0.00	0.00	0.50	0.00	0.00
1	1	0.00	0.00	0.22	1.29	0.00
1	5	0.00	0.00	0.27	0.90	3.51
2	2	0.00	0.00	0.25	1.29	0.00
2	6	0.00	0.00	0.24	0.99	0.00
3	3	0.00	0.02	1.02	1.30	0.00
3	7	0.00	0.00	0.42	0.99	0.00
Core	CPU	C1%	C3%	C6%	C8%	C9%
-	-	0.02	0.02	8.56	3.34	0.00
0	0	0.12	0.13	64.92	21.88	0.00
0	4	0.00	0.03	0.50	0.00	0.00
1	1	0.00	0.00	0.14	0.50	0.00
1	5	0.00	0.00	0.19	0.99	0.00
2	2	0.00	0.00	0.27	0.89	0.00
2	6	0.00	0.00	0.36	0.79	0.00
3	3	0.00	0.02	1.14	0.90	0.00
3	7	0.00	0.01	0.99	0.79	0.00
Core	CPU	C1%	C3%	C6%	C8%	C9%
-	-	0.01	0.14	8.50	6.97	0.00
0	0	0.09	0.86	64.17	21.39	0.00
0	4	0.00	0.00	0.60	0.41	0.00
1	1	0.00	0.00	0.67	0.60	0.00
1	5	0.00	0.00	0.30	1.19	0.00
2	2	0.00	0.00	0.18	0.85	0.00
2	6	0.00	0.00	0.38	0.89	0.00
3	3	0.00	0.00	0.58	1.20	0.00
3	7	0.01	0.25	1.10	29.20	0.00
Core	CPU	C1%	C3%	C6%	C8%	C9%
-	-	0.02	0.03	8.63	3.43	0.00
0	0	0.12	0.17	64.99	21.77	0.00
0	4	0.00	0.00	0.94	0.09	0.00
1	1	0.00	0.00	0.17	1.09	0.00
1	5	0.00	0.00	0.35	0.79	0.00
2	2	0.00	0.00	0.63	0.51	0.00
2	6	0.00	0.02	0.30	1.29	0.00
3	3	0.00	0.03	0.66	1.49	0.00
3	7	0.00	0.00	0.97	0.40	0.00
Core	CPU	C1%	C3%	C6%	C8%	C9%
-	-	0.01	0.04	8.54	3.61	0.00
0	0	0.12	0.26	64.98	21.69	0.00
0	4	0.00	0.02	0.58	0.00	0.00
1	1	0.00	0.00	0.10	0.79	0.00
1	5	0.00	0.00	0.36	0.90	0.00
2	2	0.00	0.00	0.25	1.68	0.00
2	6	0.00	0.00	0.14	0.99	0.00
3	3	0.00	0.01	1.68	1.70	0.00
3	7	0.00	0.00	0.19	1.10	0.00
Core	CPU	C1%	C3%	C6%	C8%	C9%
-	-	0.01	0.04	8.42	3.27	0.00
0	0	0.10	0.31	62.76	20.90	0.00
0	4	0.00	0.00	0.92	0.00	0.00
1	1	0.00	0.01	0.49	0.11	0.00
1	5	0.00	0.00	0.10	1.22	0.00
2	2	0.00	0.00	0.28	0.89	0.00
2	6	0.00	0.00	0.49	1.09	0.00
3	3	0.00	0.02	1.48	1.19	0.00
3	7	0.00	0.00	0.83	0.78	0.00
Core	CPU	C1%	C3%	C6%	C8%	C9%
-	-	0.02	0.02	8.54	3.67	0.00
0	0	0.13	0.15	64.91	21.90	0.00
0	4	0.00	0.00	0.97	0.00	0.00
1	1	0.00	0.00	0.45	1.09	0.00
1	5	0.00	0.00	0.32	1.40	0.00
2	2	0.00	0.02	0.20	0.90	0.00
2	6	0.00	0.00	0.30	1.19	0.00
3	3	0.00	0.02	0.69	1.39	0.00
3	7	0.00	0.00	0.46	1.48	0.00
Core	CPU	C1%	C3%	C6%	C8%	C9%
-	-	0.01	0.05	8.38	3.47	0.11
0	0	0.10	0.39	64.62	21.01	0.00
0	4	0.00	0.01	0.60	0.34	0.91
1	1	0.00	0.00	0.18	1.09	0.00
1	5	0.00	0.00	0.27	0.98	0.00
2	2	0.00	0.00	0.25	1.08	0.00
2	6	0.00	0.00	0.24	0.99	0.00
3	3	0.00	0.03	0.61	1.18	0.00
3	7	0.00	0.00	0.30	1.09	0.00
Core	CPU	C1%	C3%	C6%	C8%	C9%
-	-	0.01	0.04	8.64	4.04	0.00
0	0	0.12	0.24	64.81	21.76	0.00
0	4	0.00	0.04	1.18	0.50	0.00
1	1	0.00	0.02	0.30	0.40	0.00
1	5	0.00	0.00	0.19	2.37	0.00
2	2	0.00	0.00	0.37	1.68	0.00
2	6	0.00	0.00	0.46	1.48	0.00
3	3	0.00	0.00	1.44	2.49	0.00
3	7	0.00	0.02	0.39	1.59	0.00
Core	CPU	C1%	C3%	C6%	C8%	C9%
-	-	0.01	0.03	8.38	3.38	0.00
0	0	0.11	0.20	64.88	21.89	0.00
0	4	0.00	0.00	0.46	0.10	0.00
1	1	0.00	0.00	0.23	1.00	0.00
1	5	0.00	0.00	0.13	0.81	0.00
2	2	0.00	0.01	0.30	0.30	0.00
2	6	0.00	0.00	0.10	1.09	0.00
3	3	0.00	0.00	0.60	1.09	0.00
3	7	0.00	0.00	0.36	0.79	0.00
Core	CPU	C1%	C3%	C6%	C8%	C9%
-	-	0.02	0.06	8.21	3.35	0.00
0	0	0.16	0.47	62.68	20.76	0.00
0	4	0.00	0.00	0.59	0.00	0.00
1	1	0.00	0.00	0.28	0.88	0.00
1	5	0.00	0.00	0.26	0.89	0.00
2	2	0.00	0.00	0.24	1.09	0.00
2	6	0.00	0.00	0.23	0.99	0.00
3	3	0.00	0.00	1.02	1.23	0.00
3	7	0.00	0.00	0.38	0.98	0.00
Core	CPU	C1%	C3%	C6%	C8%	C9%
-	-	0.01	0.02	8.59	3.40	0.05
0	0	0.11	0.06	65.10	21.81	0.00
0	4	0.00	0.03	0.60	0.00	0.00
1	1	0.00	0.00	0.10	0.90	0.00
1	5	0.00	0.00	0.19	0.99	0.00
2	2	0.00	0.00	0.37	0.99	0.00
2	6	0.00	0.00	0.35	0.89	0.00
3	3	0.00	0.05	1.22	1.30	0.00
3	7	0.00	0.02	0.79	0.30	0.41
Core	CPU	C1%	C3%	C6%	C8%	C9%
-	-	0.01	0.05	8.55	3.24	0.10
0	0	0.09	0.41	64.60	21.14	0.00
0	4	0.00	0.00	0.55	0.00	0.00
1	1	0.00	0.00	0.14	0.99	0.83
1	5	0.00	0.02	0.28	0.60	0.00
2	2	0.00	0.00	0.79	0.60	0.00
2	6	0.00	0.00	0.29	0.88	0.00
3	3	0.00	0.00	1.41	0.79	0.00
3	7	0.00	0.00	0.33	0.89	0.00
Core	CPU	C1%	C3%	C6%	C8%	C9%
-	-	0.01	0.03	8.64	3.51	0.00
0	0	0.12	0.23	64.90	21.85	0.00
0	4	0.00	0.00	1.07	0.00	0.00
1	1	0.00	0.00	0.95	0.49	0.00
1	5	0.00	0.00	0.24	1.29	0.00
2	2	0.00	0.00	0.51	0.70	0.00
2	6	0.00	0.00	0.10	1.39	0.00
3	3	0.00	0.00	0.50	1.25	0.00
3	7	0.00	0.00	0.86	1.09	0.00
Core	CPU	C1%	C3%	C6%	C8%	C9%
-	-	0.01	0.03	8.45	3.55	0.00
0	0	0.10	0.16	64.74	21.99	0.00
0	4	0.00	0.00	0.49	0.00	0.00
1	1	0.00	0.00	0.32	1.39	0.00
1	5	0.00	0.00	0.44	1.49	0.00
2	2	0.00	0.05	0.39	0.69	0.00
2	6	0.00	0.00	0.32	0.90	0.00
3	3	0.00	0.01	0.60	0.95	0.00
3	7	0.00	0.01	0.28	0.99	0.00
Core	CPU	C1%	C3%	C6%	C8%	C9%
-	-	0.01	0.05	8.34	3.22	0.43
0	0	0.10	0.37	63.03	20.50	0.00
0	4	0.00	0.03	0.50	0.00	0.00
1	1	0.00	0.00	0.30	0.30	0.00
1	5	0.00	0.00	0.19	0.99	3.48
2	2	0.00	0.00	0.37	0.79	0.00
2	6	0.00	0.00	0.35	0.99	0.00
3	3	0.00	0.00	1.11	1.40	0.00
3	7	0.00	0.00	0.89	0.79	0.00
Core	CPU	C1%	C3%	C6%	C8%	C9%
-	-	0.01	0.05	8.53	3.41	0.00
0	0	0.11	0.38	65.14	21.38	0.00
0	4	0.00	0.00	0.46	0.41	0.00
1	1	0.00	0.00	0.14	0.99	0.00
1	5	0.00	0.00	0.20	1.03	0.00
2	2	0.00	0.00	0.09	0.60	0.00
2	6	0.00	0.00	0.48	0.80	0.00
3	3	0.00	0.00	0.92	1.30	0.00
3	7	0.00	0.00	0.82	0.80	0.00
Core	CPU	C1%	C3%	C6%	C8%	C9%
-	-	0.01	0.05	8.38	3.43	0.00
0	0	0.10	0.39	64.00	21.72	0.00
0	4	0.00	0.00	0.37	0.80	0.00
1	1	0.00	0.00	0.54	0.40	0.00
1	5	0.00	0.00	0.45	0.69	0.00
2	2	0.00	0.03	0.38	0.90	0.00
2	6	0.00	0.00	0.28	1.49	0.00
3	3	0.00	0.00	0.54	0.81	0.00
3	7	0.00	0.00	0.46	0.60	0.00
Core	CPU	C1%	C3%	C6%	C8%	C9%
-	-	0.01	0.02	8.60	3.46	0.00
0	0	0.11	0.18	64.79	22.00	0.00
0	4	0.00	0.00	0.39	0.11	0.00
1	1	0.00	0.00	0.67	1.78	0.00
1	5	0.00	0.00	0.35	0.90	0.00
2	2	0.00	0.00	0.94	0.39	0.00
2	6	0.00	0.00	0.83	0.39	0.00
3	3	0.00	0.01	0.51	1.00	0.00
3	7	0.00	0.00	0.29	1.08	0.00
Core	CPU	C1%	C3%	C6%	C8%	C9%
-	-	0.01	0.06	8.51	3.93	0.00
0	0	0.12	0.43	64.62	21.83	0.00
0	4	0.00	0.02	0.51	0.00	0.00
1	1	0.00	0.00	0.30	1.38	0.00
1	5	0.00	0.00	0.30	1.28	0.00
2	2	0.00	0.00	0.97	1.28	0.00
2	6	0.00	0.00	0.73	2.76	0.00
3	3	0.00	0.02	0.46	1.60	0.00
3	7	0.00	0.02	0.20	1.28	0.00
Core	CPU	C1%	C3%	C6%	C8%	C9%
-	-	0.01	0.04	8.44	3.37	0.43
0	0	0.10	0.30	64.97	21.54	0.00
0	4	0.00	0.00	0.55	0.00	0.00
1	1	0.00	0.00	0.23	0.70	0.00
1	5	0.00	0.02	0.19	0.90	3.46
2	2	0.00	0.00	0.10	0.79	0.00
2	6	0.00	0.00	0.29	0.89	0.00
3	3	0.00	0.01	1.02	1.18	0.00
3	7	0.00	0.00	0.14	0.99	0.00
Core	CPU	C1%	C3%	C6%	C8%	C9%
-	-	0.01	0.02	8.51	3.46	0.07
0	0	0.11	0.16	65.10	21.70	0.00
0	4	0.00	0.00	0.77	0.20	0.60
1	1	0.00	0.00	0.46	0.99	0.00
1	5	0.00	0.00	0.24	0.99	0.00
2	2	0.00	0.00	0.42	1.00	0.00
2	6	0.00	0.00	0.10	1.19	0.00
3	3	0.00	0.03	0.69	0.85	0.00
3	7	0.00	0.00	0.27	0.79	0.00
Core	CPU	C1%	C3%	C6%	C8%	C9%
-	-	0.01	0.09	8.43	3.55	0.00
0	0	0.10	0.58	64.15	21.31	0.00
0	4	0.00	0.00	0.79	0.00	0.00
1	1	0.00	0.00	0.20	1.18	0.00
1	5	0.00	0.00	0.47	1.78	0.00
2	2	0.00	0.06	0.35	1.19	0.00
2	6	0.00	0.01	0.24	1.19	0.00
3	3	0.00	0.07	0.96	0.93	0.00
3	7	0.00	0.00	0.29	0.79	0.00
Core	CPU	C1%	C3%	C6%	C8%	C9%
-	-	0.01	0.03	8.55	3.42	0.00
0	0	0.11	0.15	64.89	21.89	0.00
0	4	0.00	0.04	0.69	0.00	0.00
1	1	0.00	0.01	0.30	0.79	0.00
1	5	0.00	0.00	0.10	0.89	0.00
2	2	0.00	0.00	0.67	0.50	0.00
2	6	0.00	0.00	0.75	0.60	0.00
3	3	0.00	0.00	0.64	1.58	0.00
3	7	0.00	0.00	0.32	1.09	0.00
Core	CPU	C1%	C3%	C6%	C8%	C9%
-	-	0.01	0.13	8.65	6.44	0.00
0	0	0.10	0.81	65.01	21.38	0.00
0	4	0.00	0.00	0.86	0.21	0.00
1	1	0.00	0.00	0.49	1.38	0.00
1	5	0.00	0.00	0.22	1.09	0.00
2	2	0.00	0.02	0.39	1.09	0.00
2	6	0.00	0.00	0.20	0.89	0.00
3	3	0.00	0.00	1.10	1.08	0.00
3	7	0.01	0.19	0.99	24.37	0.00
Core	CPU	C1%	C3%	C6%	C8%	C9%
-	-	0.01	0.07	8.27	3.72	0.42
0	0	0.11	0.48	62.76	20.76	3.38
0	4	0.00	0.00	0.45	0.20	0.00
1	1	0.00	0.00	0.38	1.19	0.00
1	5	0.00	0.00	0.13	0.79	0.00
2	2	0.00	0.00	0.10	0.89	0.00
2	6	0.00	0.00	0.28	1.00	0.00
3	3	0.00	0.00	1.26	0.83	0.00
3	7	0.00	0.08	0.76	4.07	0.00
Core	CPU	C1%	C3%	C6%	C8%	C9%
-	-	0.01	0.01	8.53	3.45	0.00
0	0	0.12	0.06	64.89	22.02	0.00
0	4	0.00	0.00	0.34	0.31	0.00
1	1	0.00	0.00	0.71	0.69	0.00
1	5	0.00	0.00	0.28	0.70	0.00
2	2	0.00	0.00	0.67	0.90	0.00
2	6	0.00	0.00	0.28	0.98	0.00
3	3	0.00	0.00	0.57	1.19	0.00
3	7	0.00	0.00	0.52	0.79	0.00
Core	CPU	C1%	C3%	C6%	C8%	C9%
-	-	0.01	0.11	8.44	3.46	0.00
0	0	0.10	0.84	64.52	20.76	0.00
0	4	0.00	0.00	0.75	0.31	0.00
1	1	0.00	0.00	0.70	0.90	0.00
1	5	0.00	0.00	0.23	1.19	0.00
2	2	0.00	0.02	0.19	1.20	0.00
2	6	0.00	0.00	0.19	1.19	0.00
3	3	0.00	0.00	0.49	1.17	0.00
3	7	0.00	0.00	0.47	0.99	0.00
Core	CPU	C1%	C3%	C6%	C8%	C9%
-	-	0.02	0.02	8.51	3.51	0.00
0	0	0.13	0.16	64.88	21.92	0.00
0	4	0.00	0.00	0.50	0.00	0.00
1	1	0.00	0.00	0.18	0.99	0.00
1	5	0.00	0.00	0.36	0.99	0.00
2	2	0.00	0.00	0.54	0.79	0.00
2	6	0.00	0.00	0.23	1.19	0.00
3	3	0.00	0.01	1.09	1.45	0.00
3	7	0.00	0.00	0.29	0.78	0.00
Core	CPU	C1%	C3%	C6%	C8%	C9%
-	-	0.02	0.03	8.69	3.36	0.00
0	0	0.13	0.15	64.81	22.00	0.00
0	4	0.00	0.02	0.39	0.11	0.00
1	1	0.00	0.00	0.54	0.60	0.00
1	5	0.00	0.00	0.78	0.88	0.00
2	2	0.00	0.00	0.37	0.88	0.00
2	6	0.00	0.00	0.31	1.28	0.00
3	3	0.00	0.04	1.41	0.70	0.00
3	7	0.00	0.01	0.90	0.39	0.00
Core	CPU	C1%	C3%	C6%	C8%	C9%
-	-	0.01	0.05	8.20	3.29	0.00
0	0	0.09	0.16	62.77	21.03	0.00
0	4	0.00	0.00	0.56	0.00	0.00
1	1	0.00	0.00	0.24	0.60	0.00
1	5	0.00	0.25	0.10	0.50	0.00
2	2	0.00	0.00	0.19	0.90	0.00
2	6	0.00	0.00	0.37	0.99	0.00
3	3	0.00	0.02	1.17	1.07	0.00
3	7	0.00	0.00	0.24	1.28	0.00
Core	CPU	C1%	C3%	C6%	C8%	C9%
-	-	0.01	0.02	8.49	3.48	0.00
0	0	0.12	0.16	65.01	21.78	0.00
0	4	0.00	0.00	0.97	0.00	0.00
1	1	0.00	0.00	0.26	0.99	0.00
1	5	0.00	0.00	0.15	1.00	0.00
2	2	0.00	0.00	0.32	1.09	0.00
2	6	0.00	0.00	0.25	1.28	0.00
3	3	0.00	0.02	0.59	0.94	0.00
3	7	0.00	0.00	0.37	0.79	0.00
Core	CPU	C1%	C3%	C6%	C8%	C9%
-	-	0.01	0.07	8.42	3.55	0.11
0	0	0.11	0.52	64.32	21.24	0.00
0	4	0.00	0.00	0.50	0.00	0.00
1	1	0.00	0.00	0.19	1.08	0.00
1	5	0.00	0.00	0.37	1.77	0.00
2	2	0.00	0.00	0.25	1.09	0.00
2	6	0.00	0.01	0.42	1.38	0.91
3	3	0.00	0.05	1.02	1.05	0.00
3	7	0.00	0.00	0.30	0.78	0.00
Core	CPU	C1%	C3%	C6%	C8%	C9%
-	-	0.02	0.03	8.63	3.32	0.00
0	0	0.12	0.22	64.76	21.95	0.00
0	4	0.00	0.03	0.50	0.00	0.00
1	1	0.00	0.00	0.39	0.60	0.00
1	5	0.00	0.00	0.20	1.08	0.00
2	2	0.00	0.00	0.56	1.10	0.00
2	6	0.00	0.00	0.46	0.89	0.00
3	3	0.00	0.00	1.18	0.52	0.00
3	7	0.00	0.02	0.99	0.39	0.00
Core	CPU	C1%	C3%	C6%	C8%	C9%
-	-	0.01	0.03	8.33	3.49	0.00
0	0	0.10	0.24	64.71	21.98	0.00
0	4	0.00	0.00	0.56	0.00	0.00
1	1	0.00	0.00	0.14	0.69	0.00
1	5	0.00	0.00	0.22	0.79	0.00
2	2	0.00	0.00	0.00	0.60	0.00
2	6	0.00	0.00	0.34	1.67	0.00
3	3	0.00	0.00	0.49	1.17	0.00
3	7	0.00	0.00	0.15	0.99	0.00
Core	CPU	C1%	C3%	C6%	C8%	C9%
-	-	0.01	0.05	8.45	3.21	0.00
0	0	0.11	0.34	62.63	20.99	0.00
0	4	0.00	0.00	0.87	0.11	0.00
1	1	0.00	0.00	0.36	0.99	0.00
1	5	0.00	0.00	0.25	0.90	0.00
2	2	0.00	0.00	1.03	0.39	0.00
2	6	0.00	0.02	0.90	0.39	0.00
3	3	0.00	0.00	0.78	0.95	0.00
3	7	0.00	0.00	0.77	0.99	0.00
Core	CPU	C1%	C3%	C6%	C8%	C9%
-	-	0.02	0.04	8.63	3.46	0.00
0	0	0.13	0.28	64.99	21.67	0.00
0	4	0.00	0.02	0.59	0.00	0.00
1	1	0.00	0.00	0.13	0.59	0.00
1	5	0.00	0.00	0.28	0.98	0.00
2	2	0.00	0.00	1.15	1.28	0.00
2	6	0.00	0.00	0.25	0.99	0.00
3	3	0.00	0.02	1.58	1.16	0.00
3	7	0.00	0.01	0.10	0.99	0.00
Core	CPU	C1%	C3%	C6%	C8%	C9%
-	-	0.01	0.06	8.62	3.42	0.17
0	0	0.10	0.42	64.32	21.23	0.00
0	4	0.00	0.00	0.50	0.00	1.40
1	1	0.00	0.00	0.49	0.98	0.00
1	5	0.00	0.00	0.57	1.29	0.00
2	2	0.00	0.00	0.44	1.48	0.00
2	6	0.00	0.01	1.15	0.83	0.00
3	3	0.00	0.04	0.71	1.22	0.00
3	7	0.00	0.00	0.79	0.30	0.00
Core	CPU	C1%	C3%	C6%	C8%	C9%
-	-	0.02	0.02	8.61	3.31	0.10
0	0	0.12	0.14	64.90	21.91	0.00
0	4	0.00	0.00	0.63	0.90	0.81
1	1	0.00	0.00	0.62	0.00	0.00
1	5	0.00	0.00	0.69	0.29	0.00
2	2	0.00	0.00	0.19	0.98	0.00
2	6	0.00	0.00	0.67	0.59	0.00
3	3	0.00	0.00	0.58	0.78	0.00
3	7	0.00	0.00	0.62	0.99	0.00
Core	CPU	C1%	C3%	C6%	C8%	C9%
-	-	0.01	0.06	8.68	3.50	0.00
0	0	0.10	0.43	65.00	21.47	0.00
0	4	0.00	0.00	0.96	0.11	0.00
1	1	0.00	0.00	0.45	0.99	0.00
1	5	0.00	0.00	0.53	1.09	0.00
2	2	0.00	0.02	0.29	0.89	0.00
2	6	0.00	0.00	0.69	1.09	0.00
3	3	0.00	0.02	0.60	1.14	0.00
3	7	0.00	0.00	0.96	1.18	0.00
Core	CPU	C1%	C3%	C6%	C8%	C9%
-	-	0.01	0.10	8.29	3.25	0.00
0	0	0.10	0.42	63.00	20.53	0.00
0	4	0.00	0.00	0.50	0.00	0.00
1	1	0.00	0.00	0.18	0.99	0.00
1	5	0.00	0.37	0.27	1.09	0.00
2	2	0.00	0.00	0.25	0.99	0.00
2	6	0.00	0.01	0.33	1.30	0.00
3	3	0.00	0.04	1.53	0.15	0.00
3	7	0.00	0.00	0.29	0.98	0.00
Core	CPU	C1%	C3%	C6%	C8%	C9%
-	-	0.01	0.03	8.59	3.44	0.00
0	0	0.10	0.23	65.02	21.70	0.00
0	4	0.01	0.00	0.58	0.28	0.00
1	1	0.00	0.01	0.10	0.40	0.00
1	5	0.00	0.00	0.28	0.99	0.00
2	2	0.00	0.00	0.36	0.89	0.00
2	6	0.00	0.00	0.53	2.06	0.00
3	3	0.00	0.00	1.04	0.40	0.00
3	7	0.00	0.01	0.80	0.79	0.00
Core	CPU	C1%	C3%	C6%	C8%	C9%
-	-	0.01	0.03	8.42	3.41	0.00
0	0	0.11	0.18	64.44	21.54	0.00
0	4	0.00	0.00	0.70	0.00	0.00
1	1	0.00	0.00	0.54	0.80	0.00
1	5	0.00	0.01	0.62	0.59	0.00
2	2	0.00	0.00	0.09	0.40	0.00
2	6	0.00	0.01	0.37	2.08	0.00
3	3	0.00	0.00	0.26	1.08	0.00
3	7	0.00	0.00	0.37	0.80	0.00
Core	CPU	C1%	C3%	C6%	C8%	C9%
-	-	0.02	0.01	8.56	3.66	0.00
0	0	0.12	0.07	64.77	22.12	0.00
0	4	0.00	0.00	0.68	0.69	0.00
1	1	0.00	0.00	0.27	1.19	0.00
1	5	0.00	0.04	0.71	1.40	0.00
2	2	0.00	0.00	0.32	1.19	0.00
2	6	0.00	0.00	1.09	0.79	0.00
3	3	0.00	0.00	0.29	0.94	0.00
3	7	0.00	0.00	0.38	1.00	0.00
Core	CPU	C1%	C3%	C6%	C8%	C9%
-	-	0.01	0.04	8.62	3.45	0.00
0	0	0.11	0.28	64.72	21.87	0.00
0	4	0.00	0.02	0.36	0.23	0.00
1	1	0.00	0.00	0.16	1.10	0.00
1	5	0.00	0.02	1.42	1.00	0.00
2	2	0.00	0.00	0.49	0.79	0.00
2	6	0.00	0.00	0.24	0.99	0.00
3	3	0.00	0.00	0.68	0.63	0.00
3	7	0.00	0.00	0.88	1.00	0.00
Core	CPU	C1%	C3%	C6%	C8%	C9%
-	-	0.01	0.04	8.31	3.41	0.00
0	0	0.11	0.30	62.66	21.03	0.00
0	4	0.00	0.00	0.71	0.81	0.00
1	1	0.00	0.01	1.37	0.80	0.00
1	5	0.00	0.01	0.31	1.09	0.00
2	2	0.00	0.00	0.46	0.91	0.00
2	6	0.00	0.00	0.41	0.80	0.00
3	3	0.00	0.00	0.24	0.99	0.00
3	7	0.00	0.00	0.32	0.90	0.00
Core	CPU	C1%	C3%	C6%	C8%	C9%
-	-	0.01	0.05	8.54	3.50	0.00
0	0	0.10	0.37	65.23	21.28	0.00
0	4	0.00	0.00	0.56	0.89	0.00
1	1	0.00	0.00	0.25	0.99	0.00
1	5	0.00	0.00	1.03	0.60	0.00
2	2	0.00	0.01	0.29	0.80	0.00
2	6	0.00	0.00	0.14	1.68	0.00
3	3	0.00	0.00	0.39	1.14	0.00
3	7	0.00	0.00	0.45	0.59	0.00
Core	CPU	C1%	C3%	C6%	C8%	C9%
-	-	0.01	0.17	8.46	6.98	0.00
0	0	0.09	1.13	64.35	20.93	0.00
0	4	0.00	0.00	0.10	0.40	0.00
1	1	0.00	0.00	0.47	1.56	0.00
1	5	0.00	0.00	0.48	1.09	0.00
2	2	0.00	0.00	0.15	0.99	0.00
2	6	0.00	0.00	0.23	1.08	0.00
3	3	0.00	0.04	0.84	0.67	0.00
3	7	0.01	0.19	1.04	29.10	0.00
Core	CPU	C1%	C3%	C6%	C8%	C9%
-	-	0.01	0.01	8.48	3.43	0.00
0	0	0.10	0.05	64.86	22.01	0.00
0	4	0.00	0.00	0.13	0.39	0.00
1	1	0.00	0.00	0.10	0.79	0.00
1	5	0.00	0.03	0.59	1.09	0.00
2	2	0.00	0.00	0.27	0.99	0.00
2	6	0.00	0.00	0.36	0.99	0.00
3	3	0.00	0.00	0.73	0.42	0.00
3	7	0.00	0.00	0.80	0.79	0.00
Core	CPU	C1%	C3%	C6%	C8%	C9%
-	-	0.02	0.01	8.53	3.51	0.14
0	0	0.12	0.07	65.02	21.87	0.00
0	4	0.00	0.00	0.24	0.79	1.10
1	1	0.00	0.00	0.61	0.60	0.00
1	5	0.00	0.02	0.90	0.60	0.00
2	2	0.00	0.00	0.29	1.08	0.00
2	6	0.00	0.00	0.37	0.88	0.00
3	3	0.00	0.00	0.29	1.18	0.00
3	7	0.00	0.00	0.54	1.08	0.00
Core	CPU	C1%	C3%	C6%	C8%	C9%
-	-	0.01	0.07	8.19	3.40	0.09
0	0	0.10	0.43	62.90	20.59	0.00
0	4	0.00	0.00	0.45	0.40	0.00
1	1	0.00	0.00	0.24	0.60	0.00
1	5	0.01	0.09	0.34	0.69	0.72
2	2	0.00	0.00	0.09	0.61	0.00
2	6	0.00	0.00	0.50	1.69	0.00
3	3	0.00	0.00	0.50	1.67	0.00
3	7	0.00	0.00	0.53	0.99	0.00
Core	CPU	C1%	C3%	C6%	C8%	C9%
-	-	0.01	0.03	8.63	3.53	0.00
0	0	0.10	0.26	64.93	21.70	0.00
0	4	0.00	0.00	0.77	0.21	0.00
1	1	0.00	0.00	0.17	1.67	0.00
1	5	0.00	0.00	0.47	1.09	0.00
2	2	0.00	0.00	1.02	0.79	0.00
2	6	0.00	0.02	0.90	0.79	0.00
3	3	0.00	0.00	0.38	1.02	0.00
3	7	0.00	0.00	0.38	0.98	0.00
Core	CPU	C1%	C3%	C6%	C8%	C9%
-	-	0.02	0.03	8.42	3.25	0.00
0	0	0.14	0.25	64.54	21.30	0.00
0	4	0.00	0.02	0.70	0.00	0.00
1	1	0.00	0.00	0.10	0.99	0.00
1	5	0.00	0.00	0.49	1.19	0.00
2	2	0.00	0.00	0.46	0.51	0.00
2	6	0.00	0.00	0.32	0.78	0.00
3	3	0.00	0.00	0.63	0.51	0.00
3	7	0.00	0.00	0.10	0.72	0.00
Core	CPU	C1%	C3%	C6%	C8%	C9%
-	-	0.01	0.04	8.43	3.34	0.00
0	0	0.11	0.30	65.34	21.33	0.00
0	4	0.00	0.00	0.54	0.00	0.00
1	1	0.00	0.00	0.23	0.49	0.00
1	5	0.00	0.02	0.31	0.81	0.00
2	2	0.00	0.00	0.39	0.60	0.00
2	6	0.00	0.00	0.19	0.99	0.00
3	3	0.00	0.00	0.26	1.56	0.00
3	7	0.00	0.00	0.15	0.99	0.00
Core	CPU	C1%	C3%	C6%	C8%	C9%
-	-	0.01	0.03	8.49	3.52	0.00
0	0	0.11	0.17	64.79	21.97	0.00
0	4	0.00	0.00	0.88	0.00	0.00
1	1	0.00	0.00	0.26	1.20	0.00
1	5	0.00	0.00	0.79	1.09	0.00
2	2	0.00	0.00	0.32	1.00	0.00
2	6	0.00	0.04	0.19	1.09	0.00
3	3	0.00	0.00	0.29	0.85	0.00
3	7	0.00	0.00	0.37	0.98	0.00
Core	CPU	C1%	C3%	C6%	C8%	C9%
-	-	0.01	0.09	8.41	3.48	0.00
0	0	0.09	0.49	63.11	20.34	0.00
0	4	0.00	0.00	0.90	0.00	0.00
1	1	0.00	0.00	0.20	1.38	0.00
1	5	0.00	0.12	0.57	0.99	0.00
2	2	0.00	0.06	0.42	1.66	0.00
2	6	0.00	0.00	1.11	0.59	0.00
3	3	0.00	0.02	0.39	1.61	0.00
3	7	0.00	0.00	0.59	1.29	0.00
Core	CPU	C1%	C3%	C6%	C8%	C9%
-	-	0.01	0.05	8.67	3.54	0.13
0	0	0.09	0.39	65.24	21.27	0.00
0	4	0.00	0.00	0.83	0.00	0.00
1	1	0.00	0.02	0.59	1.88	0.00
1	5	0.00	0.00	0.28	1.19	0.00
2	2	0.00	0.00	1.59	0.80	0.00
2	6	0.00	0.00	0.27	0.99	1.00
3	3	0.00	0.00	0.45	0.98	0.00
3	7	0.00	0.00	0.13	1.18	0.00
Core	CPU	C1%	C3%	C6%	C8%	C9%
-	-	0.01	0.05	8.50	3.47	0.33
0	0	0.08	0.41	64.29	21.33	0.94
0	4	0.00	0.00	0.67	0.18	1.68
1	1	0.00	0.00	0.70	0.93	0.00
1	5	0.00	0.00	0.13	0.99	0.00
2	2	0.00	0.00	0.72	0.60	0.00
2	6	0.00	0.00	0.20	1.38	0.00
3	3	0.00	0.00	0.37	1.25	0.00
3	7	0.00	0.00	0.95	1.09	0.00
Core	CPU	C1%	C3%	C6%	C8%	C9%
-	-	0.01	0.05	8.58	3.51	0.09
0	0	0.11	0.37	64.98	21.61	0.00
0	4	0.00	0.00	0.59	0.00	0.69
1	1	0.00	0.00	0.28	0.89	0.00
1	5	0.00	0.00	0.46	0.89	0.00
2	2	0.00	0.00	1.55	1.58	0.00
2	6	0.00	0.00	0.33	1.28	0.00
3	3	0.00	0.00	0.19	1.04	0.00
3	7	0.00	0.00	0.29	0.78	0.00
Core	CPU	C1%	C3%	C6%	C8%	C9%
-	-	0.01	0.06	8.75	3.72	0.00
0	0	0.10	0.42	64.92	21.55	0.00
0	4	0.00	0.03	0.69	0.11	0.00
1	1	0.00	0.00	0.11	0.80	0.00
1	5	0.00	0.00	0.37	1.87	0.00
2	2	0.00	0.00	1.38	1.49	0.00
2	6	0.00	0.00	0.45	1.57	0.00
3	3	0.00	0.00	1.03	1.68	0.00
3	7	0.00	0.03	1.09	0.70	0.00
Core	CPU	C1%	C3%	C6%	C8%	C9%
-	-	0.01	0.07	8.33	3.16	0.00
0	0	0.11	0.39	62.75	20.82	0.00
0	4	0.00	0.00	0.75	0.00	0.00
1	1	0.00	0.00	0.43	0.69	0.00
1	5	0.00	0.17	0.13	0.59	0.00
2	2	0.00	0.01	1.00	0.00	0.00
2	6	0.00	0.00	0.28	1.29	0.00
3	3	0.00	0.00	0.37	1.26	0.00
3	7	0.00	0.00	0.93	0.59	0.00
Core	CPU	C1%	C3%	C6%	C8%	C9%
-	-	0.06	0.03	8.67	3.32	0.00
0	0	0.11	0.23	65.01	21.67	0.00
0	4	0.00	0.00	0.98	0.00	0.00
1	1	0.39	0.00	0.36	0.99	0.00
1	5	0.00	0.00	0.34	1.19	0.00
2	2	0.00	0.04	1.21	0.49	0.00
2	6	0.00	0.00	0.70	0.70	0.00
3	3	0.00	0.00	0.35	0.84	0.00
3	7	0.00	0.00	0.37	0.69	0.00
Core	CPU	C1%	C3%	C6%	C8%	C9%
-	-	0.01	0.05	8.39	3.46	0.11
0	0	0.11	0.35	64.24	21.57	0.00
0	4	0.00	0.00	0.49	0.00	0.00
1	1	0.00	0.00	0.28	1.09	0.00
1	5	0.00	0.00	0.46	0.99	0.00
2	2	0.00	0.01	0.67	1.09	0.00
2	6	0.00	0.01	0.25	1.29	0.91
3	3	0.00	0.02	0.44	0.83	0.00
3	7	0.00	0.00	0.29	0.79	0.00
Core	CPU	C1%	C3%	C6%	C8%	C9%
-	-	0.01	0.06	8.64	3.31	0.00
0	0	0.11	0.39	64.74	21.86	0.00
0	4	0.00	0.02	0.57	0.29	0.00
1	1	0.00	0.02	0.30	0.20	0.00
1	5	0.00	0.00	0.54	0.60	0.00
2	2	0.00	0.02	0.60	1.08	0.00
2	6	0.00	0.00	1.06	0.69	0.00
3	3	0.00	0.03	0.76	1.00	0.00
3	7	0.00	0.00	0.53	0.79	0.00
Core	CPU	C1%	C3%	C6%	C8%	C9%
-	-	0.02	0.06	8.42	3.38	0.16
0	0	0.12	0.41	64.80	21.71	0.00
0	4	0.00	0.00	0.61	0.00	1.30
1	1	0.00	0.00	0.14	0.89	0.00
1	5	0.00	0.00	0.32	0.69	0.00
2	2	0.00	0.04	0.49	0.99	0.00
2	6	0.00	0.00	0.29	1.08	0.00
3	3	0.00	0.00	0.46	0.78	0.00
3	7	0.00	0.00	0.26	0.88	0.00
Core	CPU	C1%	C3%	C6%	C8%	C9%
-	-	0.01	0.06	8.52	3.55	0.00
0	0	0.09	0.49	62.90	20.57	0.00
0	4	0.00	0.00	1.28	0.00	0.00
1	1	0.00	0.00	1.54	1.38	0.00
1	5	0.00	0.00	0.25	1.29	0.00
2	2	0.00	0.00	0.75	1.28	0.00
2	6	0.00	0.00	0.20	1.38	0.00
3	3	0.00	0.00	0.39	1.23	0.00
3	7	0.00	0.00	0.86	1.28	0.00
Core	CPU	C1%	C3%	C6%	C8%	C9%
-	-	0.01	0.02	8.43	3.48	0.00
0	0	0.11	0.16	64.80	21.97	0.00
0	4	0.00	0.00	0.50	0.00	0.00
1	1	0.00	0.00	0.19	0.99	0.00
1	5	0.00	0.00	0.37	0.99	0.00
2	2	0.00	0.00	0.79	0.99	0.00
2	6	0.00	0.00	0.24	1.19	0.00
3	3	0.00	0.00	0.32	0.82	0.00
3	7	0.00	0.00	0.20	0.88	0.00
Core	CPU	C1%	C3%	C6%	C8%	C9%
-	-	0.01	0.04	8.53	3.14	0.36
0	0	0.09	0.30	64.27	21.32	0.95
0	4	0.00	0.00	0.53	0.00	0.00
1	1	0.00	0.02	0.28	0.40	0.00
1	5	0.00	0.00	0.00	0.50	0.00
2	2	0.00	0.02	1.07	0.29	0.00
2	6	0.00	0.01	1.12	0.61	1.91
3	3	0.00	0.00	0.82	0.98	0.00
3	7	0.00	0.00	0.14	0.98	0.00
Core	CPU	C1%	C3%	C6%	C8%	C9%
-	-	0.01	0.06	8.73	3.46	0.00
0	0	0.10	0.42	64.97	21.52	0.00
0	4	0.00	0.00	1.01	0.00	0.00
1	1	0.00	0.00	0.46	0.89	0.00
1	5	0.00	0.00	0.53	1.88	0.00
2	2	0.00	0.02	1.31	0.89	0.00
2	6	0.00	0.00	0.69	0.69	0.00
3	3	0.00	0.00	0.39	0.75	0.00
3	7	0.00	0.00	0.46	1.08	0.00
Core	CPU	C1%	C3%	C6%	C8%	C9%
-	-	0.01	0.16	8.68	6.61	0.40
0	0	0.10	1.06	65.18	20.99	0.00
0	4	0.00	0.00	0.49	0.00	3.19
1	1	0.00	0.00	0.24	1.47	0.00
1	5	0.00	0.00	0.37	0.89	0.00
2	2	0.00	0.00	1.32	1.07	0.00
2	6	0.00	0.02	0.43	1.37	0.00
3	3	0.00	0.00	0.19	0.93	0.00
3	7	0.01	0.20	1.20	26.12	0.00
Core	CPU	C1%	C3%	C6%	C8%	C9%
-	-	0.01	0.11	8.48	3.34	0.71
0	0	0.08	0.78	63.30	19.83	0.00
0	4	0.00	0.00	0.65	0.00	5.69
1	1	0.00	0.02	0.20	0.50	0.00
1	5	0.00	0.03	0.00	0.50	0.00
2	2	0.00	0.00	1.19	1.77	0.00
2	6	0.00	0.00	1.34	1.18	0.00
3	3	0.00	0.00	0.25	0.89	0.00
3	7	0.00	0.03	0.88	2.04	0.00
Core	CPU	C1%	C3%	C6%	C8%	C9%
-	-	0.01	0.05	8.59	3.36	0.15
0	0	0.11	0.32	64.93	21.51	0.00
0	4	0.00	0.03	0.71	0.29	1.18
1	1	0.00	0.00	0.15	1.09	0.00
1	5	0.00	0.00	0.28	1.48	0.00
2	2	0.00	0.00	0.92	0.30	0.00
2	6	0.00	0.00	0.49	0.50	0.00
3	3	0.00	0.01	0.87	0.96	0.00
3	7	0.00	0.00	0.37	0.79	0.00
Core	CPU	C1%	C3%	C6%	C8%	C9%
-	-	0.03	0.05	8.74	3.74	0.11
0	0	0.10	0.36	64.30	21.34	0.00
0	4	0.16	0.01	0.69	0.81	0.00
1	1	0.00	0.00	0.29	0.99	0.00
1	5	0.00	0.00	1.36	1.38	0.00
2	2	0.00	0.00	1.95	0.40	0.00
2	6	0.00	0.01	0.29	1.57	0.91
3	3	0.00	0.00	0.60	1.74	0.00
3	7	0.00	0.00	0.48	1.67	0.00
Core	CPU	C1%	C3%	C6%	C8%	C9%
-	-	0.01	0.00	8.64	3.34	0.00
0	0	0.12	0.00	64.91	22.02	0.00
0	4	0.00	0.03	0.60	0.00	0.00
1	1	0.00	0.00	0.20	0.69	0.00
1	5	0.00	0.00	0.71	1.01	0.00
2	2	0.00	0.00	0.46	1.00	0.00
2	6	0.00	0.00	0.90	0.71	0.00
3	3	0.00	0.00	0.72	0.60	0.00
3	7	0.00	0.00	0.59	0.69	0.00
Core	CPU	C1%	C3%	C6%	C8%	C9%
-	-	0.01	0.02	8.39	3.41	0.00
0	0	0.10	0.17	64.89	21.88	0.00
0	4	0.00	0.00	0.55	0.00	0.00
1	1	0.00	0.00	0.14	0.89	0.00
1	5	0.00	0.02	0.33	0.78	0.00
2	2	0.00	0.00	0.59	0.80	0.00
2	6	0.00	0.00	0.20	0.98	0.00
3	3	0.00	0.00	0.28	0.88	0.00
3	7	0.00	0.00	0.15	1.09	0.00
Core	CPU	C1%	C3%	C6%	C8%	C9%
-	-	0.01	0.07	8.45	3.31	0.00
0	0	0.10	0.50	63.17	20.30	0.00
0	4	0.00	0.00	0.89	0.00	0.00
1	1	0.00	0.00	0.27	1.28	0.00
1	5	0.00	0.02	1.29	0.81	0.00
2	2	0.00	0.00	0.33	0.99	0.00
2	6	0.00	0.02	0.20	0.99	0.00
3	3	0.00	0.00	1.01	1.29	0.00
3	7	0.00	0.00	0.48	0.79	0.00
Core	CPU	C1%	C3%	C6%	C8%	C9%
-	-	0.01	0.04	8.57	3.39	0.17
0	0	0.10	0.31	65.09	21.53	0.00
0	4	0.00	0.03	0.88	0.00	1.37
1	1	0.00	0.00	0.10	0.79	0.00
1	5	0.00	0.00	0.59	1.10	0.00
2	2	0.00	0.00	0.27	0.89	0.00
2	6	0.00	0.00	0.45	0.79	0.00
3	3	0.00	0.00	0.63	0.79	0.00
3	7	0.00	0.00	0.59	1.19	0.00
Core	CPU	C1%	C3%	C6%	C8%	C9%
-	-	0.01	0.04	8.30	3.40	0.39
0	0	0.09	0.34	64.17	21.58	0.00
0	4	0.00	0.00	0.81	0.50	3.12
1	1	0.00	0.00	0.23	1.19	0.00
1	5	0.00	0.00	0.24	0.90	0.00
2	2	0.00	0.00	0.00	0.50	0.00
2	6	0.00	0.00	0.20	0.98	0.00
3	3	0.00	0.00	0.37	0.78	0.00
3	7	0.00	0.00	0.35	0.79	0.00
Core	CPU	C1%	C3%	C6%	C8%	C9%
-	-	0.02	0.01	8.53	3.41	0.00
0	0	0.12	0.09	64.96	21.87	0.00
0	4	0.00	0.00	1.09	0.00	0.00
1	1	0.00	0.00	0.28	0.89	0.00
1	5	0.00	0.02	0.67	0.99	0.00
2	2	0.00	0.00	0.24	0.99	0.00
2	6	0.00	0.00	0.13	0.99	0.00
3	3	0.00	0.00	0.39	0.80	0.00
3	7	0.00	0.00	0.47	0.79	0.00
Core	CPU	C1%	C3%	C6%	C8%	C9%
-	-	0.01	0.03	8.80	3.45	0.00
0	0	0.11	0.19	65.17	21.45	0.00
0	4	0.00	0.03	0.88	0.00	0.00
1	1	0.00	0.00	0.17	1.58	0.00
1	5	0.00	0.01	0.61	1.10	0.00
2	2	0.00	0.00	0.36	0.89	0.00
2	6	0.00	0.00	0.35	0.89	0.00
3	3	0.00	0.00	1.89	1.38	0.00
3	7	0.00	0.02	0.99	0.29	0.00
Core	CPU	C1%	C3%	C6%	C8%	C9%
-	-	0.01	0.08	8.23	3.13	0.43
0	0	0.09	0.58	62.93	20.42	0.00
0	4	0.00	0.00	0.56	0.00	0.00
1	1	0.00	0.00	0.27	0.99	0.00
1	5	0.00	0.02	0.44	0.50	3.48
2	2	0.00	0.00	0.00	0.60	0.00
2	6	0.00	0.00	0.77	0.69	0.00
3	3	0.00	0.00	0.27	0.88	0.00
3	7	0.00	0.01	0.64	0.99	0.00
Core	CPU	C1%	C3%	C6%	C8%	C9%
-	-	0.02	0.02	8.47	3.55	0.09
0	0	0.12	0.16	64.66	22.09	0.00
0	4	0.00	0.00	0.50	0.39	0.00
1	1	0.00	0.00	0.28	1.10	0.00
1	5	0.00	0.02	0.58	1.19	0.72
2	2	0.00	0.00	0.25	1.18	0.00
2	6	0.00	0.00	0.24	0.99	0.00
3	3	0.00	0.02	0.39	1.09	0.00
3	7	0.00	0.00	0.89	0.40	0.00
Core	CPU	C1%	C3%	C6%	C8%	C9%
-	-	0.01	0.04	8.53	3.17	0.11
0	0	0.10	0.28	64.44	21.40	0.00
0	4	0.00	0.00	0.53	0.29	0.00
1	1	0.00	0.02	0.59	0.20	0.00
1	5	0.00	0.02	0.59	0.70	0.00
2	2	0.00	0.00	0.78	0.79	0.00
2	6	0.00	0.00	0.41	1.00	0.00
3	3	0.00	0.00	0.25	0.79	0.00
3	7	0.00	0.03	0.67	0.20	0.91
Core	CPU	C1%	C3%	C6%	C8%	C9%
-	-	0.01	0.04	8.56	3.17	0.00
0	0	0.11	0.29	65.13	21.39	0.00
0	4	0.00	0.00	0.76	0.49	0.00
1	1	0.00	0.00	0.35	0.30	0.00
1	5	0.00	0.04	0.43	0.50	0.00
2	2	0.00	0.00	0.10	0.50	0.00
2	6	0.00	0.00	0.20	0.89	0.00
3	3	0.00	0.01	0.79	0.89	0.00
3	7	0.00	0.00	0.75	0.39	0.00
Core	CPU	C1%	C3%	C6%	C8%	C9%
-	-	0.01	0.01	8.49	3.33	0.00
0	0	0.11	0.09	64.95	21.91	0.00
0	4	0.00	0.00	0.59	0.20	0.00
1	1	0.00	0.00	0.38	0.69	0.00
1	5	0.00	0.03	0.76	0.89	0.00
2	2	0.00	0.00	0.15	0.59	0.00
2	6	0.00	0.00	0.18	0.99	0.00
3	3	0.00	0.00	0.50	0.59	0.00
3	7	0.00	0.00	0.38	0.79	0.00
Core	CPU	C1%	C3%	C6%	C8%	C9%
-	-	0.01	0.05	8.22	3.28	0.43
0	0	0.09	0.36	62.89	20.69	0.00
0	4	0.00	0.03	0.69	0.40	0.00
1	1	0.00	0.00	0.10	0.90	0.00
1	5	0.00	0.02	0.41	1.07	3.48
2	2	0.00	0.00	0.77	0.69	0.00
2	6	0.00	0.00	0.50	0.69	0.00
3	3	0.00	0.00	0.24	1.08	0.00
3	7	0.00	0.02	0.19	0.69	0.00
Core	CPU	C1%	C3%	C6%	C8%	C9%
-	-	0.01	0.02	8.58	3.55	0.00
0	0	0.10	0.10	64.84	21.98	0.00
0	4	0.00	0.00	0.65	0.20	0.00
1	1	0.00	0.00	0.24	1.09	0.00
1	5	0.00	0.08	1.20	0.48	0.00
2	2	0.00	0.00	0.20	1.19	0.00
2	6	0.00	0.00	0.38	1.08	0.00
3	3	0.00	0.00	0.63	1.18	0.00
3	7	0.00	0.00	0.53	1.19	0.00
Core	CPU	C1%	C3%	C6%	C8%	C9%
-	-	0.01	0.07	8.69	3.36	0.12
0	0	0.11	0.54	65.09	20.30	0.92
0	4	0.00	0.00	0.98	0.00	0.00
1	1	0.00	0.00	0.37	1.09	0.00
1	5	0.00	0.00	0.87	0.91	0.00
2	2	0.00	0.00	0.33	1.19	0.00
2	6	0.00	0.02	0.47	1.48	0.00
3	3	0.00	0.00	0.85	0.65	0.00
3	7	0.00	0.00	0.54	1.30	0.00
Core	CPU	C1%	C3%	C6%	C8%	C9%
-	-	0.01	0.02	8.49	3.36	0.00
0	0	0.11	0.12	64.72	22.08	0.00
0	4	0.00	0.00	0.50	0.00	0.00
1	1	0.00	0.00	0.39	0.20	0.00
1	5	0.00	0.01	0.49	1.17	0.00
2	2	0.00	0.00	0.36	0.89	0.00
2	6	0.00	0.00	0.15	1.19	0.00
3	3	0.00	0.00	0.62	0.51	0.00
3	7	0.00	0.00	0.70	0.86	0.00
Core	CPU	C1%	C3%	C6%	C8%	C9%
-	-	0.01	0.06	8.62	3.41	0.00
0	0	0.11	0.50	64.91	21.51	0.00
0	4	0.00	0.00	0.54	0.00	0.00
1	1	0.00	0.00	0.53	0.00	0.00
1	5	0.00	0.01	0.91	0.40	0.00
2	2	0.00	0.00	0.30	1.68	0.00
2	6	0.00	0.00	0.28	1.18	0.00
3	3	0.00	0.00	0.26	1.37	0.00
3	7	0.00	0.00	1.21	1.18	0.00
Core	CPU	C1%	C3%	C6%	C8%	C9%
-	-	0.01	0.06	8.24	3.32	0.12
0	0	0.10	0.45	62.90	20.64	0.00
0	4	0.00	0.00	0.87	0.00	0.00
1	1	0.00	0.00	0.36	1.09	0.00
1	5	0.00	0.00	0.63	1.09	0.98
2	2	0.00	0.00	0.32	0.80	0.00
2	6	0.00	0.00	0.20	1.09	0.00
3	3	0.00	0.00	0.29	0.84	0.00
3	7	0.00	0.00	0.36	0.99	0.00
Core	CPU	C1%	C3%	C6%	C8%	C9%
-	-	0.01	0.18	8.74	7.46	0.00
0	0	0.09	1.20	64.79	21.32	0.00
0	4	0.00	0.00	0.60	0.09	0.00
1	1	0.00	0.00	0.53	1.28	0.00
1	5	0.00	0.03	0.87	2.27	0.00
2	2	0.00	0.00	0.36	1.48	0.00
2	6	0.00	0.00	0.48	1.89	0.00
3	3	0.00	0.02	0.95	1.79	0.00
3	7	0.01	0.23	1.37	29.58	0.00
Core	CPU	C1%	C3%	C6%	C8%	C9%
-	-	0.01	0.05	8.70	3.40	0.00
0	0	0.11	0.32	64.13	21.63	0.00
0	4	0.00	0.00	1.21	0.20	0.00
1	1	0.00	0.01	0.40	0.00	0.00
1	5	0.00	0.03	0.78	0.99	0.00
2	2	0.00	0.00	0.77	1.38	0.00
2	6	0.00	0.00	0.56	1.39	0.00
3	3	0.00	0.00	0.74	0.99	0.00
3	7	0.00	0.00	0.99	0.59	0.00
Core	CPU	C1%	C3%	C6%	C8%	C9%
-	-	0.01	0.03	8.49	3.46	0.00
0	0	0.12	0.24	64.63	22.10	0.00
0	4	0.00	0.00	0.55	0.11	0.00
1	1	0.00	0.00	0.34	0.30	0.00
1	5	0.00	0.01	0.34	1.29	0.00
2	2	0.00	0.00	0.10	0.61	0.00
2	6	0.00	0.00	0.78	0.89	0.00
3	3	0.00	0.00	0.37	1.28	0.00
3	7	0.00	0.00	0.85	1.08	0.00
Core	CPU	C1%	C3%	C6%	C8%	C9%
-	-	0.01	0.02	8.50	3.62	0.00
0	0	0.11	0.13	64.80	22.02	0.00
0	4	0.00	0.00	0.83	0.39	0.00
1	1	0.00	0.00	0.28	0.89	0.00
1	5	0.00	0.00	1.06	0.60	0.00
2	2	0.00	0.00	0.15	0.99	0.00
2	6	0.00	0.03	0.30	1.66	0.00
3	3	0.00	0.00	0.19	1.70	0.00
3	7	0.00	0.00	0.38	0.69	0.00
Core	CPU	C1%	C3%	C6%	C8%	C9%
-	-	0.01	0.08	8.31	3.39	0.43
0	0	0.09	0.57	62.73	20.58	3.41
0	4	0.00	0.02	0.59	0.00	0.00
1	1	0.00	0.00	0.20	0.50	0.00
1	5	0.00	0.01	0.40	1.19	0.00
2	2	0.00	0.00	0.37	0.79	0.00
2	6	0.00	0.00	0.31	2.18	0.00
3	3	0.00	0.00	1.31	1.09	0.00
3	7	0.00	0.00	0.60	0.79	0.00
Core	CPU	C1%	C3%	C6%	C8%	C9%
-	-	0.01	0.05	8.78	3.78	0.00
0	0	0.11	0.25	64.69	22.02	0.00
0	4	0.00	0.07	1.63	0.11	0.00
1	1	0.00	0.02	0.84	1.09	0.00
1	5	0.00	0.03	0.69	1.09	0.00
2	2	0.00	0.00	0.89	1.37	0.00
2	6	0.00	0.00	0.60	1.98	0.00
3	3	0.00	0.00	0.74	1.28	0.00
3	7	0.00	0.03	0.20	1.28	0.00
Core	CPU	C1%	C3%	C6%	C8%	C9%
-	-	0.01	0.04	8.36	3.36	0.00
0	0	0.09	0.30	64.44	21.34	0.00
0	4	0.00	0.00	0.46	0.11	0.00
1	1	0.00	0.00	0.15	0.69	0.00
1	5	0.00	0.00	0.62	0.90	0.00
2	2	0.00	0.00	0.10	0.50	0.00
2	6	0.00	0.01	0.37	1.69	0.00
3	3	0.00	0.00	0.28	0.95	0.00
3	7	0.00	0.00	0.46	0.69	0.00
Core	CPU	C1%	C3%	C6%	C8%	C9%
-	-	0.01	0.05	8.54	3.42	0.00
0	0	0.10	0.37	64.91	21.68	0.00
0	4	0.00	0.00	0.97	0.00	0.00
1	1	0.00	0.00	0.28	0.89	0.00
1	5	0.00	0.04	0.93	0.98	0.00
2	2	0.00	0.00	0.24	1.09	0.00
2	6	0.00	0.00	0.43	0.98	0.00
3	3	0.00	0.00	0.19	0.94	0.00
3	7	0.00	0.00	0.38	0.79	0.00
Core	CPU	C1%	C3%	C6%	C8%	C9%
-	-	0.01	0.03	8.71	3.38	0.02
0	0	0.11	0.23	65.34	21.37	0.00
0	4	0.00	0.00	0.69	0.40	0.15
1	1	0.00	0.00	0.18	0.60	0.00
1	5	0.00	0.01	0.90	0.79	0.00
2	2	0.00	0.00	0.17	1.19	0.00
2	6	0.00	0.00	0.37	0.98	0.00
3	3	0.00	0.00	1.40	0.90	0.00
3	7	0.00	0.00	0.60	0.79	0.00
Core	CPU	C1%	C3%	C6%	C8%	C9%
-	-	0.01	0.03	8.15	3.20	0.00
0	0	0.09	0.21	62.61	21.10	0.00
0	4	0.00	0.00	0.73	0.69	0.00
1	1	0.00	0.00	0.14	0.39	0.00
1	5	0.00	0.00	0.34	0.51	0.00
2	2	0.00	0.00	0.10	0.40	0.00
2	6	0.00	0.00	0.39	0.79	0.00
3	3	0.00	0.00	0.46	0.99	0.00
3	7	0.00	0.00	0.44	0.69	0.00
Core	CPU	C1%	C3%	C6%	C8%	C9%
-	-	0.01	0.02	8.75	3.37	0.00
0	0	0.11	0.15	65.26	21.48	0.00
0	4	0.00	0.02	1.08	0.00	0.00
1	1	0.00	0.00	0.27	0.98	0.00
1	5	0.00	0.00	0.47	1.29	0.00
2	2	0.00	0.00	1.12	0.39	0.00
2	6	0.00	0.02	1.09	0.79	0.00
3	3	0.00	0.00	0.20	1.04	0.00
3	7	0.00	0.00	0.50	0.99	0.00
Core	CPU	C1%	C3%	C6%	C8%	C9%
-	-	0.01	0.10	8.44	3.64	0.32
0	0	0.09	0.76	63.77	21.54	0.00
0	4	0.00	0.00	0.93	0.10	1.60
1	1	0.00	0.00	0.41	1.56	0.00
1	5	0.00	0.02	0.57	1.20	0.06
2	2	0.00	0.00	0.75	1.39	0.00
2	6	0.00	0.00	0.24	1.19	0.00
3	3	0.00	0.00	0.66	1.20	0.88
3	7	0.00	0.00	0.19	0.99	0.00
Core	CPU	C1%	C3%	C6%	C8%	C9%
-	-	0.01	0.06	8.47	3.82	0.38
0	0	0.11	0.47	64.61	21.77	0.00
0	4	0.00	0.00	0.88	0.00	3.07
1	1	0.00	0.02	0.39	1.09	0.00
1	5	0.00	0.00	0.41	1.41	0.00
2	2	0.00	0.00	0.29	1.37	0.00
2	6	0.00	0.00	0.28	1.28	0.00
3	3	0.00	0.00	0.68	2.46	0.00
3	7	0.00	0.01	0.24	1.18	0.00
Core	CPU	C1%	C3%	C6%	C8%	C9%
-	-	0.01	0.05	8.60	3.21	0.00
0	0	0.09	0.34	64.30	21.46	0.00
0	4	0.00	0.00	1.11	0.20	0.00
1	1	0.00	0.00	0.35	0.99	0.00
1	5	0.00	0.00	0.59	0.80	0.00
2	2	0.00	0.02	0.31	0.51	0.00
2	6	0.00	0.02	0.77	0.11	0.00
3	3	0.00	0.00	0.64	0.85	0.00
3	7	0.00	0.00	0.75	0.79	0.00
Core	CPU	C1%	C3%	C6%	C8%	C9%
-	-	0.01	0.04	8.69	3.45	0.00
0	0	0.11	0.28	65.12	21.50	0.00
0	4	0.00	0.00	0.50	0.50	0.00
1	1	0.00	0.00	0.18	0.99	0.00
1	5	0.00	0.00	1.08	1.68	0.00
2	2	0.00	0.00	0.74	0.59	0.00
2	6	0.00	0.00	0.83	0.40	0.00
3	3	0.00	0.01	0.29	0.83	0.00
3	7	0.00	0.00	0.78	1.09	0.00
Core	CPU	C1%	C3%	C6%	C8%	C9%
-	-	0.01	0.07	8.64	3.28	0.00
0	0	0.11	0.50	65.42	21.39	0.00
0	4	0.00	0.00	0.33	0.20	0.00
1	1	0.00	0.01	0.40	0.39	0.00
1	5	0.00	0.00	0.40	0.90	0.00
2	2	0.00	0.00	0.28	1.09	0.00
2	6	0.00	0.03	0.46	1.18	0.00
3	3	0.00	0.00	0.93	0.80	0.00
3	7	0.00	0.01	0.89	0.29	0.00
Core	CPU	C1%	C3%	C6%	C8%	C9%
-	-	0.01	0.05	8.21	3.25	0.42
0	0	0.10	0.40	62.88	20.55	3.35
0	4	0.00	0.00	0.56	0.00	0.00
1	1	0.00	0.00	0.14	0.79	0.00
1	5	0.00	0.00	0.35	0.79	0.00
2	2	0.00	0.00	0.10	0.49	0.00
2	6	0.00	0.00	0.34	0.99	0.00
3	3	0.00	0.00	0.84	1.58	0.00
3	7	0.00	0.01	0.45	0.79	0.00
Core	CPU	C1%	C3%	C6%	C8%	C9%
-	-	0.01	0.04	8.86	3.38	0.00
0	0	0.11	0.27	65.21	21.41	0.00
0	4	0.00	0.00	1.27	0.00	0.00
1	1	0.00	0.00	0.46	0.79	0.00
1	5	0.00	0.00	0.47	1.59	0.00
2	2	0.00	0.00	1.01	0.69	0.00
2	6	0.00	0.01	0.99	0.69	0.00
3	3	0.00	0.00	0.49	1.04	0.00
3	7	0.00	0.00	0.96	0.79	0.00
Core	CPU	C1%	C3%	C6%	C8%	C9%
-	-	0.01	0.06	8.43	3.64	0.29
0	0	0.11	0.40	64.29	21.38	0.00
0	4	0.00	0.00	0.60	0.00	2.28
1	1	0.00	0.00	0.59	1.38	0.00
1	5	0.00	0.02	0.78	1.39	0.00
2	2	0.00	0.00	0.41	1.67	0.00
2	6	0.00	0.00	0.24	1.18	0.00
3	3	0.00	0.02	0.29	1.22	0.00
3	7	0.00	0.00	0.19	0.90	0.00
Core	CPU	C1%	C3%	C6%	C8%	C9%
-	-	0.01	0.03	8.44	3.46	0.00
0	0	0.10	0.22	65.28	21.47	0.00
0	4	0.00	0.00	0.70	0.30	0.00
1	1	0.00	0.02	0.20	0.50	0.00
1	5	0.00	0.02	0.47	0.97	0.00
2	2	0.00	0.00	0.19	0.98	0.00
2	6	0.00	0.00	0.27	1.18	0.00
3	3	0.00	0.00	0.28	1.28	0.00
3	7	0.00	0.00	0.13	0.99	0.00
Core	CPU	C1%	C3%	C6%	C8%	C9%
-	-	0.01	0.05	8.58	3.42	0.00
0	0	0.10	0.39	64.92	21.65	0.00
0	4	0.00	0.00	0.57	0.00	0.00
1	1	0.00	0.00	0.35	0.59	0.00
1	5	0.00	0.00	0.35	1.19	0.00
2	2	0.00	0.01	0.30	0.40	0.00
2	6	0.00	0.00	0.30	1.29	0.00
3	3	0.00	0.01	0.89	1.15	0.00
3	7	0.00	0.00	0.95	1.09	0.00
Core	CPU	C1%	C3%	C6%	C8%	C9%
-	-	0.01	0.07	8.27	3.21	0.43
0	0	0.09	0.56	62.93	20.42	0.00
0	4	0.00	0.00	0.59	0.00	0.00
1	1	0.00	0.00	0.28	0.89	0.00
1	5	0.00	0.00	0.67	1.09	0.00
2	2	0.00	0.00	0.34	1.09	0.00
2	6	0.00	0.00	0.43	0.89	0.00
3	3	0.00	0.00	0.60	0.54	0.00
3	7	0.00	0.00	0.33	0.78	3.43
Core	CPU	C1%	C3%	C6%	C8%	C9%
-	-	0.01	0.14	8.69	6.95	0.00
0	0	0.10	0.98	64.77	21.57	0.00
0	4	0.00	0.03	0.59	0.00	0.00
1	1	0.00	0.00	0.43	0.90	0.00
1	5	0.00	0.00	0.41	1.19	0.00
2	2	0.00	0.00	0.37	0.89	0.00
2	6	0.00	0.00	0.35	0.99	0.00
3	3	0.00	0.00	0.91	1.10	0.00
3	7	0.01	0.13	1.68	28.96	0.00
Core	CPU	C1%	C3%	C6%	C8%	C9%
-	-	0.01	0.07	8.52	3.46	0.00
0	0	0.10	0.49	64.34	21.25	0.00
0	4	0.00	0.00	0.44	0.11	0.00
1	1	0.00	0.00	0.82	1.67	0.00
1	5	0.00	0.01	1.00	0.40	0.00
2	2	0.00	0.00	0.20	1.48	0.00
2	6	0.00	0.00	0.18	1.18	0.00
3	3	0.00	0.00	0.36	0.97	0.00
3	7	0.00	0.04	0.79	0.59	0.00
Core	CPU	C1%	C3%	C6%	C8%	C9%
-	-	0.02	0.04	8.51	3.63	0.00
0	0	0.12	0.25	64.91	21.76	0.00
0	4	0.00	0.00	1.01	0.49	0.00
1	1	0.00	0.00	0.45	0.69	0.00
1	5	0.00	0.01	0.36	1.28	0.00
2	2	0.00	0.02	0.20	1.19	0.00
2	6	0.00	0.00	0.15	1.48	0.00
3	3	0.00	0.00	0.66	1.44	0.00
3	7	0.00	0.00	0.37	0.69	0.00
Core	CPU	C1%	C3%	C6%	C8%	C9%
-	-	0.01	0.06	8.55	3.64	0.00
0	0	0.10	0.43	65.37	21.12	0.00
0	4	0.00	0.00	0.50	0.00	0.00
1	1	0.00	0.00	0.20	1.08	0.00
1	5	0.00	0.02	0.65	1.68	0.00
2	2	0.00	0.00	0.25	1.18	0.00
2	6	0.00	0.00	0.47	1.88	0.00
3	3	0.00	0.02	0.59	1.33	0.00
3	7	0.00	0.00	0.36	0.85	0.00
Core	CPU	C1%	C3%	C6%	C8%	C9%
-	-	0.01	0.04	8.13	3.29	0.00
0	0	0.10	0.22	62.90	20.82	0.00
0	4	0.00	0.00	0.52	0.00	0.00
1	1	0.00	0.00	0.00	0.50	0.00
1	5	0.00	0.03	0.60	1.08	0.00
2	2	0.00	0.00	0.27	1.09	0.00
2	6	0.00	0.03	0.23	0.69	0.00
3	3	0.00	0.00	0.24	0.99	0.00
3	7	0.00	0.03	0.29	1.19	0.00
Core	CPU	C1%	C3%	C6%	C8%	C9%
-	-	0.01	0.02	8.53	3.48	0.00
0	0	0.12	0.11	65.07	21.76	0.00
0	4	0.00	0.00	0.75	0.38	0.00
1	1	0.00	0.00	0.24	0.89	0.00
1	5	0.00	0.04	1.20	1.29	0.00
2	2	0.00	0.00	0.10	0.50	0.00
2	6	0.00	0.00	0.20	1.08	0.00
3	3	0.00	0.00	0.36	0.98	0.00
3	7	0.00	0.00	0.35	0.98	0.00
Core	CPU	C1%	C3%	C6%	C8%	C9%
-	-	0.01	0.04	8.47	3.44	0.00
0	0	0.11	0.31	64.29	21.51	0.00
0	4	0.00	0.01	0.94	0.38	0.00
1	1	0.00	0.00	0.26	0.79	0.00
1	5	0.00	0.00	0.56	0.99	0.00
2	2	0.00	0.00	0.32	1.00	0.00
2	6	0.00	0.00	0.20	0.99	0.00
3	3	0.00	0.01	0.80	0.85	0.00
3	7	0.00	0.00	0.37	0.99	0.00
Core	CPU	C1%	C3%	C6%	C8%	C9%
-	-	0.01	0.03	8.58	3.38	0.00
0	0	0.12	0.21	65.11	21.59	0.00
0	4	0.00	0.00	0.59	0.00	0.00
1	1	0.00	0.00	0.19	0.99	0.00
1	5	0.00	0.00	0.87	0.91	0.00
2	2	0.00	0.00	0.25	1.18	0.00
2	6	0.00	0.00	0.73	1.09	0.00
3	3	0.00	0.02	0.59	0.53	0.00
3	7	0.00	0.00	0.29	0.78	0.00
Core	CPU	C1%	C3%	C6%	C8%	C9%
-	-	0.01	0.04	8.39	3.47	0.00
0	0	0.10	0.29	64.77	21.81	0.00
0	4	0.00	0.02	0.50	0.00	0.00
1	1	0.00	0.00	0.10	0.61	0.00
1	5	0.00	0.00	0.70	1.29	0.00
2	2	0.00	0.00	0.28	0.99	0.00
2	6	0.00	0.00	0.44	0.88	0.00
3	3	0.00	0.00	0.24	1.00	0.00
3	7	0.00	0.03	0.10	1.18	0.00
Core	CPU	C1%	C3%	C6%	C8%	C9%
-	-	0.01	0.06	8.13	3.27	0.09
0	0	0.09	0.46	62.96	20.52	0.00
0	4	0.00	0.00	0.65	0.00	0.73
1	1	0.00	0.00	0.23	0.70	0.00
1	5	0.00	0.02	0.50	1.11	0.00
2	2	0.00	0.00	0.10	0.79	0.00
2	6	0.00	0.00	0.19	1.08	0.00
3	3	0.00	0.00	0.27	0.97	0.00
3	7	0.00	0.00	0.14	0.99	0.00
Core	CPU	C1%	C3%	C6%	C8%	C9%
-	-	0.01	0.04	8.75	3.39	0.00
0	0	0.11	0.34	65.07	21.48	0.00
0	4	0.00	0.00	0.98	0.00	0.00
1	1	0.00	0.00	0.85	1.19	0.00
1	5	0.00	0.00	0.36	1.50	0.00
2	2	0.00	0.00	0.72	0.49	0.00
2	6	0.00	0.00	0.83	0.89	0.00
3	3	0.00	0.00	0.95	0.56	0.00
3	7	0.00	0.00	0.28	0.98	0.00
Core	CPU	C1%	C3%	C6%	C8%	C9%
-	-	0.01	0.07	8.56	3.76	0.00
0	0	0.09	0.52	64.19	21.39	0.00
0	4	0.00	0.01	0.63	0.00	0.00
1	1	0.00	0.00	0.31	1.29	0.00
1	5	0.00	0.00	1.17	1.59	0.00
2	2	0.00	0.00	0.45	1.68	0.00
2	6	0.00	0.00	0.38	1.87	0.00
3	3	0.00	0.02	0.70	0.95	0.00
3	7	0.00	0.03	0.68	1.28	0.00
Core	CPU	C1%	C3%	C6%	C8%	C9%
-	-	0.01	0.03	8.60	3.66	0.00
0	0	0.11	0.23	64.93	21.76	0.00
0	4	0.00	0.00	0.98	0.00	0.00
1	1	0.00	0.00	0.28	0.99	0.00
1	5	0.00	0.00	0.48	1.29	0.00
2	2	0.00	0.00	0.25	1.28	0.00
2	6	0.00	0.03	0.23	1.87	0.00
3	3	0.00	0.00	0.75	1.62	0.00
3	7	0.00	0.00	0.88	0.49	0.00
Core	CPU	C1%	C3%	C6%	C8%	C9%
-	-	0.02	0.04	8.68	3.25	0.00
0	0	0.12	0.29	64.99	21.63	0.00
0	4	0.00	0.00	0.62	0.00	0.00
1	1	0.00	0.01	0.30	0.59	0.00
1	5	0.00	0.00	0.60	0.81	0.00
2	2	0.00	0.00	0.28	0.89	0.00
2	6	0.00	0.00	0.86	0.89	0.00
3	3	0.00	0.00	0.90	0.39	0.00
3	7	0.00	0.01	0.90	0.79	0.00
Core	CPU	C1%	C3%	C6%	C8%	C9%
-	-	0.01	0.04	8.14	3.23	0.00
0	0	0.10	0.31	62.81	20.76	0.00
0	4	0.00	0.00	0.56	0.08	0.00
1	1	0.00	0.00	0.15	0.39	0.00
1	5	0.00	0.00	0.25	1.22	0.00
2	2	0.00	0.00	0.10	0.60	0.00
2	6	0.00	0.00	0.30	0.90	0.00
3	3	0.00	0.00	0.47	1.19	0.00
3	7	0.00	0.00	0.46	0.69	0.00
Core	CPU	C1%	C3%	C6%	C8%	C9%
-	-	0.01	0.03	8.46	3.57	0.00
0	0	0.11	0.25	65.06	21.65	0.00
0	4	0.00	0.00	0.74	0.49	0.01
1	1	0.00	0.00	0.19	0.99	0.00
1	5	0.00	0.01	0.62	1.38	0.00
2	2	0.00	0.00	0.25	0.89	0.00
2	6	0.00	0.00	0.14	1.09	0.00
3	3	0.00	0.01	0.39	1.09	0.00
3	7	0.00	0.00	0.29	0.99	0.00
Core	CPU	C1%	C3%	C6%	C8%	C9%
-	-	0.01	0.06	8.65	3.21	0.00
0	0	0.12	0.41	64.66	20.96	0.00
0	4	0.00	0.03	1.09	0.00	0.00
1	1	0.00	0.00	0.20	0.69	0.00
1	5	0.00	0.01	0.59	0.78	0.00
2	2	0.00	0.00	0.37	1.09	0.00
2	6	0.00	0.01	0.35	1.19	0.00
3	3	0.00	0.00	1.02	0.49	0.00
3	7	0.00	0.01	0.90	0.49	0.00
Core	CPU	C1%	C3%	C6%	C8%	C9%
-	-	0.01	0.04	8.69	3.32	0.00
0	0	0.10	0.33	65.52	21.05	0.00
0	4	0.00	0.00	1.15	0.40	0.00
1	1	0.00	0.00	0.14	0.90	0.00
1	5	0.00	0.03	0.89	0.40	0.00
2	2	0.00	0.00	0.50	0.00	0.00
2	6	0.00	0.00	0.60	1.67	0.00
3	3	0.00	0.00	0.47	1.18	0.00
3	7	0.00	0.00	0.25	0.98	0.00
Core	CPU	C1%	C3%	C6%	C8%	C9%
-	-	0.01	0.05	8.58	3.70	0.00
0	0	0.10	0.30	65.20	21.42	0.00
0	4	0.00	0.00	0.50	0.39	0.00
1	1	0.00	0.00	0.27	2.06	0.00
1	5	0.00	0.00	0.86	2.18	0.00
2	2	0.00	0.00	0.23	0.99	0.00
2	6	0.00	0.02	0.39	0.99	0.00
3	3	0.00	0.04	0.80	0.89	0.00
3	7	0.00	0.00	0.39	0.68	0.00
Core	CPU	C1%	C3%	C6%	C8%	C9%
-	-	0.01	0.06	8.14	3.29	0.43
0	0	0.10	0.40	62.43	21.11	0.00
0	4	0.00	0.05	0.50	0.00	0.00
1	1	0.00	0.00	0.20	0.69	0.00
1	5	0.00	0.00	0.49	1.30	0.00
2	2	0.00	0.00	0.37	0.79	0.00
2	6	0.00	0.00	0.25	1.00	0.00
3	3	0.00	0.00	0.63	0.60	0.00
3	7	0.00	0.00	0.29	0.83	3.47
Core	CPU	C1%	C3%	C6%	C8%	C9%
-	-	0.01	0.02	8.41	3.44	0.00
0	0	0.11	0.16	65.24	21.53	0.00
0	4	0.00	0.00	0.42	0.61	0.00
1	1	0.00	0.02	0.20	0.52	0.00
1	5	0.00	0.00	0.31	0.70	0.00
2	2	0.00	0.00	0.28	0.89	0.00
2	6	0.00	0.00	0.36	0.70	0.00
3	3	0.00	0.00	0.25	1.28	0.00
3	7	0.00	0.00	0.22	1.29	0.00
Core	CPU	C1%	C3%	C6%	C8%	C9%
-	-	0.01	0.07	8.34	3.50	0.10
0	0	0.09	0.52	64.15	21.44	0.00
0	4	0.00	0.00	0.76	0.11	0.00
1	1	0.00	0.00	0.34	1.09	0.00
1	5	0.00	0.00	0.44	1.19	0.00
2	2	0.00	0.02	0.29	0.90	0.00
2	6	0.00	0.00	0.10	1.20	0.00
3	3	0.00	0.01	0.19	1.27	0.82
3	7	0.00	0.00	0.43	0.78	0.00
Core	CPU	C1%	C3%	C6%	C8%	C9%
-	-	0.01	0.18	8.64	6.94	0.00
0	0	0.09	1.18	64.35	21.58	0.00
0	4	0.00	0.00	0.54	0.00	0.00
1	1	0.00	0.00	0.33	1.18	0.00
1	5	0.00	0.01	0.48	1.28	0.00
2	2	0.00	0.00	0.15	0.99	0.00
2	6	0.00	0.00	0.13	1.09	0.00
3	3	0.00	0.00	1.18	1.23	0.00
3	7	0.01	0.21	1.93	28.20	0.00
Core	CPU	C1%	C3%	C6%	C8%	C9%
-	-	0.02	0.02	8.53	3.32	0.00
0	0	0.13	0.09	64.96	21.90	0.00
0	4	0.00	0.00	0.53	0.00	0.00
1	1	0.00	0.01	0.20	0.69	0.00
1	5	0.00	0.04	0.67	0.99	0.00
2	2	0.00	0.00	0.28	0.99	0.00
2	6	0.00	0.00	0.36	0.99	0.00
3	3	0.00	0.00	0.54	0.59	0.00
3	7	0.00	0.00	0.70	0.40	0.00
Core	CPU	C1%	C3%	C6%	C8%	C9%
-	-	0.01	0.06	8.16	3.16	0.42
0	0	0.10	0.43	63.11	20.44	3.34
0	4	0.00	0.00	0.56	0.00	0.00
1	1	0.00	0.00	0.15	0.60	0.00
1	5	0.00	0.02	0.64	0.80	0.00
2	2	0.00	0.00	0.10	0.60	0.00
2	6	0.00	0.00	0.10	1.09	0.00
3	3	0.00	0.00	0.28	0.96	0.00
3	7	0.00	0.00	0.36	0.79	0.00
Core	CPU	C1%	C3%	C6%	C8%	C9%
-	-	0.02	0.03	8.42	3.50	0.00
0	0	0.18	0.24	64.76	21.85	0.00
0	4	0.00	0.00	0.59	0.00	0.00
1	1	0.00	0.00	0.28	0.99	0.00
1	5	0.00	0.02	0.57	1.07	0.00
2	2	0.00	0.00	0.14	0.99	0.00
2	6	0.00	0.00	0.23	1.09	0.00
3	3	0.00	0.00	0.19	0.94	0.00
3	7	0.00	0.00	0.57	1.08	0.00
Core	CPU	C1%	C3%	C6%	C8%	C9%
-	-	0.01	0.05	8.75	3.15	0.00
0	0	0.10	0.33	64.86	20.90	0.00
0	4	0.00	0.04	0.79	0.00	0.00
1	1	0.00	0.01	0.10	0.69	0.00
1	5	0.00	0.02	1.24	0.80	0.00
2	2	0.00	0.00	0.36	0.79	0.00
2	6	0.00	0.00	0.35	0.89	0.00
3	3	0.00	0.04	1.34	0.31	0.00
3	7	0.00	0.02	0.99	0.79	0.00
Core	CPU	C1%	C3%	C6%	C8%	C9%
-	-	0.01	0.04	8.56	3.54	0.00
0	0	0.11	0.24	64.81	21.89	0.00
0	4	0.00	0.00	0.65	0.00	0.00
1	1	0.00	0.00	0.64	0.10	0.00
1	5	0.00	0.04	0.67	1.30	0.00
2	2	0.00	0.00	0.00	0.60	0.00
2	6	0.00	0.03	0.20	1.47	0.00
3	3	0.00	0.00	0.70	1.47	0.00
3	7	0.00	0.00	0.84	1.47	0.00
Core	CPU	C1%	C3%	C6%	C8%	C9%
-	-	0.01	0.03	8.58	3.43	0.00
0	0	0.10	0.17	65.12	21.68	0.00
0	4	0.00	0.00	0.86	0.00	0.00
1	1	0.00	0.00	0.65	0.20	0.00
1	5	0.00	0.02	0.74	1.19	0.00
2	2	0.00	0.02	0.32	0.90	0.00
2	6	0.00	0.00	0.26	1.18	0.00
3	3	0.00	0.00	0.32	1.62	0.00
3	7	0.00	0.00	0.37	0.69	0.00
Core	CPU	C1%	C3%	C6%	C8%	C9%
-	-	0.01	0.07	8.23	3.25	0.38
0	0	0.10	0.53	63.18	20.28	0.00
0	4	0.00	0.00	0.56	0.09	3.00
1	1	0.00	0.00	0.38	1.09	0.00
1	5	0.00	0.03	0.55	1.28	0.00
2	2	0.00	0.00	0.25	0.89	0.00
2	6	0.00	0.00	0.23	0.80	0.00
3	3	0.00	0.01	0.39	0.74	0.00
3	7	0.00	0.00	0.29	0.88	0.00
Core	CPU	C1%	C3%	C6%	C8%	C9%
-	-	0.02	0.03	8.46	3.40	0.00
0	0	0.12	0.16	64.95	21.76	0.00
0	4	0.00	0.03	0.59	0.00	0.00
1	1	0.00	0.00	0.10	0.60	0.00
1	5	0.00	0.00	1.00	0.60	0.00
2	2	0.00	0.00	0.28	1.08	0.00
2	6	0.00	0.00	0.36	0.89	0.00
3	3	0.00	0.00	0.32	1.29	0.00
3	7	0.00	0.02	0.10	0.99	0.00
Core	CPU	C1%	C3%	C6%	C8%	C9%
-	-	0.01	0.05	8.38	3.51	0.00
0	0	0.11	0.43	64.31	21.42	0.00
0	4	0.00	0.01	0.76	1.31	0.00
1	1	0.00	0.00	0.44	0.50	0.00
1	5	0.00	0.00	0.43	0.90	0.00
2	2	0.00	0.00	0.10	0.60	0.00
2	6	0.00	0.00	0.20	1.08	0.00
3	3	0.00	0.00	0.47	0.95	0.00
3	7	0.00	0.00	0.34	1.29	0.00
Core	CPU	C1%	C3%	C6%	C8%	C9%
-	-	0.01	0.04	8.57	3.66	0.53
0	0	0.10	0.28	64.92	21.74	0.00
0	4	0.00	0.00	0.98	0.20	4.27
1	1	0.00	0.00	0.27	1.29	0.00
1	5	0.00	0.00	0.57	1.29	0.00
2	2	0.00	0.00	0.63	1.28	0.00
2	6	0.00	0.02	0.20	1.39	0.00
3	3	0.00	0.00	0.63	1.29	0.00
3	7	0.00	0.00	0.38	0.79	0.00
Core	CPU	C1%	C3%	C6%	C8%	C9%
-	-	0.01	0.04	8.50	3.44	0.00
0	0	0.12	0.27	65.43	21.22	0.00
0	4	0.00	0.02	0.51	0.00	0.00
1	1	0.00	0.00	0.29	1.20	0.00
1	5	0.00	0.00	0.50	1.18	0.00
2	2	0.00	0.00	0.28	0.88	0.00
2	6	0.00	0.00	0.36	0.99	0.00
3	3	0.00	0.00	0.42	0.90	0.00
3	7	0.00	0.00	0.20	1.19	0.00
Core	CPU	C1%	C3%	C6%	C8%	C9%
-	-	0.01	0.09	8.41	3.40	0.00
0	0	0.10	0.65	63.07	20.14	0.00
0	4	0.00	0.00	0.55	0.50	0.00
1	1	0.00	0.00	0.66	0.98	0.00
1	5	0.00	0.02	1.15	1.91	0.00
2	2	0.00	0.00	0.19	0.41	0.00
2	6	0.00	0.00	0.39	0.79	0.00
3	3	0.00	0.03	0.98	1.19	0.00
3	7	0.00	0.01	0.32	1.29	0.00
Core	CPU	C1%	C3%	C6%	C8%	C9%
-	-	0.01	0.02	8.56	3.34	0.00
0	0	0.12	0.17	65.27	21.50	0.00
0	4	0.00	0.00	0.59	0.30	0.00
1	1	0.00	0.00	0.28	0.89	0.00
1	5	0.00	0.00	0.66	0.71	0.00
2	2	0.00	0.00	0.14	1.09	0.00
2	6	0.00	0.00	0.26	1.09	0.00
3	3	0.00	0.00	0.50	0.69	0.00
3	7	0.00	0.00	0.77	0.49	0.00
Core	CPU	C1%	C3%	C6%	C8%	C9%
-	-	0.01	0.06	8.58	3.92	0.11
0	0	0.11	0.50	64.12	21.59	0.00
0	4	0.00	0.00	1.00	0.29	0.00
1	1	0.00	0.00	0.37	1.68	0.00
1	5	0.00	0.01	0.92	1.88	0.91
2	2	0.00	0.00	1.05	1.28	0.00
2	6	0.00	0.01	0.35	1.78	0.00
3	3	0.00	0.00	0.41	1.39	0.00
3	7	0.00	0.00	0.40	1.49	0.00
Core	CPU	C1%	C3%	C6%	C8%	C9%
-	-	0.01	0.02	8.54	3.31	0.00
0	0	0.11	0.16	65.21	21.55	0.00
0	4	0.00	0.00	0.64	0.60	0.00
1	1	0.00	0.00	0.63	0.20	0.00
1	5	0.00	0.01	0.72	0.19	0.00
2	2	0.00	0.00	0.29	0.79	0.00
2	6	0.00	0.00	0.28	0.89	0.00
3	3	0.00	0.00	0.36	0.88	0.00
3	7	0.00	0.00	0.23	1.38	0.00
Core	CPU	C1%	C3%	C6%	C8%	C9%
-	-	0.01	0.05	8.77	3.56	0.00
0	0	0.10	0.39	65.14	21.40	0.00
0	4	0.00	0.00	1.16	0.48	0.00
1	1	0.00	0.00	0.45	0.89	0.00
1	5	0.00	0.00	0.65	1.00	0.00
2	2	0.00	0.01	0.39	0.90	0.00
2	6	0.00	0.00	0.20	1.19	0.00
3	3	0.00	0.00	1.43	1.38	0.00
3	7	0.00	0.00	0.76	1.28	0.00
Core	CPU	C1%	C3%	C6%	C8%	C9%
-	-	0.01	0.05	8.15	3.48	0.00
0	0	0.11	0.41	62.53	20.98	0.00
0	4	0.00	0.00	0.60	0.20	0.00
1	1	0.00	0.00	0.18	1.38	0.00
1	5	0.00	0.00	0.57	1.20	0.00
2	2	0.00	0.00	0.25	1.19	0.00
2	6	0.00	0.00	0.23	1.09	0.00
3	3	0.00	0.00	0.60	0.89	0.00
3	7	0.00	0.00	0.29	0.89	0.00
Core	CPU	C1%	C3%	C6%	C8%	C9%
-	-	0.01	0.02	8.35	3.54	0.00
0	0	0.10	0.13	64.85	21.98	0.00
0	4	0.00	0.02	0.60	0.19	0.00
1	1	0.00	0.00	0.10	0.79	0.00
1	5	0.00	0.00	0.40	1.19	0.00
2	2	0.00	0.00	0.37	0.89	0.00
2	6	0.00	0.00	0.15	0.99	0.00
3	3	0.00	0.00	0.23	1.10	0.00
3	7	0.00	0.00	0.10	1.20	0.00
Core	CPU	C1%	C3%	C6%	C8%	C9%
-	-	0.01	0.05	8.44	3.27	0.00
0	0	0.09	0.40	64.40	21.32	0.00
0	4	0.00	0.00	0.66	0.19	0.00
1	1	0.00	0.00	0.28	1.09	0.00
1	5	0.00	0.00	0.52	0.70	0.00
2	2	0.00	0.00	0.31	0.38	0.00
2	6	0.00	0.02	0.75	0.59	0.00
3	3	0.00	0.00	0.37	0.79	0.00
3	7	0.00	0.00	0.24	1.08	0.00
Core	CPU	C1%	C3%	C6%	C8%	C9%
-	-	0.01	0.03	8.64	3.54	0.00
0	0	0.08	0.24	65.17	21.57	0.00
0	4	0.00	0.00	0.96	0.29	0.00
1	1	0.00	0.00	0.25	0.99	0.00
1	5	0.00	0.01	0.49	1.59	0.00
2	2	0.00	0.02	0.80	0.79	0.00
2	6	0.00	0.00	0.65	0.89	0.00
3	3	0.00	0.00	0.41	1.38	0.00
3	7	0.00	0.00	0.37	0.79	0.00
Core	CPU	C1%	C3%	C6%	C8%	C9%
-	-	0.01	0.04	8.46	3.63	0.00
0	0	0.08	0.31	65.10	21.56	0.00
0	4	0.00	0.01	0.78	0.97	0.00
1	1	0.00	0.00	0.19	0.89	0.00
1	5	0.00	0.00	0.58	1.11	0.00
2	2	0.00	0.00	0.30	1.29	0.00
2	6	0.00	0.00	0.27	1.48	0.00
3	3	0.00	0.02	0.20	0.90	0.00
3	7	0.00	0.00	0.29	0.89	0.00
Core	CPU	C1%	C3%	C6%	C8%	C9%
-	-	0.01	0.13	8.32	6.54	0.00
0	0	0.07	0.81	62.81	20.64	0.00
0	4	0.00	0.00	0.62	0.20	0.00
1	1	0.00	0.00	0.06	0.80	0.00
1	5	0.00	0.00	0.32	1.29	0.00
2	2	0.00	0.00	0.87	0.89	0.00
2	6	0.00	0.00	0.54	0.78	0.00
3	3	0.00	0.00	0.14	0.99	0.00
3	7	0.03	0.24	1.19	26.75	0.00
Core	CPU	C1%	C3%	C6%	C8%	C9%
-	-	0.01	0.01	8.43	3.33	0.00
0	0	0.08	0.10	64.98	21.91	0.00
0	4	0.00	0.00	0.67	0.28	0.00
1	1	0.00	0.00	0.15	0.49	0.00
1	5	0.00	0.00	0.43	0.79	0.00
2	2	0.00	0.00	0.00	0.50	0.00
2	6	0.00	0.00	0.18	1.28	0.00
3	3	0.00	0.00	0.28	0.99	0.00
3	7	0.00	0.00	0.74	0.39	0.00
Core	CPU	C1%	C3%	C6%	C8%	C9%
-	-	0.01	0.04	8.61	3.74	0.18
0	0	0.07	0.27	64.43	21.25	0.00
0	4	0.00	0.00	1.27	0.00	0.00
1	1	0.00	0.00	0.37	1.59	0.00
1	5	0.00	0.07	1.00	1.61	1.47
2	2	0.00	0.00	0.34	1.28	0.00
2	6	0.00	0.00	0.33	1.19	0.00
3	3	0.00	0.00	0.66	1.70	0.00
3	7	0.00	0.00	0.48	1.29	0.00
Core	CPU	C1%	C3%	C6%	C8%	C9%
-	-	0.01	0.03	8.44	3.37	0.00
0	0	0.08	0.13	64.98	21.89	0.00
0	4	0.00	0.00	0.62	0.41	0.00
1	1	0.00	0.02	0.20	0.50	0.00
1	5	0.00	0.03	0.58	0.89	0.00
2	2	0.00	0.00	0.28	0.89	0.00
2	6	0.00	0.00	0.41	0.80	0.00
3	3	0.00	0.00	0.25	0.89	0.00
3	7	0.00	0.03	0.19	0.69	0.00
Core	CPU	C1%	C3%	C6%	C8%	C9%
-	-	0.01	0.02	8.37	3.40	0.00
0	0	0.07	0.13	64.89	21.95	0.00
0	4	0.00	0.00	0.54	0.19	0.00
1	1	0.00	0.00	0.23	0.70	0.00
1	5	0.00	0.02	0.70	0.39	0.00
2	2	0.00	0.00	0.10	0.95	0.00
2	6	0.00	0.00	0.19	0.99	0.00
3	3	0.00	0.00	0.17	0.98	0.00
3	7	0.00	0.00	0.15	1.08	0.00
Core	CPU	C1%	C3%	C6%	C8%	C9%
-	-	0.01	0.05	8.28	3.27	0.18
0	0	0.07	0.41	62.82	20.74	0.00
0	4	0.00	0.00	0.85	0.11	1.40
1	1	0.00	0.00	0.25	0.89	0.00
1	5	0.00	0.00	1.14	0.60	0.00
2	2	0.00	0.02	0.29	0.83	0.00
2	6	0.00	0.00	0.10	0.99	0.00
3	3	0.00	0.00	0.29	0.98	0.00
3	7	0.00	0.00	0.46	0.98	0.00
Core	CPU	C1%	C3%	C6%	C8%	C9%
-	-	0.01	0.07	8.61	3.82	0.00
0	0	0.07	0.51	64.76	21.72	0.00
0	4	0.00	0.06	1.77	0.10	0.00
1	1	0.00	0.00	0.28	1.09	0.00
1	5	0.00	0.00	0.58	1.10	0.00
2	2	0.00	0.00	0.61	3.17	0.00
2	6	0.00	0.00	0.23	0.89	0.00
3	3	0.00	0.00	0.34	1.40	0.00
3	7	0.00	0.00	0.29	1.08	0.00
Core	CPU	C1%	C3%	C6%	C8%	C9%
-	-	0.01	0.07	8.52	3.80	0.09
0	0	0.06	0.47	64.35	21.31	0.00
0	4	0.00	0.04	1.38	0.00	0.00
1	1	0.00	0.02	0.37	1.00	0.00
1	5	0.00	0.00	0.40	1.39	0.00
2	2	0.00	0.00	0.38	1.28	0.00
2	6	0.00	0.01	0.80	2.17	0.72
3	3	0.00	0.00	0.25	1.58	0.00
3	7	0.00	0.03	0.23	1.68	0.00
