Core	CPU	C1%	C3%	C6%	C8%	C9%
-	-	0.05	0.76	71.45	16.08	0.00
0	0	0.07	0.62	73.51	15.20	0.00
0	4	0.03	0.66	71.46	18.35	0.00
1	1	0.06	0.42	74.56	15.28	0.00
1	5	0.00	0.54	71.52	18.19	0.00
2	2	0.19	0.70	70.50	18.67	0.00
2	6	0.00	0.53	69.72	20.70	0.00
3	3	0.03	0.76	77.35	12.13	0.00
3	7	0.01	1.85	63.56	10.24	0.00
Core	CPU	C1%	C3%	C6%	C8%	C9%
-	-	0.01	0.60	70.86	17.31	0.00
0	0	0.00	0.38	75.82	13.12	0.00
0	4	0.00	0.43	72.40	18.20	0.00
1	1	0.00	0.43	72.25	17.79	0.00
1	5	0.00	0.45	69.25	21.56	0.00
2	2	0.01	0.51	70.50	19.36	0.00
2	6	0.00	0.51	68.44	22.34	0.00
3	3	0.00	0.55	74.49	15.39	0.00
3	7	0.02	1.55	63.08	10.60	0.00
Core	CPU	C1%	C3%	C6%	C8%	C9%
-	-	0.01	0.63	69.27	18.16	0.00
0	0	0.00	0.39	71.45	17.83	0.00
0	4	0.00	0.58	68.73	21.06	0.00
1	1	0.01	0.49	71.96	17.44	0.00
1	5	0.01	0.40	67.96	22.95	0.00
2	2	0.01	0.45	69.21	20.95	0.00
2	6	0.01	0.42	67.13	23.92	0.00
3	3	0.01	0.54	75.07	14.10	0.00
3	7	0.02	1.77	62.63	7.02	0.00
Core	CPU	C1%	C3%	C6%	C8%	C9%
-	-	0.01	0.64	71.55	16.51	0.00
0	0	0.00	0.33	75.40	13.51	0.00
0	4	0.00	0.39	70.55	20.14	0.00
1	1	0.01	0.52	70.44	19.53	0.00
1	5	0.01	0.54	67.99	22.75	0.00
2	2	0.01	0.45	72.98	16.89	0.00
2	6	0.01	0.47	71.62	19.12	0.00
3	3	0.00	0.49	77.12	12.79	0.00
3	7	0.02	1.90	66.48	7.41	0.00
Core	CPU	C1%	C3%	C6%	C8%	C9%
-	-	0.01	1.14	70.23	15.62	0.00
0	0	0.01	0.61	73.31	14.00	0.00
0	4	0.01	0.54	68.02	20.14	0.00
1	1	0.00	2.15	71.32	15.26	0.00
1	5	0.01	0.36	70.55	17.82	0.00
2	2	0.01	0.36	69.13	18.64	0.00
2	6	0.00	0.36	67.94	20.96	0.00
3	3	0.01	0.70	77.66	10.55	0.00
3	7	0.01	4.05	63.76	7.52	0.00
Core	CPU	C1%	C3%	C6%	C8%	C9%
-	-	0.01	0.69	72.28	15.67	0.00
0	0	0.01	0.48	73.03	15.98	0.00
0	4	0.01	0.69	70.42	20.03	0.00
1	1	0.00	0.44	75.84	13.98	0.00
1	5	0.01	0.47	72.15	18.67	0.00
2	2	0.01	0.48	70.13	19.77	0.00
2	6	0.00	0.39	71.16	19.64	0.00
3	3	0.00	0.62	79.19	10.54	0.00
3	7	0.01	1.97	66.92	6.86	0.00
Core	CPU	C1%	C3%	C6%	C8%	C9%
-	-	0.08	0.82	70.84	16.85	0.00
0	0	0.54	0.32	73.62	14.85	0.00
0	4	0.00	0.60	70.18	20.32	0.00
1	1	0.01	0.48	73.01	16.89	0.00
1	5	0.01	0.48	69.36	21.44	0.00
2	2	0.01	0.83	69.19	20.19	0.00
2	6	0.07	0.51	69.27	20.49	0.00
3	3	0.01	1.47	77.26	11.65	0.00
3	7	0.01	1.84	64.85	8.96	0.00
Core	CPU	C1%	C3%	C6%	C8%	C9%
-	-	0.01	0.59	69.89	18.24	0.00
0	0	0.00	0.37	76.79	12.21	0.00
0	4	0.00	0.49	73.10	17.39	0.00
1	1	0.00	0.34	70.85	19.23	0.00
1	5	0.00	0.27	67.71	23.26	0.00
2	2	0.01	0.56	68.97	20.88	0.00
2	6	0.01	0.58	67.13	23.58	0.00
3	3	0.00	0.63	72.60	17.29	0.00
3	7	0.02	1.46	61.92	12.07	0.00
Core	CPU	C1%	C3%	C6%	C8%	C9%
-	-	0.00	0.65	71.20	17.02	0.00
0	0	0.00	0.45	76.56	12.53	0.00
0	4	0.00	0.63	71.28	19.22	0.00
1	1	0.00	0.41	72.98	16.95	0.00
1	5	0.00	0.39	69.04	21.90	0.00
2	2	0.01	0.53	71.01	18.92	0.00
2	6	0.01	0.55	69.36	21.37	0.00
3	3	0.00	0.50	74.98	15.00	0.00
3	7	0.01	1.76	63.69	10.13	0.00
Core	CPU	C1%	C3%	C6%	C8%	C9%
-	-	0.01	1.26	69.48	17.23	0.00
0	0	0.00	0.53	72.38	15.42	0.00
0	4	0.00	0.47	67.97	22.22	0.00
1	1	0.00	2.61	72.13	14.44	0.00
1	5	0.01	0.40	69.80	20.10	0.00
2	2	0.01	0.37	68.36	20.31	0.00
2	6	0.01	0.47	66.98	23.10	0.00
3	3	0.00	0.48	76.31	13.44	0.00
3	7	0.01	4.72	62.54	8.98	0.00
Core	CPU	C1%	C3%	C6%	C8%	C9%
-	-	0.01	0.63	71.74	16.37	0.00
0	0	0.01	0.37	76.73	12.29	0.00
0	4	0.01	0.50	70.97	19.70	0.00
1	1	0.01	0.44	74.11	15.84	0.00
1	5	0.01	0.45	70.44	20.32	0.00
2	2	0.01	0.42	70.49	19.47	0.00
2	6	0.00	0.52	69.74	20.99	0.00
3	3	0.00	0.61	77.14	12.74	0.00
3	7	0.02	1.77	64.30	9.65	0.00
Core	CPU	C1%	C3%	C6%	C8%	C9%
-	-	0.01	0.86	70.35	17.45	0.00
0	0	0.01	0.47	73.91	15.00	0.00
0	4	0.00	0.50	69.01	21.29	0.00
1	1	0.00	1.33	71.60	17.41	0.00
1	5	0.01	0.44	69.26	21.17	0.00
2	2	0.01	0.46	68.55	20.66	0.00
2	6	0.00	0.48	68.38	22.32	0.00
3	3	0.01	0.58	76.75	13.06	0.00
3	7	0.02	2.59	64.80	8.51	0.00
Core	CPU	C1%	C3%	C6%	C8%	C9%
-	-	0.01	0.65	71.05	16.90	0.00
0	0	0.01	0.45	72.04	17.06	0.00
0	4	0.00	0.55	71.68	18.79	0.00
1	1	0.00	0.44	73.92	16.02	0.00
1	5	0.01	0.50	68.56	22.13	0.00
2	2	0.01	0.51	71.32	18.29	0.00
2	6	0.00	0.47	69.02	20.95	0.00
3	3	0.00	0.52	77.45	12.50	0.00
3	7	0.01	1.78	64.52	9.44	0.00
Core	CPU	C1%	C3%	C6%	C8%	C9%
-	-	0.01	0.65	72.00	16.02	0.00
0	0	0.00	0.45	76.96	11.95	0.00
0	4	0.00	0.56	71.62	18.88	0.00
1	1	0.00	0.43	73.11	16.91	0.00
1	5	0.01	0.42	70.30	20.51	0.00
2	2	0.01	0.44	70.32	19.63	0.00
2	6	0.00	0.41	69.45	21.37	0.00
3	3	0.00	0.53	78.99	10.96	0.00
3	7	0.01	2.00	65.68	8.06	0.00
Core	CPU	C1%	C3%	C6%	C8%	C9%
-	-	0.01	0.97	69.53	16.28	0.00
0	0	0.01	0.53	73.18	13.72	0.00
0	4	0.00	0.65	66.69	21.80	0.00
1	1	0.00	2.32	70.98	15.59	0.00
1	5	0.01	0.53	68.08	20.35	0.00
2	2	0.01	0.38	69.48	18.10	0.00
2	6	0.00	0.33	68.23	20.14	0.00
3	3	0.00	0.55	75.72	12.01	0.00
3	7	0.02	2.50	63.26	8.35	0.00
Core	CPU	C1%	C3%	C6%	C8%	C9%
-	-	0.01	0.65	71.60	16.39	0.00
0	0	0.01	0.49	75.55	13.42	0.00
0	4	0.01	0.53	69.68	20.95	0.00
1	1	0.00	0.38	74.45	15.55	0.00
1	5	0.01	0.44	71.40	19.34	0.00
2	2	0.00	0.45	72.76	17.08	0.00
2	6	0.00	0.36	69.44	21.42	0.00
3	3	0.00	0.63	77.58	12.29	0.00
3	7	0.01	1.89	62.54	11.20	0.00
Core	CPU	C1%	C3%	C6%	C8%	C9%
-	-	0.01	0.73	71.64	16.26	0.00
0	0	0.00	0.40	72.99	15.40	0.00
0	4	0.01	0.45	69.62	21.06	0.00
1	1	0.01	0.53	73.31	16.58	0.00
1	5	0.02	0.60	69.96	20.68	0.00
2	2	0.01	0.46	72.47	17.34	0.00
2	6	0.00	0.39	71.99	17.87	0.00
3	3	0.00	0.48	77.26	12.58	0.00
3	7	0.01	2.52	65.03	8.40	0.00
Core	CPU	C1%	C3%	C6%	C8%	C9%
-	-	0.01	0.71	71.76	16.19	0.00
0	0	0.01	0.50	71.04	17.95	0.00
0	4	0.01	0.59	68.01	22.52	0.00
1	1	0.01	0.54	74.07	15.81	0.00
1	5	0.01	0.71	71.05	19.51	0.00
2	2	0.00	0.37	72.38	17.53	0.00
2	6	0.00	0.32	70.44	20.42	0.00
3	3	0.00	0.49	81.17	8.75	0.00
3	7	0.02	2.13	66.49	7.19	0.00
Core	CPU	C1%	C3%	C6%	C8%	C9%
-	-	0.01	0.65	71.43	16.66	0.00
0	0	0.00	0.41	73.07	16.10	0.00
0	4	0.01	0.51	70.64	19.99	0.00
1	1	0.00	0.44	75.37	14.40	0.00
1	5	0.01	0.50	69.63	21.05	0.00
2	2	0.01	0.41	69.29	20.67	0.00
2	6	0.01	0.47	69.22	21.54	0.00
3	3	0.00	0.58	77.91	11.94	0.00
3	7	0.01	1.85	66.29	7.58	0.00
Core	CPU	C1%	C3%	C6%	C8%	C9%
-	-	0.01	1.34	68.99	17.96	0.00
0	0	0.00	0.39	69.55	19.06	0.00
0	4	0.00	0.58	69.29	19.99	0.00
1	1	0.01	3.17	67.91	18.75	0.00
1	5	0.01	0.58	67.80	22.20	0.00
2	2	0.00	0.43	69.55	19.90	0.00
2	6	0.00	0.49	67.11	23.22	0.00
3	3	0.00	0.55	76.83	11.85	0.00
3	7	0.02	4.48	63.25	8.51	0.00
Core	CPU	C1%	C3%	C6%	C8%	C9%
-	-	0.01	0.69	72.00	15.94	0.00
0	0	0.00	0.45	71.62	17.38	0.00
0	4	0.00	0.48	69.87	20.64	0.00
1	1	0.01	0.54	72.29	17.58	0.00
1	5	0.01	0.56	70.03	20.67	0.00
2	2	0.01	0.45	73.04	16.88	0.00
2	6	0.01	0.52	73.59	17.02	0.00
3	3	0.00	0.60	79.14	10.73	0.00
3	7	0.01	1.90	67.02	6.80	0.00
Core	CPU	C1%	C3%	C6%	C8%	C9%
-	-	0.01	0.72	70.64	17.25	0.00
0	0	0.00	0.44	77.68	11.31	0.00
0	4	0.00	0.45	70.47	20.19	0.00
1	1	0.00	0.38	71.63	18.30	0.00
1	5	0.00	0.45	69.33	21.48	0.00
2	2	0.01	0.44	70.03	19.63	0.00
2	6	0.00	0.90	67.62	21.91	0.00
3	3	0.01	0.52	75.86	14.16	0.00
3	7	0.01	2.21	62.52	11.06	0.00
Core	CPU	C1%	C3%	C6%	C8%	C9%
-	-	0.01	0.70	71.57	16.47	0.00
0	0	0.00	0.45	72.28	16.64	0.00
0	4	0.00	0.59	69.35	21.17	0.00
1	1	0.00	0.53	72.40	17.57	0.00
1	5	0.01	0.59	70.35	20.30	0.00
2	2	0.00	0.35	71.02	18.97	0.00
2	6	0.01	0.45	71.12	19.60	0.00
3	3	0.01	0.56	79.64	10.25	0.00
3	7	0.01	2.08	66.40	7.30	0.00
Core	CPU	C1%	C3%	C6%	C8%	C9%
-	-	0.01	0.66	70.17	17.88	0.00
0	0	0.00	0.42	75.05	14.03	0.00
0	4	0.01	0.48	71.67	18.95	0.00
1	1	0.01	0.39	72.37	17.68	0.00
1	5	0.00	0.42	69.52	21.27	0.00
2	2	0.00	0.52	67.43	22.37	0.00
2	6	0.01	0.55	66.80	23.88	0.00
3	3	0.00	0.55	75.44	14.45	0.00
3	7	0.01	1.92	63.05	10.43	0.00
Core	CPU	C1%	C3%	C6%	C8%	C9%
-	-	0.01	1.03	67.08	18.09	0.00
0	0	0.00	0.58	71.72	15.57	0.00
0	4	0.01	0.58	66.95	21.45	0.00
1	1	0.00	2.16	68.78	15.30	0.00
1	5	0.01	0.24	66.20	22.81	0.00
2	2	0.02	0.47	63.03	23.94	0.00
2	6	0.00	0.55	64.84	24.05	0.00
3	3	0.00	0.51	74.04	13.87	0.00
3	7	0.02	3.18	60.45	7.58	0.00
Core	CPU	C1%	C3%	C6%	C8%	C9%
-	-	0.01	0.65	71.31	16.68	0.00
0	0	0.01	0.51	71.51	17.46	0.00
0	4	0.00	0.42	67.97	22.79	0.00
1	1	0.00	0.49	73.00	16.84	0.00
1	5	0.01	0.55	71.52	19.14	0.00
2	2	0.01	0.32	71.21	18.80	0.00
2	6	0.01	0.33	70.78	20.09	0.00
3	3	0.01	0.63	79.33	10.42	0.00
3	7	0.01	1.96	65.78	8.04	0.00
Core	CPU	C1%	C3%	C6%	C8%	C9%
-	-	0.01	0.81	70.95	16.92	0.00
0	0	0.01	0.44	75.18	13.96	0.00
0	4	0.01	0.58	72.15	18.50	0.00
1	1	0.01	0.45	75.09	14.70	0.00
1	5	0.01	0.36	68.41	22.52	0.00
2	2	0.01	1.25	68.01	20.99	0.00
2	6	0.00	0.51	69.51	21.25	0.00
3	3	0.00	0.58	75.43	13.87	0.00
3	7	0.02	2.31	63.84	9.59	0.00
Core	CPU	C1%	C3%	C6%	C8%	C9%
-	-	0.01	0.66	70.76	17.33	0.00
0	0	0.00	0.47	73.53	15.49	0.00
0	4	0.00	0.53	71.41	19.19	0.00
1	1	0.00	0.45	71.96	18.07	0.00
1	5	0.01	0.42	69.59	21.23	0.00
2	2	0.01	0.48	68.37	21.58	0.00
2	6	0.01	0.48	70.51	20.13	0.00
3	3	0.00	0.59	77.13	12.75	0.00
3	7	0.01	1.83	63.58	10.21	0.00
Core	CPU	C1%	C3%	C6%	C8%	C9%
-	-	0.03	0.76	71.87	16.10	0.00
0	0	0.01	0.63	70.05	18.93	0.00
0	4	0.00	0.68	67.53	22.94	0.00
1	1	0.00	0.50	74.44	15.38	0.00
1	5	0.01	0.66	72.30	18.25	0.00
2	2	0.00	0.31	69.20	20.85	0.00
2	6	0.00	0.27	70.99	19.92	0.00
3	3	0.00	0.64	83.20	6.57	0.00
3	7	0.21	2.40	67.24	5.97	0.00
Core	CPU	C1%	C3%	C6%	C8%	C9%
-	-	0.03	1.08	68.70	17.62	0.00
0	0	0.01	0.53	71.50	15.98	0.00
0	4	0.00	0.49	68.25	20.93	0.00
1	1	0.00	2.26	69.81	16.85	0.00
1	5	0.00	0.45	67.32	21.64	0.00
2	2	0.01	0.52	68.92	19.75	0.00
2	6	0.00	0.39	65.86	23.09	0.00
3	3	0.01	0.56	75.76	12.86	0.00
3	7	0.21	3.42	61.67	9.73	0.00
Core	CPU	C1%	C3%	C6%	C8%	C9%
-	-	0.01	0.69	71.94	16.16	0.00
0	0	0.01	0.63	73.53	15.44	0.00
0	4	0.01	0.71	69.17	21.37	0.00
1	1	0.00	0.35	74.83	15.17	0.00
1	5	0.01	0.43	72.90	17.88	0.00
2	2	0.00	0.39	69.80	20.14	0.00
2	6	0.01	0.33	69.10	21.80	0.00
3	3	0.00	0.61	80.63	9.24	0.00
3	7	0.01	2.11	65.43	8.21	0.00
Core	CPU	C1%	C3%	C6%	C8%	C9%
-	-	0.01	0.79	71.16	16.74	0.00
0	0	0.00	0.43	73.82	15.28	0.00
0	4	0.00	0.48	71.66	19.04	0.00
1	1	0.00	0.51	72.50	17.43	0.00
1	5	0.01	0.46	68.26	22.54	0.00
2	2	0.01	1.17	71.20	17.80	0.00
2	6	0.01	0.55	70.30	20.14	0.00
3	3	0.01	0.43	77.34	12.33	0.00
3	7	0.01	2.30	64.18	9.33	0.00
Core	CPU	C1%	C3%	C6%	C8%	C9%
-	-	0.01	0.67	71.36	16.61	0.00
0	0	0.01	0.42	72.22	16.84	0.00
0	4	0.00	0.53	69.78	20.82	0.00
1	1	0.01	0.50	75.05	14.74	0.00
1	5	0.01	0.53	71.74	18.93	0.00
2	2	0.01	0.46	68.30	21.65	0.00
2	6	0.01	0.44	69.87	20.96	0.00
3	3	0.01	0.55	79.11	10.80	0.00
3	7	0.02	1.91	65.49	8.30	0.00
Core	CPU	C1%	C3%	C6%	C8%	C9%
-	-	0.01	0.69	71.81	16.24	0.00
0	0	0.01	0.42	72.22	16.74	0.00
0	4	0.01	0.58	67.30	23.23	0.00
1	1	0.01	0.58	73.19	16.66	0.00
1	5	0.01	0.64	71.21	19.30	0.00
2	2	0.00	0.26	70.47	19.63	0.00
2	6	0.00	0.43	71.45	19.34	0.00
3	3	0.00	0.63	80.97	8.80	0.00
3	7	0.02	2.02	67.64	6.18	0.00
Core	CPU	C1%	C3%	C6%	C8%	C9%
-	-	0.01	1.10	69.42	16.52	0.00
0	0	0.01	0.50	71.86	14.98	0.00
0	4	0.01	0.49	67.76	20.45	0.00
1	1	0.01	2.44	71.92	14.72	0.00
1	5	0.01	0.53	69.15	19.62	0.00
2	2	0.00	0.43	68.98	18.96	0.00
2	6	0.00	0.37	67.23	21.67	0.00
3	3	0.00	0.60	75.49	12.37	0.00
3	7	0.01	3.40	62.39	9.22	0.00
Core	CPU	C1%	C3%	C6%	C8%	C9%
-	-	0.01	0.66	71.56	16.44	0.00
0	0	0.01	0.42	72.16	17.02	0.00
0	4	0.01	0.54	68.93	21.69	0.00
1	1	0.00	0.43	75.27	14.60	0.00
1	5	0.01	0.51	70.33	20.37	0.00
2	2	0.01	0.35	71.47	18.42	0.00
2	6	0.00	0.50	71.08	19.67	0.00
3	3	0.01	0.63	78.17	11.65	0.00
3	7	0.01	1.90	65.64	8.23	0.00
Core	CPU	C1%	C3%	C6%	C8%	C9%
-	-	0.01	0.82	71.45	16.46	0.00
0	0	0.01	0.52	70.51	18.51	0.00
0	4	0.00	0.64	68.08	22.20	0.00
1	1	0.01	0.52	74.56	15.23	0.00
1	5	0.01	0.53	69.73	21.04	0.00
2	2	0.00	1.14	70.31	18.85	0.00
2	6	0.01	0.42	71.81	19.02	0.00
3	3	0.00	0.53	80.17	9.74	0.00
3	7	0.02	2.31	66.43	7.07	0.00
Core	CPU	C1%	C3%	C6%	C8%	C9%
-	-	0.01	0.71	71.09	16.92	0.00
0	0	0.01	0.50	70.01	19.11	0.00
0	4	0.01	0.67	69.31	21.05	0.00
1	1	0.00	0.50	72.56	17.09	0.00
1	5	0.01	0.56	71.33	19.32	0.00
2	2	0.00	0.40	69.03	20.96	0.00
2	6	0.00	0.35	70.14	20.71	0.00
3	3	0.01	0.63	80.50	9.30	0.00
3	7	0.01	2.06	65.83	7.86	0.00
Core	CPU	C1%	C3%	C6%	C8%	C9%
-	-	0.00	0.69	71.47	16.57	0.00
0	0	0.00	0.48	73.74	15.17	0.00
0	4	0.00	0.70	70.31	19.94	0.00
1	1	0.00	0.53	70.83	18.97	0.00
1	5	0.01	0.60	70.13	20.56	0.00
2	2	0.00	0.36	71.82	18.23	0.00
2	6	0.00	0.35	71.15	19.71	0.00
3	3	0.00	0.50	78.52	11.45	0.00
3	7	0.01	2.03	65.30	8.50	0.00
Core	CPU	C1%	C3%	C6%	C8%	C9%
-	-	0.01	1.14	69.29	17.31	0.00
0	0	0.00	0.42	70.28	17.01	0.00
0	4	0.00	0.51	66.59	23.14	0.00
1	1	0.00	2.01	70.19	16.68	0.00
1	5	0.01	0.65	68.20	21.00	0.00
2	2	0.01	0.40	69.25	19.70	0.00
2	6	0.01	0.42	70.02	19.52	0.00
3	3	0.00	0.49	75.88	12.82	0.00
3	7	0.01	4.25	63.27	8.43	0.00
Core	CPU	C1%	C3%	C6%	C8%	C9%
-	-	0.01	0.71	71.65	16.30	0.00
0	0	0.01	0.53	70.91	18.20	0.00
0	4	0.00	0.64	68.58	21.80	0.00
1	1	0.00	0.35	73.85	16.26	0.00
1	5	0.01	0.51	74.77	15.78	0.00
2	2	0.00	0.39	69.10	20.84	0.00
2	6	0.00	0.48	69.87	20.88	0.00
3	3	0.01	0.67	80.72	9.12	0.00
3	7	0.01	2.08	65.98	7.69	0.00
Core	CPU	C1%	C3%	C6%	C8%	C9%
-	-	0.01	0.83	70.76	16.89	0.00
0	0	0.00	0.44	72.37	16.61	0.00
0	4	0.00	0.47	70.19	20.27	0.00
1	1	0.00	0.44	71.81	17.85	0.00
1	5	0.01	0.54	68.68	21.65	0.00
2	2	0.01	0.50	71.30	18.12	0.00
2	6	0.01	1.05	69.71	19.87	0.00
3	3	0.00	0.45	77.02	12.33	0.00
3	7	0.02	2.78	64.84	8.38	0.00
Core	CPU	C1%	C3%	C6%	C8%	C9%
-	-	0.00	0.68	71.23	16.81	0.00
0	0	0.01	0.49	71.84	17.32	0.00
0	4	0.00	0.73	70.14	20.30	0.00
1	1	0.00	0.39	74.44	15.47	0.00
1	5	0.01	0.45	69.80	20.92	0.00
2	2	0.00	0.46	71.77	18.05	0.00
2	6	0.00	0.33	69.58	21.29	0.00
3	3	0.00	0.58	78.70	11.21	0.00
3	7	0.02	2.03	63.71	9.99	0.00
Core	CPU	C1%	C3%	C6%	C8%	C9%
-	-	0.01	0.66	71.13	16.96	0.00
0	0	0.00	0.49	72.33	16.84	0.00
0	4	0.00	0.57	70.07	20.55	0.00
1	1	0.00	0.36	74.21	15.73	0.00
1	5	0.01	0.43	69.08	21.68	0.00
2	2	0.01	0.49	72.24	17.54	0.00
2	6	0.01	0.45	68.89	21.90	0.00
3	3	0.01	0.55	78.25	11.70	0.00
3	7	0.02	1.97	63.94	9.73	0.00
Core	CPU	C1%	C3%	C6%	C8%	C9%
-	-	0.01	0.92	69.74	16.10	0.00
0	0	0.00	0.44	69.97	17.33	0.00
0	4	0.01	0.49	68.85	19.25	0.00
1	1	0.00	2.04	70.42	16.41	0.00
1	5	0.00	0.53	69.53	19.17	0.00
2	2	0.01	0.40	70.19	17.66	0.00
2	6	0.00	0.46	67.78	20.46	0.00
3	3	0.00	0.62	77.30	10.42	0.00
3	7	0.02	2.36	63.65	8.02	0.00
Core	CPU	C1%	C3%	C6%	C8%	C9%
-	-	0.00	0.67	71.25	16.88	0.00
0	0	0.00	0.56	73.02	15.98	0.00
0	4	0.00	0.58	68.64	21.95	0.00
1	1	0.00	0.44	73.34	16.53	0.00
1	5	0.00	0.51	71.61	19.03	0.00
2	2	0.00	0.31	68.79	21.25	0.00
2	6	0.00	0.33	69.13	21.70	0.00
3	3	0.01	0.60	79.48	10.40	0.00
3	7	0.01	1.99	65.61	8.12	0.00
Core	CPU	C1%	C3%	C6%	C8%	C9%
-	-	0.01	0.82	70.67	16.78	0.05
0	0	0.00	0.36	70.91	17.62	0.00
0	4	0.00	0.39	68.71	21.83	0.00
1	1	0.00	0.59	72.23	17.46	0.00
1	5	0.02	0.71	67.13	22.78	0.00
2	2	0.00	0.40	72.43	16.94	0.00
2	6	0.01	0.96	71.39	18.36	0.41
3	3	0.00	0.53	76.77	12.66	0.00
3	7	0.04	2.64	65.83	6.55	0.00
Core	CPU	C1%	C3%	C6%	C8%	C9%
-	-	0.01	0.67	69.97	17.49	0.00
0	0	0.01	0.50	71.64	17.61	0.00
0	4	0.00	0.67	69.36	21.17	0.00
1	1	0.00	0.45	70.25	18.89	0.00
1	5	0.01	0.45	69.40	21.60	0.00
2	2	0.00	0.44	69.98	19.52	0.00
2	6	0.01	0.40	68.16	22.84	0.00
3	3	0.00	0.50	78.25	11.12	0.00
3	7	0.01	1.92	63.02	7.21	0.00
Core	CPU	C1%	C3%	C6%	C8%	C9%
-	-	0.01	0.72	72.26	15.72	0.00
0	0	0.01	0.62	72.69	16.18	0.00
0	4	0.01	0.61	70.56	19.99	0.00
1	1	0.00	0.53	74.03	15.67	0.00
1	5	0.01	0.48	72.06	18.62	0.00
2	2	0.00	0.46	70.59	19.34	0.00
2	6	0.00	0.31	70.53	20.33	0.00
3	3	0.00	0.63	81.60	8.22	0.00
3	7	0.01	2.15	66.20	7.44	0.00
Core	CPU	C1%	C3%	C6%	C8%	C9%
-	-	0.01	1.08	68.97	17.57	0.14
0	0	0.00	0.52	71.98	15.71	0.00
0	4	0.01	0.48	67.89	21.39	0.00
1	1	0.00	2.03	72.42	14.38	1.12
1	5	0.01	0.43	69.16	20.10	0.00
2	2	0.01	0.48	66.83	22.74	0.00
2	6	0.01	0.40	66.61	22.58	0.00
3	3	0.00	0.59	74.69	13.63	0.00
3	7	0.01	3.73	61.68	9.92	0.00
Core	CPU	C1%	C3%	C6%	C8%	C9%
-	-	0.01	0.69	70.81	17.14	0.00
0	0	0.00	0.55	72.17	16.90	0.00
0	4	0.00	0.62	69.72	20.79	0.00
1	1	0.00	0.41	70.80	19.21	0.00
1	5	0.01	0.42	72.95	17.64	0.00
2	2	0.01	0.50	69.47	20.43	0.00
2	6	0.00	0.47	69.04	21.65	0.00
3	3	0.01	0.63	77.87	11.99	0.00
3	7	0.01	1.96	65.07	8.64	0.00
Core	CPU	C1%	C3%	C6%	C8%	C9%
-	-	0.01	0.83	70.73	17.37	0.00
0	0	0.00	0.47	75.00	14.19	0.00
0	4	0.00	0.64	71.95	18.51	0.00
1	1	0.00	1.18	71.74	17.54	0.00
1	5	0.01	0.36	69.65	21.21	0.00
2	2	0.01	0.51	68.77	21.19	0.00
2	6	0.00	0.53	68.27	22.52	0.00
3	3	0.01	0.52	76.72	13.34	0.00
3	7	0.01	2.45	63.07	10.27	0.00
Core	CPU	C1%	C3%	C6%	C8%	C9%
-	-	0.01	0.64	70.80	17.19	0.00
0	0	0.00	0.42	74.49	14.59	0.00
0	4	0.01	0.50	71.24	19.34	0.00
1	1	0.01	0.42	73.09	16.70	0.00
1	5	0.01	0.37	69.60	21.24	0.00
2	2	0.00	0.53	70.95	18.95	0.00
2	6	0.00	0.61	69.27	21.40	0.00
3	3	0.01	0.54	75.59	14.38	0.00
3	7	0.02	1.71	62.87	11.06	0.00
Core	CPU	C1%	C3%	C6%	C8%	C9%
-	-	0.01	0.67	71.56	16.52	0.00
0	0	0.00	0.33	74.54	14.41	0.00
0	4	0.01	0.50	69.99	20.58	0.00
1	1	0.01	0.53	72.81	17.08	0.00
1	5	0.01	0.51	70.71	20.03	0.00
2	2	0.01	0.43	70.98	18.98	0.00
2	6	0.00	0.44	70.16	20.65	0.00
3	3	0.00	0.58	77.54	12.40	0.00
3	7	0.01	2.02	65.73	7.98	0.00
Core	CPU	C1%	C3%	C6%	C8%	C9%
-	-	0.01	1.04	69.18	16.69	0.00
0	0	0.00	0.44	72.24	14.79	0.00
0	4	0.01	0.53	70.17	18.22	0.00
1	1	0.01	2.21	68.83	17.89	0.00
1	5	0.01	0.43	67.75	20.52	0.00
2	2	0.01	0.39	68.75	19.84	0.00
2	6	0.01	0.45	66.92	21.20	0.00
3	3	0.00	0.57	75.09	12.29	0.00
3	7	0.01	3.30	63.17	8.61	0.00
Core	CPU	C1%	C3%	C6%	C8%	C9%
-	-	0.01	0.64	70.23	17.80	0.00
0	0	0.00	0.36	74.63	14.33	0.00
0	4	0.00	0.57	70.85	19.65	0.00
1	1	0.00	0.38	70.77	19.29	0.00
1	5	0.01	0.41	67.33	23.51	0.00
2	2	0.01	0.50	70.85	19.10	0.00
2	6	0.00	0.60	69.29	21.36	0.00
3	3	0.01	0.54	75.97	14.06	0.00
3	7	0.01	1.74	62.70	11.23	0.00
Core	CPU	C1%	C3%	C6%	C8%	C9%
-	-	0.01	0.87	71.65	16.27	0.00
0	0	0.01	0.45	69.66	19.32	0.00
0	4	0.01	0.61	68.33	22.13	0.00
1	1	0.00	0.55	72.61	17.25	0.00
1	5	0.01	0.62	70.44	20.27	0.00
2	2	0.01	0.35	71.48	18.57	0.00
2	6	0.00	1.08	70.64	19.39	0.00
3	3	0.00	0.62	81.63	8.21	0.00
3	7	0.01	2.64	68.36	4.97	0.00
Core	CPU	C1%	C3%	C6%	C8%	C9%
-	-	0.01	0.70	71.67	16.38	0.00
0	0	0.00	0.38	74.23	14.89	0.00
0	4	0.00	0.82	70.22	19.95	0.00
1	1	0.00	0.57	73.82	16.00	0.00
1	5	0.01	0.49	69.40	21.38	0.00
2	2	0.01	0.42	70.89	19.12	0.00
2	6	0.00	0.50	70.57	20.22	0.00
3	3	0.00	0.50	78.65	11.29	0.00
3	7	0.02	1.96	65.61	8.19	0.00
Core	CPU	C1%	C3%	C6%	C8%	C9%
-	-	0.01	0.66	70.88	17.17	0.00
0	0	0.00	0.46	75.05	13.96	0.00
0	4	0.01	0.69	73.11	17.12	0.00
1	1	0.01	0.36	71.43	18.34	0.00
1	5	0.01	0.35	70.56	20.37	0.00
2	2	0.01	0.44	67.96	22.00	0.00
2	6	0.01	0.46	68.00	22.79	0.00
3	3	0.00	0.56	77.15	12.81	0.00
3	7	0.01	1.91	63.82	9.95	0.00
Core	CPU	C1%	C3%	C6%	C8%	C9%
-	-	0.01	1.33	69.53	17.29	0.00
0	0	0.01	0.55	69.75	18.18	0.00
0	4	0.01	0.70	68.09	20.93	0.00
1	1	0.01	2.73	69.75	16.98	0.00
1	5	0.01	0.49	70.03	20.23	0.00
2	2	0.01	0.35	68.56	20.20	0.00
2	6	0.00	0.39	67.74	22.67	0.00
3	3	0.01	0.57	78.33	10.92	0.00
3	7	0.01	4.86	63.42	8.03	0.00
Core	CPU	C1%	C3%	C6%	C8%	C9%
-	-	0.01	0.69	71.56	16.37	0.00
0	0	0.00	0.48	73.79	15.07	0.00
0	4	0.00	0.63	70.09	20.34	0.00
1	1	0.00	0.51	72.85	17.03	0.00
1	5	0.01	0.52	70.74	20.03	0.00
2	2	0.01	0.43	70.46	19.51	0.00
2	6	0.00	0.45	70.62	20.14	0.00
3	3	0.00	0.59	79.15	10.62	0.00
3	7	0.01	1.93	65.37	8.37	0.00
Core	CPU	C1%	C3%	C6%	C8%	C9%
-	-	0.00	0.80	71.37	16.53	0.00
0	0	0.00	0.51	74.33	14.66	0.00
0	4	0.01	0.65	71.03	19.46	0.00
1	1	0.00	0.41	72.47	17.48	0.00
1	5	0.00	0.43	68.84	22.05	0.00
2	2	0.00	0.47	71.00	18.96	0.00
2	6	0.00	0.42	69.75	21.08	0.00
3	3	0.00	1.18	78.88	9.74	0.00
3	7	0.01	2.32	64.70	8.84	0.00
Core	CPU	C1%	C3%	C6%	C8%	C9%
-	-	0.01	0.69	71.92	16.14	0.00
0	0	0.00	0.46	70.23	18.81	0.00
0	4	0.00	0.61	68.41	22.06	0.00
1	1	0.00	0.58	73.27	16.60	0.00
1	5	0.02	0.63	69.97	20.75	0.00
2	2	0.01	0.35	72.42	17.43	0.00
2	6	0.00	0.39	72.92	17.93	0.00
3	3	0.00	0.52	80.47	9.34	0.00
3	7	0.02	2.01	67.61	6.22	0.00
Core	CPU	C1%	C3%	C6%	C8%	C9%
-	-	0.01	0.61	71.02	17.09	0.00
0	0	0.00	0.38	76.18	12.82	0.00
0	4	0.00	0.52	71.50	19.07	0.00
1	1	0.01	0.42	74.36	15.55	0.00
1	5	0.01	0.32	70.59	20.32	0.00
2	2	0.00	0.46	66.98	22.93	0.00
2	6	0.01	0.56	67.61	23.11	0.00
3	3	0.00	0.56	76.50	13.35	0.00
3	7	0.02	1.65	64.44	9.60	0.00
Core	CPU	C1%	C3%	C6%	C8%	C9%
-	-	0.01	1.27	69.89	16.62	0.00
0	0	0.00	0.44	69.07	18.39	0.00
0	4	0.00	0.57	67.88	21.02	0.00
1	1	0.00	3.11	72.73	13.81	0.00
1	5	0.01	0.47	68.08	21.33	0.00
2	2	0.01	0.48	70.37	17.60	0.00
2	6	0.01	0.45	71.04	19.01	0.00
3	3	0.01	0.59	76.78	12.37	0.00
3	7	0.01	4.05	62.49	9.21	0.00
Core	CPU	C1%	C3%	C6%	C8%	C9%
-	-	0.01	0.68	71.09	16.84	0.00
0	0	0.01	0.39	74.16	14.82	0.00
0	4	0.00	0.59	69.46	21.05	0.00
1	1	0.01	0.59	72.69	17.02	0.00
1	5	0.01	0.52	67.58	23.09	0.00
2	2	0.01	0.47	71.32	18.68	0.00
2	6	0.01	0.46	70.99	19.80	0.00
3	3	0.00	0.52	77.61	12.24	0.00
3	7	0.01	1.88	65.64	8.24	0.00
Core	CPU	C1%	C3%	C6%	C8%	C9%
-	-	0.01	0.78	70.96	17.04	0.00
0	0	0.01	0.38	72.39	16.60	0.00
0	4	0.00	0.57	69.82	20.51	0.00
1	1	0.01	0.42	71.54	18.51	0.00
1	5	0.01	0.54	68.90	21.92	0.00
2	2	0.00	0.50	71.30	18.65	0.00
2	6	0.01	0.45	70.64	20.17	0.00
3	3	0.00	1.12	77.20	11.88	0.00
3	7	0.01	2.25	65.62	7.99	0.00
Core	CPU	C1%	C3%	C6%	C8%	C9%
-	-	0.01	0.66	70.93	17.12	0.00
0	0	0.00	0.50	72.90	16.21	0.00
0	4	0.00	0.57	69.07	21.47	0.00
1	1	0.00	0.46	74.70	15.21	0.00
1	5	0.01	0.43	70.47	20.08	0.00
2	2	0.01	0.42	69.60	20.33	0.00
2	6	0.00	0.47	69.37	21.15	0.00
3	3	0.00	0.61	76.19	13.35	0.00
3	7	0.02	1.84	64.76	9.11	0.00
Core	CPU	C1%	C3%	C6%	C8%	C9%
-	-	0.01	0.68	71.52	16.43	0.00
0	0	0.00	0.40	74.19	14.80	0.00
0	4	0.00	0.53	71.52	19.00	0.00
1	1	0.01	0.50	73.63	16.10	0.00
1	5	0.01	0.53	69.19	21.56	0.00
2	2	0.01	0.54	71.26	18.62	0.00
2	6	0.00	0.50	70.13	20.63	0.00
3	3	0.00	0.54	77.71	12.25	0.00
3	7	0.02	1.91	65.10	8.65	0.00
Core	CPU	C1%	C3%	C6%	C8%	C9%
-	-	0.01	1.05	68.53	17.67	0.00
0	0	0.00	0.48	69.18	18.46	0.00
0	4	0.00	0.67	67.64	21.44	0.00
1	1	0.01	2.14	69.83	16.92	0.00
1	5	0.01	0.45	68.40	22.08	0.00
2	2	0.01	0.38	68.79	19.86	0.00
2	6	0.00	0.43	68.14	21.84	0.00
3	3	0.00	0.54	74.99	13.10	0.00
3	7	0.04	3.35	60.74	7.50	0.00
Core	CPU	C1%	C3%	C6%	C8%	C9%
-	-	0.01	0.69	71.53	16.43	0.00
0	0	0.00	0.54	73.71	15.23	0.00
0	4	0.01	0.67	69.53	20.96	0.00
1	1	0.00	0.35	71.94	18.16	0.00
1	5	0.01	0.49	71.49	19.21	0.00
2	2	0.01	0.43	71.22	18.57	0.00
2	6	0.01	0.43	70.32	20.43	0.00
3	3	0.01	0.61	79.79	10.08	0.00
3	7	0.01	2.02	64.74	8.95	0.00
Core	CPU	C1%	C3%	C6%	C8%	C9%
-	-	0.00	0.79	69.85	17.96	0.06
0	0	0.00	0.42	75.00	13.72	0.00
0	4	0.00	0.60	70.70	19.19	0.00
1	1	0.00	0.47	72.36	17.59	0.00
1	5	0.01	0.80	69.62	20.05	0.51
2	2	0.01	0.49	68.24	21.57	0.00
2	6	0.00	0.40	67.40	23.32	0.00
3	3	0.00	0.49	73.18	16.71	0.00
3	7	0.01	2.61	61.76	11.36	0.00
Core	CPU	C1%	C3%	C6%	C8%	C9%
-	-	0.01	0.64	70.87	17.12	0.00
0	0	0.01	0.58	76.61	12.17	0.00
0	4	0.00	0.58	71.57	18.82	0.00
1	1	0.00	0.29	72.52	17.59	0.00
1	5	0.01	0.40	69.83	20.90	0.00
2	2	0.01	0.49	68.93	20.99	0.00
2	6	0.01	0.48	68.42	22.30	0.00
3	3	0.01	0.56	76.53	13.44	0.00
3	7	0.01	1.78	63.06	10.85	0.00
Core	CPU	C1%	C3%	C6%	C8%	C9%
-	-	0.00	0.66	71.09	16.96	0.00
0	0	0.00	0.54	76.49	12.39	0.00
0	4	0.00	0.70	71.60	18.87	0.00
1	1	0.00	0.38	72.51	17.57	0.00
1	5	0.00	0.35	70.44	20.29	0.00
2	2	0.00	0.39	67.17	22.81	0.00
2	6	0.00	0.53	68.24	22.30	0.00
3	3	0.01	0.62	77.96	11.12	0.00
3	7	0.01	1.81	63.73	10.18	0.00
Core	CPU	C1%	C3%	C6%	C8%	C9%
-	-	0.01	0.95	68.98	16.94	0.00
0	0	0.01	0.42	70.72	16.27	0.00
0	4	0.00	0.58	69.25	19.17	0.00
1	1	0.00	2.35	68.34	18.22	0.00
1	5	0.01	0.48	68.26	20.48	0.00
2	2	0.01	0.36	69.15	19.02	0.00
2	6	0.00	0.44	69.23	19.54	0.00
3	3	0.00	0.56	74.25	13.65	0.00
3	7	0.01	2.42	62.60	9.18	0.00
Core	CPU	C1%	C3%	C6%	C8%	C9%
-	-	0.01	0.67	70.76	17.22	0.00
0	0	0.01	0.41	70.43	18.64	0.00
0	4	0.00	0.54	68.97	21.48	0.00
1	1	0.01	0.49	73.71	16.06	0.00
1	5	0.01	0.53	68.11	22.62	0.00
2	2	0.01	0.48	70.91	19.09	0.00
2	6	0.01	0.50	71.16	19.61	0.00
3	3	0.00	0.45	77.80	12.21	0.00
3	7	0.02	1.97	65.58	8.19	0.00
Core	CPU	C1%	C3%	C6%	C8%	C9%
-	-	0.01	0.75	71.84	16.19	0.00
0	0	0.00	0.50	75.96	13.10	0.00
0	4	0.00	1.04	70.88	18.89	0.00
1	1	0.00	0.39	75.97	13.93	0.00
1	5	0.01	0.44	71.53	19.27	0.00
2	2	0.01	0.52	70.46	19.47	0.00
2	6	0.01	0.41	71.06	19.78	0.00
3	3	0.00	0.64	75.56	14.32	0.00
3	7	0.01	2.06	62.92	10.70	0.00
Core	CPU	C1%	C3%	C6%	C8%	C9%
-	-	0.00	0.69	71.27	16.69	0.00
0	0	0.00	0.52	73.09	15.90	0.00
0	4	0.00	0.56	69.34	21.21	0.00
1	1	0.00	0.43	75.46	14.37	0.00
1	5	0.01	0.46	70.54	20.10	0.00
2	2	0.00	0.46	68.38	21.54	0.00
2	6	0.00	0.45	69.86	20.87	0.00
3	3	0.00	0.57	79.12	10.74	0.00
3	7	0.01	2.06	64.81	8.87	0.00
Core	CPU	C1%	C3%	C6%	C8%	C9%
-	-	0.01	0.65	70.92	17.18	0.00
0	0	0.00	0.53	73.15	15.83	0.00
0	4	0.01	0.55	69.66	20.87	0.00
1	1	0.00	0.44	73.01	16.86	0.00
1	5	0.01	0.51	70.07	20.66	0.00
2	2	0.01	0.47	70.20	19.76	0.00
2	6	0.01	0.39	71.69	19.17	0.00
3	3	0.01	0.48	75.79	14.18	0.00
3	7	0.01	1.83	63.77	10.10	0.00
Core	CPU	C1%	C3%	C6%	C8%	C9%
-	-	0.01	1.09	68.60	17.19	0.00
0	0	0.01	0.48	71.63	15.30	0.00
0	4	0.00	0.53	66.32	22.17	0.00
1	1	0.00	2.14	71.12	15.45	0.00
1	5	0.01	0.58	68.88	19.59	0.00
2	2	0.00	0.38	65.73	22.17	0.00
2	6	0.00	0.40	65.39	23.19	0.00
3	3	0.01	0.61	75.75	11.47	0.00
3	7	0.01	3.56	63.47	8.02	0.00
Core	CPU	C1%	C3%	C6%	C8%	C9%
-	-	0.00	0.63	70.59	17.39	0.00
0	0	0.00	0.37	75.45	13.65	0.00
0	4	0.00	0.48	71.36	19.27	0.00
1	1	0.00	0.50	72.27	17.40	0.00
1	5	0.01	0.31	69.22	21.54	0.00
2	2	0.01	0.51	69.26	20.66	0.00
2	6	0.00	0.52	70.07	20.63	0.00
3	3	0.01	0.55	75.05	14.93	0.00
3	7	0.00	1.78	62.60	11.21	0.00
Core	CPU	C1%	C3%	C6%	C8%	C9%
-	-	0.01	0.77	70.74	17.22	0.00
0	0	0.00	0.42	73.55	15.51	0.00
0	4	0.00	1.09	70.96	18.63	0.00
1	1	0.01	0.39	72.36	17.69	0.00
1	5	0.00	0.47	69.88	20.84	0.00
2	2	0.01	0.54	67.91	22.03	0.00
2	6	0.00	0.45	68.73	22.09	0.00
3	3	0.00	0.54	78.20	11.83	0.00
3	7	0.02	2.29	64.25	9.15	0.00
Core	CPU	C1%	C3%	C6%	C8%	C9%
-	-	0.08	0.65	71.28	16.68	0.00
0	0	0.00	0.39	74.49	14.53	0.00
0	4	0.01	0.46	71.39	19.24	0.00
1	1	0.00	0.50	72.76	16.89	0.00
1	5	0.01	0.40	70.99	19.78	0.00
2	2	0.01	0.47	68.32	21.64	0.00
2	6	0.00	0.48	69.42	21.35	0.00
3	3	0.00	0.51	77.87	12.11	0.00
3	7	0.60	1.99	64.96	7.88	0.00
Core	CPU	C1%	C3%	C6%	C8%	C9%
-	-	0.01	0.70	71.04	17.00	0.00
0	0	0.01	0.50	69.45	19.54	0.00
0	4	0.00	0.63	66.91	23.60	0.00
1	1	0.00	0.58	73.66	16.06	0.00
1	5	0.01	0.56	70.13	20.55	0.00
2	2	0.00	0.29	70.42	19.65	0.00
2	6	0.00	0.36	70.30	20.53	0.00
3	3	0.00	0.61	80.65	9.18	0.00
3	7	0.01	2.10	66.81	6.88	0.00
Core	CPU	C1%	C3%	C6%	C8%	C9%
-	-	0.01	0.97	70.24	15.80	0.04
0	0	0.00	0.34	73.42	13.48	0.00
0	4	0.01	0.50	69.97	18.85	0.00
1	1	0.01	1.98	72.00	14.58	0.35
1	5	0.01	0.51	69.73	19.12	0.00
2	2	0.01	0.40	67.67	20.22	0.00
2	6	0.00	0.46	68.40	20.45	0.00
3	3	0.00	0.56	75.47	12.29	0.00
3	7	0.01	2.98	64.65	7.24	0.00
Core	CPU	C1%	C3%	C6%	C8%	C9%
-	-	0.01	0.68	71.38	16.56	0.00
0	0	0.00	0.53	70.87	18.16	0.00
0	4	0.01	0.54	70.26	20.40	0.00
1	1	0.00	0.55	71.34	18.48	0.00
1	5	0.01	0.52	69.05	21.59	0.00
2	2	0.00	0.45	73.59	16.24	0.00
2	6	0.01	0.46	70.03	20.65	0.00
3	3	0.00	0.45	79.30	10.62	0.00
3	7	0.01	1.96	67.17	6.52	0.00
Core	CPU	C1%	C3%	C6%	C8%	C9%
-	-	0.01	0.83	70.42	17.21	0.00
0	0	0.01	0.41	71.16	18.02	0.00
0	4	0.00	0.53	71.25	19.46	0.00
1	1	0.01	0.54	69.88	18.30	0.00
1	5	0.02	1.34	68.56	21.12	0.00
2	2	0.00	0.43	72.10	17.20	0.00
2	6	0.00	0.51	69.56	21.13	0.00
3	3	0.00	0.58	75.78	14.13	0.00
3	7	0.00	2.31	65.10	8.30	0.00
Core	CPU	C1%	C3%	C6%	C8%	C9%
-	-	0.01	0.64	71.55	16.54	0.00
0	0	0.01	0.36	73.99	14.95	0.00
0	4	0.00	0.44	70.27	20.43	0.00
1	1	0.00	0.50	70.95	19.04	0.00
1	5	0.01	0.41	69.40	21.38	0.00
2	2	0.02	0.40	72.65	17.30	0.00
2	6	0.00	0.41	71.93	18.84	0.00
3	3	0.00	0.62	77.70	12.12	0.00
3	7	0.02	1.94	65.52	8.30	0.00
Core	CPU	C1%	C3%	C6%	C8%	C9%
-	-	0.01	0.69	71.87	16.19	0.00
0	0	0.01	0.49	70.59	18.53	0.00
0	4	0.00	0.61	68.15	22.35	0.00
1	1	0.01	0.52	73.62	16.24	0.00
1	5	0.01	0.54	71.64	18.92	0.00
2	2	0.01	0.30	71.68	18.35	0.00
2	6	0.00	0.35	71.12	19.72	0.00
3	3	0.00	0.63	81.28	8.47	0.00
3	7	0.02	2.09	66.84	6.92	0.00
Core	CPU	C1%	C3%	C6%	C8%	C9%
-	-	0.01	1.01	68.63	17.38	0.00
0	0	0.00	0.34	73.00	14.32	0.00
0	4	0.01	0.54	71.08	17.19	0.00
1	1	0.01	2.41	69.02	17.53	0.00
1	5	0.01	0.32	67.18	21.68	0.00
2	2	0.01	0.43	66.40	21.59	0.00
2	6	0.01	0.50	65.73	22.92	0.00
3	3	0.00	0.51	73.44	14.37	0.00
3	7	0.01	2.99	62.54	9.25	0.00
Core	CPU	C1%	C3%	C6%	C8%	C9%
-	-	0.01	0.69	71.46	16.44	0.00
0	0	0.01	0.51	72.55	16.47	0.00
0	4	0.01	0.50	68.69	22.00	0.00
1	1	0.01	0.52	75.36	14.26	0.00
1	5	0.01	0.48	70.74	19.83	0.00
2	2	0.01	0.39	70.00	20.00	0.00
2	6	0.00	0.36	70.23	20.64	0.00
3	3	0.00	0.57	79.97	9.85	0.00
3	7	0.01	2.19	64.79	8.66	0.00
Core	CPU	C1%	C3%	C6%	C8%	C9%
-	-	0.01	0.79	69.36	18.17	0.00
0	0	0.00	0.40	73.51	15.73	0.00
0	4	0.00	0.46	71.10	19.77	0.00
1	1	0.00	1.25	73.00	16.05	0.00
1	5	0.01	0.32	68.06	22.93	0.00
2	2	0.01	0.51	67.48	21.92	0.00
2	6	0.01	0.57	67.85	22.62	0.00
3	3	0.00	0.46	73.23	16.14	0.00
3	7	0.02	2.33	60.64	10.21	0.00
Core	CPU	C1%	C3%	C6%	C8%	C9%
-	-	0.01	0.68	70.97	16.77	0.00
0	0	0.00	0.41	72.25	16.95	0.00
0	4	0.00	0.48	69.69	20.57	0.00
1	1	0.00	0.45	71.72	18.08	0.00
1	5	0.01	0.51	68.77	21.68	0.00
2	2	0.01	0.45	72.47	17.40	0.00
2	6	0.00	0.47	68.76	22.13	0.00
3	3	0.00	0.58	79.12	10.47	0.00
3	7	0.02	2.08	64.75	6.83	0.00
Core	CPU	C1%	C3%	C6%	C8%	C9%
-	-	0.01	0.70	72.41	15.71	0.00
0	0	0.01	0.55	72.99	15.83	0.00
0	4	0.01	0.52	67.90	22.82	0.00
1	1	0.00	0.51	73.08	16.92	0.00
1	5	0.01	0.58	73.39	17.30	0.00
2	2	0.00	0.35	70.48	19.50	0.00
2	6	0.00	0.31	71.32	19.59	0.00
3	3	0.00	0.61	82.50	7.32	0.00
3	7	0.01	2.20	67.20	6.33	0.00
Core	CPU	C1%	C3%	C6%	C8%	C9%
-	-	0.00	1.06	68.63	17.60	0.00
0	0	0.00	0.34	75.12	12.47	0.00
0	4	0.00	0.39	69.42	19.91	0.00
1	1	0.00	2.65	71.01	15.39	0.00
1	5	0.01	0.31	67.14	21.85	0.00
2	2	0.01	0.43	66.14	22.52	0.00
2	6	0.01	0.61	66.57	22.30	0.00
3	3	0.00	0.53	72.20	15.96	0.00
3	7	0.01	3.21	61.44	10.42	0.00
Core	CPU	C1%	C3%	C6%	C8%	C9%
-	-	0.08	0.70	70.74	17.11	0.00
0	0	0.00	0.42	72.23	16.78	0.00
0	4	0.00	0.58	70.74	19.62	0.00
1	1	0.01	0.60	70.93	18.64	0.00
1	5	0.01	0.59	68.72	21.90	0.00
2	2	0.01	0.42	70.25	19.75	0.00
2	6	0.00	0.41	70.05	20.77	0.00
3	3	0.00	0.51	77.66	12.18	0.00
3	7	0.60	2.03	65.55	7.32	0.00
Core	CPU	C1%	C3%	C6%	C8%	C9%
-	-	0.01	0.83	71.58	16.38	0.00
0	0	0.00	0.46	72.53	16.44	0.00
0	4	0.01	1.07	70.73	18.85	0.00
1	1	0.00	0.45	72.72	17.28	0.00
1	5	0.01	0.58	70.35	20.38	0.00
2	2	0.01	0.42	71.92	18.13	0.00
2	6	0.01	0.40	71.48	19.44	0.00
3	3	0.00	0.50	77.23	12.74	0.00
3	7	0.01	2.75	65.50	7.77	0.00
Core	CPU	C1%	C3%	C6%	C8%	C9%
-	-	0.01	0.64	71.28	16.70	0.00
0	0	0.01	0.45	75.23	13.82	0.00
0	4	0.01	0.54	71.16	19.31	0.00
1	1	0.00	0.45	74.31	15.63	0.00
1	5	0.01	0.42	70.06	20.71	0.00
2	2	0.01	0.50	69.06	20.81	0.00
2	6	0.00	0.46	68.83	21.95	0.00
3	3	0.00	0.50	77.23	12.70	0.00
3	7	0.02	1.83	65.04	8.80	0.00
Core	CPU	C1%	C3%	C6%	C8%	C9%
-	-	0.01	0.66	71.48	16.60	0.00
0	0	0.01	0.38	72.63	16.48	0.00
0	4	0.00	0.54	70.22	20.39	0.00
1	1	0.02	0.59	75.90	13.73	0.00
1	5	0.01	0.47	68.08	22.68	0.00
2	2	0.01	0.47	71.30	18.64	0.00
2	6	0.01	0.51	71.43	19.33	0.00
3	3	0.00	0.40	76.93	13.10	0.00
3	7	0.01	1.89	65.32	8.47	0.00
Core	CPU	C1%	C3%	C6%	C8%	C9%
-	-	0.00	0.92	70.14	15.80	0.00
0	0	0.00	0.48	70.48	16.59	0.00
0	4	0.00	0.53	65.63	22.90	0.00
1	1	0.00	1.84	71.53	14.98	0.00
1	5	0.01	0.64	69.92	18.15	0.00
2	2	0.00	0.27	70.10	18.13	0.00
2	6	0.00	0.37	69.84	18.93	0.00
3	3	0.00	0.62	78.01	9.93	0.00
3	7	0.01	2.59	65.02	6.61	0.00
Core	CPU	C1%	C3%	C6%	C8%	C9%
-	-	0.01	0.68	70.61	17.33	0.00
0	0	0.01	0.44	70.98	18.09	0.00
0	4	0.00	0.57	70.21	20.23	0.00
1	1	0.00	0.55	70.84	18.99	0.00
1	5	0.00	0.52	68.85	21.79	0.00
2	2	0.00	0.35	70.65	19.28	0.00
2	6	0.00	0.48	69.33	21.47	0.00
3	3	0.00	0.56	78.98	10.94	0.00
3	7	0.02	2.01	65.65	8.06	0.00
Core	CPU	C1%	C3%	C6%	C8%	C9%
-	-	0.01	0.85	71.30	16.63	0.00
0	0	0.00	0.48	72.93	16.11	0.00
0	4	0.01	0.64	70.44	20.04	0.00
1	1	0.01	1.27	72.81	16.24	0.00
1	5	0.01	0.48	70.41	20.18	0.00
2	2	0.01	0.55	70.06	19.88	0.00
2	6	0.00	0.39	69.51	21.37	0.00
3	3	0.00	0.48	78.79	11.27	0.00
3	7	0.01	2.51	65.38	7.98	0.00
Core	CPU	C1%	C3%	C6%	C8%	C9%
-	-	0.01	0.72	71.89	16.14	0.00
0	0	0.01	0.58	70.00	18.87	0.00
0	4	0.00	0.60	66.82	23.65	0.00
1	1	0.00	0.58	73.04	16.74	0.00
1	5	0.01	0.69	71.78	18.82	0.00
2	2	0.00	0.24	72.01	18.08	0.00
2	6	0.00	0.20	71.43	19.52	0.00
3	3	0.00	0.61	83.05	6.79	0.00
3	7	0.02	2.23	66.99	6.62	0.00
Core	CPU	C1%	C3%	C6%	C8%	C9%
-	-	0.01	0.69	71.38	16.64	0.00
0	0	0.01	0.49	71.29	17.56	0.00
0	4	0.00	0.49	69.08	21.48	0.00
1	1	0.01	0.53	71.85	18.02	0.00
1	5	0.01	0.61	68.92	21.75	0.00
2	2	0.01	0.45	71.83	18.14	0.00
2	6	0.01	0.39	72.14	18.69	0.00
3	3	0.00	0.48	80.22	9.70	0.00
3	7	0.02	2.04	65.72	7.79	0.00
Core	CPU	C1%	C3%	C6%	C8%	C9%
-	-	0.01	0.81	68.39	17.56	0.00
0	0	0.00	0.46	74.96	11.88	0.00
0	4	0.00	0.46	69.83	18.88	0.00
1	1	0.01	1.23	69.03	17.48	0.00
1	5	0.01	0.41	64.04	24.73	0.00
2	2	0.01	0.51	68.59	19.29	0.00
2	6	0.00	0.54	66.94	21.79	0.00
3	3	0.01	0.45	72.68	15.40	0.00
3	7	0.01	2.41	60.65	10.96	0.00
Core	CPU	C1%	C3%	C6%	C8%	C9%
-	-	0.00	0.67	71.34	16.57	0.00
0	0	0.00	0.57	77.03	11.81	0.00
0	4	0.00	0.54	72.53	17.85	0.00
1	1	0.00	0.52	74.88	14.78	0.00
1	5	0.00	0.41	70.09	20.62	0.00
2	2	0.01	0.53	68.18	21.50	0.00
2	6	0.00	0.43	67.29	23.43	0.00
3	3	0.01	0.54	75.74	14.19	0.00
3	7	0.01	1.85	65.12	8.43	0.00
Core	CPU	C1%	C3%	C6%	C8%	C9%
-	-	0.01	0.83	71.03	16.75	0.00
0	0	0.01	0.69	72.46	15.73	0.00
0	4	0.00	0.61	71.22	18.75	0.00
1	1	0.01	0.59	72.29	17.55	0.00
1	5	0.01	0.45	67.73	22.96	0.00
2	2	0.01	0.45	71.67	18.13	0.00
2	6	0.00	0.50	70.69	20.01	0.00
3	3	0.00	0.54	76.62	13.28	0.00
3	7	0.01	2.80	65.41	7.57	0.00
Core	CPU	C1%	C3%	C6%	C8%	C9%
-	-	0.01	0.78	72.11	15.56	0.00
0	0	0.03	0.61	70.29	17.82	0.00
0	4	0.00	0.64	67.85	22.51	0.00
1	1	0.00	0.61	73.14	16.60	0.00
1	5	0.01	0.77	71.35	18.89	0.00
2	2	0.01	0.42	71.69	17.62	0.00
2	6	0.01	0.42	72.79	17.52	0.00
3	3	0.00	0.63	80.97	8.28	0.00
3	7	0.02	2.10	68.56	5.21	0.00
Core	CPU	C1%	C3%	C6%	C8%	C9%
-	-	0.01	0.71	71.95	15.88	0.00
0	0	0.00	0.47	72.57	16.35	0.00
0	4	0.00	0.61	71.40	19.04	0.00
1	1	0.00	0.46	74.44	15.40	0.00
1	5	0.01	0.44	69.90	20.81	0.00
2	2	0.01	0.47	71.81	18.02	0.00
2	6	0.01	0.49	70.78	19.92	0.00
3	3	0.00	0.68	78.64	10.88	0.00
3	7	0.02	2.02	66.69	6.79	0.00
Core	CPU	C1%	C3%	C6%	C8%	C9%
-	-	0.01	1.17	69.85	16.77	0.12
0	0	0.00	0.51	69.51	18.50	0.00
0	4	0.01	0.53	67.15	21.61	0.00
1	1	0.01	2.08	71.59	15.27	0.97
1	5	0.01	0.61	67.50	21.98	0.00
2	2	0.01	0.38	69.99	18.84	0.00
2	6	0.00	0.38	70.74	19.48	0.00
3	3	0.00	0.49	77.68	10.89	0.00
3	7	0.01	4.40	64.07	7.41	0.00
Core	CPU	C1%	C3%	C6%	C8%	C9%
-	-	0.01	0.73	71.68	15.93	0.00
0	0	0.04	0.48	70.92	17.19	0.00
0	4	0.00	0.67	68.19	21.36	0.00
1	1	0.00	0.58	74.06	15.68	0.00
1	5	0.01	0.62	70.43	19.95	0.00
2	2	0.01	0.47	71.91	17.88	0.00
2	6	0.00	0.36	71.01	19.85	0.00
3	3	0.00	0.64	79.87	9.47	0.00
3	7	0.01	1.99	67.23	6.13	0.00
Core	CPU	C1%	C3%	C6%	C8%	C9%
-	-	0.01	0.81	71.13	16.73	0.00
0	0	0.01	0.55	71.49	17.50	0.00
0	4	0.00	0.44	70.72	19.96	0.00
1	1	0.01	1.31	73.04	15.79	0.00
1	5	0.01	0.45	68.47	22.31	0.00
2	2	0.00	0.49	72.41	17.56	0.00
2	6	0.00	0.46	71.53	19.26	0.00
3	3	0.00	0.54	76.80	12.75	0.00
3	7	0.02	2.27	64.74	8.72	0.00
Core	CPU	C1%	C3%	C6%	C8%	C9%
-	-	0.01	0.70	71.79	16.21	0.00
0	0	0.01	0.47	75.20	13.87	0.00
0	4	0.00	0.63	72.13	18.29	0.00
1	1	0.00	0.45	75.25	14.63	0.00
1	5	0.00	0.43	71.44	19.20	0.00
2	2	0.00	0.39	67.62	22.25	0.00
2	6	0.01	0.53	67.87	22.78	0.00
3	3	0.00	0.62	79.18	10.56	0.00
3	7	0.01	2.06	65.33	8.01	0.00
Core	CPU	C1%	C3%	C6%	C8%	C9%
-	-	0.01	0.71	71.64	16.28	0.00
0	0	0.00	0.37	71.98	17.12	0.00
0	4	0.00	0.61	72.61	17.67	0.00
1	1	0.00	0.62	70.93	18.74	0.00
1	5	0.01	0.58	70.91	19.68	0.00
2	2	0.01	0.34	70.13	19.89	0.00
2	6	0.00	0.47	70.30	20.45	0.00
3	3	0.00	0.58	79.92	9.89	0.00
3	7	0.01	2.15	66.67	6.84	0.00
Core	CPU	C1%	C3%	C6%	C8%	C9%
-	-	0.01	0.99	68.36	16.50	0.00
0	0	0.00	0.41	71.01	16.59	0.00
0	4	0.02	0.54	66.07	21.28	0.00
1	1	0.01	2.43	69.53	16.14	0.00
1	5	0.01	0.50	67.45	20.42	0.00
2	2	0.01	0.32	68.20	18.60	0.00
2	6	0.00	0.46	65.98	22.92	0.00
3	3	0.00	0.50	76.51	10.93	0.00
3	7	0.02	2.77	62.40	5.18	0.00
Core	CPU	C1%	C3%	C6%	C8%	C9%
-	-	0.01	0.69	71.83	16.32	0.00
0	0	0.00	0.57	73.90	15.12	0.00
0	4	0.01	0.49	70.30	20.42	0.00
1	1	0.00	0.44	74.37	15.41	0.00
1	5	0.00	0.40	70.44	20.38	0.00
2	2	0.01	0.50	69.91	20.04	0.00
2	6	0.01	0.60	69.42	21.23	0.00
3	3	0.00	0.52	79.83	10.04	0.00
3	7	0.01	2.02	65.79	7.76	0.00
Core	CPU	C1%	C3%	C6%	C8%	C9%
-	-	0.01	0.91	71.71	15.98	0.00
0	0	0.00	0.59	72.60	16.41	0.00
0	4	0.00	0.61	72.90	17.46	0.00
1	1	0.00	1.36	74.42	14.23	0.00
1	5	0.01	0.43	72.12	18.64	0.00
2	2	0.01	0.50	70.00	20.00	0.00
2	6	0.01	0.47	69.37	21.34	0.00
3	3	0.00	0.59	77.48	12.33	0.00
3	7	0.01	2.72	65.18	7.55	0.00
Core	CPU	C1%	C3%	C6%	C8%	C9%
-	-	0.01	0.74	71.96	15.38	0.00
0	0	0.01	0.48	69.35	19.69	0.00
0	4	0.01	0.73	67.59	21.77	0.00
1	1	0.00	0.48	75.88	13.78	0.00
1	5	0.01	0.66	71.95	18.12	0.00
2	2	0.00	0.46	70.22	18.58	0.00
2	6	0.01	0.36	71.89	17.96	0.00
3	3	0.00	0.61	81.35	7.71	0.00
3	7	0.02	2.16	67.69	5.54	0.00
Core	CPU	C1%	C3%	C6%	C8%	C9%
-	-	0.00	0.66	71.64	16.53	0.00
0	0	0.01	0.45	72.35	16.81	0.00
0	4	0.00	0.53	69.44	21.25	0.00
1	1	0.00	0.47	73.95	15.69	0.00
1	5	0.01	0.44	70.59	20.16	0.00
2	2	0.00	0.33	69.92	20.18	0.00
2	6	0.01	0.43	70.36	20.49	0.00
3	3	0.00	0.60	79.62	10.19	0.00
3	7	0.01	2.04	66.31	7.27	0.00
Core	CPU	C1%	C3%	C6%	C8%	C9%
-	-	0.01	1.06	69.39	16.93	0.00
0	0	0.00	0.57	74.03	14.62	0.00
0	4	0.00	0.42	70.20	19.21	0.00
1	1	0.01	1.23	71.78	14.88	0.00
1	5	0.01	0.42	67.83	21.07	0.00
2	2	0.01	0.43	68.00	20.29	0.00
2	6	0.00	0.49	67.04	22.55	0.00
3	3	0.00	0.58	73.63	14.22	0.00
3	7	0.02	4.32	62.75	8.64	0.00
Core	CPU	C1%	C3%	C6%	C8%	C9%
-	-	0.01	0.66	70.58	17.41	0.00
0	0	0.00	0.45	71.13	17.95	0.00
0	4	0.00	0.55	68.54	21.92	0.00
1	1	0.00	0.37	72.36	17.54	0.00
1	5	0.01	0.59	69.62	20.99	0.00
2	2	0.00	0.42	69.45	20.55	0.00
2	6	0.01	0.49	69.57	21.21	0.00
3	3	0.00	0.59	78.38	11.44	0.00
3	7	0.01	1.85	65.95	7.81	0.00
Core	CPU	C1%	C3%	C6%	C8%	C9%
-	-	0.01	0.85	71.08	16.57	0.04
0	0	0.00	0.52	73.63	15.34	0.00
0	4	0.01	0.64	68.91	21.68	0.00
1	1	0.00	0.48	74.18	15.15	0.00
1	5	0.01	1.00	70.56	18.98	0.30
2	2	0.00	0.47	69.16	20.26	0.00
2	6	0.00	0.39	69.13	21.74	0.00
3	3	0.01	0.59	78.36	10.78	0.00
3	7	0.01	2.70	64.46	8.55	0.00
Core	CPU	C1%	C3%	C6%	C8%	C9%
-	-	0.01	0.65	72.07	16.07	0.00
0	0	0.01	0.40	72.59	16.51	0.00
0	4	0.00	0.57	69.63	20.99	0.00
1	1	0.00	0.57	74.28	15.45	0.00
1	5	0.01	0.53	71.73	18.98	0.00
2	2	0.01	0.30	71.49	18.61	0.00
2	6	0.01	0.42	70.75	20.15	0.00
3	3	0.00	0.61	79.42	10.42	0.00
3	7	0.01	1.84	66.41	7.36	0.00
Core	CPU	C1%	C3%	C6%	C8%	C9%
-	-	0.01	0.71	72.34	15.46	0.00
0	0	0.00	0.66	75.12	13.68	0.00
0	4	0.00	0.52	71.55	19.01	0.00
1	1	0.01	0.47	76.81	12.83	0.00
1	5	0.01	0.38	71.01	19.75	0.00
2	2	0.01	0.54	71.12	18.65	0.00
2	6	0.01	0.50	70.39	20.30	0.00
3	3	0.00	0.62	77.96	11.71	0.00
3	7	0.02	2.01	65.43	7.89	0.00
Core	CPU	C1%	C3%	C6%	C8%	C9%
-	-	0.01	1.06	69.72	16.05	0.00
0	0	0.00	0.43	70.54	16.45	0.00
0	4	0.00	0.60	67.77	20.64	0.00
1	1	0.00	2.43	70.66	15.75	0.00
1	5	0.01	0.61	67.84	20.75	0.00
2	2	0.00	0.39	70.06	17.84	0.00
2	6	0.00	0.41	67.73	20.61	0.00
3	3	0.00	0.54	77.84	9.45	0.00
3	7	0.02	3.04	64.88	6.78	0.00
Core	CPU	C1%	C3%	C6%	C8%	C9%
-	-	0.03	0.72	71.28	16.31	0.00
0	0	0.01	0.51	72.32	16.74	0.00
0	4	0.18	0.76	68.43	21.00	0.00
1	1	0.00	0.58	72.74	16.71	0.00
1	5	0.01	0.54	71.32	19.37	0.00
2	2	0.00	0.40	71.00	18.97	0.00
2	6	0.01	0.48	71.19	18.86	0.00
3	3	0.00	0.53	77.89	11.05	0.00
3	7	0.01	1.96	65.79	7.91	0.00
Core	CPU	C1%	C3%	C6%	C8%	C9%
-	-	0.00	0.83	70.51	17.37	0.00
0	0	0.00	0.59	71.38	17.74	0.00
0	4	0.00	0.53	68.95	21.52	0.00
1	1	0.00	0.47	70.83	19.03	0.00
1	5	0.01	1.23	70.02	19.69	0.00
2	2	0.00	0.40	71.44	18.46	0.00
2	6	0.01	0.43	69.29	21.57	0.00
3	3	0.01	0.59	77.86	11.77	0.00
3	7	0.01	2.42	63.87	9.06	0.00
Core	CPU	C1%	C3%	C6%	C8%	C9%
-	-	0.01	0.71	72.15	15.82	0.00
0	0	0.01	0.63	75.73	13.10	0.00
0	4	0.00	0.73	70.00	20.52	0.00
1	1	0.00	0.48	74.17	15.77	0.00
1	5	0.01	0.39	71.75	19.04	0.00
2	2	0.00	0.39	70.59	19.35	0.00
2	6	0.00	0.42	69.13	21.66	0.00
3	3	0.01	0.58	79.71	10.11	0.00
3	7	0.01	2.01	66.52	7.13	0.00
Core	CPU	C1%	C3%	C6%	C8%	C9%
-	-	0.01	0.67	71.62	16.51	0.00
0	0	0.00	0.48	75.02	14.09	0.00
0	4	0.00	0.58	71.32	19.28	0.00
1	1	0.00	0.41	73.31	16.49	0.00
1	5	0.01	0.35	71.19	19.65	0.00
2	2	0.00	0.48	69.52	20.43	0.00
2	6	0.01	0.45	69.16	21.70	0.00
3	3	0.00	0.58	78.04	11.84	0.00
3	7	0.01	2.00	65.00	8.51	0.00
Core	CPU	C1%	C3%	C6%	C8%	C9%
-	-	0.01	0.82	69.12	16.57	0.00
0	0	0.01	0.48	71.13	15.61	0.00
0	4	0.00	0.61	70.11	18.34	0.00
1	1	0.01	1.06	69.14	17.28	0.00
1	5	0.01	0.35	69.33	18.90	0.00
2	2	0.01	0.53	68.20	19.61	0.00
2	6	0.01	0.47	66.74	22.01	0.00
3	3	0.00	0.57	76.02	11.72	0.00
3	7	0.01	2.49	62.43	9.08	0.00
Core	CPU	C1%	C3%	C6%	C8%	C9%
-	-	0.01	0.70	71.53	16.44	0.00
0	0	0.01	0.49	72.09	16.94	0.00
0	4	0.00	0.60	67.69	22.88	0.00
1	1	0.01	0.58	74.85	14.77	0.00
1	5	0.01	0.58	70.98	19.59	0.00
2	2	0.01	0.42	71.53	18.40	0.00
2	6	0.00	0.39	70.75	20.08	0.00
3	3	0.00	0.56	78.99	10.89	0.00
3	7	0.01	1.99	65.68	8.05	0.00
Core	CPU	C1%	C3%	C6%	C8%	C9%
-	-	0.01	0.76	71.18	16.66	0.00
0	0	0.01	0.45	73.80	15.40	0.00
0	4	0.00	0.53	70.31	20.31	0.00
1	1	0.00	0.49	72.27	17.65	0.00
1	5	0.01	0.49	71.74	18.84	0.00
2	2	0.01	0.38	69.62	19.97	0.00
2	6	0.01	0.43	69.49	20.94	0.00
3	3	0.00	0.82	76.92	11.78	0.00
3	7	0.02	2.49	64.79	8.29	0.00
Core	CPU	C1%	C3%	C6%	C8%	C9%
-	-	0.01	0.65	70.97	17.01	0.00
0	0	0.00	0.52	75.54	13.50	0.00
0	4	0.00	0.63	73.03	17.34	0.00
1	1	0.00	0.38	71.75	18.27	0.00
1	5	0.01	0.42	68.64	22.11	0.00
2	2	0.01	0.46	69.67	20.23	0.00
2	6	0.01	0.54	71.03	19.59	0.00
3	3	0.00	0.53	74.82	14.98	0.00
3	7	0.01	1.76	63.64	10.16	0.00
Core	CPU	C1%	C3%	C6%	C8%	C9%
-	-	0.02	0.74	72.14	15.80	0.00
0	0	0.01	0.52	70.55	18.60	0.00
0	4	0.00	0.69	71.65	18.57	0.00
1	1	0.00	0.59	72.22	17.61	0.00
1	5	0.01	0.53	71.08	19.60	0.00
2	2	0.01	0.36	72.48	17.31	0.00
2	6	0.00	0.41	72.29	18.47	0.00
3	3	0.01	0.63	79.31	10.14	0.00
3	7	0.12	2.21	67.10	6.01	0.00
Core	CPU	C1%	C3%	C6%	C8%	C9%
-	-	0.01	0.99	69.86	15.91	0.12
0	0	0.01	0.48	68.43	18.89	0.00
0	4	0.01	0.51	68.68	19.75	0.00
1	1	0.00	1.50	70.24	16.15	0.92
1	5	0.01	0.54	69.74	18.64	0.00
2	2	0.00	0.35	69.57	18.05	0.00
2	6	0.00	0.42	69.14	19.67	0.00
3	3	0.00	0.56	78.03	9.79	0.00
3	7	0.03	3.55	65.18	6.35	0.00
Core	CPU	C1%	C3%	C6%	C8%	C9%
-	-	0.01	0.72	71.15	16.23	0.00
0	0	0.01	0.50	71.29	17.71	0.00
0	4	0.02	0.62	70.37	19.02	0.00
1	1	0.00	0.50	72.79	16.92	0.00
1	5	0.01	0.44	72.47	18.28	0.00
2	2	0.00	0.55	68.01	20.65	0.00
2	6	0.01	0.45	70.45	19.04	0.00
3	3	0.04	0.73	78.19	9.86	0.00
3	7	0.02	1.96	65.49	8.31	0.00
Core	CPU	C1%	C3%	C6%	C8%	C9%
-	-	0.01	0.87	69.68	17.52	0.00
0	0	0.00	0.50	68.46	20.39	0.00
0	4	0.00	0.53	69.93	20.69	0.00
1	1	0.00	0.50	70.60	19.19	0.00
1	5	0.01	0.61	67.41	22.59	0.00
2	2	0.01	0.42	68.53	21.07	0.00
2	6	0.01	0.44	69.62	21.25	0.00
3	3	0.00	1.20	78.86	9.60	0.00
3	7	0.03	2.78	64.51	5.49	0.00
Core	CPU	C1%	C3%	C6%	C8%	C9%
-	-	0.01	0.68	71.20	16.66	0.00
0	0	0.00	0.55	72.31	16.83	0.00
0	4	0.01	0.64	69.63	20.80	0.00
1	1	0.00	0.45	72.66	16.91	0.00
1	5	0.01	0.49	72.14	18.64	0.00
2	2	0.01	0.36	69.50	20.61	0.00
2	6	0.00	0.32	69.05	21.84	0.00
3	3	0.00	0.56	79.85	9.91	0.00
3	7	0.01	2.03	64.62	7.78	0.00
Core	CPU	C1%	C3%	C6%	C8%	C9%
-	-	0.01	0.69	71.62	16.44	0.00
0	0	0.01	0.51	73.17	15.77	0.00
0	4	0.01	0.62	67.98	22.62	0.00
1	1	0.00	0.42	72.59	17.36	0.00
1	5	0.01	0.52	71.91	18.78	0.00
2	2	0.00	0.39	70.12	19.89	0.00
2	6	0.01	0.40	70.20	20.61	0.00
3	3	0.00	0.55	80.89	9.03	0.00
3	7	0.01	2.09	66.10	7.46	0.00
Core	CPU	C1%	C3%	C6%	C8%	C9%
-	-	0.01	1.06	69.71	16.16	0.01
0	0	0.00	0.61	69.01	18.37	0.00
0	4	0.01	0.55	66.67	21.47	0.00
1	1	0.01	1.22	72.50	14.00	0.11
1	5	0.01	0.57	70.59	18.04	0.00
2	2	0.01	0.37	67.78	20.17	0.00
2	6	0.00	0.33	68.81	20.02	0.00
3	3	0.00	0.57	76.85	10.92	0.00
3	7	0.01	4.26	65.20	6.24	0.00
Core	CPU	C1%	C3%	C6%	C8%	C9%
-	-	0.01	0.72	71.84	16.26	0.00
0	0	0.01	0.54	72.81	16.34	0.00
0	4	0.01	0.74	68.45	22.11	0.00
1	1	0.00	0.51	73.34	16.53	0.00
1	5	0.01	0.48	74.05	16.56	0.00
2	2	0.01	0.43	69.27	20.77	0.00
2	6	0.01	0.39	69.51	21.32	0.00
3	3	0.01	0.60	80.07	9.81	0.00
3	7	0.01	2.04	66.87	6.57	0.00
Core	CPU	C1%	C3%	C6%	C8%	C9%
-	-	0.01	0.80	70.62	17.23	0.00
0	0	0.00	0.48	71.85	17.24	0.00
0	4	0.01	1.16	69.20	20.57	0.00
1	1	0.00	0.40	73.11	16.84	0.00
1	5	0.00	0.54	70.99	19.62	0.00
2	2	0.00	0.45	68.12	21.90	0.00
2	6	0.00	0.41	69.91	20.91	0.00
3	3	0.00	0.61	77.82	12.04	0.00
3	7	0.01	2.38	64.47	8.88	0.00
Core	CPU	C1%	C3%	C6%	C8%	C9%
-	-	0.01	0.66	71.09	16.97	0.00
0	0	0.00	0.47	72.75	16.42	0.00
0	4	0.00	0.54	71.25	19.38	0.00
1	1	0.00	0.51	73.89	15.79	0.00
1	5	0.01	0.46	69.46	21.27	0.00
2	2	0.01	0.48	69.41	20.57	0.00
2	6	0.00	0.46	69.89	20.89	0.00
3	3	0.00	0.58	77.41	12.50	0.00
3	7	0.01	1.77	64.81	8.96	0.00
Core	CPU	C1%	C3%	C6%	C8%	C9%
-	-	0.01	0.71	71.53	16.47	0.00
0	0	0.00	0.52	72.97	16.14	0.00
0	4	0.01	0.76	70.54	19.83	0.00
1	1	0.00	0.55	75.19	14.48	0.00
1	5	0.07	0.45	72.67	17.94	0.00
2	2	0.00	0.48	67.83	22.13	0.00
2	6	0.01	0.32	68.69	22.16	0.00
3	3	0.01	0.51	80.23	9.73	0.00
3	7	0.01	2.11	64.15	9.35	0.00
Core	CPU	C1%	C3%	C6%	C8%	C9%
-	-	0.01	1.05	68.35	17.42	0.00
0	0	0.01	0.52	72.38	14.51	0.00
0	4	0.00	0.54	66.68	21.46	0.00
1	1	0.01	1.91	69.13	17.57	0.02
1	5	0.01	0.45	66.50	21.48	0.00
2	2	0.00	0.42	66.90	21.23	0.00
2	6	0.00	0.51	67.84	20.72	0.00
3	3	0.00	0.57	74.89	12.92	0.00
3	7	0.02	3.47	62.01	9.35	0.00
Core	CPU	C1%	C3%	C6%	C8%	C9%
-	-	0.01	0.70	72.12	15.82	0.00
0	0	0.00	0.47	74.08	14.87	0.00
0	4	0.01	0.63	70.00	20.56	0.00
1	1	0.01	0.56	73.18	16.69	0.00
1	5	0.01	0.49	71.92	18.72	0.00
2	2	0.00	0.40	69.84	19.97	0.00
2	6	0.00	0.40	70.42	20.36	0.00
3	3	0.00	0.54	80.94	8.99	0.00
3	7	0.02	2.10	67.07	6.56	0.00
Core	CPU	C1%	C3%	C6%	C8%	C9%
-	-	0.01	0.90	71.78	15.77	0.00
0	0	0.01	0.60	71.41	17.03	0.00
0	4	0.00	0.55	73.81	16.49	0.00
1	1	0.01	0.53	70.87	18.62	0.00
1	5	0.01	0.67	70.16	19.81	0.00
2	2	0.01	0.39	71.19	18.10	0.00
2	6	0.01	1.17	71.21	18.43	0.00
3	3	0.00	0.52	78.12	11.75	0.00
3	7	0.02	2.78	67.21	5.91	0.00
Core	CPU	C1%	C3%	C6%	C8%	C9%
-	-	0.01	0.74	72.75	15.07	0.00
0	0	0.00	0.52	73.11	15.87	0.00
0	4	0.00	0.67	72.47	18.04	0.00
1	1	0.04	0.34	72.90	15.87	0.00
1	5	0.01	0.40	71.13	19.72	0.00
2	2	0.01	0.47	72.52	17.17	0.00
2	6	0.01	0.62	73.65	16.93	0.00
3	3	0.00	0.65	79.56	10.15	0.00
3	7	0.01	2.26	66.34	6.69	0.00
Core	CPU	C1%	C3%	C6%	C8%	C9%
-	-	0.04	0.74	71.80	15.72	0.00
0	0	0.00	0.48	75.37	13.66	0.00
0	4	0.22	0.62	70.76	19.33	0.00
1	1	0.01	0.49	73.60	15.76	0.00
1	5	0.01	0.55	71.50	18.55	0.00
2	2	0.01	0.46	70.90	18.16	0.00
2	6	0.00	0.44	69.46	20.85	0.00
3	3	0.02	0.74	77.81	11.36	0.00
3	7	0.02	2.11	65.42	8.19	0.00
Core	CPU	C1%	C3%	C6%	C8%	C9%
-	-	0.01	1.12	69.18	17.26	0.00
0	0	0.00	0.38	71.08	16.53	0.00
0	4	0.00	0.44	70.19	18.73	0.00
1	1	0.01	2.08	69.76	16.66	0.00
1	5	0.01	0.39	68.02	21.50	0.00
2	2	0.01	0.41	68.58	20.43	0.00
2	6	0.01	0.53	68.94	20.46	0.00
3	3	0.00	0.55	74.14	15.10	0.00
3	7	0.01	4.16	62.86	8.66	0.00
Core	CPU	C1%	C3%	C6%	C8%	C9%
-	-	0.03	0.70	71.82	16.31	0.00
0	0	0.01	0.53	73.32	15.61	0.00
0	4	0.01	0.56	70.46	20.22	0.00
1	1	0.00	0.50	73.44	16.44	0.00
1	5	0.01	0.44	72.71	18.07	0.00
2	2	0.01	0.44	69.36	20.67	0.00
2	6	0.00	0.44	69.19	21.62	0.00
3	3	0.00	0.64	79.24	10.62	0.00
3	7	0.21	2.02	66.20	7.08	0.00
Core	CPU	C1%	C3%	C6%	C8%	C9%
-	-	0.01	0.80	70.92	16.90	0.00
0	0	0.01	0.47	72.60	16.47	0.00
0	4	0.00	0.53	71.68	18.98	0.00
1	1	0.00	0.44	71.96	17.82	0.00
1	5	0.00	1.10	70.62	19.24	0.00
2	2	0.01	0.41	69.12	20.88	0.00
2	6	0.01	0.54	70.21	20.51	0.00
3	3	0.00	0.64	76.90	12.97	0.00
3	7	0.01	2.28	64.95	8.52	0.00
Core	CPU	C1%	C3%	C6%	C8%	C9%
-	-	0.01	0.73	71.72	16.41	0.00
0	0	0.01	0.58	70.98	18.09	0.00
0	4	0.00	0.81	69.76	20.48	0.00
1	1	0.00	0.51	71.87	17.93	0.00
1	5	0.01	0.55	71.02	19.65	0.00
2	2	0.00	0.36	70.79	19.30	0.00
2	6	0.00	0.34	71.95	18.90	0.00
3	3	0.01	0.56	81.34	8.60	0.00
3	7	0.01	2.15	65.39	8.19	0.00
Core	CPU	C1%	C3%	C6%	C8%	C9%
-	-	0.01	0.74	71.82	16.13	0.00
0	0	0.00	0.52	72.12	16.84	0.00
0	4	0.01	0.68	67.55	23.01	0.00
1	1	0.00	0.49	76.44	13.33	0.00
1	5	0.01	0.66	73.54	16.99	0.00
2	2	0.00	0.36	68.91	21.08	0.00
2	6	0.01	0.33	70.25	20.55	0.00
3	3	0.00	0.62	79.97	9.85	0.00
3	7	0.01	2.24	66.08	7.46	0.00
Core	CPU	C1%	C3%	C6%	C8%	C9%
-	-	0.01	0.85	69.01	16.89	0.00
0	0	0.01	0.40	74.00	13.17	0.00
0	4	0.00	0.44	68.02	20.67	0.00
1	1	0.01	1.27	70.77	15.67	0.00
1	5	0.01	0.50	67.69	20.87	0.00
2	2	0.01	0.46	67.85	20.54	0.00
2	6	0.01	0.52	66.78	22.11	0.00
3	3	0.00	0.57	74.86	12.87	0.00
3	7	0.01	2.69	62.10	9.22	0.00
Core	CPU	C1%	C3%	C6%	C8%	C9%
-	-	0.01	0.71	71.03	16.93	0.00
0	0	0.01	0.58	70.59	18.44	0.00
0	4	0.00	0.73	71.64	18.66	0.00
1	1	0.00	0.49	71.18	18.65	0.00
1	5	0.00	0.51	70.53	20.09	0.00
2	2	0.01	0.42	70.38	19.62	0.00
2	6	0.00	0.40	70.23	20.53	0.00
3	3	0.01	0.54	79.47	10.46	0.00
3	7	0.01	2.01	64.57	9.10	0.00
Core	CPU	C1%	C3%	C6%	C8%	C9%
-	-	0.01	0.87	71.25	16.69	0.00
0	0	0.00	0.45	72.73	16.36	0.00
0	4	0.00	0.56	70.01	20.71	0.00
1	1	0.00	0.45	73.12	16.82	0.00
1	5	0.01	1.24	70.86	18.67	0.00
2	2	0.01	0.44	70.08	20.00	0.00
2	6	0.01	0.39	69.64	21.25	0.00
3	3	0.00	0.55	78.99	11.02	0.00
3	7	0.01	2.86	64.37	8.66	0.00
Core	CPU	C1%	C3%	C6%	C8%	C9%
-	-	0.01	0.68	71.34	16.68	0.00
0	0	0.01	0.46	70.17	18.95	0.00
0	4	0.00	0.57	70.50	20.01	0.00
1	1	0.01	0.47	74.09	15.75	0.00
1	5	0.01	0.57	70.96	19.56	0.00
2	2	0.01	0.44	71.11	18.88	0.00
2	6	0.01	0.40	70.26	20.55	0.00
3	3	0.00	0.56	78.70	11.19	0.00
3	7	0.01	1.98	65.10	8.62	0.00
Core	CPU	C1%	C3%	C6%	C8%	C9%
-	-	0.01	0.66	71.65	16.53	0.00
0	0	0.01	0.43	72.79	16.42	0.00
0	4	0.01	0.63	71.24	19.13	0.00
1	1	0.00	0.64	73.56	16.18	0.00
1	5	0.01	0.44	71.96	18.67	0.00
2	2	0.00	0.35	70.30	19.78	0.00
2	6	0.00	0.38	69.97	20.90	0.00
3	3	0.00	0.49	77.65	12.35	0.00
3	7	0.02	1.91	65.09	8.66	0.00
Core	CPU	C1%	C3%	C6%	C8%	C9%
-	-	0.01	1.00	67.92	17.40	0.01
0	0	0.01	0.47	67.78	19.72	0.00
0	4	0.00	0.49	65.97	22.69	0.00
1	1	0.01	2.13	67.83	19.12	0.06
1	5	0.02	0.52	68.36	20.07	0.00
2	2	0.01	0.33	68.09	19.99	0.00
2	6	0.00	0.43	67.51	21.36	0.00
3	3	0.00	0.54	76.17	10.67	0.00
3	7	0.02	3.12	62.29	5.74	0.00
Core	CPU	C1%	C3%	C6%	C8%	C9%
-	-	0.00	0.69	71.51	16.55	0.00
0	0	0.00	0.54	73.70	15.24	0.00
0	4	0.00	0.58	70.93	19.63	0.00
1	1	0.00	0.49	72.84	17.02	0.00
1	5	0.01	0.44	70.36	20.41	0.00
2	2	0.01	0.41	70.53	19.51	0.00
2	6	0.00	0.43	70.07	20.75	0.00
3	3	0.00	0.52	77.58	12.36	0.00
3	7	0.01	2.16	66.06	7.47	0.00
Core	CPU	C1%	C3%	C6%	C8%	C9%
-	-	0.10	0.84	71.08	16.62	0.00
0	0	0.01	0.57	71.43	17.50	0.00
0	4	0.00	0.56	67.76	22.54	0.00
1	1	0.00	0.58	69.69	19.84	0.00
1	5	0.01	1.10	70.49	19.36	0.00
2	2	0.01	0.33	71.76	18.34	0.00
2	6	0.00	0.37	71.66	19.17	0.00
3	3	0.00	0.55	79.80	10.12	0.00
3	7	0.79	2.63	65.99	6.08	0.00
Core	CPU	C1%	C3%	C6%	C8%	C9%
-	-	0.07	0.73	72.25	15.70	0.00
0	0	0.00	0.61	69.66	19.06	0.00
0	4	0.00	0.62	66.78	23.80	0.00
1	1	0.01	0.51	73.30	16.59	0.00
1	5	0.02	0.67	71.59	18.97	0.00
2	2	0.00	0.40	73.20	16.81	0.00
2	6	0.00	0.30	73.47	17.38	0.00
3	3	0.00	0.54	82.34	7.57	0.00
3	7	0.50	2.17	67.64	5.39	0.00
Core	CPU	C1%	C3%	C6%	C8%	C9%
-	-	0.01	0.71	71.96	16.08	0.00
0	0	0.01	0.54	74.20	14.69	0.00
0	4	0.00	0.70	69.18	21.34	0.00
1	1	0.01	0.41	74.94	14.98	0.00
1	5	0.01	0.50	72.08	18.63	0.00
2	2	0.01	0.45	70.49	19.48	0.00
2	6	0.00	0.36	69.66	21.19	0.00
3	3	0.00	0.65	80.16	9.68	0.00
3	7	0.02	2.06	64.96	8.65	0.00
Core	CPU	C1%	C3%	C6%	C8%	C9%
-	-	0.01	0.93	69.88	16.12	0.00
0	0	0.01	0.50	74.53	12.43	0.00
0	4	0.00	0.57	68.54	20.20	0.00
1	1	0.00	1.05	72.97	13.54	0.00
1	5	0.01	0.44	69.14	19.60	0.00
2	2	0.00	0.43	67.86	20.17	0.00
2	6	0.00	0.44	67.54	21.31	0.00
3	3	0.00	0.53	75.57	12.70	0.00
3	7	0.01	3.47	62.57	8.96	0.00
Core	CPU	C1%	C3%	C6%	C8%	C9%
-	-	0.01	0.68	71.10	16.95	0.00
0	0	0.00	0.48	73.46	15.60	0.00
0	4	0.00	0.59	71.57	18.85	0.00
1	1	0.00	0.54	73.06	16.81	0.00
1	5	0.01	0.51	71.03	19.44	0.00
2	2	0.01	0.53	68.64	21.33	0.00
2	6	0.00	0.44	69.12	21.60	0.00
3	3	0.00	0.51	77.76	12.19	0.00
3	7	0.01	1.81	64.02	9.79	0.00
Core	CPU	C1%	C3%	C6%	C8%	C9%
-	-	0.01	0.88	71.76	15.94	0.00
0	0	0.00	0.47	76.22	12.22	0.00
0	4	0.00	0.73	75.19	15.05	0.00
1	1	0.01	0.46	71.35	18.05	0.00
1	5	0.01	0.40	70.64	20.11	0.00
2	2	0.01	1.36	70.46	18.65	0.00
2	6	0.00	0.54	68.59	22.22	0.00
3	3	0.00	0.49	76.51	13.57	0.00
3	7	0.02	2.58	65.31	7.69	0.00
Core	CPU	C1%	C3%	C6%	C8%	C9%
-	-	0.01	0.71	72.04	15.92	0.00
0	0	0.01	0.52	74.43	14.61	0.00
0	4	0.01	0.63	70.56	20.00	0.00
1	1	0.00	0.63	76.47	13.08	0.00
1	5	0.01	0.48	72.61	17.97	0.00
2	2	0.00	0.42	68.85	21.11	0.00
2	6	0.01	0.37	69.27	21.52	0.00
3	3	0.00	0.58	78.86	11.00	0.00
3	7	0.01	2.09	65.50	8.13	0.00
Core	CPU	C1%	C3%	C6%	C8%	C9%
-	-	0.02	0.65	70.60	17.11	0.00
0	0	0.04	0.50	74.00	14.83	0.00
0	4	0.01	0.65	73.22	16.68	0.00
1	1	0.00	0.38	72.82	16.53	0.00
1	5	0.00	0.36	70.78	19.14	0.00
2	2	0.01	0.51	66.77	23.23	0.00
2	6	0.09	0.63	66.59	23.11	0.00
3	3	0.01	0.53	76.33	13.66	0.00
3	7	0.01	1.63	64.30	9.71	0.00
Core	CPU	C1%	C3%	C6%	C8%	C9%
-	-	0.00	1.13	68.65	18.09	0.19
0	0	0.00	0.49	72.53	15.52	0.00
0	4	0.00	0.63	67.21	22.42	0.00
1	1	0.00	2.01	71.06	15.67	1.50
1	5	0.00	0.47	68.72	20.82	0.00
2	2	0.01	0.42	65.39	23.52	0.00
2	6	0.00	0.48	66.06	23.57	0.00
3	3	0.00	0.54	75.42	13.59	0.00
3	7	0.01	4.00	62.25	9.49	0.00
Core	CPU	C1%	C3%	C6%	C8%	C9%
-	-	0.01	0.69	71.04	17.01	0.00
0	0	0.01	0.61	72.22	16.85	0.00
0	4	0.00	0.67	69.72	20.88	0.00
1	1	0.00	0.42	75.51	14.27	0.00
1	5	0.01	0.41	72.40	18.37	0.00
2	2	0.00	0.43	68.52	21.40	0.00
2	6	0.01	0.36	68.62	22.22	0.00
3	3	0.01	0.64	77.87	11.98	0.00
3	7	0.01	2.01	63.42	10.10	0.00
Core	CPU	C1%	C3%	C6%	C8%	C9%
-	-	0.01	0.85	71.02	16.82	0.00
0	0	0.00	0.52	71.06	18.12	0.00
0	4	0.00	0.69	68.70	21.86	0.00
1	1	0.00	0.41	73.75	16.02	0.00
1	5	0.01	1.17	70.12	19.68	0.00
2	2	0.00	0.44	70.69	19.31	0.00
2	6	0.00	0.41	70.10	20.74	0.00
3	3	0.01	0.63	79.06	10.84	0.00
3	7	0.01	2.53	64.96	8.10	0.00
Core	CPU	C1%	C3%	C6%	C8%	C9%
-	-	0.00	0.65	70.81	17.20	0.00
0	0	0.00	0.50	73.35	15.65	0.00
0	4	0.00	0.59	70.01	20.57	0.00
1	1	0.00	0.41	74.97	14.81	0.00
1	5	0.01	0.38	71.52	19.26	0.00
2	2	0.01	0.51	68.50	21.42	0.00
2	6	0.01	0.48	68.96	21.80	0.00
3	3	0.00	0.52	76.80	13.19	0.00
3	7	0.01	1.76	62.80	11.02	0.00
Core	CPU	C1%	C3%	C6%	C8%	C9%
-	-	0.01	0.70	71.88	16.22	0.00
0	0	0.01	0.51	73.47	15.42	0.00
0	4	0.00	0.65	68.92	21.64	0.00
1	1	0.01	0.58	73.20	16.59	0.00
1	5	0.01	0.52	70.99	19.67	0.00
2	2	0.00	0.37	71.40	18.67	0.00
2	6	0.00	0.41	70.95	19.91	0.00
3	3	0.00	0.52	79.67	10.27	0.00
3	7	0.01	2.06	66.11	7.53	0.00
Core	CPU	C1%	C3%	C6%	C8%	C9%
-	-	0.08	1.22	68.53	17.77	0.00
0	0	0.00	0.46	69.88	17.23	0.00
0	4	0.00	0.62	66.57	22.81	0.00
1	1	0.00	2.53	67.96	18.30	0.00
1	5	0.01	0.51	68.03	22.02	0.00
2	2	0.01	0.33	69.35	19.48	0.00
2	6	0.00	0.41	69.33	20.29	0.00
3	3	0.01	0.56	74.90	13.67	0.00
3	7	0.61	4.33	62.29	8.38	0.00
Core	CPU	C1%	C3%	C6%	C8%	C9%
-	-	0.03	0.69	71.38	16.58	0.00
0	0	0.01	0.51	73.71	15.22	0.00
0	4	0.00	0.67	69.70	20.84	0.00
1	1	0.00	0.49	72.73	17.04	0.00
1	5	0.01	0.51	71.12	19.55	0.00
2	2	0.00	0.37	69.96	20.07	0.00
2	6	0.01	0.39	69.95	20.89	0.00
3	3	0.00	0.62	78.39	11.47	0.00
3	7	0.21	2.00	65.76	7.64	0.00
Core	CPU	C1%	C3%	C6%	C8%	C9%
-	-	0.00	0.84	70.81	17.05	0.00
0	0	0.00	0.62	73.43	15.32	0.00
0	4	0.00	0.71	69.75	20.77	0.00
1	1	0.00	0.35	75.42	14.47	0.00
1	5	0.00	0.32	70.39	20.09	0.00
2	2	0.00	0.49	66.35	23.20	0.00
2	6	0.00	1.09	67.00	22.98	0.00
3	3	0.01	0.55	78.79	11.20	0.00
3	7	0.01	2.57	64.82	8.26	0.00
Core	CPU	C1%	C3%	C6%	C8%	C9%
-	-	0.01	0.68	72.11	15.85	0.00
0	0	0.00	0.45	72.97	16.02	0.00
0	4	0.00	0.60	68.92	21.63	0.00
1	1	0.00	0.50	76.63	13.08	0.00
1	5	0.01	0.51	71.16	19.44	0.00
2	2	0.01	0.45	72.15	17.82	0.00
2	6	0.01	0.44	71.43	19.37	0.00
3	3	0.00	0.57	78.66	11.23	0.00
3	7	0.02	1.89	65.49	8.35	0.00
Core	CPU	C1%	C3%	C6%	C8%	C9%
-	-	0.01	0.71	71.97	16.17	0.00
0	0	0.01	0.46	73.43	15.54	0.00
0	4	0.00	0.57	69.21	21.43	0.00
1	1	0.00	0.64	73.32	16.39	0.00
1	5	0.01	0.53	70.42	20.36	0.00
2	2	0.00	0.38	72.46	17.60	0.00
2	6	0.00	0.36	70.79	20.10	0.00
3	3	0.00	0.55	79.38	10.55	0.00
3	7	0.01	2.19	66.28	7.26	0.00
Core	CPU	C1%	C3%	C6%	C8%	C9%
-	-	0.01	1.01	68.83	16.91	0.00
0	0	0.00	0.44	69.84	17.04	0.00
0	4	0.00	0.53	69.26	19.46	0.00
1	1	0.01	2.19	70.97	15.49	0.00
1	5	0.01	0.49	66.54	21.62	0.00
2	2	0.01	0.45	68.33	19.65	0.00
2	6	0.01	0.51	67.40	21.25	0.00
3	3	0.00	0.52	75.38	12.48	0.00
3	7	0.01	2.95	63.21	8.37	0.00
Core	CPU	C1%	C3%	C6%	C8%	C9%
-	-	0.01	0.73	71.26	16.70	0.00
0	0	0.01	0.63	71.52	17.54	0.00
0	4	0.01	0.80	71.19	18.95	0.00
1	1	0.00	0.53	72.65	17.08	0.00
1	5	0.00	0.45	73.73	16.98	0.00
2	2	0.00	0.26	69.20	20.86	0.00
2	6	0.00	0.31	69.02	21.82	0.00
3	3	0.01	0.68	79.31	10.52	0.00
3	7	0.01	2.18	63.64	9.94	0.00
Core	CPU	C1%	C3%	C6%	C8%	C9%
-	-	0.01	0.85	69.50	17.94	0.00
0	0	0.00	1.03	69.87	18.50	0.00
0	4	0.00	0.60	71.04	19.51	0.00
1	1	0.00	0.57	69.45	20.66	0.00
1	5	0.01	0.51	66.52	24.38	0.00
2	2	0.00	0.36	69.13	20.96	0.00
2	6	0.00	0.40	68.45	22.65	0.00
3	3	0.01	0.48	79.00	10.52	0.00
3	7	0.03	2.86	62.67	6.39	0.00
Core	CPU	C1%	C3%	C6%	C8%	C9%
-	-	0.01	0.64	70.42	17.62	0.00
0	0	0.00	0.54	73.27	15.75	0.00
0	4	0.00	0.59	71.59	18.95	0.00
1	1	0.00	0.35	73.16	16.60	0.00
1	5	0.00	0.30	70.28	20.66	0.00
2	2	0.01	0.40	67.18	22.89	0.00
2	6	0.01	0.42	66.70	24.17	0.00
3	3	0.00	0.63	77.75	12.11	0.00
3	7	0.02	1.92	63.33	9.81	0.00
Core	CPU	C1%	C3%	C6%	C8%	C9%
-	-	0.00	0.70	71.73	16.44	0.00
0	0	0.00	0.58	76.17	12.75	0.00
0	4	0.00	0.61	70.97	19.67	0.00
1	1	0.00	0.39	73.64	16.23	0.00
1	5	0.01	0.35	71.26	19.61	0.00
2	2	0.01	0.49	69.90	20.03	0.00
2	6	0.00	0.45	67.04	23.77	0.00
3	3	0.01	0.69	79.06	10.83	0.00
3	7	0.01	2.02	65.15	8.49	0.00
Core	CPU	C1%	C3%	C6%	C8%	C9%
-	-	0.01	1.14	69.47	16.31	0.05
0	0	0.01	0.56	69.70	17.66	0.00
0	4	0.01	0.73	70.11	18.02	0.00
1	1	0.00	2.39	70.36	15.95	0.00
1	5	0.01	0.47	69.75	18.46	0.00
2	2	0.00	0.40	67.31	20.69	0.00
2	6	0.00	0.36	66.73	22.17	0.00
3	3	0.00	0.54	78.33	9.58	0.00
3	7	0.01	3.69	63.46	7.93	0.38
Core	CPU	C1%	C3%	C6%	C8%	C9%
-	-	0.01	0.72	71.94	15.97	0.00
0	0	0.01	0.52	70.74	18.31	0.00
0	4	0.01	0.64	71.09	19.15	0.00
1	1	0.00	0.60	70.97	18.75	0.00
1	5	0.01	0.62	70.50	20.11	0.00
2	2	0.01	0.37	71.23	18.78	0.00
2	6	0.00	0.39	72.25	18.55	0.00
3	3	0.00	0.60	81.41	8.48	0.00
3	7	0.01	2.04	67.93	5.84	0.00
Core	CPU	C1%	C3%	C6%	C8%	C9%
-	-	0.01	0.79	70.62	17.27	0.00
0	0	0.00	0.51	70.92	18.06	0.00
0	4	0.01	0.75	69.61	20.80	0.00
1	1	0.01	0.52	72.74	17.05	0.00
1	5	0.01	0.81	69.81	19.98	0.00
2	2	0.01	0.48	71.05	18.84	0.00
2	6	0.01	0.42	69.97	20.85	0.00
3	3	0.00	0.53	77.73	12.32	0.00
3	7	0.01	2.32	63.15	10.26	0.00
Core	CPU	C1%	C3%	C6%	C8%	C9%
-	-	0.01	0.73	72.93	15.08	0.00
0	0	0.00	0.53	72.44	16.65	0.00
0	4	0.01	0.69	67.80	22.75	0.00
1	1	0.00	0.45	78.89	10.84	0.00
1	5	0.01	0.42	73.56	17.18	0.00
2	2	0.00	0.46	71.84	18.12	0.00
2	6	0.00	0.39	71.38	19.15	0.00
3	3	0.00	0.64	80.81	8.69	0.00
3	7	0.01	2.20	66.51	7.18	0.00
Core	CPU	C1%	C3%	C6%	C8%	C9%
-	-	0.01	0.72	71.24	16.87	0.00
0	0	0.01	0.50	70.93	18.14	0.00
0	4	0.00	0.68	66.63	23.91	0.00
1	1	0.00	0.63	72.89	16.74	0.00
1	5	0.01	0.53	70.69	19.94	0.00
2	2	0.00	0.36	71.29	18.81	0.00
2	6	0.00	0.39	70.72	20.17	0.00
3	3	0.00	0.62	80.24	9.60	0.00
3	7	0.01	2.06	66.16	7.52	0.00
Core	CPU	C1%	C3%	C6%	C8%	C9%
-	-	0.01	1.16	69.61	16.95	0.13
0	0	0.00	0.48	72.51	15.82	0.00
0	4	0.00	0.53	67.85	21.71	0.00
1	1	0.01	2.57	71.62	15.13	0.00
1	5	0.01	0.52	68.61	20.76	0.00
2	2	0.00	0.43	68.85	19.91	0.00
2	6	0.00	0.41	67.47	22.03	0.00
3	3	0.00	0.49	77.44	11.61	0.00
3	7	0.02	3.88	62.63	8.69	1.01
Core	CPU	C1%	C3%	C6%	C8%	C9%
-	-	0.01	0.72	71.99	15.96	0.00
0	0	0.01	0.53	70.15	18.87	0.00
0	4	0.00	0.67	68.52	21.92	0.00
1	1	0.00	0.54	74.98	14.76	0.00
1	5	0.02	0.51	73.10	17.55	0.00
2	2	0.00	0.35	70.81	19.21	0.00
2	6	0.00	0.37	70.41	20.38	0.00
3	3	0.00	0.62	81.34	8.48	0.00
3	7	0.01	2.19	67.06	6.64	0.00
Core	CPU	C1%	C3%	C6%	C8%	C9%
-	-	0.01	0.87	71.22	16.69	0.00
0	0	0.01	0.49	71.99	16.84	0.00
0	4	0.00	0.62	69.13	21.47	0.00
1	1	0.00	0.47	73.55	16.23	0.00
1	5	0.01	0.47	71.51	19.30	0.00
2	2	0.00	1.21	69.28	19.67	0.00
2	6	0.01	0.43	70.14	20.65	0.00
3	3	0.00	0.65	78.87	10.72	0.00
3	7	0.01	2.61	64.74	8.51	0.00
Core	CPU	C1%	C3%	C6%	C8%	C9%
-	-	0.01	0.64	70.87	17.11	0.00
0	0	0.00	0.51	75.46	13.51	0.00
0	4	0.00	0.60	71.50	19.08	0.00
1	1	0.00	0.40	74.13	15.71	0.00
1	5	0.01	0.34	70.38	20.32	0.00
2	2	0.01	0.50	69.05	20.87	0.00
2	6	0.01	0.45	68.09	22.69	0.00
3	3	0.01	0.60	76.59	13.30	0.00
3	7	0.01	1.75	62.35	11.52	0.00
Core	CPU	C1%	C3%	C6%	C8%	C9%
-	-	0.01	0.69	72.54	15.59	0.00
0	0	0.01	0.48	72.24	16.92	0.00
0	4	0.01	0.73	69.02	21.48	0.00
1	1	0.00	0.44	76.52	13.21	0.00
1	5	0.01	0.56	72.80	17.77	0.00
2	2	0.00	0.46	69.69	20.30	0.00
2	6	0.00	0.33	70.45	20.42	0.00
3	3	0.00	0.56	81.36	8.53	0.00
3	7	0.02	2.00	67.80	6.00	0.00
Core	CPU	C1%	C3%	C6%	C8%	C9%
-	-	0.01	1.05	69.78	16.69	0.19
0	0	0.01	0.60	70.34	17.00	0.00
0	4	0.00	0.76	67.44	22.06	0.00
1	1	0.00	1.95	72.80	13.88	1.49
1	5	0.01	0.35	70.48	19.26	0.00
2	2	0.00	0.38	67.85	21.09	0.00
2	6	0.00	0.32	67.50	21.78	0.00
3	3	0.01	0.59	78.53	10.12	0.00
3	7	0.02	3.43	63.51	8.35	0.00
Core	CPU	C1%	C3%	C6%	C8%	C9%
-	-	0.00	0.73	72.10	15.80	0.00
0	0	0.00	0.64	71.47	17.52	0.00
0	4	0.00	0.73	73.73	16.34	0.00
1	1	0.00	0.49	72.16	17.62	0.00
1	5	0.01	0.51	72.51	18.16	0.00
2	2	0.00	0.33	69.39	20.64	0.00
2	6	0.01	0.33	69.16	21.69	0.00
3	3	0.00	0.63	82.13	7.70	0.00
3	7	0.01	2.21	66.53	6.84	0.00
Core	CPU	C1%	C3%	C6%	C8%	C9%
-	-	0.01	0.83	71.28	16.48	0.00
0	0	0.01	0.54	69.95	19.08	0.00
0	4	0.00	0.74	68.48	21.93	0.00
1	1	0.00	0.48	71.15	18.87	0.00
1	5	0.01	0.56	70.91	19.68	0.00
2	2	0.00	0.86	71.15	17.13	0.00
2	6	0.01	0.36	70.40	19.99	0.00
3	3	0.00	0.65	81.23	8.59	0.00
3	7	0.02	2.44	66.95	6.58	0.00
Core	CPU	C1%	C3%	C6%	C8%	C9%
-	-	0.01	0.77	72.05	15.72	0.00
0	0	0.00	0.71	70.99	17.14	0.00
0	4	0.00	0.75	69.10	21.35	0.00
1	1	0.00	0.42	72.73	17.02	0.00
1	5	0.01	0.59	72.22	18.02	0.00
2	2	0.00	0.43	72.48	17.27	0.00
2	6	0.04	0.45	70.25	19.95	0.00
3	3	0.01	0.60	81.34	8.44	0.00
3	7	0.02	2.23	66.77	6.48	0.00
Core	CPU	C1%	C3%	C6%	C8%	C9%
-	-	0.01	0.69	70.76	17.21	0.00
0	0	0.00	0.50	72.16	16.98	0.00
0	4	0.00	0.64	70.08	20.39	0.00
1	1	0.00	0.39	73.65	16.07	0.00
1	5	0.01	0.48	71.28	19.28	0.00
2	2	0.00	0.46	67.35	22.63	0.00
2	6	0.01	0.54	67.72	23.02	0.00
3	3	0.00	0.64	78.93	10.82	0.00
3	7	0.02	1.86	65.13	8.54	0.00
Core	CPU	C1%	C3%	C6%	C8%	C9%
-	-	0.01	0.90	69.91	15.95	0.00
0	0	0.01	0.55	70.85	16.08	0.00
0	4	0.00	0.71	68.35	20.06	0.00
1	1	0.00	1.27	72.11	14.66	0.03
1	5	0.00	0.37	69.94	18.61	0.00
2	2	0.00	0.45	69.61	18.21	0.00
2	6	0.01	0.45	68.76	19.55	0.00
3	3	0.01	0.56	76.39	11.51	0.00
3	7	0.02	2.81	62.96	8.88	0.00
Core	CPU	C1%	C3%	C6%	C8%	C9%
-	-	0.01	0.68	71.49	16.56	0.00
0	0	0.01	0.58	72.23	16.83	0.00
0	4	0.00	0.63	70.62	19.97	0.00
1	1	0.00	0.43	74.04	15.83	0.00
1	5	0.01	0.39	71.26	19.54	0.00
2	2	0.00	0.37	71.55	18.38	0.00
2	6	0.00	0.39	69.71	21.11	0.00
3	3	0.00	0.63	78.23	11.54	0.00
3	7	0.01	2.02	64.29	9.27	0.00
Core	CPU	C1%	C3%	C6%	C8%	C9%
-	-	0.01	0.68	70.38	17.44	0.00
0	0	0.00	0.53	74.37	14.56	0.00
0	4	0.00	0.63	72.08	18.50	0.00
1	1	0.00	0.38	72.51	17.39	0.00
1	5	0.01	0.38	70.11	20.70	0.00
2	2	0.01	0.58	67.63	21.97	0.00
2	6	0.01	0.47	68.65	21.91	0.00
3	3	0.00	0.53	75.78	13.84	0.00
3	7	0.02	1.96	62.48	10.78	0.00
Core	CPU	C1%	C3%	C6%	C8%	C9%
-	-	0.01	0.65	70.70	17.44	0.00
0	0	0.00	0.53	75.42	13.58	0.00
0	4	0.00	0.68	70.26	20.35	0.00
1	1	0.00	0.35	74.91	14.98	0.00
1	5	0.01	0.35	71.60	19.15	0.00
2	2	0.01	0.45	67.90	22.09	0.00
2	6	0.01	0.42	68.88	21.93	0.00
3	3	0.01	0.59	75.05	14.81	0.00
3	7	0.01	1.85	61.18	12.50	0.00
Core	CPU	C1%	C3%	C6%	C8%	C9%
-	-	0.00	0.66	71.19	16.80	0.00
0	0	0.01	0.61	70.93	18.11	0.00
0	4	0.01	0.70	69.36	21.15	0.00
1	1	0.00	0.37	75.08	14.85	0.00
1	5	0.00	0.37	73.42	17.27	0.00
2	2	0.00	0.40	68.59	21.37	0.00
2	6	0.01	0.37	70.24	20.50	0.00
3	3	0.01	0.67	78.32	11.44	0.00
3	7	0.01	1.80	63.99	9.82	0.00
Core	CPU	C1%	C3%	C6%	C8%	C9%
-	-	0.01	0.80	67.36	17.71	0.00
0	0	0.00	0.51	70.37	16.45	0.00
0	4	0.00	0.55	70.06	18.54	0.00
1	1	0.00	1.03	67.91	18.81	0.00
1	5	0.00	0.39	68.56	19.34	0.00
2	2	0.01	0.42	64.48	23.40	0.00
2	6	0.00	0.51	64.24	24.11	0.00
3	3	0.00	0.47	73.64	13.48	0.00
3	7	0.02	2.55	59.62	7.58	0.00
Core	CPU	C1%	C3%	C6%	C8%	C9%
-	-	0.01	0.69	71.91	16.25	0.00
0	0	0.01	0.53	71.79	17.32	0.00
0	4	0.00	0.65	70.56	19.84	0.00
1	1	0.00	0.46	71.86	17.96	0.00
1	5	0.01	0.47	72.49	18.25	0.00
2	2	0.00	0.35	70.01	20.08	0.00
2	6	0.00	0.34	68.86	22.03	0.00
3	3	0.00	0.57	81.68	8.25	0.00
3	7	0.01	2.17	67.39	6.08	0.00
Core	CPU	C1%	C3%	C6%	C8%	C9%
-	-	0.01	0.93	71.81	16.04	0.00
0	0	0.01	0.60	71.05	17.95	0.00
0	4	0.01	0.65	68.85	21.53	0.00
1	1	0.01	0.47	73.35	16.53	0.00
1	5	0.01	0.62	71.25	19.35	0.00
2	2	0.00	0.40	72.18	17.85	0.00
2	6	0.00	1.27	71.82	18.14	0.00
3	3	0.00	0.55	80.08	9.77	0.00
3	7	0.01	2.86	65.87	7.19	0.00
Core	CPU	C1%	C3%	C6%	C8%	C9%
-	-	0.01	0.72	71.64	16.27	0.00
0	0	0.01	0.57	74.02	14.92	0.00
0	4	0.00	0.75	69.73	20.76	0.00
1	1	0.00	0.38	74.85	15.06	0.00
1	5	0.01	0.46	71.18	19.42	0.00
2	2	0.00	0.42	68.47	21.50	0.00
2	6	0.00	0.40	69.28	21.50	0.00
3	3	0.00	0.64	81.03	8.83	0.00
3	7	0.01	2.13	65.21	8.33	0.00
Core	CPU	C1%	C3%	C6%	C8%	C9%
-	-	0.01	0.69	71.20	16.67	0.00
0	0	0.01	0.56	72.23	16.89	0.00
0	4	0.00	0.64	70.35	20.29	0.00
1	1	0.01	0.44	74.53	13.52	0.00
1	5	0.00	0.45	71.27	19.22	0.00
2	2	0.00	0.46	68.48	21.01	0.00
2	6	0.01	0.38	69.56	21.28	0.00
3	3	0.01	0.62	78.35	11.53	0.00
3	7	0.01	1.97	64.14	9.47	0.00
Core	CPU	C1%	C3%	C6%	C8%	C9%
-	-	0.00	1.18	69.42	16.87	0.00
0	0	0.01	0.61	70.97	16.71	0.00
0	4	0.00	0.71	68.34	20.70	0.00
1	1	0.00	2.16	69.26	17.37	0.00
1	5	0.00	0.46	68.60	20.27	0.00
2	2	0.01	0.45	68.50	20.83	0.00
2	6	0.00	0.38	67.70	22.06	0.00
3	3	0.00	0.58	78.07	9.96	0.00
3	7	0.01	4.07	64.28	7.16	0.00
Core	CPU	C1%	C3%	C6%	C8%	C9%
-	-	0.01	0.73	71.47	16.46	0.00
0	0	0.01	0.60	69.00	19.91	0.00
0	4	0.01	0.75	70.83	19.30	0.00
1	1	0.00	0.48	72.54	17.28	0.00
1	5	0.01	0.60	71.41	19.22	0.00
2	2	0.00	0.37	70.00	20.02	0.00
2	6	0.00	0.37	70.86	19.94	0.00
3	3	0.00	0.67	81.28	8.51	0.00
3	7	0.01	2.04	66.10	7.55	0.00
Core	CPU	C1%	C3%	C6%	C8%	C9%
-	-	0.01	0.83	72.46	15.53	0.00
0	0	0.01	0.49	75.97	12.99	0.00
0	4	0.00	1.28	70.84	18.95	0.00
1	1	0.01	0.51	71.14	18.79	0.00
1	5	0.01	0.43	69.87	21.03	0.00
2	2	0.01	0.41	73.22	16.87	0.00
2	6	0.00	0.57	72.37	18.32	0.00
3	3	0.00	0.56	79.82	10.08	0.00
3	7	0.02	2.40	66.18	7.11	0.00
Core	CPU	C1%	C3%	C6%	C8%	C9%
-	-	0.01	0.66	71.20	16.80	0.00
0	0	0.00	0.47	75.74	13.19	0.00
0	4	0.00	0.57	71.54	19.00	0.00
1	1	0.01	0.36	72.37	17.51	0.00
1	5	0.01	0.38	70.29	20.46	0.00
2	2	0.01	0.51	70.99	18.94	0.00
2	6	0.01	0.45	69.38	21.40	0.00
3	3	0.00	0.54	76.29	13.63	0.00
3	7	0.01	1.97	63.30	10.31	0.00
Core	CPU	C1%	C3%	C6%	C8%	C9%
-	-	0.00	0.74	72.82	15.28	0.00
0	0	0.01	0.54	74.85	14.15	0.00
0	4	0.01	0.75	70.17	20.39	0.00
1	1	0.00	0.48	75.77	14.00	0.00
1	5	0.01	0.40	73.22	17.63	0.00
2	2	0.00	0.48	69.96	20.00	0.00
2	6	0.00	0.36	70.73	20.11	0.00
3	3	0.00	0.61	81.09	8.74	0.00
3	7	0.01	2.31	66.20	7.10	0.00
Core	CPU	C1%	C3%	C6%	C8%	C9%
-	-	0.00	0.82	69.37	16.42	0.33
0	0	0.01	0.54	72.39	14.50	0.00
0	4	0.00	0.68	67.82	21.08	0.00
1	1	0.00	1.03	72.49	13.75	2.62
1	5	0.00	0.37	71.12	17.05	0.00
2	2	0.00	0.41	66.48	21.56	0.00
2	6	0.01	0.49	66.42	22.22	0.00
3	3	0.01	0.58	74.93	12.81	0.00
3	7	0.01	2.43	63.26	8.36	0.00
Core	CPU	C1%	C3%	C6%	C8%	C9%
-	-	0.03	0.69	71.70	16.17	0.00
0	0	0.00	0.46	75.82	13.07	0.00
0	4	0.01	0.59	70.50	20.02	0.00
1	1	0.01	0.49	73.54	16.28	0.00
1	5	0.02	0.44	71.07	19.66	0.00
2	2	0.01	0.47	70.01	19.95	0.00
2	6	0.01	0.42	69.36	21.48	0.00
3	3	0.00	0.64	78.42	11.45	0.00
3	7	0.21	2.02	65.58	7.64	0.00
Core	CPU	C1%	C3%	C6%	C8%	C9%
-	-	0.02	0.79	71.26	16.59	0.00
0	0	0.00	0.52	72.86	16.23	0.00
0	4	0.00	1.06	70.94	18.69	0.00
1	1	0.01	0.47	72.84	17.05	0.00
1	5	0.16	0.48	72.09	18.30	0.00
2	2	0.01	0.45	68.99	20.92	0.00
2	6	0.00	0.49	69.51	21.26	0.00
3	3	0.01	0.58	78.24	11.68	0.00
3	7	0.01	2.28	64.57	8.60	0.00
Core	CPU	C1%	C3%	C6%	C8%	C9%
-	-	0.01	0.69	70.64	17.45	0.00
0	0	0.00	0.54	72.97	16.05	0.00
0	4	0.00	0.55	71.87	18.76	0.00
1	1	0.00	0.52	74.16	15.50	0.00
1	5	0.01	0.40	70.02	20.77	0.00
2	2	0.01	0.48	70.46	19.55	0.00
2	6	0.01	0.49	69.86	20.90	0.00
3	3	0.01	0.58	74.57	15.34	0.00
3	7	0.01	1.97	60.85	12.63	0.00
Core	CPU	C1%	C3%	C6%	C8%	C9%
-	-	0.01	0.69	71.94	16.05	0.00
0	0	0.01	0.51	73.86	15.11	0.00
0	4	0.00	0.59	70.65	19.96	0.00
1	1	0.01	0.49	75.67	14.09	0.00
1	5	0.01	0.41	72.13	18.59	0.00
2	2	0.01	0.46	70.01	19.98	0.00
2	6	0.00	0.43	70.65	20.14	0.00
3	3	0.00	0.61	78.69	11.19	0.00
3	7	0.01	2.05	64.21	9.40	0.00
Core	CPU	C1%	C3%	C6%	C8%	C9%
-	-	0.01	1.07	70.11	15.80	0.27
0	0	0.01	0.55	72.16	14.92	0.00
0	4	0.00	0.54	67.10	21.53	0.00
1	1	0.01	1.57	71.13	15.69	2.14
1	5	0.01	0.48	69.83	20.01	0.00
2	2	0.00	0.37	69.16	18.39	0.00
2	6	0.00	0.48	68.18	20.63	0.00
3	3	0.00	0.65	78.71	8.45	0.00
3	7	0.01	3.93	64.44	6.75	0.00
Core	CPU	C1%	C3%	C6%	C8%	C9%
-	-	0.01	0.68	70.88	17.22	0.00
0	0	0.01	0.58	72.04	16.96	0.00
0	4	0.00	0.51	70.50	20.11	0.00
1	1	0.00	0.36	74.01	15.88	0.00
1	5	0.01	0.51	71.65	19.04	0.00
2	2	0.01	0.41	68.94	21.08	0.00
2	6	0.01	0.44	69.85	20.97	0.00
3	3	0.00	0.58	75.98	13.93	0.00
3	7	0.01	2.01	63.85	9.77	0.00
Core	CPU	C1%	C3%	C6%	C8%	C9%
-	-	0.01	0.79	70.66	17.22	0.00
0	0	0.01	0.57	73.81	15.14	0.00
0	4	0.00	1.21	70.09	19.58	0.00
1	1	0.01	0.46	73.58	16.25	0.00
1	5	0.00	0.42	69.91	20.87	0.00
2	2	0.00	0.42	69.13	20.93	0.00
2	6	0.00	0.45	69.56	21.22	0.00
3	3	0.00	0.54	76.02	13.97	0.00
3	7	0.02	2.23	63.62	9.88	0.00
Core	CPU	C1%	C3%	C6%	C8%	C9%
-	-	0.01	0.72	72.34	15.77	0.00
0	0	0.00	0.54	72.73	16.26	0.00
0	4	0.01	0.73	69.32	21.20	0.00
1	1	0.00	0.43	74.64	15.19	0.00
1	5	0.02	0.53	71.50	19.12	0.00
2	2	0.00	0.40	70.79	19.23	0.00
2	6	0.00	0.35	70.54	20.28	0.00
3	3	0.00	0.60	81.67	8.18	0.00
3	7	0.01	2.16	66.96	6.55	0.00
Core	CPU	C1%	C3%	C6%	C8%	C9%
-	-	0.01	0.68	71.63	16.31	0.00
0	0	0.01	0.49	74.41	14.59	0.00
0	4	0.01	0.63	70.96	19.59	0.00
1	1	0.01	0.46	75.37	14.33	0.00
1	5	0.01	0.41	70.99	19.66	0.00
2	2	0.00	0.59	70.91	18.98	0.00
2	6	0.01	0.38	70.20	20.64	0.00
3	3	0.00	0.60	77.18	12.69	0.00
3	7	0.01	1.90	63.56	10.11	0.00
Core	CPU	C1%	C3%	C6%	C8%	C9%
-	-	0.01	1.23	69.25	17.20	0.00
0	0	0.00	0.57	70.59	17.19	0.00
0	4	0.00	0.56	68.73	20.03	0.00
1	1	0.01	2.05	70.84	16.27	0.00
1	5	0.01	0.37	67.63	21.32	0.00
2	2	0.01	0.42	68.16	20.80	0.00
2	6	0.01	0.45	67.77	21.86	0.00
3	3	0.00	0.62	76.70	11.98	0.00
3	7	0.01	4.79	63.31	8.09	0.00
Core	CPU	C1%	C3%	C6%	C8%	C9%
-	-	0.00	0.71	71.43	16.67	0.00
0	0	0.01	0.56	72.03	16.99	0.00
0	4	0.00	0.68	68.84	21.67	0.00
1	1	0.00	0.45	72.85	17.06	0.00
1	5	0.01	0.47	72.91	17.83	0.00
2	2	0.00	0.29	69.49	20.63	0.00
2	6	0.00	0.37	69.71	21.15	0.00
3	3	0.00	0.66	79.70	10.06	0.00
3	7	0.01	2.24	65.60	7.89	0.00
Core	CPU	C1%	C3%	C6%	C8%	C9%
-	-	0.01	0.77	68.84	18.34	0.00
0	0	0.00	0.59	69.54	19.53	0.00
0	4	0.00	0.69	66.57	23.50	0.00
1	1	0.01	0.49	71.17	18.52	0.00
1	5	0.01	0.48	67.50	22.62	0.00
2	2	0.00	0.38	68.89	20.88	0.00
2	6	0.01	0.40	68.55	22.56	0.00
3	3	0.02	0.87	77.45	11.10	0.00
3	7	0.01	2.29	60.94	7.98	0.00
Core	CPU	C1%	C3%	C6%	C8%	C9%
-	-	0.00	0.69	71.32	16.58	0.00
0	0	0.00	0.59	73.42	15.45	0.00
0	4	0.00	0.56	73.10	17.29	0.00
1	1	0.00	0.41	72.26	17.45	0.00
1	5	0.01	0.43	68.86	21.85	0.00
2	2	0.00	0.50	70.71	19.21	0.00
2	6	0.00	0.52	70.69	20.00	0.00
3	3	0.00	0.58	77.39	12.48	0.00
3	7	0.01	1.92	64.72	9.07	0.00
Core	CPU	C1%	C3%	C6%	C8%	C9%
-	-	0.01	0.73	71.57	16.57	0.00
0	0	0.01	0.55	70.18	18.91	0.00
0	4	0.00	0.70	67.46	23.08	0.00
1	1	0.00	0.45	75.17	14.63	0.00
1	5	0.01	0.59	70.82	19.89	0.00
2	2	0.00	0.38	70.47	19.58	0.00
2	6	0.01	0.41	71.13	19.68	0.00
3	3	0.01	0.60	81.00	8.83	0.00
3	7	0.01	2.13	65.76	7.84	0.00
Core	CPU	C1%	C3%	C6%	C8%	C9%
-	-	0.01	1.10	69.53	16.27	0.00
0	0	0.01	0.58	69.59	16.97	0.00
0	4	0.01	0.63	66.97	21.29	0.00
1	1	0.00	0.43	74.10	14.47	0.00
1	5	0.01	0.52	70.95	17.80	0.00
2	2	0.00	2.11	67.19	19.35	0.00
2	6	0.01	0.25	67.00	21.94	0.00
3	3	0.00	0.64	77.31	10.34	0.00
3	7	0.01	3.64	63.39	8.04	0.00
Core	CPU	C1%	C3%	C6%	C8%	C9%
-	-	0.01	0.71	71.72	16.27	0.00
0	0	0.01	0.57	73.60	15.30	0.00
0	4	0.00	0.71	69.17	21.33	0.00
1	1	0.00	0.45	74.99	14.77	0.00
1	5	0.01	0.47	71.11	19.61	0.00
2	2	0.00	0.45	71.33	18.64	0.00
2	6	0.00	0.41	70.04	20.78	0.00
3	3	0.00	0.57	79.19	10.70	0.00
3	7	0.01	2.06	64.64	9.11	0.00
Core	CPU	C1%	C3%	C6%	C8%	C9%
-	-	0.01	0.81	71.41	16.41	0.00
0	0	0.01	0.56	72.92	16.08	0.00
0	4	0.01	0.56	68.62	21.53	0.00
1	1	0.00	0.35	74.11	15.39	0.00
1	5	0.01	0.44	70.68	20.03	0.00
2	2	0.00	0.91	69.42	19.47	0.00
2	6	0.01	0.41	69.82	21.03	0.00
3	3	0.01	0.61	80.15	9.73	0.00
3	7	0.01	2.61	65.26	7.99	0.00
Core	CPU	C1%	C3%	C6%	C8%	C9%
-	-	0.00	0.68	71.30	16.81	0.00
0	0	0.01	0.58	73.44	15.60	0.00
0	4	0.00	0.65	74.64	15.64	0.00
1	1	0.00	0.40	72.26	17.75	0.00
1	5	0.01	0.32	70.43	20.44	0.00
2	2	0.00	0.44	69.08	20.93	0.00
2	6	0.00	0.46	68.74	22.03	0.00
3	3	0.00	0.57	77.82	12.08	0.00
3	7	0.01	1.98	63.73	9.91	0.00
Core	CPU	C1%	C3%	C6%	C8%	C9%
-	-	0.01	0.65	70.31	17.68	0.00
0	0	0.00	0.55	72.18	16.82	0.00
0	4	0.01	0.68	71.06	19.38	0.00
1	1	0.00	0.45	73.76	16.18	0.00
1	5	0.01	0.38	71.88	18.87	0.00
2	2	0.00	0.44	67.53	22.28	0.00
2	6	0.01	0.31	66.74	24.12	0.00
3	3	0.00	0.64	76.84	12.99	0.00
3	7	0.01	1.78	62.94	10.93	0.00
Core	CPU	C1%	C3%	C6%	C8%	C9%
-	-	0.00	0.88	69.24	16.75	0.00
0	0	0.01	0.59	71.29	15.85	0.00
0	4	0.00	0.73	71.66	16.88	0.00
1	1	0.00	0.30	69.89	18.04	0.00
1	5	0.00	0.34	70.48	18.35	0.00
2	2	0.01	1.55	65.18	21.18	0.03
2	6	0.00	0.37	66.30	22.80	0.00
3	3	0.01	0.60	76.14	11.96	0.00
3	7	0.00	2.54	62.67	8.87	0.00
Core	CPU	C1%	C3%	C6%	C8%	C9%
-	-	0.01	0.68	71.14	16.94	0.00
0	0	0.00	0.58	71.89	17.01	0.00
0	4	0.00	0.61	68.64	21.91	0.00
1	1	0.01	0.43	75.27	14.67	0.00
1	5	0.01	0.43	70.85	19.94	0.00
2	2	0.00	0.39	70.07	19.95	0.00
2	6	0.01	0.42	69.77	21.09	0.00
3	3	0.01	0.66	78.77	11.05	0.00
3	7	0.01	1.89	63.80	9.89	0.00
Core	CPU	C1%	C3%	C6%	C8%	C9%
-	-	0.00	0.99	70.97	16.61	0.00
0	0	0.00	0.60	72.15	16.64	0.00
0	4	0.00	1.48	69.41	20.14	0.00
1	1	0.00	0.44	72.17	17.62	0.00
1	5	0.01	0.48	70.94	19.41	0.00
2	2	0.00	0.97	69.75	19.41	0.00
2	6	0.00	0.35	68.85	21.81	0.00
3	3	0.00	0.55	79.76	10.09	0.00
3	7	0.01	3.06	64.82	7.74	0.00
Core	CPU	C1%	C3%	C6%	C8%	C9%
-	-	0.01	0.72	71.84	16.19	0.00
0	0	0.00	0.49	73.26	15.74	0.00
0	4	0.00	0.66	71.57	18.82	0.00
1	1	0.00	0.41	70.66	19.13	0.00
1	5	0.01	0.54	70.17	20.47	0.00
2	2	0.01	0.45	71.90	17.94	0.00
2	6	0.00	0.49	70.71	19.97	0.00
3	3	0.01	0.64	79.56	10.24	0.00
3	7	0.01	2.04	66.54	7.11	0.00
Core	CPU	C1%	C3%	C6%	C8%	C9%
-	-	0.01	0.73	71.44	16.35	0.00
0	0	0.00	0.54	73.31	15.72	0.00
0	4	0.00	0.67	70.07	20.31	0.00
1	1	0.00	0.36	71.92	18.08	0.00
1	5	0.01	0.51	74.80	15.64	0.00
2	2	0.01	0.52	70.12	19.86	0.00
2	6	0.00	0.47	69.20	21.62	0.00
3	3	0.01	0.58	77.56	11.77	0.00
3	7	0.02	2.20	64.86	7.84	0.00
Core	CPU	C1%	C3%	C6%	C8%	C9%
-	-	0.01	0.69	71.62	16.34	0.00
0	0	0.01	0.60	71.74	17.11	0.00
0	4	0.00	0.52	69.66	20.96	0.00
1	1	0.01	0.45	74.65	15.10	0.00
1	5	0.01	0.55	69.09	21.46	0.00
2	2	0.00	0.48	70.92	19.07	0.00
2	6	0.01	0.41	71.41	19.41	0.00
3	3	0.00	0.51	80.51	9.46	0.00
3	7	0.01	1.98	65.31	8.26	0.00
Core	CPU	C1%	C3%	C6%	C8%	C9%
-	-	0.03	0.68	70.80	17.00	0.00
0	0	0.01	0.61	71.44	17.52	0.00
0	4	0.00	0.54	68.07	22.18	0.00
1	1	0.00	0.49	74.29	14.99	0.00
1	5	0.01	0.41	71.38	19.23	0.00
2	2	0.01	0.37	68.93	20.77	0.00
2	6	0.08	0.41	69.81	20.23	0.00
3	3	0.01	0.60	77.63	12.09	0.00
3	7	0.11	2.00	64.22	8.84	0.00
Core	CPU	C1%	C3%	C6%	C8%	C9%
-	-	0.01	0.82	69.16	16.67	0.00
0	0	0.01	0.65	70.85	16.09	0.00
0	4	0.00	0.59	67.91	20.51	0.00
1	1	0.01	0.83	69.82	16.76	0.00
1	5	0.01	0.55	70.62	18.10	0.00
2	2	0.00	0.41	68.07	19.31	0.00
2	6	0.01	0.36	67.89	20.89	0.00
3	3	0.00	0.55	75.54	12.82	0.00
3	7	0.01	2.66	62.79	8.95	0.00
Core	CPU	C1%	C3%	C6%	C8%	C9%
-	-	0.01	0.68	71.45	16.58	0.00
0	0	0.00	0.49	73.49	15.47	0.00
0	4	0.00	0.61	70.04	20.61	0.00
1	1	0.00	0.34	72.22	17.74	0.00
1	5	0.01	0.49	70.07	20.54	0.00
2	2	0.00	0.51	69.58	20.33	0.00
2	6	0.01	0.46	69.87	20.94	0.00
3	3	0.00	0.59	80.24	9.57	0.00
3	7	0.03	1.94	66.20	7.50	0.00
Core	CPU	C1%	C3%	C6%	C8%	C9%
-	-	0.01	0.84	71.64	16.14	0.00
0	0	0.01	0.47	73.80	15.01	0.00
0	4	0.00	0.98	70.39	19.38	0.00
1	1	0.01	0.50	73.49	16.20	0.00
1	5	0.01	0.47	70.46	20.03	0.00
2	2	0.01	0.50	69.70	20.21	0.00
2	6	0.00	0.43	69.93	20.27	0.00
3	3	0.01	0.57	79.61	10.28	0.00
3	7	0.01	2.74	65.46	7.66	0.00
Core	CPU	C1%	C3%	C6%	C8%	C9%
-	-	0.01	0.74	71.82	16.15	0.00
0	0	0.01	0.57	70.85	18.19	0.00
0	4	0.01	0.73	68.64	21.93	0.00
1	1	0.00	0.48	75.07	14.63	0.00
1	5	0.01	0.51	71.01	19.74	0.00
2	2	0.01	0.46	71.79	18.18	0.00
2	6	0.01	0.34	71.86	18.97	0.00
3	3	0.01	0.62	80.26	9.41	0.00
3	7	0.01	2.23	65.31	8.17	0.00
Core	CPU	C1%	C3%	C6%	C8%	C9%
-	-	0.01	0.65	71.19	16.82	0.00
0	0	0.00	0.62	74.00	14.80	0.00
0	4	0.00	0.54	70.10	20.60	0.00
1	1	0.01	0.39	76.02	13.92	0.00
1	5	0.01	0.40	70.98	19.74	0.00
2	2	0.00	0.42	67.46	22.49	0.00
2	6	0.01	0.39	69.50	21.31	0.00
3	3	0.01	0.64	78.19	11.51	0.00
3	7	0.01	1.83	63.60	10.24	0.00
Core	CPU	C1%	C3%	C6%	C8%	C9%
-	-	0.01	1.22	69.49	17.11	0.02
0	0	0.01	0.61	69.64	17.71	0.00
0	4	0.01	0.72	66.42	23.83	0.00
1	1	0.00	2.16	73.74	14.04	0.15
1	5	0.00	0.49	70.91	19.45	0.00
2	2	0.00	0.42	67.91	20.31	0.00
2	6	0.01	0.25	67.83	21.26	0.00
3	3	0.00	0.58	76.78	11.07	0.00
3	7	0.01	4.55	62.45	9.15	0.00
Core	CPU	C1%	C3%	C6%	C8%	C9%
-	-	0.01	0.66	71.39	16.70	0.00
0	0	0.00	0.47	73.37	15.75	0.00
0	4	0.00	0.65	71.24	19.22	0.00
1	1	0.00	0.42	74.24	15.47	0.00
1	5	0.01	0.43	72.62	18.14	0.00
2	2	0.01	0.44	67.45	22.53	0.00
2	6	0.00	0.41	69.51	21.31	0.00
3	3	0.00	0.60	78.39	11.42	0.00
3	7	0.02	1.90	63.98	9.64	0.00
Core	CPU	C1%	C3%	C6%	C8%	C9%
-	-	0.01	0.83	70.88	16.83	0.04
0	0	0.01	0.48	71.36	17.57	0.00
0	4	0.01	0.58	70.55	20.00	0.00
1	1	0.00	0.52	70.57	19.11	0.00
1	5	0.01	0.50	70.25	20.40	0.00
2	2	0.01	0.36	69.35	20.77	0.00
2	6	0.01	0.93	69.26	20.35	0.31
3	3	0.00	0.62	79.99	9.10	0.00
3	7	0.01	2.63	65.86	7.40	0.00
Core	CPU	C1%	C3%	C6%	C8%	C9%
-	-	0.01	0.70	69.68	17.70	0.00
0	0	0.00	0.55	71.56	17.34	0.00
0	4	0.00	0.69	71.27	18.86	0.00
1	1	0.00	0.39	70.84	18.91	0.00
1	5	0.00	0.36	69.94	20.93	0.00
2	2	0.01	0.53	68.05	21.96	0.00
2	6	0.00	0.54	67.40	23.46	0.00
3	3	0.01	0.66	77.03	12.18	0.00
3	7	0.08	1.89	61.19	7.92	0.00
Core	CPU	C1%	C3%	C6%	C8%	C9%
-	-	0.01	0.69	72.04	15.96	0.00
0	0	0.01	0.53	71.63	17.46	0.00
0	4	0.01	0.64	72.20	18.14	0.00
1	1	0.00	0.47	73.18	16.50	0.00
1	5	0.01	0.42	73.10	17.66	0.00
2	2	0.00	0.42	69.36	20.60	0.00
2	6	0.01	0.43	69.76	21.07	0.00
3	3	0.00	0.65	81.21	8.66	0.00
3	7	0.02	1.96	66.08	7.66	0.00
Core	CPU	C1%	C3%	C6%	C8%	C9%
-	-	0.01	0.96	68.83	16.96	0.00
0	0	0.00	0.53	73.65	13.41	0.00
0	4	0.00	0.61	69.53	19.27	0.00
1	1	0.01	1.29	71.20	15.28	0.00
1	5	0.00	0.32	69.57	18.64	0.00
2	2	0.01	0.50	66.18	21.20	0.00
2	6	0.00	0.41	66.32	22.15	0.00
3	3	0.01	0.59	73.35	14.53	0.00
3	7	0.01	3.43	60.50	11.09	0.00
Core	CPU	C1%	C3%	C6%	C8%	C9%
-	-	0.01	0.70	71.49	16.55	0.00
0	0	0.01	0.54	72.60	16.46	0.00
0	4	0.01	0.70	69.79	20.56	0.00
1	1	0.01	0.47	73.02	16.81	0.00
1	5	0.01	0.45	72.04	18.70	0.00
2	2	0.00	0.42	69.71	20.29	0.00
2	6	0.00	0.35	68.89	22.00	0.00
3	3	0.01	0.62	80.32	9.59	0.00
3	7	0.02	2.07	65.56	8.01	0.00
Core	CPU	C1%	C3%	C6%	C8%	C9%
-	-	0.01	0.89	70.83	16.86	0.00
0	0	0.01	0.50	72.31	16.10	0.00
0	4	0.00	1.32	69.56	20.23	0.00
1	1	0.00	0.50	73.32	16.39	0.00
1	5	0.01	0.49	69.90	20.76	0.00
2	2	0.01	0.49	69.86	19.58	0.00
2	6	0.00	0.44	69.73	20.94	0.00
3	3	0.00	0.49	77.78	12.02	0.00
3	7	0.02	2.91	64.16	8.88	0.00
Core	CPU	C1%	C3%	C6%	C8%	C9%
-	-	0.00	0.68	72.00	15.93	0.00
0	0	0.00	0.63	72.80	16.22	0.00
0	4	0.00	0.58	70.72	19.82	0.00
1	1	0.00	0.41	75.73	14.03	0.00
1	5	0.00	0.41	72.46	18.23	0.00
2	2	0.01	0.38	68.73	21.26	0.00
2	6	0.00	0.37	69.69	21.11	0.00
3	3	0.00	0.61	79.76	10.07	0.00
3	7	0.00	2.09	66.79	6.87	0.00
Core	CPU	C1%	C3%	C6%	C8%	C9%
-	-	0.00	0.73	71.92	16.15	0.00
0	0	0.01	0.61	72.41	16.56	0.00
0	4	0.00	0.79	71.38	18.95	0.00
1	1	0.00	0.49	74.83	14.94	0.00
1	5	0.01	0.46	73.05	17.69	0.00
2	2	0.01	0.36	68.84	21.17	0.00
2	6	0.00	0.31	68.91	21.96	0.00
3	3	0.01	0.67	80.31	9.49	0.00
3	7	0.01	2.11	65.21	8.36	0.00
Core	CPU	C1%	C3%	C6%	C8%	C9%
-	-	0.01	1.14	68.95	17.55	0.00
0	0	0.00	0.53	72.69	15.03	0.00
0	4	0.00	0.59	68.95	21.23	0.00
1	1	0.01	2.14	70.52	15.94	0.00
1	5	0.01	0.43	69.02	20.52	0.00
2	2	0.01	0.44	67.99	20.19	0.00
2	6	0.01	0.37	67.58	21.48	0.00
3	3	0.00	0.53	73.87	14.92	0.00
3	7	0.01	4.10	60.71	11.06	0.00
Core	CPU	C1%	C3%	C6%	C8%	C9%
-	-	0.03	0.69	70.89	16.98	0.00
0	0	0.01	0.44	73.27	15.62	0.00
0	4	0.00	0.56	70.39	20.25	0.00
1	1	0.00	0.45	71.44	18.48	0.00
1	5	0.01	0.44	69.46	20.57	0.00
2	2	0.01	0.47	70.04	19.89	0.00
2	6	0.00	0.46	69.39	21.43	0.00
3	3	0.00	0.65	78.20	11.55	0.00
3	7	0.21	2.00	65.25	8.13	0.00
Core	CPU	C1%	C3%	C6%	C8%	C9%
-	-	0.08	0.79	70.10	17.70	0.00
0	0	0.01	0.52	72.24	16.79	0.00
0	4	0.00	0.54	68.90	21.93	0.00
1	1	0.00	0.51	73.65	16.26	0.00
1	5	0.01	0.46	71.40	19.40	0.00
2	2	0.01	0.38	70.16	19.59	0.00
2	6	0.00	0.44	68.12	22.70	0.00
3	3	0.00	1.10	74.69	14.00	0.00
3	7	0.60	2.34	61.77	10.96	0.00
Core	CPU	C1%	C3%	C6%	C8%	C9%
-	-	0.00	0.69	72.03	16.06	0.00
0	0	0.01	0.72	73.26	15.53	0.00
0	4	0.00	0.62	68.87	21.79	0.00
1	1	0.00	0.43	74.44	15.53	0.00
1	5	0.01	0.49	71.71	19.00	0.00
2	2	0.00	0.39	70.38	19.67	0.00
2	6	0.01	0.35	69.97	20.89	0.00
3	3	0.00	0.56	81.24	8.55	0.00
3	7	0.01	1.96	66.23	7.46	0.00
Core	CPU	C1%	C3%	C6%	C8%	C9%
-	-	0.01	0.70	71.19	16.77	0.00
0	0	0.01	0.57	69.06	19.95	0.00
0	4	0.00	0.68	69.79	20.58	0.00
1	1	0.00	0.48	72.04	17.84	0.00
1	5	0.01	0.62	69.71	20.82	0.00
2	2	0.01	0.44	71.56	18.42	0.00
2	6	0.00	0.38	71.74	19.08	0.00
3	3	0.00	0.57	80.18	9.64	0.00
3	7	0.01	1.91	65.74	7.95	0.00
Core	CPU	C1%	C3%	C6%	C8%	C9%
-	-	0.01	1.16	69.30	17.01	0.17
0	0	0.00	0.54	70.57	16.94	0.00
0	4	0.00	0.59	69.28	20.45	0.00
1	1	0.01	2.07	72.18	14.47	1.39
1	5	0.01	0.41	68.18	20.82	0.00
2	2	0.01	0.50	69.21	19.02	0.00
2	6	0.00	0.43	67.90	21.25	0.00
3	3	0.01	0.54	75.14	13.61	0.00
3	7	0.00	4.15	61.91	9.54	0.00
Core	CPU	C1%	C3%	C6%	C8%	C9%
-	-	0.01	0.70	71.13	16.92	0.00
0	0	0.01	0.59	70.90	18.21	0.00
0	4	0.00	0.70	70.09	20.39	0.00
1	1	0.00	0.46	72.21	17.43	0.00
1	5	0.01	0.47	71.16	19.67	0.00
2	2	0.01	0.46	70.15	19.69	0.00
2	6	0.00	0.33	69.67	21.18	0.00
3	3	0.00	0.63	79.63	10.10	0.00
3	7	0.01	1.97	65.04	8.61	0.00
Core	CPU	C1%	C3%	C6%	C8%	C9%
-	-	0.01	0.73	72.02	15.94	0.00
0	0	0.01	0.41	70.63	18.45	0.00
0	4	0.00	0.53	70.06	20.58	0.00
1	1	0.00	0.43	72.26	17.65	0.00
1	5	0.01	0.53	71.42	19.34	0.00
2	2	0.01	0.41	71.42	18.56	0.00
2	6	0.00	0.45	71.92	18.89	0.00
3	3	0.00	0.90	80.65	8.21	0.00
3	7	0.02	2.16	67.76	5.83	0.00
Core	CPU	C1%	C3%	C6%	C8%	C9%
-	-	0.01	0.66	71.18	16.89	0.00
0	0	0.01	0.50	71.68	17.21	0.00
0	4	0.00	0.55	69.41	21.21	0.00
1	1	0.00	0.44	72.77	17.16	0.00
1	5	0.01	0.55	70.36	20.44	0.00
2	2	0.00	0.44	71.32	18.68	0.00
2	6	0.01	0.39	70.88	19.96	0.00
3	3	0.00	0.56	77.87	11.88	0.00
3	7	0.02	1.86	65.21	8.54	0.00
Core	CPU	C1%	C3%	C6%	C8%	C9%
-	-	0.00	0.69	71.43	16.52	0.00
0	0	0.00	0.46	70.72	18.31	0.00
0	4	0.00	0.77	69.79	20.52	0.00
1	1	0.00	0.48	73.37	16.61	0.00
1	5	0.01	0.45	72.14	18.56	0.00
2	2	0.00	0.39	69.38	20.60	0.00
2	6	0.00	0.40	70.55	20.26	0.00
3	3	0.01	0.60	80.30	9.22	0.00
3	7	0.01	2.01	65.51	8.21	0.00
Core	CPU	C1%	C3%	C6%	C8%	C9%
-	-	0.01	1.15	69.78	16.67	0.19
0	0	0.01	0.40	69.58	18.54	0.00
0	4	0.00	0.56	66.67	22.66	0.00
1	1	0.00	2.05	73.03	13.62	1.49
1	5	0.01	0.53	70.29	18.52	0.00
2	2	0.00	0.39	68.78	20.05	0.00
2	6	0.00	0.40	69.29	20.37	0.00
3	3	0.01	0.53	77.71	10.84	0.00
3	7	0.01	4.36	62.65	8.66	0.00
Core	CPU	C1%	C3%	C6%	C8%	C9%
-	-	0.00	0.73	71.39	16.63	0.00
0	0	0.00	0.53	72.61	16.39	0.00
0	4	0.00	0.66	69.57	21.07	0.00
1	1	0.00	0.54	74.69	15.05	0.00
1	5	0.01	0.37	71.85	18.96	0.00
2	2	0.00	0.41	69.22	20.77	0.00
2	6	0.01	0.42	68.93	21.88	0.00
3	3	0.00	0.68	79.57	10.05	0.00
3	7	0.00	2.20	64.59	8.84	0.00
Core	CPU	C1%	C3%	C6%	C8%	C9%
-	-	0.01	0.81	71.36	16.42	0.00
0	0	0.01	0.59	71.66	17.21	0.00
0	4	0.00	0.68	68.70	21.96	0.00
1	1	0.00	0.35	74.32	15.35	0.00
1	5	0.01	0.40	72.15	18.78	0.00
2	2	0.00	0.50	69.48	19.83	0.00
2	6	0.01	0.40	69.73	20.66	0.00
3	3	0.01	1.10	79.66	8.89	0.00
3	7	0.01	2.42	64.81	8.56	0.00
Core	CPU	C1%	C3%	C6%	C8%	C9%
-	-	0.01	0.71	71.85	16.08	0.00
0	0	0.01	0.55	72.62	16.40	0.00
0	4	0.01	0.70	73.04	17.30	0.00
1	1	0.02	0.37	71.95	17.30	0.00
1	5	0.01	0.49	71.40	19.40	0.00
2	2	0.01	0.48	69.32	20.51	0.00
2	6	0.01	0.45	70.80	19.99	0.00
3	3	0.00	0.51	80.39	9.46	0.00
3	7	0.01	2.13	65.29	8.24	0.00
Core	CPU	C1%	C3%	C6%	C8%	C9%
-	-	0.01	0.69	71.51	16.27	0.00
0	0	0.00	0.49	74.41	14.63	0.00
0	4	0.00	0.70	71.69	18.72	0.00
1	1	0.03	0.37	73.30	15.84	0.00
1	5	0.01	0.36	71.39	19.41	0.00
2	2	0.01	0.45	69.20	20.38	0.00
2	6	0.00	0.44	69.49	21.25	0.00
3	3	0.00	0.59	79.10	10.71	0.00
3	7	0.01	2.10	64.19	9.35	0.00
Core	CPU	C1%	C3%	C6%	C8%	C9%
-	-	0.01	0.86	67.73	17.65	0.49
0	0	0.01	0.55	68.71	18.77	0.00
0	4	0.00	0.71	67.36	20.43	0.00
1	1	0.00	1.24	68.73	18.66	2.18
1	5	0.01	0.45	69.13	19.71	0.00
2	2	0.00	0.29	66.16	21.66	0.00
2	6	0.00	0.30	65.77	23.18	0.00
3	3	0.00	0.55	75.94	10.85	0.00
3	7	0.03	2.80	59.43	7.73	1.76
Core	CPU	C1%	C3%	C6%	C8%	C9%
-	-	0.01	0.70	70.45	17.56	0.00
0	0	0.00	0.52	72.14	16.94	0.00
0	4	0.00	0.61	70.41	20.26	0.00
1	1	0.01	0.42	71.70	18.24	0.00
1	5	0.01	0.44	69.93	20.86	0.00
2	2	0.01	0.44	68.62	21.21	0.00
2	6	0.01	0.51	69.39	21.31	0.00
3	3	0.00	0.57	77.57	12.36	0.00
3	7	0.01	2.06	64.10	9.39	0.00
Core	CPU	C1%	C3%	C6%	C8%	C9%
-	-	0.00	0.85	71.91	15.92	0.00
0	0	0.01	0.62	74.28	14.64	0.00
0	4	0.00	0.61	69.96	20.75	0.00
1	1	0.00	0.48	75.34	14.44	0.00
1	5	0.01	1.01	71.80	17.98	0.00
2	2	0.00	0.40	68.32	21.69	0.00
2	6	0.00	0.40	70.20	20.64	0.00
3	3	0.00	0.63	79.90	9.99	0.00
3	7	0.01	2.65	65.83	7.37	0.00
Core	CPU	C1%	C3%	C6%	C8%	C9%
-	-	0.01	0.70	72.23	15.95	0.00
0	0	0.00	0.50	73.70	15.30	0.00
0	4	0.00	0.53	68.89	21.86	0.00
1	1	0.00	0.48	75.30	14.56	0.00
1	5	0.01	0.43	70.72	20.07	0.00
2	2	0.00	0.41	71.87	18.16	0.00
2	6	0.01	0.46	72.51	18.27	0.00
3	3	0.00	0.59	78.57	11.33	0.00
3	7	0.01	2.18	65.62	7.92	0.00
Core	CPU	C1%	C3%	C6%	C8%	C9%
-	-	0.01	0.67	71.83	16.14	0.00
0	0	0.00	0.40	74.16	14.87	0.00
0	4	0.00	0.53	69.32	21.34	0.00
1	1	0.00	0.56	74.93	14.74	0.00
1	5	0.01	0.45	71.14	19.55	0.00
2	2	0.01	0.44	71.60	18.36	0.00
2	6	0.01	0.44	70.93	19.88	0.00
3	3	0.00	0.58	77.87	12.05	0.00
3	7	0.01	1.94	65.24	8.50	0.00
Core	CPU	C1%	C3%	C6%	C8%	C9%
-	-	0.01	1.20	69.82	16.69	0.00
0	0	0.01	0.47	69.96	17.31	0.00
0	4	0.01	0.51	67.97	21.65	0.00
1	1	0.00	2.63	72.56	13.61	0.00
1	5	0.01	0.50	70.48	18.83	0.00
2	2	0.01	0.42	68.83	19.82	0.00
2	6	0.00	0.44	69.74	20.21	0.00
3	3	0.00	0.46	75.86	13.39	0.00
3	7	0.01	4.14	63.04	8.63	0.00
Core	CPU	C1%	C3%	C6%	C8%	C9%
-	-	0.01	0.70	71.61	16.44	0.00
0	0	0.00	0.59	72.72	16.29	0.00
0	4	0.01	0.65	71.23	19.26	0.00
1	1	0.00	0.48	74.54	15.19	0.00
1	5	0.01	0.43	72.75	18.08	0.00
2	2	0.00	0.43	70.42	19.57	0.00
2	6	0.00	0.36	69.99	20.79	0.00
3	3	0.01	0.55	78.20	11.74	0.00
3	7	0.01	2.07	63.03	10.57	0.00
Core	CPU	C1%	C3%	C6%	C8%	C9%
-	-	0.01	0.79	70.56	17.18	0.00
0	0	0.01	0.45	74.12	14.95	0.00
0	4	0.00	0.53	73.96	16.50	0.00
1	1	0.01	0.39	71.41	18.00	0.00
1	5	0.01	0.42	69.49	21.07	0.00
2	2	0.01	0.54	68.71	21.25	0.00
2	6	0.01	1.37	66.99	22.60	0.00
3	3	0.00	0.46	75.74	13.96	0.00
3	7	0.02	2.18	64.33	9.23	0.00
Core	CPU	C1%	C3%	C6%	C8%	C9%
-	-	0.01	0.68	71.66	16.51	0.00
0	0	0.01	0.49	71.47	17.70	0.00
0	4	0.00	0.70	71.37	18.88	0.00
1	1	0.00	0.54	73.60	16.22	0.00
1	5	0.01	0.47	71.13	19.70	0.00
2	2	0.00	0.43	69.77	20.21	0.00
2	6	0.00	0.42	71.03	19.78	0.00
3	3	0.00	0.56	79.57	10.36	0.00
3	7	0.02	1.81	64.74	9.11	0.00
Core	CPU	C1%	C3%	C6%	C8%	C9%
-	-	0.01	0.69	71.61	16.32	0.00
0	0	0.00	0.51	71.81	17.26	0.00
0	4	0.01	0.61	70.64	19.77	0.00
1	1	0.00	0.50	73.25	16.42	0.00
1	5	0.01	0.46	73.12	17.53	0.00
2	2	0.00	0.42	70.08	19.89	0.00
2	6	0.00	0.42	70.12	20.60	0.00
3	3	0.01	0.61	79.59	10.29	0.00
3	7	0.01	1.99	64.79	8.94	0.00
Core	CPU	C1%	C3%	C6%	C8%	C9%
-	-	0.01	1.10	69.16	16.74	0.16
0	0	0.00	0.50	71.50	16.32	0.00
0	4	0.01	0.61	68.10	20.44	0.00
1	1	0.02	2.11	71.51	15.29	1.25
1	5	0.01	0.41	68.53	20.38	0.00
2	2	0.00	0.44	66.83	20.58	0.00
2	6	0.00	0.53	67.06	21.66	0.00
3	3	0.00	0.53	76.17	11.23	0.00
3	7	0.01	3.62	63.41	7.98	0.00
Core	CPU	C1%	C3%	C6%	C8%	C9%
-	-	0.00	0.68	71.66	16.41	0.00
0	0	0.00	0.50	74.46	14.60	0.00
0	4	0.00	0.64	71.55	19.01	0.00
1	1	0.01	0.32	75.12	14.90	0.00
1	5	0.01	0.33	70.86	19.97	0.00
2	2	0.00	0.49	68.96	20.61	0.00
2	6	0.01	0.55	69.95	20.60	0.00
3	3	0.01	0.55	78.06	11.92	0.00
3	7	0.00	2.08	64.02	9.56	0.00
Core	CPU	C1%	C3%	C6%	C8%	C9%
-	-	0.01	0.81	70.92	16.79	0.00
0	0	0.00	0.35	69.79	19.01	0.00
0	4	0.00	0.61	71.82	18.52	0.00
1	1	0.01	0.60	72.64	17.15	0.00
1	5	0.01	0.56	69.79	20.34	0.00
2	2	0.01	0.41	70.55	19.47	0.00
2	6	0.00	0.99	71.49	18.27	0.00
3	3	0.00	0.56	76.99	12.98	0.00
3	7	0.02	2.42	64.85	8.69	0.00
Core	CPU	C1%	C3%	C6%	C8%	C9%
-	-	0.01	0.70	72.11	16.03	0.00
0	0	0.01	0.55	73.46	15.59	0.00
0	4	0.01	0.53	71.81	18.75	0.00
1	1	0.00	0.51	73.95	15.91	0.00
1	5	0.01	0.40	73.48	17.24	0.00
2	2	0.00	0.36	69.91	20.10	0.00
2	6	0.01	0.43	70.47	20.27	0.00
3	3	0.01	0.64	79.17	10.69	0.00
3	7	0.01	2.13	63.93	9.56	0.00
Core	CPU	C1%	C3%	C6%	C8%	C9%
-	-	0.00	0.67	71.45	16.48	0.00
0	0	0.00	0.61	74.79	14.08	0.00
0	4	0.00	0.60	70.52	20.12	0.00
1	1	0.00	0.47	73.70	16.08	0.00
1	5	0.00	0.43	70.55	20.16	0.00
2	2	0.00	0.41	69.67	20.03	0.00
2	6	0.01	0.44	69.34	21.33	0.00
3	3	0.00	0.59	78.74	11.17	0.00
3	7	0.01	1.82	64.90	9.05	0.00
Core	CPU	C1%	C3%	C6%	C8%	C9%
-	-	0.01	0.80	68.62	17.37	0.00
0	0	0.01	0.46	74.04	13.02	0.00
0	4	0.00	0.58	69.86	18.85	0.00
1	1	0.01	1.03	69.42	17.11	0.00
1	5	0.01	0.35	67.19	21.50	0.00
2	2	0.00	0.57	68.15	19.77	0.00
2	6	0.01	0.52	65.92	22.95	0.00
3	3	0.00	0.46	72.89	15.25	0.00
3	7	0.01	2.44	61.17	10.43	0.00
Core	CPU	C1%	C3%	C6%	C8%	C9%
-	-	0.01	0.72	72.08	15.95	0.00
0	0	0.01	0.46	70.99	18.11	0.00
0	4	0.01	0.71	71.80	18.56	0.00
1	1	0.01	0.55	72.94	16.73	0.00
1	5	0.02	0.56	72.00	18.59	0.00
2	2	0.00	0.39	71.59	18.43	0.00
2	6	0.00	0.45	71.13	19.69	0.00
3	3	0.00	0.63	80.10	9.77	0.00
3	7	0.02	2.03	66.03	7.67	0.00
Core	CPU	C1%	C3%	C6%	C8%	C9%
-	-	0.01	0.81	70.92	16.81	0.00
0	0	0.00	0.56	69.95	19.04	0.00
0	4	0.00	0.66	73.58	16.68	0.00
1	1	0.00	0.41	70.21	19.66	0.00
1	5	0.01	1.05	70.43	19.26	0.00
2	2	0.00	0.41	70.19	19.86	0.00
2	6	0.01	0.42	69.40	21.12	0.00
3	3	0.01	0.63	79.65	9.88	0.00
3	7	0.02	2.32	64.36	9.04	0.00
Core	CPU	C1%	C3%	C6%	C8%	C9%
-	-	0.03	0.68	71.29	16.84	0.00
0	0	0.01	0.46	71.86	17.16	0.00
0	4	0.01	0.60	72.20	18.20	0.00
1	1	0.00	0.54	72.30	17.53	0.00
1	5	0.01	0.45	71.04	19.72	0.00
2	2	0.01	0.44	69.09	20.94	0.00
2	6	0.00	0.43	69.53	21.28	0.00
3	3	0.01	0.51	80.24	9.76	0.00
3	7	0.21	2.00	63.43	9.93	0.00
Core	CPU	C1%	C3%	C6%	C8%	C9%
-	-	0.01	0.65	71.76	16.18	0.00
0	0	0.00	0.46	75.05	14.04	0.00
0	4	0.01	0.65	73.77	16.63	0.00
1	1	0.00	0.39	74.25	15.51	0.00
1	5	0.01	0.35	71.91	18.93	0.00
2	2	0.00	0.54	69.13	20.73	0.00
2	6	0.01	0.49	68.01	22.63	0.00
3	3	0.00	0.60	77.99	11.90	0.00
3	7	0.01	1.76	64.64	9.22	0.00
Core	CPU	C1%	C3%	C6%	C8%	C9%
-	-	0.01	1.04	69.23	16.72	0.01
0	0	0.01	0.47	71.71	15.42	0.00
0	4	0.01	0.46	70.30	18.47	0.00
1	1	0.00	2.63	70.58	15.99	0.07
1	5	0.00	0.31	70.42	18.47	0.00
2	2	0.00	0.44	66.73	21.49	0.00
2	6	0.00	0.52	67.06	21.49	0.00
3	3	0.01	0.46	74.72	12.79	0.00
3	7	0.01	3.05	62.06	9.60	0.00
Core	CPU	C1%	C3%	C6%	C8%	C9%
-	-	0.01	0.67	71.57	16.53	0.00
0	0	0.00	0.54	76.70	12.19	0.00
0	4	0.00	0.49	72.81	17.98	0.00
1	1	0.00	0.43	71.49	18.46	0.00
1	5	0.01	0.30	70.11	20.81	0.00
2	2	0.01	0.57	69.22	20.68	0.00
2	6	0.00	0.50	68.76	21.97	0.00
3	3	0.00	0.58	78.92	11.03	0.00
3	7	0.02	1.98	64.44	9.12	0.00
Core	CPU	C1%	C3%	C6%	C8%	C9%
-	-	0.01	0.87	71.28	16.56	0.00
0	0	0.00	0.49	72.95	16.01	0.00
0	4	0.01	1.27	68.39	21.51	0.00
1	1	0.01	0.52	75.33	14.45	0.00
1	5	0.01	0.49	70.84	19.88	0.00
2	2	0.01	0.40	69.24	20.81	0.00
2	6	0.00	0.46	69.45	21.32	0.00
3	3	0.00	0.58	79.82	10.06	0.00
3	7	0.02	2.76	64.56	8.53	0.00
Core	CPU	C1%	C3%	C6%	C8%	C9%
-	-	0.01	0.65	70.14	17.31	0.00
0	0	0.00	0.45	72.32	16.84	0.00
0	4	0.00	0.51	67.35	23.26	0.00
1	1	0.00	0.49	74.77	15.17	0.00
1	5	0.01	0.38	69.52	21.24	0.00
2	2	0.01	0.46	68.16	21.55	0.00
2	6	0.00	0.39	68.31	22.70	0.00
3	3	0.01	0.52	78.51	10.83	0.00
3	7	0.01	1.98	62.17	6.88	0.00
Core	CPU	C1%	C3%	C6%	C8%	C9%
-	-	0.01	0.68	71.74	16.38	0.00
0	0	0.01	0.58	72.25	16.76	0.00
0	4	0.00	0.63	70.01	20.59	0.00
1	1	0.00	0.46	74.97	14.94	0.00
1	5	0.00	0.42	71.80	19.03	0.00
2	2	0.00	0.43	71.24	18.61	0.00
2	6	0.00	0.35	69.94	20.90	0.00
3	3	0.01	0.63	79.83	10.02	0.00
3	7	0.01	1.95	63.51	10.13	0.00
Core	CPU	C1%	C3%	C6%	C8%	C9%
-	-	0.01	0.79	69.35	16.52	0.12
0	0	0.00	0.31	67.52	19.92	0.00
0	4	0.00	0.45	69.44	19.24	0.00
1	1	0.01	1.22	67.59	18.90	0.93
1	5	0.01	0.52	66.95	21.60	0.00
2	2	0.00	0.39	69.94	18.14	0.00
2	6	0.01	0.47	70.35	18.50	0.00
3	3	0.00	0.48	77.46	9.84	0.00
3	7	0.03	2.52	65.53	6.05	0.00
Core	CPU	C1%	C3%	C6%	C8%	C9%
-	-	0.01	0.68	71.62	16.38	0.00
0	0	0.01	0.58	72.93	15.95	0.00
0	4	0.01	0.75	69.67	20.84	0.00
1	1	0.00	0.33	74.76	15.21	0.00
1	5	0.01	0.38	73.35	17.47	0.00
2	2	0.00	0.44	69.12	20.77	0.00
2	6	0.01	0.31	68.74	22.10	0.00
3	3	0.01	0.65	80.36	9.47	0.00
3	7	0.01	2.03	64.38	9.31	0.00
Core	CPU	C1%	C3%	C6%	C8%	C9%
-	-	0.01	0.78	70.98	17.05	0.00
0	0	0.01	0.55	70.46	18.67	0.00
0	4	0.01	0.51	68.68	22.13	0.00
1	1	0.00	0.44	76.45	13.37	0.00
1	5	0.01	0.82	71.74	17.96	0.00
2	2	0.01	0.40	68.03	22.01	0.00
2	6	0.00	0.36	68.75	22.09	0.00
3	3	0.01	0.57	78.65	11.29	0.00
3	7	0.01	2.61	64.48	8.76	0.00
