Core	CPU	C1%	C3%	C6%	C8%	C9%
-	-	0.03	0.08	1.77	3.75	0.00
0	0	0.00	0.02	2.40	1.60	0.00
0	4	0.00	0.03	1.66	1.89	0.00
1	1	0.09	0.00	1.86	1.97	0.00
1	5	0.00	0.05	1.80	0.60	0.00
2	2	0.16	0.05	2.56	1.40	0.00
2	6	0.00	0.42	0.89	0.78	0.00
3	3	0.00	0.00	1.09	0.79	0.00
3	7	0.00	0.05	1.92	20.96	0.00
Core	CPU	C1%	C3%	C6%	C8%	C9%
-	-	0.28	1.72	15.37	6.95	0.02
0	0	0.01	0.52	20.84	7.55	0.00
0	4	0.00	0.80	12.11	13.24	0.16
1	1	0.08	0.85	18.07	5.31	0.00
1	5	0.15	2.03	11.86	7.07	0.00
2	2	1.80	6.98	16.81	2.53	0.00
2	6	0.01	0.58	19.23	5.07	0.00
3	3	0.22	1.97	16.17	7.68	0.00
3	7	0.00	0.07	8.00	7.20	0.00
Core	CPU	C1%	C3%	C6%	C8%	C9%
-	-	0.03	1.98	12.84	14.91	0.75
0	0	0.07	4.38	14.72	5.89	6.00
0	4	0.12	9.42	9.04	5.49	0.00
1	1	0.01	0.09	13.62	23.27	0.00
1	5	0.00	0.12	11.86	18.24	0.00
2	2	0.00	0.07	14.60	14.52	0.00
2	6	0.00	0.08	14.69	15.46	0.00
3	3	0.00	0.14	11.31	17.03	0.00
3	7	0.00	1.49	12.74	19.22	0.00
Core	CPU	C1%	C3%	C6%	C8%	C9%
-	-	0.04	2.84	13.96	15.30	0.00
0	0	0.00	13.78	10.15	3.35	0.00
0	4	0.20	5.76	13.25	12.75	0.00
1	1	0.00	0.92	16.10	17.68	0.00
1	5	0.10	0.18	14.71	25.74	0.00
2	2	0.01	0.11	13.12	15.18	0.00
2	6	0.00	0.16	14.71	18.26	0.00
3	3	0.00	0.19	12.73	15.20	0.00
3	7	0.00	1.61	16.93	14.29	0.00
Core	CPU	C1%	C3%	C6%	C8%	C9%
-	-	0.05	2.99	17.21	17.70	0.34
0	0	0.03	15.30	10.62	3.40	2.67
0	4	0.13	7.02	17.35	17.30	0.00
1	1	0.00	0.17	18.43	23.20	0.00
1	5	0.00	0.25	18.60	17.34	0.06
2	2	0.01	0.08	17.66	17.00	0.00
2	6	0.00	0.11	18.11	20.86	0.00
3	3	0.20	0.94	17.46	25.12	0.00
3	7	0.00	0.13	19.54	17.45	0.00
Core	CPU	C1%	C3%	C6%	C8%	C9%
-	-	0.01	3.63	21.42	22.60	0.02
0	0	0.03	27.68	6.43	0.11	0.00
0	4	0.01	0.15	22.97	23.63	0.00
1	1	0.00	0.15	24.40	30.25	0.00
1	5	0.00	0.26	21.56	13.60	0.00
2	2	0.00	0.16	21.67	22.47	0.00
2	6	0.00	0.15	24.51	27.61	0.13
3	3	0.01	0.17	24.42	32.20	0.00
3	7	0.01	0.23	25.29	30.88	0.00
Core	CPU	C1%	C3%	C6%	C8%	C9%
-	-	0.11	3.78	21.62	22.75	0.01
0	0	0.12	14.65	17.93	21.61	0.00
0	4	0.00	0.63	24.26	21.54	0.00
1	1	0.42	11.21	17.98	23.94	0.00
1	5	0.17	2.56	22.63	17.05	0.05
2	2	0.01	0.62	21.77	28.10	0.00
2	6	0.00	0.22	22.97	23.16	0.00
3	3	0.13	0.18	21.36	26.54	0.00
3	7	0.00	0.24	24.18	20.18	0.00
Core	CPU	C1%	C3%	C6%	C8%	C9%
-	-	0.15	3.45	21.67	22.92	0.03
0	0	0.01	7.91	23.04	10.65	0.00
0	4	0.19	1.57	20.88	21.14	0.13
1	1	0.80	13.85	15.26	13.72	0.00
1	5	0.17	3.35	22.79	26.99	0.14
2	2	0.00	0.22	23.72	28.73	0.00
2	6	0.00	0.21	21.62	24.67	0.00
3	3	0.00	0.16	21.79	27.45	0.00
3	7	0.01	0.28	24.13	29.87	0.00
Core	CPU	C1%	C3%	C6%	C8%	C9%
-	-	0.01	3.49	22.93	23.59	0.08
0	0	0.02	14.79	18.96	7.58	0.65
0	4	0.02	9.76	22.01	14.94	0.00
1	1	0.00	0.25	23.37	30.35	0.00
1	5	0.00	0.40	22.78	21.01	0.00
2	2	0.01	0.20	23.12	26.45	0.00
2	6	0.00	0.22	23.34	34.04	0.00
3	3	0.00	1.01	23.39	25.81	0.00
3	7	0.00	1.30	26.48	28.50	0.00
Core	CPU	C1%	C3%	C6%	C8%	C9%
-	-	0.10	2.24	25.51	23.09	0.01
0	0	0.02	1.26	30.91	21.42	0.00
0	4	0.01	10.23	18.72	13.31	0.00
1	1	0.09	0.71	25.58	26.25	0.00
1	5	0.10	0.70	26.48	23.89	0.00
2	2	0.33	2.40	24.60	19.36	0.00
2	6	0.28	1.58	22.63	16.86	0.11
3	3	0.00	0.27	27.26	34.02	0.00
3	7	0.00	0.77	27.99	29.67	0.00
Core	CPU	C1%	C3%	C6%	C8%	C9%
-	-	0.08	3.66	21.37	21.07	0.01
0	0	0.00	0.31	29.40	17.22	0.00
0	4	0.13	14.80	14.25	6.91	0.00
1	1	0.41	10.96	15.29	10.01	0.00
1	5	0.01	0.21	22.28	22.27	0.00
2	2	0.11	2.28	20.30	26.25	0.00
2	6	0.00	0.21	22.95	45.77	0.04
3	3	0.00	0.26	24.07	19.10	0.00
3	7	0.00	0.26	22.34	21.00	0.00
Core	CPU	C1%	C3%	C6%	C8%	C9%
-	-	0.09	3.64	21.54	24.30	0.09
0	0	0.00	5.06	25.80	14.89	0.00
0	4	0.04	11.22	15.55	20.24	0.00
1	1	0.14	0.95	22.01	24.19	0.35
1	5	0.00	0.40	23.97	38.73	0.00
2	2	0.38	9.65	13.79	12.87	0.00
2	6	0.14	0.20	23.61	21.02	0.00
3	3	0.00	0.16	21.24	35.43	0.00
3	7	0.00	1.48	26.39	27.03	0.35
Core	CPU	C1%	C3%	C6%	C8%	C9%
-	-	0.07	3.52	21.18	21.83	0.04
0	0	0.01	5.99	23.97	10.18	0.11
0	4	0.00	4.66	17.35	21.26	0.04
1	1	0.00	3.57	21.19	24.12	0.00
1	5	0.57	12.20	17.05	17.54	0.15
2	2	0.00	0.17	22.36	21.51	0.00
2	6	0.00	0.06	20.98	31.00	0.00
3	3	0.00	0.17	22.84	26.54	0.00
3	7	0.00	1.34	23.71	22.47	0.00
Core	CPU	C1%	C3%	C6%	C8%	C9%
-	-	0.01	3.73	20.17	22.52	0.01
0	0	0.03	21.99	10.57	3.00	0.00
0	4	0.00	6.50	18.13	17.43	0.00
1	1	0.00	0.20	20.59	22.23	0.00
1	5	0.03	0.13	23.15	41.81	0.00
2	2	0.00	0.22	20.90	23.34	0.00
2	6	0.03	0.24	22.71	19.57	0.07
3	3	0.00	0.27	22.87	28.37	0.00
3	7	0.00	0.27	22.43	24.40	0.00
Core	CPU	C1%	C3%	C6%	C8%	C9%
-	-	0.02	3.26	17.22	18.22	0.00
0	0	0.02	24.56	6.51	0.11	0.00
0	4	0.00	0.12	20.80	18.89	0.00
1	1	0.00	0.18	17.58	29.58	0.00
1	5	0.00	0.18	19.30	15.87	0.00
2	2	0.01	0.26	17.78	20.78	0.00
2	6	0.01	0.23	18.27	17.57	0.00
3	3	0.00	0.25	19.39	18.43	0.00
3	7	0.14	0.32	18.12	24.55	0.00
Core	CPU	C1%	C3%	C6%	C8%	C9%
-	-	0.05	3.64	21.98	22.59	0.01
0	0	0.11	16.12	15.46	9.00	0.00
0	4	0.00	1.23	25.12	23.55	0.00
1	1	0.26	5.34	20.03	21.99	0.00
1	5	0.00	0.18	22.44	17.86	0.00
2	2	0.00	1.23	23.36	21.88	0.00
2	6	0.00	0.11	23.47	26.11	0.08
3	3	0.00	4.59	20.32	25.23	0.00
3	7	0.00	0.31	25.60	35.10	0.00
Core	CPU	C1%	C3%	C6%	C8%	C9%
-	-	0.04	3.39	21.24	22.34	0.17
0	0	0.01	1.44	29.99	11.95	1.40
0	4	0.24	24.25	8.05	2.11	0.00
1	1	0.01	0.27	22.71	26.62	0.00
1	5	0.01	0.20	20.91	38.76	0.00
2	2	0.01	0.15	20.70	20.68	0.00
2	6	0.01	0.20	21.64	24.87	0.00
3	3	0.00	0.26	23.64	24.17	0.00
3	7	0.01	0.33	22.24	29.52	0.00
Core	CPU	C1%	C3%	C6%	C8%	C9%
-	-	0.03	3.84	21.02	21.81	0.00
0	0	0.01	10.93	20.19	10.80	0.00
0	4	0.22	16.83	14.29	15.55	0.00
1	1	0.00	0.30	22.61	26.21	0.00
1	5	0.00	0.30	21.44	24.78	0.00
2	2	0.00	0.26	22.23	21.57	0.00
2	6	0.00	0.34	22.59	21.91	0.00
3	3	0.00	0.27	21.40	28.60	0.00
3	7	0.00	1.50	23.40	25.10	0.00
Core	CPU	C1%	C3%	C6%	C8%	C9%
-	-	0.03	3.76	19.41	22.22	0.31
0	0	0.01	5.93	22.43	11.82	0.00
0	4	0.13	17.14	12.07	8.81	0.00
1	1	0.04	0.15	21.03	39.84	0.00
1	5	0.01	0.10	18.60	22.99	0.00
2	2	0.01	0.08	19.06	24.19	0.00
2	6	0.01	0.16	20.95	31.68	0.00
3	3	0.01	5.29	18.58	15.56	2.46
3	7	0.00	1.20	22.56	22.89	0.00
Core	CPU	C1%	C3%	C6%	C8%	C9%
-	-	0.08	2.96	16.86	17.96	0.53
0	0	0.00	8.13	19.06	10.18	0.00
0	4	0.00	1.93	18.64	17.49	0.00
1	1	0.17	1.28	15.96	20.42	0.00
1	5	0.39	7.57	12.80	12.56	1.31
2	2	0.08	1.60	16.95	16.97	2.89
2	6	0.00	0.09	16.67	22.99	0.00
3	3	0.00	0.14	17.99	23.82	0.00
3	7	0.00	2.92	16.83	19.24	0.00
Core	CPU	C1%	C3%	C6%	C8%	C9%
-	-	0.10	3.66	21.85	21.27	0.06
0	0	0.00	0.33	28.62	26.67	0.00
0	4	0.00	0.15	24.64	19.28	0.00
1	1	0.00	0.20	20.91	30.56	0.00
1	5	0.00	0.15	19.06	19.76	0.00
2	2	0.76	27.11	6.75	0.76	0.00
2	6	0.00	0.90	23.22	22.57	0.47
3	3	0.00	0.22	24.33	25.99	0.00
3	7	0.00	0.26	27.51	24.82	0.00
Core	CPU	C1%	C3%	C6%	C8%	C9%
-	-	0.05	2.98	17.65	17.70	0.24
0	0	0.00	8.08	17.11	8.09	1.38
0	4	0.09	7.97	15.82	19.81	0.44
1	1	0.00	0.17	18.19	38.32	0.00
1	5	0.00	0.14	17.14	14.56	0.00
2	2	0.00	0.13	20.45	17.20	0.00
2	6	0.28	7.01	14.67	8.62	0.09
3	3	0.00	0.12	18.33	20.15	0.00
3	7	0.00	0.19	19.40	14.67	0.00
Core	CPU	C1%	C3%	C6%	C8%	C9%
-	-	0.02	4.16	21.62	24.67	0.18
0	0	0.01	8.10	23.97	12.48	0.00
0	4	0.13	20.36	11.04	8.01	0.00
1	1	0.00	0.23	22.22	32.24	0.00
1	5	0.00	0.21	19.86	22.47	0.00
2	2	0.00	0.98	24.57	25.40	0.00
2	6	0.00	0.28	24.10	36.15	0.10
3	3	0.00	2.63	20.78	21.20	1.30
3	7	0.01	0.46	26.36	39.36	0.00
Core	CPU	C1%	C3%	C6%	C8%	C9%
-	-	0.09	3.99	21.73	22.90	0.01
0	0	0.15	10.03	20.15	14.23	0.00
0	4	0.22	11.91	17.87	14.22	0.00
1	1	0.00	0.20	21.70	20.81	0.00
1	5	0.00	0.20	24.59	27.53	0.00
2	2	0.37	8.88	17.79	18.27	0.00
2	6	0.00	0.16	22.69	40.32	0.11
3	3	0.00	0.26	22.53	23.09	0.00
3	7	0.00	0.27	26.54	24.71	0.00
Core	CPU	C1%	C3%	C6%	C8%	C9%
-	-	0.14	2.75	16.31	18.51	0.18
0	0	0.01	4.33	19.04	17.29	0.00
0	4	0.01	0.80	16.41	20.58	0.00
1	1	0.00	1.31	16.56	14.06	1.31
1	5	0.06	0.17	17.58	28.77	0.00
2	2	0.19	1.81	14.47	15.71	0.00
2	6	0.71	12.17	10.77	10.31	0.09
3	3	0.00	0.21	17.41	19.83	0.00
3	7	0.13	1.18	18.27	21.55	0.00
Core	CPU	C1%	C3%	C6%	C8%	C9%
-	-	0.01	3.60	21.85	23.89	0.08
0	0	0.02	17.29	16.91	8.33	0.60
0	4	0.01	4.67	21.55	23.56	0.00
1	1	0.00	0.18	21.56	24.97	0.00
1	5	0.02	0.18	21.59	43.19	0.00
2	2	0.00	1.30	23.21	21.43	0.00
2	6	0.00	1.22	22.10	24.43	0.00
3	3	0.00	0.18	24.09	24.32	0.00
3	7	0.01	3.76	23.78	20.88	0.00
Core	CPU	C1%	C3%	C6%	C8%	C9%
-	-	0.09	3.65	22.30	23.45	0.02
0	0	0.02	7.15	23.29	9.01	0.14
0	4	0.12	12.44	19.03	20.55	0.00
1	1	0.00	0.33	23.14	32.20	0.00
1	5	0.00	0.69	19.03	31.03	0.00
2	2	0.31	6.55	22.19	19.49	0.00
2	6	0.23	1.23	21.70	23.27	0.00
3	3	0.01	0.37	23.83	25.44	0.00
3	7	0.01	0.45	26.17	26.59	0.00
Core	CPU	C1%	C3%	C6%	C8%	C9%
-	-	0.07	3.84	21.39	21.69	0.00
0	0	0.01	0.37	28.97	20.98	0.00
0	4	0.02	13.63	14.76	13.73	0.00
1	1	0.00	0.26	20.18	22.00	0.00
1	5	0.00	0.07	23.40	29.37	0.00
2	2	0.01	1.13	20.96	26.30	0.00
2	6	0.41	9.50	16.36	14.09	0.00
3	3	0.05	5.48	19.76	18.16	0.00
3	7	0.06	0.26	26.72	28.87	0.00
Core	CPU	C1%	C3%	C6%	C8%	C9%
-	-	0.03	3.60	21.22	22.72	0.03
0	0	0.10	19.31	14.79	3.55	0.00
0	4	0.09	7.70	20.23	15.75	0.00
1	1	0.01	0.17	22.25	28.88	0.00
1	5	0.00	0.17	22.59	35.10	0.00
2	2	0.00	0.14	23.39	19.40	0.00
2	6	0.00	0.21	25.43	23.53	0.00
3	3	0.00	0.93	19.51	29.45	0.00
3	7	0.00	0.20	21.58	26.14	0.21
Core	CPU	C1%	C3%	C6%	C8%	C9%
-	-	0.05	1.94	26.64	25.92	0.01
0	0	0.02	9.76	19.83	4.54	0.00
0	4	0.00	1.02	29.18	23.60	0.00
1	1	0.00	0.41	29.60	31.50	0.00
1	5	0.07	1.36	26.87	32.04	0.00
2	2	0.32	1.24	24.28	22.51	0.00
2	6	0.01	0.25	29.64	35.95	0.05
3	3	0.00	0.23	26.49	32.15	0.00
3	7	0.00	1.21	27.20	25.04	0.00
Core	CPU	C1%	C3%	C6%	C8%	C9%
-	-	0.08	3.79	21.15	22.08	0.00
0	0	0.05	9.76	19.47	9.30	0.00
0	4	0.02	7.68	19.63	16.31	0.00
1	1	0.01	1.41	22.03	25.06	0.00
1	5	0.00	0.25	21.87	23.85	0.00
2	2	0.00	0.28	24.72	25.81	0.00
2	6	0.00	0.19	22.37	30.52	0.00
3	3	0.39	8.61	16.88	15.39	0.00
3	7	0.13	2.13	22.20	30.40	0.00
Core	CPU	C1%	C3%	C6%	C8%	C9%
-	-	0.12	3.35	21.78	22.56	0.06
0	0	0.01	0.34	26.81	24.19	0.00
0	4	0.01	0.26	22.77	20.55	0.00
1	1	0.00	0.99	23.05	31.82	0.00
1	5	0.01	0.17	24.55	33.52	0.00
2	2	0.01	0.66	21.93	22.70	0.00
2	6	0.00	0.14	21.86	22.92	0.00
3	3	0.88	23.81	7.45	0.78	0.48
3	7	0.00	0.40	25.83	24.01	0.00
Core	CPU	C1%	C3%	C6%	C8%	C9%
-	-	0.17	3.83	21.08	22.65	0.18
0	0	0.00	0.28	27.21	12.66	1.39
0	4	0.14	0.18	22.30	17.65	0.00
1	1	0.18	9.23	16.77	19.00	0.00
1	5	1.01	20.06	11.91	12.29	0.00
2	2	0.00	0.22	23.49	21.04	0.00
2	6	0.00	0.16	22.79	35.20	0.06
3	3	0.00	0.24	23.11	33.45	0.00
3	7	0.00	0.30	21.10	29.89	0.00
Core	CPU	C1%	C3%	C6%	C8%	C9%
-	-	0.25	3.75	21.40	22.79	0.18
0	0	0.01	7.69	24.06	16.55	0.00
0	4	0.00	4.46	20.82	23.73	0.00
1	1	0.00	1.37	21.43	24.98	1.44
1	5	0.03	1.26	22.48	19.12	0.00
2	2	1.45	0.08	22.31	23.59	0.00
2	6	0.09	0.10	24.68	26.87	0.00
3	3	0.39	14.84	14.63	16.03	0.00
3	7	0.00	0.19	20.76	31.45	0.00
Core	CPU	C1%	C3%	C6%	C8%	C9%
-	-	0.12	2.78	15.76	17.73	0.00
0	0	0.01	0.20	18.96	8.86	0.00
0	4	0.00	0.15	17.25	18.90	0.00
1	1	0.58	11.92	12.91	9.50	0.00
1	5	0.34	9.31	12.09	9.55	0.00
2	2	0.00	0.19	16.57	22.45	0.00
2	6	0.00	0.15	17.42	34.47	0.00
3	3	0.00	0.13	16.22	18.00	0.00
3	7	0.01	0.19	14.71	20.13	0.00
Core	CPU	C1%	C3%	C6%	C8%	C9%
-	-	0.21	3.81	21.02	22.23	0.00
0	0	0.01	6.68	23.40	14.77	0.00
0	4	0.78	3.54	20.45	17.48	0.00
1	1	0.22	4.92	19.33	28.42	0.00
1	5	0.65	11.70	15.34	14.94	0.00
2	2	0.00	0.91	24.20	28.93	0.01
2	6	0.00	0.15	19.79	21.44	0.00
3	3	0.00	0.18	22.35	30.02	0.00
3	7	0.01	2.38	23.35	21.86	0.00
Core	CPU	C1%	C3%	C6%	C8%	C9%
-	-	0.02	3.50	21.69	23.44	0.02
0	0	0.02	17.45	16.49	7.03	0.00
0	4	0.02	7.76	19.60	22.37	0.15
1	1	0.00	0.27	22.27	33.63	0.00
1	5	0.00	0.22	22.06	22.34	0.00
2	2	0.00	0.25	23.03	26.85	0.00
2	6	0.00	0.30	20.44	23.93	0.00
3	3	0.00	0.28	24.11	24.64	0.00
3	7	0.10	1.45	25.51	26.68	0.00
Core	CPU	C1%	C3%	C6%	C8%	C9%
-	-	0.15	3.68	21.85	22.38	0.17
0	0	0.00	2.38	24.52	14.91	0.01
0	4	0.00	0.25	23.34	18.84	0.00
1	1	1.20	24.27	7.90	2.60	0.09
1	5	0.01	0.22	25.03	26.67	0.00
2	2	0.00	0.27	22.70	23.23	0.00
2	6	0.00	0.23	23.63	25.95	0.00
3	3	0.00	0.28	23.20	31.42	0.00
3	7	0.00	1.56	24.77	35.69	1.27
Core	CPU	C1%	C3%	C6%	C8%	C9%
-	-	0.01	3.82	20.10	24.12	0.18
0	0	0.01	26.98	9.51	1.05	1.40
0	4	0.00	0.22	22.94	30.25	0.00
1	1	0.00	0.16	22.17	28.26	0.00
1	5	0.00	0.15	20.05	29.46	0.00
2	2	0.07	2.39	18.61	25.33	0.00
2	6	0.00	0.15	20.85	25.23	0.00
3	3	0.00	0.24	23.46	24.30	0.00
3	7	0.00	0.21	22.96	28.79	0.00
Core	CPU	C1%	C3%	C6%	C8%	C9%
-	-	0.01	2.99	15.37	15.62	0.02
0	0	0.01	7.55	17.14	5.71	0.00
0	4	0.09	15.24	9.72	5.15	0.00
1	1	0.01	0.14	16.00	29.04	0.00
1	5	0.01	0.51	16.49	15.73	0.02
2	2	0.00	0.16	16.98	15.86	0.13
2	6	0.00	0.11	15.12	14.89	0.00
3	3	0.00	0.12	15.87	21.03	0.00
3	7	0.00	0.08	15.65	17.54	0.00
Core	CPU	C1%	C3%	C6%	C8%	C9%
-	-	0.12	3.48	21.38	22.26	0.00
0	0	0.01	2.38	26.16	10.95	0.00
0	4	0.00	1.38	22.62	33.07	0.00
1	1	0.00	0.08	21.02	26.09	0.00
1	5	0.00	0.17	19.83	29.12	0.00
2	2	0.52	16.24	14.46	9.24	0.00
2	6	0.44	7.19	17.83	15.37	0.00
3	3	0.01	0.27	23.41	24.29	0.00
3	7	0.00	0.17	25.82	30.02	0.00
Core	CPU	C1%	C3%	C6%	C8%	C9%
-	-	0.17	3.58	21.26	23.29	0.00
0	0	0.00	0.34	28.21	26.24	0.00
0	4	0.00	0.24	22.48	22.93	0.00
1	1	0.00	0.28	22.94	24.78	0.00
1	5	0.09	1.91	18.81	31.95	0.00
2	2	1.03	21.17	8.97	4.82	0.00
2	6	0.20	4.23	20.85	23.26	0.00
3	3	0.00	0.25	23.57	24.64	0.00
3	7	0.00	0.30	24.44	27.92	0.00
Core	CPU	C1%	C3%	C6%	C8%	C9%
-	-	0.10	3.67	21.82	22.99	0.10
0	0	0.00	2.04	28.10	28.31	0.00
0	4	0.27	16.56	14.63	10.37	0.00
1	1	0.00	0.19	23.13	27.26	0.00
1	5	0.00	0.14	22.40	25.56	0.00
2	2	0.48	7.64	18.10	19.55	0.00
2	6	0.01	1.22	22.59	25.58	0.00
3	3	0.00	0.16	22.78	26.74	0.00
3	7	0.00	1.33	22.55	20.25	0.80
Core	CPU	C1%	C3%	C6%	C8%	C9%
-	-	0.04	3.57	22.64	23.49	0.02
0	0	0.03	23.90	10.11	7.26	0.00
0	4	0.00	0.15	26.42	25.11	0.00
1	1	0.01	0.29	24.56	21.54	0.00
1	5	0.01	0.25	23.64	26.49	0.00
2	2	0.17	3.18	22.82	25.19	0.00
2	6	0.04	0.30	27.28	32.27	0.20
3	3	0.00	0.24	23.66	30.38	0.00
3	7	0.02	0.26	22.60	19.65	0.00
Core	CPU	C1%	C3%	C6%	C8%	C9%
-	-	0.17	1.83	26.54	25.50	0.14
0	0	0.01	1.66	33.40	21.91	0.58
0	4	0.01	1.38	26.08	21.66	0.00
1	1	0.13	1.72	26.61	27.37	0.00
1	5	0.10	0.42	24.99	35.04	0.00
2	2	0.52	0.27	28.42	34.10	0.00
2	6	0.00	0.22	25.94	26.12	0.56
3	3	0.56	8.21	16.59	10.76	0.00
3	7	0.01	0.77	30.39	27.14	0.00
Core	CPU	C1%	C3%	C6%	C8%	C9%
-	-	0.13	3.85	22.00	22.91	0.00
0	0	0.03	7.29	25.68	10.93	0.00
0	4	0.10	5.19	24.92	18.12	0.00
1	1	0.08	0.88	22.94	31.34	0.00
1	5	0.00	0.20	20.04	24.24	0.00
2	2	0.51	12.45	15.86	14.59	0.00
2	6	0.28	3.41	22.26	25.06	0.00
3	3	0.00	1.01	22.64	30.30	0.00
3	7	0.00	0.41	21.97	28.95	0.00
Core	CPU	C1%	C3%	C6%	C8%	C9%
-	-	0.15	3.38	21.67	22.84	0.01
0	0	0.00	1.33	29.00	18.42	0.00
0	4	0.00	0.19	22.52	30.53	0.00
1	1	0.01	0.19	24.01	39.77	0.01
1	5	0.00	0.88	20.77	20.69	0.00
2	2	0.45	11.65	16.67	17.48	0.00
2	6	0.70	11.45	14.68	11.73	0.00
3	3	0.01	0.13	23.05	23.81	0.00
3	7	0.01	1.22	22.30	19.95	0.10
Core	CPU	C1%	C3%	C6%	C8%	C9%
-	-	0.10	3.47	20.23	24.86	0.23
0	0	0.03	16.12	14.20	10.03	1.47
0	4	0.00	0.12	20.08	31.04	0.00
1	1	0.01	0.12	19.85	23.28	0.00
1	5	0.13	0.13	22.83	23.51	0.00
2	2	0.27	4.28	20.67	24.91	0.00
2	6	0.22	4.75	21.10	34.75	0.04
3	3	0.00	0.18	20.36	28.00	0.00
3	7	0.14	2.09	22.79	23.41	0.32
Core	CPU	C1%	C3%	C6%	C8%	C9%
-	-	0.10	3.81	21.27	20.06	0.00
0	0	0.00	0.37	29.50	16.53	0.00
0	4	0.10	10.26	18.39	9.10	0.00
1	1	0.00	0.26	21.48	14.45	0.00
1	5	0.00	0.21	19.74	16.20	0.00
2	2	0.48	15.51	13.53	15.12	0.00
2	6	0.16	3.40	20.77	22.92	0.00
3	3	0.00	0.24	24.37	37.79	0.00
3	7	0.04	0.27	22.43	28.39	0.00
Core	CPU	C1%	C3%	C6%	C8%	C9%
-	-	0.09	2.31	15.77	16.06	0.15
0	0	0.01	2.86	18.36	13.27	0.00
0	4	0.00	0.11	17.01	20.14	0.00
1	1	0.00	3.35	15.13	15.88	1.21
1	5	0.67	11.42	9.68	6.40	0.01
2	2	0.01	0.11	15.36	13.53	0.00
2	6	0.01	0.17	15.94	14.72	0.00
3	3	0.00	0.16	17.13	23.28	0.00
3	7	0.00	0.26	17.49	21.22	0.00
Core	CPU	C1%	C3%	C6%	C8%	C9%
-	-	0.17	3.54	21.40	21.92	0.09
0	0	0.01	0.29	28.34	32.82	0.03
0	4	0.00	0.10	22.93	31.82	0.00
1	1	0.31	7.50	18.15	15.10	0.00
1	5	0.32	8.11	18.29	14.14	0.00
2	2	0.15	2.11	21.01	19.52	0.00
2	6	0.54	9.91	15.32	13.01	0.54
3	3	0.01	0.18	22.79	24.19	0.00
3	7	0.01	0.12	24.37	24.75	0.17
Core	CPU	C1%	C3%	C6%	C8%	C9%
-	-	0.13	3.54	22.97	21.82	0.03
0	0	0.01	6.65	24.90	23.21	0.00
0	4	0.15	0.09	25.03	21.15	0.00
1	1	0.01	0.34	24.24	30.84	0.00
1	5	0.20	3.41	21.02	19.54	0.00
2	2	0.01	0.19	27.02	25.85	0.00
2	6	0.08	3.20	20.65	19.60	0.00
3	3	0.59	12.84	17.39	12.13	0.24
3	7	0.01	1.62	23.54	22.22	0.00
Core	CPU	C1%	C3%	C6%	C8%	C9%
-	-	0.14	3.54	22.26	22.38	0.02
0	0	0.03	0.59	28.34	20.69	0.01
0	4	0.00	0.25	22.72	23.45	0.00
1	1	0.25	6.92	20.93	21.70	0.06
1	5	0.77	19.53	12.27	7.34	0.07
2	2	0.00	0.31	23.61	23.63	0.00
2	6	0.10	0.31	23.65	32.47	0.00
3	3	0.00	0.20	23.15	24.58	0.00
3	7	0.00	0.24	23.39	25.17	0.00
Core	CPU	C1%	C3%	C6%	C8%	C9%
-	-	0.05	3.76	22.22	23.69	0.01
0	0	0.02	12.48	21.08	10.08	0.12
0	4	0.00	1.23	23.40	20.92	0.00
1	1	0.22	8.12	18.51	19.44	0.00
1	5	0.13	4.61	19.33	22.91	0.00
2	2	0.00	0.15	22.61	22.44	0.00
2	6	0.00	0.12	21.07	41.71	0.00
3	3	0.00	1.30	26.46	29.86	0.00
3	7	0.00	2.08	25.34	22.18	0.00
Core	CPU	C1%	C3%	C6%	C8%	C9%
-	-	0.15	1.96	27.16	26.39	0.00
0	0	0.11	4.13	29.32	19.62	0.00
0	4	0.39	4.32	24.67	25.63	0.00
1	1	0.00	0.66	30.36	33.37	0.00
1	5	0.31	1.55	26.46	29.55	0.00
2	2	0.01	0.87	28.48	25.45	0.00
2	6	0.00	0.28	27.74	28.78	0.00
3	3	0.29	3.03	23.59	22.74	0.00
3	7	0.09	0.83	26.59	25.95	0.00
Core	CPU	C1%	C3%	C6%	C8%	C9%
-	-	0.13	3.72	20.90	21.53	0.00
0	0	0.00	0.56	28.27	14.16	0.00
0	4	0.10	5.62	19.61	14.83	0.00
1	1	0.00	0.26	23.07	35.63	0.00
1	5	0.00	0.22	19.73	27.56	0.00
2	2	0.42	11.25	15.51	12.15	0.00
2	6	0.47	11.32	16.76	21.13	0.00
3	3	0.00	0.25	20.88	26.31	0.00
3	7	0.00	0.32	23.63	20.76	0.00
Core	CPU	C1%	C3%	C6%	C8%	C9%
-	-	0.15	3.28	22.47	21.63	0.00
0	0	0.00	0.25	28.65	26.13	0.00
0	4	0.00	0.11	23.85	20.50	0.00
1	1	0.13	0.19	24.08	26.29	0.00
1	5	0.00	0.11	22.52	26.57	0.00
2	2	0.94	20.21	9.61	5.50	0.00
2	6	0.10	4.96	22.98	21.56	0.00
3	3	0.00	0.16	22.59	21.31	0.00
3	7	0.00	0.23	25.13	24.90	0.00
Core	CPU	C1%	C3%	C6%	C8%	C9%
-	-	0.17	3.69	20.33	22.83	0.18
0	0	0.20	0.29	23.97	15.73	0.89
0	4	0.00	0.18	22.99	31.03	0.00
1	1	0.36	6.06	19.14	21.91	0.00
1	5	0.44	9.09	16.56	18.71	0.00
2	2	0.14	4.69	19.37	22.69	0.00
2	6	0.23	8.67	14.81	19.48	0.58
3	3	0.00	0.21	22.49	25.10	0.00
3	7	0.00	0.35	23.34	27.97	0.00
Core	CPU	C1%	C3%	C6%	C8%	C9%
-	-	0.11	3.62	21.28	22.43	0.41
0	0	0.00	0.33	27.83	22.44	1.41
0	4	0.00	0.20	22.49	26.67	0.00
1	1	0.08	3.02	20.37	28.74	0.50
1	5	0.56	17.25	11.41	11.41	0.00
2	2	0.24	6.15	19.29	20.63	0.00
2	6	0.01	1.51	21.33	21.34	1.35
3	3	0.00	0.30	24.14	25.23	0.00
3	7	0.00	0.23	23.42	23.00	0.00
Core	CPU	C1%	C3%	C6%	C8%	C9%
-	-	0.08	2.60	15.89	14.03	0.74
0	0	0.00	0.17	21.09	8.69	0.00
0	4	0.10	0.13	18.23	23.32	0.00
1	1	0.56	18.39	5.80	0.70	5.97
1	5	0.00	0.17	16.77	19.45	0.00
2	2	0.00	0.34	16.19	16.80	0.00
2	6	0.00	1.33	14.86	16.54	0.00
3	3	0.00	0.11	17.15	11.75	0.00
3	7	0.00	0.17	17.23	15.13	0.00
Core	CPU	C1%	C3%	C6%	C8%	C9%
-	-	0.11	3.90	20.66	22.78	0.01
0	0	0.00	0.32	23.50	15.52	0.12
0	4	0.00	6.42	17.95	40.39	0.00
1	1	0.01	1.02	21.79	17.28	0.00
1	5	0.00	0.17	21.74	26.33	0.00
2	2	0.50	13.34	17.39	14.01	0.00
2	6	0.32	9.52	18.52	24.28	0.00
3	3	0.00	0.16	21.56	23.27	0.00
3	7	0.01	0.22	22.63	20.88	0.00
Core	CPU	C1%	C3%	C6%	C8%	C9%
-	-	0.02	3.65	22.73	24.22	0.02
0	0	0.01	14.54	20.19	8.69	0.00
0	4	0.02	12.89	18.90	10.25	0.08
1	1	0.00	0.35	24.57	24.96	0.00
1	5	0.00	0.29	24.22	25.59	0.00
2	2	0.00	0.30	22.48	35.16	0.00
2	6	0.13	0.27	23.44	46.56	0.09
3	3	0.00	0.30	24.58	20.50	0.00
3	7	0.01	0.29	23.43	22.02	0.00
Core	CPU	C1%	C3%	C6%	C8%	C9%
-	-	0.10	3.73	22.08	21.53	0.09
0	0	0.11	12.67	20.18	8.56	0.00
0	4	0.00	1.41	23.23	19.01	0.00
1	1	0.00	0.20	23.96	21.43	0.00
1	5	0.01	0.24	23.02	36.73	0.00
2	2	0.30	7.19	19.59	19.00	0.00
2	6	0.33	6.57	19.93	27.33	0.00
3	3	0.00	0.22	22.94	21.17	0.73
3	7	0.00	1.36	23.78	19.04	0.00
Core	CPU	C1%	C3%	C6%	C8%	C9%
-	-	0.13	3.78	21.31	22.35	0.02
0	0	0.02	4.60	25.62	32.79	0.01
0	4	0.00	1.24	24.18	27.02	0.00
1	1	0.00	0.15	22.02	22.09	0.01
1	5	0.51	9.08	16.72	17.36	0.00
2	2	0.52	13.67	15.16	9.84	0.00
2	6	0.01	0.11	21.44	19.08	0.00
3	3	0.00	0.22	23.76	23.97	0.00
3	7	0.00	1.19	21.88	26.97	0.11
Core	CPU	C1%	C3%	C6%	C8%	C9%
-	-	0.05	2.63	17.26	16.93	0.17
0	0	0.00	7.55	16.35	6.55	0.00
0	4	0.00	1.77	18.70	17.42	0.00
1	1	0.05	4.29	17.91	15.23	1.20
1	5	0.21	2.75	17.48	17.49	0.00
2	2	0.01	0.16	16.22	16.63	0.00
2	6	0.09	2.10	16.51	20.73	0.00
3	3	0.00	0.35	18.04	21.36	0.00
3	7	0.00	2.00	16.60	19.82	0.12
Core	CPU	C1%	C3%	C6%	C8%	C9%
-	-	0.09	3.58	21.36	23.36	0.25
0	0	0.02	4.50	26.06	18.13	1.40
0	4	0.00	0.26	24.05	26.97	0.00
1	1	0.00	0.23	22.20	24.64	0.00
1	5	0.00	0.12	20.48	28.89	0.00
2	2	0.15	2.27	21.26	28.56	0.00
2	6	0.01	0.15	20.82	26.89	0.00
3	3	0.53	19.84	12.30	7.62	0.61
3	7	0.00	1.28	23.69	25.16	0.00
Core	CPU	C1%	C3%	C6%	C8%	C9%
-	-	0.02	3.84	20.34	22.83	0.00
0	0	0.02	19.63	14.62	5.20	0.00
0	4	0.12	8.91	16.77	14.98	0.00
1	1	0.00	0.26	22.18	29.93	0.00
1	5	0.00	0.23	21.13	22.37	0.00
2	2	0.00	1.04	22.54	28.60	0.00
2	6	0.01	0.21	22.75	29.21	0.00
3	3	0.00	0.19	21.21	26.77	0.00
3	7	0.00	0.23	21.56	25.60	0.00
Core	CPU	C1%	C3%	C6%	C8%	C9%
-	-	0.09	3.65	22.99	24.43	0.00
0	0	0.21	12.18	22.65	9.39	0.00
0	4	0.13	8.23	22.05	18.16	0.00
1	1	0.00	0.13	22.20	22.36	0.00
1	5	0.00	0.23	25.82	22.51	0.00
2	2	0.00	0.18	25.71	24.50	0.00
2	6	0.28	7.61	17.79	34.18	0.00
3	3	0.00	0.28	23.95	24.39	0.00
3	7	0.08	0.36	23.73	39.93	0.00
Core	CPU	C1%	C3%	C6%	C8%	C9%
-	-	0.10	3.75	21.77	21.97	0.20
0	0	0.01	10.64	20.77	19.05	0.02
0	4	0.00	0.23	23.87	30.22	0.00
1	1	0.38	9.96	18.26	13.54	0.00
1	5	0.05	1.69	21.35	19.08	0.47
2	2	0.01	0.17	22.07	24.68	0.00
2	6	0.23	5.47	18.72	18.20	0.00
3	3	0.10	0.30	23.15	21.29	1.10
3	7	0.00	1.52	25.97	29.73	0.00
Core	CPU	C1%	C3%	C6%	C8%	C9%
-	-	0.02	2.82	15.20	16.09	0.00
0	0	0.01	17.88	9.32	0.35	0.00
0	4	0.00	3.64	16.48	15.52	0.00
1	1	0.00	0.11	15.25	18.33	0.00
1	5	0.00	0.17	16.94	15.67	0.00
2	2	0.00	0.35	16.71	26.04	0.00
2	6	0.00	0.11	15.70	20.89	0.00
3	3	0.11	0.13	14.76	17.80	0.00
3	7	0.01	0.17	16.41	14.13	0.00
Core	CPU	C1%	C3%	C6%	C8%	C9%
-	-	0.02	3.86	21.05	24.33	0.15
0	0	0.02	20.40	15.69	4.00	0.00
0	4	0.01	8.43	20.33	26.69	0.00
1	1	0.00	0.16	22.74	25.81	0.00
1	5	0.12	0.10	20.30	21.84	0.00
2	2	0.00	0.12	21.31	33.15	0.00
2	6	0.00	0.07	20.82	31.10	0.00
3	3	0.00	1.33	21.64	23.50	0.00
3	7	0.00	0.25	25.57	28.56	1.21
Core	CPU	C1%	C3%	C6%	C8%	C9%
-	-	0.01	3.52	22.46	23.97	0.08
0	0	0.00	21.81	14.61	2.72	0.00
0	4	0.08	3.90	21.67	21.99	0.00
1	1	0.00	0.32	24.67	34.11	0.00
1	5	0.00	0.19	21.18	30.48	0.00
2	2	0.00	0.22	22.39	25.35	0.00
2	6	0.00	0.16	24.73	30.98	0.00
3	3	0.00	0.13	24.97	23.76	0.00
3	7	0.00	1.41	25.43	22.39	0.66
Core	CPU	C1%	C3%	C6%	C8%	C9%
-	-	0.06	4.05	20.67	24.28	0.00
0	0	0.00	5.82	24.85	18.85	0.00
0	4	0.10	11.69	15.31	22.79	0.00
1	1	0.07	4.99	20.49	19.16	0.00
1	5	0.29	7.80	17.95	25.24	0.00
2	2	0.00	0.28	22.80	29.92	0.00
2	6	0.00	0.21	21.22	23.80	0.00
3	3	0.00	0.22	21.67	26.36	0.00
3	7	0.06	1.42	21.16	28.27	0.00
Core	CPU	C1%	C3%	C6%	C8%	C9%
-	-	0.10	3.69	21.51	23.04	0.00
0	0	0.01	5.71	23.74	16.09	0.00
0	4	0.00	2.41	22.13	20.13	0.00
1	1	0.00	0.26	24.19	24.81	0.01
1	5	0.34	6.63	18.07	16.70	0.00
2	2	0.00	0.26	23.88	44.26	0.00
2	6	0.00	0.24	21.08	24.32	0.00
3	3	0.45	12.60	15.15	16.47	0.00
3	7	0.00	1.40	23.67	21.35	0.00
Core	CPU	C1%	C3%	C6%	C8%	C9%
-	-	0.07	2.91	17.64	16.01	0.00
0	0	0.01	0.24	22.30	10.35	0.00
0	4	0.00	0.10	19.33	14.21	0.00
1	1	0.00	0.15	19.62	18.70	0.00
1	5	0.00	0.13	17.48	35.75	0.00
2	2	0.38	17.04	8.91	4.48	0.00
2	6	0.11	1.66	17.03	15.28	0.00
3	3	0.02	3.79	17.54	14.60	0.00
3	7	0.01	0.17	18.90	14.74	0.00
Core	CPU	C1%	C3%	C6%	C8%	C9%
-	-	0.08	3.60	21.31	22.71	0.16
0	0	0.02	6.06	21.51	10.22	0.00
0	4	0.01	2.34	20.37	22.30	0.00
1	1	0.03	2.46	24.35	22.75	0.00
1	5	0.13	0.25	22.12	33.31	0.00
2	2	0.02	0.21	21.58	26.59	0.00
2	6	0.12	3.93	19.59	24.10	1.29
3	3	0.36	12.26	16.65	17.61	0.00
3	7	0.00	1.31	24.30	24.77	0.00
Core	CPU	C1%	C3%	C6%	C8%	C9%
-	-	0.05	3.49	23.05	24.15	0.01
0	0	0.03	20.74	15.66	4.02	0.09
0	4	0.00	1.40	24.74	31.45	0.00
1	1	0.05	0.84	24.30	22.33	0.00
1	5	0.27	3.82	20.43	28.96	0.00
2	2	0.01	0.34	25.96	27.84	0.00
2	6	0.00	0.19	24.35	23.72	0.00
3	3	0.01	0.27	24.53	30.45	0.00
3	7	0.01	0.27	24.39	24.39	0.00
Core	CPU	C1%	C3%	C6%	C8%	C9%
-	-	0.16	3.52	21.64	20.72	0.07
0	0	0.01	0.90	25.15	17.79	0.53
0	4	0.00	0.15	22.59	26.75	0.00
1	1	0.33	8.91	18.75	17.48	0.00
1	5	0.90	16.46	13.00	10.84	0.00
2	2	0.00	0.18	23.94	20.68	0.00
2	6	0.00	0.16	23.34	28.33	0.00
3	3	0.01	0.13	22.14	15.35	0.00
3	7	0.00	1.30	24.18	28.53	0.00
Core	CPU	C1%	C3%	C6%	C8%	C9%
-	-	0.09	3.88	21.26	23.51	0.00
0	0	0.02	26.54	8.80	1.25	0.00
0	4	0.01	2.80	22.05	27.74	0.00
1	1	0.20	0.35	23.90	23.74	0.00
1	5	0.27	0.29	24.64	18.06	0.00
2	2	0.14	0.27	21.92	27.29	0.00
2	6	0.00	0.26	21.52	37.61	0.00
3	3	0.10	0.33	24.45	22.42	0.00
3	7	0.01	0.22	22.78	30.00	0.00
Core	CPU	C1%	C3%	C6%	C8%	C9%
-	-	0.01	2.75	16.33	16.36	0.00
0	0	0.00	6.35	17.87	7.20	0.00
0	4	0.02	14.75	9.47	5.72	0.00
1	1	0.01	0.18	16.02	19.46	0.00
1	5	0.01	0.11	16.83	21.83	0.00
2	2	0.01	0.13	17.16	15.92	0.00
2	6	0.01	0.15	17.68	23.56	0.00
3	3	0.01	0.13	18.04	17.95	0.00
3	7	0.00	0.22	17.57	19.26	0.00
Core	CPU	C1%	C3%	C6%	C8%	C9%
-	-	0.13	3.66	22.28	20.73	0.01
0	0	0.20	1.14	27.84	25.44	0.00
0	4	0.01	3.86	21.03	24.50	0.00
1	1	0.08	5.89	21.26	14.89	0.00
1	5	0.52	11.25	17.05	14.06	0.00
2	2	0.11	1.94	21.67	22.46	0.11
2	6	0.04	0.14	21.11	18.72	0.00
3	3	0.02	2.53	23.77	25.07	0.00
3	7	0.04	2.53	24.56	20.70	0.00
Core	CPU	C1%	C3%	C6%	C8%	C9%
-	-	0.06	3.61	22.85	22.61	0.06
0	0	0.00	8.76	22.27	9.68	0.00
0	4	0.11	12.34	18.40	12.41	0.00
1	1	0.00	0.37	23.65	26.92	0.11
1	5	0.26	5.01	21.03	21.46	0.00
2	2	0.00	0.29	27.19	29.55	0.00
2	6	0.00	0.44	23.26	18.25	0.00
3	3	0.00	0.26	23.29	30.33	0.00
3	7	0.12	1.42	23.75	32.26	0.37
Core	CPU	C1%	C3%	C6%	C8%	C9%
-	-	0.01	3.66	21.73	22.36	0.00
0	0	0.02	7.98	22.81	14.05	0.00
0	4	0.03	20.25	10.99	6.06	0.00
1	1	0.01	0.12	21.48	23.41	0.00
1	5	0.01	0.21	24.32	24.97	0.00
2	2	0.01	0.16	23.61	27.51	0.00
2	6	0.01	0.21	22.60	19.31	0.00
3	3	0.01	0.18	24.69	34.68	0.00
3	7	0.01	0.28	23.85	29.32	0.02
Core	CPU	C1%	C3%	C6%	C8%	C9%
-	-	0.13	3.66	21.19	23.06	0.00
0	0	0.00	8.57	23.05	10.21	0.00
0	4	0.01	3.47	23.31	38.94	0.00
1	1	0.00	0.15	21.04	22.60	0.00
1	5	0.00	0.13	22.34	24.76	0.00
2	2	0.00	0.15	22.86	22.12	0.00
2	6	0.67	9.61	16.26	12.37	0.00
3	3	0.38	6.10	18.81	30.46	0.00
3	7	0.00	1.00	21.28	22.47	0.00
Core	CPU	C1%	C3%	C6%	C8%	C9%
-	-	0.08	2.06	25.67	27.66	0.00
0	0	0.11	8.19	19.18	12.28	0.00
0	4	0.01	0.58	28.14	27.68	0.00
1	1	0.14	1.85	25.27	27.93	0.00
1	5	0.41	4.61	21.85	20.13	0.00
2	2	0.00	0.36	28.67	46.13	0.00
2	6	0.00	0.22	27.36	25.47	0.00
3	3	0.00	0.33	28.28	28.85	0.00
3	7	0.00	0.34	26.58	32.84	0.00
Core	CPU	C1%	C3%	C6%	C8%	C9%
-	-	0.09	3.79	21.88	20.71	0.14
0	0	0.10	4.79	27.99	14.33	1.10
0	4	0.02	7.15	23.67	15.38	0.00
1	1	0.00	0.43	22.17	26.06	0.00
1	5	0.14	2.58	19.49	23.18	0.00
2	2	0.00	0.32	23.37	27.18	0.00
2	6	0.48	13.42	12.64	15.36	0.00
3	3	0.00	1.11	23.81	23.18	0.00
3	7	0.00	0.49	21.89	21.01	0.00
Core	CPU	C1%	C3%	C6%	C8%	C9%
-	-	0.03	3.57	21.38	23.69	0.07
0	0	0.02	15.26	17.22	5.78	0.00
0	4	0.00	7.18	18.74	19.47	0.00
1	1	0.00	0.29	21.30	28.01	0.00
1	5	0.00	0.27	21.90	30.34	0.22
2	2	0.15	4.70	20.70	30.52	0.00
2	6	0.00	0.31	23.04	24.39	0.00
3	3	0.03	0.23	23.84	27.48	0.00
3	7	0.00	0.33	24.29	23.55	0.36
Core	CPU	C1%	C3%	C6%	C8%	C9%
-	-	0.03	3.96	21.13	21.62	0.15
0	0	0.01	21.44	13.62	8.07	0.00
0	4	0.00	0.16	25.02	24.73	0.00
1	1	0.22	7.90	16.38	13.22	0.11
1	5	0.00	0.12	20.51	27.51	0.00
2	2	0.00	0.31	23.65	19.85	0.00
2	6	0.00	0.13	22.28	29.12	1.10
3	3	0.00	0.16	23.86	29.23	0.00
3	7	0.00	1.45	23.71	21.22	0.00
Core	CPU	C1%	C3%	C6%	C8%	C9%
-	-	0.13	3.70	21.00	22.90	0.00
0	0	0.01	11.79	19.61	15.48	0.00
0	4	0.20	1.22	21.94	28.57	0.00
1	1	0.00	0.25	22.57	24.48	0.00
1	5	0.00	0.19	20.48	25.11	0.00
2	2	0.77	14.37	15.71	9.88	0.00
2	6	0.03	1.32	22.53	29.59	0.00
3	3	0.00	0.20	22.86	27.19	0.00
3	7	0.00	0.26	22.29	22.87	0.00
Core	CPU	C1%	C3%	C6%	C8%	C9%
-	-	0.01	2.88	15.90	17.73	0.00
0	0	0.04	16.23	8.36	3.05	0.00
0	4	0.01	4.73	15.42	12.50	0.00
1	1	0.00	0.21	18.00	20.44	0.00
1	5	0.00	0.22	17.12	16.60	0.00
2	2	0.00	0.27	17.07	17.52	0.00
2	6	0.00	0.16	17.27	30.89	0.00
3	3	0.00	0.95	18.14	14.63	0.00
3	7	0.02	0.36	16.17	26.58	0.00
Core	CPU	C1%	C3%	C6%	C8%	C9%
-	-	0.08	3.53	20.81	23.74	0.28
0	0	0.01	9.19	19.70	13.66	0.00
0	4	0.00	0.21	23.67	21.25	0.00
1	1	0.00	0.32	21.38	31.48	0.00
1	5	0.00	0.19	23.42	26.92	0.00
2	2	0.00	0.34	22.20	31.43	0.00
2	6	0.01	0.24	21.91	25.64	0.91
3	3	0.56	17.34	11.62	8.54	1.30
3	7	0.01	0.27	22.13	30.56	0.00
Core	CPU	C1%	C3%	C6%	C8%	C9%
-	-	0.04	3.75	21.74	23.02	0.02
0	0	0.02	8.61	21.44	8.86	0.00
0	4	0.15	14.72	14.29	10.52	0.00
1	1	0.00	0.20	24.30	26.98	0.00
1	5	0.00	0.16	22.68	22.11	0.00
2	2	0.13	3.22	21.76	36.59	0.00
2	6	0.00	0.17	22.14	24.54	0.00
3	3	0.01	1.43	24.12	31.25	0.00
3	7	0.00	1.49	23.17	23.30	0.12
Core	CPU	C1%	C3%	C6%	C8%	C9%
-	-	0.11	3.49	22.29	22.80	0.17
0	0	0.01	0.44	29.88	13.37	1.38
0	4	0.23	15.93	15.22	10.19	0.00
1	1	0.20	1.35	25.71	27.73	0.00
1	5	0.24	6.11	19.79	27.72	0.00
2	2	0.00	0.22	22.41	28.72	0.00
2	6	0.23	3.28	20.72	22.91	0.00
3	3	0.00	0.20	19.97	22.01	0.00
3	7	0.01	0.41	24.61	29.78	0.00
Core	CPU	C1%	C3%	C6%	C8%	C9%
-	-	0.12	3.55	21.92	21.92	0.18
0	0	0.00	0.24	25.38	14.88	1.33
0	4	0.01	0.16	21.96	26.83	0.00
1	1	0.00	0.22	23.40	28.44	0.00
1	5	0.01	0.15	23.17	35.91	0.00
2	2	0.64	15.32	15.64	6.51	0.12
2	6	0.32	11.86	19.27	15.04	0.00
3	3	0.00	0.19	22.99	25.36	0.00
3	7	0.00	0.23	23.60	22.38	0.00
Core	CPU	C1%	C3%	C6%	C8%	C9%
-	-	0.12	2.00	24.89	24.44	0.02
0	0	0.00	0.92	28.91	13.73	0.00
0	4	0.02	4.62	18.16	16.06	0.00
1	1	0.01	0.21	26.69	27.93	0.00
1	5	0.00	0.20	25.81	29.48	0.00
2	2	0.75	4.18	19.04	17.87	0.00
2	6	0.16	4.44	25.00	31.28	0.14
3	3	0.00	0.93	27.72	24.77	0.00
3	7	0.00	0.51	27.80	34.41	0.00
Core	CPU	C1%	C3%	C6%	C8%	C9%
-	-	0.07	3.91	21.67	21.50	0.24
0	0	0.00	0.28	27.96	15.09	1.43
0	4	0.02	13.74	17.69	17.47	0.00
1	1	0.53	14.69	13.97	20.77	0.50
1	5	0.01	0.33	22.89	25.33	0.00
2	2	0.00	0.42	21.79	26.56	0.00
2	6	0.00	0.31	22.93	20.01	0.00
3	3	0.00	1.06	23.24	27.53	0.00
3	7	0.01	0.42	22.91	19.28	0.00
Core	CPU	C1%	C3%	C6%	C8%	C9%
-	-	0.12	3.70	21.14	22.97	0.00
0	0	0.01	0.29	25.61	14.24	0.00
0	4	0.00	0.24	23.66	27.48	0.00
1	1	0.16	4.53	22.90	21.03	0.00
1	5	0.81	23.70	7.84	3.91	0.00
2	2	0.00	0.18	21.38	31.01	0.00
2	6	0.00	0.16	23.25	28.51	0.00
3	3	0.00	0.29	24.26	36.94	0.00
3	7	0.00	0.19	20.17	20.59	0.00
Core	CPU	C1%	C3%	C6%	C8%	C9%
-	-	0.07	3.64	21.66	21.56	0.06
0	0	0.01	0.34	29.54	24.57	0.02
0	4	0.25	25.91	8.54	2.92	0.48
1	1	0.03	0.26	23.14	26.37	0.00
1	5	0.12	1.66	20.87	20.12	0.00
2	2	0.00	0.19	22.31	20.34	0.00
2	6	0.01	0.23	24.23	29.11	0.00
3	3	0.12	0.26	22.46	23.00	0.00
3	7	0.00	0.26	22.31	26.14	0.00
Core	CPU	C1%	C3%	C6%	C8%	C9%
-	-	0.01	3.76	22.02	23.15	0.02
0	0	0.01	5.12	25.70	17.34	0.00
0	4	0.02	22.04	11.10	5.26	0.00
1	1	0.00	0.15	21.90	33.05	0.00
1	5	0.00	0.08	22.41	25.91	0.00
2	2	0.01	0.95	24.18	23.06	0.00
2	6	0.00	0.24	23.60	24.72	0.06
3	3	0.01	0.16	21.19	27.25	0.12
3	7	0.00	1.34	26.04	28.54	0.00
Core	CPU	C1%	C3%	C6%	C8%	C9%
-	-	0.04	2.96	14.81	17.11	0.00
0	0	0.01	17.23	10.67	4.11	0.03
0	4	0.00	1.79	16.32	15.50	0.00
1	1	0.27	3.63	13.28	20.22	0.00
1	5	0.00	0.27	16.39	17.26	0.00
2	2	0.00	0.18	15.23	16.03	0.00
2	6	0.00	0.22	15.47	22.35	0.00
3	3	0.00	0.14	15.13	21.66	0.00
3	7	0.00	0.22	16.02	19.74	0.00
Core	CPU	C1%	C3%	C6%	C8%	C9%
-	-	0.20	3.68	22.32	22.90	0.03
0	0	0.00	2.34	26.40	17.57	0.00
0	4	0.25	0.20	25.43	33.05	0.00
1	1	0.00	0.26	24.51	32.78	0.00
1	5	0.30	5.76	19.17	19.24	0.00
2	2	0.57	16.09	14.77	8.49	0.00
2	6	0.29	4.39	23.16	19.30	0.06
3	3	0.00	0.23	22.55	22.90	0.16
3	7	0.20	0.20	22.91	30.17	0.00
Core	CPU	C1%	C3%	C6%	C8%	C9%
-	-	0.17	3.44	21.90	22.10	0.18
0	0	0.00	0.30	27.00	16.41	1.41
0	4	0.00	0.15	21.61	26.54	0.00
1	1	0.00	0.27	20.70	22.99	0.00
1	5	0.00	0.16	22.37	23.26	0.00
2	2	0.43	11.15	17.91	13.89	0.00
2	6	0.89	14.98	15.79	13.70	0.00
3	3	0.00	0.30	25.78	27.68	0.00
3	7	0.00	0.23	24.07	32.34	0.00
Core	CPU	C1%	C3%	C6%	C8%	C9%
-	-	0.08	3.45	22.04	22.63	0.06
0	0	0.01	4.61	25.77	15.08	0.00
0	4	0.01	3.73	21.16	17.64	0.46
1	1	0.00	1.35	21.75	37.13	0.00
1	5	0.00	0.18	20.20	33.08	0.00
2	2	0.16	9.09	18.64	14.61	0.00
2	6	0.41	6.97	21.19	19.98	0.00
3	3	0.00	0.22	23.17	24.92	0.00
3	7	0.01	1.42	24.37	18.42	0.00
Core	CPU	C1%	C3%	C6%	C8%	C9%
-	-	0.12	3.28	21.02	20.82	0.01
0	0	0.00	0.36	24.57	17.69	0.09
0	4	0.00	0.26	22.36	18.50	0.00
1	1	0.26	3.26	20.37	32.05	0.00
1	5	0.03	3.07	20.97	22.51	0.00
2	2	0.31	7.73	18.74	14.66	0.00
2	6	0.33	11.01	18.47	16.14	0.00
3	3	0.00	0.23	21.88	22.69	0.00
3	7	0.00	0.32	20.62	22.21	0.00
Core	CPU	C1%	C3%	C6%	C8%	C9%
-	-	0.07	2.88	16.16	16.90	0.13
0	0	0.00	0.83	20.70	16.54	0.00
0	4	0.02	10.51	14.20	12.83	1.01
1	1	0.00	0.19	18.57	22.46	0.00
1	5	0.00	0.12	15.14	19.03	0.00
2	2	0.55	10.89	10.75	8.92	0.00
2	6	0.00	0.12	17.26	21.84	0.00
3	3	0.00	0.12	15.81	17.27	0.03
3	7	0.00	0.28	16.84	16.35	0.00
Core	CPU	C1%	C3%	C6%	C8%	C9%
-	-	0.09	3.73	21.83	21.27	0.17
0	0	0.02	14.98	17.27	4.67	1.40
0	4	0.03	0.15	22.72	31.60	0.00
1	1	0.00	0.16	25.08	21.90	0.00
1	5	0.00	0.17	23.28	19.79	0.00
2	2	0.08	3.60	21.38	20.59	0.00
2	6	0.53	10.35	16.38	24.57	0.00
3	3	0.00	0.13	22.45	18.82	0.00
3	7	0.04	0.32	26.10	28.20	0.00
Core	CPU	C1%	C3%	C6%	C8%	C9%
-	-	0.08	3.57	21.84	22.20	0.18
0	0	0.02	7.94	24.25	14.02	1.40
0	4	0.01	6.76	20.86	19.18	0.00
1	1	0.41	5.93	19.25	20.64	0.00
1	5	0.00	0.09	22.97	36.75	0.00
2	2	0.21	5.60	19.21	16.68	0.00
2	6	0.01	1.20	24.47	23.02	0.00
3	3	0.01	0.87	22.00	25.32	0.00
3	7	0.00	0.20	21.69	21.93	0.00
Core	CPU	C1%	C3%	C6%	C8%	C9%
-	-	0.12	3.61	21.71	21.24	0.00
0	0	0.01	2.44	24.93	13.96	0.00
0	4	0.01	0.13	22.90	19.80	0.00
1	1	0.82	19.42	12.26	10.07	0.00
1	5	0.11	5.06	23.77	26.23	0.00
2	2	0.01	0.16	22.16	21.05	0.00
2	6	0.00	0.19	23.77	33.85	0.00
3	3	0.00	0.12	20.82	22.01	0.00
3	7	0.01	1.32	23.08	22.99	0.00
Core	CPU	C1%	C3%	C6%	C8%	C9%
-	-	0.01	3.89	20.92	24.19	0.02
0	0	0.02	24.33	12.82	5.65	0.00
0	4	0.01	3.24	20.56	21.17	0.16
1	1	0.01	0.32	21.52	28.63	0.00
1	5	0.00	0.25	22.22	24.81	0.00
2	2	0.00	0.18	20.99	29.88	0.00
2	6	0.00	0.27	22.46	28.13	0.00
3	3	0.00	0.26	23.04	28.26	0.00
3	7	0.01	2.31	23.85	27.07	0.00
Core	CPU	C1%	C3%	C6%	C8%	C9%
-	-	0.03	1.92	26.28	27.78	0.01
0	0	0.06	10.00	17.09	5.38	0.00
0	4	0.10	2.08	25.50	25.05	0.00
1	1	0.00	0.23	28.21	35.57	0.00
1	5	0.01	0.25	27.29	30.92	0.00
2	2	0.01	0.30	27.68	31.68	0.00
2	6	0.00	0.22	26.82	34.91	0.11
3	3	0.07	1.61	28.23	26.93	0.00
3	7	0.00	0.64	29.29	31.71	0.00
Core	CPU	C1%	C3%	C6%	C8%	C9%
-	-	0.07	3.80	22.23	22.40	0.00
0	0	0.01	9.32	20.25	12.47	0.00
0	4	0.01	14.57	15.67	12.36	0.00
1	1	0.00	0.27	25.29	23.13	0.00
1	5	0.00	0.21	22.19	21.33	0.00
2	2	0.31	4.58	21.59	27.51	0.00
2	6	0.00	0.20	21.95	31.65	0.00
3	3	0.18	0.25	24.31	25.30	0.00
3	7	0.04	1.00	26.55	25.47	0.00
Core	CPU	C1%	C3%	C6%	C8%	C9%
-	-	0.01	3.68	21.43	23.48	0.19
0	0	0.00	5.16	24.54	19.78	0.00
0	4	0.02	22.72	8.02	3.49	0.00
1	1	0.00	0.28	23.11	28.62	0.00
1	5	0.00	0.19	21.53	22.62	0.00
2	2	0.00	0.25	23.49	24.27	1.43
2	6	0.07	0.26	23.06	33.72	0.06
3	3	0.01	0.22	23.24	26.58	0.00
3	7	0.00	0.34	24.54	28.84	0.00
Core	CPU	C1%	C3%	C6%	C8%	C9%
-	-	0.11	4.03	21.29	22.43	0.18
0	0	0.01	0.36	27.89	17.79	0.00
0	4	0.02	7.03	19.87	11.88	0.00
1	1	0.61	18.50	12.26	13.38	0.00
1	5	0.07	0.49	23.09	46.07	0.00
2	2	0.08	3.81	20.23	17.88	1.43
2	6	0.06	1.32	23.55	20.19	0.00
3	3	0.00	0.22	18.86	18.16	0.00
3	7	0.01	0.48	24.54	34.08	0.00
Core	CPU	C1%	C3%	C6%	C8%	C9%
-	-	0.13	3.60	21.39	21.13	0.12
0	0	0.01	0.48	25.12	17.56	0.00
0	4	0.00	0.33	23.19	24.34	0.00
1	1	0.00	0.29	21.42	27.76	0.00
1	5	0.20	3.06	22.27	16.25	0.00
2	2	0.47	11.23	17.16	12.12	0.00
2	6	0.37	12.91	15.21	18.24	0.56
3	3	0.00	0.22	23.07	32.17	0.00
3	7	0.00	0.30	23.71	20.58	0.41
Core	CPU	C1%	C3%	C6%	C8%	C9%
-	-	0.03	3.28	15.85	15.69	0.00
0	0	0.04	12.65	14.60	7.26	0.00
0	4	0.09	6.62	15.51	19.09	0.00
1	1	0.00	0.16	14.71	20.84	0.00
1	5	0.00	0.20	15.64	15.58	0.00
2	2	0.10	4.23	14.02	8.80	0.00
2	6	0.00	0.55	18.21	16.55	0.00
3	3	0.00	0.31	17.54	22.02	0.00
3	7	0.00	1.52	16.52	15.35	0.00
Core	CPU	C1%	C3%	C6%	C8%	C9%
-	-	0.11	3.03	18.79	18.82	0.00
0	0	0.00	0.47	22.14	14.22	0.01
0	4	0.00	0.06	18.61	18.70	0.00
1	1	0.00	0.06	17.98	16.41	0.00
1	5	0.00	0.03	17.93	18.71	0.00
2	2	0.41	14.44	13.85	6.80	0.00
2	6	0.46	8.73	17.01	13.18	0.00
3	3	0.00	0.14	20.96	33.40	0.00
3	7	0.00	0.27	21.87	29.12	0.00
Core	CPU	C1%	C3%	C6%	C8%	C9%
-	-	0.41	3.32	22.27	21.72	0.42
0	0	0.00	0.31	29.78	15.00	2.60
0	4	0.00	0.20	23.83	22.48	0.00
1	1	0.00	0.19	23.75	30.42	0.00
1	5	0.00	0.28	21.52	17.93	0.60
2	2	0.00	0.15	25.63	35.95	0.00
2	6	0.06	2.40	23.14	23.78	0.00
3	3	2.76	22.83	5.43	3.04	0.21
3	7	0.48	0.33	25.94	25.98	0.00
Core	CPU	C1%	C3%	C6%	C8%	C9%
-	-	0.22	3.31	22.11	21.86	0.01
0	0	0.00	0.32	28.22	33.82	0.00
0	4	0.00	0.16	22.70	19.16	0.00
1	1	0.00	0.20	20.69	23.77	0.00
1	5	0.03	0.27	23.30	23.53	0.00
2	2	0.00	0.19	23.20	22.99	0.00
2	6	0.00	0.18	23.79	23.82	0.06
3	3	1.69	24.68	6.49	0.00	0.00
3	7	0.01	0.36	27.60	26.91	0.00
Core	CPU	C1%	C3%	C6%	C8%	C9%
-	-	0.17	3.99	20.43	21.15	0.00
0	0	0.01	12.65	19.98	16.38	0.00
0	4	0.00	0.21	22.52	25.36	0.00
1	1	0.00	1.37	23.31	28.89	0.00
1	5	0.46	12.46	13.77	19.22	0.00
2	2	0.79	0.06	19.90	18.77	0.00
2	6	0.00	0.17	19.67	21.39	0.00
3	3	0.02	2.49	20.65	17.65	0.00
3	7	0.04	2.51	23.81	21.74	0.00
Core	CPU	C1%	C3%	C6%	C8%	C9%
-	-	0.06	2.88	17.14	17.36	0.37
0	0	0.02	12.19	13.38	7.45	0.00
0	4	0.00	3.57	17.97	18.32	0.00
1	1	0.21	6.25	13.50	12.59	0.00
1	5	0.01	0.16	19.49	19.70	0.00
2	2	0.10	0.18	17.22	17.99	0.00
2	6	0.12	0.20	18.18	19.75	0.00
3	3	0.00	0.23	19.81	24.57	2.93
3	7	0.00	0.18	17.43	18.39	0.00
Core	CPU	C1%	C3%	C6%	C8%	C9%
-	-	0.02	3.66	21.50	23.53	0.00
0	0	0.01	25.94	10.09	1.79	0.00
0	4	0.00	0.17	25.27	29.49	0.00
1	1	0.00	0.16	23.92	21.39	0.00
1	5	0.12	0.18	24.04	26.72	0.00
2	2	0.00	0.17	22.68	22.69	0.00
2	6	0.00	1.21	21.41	37.64	0.00
3	3	0.00	0.21	21.85	28.29	0.00
3	7	0.00	1.25	22.76	20.24	0.00
Core	CPU	C1%	C3%	C6%	C8%	C9%
-	-	0.01	3.82	20.37	23.44	0.00
0	0	0.01	16.74	15.36	4.84	0.00
0	4	0.03	12.54	16.67	18.17	0.00
1	1	0.00	0.25	22.29	28.06	0.00
1	5	0.00	0.17	21.13	30.54	0.00
2	2	0.00	0.21	22.00	26.16	0.00
2	6	0.00	0.25	22.45	24.22	0.00
3	3	0.00	0.15	21.25	27.46	0.00
3	7	0.00	0.27	21.79	28.06	0.00
Core	CPU	C1%	C3%	C6%	C8%	C9%
-	-	0.15	3.35	22.39	23.01	0.01
0	0	0.11	2.73	25.31	19.61	0.00
0	4	0.01	0.12	24.48	31.81	0.00
1	1	0.77	17.03	13.01	6.83	0.11
1	5	0.13	2.55	23.08	27.09	0.00
2	2	0.20	3.96	23.25	20.45	0.00
2	6	0.00	0.05	22.80	24.06	0.00
3	3	0.00	0.17	24.54	30.52	0.00
3	7	0.01	0.17	22.68	23.74	0.00
Core	CPU	C1%	C3%	C6%	C8%	C9%
-	-	0.18	3.52	21.86	21.24	0.08
0	0	0.01	2.40	27.57	22.10	0.00
0	4	0.01	0.19	22.65	18.67	0.00
1	1	0.15	4.65	18.87	19.86	0.00
1	5	0.71	10.70	17.56	14.63	0.00
2	2	0.33	5.18	20.23	17.77	0.10
2	6	0.23	3.37	22.17	17.67	0.00
3	3	0.00	0.25	22.46	30.05	0.00
3	7	0.00	1.42	23.40	29.14	0.56
Core	CPU	C1%	C3%	C6%	C8%	C9%
-	-	0.12	1.93	26.27	25.92	0.03
0	0	0.01	0.93	29.55	23.04	0.00
0	4	0.10	3.47	19.86	25.78	0.00
1	1	0.01	0.24	30.27	32.16	0.00
1	5	0.00	0.25	24.77	23.47	0.00
2	2	0.77	7.60	19.19	15.00	0.00
2	6	0.03	2.07	28.01	20.98	0.24
3	3	0.00	0.40	29.48	30.27	0.00
3	7	0.00	0.53	29.03	36.63	0.00
Core	CPU	C1%	C3%	C6%	C8%	C9%
-	-	0.02	3.65	21.34	23.46	0.00
0	0	0.12	23.01	11.64	2.48	0.00
0	4	0.01	4.05	21.77	24.81	0.00
1	1	0.00	0.14	23.07	26.45	0.00
1	5	0.00	0.12	23.56	19.55	0.00
2	2	0.00	0.15	21.86	21.62	0.00
2	6	0.00	0.13	23.05	26.17	0.00
3	3	0.00	0.23	20.91	29.56	0.01
3	7	0.00	1.35	24.86	37.04	0.00
Core	CPU	C1%	C3%	C6%	C8%	C9%
-	-	0.06	3.85	21.78	21.44	0.00
0	0	0.01	9.34	26.55	19.73	0.00
0	4	0.00	6.91	20.36	14.82	0.00
1	1	0.00	0.18	21.89	26.46	0.00
1	5	0.00	0.16	21.62	23.16	0.00
2	2	0.19	4.83	19.77	19.99	0.00
2	6	0.28	7.79	17.54	25.92	0.00
3	3	0.00	0.28	23.56	21.45	0.00
3	7	0.00	1.28	22.99	19.96	0.00
Core	CPU	C1%	C3%	C6%	C8%	C9%
-	-	0.12	3.37	21.38	23.08	0.03
0	0	0.02	9.53	21.40	28.19	0.00
0	4	0.00	0.19	23.06	22.89	0.00
1	1	0.00	0.20	24.66	32.88	0.00
1	5	0.00	0.17	23.40	22.37	0.00
2	2	0.43	6.38	15.60	15.12	0.00
2	6	0.44	10.08	16.59	17.05	0.20
3	3	0.00	0.17	22.92	23.63	0.00
3	7	0.08	0.23	23.36	22.47	0.00
Core	CPU	C1%	C3%	C6%	C8%	C9%
-	-	0.07	3.70	21.04	22.96	0.00
0	0	0.01	17.85	14.34	10.26	0.00
0	4	0.00	0.17	21.29	25.71	0.00
1	1	0.00	0.16	21.93	32.49	0.00
1	5	0.00	0.15	23.40	19.25	0.00
2	2	0.27	5.23	19.16	20.00	0.00
2	6	0.25	4.74	19.41	16.76	0.00
3	3	0.03	0.09	25.87	30.50	0.00
3	7	0.00	1.24	22.91	28.70	0.00
Core	CPU	C1%	C3%	C6%	C8%	C9%
-	-	0.06	2.90	14.80	16.26	0.10
0	0	0.03	7.32	12.65	4.96	0.09
0	4	0.00	0.32	15.14	18.85	0.00
1	1	0.00	0.25	15.31	16.74	0.00
1	5	0.00	0.18	15.31	16.37	0.00
2	2	0.00	1.29	17.39	22.02	0.00
2	6	0.45	13.33	9.80	7.37	0.00
3	3	0.00	0.23	16.29	26.01	0.00
3	7	0.00	0.30	16.58	17.81	0.71
Core	CPU	C1%	C3%	C6%	C8%	C9%
-	-	0.02	3.57	21.90	22.17	0.00
0	0	0.01	6.05	25.48	12.69	0.00
0	4	0.03	20.11	12.90	4.94	0.00
1	1	0.00	0.15	21.50	21.45	0.00
1	5	0.00	0.22	21.76	20.37	0.00
2	2	0.10	0.20	24.00	31.57	0.00
2	6	0.00	0.21	23.26	35.77	0.00
3	3	0.00	0.23	22.26	22.16	0.00
3	7	0.01	1.42	24.32	28.65	0.00
Core	CPU	C1%	C3%	C6%	C8%	C9%
-	-	0.12	3.37	21.94	22.31	0.01
0	0	0.01	0.22	28.00	24.15	0.00
0	4	0.01	0.15	20.51	31.21	0.00
1	1	0.00	0.25	22.32	23.57	0.00
1	5	0.00	0.30	25.37	24.40	0.00
2	2	0.00	0.28	25.84	25.73	0.00
2	6	0.00	0.28	21.57	27.64	0.00
3	3	0.90	25.19	7.16	0.59	0.09
3	7	0.00	0.28	24.83	21.27	0.00
Core	CPU	C1%	C3%	C6%	C8%	C9%
-	-	0.07	3.42	21.64	23.27	0.00
0	0	0.00	5.52	23.92	13.13	0.00
0	4	0.01	1.18	21.68	23.82	0.00
1	1	0.00	0.22	24.68	23.25	0.00
1	5	0.00	0.26	24.16	28.10	0.00
2	2	0.00	0.26	23.48	39.66	0.00
2	6	0.00	0.17	17.89	25.84	0.00
3	3	0.55	18.28	11.90	7.49	0.00
3	7	0.01	1.43	24.98	24.41	0.00
Core	CPU	C1%	C3%	C6%	C8%	C9%
-	-	0.09	3.81	21.59	22.53	0.01
0	0	0.02	9.76	22.09	22.36	0.05
0	4	0.09	4.56	20.89	20.81	0.00
1	1	0.42	12.23	16.72	11.83	0.00
1	5	0.08	2.19	23.88	29.71	0.00
2	2	0.00	0.20	22.38	30.62	0.00
2	6	0.12	0.11	20.58	24.08	0.00
3	3	0.01	1.25	22.46	21.15	0.00
3	7	0.01	0.15	23.69	19.73	0.00
Core	CPU	C1%	C3%	C6%	C8%	C9%
-	-	0.06	2.51	15.25	17.29	0.04
0	0	0.00	0.75	20.28	9.41	0.30
0	4	0.00	0.06	15.81	19.11	0.00
1	1	0.00	1.55	16.69	19.47	0.00
1	5	0.00	0.05	15.21	29.24	0.00
2	2	0.00	0.06	15.98	15.41	0.00
2	6	0.00	0.11	14.22	18.71	0.00
3	3	0.49	17.29	5.51	1.10	0.00
3	7	0.01	0.17	18.35	25.92	0.00
Core	CPU	C1%	C3%	C6%	C8%	C9%
-	-	0.16	3.84	21.23	21.73	0.00
0	0	0.01	1.29	27.26	15.34	0.03
0	4	0.00	0.23	23.54	21.65	0.00
1	1	0.10	3.17	22.06	33.59	0.00
1	5	0.07	0.84	19.04	23.26	0.00
2	2	0.63	18.57	12.79	7.20	0.00
2	6	0.28	4.66	20.86	23.05	0.00
3	3	0.11	0.23	23.44	24.18	0.00
3	7	0.07	1.75	20.83	25.54	0.00
Core	CPU	C1%	C3%	C6%	C8%	C9%
-	-	0.03	3.82	21.92	23.77	0.00
0	0	0.03	11.78	20.44	9.07	0.00
0	4	0.01	6.76	23.13	17.69	0.00
1	1	0.00	1.57	24.06	41.74	0.00
1	5	0.00	0.31	20.68	20.43	0.00
2	2	0.10	5.37	20.62	27.28	0.00
2	6	0.11	4.24	21.79	22.19	0.00
3	3	0.00	0.23	20.58	25.78	0.00
3	7	0.00	0.30	24.04	26.01	0.00
Core	CPU	C1%	C3%	C6%	C8%	C9%
-	-	0.19	3.50	21.53	21.68	0.06
0	0	0.14	4.17	28.49	21.24	0.00
0	4	0.22	9.88	18.66	11.24	0.12
1	1	0.47	10.93	14.77	11.30	0.38
1	5	0.00	0.23	21.52	25.86	0.00
2	2	0.00	0.22	25.45	27.47	0.00
2	6	0.01	0.16	19.15	23.31	0.00
3	3	0.57	2.15	21.21	25.08	0.00
3	7	0.14	0.25	23.00	27.92	0.00
Core	CPU	C1%	C3%	C6%	C8%	C9%
-	-	0.02	3.67	21.56	23.89	0.00
0	0	0.11	18.58	17.06	4.54	0.00
0	4	0.00	3.94	25.42	24.13	0.00
1	1	0.05	3.64	20.58	27.83	0.00
1	5	0.00	0.19	18.70	23.03	0.00
2	2	0.00	0.16	22.33	31.33	0.00
2	6	0.03	0.23	22.85	23.17	0.00
3	3	0.00	0.20	22.99	32.32	0.00
3	7	0.00	2.42	22.52	24.78	0.03
Core	CPU	C1%	C3%	C6%	C8%	C9%
-	-	0.08	2.54	16.14	16.75	0.06
0	0	0.01	0.31	18.70	13.47	0.00
0	4	0.00	0.04	17.01	21.36	0.00
1	1	0.28	8.77	12.10	10.75	0.00
1	5	0.35	10.76	11.27	9.24	0.34
2	2	0.00	0.12	16.66	17.03	0.10
2	6	0.00	0.12	17.89	21.60	0.00
3	3	0.00	0.08	17.95	24.63	0.00
3	7	0.01	0.10	17.57	15.89	0.00
Core	CPU	C1%	C3%	C6%	C8%	C9%
-	-	0.20	3.62	21.34	23.48	0.17
0	0	0.02	0.97	25.44	22.03	1.39
0	4	0.00	0.11	21.97	35.53	0.00
1	1	1.25	21.17	11.02	3.88	0.00
1	5	0.17	3.43	23.20	24.00	0.00
2	2	0.16	2.22	20.46	22.89	0.00
2	6	0.00	0.19	22.47	35.40	0.00
3	3	0.00	0.19	24.88	23.66	0.00
3	7	0.00	0.69	21.27	20.44	0.00
Core	CPU	C1%	C3%	C6%	C8%	C9%
-	-	0.05	3.45	21.11	23.73	0.08
0	0	0.01	16.08	18.91	6.63	0.66
0	4	0.00	1.22	24.91	23.30	0.00
1	1	0.08	3.32	19.56	26.92	0.00
1	5	0.21	5.35	18.58	30.92	0.00
2	2	0.00	0.11	23.27	23.06	0.00
2	6	0.00	0.17	21.77	28.53	0.00
3	3	0.00	0.10	20.35	25.94	0.00
3	7	0.09	1.22	21.52	24.52	0.00
Core	CPU	C1%	C3%	C6%	C8%	C9%
-	-	0.08	3.73	23.65	21.93	0.00
0	0	0.06	12.83	24.66	15.92	0.00
0	4	0.01	5.62	23.30	14.59	0.00
1	1	0.09	2.16	23.21	30.80	0.00
1	5	0.48	6.33	17.90	13.64	0.00
2	2	0.01	0.94	22.43	19.87	0.00
2	6	0.01	0.20	24.31	22.51	0.00
3	3	0.01	0.25	24.56	26.84	0.00
3	7	0.01	1.54	28.87	31.30	0.00
Core	CPU	C1%	C3%	C6%	C8%	C9%
-	-	0.05	3.84	22.62	22.17	0.01
0	0	0.02	17.89	21.32	12.70	0.00
0	4	0.01	3.58	23.66	24.11	0.00
1	1	0.28	5.51	20.31	27.70	0.06
1	5	0.00	0.26	21.46	29.54	0.00
2	2	0.00	0.23	24.32	19.42	0.00
2	6	0.00	0.30	22.78	20.47	0.00
3	3	0.08	2.67	24.11	18.56	0.00
3	7	0.00	0.24	23.02	24.88	0.00
Core	CPU	C1%	C3%	C6%	C8%	C9%
-	-	0.08	1.95	25.40	26.67	0.01
0	0	0.13	5.82	25.49	16.43	0.00
0	4	0.03	1.33	24.27	22.71	0.00
1	1	0.30	5.52	22.58	26.05	0.00
1	5	0.00	0.15	26.96	35.84	0.00
2	2	0.00	0.04	26.15	34.68	0.00
2	6	0.00	0.05	27.37	26.66	0.11
3	3	0.19	1.09	22.45	23.77	0.00
3	7	0.00	1.59	27.90	27.20	0.00
Core	CPU	C1%	C3%	C6%	C8%	C9%
-	-	0.10	3.52	21.76	22.03	0.02
0	0	0.00	0.18	26.61	16.61	0.01
0	4	0.00	0.11	21.43	26.07	0.00
1	1	0.17	4.53	20.65	18.59	0.00
1	5	0.11	4.66	23.51	22.24	0.00
2	2	0.17	3.94	18.91	18.98	0.00
2	6	0.01	0.11	22.66	34.65	0.05
3	3	0.36	14.34	13.96	13.36	0.07
3	7	0.00	0.27	26.35	25.70	0.00
Core	CPU	C1%	C3%	C6%	C8%	C9%
-	-	0.16	3.65	20.88	22.82	0.06
0	0	0.00	0.27	26.83	23.43	0.00
0	4	0.00	0.14	20.71	25.55	0.00
1	1	0.00	0.10	19.81	24.36	0.00
1	5	0.00	0.12	20.33	20.82	0.00
2	2	0.43	13.95	15.53	12.69	0.14
2	6	0.23	6.86	22.63	22.34	0.35
3	3	0.63	6.42	18.29	25.74	0.00
3	7	0.00	1.34	23.00	27.72	0.00
Core	CPU	C1%	C3%	C6%	C8%	C9%
-	-	0.03	3.46	21.48	23.51	0.23
0	0	0.02	1.28	24.70	15.88	0.00
0	4	0.10	23.79	10.96	5.30	0.57
1	1	0.00	0.24	22.49	30.20	0.00
1	5	0.00	0.18	22.19	24.64	0.00
2	2	0.12	1.43	19.98	31.68	0.00
2	6	0.00	0.21	23.44	27.88	0.00
3	3	0.00	0.27	23.19	23.10	1.26
3	7	0.00	0.30	24.83	29.34	0.00
Core	CPU	C1%	C3%	C6%	C8%	C9%
-	-	0.12	3.71	22.01	22.02	0.01
0	0	0.01	8.27	23.83	16.73	0.00
0	4	0.14	6.95	19.57	22.47	0.00
1	1	0.00	0.21	22.94	25.71	0.00
1	5	0.00	0.26	23.58	20.19	0.00
2	2	0.34	5.83	19.73	13.90	0.00
2	6	0.46	6.82	19.01	15.58	0.11
3	3	0.00	0.13	22.20	19.62	0.00
3	7	0.00	1.17	25.24	41.97	0.00
Core	CPU	C1%	C3%	C6%	C8%	C9%
-	-	0.06	2.83	15.95	15.91	0.12
0	0	0.01	9.49	14.19	11.03	0.00
0	4	0.00	1.11	15.38	16.37	0.00
1	1	0.00	0.23	19.11	26.14	0.00
1	5	0.44	9.29	11.10	8.49	0.00
2	2	0.00	0.96	15.74	20.07	0.00
2	6	0.00	0.19	16.23	15.16	0.00
3	3	0.00	0.13	16.96	14.31	0.00
3	7	0.00	1.23	18.93	15.69	0.94
Core	CPU	C1%	C3%	C6%	C8%	C9%
-	-	0.02	3.10	21.53	22.39	0.09
0	0	0.01	4.59	23.97	11.36	0.25
0	4	0.08	18.28	11.99	7.67	0.47
1	1	0.00	0.21	23.03	47.08	0.00
1	5	0.00	0.13	23.95	23.49	0.00
2	2	0.00	0.25	23.39	20.60	0.00
2	6	0.00	0.20	21.85	22.96	0.00
3	3	0.01	0.79	21.69	22.42	0.00
3	7	0.05	0.31	22.37	23.50	0.00
Core	CPU	C1%	C3%	C6%	C8%	C9%
-	-	0.06	3.78	20.78	22.55	0.00
0	0	0.02	18.16	15.55	2.09	0.00
0	4	0.00	0.23	22.99	25.11	0.00
1	1	0.00	0.11	20.97	27.93	0.00
1	5	0.00	0.12	20.82	17.17	0.00
2	2	0.46	10.03	16.62	17.12	0.00
2	6	0.01	0.10	21.17	34.73	0.00
3	3	0.00	0.16	23.93	26.48	0.00
3	7	0.00	1.35	24.17	29.81	0.00
Core	CPU	C1%	C3%	C6%	C8%	C9%
-	-	0.16	3.39	22.04	23.79	0.00
0	0	0.01	2.42	27.18	22.08	0.00
0	4	0.11	0.24	24.62	27.95	0.00
1	1	0.00	2.31	22.79	20.27	0.00
1	5	0.45	7.35	19.31	20.31	0.00
2	2	0.32	3.71	18.71	21.23	0.00
2	6	0.26	1.46	21.45	26.99	0.00
3	3	0.11	8.54	17.85	19.65	0.00
3	7	0.00	1.13	24.38	31.87	0.00
Core	CPU	C1%	C3%	C6%	C8%	C9%
-	-	0.02	3.71	22.88	21.21	0.18
0	0	0.01	5.76	27.89	15.24	0.00
0	4	0.01	19.23	15.22	10.11	0.00
1	1	0.00	0.22	24.87	22.00	0.00
1	5	0.00	0.20	22.76	18.87	0.00
2	2	0.00	0.16	25.15	25.33	0.00
2	6	0.00	0.19	21.76	20.59	0.00
3	3	0.16	2.78	22.51	29.12	0.90
3	7	0.01	1.19	22.88	28.43	0.53
Core	CPU	C1%	C3%	C6%	C8%	C9%
-	-	0.07	3.05	15.77	16.70	0.07
0	0	0.01	1.27	16.28	9.90	0.00
0	4	0.00	1.74	17.33	17.03	0.00
1	1	0.37	17.38	8.62	5.26	0.00
1	5	0.04	3.47	14.61	19.43	0.00
2	2	0.00	0.12	17.61	17.77	0.00
2	6	0.10	0.13	17.40	23.28	0.00
3	3	0.00	0.11	17.07	24.01	0.00
3	7	0.00	0.15	17.24	16.95	0.58
Core	CPU	C1%	C3%	C6%	C8%	C9%
-	-	0.18	3.62	22.78	22.88	0.20
0	0	0.11	0.40	28.07	25.56	1.41
0	4	0.20	0.24	25.64	22.40	0.00
1	1	0.77	19.28	12.52	6.80	0.05
1	5	0.19	7.75	18.93	17.81	0.00
2	2	0.00	0.23	21.89	30.10	0.00
2	6	0.16	0.15	24.14	30.23	0.12
3	3	0.00	0.61	24.85	24.34	0.00
3	7	0.00	0.28	26.16	25.80	0.00
Core	CPU	C1%	C3%	C6%	C8%	C9%
-	-	0.06	3.65	20.73	21.64	0.23
0	0	0.01	7.84	22.82	10.97	1.41
0	4	0.01	13.12	16.22	21.77	0.36
1	1	0.42	6.50	18.40	16.96	0.00
1	5	0.00	0.13	21.49	25.09	0.00
2	2	0.00	0.13	22.64	23.41	0.00
2	6	0.01	0.10	24.17	31.38	0.05
3	3	0.00	0.11	18.55	24.87	0.00
3	7	0.00	1.31	21.64	18.66	0.00
Core	CPU	C1%	C3%	C6%	C8%	C9%
-	-	0.05	3.48	20.73	24.59	0.20
0	0	0.01	13.44	18.82	15.07	0.00
0	4	0.01	4.87	19.89	21.23	0.00
1	1	0.00	0.23	23.02	21.27	0.00
1	5	0.00	0.23	21.78	29.81	0.00
2	2	0.00	0.32	19.47	28.83	0.00
2	6	0.00	0.25	21.97	26.60	0.00
3	3	0.27	7.97	17.79	15.27	1.63
3	7	0.09	0.46	23.05	38.63	0.00
Core	CPU	C1%	C3%	C6%	C8%	C9%
-	-	0.12	3.77	21.39	22.96	0.01
0	0	0.01	5.35	24.85	11.86	0.00
0	4	0.26	10.95	16.11	16.87	0.10
1	1	0.00	0.15	24.01	22.61	0.00
1	5	0.00	0.23	21.31	19.62	0.00
2	2	0.43	6.80	19.97	16.71	0.00
2	6	0.12	3.92	19.69	19.39	0.00
3	3	0.13	2.54	22.51	47.84	0.00
3	7	0.00	0.23	22.72	28.83	0.00
Core	CPU	C1%	C3%	C6%	C8%	C9%
-	-	0.02	3.42	15.42	15.82	0.00
0	0	0.01	14.71	12.96	4.35	0.00
0	4	0.01	9.42	13.56	9.74	0.00
1	1	0.00	0.18	16.04	12.76	0.00
1	5	0.10	0.17	15.74	15.20	0.00
2	2	0.00	0.24	16.21	22.07	0.00
2	6	0.00	0.21	16.73	14.07	0.00
3	3	0.00	0.18	16.87	33.00	0.00
3	7	0.00	2.31	15.52	15.62	0.00
Core	CPU	C1%	C3%	C6%	C8%	C9%
-	-	0.09	3.38	20.51	24.70	0.19
0	0	0.01	9.27	20.34	13.46	1.39
0	4	0.00	0.37	20.90	42.16	0.00
1	1	0.01	0.12	22.13	25.08	0.00
1	5	0.01	0.12	18.54	23.15	0.00
2	2	0.01	0.14	20.70	27.65	0.00
2	6	0.01	0.16	22.02	27.92	0.00
3	3	0.68	15.17	13.54	8.02	0.10
3	7	0.01	1.66	25.56	29.77	0.00
Core	CPU	C1%	C3%	C6%	C8%	C9%
-	-	0.10	3.43	21.01	21.86	0.01
0	0	0.00	2.76	25.00	12.00	0.00
0	4	0.01	1.82	23.51	30.99	0.00
1	1	0.03	2.91	20.87	23.44	0.00
1	5	0.14	5.15	19.78	18.98	0.00
2	2	0.01	0.12	20.32	29.40	0.00
2	6	0.00	0.12	20.50	19.83	0.07
3	3	0.57	12.19	15.34	14.27	0.00
3	7	0.06	2.33	22.78	25.95	0.00
Core	CPU	C1%	C3%	C6%	C8%	C9%
-	-	0.00	3.56	22.42	22.82	0.00
0	0	0.01	19.13	13.34	3.36	0.00
0	4	0.00	8.06	21.20	27.63	0.00
1	1	0.00	0.18	25.41	29.20	0.00
1	5	0.00	0.17	22.47	20.05	0.00
2	2	0.00	0.20	24.41	29.23	0.00
2	6	0.00	0.20	23.61	20.20	0.00
3	3	0.00	0.24	24.78	24.70	0.00
3	7	0.00	0.31	24.13	28.21	0.00
Core	CPU	C1%	C3%	C6%	C8%	C9%
-	-	0.07	3.90	20.00	23.88	0.00
0	0	0.03	23.65	11.83	7.71	0.00
0	4	0.00	0.26	22.12	27.12	0.00
1	1	0.26	3.15	18.67	21.88	0.00
1	5	0.00	0.16	21.77	29.59	0.00
2	2	0.14	0.17	23.54	26.51	0.00
2	6	0.15	3.45	20.11	26.79	0.00
3	3	0.00	0.18	19.47	24.28	0.00
3	7	0.00	0.28	22.56	27.31	0.00
Core	CPU	C1%	C3%	C6%	C8%	C9%
-	-	0.09	2.91	16.73	16.61	0.02
0	0	0.01	3.82	18.91	7.47	0.00
0	4	0.00	0.12	16.90	16.58	0.00
1	1	0.22	5.87	15.71	12.11	0.00
1	5	0.48	12.78	10.55	5.57	0.15
2	2	0.01	0.20	17.74	25.90	0.00
2	6	0.01	0.10	17.90	25.11	0.00
3	3	0.00	0.14	19.12	21.67	0.00
3	7	0.00	0.19	16.88	18.42	0.00
Core	CPU	C1%	C3%	C6%	C8%	C9%
-	-	0.08	3.35	20.93	21.82	0.15
0	0	0.00	6.14	24.12	11.62	0.00
0	4	0.18	6.28	19.09	14.73	0.00
1	1	0.11	4.20	18.93	23.47	0.00
1	5	0.30	6.88	18.94	17.68	0.00
2	2	0.01	0.18	22.88	30.62	0.00
2	6	0.01	0.15	21.31	27.93	0.07
3	3	0.01	2.83	20.25	24.42	0.00
3	7	0.00	0.16	21.87	24.12	1.10
Core	CPU	C1%	C3%	C6%	C8%	C9%
-	-	0.14	3.65	20.70	22.49	0.00
0	0	0.00	0.26	26.19	19.63	0.00
0	4	0.00	0.21	21.42	23.40	0.00
1	1	0.00	0.22	19.69	43.61	0.00
1	5	0.00	0.18	22.67	20.83	0.00
2	2	0.00	0.31	22.67	21.32	0.00
2	6	0.00	0.19	22.82	28.40	0.00
3	3	1.07	27.62	5.92	0.00	0.00
3	7	0.00	0.24	24.26	22.75	0.02
Core	CPU	C1%	C3%	C6%	C8%	C9%
-	-	0.04	3.60	21.56	24.46	0.03
0	0	0.01	17.24	16.01	11.18	0.06
0	4	0.01	2.44	21.31	26.13	0.00
1	1	0.00	0.26	24.05	32.58	0.00
1	5	0.00	0.29	21.43	37.49	0.00
2	2	0.00	0.31	22.74	21.11	0.00
2	6	0.00	0.31	22.22	24.69	0.17
3	3	0.29	6.92	19.11	15.68	0.00
3	7	0.00	1.13	25.70	26.87	0.00
Core	CPU	C1%	C3%	C6%	C8%	C9%
-	-	0.11	3.88	21.88	21.02	0.00
0	0	0.01	2.49	24.98	14.25	0.00
0	4	0.00	0.23	24.70	20.99	0.00
1	1	0.76	27.00	6.62	4.37	0.00
1	5	0.00	0.26	22.71	22.84	0.00
2	2	0.00	0.24	23.03	33.49	0.00
2	6	0.00	0.27	23.82	20.58	0.00
3	3	0.00	0.22	24.09	22.55	0.00
3	7	0.11	0.34	25.02	29.02	0.00
Core	CPU	C1%	C3%	C6%	C8%	C9%
-	-	0.10	3.07	16.46	17.00	0.31
0	0	0.20	2.54	19.94	12.13	0.00
0	4	0.00	0.10	17.40	13.55	0.00
1	1	0.49	16.23	8.18	5.52	2.48
1	5	0.10	4.02	16.61	15.88	0.00
2	2	0.00	0.13	18.95	27.86	0.00
2	6	0.00	0.09	16.39	21.93	0.00
3	3	0.00	0.11	16.61	17.99	0.00
3	7	0.00	1.33	17.58	21.13	0.00
Core	CPU	C1%	C3%	C6%	C8%	C9%
-	-	0.13	3.05	20.19	22.34	0.15
0	0	0.01	1.28	25.24	13.40	0.00
0	4	0.00	0.12	21.21	35.58	0.00
1	1	0.18	5.16	19.87	17.84	0.00
1	5	0.77	15.97	11.90	6.64	0.00
2	2	0.12	0.12	20.34	21.91	0.00
2	6	0.00	0.15	19.82	23.65	0.08
3	3	0.00	0.22	24.53	37.26	0.00
3	7	0.00	1.38	18.65	22.42	1.14
Core	CPU	C1%	C3%	C6%	C8%	C9%
-	-	0.07	3.78	21.06	22.85	0.03
0	0	0.02	9.02	24.04	8.62	0.00
0	4	0.01	4.19	21.39	19.36	0.00
1	1	0.00	0.15	20.53	23.70	0.00
1	5	0.00	0.16	20.62	28.95	0.00
2	2	0.12	4.57	21.84	17.50	0.00
2	6	0.42	11.68	16.40	17.55	0.21
3	3	0.00	0.19	22.60	41.43	0.00
3	7	0.00	0.28	21.11	25.72	0.00
Core	CPU	C1%	C3%	C6%	C8%	C9%
-	-	0.13	3.44	21.31	23.28	0.00
0	0	0.01	3.17	25.54	25.81	0.00
0	4	0.00	0.20	21.46	26.83	0.00
1	1	0.18	4.19	20.99	20.20	0.00
1	5	0.80	16.82	13.33	13.33	0.00
2	2	0.07	2.36	20.23	26.95	0.00
2	6	0.00	0.23	22.04	26.37	0.00
3	3	0.00	0.23	23.51	25.45	0.00
3	7	0.00	0.31	23.40	21.28	0.00
Core	CPU	C1%	C3%	C6%	C8%	C9%
-	-	0.08	3.39	21.19	23.06	0.07
0	0	0.01	5.50	22.69	15.14	0.47
0	4	0.00	1.95	22.17	18.31	0.00
1	1	0.20	10.05	18.28	13.98	0.00
1	5	0.33	7.68	19.74	18.30	0.00
2	2	0.08	1.20	21.83	30.23	0.00
2	6	0.00	0.23	19.67	38.79	0.10
3	3	0.00	0.15	20.75	25.34	0.00
3	7	0.00	0.34	24.39	24.33	0.00
Core	CPU	C1%	C3%	C6%	C8%	C9%
-	-	0.12	3.03	17.58	15.82	0.24
0	0	0.01	1.30	20.78	8.93	0.00
0	4	0.10	0.62	18.15	11.51	0.00
1	1	0.13	2.33	18.03	15.50	0.00
1	5	0.55	14.98	9.12	5.23	1.31
2	2	0.14	4.53	16.63	29.22	0.00
2	6	0.00	0.22	20.07	17.66	0.00
3	3	0.00	0.19	19.31	21.33	0.64
3	7	0.00	0.18	19.20	17.75	0.00
Core	CPU	C1%	C3%	C6%	C8%	C9%
-	-	0.01	3.59	19.67	22.45	0.29
0	0	0.01	20.50	12.56	2.49	0.90
0	4	0.02	4.15	19.41	15.62	0.15
1	1	0.00	0.16	19.79	30.72	1.22
1	5	0.01	0.11	20.45	32.44	0.00
2	2	0.05	1.75	21.78	29.26	0.00
2	6	0.00	0.23	21.33	19.94	0.05
3	3	0.00	0.18	20.99	25.24	0.00
3	7	0.00	1.49	20.32	23.11	0.00
Core	CPU	C1%	C3%	C6%	C8%	C9%
-	-	0.13	3.61	21.97	21.64	0.16
0	0	0.00	1.37	27.29	14.82	0.01
0	4	0.01	2.84	21.37	25.81	0.00
1	1	0.00	0.17	22.02	33.75	0.00
1	5	1.04	23.74	8.87	8.15	0.00
2	2	0.00	0.16	24.32	20.59	0.00
2	6	0.01	0.15	23.32	24.91	0.00
3	3	0.00	0.23	23.70	23.63	1.30
3	7	0.00	0.24	24.86	21.46	0.00
Core	CPU	C1%	C3%	C6%	C8%	C9%
-	-	0.12	3.32	22.54	22.33	0.13
0	0	0.20	3.74	25.97	17.67	0.00
0	4	0.00	2.41	24.88	18.42	0.00
1	1	0.12	1.72	22.98	29.42	1.05
1	5	0.29	5.23	18.88	25.61	0.00
2	2	0.00	0.30	23.42	26.26	0.00
2	6	0.00	0.19	22.65	25.52	0.00
3	3	0.34	11.69	17.31	10.87	0.00
3	7	0.00	1.34	24.60	25.30	0.00
Core	CPU	C1%	C3%	C6%	C8%	C9%
-	-	0.10	3.61	20.93	21.64	0.00
0	0	0.01	5.71	23.27	15.44	0.00
0	4	0.00	0.22	23.10	21.45	0.00
1	1	0.00	1.75	20.07	20.79	0.00
1	5	0.36	5.77	18.59	21.78	0.00
2	2	0.00	0.16	22.52	35.55	0.00
2	6	0.00	0.21	20.47	20.20	0.00
3	3	0.39	14.77	14.34	11.34	0.00
3	7	0.01	0.27	24.75	26.16	0.00
Core	CPU	C1%	C3%	C6%	C8%	C9%
-	-	0.08	3.21	18.30	18.78	0.48
0	0	0.01	4.18	19.68	11.71	0.00
0	4	0.00	0.23	20.92	15.06	0.00
1	1	0.62	18.62	7.50	3.52	2.36
1	5	0.00	0.08	18.93	24.15	0.52
2	2	0.00	0.23	18.78	17.39	1.01
2	6	0.00	0.28	17.40	17.06	0.00
3	3	0.01	0.24	20.76	33.11	0.00
3	7	0.02	1.85	22.45	28.21	0.00
Core	CPU	C1%	C3%	C6%	C8%	C9%
-	-	0.08	3.09	20.31	20.20	0.01
0	0	0.02	6.66	19.93	14.66	0.00
0	4	0.00	0.42	19.87	27.80	0.00
1	1	0.28	9.45	17.44	11.01	0.00
1	5	0.33	6.07	19.93	18.89	0.05
2	2	0.03	0.26	21.03	22.03	0.00
2	6	0.01	0.20	21.46	19.59	0.05
3	3	0.00	0.26	21.98	23.12	0.00
3	7	0.00	1.48	21.29	24.88	0.00
Core	CPU	C1%	C3%	C6%	C8%	C9%
-	-	0.08	3.77	22.07	23.40	0.17
0	0	0.01	10.98	23.20	22.07	1.38
0	4	0.02	2.70	21.78	22.02	0.00
1	1	0.00	0.21	24.28	23.90	0.00
1	5	0.46	13.09	14.20	26.68	0.00
2	2	0.00	0.20	20.68	25.25	0.00
2	6	0.00	0.20	23.52	21.96	0.00
3	3	0.00	1.21	23.14	25.85	0.00
3	7	0.17	1.47	25.35	18.95	0.00
Core	CPU	C1%	C3%	C6%	C8%	C9%
-	-	0.13	3.54	21.45	21.41	0.11
0	0	0.01	2.62	26.36	31.40	0.00
0	4	0.00	4.06	20.98	18.87	0.00
1	1	0.24	7.51	20.41	18.68	0.00
1	5	0.73	12.26	13.37	10.39	0.00
2	2	0.02	0.26	21.90	22.80	0.84
2	6	0.00	0.25	21.28	23.86	0.05
3	3	0.00	1.22	22.63	25.97	0.00
3	7	0.00	0.19	24.79	19.46	0.00
Core	CPU	C1%	C3%	C6%	C8%	C9%
-	-	0.10	3.51	20.58	23.08	0.01
0	0	0.01	6.71	22.92	15.51	0.00
0	4	0.00	0.20	23.05	30.61	0.00
1	1	0.59	15.99	13.12	9.68	0.12
1	5	0.07	1.36	21.02	21.56	0.00
2	2	0.00	0.12	19.94	24.16	0.00
2	6	0.00	0.13	21.02	30.34	0.00
3	3	0.12	2.26	20.62	30.95	0.00
3	7	0.00	1.25	22.85	21.73	0.00
Core	CPU	C1%	C3%	C6%	C8%	C9%
-	-	0.01	3.35	17.39	18.25	0.00
0	0	0.00	0.73	21.53	13.77	0.00
0	4	0.05	25.19	6.49	1.89	0.00
1	1	0.00	0.15	18.75	28.17	0.00
1	5	0.00	0.16	17.84	24.43	0.00
2	2	0.00	0.15	19.17	25.34	0.00
2	6	0.00	0.12	19.78	16.92	0.00
3	3	0.01	0.14	17.21	19.32	0.00
3	7	0.01	0.15	18.37	16.19	0.00
Core	CPU	C1%	C3%	C6%	C8%	C9%
-	-	0.19	3.27	19.14	22.31	0.09
0	0	0.01	1.01	22.16	19.40	0.00
0	4	0.01	2.30	19.87	20.98	0.75
1	1	0.08	2.64	20.92	24.38	0.00
1	5	0.00	0.08	20.64	31.86	0.00
2	2	0.59	16.23	12.33	9.47	0.00
2	6	0.00	0.16	19.22	23.15	0.00
3	3	0.79	0.21	20.31	25.78	0.00
3	7	0.00	3.50	17.76	23.60	0.00
Core	CPU	C1%	C3%	C6%	C8%	C9%
-	-	0.10	3.72	21.04	21.76	0.17
0	0	0.00	5.09	27.00	13.06	1.39
0	4	0.00	1.27	23.72	30.63	0.00
1	1	0.00	0.16	20.49	19.19	0.00
1	5	0.00	0.15	18.63	28.39	0.00
2	2	0.46	9.07	17.87	15.36	0.00
2	6	0.30	13.55	15.65	12.99	0.00
3	3	0.00	0.24	21.86	32.12	0.00
3	7	0.00	0.23	23.03	22.23	0.00
Core	CPU	C1%	C3%	C6%	C8%	C9%
-	-	0.02	3.32	21.55	21.55	0.10
0	0	0.02	18.22	14.75	4.80	0.12
0	4	0.00	3.54	22.98	22.27	0.00
1	1	0.00	0.19	21.68	26.44	0.72
1	5	0.00	0.19	21.42	26.33	0.00
2	2	0.11	2.71	21.48	23.33	0.00
2	6	0.00	0.16	20.90	18.91	0.00
3	3	0.00	0.21	26.49	28.64	0.00
3	7	0.00	1.43	23.38	22.39	0.00
Core	CPU	C1%	C3%	C6%	C8%	C9%
-	-	0.07	3.57	21.53	23.92	0.01
0	0	0.01	16.10	18.01	7.20	0.00
0	4	0.00	0.20	23.62	23.00	0.00
1	1	0.01	0.15	20.93	30.52	0.00
1	5	0.00	0.18	21.56	25.37	0.00
2	2	0.00	0.24	23.29	28.88	0.00
2	6	0.42	9.86	17.54	25.40	0.00
3	3	0.00	0.24	24.43	22.89	0.00
3	7	0.10	1.49	22.13	27.31	0.10
Core	CPU	C1%	C3%	C6%	C8%	C9%
-	-	0.03	3.14	17.65	21.62	0.27
0	0	0.10	15.19	14.69	5.83	0.00
0	4	0.00	3.40	18.61	17.04	2.18
1	1	0.00	0.09	19.01	24.21	0.00
1	5	0.00	0.05	16.87	34.61	0.00
2	2	0.00	1.97	19.89	26.23	0.00
2	6	0.11	2.98	16.99	19.47	0.00
3	3	0.00	0.10	17.63	26.07	0.00
3	7	0.00	1.34	17.56	19.53	0.00
Core	CPU	C1%	C3%	C6%	C8%	C9%
-	-	0.04	3.02	19.94	22.17	0.15
0	0	0.11	14.24	16.44	2.93	0.47
0	4	0.18	8.84	17.17	15.66	0.00
1	1	0.00	0.27	22.57	34.47	0.70
1	5	0.00	0.11	19.22	32.09	0.00
2	2	0.00	0.08	20.31	21.30	0.00
2	6	0.00	0.06	19.69	25.12	0.00
3	3	0.00	0.43	23.95	22.47	0.00
3	7	0.00	0.12	20.14	23.33	0.00
Core	CPU	C1%	C3%	C6%	C8%	C9%
-	-	0.04	3.68	21.86	22.40	0.00
0	0	0.01	11.64	23.15	18.49	0.00
0	4	0.01	0.10	23.62	18.37	0.00
1	1	0.00	0.11	22.42	28.87	0.00
1	5	0.00	0.10	22.31	23.59	0.00
2	2	0.00	3.43	21.95	16.10	0.00
2	6	0.00	0.18	21.37	31.32	0.00
3	3	0.21	11.33	17.23	15.02	0.02
3	7	0.06	2.52	22.83	27.45	0.00
Core	CPU	C1%	C3%	C6%	C8%	C9%
-	-	0.06	3.60	23.82	23.48	0.01
0	0	0.01	9.68	23.52	9.26	0.00
0	4	0.02	1.30	27.39	30.44	0.01
1	1	0.44	13.74	16.04	11.52	0.00
1	5	0.01	0.43	25.04	21.98	0.00
2	2	0.00	1.90	23.70	24.27	0.00
2	6	0.00	0.15	23.57	21.37	0.06
3	3	0.00	0.19	25.44	29.11	0.00
3	7	0.01	1.41	25.89	39.90	0.00
Core	CPU	C1%	C3%	C6%	C8%	C9%
-	-	0.12	3.46	21.00	22.84	0.00
0	0	0.00	1.95	24.53	19.99	0.01
0	4	0.00	0.17	22.98	21.34	0.00
1	1	0.35	7.65	18.39	20.30	0.00
1	5	0.27	5.24	20.55	19.18	0.00
2	2	0.28	10.22	17.20	12.83	0.00
2	6	0.00	0.12	22.03	22.74	0.00
3	3	0.05	2.22	19.65	30.07	0.00
3	7	0.00	0.12	22.64	36.24	0.00
Core	CPU	C1%	C3%	C6%	C8%	C9%
-	-	0.22	2.61	24.42	25.43	0.01
0	0	0.01	0.42	31.92	19.82	0.00
0	4	0.00	0.38	28.00	28.04	0.00
1	1	0.01	0.26	25.54	34.47	0.00
1	5	0.01	0.22	24.49	31.38	0.00
2	2	0.94	3.00	17.62	15.66	0.00
2	6	0.31	0.94	25.06	22.12	0.06
3	3	0.49	15.32	15.20	14.79	0.00
3	7	0.00	0.36	27.57	37.20	0.00
Core	CPU	C1%	C3%	C6%	C8%	C9%
-	-	0.06	2.85	22.74	23.68	0.00
0	0	0.01	6.76	21.64	7.48	0.00
0	4	0.00	4.06	23.26	16.84	0.00
1	1	0.01	0.21	23.14	41.02	0.00
1	5	0.00	0.19	23.06	39.41	0.00
2	2	0.16	6.06	20.17	16.49	0.00
2	6	0.26	5.15	21.15	24.78	0.00
3	3	0.00	0.18	24.32	21.10	0.00
3	7	0.00	0.17	25.21	22.33	0.00
Core	CPU	C1%	C3%	C6%	C8%	C9%
-	-	0.04	3.50	21.15	23.48	0.00
0	0	0.02	17.01	15.76	4.12	0.00
0	4	0.01	6.57	20.93	21.66	0.00
1	1	0.00	0.32	21.58	25.05	0.00
1	5	0.10	1.37	21.08	34.07	0.00
2	2	0.01	0.32	22.74	25.03	0.00
2	6	0.12	1.85	20.29	22.12	0.00
3	3	0.04	0.32	23.68	31.35	0.00
3	7	0.00	0.25	23.12	24.39	0.02
Core	CPU	C1%	C3%	C6%	C8%	C9%
-	-	0.05	3.49	22.12	23.97	0.01
0	0	0.01	18.87	16.67	5.51	0.00
0	4	0.00	2.21	24.01	32.12	0.00
1	1	0.24	4.12	20.47	23.23	0.00
1	5	0.00	0.18	20.98	34.13	0.11
2	2	0.00	0.19	21.66	21.73	0.00
2	6	0.01	0.20	20.60	22.26	0.00
3	3	0.14	0.14	26.05	28.36	0.00
3	7	0.00	2.04	26.49	24.40	0.00
Core	CPU	C1%	C3%	C6%	C8%	C9%
-	-	0.03	3.69	22.48	21.82	0.01
0	0	0.02	6.01	24.80	21.13	0.00
0	4	0.04	18.85	13.27	7.32	0.07
1	1	0.16	3.17	22.95	23.20	0.00
1	5	0.00	0.26	23.76	31.01	0.00
2	2	0.00	0.30	23.46	29.60	0.00
2	6	0.00	0.31	23.77	21.23	0.00
3	3	0.00	0.28	23.65	18.18	0.00
3	7	0.00	0.33	24.18	22.87	0.00
Core	CPU	C1%	C3%	C6%	C8%	C9%
-	-	0.10	3.01	17.32	18.77	0.00
0	0	0.00	2.52	19.07	19.76	0.00
0	4	0.00	0.14	18.27	18.12	0.00
1	1	0.00	0.10	18.95	30.74	0.00
1	5	0.00	0.15	18.74	18.86	0.00
2	2	0.43	6.83	15.49	14.69	0.00
2	6	0.37	14.05	11.23	10.15	0.00
3	3	0.00	0.13	17.96	15.19	0.00
3	7	0.00	0.17	18.81	22.62	0.00
Core	CPU	C1%	C3%	C6%	C8%	C9%
-	-	0.05	3.10	18.37	19.80	0.16
0	0	0.02	11.48	16.43	5.90	0.00
0	4	0.03	5.14	17.07	25.68	0.09
1	1	0.20	2.75	15.08	15.03	1.21
1	5	0.08	2.67	17.70	22.37	0.00
2	2	0.00	0.19	20.59	19.13	0.00
2	6	0.04	2.03	19.24	30.49	0.00
3	3	0.00	0.31	21.15	21.24	0.00
3	7	0.00	0.25	19.67	18.55	0.00
Core	CPU	C1%	C3%	C6%	C8%	C9%
-	-	0.11	3.66	20.90	22.91	0.02
0	0	0.34	9.93	22.65	16.41	0.00
0	4	0.11	9.91	17.66	21.13	0.06
1	1	0.00	0.20	20.79	23.42	0.00
1	5	0.26	8.05	14.44	19.74	0.00
2	2	0.00	0.34	22.72	21.01	0.00
2	6	0.00	0.25	23.55	36.04	0.07
3	3	0.19	0.32	22.17	25.97	0.00
3	7	0.00	0.31	23.43	19.74	0.00
Core	CPU	C1%	C3%	C6%	C8%	C9%
-	-	0.15	3.62	21.99	22.39	0.02
0	0	0.01	6.03	23.19	10.61	0.09
0	4	0.10	0.17	24.02	33.99	0.00
1	1	0.70	17.32	13.58	6.73	0.00
1	5	0.22	1.70	22.40	25.21	0.00
2	2	0.01	0.12	21.98	27.32	0.00
2	6	0.05	0.56	20.26	23.51	0.07
3	3	0.01	0.23	26.11	21.07	0.00
3	7	0.14	2.72	24.14	30.48	0.00
Core	CPU	C1%	C3%	C6%	C8%	C9%
-	-	0.08	3.87	21.64	22.59	0.00
0	0	0.01	13.61	22.64	8.89	0.00
0	4	0.00	0.25	23.11	23.15	0.00
1	1	0.00	0.24	21.49	37.35	0.00
1	5	0.00	0.19	21.67	19.98	0.00
2	2	0.24	7.83	15.95	20.10	0.00
2	6	0.35	5.96	18.27	29.27	0.00
3	3	0.01	0.19	24.51	22.40	0.00
3	7	0.00	2.71	25.51	19.61	0.00
Core	CPU	C1%	C3%	C6%	C8%	C9%
-	-	0.09	3.27	19.13	19.82	0.02
0	0	0.10	0.40	23.16	17.24	0.03
0	4	0.00	0.11	21.35	21.31	0.00
1	1	0.00	0.20	20.22	28.58	0.00
1	5	0.00	0.19	19.73	27.32	0.00
2	2	0.28	12.82	11.61	8.91	0.15
2	6	0.35	11.95	16.81	12.32	0.00
3	3	0.00	0.22	21.85	23.23	0.00
3	7	0.00	0.23	18.30	19.65	0.00
Core	CPU	C1%	C3%	C6%	C8%	C9%
-	-	0.08	3.35	19.15	21.10	0.58
0	0	0.01	6.66	19.84	21.91	0.00
0	4	0.00	0.09	20.07	27.75	1.44
1	1	0.07	2.55	18.66	18.13	0.00
1	5	0.00	0.18	19.93	20.83	0.00
2	2	0.39	9.27	13.45	15.89	0.00
2	6	0.13	6.08	18.50	18.94	0.00
3	3	0.00	0.46	22.50	23.94	3.21
3	7	0.00	1.53	20.27	21.37	0.00
Core	CPU	C1%	C3%	C6%	C8%	C9%
-	-	0.09	3.86	22.95	22.53	0.18
0	0	0.01	2.37	26.52	23.30	1.40
0	4	0.01	4.58	24.20	23.33	0.00
1	1	0.00	0.19	23.46	29.24	0.00
1	5	0.00	0.22	25.02	22.51	0.00
2	2	0.66	18.69	11.97	10.14	0.00
2	6	0.07	3.06	20.78	24.93	0.00
3	3	0.01	0.23	27.41	23.72	0.00
3	7	0.01	1.51	24.27	23.06	0.00
Core	CPU	C1%	C3%	C6%	C8%	C9%
-	-	0.09	3.54	21.22	22.99	0.00
0	0	0.03	14.12	18.43	6.04	0.02
0	4	0.01	0.17	21.97	30.37	0.00
1	1	0.21	3.01	22.34	23.54	0.00
1	5	0.42	9.17	18.50	19.04	0.01
2	2	0.02	1.31	21.87	39.59	0.00
2	6	0.00	0.10	20.98	22.52	0.00
3	3	0.00	0.23	23.24	22.83	0.00
3	7	0.00	0.23	22.45	19.94	0.00
Core	CPU	C1%	C3%	C6%	C8%	C9%
-	-	0.05	3.79	22.18	21.27	0.00
0	0	0.02	20.58	14.16	3.27	0.00
0	4	0.01	2.16	25.88	31.55	0.00
1	1	0.00	0.21	21.72	18.08	0.00
1	5	0.01	0.17	22.33	23.00	0.00
2	2	0.00	1.06	24.12	34.36	0.00
2	6	0.27	0.26	21.47	16.06	0.00
3	3	0.11	3.25	23.20	22.47	0.00
3	7	0.01	2.64	24.57	21.37	0.00
Core	CPU	C1%	C3%	C6%	C8%	C9%
-	-	0.07	2.70	25.57	23.50	0.26
0	0	0.00	4.40	28.47	15.46	1.40
0	4	0.05	7.48	23.65	29.05	0.69
1	1	0.15	4.43	24.66	21.77	0.00
1	5	0.00	0.15	26.72	31.25	0.00
2	2	0.27	2.22	24.48	21.35	0.00
2	6	0.08	1.49	23.86	21.14	0.00
3	3	0.00	0.18	26.11	27.56	0.00
3	7	0.00	1.26	26.87	20.63	0.00
Core	CPU	C1%	C3%	C6%	C8%	C9%
-	-	0.02	2.83	23.61	24.61	0.00
0	0	0.02	15.68	15.18	4.66	0.01
0	4	0.01	1.35	24.27	37.49	0.00
1	1	0.10	3.80	21.42	26.86	0.00
1	5	0.00	0.22	26.52	26.41	0.00
2	2	0.01	0.22	24.62	29.37	0.00
2	6	0.00	0.17	24.61	22.77	0.00
3	3	0.01	0.87	25.36	24.56	0.00
3	7	0.00	0.28	26.69	24.51	0.00
Core	CPU	C1%	C3%	C6%	C8%	C9%
-	-	0.07	3.82	21.70	23.57	0.00
0	0	0.00	12.02	17.75	12.73	0.03
0	4	0.01	0.16	22.34	32.50	0.00
1	1	0.06	1.91	21.91	22.61	0.00
1	5	0.00	0.19	21.19	36.11	0.00
2	2	0.04	2.18	24.28	20.34	0.00
2	6	0.41	12.47	16.08	12.83	0.00
3	3	0.00	0.18	25.00	24.93	0.00
3	7	0.00	1.48	25.08	26.51	0.00
Core	CPU	C1%	C3%	C6%	C8%	C9%
-	-	0.17	3.66	21.84	22.26	0.18
0	0	0.01	8.62	21.50	15.70	0.00
0	4	0.09	4.15	21.19	18.01	0.00
1	1	0.10	2.82	23.11	24.95	0.00
1	5	0.09	1.60	22.65	27.54	0.00
2	2	0.13	0.24	22.54	20.59	1.40
2	6	0.79	11.36	14.51	22.06	0.00
3	3	0.12	0.24	25.90	24.07	0.00
3	7	0.00	0.23	23.31	25.17	0.00
Core	CPU	C1%	C3%	C6%	C8%	C9%
-	-	0.13	3.77	20.78	20.74	0.00
0	0	0.00	0.35	24.06	13.53	0.00
0	4	0.00	0.09	20.81	26.72	0.00
1	1	0.00	0.28	21.57	20.37	0.00
1	5	0.04	0.30	22.78	40.23	0.00
2	2	0.68	19.94	11.34	6.13	0.00
2	6	0.31	8.69	19.95	14.58	0.00
3	3	0.00	0.28	23.64	22.29	0.00
3	7	0.00	0.25	22.22	22.22	0.00
Core	CPU	C1%	C3%	C6%	C8%	C9%
-	-	0.04	3.22	17.45	20.54	0.00
0	0	0.02	20.76	10.17	7.96	0.00
0	4	0.00	0.19	20.02	19.62	0.00
1	1	0.00	0.14	18.92	24.13	0.00
1	5	0.00	0.15	18.76	21.78	0.00
2	2	0.23	2.76	16.54	23.78	0.00
2	6	0.08	1.20	17.84	28.82	0.00
3	3	0.00	0.19	19.02	18.66	0.00
3	7	0.01	0.29	18.24	19.47	0.00
Core	CPU	C1%	C3%	C6%	C8%	C9%
-	-	0.05	3.66	19.88	20.70	0.00
0	0	0.04	12.05	19.67	6.38	0.00
0	4	0.00	2.81	20.73	27.86	0.00
1	1	0.29	7.50	18.88	16.57	0.00
1	5	0.00	0.28	19.65	26.34	0.00
2	2	0.06	4.00	21.98	28.60	0.00
2	6	0.00	0.23	20.27	20.69	0.00
3	3	0.00	0.99	19.88	19.94	0.00
3	7	0.00	1.45	17.99	19.18	0.00
Core	CPU	C1%	C3%	C6%	C8%	C9%
-	-	0.18	3.54	20.18	22.85	0.10
0	0	0.01	0.18	27.31	27.97	0.01
0	4	0.00	0.12	23.01	32.38	0.00
1	1	0.98	17.59	12.27	9.16	0.00
1	5	0.49	9.92	15.90	17.01	0.00
2	2	0.00	0.09	22.89	25.71	0.00
2	6	0.00	0.16	19.16	17.78	0.00
3	3	0.00	0.09	19.91	25.57	0.77
3	7	0.00	0.16	21.02	27.22	0.00
Core	CPU	C1%	C3%	C6%	C8%	C9%
-	-	0.17	3.58	22.48	22.11	0.31
0	0	0.00	1.90	28.34	19.49	0.00
0	4	0.00	0.29	23.59	27.62	0.00
1	1	0.34	5.75	19.57	18.81	0.00
1	5	0.15	4.29	21.27	19.02	0.13
2	2	0.66	10.45	19.36	14.39	0.64
2	6	0.24	4.77	19.97	15.90	0.50
3	3	0.00	0.18	22.31	31.18	1.22
3	7	0.00	1.06	25.64	30.69	0.00
Core	CPU	C1%	C3%	C6%	C8%	C9%
-	-	0.04	3.65	20.78	22.68	0.02
0	0	0.00	7.63	23.14	10.85	0.00
0	4	0.21	20.17	11.03	8.76	0.00
1	1	0.11	0.24	20.86	28.83	0.00
1	5	0.00	0.24	21.80	28.70	0.00
2	2	0.00	0.27	22.55	30.27	0.00
2	6	0.00	0.23	21.01	27.44	0.13
3	3	0.00	0.18	23.60	21.82	0.00
3	7	0.00	0.18	22.11	24.55	0.00
Core	CPU	C1%	C3%	C6%	C8%	C9%
-	-	0.01	3.63	21.98	23.75	0.02
0	0	0.00	9.74	23.17	11.69	0.00
0	4	0.11	17.68	13.35	8.87	0.10
1	1	0.00	0.26	24.61	24.62	0.00
1	5	0.00	0.28	22.46	28.49	0.00
2	2	0.00	0.20	23.18	23.87	0.00
2	6	0.00	0.27	23.73	38.62	0.06
3	3	0.00	0.32	23.78	29.32	0.00
3	7	0.00	0.33	21.55	24.49	0.00
Core	CPU	C1%	C3%	C6%	C8%	C9%
-	-	0.05	3.80	21.14	22.72	0.00
0	0	0.01	16.97	15.48	7.77	0.00
0	4	0.00	3.50	22.41	23.76	0.00
1	1	0.00	0.18	23.15	23.39	0.00
1	5	0.01	1.60	20.71	25.44	0.00
2	2	0.11	3.69	20.62	19.59	0.00
2	6	0.00	0.17	19.96	43.72	0.00
3	3	0.27	1.96	23.57	21.10	0.00
3	7	0.01	2.31	23.20	16.99	0.00
Core	CPU	C1%	C3%	C6%	C8%	C9%
-	-	0.11	3.56	21.51	21.86	0.00
0	0	0.02	10.44	18.30	12.68	0.00
0	4	0.00	0.22	24.60	34.82	0.00
1	1	0.14	4.26	20.83	17.74	0.00
1	5	0.66	12.57	16.83	9.58	0.00
2	2	0.00	0.22	23.25	19.68	0.00
2	6	0.00	0.23	22.38	22.85	0.00
3	3	0.00	0.19	22.51	27.58	0.00
3	7	0.05	0.41	23.47	30.08	0.00
Core	CPU	C1%	C3%	C6%	C8%	C9%
-	-	0.10	3.57	20.64	21.41	0.05
0	0	0.02	8.39	21.76	6.83	0.00
0	4	0.01	3.89	18.89	22.67	0.38
1	1	0.60	14.35	14.48	9.25	0.00
1	5	0.15	1.26	21.15	20.11	0.00
2	2	0.00	0.17	21.23	23.89	0.00
2	6	0.00	0.16	21.25	18.37	0.00
3	3	0.01	0.13	22.38	42.42	0.00
3	7	0.01	0.19	23.89	27.71	0.00
Core	CPU	C1%	C3%	C6%	C8%	C9%
-	-	0.02	3.82	19.80	22.81	0.02
0	0	0.04	21.55	12.30	4.22	0.01
0	4	0.00	7.84	20.07	18.37	0.00
1	1	0.00	0.16	19.92	19.95	0.10
1	5	0.04	0.21	21.85	22.78	0.00
2	2	0.00	0.18	20.97	23.79	0.00
2	6	0.00	0.20	21.85	37.58	0.07
3	3	0.05	0.23	19.94	31.52	0.00
3	7	0.00	0.22	21.48	24.25	0.00
Core	CPU	C1%	C3%	C6%	C8%	C9%
-	-	0.02	3.09	17.39	18.25	0.19
0	0	0.02	19.50	9.82	1.80	0.00
0	4	0.00	2.36	19.29	25.88	0.00
1	1	0.00	0.42	18.54	22.72	0.00
1	5	0.10	0.24	16.37	20.18	0.00
2	2	0.00	0.18	18.88	17.16	0.00
2	6	0.00	0.30	16.86	15.47	0.00
3	3	0.00	0.14	19.66	17.82	0.00
3	7	0.03	1.56	19.73	24.94	1.52
Core	CPU	C1%	C3%	C6%	C8%	C9%
-	-	0.11	3.76	21.07	21.55	0.01
0	0	0.01	0.27	28.02	36.42	0.11
0	4	0.01	0.15	21.32	17.45	0.00
1	1	0.00	0.17	21.34	22.50	0.00
1	5	0.07	1.10	21.15	26.28	0.00
2	2	0.00	0.20	23.00	23.76	0.00
2	6	0.00	0.22	22.35	21.76	0.00
3	3	0.75	27.67	6.80	0.82	0.00
3	7	0.00	0.32	24.56	23.42	0.00
Core	CPU	C1%	C3%	C6%	C8%	C9%
-	-	0.10	3.52	22.68	22.39	0.02
0	0	0.03	15.80	16.54	7.01	0.00
0	4	0.00	0.23	25.54	34.72	0.00
1	1	0.04	0.23	24.47	19.39	0.00
1	5	0.05	0.25	22.99	25.84	0.00
2	2	0.01	0.26	25.46	24.56	0.00
2	6	0.00	0.16	22.89	23.83	0.00
3	3	0.37	10.98	16.97	14.15	0.20
3	7	0.30	0.29	26.82	29.86	0.00
Core	CPU	C1%	C3%	C6%	C8%	C9%
-	-	0.08	3.77	19.57	23.83	0.00
0	0	0.01	11.59	20.07	12.74	0.02
0	4	0.01	4.49	20.47	30.89	0.00
1	1	0.01	0.20	20.22	24.39	0.00
1	5	0.01	0.23	20.58	21.55	0.00
2	2	0.40	6.91	18.50	19.15	0.00
2	6	0.00	0.25	22.35	36.70	0.00
3	3	0.22	6.26	14.62	20.58	0.00
3	7	0.00	0.19	19.54	24.39	0.00
Core	CPU	C1%	C3%	C6%	C8%	C9%
-	-	0.10	3.43	21.10	24.16	0.26
0	0	0.21	2.12	25.54	20.51	1.40
0	4	0.00	0.10	21.29	23.18	0.00
1	1	0.08	3.58	21.18	18.50	0.00
1	5	0.00	0.18	24.26	25.09	0.00
2	2	0.00	0.11	21.78	27.35	0.00
2	6	0.00	0.08	21.00	49.74	0.00
3	3	0.45	21.13	12.28	9.10	0.05
3	7	0.01	0.14	21.53	19.94	0.67
Core	CPU	C1%	C3%	C6%	C8%	C9%
-	-	0.18	2.11	26.93	23.40	0.00
0	0	0.20	5.05	27.95	12.69	0.00
0	4	0.02	6.12	26.94	24.65	0.00
1	1	0.14	1.21	27.81	28.60	0.00
1	5	0.17	0.55	28.71	29.72	0.00
2	2	0.24	1.47	24.63	20.14	0.00
2	6	0.52	1.74	22.93	17.76	0.00
3	3	0.12	0.31	27.81	26.47	0.00
3	7	0.01	0.39	28.53	27.06	0.00
Core	CPU	C1%	C3%	C6%	C8%	C9%
-	-	0.13	3.94	20.68	23.37	0.00
0	0	0.14	16.45	17.21	7.47	0.00
0	4	0.81	5.70	19.61	21.12	0.00
1	1	0.01	0.26	21.68	27.82	0.00
1	5	0.00	0.27	22.52	30.23	0.00
2	2	0.07	6.94	19.27	23.68	0.00
2	6	0.00	0.18	21.56	23.32	0.00
3	3	0.00	0.33	23.17	28.62	0.00
3	7	0.01	1.43	20.44	24.72	0.00
Core	CPU	C1%	C3%	C6%	C8%	C9%
-	-	0.14	3.67	22.13	20.97	0.02
0	0	0.01	2.64	27.30	12.18	0.00
0	4	0.01	8.34	19.33	15.76	0.00
1	1	0.08	4.01	20.79	17.93	0.00
1	5	0.30	5.26	18.92	19.84	0.00
2	2	0.41	8.24	18.99	18.97	0.13
2	6	0.14	0.21	23.05	29.82	0.00
3	3	0.01	0.19	24.28	29.84	0.00
3	7	0.14	0.57	24.62	23.64	0.00
Core	CPU	C1%	C3%	C6%	C8%	C9%
-	-	0.15	3.54	22.17	20.98	0.24
0	0	0.01	4.59	24.74	11.83	1.39
0	4	0.00	0.28	24.03	29.96	0.00
1	1	0.00	0.10	21.26	20.11	0.00
1	5	0.14	0.11	19.79	25.78	0.00
2	2	0.99	21.52	10.86	5.09	0.10
2	6	0.01	0.17	26.79	23.26	0.13
3	3	0.00	0.09	24.15	23.88	0.31
3	7	0.01	1.42	25.45	27.71	0.00
Core	CPU	C1%	C3%	C6%	C8%	C9%
-	-	0.04	3.93	20.59	22.40	0.00
0	0	0.01	1.32	25.98	19.18	0.00
0	4	0.11	28.56	6.94	1.18	0.00
1	1	0.00	0.22	21.14	23.87	0.00
1	5	0.00	0.22	21.73	22.13	0.00
2	2	0.00	0.20	20.27	22.91	0.00
2	6	0.00	0.28	23.01	28.73	0.00
3	3	0.20	0.34	21.45	28.50	0.00
3	7	0.00	0.34	24.20	32.73	0.00
Core	CPU	C1%	C3%	C6%	C8%	C9%
-	-	0.00	3.17	15.24	16.30	0.00
0	0	0.00	11.03	13.23	5.62	0.00
0	4	0.01	8.42	13.72	23.39	0.00
1	1	0.00	0.85	15.56	16.77	0.00
1	5	0.00	0.05	13.61	27.73	0.00
2	2	0.00	0.05	15.97	10.28	0.00
2	6	0.00	0.05	17.96	15.93	0.00
3	3	0.00	2.46	13.96	15.14	0.00
3	7	0.00	2.42	17.90	15.55	0.00
Core	CPU	C1%	C3%	C6%	C8%	C9%
-	-	0.14	3.43	20.47	23.49	0.00
0	0	0.00	0.24	24.98	18.98	0.01
0	4	0.00	0.05	22.60	31.75	0.00
1	1	0.00	0.14	19.93	23.88	0.00
1	5	0.70	12.52	14.00	14.05	0.00
2	2	0.00	0.13	19.51	32.52	0.00
2	6	0.00	0.13	20.84	24.62	0.00
3	3	0.41	13.38	15.25	13.11	0.00
3	7	0.00	0.89	26.69	29.06	0.00
Core	CPU	C1%	C3%	C6%	C8%	C9%
-	-	0.16	3.58	22.91	21.21	0.28
0	0	0.05	7.29	22.00	20.76	0.00
0	4	0.00	1.42	24.23	21.12	0.90
1	1	0.00	0.24	24.41	22.31	0.00
1	5	0.08	6.43	20.08	15.97	0.00
2	2	0.32	5.41	22.06	23.76	0.00
2	6	0.25	4.46	21.42	15.88	0.02
3	3	0.52	3.14	23.92	28.60	1.30
3	7	0.03	0.27	25.16	21.25	0.00
Core	CPU	C1%	C3%	C6%	C8%	C9%
-	-	0.36	3.67	21.04	21.07	0.02
0	0	0.21	2.52	24.51	11.46	0.00
0	4	0.02	1.79	22.57	36.91	0.00
1	1	0.00	0.27	21.43	26.67	0.00
1	5	0.00	0.20	20.54	18.22	0.00
2	2	1.82	14.83	14.11	11.91	0.00
2	6	0.78	9.28	18.90	14.63	0.16
3	3	0.00	0.21	22.54	22.01	0.00
3	7	0.00	0.30	23.74	26.77	0.00
Core	CPU	C1%	C3%	C6%	C8%	C9%
-	-	0.28	3.80	22.61	23.24	0.01
0	0	0.01	0.56	30.10	30.69	0.00
0	4	0.05	0.22	23.60	22.70	0.00
1	1	0.45	6.14	18.46	19.18	0.00
1	5	0.00	0.18	22.27	29.94	0.00
2	2	0.42	7.92	18.85	21.51	0.06
2	6	1.17	14.77	17.23	12.35	0.00
3	3	0.00	0.29	25.78	26.64	0.00
3	7	0.12	0.33	24.57	22.94	0.00
Core	CPU	C1%	C3%	C6%	C8%	C9%
-	-	0.30	1.52	21.41	18.67	0.01
0	0	0.06	0.42	26.48	12.83	0.00
0	4	0.00	0.23	24.22	25.16	0.00
1	1	0.00	0.27	21.40	21.68	0.00
1	5	0.00	0.22	20.19	18.95	0.00
2	2	0.90	6.32	18.56	16.48	0.00
2	6	0.00	0.21	24.16	28.53	0.06
3	3	1.41	4.11	11.01	9.05	0.00
3	7	0.00	0.39	25.28	16.72	0.00
Core	CPU	C1%	C3%	C6%	C8%	C9%
-	-	0.41	3.84	20.82	21.53	0.01
0	0	0.01	0.39	26.91	15.23	0.00
0	4	0.01	0.24	22.71	19.44	0.00
1	1	0.00	0.96	22.70	25.69	0.05
1	5	0.00	0.21	21.88	36.53	0.00
2	2	1.04	10.60	15.08	16.30	0.00
2	6	2.23	17.75	11.45	16.11	0.00
3	3	0.00	0.24	23.78	22.96	0.00
3	7	0.00	0.33	22.03	19.96	0.00
Core	CPU	C1%	C3%	C6%	C8%	C9%
-	-	0.35	3.40	22.40	22.75	0.21
0	0	0.01	0.40	27.24	13.98	1.66
0	4	0.23	0.32	24.72	28.31	0.00
1	1	0.00	0.25	22.97	36.19	0.00
1	5	0.00	0.19	24.82	27.11	0.00
2	2	0.50	3.11	22.79	21.97	0.00
2	6	1.82	17.80	13.98	15.70	0.06
3	3	0.24	4.68	17.09	18.09	0.00
3	7	0.01	0.43	25.63	20.63	0.00
Core	CPU	C1%	C3%	C6%	C8%	C9%
-	-	0.05	2.89	20.42	18.64	0.06
0	0	0.02	12.10	16.57	6.63	0.00
0	4	0.00	0.17	22.82	21.52	0.00
1	1	0.00	0.12	19.71	18.46	0.00
1	5	0.01	2.20	17.07	26.38	0.00
2	2	0.00	0.15	21.34	28.80	0.00
2	6	0.01	0.26	22.22	21.93	0.00
3	3	0.27	6.85	19.07	13.02	0.47
3	7	0.10	1.26	24.55	12.41	0.00
Core	CPU	C1%	C3%	C6%	C8%	C9%
-	-	0.44	3.68	22.40	21.76	0.00
0	0	0.01	0.27	28.88	18.04	0.00
0	4	0.00	0.15	24.37	16.36	0.00
1	1	2.46	18.62	12.75	7.72	0.00
1	5	1.02	9.27	18.56	21.06	0.00
2	2	0.00	0.14	23.52	35.02	0.00
2	6	0.00	0.12	22.88	20.73	0.00
3	3	0.00	0.17	25.04	32.34	0.00
3	7	0.01	0.73	23.36	23.01	0.00
Core	CPU	C1%	C3%	C6%	C8%	C9%
-	-	0.24	1.72	26.34	24.37	0.01
0	0	0.12	4.67	26.49	17.37	0.00
0	4	0.20	1.09	25.03	16.73	0.00
1	1	0.22	1.01	27.18	26.92	0.00
1	5	1.34	5.33	17.50	16.92	0.00
2	2	0.00	0.28	27.37	29.27	0.00
2	6	0.02	0.16	27.81	26.08	0.05
3	3	0.01	0.22	28.03	31.26	0.00
3	7	0.01	1.01	31.05	30.24	0.00
Core	CPU	C1%	C3%	C6%	C8%	C9%
-	-	0.04	3.67	20.37	22.64	0.36
0	0	0.01	8.84	22.16	9.81	1.41
0	4	0.01	9.92	19.10	21.12	1.51
1	1	0.00	0.10	19.86	21.92	0.00
1	5	0.00	0.17	21.40	29.68	0.00
2	2	0.00	0.19	21.02	19.46	0.00
2	6	0.00	0.14	21.76	23.03	0.00
3	3	0.32	9.77	15.37	30.65	0.00
3	7	0.01	0.25	22.32	25.40	0.00
Core	CPU	C1%	C3%	C6%	C8%	C9%
-	-	0.13	2.98	18.89	19.91	0.13
0	0	0.00	0.24	24.85	18.54	0.00
0	4	0.01	7.23	16.69	12.65	1.04
1	1	0.01	0.14	21.15	17.16	0.00
1	5	0.01	0.21	18.59	32.14	0.00
2	2	0.98	15.37	7.68	8.10	0.00
2	6	0.00	0.13	19.78	20.51	0.00
3	3	0.01	0.23	20.30	31.48	0.00
3	7	0.00	0.30	22.16	18.71	0.02
Core	CPU	C1%	C3%	C6%	C8%	C9%
-	-	0.17	3.82	23.81	21.27	0.00
0	0	0.00	3.08	26.96	9.42	0.00
0	4	0.01	3.42	21.42	18.07	0.00
1	1	0.02	0.24	24.40	23.41	0.00
1	5	0.25	1.20	25.10	45.60	0.00
2	2	0.75	14.10	15.83	10.14	0.00
2	6	0.28	7.84	23.19	18.32	0.00
3	3	0.00	0.22	25.47	16.34	0.00
3	7	0.04	0.45	28.04	28.85	0.00
Core	CPU	C1%	C3%	C6%	C8%	C9%
-	-	0.27	3.93	22.50	21.44	0.01
0	0	0.04	5.73	24.78	8.92	0.00
0	4	0.00	0.23	22.55	20.62	0.00
1	1	0.75	8.22	17.66	23.67	0.00
1	5	0.00	0.17	24.42	33.17	0.00
2	2	1.23	12.71	18.08	10.07	0.00
2	6	0.14	3.28	22.39	20.37	0.06
3	3	0.00	0.25	24.47	23.96	0.00
3	7	0.01	0.85	25.62	30.70	0.00
Core	CPU	C1%	C3%	C6%	C8%	C9%
-	-	0.07	3.43	17.17	16.03	0.00
0	0	0.00	0.31	21.08	17.72	0.00
0	4	0.00	0.18	18.44	17.16	0.00
1	1	0.25	12.76	11.60	8.40	0.00
1	5	0.00	0.15	17.80	16.51	0.00
2	2	0.07	6.00	14.76	23.48	0.00
2	6	0.25	7.38	16.91	13.09	0.00
3	3	0.00	0.21	18.33	16.62	0.00
3	7	0.00	0.47	18.48	15.31	0.00
Core	CPU	C1%	C3%	C6%	C8%	C9%
-	-	0.16	3.88	22.40	22.31	0.03
0	0	0.01	17.08	19.01	9.65	0.24
0	4	0.00	1.37	24.51	37.46	0.00
1	1	0.08	1.07	20.83	20.59	0.00
1	5	0.00	1.32	21.35	26.07	0.00
2	2	0.79	0.97	27.13	28.01	0.00
2	6	0.39	7.59	18.88	13.97	0.00
3	3	0.00	0.29	23.65	24.33	0.00
3	7	0.00	1.36	23.85	18.37	0.00
Core	CPU	C1%	C3%	C6%	C8%	C9%
-	-	0.10	3.46	23.39	22.66	0.06
0	0	0.02	11.35	20.22	6.22	0.00
0	4	0.10	5.51	23.25	18.03	0.00
1	1	0.11	1.48	24.10	24.03	0.00
1	5	0.01	0.19	24.11	28.61	0.00
2	2	0.31	7.28	17.91	19.65	0.46
2	6	0.07	1.26	23.05	31.86	0.00
3	3	0.20	0.15	25.48	23.02	0.00
3	7	0.00	0.48	29.04	29.83	0.00
Core	CPU	C1%	C3%	C6%	C8%	C9%
-	-	0.15	2.89	19.31	19.66	0.10
0	0	0.04	9.80	18.98	9.97	0.00
0	4	0.11	5.75	18.23	19.10	0.70
1	1	0.28	4.63	16.98	19.04	0.00
1	5	0.79	0.17	18.39	17.73	0.00
2	2	0.00	0.19	19.49	30.05	0.00
2	6	0.00	2.05	16.99	20.28	0.07
3	3	0.00	0.21	24.01	24.11	0.00
3	7	0.00	0.32	21.46	16.99	0.00
Core	CPU	C1%	C3%	C6%	C8%	C9%
-	-	0.11	4.12	21.10	22.69	0.16
0	0	0.02	18.18	16.38	7.16	0.00
0	4	0.01	6.38	21.64	22.27	0.00
1	1	0.00	0.94	22.87	26.46	0.00
1	5	0.00	0.20	18.97	20.84	0.00
2	2	0.00	0.14	19.71	23.24	1.30
2	6	0.00	0.20	21.86	28.34	0.00
3	3	0.71	5.85	18.89	17.60	0.00
3	7	0.11	1.05	28.52	35.63	0.00
Core	CPU	C1%	C3%	C6%	C8%	C9%
-	-	0.25	1.88	26.36	23.72	0.01
0	0	0.02	3.43	26.49	13.49	0.00
0	4	0.20	0.60	28.21	20.29	0.00
1	1	0.00	0.30	28.65	38.50	0.00
1	5	0.00	0.26	29.88	25.02	0.00
2	2	0.00	0.30	28.94	30.52	0.00
2	6	0.04	0.26	29.71	20.42	0.05
3	3	1.72	9.56	13.25	11.53	0.00
3	7	0.00	0.40	27.05	31.06	0.00
Core	CPU	C1%	C3%	C6%	C8%	C9%
-	-	0.07	3.98	21.88	22.79	0.00
0	0	0.00	5.99	25.45	11.92	0.00
0	4	0.00	0.22	22.52	18.99	0.00
1	1	0.00	0.23	22.23	25.70	0.00
1	5	0.16	3.58	20.38	34.78	0.00
2	2	0.00	0.19	23.33	27.06	0.00
2	6	0.00	0.27	23.84	26.70	0.00
3	3	0.38	18.86	13.72	11.61	0.00
3	7	0.03	2.35	22.49	24.50	0.00
Core	CPU	C1%	C3%	C6%	C8%	C9%
-	-	0.09	3.30	22.25	22.61	0.22
0	0	0.01	7.22	24.93	12.56	0.02
0	4	0.00	1.27	22.28	28.33	0.00
1	1	0.00	0.25	23.68	24.88	0.28
1	5	0.48	11.68	14.11	15.34	0.00
2	2	0.01	0.24	25.83	23.13	0.00
2	6	0.00	0.20	24.35	30.69	1.34
3	3	0.23	5.11	19.65	20.88	0.14
3	7	0.00	0.46	23.42	25.27	0.00
Core	CPU	C1%	C3%	C6%	C8%	C9%
-	-	0.12	3.79	20.91	22.22	0.00
0	0	0.01	3.21	28.06	29.77	0.01
0	4	0.12	5.92	19.98	19.59	0.00
1	1	0.32	7.54	18.95	15.88	0.00
1	5	0.00	0.10	19.18	21.33	0.00
2	2	0.01	0.13	21.04	29.93	0.00
2	6	0.00	0.14	21.28	18.70	0.00
3	3	0.52	13.05	16.13	17.10	0.00
3	7	0.01	0.20	22.61	25.34	0.00
Core	CPU	C1%	C3%	C6%	C8%	C9%
-	-	0.07	3.83	21.16	22.84	0.01
0	0	0.09	15.71	17.18	9.49	0.00
0	4	0.01	0.16	22.62	36.30	0.00
1	1	0.41	9.79	18.09	25.28	0.00
1	5	0.06	4.27	22.66	25.53	0.00
2	2	0.00	0.19	23.21	19.43	0.00
2	6	0.00	0.12	23.24	20.92	0.06
3	3	0.00	0.10	19.04	22.41	0.00
3	7	0.01	0.24	23.10	23.22	0.00
Core	CPU	C1%	C3%	C6%	C8%	C9%
-	-	0.13	2.04	25.62	26.07	0.01
0	0	0.03	8.53	24.17	18.36	0.00
0	4	0.01	1.84	25.26	27.95	0.00
1	1	0.26	1.19	25.73	28.29	0.00
1	5	0.69	3.43	19.20	18.57	0.00
2	2	0.01	0.41	27.82	28.60	0.00
2	6	0.00	0.34	26.99	27.80	0.06
3	3	0.00	0.28	27.37	29.63	0.00
3	7	0.00	0.31	28.40	29.36	0.00
Core	CPU	C1%	C3%	C6%	C8%	C9%
-	-	0.05	3.77	21.78	22.96	0.00
0	0	0.02	17.13	18.87	7.66	0.00
0	4	0.00	1.39	21.51	22.88	0.00
1	1	0.00	0.19	24.45	37.18	0.00
1	5	0.07	3.41	19.46	23.61	0.00
2	2	0.25	4.32	21.76	26.33	0.00
2	6	0.01	0.16	23.68	25.66	0.00
3	3	0.03	3.42	20.59	16.37	0.00
3	7	0.00	0.15	23.93	24.00	0.00
Core	CPU	C1%	C3%	C6%	C8%	C9%
-	-	0.19	3.34	23.38	21.16	0.03
0	0	0.01	3.08	27.92	31.70	0.00
0	4	0.00	0.15	23.50	19.19	0.00
1	1	0.01	0.92	24.55	22.98	0.00
1	5	0.01	0.07	24.30	25.62	0.00
2	2	1.06	15.87	15.15	9.97	0.00
2	6	0.07	1.22	27.17	23.88	0.00
3	3	0.36	5.30	18.74	15.83	0.25
3	7	0.01	0.15	25.73	20.14	0.00
Core	CPU	C1%	C3%	C6%	C8%	C9%
-	-	0.33	3.65	22.27	22.69	0.17
0	0	0.01	3.32	27.00	29.92	1.29
0	4	0.00	0.21	22.45	25.70	0.00
1	1	0.00	0.26	24.21	22.55	0.00
1	5	0.00	0.18	22.02	37.46	0.00
2	2	0.00	0.18	24.61	23.06	0.00
2	6	0.01	0.24	24.21	19.87	0.05
3	3	2.64	24.56	6.93	1.10	0.00
3	7	0.00	0.28	26.85	21.98	0.00
Core	CPU	C1%	C3%	C6%	C8%	C9%
-	-	0.18	3.69	22.07	22.58	0.01
0	0	0.12	14.63	17.55	6.89	0.00
0	4	0.00	0.20	21.75	24.07	0.00
1	1	0.00	0.16	22.44	27.04	0.00
1	5	0.00	0.17	24.93	21.33	0.00
2	2	0.02	0.21	23.68	25.88	0.00
2	6	0.09	0.18	25.71	22.85	0.11
3	3	1.19	12.55	15.04	16.33	0.00
3	7	0.00	1.41	25.43	36.19	0.00
Core	CPU	C1%	C3%	C6%	C8%	C9%
-	-	0.15	1.98	25.94	23.93	0.00
0	0	0.00	4.20	29.27	11.09	0.00
0	4	0.04	3.27	23.44	22.88	0.00
1	1	0.62	3.20	24.87	32.12	0.00
1	5	0.56	3.41	21.03	14.27	0.00
2	2	0.00	0.41	28.14	33.60	0.00
2	6	0.00	0.29	25.97	23.85	0.00
3	3	0.00	0.57	28.46	28.65	0.00
3	7	0.00	0.58	27.21	25.77	0.00
Core	CPU	C1%	C3%	C6%	C8%	C9%
-	-	0.03	3.81	20.97	24.43	0.01
0	0	0.03	25.48	13.97	2.59	0.00
0	4	0.00	0.14	19.86	25.77	0.00
1	1	0.07	1.38	22.31	22.66	0.00
1	5	0.05	2.55	22.00	23.48	0.00
2	2	0.06	0.27	23.98	37.51	0.00
2	6	0.00	0.22	21.57	29.91	0.06
3	3	0.00	0.12	20.89	24.25	0.00
3	7	0.00	0.18	22.47	28.50	0.00
Core	CPU	C1%	C3%	C6%	C8%	C9%
-	-	0.12	3.63	22.00	23.08	0.00
0	0	0.10	6.83	21.94	12.25	0.00
0	4	0.00	5.75	20.19	20.24	0.00
1	1	0.11	2.28	21.01	25.43	0.00
1	5	0.30	4.61	21.25	22.26	0.00
2	2	0.00	0.23	23.47	29.69	0.00
2	6	0.45	7.99	16.69	18.37	0.00
3	3	0.01	0.24	25.81	29.63	0.00
3	7	0.00	1.13	25.62	26.81	0.00
Core	CPU	C1%	C3%	C6%	C8%	C9%
-	-	0.14	3.80	21.60	23.24	0.02
0	0	0.01	6.75	24.13	10.25	0.00
0	4	0.00	0.11	21.94	26.43	0.00
1	1	0.45	12.29	15.44	14.22	0.00
1	5	0.00	0.20	20.64	27.26	0.00
2	2	0.48	6.39	19.29	35.86	0.00
2	6	0.11	3.06	23.35	19.97	0.00
3	3	0.09	1.38	24.75	34.30	0.14
3	7	0.00	0.22	23.29	17.66	0.00
Core	CPU	C1%	C3%	C6%	C8%	C9%
-	-	0.18	3.70	21.12	21.80	0.00
0	0	0.01	0.15	27.29	16.79	0.00
0	4	0.01	0.06	21.80	22.05	0.00
1	1	0.01	0.17	22.48	33.66	0.00
1	5	0.01	0.10	20.46	34.31	0.00
2	2	0.77	13.06	15.09	12.55	0.00
2	6	0.62	15.56	14.33	11.23	0.00
3	3	0.01	0.16	21.62	21.66	0.00
3	7	0.01	0.30	25.84	22.13	0.00
Core	CPU	C1%	C3%	C6%	C8%	C9%
-	-	0.16	1.86	25.91	22.51	0.02
0	0	0.00	0.49	31.96	11.74	0.00
0	4	0.00	0.29	29.77	21.80	0.00
1	1	0.01	0.22	26.75	27.19	0.00
1	5	0.00	0.33	27.46	26.44	0.00
2	2	0.76	3.62	18.19	19.97	0.00
2	6	0.49	9.03	16.03	10.14	0.06
3	3	0.00	0.40	26.58	25.80	0.09
3	7	0.01	0.48	30.57	37.01	0.00
Core	CPU	C1%	C3%	C6%	C8%	C9%
-	-	0.06	3.88	21.01	22.73	0.00
0	0	0.01	4.97	25.80	11.33	0.00
0	4	0.12	17.93	13.81	7.54	0.00
1	1	0.01	0.17	20.60	33.16	0.00
1	5	0.01	0.19	22.44	42.65	0.00
2	2	0.16	2.43	19.10	23.64	0.00
2	6	0.01	0.13	21.13	23.10	0.00
3	3	0.20	4.77	21.32	20.01	0.04
3	7	0.01	0.43	23.88	20.40	0.00
Core	CPU	C1%	C3%	C6%	C8%	C9%
-	-	0.02	3.74	23.48	22.27	0.00
0	0	0.01	21.15	14.21	2.96	0.00
0	4	0.01	3.42	25.19	21.42	0.00
1	1	0.00	1.25	23.92	29.20	0.00
1	5	0.09	2.14	24.54	20.30	0.00
2	2	0.00	0.31	24.84	33.88	0.00
2	6	0.01	0.18	23.82	17.87	0.00
3	3	0.00	1.22	24.79	20.87	0.00
3	7	0.01	0.21	26.51	31.67	0.00
Core	CPU	C1%	C3%	C6%	C8%	C9%
-	-	0.09	3.91	21.66	22.05	0.19
0	0	0.00	7.02	23.69	11.30	1.38
0	4	0.01	9.29	18.67	19.53	0.00
1	1	0.00	0.20	21.06	27.04	0.00
1	5	0.00	0.19	22.75	21.39	0.00
2	2	0.02	1.38	23.39	23.50	0.00
2	6	0.55	8.80	19.51	21.95	0.06
3	3	0.11	4.24	22.00	28.03	0.09
3	7	0.00	0.24	22.52	23.89	0.00
Core	CPU	C1%	C3%	C6%	C8%	C9%
-	-	0.09	3.75	20.69	24.20	0.01
0	0	0.00	0.21	26.21	24.60	0.10
0	4	0.00	0.14	22.39	28.73	0.00
1	1	0.00	0.21	21.73	29.33	0.00
1	5	0.00	0.17	21.14	29.63	0.00
2	2	0.00	0.17	21.77	34.74	0.00
2	6	0.00	0.18	21.34	20.95	0.00
3	3	0.72	28.75	5.85	0.00	0.00
3	7	0.00	0.15	25.18	25.76	0.00
Core	CPU	C1%	C3%	C6%	C8%	C9%
-	-	0.03	1.78	26.33	24.66	0.09
0	0	0.01	4.05	21.60	12.83	0.00
0	4	0.00	7.34	23.92	14.68	0.00
1	1	0.00	0.13	27.19	28.89	0.00
1	5	0.00	0.11	27.47	28.91	0.00
2	2	0.00	0.25	29.48	25.26	0.00
2	6	0.00	0.17	28.33	23.78	0.05
3	3	0.19	1.81	23.44	28.66	0.68
3	7	0.00	0.37	28.68	33.83	0.02
Core	CPU	C1%	C3%	C6%	C8%	C9%
-	-	0.24	2.90	19.41	18.61	0.20
0	0	0.00	0.37	24.96	11.35	0.29
0	4	0.00	0.31	22.25	20.24	0.00
1	1	0.68	7.09	16.01	12.80	0.00
1	5	1.25	14.60	12.69	8.22	0.00
2	2	0.00	0.19	19.78	20.92	0.00
2	6	0.00	0.15	18.35	18.99	0.00
3	3	0.00	0.16	19.30	33.97	1.31
3	7	0.01	0.35	21.94	22.39	0.00
Core	CPU	C1%	C3%	C6%	C8%	C9%
-	-	0.14	3.88	22.82	21.92	0.01
0	0	0.01	12.72	19.19	7.06	0.00
0	4	0.27	5.81	23.68	41.13	0.00
1	1	0.00	0.33	23.29	25.62	0.00
1	5	0.79	10.88	18.01	12.81	0.00
2	2	0.00	0.23	23.32	18.61	0.00
2	6	0.00	0.22	23.82	21.91	0.05
3	3	0.00	0.20	24.59	26.41	0.00
3	7	0.01	0.71	26.68	21.83	0.00
Core	CPU	C1%	C3%	C6%	C8%	C9%
-	-	0.18	3.69	21.38	23.25	0.00
0	0	0.00	4.58	22.92	12.37	0.00
0	4	0.01	9.27	15.82	16.90	0.00
1	1	0.00	0.32	21.58	22.26	0.00
1	5	0.00	0.30	23.12	26.45	0.00
2	2	0.54	4.14	21.05	20.97	0.00
2	6	0.89	10.23	17.40	15.59	0.00
3	3	0.00	0.32	24.73	45.13	0.00
3	7	0.01	0.36	24.39	26.36	0.00
Core	CPU	C1%	C3%	C6%	C8%	C9%
-	-	0.08	3.86	21.57	23.56	0.02
0	0	0.00	4.79	22.83	17.45	0.00
0	4	0.01	10.43	18.20	14.60	0.00
1	1	0.59	13.64	14.63	17.50	0.16
1	5	0.00	0.21	23.27	32.77	0.00
2	2	0.00	0.13	23.10	21.68	0.00
2	6	0.00	0.19	23.25	29.32	0.00
3	3	0.00	0.24	23.07	32.08	0.00
3	7	0.00	1.21	24.19	23.01	0.00
Core	CPU	C1%	C3%	C6%	C8%	C9%
-	-	0.01	1.91	25.47	24.30	0.01
0	0	0.02	9.38	19.61	8.51	0.00
0	4	0.02	3.57	21.47	14.92	0.00
1	1	0.00	0.80	29.01	28.58	0.00
1	5	0.00	0.32	27.46	22.37	0.00
2	2	0.00	0.27	27.54	34.64	0.00
2	6	0.00	0.22	28.02	25.62	0.10
3	3	0.01	0.24	25.87	33.83	0.00
3	7	0.00	0.46	24.77	25.91	0.00
Core	CPU	C1%	C3%	C6%	C8%	C9%
-	-	0.02	4.03	23.36	21.55	0.09
0	0	0.01	5.01	26.24	19.39	0.00
0	4	0.12	25.57	8.92	5.41	0.54
1	1	0.00	0.29	25.99	37.70	0.00
1	5	0.00	0.29	24.10	15.52	0.20
2	2	0.00	0.27	25.22	27.35	0.00
2	6	0.00	0.20	23.76	20.82	0.00
3	3	0.00	0.37	26.06	22.86	0.00
3	7	0.00	0.21	26.67	23.36	0.00
Core	CPU	C1%	C3%	C6%	C8%	C9%
-	-	0.11	3.63	22.56	22.11	0.00
0	0	0.00	0.21	29.23	12.06	0.00
0	4	0.01	11.13	18.30	10.73	0.00
1	1	0.00	0.20	23.63	35.15	0.00
1	5	0.00	0.37	21.92	32.95	0.00
2	2	0.00	0.18	25.66	21.79	0.00
2	6	0.00	0.18	22.61	27.48	0.00
3	3	0.89	16.46	12.55	11.51	0.00
3	7	0.00	0.32	26.48	25.22	0.00
Core	CPU	C1%	C3%	C6%	C8%	C9%
-	-	0.14	3.75	21.12	22.02	0.00
0	0	0.00	0.25	27.05	23.16	0.00
0	4	0.00	0.19	21.54	20.74	0.00
1	1	0.00	0.17	20.88	30.80	0.00
1	5	0.00	0.30	23.07	34.40	0.00
2	2	0.10	4.69	23.56	21.75	0.00
2	6	0.83	15.21	13.28	9.44	0.00
3	3	0.16	8.86	16.13	12.06	0.00
3	7	0.00	0.30	23.46	23.79	0.00
Core	CPU	C1%	C3%	C6%	C8%	C9%
-	-	0.06	3.87	21.53	22.51	0.00
0	0	0.01	15.73	18.58	10.65	0.00
0	4	0.00	2.34	25.92	19.17	0.00
1	1	0.00	0.35	22.20	25.44	0.00
1	5	0.00	0.28	22.40	29.64	0.00
2	2	0.00	0.29	21.47	28.77	0.00
2	6	0.00	0.16	21.09	29.21	0.00
3	3	0.46	9.32	16.94	16.02	0.00
3	7	0.00	2.50	23.84	21.36	0.02
Core	CPU	C1%	C3%	C6%	C8%	C9%
-	-	0.07	3.13	15.36	15.88	0.00
0	0	0.00	10.74	15.38	6.23	0.00
0	4	0.00	0.11	16.40	14.28	0.00
1	1	0.47	9.68	11.11	9.35	0.00
1	5	0.00	0.10	15.60	26.53	0.00
2	2	0.00	0.20	16.05	15.76	0.00
2	6	0.00	0.13	16.82	17.72	0.00
3	3	0.07	3.98	14.66	14.58	0.00
3	7	0.00	0.16	16.94	22.59	0.00
Core	CPU	C1%	C3%	C6%	C8%	C9%
-	-	0.10	4.17	20.25	21.39	0.01
0	0	0.01	16.35	15.50	12.32	0.00
0	4	0.00	0.27	21.32	19.84	0.00
1	1	0.61	10.35	17.69	11.18	0.00
1	5	0.17	4.57	21.78	27.90	0.00
2	2	0.00	0.23	21.83	35.09	0.00
2	6	0.00	0.31	20.98	25.50	0.05
3	3	0.00	0.93	21.12	19.32	0.00
3	7	0.00	0.22	21.56	19.77	0.00
Core	CPU	C1%	C3%	C6%	C8%	C9%
-	-	0.15	3.75	21.74	23.69	0.18
0	0	0.01	5.84	24.22	12.38	1.42
0	4	0.03	13.69	14.02	13.24	0.00
1	1	0.00	0.30	23.22	26.29	0.00
1	5	0.00	0.26	24.16	32.85	0.00
2	2	0.00	0.32	21.45	29.67	0.00
2	6	0.76	0.26	22.49	31.18	0.00
3	3	0.40	8.89	19.96	17.98	0.00
3	7	0.00	0.42	24.37	25.91	0.00
Core	CPU	C1%	C3%	C6%	C8%	C9%
-	-	0.06	4.04	21.55	22.41	0.18
0	0	0.03	14.86	18.24	4.99	1.39
0	4	0.00	0.13	24.18	23.33	0.00
1	1	0.00	0.44	23.75	24.61	0.00
1	5	0.19	3.70	22.38	39.84	0.00
2	2	0.00	0.32	23.29	29.38	0.00
2	6	0.00	0.29	21.06	20.52	0.05
3	3	0.23	11.26	18.86	15.63	0.02
3	7	0.00	1.33	20.82	21.15	0.00
Core	CPU	C1%	C3%	C6%	C8%	C9%
-	-	0.10	3.95	21.42	22.92	0.01
0	0	0.02	13.41	19.37	7.99	0.00
0	4	0.00	0.21	25.60	23.43	0.00
1	1	0.00	0.35	24.02	21.18	0.00
1	5	0.00	0.28	23.41	29.22	0.00
2	2	0.00	0.27	22.99	34.04	0.00
2	6	0.12	0.24	22.42	30.55	0.00
3	3	0.68	16.66	11.25	11.71	0.04
3	7	0.00	0.16	22.32	25.29	0.00
Core	CPU	C1%	C3%	C6%	C8%	C9%
-	-	0.06	2.78	16.86	18.00	0.51
0	0	0.00	1.99	17.91	12.61	3.97
0	4	0.00	2.19	17.24	18.50	0.00
1	1	0.00	0.29	20.56	27.77	0.00
1	5	0.00	0.09	18.15	17.60	0.00
2	2	0.00	0.08	17.05	25.73	0.00
2	6	0.00	0.15	15.86	19.07	0.12
3	3	0.44	17.21	7.80	4.15	0.00
3	7	0.00	0.22	20.19	18.42	0.00
Core	CPU	C1%	C3%	C6%	C8%	C9%
-	-	0.03	3.99	21.84	23.32	0.01
0	0	0.01	16.53	16.72	4.50	0.00
0	4	0.11	13.21	19.79	14.60	0.00
1	1	0.00	0.45	24.48	33.65	0.00
1	5	0.00	0.28	22.00	19.68	0.00
2	2	0.00	0.33	21.90	24.26	0.00
2	6	0.01	0.30	21.66	24.25	0.11
3	3	0.00	0.32	21.07	23.76	0.00
3	7	0.11	0.48	27.11	41.82	0.00
Core	CPU	C1%	C3%	C6%	C8%	C9%
-	-	0.16	3.69	22.98	21.52	0.00
0	0	0.00	3.62	27.50	24.92	0.00
0	4	0.00	3.64	23.55	18.79	0.00
1	1	0.42	7.54	20.17	26.02	0.00
1	5	0.65	13.14	14.93	10.15	0.00
2	2	0.03	0.35	25.89	28.88	0.00
2	6	0.00	0.92	21.54	17.74	0.00
3	3	0.20	0.17	25.12	22.50	0.00
3	7	0.00	0.14	25.17	23.24	0.02
Core	CPU	C1%	C3%	C6%	C8%	C9%
-	-	0.02	3.81	21.83	23.05	0.00
0	0	0.00	0.24	27.22	24.81	0.00
0	4	0.02	28.69	8.21	0.39	0.00
1	1	0.00	0.80	24.98	26.08	0.00
1	5	0.00	0.06	23.32	21.33	0.00
2	2	0.00	0.16	23.56	18.36	0.00
2	6	0.07	0.18	22.96	33.17	0.00
3	3	0.00	0.06	20.82	24.35	0.00
3	7	0.04	0.28	23.49	35.90	0.00
Core	CPU	C1%	C3%	C6%	C8%	C9%
-	-	0.01	3.91	21.05	21.60	0.02
0	0	0.01	8.60	22.63	17.29	0.00
0	4	0.02	20.17	11.82	8.62	0.07
1	1	0.00	0.24	21.65	30.02	0.00
1	5	0.00	0.15	19.77	31.09	0.00
2	2	0.00	0.37	23.59	20.86	0.00
2	6	0.01	0.19	22.43	18.01	0.05
3	3	0.00	0.15	22.61	22.84	0.00
3	7	0.00	1.39	23.94	24.07	0.00
Core	CPU	C1%	C3%	C6%	C8%	C9%
-	-	0.11	3.04	16.14	15.36	0.00
0	0	0.00	10.37	14.09	5.78	0.00
0	4	0.28	8.99	10.48	6.53	0.00
1	1	0.15	3.01	17.11	13.55	0.00
1	5	0.00	0.17	16.72	23.16	0.00
2	2	0.00	0.38	18.75	20.64	0.00
2	6	0.17	0.24	18.68	24.92	0.00
3	3	0.30	0.91	16.94	14.65	0.00
3	7	0.00	0.25	16.38	13.65	0.00
Core	CPU	C1%	C3%	C6%	C8%	C9%
-	-	0.04	3.26	20.34	19.64	0.01
0	0	0.12	15.72	18.99	5.87	0.00
0	4	0.09	8.67	19.68	13.38	0.00
1	1	0.00	0.23	21.20	23.39	0.00
1	5	0.00	0.20	19.52	19.19	0.00
2	2	0.00	0.30	18.71	19.63	0.00
2	6	0.14	0.27	22.15	21.24	0.05
3	3	0.00	0.27	20.23	29.06	0.00
3	7	0.00	0.42	22.26	25.33	0.00
Core	CPU	C1%	C3%	C6%	C8%	C9%
-	-	0.07	3.79	23.00	23.24	0.13
0	0	0.12	10.75	22.05	8.84	0.00
0	4	0.28	16.80	12.39	8.42	0.00
1	1	0.00	1.11	23.84	23.57	0.00
1	5	0.00	0.30	24.31	22.68	0.00
2	2	0.00	0.41	25.08	18.96	0.50
2	6	0.00	0.31	24.65	43.06	0.10
3	3	0.00	0.30	25.61	35.15	0.00
3	7	0.14	0.32	26.11	25.23	0.46
Core	CPU	C1%	C3%	C6%	C8%	C9%
-	-	0.06	4.23	21.48	21.15	0.00
0	0	0.00	0.26	26.71	22.37	0.00
0	4	0.26	31.63	5.32	0.00	0.00
1	1	0.00	0.31	24.85	27.50	0.00
1	5	0.10	0.27	21.46	15.19	0.00
2	2	0.00	0.38	22.51	20.21	0.00
2	6	0.10	0.39	23.36	26.19	0.00
3	3	0.00	0.24	22.61	22.37	0.00
3	7	0.01	0.40	25.10	35.47	0.00
Core	CPU	C1%	C3%	C6%	C8%	C9%
-	-	0.06	4.04	21.01	22.08	0.01
0	0	0.00	0.32	27.74	22.02	0.00
0	4	0.11	23.76	10.81	3.64	0.00
1	1	0.00	0.27	20.80	34.44	0.00
1	5	0.00	0.24	21.10	20.71	0.00
2	2	0.36	6.83	17.04	17.57	0.10
2	6	0.00	0.25	22.28	28.91	0.00
3	3	0.00	0.33	24.46	21.86	0.00
3	7	0.00	0.28	23.71	27.41	0.00
