Core	CPU	C1%	C3%	C6%	C8%	C9%
-	-	0.00	0.10	4.24	13.85	0.00
0	0	0.00	0.04	12.16	9.17	0.00
0	4	0.00	0.03	3.98	3.07	0.00
1	1	0.00	0.34	2.77	2.85	0.00
1	5	0.00	0.08	2.62	1.49	0.00
2	2	0.00	0.05	2.65	2.65	0.00
2	6	0.00	0.03	2.58	1.76	0.00
3	3	0.00	0.04	3.06	61.48	0.00
3	7	0.02	0.22	4.13	28.33	0.00
Core	CPU	C1%	C3%	C6%	C8%	C9%
-	-	0.00	0.02	0.91	1.63	0.00
0	0	0.00	0.11	1.10	0.79	0.00
0	4	0.00	0.00	0.58	1.90	0.00
1	1	0.00	0.03	1.29	0.90	0.00
1	5	0.00	0.00	0.45	1.19	0.00
2	2	0.00	0.00	1.38	2.39	0.00
2	6	0.00	0.00	0.36	1.09	0.00
3	3	0.00	0.04	1.25	4.36	0.00
3	7	0.00	0.00	0.84	0.40	0.00
Core	CPU	C1%	C3%	C6%	C8%	C9%
-	-	0.00	0.01	0.59	1.00	0.04
0	0	0.00	0.08	1.08	0.69	0.00
0	4	0.00	0.02	0.49	0.99	0.00
1	1	0.00	0.00	1.34	0.79	0.00
1	5	0.00	0.00	0.23	0.99	0.30
2	2	0.00	0.02	0.58	0.70	0.00
2	6	0.00	0.00	0.33	1.49	0.00
3	3	0.00	0.00	0.19	1.74	0.00
3	7	0.00	0.00	0.47	0.59	0.00
Core	CPU	C1%	C3%	C6%	C8%	C9%
-	-	0.00	0.01	0.59	1.22	0.00
0	0	0.00	0.02	0.73	0.50	0.00
0	4	0.00	0.02	1.18	0.71	0.00
1	1	0.00	0.00	0.47	1.10	0.00
1	5	0.00	0.00	0.45	1.31	0.00
2	2	0.00	0.00	0.43	1.80	0.00
2	6	0.00	0.00	0.46	1.41	0.00
3	3	0.00	0.01	0.57	1.36	0.00
3	7	0.00	0.00	0.48	1.59	0.00
Core	CPU	C1%	C3%	C6%	C8%	C9%
-	-	0.00	0.06	0.99	1.64	0.12
0	0	0.00	0.04	0.84	0.82	0.95
0	4	0.00	0.44	2.87	2.23	0.00
1	1	0.00	0.00	0.49	0.50	0.00
1	5	0.00	0.00	0.24	0.99	0.00
2	2	0.00	0.00	0.45	0.90	0.00
2	6	0.00	0.00	1.13	1.83	0.00
3	3	0.00	0.00	1.11	3.95	0.00
3	7	0.00	0.00	0.77	1.88	0.00
Core	CPU	C1%	C3%	C6%	C8%	C9%
-	-	0.01	0.50	15.89	7.83	0.04
0	0	0.02	1.61	26.21	3.97	0.00
0	4	0.00	0.00	6.07	32.99	0.00
1	1	0.02	0.77	28.93	3.68	0.00
1	5	0.00	0.03	3.60	1.69	0.00
2	2	0.00	0.15	5.60	4.26	0.34
2	6	0.01	0.84	26.84	3.59	0.00
3	3	0.01	0.31	14.93	6.61	0.00
3	7	0.01	0.31	14.97	5.90	0.00
Core	CPU	C1%	C3%	C6%	C8%	C9%
-	-	0.56	8.59	50.75	7.72	0.11
0	0	0.88	12.31	43.35	5.16	0.00
0	4	0.43	3.70	49.04	20.73	0.00
1	1	0.67	11.78	47.07	2.37	0.01
1	5	0.53	6.08	50.66	13.39	0.87
2	2	0.32	8.52	52.05	4.07	0.00
2	6	0.75	9.83	53.45	3.68	0.00
3	3	0.40	8.03	57.34	6.49	0.00
3	7	0.52	8.49	52.97	5.84	0.00
Core	CPU	C1%	C3%	C6%	C8%	C9%
-	-	0.39	7.05	55.67	8.91	0.03
0	0	0.74	7.06	54.42	9.01	0.01
0	4	0.31	5.70	55.25	13.66	0.00
1	1	0.51	8.27	52.94	4.21	0.09
1	5	0.72	9.43	55.31	8.81	0.10
2	2	0.19	5.64	60.42	10.65	0.00
2	6	0.15	6.27	52.75	5.87	0.00
3	3	0.10	6.91	58.17	11.36	0.00
3	7	0.38	7.18	56.29	7.72	0.00
Core	CPU	C1%	C3%	C6%	C8%	C9%
-	-	0.35	8.00	53.79	8.05	0.00
0	0	0.26	8.88	55.47	7.14	0.00
0	4	0.27	7.40	60.90	5.65	0.00
1	1	0.37	7.01	47.12	12.14	0.00
1	5	0.34	12.94	47.84	4.45	0.02
2	2	0.62	7.00	59.70	5.37	0.00
2	6	0.43	6.79	50.55	10.70	0.00
3	3	0.24	8.78	54.38	5.26	0.00
3	7	0.22	5.21	54.17	13.68	0.00
Core	CPU	C1%	C3%	C6%	C8%	C9%
-	-	0.33	4.65	58.52	11.33	0.13
0	0	0.41	5.41	58.11	7.49	0.01
0	4	0.23	4.50	58.98	13.05	0.00
1	1	0.30	4.57	57.23	7.61	0.00
1	5	0.42	5.17	59.25	12.04	0.00
2	2	0.29	5.22	56.15	13.12	0.00
2	6	0.31	3.67	60.08	14.60	1.02
3	3	0.26	5.06	61.75	10.02	0.00
3	7	0.42	3.66	56.76	12.78	0.00
Core	CPU	C1%	C3%	C6%	C8%	C9%
-	-	0.54	10.13	52.45	4.79	0.00
0	0	0.53	9.59	53.30	5.25	0.00
0	4	0.63	8.54	56.57	3.48	0.00
1	1	0.27	8.89	54.62	5.56	0.00
1	5	0.85	14.98	37.95	2.22	0.00
2	2	0.55	9.83	55.66	4.67	0.00
2	6	0.59	9.39	56.92	3.69	0.00
3	3	0.70	9.80	51.51	6.74	0.00
3	7	0.19	10.05	53.11	6.70	0.00
Core	CPU	C1%	C3%	C6%	C8%	C9%
-	-	0.42	9.27	51.27	7.10	0.02
0	0	0.15	7.59	51.54	10.71	0.00
0	4	0.49	9.61	52.14	8.65	0.18
1	1	0.40	8.32	47.73	6.43	0.00
1	5	0.35	13.15	43.89	5.58	0.00
2	2	0.90	9.64	50.38	6.05	0.00
2	6	0.24	8.61	57.87	3.77	0.00
3	3	0.22	9.18	51.32	7.53	0.00
3	7	0.64	8.07	55.12	8.06	0.00
Core	CPU	C1%	C3%	C6%	C8%	C9%
-	-	0.46	7.32	59.44	7.08	0.04
0	0	0.19	7.79	61.49	5.27	0.00
0	4	0.33	7.35	56.69	8.68	0.00
1	1	0.55	7.35	62.71	5.70	0.00
1	5	0.72	7.90	55.69	7.43	0.29
2	2	0.54	6.92	59.24	6.47	0.05
2	6	0.54	5.93	59.29	8.58	0.00
3	3	0.52	8.16	56.84	8.25	0.00
3	7	0.33	7.22	64.13	6.31	0.00
Core	CPU	C1%	C3%	C6%	C8%	C9%
-	-	0.48	8.84	56.94	3.92	0.04
0	0	0.38	7.93	60.58	6.58	0.01
0	4	0.88	8.18	60.79	2.36	0.00
1	1	0.21	6.45	54.23	5.94	0.00
1	5	0.83	12.43	49.73	1.19	0.34
2	2	0.66	9.48	58.68	4.09	0.00
2	6	0.28	7.73	57.48	5.13	0.00
3	3	0.42	10.07	53.95	1.45	0.00
3	7	0.15	8.32	59.48	4.60	0.00
Core	CPU	C1%	C3%	C6%	C8%	C9%
-	-	0.49	10.21	54.63	4.56	0.06
0	0	0.31	9.70	58.85	3.10	0.00
0	4	0.57	9.80	56.06	4.91	0.00
1	1	0.23	8.53	58.62	6.15	0.00
1	5	0.68	13.83	42.21	4.69	0.45
2	2	0.56	10.82	52.16	4.63	0.00
2	6	0.54	9.61	54.71	5.58	0.00
3	3	0.48	9.91	54.57	4.83	0.00
3	7	0.51	9.52	59.90	2.57	0.00
Core	CPU	C1%	C3%	C6%	C8%	C9%
-	-	0.71	10.90	51.38	3.56	0.00
0	0	0.77	11.10	51.37	3.80	0.00
0	4	0.45	11.09	54.71	3.61	0.00
1	1	0.49	9.61	54.08	4.49	0.00
1	5	1.26	14.95	38.43	2.09	0.00
2	2	0.52	9.47	52.53	3.52	0.00
2	6	0.39	10.76	55.92	2.64	0.00
3	3	0.87	11.26	49.66	3.48	0.00
3	7	0.95	8.98	54.24	4.83	0.00
Core	CPU	C1%	C3%	C6%	C8%	C9%
-	-	0.57	8.66	57.59	5.89	0.00
0	0	0.47	8.22	58.48	4.77	0.00
0	4	0.94	8.44	54.12	7.60	0.00
1	1	0.53	7.99	60.49	5.30	0.00
1	5	0.49	9.69	55.36	6.42	0.00
2	2	0.54	9.26	60.95	4.36	0.00
2	6	0.51	9.19	58.26	6.74	0.00
3	3	0.31	8.20	57.37	6.86	0.00
3	7	0.76	8.32	55.93	5.09	0.00
Core	CPU	C1%	C3%	C6%	C8%	C9%
-	-	0.19	4.95	54.98	11.36	0.17
0	0	0.13	5.68	56.32	11.76	0.01
0	4	0.04	4.39	58.05	10.95	0.55
1	1	0.31	3.78	53.42	13.84	0.00
1	5	0.26	7.51	55.02	7.47	0.68
2	2	0.04	4.77	53.30	11.68	0.09
2	6	0.15	3.79	55.32	11.57	0.00
3	3	0.43	5.45	52.84	10.27	0.00
3	7	0.12	4.20	55.38	13.30	0.00
Core	CPU	C1%	C3%	C6%	C8%	C9%
-	-	0.35	4.72	54.99	12.93	0.18
0	0	0.22	5.27	56.62	14.51	0.00
0	4	0.27	4.05	54.24	13.05	0.00
1	1	0.39	5.32	55.63	12.90	0.00
1	5	0.50	4.93	53.63	10.43	1.43
2	2	0.29	4.48	55.38	13.22	0.00
2	6	0.05	5.40	57.88	13.92	0.00
3	3	0.21	3.20	50.71	10.60	0.00
3	7	0.90	5.11	55.84	14.81	0.00
Core	CPU	C1%	C3%	C6%	C8%	C9%
-	-	0.61	8.62	55.54	4.56	0.03
0	0	0.55	9.03	56.59	2.91	0.00
0	4	0.78	7.33	57.45	5.42	0.00
1	1	0.48	7.34	52.63	5.26	0.00
1	5	0.38	10.50	52.30	4.95	0.00
2	2	0.79	8.31	57.31	4.51	0.00
2	6	0.58	8.51	55.88	4.97	0.11
3	3	0.75	9.22	56.40	4.12	0.14
3	7	0.55	8.72	55.75	4.31	0.00
Core	CPU	C1%	C3%	C6%	C8%	C9%
-	-	0.55	10.87	52.14	3.88	0.04
0	0	0.54	12.02	52.44	2.21	0.00
0	4	0.72	9.81	54.39	6.30	0.00
1	1	0.61	8.78	52.95	6.08	0.01
1	5	1.03	14.70	45.47	1.39	0.35
2	2	0.32	10.18	52.61	4.63	0.00
2	6	0.42	9.86	54.20	3.21	0.00
3	3	0.28	10.30	56.15	2.45	0.00
3	7	0.52	11.33	48.97	4.80	0.00
Core	CPU	C1%	C3%	C6%	C8%	C9%
-	-	0.37	10.28	51.24	5.01	0.06
0	0	0.53	9.60	55.19	4.80	0.01
0	4	0.32	9.56	54.69	4.17	0.00
1	1	0.26	8.72	52.96	5.65	0.00
1	5	0.54	16.27	37.42	1.46	0.32
2	2	0.53	10.18	53.35	6.09	0.00
2	6	0.33	8.85	49.65	8.02	0.00
3	3	0.30	10.29	53.22	3.48	0.00
3	7	0.12	8.79	53.71	6.46	0.18
Core	CPU	C1%	C3%	C6%	C8%	C9%
-	-	0.57	10.73	51.16	4.45	0.05
0	0	0.31	9.94	55.24	4.72	0.00
0	4	0.14	9.83	52.69	5.79	0.00
1	1	0.55	10.27	51.99	5.08	0.00
1	5	0.90	15.29	36.67	1.86	0.36
2	2	0.49	10.37	53.42	4.31	0.00
2	6	0.41	9.23	53.95	4.46	0.00
3	3	0.52	10.56	53.73	3.87	0.00
3	7	1.22	10.33	51.39	5.51	0.00
Core	CPU	C1%	C3%	C6%	C8%	C9%
-	-	0.50	9.62	53.59	5.40	0.05
0	0	0.29	9.13	54.09	7.57	0.00
0	4	0.76	8.89	55.43	7.06	0.20
1	1	0.43	9.22	56.32	3.87	0.00
1	5	0.54	14.22	44.13	3.22	0.21
2	2	0.49	9.24	54.82	4.65	0.00
2	6	0.45	8.77	54.52	7.25	0.00
3	3	0.34	8.38	57.38	5.66	0.00
3	7	0.67	9.10	52.20	3.94	0.00
Core	CPU	C1%	C3%	C6%	C8%	C9%
-	-	0.94	8.54	55.29	7.21	0.00
0	0	0.97	9.55	56.34	6.08	0.00
0	4	1.44	7.77	55.88	5.63	0.00
1	1	0.98	7.36	57.74	11.46	0.00
1	5	0.59	9.76	54.41	7.53	0.00
2	2	0.72	7.01	49.89	5.07	0.00
2	6	1.16	10.05	53.80	8.35	0.00
3	3	0.52	8.51	58.62	4.54	0.00
3	7	1.15	8.28	55.47	9.00	0.00
Core	CPU	C1%	C3%	C6%	C8%	C9%
-	-	0.40	6.27	60.42	8.34	0.00
0	0	0.37	6.66	60.31	9.36	0.00
0	4	0.09	5.34	64.25	6.87	0.00
1	1	0.22	5.05	58.67	10.77	0.00
1	5	0.61	7.64	58.28	5.37	0.00
2	2	0.36	7.08	60.42	7.54	0.00
2	6	0.35	5.69	59.97	7.21	0.00
3	3	0.59	6.74	59.65	9.89	0.00
3	7	0.60	5.98	61.75	9.69	0.00
Core	CPU	C1%	C3%	C6%	C8%	C9%
-	-	0.27	4.43	58.12	9.95	0.19
0	0	0.15	4.69	58.63	9.68	0.01
0	4	0.37	4.32	62.29	9.84	0.00
1	1	0.17	4.07	58.78	12.19	0.00
1	5	0.28	5.65	59.20	7.05	0.00
2	2	0.30	4.71	54.20	9.48	0.00
2	6	0.30	4.13	54.90	11.14	0.00
3	3	0.31	4.91	62.08	9.06	0.00
3	7	0.31	3.02	55.37	11.24	1.53
Core	CPU	C1%	C3%	C6%	C8%	C9%
-	-	0.18	4.74	59.38	10.35	0.07
0	0	0.30	5.02	55.33	9.56	0.00
0	4	0.09	4.39	62.73	8.22	0.00
1	1	0.22	4.58	60.03	10.83	0.00
1	5	0.24	5.59	62.22	7.87	0.56
2	2	0.24	4.13	59.91	11.53	0.00
2	6	0.05	4.82	60.29	9.80	0.00
3	3	0.13	5.25	59.84	8.99	0.00
3	7	0.13	4.14	54.22	15.94	0.00
Core	CPU	C1%	C3%	C6%	C8%	C9%
-	-	0.40	6.55	58.07	6.28	0.17
0	0	0.27	6.80	58.92	7.54	0.00
0	4	0.31	6.12	58.78	6.90	0.34
1	1	0.52	5.52	58.83	6.31	0.00
1	5	0.67	8.36	55.03	4.50	0.97
2	2	0.47	6.87	57.78	7.37	0.00
2	6	0.26	6.48	54.90	6.43	0.00
3	3	0.52	5.65	60.41	6.65	0.00
3	7	0.19	6.62	59.93	4.52	0.01
Core	CPU	C1%	C3%	C6%	C8%	C9%
-	-	0.60	8.73	59.19	4.17	0.01
0	0	0.58	7.85	60.07	2.47	0.00
0	4	0.40	8.19	58.69	5.42	0.06
1	1	0.60	7.88	62.22	5.71	0.00
1	5	0.77	10.57	56.47	3.06	0.00
2	2	0.65	8.67	61.86	3.75	0.00
2	6	0.70	7.95	61.52	4.49	0.00
3	3	0.45	9.45	56.94	4.64	0.00
3	7	0.64	9.29	55.78	3.85	0.00
Core	CPU	C1%	C3%	C6%	C8%	C9%
-	-	0.61	9.87	56.08	2.78	0.06
0	0	0.58	9.78	59.57	2.50	0.00
0	4	0.35	11.30	54.91	3.05	0.10
1	1	0.60	9.64	57.00	3.06	0.00
1	5	0.88	12.60	50.08	0.97	0.11
2	2	0.56	9.77	54.40	3.15	0.28
2	6	0.60	8.06	57.81	4.32	0.00
3	3	0.73	8.10	59.31	3.70	0.00
3	7	0.56	9.76	55.63	1.49	0.00
Core	CPU	C1%	C3%	C6%	C8%	C9%
-	-	0.58	10.56	53.75	3.50	0.02
0	0	0.88	11.09	53.79	2.70	0.00
0	4	0.26	9.25	57.06	3.86	0.00
1	1	0.44	8.67	56.11	5.44	0.00
1	5	0.81	15.11	43.00	1.47	0.17
2	2	0.47	10.64	55.32	2.60	0.00
2	6	0.62	10.39	54.46	5.20	0.00
3	3	0.60	8.33	55.87	3.73	0.00
3	7	0.58	11.01	54.36	2.96	0.00
Core	CPU	C1%	C3%	C6%	C8%	C9%
-	-	0.50	9.00	49.79	11.09	0.00
0	0	0.36	8.26	52.24	11.03	0.00
0	4	0.43	7.49	45.98	17.93	0.00
1	1	0.20	7.08	58.39	7.89	0.00
1	5	0.98	14.26	39.22	7.44	0.00
2	2	0.79	8.56	47.62	6.56	0.00
2	6	0.63	7.97	47.94	17.30	0.00
3	3	0.17	9.37	54.66	10.61	0.00
3	7	0.46	8.96	52.12	9.95	0.00
Core	CPU	C1%	C3%	C6%	C8%	C9%
-	-	0.97	10.81	49.79	3.97	0.03
0	0	0.99	9.46	51.43	5.25	0.00
0	4	0.57	9.68	49.61	4.33	0.00
1	1	0.79	9.06	58.18	2.33	0.00
1	5	1.67	16.36	36.78	1.85	0.21
2	2	1.23	12.18	45.86	4.30	0.00
2	6	0.70	9.61	51.30	6.66	0.00
3	3	1.22	9.98	52.78	3.65	0.00
3	7	0.57	10.21	52.60	3.44	0.00
Core	CPU	C1%	C3%	C6%	C8%	C9%
-	-	0.47	9.90	51.95	5.41	0.00
0	0	0.43	9.16	51.61	9.11	0.00
0	4	0.45	9.73	54.25	4.92	0.01
1	1	0.16	8.73	52.11	6.53	0.00
1	5	0.78	15.98	39.04	1.41	0.00
2	2	0.78	9.56	52.55	3.33	0.00
2	6	0.57	8.20	52.05	8.67	0.00
3	3	0.37	9.48	58.33	3.86	0.00
3	7	0.21	8.33	55.69	5.44	0.00
Core	CPU	C1%	C3%	C6%	C8%	C9%
-	-	0.45	10.48	51.74	4.63	0.05
0	0	0.44	10.83	52.14	3.77	0.00
0	4	0.38	9.95	54.43	4.07	0.00
1	1	0.33	10.14	54.65	3.33	0.00
1	5	1.24	14.80	37.94	3.66	0.37
2	2	0.12	8.55	54.27	6.30	0.00
2	6	0.32	11.52	53.10	3.01	0.00
3	3	0.24	9.42	52.73	6.63	0.00
3	7	0.50	8.68	54.88	6.27	0.00
Core	CPU	C1%	C3%	C6%	C8%	C9%
-	-	0.58	11.04	52.26	4.37	0.00
0	0	0.50	12.20	51.18	2.08	0.00
0	4	0.51	9.55	55.31	4.91	0.00
1	1	0.26	8.68	57.85	5.10	0.00
1	5	0.80	15.00	41.34	1.25	0.03
2	2	0.89	9.69	52.65	7.85	0.00
2	6	0.72	11.51	50.44	5.04	0.01
3	3	0.47	10.82	51.95	4.87	0.00
3	7	0.52	10.83	57.06	3.84	0.00
Core	CPU	C1%	C3%	C6%	C8%	C9%
-	-	0.80	8.73	51.62	9.08	0.18
0	0	1.64	7.80	51.99	10.09	0.00
0	4	0.63	9.93	52.78	9.47	0.00
1	1	0.61	7.15	57.13	11.63	0.00
1	5	0.83	10.93	48.88	8.96	1.46
2	2	0.57	7.96	45.74	3.47	0.00
2	6	0.64	8.52	52.86	8.42	0.00
3	3	0.90	9.88	54.39	7.46	0.00
3	7	0.57	7.73	49.44	13.20	0.00
Core	CPU	C1%	C3%	C6%	C8%	C9%
-	-	0.40	8.51	56.92	5.54	0.08
0	0	0.68	7.87	58.51	5.75	0.09
0	4	0.31	8.38	59.23	3.77	0.00
1	1	0.23	7.31	55.99	7.11	0.00
1	5	0.45	11.70	48.87	3.47	0.53
2	2	0.31	9.09	60.21	3.66	0.01
2	6	0.29	6.22	56.06	10.29	0.00
3	3	0.21	7.84	60.03	6.59	0.00
3	7	0.74	9.64	56.34	3.69	0.00
Core	CPU	C1%	C3%	C6%	C8%	C9%
-	-	0.46	5.65	59.80	8.89	0.02
0	0	0.15	5.21	57.43	12.90	0.00
0	4	0.65	5.52	60.01	9.18	0.00
1	1	0.37	4.23	60.25	11.98	0.00
1	5	0.46	7.09	56.72	5.49	0.18
2	2	0.98	5.77	61.18	6.63	0.01
2	6	0.11	5.52	56.46	11.08	0.00
3	3	0.44	6.11	61.89	7.21	0.00
3	7	0.54	5.73	64.37	6.60	0.00
Core	CPU	C1%	C3%	C6%	C8%	C9%
-	-	0.59	7.22	58.96	6.10	0.06
0	0	0.50	7.15	60.80	8.24	0.00
0	4	0.34	6.69	56.64	9.02	0.00
1	1	0.66	7.24	57.27	6.61	0.00
1	5	0.54	7.86	56.11	7.25	0.00
2	2	0.44	7.03	63.87	5.32	0.00
2	6	0.42	8.13	57.20	3.03	0.00
3	3	0.47	6.73	61.85	5.61	0.00
3	7	1.35	7.07	58.65	3.82	0.47
Core	CPU	C1%	C3%	C6%	C8%	C9%
-	-	0.44	5.35	61.15	9.52	0.00
0	0	0.32	6.03	58.89	7.66	0.00
0	4	0.70	4.64	63.97	6.56	0.00
1	1	0.20	4.38	58.86	12.66	0.00
1	5	0.29	6.01	63.17	5.95	0.00
2	2	0.47	5.95	58.79	7.66	0.00
2	6	0.76	4.95	58.38	15.15	0.00
3	3	0.54	5.82	61.82	10.33	0.00
3	7	0.21	4.95	64.57	10.12	0.00
Core	CPU	C1%	C3%	C6%	C8%	C9%
-	-	0.35	5.95	58.68	9.57	0.00
0	0	0.43	6.59	59.94	9.03	0.00
0	4	0.76	5.03	54.22	13.19	0.00
1	1	0.12	5.51	60.34	8.73	0.00
1	5	0.24	6.83	59.71	6.59	0.00
2	2	0.07	5.61	59.96	13.07	0.00
2	6	0.62	6.61	61.82	5.43	0.00
3	3	0.15	5.31	55.85	13.37	0.00
3	7	0.42	6.14	57.66	7.14	0.00
Core	CPU	C1%	C3%	C6%	C8%	C9%
-	-	0.23	4.80	59.56	10.49	0.00
0	0	0.17	4.32	58.49	10.53	0.00
0	4	0.21	5.95	57.25	9.17	0.00
1	1	0.40	4.92	60.24	8.23	0.00
1	5	0.16	5.44	62.48	7.32	0.00
2	2	0.18	5.13	63.43	9.50	0.00
2	6	0.16	4.38	58.60	11.27	0.00
3	3	0.30	4.27	57.86	14.54	0.00
3	7	0.28	4.02	58.01	13.36	0.00
Core	CPU	C1%	C3%	C6%	C8%	C9%
-	-	0.45	6.12	55.44	8.39	0.06
0	0	0.37	5.79	57.86	8.52	0.01
0	4	0.60	6.27	58.06	8.14	0.00
1	1	0.20	5.05	53.10	10.57	0.00
1	5	0.34	8.59	49.52	7.54	0.00
2	2	0.40	5.08	54.69	12.18	0.10
2	6	0.49	6.43	58.75	4.46	0.10
3	3	0.77	6.30	60.60	5.81	0.00
3	7	0.42	5.49	50.94	9.90	0.27
Core	CPU	C1%	C3%	C6%	C8%	C9%
-	-	1.74	9.83	45.99	11.28	0.01
0	0	1.70	8.56	45.63	17.51	0.01
0	4	1.90	11.68	45.29	12.09	0.00
1	1	1.31	8.91	43.44	1.55	0.01
1	5	2.04	12.16	42.48	12.69	0.00
2	2	2.33	10.05	48.36	11.70	0.07
2	6	1.58	8.32	48.66	14.96	0.01
3	3	1.73	9.27	47.93	8.38	0.00
3	7	1.37	9.73	46.17	11.38	0.00
Core	CPU	C1%	C3%	C6%	C8%	C9%
-	-	0.73	10.07	53.97	3.18	0.07
0	0	1.10	9.09	55.86	3.51	0.06
0	4	0.91	11.03	54.52	3.96	0.00
1	1	0.39	10.02	52.78	4.79	0.02
1	5	0.76	11.83	50.49	2.57	0.00
2	2	0.42	9.16	55.77	3.50	0.00
2	6	1.16	9.77	51.73	1.73	0.50
3	3	0.38	9.21	59.77	2.03	0.00
3	7	0.69	10.42	50.75	3.35	0.00
Core	CPU	C1%	C3%	C6%	C8%	C9%
-	-	0.53	8.40	56.99	6.47	0.04
0	0	0.44	8.76	56.45	5.46	0.00
0	4	0.46	6.92	58.14	8.15	0.00
1	1	0.37	7.86	58.04	7.69	0.00
1	5	0.99	9.28	54.82	5.00	0.05
2	2	0.65	8.94	59.19	5.07	0.00
2	6	0.53	8.12	58.82	8.01	0.00
3	3	0.53	8.06	56.52	6.50	0.00
3	7	0.23	9.24	53.95	5.85	0.29
Core	CPU	C1%	C3%	C6%	C8%	C9%
-	-	0.58	8.61	55.41	4.65	0.14
0	0	0.88	7.26	57.36	3.71	0.00
0	4	0.56	9.43	51.76	3.51	0.00
1	1	0.54	8.45	60.17	3.62	0.00
1	5	0.69	10.99	51.85	3.60	0.94
2	2	0.24	7.97	53.60	7.39	0.00
2	6	0.74	8.69	56.30	2.57	0.00
3	3	0.67	6.95	56.86	8.36	0.00
3	7	0.35	9.15	55.40	4.42	0.20
Core	CPU	C1%	C3%	C6%	C8%	C9%
-	-	0.45	8.89	54.00	6.68	0.01
0	0	0.60	8.59	55.83	6.37	0.00
0	4	0.24	8.15	57.53	9.12	0.06
1	1	0.25	7.43	51.39	10.56	0.00
1	5	0.81	13.34	46.88	1.82	0.00
2	2	0.41	7.91	55.02	7.50	0.00
2	6	0.47	8.15	51.28	8.37	0.00
3	3	0.29	8.65	57.26	6.35	0.00
3	7	0.51	9.04	57.51	3.48	0.00
Core	CPU	C1%	C3%	C6%	C8%	C9%
-	-	0.36	10.49	52.22	5.10	0.04
0	0	0.52	9.26	56.14	3.66	0.00
0	4	0.59	9.16	54.38	7.58	0.00
1	1	0.23	8.71	56.97	4.67	0.00
1	5	0.83	16.26	39.29	1.30	0.00
2	2	0.24	10.45	55.71	2.63	0.18
2	6	0.13	9.77	51.99	5.82	0.00
3	3	0.21	10.19	50.34	7.34	0.00
3	7	0.12	9.96	52.35	7.76	0.11
Core	CPU	C1%	C3%	C6%	C8%	C9%
-	-	0.48	10.74	51.14	4.92	0.03
0	0	0.28	10.33	52.09	6.11	0.00
0	4	0.40	10.17	51.47	5.85	0.00
1	1	0.35	8.73	55.69	5.33	0.00
1	5	0.72	16.27	38.33	3.14	0.27
2	2	0.14	9.79	55.24	4.03	0.00
2	6	0.64	9.47	50.24	4.84	0.00
3	3	0.59	9.73	55.10	4.48	0.00
3	7	0.75	11.45	50.90	5.54	0.00
Core	CPU	C1%	C3%	C6%	C8%	C9%
-	-	0.73	10.79	52.30	3.82	0.01
0	0	0.39	10.79	53.07	3.77	0.00
0	4	0.92	9.46	53.96	4.25	0.00
1	1	0.49	9.44	58.04	3.57	0.00
1	5	1.08	14.23	43.55	1.86	0.06
2	2	0.51	9.96	54.86	6.08	0.00
2	6	1.24	11.28	49.30	3.83	0.00
3	3	0.48	9.48	57.39	3.33	0.00
3	7	0.76	11.73	48.48	3.90	0.00
Core	CPU	C1%	C3%	C6%	C8%	C9%
-	-	0.89	10.98	49.24	6.82	0.03
0	0	0.93	10.37	50.73	8.54	0.00
0	4	0.65	10.79	50.05	7.32	0.00
1	1	0.52	10.78	52.42	6.73	0.00
1	5	0.99	13.79	28.85	1.42	0.27
2	2	1.10	9.38	49.84	11.76	0.00
2	6	1.27	9.67	52.14	7.10	0.00
3	3	0.83	12.11	56.04	4.75	0.00
3	7	0.83	10.83	53.54	6.87	0.00
Core	CPU	C1%	C3%	C6%	C8%	C9%
-	-	0.41	10.43	51.58	5.24	0.04
0	0	0.32	10.49	54.24	1.96	0.00
0	4	0.43	8.91	58.35	5.48	0.00
1	1	0.24	8.62	52.07	8.09	0.00
1	5	1.02	16.52	39.91	1.70	0.00
2	2	0.41	9.46	51.91	4.79	0.00
2	6	0.25	8.76	54.60	6.55	0.19
3	3	0.40	9.72	51.56	7.01	0.10
3	7	0.21	10.98	49.99	6.37	0.00
Core	CPU	C1%	C3%	C6%	C8%	C9%
-	-	0.39	10.14	52.10	5.18	0.05
0	0	0.54	10.29	54.01	3.91	0.00
0	4	0.27	9.94	52.45	7.31	0.00
1	1	0.20	9.55	57.93	4.02	0.00
1	5	0.56	14.35	38.29	3.75	0.38
2	2	0.50	10.05	54.10	3.99	0.00
2	6	0.21	8.59	50.14	10.58	0.00
3	3	0.18	8.73	56.18	4.20	0.01
3	7	0.67	9.69	53.99	3.71	0.00
Core	CPU	C1%	C3%	C6%	C8%	C9%
-	-	0.39	10.32	51.80	4.68	0.03
0	0	0.22	9.21	56.41	3.44	0.00
0	4	0.33	9.94	53.33	5.15	0.00
1	1	0.26	7.55	53.44	9.07	0.00
1	5	0.87	16.03	40.24	1.24	0.05
2	2	0.27	9.68	50.76	7.10	0.01
2	6	0.39	10.68	54.63	2.03	0.00
3	3	0.36	9.86	52.63	4.32	0.00
3	7	0.40	9.58	52.80	5.07	0.21
Core	CPU	C1%	C3%	C6%	C8%	C9%
-	-	0.66	10.75	53.80	3.61	0.02
0	0	0.73	10.96	53.73	4.50	0.00
0	4	0.37	10.29	54.60	4.40	0.00
1	1	0.76	8.10	59.19	5.79	0.00
1	5	1.23	14.49	44.13	0.78	0.17
2	2	0.43	9.55	56.78	4.84	0.00
2	6	0.54	11.62	52.77	2.42	0.00
3	3	0.72	10.24	54.46	3.09	0.00
3	7	0.52	10.75	54.64	3.09	0.00
Core	CPU	C1%	C3%	C6%	C8%	C9%
-	-	1.40	9.14	53.39	7.32	0.00
0	0	1.04	5.42	42.70	4.98	0.01
0	4	1.41	9.77	52.70	6.59	0.00
1	1	1.08	8.82	54.74	11.47	0.01
1	5	1.68	11.27	53.41	5.71	0.00
2	2	1.15	9.88	55.71	6.50	0.00
2	6	1.69	10.04	53.58	6.37	0.00
3	3	2.18	8.68	55.93	9.55	0.00
3	7	0.96	9.30	58.39	7.43	0.00
Core	CPU	C1%	C3%	C6%	C8%	C9%
-	-	0.34	5.14	56.60	10.20	0.14
0	0	0.19	4.77	52.56	10.83	0.00
0	4	0.59	6.01	60.84	8.64	0.68
1	1	0.28	4.81	56.21	12.05	0.00
1	5	0.27	6.72	54.15	8.38	0.34
2	2	0.55	4.36	57.99	8.13	0.00
2	6	0.48	5.61	55.93	7.62	0.09
3	3	0.27	4.75	56.97	13.41	0.00
3	7	0.06	4.09	58.14	12.53	0.00
Core	CPU	C1%	C3%	C6%	C8%	C9%
-	-	0.44	7.63	54.67	7.37	0.07
0	0	0.94	6.08	56.47	7.99	0.11
0	4	0.36	8.57	53.60	5.72	0.00
1	1	0.39	6.08	55.45	9.36	0.00
1	5	0.41	9.23	51.37	7.44	0.47
2	2	0.17	7.38	56.42	6.74	0.00
2	6	0.34	8.69	56.63	6.76	0.00
3	3	0.21	6.16	54.31	9.37	0.00
3	7	0.72	8.85	53.10	5.62	0.00
Core	CPU	C1%	C3%	C6%	C8%	C9%
-	-	0.46	7.26	59.77	7.26	0.10
0	0	0.63	7.47	60.30	4.89	0.00
0	4	0.24	6.85	56.26	11.44	0.00
1	1	0.08	6.97	62.38	4.61	0.00
1	5	0.52	7.97	62.75	5.60	0.08
2	2	0.93	7.57	59.15	7.44	0.00
2	6	0.35	6.88	61.94	7.14	0.74
3	3	0.37	6.86	60.71	7.38	0.00
3	7	0.60	7.59	55.55	9.65	0.00
Core	CPU	C1%	C3%	C6%	C8%	C9%
-	-	0.31	6.12	59.32	7.98	0.00
0	0	0.28	5.85	61.47	6.56	0.00
0	4	0.41	5.96	55.48	9.91	0.00
1	1	0.27	5.29	61.48	8.61	0.00
1	5	0.20	7.16	57.44	5.14	0.01
2	2	0.06	5.37	58.09	7.49	0.00
2	6	0.12	6.02	59.96	9.85	0.00
3	3	0.63	5.72	60.49	11.57	0.00
3	7	0.51	7.52	59.45	4.59	0.00
Core	CPU	C1%	C3%	C6%	C8%	C9%
-	-	0.32	7.04	55.01	9.35	0.07
0	0	0.34	6.51	53.96	11.68	0.04
0	4	0.38	6.79	55.29	8.57	0.00
1	1	0.31	5.89	57.57	12.32	0.00
1	5	0.29	10.11	49.01	6.66	0.35
2	2	0.19	7.59	58.26	9.31	0.00
2	6	0.52	5.65	56.40	8.90	0.02
3	3	0.36	5.98	54.45	11.25	0.00
3	7	0.14	7.80	55.07	6.09	0.11
Core	CPU	C1%	C3%	C6%	C8%	C9%
-	-	0.49	6.30	60.76	7.19	0.04
0	0	0.98	6.11	62.18	5.49	0.00
0	4	0.34	5.64	61.90	8.46	0.00
1	1	0.49	5.54	63.31	8.94	0.00
1	5	0.42	8.01	54.69	7.27	0.00
2	2	0.42	6.97	61.01	5.73	0.00
2	6	0.26	5.95	62.85	8.27	0.31
3	3	0.48	5.08	61.12	6.39	0.00
3	7	0.51	7.13	59.03	6.95	0.00
Core	CPU	C1%	C3%	C6%	C8%	C9%
-	-	0.61	7.88	57.92	5.57	0.00
0	0	0.64	8.39	57.69	5.23	0.00
0	4	0.49	8.84	59.18	6.04	0.00
1	1	0.38	5.52	59.13	8.23	0.01
1	5	0.93	10.15	55.99	2.84	0.00
2	2	0.48	7.47	58.44	6.00	0.00
2	6	0.26	8.16	56.76	4.76	0.00
3	3	0.49	6.44	57.83	7.21	0.00
3	7	1.23	8.12	58.48	4.28	0.00
Core	CPU	C1%	C3%	C6%	C8%	C9%
-	-	0.65	9.70	53.49	7.97	0.00
0	0	0.36	10.52	56.20	7.17	0.00
0	4	0.72	10.06	55.90	7.72	0.00
1	1	0.31	11.08	50.60	11.83	0.00
1	5	0.64	8.65	34.83	3.16	0.03
2	2	0.54	9.18	53.91	11.26	0.00
2	6	0.82	9.03	61.86	5.76	0.00
3	3	0.89	9.90	55.71	10.79	0.00
3	7	0.89	9.13	58.84	6.07	0.00
Core	CPU	C1%	C3%	C6%	C8%	C9%
-	-	0.28	4.76	54.70	11.01	0.19
0	0	0.33	4.07	48.06	14.60	0.12
0	4	0.12	6.21	55.10	10.86	0.31
1	1	0.19	4.23	56.61	9.99	0.00
1	5	0.27	5.69	55.19	9.02	0.00
2	2	0.19	4.43	54.36	11.21	0.00
2	6	0.37	4.80	56.98	11.26	0.00
3	3	0.34	4.98	58.62	10.46	0.00
3	7	0.41	3.70	52.70	10.71	1.09
Core	CPU	C1%	C3%	C6%	C8%	C9%
-	-	0.20	4.93	58.57	9.93	0.02
0	0	0.17	5.53	59.97	7.37	0.01
0	4	0.34	4.04	57.68	10.33	0.00
1	1	0.24	4.39	57.99	14.13	0.00
1	5	0.11	6.16	61.98	4.58	0.18
2	2	0.19	4.99	55.69	14.27	0.00
2	6	0.16	4.68	60.22	9.54	0.00
3	3	0.26	6.15	60.15	8.22	0.00
3	7	0.12	3.48	54.87	10.96	0.00
Core	CPU	C1%	C3%	C6%	C8%	C9%
-	-	0.30	6.44	56.83	6.99	0.00
0	0	0.52	6.44	54.76	6.65	0.00
0	4	0.34	6.57	54.49	9.75	0.00
1	1	0.33	5.84	58.33	6.52	0.00
1	5	0.39	8.25	57.44	3.25	0.00
2	2	0.16	5.09	60.34	9.66	0.00
2	6	0.28	7.07	57.49	7.12	0.00
3	3	0.12	5.62	60.30	8.34	0.00
3	7	0.30	6.63	51.52	4.65	0.00
Core	CPU	C1%	C3%	C6%	C8%	C9%
-	-	0.42	6.11	60.69	7.00	0.00
0	0	0.54	5.42	61.69	6.31	0.01
0	4	0.48	6.88	59.42	6.41	0.00
1	1	0.39	4.76	56.99	9.96	0.00
1	5	0.39	7.79	61.78	3.08	0.00
2	2	0.35	5.84	64.63	6.93	0.00
2	6	0.41	6.10	57.29	8.42	0.01
3	3	0.19	5.60	60.76	9.02	0.00
3	7	0.63	6.45	62.96	5.86	0.00
Core	CPU	C1%	C3%	C6%	C8%	C9%
-	-	0.39	4.31	59.91	10.05	0.02
0	0	0.48	4.25	59.45	11.43	0.00
0	4	0.71	4.00	61.15	11.49	0.00
1	1	0.26	4.31	65.19	6.42	0.00
1	5	0.55	4.42	53.79	9.66	0.18
2	2	0.34	4.51	63.39	6.34	0.00
2	6	0.15	4.22	59.49	13.41	0.00
3	3	0.60	4.44	54.64	12.13	0.00
3	7	0.08	4.30	62.18	9.52	0.00
Core	CPU	C1%	C3%	C6%	C8%	C9%
-	-	0.28	5.45	57.77	7.15	0.17
0	0	0.31	5.85	58.45	9.47	0.00
0	4	0.56	4.83	57.66	7.74	0.00
1	1	0.20	4.56	57.32	7.69	0.00
1	5	0.20	6.10	57.72	5.75	0.84
2	2	0.21	5.79	58.44	4.16	0.11
2	6	0.13	5.72	62.16	7.09	0.34
3	3	0.24	5.45	60.77	7.11	0.01
3	7	0.40	5.35	49.71	8.25	0.04
Core	CPU	C1%	C3%	C6%	C8%	C9%
-	-	0.35	5.53	59.91	8.69	0.01
0	0	0.52	5.31	58.83	10.75	0.00
0	4	0.15	5.04	59.44	11.29	0.00
1	1	0.21	5.43	60.22	7.21	0.00
1	5	0.43	6.25	58.36	4.67	0.09
2	2	0.49	5.79	61.40	5.98	0.00
2	6	0.12	5.36	59.05	11.25	0.00
3	3	0.46	5.90	60.62	7.72	0.00
3	7	0.46	5.14	61.28	10.67	0.00
Core	CPU	C1%	C3%	C6%	C8%	C9%
-	-	0.33	5.91	59.88	7.27	0.02
0	0	0.48	4.96	57.23	12.08	0.00
0	4	0.17	5.43	59.93	7.54	0.00
1	1	0.28	6.39	58.88	5.99	0.00
1	5	0.40	6.52	60.53	3.85	0.18
2	2	0.40	5.46	59.45	9.55	0.00
2	6	0.24	6.54	61.34	3.57	0.00
3	3	0.42	6.88	55.58	9.27	0.00
3	7	0.22	5.11	66.18	6.35	0.00
Core	CPU	C1%	C3%	C6%	C8%	C9%
-	-	0.37	6.99	58.61	6.96	0.01
0	0	0.33	7.71	60.22	6.18	0.00
0	4	0.34	6.48	59.47	8.08	0.00
1	1	0.22	6.70	55.49	7.27	0.00
1	5	0.53	7.92	59.26	6.45	0.01
2	2	0.53	8.77	59.32	5.39	0.00
2	6	0.31	6.04	60.93	4.92	0.00
3	3	0.42	6.51	56.92	7.86	0.00
3	7	0.30	5.81	57.51	9.55	0.06
Core	CPU	C1%	C3%	C6%	C8%	C9%
-	-	0.75	9.08	56.55	4.42	0.04
0	0	0.61	8.56	61.10	2.53	0.00
0	4	1.24	9.10	58.20	4.09	0.00
1	1	0.69	6.57	54.03	8.57	0.00
1	5	1.22	11.82	51.23	2.02	0.34
2	2	0.66	9.15	56.08	3.96	0.00
2	6	0.62	9.18	57.41	3.25	0.00
3	3	0.50	8.60	58.64	4.90	0.00
3	7	0.42	9.60	55.41	6.00	0.00
Core	CPU	C1%	C3%	C6%	C8%	C9%
-	-	1.39	11.46	50.54	6.49	0.02
0	0	1.34	12.27	55.72	5.08	0.00
0	4	1.39	11.59	54.04	7.49	0.00
1	1	1.16	9.93	53.24	11.01	0.00
1	5	1.54	12.61	53.34	4.80	0.17
2	2	1.35	14.52	46.86	6.09	0.00
2	6	1.37	8.76	35.80	1.91	0.00
3	3	1.25	10.47	52.28	10.48	0.00
3	7	1.69	11.53	52.91	5.08	0.00
Core	CPU	C1%	C3%	C6%	C8%	C9%
-	-	0.61	9.95	53.42	3.51	0.03
0	0	0.65	9.25	56.17	4.18	0.01
0	4	0.34	10.13	53.74	2.18	0.00
1	1	0.34	8.36	58.97	4.75	0.10
1	5	1.18	12.00	44.47	2.14	0.00
2	2	0.49	9.86	51.07	5.69	0.11
2	6	0.61	10.06	56.53	2.61	0.00
3	3	0.90	10.05	51.00	4.14	0.00
3	7	0.34	9.89	55.56	2.38	0.01
Core	CPU	C1%	C3%	C6%	C8%	C9%
-	-	0.50	9.59	52.05	6.11	0.00
0	0	0.62	8.99	54.25	4.05	0.00
0	4	0.32	8.30	52.19	8.05	0.00
1	1	0.56	7.63	55.74	6.65	0.01
1	5	1.08	15.14	41.01	2.50	0.00
2	2	0.53	7.14	51.56	10.82	0.00
2	6	0.49	10.72	52.96	4.19	0.00
3	3	0.12	8.74	55.43	6.69	0.00
3	7	0.25	10.04	53.29	5.94	0.00
Core	CPU	C1%	C3%	C6%	C8%	C9%
-	-	0.51	10.41	51.39	5.04	0.03
0	0	0.56	9.90	54.64	4.97	0.00
0	4	0.53	10.42	51.49	4.63	0.00
1	1	0.25	8.95	53.54	6.47	0.00
1	5	1.05	16.82	39.14	1.08	0.03
2	2	0.46	9.65	51.68	5.11	0.00
2	6	0.36	10.02	50.97	6.43	0.20
3	3	0.42	7.96	55.90	5.88	0.00
3	7	0.45	9.56	53.75	5.71	0.00
Core	CPU	C1%	C3%	C6%	C8%	C9%
-	-	0.74	10.30	53.91	3.79	0.14
0	0	0.47	9.96	56.22	3.22	0.16
0	4	1.01	10.35	53.20	4.99	0.00
1	1	0.67	10.34	54.82	3.80	0.00
1	5	0.72	12.36	50.68	2.70	0.84
2	2	0.29	10.91	54.12	2.29	0.00
2	6	0.69	8.93	54.59	5.31	0.01
3	3	0.70	7.98	57.17	4.98	0.12
3	7	1.35	11.64	50.61	3.00	0.00
Core	CPU	C1%	C3%	C6%	C8%	C9%
-	-	0.56	10.50	51.84	4.27	0.07
0	0	0.52	8.94	55.89	4.80	0.00
0	4	0.27	9.86	50.86	4.85	0.00
1	1	0.53	9.59	52.47	3.39	0.00
1	5	1.08	16.26	41.46	1.26	0.46
2	2	0.78	11.39	52.66	3.37	0.00
2	6	0.25	8.80	50.13	8.36	0.10
3	3	0.45	9.75	51.96	5.19	0.00
3	7	0.56	9.51	59.56	2.97	0.00
Core	CPU	C1%	C3%	C6%	C8%	C9%
-	-	0.56	10.32	51.58	4.75	0.11
0	0	0.43	9.80	51.57	5.47	0.00
0	4	0.26	9.31	55.40	4.94	0.00
1	1	0.85	10.29	53.41	3.88	0.01
1	5	1.14	14.66	38.84	2.20	0.89
2	2	0.55	9.24	51.86	5.78	0.00
2	6	0.44	8.99	53.01	6.93	0.00
3	3	0.46	10.37	52.84	4.73	0.00
3	7	0.38	9.79	55.26	4.01	0.00
Core	CPU	C1%	C3%	C6%	C8%	C9%
-	-	0.43	9.75	52.59	8.03	0.02
0	0	0.48	7.85	55.45	11.16	0.00
0	4	0.76	10.14	60.11	5.79	0.00
1	1	0.18	9.31	55.70	9.39	0.00
1	5	0.65	15.14	49.60	1.98	0.09
2	2	0.38	9.79	54.32	9.99	0.00
2	6	0.34	6.86	40.63	3.79	0.00
3	3	0.24	7.39	51.56	13.98	0.00
3	7	0.39	11.48	53.21	8.15	0.09
Core	CPU	C1%	C3%	C6%	C8%	C9%
-	-	0.76	11.01	50.29	4.10	0.06
0	0	0.66	10.40	51.62	4.27	0.00
0	4	0.57	11.13	49.72	6.16	0.00
1	1	0.85	10.74	51.68	3.27	0.01
1	5	0.84	14.77	37.54	2.47	0.48
2	2	1.19	9.21	54.01	5.45	0.00
2	6	0.94	11.43	50.96	3.61	0.00
3	3	0.54	10.77	53.34	4.40	0.00
3	7	0.52	9.78	54.00	3.23	0.00
Core	CPU	C1%	C3%	C6%	C8%	C9%
-	-	0.58	10.89	52.22	4.23	0.09
0	0	0.47	8.93	54.40	7.66	0.01
0	4	0.38	10.55	50.38	4.44	0.00
1	1	0.84	10.98	54.72	4.26	0.00
1	5	1.04	14.60	39.00	3.49	0.67
2	2	0.49	11.51	55.97	1.51	0.00
2	6	0.72	10.89	56.04	2.94	0.00
3	3	0.26	10.80	54.20	3.45	0.00
3	7	0.47	8.79	52.60	6.02	0.00
Core	CPU	C1%	C3%	C6%	C8%	C9%
-	-	0.79	10.07	51.81	4.03	0.04
0	0	0.67	9.99	50.67	5.25	0.00
0	4	0.44	9.68	56.20	2.47	0.00
1	1	0.59	7.15	53.92	5.25	0.00
1	5	1.64	13.49	42.08	2.19	0.31
2	2	0.77	8.97	55.22	3.78	0.00
2	6	0.78	11.32	52.41	3.09	0.00
3	3	0.70	9.59	54.54	5.00	0.01
3	7	0.72	10.40	49.49	5.25	0.00
Core	CPU	C1%	C3%	C6%	C8%	C9%
-	-	0.41	10.04	52.75	5.11	0.05
0	0	0.54	9.90	54.25	4.64	0.00
0	4	0.40	10.12	53.86	6.13	0.13
1	1	0.58	8.72	50.15	9.19	0.00
1	5	0.55	13.70	43.32	2.86	0.23
2	2	0.19	9.48	58.83	4.73	0.00
2	6	0.30	9.96	53.15	4.69	0.00
3	3	0.44	9.23	55.81	3.28	0.00
3	7	0.26	9.20	52.79	5.39	0.00
Core	CPU	C1%	C3%	C6%	C8%	C9%
-	-	5.42	9.81	44.97	4.22	0.04
0	0	4.77	7.43	49.95	5.27	0.00
0	4	5.70	11.05	44.24	2.59	0.00
1	1	5.68	8.71	45.08	4.72	0.00
1	5	5.49	13.84	33.27	2.81	0.34
2	2	5.31	9.53	45.96	3.49	0.00
2	6	5.64	9.02	46.43	5.71	0.00
3	3	4.53	9.27	46.06	6.65	0.00
3	7	6.21	9.59	48.65	2.51	0.00
Core	CPU	C1%	C3%	C6%	C8%	C9%
-	-	17.49	8.09	23.87	4.21	0.02
0	0	17.68	6.10	23.31	7.91	0.03
0	4	18.21	8.93	22.82	3.28	0.13
1	1	16.19	8.50	22.93	4.39	0.01
1	5	17.35	9.45	22.63	3.08	0.00
2	2	17.95	7.71	24.04	4.13	0.02
2	6	19.36	8.53	23.63	3.84	0.00
3	3	16.54	7.99	25.25	3.60	0.01
3	7	16.64	7.52	26.32	3.41	0.00
Core	CPU	C1%	C3%	C6%	C8%	C9%
-	-	10.26	6.13	29.06	7.91	0.06
0	0	10.42	8.36	30.24	7.14	0.00
0	4	9.69	5.12	26.41	8.96	0.06
1	1	10.73	5.37	26.00	7.06	0.03
1	5	9.50	6.44	30.48	4.82	0.21
2	2	10.16	5.78	32.62	11.52	0.00
2	6	11.76	6.99	23.56	6.56	0.16
3	3	11.43	6.07	29.31	5.59	0.00
3	7	8.42	4.90	33.95	11.62	0.00
Core	CPU	C1%	C3%	C6%	C8%	C9%
-	-	9.47	6.94	25.23	13.08	0.17
0	0	10.02	7.04	24.45	9.65	0.00
0	4	9.09	6.96	25.56	18.63	0.00
1	1	8.97	7.37	21.37	1.38	0.00
1	5	10.02	7.58	23.86	1.00	0.00
2	2	10.68	7.96	25.72	23.54	1.00
2	6	9.12	6.97	26.55	24.32	0.29
3	3	9.60	6.14	26.01	4.75	0.00
3	7	8.26	5.47	28.27	21.32	0.04
Core	CPU	C1%	C3%	C6%	C8%	C9%
-	-	14.66	6.24	27.88	4.66	0.21
0	0	14.76	6.98	28.28	3.57	0.00
0	4	12.96	5.70	28.86	3.81	0.00
1	1	15.43	5.53	27.91	6.93	0.03
1	5	16.06	7.24	25.92	5.39	0.31
2	2	14.15	4.96	23.29	4.75	1.37
2	6	15.92	7.73	24.20	4.51	0.00
3	3	14.09	5.51	33.52	5.34	0.00
3	7	13.88	6.27	31.04	2.94	0.01
Core	CPU	C1%	C3%	C6%	C8%	C9%
-	-	13.07	6.71	29.03	4.46	0.21
0	0	13.54	6.23	32.97	4.65	0.02
0	4	12.88	7.48	26.62	4.72	0.64
1	1	11.60	6.44	28.82	6.96	0.00
1	5	14.64	6.69	28.49	3.64	0.00
2	2	14.27	6.60	27.93	4.34	0.00
2	6	13.53	6.86	29.33	4.29	0.77
3	3	11.39	5.95	29.71	3.69	0.21
3	7	12.74	7.43	28.39	3.38	0.00
Core	CPU	C1%	C3%	C6%	C8%	C9%
-	-	12.80	6.62	28.82	5.15	0.14
0	0	13.91	6.75	29.19	3.86	0.00
0	4	13.82	5.09	26.76	4.34	0.38
1	1	11.91	6.88	29.97	5.52	0.00
1	5	14.05	7.63	26.63	4.20	0.00
2	2	12.04	7.02	29.21	4.41	0.00
2	6	12.36	6.86	28.65	6.83	0.03
3	3	10.16	6.38	31.38	7.45	0.56
3	7	14.12	6.37	28.69	4.61	0.16
Core	CPU	C1%	C3%	C6%	C8%	C9%
-	-	12.51	7.09	27.94	4.92	0.08
0	0	11.27	6.23	29.21	5.72	0.00
0	4	12.34	7.00	25.90	4.17	0.05
1	1	11.10	7.34	31.21	7.94	0.00
1	5	14.59	7.29	27.32	2.84	0.03
2	2	13.32	8.39	25.31	4.37	0.02
2	6	10.36	6.79	28.22	5.29	0.44
3	3	13.20	7.19	30.37	4.90	0.00
3	7	13.93	6.52	25.96	4.14	0.07
Core	CPU	C1%	C3%	C6%	C8%	C9%
-	-	9.14	5.31	34.55	7.09	0.11
0	0	9.14	5.70	31.58	9.13	0.00
0	4	7.80	5.23	39.24	7.46	0.00
1	1	9.63	5.34	33.69	8.01	0.02
1	5	9.17	5.73	32.14	6.49	0.06
2	2	9.49	5.01	34.79	6.42	0.64
2	6	8.93	5.41	38.37	6.77	0.17
3	3	10.57	4.74	34.63	5.44	0.00
3	7	8.38	5.30	31.93	6.97	0.01
Core	CPU	C1%	C3%	C6%	C8%	C9%
-	-	12.76	6.17	28.25	4.75	0.12
0	0	12.15	6.56	27.97	4.70	0.07
0	4	12.84	5.98	27.59	3.07	0.51
1	1	10.99	5.99	25.41	7.06	0.11
1	5	13.14	6.11	27.37	5.69	0.13
2	2	14.55	5.47	27.70	6.42	0.11
2	6	11.06	6.89	28.34	4.01	0.00
3	3	12.15	5.40	33.72	3.50	0.01
3	7	15.21	6.93	27.85	3.54	0.00
Core	CPU	C1%	C3%	C6%	C8%	C9%
-	-	11.10	6.20	28.48	5.39	0.04
0	0	10.39	6.00	31.49	6.61	0.00
0	4	11.16	6.14	29.26	3.30	0.00
1	1	10.87	6.21	31.12	6.26	0.21
1	5	10.33	5.84	24.81	3.60	0.00
2	2	11.97	6.63	27.12	5.66	0.00
2	6	10.07	6.24	29.21	6.67	0.08
3	3	11.81	6.68	29.12	6.67	0.00
3	7	12.21	5.83	25.67	4.31	0.00
Core	CPU	C1%	C3%	C6%	C8%	C9%
-	-	8.99	4.16	21.29	19.10	0.43
0	0	7.70	4.69	23.87	34.11	0.00
0	4	8.16	4.09	24.94	28.31	2.35
1	1	9.21	4.09	20.12	4.61	1.05
1	5	9.04	4.44	25.15	27.49	0.01
2	2	9.35	3.59	18.70	1.84	0.00
2	6	8.87	3.23	19.67	29.86	0.00
3	3	9.61	4.15	20.80	24.64	0.00
3	7	10.01	4.97	17.08	1.94	0.00
Core	CPU	C1%	C3%	C6%	C8%	C9%
-	-	12.95	6.83	31.26	4.63	0.11
0	0	12.17	6.76	29.80	4.41	0.01
0	4	10.90	6.17	35.76	11.30	0.00
1	1	13.85	6.74	29.22	4.90	0.01
1	5	14.15	6.66	31.24	2.79	0.82
2	2	13.74	7.24	27.72	3.77	0.00
2	6	12.00	6.57	34.51	3.16	0.08
3	3	14.85	7.31	32.31	2.50	0.00
3	7	11.90	7.23	29.51	4.19	0.00
Core	CPU	C1%	C3%	C6%	C8%	C9%
-	-	11.03	5.50	31.09	5.82	0.06
0	0	12.07	5.07	33.80	4.64	0.00
0	4	11.73	5.13	30.91	4.20	0.00
1	1	11.58	5.41	30.21	6.79	0.23
1	5	10.91	5.66	34.59	5.85	0.00
2	2	11.06	5.11	29.40	10.01	0.20
2	6	11.90	6.77	30.00	2.97	0.04
3	3	8.64	5.13	29.88	7.60	0.02
3	7	10.31	5.68	29.92	4.51	0.00
Core	CPU	C1%	C3%	C6%	C8%	C9%
-	-	13.06	6.63	28.49	3.91	0.02
0	0	14.13	8.17	25.58	2.83	0.00
0	4	13.45	7.08	29.69	1.48	0.02
1	1	12.77	5.92	30.24	6.03	0.01
1	5	13.99	5.94	28.92	3.82	0.02
2	2	12.66	6.09	29.29	2.87	0.00
2	6	13.29	7.41	27.56	2.53	0.08
3	3	11.92	5.40	27.65	5.94	0.00
3	7	12.29	7.04	28.94	5.74	0.00
Core	CPU	C1%	C3%	C6%	C8%	C9%
-	-	10.04	6.40	33.85	5.29	0.46
0	0	9.91	6.57	32.60	7.26	0.03
0	4	10.41	6.71	32.93	4.13	0.00
1	1	9.63	5.25	36.76	4.84	0.30
1	5	11.48	6.67	33.54	4.36	1.08
2	2	9.06	5.50	35.18	7.51	0.22
2	6	12.02	6.41	29.98	6.07	0.00
3	3	10.04	7.63	35.79	4.94	0.40
3	7	7.81	6.48	34.13	3.24	1.66
Core	CPU	C1%	C3%	C6%	C8%	C9%
-	-	11.59	5.89	31.80	4.95	0.03
0	0	10.16	6.08	33.49	7.99	0.00
0	4	12.86	6.11	31.45	3.06	0.01
1	1	11.18	6.14	31.32	4.09	0.00
1	5	12.70	4.63	30.35	2.92	0.05
2	2	12.60	6.60	33.57	4.91	0.00
2	6	11.99	5.32	29.57	3.01	0.16
3	3	9.92	6.44	33.15	10.30	0.05
3	7	11.26	5.81	31.36	3.30	0.00
Core	CPU	C1%	C3%	C6%	C8%	C9%
-	-	16.13	7.27	24.33	3.53	0.06
0	0	17.28	7.60	23.65	3.24	0.01
0	4	16.68	7.74	25.21	2.15	0.00
1	1	15.87	6.82	25.95	3.86	0.01
1	5	19.51	8.20	19.38	1.22	0.03
2	2	14.39	5.83	25.14	6.54	0.03
2	6	16.77	7.80	22.61	3.04	0.39
3	3	13.17	7.20	28.36	4.81	0.03
3	7	15.39	6.97	24.34	3.39	0.00
Core	CPU	C1%	C3%	C6%	C8%	C9%
-	-	16.55	7.73	24.46	3.10	0.06
0	0	17.92	7.55	24.83	2.35	0.00
0	4	16.80	6.18	22.20	3.91	0.00
1	1	16.57	7.16	25.69	6.97	0.04
1	5	17.61	8.31	21.71	1.15	0.01
2	2	16.04	8.45	26.14	1.63	0.42
2	6	18.30	8.17	23.83	1.13	0.00
3	3	16.06	8.56	26.28	5.36	0.01
3	7	13.08	7.46	25.03	2.28	0.01
Core	CPU	C1%	C3%	C6%	C8%	C9%
-	-	12.59	6.35	29.72	3.80	0.05
0	0	12.53	5.96	28.22	4.60	0.01
0	4	11.34	5.35	31.14	2.73	0.00
1	1	12.90	6.85	29.69	6.29	0.00
1	5	15.74	6.21	27.46	1.74	0.00
2	2	10.82	6.42	32.07	6.59	0.18
2	6	14.21	7.24	27.98	2.44	0.19
3	3	12.03	6.11	31.01	3.72	0.00
3	7	11.13	6.69	30.16	2.29	0.00
Core	CPU	C1%	C3%	C6%	C8%	C9%
-	-	5.06	9.91	41.95	5.17	0.00
0	0	5.50	10.42	38.07	2.46	0.00
0	4	6.02	11.16	40.95	1.77	0.00
1	1	4.33	7.90	44.83	8.80	0.00
1	5	4.08	10.20	41.87	4.97	0.00
2	2	4.38	9.48	44.96	4.19	0.00
2	6	5.80	9.39	39.79	6.90	0.00
3	3	4.39	10.24	44.69	6.87	0.00
3	7	5.97	10.53	40.42	5.40	0.00
Core	CPU	C1%	C3%	C6%	C8%	C9%
-	-	4.76	8.22	39.39	18.15	0.04
0	0	3.30	7.03	36.59	33.55	0.00
0	4	4.50	9.71	40.82	15.22	0.29
1	1	4.32	6.89	33.78	11.95	0.00
1	5	4.79	7.44	35.91	11.46	0.00
2	2	5.17	10.59	51.71	7.84	0.00
2	6	5.32	7.24	36.15	20.09	0.00
3	3	5.38	8.80	40.77	19.82	0.00
3	7	5.34	8.04	39.42	25.31	0.00
Core	CPU	C1%	C3%	C6%	C8%	C9%
-	-	0.50	7.81	54.09	4.88	0.02
0	0	0.28	8.20	52.87	3.79	0.01
0	4	0.67	7.80	54.64	5.99	0.00
1	1	0.57	7.05	52.32	8.04	0.05
1	5	0.37	8.13	58.19	3.79	0.00
2	2	0.67	8.61	54.51	3.29	0.00
2	6	0.80	8.08	52.71	2.46	0.00
3	3	0.31	7.82	53.61	3.36	0.12
3	7	0.33	6.84	53.97	8.36	0.00
Core	CPU	C1%	C3%	C6%	C8%	C9%
-	-	0.47	5.57	55.25	9.39	0.05
0	0	0.08	5.40	52.58	15.33	0.00
0	4	0.45	6.44	56.11	8.62	0.00
1	1	0.80	4.93	55.66	6.95	0.00
1	5	0.49	6.65	54.16	5.36	0.42
2	2	0.28	4.26	56.87	11.44	0.02
2	6	0.85	6.01	60.34	6.08	0.00
3	3	0.36	5.54	57.39	7.98	0.00
3	7	0.42	5.35	48.77	13.36	0.00
Core	CPU	C1%	C3%	C6%	C8%	C9%
-	-	0.32	4.63	55.10	8.78	0.19
0	0	0.55	4.21	55.98	8.12	0.11
0	4	0.36	4.70	50.37	7.98	0.00
1	1	0.47	5.06	61.04	6.18	0.00
1	5	0.26	5.10	52.70	5.74	1.25
2	2	0.19	4.90	53.30	15.27	0.10
2	6	0.18	5.08	57.66	6.26	0.04
3	3	0.13	3.46	54.28	9.89	0.00
3	7	0.41	4.53	55.45	10.85	0.00
Core	CPU	C1%	C3%	C6%	C8%	C9%
-	-	0.32	5.62	55.23	7.84	0.09
0	0	0.40	4.60	55.98	5.88	0.01
0	4	0.68	6.05	55.86	5.32	0.00
1	1	0.13	5.32	54.58	7.69	0.25
1	5	0.37	6.74	54.80	13.15	0.14
2	2	0.38	4.60	51.45	12.14	0.01
2	6	0.15	6.23	56.13	4.76	0.28
3	3	0.25	5.60	55.82	6.26	0.00
3	7	0.22	5.84	57.22	7.52	0.00
Core	CPU	C1%	C3%	C6%	C8%	C9%
-	-	0.48	6.31	53.71	7.18	0.03
0	0	0.50	6.54	51.82	8.56	0.00
0	4	0.36	7.19	50.33	4.13	0.00
1	1	0.51	5.13	49.38	12.55	0.00
1	5	0.42	7.44	58.98	4.64	0.24
2	2	0.36	5.51	56.44	10.22	0.00
2	6	0.38	6.31	54.05	8.56	0.00
3	3	0.49	5.95	54.15	6.31	0.00
3	7	0.80	6.42	54.66	2.48	0.00
Core	CPU	C1%	C3%	C6%	C8%	C9%
-	-	0.24	3.67	54.13	9.62	0.14
0	0	0.27	3.57	54.24	11.24	0.00
0	4	0.25	3.60	54.50	13.66	0.00
1	1	0.10	2.84	51.50	12.73	0.00
1	5	0.34	5.15	57.86	6.08	0.00
2	2	0.31	3.46	56.19	8.80	0.00
2	6	0.30	3.54	50.31	7.42	1.09
3	3	0.18	4.54	63.00	7.81	0.00
3	7	0.15	2.69	45.25	9.23	0.05
Core	CPU	C1%	C3%	C6%	C8%	C9%
-	-	0.21	4.35	55.46	8.50	0.17
0	0	0.40	4.12	55.95	5.43	0.00
0	4	0.10	3.71	54.23	15.74	0.00
1	1	0.19	5.16	59.43	9.05	0.00
1	5	0.34	3.92	52.92	8.55	1.13
2	2	0.13	4.41	59.79	7.48	0.22
2	6	0.19	4.47	57.24	8.00	0.00
3	3	0.16	5.01	54.18	6.39	0.01
3	7	0.14	3.97	49.91	7.40	0.00
Core	CPU	C1%	C3%	C6%	C8%	C9%
-	-	0.46	5.39	55.30	7.88	0.22
0	0	0.20	5.87	59.47	7.28	0.00
0	4	0.16	4.25	53.26	8.59	0.00
1	1	0.53	6.23	54.94	7.56	0.10
1	5	0.67	6.05	53.14	6.26	1.64
2	2	0.09	4.88	58.84	7.89	0.01
2	6	1.13	4.48	55.92	10.85	0.00
3	3	0.80	6.30	54.28	6.85	0.00
3	7	0.13	5.04	52.63	7.78	0.00
Core	CPU	C1%	C3%	C6%	C8%	C9%
-	-	0.34	6.62	54.53	6.85	0.34
0	0	0.41	7.49	54.58	6.96	0.00
0	4	0.31	6.01	56.05	6.00	0.11
1	1	0.40	6.16	57.08	8.36	0.00
1	5	0.24	7.79	52.11	5.53	2.34
2	2	0.24	6.67	55.18	8.81	0.00
2	6	0.40	6.52	53.69	4.72	0.27
3	3	0.18	5.87	53.00	10.79	0.00
3	7	0.52	6.49	54.62	3.60	0.00
Core	CPU	C1%	C3%	C6%	C8%	C9%
-	-	0.33	4.90	53.58	9.05	0.05
0	0	0.23	4.40	55.81	12.96	0.00
0	4	0.34	5.46	54.60	6.21	0.01
1	1	0.33	5.35	51.77	7.12	0.00
1	5	0.52	6.16	55.92	8.85	0.22
2	2	0.34	4.67	50.50	11.05	0.11
2	6	0.48	4.19	54.85	8.65	0.00
3	3	0.15	4.63	55.98	10.09	0.04
3	7	0.28	4.38	49.15	7.45	0.00
Core	CPU	C1%	C3%	C6%	C8%	C9%
-	-	0.38	4.95	52.97	8.68	0.04
0	0	0.16	4.19	56.60	13.50	0.00
0	4	0.57	5.89	53.80	6.40	0.00
1	1	0.22	3.93	49.14	12.41	0.12
1	5	0.41	6.45	55.83	4.96	0.23
2	2	0.92	4.76	50.44	11.27	0.00
2	6	0.52	5.11	54.09	7.36	0.00
3	3	0.16	4.17	44.51	8.09	0.00
3	7	0.12	5.11	59.38	5.49	0.00
Core	CPU	C1%	C3%	C6%	C8%	C9%
-	-	0.27	4.53	55.27	8.46	0.15
0	0	0.58	4.33	59.99	8.76	0.00
0	4	0.25	2.98	52.57	7.85	0.01
1	1	0.14	5.02	59.04	12.16	0.00
1	5	0.22	4.87	55.80	3.67	0.68
2	2	0.21	3.73	55.57	12.15	0.00
2	6	0.30	5.22	53.66	5.76	0.00
3	3	0.12	5.15	49.49	9.95	0.53
3	7	0.35	4.95	56.03	7.39	0.00
Core	CPU	C1%	C3%	C6%	C8%	C9%
-	-	0.31	5.00	55.13	9.57	0.06
0	0	0.22	5.28	56.38	10.27	0.00
0	4	0.14	4.58	54.30	10.98	0.00
1	1	0.32	3.39	53.41	13.47	0.35
1	5	0.42	6.59	54.74	6.38	0.03
2	2	0.25	5.46	59.99	10.48	0.00
2	6	0.35	4.82	48.15	9.89	0.00
3	3	0.64	5.19	55.11	9.15	0.00
3	7	0.16	4.72	59.06	5.98	0.08
Core	CPU	C1%	C3%	C6%	C8%	C9%
-	-	0.16	3.73	53.38	10.46	0.07
0	0	0.54	4.35	55.35	10.73	0.16
0	4	0.07	2.66	52.38	8.83	0.15
1	1	0.04	3.26	51.93	11.20	0.00
1	5	0.31	4.73	56.68	9.44	0.25
2	2	0.03	3.20	50.12	7.76	0.00
2	6	0.15	4.54	53.45	9.06	0.00
3	3	0.08	3.82	51.91	9.39	0.00
3	7	0.08	3.35	55.75	17.36	0.00
Core	CPU	C1%	C3%	C6%	C8%	C9%
-	-	0.45	8.17	55.95	4.74	0.01
0	0	0.45	9.08	54.89	4.82	0.00
0	4	0.27	7.74	54.65	6.59	0.00
1	1	0.74	7.28	60.08	2.90	0.00
1	5	0.62	9.85	54.37	4.39	0.09
2	2	0.40	7.71	56.80	5.03	0.01
2	6	0.33	8.62	53.48	3.39	0.00
3	3	0.44	7.76	58.17	6.14	0.00
3	7	0.33	7.27	54.55	4.60	0.00
Core	CPU	C1%	C3%	C6%	C8%	C9%
-	-	0.95	13.86	46.28	2.20	0.00
0	0	1.08	13.73	52.12	2.68	0.00
0	4	1.06	14.82	44.24	2.59	0.00
1	1	1.18	14.06	48.02	2.11	0.00
1	5	0.98	15.97	45.51	0.34	0.00
2	2	0.99	13.68	47.92	1.52	0.00
2	6	0.57	14.01	48.64	3.35	0.00
3	3	0.70	8.64	37.63	3.28	0.00
3	7	1.03	16.22	46.98	1.76	0.00
Core	CPU	C1%	C3%	C6%	C8%	C9%
-	-	4.23	13.07	33.32	1.94	0.00
0	0	4.36	14.38	31.75	1.74	0.00
0	4	5.02	13.41	33.15	2.33	0.00
1	1	4.11	12.58	33.39	2.50	0.00
1	5	4.72	13.45	32.64	1.78	0.00
2	2	4.30	13.40	33.37	2.32	0.00
2	6	4.60	12.19	35.32	1.88	0.00
3	3	3.36	15.03	33.04	1.60	0.00
3	7	3.31	9.84	33.26	1.36	0.00
Core	CPU	C1%	C3%	C6%	C8%	C9%
-	-	0.86	14.98	48.64	0.94	0.00
0	0	1.09	16.47	45.09	0.31	0.00
0	4	0.80	14.15	48.81	0.84	0.00
1	1	0.74	14.76	49.68	1.20	0.00
1	5	0.85	14.48	49.72	1.47	0.00
2	2	0.79	14.91	49.37	1.25	0.00
2	6	1.04	15.62	47.98	0.56	0.00
3	3	0.98	15.47	47.93	0.29	0.00
3	7	0.61	13.96	50.56	1.61	0.00
Core	CPU	C1%	C3%	C6%	C8%	C9%
-	-	1.01	14.96	48.47	0.65	0.00
0	0	1.24	15.66	46.63	0.62	0.00
0	4	0.72	14.79	49.32	0.41	0.00
1	1	0.90	14.63	49.88	0.61	0.00
1	5	1.02	15.13	47.46	1.19	0.00
2	2	1.25	14.14	50.30	1.64	0.00
2	6	1.06	15.85	46.22	0.02	0.00
3	3	0.65	15.54	48.76	0.36	0.00
3	7	1.26	13.97	49.20	0.37	0.00
Core	CPU	C1%	C3%	C6%	C8%	C9%
-	-	1.02	16.01	47.04	0.31	0.00
0	0	0.72	15.42	47.57	0.05	0.00
0	4	0.87	16.52	46.99	0.25	0.00
1	1	0.84	14.84	51.68	1.11	0.00
1	5	1.12	17.63	40.55	0.30	0.00
2	2	0.92	16.33	48.16	0.01	0.00
2	6	1.45	15.66	45.91	0.16	0.00
3	3	1.05	15.25	49.77	0.11	0.00
3	7	1.18	16.45	45.74	0.46	0.00
Core	CPU	C1%	C3%	C6%	C8%	C9%
-	-	1.08	15.69	47.86	0.36	0.00
0	0	1.21	14.51	49.06	0.61	0.00
0	4	1.11	16.32	46.06	0.06	0.00
1	1	0.82	15.06	51.57	0.52	0.00
1	5	1.14	16.22	46.73	0.02	0.00
2	2	1.19	16.31	48.20	0.05	0.00
2	6	1.04	15.86	46.80	0.56	0.00
3	3	1.03	14.89	49.75	0.74	0.00
3	7	1.13	16.33	44.62	0.35	0.00
Core	CPU	C1%	C3%	C6%	C8%	C9%
-	-	1.01	14.63	48.91	0.99	0.00
0	0	0.63	14.35	50.86	1.15	0.00
0	4	0.71	15.93	45.06	0.75	0.00
1	1	0.82	13.51	50.54	1.49	0.00
1	5	0.97	13.91	50.59	0.49	0.00
2	2	1.56	14.28	48.97	1.26	0.00
2	6	1.01	14.62	50.40	1.82	0.00
3	3	1.18	16.72	46.12	0.39	0.00
3	7	1.21	13.72	48.70	0.62	0.00
Core	CPU	C1%	C3%	C6%	C8%	C9%
-	-	0.97	15.17	49.00	0.59	0.00
0	0	1.39	16.18	44.64	0.47	0.00
0	4	0.84	12.68	56.01	0.73	0.00
1	1	1.00	15.32	48.42	0.51	0.00
1	5	1.22	16.26	48.62	0.43	0.00
2	2	0.62	13.93	51.40	0.50	0.00
2	6	0.91	15.42	47.44	0.77	0.00
3	3	1.03	15.11	50.33	0.58	0.00
3	7	0.77	16.49	45.13	0.77	0.00
Core	CPU	C1%	C3%	C6%	C8%	C9%
-	-	1.00	15.20	48.30	0.51	0.00
0	0	0.60	15.08	48.58	0.95	0.00
0	4	1.53	15.39	45.46	0.19	0.00
1	1	0.92	14.90	50.46	0.98	0.00
1	5	1.09	15.62	47.38	0.56	0.00
2	2	0.81	15.32	49.64	0.41	0.00
2	6	1.07	14.46	49.63	0.37	0.00
3	3	1.18	15.60	47.13	0.21	0.00
3	7	0.80	15.22	48.08	0.42	0.00
Core	CPU	C1%	C3%	C6%	C8%	C9%
-	-	3.17	14.51	43.77	0.80	0.00
0	0	2.99	14.06	45.92	1.09	0.00
0	4	3.79	14.95	43.39	0.26	0.00
1	1	2.82	15.21	44.39	0.02	0.00
1	5	3.41	14.97	41.93	0.08	0.00
2	2	2.87	13.88	48.03	1.45	0.00
2	6	3.29	15.79	41.76	0.22	0.00
3	3	3.49	13.39	45.49	0.70	0.00
3	7	2.67	13.78	39.10	2.55	0.00
Core	CPU	C1%	C3%	C6%	C8%	C9%
-	-	6.72	15.98	35.34	0.30	0.00
0	0	7.15	16.53	34.76	0.06	0.00
0	4	6.43	16.05	35.86	0.53	0.00
1	1	6.66	15.79	35.23	0.03	0.00
1	5	8.23	15.37	34.01	0.13	0.00
2	2	7.08	15.56	35.73	0.29	0.00
2	6	6.52	17.00	34.20	0.39	0.00
3	3	5.56	16.12	38.36	0.11	0.00
3	7	6.12	15.47	34.69	0.81	0.00
Core	CPU	C1%	C3%	C6%	C8%	C9%
-	-	1.20	14.64	48.79	0.59	0.00
0	0	1.17	15.18	47.00	1.00	0.00
0	4	1.96	14.53	49.13	0.31	0.00
1	1	1.22	13.51	51.31	1.59	0.00
1	5	1.21	13.99	50.54	0.73	0.00
2	2	0.83	15.05	51.97	0.04	0.00
2	6	1.18	15.76	45.69	0.09	0.00
3	3	1.06	14.34	46.38	0.78	0.00
3	7	0.98	14.74	48.30	0.17	0.00
Core	CPU	C1%	C3%	C6%	C8%	C9%
-	-	0.87	12.69	51.86	2.35	0.00
0	0	1.12	12.54	52.04	3.50	0.00
0	4	0.72	13.14	53.57	1.44	0.00
1	1	0.70	12.02	52.86	1.45	0.00
1	5	0.53	13.55	50.06	2.62	0.00
2	2	0.73	12.99	53.87	1.72	0.00
2	6	1.13	12.52	52.49	1.55	0.00
3	3	1.39	13.81	46.13	3.16	0.00
3	7	0.62	10.99	53.82	3.39	0.00
Core	CPU	C1%	C3%	C6%	C8%	C9%
-	-	1.10	13.08	48.03	4.02	0.00
0	0	1.19	18.37	45.00	3.29	0.00
0	4	0.26	4.93	33.07	4.09	0.00
1	1	1.05	14.03	49.80	5.74	0.00
1	5	1.29	11.39	53.01	1.90	0.00
2	2	0.94	13.48	53.80	2.46	0.00
2	6	1.53	13.64	48.16	4.23	0.00
3	3	1.24	13.55	51.51	5.87	0.00
3	7	1.27	15.28	49.93	4.54	0.00
Core	CPU	C1%	C3%	C6%	C8%	C9%
-	-	0.52	12.24	51.22	2.90	0.00
0	0	0.22	10.46	53.53	5.30	0.00
0	4	0.61	11.68	52.35	1.93	0.00
1	1	0.60	12.07	53.30	2.06	0.00
1	5	0.93	16.45	40.06	2.01	0.00
2	2	0.24	11.39	52.12	3.04	0.00
2	6	0.63	12.06	52.13	2.08	0.00
3	3	0.51	11.45	53.45	3.49	0.00
3	7	0.42	12.36	52.82	3.26	0.00
Core	CPU	C1%	C3%	C6%	C8%	C9%
-	-	0.60	11.94	51.37	4.02	0.04
0	0	0.51	11.24	53.06	5.70	0.00
0	4	0.46	12.36	54.13	3.23	0.00
1	1	0.45	11.82	50.49	4.04	0.00
1	5	0.70	13.27	47.44	2.76	0.24
2	2	0.84	10.20	52.01	5.76	0.01
2	6	0.48	12.74	50.39	3.20	0.00
3	3	1.05	12.35	48.93	3.54	0.00
3	7	0.33	11.52	54.47	3.91	0.05
Core	CPU	C1%	C3%	C6%	C8%	C9%
-	-	0.40	7.58	53.92	9.94	0.02
0	0	0.62	7.48	55.02	10.34	0.00
0	4	0.20	7.40	56.65	9.51	0.00
1	1	0.46	7.23	55.33	8.99	0.00
1	5	0.29	7.68	48.66	10.70	0.08
2	2	0.43	6.84	57.28	11.82	0.00
2	6	0.33	7.88	48.53	8.62	0.05
3	3	0.38	6.78	53.65	11.47	0.00
3	7	0.49	9.40	56.27	8.08	0.00
Core	CPU	C1%	C3%	C6%	C8%	C9%
-	-	0.39	9.03	54.25	6.36	0.18
0	0	0.41	9.39	52.85	6.29	0.00
0	4	0.41	9.26	55.14	3.91	0.00
1	1	0.22	8.79	54.15	5.75	0.00
1	5	0.65	12.11	46.35	6.35	1.28
2	2	0.27	6.78	54.55	11.96	0.00
2	6	0.42	9.79	53.94	4.91	0.00
3	3	0.15	8.33	58.10	4.99	0.00
3	7	0.56	7.82	59.00	6.73	0.18
Core	CPU	C1%	C3%	C6%	C8%	C9%
-	-	0.21	7.65	54.73	9.51	0.00
0	0	0.17	6.58	58.55	8.52	0.00
0	4	0.25	7.40	55.30	11.73	0.00
1	1	0.15	7.63	57.91	6.87	0.00
1	5	0.37	12.36	45.59	6.58	0.03
2	2	0.21	6.64	57.47	7.79	0.00
2	6	0.21	7.27	54.89	9.07	0.00
3	3	0.16	7.53	52.67	12.43	0.00
3	7	0.20	5.84	55.75	13.12	0.00
Core	CPU	C1%	C3%	C6%	C8%	C9%
-	-	0.29	6.44	56.57	10.33	0.07
0	0	0.18	5.04	57.50	15.38	0.00
0	4	0.31	6.92	55.75	11.28	0.00
1	1	0.05	5.48	58.81	10.71	0.00
1	5	0.54	10.41	51.95	5.07	0.56
2	2	0.54	6.16	58.75	8.23	0.00
2	6	0.42	5.18	59.14	8.82	0.00
3	3	0.20	6.06	53.17	11.06	0.01
3	7	0.10	6.21	57.14	12.02	0.00
Core	CPU	C1%	C3%	C6%	C8%	C9%
-	-	0.41	8.29	56.44	7.00	0.11
0	0	0.35	7.94	59.04	7.19	0.00
0	4	0.16	6.77	56.01	9.10	0.20
1	1	0.39	8.48	55.65	9.02	0.00
1	5	0.51	11.55	50.91	4.51	0.72
2	2	0.65	8.11	59.13	3.99	0.00
2	6	0.54	8.23	58.20	6.81	0.00
3	3	0.35	7.22	59.15	5.38	0.00
3	7	0.36	8.06	53.40	9.97	0.00
Core	CPU	C1%	C3%	C6%	C8%	C9%
-	-	0.37	7.66	56.59	6.56	0.21
0	0	0.44	6.83	57.41	6.30	0.09
0	4	0.19	7.34	59.98	4.84	0.21
1	1	0.30	7.40	58.43	7.29	0.00
1	5	0.39	10.22	52.55	4.86	1.36
2	2	0.20	6.74	58.83	8.47	0.00
2	6	0.42	8.74	55.85	5.65	0.00
3	3	0.64	7.31	58.64	6.80	0.00
3	7	0.35	6.74	51.32	8.29	0.01
Core	CPU	C1%	C3%	C6%	C8%	C9%
-	-	0.53	8.39	56.04	5.95	0.01
0	0	0.36	8.28	59.40	6.33	0.00
0	4	0.47	9.32	56.46	5.69	0.00
1	1	0.85	7.21	55.21	7.65	0.00
1	5	0.75	11.08	52.06	3.96	0.09
2	2	0.57	7.04	57.16	6.68	0.00
2	6	0.67	7.70	57.90	5.11	0.00
3	3	0.23	7.82	56.71	5.73	0.00
3	7	0.33	8.84	54.29	6.50	0.00
Core	CPU	C1%	C3%	C6%	C8%	C9%
-	-	0.36	6.97	59.34	7.13	0.06
0	0	0.17	7.29	60.23	6.91	0.01
0	4	0.49	6.14	58.35	5.57	0.46
1	1	0.25	6.76	59.17	7.22	0.00
1	5	0.37	8.07	55.01	7.73	0.00
2	2	0.53	6.59	57.30	8.98	0.00
2	6	0.16	7.26	60.76	7.19	0.00
3	3	0.40	7.45	63.04	5.13	0.00
3	7	0.47	6.09	59.66	8.21	0.00
Core	CPU	C1%	C3%	C6%	C8%	C9%
-	-	0.19	7.21	56.20	8.56	0.06
0	0	0.17	6.04	62.22	7.03	0.01
0	4	0.23	6.95	56.37	8.25	0.00
1	1	0.21	5.87	52.36	13.70	0.00
1	5	0.36	13.25	48.57	3.90	0.46
2	2	0.07	8.10	58.78	7.17	0.00
2	6	0.15	5.45	58.59	8.81	0.00
3	3	0.19	5.86	55.84	9.75	0.00
3	7	0.10	6.12	56.87	9.89	0.00
Core	CPU	C1%	C3%	C6%	C8%	C9%
-	-	0.26	6.56	55.27	9.32	0.24
0	0	0.22	5.49	55.73	10.44	0.00
0	4	0.39	5.64	52.98	12.56	0.01
1	1	0.14	5.41	58.33	12.36	0.00
1	5	0.38	10.19	47.04	6.02	1.62
2	2	0.11	7.07	56.66	8.09	0.00
2	6	0.26	5.92	58.48	8.04	0.31
3	3	0.21	6.17	53.24	11.84	0.00
3	7	0.39	6.62	60.01	5.27	0.00
Core	CPU	C1%	C3%	C6%	C8%	C9%
-	-	0.34	8.19	54.46	8.57	0.10
0	0	0.32	6.61	57.93	9.09	0.00
0	4	0.09	7.86	53.12	8.37	0.00
1	1	0.70	7.50	54.28	9.24	0.17
1	5	0.43	13.21	46.62	5.19	0.62
2	2	0.47	7.19	57.77	7.62	0.00
2	6	0.18	8.00	54.71	9.33	0.00
3	3	0.46	8.66	60.07	7.54	0.00
3	7	0.10	6.59	51.60	12.23	0.00
Core	CPU	C1%	C3%	C6%	C8%	C9%
-	-	0.79	9.62	53.26	8.78	0.08
0	0	0.89	10.27	55.16	9.61	0.00
0	4	1.12	9.82	60.27	7.35	0.00
1	1	0.46	9.98	62.49	5.71	0.00
1	5	0.74	13.82	51.67	5.73	0.63
2	2	0.62	9.88	61.03	6.07	0.00
2	6	1.15	8.64	56.62	14.91	0.00
3	3	0.53	4.37	32.00	3.18	0.00
3	7	0.82	10.00	46.05	17.62	0.00
Core	CPU	C1%	C3%	C6%	C8%	C9%
-	-	0.44	8.27	55.62	7.39	0.04
0	0	0.49	7.65	59.02	6.68	0.00
0	4	0.52	8.30	58.93	7.57	0.00
1	1	0.75	8.35	50.36	8.07	0.01
1	5	0.56	11.21	49.00	5.89	0.33
2	2	0.09	6.98	55.31	10.51	0.00
2	6	0.37	8.39	60.61	4.26	0.00
3	3	0.49	7.71	57.64	6.67	0.00
3	7	0.25	7.55	54.05	9.49	0.00
Core	CPU	C1%	C3%	C6%	C8%	C9%
-	-	11.53	8.39	35.08	5.14	0.04
0	0	11.48	9.13	33.69	3.68	0.05
0	4	9.90	8.20	35.96	7.39	0.00
1	1	10.65	8.52	34.00	4.00	0.00
1	5	11.71	8.43	34.35	7.72	0.06
2	2	11.69	7.98	37.80	6.39	0.00
2	6	12.67	7.88	35.10	3.34	0.11
3	3	12.53	7.94	36.90	4.08	0.12
3	7	11.61	9.01	32.82	4.51	0.01
Core	CPU	C1%	C3%	C6%	C8%	C9%
-	-	12.42	6.31	29.19	4.71	0.06
0	0	13.58	6.66	28.60	4.68	0.01
0	4	13.09	6.40	30.26	3.76	0.00
1	1	12.80	6.39	28.32	4.87	0.01
1	5	11.74	5.77	29.88	4.08	0.04
2	2	11.02	6.36	28.87	4.60	0.01
2	6	12.23	6.24	28.76	3.34	0.01
3	3	12.45	6.45	28.82	5.25	0.41
3	7	12.41	6.24	29.96	7.09	0.00
Core	CPU	C1%	C3%	C6%	C8%	C9%
-	-	15.75	8.02	28.31	3.51	0.04
0	0	14.61	7.69	25.89	3.87	0.01
0	4	14.73	8.93	28.92	2.74	0.00
1	1	16.92	8.70	27.63	4.86	0.01
1	5	14.73	8.35	30.40	3.96	0.12
2	2	16.44	8.83	28.23	2.64	0.20
2	6	14.88	6.87	28.51	5.44	0.00
3	3	16.17	7.80	26.95	2.50	0.01
3	7	17.50	7.00	29.97	2.09	0.00
Core	CPU	C1%	C3%	C6%	C8%	C9%
-	-	12.15	8.98	30.20	4.45	0.22
0	0	13.63	7.52	30.47	6.10	0.01
0	4	11.59	9.97	32.16	3.82	1.20
1	1	12.15	9.15	27.93	5.79	0.02
1	5	13.67	9.27	28.09	2.66	0.37
2	2	11.50	9.47	29.65	2.82	0.00
2	6	11.49	8.14	33.79	4.67	0.07
3	3	11.21	9.11	31.69	3.78	0.05
3	7	12.00	9.25	27.80	5.94	0.00
Core	CPU	C1%	C3%	C6%	C8%	C9%
-	-	12.34	7.25	28.89	5.48	0.03
0	0	14.03	8.11	28.62	7.43	0.00
0	4	10.29	5.94	27.47	3.51	0.01
1	1	11.08	5.81	32.03	10.30	0.00
1	5	13.54	7.80	29.46	5.42	0.00
2	2	12.20	7.28	32.82	4.64	0.01
2	6	13.40	7.88	22.87	4.83	0.04
3	3	9.65	6.84	32.04	4.94	0.17
3	7	14.57	8.37	25.86	2.78	0.01
Core	CPU	C1%	C3%	C6%	C8%	C9%
-	-	15.79	8.51	27.07	3.41	0.09
0	0	16.81	8.95	25.51	3.81	0.00
0	4	12.96	8.55	31.49	2.12	0.00
1	1	14.13	8.04	26.00	3.87	0.11
1	5	16.69	8.51	28.52	2.68	0.07
2	2	16.30	7.80	26.83	4.04	0.02
2	6	16.51	7.82	25.38	3.74	0.05
3	3	16.63	8.25	24.97	4.15	0.45
3	7	16.29	10.18	27.86	2.84	0.03
Core	CPU	C1%	C3%	C6%	C8%	C9%
-	-	18.24	8.29	23.30	3.25	0.10
0	0	16.62	6.66	29.02	5.27	0.02
0	4	20.81	7.79	17.18	2.61	0.62
1	1	19.11	8.57	21.69	6.18	0.01
1	5	17.03	8.74	23.50	2.02	0.01
2	2	18.24	8.37	22.37	2.60	0.11
2	6	19.25	9.57	28.55	2.42	0.00
3	3	17.12	8.15	23.58	2.86	0.05
3	7	17.75	8.47	20.53	2.04	0.00
Core	CPU	C1%	C3%	C6%	C8%	C9%
-	-	12.38	8.07	30.32	4.69	0.18
0	0	12.17	8.56	30.08	6.13	0.05
0	4	13.45	7.89	33.48	4.24	0.17
1	1	11.42	7.31	30.52	6.63	0.03
1	5	10.79	7.81	32.46	2.79	0.03
2	2	12.35	8.77	30.93	4.59	0.00
2	6	11.87	7.95	28.71	3.28	0.06
3	3	12.24	7.56	27.94	3.91	0.88
3	7	14.72	8.71	28.47	5.94	0.20
Core	CPU	C1%	C3%	C6%	C8%	C9%
-	-	13.72	7.64	28.29	4.18	0.05
0	0	13.97	7.90	28.66	3.98	0.03
0	4	12.25	7.05	31.40	6.02	0.05
1	1	12.97	7.11	32.78	4.02	0.00
1	5	15.54	7.31	24.87	3.56	0.04
2	2	13.74	7.93	28.05	4.69	0.00
2	6	13.76	7.85	27.35	3.83	0.23
3	3	12.98	8.14	26.59	4.12	0.00
3	7	14.55	7.85	26.59	3.22	0.02
Core	CPU	C1%	C3%	C6%	C8%	C9%
-	-	8.55	6.71	35.26	4.62	0.06
0	0	8.16	7.51	37.09	2.54	0.00
0	4	7.42	6.69	37.60	9.51	0.03
1	1	9.64	6.38	37.10	6.14	0.01
1	5	7.82	6.25	38.77	4.83	0.12
2	2	10.59	6.30	33.40	2.39	0.01
2	6	8.86	7.64	36.28	5.01	0.04
3	3	7.53	5.96	32.82	4.62	0.09
3	7	8.42	6.93	29.10	1.92	0.22
Core	CPU	C1%	C3%	C6%	C8%	C9%
-	-	15.15	8.67	27.60	3.43	0.01
0	0	13.62	8.57	31.48	2.71	0.06
0	4	15.81	8.13	26.30	3.80	0.03
1	1	14.71	8.49	28.71	3.12	0.02
1	5	16.01	8.74	30.29	4.15	0.00
2	2	14.55	10.15	27.31	2.08	0.00
2	6	15.91	7.85	27.19	3.31	0.00
3	3	14.18	7.89	24.16	4.51	0.00
3	7	16.44	9.52	25.33	3.72	0.00
Core	CPU	C1%	C3%	C6%	C8%	C9%
-	-	8.18	3.22	16.15	10.86	0.12
0	0	9.10	3.05	16.82	7.49	0.00
0	4	8.50	3.18	14.89	1.48	0.01
1	1	8.54	2.30	9.50	4.39	0.31
1	5	6.55	3.65	16.12	4.66	0.00
2	2	9.70	3.74	15.25	2.06	0.00
2	6	8.20	3.20	20.27	32.47	0.51
3	3	7.00	2.95	15.78	3.37	0.10
3	7	7.82	3.71	20.54	30.93	0.01
Core	CPU	C1%	C3%	C6%	C8%	C9%
-	-	11.73	5.96	28.83	4.94	0.09
0	0	11.49	5.57	28.58	4.69	0.03
0	4	12.36	6.26	28.67	6.22	0.31
1	1	12.22	5.64	27.78	6.11	0.01
1	5	11.97	5.87	26.89	1.47	0.00
2	2	11.10	5.32	27.76	3.01	0.00
2	6	13.09	6.67	27.82	3.98	0.01
3	3	11.16	6.45	33.68	5.89	0.06
3	7	10.44	5.93	29.44	8.12	0.32
Core	CPU	C1%	C3%	C6%	C8%	C9%
-	-	12.84	6.92	30.70	4.76	0.06
0	0	12.87	7.39	32.92	3.08	0.00
0	4	12.36	5.98	29.64	4.57	0.15
1	1	12.89	7.51	32.60	3.97	0.00
1	5	13.18	6.95	28.53	3.87	0.10
2	2	12.96	7.27	27.52	6.39	0.22
2	6	12.73	6.11	34.63	3.89	0.03
3	3	13.96	6.88	26.81	7.43	0.00
3	7	11.78	7.27	32.90	4.87	0.02
Core	CPU	C1%	C3%	C6%	C8%	C9%
-	-	15.58	8.47	25.86	3.41	0.06
0	0	16.58	10.32	25.60	4.55	0.00
0	4	15.89	6.88	25.75	3.30	0.06
1	1	15.30	6.42	28.48	2.71	0.03
1	5	15.77	9.85	23.36	2.33	0.02
2	2	15.47	7.92	26.78	4.29	0.16
2	6	16.85	8.60	24.32	2.70	0.03
3	3	15.24	10.27	26.50	2.90	0.00
3	7	13.57	7.53	26.10	4.49	0.16
Core	CPU	C1%	C3%	C6%	C8%	C9%
-	-	12.97	7.48	29.77	6.00	0.04
0	0	13.63	7.59	30.74	4.34	0.02
0	4	12.86	6.99	31.59	4.53	0.16
1	1	14.98	7.01	28.40	7.87	0.00
1	5	13.96	7.63	28.82	8.24	0.00
2	2	12.87	7.45	28.44	6.55	0.00
2	6	11.69	7.83	29.14	5.15	0.00
3	3	13.62	8.80	28.53	3.52	0.04
3	7	10.16	6.51	32.50	7.79	0.11
Core	CPU	C1%	C3%	C6%	C8%	C9%
-	-	15.25	7.37	25.97	4.35	0.01
0	0	14.65	7.74	30.01	5.78	0.00
0	4	16.10	6.87	23.49	3.69	0.02
1	1	15.94	9.08	26.44	2.27	0.00
1	5	15.38	6.76	26.59	6.51	0.04
2	2	13.69	5.90	28.85	7.06	0.00
2	6	15.60	7.22	24.94	2.42	0.03
3	3	15.12	7.74	25.73	4.30	0.00
3	7	15.56	7.68	21.72	2.81	0.01
Core	CPU	C1%	C3%	C6%	C8%	C9%
-	-	10.47	6.00	27.87	4.78	0.20
0	0	9.02	5.11	26.58	6.34	0.01
0	4	11.96	6.89	25.59	2.78	0.00
1	1	9.51	6.43	27.93	4.50	0.07
1	5	10.25	5.85	25.76	5.26	0.36
2	2	10.24	6.18	25.98	6.80	0.01
2	6	11.28	6.92	30.56	4.07	0.02
3	3	10.20	5.69	27.70	4.05	0.96
3	7	11.33	4.96	32.87	4.44	0.16
Core	CPU	C1%	C3%	C6%	C8%	C9%
-	-	12.36	6.34	28.72	3.72	0.16
0	0	10.53	6.67	33.82	5.45	0.05
0	4	13.05	5.35	23.35	2.82	0.16
1	1	14.66	6.17	28.29	3.03	0.00
1	5	12.53	7.39	27.14	4.12	0.22
2	2	12.81	6.83	30.06	5.02	0.64
2	6	11.34	6.41	33.64	3.95	0.25
3	3	12.75	7.71	27.26	3.12	0.00
3	7	11.25	4.18	26.18	2.27	0.00
Core	CPU	C1%	C3%	C6%	C8%	C9%
-	-	6.23	9.89	40.17	3.27	0.01
0	0	6.88	10.40	39.27	3.01	0.03
0	4	4.45	8.86	39.80	4.22	0.01
1	1	6.72	9.22	40.34	3.90	0.01
1	5	6.76	10.25	41.08	4.55	0.00
2	2	5.93	10.13	43.72	3.06	0.01
2	6	6.13	9.67	39.12	3.40	0.00
3	3	6.34	9.44	40.66	2.59	0.00
3	7	6.63	11.16	37.32	1.40	0.00
Core	CPU	C1%	C3%	C6%	C8%	C9%
-	-	0.73	10.52	53.10	3.05	0.03
0	0	0.72	9.63	54.15	2.92	0.00
0	4	0.80	10.16	51.27	3.28	0.06
1	1	0.82	10.84	54.16	2.89	0.00
1	5	0.67	11.02	54.95	2.16	0.00
2	2	0.52	9.85	53.18	4.51	0.00
2	6	0.46	10.37	54.29	2.49	0.10
3	3	0.45	10.47	53.08	3.45	0.10
3	7	1.38	11.84	49.79	2.70	0.00
Core	CPU	C1%	C3%	C6%	C8%	C9%
-	-	0.90	10.48	52.88	3.04	0.01
0	0	0.96	11.35	51.49	2.98	0.00
0	4	1.26	9.28	55.27	2.89	0.08
1	1	0.61	10.83	51.69	4.11	0.00
1	5	0.53	10.26	54.36	4.11	0.00
2	2	1.21	10.39	52.13	3.36	0.00
2	6	1.19	10.18	50.15	2.52	0.00
3	3	0.71	9.90	57.44	3.28	0.00
3	7	0.77	11.60	50.47	1.11	0.00
Core	CPU	C1%	C3%	C6%	C8%	C9%
-	-	0.80	10.62	53.29	3.61	0.01
0	0	0.88	11.08	53.08	3.11	0.00
0	4	0.63	9.80	56.37	3.64	0.00
1	1	0.82	9.43	54.96	4.49	0.00
1	5	0.58	12.72	48.52	2.90	0.00
2	2	1.05	9.38	56.19	4.38	0.00
2	6	0.58	11.81	52.30	3.03	0.00
3	3	0.65	9.17	52.82	4.77	0.09
3	7	1.22	11.54	52.09	2.59	0.00
Core	CPU	C1%	C3%	C6%	C8%	C9%
-	-	0.94	10.92	52.87	3.35	0.01
0	0	1.40	11.71	52.50	2.45	0.00
0	4	0.77	11.92	51.27	3.93	0.00
1	1	0.60	8.85	53.60	5.23	0.00
1	5	0.65	11.69	52.69	3.62	0.00
2	2	0.75	10.40	55.23	2.92	0.00
2	6	1.42	11.28	50.90	2.03	0.11
3	3	0.77	9.05	53.95	5.13	0.00
3	7	1.16	12.47	52.79	1.47	0.00
Core	CPU	C1%	C3%	C6%	C8%	C9%
-	-	0.91	11.46	52.09	3.01	0.00
0	0	0.79	11.72	53.18	4.53	0.00
0	4	0.70	10.05	52.83	3.37	0.00
1	1	0.53	10.53	54.08	3.25	0.00
1	5	1.35	11.54	48.69	2.90	0.00
2	2	0.78	11.41	53.05	3.09	0.00
2	6	1.02	11.03	49.82	3.43	0.00
3	3	0.82	11.80	53.56	3.12	0.00
3	7	1.33	13.65	51.58	0.44	0.00
Core	CPU	C1%	C3%	C6%	C8%	C9%
-	-	1.87	15.20	38.75	4.98	0.00
0	0	2.07	15.74	40.71	3.72	0.00
0	4	2.30	15.85	39.86	7.25	0.00
1	1	1.69	17.49	45.10	7.21	0.00
1	5	2.17	17.58	43.71	6.11	0.00
2	2	2.24	17.09	30.74	5.27	0.00
2	6	0.82	3.62	19.59	1.50	0.00
3	3	1.80	17.97	42.07	4.95	0.00
3	7	1.87	16.17	48.06	3.81	0.00
Core	CPU	C1%	C3%	C6%	C8%	C9%
-	-	2.86	12.31	47.16	1.76	0.00
0	0	2.46	10.75	46.03	2.68	0.00
0	4	3.25	12.38	48.17	2.35	0.00
1	1	2.81	13.50	45.00	1.24	0.00
1	5	2.68	13.40	48.09	0.90	0.00
2	2	3.25	12.27	46.67	1.83	0.00
2	6	2.46	10.81	48.42	2.85	0.00
3	3	2.74	14.33	44.85	1.22	0.00
3	7	3.23	11.09	50.20	1.06	0.00
Core	CPU	C1%	C3%	C6%	C8%	C9%
-	-	4.05	14.14	43.66	1.63	0.02
0	0	3.95	12.45	44.65	3.77	0.00
0	4	4.43	16.28	41.70	0.52	0.00
1	1	3.67	13.21	43.86	1.34	0.00
1	5	4.45	16.21	42.06	0.97	0.01
2	2	5.13	13.98	44.73	1.13	0.00
2	6	3.87	13.20	46.24	1.33	0.07
3	3	3.19	14.16	42.57	1.57	0.09
3	7	3.72	13.68	43.56	2.43	0.00
Core	CPU	C1%	C3%	C6%	C8%	C9%
-	-	2.10	12.12	48.19	2.25	0.03
0	0	2.27	11.27	47.19	3.37	0.01
0	4	1.96	11.52	49.61	2.48	0.00
1	1	2.27	13.05	49.02	0.98	0.00
1	5	1.86	12.58	46.51	2.95	0.00
2	2	2.02	12.16	50.35	2.21	0.17
2	6	2.10	12.45	45.24	2.72	0.00
3	3	2.45	12.12	51.05	1.63	0.02
3	7	1.87	11.78	46.44	1.62	0.00
Core	CPU	C1%	C3%	C6%	C8%	C9%
-	-	0.84	9.35	51.35	3.08	0.00
0	0	0.67	9.07	53.10	3.42	0.00
0	4	0.81	9.86	46.60	2.18	0.00
1	1	1.31	9.32	52.60	3.65	0.01
1	5	0.37	9.65	55.68	2.86	0.01
2	2	0.82	9.09	49.55	3.23	0.00
2	6	1.33	9.73	51.74	2.95	0.00
3	3	0.58	8.74	50.74	3.13	0.00
3	7	0.83	9.37	50.74	3.25	0.00
Core	CPU	C1%	C3%	C6%	C8%	C9%
-	-	0.80	9.74	53.89	3.05	0.01
0	0	0.72	10.75	53.36	4.01	0.00
0	4	0.66	9.56	52.73	7.02	0.00
1	1	0.85	9.78	53.29	2.23	0.00
1	5	0.86	10.64	54.37	1.24	0.06
2	2	0.71	8.58	53.98	3.03	0.04
2	6	1.15	10.13	53.52	1.91	0.00
3	3	0.60	7.76	56.92	2.99	0.00
3	7	0.80	10.73	52.95	2.00	0.00
Core	CPU	C1%	C3%	C6%	C8%	C9%
-	-	0.63	9.06	54.97	3.00	0.00
0	0	0.49	9.31	54.95	2.39	0.00
0	4	0.56	8.27	58.05	3.57	0.00
1	1	0.70	8.89	53.85	2.98	0.00
1	5	0.53	9.20	57.52	2.03	0.00
2	2	1.07	9.79	53.21	3.79	0.00
2	6	0.82	7.88	54.49	3.54	0.00
3	3	0.45	10.05	53.40	1.76	0.00
3	7	0.44	9.09	54.33	3.94	0.01
Core	CPU	C1%	C3%	C6%	C8%	C9%
-	-	0.53	8.73	50.53	3.60	0.21
0	0	0.81	8.68	50.45	3.91	0.03
0	4	0.66	8.99	55.48	3.81	0.00
1	1	0.41	7.64	50.56	3.86	0.00
1	5	0.49	9.49	49.13	2.10	0.17
2	2	0.40	9.07	51.44	6.18	0.01
2	6	0.55	8.45	48.41	2.59	0.86
3	3	0.36	8.01	48.67	3.70	0.51
3	7	0.57	9.56	50.20	2.64	0.09
Core	CPU	C1%	C3%	C6%	C8%	C9%
-	-	0.33	6.80	46.15	5.01	0.15
0	0	0.23	5.83	46.43	6.43	0.02
0	4	0.46	7.53	47.22	2.74	0.00
1	1	0.34	5.93	49.88	5.00	0.00
1	5	0.24	7.44	45.11	4.84	0.82
2	2	0.35	6.21	45.14	3.92	0.33
2	6	0.34	7.31	46.43	7.19	0.00
3	3	0.48	7.04	46.90	2.15	0.04
3	7	0.16	7.08	41.97	7.82	0.01
Core	CPU	C1%	C3%	C6%	C8%	C9%
-	-	0.19	4.99	47.26	7.16	0.23
0	0	0.15	6.08	51.65	4.28	0.00
0	4	0.05	3.39	37.65	6.90	0.06
1	1	0.27	5.06	50.39	12.03	0.06
1	5	0.09	5.33	51.96	4.80	0.59
2	2	0.55	4.11	47.16	7.52	0.78
2	6	0.07	5.64	49.05	10.41	0.32
3	3	0.23	6.12	48.39	6.67	0.01
3	7	0.12	4.19	42.09	4.71	0.00
Core	CPU	C1%	C3%	C6%	C8%	C9%
-	-	0.44	6.75	53.29	5.09	0.01
0	0	0.38	7.89	56.87	2.82	0.03
0	4	0.71	5.84	53.72	4.29	0.00
1	1	0.69	5.00	51.28	9.62	0.01
1	5	0.48	8.06	54.91	3.70	0.04
2	2	0.24	7.73	50.08	4.07	0.01
2	6	0.35	6.35	55.02	4.19	0.00
3	3	0.37	6.22	51.13	6.82	0.00
3	7	0.26	6.91	53.05	5.21	0.00
Core	CPU	C1%	C3%	C6%	C8%	C9%
-	-	0.38	8.35	49.25	6.39	0.09
0	0	0.25	9.16	50.51	7.40	0.00
0	4	0.25	6.98	48.09	7.32	0.00
1	1	0.57	9.62	48.55	6.72	0.00
1	5	0.43	10.69	44.93	4.49	0.50
2	2	0.13	7.41	51.71	5.96	0.00
2	6	0.56	7.35	48.92	5.42	0.07
3	3	0.22	7.16	53.06	6.95	0.17
3	7	0.60	8.41	48.22	6.82	0.00
Core	CPU	C1%	C3%	C6%	C8%	C9%
-	-	0.52	9.49	52.11	4.35	0.23
0	0	0.55	10.21	53.07	2.72	0.00
0	4	0.43	8.01	53.26	5.04	0.00
1	1	0.47	8.88	53.50	4.57	0.00
1	5	0.68	11.76	42.60	4.26	1.80
2	2	0.41	8.96	56.47	4.86	0.00
2	6	0.34	9.25	52.83	5.02	0.00
3	3	0.59	9.58	52.47	3.86	0.00
3	7	0.67	9.27	52.65	4.50	0.00
Core	CPU	C1%	C3%	C6%	C8%	C9%
-	-	0.44	10.58	53.19	4.23	0.03
0	0	0.12	8.67	54.57	7.08	0.00
0	4	0.77	11.04	51.83	3.80	0.06
1	1	0.55	11.05	50.82	3.90	0.00
1	5	0.67	14.97	42.01	4.41	0.14
2	2	0.32	8.88	60.21	2.40	0.00
2	6	0.29	10.21	58.15	2.82	0.00
3	3	0.53	10.00	53.49	4.69	0.01
3	7	0.28	9.82	54.52	4.77	0.00
Core	CPU	C1%	C3%	C6%	C8%	C9%
-	-	0.33	10.12	53.36	4.99	0.04
0	0	0.33	9.05	57.56	6.48	0.00
0	4	0.19	10.22	55.61	4.44	0.01
1	1	0.24	7.24	57.65	6.55	0.04
1	5	0.80	16.71	36.56	1.68	0.08
2	2	0.34	7.55	53.42	7.55	0.00
2	6	0.25	10.51	54.69	3.18	0.00
3	3	0.29	8.41	57.57	6.66	0.00
3	7	0.24	11.29	53.81	3.37	0.21
Core	CPU	C1%	C3%	C6%	C8%	C9%
-	-	0.48	9.87	52.93	4.70	0.05
0	0	0.65	9.77	52.11	4.08	0.00
0	4	0.38	7.96	53.95	6.64	0.00
1	1	0.77	8.87	57.82	3.10	0.00
1	5	0.77	13.38	41.62	4.73	0.36
2	2	0.43	10.60	52.10	6.25	0.01
2	6	0.13	8.64	55.59	3.77	0.00
3	3	0.34	9.92	54.93	4.58	0.00
3	7	0.35	9.81	55.32	4.45	0.00
Core	CPU	C1%	C3%	C6%	C8%	C9%
-	-	5.28	10.85	42.72	3.87	0.12
0	0	4.60	10.95	43.62	3.47	0.00
0	4	4.39	10.77	45.21	4.08	0.00
1	1	5.26	10.18	44.88	5.36	0.00
1	5	5.03	12.25	39.32	1.91	0.90
2	2	5.12	10.65	44.18	4.21	0.01
2	6	5.93	10.54	38.12	6.10	0.00
3	3	6.36	10.73	42.96	2.25	0.04
3	7	5.51	10.70	43.42	3.56	0.00
Core	CPU	C1%	C3%	C6%	C8%	C9%
-	-	4.24	8.68	36.40	20.88	0.13
0	0	4.51	7.57	32.65	13.17	0.72
0	4	4.13	9.16	46.60	24.84	0.00
1	1	4.56	9.50	44.29	23.06	0.00
1	5	3.87	9.01	35.66	32.21	0.29
2	2	5.59	8.48	38.66	29.88	0.00
2	6	3.86	9.92	41.30	18.60	0.00
3	3	2.53	3.48	13.18	0.87	0.00
3	7	4.91	12.32	38.72	24.38	0.00
Core	CPU	C1%	C3%	C6%	C8%	C9%
-	-	14.35	12.07	28.05	3.33	0.04
0	0	14.09	11.79	30.21	2.24	0.00
0	4	12.92	11.86	29.54	4.23	0.01
1	1	14.76	11.41	31.07	2.96	0.00
1	5	15.22	14.53	22.05	2.70	0.21
2	2	13.38	11.77	28.51	3.33	0.00
2	6	14.86	12.06	26.09	4.94	0.00
3	3	13.38	11.60	30.20	2.99	0.12
3	7	16.22	11.59	26.78	3.28	0.00
Core	CPU	C1%	C3%	C6%	C8%	C9%
-	-	18.27	7.94	23.26	4.28	0.01
0	0	16.88	7.74	24.00	5.00	0.00
0	4	18.75	6.58	26.73	4.22	0.00
1	1	18.34	8.12	23.29	3.37	0.00
1	5	16.07	9.68	24.50	4.18	0.01
2	2	20.68	7.97	22.75	3.90	0.00
2	6	19.88	7.51	21.87	2.78	0.00
3	3	17.21	8.46	24.11	6.36	0.00
3	7	18.38	7.48	18.81	4.41	0.06
Core	CPU	C1%	C3%	C6%	C8%	C9%
-	-	6.48	6.59	37.90	6.05	0.31
0	0	8.15	6.81	38.31	7.14	0.00
0	4	5.38	6.12	38.76	5.95	0.00
1	1	5.44	6.52	36.48	4.58	0.11
1	5	7.51	8.49	33.30	4.05	0.06
2	2	6.12	6.64	38.62	4.65	0.02
2	6	5.87	5.61	38.08	6.32	1.45
3	3	6.89	5.83	38.36	10.65	0.81
3	7	6.48	6.74	41.28	5.04	0.04
Core	CPU	C1%	C3%	C6%	C8%	C9%
-	-	0.44	9.77	51.91	5.49	0.05
0	0	0.27	9.51	58.33	2.73	0.00
0	4	0.43	8.37	51.76	5.38	0.00
1	1	0.24	8.04	55.14	8.52	0.00
1	5	1.31	15.78	38.44	2.71	0.25
2	2	0.30	8.59	51.50	6.35	0.00
2	6	0.44	8.99	52.47	6.31	0.00
3	3	0.26	9.07	54.79	6.86	0.14
3	7	0.29	9.87	53.20	5.07	0.00
Core	CPU	C1%	C3%	C6%	C8%	C9%
-	-	0.44	9.80	52.67	5.13	0.07
0	0	0.32	8.28	54.15	5.42	0.00
0	4	0.31	9.50	52.96	5.27	0.00
1	1	0.15	8.25	59.10	4.58	0.10
1	5	0.93	14.13	39.24	4.86	0.44
2	2	0.26	9.37	54.44	5.22	0.00
2	6	0.49	9.78	54.48	5.75	0.00
3	3	0.59	8.28	52.06	6.61	0.00
3	7	0.52	10.78	54.64	3.34	0.00
Core	CPU	C1%	C3%	C6%	C8%	C9%
-	-	0.40	9.57	53.43	5.46	0.09
0	0	0.19	9.60	55.85	3.21	0.00
0	4	0.33	8.32	53.79	6.76	0.00
1	1	0.38	8.03	55.89	8.00	0.00
1	5	0.54	15.04	42.16	4.01	0.75
2	2	0.34	8.96	55.97	6.27	0.00
2	6	0.34	8.54	55.03	6.47	0.00
3	3	0.69	7.92	57.69	5.47	0.00
3	7	0.43	10.14	50.99	3.47	0.00
Core	CPU	C1%	C3%	C6%	C8%	C9%
-	-	0.51	10.04	52.87	4.25	0.05
0	0	0.29	8.80	55.02	7.02	0.00
0	4	0.63	10.75	55.15	2.66	0.00
1	1	0.52	8.99	54.31	5.90	0.00
1	5	0.71	14.43	39.73	3.23	0.37
2	2	0.45	8.79	55.51	5.55	0.00
2	6	0.36	10.02	53.18	3.02	0.00
3	3	0.50	9.22	57.96	1.90	0.00
3	7	0.61	9.35	52.17	4.70	0.00
Core	CPU	C1%	C3%	C6%	C8%	C9%
-	-	1.05	13.71	52.75	1.11	0.02
0	0	1.17	13.56	54.74	1.28	0.00
0	4	0.91	13.07	51.02	1.66	0.00
1	1	1.12	14.60	50.93	1.48	0.00
1	5	0.80	14.14	51.26	0.99	0.17
2	2	1.11	14.15	54.45	0.81	0.00
2	6	1.01	13.38	52.77	0.68	0.00
3	3	1.19	13.45	54.14	1.06	0.00
3	7	1.05	13.31	52.66	0.88	0.00
Core	CPU	C1%	C3%	C6%	C8%	C9%
-	-	1.12	14.74	48.07	1.18	0.01
0	0	1.52	15.98	42.70	2.56	0.00
0	4	0.81	14.69	51.05	0.90	0.00
1	1	1.17	15.18	48.63	0.08	0.00
1	5	0.78	13.96	51.07	0.95	0.09
2	2	1.07	14.13	51.12	1.09	0.00
2	6	1.23	13.82	46.64	0.85	0.00
3	3	1.10	14.30	47.11	2.90	0.00
3	7	1.29	15.87	46.20	0.07	0.00
Core	CPU	C1%	C3%	C6%	C8%	C9%
-	-	1.10	14.78	48.83	0.89	0.00
0	0	0.80	13.39	53.50	1.55	0.00
0	4	1.44	16.04	46.07	0.44	0.00
1	1	0.79	15.03	47.02	1.81	0.00
1	5	0.89	15.60	45.78	0.45	0.00
2	2	1.08	14.02	50.98	1.04	0.00
2	6	1.31	14.13	49.84	0.42	0.00
3	3	1.35	14.30	50.16	1.10	0.00
3	7	1.16	15.69	47.26	0.29	0.00
Core	CPU	C1%	C3%	C6%	C8%	C9%
-	-	1.06	15.30	47.35	1.00	0.00
0	0	1.14	15.90	45.03	0.53	0.00
0	4	0.86	14.83	50.26	1.38	0.00
1	1	1.20	14.88	45.70	1.42	0.00
1	5	1.34	16.02	46.88	1.36	0.00
2	2	1.08	14.59	47.87	1.67	0.00
2	6	1.14	15.44	48.78	0.29	0.00
3	3	0.54	15.38	50.52	0.60	0.00
3	7	1.15	15.37	43.74	0.79	0.00
Core	CPU	C1%	C3%	C6%	C8%	C9%
-	-	1.27	16.62	46.52	0.44	0.00
0	0	1.59	16.87	45.69	0.26	0.00
0	4	1.60	15.86	48.87	0.41	0.00
1	1	0.95	15.77	47.78	0.89	0.00
1	5	1.37	17.47	44.30	0.15	0.00
2	2	1.35	17.76	45.00	0.06	0.00
2	6	0.92	14.79	51.10	0.52	0.00
3	3	1.16	17.29	44.87	0.60	0.00
3	7	1.20	17.13	44.58	0.59	0.00
Core	CPU	C1%	C3%	C6%	C8%	C9%
-	-	0.89	15.41	47.98	0.83	0.00
0	0	0.74	15.01	46.51	0.84	0.00
0	4	0.83	14.13	49.33	2.06	0.00
1	1	0.92	15.97	48.85	0.73	0.00
1	5	1.31	15.74	47.91	0.29	0.00
2	2	0.49	15.95	49.37	0.07	0.00
2	6	0.65	15.43	50.38	1.67	0.00
3	3	1.10	16.15	45.26	0.12	0.00
3	7	1.05	14.91	46.35	0.85	0.00
Core	CPU	C1%	C3%	C6%	C8%	C9%
-	-	1.10	12.69	51.07	1.87	0.00
0	0	1.36	13.39	48.43	2.69	0.00
0	4	1.72	12.51	50.81	1.27	0.00
1	1	0.82	13.44	51.56	1.57	0.00
1	5	0.95	11.83	54.56	1.89	0.00
2	2	0.73	13.70	49.03	1.39	0.00
2	6	0.77	11.69	52.38	2.29	0.00
3	3	1.23	12.12	54.36	1.69	0.00
3	7	1.22	12.77	47.39	2.20	0.00
Core	CPU	C1%	C3%	C6%	C8%	C9%
-	-	0.91	15.62	48.02	0.60	0.00
0	0	0.75	15.29	46.90	0.54	0.00
0	4	0.96	15.96	48.80	0.12	0.00
1	1	0.64	15.65	48.81	0.67	0.00
1	5	0.61	16.14	47.66	0.64	0.00
2	2	1.25	15.05	48.63	1.26	0.00
2	6	0.83	15.78	48.77	0.31	0.00
3	3	1.12	15.94	47.51	0.97	0.00
3	7	1.14	15.19	47.11	0.27	0.00
Core	CPU	C1%	C3%	C6%	C8%	C9%
-	-	1.03	13.20	51.34	1.67	0.00
0	0	0.92	13.29	51.34	0.85	0.00
0	4	0.90	14.28	49.13	1.10	0.00
1	1	0.58	11.79	54.99	2.60	0.00
1	5	1.33	13.49	49.41	1.46	0.00
2	2	1.06	11.88	53.18	1.87	0.00
2	6	1.52	14.42	50.20	0.60	0.00
3	3	1.21	13.49	49.97	2.24	0.00
3	7	0.71	12.94	52.45	2.63	0.00
Core	CPU	C1%	C3%	C6%	C8%	C9%
-	-	0.73	10.52	53.01	3.28	0.00
0	0	0.65	11.56	50.33	2.08	0.00
0	4	0.76	9.68	54.08	4.33	0.00
1	1	0.60	10.59	55.02	3.94	0.00
1	5	0.80	10.30	56.23	3.02	0.00
2	2	0.70	11.27	53.09	2.72	0.00
2	6	1.18	10.94	54.59	2.07	0.00
3	3	0.62	11.52	47.52	1.76	0.00
3	7	0.54	8.29	53.27	6.32	0.00
Core	CPU	C1%	C3%	C6%	C8%	C9%
-	-	1.48	14.59	34.52	1.88	0.00
0	0	1.54	14.38	37.57	2.95	0.00
0	4	1.97	16.20	35.84	0.14	0.00
1	1	1.19	11.84	27.53	1.34	0.00
1	5	0.65	10.36	33.87	2.38	0.00
2	2	1.44	14.69	37.45	1.54	0.00
2	6	1.81	17.22	33.74	2.28	0.00
3	3	1.80	14.71	35.12	3.02	0.00
3	7	1.44	17.28	34.90	1.42	0.00
Core	CPU	C1%	C3%	C6%	C8%	C9%
-	-	5.35	12.53	41.33	1.85	0.01
0	0	5.36	11.78	44.38	2.68	0.06
0	4	5.22	12.67	43.25	1.55	0.00
1	1	3.39	9.35	34.73	2.09	0.00
1	5	6.96	14.34	39.26	2.36	0.00
2	2	4.44	14.32	43.50	1.44	0.00
2	6	6.11	13.07	40.27	0.92	0.00
3	3	5.67	12.62	41.90	1.32	0.00
3	7	5.65	12.13	43.57	2.44	0.00
Core	CPU	C1%	C3%	C6%	C8%	C9%
-	-	2.73	12.94	47.27	1.79	0.00
0	0	3.65	13.10	47.59	2.53	0.00
0	4	2.30	13.94	46.43	1.66	0.00
1	1	2.30	13.31	45.53	1.98	0.00
1	5	2.92	12.26	43.83	1.64	0.00
2	2	3.00	12.47	48.67	1.69	0.03
2	6	3.45	12.55	45.90	1.54	0.00
3	3	2.17	12.77	50.14	1.01	0.00
3	7	2.02	13.13	50.03	2.28	0.01
Core	CPU	C1%	C3%	C6%	C8%	C9%
-	-	4.71	14.94	42.97	1.25	0.03
0	0	3.99	15.06	40.64	1.47	0.03
0	4	4.74	13.10	46.88	1.44	0.00
1	1	4.30	14.51	44.76	1.62	0.00
1	5	4.42	15.40	40.96	0.61	0.00
2	2	4.72	15.59	41.77	1.84	0.00
2	6	5.29	15.87	41.02	0.51	0.00
3	3	5.36	15.79	42.72	1.07	0.00
3	7	4.84	14.18	45.06	1.40	0.19
Core	CPU	C1%	C3%	C6%	C8%	C9%
-	-	7.70	13.95	39.60	1.62	0.00
0	0	8.43	13.59	40.16	0.80	0.01
0	4	8.23	13.03	38.64	1.45	0.00
1	1	6.71	12.93	40.91	1.48	0.01
1	5	7.10	13.56	41.84	2.98	0.00
2	2	7.45	13.91	37.90	2.63	0.00
2	6	7.09	15.90	40.28	2.15	0.00
3	3	8.71	14.16	39.93	0.40	0.00
3	7	7.89	14.57	37.16	1.04	0.00
Core	CPU	C1%	C3%	C6%	C8%	C9%
-	-	2.74	12.06	47.31	2.16	0.01
0	0	3.13	13.05	45.78	2.96	0.00
0	4	3.03	11.55	46.44	1.43	0.05
1	1	2.90	11.29	51.45	3.84	0.00
1	5	2.48	11.16	49.00	2.23	0.04
2	2	1.61	11.90	46.97	1.95	0.00
2	6	2.06	13.06	47.88	1.46	0.00
3	3	3.09	11.09	47.83	2.14	0.00
3	7	3.62	13.39	43.08	1.26	0.02
Core	CPU	C1%	C3%	C6%	C8%	C9%
-	-	1.52	12.97	48.61	1.20	0.00
0	0	0.72	13.07	49.31	2.62	0.00
0	4	1.44	11.82	49.49	1.50	0.00
1	1	1.28	13.27	50.31	0.24	0.00
1	5	1.56	13.64	47.18	0.85	0.00
2	2	2.26	14.46	43.68	0.64	0.01
2	6	1.71	12.54	51.98	1.48	0.00
3	3	1.61	11.25	49.98	1.19	0.00
3	7	1.57	13.71	46.96	1.06	0.00
Core	CPU	C1%	C3%	C6%	C8%	C9%
-	-	0.61	10.50	55.45	5.95	0.00
0	0	0.60	9.83	56.60	5.19	0.00
0	4	0.46	10.50	53.45	8.18	0.00
1	1	0.40	10.20	57.84	4.48	0.00
1	5	0.88	11.66	51.51	6.28	0.00
2	2	0.70	10.52	54.83	6.13	0.00
2	6	0.61	9.93	57.23	6.14	0.00
3	3	0.75	11.09	54.44	5.22	0.00
3	7	0.50	10.29	57.76	6.02	0.00
Core	CPU	C1%	C3%	C6%	C8%	C9%
-	-	0.17	3.13	55.70	17.38	0.06
0	0	0.34	3.27	55.56	19.67	0.00
0	4	0.04	2.93	56.74	19.23	0.00
1	1	0.32	3.63	61.04	13.94	0.00
1	5	0.03	2.60	51.10	19.35	0.00
2	2	0.21	3.33	58.26	17.02	0.00
2	6	0.11	3.43	57.53	11.99	0.00
3	3	0.28	3.62	60.37	14.38	0.00
3	7	0.05	2.24	44.98	23.43	0.49
Core	CPU	C1%	C3%	C6%	C8%	C9%
-	-	0.30	4.61	56.16	14.04	0.03
0	0	0.48	5.19	59.31	9.54	0.00
0	4	0.23	4.34	51.22	14.05	0.21
1	1	0.45	5.07	59.41	11.69	0.00
1	5	0.19	3.58	50.24	13.69	0.00
2	2	0.25	4.73	59.37	12.65	0.00
2	6	0.17	4.80	55.89	13.96	0.00
3	3	0.23	5.28	62.07	12.60	0.05
3	7	0.40	3.88	51.78	24.10	0.00
Core	CPU	C1%	C3%	C6%	C8%	C9%
-	-	0.48	8.38	57.08	7.80	0.00
0	0	0.61	8.59	55.97	7.81	0.00
0	4	0.59	7.68	56.65	7.64	0.00
1	1	0.49	8.46	59.37	6.89	0.00
1	5	0.67	8.82	56.79	7.28	0.00
2	2	0.42	8.52	56.04	9.76	0.00
2	6	0.34	8.34	62.33	4.94	0.00
3	3	0.41	8.57	55.70	7.16	0.00
3	7	0.34	8.09	53.85	10.90	0.00
Core	CPU	C1%	C3%	C6%	C8%	C9%
-	-	0.27	4.34	55.07	13.44	0.01
0	0	0.28	4.97	57.88	12.72	0.00
0	4	0.09	4.59	54.83	16.17	0.00
1	1	0.48	3.33	52.84	15.07	0.07
1	5	0.12	4.80	54.81	14.61	0.00
2	2	0.21	4.15	59.56	9.68	0.00
2	6	0.15	4.14	52.98	14.61	0.00
3	3	0.60	4.93	55.10	10.16	0.01
3	7	0.21	3.79	52.53	14.49	0.00
Core	CPU	C1%	C3%	C6%	C8%	C9%
-	-	0.55	7.97	55.51	7.34	0.00
0	0	0.31	7.46	57.51	6.24	0.00
0	4	0.51	8.57	51.48	9.45	0.00
1	1	0.64	8.28	56.24	6.58	0.00
1	5	0.48	8.24	56.97	7.97	0.00
2	2	0.85	7.58	57.57	5.49	0.00
2	6	0.54	7.65	52.37	8.33	0.00
3	3	0.57	9.07	56.55	6.14	0.00
3	7	0.52	6.96	55.41	8.51	0.00
Core	CPU	C1%	C3%	C6%	C8%	C9%
-	-	0.67	9.38	55.40	4.90	0.00
0	0	0.90	9.29	53.73	4.66	0.00
0	4	0.56	9.56	57.07	3.79	0.00
1	1	0.57	9.20	54.17	5.00	0.00
1	5	1.04	8.48	59.22	6.35	0.00
2	2	0.69	9.71	57.06	2.93	0.01
2	6	0.60	8.66	55.68	4.87	0.00
3	3	0.25	10.18	54.74	6.51	0.00
3	7	0.74	10.00	51.60	5.08	0.00
Core	CPU	C1%	C3%	C6%	C8%	C9%
-	-	0.46	8.90	54.37	5.19	0.00
0	0	0.38	10.83	53.37	4.08	0.00
0	4	0.73	8.01	57.13	5.42	0.00
1	1	0.19	9.05	56.09	3.17	0.00
1	5	0.65	9.29	50.68	5.31	0.00
2	2	0.30	7.72	56.77	7.03	0.00
2	6	0.71	8.81	54.97	5.12	0.00
3	3	0.50	8.33	51.41	7.15	0.01
3	7	0.24	9.16	54.49	4.25	0.00
Core	CPU	C1%	C3%	C6%	C8%	C9%
-	-	0.67	10.42	56.01	2.32	0.03
0	0	0.77	10.84	54.20	2.83	0.00
0	4	0.33	9.85	56.85	3.19	0.20
1	1	0.46	11.08	53.84	3.28	0.00
1	5	0.66	9.19	56.90	2.27	0.00
2	2	0.53	12.06	52.44	2.89	0.00
2	6	0.89	9.01	59.54	0.96	0.00
3	3	0.81	10.17	58.14	2.15	0.00
3	7	0.89	11.13	56.16	1.00	0.00
Core	CPU	C1%	C3%	C6%	C8%	C9%
-	-	0.65	7.42	54.51	7.07	0.00
0	0	0.74	7.37	50.44	10.61	0.00
0	4	0.69	7.07	55.31	7.38	0.00
1	1	0.61	7.73	56.38	9.65	0.00
1	5	0.85	7.11	58.14	3.84	0.00
2	2	0.41	6.90	55.45	6.56	0.00
2	6	0.71	8.49	54.76	6.10	0.00
3	3	0.43	7.60	53.65	4.80	0.00
3	7	0.73	7.25	53.06	7.75	0.00
Core	CPU	C1%	C3%	C6%	C8%	C9%
-	-	0.59	6.40	53.97	10.30	0.02
0	0	1.08	7.72	52.05	8.75	0.20
0	4	0.31	5.59	55.09	13.90	0.00
1	1	0.56	5.52	53.30	10.57	0.00
1	5	0.58	6.62	54.38	8.74	0.00
2	2	0.44	6.82	53.65	12.30	0.00
2	6	0.26	6.51	55.92	7.28	0.00
3	3	0.81	5.81	53.74	8.03	0.00
3	7	0.71	6.46	52.49	12.63	0.00
Core	CPU	C1%	C3%	C6%	C8%	C9%
-	-	0.44	6.87	55.56	9.09	0.17
0	0	0.39	6.75	54.87	8.30	0.02
0	4	0.17	6.01	54.74	10.48	0.00
1	1	0.60	6.74	55.79	10.51	0.00
1	5	0.40	7.81	56.19	5.85	0.00
2	2	0.87	5.92	56.70	9.60	0.00
2	6	0.50	7.08	56.05	9.99	0.00
3	3	0.30	7.30	59.27	9.53	0.00
3	7	0.31	7.37	50.86	8.47	1.32
Core	CPU	C1%	C3%	C6%	C8%	C9%
-	-	0.26	2.74	50.37	15.11	0.04
0	0	0.32	3.41	54.46	13.04	0.01
0	4	0.28	1.96	48.32	14.21	0.21
1	1	0.07	2.37	53.48	22.25	0.00
1	5	0.46	2.34	45.35	15.78	0.10
2	2	0.21	2.58	45.56	15.85	0.00
2	6	0.20	3.72	56.79	13.70	0.00
3	3	0.25	2.89	46.59	11.49	0.00
3	7	0.32	2.65	52.42	14.57	0.00
Core	CPU	C1%	C3%	C6%	C8%	C9%
-	-	0.12	2.91	49.18	13.14	0.13
0	0	0.15	2.54	53.67	14.39	0.00
0	4	0.17	2.68	44.61	12.27	1.04
1	1	0.19	3.27	54.27	15.96	0.00
1	5	0.04	2.16	48.79	15.33	0.00
2	2	0.16	4.71	50.43	15.45	0.00
2	6	0.02	2.09	42.23	8.85	0.00
3	3	0.14	3.59	52.32	10.68	0.00
3	7	0.08	2.28	47.14	12.17	0.00
Core	CPU	C1%	C3%	C6%	C8%	C9%
-	-	0.71	9.73	54.41	2.59	0.01
0	0	0.55	11.47	48.95	2.27	0.10
0	4	0.39	8.87	56.49	2.77	0.00
1	1	0.25	7.80	60.72	4.41	0.00
1	5	1.46	10.96	50.25	2.37	0.00
2	2	0.75	9.77	54.00	1.87	0.00
2	6	0.82	10.05	53.67	1.85	0.00
3	3	0.53	8.64	56.69	3.20	0.00
3	7	0.89	10.30	54.40	1.97	0.00
Core	CPU	C1%	C3%	C6%	C8%	C9%
-	-	0.88	10.11	54.29	2.68	0.00
0	0	0.83	9.31	57.08	2.92	0.00
0	4	0.72	10.50	50.23	3.69	0.00
1	1	0.61	8.41	58.86	4.04	0.00
1	5	0.95	11.65	50.56	3.24	0.00
2	2	0.73	10.02	56.57	2.32	0.00
2	6	1.18	10.59	53.02	2.17	0.00
3	3	0.74	8.99	56.77	2.34	0.00
3	7	1.29	11.40	51.22	0.76	0.00
Core	CPU	C1%	C3%	C6%	C8%	C9%
-	-	0.61	8.15	55.41	6.27	0.00
0	0	0.47	8.54	53.14	7.88	0.00
0	4	0.49	8.43	53.18	4.98	0.00
1	1	0.67	7.95	55.00	6.32	0.00
1	5	0.58	8.45	56.17	5.18	0.00
2	2	0.78	8.44	50.76	7.23	0.00
2	6	0.65	7.34	61.47	6.11	0.00
3	3	0.47	7.49	58.50	8.30	0.00
3	7	0.75	8.57	55.07	4.18	0.00
Core	CPU	C1%	C3%	C6%	C8%	C9%
-	-	0.48	8.54	55.39	6.14	0.02
0	0	0.42	8.57	53.36	8.51	0.18
0	4	0.39	8.26	56.92	5.03	0.00
1	1	0.40	7.03	57.58	5.37	0.00
1	5	0.56	9.10	55.57	4.39	0.00
2	2	0.34	9.04	52.21	6.23	0.00
2	6	0.67	7.46	56.52	10.95	0.00
3	3	0.40	8.22	60.07	4.20	0.00
3	7	0.65	10.65	50.90	4.42	0.00
Core	CPU	C1%	C3%	C6%	C8%	C9%
-	-	1.06	15.02	46.86	1.21	0.00
0	0	1.06	15.85	48.94	1.34	0.00
0	4	0.87	14.46	47.95	1.90	0.00
1	1	0.94	13.28	51.20	1.39	0.00
1	5	1.12	16.04	42.07	1.83	0.00
2	2	1.13	16.19	42.94	0.22	0.00
2	6	1.27	14.34	45.87	0.48	0.00
3	3	1.11	13.47	50.62	1.65	0.00
3	7	1.00	16.54	45.27	0.89	0.00
Core	CPU	C1%	C3%	C6%	C8%	C9%
-	-	0.42	9.92	56.81	6.54	0.00
0	0	0.40	9.26	55.25	11.41	0.00
0	4	0.42	10.71	56.28	6.06	0.00
1	1	0.42	9.33	56.41	6.33	0.00
1	5	0.39	9.73	58.22	5.65	0.00
2	2	0.99	9.91	54.90	5.99	0.00
2	6	0.17	9.84	57.21	7.10	0.00
3	3	0.36	9.73	57.76	4.85	0.00
3	7	0.22	10.90	58.65	4.92	0.00
Core	CPU	C1%	C3%	C6%	C8%	C9%
-	-	0.37	4.28	57.08	13.44	0.01
0	0	0.44	5.12	56.98	12.43	0.00
0	4	0.12	3.60	57.81	19.21	0.01
1	1	0.59	4.90	61.91	10.28	0.00
1	5	0.26	4.20	57.92	13.87	0.00
2	2	0.57	3.54	52.92	15.47	0.11
2	6	0.40	4.13	54.02	11.54	0.00
3	3	0.03	3.98	55.30	15.06	0.00
3	7	0.52	4.72	59.47	9.56	0.00
Core	CPU	C1%	C3%	C6%	C8%	C9%
-	-	0.23	3.58	53.85	13.27	0.10
0	0	0.42	3.55	53.43	16.08	0.01
0	4	0.35	4.61	54.22	12.28	0.00
1	1	0.14	3.05	53.35	15.44	0.00
1	5	0.14	3.42	55.07	12.91	0.00
2	2	0.20	3.34	54.62	14.05	0.00
2	6	0.40	3.22	53.14	10.60	0.00
3	3	0.08	2.79	48.81	15.38	0.00
3	7	0.09	4.68	58.29	9.48	0.81
Core	CPU	C1%	C3%	C6%	C8%	C9%
-	-	0.33	3.31	56.27	14.02	0.14
0	0	0.56	3.63	59.29	13.11	0.00
0	4	0.09	3.31	57.51	9.91	0.00
1	1	0.39	2.83	49.71	16.11	0.11
1	5	0.25	3.63	61.99	10.79	0.00
2	2	0.26	3.32	54.34	14.14	0.00
2	6	0.58	2.79	57.05	18.74	1.04
3	3	0.37	3.65	57.92	14.18	0.00
3	7	0.14	3.34	52.24	15.18	0.00
Core	CPU	C1%	C3%	C6%	C8%	C9%
-	-	0.26	5.26	57.48	10.21	0.04
0	0	0.25	4.64	57.03	10.26	0.00
0	4	0.21	5.59	61.42	7.61	0.00
1	1	0.19	5.81	54.65	11.10	0.00
1	5	0.25	4.46	59.06	15.72	0.00
2	2	0.39	5.36	60.71	8.23	0.01
2	6	0.28	5.18	55.29	11.03	0.00
3	3	0.25	5.48	54.87	8.57	0.01
3	7	0.22	5.55	56.82	9.18	0.33
Core	CPU	C1%	C3%	C6%	C8%	C9%
-	-	0.35	6.96	50.41	20.79	0.00
0	0	0.31	7.86	57.48	23.91	0.00
0	4	0.12	5.93	46.05	33.34	0.00
1	1	0.36	7.59	58.73	21.25	0.00
1	5	0.49	7.73	63.01	14.57	0.00
2	2	0.14	5.58	56.61	27.19	0.00
2	6	0.83	5.34	55.92	26.30	0.00
3	3	0.26	14.80	49.89	17.69	0.00
3	7	0.30	0.95	16.19	2.36	0.00
Core	CPU	C1%	C3%	C6%	C8%	C9%
-	-	0.60	4.81	55.82	10.48	0.12
0	0	0.71	4.41	51.47	12.95	0.11
0	4	0.34	5.39	58.71	7.20	0.00
1	1	0.79	4.78	57.69	9.16	0.00
1	5	0.68	4.21	58.13	10.12	0.00
2	2	0.88	4.31	52.50	13.83	0.11
2	6	0.45	5.84	59.43	7.71	0.00
3	3	0.25	4.16	50.13	12.15	0.70
3	7	0.69	5.34	57.97	10.66	0.01
Core	CPU	C1%	C3%	C6%	C8%	C9%
-	-	0.41	5.38	55.92	9.80	0.08
0	0	0.49	5.35	58.80	7.31	0.00
0	4	0.22	4.46	61.45	9.70	0.00
1	1	0.39	5.82	52.62	9.82	0.40
1	5	0.38	6.27	51.58	10.70	0.25
2	2	0.31	5.29	54.43	12.30	0.00
2	6	0.38	5.92	55.33	7.76	0.00
3	3	0.32	4.23	57.79	13.55	0.00
3	7	0.78	5.70	55.19	7.26	0.00
Core	CPU	C1%	C3%	C6%	C8%	C9%
-	-	0.31	4.11	56.43	12.67	0.00
0	0	0.31	4.01	57.25	15.26	0.00
0	4	0.24	4.05	61.80	12.07	0.00
1	1	0.33	4.45	59.07	11.47	0.00
1	5	0.37	3.47	53.72	11.29	0.00
2	2	0.32	4.05	58.90	12.11	0.02
2	6	0.77	4.46	56.23	12.00	0.00
3	3	0.07	3.89	52.72	15.45	0.00
3	7	0.04	4.50	51.75	11.69	0.00
Core	CPU	C1%	C3%	C6%	C8%	C9%
-	-	0.36	5.13	57.75	9.60	0.05
0	0	0.28	5.42	59.52	8.69	0.00
0	4	0.29	5.75	61.31	8.59	0.00
1	1	0.17	4.60	59.78	14.19	0.00
1	5	0.58	5.83	60.29	5.62	0.00
2	2	0.20	5.51	55.23	8.30	0.00
2	6	0.14	4.83	51.73	13.57	0.00
3	3	0.48	5.15	59.19	7.42	0.00
3	7	0.73	3.97	55.15	10.48	0.37
Core	CPU	C1%	C3%	C6%	C8%	C9%
-	-	0.25	4.90	58.38	8.37	0.01
0	0	0.19	5.41	55.74	8.86	0.11
0	4	0.05	4.93	63.40	7.05	0.00
1	1	0.44	4.20	56.50	9.62	0.00
1	5	0.15	5.30	60.99	9.60	0.00
2	2	0.11	4.08	56.53	8.26	0.00
2	6	0.13	5.52	60.16	10.49	0.00
3	3	0.74	5.29	60.13	7.49	0.00
3	7	0.21	4.55	54.68	5.77	0.00
Core	CPU	C1%	C3%	C6%	C8%	C9%
-	-	0.31	4.78	58.21	9.05	0.01
0	0	0.34	4.86	58.70	7.78	0.00
0	4	0.87	5.00	60.07	7.22	0.00
1	1	0.17	3.52	57.79	9.55	0.00
1	5	0.22	5.54	57.34	7.89	0.09
2	2	0.05	4.83	52.19	11.28	0.00
2	6	0.56	5.73	57.28	13.44	0.00
3	3	0.11	4.68	64.89	5.52	0.00
3	7	0.15	3.98	56.59	9.58	0.00
Core	CPU	C1%	C3%	C6%	C8%	C9%
-	-	0.33	4.00	56.72	11.87	0.12
0	0	0.12	4.85	61.61	12.32	0.00
0	4	0.36	3.95	57.75	8.88	0.00
1	1	0.50	3.38	56.19	11.98	0.00
1	5	0.35	3.80	56.02	10.48	0.00
2	2	0.66	3.99	52.57	14.01	0.97
2	6	0.11	4.12	58.14	15.80	0.00
3	3	0.23	4.38	56.39	8.99	0.00
3	7	0.28	3.48	54.67	12.41	0.00
Core	CPU	C1%	C3%	C6%	C8%	C9%
-	-	0.20	3.30	54.55	15.04	0.00
0	0	0.12	4.16	56.90	14.74	0.00
0	4	0.05	2.41	50.44	19.80	0.00
1	1	0.05	3.26	62.32	15.18	0.00
1	5	0.32	2.91	51.20	12.97	0.00
2	2	0.20	3.57	52.68	13.79	0.00
2	6	0.56	3.40	55.43	11.91	0.00
3	3	0.07	3.08	51.12	17.04	0.01
3	7	0.22	3.63	56.27	14.90	0.00
Core	CPU	C1%	C3%	C6%	C8%	C9%
-	-	0.18	2.60	53.58	16.33	0.18
0	0	0.07	2.69	53.50	17.25	0.00
0	4	0.17	2.58	51.09	18.86	0.16
1	1	0.03	2.86	56.91	23.97	0.00
1	5	0.10	2.20	48.73	15.73	1.29
2	2	0.33	2.31	55.81	12.22	0.00
2	6	0.21	2.78	52.93	12.00	0.00
3	3	0.44	2.42	52.12	13.56	0.00
3	7	0.09	3.05	58.41	17.36	0.00
Core	CPU	C1%	C3%	C6%	C8%	C9%
-	-	0.14	2.81	54.49	17.98	0.04
0	0	0.03	2.77	53.93	23.65	0.00
0	4	0.19	3.38	56.23	13.87	0.00
1	1	0.07	3.11	50.87	17.54	0.00
1	5	0.09	2.80	52.09	20.05	0.31
2	2	0.17	2.33	53.80	21.70	0.00
2	6	0.20	2.81	52.91	15.12	0.00
3	3	0.03	2.93	60.28	14.30	0.00
3	7	0.38	2.29	54.91	17.33	0.00
Core	CPU	C1%	C3%	C6%	C8%	C9%
-	-	0.16	2.28	55.25	18.01	0.01
0	0	0.02	1.62	53.10	18.09	0.00
0	4	0.28	2.43	53.27	19.64	0.00
1	1	0.16	2.35	52.25	20.22	0.00
1	5	0.06	2.59	59.74	12.54	0.00
2	2	0.23	2.18	56.24	21.18	0.00
2	6	0.30	2.64	59.92	13.78	0.00
3	3	0.20	2.67	57.94	17.35	0.11
3	7	0.04	1.85	50.45	21.54	0.00
Core	CPU	C1%	C3%	C6%	C8%	C9%
-	-	0.15	2.54	53.83	19.70	0.00
0	0	0.22	2.32	50.25	21.22	0.00
0	4	0.06	2.31	50.97	19.30	0.00
1	1	0.04	2.63	55.84	15.14	0.00
1	5	0.08	2.53	56.83	19.21	0.00
2	2	0.35	2.96	55.88	22.54	0.00
2	6	0.10	2.63	48.01	21.98	0.00
3	3	0.19	2.05	54.29	21.03	0.00
3	7	0.20	2.89	57.75	16.89	0.00
Core	CPU	C1%	C3%	C6%	C8%	C9%
-	-	0.42	5.05	54.62	11.74	0.00
0	0	0.35	6.85	57.74	9.20	0.00
0	4	0.47	3.78	50.80	13.70	0.00
1	1	0.56	5.23	53.50	11.74	0.00
1	5	0.73	4.77	56.34	12.93	0.00
2	2	0.61	4.71	55.30	13.05	0.00
2	6	0.31	4.92	50.68	9.56	0.00
3	3	0.16	4.99	52.75	13.77	0.00
3	7	0.21	5.19	59.86	9.98	0.00
Core	CPU	C1%	C3%	C6%	C8%	C9%
-	-	0.27	4.46	56.75	10.56	0.04
0	0	0.06	4.44	53.01	13.00	0.00
0	4	0.21	4.51	56.95	11.11	0.02
1	1	0.24	4.18	56.47	10.47	0.00
1	5	0.21	4.92	60.83	9.62	0.19
2	2	0.34	4.34	59.05	5.98	0.11
2	6	0.70	4.25	52.25	11.53	0.00
3	3	0.23	4.27	58.01	15.27	0.00
3	7	0.19	4.87	58.40	7.73	0.00
Core	CPU	C1%	C3%	C6%	C8%	C9%
-	-	0.25	2.99	54.17	16.13	0.04
0	0	0.37	3.31	53.94	16.07	0.21
0	4	0.28	2.75	53.62	21.38	0.00
1	1	0.29	2.91	50.15	18.84	0.10
1	5	0.37	3.02	58.47	10.91	0.00
2	2	0.21	3.13	56.96	12.07	0.00
2	6	0.24	2.99	47.76	17.88	0.00
3	3	0.18	2.77	58.40	16.52	0.00
3	7	0.08	3.01	53.26	15.10	0.00
Core	CPU	C1%	C3%	C6%	C8%	C9%
-	-	0.22	3.39	56.28	14.44	0.00
0	0	0.30	2.42	55.40	15.12	0.00
0	4	0.05	3.93	61.61	13.44	0.00
1	1	0.20	3.03	53.25	18.57	0.00
1	5	0.15	3.60	55.34	13.36	0.00
2	2	0.15	4.24	56.07	11.88	0.00
2	6	0.07	3.66	60.21	15.26	0.00
3	3	0.40	2.16	47.48	15.54	0.00
3	7	0.44	4.11	60.89	12.33	0.00
Core	CPU	C1%	C3%	C6%	C8%	C9%
-	-	0.23	3.76	56.92	15.20	0.01
0	0	0.33	3.88	56.70	15.56	0.06
0	4	0.02	3.38	55.44	18.40	0.00
1	1	0.24	3.64	59.98	12.95	0.00
1	5	0.24	3.98	57.31	12.00	0.00
2	2	0.53	4.61	59.29	9.79	0.00
2	6	0.28	3.64	52.79	18.28	0.00
3	3	0.03	2.83	56.89	18.87	0.00
3	7	0.20	4.12	57.43	15.86	0.00
Core	CPU	C1%	C3%	C6%	C8%	C9%
-	-	0.37	6.92	58.24	7.34	0.04
0	0	0.30	7.14	59.22	10.94	0.00
0	4	0.28	7.02	59.62	7.51	0.32
1	1	0.50	7.86	53.41	5.39	0.00
1	5	0.19	6.74	62.54	7.21	0.00
2	2	0.50	6.14	61.89	6.62	0.00
2	6	0.24	6.06	58.37	6.30	0.00
3	3	0.57	8.66	55.70	6.07	0.00
3	7	0.33	5.69	54.77	8.62	0.00
Core	CPU	C1%	C3%	C6%	C8%	C9%
-	-	0.77	8.69	58.90	3.61	0.00
0	0	0.99	8.77	60.40	2.75	0.00
0	4	0.64	8.11	60.39	5.57	0.00
1	1	0.64	9.01	57.39	2.73	0.00
1	5	0.53	8.09	61.65	2.44	0.00
2	2	0.53	8.66	56.99	3.76	0.00
2	6	0.90	9.91	58.83	3.80	0.00
3	3	1.09	9.41	53.23	5.44	0.00
3	7	0.87	7.55	62.26	2.36	0.00
Core	CPU	C1%	C3%	C6%	C8%	C9%
-	-	0.48	8.64	60.77	4.94	0.00
0	0	0.40	9.62	59.60	3.37	0.00
0	4	0.59	7.67	62.14	5.56	0.00
1	1	0.37	8.13	63.49	5.04	0.00
1	5	0.47	9.29	61.87	4.04	0.00
2	2	0.45	9.12	59.08	6.66	0.00
2	6	0.47	8.18	59.10	4.30	0.00
3	3	0.28	9.80	56.13	4.52	0.00
3	7	0.82	7.29	64.90	6.07	0.00
Core	CPU	C1%	C3%	C6%	C8%	C9%
-	-	0.48	7.83	58.50	7.11	0.04
0	0	0.61	9.52	57.67	4.85	0.00
0	4	0.37	6.87	60.37	9.47	0.00
1	1	0.55	7.16	61.21	9.08	0.00
1	5	0.53	7.99	58.17	5.79	0.00
2	2	0.28	7.21	60.31	6.29	0.00
2	6	0.60	8.81	56.89	6.27	0.00
3	3	0.41	7.97	56.81	6.91	0.29
3	7	0.47	7.11	56.42	8.22	0.00
Core	CPU	C1%	C3%	C6%	C8%	C9%
-	-	0.62	9.11	53.36	8.06	0.00
0	0	0.50	9.08	53.69	5.46	0.00
0	4	0.59	7.65	48.94	11.36	0.00
1	1	0.43	9.37	55.39	6.15	0.00
1	5	0.76	10.45	47.42	9.54	0.00
2	2	0.74	7.73	55.71	7.92	0.00
2	6	0.82	8.76	55.33	8.56	0.00
3	3	0.46	10.47	52.42	10.24	0.00
3	7	0.69	9.44	58.41	5.32	0.00
Core	CPU	C1%	C3%	C6%	C8%	C9%
-	-	0.44	8.48	56.11	8.02	0.02
0	0	0.53	9.54	54.14	8.29	0.00
0	4	0.35	7.84	54.47	7.99	0.00
1	1	0.64	7.76	54.36	11.31	0.00
1	5	0.58	8.61	59.09	6.06	0.00
2	2	0.23	7.95	58.14	8.55	0.00
2	6	0.30	8.94	53.11	8.03	0.00
3	3	0.53	9.42	56.10	6.60	0.00
3	7	0.40	7.73	59.00	7.23	0.18
Core	CPU	C1%	C3%	C6%	C8%	C9%
-	-	0.82	12.75	54.50	1.72	0.00
0	0	0.96	12.92	53.00	0.68	0.00
0	4	0.94	12.56	55.39	1.51	0.00
1	1	0.62	12.49	58.76	1.24	0.00
1	5	0.72	13.25	51.53	1.32	0.00
2	2	0.78	12.13	56.00	4.08	0.00
2	6	1.17	13.40	55.59	1.74	0.00
3	3	0.72	11.87	57.06	2.46	0.00
3	7	0.66	13.54	49.41	0.77	0.00
Core	CPU	C1%	C3%	C6%	C8%	C9%
-	-	1.23	6.74	53.89	10.75	0.10
0	0	0.94	6.19	57.20	9.05	0.00
0	4	1.65	7.15	54.94	11.23	0.48
1	1	1.36	6.88	55.83	10.07	0.00
1	5	1.04	6.77	50.27	10.79	0.29
2	2	1.06	6.52	55.13	10.03	0.00
2	6	1.16	6.05	53.35	13.31	0.00
3	3	1.39	6.90	50.19	14.95	0.00
3	7	1.21	7.40	53.57	6.48	0.00
Core	CPU	C1%	C3%	C6%	C8%	C9%
-	-	17.94	9.89	25.96	2.69	0.01
0	0	16.32	9.36	27.49	1.89	0.01
0	4	19.35	9.05	25.84	2.02	0.03
1	1	18.64	9.58	25.98	5.78	0.00
1	5	18.92	9.86	24.83	2.30	0.00
2	2	18.99	10.40	25.05	1.27	0.02
2	6	16.99	9.83	28.05	3.15	0.00
3	3	18.36	11.10	24.59	1.98	0.00
3	7	15.95	9.96	25.85	3.15	0.00
Core	CPU	C1%	C3%	C6%	C8%	C9%
-	-	16.42	7.71	24.76	3.95	0.13
0	0	16.44	7.49	22.87	4.80	0.01
0	4	15.67	7.60	24.73	3.50	0.00
1	1	17.71	8.20	22.44	3.67	0.00
1	5	15.67	7.31	25.45	4.49	0.00
2	2	19.25	8.75	23.07	1.57	0.00
2	6	16.08	7.23	28.89	7.66	0.03
3	3	15.07	6.85	24.45	4.49	0.00
3	7	15.50	8.25	26.15	1.40	1.01
Core	CPU	C1%	C3%	C6%	C8%	C9%
-	-	15.22	8.26	25.96	3.80	0.15
0	0	16.93	7.75	24.83	2.37	0.10
0	4	14.89	7.55	26.29	6.19	0.41
1	1	13.62	8.30	24.71	5.94	0.02
1	5	16.95	9.65	23.50	1.64	0.05
2	2	14.67	6.91	26.96	3.78	0.06
2	6	14.65	8.72	28.52	5.33	0.11
3	3	14.89	8.53	25.81	2.36	0.02
3	7	15.19	8.69	27.10	2.77	0.45
Core	CPU	C1%	C3%	C6%	C8%	C9%
-	-	16.25	7.42	25.50	3.40	0.03
0	0	17.19	8.08	24.19	4.56	0.00
0	4	15.58	7.75	24.79	3.94	0.00
1	1	16.61	7.70	23.15	2.68	0.01
1	5	14.81	7.61	26.88	3.92	0.03
2	2	16.90	6.36	25.32	5.18	0.00
2	6	17.74	8.12	26.04	2.17	0.00
3	3	17.13	7.56	24.31	2.04	0.02
3	7	14.01	6.18	29.31	2.66	0.21
Core	CPU	C1%	C3%	C6%	C8%	C9%
-	-	15.96	7.94	24.76	3.03	0.22
0	0	15.76	7.39	25.91	3.10	0.07
0	4	17.08	9.34	21.28	2.22	0.24
1	1	14.08	7.46	27.72	6.75	0.01
1	5	17.78	7.88	25.20	1.59	0.03
2	2	13.71	9.54	23.58	2.59	0.02
2	6	16.30	6.38	27.76	3.92	0.22
3	3	15.34	8.52	22.78	1.53	0.00
3	7	17.64	7.02	23.88	2.52	1.19
Core	CPU	C1%	C3%	C6%	C8%	C9%
-	-	2.96	6.71	51.58	9.28	0.07
0	0	3.16	6.84	50.72	8.36	0.00
0	4	2.55	6.68	50.89	6.39	0.39
1	1	2.77	8.11	53.39	8.63	0.00
1	5	3.44	6.93	52.00	7.30	0.07
2	2	2.75	5.57	49.81	15.62	0.05
2	6	2.77	5.64	53.04	9.61	0.00
3	3	3.32	6.75	52.15	12.26	0.00
3	7	2.91	7.19	50.83	6.06	0.02
Core	CPU	C1%	C3%	C6%	C8%	C9%
-	-	0.33	5.83	58.28	8.78	0.04
0	0	0.60	5.62	58.31	9.56	0.00
0	4	0.11	5.30	61.79	7.87	0.00
1	1	0.42	5.78	59.62	7.87	0.07
1	5	0.22	6.76	57.88	6.90	0.00
2	2	0.23	7.27	55.67	6.09	0.01
2	6	0.19	4.30	59.46	9.90	0.22
3	3	0.39	6.92	59.74	8.12	0.00
3	7	0.48	4.69	53.95	13.95	0.00
Core	CPU	C1%	C3%	C6%	C8%	C9%
-	-	0.31	5.07	58.63	11.34	0.02
0	0	0.52	5.56	60.18	10.68	0.00
0	4	0.32	5.07	56.92	13.50	0.00
1	1	0.41	5.02	60.91	11.07	0.00
1	5	0.10	6.01	57.92	9.03	0.00
2	2	0.16	4.01	59.82	10.72	0.11
2	6	0.26	4.57	59.67	9.82	0.00
3	3	0.53	5.73	55.85	13.27	0.01
3	7	0.16	4.57	57.32	12.56	0.04
Core	CPU	C1%	C3%	C6%	C8%	C9%
-	-	0.49	6.50	58.22	8.32	0.00
0	0	0.19	5.76	57.96	10.61	0.00
0	4	0.72	7.21	61.24	4.38	0.00
1	1	0.42	6.45	57.45	8.58	0.00
1	5	0.41	6.59	58.74	8.51	0.00
2	2	0.50	5.73	58.07	9.25	0.00
2	6	0.70	6.20	53.49	10.81	0.00
3	3	0.43	7.66	58.87	5.43	0.00
3	7	0.59	6.44	60.02	9.00	0.00
Core	CPU	C1%	C3%	C6%	C8%	C9%
-	-	0.49	7.79	58.26	6.67	0.23
0	0	0.43	7.75	58.02	6.44	0.00
0	4	0.39	8.19	56.58	6.76	0.00
1	1	0.58	7.93	55.83	7.02	0.53
1	5	0.25	8.01	58.04	7.31	1.23
2	2	0.35	7.60	58.75	8.06	0.00
2	6	0.76	7.52	58.81	6.57	0.00
3	3	0.85	7.12	58.17	6.48	0.10
3	7	0.31	8.15	61.79	4.70	0.00
Core	CPU	C1%	C3%	C6%	C8%	C9%
-	-	0.60	8.73	58.50	7.08	0.01
0	0	0.59	8.79	63.16	6.92	0.00
0	4	0.63	8.95	60.04	7.46	0.00
1	1	0.48	6.10	47.96	3.20	0.00
1	5	0.73	10.84	59.85	5.20	0.08
2	2	0.44	9.44	60.29	6.88	0.00
2	6	0.50	9.11	57.51	9.05	0.00
3	3	0.65	8.21	59.99	10.00	0.00
3	7	0.74	8.39	59.01	7.92	0.00
Core	CPU	C1%	C3%	C6%	C8%	C9%
-	-	2.38	14.20	43.31	2.68	0.00
0	0	3.67	13.96	49.99	3.66	0.00
0	4	2.48	14.15	49.09	4.05	0.00
1	1	0.84	2.21	19.44	2.60	0.00
1	5	2.39	23.81	25.61	0.52	0.00
2	2	3.04	14.00	47.39	0.70	0.00
2	6	2.50	15.46	49.69	3.60	0.02
3	3	1.98	13.67	56.82	4.23	0.00
3	7	2.16	16.37	48.57	2.10	0.00
Core	CPU	C1%	C3%	C6%	C8%	C9%
-	-	0.42	7.47	61.41	6.22	0.00
0	0	0.69	8.02	62.69	3.99	0.00
0	4	0.14	6.67	63.39	6.01	0.00
1	1	0.47	7.62	60.00	4.41	0.00
1	5	0.86	7.25	60.77	6.28	0.00
2	2	0.22	6.90	62.30	9.53	0.00
2	6	0.34	7.74	60.62	7.39	0.00
3	3	0.32	7.61	62.80	5.09	0.00
3	7	0.35	7.96	58.69	7.06	0.00
Core	CPU	C1%	C3%	C6%	C8%	C9%
-	-	0.34	6.15	61.82	7.54	0.00
0	0	0.58	6.29	59.45	7.05	0.00
0	4	0.06	5.38	61.70	6.27	0.00
1	1	0.54	7.19	62.90	5.19	0.00
1	5	0.31	5.58	62.37	6.91	0.00
2	2	0.10	6.35	63.16	8.11	0.00
2	6	0.16	6.57	64.25	7.07	0.00
3	3	0.69	6.57	62.48	6.40	0.00
3	7	0.26	5.27	58.24	13.37	0.00
Core	CPU	C1%	C3%	C6%	C8%	C9%
-	-	0.87	8.64	56.97	4.52	0.01
0	0	1.12	7.92	57.39	4.19	0.01
0	4	0.84	7.51	58.51	5.01	0.00
1	1	0.72	8.54	56.58	3.93	0.00
1	5	0.59	10.37	56.26	2.36	0.00
2	2	0.90	8.71	54.48	6.03	0.06
2	6	0.77	9.19	58.66	5.22	0.00
3	3	1.04	9.38	57.81	4.42	0.00
3	7	0.99	7.53	56.07	4.98	0.00
Core	CPU	C1%	C3%	C6%	C8%	C9%
-	-	0.85	13.95	50.51	1.95	0.00
0	0	1.25	13.87	49.03	1.93	0.00
0	4	0.74	12.52	54.75	2.85	0.00
1	1	0.83	13.51	48.30	2.34	0.00
1	5	0.59	13.73	55.31	0.37	0.00
2	2	0.72	15.13	50.92	1.87	0.00
2	6	0.85	14.83	48.79	2.10	0.00
3	3	0.82	13.72	50.38	2.71	0.00
3	7	1.00	14.30	46.61	1.40	0.00
Core	CPU	C1%	C3%	C6%	C8%	C9%
-	-	0.67	9.13	58.14	5.64	0.01
0	0	0.96	10.71	57.63	3.05	0.00
0	4	0.43	8.15	60.81	5.98	0.00
1	1	0.41	9.04	54.73	9.10	0.00
1	5	0.34	7.45	60.18	7.18	0.07
2	2	1.01	9.82	59.03	3.73	0.00
2	6	0.71	8.70	56.46	7.71	0.00
3	3	0.76	9.47	57.89	5.27	0.00
3	7	0.72	9.72	58.41	3.11	0.00
Core	CPU	C1%	C3%	C6%	C8%	C9%
-	-	0.99	10.63	52.60	3.73	0.01
0	0	1.29	10.46	53.63	3.90	0.00
0	4	1.54	9.99	51.71	3.39	0.00
1	1	0.74	10.38	48.81	6.47	0.00
1	5	0.90	11.11	50.61	3.54	0.08
2	2	1.16	9.42	55.95	4.12	0.00
2	6	0.49	11.58	52.41	2.13	0.00
3	3	0.70	10.38	55.62	2.86	0.00
3	7	1.06	11.66	52.05	3.46	0.00
Core	CPU	C1%	C3%	C6%	C8%	C9%
-	-	0.99	14.66	49.75	0.86	0.00
0	0	1.07	16.48	44.02	0.29	0.00
0	4	0.63	12.82	56.46	0.64	0.00
1	1	1.21	15.71	47.77	0.44	0.00
1	5	0.76	15.01	51.15	0.32	0.00
2	2	1.03	13.81	50.12	1.25	0.00
2	6	1.10	14.26	48.12	1.38	0.00
3	3	1.01	14.47	49.73	1.12	0.00
3	7	1.09	14.69	50.60	1.41	0.00
Core	CPU	C1%	C3%	C6%	C8%	C9%
-	-	0.50	8.54	60.24	4.85	0.03
0	0	0.50	9.07	61.66	3.36	0.00
0	4	0.64	8.76	60.23	4.96	0.00
1	1	0.41	8.05	62.60	6.02	0.00
1	5	0.86	8.94	58.28	4.77	0.00
2	2	0.37	8.05	57.05	6.77	0.00
2	6	0.46	8.49	60.43	3.85	0.00
3	3	0.51	8.95	58.51	4.77	0.21
3	7	0.22	8.04	63.21	4.31	0.00
Core	CPU	C1%	C3%	C6%	C8%	C9%
-	-	0.69	8.56	58.68	4.51	0.02
0	0	0.46	9.17	58.13	5.57	0.00
0	4	0.82	8.28	61.17	2.01	0.00
1	1	0.47	7.43	62.39	3.56	0.00
1	5	0.61	10.55	53.23	3.23	0.14
2	2	0.69	7.87	59.88	5.54	0.00
2	6	0.80	8.82	55.29	6.44	0.00
3	3	1.00	7.99	58.26	7.92	0.00
3	7	0.66	8.34	61.20	1.79	0.00
Core	CPU	C1%	C3%	C6%	C8%	C9%
-	-	0.68	9.57	58.78	3.21	0.00
0	0	0.57	9.24	60.51	3.46	0.00
0	4	0.34	11.03	60.17	3.61	0.00
1	1	0.84	8.48	61.48	5.12	0.00
1	5	1.07	10.76	57.17	1.92	0.00
2	2	0.85	9.82	60.00	3.06	0.00
2	6	0.39	9.14	58.20	2.38	0.00
3	3	0.41	7.69	58.11	3.35	0.00
3	7	0.97	10.36	54.56	2.79	0.00
Core	CPU	C1%	C3%	C6%	C8%	C9%
-	-	0.32	6.77	60.37	7.71	0.04
0	0	0.43	6.68	59.49	5.71	0.00
0	4	0.49	6.83	58.14	8.95	0.00
1	1	0.27	6.50	60.31	11.36	0.00
1	5	0.53	7.31	56.28	8.69	0.33
2	2	0.13	6.12	65.55	7.12	0.00
2	6	0.26	7.48	61.27	5.86	0.00
3	3	0.17	4.93	61.19	9.28	0.00
3	7	0.27	8.32	60.74	4.69	0.00
Core	CPU	C1%	C3%	C6%	C8%	C9%
-	-	0.75	8.73	58.03	4.28	0.01
0	0	1.16	9.37	57.43	5.25	0.00
0	4	0.97	7.45	58.40	3.04	0.00
1	1	0.54	8.02	59.73	4.00	0.00
1	5	0.65	9.74	57.41	3.90	0.08
2	2	1.21	10.12	56.58	2.65	0.00
2	6	0.36	7.55	60.38	7.21	0.00
3	3	0.46	8.26	59.34	3.94	0.00
3	7	0.64	9.37	54.99	4.26	0.00
Core	CPU	C1%	C3%	C6%	C8%	C9%
-	-	0.36	6.40	60.45	7.01	0.02
0	0	0.40	6.07	57.69	8.52	0.01
0	4	0.33	6.52	60.37	7.61	0.15
1	1	0.37	6.58	57.08	7.42	0.00
1	5	0.39	6.32	60.26	6.32	0.00
2	2	0.13	5.99	65.56	6.04	0.00
2	6	0.49	6.14	61.66	5.75	0.00
3	3	0.28	6.20	63.32	8.21	0.00
3	7	0.52	7.40	57.86	6.19	0.00
Core	CPU	C1%	C3%	C6%	C8%	C9%
-	-	0.99	10.60	56.02	3.64	0.00
0	0	0.70	11.11	53.35	4.53	0.00
0	4	0.96	9.36	56.95	3.57	0.00
1	1	0.84	9.19	60.37	4.40	0.00
1	5	0.92	12.22	51.79	2.78	0.00
2	2	1.05	11.45	54.87	3.70	0.00
2	6	0.84	9.49	57.85	4.58	0.00
3	3	0.98	10.40	57.75	3.32	0.00
3	7	1.65	11.60	55.11	2.23	0.00
Core	CPU	C1%	C3%	C6%	C8%	C9%
-	-	0.69	10.94	52.80	3.67	0.00
0	0	0.73	11.59	53.12	2.95	0.00
0	4	1.00	10.13	54.62	4.26	0.00
1	1	0.61	10.83	53.79	5.12	0.00
1	5	0.58	11.70	49.61	2.63	0.00
2	2	0.78	10.69	51.87	4.08	0.00
2	6	0.63	10.81	53.34	3.72	0.00
3	3	0.67	9.48	55.74	4.93	0.00
3	7	0.56	12.31	50.21	1.67	0.00
