Core	CPU	C1%	C3%	C6%	C8%	C9%
-	-	0.03	0.74	71.97	15.59	0.00
0	0	0.06	0.50	74.85	13.71	0.00
0	4	0.03	0.68	70.18	19.88	0.00
1	1	0.07	0.50	71.02	18.45	0.00
1	5	0.01	0.44	70.02	20.58	0.00
2	2	0.01	0.46	71.13	18.68	0.00
2	6	0.01	0.64	70.80	19.11	0.00
3	3	0.00	0.61	81.33	8.38	0.00
3	7	0.02	2.12	66.85	6.05	0.00
Core	CPU	C1%	C3%	C6%	C8%	C9%
-	-	0.01	0.69	71.39	16.65	0.00
0	0	0.01	0.62	75.79	13.05	0.00
0	4	0.00	0.62	70.39	20.18	0.00
1	1	0.01	0.49	74.65	15.16	0.00
1	5	0.01	0.34	71.39	19.47	0.00
2	2	0.01	0.43	71.19	18.77	0.00
2	6	0.01	0.46	70.00	20.64	0.00
3	3	0.01	0.52	75.60	14.25	0.00
3	7	0.01	2.05	61.94	11.66	0.00
Core	CPU	C1%	C3%	C6%	C8%	C9%
-	-	0.01	0.68	71.60	16.45	0.00
0	0	0.00	0.44	75.57	13.31	0.00
0	4	0.01	0.66	70.50	20.10	0.00
1	1	0.01	0.47	72.82	17.18	0.00
1	5	0.01	0.45	71.79	18.93	0.00
2	2	0.01	0.44	72.04	17.79	0.00
2	6	0.00	0.43	70.72	19.94	0.00
3	3	0.00	0.51	76.54	13.36	0.00
3	7	0.00	2.00	62.70	10.98	0.00
Core	CPU	C1%	C3%	C6%	C8%	C9%
-	-	0.01	0.67	71.06	16.98	0.00
0	0	0.00	0.43	74.13	14.87	0.00
0	4	0.00	0.55	70.30	20.34	0.00
1	1	0.01	0.49	72.63	17.18	0.00
1	5	0.01	0.45	71.72	19.02	0.00
2	2	0.01	0.44	70.71	19.19	0.00
2	6	0.01	0.54	69.70	20.88	0.00
3	3	0.00	0.59	75.92	13.94	0.00
3	7	0.02	1.83	63.42	10.41	0.00
Core	CPU	C1%	C3%	C6%	C8%	C9%
-	-	0.01	1.10	70.10	15.97	0.00
0	0	0.01	0.49	74.11	13.18	0.00
0	4	0.00	0.64	69.48	19.39	0.00
1	1	0.01	0.45	72.27	15.13	0.00
1	5	0.01	0.42	70.22	19.17	0.00
2	2	0.01	0.47	70.07	18.64	0.00
2	6	0.01	0.47	68.03	20.82	0.00
3	3	0.00	2.49	74.50	11.84	0.00
3	7	0.01	3.37	61.99	9.52	0.00
Core	CPU	C1%	C3%	C6%	C8%	C9%
-	-	0.00	0.65	70.86	17.12	0.00
0	0	0.00	0.56	74.09	14.89	0.00
0	4	0.01	0.68	70.16	20.37	0.00
1	1	0.01	0.48	75.11	14.55	0.00
1	5	0.00	0.31	72.22	18.56	0.00
2	2	0.01	0.43	70.91	19.05	0.00
2	6	0.00	0.43	68.60	22.08	0.00
3	3	0.00	0.58	75.12	14.74	0.00
3	7	0.00	1.77	60.92	12.81	0.00
Core	CPU	C1%	C3%	C6%	C8%	C9%
-	-	0.02	0.71	71.11	16.60	0.00
0	0	0.01	0.44	72.63	16.39	0.00
0	4	0.00	0.65	69.54	20.13	0.00
1	1	0.00	0.57	73.69	16.12	0.00
1	5	0.01	0.44	71.50	19.15	0.00
2	2	0.14	0.64	69.16	19.51	0.00
2	6	0.01	0.35	69.70	21.11	0.00
3	3	0.01	0.61	77.63	11.76	0.00
3	7	0.01	1.96	65.05	8.67	0.00
Core	CPU	C1%	C3%	C6%	C8%	C9%
-	-	0.01	0.69	70.79	17.27	0.00
0	0	0.00	0.43	73.52	15.53	0.00
0	4	0.01	0.74	70.75	19.57	0.00
1	1	0.00	0.41	73.19	16.70	0.00
1	5	0.01	0.42	69.92	20.81	0.00
2	2	0.00	0.54	69.81	20.02	0.00
2	6	0.01	0.48	69.07	21.68	0.00
3	3	0.00	0.59	77.32	12.49	0.00
3	7	0.02	1.92	62.44	11.24	0.00
Core	CPU	C1%	C3%	C6%	C8%	C9%
-	-	0.01	0.69	70.83	17.13	0.00
0	0	0.00	0.58	75.11	13.68	0.00
0	4	0.01	0.67	70.51	20.07	0.00
1	1	0.01	0.56	74.61	15.15	0.00
1	5	0.01	0.37	71.06	19.75	0.00
2	2	0.01	0.54	70.82	19.04	0.00
2	6	0.00	0.43	69.26	21.53	0.00
3	3	0.00	0.56	74.24	15.62	0.00
3	7	0.01	1.81	61.42	12.27	0.00
Core	CPU	C1%	C3%	C6%	C8%	C9%
-	-	0.01	0.78	68.54	17.36	0.00
0	0	0.00	0.43	72.42	14.98	0.00
0	4	0.01	0.61	68.41	20.65	0.00
1	1	0.01	0.54	71.57	15.85	0.00
1	5	0.01	0.30	68.97	19.72	0.00
2	2	0.01	0.38	68.28	19.16	0.00
2	6	0.00	0.42	67.35	21.01	0.00
3	3	0.00	1.14	71.96	14.63	0.00
3	7	0.01	2.44	59.04	12.80	0.00
Core	CPU	C1%	C3%	C6%	C8%	C9%
-	-	0.01	0.69	71.06	16.90	0.00
0	0	0.00	0.55	75.89	12.97	0.00
0	4	0.01	0.72	69.94	20.58	0.00
1	1	0.01	0.46	73.09	16.79	0.00
1	5	0.01	0.35	71.43	19.38	0.00
2	2	0.01	0.48	70.74	19.21	0.00
2	6	0.00	0.35	70.19	20.65	0.00
3	3	0.01	0.68	75.84	13.82	0.00
3	7	0.01	1.94	61.66	11.90	0.00
Core	CPU	C1%	C3%	C6%	C8%	C9%
-	-	0.01	0.77	70.96	16.94	0.00
0	0	0.00	0.50	72.35	16.70	0.00
0	4	0.00	0.69	68.35	21.85	0.00
1	1	0.01	0.50	71.29	18.59	0.00
1	5	0.01	0.56	69.93	20.74	0.00
2	2	0.04	0.50	71.43	17.64	0.00
2	6	0.01	0.41	71.05	19.81	0.00
3	3	0.00	0.60	78.62	11.06	0.00
3	7	0.01	2.45	64.33	9.02	0.00
Core	CPU	C1%	C3%	C6%	C8%	C9%
-	-	0.01	0.71	71.17	16.78	0.00
0	0	0.00	0.46	72.81	16.19	0.00
0	4	0.00	0.76	70.11	20.35	0.00
1	1	0.01	0.47	75.58	14.28	0.00
1	5	0.02	0.38	72.54	18.24	0.00
2	2	0.01	0.47	71.15	18.75	0.00
2	6	0.00	0.39	70.22	20.58	0.00
3	3	0.00	0.74	75.48	14.22	0.00
3	7	0.01	2.00	61.84	11.70	0.00
Core	CPU	C1%	C3%	C6%	C8%	C9%
-	-	0.01	0.66	70.40	17.65	0.00
0	0	0.00	0.56	74.08	14.84	0.00
0	4	0.00	0.67	69.56	20.98	0.00
1	1	0.01	0.41	74.45	15.43	0.00
1	5	0.01	0.37	72.25	18.60	0.00
2	2	0.01	0.44	68.50	21.43	0.00
2	6	0.01	0.40	68.41	22.39	0.00
3	3	0.00	0.62	75.22	14.58	0.00
3	7	0.01	1.79	60.79	12.94	0.00
Core	CPU	C1%	C3%	C6%	C8%	C9%
-	-	0.01	0.97	67.17	18.42	0.00
0	0	0.00	0.49	68.92	18.54	0.00
0	4	0.00	0.61	65.95	22.54	0.00
1	1	0.01	0.51	71.07	16.92	0.00
1	5	0.00	0.29	68.02	21.85	0.00
2	2	0.01	0.48	65.75	21.97	0.00
2	6	0.00	0.32	66.13	22.77	0.00
3	3	0.01	2.36	72.56	13.34	0.00
3	7	0.02	2.75	58.86	9.39	0.00
Core	CPU	C1%	C3%	C6%	C8%	C9%
-	-	0.01	0.67	71.08	16.93	0.00
0	0	0.00	0.49	74.93	14.15	0.00
0	4	0.01	0.66	71.65	18.80	0.00
1	1	0.01	0.46	73.48	16.37	0.00
1	5	0.01	0.36	71.53	19.24	0.00
2	2	0.01	0.41	71.34	18.58	0.00
2	6	0.00	0.37	69.45	21.39	0.00
3	3	0.00	0.59	74.95	14.90	0.00
3	7	0.01	2.04	61.46	12.08	0.00
Core	CPU	C1%	C3%	C6%	C8%	C9%
-	-	0.01	0.85	70.19	17.62	0.00
0	0	0.01	0.49	71.72	17.01	0.00
0	4	0.01	0.58	72.95	17.44	0.00
1	1	0.00	0.54	71.24	18.70	0.00
1	5	0.00	0.45	70.34	20.17	0.00
2	2	0.01	0.52	69.23	20.60	0.00
2	6	0.00	0.52	68.34	22.41	0.00
3	3	0.00	1.39	75.20	13.73	0.00
3	7	0.01	2.31	62.48	10.89	0.00
Core	CPU	C1%	C3%	C6%	C8%	C9%
-	-	0.01	0.66	70.73	17.29	0.00
0	0	0.00	0.46	74.17	14.94	0.00
0	4	0.00	0.60	74.31	16.00	0.00
1	1	0.01	0.46	70.52	19.19	0.00
1	5	0.01	0.30	71.71	19.15	0.00
2	2	0.01	0.49	69.42	20.42	0.00
2	6	0.00	0.47	68.62	22.12	0.00
3	3	0.01	0.59	74.34	15.52	0.00
3	7	0.01	1.90	62.67	10.99	0.00
Core	CPU	C1%	C3%	C6%	C8%	C9%
-	-	0.01	0.63	70.70	17.37	0.00
0	0	0.00	0.45	73.49	15.61	0.00
0	4	0.00	0.58	72.40	17.97	0.00
1	1	0.02	0.53	72.53	17.31	0.00
1	5	0.01	0.35	71.16	19.67	0.00
2	2	0.01	0.49	70.71	19.21	0.00
2	6	0.00	0.41	68.94	21.85	0.00
3	3	0.00	0.51	74.07	15.87	0.00
3	7	0.01	1.72	62.32	11.50	0.00
Core	CPU	C1%	C3%	C6%	C8%	C9%
-	-	0.00	1.12	69.18	16.53	0.00
0	0	0.01	0.48	70.19	16.56	0.00
0	4	0.01	0.58	67.27	21.24	0.00
1	1	0.01	0.46	73.97	14.04	0.00
1	5	0.01	0.40	70.43	17.81	0.00
2	2	0.00	0.48	70.27	17.62	0.00
2	6	0.00	0.39	69.99	18.18	0.00
3	3	0.00	2.43	71.85	14.41	0.00
3	7	0.01	3.73	59.00	12.26	0.00
Core	CPU	C1%	C3%	C6%	C8%	C9%
-	-	0.01	0.69	71.21	16.77	0.00
0	0	0.00	0.55	70.63	18.42	0.00
0	4	0.00	0.74	69.46	21.01	0.00
1	1	0.01	0.51	76.79	12.86	0.00
1	5	0.01	0.43	71.54	19.09	0.00
2	2	0.01	0.57	70.17	19.64	0.00
2	6	0.00	0.25	70.61	20.32	0.00
3	3	0.00	0.59	77.83	12.07	0.00
3	7	0.01	1.86	62.92	10.79	0.00
Core	CPU	C1%	C3%	C6%	C8%	C9%
-	-	0.01	0.74	70.76	17.16	0.00
0	0	0.00	0.53	71.12	17.94	0.00
0	4	0.00	0.76	69.71	20.68	0.00
1	1	0.01	0.49	73.81	15.88	0.00
1	5	0.01	0.45	69.85	20.96	0.00
2	2	0.01	0.50	67.36	22.58	0.00
2	6	0.00	0.40	68.53	21.41	0.00
3	3	0.00	0.60	79.61	10.27	0.00
3	7	0.02	2.20	65.96	7.50	0.00
Core	CPU	C1%	C3%	C6%	C8%	C9%
-	-	0.00	0.68	70.73	17.26	0.00
0	0	0.00	0.51	73.41	15.62	0.00
0	4	0.00	0.63	71.54	18.88	0.00
1	1	0.00	0.48	71.83	17.83	0.00
1	5	0.00	0.40	72.20	18.54	0.00
2	2	0.01	0.48	68.60	21.16	0.00
2	6	0.00	0.31	69.19	21.67	0.00
3	3	0.00	0.64	75.43	14.40	0.00
3	7	0.01	1.96	63.63	10.01	0.00
Core	CPU	C1%	C3%	C6%	C8%	C9%
-	-	0.01	0.65	70.45	17.27	0.00
0	0	0.00	0.53	72.69	16.29	0.00
0	4	0.01	0.61	73.10	16.34	0.00
1	1	0.00	0.45	70.86	18.81	0.00
1	5	0.00	0.43	72.43	18.36	0.00
2	2	0.01	0.45	67.98	21.92	0.00
2	6	0.00	0.40	67.91	22.90	0.00
3	3	0.01	0.63	75.10	13.56	0.00
3	7	0.02	1.66	63.81	10.06	0.00
Core	CPU	C1%	C3%	C6%	C8%	C9%
-	-	0.01	0.99	68.09	17.93	0.12
0	0	0.00	0.54	72.75	14.53	0.00
0	4	0.00	0.60	69.63	19.09	0.00
1	1	0.01	0.51	71.51	16.60	0.00
1	5	0.00	0.28	69.13	19.62	0.00
2	2	0.01	0.47	66.71	21.39	0.00
2	6	0.00	0.37	66.68	22.46	0.00
3	3	0.00	2.10	69.45	16.90	0.97
3	7	0.01	3.06	58.72	12.80	0.00
Core	CPU	C1%	C3%	C6%	C8%	C9%
-	-	0.00	0.66	70.28	17.77	0.00
0	0	0.00	0.53	75.08	13.84	0.00
0	4	0.00	0.64	70.00	20.56	0.00
1	1	0.00	0.52	74.16	15.57	0.00
1	5	0.01	0.34	71.78	18.94	0.00
2	2	0.01	0.44	67.42	22.55	0.00
2	6	0.00	0.28	68.30	22.62	0.00
3	3	0.00	0.56	73.58	16.29	0.00
3	7	0.01	1.96	61.86	11.77	0.00
Core	CPU	C1%	C3%	C6%	C8%	C9%
-	-	0.01	0.80	69.56	18.13	0.00
0	0	0.00	0.48	70.61	18.25	0.00
0	4	0.00	0.64	68.06	22.58	0.00
1	1	0.00	0.52	73.35	16.37	0.00
1	5	0.01	0.37	70.47	20.28	0.00
2	2	0.01	0.46	69.74	19.61	0.00
2	6	0.01	0.68	69.92	19.64	0.00
3	3	0.01	0.62	74.11	15.63	0.00
3	7	0.03	2.63	60.19	12.66	0.00
Core	CPU	C1%	C3%	C6%	C8%	C9%
-	-	0.01	0.66	70.86	17.14	0.00
0	0	0.00	0.47	72.21	16.78	0.00
0	4	0.00	0.69	70.59	19.90	0.00
1	1	0.01	0.43	72.40	17.43	0.00
1	5	0.01	0.42	70.23	20.56	0.00
2	2	0.01	0.44	71.03	18.87	0.00
2	6	0.01	0.41	69.47	21.37	0.00
3	3	0.00	0.61	77.45	12.39	0.00
3	7	0.01	1.82	63.82	9.93	0.00
Core	CPU	C1%	C3%	C6%	C8%	C9%
-	-	0.00	0.64	70.37	17.73	0.00
0	0	0.00	0.58	72.77	16.22	0.00
0	4	0.00	0.67	69.39	21.17	0.00
1	1	0.00	0.48	74.80	14.89	0.00
1	5	0.01	0.29	72.57	18.19	0.00
2	2	0.01	0.45	70.62	19.25	0.00
2	6	0.00	0.38	69.94	20.87	0.00
3	3	0.00	0.57	73.60	16.33	0.00
3	7	0.01	1.71	58.96	14.86	0.00
Core	CPU	C1%	C3%	C6%	C8%	C9%
-	-	0.01	1.13	68.65	17.51	0.00
0	0	0.00	0.56	73.86	13.92	0.00
0	4	0.00	0.63	69.10	19.49	0.00
1	1	0.01	0.46	71.52	17.48	0.00
1	5	0.00	0.29	69.82	18.98	0.00
2	2	0.01	0.44	64.85	22.73	0.00
2	6	0.01	0.51	65.05	24.63	0.00
3	3	0.00	3.10	73.89	12.71	0.00
3	7	0.01	3.04	61.31	10.17	0.00
Core	CPU	C1%	C3%	C6%	C8%	C9%
-	-	0.01	0.75	71.62	16.15	0.00
0	0	0.01	0.59	74.99	13.74	0.00
0	4	0.01	0.69	68.59	21.77	0.00
1	1	0.00	0.61	74.70	14.79	0.00
1	5	0.01	0.48	72.13	18.34	0.00
2	2	0.01	0.40	70.71	19.25	0.00
2	6	0.00	0.49	70.61	20.03	0.00
3	3	0.00	0.71	77.22	12.42	0.00
3	7	0.01	2.05	64.20	8.92	0.00
Core	CPU	C1%	C3%	C6%	C8%	C9%
-	-	0.01	0.72	70.09	17.76	0.00
0	0	0.00	0.49	75.38	13.76	0.00
0	4	0.00	0.56	73.62	16.78	0.00
1	1	0.01	0.51	69.87	19.96	0.00
1	5	0.01	0.26	69.27	21.61	0.00
2	2	0.01	0.80	68.14	20.76	0.00
2	6	0.01	0.47	69.50	21.02	0.00
3	3	0.00	0.49	74.29	15.81	0.00
3	7	0.01	2.17	60.92	12.44	0.00
Core	CPU	C1%	C3%	C6%	C8%	C9%
-	-	0.01	0.69	71.55	16.43	0.00
0	0	0.01	0.51	73.43	15.62	0.00
0	4	0.00	0.69	73.02	17.22	0.00
1	1	0.01	0.46	71.57	18.04	0.00
1	5	0.00	0.38	71.02	19.77	0.00
2	2	0.00	0.50	70.17	19.65	0.00
2	6	0.00	0.49	69.95	20.79	0.00
3	3	0.00	0.61	78.45	11.43	0.00
3	7	0.02	1.87	64.76	8.91	0.00
Core	CPU	C1%	C3%	C6%	C8%	C9%
-	-	0.03	0.72	71.44	16.16	0.00
0	0	0.08	0.58	76.78	11.46	0.00
0	4	0.00	0.65	75.88	14.43	0.00
1	1	0.00	0.47	70.98	18.50	0.00
1	5	0.01	0.28	70.45	20.34	0.00
2	2	0.01	0.58	68.99	20.58	0.00
2	6	0.01	0.49	70.77	19.52	0.00
3	3	0.09	0.56	75.00	14.05	0.00
3	7	0.01	2.18	62.56	10.33	0.00
Core	CPU	C1%	C3%	C6%	C8%	C9%
-	-	0.01	1.09	68.99	16.75	0.00
0	0	0.00	0.52	71.12	15.86	0.00
0	4	0.00	0.67	69.20	18.76	0.00
1	1	0.01	0.52	73.34	14.30	0.00
1	5	0.00	0.36	70.21	18.67	0.00
2	2	0.01	0.58	66.94	20.26	0.00
2	6	0.00	0.38	67.10	21.66	0.00
3	3	0.01	2.36	72.33	14.23	0.00
3	7	0.01	3.35	61.23	10.16	0.00
Core	CPU	C1%	C3%	C6%	C8%	C9%
-	-	0.00	0.69	70.32	17.64	0.00
0	0	0.00	0.59	74.38	14.54	0.00
0	4	0.00	0.67	70.92	19.47	0.00
1	1	0.00	0.56	72.49	17.10	0.00
1	5	0.00	0.34	70.98	19.66	0.00
2	2	0.01	0.47	67.99	21.91	0.00
2	6	0.01	0.46	67.21	23.50	0.00
3	3	0.00	0.55	76.46	13.46	0.00
3	7	0.01	1.92	62.18	11.46	0.00
Core	CPU	C1%	C3%	C6%	C8%	C9%
-	-	0.01	0.69	69.51	17.54	0.00
0	0	0.00	0.58	74.00	13.78	0.00
0	4	0.00	0.50	73.54	17.26	0.00
1	1	0.08	0.50	69.97	18.78	0.00
1	5	0.00	0.31	68.59	21.94	0.00
2	2	0.01	0.69	68.88	20.07	0.00
2	6	0.00	0.56	68.27	21.58	0.00
3	3	0.00	0.51	71.93	16.64	0.00
3	7	0.01	1.88	61.19	10.33	0.00
Core	CPU	C1%	C3%	C6%	C8%	C9%
-	-	0.01	0.67	70.08	17.40	0.00
0	0	0.00	0.55	74.29	14.81	0.00
0	4	0.00	0.74	72.07	17.99	0.00
1	1	0.00	0.53	70.65	19.26	0.00
1	5	0.00	0.42	70.34	19.92	0.00
2	2	0.01	0.45	66.82	22.93	0.00
2	6	0.01	0.49	68.14	22.53	0.00
3	3	0.00	0.44	75.06	14.42	0.00
3	7	0.02	1.74	63.33	7.32	0.00
Core	CPU	C1%	C3%	C6%	C8%	C9%
-	-	0.00	0.70	70.44	17.60	0.00
0	0	0.01	0.58	74.60	14.38	0.00
0	4	0.00	0.63	74.29	15.98	0.00
1	1	0.00	0.52	72.06	17.71	0.00
1	5	0.00	0.32	70.94	19.92	0.00
2	2	0.01	0.52	67.38	22.47	0.00
2	6	0.00	0.44	68.38	22.38	0.00
3	3	0.00	0.74	73.55	16.17	0.00
3	7	0.01	1.80	62.03	11.68	0.00
Core	CPU	C1%	C3%	C6%	C8%	C9%
-	-	0.02	0.97	68.96	16.31	0.00
0	0	0.00	0.44	73.32	13.44	0.00
0	4	0.04	0.72	73.05	14.53	0.00
1	1	0.01	0.48	67.83	19.25	0.00
1	5	0.02	0.30	68.12	19.52	0.00
2	2	0.00	0.44	68.00	19.90	0.00
2	6	0.01	0.58	68.11	19.87	0.00
3	3	0.06	2.46	71.82	13.97	0.00
3	7	0.01	2.36	61.38	10.01	0.00
Core	CPU	C1%	C3%	C6%	C8%	C9%
-	-	0.01	0.68	70.36	17.63	0.00
0	0	0.00	0.61	73.27	15.61	0.00
0	4	0.01	0.64	69.88	20.66	0.00
1	1	0.00	0.47	74.37	15.44	0.00
1	5	0.00	0.28	71.81	19.02	0.00
2	2	0.00	0.50	69.30	20.43	0.00
2	6	0.00	0.39	67.84	22.92	0.00
3	3	0.00	0.67	74.55	15.13	0.00
3	7	0.01	1.87	61.86	11.79	0.00
Core	CPU	C1%	C3%	C6%	C8%	C9%
-	-	0.01	0.75	70.59	17.29	0.00
0	0	0.00	0.54	73.44	15.54	0.00
0	4	0.01	1.16	69.30	20.38	0.00
1	1	0.00	0.48	75.25	14.54	0.00
1	5	0.01	0.42	70.54	19.88	0.00
2	2	0.01	0.50	71.28	18.49	0.00
2	6	0.00	0.31	69.76	21.19	0.00
3	3	0.00	0.45	74.44	15.59	0.00
3	7	0.01	2.14	60.69	12.73	0.00
Core	CPU	C1%	C3%	C6%	C8%	C9%
-	-	0.01	0.70	71.62	16.18	0.00
0	0	0.01	0.60	78.08	10.63	0.00
0	4	0.01	0.61	71.32	19.19	0.00
1	1	0.01	0.53	75.38	14.40	0.00
1	5	0.01	0.33	72.83	17.90	0.00
2	2	0.01	0.53	71.06	18.75	0.00
2	6	0.00	0.45	70.54	20.16	0.00
3	3	0.00	0.57	72.15	17.61	0.00
3	7	0.01	2.02	62.23	10.97	0.00
Core	CPU	C1%	C3%	C6%	C8%	C9%
-	-	0.01	0.68	70.34	17.65	0.00
0	0	0.01	0.57	71.92	17.12	0.00
0	4	0.00	0.69	71.97	18.38	0.00
1	1	0.01	0.50	71.22	18.51	0.00
1	5	0.01	0.35	70.55	20.19	0.00
2	2	0.01	0.43	68.16	21.77	0.00
2	6	0.01	0.44	69.24	21.49	0.00
3	3	0.00	0.60	76.27	13.50	0.00
3	7	0.01	1.89	63.42	10.23	0.00
Core	CPU	C1%	C3%	C6%	C8%	C9%
-	-	0.01	1.14	68.47	16.86	0.00
0	0	0.00	0.57	69.16	17.49	0.00
0	4	0.01	0.78	67.66	19.89	0.00
1	1	0.01	0.53	71.23	16.01	0.00
1	5	0.01	0.41	68.86	18.57	0.00
2	2	0.01	0.59	67.73	19.48	0.00
2	6	0.00	0.31	67.69	21.13	0.00
3	3	0.02	2.62	74.83	11.33	0.00
3	7	0.03	3.31	60.29	10.86	0.00
Core	CPU	C1%	C3%	C6%	C8%	C9%
-	-	0.00	0.68	69.71	18.34	0.00
0	0	0.00	0.62	74.60	14.26	0.00
0	4	0.00	0.61	71.30	19.23	0.00
1	1	0.01	0.48	71.10	18.75	0.00
1	5	0.00	0.26	69.13	21.59	0.00
2	2	0.01	0.54	68.39	21.47	0.00
2	6	0.00	0.42	69.09	21.65	0.00
3	3	0.00	0.50	73.82	16.00	0.00
3	7	0.01	2.01	59.92	13.65	0.00
Core	CPU	C1%	C3%	C6%	C8%	C9%
-	-	0.01	0.82	70.60	17.28	0.00
0	0	0.00	0.52	75.69	13.39	0.00
0	4	0.01	0.61	74.11	16.37	0.00
1	1	0.01	0.51	71.54	18.25	0.00
1	5	0.00	0.39	69.88	20.96	0.00
2	2	0.00	0.50	68.56	21.29	0.00
2	6	0.00	1.08	67.63	22.34	0.00
3	3	0.00	0.49	75.35	14.62	0.00
3	7	0.02	2.49	62.09	11.04	0.00
Core	CPU	C1%	C3%	C6%	C8%	C9%
-	-	0.00	0.69	70.37	17.54	0.00
0	0	0.00	0.56	75.83	13.03	0.00
0	4	0.00	0.56	72.52	17.98	0.00
1	1	0.01	0.44	71.31	18.52	0.00
1	5	0.01	0.30	68.97	21.85	0.00
2	2	0.00	0.49	68.49	21.38	0.00
2	6	0.00	0.52	67.82	22.88	0.00
3	3	0.00	0.62	75.50	14.25	0.00
3	7	0.01	2.06	63.01	10.54	0.00
Core	CPU	C1%	C3%	C6%	C8%	C9%
-	-	0.01	0.67	71.02	17.02	0.00
0	0	0.00	0.53	73.73	15.24	0.00
0	4	0.00	0.67	70.81	19.56	0.00
1	1	0.01	0.53	73.05	16.68	0.00
1	5	0.01	0.35	72.25	18.65	0.00
2	2	0.01	0.44	70.85	19.07	0.00
2	6	0.00	0.28	69.25	21.64	0.00
3	3	0.00	0.67	76.08	13.67	0.00
3	7	0.01	1.89	62.05	11.65	0.00
Core	CPU	C1%	C3%	C6%	C8%	C9%
-	-	0.00	0.94	69.57	16.10	0.00
0	0	0.00	0.59	74.03	12.59	0.00
0	4	0.00	0.58	69.69	18.29	0.00
1	1	0.00	0.40	70.54	17.56	0.00
1	5	0.00	0.39	67.84	21.11	0.00
2	2	0.00	0.54	68.06	20.19	0.00
2	6	0.01	0.50	71.15	17.11	0.00
3	3	0.00	1.82	72.78	13.35	0.00
3	7	0.01	2.69	62.32	8.60	0.00
Core	CPU	C1%	C3%	C6%	C8%	C9%
-	-	0.01	0.70	71.06	16.96	0.00
0	0	0.00	0.52	70.28	18.72	0.00
0	4	0.00	0.69	69.41	21.06	0.00
1	1	0.01	0.59	74.33	15.35	0.00
1	5	0.01	0.46	71.37	19.27	0.00
2	2	0.01	0.49	69.87	20.15	0.00
2	6	0.00	0.39	69.60	21.18	0.00
3	3	0.00	0.56	78.49	11.40	0.00
3	7	0.01	1.87	65.17	8.53	0.00
Core	CPU	C1%	C3%	C6%	C8%	C9%
-	-	0.01	0.85	70.33	17.36	0.00
0	0	0.00	0.46	70.36	18.47	0.00
0	4	0.00	0.63	71.19	19.18	0.00
1	1	0.00	0.53	71.10	18.81	0.00
1	5	0.01	0.39	69.79	20.73	0.00
2	2	0.01	0.50	69.26	20.02	0.00
2	6	0.01	1.13	69.55	20.33	0.00
3	3	0.00	0.58	77.55	12.37	0.00
3	7	0.02	2.59	63.95	9.02	0.00
Core	CPU	C1%	C3%	C6%	C8%	C9%
-	-	0.15	0.68	70.62	16.75	0.00
0	0	0.59	0.58	77.11	10.44	0.00
0	4	0.60	0.62	73.10	15.89	0.00
1	1	0.01	0.51	71.33	18.26	0.00
1	5	0.01	0.22	70.07	20.35	0.00
2	2	0.01	0.47	70.05	19.91	0.00
2	6	0.00	0.45	68.90	21.75	0.00
3	3	0.00	0.64	74.50	14.56	0.00
3	7	0.01	1.94	60.06	12.93	0.00
Core	CPU	C1%	C3%	C6%	C8%	C9%
-	-	0.01	0.66	71.02	17.01	0.00
0	0	0.00	0.54	76.13	12.82	0.00
0	4	0.01	0.62	70.73	19.87	0.00
1	1	0.00	0.55	75.01	14.67	0.00
1	5	0.01	0.33	72.91	17.80	0.00
2	2	0.01	0.40	69.18	20.82	0.00
2	6	0.01	0.37	69.72	21.14	0.00
3	3	0.00	0.53	73.99	15.83	0.00
3	7	0.00	1.90	60.50	13.14	0.00
Core	CPU	C1%	C3%	C6%	C8%	C9%
-	-	0.01	0.95	68.64	17.26	0.00
0	0	0.00	0.48	71.14	15.58	0.00
0	4	0.00	0.63	68.59	20.52	0.00
1	1	0.00	0.61	72.46	15.27	0.00
1	5	0.01	0.38	68.13	20.60	0.00
2	2	0.01	0.49	66.49	21.09	0.00
2	6	0.00	0.32	66.45	21.98	0.00
3	3	0.00	2.35	73.45	13.20	0.00
3	7	0.01	2.34	61.87	9.69	0.00
Core	CPU	C1%	C3%	C6%	C8%	C9%
-	-	0.00	0.68	70.98	17.04	0.00
0	0	0.00	0.58	76.00	12.94	0.00
0	4	0.01	0.63	70.33	20.28	0.00
1	1	0.00	0.47	74.33	15.46	0.00
1	5	0.01	0.33	73.50	17.27	0.00
2	2	0.00	0.48	71.48	18.33	0.00
2	6	0.00	0.36	68.31	22.52	0.00
3	3	0.00	0.63	73.72	16.03	0.00
3	7	0.01	1.97	60.15	13.46	0.00
Core	CPU	C1%	C3%	C6%	C8%	C9%
-	-	0.01	0.87	70.31	17.48	0.00
0	0	0.00	1.53	73.96	14.07	0.00
0	4	0.00	0.61	70.22	20.39	0.00
1	1	0.01	0.51	72.42	17.43	0.00
1	5	0.01	0.35	71.46	19.44	0.00
2	2	0.00	0.45	68.90	21.06	0.00
2	6	0.00	0.47	67.70	23.01	0.00
3	3	0.01	0.59	75.57	14.23	0.00
3	7	0.01	2.49	62.85	10.36	0.00
Core	CPU	C1%	C3%	C6%	C8%	C9%
-	-	0.00	0.69	71.89	16.12	0.00
0	0	0.00	0.65	73.92	15.03	0.00
0	4	0.00	0.71	70.75	19.78	0.00
1	1	0.00	0.48	77.55	12.10	0.00
1	5	0.01	0.35	73.05	17.67	0.00
2	2	0.01	0.45	69.90	20.06	0.00
2	6	0.00	0.30	69.99	20.92	0.00
3	3	0.00	0.62	76.62	13.17	0.00
3	7	0.01	2.00	63.38	10.24	0.00
Core	CPU	C1%	C3%	C6%	C8%	C9%
-	-	0.01	0.73	71.25	16.65	0.00
0	0	0.00	0.58	74.72	14.27	0.00
0	4	0.00	0.65	70.53	20.05	0.00
1	1	0.00	0.51	73.00	16.78	0.00
1	5	0.00	0.31	70.56	20.28	0.00
2	2	0.01	0.53	72.12	17.57	0.00
2	6	0.01	0.48	69.16	21.58	0.00
3	3	0.00	0.67	76.62	12.91	0.00
3	7	0.01	2.12	63.34	9.80	0.00
Core	CPU	C1%	C3%	C6%	C8%	C9%
-	-	0.01	0.84	67.05	18.31	0.01
0	0	0.00	0.50	70.23	16.98	0.00
0	4	0.01	0.67	66.67	21.86	0.00
1	1	0.00	0.60	72.18	15.73	0.00
1	5	0.00	0.35	66.31	21.87	0.00
2	2	0.01	0.37	65.32	22.78	0.00
2	6	0.00	0.34	63.91	25.18	0.00
3	3	0.01	1.78	72.70	12.81	0.10
3	7	0.03	2.10	59.15	9.27	0.00
Core	CPU	C1%	C3%	C6%	C8%	C9%
-	-	0.01	0.65	71.22	16.83	0.00
0	0	0.00	0.55	72.95	16.12	0.00
0	4	0.00	0.62	70.56	20.03	0.00
1	1	0.01	0.44	75.05	14.58	0.00
1	5	0.01	0.43	70.75	19.85	0.00
2	2	0.01	0.42	71.66	18.33	0.00
2	6	0.00	0.38	70.91	19.92	0.00
3	3	0.00	0.52	75.60	14.22	0.00
3	7	0.01	1.84	62.14	11.53	0.00
Core	CPU	C1%	C3%	C6%	C8%	C9%
-	-	0.06	0.87	69.77	17.48	0.00
0	0	0.00	0.49	74.49	14.46	0.00
0	4	0.22	0.61	70.69	18.95	0.00
1	1	0.01	0.49	70.98	18.20	0.00
1	5	0.00	0.32	69.05	21.10	0.00
2	2	0.01	0.48	70.08	19.94	0.00
2	6	0.01	0.45	69.36	21.19	0.00
3	3	0.00	1.27	72.75	14.94	0.00
3	7	0.25	2.82	60.88	11.10	0.00
Core	CPU	C1%	C3%	C6%	C8%	C9%
-	-	0.00	0.68	70.28	17.73	0.00
0	0	0.00	0.59	76.47	12.27	0.00
0	4	0.00	0.57	71.27	19.40	0.00
1	1	0.00	0.53	71.65	18.22	0.00
1	5	0.00	0.21	70.02	20.96	0.00
2	2	0.00	0.55	68.10	21.74	0.00
2	6	0.00	0.50	68.22	22.47	0.00
3	3	0.00	0.61	73.67	16.06	0.00
3	7	0.01	1.91	62.83	10.74	0.00
Core	CPU	C1%	C3%	C6%	C8%	C9%
-	-	0.00	0.67	70.61	17.42	0.00
0	0	0.00	0.54	74.86	14.13	0.00
0	4	0.01	0.62	70.41	20.24	0.00
1	1	0.00	0.44	72.21	17.69	0.00
1	5	0.00	0.37	71.64	19.04	0.00
2	2	0.01	0.52	69.75	20.17	0.00
2	6	0.01	0.38	70.68	20.13	0.00
3	3	0.00	0.60	74.33	15.39	0.00
3	7	0.01	1.89	61.05	12.59	0.00
Core	CPU	C1%	C3%	C6%	C8%	C9%
-	-	0.01	1.24	68.72	17.42	0.00
0	0	0.00	0.57	74.81	13.42	0.00
0	4	0.01	0.66	70.76	18.03	0.00
1	1	0.00	0.54	69.57	18.49	0.00
1	5	0.00	0.36	68.56	21.30	0.00
2	2	0.00	0.46	66.25	21.30	0.00
2	6	0.00	0.48	65.47	22.96	0.00
3	3	0.01	3.09	72.93	13.40	0.00
3	7	0.01	3.76	61.09	10.34	0.00
Core	CPU	C1%	C3%	C6%	C8%	C9%
-	-	0.01	0.70	71.32	16.73	0.00
0	0	0.00	0.55	76.97	11.81	0.00
0	4	0.00	0.71	71.91	18.58	0.00
1	1	0.01	0.52	71.21	18.70	0.00
1	5	0.01	0.28	70.75	20.17	0.00
2	2	0.01	0.45	70.53	19.41	0.00
2	6	0.01	0.47	69.05	21.68	0.00
3	3	0.00	0.56	76.28	13.58	0.00
3	7	0.02	2.08	63.65	9.84	0.00
Core	CPU	C1%	C3%	C6%	C8%	C9%
-	-	0.00	0.79	70.20	17.61	0.00
0	0	0.00	0.55	78.69	10.15	0.00
0	4	0.00	0.58	72.48	17.74	0.00
1	1	0.00	0.33	71.33	18.46	0.00
1	5	0.01	0.22	70.53	20.48	0.00
2	2	0.00	0.58	67.84	21.98	0.00
2	6	0.01	0.48	66.54	24.17	0.00
3	3	0.00	1.35	73.13	15.87	0.00
3	7	0.01	2.20	61.29	12.10	0.00
Core	CPU	C1%	C3%	C6%	C8%	C9%
-	-	0.01	0.65	70.63	17.40	0.00
0	0	0.00	0.56	74.31	14.72	0.00
0	4	0.01	0.61	70.06	20.65	0.00
1	1	0.00	0.48	78.24	11.48	0.00
1	5	0.01	0.27	73.90	16.71	0.00
2	2	0.01	0.56	68.75	21.12	0.00
2	6	0.00	0.24	67.56	23.39	0.00
3	3	0.01	0.63	73.86	15.99	0.00
3	7	0.00	1.87	58.53	15.14	0.00
Core	CPU	C1%	C3%	C6%	C8%	C9%
-	-	0.00	0.65	70.42	17.59	0.00
0	0	0.00	0.49	75.76	13.36	0.00
0	4	0.00	0.53	74.56	15.88	0.00
1	1	0.00	0.42	70.45	19.19	0.00
1	5	0.00	0.24	70.33	20.58	0.00
2	2	0.01	0.43	67.68	22.26	0.00
2	6	0.00	0.52	67.97	22.71	0.00
3	3	0.00	0.64	74.78	14.99	0.00
3	7	0.01	1.91	61.95	11.73	0.00
Core	CPU	C1%	C3%	C6%	C8%	C9%
-	-	0.01	1.03	68.95	16.89	0.00
0	0	0.01	0.46	72.29	15.09	0.00
0	4	0.00	0.59	71.65	16.74	0.00
1	1	0.00	0.44	70.94	16.22	0.00
1	5	0.01	0.33	68.78	20.23	0.00
2	2	0.00	0.46	68.05	19.27	0.00
2	6	0.01	0.40	67.63	21.75	0.00
3	3	0.00	2.53	71.66	14.58	0.00
3	7	0.01	3.01	60.33	11.13	0.00
Core	CPU	C1%	C3%	C6%	C8%	C9%
-	-	0.01	0.69	71.94	16.14	0.00
0	0	0.00	0.42	74.90	14.12	0.00
0	4	0.01	0.69	72.90	17.45	0.00
1	1	0.01	0.49	71.99	17.82	0.00
1	5	0.01	0.38	71.13	19.72	0.00
2	2	0.01	0.49	72.49	17.44	0.00
2	6	0.01	0.46	71.04	19.72	0.00
3	3	0.00	0.59	77.04	12.77	0.00
3	7	0.01	1.97	63.68	10.00	0.00
Core	CPU	C1%	C3%	C6%	C8%	C9%
-	-	0.01	0.83	71.55	16.20	0.00
0	0	0.00	0.50	75.62	13.23	0.00
0	4	0.01	0.63	70.25	20.24	0.00
1	1	0.00	0.46	73.11	16.75	0.00
1	5	0.01	0.36	71.12	19.74	0.00
2	2	0.01	0.40	70.59	19.40	0.00
2	6	0.00	0.43	68.79	22.01	0.00
3	3	0.00	1.36	78.30	10.51	0.00
3	7	0.01	2.48	65.07	7.85	0.00
Core	CPU	C1%	C3%	C6%	C8%	C9%
-	-	0.00	0.68	71.27	16.74	0.00
0	0	0.00	0.68	76.05	12.71	0.00
0	4	0.00	0.58	71.38	19.27	0.00
1	1	0.01	0.48	73.42	16.53	0.00
1	5	0.00	0.37	71.23	19.63	0.00
2	2	0.01	0.47	71.59	18.11	0.00
2	6	0.00	0.37	69.44	21.39	0.00
3	3	0.00	0.56	74.33	15.53	0.00
3	7	0.01	1.95	62.85	10.76	0.00
Core	CPU	C1%	C3%	C6%	C8%	C9%
-	-	0.04	0.67	70.91	16.79	0.00
0	0	0.01	0.54	72.82	15.67	0.00
0	4	0.25	0.62	69.88	20.05	0.00
1	1	0.01	0.52	75.05	14.43	0.00
1	5	0.01	0.42	70.20	20.14	0.00
2	2	0.01	0.60	70.88	18.89	0.00
2	6	0.00	0.47	68.54	21.62	0.00
3	3	0.00	0.46	76.96	12.91	0.00
3	7	0.01	1.75	63.02	10.57	0.00
Core	CPU	C1%	C3%	C6%	C8%	C9%
-	-	0.01	1.01	69.06	16.95	0.00
0	0	0.01	0.52	73.28	13.68	0.00
0	4	0.01	0.62	68.98	19.85	0.00
1	1	0.01	0.53	73.19	15.71	0.00
1	5	0.01	0.36	69.29	19.21	0.00
2	2	0.01	0.44	69.01	18.74	0.00
2	6	0.00	0.35	66.85	22.00	0.00
3	3	0.01	1.82	71.33	14.97	0.00
3	7	0.02	3.49	60.19	11.35	0.00
Core	CPU	C1%	C3%	C6%	C8%	C9%
-	-	0.00	0.67	70.32	17.78	0.00
0	0	0.01	0.55	72.35	16.64	0.00
0	4	0.00	0.63	68.56	22.09	0.00
1	1	0.00	0.51	76.97	12.65	0.00
1	5	0.00	0.43	72.11	18.69	0.00
2	2	0.00	0.37	66.74	23.32	0.00
2	6	0.00	0.38	67.40	23.43	0.00
3	3	0.00	0.61	76.28	13.54	0.00
3	7	0.01	1.89	61.96	11.80	0.00
Core	CPU	C1%	C3%	C6%	C8%	C9%
-	-	0.01	0.86	70.08	17.80	0.00
0	0	0.00	0.52	73.77	15.30	0.00
0	4	0.00	1.40	72.94	16.62	0.00
1	1	0.01	0.54	71.38	18.47	0.00
1	5	0.00	0.36	70.47	20.29	0.00
2	2	0.01	0.43	68.40	21.69	0.00
2	6	0.00	0.53	66.08	24.68	0.00
3	3	0.00	0.52	75.23	14.81	0.00
3	7	0.01	2.56	62.56	10.62	0.00
Core	CPU	C1%	C3%	C6%	C8%	C9%
-	-	0.01	0.64	69.97	18.07	0.00
0	0	0.01	0.58	74.45	14.47	0.00
0	4	0.01	0.62	71.38	19.10	0.00
1	1	0.01	0.54	72.30	17.18	0.00
1	5	0.00	0.26	70.89	19.79	0.00
2	2	0.01	0.43	67.01	23.00	0.00
2	6	0.01	0.35	67.50	23.32	0.00
3	3	0.00	0.52	75.15	14.80	0.00
3	7	0.00	1.85	60.86	12.81	0.00
Core	CPU	C1%	C3%	C6%	C8%	C9%
-	-	0.01	0.66	71.43	16.52	0.00
0	0	0.01	0.48	76.24	12.79	0.00
0	4	0.00	0.67	73.66	16.62	0.00
1	1	0.00	0.56	72.02	17.71	0.00
1	5	0.01	0.34	72.18	18.65	0.00
2	2	0.00	0.44	69.41	20.56	0.00
2	6	0.00	0.46	68.47	22.28	0.00
3	3	0.01	0.56	76.23	13.73	0.00
3	7	0.01	1.78	63.74	9.99	0.00
Core	CPU	C1%	C3%	C6%	C8%	C9%
-	-	0.01	1.11	68.67	17.09	0.00
0	0	0.01	0.56	72.18	14.88	0.00
0	4	0.01	0.54	71.65	16.79	0.00
1	1	0.01	0.42	70.33	17.25	0.00
1	5	0.00	0.35	69.42	19.33	0.00
2	2	0.01	0.43	67.75	19.69	0.00
2	6	0.00	0.49	67.62	20.90	0.00
3	3	0.00	2.55	70.13	16.28	0.00
3	7	0.01	3.50	60.01	11.54	0.00
Core	CPU	C1%	C3%	C6%	C8%	C9%
-	-	0.01	0.65	71.20	16.93	0.00
0	0	0.00	0.52	73.40	15.56	0.00
0	4	0.00	0.69	69.90	20.63	0.00
1	1	0.00	0.49	75.68	14.03	0.00
1	5	0.01	0.35	70.33	20.55	0.00
2	2	0.01	0.50	69.88	20.04	0.00
2	6	0.01	0.46	69.95	20.79	0.00
3	3	0.00	0.51	77.11	12.81	0.00
3	7	0.02	1.65	63.03	10.93	0.00
Core	CPU	C1%	C3%	C6%	C8%	C9%
-	-	0.00	0.83	70.12	17.43	0.00
0	0	0.00	0.52	72.90	16.23	0.00
0	4	0.00	0.68	72.18	18.32	0.00
1	1	0.01	0.49	72.96	16.86	0.00
1	5	0.01	0.33	70.00	20.83	0.00
2	2	0.00	0.49	68.71	21.40	0.00
2	6	0.00	1.23	68.18	21.76	0.00
3	3	0.00	0.57	75.46	14.02	0.00
3	7	0.02	2.38	60.92	10.09	0.00
Core	CPU	C1%	C3%	C6%	C8%	C9%
-	-	0.01	0.68	70.90	16.99	0.00
0	0	0.01	0.58	74.49	14.53	0.00
0	4	0.01	0.72	73.48	16.96	0.00
1	1	0.01	0.48	72.93	17.04	0.00
1	5	0.00	0.33	70.92	20.00	0.00
2	2	0.01	0.51	70.93	19.07	0.00
2	6	0.01	0.34	68.57	22.40	0.00
3	3	0.00	0.55	74.85	14.86	0.00
3	7	0.02	1.95	60.68	11.01	0.00
Core	CPU	C1%	C3%	C6%	C8%	C9%
-	-	0.00	0.69	70.71	17.33	0.00
0	0	0.01	0.59	76.97	11.76	0.00
0	4	0.00	0.63	70.21	20.41	0.00
1	1	0.00	0.53	70.78	19.09	0.00
1	5	0.01	0.32	70.91	19.96	0.00
2	2	0.00	0.38	69.63	20.39	0.00
2	6	0.00	0.43	69.32	21.42	0.00
3	3	0.00	0.63	75.03	14.80	0.00
3	7	0.01	2.03	62.79	10.83	0.00
Core	CPU	C1%	C3%	C6%	C8%	C9%
-	-	0.01	1.06	69.42	15.82	0.23
0	0	0.01	0.60	73.42	13.09	0.00
0	4	0.02	0.65	67.63	19.34	0.00
1	1	0.00	0.51	75.27	12.29	0.00
1	5	0.00	0.35	70.90	17.43	0.00
2	2	0.01	0.43	68.40	19.10	0.00
2	6	0.00	0.32	66.94	21.27	0.00
3	3	0.00	1.98	72.36	13.12	1.80
3	7	0.00	3.62	60.46	10.92	0.00
Core	CPU	C1%	C3%	C6%	C8%	C9%
-	-	0.00	0.68	71.33	16.66	0.00
0	0	0.00	0.58	75.95	12.92	0.00
0	4	0.01	0.59	70.64	20.01	0.00
1	1	0.01	0.49	74.54	15.16	0.00
1	5	0.01	0.27	70.81	19.87	0.00
2	2	0.00	0.53	71.50	18.40	0.00
2	6	0.00	0.38	70.71	20.08	0.00
3	3	0.00	0.55	75.43	14.39	0.00
3	7	0.01	2.06	61.08	12.46	0.00
Core	CPU	C1%	C3%	C6%	C8%	C9%
-	-	0.01	0.75	70.44	17.45	0.00
0	0	0.00	1.09	75.66	12.38	0.00
0	4	0.01	0.64	69.71	20.97	0.00
1	1	0.01	0.38	74.52	15.39	0.00
1	5	0.01	0.30	70.65	20.24	0.00
2	2	0.01	0.39	69.82	20.22	0.00
2	6	0.01	0.40	69.83	20.97	0.00
3	3	0.00	0.53	74.41	15.53	0.00
3	7	0.01	2.31	59.37	14.01	0.00
Core	CPU	C1%	C3%	C6%	C8%	C9%
-	-	0.00	0.66	71.11	16.82	0.00
0	0	0.00	0.64	75.16	13.66	0.00
0	4	0.00	0.70	73.15	17.17	0.00
1	1	0.01	0.44	70.97	18.64	0.00
1	5	0.00	0.34	70.31	20.32	0.00
2	2	0.00	0.42	68.46	21.53	0.00
2	6	0.00	0.35	68.40	22.39	0.00
3	3	0.00	0.48	77.77	12.10	0.00
3	7	0.01	1.90	64.93	8.77	0.00
Core	CPU	C1%	C3%	C6%	C8%	C9%
-	-	0.00	0.72	71.64	16.36	0.00
0	0	0.00	0.57	74.27	14.61	0.00
0	4	0.00	0.69	70.12	20.40	0.00
1	1	0.01	0.48	74.95	14.73	0.00
1	5	0.00	0.43	71.54	19.20	0.00
2	2	0.00	0.51	68.67	21.28	0.00
2	6	0.01	0.39	68.37	22.42	0.00
3	3	0.00	0.59	79.24	10.55	0.00
3	7	0.01	2.06	65.89	7.70	0.00
Core	CPU	C1%	C3%	C6%	C8%	C9%
-	-	0.01	1.27	68.80	17.39	0.00
0	0	0.00	0.58	74.29	12.81	0.00
0	4	0.00	0.72	69.39	20.08	0.00
1	1	0.01	0.48	72.02	16.48	0.00
1	5	0.01	0.22	67.08	21.76	0.00
2	2	0.01	0.49	68.16	20.03	0.00
2	6	0.01	0.37	67.27	21.84	0.00
3	3	0.01	3.12	72.09	14.31	0.00
3	7	0.00	4.14	59.81	11.75	0.00
Core	CPU	C1%	C3%	C6%	C8%	C9%
-	-	0.00	0.71	70.74	17.27	0.00
0	0	0.00	0.60	77.55	11.24	0.00
0	4	0.00	0.70	71.08	19.25	0.00
1	1	0.00	0.48	70.94	18.95	0.00
1	5	0.00	0.29	70.14	20.76	0.00
2	2	0.00	0.50	67.84	22.05	0.00
2	6	0.01	0.56	67.79	22.84	0.00
3	3	0.00	0.56	76.37	13.45	0.00
3	7	0.01	1.99	64.04	9.55	0.00
Core	CPU	C1%	C3%	C6%	C8%	C9%
-	-	0.01	0.81	71.15	16.62	0.00
0	0	0.00	0.54	77.76	11.08	0.00
0	4	0.00	0.67	72.27	18.26	0.00
1	1	0.01	0.41	71.14	18.73	0.00
1	5	0.00	0.27	68.88	21.97	0.00
2	2	0.01	0.54	69.19	20.69	0.00
2	6	0.00	1.33	70.04	19.56	0.00
3	3	0.00	0.55	75.93	13.85	0.00
3	7	0.01	2.17	64.24	8.84	0.00
Core	CPU	C1%	C3%	C6%	C8%	C9%
-	-	0.01	0.70	71.64	16.31	0.00
0	0	0.00	0.59	75.65	13.14	0.00
0	4	0.00	0.70	71.74	18.68	0.00
1	1	0.01	0.39	72.00	17.89	0.00
1	5	0.00	0.38	69.52	21.25	0.00
2	2	0.01	0.59	71.94	17.85	0.00
2	6	0.00	0.57	70.29	20.35	0.00
3	3	0.00	0.56	77.48	12.38	0.00
3	7	0.02	1.85	64.78	8.98	0.00
Core	CPU	C1%	C3%	C6%	C8%	C9%
-	-	0.10	0.67	69.54	18.01	0.00
0	0	0.01	0.64	75.80	13.10	0.00
0	4	0.28	0.59	70.65	19.43	0.00
1	1	0.01	0.61	71.75	17.58	0.00
1	5	0.36	0.30	69.97	19.80	0.00
2	2	0.01	0.40	67.41	22.09	0.00
2	6	0.00	0.45	66.24	24.10	0.00
3	3	0.00	0.49	73.62	15.87	0.00
3	7	0.15	1.90	60.88	12.12	0.00
Core	CPU	C1%	C3%	C6%	C8%	C9%
-	-	0.01	1.17	68.98	17.23	0.00
0	0	0.01	0.54	73.84	13.90	0.00
0	4	0.00	0.64	71.57	17.22	0.00
1	1	0.01	0.67	70.73	17.39	0.00
1	5	0.00	0.30	68.59	20.54	0.00
2	2	0.01	0.41	66.51	21.68	0.00
2	6	0.01	0.37	67.11	22.28	0.00
3	3	0.01	2.39	73.30	13.22	0.00
3	7	0.01	4.05	59.58	11.42	0.00
Core	CPU	C1%	C3%	C6%	C8%	C9%
-	-	0.01	0.67	69.73	18.29	0.00
0	0	0.00	0.59	71.81	17.14	0.00
0	4	0.00	0.66	69.36	21.13	0.00
1	1	0.01	0.55	74.30	15.27	0.00
1	5	0.00	0.36	70.05	20.70	0.00
2	2	0.01	0.44	67.50	22.47	0.00
2	6	0.00	0.40	66.79	23.98	0.00
3	3	0.00	0.49	76.25	13.64	0.00
3	7	0.02	1.87	61.75	11.96	0.00
Core	CPU	C1%	C3%	C6%	C8%	C9%
-	-	0.00	0.86	69.69	18.08	0.00
0	0	0.00	0.53	73.69	15.40	0.00
0	4	0.00	0.63	72.97	17.38	0.00
1	1	0.01	0.49	67.98	21.65	0.00
1	5	0.00	0.33	70.16	20.76	0.00
2	2	0.00	0.50	67.88	22.02	0.00
2	6	0.00	0.41	66.75	23.93	0.00
3	3	0.00	1.50	75.35	13.59	0.00
3	7	0.00	2.45	63.09	10.03	0.00
Core	CPU	C1%	C3%	C6%	C8%	C9%
-	-	0.00	0.68	70.15	17.86	0.00
0	0	0.00	0.51	74.53	14.40	0.00
0	4	0.00	0.65	74.80	15.41	0.00
1	1	0.01	0.48	67.93	21.76	0.00
1	5	0.00	0.30	68.33	22.53	0.00
2	2	0.00	0.48	67.05	22.88	0.00
2	6	0.00	0.52	66.77	23.89	0.00
3	3	0.00	0.52	77.80	12.11	0.00
3	7	0.02	1.96	63.79	9.86	0.00
Core	CPU	C1%	C3%	C6%	C8%	C9%
-	-	0.01	0.67	70.70	17.24	0.00
0	0	0.01	0.50	76.66	12.28	0.00
0	4	0.01	0.61	74.06	16.28	0.00
1	1	0.01	0.47	71.96	17.86	0.00
1	5	0.01	0.30	69.84	21.06	0.00
2	2	0.00	0.45	68.23	21.73	0.00
2	6	0.00	0.46	68.18	22.54	0.00
3	3	0.00	0.55	75.37	14.51	0.00
3	7	0.01	2.02	61.77	11.77	0.00
Core	CPU	C1%	C3%	C6%	C8%	C9%
-	-	0.01	1.18	68.87	17.41	0.00
0	0	0.00	0.60	73.24	13.96	0.00
0	4	0.00	0.58	70.89	18.15	0.00
1	1	0.01	0.45	70.99	17.80	0.00
1	5	0.00	0.31	68.16	20.70	0.00
2	2	0.01	0.45	66.77	22.16	0.00
2	6	0.00	0.51	66.54	22.56	0.00
3	3	0.00	2.74	72.72	13.74	0.00
3	7	0.01	3.83	61.25	10.10	0.00
Core	CPU	C1%	C3%	C6%	C8%	C9%
-	-	0.01	0.74	71.14	16.84	0.00
0	0	0.01	0.59	75.82	12.88	0.00
0	4	0.00	0.63	73.90	16.52	0.00
1	1	0.01	0.50	69.98	19.93	0.00
1	5	0.01	0.27	70.31	20.60	0.00
2	2	0.00	0.53	69.42	20.47	0.00
2	6	0.01	0.51	67.99	22.67	0.00
3	3	0.00	0.60	78.31	11.42	0.00
3	7	0.01	2.23	63.22	10.19	0.00
Core	CPU	C1%	C3%	C6%	C8%	C9%
-	-	0.01	0.81	69.58	18.16	0.00
0	0	0.00	0.49	74.32	14.25	0.00
0	4	0.00	0.58	71.41	18.80	0.00
1	1	0.01	0.45	67.78	22.14	0.00
1	5	0.00	0.35	67.84	23.04	0.00
2	2	0.01	0.51	70.15	19.82	0.00
2	6	0.01	0.49	69.10	21.60	0.00
3	3	0.00	1.21	74.66	14.51	0.00
3	7	0.02	2.44	61.99	11.28	0.00
Core	CPU	C1%	C3%	C6%	C8%	C9%
-	-	0.00	0.70	70.61	17.39	0.00
0	0	0.00	0.53	74.14	14.83	0.00
0	4	0.00	0.68	71.41	18.99	0.00
1	1	0.01	0.50	71.54	18.25	0.00
1	5	0.01	0.40	71.33	19.43	0.00
2	2	0.00	0.51	69.27	20.52	0.00
2	6	0.00	0.39	68.86	21.92	0.00
3	3	0.00	0.63	75.86	14.01	0.00
3	7	0.01	1.97	62.43	11.16	0.00
Core	CPU	C1%	C3%	C6%	C8%	C9%
-	-	0.00	0.65	69.52	18.50	0.00
0	0	0.00	0.49	76.11	12.92	0.00
0	4	0.00	0.60	76.20	14.06	0.00
1	1	0.00	0.43	68.39	21.41	0.00
1	5	0.01	0.24	68.59	22.35	0.00
2	2	0.01	0.44	66.12	23.82	0.00
2	6	0.00	0.54	66.53	24.11	0.00
3	3	0.01	0.66	73.00	16.85	0.00
3	7	0.01	1.82	61.26	12.46	0.00
Core	CPU	C1%	C3%	C6%	C8%	C9%
-	-	0.01	0.94	66.93	18.24	0.00
0	0	0.00	0.59	70.86	15.74	0.00
0	4	0.00	0.65	69.15	19.25	0.00
1	1	0.00	0.60	66.91	20.31	0.00
1	5	0.00	0.29	66.40	22.27	0.00
2	2	0.01	0.37	66.29	22.03	0.00
2	6	0.00	0.36	64.32	24.56	0.00
3	3	0.01	1.67	73.37	12.51	0.00
3	7	0.02	2.97	58.17	9.28	0.00
Core	CPU	C1%	C3%	C6%	C8%	C9%
-	-	0.00	0.66	70.04	18.03	0.00
0	0	0.00	0.58	76.54	12.43	0.00
0	4	0.01	0.69	71.89	18.45	0.00
1	1	0.01	0.41	71.12	18.73	0.00
1	5	0.00	0.23	69.62	21.35	0.00
2	2	0.01	0.45	66.70	23.26	0.00
2	6	0.01	0.53	67.55	23.09	0.00
3	3	0.00	0.51	75.46	14.51	0.00
3	7	0.00	1.91	61.30	12.38	0.00
Core	CPU	C1%	C3%	C6%	C8%	C9%
-	-	0.01	0.83	69.37	18.63	0.00
0	0	0.00	0.49	75.06	14.04	0.00
0	4	0.00	0.55	74.26	16.18	0.00
1	1	0.01	0.53	69.73	20.21	0.00
1	5	0.01	0.28	67.80	23.20	0.00
2	2	0.01	0.48	66.31	23.71	0.00
2	6	0.00	0.52	65.94	24.82	0.00
3	3	0.00	1.37	74.01	15.08	0.00
3	7	0.01	2.44	61.39	11.70	0.00
Core	CPU	C1%	C3%	C6%	C8%	C9%
-	-	0.01	0.69	71.08	16.91	0.00
0	0	0.00	0.43	72.55	16.49	0.00
0	4	0.00	0.69	75.34	14.81	0.00
1	1	0.01	0.53	70.70	18.91	0.00
1	5	0.01	0.42	70.56	20.25	0.00
2	2	0.00	0.48	69.32	20.64	0.00
2	6	0.01	0.49	68.76	21.98	0.00
3	3	0.01	0.63	77.30	12.47	0.00
3	7	0.01	1.87	64.07	9.74	0.00
Core	CPU	C1%	C3%	C6%	C8%	C9%
-	-	0.01	0.64	70.73	17.22	0.00
0	0	0.00	0.44	75.08	14.01	0.00
0	4	0.01	0.66	73.32	17.01	0.00
1	1	0.01	0.52	73.84	15.73	0.00
1	5	0.01	0.28	71.46	19.45	0.00
2	2	0.01	0.49	70.00	19.98	0.00
2	6	0.00	0.45	69.63	21.06	0.00
3	3	0.00	0.53	72.75	17.19	0.00
3	7	0.01	1.77	60.27	13.47	0.00
Core	CPU	C1%	C3%	C6%	C8%	C9%
-	-	0.01	0.90	68.82	17.05	0.00
0	0	0.00	0.49	72.85	13.98	0.00
0	4	0.00	0.62	67.98	20.73	0.00
1	1	0.01	0.38	72.56	15.59	0.00
1	5	0.01	0.36	68.05	20.75	0.00
2	2	0.01	0.50	66.86	21.06	0.00
2	6	0.00	0.47	66.30	21.91	0.00
3	3	0.00	1.95	73.88	12.52	0.00
3	7	0.01	2.45	61.67	9.75	0.00
Core	CPU	C1%	C3%	C6%	C8%	C9%
-	-	0.01	0.66	70.69	17.37	0.00
0	0	0.01	0.50	74.35	14.71	0.00
0	4	0.01	0.66	71.06	19.43	0.00
1	1	0.01	0.49	75.58	14.16	0.00
1	5	0.01	0.28	71.00	19.75	0.00
2	2	0.01	0.47	68.47	21.45	0.00
2	6	0.00	0.39	68.34	22.45	0.00
3	3	0.00	0.57	75.12	14.82	0.00
3	7	0.01	1.95	61.50	12.16	0.00
Core	CPU	C1%	C3%	C6%	C8%	C9%
-	-	0.00	0.84	70.04	17.76	0.00
0	0	0.00	0.53	72.66	16.36	0.00
0	4	0.00	0.68	69.52	20.91	0.00
1	1	0.01	0.52	69.82	20.09	0.00
1	5	0.00	0.30	68.08	22.76	0.00
2	2	0.01	0.46	70.51	19.48	0.00
2	6	0.00	0.43	67.67	23.13	0.00
3	3	0.00	1.33	78.55	10.60	0.00
3	7	0.01	2.49	64.13	8.97	0.00
Core	CPU	C1%	C3%	C6%	C8%	C9%
-	-	0.00	0.69	70.26	17.76	0.00
0	0	0.00	0.58	73.02	15.84	0.00
0	4	0.00	0.62	71.14	19.35	0.00
1	1	0.01	0.57	73.14	16.63	0.00
1	5	0.01	0.33	71.45	19.42	0.00
2	2	0.01	0.47	67.74	22.20	0.00
2	6	0.00	0.35	68.58	22.23	0.00
3	3	0.00	0.63	74.68	15.11	0.00
3	7	0.01	1.99	62.30	11.26	0.00
Core	CPU	C1%	C3%	C6%	C8%	C9%
-	-	0.00	0.69	70.32	17.67	0.00
0	0	0.00	0.59	74.50	14.49	0.00
0	4	0.00	0.65	70.65	19.89	0.00
1	1	0.01	0.51	73.39	16.23	0.00
1	5	0.00	0.31	69.21	21.50	0.00
2	2	0.01	0.48	68.61	21.32	0.00
2	6	0.00	0.46	68.51	22.24	0.00
3	3	0.00	0.55	75.55	14.30	0.00
3	7	0.01	1.98	62.16	11.43	0.00
Core	CPU	C1%	C3%	C6%	C8%	C9%
-	-	0.00	1.07	68.66	17.59	0.27
0	0	0.01	0.52	73.77	13.73	0.00
0	4	0.00	0.62	69.81	19.44	0.00
1	1	0.00	0.50	71.42	16.91	0.00
1	5	0.00	0.32	69.33	20.28	0.00
2	2	0.00	0.42	66.95	21.08	0.00
2	6	0.00	0.31	66.69	22.53	0.00
3	3	0.01	2.42	71.49	15.15	1.55
3	7	0.00	3.48	59.83	11.61	0.60
Core	CPU	C1%	C3%	C6%	C8%	C9%
-	-	0.01	0.66	70.41	17.66	0.00
0	0	0.00	0.52	74.22	14.69	0.00
0	4	0.00	0.70	70.20	20.25	0.00
1	1	0.01	0.52	75.03	14.73	0.00
1	5	0.01	0.38	71.55	19.21	0.00
2	2	0.01	0.43	68.97	21.02	0.00
2	6	0.01	0.35	68.27	22.60	0.00
3	3	0.00	0.56	74.65	15.30	0.00
3	7	0.01	1.83	60.32	13.47	0.00
Core	CPU	C1%	C3%	C6%	C8%	C9%
-	-	0.01	0.86	70.15	17.62	0.00
0	0	0.00	0.52	74.83	14.07	0.00
0	4	0.00	0.64	71.79	18.63	0.00
1	1	0.01	0.66	73.51	16.07	0.00
1	5	0.00	0.29	70.54	20.00	0.00
2	2	0.01	0.49	68.45	21.15	0.00
2	6	0.00	0.48	68.75	22.05	0.00
3	3	0.00	1.20	72.49	16.71	0.00
3	7	0.01	2.57	60.86	12.28	0.00
Core	CPU	C1%	C3%	C6%	C8%	C9%
-	-	0.00	0.63	69.16	18.87	0.00
0	0	0.00	0.56	74.84	14.08	0.00
0	4	0.00	0.62	72.47	18.00	0.00
1	1	0.01	0.61	71.84	17.55	0.00
1	5	0.01	0.28	71.33	19.47	0.00
2	2	0.01	0.42	65.79	24.27	0.00
2	6	0.00	0.34	65.32	25.51	0.00
3	3	0.00	0.56	71.71	18.27	0.00
3	7	0.00	1.62	60.03	13.84	0.00
Core	CPU	C1%	C3%	C6%	C8%	C9%
-	-	0.01	0.66	70.61	17.44	0.00
0	0	0.01	0.49	73.74	15.34	0.00
0	4	0.01	0.63	74.73	15.56	0.00
1	1	0.01	0.44	73.30	16.48	0.00
1	5	0.00	0.34	71.90	18.93	0.00
2	2	0.01	0.39	66.44	23.59	0.00
2	6	0.00	0.53	67.32	23.38	0.00
3	3	0.00	0.56	74.82	15.08	0.00
3	7	0.01	1.89	62.66	11.16	0.00
Core	CPU	C1%	C3%	C6%	C8%	C9%
-	-	0.07	1.21	68.22	18.06	0.00
0	0	0.00	0.47	69.88	17.84	0.00
0	4	0.00	0.64	67.45	21.52	0.00
1	1	0.01	0.46	68.59	19.66	0.00
1	5	0.01	0.39	68.56	20.85	0.00
2	2	0.01	0.38	67.19	21.81	0.00
2	6	0.00	0.43	66.61	22.58	0.00
3	3	0.00	2.97	74.10	12.48	0.02
3	7	0.50	3.91	63.03	7.65	0.00
Core	CPU	C1%	C3%	C6%	C8%	C9%
-	-	0.09	0.74	70.91	16.89	0.00
0	0	0.01	0.48	75.70	13.28	0.00
0	4	0.00	0.63	74.71	15.34	0.00
1	1	0.01	0.45	69.73	20.21	0.00
1	5	0.00	0.36	69.33	21.46	0.00
2	2	0.00	0.54	69.56	20.25	0.00
2	6	0.00	0.63	68.68	21.75	0.00
3	3	0.00	0.55	75.93	13.97	0.00
3	7	0.69	2.25	63.56	8.87	0.00
Core	CPU	C1%	C3%	C6%	C8%	C9%
-	-	0.01	0.79	71.00	16.71	0.00
0	0	0.00	0.54	76.60	12.05	0.00
0	4	0.01	0.66	73.38	16.56	0.00
1	1	0.00	0.52	71.35	18.51	0.00
1	5	0.01	0.50	71.20	18.77	0.00
2	2	0.01	0.52	69.27	20.67	0.00
2	6	0.00	0.44	68.56	22.22	0.00
3	3	0.00	0.56	75.82	14.21	0.00
3	7	0.00	2.60	62.37	10.81	0.00
Core	CPU	C1%	C3%	C6%	C8%	C9%
-	-	0.01	0.72	70.85	16.86	0.00
0	0	0.00	0.67	72.51	15.67	0.00
0	4	0.01	0.73	70.21	19.83	0.00
1	1	0.01	0.63	73.87	15.79	0.00
1	5	0.02	0.40	71.08	19.12	0.00
2	2	0.01	0.44	69.13	20.65	0.00
2	6	0.00	0.33	71.27	19.11	0.00
3	3	0.00	0.44	75.65	14.42	0.00
3	7	0.03	2.13	62.82	10.24	0.00
Core	CPU	C1%	C3%	C6%	C8%	C9%
-	-	0.01	0.69	71.28	16.77	0.00
0	0	0.00	0.61	76.19	12.73	0.00
0	4	0.01	0.74	70.73	19.72	0.00
1	1	0.01	0.44	75.41	14.33	0.00
1	5	0.00	0.29	70.09	20.72	0.00
2	2	0.01	0.58	70.73	19.09	0.00
2	6	0.01	0.44	69.00	21.71	0.00
3	3	0.00	0.61	75.74	14.12	0.00
3	7	0.01	1.79	62.14	11.71	0.00
Core	CPU	C1%	C3%	C6%	C8%	C9%
-	-	0.00	0.84	68.74	17.19	0.00
0	0	0.00	0.55	72.95	14.48	0.00
0	4	0.00	0.68	69.75	18.71	0.00
1	1	0.00	0.47	70.40	17.47	0.00
1	5	0.01	0.31	68.59	20.43	0.00
2	2	0.00	0.40	66.96	21.22	0.00
2	6	0.00	0.49	66.62	21.66	0.00
3	3	0.00	1.57	73.43	13.33	0.00
3	7	0.01	2.22	61.44	10.23	0.00
Core	CPU	C1%	C3%	C6%	C8%	C9%
-	-	0.01	0.67	71.01	17.05	0.00
0	0	0.00	0.55	76.74	12.07	0.00
0	4	0.01	0.66	71.94	18.50	0.00
1	1	0.00	0.47	72.81	16.98	0.00
1	5	0.00	0.35	70.96	19.88	0.00
2	2	0.01	0.51	67.11	22.80	0.00
2	6	0.01	0.50	66.66	24.02	0.00
3	3	0.01	0.55	77.51	12.41	0.00
3	7	0.02	1.78	64.17	9.73	0.00
Core	CPU	C1%	C3%	C6%	C8%	C9%
-	-	0.01	0.83	69.69	17.65	0.00
0	0	0.00	0.52	72.12	16.99	0.00
0	4	0.01	0.54	69.11	21.50	0.00
1	1	0.01	0.69	73.46	16.25	0.00
1	5	0.01	0.82	70.98	18.88	0.00
2	2	0.01	0.44	67.58	22.65	0.00
2	6	0.00	0.28	68.49	22.59	0.00
3	3	0.00	0.53	76.35	12.83	0.00
3	7	0.02	2.85	59.86	9.67	0.00
Core	CPU	C1%	C3%	C6%	C8%	C9%
-	-	0.00	0.69	71.03	16.94	0.00
0	0	0.00	0.62	74.71	14.21	0.00
0	4	0.01	0.67	71.82	18.69	0.00
1	1	0.00	0.52	71.83	18.05	0.00
1	5	0.00	0.30	70.09	20.89	0.00
2	2	0.00	0.49	69.45	20.53	0.00
2	6	0.01	0.50	68.35	22.42	0.00
3	3	0.00	0.53	77.92	11.81	0.00
3	7	0.01	1.92	63.59	8.82	0.00
Core	CPU	C1%	C3%	C6%	C8%	C9%
-	-	0.01	0.70	70.08	17.84	0.00
0	0	0.00	0.58	76.47	12.50	0.00
0	4	0.00	0.65	74.69	15.54	0.00
1	1	0.01	0.54	69.36	20.34	0.00
1	5	0.00	0.27	70.04	20.83	0.00
2	2	0.01	0.50	67.67	22.25	0.00
2	6	0.00	0.47	67.46	23.24	0.00
3	3	0.00	0.64	74.08	15.80	0.00
3	7	0.00	1.92	61.34	12.34	0.00
Core	CPU	C1%	C3%	C6%	C8%	C9%
-	-	0.01	0.97	69.07	16.83	0.00
0	0	0.00	0.49	72.49	14.47	0.00
0	4	0.00	0.60	71.96	15.92	0.00
1	1	0.01	0.53	69.70	18.64	0.00
1	5	0.01	0.33	68.41	20.29	0.00
2	2	0.01	0.50	66.60	21.48	0.00
2	6	0.00	0.47	66.08	22.60	0.00
3	3	0.00	1.83	75.01	11.77	0.00
3	7	0.01	3.04	62.08	9.39	0.00
Core	CPU	C1%	C3%	C6%	C8%	C9%
-	-	0.01	0.71	70.44	17.61	0.00
0	0	0.00	0.59	74.39	14.50	0.00
0	4	0.01	0.64	71.83	18.69	0.00
1	1	0.01	0.63	74.56	14.96	0.00
1	5	0.00	0.35	70.80	19.97	0.00
2	2	0.01	0.46	67.66	22.31	0.00
2	6	0.00	0.44	68.44	22.32	0.00
3	3	0.00	0.57	74.62	15.30	0.00
3	7	0.01	1.97	60.93	12.78	0.00
Core	CPU	C1%	C3%	C6%	C8%	C9%
-	-	0.01	0.86	70.95	16.99	0.00
0	0	0.00	0.53	75.16	13.86	0.00
0	4	0.00	0.67	70.74	19.85	0.00
1	1	0.00	0.50	76.19	13.66	0.00
1	5	0.01	1.16	71.47	18.53	0.00
2	2	0.00	0.42	67.55	22.49	0.00
2	6	0.00	0.38	68.62	22.28	0.00
3	3	0.00	0.64	76.09	13.84	0.00
3	7	0.01	2.59	61.76	11.38	0.00
Core	CPU	C1%	C3%	C6%	C8%	C9%
-	-	0.00	0.70	69.40	18.57	0.00
0	0	0.00	0.68	74.77	14.06	0.00
0	4	0.00	0.67	71.86	18.59	0.00
1	1	0.01	0.58	72.36	17.18	0.00
1	5	0.00	0.24	70.38	20.38	0.00
2	2	0.00	0.52	65.85	24.04	0.00
2	6	0.01	0.34	65.99	24.79	0.00
3	3	0.00	0.55	74.13	15.82	0.00
3	7	0.00	2.05	59.84	13.70	0.00
Core	CPU	C1%	C3%	C6%	C8%	C9%
-	-	0.00	0.68	70.24	17.70	0.00
0	0	0.00	0.57	77.41	11.45	0.00
0	4	0.00	0.65	73.31	17.10	0.00
1	1	0.00	0.54	71.49	18.32	0.00
1	5	0.01	0.23	68.97	21.88	0.00
2	2	0.00	0.51	67.95	21.97	0.00
2	6	0.00	0.60	68.39	22.17	0.00
3	3	0.00	0.56	74.80	15.17	0.00
3	7	0.01	1.78	60.05	13.66	0.00
Core	CPU	C1%	C3%	C6%	C8%	C9%
-	-	0.01	1.06	68.84	17.20	0.00
0	0	0.00	0.56	73.20	13.43	0.00
0	4	0.00	0.64	69.92	19.65	0.00
1	1	0.00	0.47	71.71	16.52	0.00
1	5	0.01	0.31	70.10	18.18	0.00
2	2	0.00	0.48	64.75	23.79	0.00
2	6	0.01	0.46	65.67	23.01	0.00
3	3	0.00	2.19	73.58	12.98	0.00
3	7	0.02	3.35	61.63	9.99	0.00
Core	CPU	C1%	C3%	C6%	C8%	C9%
-	-	0.01	0.70	70.21	17.81	0.00
0	0	0.00	0.62	73.81	15.06	0.00
0	4	0.00	0.70	70.60	19.84	0.00
1	1	0.01	0.50	72.78	16.87	0.00
1	5	0.01	0.35	69.92	20.91	0.00
2	2	0.01	0.46	67.74	22.19	0.00
2	6	0.01	0.45	67.34	23.39	0.00
3	3	0.00	0.61	76.55	13.37	0.00
3	7	0.01	1.92	62.89	10.87	0.00
Core	CPU	C1%	C3%	C6%	C8%	C9%
-	-	0.00	0.85	70.14	17.67	0.00
0	0	0.00	0.52	74.63	14.50	0.00
0	4	0.00	0.61	73.91	16.44	0.00
1	1	0.01	0.41	69.27	20.55	0.00
1	5	0.00	0.35	68.98	21.65	0.00
2	2	0.00	0.49	69.63	20.34	0.00
2	6	0.01	0.51	67.80	22.96	0.00
3	3	0.00	1.34	75.27	13.91	0.00
3	7	0.01	2.58	62.09	11.10	0.00
Core	CPU	C1%	C3%	C6%	C8%	C9%
-	-	0.01	0.67	70.53	17.53	0.00
0	0	0.00	0.60	77.77	11.17	0.00
0	4	0.01	0.63	72.88	17.64	0.00
1	1	0.01	0.49	72.39	17.38	0.00
1	5	0.01	0.22	70.68	20.18	0.00
2	2	0.01	0.56	69.18	20.61	0.00
2	6	0.00	0.43	67.35	23.37	0.00
3	3	0.00	0.51	73.12	16.87	0.00
3	7	0.00	1.92	60.69	12.99	0.00
Core	CPU	C1%	C3%	C6%	C8%	C9%
-	-	0.01	0.68	70.61	17.40	0.00
0	0	0.00	0.60	74.15	14.85	0.00
0	4	0.00	0.65	70.99	19.47	0.00
1	1	0.01	0.49	73.58	16.22	0.00
1	5	0.00	0.33	69.97	20.78	0.00
2	2	0.01	0.54	70.55	19.20	0.00
2	6	0.00	0.39	68.77	22.02	0.00
3	3	0.00	0.50	75.56	14.50	0.00
3	7	0.02	1.98	61.42	12.18	0.00
Core	CPU	C1%	C3%	C6%	C8%	C9%
-	-	0.01	1.22	68.12	18.39	0.00
0	0	0.01	0.60	74.23	14.12	0.00
0	4	0.01	0.64	72.31	16.52	0.00
1	1	0.01	0.57	67.71	20.66	0.00
1	5	0.00	0.27	67.62	22.27	0.00
2	2	0.00	0.42	65.66	23.16	0.00
2	6	0.00	0.42	65.89	23.62	0.00
3	3	0.00	2.64	71.95	14.46	0.00
3	7	0.01	4.19	59.18	12.21	0.00
Core	CPU	C1%	C3%	C6%	C8%	C9%
-	-	0.00	0.73	71.21	16.75	0.00
0	0	0.00	0.62	76.80	12.08	0.00
0	4	0.00	0.62	75.75	14.48	0.00
1	1	0.00	0.46	69.39	20.42	0.00
1	5	0.00	0.28	69.55	21.33	0.00
2	2	0.00	0.53	69.57	20.28	0.00
2	6	0.01	0.64	69.59	20.93	0.00
3	3	0.00	0.62	75.77	14.11	0.00
3	7	0.01	2.08	63.23	10.37	0.00
Core	CPU	C1%	C3%	C6%	C8%	C9%
-	-	0.01	0.89	69.94	17.71	0.00
0	0	0.01	0.59	74.34	14.64	0.00
0	4	0.00	0.64	71.95	18.40	0.00
1	1	0.01	0.56	70.52	18.55	0.00
1	5	0.00	0.40	70.47	20.25	0.00
2	2	0.01	0.58	67.88	21.64	0.00
2	6	0.00	0.45	68.41	22.31	0.00
3	3	0.00	1.34	74.22	14.80	0.00
3	7	0.01	2.53	62.11	11.21	0.00
Core	CPU	C1%	C3%	C6%	C8%	C9%
-	-	0.01	0.65	70.83	17.24	0.00
0	0	0.01	0.50	73.77	15.18	0.00
0	4	0.00	0.70	69.38	21.15	0.00
1	1	0.01	0.53	76.38	13.29	0.00
1	5	0.01	0.36	71.05	19.71	0.00
2	2	0.01	0.47	68.84	21.07	0.00
2	6	0.01	0.33	69.13	21.70	0.00
3	3	0.00	0.47	76.53	13.51	0.00
3	7	0.00	1.84	61.49	12.32	0.00
Core	CPU	C1%	C3%	C6%	C8%	C9%
-	-	0.00	0.71	70.57	17.40	0.00
0	0	0.00	0.64	75.10	13.82	0.00
0	4	0.01	0.60	70.23	20.36	0.00
1	1	0.00	0.45	73.01	16.69	0.00
1	5	0.00	0.35	70.95	19.74	0.00
2	2	0.01	0.61	68.46	21.31	0.00
2	6	0.01	0.44	69.46	21.25	0.00
3	3	0.00	0.63	75.18	14.67	0.00
3	7	0.01	2.00	62.30	11.37	0.00
Core	CPU	C1%	C3%	C6%	C8%	C9%
-	-	0.00	1.17	69.09	17.22	0.01
0	0	0.00	0.48	74.94	12.50	0.00
0	4	0.00	0.66	70.44	18.99	0.00
1	1	0.00	0.44	70.17	18.12	0.00
1	5	0.00	0.41	67.80	20.97	0.00
2	2	0.00	0.36	66.81	21.65	0.00
2	6	0.00	0.47	67.08	22.59	0.00
3	3	0.01	2.66	73.69	12.68	0.09
3	7	0.01	3.85	61.38	10.13	0.00
Core	CPU	C1%	C3%	C6%	C8%	C9%
-	-	0.01	0.67	71.63	16.11	0.00
0	0	0.00	0.43	78.26	10.58	0.00
0	4	0.02	0.65	72.39	17.06	0.00
1	1	0.00	0.58	74.15	15.53	0.00
1	5	0.01	0.26	71.20	19.74	0.00
2	2	0.00	0.48	70.61	19.27	0.00
2	6	0.01	0.48	70.43	20.29	0.00
3	3	0.00	0.58	73.87	14.75	0.00
3	7	0.01	1.92	62.10	11.63	0.00
Core	CPU	C1%	C3%	C6%	C8%	C9%
-	-	0.01	0.86	70.17	17.46	0.00
0	0	0.01	0.59	72.73	16.30	0.00
0	4	0.01	0.63	69.37	20.67	0.00
1	1	0.01	0.52	74.65	14.63	0.00
1	5	0.01	0.36	71.27	19.63	0.00
2	2	0.00	0.58	67.96	21.67	0.00
2	6	0.01	0.40	68.38	22.18	0.00
3	3	0.00	1.40	75.26	13.61	0.00
3	7	0.01	2.42	62.25	11.09	0.00
Core	CPU	C1%	C3%	C6%	C8%	C9%
-	-	0.00	0.69	69.80	18.24	0.00
0	0	0.00	0.58	72.56	16.48	0.00
0	4	0.00	0.67	69.53	21.02	0.00
1	1	0.00	0.56	74.97	14.58	0.00
1	5	0.00	0.29	69.85	21.03	0.00
2	2	0.01	0.53	68.29	21.63	0.00
2	6	0.00	0.49	68.03	22.65	0.00
3	3	0.00	0.57	74.34	15.56	0.00
3	7	0.01	1.85	60.77	12.95	0.00
Core	CPU	C1%	C3%	C6%	C8%	C9%
-	-	0.01	0.69	70.11	17.94	0.00
0	0	0.00	0.59	72.70	16.35	0.00
0	4	0.00	0.66	70.88	19.64	0.00
1	1	0.01	0.48	72.47	17.23	0.00
1	5	0.01	0.34	69.18	21.69	0.00
2	2	0.01	0.53	69.26	20.57	0.00
2	6	0.00	0.45	68.76	21.96	0.00
3	3	0.01	0.57	75.18	14.77	0.00
3	7	0.01	1.89	62.44	11.30	0.00
Core	CPU	C1%	C3%	C6%	C8%	C9%
-	-	0.01	1.01	66.63	18.66	0.00
0	0	0.01	0.46	71.71	15.27	0.00
0	4	0.01	0.66	67.65	20.64	0.00
1	1	0.00	0.54	70.34	17.48	0.00
1	5	0.00	0.26	67.09	21.68	0.00
2	2	0.01	0.42	66.59	20.88	0.00
2	6	0.00	0.35	64.40	24.29	0.00
3	3	0.01	2.54	68.80	16.98	0.00
3	7	0.01	2.86	56.21	11.97	0.00
Core	CPU	C1%	C3%	C6%	C8%	C9%
-	-	0.00	0.68	70.37	17.59	0.00
0	0	0.00	0.59	76.61	12.32	0.00
0	4	0.01	0.58	72.98	17.58	0.00
1	1	0.01	0.47	72.48	17.23	0.00
1	5	0.00	0.19	69.87	21.03	0.00
2	2	0.00	0.57	66.82	23.04	0.00
2	6	0.00	0.58	68.97	21.60	0.00
3	3	0.00	0.50	73.83	16.12	0.00
3	7	0.01	1.95	61.76	11.85	0.00
Core	CPU	C1%	C3%	C6%	C8%	C9%
-	-	0.00	0.86	70.38	17.36	0.00
0	0	0.01	0.57	76.02	12.35	0.00
0	4	0.00	0.71	69.28	21.26	0.00
1	1	0.00	0.46	73.57	16.28	0.00
1	5	0.00	0.35	70.17	20.63	0.00
2	2	0.01	0.52	68.14	21.60	0.00
2	6	0.00	1.15	68.12	21.43	0.00
3	3	0.00	0.53	75.80	14.20	0.00
3	7	0.01	2.61	61.98	11.13	0.00
Core	CPU	C1%	C3%	C6%	C8%	C9%
-	-	0.01	0.71	70.44	17.56	0.00
0	0	0.00	0.57	72.84	16.09	0.00
0	4	0.00	0.67	70.20	20.25	0.00
1	1	0.01	0.50	73.18	16.57	0.00
1	5	0.01	0.43	70.36	20.37	0.00
2	2	0.00	0.53	67.48	22.37	0.00
2	6	0.00	0.51	68.87	21.74	0.00
3	3	0.00	0.53	76.68	13.32	0.00
3	7	0.02	1.97	63.91	9.78	0.00
Core	CPU	C1%	C3%	C6%	C8%	C9%
-	-	0.01	0.69	71.23	16.79	0.00
0	0	0.00	0.51	75.39	13.57	0.00
0	4	0.00	0.63	71.41	19.16	0.00
1	1	0.01	0.46	71.61	18.13	0.00
1	5	0.01	0.36	70.09	20.69	0.00
2	2	0.00	0.51	69.85	19.98	0.00
2	6	0.01	0.51	70.50	20.11	0.00
3	3	0.00	0.56	77.03	12.88	0.00
3	7	0.01	1.98	63.94	9.77	0.00
Core	CPU	C1%	C3%	C6%	C8%	C9%
-	-	0.01	0.93	68.86	17.24	0.00
0	0	0.01	0.59	73.22	13.92	0.00
0	4	0.01	0.70	68.13	20.50	0.00
1	1	0.01	0.40	73.71	15.02	0.00
1	5	0.01	0.23	69.22	19.27	0.00
2	2	0.01	0.51	67.57	20.45	0.00
2	6	0.00	0.41	68.11	20.77	0.00
3	3	0.01	1.40	71.02	15.44	0.00
3	7	0.00	3.22	59.31	12.39	0.00
Core	CPU	C1%	C3%	C6%	C8%	C9%
-	-	0.01	0.68	70.66	17.35	0.00
0	0	0.00	0.55	73.49	15.53	0.00
0	4	0.01	0.61	71.13	19.34	0.00
1	1	0.01	0.48	73.10	16.75	0.00
1	5	0.00	0.36	70.61	19.95	0.00
2	2	0.01	0.51	70.61	19.15	0.00
2	6	0.01	0.40	69.82	20.92	0.00
3	3	0.00	0.60	75.08	14.87	0.00
3	7	0.01	1.90	61.46	12.30	0.00
Core	CPU	C1%	C3%	C6%	C8%	C9%
-	-	0.01	0.86	70.32	17.39	0.00
0	0	0.00	0.55	74.16	14.72	0.00
0	4	0.01	0.69	70.40	19.85	0.00
1	1	0.01	0.51	71.67	17.93	0.00
1	5	0.01	0.39	70.86	20.00	0.00
2	2	0.01	0.49	69.80	20.05	0.00
2	6	0.00	0.41	67.44	23.30	0.00
3	3	0.01	1.25	75.35	13.70	0.00
3	7	0.01	2.60	63.55	9.70	0.00
Core	CPU	C1%	C3%	C6%	C8%	C9%
-	-	0.01	0.66	69.98	18.09	0.00
0	0	0.00	0.53	76.64	12.17	0.00
0	4	0.00	0.59	71.41	19.21	0.00
1	1	0.01	0.52	73.23	16.50	0.00
1	5	0.01	0.26	69.59	21.32	0.00
2	2	0.01	0.50	66.99	22.94	0.00
2	6	0.01	0.50	68.07	22.60	0.00
3	3	0.00	0.46	73.42	16.62	0.00
3	7	0.01	1.93	60.40	13.35	0.00
Core	CPU	C1%	C3%	C6%	C8%	C9%
-	-	0.00	0.68	70.39	17.63	0.00
0	0	0.00	0.60	76.33	12.56	0.00
0	4	0.00	0.63	72.34	18.22	0.00
1	1	0.01	0.49	74.01	15.68	0.00
1	5	0.00	0.28	71.07	19.72	0.00
2	2	0.00	0.45	65.11	24.83	0.00
2	6	0.01	0.48	67.17	23.50	0.00
3	3	0.00	0.56	74.69	15.25	0.00
3	7	0.01	1.93	62.43	11.28	0.00
Core	CPU	C1%	C3%	C6%	C8%	C9%
-	-	0.01	0.78	68.43	17.42	0.29
0	0	0.00	0.49	72.80	14.39	0.00
0	4	0.00	0.61	72.70	16.34	0.00
1	1	0.00	0.49	67.71	19.54	0.00
1	5	0.01	0.30	67.94	20.56	0.00
2	2	0.01	0.48	66.05	22.08	0.00
2	6	0.00	0.50	67.29	21.09	0.00
3	3	0.02	0.99	71.83	14.52	2.28
3	7	0.03	2.40	60.76	10.73	0.00
Core	CPU	C1%	C3%	C6%	C8%	C9%
-	-	0.01	0.69	70.10	17.91	0.00
0	0	0.00	0.64	77.10	11.69	0.00
0	4	0.00	0.67	73.26	17.15	0.00
1	1	0.01	0.42	68.08	21.88	0.00
1	5	0.00	0.29	68.78	22.11	0.00
2	2	0.01	0.50	66.47	23.29	0.00
2	6	0.01	0.53	69.58	21.01	0.00
3	3	0.01	0.48	74.76	15.13	0.00
3	7	0.01	1.97	62.73	11.00	0.00
Core	CPU	C1%	C3%	C6%	C8%	C9%
-	-	0.01	0.84	70.34	17.49	0.00
0	0	0.00	0.64	75.39	13.34	0.00
0	4	0.01	0.61	71.94	18.68	0.00
1	1	0.01	0.46	72.78	17.24	0.00
1	5	0.00	0.32	71.10	19.83	0.00
2	2	0.00	0.50	68.35	21.42	0.00
2	6	0.01	1.19	68.70	21.21	0.00
3	3	0.00	0.54	73.76	16.17	0.00
3	7	0.01	2.47	61.11	12.11	0.00
Core	CPU	C1%	C3%	C6%	C8%	C9%
-	-	0.01	0.68	70.07	17.98	0.00
0	0	0.00	0.52	76.86	12.03	0.00
0	4	0.01	0.59	70.96	19.61	0.00
1	1	0.01	0.56	71.64	18.07	0.00
1	5	0.00	0.28	69.85	21.05	0.00
2	2	0.01	0.44	69.20	20.77	0.00
2	6	0.00	0.51	68.52	22.16	0.00
3	3	0.01	0.57	72.68	17.20	0.00
3	7	0.01	1.94	60.79	12.96	0.00
Core	CPU	C1%	C3%	C6%	C8%	C9%
-	-	0.01	0.71	70.33	17.55	0.00
0	0	0.00	0.58	74.49	14.37	0.00
0	4	0.01	0.64	72.61	17.71	0.00
1	1	0.01	0.45	71.46	18.26	0.00
1	5	0.00	0.37	72.07	18.50	0.00
2	2	0.01	0.48	66.41	23.44	0.00
2	6	0.01	0.47	68.55	22.00	0.00
3	3	0.01	0.51	73.84	16.14	0.00
3	7	0.01	2.21	63.22	9.95	0.00
Core	CPU	C1%	C3%	C6%	C8%	C9%
-	-	0.01	0.98	68.40	17.49	0.00
0	0	0.00	0.55	74.66	12.38	0.00
0	4	0.00	0.58	69.52	18.84	0.00
1	1	0.00	0.49	72.16	16.00	0.00
1	5	0.00	0.38	69.79	18.98	0.00
2	2	0.01	0.41	63.58	24.03	0.00
2	6	0.01	0.37	65.23	23.75	0.00
3	3	0.00	1.53	71.73	14.65	0.00
3	7	0.01	3.54	60.29	11.21	0.00
Core	CPU	C1%	C3%	C6%	C8%	C9%
-	-	0.09	0.74	71.00	16.62	0.00
0	0	0.01	0.66	77.08	11.24	0.00
0	4	0.63	0.68	71.04	18.33	0.00
1	1	0.03	0.58	74.28	14.83	0.00
1	5	0.01	0.28	69.06	21.80	0.00
2	2	0.01	0.53	68.60	21.30	0.00
2	6	0.01	0.56	69.73	20.83	0.00
3	3	0.03	0.53	75.33	13.84	0.00
3	7	0.01	2.13	62.51	10.67	0.00
Core	CPU	C1%	C3%	C6%	C8%	C9%
-	-	0.01	0.80	70.56	17.27	0.00
0	0	0.00	1.10	72.15	15.94	0.00
0	4	0.00	0.70	69.56	20.94	0.00
1	1	0.02	0.48	74.45	15.36	0.00
1	5	0.01	0.33	68.98	21.53	0.00
2	2	0.01	0.57	70.21	19.57	0.00
2	6	0.01	0.44	70.04	20.68	0.00
3	3	0.01	0.50	76.72	13.33	0.00
3	7	0.01	2.29	62.50	10.82	0.00
Core	CPU	C1%	C3%	C6%	C8%	C9%
-	-	0.01	0.66	71.15	16.83	0.00
0	0	0.00	0.60	75.77	13.15	0.00
0	4	0.00	0.67	71.38	19.13	0.00
1	1	0.01	0.46	74.24	15.51	0.00
1	5	0.01	0.28	70.20	20.73	0.00
2	2	0.01	0.43	68.50	21.45	0.00
2	6	0.00	0.48	69.85	20.82	0.00
3	3	0.01	0.54	76.55	13.38	0.00
3	7	0.01	1.87	63.20	10.54	0.00
Core	CPU	C1%	C3%	C6%	C8%	C9%
-	-	0.01	0.66	70.69	17.38	0.00
0	0	0.00	0.53	75.05	13.89	0.00
0	4	0.00	0.69	72.07	18.45	0.00
1	1	0.01	0.50	72.34	17.44	0.00
1	5	0.01	0.28	69.91	20.97	0.00
2	2	0.01	0.54	68.52	21.39	0.00
2	6	0.01	0.37	68.67	22.14	0.00
3	3	0.00	0.53	76.37	13.59	0.00
3	7	0.01	1.80	62.58	11.17	0.00
Core	CPU	C1%	C3%	C6%	C8%	C9%
-	-	0.01	1.17	69.04	17.10	0.00
0	0	0.01	0.48	73.69	13.63	0.00
0	4	0.01	0.69	69.22	18.81	0.00
1	1	0.01	0.49	73.90	15.00	0.00
1	5	0.00	0.39	70.19	19.71	0.00
2	2	0.00	0.46	65.50	22.91	0.00
2	6	0.01	0.39	65.67	22.45	0.00
3	3	0.02	2.62	73.13	13.28	0.00
3	7	0.01	3.84	60.70	10.93	0.00
Core	CPU	C1%	C3%	C6%	C8%	C9%
-	-	0.00	0.68	70.84	17.25	0.00
0	0	0.00	0.57	73.10	15.90	0.00
0	4	0.00	0.74	70.10	20.33	0.00
1	1	0.00	0.55	75.86	13.77	0.00
1	5	0.00	0.28	70.97	19.94	0.00
2	2	0.01	0.44	68.29	21.65	0.00
2	6	0.00	0.35	67.86	22.93	0.00
3	3	0.00	0.52	76.89	13.09	0.00
3	7	0.01	1.97	63.33	10.35	0.00
Core	CPU	C1%	C3%	C6%	C8%	C9%
-	-	0.01	0.80	69.66	17.68	0.00
0	0	0.01	0.54	76.14	13.03	0.00
0	4	0.00	0.65	71.34	19.46	0.00
1	1	0.00	0.44	72.47	17.58	0.00
1	5	0.00	0.23	68.73	21.75	0.00
2	2	0.01	0.50	66.79	22.75	0.00
2	6	0.00	1.13	66.75	23.10	0.00
3	3	0.00	0.54	75.21	14.30	0.00
3	7	0.02	2.38	59.88	9.49	0.00
Core	CPU	C1%	C3%	C6%	C8%	C9%
-	-	0.01	0.64	69.79	18.11	0.00
0	0	0.00	0.55	77.57	11.37	0.00
0	4	0.00	0.62	73.12	17.47	0.00
1	1	0.02	0.41	72.15	17.65	0.00
1	5	0.00	0.20	69.24	21.75	0.00
2	2	0.01	0.51	67.30	22.67	0.00
2	6	0.01	0.55	65.73	24.67	0.00
3	3	0.01	0.52	73.01	16.89	0.00
3	7	0.01	1.79	60.75	12.51	0.00
Core	CPU	C1%	C3%	C6%	C8%	C9%
-	-	0.00	0.69	70.10	17.92	0.00
0	0	0.00	0.59	73.84	15.13	0.00
0	4	0.00	0.64	70.57	19.97	0.00
1	1	0.00	0.44	74.58	15.19	0.00
1	5	0.00	0.35	70.61	20.10	0.00
2	2	0.01	0.45	67.07	22.85	0.00
2	6	0.00	0.40	67.11	23.67	0.00
3	3	0.00	0.56	75.62	14.34	0.00
3	7	0.01	2.06	61.45	12.13	0.00
Core	CPU	C1%	C3%	C6%	C8%	C9%
-	-	0.01	1.08	68.05	17.91	0.00
0	0	0.00	0.53	73.82	13.84	0.00
0	4	0.05	0.64	70.20	18.95	0.00
1	1	0.00	0.44	71.69	15.82	0.00
1	5	0.00	0.27	69.88	18.69	0.00
2	2	0.00	0.52	64.34	23.61	0.00
2	6	0.00	0.35	65.31	22.91	0.00
3	3	0.01	2.36	70.42	16.10	0.00
3	7	0.01	3.53	58.22	13.24	0.00
Core	CPU	C1%	C3%	C6%	C8%	C9%
-	-	0.01	0.69	71.34	16.68	0.00
0	0	0.01	0.56	75.82	13.15	0.00
0	4	0.00	0.72	73.62	16.69	0.00
1	1	0.00	0.47	71.91	17.79	0.00
1	5	0.01	0.31	70.96	19.90	0.00
2	2	0.00	0.55	67.50	22.29	0.00
2	6	0.01	0.32	69.40	21.39	0.00
3	3	0.00	0.52	77.25	12.70	0.00
3	7	0.01	2.08	64.13	9.52	0.00
Core	CPU	C1%	C3%	C6%	C8%	C9%
-	-	0.01	0.82	70.21	17.69	0.00
0	0	0.01	0.63	75.01	13.87	0.00
0	4	0.01	0.63	70.21	20.44	0.00
1	1	0.01	0.48	74.19	15.69	0.00
1	5	0.00	0.25	71.88	19.09	0.00
2	2	0.01	0.45	67.76	22.15	0.00
2	6	0.00	1.04	68.20	21.73	0.00
3	3	0.01	0.51	74.33	15.71	0.00
3	7	0.01	2.55	60.29	12.86	0.00
Core	CPU	C1%	C3%	C6%	C8%	C9%
-	-	0.00	0.72	70.25	17.64	0.00
0	0	0.00	0.64	75.84	12.94	0.00
0	4	0.00	0.68	74.19	16.09	0.00
1	1	0.00	0.62	70.72	18.84	0.00
1	5	0.00	0.29	71.14	19.72	0.00
2	2	0.01	0.50	66.42	23.49	0.00
2	6	0.00	0.40	67.51	23.23	0.00
3	3	0.01	0.53	74.53	15.45	0.00
3	7	0.01	2.12	62.10	11.43	0.00
Core	CPU	C1%	C3%	C6%	C8%	C9%
-	-	0.00	0.68	69.60	18.44	0.00
0	0	0.00	0.60	77.43	11.35	0.00
0	4	0.00	0.64	72.75	17.86	0.00
1	1	0.01	0.61	73.31	16.39	0.00
1	5	0.00	0.25	70.08	20.86	0.00
2	2	0.01	0.46	65.71	24.23	0.00
2	6	0.00	0.44	65.44	25.28	0.00
3	3	0.01	0.56	72.62	17.29	0.00
3	7	0.01	1.88	59.42	14.25	0.00
Core	CPU	C1%	C3%	C6%	C8%	C9%
-	-	0.01	1.17	67.59	18.68	0.00
0	0	0.00	0.53	73.51	14.02	0.00
0	4	0.00	0.61	71.45	17.50	0.00
1	1	0.00	0.57	67.91	20.02	0.00
1	5	0.01	0.31	67.72	21.40	0.00
2	2	0.01	0.42	63.67	25.10	0.00
2	6	0.00	0.51	66.65	22.81	0.00
3	3	0.01	2.68	70.23	16.13	0.00
3	7	0.01	3.68	59.13	12.37	0.00
Core	CPU	C1%	C3%	C6%	C8%	C9%
-	-	0.01	0.71	70.26	17.73	0.00
0	0	0.00	0.57	77.44	11.31	0.00
0	4	0.00	0.71	73.02	17.40	0.00
1	1	0.01	0.42	69.21	20.74	0.00
1	5	0.01	0.22	68.63	22.33	0.00
2	2	0.01	0.64	67.72	22.05	0.00
2	6	0.01	0.52	67.17	23.44	0.00
3	3	0.00	0.55	76.29	13.58	0.00
3	7	0.01	2.06	62.63	10.95	0.00
Core	CPU	C1%	C3%	C6%	C8%	C9%
-	-	0.01	0.79	71.00	16.84	0.00
0	0	0.00	0.56	73.28	15.77	0.00
0	4	0.00	0.68	70.61	19.84	0.00
1	1	0.01	0.45	75.61	14.23	0.00
1	5	0.01	0.33	71.01	19.95	0.00
2	2	0.00	0.49	71.72	18.13	0.00
2	6	0.00	0.34	69.20	21.68	0.00
3	3	0.01	1.26	74.90	13.95	0.00
3	7	0.01	2.22	62.20	11.26	0.00
Core	CPU	C1%	C3%	C6%	C8%	C9%
-	-	0.01	0.70	71.38	16.66	0.00
0	0	0.00	0.56	77.12	11.83	0.00
0	4	0.00	0.65	71.43	19.17	0.00
1	1	0.01	0.38	72.34	16.82	0.00
1	5	0.01	0.29	71.31	19.57	0.00
2	2	0.01	0.58	70.06	19.71	0.00
2	6	0.01	0.44	69.60	20.97	0.00
3	3	0.00	0.56	75.59	14.33	0.00
3	7	0.00	2.09	62.92	10.73	0.00
Core	CPU	C1%	C3%	C6%	C8%	C9%
-	-	0.01	0.68	69.63	18.25	0.00
0	0	0.00	0.58	77.57	11.30	0.00
0	4	0.00	0.65	73.91	16.50	0.00
1	1	0.01	0.42	67.41	22.17	0.00
1	5	0.00	0.20	67.75	23.12	0.00
2	2	0.01	0.50	67.33	22.56	0.00
2	6	0.00	0.65	67.14	23.33	0.00
3	3	0.01	0.62	74.85	15.02	0.00
3	7	0.01	1.84	61.55	12.16	0.00
Core	CPU	C1%	C3%	C6%	C8%	C9%
-	-	0.01	0.95	69.12	16.67	0.00
0	0	0.01	0.62	71.26	15.68	0.00
0	4	0.01	0.70	68.12	20.49	0.00
1	1	0.01	0.45	72.95	14.21	0.00
1	5	0.01	0.41	68.44	19.67	0.00
2	2	0.01	0.50	68.53	19.24	0.00
2	6	0.00	0.41	67.02	22.18	0.00
3	3	0.00	1.92	75.00	11.61	0.00
3	7	0.01	2.59	61.15	10.15	0.00
Core	CPU	C1%	C3%	C6%	C8%	C9%
-	-	0.01	0.67	70.68	17.34	0.00
0	0	0.00	0.55	75.24	13.58	0.00
0	4	0.01	0.74	70.02	20.26	0.00
1	1	0.01	0.51	71.73	18.06	0.00
1	5	0.01	0.28	69.69	21.16	0.00
2	2	0.01	0.49	67.35	22.51	0.00
2	6	0.00	0.42	67.89	22.87	0.00
3	3	0.01	0.55	78.72	11.20	0.00
3	7	0.03	1.79	64.79	9.10	0.00
Core	CPU	C1%	C3%	C6%	C8%	C9%
-	-	0.01	0.81	70.08	17.63	0.00
0	0	0.00	0.66	75.01	13.89	0.00
0	4	0.00	0.66	70.30	20.23	0.00
1	1	0.01	0.47	73.73	15.91	0.00
1	5	0.00	0.23	68.79	21.92	0.00
2	2	0.01	0.54	69.94	19.58	0.00
2	6	0.01	0.42	68.38	22.41	0.00
3	3	0.00	0.98	73.40	15.44	0.00
3	7	0.01	2.56	61.44	11.71	0.00
Core	CPU	C1%	C3%	C6%	C8%	C9%
-	-	0.00	0.68	70.96	17.10	0.00
0	0	0.00	0.57	79.28	9.52	0.00
0	4	0.00	0.62	72.68	17.90	0.00
1	1	0.01	0.48	70.23	19.57	0.00
1	5	0.01	0.25	68.76	22.07	0.00
2	2	0.00	0.55	69.42	20.39	0.00
2	6	0.01	0.49	70.08	20.59	0.00
3	3	0.00	0.51	74.15	15.78	0.00
3	7	0.01	2.00	62.78	10.91	0.00
Core	CPU	C1%	C3%	C6%	C8%	C9%
-	-	0.00	0.71	71.04	16.87	0.00
0	0	0.00	0.61	78.48	10.24	0.00
0	4	0.00	0.66	72.19	18.40	0.00
1	1	0.00	0.44	72.70	17.23	0.00
1	5	0.01	0.24	70.25	20.72	0.00
2	2	0.00	0.67	70.07	19.64	0.00
2	6	0.00	0.44	69.86	20.83	0.00
3	3	0.00	0.51	74.22	15.75	0.00
3	7	0.00	2.15	61.17	12.31	0.00
Core	CPU	C1%	C3%	C6%	C8%	C9%
-	-	0.01	1.11	67.54	18.39	0.00
0	0	0.00	0.50	69.39	17.96	0.00
0	4	0.00	0.66	66.97	21.41	0.00
1	1	0.01	0.50	70.47	17.30	0.00
1	5	0.01	0.35	66.52	22.44	0.00
2	2	0.01	0.55	66.61	21.29	0.00
2	6	0.01	0.39	67.13	21.69	0.00
3	3	0.00	2.58	72.68	13.62	0.00
3	7	0.02	3.38	60.25	11.34	0.00
Core	CPU	C1%	C3%	C6%	C8%	C9%
-	-	0.01	0.67	70.91	17.18	0.00
0	0	0.00	0.51	74.02	14.91	0.00
0	4	0.00	0.67	70.35	20.09	0.00
1	1	0.01	0.47	72.23	17.59	0.00
1	5	0.01	0.41	70.04	20.64	0.00
2	2	0.01	0.52	69.35	20.55	0.00
2	6	0.01	0.39	69.70	21.11	0.00
3	3	0.00	0.48	77.24	12.74	0.00
3	7	0.01	1.94	64.03	9.74	0.00
Core	CPU	C1%	C3%	C6%	C8%	C9%
-	-	0.01	0.79	70.52	17.35	0.00
0	0	0.00	0.53	76.78	12.16	0.00
0	4	0.00	0.63	73.16	17.41	0.00
1	1	0.01	0.64	70.89	18.88	0.00
1	5	0.01	0.29	70.47	20.47	0.00
2	2	0.01	0.50	68.40	21.36	0.00
2	6	0.00	0.48	68.08	22.51	0.00
3	3	0.00	1.03	74.56	14.52	0.00
3	7	0.01	2.25	61.91	11.52	0.00
Core	CPU	C1%	C3%	C6%	C8%	C9%
-	-	0.00	0.69	69.80	18.16	0.00
0	0	0.00	0.60	77.14	11.75	0.00
0	4	0.00	0.61	72.50	18.09	0.00
1	1	0.01	0.58	69.05	20.81	0.00
1	5	0.00	0.21	68.97	21.98	0.00
2	2	0.01	0.46	68.72	21.02	0.00
2	6	0.00	0.44	67.40	23.30	0.00
3	3	0.01	0.58	74.19	15.73	0.00
3	7	0.01	2.05	60.86	12.69	0.00
Core	CPU	C1%	C3%	C6%	C8%	C9%
-	-	0.00	0.68	70.16	17.84	0.00
0	0	0.00	0.55	78.52	10.32	0.00
0	4	0.00	0.60	71.99	18.50	0.00
1	1	0.01	0.51	70.84	18.98	0.00
1	5	0.00	0.22	70.36	20.59	0.00
2	2	0.00	0.43	69.88	19.97	0.00
2	6	0.00	0.52	67.21	23.41	0.00
3	3	0.00	0.59	72.03	17.92	0.00
3	7	0.01	1.99	60.56	13.06	0.00
Core	CPU	C1%	C3%	C6%	C8%	C9%
-	-	0.01	0.95	67.05	18.36	0.00
0	0	0.00	0.62	71.29	15.74	0.00
0	4	0.00	0.62	67.40	20.79	0.00
1	1	0.01	0.46	67.22	20.67	0.00
1	5	0.00	0.30	65.72	23.47	0.00
2	2	0.00	0.42	65.17	22.84	0.00
2	6	0.01	0.55	63.69	25.03	0.00
3	3	0.01	1.52	75.74	10.06	0.00
3	7	0.03	3.14	59.85	8.21	0.00
Core	CPU	C1%	C3%	C6%	C8%	C9%
-	-	0.00	0.66	69.90	18.06	0.00
0	0	0.00	0.56	76.70	12.14	0.00
0	4	0.00	0.61	72.51	17.93	0.00
1	1	0.01	0.53	70.21	19.46	0.00
1	5	0.01	0.28	70.28	20.61	0.00
2	2	0.00	0.47	66.47	23.41	0.00
2	6	0.00	0.42	68.92	21.83	0.00
3	3	0.00	0.54	73.07	16.76	0.00
3	7	0.01	1.86	61.32	12.42	0.00
Core	CPU	C1%	C3%	C6%	C8%	C9%
-	-	0.01	0.78	69.91	18.09	0.00
0	0	0.00	0.54	76.22	12.70	0.00
0	4	0.00	0.63	69.74	20.73	0.00
1	1	0.01	0.49	72.65	17.15	0.00
1	5	0.01	0.28	70.24	20.61	0.00
2	2	0.01	1.18	67.26	21.76	0.00
2	6	0.01	0.32	68.53	22.31	0.00
3	3	0.00	0.48	74.04	15.92	0.00
3	7	0.01	2.35	60.00	13.38	0.00
Core	CPU	C1%	C3%	C6%	C8%	C9%
-	-	0.01	0.68	71.25	16.65	0.00
0	0	0.00	0.56	74.95	13.95	0.00
0	4	0.00	0.65	72.45	18.00	0.00
1	1	0.01	0.45	71.57	18.16	0.00
1	5	0.01	0.29	68.34	22.60	0.00
2	2	0.01	0.44	71.91	17.95	0.00
2	6	0.01	0.49	70.32	20.34	0.00
3	3	0.00	0.45	77.68	12.26	0.00
3	7	0.01	2.13	63.42	10.12	0.00
Core	CPU	C1%	C3%	C6%	C8%	C9%
-	-	0.00	0.70	69.73	18.26	0.00
0	0	0.00	0.62	75.83	13.04	0.00
0	4	0.00	0.66	72.46	17.96	0.00
1	1	0.00	0.57	71.15	18.59	0.00
1	5	0.00	0.19	69.67	21.31	0.00
2	2	0.01	0.61	65.96	23.75	0.00
2	6	0.00	0.57	68.48	22.07	0.00
3	3	0.01	0.51	73.10	16.82	0.00
3	7	0.01	1.86	61.15	12.58	0.00
Core	CPU	C1%	C3%	C6%	C8%	C9%
-	-	0.01	1.00	68.47	17.43	0.00
0	0	0.00	0.54	71.29	15.73	0.00
0	4	0.00	0.73	68.76	19.21	0.00
1	1	0.01	0.45	70.73	16.85	0.00
1	5	0.01	0.31	66.74	22.13	0.00
2	2	0.01	0.51	67.65	20.76	0.00
2	6	0.00	0.39	66.01	23.17	0.00
3	3	0.00	2.51	74.47	11.81	0.00
3	7	0.01	2.54	61.78	9.68	0.00
Core	CPU	C1%	C3%	C6%	C8%	C9%
-	-	0.01	0.64	70.44	17.66	0.00
0	0	0.00	0.55	77.38	11.48	0.00
0	4	0.00	0.65	73.00	17.54	0.00
1	1	0.01	0.53	72.69	17.03	0.00
1	5	0.01	0.29	69.65	21.23	0.00
2	2	0.01	0.47	67.15	22.82	0.00
2	6	0.00	0.39	68.08	22.65	0.00
3	3	0.00	0.49	73.31	16.62	0.00
3	7	0.01	1.76	62.03	11.88	0.00
Core	CPU	C1%	C3%	C6%	C8%	C9%
-	-	0.00	0.85	70.48	17.32	0.00
0	0	0.00	0.61	77.11	11.75	0.00
0	4	0.00	0.67	72.77	17.73	0.00
1	1	0.00	0.44	72.80	17.07	0.00
1	5	0.01	0.27	69.18	21.69	0.00
2	2	0.00	0.55	67.48	22.36	0.00
2	6	0.01	0.45	67.84	22.91	0.00
3	3	0.01	1.32	75.35	13.66	0.00
3	7	0.01	2.47	61.75	11.53	0.00
Core	CPU	C1%	C3%	C6%	C8%	C9%
-	-	0.01	0.69	70.65	17.36	0.00
0	0	0.00	0.57	73.39	15.62	0.00
0	4	0.00	0.66	68.78	21.69	0.00
1	1	0.01	0.53	73.00	16.74	0.00
1	5	0.01	0.39	71.28	19.53	0.00
2	2	0.01	0.43	68.80	21.22	0.00
2	6	0.00	0.33	69.70	21.12	0.00
3	3	0.01	0.60	77.05	12.80	0.00
3	7	0.02	2.04	63.45	10.24	0.00
Core	CPU	C1%	C3%	C6%	C8%	C9%
-	-	0.00	0.70	69.68	18.30	0.00
0	0	0.00	0.55	76.29	12.70	0.00
0	4	0.00	0.58	73.50	16.95	0.00
1	1	0.01	0.49	68.05	21.57	0.00
1	5	0.01	0.28	69.24	21.63	0.00
2	2	0.00	0.59	67.15	22.66	0.00
2	6	0.00	0.61	69.30	21.18	0.00
3	3	0.00	0.54	72.31	17.53	0.00
3	7	0.01	1.98	61.48	12.16	0.00
Core	CPU	C1%	C3%	C6%	C8%	C9%
-	-	0.01	0.99	69.09	16.65	0.00
0	0	0.00	0.50	76.14	11.01	0.00
0	4	0.00	0.63	70.36	18.14	0.00
1	1	0.01	0.50	68.80	19.08	0.00
1	5	0.00	0.28	68.66	19.73	0.00
2	2	0.01	0.34	65.99	22.03	0.00
2	6	0.01	0.49	67.42	20.67	0.00
3	3	0.01	2.53	73.27	13.03	0.00
3	7	0.01	2.62	61.81	9.48	0.00
Core	CPU	C1%	C3%	C6%	C8%	C9%
-	-	0.01	0.68	69.58	18.46	0.00
0	0	0.00	0.66	74.74	13.98	0.00
0	4	0.00	0.60	73.63	16.74	0.00
1	1	0.01	0.51	71.33	18.50	0.00
1	5	0.01	0.31	70.38	20.51	0.00
2	2	0.00	0.50	67.05	22.86	0.00
2	6	0.01	0.48	66.90	23.75	0.00
3	3	0.01	0.56	72.63	17.25	0.00
3	7	0.01	1.84	59.78	14.07	0.00
Core	CPU	C1%	C3%	C6%	C8%	C9%
-	-	0.01	0.84	69.89	17.71	0.00
0	0	0.00	0.51	77.48	11.35	0.00
0	4	0.00	0.59	69.91	19.56	0.00
1	1	0.01	0.43	71.85	18.05	0.00
1	5	0.00	0.25	69.29	21.68	0.00
2	2	0.00	0.54	68.59	21.21	0.00
2	6	0.01	0.60	68.64	21.91	0.00
3	3	0.01	1.33	73.28	14.73	0.00
3	7	0.01	2.45	59.95	13.12	0.00
Core	CPU	C1%	C3%	C6%	C8%	C9%
-	-	0.01	0.67	70.67	17.27	0.00
0	0	0.00	0.54	75.94	12.87	0.00
0	4	0.00	0.63	71.62	18.95	0.00
1	1	0.01	0.51	73.38	16.48	0.00
1	5	0.01	0.35	70.47	20.32	0.00
2	2	0.01	0.49	69.78	20.07	0.00
2	6	0.00	0.39	70.69	20.09	0.00
3	3	0.00	0.55	73.60	16.21	0.00
3	7	0.00	1.94	60.39	13.35	0.00
Core	CPU	C1%	C3%	C6%	C8%	C9%
-	-	0.01	0.69	69.78	18.24	0.00
0	0	0.01	0.59	72.46	16.46	0.00
0	4	0.00	0.65	70.19	20.20	0.00
1	1	0.01	0.51	71.52	18.30	0.00
1	5	0.01	0.40	70.56	20.16	0.00
2	2	0.01	0.51	67.32	22.63	0.00
2	6	0.00	0.47	67.43	23.29	0.00
3	3	0.01	0.59	76.67	13.24	0.00
3	7	0.01	1.80	62.17	11.67	0.00
Core	CPU	C1%	C3%	C6%	C8%	C9%
-	-	0.01	1.22	68.05	18.13	0.00
0	0	0.00	0.55	72.48	14.92	0.00
0	4	0.01	0.65	69.74	19.30	0.00
1	1	0.01	0.47	70.35	17.83	0.00
1	5	0.00	0.29	67.04	22.08	0.00
2	2	0.01	0.56	66.35	21.89	0.00
2	6	0.00	0.51	65.04	24.12	0.00
3	3	0.00	3.03	72.41	13.89	0.00
3	7	0.01	3.73	60.68	10.95	0.00
Core	CPU	C1%	C3%	C6%	C8%	C9%
-	-	0.01	0.69	71.09	16.94	0.00
0	0	0.00	0.54	76.66	12.18	0.00
0	4	0.00	0.68	71.88	18.55	0.00
1	1	0.01	0.52	70.97	18.92	0.00
1	5	0.01	0.33	70.00	20.88	0.00
2	2	0.00	0.45	71.31	18.46	0.00
2	6	0.00	0.46	69.67	21.07	0.00
3	3	0.00	0.60	75.87	14.00	0.00
3	7	0.01	1.97	62.25	11.46	0.00
Core	CPU	C1%	C3%	C6%	C8%	C9%
-	-	0.01	0.84	70.54	17.20	0.00
0	0	0.00	0.67	74.29	14.25	0.00
0	4	0.00	0.65	72.37	18.13	0.00
1	1	0.01	0.52	72.71	17.04	0.00
1	5	0.01	0.35	70.49	20.00	0.00
2	2	0.01	0.57	70.00	19.54	0.00
2	6	0.00	0.37	68.44	22.14	0.00
3	3	0.00	1.20	74.64	14.59	0.00
3	7	0.01	2.35	61.41	11.94	0.00
Core	CPU	C1%	C3%	C6%	C8%	C9%
-	-	0.00	0.67	70.92	17.05	0.00
0	0	0.00	0.64	77.35	11.45	0.00
0	4	0.00	0.65	72.13	18.40	0.00
1	1	0.01	0.33	73.90	16.04	0.00
1	5	0.00	0.17	70.16	20.81	0.00
2	2	0.00	0.53	66.55	23.33	0.00
2	6	0.01	0.50	69.07	21.58	0.00
3	3	0.00	0.48	75.95	13.96	0.00
3	7	0.01	2.06	62.63	10.90	0.00
Core	CPU	C1%	C3%	C6%	C8%	C9%
-	-	0.01	0.65	69.95	18.05	0.00
0	0	0.00	0.63	76.65	12.21	0.00
0	4	0.00	0.68	73.10	17.32	0.00
1	1	0.01	0.46	71.68	17.88	0.00
1	5	0.00	0.14	69.31	21.52	0.00
2	2	0.01	0.55	66.16	23.73	0.00
2	6	0.00	0.54	67.70	22.91	0.00
3	3	0.00	0.50	73.96	15.99	0.00
3	7	0.01	1.69	61.01	12.88	0.00
Core	CPU	C1%	C3%	C6%	C8%	C9%
-	-	0.01	1.01	68.14	17.64	0.21
0	0	0.00	0.58	74.74	12.95	0.00
0	4	0.00	0.67	69.67	18.33	0.00
1	1	0.01	0.37	71.87	16.06	0.00
1	5	0.00	0.21	68.76	19.52	0.00
2	2	0.01	0.50	66.08	21.17	0.00
2	6	0.01	0.44	66.37	22.40	0.00
3	3	0.01	2.04	69.35	16.96	1.70
3	7	0.01	3.28	57.99	13.66	0.00
Core	CPU	C1%	C3%	C6%	C8%	C9%
-	-	0.04	0.69	71.12	16.88	0.00
0	0	0.00	0.64	77.48	11.36	0.00
0	4	0.00	0.62	75.46	15.01	0.00
1	1	0.01	0.43	70.18	19.68	0.00
1	5	0.00	0.30	69.30	21.57	0.00
2	2	0.01	0.44	68.29	21.62	0.00
2	6	0.01	0.37	69.29	21.45	0.00
3	3	0.00	0.58	75.86	14.01	0.00
3	7	0.29	2.12	62.87	10.33	0.00
Core	CPU	C1%	C3%	C6%	C8%	C9%
-	-	0.00	0.80	69.34	17.83	0.00
0	0	0.01	0.61	74.46	14.74	0.00
0	4	0.00	0.66	70.25	20.16	0.00
1	1	0.00	0.52	74.60	15.33	0.00
1	5	0.00	0.19	69.09	21.48	0.00
2	2	0.00	0.42	65.63	24.15	0.00
2	6	0.01	0.37	65.26	25.61	0.00
3	3	0.00	1.28	76.36	11.83	0.00
3	7	0.01	2.32	59.31	9.44	0.00
Core	CPU	C1%	C3%	C6%	C8%	C9%
-	-	0.01	0.69	70.57	17.48	0.00
0	0	0.00	0.58	76.07	12.75	0.00
0	4	0.00	0.66	72.14	18.38	0.00
1	1	0.01	0.41	71.55	18.48	0.00
1	5	0.01	0.22	69.62	21.36	0.00
2	2	0.01	0.56	70.74	18.92	0.00
2	6	0.01	0.58	68.57	21.99	0.00
3	3	0.01	0.56	75.02	14.93	0.00
3	7	0.00	1.95	60.74	12.96	0.00
Core	CPU	C1%	C3%	C6%	C8%	C9%
-	-	0.01	0.67	70.06	17.92	0.00
0	0	0.01	0.56	72.93	15.98	0.00
0	4	0.00	0.59	69.89	20.67	0.00
1	1	0.00	0.54	73.40	16.45	0.00
1	5	0.00	0.43	70.85	19.95	0.00
2	2	0.01	0.44	69.06	20.77	0.00
2	6	0.00	0.39	67.10	23.69	0.00
3	3	0.01	0.56	75.32	14.62	0.00
3	7	0.02	1.85	62.37	11.38	0.00
Core	CPU	C1%	C3%	C6%	C8%	C9%
-	-	0.01	1.02	68.63	17.58	0.00
0	0	0.01	0.55	74.06	13.74	0.00
0	4	0.00	0.64	69.71	19.29	0.00
1	1	0.01	0.50	71.28	17.02	0.00
1	5	0.00	0.39	66.71	22.17	0.00
2	2	0.01	0.49	65.22	22.93	0.00
2	6	0.01	0.52	66.14	22.64	0.00
3	3	0.01	1.32	73.95	12.73	0.00
3	7	0.02	3.76	61.59	9.99	0.00
Core	CPU	C1%	C3%	C6%	C8%	C9%
-	-	0.01	0.70	71.50	16.57	0.00
0	0	0.00	0.62	76.63	12.24	0.00
0	4	0.00	0.68	71.29	19.21	0.00
1	1	0.01	0.53	72.84	16.93	0.00
1	5	0.01	0.38	70.66	20.12	0.00
2	2	0.01	0.47	69.34	20.59	0.00
2	6	0.01	0.37	70.50	20.23	0.00
3	3	0.00	0.51	77.08	12.86	0.00
3	7	0.01	2.03	63.41	10.28	0.00
Core	CPU	C1%	C3%	C6%	C8%	C9%
-	-	0.01	0.83	70.22	17.73	0.00
0	0	0.00	0.56	74.27	14.76	0.00
0	4	0.01	0.65	71.36	19.18	0.00
1	1	0.01	0.50	73.12	16.70	0.00
1	5	0.01	1.14	69.80	20.12	0.00
2	2	0.01	0.57	65.98	23.96	0.00
2	6	0.01	0.36	67.50	23.42	0.00
3	3	0.01	0.51	77.10	12.99	0.00
3	7	0.02	2.34	62.69	10.70	0.00
Core	CPU	C1%	C3%	C6%	C8%	C9%
-	-	0.00	0.66	69.40	18.66	0.00
0	0	0.00	0.55	75.98	12.90	0.00
0	4	0.00	0.60	71.19	19.40	0.00
1	1	0.01	0.48	73.62	16.18	0.00
1	5	0.00	0.24	70.60	20.26	0.00
2	2	0.01	0.47	66.76	23.14	0.00
2	6	0.00	0.46	66.81	23.91	0.00
3	3	0.00	0.61	71.10	18.81	0.00
3	7	0.00	1.91	59.11	14.63	0.00
Core	CPU	C1%	C3%	C6%	C8%	C9%
-	-	0.01	0.68	70.63	17.28	0.00
0	0	0.00	0.60	76.14	12.62	0.00
0	4	0.00	0.74	72.23	18.06	0.00
1	1	0.01	0.40	72.55	17.32	0.00
1	5	0.01	0.28	69.75	21.14	0.00
2	2	0.01	0.52	68.42	21.44	0.00
2	6	0.01	0.39	67.99	22.77	0.00
3	3	0.00	0.55	76.40	13.53	0.00
3	7	0.01	1.96	62.18	11.49	0.00
Core	CPU	C1%	C3%	C6%	C8%	C9%
-	-	0.01	1.08	68.05	17.72	0.00
0	0	0.00	0.55	76.38	10.27	0.00
0	4	0.00	0.64	72.37	15.84	0.00
1	1	0.01	0.46	65.76	21.42	0.00
1	5	0.01	0.20	65.65	23.24	0.00
2	2	0.01	0.52	65.05	23.32	0.00
2	6	0.00	0.55	65.43	23.12	0.00
3	3	0.00	2.47	72.53	13.85	0.00
3	7	0.01	3.27	60.95	10.63	0.00
Core	CPU	C1%	C3%	C6%	C8%	C9%
-	-	0.01	0.71	71.25	16.82	0.00
0	0	0.00	0.53	74.33	14.59	0.00
0	4	0.00	0.68	70.49	19.98	0.00
1	1	0.01	0.49	71.73	18.17	0.00
1	5	0.01	0.41	71.71	18.99	0.00
2	2	0.01	0.42	69.04	20.84	0.00
2	6	0.01	0.52	69.66	20.95	0.00
3	3	0.01	0.53	78.08	11.89	0.00
3	7	0.01	2.09	64.59	9.07	0.00
Core	CPU	C1%	C3%	C6%	C8%	C9%
-	-	0.00	0.83	70.22	17.50	0.00
0	0	0.00	0.56	75.45	13.48	0.00
0	4	0.00	1.46	71.12	18.48	0.00
1	1	0.01	0.40	70.70	19.26	0.00
1	5	0.00	0.27	74.11	16.48	0.00
2	2	0.00	0.57	66.59	23.21	0.00
2	6	0.00	0.57	68.82	21.71	0.00
3	3	0.00	0.45	74.29	15.40	0.00
3	7	0.00	2.38	61.21	12.13	0.00
Core	CPU	C1%	C3%	C6%	C8%	C9%
-	-	0.00	0.74	71.43	16.42	0.00
0	0	0.00	0.57	75.56	13.34	0.00
0	4	0.00	0.67	72.68	17.73	0.00
1	1	0.00	0.57	72.12	17.65	0.00
1	5	0.01	0.35	72.99	17.59	0.00
2	2	0.00	0.50	67.39	22.11	0.00
2	6	0.01	0.48	70.02	20.67	0.00
3	3	0.01	0.57	77.96	11.84	0.00
3	7	0.01	2.23	62.81	10.41	0.00
Core	CPU	C1%	C3%	C6%	C8%	C9%
-	-	0.01	0.70	71.03	16.99	0.00
0	0	0.00	0.53	76.47	12.52	0.00
0	4	0.00	0.65	72.24	18.30	0.00
1	1	0.01	0.46	70.31	19.55	0.00
1	5	0.00	0.28	70.15	20.67	0.00
2	2	0.00	0.47	70.47	19.27	0.00
2	6	0.00	0.63	70.18	20.38	0.00
3	3	0.00	0.52	75.17	14.82	0.00
3	7	0.02	2.03	63.24	10.45	0.00
Core	CPU	C1%	C3%	C6%	C8%	C9%
-	-	0.02	1.23	68.17	17.05	0.00
0	0	0.00	0.70	70.94	14.82	0.00
0	4	0.00	0.72	70.15	18.09	0.00
1	1	0.01	0.52	68.27	18.63	0.00
1	5	0.00	0.40	67.63	19.83	0.00
2	2	0.01	0.43	65.10	23.18	0.00
2	6	0.00	0.49	66.11	22.22	0.00
3	3	0.01	2.32	74.82	11.41	0.00
3	7	0.14	4.24	62.37	8.19	0.00
Core	CPU	C1%	C3%	C6%	C8%	C9%
-	-	0.01	0.69	70.79	17.21	0.00
0	0	0.00	0.50	74.38	14.62	0.00
0	4	0.00	0.68	74.95	15.18	0.00
1	1	0.01	0.55	70.08	19.66	0.00
1	5	0.01	0.25	70.07	20.86	0.00
2	2	0.00	0.41	68.72	21.31	0.00
2	6	0.00	0.51	68.56	22.10	0.00
3	3	0.00	0.56	76.95	12.95	0.00
3	7	0.01	2.06	62.63	10.97	0.00
Core	CPU	C1%	C3%	C6%	C8%	C9%
-	-	0.01	0.72	70.14	17.81	0.00
0	0	0.01	0.57	74.85	14.20	0.00
0	4	0.00	0.61	72.24	18.19	0.00
1	1	0.00	0.56	72.87	16.88	0.00
1	5	0.00	0.28	71.62	19.16	0.00
2	2	0.01	0.45	68.14	21.82	0.00
2	6	0.00	0.38	69.37	21.40	0.00
3	3	0.00	0.57	72.40	17.51	0.00
3	7	0.02	2.32	59.60	13.29	0.00
Core	CPU	C1%	C3%	C6%	C8%	C9%
-	-	0.01	0.66	70.39	17.62	0.00
0	0	0.00	0.46	76.50	12.58	0.00
0	4	0.00	0.65	75.84	14.50	0.00
1	1	0.00	0.53	69.30	20.33	0.00
1	5	0.01	0.20	69.01	21.93	0.00
2	2	0.01	0.47	67.43	22.39	0.00
2	6	0.00	0.54	68.75	21.89	0.00
3	3	0.00	0.63	73.84	16.00	0.00
3	7	0.02	1.79	62.51	11.33	0.00
Core	CPU	C1%	C3%	C6%	C8%	C9%
-	-	0.00	0.68	70.29	17.73	0.00
0	0	0.00	0.54	74.34	14.64	0.00
0	4	0.00	0.73	72.32	18.02	0.00
1	1	0.01	0.48	72.88	16.80	0.00
1	5	0.00	0.27	70.56	20.23	0.00
2	2	0.01	0.48	68.69	21.29	0.00
2	6	0.01	0.44	68.33	22.42	0.00
3	3	0.00	0.51	74.36	15.60	0.00
3	7	0.01	1.98	60.80	12.82	0.00
Core	CPU	C1%	C3%	C6%	C8%	C9%
-	-	0.01	0.83	68.14	17.73	0.00
0	0	0.00	0.55	72.83	14.24	0.00
0	4	0.00	0.61	70.45	18.09	0.00
1	1	0.01	0.42	70.10	18.02	0.00
1	5	0.00	0.29	68.85	19.76	0.00
2	2	0.01	0.51	66.91	20.53	0.00
2	6	0.01	0.49	65.31	23.46	0.00
3	3	0.00	1.31	70.90	15.52	0.00
3	7	0.01	2.46	59.46	12.11	0.00
Core	CPU	C1%	C3%	C6%	C8%	C9%
-	-	0.00	0.66	70.30	17.79	0.00
0	0	0.00	0.47	78.39	10.47	0.00
0	4	0.00	0.59	72.88	17.68	0.00
1	1	0.01	0.49	70.93	18.93	0.00
1	5	0.01	0.21	69.10	21.79	0.00
2	2	0.00	0.55	68.66	21.17	0.00
2	6	0.00	0.46	68.52	22.15	0.00
3	3	0.00	0.56	73.84	16.06	0.00
3	7	0.01	1.98	59.71	13.95	0.00
Core	CPU	C1%	C3%	C6%	C8%	C9%
-	-	0.01	0.99	69.79	17.79	0.00
0	0	0.01	0.64	73.50	15.52	0.00
0	4	0.01	2.06	70.53	18.26	0.00
1	1	0.01	1.33	73.06	15.77	0.00
1	5	0.00	0.31	69.66	21.25	0.00
2	2	0.01	0.44	68.64	21.10	0.00
2	6	0.01	0.53	67.46	22.78	0.00
3	3	0.00	0.48	74.50	15.43	0.00
3	7	0.02	2.15	61.27	12.32	0.00
Core	CPU	C1%	C3%	C6%	C8%	C9%
-	-	0.00	0.67	69.94	17.99	0.00
0	0	0.00	0.55	76.46	12.39	0.00
0	4	0.00	0.63	71.86	18.67	0.00
1	1	0.00	0.40	72.03	17.86	0.00
1	5	0.01	0.26	69.63	21.19	0.00
2	2	0.00	0.57	68.53	21.17	0.00
2	6	0.01	0.52	68.20	22.41	0.00
3	3	0.00	0.60	72.53	17.25	0.00
3	7	0.01	1.81	60.66	13.02	0.00
Core	CPU	C1%	C3%	C6%	C8%	C9%
-	-	0.01	0.67	71.04	17.02	0.00
0	0	0.00	0.60	75.02	13.85	0.00
0	4	0.01	0.79	70.26	20.09	0.00
1	1	0.02	0.45	73.03	16.78	0.00
1	5	0.01	0.36	70.16	20.63	0.00
2	2	0.01	0.49	69.87	20.09	0.00
2	6	0.00	0.39	68.87	21.92	0.00
3	3	0.00	0.49	77.79	12.17	0.00
3	7	0.01	1.76	63.29	10.63	0.00
Core	CPU	C1%	C3%	C6%	C8%	C9%
-	-	0.01	0.81	68.41	18.64	0.00
0	0	0.00	0.56	72.87	15.27	0.00
0	4	0.01	0.95	67.99	21.84	0.00
1	1	0.00	0.55	72.97	16.95	0.00
1	5	0.00	0.29	68.46	22.14	0.00
2	2	0.01	0.48	67.46	22.52	0.00
2	6	0.00	0.24	66.17	24.25	0.00
3	3	0.00	0.56	73.85	15.33	0.00
3	7	0.01	2.89	57.41	10.82	0.00
Core	CPU	C1%	C3%	C6%	C8%	C9%
-	-	0.01	0.67	70.49	17.54	0.00
0	0	0.00	0.53	76.52	12.42	0.00
0	4	0.00	0.67	70.99	19.50	0.00
1	1	0.01	0.54	73.98	15.77	0.00
1	5	0.01	0.25	71.04	19.82	0.00
2	2	0.01	0.39	68.19	21.82	0.00
2	6	0.01	0.45	67.17	23.58	0.00
3	3	0.01	0.53	75.17	14.83	0.00
3	7	0.01	2.00	61.02	12.64	0.00
Core	CPU	C1%	C3%	C6%	C8%	C9%
-	-	0.01	0.92	70.93	16.67	0.00
0	0	0.00	0.53	76.60	11.90	0.00
0	4	0.01	0.66	70.61	19.35	0.00
1	1	0.01	0.47	73.75	15.85	0.00
1	5	0.01	0.34	69.93	20.77	0.00
2	2	0.01	0.50	69.91	20.12	0.00
2	6	0.00	1.34	68.60	20.64	0.00
3	3	0.00	0.44	75.71	13.62	0.00
3	7	0.01	3.09	61.71	10.98	0.00
Core	CPU	C1%	C3%	C6%	C8%	C9%
-	-	0.01	0.82	68.03	19.21	0.00
0	0	0.00	0.50	73.85	14.40	0.00
0	4	0.00	0.57	71.86	18.11	0.00
1	1	0.01	0.50	68.64	20.76	0.00
1	5	0.01	0.21	68.51	21.90	0.00
2	2	0.00	0.50	65.07	24.18	0.00
2	6	0.01	1.98	67.00	21.90	0.00
3	3	0.00	0.50	70.23	19.54	0.00
3	7	0.01	1.81	59.68	13.05	0.00
Core	CPU	C1%	C3%	C6%	C8%	C9%
-	-	0.00	0.67	70.04	18.02	0.00
0	0	0.00	0.60	73.72	15.15	0.00
0	4	0.00	0.66	71.00	19.55	0.00
1	1	0.01	0.52	72.92	16.78	0.00
1	5	0.00	0.29	69.29	21.61	0.00
2	2	0.00	0.48	67.58	22.28	0.00
2	6	0.00	0.51	67.54	22.38	0.00
3	3	0.00	0.54	74.97	15.01	0.00
3	7	0.01	1.75	62.75	11.25	0.00
Core	CPU	C1%	C3%	C6%	C8%	C9%
-	-	0.00	0.86	70.03	17.76	0.00
0	0	0.00	0.68	76.50	12.30	0.00
0	4	0.00	0.61	73.34	17.14	0.00
1	1	0.01	0.48	70.48	19.39	0.00
1	5	0.01	0.25	70.58	20.34	0.00
2	2	0.01	1.30	67.19	21.77	0.00
2	6	0.00	0.44	68.17	22.53	0.00
3	3	0.00	0.54	73.93	16.06	0.00
3	7	0.01	2.56	60.37	12.63	0.00
Core	CPU	C1%	C3%	C6%	C8%	C9%
-	-	0.01	0.65	69.61	18.38	0.00
0	0	0.00	0.53	74.60	14.26	0.00
0	4	0.00	0.67	71.47	18.98	0.00
1	1	0.01	0.43	72.42	17.34	0.00
1	5	0.01	0.29	69.27	21.45	0.00
2	2	0.01	0.49	64.68	25.25	0.00
2	6	0.01	0.42	67.52	23.17	0.00
3	3	0.01	0.54	75.07	14.91	0.00
3	7	0.01	1.83	62.09	11.77	0.00
Core	CPU	C1%	C3%	C6%	C8%	C9%
-	-	0.00	0.97	67.71	18.26	0.06
0	0	0.00	0.69	74.16	12.66	0.00
0	4	0.00	0.59	70.34	18.33	0.00
1	1	0.01	0.48	69.03	19.05	0.00
1	5	0.01	0.25	68.54	20.10	0.00
2	2	0.01	0.54	65.38	22.93	0.00
2	6	0.00	2.29	65.95	21.29	0.46
3	3	0.00	0.56	69.93	17.93	0.00
3	7	0.00	2.38	57.91	13.65	0.00
Core	CPU	C1%	C3%	C6%	C8%	C9%
-	-	0.01	0.69	70.99	17.04	0.00
0	0	0.00	0.49	74.82	14.03	0.00
0	4	0.00	0.75	69.18	21.28	0.00
1	1	0.01	0.42	72.67	17.30	0.00
1	5	0.01	0.40	70.43	20.39	0.00
2	2	0.00	0.46	71.06	18.82	0.00
2	6	0.00	0.53	69.18	21.42	0.00
3	3	0.00	0.57	77.84	12.12	0.00
3	7	0.02	1.85	62.93	10.96	0.00
Core	CPU	C1%	C3%	C6%	C8%	C9%
-	-	0.00	0.80	70.33	17.63	0.00
0	0	0.00	0.58	75.96	12.78	0.00
0	4	0.00	0.57	71.33	19.21	0.00
1	1	0.01	0.53	72.52	17.30	0.00
1	5	0.00	0.26	70.31	20.66	0.00
2	2	0.00	0.46	69.93	20.03	0.00
2	6	0.00	1.06	68.17	21.65	0.00
3	3	0.00	0.59	73.72	16.27	0.00
3	7	0.01	2.36	60.38	13.06	0.00
Core	CPU	C1%	C3%	C6%	C8%	C9%
-	-	0.01	0.67	70.48	17.46	0.00
0	0	0.00	0.59	75.72	13.07	0.00
0	4	0.00	0.62	71.01	19.55	0.00
1	1	0.02	0.44	72.14	17.76	0.00
1	5	0.01	0.29	68.79	22.13	0.00
2	2	0.01	0.38	68.46	21.51	0.00
2	6	0.01	0.55	69.69	20.78	0.00
3	3	0.00	0.55	75.91	14.00	0.00
3	7	0.01	1.97	62.77	11.03	0.00
Core	CPU	C1%	C3%	C6%	C8%	C9%
-	-	0.01	0.66	71.05	17.01	0.00
0	0	0.01	0.40	74.74	14.40	0.00
0	4	0.01	0.68	74.01	16.38	0.00
1	1	0.01	0.41	74.58	15.34	0.00
1	5	0.01	0.30	70.80	20.10	0.00
2	2	0.01	0.57	68.86	20.88	0.00
2	6	0.01	0.48	70.94	19.63	0.00
3	3	0.00	0.53	73.49	16.44	0.00
3	7	0.01	1.87	60.93	12.93	0.00
Core	CPU	C1%	C3%	C6%	C8%	C9%
-	-	0.00	1.01	67.55	18.16	0.00
0	0	0.00	0.64	69.18	17.31	0.00
0	4	0.00	0.65	68.38	19.92	0.00
1	1	0.01	0.50	71.38	15.87	0.00
1	5	0.00	0.38	67.12	21.72	0.00
2	2	0.00	0.45	65.51	22.55	0.00
2	6	0.00	2.19	65.56	21.55	0.00
3	3	0.00	0.50	73.22	14.27	0.00
3	7	0.01	2.76	59.63	11.97	0.00
Core	CPU	C1%	C3%	C6%	C8%	C9%
-	-	0.00	0.70	70.11	17.86	0.00
0	0	0.00	0.53	76.11	12.85	0.00
0	4	0.00	0.58	73.96	16.39	0.00
1	1	0.01	0.46	67.43	22.07	0.00
1	5	0.00	0.27	69.53	21.36	0.00
2	2	0.01	0.42	66.77	23.15	0.00
2	6	0.01	0.58	67.77	22.80	0.00
3	3	0.00	0.59	75.93	13.90	0.00
3	7	0.01	2.16	63.23	10.33	0.00
Core	CPU	C1%	C3%	C6%	C8%	C9%
-	-	0.00	0.66	70.54	17.35	0.00
0	0	0.00	0.56	76.11	12.84	0.00
0	4	0.00	0.63	75.14	15.10	0.00
1	1	0.00	0.50	68.99	20.52	0.00
1	5	0.00	0.27	69.72	21.21	0.00
2	2	0.00	0.49	68.18	21.75	0.00
2	6	0.01	0.52	67.97	22.61	0.00
3	3	0.00	0.50	75.26	14.63	0.00
3	7	0.01	1.84	63.60	10.24	0.00
Core	CPU	C1%	C3%	C6%	C8%	C9%
-	-	0.00	0.87	70.07	17.80	0.00
0	0	0.00	0.57	75.11	13.72	0.00
0	4	0.00	0.61	70.49	20.09	0.00
1	1	0.00	0.62	72.67	17.13	0.00
1	5	0.00	0.38	71.95	18.57	0.00
2	2	0.00	0.40	67.43	22.64	0.00
2	6	0.00	1.32	67.71	22.07	0.00
3	3	0.00	0.59	73.69	16.16	0.00
3	7	0.01	2.50	61.32	11.93	0.00
Core	CPU	C1%	C3%	C6%	C8%	C9%
-	-	0.00	0.68	70.45	17.54	0.00
0	0	0.00	0.55	75.50	13.37	0.00
0	4	0.00	0.68	72.22	18.33	0.00
1	1	0.01	0.48	72.65	17.09	0.00
1	5	0.00	0.34	69.51	21.35	0.00
2	2	0.00	0.43	68.70	21.29	0.00
2	6	0.01	0.49	68.30	22.32	0.00
3	3	0.00	0.57	74.68	15.19	0.00
3	7	0.01	1.89	62.30	11.47	0.00
Core	CPU	C1%	C3%	C6%	C8%	C9%
-	-	0.00	0.96	67.79	18.24	0.00
0	0	0.00	0.64	73.62	13.24	0.00
0	4	0.00	0.57	69.81	18.37	0.00
1	1	0.01	0.44	69.66	18.55	0.00
1	5	0.00	0.23	66.39	21.73	0.00
2	2	0.01	0.47	65.07	23.82	0.00
2	6	0.00	1.39	65.91	21.35	0.00
3	3	0.00	0.55	72.00	16.78	0.00
3	7	0.01	3.41	59.54	12.01	0.00
Core	CPU	C1%	C3%	C6%	C8%	C9%
-	-	0.01	0.65	70.65	17.47	0.00
0	0	0.00	0.53	74.64	14.37	0.00
0	4	0.00	0.67	71.82	18.74	0.00
1	1	0.01	0.43	75.03	14.68	0.00
1	5	0.01	0.28	70.80	20.12	0.00
2	2	0.01	0.57	68.78	21.05	0.00
2	6	0.00	0.36	68.04	22.73	0.00
3	3	0.00	0.58	74.88	15.02	0.00
3	7	0.01	1.79	60.92	12.97	0.00
Core	CPU	C1%	C3%	C6%	C8%	C9%
-	-	0.01	0.70	70.52	17.41	0.00
0	0	0.00	0.53	73.36	15.58	0.00
0	4	0.00	0.68	71.48	18.98	0.00
1	1	0.01	0.50	73.15	16.60	0.00
1	5	0.01	0.33	70.86	19.85	0.00
2	2	0.01	0.51	68.01	21.83	0.00
2	6	0.00	0.46	66.94	23.76	0.00
3	3	0.00	0.60	77.20	12.70	0.00
3	7	0.02	1.97	63.57	10.09	0.00
Core	CPU	C1%	C3%	C6%	C8%	C9%
-	-	0.05	0.79	69.74	18.01	0.00
0	0	0.00	0.56	74.91	14.09	0.00
0	4	0.00	0.62	71.23	19.30	0.00
1	1	0.01	0.48	71.84	17.95	0.00
1	5	0.00	0.32	71.26	19.58	0.00
2	2	0.01	0.43	66.94	22.93	0.00
2	6	0.00	1.15	66.54	23.36	0.00
3	3	0.00	0.51	73.66	15.74	0.00
3	7	0.41	2.22	61.78	11.17	0.00
Core	CPU	C1%	C3%	C6%	C8%	C9%
-	-	0.03	0.65	71.00	17.05	0.00
0	0	0.00	0.54	74.74	14.28	0.00
0	4	0.00	0.64	71.65	18.89	0.00
1	1	0.01	0.54	72.47	17.37	0.00
1	5	0.01	0.33	70.29	20.55	0.00
2	2	0.01	0.48	68.88	21.03	0.00
2	6	0.00	0.39	71.76	18.92	0.00
3	3	0.00	0.46	75.46	14.51	0.00
3	7	0.21	1.80	62.76	10.86	0.00
Core	CPU	C1%	C3%	C6%	C8%	C9%
-	-	0.06	1.04	66.68	18.49	0.00
0	0	0.00	0.46	70.95	16.24	0.00
0	4	0.00	0.69	66.05	22.36	0.00
1	1	0.00	0.61	71.23	16.69	0.00
1	5	0.00	0.33	65.17	23.59	0.00
2	2	0.01	0.47	64.47	23.14	0.00
2	6	0.00	2.50	63.72	23.72	0.00
3	3	0.01	0.48	73.39	13.42	0.00
3	7	0.43	2.74	58.31	8.72	0.00
Core	CPU	C1%	C3%	C6%	C8%	C9%
-	-	0.00	0.72	69.99	17.99	0.00
0	0	0.00	0.63	74.73	14.05	0.00
0	4	0.00	0.76	69.93	20.56	0.00
1	1	0.00	0.53	72.96	16.81	0.00
1	5	0.00	0.31	69.80	20.95	0.00
2	2	0.00	0.41	67.89	22.11	0.00
2	6	0.00	0.43	67.54	23.18	0.00
3	3	0.00	0.54	75.82	14.19	0.00
3	7	0.00	2.15	61.39	12.15	0.00
Core	CPU	C1%	C3%	C6%	C8%	C9%
-	-	0.00	0.78	69.95	18.04	0.04
0	0	0.00	0.65	78.00	10.74	0.00
0	4	0.00	0.67	71.00	19.65	0.00
1	1	0.00	0.44	70.92	19.05	0.00
1	5	0.00	0.27	69.82	21.21	0.00
2	2	0.01	0.45	67.61	22.07	0.00
2	6	0.01	0.77	68.01	21.95	0.29
3	3	0.00	0.59	73.53	16.45	0.00
3	7	0.01	2.44	60.17	13.07	0.00
Core	CPU	C1%	C3%	C6%	C8%	C9%
-	-	0.01	0.66	70.89	17.05	0.00
0	0	0.00	0.45	75.06	13.95	0.00
0	4	0.00	0.71	70.80	19.63	0.00
1	1	0.01	0.56	71.51	18.35	0.00
1	5	0.01	0.31	66.28	24.44	0.00
2	2	0.01	0.51	70.01	19.76	0.00
2	6	0.00	0.52	70.28	20.29	0.00
3	3	0.00	0.39	78.68	11.40	0.00
3	7	0.01	1.86	65.10	8.73	0.00
Core	CPU	C1%	C3%	C6%	C8%	C9%
-	-	0.01	0.68	70.52	17.53	0.00
0	0	0.00	0.60	76.56	12.45	0.00
0	4	0.00	0.66	71.77	18.80	0.00
1	1	0.01	0.44	70.66	19.27	0.00
1	5	0.00	0.22	69.28	21.69	0.00
2	2	0.01	0.46	69.77	20.02	0.00
2	6	0.00	0.52	68.29	22.28	0.00
3	3	0.00	0.51	76.74	13.21	0.00
3	7	0.01	2.02	61.17	12.50	0.00
Core	CPU	C1%	C3%	C6%	C8%	C9%
-	-	0.01	1.32	67.75	19.15	0.00
0	0	0.00	0.50	74.48	14.41	0.00
0	4	0.00	0.55	72.14	17.36	0.00
1	1	0.02	0.49	66.10	22.05	0.00
1	5	0.01	0.26	65.40	24.63	0.00
2	2	0.00	0.39	66.63	22.93	0.00
2	6	0.00	3.76	67.25	19.64	0.00
3	3	0.00	0.50	70.92	19.25	0.00
3	7	0.02	4.06	58.70	12.84	0.00
Core	CPU	C1%	C3%	C6%	C8%	C9%
-	-	0.00	0.72	70.53	17.49	0.00
0	0	0.00	0.59	77.63	11.12	0.00
0	4	0.00	0.62	71.97	18.48	0.00
1	1	0.01	0.46	69.83	20.11	0.00
1	5	0.00	0.25	69.64	21.31	0.00
2	2	0.00	0.46	69.75	20.14	0.00
2	6	0.00	0.54	69.56	21.00	0.00
3	3	0.00	0.63	74.78	15.09	0.00
3	7	0.01	2.17	60.91	12.65	0.00
Core	CPU	C1%	C3%	C6%	C8%	C9%
-	-	0.00	0.82	69.83	17.69	0.00
0	0	0.00	0.58	75.71	13.26	0.00
0	4	0.00	0.61	72.17	17.13	0.00
1	1	0.01	0.44	70.70	19.15	0.00
1	5	0.01	0.27	67.73	23.20	0.00
2	2	0.00	0.52	69.31	20.61	0.00
2	6	0.01	0.52	69.26	21.38	0.00
3	3	0.00	1.25	71.46	16.39	0.00
3	7	0.01	2.37	62.82	10.52	0.00
Core	CPU	C1%	C3%	C6%	C8%	C9%
-	-	0.00	0.68	71.03	17.00	0.00
0	0	0.00	0.59	75.40	13.42	0.00
0	4	0.01	0.58	72.05	18.50	0.00
1	1	0.00	0.38	74.72	15.14	0.00
1	5	0.01	0.33	71.61	19.28	0.00
2	2	0.00	0.55	69.31	20.51	0.00
2	6	0.00	0.55	69.96	20.59	0.00
3	3	0.00	0.54	73.97	15.99	0.00
3	7	0.00	1.92	61.23	12.62	0.00
Core	CPU	C1%	C3%	C6%	C8%	C9%
-	-	0.01	0.69	71.52	16.51	0.00
0	0	0.00	0.56	76.21	12.60	0.00
0	4	0.00	0.55	70.47	19.96	0.00
1	1	0.01	0.49	74.10	15.80	0.00
1	5	0.01	0.37	69.83	21.04	0.00
2	2	0.01	0.50	71.55	18.33	0.00
2	6	0.00	0.47	70.50	20.19	0.00
3	3	0.00	0.57	75.90	14.06	0.00
3	7	0.01	2.05	63.63	10.10	0.00
Core	CPU	C1%	C3%	C6%	C8%	C9%
-	-	0.00	1.04	69.46	16.24	0.00
0	0	0.00	0.55	72.67	13.90	0.00
0	4	0.01	0.63	70.99	17.35	0.00
1	1	0.00	0.47	69.21	18.16	0.00
1	5	0.01	0.45	68.18	20.02	0.00
2	2	0.00	0.59	69.33	18.54	0.00
2	6	0.01	2.34	67.58	19.66	0.00
3	3	0.00	0.54	74.44	13.45	0.00
3	7	0.01	2.73	62.76	8.74	0.00
Core	CPU	C1%	C3%	C6%	C8%	C9%
-	-	0.01	0.67	71.03	16.98	0.00
0	0	0.00	0.48	75.01	14.05	0.00
0	4	0.00	0.63	75.99	14.22	0.00
1	1	0.01	0.48	69.49	19.98	0.00
1	5	0.01	0.34	71.27	19.58	0.00
2	2	0.01	0.52	70.41	19.46	0.00
2	6	0.01	0.40	69.41	21.40	0.00
3	3	0.01	0.57	74.87	15.07	0.00
3	7	0.01	1.95	61.73	12.05	0.00
Core	CPU	C1%	C3%	C6%	C8%	C9%
-	-	0.01	0.67	70.89	17.03	0.00
0	0	0.00	0.59	75.86	13.05	0.00
0	4	0.00	0.66	74.53	15.68	0.00
1	1	0.01	0.53	69.87	19.98	0.00
1	5	0.01	0.30	70.62	20.10	0.00
2	2	0.00	0.42	68.09	21.96	0.00
2	6	0.00	0.46	67.79	23.01	0.00
3	3	0.01	0.58	77.36	12.61	0.00
3	7	0.01	1.85	63.55	10.01	0.00
Core	CPU	C1%	C3%	C6%	C8%	C9%
-	-	0.00	0.77	70.27	17.60	0.00
0	0	0.00	0.51	76.19	12.83	0.00
0	4	0.00	0.62	71.05	19.15	0.00
1	1	0.01	0.49	72.55	17.27	0.00
1	5	0.00	0.33	69.93	20.76	0.00
2	2	0.01	0.48	65.93	24.02	0.00
2	6	0.01	0.45	68.79	21.93	0.00
3	3	0.00	1.02	74.53	14.47	0.00
3	7	0.01	2.23	63.14	10.38	0.00
Core	CPU	C1%	C3%	C6%	C8%	C9%
-	-	0.01	0.71	70.60	17.38	0.00
0	0	0.00	0.60	77.98	10.85	0.00
0	4	0.00	0.73	72.25	18.13	0.00
1	1	0.01	0.49	69.42	20.54	0.00
1	5	0.00	0.25	70.88	19.93	0.00
2	2	0.00	0.49	66.38	23.51	0.00
2	6	0.01	0.51	67.91	22.75	0.00
3	3	0.00	0.58	76.82	13.07	0.00
3	7	0.01	2.07	63.32	10.27	0.00
Core	CPU	C1%	C3%	C6%	C8%	C9%
-	-	0.01	0.97	68.43	17.46	0.00
0	0	0.00	0.55	74.70	12.08	0.00
0	4	0.00	0.62	69.23	18.98	0.00
1	1	0.01	0.42	71.57	16.34	0.00
1	5	0.00	0.28	67.85	20.63	0.00
2	2	0.01	0.38	66.05	22.39	0.00
2	6	0.01	1.77	65.51	21.79	0.00
3	3	0.00	0.45	72.66	15.50	0.00
3	7	0.01	3.28	59.52	11.87	0.00
Core	CPU	C1%	C3%	C6%	C8%	C9%
-	-	0.01	0.70	70.55	17.50	0.00
0	0	0.00	0.59	77.88	10.93	0.00
0	4	0.00	0.67	70.94	19.58	0.00
1	1	0.01	0.49	71.37	18.46	0.00
1	5	0.00	0.27	69.52	21.40	0.00
2	2	0.00	0.51	66.90	22.99	0.00
2	6	0.00	0.50	67.06	23.60	0.00
3	3	0.00	0.52	77.88	11.99	0.00
3	7	0.02	2.03	62.67	11.01	0.00
Core	CPU	C1%	C3%	C6%	C8%	C9%
-	-	0.00	0.80	69.80	18.12	0.00
0	0	0.00	0.61	74.14	14.89	0.00
0	4	0.00	0.69	70.02	20.54	0.00
1	1	0.00	0.53	73.23	16.41	0.00
1	5	0.00	0.22	70.31	20.41	0.00
2	2	0.01	0.52	67.01	22.89	0.00
2	6	0.01	1.12	67.52	22.47	0.00
3	3	0.00	0.58	74.57	15.26	0.00
3	7	0.01	2.11	61.45	12.04	0.00
Core	CPU	C1%	C3%	C6%	C8%	C9%
-	-	0.01	0.73	69.77	18.05	0.00
0	0	0.00	0.69	77.27	11.19	0.00
0	4	0.00	0.61	71.69	18.96	0.00
1	1	0.01	0.53	71.92	17.89	0.00
1	5	0.00	0.23	67.55	23.34	0.00
2	2	0.01	0.58	67.83	21.81	0.00
2	6	0.00	0.55	68.25	22.26	0.00
3	3	0.00	0.55	74.29	15.57	0.00
3	7	0.01	2.15	59.69	13.48	0.00
Core	CPU	C1%	C3%	C6%	C8%	C9%
-	-	0.01	0.70	70.91	17.17	0.00
0	0	0.00	0.56	77.80	11.03	0.00
0	4	0.01	0.67	72.53	18.02	0.00
1	1	0.01	0.46	72.33	17.56	0.00
1	5	0.01	0.33	69.55	21.32	0.00
2	2	0.01	0.57	68.58	21.20	0.00
2	6	0.00	0.49	68.61	22.11	0.00
3	3	0.00	0.58	75.20	14.64	0.00
3	7	0.01	1.91	62.35	11.42	0.00
Core	CPU	C1%	C3%	C6%	C8%	C9%
-	-	0.00	1.19	67.85	18.30	0.00
0	0	0.01	0.67	75.07	12.25	0.00
0	4	0.01	0.61	69.64	19.58	0.00
1	1	0.00	0.56	73.31	14.65	0.00
1	5	0.00	0.20	70.33	19.25	0.00
2	2	0.01	0.54	63.62	24.71	0.00
2	6	0.00	2.69	63.91	23.35	0.00
3	3	0.01	0.47	70.83	17.57	0.00
3	7	0.01	3.79	56.39	15.11	0.00
Core	CPU	C1%	C3%	C6%	C8%	C9%
-	-	0.01	0.69	70.89	17.19	0.00
0	0	0.00	0.49	79.57	9.33	0.00
0	4	0.00	0.66	71.49	18.98	0.00
1	1	0.01	0.44	71.20	18.78	0.00
1	5	0.01	0.25	69.39	21.56	0.00
2	2	0.01	0.55	68.87	20.97	0.00
2	6	0.01	0.56	69.66	20.97	0.00
3	3	0.01	0.59	75.33	14.51	0.00
3	7	0.01	1.98	61.37	12.37	0.00
Core	CPU	C1%	C3%	C6%	C8%	C9%
-	-	0.00	0.86	70.23	17.36	0.00
0	0	0.00	0.59	78.93	9.52	0.00
0	4	0.00	0.56	72.15	18.43	0.00
1	1	0.01	0.52	71.10	18.41	0.00
1	5	0.01	0.26	68.03	22.13	0.00
2	2	0.01	0.44	67.90	22.02	0.00
2	6	0.00	1.13	67.54	21.92	0.00
3	3	0.00	0.59	74.82	14.92	0.00
3	7	0.01	2.81	61.36	11.49	0.00
Core	CPU	C1%	C3%	C6%	C8%	C9%
-	-	0.01	0.68	68.47	18.96	0.00
0	0	0.00	0.56	74.00	15.23	0.00
0	4	0.00	0.67	71.95	18.54	0.00
1	1	0.01	0.53	68.66	21.20	0.00
1	5	0.00	0.26	68.36	22.48	0.00
2	2	0.00	0.37	64.88	25.10	0.00
2	6	0.01	0.51	63.93	26.88	0.00
3	3	0.01	0.60	75.82	13.44	0.00
3	7	0.02	1.92	60.52	8.91	0.00
Core	CPU	C1%	C3%	C6%	C8%	C9%
-	-	0.00	0.70	70.37	17.59	0.00
0	0	0.00	0.55	75.51	13.48	0.00
0	4	0.00	0.57	73.14	17.33	0.00
1	1	0.01	0.57	71.65	17.93	0.00
1	5	0.01	0.28	70.43	20.44	0.00
2	2	0.00	0.50	67.61	22.35	0.00
2	6	0.00	0.51	68.48	22.21	0.00
3	3	0.00	0.55	74.80	15.07	0.00
3	7	0.01	2.10	61.58	11.98	0.00
Core	CPU	C1%	C3%	C6%	C8%	C9%
-	-	0.01	1.27	68.15	18.21	0.00
0	0	0.00	0.49	74.26	13.34	0.00
0	4	0.00	0.62	73.89	15.25	0.00
1	1	0.01	0.39	66.23	22.25	0.00
1	5	0.01	0.18	64.92	24.15	0.00
2	2	0.00	0.56	66.18	21.83	0.00
2	6	0.01	3.19	65.85	21.39	0.00
3	3	0.01	0.58	73.04	15.82	0.00
3	7	0.00	4.15	60.16	11.45	0.00
Core	CPU	C1%	C3%	C6%	C8%	C9%
-	-	0.00	0.70	71.12	16.76	0.00
0	0	0.00	0.53	76.67	12.43	0.00
0	4	0.00	0.71	75.14	15.04	0.00
1	1	0.01	0.45	70.00	19.67	0.00
1	5	0.00	0.35	70.65	20.17	0.00
2	2	0.00	0.45	67.46	22.45	0.00
2	6	0.00	0.52	68.37	22.29	0.00
3	3	0.00	0.63	77.15	12.64	0.00
3	7	0.01	1.99	64.09	9.58	0.00
Core	CPU	C1%	C3%	C6%	C8%	C9%
-	-	0.01	0.78	69.91	17.96	0.00
0	0	0.00	0.56	74.41	14.24	0.00
0	4	0.01	0.65	71.09	19.47	0.00
1	1	0.01	0.50	74.08	15.55	0.00
1	5	0.01	0.26	70.24	20.75	0.00
2	2	0.01	0.46	68.90	20.90	0.00
2	6	0.00	0.46	68.83	21.75	0.00
3	3	0.00	1.08	72.50	16.63	0.00
3	7	0.00	2.29	59.05	14.37	0.00
Core	CPU	C1%	C3%	C6%	C8%	C9%
-	-	0.01	0.67	71.01	17.02	0.00
0	0	0.01	0.58	78.82	10.06	0.00
0	4	0.00	0.65	72.25	18.27	0.00
1	1	0.01	0.53	73.66	16.15	0.00
1	5	0.01	0.24	70.84	20.11	0.00
2	2	0.01	0.48	67.89	22.06	0.00
2	6	0.01	0.39	67.96	22.79	0.00
3	3	0.00	0.49	75.68	14.31	0.00
3	7	0.01	1.97	61.25	12.46	0.00
Core	CPU	C1%	C3%	C6%	C8%	C9%
-	-	0.01	0.65	69.61	18.45	0.00
0	0	0.00	0.60	73.72	15.25	0.00
0	4	0.00	0.68	72.45	17.87	0.00
1	1	0.01	0.43	69.56	20.44	0.00
1	5	0.00	0.24	67.36	23.60	0.00
2	2	0.02	0.49	66.87	23.03	0.00
2	6	0.01	0.53	65.99	24.66	0.00
3	3	0.00	0.50	76.85	13.08	0.00
3	7	0.01	1.75	64.11	9.70	0.00
Core	CPU	C1%	C3%	C6%	C8%	C9%
-	-	0.01	1.09	67.19	18.53	0.00
0	0	0.00	0.53	74.36	12.65	0.00
0	4	0.00	0.57	72.12	16.53	0.00
1	1	0.02	0.47	66.92	20.47	0.00
1	5	0.00	0.25	66.31	22.07	0.00
2	2	0.01	0.48	64.31	23.01	0.00
2	6	0.01	2.41	63.85	23.37	0.00
3	3	0.00	0.55	69.78	18.15	0.00
3	7	0.01	3.48	59.58	11.90	0.00
Core	CPU	C1%	C3%	C6%	C8%	C9%
-	-	0.01	0.71	70.56	17.49	0.00
0	0	0.00	0.60	75.53	13.35	0.00
0	4	0.01	0.68	70.87	19.65	0.00
1	1	0.01	0.61	70.21	19.38	0.00
1	5	0.01	0.34	71.44	19.37	0.00
2	2	0.01	0.48	68.41	21.55	0.00
2	6	0.00	0.39	70.40	20.28	0.00
3	3	0.01	0.52	74.85	15.11	0.00
3	7	0.01	2.03	62.40	11.17	0.00
Core	CPU	C1%	C3%	C6%	C8%	C9%
-	-	0.00	0.72	70.61	17.25	0.00
0	0	0.00	0.52	74.60	14.43	0.00
0	4	0.00	0.60	73.71	16.53	0.00
1	1	0.01	0.55	69.85	19.69	0.00
1	5	0.01	0.31	70.95	19.91	0.00
2	2	0.00	0.43	67.68	22.27	0.00
2	6	0.01	0.82	68.90	21.45	0.00
3	3	0.00	0.55	75.86	14.05	0.00
3	7	0.01	1.97	63.97	9.78	0.00
Core	CPU	C1%	C3%	C6%	C8%	C9%
-	-	0.00	0.72	70.59	17.50	0.00
0	0	0.00	0.59	75.03	14.04	0.00
0	4	0.00	0.55	76.03	14.31	0.00
1	1	0.01	0.50	72.19	17.73	0.00
1	5	0.01	0.34	70.50	20.28	0.00
2	2	0.00	0.54	67.38	22.55	0.00
2	6	0.00	0.81	68.07	22.22	0.00
3	3	0.00	0.43	74.06	15.99	0.00
3	7	0.01	2.03	60.82	12.69	0.00
Core	CPU	C1%	C3%	C6%	C8%	C9%
-	-	0.00	0.67	70.97	16.97	0.00
0	0	0.00	0.57	77.47	11.53	0.00
0	4	0.00	0.61	75.84	14.42	0.00
1	1	0.00	0.51	71.39	18.44	0.00
1	5	0.00	0.26	71.91	18.97	0.00
2	2	0.00	0.49	68.73	21.19	0.00
2	6	0.00	0.48	69.19	21.55	0.00
3	3	0.00	0.55	72.82	17.11	0.00
3	7	0.01	1.88	61.05	12.72	0.00
Core	CPU	C1%	C3%	C6%	C8%	C9%
-	-	0.01	1.22	67.80	18.28	0.00
0	0	0.00	0.55	72.83	14.46	0.00
0	4	0.00	0.67	73.20	15.35	0.00
1	1	0.01	0.41	66.57	22.38	0.00
1	5	0.00	0.34	68.25	20.45	0.00
2	2	0.00	0.48	63.06	25.31	0.00
2	6	0.01	2.82	63.64	23.58	0.00
3	3	0.01	0.59	74.29	13.66	0.00
3	7	0.02	3.86	60.30	11.01	0.00
Core	CPU	C1%	C3%	C6%	C8%	C9%
-	-	0.01	0.71	70.58	17.43	0.00
0	0	0.00	0.53	74.21	14.83	0.00
0	4	0.01	0.68	69.53	20.99	0.00
1	1	0.02	0.53	72.65	17.16	0.00
1	5	0.01	0.32	70.07	20.69	0.00
2	2	0.01	0.45	69.77	20.05	0.00
2	6	0.00	0.55	66.99	23.62	0.00
3	3	0.00	0.56	78.05	11.85	0.00
3	7	0.01	2.07	63.36	10.25	0.00
Core	CPU	C1%	C3%	C6%	C8%	C9%
-	-	0.01	0.85	69.81	17.83	0.00
0	0	0.00	0.49	73.43	15.67	0.00
0	4	0.00	0.67	73.97	15.99	0.00
1	1	0.01	0.46	67.89	21.61	0.00
1	5	0.00	0.37	68.55	22.01	0.00
2	2	0.00	0.47	66.82	22.91	0.00
2	6	0.00	1.27	66.23	23.18	0.00
3	3	0.00	0.54	77.23	12.10	0.00
3	7	0.03	2.54	64.16	9.09	0.00
