Core	CPU	C1%	C3%	C6%	C8%	C9%
-	-	0.03	0.29	2.21	2.51	0.00
0	0	0.00	0.00	1.43	0.40	0.00
0	4	0.00	0.14	3.15	2.01	0.00
1	1	0.00	0.05	2.95	2.18	0.00
1	5	0.00	0.26	2.85	1.42	0.00
2	2	0.00	0.00	2.99	2.30	0.00
2	6	0.20	0.05	2.74	2.17	0.00
3	3	0.00	1.82	0.89	0.79	0.00
3	7	0.07	0.01	0.65	8.80	0.00
Core	CPU	C1%	C3%	C6%	C8%	C9%
-	-	0.08	1.84	12.42	7.91	0.22
0	0	0.00	0.21	19.30	4.86	0.00
0	4	0.07	0.42	9.75	4.67	0.00
1	1	0.14	4.83	17.15	4.98	0.00
1	5	0.40	8.05	9.18	3.51	1.78
2	2	0.00	0.46	10.79	11.95	0.01
2	6	0.01	0.47	16.11	6.75	0.00
3	3	0.01	0.14	10.00	19.62	0.00
3	7	0.00	0.11	7.08	6.95	0.00
Core	CPU	C1%	C3%	C6%	C8%	C9%
-	-	0.25	2.66	13.41	14.13	0.00
0	0	0.00	0.31	17.67	16.19	0.00
0	4	0.00	0.25	15.21	19.31	0.00
1	1	0.00	0.15	13.73	14.59	0.00
1	5	1.81	18.42	3.25	0.78	0.00
2	2	0.00	0.27	15.05	13.46	0.00
2	6	0.00	0.20	13.65	13.46	0.00
3	3	0.18	1.40	13.27	17.35	0.00
3	7	0.00	0.26	15.43	17.89	0.00
Core	CPU	C1%	C3%	C6%	C8%	C9%
-	-	0.16	2.40	13.73	13.60	0.00
0	0	0.00	0.19	17.42	14.27	0.00
0	4	0.00	0.10	13.58	13.54	0.00
1	1	0.00	0.08	13.73	14.00	0.00
1	5	0.12	0.06	14.01	13.33	0.00
2	2	0.00	0.16	14.72	18.82	0.00
2	6	0.00	0.17	14.71	19.72	0.00
3	3	1.06	18.28	2.84	0.00	0.00
3	7	0.06	0.19	18.78	15.14	0.00
Core	CPU	C1%	C3%	C6%	C8%	C9%
-	-	0.02	2.81	16.63	18.24	0.09
0	0	0.03	14.38	13.25	3.73	0.00
0	4	0.02	4.13	17.21	14.10	0.00
1	1	0.01	0.41	16.35	16.92	0.01
1	5	0.01	0.13	17.57	16.71	0.00
2	2	0.00	0.17	16.62	22.25	0.00
2	6	0.01	0.17	17.14	27.52	0.00
3	3	0.05	2.86	16.05	16.24	0.72
3	7	0.00	0.22	18.87	28.45	0.00
Core	CPU	C1%	C3%	C6%	C8%	C9%
-	-	0.03	3.76	20.79	24.27	0.01
0	0	0.12	27.60	9.10	0.61	0.00
0	4	0.09	1.24	22.82	23.93	0.00
1	1	0.00	0.21	22.49	33.39	0.00
1	5	0.04	0.21	23.32	35.56	0.00
2	2	0.00	0.24	22.88	21.86	0.00
2	6	0.00	0.22	21.40	28.82	0.06
3	3	0.00	0.18	22.15	23.29	0.00
3	7	0.00	0.27	22.15	26.66	0.00
Core	CPU	C1%	C3%	C6%	C8%	C9%
-	-	0.17	3.60	22.14	22.33	0.00
0	0	0.21	3.76	25.90	12.58	0.00
0	4	0.10	6.50	19.10	15.92	0.00
1	1	0.61	12.51	15.57	16.87	0.00
1	5	0.24	5.11	20.70	32.30	0.00
2	2	0.20	0.25	26.35	26.88	0.00
2	6	0.01	0.31	21.09	19.65	0.00
3	3	0.00	0.26	24.88	27.36	0.00
3	7	0.00	0.24	24.20	27.72	0.00
Core	CPU	C1%	C3%	C6%	C8%	C9%
-	-	0.02	3.66	19.94	23.91	0.06
0	0	0.02	19.73	14.25	7.75	0.00
0	4	0.01	7.46	18.97	16.41	0.00
1	1	0.00	0.20	19.83	34.76	0.00
1	5	0.01	0.19	18.65	42.49	0.00
2	2	0.10	0.28	20.60	22.46	0.46
2	6	0.00	0.16	21.52	22.42	0.00
3	3	0.00	0.20	22.84	23.91	0.00
3	7	0.00	0.93	22.21	20.25	0.00
Core	CPU	C1%	C3%	C6%	C8%	C9%
-	-	0.02	3.53	22.07	23.18	0.01
0	0	0.01	13.95	19.84	12.87	0.00
0	4	0.01	12.30	19.21	15.69	0.00
1	1	0.01	0.22	22.67	28.13	0.00
1	5	0.00	0.14	24.86	41.28	0.00
2	2	0.15	1.11	21.67	17.93	0.00
2	6	0.00	0.20	22.41	20.74	0.04
3	3	0.00	0.19	22.96	25.27	0.00
3	7	0.00	0.16	22.94	23.52	0.00
Core	CPU	C1%	C3%	C6%	C8%	C9%
-	-	0.01	2.09	26.52	24.91	0.01
0	0	0.02	5.38	25.99	12.92	0.00
0	4	0.01	8.82	19.82	7.65	0.00
1	1	0.01	0.34	29.97	33.15	0.00
1	5	0.00	0.31	26.29	25.49	0.00
2	2	0.00	0.37	26.94	35.64	0.00
2	6	0.00	0.19	28.24	24.27	0.05
3	3	0.00	0.17	25.66	29.86	0.00
3	7	0.03	1.16	29.23	30.33	0.01
Core	CPU	C1%	C3%	C6%	C8%	C9%
-	-	0.05	3.87	20.23	22.63	0.01
0	0	0.01	15.74	18.45	7.41	0.00
0	4	0.00	1.22	21.38	27.53	0.00
1	1	0.00	0.12	20.10	26.34	0.00
1	5	0.00	0.09	21.47	29.19	0.00
2	2	0.00	0.90	22.11	22.98	0.00
2	6	0.00	0.17	19.81	21.39	0.12
3	3	0.34	12.45	13.67	11.87	0.00
3	7	0.00	0.25	24.83	34.32	0.00
Core	CPU	C1%	C3%	C6%	C8%	C9%
-	-	0.10	3.50	21.54	23.35	0.07
0	0	0.01	1.32	27.12	12.53	0.00
0	4	0.13	16.07	12.52	10.69	0.00
1	1	0.01	0.22	22.98	26.36	0.00
1	5	0.14	0.18	27.26	23.86	0.00
2	2	0.00	0.22	22.34	27.50	0.00
2	6	0.41	5.52	19.11	42.89	0.06
3	3	0.08	3.15	19.57	22.24	0.52
3	7	0.00	1.32	21.39	20.74	0.00
Core	CPU	C1%	C3%	C6%	C8%	C9%
-	-	0.13	3.79	21.21	20.85	0.09
0	0	0.11	2.57	26.46	17.05	0.10
0	4	0.04	3.66	19.68	35.02	0.00
1	1	0.00	0.95	19.07	16.22	0.14
1	5	0.00	0.17	22.07	17.69	0.00
2	2	0.30	6.92	20.55	16.54	0.46
2	6	0.57	14.02	16.20	10.31	0.01
3	3	0.00	0.98	22.76	29.52	0.00
3	7	0.01	1.05	22.86	24.49	0.00
Core	CPU	C1%	C3%	C6%	C8%	C9%
-	-	0.00	3.67	19.52	23.41	0.00
0	0	0.03	26.42	9.45	1.16	0.00
0	4	0.01	1.85	20.25	25.66	0.00
1	1	0.00	0.15	21.15	23.81	0.00
1	5	0.00	0.13	20.26	32.42	0.00
2	2	0.00	0.19	21.90	24.59	0.00
2	6	0.00	0.10	19.25	30.77	0.00
3	3	0.00	0.22	20.99	25.84	0.00
3	7	0.00	0.32	22.92	23.03	0.00
Core	CPU	C1%	C3%	C6%	C8%	C9%
-	-	0.02	3.07	16.43	19.61	0.00
0	0	0.01	15.35	10.55	4.30	0.00
0	4	0.01	4.31	17.84	20.81	0.00
1	1	0.01	0.20	16.87	29.02	0.00
1	5	0.00	0.11	17.85	17.03	0.00
2	2	0.00	0.93	17.55	19.76	0.00
2	6	0.00	0.13	16.48	29.58	0.00
3	3	0.09	3.31	15.64	17.43	0.00
3	7	0.00	0.24	18.61	18.96	0.00
Core	CPU	C1%	C3%	C6%	C8%	C9%
-	-	0.15	3.62	22.26	22.85	0.24
0	0	0.01	5.87	24.27	18.28	1.40
0	4	0.00	0.82	25.20	21.50	0.49
1	1	0.36	7.49	18.29	15.95	0.06
1	5	0.00	0.21	20.52	42.60	0.00
2	2	0.00	0.23	22.64	23.71	0.00
2	6	0.00	0.22	24.02	25.97	0.00
3	3	0.78	12.72	16.92	10.83	0.00
3	7	0.01	1.44	26.25	24.00	0.00
Core	CPU	C1%	C3%	C6%	C8%	C9%
-	-	0.15	3.80	22.60	22.08	0.14
0	0	0.00	0.40	27.83	21.71	0.00
0	4	0.00	0.25	25.37	22.55	0.00
1	1	0.71	17.31	12.46	9.04	0.00
1	5	0.49	10.44	17.72	17.75	0.00
2	2	0.00	1.12	25.01	31.65	0.81
2	6	0.00	0.24	23.86	19.55	0.05
3	3	0.00	0.31	25.13	32.55	0.00
3	7	0.00	0.30	23.33	21.80	0.27
Core	CPU	C1%	C3%	C6%	C8%	C9%
-	-	0.18	3.87	22.29	23.76	0.17
0	0	0.01	1.47	31.13	39.56	1.39
0	4	0.20	2.62	22.05	23.89	0.00
1	1	0.00	0.18	23.59	23.28	0.00
1	5	1.24	25.67	6.56	2.22	0.00
2	2	0.00	0.26	24.14	26.60	0.00
2	6	0.00	0.18	23.60	30.56	0.00
3	3	0.00	0.21	22.93	21.66	0.00
3	7	0.01	0.37	24.37	22.44	0.00
Core	CPU	C1%	C3%	C6%	C8%	C9%
-	-	0.02	3.99	20.64	21.92	0.02
0	0	0.01	2.33	27.31	15.01	0.00
0	4	0.11	28.43	6.75	0.29	0.18
1	1	0.00	0.18	23.83	21.76	0.00
1	5	0.00	0.18	20.27	19.31	0.00
2	2	0.00	0.20	22.86	25.56	0.00
2	6	0.00	0.19	21.77	31.52	0.01
3	3	0.00	0.16	20.97	36.34	0.00
3	7	0.00	0.23	21.34	25.53	0.00
Core	CPU	C1%	C3%	C6%	C8%	C9%
-	-	0.04	2.73	17.09	17.52	0.38
0	0	0.03	9.51	15.50	7.39	1.01
0	4	0.19	9.43	13.60	8.95	0.00
1	1	0.01	0.36	18.52	25.19	0.00
1	5	0.00	0.14	18.21	17.52	0.00
2	2	0.12	0.13	16.58	16.63	0.00
2	6	0.00	0.13	19.62	20.21	0.05
3	3	0.00	0.16	16.34	24.49	0.00
3	7	0.00	2.01	18.38	19.81	1.98
Core	CPU	C1%	C3%	C6%	C8%	C9%
-	-	0.01	3.63	20.61	24.22	0.19
0	0	0.01	27.71	6.83	0.12	0.07
0	4	0.00	0.20	23.06	29.54	0.00
1	1	0.00	0.24	24.26	34.16	0.00
1	5	0.00	0.18	20.38	31.57	1.43
2	2	0.10	0.16	21.29	18.85	0.00
2	6	0.00	0.21	23.86	25.78	0.00
3	3	0.00	0.13	21.53	25.69	0.00
3	7	0.00	0.17	23.68	28.02	0.00
Core	CPU	C1%	C3%	C6%	C8%	C9%
-	-	0.05	3.65	21.49	24.25	0.03
0	0	0.01	25.37	10.99	1.50	0.00
0	4	0.01	1.41	24.12	24.41	0.00
1	1	0.00	0.22	24.74	37.27	0.00
1	5	0.13	0.20	21.59	22.33	0.24
2	2	0.00	0.23	23.32	30.14	0.00
2	6	0.13	0.17	22.23	23.69	0.00
3	3	0.06	1.36	22.22	30.36	0.00
3	7	0.00	0.23	22.73	24.31	0.02
Core	CPU	C1%	C3%	C6%	C8%	C9%
-	-	0.04	3.80	22.84	22.88	0.02
0	0	0.03	10.18	22.23	15.24	0.00
0	4	0.00	5.36	24.37	27.38	0.00
1	1	0.05	6.91	20.00	24.07	0.00
1	5	0.21	5.80	20.26	14.74	0.01
2	2	0.00	0.19	23.06	21.12	0.14
2	6	0.04	0.23	24.83	23.59	0.00
3	3	0.01	0.17	23.86	27.78	0.00
3	7	0.01	1.60	24.29	29.29	0.00
Core	CPU	C1%	C3%	C6%	C8%	C9%
-	-	0.13	3.58	21.60	21.85	0.00
0	0	0.00	0.33	26.12	19.23	0.02
0	4	0.00	0.22	23.25	28.64	0.00
1	1	0.55	13.91	15.53	9.63	0.00
1	5	0.25	3.06	21.06	21.56	0.00
2	2	0.00	0.20	22.42	24.57	0.00
2	6	0.00	0.24	20.71	17.34	0.00
3	3	0.21	9.15	19.42	22.48	0.00
3	7	0.00	1.49	24.12	31.22	0.00
Core	CPU	C1%	C3%	C6%	C8%	C9%
-	-	0.04	2.71	16.28	16.24	0.02
0	0	0.04	8.44	16.13	9.04	0.00
0	4	0.10	3.20	16.86	25.03	0.00
1	1	0.00	0.21	17.81	15.03	0.10
1	5	0.00	0.14	16.05	21.62	0.00
2	2	0.00	0.07	16.09	14.12	0.00
2	6	0.00	0.08	15.93	16.38	0.05
3	3	0.15	7.52	12.22	10.62	0.00
3	7	0.00	2.01	19.14	18.05	0.00
Core	CPU	C1%	C3%	C6%	C8%	C9%
-	-	0.08	3.74	20.67	22.34	0.18
0	0	0.13	20.07	11.64	2.90	1.41
0	4	0.00	0.16	22.55	36.82	0.00
1	1	0.08	3.13	20.84	20.31	0.00
1	5	0.36	5.46	19.25	17.12	0.00
2	2	0.00	0.24	22.44	19.92	0.00
2	6	0.03	0.29	23.06	28.12	0.06
3	3	0.00	0.20	22.52	27.55	0.00
3	7	0.00	0.32	23.06	26.00	0.00
Core	CPU	C1%	C3%	C6%	C8%	C9%
-	-	0.11	3.44	22.72	23.64	0.22
0	0	0.01	3.87	29.34	20.19	1.38
0	4	0.01	3.26	21.73	20.77	0.33
1	1	0.45	4.46	19.13	20.06	0.00
1	5	0.00	0.14	23.86	34.94	0.00
2	2	0.37	15.38	14.00	11.86	0.00
2	6	0.00	0.13	25.53	26.01	0.05
3	3	0.00	0.14	23.95	28.75	0.00
3	7	0.01	0.14	24.21	26.55	0.00
Core	CPU	C1%	C3%	C6%	C8%	C9%
-	-	0.08	4.01	21.06	22.85	0.01
0	0	0.02	15.87	18.17	8.92	0.00
0	4	0.01	1.33	24.36	27.30	0.00
1	1	0.35	9.51	16.13	13.26	0.06
1	5	0.23	3.35	22.33	21.03	0.00
2	2	0.00	1.67	23.01	19.68	0.00
2	6	0.01	0.08	22.61	36.87	0.00
3	3	0.00	0.11	19.75	26.08	0.00
3	7	0.01	0.16	22.10	29.66	0.00
Core	CPU	C1%	C3%	C6%	C8%	C9%
-	-	0.05	3.53	21.90	24.48	0.07
0	0	0.01	12.92	19.46	9.19	0.12
0	4	0.00	0.16	22.75	38.45	0.00
1	1	0.00	2.98	22.41	32.22	0.00
1	5	0.01	1.17	23.06	23.21	0.00
2	2	0.10	0.15	22.72	26.93	0.00
2	6	0.00	0.21	21.19	23.67	0.00
3	3	0.31	9.29	18.50	18.91	0.47
3	7	0.00	1.33	25.10	23.27	0.00
Core	CPU	C1%	C3%	C6%	C8%	C9%
-	-	0.02	2.75	15.93	15.31	0.00
0	0	0.00	3.04	20.17	19.31	0.00
0	4	0.03	17.86	6.51	4.19	0.00
1	1	0.00	0.38	16.22	15.84	0.00
1	5	0.00	0.20	17.49	13.83	0.00
2	2	0.01	0.14	16.72	14.94	0.00
2	6	0.08	0.18	18.21	23.94	0.00
3	3	0.00	0.10	16.53	14.64	0.00
3	7	0.00	0.10	15.60	15.77	0.00
Core	CPU	C1%	C3%	C6%	C8%	C9%
-	-	0.07	3.72	20.69	22.84	0.00
0	0	0.01	0.14	26.29	15.02	0.00
0	4	0.02	11.87	16.34	9.17	0.00
1	1	0.31	9.04	18.71	23.44	0.00
1	5	0.02	1.73	20.81	25.33	0.00
2	2	0.19	6.73	18.43	16.23	0.00
2	6	0.00	0.05	20.50	41.69	0.00
3	3	0.00	0.11	20.98	25.74	0.00
3	7	0.00	0.14	23.58	26.21	0.00
Core	CPU	C1%	C3%	C6%	C8%	C9%
-	-	0.05	3.24	22.08	24.76	0.00
0	0	0.01	10.94	20.48	13.16	0.00
0	4	0.00	5.27	22.55	21.94	0.00
1	1	0.01	0.22	22.54	40.19	0.00
1	5	0.03	0.22	23.02	28.37	0.00
2	2	0.01	3.00	21.99	25.58	0.00
2	6	0.35	5.92	17.99	23.08	0.00
3	3	0.00	0.19	23.69	24.13	0.00
3	7	0.01	0.20	24.51	21.85	0.00
Core	CPU	C1%	C3%	C6%	C8%	C9%
-	-	0.06	3.73	22.03	21.67	0.24
0	0	0.01	11.99	21.26	12.09	0.00
0	4	0.01	11.70	16.73	13.02	0.00
1	1	0.00	0.26	22.41	35.26	0.00
1	5	0.00	0.14	22.82	29.65	0.00
2	2	0.00	0.15	25.11	27.21	1.41
2	6	0.31	4.05	20.81	16.19	0.00
3	3	0.00	0.21	23.59	18.47	0.42
3	7	0.12	1.30	23.37	21.28	0.13
Core	CPU	C1%	C3%	C6%	C8%	C9%
-	-	0.16	3.68	21.25	22.17	0.52
0	0	0.00	0.22	25.89	11.04	4.18
0	4	0.00	0.14	21.80	22.25	0.00
1	1	0.32	6.37	18.79	32.09	0.00
1	5	0.22	4.52	19.44	27.27	0.00
2	2	0.31	11.73	15.61	14.42	0.00
2	6	0.45	5.20	21.63	18.34	0.00
3	3	0.00	1.04	22.76	30.52	0.00
3	7	0.01	0.23	23.87	21.28	0.00
Core	CPU	C1%	C3%	C6%	C8%	C9%
-	-	0.07	2.64	16.25	16.51	0.31
0	0	0.00	2.59	18.65	13.76	0.00
0	4	0.00	0.18	19.12	13.96	0.00
1	1	0.00	1.21	18.50	25.43	2.46
1	5	0.10	0.15	17.32	18.05	0.00
2	2	0.00	0.09	13.14	19.99	0.00
2	6	0.00	0.13	15.34	20.54	0.00
3	3	0.38	15.79	8.26	2.90	0.00
3	7	0.05	1.01	19.68	17.49	0.00
Core	CPU	C1%	C3%	C6%	C8%	C9%
-	-	0.04	3.91	20.97	23.54	0.00
0	0	0.01	26.58	10.20	0.77	0.00
0	4	0.08	3.57	24.34	23.99	0.00
1	1	0.00	0.17	23.06	29.57	0.00
1	5	0.01	0.21	20.32	31.35	0.00
2	2	0.01	0.18	20.46	21.45	0.00
2	6	0.01	0.14	22.03	36.86	0.00
3	3	0.20	0.20	23.81	22.47	0.00
3	7	0.00	0.25	23.53	21.89	0.00
Core	CPU	C1%	C3%	C6%	C8%	C9%
-	-	0.12	3.29	23.38	25.19	0.18
0	0	0.00	0.36	31.41	25.04	0.00
0	4	0.00	0.09	24.42	27.44	0.00
1	1	0.16	0.18	24.48	25.51	0.00
1	5	0.01	2.23	22.86	22.06	1.41
2	2	0.00	0.91	23.92	35.33	0.00
2	6	0.20	1.35	23.11	35.44	0.00
3	3	0.61	19.75	10.60	4.51	0.00
3	7	0.00	1.42	26.54	26.51	0.00
Core	CPU	C1%	C3%	C6%	C8%	C9%
-	-	0.10	3.52	20.95	25.15	0.13
0	0	0.02	24.11	10.90	0.49	0.00
0	4	0.00	1.89	22.62	21.67	0.00
1	1	0.00	0.18	21.51	23.55	0.00
1	5	0.00	0.22	21.75	28.08	0.00
2	2	0.00	0.32	22.08	25.13	1.01
2	6	0.00	0.16	22.59	32.59	0.00
3	3	0.79	0.16	21.16	36.06	0.00
3	7	0.00	1.03	24.79	33.44	0.00
Core	CPU	C1%	C3%	C6%	C8%	C9%
-	-	0.00	3.65	20.93	23.94	0.00
0	0	0.01	13.24	20.90	4.42	0.00
0	4	0.02	14.88	18.89	11.35	0.00
1	1	0.00	0.19	22.80	28.30	0.00
1	5	0.00	0.19	22.61	23.98	0.00
2	2	0.00	0.14	21.53	25.96	0.00
2	6	0.00	0.15	22.88	28.30	0.00
3	3	0.00	0.23	20.00	37.52	0.00
3	7	0.00	0.19	17.85	31.67	0.00
Core	CPU	C1%	C3%	C6%	C8%	C9%
-	-	0.01	2.58	14.05	17.45	0.24
0	0	0.01	16.56	9.61	2.38	0.00
0	4	0.01	2.76	13.38	16.54	0.00
1	1	0.00	0.81	16.68	20.35	1.40
1	5	0.00	0.08	15.64	26.33	0.00
2	2	0.00	0.05	16.55	19.42	0.50
2	6	0.00	0.08	15.50	20.02	0.00
3	3	0.00	0.07	12.03	18.52	0.00
3	7	0.08	0.24	13.01	16.06	0.00
Core	CPU	C1%	C3%	C6%	C8%	C9%
-	-	0.06	4.00	20.46	21.17	0.54
0	0	0.00	1.33	28.15	9.89	2.76
0	4	0.01	16.29	16.06	19.76	0.00
1	1	0.00	0.24	22.97	25.65	0.00
1	5	0.00	0.20	20.47	19.00	1.44
2	2	0.50	13.21	13.81	14.43	0.10
2	6	0.00	0.16	21.16	28.47	0.00
3	3	0.00	0.18	19.86	29.22	0.00
3	7	0.00	0.42	21.27	23.00	0.00
Core	CPU	C1%	C3%	C6%	C8%	C9%
-	-	0.17	3.47	20.94	21.09	0.32
0	0	0.01	0.42	26.70	19.51	1.47
0	4	0.00	0.26	22.03	28.00	0.00
1	1	0.01	0.16	20.25	21.42	0.00
1	5	0.00	0.14	21.00	18.93	0.00
2	2	0.44	10.10	16.11	14.29	0.00
2	6	0.90	16.00	12.17	9.18	0.00
3	3	0.00	0.29	23.71	24.89	0.00
3	7	0.00	0.38	25.60	32.50	1.12
Core	CPU	C1%	C3%	C6%	C8%	C9%
-	-	0.06	3.70	21.32	21.64	0.00
0	0	0.00	4.50	26.88	9.66	0.00
0	4	0.13	24.14	10.49	4.18	0.00
1	1	0.00	0.14	21.09	18.47	0.00
1	5	0.12	0.15	21.52	36.93	0.00
2	2	0.12	0.11	23.13	20.87	0.00
2	6	0.11	0.06	21.00	24.18	0.00
3	3	0.01	0.19	22.15	39.38	0.00
3	7	0.01	0.29	24.28	19.41	0.00
Core	CPU	C1%	C3%	C6%	C8%	C9%
-	-	0.12	3.75	21.43	24.45	0.19
0	0	0.00	0.35	26.60	26.77	1.39
0	4	0.00	0.05	26.12	24.84	0.00
1	1	0.00	0.87	19.91	24.24	0.00
1	5	0.00	0.12	22.35	27.25	0.00
2	2	0.00	0.14	22.82	27.07	0.00
2	6	0.00	0.17	21.27	35.51	0.00
3	3	0.92	27.33	6.57	0.49	0.07
3	7	0.00	0.99	25.74	29.33	0.02
Core	CPU	C1%	C3%	C6%	C8%	C9%
-	-	0.08	1.79	25.32	25.18	0.03
0	0	0.01	3.85	25.39	16.74	0.00
0	4	0.14	2.19	21.41	15.10	0.00
1	1	0.00	0.20	25.44	28.47	0.00
1	5	0.00	0.20	26.47	36.24	0.00
2	2	0.31	4.57	22.44	18.95	0.00
2	6	0.09	1.33	26.67	29.75	0.22
3	3	0.09	0.35	28.34	27.03	0.00
3	7	0.01	1.65	26.76	29.53	0.00
Core	CPU	C1%	C3%	C6%	C8%	C9%
-	-	0.04	3.59	23.23	24.44	0.15
0	0	0.03	15.61	18.55	11.47	0.00
0	4	0.00	0.32	25.62	28.59	0.00
1	1	0.01	0.30	23.78	26.71	0.00
1	5	0.01	0.26	26.78	26.97	0.00
2	2	0.16	5.83	18.66	17.25	0.00
2	6	0.11	5.84	23.55	17.95	1.20
3	3	0.01	0.23	23.78	31.61	0.00
3	7	0.01	0.25	24.75	34.61	0.00
Core	CPU	C1%	C3%	C6%	C8%	C9%
-	-	0.17	3.49	21.35	23.45	0.00
0	0	0.01	1.64	27.09	32.51	0.01
0	4	0.00	1.27	24.44	25.93	0.00
1	1	0.00	0.49	22.07	24.41	0.00
1	5	0.00	0.20	23.45	22.64	0.00
2	2	0.18	2.38	19.14	21.70	0.00
2	6	1.16	21.55	8.67	6.90	0.00
3	3	0.00	0.17	21.63	24.56	0.00
3	7	0.00	0.25	24.28	28.92	0.00
Core	CPU	C1%	C3%	C6%	C8%	C9%
-	-	0.23	3.58	21.82	21.41	0.07
0	0	0.19	0.41	28.20	28.34	0.00
0	4	0.01	0.19	23.90	29.65	0.00
1	1	0.00	0.19	23.79	23.61	0.00
1	5	0.00	0.26	22.59	20.71	0.00
2	2	1.60	26.80	4.88	0.40	0.39
2	6	0.07	0.28	23.64	25.03	0.00
3	3	0.00	0.30	23.17	22.06	0.00
3	7	0.00	0.23	24.37	21.48	0.20
Core	CPU	C1%	C3%	C6%	C8%	C9%
-	-	0.11	3.82	21.13	21.62	0.23
0	0	0.00	8.20	22.13	12.59	1.40
0	4	0.00	2.19	21.88	34.10	0.35
1	1	0.00	0.10	20.88	17.64	0.00
1	5	0.00	0.18	21.29	20.63	0.00
2	2	0.16	4.05	20.89	18.62	0.00
2	6	0.58	14.17	14.76	10.06	0.00
3	3	0.10	0.26	24.94	34.17	0.00
3	7	0.00	1.38	22.26	25.21	0.09
Core	CPU	C1%	C3%	C6%	C8%	C9%
-	-	0.05	1.92	25.80	25.43	0.01
0	0	0.01	0.58	32.41	26.67	0.00
0	4	0.14	9.95	11.12	4.29	0.00
1	1	0.22	3.55	24.36	30.58	0.00
1	5	0.00	0.27	26.11	29.80	0.00
2	2	0.00	0.25	29.47	26.08	0.00
2	6	0.00	0.27	27.49	21.19	0.06
3	3	0.00	0.28	29.96	37.90	0.00
3	7	0.00	0.25	25.75	27.18	0.02
Core	CPU	C1%	C3%	C6%	C8%	C9%
-	-	0.12	3.84	21.34	21.15	0.00
0	0	0.00	5.82	24.03	10.28	0.00
0	4	0.01	0.29	21.65	19.20	0.00
1	1	0.00	2.09	21.87	24.09	0.00
1	5	0.95	20.32	11.01	6.05	0.00
2	2	0.01	0.22	26.40	32.11	0.00
2	6	0.00	0.24	20.08	21.49	0.00
3	3	0.00	0.31	20.29	22.37	0.00
3	7	0.01	1.40	25.11	33.35	0.00
Core	CPU	C1%	C3%	C6%	C8%	C9%
-	-	0.04	3.39	21.93	22.85	0.05
0	0	0.13	16.08	17.06	5.94	0.00
0	4	0.00	1.26	22.83	23.06	0.00
1	1	0.01	1.15	21.11	40.08	0.15
1	5	0.01	0.13	21.78	20.40	0.00
2	2	0.11	2.35	21.55	29.68	0.00
2	6	0.00	0.09	21.78	23.49	0.00
3	3	0.08	4.73	22.28	17.70	0.23
3	7	0.01	1.42	27.17	22.57	0.00
Core	CPU	C1%	C3%	C6%	C8%	C9%
-	-	0.07	3.46	21.30	23.69	0.06
0	0	0.00	8.25	21.42	13.00	0.00
0	4	0.00	0.18	24.64	25.67	0.00
1	1	0.54	16.91	10.88	15.52	0.47
1	5	0.00	0.30	24.07	23.02	0.00
2	2	0.00	0.27	21.75	28.18	0.00
2	6	0.01	0.24	23.20	21.27	0.00
3	3	0.00	0.25	22.04	36.13	0.00
3	7	0.00	1.30	22.28	26.57	0.00
Core	CPU	C1%	C3%	C6%	C8%	C9%
-	-	0.05	3.44	20.34	23.32	0.06
0	0	0.02	11.14	18.38	9.31	0.00
0	4	0.01	4.34	18.24	18.16	0.50
1	1	0.00	0.14	19.87	23.96	0.00
1	5	0.00	0.13	21.55	30.73	0.00
2	2	0.00	0.19	22.58	27.13	0.00
2	6	0.00	0.14	22.20	22.81	0.00
3	3	0.39	11.28	15.33	26.68	0.00
3	7	0.00	0.22	24.69	27.92	0.00
Core	CPU	C1%	C3%	C6%	C8%	C9%
-	-	0.08	2.64	16.47	13.56	0.17
0	0	0.00	0.23	20.28	6.74	0.00
0	4	0.00	2.42	17.01	15.03	0.00
1	1	0.00	0.14	16.37	15.07	1.32
1	5	0.00	0.13	17.52	15.91	0.00
2	2	0.00	0.19	18.37	16.63	0.00
2	6	0.00	0.17	17.81	17.68	0.00
3	3	0.63	17.64	5.14	0.96	0.00
3	7	0.00	0.22	19.13	20.41	0.00
Core	CPU	C1%	C3%	C6%	C8%	C9%
-	-	0.21	3.58	20.56	22.66	0.00
0	0	0.30	0.33	28.75	22.82	0.00
0	4	0.01	0.09	21.75	19.06	0.00
1	1	0.01	0.13	21.49	19.67	0.00
1	5	0.00	0.12	21.99	40.58	0.00
2	2	0.16	4.01	18.29	20.61	0.00
2	6	1.19	23.60	8.10	5.96	0.00
3	3	0.00	0.16	22.17	25.86	0.00
3	7	0.00	0.19	21.94	26.72	0.00
Core	CPU	C1%	C3%	C6%	C8%	C9%
-	-	0.12	3.41	21.55	21.50	0.05
0	0	0.03	5.11	25.00	9.05	0.14
0	4	0.00	1.85	21.10	15.72	0.00
1	1	0.00	0.11	19.87	20.04	0.00
1	5	0.00	0.13	23.12	20.57	0.00
2	2	0.30	2.51	22.69	24.33	0.00
2	6	0.32	6.83	17.49	38.10	0.00
3	3	0.31	9.34	19.43	18.30	0.00
3	7	0.00	1.41	23.69	25.90	0.27
Core	CPU	C1%	C3%	C6%	C8%	C9%
-	-	0.07	3.82	21.87	22.68	0.00
0	0	0.00	6.61	23.90	10.84	0.00
0	4	0.00	4.66	20.67	21.96	0.00
1	1	0.00	0.11	22.31	28.14	0.00
1	5	0.00	0.14	22.65	31.18	0.00
2	2	0.48	15.22	15.65	13.86	0.00
2	6	0.00	0.17	24.16	25.05	0.00
3	3	0.05	2.32	22.12	25.92	0.00
3	7	0.00	1.34	23.46	24.49	0.00
Core	CPU	C1%	C3%	C6%	C8%	C9%
-	-	0.10	3.80	21.95	22.07	0.02
0	0	0.01	9.18	22.00	11.77	0.00
0	4	0.01	0.85	23.66	19.37	0.00
1	1	0.48	9.93	19.05	23.73	0.00
1	5	0.31	5.65	19.66	21.70	0.00
2	2	0.00	4.25	22.57	19.33	0.10
2	6	0.00	0.15	22.32	24.13	0.07
3	3	0.01	0.21	21.14	22.37	0.00
3	7	0.01	0.21	25.17	34.17	0.00
Core	CPU	C1%	C3%	C6%	C8%	C9%
-	-	0.08	2.70	16.33	16.22	0.01
0	0	0.01	5.00	14.39	7.14	0.02
0	4	0.00	0.25	19.99	14.62	0.00
1	1	0.00	0.29	18.15	24.39	0.00
1	5	0.01	0.10	16.28	27.89	0.00
2	2	0.63	14.02	9.89	6.44	0.00
2	6	0.00	0.10	16.98	16.15	0.00
3	3	0.00	0.12	16.63	14.89	0.00
3	7	0.00	1.73	18.35	18.26	0.03
Core	CPU	C1%	C3%	C6%	C8%	C9%
-	-	0.03	3.64	22.51	21.57	0.19
0	0	0.04	26.61	7.91	0.20	0.11
0	4	0.01	1.29	26.26	22.54	0.00
1	1	0.04	0.21	26.17	24.31	0.00
1	5	0.00	0.21	21.97	22.95	0.00
2	2	0.01	0.14	24.48	34.24	1.42
2	6	0.00	0.16	24.15	26.17	0.00
3	3	0.00	0.20	25.18	19.52	0.00
3	7	0.15	0.30	23.97	22.62	0.00
Core	CPU	C1%	C3%	C6%	C8%	C9%
-	-	0.02	3.49	22.05	23.31	0.01
0	0	0.02	18.94	15.98	3.81	0.00
0	4	0.01	7.38	22.37	17.96	0.00
1	1	0.00	0.26	22.70	27.53	0.00
1	5	0.00	0.27	22.69	18.60	0.00
2	2	0.00	0.34	22.09	31.36	0.00
2	6	0.00	0.26	23.46	31.95	0.11
3	3	0.00	0.24	24.41	30.82	0.00
3	7	0.10	0.24	22.67	24.45	0.00
Core	CPU	C1%	C3%	C6%	C8%	C9%
-	-	0.11	3.88	22.00	21.02	0.36
0	0	0.01	0.76	28.37	10.32	2.78
0	4	0.01	2.31	26.04	30.07	0.10
1	1	0.00	0.25	21.16	21.91	0.00
1	5	0.00	0.23	21.89	19.45	0.00
2	2	0.45	10.15	17.17	24.97	0.00
2	6	0.20	8.93	18.38	15.48	0.00
3	3	0.21	8.12	18.10	23.17	0.00
3	7	0.00	0.32	25.05	22.91	0.00
Core	CPU	C1%	C3%	C6%	C8%	C9%
-	-	0.04	3.93	21.55	22.64	0.03
0	0	0.01	18.65	16.32	2.44	0.08
0	4	0.00	1.36	22.88	21.30	0.00
1	1	0.00	0.19	23.12	22.12	0.00
1	5	0.00	0.19	22.06	24.23	0.00
2	2	0.00	0.21	21.59	22.81	0.00
2	6	0.01	0.25	20.96	42.78	0.16
3	3	0.28	7.79	18.39	15.59	0.00
3	7	0.02	2.79	26.88	29.64	0.00
Core	CPU	C1%	C3%	C6%	C8%	C9%
-	-	0.02	2.51	14.89	17.22	0.79
0	0	0.11	8.47	13.33	6.52	0.00
0	4	0.01	10.19	11.41	8.01	3.06
1	1	0.00	0.27	14.88	15.26	3.30
1	5	0.00	0.21	14.35	22.66	0.00
2	2	0.00	0.24	16.70	18.57	0.00
2	6	0.00	0.23	15.54	27.94	0.00
3	3	0.00	0.23	15.24	16.88	0.00
3	7	0.00	0.24	17.65	21.96	0.00
Core	CPU	C1%	C3%	C6%	C8%	C9%
-	-	0.03	3.85	20.89	22.83	0.00
0	0	0.03	21.34	15.17	2.26	0.00
0	4	0.01	2.53	22.60	43.71	0.00
1	1	0.00	0.24	21.10	22.38	0.00
1	5	0.17	2.47	19.69	28.46	0.00
2	2	0.01	2.38	22.05	20.23	0.00
2	6	0.01	0.24	20.36	25.36	0.00
3	3	0.01	0.18	23.79	21.33	0.00
3	7	0.01	1.38	22.39	18.92	0.00
Core	CPU	C1%	C3%	C6%	C8%	C9%
-	-	0.06	3.49	22.35	25.39	0.01
0	0	0.01	11.15	19.10	13.50	0.00
0	4	0.00	4.02	17.11	19.28	0.00
1	1	0.00	0.41	25.78	28.11	0.00
1	5	0.00	0.35	25.21	25.02	0.00
2	2	0.46	10.87	15.25	14.51	0.00
2	6	0.00	0.33	25.69	28.33	0.11
3	3	0.00	0.41	26.16	41.69	0.00
3	7	0.00	0.37	24.51	32.70	0.00
Core	CPU	C1%	C3%	C6%	C8%	C9%
-	-	0.05	3.61	21.43	23.14	0.16
0	0	0.01	13.46	18.44	7.31	0.00
0	4	0.00	0.20	24.97	28.71	0.00
1	1	0.10	5.66	20.21	17.89	0.00
1	5	0.26	8.91	18.32	14.11	0.61
2	2	0.00	0.22	24.53	25.44	0.00
2	6	0.00	0.19	22.79	30.59	0.06
3	3	0.01	0.16	21.52	27.78	0.61
3	7	0.01	0.24	21.20	33.83	0.00
Core	CPU	C1%	C3%	C6%	C8%	C9%
-	-	0.02	3.81	21.57	23.98	0.01
0	0	0.01	3.74	25.71	19.61	0.09
0	4	0.10	23.24	9.56	9.95	0.00
1	1	0.00	0.18	20.91	32.87	0.00
1	5	0.00	0.20	23.02	25.53	0.00
2	2	0.00	0.20	22.12	18.65	0.00
2	6	0.00	0.27	24.32	23.86	0.00
3	3	0.01	2.16	21.66	25.29	0.00
3	7	0.00	0.33	24.72	35.56	0.00
Core	CPU	C1%	C3%	C6%	C8%	C9%
-	-	0.12	2.92	17.39	18.09	0.06
0	0	0.00	3.52	19.92	17.37	0.49
0	4	0.01	0.16	20.04	17.08	0.00
1	1	0.13	1.72	16.91	17.10	0.00
1	5	0.00	0.13	17.24	18.43	0.00
2	2	0.61	14.17	12.48	7.80	0.00
2	6	0.22	2.34	15.56	17.06	0.00
3	3	0.01	0.12	19.42	23.95	0.00
3	7	0.00	1.25	17.57	25.90	0.00
Core	CPU	C1%	C3%	C6%	C8%	C9%
-	-	0.04	3.81	22.09	22.80	0.07
0	0	0.01	13.81	23.75	10.16	0.54
0	4	0.01	10.12	21.26	16.12	0.00
1	1	0.00	0.16	22.93	23.62	0.00
1	5	0.00	0.15	22.63	20.82	0.00
2	2	0.01	0.14	19.84	31.39	0.00
2	6	0.31	4.49	17.13	23.27	0.00
3	3	0.00	0.15	24.47	27.81	0.00
3	7	0.01	1.44	24.76	29.23	0.00
Core	CPU	C1%	C3%	C6%	C8%	C9%
-	-	0.07	3.39	23.17	21.76	0.17
0	0	0.00	0.49	28.94	20.35	1.40
0	4	0.01	8.99	18.94	19.52	0.00
1	1	0.00	0.20	23.96	21.02	0.00
1	5	0.00	0.22	25.76	25.18	0.00
2	2	0.00	0.36	23.42	21.47	0.00
2	6	0.00	0.18	22.69	27.41	0.00
3	3	0.51	16.26	12.01	8.36	0.00
3	7	0.00	0.42	29.89	30.99	0.00
Core	CPU	C1%	C3%	C6%	C8%	C9%
-	-	0.04	3.60	22.13	22.46	0.09
0	0	0.04	14.52	16.77	11.21	0.15
0	4	0.00	0.19	24.83	22.91	0.00
1	1	0.10	2.39	21.67	22.04	0.11
1	5	0.00	1.37	22.05	26.40	0.00
2	2	0.01	0.22	22.17	24.03	0.00
2	6	0.01	0.20	24.02	32.23	0.00
3	3	0.12	7.20	19.93	23.43	0.48
3	7	0.00	2.67	25.36	17.24	0.00
Core	CPU	C1%	C3%	C6%	C8%	C9%
-	-	0.08	3.42	21.43	22.82	0.07
0	0	0.02	7.78	20.88	13.08	0.00
0	4	0.00	0.17	23.07	31.63	0.00
1	1	0.00	0.17	21.49	29.74	0.00
1	5	0.00	0.17	20.77	26.74	0.00
2	2	0.00	0.21	23.27	24.18	0.00
2	6	0.05	0.16	22.57	23.18	0.00
3	3	0.57	17.28	12.28	6.17	0.60
3	7	0.00	1.45	27.13	27.81	0.00
Core	CPU	C1%	C3%	C6%	C8%	C9%
-	-	0.04	2.53	15.76	16.28	0.00
0	0	0.01	10.94	12.97	12.34	0.00
0	4	0.00	0.13	18.03	18.16	0.00
1	1	0.00	0.52	15.79	16.92	0.00
1	5	0.00	0.07	16.51	21.31	0.00
2	2	0.00	0.11	16.11	13.38	0.00
2	6	0.00	0.04	15.34	18.36	0.00
3	3	0.27	8.25	11.55	14.05	0.00
3	7	0.00	0.24	19.95	15.83	0.00
Core	CPU	C1%	C3%	C6%	C8%	C9%
-	-	0.09	3.55	22.19	24.31	0.00
0	0	0.01	11.11	20.23	10.40	0.00
0	4	0.09	2.04	23.15	26.48	0.00
1	1	0.00	0.19	22.20	28.05	0.00
1	5	0.00	0.13	24.38	34.37	0.00
2	2	0.00	0.11	22.87	24.88	0.00
2	6	0.00	0.11	24.73	34.15	0.00
3	3	0.59	14.47	15.29	11.22	0.00
3	7	0.00	0.19	24.45	24.66	0.00
Core	CPU	C1%	C3%	C6%	C8%	C9%
-	-	0.05	3.84	21.59	21.62	0.09
0	0	0.00	1.95	29.01	28.14	0.69
0	4	0.03	16.49	13.73	13.07	0.00
1	1	0.30	9.77	19.08	21.51	0.00
1	5	0.07	1.27	24.42	21.59	0.00
2	2	0.01	0.24	19.48	20.94	0.00
2	6	0.00	0.26	20.86	18.44	0.00
3	3	0.00	0.45	23.16	24.02	0.00
3	7	0.01	0.26	22.99	25.28	0.00
Core	CPU	C1%	C3%	C6%	C8%	C9%
-	-	0.08	3.55	22.75	22.97	0.01
0	0	0.01	11.13	18.50	9.99	0.00
0	4	0.00	0.27	25.56	20.48	0.00
1	1	0.47	12.38	15.82	15.02	0.00
1	5	0.16	3.49	23.23	21.53	0.00
2	2	0.00	0.27	22.64	20.65	0.00
2	6	0.00	0.30	24.62	38.38	0.00
3	3	0.00	0.28	25.60	27.12	0.00
3	7	0.01	0.32	26.07	30.60	0.09
Core	CPU	C1%	C3%	C6%	C8%	C9%
-	-	0.08	3.86	21.70	23.32	0.05
0	0	0.11	6.45	24.28	13.54	0.00
0	4	0.09	12.25	16.84	14.79	0.00
1	1	0.01	1.30	24.09	32.05	0.00
1	5	0.04	2.44	20.00	29.28	0.00
2	2	0.35	7.78	18.42	22.74	0.00
2	6	0.00	0.11	23.37	27.62	0.00
3	3	0.00	0.19	23.77	25.36	0.00
3	7	0.00	0.35	22.81	21.18	0.39
Core	CPU	C1%	C3%	C6%	C8%	C9%
-	-	0.11	3.01	15.44	17.03	0.07
0	0	0.01	0.30	20.05	24.48	0.00
0	4	0.00	0.13	14.89	19.96	0.00
1	1	0.00	0.29	17.34	15.59	0.00
1	5	0.34	10.21	9.50	10.25	0.00
2	2	0.00	0.21	15.40	20.38	0.00
2	6	0.48	12.55	10.72	9.33	0.00
3	3	0.00	0.22	18.52	18.22	0.00
3	7	0.01	0.26	17.34	18.31	0.58
Core	CPU	C1%	C3%	C6%	C8%	C9%
-	-	0.12	3.47	20.82	21.86	0.01
0	0	0.03	5.94	20.99	14.25	0.00
0	4	0.00	0.12	21.62	25.03	0.00
1	1	0.55	9.49	18.13	17.36	0.00
1	5	0.37	11.43	16.66	14.13	0.00
2	2	0.00	0.15	22.54	23.79	0.00
2	6	0.00	0.19	21.48	33.01	0.07
3	3	0.00	0.15	23.75	24.81	0.00
3	7	0.00	0.18	21.12	22.18	0.00
Core	CPU	C1%	C3%	C6%	C8%	C9%
-	-	0.06	3.68	21.24	23.44	0.00
0	0	0.04	9.09	23.98	28.67	0.00
0	4	0.01	1.27	25.92	31.42	0.00
1	1	0.01	0.25	22.76	23.84	0.00
1	5	0.00	0.21	19.51	24.12	0.00
2	2	0.29	14.63	13.86	10.23	0.00
2	6	0.12	3.64	19.73	17.16	0.00
3	3	0.00	0.22	22.09	22.69	0.00
3	7	0.00	0.15	22.11	29.42	0.00
Core	CPU	C1%	C3%	C6%	C8%	C9%
-	-	0.05	3.70	22.25	23.94	0.01
0	0	0.02	11.99	21.62	14.69	0.05
0	4	0.01	9.17	17.80	23.60	0.00
1	1	0.00	0.25	23.48	27.04	0.00
1	5	0.00	0.30	24.64	22.63	0.00
2	2	0.29	5.94	19.86	21.09	0.00
2	6	0.04	0.21	24.45	23.21	0.00
3	3	0.00	0.34	22.27	28.00	0.00
3	7	0.00	1.42	23.90	31.23	0.00
Core	CPU	C1%	C3%	C6%	C8%	C9%
-	-	0.09	3.74	22.11	22.07	0.18
0	0	0.01	11.06	22.87	13.74	0.00
0	4	0.09	4.54	22.78	27.68	0.00
1	1	0.23	6.70	19.58	17.75	1.42
1	5	0.33	5.63	19.18	20.57	0.00
2	2	0.00	0.15	23.54	24.12	0.00
2	6	0.00	0.16	22.58	24.91	0.00
3	3	0.01	0.26	22.37	26.39	0.00
3	7	0.05	1.40	23.98	21.42	0.00
Core	CPU	C1%	C3%	C6%	C8%	C9%
-	-	0.07	2.67	16.21	17.21	0.00
0	0	0.00	2.33	17.65	15.64	0.00
0	4	0.00	0.15	16.49	25.62	0.00
1	1	0.01	1.20	16.37	18.86	0.00
1	5	0.00	0.27	18.29	16.14	0.00
2	2	0.00	0.95	16.34	16.28	0.00
2	6	0.00	0.20	17.78	17.11	0.00
3	3	0.52	16.10	7.81	4.69	0.00
3	7	0.00	0.20	18.93	23.30	0.00
Core	CPU	C1%	C3%	C6%	C8%	C9%
-	-	0.03	3.41	21.90	23.37	0.18
0	0	0.02	16.81	17.93	5.22	0.00
0	4	0.00	3.45	22.61	22.23	0.00
1	1	0.00	0.25	22.45	23.20	0.00
1	5	0.00	0.30	22.39	18.84	0.00
2	2	0.18	4.68	20.72	25.05	0.00
2	6	0.00	0.17	22.50	34.09	0.00
3	3	0.00	0.20	23.10	32.54	1.41
3	7	0.01	1.43	23.47	25.78	0.00
Core	CPU	C1%	C3%	C6%	C8%	C9%
-	-	0.10	3.94	21.16	23.42	0.05
0	0	0.01	13.08	19.14	7.21	0.00
0	4	0.00	1.25	23.58	22.58	0.00
1	1	0.00	0.66	22.09	22.35	0.41
1	5	0.00	0.18	21.63	40.21	0.00
2	2	0.48	9.18	19.68	23.15	0.00
2	6	0.29	4.84	18.01	22.01	0.00
3	3	0.00	0.19	21.87	25.68	0.00
3	7	0.00	2.10	23.31	24.19	0.00
Core	CPU	C1%	C3%	C6%	C8%	C9%
-	-	0.05	3.28	22.27	22.15	0.01
0	0	0.11	11.70	20.95	12.60	0.00
0	4	0.01	2.08	21.13	21.58	0.00
1	1	0.00	4.60	21.39	20.92	0.00
1	5	0.02	0.78	21.55	24.45	0.00
2	2	0.25	5.66	21.16	18.04	0.00
2	6	0.00	0.79	23.54	18.70	0.07
3	3	0.00	0.22	26.08	41.02	0.00
3	7	0.00	0.42	22.40	19.91	0.00
Core	CPU	C1%	C3%	C6%	C8%	C9%
-	-	0.02	3.80	21.10	23.12	0.02
0	0	0.02	24.80	11.51	2.71	0.00
0	4	0.00	1.35	24.85	30.05	0.00
1	1	0.01	0.22	21.99	20.37	0.00
1	5	0.01	0.13	19.69	31.10	0.00
2	2	0.00	0.21	23.92	31.81	0.00
2	6	0.01	0.13	23.29	24.94	0.12
3	3	0.09	3.29	19.53	20.70	0.00
3	7	0.00	0.30	24.02	23.31	0.00
Core	CPU	C1%	C3%	C6%	C8%	C9%
-	-	0.06	2.00	26.10	24.67	0.00
0	0	0.04	10.06	19.74	6.93	0.00
0	4	0.02	3.38	25.61	16.24	0.00
1	1	0.10	0.34	27.77	31.62	0.00
1	5	0.12	0.23	25.44	19.06	0.00
2	2	0.03	0.26	27.56	29.15	0.00
2	6	0.12	0.31	26.76	32.16	0.00
3	3	0.03	0.58	28.71	30.70	0.00
3	7	0.02	0.85	27.33	31.64	0.00
Core	CPU	C1%	C3%	C6%	C8%	C9%
-	-	0.20	3.46	21.89	20.94	0.14
0	0	0.10	0.29	24.72	24.80	0.02
0	4	0.10	0.21	24.47	19.19	0.00
1	1	0.00	0.22	21.77	28.14	0.00
1	5	0.14	0.32	22.82	17.62	0.00
2	2	0.73	15.77	15.82	11.79	0.00
2	6	0.37	9.53	17.97	16.36	0.08
3	3	0.12	1.11	22.21	27.62	1.00
3	7	0.00	0.29	25.57	22.20	0.00
Core	CPU	C1%	C3%	C6%	C8%	C9%
-	-	0.02	3.66	20.99	22.66	0.00
0	0	0.01	13.18	21.02	20.33	0.00
0	4	0.01	11.94	16.61	13.25	0.00
1	1	0.01	0.23	20.66	24.03	0.00
1	5	0.00	0.26	22.32	19.27	0.00
2	2	0.06	1.77	21.44	18.89	0.00
2	6	0.09	1.53	22.94	35.32	0.00
3	3	0.00	0.20	20.97	25.69	0.00
3	7	0.00	0.14	21.66	24.15	0.00
Core	CPU	C1%	C3%	C6%	C8%	C9%
-	-	0.03	3.68	21.77	23.77	0.00
0	0	0.01	13.52	19.88	11.57	0.00
0	4	0.03	14.52	15.30	12.41	0.00
1	1	0.00	0.24	24.12	23.41	0.00
1	5	0.10	0.23	21.55	18.14	0.00
2	2	0.01	0.28	21.75	26.38	0.00
2	6	0.00	0.29	24.64	23.26	0.00
3	3	0.11	0.18	23.71	44.72	0.00
3	7	0.00	0.20	23.19	30.29	0.00
Core	CPU	C1%	C3%	C6%	C8%	C9%
-	-	0.12	3.57	20.78	21.60	0.29
0	0	0.01	1.85	24.41	10.92	1.41
0	4	0.00	1.23	22.90	23.98	0.00
1	1	0.00	0.20	20.70	21.72	0.00
1	5	0.00	0.29	20.54	20.92	0.00
2	2	0.92	23.23	9.87	4.85	0.95
2	6	0.00	1.34	24.58	36.70	0.00
3	3	0.00	0.26	21.64	28.45	0.00
3	7	0.01	0.18	21.78	25.48	0.00
Core	CPU	C1%	C3%	C6%	C8%	C9%
-	-	0.06	1.83	26.82	25.11	0.18
0	0	0.10	4.60	23.62	14.55	1.40
0	4	0.01	0.77	25.67	28.19	0.00
1	1	0.00	0.20	29.94	28.25	0.00
1	5	0.00	0.14	29.86	24.68	0.00
2	2	0.04	2.40	29.20	27.59	0.00
2	6	0.27	4.89	24.06	21.71	0.06
3	3	0.07	1.26	24.18	21.95	0.00
3	7	0.00	0.38	27.84	33.76	0.00
Core	CPU	C1%	C3%	C6%	C8%	C9%
-	-	0.06	2.93	18.98	19.05	0.01
0	0	0.01	14.78	17.33	8.44	0.11
0	4	0.01	3.77	17.90	18.55	0.00
1	1	0.17	3.11	19.46	18.25	0.00
1	5	0.14	0.17	18.36	18.14	0.00
2	2	0.00	0.12	19.15	18.81	0.00
2	6	0.14	0.15	18.42	30.99	0.00
3	3	0.00	0.11	18.91	20.85	0.00
3	7	0.00	1.19	22.26	18.38	0.00
Core	CPU	C1%	C3%	C6%	C8%	C9%
-	-	0.12	3.74	23.25	23.36	0.00
0	0	0.00	13.58	22.92	10.95	0.00
0	4	0.18	7.92	20.71	16.41	0.00
1	1	0.52	6.15	21.56	18.55	0.00
1	5	0.08	1.40	23.70	29.36	0.00
2	2	0.01	0.19	22.69	23.65	0.00
2	6	0.00	0.13	24.63	31.16	0.00
3	3	0.18	0.35	23.98	26.09	0.00
3	7	0.00	0.19	25.85	30.72	0.00
Core	CPU	C1%	C3%	C6%	C8%	C9%
-	-	0.10	3.91	23.13	22.62	0.00
0	0	0.00	9.23	23.62	19.83	0.00
0	4	0.02	14.79	16.91	14.83	0.00
1	1	0.00	0.27	25.53	27.72	0.00
1	5	0.00	0.20	24.08	20.25	0.00
2	2	0.00	0.22	21.73	27.42	0.00
2	6	0.01	0.19	23.33	23.49	0.00
3	3	0.73	6.15	22.79	21.35	0.00
3	7	0.01	0.27	27.08	26.12	0.00
Core	CPU	C1%	C3%	C6%	C8%	C9%
-	-	0.03	4.01	21.33	20.76	0.00
0	0	0.10	11.46	21.09	16.38	0.00
0	4	0.02	18.44	12.72	7.84	0.00
1	1	0.07	0.15	23.77	32.31	0.00
1	5	0.00	0.11	22.93	18.12	0.00
2	2	0.00	0.23	22.12	34.23	0.00
2	6	0.03	0.17	21.74	20.18	0.00
3	3	0.00	0.23	22.66	21.13	0.00
3	7	0.03	1.39	23.65	15.96	0.00
Core	CPU	C1%	C3%	C6%	C8%	C9%
-	-	0.08	2.73	15.93	15.24	0.36
0	0	0.00	0.27	19.53	14.57	0.00
0	4	0.00	0.18	18.52	14.91	0.00
1	1	0.23	11.87	9.63	7.84	1.09
1	5	0.36	9.00	13.75	8.74	1.82
2	2	0.01	0.19	16.70	13.53	0.00
2	6	0.00	0.16	15.82	23.13	0.00
3	3	0.00	0.10	17.57	17.88	0.00
3	7	0.00	0.10	15.80	21.20	0.00
Core	CPU	C1%	C3%	C6%	C8%	C9%
-	-	0.10	3.54	22.56	21.87	0.27
0	0	0.01	10.54	21.31	9.43	0.15
0	4	0.00	0.28	24.23	19.78	0.00
1	1	0.08	0.33	22.98	23.31	0.00
1	5	0.18	4.88	21.88	17.41	1.43
2	2	0.18	5.67	20.35	24.15	0.61
2	6	0.31	6.24	19.46	28.66	0.00
3	3	0.00	0.11	25.93	25.32	0.00
3	7	0.00	0.26	24.38	26.92	0.00
Core	CPU	C1%	C3%	C6%	C8%	C9%
-	-	0.08	3.62	22.39	23.53	0.16
0	0	0.01	9.69	22.40	11.80	0.00
0	4	0.10	9.34	19.05	13.14	0.47
1	1	0.01	1.08	22.82	22.45	0.00
1	5	0.54	6.86	20.59	18.77	0.00
2	2	0.00	0.18	22.52	24.96	0.81
2	6	0.01	0.19	23.08	44.03	0.00
3	3	0.00	0.21	24.45	27.51	0.00
3	7	0.01	1.40	24.24	25.59	0.00
Core	CPU	C1%	C3%	C6%	C8%	C9%
-	-	0.02	3.51	22.17	23.92	0.21
0	0	0.01	18.96	13.94	3.05	0.00
0	4	0.01	8.14	19.86	19.60	0.15
1	1	0.15	0.14	24.06	26.06	1.40
1	5	0.01	0.25	24.42	29.02	0.00
2	2	0.00	0.19	21.78	26.99	0.00
2	6	0.00	0.11	22.74	39.15	0.13
3	3	0.00	0.13	23.84	22.11	0.00
3	7	0.00	0.16	26.75	25.35	0.00
Core	CPU	C1%	C3%	C6%	C8%	C9%
-	-	0.07	3.98	22.16	20.98	0.00
0	0	0.01	3.48	28.54	12.78	0.00
0	4	0.01	13.52	17.18	13.76	0.00
1	1	0.00	0.15	21.80	25.44	0.00
1	5	0.00	0.17	23.34	27.56	0.00
2	2	0.28	7.27	19.04	20.18	0.00
2	6	0.24	6.74	17.35	23.59	0.00
3	3	0.00	0.21	24.32	23.39	0.00
3	7	0.00	0.31	25.71	21.17	0.00
Core	CPU	C1%	C3%	C6%	C8%	C9%
-	-	0.10	2.78	16.93	14.40	0.00
0	0	0.02	16.01	12.26	2.11	0.00
0	4	0.01	3.54	18.65	12.69	0.00
1	1	0.79	1.24	16.44	14.82	0.00
1	5	0.01	0.09	17.78	14.95	0.00
2	2	0.00	0.09	17.51	23.81	0.00
2	6	0.00	0.03	16.41	11.18	0.00
3	3	0.00	0.04	17.70	17.78	0.00
3	7	0.00	1.19	18.71	17.86	0.00
Core	CPU	C1%	C3%	C6%	C8%	C9%
-	-	0.03	3.45	23.01	22.90	0.02
0	0	0.00	1.09	30.49	15.40	0.00
0	4	0.12	24.42	9.71	1.45	0.00
1	1	0.01	0.14	25.99	30.46	0.00
1	5	0.10	0.25	23.48	22.71	0.00
2	2	0.00	0.21	23.24	31.65	0.00
2	6	0.01	0.15	23.59	25.58	0.06
3	3	0.01	0.15	23.01	33.07	0.00
3	7	0.00	1.16	24.52	22.89	0.12
Core	CPU	C1%	C3%	C6%	C8%	C9%
-	-	0.05	3.66	21.31	23.04	0.01
0	0	0.01	4.12	24.34	11.00	0.02
0	4	0.01	5.80	20.26	18.72	0.00
1	1	0.01	0.27	22.31	30.65	0.00
1	5	0.00	0.27	22.37	22.83	0.00
2	2	0.26	6.86	18.33	26.73	0.04
2	6	0.00	0.18	22.52	37.38	0.00
3	3	0.12	11.47	16.32	16.95	0.00
3	7	0.00	0.29	24.06	20.03	0.00
Core	CPU	C1%	C3%	C6%	C8%	C9%
-	-	0.07	3.62	21.90	23.02	0.03
0	0	0.01	12.33	19.46	10.41	0.00
0	4	0.00	0.20	25.25	31.20	0.00
1	1	0.00	0.17	21.54	23.08	0.00
1	5	0.06	0.19	24.03	22.77	0.00
2	2	0.14	10.44	17.31	14.60	0.00
2	6	0.00	0.15	22.97	40.36	0.00
3	3	0.31	4.34	21.55	20.75	0.10
3	7	0.04	1.19	23.28	21.21	0.12
Core	CPU	C1%	C3%	C6%	C8%	C9%
-	-	0.04	3.89	20.99	22.55	0.00
0	0	0.02	18.91	13.82	6.96	0.00
0	4	0.01	4.66	22.93	24.31	0.00
1	1	0.00	0.24	24.42	27.19	0.00
1	5	0.00	0.26	21.01	29.30	0.00
2	2	0.00	0.18	22.54	26.41	0.00
2	6	0.00	0.11	19.11	25.49	0.00
3	3	0.10	5.28	21.03	16.24	0.00
3	7	0.19	1.45	22.90	24.29	0.00
Core	CPU	C1%	C3%	C6%	C8%	C9%
-	-	0.03	2.66	15.98	16.19	0.18
0	0	0.00	3.91	18.25	6.79	0.00
0	4	0.01	6.27	14.99	9.96	0.00
1	1	0.00	1.73	16.01	15.93	1.21
1	5	0.25	5.52	13.78	12.01	0.24
2	2	0.00	1.65	15.33	16.51	0.00
2	6	0.00	0.15	17.88	18.68	0.00
3	3	0.00	0.09	14.74	18.92	0.00
3	7	0.00	1.94	16.88	30.76	0.00
Core	CPU	C1%	C3%	C6%	C8%	C9%
-	-	0.04	4.04	21.68	23.62	0.01
0	0	0.02	16.86	15.48	8.11	0.00
0	4	0.02	6.27	20.25	19.69	0.00
1	1	0.02	3.81	21.92	36.34	0.00
1	5	0.00	0.14	24.67	24.57	0.00
2	2	0.01	0.19	24.67	33.18	0.06
2	6	0.23	2.31	22.61	20.93	0.00
3	3	0.01	0.15	21.10	22.64	0.00
3	7	0.01	2.58	22.77	23.57	0.00
Core	CPU	C1%	C3%	C6%	C8%	C9%
-	-	0.12	3.67	21.71	23.95	0.18
0	0	0.01	1.28	28.76	16.43	1.41
0	4	0.00	0.17	25.46	31.22	0.00
1	1	0.79	22.59	8.54	5.95	0.00
1	5	0.00	0.10	22.38	25.68	0.00
2	2	0.00	0.21	26.03	37.50	0.00
2	6	0.17	3.53	18.53	22.75	0.00
3	3	0.00	0.18	21.49	27.58	0.00
3	7	0.00	1.37	22.66	24.61	0.00
Core	CPU	C1%	C3%	C6%	C8%	C9%
-	-	0.17	3.49	21.42	24.65	0.01
0	0	0.00	0.23	28.50	22.60	0.00
0	4	0.00	0.12	23.84	26.37	0.00
1	1	0.00	0.17	22.57	21.26	0.00
1	5	0.60	11.93	12.86	23.03	0.00
2	2	0.71	14.53	13.93	19.38	0.00
2	6	0.00	0.20	21.93	28.61	0.05
3	3	0.00	0.35	23.12	21.21	0.00
3	7	0.01	0.34	24.36	34.50	0.00
Core	CPU	C1%	C3%	C6%	C8%	C9%
-	-	0.16	3.66	21.74	22.53	0.00
0	0	0.01	0.19	25.54	18.75	0.00
0	4	0.00	0.21	23.47	26.24	0.00
1	1	0.00	0.24	21.91	26.90	0.00
1	5	0.00	0.19	21.13	32.12	0.00
2	2	0.86	21.61	9.62	6.58	0.00
2	6	0.39	6.38	21.04	16.44	0.00
3	3	0.00	0.30	26.11	28.22	0.00
3	7	0.00	0.16	25.24	25.16	0.00
Core	CPU	C1%	C3%	C6%	C8%	C9%
-	-	0.07	3.31	15.95	15.89	0.40
0	0	0.01	6.21	18.96	8.91	3.23
0	4	0.00	3.09	17.29	21.19	0.00
1	1	0.00	1.72	16.69	26.45	0.00
1	5	0.00	0.10	17.24	16.72	0.00
2	2	0.10	2.39	14.35	16.44	0.00
2	6	0.45	11.04	9.11	6.75	0.00
3	3	0.00	0.20	16.92	14.56	0.00
3	7	0.00	1.72	16.92	16.01	0.00
Core	CPU	C1%	C3%	C6%	C8%	C9%
-	-	0.07	3.56	22.29	23.29	0.04
0	0	0.00	6.90	25.94	12.74	0.00
0	4	0.10	3.48	20.70	21.96	0.00
1	1	0.00	0.36	25.35	30.07	0.00
1	5	0.00	0.11	23.40	27.70	0.00
2	2	0.00	0.20	23.10	30.97	0.00
2	6	0.32	5.26	17.01	26.54	0.06
3	3	0.16	9.62	17.68	15.83	0.12
3	7	0.00	2.51	25.09	20.51	0.10
Core	CPU	C1%	C3%	C6%	C8%	C9%
-	-	0.06	3.88	21.41	23.24	0.01
0	0	0.02	13.72	17.78	12.37	0.09
0	4	0.01	1.38	23.09	21.70	0.00
1	1	0.00	0.24	23.08	19.83	0.00
1	5	0.00	0.25	22.36	36.74	0.00
2	2	0.00	0.30	24.17	25.54	0.00
2	6	0.12	0.28	20.62	28.05	0.00
3	3	0.30	13.40	15.50	15.84	0.00
3	7	0.00	1.47	24.72	25.86	0.00
Core	CPU	C1%	C3%	C6%	C8%	C9%
-	-	0.07	3.66	21.85	23.03	0.38
0	0	0.00	7.98	22.41	10.90	1.60
0	4	0.00	0.22	22.42	25.64	0.00
1	1	0.00	0.20	23.21	23.04	1.40
1	5	0.00	0.15	23.70	28.96	0.00
2	2	0.08	1.96	23.03	26.71	0.00
2	6	0.39	15.03	14.42	17.34	0.06
3	3	0.08	2.32	22.99	29.64	0.00
3	7	0.00	1.43	22.64	21.97	0.00
Core	CPU	C1%	C3%	C6%	C8%	C9%
-	-	0.08	3.40	21.57	21.67	0.08
0	0	0.00	1.46	25.03	17.81	0.00
0	4	0.00	0.18	23.11	23.40	0.00
1	1	0.32	10.62	19.19	16.14	0.12
1	5	0.10	4.88	20.54	15.89	0.00
2	2	0.11	5.72	18.19	23.09	0.00
2	6	0.06	3.80	18.84	13.97	0.47
3	3	0.00	0.29	25.33	36.92	0.00
3	7	0.00	0.25	22.42	26.22	0.03
Core	CPU	C1%	C3%	C6%	C8%	C9%
-	-	0.10	3.04	16.34	14.68	0.00
0	0	0.10	0.26	20.33	14.56	0.00
0	4	0.00	0.14	18.99	12.79	0.00
1	1	0.50	15.29	8.51	4.00	0.00
1	5	0.21	7.92	15.10	14.86	0.00
2	2	0.00	0.16	17.11	23.36	0.00
2	6	0.00	0.16	16.61	21.36	0.00
3	3	0.00	0.18	18.00	12.96	0.00
3	7	0.00	0.18	15.99	13.49	0.00
Core	CPU	C1%	C3%	C6%	C8%	C9%
-	-	0.10	3.85	21.77	22.53	0.00
0	0	0.02	10.13	24.47	14.22	0.00
0	4	0.02	4.70	21.93	25.50	0.00
1	1	0.39	8.81	18.20	19.89	0.00
1	5	0.11	2.88	19.87	19.71	0.00
2	2	0.27	3.01	20.58	28.43	0.00
2	6	0.00	0.03	20.95	20.90	0.00
3	3	0.00	0.15	24.94	27.75	0.00
3	7	0.00	1.20	23.43	24.07	0.00
Core	CPU	C1%	C3%	C6%	C8%	C9%
-	-	0.12	3.69	21.41	24.84	0.02
0	0	0.02	12.42	19.89	19.70	0.00
0	4	0.01	0.22	22.90	22.09	0.00
1	1	0.00	0.26	21.80	36.42	0.00
1	5	0.00	0.21	20.21	35.76	0.00
2	2	0.08	1.34	23.78	22.33	0.00
2	6	0.83	13.34	14.58	12.04	0.13
3	3	0.00	0.25	24.41	25.01	0.00
3	7	0.00	1.44	23.50	25.10	0.00
Core	CPU	C1%	C3%	C6%	C8%	C9%
-	-	0.02	3.51	21.95	23.79	0.00
0	0	0.01	6.33	24.58	15.00	0.00
0	4	0.10	21.01	13.51	7.82	0.00
1	1	0.00	0.14	23.13	24.31	0.00
1	5	0.00	0.14	21.57	34.18	0.00
2	2	0.00	0.12	20.92	25.69	0.00
2	6	0.00	0.09	22.31	23.27	0.00
3	3	0.00	0.12	25.49	32.70	0.00
3	7	0.00	0.17	24.10	27.31	0.00
Core	CPU	C1%	C3%	C6%	C8%	C9%
-	-	0.08	3.88	22.35	21.79	0.00
0	0	0.01	2.38	29.11	15.46	0.00
0	4	0.02	24.53	11.36	3.15	0.00
1	1	0.48	3.15	21.38	17.13	0.00
1	5	0.00	0.18	23.35	21.57	0.00
2	2	0.01	0.18	23.84	37.12	0.00
2	6	0.00	0.19	21.92	27.60	0.00
3	3	0.01	0.17	24.03	23.90	0.00
3	7	0.10	0.31	23.90	28.46	0.00
Core	CPU	C1%	C3%	C6%	C8%	C9%
-	-	0.10	2.87	16.26	16.85	0.00
0	0	0.10	0.27	20.95	23.79	0.00
0	4	0.00	0.11	17.50	22.30	0.00
1	1	0.33	10.25	11.01	10.76	0.00
1	5	0.35	11.74	11.54	7.06	0.00
2	2	0.00	0.10	18.14	16.64	0.00
2	6	0.00	0.09	16.49	17.84	0.00
3	3	0.00	0.10	16.71	19.45	0.02
3	7	0.00	0.27	17.69	16.93	0.00
Core	CPU	C1%	C3%	C6%	C8%	C9%
-	-	0.13	3.56	21.65	22.09	0.00
0	0	0.00	0.34	27.47	22.94	0.00
0	4	0.00	0.18	21.92	20.24	0.00
1	1	0.08	7.39	19.60	21.62	0.00
1	5	0.96	19.55	9.96	4.68	0.00
2	2	0.00	0.22	23.72	27.75	0.00
2	6	0.00	0.16	22.28	29.62	0.00
3	3	0.00	0.25	23.91	25.25	0.00
3	7	0.01	0.39	24.29	24.60	0.00
Core	CPU	C1%	C3%	C6%	C8%	C9%
-	-	0.14	3.80	22.58	22.50	0.01
0	0	0.01	1.52	28.13	12.67	0.00
0	4	0.12	11.85	18.71	21.61	0.00
1	1	0.46	9.12	19.44	23.88	0.00
1	5	0.35	4.75	21.63	19.08	0.00
2	2	0.00	0.27	23.01	21.89	0.00
2	6	0.20	0.21	22.59	24.66	0.12
3	3	0.01	0.27	24.07	27.25	0.00
3	7	0.01	2.37	23.08	28.99	0.00
Core	CPU	C1%	C3%	C6%	C8%	C9%
-	-	0.09	3.46	21.41	24.76	0.00
0	0	0.02	11.01	16.65	11.13	0.00
0	4	0.00	0.29	24.86	41.22	0.00
1	1	0.00	0.70	22.55	27.53	0.00
1	5	0.00	0.18	21.95	32.82	0.00
2	2	0.00	0.76	23.72	25.38	0.00
2	6	0.00	0.22	22.34	24.27	0.00
3	3	0.70	13.40	14.72	11.85	0.00
3	7	0.00	1.10	24.50	23.87	0.00
Core	CPU	C1%	C3%	C6%	C8%	C9%
-	-	0.15	3.92	21.82	23.52	0.17
0	0	0.01	3.54	28.54	31.71	1.38
0	4	0.10	0.24	21.58	21.49	0.00
1	1	0.01	0.23	22.16	23.09	0.00
1	5	0.01	0.19	23.33	35.69	0.00
2	2	0.99	23.34	8.43	4.43	0.00
2	6	0.11	3.38	23.16	23.34	0.00
3	3	0.00	0.24	24.13	25.36	0.00
3	7	0.00	0.26	23.52	23.33	0.00
Core	CPU	C1%	C3%	C6%	C8%	C9%
-	-	0.03	2.15	26.45	24.92	0.00
0	0	0.02	8.37	20.26	11.45	0.00
0	4	0.01	2.83	22.15	23.94	0.00
1	1	0.00	0.29	31.78	33.91	0.00
1	5	0.00	0.31	26.74	23.87	0.00
2	2	0.08	2.40	29.58	21.79	0.00
2	6	0.07	1.38	29.13	28.36	0.00
3	3	0.01	0.14	25.40	31.45	0.00
3	7	0.00	1.44	26.24	24.34	0.00
Core	CPU	C1%	C3%	C6%	C8%	C9%
-	-	0.01	3.60	20.96	23.44	0.00
0	0	0.01	11.64	18.18	9.78	0.04
0	4	0.02	14.07	14.81	13.89	0.00
1	1	0.02	0.24	23.21	27.90	0.00
1	5	0.00	0.13	20.83	32.93	0.00
2	2	0.00	0.16	20.81	30.57	0.00
2	6	0.01	0.16	24.08	25.47	0.00
3	3	0.01	0.88	23.80	25.22	0.00
3	7	0.00	1.50	21.95	21.78	0.00
Core	CPU	C1%	C3%	C6%	C8%	C9%
-	-	0.01	3.97	19.99	24.59	0.01
0	0	0.03	26.32	9.61	1.87	0.00
0	4	0.00	3.18	23.32	30.05	0.00
1	1	0.00	0.24	21.91	31.36	0.00
1	5	0.00	0.20	19.93	25.72	0.00
2	2	0.00	0.25	18.90	24.00	0.00
2	6	0.00	0.23	21.48	27.33	0.07
3	3	0.00	0.99	23.35	28.79	0.00
3	7	0.00	0.33	21.45	27.63	0.00
Core	CPU	C1%	C3%	C6%	C8%	C9%
-	-	0.01	3.46	21.55	21.45	0.00
0	0	0.01	1.54	27.96	9.59	0.00
0	4	0.05	24.86	6.18	2.08	0.00
1	1	0.01	0.20	23.09	24.36	0.00
1	5	0.01	0.20	24.82	39.86	0.00
2	2	0.00	0.20	21.49	19.65	0.00
2	6	0.01	0.17	22.61	25.31	0.00
3	3	0.00	0.26	22.27	22.82	0.00
3	7	0.00	0.27	23.98	27.95	0.00
Core	CPU	C1%	C3%	C6%	C8%	C9%
-	-	0.12	3.86	22.63	23.83	0.02
0	0	0.02	11.59	24.16	15.08	0.09
0	4	0.00	0.19	23.58	21.84	0.00
1	1	0.15	4.35	19.37	19.21	0.09
1	5	0.00	0.17	23.42	27.93	0.00
2	2	0.24	6.89	20.81	30.29	0.00
2	6	0.24	6.05	22.72	19.67	0.00
3	3	0.00	0.19	23.91	31.49	0.00
3	7	0.29	1.48	23.04	25.10	0.00
Core	CPU	C1%	C3%	C6%	C8%	C9%
-	-	0.06	3.14	16.56	17.60	0.00
0	0	0.00	0.25	19.65	10.41	0.00
0	4	0.00	0.16	15.93	21.73	0.00
1	1	0.00	0.78	16.32	13.50	0.00
1	5	0.00	0.09	18.75	14.86	0.00
2	2	0.40	17.39	9.04	3.99	0.00
2	6	0.09	6.17	18.98	15.54	0.00
3	3	0.00	0.12	16.36	28.93	0.00
3	7	0.01	0.17	17.48	31.87	0.00
Core	CPU	C1%	C3%	C6%	C8%	C9%
-	-	0.15	4.20	21.77	21.78	0.01
0	0	0.13	1.20	29.32	18.30	0.04
0	4	0.00	0.23	23.59	23.25	0.00
1	1	0.00	2.09	20.02	21.08	0.00
1	5	0.00	0.26	21.57	25.27	0.00
2	2	0.97	23.92	7.68	2.21	0.00
2	6	0.07	2.34	24.52	25.44	0.05
3	3	0.00	0.35	24.42	41.03	0.00
3	7	0.00	3.18	23.09	17.64	0.00
Core	CPU	C1%	C3%	C6%	C8%	C9%
-	-	0.01	3.82	22.31	22.86	0.01
0	0	0.01	8.03	23.58	11.47	0.00
0	4	0.09	16.01	15.62	12.01	0.00
1	1	0.00	0.24	22.92	25.04	0.00
1	5	0.00	0.17	24.31	22.53	0.00
2	2	0.00	0.22	21.93	21.10	0.00
2	6	0.00	0.24	21.55	36.31	0.06
3	3	0.00	3.20	21.59	24.81	0.00
3	7	0.00	2.44	26.98	29.63	0.00
Core	CPU	C1%	C3%	C6%	C8%	C9%
-	-	0.04	3.22	23.64	21.05	0.03
0	0	0.01	0.29	30.27	32.07	0.00
0	4	0.15	10.80	15.16	7.55	0.00
1	1	0.13	13.41	16.39	14.18	0.00
1	5	0.00	0.55	24.26	31.39	0.00
2	2	0.02	0.16	25.61	16.84	0.00
2	6	0.00	0.20	23.05	20.30	0.11
3	3	0.01	0.18	28.00	25.03	0.00
3	7	0.01	0.17	26.36	21.02	0.10
Core	CPU	C1%	C3%	C6%	C8%	C9%
-	-	0.20	3.82	20.74	22.36	0.06
0	0	0.01	0.41	26.46	35.73	0.00
0	4	0.01	0.15	21.20	22.14	0.41
1	1	0.18	4.25	20.48	18.83	0.00
1	5	1.41	25.39	6.56	5.33	0.04
2	2	0.01	0.12	22.66	20.98	0.00
2	6	0.01	0.04	21.88	27.42	0.05
3	3	0.01	0.10	23.02	19.03	0.00
3	7	0.00	0.10	23.64	29.46	0.00
Core	CPU	C1%	C3%	C6%	C8%	C9%
-	-	0.14	2.87	16.72	15.81	0.13
0	0	0.00	0.30	20.29	11.10	0.00
0	4	0.12	0.16	16.98	14.91	0.00
1	1	0.87	18.31	8.71	2.89	1.06
1	5	0.11	3.52	17.38	19.74	0.00
2	2	0.00	0.25	17.49	19.97	0.00
2	6	0.00	0.21	17.76	26.55	0.00
3	3	0.00	0.10	18.87	15.21	0.00
3	7	0.00	0.16	16.46	16.21	0.00
Core	CPU	C1%	C3%	C6%	C8%	C9%
-	-	0.05	3.67	21.88	20.79	0.00
0	0	0.02	13.76	20.38	7.64	0.00
0	4	0.17	10.72	18.65	15.13	0.00
1	1	0.15	2.14	21.95	16.60	0.00
1	5	0.00	0.29	23.30	24.78	0.00
2	2	0.00	0.29	21.29	22.38	0.00
2	6	0.01	0.16	20.92	30.47	0.00
3	3	0.00	0.22	24.29	25.36	0.00
3	7	0.01	1.71	24.01	23.86	0.00
Core	CPU	C1%	C3%	C6%	C8%	C9%
-	-	0.04	3.54	21.09	21.98	0.06
0	0	0.01	0.28	24.97	21.06	0.00
0	4	0.00	2.68	21.25	18.31	0.00
1	1	0.00	0.13	23.35	16.04	0.00
1	5	0.00	0.14	21.40	32.09	0.00
2	2	0.14	11.05	17.41	19.42	0.47
2	6	0.14	6.33	20.29	27.29	0.00
3	3	0.06	7.59	17.47	21.85	0.00
3	7	0.00	0.19	22.90	20.08	0.00
Core	CPU	C1%	C3%	C6%	C8%	C9%
-	-	0.16	3.44	22.03	21.92	0.18
0	0	0.00	0.30	25.38	12.28	1.42
0	4	0.00	0.14	24.64	33.16	0.00
1	1	0.00	0.18	23.99	18.73	0.00
1	5	0.00	0.09	21.89	21.75	0.00
2	2	0.07	2.38	22.61	32.16	0.00
2	6	0.96	20.43	10.49	9.86	0.00
3	3	0.21	3.45	21.24	23.43	0.00
3	7	0.00	0.47	25.87	23.86	0.02
Core	CPU	C1%	C3%	C6%	C8%	C9%
-	-	0.06	3.69	21.64	23.30	0.01
0	0	0.02	11.32	19.73	9.95	0.00
0	4	0.11	9.21	20.77	24.07	0.00
1	1	0.32	8.00	16.16	17.97	0.10
1	5	0.00	0.17	22.60	26.54	0.00
2	2	0.01	0.18	21.63	24.52	0.00
2	6	0.01	0.21	21.50	30.51	0.00
3	3	0.00	0.18	25.15	28.83	0.00
3	7	0.00	0.28	25.61	24.02	0.00
Core	CPU	C1%	C3%	C6%	C8%	C9%
-	-	0.03	2.99	16.84	14.49	0.00
0	0	0.00	0.31	21.17	23.84	0.00
0	4	0.01	7.03	14.03	7.74	0.00
1	1	0.00	0.18	17.36	17.04	0.00
1	5	0.15	4.16	13.72	11.05	0.00
2	2	0.07	9.53	14.08	7.72	0.00
2	6	0.00	0.10	16.91	20.59	0.00
3	3	0.00	0.20	17.87	16.10	0.00
3	7	0.02	2.37	19.46	11.71	0.00
Core	CPU	C1%	C3%	C6%	C8%	C9%
-	-	0.10	3.47	20.54	20.84	0.03
0	0	0.00	0.25	24.50	12.25	0.01
0	4	0.00	0.11	22.43	34.62	0.00
1	1	0.41	8.78	17.48	19.52	0.12
1	5	0.34	15.40	14.37	9.38	0.00
2	2	0.01	1.35	19.57	18.56	0.00
2	6	0.00	0.08	22.33	25.44	0.07
3	3	0.01	0.09	21.56	24.31	0.00
3	7	0.01	1.69	22.08	22.67	0.00
Core	CPU	C1%	C3%	C6%	C8%	C9%
-	-	0.05	3.78	21.49	23.48	0.02
0	0	0.01	5.95	24.15	14.01	0.00
0	4	0.35	23.14	10.33	9.22	0.16
1	1	0.00	0.16	22.48	39.77	0.00
1	5	0.00	0.14	23.46	30.65	0.00
2	2	0.00	0.26	22.64	26.60	0.00
2	6	0.00	0.16	20.55	27.17	0.00
3	3	0.00	0.12	23.32	21.17	0.00
3	7	0.01	0.34	25.02	19.28	0.00
Core	CPU	C1%	C3%	C6%	C8%	C9%
-	-	0.03	3.51	22.11	22.92	0.00
0	0	0.01	10.16	21.87	8.74	0.00
0	4	0.01	10.65	18.52	12.83	0.00
1	1	0.00	0.09	21.35	25.64	0.00
1	5	0.00	0.14	23.60	29.30	0.00
2	2	0.09	1.16	22.01	26.53	0.00
2	6	0.16	3.51	21.40	21.40	0.00
3	3	0.00	0.16	23.47	24.59	0.00
3	7	0.00	2.17	24.64	34.34	0.00
Core	CPU	C1%	C3%	C6%	C8%	C9%
-	-	0.02	3.82	21.42	23.10	0.16
0	0	0.02	17.21	19.41	5.37	0.00
0	4	0.11	11.14	16.63	15.35	0.00
1	1	0.00	0.13	20.86	25.75	0.00
1	5	0.00	0.19	22.35	27.21	0.00
2	2	0.00	0.32	24.88	31.66	0.00
2	6	0.00	0.20	22.68	30.92	0.00
3	3	0.00	0.16	20.82	20.94	1.29
3	7	0.00	1.26	23.71	27.61	0.00
Core	CPU	C1%	C3%	C6%	C8%	C9%
-	-	0.01	3.02	15.31	15.22	0.19
0	0	0.01	10.11	14.34	5.80	0.14
0	4	0.09	12.29	12.47	11.00	0.00
1	1	0.00	0.11	15.21	15.01	0.00
1	5	0.00	0.10	16.78	22.26	0.00
2	2	0.00	0.13	14.44	14.33	0.00
2	6	0.00	0.08	14.01	21.93	0.00
3	3	0.00	0.11	19.07	15.71	1.40
3	7	0.00	1.20	16.15	15.75	0.00
Core	CPU	C1%	C3%	C6%	C8%	C9%
-	-	0.10	3.64	22.15	22.39	0.01
0	0	0.01	3.36	24.67	13.82	0.00
0	4	0.00	4.85	22.05	19.22	0.00
1	1	0.44	11.10	17.72	15.78	0.06
1	5	0.35	9.16	17.89	21.29	0.00
2	2	0.00	0.18	21.62	22.24	0.00
2	6	0.00	0.10	24.40	32.71	0.06
3	3	0.00	0.11	23.08	24.39	0.00
3	7	0.00	0.23	25.79	29.71	0.00
Core	CPU	C1%	C3%	C6%	C8%	C9%
-	-	0.10	3.67	21.59	22.99	0.00
0	0	0.00	10.20	20.26	11.79	0.01
0	4	0.00	0.16	23.39	39.63	0.00
1	1	0.15	4.12	23.35	21.10	0.00
1	5	0.08	3.01	19.59	15.34	0.00
2	2	0.00	0.22	22.13	25.22	0.00
2	6	0.00	0.12	22.34	24.79	0.00
3	3	0.59	10.22	17.07	17.22	0.00
3	7	0.00	1.34	24.58	28.87	0.00
Core	CPU	C1%	C3%	C6%	C8%	C9%
-	-	0.09	3.40	22.34	22.58	0.25
0	0	0.01	5.02	24.83	11.73	1.41
0	4	0.01	2.75	20.25	20.26	0.46
1	1	0.01	0.20	26.94	31.29	0.00
1	5	0.00	0.36	23.40	27.63	0.00
2	2	0.08	0.30	23.70	20.30	0.00
2	6	0.01	0.14	22.92	34.43	0.13
3	3	0.62	17.10	12.44	13.75	0.04
3	7	0.00	1.37	24.33	21.29	0.00
Core	CPU	C1%	C3%	C6%	C8%	C9%
-	-	0.01	4.04	22.02	21.26	0.02
0	0	0.01	9.80	23.40	11.59	0.13
0	4	0.01	20.74	13.64	9.54	0.00
1	1	0.03	0.32	25.44	32.13	0.00
1	5	0.00	0.35	23.33	25.16	0.00
2	2	0.00	0.22	20.72	17.47	0.00
2	6	0.00	0.20	20.28	19.39	0.00
3	3	0.01	0.28	21.23	20.62	0.00
3	7	0.02	0.40	28.12	34.21	0.00
Core	CPU	C1%	C3%	C6%	C8%	C9%
-	-	0.06	2.29	24.96	23.89	0.01
0	0	0.12	4.98	28.15	11.74	0.00
0	4	0.04	4.38	16.97	15.05	0.00
1	1	0.00	0.33	26.48	24.32	0.00
1	5	0.00	0.29	28.40	22.26	0.00
2	2	0.09	0.46	23.83	29.36	0.00
2	6	0.07	0.51	25.59	39.72	0.06
3	3	0.12	7.06	22.83	19.18	0.00
3	7	0.01	0.28	27.38	29.44	0.00
Core	CPU	C1%	C3%	C6%	C8%	C9%
-	-	0.12	3.24	22.44	22.69	0.01
0	0	0.01	2.11	23.80	13.87	0.00
0	4	0.00	0.15	20.77	31.03	0.00
1	1	0.10	0.13	24.79	23.77	0.00
1	5	0.00	0.08	24.78	25.09	0.00
2	2	0.08	2.54	21.11	27.45	0.00
2	6	0.00	0.16	23.61	28.87	0.12
3	3	0.60	20.53	12.31	8.97	0.00
3	7	0.14	0.18	28.36	22.45	0.00
Core	CPU	C1%	C3%	C6%	C8%	C9%
-	-	0.12	3.74	21.35	22.33	0.01
0	0	0.01	0.27	26.28	15.34	0.00
0	4	0.01	0.24	22.08	28.67	0.00
1	1	0.01	0.38	21.62	25.91	0.00
1	5	0.01	0.22	22.47	22.43	0.00
2	2	0.00	0.21	22.70	21.93	0.00
2	6	0.10	0.28	22.42	39.88	0.00
3	3	0.79	28.09	6.32	0.00	0.07
3	7	0.01	0.26	26.93	24.46	0.00
Core	CPU	C1%	C3%	C6%	C8%	C9%
-	-	0.07	3.28	23.08	25.09	0.00
0	0	0.01	14.32	19.81	21.42	0.00
0	4	0.01	1.15	24.29	31.94	0.00
1	1	0.00	0.35	26.16	27.21	0.00
1	5	0.00	0.38	23.65	31.71	0.00
2	2	0.15	2.39	23.35	19.94	0.00
2	6	0.00	0.11	24.66	22.67	0.00
3	3	0.38	4.93	19.25	14.10	0.00
3	7	0.01	2.60	23.50	31.76	0.00
Core	CPU	C1%	C3%	C6%	C8%	C9%
-	-	0.07	3.74	19.70	24.47	0.17
0	0	0.02	17.14	17.00	5.68	0.00
0	4	0.18	3.57	20.47	21.08	0.00
1	1	0.21	6.73	18.24	18.96	0.01
1	5	0.12	1.99	18.54	21.85	0.13
2	2	0.00	0.11	20.78	30.01	1.25
2	6	0.00	0.09	19.12	44.99	0.00
3	3	0.01	0.13	20.95	24.98	0.00
3	7	0.00	0.14	22.52	28.22	0.00
Core	CPU	C1%	C3%	C6%	C8%	C9%
-	-	0.13	3.10	15.85	15.65	0.00
0	0	0.01	4.79	19.08	8.27	0.00
0	4	0.00	0.10	17.69	26.33	0.00
1	1	0.49	9.59	12.33	12.49	0.00
1	5	0.55	9.83	11.07	12.15	0.00
2	2	0.00	0.17	16.33	15.68	0.00
2	6	0.00	0.11	14.89	20.25	0.00
3	3	0.00	0.12	19.83	16.96	0.00
3	7	0.00	0.11	15.56	13.05	0.00
Core	CPU	C1%	C3%	C6%	C8%	C9%
-	-	0.13	3.83	21.93	24.30	0.00
0	0	0.03	10.82	19.92	19.33	0.00
0	4	0.10	1.40	22.82	17.31	0.00
1	1	0.00	0.62	23.75	33.17	0.00
1	5	0.48	6.78	18.79	24.29	0.00
2	2	0.20	5.87	21.22	19.55	0.00
2	6	0.24	4.56	19.82	27.14	0.00
3	3	0.00	0.28	25.36	31.88	0.00
3	7	0.01	0.31	23.78	21.73	0.00
Core	CPU	C1%	C3%	C6%	C8%	C9%
-	-	0.04	3.80	22.93	23.29	0.06
0	0	0.01	16.60	15.65	5.88	0.00
0	4	0.01	0.21	23.23	20.29	0.00
1	1	0.12	8.57	20.99	18.86	0.47
1	5	0.00	2.15	25.24	27.70	0.00
2	2	0.00	0.24	24.98	35.01	0.00
2	6	0.00	0.19	24.51	26.79	0.00
3	3	0.00	0.90	24.11	28.26	0.00
3	7	0.19	1.49	24.73	23.48	0.00
Core	CPU	C1%	C3%	C6%	C8%	C9%
-	-	0.10	3.64	22.49	23.74	0.01
0	0	0.01	7.88	24.06	10.94	0.00
0	4	0.02	6.33	19.89	19.35	0.00
1	1	0.11	2.57	21.72	31.67	0.00
1	5	0.53	10.48	16.27	12.09	0.11
2	2	0.00	0.32	22.91	24.86	0.00
2	6	0.00	0.27	26.08	31.51	0.00
3	3	0.00	0.98	23.24	28.59	0.00
3	7	0.11	0.29	25.74	30.89	0.00
Core	CPU	C1%	C3%	C6%	C8%	C9%
-	-	0.03	3.55	21.74	21.90	0.16
0	0	0.01	18.69	17.47	3.69	0.00
0	4	0.01	5.35	21.05	17.90	1.21
1	1	0.01	0.25	22.73	25.01	0.00
1	5	0.20	3.38	21.86	30.09	0.00
2	2	0.01	0.17	21.54	18.63	0.00
2	6	0.01	0.20	21.75	27.75	0.04
3	3	0.01	0.15	22.70	22.79	0.00
3	7	0.01	0.20	24.85	29.32	0.00
Core	CPU	C1%	C3%	C6%	C8%	C9%
-	-	0.02	2.93	16.11	15.39	0.38
0	0	0.01	16.77	9.10	2.20	0.00
0	4	0.12	5.22	19.53	14.25	3.02
1	1	0.00	0.23	16.65	15.68	0.00
1	5	0.00	0.22	15.40	19.05	0.00
2	2	0.01	0.23	15.73	23.00	0.00
2	6	0.00	0.24	16.81	14.50	0.00
3	3	0.01	0.24	17.14	16.91	0.00
3	7	0.00	0.28	18.53	17.55	0.00
Core	CPU	C1%	C3%	C6%	C8%	C9%
-	-	0.04	3.59	20.76	22.51	0.24
0	0	0.01	10.99	20.20	10.98	0.00
0	4	0.00	0.81	23.88	36.78	0.48
1	1	0.09	4.08	21.11	27.36	0.00
1	5	0.08	3.27	19.60	16.45	0.00
2	2	0.00	0.25	20.63	27.07	1.42
2	6	0.13	8.85	15.74	17.89	0.00
3	3	0.00	0.24	23.46	21.87	0.00
3	7	0.00	0.23	21.48	21.63	0.00
Core	CPU	C1%	C3%	C6%	C8%	C9%
-	-	0.04	3.84	21.73	22.68	0.00
0	0	0.01	15.73	19.01	8.90	0.00
0	4	0.09	6.59	19.73	17.16	0.00
1	1	0.21	3.47	20.17	20.10	0.00
1	5	0.01	0.15	22.99	31.96	0.00
2	2	0.01	0.20	22.48	21.97	0.00
2	6	0.00	0.59	22.12	28.03	0.00
3	3	0.01	0.15	21.88	21.43	0.00
3	7	0.01	3.84	25.44	31.89	0.00
Core	CPU	C1%	C3%	C6%	C8%	C9%
-	-	0.10	3.54	21.87	24.03	0.09
0	0	0.00	2.54	26.94	15.21	0.00
0	4	0.01	6.78	19.04	26.62	0.00
1	1	0.01	0.34	23.93	25.87	0.00
1	5	0.01	0.32	23.00	31.01	0.00
2	2	0.11	2.42	21.78	25.49	0.00
2	6	0.00	0.21	23.04	27.36	0.00
3	3	0.67	15.57	12.96	9.24	0.12
3	7	0.01	0.18	24.33	31.46	0.62
Core	CPU	C1%	C3%	C6%	C8%	C9%
-	-	0.20	3.42	21.29	22.72	0.19
0	0	0.00	0.24	26.14	15.43	1.39
0	4	0.00	0.13	23.40	29.20	0.00
1	1	0.00	0.24	22.27	29.23	0.00
1	5	0.30	0.16	22.60	35.89	0.16
2	2	0.94	18.21	12.90	5.18	0.00
2	6	0.24	7.95	20.20	17.76	0.00
3	3	0.10	0.28	22.31	25.38	0.00
3	7	0.00	0.26	20.87	24.06	0.00
Core	CPU	C1%	C3%	C6%	C8%	C9%
-	-	0.11	3.12	17.15	16.54	0.31
0	0	0.02	17.01	11.58	2.00	0.00
0	4	0.00	3.04	17.33	16.34	2.51
1	1	0.00	0.16	19.33	28.69	0.00
1	5	0.06	1.14	16.46	20.51	0.00
2	2	0.00	0.98	18.10	15.72	0.00
2	6	0.01	0.15	19.18	19.38	0.00
3	3	0.77	2.22	16.23	13.47	0.00
3	7	0.00	0.16	18.67	15.86	0.00
Core	CPU	C1%	C3%	C6%	C8%	C9%
-	-	0.06	3.46	21.84	21.66	0.00
0	0	0.01	0.28	27.79	16.49	0.00
0	4	0.01	0.26	23.92	18.76	0.00
1	1	0.00	0.37	24.24	20.38	0.00
1	5	0.00	0.30	24.17	26.86	0.00
2	2	0.01	0.56	22.47	20.12	0.00
2	6	0.01	0.29	21.12	45.87	0.02
3	3	0.41	25.34	5.70	0.00	0.00
3	7	0.00	0.33	25.31	24.84	0.00
Core	CPU	C1%	C3%	C6%	C8%	C9%
-	-	0.13	3.77	21.32	21.99	0.00
0	0	0.00	0.29	27.10	13.54	0.00
0	4	0.00	0.27	22.28	19.09	0.00
1	1	0.10	0.36	22.46	23.32	0.00
1	5	0.00	0.29	24.90	23.51	0.00
2	2	0.00	0.37	22.01	20.64	0.00
2	6	0.00	0.29	20.68	48.17	0.00
3	3	0.93	27.98	5.97	0.00	0.00
3	7	0.00	0.31	25.17	27.67	0.00
Core	CPU	C1%	C3%	C6%	C8%	C9%
-	-	0.07	3.86	23.16	23.33	0.08
0	0	0.00	1.25	28.77	14.24	0.14
0	4	0.08	15.13	18.20	12.25	0.51
1	1	0.00	0.23	23.15	22.62	0.00
1	5	0.00	0.36	27.55	33.50	0.00
2	2	0.00	1.03	25.62	28.38	0.00
2	6	0.00	0.25	24.58	34.30	0.00
3	3	0.50	10.99	13.61	18.02	0.00
3	7	0.00	1.67	23.85	23.35	0.00
Core	CPU	C1%	C3%	C6%	C8%	C9%
-	-	0.01	3.69	21.22	23.84	0.19
0	0	0.03	19.52	13.13	10.91	0.05
0	4	0.00	0.90	25.25	22.24	1.45
1	1	0.07	7.63	21.04	26.34	0.00
1	5	0.00	0.29	23.25	24.36	0.00
2	2	0.00	0.32	24.71	21.17	0.00
2	6	0.01	0.33	21.68	35.53	0.05
3	3	0.00	0.31	22.32	28.97	0.00
3	7	0.00	0.21	18.37	21.14	0.00
Core	CPU	C1%	C3%	C6%	C8%	C9%
-	-	0.06	2.40	24.10	22.65	0.03
0	0	0.01	3.57	28.63	16.47	0.00
0	4	0.01	6.97	19.53	16.71	0.00
1	1	0.15	1.69	24.10	20.62	0.00
1	5	0.30	6.21	22.92	20.08	0.15
2	2	0.00	0.23	24.18	22.32	0.00
2	6	0.00	0.21	23.49	24.05	0.06
3	3	0.00	0.20	23.82	25.11	0.00
3	7	0.01	0.19	26.35	36.05	0.00
Core	CPU	C1%	C3%	C6%	C8%	C9%
-	-	0.08	3.48	22.40	25.36	0.01
0	0	0.00	4.66	26.87	18.81	0.11
0	4	0.01	3.60	24.97	26.66	0.00
1	1	0.19	1.81	17.30	28.21	0.00
1	5	0.09	3.10	21.54	20.90	0.00
2	2	0.31	12.69	17.06	20.79	0.00
2	6	0.00	0.36	24.61	34.71	0.00
3	3	0.00	0.17	23.78	27.26	0.00
3	7	0.00	1.46	22.89	25.29	0.00
Core	CPU	C1%	C3%	C6%	C8%	C9%
-	-	0.06	3.64	21.92	23.43	0.00
0	0	0.03	10.14	21.33	9.37	0.00
0	4	0.08	5.01	20.68	15.30	0.00
1	1	0.27	9.77	19.30	15.29	0.00
1	5	0.07	2.46	23.58	23.41	0.00
2	2	0.00	0.22	22.84	49.88	0.00
2	6	0.01	0.38	22.39	27.29	0.00
3	3	0.00	0.91	22.28	24.96	0.00
3	7	0.00	0.24	23.00	21.97	0.00
Core	CPU	C1%	C3%	C6%	C8%	C9%
-	-	0.10	3.51	22.09	22.34	0.25
0	0	0.00	3.56	26.66	13.66	1.38
0	4	0.12	9.66	17.93	15.98	0.00
1	1	0.00	0.33	23.29	23.58	0.00
1	5	0.00	0.11	23.33	28.38	0.00
2	2	0.57	10.98	16.23	25.78	0.00
2	6	0.07	3.08	22.63	22.42	0.64
3	3	0.00	0.13	24.99	27.28	0.00
3	7	0.01	0.23	21.59	21.64	0.00
Core	CPU	C1%	C3%	C6%	C8%	C9%
-	-	0.14	3.66	21.37	22.22	0.18
0	0	0.00	0.50	26.86	31.21	1.39
0	4	0.00	0.30	24.73	26.57	0.00
1	1	0.00	0.30	23.95	31.36	0.00
1	5	0.00	0.27	22.49	18.65	0.00
2	2	1.10	26.94	4.08	0.00	0.00
2	6	0.00	0.35	23.05	23.71	0.06
3	3	0.00	0.31	22.10	23.26	0.00
3	7	0.00	0.32	23.72	23.02	0.00
Core	CPU	C1%	C3%	C6%	C8%	C9%
-	-	0.11	3.18	17.29	18.07	0.24
0	0	0.10	2.15	22.60	20.95	1.94
0	4	0.00	0.15	18.63	18.22	0.00
1	1	0.24	8.41	14.81	20.72	0.00
1	5	0.01	0.17	16.77	17.80	0.00
2	2	0.39	12.90	11.24	5.15	0.00
2	6	0.08	1.20	18.66	17.82	0.00
3	3	0.00	0.16	16.37	15.68	0.00
3	7	0.03	0.32	19.25	28.27	0.00
Core	CPU	C1%	C3%	C6%	C8%	C9%
-	-	0.10	3.47	20.90	19.03	0.26
0	0	0.00	0.79	24.56	16.56	1.94
0	4	0.01	3.25	21.79	20.65	0.05
1	1	0.51	17.99	13.28	7.12	0.00
1	5	0.22	4.80	20.13	17.66	0.00
2	2	0.02	0.51	22.16	21.65	0.00
2	6	0.00	0.15	22.05	18.72	0.06
3	3	0.00	0.16	22.09	27.86	0.00
3	7	0.01	0.11	21.12	22.03	0.00
Core	CPU	C1%	C3%	C6%	C8%	C9%
-	-	0.05	3.79	20.86	24.75	0.35
0	0	0.02	16.81	20.50	6.98	0.14
0	4	0.01	3.95	20.54	28.96	0.00
1	1	0.02	1.35	21.12	28.89	0.00
1	5	0.00	0.24	20.81	21.87	0.00
2	2	0.01	0.21	19.72	28.95	2.65
2	6	0.08	0.25	22.56	38.02	0.00
3	3	0.24	6.00	18.43	21.56	0.00
3	7	0.00	1.48	23.21	22.81	0.00
Core	CPU	C1%	C3%	C6%	C8%	C9%
-	-	0.16	3.27	22.42	22.26	0.02
0	0	0.01	0.24	28.20	18.26	0.00
0	4	0.00	0.16	24.34	28.63	0.00
1	1	0.39	8.29	19.67	23.05	0.00
1	5	0.75	16.87	13.62	7.73	0.00
2	2	0.13	0.12	23.31	28.28	0.00
2	6	0.00	0.18	22.87	26.16	0.13
3	3	0.00	0.13	24.06	23.58	0.00
3	7	0.00	0.16	23.33	22.38	0.00
Core	CPU	C1%	C3%	C6%	C8%	C9%
-	-	0.07	3.77	21.59	23.80	0.18
0	0	0.02	8.09	20.50	15.53	0.00
0	4	0.00	0.18	24.76	26.39	0.00
1	1	0.01	0.18	20.85	32.68	0.00
1	5	0.01	2.52	20.67	24.89	0.00
2	2	0.01	0.25	22.57	23.45	1.42
2	6	0.01	0.32	22.95	30.92	0.00
3	3	0.51	15.97	16.06	9.95	0.00
3	7	0.01	2.71	24.95	27.20	0.00
Core	CPU	C1%	C3%	C6%	C8%	C9%
-	-	0.00	3.34	17.75	17.22	0.01
0	0	0.01	2.67	22.56	8.64	0.00
0	4	0.01	22.79	6.39	2.44	0.00
1	1	0.00	0.20	20.79	23.33	0.00
1	5	0.00	0.17	19.20	20.20	0.00
2	2	0.00	0.19	17.84	23.63	0.00
2	6	0.00	0.15	18.54	17.06	0.06
3	3	0.00	0.22	19.32	25.64	0.00
3	7	0.00	0.19	16.90	16.46	0.00
Core	CPU	C1%	C3%	C6%	C8%	C9%
-	-	0.04	3.22	20.40	21.50	0.09
0	0	0.02	10.10	20.99	12.22	0.71
0	4	0.00	3.37	23.65	18.88	0.00
1	1	0.16	4.83	16.97	17.52	0.00
1	5	0.00	0.15	19.91	25.22	0.00
2	2	0.00	0.81	21.89	28.69	0.03
2	6	0.00	0.14	18.98	21.72	0.00
3	3	0.16	6.13	18.24	17.24	0.00
3	7	0.00	0.19	22.52	30.52	0.00
Core	CPU	C1%	C3%	C6%	C8%	C9%
-	-	0.12	3.69	20.75	21.86	0.00
0	0	0.01	0.47	26.86	16.81	0.00
0	4	0.00	0.23	21.44	21.08	0.00
1	1	0.01	0.20	22.03	31.59	0.00
1	5	0.11	0.18	22.10	24.06	0.00
2	2	0.00	0.20	23.33	26.98	0.00
2	6	0.00	0.23	20.32	30.06	0.00
3	3	0.83	27.68	5.58	0.00	0.00
3	7	0.00	0.33	24.34	24.26	0.00
Core	CPU	C1%	C3%	C6%	C8%	C9%
-	-	0.11	3.71	21.20	21.68	0.00
0	0	0.01	0.35	27.64	15.31	0.00
0	4	0.00	0.21	22.72	17.20	0.00
1	1	0.00	0.29	23.02	40.86	0.00
1	5	0.00	0.21	21.85	21.67	0.00
2	2	0.00	0.22	23.40	21.50	0.00
2	6	0.00	0.90	22.54	24.68	0.00
3	3	0.87	27.42	5.04	0.00	0.00
3	7	0.00	0.19	24.13	32.93	0.00
Core	CPU	C1%	C3%	C6%	C8%	C9%
-	-	0.08	3.53	20.48	22.27	0.00
0	0	0.00	0.31	24.61	17.27	0.00
0	4	0.00	0.23	22.74	18.82	0.00
1	1	0.00	0.20	19.19	29.53	0.00
1	5	0.00	0.24	20.39	24.59	0.00
2	2	0.00	0.16	20.65	22.93	0.00
2	6	0.00	0.20	21.68	38.01	0.02
3	3	0.58	26.39	6.92	0.00	0.00
3	7	0.05	0.41	26.96	26.25	0.00
Core	CPU	C1%	C3%	C6%	C8%	C9%
-	-	0.04	3.08	17.96	18.56	0.00
0	0	0.00	10.05	16.51	5.61	0.00
0	4	0.00	4.48	19.09	14.77	0.00
1	1	0.00	0.23	19.60	18.82	0.00
1	5	0.00	0.24	19.06	19.01	0.00
2	2	0.00	0.23	18.61	32.83	0.00
2	6	0.00	0.18	17.49	27.06	0.00
3	3	0.28	7.72	14.20	12.31	0.00
3	7	0.00	1.50	19.12	18.09	0.00
Core	CPU	C1%	C3%	C6%	C8%	C9%
-	-	0.03	3.78	20.11	22.69	0.02
0	0	0.01	14.30	15.60	5.84	0.00
0	4	0.02	9.98	15.39	14.81	0.00
1	1	0.00	0.36	24.04	19.79	0.00
1	5	0.00	0.28	20.75	23.91	0.00
2	2	0.16	2.45	19.96	22.11	0.04
2	6	0.06	2.35	19.87	42.99	0.11
3	3	0.00	0.28	21.07	27.29	0.00
3	7	0.00	0.29	24.39	24.92	0.00
Core	CPU	C1%	C3%	C6%	C8%	C9%
-	-	0.03	3.74	21.49	22.82	0.30
0	0	0.01	10.42	22.93	11.87	0.11
0	4	0.20	17.07	15.72	11.19	0.00
1	1	0.00	0.19	24.43	27.33	0.90
1	5	0.00	0.18	21.11	33.95	0.00
2	2	0.00	1.31	20.71	20.95	1.40
2	6	0.00	0.18	21.79	28.45	0.00
3	3	0.00	0.22	22.38	23.47	0.00
3	7	0.00	0.26	22.57	25.13	0.00
Core	CPU	C1%	C3%	C6%	C8%	C9%
-	-	0.16	3.63	22.63	22.06	0.03
0	0	0.00	0.35	29.12	14.53	0.00
0	4	0.00	0.68	24.46	21.92	0.00
1	1	0.52	12.62	15.91	15.64	0.07
1	5	0.70	10.91	17.89	13.50	0.00
2	2	0.00	0.35	26.19	40.10	0.00
2	6	0.00	0.25	23.41	20.49	0.16
3	3	0.08	3.68	21.63	27.79	0.00
3	7	0.00	0.23	22.47	22.50	0.00
Core	CPU	C1%	C3%	C6%	C8%	C9%
-	-	0.02	3.75	20.80	23.67	0.02
0	0	0.03	15.36	17.74	8.82	0.00
0	4	0.04	12.98	16.62	22.21	0.00
1	1	0.00	0.21	20.80	29.01	0.00
1	5	0.09	0.20	19.89	25.24	0.00
2	2	0.00	0.41	23.12	25.28	0.00
2	6	0.00	0.32	21.80	28.70	0.12
3	3	0.00	0.21	22.28	27.92	0.00
3	7	0.00	0.31	24.15	22.20	0.02
Core	CPU	C1%	C3%	C6%	C8%	C9%
-	-	0.06	3.10	16.71	17.51	0.00
0	0	0.10	5.89	15.77	9.06	0.00
0	4	0.00	1.77	16.32	21.14	0.00
1	1	0.37	16.11	8.55	4.94	0.00
1	5	0.00	0.17	16.25	21.75	0.00
2	2	0.01	0.25	19.44	13.94	0.00
2	6	0.00	0.24	18.61	26.81	0.00
3	3	0.00	0.19	19.98	23.65	0.00
3	7	0.01	0.19	18.79	18.78	0.00
Core	CPU	C1%	C3%	C6%	C8%	C9%
-	-	0.00	3.16	21.06	20.58	0.00
0	0	0.01	10.51	22.10	10.08	0.00
0	4	0.01	10.14	20.11	15.03	0.00
1	1	0.00	0.12	22.21	17.54	0.00
1	5	0.01	0.10	22.04	20.28	0.00
2	2	0.00	3.63	19.87	19.27	0.00
2	6	0.00	0.10	19.45	23.72	0.00
3	3	0.00	0.14	23.45	34.71	0.00
3	7	0.00	0.54	19.29	24.03	0.00
Core	CPU	C1%	C3%	C6%	C8%	C9%
-	-	0.05	3.62	21.30	22.81	0.00
0	0	0.00	1.56	28.36	18.54	0.02
0	4	0.01	8.77	17.43	20.09	0.00
1	1	0.01	2.08	20.47	25.21	0.00
1	5	0.15	5.71	19.31	21.30	0.00
2	2	0.08	2.28	22.19	27.06	0.00
2	6	0.01	0.16	22.14	20.19	0.00
3	3	0.15	8.28	19.28	26.02	0.00
3	7	0.01	0.13	21.24	24.08	0.00
Core	CPU	C1%	C3%	C6%	C8%	C9%
-	-	0.07	3.62	20.88	23.08	0.00
0	0	0.01	5.21	21.98	15.21	0.00
0	4	0.01	10.12	17.94	13.83	0.00
1	1	0.00	0.20	22.56	25.99	0.00
1	5	0.00	0.17	19.44	20.02	0.00
2	2	0.01	2.39	20.09	24.65	0.00
2	6	0.00	0.18	23.49	27.34	0.00
3	3	0.55	10.51	18.45	20.12	0.00
3	7	0.00	0.19	23.14	37.45	0.00
Core	CPU	C1%	C3%	C6%	C8%	C9%
-	-	0.01	3.70	20.45	22.17	0.00
0	0	0.08	16.95	19.72	9.24	0.00
0	4	0.02	12.01	15.53	13.73	0.00
1	1	0.00	0.09	18.94	25.53	0.00
1	5	0.00	0.11	22.18	24.37	0.00
2	2	0.00	0.09	20.94	20.07	0.00
2	6	0.00	0.05	21.73	21.64	0.00
3	3	0.00	0.11	20.99	34.58	0.00
3	7	0.00	0.23	23.55	28.16	0.00
Core	CPU	C1%	C3%	C6%	C8%	C9%
-	-	0.10	3.08	17.58	18.66	0.18
0	0	0.00	7.36	19.19	9.05	1.39
0	4	0.00	2.71	17.12	20.09	0.00
1	1	0.00	2.36	19.11	17.30	0.00
1	5	0.67	11.69	11.70	8.75	0.00
2	2	0.10	0.27	20.73	26.75	0.00
2	6	0.00	0.06	17.35	22.02	0.06
3	3	0.00	0.09	16.36	22.60	0.00
3	7	0.00	0.12	19.12	22.69	0.00
Core	CPU	C1%	C3%	C6%	C8%	C9%
-	-	0.07	3.43	20.39	20.28	0.16
0	0	0.01	1.34	26.10	15.31	0.00
0	4	0.02	5.54	19.87	15.39	1.26
1	1	0.01	1.31	19.91	19.03	0.00
1	5	0.01	0.16	20.53	17.78	0.00
2	2	0.00	2.42	22.31	35.84	0.05
2	6	0.00	0.13	20.05	23.66	0.00
3	3	0.45	16.34	11.80	9.31	0.00
3	7	0.04	0.17	22.54	25.92	0.00
Core	CPU	C1%	C3%	C6%	C8%	C9%
-	-	0.12	3.44	20.82	23.13	0.00
0	0	0.00	9.87	19.40	8.41	0.00
0	4	0.00	0.06	22.31	28.38	0.00
1	1	0.00	0.21	23.84	34.86	0.00
1	5	0.00	0.17	21.08	22.55	0.00
2	2	0.17	4.07	21.17	24.49	0.00
2	6	0.72	12.88	14.80	13.68	0.00
3	3	0.00	0.08	20.64	26.25	0.00
3	7	0.05	0.20	23.42	26.45	0.00
Core	CPU	C1%	C3%	C6%	C8%	C9%
-	-	0.13	3.45	22.34	22.83	0.02
0	0	0.01	2.80	25.43	10.64	0.13
0	4	0.01	0.13	23.15	41.93	0.00
1	1	0.14	0.27	24.18	23.83	0.00
1	5	0.00	0.16	22.68	20.77	0.00
2	2	0.46	10.34	18.11	14.99	0.00
2	6	0.37	12.33	14.49	14.68	0.00
3	3	0.00	0.14	26.01	26.13	0.02
3	7	0.01	1.39	24.60	29.64	0.00
Core	CPU	C1%	C3%	C6%	C8%	C9%
-	-	0.07	3.82	22.53	23.21	0.00
0	0	0.02	14.78	21.31	11.16	0.00
0	4	0.00	0.14	23.73	31.81	0.00
1	1	0.14	0.37	25.75	29.87	0.00
1	5	0.00	0.18	20.54	26.53	0.00
2	2	0.24	2.33	24.08	21.88	0.00
2	6	0.00	0.15	25.10	22.45	0.00
3	3	0.17	11.21	15.69	20.22	0.00
3	7	0.00	1.40	24.02	21.77	0.00
Core	CPU	C1%	C3%	C6%	C8%	C9%
-	-	0.05	3.31	18.19	16.99	0.01
0	0	0.01	5.70	19.62	9.01	0.00
0	4	0.00	8.10	15.46	24.05	0.00
1	1	0.07	1.76	19.52	23.74	0.00
1	5	0.00	0.20	19.27	19.56	0.00
2	2	0.01	0.31	19.97	16.33	0.00
2	6	0.01	0.20	19.06	15.83	0.00
3	3	0.30	9.95	12.82	8.25	0.05
3	7	0.01	0.23	19.81	19.12	0.00
Core	CPU	C1%	C3%	C6%	C8%	C9%
-	-	0.11	3.42	20.53	22.66	0.79
0	0	0.00	5.54	23.33	13.52	2.80
0	4	0.00	0.32	24.47	22.88	0.00
1	1	0.28	6.45	17.01	20.12	0.00
1	5	0.32	10.87	13.42	18.95	0.00
2	2	0.14	0.30	24.09	21.74	3.46
2	6	0.00	0.20	19.89	36.76	0.07
3	3	0.07	3.25	20.50	26.24	0.00
3	7	0.09	0.41	21.51	21.07	0.00
Core	CPU	C1%	C3%	C6%	C8%	C9%
-	-	0.12	3.52	21.06	22.93	0.44
0	0	0.01	2.50	27.76	21.50	2.44
0	4	0.01	8.58	19.97	12.85	0.00
1	1	0.78	13.67	13.16	13.45	0.00
1	5	0.00	0.22	22.10	27.13	0.00
2	2	0.00	0.23	22.38	26.21	1.00
2	6	0.00	0.12	22.34	26.66	0.07
3	3	0.19	2.73	20.92	27.81	0.00
3	7	0.00	0.20	20.09	28.02	0.00
Core	CPU	C1%	C3%	C6%	C8%	C9%
-	-	0.11	3.41	21.83	22.65	0.01
0	0	0.01	5.07	23.55	14.54	0.00
0	4	0.01	0.10	23.87	20.95	0.00
1	1	0.74	16.84	11.25	9.40	0.00
1	5	0.09	3.43	22.98	19.96	0.00
2	2	0.01	0.24	24.19	27.33	0.00
2	6	0.00	0.09	24.24	27.31	0.05
3	3	0.01	0.21	22.51	41.74	0.00
3	7	0.01	1.22	21.77	19.72	0.00
Core	CPU	C1%	C3%	C6%	C8%	C9%
-	-	0.05	3.79	21.44	22.67	0.00
0	0	0.01	13.18	18.02	15.92	0.00
0	4	0.00	2.54	21.22	22.03	0.00
1	1	0.07	4.82	19.44	17.38	0.00
1	5	0.00	1.17	23.74	19.46	0.00
2	2	0.00	0.33	25.37	20.41	0.00
2	6	0.00	0.09	20.92	46.84	0.00
3	3	0.34	6.89	20.79	17.32	0.00
3	7	0.00	1.27	21.99	22.03	0.02
Core	CPU	C1%	C3%	C6%	C8%	C9%
-	-	0.03	3.22	18.40	19.21	0.01
0	0	0.02	13.97	15.03	6.00	0.00
0	4	0.00	5.72	16.10	14.36	0.00
1	1	0.24	3.22	17.25	21.41	0.00
1	5	0.00	0.05	18.51	17.69	0.00
2	2	0.00	0.19	20.35	27.79	0.00
2	6	0.00	0.09	19.94	17.63	0.00
3	3	0.00	0.13	19.62	22.31	0.00
3	7	0.00	2.37	20.44	26.51	0.08
Core	CPU	C1%	C3%	C6%	C8%	C9%
-	-	0.01	3.44	20.72	21.60	0.00
0	0	0.01	7.84	22.35	8.56	0.00
0	4	0.01	16.82	14.10	8.98	0.00
1	1	0.00	0.22	19.48	17.79	0.00
1	5	0.00	0.21	21.59	39.61	0.00
2	2	0.03	0.54	24.17	22.26	0.00
2	6	0.00	0.20	22.90	25.78	0.00
3	3	0.00	0.43	19.81	25.02	0.00
3	7	0.00	1.27	21.32	24.77	0.00
Core	CPU	C1%	C3%	C6%	C8%	C9%
-	-	0.10	3.93	21.61	21.88	0.07
0	0	0.01	4.74	24.13	10.56	0.00
0	4	0.01	3.63	20.74	20.09	0.00
1	1	0.07	3.57	23.25	27.44	0.00
1	5	0.67	18.44	13.04	9.49	0.50
2	2	0.00	0.34	23.82	23.04	0.00
2	6	0.00	0.25	22.31	29.04	0.06
3	3	0.00	0.17	23.45	25.23	0.00
3	7	0.00	0.27	22.11	30.16	0.00
Core	CPU	C1%	C3%	C6%	C8%	C9%
-	-	0.03	3.40	22.01	23.97	0.05
0	0	0.02	10.46	21.56	11.89	0.00
0	4	0.01	9.86	19.26	20.99	0.00
1	1	0.00	0.33	25.75	23.03	0.00
1	5	0.00	0.25	22.57	28.47	0.00
2	2	0.00	0.34	25.33	25.32	0.01
2	6	0.00	0.24	20.82	25.97	0.00
3	3	0.17	4.54	20.37	22.65	0.37
3	7	0.00	1.21	20.43	33.47	0.00
Core	CPU	C1%	C3%	C6%	C8%	C9%
-	-	0.04	3.67	21.76	22.77	0.00
0	0	0.01	14.94	21.27	17.65	0.00
0	4	0.01	3.61	22.47	21.18	0.00
1	1	0.00	0.18	22.22	21.91	0.00
1	5	0.00	0.12	21.71	27.47	0.00
2	2	0.18	5.37	22.73	23.56	0.00
2	6	0.11	4.79	19.82	27.75	0.00
3	3	0.00	0.20	21.93	19.60	0.00
3	7	0.00	0.16	21.98	23.02	0.00
Core	CPU	C1%	C3%	C6%	C8%	C9%
-	-	0.10	2.72	25.61	24.10	0.01
0	0	0.01	12.37	23.17	10.98	0.00
0	4	0.00	1.44	23.95	20.31	0.00
1	1	0.48	2.91	19.87	24.08	0.00
1	5	0.00	0.22	28.01	32.59	0.00
2	2	0.00	1.82	26.82	25.02	0.00
2	6	0.16	2.36	26.68	25.12	0.11
3	3	0.10	0.38	27.97	31.40	0.00
3	7	0.01	0.23	28.43	23.31	0.00
Core	CPU	C1%	C3%	C6%	C8%	C9%
-	-	0.21	2.19	20.81	18.63	0.07
0	0	0.00	0.27	26.69	22.00	0.00
0	4	0.00	0.22	18.99	23.19	0.47
1	1	0.00	0.17	20.51	22.58	0.00
1	5	0.00	0.20	20.85	23.38	0.00
2	2	1.40	14.03	10.87	4.41	0.00
2	6	0.28	1.91	19.54	16.17	0.06
3	3	0.00	0.42	23.17	20.19	0.00
3	7	0.00	0.29	26.11	17.37	0.00
Core	CPU	C1%	C3%	C6%	C8%	C9%
-	-	0.46	3.88	21.64	21.83	0.15
0	0	0.00	0.38	26.63	25.62	0.00
0	4	0.00	0.20	24.80	25.74	0.00
1	1	1.32	17.41	12.36	10.04	0.00
1	5	0.00	0.28	22.33	20.27	0.00
2	2	0.81	6.10	18.03	16.15	0.71
2	6	0.72	5.37	19.85	22.90	0.06
3	3	0.01	1.08	24.89	28.18	0.00
3	7	0.78	0.19	24.02	25.53	0.46
Core	CPU	C1%	C3%	C6%	C8%	C9%
-	-	0.40	3.70	22.70	21.71	0.00
0	0	0.00	0.37	26.80	14.28	0.00
0	4	0.12	0.16	23.75	30.75	0.00
1	1	0.05	4.62	26.59	30.11	0.00
1	5	2.62	22.93	7.80	2.95	0.00
2	2	0.15	0.23	25.21	25.22	0.00
2	6	0.00	0.18	22.40	19.60	0.00
3	3	0.28	0.28	24.01	31.60	0.00
3	7	0.00	0.82	25.08	19.15	0.00
Core	CPU	C1%	C3%	C6%	C8%	C9%
-	-	0.12	2.90	18.71	16.42	0.01
0	0	0.00	1.44	23.63	10.77	0.00
0	4	0.01	6.13	15.66	9.28	0.00
1	1	0.20	3.81	17.64	15.90	0.00
1	5	0.70	11.26	13.07	9.59	0.00
2	2	0.01	0.19	21.09	25.27	0.00
2	6	0.01	0.11	20.36	28.11	0.05
3	3	0.01	0.15	18.49	16.47	0.00
3	7	0.01	0.08	19.74	16.00	0.00
Core	CPU	C1%	C3%	C6%	C8%	C9%
-	-	0.11	3.67	23.13	24.69	0.11
0	0	0.03	16.69	17.39	11.91	0.00
0	4	0.01	2.98	21.74	25.41	0.00
1	1	0.21	2.69	23.60	22.45	0.91
1	5	0.01	0.13	23.26	44.34	0.00
2	2	0.02	0.20	25.20	24.33	0.00
2	6	0.00	0.14	22.61	22.10	0.00
3	3	0.57	6.30	21.82	21.21	0.00
3	7	0.01	0.21	29.40	25.78	0.00
Core	CPU	C1%	C3%	C6%	C8%	C9%
-	-	0.28	4.08	22.19	23.50	0.07
0	0	0.08	7.27	22.90	20.97	0.00
0	4	0.04	2.53	24.72	20.62	0.00
1	1	0.00	0.97	24.67	21.46	0.00
1	5	0.00	0.17	22.40	25.29	0.00
2	2	0.30	2.17	23.76	21.04	0.00
2	6	1.80	18.97	11.78	16.14	0.00
3	3	0.00	0.20	23.69	27.11	0.57
3	7	0.05	0.38	23.59	35.41	0.00
Core	CPU	C1%	C3%	C6%	C8%	C9%
-	-	0.04	3.55	21.80	23.00	0.05
0	0	0.02	11.96	20.92	8.91	0.13
0	4	0.12	11.98	15.23	13.09	0.00
1	1	0.01	1.38	23.15	25.47	0.00
1	5	0.00	0.15	22.34	27.75	0.00
2	2	0.05	1.23	22.33	21.90	0.13
2	6	0.11	1.25	21.76	40.96	0.00
3	3	0.00	0.18	23.40	27.47	0.00
3	7	0.00	0.28	25.30	18.44	0.13
Core	CPU	C1%	C3%	C6%	C8%	C9%
-	-	0.48	3.70	21.31	24.25	0.02
0	0	0.01	0.35	29.28	30.28	0.09
0	4	0.00	0.16	25.71	27.47	0.00
1	1	0.92	10.45	16.60	16.20	0.00
1	5	2.15	18.08	13.05	8.88	0.00
2	2	0.00	0.12	22.72	23.23	0.00
2	6	0.79	0.21	19.55	37.40	0.06
3	3	0.00	0.11	19.94	22.26	0.00
3	7	0.00	0.14	23.64	28.29	0.00
Core	CPU	C1%	C3%	C6%	C8%	C9%
-	-	0.22	3.49	18.72	19.01	0.59
0	0	0.03	4.81	21.78	10.75	0.00
0	4	0.00	2.14	19.23	26.18	0.23
1	1	0.00	0.16	17.23	30.23	0.00
1	5	0.14	2.46	15.98	17.95	0.00
2	2	0.45	5.32	19.20	17.63	1.37
2	6	0.62	12.42	13.79	8.98	3.10
3	3	0.00	0.20	20.77	21.02	0.00
3	7	0.52	0.38	21.80	19.32	0.00
Core	CPU	C1%	C3%	C6%	C8%	C9%
-	-	0.18	3.40	17.40	19.20	0.00
0	0	0.10	0.41	22.21	15.21	0.00
0	4	0.00	0.06	17.32	16.69	0.00
1	1	0.11	5.84	15.51	10.68	0.00
1	5	0.00	0.17	15.42	22.11	0.00
2	2	0.10	7.14	16.77	16.30	0.00
2	6	1.14	11.69	12.18	8.29	0.00
3	3	0.00	0.28	19.91	32.64	0.00
3	7	0.01	1.61	19.92	31.69	0.00
Core	CPU	C1%	C3%	C6%	C8%	C9%
-	-	0.03	3.68	20.96	23.30	0.02
0	0	0.01	18.68	13.40	6.00	0.08
0	4	0.00	0.12	22.45	21.63	0.00
1	1	0.01	2.19	23.10	21.43	0.00
1	5	0.01	0.08	22.93	23.63	0.00
2	2	0.00	0.12	21.26	46.23	0.00
2	6	0.00	0.10	21.99	22.58	0.00
3	3	0.18	6.92	19.67	18.55	0.04
3	7	0.06	1.24	22.89	26.37	0.00
Core	CPU	C1%	C3%	C6%	C8%	C9%
-	-	0.16	3.01	20.07	19.33	0.03
0	0	0.04	8.67	21.08	8.41	0.00
0	4	0.03	8.90	14.52	13.28	0.00
1	1	0.93	1.29	21.95	19.47	0.00
1	5	0.00	0.26	20.41	18.10	0.00
2	2	0.00	0.21	19.79	23.63	0.00
2	6	0.29	4.18	18.42	24.86	0.21
3	3	0.01	0.20	20.52	25.57	0.00
3	7	0.01	0.40	23.94	21.39	0.00
Core	CPU	C1%	C3%	C6%	C8%	C9%
-	-	0.09	3.69	21.20	23.65	0.01
0	0	0.04	16.69	18.92	6.81	0.00
0	4	0.00	3.57	22.21	20.62	0.00
1	1	0.01	0.09	23.03	33.30	0.00
1	5	0.01	0.09	22.44	26.23	0.00
2	2	0.63	8.74	16.07	15.78	0.04
2	6	0.01	0.17	22.15	35.09	0.04
3	3	0.01	0.08	24.02	28.78	0.00
3	7	0.01	0.05	20.71	22.56	0.00
Core	CPU	C1%	C3%	C6%	C8%	C9%
-	-	0.35	3.36	24.44	24.42	0.06
0	0	0.11	2.40	29.46	26.57	0.51
0	4	0.00	6.71	22.42	20.73	0.00
1	1	0.06	2.29	25.53	29.79	0.00
1	5	0.07	0.79	22.77	22.14	0.00
2	2	0.70	8.86	22.05	23.50	0.00
2	6	0.00	0.27	24.23	26.77	0.00
3	3	0.88	4.38	21.90	19.71	0.00
3	7	0.97	1.24	27.17	26.17	0.00
Core	CPU	C1%	C3%	C6%	C8%	C9%
-	-	0.02	2.73	23.58	23.96	0.00
0	0	0.02	3.02	27.59	10.69	0.00
0	4	0.11	16.91	11.78	11.60	0.00
1	1	0.00	0.25	24.01	25.30	0.03
1	5	0.00	0.26	23.21	38.30	0.00
2	2	0.00	0.32	25.58	20.81	0.00
2	6	0.00	0.29	26.55	33.79	0.00
3	3	0.00	0.34	24.97	26.76	0.00
3	7	0.00	0.43	24.94	24.40	0.00
Core	CPU	C1%	C3%	C6%	C8%	C9%
-	-	0.01	3.85	20.77	24.57	0.16
0	0	0.02	27.20	9.83	1.61	0.00
0	4	0.02	1.58	24.94	23.14	0.00
1	1	0.01	0.24	21.70	34.70	0.00
1	5	0.00	0.13	21.55	30.98	0.51
2	2	0.00	0.25	22.11	36.83	0.00
2	6	0.00	0.16	22.20	23.14	0.80
3	3	0.00	0.23	21.03	24.32	0.00
3	7	0.00	1.01	22.80	21.81	0.00
Core	CPU	C1%	C3%	C6%	C8%	C9%
-	-	0.02	3.52	21.47	23.69	0.16
0	0	0.01	12.56	17.65	7.01	0.00
0	4	0.01	10.33	18.64	19.31	0.00
1	1	0.00	0.28	24.06	22.94	0.00
1	5	0.00	0.14	21.94	40.87	0.00
2	2	0.00	0.23	22.63	29.98	0.00
2	6	0.02	0.73	20.93	23.36	0.01
3	3	0.15	3.79	20.51	21.64	0.00
3	7	0.00	0.17	25.80	24.86	1.26
Core	CPU	C1%	C3%	C6%	C8%	C9%
-	-	0.06	3.69	20.35	23.36	0.01
0	0	0.04	17.27	13.96	6.30	0.00
0	4	0.01	0.21	23.98	26.80	0.00
1	1	0.00	0.31	23.47	24.53	0.00
1	5	0.01	0.21	19.96	28.58	0.00
2	2	0.00	0.26	23.66	34.31	0.00
2	6	0.00	0.30	22.01	22.80	0.07
3	3	0.39	9.69	14.27	19.98	0.00
3	7	0.00	1.19	21.04	23.10	0.00
Core	CPU	C1%	C3%	C6%	C8%	C9%
-	-	0.07	2.76	16.96	17.12	0.41
0	0	0.00	11.36	12.38	5.94	0.00
0	4	0.00	4.54	17.91	17.06	0.00
1	1	0.53	5.31	16.06	21.44	2.38
1	5	0.00	0.14	16.51	23.12	0.00
2	2	0.00	0.16	19.10	14.72	0.83
2	6	0.00	0.25	16.61	23.81	0.06
3	3	0.00	0.13	18.53	15.52	0.00
3	7	0.01	0.21	18.54	15.39	0.00
Core	CPU	C1%	C3%	C6%	C8%	C9%
-	-	0.23	3.03	18.59	19.47	0.01
0	0	0.00	0.40	24.07	31.85	0.00
0	4	0.00	0.21	19.57	18.10	0.00
1	1	1.08	9.95	11.59	10.45	0.00
1	5	0.00	0.19	18.66	18.41	0.00
2	2	0.74	12.84	12.20	9.40	0.00
2	6	0.00	0.17	19.73	18.96	0.07
3	3	0.00	0.26	21.06	26.45	0.00
3	7	0.01	0.25	21.85	22.14	0.00
Core	CPU	C1%	C3%	C6%	C8%	C9%
-	-	0.44	3.75	22.59	22.49	0.01
0	0	1.02	5.76	25.73	25.40	0.09
0	4	0.04	7.96	20.26	18.29	0.00
1	1	0.35	0.17	24.63	29.09	0.00
1	5	0.00	0.17	23.72	20.54	0.00
2	2	0.27	3.07	21.39	23.65	0.00
2	6	0.01	0.26	22.55	27.14	0.00
3	3	1.34	11.68	16.96	13.43	0.00
3	7	0.48	1.02	25.87	22.82	0.00
Core	CPU	C1%	C3%	C6%	C8%	C9%
-	-	0.10	3.32	22.48	23.98	0.01
0	0	0.02	8.64	21.03	15.91	0.00
0	4	0.02	4.75	21.82	22.49	0.00
1	1	0.01	0.22	23.92	26.15	0.07
1	5	0.00	0.15	22.86	24.73	0.00
2	2	0.00	0.13	23.93	35.07	0.01
2	6	0.00	0.20	22.35	30.22	0.00
3	3	0.61	12.17	17.73	13.23	0.00
3	7	0.13	0.23	25.83	23.61	0.00
Core	CPU	C1%	C3%	C6%	C8%	C9%
-	-	0.02	3.71	20.87	24.89	0.02
0	0	0.04	21.69	14.26	3.49	0.13
0	4	0.00	3.47	23.10	24.73	0.00
1	1	0.00	0.19	22.13	27.32	0.00
1	5	0.00	0.10	21.32	25.20	0.00
2	2	0.08	2.96	20.60	23.15	0.00
2	6	0.00	0.16	20.45	37.93	0.00
3	3	0.00	0.20	22.69	33.61	0.00
3	7	0.00	0.88	22.38	23.66	0.00
Core	CPU	C1%	C3%	C6%	C8%	C9%
-	-	0.02	3.42	20.27	20.36	0.18
0	0	0.00	15.85	18.12	4.52	0.00
0	4	0.01	5.16	21.63	19.59	0.00
1	1	0.00	0.22	21.57	33.14	0.00
1	5	0.00	0.13	21.38	20.69	0.00
2	2	0.15	2.71	18.33	19.87	1.42
2	6	0.00	0.09	20.46	29.05	0.00
3	3	0.00	0.15	20.19	17.48	0.00
3	7	0.00	3.07	20.46	18.55	0.00
Core	CPU	C1%	C3%	C6%	C8%	C9%
-	-	0.00	3.10	18.23	20.88	0.00
0	0	0.01	15.52	14.62	4.19	0.00
0	4	0.01	8.09	18.13	15.46	0.00
1	1	0.00	0.19	17.42	28.24	0.00
1	5	0.00	0.15	18.08	22.33	0.00
2	2	0.00	0.36	18.56	31.57	0.00
2	6	0.00	0.12	19.11	23.39	0.00
3	3	0.00	0.15	19.94	20.78	0.00
3	7	0.00	0.25	19.93	21.10	0.00
Core	CPU	C1%	C3%	C6%	C8%	C9%
-	-	0.00	3.57	22.24	22.93	0.00
0	0	0.02	20.80	14.40	3.95	0.00
0	4	0.01	6.19	20.55	18.92	0.00
1	1	0.00	0.26	24.00	29.58	0.00
1	5	0.00	0.19	22.49	21.99	0.00
2	2	0.00	0.28	25.06	29.48	0.00
2	6	0.00	0.29	19.33	22.08	0.00
3	3	0.00	0.24	25.52	20.56	0.00
3	7	0.00	0.35	26.54	36.85	0.00
Core	CPU	C1%	C3%	C6%	C8%	C9%
-	-	0.07	3.50	21.20	23.24	0.08
0	0	0.02	8.79	21.68	12.69	0.00
0	4	0.01	6.94	20.57	16.94	0.00
1	1	0.00	0.20	22.53	30.42	0.00
1	5	0.00	0.22	21.24	31.11	0.00
2	2	0.00	0.26	22.65	22.78	0.00
2	6	0.00	0.21	21.86	25.89	0.00
3	3	0.51	11.07	14.57	13.56	0.60
3	7	0.00	0.34	24.75	32.79	0.00
Core	CPU	C1%	C3%	C6%	C8%	C9%
-	-	0.15	3.07	18.44	16.86	0.06
0	0	0.01	5.21	20.04	12.36	0.00
0	4	0.01	3.48	18.72	13.98	0.00
1	1	0.47	6.58	15.79	16.12	0.00
1	5	0.62	3.90	15.50	13.15	0.50
2	2	0.00	0.15	18.29	25.21	0.00
2	6	0.00	0.13	16.28	15.91	0.00
3	3	0.06	3.44	16.87	14.49	0.00
3	7	0.01	1.61	25.94	23.59	0.00
Core	CPU	C1%	C3%	C6%	C8%	C9%
-	-	0.21	3.63	19.75	20.54	0.01
0	0	0.01	11.77	19.46	9.20	0.10
0	4	0.00	1.37	21.49	30.38	0.00
1	1	0.57	7.50	16.93	21.90	0.00
1	5	1.06	7.48	17.14	14.03	0.00
2	2	0.00	0.17	19.45	16.15	0.00
2	6	0.00	0.17	20.65	19.91	0.00
3	3	0.00	0.26	23.17	27.87	0.00
3	7	0.00	0.25	19.62	24.80	0.00
Core	CPU	C1%	C3%	C6%	C8%	C9%
-	-	0.11	3.21	15.66	20.14	0.00
0	0	0.79	22.21	5.09	2.18	0.00
0	4	0.05	0.16	19.09	32.34	0.00
1	1	0.00	0.17	17.80	24.91	0.00
1	5	0.01	2.35	14.63	22.38	0.00
2	2	0.01	0.28	16.88	19.03	0.01
2	6	0.00	0.13	17.26	20.17	0.00
3	3	0.01	0.11	17.07	19.99	0.00
3	7	0.00	0.27	17.49	20.19	0.00
Core	CPU	C1%	C3%	C6%	C8%	C9%
-	-	0.13	3.74	20.63	23.34	0.00
0	0	0.01	2.46	25.00	14.89	0.00
0	4	0.01	1.25	21.41	27.28	0.00
1	1	0.00	1.18	21.84	23.52	0.00
1	5	0.99	24.40	8.38	3.52	0.00
2	2	0.00	0.15	22.83	34.48	0.00
2	6	0.01	0.13	22.23	20.77	0.00
3	3	0.01	0.13	22.10	37.93	0.00
3	7	0.00	0.21	21.18	24.25	0.00
Core	CPU	C1%	C3%	C6%	C8%	C9%
-	-	0.07	3.23	21.81	23.41	0.00
0	0	0.10	3.06	27.44	12.12	0.00
0	4	0.01	3.98	22.20	25.13	0.00
1	1	0.07	1.88	21.52	31.63	0.00
1	5	0.00	0.21	22.90	27.66	0.00
2	2	0.00	0.17	23.86	24.81	0.00
2	6	0.00	0.49	22.57	26.15	0.00
3	3	0.40	15.81	13.17	13.26	0.00
3	7	0.01	0.25	20.87	26.54	0.00
Core	CPU	C1%	C3%	C6%	C8%	C9%
-	-	0.13	3.42	21.61	22.08	0.20
0	0	0.11	1.47	26.96	12.13	0.00
0	4	0.01	2.91	22.21	34.32	0.00
1	1	0.00	0.46	21.74	21.48	0.00
1	5	0.13	2.72	20.15	21.92	0.57
2	2	0.56	13.20	14.41	9.88	0.22
2	6	0.00	0.12	23.55	26.33	0.06
3	3	0.23	4.81	19.96	21.92	0.71
3	7	0.01	1.65	23.91	28.62	0.00
Core	CPU	C1%	C3%	C6%	C8%	C9%
-	-	0.07	3.51	19.25	21.19	0.00
0	0	0.02	13.83	15.91	8.84	0.00
0	4	0.01	0.20	21.30	28.92	0.00
1	1	0.00	0.21	20.19	21.43	0.00
1	5	0.00	0.16	20.55	16.80	0.00
2	2	0.22	4.91	16.30	25.61	0.00
2	6	0.27	8.22	15.96	14.56	0.00
3	3	0.00	0.23	22.30	30.54	0.00
3	7	0.00	0.29	21.51	22.87	0.00
Core	CPU	C1%	C3%	C6%	C8%	C9%
-	-	0.12	2.94	18.39	19.10	0.00
0	0	0.10	0.14	23.56	15.55	0.00
0	4	0.01	4.73	17.11	17.17	0.00
1	1	0.22	4.81	15.90	17.16	0.00
1	5	0.49	8.50	13.21	17.41	0.00
2	2	0.00	1.39	20.30	24.57	0.00
2	6	0.00	0.14	19.78	18.33	0.00
3	3	0.16	3.63	18.12	21.31	0.00
3	7	0.00	0.19	19.20	21.37	0.00
Core	CPU	C1%	C3%	C6%	C8%	C9%
-	-	0.00	3.87	21.86	22.25	0.00
0	0	0.03	15.64	20.50	6.07	0.00
0	4	0.00	10.67	16.40	12.58	0.00
1	1	0.00	0.25	22.10	28.51	0.00
1	5	0.00	0.18	23.21	19.85	0.00
2	2	0.00	0.21	23.79	33.49	0.00
2	6	0.00	0.25	22.13	28.30	0.00
3	3	0.00	1.16	22.68	27.24	0.00
3	7	0.00	2.54	24.07	21.98	0.00
Core	CPU	C1%	C3%	C6%	C8%	C9%
-	-	0.09	3.48	21.62	24.50	0.00
0	0	0.00	3.47	24.25	25.28	0.00
0	4	0.00	0.21	24.40	29.57	0.00
1	1	0.00	0.30	22.71	31.65	0.00
1	5	0.08	1.32	23.43	27.65	0.00
2	2	0.00	1.05	21.27	27.28	0.00
2	6	0.00	0.21	22.59	24.37	0.00
3	3	0.60	20.96	8.36	4.32	0.00
3	7	0.00	0.30	25.97	25.92	0.00
Core	CPU	C1%	C3%	C6%	C8%	C9%
-	-	0.06	3.78	20.86	22.42	0.00
0	0	0.01	11.26	19.71	14.23	0.03
0	4	0.00	2.40	23.73	20.03	0.00
1	1	0.00	0.17	24.33	35.15	0.00
1	5	0.00	0.17	21.64	23.98	0.00
2	2	0.03	2.49	19.26	25.62	0.00
2	6	0.48	13.40	14.56	17.16	0.00
3	3	0.00	0.13	21.53	22.76	0.00
3	7	0.00	0.18	22.16	20.48	0.00
Core	CPU	C1%	C3%	C6%	C8%	C9%
-	-	0.06	3.31	23.73	23.36	0.07
0	0	0.01	6.24	22.97	8.75	0.00
0	4	0.01	4.57	22.52	19.90	0.00
1	1	0.05	2.15	29.03	38.23	0.00
1	5	0.25	7.98	19.66	22.46	0.47
2	2	0.00	1.27	23.74	22.19	0.00
2	6	0.01	2.36	23.68	21.58	0.06
3	3	0.15	0.20	23.96	29.12	0.00
3	7	0.01	1.71	24.17	24.53	0.00
Core	CPU	C1%	C3%	C6%	C8%	C9%
-	-	0.18	2.50	25.81	23.84	0.00
0	0	0.03	0.40	30.82	25.76	0.00
0	4	0.00	0.19	28.02	28.25	0.00
1	1	0.49	7.98	21.75	15.35	0.00
1	5	0.89	10.04	16.34	14.17	0.00
2	2	0.00	0.18	29.25	25.66	0.03
2	6	0.00	0.17	26.59	21.98	0.00
3	3	0.01	0.14	25.64	30.10	0.00
3	7	0.01	0.91	28.03	29.46	0.00
Core	CPU	C1%	C3%	C6%	C8%	C9%
-	-	0.03	3.24	17.63	18.34	0.00
0	0	0.00	13.10	14.64	5.41	0.00
0	4	0.21	11.12	13.52	11.40	0.00
1	1	0.00	0.23	18.35	29.96	0.00
1	5	0.00	0.24	17.84	16.27	0.00
2	2	0.00	0.20	17.41	15.48	0.00
2	6	0.00	0.18	17.71	28.23	0.04
3	3	0.00	0.14	19.62	19.62	0.00
3	7	0.00	0.69	21.94	20.35	0.00
Core	CPU	C1%	C3%	C6%	C8%	C9%
-	-	0.10	3.75	22.04	24.04	0.01
0	0	0.01	8.38	22.32	8.66	0.00
0	4	0.05	14.32	15.05	14.72	0.00
1	1	0.00	0.91	25.50	28.91	0.00
1	5	0.01	0.15	22.76	30.85	0.00
2	2	0.01	0.15	23.48	21.41	0.00
2	6	0.01	0.16	24.72	35.16	0.06
3	3	0.73	4.09	19.29	26.38	0.00
3	7	0.00	1.84	23.30	26.29	0.00
Core	CPU	C1%	C3%	C6%	C8%	C9%
-	-	0.28	3.63	22.12	22.30	0.00
0	0	0.11	2.41	27.37	29.70	0.00
0	4	0.01	0.21	23.34	19.20	0.00
1	1	0.00	0.09	24.85	23.88	0.00
1	5	0.33	5.30	19.02	19.19	0.00
2	2	0.83	10.99	19.48	14.33	0.00
2	6	0.58	6.64	18.91	28.64	0.00
3	3	0.37	3.19	20.23	21.00	0.00
3	7	0.00	0.18	23.75	22.41	0.00
Core	CPU	C1%	C3%	C6%	C8%	C9%
-	-	0.00	3.16	18.81	20.94	0.01
0	0	0.01	22.15	8.57	1.83	0.08
0	4	0.00	1.26	19.12	20.73	0.00
1	1	0.00	0.20	21.94	21.29	0.00
1	5	0.01	0.15	20.42	28.26	0.00
2	2	0.00	0.11	20.04	22.94	0.00
2	6	0.00	1.11	19.60	24.79	0.00
3	3	0.01	0.09	19.58	21.86	0.00
3	7	0.00	0.17	21.17	25.77	0.00
Core	CPU	C1%	C3%	C6%	C8%	C9%
-	-	0.04	3.69	17.45	18.53	0.00
0	0	0.03	22.02	10.09	3.27	0.01
0	4	0.27	4.79	17.79	25.87	0.00
1	1	0.00	0.24	18.08	13.74	0.00
1	5	0.00	0.19	18.11	21.17	0.00
2	2	0.00	0.58	19.40	24.93	0.00
2	6	0.00	0.16	17.57	24.41	0.00
3	3	0.00	0.14	18.15	17.31	0.00
3	7	0.01	1.42	20.37	17.53	0.00
Core	CPU	C1%	C3%	C6%	C8%	C9%
-	-	0.03	3.53	22.04	24.20	0.00
0	0	0.04	22.69	11.68	9.01	0.00
0	4	0.00	0.21	24.64	26.37	0.00
1	1	0.10	2.24	22.92	25.11	0.00
1	5	0.08	2.48	22.43	34.16	0.00
2	2	0.00	0.14	23.25	23.67	0.00
2	6	0.00	0.09	22.70	21.14	0.00
3	3	0.00	0.17	23.28	22.69	0.00
3	7	0.01	0.22	25.41	31.47	0.00
Core	CPU	C1%	C3%	C6%	C8%	C9%
-	-	0.11	3.58	21.31	23.63	0.13
0	0	0.00	9.40	20.85	17.28	0.90
0	4	0.01	0.22	25.04	36.18	0.00
1	1	0.29	6.64	19.45	15.25	0.00
1	5	0.54	10.81	17.18	11.70	0.07
2	2	0.00	0.13	21.47	31.92	0.00
2	6	0.00	0.10	22.03	25.98	0.06
3	3	0.00	0.07	18.66	26.49	0.00
3	7	0.00	1.29	25.85	24.28	0.00
Core	CPU	C1%	C3%	C6%	C8%	C9%
-	-	0.03	3.97	21.46	22.31	0.00
0	0	0.02	8.43	22.76	12.20	0.00
0	4	0.19	21.57	14.50	5.64	0.00
1	1	0.00	0.34	21.87	41.04	0.00
1	5	0.00	0.27	22.78	20.91	0.00
2	2	0.00	0.30	21.39	23.23	0.00
2	6	0.00	0.28	23.24	19.66	0.00
3	3	0.01	0.32	22.70	24.90	0.00
3	7	0.03	0.28	22.40	30.87	0.00
Core	CPU	C1%	C3%	C6%	C8%	C9%
-	-	0.08	3.26	24.50	24.49	0.02
0	0	0.06	12.34	22.14	10.85	0.04
0	4	0.00	0.41	27.48	23.29	0.00
1	1	0.44	7.51	22.71	16.13	0.00
1	5	0.10	3.65	23.19	32.63	0.08
2	2	0.00	0.35	25.31	34.94	0.00
2	6	0.00	0.47	24.54	25.60	0.05
3	3	0.00	0.74	26.48	30.13	0.00
3	7	0.00	0.60	24.11	22.40	0.00
Core	CPU	C1%	C3%	C6%	C8%	C9%
-	-	0.01	2.64	25.42	23.84	0.12
0	0	0.01	4.12	28.65	18.79	0.00
0	4	0.05	15.22	12.78	3.94	0.48
1	1	0.01	0.26	28.10	27.29	0.00
1	5	0.01	0.37	26.95	35.08	0.00
2	2	0.01	0.29	25.80	22.69	0.00
2	6	0.01	0.20	24.01	32.01	0.14
3	3	0.00	0.29	27.80	25.52	0.00
3	7	0.01	0.40	29.26	25.44	0.36
Core	CPU	C1%	C3%	C6%	C8%	C9%
-	-	0.01	3.82	20.67	23.40	0.00
0	0	0.01	11.22	21.05	8.91	0.00
0	4	0.02	18.25	12.76	10.13	0.00
1	1	0.01	0.11	21.58	23.30	0.00
1	5	0.00	0.17	19.93	33.95	0.00
2	2	0.00	0.18	21.09	21.39	0.00
2	6	0.00	0.21	21.32	43.17	0.00
3	3	0.00	0.18	21.60	20.85	0.00
3	7	0.01	0.21	25.99	25.49	0.00
Core	CPU	C1%	C3%	C6%	C8%	C9%
-	-	0.06	3.80	20.92	22.76	0.17
0	0	0.00	9.82	23.13	14.41	0.00
0	4	0.01	17.23	14.92	11.23	0.00
1	1	0.15	0.23	21.49	26.31	0.00
1	5	0.00	0.19	19.44	22.91	0.00
2	2	0.22	1.10	21.08	22.21	0.00
2	6	0.05	1.11	20.19	40.37	1.40
3	3	0.00	0.32	23.91	22.11	0.00
3	7	0.00	0.36	23.19	22.56	0.00
Core	CPU	C1%	C3%	C6%	C8%	C9%
-	-	0.16	3.89	21.58	22.65	0.01
0	0	0.01	5.94	22.87	15.51	0.00
0	4	0.01	0.16	21.21	26.63	0.00
1	1	0.01	0.20	24.09	27.84	0.00
1	5	0.72	14.42	14.79	15.39	0.05
2	2	0.01	0.15	23.61	34.39	0.00
2	6	0.00	0.14	21.99	21.92	0.00
3	3	0.53	10.00	19.70	14.40	0.00
3	7	0.00	0.16	24.56	25.36	0.00
Core	CPU	C1%	C3%	C6%	C8%	C9%
-	-	0.08	3.07	22.75	23.11	0.07
0	0	0.01	4.85	24.33	13.14	0.50
0	4	0.00	1.14	24.05	25.48	0.00
1	1	0.29	10.49	16.09	14.00	0.10
1	5	0.00	0.27	23.48	34.26	0.00
2	2	0.23	5.22	19.42	19.04	0.00
2	6	0.07	0.83	24.48	30.53	0.00
3	3	0.00	0.31	25.99	24.84	0.00
3	7	0.03	1.36	23.93	23.39	0.00
Core	CPU	C1%	C3%	C6%	C8%	C9%
-	-	0.14	2.55	25.37	24.43	0.00
0	0	0.02	2.03	30.18	14.95	0.00
0	4	0.00	0.17	25.62	26.45	0.00
1	1	0.30	1.57	23.74	26.97	0.00
1	5	0.46	5.10	22.30	25.99	0.00
2	2	0.31	10.65	19.22	13.72	0.00
2	6	0.00	0.46	26.27	24.77	0.00
3	3	0.00	0.15	27.46	27.28	0.00
3	7	0.05	0.25	28.17	35.29	0.00
Core	CPU	C1%	C3%	C6%	C8%	C9%
-	-	0.17	3.84	21.09	22.11	0.17
0	0	0.00	0.20	25.18	9.70	1.39
0	4	0.00	0.12	20.77	18.65	0.00
1	1	0.00	0.17	23.71	24.04	0.00
1	5	0.00	0.13	20.13	53.86	0.00
2	2	0.37	9.45	18.18	15.14	0.00
2	6	0.98	20.24	12.44	7.07	0.00
3	3	0.00	0.23	23.91	24.35	0.00
3	7	0.00	0.18	24.40	24.04	0.00
Core	CPU	C1%	C3%	C6%	C8%	C9%
-	-	0.20	3.66	22.29	23.10	0.01
0	0	0.01	7.06	22.74	18.30	0.03
0	4	0.00	0.38	23.62	37.40	0.00
1	1	0.01	0.31	23.09	24.04	0.00
1	5	0.00	0.23	22.93	32.15	0.00
2	2	0.42	9.64	19.20	14.30	0.00
2	6	1.17	11.15	17.73	13.49	0.06
3	3	0.00	0.27	24.90	24.54	0.00
3	7	0.00	0.28	24.14	20.62	0.00
Core	CPU	C1%	C3%	C6%	C8%	C9%
-	-	0.13	3.67	21.62	21.59	0.01
0	0	0.01	2.39	25.45	10.38	0.00
0	4	0.00	0.18	21.91	15.81	0.00
1	1	0.54	12.73	14.78	12.39	0.00
1	5	0.29	9.10	21.26	21.17	0.00
2	2	0.01	0.90	21.06	22.04	0.00
2	6	0.15	3.53	20.26	20.92	0.08
3	3	0.00	0.28	24.30	45.99	0.00
3	7	0.01	0.25	23.83	23.94	0.01
Core	CPU	C1%	C3%	C6%	C8%	C9%
-	-	0.08	3.43	20.76	19.82	0.10
0	0	0.00	2.35	25.86	8.95	0.81
0	4	0.00	0.29	22.57	16.51	0.00
1	1	0.00	0.21	18.61	19.19	0.00
1	5	0.00	0.21	19.56	21.33	0.00
2	2	0.21	5.27	17.46	31.20	0.00
2	6	0.01	0.26	21.04	32.37	0.00
3	3	0.44	17.24	13.60	6.30	0.00
3	7	0.01	1.63	27.60	22.87	0.00
Core	CPU	C1%	C3%	C6%	C8%	C9%
-	-	0.16	3.15	17.21	18.26	0.00
0	0	0.18	2.48	19.14	18.84	0.00
0	4	0.00	0.19	20.51	19.29	0.00
1	1	0.01	0.40	17.72	19.47	0.00
1	5	0.00	0.10	15.92	22.03	0.00
2	2	0.75	17.12	9.62	5.33	0.00
2	6	0.33	4.38	15.84	22.24	0.00
3	3	0.00	0.29	18.96	19.17	0.00
3	7	0.00	0.27	19.75	19.52	0.00
Core	CPU	C1%	C3%	C6%	C8%	C9%
-	-	0.31	3.59	22.61	22.87	0.12
0	0	0.01	4.58	24.72	23.95	0.00
0	4	0.01	0.22	24.05	21.47	0.00
1	1	0.01	0.26	21.53	24.18	0.00
1	5	0.01	0.13	21.45	25.53	0.00
2	2	0.65	8.16	20.94	11.87	0.00
2	6	1.77	14.74	13.63	11.79	0.00
3	3	0.02	0.39	26.07	29.06	0.92
3	7	0.01	0.25	28.48	35.10	0.00
Core	CPU	C1%	C3%	C6%	C8%	C9%
-	-	0.38	3.51	22.64	23.63	0.00
0	0	0.01	0.29	28.83	33.29	0.00
0	4	0.00	0.15	27.26	19.37	0.00
1	1	0.38	4.58	21.32	24.47	0.00
1	5	0.00	0.18	22.76	31.26	0.00
2	2	2.22	22.19	9.72	5.56	0.00
2	6	0.00	0.17	22.90	23.87	0.00
3	3	0.00	0.31	22.17	27.92	0.00
3	7	0.43	0.24	26.18	23.28	0.00
Core	CPU	C1%	C3%	C6%	C8%	C9%
-	-	0.15	3.82	21.24	23.38	0.00
0	0	0.03	11.21	22.10	20.25	0.00
0	4	0.09	3.64	22.08	22.72	0.00
1	1	0.61	6.62	17.96	18.81	0.00
1	5	0.00	0.17	20.43	29.29	0.00
2	2	0.43	8.27	17.54	17.97	0.00
2	6	0.00	0.13	20.17	38.61	0.00
3	3	0.01	0.30	24.05	22.93	0.00
3	7	0.01	0.17	25.62	16.50	0.00
Core	CPU	C1%	C3%	C6%	C8%	C9%
-	-	0.15	3.39	22.52	24.56	0.01
0	0	0.01	0.95	27.05	26.19	0.00
0	4	0.00	0.10	22.08	26.26	0.00
1	1	0.81	11.02	14.35	14.63	0.00
1	5	0.21	8.00	18.11	17.95	0.00
2	2	0.13	5.89	24.00	22.91	0.00
2	6	0.00	0.09	24.88	36.55	0.06
3	3	0.00	0.33	24.63	28.41	0.00
3	7	0.00	0.75	25.13	23.64	0.00
Core	CPU	C1%	C3%	C6%	C8%	C9%
-	-	0.18	2.48	24.62	23.76	0.00
0	0	0.01	2.83	30.69	23.31	0.00
0	4	0.00	0.14	27.05	24.26	0.00
1	1	0.28	6.02	21.71	20.29	0.00
1	5	0.88	3.77	19.32	22.78	0.00
2	2	0.01	0.86	26.03	28.51	0.00
2	6	0.01	0.09	25.07	25.37	0.00
3	3	0.28	4.61	23.22	21.91	0.00
3	7	0.01	1.57	23.92	23.65	0.00
Core	CPU	C1%	C3%	C6%	C8%	C9%
-	-	0.12	3.75	22.92	19.93	0.00
0	0	0.00	3.65	30.14	11.46	0.00
0	4	0.00	0.34	26.62	16.76	0.00
1	1	0.01	1.00	21.52	21.63	0.00
1	5	0.06	1.26	20.62	15.76	0.00
2	2	0.09	2.60	22.11	16.48	0.00
2	6	0.25	4.48	21.49	28.69	0.00
3	3	0.57	14.89	15.47	16.91	0.00
3	7	0.00	1.73	25.26	31.65	0.00
Core	CPU	C1%	C3%	C6%	C8%	C9%
-	-	0.11	3.67	22.47	22.24	0.08
0	0	0.06	3.68	29.35	20.73	0.13
0	4	0.00	1.59	24.99	22.41	0.52
1	1	0.09	1.29	22.78	28.56	0.00
1	5	0.06	4.51	23.82	28.99	0.00
2	2	0.11	0.55	22.02	21.86	0.00
2	6	0.54	15.76	11.84	5.09	0.00
3	3	0.00	0.22	21.55	23.47	0.00
3	7	0.01	1.76	23.42	26.79	0.00
Core	CPU	C1%	C3%	C6%	C8%	C9%
-	-	0.08	3.89	21.31	23.63	0.22
0	0	0.00	6.96	25.34	15.88	1.41
0	4	0.02	6.66	20.46	18.40	0.25
1	1	0.01	0.16	21.41	34.14	0.00
1	5	0.00	0.10	19.12	24.64	0.00
2	2	0.35	11.66	18.62	17.17	0.08
2	6	0.29	5.19	20.66	18.59	0.00
3	3	0.00	0.19	22.59	23.60	0.00
3	7	0.00	0.21	22.32	36.62	0.00
Core	CPU	C1%	C3%	C6%	C8%	C9%
-	-	0.03	3.47	17.36	20.05	0.24
0	0	0.01	5.65	20.99	15.73	0.00
0	4	0.02	16.46	11.47	15.03	0.76
1	1	0.00	0.17	17.41	26.29	0.00
1	5	0.00	0.16	17.18	15.50	0.00
2	2	0.00	1.35	17.09	22.55	1.14
2	6	0.23	3.50	17.21	25.62	0.00
3	3	0.00	0.23	20.02	19.26	0.00
3	7	0.00	0.21	17.52	20.39	0.00
Core	CPU	C1%	C3%	C6%	C8%	C9%
-	-	0.01	3.39	18.45	18.34	0.01
0	0	0.00	0.14	22.37	11.61	0.02
0	4	0.03	23.47	5.05	0.00	0.00
1	1	0.00	2.39	20.43	18.82	0.00
1	5	0.00	0.22	18.63	18.54	0.00
2	2	0.00	0.18	20.06	22.30	0.00
2	6	0.00	0.21	20.07	37.61	0.06
3	3	0.01	0.27	19.46	20.18	0.00
3	7	0.00	0.23	21.54	17.70	0.00
Core	CPU	C1%	C3%	C6%	C8%	C9%
-	-	0.01	3.81	20.65	24.03	0.09
0	0	0.01	15.48	17.76	6.90	0.00
0	4	0.01	14.03	17.90	13.53	0.00
1	1	0.01	0.15	22.48	26.53	0.00
1	5	0.00	0.12	23.51	29.16	0.00
2	2	0.00	0.13	18.02	37.81	0.00
2	6	0.00	0.14	20.15	30.73	0.00
3	3	0.00	0.24	22.79	24.38	0.00
3	7	0.00	0.24	22.60	23.23	0.69
Core	CPU	C1%	C3%	C6%	C8%	C9%
-	-	0.09	3.70	21.81	22.74	0.01
0	0	0.02	9.25	22.71	10.22	0.00
0	4	0.00	2.45	23.47	18.93	0.00
1	1	0.00	0.55	21.24	22.44	0.00
1	5	0.00	0.20	21.86	28.10	0.00
2	2	0.04	0.47	23.41	31.70	0.00
2	6	0.41	10.33	17.52	17.55	0.12
3	3	0.23	5.09	20.39	20.91	0.00
3	7	0.01	1.29	23.94	32.15	0.00
Core	CPU	C1%	C3%	C6%	C8%	C9%
-	-	0.13	3.78	20.69	23.28	0.09
0	0	0.00	0.28	28.77	11.93	0.00
0	4	0.00	0.18	21.40	29.53	0.00
1	1	0.00	0.21	19.93	23.24	0.00
1	5	0.00	0.17	21.90	23.15	0.00
2	2	0.15	4.67	19.61	34.36	0.00
2	6	0.58	12.86	12.99	10.95	0.00
3	3	0.31	11.59	17.26	29.31	0.00
3	7	0.00	0.27	23.63	23.73	0.70
Core	CPU	C1%	C3%	C6%	C8%	C9%
-	-	0.02	3.41	20.59	22.04	0.00
0	0	0.00	13.04	19.90	8.76	0.00
0	4	0.00	4.81	21.42	23.53	0.00
1	1	0.00	0.13	21.69	24.66	0.00
1	5	0.00	0.09	20.59	30.10	0.00
2	2	0.08	3.89	17.88	21.02	0.00
2	6	0.09	2.80	21.65	18.16	0.00
3	3	0.00	0.14	20.79	28.46	0.00
3	7	0.01	2.42	20.83	21.66	0.00
Core	CPU	C1%	C3%	C6%	C8%	C9%
-	-	0.00	2.99	17.44	20.43	0.31
0	0	0.02	20.72	9.31	0.76	2.40
0	4	0.00	1.04	21.27	24.65	0.00
1	1	0.00	0.22	18.22	25.90	0.00
1	5	0.00	0.13	17.90	22.27	0.00
2	2	0.00	0.18	18.99	29.08	0.00
2	6	0.00	0.19	18.35	19.55	0.06
3	3	0.00	0.16	18.38	19.87	0.00
3	7	0.00	1.31	17.07	21.38	0.00
Core	CPU	C1%	C3%	C6%	C8%	C9%
-	-	0.06	3.82	22.22	23.38	0.02
0	0	0.02	19.22	17.66	6.00	0.00
0	4	0.10	3.33	21.34	22.78	0.00
1	1	0.25	5.58	20.13	33.57	0.00
1	5	0.01	0.10	21.71	34.84	0.00
2	2	0.00	0.10	23.23	24.85	0.00
2	6	0.00	0.06	26.19	18.97	0.00
3	3	0.10	0.08	26.02	28.08	0.00
3	7	0.00	2.13	21.57	17.96	0.13
Core	CPU	C1%	C3%	C6%	C8%	C9%
-	-	0.01	3.65	21.18	24.00	0.00
0	0	0.02	17.42	18.87	5.55	0.04
0	4	0.02	6.37	18.96	19.69	0.00
1	1	0.06	1.43	19.57	19.81	0.00
1	5	0.00	0.18	22.13	45.55	0.00
2	2	0.00	0.20	21.13	28.76	0.00
2	6	0.00	0.20	21.70	26.12	0.00
3	3	0.00	0.22	23.61	21.24	0.00
3	7	0.01	3.12	23.46	25.24	0.00
Core	CPU	C1%	C3%	C6%	C8%	C9%
-	-	0.12	3.53	21.24	22.54	0.00
0	0	0.02	8.75	23.36	9.98	0.00
0	4	0.00	0.19	24.03	23.84	0.00
1	1	0.01	0.46	18.24	31.53	0.00
1	5	0.01	0.09	19.96	23.42	0.00
2	2	0.52	10.87	18.34	21.17	0.03
2	6	0.41	7.43	19.55	20.10	0.00
3	3	0.01	0.20	21.99	23.90	0.00
3	7	0.01	0.25	24.50	26.34	0.00
Core	CPU	C1%	C3%	C6%	C8%	C9%
-	-	0.10	3.78	18.82	22.52	0.11
0	0	0.02	9.31	20.55	11.35	0.00
0	4	0.00	0.23	20.35	26.24	0.00
1	1	0.37	10.76	11.67	23.87	0.00
1	5	0.00	0.12	19.37	24.38	0.00
2	2	0.20	4.45	18.52	29.37	0.00
2	6	0.20	3.70	19.04	22.95	0.00
3	3	0.01	1.41	19.65	20.38	0.00
3	7	0.00	0.24	21.36	21.60	0.89
Core	CPU	C1%	C3%	C6%	C8%	C9%
-	-	0.13	2.80	17.63	17.47	0.20
0	0	0.00	2.48	19.10	9.70	0.00
0	4	0.00	2.39	16.13	19.72	0.00
1	1	0.17	5.22	15.29	13.19	1.51
1	5	0.21	1.20	17.96	21.17	0.00
2	2	0.47	8.54	13.44	16.80	0.10
2	6	0.20	2.33	17.72	14.72	0.00
3	3	0.00	0.11	21.20	23.60	0.00
3	7	0.00	0.15	20.25	20.84	0.00
Core	CPU	C1%	C3%	C6%	C8%	C9%
-	-	0.08	3.71	21.61	22.08	0.00
0	0	0.01	13.71	18.62	7.40	0.00
0	4	0.01	3.56	21.07	18.44	0.00
1	1	0.55	8.80	17.13	13.40	0.00
1	5	0.10	2.06	22.43	25.57	0.00
2	2	0.00	0.09	20.99	23.64	0.00
2	6	0.00	0.06	22.84	37.92	0.00
3	3	0.00	0.14	24.78	31.21	0.00
3	7	0.00	1.28	25.01	19.10	0.02
Core	CPU	C1%	C3%	C6%	C8%	C9%
-	-	0.12	3.66	22.26	22.36	0.00
0	0	0.00	3.83	28.58	21.65	0.00
0	4	0.10	14.51	17.58	10.07	0.00
1	1	0.71	3.58	21.14	16.43	0.00
1	5	0.00	0.23	22.64	21.30	0.00
2	2	0.15	6.23	19.21	23.99	0.01
2	6	0.00	0.34	22.23	23.49	0.00
3	3	0.00	0.24	22.56	29.39	0.00
3	7	0.00	0.32	24.14	32.58	0.00
Core	CPU	C1%	C3%	C6%	C8%	C9%
-	-	0.09	3.91	21.15	22.55	0.16
0	0	0.02	6.97	25.43	19.95	0.00
0	4	0.20	13.72	17.64	18.94	0.00
1	1	0.45	8.98	15.93	22.34	0.00
1	5	0.00	0.08	19.24	20.60	0.00
2	2	0.00	0.25	24.21	23.91	0.00
2	6	0.01	0.18	20.70	20.16	0.00
3	3	0.00	0.20	23.13	31.18	0.00
3	7	0.00	0.99	23.09	23.44	1.25
Core	CPU	C1%	C3%	C6%	C8%	C9%
-	-	0.08	3.49	23.10	23.10	0.00
0	0	0.03	10.51	21.68	5.76	0.00
0	4	0.01	2.78	22.88	27.94	0.00
1	1	0.16	3.70	21.87	22.21	0.00
1	5	0.38	7.83	19.52	22.23	0.00
2	2	0.09	0.19	24.88	23.61	0.00
2	6	0.00	0.20	24.38	22.83	0.00
3	3	0.00	0.21	24.50	33.12	0.00
3	7	0.00	2.47	24.93	26.97	0.00
