Core	CPU	C1%	C3%	C6%	C8%	C9%
-	-	0.09	0.04	2.74	9.65	1.30
0	0	0.00	0.04	2.84	6.31	0.00
0	4	0.00	0.06	3.22	1.67	0.00
1	1	0.00	0.00	1.15	1.46	0.00
1	5	0.74	0.06	4.76	57.54	0.00
2	2	0.00	0.08	2.67	1.37	0.00
2	6	0.00	0.04	0.94	0.58	0.00
3	3	0.00	0.00	4.77	7.52	0.00
3	7	0.00	0.06	1.50	0.28	10.39
Core	CPU	C1%	C3%	C6%	C8%	C9%
-	-	0.00	0.01	0.75	2.04	0.00
0	0	0.00	0.00	0.61	1.70	0.00
0	4	0.00	0.00	0.04	0.50	0.00
1	1	0.00	0.00	0.17	1.79	0.00
1	5	0.00	0.00	1.72	3.21	0.00
2	2	0.00	0.02	0.95	1.50	0.00
2	6	0.00	0.06	1.91	1.49	0.00
3	3	0.00	0.00	0.29	5.02	0.00
3	7	0.00	0.00	0.29	1.09	0.00
Core	CPU	C1%	C3%	C6%	C8%	C9%
-	-	0.00	0.01	0.54	0.83	0.00
0	0	0.00	0.02	0.10	0.40	0.00
0	4	0.00	0.00	0.40	0.20	0.00
1	1	0.00	0.00	0.44	1.00	0.00
1	5	0.00	0.00	0.36	1.00	0.00
2	2	0.00	0.00	0.46	1.11	0.00
2	6	0.00	0.02	0.85	1.00	0.00
3	3	0.00	0.00	0.92	1.11	0.00
3	7	0.00	0.01	0.80	0.79	0.00
Core	CPU	C1%	C3%	C6%	C8%	C9%
-	-	0.00	0.02	0.50	0.77	0.00
0	0	0.00	0.10	0.77	0.99	0.00
0	4	0.00	0.00	0.25	0.30	0.00
1	1	0.00	0.00	0.63	0.11	0.00
1	5	0.00	0.01	0.70	0.10	0.00
2	2	0.00	0.00	0.19	1.40	0.00
2	6	0.00	0.02	0.67	0.89	0.00
3	3	0.00	0.00	0.45	1.49	0.00
3	7	0.00	0.00	0.34	0.89	0.00
Core	CPU	C1%	C3%	C6%	C8%	C9%
-	-	0.00	0.01	1.11	1.87	0.02
0	0	0.00	0.00	0.18	0.90	0.00
0	4	0.00	0.00	1.39	2.61	0.00
1	1	0.00	0.00	0.41	0.30	0.00
1	5	0.00	0.02	1.99	0.41	0.19
2	2	0.00	0.03	2.43	2.51	0.00
2	6	0.00	0.02	0.58	1.01	0.00
3	3	0.00	0.00	1.00	5.13	0.00
3	7	0.00	0.00	0.91	2.10	0.00
Core	CPU	C1%	C3%	C6%	C8%	C9%
-	-	0.11	0.50	15.44	6.12	0.09
0	0	0.02	1.24	26.20	1.93	0.00
0	4	0.00	0.05	4.25	3.14	0.60
1	1	0.35	0.14	12.67	7.79	0.00
1	5	0.00	0.32	19.92	4.36	0.11
2	2	0.39	1.70	27.94	2.30	0.00
2	6	0.00	0.04	0.72	1.99	0.00
3	3	0.00	0.29	17.80	21.81	0.00
3	7	0.15	0.19	14.02	5.65	0.00
Core	CPU	C1%	C3%	C6%	C8%	C9%
-	-	0.50	9.48	48.08	6.73	0.02
0	0	0.73	12.30	44.38	7.12	0.00
0	4	0.39	6.66	51.50	9.01	0.00
1	1	0.36	8.38	53.86	7.79	0.00
1	5	0.97	12.41	45.34	4.23	0.13
2	2	0.83	13.57	43.52	1.45	0.00
2	6	0.11	5.34	45.71	9.84	0.00
3	3	0.43	9.23	46.29	9.65	0.00
3	7	0.20	7.96	53.99	4.71	0.00
Core	CPU	C1%	C3%	C6%	C8%	C9%
-	-	0.87	10.79	51.68	3.05	0.00
0	0	0.96	12.45	46.96	1.50	0.00
0	4	0.30	7.39	61.09	3.71	0.00
1	1	0.73	10.22	49.48	7.44	0.00
1	5	0.92	12.55	45.68	1.50	0.00
2	2	1.34	12.62	47.29	1.42	0.00
2	6	0.72	8.37	55.70	3.53	0.00
3	3	1.47	12.58	50.23	2.10	0.00
3	7	0.53	10.11	56.97	3.24	0.00
Core	CPU	C1%	C3%	C6%	C8%	C9%
-	-	0.34	5.43	56.48	11.73	0.01
0	0	0.34	7.41	57.49	5.69	0.00
0	4	0.18	3.47	55.18	18.16	0.00
1	1	0.23	5.29	56.32	14.62	0.00
1	5	0.14	6.86	59.16	8.93	0.00
2	2	0.85	5.65	55.22	11.05	0.01
2	6	0.47	4.80	57.93	16.83	0.00
3	3	0.42	5.76	55.53	8.39	0.10
3	7	0.13	4.25	55.36	10.22	0.00
Core	CPU	C1%	C3%	C6%	C8%	C9%
-	-	0.38	5.87	54.59	9.43	0.10
0	0	0.36	6.91	53.95	8.71	0.31
0	4	0.17	3.88	54.85	9.77	0.12
1	1	0.32	5.36	54.95	9.30	0.00
1	5	0.60	8.04	48.92	7.42	0.29
2	2	0.42	6.79	57.25	6.15	0.00
2	6	0.22	4.67	56.01	11.69	0.00
3	3	0.51	6.83	55.70	7.30	0.10
3	7	0.46	4.49	55.25	15.14	0.00
Core	CPU	C1%	C3%	C6%	C8%	C9%
-	-	0.27	7.35	51.78	11.28	0.00
0	0	0.30	6.83	50.59	15.06	0.00
0	4	0.09	6.38	52.48	13.27	0.00
1	1	0.12	6.85	54.68	11.42	0.00
1	5	0.58	11.59	42.84	6.10	0.00
2	2	0.50	7.41	50.07	12.66	0.00
2	6	0.14	5.49	55.95	11.20	0.00
3	3	0.39	7.84	53.77	4.74	0.00
3	7	0.06	6.32	53.40	15.68	0.00
Core	CPU	C1%	C3%	C6%	C8%	C9%
-	-	0.32	6.92	55.47	9.07	0.08
0	0	0.12	6.46	57.05	9.12	0.00
0	4	0.19	6.55	57.41	9.61	0.20
1	1	0.13	5.74	54.07	9.47	0.00
1	5	0.83	10.70	47.37	6.24	0.06
2	2	0.26	6.66	53.76	11.09	0.00
2	6	0.36	7.45	59.65	7.26	0.00
3	3	0.50	6.19	56.52	8.92	0.09
3	7	0.15	5.61	57.91	10.83	0.31
Core	CPU	C1%	C3%	C6%	C8%	C9%
-	-	0.38	6.01	56.19	10.23	0.05
0	0	0.25	5.29	56.10	14.02	0.00
0	4	0.36	6.48	60.20	8.09	0.00
1	1	0.28	4.69	59.52	10.41	0.30
1	5	0.25	9.47	51.81	7.74	0.09
2	2	0.59	6.17	54.06	12.18	0.00
2	6	0.64	4.87	50.12	7.84	0.00
3	3	0.38	5.11	58.06	12.65	0.00
3	7	0.30	6.12	60.56	9.10	0.00
Core	CPU	C1%	C3%	C6%	C8%	C9%
-	-	0.51	9.32	55.57	4.94	0.03
0	0	0.46	8.37	55.99	7.72	0.00
0	4	0.29	9.49	58.30	3.48	0.00
1	1	0.37	7.75	55.55	7.22	0.00
1	5	0.92	13.52	48.13	2.61	0.05
2	2	0.64	10.24	52.17	4.01	0.00
2	6	0.32	8.67	58.49	4.21	0.00
3	3	0.41	7.81	55.66	6.29	0.17
3	7	0.67	8.56	59.42	3.85	0.00
Core	CPU	C1%	C3%	C6%	C8%	C9%
-	-	0.48	11.42	52.95	3.53	0.01
0	0	0.21	10.95	54.77	2.34	0.00
0	4	0.70	11.27	55.42	2.88	0.00
1	1	0.28	9.43	54.87	5.91	0.00
1	5	0.92	15.52	36.40	2.61	0.08
2	2	0.30	11.23	52.71	3.26	0.00
2	6	0.62	11.08	56.25	2.57	0.00
3	3	0.28	11.19	54.15	4.42	0.00
3	7	0.50	10.66	59.13	4.28	0.00
Core	CPU	C1%	C3%	C6%	C8%	C9%
-	-	0.54	10.63	51.94	4.19	0.01
0	0	0.30	9.35	53.61	4.18	0.08
0	4	0.57	9.86	55.52	4.42	0.00
1	1	0.42	9.06	54.54	5.36	0.00
1	5	1.30	14.96	38.61	2.31	0.00
2	2	0.23	10.95	55.60	3.44	0.00
2	6	0.15	10.06	52.48	4.21	0.00
3	3	0.56	10.08	53.66	5.16	0.00
3	7	0.78	10.73	51.47	4.43	0.00
Core	CPU	C1%	C3%	C6%	C8%	C9%
-	-	0.75	11.05	53.97	2.57	0.04
0	0	0.43	10.80	57.29	1.50	0.00
0	4	0.73	11.45	52.60	4.16	0.00
1	1	0.71	9.85	56.01	4.15	0.00
1	5	1.39	13.40	49.08	0.98	0.01
2	2	0.56	10.60	51.21	3.37	0.29
2	6	0.93	9.89	54.89	3.13	0.00
3	3	0.34	10.77	56.19	1.67	0.00
3	7	0.93	11.63	54.50	1.58	0.00
Core	CPU	C1%	C3%	C6%	C8%	C9%
-	-	0.88	12.24	52.20	1.72	0.00
0	0	0.77	12.40	52.65	1.70	0.00
0	4	0.73	11.36	53.18	3.33	0.00
1	1	0.59	12.22	55.34	1.96	0.00
1	5	1.44	14.24	45.44	0.77	0.00
2	2	0.75	11.93	51.78	2.00	0.00
2	6	0.79	11.80	53.53	2.03	0.00
3	3	0.83	11.00	58.05	1.54	0.00
3	7	1.15	13.03	47.71	0.43	0.00
Core	CPU	C1%	C3%	C6%	C8%	C9%
-	-	0.90	12.06	52.01	2.66	0.02
0	0	0.90	12.06	50.65	3.69	0.00
0	4	1.25	13.38	51.79	1.37	0.10
1	1	0.89	10.16	56.50	1.92	0.00
1	5	1.03	14.38	46.83	1.89	0.08
2	2	0.72	12.71	49.34	3.31	0.00
2	6	0.70	10.43	56.12	2.61	0.00
3	3	0.49	11.20	55.10	3.26	0.00
3	7	1.19	12.15	49.66	3.28	0.00
Core	CPU	C1%	C3%	C6%	C8%	C9%
-	-	0.86	11.82	53.45	1.87	0.01
0	0	0.57	12.69	52.31	1.38	0.00
0	4	0.93	12.01	52.71	1.87	0.00
1	1	0.72	11.25	56.01	2.01	0.00
1	5	0.76	11.72	53.32	1.75	0.00
2	2	0.85	11.45	56.00	1.73	0.00
2	6	0.78	11.87	52.44	1.40	0.11
3	3	1.11	11.36	53.91	1.86	0.00
3	7	1.13	12.18	50.97	2.96	0.00
Core	CPU	C1%	C3%	C6%	C8%	C9%
-	-	0.57	7.55	54.32	8.90	0.05
0	0	0.48	7.98	62.65	6.24	0.00
0	4	0.52	7.07	47.55	4.96	0.00
1	1	0.80	6.84	54.50	11.96	0.00
1	5	0.43	8.22	52.76	8.48	0.41
2	2	0.46	8.55	56.12	7.41	0.00
2	6	0.72	7.10	51.85	14.23	0.00
3	3	0.37	5.94	57.01	10.94	0.00
3	7	0.83	8.70	52.23	7.03	0.00
Core	CPU	C1%	C3%	C6%	C8%	C9%
-	-	0.58	5.75	58.19	8.54	0.04
0	0	0.22	6.28	63.49	5.34	0.00
0	4	0.85	5.31	57.64	8.69	0.00
1	1	0.49	5.94	62.81	7.07	0.00
1	5	0.84	5.05	52.50	8.89	0.01
2	2	0.51	5.74	54.85	11.68	0.00
2	6	0.49	6.05	56.15	8.58	0.35
3	3	0.40	5.73	58.47	10.99	0.00
3	7	0.84	5.94	59.48	7.09	0.00
Core	CPU	C1%	C3%	C6%	C8%	C9%
-	-	0.48	7.17	59.25	6.35	0.00
0	0	0.39	6.75	58.67	8.69	0.00
0	4	0.44	7.43	58.99	6.02	0.00
1	1	0.29	5.64	60.44	9.65	0.00
1	5	1.17	8.18	57.71	5.49	0.00
2	2	0.41	7.56	60.35	7.69	0.00
2	6	0.18	7.11	57.47	4.09	0.00
3	3	0.42	6.40	60.35	5.97	0.00
3	7	0.52	8.36	60.80	3.30	0.00
Core	CPU	C1%	C3%	C6%	C8%	C9%
-	-	0.38	5.79	57.69	8.34	0.00
0	0	0.38	4.58	59.96	8.72	0.01
0	4	0.61	5.97	58.33	6.68	0.00
1	1	0.40	5.80	56.78	8.23	0.00
1	5	0.34	5.86	59.23	6.84	0.00
2	2	0.40	5.91	58.68	8.66	0.00
2	6	0.30	5.45	56.65	9.54	0.00
3	3	0.22	5.60	57.33	12.69	0.00
3	7	0.40	7.12	53.85	5.27	0.00
Core	CPU	C1%	C3%	C6%	C8%	C9%
-	-	0.35	4.14	56.66	11.37	0.00
0	0	0.42	4.66	61.18	11.91	0.01
0	4	0.05	2.97	57.80	15.34	0.00
1	1	0.44	4.55	56.68	10.57	0.00
1	5	0.50	4.33	56.27	10.87	0.00
2	2	0.75	3.85	56.55	9.66	0.00
2	6	0.33	4.25	52.94	14.44	0.00
3	3	0.13	3.15	53.73	11.05	0.00
3	7	0.14	5.38	58.06	7.08	0.00
Core	CPU	C1%	C3%	C6%	C8%	C9%
-	-	0.33	3.92	55.51	10.44	0.00
0	0	0.39	4.19	56.18	10.26	0.00
0	4	0.27	3.77	56.87	9.21	0.00
1	1	0.76	4.34	51.72	16.02	0.00
1	5	0.18	4.02	58.66	7.87	0.00
2	2	0.58	3.34	53.70	13.96	0.00
2	6	0.06	3.40	54.72	7.07	0.00
3	3	0.19	3.87	56.92	9.40	0.02
3	7	0.19	4.53	56.33	9.96	0.00
Core	CPU	C1%	C3%	C6%	C8%	C9%
-	-	0.27	4.25	51.60	13.95	0.26
0	0	0.33	4.01	56.09	15.80	0.00
0	4	0.15	4.12	54.38	13.42	1.37
1	1	0.32	3.62	49.82	12.54	0.00
1	5	0.23	4.77	49.75	15.16	0.73
2	2	0.26	3.86	50.05	17.07	0.00
2	6	0.29	4.58	50.45	12.08	0.00
3	3	0.31	3.52	44.20	11.34	0.00
3	7	0.27	5.40	57.10	13.94	0.00
Core	CPU	C1%	C3%	C6%	C8%	C9%
-	-	0.38	6.56	56.88	7.99	0.18
0	0	0.52	6.22	57.53	7.65	0.00
0	4	0.59	5.72	55.35	9.81	0.01
1	1	0.40	6.23	59.74	11.73	0.00
1	5	0.40	9.06	47.42	6.10	1.42
2	2	0.12	6.12	56.57	10.18	0.00
2	6	0.34	6.79	59.47	5.00	0.00
3	3	0.26	5.66	58.47	9.16	0.00
3	7	0.38	6.81	61.69	4.47	0.00
Core	CPU	C1%	C3%	C6%	C8%	C9%
-	-	0.33	6.95	55.21	8.64	0.05
0	0	0.39	7.22	57.36	9.37	0.00
0	4	0.28	6.72	52.59	10.67	0.00
1	1	0.49	6.43	59.97	6.91	0.00
1	5	0.38	10.78	44.68	7.71	0.38
2	2	0.25	6.85	55.94	9.77	0.00
2	6	0.43	6.08	54.95	9.63	0.00
3	3	0.18	5.29	57.82	10.30	0.00
3	7	0.27	6.08	57.37	4.61	0.00
Core	CPU	C1%	C3%	C6%	C8%	C9%
-	-	0.47	6.35	55.53	9.95	0.07
0	0	0.38	6.49	62.36	6.80	0.00
0	4	0.11	5.47	51.94	15.35	0.00
1	1	0.34	5.76	58.98	11.32	0.00
1	5	0.64	9.29	49.16	7.87	0.54
2	2	0.60	4.74	54.72	13.58	0.00
2	6	0.50	6.58	55.27	7.49	0.00
3	3	0.16	5.91	54.79	11.83	0.00
3	7	1.06	6.52	56.82	5.35	0.00
Core	CPU	C1%	C3%	C6%	C8%	C9%
-	-	0.34	5.88	58.73	8.73	0.07
0	0	0.16	5.51	60.00	9.27	0.00
0	4	0.17	5.99	59.51	8.16	0.00
1	1	0.48	5.26	55.40	8.74	0.00
1	5	0.37	8.42	53.98	7.51	0.59
2	2	0.33	5.38	61.66	7.67	0.00
2	6	0.09	5.42	57.49	11.37	0.00
3	3	0.39	5.19	61.16	10.10	0.00
3	7	0.70	5.92	61.23	7.12	0.01
Core	CPU	C1%	C3%	C6%	C8%	C9%
-	-	0.63	6.20	52.51	13.55	0.28
0	0	0.81	5.28	48.60	7.91	0.00
0	4	0.63	5.86	58.85	12.90	0.01
1	1	0.44	5.46	48.52	12.10	0.00
1	5	0.49	8.89	45.05	14.65	2.19
2	2	0.49	6.26	55.46	15.44	0.00
2	6	0.82	6.48	52.41	14.69	0.00
3	3	0.57	5.70	54.34	15.79	0.00
3	7	0.78	5.65	56.49	14.80	0.00
Core	CPU	C1%	C3%	C6%	C8%	C9%
-	-	0.29	5.87	57.57	9.05	0.21
0	0	0.48	5.44	60.23	10.31	0.00
0	4	0.12	4.93	56.05	11.71	0.00
1	1	0.19	5.86	59.71	6.46	0.00
1	5	0.67	7.66	51.66	6.95	1.56
2	2	0.10	5.18	59.90	9.40	0.11
2	6	0.37	5.77	59.71	9.62	0.00
3	3	0.29	5.12	54.14	10.78	0.00
3	7	0.10	6.99	59.04	7.16	0.00
Core	CPU	C1%	C3%	C6%	C8%	C9%
-	-	0.32	6.46	56.50	10.21	0.04
0	0	0.30	6.82	55.65	10.37	0.00
0	4	0.44	4.62	56.01	13.53	0.11
1	1	0.35	6.10	57.46	10.68	0.00
1	5	0.65	10.06	51.09	9.51	0.10
2	2	0.17	4.99	58.22	12.33	0.01
2	6	0.33	6.31	60.10	7.64	0.07
3	3	0.03	6.21	56.90	9.47	0.00
3	7	0.28	6.57	56.58	8.16	0.00
Core	CPU	C1%	C3%	C6%	C8%	C9%
-	-	0.30	6.55	55.96	8.66	0.18
0	0	0.26	5.74	54.49	11.17	0.00
0	4	0.10	5.99	59.63	5.93	0.00
1	1	0.38	6.64	57.01	6.30	0.00
1	5	0.37	10.16	50.02	6.61	1.40
2	2	0.15	5.24	62.93	8.93	0.00
2	6	0.26	5.99	53.79	9.38	0.00
3	3	0.30	6.02	55.98	12.11	0.02
3	7	0.59	6.59	53.76	8.82	0.00
Core	CPU	C1%	C3%	C6%	C8%	C9%
-	-	0.23	6.96	56.25	9.72	0.19
0	0	0.33	6.32	59.30	11.37	0.00
0	4	0.20	6.17	60.99	6.62	0.00
1	1	0.06	6.89	55.15	9.26	0.00
1	5	0.68	10.71	47.57	9.17	1.19
2	2	0.24	6.17	54.70	11.81	0.11
2	6	0.09	7.60	55.94	8.71	0.00
3	3	0.17	5.86	59.03	9.36	0.00
3	7	0.08	6.00	57.34	11.45	0.24
Core	CPU	C1%	C3%	C6%	C8%	C9%
-	-	0.46	7.83	50.41	13.20	0.05
0	0	0.78	7.57	45.98	18.84	0.00
0	4	0.41	7.86	54.53	12.62	0.00
1	1	0.22	8.38	54.66	9.82	0.00
1	5	0.77	11.08	42.62	13.99	0.42
2	2	0.27	7.14	52.48	13.69	0.00
2	6	0.59	7.38	53.98	11.98	0.00
3	3	0.30	6.31	46.21	7.57	0.00
3	7	0.34	6.93	52.77	17.11	0.00
Core	CPU	C1%	C3%	C6%	C8%	C9%
-	-	0.27	6.78	54.71	10.25	0.03
0	0	0.27	7.33	57.67	8.81	0.00
0	4	0.21	5.94	56.38	10.81	0.00
1	1	0.19	6.44	53.63	12.05	0.00
1	5	0.70	11.38	47.92	5.21	0.20
2	2	0.42	5.91	54.88	11.28	0.00
2	6	0.13	5.51	54.52	11.35	0.01
3	3	0.21	5.46	56.98	10.51	0.00
3	7	0.07	6.27	55.71	11.98	0.00
Core	CPU	C1%	C3%	C6%	C8%	C9%
-	-	0.35	7.17	54.73	8.75	0.03
0	0	0.53	6.70	59.09	6.95	0.00
0	4	0.21	7.19	58.97	6.52	0.00
1	1	0.24	5.56	57.53	9.35	0.00
1	5	0.76	11.36	44.91	6.01	0.18
2	2	0.17	6.90	59.74	7.82	0.09
2	6	0.42	6.69	51.07	14.70	0.00
3	3	0.23	6.37	54.65	10.59	0.00
3	7	0.30	6.76	53.33	8.33	0.00
Core	CPU	C1%	C3%	C6%	C8%	C9%
-	-	0.33	6.61	56.47	9.41	0.03
0	0	0.42	6.75	58.13	10.47	0.00
0	4	0.23	6.29	56.35	11.61	0.00
1	1	0.05	5.98	59.01	8.16	0.00
1	5	0.77	9.87	49.11	6.63	0.25
2	2	0.24	6.27	57.37	8.55	0.00
2	6	0.28	5.51	58.16	7.92	0.00
3	3	0.27	5.67	57.19	10.92	0.00
3	7	0.34	6.38	54.98	10.78	0.00
Core	CPU	C1%	C3%	C6%	C8%	C9%
-	-	0.29	7.01	56.53	8.11	0.15
0	0	0.52	7.04	57.15	6.31	0.00
0	4	0.04	6.13	57.74	11.46	0.00
1	1	0.40	6.23	59.60	7.71	0.00
1	5	0.24	10.08	47.54	5.92	1.20
2	2	0.32	7.23	57.97	8.06	0.00
2	6	0.27	6.15	54.88	11.02	0.00
3	3	0.19	5.81	56.92	9.59	0.00
3	7	0.34	7.38	60.38	4.82	0.00
Core	CPU	C1%	C3%	C6%	C8%	C9%
-	-	0.71	6.81	51.97	14.21	0.07
0	0	0.65	6.35	54.63	14.73	0.00
0	4	0.78	6.09	45.66	6.61	0.10
1	1	0.66	6.71	54.50	15.73	0.00
1	5	0.88	9.79	47.64	14.18	0.44
2	2	0.33	6.48	53.81	14.21	0.00
2	6	0.88	7.00	56.60	12.33	0.00
3	3	0.58	5.95	56.25	14.53	0.00
3	7	0.92	6.11	46.58	21.29	0.00
Core	CPU	C1%	C3%	C6%	C8%	C9%
-	-	0.55	9.45	54.80	4.76	0.20
0	0	0.42	9.58	57.58	3.97	0.01
0	4	0.46	8.79	58.03	4.86	0.00
1	1	0.48	9.56	56.12	4.20	0.00
1	5	0.98	12.12	44.04	3.78	1.59
2	2	0.71	8.06	58.56	5.94	0.00
2	6	0.68	9.29	53.93	3.74	0.00
3	3	0.35	8.15	56.55	7.48	0.00
3	7	0.34	10.07	53.77	4.14	0.00
Core	CPU	C1%	C3%	C6%	C8%	C9%
-	-	0.30	7.34	57.54	7.16	0.07
0	0	0.43	7.04	58.48	5.55	0.00
0	4	0.32	6.30	57.57	11.78	0.00
1	1	0.16	6.38	58.52	8.32	0.00
1	5	0.29	11.06	50.64	4.73	0.53
2	2	0.23	6.14	57.74	8.05	0.00
2	6	0.40	7.85	57.95	4.89	0.00
3	3	0.28	6.65	62.06	6.64	0.00
3	7	0.32	7.29	57.41	7.35	0.00
Core	CPU	C1%	C3%	C6%	C8%	C9%
-	-	5.82	10.13	43.74	4.66	0.05
0	0	5.88	10.53	43.58	4.52	0.00
0	4	5.04	8.76	43.43	5.34	0.00
1	1	6.17	10.57	46.11	2.55	0.00
1	5	5.75	11.96	39.68	4.56	0.10
2	2	5.53	8.91	44.18	6.73	0.02
2	6	5.42	10.22	43.82	3.79	0.00
3	3	6.49	9.71	44.32	7.32	0.01
3	7	6.25	10.37	44.83	2.43	0.27
Core	CPU	C1%	C3%	C6%	C8%	C9%
-	-	3.77	9.48	43.00	4.82	0.05
0	0	4.52	9.62	45.31	3.13	0.10
0	4	4.08	8.88	42.25	5.40	0.01
1	1	4.29	9.31	43.46	4.51	0.00
1	5	4.20	9.90	40.69	6.29	0.32
2	2	3.04	9.42	46.07	5.46	0.00
2	6	3.12	10.75	41.93	2.75	0.00
3	3	3.84	10.55	42.10	3.38	0.00
3	7	3.11	7.41	42.16	7.66	0.00
Core	CPU	C1%	C3%	C6%	C8%	C9%
-	-	6.10	9.94	39.80	4.66	0.04
0	0	6.34	10.38	41.58	5.61	0.00
0	4	5.54	8.48	37.06	4.83	0.06
1	1	5.63	10.14	46.04	6.98	0.00
1	5	7.11	12.66	41.27	2.54	0.09
2	2	6.42	10.03	41.91	2.07	0.00
2	6	5.87	8.77	33.87	6.20	0.14
3	3	6.39	10.12	37.41	4.97	0.00
3	7	5.50	8.97	39.35	4.10	0.00
Core	CPU	C1%	C3%	C6%	C8%	C9%
-	-	4.62	9.37	40.52	7.18	0.06
0	0	5.24	10.52	37.89	7.60	0.00
0	4	3.82	8.63	42.37	10.88	0.00
1	1	3.98	8.81	36.27	2.97	0.15
1	5	4.07	10.85	42.14	8.15	0.30
2	2	5.76	8.78	41.87	12.99	0.00
2	6	4.71	9.27	41.81	9.09	0.00
3	3	4.49	9.96	40.88	2.86	0.00
3	7	4.92	8.16	40.90	2.90	0.00
Core	CPU	C1%	C3%	C6%	C8%	C9%
-	-	6.51	7.60	34.76	11.85	0.21
0	0	7.03	7.22	34.83	14.19	0.02
0	4	8.24	7.94	33.02	14.39	0.37
1	1	6.45	7.02	32.14	9.56	0.00
1	5	5.58	8.29	33.13	13.98	1.00
2	2	6.49	8.01	39.62	15.25	0.00
2	6	5.37	7.56	42.14	13.44	0.26
3	3	5.59	7.12	33.61	8.08	0.00
3	7	7.36	7.62	29.57	5.92	0.00
Core	CPU	C1%	C3%	C6%	C8%	C9%
-	-	3.41	8.79	44.45	5.68	0.28
0	0	3.71	9.26	42.79	5.03	0.00
0	4	2.50	7.23	48.32	8.01	0.00
1	1	3.10	7.70	44.51	7.15	0.00
1	5	3.51	10.95	41.21	4.69	0.90
2	2	4.20	9.55	43.46	5.69	0.31
2	6	2.94	7.50	46.72	5.61	0.00
3	3	3.78	9.84	46.07	3.50	0.00
3	7	3.50	8.30	42.57	5.76	1.04
Core	CPU	C1%	C3%	C6%	C8%	C9%
-	-	5.55	10.41	43.10	4.14	0.00
0	0	5.64	10.47	42.59	4.95	0.00
0	4	5.57	8.89	43.48	6.12	0.00
1	1	6.60	10.12	41.12	4.83	0.00
1	5	4.98	11.39	41.50	3.16	0.02
2	2	6.51	11.28	41.62	3.07	0.00
2	6	4.87	10.11	44.69	4.02	0.00
3	3	5.77	10.99	43.65	4.57	0.00
3	7	4.46	9.97	46.13	2.40	0.00
Core	CPU	C1%	C3%	C6%	C8%	C9%
-	-	5.07	9.11	38.26	6.51	0.12
0	0	3.75	7.97	41.28	9.75	0.00
0	4	5.75	10.42	35.61	6.47	0.09
1	1	5.16	9.97	36.88	7.94	0.01
1	5	5.41	9.68	33.51	6.20	0.73
2	2	4.47	9.79	39.98	2.97	0.05
2	6	5.11	8.23	37.94	9.01	0.00
3	3	4.91	8.62	39.94	5.77	0.04
3	7	6.01	8.19	41.02	3.95	0.00
Core	CPU	C1%	C3%	C6%	C8%	C9%
-	-	4.14	11.04	43.23	3.97	0.05
0	0	5.66	9.67	42.15	5.77	0.00
0	4	4.31	11.49	43.58	4.57	0.00
1	1	4.11	10.14	46.05	4.48	0.00
1	5	3.47	14.19	41.84	3.53	0.31
2	2	3.87	11.76	45.07	1.44	0.00
2	6	2.66	9.36	41.58	5.70	0.02
3	3	4.22	9.91	42.33	4.52	0.10
3	7	4.81	11.81	43.17	1.71	0.00
Core	CPU	C1%	C3%	C6%	C8%	C9%
-	-	3.93	10.15	42.20	4.67	0.11
0	0	4.58	11.73	39.57	3.55	0.00
0	4	4.84	8.56	43.70	6.34	0.00
1	1	2.73	10.76	46.91	4.52	0.00
1	5	3.18	10.17	40.69	9.95	0.85
2	2	4.31	9.81	43.10	2.23	0.00
2	6	3.84	8.60	38.95	4.08	0.00
3	3	3.02	9.81	43.04	3.97	0.00
3	7	4.96	11.72	41.64	2.74	0.00
Core	CPU	C1%	C3%	C6%	C8%	C9%
-	-	8.08	9.28	35.84	5.14	0.26
0	0	9.03	9.92	37.25	3.00	0.00
0	4	9.07	9.27	34.95	5.22	0.31
1	1	7.00	8.34	38.46	7.23	0.00
1	5	7.19	9.65	29.85	5.52	1.15
2	2	7.76	7.33	39.40	4.85	0.29
2	6	9.00	10.41	34.60	2.89	0.00
3	3	7.39	9.35	35.85	6.37	0.00
3	7	8.20	10.00	36.36	6.05	0.32
Core	CPU	C1%	C3%	C6%	C8%	C9%
-	-	5.53	9.52	33.64	11.35	0.35
0	0	6.08	8.63	30.49	6.69	0.22
0	4	5.28	9.19	41.00	15.44	0.01
1	1	4.34	8.22	34.09	19.55	1.00
1	5	5.70	10.95	31.65	14.39	1.03
2	2	4.87	10.25	41.33	12.67	0.00
2	6	5.71	9.62	32.89	12.62	0.50
3	3	5.29	9.37	31.05	8.39	0.00
3	7	6.94	9.94	26.76	1.12	0.00
Core	CPU	C1%	C3%	C6%	C8%	C9%
-	-	1.54	10.88	48.96	3.95	0.15
0	0	1.48	11.65	50.47	2.35	0.01
0	4	1.48	10.40	50.79	2.13	0.09
1	1	1.18	10.73	45.02	8.55	0.00
1	5	1.36	11.89	47.71	3.71	1.11
2	2	1.18	11.23	48.06	3.47	0.01
2	6	1.40	10.52	50.81	4.82	0.00
3	3	2.00	10.81	47.50	3.02	0.00
3	7	2.24	9.78	51.16	3.52	0.00
Core	CPU	C1%	C3%	C6%	C8%	C9%
-	-	1.49	11.00	49.60	3.95	0.05
0	0	1.75	10.91	52.95	4.04	0.00
0	4	1.15	10.18	52.47	2.94	0.00
1	1	1.74	9.72	50.09	4.99	0.00
1	5	1.46	14.65	42.77	4.07	0.38
2	2	1.37	10.88	49.64	3.28	0.00
2	6	1.72	11.31	49.42	5.67	0.00
3	3	0.95	9.48	49.20	4.95	0.00
3	7	1.76	10.88	50.32	1.64	0.00
Core	CPU	C1%	C3%	C6%	C8%	C9%
-	-	0.46	10.23	54.72	4.20	0.00
0	0	0.22	10.69	58.92	1.98	0.00
0	4	0.20	9.00	58.45	6.76	0.00
1	1	0.57	8.52	57.76	5.80	0.00
1	5	0.90	15.51	43.67	1.64	0.00
2	2	0.49	8.44	55.25	6.41	0.00
2	6	0.48	10.23	52.74	2.99	0.00
3	3	0.65	9.72	53.48	5.06	0.02
3	7	0.19	9.76	57.42	2.93	0.00
Core	CPU	C1%	C3%	C6%	C8%	C9%
-	-	0.66	10.87	54.18	3.95	0.03
0	0	0.88	10.38	57.96	1.40	0.00
0	4	0.38	9.48	50.34	6.24	0.00
1	1	0.59	9.07	57.78	6.51	0.00
1	5	1.13	16.60	42.61	1.61	0.00
2	2	0.44	9.31	59.20	5.05	0.00
2	6	0.53	10.17	55.05	3.65	0.04
3	3	0.31	11.10	55.31	3.60	0.00
3	7	1.00	10.83	55.28	3.54	0.21
Core	CPU	C1%	C3%	C6%	C8%	C9%
-	-	0.35	9.93	53.52	4.01	0.00
0	0	0.29	9.51	55.21	3.24	0.01
0	4	0.31	8.18	52.90	5.98	0.00
1	1	0.24	7.82	57.88	5.45	0.00
1	5	0.59	16.01	40.32	1.04	0.00
2	2	0.52	8.88	54.13	5.31	0.00
2	6	0.29	9.67	56.07	4.03	0.00
3	3	0.18	8.97	59.53	2.78	0.00
3	7	0.41	10.40	52.22	4.30	0.00
Core	CPU	C1%	C3%	C6%	C8%	C9%
-	-	0.55	10.68	53.05	4.02	0.02
0	0	0.85	11.26	53.54	4.19	0.00
0	4	0.59	9.19	53.23	6.80	0.00
1	1	0.49	8.69	54.34	5.39	0.00
1	5	0.62	16.19	40.61	1.54	0.18
2	2	0.31	9.47	56.01	4.73	0.00
2	6	0.67	9.74	54.04	3.62	0.00
3	3	0.61	10.95	54.74	2.85	0.00
3	7	0.29	9.92	57.76	3.07	0.00
Core	CPU	C1%	C3%	C6%	C8%	C9%
-	-	0.96	9.12	46.86	12.68	0.02
0	0	1.04	8.08	40.67	2.72	0.00
0	4	0.79	9.28	48.50	13.47	0.00
1	1	0.76	7.85	51.84	15.11	0.00
1	5	1.51	14.04	36.87	12.78	0.00
2	2	0.78	8.84	52.02	11.76	0.00
2	6	0.93	9.00	48.27	14.86	0.00
3	3	0.73	7.79	45.58	16.81	0.16
3	7	1.17	8.18	51.48	13.97	0.00
Core	CPU	C1%	C3%	C6%	C8%	C9%
-	-	3.83	11.80	45.03	3.10	0.02
0	0	2.87	11.13	48.95	3.09	0.00
0	4	4.47	12.72	42.79	2.67	0.00
1	1	3.41	11.42	43.95	3.86	0.00
1	5	3.40	13.76	47.60	1.54	0.16
2	2	3.84	12.69	41.51	1.71	0.00
2	6	3.70	9.51	47.36	5.03	0.03
3	3	4.35	11.45	45.73	2.44	0.00
3	7	4.61	11.68	42.11	4.47	0.00
Core	CPU	C1%	C3%	C6%	C8%	C9%
-	-	3.31	9.66	43.85	5.17	0.07
0	0	2.90	9.84	44.93	4.68	0.11
0	4	3.58	9.31	43.67	6.31	0.00
1	1	2.80	9.42	44.58	6.33	0.00
1	5	3.55	11.20	41.43	5.58	0.35
2	2	2.53	9.11	44.97	4.73	0.00
2	6	2.89	9.42	42.14	5.21	0.06
3	3	4.22	8.97	46.48	4.71	0.03
3	7	3.99	10.05	42.62	3.80	0.00
Core	CPU	C1%	C3%	C6%	C8%	C9%
-	-	0.74	10.94	54.08	2.46	0.09
0	0	0.75	11.13	53.41	2.86	0.00
0	4	0.80	9.67	57.83	3.50	0.00
1	1	0.44	10.49	54.94	4.00	0.00
1	5	1.09	14.94	43.71	1.65	0.67
2	2	0.70	10.24	56.11	1.88	0.00
2	6	0.97	9.96	56.12	1.65	0.00
3	3	0.76	10.38	54.38	2.30	0.01
3	7	0.46	10.72	56.07	1.86	0.00
Core	CPU	C1%	C3%	C6%	C8%	C9%
-	-	0.66	11.43	53.18	3.21	0.09
0	0	0.63	10.81	52.06	4.92	0.00
0	4	0.64	11.22	55.91	2.54	0.00
1	1	0.46	10.29	53.29	3.32	0.00
1	5	1.52	16.26	40.64	2.42	0.08
2	2	0.46	10.63	55.60	2.50	0.00
2	6	0.53	10.95	54.43	4.62	0.64
3	3	0.69	11.73	55.29	2.21	0.00
3	7	0.37	9.59	58.39	3.14	0.00
Core	CPU	C1%	C3%	C6%	C8%	C9%
-	-	1.01	13.25	51.04	1.63	0.00
0	0	1.11	13.67	51.73	0.90	0.00
0	4	0.61	13.36	51.50	1.71	0.00
1	1	0.74	12.79	52.45	2.23	0.00
1	5	1.71	15.57	43.08	1.03	0.00
2	2	1.00	11.93	53.42	1.97	0.00
2	6	0.74	12.34	52.12	2.48	0.00
3	3	1.11	11.71	54.06	1.84	0.00
3	7	1.04	14.60	49.79	0.88	0.00
Core	CPU	C1%	C3%	C6%	C8%	C9%
-	-	0.82	14.02	50.01	1.71	0.00
0	0	0.61	14.31	50.50	0.82	0.00
0	4	0.92	14.01	51.80	1.60	0.00
1	1	0.70	11.93	55.26	3.82	0.00
1	5	1.64	17.52	38.62	1.37	0.00
2	2	0.58	13.65	53.55	1.03	0.00
2	6	0.49	13.18	52.81	1.20	0.00
3	3	0.86	13.68	49.32	1.25	0.00
3	7	0.74	13.89	48.24	2.60	0.00
Core	CPU	C1%	C3%	C6%	C8%	C9%
-	-	0.94	13.99	49.43	2.78	0.05
0	0	0.92	14.32	49.60	3.49	0.00
0	4	1.04	14.68	50.07	3.45	0.00
1	1	0.78	12.30	55.57	3.00	0.01
1	5	1.17	15.69	41.89	2.88	0.41
2	2	1.36	13.05	45.83	0.67	0.00
2	6	0.78	13.75	48.94	3.09	0.00
3	3	0.86	14.95	53.33	1.51	0.00
3	7	0.58	13.17	50.26	4.15	0.00
Core	CPU	C1%	C3%	C6%	C8%	C9%
-	-	3.59	13.78	43.55	1.96	0.01
0	0	3.17	13.85	47.01	3.36	0.02
0	4	4.12	15.34	43.27	2.11	0.00
1	1	3.99	14.24	45.26	1.20	0.00
1	5	4.08	16.32	42.96	1.43	0.03
2	2	2.22	8.03	36.73	2.41	0.00
2	6	3.46	13.99	40.05	2.79	0.00
3	3	3.31	14.81	49.58	1.27	0.00
3	7	4.35	13.68	43.54	1.08	0.00
Core	CPU	C1%	C3%	C6%	C8%	C9%
-	-	4.13	13.96	44.56	1.46	0.01
0	0	5.17	12.81	44.85	2.52	0.00
0	4	3.83	14.02	44.37	1.21	0.00
1	1	4.68	14.70	42.62	1.14	0.00
1	5	5.00	12.50	46.10	0.70	0.00
2	2	4.00	14.39	44.76	1.08	0.01
2	6	3.76	13.37	45.35	1.68	0.11
3	3	3.44	14.33	44.25	1.88	0.00
3	7	3.18	15.56	44.23	1.46	0.00
Core	CPU	C1%	C3%	C6%	C8%	C9%
-	-	7.52	13.91	38.53	1.76	0.03
0	0	7.88	13.89	36.10	1.68	0.00
0	4	6.67	14.39	39.83	1.42	0.00
1	1	7.79	13.70	40.67	1.07	0.00
1	5	8.66	14.19	34.60	3.48	0.25
2	2	6.20	14.54	41.59	1.45	0.00
2	6	7.78	12.34	37.37	1.71	0.00
3	3	7.97	14.33	38.81	1.55	0.00
3	7	7.21	13.89	39.27	1.69	0.00
Core	CPU	C1%	C3%	C6%	C8%	C9%
-	-	2.44	12.57	46.17	1.97	0.03
0	0	2.89	12.84	47.62	2.44	0.00
0	4	2.79	13.06	48.46	2.38	0.00
1	1	2.43	12.83	46.35	1.07	0.00
1	5	2.86	13.71	40.33	0.91	0.24
2	2	2.33	12.35	43.98	1.74	0.01
2	6	2.36	11.96	48.81	2.42	0.00
3	3	2.02	12.91	45.77	2.03	0.00
3	7	1.85	10.92	48.03	2.76	0.00
Core	CPU	C1%	C3%	C6%	C8%	C9%
-	-	5.44	11.54	40.61	3.46	0.08
0	0	5.58	11.98	41.69	3.85	0.01
0	4	5.87	11.32	42.13	3.02	0.00
1	1	4.95	10.51	41.87	4.36	0.04
1	5	5.20	13.09	38.00	3.13	0.38
2	2	5.92	9.91	41.00	3.51	0.22
2	6	5.65	12.19	39.80	1.58	0.00
3	3	4.11	12.36	40.53	4.04	0.00
3	7	6.28	10.98	39.85	4.21	0.00
Core	CPU	C1%	C3%	C6%	C8%	C9%
-	-	11.01	11.99	33.64	1.91	0.02
0	0	12.15	11.94	33.28	1.38	0.00
0	4	11.70	12.07	33.17	2.80	0.00
1	1	11.58	12.59	30.79	1.81	0.00
1	5	9.66	12.08	34.86	1.75	0.06
2	2	10.08	10.36	35.50	2.02	0.00
2	6	12.18	12.98	32.78	1.60	0.00
3	3	10.36	12.45	34.00	0.90	0.03
3	7	10.33	11.43	34.71	3.04	0.04
Core	CPU	C1%	C3%	C6%	C8%	C9%
-	-	13.55	11.44	32.58	2.10	0.02
0	0	13.91	10.52	31.93	2.12	0.00
0	4	13.85	12.55	29.87	1.37	0.00
1	1	13.97	10.53	33.04	4.38	0.00
1	5	13.11	12.95	30.64	1.60	0.13
2	2	13.24	11.10	33.76	1.31	0.00
2	6	11.34	11.31	35.49	2.81	0.00
3	3	16.18	10.31	29.58	1.66	0.00
3	7	12.79	12.28	36.34	1.58	0.00
Core	CPU	C1%	C3%	C6%	C8%	C9%
-	-	11.49	13.67	34.03	1.70	0.00
0	0	11.85	13.88	33.35	0.30	0.01
0	4	11.02	13.31	38.76	0.98	0.00
1	1	11.37	13.65	33.29	3.08	0.00
1	5	12.20	13.96	33.57	0.83	0.02
2	2	12.14	13.79	31.12	1.78	0.00
2	6	10.97	12.43	35.96	3.33	0.00
3	3	12.09	12.83	33.30	2.27	0.00
3	7	10.28	15.49	32.94	1.05	0.00
Core	CPU	C1%	C3%	C6%	C8%	C9%
-	-	0.89	14.82	50.90	0.71	0.00
0	0	0.48	14.47	53.23	0.90	0.00
0	4	1.06	14.60	49.75	0.85	0.00
1	1	0.52	15.48	50.17	0.55	0.00
1	5	0.96	15.24	51.39	0.12	0.00
2	2	1.03	14.17	51.13	1.15	0.00
2	6	0.92	15.06	50.11	0.55	0.00
3	3	0.87	14.60	52.60	0.25	0.00
3	7	1.25	14.95	48.81	1.33	0.00
Core	CPU	C1%	C3%	C6%	C8%	C9%
-	-	0.87	12.46	51.57	3.75	0.00
0	0	1.09	12.99	54.83	3.02	0.00
0	4	1.13	13.07	52.47	4.50	0.00
1	1	0.91	12.14	52.69	5.15	0.00
1	5	0.46	11.18	59.14	1.70	0.00
2	2	1.04	12.87	47.81	7.47	0.00
2	6	0.96	13.10	53.30	3.89	0.00
3	3	0.56	11.03	42.15	0.23	0.00
3	7	0.78	13.25	50.02	4.02	0.00
Core	CPU	C1%	C3%	C6%	C8%	C9%
-	-	2.44	14.70	46.29	0.60	0.01
0	0	2.79	13.99	47.37	0.80	0.00
0	4	2.33	14.08	50.81	0.59	0.00
1	1	2.98	15.20	47.57	0.58	0.00
1	5	2.58	14.90	46.18	0.79	0.08
2	2	1.97	16.40	45.82	0.26	0.00
2	6	2.50	14.36	48.68	0.89	0.00
3	3	2.26	12.21	41.47	0.59	0.00
3	7	2.15	16.48	42.55	0.32	0.00
Core	CPU	C1%	C3%	C6%	C8%	C9%
-	-	0.87	13.40	50.91	1.10	0.00
0	0	0.70	13.59	51.02	1.76	0.00
0	4	0.71	12.44	53.58	0.73	0.00
1	1	1.13	12.92	48.86	2.00	0.00
1	5	0.89	15.19	48.73	0.64	0.00
2	2	1.04	12.57	53.50	1.26	0.00
2	6	0.98	13.45	51.68	0.19	0.00
3	3	0.77	15.15	47.09	1.00	0.00
3	7	0.75	11.88	52.84	1.25	0.00
Core	CPU	C1%	C3%	C6%	C8%	C9%
-	-	0.96	12.91	53.09	1.62	0.00
0	0	0.83	13.83	50.86	0.99	0.00
0	4	0.80	11.45	57.80	1.13	0.00
1	1	0.95	12.74	55.50	2.77	0.00
1	5	1.66	14.15	47.03	0.45	0.00
2	2	1.15	13.29	51.47	2.09	0.00
2	6	0.69	12.22	55.31	2.53	0.00
3	3	0.78	11.47	55.80	1.34	0.00
3	7	0.81	14.13	50.91	1.68	0.00
Core	CPU	C1%	C3%	C6%	C8%	C9%
-	-	0.72	11.95	51.81	2.81	0.00
0	0	0.89	12.88	50.94	1.17	0.00
0	4	0.30	12.65	53.54	3.19	0.00
1	1	0.54	10.26	52.97	5.04	0.00
1	5	1.17	13.87	48.45	0.63	0.00
2	2	0.63	12.10	51.90	4.25	0.00
2	6	0.99	11.64	51.19	2.43	0.00
3	3	0.71	12.12	51.97	1.16	0.00
3	7	0.54	10.11	53.47	4.60	0.00
Core	CPU	C1%	C3%	C6%	C8%	C9%
-	-	0.94	13.32	52.88	1.73	0.01
0	0	0.91	11.78	56.49	1.30	0.00
0	4	1.33	13.31	51.76	1.15	0.00
1	1	1.04	13.16	53.84	2.51	0.00
1	5	1.00	13.44	51.36	1.86	0.05
2	2	0.68	12.72	54.80	2.44	0.00
2	6	0.82	15.03	51.76	1.58	0.00
3	3	0.75	12.43	51.23	2.28	0.01
3	7	0.96	14.71	51.89	0.73	0.00
Core	CPU	C1%	C3%	C6%	C8%	C9%
-	-	0.83	12.27	53.48	1.37	0.02
0	0	0.91	12.01	51.32	2.40	0.00
0	4	0.91	10.10	58.57	0.35	0.00
1	1	0.68	11.97	52.21	2.94	0.00
1	5	0.76	13.39	49.89	1.06	0.19
2	2	0.82	13.00	51.24	1.38	0.00
2	6	0.91	12.79	53.69	1.08	0.00
3	3	0.83	11.97	55.11	1.22	0.00
3	7	0.82	12.95	55.80	0.52	0.00
Core	CPU	C1%	C3%	C6%	C8%	C9%
-	-	0.88	13.06	53.36	1.44	0.00
0	0	1.00	11.92	55.34	0.61	0.00
0	4	0.98	14.34	49.50	1.02	0.00
1	1	0.90	12.71	52.99	2.25	0.00
1	5	1.04	13.48	53.78	0.48	0.00
2	2	0.60	12.84	55.92	0.79	0.00
2	6	0.54	13.24	53.29	2.78	0.00
3	3	0.97	14.05	50.87	1.37	0.00
3	7	0.99	11.91	55.20	2.20	0.00
Core	CPU	C1%	C3%	C6%	C8%	C9%
-	-	1.05	12.81	52.96	1.08	0.01
0	0	1.53	11.15	53.38	0.60	0.00
0	4	0.85	12.78	52.24	1.14	0.00
1	1	0.65	11.67	55.86	1.70	0.00
1	5	0.93	15.79	48.48	1.16	0.00
2	2	1.54	13.89	50.59	0.53	0.00
2	6	1.03	12.94	56.04	0.67	0.00
3	3	0.52	11.71	55.55	0.89	0.11
3	7	1.38	12.56	51.56	2.00	0.00
Core	CPU	C1%	C3%	C6%	C8%	C9%
-	-	1.02	13.65	49.57	2.10	0.00
0	0	0.90	12.87	51.70	2.23	0.00
0	4	1.07	13.00	48.65	3.35	0.00
1	1	0.89	13.62	54.37	0.50	0.00
1	5	1.10	13.94	43.72	4.03	0.00
2	2	0.98	14.41	46.10	1.05	0.00
2	6	0.85	12.65	51.02	1.99	0.00
3	3	0.77	14.11	51.20	2.57	0.00
3	7	1.63	14.57	49.87	1.07	0.00
Core	CPU	C1%	C3%	C6%	C8%	C9%
-	-	0.93	13.87	44.09	4.45	0.00
0	0	1.09	15.72	47.11	4.30	0.00
0	4	1.01	13.90	47.46	5.01	0.00
1	1	1.06	14.68	40.81	5.23	0.00
1	5	1.10	14.39	43.35	8.49	0.00
2	2	0.95	13.21	46.80	2.46	0.01
2	6	0.98	13.70	49.48	4.92	0.00
3	3	0.49	9.29	33.50	1.51	0.00
3	7	0.78	16.31	45.09	3.74	0.00
Core	CPU	C1%	C3%	C6%	C8%	C9%
-	-	1.36	11.05	47.76	2.69	0.03
0	0	1.30	10.22	50.84	2.64	0.10
0	4	1.49	11.55	44.03	4.60	0.00
1	1	1.65	10.23	46.80	3.46	0.00
1	5	1.53	11.87	46.09	1.09	0.00
2	2	1.19	10.00	46.34	2.15	0.00
2	6	1.36	11.29	51.32	2.98	0.00
3	3	1.06	11.45	48.46	3.22	0.15
3	7	1.25	11.55	47.23	1.35	0.00
Core	CPU	C1%	C3%	C6%	C8%	C9%
-	-	1.02	11.88	52.68	2.61	0.01
0	0	1.00	13.06	50.06	2.70	0.00
0	4	0.81	10.91	55.38	3.78	0.06
1	1	1.35	11.02	54.39	1.99	0.00
1	5	1.02	12.58	49.38	2.03	0.03
2	2	0.60	10.49	55.11	4.95	0.00
2	6	0.80	12.53	49.14	1.77	0.00
3	3	1.49	13.05	50.66	1.49	0.00
3	7	1.05	11.42	57.20	2.20	0.00
Core	CPU	C1%	C3%	C6%	C8%	C9%
-	-	0.97	11.86	51.79	3.37	0.01
0	0	0.77	12.08	52.19	3.88	0.00
0	4	1.13	11.26	51.34	3.36	0.00
1	1	0.64	10.07	57.42	3.75	0.10
1	5	1.11	13.67	46.49	1.55	0.00
2	2	0.94	12.19	54.50	1.68	0.00
2	6	0.97	11.67	50.68	4.17	0.00
3	3	1.01	11.65	52.79	4.61	0.00
3	7	1.17	12.26	48.91	3.99	0.00
Core	CPU	C1%	C3%	C6%	C8%	C9%
-	-	0.98	11.34	51.63	3.20	0.00
0	0	0.78	12.97	51.58	0.80	0.00
0	4	0.98	10.95	53.39	3.25	0.00
1	1	1.48	8.91	52.13	4.94	0.00
1	5	1.38	12.11	47.67	1.76	0.00
2	2	0.90	11.57	51.81	3.37	0.00
2	6	0.57	11.68	51.69	4.17	0.00
3	3	0.71	12.42	52.18	2.58	0.00
3	7	1.03	10.09	52.53	4.70	0.01
Core	CPU	C1%	C3%	C6%	C8%	C9%
-	-	1.10	16.83	45.34	0.09	0.00
0	0	1.34	16.94	47.20	0.06	0.00
0	4	1.07	17.82	44.00	0.00	0.00
1	1	1.01	16.45	47.90	0.07	0.00
1	5	0.70	16.27	45.55	0.03	0.00
2	2	1.21	17.26	42.93	0.00	0.00
2	6	1.16	16.41	46.81	0.09	0.00
3	3	1.35	16.45	44.39	0.05	0.00
3	7	0.97	17.04	43.94	0.39	0.00
Core	CPU	C1%	C3%	C6%	C8%	C9%
-	-	1.00	16.17	46.85	0.44	0.00
0	0	1.39	16.58	44.33	0.09	0.00
0	4	0.92	15.93	47.85	0.10	0.00
1	1	0.83	15.84	47.41	1.19	0.00
1	5	1.52	15.76	48.50	0.59	0.00
2	2	1.05	16.43	49.51	0.41	0.00
2	6	0.70	16.19	47.47	0.33	0.00
3	3	0.74	16.40	45.76	0.22	0.00
3	7	0.81	16.26	43.98	0.61	0.00
Core	CPU	C1%	C3%	C6%	C8%	C9%
-	-	1.00	17.09	45.43	0.43	0.00
0	0	1.23	17.91	45.20	0.47	0.00
0	4	1.01	17.80	43.22	0.93	0.00
1	1	0.96	16.92	45.35	0.20	0.00
1	5	0.63	17.32	46.28	0.03	0.00
2	2	1.16	15.31	48.59	0.70	0.00
2	6	1.21	18.32	42.14	0.04	0.00
3	3	0.79	17.43	44.46	0.63	0.00
3	7	1.00	15.72	48.25	0.42	0.00
Core	CPU	C1%	C3%	C6%	C8%	C9%
-	-	1.02	14.81	48.87	0.72	0.00
0	0	0.95	15.59	48.48	0.53	0.00
0	4	1.50	14.54	48.08	1.46	0.00
1	1	0.91	14.40	51.27	0.91	0.00
1	5	0.73	15.52	47.15	0.28	0.00
2	2	1.34	15.77	44.42	0.36	0.00
2	6	0.99	13.82	52.89	0.99	0.00
3	3	1.03	15.01	48.25	0.69	0.00
3	7	0.73	13.78	50.38	0.58	0.00
Core	CPU	C1%	C3%	C6%	C8%	C9%
-	-	0.76	11.87	52.00	2.72	0.01
0	0	0.75	11.38	49.30	3.79	0.00
0	4	0.69	13.94	46.41	2.26	0.00
1	1	0.83	11.18	55.17	4.11	0.00
1	5	0.67	11.93	51.17	2.56	0.08
2	2	0.60	12.16	52.25	1.82	0.00
2	6	0.73	11.47	53.62	3.10	0.00
3	3	0.53	10.47	56.97	2.09	0.00
3	7	1.33	12.44	51.20	2.02	0.00
Core	CPU	C1%	C3%	C6%	C8%	C9%
-	-	1.70	11.96	44.41	4.70	0.15
0	0	1.42	13.53	46.54	5.49	0.00
0	4	1.53	6.47	26.49	1.47	0.12
1	1	2.38	13.32	45.10	3.49	0.01
1	5	1.69	12.53	45.61	4.97	0.32
2	2	1.68	13.41	49.04	4.95	0.00
2	6	1.71	12.41	48.41	7.07	0.05
3	3	1.56	12.69	47.06	6.06	0.67
3	7	1.60	11.34	46.95	4.11	0.00
Core	CPU	C1%	C3%	C6%	C8%	C9%
-	-	0.83	11.55	51.60	2.74	0.00
0	0	0.64	10.50	53.52	3.09	0.00
0	4	0.84	13.08	49.10	2.48	0.00
1	1	0.71	11.37	54.78	1.98	0.00
1	5	1.16	11.57	51.82	2.77	0.00
2	2	0.87	10.85	51.39	4.89	0.00
2	6	0.85	12.57	49.05	2.25	0.00
3	3	0.83	11.31	51.14	2.69	0.00
3	7	0.73	11.17	52.02	1.77	0.00
Core	CPU	C1%	C3%	C6%	C8%	C9%
-	-	0.96	12.04	51.93	2.19	0.02
0	0	1.16	12.47	52.16	2.28	0.00
0	4	1.25	12.28	48.89	2.62	0.18
1	1	0.89	11.12	54.74	3.76	0.00
1	5	0.96	13.67	49.90	0.79	0.00
2	2	0.71	11.21	55.88	2.24	0.00
2	6	1.35	12.82	48.57	1.84	0.00
3	3	0.56	12.39	53.33	1.48	0.00
3	7	0.81	10.36	51.97	2.55	0.00
Core	CPU	C1%	C3%	C6%	C8%	C9%
-	-	0.58	10.48	52.11	4.25	0.00
0	0	0.78	11.56	56.41	1.83	0.00
0	4	0.31	10.15	52.87	5.13	0.00
1	1	0.48	7.80	54.35	8.69	0.00
1	5	0.64	11.92	46.89	3.56	0.00
2	2	0.51	10.83	52.26	2.18	0.00
2	6	0.61	11.32	48.82	4.71	0.00
3	3	0.60	10.27	50.98	3.48	0.00
3	7	0.68	9.96	54.27	4.43	0.00
Core	CPU	C1%	C3%	C6%	C8%	C9%
-	-	0.84	9.88	54.32	3.86	0.02
0	0	1.21	10.07	52.16	4.44	0.00
0	4	0.73	8.84	54.60	4.99	0.00
1	1	0.69	10.76	55.71	4.56	0.00
1	5	0.96	9.89	54.14	3.57	0.00
2	2	0.71	10.53	56.01	1.91	0.12
2	6	0.53	9.56	55.59	3.14	0.00
3	3	1.01	9.56	54.12	2.17	0.00
3	7	0.84	9.81	52.27	6.13	0.00
Core	CPU	C1%	C3%	C6%	C8%	C9%
-	-	0.82	10.21	53.09	4.02	0.00
0	0	1.01	10.62	50.37	5.86	0.02
0	4	0.99	9.04	49.90	7.83	0.00
1	1	0.79	7.66	56.96	4.29	0.00
1	5	1.08	10.13	55.43	1.39	0.00
2	2	0.78	10.87	53.52	3.57	0.00
2	6	0.53	10.76	53.22	3.34	0.00
3	3	0.43	11.90	50.82	2.39	0.00
3	7	0.92	10.69	54.52	3.46	0.00
Core	CPU	C1%	C3%	C6%	C8%	C9%
-	-	0.78	10.23	54.44	2.91	0.01
0	0	1.00	8.88	52.09	3.39	0.06
0	4	0.90	10.68	54.60	3.36	0.01
1	1	0.98	10.91	54.93	3.87	0.00
1	5	0.87	10.77	56.02	0.36	0.00
2	2	0.52	10.18	55.64	3.86	0.00
2	6	0.58	9.93	53.48	1.90	0.00
3	3	0.87	10.74	51.44	3.20	0.00
3	7	0.51	9.73	57.34	3.37	0.00
Core	CPU	C1%	C3%	C6%	C8%	C9%
-	-	0.88	10.66	53.21	3.38	0.04
0	0	0.74	10.35	54.47	4.64	0.00
0	4	1.05	11.28	52.91	2.19	0.00
1	1	0.72	10.19	52.83	4.22	0.00
1	5	0.66	11.41	51.92	2.46	0.30
2	2	0.66	9.00	54.83	2.39	0.00
2	6	1.32	11.69	52.12	2.74	0.00
3	3	0.64	10.37	53.36	4.36	0.00
3	7	1.28	11.01	53.24	4.03	0.00
Core	CPU	C1%	C3%	C6%	C8%	C9%
-	-	0.50	7.81	55.74	6.04	0.02
0	0	0.58	7.54	53.78	6.35	0.00
0	4	0.27	8.80	54.59	5.23	0.11
1	1	0.38	7.36	56.49	7.62	0.00
1	5	0.86	8.05	57.81	5.02	0.00
2	2	0.41	8.35	57.28	6.02	0.04
2	6	0.65	6.37	56.40	7.79	0.01
3	3	0.56	7.39	53.50	5.63	0.00
3	7	0.31	8.65	56.03	4.63	0.00
Core	CPU	C1%	C3%	C6%	C8%	C9%
-	-	0.52	8.91	51.62	7.88	0.01
0	0	0.81	9.22	51.88	12.64	0.00
0	4	0.56	9.56	55.29	5.33	0.00
1	1	0.33	8.43	54.20	11.17	0.00
1	5	0.39	10.78	53.80	6.54	0.00
2	2	0.35	9.42	55.57	8.31	0.00
2	6	1.03	9.72	54.42	6.86	0.11
3	3	0.39	7.57	50.44	10.82	0.00
3	7	0.28	6.76	38.22	1.51	0.00
Core	CPU	C1%	C3%	C6%	C8%	C9%
-	-	1.71	8.77	50.65	5.37	0.01
0	0	1.70	9.13	53.04	3.15	0.00
0	4	1.99	9.30	44.84	3.14	0.00
1	1	1.88	7.93	52.23	11.69	0.00
1	5	1.15	7.80	52.77	6.05	0.04
2	2	2.07	10.50	53.15	3.84	0.06
2	6	0.88	9.07	51.62	2.65	0.00
3	3	2.15	7.92	47.88	4.60	0.00
3	7	1.85	8.34	48.91	7.72	0.00
Core	CPU	C1%	C3%	C6%	C8%	C9%
-	-	0.47	8.00	53.19	5.98	0.12
0	0	0.41	6.84	53.10	4.96	0.00
0	4	0.39	7.85	52.84	4.55	0.59
1	1	0.57	8.75	53.11	5.87	0.00
1	5	0.51	8.52	50.04	6.64	0.33
2	2	0.22	7.62	55.38	5.39	0.00
2	6	0.56	9.15	52.44	7.57	0.00
3	3	0.65	7.57	55.04	5.93	0.00
3	7	0.48	7.75	53.61	6.95	0.01
Core	CPU	C1%	C3%	C6%	C8%	C9%
-	-	0.34	5.59	58.15	7.61	0.06
0	0	0.19	5.44	57.07	11.91	0.00
0	4	0.40	5.15	60.17	7.48	0.00
1	1	0.48	5.34	57.86	9.68	0.00
1	5	0.38	6.03	61.87	8.14	0.00
2	2	0.26	5.15	53.13	5.65	0.50
2	6	0.13	6.96	55.85	5.81	0.00
3	3	0.25	5.14	57.17	6.36	0.00
3	7	0.61	5.51	62.10	5.82	0.00
Core	CPU	C1%	C3%	C6%	C8%	C9%
-	-	0.40	5.71	57.97	8.22	0.04
0	0	0.34	5.41	57.61	8.40	0.00
0	4	0.65	5.77	58.60	8.12	0.00
1	1	0.28	4.86	56.41	11.70	0.00
1	5	0.67	6.83	57.15	8.26	0.06
2	2	0.07	5.01	57.11	7.64	0.05
2	6	0.34	6.09	59.53	5.79	0.00
3	3	0.53	4.99	56.47	6.81	0.24
3	7	0.34	6.71	60.91	9.03	0.00
Core	CPU	C1%	C3%	C6%	C8%	C9%
-	-	0.29	5.00	57.81	10.03	0.00
0	0	0.16	4.21	57.85	12.67	0.00
0	4	0.21	5.76	57.68	7.12	0.00
1	1	0.04	4.46	59.60	8.65	0.00
1	5	1.18	6.12	59.13	6.77	0.00
2	2	0.08	4.75	53.28	13.01	0.00
2	6	0.10	4.65	59.18	9.00	0.00
3	3	0.31	5.41	59.45	7.04	0.01
3	7	0.26	4.68	56.44	16.02	0.00
Core	CPU	C1%	C3%	C6%	C8%	C9%
-	-	0.34	5.05	58.65	9.21	0.03
0	0	0.43	4.98	63.19	9.06	0.00
0	4	0.26	4.65	52.99	11.83	0.01
1	1	0.58	5.32	57.62	11.81	0.00
1	5	0.35	4.96	54.43	8.37	0.00
2	2	0.11	4.46	55.64	15.15	0.00
2	6	0.28	5.97	62.91	5.46	0.20
3	3	0.39	4.42	64.32	6.62	0.00
3	7	0.33	5.62	58.25	5.43	0.00
Core	CPU	C1%	C3%	C6%	C8%	C9%
-	-	0.26	4.47	58.74	11.48	0.00
0	0	0.13	4.65	62.44	10.02	0.00
0	4	0.48	4.49	59.89	11.11	0.00
1	1	0.51	3.61	60.20	9.83	0.00
1	5	0.23	4.98	56.16	8.01	0.00
2	2	0.22	4.81	58.84	13.36	0.00
2	6	0.11	4.25	56.20	13.35	0.00
3	3	0.33	5.09	54.89	14.24	0.00
3	7	0.05	3.87	61.01	11.87	0.00
Core	CPU	C1%	C3%	C6%	C8%	C9%
-	-	0.27	3.88	57.07	11.75	0.01
0	0	0.41	3.27	55.65	15.66	0.00
0	4	0.21	4.59	61.82	11.84	0.00
1	1	0.31	2.73	52.04	13.13	0.00
1	5	0.25	5.66	58.75	8.01	0.00
2	2	0.36	4.55	60.74	8.86	0.00
2	6	0.33	2.93	54.09	16.01	0.00
3	3	0.17	3.66	54.72	11.96	0.00
3	7	0.12	3.69	59.44	8.66	0.06
Core	CPU	C1%	C3%	C6%	C8%	C9%
-	-	0.32	4.06	59.24	10.65	0.07
0	0	0.52	3.99	58.88	14.10	0.00
0	4	0.35	3.94	60.55	9.13	0.00
1	1	0.38	3.49	53.10	14.10	0.00
1	5	0.23	4.39	62.31	8.96	0.00
2	2	0.12	3.61	59.85	9.83	0.00
2	6	0.63	4.78	61.22	10.65	0.31
3	3	0.22	2.84	54.91	11.41	0.28
3	7	0.09	5.36	62.43	6.88	0.00
Core	CPU	C1%	C3%	C6%	C8%	C9%
-	-	0.42	3.62	56.69	12.59	0.00
0	0	0.08	3.91	57.83	8.90	0.00
0	4	0.34	3.77	59.87	11.31	0.00
1	1	0.24	2.96	54.43	14.43	0.00
1	5	0.66	3.55	55.94	15.73	0.00
2	2	0.34	3.62	56.07	8.70	0.00
2	6	0.52	3.61	57.44	16.24	0.00
3	3	0.32	4.03	62.03	8.70	0.00
3	7	0.84	3.50	50.05	16.71	0.00
Core	CPU	C1%	C3%	C6%	C8%	C9%
-	-	0.42	4.06	57.88	10.82	0.00
0	0	0.37	3.85	57.00	13.64	0.00
0	4	0.47	4.54	59.06	9.40	0.00
1	1	0.40	4.17	59.41	12.26	0.00
1	5	0.62	3.44	58.97	13.03	0.01
2	2	0.69	4.61	60.37	9.59	0.00
2	6	0.30	4.15	55.37	8.42	0.01
3	3	0.27	4.12	59.13	10.40	0.00
3	7	0.21	3.62	53.62	9.80	0.00
Core	CPU	C1%	C3%	C6%	C8%	C9%
-	-	0.34	3.97	57.30	11.38	0.00
0	0	0.38	4.29	57.14	11.65	0.00
0	4	0.17	3.44	55.36	13.96	0.00
1	1	0.28	4.42	57.02	11.13	0.00
1	5	0.34	3.92	59.88	10.12	0.00
2	2	0.11	3.92	56.53	10.87	0.00
2	6	0.45	3.49	56.39	12.31	0.00
3	3	0.35	4.31	57.56	8.81	0.00
3	7	0.68	4.05	59.06	12.27	0.00
Core	CPU	C1%	C3%	C6%	C8%	C9%
-	-	0.41	3.75	58.13	10.42	0.01
0	0	0.12	4.15	54.56	10.06	0.11
0	4	0.21	3.11	56.32	12.79	0.00
1	1	0.59	3.76	57.57	13.15	0.00
1	5	0.30	4.16	60.02	7.28	0.00
2	2	0.27	3.15	55.41	11.87	0.00
2	6	0.62	3.35	62.92	7.05	0.00
3	3	0.61	3.79	56.81	11.05	0.00
3	7	0.54	4.51	61.57	10.15	0.00
Core	CPU	C1%	C3%	C6%	C8%	C9%
-	-	0.26	3.64	56.44	12.45	0.10
0	0	0.45	5.03	59.57	5.82	0.00
0	4	0.07	3.12	54.69	17.84	0.00
1	1	0.24	2.83	53.06	14.66	0.00
1	5	0.41	4.36	55.79	7.76	0.00
2	2	0.21	3.47	57.42	18.38	0.00
2	6	0.35	3.77	54.54	12.27	0.83
3	3	0.32	4.12	62.54	8.90	0.00
3	7	0.07	2.41	53.42	13.85	0.00
Core	CPU	C1%	C3%	C6%	C8%	C9%
-	-	0.63	6.98	56.57	7.11	0.03
0	0	0.77	7.19	53.92	7.81	0.21
0	4	0.71	7.96	58.58	5.40	0.00
1	1	0.33	5.89	58.20	6.35	0.00
1	5	0.58	7.12	58.71	4.59	0.02
2	2	0.74	6.57	54.83	7.10	0.00
2	6	0.56	7.17	57.71	9.15	0.00
3	3	0.45	7.30	52.97	10.04	0.01
3	7	0.89	6.61	57.52	6.39	0.00
Core	CPU	C1%	C3%	C6%	C8%	C9%
-	-	0.67	8.57	57.48	5.90	0.00
0	0	1.00	9.68	55.51	6.00	0.00
0	4	0.52	7.46	57.57	9.78	0.00
1	1	0.75	8.48	59.46	3.28	0.00
1	5	0.85	9.19	56.00	5.20	0.00
2	2	0.49	9.13	56.00	5.53	0.00
2	6	0.78	7.12	62.10	5.16	0.00
3	3	0.38	7.64	59.16	5.82	0.00
3	7	0.55	9.86	54.05	6.40	0.00
Core	CPU	C1%	C3%	C6%	C8%	C9%
-	-	0.45	5.95	59.31	7.77	0.08
0	0	0.40	6.93	61.22	3.95	0.01
0	4	0.42	6.46	57.74	6.58	0.00
1	1	0.12	4.89	59.99	12.13	0.00
1	5	0.47	6.33	58.53	6.95	0.00
2	2	0.87	5.86	58.90	9.38	0.00
2	6	0.61	5.58	53.31	8.80	0.23
3	3	0.42	4.58	63.05	7.71	0.41
3	7	0.32	7.02	62.22	6.72	0.00
Core	CPU	C1%	C3%	C6%	C8%	C9%
-	-	0.75	8.62	52.06	7.28	0.01
0	0	0.68	8.99	53.52	8.29	0.00
0	4	1.07	8.87	53.24	9.66	0.00
1	1	0.69	7.92	54.61	6.99	0.00
1	5	0.78	8.46	49.96	11.94	0.00
2	2	0.58	9.14	52.87	6.74	0.00
2	6	0.55	8.14	54.23	6.02	0.06
3	3	0.97	10.02	54.32	4.89	0.02
3	7	0.66	7.54	44.22	3.75	0.00
Core	CPU	C1%	C3%	C6%	C8%	C9%
-	-	1.16	11.81	48.02	4.68	0.00
0	0	1.33	11.24	52.07	4.61	0.02
0	4	1.47	13.53	50.10	5.31	0.00
1	1	0.88	12.29	43.48	4.03	0.00
1	5	1.02	13.55	54.50	4.60	0.00
2	2	1.29	13.51	48.74	7.17	0.00
2	6	1.27	12.81	49.31	1.90	0.00
3	3	0.89	4.93	42.60	5.00	0.00
3	7	1.13	12.45	42.54	4.73	0.00
Core	CPU	C1%	C3%	C6%	C8%	C9%
-	-	0.55	6.72	56.02	7.95	0.03
0	0	0.32	5.62	57.79	10.60	0.00
0	4	0.43	7.96	55.19	5.03	0.00
1	1	0.30	5.48	52.04	8.17	0.00
1	5	0.84	7.57	55.23	8.95	0.00
2	2	0.38	6.40	60.79	6.48	0.20
2	6	0.62	5.87	56.66	9.45	0.00
3	3	0.61	7.22	52.35	10.70	0.00
3	7	0.90	7.68	58.14	4.22	0.00
Core	CPU	C1%	C3%	C6%	C8%	C9%
-	-	0.33	5.35	58.58	10.21	0.00
0	0	0.30	5.24	55.35	11.07	0.00
0	4	0.54	5.45	61.49	9.55	0.00
1	1	0.12	5.57	54.75	14.34	0.00
1	5	0.23	6.01	61.14	8.11	0.00
2	2	0.25	5.68	58.10	9.63	0.00
2	6	0.72	4.51	60.55	10.83	0.01
3	3	0.24	5.24	60.87	6.87	0.00
3	7	0.21	5.10	56.36	11.25	0.00
Core	CPU	C1%	C3%	C6%	C8%	C9%
-	-	0.22	3.76	58.49	10.49	0.01
0	0	0.18	3.30	56.00	18.34	0.07
0	4	0.08	3.57	66.01	7.58	0.00
1	1	0.48	4.44	58.70	10.13	0.01
1	5	0.27	3.29	60.14	8.92	0.00
2	2	0.03	3.73	47.06	10.81	0.00
2	6	0.18	3.88	58.64	9.45	0.00
3	3	0.26	5.05	62.64	7.30	0.00
3	7	0.26	2.83	58.85	11.40	0.00
Core	CPU	C1%	C3%	C6%	C8%	C9%
-	-	0.38	3.77	56.64	12.29	0.04
0	0	0.50	4.42	61.55	12.57	0.00
0	4	0.44	3.08	53.22	14.53	0.00
1	1	0.37	3.73	58.21	14.49	0.00
1	5	0.24	3.24	59.78	12.09	0.00
2	2	0.20	3.27	47.85	11.05	0.01
2	6	0.90	4.54	56.00	8.57	0.00
3	3	0.06	3.02	56.42	15.62	0.31
3	7	0.31	4.88	59.92	9.34	0.00
Core	CPU	C1%	C3%	C6%	C8%	C9%
-	-	0.41	3.74	56.38	13.33	0.02
0	0	0.19	3.68	57.22	12.28	0.01
0	4	0.36	3.93	54.23	14.21	0.00
1	1	0.85	2.96	53.74	17.63	0.11
1	5	0.17	5.12	63.16	6.69	0.00
2	2	0.23	3.72	57.50	12.14	0.00
2	6	0.52	3.50	50.47	14.10	0.00
3	3	0.59	3.20	56.99	17.43	0.00
3	7	0.35	3.82	57.74	12.19	0.00
Core	CPU	C1%	C3%	C6%	C8%	C9%
-	-	0.57	5.64	57.98	7.85	0.00
0	0	0.28	4.82	57.47	7.85	0.00
0	4	0.78	6.45	61.28	6.29	0.00
1	1	0.69	5.06	59.06	5.48	0.00
1	5	0.50	6.16	55.10	9.32	0.00
2	2	0.74	6.16	60.34	6.96	0.00
2	6	0.45	4.78	56.15	11.15	0.00
3	3	0.75	5.30	55.95	8.08	0.01
3	7	0.38	6.44	58.76	7.70	0.00
Core	CPU	C1%	C3%	C6%	C8%	C9%
-	-	0.23	3.73	55.44	12.13	0.04
0	0	0.42	3.49	52.43	10.95	0.00
0	4	0.04	3.58	58.85	11.29	0.17
1	1	0.06	3.70	54.55	14.52	0.00
1	5	0.49	3.86	56.52	12.20	0.00
2	2	0.10	3.88	54.20	10.90	0.00
2	6	0.40	3.78	56.79	12.28	0.00
3	3	0.15	4.22	59.01	11.55	0.00
3	7	0.13	3.32	51.07	13.31	0.12
Core	CPU	C1%	C3%	C6%	C8%	C9%
-	-	0.41	2.81	54.07	16.14	0.22
0	0	0.10	2.04	51.18	19.08	0.02
0	4	0.44	3.33	58.03	16.86	0.00
1	1	0.34	3.08	59.57	16.49	0.10
1	5	0.11	2.29	50.50	15.66	0.92
2	2	0.85	2.51	51.04	16.67	0.01
2	6	0.41	3.92	58.74	13.17	0.30
3	3	0.20	2.23	46.99	17.97	0.42
3	7	0.84	3.09	56.42	13.24	0.00
Core	CPU	C1%	C3%	C6%	C8%	C9%
-	-	0.36	5.91	56.09	8.61	0.04
0	0	0.52	6.34	53.94	10.34	0.00
0	4	0.37	5.47	56.03	10.72	0.00
1	1	0.40	5.79	56.20	6.93	0.00
1	5	0.21	5.27	55.86	11.01	0.11
2	2	0.65	7.50	60.01	7.75	0.00
2	6	0.23	5.50	55.76	6.71	0.00
3	3	0.41	6.65	54.93	6.62	0.18
3	7	0.08	4.78	55.82	8.80	0.00
Core	CPU	C1%	C3%	C6%	C8%	C9%
-	-	0.22	3.01	56.48	16.43	0.00
0	0	0.04	3.18	55.88	15.43	0.00
0	4	0.06	2.32	53.51	17.89	0.00
1	1	0.04	3.51	56.41	16.57	0.00
1	5	0.13	2.95	56.84	17.97	0.00
2	2	0.32	3.26	56.61	14.10	0.00
2	6	0.78	3.16	62.59	15.30	0.00
3	3	0.02	2.28	48.64	21.94	0.00
3	7	0.38	3.51	62.16	12.49	0.00
Core	CPU	C1%	C3%	C6%	C8%	C9%
-	-	0.23	2.71	55.84	15.57	0.20
0	0	0.22	3.25	61.36	15.80	0.00
0	4	0.21	1.86	45.30	16.94	0.11
1	1	0.27	3.33	58.22	13.19	0.01
1	5	0.07	2.27	55.48	15.38	0.00
2	2	0.22	2.43	52.57	15.10	0.00
2	6	0.32	2.81	62.44	11.36	0.00
3	3	0.27	2.61	55.36	20.84	0.11
3	7	0.22	3.07	55.20	15.72	1.34
Core	CPU	C1%	C3%	C6%	C8%	C9%
-	-	0.22	2.95	55.66	16.05	0.00
0	0	0.20	2.30	57.33	16.75	0.00
0	4	0.64	3.45	58.55	10.79	0.00
1	1	0.07	2.93	52.89	13.66	0.00
1	5	0.21	2.44	58.09	18.88	0.00
2	2	0.10	3.57	57.63	16.76	0.00
2	6	0.29	3.52	54.73	13.12	0.00
3	3	0.12	2.38	49.01	20.66	0.01
3	7	0.19	3.00	57.13	17.83	0.00
Core	CPU	C1%	C3%	C6%	C8%	C9%
-	-	0.27	4.41	55.86	11.08	0.06
0	0	0.20	4.72	56.58	10.90	0.00
0	4	0.27	4.59	58.40	8.58	0.25
1	1	0.23	4.24	60.02	10.28	0.00
1	5	0.47	4.13	54.83	11.67	0.00
2	2	0.35	3.60	49.99	13.20	0.01
2	6	0.06	5.59	62.37	9.02	0.00
3	3	0.29	4.44	51.30	11.54	0.21
3	7	0.31	3.95	53.45	13.44	0.00
Core	CPU	C1%	C3%	C6%	C8%	C9%
-	-	0.28	4.17	58.92	10.99	0.12
0	0	0.22	4.42	59.11	7.36	0.00
0	4	0.35	4.17	57.32	12.54	0.80
1	1	0.14	3.10	59.97	11.21	0.11
1	5	0.59	5.10	60.54	11.33	0.00
2	2	0.21	4.51	58.93	13.72	0.01
2	6	0.07	4.05	59.28	13.24	0.00
3	3	0.36	3.90	55.68	10.98	0.00
3	7	0.34	4.15	60.49	7.52	0.00
Core	CPU	C1%	C3%	C6%	C8%	C9%
-	-	0.21	3.84	58.11	11.78	0.03
0	0	0.21	3.51	59.39	16.12	0.09
0	4	0.42	3.88	55.87	9.60	0.01
1	1	0.08	2.94	54.28	17.83	0.00
1	5	0.13	4.99	63.52	7.46	0.00
2	2	0.33	4.00	55.66	14.14	0.00
2	6	0.05	4.47	60.41	9.00	0.12
3	3	0.34	3.44	56.32	9.10	0.01
3	7	0.12	3.50	60.06	11.09	0.00
Core	CPU	C1%	C3%	C6%	C8%	C9%
-	-	0.27	4.09	58.85	10.02	0.10
0	0	0.30	3.92	58.54	10.09	0.21
0	4	0.39	4.29	57.09	10.08	0.34
1	1	0.26	3.51	62.89	9.96	0.00
1	5	0.16	4.75	58.64	11.76	0.00
2	2	0.24	4.46	59.06	9.20	0.00
2	6	0.31	4.27	59.61	6.87	0.00
3	3	0.27	4.19	62.59	8.35	0.00
3	7	0.22	3.31	51.81	13.80	0.22
Core	CPU	C1%	C3%	C6%	C8%	C9%
-	-	0.30	5.03	57.66	8.99	0.01
0	0	0.22	4.69	57.34	9.59	0.00
0	4	0.32	4.95	59.18	11.77	0.00
1	1	0.34	4.07	57.05	7.60	0.00
1	5	0.35	6.27	59.54	6.40	0.06
2	2	0.32	3.88	57.75	8.41	0.01
2	6	0.35	5.14	59.99	9.81	0.00
3	3	0.36	5.28	53.56	12.27	0.00
3	7	0.11	6.06	57.69	6.18	0.00
Core	CPU	C1%	C3%	C6%	C8%	C9%
-	-	0.27	4.84	58.05	8.36	0.03
0	0	0.42	4.86	57.63	9.40	0.01
0	4	0.23	4.59	55.93	9.92	0.00
1	1	0.13	4.34	59.82	8.22	0.00
1	5	0.17	6.04	59.30	7.08	0.08
2	2	0.17	3.72	55.01	10.98	0.00
2	6	0.53	5.62	58.48	7.86	0.00
3	3	0.27	4.65	57.03	5.77	0.12
3	7	0.24	4.84	60.28	7.51	0.00
Core	CPU	C1%	C3%	C6%	C8%	C9%
-	-	0.32	4.84	57.34	10.88	0.12
0	0	0.38	4.11	58.15	10.30	0.01
0	4	0.45	5.06	55.92	10.67	0.00
1	1	0.21	4.44	56.24	12.81	0.00
1	5	0.57	5.36	58.37	8.34	0.00
2	2	0.29	5.91	60.94	9.23	0.00
2	6	0.08	4.31	56.41	12.78	0.35
3	3	0.12	4.42	57.03	11.48	0.58
3	7	0.43	5.13	55.45	11.37	0.00
Core	CPU	C1%	C3%	C6%	C8%	C9%
-	-	0.39	5.80	58.36	8.01	0.09
0	0	0.64	6.90	55.95	7.68	0.00
0	4	0.22	4.95	53.63	8.21	0.14
1	1	0.51	5.41	57.18	11.80	0.00
1	5	0.45	6.53	61.87	5.27	0.00
2	2	0.31	6.54	59.05	5.83	0.61
2	6	0.44	4.69	60.06	8.64	0.00
3	3	0.46	5.67	55.85	9.91	0.00
3	7	0.11	5.77	63.85	6.76	0.00
Core	CPU	C1%	C3%	C6%	C8%	C9%
-	-	0.25	5.60	59.61	7.94	0.06
0	0	0.15	4.91	60.86	6.72	0.00
0	4	0.29	6.39	61.15	7.05	0.01
1	1	0.38	5.38	60.08	8.75	0.00
1	5	0.27	6.31	58.50	8.00	0.00
2	2	0.25	5.65	58.66	9.10	0.43
2	6	0.24	4.89	60.89	5.93	0.00
3	3	0.23	5.68	58.35	8.82	0.03
3	7	0.21	5.57	57.85	9.11	0.00
Core	CPU	C1%	C3%	C6%	C8%	C9%
-	-	0.43	5.57	58.21	8.43	0.04
0	0	0.67	5.55	58.69	8.63	0.00
0	4	0.47	6.01	60.24	8.31	0.07
1	1	0.46	5.75	60.16	7.09	0.11
1	5	0.54	6.19	58.99	5.47	0.14
2	2	0.34	5.38	60.69	9.33	0.00
2	6	0.16	4.69	55.02	8.31	0.00
3	3	0.53	5.22	56.54	9.80	0.02
3	7	0.29	5.78	55.29	10.51	0.00
Core	CPU	C1%	C3%	C6%	C8%	C9%
-	-	0.48	6.10	53.58	16.40	0.00
0	0	0.50	2.55	32.46	3.72	0.00
0	4	0.40	8.48	50.20	19.72	0.00
1	1	0.45	5.82	60.74	20.44	0.00
1	5	0.22	6.59	59.97	16.23	0.00
2	2	0.56	5.87	57.96	16.09	0.00
2	6	0.52	5.90	52.53	23.01	0.00
3	3	0.48	7.22	62.95	11.47	0.00
3	7	0.67	6.34	51.65	20.48	0.00
Core	CPU	C1%	C3%	C6%	C8%	C9%
-	-	0.58	5.19	58.20	8.11	0.02
0	0	0.83	6.33	57.72	6.27	0.00
0	4	0.13	4.11	57.70	8.67	0.00
1	1	0.33	4.58	58.16	8.86	0.00
1	5	1.08	6.03	55.50	7.90	0.19
2	2	0.83	6.60	62.82	5.72	0.00
2	6	0.60	4.69	53.17	11.24	0.00
3	3	0.36	4.13	60.52	9.67	0.00
3	7	0.48	5.08	60.18	6.56	0.00
Core	CPU	C1%	C3%	C6%	C8%	C9%
-	-	0.38	5.25	58.86	9.32	0.02
0	0	1.19	6.68	58.83	7.28	0.00
0	4	0.26	4.40	54.57	17.04	0.06
1	1	0.41	4.42	58.57	8.42	0.11
1	5	0.16	6.00	59.16	6.13	0.00
2	2	0.21	5.27	59.17	10.74	0.00
2	6	0.40	4.98	62.53	7.41	0.00
3	3	0.18	5.05	60.52	10.27	0.00
3	7	0.26	5.20	57.56	7.26	0.00
Core	CPU	C1%	C3%	C6%	C8%	C9%
-	-	0.45	6.94	53.82	7.11	0.06
0	0	0.36	7.75	52.68	8.09	0.00
0	4	0.84	6.03	55.81	7.28	0.01
1	1	0.47	6.16	52.92	7.26	0.00
1	5	0.31	8.34	56.19	4.81	0.00
2	2	0.38	7.11	52.12	6.93	0.04
2	6	0.09	5.49	52.05	7.04	0.46
3	3	0.70	7.69	59.65	5.63	0.00
3	7	0.47	6.97	49.15	9.84	0.00
Core	CPU	C1%	C3%	C6%	C8%	C9%
-	-	0.61	8.34	54.39	6.07	0.04
0	0	0.28	8.82	55.90	5.02	0.14
0	4	0.43	6.38	48.01	11.40	0.00
1	1	0.73	7.53	56.60	4.80	0.00
1	5	0.77	8.40	54.53	4.11	0.00
2	2	0.46	8.59	56.00	7.12	0.20
2	6	1.06	9.76	56.18	1.77	0.00
3	3	0.64	9.10	55.55	5.06	0.00
3	7	0.51	8.14	52.40	9.28	0.00
Core	CPU	C1%	C3%	C6%	C8%	C9%
-	-	0.53	6.47	58.16	7.67	0.00
0	0	0.21	6.09	57.85	8.38	0.00
0	4	0.43	6.70	60.43	6.18	0.00
1	1	0.46	5.89	57.20	9.74	0.00
1	5	0.74	6.92	56.10	7.55	0.00
2	2	0.68	6.14	56.92	7.49	0.00
2	6	0.38	6.29	59.29	7.39	0.02
3	3	0.75	7.46	62.40	3.93	0.00
3	7	0.56	6.27	55.16	10.70	0.00
Core	CPU	C1%	C3%	C6%	C8%	C9%
-	-	0.35	4.92	56.43	11.20	0.04
0	0	0.40	4.27	55.80	15.48	0.00
0	4	0.17	5.25	59.49	9.72	0.00
1	1	0.43	3.92	50.30	16.41	0.00
1	5	0.47	5.75	57.39	8.15	0.21
2	2	0.33	4.66	57.43	8.24	0.00
2	6	0.25	4.36	51.89	13.65	0.12
3	3	0.60	6.28	61.01	7.70	0.00
3	7	0.11	4.85	58.06	10.20	0.00
Core	CPU	C1%	C3%	C6%	C8%	C9%
-	-	0.61	8.79	53.21	4.51	0.07
0	0	0.75	9.00	55.36	4.25	0.06
0	4	1.05	9.01	49.05	4.46	0.01
1	1	0.38	9.17	52.41	3.30	0.04
1	5	0.57	8.74	52.54	4.96	0.18
2	2	0.46	7.16	56.75	5.52	0.00
2	6	0.49	9.74	53.87	3.79	0.00
3	3	0.51	7.98	51.31	5.23	0.31
3	7	0.68	9.56	54.46	4.56	0.00
Core	CPU	C1%	C3%	C6%	C8%	C9%
-	-	0.42	6.23	56.55	9.74	0.07
0	0	0.24	5.51	57.38	10.43	0.00
0	4	0.41	7.29	57.95	9.39	0.00
1	1	0.24	4.26	58.25	11.09	0.00
1	5	0.52	8.54	55.83	7.18	0.15
2	2	1.07	5.58	52.59	11.86	0.01
2	6	0.11	7.09	58.43	7.73	0.00
3	3	0.46	5.69	52.21	10.04	0.43
3	7	0.32	5.88	59.91	10.23	0.00
Core	CPU	C1%	C3%	C6%	C8%	C9%
-	-	0.32	7.51	53.21	7.24	0.15
0	0	0.89	6.68	54.27	7.44	0.00
0	4	0.13	7.56	52.84	7.10	0.00
1	1	0.09	6.42	53.39	7.77	0.00
1	5	0.59	10.76	46.99	5.61	0.25
2	2	0.07	6.60	51.43	12.98	0.00
2	6	0.32	7.31	57.75	6.12	0.00
3	3	0.26	8.80	53.55	3.94	0.00
3	7	0.19	5.97	55.61	6.97	0.99
Core	CPU	C1%	C3%	C6%	C8%	C9%
-	-	0.31	5.49	58.08	9.13	0.12
0	0	0.46	5.18	59.00	7.35	0.01
0	4	0.32	4.55	58.79	11.57	0.00
1	1	0.48	4.35	56.24	13.60	0.00
1	5	0.26	6.42	58.48	12.08	0.45
2	2	0.14	6.40	58.89	4.89	0.00
2	6	0.31	5.72	55.75	6.83	0.49
3	3	0.13	6.22	60.47	4.27	0.00
3	7	0.43	5.06	56.69	12.37	0.00
Core	CPU	C1%	C3%	C6%	C8%	C9%
-	-	0.24	5.67	59.58	8.74	0.12
0	0	0.30	5.60	63.39	8.76	0.00
0	4	0.08	5.44	58.23	9.77	0.00
1	1	0.19	5.76	61.29	8.70	0.00
1	5	0.33	6.57	55.62	7.58	0.62
2	2	0.18	5.69	58.12	7.78	0.01
2	6	0.41	5.40	62.01	7.20	0.00
3	3	0.09	5.92	59.71	11.74	0.00
3	7	0.35	4.99	58.35	8.40	0.33
Core	CPU	C1%	C3%	C6%	C8%	C9%
-	-	0.32	5.30	57.98	8.58	0.22
0	0	0.68	5.74	58.52	7.05	0.00
0	4	0.06	5.37	56.58	8.27	0.00
1	1	0.30	4.87	63.46	10.56	0.31
1	5	0.17	5.71	56.34	7.13	0.47
2	2	0.42	5.68	57.24	7.65	0.01
2	6	0.29	5.27	55.90	9.33	0.67
3	3	0.29	4.25	54.54	13.25	0.11
3	7	0.36	5.54	61.28	5.37	0.20
Core	CPU	C1%	C3%	C6%	C8%	C9%
-	-	0.32	3.53	56.51	14.18	0.03
0	0	0.17	3.00	58.15	17.79	0.00
0	4	0.27	2.89	58.48	10.89	0.10
1	1	0.15	2.74	56.15	17.69	0.01
1	5	0.47	5.45	60.34	8.86	0.00
2	2	0.51	3.46	55.07	16.83	0.00
2	6	0.39	3.25	55.34	13.66	0.05
3	3	0.23	3.17	51.05	14.47	0.07
3	7	0.36	4.28	57.50	13.29	0.00
Core	CPU	C1%	C3%	C6%	C8%	C9%
-	-	0.22	3.48	56.28	12.96	0.14
0	0	0.14	2.98	54.29	14.36	0.00
0	4	0.22	3.82	57.11	10.50	0.00
1	1	0.31	2.97	55.61	14.88	0.61
1	5	0.49	4.06	58.72	8.45	0.51
2	2	0.11	3.73	56.83	13.41	0.00
2	6	0.25	3.59	48.19	18.84	0.00
3	3	0.20	3.33	59.41	14.08	0.00
3	7	0.03	3.37	60.10	9.16	0.00
Core	CPU	C1%	C3%	C6%	C8%	C9%
-	-	0.34	5.78	57.58	8.78	0.02
0	0	0.34	6.15	55.50	6.91	0.00
0	4	0.31	4.32	56.93	10.37	0.13
1	1	0.37	5.23	57.88	11.70	0.00
1	5	0.44	8.50	59.47	4.42	0.04
2	2	0.47	5.89	54.33	10.11	0.00
2	6	0.36	5.20	62.76	6.92	0.00
3	3	0.30	6.30	59.53	9.63	0.00
3	7	0.13	4.66	54.20	10.20	0.00
Core	CPU	C1%	C3%	C6%	C8%	C9%
-	-	0.31	5.24	57.52	9.98	0.11
0	0	0.24	5.19	53.51	9.84	0.00
0	4	0.48	5.45	55.84	13.69	0.00
1	1	0.44	5.23	60.40	9.89	0.03
1	5	0.28	6.10	57.95	9.74	0.69
2	2	0.29	4.58	51.60	12.86	0.00
2	6	0.22	5.46	62.01	7.40	0.00
3	3	0.48	4.31	57.29	11.36	0.18
3	7	0.09	5.59	61.59	5.04	0.00
Core	CPU	C1%	C3%	C6%	C8%	C9%
-	-	0.21	3.80	58.27	13.42	0.06
0	0	0.11	3.29	56.68	22.70	0.00
0	4	0.28	4.18	62.07	11.78	0.17
1	1	0.10	4.27	56.10	12.07	0.30
1	5	0.28	3.80	58.03	10.72	0.00
2	2	0.17	2.83	55.61	16.66	0.00
2	6	0.14	4.20	63.99	10.15	0.00
3	3	0.53	4.21	60.43	10.91	0.00
3	7	0.04	3.63	53.18	12.39	0.00
Core	CPU	C1%	C3%	C6%	C8%	C9%
-	-	0.23	2.70	56.60	16.74	0.11
0	0	0.64	2.47	54.06	20.83	0.02
0	4	0.21	3.28	59.61	13.52	0.00
1	1	0.27	2.59	58.54	12.19	0.00
1	5	0.14	2.63	58.19	15.59	0.00
2	2	0.14	2.76	60.50	15.64	0.00
2	6	0.37	3.06	57.73	14.77	0.00
3	3	0.03	2.72	57.64	17.76	0.00
3	7	0.03	2.13	46.58	23.62	0.90
Core	CPU	C1%	C3%	C6%	C8%	C9%
-	-	0.19	3.73	55.66	12.90	0.14
0	0	0.03	3.78	57.62	11.36	0.00
0	4	0.06	2.55	54.69	18.82	0.06
1	1	0.14	5.08	59.76	10.97	0.00
1	5	0.26	3.73	48.72	14.82	1.09
2	2	0.23	3.95	60.58	10.22	0.00
2	6	0.45	3.17	50.33	11.79	0.00
3	3	0.15	3.95	56.15	12.96	0.00
3	7	0.21	3.61	57.39	12.22	0.00
Core	CPU	C1%	C3%	C6%	C8%	C9%
-	-	0.69	9.92	53.54	4.93	0.05
0	0	0.65	11.15	53.37	2.91	0.01
0	4	0.37	9.26	57.59	4.29	0.01
1	1	0.84	8.31	54.65	6.83	0.00
1	5	1.07	11.50	47.27	3.90	0.34
2	2	1.02	9.48	52.20	7.22	0.00
2	6	0.45	9.46	55.01	4.03	0.00
3	3	0.54	9.83	53.77	6.92	0.05
3	7	0.61	10.34	54.43	3.35	0.00
Core	CPU	C1%	C3%	C6%	C8%	C9%
-	-	0.35	7.60	54.96	8.99	0.03
0	0	0.49	6.86	58.08	8.65	0.00
0	4	0.30	6.18	52.61	10.99	0.00
1	1	0.30	6.93	54.85	8.07	0.00
1	5	0.43	12.03	51.84	5.43	0.00
2	2	0.18	6.68	55.34	10.43	0.01
2	6	0.51	8.36	57.65	7.67	0.21
3	3	0.33	6.02	57.55	7.82	0.00
3	7	0.27	7.78	51.80	12.89	0.00
Core	CPU	C1%	C3%	C6%	C8%	C9%
-	-	0.21	6.99	53.38	10.27	0.12
0	0	0.29	6.45	56.44	10.66	0.01
0	4	0.10	6.04	55.98	12.52	0.00
1	1	0.04	5.80	53.20	12.66	0.00
1	5	0.31	13.07	47.80	4.40	0.75
2	2	0.40	6.48	47.12	10.90	0.00
2	6	0.23	6.62	53.52	10.29	0.00
3	3	0.15	5.85	58.98	8.41	0.00
3	7	0.20	5.60	54.03	12.35	0.19
Core	CPU	C1%	C3%	C6%	C8%	C9%
-	-	0.62	9.26	51.15	10.69	0.00
0	0	0.42	8.97	58.95	10.40	0.01
0	4	0.62	9.60	59.31	9.99	0.00
1	1	0.98	8.39	60.52	10.14	0.00
1	5	0.87	12.62	51.55	10.95	0.01
2	2	0.27	2.16	23.87	5.59	0.00
2	6	0.50	15.10	44.99	8.83	0.00
3	3	0.67	8.69	57.07	14.30	0.00
3	7	0.59	8.59	53.13	15.37	0.00
Core	CPU	C1%	C3%	C6%	C8%	C9%
-	-	0.41	6.16	56.71	10.09	0.06
0	0	0.26	5.11	57.15	10.79	0.00
0	4	0.52	5.41	55.59	10.13	0.00
1	1	0.38	6.02	54.87	10.16	0.05
1	5	0.29	7.46	51.52	10.89	0.40
2	2	0.43	5.94	62.90	6.79	0.00
2	6	0.67	6.24	56.18	13.99	0.00
3	3	0.15	5.69	57.49	11.34	0.00
3	7	0.55	7.40	57.81	6.63	0.00
Core	CPU	C1%	C3%	C6%	C8%	C9%
-	-	0.31	7.07	55.68	9.04	0.16
0	0	0.17	6.18	53.06	14.81	0.00
0	4	0.44	7.73	57.45	7.64	0.00
1	1	0.06	7.14	52.25	10.08	0.01
1	5	0.46	11.38	47.77	6.73	1.16
2	2	0.18	5.42	56.27	10.21	0.00
2	6	0.53	6.81	61.70	6.03	0.00
3	3	0.20	5.27	56.04	11.33	0.12
3	7	0.40	6.67	60.85	5.45	0.00
Core	CPU	C1%	C3%	C6%	C8%	C9%
-	-	0.23	5.85	56.60	10.03	0.15
0	0	0.10	5.15	57.38	11.82	0.00
0	4	0.18	5.34	58.85	12.06	0.00
1	1	0.38	5.84	57.08	10.15	0.00
1	5	0.41	8.23	55.27	6.83	1.20
2	2	0.06	5.04	52.85	11.31	0.00
2	6	0.34	5.98	55.07	9.37	0.00
3	3	0.26	5.65	55.42	10.78	0.00
3	7	0.13	5.65	61.56	8.05	0.00
Core	CPU	C1%	C3%	C6%	C8%	C9%
-	-	0.26	6.71	55.10	9.50	0.18
0	0	0.46	6.89	55.01	7.35	0.00
0	4	0.38	5.82	57.65	9.11	0.00
1	1	0.27	5.97	59.76	9.72	0.01
1	5	0.40	10.04	44.90	8.23	1.40
2	2	0.12	5.81	54.09	12.16	0.00
2	6	0.21	6.47	57.00	7.81	0.00
3	3	0.11	6.82	58.80	8.85	0.00
3	7	0.11	5.84	53.26	12.75	0.00
Core	CPU	C1%	C3%	C6%	C8%	C9%
-	-	0.25	7.03	55.35	8.87	0.21
0	0	0.22	6.76	59.48	8.32	0.00
0	4	0.64	4.86	54.15	11.57	0.30
1	1	0.18	7.13	54.03	8.53	0.00
1	5	0.33	10.80	52.20	4.81	1.36
2	2	0.16	5.51	56.62	14.16	0.00
2	6	0.11	7.62	59.76	6.09	0.00
3	3	0.22	6.77	51.01	9.32	0.00
3	7	0.10	6.74	55.44	8.16	0.00
Core	CPU	C1%	C3%	C6%	C8%	C9%
-	-	0.34	8.17	53.28	7.47	0.01
0	0	0.38	7.46	54.56	9.66	0.00
0	4	0.30	6.99	59.01	5.42	0.00
1	1	0.24	7.01	58.57	7.16	0.00
1	5	0.94	13.80	40.09	4.09	0.06
2	2	0.13	5.61	52.73	13.96	0.00
2	6	0.16	8.95	59.92	1.99	0.00
3	3	0.25	8.28	49.21	8.54	0.00
3	7	0.36	7.31	52.49	8.95	0.00
Core	CPU	C1%	C3%	C6%	C8%	C9%
-	-	1.77	7.78	51.18	8.29	0.04
0	0	1.60	6.52	54.71	8.07	0.00
0	4	2.28	7.21	52.46	8.79	0.00
1	1	1.98	7.50	52.62	8.62	0.00
1	5	1.68	12.21	41.94	5.33	0.34
2	2	2.12	7.42	51.67	6.84	0.00
2	6	1.73	6.95	50.83	11.05	0.00
3	3	1.46	6.77	49.80	11.53	0.01
3	7	1.28	7.58	54.91	6.03	0.00
Core	CPU	C1%	C3%	C6%	C8%	C9%
-	-	10.38	7.21	32.27	7.22	0.06
0	0	11.31	6.60	32.47	7.72	0.02
0	4	10.30	7.11	31.72	3.44	0.00
1	1	10.79	7.67	30.49	12.44	0.06
1	5	9.89	7.74	33.99	5.01	0.21
2	2	8.61	7.15	31.74	6.16	0.01
2	6	10.95	6.86	35.67	5.52	0.01
3	3	10.51	6.40	29.72	11.81	0.11
3	7	10.67	8.17	32.30	5.67	0.06
Core	CPU	C1%	C3%	C6%	C8%	C9%
-	-	9.13	6.00	33.26	7.16	0.22
0	0	9.15	5.87	31.78	4.91	0.00
0	4	8.17	5.95	36.00	9.59	0.57
1	1	7.96	5.46	33.20	8.64	0.00
1	5	9.49	6.53	33.61	6.96	0.17
2	2	8.70	5.07	32.41	5.68	0.45
2	6	8.89	6.78	31.85	6.86	0.12
3	3	8.96	5.86	34.72	8.19	0.44
3	7	11.69	6.51	32.47	6.49	0.00
Core	CPU	C1%	C3%	C6%	C8%	C9%
-	-	8.59	6.26	35.26	6.46	0.12
0	0	8.83	6.71	41.01	4.41	0.08
0	4	8.73	5.92	32.26	4.77	0.46
1	1	9.37	7.27	31.33	4.21	0.32
1	5	9.66	5.59	36.57	6.30	0.00
2	2	9.92	5.89	29.13	6.89	0.13
2	6	6.93	5.99	36.47	5.82	0.00
3	3	7.89	6.45	38.51	7.50	0.00
3	7	7.39	6.27	36.96	11.78	0.00
Core	CPU	C1%	C3%	C6%	C8%	C9%
-	-	8.36	5.59	35.39	7.13	0.06
0	0	7.37	4.38	36.19	11.25	0.01
0	4	9.62	6.89	39.23	4.02	0.00
1	1	8.91	6.00	34.78	7.11	0.00
1	5	8.21	5.47	34.63	8.15	0.38
2	2	8.08	7.39	33.35	6.78	0.01
2	6	7.00	4.14	34.50	7.81	0.00
3	3	8.34	5.72	37.04	5.22	0.00
3	7	9.30	4.73	33.28	6.68	0.12
Core	CPU	C1%	C3%	C6%	C8%	C9%
-	-	10.65	5.86	34.41	6.91	0.05
0	0	10.14	5.17	34.62	8.80	0.31
0	4	11.49	7.27	36.43	4.38	0.00
1	1	9.28	5.49	33.35	8.61	0.02
1	5	11.26	6.59	36.27	6.14	0.00
2	2	10.99	5.24	34.26	7.72	0.06
2	6	12.46	5.81	32.80	4.39	0.00
3	3	11.36	5.26	33.52	5.29	0.00
3	7	8.20	6.10	34.04	9.98	0.00
Core	CPU	C1%	C3%	C6%	C8%	C9%
-	-	9.18	5.62	34.90	6.41	0.20
0	0	10.70	6.39	35.06	6.89	0.02
0	4	9.28	5.38	35.36	5.79	0.39
1	1	8.18	5.59	34.51	4.40	0.08
1	5	7.71	5.98	38.76	3.55	0.00
2	2	9.27	5.39	35.52	14.90	0.00
2	6	8.76	5.49	33.01	4.54	0.45
3	3	8.95	4.64	31.81	7.68	0.12
3	7	10.59	6.14	35.16	3.52	0.51
Core	CPU	C1%	C3%	C6%	C8%	C9%
-	-	9.81	6.41	36.48	5.87	0.04
0	0	11.02	6.20	36.52	4.61	0.00
0	4	10.84	6.55	38.15	5.99	0.01
1	1	9.38	6.96	35.36	6.92	0.21
1	5	10.69	6.63	39.74	2.39	0.09
2	2	10.04	5.53	35.31	6.15	0.03
2	6	9.66	5.84	39.14	8.53	0.00
3	3	8.85	7.36	34.62	5.40	0.00
3	7	7.97	6.19	32.97	7.02	0.01
Core	CPU	C1%	C3%	C6%	C8%	C9%
-	-	9.90	6.41	32.73	6.13	0.09
0	0	8.46	6.92	35.36	5.96	0.01
0	4	8.59	6.54	32.00	6.55	0.12
1	1	10.00	6.07	35.40	9.73	0.00
1	5	11.10	6.76	31.08	4.36	0.08
2	2	10.52	7.16	32.81	4.23	0.00
2	6	11.89	5.70	30.08	5.43	0.00
3	3	9.37	5.77	31.85	8.65	0.00
3	7	9.26	6.40	33.26	4.11	0.50
Core	CPU	C1%	C3%	C6%	C8%	C9%
-	-	5.94	3.06	15.26	11.65	0.18
0	0	5.88	4.25	30.85	44.15	0.00
0	4	4.19	2.42	16.47	16.84	1.47
1	1	6.32	2.84	13.20	13.13	0.01
1	5	6.27	3.31	15.23	12.48	0.00
2	2	5.45	2.88	10.97	1.91	0.00
2	6	7.23	2.85	12.01	1.22	0.00
3	3	6.34	3.40	12.71	1.46	0.00
3	7	5.87	2.53	10.69	2.05	0.00
Core	CPU	C1%	C3%	C6%	C8%	C9%
-	-	9.11	5.83	34.26	7.27	0.13
0	0	9.82	7.11	36.34	7.17	0.00
0	4	10.12	5.23	32.15	4.39	0.32
1	1	10.91	5.92	32.70	14.86	0.00
1	5	7.23	5.65	32.34	8.61	0.21
2	2	9.56	5.94	35.03	7.23	0.49
2	6	10.04	5.49	34.41	4.66	0.00
3	3	7.89	6.09	36.99	5.55	0.00
3	7	7.28	5.23	34.00	5.70	0.02
Core	CPU	C1%	C3%	C6%	C8%	C9%
-	-	9.02	6.07	35.94	6.57	0.21
0	0	9.43	5.40	34.77	4.83	0.00
0	4	9.34	7.03	37.30	5.92	0.04
1	1	8.28	6.46	38.82	8.05	0.02
1	5	10.94	6.79	33.47	4.54	0.00
2	2	9.11	6.16	35.79	5.62	1.62
2	6	8.52	5.42	32.74	5.77	0.00
3	3	8.37	5.95	36.72	10.54	0.00
3	7	8.19	5.37	37.88	7.34	0.04
Core	CPU	C1%	C3%	C6%	C8%	C9%
-	-	16.02	7.37	24.37	3.98	0.14
0	0	17.96	7.16	23.07	3.55	0.01
0	4	15.62	7.86	23.17	1.68	0.27
1	1	14.10	6.04	28.28	7.44	0.00
1	5	19.79	8.28	22.57	4.59	0.00
2	2	13.74	7.24	25.82	4.86	0.01
2	6	14.95	7.52	22.71	1.50	0.84
3	3	17.34	7.22	22.68	2.75	0.00
3	7	14.67	7.64	26.65	5.48	0.00
Core	CPU	C1%	C3%	C6%	C8%	C9%
-	-	17.23	9.65	24.19	2.68	0.03
0	0	17.08	9.59	26.47	3.19	0.04
0	4	16.93	8.81	21.10	1.45	0.01
1	1	18.35	8.84	22.33	3.49	0.05
1	5	17.56	10.38	22.58	2.80	0.00
2	2	18.02	10.33	24.65	2.93	0.04
2	6	15.43	9.69	27.27	2.44	0.04
3	3	17.14	9.39	24.16	2.11	0.00
3	7	17.33	10.21	25.01	3.04	0.05
Core	CPU	C1%	C3%	C6%	C8%	C9%
-	-	16.76	8.83	23.82	2.88	0.10
0	0	18.85	8.73	21.27	3.24	0.00
0	4	14.26	7.63	24.41	2.08	0.00
1	1	16.04	10.11	27.49	2.70	0.00
1	5	14.68	7.52	24.53	2.11	0.06
2	2	19.13	9.73	18.69	5.26	0.05
2	6	17.94	9.10	24.56	1.78	0.04
3	3	17.43	9.11	24.42	3.05	0.00
3	7	15.75	8.71	25.26	2.80	0.64
Core	CPU	C1%	C3%	C6%	C8%	C9%
-	-	15.21	7.53	25.64	3.22	0.16
0	0	15.29	6.99	24.03	3.34	0.00
0	4	13.25	7.94	31.35	3.07	0.00
1	1	16.15	7.20	26.49	6.19	0.00
1	5	14.11	7.48	25.88	1.48	0.14
2	2	16.70	8.22	22.52	2.73	0.00
2	6	15.47	8.12	27.18	2.39	0.12
3	3	15.99	7.42	22.44	3.59	0.00
3	7	14.73	6.89	25.15	2.99	1.00
Core	CPU	C1%	C3%	C6%	C8%	C9%
-	-	13.60	6.93	27.21	4.17	0.08
0	0	13.95	7.39	30.53	4.01	0.02
0	4	13.79	6.30	23.45	3.75	0.16
1	1	12.14	6.41	31.19	9.51	0.00
1	5	13.04	6.16	22.19	2.40	0.35
2	2	14.20	8.46	30.72	5.04	0.01
2	6	14.47	7.37	27.30	2.40	0.04
3	3	15.08	6.49	26.91	3.15	0.02
3	7	12.31	6.94	25.78	3.14	0.00
Core	CPU	C1%	C3%	C6%	C8%	C9%
-	-	13.38	7.44	31.34	3.86	0.06
0	0	15.40	8.77	28.97	2.23	0.00
0	4	12.26	6.24	36.46	6.51	0.00
1	1	11.98	6.68	33.30	5.17	0.00
1	5	14.54	8.32	26.83	3.62	0.04
2	2	13.94	7.23	31.10	4.76	0.00
2	6	13.60	7.47	29.74	3.35	0.39
3	3	11.97	6.62	33.27	2.97	0.00
3	7	13.11	8.05	30.56	2.20	0.08
Core	CPU	C1%	C3%	C6%	C8%	C9%
-	-	14.99	7.60	26.08	3.43	0.02
0	0	14.00	7.92	26.30	5.65	0.01
0	4	13.61	7.53	22.92	3.15	0.03
1	1	15.07	8.56	25.70	3.71	0.11
1	5	17.73	7.71	25.00	2.94	0.01
2	2	13.25	7.62	27.12	4.46	0.01
2	6	15.57	7.32	26.67	2.26	0.01
3	3	16.41	7.75	24.58	2.63	0.00
3	7	14.26	6.41	30.40	2.61	0.01
Core	CPU	C1%	C3%	C6%	C8%	C9%
-	-	10.91	6.93	30.72	5.24	0.01
0	0	12.18	7.12	32.79	3.94	0.01
0	4	10.24	6.54	27.70	5.54	0.01
1	1	10.88	7.12	30.46	8.23	0.01
1	5	9.80	7.17	31.78	3.01	0.02
2	2	9.55	6.76	36.01	7.65	0.00
2	6	12.79	8.45	29.35	4.46	0.00
3	3	10.61	6.71	29.99	5.02	0.01
3	7	11.21	5.52	27.62	4.04	0.00
Core	CPU	C1%	C3%	C6%	C8%	C9%
-	-	14.73	7.11	27.58	4.51	0.04
0	0	13.20	7.03	26.11	7.77	0.00
0	4	14.23	8.08	26.68	6.00	0.01
1	1	19.85	5.77	24.10	5.06	0.00
1	5	13.76	7.42	33.85	2.85	0.12
2	2	13.54	7.73	26.63	4.95	0.04
2	6	14.54	6.50	29.26	3.94	0.00
3	3	15.21	7.73	26.19	2.30	0.00
3	7	13.53	6.59	27.82	3.23	0.16
Core	CPU	C1%	C3%	C6%	C8%	C9%
-	-	13.91	6.83	26.72	4.02	0.13
0	0	11.77	6.11	25.01	6.58	0.06
0	4	14.24	7.39	28.78	3.15	0.02
1	1	12.03	5.80	30.54	6.18	0.00
1	5	14.75	8.09	25.06	3.71	0.02
2	2	14.11	7.15	26.86	3.90	0.02
2	6	17.43	7.32	24.13	2.69	0.16
3	3	13.86	6.89	28.20	3.12	0.02
3	7	13.13	5.87	25.18	2.81	0.78
Core	CPU	C1%	C3%	C6%	C8%	C9%
-	-	16.87	8.61	24.98	3.13	0.03
0	0	17.34	7.13	27.62	3.07	0.00
0	4	15.49	8.54	24.85	2.30	0.02
1	1	17.15	8.46	26.25	3.03	0.01
1	5	18.24	9.69	20.50	1.87	0.00
2	2	17.25	8.84	27.07	2.75	0.00
2	6	14.85	9.10	25.61	4.68	0.10
3	3	17.50	7.34	25.86	5.27	0.12
3	7	17.11	9.74	22.06	2.06	0.01
Core	CPU	C1%	C3%	C6%	C8%	C9%
-	-	16.46	8.96	24.68	2.77	0.01
0	0	16.00	8.88	23.24	3.18	0.01
0	4	16.11	7.99	24.28	3.19	0.03
1	1	19.25	8.96	21.38	1.89	0.01
1	5	14.23	9.38	26.22	2.79	0.02
2	2	17.01	8.71	27.53	3.56	0.00
2	6	15.72	8.76	23.11	4.34	0.00
3	3	19.08	9.44	24.64	1.50	0.00
3	7	14.27	9.55	27.00	1.73	0.00
Core	CPU	C1%	C3%	C6%	C8%	C9%
-	-	13.95	7.29	27.40	3.74	0.04
0	0	15.15	6.00	25.91	3.70	0.01
0	4	13.54	7.60	25.80	5.70	0.00
1	1	13.17	7.07	30.19	3.91	0.01
1	5	14.36	7.26	23.53	1.42	0.18
2	2	12.77	7.44	28.97	2.66	0.00
2	6	16.01	8.04	26.05	4.17	0.00
3	3	11.16	6.97	33.58	6.43	0.08
3	7	15.42	7.95	25.15	1.93	0.01
Core	CPU	C1%	C3%	C6%	C8%	C9%
-	-	14.78	8.63	27.29	3.86	0.04
0	0	15.41	9.02	29.15	4.90	0.00
0	4	14.57	6.81	27.12	3.33	0.00
1	1	14.79	8.98	26.31	4.90	0.00
1	5	14.59	8.66	28.61	4.71	0.21
2	2	13.59	7.77	29.42	3.96	0.00
2	6	15.99	10.02	22.30	2.31	0.03
3	3	14.66	9.44	29.30	4.64	0.01
3	7	14.63	8.30	26.12	2.09	0.04
Core	CPU	C1%	C3%	C6%	C8%	C9%
-	-	10.00	6.80	32.26	5.19	0.07
0	0	10.04	7.27	33.56	3.36	0.01
0	4	8.48	6.60	30.81	3.30	0.21
1	1	7.87	6.62	40.37	7.30	0.00
1	5	11.40	7.38	28.54	4.99	0.24
2	2	10.49	6.96	32.00	7.69	0.03
2	6	10.52	5.72	31.01	4.66	0.00
3	3	9.95	5.80	32.63	7.10	0.00
3	7	11.27	8.01	29.13	3.13	0.08
Core	CPU	C1%	C3%	C6%	C8%	C9%
-	-	11.11	5.87	25.31	9.42	0.10
0	0	10.49	6.06	24.52	12.60	0.03
0	4	11.67	7.19	25.25	9.13	0.00
1	1	8.85	4.06	29.03	12.65	0.02
1	5	11.57	6.92	21.30	9.76	0.01
2	2	11.17	5.52	27.93	11.40	0.53
2	6	12.49	6.94	24.65	12.70	0.02
3	3	11.67	4.87	26.53	4.31	0.00
3	7	11.14	5.52	23.69	3.00	0.21
Core	CPU	C1%	C3%	C6%	C8%	C9%
-	-	8.76	2.97	12.83	30.74	0.63
0	0	9.36	3.32	15.48	48.88	0.51
0	4	9.52	3.90	15.88	41.45	1.52
1	1	8.87	2.33	9.15	3.11	2.21
1	5	8.06	2.79	14.15	38.97	0.00
2	2	8.57	3.51	16.67	40.63	0.00
2	6	8.65	2.66	14.56	39.62	0.75
3	3	8.39	2.47	7.31	2.51	0.00
3	7	8.48	2.74	9.21	30.23	0.00
Core	CPU	C1%	C3%	C6%	C8%	C9%
-	-	13.90	6.72	26.82	3.88	0.07
0	0	14.02	7.32	27.56	4.21	0.01
0	4	14.02	6.84	26.69	4.30	0.31
1	1	16.05	8.06	23.64	4.17	0.00
1	5	14.56	7.06	24.99	3.63	0.02
2	2	14.15	6.08	24.98	3.17	0.18
2	6	9.39	5.86	32.47	4.80	0.00
3	3	15.15	6.70	24.17	3.39	0.00
3	7	13.86	5.84	30.02	3.34	0.00
Core	CPU	C1%	C3%	C6%	C8%	C9%
-	-	11.14	6.83	29.34	4.72	0.12
0	0	11.88	7.19	27.64	4.59	0.01
0	4	11.77	7.26	30.65	8.70	0.01
1	1	8.54	6.09	32.30	5.93	0.00
1	5	11.17	7.17	27.87	3.63	0.00
2	2	11.23	6.05	33.05	3.83	0.10
2	6	11.38	7.50	27.23	3.89	0.12
3	3	12.02	7.22	29.49	4.02	0.00
3	7	11.15	6.19	26.51	3.19	0.69
Core	CPU	C1%	C3%	C6%	C8%	C9%
-	-	9.25	5.92	35.17	7.20	0.24
0	0	8.91	4.86	34.89	8.90	0.01
0	4	7.52	6.64	33.23	7.52	1.52
1	1	9.50	6.59	32.28	6.15	0.23
1	5	9.11	5.62	37.96	7.87	0.02
2	2	7.19	5.93	38.35	8.03	0.01
2	6	9.42	6.16	37.98	6.56	0.06
3	3	11.78	5.67	33.49	5.76	0.00
3	7	10.59	5.90	33.16	6.83	0.07
Core	CPU	C1%	C3%	C6%	C8%	C9%
-	-	9.19	5.79	35.91	6.19	0.25
0	0	11.44	5.91	36.38	5.90	0.00
0	4	8.40	5.52	35.60	6.67	0.01
1	1	9.43	5.97	36.34	5.73	0.00
1	5	10.87	5.63	34.46	6.42	0.00
2	2	9.45	7.29	36.18	4.11	0.00
2	6	6.82	5.27	33.48	6.71	1.70
3	3	9.11	5.88	34.75	7.87	0.00
3	7	8.05	4.86	40.14	6.13	0.31
Core	CPU	C1%	C3%	C6%	C8%	C9%
-	-	9.04	6.53	33.54	5.82	0.07
0	0	8.96	7.66	32.20	5.80	0.21
0	4	9.28	7.21	35.59	7.41	0.00
1	1	9.34	7.02	31.68	3.07	0.00
1	5	8.93	6.88	30.01	4.23	0.04
2	2	10.18	7.11	35.88	8.71	0.05
2	6	8.60	6.14	36.53	4.75	0.03
3	3	10.20	6.72	32.81	4.88	0.05
3	7	6.89	3.52	33.67	7.70	0.19
Core	CPU	C1%	C3%	C6%	C8%	C9%
-	-	8.49	6.17	35.75	6.46	0.21
0	0	8.82	6.10	35.72	4.56	0.13
0	4	9.13	7.73	36.76	6.15	0.00
1	1	7.30	5.61	38.22	8.05	0.00
1	5	8.22	6.66	37.96	9.90	0.00
2	2	8.07	5.05	33.75	6.58	0.57
2	6	9.03	7.18	36.22	2.93	0.00
3	3	9.71	4.85	31.50	7.14	0.94
3	7	7.62	6.13	35.70	6.32	0.00
Core	CPU	C1%	C3%	C6%	C8%	C9%
-	-	7.66	5.53	37.91	6.66	0.30
0	0	9.01	6.01	37.59	6.11	0.00
0	4	7.94	5.06	35.69	6.56	0.01
1	1	7.51	4.94	35.25	6.50	0.00
1	5	7.44	6.39	40.05	6.92	0.79
2	2	10.58	6.38	40.14	5.60	0.00
2	6	6.73	4.42	36.86	11.82	1.64
3	3	6.67	6.14	40.38	5.02	0.00
3	7	5.50	4.93	37.59	4.80	0.00
Core	CPU	C1%	C3%	C6%	C8%	C9%
-	-	7.66	7.56	37.05	5.47	0.01
0	0	8.65	7.49	36.81	3.92	0.01
0	4	6.97	7.94	37.90	5.93	0.02
1	1	8.04	7.91	37.68	4.68	0.01
1	5	6.96	6.89	39.02	5.79	0.00
2	2	8.14	8.45	35.14	4.96	0.00
2	6	6.86	7.70	40.01	7.61	0.00
3	3	8.46	6.63	34.71	6.30	0.00
3	7	7.16	7.41	34.83	4.51	0.00
Core	CPU	C1%	C3%	C6%	C8%	C9%
-	-	5.41	9.77	37.83	3.77	0.01
0	0	7.62	9.28	35.80	6.04	0.00
0	4	4.99	9.76	37.16	3.80	0.00
1	1	4.91	9.44	34.20	3.85	0.00
1	5	5.78	9.69	40.27	4.16	0.03
2	2	5.56	10.34	40.80	3.71	0.00
2	6	4.71	8.88	37.16	2.64	0.07
3	3	5.05	10.80	37.68	3.93	0.00
3	7	4.63	9.96	39.54	2.00	0.00
Core	CPU	C1%	C3%	C6%	C8%	C9%
-	-	12.25	6.90	29.81	5.82	0.14
0	0	12.90	7.11	30.68	8.95	0.00
0	4	13.17	5.54	27.54	3.90	0.06
1	1	11.96	7.16	31.72	3.93	0.00
1	5	12.10	7.13	30.77	6.43	0.00
2	2	12.45	7.43	27.58	3.57	0.02
2	6	11.53	6.82	30.47	5.18	0.12
3	3	11.55	6.01	31.14	9.62	0.04
3	7	12.35	8.02	28.53	4.94	0.88
Core	CPU	C1%	C3%	C6%	C8%	C9%
-	-	12.62	6.96	30.00	5.47	0.18
0	0	12.15	6.02	30.76	7.11	0.01
0	4	12.34	7.24	30.66	5.09	0.00
1	1	13.35	8.07	26.02	4.86	0.01
1	5	11.81	7.22	32.04	5.13	1.30
2	2	10.72	6.09	33.98	4.36	0.00
2	6	15.12	7.17	27.13	8.42	0.00
3	3	11.28	6.30	29.28	4.42	0.04
3	7	14.15	7.57	30.09	4.37	0.06
Core	CPU	C1%	C3%	C6%	C8%	C9%
-	-	7.66	5.63	39.52	7.61	0.12
0	0	9.77	6.96	39.25	7.07	0.00
0	4	7.90	4.12	38.32	7.23	0.00
1	1	8.17	6.32	40.05	8.00	0.01
1	5	7.78	6.49	40.31	7.02	0.00
2	2	7.72	4.72	38.71	6.97	0.00
2	6	6.01	5.14	38.92	9.44	0.72
3	3	6.94	5.46	41.82	7.87	0.21
3	7	7.08	5.89	39.03	7.37	0.01
Core	CPU	C1%	C3%	C6%	C8%	C9%
-	-	7.59	5.23	40.84	7.00	0.05
0	0	8.20	5.13	38.28	8.47	0.04
0	4	6.26	4.72	45.00	7.83	0.00
1	1	7.38	4.79	41.65	5.73	0.00
1	5	7.12	5.87	42.18	6.80	0.25
2	2	6.83	3.95	38.30	8.46	0.00
2	6	7.56	5.82	42.79	5.69	0.00
3	3	8.12	5.53	35.75	7.44	0.10
3	7	9.23	6.00	42.81	5.60	0.00
Core	CPU	C1%	C3%	C6%	C8%	C9%
-	-	12.57	5.92	29.33	3.99	0.13
0	0	12.86	5.36	26.81	3.73	0.11
0	4	13.65	6.24	27.66	1.98	0.02
1	1	13.45	6.68	29.81	3.24	0.00
1	5	12.85	5.56	30.02	3.18	0.00
2	2	12.05	5.66	28.40	5.41	0.00
2	6	14.12	6.54	27.27	4.50	0.00
3	3	11.96	7.21	28.78	2.76	0.00
3	7	9.54	4.05	35.70	7.13	0.93
Core	CPU	C1%	C3%	C6%	C8%	C9%
-	-	7.89	5.20	37.55	7.41	0.21
0	0	8.65	6.61	36.49	7.49	0.01
0	4	8.35	4.61	37.43	6.22	0.00
1	1	8.60	6.09	38.50	6.43	0.10
1	5	5.64	3.77	37.29	7.16	0.66
2	2	7.12	5.61	36.88	12.92	0.12
2	6	6.81	3.92	37.15	5.44	0.45
3	3	9.27	5.73	39.05	7.19	0.01
3	7	8.69	5.27	37.62	6.41	0.30
Core	CPU	C1%	C3%	C6%	C8%	C9%
-	-	5.59	4.63	41.70	9.86	0.16
0	0	5.84	4.10	37.84	9.78	0.00
0	4	5.05	4.04	39.56	9.97	0.43
1	1	6.31	5.15	42.13	9.60	0.00
1	5	4.40	4.59	43.81	10.85	0.20
2	2	5.39	4.90	44.50	12.92	0.00
2	6	4.97	4.49	44.00	4.49	0.00
3	3	6.41	4.00	40.23	8.72	0.61
3	7	6.39	5.81	41.94	12.69	0.06
Core	CPU	C1%	C3%	C6%	C8%	C9%
-	-	8.34	5.60	37.45	7.06	0.04
0	0	10.61	5.19	34.42	7.44	0.02
0	4	8.62	5.90	37.12	6.57	0.00
1	1	8.46	5.88	37.40	6.98	0.00
1	5	7.32	4.51	39.76	9.54	0.00
2	2	8.99	5.79	40.70	6.26	0.00
2	6	8.85	6.73	36.14	5.63	0.13
3	3	7.27	6.12	37.87	7.48	0.10
3	7	6.54	4.63	35.77	6.50	0.11
Core	CPU	C1%	C3%	C6%	C8%	C9%
-	-	2.83	2.64	19.58	13.43	0.75
0	0	2.42	2.68	17.84	4.03	0.00
0	4	3.72	2.87	14.09	2.54	0.00
1	1	2.53	2.32	20.14	11.67	0.00
1	5	2.20	2.66	24.15	39.66	0.00
2	2	3.59	1.92	16.39	4.96	0.09
2	6	2.61	2.77	20.45	2.27	0.00
3	3	2.44	2.20	18.06	4.90	5.90
3	7	3.13	3.74	25.45	37.39	0.00
Core	CPU	C1%	C3%	C6%	C8%	C9%
-	-	7.71	4.50	30.42	9.83	0.31
0	0	8.68	5.26	29.26	2.97	0.00
0	4	6.86	3.80	30.97	8.76	0.01
1	1	7.93	4.67	31.17	8.61	0.48
1	5	9.03	5.32	28.05	18.04	0.24
2	2	8.41	4.26	27.00	9.02	1.41
2	6	4.63	4.01	34.09	7.13	0.00
3	3	6.93	4.15	29.83	6.59	0.10
3	7	9.26	4.56	33.05	17.58	0.22
Core	CPU	C1%	C3%	C6%	C8%	C9%
-	-	11.21	6.42	32.09	4.86	0.12
0	0	11.55	6.24	28.82	5.31	0.01
0	4	11.77	6.75	33.37	4.64	0.00
1	1	9.97	6.65	33.89	1.87	0.23
1	5	12.07	6.48	31.59	8.09	0.00
2	2	9.97	5.76	36.71	5.68	0.00
2	6	10.92	6.63	30.40	4.47	0.71
3	3	12.27	6.76	29.97	3.98	0.00
3	7	11.17	6.07	32.01	4.87	0.01
Core	CPU	C1%	C3%	C6%	C8%	C9%
-	-	9.90	6.65	31.68	5.23	0.11
0	0	10.01	6.47	31.88	4.58	0.00
0	4	10.72	7.40	30.51	4.41	0.00
1	1	9.98	7.43	35.40	8.18	0.01
1	5	10.36	6.87	32.21	5.80	0.27
2	2	9.66	6.87	29.58	5.16	0.05
2	6	8.54	6.53	34.61	3.57	0.26
3	3	9.26	4.66	29.83	6.03	0.12
3	7	10.74	6.97	29.60	4.16	0.21
Core	CPU	C1%	C3%	C6%	C8%	C9%
-	-	8.39	5.83	36.02	7.30	0.18
0	0	9.99	7.84	34.53	4.00	0.11
0	4	9.68	4.37	36.02	5.82	0.51
1	1	8.87	6.23	36.72	6.02	0.00
1	5	7.36	5.30	35.27	8.51	0.59
2	2	7.19	4.13	37.86	7.63	0.24
2	6	7.33	6.61	36.16	11.10	0.00
3	3	7.47	4.96	38.44	8.31	0.00
3	7	9.16	7.16	32.97	6.98	0.00
Core	CPU	C1%	C3%	C6%	C8%	C9%
-	-	8.89	5.79	33.96	7.00	0.15
0	0	8.93	5.91	38.64	6.84	0.16
0	4	10.12	6.92	30.21	4.63	0.59
1	1	9.90	6.31	34.11	6.72	0.03
1	5	10.28	5.27	35.98	6.17	0.00
2	2	7.32	5.57	38.38	9.14	0.07
2	6	8.03	5.17	29.78	6.84	0.04
3	3	7.72	4.56	35.53	11.52	0.11
3	7	8.79	6.58	29.05	4.16	0.22
Core	CPU	C1%	C3%	C6%	C8%	C9%
-	-	9.84	5.92	32.45	6.56	0.09
0	0	9.20	5.69	30.80	3.81	0.01
0	4	9.49	5.57	34.43	5.80	0.00
1	1	9.29	6.38	31.84	7.24	0.01
1	5	10.51	6.28	28.39	9.30	0.00
2	2	11.32	6.78	31.49	7.63	0.00
2	6	9.62	5.58	32.72	7.08	0.00
3	3	11.13	5.40	33.18	6.09	0.54
3	7	8.16	5.65	36.79	5.52	0.12
Core	CPU	C1%	C3%	C6%	C8%	C9%
-	-	8.45	5.62	34.80	7.32	0.06
0	0	9.40	5.12	34.83	11.79	0.00
0	4	8.35	5.39	36.91	10.26	0.04
1	1	7.15	6.57	36.53	6.38	0.00
1	5	9.35	5.11	34.43	8.06	0.04
2	2	8.08	5.39	35.43	6.59	0.00
2	6	8.23	6.06	38.08	3.82	0.00
3	3	10.73	5.71	30.27	6.43	0.01
3	7	6.29	5.63	31.88	5.26	0.42
Core	CPU	C1%	C3%	C6%	C8%	C9%
-	-	11.81	5.95	30.52	5.76	0.14
0	0	11.68	7.09	31.05	6.19	0.01
0	4	11.56	5.26	29.24	3.59	0.06
1	1	11.92	4.81	30.67	8.83	0.11
1	5	11.13	6.21	30.47	3.91	0.20
2	2	10.71	6.56	30.63	8.13	0.04
2	6	11.83	5.46	33.70	5.44	0.29
3	3	12.36	5.63	31.18	4.94	0.00
3	7	13.30	6.57	27.21	5.04	0.40
Core	CPU	C1%	C3%	C6%	C8%	C9%
-	-	8.71	6.76	33.08	5.28	0.05
0	0	8.50	7.60	32.54	3.13	0.00
0	4	8.84	6.81	36.71	5.46	0.00
1	1	8.17	7.08	32.11	6.83	0.01
1	5	8.92	7.08	30.38	5.53	0.27
2	2	8.74	6.73	29.96	4.18	0.04
2	6	6.96	6.24	32.08	5.79	0.02
3	3	10.18	6.60	36.70	6.81	0.00
3	7	9.39	5.98	34.23	4.53	0.05
Core	CPU	C1%	C3%	C6%	C8%	C9%
-	-	11.40	6.74	31.37	5.33	0.07
0	0	12.11	7.50	28.86	5.76	0.00
0	4	9.83	5.71	36.45	4.46	0.03
1	1	10.73	5.39	31.82	8.22	0.00
1	5	12.31	7.58	30.46	4.56	0.31
2	2	11.15	7.23	31.53	7.60	0.05
2	6	12.21	6.83	33.67	3.01	0.14
3	3	11.26	6.65	28.26	5.39	0.00
3	7	11.62	7.03	30.01	3.61	0.00
Core	CPU	C1%	C3%	C6%	C8%	C9%
-	-	8.26	5.53	36.67	5.36	0.04
0	0	6.29	4.33	34.80	10.51	0.04
0	4	7.92	6.94	38.49	6.18	0.00
1	1	10.14	5.73	36.77	3.86	0.00
1	5	8.93	5.94	36.43	5.61	0.01
2	2	8.22	5.37	35.73	6.42	0.09
2	6	8.23	5.56	36.17	3.29	0.09
3	3	9.54	5.62	41.00	3.13	0.00
3	7	6.83	4.73	34.05	3.93	0.12
Core	CPU	C1%	C3%	C6%	C8%	C9%
-	-	0.66	4.66	48.30	6.46	0.08
0	0	0.44	4.93	52.10	9.94	0.18
0	4	0.73	3.49	42.84	8.51	0.11
1	1	0.36	3.83	49.37	15.15	0.12
1	5	0.88	5.71	48.87	4.95	0.01
2	2	0.41	3.74	45.98	5.03	0.00
2	6	0.67	6.07	53.05	2.20	0.18
3	3	0.83	4.64	47.76	3.30	0.00
3	7	0.94	4.85	46.16	2.53	0.01
Core	CPU	C1%	C3%	C6%	C8%	C9%
-	-	2.40	4.89	45.53	6.93	0.15
0	0	3.20	4.51	50.01	7.21	0.03
0	4	2.61	4.86	42.42	9.07	0.01
1	1	2.46	4.40	48.76	8.10	0.00
1	5	1.62	5.01	46.11	4.11	0.07
2	2	3.03	5.75	52.18	10.03	0.00
2	6	2.08	4.11	36.82	4.95	0.93
3	3	1.72	4.98	42.12	7.46	0.00
3	7	2.50	5.52	45.81	4.50	0.17
Core	CPU	C1%	C3%	C6%	C8%	C9%
-	-	3.59	5.66	43.32	6.46	0.16
0	0	3.84	5.78	48.00	6.42	0.01
0	4	2.82	5.25	37.51	6.37	0.00
1	1	3.92	6.07	44.91	9.68	0.00
1	5	2.87	5.58	47.59	6.61	0.00
2	2	3.78	4.35	45.63	6.36	0.00
2	6	4.07	6.36	42.91	3.35	0.64
3	3	3.31	5.57	40.30	9.57	0.42
3	7	4.15	6.35	39.75	3.32	0.23
Core	CPU	C1%	C3%	C6%	C8%	C9%
-	-	1.49	4.64	48.21	7.01	0.33
0	0	0.88	5.38	53.26	8.69	0.00
0	4	1.44	4.86	50.08	6.43	0.20
1	1	1.51	4.15	48.45	9.40	0.00
1	5	1.86	5.21	47.13	4.86	1.05
2	2	1.77	4.57	47.10	7.73	0.00
2	6	1.08	4.93	44.82	3.96	1.18
3	3	1.71	4.88	54.86	11.30	0.03
3	7	1.68	3.12	40.00	3.72	0.22
Core	CPU	C1%	C3%	C6%	C8%	C9%
-	-	2.32	5.20	44.97	6.85	0.13
0	0	1.84	5.18	53.12	5.60	0.00
0	4	3.29	4.39	41.19	5.09	0.00
1	1	2.97	4.49	49.23	13.06	0.00
1	5	1.79	5.73	46.45	5.61	0.00
2	2	2.22	5.69	44.75	7.68	0.00
2	6	2.78	5.68	47.86	3.68	0.48
3	3	2.69	4.99	33.08	9.58	0.09
3	7	0.94	5.47	44.08	4.51	0.43
Core	CPU	C1%	C3%	C6%	C8%	C9%
-	-	3.50	5.20	44.27	8.07	0.06
0	0	3.89	5.13	42.79	7.73	0.02
0	4	2.43	4.79	41.89	7.39	0.01
1	1	2.59	5.42	48.10	11.07	0.00
1	5	4.94	4.98	42.05	11.23	0.40
2	2	3.59	5.58	46.03	6.44	0.00
2	6	3.89	4.54	39.87	5.35	0.02
3	3	3.34	4.87	46.66	11.85	0.01
3	7	3.31	6.27	46.81	3.53	0.00
Core	CPU	C1%	C3%	C6%	C8%	C9%
-	-	5.23	6.53	38.23	5.16	0.13
0	0	4.84	5.24	42.58	5.15	0.01
0	4	5.39	6.53	34.69	2.29	0.25
1	1	4.24	6.70	42.09	6.69	0.00
1	5	5.68	6.30	36.47	5.13	0.00
2	2	6.09	7.75	35.75	4.58	0.09
2	6	5.60	6.90	42.39	8.01	0.00
3	3	5.13	6.31	35.18	6.79	0.63
3	7	4.84	6.49	36.68	2.65	0.09
Core	CPU	C1%	C3%	C6%	C8%	C9%
-	-	1.12	4.02	31.57	8.99	0.30
0	0	1.16	3.80	33.74	3.74	0.00
0	4	1.16	3.88	28.27	5.17	0.00
1	1	0.66	4.22	29.52	25.56	0.05
1	5	1.19	3.85	29.95	3.03	2.01
2	2	1.36	5.29	33.98	24.82	0.15
2	6	0.88	2.88	33.13	2.67	0.22
3	3	0.96	3.87	34.02	6.01	0.00
3	7	1.56	4.33	29.83	0.87	0.00
Core	CPU	C1%	C3%	C6%	C8%	C9%
-	-	0.99	2.33	17.24	17.16	0.13
0	0	0.77	2.99	21.50	35.95	0.60
0	4	1.10	1.93	13.72	3.77	0.06
1	1	1.28	2.58	21.53	39.67	0.00
1	5	0.98	1.95	16.69	7.24	0.05
2	2	0.73	2.46	21.48	44.62	0.30
2	6	1.24	2.61	13.37	1.73	0.00
3	3	1.36	2.08	14.52	2.72	0.00
3	7	0.43	2.04	15.15	1.67	0.00
Core	CPU	C1%	C3%	C6%	C8%	C9%
-	-	1.50	4.77	46.87	8.18	0.18
0	0	0.98	4.48	50.77	10.05	0.01
0	4	2.13	5.24	45.73	11.62	0.16
1	1	2.71	4.57	45.76	4.61	0.71
1	5	0.77	4.47	46.66	4.64	0.00
2	2	2.39	5.74	49.04	7.77	0.01
2	6	0.82	4.00	41.36	7.06	0.31
3	3	1.02	5.05	46.73	11.42	0.00
3	7	1.19	4.63	48.93	8.27	0.25
Core	CPU	C1%	C3%	C6%	C8%	C9%
-	-	3.64	5.94	40.88	6.13	0.22
0	0	4.04	6.45	47.42	12.09	0.09
0	4	2.33	4.90	39.99	4.13	0.00
1	1	4.17	7.91	42.75	7.40	0.01
1	5	3.29	5.35	38.34	3.34	0.00
2	2	3.65	4.86	39.40	6.63	0.05
2	6	4.06	6.92	43.82	2.78	0.04
3	3	3.59	4.25	33.36	9.30	0.41
3	7	3.99	6.89	41.94	3.40	1.16
Core	CPU	C1%	C3%	C6%	C8%	C9%
-	-	5.22	6.34	39.19	4.98	0.16
0	0	7.31	6.52	38.23	5.84	0.04
0	4	4.86	5.80	38.80	4.29	0.32
1	1	5.17	6.15	39.99	5.38	0.01
1	5	5.61	5.87	36.67	3.84	0.27
2	2	3.84	7.02	42.26	2.64	0.00
2	6	4.70	5.67	38.56	6.34	0.00
3	3	4.29	5.28	41.69	8.20	0.56
3	7	5.97	8.37	37.31	3.29	0.08
Core	CPU	C1%	C3%	C6%	C8%	C9%
-	-	3.99	5.57	42.01	7.48	0.29
0	0	4.19	5.84	45.44	6.61	0.11
0	4	4.33	5.69	41.99	7.64	0.27
1	1	2.39	3.95	38.99	10.41	0.12
1	5	4.11	8.61	45.35	5.76	0.01
2	2	3.02	4.49	41.39	8.51	0.48
2	6	4.93	6.22	39.28	5.84	0.08
3	3	4.91	6.39	42.12	5.34	0.00
3	7	4.07	3.42	41.53	9.78	1.22
Core	CPU	C1%	C3%	C6%	C8%	C9%
-	-	2.63	5.48	47.59	7.08	0.07
0	0	2.45	6.11	46.11	5.29	0.01
0	4	1.68	3.96	49.78	11.51	0.00
1	1	3.15	5.24	44.96	9.08	0.02
1	5	2.05	7.00	50.18	8.31	0.12
2	2	1.79	5.76	52.72	6.31	0.00
2	6	3.46	4.24	45.02	4.76	0.02
3	3	2.68	5.50	44.28	8.73	0.41
3	7	3.83	6.12	48.20	2.76	0.00
Core	CPU	C1%	C3%	C6%	C8%	C9%
-	-	0.56	5.60	48.80	8.33	0.17
0	0	0.62	4.74	45.87	11.77	0.00
0	4	0.19	6.04	53.23	9.00	0.00
1	1	0.70	5.88	52.91	5.90	0.01
1	5	0.69	7.09	44.63	7.90	1.03
2	2	0.58	5.18	46.07	10.09	0.01
2	6	0.46	5.76	49.60	4.70	0.13
3	3	0.54	5.17	50.44	9.06	0.19
3	7	0.70	4.86	47.09	8.12	0.00
Core	CPU	C1%	C3%	C6%	C8%	C9%
-	-	0.69	5.25	47.09	7.52	0.24
0	0	0.69	4.89	48.69	8.96	0.02
0	4	0.57	4.72	48.60	9.69	0.01
1	1	0.72	4.09	42.32	9.65	0.29
1	5	0.80	7.35	46.18	7.70	0.42
2	2	0.80	5.04	54.59	4.23	0.44
2	6	0.47	5.77	42.01	4.12	0.61
3	3	0.84	6.13	52.77	3.39	0.08
3	7	0.67	4.03	41.59	12.46	0.02
Core	CPU	C1%	C3%	C6%	C8%	C9%
-	-	5.80	6.12	39.95	5.66	0.13
0	0	5.92	6.36	39.08	8.13	0.00
0	4	7.05	6.79	38.42	3.26	0.11
1	1	5.46	6.05	42.98	7.33	0.00
1	5	6.61	6.02	42.89	4.54	0.43
2	2	5.98	6.08	39.48	7.33	0.04
2	6	5.37	6.24	37.32	3.82	0.34
3	3	5.50	5.79	42.22	7.89	0.09
3	7	4.52	5.65	37.21	2.93	0.03
Core	CPU	C1%	C3%	C6%	C8%	C9%
-	-	2.01	5.41	49.35	7.42	0.03
0	0	2.09	5.08	54.47	5.45	0.00
0	4	1.31	4.98	47.69	8.93	0.00
1	1	2.36	4.67	43.07	11.84	0.00
1	5	1.52	8.00	51.65	4.50	0.23
2	2	2.14	5.39	52.89	7.57	0.01
2	6	2.42	4.92	47.00	8.32	0.00
3	3	2.09	4.68	49.91	8.28	0.00
3	7	2.15	5.53	48.20	4.46	0.03
Core	CPU	C1%	C3%	C6%	C8%	C9%
-	-	1.06	4.80	50.32	8.34	0.25
0	0	0.47	4.52	52.68	11.35	0.00
0	4	0.86	5.02	53.99	6.07	0.00
1	1	1.19	4.41	51.52	11.01	0.00
1	5	0.57	5.20	47.30	5.81	1.35
2	2	1.42	6.51	52.28	6.56	0.00
2	6	1.88	3.68	42.36	5.79	0.12
3	3	0.93	4.39	52.08	8.57	0.00
3	7	1.14	4.69	50.32	11.54	0.56
Core	CPU	C1%	C3%	C6%	C8%	C9%
-	-	1.88	6.03	46.78	7.46	0.24
0	0	2.92	6.21	47.17	6.53	0.00
0	4	1.81	5.08	42.59	5.96	0.07
1	1	1.65	4.61	45.88	10.92	0.00
1	5	1.81	8.27	47.99	7.45	0.66
2	2	1.49	4.88	48.70	7.66	0.13
2	6	2.02	7.20	45.78	7.87	0.00
3	3	1.69	4.72	47.29	7.64	0.45
3	7	1.61	7.24	48.81	5.67	0.59
Core	CPU	C1%	C3%	C6%	C8%	C9%
-	-	0.60	4.88	49.70	8.29	0.95
0	0	0.45	4.90	42.90	10.41	0.06
0	4	0.62	4.44	52.42	8.83	0.72
1	1	0.79	4.69	49.72	12.52	0.79
1	5	0.86	6.34	47.10	5.92	3.11
2	2	0.61	4.23	52.27	7.42	0.19
2	6	0.26	5.32	54.34	8.12	0.19
3	3	0.52	5.04	53.04	7.46	1.27
3	7	0.70	4.11	45.74	5.65	1.28
Core	CPU	C1%	C3%	C6%	C8%	C9%
-	-	1.27	4.07	51.25	8.94	0.05
0	0	0.89	2.70	42.57	15.94	0.15
0	4	1.46	5.53	56.51	6.99	0.00
1	1	1.11	3.66	54.71	10.87	0.00
1	5	1.82	3.99	47.01	8.24	0.20
2	2	0.77	3.86	50.50	5.10	0.01
2	6	0.86	4.67	57.56	8.43	0.00
3	3	1.38	4.95	48.31	9.32	0.01
3	7	1.87	3.22	52.95	6.66	0.01
Core	CPU	C1%	C3%	C6%	C8%	C9%
-	-	2.02	4.00	47.67	9.55	0.16
0	0	2.15	4.42	51.05	8.86	0.10
0	4	2.03	3.64	44.05	11.12	0.00
1	1	2.22	5.02	45.42	11.02	0.00
1	5	1.23	3.68	46.70	5.95	0.75
2	2	1.57	3.57	44.57	9.95	0.11
2	6	1.99	3.83	47.87	7.22	0.35
3	3	2.82	3.67	51.82	13.04	0.00
3	7	2.16	4.16	49.77	9.25	0.00
Core	CPU	C1%	C3%	C6%	C8%	C9%
-	-	0.39	6.19	53.50	7.53	0.18
0	0	0.24	6.99	53.89	9.68	0.00
0	4	0.11	4.93	46.80	10.13	0.11
1	1	0.45	6.79	59.93	6.42	0.00
1	5	0.34	6.28	51.09	7.37	1.23
2	2	0.34	5.72	53.09	11.91	0.00
2	6	0.23	6.55	54.76	4.23	0.00
3	3	0.55	5.68	52.87	4.52	0.08
3	7	0.86	6.56	55.59	5.95	0.00
Core	CPU	C1%	C3%	C6%	C8%	C9%
-	-	0.84	7.86	51.14	5.50	0.08
0	0	0.60	7.23	50.94	6.46	0.10
0	4	0.81	7.23	56.94	4.84	0.00
1	1	1.30	8.05	57.30	3.55	0.00
1	5	1.23	10.73	45.33	5.30	0.36
2	2	0.73	8.22	52.29	4.74	0.00
2	6	1.04	6.49	45.19	8.54	0.17
3	3	0.68	7.64	52.05	6.51	0.00
3	7	0.37	7.28	49.12	4.08	0.02
Core	CPU	C1%	C3%	C6%	C8%	C9%
-	-	0.35	4.58	52.64	11.36	0.46
0	0	0.51	4.17	55.76	10.87	0.00
0	4	0.20	4.60	55.24	10.14	0.00
1	1	0.62	4.58	51.61	14.50	0.01
1	5	0.40	6.43	49.09	7.85	2.57
2	2	0.23	4.75	55.08	11.43	0.00
2	6	0.14	3.67	48.63	11.62	0.43
3	3	0.52	4.25	54.64	11.13	0.00
3	7	0.22	4.22	51.16	13.34	0.66
Core	CPU	C1%	C3%	C6%	C8%	C9%
-	-	0.25	6.26	52.64	9.50	0.31
0	0	0.29	6.27	55.04	6.76	0.01
0	4	0.19	4.79	51.37	13.11	0.04
1	1	0.11	5.16	53.32	13.34	0.11
1	5	0.61	9.94	44.36	6.54	2.13
2	2	0.38	5.84	50.95	7.53	0.00
2	6	0.13	7.24	52.53	7.05	0.00
3	3	0.13	4.62	55.01	13.27	0.01
3	7	0.18	6.23	58.45	8.35	0.19
Core	CPU	C1%	C3%	C6%	C8%	C9%
-	-	0.68	7.50	50.35	6.89	0.30
0	0	0.63	6.41	47.36	7.57	0.01
0	4	1.09	6.98	54.98	7.83	0.00
1	1	0.87	5.79	52.22	8.73	0.00
1	5	1.03	12.36	41.19	4.12	2.36
2	2	0.56	6.75	52.39	6.87	0.00
2	6	0.58	6.91	50.62	6.00	0.00
3	3	0.28	7.71	52.90	7.14	0.01
3	7	0.37	7.09	51.30	6.91	0.00
Core	CPU	C1%	C3%	C6%	C8%	C9%
-	-	0.29	4.60	39.63	25.32	0.60
0	0	0.38	4.64	45.36	26.28	0.00
0	4	0.06	3.43	38.63	29.90	1.10
1	1	0.20	4.40	43.87	29.32	0.02
1	5	0.24	6.53	34.07	27.31	3.33
2	2	0.20	5.19	41.20	28.90	0.09
2	6	0.57	4.00	34.72	8.53	0.00
3	3	0.16	3.41	40.54	27.40	0.21
3	7	0.49	5.15	38.29	24.76	0.00
Core	CPU	C1%	C3%	C6%	C8%	C9%
-	-	0.28	1.97	17.09	51.14	1.94
0	0	0.33	3.02	30.13	60.08	0.00
0	4	0.29	1.78	15.24	60.57	0.65
1	1	0.21	2.62	22.15	57.28	0.00
1	5	0.36	2.38	19.07	67.16	1.93
2	2	0.36	1.07	3.78	1.77	0.00
2	6	0.28	1.16	12.29	32.75	10.39
3	3	0.21	1.84	20.13	69.34	0.50
3	7	0.22	1.86	13.97	60.19	2.07
Core	CPU	C1%	C3%	C6%	C8%	C9%
-	-	0.70	6.40	50.03	9.45	0.23
0	0	0.43	5.16	56.32	8.79	0.00
0	4	0.58	5.82	54.56	9.13	0.00
1	1	1.07	7.71	48.56	10.52	0.12
1	5	1.02	9.46	45.00	8.62	1.13
2	2	0.68	6.52	49.28	8.83	0.00
2	6	0.72	5.30	47.87	10.64	0.01
3	3	0.77	6.68	51.23	10.11	0.59
3	7	0.36	4.54	47.62	8.97	0.01
Core	CPU	C1%	C3%	C6%	C8%	C9%
-	-	0.31	6.67	51.43	8.16	0.23
0	0	0.25	6.18	56.71	6.38	0.00
0	4	0.50	6.29	47.52	8.89	0.08
1	1	0.13	6.00	50.70	10.45	0.00
1	5	0.52	9.99	46.46	7.21	1.74
2	2	0.22	7.38	54.04	6.42	0.00
2	6	0.19	5.28	53.49	5.76	0.02
3	3	0.32	7.51	53.66	5.55	0.00
3	7	0.32	4.76	49.09	14.65	0.00
Core	CPU	C1%	C3%	C6%	C8%	C9%
-	-	0.26	6.38	53.31	8.57	0.13
0	0	0.66	5.33	54.38	9.89	0.08
0	4	0.26	5.92	53.89	8.26	0.00
1	1	0.12	5.84	51.38	11.19	0.01
1	5	0.38	11.09	47.14	7.83	0.56
2	2	0.20	6.26	57.18	8.45	0.01
2	6	0.27	5.95	52.08	7.26	0.32
3	3	0.10	6.15	53.02	8.08	0.00
3	7	0.09	4.51	57.14	7.56	0.04
Core	CPU	C1%	C3%	C6%	C8%	C9%
-	-	0.34	6.57	53.66	9.03	0.25
0	0	0.16	5.32	54.99	9.65	0.09
0	4	0.05	7.09	58.09	7.99	0.00
1	1	0.18	5.22	52.18	11.58	0.00
1	5	0.60	10.65	47.83	3.93	1.91
2	2	0.81	6.44	52.56	8.38	0.00
2	6	0.31	4.84	53.78	13.54	0.00
3	3	0.31	5.91	50.37	12.43	0.00
3	7	0.26	7.10	59.51	4.74	0.00
Core	CPU	C1%	C3%	C6%	C8%	C9%
-	-	0.30	5.46	53.80	8.26	0.17
0	0	0.30	4.86	54.22	8.05	0.00
0	4	0.37	5.58	48.93	8.76	0.00
1	1	0.16	3.80	53.33	13.92	0.02
1	5	0.49	8.74	52.69	4.09	1.32
2	2	0.39	3.94	55.29	7.69	0.00
2	6	0.21	6.70	54.16	4.71	0.00
3	3	0.28	6.04	55.64	5.75	0.00
3	7	0.24	4.05	56.85	13.22	0.05
Core	CPU	C1%	C3%	C6%	C8%	C9%
-	-	0.34	7.85	54.52	5.35	0.28
0	0	0.37	8.08	55.53	5.81	0.00
0	4	0.24	8.15	54.25	6.64	0.00
1	1	0.46	6.55	57.43	5.63	0.08
1	5	0.40	11.16	48.76	3.58	1.66
2	2	0.34	7.49	53.35	7.20	0.00
2	6	0.25	7.46	57.76	3.52	0.00
3	3	0.37	6.48	53.92	5.23	0.51
3	7	0.30	7.35	54.41	5.09	0.00
Core	CPU	C1%	C3%	C6%	C8%	C9%
-	-	0.95	11.19	53.33	2.21	0.00
0	0	0.82	12.05	51.39	2.53	0.00
0	4	1.12	10.73	56.20	2.87	0.00
1	1	1.14	10.20	53.10	3.32	0.00
1	5	0.92	11.38	55.00	1.43	0.00
2	2	0.77	11.57	53.22	1.62	0.00
2	6	1.01	11.50	50.81	1.69	0.00
3	3	0.86	10.67	54.24	2.24	0.00
3	7	0.93	11.42	52.65	1.97	0.00
Core	CPU	C1%	C3%	C6%	C8%	C9%
-	-	0.95	11.79	52.79	2.29	0.00
0	0	0.99	11.53	57.10	2.58	0.00
0	4	1.08	12.00	54.46	2.55	0.00
1	1	0.93	10.74	55.58	3.13	0.00
1	5	0.94	12.71	48.02	1.99	0.00
2	2	0.86	11.83	52.37	2.14	0.00
2	6	0.98	11.91	55.76	0.86	0.00
3	3	0.73	11.81	48.82	2.90	0.00
3	7	1.09	11.81	50.23	2.18	0.00
Core	CPU	C1%	C3%	C6%	C8%	C9%
-	-	0.72	11.35	54.09	1.85	0.00
0	0	0.53	11.75	51.24	1.61	0.00
0	4	0.56	10.88	57.34	1.21	0.00
1	1	0.89	12.78	49.56	1.76	0.00
1	5	0.50	10.20	55.19	2.94	0.00
2	2	0.76	11.57	56.40	1.20	0.00
2	6	1.09	11.70	51.94	2.07	0.00
3	3	0.82	9.74	58.68	2.21	0.00
3	7	0.61	12.15	52.42	1.80	0.00
Core	CPU	C1%	C3%	C6%	C8%	C9%
-	-	1.04	11.31	52.12	1.68	0.00
0	0	0.95	11.19	52.93	1.33	0.00
0	4	0.78	10.34	54.56	1.48	0.00
1	1	0.80	11.44	53.00	2.86	0.00
1	5	0.85	11.17	56.30	1.15	0.02
2	2	1.86	11.89	50.87	1.39	0.00
2	6	1.12	10.99	48.20	2.37	0.00
3	3	1.12	12.22	50.89	1.43	0.00
3	7	0.88	11.26	50.21	1.42	0.00
Core	CPU	C1%	C3%	C6%	C8%	C9%
-	-	0.95	11.67	50.47	4.19	0.05
0	0	0.67	11.69	53.59	3.97	0.00
0	4	0.91	11.13	50.96	5.34	0.00
1	1	1.17	10.21	55.09	6.41	0.00
1	5	1.36	12.71	47.07	4.18	0.00
2	2	0.97	11.23	50.38	5.81	0.40
2	6	0.91	11.93	47.25	3.29	0.00
3	3	0.79	11.50	49.66	2.17	0.00
3	7	0.83	12.94	49.77	2.39	0.00
Core	CPU	C1%	C3%	C6%	C8%	C9%
-	-	3.85	13.41	44.78	3.21	0.00
0	0	4.37	12.98	44.51	3.58	0.00
0	4	3.30	13.24	42.56	0.17	0.00
1	1	4.15	12.40	45.06	4.88	0.00
1	5	3.87	12.87	44.11	4.35	0.00
2	2	4.07	13.99	43.29	3.29	0.00
2	6	3.11	12.84	47.80	3.15	0.00
3	3	3.75	14.85	45.76	2.47	0.00
3	7	4.16	14.09	45.18	3.79	0.00
Core	CPU	C1%	C3%	C6%	C8%	C9%
-	-	0.54	7.62	59.78	5.85	0.11
0	0	0.47	8.29	55.15	8.69	0.00
0	4	0.30	7.03	60.72	4.29	0.00
1	1	0.86	7.22	60.99	5.39	0.00
1	5	0.47	7.97	60.69	4.78	0.00
2	2	0.75	8.42	58.34	4.09	0.10
2	6	0.33	6.74	60.65	7.64	0.78
3	3	0.66	7.22	61.56	6.69	0.00
3	7	0.43	8.09	60.27	5.24	0.00
Core	CPU	C1%	C3%	C6%	C8%	C9%
-	-	0.89	11.24	55.70	2.14	0.00
0	0	1.21	12.96	53.49	0.79	0.00
0	4	0.57	9.31	59.70	5.60	0.00
1	1	1.27	11.37	54.20	1.62	0.00
1	5	0.79	11.92	55.50	1.77	0.00
2	2	0.83	10.57	58.60	2.15	0.00
2	6	1.06	10.95	55.13	1.15	0.00
3	3	0.60	11.65	54.81	1.66	0.00
3	7	0.76	11.14	54.07	2.37	0.00
Core	CPU	C1%	C3%	C6%	C8%	C9%
-	-	1.10	13.45	51.04	1.02	0.00
0	0	0.61	14.30	50.93	0.93	0.00
0	4	1.34	12.77	49.78	1.32	0.00
1	1	1.05	12.34	52.91	1.32	0.00
1	5	1.31	14.20	49.01	0.52	0.00
2	2	1.25	12.50	52.17	0.85	0.00
2	6	0.98	13.16	52.05	1.87	0.00
3	3	1.17	13.42	51.53	0.29	0.00
3	7	1.14	14.88	49.99	1.08	0.00
Core	CPU	C1%	C3%	C6%	C8%	C9%
-	-	0.89	12.83	51.39	1.63	0.00
0	0	0.89	13.67	50.20	0.77	0.00
0	4	0.52	11.21	55.86	2.64	0.00
1	1	0.99	13.11	50.72	1.31	0.00
1	5	0.97	13.85	51.63	1.71	0.00
2	2	1.47	13.43	46.84	0.80	0.00
2	6	0.75	11.30	52.09	2.48	0.00
3	3	0.74	12.26	52.91	1.90	0.00
3	7	0.79	13.77	50.86	1.48	0.00
Core	CPU	C1%	C3%	C6%	C8%	C9%
-	-	1.11	13.19	50.76	1.71	0.01
0	0	0.99	11.21	56.54	2.44	0.00
0	4	1.34	13.91	47.05	1.54	0.00
1	1	0.67	13.27	53.54	1.78	0.00
1	5	1.04	14.01	49.99	2.06	0.00
2	2	1.11	12.15	52.58	1.36	0.00
2	6	1.22	14.83	47.85	0.42	0.00
3	3	1.67	13.18	49.48	2.44	0.00
3	7	0.81	12.92	49.11	1.62	0.10
Core	CPU	C1%	C3%	C6%	C8%	C9%
-	-	0.50	9.71	57.59	4.81	0.00
0	0	0.35	10.02	60.16	2.92	0.00
0	4	0.53	9.84	52.60	8.56	0.00
1	1	0.32	9.42	55.59	4.16	0.01
1	5	0.39	10.02	59.77	5.39	0.00
2	2	0.52	10.63	55.30	2.57	0.00
2	6	0.39	8.98	61.11	5.66	0.00
3	3	0.89	9.28	59.76	4.21	0.00
3	7	0.60	9.49	56.44	5.03	0.00
Core	CPU	C1%	C3%	C6%	C8%	C9%
-	-	0.23	3.98	56.04	16.69	0.01
0	0	0.56	3.68	51.84	17.80	0.01
0	4	0.45	3.68	56.09	17.61	0.00
1	1	0.18	3.71	58.22	15.93	0.00
1	5	0.19	4.23	54.38	15.21	0.00
2	2	0.08	3.41	60.31	15.14	0.00
2	6	0.10	4.46	51.49	18.75	0.03
3	3	0.13	3.92	56.61	21.82	0.00
3	7	0.15	4.75	59.32	11.27	0.00
Core	CPU	C1%	C3%	C6%	C8%	C9%
-	-	1.07	13.18	49.54	1.33	0.00
0	0	0.96	13.11	50.60	1.03	0.00
0	4	0.65	13.09	49.22	2.50	0.00
1	1	1.18	12.12	53.11	0.48	0.00
1	5	1.38	15.11	43.76	1.22	0.00
2	2	0.91	11.70	52.66	2.08	0.00
2	6	0.82	14.28	48.14	0.75	0.00
3	3	1.28	12.33	51.41	1.11	0.00
3	7	1.38	13.70	47.48	1.48	0.00
Core	CPU	C1%	C3%	C6%	C8%	C9%
-	-	0.95	12.67	51.90	1.74	0.00
0	0	1.06	12.20	50.55	2.88	0.00
0	4	1.06	12.79	52.83	0.59	0.00
1	1	0.75	12.67	53.91	1.89	0.00
1	5	1.18	14.16	49.46	0.81	0.00
2	2	0.72	11.41	56.30	2.56	0.00
2	6	1.01	12.99	48.44	1.01	0.00
3	3	0.87	12.55	51.32	1.71	0.00
3	7	0.93	12.55	52.35	2.46	0.00
Core	CPU	C1%	C3%	C6%	C8%	C9%
-	-	1.04	14.51	48.86	0.66	0.00
0	0	1.68	13.84	47.31	0.79	0.00
0	4	0.99	13.33	51.49	0.43	0.00
1	1	1.11	12.97	51.14	1.36	0.00
1	5	1.30	16.89	44.03	0.02	0.00
2	2	0.93	13.77	51.75	0.42	0.00
2	6	0.74	14.81	46.82	1.31	0.00
3	3	0.87	14.55	51.18	0.57	0.00
3	7	0.71	15.96	47.17	0.41	0.00
Core	CPU	C1%	C3%	C6%	C8%	C9%
-	-	1.07	14.89	49.34	1.18	0.00
0	0	0.93	14.47	49.62	1.07	0.00
0	4	0.72	14.62	49.13	0.59	0.00
1	1	1.14	13.79	53.54	0.98	0.00
1	5	1.13	17.11	44.83	0.83	0.00
2	2	1.27	12.98	51.33	1.60	0.00
2	6	1.23	15.16	48.01	1.30	0.00
3	3	1.32	15.63	50.03	1.55	0.00
3	7	0.86	15.33	48.16	1.49	0.00
Core	CPU	C1%	C3%	C6%	C8%	C9%
-	-	1.19	12.38	52.16	1.17	0.00
0	0	1.11	12.11	52.91	0.77	0.00
0	4	1.20	12.45	49.21	0.69	0.00
1	1	1.25	12.86	53.09	0.74	0.00
1	5	1.33	12.87	49.70	0.70	0.00
2	2	0.83	11.70	54.17	1.60	0.00
2	6	1.35	13.04	50.85	1.29	0.00
3	3	1.02	13.41	49.86	0.25	0.00
3	7	1.42	10.57	57.51	3.32	0.00
Core	CPU	C1%	C3%	C6%	C8%	C9%
-	-	0.75	11.83	53.04	2.21	0.00
0	0	0.69	12.68	49.14	0.87	0.01
0	4	0.80	11.20	55.80	2.84	0.00
1	1	0.59	11.61	52.46	2.88	0.00
1	5	0.62	11.86	54.11	0.96	0.00
2	2	0.60	11.60	52.51	4.32	0.00
2	6	0.83	12.02	53.50	1.64	0.00
3	3	0.80	10.80	53.76	2.83	0.00
3	7	1.05	12.89	53.07	1.39	0.00
Core	CPU	C1%	C3%	C6%	C8%	C9%
-	-	0.63	10.82	53.14	3.63	0.00
0	0	0.61	11.69	52.46	2.54	0.00
0	4	0.57	10.14	51.66	7.25	0.00
1	1	0.75	9.60	54.49	4.69	0.00
1	5	0.75	12.35	50.45	1.12	0.00
2	2	0.54	11.31	54.75	3.08	0.00
2	6	0.56	10.79	51.54	5.00	0.00
3	3	0.84	10.73	51.98	3.76	0.00
3	7	0.43	9.93	57.76	1.56	0.00
Core	CPU	C1%	C3%	C6%	C8%	C9%
-	-	1.02	12.42	50.11	3.08	0.02
0	0	0.85	12.42	51.67	4.68	0.00
0	4	0.88	12.40	50.77	2.63	0.00
1	1	0.89	11.55	50.40	1.11	0.00
1	5	1.29	12.86	46.44	4.67	0.00
2	2	0.71	12.76	52.88	3.00	0.00
2	6	1.37	12.40	47.93	3.38	0.00
3	3	1.15	12.33	49.85	3.02	0.15
3	7	1.01	12.68	50.96	2.18	0.00
Core	CPU	C1%	C3%	C6%	C8%	C9%
-	-	0.82	11.89	53.15	2.01	0.00
0	0	1.52	11.58	50.20	2.19	0.00
0	4	0.52	11.23	56.75	3.15	0.00
1	1	0.77	11.85	51.61	2.71	0.00
1	5	0.53	12.00	52.56	3.23	0.01
2	2	0.77	11.25	57.83	0.42	0.00
2	6	0.47	12.62	53.17	0.51	0.00
3	3	0.92	11.49	53.61	1.95	0.00
3	7	1.08	13.07	49.49	1.89	0.00
Core	CPU	C1%	C3%	C6%	C8%	C9%
-	-	0.99	10.68	52.11	3.18	0.00
0	0	0.86	10.97	51.33	3.94	0.00
0	4	1.20	11.81	51.32	1.40	0.00
1	1	0.95	11.10	52.46	2.00	0.00
1	5	1.37	11.50	49.36	5.01	0.00
2	2	0.78	10.43	53.99	2.17	0.00
2	6	0.71	9.59	52.05	4.10	0.00
3	3	0.97	10.28	51.89	3.33	0.00
3	7	1.08	9.76	54.48	3.47	0.00
Core	CPU	C1%	C3%	C6%	C8%	C9%
-	-	1.02	13.62	49.89	0.84	0.00
0	0	1.42	13.38	47.97	0.36	0.00
0	4	0.76	13.62	53.35	0.84	0.00
1	1	1.05	14.99	45.65	0.58	0.00
1	5	0.60	12.77	52.52	0.53	0.00
2	2	0.92	14.57	48.94	0.17	0.00
2	6	1.17	12.95	49.66	1.83	0.00
3	3	1.35	13.97	48.79	0.07	0.00
3	7	0.90	12.68	52.26	2.31	0.00
Core	CPU	C1%	C3%	C6%	C8%	C9%
-	-	1.06	14.67	47.80	1.01	0.00
0	0	1.00	16.84	44.66	1.35	0.00
0	4	0.89	14.69	48.99	1.08	0.00
1	1	0.77	14.12	46.41	0.21	0.00
1	5	1.45	14.49	51.27	0.34	0.00
2	2	1.00	15.00	47.98	1.10	0.00
2	6	1.24	14.99	47.47	0.55	0.00
3	3	0.89	13.63	49.18	2.06	0.00
3	7	1.24	13.61	46.46	1.38	0.00
