Core	CPU	C1%	C3%	C6%	C8%	C9%
-	-	0.09	1.84	10.41	12.55	0.00
0	0	0.01	0.45	10.79	2.38	0.00
0	4	0.00	0.00	0.80	0.30	0.00
1	1	0.00	0.09	6.28	80.76	0.00
1	5	0.24	10.91	44.93	1.09	0.00
2	2	0.23	3.18	14.69	1.38	0.00
2	6	0.18	0.10	1.26	1.09	0.00
3	3	0.00	0.00	1.65	11.08	0.00
3	7	0.07	0.03	2.92	2.41	0.00
Core	CPU	C1%	C3%	C6%	C8%	C9%
-	-	0.01	1.82	9.64	12.31	0.02
0	0	0.00	0.26	14.05	2.06	0.13
0	4	0.00	0.00	0.48	0.21	0.00
1	1	0.00	0.00	1.13	14.87	0.00
1	5	0.06	14.13	55.21	0.30	0.00
2	2	0.00	0.00	0.44	1.00	0.00
2	6	0.00	0.12	1.12	0.50	0.00
3	3	0.00	0.02	4.50	78.86	0.00
3	7	0.00	0.00	0.19	0.70	0.00
Core	CPU	C1%	C3%	C6%	C8%	C9%
-	-	0.00	0.45	8.15	13.68	3.26
0	0	0.02	2.97	53.54	13.80	0.00
0	4	0.00	0.00	0.52	0.31	26.08
1	1	0.00	0.01	5.53	92.88	0.00
1	5	0.00	0.00	0.29	0.79	0.00
2	2	0.00	0.00	0.37	0.79	0.00
2	6	0.00	0.08	1.39	0.88	0.00
3	3	0.01	0.58	3.07	0.00	0.00
3	7	0.00	0.00	0.50	0.00	0.00
Core	CPU	C1%	C3%	C6%	C8%	C9%
-	-	0.01	0.21	7.40	14.80	0.74
0	0	0.04	1.67	50.80	19.54	0.00
0	4	0.00	0.00	0.35	1.11	5.95
1	1	0.00	0.00	4.77	93.61	0.00
1	5	0.00	0.00	0.42	0.90	0.00
2	2	0.00	0.00	0.67	0.62	0.00
2	6	0.00	0.00	0.78	0.78	0.00
3	3	0.00	0.00	1.07	0.79	0.00
3	7	0.00	0.00	0.36	1.09	0.00
Core	CPU	C1%	C3%	C6%	C8%	C9%
-	-	0.00	0.39	7.05	14.96	1.12
0	0	0.02	3.11	47.93	20.34	0.00
0	4	0.00	0.00	0.66	1.07	5.51
1	1	0.00	0.00	5.36	90.65	0.00
1	5	0.00	0.00	0.49	0.99	0.00
2	2	0.00	0.00	0.54	3.94	0.00
2	6	0.00	0.00	0.63	0.70	0.00
3	3	0.00	0.02	0.29	0.80	0.00
3	7	0.00	0.02	0.48	1.18	3.48
Core	CPU	C1%	C3%	C6%	C8%	C9%
-	-	0.00	0.26	7.59	14.93	1.49
0	0	0.02	1.90	48.23	19.36	0.02
0	4	0.00	0.20	5.02	1.23	11.90
1	1	0.00	0.00	2.23	39.10	0.00
1	5	0.00	0.00	0.47	0.91	0.00
2	2	0.00	0.00	0.25	1.68	0.00
2	6	0.00	0.00	0.24	0.69	0.00
3	3	0.00	0.02	3.92	54.63	0.00
3	7	0.00	0.00	0.38	1.87	0.00
Core	CPU	C1%	C3%	C6%	C8%	C9%
-	-	0.05	1.46	9.52	16.37	0.12
0	0	0.03	0.59	15.37	3.56	0.03
0	4	0.01	0.00	1.10	2.57	0.00
1	1	0.00	0.01	7.51	91.00	0.00
1	5	0.00	0.03	1.93	0.50	0.00
2	2	0.14	0.00	0.31	1.79	0.00
2	6	0.00	0.01	0.46	1.09	0.90
3	3	0.19	10.85	48.57	1.05	0.00
3	7	0.01	0.15	0.86	29.42	0.00
Core	CPU	C1%	C3%	C6%	C8%	C9%
-	-	0.01	0.19	7.40	15.13	0.63
0	0	0.04	1.53	50.02	20.38	0.00
0	4	0.00	0.00	0.27	0.40	5.04
1	1	0.00	0.00	5.06	93.32	0.00
1	5	0.00	0.02	0.55	0.97	0.00
2	2	0.00	0.00	1.47	3.89	0.00
2	6	0.00	0.00	0.73	0.19	0.00
3	3	0.00	0.00	0.19	1.38	0.00
3	7	0.00	0.00	0.87	0.49	0.00
Core	CPU	C1%	C3%	C6%	C8%	C9%
-	-	0.00	0.18	7.22	15.62	0.52
0	0	0.03	1.44	48.76	21.68	0.00
0	4	0.00	0.00	0.82	0.39	3.88
1	1	0.00	0.00	5.45	92.88	0.00
1	5	0.00	0.00	0.63	1.10	0.00
2	2	0.00	0.00	0.73	5.74	0.29
2	6	0.00	0.00	0.70	1.50	0.00
3	3	0.00	0.02	0.29	0.80	0.00
3	7	0.00	0.00	0.36	0.89	0.00
Core	CPU	C1%	C3%	C6%	C8%	C9%
-	-	0.00	0.47	7.23	14.68	0.32
0	0	0.02	3.75	48.99	18.52	0.00
0	4	0.00	0.01	0.66	0.27	2.59
1	1	0.00	0.01	5.80	90.00	0.00
1	5	0.00	0.01	0.99	1.69	0.00
2	2	0.00	0.00	0.38	4.44	0.00
2	6	0.00	0.00	0.47	0.40	0.00
3	3	0.00	0.00	0.24	0.89	0.00
3	7	0.00	0.01	0.33	1.28	0.00
Core	CPU	C1%	C3%	C6%	C8%	C9%
-	-	0.00	0.22	7.35	14.48	0.94
0	0	0.03	1.73	50.32	19.85	0.00
0	4	0.00	0.00	1.02	0.31	7.56
1	1	0.00	0.01	5.72	92.63	0.00
1	5	0.00	0.00	0.64	0.30	0.00
2	2	0.00	0.02	0.19	0.69	0.00
2	6	0.00	0.00	0.07	0.60	0.00
3	3	0.00	0.00	0.19	0.79	0.00
3	7	0.00	0.00	0.66	0.69	0.00
Core	CPU	C1%	C3%	C6%	C8%	C9%
-	-	0.00	0.43	8.35	15.26	1.15
0	0	0.02	3.32	55.00	14.03	0.00
0	4	0.00	0.05	1.14	0.86	9.16
1	1	0.00	0.01	5.92	92.18	0.00
1	5	0.00	0.00	0.35	1.00	0.00
2	2	0.00	0.03	3.33	12.15	0.00
2	6	0.00	0.00	0.38	0.99	0.00
3	3	0.00	0.02	0.29	0.31	0.00
3	7	0.00	0.00	0.39	0.60	0.00
Core	CPU	C1%	C3%	C6%	C8%	C9%
-	-	0.01	0.02	6.64	15.66	0.00
0	0	0.04	0.18	44.21	26.95	0.00
0	4	0.00	0.00	1.18	0.30	0.00
1	1	0.00	0.00	0.98	11.72	0.00
1	5	0.00	0.00	0.19	1.00	0.00
2	2	0.00	0.00	0.38	1.58	0.00
2	6	0.00	0.00	0.27	1.28	0.00
3	3	0.00	0.00	5.67	81.43	0.00
3	7	0.00	0.00	0.22	0.99	0.00
Core	CPU	C1%	C3%	C6%	C8%	C9%
-	-	0.03	1.83	9.07	12.17	0.18
0	0	0.00	0.18	8.78	0.01	0.19
0	4	0.00	0.01	1.26	0.21	1.22
1	1	0.00	0.00	0.14	0.99	0.00
1	5	0.00	0.00	0.34	1.04	0.00
2	2	0.00	0.00	0.27	1.02	0.00
2	6	0.25	14.42	56.08	0.00	0.00
3	3	0.00	0.00	5.30	93.29	0.00
3	7	0.00	0.00	0.35	0.79	0.00
Core	CPU	C1%	C3%	C6%	C8%	C9%
-	-	0.01	0.56	7.70	13.63	4.30
0	0	0.02	4.37	53.40	13.44	0.00
0	4	0.00	0.01	0.72	0.41	34.42
1	1	0.00	0.00	0.29	0.89	0.00
1	5	0.00	0.00	0.33	0.72	0.00
2	2	0.00	0.00	0.24	0.99	0.00
2	6	0.00	0.03	0.99	0.39	0.00
3	3	0.00	0.03	5.22	90.53	0.00
3	7	0.02	0.00	0.38	1.68	0.00
Core	CPU	C1%	C3%	C6%	C8%	C9%
-	-	0.00	0.37	7.92	14.37	1.18
0	0	0.03	2.95	54.38	14.77	0.00
0	4	0.00	0.00	1.17	0.40	9.47
1	1	0.00	0.01	0.39	1.10	0.00
1	5	0.00	0.00	0.31	0.99	0.00
2	2	0.00	0.00	1.55	2.18	0.00
2	6	0.00	0.00	0.37	0.88	0.00
3	3	0.00	0.00	4.98	93.38	0.00
3	7	0.00	0.00	0.21	1.27	0.00
Core	CPU	C1%	C3%	C6%	C8%	C9%
-	-	0.00	0.52	8.08	14.52	3.75
0	0	0.02	4.08	55.34	12.94	0.00
0	4	0.00	0.04	1.34	0.78	29.21
1	1	0.00	0.00	1.85	5.16	0.00
1	5	0.00	0.00	0.17	1.09	0.00
2	2	0.00	0.02	0.39	0.90	0.00
2	6	0.00	0.00	0.10	0.99	0.00
3	3	0.00	0.00	5.16	93.22	0.00
3	7	0.00	0.00	0.31	1.09	0.79
Core	CPU	C1%	C3%	C6%	C8%	C9%
-	-	0.00	0.37	7.78	14.83	1.72
0	0	0.03	2.89	54.18	15.10	0.00
0	4	0.00	0.06	0.72	0.81	13.75
1	1	0.00	0.02	0.57	10.90	0.00
1	5	0.00	0.00	0.48	1.29	0.00
2	2	0.00	0.00	0.25	1.09	0.00
2	6	0.00	0.00	0.33	1.29	0.00
3	3	0.00	0.01	5.24	87.45	0.00
3	7	0.00	0.02	0.49	0.69	0.00
Core	CPU	C1%	C3%	C6%	C8%	C9%
-	-	0.00	0.36	8.00	13.90	5.95
0	0	0.03	2.83	55.23	14.12	0.00
0	4	0.00	0.01	0.98	0.30	47.58
1	1	0.00	0.01	5.62	92.81	0.00
1	5	0.00	0.00	0.35	1.01	0.00
2	2	0.00	0.00	0.15	0.99	0.00
2	6	0.00	0.00	0.52	0.59	0.00
3	3	0.00	0.02	0.30	0.79	0.00
3	7	0.00	0.00	0.87	0.60	0.00
Core	CPU	C1%	C3%	C6%	C8%	C9%
-	-	0.01	0.31	6.91	14.86	0.00
0	0	0.05	2.46	45.32	23.06	0.00
0	4	0.00	0.03	1.53	0.00	0.00
1	1	0.00	0.00	5.01	90.67	0.00
1	5	0.00	0.00	0.24	1.79	0.00
2	2	0.00	0.00	0.72	2.00	0.00
2	6	0.00	0.00	0.45	0.69	0.00
3	3	0.00	0.02	1.14	0.40	0.00
3	7	0.00	0.01	0.89	0.29	0.00
Core	CPU	C1%	C3%	C6%	C8%	C9%
-	-	0.00	0.22	7.32	14.64	4.81
0	0	0.03	1.74	49.48	20.73	0.00
0	4	0.00	0.02	0.79	0.00	38.47
1	1	0.00	0.00	6.28	92.08	0.00
1	5	0.00	0.00	0.33	0.90	0.00
2	2	0.00	0.00	0.36	0.79	0.00
2	6	0.00	0.00	0.25	0.79	0.00
3	3	0.00	0.02	0.82	0.90	0.00
3	7	0.00	0.00	0.30	0.89	0.00
Core	CPU	C1%	C3%	C6%	C8%	C9%
-	-	0.01	0.17	6.84	15.35	0.15
0	0	0.05	1.31	44.83	25.78	0.00
0	4	0.00	0.00	0.83	0.79	1.20
1	1	0.00	0.00	6.51	91.68	0.00
1	5	0.00	0.02	0.88	0.30	0.00
2	2	0.00	0.00	0.39	0.99	0.00
2	6	0.00	0.00	0.36	0.89	0.00
3	3	0.00	0.02	0.67	1.18	0.00
3	7	0.00	0.00	0.25	1.18	0.00
Core	CPU	C1%	C3%	C6%	C8%	C9%
-	-	0.01	0.08	6.71	15.32	0.47
0	0	0.05	0.56	45.27	25.93	0.00
0	4	0.00	0.00	0.60	0.38	3.74
1	1	0.00	0.01	5.28	92.97	0.00
1	5	0.00	0.00	0.35	0.80	0.00
2	2	0.00	0.00	0.72	0.40	0.00
2	6	0.00	0.02	0.70	0.00	0.00
3	3	0.00	0.02	0.41	1.26	0.00
3	7	0.00	0.00	0.37	0.79	0.00
Core	CPU	C1%	C3%	C6%	C8%	C9%
-	-	0.01	0.05	6.72	16.12	0.00
0	0	0.05	0.38	45.09	26.31	0.00
0	4	0.00	0.02	0.60	0.00	0.00
1	1	0.00	0.00	1.88	36.31	0.00
1	5	0.00	0.00	0.53	1.80	0.00
2	2	0.00	0.00	0.77	2.61	0.00
2	6	0.00	0.00	0.52	2.17	0.00
3	3	0.00	0.03	4.16	58.71	0.00
3	7	0.00	0.00	0.19	1.04	0.00
Core	CPU	C1%	C3%	C6%	C8%	C9%
-	-	0.00	0.49	7.52	13.77	0.69
0	0	0.03	3.87	50.96	16.60	0.84
0	4	0.00	0.00	0.70	0.00	4.65
1	1	0.00	0.00	4.54	57.26	0.00
1	5	0.00	0.02	0.80	0.30	0.00
2	2	0.00	0.00	0.10	0.89	0.00
2	6	0.00	0.00	0.19	0.89	0.00
3	3	0.00	0.00	2.44	33.95	0.00
3	7	0.00	0.00	0.42	0.30	0.00
Core	CPU	C1%	C3%	C6%	C8%	C9%
-	-	0.05	0.15	7.49	15.66	0.00
0	0	0.04	1.17	49.54	21.96	0.00
0	4	0.00	0.00	2.12	0.37	0.00
1	1	0.00	0.00	5.15	93.27	0.00
1	5	0.00	0.03	0.88	0.89	0.00
2	2	0.17	0.00	0.69	5.53	0.00
2	6	0.00	0.00	0.38	0.50	0.00
3	3	0.00	0.00	0.49	1.59	0.00
3	7	0.21	0.00	0.64	1.19	0.00
Core	CPU	C1%	C3%	C6%	C8%	C9%
-	-	0.00	0.18	6.94	15.97	0.00
0	0	0.04	1.40	45.65	24.91	0.00
0	4	0.00	0.00	0.93	0.31	0.00
1	1	0.00	0.01	6.73	91.55	0.00
1	5	0.00	0.00	0.60	0.89	0.00
2	2	0.00	0.00	0.42	6.74	0.00
2	6	0.00	0.00	0.32	0.99	0.00
3	3	0.00	0.01	0.41	1.29	0.00
3	7	0.00	0.02	0.45	1.08	0.00
Core	CPU	C1%	C3%	C6%	C8%	C9%
-	-	0.01	0.03	6.66	16.18	0.06
0	0	0.04	0.16	44.11	27.49	0.00
0	4	0.00	0.02	0.68	0.00	0.00
1	1	0.00	0.00	4.93	93.37	0.00
1	5	0.00	0.00	0.27	0.89	0.00
2	2	0.00	0.00	0.92	5.78	0.49
2	6	0.00	0.00	0.36	0.59	0.00
3	3	0.00	0.03	1.33	0.89	0.00
3	7	0.00	0.00	0.70	0.40	0.00
Core	CPU	C1%	C3%	C6%	C8%	C9%
-	-	0.01	0.19	7.34	19.17	0.44
0	0	0.04	1.29	50.03	21.34	0.00
0	4	0.00	0.00	1.05	0.00	3.49
1	1	0.00	0.00	5.17	93.21	0.00
1	5	0.00	0.00	0.32	0.99	0.00
2	2	0.00	0.00	0.20	6.58	0.00
2	6	0.00	0.00	0.29	1.19	0.00
3	3	0.00	0.05	0.75	0.79	0.00
3	7	0.01	0.17	0.94	29.30	0.00
Core	CPU	C1%	C3%	C6%	C8%	C9%
-	-	0.00	0.30	6.59	14.97	0.00
0	0	0.04	2.41	44.76	23.94	0.00
0	4	0.00	0.00	0.77	0.30	0.00
1	1	0.00	0.00	4.67	77.81	0.00
1	5	0.00	0.00	0.22	0.80	0.00
2	2	0.00	0.00	0.20	2.26	0.00
2	6	0.00	0.00	0.10	0.89	0.00
3	3	0.00	0.01	1.26	13.46	0.00
3	7	0.00	0.00	0.75	0.30	0.00
Core	CPU	C1%	C3%	C6%	C8%	C9%
-	-	0.01	0.07	6.84	15.91	4.69
0	0	0.05	0.51	46.71	24.67	0.00
0	4	0.00	0.00	0.29	0.59	37.49
1	1	0.00	0.01	5.41	92.88	0.00
1	5	0.00	0.00	0.19	0.50	0.01
2	2	0.00	0.00	0.50	6.73	0.00
2	6	0.00	0.00	0.57	0.83	0.00
3	3	0.00	0.00	0.80	0.31	0.00
3	7	0.00	0.00	0.29	0.79	0.00
Core	CPU	C1%	C3%	C6%	C8%	C9%
-	-	0.01	0.20	6.99	15.29	0.04
0	0	0.04	1.60	46.47	23.90	0.00
0	4	0.00	0.00	0.60	0.21	0.29
1	1	0.00	0.00	3.74	65.32	0.00
1	5	0.00	0.00	0.86	1.39	0.00
2	2	0.00	0.02	0.46	2.66	0.00
2	6	0.00	0.00	0.36	0.79	0.00
3	3	0.00	0.00	2.63	27.92	0.00
3	7	0.00	0.01	0.84	0.10	0.00
Core	CPU	C1%	C3%	C6%	C8%	C9%
-	-	0.01	0.07	6.76	15.32	0.00
0	0	0.05	0.53	44.94	26.29	0.00
0	4	0.00	0.02	0.79	0.00	0.00
1	1	0.00	0.00	5.70	80.07	0.00
1	5	0.00	0.00	0.31	1.29	0.00
2	2	0.00	0.00	0.36	0.69	0.00
2	6	0.00	0.00	0.15	0.99	0.00
3	3	0.00	0.00	1.16	12.90	0.00
3	7	0.00	0.00	0.69	0.30	0.00
Core	CPU	C1%	C3%	C6%	C8%	C9%
-	-	0.00	0.23	7.51	14.47	3.12
0	0	0.04	1.85	51.37	18.87	0.00
0	4	0.00	0.00	0.72	0.11	23.99
1	1	0.00	0.02	5.74	92.64	0.00
1	5	0.00	0.00	0.21	0.89	1.01
2	2	0.00	0.00	0.87	0.69	0.00
2	6	0.00	0.00	0.37	0.79	0.00
3	3	0.00	0.00	0.56	0.80	0.00
3	7	0.00	0.00	0.23	0.99	0.00
Core	CPU	C1%	C3%	C6%	C8%	C9%
-	-	0.01	0.41	7.13	14.32	4.42
0	0	0.04	3.21	47.89	19.92	0.00
0	4	0.00	0.00	0.65	0.51	35.36
1	1	0.00	0.01	6.83	88.99	0.00
1	5	0.00	0.00	0.32	1.39	0.00
2	2	0.00	0.01	0.29	0.80	0.00
2	6	0.00	0.00	0.20	1.19	0.00
3	3	0.00	0.00	0.49	1.10	0.00
3	7	0.00	0.00	0.35	0.69	0.00
Core	CPU	C1%	C3%	C6%	C8%	C9%
-	-	0.01	0.22	7.30	14.86	1.14
0	0	0.04	1.73	49.24	20.99	0.00
0	4	0.00	0.00	0.82	0.11	9.09
1	1	0.00	0.00	6.27	92.08	0.00
1	5	0.00	0.02	0.37	0.99	0.00
2	2	0.00	0.02	0.58	1.79	0.00
2	6	0.00	0.00	0.29	1.09	0.00
3	3	0.00	0.00	0.51	1.16	0.00
3	7	0.00	0.00	0.37	0.69	0.00
Core	CPU	C1%	C3%	C6%	C8%	C9%
-	-	0.00	0.51	8.02	14.39	1.63
0	0	0.03	4.06	55.67	12.65	0.00
0	4	0.00	0.00	1.04	0.01	13.03
1	1	0.00	0.00	0.48	4.28	0.00
1	5	0.00	0.00	0.27	0.89	0.00
2	2	0.00	0.00	0.15	1.09	0.00
2	6	0.00	0.00	0.37	2.06	0.00
3	3	0.00	0.01	5.69	92.66	0.00
3	7	0.00	0.00	0.49	1.47	0.00
Core	CPU	C1%	C3%	C6%	C8%	C9%
-	-	0.00	0.13	6.76	15.35	2.57
0	0	0.04	0.99	46.85	23.97	0.00
0	4	0.00	0.00	0.52	0.30	20.57
1	1	0.00	0.01	3.46	62.34	0.00
1	5	0.00	0.00	0.28	0.99	0.00
2	2	0.00	0.00	0.18	0.89	0.00
2	6	0.00	0.00	0.46	0.60	0.00
3	3	0.00	0.01	2.13	33.05	0.00
3	7	0.00	0.00	0.23	0.69	0.00
Core	CPU	C1%	C3%	C6%	C8%	C9%
-	-	0.01	0.06	6.77	15.43	0.00
0	0	0.06	0.43	44.44	26.86	0.00
0	4	0.00	0.00	1.05	0.10	0.00
1	1	0.00	0.00	4.27	66.13	0.00
1	5	0.00	0.00	0.23	0.89	0.00
2	2	0.00	0.00	0.10	0.70	0.00
2	6	0.00	0.00	0.39	0.49	0.00
3	3	0.00	0.02	3.36	27.21	0.00
3	7	0.00	0.00	0.34	1.09	0.00
Core	CPU	C1%	C3%	C6%	C8%	C9%
-	-	0.01	0.52	7.83	13.66	3.41
0	0	0.04	4.12	50.90	16.24	0.00
0	4	0.00	0.00	0.58	0.50	27.23
1	1	0.00	0.00	2.69	32.88	0.00
1	5	0.00	0.00	0.61	0.50	0.00
2	2	0.00	0.00	1.06	1.29	0.00
2	6	0.00	0.00	0.32	0.89	0.00
3	3	0.00	0.04	6.22	56.30	0.00
3	7	0.00	0.00	0.29	0.69	0.06
Core	CPU	C1%	C3%	C6%	C8%	C9%
-	-	0.00	0.30	8.56	15.87	0.17
0	0	0.03	2.33	54.56	15.39	0.00
0	4	0.00	0.00	0.62	0.40	1.38
1	1	0.00	0.02	4.45	65.99	0.00
1	5	0.00	0.00	0.20	1.09	0.00
2	2	0.00	0.00	5.91	14.68	0.00
2	6	0.00	0.00	0.28	1.08	0.00
3	3	0.00	0.00	2.25	27.17	0.00
3	7	0.00	0.04	0.20	1.18	0.00
Core	CPU	C1%	C3%	C6%	C8%	C9%
-	-	0.01	0.12	6.51	16.15	0.00
0	0	0.05	0.96	43.79	27.07	0.00
0	4	0.00	0.00	0.72	0.09	0.00
1	1	0.00	0.02	5.09	93.21	0.00
1	5	0.00	0.00	0.34	0.30	0.00
2	2	0.00	0.00	0.68	5.97	0.00
2	6	0.00	0.00	0.19	0.99	0.00
3	3	0.00	0.00	0.49	1.09	0.00
3	7	0.00	0.00	0.75	0.49	0.00
Core	CPU	C1%	C3%	C6%	C8%	C9%
-	-	0.01	0.12	6.91	16.06	0.27
0	0	0.05	0.91	46.99	23.92	0.00
0	4	0.00	0.00	0.87	1.18	2.20
1	1	0.00	0.01	5.02	93.32	0.00
1	5	0.00	0.00	0.38	0.89	0.00
2	2	0.00	0.00	0.49	6.86	0.00
2	6	0.00	0.02	0.59	0.49	0.00
3	3	0.00	0.02	0.55	1.09	0.00
3	7	0.00	0.00	0.37	0.69	0.00
Core	CPU	C1%	C3%	C6%	C8%	C9%
-	-	0.02	0.21	7.41	15.05	1.55
0	0	0.17	1.62	49.89	20.37	0.00
0	4	0.00	0.00	0.67	0.21	12.42
1	1	0.00	0.00	2.65	45.42	0.00
1	5	0.00	0.00	0.36	0.79	0.00
2	2	0.00	0.00	1.22	3.18	0.00
2	6	0.00	0.02	0.89	0.30	0.00
3	3	0.00	0.01	3.29	49.14	0.00
3	7	0.00	0.00	0.28	0.98	0.00
Core	CPU	C1%	C3%	C6%	C8%	C9%
-	-	0.01	0.29	6.71	14.93	0.00
0	0	0.04	2.26	43.44	25.32	0.00
0	4	0.00	0.02	0.77	0.62	0.00
1	1	0.00	0.00	4.56	55.78	0.00
1	5	0.00	0.00	0.37	1.09	0.00
2	2	0.00	0.00	0.73	0.41	0.00
2	6	0.00	0.00	0.43	0.99	0.00
3	3	0.00	0.03	2.90	34.03	0.00
3	7	0.00	0.00	0.47	1.19	0.00
Core	CPU	C1%	C3%	C6%	C8%	C9%
-	-	0.00	0.11	7.43	15.21	0.00
0	0	0.03	0.69	41.95	22.82	0.02
0	4	0.00	0.12	8.29	1.88	0.00
1	1	0.00	0.02	0.19	2.96	0.00
1	5	0.00	0.05	2.92	28.89	0.00
2	2	0.00	0.00	0.48	0.69	0.00
2	6	0.00	0.00	0.28	0.79	0.00
3	3	0.00	0.01	5.08	62.55	0.00
3	7	0.00	0.00	0.24	1.08	0.00
Core	CPU	C1%	C3%	C6%	C8%	C9%
-	-	0.00	0.34	9.10	14.84	0.04
0	0	0.02	2.21	34.00	14.48	0.12
0	4	0.00	0.33	27.45	6.18	0.00
1	1	0.00	0.00	0.53	3.09	0.20
1	5	0.00	0.05	8.60	89.52	0.00
2	2	0.00	0.13	0.33	1.38	0.00
2	6	0.00	0.00	0.71	1.39	0.00
3	3	0.00	0.01	0.70	1.10	0.00
3	7	0.00	0.00	0.46	1.58	0.00
Core	CPU	C1%	C3%	C6%	C8%	C9%
-	-	0.01	0.09	6.85	15.25	0.00
0	0	0.04	0.61	44.75	26.40	0.00
0	4	0.00	0.00	0.38	0.41	0.00
1	1	0.00	0.00	0.19	0.99	0.00
1	5	0.00	0.03	5.40	77.43	0.00
2	2	0.00	0.00	0.80	1.29	0.00
2	6	0.00	0.00	0.23	0.59	0.00
3	3	0.00	0.08	2.62	14.19	0.00
3	7	0.00	0.00	0.44	0.69	0.00
Core	CPU	C1%	C3%	C6%	C8%	C9%
-	-	0.01	0.18	7.18	15.47	0.83
0	0	0.05	1.41	49.46	21.12	0.00
0	4	0.00	0.00	1.32	0.30	6.63
1	1	0.00	0.00	0.53	3.76	0.00
1	5	0.00	0.02	0.39	1.28	0.00
2	2	0.00	0.00	0.20	1.39	0.00
2	6	0.00	0.00	0.28	1.29	0.00
3	3	0.00	0.01	5.01	93.25	0.00
3	7	0.00	0.00	0.24	1.38	0.00
Core	CPU	C1%	C3%	C6%	C8%	C9%
-	-	0.00	0.49	7.69	13.84	1.07
0	0	0.02	3.81	51.83	15.64	0.00
0	4	0.00	0.00	0.66	0.40	8.33
1	1	0.00	0.00	0.45	2.42	0.20
1	5	0.00	0.05	4.56	56.62	0.00
2	2	0.00	0.00	0.41	1.01	0.00
2	6	0.00	0.00	0.19	1.00	0.00
3	3	0.00	0.02	3.03	32.87	0.00
3	7	0.01	0.00	0.38	0.78	0.00
Core	CPU	C1%	C3%	C6%	C8%	C9%
-	-	0.02	0.99	8.70	17.48	0.00
0	0	0.02	0.41	28.80	14.43	0.00
0	4	0.00	0.03	0.84	0.30	0.00
1	1	0.12	7.31	30.59	1.85	0.00
1	5	0.00	0.00	7.27	91.16	0.00
2	2	0.00	0.00	0.37	0.99	0.00
2	6	0.00	0.00	0.35	0.70	0.00
3	3	0.00	0.04	0.62	1.08	0.00
3	7	0.01	0.13	0.78	29.36	0.00
Core	CPU	C1%	C3%	C6%	C8%	C9%
-	-	0.03	1.86	10.09	12.16	0.00
0	0	0.00	0.14	11.68	1.96	0.00
0	4	0.00	0.04	2.71	2.06	0.00
1	1	0.21	14.56	54.72	0.00	0.00
1	5	0.00	0.09	8.53	89.78	0.00
2	2	0.00	0.00	0.69	1.00	0.00
2	6	0.00	0.00	0.28	1.29	0.00
3	3	0.00	0.01	1.17	0.40	0.00
3	7	0.00	0.02	0.90	0.79	0.00
Core	CPU	C1%	C3%	C6%	C8%	C9%
-	-	0.03	1.85	9.44	12.20	0.00
0	0	0.00	0.04	10.55	0.55	0.00
0	4	0.00	0.00	0.29	0.21	0.00
1	1	0.24	14.72	55.71	0.00	0.00
1	5	0.00	0.00	6.88	91.64	0.00
2	2	0.00	0.00	0.63	1.00	0.00
2	6	0.00	0.00	0.32	1.40	0.00
3	3	0.00	0.02	0.70	1.40	0.00
3	7	0.00	0.00	0.47	1.40	0.00
Core	CPU	C1%	C3%	C6%	C8%	C9%
-	-	0.04	0.50	8.87	13.68	4.72
0	0	0.02	3.72	59.70	9.59	0.00
0	4	0.00	0.01	1.14	1.08	37.75
1	1	0.05	0.25	1.54	0.79	0.00
1	5	0.00	0.00	3.85	44.21	0.00
2	2	0.14	0.00	0.49	1.09	0.00
2	6	0.00	0.00	0.36	1.19	0.00
3	3	0.00	0.02	3.37	49.95	0.00
3	7	0.10	0.00	0.53	1.53	0.00
Core	CPU	C1%	C3%	C6%	C8%	C9%
-	-	0.01	0.82	8.13	13.15	1.36
0	0	0.02	4.62	49.10	10.41	0.00
0	4	0.00	0.00	1.01	0.00	10.83
1	1	0.00	0.00	0.73	2.70	0.00
1	5	0.00	0.00	0.84	12.62	0.00
2	2	0.00	0.00	0.19	1.09	0.00
2	6	0.00	0.00	0.28	0.79	0.00
3	3	0.03	1.94	12.47	77.31	0.00
3	7	0.01	0.00	0.45	0.29	0.05
Core	CPU	C1%	C3%	C6%	C8%	C9%
-	-	0.03	1.79	9.21	12.41	0.02
0	0	0.02	0.13	6.81	2.04	0.18
0	4	0.00	0.00	0.74	1.19	0.00
1	1	0.00	0.00	0.48	0.68	0.00
1	5	0.00	0.05	6.04	75.81	0.00
2	2	0.00	0.00	1.23	1.60	0.00
2	6	0.00	0.01	1.40	17.04	0.00
3	3	0.25	14.16	56.51	0.00	0.00
3	7	0.00	0.00	0.48	0.88	0.00
Core	CPU	C1%	C3%	C6%	C8%	C9%
-	-	0.02	0.90	8.26	14.14	0.35
0	0	0.02	0.74	30.07	13.04	0.12
0	4	0.00	0.07	1.66	0.82	1.79
1	1	0.00	0.00	1.78	1.19	0.00
1	5	0.00	0.00	0.35	1.10	0.90
2	2	0.00	0.00	0.52	1.88	0.00
2	6	0.00	0.00	5.03	93.44	0.00
3	3	0.08	6.39	26.37	0.70	0.00
3	7	0.05	0.01	0.27	0.92	0.00
Core	CPU	C1%	C3%	C6%	C8%	C9%
-	-	0.01	0.08	6.95	15.91	0.00
0	0	0.04	0.61	46.49	24.81	0.00
0	4	0.00	0.01	0.96	0.49	0.00
1	1	0.00	0.00	0.24	5.60	0.00
1	5	0.00	0.00	0.31	1.18	0.00
2	2	0.00	0.00	0.39	0.60	0.00
2	6	0.00	0.00	5.26	93.05	0.00
3	3	0.00	0.00	0.96	0.40	0.00
3	7	0.00	0.00	1.04	1.19	0.00
Core	CPU	C1%	C3%	C6%	C8%	C9%
-	-	0.00	0.13	6.89	15.72	0.00
0	0	0.04	1.02	47.39	23.47	0.00
0	4	0.00	0.03	0.96	0.88	0.00
1	1	0.00	0.00	0.32	5.53	0.00
1	5	0.00	0.00	0.13	0.80	0.00
2	2	0.00	0.00	0.19	0.80	0.00
2	6	0.00	0.00	5.61	92.70	0.00
3	3	0.00	0.00	0.28	0.88	0.00
3	7	0.00	0.00	0.25	0.69	0.00
Core	CPU	C1%	C3%	C6%	C8%	C9%
-	-	0.00	0.49	8.30	15.08	4.00
0	0	0.03	3.89	54.05	13.26	0.00
0	4	0.00	0.02	0.94	1.09	32.03
1	1	0.00	0.00	3.92	12.18	0.00
1	5	0.00	0.00	0.47	0.99	0.00
2	2	0.00	0.01	1.11	0.99	0.00
2	6	0.00	0.02	5.32	90.33	0.00
3	3	0.00	0.00	0.19	0.99	0.00
3	7	0.00	0.00	0.37	0.80	0.00
Core	CPU	C1%	C3%	C6%	C8%	C9%
-	-	0.01	0.10	6.79	15.48	0.00
0	0	0.04	0.70	46.25	24.87	0.00
0	4	0.00	0.02	1.08	0.40	0.00
1	1	0.00	0.00	0.19	1.90	0.00
1	5	0.00	0.02	1.31	17.82	0.00
2	2	0.00	0.00	0.55	0.79	0.00
2	6	0.00	0.00	4.38	76.35	0.00
3	3	0.00	0.02	0.29	0.80	0.00
3	7	0.00	0.00	0.29	0.88	0.00
Core	CPU	C1%	C3%	C6%	C8%	C9%
-	-	0.00	0.33	7.81	15.10	0.89
0	0	0.03	2.59	50.39	19.15	0.00
0	4	0.00	0.05	1.08	0.53	7.09
1	1	0.00	0.00	2.26	6.65	0.00
1	5	0.00	0.00	0.38	0.79	0.00
2	2	0.00	0.00	0.37	1.08	0.00
2	6	0.00	0.02	6.31	92.02	0.00
3	3	0.00	0.00	0.81	0.20	0.00
3	7	0.00	0.02	0.85	0.40	0.00
Core	CPU	C1%	C3%	C6%	C8%	C9%
-	-	0.01	0.28	7.17	15.50	0.00
0	0	0.04	0.19	39.95	23.62	0.00
0	4	0.00	0.00	1.16	0.30	0.00
1	1	0.02	2.03	8.52	4.67	0.00
1	5	0.00	0.01	0.39	1.18	0.00
2	2	0.00	0.00	0.10	0.99	0.00
2	6	0.00	0.00	6.31	92.01	0.00
3	3	0.00	0.00	0.28	0.69	0.00
3	7	0.00	0.01	0.64	0.49	0.00
Core	CPU	C1%	C3%	C6%	C8%	C9%
-	-	0.04	1.82	9.20	12.32	0.02
0	0	0.00	0.08	9.08	1.77	0.17
0	4	0.00	0.04	0.87	0.50	0.00
1	1	0.27	14.40	56.45	0.00	0.00
1	5	0.00	0.00	0.65	0.40	0.00
2	2	0.06	0.00	0.73	1.00	0.00
2	6	0.00	0.02	5.01	93.58	0.00
3	3	0.00	0.00	0.19	1.00	0.00
3	7	0.00	0.00	0.59	0.30	0.00
Core	CPU	C1%	C3%	C6%	C8%	C9%
-	-	0.00	0.50	7.67	14.40	3.19
0	0	0.03	3.96	50.82	16.59	0.00
0	4	0.00	0.04	2.02	0.00	23.19
1	1	0.00	0.00	0.89	3.86	0.00
1	5	0.00	0.00	0.39	0.60	0.00
2	2	0.00	0.00	0.80	1.98	0.00
2	6	0.00	0.00	5.28	90.53	0.00
3	3	0.00	0.00	0.35	0.98	0.00
3	7	0.00	0.02	0.77	0.69	2.31
Core	CPU	C1%	C3%	C6%	C8%	C9%
-	-	0.02	1.48	8.94	12.57	1.18
0	0	0.00	1.50	22.42	3.11	0.00
0	4	0.00	0.04	1.10	0.10	9.41
1	1	0.00	0.00	0.44	2.46	0.00
1	5	0.00	0.02	4.42	66.03	0.00
2	2	0.00	0.01	0.29	0.41	0.00
2	6	0.19	10.29	41.92	26.39	0.00
3	3	0.00	0.00	0.47	1.09	0.00
3	7	0.00	0.00	0.46	0.99	0.00
Core	CPU	C1%	C3%	C6%	C8%	C9%
-	-	0.04	1.83	9.16	12.02	0.02
0	0	0.00	0.03	7.50	1.65	0.13
0	4	0.00	0.02	1.12	0.21	0.00
1	1	0.00	0.00	0.39	0.79	0.00
1	5	0.00	0.01	7.18	91.43	0.00
2	2	0.00	0.00	0.24	0.71	0.00
2	6	0.31	14.34	55.95	0.00	0.00
3	3	0.00	0.20	0.35	0.41	0.00
3	7	0.00	0.00	0.56	0.99	0.00
Core	CPU	C1%	C3%	C6%	C8%	C9%
-	-	0.03	1.83	13.09	7.27	0.00
0	0	0.00	0.14	42.45	16.10	0.00
0	4	0.00	0.06	0.95	0.19	0.00
1	1	0.00	0.02	0.29	0.80	0.00
1	5	0.00	0.02	3.26	39.45	0.00
2	2	0.00	0.01	0.87	0.70	0.00
2	6	0.25	14.37	56.32	0.00	0.00
3	3	0.00	0.00	0.45	0.20	0.00
3	7	0.00	0.00	0.14	0.69	0.00
Core	CPU	C1%	C3%	C6%	C8%	C9%
-	-	0.00	0.43	8.60	13.79	2.05
0	0	0.03	3.30	57.17	11.84	0.00
0	4	0.00	0.05	1.33	0.20	16.11
1	1	0.00	0.00	0.27	4.67	0.32
1	5	0.00	0.10	7.71	90.58	0.00
2	2	0.00	0.00	0.53	0.69	0.00
2	6	0.00	0.00	0.99	0.52	0.00
3	3	0.00	0.00	0.30	0.99	0.00
3	7	0.00	0.00	0.47	0.79	0.00
Core	CPU	C1%	C3%	C6%	C8%	C9%
-	-	0.05	1.91	9.25	11.75	0.00
0	0	0.01	0.10	9.18	1.70	0.01
0	4	0.06	0.03	1.39	0.40	0.00
1	1	0.00	0.00	0.19	1.00	0.00
1	5	0.00	0.07	7.08	88.77	0.00
2	2	0.00	0.00	0.35	0.90	0.00
2	6	0.30	15.09	54.74	0.00	0.00
3	3	0.00	0.00	0.62	0.50	0.00
3	7	0.00	0.00	0.48	0.70	0.00
Core	CPU	C1%	C3%	C6%	C8%	C9%
-	-	0.04	1.83	9.54	12.13	0.00
0	0	0.01	0.06	11.26	0.94	0.02
0	4	0.00	0.01	1.27	0.29	0.00
1	1	0.00	0.00	0.32	0.90	0.00
1	5	0.00	0.07	6.04	92.53	0.00
2	2	0.00	0.02	0.29	0.91	0.00
2	6	0.32	14.50	56.42	0.00	0.00
3	3	0.00	0.00	0.46	0.79	0.00
3	7	0.00	0.00	0.23	0.70	0.00
Core	CPU	C1%	C3%	C6%	C8%	C9%
-	-	0.03	1.90	9.08	12.26	0.13
0	0	0.00	0.10	7.67	2.03	0.13
0	4	0.00	0.00	0.87	0.50	0.00
1	1	0.00	0.00	0.36	0.70	0.00
1	5	0.00	0.05	6.16	92.40	0.00
2	2	0.00	0.00	1.17	0.93	0.00
2	6	0.24	15.04	55.84	0.00	0.00
3	3	0.00	0.00	0.09	1.00	0.00
3	7	0.00	0.00	0.46	0.49	0.90
Core	CPU	C1%	C3%	C6%	C8%	C9%
-	-	0.01	0.35	7.77	15.58	1.77
0	0	0.04	1.77	49.09	18.13	0.00
0	4	0.00	0.03	1.14	0.40	11.47
1	1	0.00	0.02	0.76	8.26	2.69
1	5	0.00	0.04	5.50	92.79	0.00
2	2	0.01	0.89	4.07	0.79	0.00
2	6	0.00	0.00	0.76	0.29	0.00
3	3	0.00	0.00	0.25	0.49	0.00
3	7	0.00	0.04	0.60	3.52	0.00
Core	CPU	C1%	C3%	C6%	C8%	C9%
-	-	0.00	0.31	8.93	17.45	1.91
0	0	0.02	2.23	50.97	12.71	0.02
0	4	0.00	0.09	9.19	3.00	15.18
1	1	0.00	0.00	1.13	6.56	0.11
1	5	0.00	0.03	6.99	90.53	0.00
2	2	0.00	0.00	1.10	0.60	0.00
2	6	0.00	0.00	0.39	1.00	0.00
3	3	0.00	0.00	0.29	0.88	0.00
3	7	0.01	0.15	1.39	24.31	0.00
Core	CPU	C1%	C3%	C6%	C8%	C9%
-	-	0.02	1.83	8.88	12.21	0.02
0	0	0.00	0.26	8.25	4.12	0.14
0	4	0.00	0.05	0.92	0.79	0.00
1	1	0.00	0.00	0.19	0.88	0.00
1	5	0.00	0.03	5.65	90.26	0.00
2	2	0.15	14.29	54.26	0.00	0.00
2	6	0.00	0.00	0.73	0.01	0.00
3	3	0.00	0.01	0.29	0.90	0.00
3	7	0.02	0.00	0.78	0.70	0.00
Core	CPU	C1%	C3%	C6%	C8%	C9%
-	-	0.03	1.56	9.47	13.03	0.02
0	0	0.01	0.35	19.39	3.76	0.16
0	4	0.00	0.04	0.70	1.40	0.00
1	1	0.00	0.02	1.33	2.09	0.00
1	5	0.00	0.02	5.27	92.80	0.00
2	2	0.23	12.01	47.76	0.70	0.00
2	6	0.00	0.00	0.44	1.11	0.00
3	3	0.00	0.00	0.45	0.79	0.00
3	7	0.00	0.02	0.42	1.61	0.00
Core	CPU	C1%	C3%	C6%	C8%	C9%
-	-	0.00	0.34	7.21	14.63	1.54
0	0	0.03	2.71	50.70	18.69	0.00
0	4	0.00	0.02	0.61	0.97	12.35
1	1	0.00	0.00	0.45	0.40	0.00
1	5	0.00	0.00	1.79	29.68	0.00
2	2	0.00	0.00	0.38	0.90	0.00
2	6	0.00	0.00	3.22	64.80	0.00
3	3	0.00	0.00	0.19	0.89	0.00
3	7	0.00	0.00	0.34	0.68	0.00
Core	CPU	C1%	C3%	C6%	C8%	C9%
-	-	0.00	0.51	8.55	13.08	5.68
0	0	0.02	4.00	59.46	8.85	0.00
0	4	0.00	0.00	0.79	0.39	45.42
1	1	0.00	0.00	0.37	0.59	0.00
1	5	0.00	0.05	6.36	89.04	0.00
2	2	0.00	0.00	0.14	0.79	0.00
2	6	0.00	0.00	0.91	3.16	0.00
3	3	0.00	0.00	0.10	0.99	0.00
3	7	0.00	0.00	0.29	0.79	0.00
Core	CPU	C1%	C3%	C6%	C8%	C9%
-	-	0.00	0.47	8.27	13.53	4.57
0	0	0.03	3.64	56.49	12.07	0.00
0	4	0.00	0.00	1.19	0.31	36.54
1	1	0.00	0.02	0.29	0.80	0.00
1	5	0.00	0.05	6.97	91.35	0.00
2	2	0.00	0.00	0.28	0.89	0.00
2	6	0.00	0.00	0.37	0.88	0.00
3	3	0.00	0.00	0.25	0.99	0.00
3	7	0.00	0.03	0.30	0.98	0.00
Core	CPU	C1%	C3%	C6%	C8%	C9%
-	-	0.00	0.65	8.09	13.24	5.73
0	0	0.02	5.13	54.65	11.44	0.00
0	4	0.00	0.01	0.91	1.00	45.87
1	1	0.00	0.00	0.35	1.30	0.00
1	5	0.00	0.05	7.50	87.72	0.00
2	2	0.00	0.02	0.39	0.80	0.00
2	6	0.00	0.00	0.10	1.62	0.00
3	3	0.00	0.00	0.29	1.08	0.00
3	7	0.00	0.00	0.56	0.99	0.00
Core	CPU	C1%	C3%	C6%	C8%	C9%
-	-	0.00	0.22	7.21	14.61	0.07
0	0	0.04	1.57	50.00	20.55	0.00
0	4	0.00	0.00	0.90	0.00	0.58
1	1	0.00	0.00	0.19	0.89	0.00
1	5	0.00	0.08	0.59	0.89	0.00
2	2	0.00	0.00	0.25	0.50	0.00
2	6	0.00	0.00	5.40	92.86	0.00
3	3	0.00	0.13	0.10	0.52	0.00
3	7	0.00	0.00	0.30	0.69	0.00
Core	CPU	C1%	C3%	C6%	C8%	C9%
-	-	0.00	0.36	7.47	14.50	3.15
0	0	0.03	2.80	51.24	18.20	0.00
0	4	0.00	0.00	0.56	0.81	25.20
1	1	0.00	0.02	0.39	0.80	0.00
1	5	0.00	0.08	1.41	0.39	0.00
2	2	0.00	0.00	0.37	0.89	0.00
2	6	0.00	0.00	5.28	92.92	0.00
3	3	0.00	0.00	0.25	0.89	0.00
3	7	0.00	0.00	0.29	1.09	0.00
Core	CPU	C1%	C3%	C6%	C8%	C9%
-	-	0.00	0.32	7.66	14.40	3.71
0	0	0.02	2.51	52.62	16.91	0.00
0	4	0.00	0.00	0.47	0.60	29.70
1	1	0.00	0.00	0.35	1.08	0.00
1	5	0.00	0.05	1.40	0.49	0.00
2	2	0.00	0.02	0.30	0.99	0.00
2	6	0.00	0.00	5.32	93.07	0.00
3	3	0.00	0.00	0.29	1.18	0.00
3	7	0.00	0.00	0.55	0.89	0.00
Core	CPU	C1%	C3%	C6%	C8%	C9%
-	-	0.00	0.31	7.92	14.21	0.99
0	0	0.02	2.42	53.67	15.99	0.00
0	4	0.00	0.00	1.00	0.00	7.91
1	1	0.00	0.03	1.38	1.09	0.00
1	5	0.00	0.05	2.33	20.76	0.00
2	2	0.00	0.00	0.34	0.89	0.00
2	6	0.00	0.00	4.20	72.78	0.00
3	3	0.00	0.00	0.19	1.19	0.00
3	7	0.00	0.00	0.29	0.99	0.00
Core	CPU	C1%	C3%	C6%	C8%	C9%
-	-	0.00	0.50	8.05	12.95	3.32
0	0	0.02	3.90	55.02	11.62	0.00
0	4	0.00	0.00	0.56	0.21	26.58
1	1	0.00	0.03	0.49	0.69	0.00
1	5	0.00	0.06	1.52	2.42	0.00
2	2	0.00	0.00	0.27	0.79	0.00
2	6	0.00	0.00	5.06	87.89	0.00
3	3	0.00	0.00	0.74	0.00	0.00
3	7	0.00	0.02	0.77	0.00	0.00
Core	CPU	C1%	C3%	C6%	C8%	C9%
-	-	0.02	0.89	8.10	13.73	0.00
0	0	0.02	0.51	30.12	14.19	0.00
0	4	0.00	0.00	0.56	0.19	0.00
1	1	0.00	0.00	0.73	0.30	0.00
1	5	0.00	0.16	3.71	36.52	0.00
2	2	0.00	0.00	0.09	0.80	0.00
2	6	0.00	0.00	3.18	56.33	0.00
3	3	0.00	0.00	0.74	1.00	0.00
3	7	0.17	6.43	25.66	0.50	0.00
Core	CPU	C1%	C3%	C6%	C8%	C9%
-	-	0.00	0.41	7.68	14.07	2.00
0	0	0.03	3.20	52.30	16.64	0.00
0	4	0.00	0.00	0.77	0.60	16.02
1	1	0.00	0.00	0.57	0.60	0.00
1	5	0.00	0.08	3.90	35.02	0.00
2	2	0.00	0.00	0.30	0.90	0.00
2	6	0.00	0.00	3.06	57.30	0.00
3	3	0.00	0.00	0.20	0.89	0.00
3	7	0.00	0.00	0.37	0.60	0.00
Core	CPU	C1%	C3%	C6%	C8%	C9%
-	-	0.00	0.45	8.47	13.61	3.45
0	0	0.02	3.59	58.78	9.92	0.00
0	4	0.00	0.00	0.42	0.29	27.59
1	1	0.00	0.00	0.58	1.58	0.00
1	5	0.00	0.03	1.53	2.45	0.00
2	2	0.00	0.00	0.45	0.69	0.00
2	6	0.00	0.00	5.53	92.04	0.00
3	3	0.00	0.02	0.29	1.10	0.00
3	7	0.00	0.00	0.19	0.79	0.00
Core	CPU	C1%	C3%	C6%	C8%	C9%
-	-	0.01	1.68	9.49	12.33	0.57
0	0	0.00	0.61	17.03	2.44	0.00
0	4	0.00	0.00	0.82	0.09	4.57
1	1	0.00	0.00	0.20	1.09	0.00
1	5	0.00	0.05	3.93	52.29	0.00
2	2	0.07	12.74	49.52	0.99	0.00
2	6	0.00	0.00	3.08	40.34	0.00
3	3	0.00	0.00	0.73	0.59	0.00
3	7	0.00	0.00	0.59	0.79	0.00
Core	CPU	C1%	C3%	C6%	C8%	C9%
-	-	0.01	2.02	9.47	12.14	0.01
0	0	0.00	0.22	12.75	1.93	0.11
0	4	0.00	0.00	1.24	0.31	0.00
1	1	0.00	0.00	0.33	1.20	0.00
1	5	0.00	0.11	2.69	21.39	0.00
2	2	0.07	15.84	53.64	0.00	0.00
2	6	0.00	0.00	4.36	69.99	0.00
3	3	0.00	0.00	0.37	1.28	0.00
3	7	0.00	0.00	0.35	0.99	0.00
Core	CPU	C1%	C3%	C6%	C8%	C9%
-	-	0.00	1.85	9.42	12.46	0.18
0	0	0.00	0.12	14.40	1.66	0.00
0	4	0.00	0.00	0.79	0.00	1.45
1	1	0.00	0.00	0.18	0.70	0.00
1	5	0.00	0.10	0.87	0.59	0.00
2	2	0.01	14.57	55.21	0.00	0.00
2	6	0.00	0.00	3.47	95.18	0.00
3	3	0.00	0.00	0.09	1.00	0.00
3	7	0.00	0.00	0.39	0.59	0.00
Core	CPU	C1%	C3%	C6%	C8%	C9%
-	-	0.01	1.94	10.10	12.48	0.00
0	0	0.00	0.49	15.06	6.76	0.02
0	4	0.00	0.04	0.69	0.00	0.00
1	1	0.00	0.01	0.99	0.70	0.00
1	5	0.00	0.05	5.91	68.37	0.00
2	2	0.11	14.90	55.43	0.00	0.00
2	6	0.00	0.03	2.38	23.19	0.00
3	3	0.00	0.00	0.24	0.30	0.00
3	7	0.00	0.00	0.13	0.50	0.00
Core	CPU	C1%	C3%	C6%	C8%	C9%
-	-	0.01	1.84	10.17	12.52	0.00
0	0	0.00	0.29	13.29	4.82	0.00
0	4	0.00	0.00	0.63	1.23	0.00
1	1	0.00	0.00	1.05	0.79	0.00
1	5	0.00	0.14	6.98	73.10	0.00
2	2	0.10	14.30	56.09	0.00	0.00
2	6	0.00	0.02	2.34	17.38	0.00
3	3	0.00	0.00	0.39	1.49	0.00
3	7	0.00	0.00	0.57	1.39	0.00
Core	CPU	C1%	C3%	C6%	C8%	C9%
-	-	0.01	1.86	10.11	12.61	0.00
0	0	0.00	0.19	15.24	2.17	0.00
0	4	0.00	0.03	0.67	0.71	0.00
1	1	0.00	0.00	0.38	1.50	0.00
1	5	0.06	0.15	1.63	2.00	0.00
2	2	0.01	14.52	55.46	0.00	0.00
2	6	0.00	0.00	5.16	93.36	0.00
3	3	0.00	0.00	1.12	0.50	0.00
3	7	0.00	0.02	1.19	0.60	0.00
Core	CPU	C1%	C3%	C6%	C8%	C9%
-	-	0.00	0.51	7.97	13.68	2.05
0	0	0.02	3.95	53.28	13.66	0.00
0	4	0.00	0.00	0.53	0.20	16.40
1	1	0.01	0.00	0.45	2.15	0.02
1	5	0.00	0.12	4.56	34.86	0.00
2	2	0.00	0.00	1.19	0.30	0.00
2	6	0.00	0.00	2.99	55.82	0.00
3	3	0.00	0.00	0.37	1.19	0.00
3	7	0.00	0.01	0.44	1.28	0.00
Core	CPU	C1%	C3%	C6%	C8%	C9%
-	-	0.01	1.14	9.08	17.45	0.67
0	0	0.02	1.58	33.00	12.71	0.04
0	4	0.00	0.00	0.83	0.00	5.29
1	1	0.02	7.19	31.86	1.72	0.00
1	5	0.00	0.12	1.00	0.29	0.00
2	2	0.00	0.02	0.10	0.60	0.00
2	6	0.00	0.00	4.49	94.07	0.00
3	3	0.00	0.00	0.19	0.89	0.00
3	7	0.01	0.19	1.14	29.34	0.00
Core	CPU	C1%	C3%	C6%	C8%	C9%
-	-	0.03	1.92	10.30	13.38	1.16
0	0	0.00	0.73	16.92	10.19	0.13
0	4	0.00	0.00	1.16	0.88	9.17
1	1	0.03	4.98	20.45	0.39	0.00
1	5	0.00	0.03	2.42	20.11	0.00
2	2	0.06	0.00	0.36	0.80	0.00
2	6	0.00	0.00	4.18	72.89	0.00
3	3	0.12	9.64	36.04	1.00	0.00
3	7	0.00	0.02	0.89	0.79	0.00
Core	CPU	C1%	C3%	C6%	C8%	C9%
-	-	0.00	1.08	10.12	12.23	2.37
0	0	0.01	2.70	45.52	16.71	0.00
0	4	0.00	0.01	5.15	2.99	18.92
1	1	0.00	0.00	0.52	1.90	0.00
1	5	0.00	0.17	6.26	71.87	0.00
2	2	0.00	5.76	21.76	1.29	0.00
2	6	0.00	0.00	0.39	1.09	0.00
3	3	0.00	0.00	1.06	0.79	0.00
3	7	0.00	0.00	0.35	1.19	0.00
Core	CPU	C1%	C3%	C6%	C8%	C9%
-	-	0.00	0.39	8.71	14.73	0.20
0	0	0.01	2.11	50.59	15.74	0.00
0	4	0.00	0.01	4.32	3.08	1.59
1	1	0.00	0.00	0.35	4.30	0.00
1	5	0.00	0.09	7.91	90.22	0.00
2	2	0.00	0.94	5.32	0.79	0.00
2	6	0.00	0.00	0.43	1.48	0.00
3	3	0.00	0.00	0.30	1.09	0.00
3	7	0.00	0.00	0.47	1.19	0.00
Core	CPU	C1%	C3%	C6%	C8%	C9%
-	-	0.00	0.51	8.19	13.48	0.73
0	0	0.02	4.03	52.75	14.74	0.00
0	4	0.00	0.00	2.01	0.50	5.81
1	1	0.00	0.00	0.95	2.97	0.00
1	5	0.00	0.05	6.75	87.81	0.00
2	2	0.00	0.00	1.05	0.40	0.00
2	6	0.00	0.00	0.35	0.70	0.00
3	3	0.00	0.00	0.92	0.50	0.00
3	7	0.00	0.01	0.70	0.20	0.00
Core	CPU	C1%	C3%	C6%	C8%	C9%
-	-	0.00	0.30	7.95	13.82	0.00
0	0	0.03	2.32	54.32	15.41	0.00
0	4	0.00	0.00	0.76	0.00	0.00
1	1	0.00	0.00	0.24	0.70	0.00
1	5	0.00	0.08	7.38	90.84	0.00
2	2	0.00	0.00	0.10	0.80	0.00
2	6	0.00	0.00	0.10	0.98	0.00
3	3	0.00	0.00	0.38	1.28	0.00
3	7	0.00	0.00	0.35	0.60	0.00
Core	CPU	C1%	C3%	C6%	C8%	C9%
-	-	0.00	0.28	7.41	14.16	0.10
0	0	0.04	2.17	49.03	20.73	0.00
0	4	0.00	0.00	0.69	0.00	0.81
1	1	0.00	0.00	0.56	1.01	0.00
1	5	0.00	0.07	7.84	88.26	0.00
2	2	0.00	0.00	0.24	0.99	0.00
2	6	0.00	0.02	0.20	0.68	0.00
3	3	0.00	0.00	0.26	0.89	0.00
3	7	0.00	0.00	0.45	0.69	0.00
Core	CPU	C1%	C3%	C6%	C8%	C9%
-	-	0.00	0.27	7.72	14.81	0.00
0	0	0.04	2.03	52.72	17.76	0.00
0	4	0.00	0.02	0.48	0.50	0.00
1	1	0.00	0.00	0.28	5.17	0.00
1	5	0.00	0.09	6.93	91.31	0.00
2	2	0.00	0.01	0.42	1.49	0.00
2	6	0.00	0.00	0.36	1.09	0.00
3	3	0.00	0.00	0.53	0.69	0.00
3	7	0.00	0.00	0.07	0.50	0.00
Core	CPU	C1%	C3%	C6%	C8%	C9%
-	-	0.00	0.30	8.30	14.88	0.00
0	0	0.02	2.25	54.92	14.89	0.00
0	4	0.00	0.00	0.95	0.20	0.00
1	1	0.00	0.00	1.86	8.02	0.00
1	5	0.00	0.13	7.11	91.05	0.00
2	2	0.00	0.00	0.59	1.18	0.00
2	6	0.00	0.00	0.38	1.38	0.00
3	3	0.00	0.00	0.36	1.18	0.00
3	7	0.00	0.00	0.25	1.18	0.00
Core	CPU	C1%	C3%	C6%	C8%	C9%
-	-	0.00	0.39	8.01	13.84	0.28
0	0	0.02	3.09	52.63	13.40	0.00
0	4	0.00	0.00	3.27	1.18	2.25
1	1	0.00	0.00	0.44	1.89	0.00
1	5	0.00	0.02	5.19	56.78	0.00
2	2	0.00	0.00	0.10	1.19	0.00
2	6	0.00	0.00	1.71	33.66	0.00
3	3	0.00	0.00	0.37	1.38	0.00
3	7	0.00	0.00	0.35	1.28	0.00
Core	CPU	C1%	C3%	C6%	C8%	C9%
-	-	0.00	0.18	7.38	15.11	0.10
0	0	0.03	1.35	50.66	19.86	0.00
0	4	0.00	0.00	0.98	0.22	0.78
1	1	0.00	0.00	0.27	3.94	0.00
1	5	0.00	0.09	3.71	43.39	0.00
2	2	0.00	0.00	0.26	1.09	0.00
2	6	0.00	0.00	2.64	50.23	0.00
3	3	0.00	0.00	0.10	0.99	0.00
3	7	0.00	0.00	0.44	1.19	0.00
Core	CPU	C1%	C3%	C6%	C8%	C9%
-	-	0.00	0.33	7.40	14.53	0.00
0	0	0.03	2.40	49.91	19.69	0.00
0	4	0.00	0.01	0.70	0.00	0.00
1	1	0.00	0.00	0.30	1.48	0.00
1	5	0.00	0.13	4.17	35.50	0.00
2	2	0.00	0.06	0.54	0.11	0.00
2	6	0.00	0.00	2.50	57.27	0.00
3	3	0.00	0.02	0.59	0.50	0.00
3	7	0.00	0.00	0.49	1.68	0.00
Core	CPU	C1%	C3%	C6%	C8%	C9%
-	-	0.00	0.81	8.59	14.44	0.40
0	0	0.02	1.97	43.75	11.89	0.00
0	4	0.00	0.00	0.53	0.21	3.18
1	1	0.00	0.02	0.66	6.97	0.00
1	5	0.00	0.07	4.31	63.00	0.00
2	2	0.00	4.40	17.39	0.50	0.00
2	6	0.00	0.00	1.54	31.19	0.00
3	3	0.00	0.00	0.34	0.79	0.00
3	7	0.00	0.00	0.23	0.99	0.00
Core	CPU	C1%	C3%	C6%	C8%	C9%
-	-	0.00	1.92	9.80	13.36	2.15
0	0	0.00	0.76	15.99	9.46	0.00
0	4	0.00	0.00	0.79	0.30	17.17
1	1	0.00	0.00	0.32	0.99	0.00
1	5	0.00	0.11	0.45	0.49	0.00
2	2	0.02	14.53	55.60	0.00	0.00
2	6	0.00	0.00	4.61	93.99	0.00
3	3	0.00	0.00	0.19	0.79	0.00
3	7	0.00	0.00	0.46	0.89	0.00
Core	CPU	C1%	C3%	C6%	C8%	C9%
-	-	0.00	2.10	9.36	13.05	3.67
0	0	0.00	1.12	14.21	10.48	0.00
0	4	0.00	0.00	0.67	0.10	29.36
1	1	0.00	0.00	0.19	1.09	0.00
1	5	0.00	0.06	2.60	25.76	0.00
2	2	0.02	15.58	53.53	0.00	0.00
2	6	0.00	0.00	3.30	65.77	0.00
3	3	0.00	0.00	0.21	0.50	0.00
3	7	0.00	0.00	0.19	0.70	0.00
Core	CPU	C1%	C3%	C6%	C8%	C9%
-	-	0.00	0.80	8.61	14.04	1.89
0	0	0.02	1.64	40.16	16.28	0.00
0	4	0.00	0.00	1.30	1.11	15.12
1	1	0.00	0.00	0.23	0.50	0.00
1	5	0.00	0.10	3.02	22.48	0.00
2	2	0.02	4.64	18.76	0.89	0.00
2	6	0.00	0.00	4.86	69.28	0.00
3	3	0.00	0.00	0.37	0.99	0.00
3	7	0.00	0.00	0.14	0.79	0.00
Core	CPU	C1%	C3%	C6%	C8%	C9%
-	-	0.00	2.01	8.99	12.43	1.62
0	0	0.00	0.67	10.48	1.80	0.02
0	4	0.00	0.01	0.72	0.20	12.07
1	1	0.00	0.00	0.66	0.50	0.00
1	5	0.00	0.10	1.24	0.29	0.90
2	2	0.01	15.26	54.93	0.00	0.00
2	6	0.00	0.00	3.25	95.38	0.00
3	3	0.00	0.00	0.18	0.89	0.00
3	7	0.00	0.00	0.46	0.40	0.00
Core	CPU	C1%	C3%	C6%	C8%	C9%
-	-	0.00	1.94	9.86	13.19	2.64
0	0	0.00	0.92	15.63	9.12	0.02
0	4	0.00	0.02	0.51	0.62	21.13
1	1	0.00	0.00	0.69	0.50	0.00
1	5	0.00	0.09	0.87	0.89	0.00
2	2	0.02	14.53	55.56	0.00	0.00
2	6	0.00	0.00	5.23	93.37	0.00
3	3	0.00	0.00	0.33	0.40	0.00
3	7	0.00	0.00	0.10	0.59	0.00
Core	CPU	C1%	C3%	C6%	C8%	C9%
-	-	0.00	2.02	10.05	13.33	5.89
0	0	0.00	1.37	13.86	12.87	0.13
0	4	0.00	0.00	0.67	0.70	46.97
1	1	0.00	0.00	4.96	63.42	0.00
1	5	0.00	0.14	3.80	27.60	0.00
2	2	0.00	0.00	1.08	0.40	0.00
2	6	0.01	14.61	55.41	0.00	0.00
3	3	0.00	0.00	0.38	0.68	0.00
3	7	0.00	0.00	0.26	0.98	0.00
Core	CPU	C1%	C3%	C6%	C8%	C9%
-	-	0.01	2.11	9.41	13.20	4.92
0	0	0.00	1.31	13.22	11.52	0.00
0	4	0.00	0.00	0.53	0.61	39.37
1	1	0.04	0.00	2.98	32.42	0.03
1	5	0.00	0.10	0.98	0.60	0.00
2	2	0.00	0.00	0.43	0.81	0.00
2	6	0.04	15.47	53.73	0.00	0.00
3	3	0.00	0.04	3.04	58.94	0.00
3	7	0.00	0.00	0.40	0.69	0.00
Core	CPU	C1%	C3%	C6%	C8%	C9%
-	-	0.00	2.01	9.86	13.98	3.56
0	0	0.00	1.55	14.06	14.52	0.00
0	4	0.00	0.00	0.36	0.91	28.51
1	1	0.00	0.02	1.44	0.89	0.00
1	5	0.00	0.07	1.14	1.00	0.00
2	2	0.00	0.00	0.37	0.90	0.00
2	6	0.01	14.42	55.80	0.00	0.00
3	3	0.00	0.00	5.61	92.83	0.00
3	7	0.00	0.00	0.14	0.79	0.00
Core	CPU	C1%	C3%	C6%	C8%	C9%
-	-	0.09	0.50	8.59	14.24	1.91
0	0	0.02	3.90	57.02	11.51	0.00
0	4	0.00	0.00	0.62	0.40	15.25
1	1	0.68	0.00	1.37	6.67	0.00
1	5	0.00	0.10	1.25	0.75	0.00
2	2	0.00	0.00	0.16	1.00	0.00
2	6	0.00	0.00	1.41	1.20	0.00
3	3	0.00	0.00	6.28	91.53	0.00
3	7	0.00	0.00	0.61	0.89	0.00
Core	CPU	C1%	C3%	C6%	C8%	C9%
-	-	0.00	0.26	7.58	14.81	1.35
0	0	0.03	1.95	52.63	17.31	0.00
0	4	0.00	0.00	0.76	0.11	10.84
1	1	0.00	0.00	1.89	18.21	0.00
1	5	0.00	0.09	0.97	0.30	0.00
2	2	0.00	0.00	0.24	0.98	0.00
2	6	0.00	0.00	0.13	0.60	0.00
3	3	0.00	0.00	3.56	75.54	0.00
3	7	0.00	0.03	0.51	5.45	0.00
Core	CPU	C1%	C3%	C6%	C8%	C9%
-	-	0.00	0.23	7.60	16.99	0.00
0	0	0.03	1.63	48.40	21.85	0.00
0	4	0.00	0.00	0.68	0.28	0.00
1	1	0.00	0.01	9.45	88.83	0.00
1	5	0.00	0.06	1.06	0.00	0.00
2	2	0.00	0.01	0.20	0.49	0.00
2	6	0.00	0.00	0.10	0.89	0.00
3	3	0.00	0.00	0.19	0.35	0.00
3	7	0.01	0.10	0.69	23.18	0.00
Core	CPU	C1%	C3%	C6%	C8%	C9%
-	-	0.01	0.42	7.06	14.50	0.00
0	0	0.04	3.23	47.88	20.02	0.00
0	4	0.00	0.00	0.86	0.30	0.00
1	1	0.01	0.00	3.48	60.36	0.00
1	5	0.00	0.14	0.97	0.59	0.00
2	2	0.00	0.00	0.19	0.90	0.00
2	6	0.00	0.00	0.29	0.99	0.00
3	3	0.00	0.00	2.18	32.54	0.00
3	7	0.00	0.00	0.64	0.30	0.00
Core	CPU	C1%	C3%	C6%	C8%	C9%
-	-	0.00	0.19	7.28	14.57	0.00
0	0	0.04	1.48	50.64	19.76	0.00
0	4	0.00	0.00	0.37	0.21	0.00
1	1	0.00	0.00	0.65	1.77	0.00
1	5	0.00	0.03	1.01	0.00	0.00
2	2	0.00	0.00	0.32	0.93	0.00
2	6	0.00	0.00	0.10	0.74	0.00
3	3	0.00	0.00	4.69	92.43	0.00
3	7	0.00	0.00	0.46	0.70	0.00
Core	CPU	C1%	C3%	C6%	C8%	C9%
-	-	0.00	0.45	8.02	13.99	0.00
0	0	0.01	3.43	55.28	13.54	0.00
0	4	0.00	0.00	0.90	0.30	0.00
1	1	0.00	0.00	2.04	22.88	0.00
1	5	0.00	0.09	1.07	0.50	0.00
2	2	0.00	0.05	0.26	1.09	0.00
2	6	0.00	0.00	0.33	1.39	0.00
3	3	0.00	0.01	4.09	71.21	0.00
3	7	0.00	0.00	0.20	0.98	0.00
Core	CPU	C1%	C3%	C6%	C8%	C9%
-	-	0.00	0.24	7.43	14.50	0.30
0	0	0.03	1.70	51.76	18.44	0.00
0	4	0.00	0.00	0.72	0.21	2.42
1	1	0.00	0.03	4.72	93.62	0.00
1	5	0.00	0.13	1.14	0.30	0.00
2	2	0.00	0.00	0.48	0.69	0.00
2	6	0.00	0.00	0.27	0.98	0.00
3	3	0.00	0.00	0.25	0.79	0.00
3	7	0.00	0.03	0.10	0.98	0.00
Core	CPU	C1%	C3%	C6%	C8%	C9%
-	-	0.00	0.15	7.01	15.10	0.00
0	0	0.04	1.16	48.09	22.53	0.00
0	4	0.00	0.00	0.55	0.61	0.00
1	1	0.00	0.00	4.38	79.61	0.00
1	5	0.00	0.06	1.26	0.40	0.00
2	2	0.00	0.01	0.29	0.80	0.00
2	6	0.00	0.00	0.20	1.09	0.00
3	3	0.00	0.00	0.93	15.11	0.00
3	7	0.00	0.00	0.36	0.69	0.00
Core	CPU	C1%	C3%	C6%	C8%	C9%
-	-	0.00	0.51	7.60	13.84	0.72
0	0	0.02	4.00	52.89	14.25	0.00
0	4	0.00	0.00	0.68	0.21	5.76
1	1	0.01	0.00	0.37	1.29	0.00
1	5	0.00	0.08	0.79	0.69	0.00
2	2	0.00	0.00	0.73	0.69	0.00
2	6	0.00	0.00	0.23	1.18	0.00
3	3	0.00	0.00	4.44	91.25	0.00
3	7	0.00	0.00	0.70	1.19	0.00
Core	CPU	C1%	C3%	C6%	C8%	C9%
-	-	0.00	0.22	7.46	14.52	0.00
0	0	0.03	1.72	51.16	18.99	0.00
0	4	0.00	0.00	0.41	0.32	0.00
1	1	0.00	0.00	0.10	0.99	0.00
1	5	0.00	0.05	1.33	0.30	0.00
2	2	0.00	0.00	0.66	1.28	0.00
2	6	0.00	0.00	0.35	0.79	0.00
3	3	0.00	0.00	4.97	93.33	0.00
3	7	0.00	0.01	0.70	0.20	0.00
Core	CPU	C1%	C3%	C6%	C8%	C9%
-	-	0.00	0.35	7.73	14.20	0.01
0	0	0.02	2.66	54.03	15.45	0.00
0	4	0.00	0.00	0.46	0.29	0.11
1	1	0.00	0.04	4.93	93.39	0.00
1	5	0.00	0.07	0.94	0.10	0.00
2	2	0.00	0.00	0.38	1.09	0.00
2	6	0.00	0.00	0.26	1.08	0.00
3	3	0.00	0.00	0.48	1.28	0.00
3	7	0.00	0.00	0.35	0.89	0.00
Core	CPU	C1%	C3%	C6%	C8%	C9%
-	-	0.00	0.29	7.89	15.80	0.12
0	0	0.02	2.24	53.53	16.31	0.00
0	4	0.00	0.01	0.29	1.01	0.00
1	1	0.00	0.00	6.16	92.21	0.00
1	5	0.00	0.09	1.26	0.49	0.97
2	2	0.00	0.00	0.83	13.61	0.00
2	6	0.00	0.00	0.53	0.89	0.00
3	3	0.00	0.00	0.20	1.19	0.00
3	7	0.00	0.00	0.29	0.69	0.00
Core	CPU	C1%	C3%	C6%	C8%	C9%
-	-	0.12	0.38	8.02	15.48	1.81
0	0	0.01	2.94	56.68	12.53	0.00
0	4	0.00	0.00	0.32	0.40	14.51
1	1	0.00	0.01	4.59	93.84	0.00
1	5	0.00	0.08	1.06	1.19	0.00
2	2	0.97	0.00	0.85	13.58	0.00
2	6	0.00	0.00	0.37	0.69	0.00
3	3	0.00	0.00	0.15	0.60	0.00
3	7	0.00	0.02	0.10	0.99	0.00
Core	CPU	C1%	C3%	C6%	C8%	C9%
-	-	0.02	0.55	7.78	14.90	0.24
0	0	0.02	4.23	52.52	14.56	0.00
0	4	0.00	0.00	0.84	0.30	1.96
1	1	0.00	0.10	5.44	89.75	0.00
1	5	0.00	0.04	1.40	0.29	0.00
2	2	0.00	0.00	1.07	11.53	0.00
2	6	0.00	0.00	0.19	0.88	0.00
3	3	0.00	0.00	0.47	0.98	0.00
3	7	0.10	0.03	0.32	0.88	0.00
Core	CPU	C1%	C3%	C6%	C8%	C9%
-	-	0.00	0.26	7.66	15.56	0.99
0	0	0.03	2.08	51.75	18.04	0.00
0	4	0.00	0.00	0.88	0.11	7.89
1	1	0.00	0.01	5.21	93.18	0.00
1	5	0.00	0.00	1.08	0.30	0.00
2	2	0.00	0.00	1.00	11.43	0.00
2	6	0.00	0.00	0.22	0.69	0.00
3	3	0.00	0.02	0.29	0.40	0.00
3	7	0.00	0.00	0.89	0.29	0.00
Core	CPU	C1%	C3%	C6%	C8%	C9%
-	-	0.00	0.28	7.42	15.30	0.09
0	0	0.04	2.18	50.01	19.72	0.00
0	4	0.00	0.00	0.63	0.11	0.00
1	1	0.00	0.02	2.64	39.49	0.00
1	5	0.00	0.00	0.60	0.61	0.00
2	2	0.00	0.00	0.74	4.28	0.00
2	6	0.00	0.03	0.43	1.08	0.00
3	3	0.00	0.00	3.89	56.01	0.00
3	7	0.00	0.00	0.45	1.08	0.68
Core	CPU	C1%	C3%	C6%	C8%	C9%
-	-	0.00	0.46	8.63	14.00	2.46
0	0	0.01	3.64	60.59	8.10	0.00
0	4	0.00	0.00	0.92	0.40	19.70
1	1	0.00	0.00	1.14	6.95	0.00
1	5	0.00	0.01	0.24	1.29	0.00
2	2	0.00	0.02	0.29	0.79	0.00
2	6	0.00	0.00	0.49	0.39	0.00
3	3	0.00	0.00	4.88	93.55	0.00
3	7	0.00	0.00	0.46	0.49	0.00
Core	CPU	C1%	C3%	C6%	C8%	C9%
-	-	0.04	0.26	7.50	15.31	0.00
0	0	0.06	2.02	52.85	17.08	0.00
0	4	0.00	0.02	1.12	0.39	0.00
1	1	0.29	0.00	0.18	8.04	0.00
1	5	0.00	0.00	0.45	0.69	0.00
2	2	0.00	0.00	0.24	0.89	0.00
2	6	0.00	0.00	0.13	0.99	0.00
3	3	0.00	0.00	4.74	93.60	0.00
3	7	0.00	0.00	0.29	0.79	0.00
Core	CPU	C1%	C3%	C6%	C8%	C9%
-	-	0.00	0.51	8.20	13.39	1.38
0	0	0.02	4.03	59.13	7.88	0.00
0	4	0.00	0.02	0.83	0.61	11.01
1	1	0.00	0.03	0.36	4.17	0.00
1	5	0.00	0.00	0.34	0.70	0.00
2	2	0.00	0.00	0.19	0.99	0.00
2	6	0.00	0.00	0.27	0.79	0.00
3	3	0.00	0.02	4.45	91.32	0.00
3	7	0.00	0.00	0.03	0.69	0.00
Core	CPU	C1%	C3%	C6%	C8%	C9%
-	-	0.00	0.29	7.79	14.22	0.80
0	0	0.01	2.27	53.93	15.76	0.00
0	4	0.00	0.04	0.75	0.68	6.38
1	1	0.00	0.03	1.29	0.59	0.00
1	5	0.00	0.02	0.85	0.10	0.00
2	2	0.00	0.00	0.10	0.89	0.00
2	6	0.00	0.00	0.28	1.38	0.00
3	3	0.00	0.00	5.01	93.32	0.00
3	7	0.00	0.00	0.14	0.99	0.00
Core	CPU	C1%	C3%	C6%	C8%	C9%
-	-	0.00	0.23	7.07	15.66	0.11
0	0	0.03	1.76	48.01	22.11	0.00
0	4	0.00	0.01	1.22	0.21	0.00
1	1	0.00	0.01	0.64	5.98	0.00
1	5	0.00	0.00	0.59	0.89	0.00
2	2	0.00	0.02	0.35	0.89	0.91
2	6	0.00	0.00	0.37	1.49	0.00
3	3	0.00	0.00	4.96	93.13	0.00
3	7	0.00	0.00	0.46	0.59	0.00
Core	CPU	C1%	C3%	C6%	C8%	C9%
-	-	0.00	0.26	7.67	14.28	1.90
0	0	0.03	2.09	53.48	16.35	0.00
0	4	0.00	0.03	1.37	0.30	15.21
1	1	0.00	0.00	2.09	24.78	0.00
1	5	0.00	0.00	0.46	0.79	0.00
2	2	0.00	0.00	0.44	0.59	0.00
2	6	0.00	0.00	0.13	1.36	0.00
3	3	0.00	0.00	3.20	69.27	0.00
3	7	0.00	0.00	0.20	0.78	0.00
Core	CPU	C1%	C3%	C6%	C8%	C9%
-	-	0.00	0.19	7.30	14.68	0.00
0	0	0.03	1.49	50.80	19.55	0.00
0	4	0.00	0.00	0.93	0.70	0.00
1	1	0.00	0.02	5.20	93.14	0.00
1	5	0.00	0.00	0.30	0.88	0.00
2	2	0.00	0.00	0.39	0.88	0.00
2	6	0.00	0.00	0.37	0.69	0.00
3	3	0.00	0.00	0.15	0.79	0.00
3	7	0.00	0.03	0.30	0.78	0.00
Core	CPU	C1%	C3%	C6%	C8%	C9%
-	-	0.00	0.52	7.61	13.53	1.53
0	0	0.02	4.10	53.26	13.79	0.00
0	4	0.00	0.04	0.97	0.21	9.71
1	1	0.00	0.00	4.98	81.44	2.52
1	5	0.00	0.00	0.28	0.69	0.00
2	2	0.00	0.00	0.10	1.00	0.00
2	6	0.00	0.00	0.20	0.98	0.00
3	3	0.00	0.00	0.66	9.62	0.00
3	7	0.00	0.00	0.45	0.49	0.00
Core	CPU	C1%	C3%	C6%	C8%	C9%
-	-	0.00	1.18	9.20	16.90	0.23
0	0	0.01	1.47	29.39	8.85	0.23
0	4	0.00	0.01	1.21	0.77	1.57
1	1	0.02	7.93	33.50	2.88	0.00
1	5	0.00	0.00	0.34	0.70	0.00
2	2	0.00	0.00	0.82	0.49	0.00
2	6	0.00	0.02	1.09	0.30	0.00
3	3	0.00	0.00	6.21	92.20	0.00
3	7	0.01	0.03	1.03	29.03	0.00
Core	CPU	C1%	C3%	C6%	C8%	C9%
-	-	0.00	1.97	9.19	12.75	2.26
0	0	0.00	0.96	9.17	6.24	0.00
0	4	0.00	0.04	1.16	0.20	18.06
1	1	0.02	14.79	55.33	0.00	0.00
1	5	0.00	0.00	0.47	0.39	0.00
2	2	0.00	0.00	0.35	1.08	0.00
2	6	0.00	0.00	0.48	1.00	0.00
3	3	0.00	0.00	5.74	92.83	0.00
3	7	0.00	0.00	0.80	0.29	0.00
Core	CPU	C1%	C3%	C6%	C8%	C9%
-	-	0.04	1.91	9.09	12.78	2.87
0	0	0.00	0.99	9.04	6.42	0.16
0	4	0.10	0.02	1.13	0.39	22.79
1	1	0.24	14.24	55.37	0.00	0.00
1	5	0.00	0.00	0.37	0.30	0.00
2	2	0.00	0.00	0.19	0.40	0.00
2	6	0.00	0.00	0.65	1.49	0.00
3	3	0.00	0.02	5.85	92.69	0.00
3	7	0.00	0.00	0.16	0.50	0.00
Core	CPU	C1%	C3%	C6%	C8%	C9%
-	-	0.09	0.31	8.37	16.14	1.00
0	0	0.03	2.43	53.40	16.30	0.00
0	4	0.00	0.01	1.00	0.50	8.00
1	1	0.68	0.00	6.37	14.45	0.00
1	5	0.00	0.00	0.45	0.69	0.00
2	2	0.00	0.00	0.53	1.19	0.00
2	6	0.00	0.00	0.23	1.48	0.00
3	3	0.00	0.00	4.65	93.71	0.00
3	7	0.00	0.00	0.30	0.79	0.00
Core	CPU	C1%	C3%	C6%	C8%	C9%
-	-	0.00	0.57	9.72	15.49	4.04
0	0	0.01	4.44	56.85	9.36	0.00
0	4	0.00	0.03	0.60	0.58	32.34
1	1	0.00	0.00	14.17	18.16	0.00
1	5	0.00	0.00	0.53	2.27	0.00
2	2	0.00	0.05	0.49	0.59	0.00
2	6	0.00	0.00	0.24	0.89	0.00
3	3	0.00	0.02	4.63	91.03	0.00
3	7	0.00	0.00	0.29	1.08	0.00
Core	CPU	C1%	C3%	C6%	C8%	C9%
-	-	0.00	0.27	7.85	14.24	0.20
0	0	0.02	2.15	54.27	15.73	0.00
0	4	0.00	0.03	1.00	0.32	1.60
1	1	0.00	0.00	0.20	1.48	0.00
1	5	0.00	0.00	0.38	0.99	0.00
2	2	0.00	0.00	0.57	0.99	0.00
2	6	0.00	0.00	0.33	0.99	0.00
3	3	0.00	0.00	5.49	92.87	0.00
3	7	0.00	0.01	0.60	0.59	0.00
Core	CPU	C1%	C3%	C6%	C8%	C9%
-	-	0.00	0.35	7.62	14.27	0.11
0	0	0.01	2.76	53.64	15.93	0.00
0	4	0.00	0.02	0.95	0.10	0.00
1	1	0.00	0.00	0.25	0.89	0.00
1	5	0.00	0.00	0.23	1.38	0.00
2	2	0.00	0.00	0.16	0.99	0.91
2	6	0.00	0.00	0.23	1.28	0.00
3	3	0.00	0.01	5.21	93.13	0.00
3	7	0.00	0.00	0.31	0.50	0.00
Core	CPU	C1%	C3%	C6%	C8%	C9%
-	-	0.02	0.26	7.62	14.53	0.37
0	0	0.02	2.02	52.63	17.38	0.00
0	4	0.00	0.00	1.00	0.29	2.41
1	1	0.00	0.01	1.07	1.18	0.00
1	5	0.00	0.00	0.44	0.89	0.00
2	2	0.00	0.00	0.73	1.18	0.00
2	6	0.00	0.02	0.19	0.90	0.58
3	3	0.00	0.00	4.58	93.76	0.00
3	7	0.13	0.00	0.29	0.69	0.00
Core	CPU	C1%	C3%	C6%	C8%	C9%
-	-	0.00	0.22	7.32	14.80	0.00
0	0	0.02	1.74	50.76	19.55	0.00
0	4	0.00	0.03	1.41	0.00	0.00
1	1	0.00	0.00	0.29	1.09	0.00
1	5	0.00	0.00	0.29	1.29	0.00
2	2	0.00	0.00	0.36	1.09	0.00
2	6	0.00	0.00	0.35	1.09	0.00
3	3	0.00	0.00	4.97	93.34	0.00
3	7	0.00	0.00	0.10	1.00	0.00
Core	CPU	C1%	C3%	C6%	C8%	C9%
-	-	0.00	0.46	7.17	14.04	0.24
0	0	0.02	3.63	50.76	16.97	0.00
0	4	0.00	0.03	1.21	0.70	1.89
1	1	0.00	0.00	1.09	24.60	0.00
1	5	0.00	0.00	0.21	0.60	0.00
2	2	0.00	0.00	0.10	0.60	0.00
2	6	0.00	0.00	0.20	0.79	0.00
3	3	0.00	0.00	3.48	67.57	0.00
3	7	0.00	0.00	0.35	0.50	0.00
Core	CPU	C1%	C3%	C6%	C8%	C9%
-	-	0.00	0.31	7.82	15.40	2.53
0	0	0.02	2.44	54.87	14.87	0.00
0	4	0.00	0.00	0.84	0.80	20.24
1	1	0.00	0.01	5.11	93.31	0.00
1	5	0.00	0.00	0.36	0.69	0.00
2	2	0.00	0.00	0.79	10.94	0.00
2	6	0.00	0.00	0.13	0.70	0.00
3	3	0.00	0.00	0.20	1.09	0.00
3	7	0.00	0.00	0.28	0.79	0.00
Core	CPU	C1%	C3%	C6%	C8%	C9%
-	-	0.00	0.45	8.10	14.85	1.35
0	0	0.01	3.55	55.10	13.71	0.00
0	4	0.00	0.07	0.99	0.19	10.76
1	1	0.00	0.00	5.69	92.54	0.00
1	5	0.00	0.00	0.18	0.99	0.00
2	2	0.00	0.00	0.71	9.73	0.00
2	6	0.00	0.00	0.42	0.88	0.00
3	3	0.00	0.00	0.83	0.39	0.00
3	7	0.00	0.02	0.87	0.39	0.00
Core	CPU	C1%	C3%	C6%	C8%	C9%
-	-	0.00	0.23	7.87	14.16	0.36
0	0	0.03	1.86	53.85	16.40	0.00
0	4	0.00	0.00	1.07	0.31	2.88
1	1	0.00	0.00	2.07	31.89	0.00
1	5	0.00	0.00	0.15	0.99	0.00
2	2	0.00	0.00	1.02	0.30	0.00
2	6	0.00	0.01	0.99	0.30	0.00
3	3	0.00	0.00	3.21	62.40	0.00
3	7	0.00	0.00	0.57	0.69	0.00
Core	CPU	C1%	C3%	C6%	C8%	C9%
-	-	0.00	0.31	7.57	14.37	0.00
0	0	0.02	2.43	53.30	16.41	0.00
0	4	0.00	0.01	0.87	0.51	0.00
1	1	0.00	0.00	4.84	93.56	0.00
1	5	0.00	0.00	0.44	0.61	0.00
2	2	0.00	0.00	0.43	0.69	0.00
2	6	0.00	0.02	0.29	1.58	0.00
3	3	0.00	0.00	0.10	0.89	0.00
3	7	0.00	0.00	0.28	0.69	0.00
Core	CPU	C1%	C3%	C6%	C8%	C9%
-	-	0.00	0.38	7.25	13.88	0.04
0	0	0.01	2.94	50.33	17.57	0.00
0	4	0.00	0.07	1.08	0.00	0.30
1	1	0.00	0.01	3.52	55.45	0.00
1	5	0.00	0.00	0.73	0.49	0.00
2	2	0.00	0.00	0.46	0.49	0.00
2	6	0.00	0.00	0.16	0.40	0.00
3	3	0.00	0.00	1.73	36.12	0.00
3	7	0.00	0.00	0.00	0.50	0.00
Core	CPU	C1%	C3%	C6%	C8%	C9%
-	-	0.01	0.22	7.95	14.72	0.19
0	0	0.03	1.67	52.07	18.33	0.00
0	4	0.07	0.02	2.57	0.92	1.54
1	1	0.00	0.00	5.53	92.82	0.00
1	5	0.00	0.01	0.88	0.49	0.00
2	2	0.00	0.00	1.56	1.40	0.00
2	6	0.00	0.00	0.28	1.28	0.00
3	3	0.00	0.00	0.36	0.99	0.00
3	7	0.00	0.02	0.35	1.58	0.00
Core	CPU	C1%	C3%	C6%	C8%	C9%
-	-	0.00	0.36	7.54	14.56	0.25
0	0	0.03	2.80	52.23	17.10	0.00
0	4	0.00	0.04	0.69	1.26	2.02
1	1	0.00	0.00	2.93	48.90	0.00
1	5	0.00	0.00	0.43	0.89	0.00
2	2	0.00	0.01	0.45	1.00	0.00
2	6	0.00	0.00	0.29	1.19	0.00
3	3	0.00	0.00	2.97	44.83	0.00
3	7	0.00	0.00	0.29	1.29	0.00
Core	CPU	C1%	C3%	C6%	C8%	C9%
-	-	0.00	0.31	7.88	14.25	2.13
0	0	0.02	2.43	53.17	16.47	0.00
0	4	0.00	0.00	0.50	0.60	17.06
1	1	0.00	0.00	0.28	3.94	0.00
1	5	0.00	0.00	0.48	1.58	0.00
2	2	0.00	0.00	0.54	0.89	0.00
2	6	0.00	0.00	0.19	1.29	0.00
3	3	0.00	0.02	7.45	87.67	0.00
3	7	0.00	0.02	0.49	1.56	0.00
Core	CPU	C1%	C3%	C6%	C8%	C9%
-	-	0.00	0.21	7.62	14.49	0.00
0	0	0.02	1.67	52.24	18.13	0.00
0	4	0.00	0.02	1.06	0.31	0.00
1	1	0.00	0.01	3.66	73.37	0.00
1	5	0.00	0.00	0.23	1.09	0.00
2	2	0.00	0.00	0.45	1.09	0.00
2	6	0.00	0.00	0.35	0.99	0.00
3	3	0.00	0.00	1.95	20.68	0.00
3	7	0.00	0.00	0.99	0.30	0.00
Core	CPU	C1%	C3%	C6%	C8%	C9%
-	-	0.06	0.43	7.82	14.36	0.00
0	0	0.03	3.38	50.62	17.48	0.00
0	4	0.00	0.02	3.77	1.18	0.00
1	1	0.00	0.00	3.94	55.27	0.00
1	5	0.00	0.04	1.18	0.67	0.00
2	2	0.23	0.00	0.10	1.08	0.00
2	6	0.00	0.02	2.28	36.84	0.00
3	3	0.00	0.00	0.36	1.08	0.00
3	7	0.21	0.00	0.33	1.29	0.00
Core	CPU	C1%	C3%	C6%	C8%	C9%
-	-	0.00	0.24	7.41	14.61	0.00
0	0	0.02	1.92	51.76	18.36	0.00
0	4	0.00	0.03	1.16	0.30	0.00
1	1	0.00	0.00	3.73	86.01	0.00
1	5	0.00	0.00	0.40	0.49	0.00
2	2	0.00	0.00	0.42	0.79	0.00
2	6	0.00	0.00	0.97	8.86	0.00
3	3	0.00	0.00	0.19	1.09	0.00
3	7	0.00	0.00	0.65	0.99	0.00
Core	CPU	C1%	C3%	C6%	C8%	C9%
-	-	0.00	0.39	7.65	14.49	0.11
0	0	0.02	3.02	54.53	14.76	0.00
0	4	0.00	0.06	0.63	0.58	0.90
1	1	0.00	0.00	2.25	46.15	0.00
1	5	0.00	0.00	0.56	0.40	0.00
2	2	0.00	0.06	0.20	3.24	0.00
2	6	0.00	0.00	2.40	49.22	0.00
3	3	0.00	0.02	0.39	0.79	0.00
3	7	0.00	0.00	0.20	0.79	0.00
Core	CPU	C1%	C3%	C6%	C8%	C9%
-	-	0.01	1.18	8.98	17.72	1.63
0	0	0.01	1.12	28.55	12.20	0.12
0	4	0.00	0.00	1.11	0.00	12.89
1	1	0.03	7.98	36.29	37.91	0.00
1	5	0.00	0.00	0.27	0.79	0.00
2	2	0.00	0.01	0.54	7.35	0.00
2	6	0.00	0.02	3.92	53.95	0.00
3	3	0.00	0.12	0.20	0.30	0.00
3	7	0.01	0.18	0.97	29.24	0.00
Core	CPU	C1%	C3%	C6%	C8%	C9%
-	-	0.00	0.29	7.93	14.57	0.00
0	0	0.01	2.26	52.79	17.04	0.00
0	4	0.00	0.01	1.48	0.38	0.00
1	1	0.00	0.02	4.88	67.15	0.00
1	5	0.00	0.00	0.28	1.29	0.00
2	2	0.00	0.00	0.98	0.89	0.00
2	6	0.00	0.00	2.00	27.55	0.00
3	3	0.00	0.00	0.25	1.29	0.00
3	7	0.00	0.00	0.82	0.99	0.00
Core	CPU	C1%	C3%	C6%	C8%	C9%
-	-	0.00	0.44	6.77	14.61	0.00
0	0	0.01	3.46	48.04	19.85	0.00
0	4	0.00	0.02	0.56	0.99	0.00
1	1	0.00	0.00	4.18	91.73	0.00
1	5	0.00	0.00	0.22	0.91	0.00
2	2	0.00	0.02	0.28	0.81	0.00
2	6	0.00	0.00	0.18	1.10	0.00
3	3	0.00	0.00	0.27	0.81	0.00
3	7	0.00	0.02	0.44	0.70	0.00
Core	CPU	C1%	C3%	C6%	C8%	C9%
-	-	0.00	1.58	9.26	12.55	0.33
0	0	0.00	0.94	20.96	4.55	0.11
0	4	0.00	0.01	1.00	0.09	2.54
1	1	0.01	11.59	45.36	18.80	0.00
1	5	0.00	0.00	1.02	1.58	0.00
2	2	0.00	0.00	0.14	0.99	0.00
2	6	0.00	0.09	5.21	72.40	0.00
3	3	0.00	0.00	0.10	0.90	0.00
3	7	0.00	0.00	0.28	1.08	0.00
Core	CPU	C1%	C3%	C6%	C8%	C9%
-	-	0.00	1.98	9.23	12.67	1.17
0	0	0.00	0.76	10.27	5.14	0.13
0	4	0.00	0.02	1.42	0.00	9.21
1	1	0.03	14.97	55.35	0.00	0.00
1	5	0.00	0.00	0.25	0.50	0.00
2	2	0.00	0.00	0.28	0.90	0.00
2	6	0.00	0.00	2.46	45.84	0.00
3	3	0.00	0.00	0.14	1.09	0.00
3	7	0.00	0.05	3.70	47.92	0.00
Core	CPU	C1%	C3%	C6%	C8%	C9%
-	-	0.00	1.96	9.09	13.22	3.49
0	0	0.00	0.95	7.66	9.85	0.31
0	4	0.00	0.04	1.36	0.38	27.58
1	1	0.00	14.63	55.50	0.00	0.00
1	5	0.00	0.00	0.42	0.31	0.00
2	2	0.00	0.02	1.03	1.00	0.00
2	6	0.00	0.00	1.80	28.65	0.00
3	3	0.00	0.00	0.28	1.09	0.00
3	7	0.00	0.04	4.67	64.45	0.00
Core	CPU	C1%	C3%	C6%	C8%	C9%
-	-	0.00	0.33	8.15	13.57	0.32
0	0	0.01	2.59	57.23	12.42	0.00
0	4	0.00	0.03	0.65	0.40	2.53
1	1	0.00	0.00	0.70	0.20	0.00
1	5	0.00	0.00	0.28	0.80	0.00
2	2	0.00	0.00	0.26	0.59	0.00
2	6	0.00	0.04	5.55	92.34	0.00
3	3	0.00	0.00	0.33	0.80	0.00
3	7	0.00	0.00	0.19	1.01	0.00
Core	CPU	C1%	C3%	C6%	C8%	C9%
-	-	0.00	0.61	7.80	13.94	0.78
0	0	0.01	4.90	54.29	13.10	0.00
0	4	0.00	0.01	1.67	0.20	6.28
1	1	0.00	0.00	0.63	3.77	0.00
1	5	0.00	0.00	0.31	0.49	0.00
2	2	0.00	0.00	0.10	0.80	0.00
2	6	0.00	0.00	0.19	0.89	0.00
3	3	0.00	0.00	0.56	1.08	0.00
3	7	0.00	0.00	4.66	91.15	0.00
Core	CPU	C1%	C3%	C6%	C8%	C9%
-	-	0.00	0.43	8.65	14.68	2.81
0	0	0.01	3.42	59.16	9.72	0.00
0	4	0.00	0.01	0.91	0.67	22.52
1	1	0.00	0.00	3.22	9.96	0.00
1	5	0.00	0.00	0.36	0.69	0.00
2	2	0.00	0.00	0.34	1.09	0.00
2	6	0.00	0.00	0.32	1.19	0.00
3	3	0.00	0.00	0.00	0.60	0.00
3	7	0.00	0.02	4.86	93.52	0.00
Core	CPU	C1%	C3%	C6%	C8%	C9%
-	-	0.02	0.32	7.64	15.50	1.33
0	0	0.15	2.48	49.84	19.55	0.00
0	4	0.00	0.05	0.89	0.18	9.73
1	1	0.00	0.00	2.66	6.53	0.00
1	5	0.00	0.00	0.64	1.28	0.90
2	2	0.00	0.00	0.46	2.08	0.00
2	6	0.00	0.00	0.35	1.00	0.00
3	3	0.00	0.00	0.83	0.69	0.00
3	7	0.00	0.01	5.48	92.70	0.00
Core	CPU	C1%	C3%	C6%	C8%	C9%
-	-	0.00	0.22	7.65	14.43	0.00
0	0	0.02	1.80	53.60	16.64	0.00
0	4	0.00	0.00	1.86	0.30	0.00
1	1	0.00	0.00	0.15	0.59	0.00
1	5	0.00	0.00	0.23	0.59	0.00
2	2	0.00	0.00	0.20	0.90	0.00
2	6	0.00	0.00	0.30	1.18	0.00
3	3	0.00	0.00	0.47	1.29	0.00
3	7	0.00	0.00	4.40	93.92	0.00
Core	CPU	C1%	C3%	C6%	C8%	C9%
-	-	0.00	0.38	8.12	14.55	3.08
0	0	0.02	2.98	57.47	11.79	0.00
0	4	0.00	0.01	0.80	0.69	24.60
1	1	0.00	0.00	0.56	6.83	0.00
1	5	0.00	0.00	0.51	0.99	0.00
2	2	0.00	0.00	0.43	1.10	0.00
2	6	0.00	0.02	0.20	0.70	0.00
3	3	0.00	0.00	0.20	0.80	0.00
3	7	0.00	0.01	4.83	93.53	0.00
Core	CPU	C1%	C3%	C6%	C8%	C9%
-	-	0.04	0.38	7.42	14.22	0.62
0	0	0.02	2.95	49.68	17.95	0.00
0	4	0.00	0.05	1.27	0.10	2.49
1	1	0.29	0.00	0.70	3.42	0.00
1	5	0.00	0.00	0.10	0.99	0.00
2	2	0.00	0.00	0.28	0.99	0.00
2	6	0.00	0.02	2.72	30.21	0.00
3	3	0.00	0.00	0.74	0.59	0.00
3	7	0.00	0.02	3.85	59.53	2.50
Core	CPU	C1%	C3%	C6%	C8%	C9%
-	-	0.01	0.23	8.05	15.27	0.00
0	0	0.03	1.79	52.15	18.06	0.00
0	4	0.00	0.04	3.87	1.32	0.00
1	1	0.08	0.00	0.55	1.96	0.00
1	5	0.00	0.00	0.32	1.09	0.00
2	2	0.00	0.02	1.21	4.16	0.00
2	6	0.00	0.00	2.92	49.82	0.00
3	3	0.00	0.00	0.53	1.78	0.00
3	7	0.00	0.00	2.83	43.95	0.00
Core	CPU	C1%	C3%	C6%	C8%	C9%
-	-	0.00	0.31	7.44	14.80	0.00
0	0	0.03	2.33	49.88	19.74	0.00
0	4	0.00	0.01	0.78	0.50	0.00
1	1	0.00	0.00	0.46	0.89	0.00
1	5	0.00	0.00	0.33	1.19	0.00
2	2	0.00	0.01	0.91	0.59	0.00
2	6	0.00	0.06	0.89	0.79	0.00
3	3	0.00	0.00	0.55	2.17	0.00
3	7	0.00	0.04	5.70	92.51	0.00
Core	CPU	C1%	C3%	C6%	C8%	C9%
-	-	0.00	0.17	7.22	15.33	0.05
0	0	0.04	1.35	50.08	20.44	0.00
0	4	0.00	0.00	0.88	1.02	0.42
1	1	0.00	0.00	0.58	4.26	0.00
1	5	0.00	0.00	0.28	0.99	0.00
2	2	0.00	0.00	0.55	1.18	0.00
2	6	0.00	0.00	0.24	0.89	0.00
3	3	0.00	0.02	0.50	0.19	0.00
3	7	0.00	0.00	4.62	93.69	0.00
Core	CPU	C1%	C3%	C6%	C8%	C9%
-	-	0.00	0.17	7.21	15.19	0.00
0	0	0.04	1.28	48.90	21.62	0.00
0	4	0.00	0.00	0.94	0.48	0.00
1	1	0.00	0.00	0.79	3.04	0.00
1	5	0.00	0.01	0.79	0.49	0.00
2	2	0.00	0.00	0.29	0.98	0.00
2	6	0.00	0.03	2.36	32.88	0.00
3	3	0.00	0.00	0.36	0.69	0.00
3	7	0.00	0.00	3.24	61.36	0.00
Core	CPU	C1%	C3%	C6%	C8%	C9%
-	-	0.00	0.45	7.39	14.06	0.43
0	0	0.03	3.58	50.09	17.60	0.00
0	4	0.00	0.01	1.28	0.10	0.00
1	1	0.00	0.00	0.35	0.99	3.47
1	5	0.00	0.00	0.31	0.58	0.00
2	2	0.00	0.01	1.29	0.60	0.00
2	6	0.00	0.00	0.89	4.82	0.00
3	3	0.00	0.00	0.28	0.79	0.00
3	7	0.00	0.00	4.62	87.01	0.00
Core	CPU	C1%	C3%	C6%	C8%	C9%
-	-	0.00	0.27	7.33	15.12	1.68
0	0	0.03	2.16	51.61	18.17	0.00
0	4	0.00	0.02	0.56	1.09	13.41
1	1	0.00	0.00	0.29	5.60	0.00
1	5	0.00	0.00	0.27	0.89	0.00
2	2	0.00	0.00	0.64	0.20	0.00
2	6	0.00	0.00	0.33	0.89	0.00
3	3	0.00	0.02	0.20	0.50	0.00
3	7	0.00	0.00	4.70	93.61	0.00
Core	CPU	C1%	C3%	C6%	C8%	C9%
-	-	0.00	0.46	8.01	14.31	2.89
0	0	0.02	3.60	56.65	12.00	0.00
0	4	0.00	0.05	0.86	0.11	22.24
1	1	0.00	0.00	0.28	5.84	0.00
1	5	0.00	0.00	0.36	0.79	0.91
2	2	0.00	0.00	0.72	1.18	0.00
2	6	0.00	0.00	0.14	0.99	0.00
3	3	0.00	0.02	0.29	0.31	0.00
3	7	0.00	0.00	4.79	93.27	0.00
Core	CPU	C1%	C3%	C6%	C8%	C9%
-	-	0.01	0.81	8.26	13.56	0.01
0	0	0.02	1.33	37.06	12.09	0.11
0	4	0.00	0.00	1.15	0.00	0.00
1	1	0.00	0.00	0.92	0.39	0.00
1	5	0.00	0.01	0.79	0.40	0.00
2	2	0.00	0.00	0.49	0.59	0.00
2	6	0.00	0.00	0.28	1.18	0.00
3	3	0.09	5.14	19.66	1.18	0.00
3	7	0.00	0.00	5.73	92.64	0.00
Core	CPU	C1%	C3%	C6%	C8%	C9%
-	-	0.07	0.29	7.84	15.00	0.00
0	0	0.02	2.29	53.58	16.25	0.00
0	4	0.00	0.03	0.76	0.70	0.00
1	1	0.00	0.00	0.36	7.16	0.00
1	5	0.00	0.00	0.43	0.99	0.00
2	2	0.53	0.00	0.83	0.79	0.00
2	6	0.00	0.01	0.70	0.70	0.00
3	3	0.00	0.00	0.99	0.29	0.00
3	7	0.00	0.00	5.09	93.14	0.00
Core	CPU	C1%	C3%	C6%	C8%	C9%
-	-	0.00	0.69	9.53	17.35	1.58
0	0	0.01	5.40	55.65	10.54	0.00
0	4	0.00	0.02	1.31	0.80	12.65
1	1	0.00	0.00	12.04	24.20	0.00
1	5	0.00	0.00	0.30	1.39	0.00
2	2	0.00	0.00	0.85	0.59	0.00
2	6	0.00	0.00	0.96	10.26	0.00
3	3	0.00	0.02	0.58	0.90	0.00
3	7	0.00	0.05	4.53	90.10	0.00
Core	CPU	C1%	C3%	C6%	C8%	C9%
-	-	0.00	0.28	7.68	17.48	0.10
0	0	0.03	2.02	51.81	18.15	0.00
0	4	0.00	0.09	2.04	0.59	0.81
1	1	0.00	0.02	0.39	6.04	0.00
1	5	0.00	0.00	0.26	1.68	0.00
2	2	0.00	0.00	0.19	0.89	0.00
2	6	0.00	0.00	5.25	92.69	0.00
3	3	0.00	0.00	0.45	0.78	0.00
3	7	0.01	0.09	1.02	19.01	0.00
Core	CPU	C1%	C3%	C6%	C8%	C9%
-	-	0.09	0.37	8.15	15.24	2.46
0	0	0.02	2.95	52.21	16.94	0.00
0	4	0.00	0.01	1.64	0.40	19.70
1	1	0.68	0.00	3.13	10.09	0.00
1	5	0.00	0.00	0.20	0.79	0.00
2	2	0.00	0.00	0.15	0.59	0.00
2	6	0.00	0.02	6.54	91.69	0.00
3	3	0.00	0.00	0.38	0.59	0.00
3	7	0.00	0.00	0.94	0.79	0.00
Core	CPU	C1%	C3%	C6%	C8%	C9%
-	-	0.00	0.28	7.52	14.67	1.11
0	0	0.02	2.19	52.14	17.61	0.00
0	4	0.00	0.02	1.17	0.30	8.85
1	1	0.00	0.00	0.27	0.89	0.00
1	5	0.00	0.00	0.36	0.69	0.00
2	2	0.00	0.00	1.02	2.07	0.00
2	6	0.00	0.00	4.84	93.52	0.00
3	3	0.00	0.00	0.10	1.09	0.00
3	7	0.00	0.00	0.29	1.19	0.00
Core	CPU	C1%	C3%	C6%	C8%	C9%
-	-	0.01	0.16	7.09	15.01	0.00
0	0	0.04	1.23	48.29	22.29	0.00
0	4	0.00	0.00	0.89	0.30	0.00
1	1	0.00	0.00	0.88	1.48	0.00
1	5	0.00	0.00	0.27	0.89	0.00
2	2	0.00	0.00	0.35	0.69	0.00
2	6	0.00	0.06	5.52	92.73	0.00
3	3	0.00	0.02	0.29	0.90	0.00
3	7	0.00	0.00	0.19	0.79	0.00
Core	CPU	C1%	C3%	C6%	C8%	C9%
-	-	0.01	1.91	9.97	10.71	2.49
0	0	0.00	0.62	19.31	8.51	0.13
0	4	0.00	0.01	0.68	0.51	19.79
1	1	0.05	14.58	54.05	0.10	0.00
1	5	0.00	0.00	0.27	0.80	0.00
2	2	0.00	0.00	0.38	0.59	0.00
2	6	0.00	0.02	4.77	74.10	0.00
3	3	0.00	0.00	0.14	0.59	0.00
3	7	0.00	0.09	0.13	0.49	0.00
Core	CPU	C1%	C3%	C6%	C8%	C9%
-	-	0.00	0.41	9.37	15.97	0.43
0	0	0.02	3.18	55.36	13.39	0.00
0	4	0.00	0.04	2.44	1.79	3.47
1	1	0.00	0.04	9.54	17.34	0.00
1	5	0.00	0.00	0.33	0.99	0.00
2	2	0.00	0.00	0.68	0.50	0.00
2	6	0.00	0.03	6.09	91.90	0.00
3	3	0.00	0.00	0.37	0.79	0.00
3	7	0.00	0.00	0.15	1.09	0.00
Core	CPU	C1%	C3%	C6%	C8%	C9%
-	-	0.00	0.26	7.06	15.03	0.24
0	0	0.03	2.01	48.86	20.98	0.00
0	4	0.00	0.02	0.61	0.97	1.89
1	1	0.00	0.00	0.37	0.90	0.00
1	5	0.00	0.00	0.49	1.19	0.00
2	2	0.00	0.00	1.07	1.30	0.00
2	6	0.00	0.02	2.91	58.76	0.00
3	3	0.00	0.00	0.20	1.19	0.00
3	7	0.00	0.00	1.95	34.97	0.00
Core	CPU	C1%	C3%	C6%	C8%	C9%
-	-	0.00	0.26	7.38	14.56	0.20
0	0	0.04	1.99	51.87	18.04	0.00
0	4	0.00	0.03	0.78	0.80	1.59
1	1	0.00	0.02	0.29	0.80	0.00
1	5	0.00	0.00	0.10	1.09	0.00
2	2	0.00	0.00	0.28	0.99	0.00
2	6	0.00	0.00	0.37	0.79	0.00
3	3	0.00	0.00	0.35	0.69	0.00
3	7	0.00	0.03	5.00	93.27	0.00
Core	CPU	C1%	C3%	C6%	C8%	C9%
-	-	0.00	0.11	6.78	15.22	0.00
0	0	0.03	0.91	47.51	23.35	0.00
0	4	0.00	0.00	1.16	0.40	0.00
1	1	0.00	0.00	0.15	0.99	0.00
1	5	0.00	0.00	0.25	0.70	0.00
2	2	0.00	0.00	0.12	0.80	0.00
2	6	0.00	0.00	0.10	0.99	0.00
3	3	0.00	0.00	0.37	0.89	0.00
3	7	0.00	0.00	4.62	93.63	0.00
Core	CPU	C1%	C3%	C6%	C8%	C9%
-	-	0.02	1.99	8.74	12.54	2.99
0	0	0.00	0.77	9.59	4.55	0.06
0	4	0.00	0.02	1.00	0.50	23.83
1	1	0.00	0.00	0.18	0.89	0.00
1	5	0.00	0.00	0.37	0.69	0.00
2	2	0.15	15.11	53.44	0.00	0.00
2	6	0.00	0.00	0.13	1.00	0.00
3	3	0.00	0.01	0.39	0.80	0.00
3	7	0.00	0.01	4.84	91.85	0.00
Core	CPU	C1%	C3%	C6%	C8%	C9%
-	-	0.00	1.87	9.48	13.10	1.29
0	0	0.00	0.62	10.67	5.17	0.00
0	4	0.00	0.00	0.91	1.20	10.34
1	1	0.00	0.02	1.38	2.10	0.00
1	5	0.00	0.00	0.66	0.91	0.00
2	2	0.04	14.25	55.94	0.00	0.00
2	6	0.00	0.00	0.46	1.40	0.00
3	3	0.00	0.00	0.34	1.00	0.00
3	7	0.00	0.06	5.47	93.05	0.00
Core	CPU	C1%	C3%	C6%	C8%	C9%
-	-	0.02	1.96	9.27	12.86	2.34
0	0	0.00	0.74	9.53	5.59	0.11
0	4	0.00	0.04	0.74	0.81	18.63
1	1	0.01	8.29	30.31	0.40	0.00
1	5	0.00	0.00	0.73	1.78	0.00
2	2	0.12	6.57	26.02	0.01	0.00
2	6	0.00	0.02	0.89	0.40	0.00
3	3	0.00	0.00	0.26	1.00	0.00
3	7	0.00	0.02	5.65	92.87	0.00
Core	CPU	C1%	C3%	C6%	C8%	C9%
-	-	0.01	0.12	7.23	15.16	0.00
0	0	0.04	0.90	47.22	23.62	0.00
0	4	0.00	0.00	0.99	0.40	0.00
1	1	0.00	0.00	1.22	2.94	0.00
1	5	0.00	0.00	0.50	0.90	0.00
2	2	0.00	0.00	0.49	0.39	0.00
2	6	0.00	0.03	3.71	57.14	0.00
3	3	0.00	0.00	0.83	0.30	0.00
3	7	0.00	0.03	2.86	35.62	0.00
Core	CPU	C1%	C3%	C6%	C8%	C9%
-	-	0.01	1.87	9.63	12.35	0.39
0	0	0.00	0.35	12.04	4.06	0.15
0	4	0.07	0.01	1.16	0.40	2.94
1	1	0.00	0.00	0.44	0.20	0.00
1	5	0.00	0.00	0.33	1.09	0.00
2	2	0.02	14.57	55.37	0.00	0.00
2	6	0.00	0.02	2.01	15.47	0.00
3	3	0.00	0.00	0.47	0.59	0.00
3	7	0.00	0.00	5.20	77.03	0.00
Core	CPU	C1%	C3%	C6%	C8%	C9%
-	-	0.02	0.50	8.01	13.85	0.87
0	0	0.12	4.02	56.19	10.81	0.00
0	4	0.00	0.01	0.68	0.49	6.99
1	1	0.00	0.00	0.84	6.24	0.00
1	5	0.00	0.00	0.45	0.80	0.00
2	2	0.00	0.00	1.03	0.30	0.00
2	6	0.00	0.00	0.23	0.49	0.00
3	3	0.00	0.00	0.19	1.00	0.00
3	7	0.01	0.00	4.48	90.64	0.00
Core	CPU	C1%	C3%	C6%	C8%	C9%
-	-	0.00	0.26	7.42	14.57	1.66
0	0	0.03	2.08	50.87	18.91	0.00
0	4	0.00	0.03	1.72	0.00	13.28
1	1	0.00	0.00	0.39	0.50	0.00
1	5	0.00	0.00	0.56	0.50	0.00
2	2	0.00	0.00	0.39	1.68	0.00
2	6	0.00	0.00	0.35	0.99	0.00
3	3	0.00	0.00	0.23	0.50	0.00
3	7	0.00	0.00	4.81	93.47	0.00
Core	CPU	C1%	C3%	C6%	C8%	C9%
-	-	0.00	0.25	6.96	15.68	0.20
0	0	0.04	1.95	47.83	22.09	0.00
0	4	0.00	0.00	1.51	0.40	1.59
1	1	0.00	0.00	0.23	4.85	0.00
1	5	0.00	0.02	0.68	0.70	0.00
2	2	0.00	0.00	0.30	1.18	0.00
2	6	0.00	0.02	2.14	40.68	0.00
3	3	0.00	0.00	0.46	1.17	0.00
3	7	0.00	0.00	2.57	54.40	0.00
Core	CPU	C1%	C3%	C6%	C8%	C9%
-	-	0.00	0.21	7.47	14.54	0.05
0	0	0.02	1.58	52.19	18.12	0.00
0	4	0.00	0.09	1.25	0.59	0.37
1	1	0.00	0.00	0.27	0.99	0.00
1	5	0.00	0.00	0.35	0.79	0.00
2	2	0.00	0.00	0.23	0.70	0.00
2	6	0.00	0.02	3.49	65.92	0.00
3	3	0.00	0.00	0.20	1.09	0.00
3	7	0.00	0.00	1.77	28.10	0.00
Core	CPU	C1%	C3%	C6%	C8%	C9%
-	-	0.00	0.22	7.27	14.64	0.00
0	0	0.04	1.76	50.91	19.21	0.00
0	4	0.00	0.03	0.70	0.29	0.00
1	1	0.00	0.00	0.33	1.20	0.00
1	5	0.00	0.00	0.37	0.89	0.00
2	2	0.00	0.00	0.36	0.60	0.00
2	6	0.00	0.00	0.25	0.79	0.00
3	3	0.00	0.00	0.33	0.79	0.00
3	7	0.00	0.00	4.90	93.38	0.00
Core	CPU	C1%	C3%	C6%	C8%	C9%
-	-	0.00	0.55	7.58	14.18	0.41
0	0	0.02	4.31	53.49	13.58	0.00
0	4	0.00	0.00	1.07	0.39	3.26
1	1	0.00	0.00	0.44	4.55	0.00
1	5	0.00	0.00	0.13	1.68	0.00
2	2	0.00	0.00	0.19	0.90	0.00
2	6	0.00	0.00	0.26	0.99	0.00
3	3	0.00	0.00	0.37	0.79	0.00
3	7	0.00	0.10	4.66	90.59	0.00
Core	CPU	C1%	C3%	C6%	C8%	C9%
-	-	0.00	0.25	7.75	14.50	0.00
0	0	0.03	1.94	53.26	16.76	0.00
0	4	0.00	0.02	1.03	0.59	0.00
1	1	0.00	0.00	0.56	1.28	0.00
1	5	0.00	0.00	0.53	1.21	0.00
2	2	0.00	0.00	0.83	0.39	0.00
2	6	0.00	0.02	1.84	14.69	0.00
3	3	0.00	0.00	0.30	1.68	0.00
3	7	0.00	0.00	3.66	79.37	0.00
Core	CPU	C1%	C3%	C6%	C8%	C9%
-	-	0.01	1.19	8.66	13.51	0.02
0	0	0.01	0.90	29.64	10.53	0.15
0	4	0.00	0.02	1.60	1.08	0.01
1	1	0.05	8.52	30.69	0.89	0.00
1	5	0.00	0.00	0.19	0.98	0.00
2	2	0.00	0.00	0.37	0.69	0.00
2	6	0.00	0.02	1.34	21.14	0.00
3	3	0.00	0.00	0.32	0.91	0.00
3	7	0.00	0.01	5.10	71.88	0.00
Core	CPU	C1%	C3%	C6%	C8%	C9%
-	-	0.01	1.95	9.81	16.09	1.92
0	0	0.00	0.97	9.34	6.22	0.14
0	4	0.00	0.01	1.15	0.98	15.26
1	1	0.03	14.31	56.31	0.00	0.00
1	5	0.00	0.02	0.69	0.40	0.00
2	2	0.00	0.01	0.79	1.20	0.00
2	6	0.00	0.08	8.85	89.68	0.00
3	3	0.00	0.00	0.37	0.69	0.00
3	7	0.01	0.18	0.95	29.53	0.00
Core	CPU	C1%	C3%	C6%	C8%	C9%
-	-	0.00	1.85	9.50	12.45	1.93
0	0	0.00	0.30	11.99	3.74	0.22
0	4	0.00	0.01	0.62	0.79	15.18
1	1	0.01	14.49	55.68	0.00	0.00
1	5	0.00	0.00	0.45	0.90	0.00
2	2	0.00	0.00	0.44	0.50	0.00
2	6	0.00	0.01	2.15	21.59	0.00
3	3	0.00	0.00	0.00	0.50	0.00
3	7	0.00	0.01	4.64	71.56	0.00
Core	CPU	C1%	C3%	C6%	C8%	C9%
-	-	0.00	0.46	7.45	13.95	0.24
0	0	0.03	3.49	51.72	16.96	0.00
0	4	0.00	0.00	0.65	0.70	1.95
1	1	0.00	0.00	1.09	0.69	0.00
1	5	0.00	0.00	0.38	0.98	0.00
2	2	0.00	0.00	0.19	0.89	0.00
2	6	0.00	0.00	0.27	0.89	0.00
3	3	0.00	0.00	0.35	0.30	0.00
3	7	0.00	0.16	4.92	90.20	0.00
Core	CPU	C1%	C3%	C6%	C8%	C9%
-	-	0.00	0.31	7.72	14.20	0.29
0	0	0.02	2.40	54.89	14.76	0.00
0	4	0.00	0.06	1.27	0.79	2.35
1	1	0.00	0.00	0.15	0.89	0.00
1	5	0.00	0.00	0.18	0.49	0.00
2	2	0.00	0.00	0.20	0.90	0.00
2	6	0.00	0.00	0.21	0.98	0.00
3	3	0.00	0.00	0.37	0.99	0.00
3	7	0.00	0.00	4.52	93.82	0.00
Core	CPU	C1%	C3%	C6%	C8%	C9%
-	-	0.00	0.30	7.17	15.20	0.27
0	0	0.03	2.39	49.92	19.52	0.00
0	4	0.00	0.01	0.93	1.69	2.13
1	1	0.00	0.00	0.27	2.09	0.00
1	5	0.00	0.00	0.54	0.70	0.00
2	2	0.00	0.00	0.59	1.69	0.00
2	6	0.00	0.00	0.40	5.91	0.00
3	3	0.00	0.00	0.19	1.00	0.00
3	7	0.00	0.00	4.48	88.98	0.00
Core	CPU	C1%	C3%	C6%	C8%	C9%
-	-	0.00	0.31	7.84	14.13	0.00
0	0	0.02	2.45	55.46	14.15	0.00
0	4	0.00	0.01	1.13	0.10	0.00
1	1	0.00	0.02	0.39	0.80	0.00
1	5	0.00	0.00	0.10	0.99	0.00
2	2	0.00	0.00	0.28	1.08	0.00
2	6	0.00	0.00	0.37	1.18	0.00
3	3	0.00	0.00	0.25	1.18	0.00
3	7	0.00	0.02	4.76	93.55	0.00
Core	CPU	C1%	C3%	C6%	C8%	C9%
-	-	0.00	0.15	7.08	14.82	0.00
0	0	0.04	1.17	48.13	22.34	0.00
0	4	0.00	0.00	1.16	0.00	0.00
1	1	0.00	0.00	0.34	0.49	0.00
1	5	0.00	0.00	0.27	0.69	0.00
2	2	0.00	0.00	0.20	0.69	0.00
2	6	0.00	0.01	3.48	49.07	0.00
3	3	0.00	0.00	0.36	0.69	0.00
3	7	0.00	0.00	2.68	44.57	0.00
Core	CPU	C1%	C3%	C6%	C8%	C9%
-	-	0.00	0.39	7.47	13.85	2.56
0	0	0.02	3.04	52.86	14.48	0.00
0	4	0.00	0.06	1.02	0.60	19.86
1	1	0.00	0.00	0.46	0.59	0.00
1	5	0.00	0.00	0.14	0.99	0.00
2	2	0.00	0.02	0.29	0.89	0.00
2	6	0.00	0.00	0.47	1.09	0.00
3	3	0.00	0.00	0.29	1.18	0.00
3	7	0.00	0.00	4.23	90.99	0.61
Core	CPU	C1%	C3%	C6%	C8%	C9%
-	-	0.00	0.34	7.96	14.23	0.29
0	0	0.01	2.65	55.81	13.59	0.00
0	4	0.00	0.03	0.96	0.00	2.31
1	1	0.00	0.00	0.28	2.48	0.00
1	5	0.00	0.00	0.51	0.88	0.00
2	2	0.00	0.00	0.78	1.69	0.00
2	6	0.00	0.00	0.70	5.32	0.00
3	3	0.00	0.00	0.10	0.80	0.00
3	7	0.00	0.00	4.55	89.09	0.00
Core	CPU	C1%	C3%	C6%	C8%	C9%
-	-	0.00	0.34	7.23	14.70	2.30
0	0	0.03	2.68	49.92	19.34	0.00
0	4	0.00	0.06	1.17	0.29	17.52
1	1	0.00	0.00	0.30	0.89	0.00
1	5	0.00	0.00	0.30	0.89	0.90
2	2	0.00	0.00	0.48	0.80	0.00
2	6	0.00	0.00	0.28	1.19	0.00
3	3	0.00	0.00	0.32	1.00	0.00
3	7	0.00	0.02	5.06	93.17	0.00
Core	CPU	C1%	C3%	C6%	C8%	C9%
-	-	0.00	0.18	7.02	14.86	0.27
0	0	0.03	1.41	48.66	21.49	0.00
0	4	0.00	0.00	0.96	0.09	2.15
1	1	0.00	0.00	0.32	0.50	0.00
1	5	0.00	0.00	0.10	0.99	0.00
2	2	0.00	0.00	0.19	0.89	0.00
2	6	0.00	0.00	0.37	1.19	0.00
3	3	0.00	0.00	0.45	0.59	0.00
3	7	0.00	0.00	5.13	93.13	0.00
Core	CPU	C1%	C3%	C6%	C8%	C9%
-	-	0.00	0.27	7.60	14.42	2.29
0	0	0.03	2.14	52.62	17.16	0.00
0	4	0.00	0.02	0.62	0.79	18.28
1	1	0.00	0.00	0.26	0.89	0.00
1	5	0.00	0.00	0.25	0.99	0.00
2	2	0.00	0.00	0.72	0.19	0.00
2	6	0.00	0.01	2.80	39.08	0.00
3	3	0.00	0.00	0.79	0.98	0.00
3	7	0.00	0.00	2.72	55.25	0.00
Core	CPU	C1%	C3%	C6%	C8%	C9%
-	-	0.00	0.48	7.33	14.45	1.40
0	0	0.02	3.71	49.36	18.37	0.00
0	4	0.00	0.04	0.69	0.59	11.18
1	1	0.00	0.00	0.22	2.47	0.00
1	5	0.00	0.00	0.45	1.19	0.00
2	2	0.00	0.02	0.55	1.78	0.00
2	6	0.00	0.07	6.05	89.92	0.00
3	3	0.00	0.02	0.29	0.90	0.00
3	7	0.00	0.02	0.99	0.40	0.00
Core	CPU	C1%	C3%	C6%	C8%	C9%
-	-	0.00	0.19	7.12	14.99	0.00
0	0	0.03	1.42	48.36	22.01	0.00
0	4	0.00	0.04	1.21	0.11	0.00
1	1	0.00	0.00	0.52	0.99	0.00
1	5	0.00	0.00	0.20	1.19	0.00
2	2	0.00	0.00	0.29	0.89	0.00
2	6	0.00	0.05	5.19	93.03	0.00
3	3	0.00	0.00	0.35	1.09	0.00
3	7	0.00	0.03	0.89	0.59	0.00
Core	CPU	C1%	C3%	C6%	C8%	C9%
-	-	0.00	0.30	7.29	14.65	0.18
0	0	0.03	2.27	50.21	19.39	0.00
0	4	0.00	0.04	0.88	0.60	1.43
1	1	0.00	0.00	0.23	0.90	0.00
1	5	0.00	0.02	0.28	0.90	0.00
2	2	0.00	0.00	0.16	0.90	0.00
2	6	0.00	0.06	5.89	92.33	0.00
3	3	0.00	0.00	0.36	1.09	0.00
3	7	0.00	0.00	0.34	1.09	0.00
Core	CPU	C1%	C3%	C6%	C8%	C9%
-	-	0.00	0.31	7.97	14.10	0.13
0	0	0.02	2.44	55.37	14.27	0.00
0	4	0.00	0.04	1.43	0.00	1.04
1	1	0.00	0.00	0.24	1.80	0.00
1	5	0.00	0.00	0.23	1.09	0.00
2	2	0.00	0.00	0.50	0.59	0.00
2	6	0.00	0.01	1.79	30.52	0.00
3	3	0.00	0.00	0.28	1.08	0.00
3	7	0.00	0.00	3.95	63.45	0.00
Core	CPU	C1%	C3%	C6%	C8%	C9%
-	-	0.00	0.35	7.83	14.34	1.21
0	0	0.02	2.72	55.40	13.92	0.00
0	4	0.00	0.01	0.98	0.89	9.67
1	1	0.00	0.00	0.27	1.78	0.00
1	5	0.00	0.00	0.45	0.89	0.00
2	2	0.00	0.00	0.51	1.79	0.00
2	6	0.00	0.04	0.91	12.22	0.00
3	3	0.00	0.00	0.10	0.80	0.00
3	7	0.00	0.02	4.04	82.42	0.00
Core	CPU	C1%	C3%	C6%	C8%	C9%
-	-	0.00	0.51	7.63	13.80	0.25
0	0	0.02	4.01	52.52	14.93	0.00
0	4	0.00	0.05	1.17	0.30	2.00
1	1	0.00	0.02	0.29	1.90	0.00
1	5	0.00	0.00	0.64	0.80	0.00
2	2	0.00	0.00	0.19	0.88	0.00
2	6	0.00	0.00	0.37	0.79	0.00
3	3	0.00	0.00	0.64	0.69	0.00
3	7	0.00	0.03	5.22	90.09	0.00
Core	CPU	C1%	C3%	C6%	C8%	C9%
-	-	0.00	0.43	8.45	15.09	2.11
0	0	0.02	3.42	57.17	11.68	0.00
0	4	0.00	0.02	0.65	1.12	16.90
1	1	0.00	0.00	3.48	11.00	0.00
1	5	0.00	0.00	0.27	0.90	0.00
2	2	0.00	0.00	0.19	0.98	0.00
2	6	0.00	0.00	0.27	0.99	0.00
3	3	0.00	0.00	0.45	0.89	0.00
3	7	0.00	0.02	5.14	93.13	0.00
Core	CPU	C1%	C3%	C6%	C8%	C9%
-	-	0.00	0.38	7.66	14.70	0.64
0	0	0.02	2.96	53.74	15.54	0.00
0	4	0.00	0.05	1.38	0.29	5.11
1	1	0.00	0.00	0.49	4.36	0.00
1	5	0.00	0.00	0.14	0.99	0.00
2	2	0.00	0.02	0.29	1.00	0.00
2	6	0.00	0.00	1.88	40.97	0.00
3	3	0.00	0.00	0.19	1.08	0.00
3	7	0.00	0.01	3.16	53.39	0.00
Core	CPU	C1%	C3%	C6%	C8%	C9%
-	-	0.00	0.26	7.49	15.29	0.79
0	0	0.03	2.01	50.71	19.13	0.00
0	4	0.00	0.02	1.11	0.32	6.31
1	1	0.00	0.00	0.28	4.62	0.00
1	5	0.00	0.00	0.45	0.57	0.00
2	2	0.00	0.00	1.04	2.07	0.00
2	6	0.00	0.02	4.50	80.39	0.00
3	3	0.00	0.00	0.19	1.10	0.00
3	7	0.00	0.00	1.66	14.08	0.00
Core	CPU	C1%	C3%	C6%	C8%	C9%
-	-	0.00	0.36	8.13	13.94	0.53
0	0	0.02	2.79	56.99	12.42	0.00
0	4	0.00	0.05	1.21	0.77	4.21
1	1	0.00	0.02	0.29	0.80	0.00
1	5	0.00	0.00	0.20	0.99	0.00
2	2	0.00	0.00	0.78	1.37	0.00
2	6	0.00	0.00	0.27	0.79	0.00
3	3	0.00	0.00	0.45	0.98	0.00
3	7	0.00	0.03	4.88	93.43	0.00
Core	CPU	C1%	C3%	C6%	C8%	C9%
-	-	0.01	1.34	8.52	16.20	0.20
0	0	0.02	0.92	24.56	10.37	0.47
0	4	0.00	0.02	1.14	1.32	1.11
1	1	0.02	9.72	34.11	0.50	0.00
1	5	0.00	0.03	0.28	0.71	0.00
2	2	0.00	0.00	0.19	0.90	0.00
2	6	0.00	0.04	4.61	55.14	0.00
3	3	0.00	0.00	0.36	0.70	0.00
3	7	0.01	0.03	2.89	59.97	0.00
Core	CPU	C1%	C3%	C6%	C8%	C9%
-	-	0.00	0.44	8.53	14.51	0.26
0	0	0.01	3.47	58.95	9.84	0.00
0	4	0.00	0.03	1.22	0.81	2.08
1	1	0.00	0.00	1.04	8.98	0.00
1	5	0.00	0.00	0.36	0.79	0.00
2	2	0.00	0.00	0.24	1.08	0.00
2	6	0.00	0.02	4.97	93.40	0.00
3	3	0.00	0.00	0.40	0.80	0.00
3	7	0.00	0.00	1.07	0.39	0.00
Core	CPU	C1%	C3%	C6%	C8%	C9%
-	-	0.00	0.52	8.93	14.96	2.44
0	0	0.02	4.10	57.72	10.67	0.00
0	4	0.00	0.03	0.90	1.21	19.50
1	1	0.00	0.00	3.95	12.30	0.00
1	5	0.00	0.00	0.28	0.89	0.00
2	2	0.00	0.01	0.82	1.48	0.00
2	6	0.00	0.05	5.74	92.59	0.00
3	3	0.00	0.00	1.32	0.59	0.00
3	7	0.00	0.02	0.67	0.00	0.00
Core	CPU	C1%	C3%	C6%	C8%	C9%
-	-	0.00	0.18	7.16	15.38	0.29
0	0	0.03	1.42	50.64	19.85	0.00
0	4	0.00	0.00	0.63	0.98	2.32
1	1	0.00	0.00	4.37	93.99	0.00
1	5	0.00	0.00	0.14	0.40	0.00
2	2	0.00	0.01	0.39	4.98	0.00
2	6	0.00	0.00	0.42	1.19	0.00
3	3	0.00	0.00	0.28	0.88	0.00
3	7	0.00	0.00	0.45	0.79	0.00
Core	CPU	C1%	C3%	C6%	C8%	C9%
-	-	0.00	0.27	7.63	15.57	0.52
0	0	0.02	2.18	53.74	16.12	0.00
0	4	0.00	0.00	0.41	1.10	4.16
1	1	0.00	0.00	5.05	89.27	0.00
1	5	0.00	0.00	0.44	0.60	0.00
2	2	0.00	0.00	0.72	11.20	0.00
2	6	0.00	0.00	0.30	4.87	0.00
3	3	0.00	0.00	0.10	0.80	0.00
3	7	0.00	0.00	0.29	0.59	0.00
Core	CPU	C1%	C3%	C6%	C8%	C9%
-	-	0.00	0.43	7.38	13.98	1.38
0	0	0.02	3.35	50.93	16.96	0.00
0	4	0.00	0.04	0.48	0.60	10.29
1	1	0.00	0.01	3.80	53.41	0.00
1	5	0.00	0.00	0.27	1.19	0.00
2	2	0.00	0.00	0.26	0.69	0.00
2	6	0.00	0.00	2.80	36.90	0.00
3	3	0.00	0.02	0.29	1.10	0.00
3	7	0.00	0.01	0.19	0.99	0.77
Core	CPU	C1%	C3%	C6%	C8%	C9%
-	-	0.00	0.27	8.17	15.86	0.36
0	0	0.02	2.03	50.97	16.83	0.00
0	4	0.00	0.07	4.67	2.49	2.87
1	1	0.00	0.02	6.11	92.29	0.00
1	5	0.00	0.00	0.19	1.00	0.00
2	2	0.00	0.00	1.69	11.84	0.00
2	6	0.00	0.00	0.37	0.69	0.00
3	3	0.00	0.00	0.35	0.79	0.00
3	7	0.00	0.05	1.03	0.92	0.00
Core	CPU	C1%	C3%	C6%	C8%	C9%
-	-	0.00	1.98	9.10	12.70	0.30
0	0	0.00	0.43	10.01	5.10	0.00
0	4	0.00	0.02	0.87	0.66	2.44
1	1	0.00	0.00	5.42	92.90	0.00
1	5	0.00	0.00	0.13	0.99	0.00
2	2	0.00	0.00	0.63	0.31	0.00
2	6	0.04	15.38	54.91	0.00	0.00
3	3	0.00	0.00	0.28	0.99	0.00
3	7	0.00	0.00	0.53	0.60	0.00
Core	CPU	C1%	C3%	C6%	C8%	C9%
-	-	0.01	1.94	9.63	12.72	2.11
0	0	0.00	0.94	9.15	7.05	0.13
0	4	0.00	0.03	2.80	0.77	16.05
1	1	0.07	0.00	7.41	89.38	0.00
1	5	0.00	0.00	0.48	0.90	0.00
2	2	0.00	0.00	0.53	0.61	0.74
2	6	0.01	14.56	55.45	0.00	0.00
3	3	0.00	0.01	0.90	2.36	0.00
3	7	0.00	0.00	0.33	0.69	0.00
Core	CPU	C1%	C3%	C6%	C8%	C9%
-	-	0.00	1.92	9.34	12.71	2.39
0	0	0.00	0.92	9.21	5.19	0.04
0	4	0.00	0.04	1.26	0.50	18.16
1	1	0.00	0.01	6.64	91.99	0.00
1	5	0.00	0.00	0.47	0.14	0.96
2	2	0.00	0.00	0.56	1.27	0.00
2	6	0.02	14.36	55.60	0.00	0.00
3	3	0.00	0.00	0.65	1.19	0.00
3	7	0.00	0.00	0.32	1.39	0.00
Core	CPU	C1%	C3%	C6%	C8%	C9%
-	-	0.00	2.01	9.25	12.90	2.46
0	0	0.00	1.02	9.39	6.53	0.11
0	4	0.00	0.05	1.10	1.29	19.59
1	1	0.00	0.00	6.37	91.76	0.00
1	5	0.00	0.01	0.52	1.32	0.00
2	2	0.00	0.01	1.12	0.49	0.00
2	6	0.01	14.95	54.96	0.00	0.00
3	3	0.00	0.00	0.19	0.99	0.00
3	7	0.00	0.00	0.38	0.78	0.00
Core	CPU	C1%	C3%	C6%	C8%	C9%
-	-	0.00	1.94	9.44	12.73	3.56
0	0	0.00	0.86	8.18	5.23	0.00
0	4	0.00	0.01	0.97	0.91	27.69
1	1	0.00	0.00	8.32	90.30	0.00
1	5	0.00	0.01	0.95	0.33	0.00
2	2	0.00	0.00	0.55	0.61	0.80
2	6	0.03	14.63	55.55	0.00	0.00
3	3	0.00	0.00	0.89	3.28	0.00
3	7	0.00	0.00	0.09	1.20	0.00
Core	CPU	C1%	C3%	C6%	C8%	C9%
-	-	0.00	1.03	8.83	13.70	0.82
0	0	0.01	1.87	36.94	7.73	0.00
0	4	0.00	0.03	1.21	0.20	5.60
1	1	0.00	0.00	5.00	89.42	0.00
1	5	0.00	0.00	0.43	1.22	0.96
2	2	0.00	0.00	0.49	5.83	0.00
2	6	0.02	6.30	25.80	3.35	0.00
3	3	0.00	0.00	0.28	0.98	0.00
3	7	0.00	0.03	0.46	0.89	0.00
Core	CPU	C1%	C3%	C6%	C8%	C9%
-	-	0.00	2.09	9.22	12.31	5.14
0	0	0.00	1.17	8.56	6.70	0.10
0	4	0.00	0.01	0.98	0.60	36.38
1	1	0.00	0.00	8.56	87.38	0.00
1	5	0.00	0.00	0.43	1.62	1.11
2	2	0.03	8.80	28.21	0.51	0.00
2	6	0.00	6.76	25.94	0.40	0.00
3	3	0.00	0.01	0.38	1.01	0.00
3	7	0.00	0.00	0.68	0.30	3.51
Core	CPU	C1%	C3%	C6%	C8%	C9%
-	-	0.00	0.19	7.57	14.67	0.00
0	0	0.04	1.54	50.88	19.46	0.00
0	4	0.00	0.00	0.73	0.89	0.00
1	1	0.00	0.00	4.72	93.64	0.00
1	5	0.00	0.00	0.28	0.89	0.00
2	2	0.00	0.00	1.67	0.59	0.00
2	6	0.00	0.00	0.65	0.88	0.00
3	3	0.00	0.00	0.73	0.59	0.00
3	7	0.00	0.01	0.89	0.40	0.00
Core	CPU	C1%	C3%	C6%	C8%	C9%
-	-	0.01	0.23	7.08	14.92	0.12
0	0	0.04	1.81	47.81	22.25	0.00
0	4	0.00	0.00	0.67	0.97	0.00
1	1	0.00	0.00	6.51	91.84	0.00
1	5	0.00	0.00	0.37	1.43	0.97
2	2	0.00	0.00	0.39	0.79	0.00
2	6	0.00	0.00	0.34	0.99	0.00
3	3	0.00	0.00	0.37	0.59	0.00
3	7	0.00	0.00	0.18	0.50	0.00
Core	CPU	C1%	C3%	C6%	C8%	C9%
-	-	0.00	0.21	7.34	15.06	0.23
0	0	0.03	1.59	50.48	19.68	0.00
0	4	0.00	0.04	1.55	1.00	1.81
1	1	0.00	0.00	0.99	12.61	0.00
1	5	0.00	0.01	0.35	1.06	0.00
2	2	0.00	0.03	0.47	2.20	0.00
2	6	0.00	0.00	4.15	81.84	0.00
3	3	0.00	0.00	0.38	1.18	0.00
3	7	0.00	0.00	0.36	0.89	0.00
Core	CPU	C1%	C3%	C6%	C8%	C9%
-	-	0.00	0.37	8.53	14.75	1.16
0	0	0.02	2.94	57.67	11.56	0.00
0	4	0.00	0.02	1.07	0.69	9.30
1	1	0.00	0.00	3.66	8.35	0.00
1	5	0.00	0.00	0.44	0.99	0.00
2	2	0.00	0.00	0.24	1.19	0.00
2	6	0.00	0.00	4.62	93.84	0.00
3	3	0.00	0.01	0.19	0.80	0.00
3	7	0.00	0.00	0.37	0.60	0.00
Core	CPU	C1%	C3%	C6%	C8%	C9%
-	-	0.10	0.56	8.31	13.76	1.89
0	0	0.01	4.42	59.63	6.59	0.00
0	4	0.00	0.00	1.00	0.79	15.14
1	1	0.00	0.00	0.38	6.42	0.00
1	5	0.00	0.02	0.35	1.09	0.00
2	2	0.79	0.00	0.36	1.78	0.00
2	6	0.00	0.00	4.18	91.59	0.00
3	3	0.00	0.02	0.39	0.80	0.00
3	7	0.00	0.00	0.19	0.99	0.00
Core	CPU	C1%	C3%	C6%	C8%	C9%
-	-	0.00	1.80	9.15	12.61	0.02
0	0	0.00	0.10	12.36	0.75	0.12
0	4	0.00	0.00	0.61	0.99	0.00
1	1	0.00	0.00	0.19	0.89	0.00
1	5	0.00	0.00	0.35	1.12	0.00
2	2	0.01	14.32	55.64	0.10	0.00
2	6	0.00	0.00	3.49	95.15	0.00
3	3	0.00	0.01	0.29	0.80	0.00
3	7	0.00	0.00	0.30	1.08	0.00
Core	CPU	C1%	C3%	C6%	C8%	C9%
-	-	0.01	0.46	7.84	14.17	0.43
0	0	0.05	3.62	55.82	12.84	0.00
0	4	0.04	0.03	0.71	1.36	3.41
1	1	0.00	0.01	1.91	42.96	0.00
1	5	0.00	0.00	0.23	2.16	0.00
2	2	0.00	0.00	1.06	0.40	0.00
2	6	0.00	0.00	2.65	51.68	0.00
3	3	0.00	0.00	0.14	0.99	0.00
3	7	0.00	0.03	0.20	0.98	0.00
Core	CPU	C1%	C3%	C6%	C8%	C9%
-	-	0.00	0.22	7.63	14.45	0.00
0	0	0.03	1.75	50.90	19.23	0.00
0	4	0.00	0.01	1.27	0.60	0.00
1	1	0.00	0.02	6.13	92.23	0.00
1	5	0.00	0.02	0.98	0.29	0.00
2	2	0.00	0.00	0.19	0.99	0.00
2	6	0.00	0.00	0.87	0.30	0.00
3	3	0.00	0.00	0.36	0.79	0.00
3	7	0.00	0.00	0.29	1.18	0.00
Core	CPU	C1%	C3%	C6%	C8%	C9%
-	-	0.00	0.48	8.24	15.52	0.12
0	0	0.01	2.11	48.55	14.20	0.00
0	4	0.00	0.04	1.11	0.89	0.99
1	1	0.01	1.53	12.61	80.44	0.00
1	5	0.00	0.02	0.59	1.19	0.00
2	2	0.00	0.03	1.01	1.91	0.00
2	6	0.00	0.00	0.58	12.00	0.00
3	3	0.00	0.00	0.19	0.89	0.00
3	7	0.01	0.12	1.29	12.64	0.00
Core	CPU	C1%	C3%	C6%	C8%	C9%
-	-	0.01	1.75	9.42	14.53	0.62
0	0	0.01	3.51	22.57	4.13	0.12
0	4	0.00	0.06	1.76	3.40	4.84
1	1	0.07	10.31	42.62	0.21	0.00
1	5	0.00	0.00	0.56	0.81	0.01
2	2	0.00	0.00	0.75	0.30	0.00
2	6	0.00	0.01	5.20	91.22	0.00
3	3	0.00	0.00	0.22	0.90	0.00
3	7	0.00	0.08	1.68	15.25	0.00
Core	CPU	C1%	C3%	C6%	C8%	C9%
-	-	0.00	0.14	7.42	15.07	0.20
0	0	0.03	1.10	48.54	22.13	0.00
0	4	0.00	0.01	1.44	0.30	0.59
1	1	0.00	0.00	2.51	34.25	0.00
1	5	0.00	0.01	1.04	0.69	1.01
2	2	0.00	0.00	0.68	1.58	0.00
2	6	0.00	0.00	0.57	1.37	0.00
3	3	0.00	0.00	3.37	59.57	0.00
3	7	0.00	0.02	1.22	0.69	0.00
Core	CPU	C1%	C3%	C6%	C8%	C9%
-	-	0.02	0.40	7.92	14.66	0.75
0	0	0.03	3.15	53.78	15.03	0.00
0	4	0.00	0.02	1.35	1.10	5.63
1	1	0.00	0.00	0.35	5.54	0.00
1	5	0.00	0.00	0.50	1.49	0.00
2	2	0.10	0.00	0.76	0.21	0.00
2	6	0.00	0.02	0.80	0.50	0.00
3	3	0.00	0.01	5.33	92.92	0.00
3	7	0.04	0.01	0.52	0.51	0.41
Core	CPU	C1%	C3%	C6%	C8%	C9%
-	-	0.00	0.23	7.61	15.14	0.00
0	0	0.02	1.78	51.94	18.13	0.00
0	4	0.00	0.00	0.99	1.49	0.00
1	1	0.00	0.00	0.19	1.00	0.00
1	5	0.00	0.01	0.44	1.99	0.00
2	2	0.00	0.00	1.36	2.30	0.00
2	6	0.00	0.00	0.97	2.36	0.00
3	3	0.00	0.02	4.63	92.78	0.00
3	7	0.00	0.00	0.39	1.09	0.00
Core	CPU	C1%	C3%	C6%	C8%	C9%
-	-	0.00	0.26	7.90	14.01	0.00
0	0	0.02	2.06	55.22	14.79	0.00
0	4	0.00	0.03	0.95	0.19	0.00
1	1	0.00	0.00	0.83	0.40	0.00
1	5	0.00	0.00	0.60	0.68	0.00
2	2	0.00	0.00	0.20	0.88	0.00
2	6	0.00	0.00	0.28	0.88	0.00
3	3	0.00	0.00	5.02	93.33	0.00
3	7	0.00	0.00	0.10	0.92	0.00
Core	CPU	C1%	C3%	C6%	C8%	C9%
-	-	0.00	0.44	7.34	14.29	0.00
0	0	0.02	3.49	51.94	15.73	0.00
0	4	0.00	0.04	0.84	0.60	0.00
1	1	0.00	0.00	0.64	3.97	0.00
1	5	0.00	0.00	0.32	0.99	0.00
2	2	0.00	0.01	0.30	0.50	0.00
2	6	0.00	0.00	0.19	0.90	0.00
3	3	0.00	0.00	4.15	91.04	0.00
3	7	0.00	0.00	0.36	0.60	0.00
Core	CPU	C1%	C3%	C6%	C8%	C9%
-	-	0.00	0.24	7.58	14.43	0.24
0	0	0.02	1.93	52.44	17.51	0.00
0	4	0.00	0.01	1.24	0.00	1.90
1	1	0.00	0.00	0.28	0.88	0.00
1	5	0.00	0.00	0.47	1.26	0.00
2	2	0.00	0.00	0.24	1.11	0.00
2	6	0.00	0.00	0.13	1.09	0.00
3	3	0.00	0.02	5.40	92.90	0.00
3	7	0.00	0.00	0.45	0.67	0.00
Core	CPU	C1%	C3%	C6%	C8%	C9%
-	-	0.00	0.43	8.17	14.06	0.37
0	0	0.02	3.35	56.35	12.51	0.00
0	4	0.00	0.04	1.32	0.60	2.99
1	1	0.00	0.00	0.29	1.28	0.00
1	5	0.00	0.00	0.45	1.39	0.00
2	2	0.00	0.00	1.23	1.77	0.00
2	6	0.00	0.00	0.34	0.99	0.00
3	3	0.00	0.02	5.07	93.28	0.00
3	7	0.00	0.00	0.29	0.69	0.00
Core	CPU	C1%	C3%	C6%	C8%	C9%
-	-	0.01	0.15	7.00	14.96	0.35
0	0	0.04	1.14	48.96	21.70	0.00
0	4	0.00	0.03	1.13	0.00	2.82
1	1	0.00	0.00	0.22	0.99	0.00
1	5	0.00	0.00	0.23	1.09	0.00
2	2	0.00	0.00	0.19	0.89	0.00
2	6	0.00	0.00	0.28	0.69	0.00
3	3	0.00	0.00	4.64	93.62	0.00
3	7	0.00	0.00	0.33	0.69	0.00
Core	CPU	C1%	C3%	C6%	C8%	C9%
-	-	0.00	0.27	7.40	14.62	0.96
0	0	0.03	2.12	52.44	17.38	0.00
0	4	0.00	0.01	0.72	1.37	7.66
1	1	0.00	0.00	0.23	1.00	0.00
1	5	0.00	0.00	0.31	0.90	0.00
2	2	0.00	0.00	0.18	1.10	0.00
2	6	0.00	0.00	1.91	38.77	0.00
3	3	0.00	0.00	3.06	55.56	0.00
3	7	0.00	0.00	0.34	0.90	0.00
Core	CPU	C1%	C3%	C6%	C8%	C9%
-	-	0.00	0.55	7.60	14.07	0.44
0	0	0.02	4.31	52.97	14.13	0.00
0	4	0.00	0.03	2.04	0.20	3.50
1	1	0.00	0.00	0.26	3.29	0.00
1	5	0.00	0.00	0.04	0.59	0.00
2	2	0.00	0.01	0.19	0.69	0.00
2	6	0.00	0.00	2.74	54.21	0.00
3	3	0.00	0.00	1.92	38.26	0.00
3	7	0.00	0.02	0.67	1.19	0.00
Core	CPU	C1%	C3%	C6%	C8%	C9%
-	-	0.00	0.22	7.81	14.25	0.00
0	0	0.03	1.73	53.72	16.47	0.00
0	4	0.00	0.00	0.58	0.60	0.00
1	1	0.00	0.00	0.29	0.89	0.00
1	5	0.00	0.00	0.36	0.99	0.00
2	2	0.00	0.01	0.96	0.89	0.00
2	6	0.00	0.00	0.24	0.99	0.00
3	3	0.00	0.02	5.45	92.86	0.00
3	7	0.00	0.00	0.90	0.29	0.00
Core	CPU	C1%	C3%	C6%	C8%	C9%
-	-	0.02	0.40	7.72	13.99	0.40
0	0	0.17	3.14	54.06	14.86	0.00
0	4	0.00	0.04	0.98	0.21	3.19
1	1	0.00	0.00	0.73	0.29	0.00
1	5	0.00	0.02	0.65	0.10	0.00
2	2	0.00	0.00	0.15	0.89	0.00
2	6	0.00	0.00	0.38	1.39	0.00
3	3	0.00	0.00	4.72	93.62	0.00
3	7	0.00	0.00	0.10	0.59	0.00
Core	CPU	C1%	C3%	C6%	C8%	C9%
-	-	0.02	0.19	7.52	15.19	0.00
0	0	0.13	1.54	51.15	19.17	0.00
0	4	0.00	0.00	1.20	0.00	0.00
1	1	0.00	0.00	0.75	5.42	0.00
1	5	0.00	0.00	0.63	0.70	0.00
2	2	0.00	0.02	0.89	0.49	0.00
2	6	0.00	0.00	1.88	34.61	0.00
3	3	0.00	0.00	3.28	60.12	0.00
3	7	0.00	0.00	0.37	0.99	0.00
Core	CPU	C1%	C3%	C6%	C8%	C9%
-	-	0.00	0.12	6.82	15.25	1.05
0	0	0.03	0.90	46.96	23.85	0.00
0	4	0.00	0.03	1.09	0.10	8.37
1	1	0.00	0.00	0.39	1.28	0.00
1	5	0.00	0.00	0.36	0.89	0.00
2	2	0.00	0.00	0.15	0.89	0.00
2	6	0.00	0.00	3.38	55.97	0.00
3	3	0.00	0.00	1.95	37.82	0.00
3	7	0.00	0.00	0.29	1.19	0.00
Core	CPU	C1%	C3%	C6%	C8%	C9%
-	-	0.00	0.53	7.68	13.70	0.52
0	0	0.02	4.19	52.84	14.26	0.00
0	4	0.00	0.02	0.71	0.80	4.18
1	1	0.00	0.00	0.10	0.80	0.00
1	5	0.00	0.00	0.78	0.59	0.00
2	2	0.00	0.00	1.24	1.38	0.00
2	6	0.00	0.00	0.36	0.88	0.00
3	3	0.00	0.00	5.38	90.41	0.00
3	7	0.00	0.03	0.00	0.49	0.00
Core	CPU	C1%	C3%	C6%	C8%	C9%
-	-	0.00	0.29	7.61	14.87	1.58
0	0	0.02	2.23	53.65	16.09	0.00
0	4	0.00	0.04	1.38	0.84	12.65
1	1	0.00	0.00	0.34	4.36	0.00
1	5	0.00	0.00	0.14	0.99	0.00
2	2	0.00	0.02	0.39	1.00	0.00
2	6	0.00	0.00	0.20	1.09	0.00
3	3	0.00	0.00	4.34	94.01	0.00
3	7	0.00	0.00	0.46	0.59	0.00
Core	CPU	C1%	C3%	C6%	C8%	C9%
-	-	0.00	0.32	7.47	15.09	0.00
0	0	0.03	2.50	52.00	17.59	0.00
0	4	0.00	0.02	0.89	0.60	0.00
1	1	0.00	0.00	0.18	4.65	0.00
1	5	0.00	0.00	0.53	2.11	0.00
2	2	0.00	0.00	0.30	1.09	0.00
2	6	0.00	0.00	0.23	2.77	0.00
3	3	0.00	0.01	5.32	91.32	0.00
3	7	0.00	0.00	0.30	0.59	0.00
Core	CPU	C1%	C3%	C6%	C8%	C9%
-	-	0.00	0.23	7.25	14.69	1.06
0	0	0.04	1.78	50.17	19.89	0.00
0	4	0.00	0.01	0.83	0.49	8.49
1	1	0.00	0.02	0.19	0.90	0.00
1	5	0.00	0.00	0.10	0.71	0.00
2	2	0.00	0.00	0.48	0.69	0.00
2	6	0.00	0.00	0.56	0.69	0.00
3	3	0.00	0.01	4.88	93.41	0.00
3	7	0.00	0.03	0.79	0.79	0.00
Core	CPU	C1%	C3%	C6%	C8%	C9%
-	-	0.00	0.26	7.54	14.45	0.00
0	0	0.03	2.07	52.55	17.34	0.00
0	4	0.00	0.01	0.84	0.81	0.00
1	1	0.00	0.00	0.24	0.89	0.00
1	5	0.00	0.02	0.31	0.60	0.00
2	2	0.00	0.02	0.79	0.79	0.00
2	6	0.00	0.00	0.19	0.89	0.00
3	3	0.00	0.00	5.01	93.31	0.00
3	7	0.00	0.00	0.35	0.98	0.00
Core	CPU	C1%	C3%	C6%	C8%	C9%
-	-	0.00	0.47	7.26	14.11	0.32
0	0	0.03	3.69	51.18	16.44	0.00
0	4	0.00	0.06	0.75	0.40	2.57
1	1	0.00	0.00	0.28	0.79	0.00
1	5	0.00	0.00	0.36	0.59	0.00
2	2	0.00	0.00	0.64	1.18	0.00
2	6	0.00	0.00	0.33	1.18	0.00
3	3	0.00	0.00	4.16	91.71	0.00
3	7	0.00	0.01	0.38	0.59	0.00
Core	CPU	C1%	C3%	C6%	C8%	C9%
-	-	0.01	1.64	9.11	16.55	0.30
0	0	0.00	0.62	12.79	7.45	0.00
0	4	0.00	0.03	1.08	0.82	2.39
1	1	0.05	12.38	49.12	0.99	0.00
1	5	0.00	0.00	0.28	0.79	0.00
2	2	0.00	0.00	0.36	0.79	0.00
2	6	0.00	0.00	3.19	40.68	0.00
3	3	0.00	0.00	4.28	51.57	0.00
3	7	0.01	0.08	1.82	29.29	0.00
Core	CPU	C1%	C3%	C6%	C8%	C9%
-	-	0.01	1.90	9.32	12.83	1.14
0	0	0.00	0.86	8.95	5.76	0.15
0	4	0.00	0.01	0.90	1.41	9.00
1	1	0.00	5.60	22.85	0.10	0.00
1	5	0.08	8.76	33.59	0.91	0.00
2	2	0.00	0.00	0.15	1.29	0.00
2	6	0.00	0.00	4.46	49.16	0.00
3	3	0.00	0.00	2.71	43.50	0.00
3	7	0.00	0.00	0.93	0.50	0.00
Core	CPU	C1%	C3%	C6%	C8%	C9%
-	-	0.01	1.11	8.99	13.42	2.03
0	0	0.00	2.01	35.21	6.20	0.12
0	4	0.00	0.01	1.02	0.72	16.13
1	1	0.00	0.00	0.55	2.88	0.00
1	5	0.07	6.89	28.34	0.59	0.00
2	2	0.00	0.00	1.49	1.00	0.00
2	6	0.00	0.00	0.22	1.19	0.00
3	3	0.00	0.00	4.72	93.77	0.00
3	7	0.00	0.00	0.39	0.99	0.00
Core	CPU	C1%	C3%	C6%	C8%	C9%
-	-	0.00	0.28	8.24	15.80	3.40
0	0	0.03	2.21	51.86	17.91	0.00
0	4	0.00	0.03	1.20	0.09	27.14
1	1	0.00	0.00	4.48	13.24	0.00
1	5	0.00	0.00	0.38	1.09	0.00
2	2	0.00	0.00	0.46	0.69	0.00
2	6	0.00	0.00	0.30	1.09	0.00
3	3	0.00	0.00	7.03	91.29	0.00
3	7	0.00	0.00	0.21	1.00	0.07
Core	CPU	C1%	C3%	C6%	C8%	C9%
-	-	0.01	0.40	6.83	14.75	0.00
0	0	0.04	3.15	47.36	20.75	0.00
0	4	0.00	0.02	1.15	0.20	0.00
1	1	0.00	0.00	0.23	2.28	0.00
1	5	0.00	0.02	0.29	0.99	0.00
2	2	0.00	0.00	0.20	1.18	0.00
2	6	0.00	0.03	3.47	62.61	0.00
3	3	0.00	0.00	1.66	29.12	0.00
3	7	0.01	0.00	0.25	0.88	0.00
Core	CPU	C1%	C3%	C6%	C8%	C9%
-	-	0.00	0.26	7.70	14.48	0.91
0	0	0.03	2.04	51.53	18.32	0.00
0	4	0.00	0.01	0.93	0.71	7.25
1	1	0.00	0.00	0.66	0.60	0.00
1	5	0.00	0.00	0.45	0.79	0.00
2	2	0.00	0.00	0.23	0.99	0.00
2	6	0.00	0.04	3.88	56.67	0.00
3	3	0.00	0.02	2.98	36.10	0.00
3	7	0.00	0.00	0.95	1.69	0.00
Core	CPU	C1%	C3%	C6%	C8%	C9%
-	-	0.00	0.32	7.80	14.43	0.00
0	0	0.03	2.47	51.91	17.72	0.00
0	4	0.00	0.07	1.47	0.21	0.00
1	1	0.00	0.00	0.49	1.38	0.00
1	5	0.00	0.00	0.38	1.18	0.00
2	2	0.00	0.00	0.47	1.10	0.00
2	6	0.00	0.01	3.72	64.13	0.00
3	3	0.00	0.00	3.08	29.21	0.00
3	7	0.00	0.03	0.90	0.49	0.00
Core	CPU	C1%	C3%	C6%	C8%	C9%
-	-	0.00	0.24	7.66	14.21	0.00
0	0	0.02	1.91	52.28	17.80	0.00
0	4	0.00	0.00	1.61	0.49	0.02
1	1	0.00	0.00	0.14	0.89	0.00
1	5	0.00	0.00	0.13	0.50	0.00
2	2	0.00	0.00	0.19	0.70	0.00
2	6	0.00	0.05	5.95	87.29	0.00
3	3	0.00	0.00	0.76	5.31	0.00
3	7	0.00	0.00	0.25	0.69	0.00
Core	CPU	C1%	C3%	C6%	C8%	C9%
-	-	0.00	0.31	8.05	14.01	0.00
0	0	0.03	2.40	54.77	14.92	0.00
0	4	0.00	0.00	1.09	0.21	0.00
1	1	0.00	0.00	0.36	0.79	0.00
1	5	0.00	0.00	0.34	0.99	0.00
2	2	0.00	0.00	1.02	0.79	0.00
2	6	0.00	0.05	4.74	63.84	0.00
3	3	0.00	0.00	1.73	29.56	0.00
3	7	0.00	0.00	0.38	0.99	0.00
Core	CPU	C1%	C3%	C6%	C8%	C9%
-	-	0.00	0.51	7.57	14.22	0.00
0	0	0.02	3.98	52.81	14.48	0.00
0	4	0.00	0.07	0.98	0.21	0.00
1	1	0.00	0.00	0.27	3.64	0.00
1	5	0.00	0.00	0.19	1.09	0.00
2	2	0.00	0.00	0.46	1.19	0.00
2	6	0.00	0.00	1.58	26.38	0.00
3	3	0.00	0.02	4.22	65.79	0.00
3	7	0.01	0.00	0.09	0.99	0.00
Core	CPU	C1%	C3%	C6%	C8%	C9%
-	-	0.00	0.36	8.04	14.23	1.52
0	0	0.02	2.81	56.04	13.30	0.00
0	4	0.00	0.02	1.19	0.30	12.17
1	1	0.00	0.00	0.30	3.25	0.00
1	5	0.00	0.00	0.37	1.09	0.00
2	2	0.00	0.00	1.02	1.09	0.00
2	6	0.00	0.02	3.80	71.64	0.00
3	3	0.00	0.00	1.56	22.44	0.00
3	7	0.00	0.00	0.10	0.70	0.00
Core	CPU	C1%	C3%	C6%	C8%	C9%
-	-	0.00	0.43	7.93	14.22	1.74
0	0	0.02	3.41	54.82	13.88	0.00
0	4	0.00	0.01	0.93	0.29	13.89
1	1	0.00	0.00	0.32	4.85	0.00
1	5	0.00	0.00	0.10	0.60	0.00
2	2	0.00	0.00	0.29	0.69	0.00
2	6	0.00	0.05	4.55	66.28	0.00
3	3	0.00	0.00	2.12	25.85	0.00
3	7	0.00	0.00	0.33	1.28	0.00
Core	CPU	C1%	C3%	C6%	C8%	C9%
-	-	0.00	1.76	8.99	12.99	0.25
0	0	0.00	0.89	11.68	6.50	0.24
0	4	0.00	0.00	1.52	0.99	1.79
1	1	0.03	13.19	52.11	0.59	0.00
1	5	0.00	0.00	0.23	0.40	0.00
2	2	0.00	0.00	0.10	0.80	0.00
2	6	0.00	0.00	0.30	0.89	0.00
3	3	0.00	0.00	5.49	93.07	0.00
3	7	0.00	0.02	0.49	0.69	0.00
Core	CPU	C1%	C3%	C6%	C8%	C9%
-	-	0.00	0.35	8.14	14.03	2.11
0	0	0.02	2.77	55.27	14.02	0.00
0	4	0.00	0.02	0.99	0.21	16.86
1	1	0.00	0.00	0.96	0.99	0.00
1	5	0.00	0.00	0.36	0.79	0.00
2	2	0.00	0.00	0.24	1.09	0.00
2	6	0.00	0.00	4.42	66.49	0.00
3	3	0.00	0.01	2.32	26.70	0.00
3	7	0.00	0.01	0.55	1.98	0.00
Core	CPU	C1%	C3%	C6%	C8%	C9%
-	-	0.00	0.39	7.71	13.63	0.41
0	0	0.02	3.08	52.86	14.35	0.00
0	4	0.00	0.02	0.87	0.99	3.28
1	1	0.00	0.00	0.19	0.89	0.00
1	5	0.00	0.00	0.38	0.69	0.00
2	2	0.00	0.00	0.37	1.49	0.00
2	6	0.00	0.01	2.24	39.44	0.00
3	3	0.00	0.00	4.05	50.96	0.00
3	7	0.00	0.03	0.70	0.20	0.00
Core	CPU	C1%	C3%	C6%	C8%	C9%
-	-	0.00	0.40	8.17	14.51	2.00
0	0	0.02	3.14	56.30	12.74	0.00
0	4	0.00	0.02	1.45	0.60	15.99
1	1	0.00	0.00	0.34	5.53	0.00
1	5	0.00	0.00	0.23	1.19	0.00
2	2	0.00	0.00	0.20	0.99	0.00
2	6	0.00	0.00	3.88	69.06	0.00
3	3	0.00	0.00	1.60	25.28	0.00
3	7	0.00	0.00	1.38	0.69	0.00
Core	CPU	C1%	C3%	C6%	C8%	C9%
-	-	0.00	0.37	7.64	14.78	0.34
0	0	0.03	2.89	51.69	17.56	0.00
0	4	0.00	0.05	1.15	0.70	2.71
1	1	0.00	0.00	0.24	2.08	0.00
1	5	0.00	0.00	1.01	1.08	0.00
2	2	0.00	0.00	0.29	1.09	0.00
2	6	0.00	0.02	0.66	2.67	0.00
3	3	0.00	0.00	5.36	92.43	0.01
3	7	0.00	0.00	0.73	0.61	0.00
Core	CPU	C1%	C3%	C6%	C8%	C9%
-	-	0.00	0.25	7.49	14.70	0.20
0	0	0.03	1.90	51.03	18.82	0.00
0	4	0.00	0.03	0.76	1.29	1.61
1	1	0.00	0.00	0.18	1.80	0.00
1	5	0.00	0.00	0.27	0.89	0.00
2	2	0.00	0.00	0.65	0.79	0.00
2	6	0.00	0.05	5.98	86.69	0.00
3	3	0.00	0.02	0.76	6.61	0.00
3	7	0.00	0.00	0.29	0.69	0.00
Core	CPU	C1%	C3%	C6%	C8%	C9%
-	-	0.00	0.33	8.16	14.78	1.94
0	0	0.03	2.53	53.41	16.07	0.00
0	4	0.00	0.03	2.46	0.72	15.56
1	1	0.00	0.00	0.19	4.94	0.00
1	5	0.00	0.00	0.28	0.98	0.00
2	2	0.00	0.00	1.55	2.37	0.00
2	6	0.00	0.06	4.86	69.84	0.00
3	3	0.00	0.00	1.76	22.94	0.00
3	7	0.00	0.01	0.79	0.40	0.00
Core	CPU	C1%	C3%	C6%	C8%	C9%
-	-	0.00	0.52	7.70	13.62	1.88
0	0	0.04	4.12	54.27	13.16	0.00
0	4	0.00	0.08	0.76	0.41	15.00
1	1	0.00	0.00	0.19	0.89	0.00
1	5	0.00	0.00	0.38	0.99	0.00
2	2	0.00	0.00	0.36	0.80	0.00
2	6	0.00	0.00	3.28	58.03	0.00
3	3	0.00	0.00	2.14	33.95	0.00
3	7	0.00	0.00	0.19	0.70	0.00
Core	CPU	C1%	C3%	C6%	C8%	C9%
-	-	0.02	0.22	7.46	14.61	0.00
0	0	0.13	1.73	51.08	19.00	0.00
0	4	0.00	0.00	1.33	0.00	0.00
1	1	0.00	0.00	0.72	0.69	0.00
1	5	0.00	0.00	0.78	0.59	0.00
2	2	0.00	0.00	0.19	0.99	0.00
2	6	0.00	0.00	2.42	38.96	0.00
3	3	0.00	0.00	2.90	55.45	0.00
3	7	0.00	0.00	0.24	1.18	0.00
Core	CPU	C1%	C3%	C6%	C8%	C9%
-	-	0.00	0.41	7.83	14.20	0.11
0	0	0.02	3.18	54.05	14.99	0.00
0	4	0.00	0.00	1.22	0.78	0.90
1	1	0.00	0.00	0.26	1.28	0.00
1	5	0.00	0.00	0.15	1.09	0.00
2	2	0.00	0.00	0.82	0.79	0.00
2	6	0.00	0.11	4.91	81.51	0.00
3	3	0.00	0.00	0.85	12.20	0.00
3	7	0.00	0.00	0.37	0.98	0.00
Core	CPU	C1%	C3%	C6%	C8%	C9%
-	-	0.01	0.37	7.96	18.09	1.77
0	0	0.07	2.66	54.67	15.46	0.00
0	4	0.00	0.02	1.10	0.20	12.61
1	1	0.00	0.00	0.44	1.79	0.00
1	5	0.00	0.00	0.43	0.69	0.00
2	2	0.00	0.00	0.75	2.89	0.00
2	6	0.00	0.02	3.23	57.41	0.00
3	3	0.00	0.02	2.04	37.17	1.55
3	7	0.01	0.21	1.02	29.10	0.00
Core	CPU	C1%	C3%	C6%	C8%	C9%
-	-	0.00	0.34	7.83	14.13	1.06
0	0	0.03	2.69	54.05	15.31	0.00
0	4	0.00	0.01	0.87	0.58	8.44
1	1	0.00	0.00	0.29	1.09	0.00
1	5	0.00	0.00	0.27	0.79	0.00
2	2	0.00	0.00	0.64	1.28	0.00
2	6	0.00	0.00	0.34	1.09	0.00
3	3	0.00	0.02	5.42	92.88	0.00
3	7	0.00	0.00	0.74	0.00	0.00
Core	CPU	C1%	C3%	C6%	C8%	C9%
-	-	0.09	0.52	7.38	13.99	0.50
0	0	0.03	4.14	51.91	15.30	0.00
0	4	0.00	0.00	0.68	1.30	4.01
1	1	0.00	0.01	0.30	0.60	0.00
1	5	0.67	0.02	0.10	1.00	0.00
2	2	0.00	0.00	0.77	0.69	0.00
2	6	0.00	0.00	0.37	0.69	0.00
3	3	0.00	0.00	4.43	91.44	0.00
3	7	0.00	0.00	0.46	0.89	0.00
Core	CPU	C1%	C3%	C6%	C8%	C9%
-	-	0.01	0.43	8.49	13.93	1.55
0	0	0.02	3.34	58.54	10.38	0.00
0	4	0.00	0.04	1.16	0.57	12.43
1	1	0.07	0.00	2.22	35.35	0.00
1	5	0.00	0.00	1.03	0.39	0.00
2	2	0.00	0.02	0.39	2.10	0.00
2	6	0.00	0.00	3.34	61.16	0.00
3	3	0.00	0.00	0.87	0.49	0.00
3	7	0.00	0.00	0.35	0.99	0.00
