Core	CPU	C1%	C3%	C6%	C8%	C9%
-	-	0.10	0.76	71.96	15.58	0.00
0	0	0.14	0.69	74.02	14.46	0.00
0	4	0.26	0.46	72.40	17.40	0.00
1	1	0.19	0.42	72.90	16.86	0.00
1	5	0.08	0.43	71.55	18.48	0.00
2	2	0.06	0.66	71.92	17.38	0.00
2	6	0.04	0.50	71.79	18.57	0.00
3	3	0.03	0.63	76.55	12.98	0.00
3	7	0.01	2.26	64.52	8.48	0.00
Core	CPU	C1%	C3%	C6%	C8%	C9%
-	-	0.01	0.68	72.03	15.88	0.00
0	0	0.00	0.58	73.36	15.49	0.00
0	4	0.01	0.52	72.73	17.72	0.00
1	1	0.01	0.25	73.35	16.77	0.00
1	5	0.00	0.43	70.49	20.35	0.00
2	2	0.00	0.50	70.53	19.42	0.00
2	6	0.00	0.44	71.69	18.88	0.00
3	3	0.00	0.51	79.37	10.48	0.00
3	7	0.02	2.20	65.33	8.06	0.00
Core	CPU	C1%	C3%	C6%	C8%	C9%
-	-	0.01	0.67	71.76	16.29	0.00
0	0	0.00	0.54	73.77	15.20	0.00
0	4	0.00	0.46	70.83	19.73	0.00
1	1	0.01	0.31	72.61	17.47	0.00
1	5	0.00	0.41	69.25	21.59	0.00
2	2	0.01	0.48	72.05	17.92	0.00
2	6	0.00	0.48	71.03	19.59	0.00
3	3	0.01	0.50	79.04	10.89	0.00
3	7	0.02	2.18	65.47	7.95	0.00
Core	CPU	C1%	C3%	C6%	C8%	C9%
-	-	0.00	0.72	72.06	15.93	0.00
0	0	0.00	0.55	72.81	16.12	0.00
0	4	0.00	0.55	70.54	19.27	0.00
1	1	0.01	0.42	73.57	16.23	0.00
1	5	0.00	0.39	68.63	22.25	0.00
2	2	0.00	0.47	72.19	17.82	0.00
2	6	0.00	0.67	72.63	17.89	0.00
3	3	0.00	0.50	79.88	10.05	0.00
3	7	0.01	2.20	65.73	7.70	0.00
Core	CPU	C1%	C3%	C6%	C8%	C9%
-	-	0.01	0.91	70.05	16.26	0.00
0	0	0.01	0.48	72.41	15.01	0.00
0	4	0.03	0.44	68.31	19.02	0.03
1	1	0.01	0.35	70.77	18.19	0.00
1	5	0.00	0.37	68.66	20.92	0.00
2	2	0.00	0.53	71.28	16.80	0.00
2	6	0.00	0.42	69.55	19.82	0.00
3	3	0.00	0.45	76.16	12.28	0.00
3	7	0.01	4.26	63.15	8.00	0.00
Core	CPU	C1%	C3%	C6%	C8%	C9%
-	-	0.01	0.70	73.00	15.02	0.00
0	0	0.01	0.67	74.03	14.83	0.00
0	4	0.01	0.36	70.58	20.30	0.00
1	1	0.01	0.31	75.87	13.99	0.00
1	5	0.00	0.48	71.48	19.31	0.00
2	2	0.01	0.52	72.67	17.36	0.00
2	6	0.00	0.41	72.61	18.08	0.00
3	3	0.00	0.51	80.63	9.26	0.00
3	7	0.01	2.33	66.12	7.05	0.00
Core	CPU	C1%	C3%	C6%	C8%	C9%
-	-	0.02	0.78	72.43	15.24	0.00
0	0	0.00	0.50	72.58	16.43	0.00
0	4	0.00	0.69	70.69	19.11	0.00
1	1	0.01	0.41	74.71	15.16	0.00
1	5	0.00	0.30	70.71	20.03	0.00
2	2	0.01	1.23	70.55	18.57	0.00
2	6	0.00	0.49	73.02	17.64	0.00
3	3	0.15	0.51	80.19	8.56	0.00
3	7	0.02	2.09	67.06	6.41	0.00
Core	CPU	C1%	C3%	C6%	C8%	C9%
-	-	0.00	0.69	71.47	16.45	0.00
0	0	0.00	0.45	70.96	18.15	0.00
0	4	0.00	0.51	71.58	19.00	0.00
1	1	0.00	0.39	74.53	15.32	0.00
1	5	0.00	0.43	70.41	20.31	0.00
2	2	0.00	0.50	69.16	20.80	0.00
2	6	0.00	0.54	70.63	20.03	0.00
3	3	0.00	0.54	80.05	9.81	0.00
3	7	0.01	2.14	64.97	8.32	0.00
Core	CPU	C1%	C3%	C6%	C8%	C9%
-	-	0.01	0.71	71.68	16.30	0.00
0	0	0.00	0.59	71.39	17.63	0.00
0	4	0.01	0.50	72.49	17.97	0.00
1	1	0.01	0.34	72.15	17.58	0.00
1	5	0.00	0.46	69.02	21.82	0.00
2	2	0.00	0.54	71.48	18.44	0.00
2	6	0.00	0.44	71.03	19.68	0.00
3	3	0.00	0.49	79.96	9.91	0.00
3	7	0.02	2.30	65.88	7.34	0.00
Core	CPU	C1%	C3%	C6%	C8%	C9%
-	-	0.04	0.88	70.50	15.82	0.00
0	0	0.00	0.58	70.04	17.93	0.00
0	4	0.02	0.47	68.47	18.85	0.00
1	1	0.01	0.30	70.62	17.96	0.00
1	5	0.00	0.46	67.65	21.45	0.00
2	2	0.00	0.51	70.95	17.40	0.00
2	6	0.00	0.45	70.94	18.47	0.00
3	3	0.00	0.44	79.15	9.04	0.00
3	7	0.31	3.82	65.58	5.31	0.00
Core	CPU	C1%	C3%	C6%	C8%	C9%
-	-	0.10	0.69	72.34	15.44	0.00
0	0	0.00	0.49	74.32	14.71	0.00
0	4	0.01	0.44	72.85	17.73	0.00
1	1	0.01	0.40	72.00	17.52	0.00
1	5	0.00	0.38	70.15	20.70	0.00
2	2	0.00	0.53	71.92	18.00	0.00
2	6	0.00	0.61	72.51	18.09	0.00
3	3	0.00	0.56	80.23	9.67	0.00
3	7	0.79	2.14	65.33	7.24	0.00
Core	CPU	C1%	C3%	C6%	C8%	C9%
-	-	0.04	0.84	72.64	15.36	0.00
0	0	0.01	0.59	74.83	14.14	0.00
0	4	0.00	0.51	73.63	17.01	0.00
1	1	0.00	1.05	72.26	16.90	0.00
1	5	0.00	0.37	72.22	18.72	0.00
2	2	0.00	0.53	71.03	19.03	0.00
2	6	0.00	0.39	72.11	18.74	0.00
3	3	0.00	0.45	78.96	11.08	0.00
3	7	0.30	2.80	65.45	7.09	0.00
Core	CPU	C1%	C3%	C6%	C8%	C9%
-	-	0.01	0.67	72.10	15.86	0.00
0	0	0.01	0.62	76.12	12.54	0.00
0	4	0.01	0.47	71.63	18.98	0.00
1	1	0.01	0.33	72.92	17.14	0.00
1	5	0.00	0.41	70.46	20.46	0.00
2	2	0.01	0.54	72.19	17.79	0.00
2	6	0.00	0.37	71.01	19.79	0.00
3	3	0.00	0.48	78.33	11.66	0.00
3	7	0.01	2.17	64.80	8.65	0.00
Core	CPU	C1%	C3%	C6%	C8%	C9%
-	-	0.01	0.66	72.05	15.99	0.00
0	0	0.01	0.58	73.27	15.62	0.00
0	4	0.01	0.36	71.65	18.93	0.00
1	1	0.01	0.34	73.52	16.48	0.00
1	5	0.00	0.39	69.98	20.94	0.00
2	2	0.00	0.50	70.91	19.09	0.00
2	6	0.00	0.47	71.89	18.84	0.00
3	3	0.00	0.54	79.14	10.76	0.00
3	7	0.02	2.09	66.08	7.26	0.00
Core	CPU	C1%	C3%	C6%	C8%	C9%
-	-	0.01	1.15	69.96	15.92	0.00
0	0	0.01	0.58	70.91	16.20	0.00
0	4	0.00	2.53	70.17	17.19	0.00
1	1	0.01	0.36	70.67	16.88	0.00
1	5	0.00	0.44	67.58	21.17	0.00
2	2	0.01	0.49	71.52	16.31	0.00
2	6	0.00	0.50	69.99	18.22	0.00
3	3	0.00	0.53	75.67	12.35	0.00
3	7	0.01	3.75	62.53	8.87	0.00
Core	CPU	C1%	C3%	C6%	C8%	C9%
-	-	0.01	0.70	70.51	16.83	0.00
0	0	0.01	0.38	73.19	15.50	0.00
0	4	0.01	0.67	69.20	21.50	0.00
1	1	0.01	0.36	72.33	17.46	0.00
1	5	0.00	0.34	67.71	23.36	0.00
2	2	0.00	0.52	69.80	20.22	0.00
2	6	0.00	0.47	70.84	19.99	0.00
3	3	0.00	0.40	79.48	9.92	0.00
3	7	0.02	2.47	61.76	6.78	0.00
Core	CPU	C1%	C3%	C6%	C8%	C9%
-	-	0.01	0.89	70.81	17.03	0.00
0	0	0.01	0.55	72.11	16.85	0.00
0	4	0.00	0.65	69.35	21.05	0.00
1	1	0.00	1.18	73.66	15.28	0.00
1	5	0.00	0.34	69.70	21.14	0.00
2	2	0.00	0.53	68.96	21.06	0.00
2	6	0.00	0.55	70.58	20.01	0.00
3	3	0.01	0.55	78.38	11.43	0.00
3	7	0.01	2.77	63.50	9.35	0.00
Core	CPU	C1%	C3%	C6%	C8%	C9%
-	-	0.01	0.70	71.67	16.23	0.00
0	0	0.01	0.56	75.07	13.59	0.00
0	4	0.00	0.55	72.01	18.47	0.00
1	1	0.01	0.34	71.90	18.09	0.00
1	5	0.00	0.39	69.63	21.26	0.00
2	2	0.00	0.50	70.09	19.89	0.00
2	6	0.00	0.55	71.71	18.95	0.00
3	3	0.00	0.53	78.94	11.00	0.00
3	7	0.02	2.18	64.63	8.75	0.00
Core	CPU	C1%	C3%	C6%	C8%	C9%
-	-	0.01	0.66	71.85	16.21	0.00
0	0	0.01	0.39	74.10	14.92	0.00
0	4	0.00	0.58	70.68	19.88	0.00
1	1	0.01	0.40	75.22	14.65	0.00
1	5	0.00	0.28	70.95	20.03	0.00
2	2	0.01	0.47	69.15	20.84	0.00
2	6	0.00	0.52	70.01	20.74	0.00
3	3	0.00	0.52	79.74	10.22	0.00
3	7	0.02	2.13	64.99	8.43	0.00
Core	CPU	C1%	C3%	C6%	C8%	C9%
-	-	0.01	1.11	69.93	16.08	0.00
0	0	0.00	0.48	71.01	15.85	0.00
0	4	0.00	2.17	69.50	17.82	0.00
1	1	0.01	0.35	71.37	16.92	0.00
1	5	0.00	0.39	68.37	19.85	0.00
2	2	0.00	0.41	69.24	19.32	0.00
2	6	0.00	0.57	70.09	18.63	0.00
3	3	0.00	0.57	76.84	11.51	0.00
3	7	0.10	3.89	62.53	8.55	0.00
Core	CPU	C1%	C3%	C6%	C8%	C9%
-	-	0.01	0.68	72.57	15.39	0.00
0	0	0.01	0.54	73.99	14.99	0.00
0	4	0.01	0.44	71.98	18.76	0.00
1	1	0.01	0.35	76.06	13.78	0.00
1	5	0.00	0.46	71.74	19.04	0.00
2	2	0.00	0.48	70.10	19.90	0.00
2	6	0.00	0.47	70.69	20.02	0.00
3	3	0.00	0.52	80.64	9.30	0.00
3	7	0.02	2.20	65.90	7.46	0.00
Core	CPU	C1%	C3%	C6%	C8%	C9%
-	-	0.06	0.87	71.59	16.22	0.00
0	0	0.00	0.45	74.23	14.76	0.00
0	4	0.00	1.46	70.39	19.37	0.00
1	1	0.00	0.41	73.36	16.39	0.00
1	5	0.00	0.31	69.97	20.93	0.00
2	2	0.00	0.49	70.19	19.83	0.00
2	6	0.00	0.58	71.15	19.57	0.00
3	3	0.00	0.57	79.53	10.42	0.00
3	7	0.50	2.66	63.87	8.52	0.00
Core	CPU	C1%	C3%	C6%	C8%	C9%
-	-	0.01	0.72	71.37	16.63	0.00
0	0	0.00	0.46	73.28	15.76	0.00
0	4	0.00	0.65	70.28	20.22	0.00
1	1	0.01	0.39	73.14	16.76	0.00
1	5	0.00	0.39	70.62	20.21	0.00
2	2	0.00	0.56	68.28	21.70	0.00
2	6	0.00	0.44	69.58	21.22	0.00
3	3	0.00	0.48	80.88	8.81	0.00
3	7	0.01	2.39	64.87	8.34	0.00
Core	CPU	C1%	C3%	C6%	C8%	C9%
-	-	0.01	0.72	71.88	16.05	0.00
0	0	0.01	0.53	72.75	16.20	0.00
0	4	0.00	0.43	71.08	19.53	0.00
1	1	0.01	0.47	74.75	14.86	0.00
1	5	0.00	0.39	70.01	20.65	0.00
2	2	0.01	0.56	73.08	16.59	0.00
2	6	0.00	0.50	71.22	19.50	0.00
3	3	0.00	0.57	77.42	12.52	0.00
3	7	0.01	2.34	64.46	8.45	0.00
Core	CPU	C1%	C3%	C6%	C8%	C9%
-	-	0.01	1.23	70.35	16.08	0.11
0	0	0.01	0.55	73.10	14.47	0.00
0	4	0.01	3.13	68.99	18.38	0.00
1	1	0.02	0.37	72.28	15.77	0.00
1	5	0.00	0.40	67.21	22.48	0.00
2	2	0.01	0.42	69.62	19.28	0.00
2	6	0.00	0.45	70.44	19.13	0.00
3	3	0.00	0.48	77.39	11.34	0.00
3	7	0.02	4.05	63.54	7.75	0.92
Core	CPU	C1%	C3%	C6%	C8%	C9%
-	-	0.01	0.72	71.96	16.03	0.00
0	0	0.01	0.56	73.47	15.38	0.00
0	4	0.00	0.48	71.13	19.57	0.00
1	1	0.01	0.31	74.28	15.69	0.00
1	5	0.00	0.50	69.57	21.16	0.00
2	2	0.01	0.53	71.24	18.72	0.00
2	6	0.00	0.50	71.00	19.69	0.00
3	3	0.00	0.53	79.61	10.32	0.00
3	7	0.01	2.33	65.52	7.72	0.00
Core	CPU	C1%	C3%	C6%	C8%	C9%
-	-	0.07	0.87	71.45	15.81	0.00
0	0	0.06	0.46	73.54	15.02	0.00
0	4	0.00	1.05	72.26	17.07	0.00
1	1	0.00	0.41	74.06	15.56	0.00
1	5	0.20	0.38	69.81	19.89	0.00
2	2	0.04	0.75	68.19	20.56	0.00
2	6	0.01	0.58	70.64	19.83	0.00
3	3	0.01	0.51	78.51	11.52	0.00
3	7	0.20	2.85	65.05	7.10	0.00
Core	CPU	C1%	C3%	C6%	C8%	C9%
-	-	0.01	0.67	71.73	16.34	0.00
0	0	0.00	0.43	73.21	15.89	0.00
0	4	0.00	0.67	74.71	15.56	0.00
1	1	0.01	0.52	72.79	16.80	0.00
1	5	0.00	0.36	71.11	19.73	0.00
2	2	0.00	0.40	70.10	19.91	0.00
2	6	0.00	0.68	70.97	19.69	0.00
3	3	0.00	0.56	76.92	12.96	0.00
3	7	0.02	1.78	63.48	10.03	0.00
Core	CPU	C1%	C3%	C6%	C8%	C9%
-	-	0.04	0.70	72.66	14.86	0.00
0	0	0.02	0.65	73.41	14.67	0.00
0	4	0.01	0.48	72.55	17.59	0.00
1	1	0.25	0.32	74.22	15.10	0.00
1	5	0.00	0.39	70.69	19.80	0.00
2	2	0.01	0.56	71.35	17.60	0.00
2	6	0.00	0.44	71.63	18.42	0.00
3	3	0.00	0.45	80.75	9.18	0.00
3	7	0.02	2.34	66.70	6.50	0.00
Core	CPU	C1%	C3%	C6%	C8%	C9%
-	-	0.01	1.12	69.22	16.79	0.01
0	0	0.00	0.48	72.05	14.42	0.00
0	4	0.01	2.36	69.27	18.16	0.06
1	1	0.01	0.42	69.77	18.47	0.00
1	5	0.00	0.35	67.32	20.93	0.00
2	2	0.01	0.42	68.31	20.70	0.00
2	6	0.00	0.61	68.81	20.20	0.00
3	3	0.01	0.73	77.27	11.36	0.00
3	7	0.01	3.57	61.36	10.16	0.00
Core	CPU	C1%	C3%	C6%	C8%	C9%
-	-	0.01	0.70	73.22	14.82	0.00
0	0	0.00	0.58	73.72	15.27	0.00
0	4	0.01	0.55	73.41	17.02	0.00
1	1	0.01	0.26	76.07	13.68	0.00
1	5	0.00	0.40	71.44	19.40	0.00
2	2	0.01	0.53	71.80	18.08	0.00
2	6	0.00	0.36	71.38	19.45	0.00
3	3	0.00	0.46	80.74	9.20	0.00
3	7	0.01	2.44	66.74	6.36	0.00
Core	CPU	C1%	C3%	C6%	C8%	C9%
-	-	0.01	0.83	72.41	15.30	0.00
0	0	0.01	0.52	74.09	14.34	0.00
0	4	0.01	0.90	72.68	16.95	0.00
1	1	0.01	0.41	73.60	16.07	0.00
1	5	0.00	0.40	71.82	19.02	0.00
2	2	0.00	0.48	70.90	19.13	0.00
2	6	0.00	0.56	71.48	19.09	0.00
3	3	0.00	0.52	79.29	10.44	0.00
3	7	0.01	2.87	65.42	7.33	0.00
Core	CPU	C1%	C3%	C6%	C8%	C9%
-	-	0.01	0.69	72.44	15.21	0.00
0	0	0.01	0.58	76.03	12.67	0.00
0	4	0.01	0.44	71.80	18.91	0.00
1	1	0.01	0.31	73.09	16.91	0.00
1	5	0.02	0.38	69.75	19.69	0.00
2	2	0.00	0.50	70.89	19.02	0.00
2	6	0.00	0.44	71.10	18.85	0.00
3	3	0.01	0.53	81.29	8.55	0.00
3	7	0.02	2.37	66.09	7.18	0.00
Core	CPU	C1%	C3%	C6%	C8%	C9%
-	-	0.03	0.70	72.86	14.61	0.00
0	0	0.00	0.79	73.42	14.79	0.00
0	4	0.01	0.32	70.37	20.15	0.00
1	1	0.01	0.11	74.50	15.17	0.00
1	5	0.00	0.54	70.77	19.51	0.00
2	2	0.02	0.73	72.72	16.00	0.00
2	6	0.00	0.24	72.18	17.95	0.00
3	3	0.01	0.51	81.19	7.93	0.00
3	7	0.21	2.38	67.85	5.41	0.00
Core	CPU	C1%	C3%	C6%	C8%	C9%
-	-	0.01	1.29	69.98	16.85	0.00
0	0	0.00	0.65	71.83	16.67	0.00
0	4	0.01	3.03	67.10	20.28	0.00
1	1	0.01	0.20	72.18	16.74	0.00
1	5	0.00	0.52	67.86	21.81	0.00
2	2	0.01	0.55	70.49	18.58	0.00
2	6	0.00	0.33	68.90	21.49	0.00
3	3	0.00	0.39	77.72	11.45	0.00
3	7	0.02	4.66	63.43	7.71	0.00
Core	CPU	C1%	C3%	C6%	C8%	C9%
-	-	0.01	0.72	72.27	15.70	0.00
0	0	0.01	0.65	71.84	16.95	0.00
0	4	0.00	0.55	70.91	19.59	0.00
1	1	0.02	0.31	73.87	16.11	0.00
1	5	0.00	0.43	70.38	20.36	0.00
2	2	0.00	0.58	71.74	18.13	0.00
2	6	0.00	0.38	72.55	18.19	0.00
3	3	0.00	0.48	79.83	10.14	0.00
3	7	0.02	2.41	67.01	6.11	0.00
Core	CPU	C1%	C3%	C6%	C8%	C9%
-	-	0.01	0.85	71.79	15.97	0.00
0	0	0.00	0.48	75.49	13.39	0.00
0	4	0.00	0.63	71.09	18.88	0.00
1	1	0.01	0.82	75.54	13.49	0.00
1	5	0.00	0.28	69.58	21.41	0.00
2	2	0.01	0.61	69.03	20.83	0.00
2	6	0.00	0.62	71.27	18.99	0.00
3	3	0.01	0.51	77.86	12.16	0.00
3	7	0.01	2.85	64.26	8.52	0.00
Core	CPU	C1%	C3%	C6%	C8%	C9%
-	-	0.01	0.70	70.56	16.54	0.00
0	0	0.00	0.48	71.26	16.95	0.00
0	4	0.00	0.62	68.66	21.55	0.00
1	1	0.01	0.35	75.26	14.69	0.00
1	5	0.01	0.39	68.74	21.69	0.00
2	2	0.00	0.48	69.06	20.35	0.00
2	6	0.00	0.42	69.80	20.77	0.00
3	3	0.04	0.47	79.07	9.69	0.00
3	7	0.04	2.37	63.31	6.81	0.00
Core	CPU	C1%	C3%	C6%	C8%	C9%
-	-	0.02	0.69	72.30	15.60	0.00
0	0	0.01	0.43	72.82	16.28	0.00
0	4	0.01	0.58	72.64	17.90	0.00
1	1	0.01	0.38	76.11	13.68	0.00
1	5	0.00	0.28	70.09	20.71	0.00
2	2	0.00	0.58	69.35	20.46	0.00
2	6	0.00	0.51	70.00	20.74	0.00
3	3	0.00	0.46	81.87	7.93	0.00
3	7	0.08	2.28	65.02	6.94	0.00
Core	CPU	C1%	C3%	C6%	C8%	C9%
-	-	0.00	1.24	70.18	16.37	0.00
0	0	0.00	0.47	73.62	14.25	0.00
0	4	0.00	2.41	69.82	17.58	0.00
1	1	0.01	0.32	71.71	17.46	0.00
1	5	0.00	0.39	68.94	21.12	0.00
2	2	0.00	0.51	68.97	19.20	0.00
2	6	0.00	0.53	69.31	20.30	0.00
3	3	0.01	0.53	76.39	12.57	0.00
3	7	0.01	4.75	62.67	8.49	0.00
Core	CPU	C1%	C3%	C6%	C8%	C9%
-	-	0.01	0.69	72.42	15.57	0.00
0	0	0.00	0.54	73.47	15.49	0.00
0	4	0.01	0.48	71.01	19.69	0.00
1	1	0.01	0.35	75.84	13.96	0.00
1	5	0.00	0.31	70.87	20.09	0.00
2	2	0.00	0.53	71.32	18.55	0.00
2	6	0.00	0.61	72.37	18.18	0.00
3	3	0.00	0.52	79.65	10.26	0.00
3	7	0.02	2.22	65.04	8.40	0.00
Core	CPU	C1%	C3%	C6%	C8%	C9%
-	-	0.01	0.81	70.92	16.92	0.00
0	0	0.00	0.44	73.25	15.18	0.00
0	4	0.01	1.07	69.58	20.11	0.00
1	1	0.01	0.39	74.28	15.34	0.00
1	5	0.00	0.40	70.19	20.65	0.00
2	2	0.00	0.51	70.82	19.22	0.00
2	6	0.00	0.48	69.59	21.08	0.00
3	3	0.01	0.43	76.12	13.83	0.00
3	7	0.03	2.72	63.20	9.89	0.00
Core	CPU	C1%	C3%	C6%	C8%	C9%
-	-	0.01	0.69	71.97	16.01	0.00
0	0	0.01	0.53	75.70	13.22	0.00
0	4	0.00	0.53	73.23	17.23	0.00
1	1	0.01	0.46	75.06	14.66	0.00
1	5	0.00	0.44	72.43	18.30	0.00
2	2	0.01	0.37	70.19	19.79	0.00
2	6	0.00	0.53	71.30	19.42	0.00
3	3	0.01	0.61	75.57	14.37	0.00
3	7	0.01	2.03	62.23	11.09	0.00
Core	CPU	C1%	C3%	C6%	C8%	C9%
-	-	0.01	0.68	71.84	16.08	0.00
0	0	0.00	0.43	76.15	12.63	0.00
0	4	0.00	0.59	73.15	17.40	0.00
1	1	0.01	0.40	72.59	17.34	0.00
1	5	0.00	0.41	70.55	20.31	0.00
2	2	0.00	0.50	71.53	18.31	0.00
2	6	0.01	0.54	72.03	18.56	0.00
3	3	0.01	0.53	76.63	13.30	0.00
3	7	0.02	2.01	62.53	10.86	0.00
Core	CPU	C1%	C3%	C6%	C8%	C9%
-	-	0.02	1.31	70.15	15.91	0.00
0	0	0.10	0.74	67.44	19.33	0.00
0	4	0.00	2.94	67.97	19.49	0.00
1	1	0.01	0.24	71.74	16.08	0.00
1	5	0.00	0.47	67.64	21.60	0.00
2	2	0.01	0.72	73.39	14.70	0.00
2	6	0.00	0.31	70.87	19.27	0.00
3	3	0.00	0.49	77.55	10.71	0.00
3	7	0.01	4.54	64.27	6.04	0.00
Core	CPU	C1%	C3%	C6%	C8%	C9%
-	-	0.01	0.73	71.98	15.91	0.00
0	0	0.01	0.58	72.69	16.02	0.00
0	4	0.00	0.70	69.92	20.53	0.00
1	1	0.01	0.36	74.55	15.29	0.00
1	5	0.00	0.39	70.54	20.36	0.00
2	2	0.01	0.52	70.36	19.62	0.00
2	6	0.00	0.44	71.56	19.21	0.00
3	3	0.01	0.48	80.32	9.57	0.00
3	7	0.02	2.41	66.40	6.82	0.00
Core	CPU	C1%	C3%	C6%	C8%	C9%
-	-	0.02	0.73	71.18	16.68	0.00
0	0	0.01	0.53	71.47	17.55	0.00
0	4	0.00	0.56	73.97	16.41	0.00
1	1	0.01	0.34	71.03	18.72	0.00
1	5	0.00	0.41	70.12	20.80	0.00
2	2	0.01	0.54	71.19	18.81	0.00
2	6	0.00	0.57	70.75	19.69	0.00
3	3	0.01	0.56	76.71	12.91	0.00
3	7	0.11	2.35	64.21	8.57	0.00
Core	CPU	C1%	C3%	C6%	C8%	C9%
-	-	0.03	0.69	71.61	16.48	0.00
0	0	0.00	0.55	72.66	16.31	0.00
0	4	0.00	0.57	70.38	20.09	0.00
1	1	0.01	0.36	73.33	16.46	0.00
1	5	0.00	0.37	69.34	21.47	0.00
2	2	0.01	0.54	70.38	19.61	0.00
2	6	0.00	0.49	71.52	19.21	0.00
3	3	0.01	0.37	79.50	10.52	0.00
3	7	0.21	2.28	65.15	7.99	0.00
Core	CPU	C1%	C3%	C6%	C8%	C9%
-	-	0.01	0.71	72.33	15.65	0.00
0	0	0.01	0.44	75.12	13.80	0.00
0	4	0.00	0.54	71.30	19.38	0.00
1	1	0.01	0.38	75.09	14.79	0.00
1	5	0.00	0.49	72.69	18.10	0.00
2	2	0.01	0.52	70.14	19.83	0.00
2	6	0.00	0.39	70.03	20.75	0.00
3	3	0.01	0.48	79.60	10.31	0.00
3	7	0.02	2.42	64.95	8.27	0.00
Core	CPU	C1%	C3%	C6%	C8%	C9%
-	-	0.00	1.18	69.75	16.75	0.00
0	0	0.01	0.49	71.62	16.77	0.00
0	4	0.00	2.21	70.39	17.15	0.00
1	1	0.01	0.40	69.64	18.19	0.00
1	5	0.00	0.39	67.71	22.04	0.00
2	2	0.00	0.52	70.50	18.08	0.00
2	6	0.00	0.59	70.24	19.04	0.00
3	3	0.00	0.59	75.35	13.71	0.00
3	7	0.01	4.28	62.30	8.96	0.00
Core	CPU	C1%	C3%	C6%	C8%	C9%
-	-	0.01	0.67	72.67	15.22	0.00
0	0	0.01	0.57	75.63	13.07	0.00
0	4	0.00	0.48	71.34	19.32	0.00
1	1	0.01	0.31	74.40	15.54	0.00
1	5	0.00	0.40	70.66	20.26	0.00
2	2	0.01	0.50	71.05	18.96	0.00
2	6	0.00	0.43	71.67	19.09	0.00
3	3	0.00	0.48	80.97	8.92	0.00
3	7	0.02	2.24	66.27	6.78	0.00
Core	CPU	C1%	C3%	C6%	C8%	C9%
-	-	0.01	0.88	72.08	15.77	0.00
0	0	0.01	0.43	75.55	13.46	0.00
0	4	0.00	1.53	70.90	18.74	0.00
1	1	0.01	0.38	74.35	15.57	0.00
1	5	0.00	0.30	71.02	19.99	0.00
2	2	0.01	0.47	69.25	20.76	0.00
2	6	0.00	0.62	70.67	19.95	0.00
3	3	0.01	0.53	80.16	9.58	0.00
3	7	0.01	2.77	64.76	8.12	0.00
Core	CPU	C1%	C3%	C6%	C8%	C9%
-	-	0.04	0.75	71.74	16.11	0.00
0	0	0.01	0.54	73.39	15.44	0.00
0	4	0.00	0.63	71.06	19.46	0.00
1	1	0.01	0.43	72.10	17.62	0.00
1	5	0.00	0.43	70.26	20.49	0.00
2	2	0.01	0.51	71.24	18.63	0.00
2	6	0.01	0.77	73.73	16.60	0.00
3	3	0.01	0.47	76.53	13.26	0.00
3	7	0.30	2.21	65.26	7.28	0.00
Core	CPU	C1%	C3%	C6%	C8%	C9%
-	-	0.03	0.71	72.47	15.44	0.00
0	0	0.00	0.52	72.87	16.11	0.00
0	4	0.00	0.62	73.60	16.81	0.00
1	1	0.02	0.30	74.04	15.61	0.00
1	5	0.00	0.31	71.17	19.79	0.00
2	2	0.01	0.55	70.56	19.40	0.00
2	6	0.00	0.46	70.69	20.01	0.00
3	3	0.00	0.47	80.21	9.74	0.00
3	7	0.21	2.46	66.78	6.09	0.00
Core	CPU	C1%	C3%	C6%	C8%	C9%
-	-	0.06	1.28	69.79	16.31	0.13
0	0	0.10	0.55	70.54	16.57	0.00
0	4	0.01	3.37	70.11	16.95	0.00
1	1	0.01	0.37	68.95	18.83	0.00
1	5	0.00	0.40	68.27	21.98	0.00
2	2	0.00	0.55	68.25	19.87	0.00
2	6	0.00	0.44	70.03	18.70	0.00
3	3	0.00	0.39	77.81	10.98	0.00
3	7	0.32	4.14	63.90	6.51	1.03
Core	CPU	C1%	C3%	C6%	C8%	C9%
-	-	0.07	0.68	71.40	16.07	0.00
0	0	0.02	0.35	74.43	14.16	0.00
0	4	0.00	0.58	69.40	21.01	0.00
1	1	0.01	0.49	73.39	15.80	0.00
1	5	0.11	0.30	71.50	18.83	0.00
2	2	0.34	0.56	68.98	19.86	0.00
2	6	0.00	0.48	68.96	21.88	0.00
3	3	0.07	0.48	80.44	8.58	0.00
3	7	0.01	2.24	64.77	8.58	0.00
Core	CPU	C1%	C3%	C6%	C8%	C9%
-	-	0.01	0.87	71.65	16.33	0.00
0	0	0.01	0.60	70.47	18.52	0.00
0	4	0.00	1.25	69.75	20.09	0.00
1	1	0.01	0.29	75.69	14.28	0.00
1	5	0.00	0.46	71.04	19.73	0.00
2	2	0.01	0.53	72.30	17.70	0.00
2	6	0.00	0.42	69.99	20.86	0.00
3	3	0.00	0.58	78.33	11.55	0.00
3	7	0.02	2.81	65.00	7.76	0.00
Core	CPU	C1%	C3%	C6%	C8%	C9%
-	-	0.01	0.69	72.30	15.61	0.00
0	0	0.01	0.60	73.37	15.45	0.00
0	4	0.01	0.59	72.06	18.46	0.00
1	1	0.01	0.26	74.77	15.18	0.00
1	5	0.00	0.32	70.20	20.77	0.00
2	2	0.01	0.59	72.27	17.56	0.00
2	6	0.00	0.41	70.79	19.94	0.00
3	3	0.00	0.46	79.38	10.57	0.00
3	7	0.02	2.28	66.21	7.15	0.00
Core	CPU	C1%	C3%	C6%	C8%	C9%
-	-	0.01	0.69	72.13	15.89	0.00
0	0	0.00	0.58	75.45	13.41	0.00
0	4	0.01	0.52	71.18	19.39	0.00
1	1	0.01	0.29	74.61	15.36	0.00
1	5	0.00	0.42	70.13	20.65	0.00
2	2	0.00	0.54	70.55	19.39	0.00
2	6	0.00	0.38	70.74	20.04	0.00
3	3	0.00	0.51	78.97	10.96	0.00
3	7	0.02	2.30	65.40	7.94	0.00
Core	CPU	C1%	C3%	C6%	C8%	C9%
-	-	0.01	1.18	69.28	17.12	0.00
0	0	0.00	0.45	73.23	14.63	0.00
0	4	0.01	2.05	69.06	18.36	0.00
1	1	0.01	0.32	71.15	17.77	0.00
1	5	0.00	0.37	67.92	20.82	0.00
2	2	0.01	0.45	65.98	22.90	0.00
2	6	0.00	0.51	67.56	22.52	0.00
3	3	0.00	0.51	77.05	10.83	0.00
3	7	0.01	4.77	62.06	9.04	0.00
Core	CPU	C1%	C3%	C6%	C8%	C9%
-	-	0.01	0.70	69.79	17.58	0.00
0	0	0.01	0.62	72.78	16.10	0.00
0	4	0.01	0.78	68.79	21.77	0.00
1	1	0.01	0.29	72.09	18.00	0.00
1	5	0.00	0.36	68.18	22.82	0.00
2	2	0.01	0.44	68.37	21.51	0.00
2	6	0.00	0.50	68.29	22.46	0.00
3	3	0.01	0.49	78.81	10.56	0.00
3	7	0.02	2.16	61.32	7.54	0.00
Core	CPU	C1%	C3%	C6%	C8%	C9%
-	-	0.01	0.82	72.54	15.37	0.00
0	0	0.00	0.72	76.85	11.79	0.00
0	4	0.01	1.40	71.33	18.38	0.00
1	1	0.01	0.23	74.80	15.29	0.00
1	5	0.00	0.34	69.96	20.95	0.00
2	2	0.01	0.58	70.92	18.93	0.00
2	6	0.00	0.44	71.49	19.31	0.00
3	3	0.00	0.41	79.20	10.89	0.00
3	7	0.01	2.46	65.74	7.45	0.00
Core	CPU	C1%	C3%	C6%	C8%	C9%
-	-	0.01	0.69	71.89	16.17	0.00
0	0	0.01	0.59	75.43	13.30	0.00
0	4	0.01	0.50	70.19	20.47	0.00
1	1	0.01	0.35	73.17	16.84	0.00
1	5	0.00	0.40	70.51	20.40	0.00
2	2	0.01	0.52	70.91	19.06	0.00
2	6	0.00	0.45	70.74	19.98	0.00
3	3	0.01	0.46	78.53	11.48	0.00
3	7	0.01	2.24	65.62	7.80	0.00
Core	CPU	C1%	C3%	C6%	C8%	C9%
-	-	0.03	0.69	72.10	15.90	0.00
0	0	0.00	0.65	75.15	13.56	0.00
0	4	0.01	0.35	70.49	20.31	0.00
1	1	0.01	0.35	72.04	18.03	0.00
1	5	0.00	0.31	69.82	21.15	0.00
2	2	0.00	0.49	70.52	19.45	0.00
2	6	0.00	0.54	71.69	18.95	0.00
3	3	0.00	0.52	80.76	9.19	0.00
3	7	0.22	2.30	66.40	6.60	0.00
Core	CPU	C1%	C3%	C6%	C8%	C9%
-	-	0.01	1.23	69.83	16.92	0.00
0	0	0.00	0.50	70.74	17.21	0.00
0	4	0.01	2.34	69.98	17.12	0.00
1	1	0.02	0.32	69.87	18.32	0.00
1	5	0.00	0.35	69.49	21.07	0.00
2	2	0.01	0.50	68.72	20.46	0.00
2	6	0.00	0.55	69.95	20.13	0.00
3	3	0.00	0.39	76.60	12.40	0.00
3	7	0.02	4.87	62.66	8.47	0.00
Core	CPU	C1%	C3%	C6%	C8%	C9%
-	-	0.01	0.73	72.49	15.41	0.00
0	0	0.00	0.75	70.53	18.23	0.00
0	4	0.01	0.53	72.52	17.94	0.00
1	1	0.02	0.16	72.99	17.19	0.00
1	5	0.00	0.55	71.12	19.69	0.00
2	2	0.01	0.76	72.96	16.68	0.00
2	6	0.00	0.25	71.16	19.68	0.00
3	3	0.00	0.42	81.21	8.82	0.00
3	7	0.02	2.41	68.05	5.21	0.00
Core	CPU	C1%	C3%	C6%	C8%	C9%
-	-	0.01	0.87	72.90	15.02	0.00
0	0	0.01	0.44	73.96	15.09	0.00
0	4	0.01	0.57	71.34	19.30	0.00
1	1	0.01	1.18	76.29	12.71	0.00
1	5	0.00	0.22	71.15	19.84	0.00
2	2	0.00	0.50	70.02	19.92	0.00
2	6	0.01	0.70	73.15	17.32	0.00
3	3	0.00	0.62	80.47	9.37	0.00
3	7	0.01	2.74	66.22	6.46	0.00
Core	CPU	C1%	C3%	C6%	C8%	C9%
-	-	0.04	0.67	71.10	16.83	0.00
0	0	0.01	0.56	73.26	15.60	0.00
0	4	0.01	0.38	71.09	19.51	0.00
1	1	0.01	0.40	71.93	17.82	0.00
1	5	0.00	0.42	70.61	20.27	0.00
2	2	0.00	0.57	70.73	19.18	0.00
2	6	0.00	0.40	70.07	20.68	0.00
3	3	0.01	0.49	77.46	12.49	0.00
3	7	0.31	2.12	63.95	9.16	0.00
Core	CPU	C1%	C3%	C6%	C8%	C9%
-	-	0.01	0.69	72.20	15.77	0.00
0	0	0.01	0.58	72.83	16.15	0.00
0	4	0.01	0.57	74.68	15.69	0.00
1	1	0.00	0.36	73.33	16.62	0.00
1	5	0.00	0.29	70.45	20.56	0.00
2	2	0.00	0.54	72.53	17.35	0.00
2	6	0.00	0.53	72.09	18.61	0.00
3	3	0.00	0.58	77.44	12.45	0.00
3	7	0.02	2.08	64.56	8.82	0.00
Core	CPU	C1%	C3%	C6%	C8%	C9%
-	-	0.07	1.11	70.21	15.14	0.00
0	0	0.01	0.69	69.52	16.22	0.00
0	4	0.01	2.26	68.07	19.21	0.00
1	1	0.01	0.29	72.67	15.09	0.00
1	5	0.04	0.44	69.82	18.49	0.00
2	2	0.01	0.54	69.15	18.02	0.00
2	6	0.00	0.43	69.37	19.27	0.00
3	3	0.01	0.45	78.67	8.86	0.00
3	7	0.47	3.75	64.30	5.93	0.00
Core	CPU	C1%	C3%	C6%	C8%	C9%
-	-	0.01	0.73	72.33	15.66	0.00
0	0	0.00	0.49	71.67	17.45	0.00
0	4	0.00	0.64	71.39	19.19	0.00
1	1	0.02	0.35	77.21	12.53	0.00
1	5	0.00	0.35	71.72	19.21	0.00
2	2	0.00	0.49	70.32	19.66	0.00
2	6	0.00	0.56	71.15	19.49	0.00
3	3	0.01	0.51	80.29	9.56	0.00
3	7	0.01	2.43	64.96	8.18	0.00
Core	CPU	C1%	C3%	C6%	C8%	C9%
-	-	0.01	0.91	72.30	15.67	0.00
0	0	0.01	0.62	72.23	16.90	0.00
0	4	0.00	0.51	72.12	18.62	0.00
1	1	0.01	0.36	71.71	18.29	0.00
1	5	0.00	0.32	70.56	20.38	0.00
2	2	0.01	0.52	74.06	15.89	0.00
2	6	0.00	1.47	71.80	17.91	0.00
3	3	0.00	0.52	79.67	10.22	0.00
3	7	0.02	2.99	65.68	6.98	0.00
Core	CPU	C1%	C3%	C6%	C8%	C9%
-	-	0.01	0.68	71.40	16.66	0.00
0	0	0.01	0.39	72.00	17.06	0.00
0	4	0.01	0.67	73.15	17.18	0.00
1	1	0.01	0.44	71.01	19.04	0.00
1	5	0.00	0.40	70.77	20.06	0.00
2	2	0.00	0.46	69.02	20.99	0.00
2	6	0.00	0.44	70.70	20.19	0.00
3	3	0.00	0.44	79.47	10.47	0.00
3	7	0.02	2.19	65.00	8.24	0.00
Core	CPU	C1%	C3%	C6%	C8%	C9%
-	-	0.01	0.70	72.83	15.13	0.00
0	0	0.00	0.59	75.62	13.22	0.00
0	4	0.01	0.47	71.60	19.07	0.00
1	1	0.01	0.41	72.70	17.18	0.00
1	5	0.00	0.41	70.69	20.12	0.00
2	2	0.01	0.50	72.13	17.84	0.00
2	6	0.01	0.44	71.78	19.02	0.00
3	3	0.00	0.51	80.96	8.88	0.00
3	7	0.02	2.25	67.49	5.82	0.00
Core	CPU	C1%	C3%	C6%	C8%	C9%
-	-	0.01	1.20	69.71	16.61	0.00
0	0	0.01	0.53	70.50	17.52	0.00
0	4	0.01	2.52	70.26	16.99	0.00
1	1	0.01	0.30	71.85	16.13	0.00
1	5	0.00	0.33	70.00	20.00	0.00
2	2	0.00	0.42	69.11	18.95	0.00
2	6	0.00	0.39	69.05	20.75	0.00
3	3	0.00	0.46	74.51	13.46	0.00
3	7	0.02	4.68	62.11	9.02	0.00
Core	CPU	C1%	C3%	C6%	C8%	C9%
-	-	0.01	0.68	72.39	15.55	0.00
0	0	0.00	0.57	73.90	15.00	0.00
0	4	0.01	0.40	71.78	18.93	0.00
1	1	0.01	0.39	73.49	16.35	0.00
1	5	0.00	0.44	70.26	20.58	0.00
2	2	0.00	0.53	72.13	17.77	0.00
2	6	0.00	0.36	71.28	19.56	0.00
3	3	0.00	0.56	80.57	9.27	0.00
3	7	0.02	2.20	66.28	7.10	0.00
Core	CPU	C1%	C3%	C6%	C8%	C9%
-	-	0.01	0.81	72.27	15.51	0.00
0	0	0.00	0.56	71.54	17.23	0.00
0	4	0.01	1.19	72.64	17.21	0.00
1	1	0.01	0.36	73.24	16.45	0.00
1	5	0.00	0.33	72.21	18.54	0.00
2	2	0.01	0.54	70.25	19.25	0.00
2	6	0.00	0.55	72.64	17.93	0.00
3	3	0.01	0.54	79.60	10.27	0.00
3	7	0.01	2.41	66.03	7.25	0.00
Core	CPU	C1%	C3%	C6%	C8%	C9%
-	-	0.01	0.73	72.36	15.75	0.00
0	0	0.00	0.57	74.08	14.85	0.00
0	4	0.01	0.67	71.84	18.65	0.00
1	1	0.02	0.39	73.86	16.12	0.00
1	5	0.00	0.38	73.00	17.89	0.00
2	2	0.00	0.53	70.74	19.19	0.00
2	6	0.00	0.50	72.14	18.60	0.00
3	3	0.01	0.48	78.07	11.91	0.00
3	7	0.02	2.33	64.52	8.63	0.00
Core	CPU	C1%	C3%	C6%	C8%	C9%
-	-	0.01	0.68	71.33	16.61	0.00
0	0	0.00	0.50	73.62	15.26	0.00
0	4	0.01	0.44	71.60	19.14	0.00
1	1	0.01	0.33	73.04	16.78	0.00
1	5	0.00	0.43	69.67	21.04	0.00
2	2	0.00	0.47	68.80	21.14	0.00
2	6	0.00	0.61	70.29	20.25	0.00
3	3	0.01	0.57	79.41	10.46	0.00
3	7	0.01	2.13	64.53	8.90	0.00
Core	CPU	C1%	C3%	C6%	C8%	C9%
-	-	0.01	0.93	69.83	16.09	0.00
0	0	0.00	0.52	71.11	16.11	0.00
0	4	0.01	1.22	69.10	18.27	0.00
1	1	0.01	0.31	71.28	17.00	0.00
1	5	0.00	0.31	67.06	21.97	0.00
2	2	0.01	0.45	68.31	19.06	0.00
2	6	0.00	0.49	68.87	19.80	0.00
3	3	0.00	0.45	78.59	9.32	0.00
3	7	0.02	3.72	64.16	7.13	0.00
Core	CPU	C1%	C3%	C6%	C8%	C9%
-	-	0.01	0.67	71.84	16.13	0.00
0	0	0.01	0.61	74.68	14.16	0.00
0	4	0.01	0.41	70.88	19.87	0.00
1	1	0.01	0.35	73.99	15.93	0.00
1	5	0.00	0.33	70.77	20.22	0.00
2	2	0.00	0.46	71.05	18.92	0.00
2	6	0.00	0.48	71.83	18.86	0.00
3	3	0.01	0.57	78.19	11.70	0.00
3	7	0.02	2.19	63.85	9.47	0.00
Core	CPU	C1%	C3%	C6%	C8%	C9%
-	-	0.01	0.81	71.76	16.17	0.00
0	0	0.01	0.51	73.91	15.03	0.00
0	4	0.00	1.18	70.97	18.79	0.00
1	1	0.01	0.41	73.26	16.65	0.00
1	5	0.00	0.37	70.98	19.97	0.00
2	2	0.00	0.51	69.60	20.35	0.00
2	6	0.00	0.50	71.24	19.54	0.00
3	3	0.01	0.48	80.20	9.79	0.00
3	7	0.01	2.49	63.95	9.22	0.00
Core	CPU	C1%	C3%	C6%	C8%	C9%
-	-	0.01	0.71	69.93	17.40	0.00
0	0	0.01	0.46	72.15	16.39	0.00
0	4	0.01	0.60	71.83	18.78	0.00
1	1	0.01	0.43	71.61	17.53	0.00
1	5	0.00	0.34	68.74	22.38	0.00
2	2	0.00	0.47	68.14	21.65	0.00
2	6	0.00	0.52	68.48	22.33	0.00
3	3	0.01	0.48	77.04	12.22	0.00
3	7	0.02	2.40	61.44	7.92	0.00
Core	CPU	C1%	C3%	C6%	C8%	C9%
-	-	0.01	0.66	72.90	15.07	0.00
0	0	0.01	0.58	74.29	14.74	0.00
0	4	0.01	0.46	72.38	18.38	0.00
1	1	0.01	0.31	75.40	14.24	0.00
1	5	0.00	0.40	71.30	19.57	0.00
2	2	0.00	0.54	72.25	17.67	0.00
2	6	0.00	0.35	71.23	19.64	0.00
3	3	0.00	0.51	80.52	9.32	0.00
3	7	0.02	2.17	65.84	7.01	0.00
Core	CPU	C1%	C3%	C6%	C8%	C9%
-	-	0.00	0.96	69.59	16.45	0.00
0	0	0.01	0.51	69.13	18.04	0.00
0	4	0.00	2.27	67.61	19.66	0.00
1	1	0.00	0.40	73.18	14.75	0.00
1	5	0.00	0.36	67.95	21.38	0.00
2	2	0.01	0.49	69.31	18.76	0.00
2	6	0.00	0.47	69.29	18.97	0.00
3	3	0.01	0.52	76.71	11.42	0.00
3	7	0.01	2.65	62.87	8.47	0.00
Core	CPU	C1%	C3%	C6%	C8%	C9%
-	-	0.01	0.69	72.21	15.70	0.00
0	0	0.01	0.62	73.07	15.80	0.00
0	4	0.01	0.46	71.30	19.28	0.00
1	1	0.01	0.32	74.63	15.16	0.00
1	5	0.00	0.32	69.75	21.18	0.00
2	2	0.01	0.56	71.29	18.59	0.00
2	6	0.00	0.37	72.24	18.60	0.00
3	3	0.00	0.50	80.41	9.56	0.00
3	7	0.02	2.33	65.62	7.63	0.00
Core	CPU	C1%	C3%	C6%	C8%	C9%
-	-	0.00	0.76	72.61	15.31	0.00
0	0	0.01	0.39	75.54	13.48	0.00
0	4	0.00	0.72	73.36	17.17	0.00
1	1	0.01	0.37	74.84	15.13	0.00
1	5	0.01	0.35	72.39	18.52	0.00
2	2	0.00	0.51	69.79	19.21	0.00
2	6	0.00	0.52	71.58	19.07	0.00
3	3	0.01	0.45	78.68	11.37	0.00
3	7	0.01	2.74	64.18	8.41	0.00
Core	CPU	C1%	C3%	C6%	C8%	C9%
-	-	0.01	0.72	72.04	15.75	0.00
0	0	0.01	0.65	71.35	17.62	0.00
0	4	0.01	0.43	70.38	19.68	0.00
1	1	0.01	0.40	74.33	15.46	0.00
1	5	0.00	0.36	70.16	20.42	0.00
2	2	0.00	0.61	71.01	18.56	0.00
2	6	0.00	0.43	71.88	18.70	0.00
3	3	0.00	0.44	80.96	9.02	0.00
3	7	0.01	2.44	66.46	6.57	0.00
Core	CPU	C1%	C3%	C6%	C8%	C9%
-	-	0.01	0.69	72.04	15.94	0.00
0	0	0.01	0.53	74.24	14.53	0.00
0	4	0.01	0.49	72.11	18.54	0.00
1	1	0.01	0.38	73.47	16.53	0.00
1	5	0.00	0.34	70.17	20.82	0.00
2	2	0.00	0.50	71.83	18.09	0.00
2	6	0.00	0.54	71.21	19.45	0.00
3	3	0.01	0.47	79.28	10.73	0.00
3	7	0.01	2.28	64.32	8.93	0.00
Core	CPU	C1%	C3%	C6%	C8%	C9%
-	-	0.03	1.38	69.82	16.40	0.01
0	0	0.01	0.64	69.72	17.20	0.00
0	4	0.01	3.24	69.04	18.30	0.09
1	1	0.01	0.46	71.68	16.35	0.00
1	5	0.15	0.53	68.44	20.32	0.00
2	2	0.00	0.61	67.60	21.38	0.00
2	6	0.08	0.44	68.86	20.31	0.00
3	3	0.00	0.48	78.42	10.21	0.00
3	7	0.01	4.60	64.15	6.95	0.00
Core	CPU	C1%	C3%	C6%	C8%	C9%
-	-	0.01	0.69	72.16	15.76	0.00
0	0	0.00	0.59	71.64	17.31	0.00
0	4	0.01	0.41	70.70	20.04	0.00
1	1	0.01	0.30	74.55	15.28	0.00
1	5	0.00	0.39	70.72	20.11	0.00
2	2	0.00	0.61	71.76	18.08	0.00
2	6	0.00	0.42	72.55	18.22	0.00
3	3	0.00	0.56	79.88	9.97	0.00
3	7	0.01	2.27	66.07	7.25	0.00
Core	CPU	C1%	C3%	C6%	C8%	C9%
-	-	0.01	0.70	71.37	16.54	0.00
0	0	0.00	0.51	71.38	17.35	0.00
0	4	0.01	0.49	70.86	19.82	0.00
1	1	0.01	0.33	74.00	15.98	0.00
1	5	0.00	0.35	72.88	18.00	0.00
2	2	0.00	0.54	69.42	20.42	0.00
2	6	0.00	0.53	70.31	20.48	0.00
3	3	0.01	0.49	78.81	10.28	0.00
3	7	0.01	2.33	63.28	9.99	0.00
Core	CPU	C1%	C3%	C6%	C8%	C9%
-	-	0.01	0.69	72.73	15.26	0.00
0	0	0.00	0.71	73.55	15.28	0.00
0	4	0.01	0.52	74.23	16.24	0.00
1	1	0.02	0.28	73.81	16.02	0.00
1	5	0.00	0.34	71.09	19.72	0.00
2	2	0.00	0.56	72.18	17.71	0.00
2	6	0.00	0.44	71.60	19.19	0.00
3	3	0.00	0.52	80.13	9.75	0.00
3	7	0.02	2.16	65.29	8.15	0.00
Core	CPU	C1%	C3%	C6%	C8%	C9%
-	-	0.01	0.70	71.13	16.73	0.00
0	0	0.00	0.54	74.80	14.07	0.00
0	4	0.00	0.59	70.79	19.83	0.00
1	1	0.01	0.42	73.01	16.86	0.00
1	5	0.01	0.37	68.19	21.18	0.00
2	2	0.01	0.55	69.34	20.53	0.00
2	6	0.01	0.59	69.09	20.91	0.00
3	3	0.01	0.57	78.55	11.31	0.00
3	7	0.01	1.97	64.62	8.97	0.00
Core	CPU	C1%	C3%	C6%	C8%	C9%
-	-	0.01	0.95	69.39	16.46	0.00
0	0	0.01	0.45	71.72	15.40	0.00
0	4	0.00	1.29	67.97	19.30	0.00
1	1	0.01	0.35	72.56	15.45	0.00
1	5	0.00	0.31	68.73	20.13	0.00
2	2	0.01	0.43	68.80	19.38	0.00
2	6	0.00	0.50	66.38	22.47	0.00
3	3	0.01	0.53	76.97	10.39	0.00
3	7	0.01	3.77	62.18	9.19	0.00
Core	CPU	C1%	C3%	C6%	C8%	C9%
-	-	0.01	0.71	72.55	15.38	0.00
0	0	0.01	0.53	72.05	16.92	0.00
0	4	0.00	0.54	69.78	20.89	0.00
1	1	0.02	0.42	76.15	13.53	0.00
1	5	0.00	0.36	70.53	20.35	0.00
2	2	0.00	0.48	71.77	18.18	0.00
2	6	0.00	0.47	71.48	19.29	0.00
3	3	0.00	0.53	82.33	7.52	0.00
3	7	0.02	2.35	66.65	6.48	0.00
Core	CPU	C1%	C3%	C6%	C8%	C9%
-	-	0.01	0.75	72.21	15.85	0.00
0	0	0.00	0.61	74.79	13.98	0.00
0	4	0.01	0.45	71.27	19.59	0.00
1	1	0.01	0.32	74.47	15.61	0.00
1	5	0.00	0.41	72.10	18.88	0.00
2	2	0.00	0.46	70.12	19.90	0.00
2	6	0.00	0.44	70.76	20.11	0.00
3	3	0.01	0.61	78.75	10.35	0.00
3	7	0.02	2.68	64.83	8.22	0.00
Core	CPU	C1%	C3%	C6%	C8%	C9%
-	-	0.01	0.69	72.89	15.01	0.00
0	0	0.00	0.50	75.16	13.80	0.00
0	4	0.01	0.47	71.51	19.23	0.00
1	1	0.01	0.36	76.86	12.99	0.00
1	5	0.00	0.35	71.21	19.60	0.00
2	2	0.01	0.54	70.88	18.99	0.00
2	6	0.00	0.43	71.58	19.17	0.00
3	3	0.00	0.51	80.81	9.07	0.00
3	7	0.01	2.38	65.77	7.41	0.00
Core	CPU	C1%	C3%	C6%	C8%	C9%
-	-	0.01	0.67	73.30	14.77	0.00
0	0	0.00	0.70	73.48	15.41	0.00
0	4	0.02	0.37	72.22	18.60	0.00
1	1	0.01	0.31	75.93	13.89	0.00
1	5	0.00	0.38	72.17	18.75	0.00
2	2	0.00	0.50	72.33	17.64	0.00
2	6	0.00	0.35	73.07	17.70	0.00
3	3	0.00	0.41	80.14	9.80	0.00
3	7	0.02	2.32	66.97	6.37	0.00
Core	CPU	C1%	C3%	C6%	C8%	C9%
-	-	0.01	1.28	70.32	16.72	0.00
0	0	0.00	0.39	74.62	13.92	0.00
0	4	0.01	2.76	68.88	18.86	0.00
1	1	0.01	0.43	72.78	16.71	0.00
1	5	0.00	0.35	70.40	19.89	0.00
2	2	0.00	0.42	68.11	20.91	0.00
2	6	0.00	0.49	68.56	21.82	0.00
3	3	0.00	0.50	76.33	12.42	0.00
3	7	0.02	4.91	62.28	9.07	0.00
Core	CPU	C1%	C3%	C6%	C8%	C9%
-	-	0.01	0.67	71.90	16.03	0.00
0	0	0.01	0.53	73.25	15.74	0.00
0	4	0.00	0.39	70.82	19.95	0.00
1	1	0.01	0.47	75.01	14.65	0.00
1	5	0.00	0.27	69.72	21.28	0.00
2	2	0.00	0.47	69.61	20.34	0.00
2	6	0.00	0.56	71.00	19.65	0.00
3	3	0.01	0.53	80.74	9.12	0.00
3	7	0.01	2.13	65.66	7.71	0.00
Core	CPU	C1%	C3%	C6%	C8%	C9%
-	-	0.01	0.80	72.73	15.13	0.00
0	0	0.00	0.61	73.39	15.57	0.00
0	4	0.01	0.55	71.65	19.11	0.00
1	1	0.01	0.34	75.37	14.48	0.00
1	5	0.00	0.38	71.00	19.95	0.00
2	2	0.02	0.98	72.41	16.60	0.00
2	6	0.00	0.41	72.06	18.78	0.00
3	3	0.00	0.48	80.13	9.49	0.00
3	7	0.02	2.69	65.86	7.10	0.00
Core	CPU	C1%	C3%	C6%	C8%	C9%
-	-	0.01	0.71	71.62	16.41	0.00
0	0	0.00	0.51	74.65	14.23	0.00
0	4	0.00	0.51	69.95	20.82	0.00
1	1	0.01	0.28	73.20	16.82	0.00
1	5	0.00	0.47	69.54	21.31	0.00
2	2	0.01	0.60	70.62	19.25	0.00
2	6	0.00	0.53	70.88	19.77	0.00
3	3	0.00	0.49	79.87	10.04	0.00
3	7	0.01	2.26	64.30	9.03	0.00
Core	CPU	C1%	C3%	C6%	C8%	C9%
-	-	0.01	0.68	71.57	16.49	0.00
0	0	0.01	0.46	76.42	12.42	0.00
0	4	0.00	0.51	71.30	19.48	0.00
1	1	0.01	0.45	72.09	17.75	0.00
1	5	0.00	0.32	70.08	20.90	0.00
2	2	0.00	0.47	70.76	19.21	0.00
2	6	0.00	0.57	71.44	19.24	0.00
3	3	0.01	0.43	78.21	11.79	0.00
3	7	0.02	2.23	62.23	11.14	0.00
Core	CPU	C1%	C3%	C6%	C8%	C9%
-	-	0.01	0.87	69.93	15.92	0.00
0	0	0.01	0.50	71.65	15.00	0.00
0	4	0.01	1.31	68.24	19.31	0.03
1	1	0.01	0.33	75.75	11.82	0.00
1	5	0.00	0.31	68.89	19.94	0.00
2	2	0.00	0.46	66.18	21.76	0.00
2	6	0.00	0.44	68.69	20.18	0.00
3	3	0.01	0.46	77.35	10.44	0.00
3	7	0.02	3.15	62.53	8.86	0.00
Core	CPU	C1%	C3%	C6%	C8%	C9%
-	-	0.01	0.66	70.68	16.74	0.00
0	0	0.01	0.54	71.34	17.96	0.00
0	4	0.01	0.68	68.45	22.37	0.00
1	1	0.01	0.30	75.97	13.87	0.00
1	5	0.00	0.33	70.04	20.81	0.00
2	2	0.00	0.45	70.13	19.74	0.00
2	6	0.00	0.42	69.33	21.42	0.00
3	3	0.01	0.48	78.29	11.01	0.00
3	7	0.02	2.12	62.13	6.79	0.00
Core	CPU	C1%	C3%	C6%	C8%	C9%
-	-	0.01	0.79	72.17	15.71	0.00
0	0	0.01	0.59	71.86	17.20	0.00
0	4	0.01	0.62	74.19	16.07	0.00
1	1	0.01	0.26	73.01	16.58	0.00
1	5	0.00	1.07	70.92	19.18	0.00
2	2	0.01	0.61	71.46	18.40	0.00
2	6	0.00	0.40	70.77	20.02	0.00
3	3	0.01	0.56	79.00	10.88	0.00
3	7	0.02	2.18	66.12	7.35	0.00
Core	CPU	C1%	C3%	C6%	C8%	C9%
-	-	0.01	0.70	71.79	16.31	0.00
0	0	0.00	0.51	73.04	15.96	0.00
0	4	0.00	0.55	73.14	17.42	0.00
1	1	0.01	0.27	73.18	16.65	0.00
1	5	0.00	0.40	70.94	19.76	0.00
2	2	0.01	0.55	68.99	20.91	0.00
2	6	0.00	0.45	68.59	22.23	0.00
3	3	0.01	0.53	81.10	8.86	0.00
3	7	0.01	2.36	64.72	8.56	0.00
Core	CPU	C1%	C3%	C6%	C8%	C9%
-	-	0.01	0.68	72.98	15.01	0.00
0	0	0.01	0.56	77.41	11.30	0.00
0	4	0.01	0.49	71.42	19.35	0.00
1	1	0.02	0.32	74.67	15.33	0.00
1	5	0.00	0.40	70.42	20.44	0.00
2	2	0.01	0.60	72.00	17.79	0.00
2	6	0.00	0.39	71.31	19.50	0.00
3	3	0.00	0.52	80.34	9.54	0.00
3	7	0.02	2.17	66.55	6.93	0.00
Core	CPU	C1%	C3%	C6%	C8%	C9%
-	-	0.01	1.21	68.93	17.34	0.00
0	0	0.00	0.49	73.23	14.43	0.00
0	4	0.01	2.52	67.30	20.18	0.00
1	1	0.02	0.35	72.01	17.03	0.00
1	5	0.00	0.46	67.92	21.09	0.00
2	2	0.01	0.59	67.81	20.21	0.00
2	6	0.00	0.44	68.94	20.61	0.00
3	3	0.01	0.36	73.59	14.54	0.00
3	7	0.01	4.48	60.74	10.70	0.00
Core	CPU	C1%	C3%	C6%	C8%	C9%
-	-	0.01	0.70	72.69	15.43	0.00
0	0	0.01	0.67	71.87	17.02	0.00
0	4	0.01	0.63	74.27	16.17	0.00
1	1	0.01	0.21	74.04	16.06	0.00
1	5	0.00	0.45	71.21	19.70	0.00
2	2	0.01	0.62	72.12	17.70	0.00
2	6	0.00	0.40	72.18	18.56	0.00
3	3	0.01	0.43	79.48	10.60	0.00
3	7	0.02	2.16	65.95	7.53	0.00
Core	CPU	C1%	C3%	C6%	C8%	C9%
-	-	0.01	0.85	71.28	16.43	0.00
0	0	0.00	0.61	73.78	15.04	0.00
0	4	0.00	0.68	74.84	15.45	0.00
1	1	0.01	0.31	71.90	17.50	0.00
1	5	0.00	0.28	68.99	22.06	0.00
2	2	0.01	0.62	69.71	20.10	0.00
2	6	0.01	1.26	69.69	20.21	0.00
3	3	0.00	0.47	77.39	12.62	0.00
3	7	0.01	2.61	64.56	8.60	0.00
Core	CPU	C1%	C3%	C6%	C8%	C9%
-	-	0.02	0.67	72.31	15.70	0.00
0	0	0.01	0.64	72.77	16.00	0.00
0	4	0.00	0.39	70.96	19.86	0.00
1	1	0.02	0.29	75.21	14.70	0.00
1	5	0.00	0.45	70.69	20.01	0.00
2	2	0.01	0.57	71.66	18.17	0.00
2	6	0.00	0.29	71.16	19.69	0.00
3	3	0.01	0.49	80.10	9.83	0.00
3	7	0.11	2.25	65.97	7.37	0.00
Core	CPU	C1%	C3%	C6%	C8%	C9%
-	-	0.00	0.68	72.83	15.23	0.00
0	0	0.00	0.70	75.95	12.67	0.00
0	4	0.01	0.42	71.78	19.01	0.00
1	1	0.01	0.30	74.12	15.89	0.00
1	5	0.00	0.38	72.04	18.91	0.00
2	2	0.00	0.53	73.05	16.85	0.00
2	6	0.00	0.40	72.71	18.09	0.00
3	3	0.00	0.46	78.27	11.70	0.00
3	7	0.01	2.23	64.71	8.69	0.00
Core	CPU	C1%	C3%	C6%	C8%	C9%
-	-	0.01	1.16	68.64	17.82	0.00
0	0	0.01	0.47	68.39	19.76	0.00
0	4	0.00	2.04	66.76	20.55	0.00
1	1	0.01	0.37	72.35	15.39	0.00
1	5	0.00	0.33	68.04	21.55	0.00
2	2	0.01	0.53	68.04	20.56	0.00
2	6	0.00	0.54	67.64	22.11	0.00
3	3	0.01	0.52	75.93	12.60	0.00
3	7	0.02	4.44	61.40	9.87	0.00
Core	CPU	C1%	C3%	C6%	C8%	C9%
-	-	0.01	0.72	72.38	15.50	0.00
0	0	0.00	0.58	72.36	16.49	0.00
0	4	0.00	0.50	70.87	19.89	0.00
1	1	0.01	0.30	76.07	13.82	0.00
1	5	0.00	0.56	73.92	16.63	0.00
2	2	0.01	0.50	71.68	18.14	0.00
2	6	0.00	0.39	69.85	20.97	0.00
3	3	0.01	0.64	78.56	11.18	0.00
3	7	0.01	2.28	66.08	6.92	0.00
Core	CPU	C1%	C3%	C6%	C8%	C9%
-	-	0.02	0.85	71.95	15.88	0.00
0	0	0.00	0.69	72.50	16.49	0.00
0	4	0.01	0.42	71.38	19.42	0.00
1	1	0.01	0.24	74.81	15.20	0.00
1	5	0.00	0.52	71.57	19.12	0.00
2	2	0.02	0.62	71.28	18.67	0.00
2	6	0.00	1.03	71.00	18.88	0.00
3	3	0.01	0.52	77.82	12.02	0.00
3	7	0.11	2.80	65.58	7.31	0.00
Core	CPU	C1%	C3%	C6%	C8%	C9%
-	-	0.04	0.74	71.72	15.91	0.00
0	0	0.00	0.64	71.73	16.39	0.00
0	4	0.00	0.46	71.16	19.24	0.00
1	1	0.27	0.36	72.30	17.05	0.00
1	5	0.00	0.50	70.45	20.44	0.00
2	2	0.01	0.55	70.63	18.73	0.00
2	6	0.00	0.48	70.69	19.20	0.00
3	3	0.03	0.69	81.29	8.05	0.00
3	7	0.02	2.27	65.20	8.05	0.00
Core	CPU	C1%	C3%	C6%	C8%	C9%
-	-	0.02	0.68	72.15	15.81	0.00
0	0	0.00	0.59	72.14	16.79	0.00
0	4	0.00	0.34	71.80	19.02	0.00
1	1	0.01	0.35	72.97	16.95	0.00
1	5	0.00	0.47	69.21	21.55	0.00
2	2	0.01	0.58	74.05	15.66	0.00
2	6	0.00	0.43	71.71	18.97	0.00
3	3	0.00	0.50	79.32	10.56	0.00
3	7	0.11	2.21	66.26	7.08	0.00
Core	CPU	C1%	C3%	C6%	C8%	C9%
-	-	0.01	0.86	69.83	15.93	0.13
0	0	0.01	0.54	72.70	13.64	0.00
0	4	0.02	1.62	69.41	17.98	1.04
1	1	0.01	0.33	72.59	15.50	0.00
1	5	0.00	0.34	67.39	21.42	0.00
2	2	0.01	0.47	68.72	18.75	0.00
2	6	0.00	0.41	68.13	20.11	0.00
3	3	0.00	0.46	76.04	12.09	0.00
3	7	0.02	2.74	63.37	7.88	0.00
Core	CPU	C1%	C3%	C6%	C8%	C9%
-	-	0.00	0.69	72.34	15.64	0.00
0	0	0.00	0.55	76.22	12.52	0.00
0	4	0.00	0.54	71.66	19.02	0.00
1	1	0.01	0.26	75.01	15.04	0.00
1	5	0.00	0.41	71.34	19.53	0.00
2	2	0.01	0.59	69.40	20.47	0.00
2	6	0.00	0.33	69.97	20.90	0.00
3	3	0.00	0.49	80.00	9.87	0.00
3	7	0.02	2.36	65.45	7.81	0.00
Core	CPU	C1%	C3%	C6%	C8%	C9%
-	-	0.01	0.82	71.91	16.13	0.00
0	0	0.01	0.60	77.93	10.77	0.00
0	4	0.00	1.30	71.39	18.53	0.00
1	1	0.01	0.36	72.70	17.42	0.00
1	5	0.00	0.26	71.00	20.08	0.00
2	2	0.01	0.51	71.06	18.88	0.00
2	6	0.00	0.45	69.77	21.05	0.00
3	3	0.01	0.56	77.46	12.45	0.00
3	7	0.01	2.54	63.32	9.74	0.00
Core	CPU	C1%	C3%	C6%	C8%	C9%
-	-	0.01	0.70	71.94	15.99	0.00
0	0	0.01	0.64	72.03	16.73	0.00
0	4	0.01	0.45	70.77	19.94	0.00
1	1	0.01	0.28	75.11	14.85	0.00
1	5	0.00	0.49	70.07	20.73	0.00
2	2	0.01	0.61	70.36	19.50	0.00
2	6	0.00	0.28	69.09	21.80	0.00
3	3	0.00	0.52	81.80	8.08	0.00
3	7	0.01	2.31	66.90	6.44	0.00
Core	CPU	C1%	C3%	C6%	C8%	C9%
-	-	0.06	0.68	72.39	15.51	0.00
0	0	0.00	0.60	72.42	16.43	0.00
0	4	0.01	0.50	73.46	17.02	0.00
1	1	0.01	0.23	70.90	18.67	0.00
1	5	0.00	0.37	70.12	20.76	0.00
2	2	0.01	0.65	71.02	18.74	0.00
2	6	0.00	0.36	70.51	20.33	0.00
3	3	0.01	0.45	82.03	7.92	0.00
3	7	0.48	2.30	68.62	4.24	0.00
Core	CPU	C1%	C3%	C6%	C8%	C9%
-	-	0.06	1.34	70.46	16.47	0.00
0	0	0.00	0.63	69.48	18.99	0.00
0	4	0.01	3.35	70.40	16.91	0.00
1	1	0.02	0.27	72.19	17.91	0.00
1	5	0.00	0.43	69.22	20.11	0.00
2	2	0.01	0.68	68.80	20.38	0.00
2	6	0.01	0.18	68.24	21.48	0.00
3	3	0.00	0.35	79.17	10.60	0.00
3	7	0.40	4.84	65.75	5.28	0.00
Core	CPU	C1%	C3%	C6%	C8%	C9%
-	-	0.00	0.71	71.26	16.65	0.00
0	0	0.01	0.46	73.13	15.91	0.00
0	4	0.00	0.63	71.31	19.19	0.00
1	1	0.01	0.37	74.14	15.89	0.00
1	5	0.00	0.30	70.97	19.88	0.00
2	2	0.01	0.51	68.34	21.33	0.00
2	6	0.00	0.59	69.08	21.47	0.00
3	3	0.00	0.48	79.69	10.25	0.00
3	7	0.01	2.38	63.87	9.42	0.00
Core	CPU	C1%	C3%	C6%	C8%	C9%
-	-	0.01	0.79	71.68	16.12	0.00
0	0	0.00	0.74	70.46	18.32	0.00
0	4	0.00	0.27	72.20	18.38	0.00
1	1	0.01	0.18	73.64	16.43	0.00
1	5	0.02	1.03	69.96	19.30	0.00
2	2	0.01	0.70	71.52	18.23	0.00
2	6	0.00	0.22	69.73	21.21	0.00
3	3	0.00	0.47	79.92	9.82	0.00
3	7	0.02	2.74	65.99	7.25	0.00
Core	CPU	C1%	C3%	C6%	C8%	C9%
-	-	0.01	0.70	69.87	17.57	0.00
0	0	0.01	0.56	71.36	17.71	0.00
0	4	0.01	0.39	69.59	20.96	0.00
1	1	0.01	0.33	71.41	18.70	0.00
1	5	0.00	0.64	67.64	23.27	0.00
2	2	0.01	0.47	70.29	19.75	0.00
2	6	0.00	0.32	68.28	22.79	0.00
3	3	0.00	0.58	78.07	11.15	0.00
3	7	0.01	2.35	62.43	6.24	0.00
Core	CPU	C1%	C3%	C6%	C8%	C9%
-	-	0.01	0.73	72.31	15.78	0.00
0	0	0.01	0.67	71.36	17.49	0.00
0	4	0.00	0.50	73.94	16.54	0.00
1	1	0.02	0.31	70.92	18.92	0.00
1	5	0.00	0.46	68.99	21.93	0.00
2	2	0.01	0.66	72.87	16.86	0.00
2	6	0.00	0.45	71.27	19.40	0.00
3	3	0.01	0.40	81.67	8.38	0.00
3	7	0.02	2.41	66.77	6.52	0.00
Core	CPU	C1%	C3%	C6%	C8%	C9%
-	-	0.01	0.95	69.91	15.94	0.00
0	0	0.01	0.48	70.79	16.53	0.00
0	4	0.00	1.27	68.81	18.31	0.00
1	1	0.01	0.24	72.26	15.58	0.00
1	5	0.00	0.34	68.36	21.58	0.00
2	2	0.00	0.64	68.51	18.96	0.00
2	6	0.01	0.39	67.91	20.76	0.00
3	3	0.00	0.36	78.50	9.14	0.00
3	7	0.01	3.91	64.45	6.78	0.00
Core	CPU	C1%	C3%	C6%	C8%	C9%
-	-	0.01	0.71	72.44	15.53	0.00
0	0	0.01	0.55	73.99	14.91	0.00
0	4	0.00	0.60	73.30	17.11	0.00
1	1	0.02	0.24	72.61	17.41	0.00
1	5	0.00	0.31	69.77	21.22	0.00
2	2	0.01	0.72	70.89	18.86	0.00
2	6	0.00	0.34	70.07	20.71	0.00
3	3	0.00	0.44	81.82	8.14	0.00
3	7	0.03	2.47	67.38	5.94	0.00
Core	CPU	C1%	C3%	C6%	C8%	C9%
-	-	0.01	0.83	71.16	16.73	0.00
0	0	0.00	0.40	74.73	14.35	0.00
0	4	0.01	1.14	71.43	18.10	0.00
1	1	0.01	0.39	74.91	14.49	0.00
1	5	0.00	0.32	71.19	19.80	0.00
2	2	0.00	0.51	67.71	22.21	0.00
2	6	0.00	0.56	68.96	21.65	0.00
3	3	0.01	0.45	77.30	12.65	0.00
3	7	0.01	2.85	62.50	10.47	0.00
Core	CPU	C1%	C3%	C6%	C8%	C9%
-	-	0.01	0.68	71.47	16.61	0.00
0	0	0.00	0.67	72.62	16.02	0.00
0	4	0.00	0.47	71.41	19.19	0.00
1	1	0.01	0.28	71.59	18.60	0.00
1	5	0.00	0.41	69.58	21.39	0.00
2	2	0.01	0.64	71.77	18.02	0.00
2	6	0.00	0.29	70.47	20.45	0.00
3	3	0.00	0.47	78.27	11.76	0.00
3	7	0.02	2.23	65.98	7.41	0.00
Core	CPU	C1%	C3%	C6%	C8%	C9%
-	-	0.01	0.72	72.21	15.70	0.00
0	0	0.00	0.54	73.99	14.79	0.00
0	4	0.00	0.53	71.20	19.43	0.00
1	1	0.01	0.36	73.21	16.83	0.00
1	5	0.00	0.40	71.90	18.91	0.00
2	2	0.01	0.57	70.35	19.45	0.00
2	6	0.00	0.39	70.52	20.21	0.00
3	3	0.01	0.53	81.11	8.81	0.00
3	7	0.01	2.42	65.95	7.28	0.00
Core	CPU	C1%	C3%	C6%	C8%	C9%
-	-	0.00	1.11	68.98	17.22	0.00
0	0	0.00	0.51	69.17	17.99	0.00
0	4	0.00	2.23	69.50	17.73	0.00
1	1	0.01	0.38	71.47	16.74	0.00
1	5	0.00	0.38	69.19	20.39	0.00
2	2	0.01	0.56	66.41	21.82	0.00
2	6	0.00	0.50	67.45	21.38	0.00
3	3	0.00	0.60	75.77	12.73	0.00
3	7	0.01	3.70	62.58	8.91	0.00
Core	CPU	C1%	C3%	C6%	C8%	C9%
-	-	0.01	0.68	71.70	16.38	0.00
0	0	0.01	0.46	73.78	15.28	0.00
0	4	0.00	0.53	73.63	16.86	0.00
1	1	0.01	0.34	72.24	17.68	0.00
1	5	0.00	0.40	69.39	21.52	0.00
2	2	0.01	0.50	70.29	19.59	0.00
2	6	0.00	0.49	70.28	20.42	0.00
3	3	0.01	0.49	79.39	10.62	0.00
3	7	0.01	2.24	64.32	9.03	0.00
Core	CPU	C1%	C3%	C6%	C8%	C9%
-	-	0.01	0.82	71.88	15.87	0.00
0	0	0.00	0.61	73.15	15.60	0.00
0	4	0.01	0.43	71.53	18.64	0.00
1	1	0.02	0.26	72.30	17.79	0.00
1	5	0.00	0.96	69.36	20.56	0.00
2	2	0.01	0.56	71.99	17.36	0.00
2	6	0.00	0.41	70.34	20.41	0.00
3	3	0.01	0.47	80.20	9.86	0.00
3	7	0.02	2.86	66.20	6.70	0.00
Core	CPU	C1%	C3%	C6%	C8%	C9%
-	-	0.00	0.71	71.40	16.49	0.00
0	0	0.00	0.53	74.85	14.09	0.00
0	4	0.00	0.50	71.58	19.09	0.00
1	1	0.01	0.40	73.13	16.72	0.00
1	5	0.00	0.39	70.89	19.97	0.00
2	2	0.01	0.59	70.34	19.46	0.00
2	6	0.00	0.64	70.94	19.48	0.00
3	3	0.00	0.66	77.73	12.14	0.00
3	7	0.01	2.00	62.36	11.15	0.00
Core	CPU	C1%	C3%	C6%	C8%	C9%
-	-	0.01	0.71	72.33	15.80	0.00
0	0	0.01	0.50	72.37	16.64	0.00
0	4	0.00	0.62	70.16	20.49	0.00
1	1	0.01	0.31	75.78	14.10	0.00
1	5	0.00	0.38	71.08	19.74	0.00
2	2	0.00	0.61	70.72	19.16	0.00
2	6	0.00	0.50	70.52	20.18	0.00
3	3	0.01	0.46	81.14	8.82	0.00
3	7	0.02	2.31	66.29	7.12	0.00
Core	CPU	C1%	C3%	C6%	C8%	C9%
-	-	0.01	1.26	69.14	16.95	0.00
0	0	0.01	0.52	71.22	16.58	0.00
0	4	0.00	2.57	68.73	18.60	0.00
1	1	0.01	0.36	69.77	18.49	0.00
1	5	0.00	0.40	68.00	20.82	0.00
2	2	0.01	0.50	69.31	18.73	0.00
2	6	0.00	0.52	68.34	21.27	0.00
3	3	0.00	0.61	75.85	12.07	0.00
3	7	0.02	4.59	62.17	9.13	0.00
Core	CPU	C1%	C3%	C6%	C8%	C9%
-	-	0.01	0.69	72.14	15.82	0.00
0	0	0.01	0.35	75.08	13.98	0.00
0	4	0.00	0.68	71.08	19.52	0.00
1	1	0.01	0.44	76.17	13.59	0.00
1	5	0.00	0.22	71.47	19.50	0.00
2	2	0.00	0.45	70.16	19.76	0.00
2	6	0.00	0.59	71.09	19.59	0.00
3	3	0.01	0.51	79.49	10.42	0.00
3	7	0.01	2.27	62.89	10.29	0.00
Core	CPU	C1%	C3%	C6%	C8%	C9%
-	-	0.00	0.71	71.67	16.41	0.00
0	0	0.01	0.45	76.49	12.41	0.00
0	4	0.00	0.45	71.42	19.40	0.00
1	1	0.00	0.36	71.83	18.25	0.00
1	5	0.00	0.30	70.39	20.68	0.00
2	2	0.00	0.49	68.39	21.62	0.00
2	6	0.00	0.53	68.95	21.81	0.00
3	3	0.00	0.60	81.25	8.70	0.00
3	7	0.01	2.48	64.19	8.34	0.00
Core	CPU	C1%	C3%	C6%	C8%	C9%
-	-	0.01	0.68	71.37	16.55	0.00
0	0	0.01	0.38	75.02	13.97	0.00
0	4	0.00	0.69	74.03	16.34	0.00
1	1	0.01	0.44	72.56	17.07	0.00
1	5	0.00	0.31	70.09	20.83	0.00
2	2	0.00	0.50	69.07	20.84	0.00
2	6	0.01	0.65	69.42	21.14	0.00
3	3	0.01	0.48	78.04	11.93	0.00
3	7	0.01	2.02	63.14	10.37	0.00
Core	CPU	C1%	C3%	C6%	C8%	C9%
-	-	0.12	0.73	71.88	16.12	0.00
0	0	0.01	0.45	74.12	14.87	0.00
0	4	0.00	0.66	70.38	20.25	0.00
1	1	0.01	0.47	74.48	15.46	0.00
1	5	0.00	0.36	71.92	18.97	0.00
2	2	0.01	0.51	68.99	20.96	0.00
2	6	0.00	0.50	69.74	20.96	0.00
3	3	0.01	0.50	80.16	9.78	0.00
3	7	0.89	2.37	64.69	7.55	0.00
Core	CPU	C1%	C3%	C6%	C8%	C9%
-	-	0.01	1.12	70.38	15.88	0.00
0	0	0.00	0.42	73.98	13.46	0.00
0	4	0.00	2.43	69.78	17.86	0.00
1	1	0.01	0.40	71.82	16.48	0.00
1	5	0.00	0.35	68.75	21.01	0.00
2	2	0.00	0.51	67.44	20.69	0.00
2	6	0.01	0.59	67.96	20.97	0.00
3	3	0.01	0.64	79.71	8.84	0.00
3	7	0.01	3.61	63.59	7.70	0.00
Core	CPU	C1%	C3%	C6%	C8%	C9%
-	-	0.00	0.70	72.24	15.68	0.00
0	0	0.01	0.50	73.82	15.11	0.00
0	4	0.00	0.52	72.09	18.57	0.00
1	1	0.01	0.36	76.85	13.00	0.00
1	5	0.00	0.41	69.49	21.39	0.00
2	2	0.01	0.58	70.43	19.42	0.00
2	6	0.01	0.53	69.97	20.65	0.00
3	3	0.00	0.51	80.50	9.42	0.00
3	7	0.01	2.17	65.37	8.02	0.00
Core	CPU	C1%	C3%	C6%	C8%	C9%
-	-	0.01	0.84	71.96	16.03	0.00
0	0	0.00	0.66	70.64	18.29	0.00
0	4	0.01	0.34	69.69	20.83	0.00
1	1	0.01	0.23	72.98	17.13	0.00
1	5	0.00	1.22	69.45	20.56	0.00
2	2	0.01	0.62	72.25	17.67	0.00
2	6	0.00	0.35	71.57	19.21	0.00
3	3	0.00	0.43	80.85	9.17	0.00
3	7	0.02	2.89	67.64	5.21	0.00
Core	CPU	C1%	C3%	C6%	C8%	C9%
-	-	0.01	0.74	71.51	16.36	0.00
0	0	0.01	0.55	72.08	16.87	0.00
0	4	0.00	0.61	71.51	18.92	0.00
1	1	0.01	0.37	71.28	18.63	0.00
1	5	0.00	0.42	70.05	20.72	0.00
2	2	0.01	0.49	71.11	18.82	0.00
2	6	0.00	0.51	71.47	19.19	0.00
3	3	0.01	0.58	80.25	9.54	0.00
3	7	0.02	2.41	64.93	8.32	0.00
Core	CPU	C1%	C3%	C6%	C8%	C9%
-	-	0.01	0.73	71.95	16.13	0.00
0	0	0.01	0.49	75.85	13.14	0.00
0	4	0.00	0.49	72.31	18.40	0.00
1	1	0.00	0.41	74.71	15.18	0.00
1	5	0.00	0.43	70.15	20.78	0.00
2	2	0.00	0.59	68.91	20.98	0.00
2	6	0.00	0.63	69.60	21.04	0.00
3	3	0.00	0.58	79.28	10.58	0.00
3	7	0.02	2.23	64.38	8.84	0.00
Core	CPU	C1%	C3%	C6%	C8%	C9%
-	-	0.01	1.25	70.05	16.70	0.00
0	0	0.00	0.62	68.83	19.49	0.00
0	4	0.01	3.22	67.03	20.33	0.00
1	1	0.02	0.28	72.81	16.12	0.00
1	5	0.00	0.52	67.53	22.05	0.00
2	2	0.01	0.48	70.17	19.48	0.00
2	6	0.00	0.35	68.82	20.88	0.00
3	3	0.00	0.44	79.86	9.27	0.00
3	7	0.02	4.10	65.20	5.97	0.00
Core	CPU	C1%	C3%	C6%	C8%	C9%
-	-	0.01	0.71	70.93	16.28	0.00
0	0	0.00	0.55	72.16	16.92	0.00
0	4	0.00	0.59	70.14	20.52	0.00
1	1	0.01	0.35	75.22	14.67	0.00
1	5	0.00	0.36	69.90	20.93	0.00
2	2	0.00	0.62	69.99	19.65	0.00
2	6	0.01	0.40	69.80	20.91	0.00
3	3	0.00	0.46	79.29	9.98	0.00
3	7	0.02	2.34	61.56	6.82	0.00
Core	CPU	C1%	C3%	C6%	C8%	C9%
-	-	0.01	0.85	71.81	15.93	0.00
0	0	0.01	0.51	73.68	15.05	0.00
0	4	0.01	1.36	70.92	18.93	0.00
1	1	0.01	0.31	72.45	17.10	0.00
1	5	0.00	0.47	69.49	21.27	0.00
2	2	0.01	0.56	70.26	19.27	0.00
2	6	0.00	0.43	70.06	20.33	0.00
3	3	0.00	0.44	80.68	8.71	0.00
3	7	0.02	2.75	66.31	6.62	0.00
Core	CPU	C1%	C3%	C6%	C8%	C9%
-	-	0.01	0.70	71.37	16.67	0.00
0	0	0.01	0.43	72.21	16.87	0.00
0	4	0.00	0.65	71.57	19.00	0.00
1	1	0.01	0.33	73.99	16.00	0.00
1	5	0.00	0.40	69.92	20.91	0.00
2	2	0.01	0.55	70.43	19.39	0.00
2	6	0.00	0.58	69.74	20.87	0.00
3	3	0.01	0.46	79.25	10.76	0.00
3	7	0.01	2.23	63.82	9.55	0.00
Core	CPU	C1%	C3%	C6%	C8%	C9%
-	-	0.01	0.74	72.28	15.59	0.00
0	0	0.00	0.68	71.39	17.33	0.00
0	4	0.00	0.60	71.84	18.59	0.00
1	1	0.02	0.31	74.81	15.01	0.00
1	5	0.00	0.43	69.88	20.82	0.00
2	2	0.01	0.73	70.57	19.22	0.00
2	6	0.01	0.30	70.83	20.07	0.00
3	3	0.00	0.36	81.80	8.25	0.00
3	7	0.02	2.52	67.74	5.56	0.00
Core	CPU	C1%	C3%	C6%	C8%	C9%
-	-	0.01	1.17	69.11	17.18	0.12
0	0	0.00	0.44	72.27	14.95	0.00
0	4	0.00	2.18	70.54	17.13	0.94
1	1	0.01	0.41	70.35	17.84	0.00
1	5	0.00	0.42	66.58	22.13	0.00
2	2	0.00	0.52	67.23	21.70	0.00
2	6	0.01	0.50	67.30	21.82	0.00
3	3	0.00	0.51	76.29	12.64	0.00
3	7	0.01	4.40	62.23	9.18	0.00
Core	CPU	C1%	C3%	C6%	C8%	C9%
-	-	0.00	0.69	71.36	16.78	0.00
0	0	0.01	0.36	73.80	15.29	0.00
0	4	0.00	0.61	70.50	20.17	0.00
1	1	0.01	0.43	73.26	16.64	0.00
1	5	0.00	0.27	70.89	19.99	0.00
2	2	0.00	0.48	67.80	22.15	0.00
2	6	0.00	0.60	68.70	21.96	0.00
3	3	0.01	0.58	80.31	9.63	0.00
3	7	0.01	2.23	65.11	8.27	0.00
Core	CPU	C1%	C3%	C6%	C8%	C9%
-	-	0.01	0.84	72.14	15.71	0.00
0	0	0.01	1.31	73.12	14.92	0.00
0	4	0.00	0.64	71.57	19.00	0.00
1	1	0.01	0.28	75.87	14.06	0.00
1	5	0.00	0.39	70.08	20.85	0.00
2	2	0.01	0.59	70.63	19.26	0.00
2	6	0.00	0.46	71.25	19.48	0.00
3	3	0.00	0.47	79.66	10.33	0.00
3	7	0.02	2.59	65.26	7.89	0.00
Core	CPU	C1%	C3%	C6%	C8%	C9%
-	-	0.01	0.69	71.64	16.45	0.00
0	0	0.00	0.37	72.82	16.32	0.00
0	4	0.00	0.67	70.48	20.17	0.00
1	1	0.01	0.51	75.11	14.68	0.00
1	5	0.00	0.29	70.33	20.63	0.00
2	2	0.00	0.49	71.33	18.49	0.00
2	6	0.01	0.60	69.68	20.99	0.00
3	3	0.01	0.50	78.93	11.06	0.00
3	7	0.01	2.13	64.20	9.24	0.00
Core	CPU	C1%	C3%	C6%	C8%	C9%
-	-	0.01	0.69	72.97	14.85	0.00
0	0	0.01	0.53	74.25	14.36	0.00
0	4	0.00	0.54	72.61	17.86	0.00
1	1	0.01	0.45	74.10	15.73	0.00
1	5	0.00	0.34	70.78	20.05	0.00
2	2	0.01	0.58	72.56	17.27	0.00
2	6	0.00	0.63	73.37	17.03	0.00
3	3	0.00	0.56	80.10	9.60	0.00
3	7	0.01	1.91	66.46	7.03	0.00
Core	CPU	C1%	C3%	C6%	C8%	C9%
-	-	0.01	1.23	70.23	15.86	0.00
0	0	0.01	0.44	70.19	16.57	0.00
0	4	0.01	3.00	68.45	18.91	0.00
1	1	0.01	0.29	73.23	15.15	0.00
1	5	0.00	0.35	68.34	20.03	0.00
2	2	0.01	0.53	68.94	19.40	0.00
2	6	0.00	0.52	69.35	19.78	0.00
3	3	0.00	0.41	78.96	9.99	0.00
3	7	0.01	4.31	64.08	6.99	0.00
Core	CPU	C1%	C3%	C6%	C8%	C9%
-	-	0.03	0.72	72.36	15.36	0.00
0	0	0.01	0.50	73.43	14.95	0.00
0	4	0.00	0.68	70.39	20.14	0.00
1	1	0.09	0.42	73.97	15.50	0.00
1	5	0.00	0.38	75.08	15.07	0.00
2	2	0.00	0.44	70.36	19.19	0.00
2	6	0.00	0.54	70.12	20.31	0.00
3	3	0.08	0.57	80.14	9.31	0.00
3	7	0.01	2.23	65.09	8.37	0.00
Core	CPU	C1%	C3%	C6%	C8%	C9%
-	-	0.01	0.89	71.35	16.33	0.00
0	0	0.00	0.61	72.68	16.27	0.00
0	4	0.00	1.47	72.05	17.47	0.00
1	1	0.01	0.33	71.80	17.83	0.00
1	5	0.00	0.39	69.72	20.96	0.00
2	2	0.01	0.58	68.33	21.49	0.00
2	6	0.00	0.52	70.26	20.40	0.00
3	3	0.01	0.52	80.77	9.18	0.00
3	7	0.02	2.75	65.84	7.18	0.00
Core	CPU	C1%	C3%	C6%	C8%	C9%
-	-	0.01	0.69	71.65	16.44	0.00
0	0	0.00	0.52	71.71	17.29	0.00
0	4	0.01	0.62	72.05	18.45	0.00
1	1	0.01	0.31	72.82	17.07	0.00
1	5	0.00	0.38	72.02	18.75	0.00
2	2	0.01	0.55	69.29	20.43	0.00
2	6	0.00	0.47	70.85	19.81	0.00
3	3	0.01	0.55	79.34	10.59	0.00
3	7	0.01	2.11	64.50	9.00	0.00
Core	CPU	C1%	C3%	C6%	C8%	C9%
-	-	0.01	0.73	71.94	15.95	0.00
0	0	0.01	0.51	74.18	14.76	0.00
0	4	0.00	0.60	73.38	17.11	0.00
1	1	0.01	0.40	73.06	16.97	0.00
1	5	0.00	0.41	71.98	18.60	0.00
2	2	0.01	0.59	68.59	20.96	0.00
2	6	0.00	0.51	68.63	21.96	0.00
3	3	0.00	0.59	80.60	9.27	0.00
3	7	0.01	2.25	65.40	8.02	0.00
Core	CPU	C1%	C3%	C6%	C8%	C9%
-	-	0.00	0.84	69.95	15.83	0.20
0	0	0.00	0.35	73.40	13.74	0.00
0	4	0.00	1.71	70.04	17.43	1.63
1	1	0.01	0.41	70.91	16.96	0.00
1	5	0.00	0.22	68.26	20.93	0.00
2	2	0.00	0.39	69.53	18.00	0.00
2	6	0.00	0.50	66.95	21.22	0.00
3	3	0.00	0.47	77.95	9.85	0.00
3	7	0.01	2.66	62.79	8.53	0.00
Core	CPU	C1%	C3%	C6%	C8%	C9%
-	-	0.00	0.69	71.92	16.19	0.00
0	0	0.00	0.67	73.10	15.73	0.00
0	4	0.00	0.51	71.75	18.92	0.00
1	1	0.01	0.21	75.69	14.34	0.00
1	5	0.00	0.38	69.30	21.70	0.00
2	2	0.01	0.67	70.97	18.84	0.00
2	6	0.00	0.35	69.29	21.45	0.00
3	3	0.00	0.46	79.24	10.70	0.00
3	7	0.01	2.29	65.62	7.73	0.00
Core	CPU	C1%	C3%	C6%	C8%	C9%
-	-	0.01	0.75	71.99	15.74	0.00
0	0	0.00	0.56	73.86	15.19	0.00
0	4	0.01	0.48	71.70	19.06	0.00
1	1	0.01	0.27	75.38	14.53	0.00
1	5	0.00	0.31	70.15	20.89	0.00
2	2	0.01	0.55	70.89	18.35	0.00
2	6	0.01	0.51	70.55	19.06	0.00
3	3	0.00	0.47	78.69	11.17	0.00
3	7	0.02	2.84	65.21	7.81	0.00
Core	CPU	C1%	C3%	C6%	C8%	C9%
-	-	0.01	0.71	72.75	15.38	0.00
0	0	0.01	0.47	75.96	12.90	0.00
0	4	0.00	0.45	71.73	19.08	0.00
1	1	0.01	0.39	74.80	15.22	0.00
1	5	0.00	0.42	70.46	20.46	0.00
2	2	0.01	0.52	70.45	19.43	0.00
2	6	0.00	0.49	70.20	20.50	0.00
3	3	0.00	0.55	81.50	8.35	0.00
3	7	0.01	2.42	66.23	6.94	0.00
Core	CPU	C1%	C3%	C6%	C8%	C9%
-	-	0.03	0.70	71.48	16.44	0.00
0	0	0.01	0.59	69.90	19.04	0.00
0	4	0.00	0.59	68.47	22.10	0.00
1	1	0.01	0.37	74.78	14.98	0.00
1	5	0.00	0.44	69.80	21.05	0.00
2	2	0.01	0.49	70.54	19.41	0.00
2	6	0.00	0.35	70.82	19.92	0.00
3	3	0.01	0.49	81.32	8.55	0.00
3	7	0.21	2.29	66.60	6.62	0.00
Core	CPU	C1%	C3%	C6%	C8%	C9%
-	-	0.01	1.14	69.70	16.08	0.00
0	0	0.00	0.45	71.26	15.70	0.00
0	4	0.01	2.29	69.02	18.38	0.00
1	1	0.01	0.40	72.46	15.78	0.00
1	5	0.00	0.39	67.99	20.38	0.00
2	2	0.01	0.39	68.97	18.92	0.00
2	6	0.00	0.48	68.05	20.59	0.00
3	3	0.00	0.55	76.95	10.36	0.00
3	7	0.01	4.16	62.76	8.51	0.00
Core	CPU	C1%	C3%	C6%	C8%	C9%
-	-	0.09	0.72	71.28	16.64	0.00
0	0	0.00	0.43	74.57	14.36	0.00
0	4	0.00	0.59	70.99	19.66	0.00
1	1	0.01	0.41	72.01	17.72	0.00
1	5	0.00	0.37	70.08	20.84	0.00
2	2	0.01	0.47	69.23	20.64	0.00
2	6	0.00	0.62	69.51	21.11	0.00
3	3	0.01	0.58	78.93	10.91	0.00
3	7	0.69	2.27	64.67	7.83	0.00
Core	CPU	C1%	C3%	C6%	C8%	C9%
-	-	0.01	0.89	71.40	16.10	0.00
0	0	0.00	0.70	72.01	16.31	0.00
0	4	0.00	0.51	70.81	19.74	0.00
1	1	0.01	0.28	71.86	18.04	0.00
1	5	0.00	0.42	70.76	20.16	0.00
2	2	0.01	0.56	71.99	17.30	0.00
2	6	0.00	1.15	72.52	16.75	0.00
3	3	0.01	0.55	77.54	11.79	0.00
3	7	0.02	2.93	64.01	8.76	0.00
Core	CPU	C1%	C3%	C6%	C8%	C9%
-	-	0.01	0.68	70.44	16.93	0.00
0	0	0.01	0.29	76.39	12.85	0.00
0	4	0.00	0.66	74.27	16.36	0.00
1	1	0.01	0.65	70.87	17.89	0.00
1	5	0.00	0.34	68.96	22.18	0.00
2	2	0.01	0.32	67.96	21.85	0.00
2	6	0.01	0.51	67.22	23.76	0.00
3	3	0.01	0.61	77.19	12.08	0.00
3	7	0.01	2.09	60.47	8.42	0.00
Core	CPU	C1%	C3%	C6%	C8%	C9%
-	-	0.01	0.72	71.66	16.27	0.00
0	0	0.01	0.33	74.83	14.22	0.00
0	4	0.00	0.72	69.81	20.71	0.00
1	1	0.01	0.45	75.13	14.71	0.00
1	5	0.00	0.28	70.72	20.16	0.00
2	2	0.00	0.46	68.76	21.10	0.00
2	6	0.00	0.60	70.50	20.10	0.00
3	3	0.01	0.53	80.13	9.81	0.00
3	7	0.01	2.38	63.84	9.48	0.00
Core	CPU	C1%	C3%	C6%	C8%	C9%
-	-	0.01	1.09	69.63	16.21	0.00
0	0	0.00	0.46	70.71	16.34	0.00
0	4	0.00	2.52	67.74	19.46	0.00
1	1	0.01	0.33	75.51	12.46	0.00
1	5	0.00	0.26	68.69	20.41	0.00
2	2	0.01	0.48	67.21	20.72	0.00
2	6	0.00	0.41	66.48	21.70	0.00
3	3	0.00	0.48	77.13	10.76	0.00
3	7	0.02	3.78	63.40	7.81	0.00
Core	CPU	C1%	C3%	C6%	C8%	C9%
-	-	0.01	0.71	71.97	16.16	0.00
0	0	0.01	0.66	71.26	17.71	0.00
0	4	0.01	0.49	70.05	20.67	0.00
1	1	0.01	0.24	75.36	14.65	0.00
1	5	0.00	0.51	70.13	20.76	0.00
2	2	0.00	0.62	71.01	18.78	0.00
2	6	0.00	0.33	70.28	20.48	0.00
3	3	0.00	0.50	80.54	9.45	0.00
3	7	0.02	2.34	66.61	6.66	0.00
Core	CPU	C1%	C3%	C6%	C8%	C9%
-	-	0.01	0.79	71.81	16.05	0.00
0	0	0.01	1.11	74.97	13.27	0.00
0	4	0.01	0.60	72.57	17.89	0.00
1	1	0.01	0.45	75.00	14.77	0.00
1	5	0.00	0.32	71.10	19.90	0.00
2	2	0.01	0.50	69.28	20.61	0.00
2	6	0.01	0.57	69.42	21.27	0.00
3	3	0.01	0.57	78.47	11.38	0.00
3	7	0.01	2.23	64.01	9.40	0.00
Core	CPU	C1%	C3%	C6%	C8%	C9%
-	-	0.01	0.68	71.08	16.95	0.00
0	0	0.01	0.49	72.67	16.23	0.00
0	4	0.00	0.54	73.22	17.36	0.00
1	1	0.01	0.32	73.48	16.37	0.00
1	5	0.00	0.37	68.80	22.19	0.00
2	2	0.01	0.50	69.13	20.80	0.00
2	6	0.00	0.57	68.23	22.36	0.00
3	3	0.00	0.54	79.36	10.56	0.00
3	7	0.01	2.13	63.64	9.69	0.00
Core	CPU	C1%	C3%	C6%	C8%	C9%
-	-	0.01	0.68	72.62	15.33	0.00
0	0	0.01	0.38	76.18	12.94	0.00
0	4	0.00	0.69	73.57	16.92	0.00
1	1	0.02	0.38	76.06	13.76	0.00
1	5	0.00	0.22	70.35	20.62	0.00
2	2	0.01	0.48	70.04	19.81	0.00
2	6	0.00	0.61	68.48	22.09	0.00
3	3	0.01	0.52	81.51	8.36	0.00
3	7	0.01	2.16	65.18	8.26	0.00
Core	CPU	C1%	C3%	C6%	C8%	C9%
-	-	0.01	1.26	70.25	16.03	0.00
0	0	0.01	0.41	72.34	15.72	0.00
0	4	0.01	2.29	70.02	17.18	0.00
1	1	0.01	0.38	71.36	16.59	0.00
1	5	0.00	0.33	70.05	19.16	0.00
2	2	0.00	0.55	67.92	21.17	0.00
2	6	0.00	0.51	68.89	20.66	0.00
3	3	0.01	0.54	78.26	9.73	0.00
3	7	0.01	5.06	63.08	7.98	0.00
Core	CPU	C1%	C3%	C6%	C8%	C9%
-	-	0.01	0.69	71.39	16.73	0.00
0	0	0.01	0.35	74.79	14.23	0.00
0	4	0.00	0.56	71.63	19.06	0.00
1	1	0.00	0.49	74.85	15.04	0.00
1	5	0.00	0.29	70.48	20.53	0.00
2	2	0.00	0.49	69.01	20.85	0.00
2	6	0.00	0.68	69.77	20.81	0.00
3	3	0.01	0.71	77.38	12.34	0.00
3	7	0.02	1.96	62.68	10.87	0.00
Core	CPU	C1%	C3%	C6%	C8%	C9%
-	-	0.01	0.69	71.84	16.08	0.00
0	0	0.01	0.38	74.00	15.11	0.00
0	4	0.00	0.65	70.50	19.98	0.00
1	1	0.01	0.35	74.84	15.09	0.00
1	5	0.00	0.17	70.59	20.57	0.00
2	2	0.00	0.46	69.80	19.93	0.00
2	6	0.01	0.62	70.04	20.65	0.00
3	3	0.01	0.45	81.12	8.58	0.00
3	7	0.02	2.46	63.83	8.78	0.00
Core	CPU	C1%	C3%	C6%	C8%	C9%
-	-	0.01	0.69	71.43	16.46	0.00
0	0	0.01	0.61	73.30	15.60	0.00
0	4	0.00	0.41	73.45	17.07	0.00
1	1	0.01	0.38	70.55	19.25	0.00
1	5	0.00	0.41	68.55	22.29	0.00
2	2	0.00	0.60	70.90	18.88	0.00
2	6	0.00	0.43	69.96	20.72	0.00
3	3	0.00	0.56	80.13	9.62	0.00
3	7	0.01	2.11	65.05	8.39	0.00
Core	CPU	C1%	C3%	C6%	C8%	C9%
-	-	0.01	0.72	71.43	16.61	0.00
0	0	0.01	0.40	72.70	16.48	0.00
0	4	0.00	0.56	71.45	19.01	0.00
1	1	0.01	0.41	73.69	16.23	0.00
1	5	0.00	0.40	69.36	21.54	0.00
2	2	0.01	0.52	69.62	20.23	0.00
2	6	0.00	0.61	69.52	21.12	0.00
3	3	0.01	0.59	80.70	8.96	0.00
3	7	0.00	2.24	63.88	9.21	0.00
Core	CPU	C1%	C3%	C6%	C8%	C9%
-	-	0.01	1.09	69.96	15.89	0.00
0	0	0.00	0.67	71.64	15.28	0.00
0	4	0.00	2.17	68.42	18.95	0.00
1	1	0.02	0.18	70.05	18.03	0.00
1	5	0.00	0.35	68.65	20.28	0.00
2	2	0.01	0.69	71.37	16.46	0.00
2	6	0.00	0.34	67.41	21.18	0.00
3	3	0.00	0.51	77.81	10.43	0.00
3	7	0.01	3.83	64.68	6.59	0.00
Core	CPU	C1%	C3%	C6%	C8%	C9%
-	-	0.01	0.72	72.04	15.90	0.00
0	0	0.00	0.64	74.21	14.54	0.00
0	4	0.00	0.49	72.58	18.03	0.00
1	1	0.01	0.26	71.11	19.03	0.00
1	5	0.00	0.44	69.46	21.45	0.00
2	2	0.01	0.71	74.12	15.43	0.00
2	6	0.01	0.48	70.40	20.21	0.00
3	3	0.00	0.49	78.98	10.91	0.00
3	7	0.01	2.22	65.75	7.66	0.00
Core	CPU	C1%	C3%	C6%	C8%	C9%
-	-	0.01	0.81	71.09	16.94	0.00
0	0	0.00	0.95	72.28	15.86	0.00
0	4	0.00	0.56	71.16	19.51	0.00
1	1	0.01	0.41	74.59	15.42	0.00
1	5	0.00	0.34	70.60	20.42	0.00
2	2	0.01	0.44	69.22	20.82	0.00
2	6	0.00	0.56	69.37	21.38	0.00
3	3	0.01	0.63	77.92	11.91	0.00
3	7	0.02	2.57	62.96	10.04	0.00
Core	CPU	C1%	C3%	C6%	C8%	C9%
-	-	0.01	0.69	72.63	15.24	0.00
0	0	0.01	0.66	73.21	15.73	0.00
0	4	0.00	0.58	71.64	18.96	0.00
1	1	0.01	0.22	76.62	13.22	0.00
1	5	0.00	0.23	71.13	19.80	0.00
2	2	0.01	0.57	70.99	18.91	0.00
2	6	0.00	0.37	69.93	20.85	0.00
3	3	0.00	0.52	80.52	8.84	0.00
3	7	0.03	2.39	67.27	5.67	0.00
Core	CPU	C1%	C3%	C6%	C8%	C9%
-	-	0.01	0.69	71.91	16.16	0.00
0	0	0.01	0.30	74.29	14.90	0.00
0	4	0.00	0.68	73.25	17.31	0.00
1	1	0.01	0.43	75.95	13.92	0.00
1	5	0.00	0.25	70.58	20.27	0.00
2	2	0.00	0.45	69.17	20.81	0.00
2	6	0.01	0.80	70.23	20.25	0.00
3	3	0.01	0.51	79.22	10.66	0.00
3	7	0.01	2.09	62.29	11.10	0.00
Core	CPU	C1%	C3%	C6%	C8%	C9%
-	-	0.01	1.32	70.09	16.39	0.00
0	0	0.01	0.50	73.36	14.11	0.00
0	4	0.00	3.36	69.48	17.80	0.00
1	1	0.01	0.33	71.41	18.00	0.00
1	5	0.00	0.32	67.44	22.33	0.00
2	2	0.01	0.51	70.72	18.52	0.00
2	6	0.01	0.52	68.88	20.50	0.00
3	3	0.00	0.38	77.58	11.06	0.00
3	7	0.01	4.65	62.15	8.89	0.00
Core	CPU	C1%	C3%	C6%	C8%	C9%
-	-	0.00	0.72	72.31	15.63	0.00
0	0	0.01	0.57	75.90	12.78	0.00
0	4	0.00	0.51	72.29	18.34	0.00
1	1	0.00	0.33	73.29	16.74	0.00
1	5	0.00	0.41	70.06	20.82	0.00
2	2	0.01	0.59	71.36	18.47	0.00
2	6	0.00	0.57	70.36	20.21	0.00
3	3	0.00	0.58	79.95	9.82	0.00
3	7	0.01	2.22	65.48	7.91	0.00
Core	CPU	C1%	C3%	C6%	C8%	C9%
-	-	0.01	0.88	71.89	15.78	0.00
0	0	0.01	1.28	72.25	15.90	0.00
0	4	0.00	0.54	70.10	20.40	0.00
1	1	0.02	0.31	74.64	15.46	0.00
1	5	0.00	0.35	68.64	21.63	0.00
2	2	0.00	0.55	71.76	17.65	0.00
2	6	0.00	0.44	70.56	19.48	0.00
3	3	0.00	0.42	81.38	8.63	0.00
3	7	0.01	3.11	65.73	7.04	0.00
Core	CPU	C1%	C3%	C6%	C8%	C9%
-	-	0.01	0.69	72.39	15.74	0.00
0	0	0.01	0.64	72.77	16.10	0.00
0	4	0.01	0.59	69.29	21.34	0.00
1	1	0.01	0.22	75.13	14.90	0.00
1	5	0.00	0.37	70.53	20.43	0.00
2	2	0.01	0.62	71.61	18.23	0.00
2	6	0.01	0.31	70.82	20.02	0.00
3	3	0.00	0.37	81.52	8.49	0.00
3	7	0.02	2.43	67.00	6.29	0.00
Core	CPU	C1%	C3%	C6%	C8%	C9%
-	-	0.01	0.70	71.17	16.68	0.00
0	0	0.01	0.51	72.32	16.52	0.00
0	4	0.00	0.44	73.67	16.73	0.00
1	1	0.01	0.35	70.44	19.31	0.00
1	5	0.00	0.45	67.81	23.05	0.00
2	2	0.01	0.53	70.35	19.49	0.00
2	6	0.00	0.49	69.52	21.08	0.00
3	3	0.00	0.59	80.57	9.27	0.00
3	7	0.01	2.22	65.26	8.15	0.00
Core	CPU	C1%	C3%	C6%	C8%	C9%
-	-	0.04	1.13	69.51	16.34	0.00
0	0	0.00	0.62	68.54	17.94	0.00
0	4	0.00	2.19	67.25	20.21	0.00
1	1	0.01	0.20	72.59	15.50	0.00
1	5	0.00	0.43	67.91	21.00	0.00
2	2	0.01	0.69	68.56	19.20	0.00
2	6	0.00	0.31	68.84	20.53	0.00
3	3	0.00	0.49	78.74	8.93	0.00
3	7	0.31	4.10	63.42	7.37	0.00
Core	CPU	C1%	C3%	C6%	C8%	C9%
-	-	0.01	0.68	71.26	16.22	0.00
0	0	0.00	0.63	72.18	16.80	0.00
0	4	0.00	0.66	74.44	16.07	0.00
1	1	0.01	0.35	73.05	16.97	0.00
1	5	0.00	0.26	71.22	20.00	0.00
2	2	0.01	0.58	69.43	20.26	0.00
2	6	0.01	0.36	69.14	21.75	0.00
3	3	0.00	0.53	77.13	12.16	0.00
3	7	0.02	2.05	63.19	5.67	0.00
Core	CPU	C1%	C3%	C6%	C8%	C9%
-	-	0.01	0.83	72.14	15.80	0.00
0	0	0.00	0.66	73.28	15.56	0.00
0	4	0.00	1.33	72.09	17.57	0.00
1	1	0.02	0.22	72.50	17.52	0.00
1	5	0.00	0.43	69.10	21.89	0.00
2	2	0.00	0.75	72.35	17.46	0.00
2	6	0.00	0.34	70.79	20.03	0.00
3	3	0.00	0.36	80.20	9.94	0.00
3	7	0.01	2.54	66.79	6.44	0.00
Core	CPU	C1%	C3%	C6%	C8%	C9%
-	-	0.01	0.70	72.49	15.43	0.00
0	0	0.01	0.53	75.94	12.79	0.00
0	4	0.00	0.62	71.09	19.50	0.00
1	1	0.01	0.38	76.01	13.94	0.00
1	5	0.01	0.33	72.05	18.88	0.00
2	2	0.01	0.41	70.58	19.39	0.00
2	6	0.00	0.54	70.55	20.08	0.00
3	3	0.00	0.50	79.95	10.02	0.00
3	7	0.01	2.33	64.36	8.98	0.00
Core	CPU	C1%	C3%	C6%	C8%	C9%
-	-	0.01	0.68	72.13	16.03	0.00
0	0	0.00	0.56	72.42	16.62	0.00
0	4	0.00	0.57	73.40	17.14	0.00
1	1	0.01	0.24	74.86	15.09	0.00
1	5	0.00	0.44	70.67	20.25	0.00
2	2	0.01	0.53	71.29	18.63	0.00
2	6	0.00	0.46	69.56	21.10	0.00
3	3	0.01	0.54	79.28	10.67	0.00
3	7	0.02	2.11	64.94	8.57	0.00
Core	CPU	C1%	C3%	C6%	C8%	C9%
-	-	0.01	1.33	70.36	16.09	0.00
0	0	0.00	0.57	73.83	13.67	0.00
0	4	0.00	3.32	69.02	18.17	0.00
1	1	0.01	0.34	71.90	16.03	0.00
1	5	0.00	0.43	68.00	21.71	0.00
2	2	0.01	0.59	69.53	19.61	0.00
2	6	0.00	0.48	69.23	20.76	0.00
3	3	0.00	0.57	77.45	11.67	0.00
3	7	0.02	4.35	64.21	7.19	0.00
Core	CPU	C1%	C3%	C6%	C8%	C9%
-	-	0.00	0.72	70.70	17.26	0.00
0	0	0.00	0.48	70.25	18.80	0.00
0	4	0.00	0.62	70.45	20.11	0.00
1	1	0.01	0.38	75.85	13.89	0.00
1	5	0.00	0.47	69.85	20.96	0.00
2	2	0.01	0.52	69.58	20.30	0.00
2	6	0.00	0.59	69.00	21.59	0.00
3	3	0.01	0.57	77.84	12.08	0.00
3	7	0.01	2.16	63.06	10.45	0.00
Core	CPU	C1%	C3%	C6%	C8%	C9%
-	-	0.01	0.83	71.63	16.36	0.00
0	0	0.00	0.64	72.91	15.90	0.00
0	4	0.00	0.51	72.40	18.23	0.00
1	1	0.01	0.26	72.05	18.16	0.00
1	5	0.00	0.51	68.15	22.75	0.00
2	2	0.01	0.65	72.25	17.68	0.00
2	6	0.00	0.40	71.33	19.12	0.00
3	3	0.00	1.03	78.58	10.61	0.00
3	7	0.01	2.60	64.87	8.27	0.00
Core	CPU	C1%	C3%	C6%	C8%	C9%
-	-	0.01	0.67	71.40	16.55	0.00
0	0	0.00	0.51	77.10	11.59	0.00
0	4	0.00	0.43	73.66	17.03	0.00
1	1	0.01	0.43	71.63	18.35	0.00
1	5	0.01	0.30	70.38	20.61	0.00
2	2	0.01	0.53	69.89	19.95	0.00
2	6	0.01	0.60	68.89	21.71	0.00
3	3	0.00	0.68	77.04	12.83	0.00
3	7	0.01	1.89	63.12	10.51	0.00
Core	CPU	C1%	C3%	C6%	C8%	C9%
-	-	0.01	0.70	71.86	16.27	0.00
0	0	0.01	0.47	76.20	12.75	0.00
0	4	0.00	0.59	70.99	19.69	0.00
1	1	0.01	0.35	74.58	15.40	0.00
1	5	0.00	0.33	70.97	19.92	0.00
2	2	0.00	0.58	69.68	20.15	0.00
2	6	0.00	0.45	69.24	21.52	0.00
3	3	0.01	0.47	79.28	10.75	0.00
3	7	0.01	2.38	63.35	9.88	0.00
Core	CPU	C1%	C3%	C6%	C8%	C9%
-	-	0.01	1.25	69.99	16.22	0.00
0	0	0.01	0.53	69.91	18.03	0.00
0	4	0.01	2.72	67.46	19.81	0.00
1	1	0.02	0.22	73.87	14.52	0.00
1	5	0.00	0.29	67.38	22.32	0.00
2	2	0.00	0.57	69.22	18.88	0.00
2	6	0.00	0.51	68.52	20.38	0.00
3	3	0.01	0.48	79.69	8.76	0.00
3	7	0.01	4.72	64.17	7.17	0.00
Core	CPU	C1%	C3%	C6%	C8%	C9%
-	-	0.01	0.71	71.75	16.21	0.00
0	0	0.01	0.55	74.21	14.62	0.00
0	4	0.00	0.58	71.40	19.17	0.00
1	1	0.01	0.43	75.52	14.24	0.00
1	5	0.00	0.39	69.07	21.82	0.00
2	2	0.01	0.53	71.08	18.84	0.00
2	6	0.01	0.47	70.02	20.67	0.00
3	3	0.01	0.49	79.22	10.79	0.00
3	7	0.01	2.28	63.78	9.64	0.00
Core	CPU	C1%	C3%	C6%	C8%	C9%
-	-	0.00	0.83	71.45	16.56	0.00
0	0	0.00	0.56	72.43	16.58	0.00
0	4	0.00	0.57	71.57	19.05	0.00
1	1	0.01	0.33	73.11	16.78	0.00
1	5	0.00	1.04	69.59	20.51	0.00
2	2	0.01	0.67	68.21	21.69	0.00
2	6	0.00	0.42	69.11	21.57	0.00
3	3	0.00	0.37	80.66	9.46	0.00
3	7	0.01	2.64	66.39	6.70	0.00
Core	CPU	C1%	C3%	C6%	C8%	C9%
-	-	0.01	0.70	71.77	15.97	0.00
0	0	0.01	0.50	74.33	14.55	0.00
0	4	0.00	0.43	72.55	17.80	0.00
1	1	0.01	0.36	74.68	15.04	0.00
1	5	0.00	0.39	70.42	20.35	0.00
2	2	0.01	0.58	69.76	19.79	0.00
2	6	0.01	0.54	69.67	20.94	0.00
3	3	0.00	0.62	79.78	9.72	0.00
3	7	0.01	2.16	63.44	9.68	0.00
Core	CPU	C1%	C3%	C6%	C8%	C9%
-	-	0.01	0.70	72.26	15.91	0.00
0	0	0.01	0.59	77.11	11.69	0.00
0	4	0.01	0.60	70.83	19.82	0.00
1	1	0.01	0.26	74.51	15.56	0.00
1	5	0.00	0.39	70.84	20.09	0.00
2	2	0.01	0.53	69.37	20.62	0.00
2	6	0.00	0.38	69.12	21.67	0.00
3	3	0.01	0.41	80.31	9.75	0.00
3	7	0.01	2.47	65.33	7.93	0.00
Core	CPU	C1%	C3%	C6%	C8%	C9%
-	-	0.01	0.96	69.68	16.06	0.00
0	0	0.00	0.52	70.18	16.24	0.00
0	4	0.00	2.26	68.78	18.53	0.00
1	1	0.01	0.34	71.82	15.35	0.00
1	5	0.00	0.34	68.89	20.00	0.00
2	2	0.01	0.48	69.50	18.48	0.00
2	6	0.00	0.54	68.47	20.09	0.00
3	3	0.00	0.53	76.50	11.67	0.00
3	7	0.03	2.68	63.28	8.09	0.00
Core	CPU	C1%	C3%	C6%	C8%	C9%
-	-	0.01	0.71	72.42	15.62	0.00
0	0	0.00	0.68	70.63	18.22	0.00
0	4	0.01	0.55	72.29	18.23	0.00
1	1	0.01	0.10	74.46	15.64	0.00
1	5	0.00	0.55	71.02	19.73	0.00
2	2	0.01	0.72	70.13	19.73	0.00
2	6	0.00	0.23	69.87	20.99	0.00
3	3	0.00	0.36	82.58	7.46	0.00
3	7	0.01	2.52	68.36	4.92	0.00
Core	CPU	C1%	C3%	C6%	C8%	C9%
-	-	0.00	0.86	71.53	16.21	0.00
0	0	0.01	0.37	75.39	13.63	0.00
0	4	0.00	0.57	71.47	19.11	0.00
1	1	0.01	0.44	74.79	15.13	0.00
1	5	0.00	0.24	70.77	20.28	0.00
2	2	0.00	0.54	68.45	21.19	0.00
2	6	0.01	1.34	69.92	19.67	0.00
3	3	0.01	0.55	78.21	11.11	0.00
3	7	0.01	2.86	63.28	9.59	0.00
Core	CPU	C1%	C3%	C6%	C8%	C9%
-	-	0.01	0.72	72.07	15.84	0.00
0	0	0.00	0.62	73.86	14.83	0.00
0	4	0.00	0.57	72.33	18.13	0.00
1	1	0.01	0.25	71.13	18.92	0.00
1	5	0.00	0.51	68.22	22.55	0.00
2	2	0.01	0.72	71.28	18.52	0.00
2	6	0.01	0.30	70.14	20.64	0.00
3	3	0.00	0.35	81.89	8.17	0.00
3	7	0.01	2.47	68.27	5.08	0.00
Core	CPU	C1%	C3%	C6%	C8%	C9%
-	-	0.01	0.71	71.16	16.93	0.00
0	0	0.01	0.48	74.19	14.76	0.00
0	4	0.01	0.69	70.03	20.55	0.00
1	1	0.01	0.29	75.18	14.91	0.00
1	5	0.00	0.32	70.55	20.44	0.00
2	2	0.00	0.55	68.54	21.31	0.00
2	6	0.00	0.58	69.35	21.24	0.00
3	3	0.01	0.44	78.23	11.80	0.00
3	7	0.01	2.35	62.93	10.39	0.00
Core	CPU	C1%	C3%	C6%	C8%	C9%
-	-	0.00	1.26	70.06	16.69	0.00
0	0	0.01	0.57	72.97	15.34	0.00
0	4	0.00	3.03	69.67	17.54	0.00
1	1	0.01	0.32	69.90	18.32	0.00
1	5	0.00	0.37	67.56	21.51	0.00
2	2	0.01	0.57	71.31	18.33	0.00
2	6	0.00	0.40	68.91	21.12	0.00
3	3	0.00	0.48	76.61	12.98	0.00
3	7	0.01	4.31	63.25	8.29	0.00
Core	CPU	C1%	C3%	C6%	C8%	C9%
-	-	0.01	0.74	72.53	15.22	0.00
0	0	0.00	0.65	72.71	16.15	0.00
0	4	0.00	0.65	72.29	18.27	0.00
1	1	0.01	0.29	76.57	13.26	0.00
1	5	0.06	0.49	70.20	19.40	0.00
2	2	0.01	0.66	71.18	18.64	0.00
2	6	0.01	0.37	69.54	20.51	0.00
3	3	0.00	0.41	81.36	8.65	0.00
3	7	0.01	2.40	66.36	6.85	0.00
Core	CPU	C1%	C3%	C6%	C8%	C9%
-	-	0.01	0.85	71.35	16.52	0.00
0	0	0.00	0.61	69.67	19.31	0.00
0	4	0.00	0.48	70.85	19.85	0.00
1	1	0.01	0.22	74.51	15.47	0.00
1	5	0.00	1.22	69.68	20.25	0.00
2	2	0.01	0.68	69.85	19.96	0.00
2	6	0.00	0.37	70.41	20.34	0.00
3	3	0.00	0.45	80.05	9.96	0.00
3	7	0.02	2.73	66.02	7.09	0.00
Core	CPU	C1%	C3%	C6%	C8%	C9%
-	-	0.01	0.71	69.69	17.71	0.00
0	0	0.00	0.51	67.88	21.26	0.00
0	4	0.00	0.49	69.63	21.16	0.00
1	1	0.02	0.41	70.77	18.98	0.00
1	5	0.00	0.55	67.12	23.68	0.00
2	2	0.01	0.69	70.35	19.60	0.00
2	6	0.01	0.52	69.42	21.36	0.00
3	3	0.00	0.41	78.92	10.50	0.00
3	7	0.02	2.09	63.86	5.24	0.00
Core	CPU	C1%	C3%	C6%	C8%	C9%
-	-	0.01	0.69	71.53	16.65	0.00
0	0	0.01	0.52	73.34	15.60	0.00
0	4	0.00	0.59	70.36	20.28	0.00
1	1	0.01	0.35	74.90	15.06	0.00
1	5	0.01	0.40	68.95	21.90	0.00
2	2	0.01	0.54	70.51	19.44	0.00
2	6	0.01	0.45	70.84	19.96	0.00
3	3	0.01	0.54	78.12	11.85	0.00
3	7	0.02	2.10	64.61	8.92	0.00
Core	CPU	C1%	C3%	C6%	C8%	C9%
-	-	0.01	0.95	69.85	16.04	0.33
0	0	0.00	0.57	69.89	17.23	0.00
0	4	0.00	1.19	68.36	19.05	2.67
1	1	0.01	0.25	71.76	17.11	0.00
1	5	0.00	0.34	68.52	20.40	0.00
2	2	0.01	0.69	69.51	18.19	0.00
2	6	0.00	0.38	68.13	20.48	0.00
3	3	0.00	0.44	78.57	8.99	0.00
3	7	0.02	3.77	64.36	6.97	0.00
Core	CPU	C1%	C3%	C6%	C8%	C9%
-	-	0.01	0.67	71.44	16.58	0.00
0	0	0.01	0.30	76.70	12.46	0.00
0	4	0.00	0.60	71.46	19.19	0.00
1	1	0.01	0.52	73.84	16.00	0.00
1	5	0.00	0.27	70.03	20.79	0.00
2	2	0.01	0.43	69.27	20.59	0.00
2	6	0.01	0.69	68.66	21.87	0.00
3	3	0.00	0.58	79.16	10.80	0.00
3	7	0.01	1.94	62.68	10.99	0.00
Core	CPU	C1%	C3%	C6%	C8%	C9%
-	-	0.00	0.82	71.11	16.79	0.00
0	0	0.00	0.48	72.06	16.86	0.00
0	4	0.00	0.50	72.57	18.07	0.00
1	1	0.01	0.40	71.44	18.34	0.00
1	5	0.00	0.88	68.35	21.60	0.00
2	2	0.01	0.57	69.83	20.04	0.00
2	6	0.01	0.76	69.89	20.59	0.00
3	3	0.01	0.60	79.40	10.36	0.00
3	7	0.01	2.36	64.75	8.31	0.00
Core	CPU	C1%	C3%	C6%	C8%	C9%
-	-	0.01	0.69	72.15	15.90	0.00
0	0	0.01	0.47	73.31	15.75	0.00
0	4	0.00	0.57	70.41	20.19	0.00
1	1	0.01	0.34	74.42	15.58	0.00
1	5	0.00	0.37	69.98	20.96	0.00
2	2	0.01	0.45	72.38	17.50	0.00
2	6	0.00	0.39	70.04	20.81	0.00
3	3	0.00	0.49	80.91	9.02	0.00
3	7	0.01	2.43	65.78	7.38	0.00
Core	CPU	C1%	C3%	C6%	C8%	C9%
-	-	0.08	0.73	72.33	15.29	0.00
0	0	0.00	0.57	73.06	15.31	0.00
0	4	0.00	0.68	74.06	16.20	0.00
1	1	0.15	0.31	73.90	15.57	0.00
1	5	0.43	0.37	70.80	19.11	0.00
2	2	0.00	0.66	71.44	18.06	0.00
2	6	0.00	0.38	70.96	19.70	0.00
3	3	0.00	0.60	78.53	10.82	0.00
3	7	0.01	2.28	65.85	7.53	0.00
Core	CPU	C1%	C3%	C6%	C8%	C9%
-	-	0.01	1.25	69.27	17.34	0.03
0	0	0.01	0.33	73.69	14.41	0.00
0	4	0.00	3.18	68.84	18.26	0.00
1	1	0.01	0.45	72.45	16.14	0.00
1	5	0.00	0.27	66.94	23.86	0.00
2	2	0.00	0.48	65.74	22.92	0.00
2	6	0.01	0.54	67.64	22.24	0.00
3	3	0.01	0.41	77.54	11.65	0.26
3	7	0.02	4.30	61.85	9.37	0.00
Core	CPU	C1%	C3%	C6%	C8%	C9%
-	-	0.01	0.69	72.52	15.58	0.00
0	0	0.00	0.73	73.06	15.65	0.00
0	4	0.00	0.52	71.08	19.56	0.00
1	1	0.01	0.24	74.87	15.22	0.00
1	5	0.00	0.41	70.05	20.90	0.00
2	2	0.01	0.59	73.38	16.45	0.00
2	6	0.00	0.29	70.02	20.87	0.00
3	3	0.00	0.51	80.87	9.10	0.00
3	7	0.01	2.22	66.63	6.83	0.00
Core	CPU	C1%	C3%	C6%	C8%	C9%
-	-	0.03	0.82	70.65	17.19	0.00
0	0	0.01	0.58	71.87	17.05	0.00
0	4	0.01	0.45	70.14	20.57	0.00
1	1	0.01	0.36	73.73	16.26	0.00
1	5	0.00	0.46	69.30	21.62	0.00
2	2	0.01	0.59	69.27	20.49	0.00
2	6	0.01	0.44	69.94	20.27	0.00
3	3	0.00	1.11	77.50	11.62	0.00
3	7	0.21	2.53	63.22	9.55	0.00
Core	CPU	C1%	C3%	C6%	C8%	C9%
-	-	0.00	0.71	71.23	16.68	0.00
0	0	0.01	0.46	73.04	15.94	0.00
0	4	0.00	0.62	72.11	18.36	0.00
1	1	0.01	0.36	72.15	17.87	0.00
1	5	0.00	0.46	69.31	21.52	0.00
2	2	0.01	0.64	69.64	20.18	0.00
2	6	0.00	0.44	69.84	20.70	0.00
3	3	0.01	0.52	79.12	10.81	0.00
3	7	0.00	2.15	65.18	8.17	0.00
Core	CPU	C1%	C3%	C6%	C8%	C9%
-	-	0.01	0.74	71.60	16.52	0.00
0	0	0.00	0.53	73.29	15.65	0.00
0	4	0.00	0.65	71.39	19.13	0.00
1	1	0.01	0.35	72.49	17.63	0.00
1	5	0.00	0.36	69.24	21.71	0.00
2	2	0.01	0.57	71.25	18.62	0.00
2	6	0.00	0.50	69.22	21.51	0.00
3	3	0.01	0.53	81.22	8.62	0.00
3	7	0.01	2.39	64.08	9.13	0.00
Core	CPU	C1%	C3%	C6%	C8%	C9%
-	-	0.01	1.29	69.66	16.94	0.03
0	0	0.00	0.54	70.71	17.10	0.00
0	4	0.01	3.00	68.67	18.44	0.00
1	1	0.01	0.31	74.34	15.47	0.00
1	5	0.00	0.30	68.54	21.07	0.00
2	2	0.00	0.55	68.04	21.03	0.00
2	6	0.01	0.45	67.80	21.99	0.00
3	3	0.00	0.48	76.19	11.94	0.26
3	7	0.01	4.65	62.90	8.50	0.00
Core	CPU	C1%	C3%	C6%	C8%	C9%
-	-	0.01	0.73	70.98	16.91	0.00
0	0	0.01	0.40	72.03	17.09	0.00
0	4	0.00	0.66	71.49	19.07	0.00
1	1	0.00	0.44	74.04	15.80	0.00
1	5	0.00	0.44	69.53	21.33	0.00
2	2	0.01	0.56	69.17	20.61	0.00
2	6	0.01	0.63	68.37	22.21	0.00
3	3	0.01	0.62	80.77	9.07	0.00
3	7	0.01	2.08	63.07	10.31	0.00
Core	CPU	C1%	C3%	C6%	C8%	C9%
-	-	0.01	0.84	71.50	16.44	0.00
0	0	0.01	0.42	70.06	19.18	0.00
0	4	0.00	0.51	70.11	20.44	0.00
1	1	0.01	0.33	75.76	13.78	0.00
1	5	0.00	1.12	69.68	20.17	0.00
2	2	0.00	0.62	72.23	17.59	0.00
2	6	0.00	0.50	69.09	21.66	0.00
3	3	0.00	0.54	80.01	9.98	0.00
3	7	0.02	2.69	64.47	8.61	0.00
Core	CPU	C1%	C3%	C6%	C8%	C9%
-	-	0.01	0.71	71.12	16.80	0.00
0	0	0.00	0.40	73.65	15.38	0.00
0	4	0.00	0.60	71.60	18.99	0.00
1	1	0.01	0.52	75.60	14.19	0.00
1	5	0.00	0.32	69.57	21.39	0.00
2	2	0.00	0.42	68.93	20.90	0.00
2	6	0.01	0.66	68.22	22.33	0.00
3	3	0.00	0.65	79.08	10.80	0.00
3	7	0.01	2.12	62.87	10.57	0.00
Core	CPU	C1%	C3%	C6%	C8%	C9%
-	-	0.00	0.69	71.31	16.82	0.00
0	0	0.00	0.40	75.81	13.12	0.00
0	4	0.00	0.39	71.29	19.44	0.00
1	1	0.01	0.43	73.63	16.27	0.00
1	5	0.00	0.41	70.06	20.90	0.00
2	2	0.01	0.43	67.76	22.22	0.00
2	6	0.00	0.66	69.14	21.47	0.00
3	3	0.00	0.69	78.91	10.97	0.00
3	7	0.01	2.08	63.38	10.06	0.00
Core	CPU	C1%	C3%	C6%	C8%	C9%
-	-	0.01	1.41	68.59	18.05	0.00
0	0	0.00	0.51	71.30	17.21	0.00
0	4	0.00	3.43	67.84	19.49	0.00
1	1	0.01	0.41	70.67	18.27	0.00
1	5	0.00	0.48	68.36	21.32	0.00
2	2	0.01	0.46	66.75	21.99	0.00
2	6	0.00	0.54	67.81	21.73	0.00
3	3	0.01	0.64	75.58	13.64	0.00
3	7	0.01	4.81	60.61	10.82	0.00
Core	CPU	C1%	C3%	C6%	C8%	C9%
-	-	0.00	0.70	71.59	16.38	0.00
0	0	0.00	0.48	73.61	15.20	0.00
0	4	0.00	0.45	72.79	17.80	0.00
1	1	0.01	0.35	71.74	18.26	0.00
1	5	0.00	0.43	70.25	20.61	0.00
2	2	0.01	0.60	68.77	21.05	0.00
2	6	0.00	0.50	69.84	20.83	0.00
3	3	0.00	0.54	80.26	9.65	0.00
3	7	0.01	2.22	65.78	7.70	0.00
Core	CPU	C1%	C3%	C6%	C8%	C9%
-	-	0.01	1.01	71.74	15.97	0.00
0	0	0.01	1.23	75.17	12.83	0.00
0	4	0.01	0.49	72.44	18.21	0.00
1	1	0.01	1.05	75.31	13.86	0.00
1	5	0.00	0.41	69.94	21.01	0.00
2	2	0.01	0.58	68.63	21.29	0.00
2	6	0.00	1.12	69.70	20.22	0.00
3	3	0.00	0.55	78.11	11.85	0.00
3	7	0.01	2.62	64.61	8.52	0.00
Core	CPU	C1%	C3%	C6%	C8%	C9%
-	-	0.01	0.70	71.73	16.41	0.00
0	0	0.01	0.42	72.94	16.15	0.00
0	4	0.00	0.69	70.32	20.34	0.00
1	1	0.02	0.37	74.26	15.84	0.00
1	5	0.00	0.24	70.29	20.76	0.00
2	2	0.00	0.53	70.95	18.80	0.00
2	6	0.00	0.54	68.97	21.74	0.00
3	3	0.01	0.39	81.52	8.55	0.00
3	7	0.01	2.40	64.23	9.05	0.00
Core	CPU	C1%	C3%	C6%	C8%	C9%
-	-	0.01	0.86	70.88	16.83	0.00
0	0	0.00	0.53	71.76	17.26	0.00
0	4	0.00	0.57	69.93	20.45	0.00
1	1	0.01	0.28	72.30	17.41	0.00
1	5	0.00	1.16	70.59	19.45	0.00
2	2	0.01	0.59	71.52	17.60	0.00
2	6	0.00	0.51	69.50	21.20	0.00
3	3	0.01	0.56	78.52	11.48	0.00
3	7	0.02	2.65	63.24	9.88	0.00
Core	CPU	C1%	C3%	C6%	C8%	C9%
-	-	0.00	0.74	72.26	15.84	0.00
0	0	0.01	0.52	76.11	12.72	0.00
0	4	0.00	0.68	71.56	19.07	0.00
1	1	0.01	0.39	74.89	15.10	0.00
1	5	0.00	0.30	70.17	20.85	0.00
2	2	0.01	0.54	69.30	20.61	0.00
2	6	0.00	0.59	69.89	20.71	0.00
3	3	0.00	0.58	81.10	8.85	0.00
3	7	0.01	2.28	64.41	8.63	0.00
Core	CPU	C1%	C3%	C6%	C8%	C9%
-	-	0.01	0.70	70.19	17.28	0.00
0	0	0.01	0.54	70.41	18.77	0.00
0	4	0.00	0.73	70.76	19.78	0.00
1	1	0.02	0.35	73.55	16.20	0.00
1	5	0.00	0.30	69.69	21.43	0.00
2	2	0.00	0.47	69.32	20.86	0.00
2	6	0.01	0.42	68.54	22.38	0.00
3	3	0.01	0.52	77.78	11.40	0.00
3	7	0.02	2.26	61.69	7.47	0.00
Core	CPU	C1%	C3%	C6%	C8%	C9%
-	-	0.01	0.96	69.20	16.54	0.29
0	0	0.00	0.59	71.16	15.86	0.00
0	4	0.00	2.15	70.71	16.39	0.00
1	1	0.00	0.36	69.97	18.05	0.00
1	5	0.01	0.37	66.22	22.61	0.00
2	2	0.01	0.57	67.53	20.31	0.00
2	6	0.00	0.46	67.78	20.37	0.00
3	3	0.00	0.61	77.10	10.69	0.00
3	7	0.01	2.59	63.29	8.09	2.34
Core	CPU	C1%	C3%	C6%	C8%	C9%
-	-	0.01	0.71	71.40	16.59	0.00
0	0	0.00	0.52	73.78	14.98	0.00
0	4	0.00	0.57	71.43	19.21	0.00
1	1	0.01	0.45	73.81	16.12	0.00
1	5	0.00	0.37	71.00	19.87	0.00
2	2	0.00	0.46	69.64	20.29	0.00
2	6	0.00	0.59	70.45	20.16	0.00
3	3	0.01	0.71	78.00	11.85	0.00
3	7	0.01	2.00	63.34	10.27	0.00
Core	CPU	C1%	C3%	C6%	C8%	C9%
-	-	0.00	0.79	71.46	16.49	0.00
0	0	0.00	0.91	73.84	14.27	0.00
0	4	0.00	0.67	71.39	19.24	0.00
1	1	0.01	0.39	78.20	11.71	0.00
1	5	0.00	0.30	70.49	20.56	0.00
2	2	0.00	0.50	68.75	21.25	0.00
2	6	0.00	0.44	70.04	20.76	0.00
3	3	0.00	0.45	76.63	13.47	0.00
3	7	0.01	2.65	62.42	10.70	0.00
Core	CPU	C1%	C3%	C6%	C8%	C9%
-	-	0.01	0.75	72.45	15.67	0.00
0	0	0.01	0.48	77.22	11.66	0.00
0	4	0.00	0.68	72.35	18.20	0.00
1	1	0.01	0.35	74.56	15.50	0.00
1	5	0.00	0.29	70.43	20.60	0.00
2	2	0.01	0.52	69.59	20.36	0.00
2	6	0.00	0.58	70.01	20.62	0.00
3	3	0.00	0.59	80.40	9.55	0.00
3	7	0.01	2.48	64.39	8.76	0.00
Core	CPU	C1%	C3%	C6%	C8%	C9%
-	-	0.01	0.70	72.03	15.92	0.00
0	0	0.00	0.75	75.94	12.61	0.00
0	4	0.00	0.55	71.64	18.96	0.00
1	1	0.01	0.17	73.44	16.72	0.00
1	5	0.00	0.43	69.70	21.21	0.00
2	2	0.01	0.64	70.63	19.25	0.00
2	6	0.00	0.36	69.96	20.81	0.00
3	3	0.00	0.45	79.69	10.36	0.00
3	7	0.01	2.24	65.92	7.61	0.00
Core	CPU	C1%	C3%	C6%	C8%	C9%
-	-	0.01	1.26	69.89	16.80	0.00
0	0	0.01	0.38	76.92	11.21	0.00
0	4	0.00	3.23	69.61	17.59	0.00
1	1	0.01	0.45	72.84	16.26	0.00
1	5	0.00	0.17	68.45	21.15	0.00
2	2	0.00	0.40	66.43	23.05	0.00
2	6	0.01	0.60	66.95	22.65	0.00
3	3	0.01	0.45	78.00	11.05	0.00
3	7	0.00	4.37	59.78	11.38	0.00
Core	CPU	C1%	C3%	C6%	C8%	C9%
-	-	0.01	0.70	71.74	16.40	0.00
0	0	0.01	0.60	72.22	16.71	0.00
0	4	0.00	0.54	70.05	20.67	0.00
1	1	0.01	0.28	75.72	14.39	0.00
1	5	0.00	0.37	71.44	19.57	0.00
2	2	0.01	0.58	70.61	19.17	0.00
2	6	0.00	0.38	69.05	21.76	0.00
3	3	0.00	0.56	79.54	10.40	0.00
3	7	0.01	2.30	64.90	8.44	0.00
Core	CPU	C1%	C3%	C6%	C8%	C9%
-	-	0.00	0.85	70.57	17.18	0.00
0	0	0.01	1.18	74.26	13.85	0.00
0	4	0.00	0.58	70.53	20.28	0.00
1	1	0.01	0.41	73.76	16.35	0.00
1	5	0.00	0.27	69.90	21.13	0.00
2	2	0.00	0.42	68.97	20.30	0.00
2	6	0.00	0.60	69.54	20.59	0.00
3	3	0.01	0.53	76.57	13.48	0.00
3	7	0.01	2.81	61.52	11.60	0.00
Core	CPU	C1%	C3%	C6%	C8%	C9%
-	-	0.01	0.72	71.89	16.26	0.00
0	0	0.00	0.44	75.69	13.14	0.00
0	4	0.00	0.60	71.50	19.25	0.00
1	1	0.01	0.29	73.00	17.20	0.00
1	5	0.00	0.32	69.36	21.65	0.00
2	2	0.00	0.65	69.03	20.81	0.00
2	6	0.01	0.66	69.95	20.56	0.00
3	3	0.01	0.35	81.88	8.21	0.00
3	7	0.01	2.42	64.15	9.08	0.00
Core	CPU	C1%	C3%	C6%	C8%	C9%
-	-	0.01	0.71	71.71	16.25	0.00
0	0	0.01	0.36	73.75	15.36	0.00
0	4	0.00	0.74	70.18	20.41	0.00
1	1	0.01	0.45	77.51	12.28	0.00
1	5	0.00	0.28	70.01	20.94	0.00
2	2	0.00	0.51	69.33	20.60	0.00
2	6	0.01	0.65	69.96	20.56	0.00
3	3	0.00	0.47	79.82	10.17	0.00
3	7	0.01	2.27	63.65	9.80	0.00
Core	CPU	C1%	C3%	C6%	C8%	C9%
-	-	0.00	1.05	69.01	16.71	0.00
0	0	0.00	0.48	69.09	17.61	0.00
0	4	0.00	1.63	69.17	18.35	0.00
1	1	0.01	0.40	69.12	18.48	0.00
1	5	0.00	0.42	67.94	20.36	0.00
2	2	0.00	0.51	70.48	17.07	0.00
2	6	0.00	0.57	68.45	19.55	0.00
3	3	0.00	0.58	76.11	12.30	0.00
3	7	0.01	3.80	61.37	9.88	0.00
Core	CPU	C1%	C3%	C6%	C8%	C9%
-	-	0.01	0.72	72.45	15.51	0.00
0	0	0.00	0.65	72.23	16.49	0.00
0	4	0.00	0.61	72.54	17.91	0.00
1	1	0.01	0.12	73.91	16.13	0.00
1	5	0.00	0.43	69.56	21.25	0.00
2	2	0.01	0.70	70.62	19.21	0.00
2	6	0.00	0.27	70.67	20.21	0.00
3	3	0.00	0.41	82.05	7.85	0.00
3	7	0.02	2.54	67.98	5.06	0.00
Core	CPU	C1%	C3%	C6%	C8%	C9%
-	-	0.00	0.82	71.56	16.33	0.00
0	0	0.00	0.53	72.48	16.46	0.00
0	4	0.00	0.58	71.93	18.70	0.00
1	1	0.01	0.33	74.65	15.31	0.00
1	5	0.00	0.46	68.54	22.33	0.00
2	2	0.01	0.52	70.00	19.97	0.00
2	6	0.01	0.44	70.95	19.85	0.00
3	3	0.00	1.25	79.03	10.04	0.00
3	7	0.00	2.45	65.21	8.08	0.00
Core	CPU	C1%	C3%	C6%	C8%	C9%
-	-	0.01	0.71	72.67	15.47	0.00
0	0	0.01	0.60	73.10	15.80	0.00
0	4	0.01	0.64	72.54	17.95	0.00
1	1	0.02	0.21	75.94	13.97	0.00
1	5	0.00	0.39	70.55	20.45	0.00
2	2	0.01	0.65	70.75	19.12	0.00
2	6	0.00	0.26	70.48	20.48	0.00
3	3	0.00	0.38	81.18	8.87	0.00
3	7	0.02	2.55	66.24	6.97	0.00
Core	CPU	C1%	C3%	C6%	C8%	C9%
-	-	0.01	0.70	71.62	16.32	0.00
0	0	0.00	0.69	72.09	16.73	0.00
0	4	0.00	0.54	70.66	19.98	0.00
1	1	0.01	0.21	73.24	16.85	0.00
1	5	0.00	0.40	68.89	22.04	0.00
2	2	0.01	0.53	71.78	18.03	0.00
2	6	0.00	0.42	69.98	20.72	0.00
3	3	0.00	0.61	80.40	9.39	0.00
3	7	0.01	2.25	66.48	7.02	0.00
Core	CPU	C1%	C3%	C6%	C8%	C9%
-	-	0.01	1.24	69.41	16.90	0.00
0	0	0.01	0.37	71.08	16.17	0.00
0	4	0.00	2.69	68.54	18.76	0.00
1	1	0.01	0.40	72.85	15.87	0.00
1	5	0.00	0.31	67.72	22.10	0.00
2	2	0.00	0.46	67.58	21.13	0.00
2	6	0.00	0.64	67.72	20.84	0.00
3	3	0.01	0.42	77.65	11.07	0.00
3	7	0.01	4.60	61.96	9.21	0.00
Core	CPU	C1%	C3%	C6%	C8%	C9%
-	-	0.00	0.74	71.61	16.46	0.00
0	0	0.00	0.57	72.38	16.44	0.00
0	4	0.00	0.53	70.91	19.74	0.00
1	1	0.01	0.30	74.30	15.73	0.00
1	5	0.00	0.52	69.31	21.56	0.00
2	2	0.01	0.61	69.79	20.08	0.00
2	6	0.00	0.55	70.33	20.31	0.00
3	3	0.00	0.61	80.18	9.66	0.00
3	7	0.01	2.21	65.29	8.09	0.00
Core	CPU	C1%	C3%	C6%	C8%	C9%
-	-	0.01	0.83	71.78	15.99	0.00
0	0	0.02	0.28	75.61	13.46	0.00
0	4	0.00	0.54	71.03	19.74	0.00
1	1	0.01	0.44	77.78	11.66	0.00
1	5	0.00	0.28	70.82	19.87	0.00
2	2	0.00	0.89	67.47	21.39	0.00
2	6	0.01	0.60	67.53	23.21	0.00
3	3	0.00	0.52	80.23	9.70	0.00
3	7	0.00	3.10	63.79	8.92	0.00
Core	CPU	C1%	C3%	C6%	C8%	C9%
-	-	0.03	0.73	70.83	17.05	0.00
0	0	0.01	0.51	73.03	15.85	0.00
0	4	0.00	0.66	71.55	19.03	0.00
1	1	0.01	0.36	74.35	15.61	0.00
1	5	0.00	0.38	70.52	20.39	0.00
2	2	0.00	0.54	68.87	20.93	0.00
2	6	0.00	0.52	68.01	22.68	0.00
3	3	0.01	0.56	78.76	11.12	0.00
3	7	0.20	2.33	62.17	10.96	0.00
Core	CPU	C1%	C3%	C6%	C8%	C9%
-	-	0.06	0.69	71.15	16.93	0.00
0	0	0.00	0.39	74.72	14.32	0.00
0	4	0.00	0.54	71.37	19.30	0.00
1	1	0.00	0.48	72.82	17.05	0.00
1	5	0.00	0.29	70.81	20.23	0.00
2	2	0.01	0.42	68.40	21.57	0.00
2	6	0.00	0.63	68.87	21.75	0.00
3	3	0.01	0.71	78.35	11.47	0.00
3	7	0.49	2.08	63.19	9.61	0.00
Core	CPU	C1%	C3%	C6%	C8%	C9%
-	-	0.09	1.12	69.14	16.51	0.00
0	0	0.00	0.50	69.96	17.31	0.00
0	4	0.00	2.47	68.75	18.59	0.00
1	1	0.01	0.29	71.56	16.18	0.00
1	5	0.00	0.38	69.07	19.92	0.00
2	2	0.01	0.52	66.85	20.49	0.00
2	6	0.01	0.52	68.15	20.46	0.00
3	3	0.01	0.42	75.91	12.12	0.00
3	7	0.70	3.85	63.21	7.06	0.00
Core	CPU	C1%	C3%	C6%	C8%	C9%
-	-	0.01	0.70	69.73	17.68	0.00
0	0	0.01	0.46	72.13	16.93	0.00
0	4	0.00	0.65	72.09	18.47	0.00
1	1	0.01	0.49	71.90	18.07	0.00
1	5	0.00	0.34	68.97	21.96	0.00
2	2	0.01	0.43	68.18	21.94	0.00
2	6	0.01	0.59	67.39	23.26	0.00
3	3	0.01	0.68	77.72	11.31	0.00
3	7	0.01	1.96	59.36	9.47	0.00
Core	CPU	C1%	C3%	C6%	C8%	C9%
-	-	0.00	0.89	70.83	16.97	0.00
0	0	0.01	0.57	73.44	15.34	0.00
0	4	0.00	1.50	70.94	18.64	0.00
1	1	0.01	0.29	73.11	17.03	0.00
1	5	0.00	0.35	69.78	21.09	0.00
2	2	0.00	0.61	66.95	22.95	0.00
2	6	0.00	0.41	67.25	23.31	0.00
3	3	0.00	0.46	79.57	9.79	0.00
3	7	0.01	2.97	65.36	7.55	0.00
Core	CPU	C1%	C3%	C6%	C8%	C9%
-	-	0.00	0.67	70.87	17.19	0.00
0	0	0.00	0.51	76.06	12.64	0.00
0	4	0.00	0.51	72.57	18.08	0.00
1	1	0.00	0.32	71.27	18.84	0.00
1	5	0.00	0.34	69.27	21.65	0.00
2	2	0.01	0.52	68.82	21.11	0.00
2	6	0.00	0.62	68.87	21.79	0.00
3	3	0.00	0.64	77.02	12.88	0.00
3	7	0.01	1.92	63.09	10.52	0.00
Core	CPU	C1%	C3%	C6%	C8%	C9%
-	-	0.01	0.73	71.68	16.23	0.00
0	0	0.01	0.62	76.73	11.80	0.00
0	4	0.00	0.54	70.15	20.42	0.00
1	1	0.01	0.25	71.56	18.66	0.00
1	5	0.00	0.41	68.73	22.14	0.00
2	2	0.00	0.60	69.45	20.39	0.00
2	6	0.00	0.42	70.47	20.26	0.00
3	3	0.01	0.48	81.41	8.54	0.00
3	7	0.01	2.53	65.45	7.79	0.00
Core	CPU	C1%	C3%	C6%	C8%	C9%
-	-	0.01	0.99	69.71	16.13	0.00
0	0	0.01	0.39	70.40	16.91	0.00
0	4	0.00	1.41	67.05	20.28	0.00
1	1	0.01	0.40	74.56	13.17	0.00
1	5	0.00	0.44	69.34	19.54	0.00
2	2	0.00	0.56	66.89	20.48	0.00
2	6	0.00	0.38	66.92	21.96	0.00
3	3	0.01	0.33	78.63	9.40	0.00
3	7	0.01	4.00	63.87	7.30	0.00
Core	CPU	C1%	C3%	C6%	C8%	C9%
-	-	0.00	0.72	72.39	15.67	0.00
0	0	0.00	0.54	72.97	15.95	0.00
0	4	0.00	0.51	72.92	17.75	0.00
1	1	0.01	0.39	72.38	17.67	0.00
1	5	0.00	0.45	72.38	18.34	0.00
2	2	0.00	0.63	68.23	21.64	0.00
2	6	0.01	0.48	70.02	20.65	0.00
3	3	0.00	0.51	83.34	6.57	0.00
3	7	0.01	2.28	66.63	6.71	0.00
Core	CPU	C1%	C3%	C6%	C8%	C9%
-	-	0.01	0.87	70.83	17.01	0.00
0	0	0.01	0.58	72.67	16.22	0.00
0	4	0.00	1.38	72.46	17.14	0.00
1	1	0.01	0.34	70.18	19.90	0.00
1	5	0.00	0.48	67.87	22.97	0.00
2	2	0.00	0.67	69.59	20.26	0.00
2	6	0.00	0.49	70.22	20.53	0.00
3	3	0.00	0.41	79.05	10.90	0.00
3	7	0.01	2.63	64.93	8.29	0.00
Core	CPU	C1%	C3%	C6%	C8%	C9%
-	-	0.01	0.70	71.34	16.76	0.00
0	0	0.01	0.44	74.53	14.38	0.00
0	4	0.00	0.71	70.41	20.15	0.00
1	1	0.01	0.38	75.18	14.79	0.00
1	5	0.00	0.30	69.78	21.23	0.00
2	2	0.01	0.57	67.91	21.99	0.00
2	6	0.00	0.59	68.53	22.15	0.00
3	3	0.00	0.50	80.56	9.32	0.00
3	7	0.01	2.13	63.47	9.98	0.00
Core	CPU	C1%	C3%	C6%	C8%	C9%
-	-	0.01	0.70	71.74	16.23	0.00
0	0	0.01	0.32	75.66	13.40	0.00
0	4	0.01	0.63	71.75	18.87	0.00
1	1	0.01	0.49	76.55	13.23	0.00
1	5	0.00	0.25	70.32	20.46	0.00
2	2	0.00	0.52	68.29	21.65	0.00
2	6	0.01	0.59	69.07	21.63	0.00
3	3	0.01	0.50	79.67	10.20	0.00
3	7	0.01	2.32	62.91	10.43	0.00
Core	CPU	C1%	C3%	C6%	C8%	C9%
-	-	0.01	1.22	69.14	17.59	0.00
0	0	0.01	0.50	69.93	18.66	0.00
0	4	0.00	2.26	69.01	18.47	0.00
1	1	0.01	0.31	72.76	16.32	0.00
1	5	0.00	0.24	69.74	20.43	0.00
2	2	0.00	0.57	66.53	22.61	0.00
2	6	0.00	0.44	66.65	22.95	0.00
3	3	0.01	0.41	76.93	11.68	0.00
3	7	0.01	5.07	61.54	9.55	0.00
Core	CPU	C1%	C3%	C6%	C8%	C9%
-	-	0.01	0.71	72.18	15.92	0.00
0	0	0.00	0.64	75.79	12.98	0.00
0	4	0.01	0.65	72.94	17.66	0.00
1	1	0.01	0.38	74.60	15.47	0.00
1	5	0.00	0.36	70.78	20.18	0.00
2	2	0.01	0.51	71.56	18.29	0.00
2	6	0.00	0.46	69.55	21.28	0.00
3	3	0.00	0.54	78.36	11.50	0.00
3	7	0.01	2.16	63.52	9.90	0.00
Core	CPU	C1%	C3%	C6%	C8%	C9%
-	-	0.01	0.89	69.87	17.86	0.00
0	0	0.00	0.42	72.15	16.55	0.00
0	4	0.00	0.54	69.14	20.96	0.00
1	1	0.00	0.61	74.54	15.09	0.00
1	5	0.00	0.39	69.29	21.49	0.00
2	2	0.01	0.41	68.31	21.58	0.00
2	6	0.00	0.62	68.01	22.66	0.00
3	3	0.01	1.48	76.01	12.61	0.00
3	7	0.02	2.67	61.18	11.86	0.00
Core	CPU	C1%	C3%	C6%	C8%	C9%
-	-	0.01	0.70	71.71	16.28	0.00
0	0	0.00	0.59	75.76	13.01	0.00
0	4	0.00	0.42	71.67	19.09	0.00
1	1	0.01	0.33	73.62	16.34	0.00
1	5	0.00	0.46	71.22	19.66	0.00
2	2	0.01	0.54	70.06	19.85	0.00
2	6	0.00	0.52	71.03	19.73	0.00
3	3	0.01	0.65	77.34	12.50	0.00
3	7	0.02	2.08	63.13	10.09	0.00
Core	CPU	C1%	C3%	C6%	C8%	C9%
-	-	0.01	0.74	72.76	15.11	0.00
0	0	0.00	0.69	73.26	15.52	0.00
0	4	0.01	0.62	70.66	19.83	0.00
1	1	0.01	0.18	75.60	14.33	0.00
1	5	0.00	0.34	71.03	19.81	0.00
2	2	0.01	0.68	72.42	17.35	0.00
2	6	0.00	0.45	71.36	19.32	0.00
3	3	0.00	0.39	81.70	8.24	0.00
3	7	0.01	2.58	66.58	6.64	0.00
Core	CPU	C1%	C3%	C6%	C8%	C9%
-	-	0.01	1.16	69.65	16.76	0.00
0	0	0.01	0.55	76.16	11.66	0.00
0	4	0.00	2.68	69.57	17.72	0.00
1	1	0.01	0.39	70.85	17.91	0.00
1	5	0.00	0.30	68.79	21.37	0.00
2	2	0.01	0.51	66.13	21.95	0.00
2	6	0.00	0.51	67.19	21.71	0.00
3	3	0.00	0.55	76.87	11.69	0.00
3	7	0.01	3.80	61.41	10.00	0.00
Core	CPU	C1%	C3%	C6%	C8%	C9%
-	-	0.01	0.69	72.63	15.14	0.00
0	0	0.01	0.55	74.40	14.41	0.00
0	4	0.00	0.46	71.00	19.77	0.00
1	1	0.01	0.32	73.47	15.95	0.00
1	5	0.00	0.38	68.97	21.29	0.00
2	2	0.00	0.60	72.67	17.09	0.00
2	6	0.01	0.32	70.59	18.98	0.00
3	3	0.00	0.45	82.78	7.17	0.00
3	7	0.01	2.42	66.82	6.39	0.00
Core	CPU	C1%	C3%	C6%	C8%	C9%
-	-	0.01	0.77	71.50	16.36	0.00
0	0	0.00	0.48	73.12	15.90	0.00
0	4	0.00	0.52	73.20	17.27	0.00
1	1	0.00	0.35	71.40	18.25	0.00
1	5	0.00	0.35	69.65	21.22	0.00
2	2	0.01	0.59	70.91	18.99	0.00
2	6	0.00	0.94	70.86	18.94	0.00
3	3	0.01	0.50	78.62	11.40	0.00
3	7	0.01	2.39	64.18	8.89	0.00
Core	CPU	C1%	C3%	C6%	C8%	C9%
-	-	0.01	0.71	72.48	15.44	0.00
0	0	0.00	0.74	71.39	17.19	0.00
0	4	0.01	0.43	71.16	19.56	0.00
1	1	0.01	0.16	76.08	13.88	0.00
1	5	0.00	0.41	71.31	19.61	0.00
2	2	0.01	0.66	72.73	17.10	0.00
2	6	0.00	0.29	71.30	19.49	0.00
3	3	0.00	0.42	79.91	10.05	0.00
3	7	0.02	2.54	66.57	6.76	0.00
Core	CPU	C1%	C3%	C6%	C8%	C9%
-	-	0.00	0.67	72.21	15.96	0.00
0	0	0.00	0.66	75.02	13.67	0.00
0	4	0.01	0.41	70.37	20.37	0.00
1	1	0.01	0.24	74.48	15.67	0.00
1	5	0.00	0.41	70.65	20.28	0.00
2	2	0.00	0.58	71.07	18.87	0.00
2	6	0.00	0.44	70.51	20.20	0.00
3	3	0.00	0.41	79.73	10.29	0.00
3	7	0.01	2.23	65.29	8.23	0.00
Core	CPU	C1%	C3%	C6%	C8%	C9%
-	-	0.01	0.92	69.57	16.13	0.00
0	0	0.01	0.40	74.18	12.01	0.00
0	4	0.01	2.11	68.44	19.05	0.00
1	1	0.00	0.41	71.57	16.38	0.00
1	5	0.00	0.26	66.92	22.02	0.00
2	2	0.00	0.43	68.22	19.78	0.00
2	6	0.00	0.54	69.01	19.79	0.00
3	3	0.01	0.43	76.52	10.99	0.00
3	7	0.01	2.80	62.08	9.15	0.00
Core	CPU	C1%	C3%	C6%	C8%	C9%
-	-	0.01	0.73	71.96	16.00	0.00
0	0	0.01	0.52	76.82	11.91	0.00
0	4	0.00	0.68	70.59	19.93	0.00
1	1	0.01	0.35	75.42	14.57	0.00
1	5	0.00	0.28	70.49	20.41	0.00
2	2	0.01	0.56	69.06	20.87	0.00
2	6	0.00	0.43	69.50	21.31	0.00
3	3	0.00	0.39	79.80	10.19	0.00
3	7	0.01	2.66	64.26	8.83	0.00
Core	CPU	C1%	C3%	C6%	C8%	C9%
-	-	0.00	0.82	71.69	16.28	0.00
0	0	0.00	0.51	75.46	13.47	0.00
0	4	0.00	0.56	72.33	18.38	0.00
1	1	0.00	0.42	73.55	16.29	0.00
1	5	0.00	0.37	69.86	21.08	0.00
2	2	0.01	0.57	69.45	20.47	0.00
2	6	0.00	1.10	69.70	20.09	0.00
3	3	0.00	0.70	79.79	10.06	0.00
3	7	0.02	2.35	62.87	10.31	0.00
Core	CPU	C1%	C3%	C6%	C8%	C9%
-	-	0.01	0.70	72.15	15.71	0.00
0	0	0.00	0.73	73.93	14.60	0.00
0	4	0.00	0.50	72.34	18.07	0.00
1	1	0.01	0.24	73.05	17.09	0.00
1	5	0.00	0.46	71.33	19.62	0.00
2	2	0.01	0.57	71.38	18.52	0.00
2	6	0.00	0.32	70.71	20.16	0.00
3	3	0.00	0.50	79.05	10.76	0.00
3	7	0.02	2.26	65.53	6.90	0.00
Core	CPU	C1%	C3%	C6%	C8%	C9%
-	-	0.00	0.68	69.92	17.56	0.00
0	0	0.01	0.50	75.95	12.55	0.00
0	4	0.00	0.59	70.56	20.13	0.00
1	1	0.00	0.49	71.56	18.34	0.00
1	5	0.00	0.29	68.07	23.12	0.00
2	2	0.00	0.49	68.99	20.86	0.00
2	6	0.00	0.55	67.50	23.09	0.00
3	3	0.01	0.61	76.35	13.04	0.00
3	7	0.01	1.91	60.74	9.41	0.00
Core	CPU	C1%	C3%	C6%	C8%	C9%
-	-	0.01	1.09	69.55	16.24	0.00
0	0	0.01	0.51	70.68	16.33	0.00
0	4	0.00	2.26	69.05	18.31	0.00
1	1	0.01	0.25	71.72	15.97	0.00
1	5	0.00	0.27	69.18	20.48	0.00
2	2	0.00	0.57	69.19	18.55	0.00
2	6	0.00	0.51	66.85	21.22	0.00
3	3	0.00	0.42	77.73	9.77	0.00
3	7	0.01	3.97	61.90	9.24	0.00
Core	CPU	C1%	C3%	C6%	C8%	C9%
-	-	0.01	0.69	72.88	15.23	0.00
0	0	0.00	0.60	71.88	16.88	0.00
0	4	0.01	0.56	71.51	19.11	0.00
1	1	0.01	0.28	77.11	12.83	0.00
1	5	0.00	0.29	71.27	19.69	0.00
2	2	0.01	0.56	71.64	18.26	0.00
2	6	0.01	0.44	71.26	19.51	0.00
3	3	0.00	0.53	81.04	8.88	0.00
3	7	0.02	2.25	66.82	6.58	0.00
Core	CPU	C1%	C3%	C6%	C8%	C9%
-	-	0.01	0.90	71.61	16.23	0.00
0	0	0.00	0.75	71.35	17.40	0.00
0	4	0.00	1.39	70.57	19.15	0.00
1	1	0.01	0.25	75.81	14.20	0.00
1	5	0.00	0.39	69.89	21.12	0.00
2	2	0.01	0.63	69.41	20.52	0.00
2	6	0.00	0.29	69.75	20.96	0.00
3	3	0.00	0.45	80.48	9.58	0.00
3	7	0.01	3.06	65.92	6.95	0.00
Core	CPU	C1%	C3%	C6%	C8%	C9%
-	-	0.00	0.68	71.60	16.39	0.00
0	0	0.01	0.40	76.64	12.20	0.00
0	4	0.00	0.56	72.30	18.31	0.00
1	1	0.01	0.51	71.90	18.01	0.00
1	5	0.00	0.26	70.67	20.33	0.00
2	2	0.00	0.48	69.88	19.90	0.00
2	6	0.01	0.56	69.91	20.77	0.00
3	3	0.00	0.62	78.56	11.36	0.00
3	7	0.01	2.06	63.22	10.30	0.00
Core	CPU	C1%	C3%	C6%	C8%	C9%
-	-	0.01	0.70	71.87	16.23	0.00
0	0	0.01	0.40	74.92	14.10	0.00
0	4	0.00	0.62	71.44	19.09	0.00
1	1	0.01	0.42	73.90	15.80	0.00
1	5	0.00	0.30	72.45	18.55	0.00
2	2	0.01	0.47	69.98	19.99	0.00
2	6	0.00	0.53	69.91	20.85	0.00
3	3	0.01	0.53	78.67	11.28	0.00
3	7	0.02	2.37	63.11	10.00	0.00
Core	CPU	C1%	C3%	C6%	C8%	C9%
-	-	0.01	1.21	69.46	16.82	0.12
0	0	0.01	0.40	72.00	15.77	0.00
0	4	0.00	2.31	70.78	16.42	0.95
1	1	0.01	0.36	72.21	15.63	0.00
1	5	0.00	0.28	69.10	19.96	0.00
2	2	0.00	0.43	67.37	21.51	0.00
2	6	0.00	0.59	67.37	22.22	0.00
3	3	0.01	0.59	76.67	12.49	0.00
3	7	0.02	4.69	60.51	10.61	0.00
Core	CPU	C1%	C3%	C6%	C8%	C9%
-	-	0.01	0.72	71.99	15.96	0.00
0	0	0.00	0.61	72.75	16.02	0.00
0	4	0.00	0.53	71.91	18.62	0.00
1	1	0.01	0.32	75.55	14.41	0.00
1	5	0.00	0.33	69.84	21.10	0.00
2	2	0.01	0.62	70.34	19.39	0.00
2	6	0.00	0.44	68.28	22.51	0.00
3	3	0.00	0.53	81.86	8.09	0.00
3	7	0.01	2.36	65.74	7.61	0.00
Core	CPU	C1%	C3%	C6%	C8%	C9%
-	-	0.01	0.83	71.26	16.60	0.00
0	0	0.01	0.41	78.29	10.41	0.00
0	4	0.00	0.63	71.73	18.85	0.00
1	1	0.01	0.36	71.12	19.06	0.00
1	5	0.00	0.34	69.18	21.20	0.00
2	2	0.00	0.51	68.17	21.76	0.00
2	6	0.00	1.06	68.95	20.69	0.00
3	3	0.01	0.42	78.70	11.41	0.00
3	7	0.02	2.92	63.56	9.32	0.00
Core	CPU	C1%	C3%	C6%	C8%	C9%
-	-	0.01	0.69	72.63	15.36	0.00
0	0	0.00	0.71	73.59	15.16	0.00
0	4	0.00	0.44	72.56	18.17	0.00
1	1	0.01	0.23	72.92	17.21	0.00
1	5	0.00	0.26	69.52	21.51	0.00
2	2	0.01	0.54	72.80	16.95	0.00
2	6	0.00	0.39	70.30	20.44	0.00
3	3	0.00	0.49	82.10	7.85	0.00
3	7	0.01	2.43	67.58	5.70	0.00
Core	CPU	C1%	C3%	C6%	C8%	C9%
-	-	0.01	0.68	72.16	15.99	0.00
0	0	0.00	0.68	70.95	18.03	0.00
0	4	0.01	0.46	71.52	19.20	0.00
1	1	0.01	0.20	74.00	16.12	0.00
1	5	0.00	0.29	71.04	20.03	0.00
2	2	0.01	0.61	72.58	17.20	0.00
2	6	0.00	0.38	70.67	20.13	0.00
3	3	0.00	0.49	80.17	9.60	0.00
3	7	0.02	2.30	65.90	7.51	0.00
Core	CPU	C1%	C3%	C6%	C8%	C9%
-	-	0.01	1.03	69.74	15.85	0.10
0	0	0.00	0.69	68.90	17.60	0.00
0	4	0.01	1.75	69.41	17.76	0.80
1	1	0.01	0.24	69.82	18.50	0.00
1	5	0.00	0.39	66.83	21.61	0.00
2	2	0.02	0.57	72.73	14.86	0.00
2	6	0.00	0.40	69.29	18.85	0.00
3	3	0.01	0.49	77.66	9.82	0.00
3	7	0.01	3.72	63.47	7.84	0.00
Core	CPU	C1%	C3%	C6%	C8%	C9%
-	-	0.01	0.74	72.26	15.63	0.00
0	0	0.01	0.48	73.45	15.51	0.00
0	4	0.00	0.61	73.20	17.19	0.00
1	1	0.01	0.35	72.06	17.82	0.00
1	5	0.00	0.35	69.86	20.86	0.00
2	2	0.01	0.51	72.10	17.65	0.00
2	6	0.01	0.59	69.83	20.79	0.00
3	3	0.00	0.51	82.70	7.26	0.00
3	7	0.01	2.48	65.23	8.00	0.00
Core	CPU	C1%	C3%	C6%	C8%	C9%
-	-	0.02	0.81	71.43	16.37	0.00
0	0	0.00	0.80	72.43	16.30	0.00
0	4	0.11	0.54	73.32	17.05	0.00
1	1	0.02	0.26	69.96	20.06	0.00
1	5	0.00	0.45	69.26	21.49	0.00
2	2	0.01	0.50	70.67	19.09	0.00
2	6	0.01	0.96	69.46	20.34	0.00
3	3	0.00	0.41	79.70	10.12	0.00
3	7	0.01	2.58	66.65	6.51	0.00
